Data logger for tempereture and humidity.
Code, design, and soldering by Antti Mikkonen, a.mikkonen@iki.fi, 2019.
Based on open source projects and libraries. See source for details.
/home/ami/src/arduino/promini/logger_v8_ada/logger_v8_ada.ino
UTC time (year/month/date hour:minute:second), T RTC (C), T sht31 (C), T si7021 (C), RH sht31 (-), RH si7021 (-), heaterOn sht31 (bool),  heaterOn si7021 (bool), battery voltage (V)
2019/04/10 00:29:00, 23.50, 21.42, 21.21, 35.40, 33.58, 0, 0, 4.16
2019/04/10 00:30:00, 23.50, 21.32, 21.12, 35.64, 33.75, 0, 0, 4.17
2019/04/10 00:31:00, 23.50, 21.29, 21.09, 35.72, 33.94, 0, 0, 4.17
2019/04/10 00:32:00, 23.25, 21.22, 21.01, 35.82, 34.03, 0, 0, 4.17
2019/04/10 00:33:00, 23.25, 21.16, 20.98, 36.02, 34.19, 0, 0, 4.17
2019/04/10 00:34:00, 23.00, 21.13, 20.95, 36.14, 34.28, 0, 0, 4.17
2019/04/10 00:35:00, 23.00, 21.06, 20.91, 36.00, 34.32, 0, 0, 4.17
2019/04/10 00:36:00, 23.00, 21.05, 20.86, 36.09, 34.35, 0, 0, 4.17
2019/04/10 00:37:00, 22.75, 21.02, 20.82, 36.11, 34.42, 0, 0, 4.17
2019/04/10 00:38:00, 22.75, 20.99, 20.82, 36.07, 34.35, 0, 0, 4.17
2019/04/10 00:39:00, 22.75, 20.97, 20.77, 36.24, 34.51, 0, 0, 4.17
2019/04/10 00:40:00, 22.50, 20.94, 20.76, 36.26, 34.50, 0, 0, 4.17
2019/04/10 00:41:00, 22.50, 20.91, 20.73, 36.15, 34.48, 0, 0, 4.17
2019/04/10 00:42:00, 22.50, 20.91, 20.70, 36.38, 34.61, 0, 0, 4.17
2019/04/10 00:43:00, 22.50, 20.90, 20.69, 36.31, 34.61, 0, 0, 4.17
2019/04/10 00:44:00, 22.50, 20.87, 20.69, 36.40, 34.66, 0, 0, 4.17
2019/04/10 00:45:00, 22.25, 20.84, 20.67, 36.40, 34.62, 0, 0, 4.18
2019/04/10 00:46:00, 22.25, 20.85, 20.66, 36.19, 34.52, 0, 0, 4.17
2019/04/10 00:47:00, 22.25, 20.83, 20.66, 36.27, 34.61, 0, 0, 4.18
2019/04/10 00:48:00, 22.25, 20.85, 20.64, 36.21, 34.68, 0, 0, 4.17
2019/04/10 00:49:00, 22.25, 20.85, 20.66, 36.80, 34.71, 0, 0, 4.18
2019/04/10 00:50:00, 22.00, 20.83, 20.62, 36.20, 34.58, 0, 0, 4.18
2019/04/10 00:51:00, 22.00, 20.83, 20.62, 36.28, 34.61, 0, 0, 4.18
2019/04/10 00:52:00, 22.00, 20.81, 20.61, 36.24, 34.55, 0, 0, 4.18
2019/04/10 00:53:00, 22.00, 20.80, 20.62, 36.24, 34.67, 0, 0, 4.18
2019/04/10 00:54:00, 22.00, 20.81, 20.62, 36.28, 34.60, 0, 0, 4.18
2019/04/10 00:55:00, 22.00, 20.77, 20.60, 36.20, 34.58, 0, 0, 4.18
2019/04/10 00:56:00, 21.75, 20.80, 20.61, 36.41, 34.61, 0, 0, 4.18
2019/04/10 00:57:00, 21.75, 20.78, 20.58, 36.23, 34.55, 0, 0, 4.18
2019/04/10 00:58:00, 21.75, 20.74, 20.57, 36.36, 34.55, 0, 0, 4.18
2019/04/10 00:59:00, 21.75, 20.74, 20.55, 36.33, 34.64, 0, 0, 4.18
2019/04/10 01:00:00, 21.75, 20.74, 20.54, 36.36, 34.59, 0, 0, 4.18
2019/04/10 01:01:00, 21.75, 20.74, 20.54, 36.24, 34.58, 0, 0, 4.18
2019/04/10 01:02:00, 21.75, 20.71, 20.53, 36.39, 34.61, 0, 0, 4.18
2019/04/10 01:03:00, 21.75, 20.67, 20.50, 36.44, 34.68, 0, 0, 4.18
2019/04/10 01:04:00, 21.75, 20.67, 20.50, 36.40, 34.65, 0, 0, 4.18
2019/04/10 01:05:00, 21.50, 20.67, 20.48, 36.45, 34.69, 0, 0, 4.18
2019/04/10 01:06:00, 21.50, 20.66, 20.46, 36.41, 34.67, 0, 0, 4.18
2019/04/10 01:07:00, 21.50, 20.67, 20.48, 36.42, 34.77, 0, 0, 4.18
2019/04/10 01:08:00, 21.50, 20.63, 20.47, 36.51, 34.81, 0, 0, 4.18
2019/04/10 01:09:00, 21.50, 20.64, 20.42, 36.41, 34.76, 0, 0, 4.18
2019/04/10 01:10:00, 21.50, 20.61, 20.42, 36.46, 34.75, 0, 0, 4.18
2019/04/10 01:11:00, 21.50, 20.63, 20.44, 36.32, 34.70, 0, 0, 4.18
2019/04/10 01:12:00, 21.50, 20.60, 20.44, 36.44, 34.71, 0, 0, 4.18
2019/04/10 01:13:00, 21.50, 20.58, 20.41, 36.38, 34.68, 0, 0, 4.18
2019/04/10 01:14:00, 21.50, 20.60, 20.40, 36.42, 34.67, 0, 0, 4.18
2019/04/10 01:15:00, 21.50, 20.58, 20.39, 36.60, 34.77, 0, 0, 4.18
2019/04/10 01:16:00, 21.50, 20.57, 20.39, 36.33, 34.67, 0, 0, 4.18
2019/04/10 01:17:00, 21.25, 20.58, 20.38, 36.53, 34.79, 0, 0, 4.18
2019/04/10 01:18:00, 21.25, 20.58, 20.39, 36.26, 34.66, 0, 0, 4.18
2019/04/10 01:19:00, 21.25, 20.58, 20.38, 36.31, 34.67, 0, 0, 4.18
2019/04/10 01:20:00, 21.25, 20.57, 20.39, 36.49, 34.76, 0, 0, 4.18
2019/04/10 01:21:00, 21.25, 20.57, 20.36, 36.42, 34.71, 0, 0, 4.18
2019/04/10 01:22:00, 21.25, 20.57, 20.37, 36.39, 34.68, 0, 0, 4.18
2019/04/10 01:23:00, 21.25, 20.54, 20.36, 36.28, 34.66, 0, 0, 4.18
2019/04/10 01:24:00, 21.25, 20.57, 20.36, 36.26, 34.69, 0, 0, 4.18
2019/04/10 01:25:00, 21.25, 20.56, 20.38, 36.33, 34.64, 0, 0, 4.18
2019/04/10 01:26:00, 21.25, 20.54, 20.37, 36.30, 34.61, 0, 0, 4.18
2019/04/10 01:27:00, 21.25, 20.58, 20.37, 36.28, 34.58, 0, 0, 4.18
2019/04/10 01:28:00, 21.25, 20.56, 20.34, 36.28, 34.58, 0, 0, 4.18
2019/04/10 01:29:00, 21.25, 20.53, 20.33, 36.30, 34.58, 0, 0, 4.18
2019/04/10 01:30:00, 21.25, 20.56, 20.33, 36.34, 34.61, 0, 0, 4.18
2019/04/10 01:31:00, 21.25, 20.53, 20.33, 36.40, 34.64, 0, 0, 4.18
2019/04/10 01:32:00, 21.00, 20.53, 20.35, 36.38, 34.67, 0, 0, 4.18
2019/04/10 01:33:00, 21.00, 20.50, 20.31, 36.35, 34.63, 0, 0, 4.18
2019/04/10 01:34:00, 21.00, 20.51, 20.29, 36.27, 34.62, 0, 0, 4.18
2019/04/10 01:35:00, 21.00, 20.50, 20.28, 36.34, 34.65, 0, 0, 4.18
2019/04/10 01:36:00, 21.00, 20.47, 20.28, 36.36, 34.63, 0, 0, 4.18
2019/04/10 01:37:00, 21.00, 20.49, 20.28, 36.38, 34.68, 0, 0, 4.18
2019/04/10 01:38:00, 21.00, 20.49, 20.29, 36.36, 34.67, 0, 0, 4.18
2019/04/10 01:39:00, 21.00, 20.46, 20.27, 36.30, 34.64, 0, 0, 4.18
2019/04/10 01:40:00, 21.00, 20.49, 20.27, 36.32, 34.68, 0, 0, 4.18
2019/04/10 01:41:00, 21.00, 20.44, 20.26, 36.38, 34.67, 0, 0, 4.18
2019/04/10 01:42:00, 21.00, 20.46, 20.25, 36.31, 34.65, 0, 0, 4.18
2019/04/10 01:43:00, 21.00, 20.44, 20.22, 36.42, 34.67, 0, 0, 4.18
2019/04/10 01:44:00, 21.00, 20.43, 20.24, 36.33, 34.67, 0, 0, 4.18
2019/04/10 01:45:00, 21.00, 20.44, 20.23, 36.39, 34.67, 0, 0, 4.18
2019/04/10 01:46:00, 21.00, 20.43, 20.23, 36.37, 34.66, 0, 0, 4.18
2019/04/10 01:47:00, 21.00, 20.43, 20.22, 36.33, 34.76, 0, 0, 4.18
2019/04/10 01:48:00, 21.00, 20.42, 20.23, 36.27, 34.66, 0, 0, 4.18
2019/04/10 01:49:00, 21.00, 20.43, 20.20, 36.31, 34.63, 0, 0, 4.18
2019/04/10 01:50:00, 21.00, 20.42, 20.21, 36.26, 34.61, 0, 0, 4.18
2019/04/10 01:51:00, 20.75, 20.40, 20.19, 36.33, 34.69, 0, 0, 4.18
2019/04/10 01:52:00, 20.75, 20.39, 20.20, 36.37, 34.67, 0, 0, 4.18
2019/04/10 01:53:00, 20.75, 20.39, 20.19, 36.38, 34.69, 0, 0, 4.18
2019/04/10 01:54:00, 20.75, 20.38, 20.18, 36.33, 34.67, 0, 0, 4.18
2019/04/10 01:55:00, 20.75, 20.40, 20.21, 36.36, 34.66, 0, 0, 4.18
2019/04/10 01:56:00, 20.75, 20.39, 20.18, 36.36, 34.68, 0, 0, 4.18
2019/04/10 01:57:00, 20.75, 20.39, 20.19, 36.33, 34.64, 0, 0, 4.18
2019/04/10 01:58:00, 20.75, 20.40, 20.18, 36.33, 34.61, 0, 0, 4.18
2019/04/10 01:59:00, 20.75, 20.38, 20.20, 36.27, 34.57, 0, 0, 4.18
2019/04/10 02:00:00, 20.75, 20.38, 20.20, 36.26, 34.56, 0, 0, 4.18
2019/04/10 02:01:00, 20.75, 20.40, 20.19, 36.27, 34.56, 0, 0, 4.18
2019/04/10 02:02:00, 20.75, 20.36, 20.19, 36.26, 34.56, 0, 0, 4.18
2019/04/10 02:03:00, 20.75, 20.38, 20.18, 36.24, 34.57, 0, 0, 4.18
2019/04/10 02:04:00, 20.75, 20.38, 20.17, 36.27, 34.60, 0, 0, 4.18
2019/04/10 02:05:00, 20.75, 20.35, 20.16, 36.28, 34.57, 0, 0, 4.18
2019/04/10 02:06:00, 20.75, 20.35, 20.16, 36.31, 34.61, 0, 0, 4.18
2019/04/10 02:07:00, 20.75, 20.35, 20.14, 36.34, 34.64, 0, 0, 4.18
2019/04/10 02:08:00, 20.75, 20.33, 20.14, 36.29, 34.64, 0, 0, 4.18
2019/04/10 02:09:00, 20.75, 20.32, 20.11, 36.31, 34.66, 0, 0, 4.18
2019/04/10 02:10:00, 20.75, 20.30, 20.11, 36.32, 34.65, 0, 0, 4.18
2019/04/10 02:11:00, 20.75, 20.29, 20.10, 36.32, 34.68, 0, 0, 4.18
2019/04/10 02:12:00, 20.75, 20.29, 20.09, 36.36, 34.67, 0, 0, 4.18
2019/04/10 02:13:00, 20.75, 20.30, 20.09, 36.37, 34.67, 0, 0, 4.18
2019/04/10 02:14:00, 20.75, 20.30, 20.12, 36.37, 34.70, 0, 0, 4.18
2019/04/10 02:15:00, 20.75, 20.29, 20.09, 36.34, 34.69, 0, 0, 4.18
2019/04/10 02:16:00, 20.75, 20.26, 20.08, 36.38, 34.67, 0, 0, 4.18
2019/04/10 02:17:00, 20.75, 20.26, 20.07, 36.33, 34.67, 0, 0, 4.18
2019/04/10 02:18:00, 20.75, 20.28, 20.09, 36.40, 34.67, 0, 0, 4.18
2019/04/10 02:19:00, 20.75, 20.28, 20.05, 36.34, 34.64, 0, 0, 4.18
2019/04/10 02:20:00, 20.50, 20.26, 20.06, 36.36, 34.68, 0, 0, 4.18
2019/04/10 02:21:00, 20.75, 20.28, 20.06, 36.38, 34.74, 0, 0, 4.18
2019/04/10 02:22:00, 20.50, 20.25, 20.05, 36.42, 34.74, 0, 0, 4.18
2019/04/10 02:23:00, 20.50, 20.26, 20.06, 36.47, 34.79, 0, 0, 4.18
2019/04/10 02:24:00, 20.50, 20.23, 20.05, 36.42, 34.78, 0, 0, 4.18
2019/04/10 02:25:00, 20.50, 20.25, 20.04, 36.43, 34.77, 0, 0, 4.18
2019/04/10 02:26:00, 20.50, 20.23, 20.04, 36.39, 34.73, 0, 0, 4.18
2019/04/10 02:27:00, 20.50, 20.25, 20.05, 36.39, 34.74, 0, 0, 4.18
2019/04/10 02:28:00, 20.50, 20.23, 20.04, 36.33, 34.69, 0, 0, 4.18
2019/04/10 02:29:00, 20.50, 20.23, 20.03, 36.39, 34.66, 0, 0, 4.18
2019/04/10 02:30:00, 20.50, 20.22, 20.05, 36.29, 34.65, 0, 0, 4.18
2019/04/10 02:31:00, 20.50, 20.26, 20.06, 36.34, 34.69, 0, 0, 4.18
2019/04/10 02:32:00, 20.50, 20.22, 20.04, 36.35, 34.65, 0, 0, 4.18
2019/04/10 02:33:00, 20.50, 20.22, 20.01, 36.35, 34.64, 0, 0, 4.18
2019/04/10 02:34:00, 20.50, 20.19, 20.01, 36.38, 34.67, 0, 0, 4.18
2019/04/10 02:35:00, 20.50, 20.21, 19.99, 36.42, 34.71, 0, 0, 4.18
2019/04/10 02:36:00, 20.50, 20.21, 20.02, 36.40, 34.71, 0, 0, 4.18
2019/04/10 02:37:00, 20.50, 20.19, 19.99, 36.38, 34.69, 0, 0, 4.18
2019/04/10 02:38:00, 20.50, 20.18, 19.99, 36.40, 34.70, 0, 0, 4.18
2019/04/10 02:39:00, 20.50, 20.18, 19.98, 36.38, 34.73, 0, 0, 4.18
2019/04/10 02:40:00, 20.50, 20.16, 19.97, 36.46, 34.75, 0, 0, 4.18
2019/04/10 02:41:00, 20.50, 20.19, 19.98, 36.40, 34.74, 0, 0, 4.18
2019/04/10 02:42:00, 20.50, 20.16, 19.96, 36.39, 34.73, 0, 0, 4.18
2019/04/10 02:43:00, 20.50, 20.16, 19.97, 36.37, 34.71, 0, 0, 4.18
2019/04/10 02:44:00, 20.50, 20.15, 19.95, 36.44, 34.71, 0, 0, 4.18
2019/04/10 02:45:00, 20.50, 20.14, 19.94, 36.41, 34.74, 0, 0, 4.18
2019/04/10 02:46:00, 20.50, 20.15, 19.96, 36.45, 34.76, 0, 0, 4.18
2019/04/10 02:47:00, 20.50, 20.15, 19.94, 36.41, 34.74, 0, 0, 4.18
2019/04/10 02:48:00, 20.50, 20.16, 19.96, 36.40, 34.72, 0, 0, 4.18
2019/04/10 02:49:00, 20.50, 20.14, 19.94, 36.38, 34.74, 0, 0, 4.18
2019/04/10 02:50:00, 20.50, 20.11, 19.92, 36.37, 34.73, 0, 0, 4.18
2019/04/10 02:51:00, 20.50, 20.12, 19.92, 36.40, 34.71, 0, 0, 4.18
2019/04/10 02:52:00, 20.50, 20.12, 19.91, 36.41, 34.73, 0, 0, 4.18
2019/04/10 02:53:00, 20.50, 20.11, 19.93, 36.46, 34.77, 0, 0, 4.18
2019/04/10 02:54:00, 20.50, 20.12, 19.91, 36.49, 34.77, 0, 0, 4.18
2019/04/10 02:55:00, 20.50, 20.11, 19.89, 36.50, 34.77, 0, 0, 4.18
2019/04/10 02:56:00, 20.50, 20.09, 19.91, 36.54, 34.84, 0, 0, 4.18
2019/04/10 02:57:00, 20.50, 20.09, 19.91, 36.47, 34.81, 0, 0, 4.18
2019/04/10 02:58:00, 20.50, 20.09, 19.90, 36.46, 34.80, 0, 0, 4.18
2019/04/10 02:59:00, 20.50, 20.07, 19.91, 36.41, 34.77, 0, 0, 4.18
2019/04/10 03:00:00, 20.50, 20.09, 19.90, 36.42, 34.77, 0, 0, 4.18
2019/04/10 03:01:00, 20.25, 20.07, 19.88, 36.40, 34.75, 0, 0, 4.18
2019/04/10 03:02:00, 20.25, 20.08, 19.90, 36.44, 34.77, 0, 0, 4.18
2019/04/10 03:03:00, 20.25, 20.08, 19.87, 36.41, 34.74, 0, 0, 4.18
2019/04/10 03:04:00, 20.25, 20.07, 19.86, 36.44, 34.76, 0, 0, 4.18
2019/04/10 03:05:00, 20.25, 20.04, 19.84, 36.42, 34.74, 0, 0, 4.18
2019/04/10 03:06:00, 20.25, 20.04, 19.84, 36.40, 34.72, 0, 0, 4.18
2019/04/10 03:07:00, 20.25, 20.04, 19.84, 36.43, 34.75, 0, 0, 4.18
2019/04/10 03:08:00, 20.25, 20.05, 19.84, 36.43, 34.74, 0, 0, 4.18
2019/04/10 03:09:00, 20.25, 20.02, 19.82, 36.44, 34.76, 0, 0, 4.18
2019/04/10 03:10:00, 20.25, 20.02, 19.81, 36.36, 34.74, 0, 0, 4.18
2019/04/10 03:11:00, 20.25, 20.02, 19.82, 36.36, 34.73, 0, 0, 4.18
2019/04/10 03:12:00, 20.25, 20.02, 19.79, 36.39, 34.72, 0, 0, 4.18
2019/04/10 03:13:00, 20.25, 20.00, 19.80, 36.39, 34.71, 0, 0, 4.18
2019/04/10 03:14:00, 20.25, 20.01, 19.79, 36.39, 34.71, 0, 0, 4.18
2019/04/10 03:15:00, 20.25, 20.01, 19.78, 36.41, 34.71, 0, 0, 4.18
2019/04/10 03:16:00, 20.25, 20.01, 19.78, 36.36, 34.74, 0, 0, 4.18
2019/04/10 03:17:00, 20.25, 19.98, 19.77, 36.40, 34.72, 0, 0, 4.18
2019/04/10 03:18:00, 20.25, 19.98, 19.79, 36.33, 34.68, 0, 0, 4.18
2019/04/10 03:19:00, 20.25, 20.00, 19.78, 36.36, 34.71, 0, 0, 4.18
2019/04/10 03:20:00, 20.25, 19.97, 19.78, 36.41, 34.69, 0, 0, 4.18
2019/04/10 03:21:00, 20.25, 19.97, 19.75, 36.42, 34.71, 0, 0, 4.18
2019/04/10 03:22:00, 20.25, 19.95, 19.77, 36.41, 34.74, 0, 0, 4.18
2019/04/10 03:23:00, 20.25, 19.94, 19.75, 36.44, 34.76, 0, 0, 4.18
2019/04/10 03:24:00, 20.25, 19.97, 19.75, 36.40, 34.74, 0, 0, 4.18
2019/04/10 03:25:00, 20.25, 19.95, 19.76, 36.37, 34.77, 0, 0, 4.18
2019/04/10 03:26:00, 20.25, 19.94, 19.75, 36.35, 34.71, 0, 0, 4.18
2019/04/10 03:27:00, 20.25, 19.95, 19.76, 36.34, 34.71, 0, 0, 4.18
2019/04/10 03:28:00, 20.25, 19.94, 19.76, 36.33, 34.71, 0, 0, 4.18
2019/04/10 03:29:00, 20.25, 19.94, 19.75, 36.36, 34.71, 0, 0, 4.18
2019/04/10 03:30:00, 20.25, 19.95, 19.74, 36.34, 34.68, 0, 0, 4.18
2019/04/10 03:31:00, 20.25, 19.92, 19.72, 36.41, 34.69, 0, 0, 4.18
2019/04/10 03:32:00, 20.25, 19.92, 19.73, 36.30, 34.67, 0, 0, 4.18
2019/04/10 03:33:00, 20.25, 19.92, 19.72, 36.25, 34.64, 0, 0, 4.18
2019/04/10 03:34:00, 20.25, 19.92, 19.72, 36.30, 34.61, 0, 0, 4.18
2019/04/10 03:35:00, 20.25, 19.94, 19.73, 36.30, 34.64, 0, 0, 4.18
2019/04/10 03:36:00, 20.25, 19.92, 19.72, 36.31, 34.66, 0, 0, 4.18
2019/04/10 03:37:00, 20.25, 19.89, 19.70, 36.38, 34.67, 0, 0, 4.18
2019/04/10 03:38:00, 20.25, 19.91, 19.70, 36.36, 34.70, 0, 0, 4.18
2019/04/10 03:39:00, 20.25, 19.89, 19.68, 36.40, 34.71, 0, 0, 4.18
2019/04/10 03:40:00, 20.25, 19.88, 19.69, 36.39, 34.70, 0, 0, 4.18
2019/04/10 03:41:00, 20.25, 19.89, 19.67, 36.39, 34.70, 0, 0, 4.18
2019/04/10 03:42:00, 20.25, 19.88, 19.66, 36.38, 34.67, 0, 0, 4.18
2019/04/10 03:43:00, 20.25, 19.89, 19.67, 36.40, 34.73, 0, 0, 4.18
2019/04/10 03:44:00, 20.25, 19.88, 19.66, 36.38, 34.68, 0, 0, 4.18
2019/04/10 03:45:00, 20.25, 19.87, 19.64, 36.44, 34.70, 0, 0, 4.18
2019/04/10 03:46:00, 20.25, 19.87, 19.64, 36.37, 34.71, 0, 0, 4.18
2019/04/10 03:47:00, 20.25, 19.85, 19.65, 36.36, 34.70, 0, 0, 4.18
2019/04/10 03:48:00, 20.25, 19.85, 19.63, 36.36, 34.71, 0, 0, 4.18
2019/04/10 03:49:00, 20.25, 19.83, 19.62, 36.45, 34.74, 0, 0, 4.18
2019/04/10 03:50:00, 20.25, 19.84, 19.63, 36.44, 34.74, 0, 0, 4.18
2019/04/10 03:51:00, 20.25, 19.83, 19.60, 36.41, 34.74, 0, 0, 4.18
2019/04/10 03:52:00, 20.00, 19.81, 19.62, 36.44, 34.74, 0, 0, 4.18
2019/04/10 03:53:00, 20.00, 19.81, 19.59, 36.38, 34.74, 0, 0, 4.18
2019/04/10 03:54:00, 20.00, 19.80, 19.60, 36.41, 34.71, 0, 0, 4.18
2019/04/10 03:55:00, 20.00, 19.83, 19.61, 36.39, 34.71, 0, 0, 4.18
2019/04/10 03:56:00, 20.00, 19.80, 19.60, 36.38, 34.74, 0, 0, 4.18
2019/04/10 03:57:00, 20.00, 19.81, 19.62, 36.38, 34.71, 0, 0, 4.18
2019/04/10 03:58:00, 20.00, 19.84, 19.60, 36.33, 34.67, 0, 0, 4.18
2019/04/10 03:59:00, 20.00, 19.81, 19.59, 36.30, 34.71, 0, 0, 4.18
2019/04/10 04:00:00, 20.00, 19.80, 19.59, 36.38, 34.72, 0, 0, 4.18
2019/04/10 04:01:00, 20.00, 19.80, 19.62, 36.37, 34.67, 0, 0, 4.18
2019/04/10 04:02:00, 20.00, 19.78, 19.58, 36.34, 34.71, 0, 0, 4.18
2019/04/10 04:03:00, 20.00, 19.78, 19.60, 36.41, 34.67, 0, 0, 4.18
2019/04/10 04:04:00, 20.00, 19.80, 19.60, 36.31, 34.64, 0, 0, 4.18
2019/04/10 04:05:00, 20.00, 19.80, 19.58, 36.30, 34.69, 0, 0, 4.18
2019/04/10 04:06:00, 20.00, 19.77, 19.59, 36.31, 34.69, 0, 0, 4.18
2019/04/10 04:07:00, 20.00, 19.77, 19.57, 36.38, 34.68, 0, 0, 4.18
2019/04/10 04:08:00, 20.00, 19.78, 19.55, 36.42, 34.67, 0, 0, 4.18
2019/04/10 04:09:00, 20.00, 19.77, 19.57, 36.29, 34.67, 0, 0, 4.18
2019/04/10 04:10:00, 20.00, 19.78, 19.58, 36.37, 34.67, 0, 0, 4.18
2019/04/10 04:11:00, 20.00, 19.81, 19.59, 36.38, 34.70, 0, 0, 4.18
2019/04/10 04:12:00, 20.00, 19.78, 19.58, 36.34, 34.67, 0, 0, 4.18
2019/04/10 04:13:00, 20.00, 19.77, 19.57, 36.33, 34.67, 0, 0, 4.18
2019/04/10 04:14:00, 20.00, 19.76, 19.55, 36.40, 34.69, 0, 0, 4.18
2019/04/10 04:15:00, 20.00, 19.76, 19.54, 36.34, 34.69, 0, 0, 4.18
2019/04/10 04:16:00, 20.00, 19.76, 19.54, 36.38, 34.72, 0, 0, 4.18
2019/04/10 04:17:00, 20.00, 19.71, 19.53, 36.42, 34.72, 0, 0, 4.18
2019/04/10 04:18:00, 20.00, 19.73, 19.53, 36.46, 34.76, 0, 0, 4.18
2019/04/10 04:19:00, 20.00, 19.71, 19.52, 36.47, 34.79, 0, 0, 4.18
2019/04/10 04:20:00, 20.00, 19.73, 19.52, 36.44, 34.76, 0, 0, 4.18
2019/04/10 04:21:00, 20.00, 19.74, 19.53, 36.40, 34.78, 0, 0, 4.18
2019/04/10 04:22:00, 20.00, 19.71, 19.51, 36.49, 34.78, 0, 0, 4.18
2019/04/10 04:23:00, 20.00, 19.71, 19.50, 36.48, 34.79, 0, 0, 4.18
2019/04/10 04:24:00, 20.00, 19.73, 19.50, 36.47, 34.78, 0, 0, 4.18
2019/04/10 04:25:00, 20.00, 19.70, 19.49, 36.48, 34.80, 0, 0, 4.18
2019/04/10 04:26:00, 20.00, 19.71, 19.50, 36.44, 34.78, 0, 0, 4.18
2019/04/10 04:27:00, 20.00, 19.70, 19.48, 36.38, 34.75, 0, 0, 4.18
2019/04/10 04:28:00, 20.00, 19.70, 19.49, 36.45, 34.78, 0, 0, 4.18
2019/04/10 04:29:00, 20.00, 19.68, 19.48, 36.47, 34.77, 0, 0, 4.18
2019/04/10 04:30:00, 20.00, 19.67, 19.47, 36.45, 34.78, 0, 0, 4.18
2019/04/10 04:31:00, 20.00, 19.68, 19.48, 36.37, 34.74, 0, 0, 4.18
2019/04/10 04:32:00, 20.00, 19.66, 19.46, 36.45, 34.74, 0, 0, 4.18
2019/04/10 04:33:00, 20.00, 19.66, 19.45, 36.40, 34.72, 0, 0, 4.18
2019/04/10 04:34:00, 20.00, 19.64, 19.45, 36.46, 34.82, 0, 0, 4.18
2019/04/10 04:35:00, 20.00, 19.64, 19.45, 36.57, 34.81, 0, 0, 4.18
2019/04/10 04:36:00, 20.00, 19.64, 19.46, 36.46, 34.79, 0, 0, 4.18
2019/04/10 04:37:00, 20.00, 19.66, 19.44, 36.41, 34.78, 0, 0, 4.18
2019/04/10 04:38:00, 20.00, 19.64, 19.45, 36.41, 34.75, 0, 0, 4.18
2019/04/10 04:39:00, 20.00, 19.67, 19.46, 36.45, 34.78, 0, 0, 4.18
2019/04/10 04:40:00, 20.00, 19.64, 19.44, 36.42, 34.74, 0, 0, 4.18
2019/04/10 04:41:00, 20.00, 19.61, 19.43, 36.38, 34.73, 0, 0, 4.18
2019/04/10 04:42:00, 20.00, 19.64, 19.43, 36.36, 34.71, 0, 0, 4.18
2019/04/10 04:43:00, 20.00, 19.61, 19.42, 36.42, 34.76, 0, 0, 4.18
2019/04/10 04:44:00, 20.00, 19.61, 19.38, 36.41, 34.74, 0, 0, 4.18
2019/04/10 04:45:00, 20.00, 19.61, 19.39, 36.36, 34.72, 0, 0, 4.18
2019/04/10 04:46:00, 20.00, 19.63, 19.39, 36.39, 34.73, 0, 0, 4.18
2019/04/10 04:47:00, 20.00, 19.61, 19.37, 36.44, 34.78, 0, 0, 4.18
2019/04/10 04:48:00, 20.00, 19.61, 19.40, 36.43, 34.77, 0, 0, 4.18
2019/04/10 04:49:00, 20.00, 19.60, 19.38, 36.43, 34.77, 0, 0, 4.18
2019/04/10 04:50:00, 20.00, 19.59, 19.38, 36.44, 34.77, 0, 0, 4.18
2019/04/10 04:51:00, 20.00, 19.59, 19.37, 36.43, 34.75, 0, 0, 4.18
2019/04/10 04:52:00, 20.00, 19.59, 19.36, 36.46, 34.77, 0, 0, 4.18
2019/04/10 04:53:00, 19.75, 19.57, 19.36, 36.47, 34.76, 0, 0, 4.18
2019/04/10 04:54:00, 19.75, 19.59, 19.36, 36.42, 34.72, 0, 0, 4.18
2019/04/10 04:55:00, 19.75, 19.57, 19.36, 36.46, 34.75, 0, 0, 4.18
2019/04/10 04:56:00, 19.75, 19.57, 19.35, 36.40, 34.77, 0, 0, 4.18
2019/04/10 04:57:00, 19.75, 19.56, 19.33, 36.38, 34.76, 0, 0, 4.18
2019/04/10 04:58:00, 19.75, 19.56, 19.34, 36.41, 34.74, 0, 0, 4.18
2019/04/10 04:59:00, 19.75, 19.53, 19.33, 36.53, 34.80, 0, 0, 4.18
2019/04/10 05:00:00, 19.75, 19.53, 19.33, 36.44, 34.77, 0, 0, 4.18
2019/04/10 05:01:00, 19.75, 19.54, 19.30, 36.45, 34.78, 0, 0, 4.18
2019/04/10 05:02:00, 19.75, 19.53, 19.31, 36.45, 34.78, 0, 0, 4.18
2019/04/10 05:03:00, 19.75, 19.54, 19.31, 36.44, 34.76, 0, 0, 4.18
2019/04/10 05:04:00, 19.75, 19.50, 19.32, 36.44, 34.75, 0, 0, 4.18
2019/04/10 05:05:00, 19.75, 19.50, 19.30, 36.49, 34.78, 0, 0, 4.18
2019/04/10 05:06:00, 19.75, 19.52, 19.31, 36.45, 34.78, 0, 0, 4.18
2019/04/10 05:07:00, 19.75, 19.52, 19.31, 36.38, 34.74, 0, 0, 4.18
2019/04/10 05:08:00, 19.75, 19.52, 19.30, 36.46, 34.77, 0, 0, 4.18
2019/04/10 05:09:00, 19.75, 19.52, 19.29, 36.38, 34.71, 0, 0, 4.18
2019/04/10 05:10:00, 19.75, 19.48, 19.28, 36.42, 34.75, 0, 0, 4.18
2019/04/10 05:11:00, 19.75, 19.48, 19.27, 36.33, 34.73, 0, 0, 4.18
2019/04/10 05:12:00, 19.75, 19.48, 19.27, 36.43, 34.77, 0, 0, 4.18
2019/04/10 05:13:00, 19.75, 19.46, 19.27, 36.39, 34.77, 0, 0, 4.18
2019/04/10 05:14:00, 19.75, 19.46, 19.29, 36.42, 34.75, 0, 0, 4.18
2019/04/10 05:15:00, 19.75, 19.46, 19.25, 36.43, 34.72, 0, 0, 4.18
2019/04/10 05:16:00, 19.75, 19.48, 19.23, 36.42, 34.74, 0, 0, 4.18
2019/04/10 05:17:00, 19.75, 19.45, 19.24, 36.40, 34.75, 0, 0, 4.18
2019/04/10 05:18:00, 19.75, 19.45, 19.23, 36.43, 34.74, 0, 0, 4.18
2019/04/10 05:19:00, 19.75, 19.45, 19.24, 36.40, 34.73, 0, 0, 4.18
2019/04/10 05:20:00, 19.75, 19.45, 19.22, 36.40, 34.75, 0, 0, 4.18
2019/04/10 05:21:00, 19.75, 19.43, 19.21, 36.43, 34.76, 0, 0, 4.18
2019/04/10 05:22:00, 19.75, 19.40, 19.21, 36.39, 34.74, 0, 0, 4.18
2019/04/10 05:23:00, 19.75, 19.40, 19.19, 36.45, 34.74, 0, 0, 4.18
2019/04/10 05:24:00, 19.75, 19.40, 19.19, 36.43, 34.75, 0, 0, 4.18
2019/04/10 05:25:00, 19.75, 19.40, 19.18, 36.42, 34.72, 0, 0, 4.18
2019/04/10 05:26:00, 19.75, 19.39, 19.17, 36.41, 34.76, 0, 0, 4.18
2019/04/10 05:27:00, 19.75, 19.38, 19.18, 36.44, 34.75, 0, 0, 4.18
2019/04/10 05:28:00, 19.75, 19.39, 19.17, 36.44, 34.77, 0, 0, 4.18
2019/04/10 05:29:00, 19.75, 19.38, 19.17, 36.44, 34.77, 0, 0, 4.18
2019/04/10 05:30:00, 19.75, 19.38, 19.15, 36.38, 34.74, 0, 0, 4.18
2019/04/10 05:31:00, 19.75, 19.36, 19.15, 36.45, 34.77, 0, 0, 4.18
2019/04/10 05:32:00, 19.75, 19.35, 19.14, 36.34, 34.77, 0, 0, 4.18
2019/04/10 05:33:00, 19.75, 19.35, 19.14, 36.42, 34.75, 0, 0, 4.18
2019/04/10 05:34:00, 19.75, 19.33, 19.14, 36.49, 34.77, 0, 0, 4.18
2019/04/10 05:35:00, 19.75, 19.36, 19.13, 36.45, 34.79, 0, 0, 4.18
2019/04/10 05:36:00, 19.75, 19.35, 19.15, 36.39, 34.80, 0, 0, 4.18
2019/04/10 05:37:00, 19.75, 19.32, 19.09, 36.47, 34.77, 0, 0, 4.18
2019/04/10 05:38:00, 19.75, 19.32, 19.14, 36.38, 34.80, 0, 0, 4.18
2019/04/10 05:39:00, 19.75, 19.33, 19.14, 36.48, 34.75, 0, 0, 4.18
2019/04/10 05:40:00, 19.75, 19.33, 19.13, 36.53, 34.78, 0, 0, 4.18
2019/04/10 05:41:00, 19.75, 19.33, 19.13, 36.38, 34.78, 0, 0, 4.18
2019/04/10 05:42:00, 19.75, 19.36, 19.12, 36.42, 34.73, 0, 0, 4.18
2019/04/10 05:43:00, 19.50, 19.32, 19.10, 36.43, 34.77, 0, 0, 4.18
2019/04/10 05:44:00, 19.50, 19.33, 19.10, 36.41, 34.73, 0, 0, 4.18
2019/04/10 05:45:00, 19.50, 19.32, 19.09, 36.35, 34.71, 0, 0, 4.18
2019/04/10 05:46:00, 19.50, 19.29, 19.08, 36.41, 34.70, 0, 0, 4.18
2019/04/10 05:47:00, 19.50, 19.29, 19.08, 36.43, 34.69, 0, 0, 4.18
2019/04/10 05:48:00, 19.50, 19.29, 19.08, 36.48, 34.77, 0, 0, 4.18
2019/04/10 05:49:00, 19.50, 19.29, 19.09, 36.43, 34.76, 0, 0, 4.18
2019/04/10 05:50:00, 19.50, 19.29, 19.08, 36.38, 34.71, 0, 0, 4.18
2019/04/10 05:51:00, 19.50, 19.26, 19.05, 36.42, 34.72, 0, 0, 4.18
2019/04/10 05:52:00, 19.50, 19.28, 19.05, 36.46, 34.77, 0, 0, 4.18
2019/04/10 05:53:00, 19.50, 19.25, 19.04, 36.42, 34.74, 0, 0, 4.18
2019/04/10 05:54:00, 19.50, 19.28, 19.06, 36.47, 34.76, 0, 0, 4.18
2019/04/10 05:55:00, 19.50, 19.26, 19.05, 36.36, 34.71, 0, 0, 4.18
2019/04/10 05:56:00, 19.50, 19.24, 19.00, 36.48, 34.76, 0, 0, 4.18
2019/04/10 05:57:00, 19.50, 19.25, 19.04, 36.37, 34.73, 0, 0, 4.18
2019/04/10 05:58:00, 19.50, 19.26, 19.02, 36.43, 34.75, 0, 0, 4.18
2019/04/10 05:59:00, 19.50, 19.22, 19.04, 36.47, 34.77, 0, 0, 4.18
2019/04/10 06:00:00, 19.50, 19.24, 19.03, 36.33, 34.73, 0, 0, 4.18
2019/04/10 06:01:00, 19.50, 19.22, 19.01, 36.43, 34.74, 0, 0, 4.18
2019/04/10 06:02:00, 19.50, 19.21, 19.00, 36.44, 34.74, 0, 0, 4.18
2019/04/10 06:03:00, 19.50, 19.22, 19.00, 36.44, 34.75, 0, 0, 4.18
2019/04/10 06:04:00, 19.50, 19.21, 19.00, 36.52, 34.77, 0, 0, 4.18
2019/04/10 06:05:00, 19.50, 19.21, 18.99, 36.42, 34.74, 0, 0, 4.18
2019/04/10 06:06:00, 19.50, 19.19, 19.00, 36.40, 34.73, 0, 0, 4.18
2019/04/10 06:07:00, 19.50, 19.21, 18.99, 36.45, 34.74, 0, 0, 4.18
2019/04/10 06:08:00, 19.50, 19.18, 18.99, 36.45, 34.77, 0, 0, 4.18
2019/04/10 06:09:00, 19.50, 19.19, 18.96, 36.37, 34.74, 0, 0, 4.18
2019/04/10 06:10:00, 19.50, 19.21, 18.99, 36.39, 34.72, 0, 0, 4.18
2019/04/10 06:11:00, 19.50, 19.18, 19.00, 36.42, 34.77, 0, 0, 4.18
2019/04/10 06:12:00, 19.50, 19.19, 18.99, 36.53, 34.81, 0, 0, 4.18
2019/04/10 06:13:00, 19.50, 19.18, 18.96, 36.55, 34.82, 0, 0, 4.18
2019/04/10 06:14:00, 19.50, 19.15, 18.94, 36.41, 34.79, 0, 0, 4.18
2019/04/10 06:15:00, 19.50, 19.18, 18.96, 36.50, 34.82, 0, 0, 4.18
2019/04/10 06:16:00, 19.50, 19.16, 18.96, 36.58, 34.85, 0, 0, 4.18
2019/04/10 06:17:00, 19.50, 19.16, 18.94, 36.39, 34.77, 0, 0, 4.18
2019/04/10 06:18:00, 19.50, 19.19, 18.94, 36.51, 34.80, 0, 0, 4.18
2019/04/10 06:19:00, 19.50, 19.13, 18.95, 36.47, 34.79, 0, 0, 4.18
2019/04/10 06:20:00, 19.50, 19.16, 18.91, 36.46, 34.81, 0, 0, 4.18
2019/04/10 06:21:00, 19.50, 19.13, 18.91, 36.39, 34.77, 0, 0, 4.18
2019/04/10 06:22:00, 19.50, 19.13, 18.94, 36.38, 34.74, 0, 0, 4.18
2019/04/10 06:23:00, 19.50, 19.15, 18.91, 36.44, 34.77, 0, 0, 4.18
2019/04/10 06:24:00, 19.50, 19.13, 18.91, 36.44, 34.74, 0, 0, 4.18
2019/04/10 06:25:00, 19.50, 19.16, 18.90, 36.44, 34.73, 0, 0, 4.18
2019/04/10 06:26:00, 19.50, 19.11, 18.90, 36.42, 34.74, 0, 0, 4.18
2019/04/10 06:27:00, 19.50, 19.12, 18.92, 36.38, 34.68, 0, 0, 4.18
2019/04/10 06:28:00, 19.50, 19.12, 18.88, 36.49, 34.77, 0, 0, 4.18
2019/04/10 06:29:00, 19.50, 19.09, 18.88, 36.43, 34.74, 0, 0, 4.18
2019/04/10 06:30:00, 19.50, 19.11, 18.87, 36.38, 34.72, 0, 0, 4.18
2019/04/10 06:31:00, 19.50, 19.09, 18.89, 36.48, 34.76, 0, 0, 4.18
2019/04/10 06:32:00, 19.50, 19.08, 18.88, 36.36, 34.69, 0, 0, 4.18
2019/04/10 06:33:00, 19.50, 19.08, 18.86, 36.48, 34.73, 0, 0, 4.18
2019/04/10 06:34:00, 19.50, 19.06, 18.85, 36.46, 34.83, 0, 0, 4.18
2019/04/10 06:35:00, 19.50, 19.05, 18.85, 36.40, 34.78, 0, 0, 4.18
2019/04/10 06:36:00, 19.50, 19.06, 18.84, 36.42, 34.77, 0, 0, 4.18
2019/04/10 06:37:00, 19.50, 19.05, 18.83, 36.47, 34.76, 0, 0, 4.18
2019/04/10 06:38:00, 19.25, 19.06, 18.83, 36.45, 34.81, 0, 0, 4.18
2019/04/10 06:39:00, 19.50, 19.05, 18.84, 36.36, 34.74, 0, 0, 4.18
2019/04/10 06:40:00, 19.25, 19.05, 18.81, 36.44, 34.75, 0, 0, 4.18
2019/04/10 06:41:00, 19.25, 19.02, 18.81, 36.38, 34.74, 0, 0, 4.18
2019/04/10 06:42:00, 19.25, 19.02, 18.80, 36.45, 34.75, 0, 0, 4.18
2019/04/10 06:43:00, 19.25, 19.04, 18.80, 36.49, 34.80, 0, 0, 4.18
2019/04/10 06:44:00, 19.25, 19.02, 18.80, 36.44, 34.78, 0, 0, 4.18
2019/04/10 06:45:00, 19.25, 19.02, 18.79, 36.54, 34.84, 0, 0, 4.18
2019/04/10 06:46:00, 19.25, 19.02, 18.79, 36.62, 34.87, 0, 0, 4.18
2019/04/10 06:47:00, 19.25, 18.98, 18.79, 36.54, 34.90, 0, 0, 4.18
2019/04/10 06:48:00, 19.25, 18.99, 18.78, 36.46, 34.90, 0, 0, 4.18
2019/04/10 06:49:00, 19.25, 19.02, 18.80, 36.60, 34.86, 0, 0, 4.18
2019/04/10 06:50:00, 19.25, 18.99, 18.77, 36.47, 34.85, 0, 0, 4.18
2019/04/10 06:51:00, 19.25, 18.98, 18.78, 36.55, 34.88, 0, 0, 4.18
2019/04/10 06:52:00, 19.25, 18.98, 18.77, 36.61, 34.95, 0, 0, 4.18
2019/04/10 06:53:00, 19.25, 19.01, 18.77, 36.55, 34.87, 0, 0, 4.18
2019/04/10 06:54:00, 19.25, 18.99, 18.76, 36.38, 34.74, 0, 0, 4.18
2019/04/10 06:55:00, 19.25, 18.99, 18.78, 36.51, 34.83, 0, 0, 4.18
2019/04/10 06:56:00, 19.25, 18.98, 18.75, 36.51, 34.80, 0, 0, 4.18
2019/04/10 06:57:00, 19.25, 18.97, 18.75, 36.40, 34.76, 0, 0, 4.18
2019/04/10 06:58:00, 19.25, 18.97, 18.77, 36.40, 34.74, 0, 0, 4.18
2019/04/10 06:59:00, 19.25, 18.98, 18.74, 36.40, 34.75, 0, 0, 4.18
2019/04/10 07:00:00, 19.25, 18.97, 18.75, 36.44, 34.75, 0, 0, 4.18
2019/04/10 07:01:00, 19.25, 18.97, 18.75, 36.71, 34.99, 0, 0, 4.18
2019/04/10 07:02:00, 19.25, 18.98, 18.77, 36.36, 34.81, 0, 0, 4.18
2019/04/10 07:03:00, 19.25, 18.98, 18.77, 36.31, 34.66, 0, 0, 4.18
2019/04/10 07:04:00, 19.25, 18.98, 18.77, 36.29, 34.61, 0, 0, 4.18
2019/04/10 07:05:00, 19.25, 18.97, 18.76, 36.32, 34.63, 0, 0, 4.18
2019/04/10 07:06:00, 19.25, 18.98, 18.75, 36.31, 34.64, 0, 0, 4.18
2019/04/10 07:07:00, 19.25, 18.94, 18.73, 36.27, 34.61, 0, 0, 4.18
2019/04/10 07:08:00, 19.25, 18.93, 18.72, 36.36, 34.63, 0, 0, 4.18
2019/04/10 07:09:00, 19.25, 18.93, 18.71, 36.30, 34.67, 0, 0, 4.18
2019/04/10 07:10:00, 19.25, 18.93, 18.71, 36.32, 34.64, 0, 0, 4.18
2019/04/10 07:11:00, 19.25, 18.91, 18.71, 36.33, 34.67, 0, 0, 4.18
2019/04/10 07:12:00, 19.25, 18.93, 18.74, 36.39, 34.71, 0, 0, 4.18
2019/04/10 07:13:00, 19.25, 18.88, 18.71, 36.48, 34.77, 0, 0, 4.18
2019/04/10 07:14:00, 19.25, 18.91, 18.69, 36.37, 34.71, 0, 0, 4.18
2019/04/10 07:15:00, 19.25, 18.91, 18.71, 36.40, 34.73, 0, 0, 4.18
2019/04/10 07:16:00, 19.25, 18.90, 18.71, 36.36, 34.70, 0, 0, 4.18
2019/04/10 07:17:00, 19.25, 18.88, 18.68, 36.41, 34.71, 0, 0, 4.18
2019/04/10 07:18:00, 19.25, 18.90, 18.66, 36.38, 34.71, 0, 0, 4.18
2019/04/10 07:19:00, 19.25, 18.90, 18.70, 36.52, 34.77, 0, 0, 4.18
2019/04/10 07:20:00, 19.25, 18.91, 18.66, 36.54, 34.87, 0, 0, 4.18
2019/04/10 07:21:00, 19.25, 18.90, 18.66, 36.53, 34.86, 0, 0, 4.18
2019/04/10 07:22:00, 19.25, 18.88, 18.68, 36.54, 34.89, 0, 0, 4.18
2019/04/10 07:23:00, 19.25, 18.87, 18.66, 36.51, 34.81, 0, 0, 4.18
2019/04/10 07:24:00, 19.25, 18.88, 18.64, 36.49, 34.83, 0, 0, 4.18
2019/04/10 07:25:00, 19.25, 18.84, 18.64, 36.44, 34.78, 0, 0, 4.18
2019/04/10 07:26:00, 19.25, 18.84, 18.63, 36.51, 34.83, 0, 0, 4.18
2019/04/10 07:27:00, 19.25, 18.85, 18.65, 36.42, 34.84, 0, 0, 4.18
2019/04/10 07:28:00, 19.25, 18.84, 18.61, 36.39, 34.78, 0, 0, 4.18
2019/04/10 07:29:00, 19.25, 18.85, 18.63, 36.46, 34.79, 0, 0, 4.18
2019/04/10 07:30:00, 19.25, 18.84, 18.61, 36.41, 34.79, 0, 0, 4.18
2019/04/10 07:31:00, 19.25, 18.83, 18.62, 36.33, 34.76, 0, 0, 4.18
2019/04/10 07:32:00, 19.25, 18.83, 18.61, 36.33, 34.69, 0, 0, 4.18
2019/04/10 07:33:00, 19.25, 18.84, 18.62, 36.39, 34.67, 0, 0, 4.18
2019/04/10 07:34:00, 19.25, 18.84, 18.61, 36.34, 34.70, 0, 0, 4.18
2019/04/10 07:35:00, 19.00, 18.84, 18.60, 36.46, 34.77, 0, 0, 4.18
2019/04/10 07:36:00, 19.25, 18.81, 18.60, 36.38, 34.71, 0, 0, 4.18
2019/04/10 07:37:00, 19.25, 18.81, 18.62, 36.38, 34.73, 0, 0, 4.18
2019/04/10 07:38:00, 19.00, 18.80, 18.58, 36.48, 34.75, 0, 0, 4.18
2019/04/10 07:39:00, 19.00, 18.81, 18.60, 36.40, 34.72, 0, 0, 4.18
2019/04/10 07:40:00, 19.00, 18.85, 18.59, 36.36, 34.74, 0, 0, 4.18
2019/04/10 07:41:00, 19.00, 18.80, 18.60, 36.44, 34.73, 0, 0, 4.18
2019/04/10 07:42:00, 19.00, 18.83, 18.60, 36.43, 34.74, 0, 0, 4.18
2019/04/10 07:43:00, 19.00, 18.80, 18.59, 36.42, 34.76, 0, 0, 4.18
2019/04/10 07:44:00, 19.00, 18.80, 18.60, 36.47, 34.77, 0, 0, 4.18
2019/04/10 07:45:00, 19.00, 18.77, 18.58, 36.43, 34.76, 0, 0, 4.18
2019/04/10 07:46:00, 19.00, 18.77, 18.57, 36.45, 34.75, 0, 0, 4.18
2019/04/10 07:47:00, 19.00, 18.80, 18.55, 36.41, 34.78, 0, 0, 4.18
2019/04/10 07:48:00, 19.00, 18.77, 18.58, 36.44, 34.77, 0, 0, 4.18
2019/04/10 07:49:00, 19.00, 18.77, 18.57, 36.49, 34.78, 0, 0, 4.18
2019/04/10 07:50:00, 19.00, 18.77, 18.56, 36.44, 34.77, 0, 0, 4.18
2019/04/10 07:51:00, 19.00, 18.76, 18.53, 36.53, 34.78, 0, 0, 4.18
2019/04/10 07:52:00, 19.00, 18.77, 18.53, 36.53, 34.84, 0, 0, 4.18
2019/04/10 07:53:00, 19.00, 18.76, 18.51, 36.50, 34.87, 0, 0, 4.18
2019/04/10 07:54:00, 19.00, 18.74, 18.50, 36.57, 34.80, 0, 0, 4.18
2019/04/10 07:55:00, 19.00, 18.74, 18.51, 36.61, 34.92, 0, 0, 4.18
2019/04/10 07:56:00, 19.00, 18.71, 18.51, 36.50, 34.87, 0, 0, 4.18
2019/04/10 07:57:00, 19.00, 18.73, 18.51, 36.52, 34.78, 0, 0, 4.18
2019/04/10 07:58:00, 19.00, 18.73, 18.51, 36.47, 34.82, 0, 0, 4.18
2019/04/10 07:59:00, 19.00, 18.73, 18.51, 36.49, 34.80, 0, 0, 4.18
2019/04/10 08:00:00, 19.00, 18.73, 18.50, 36.46, 34.77, 0, 0, 4.18
2019/04/10 08:01:00, 19.00, 18.73, 18.49, 36.42, 34.77, 0, 0, 4.18
2019/04/10 08:02:00, 19.00, 18.70, 18.49, 36.38, 34.75, 0, 0, 4.18
2019/04/10 08:03:00, 19.00, 18.69, 18.49, 36.38, 34.73, 0, 0, 4.18
2019/04/10 08:04:00, 19.00, 18.73, 18.48, 36.51, 34.73, 0, 0, 4.18
2019/04/10 08:05:00, 19.00, 18.69, 18.49, 36.43, 34.77, 0, 0, 4.18
2019/04/10 08:06:00, 19.00, 18.73, 18.47, 36.46, 34.77, 0, 0, 4.18
2019/04/10 08:07:00, 19.00, 18.69, 18.48, 36.51, 34.80, 0, 0, 4.18
2019/04/10 08:08:00, 19.00, 18.70, 18.46, 36.45, 34.77, 0, 0, 4.18
2019/04/10 08:09:00, 19.00, 18.69, 18.48, 36.46, 34.75, 0, 0, 4.18
2019/04/10 08:10:00, 19.00, 18.67, 18.46, 36.42, 34.78, 0, 0, 4.18
2019/04/10 08:11:00, 19.00, 18.64, 18.45, 36.54, 34.82, 0, 0, 4.18
2019/04/10 08:12:00, 19.00, 18.69, 18.45, 36.55, 34.81, 0, 0, 4.18
2019/04/10 08:13:00, 19.00, 18.66, 18.46, 36.44, 34.77, 0, 0, 4.18
2019/04/10 08:14:00, 19.00, 18.66, 18.44, 36.38, 34.75, 0, 0, 4.18
2019/04/10 08:15:00, 19.00, 18.66, 18.43, 36.46, 34.76, 0, 0, 4.18
2019/04/10 08:16:00, 19.00, 18.63, 18.43, 36.44, 34.77, 0, 0, 4.18
2019/04/10 08:17:00, 19.00, 18.64, 18.43, 36.45, 34.77, 0, 0, 4.18
2019/04/10 08:18:00, 19.00, 18.62, 18.43, 36.40, 34.76, 0, 0, 4.18
2019/04/10 08:19:00, 19.00, 18.62, 18.40, 36.37, 34.73, 0, 0, 4.18
2019/04/10 08:20:00, 19.00, 18.63, 18.41, 36.45, 34.76, 0, 0, 4.18
2019/04/10 08:21:00, 19.00, 18.63, 18.40, 36.53, 34.80, 0, 0, 4.18
2019/04/10 08:22:00, 19.00, 18.63, 18.40, 36.49, 34.79, 0, 0, 4.18
2019/04/10 08:23:00, 19.00, 18.60, 18.40, 36.38, 34.78, 0, 0, 4.18
2019/04/10 08:24:00, 19.00, 18.64, 18.40, 36.49, 34.76, 0, 0, 4.18
2019/04/10 08:25:00, 19.00, 18.60, 18.36, 36.50, 34.80, 0, 0, 4.18
2019/04/10 08:26:00, 19.00, 18.62, 18.39, 36.46, 34.80, 0, 0, 4.18
2019/04/10 08:27:00, 19.00, 18.60, 18.36, 36.50, 34.82, 0, 0, 4.18
2019/04/10 08:28:00, 19.00, 18.59, 18.39, 36.46, 34.76, 0, 0, 4.18
2019/04/10 08:29:00, 19.00, 18.59, 18.36, 36.44, 34.77, 0, 0, 4.18
2019/04/10 08:30:00, 19.00, 18.59, 18.36, 36.33, 34.75, 0, 0, 4.18
2019/04/10 08:31:00, 19.00, 18.59, 18.35, 36.42, 34.76, 0, 0, 4.18
2019/04/10 08:32:00, 19.00, 18.56, 18.35, 36.42, 34.75, 0, 0, 4.18
2019/04/10 08:33:00, 19.00, 18.55, 18.35, 36.32, 34.72, 0, 0, 4.18
2019/04/10 08:34:00, 19.00, 18.59, 18.34, 36.42, 34.74, 0, 0, 4.18
2019/04/10 08:35:00, 19.00, 18.55, 18.35, 36.49, 34.70, 0, 0, 4.18
2019/04/10 08:36:00, 19.00, 18.56, 18.33, 36.42, 34.77, 0, 0, 4.18
2019/04/10 08:37:00, 19.00, 18.57, 18.33, 36.37, 34.68, 0, 0, 4.18
2019/04/10 08:38:00, 18.75, 18.56, 18.34, 36.30, 34.64, 0, 0, 4.18
2019/04/10 08:39:00, 18.75, 18.56, 18.34, 36.37, 34.71, 0, 0, 4.18
2019/04/10 08:40:00, 18.75, 18.56, 18.36, 36.36, 34.63, 0, 0, 4.18
2019/04/10 08:41:00, 18.75, 18.55, 18.31, 36.27, 34.63, 0, 0, 4.18
2019/04/10 08:42:00, 18.75, 18.55, 18.33, 36.29, 34.60, 0, 0, 4.18
2019/04/10 08:43:00, 18.75, 18.53, 18.32, 36.31, 34.65, 0, 0, 4.18
2019/04/10 08:44:00, 18.75, 18.52, 18.31, 36.34, 34.68, 0, 0, 4.18
2019/04/10 08:45:00, 18.75, 18.55, 18.32, 36.31, 34.64, 0, 0, 4.18
2019/04/10 08:46:00, 18.75, 18.53, 18.30, 36.30, 34.64, 0, 0, 4.18
2019/04/10 08:47:00, 18.75, 18.57, 18.31, 36.37, 34.67, 0, 0, 4.18
2019/04/10 08:48:00, 18.75, 18.53, 18.30, 36.35, 34.67, 0, 0, 4.18
2019/04/10 08:49:00, 18.75, 18.52, 18.31, 36.30, 34.67, 0, 0, 4.18
2019/04/10 08:50:00, 18.75, 18.55, 18.29, 36.41, 34.71, 0, 0, 4.18
2019/04/10 08:51:00, 18.75, 18.53, 18.30, 36.31, 34.67, 0, 0, 4.18
2019/04/10 08:52:00, 18.75, 18.52, 18.28, 36.34, 34.65, 0, 0, 4.18
2019/04/10 08:53:00, 18.75, 18.52, 18.28, 36.35, 34.70, 0, 0, 4.18
2019/04/10 08:54:00, 18.75, 18.50, 18.29, 36.44, 34.71, 0, 0, 4.18
2019/04/10 08:55:00, 18.75, 18.48, 18.27, 36.39, 34.70, 0, 0, 4.18
2019/04/10 08:56:00, 18.75, 18.49, 18.29, 36.38, 34.68, 0, 0, 4.18
2019/04/10 08:57:00, 18.75, 18.50, 18.30, 36.42, 34.75, 0, 0, 4.18
2019/04/10 08:58:00, 18.75, 18.50, 18.27, 36.35, 34.69, 0, 0, 4.18
2019/04/10 08:59:00, 18.75, 18.49, 18.28, 36.35, 34.70, 0, 0, 4.18
2019/04/10 09:00:00, 18.75, 18.49, 18.26, 36.41, 34.71, 0, 0, 4.18
2019/04/10 09:01:00, 18.75, 18.49, 18.26, 36.39, 34.74, 0, 0, 4.18
2019/04/10 09:02:00, 18.75, 18.50, 18.25, 36.48, 34.71, 0, 0, 4.18
2019/04/10 09:03:00, 18.75, 18.49, 18.25, 36.40, 34.74, 0, 0, 4.18
2019/04/10 09:04:00, 18.75, 18.45, 18.27, 36.33, 34.67, 0, 0, 4.18
2019/04/10 09:05:00, 18.75, 18.48, 18.24, 36.41, 34.71, 0, 0, 4.18
2019/04/10 09:06:00, 18.75, 18.46, 18.24, 36.44, 34.75, 0, 0, 4.18
2019/04/10 09:07:00, 18.75, 18.46, 18.24, 36.28, 34.68, 0, 0, 4.18
2019/04/10 09:08:00, 18.75, 18.46, 18.24, 36.37, 34.72, 0, 0, 4.18
2019/04/10 09:09:00, 18.75, 18.45, 18.26, 36.39, 34.72, 0, 0, 4.18
2019/04/10 09:10:00, 18.75, 18.46, 18.26, 36.32, 34.72, 0, 0, 4.18
2019/04/10 09:11:00, 18.75, 18.45, 18.26, 36.26, 34.64, 0, 0, 4.18
2019/04/10 09:12:00, 18.75, 18.45, 18.22, 36.37, 34.64, 0, 0, 4.18
2019/04/10 09:13:00, 18.75, 18.46, 18.22, 36.29, 34.61, 0, 0, 4.18
2019/04/10 09:14:00, 18.75, 18.46, 18.25, 36.23, 34.60, 0, 0, 4.18
2019/04/10 09:15:00, 18.75, 18.43, 18.22, 36.31, 34.61, 0, 0, 4.18
2019/04/10 09:16:00, 18.75, 18.42, 18.22, 36.21, 34.61, 0, 0, 4.18
2019/04/10 09:17:00, 18.75, 18.43, 18.20, 36.24, 34.58, 0, 0, 4.18
2019/04/10 09:18:00, 18.75, 18.42, 18.20, 36.42, 34.64, 0, 0, 4.18
2019/04/10 09:19:00, 18.75, 18.42, 18.22, 36.33, 34.64, 0, 0, 4.18
2019/04/10 09:20:00, 18.75, 18.42, 18.20, 36.33, 34.61, 0, 0, 4.18
2019/04/10 09:21:00, 18.75, 18.45, 18.20, 36.32, 34.64, 0, 0, 4.18
2019/04/10 09:22:00, 18.75, 18.43, 18.20, 36.40, 34.67, 0, 0, 4.18
2019/04/10 09:23:00, 18.75, 18.40, 18.20, 36.31, 34.62, 0, 0, 4.18
2019/04/10 09:24:00, 18.75, 18.42, 18.19, 36.35, 34.64, 0, 0, 4.18
2019/04/10 09:25:00, 18.75, 18.42, 18.18, 36.36, 34.67, 0, 0, 4.18
2019/04/10 09:26:00, 18.75, 18.40, 18.18, 36.31, 34.61, 0, 0, 4.18
2019/04/10 09:27:00, 18.75, 18.40, 18.19, 36.34, 34.64, 0, 0, 4.18
2019/04/10 09:28:00, 18.75, 18.42, 18.19, 36.33, 34.61, 0, 0, 4.18
2019/04/10 09:29:00, 18.75, 18.39, 18.20, 36.38, 34.64, 0, 0, 4.18
2019/04/10 09:30:00, 18.75, 18.42, 18.17, 36.29, 34.60, 0, 0, 4.18
2019/04/10 09:31:00, 18.75, 18.40, 18.18, 36.34, 34.60, 0, 0, 4.18
2019/04/10 09:32:00, 18.75, 18.38, 18.18, 36.29, 34.61, 0, 0, 4.18
2019/04/10 09:33:00, 18.75, 18.40, 18.16, 36.30, 34.62, 0, 0, 4.18
2019/04/10 09:34:00, 18.75, 18.36, 18.16, 36.26, 34.58, 0, 0, 4.18
2019/04/10 09:35:00, 18.75, 18.38, 18.14, 36.30, 34.59, 0, 0, 4.18
2019/04/10 09:36:00, 18.75, 18.39, 18.16, 36.32, 34.61, 0, 0, 4.18
2019/04/10 09:37:00, 18.75, 18.38, 18.17, 36.23, 34.64, 0, 0, 4.18
2019/04/10 09:38:00, 18.75, 18.38, 18.16, 36.31, 34.59, 0, 0, 4.18
2019/04/10 09:39:00, 18.75, 18.38, 18.16, 36.21, 34.59, 0, 0, 4.18
2019/04/10 09:40:00, 18.75, 18.35, 18.14, 36.29, 34.57, 0, 0, 4.18
2019/04/10 09:41:00, 18.75, 18.36, 18.13, 36.22, 34.58, 0, 0, 4.18
2019/04/10 09:42:00, 18.75, 18.36, 18.14, 36.18, 34.54, 0, 0, 4.18
2019/04/10 09:43:00, 18.75, 18.33, 18.15, 36.24, 34.54, 0, 0, 4.18
2019/04/10 09:44:00, 18.75, 18.35, 18.14, 36.28, 34.58, 0, 0, 4.18
2019/04/10 09:45:00, 18.75, 18.35, 18.14, 36.27, 34.61, 0, 0, 4.18
2019/04/10 09:46:00, 18.75, 18.35, 18.14, 36.13, 34.51, 0, 0, 4.18
2019/04/10 09:47:00, 18.75, 18.36, 18.17, 36.23, 34.53, 0, 0, 4.18
2019/04/10 09:48:00, 18.75, 18.42, 18.24, 36.42, 34.76, 0, 0, 4.18
2019/04/10 09:49:00, 18.75, 18.40, 18.24, 36.36, 34.61, 0, 0, 4.18
2019/04/10 09:50:00, 18.50, 18.45, 18.26, 36.56, 34.77, 0, 0, 4.18
2019/04/10 09:51:00, 18.75, 18.46, 18.24, 36.09, 34.51, 0, 0, 4.18
2019/04/10 09:52:00, 18.75, 18.49, 18.29, 36.26, 34.61, 0, 0, 4.18
2019/04/10 09:53:00, 18.75, 18.52, 18.27, 36.35, 35.04, 0, 0, 4.18
2019/04/10 09:54:00, 18.50, 18.50, 18.29, 36.28, 34.69, 0, 0, 4.18
2019/04/10 09:55:00, 18.75, 18.50, 18.27, 36.63, 34.75, 0, 0, 4.18
2019/04/10 09:56:00, 18.75, 18.59, 18.35, 37.45, 35.18, 0, 0, 4.18
2019/04/10 09:57:00, 18.75, 18.59, 18.39, 36.33, 35.01, 0, 0, 4.18
2019/04/10 09:58:00, 18.75, 18.55, 18.35, 36.22, 34.64, 0, 0, 4.18
2019/04/10 09:59:00, 18.75, 18.60, 18.35, 36.42, 34.70, 0, 0, 4.18
2019/04/10 10:00:00, 18.75, 18.59, 18.41, 37.28, 35.09, 0, 0, 4.18
2019/04/10 10:01:00, 18.75, 18.62, 18.41, 37.18, 35.38, 0, 0, 4.18
2019/04/10 10:02:00, 18.75, 18.63, 18.42, 36.95, 35.14, 0, 0, 4.18
2019/04/10 10:03:00, 18.75, 18.60, 18.39, 37.00, 35.28, 0, 0, 4.18
2019/04/10 10:04:00, 18.75, 18.57, 18.39, 36.98, 35.21, 0, 0, 4.18
2019/04/10 10:05:00, 18.75, 18.60, 18.38, 36.99, 35.25, 0, 0, 4.18
2019/04/10 10:06:00, 18.75, 18.60, 18.43, 36.82, 35.22, 0, 0, 4.18
2019/04/10 10:07:00, 18.75, 18.64, 18.46, 36.43, 34.77, 0, 0, 4.18
2019/04/10 10:08:00, 18.75, 18.67, 18.51, 36.27, 34.61, 0, 0, 4.18
2019/04/10 10:09:00, 18.75, 18.71, 18.56, 36.20, 34.45, 0, 0, 4.18
2019/04/10 10:10:00, 18.75, 18.78, 18.63, 36.11, 34.35, 0, 0, 4.18
2019/04/10 10:11:00, 18.75, 18.81, 18.70, 36.14, 34.41, 0, 0, 4.18
2019/04/10 10:12:00, 18.75, 18.87, 18.73, 36.40, 34.51, 0, 0, 4.18
2019/04/10 10:13:00, 18.75, 18.93, 18.78, 36.30, 34.59, 0, 0, 4.18
2019/04/10 10:14:00, 18.75, 19.01, 18.84, 36.27, 34.42, 0, 0, 4.18
2019/04/10 10:15:00, 18.75, 19.01, 18.88, 36.21, 34.42, 0, 0, 4.18
2019/04/10 10:16:00, 18.75, 19.06, 18.92, 36.17, 34.42, 0, 0, 4.18
2019/04/10 10:17:00, 18.75, 19.13, 18.94, 36.14, 34.37, 0, 0, 4.18
2019/04/10 10:18:00, 18.75, 19.13, 19.00, 36.06, 34.27, 0, 0, 4.18
2019/04/10 10:19:00, 18.75, 19.15, 19.00, 36.09, 34.26, 0, 0, 4.18
2019/04/10 10:20:00, 18.75, 19.16, 19.01, 36.06, 34.25, 0, 0, 4.18
2019/04/10 10:21:00, 18.75, 19.18, 19.03, 36.09, 34.32, 0, 0, 4.18
2019/04/10 10:22:00, 18.75, 19.18, 19.04, 36.10, 34.35, 0, 0, 4.18
2019/04/10 10:23:00, 18.75, 19.18, 19.03, 36.59, 34.67, 0, 0, 4.18
2019/04/10 10:24:00, 18.75, 19.19, 19.04, 36.52, 34.66, 0, 0, 4.18
2019/04/10 10:25:00, 18.75, 19.21, 19.03, 36.67, 34.87, 0, 0, 4.18
2019/04/10 10:26:00, 19.00, 19.21, 19.04, 36.71, 34.86, 0, 0, 4.18
2019/04/10 10:27:00, 19.00, 19.21, 19.06, 36.61, 34.78, 0, 0, 4.18
2019/04/10 10:28:00, 19.00, 19.22, 19.04, 36.35, 34.64, 0, 0, 4.18
2019/04/10 10:29:00, 19.00, 19.21, 19.04, 36.54, 34.68, 0, 0, 4.18
2019/04/10 10:30:00, 19.00, 19.22, 19.04, 36.36, 34.66, 0, 0, 4.18
2019/04/10 10:31:00, 19.00, 19.21, 19.04, 36.44, 34.58, 0, 0, 4.18
2019/04/10 10:32:00, 19.00, 19.21, 19.03, 36.47, 34.65, 0, 0, 4.18
2019/04/10 10:33:00, 19.00, 19.22, 19.03, 36.69, 34.77, 0, 0, 4.18
2019/04/10 10:34:00, 19.00, 19.22, 19.03, 36.54, 34.75, 0, 0, 4.18
2019/04/10 10:35:00, 19.00, 19.19, 19.02, 36.75, 34.92, 0, 0, 4.18
2019/04/10 10:36:00, 19.00, 19.21, 19.03, 36.44, 34.83, 0, 0, 4.18
2019/04/10 10:37:00, 19.00, 19.19, 19.02, 36.34, 34.87, 0, 0, 4.18
2019/04/10 10:38:00, 19.00, 19.18, 19.03, 36.29, 34.64, 0, 0, 4.18
2019/04/10 10:39:00, 19.00, 19.19, 19.02, 36.74, 34.99, 0, 0, 4.18
2019/04/10 10:40:00, 19.00, 19.18, 19.03, 36.26, 34.56, 0, 0, 4.18
2019/04/10 10:41:00, 19.00, 19.15, 19.01, 36.87, 35.03, 0, 0, 4.18
2019/04/10 10:42:00, 19.00, 19.16, 19.02, 36.71, 34.90, 0, 0, 4.18
2019/04/10 10:43:00, 19.00, 19.18, 19.00, 36.81, 34.75, 0, 0, 4.18
2019/04/10 10:44:00, 19.00, 19.24, 19.04, 36.38, 34.45, 0, 0, 4.18
2019/04/10 10:45:00, 19.00, 19.28, 19.08, 35.97, 34.20, 0, 0, 4.18
2019/04/10 10:46:00, 19.00, 19.31, 19.14, 36.51, 34.64, 0, 0, 4.18
2019/04/10 10:47:00, 19.00, 19.29, 19.13, 36.34, 34.70, 0, 0, 4.18
2019/04/10 10:48:00, 19.00, 19.35, 19.18, 37.15, 34.59, 0, 0, 4.18
2019/04/10 10:49:00, 19.00, 19.28, 19.09, 36.29, 34.97, 0, 0, 4.18
2019/04/10 10:50:00, 19.00, 19.31, 19.09, 35.60, 34.22, 0, 0, 4.18
2019/04/10 10:51:00, 19.00, 19.31, 19.16, 35.59, 33.82, 0, 0, 4.18
2019/04/10 10:52:00, 19.00, 19.36, 19.22, 34.92, 33.46, 0, 0, 4.18
2019/04/10 10:53:00, 19.00, 19.45, 19.32, 34.86, 33.61, 0, 0, 4.18
2019/04/10 10:54:00, 19.00, 19.49, 19.38, 34.84, 33.03, 0, 0, 4.18
2019/04/10 10:55:00, 19.25, 19.54, 19.42, 34.90, 33.11, 0, 0, 4.18
2019/04/10 10:56:00, 19.25, 19.60, 19.46, 34.70, 32.94, 0, 0, 4.18
2019/04/10 10:57:00, 19.25, 19.63, 19.52, 34.80, 32.95, 0, 0, 4.18
2019/04/10 10:58:00, 19.25, 19.67, 19.53, 34.87, 32.96, 0, 0, 4.18
2019/04/10 10:59:00, 19.25, 19.70, 19.55, 34.82, 32.97, 0, 0, 4.18
2019/04/10 11:00:00, 19.25, 19.71, 19.58, 34.94, 33.09, 0, 0, 4.18
2019/04/10 11:01:00, 19.25, 19.71, 19.59, 34.98, 33.15, 0, 0, 4.18
2019/04/10 11:02:00, 19.25, 19.76, 19.61, 36.33, 33.48, 0, 0, 4.18
2019/04/10 11:03:00, 19.25, 19.81, 19.66, 35.79, 34.28, 0, 0, 4.18
2019/04/10 11:04:00, 19.25, 19.87, 19.74, 36.32, 34.32, 0, 0, 4.18
2019/04/10 11:05:00, 19.25, 19.89, 19.75, 36.38, 34.43, 0, 0, 4.18
2019/04/10 11:06:00, 19.25, 19.92, 19.79, 35.65, 34.07, 0, 0, 4.18
2019/04/10 11:07:00, 19.25, 19.91, 19.76, 35.51, 33.90, 0, 0, 4.18
2019/04/10 11:08:00, 19.25, 19.91, 19.78, 35.86, 33.67, 0, 0, 4.18
2019/04/10 11:09:00, 19.25, 19.98, 19.84, 36.20, 34.38, 0, 0, 4.18
2019/04/10 11:10:00, 19.50, 20.04, 19.91, 35.76, 33.98, 0, 0, 4.18
2019/04/10 11:11:00, 19.50, 20.07, 19.93, 35.35, 33.71, 0, 0, 4.18
2019/04/10 11:12:00, 19.50, 20.04, 19.95, 34.71, 33.29, 0, 0, 4.18
2019/04/10 11:13:00, 19.50, 20.08, 19.93, 35.65, 33.22, 0, 0, 4.18
2019/04/10 11:14:00, 19.50, 20.14, 20.01, 35.25, 33.55, 0, 0, 4.18
2019/04/10 11:15:00, 19.50, 20.12, 20.03, 34.72, 33.22, 0, 0, 4.18
2019/04/10 11:16:00, 19.50, 20.16, 20.04, 34.71, 32.91, 0, 0, 4.18
2019/04/10 11:17:00, 19.50, 20.16, 20.06, 34.67, 32.89, 0, 0, 4.18
2019/04/10 11:18:00, 19.50, 20.15, 20.04, 34.76, 32.93, 0, 0, 4.18
2019/04/10 11:19:00, 19.50, 20.16, 20.05, 34.79, 32.95, 0, 0, 4.18
2019/04/10 11:20:00, 19.50, 20.18, 20.05, 34.82, 32.95, 0, 0, 4.18
2019/04/10 11:21:00, 19.50, 20.18, 20.06, 34.86, 32.97, 0, 0, 4.18
2019/04/10 11:22:00, 19.50, 20.18, 20.06, 34.83, 32.99, 0, 0, 4.18
2019/04/10 11:23:00, 19.50, 20.23, 20.10, 34.86, 33.00, 0, 0, 4.18
2019/04/10 11:24:00, 19.75, 20.19, 20.08, 34.90, 33.03, 0, 0, 4.18
2019/04/10 11:25:00, 19.75, 20.19, 20.09, 34.88, 33.06, 0, 0, 4.18
2019/04/10 11:26:00, 19.75, 20.19, 20.08, 34.88, 33.06, 0, 0, 4.18
2019/04/10 11:27:00, 19.75, 20.21, 20.09, 35.06, 33.15, 0, 0, 4.18
2019/04/10 11:28:00, 19.75, 20.22, 20.09, 35.04, 33.24, 0, 0, 4.18
2019/04/10 11:29:00, 19.75, 20.21, 20.05, 35.04, 33.26, 0, 0, 4.18
2019/04/10 11:30:00, 19.75, 20.22, 20.09, 35.08, 33.25, 0, 0, 4.18
2019/04/10 11:31:00, 19.75, 20.21, 20.10, 35.07, 33.25, 0, 0, 4.18
2019/04/10 11:32:00, 19.75, 20.21, 20.09, 35.06, 33.25, 0, 0, 4.18
2019/04/10 11:33:00, 19.75, 20.21, 20.07, 35.04, 33.23, 0, 0, 4.18
2019/04/10 11:34:00, 19.75, 20.22, 20.07, 34.94, 33.21, 0, 0, 4.18
2019/04/10 11:35:00, 19.75, 20.21, 20.07, 35.04, 33.25, 0, 0, 4.18
2019/04/10 11:36:00, 19.75, 20.19, 20.07, 35.19, 33.37, 0, 0, 4.18
2019/04/10 11:37:00, 19.75, 20.19, 20.06, 35.41, 33.44, 0, 0, 4.18
2019/04/10 11:38:00, 19.75, 20.19, 20.04, 35.37, 33.52, 0, 0, 4.18
2019/04/10 11:39:00, 19.75, 20.18, 20.03, 34.97, 33.39, 0, 0, 4.18
2019/04/10 11:40:00, 19.75, 20.21, 20.04, 35.31, 33.55, 0, 0, 4.18
2019/04/10 11:41:00, 19.75, 20.19, 20.04, 35.28, 33.50, 0, 0, 4.18
2019/04/10 11:42:00, 19.75, 20.18, 20.05, 35.30, 33.57, 0, 0, 4.18
2019/04/10 11:43:00, 19.75, 20.19, 20.03, 35.29, 33.48, 0, 0, 4.18
2019/04/10 11:44:00, 19.75, 20.16, 20.03, 35.01, 33.52, 0, 0, 4.18
2019/04/10 11:45:00, 19.75, 20.16, 20.01, 35.01, 33.26, 0, 0, 4.18
2019/04/10 11:46:00, 19.75, 20.15, 20.01, 35.04, 33.36, 0, 0, 4.18
2019/04/10 11:47:00, 19.75, 20.16, 20.01, 35.24, 33.77, 0, 0, 4.18
2019/04/10 11:48:00, 19.75, 20.15, 20.01, 35.16, 33.39, 0, 0, 4.18
2019/04/10 11:49:00, 20.00, 20.12, 19.99, 35.12, 33.37, 0, 0, 4.18
2019/04/10 11:50:00, 20.00, 20.14, 19.99, 35.34, 33.48, 0, 0, 4.18
2019/04/10 11:51:00, 20.00, 20.16, 19.98, 35.63, 33.83, 0, 0, 4.18
2019/04/10 11:52:00, 20.00, 20.16, 20.01, 35.25, 33.61, 0, 0, 4.18
2019/04/10 11:53:00, 20.00, 20.16, 20.01, 35.44, 33.70, 0, 0, 4.18
2019/04/10 11:54:00, 20.00, 20.22, 20.05, 35.14, 33.74, 0, 0, 4.18
2019/04/10 11:55:00, 20.00, 20.25, 20.10, 36.23, 35.06, 0, 0, 4.18
2019/04/10 11:56:00, 20.00, 20.21, 20.09, 35.23, 33.72, 0, 0, 4.18
2019/04/10 11:57:00, 20.00, 20.23, 20.09, 35.06, 33.39, 0, 0, 4.18
2019/04/10 11:58:00, 20.00, 20.21, 20.06, 34.76, 33.11, 0, 0, 4.18
2019/04/10 11:59:00, 20.00, 20.21, 20.04, 35.61, 33.55, 0, 0, 4.18
2019/04/10 12:00:00, 20.00, 20.26, 20.08, 35.44, 33.48, 0, 0, 4.18
2019/04/10 12:01:00, 20.00, 20.26, 20.09, 34.63, 33.17, 0, 0, 4.18
2019/04/10 12:02:00, 20.00, 20.25, 20.06, 34.85, 33.07, 0, 0, 4.18
2019/04/10 12:03:00, 20.00, 20.22, 20.07, 34.90, 33.06, 0, 0, 4.18
2019/04/10 12:04:00, 20.00, 20.21, 20.05, 34.58, 32.90, 0, 0, 4.18
2019/04/10 12:05:00, 20.00, 20.21, 20.05, 34.75, 32.90, 0, 0, 4.18
2019/04/10 12:06:00, 20.00, 20.21, 20.03, 34.30, 32.66, 0, 0, 4.18
2019/04/10 12:07:00, 20.00, 20.19, 20.02, 34.24, 32.60, 0, 0, 4.18
2019/04/10 12:08:00, 20.00, 20.16, 20.03, 34.58, 32.65, 0, 0, 4.18
2019/04/10 12:09:00, 20.00, 20.14, 19.98, 34.96, 32.97, 0, 0, 4.18
2019/04/10 12:10:00, 20.00, 20.54, 20.33, 33.67, 32.44, 0, 0, 4.18
2019/04/10 12:11:00, 20.25, 20.66, 20.48, 34.32, 32.42, 0, 0, 4.18
2019/04/10 12:12:00, 20.25, 20.57, 20.36, 34.89, 32.79, 0, 0, 4.18
2019/04/10 12:13:00, 20.25, 20.49, 20.33, 35.12, 33.22, 0, 0, 4.18
2019/04/10 12:14:00, 20.25, 20.44, 20.27, 35.37, 33.31, 0, 0, 4.18
2019/04/10 12:15:00, 20.25, 20.42, 20.24, 34.99, 33.18, 0, 0, 4.18
2019/04/10 12:16:00, 20.25, 20.38, 20.24, 34.94, 33.19, 0, 0, 4.18
2019/04/10 12:17:00, 20.25, 20.33, 20.20, 35.14, 33.36, 0, 0, 4.18
2019/04/10 12:18:00, 20.25, 20.35, 20.20, 34.93, 33.21, 0, 0, 4.18
2019/04/10 12:19:00, 20.25, 20.33, 20.20, 35.27, 33.29, 0, 0, 4.18
2019/04/10 12:20:00, 20.25, 20.29, 20.11, 34.77, 33.16, 0, 0, 4.18
2019/04/10 12:21:00, 20.25, 20.08, 19.94, 34.99, 33.03, 0, 0, 4.18
2019/04/10 12:22:00, 20.25, 19.60, 19.55, 34.57, 32.60, 0, 0, 4.18
2019/04/10 12:23:00, 20.25, 19.36, 19.29, 34.57, 31.95, 0, 0, 4.18
2019/04/10 12:24:00, 20.00, 19.38, 19.24, 33.74, 31.64, 0, 0, 4.18
2019/04/10 12:25:00, 20.00, 19.39, 19.27, 34.79, 32.62, 0, 0, 4.18
2019/04/10 12:26:00, 20.00, 19.45, 19.28, 34.76, 32.94, 0, 0, 4.18
2019/04/10 12:27:00, 20.00, 19.52, 19.34, 34.38, 32.61, 0, 0, 4.18
2019/04/10 12:28:00, 20.00, 19.54, 19.39, 34.58, 32.63, 0, 0, 4.18
2019/04/10 12:29:00, 20.00, 19.63, 19.44, 34.32, 32.64, 0, 0, 4.18
2019/04/10 12:30:00, 20.00, 19.67, 19.49, 34.18, 32.56, 0, 0, 4.18
2019/04/10 12:31:00, 20.00, 19.70, 19.55, 34.02, 32.29, 0, 0, 4.18
2019/04/10 12:32:00, 20.00, 19.74, 19.60, 33.69, 31.99, 0, 0, 4.18
2019/04/10 12:33:00, 20.00, 19.80, 19.64, 33.54, 31.82, 0, 0, 4.18
2019/04/10 12:34:00, 20.00, 19.85, 19.67, 33.10, 31.47, 0, 0, 4.18
2019/04/10 12:35:00, 20.00, 19.88, 19.70, 33.31, 31.52, 0, 0, 4.18
2019/04/10 12:36:00, 20.00, 19.91, 19.73, 32.99, 31.33, 0, 0, 4.18
2019/04/10 12:37:00, 20.00, 19.91, 19.76, 33.11, 31.33, 0, 0, 4.18
2019/04/10 12:38:00, 20.00, 19.97, 19.79, 32.98, 31.33, 0, 0, 4.18
2019/04/10 12:39:00, 20.00, 19.91, 19.72, 33.35, 31.61, 0, 0, 4.18
2019/04/10 12:40:00, 20.00, 19.91, 19.70, 34.65, 32.04, 0, 0, 4.18
2019/04/10 12:41:00, 20.00, 19.94, 19.77, 35.10, 33.37, 0, 0, 4.18
2019/04/10 12:42:00, 20.00, 19.92, 19.75, 34.09, 32.52, 0, 0, 4.18
2019/04/10 12:43:00, 20.00, 19.89, 19.73, 33.74, 32.42, 0, 0, 4.18
2019/04/10 12:44:00, 20.00, 19.92, 19.75, 33.33, 31.77, 0, 0, 4.18
2019/04/10 12:45:00, 20.00, 19.94, 19.76, 33.65, 31.96, 0, 0, 4.18
2019/04/10 12:46:00, 20.00, 19.94, 19.79, 33.69, 31.91, 0, 0, 4.18
2019/04/10 12:47:00, 20.00, 19.97, 19.82, 33.65, 31.94, 0, 0, 4.18
2019/04/10 12:48:00, 20.00, 20.00, 19.81, 33.76, 32.00, 0, 0, 4.18
2019/04/10 12:49:00, 20.00, 20.01, 19.82, 33.77, 31.94, 0, 0, 4.18
2019/04/10 12:50:00, 20.00, 20.02, 19.84, 33.80, 32.04, 0, 0, 4.18
2019/04/10 12:51:00, 20.00, 20.04, 19.86, 33.88, 32.13, 0, 0, 4.18
2019/04/10 12:52:00, 20.00, 20.05, 19.89, 33.91, 32.34, 0, 0, 4.18
2019/04/10 12:53:00, 20.00, 20.07, 19.89, 33.66, 32.12, 0, 0, 4.18
2019/04/10 12:54:00, 20.00, 20.07, 19.91, 34.00, 32.12, 0, 0, 4.18
2019/04/10 12:55:00, 20.00, 20.07, 19.91, 33.90, 32.28, 0, 0, 4.18
2019/04/10 12:56:00, 20.00, 20.08, 19.91, 34.58, 32.49, 0, 0, 4.18
2019/04/10 12:57:00, 20.00, 20.08, 19.91, 33.91, 32.39, 0, 0, 4.18
2019/04/10 12:58:00, 20.00, 20.11, 19.93, 34.39, 32.63, 0, 0, 4.18
2019/04/10 12:59:00, 20.00, 20.11, 19.93, 34.06, 32.54, 0, 0, 4.18
2019/04/10 13:00:00, 20.00, 20.14, 19.96, 35.10, 32.84, 0, 0, 4.18
2019/04/10 13:01:00, 20.00, 20.11, 19.95, 35.80, 32.81, 0, 0, 4.18
2019/04/10 13:02:00, 20.00, 20.12, 19.94, 34.69, 32.65, 0, 0, 4.18
2019/04/10 13:03:00, 20.00, 20.14, 19.96, 34.06, 32.86, 0, 0, 4.18
2019/04/10 13:04:00, 20.00, 20.15, 19.96, 33.81, 32.16, 0, 0, 4.18
2019/04/10 13:05:00, 20.00, 20.16, 19.98, 35.03, 32.38, 0, 0, 4.18
2019/04/10 13:06:00, 20.00, 20.15, 19.98, 33.71, 32.15, 0, 0, 4.18
2019/04/10 13:07:00, 20.00, 20.18, 20.01, 33.71, 32.12, 0, 0, 4.18
2019/04/10 13:08:00, 20.00, 20.21, 20.01, 33.72, 32.01, 0, 0, 4.18
2019/04/10 13:09:00, 20.00, 20.19, 20.03, 33.72, 31.99, 0, 0, 4.18
2019/04/10 13:10:00, 20.00, 20.22, 20.05, 33.83, 32.16, 0, 0, 4.18
2019/04/10 13:11:00, 20.00, 20.21, 20.03, 34.86, 32.56, 0, 0, 4.18
2019/04/10 13:12:00, 20.00, 20.22, 20.06, 34.28, 32.44, 0, 0, 4.18
2019/04/10 13:13:00, 20.00, 20.23, 20.06, 34.29, 32.83, 0, 0, 4.18
2019/04/10 13:14:00, 20.00, 20.25, 20.08, 34.36, 32.90, 0, 0, 4.18
2019/04/10 13:15:00, 20.00, 20.25, 20.08, 35.55, 33.85, 0, 0, 4.18
2019/04/10 13:16:00, 20.00, 20.25, 20.09, 35.66, 33.63, 0, 0, 4.18
2019/04/10 13:17:00, 20.00, 20.26, 20.09, 35.22, 33.85, 0, 0, 4.18
2019/04/10 13:18:00, 20.00, 20.25, 20.09, 35.09, 33.48, 0, 0, 4.18
2019/04/10 13:19:00, 20.00, 20.25, 20.10, 34.60, 33.61, 0, 0, 4.18
2019/04/10 13:20:00, 20.00, 20.26, 20.09, 35.50, 33.61, 0, 0, 4.18
2019/04/10 13:21:00, 20.00, 20.26, 20.08, 34.73, 33.15, 0, 0, 4.18
2019/04/10 13:22:00, 20.00, 20.26, 20.09, 34.78, 33.13, 0, 0, 4.18
2019/04/10 13:23:00, 20.25, 20.23, 20.09, 34.28, 32.81, 0, 0, 4.18
2019/04/10 13:24:00, 20.25, 20.26, 20.10, 34.72, 32.99, 0, 0, 4.18
2019/04/10 13:25:00, 20.25, 20.26, 20.10, 34.88, 33.15, 0, 0, 4.18
2019/04/10 13:26:00, 20.25, 20.19, 20.03, 33.96, 32.49, 0, 0, 4.18
2019/04/10 13:27:00, 20.25, 20.11, 19.92, 34.15, 32.61, 0, 0, 4.18
2019/04/10 13:28:00, 20.25, 20.11, 19.90, 34.28, 32.54, 0, 0, 4.18
2019/04/10 13:29:00, 20.25, 20.11, 19.93, 34.41, 32.53, 0, 0, 4.18
2019/04/10 13:30:00, 20.25, 20.12, 19.93, 33.43, 32.16, 0, 0, 4.18
2019/04/10 13:31:00, 20.25, 20.14, 19.95, 33.98, 32.16, 0, 0, 4.18
2019/04/10 13:32:00, 20.25, 20.15, 19.96, 34.48, 32.52, 0, 0, 4.18
2019/04/10 13:33:00, 20.00, 20.09, 19.94, 33.95, 32.27, 0, 0, 4.18
2019/04/10 13:34:00, 20.25, 20.11, 19.94, 34.35, 32.55, 0, 0, 4.18
2019/04/10 13:35:00, 20.25, 20.11, 19.94, 33.95, 32.38, 0, 0, 4.18
2019/04/10 13:36:00, 20.25, 20.11, 19.94, 33.99, 32.29, 0, 0, 4.18
2019/04/10 13:37:00, 20.25, 20.11, 19.96, 33.93, 32.06, 0, 0, 4.18
2019/04/10 13:38:00, 20.25, 20.12, 19.94, 33.60, 32.06, 0, 0, 4.18
2019/04/10 13:39:00, 20.25, 20.14, 19.94, 33.71, 31.98, 0, 0, 4.18
2019/04/10 13:40:00, 20.25, 20.12, 19.96, 33.47, 31.81, 0, 0, 4.18
2019/04/10 13:41:00, 20.25, 20.14, 19.96, 33.43, 31.76, 0, 0, 4.18
2019/04/10 13:42:00, 20.25, 20.15, 19.98, 33.30, 31.66, 0, 0, 4.18
2019/04/10 13:43:00, 20.25, 20.16, 19.97, 33.46, 31.65, 0, 0, 4.18
2019/04/10 13:44:00, 20.25, 20.15, 19.98, 33.51, 31.65, 0, 0, 4.18
2019/04/10 13:45:00, 20.25, 20.16, 19.98, 33.29, 31.55, 0, 0, 4.18
2019/04/10 13:46:00, 20.25, 20.18, 19.98, 33.19, 31.55, 0, 0, 4.18
2019/04/10 13:47:00, 20.25, 20.16, 19.99, 33.41, 31.62, 0, 0, 4.18
2019/04/10 13:48:00, 20.25, 20.21, 19.99, 33.21, 31.59, 0, 0, 4.18
2019/04/10 13:49:00, 20.25, 20.19, 19.99, 33.06, 31.51, 0, 0, 4.18
2019/04/10 13:50:00, 20.25, 20.18, 20.02, 33.15, 31.59, 0, 0, 4.18
2019/04/10 13:51:00, 20.25, 20.21, 20.02, 33.12, 31.45, 0, 0, 4.18
2019/04/10 13:52:00, 20.25, 20.21, 20.01, 33.26, 31.52, 0, 0, 4.18
2019/04/10 13:53:00, 20.25, 20.22, 20.02, 33.27, 31.52, 0, 0, 4.18
2019/04/10 13:54:00, 20.25, 20.21, 20.01, 33.25, 31.48, 0, 0, 4.18
2019/04/10 13:55:00, 20.25, 20.19, 20.03, 33.26, 31.55, 0, 0, 4.18
2019/04/10 13:56:00, 20.25, 20.19, 20.01, 33.17, 31.52, 0, 0, 4.18
2019/04/10 13:57:00, 20.25, 20.19, 20.01, 33.27, 31.61, 0, 0, 4.18
2019/04/10 13:58:00, 20.25, 20.21, 20.02, 33.25, 31.46, 0, 0, 4.18
2019/04/10 13:59:00, 20.25, 20.19, 20.02, 33.20, 31.59, 0, 0, 4.18
2019/04/10 14:00:00, 20.25, 20.19, 20.04, 33.25, 31.59, 0, 0, 4.18
2019/04/10 14:01:00, 20.25, 20.19, 20.03, 33.16, 31.49, 0, 0, 4.18
2019/04/10 14:02:00, 20.25, 20.18, 20.02, 33.33, 31.51, 0, 0, 4.18
2019/04/10 14:03:00, 20.25, 20.18, 20.02, 33.20, 31.47, 0, 0, 4.18
2019/04/10 14:04:00, 20.25, 20.19, 20.02, 33.04, 31.42, 0, 0, 4.18
2019/04/10 14:05:00, 20.25, 20.21, 20.03, 32.99, 31.41, 0, 0, 4.18
2019/04/10 14:06:00, 20.25, 20.19, 20.02, 33.10, 31.40, 0, 0, 4.18
2019/04/10 14:07:00, 20.25, 20.19, 20.03, 33.07, 31.36, 0, 0, 4.18
2019/04/10 14:08:00, 20.25, 20.19, 20.03, 33.11, 31.45, 0, 0, 4.18
2019/04/10 14:09:00, 20.25, 20.21, 20.04, 33.25, 31.45, 0, 0, 4.18
2019/04/10 14:10:00, 20.25, 20.19, 20.02, 33.23, 31.48, 0, 0, 4.18
2019/04/10 14:11:00, 20.25, 20.22, 20.03, 33.12, 31.41, 0, 0, 4.18
2019/04/10 14:12:00, 20.25, 20.21, 20.02, 33.06, 31.29, 0, 0, 4.18
2019/04/10 14:13:00, 20.25, 20.19, 20.02, 33.10, 31.39, 0, 0, 4.18
2019/04/10 14:14:00, 20.25, 20.19, 20.03, 33.04, 31.44, 0, 0, 4.18
2019/04/10 14:15:00, 20.25, 20.22, 20.04, 32.93, 31.24, 0, 0, 4.18
2019/04/10 14:16:00, 20.25, 20.22, 20.04, 32.97, 31.23, 0, 0, 4.18
2019/04/10 14:17:00, 20.25, 20.21, 20.02, 33.05, 31.27, 0, 0, 4.18
2019/04/10 14:18:00, 20.25, 20.21, 20.02, 32.96, 31.33, 0, 0, 4.18
2019/04/10 14:19:00, 20.25, 20.21, 20.01, 32.87, 31.26, 0, 0, 4.18
2019/04/10 14:20:00, 20.25, 20.21, 20.03, 32.85, 31.27, 0, 0, 4.18
2019/04/10 14:21:00, 20.25, 20.21, 20.01, 33.07, 31.26, 0, 0, 4.18
2019/04/10 14:22:00, 20.25, 20.21, 20.02, 33.00, 31.24, 0, 0, 4.18
2019/04/10 14:23:00, 20.25, 20.21, 20.02, 32.95, 31.30, 0, 0, 4.18
2019/04/10 14:24:00, 20.25, 20.23, 20.02, 33.03, 31.24, 0, 0, 4.18
2019/04/10 14:25:00, 20.25, 20.23, 20.02, 32.86, 31.23, 0, 0, 4.18
2019/04/10 14:26:00, 20.25, 20.23, 20.05, 33.00, 31.29, 0, 0, 4.18
2019/04/10 14:27:00, 20.25, 20.23, 20.03, 32.99, 31.24, 0, 0, 4.18
2019/04/10 14:28:00, 20.25, 20.23, 20.05, 32.80, 31.18, 0, 0, 4.18
2019/04/10 14:29:00, 20.25, 20.21, 20.04, 33.09, 31.27, 0, 0, 4.18
2019/04/10 14:30:00, 20.25, 20.26, 20.06, 32.89, 31.23, 0, 0, 4.18
2019/04/10 14:31:00, 20.25, 20.25, 20.06, 32.75, 31.12, 0, 0, 4.18
2019/04/10 14:32:00, 20.25, 20.23, 20.05, 32.71, 31.12, 0, 0, 4.18
2019/04/10 14:33:00, 20.25, 20.23, 20.07, 32.96, 31.13, 0, 0, 4.18
2019/04/10 14:34:00, 20.25, 20.25, 20.06, 32.93, 31.25, 0, 0, 4.18
2019/04/10 14:35:00, 20.25, 20.25, 20.07, 32.90, 31.17, 0, 0, 4.18
2019/04/10 14:36:00, 20.25, 20.25, 20.06, 33.05, 31.23, 0, 0, 4.18
2019/04/10 14:37:00, 20.25, 20.26, 20.08, 32.81, 31.18, 0, 0, 4.18
2019/04/10 14:38:00, 20.25, 20.26, 20.05, 32.99, 31.22, 0, 0, 4.18
2019/04/10 14:39:00, 20.25, 20.26, 20.06, 32.87, 31.22, 0, 0, 4.18
2019/04/10 14:40:00, 20.25, 20.25, 20.07, 32.77, 31.16, 0, 0, 4.18
2019/04/10 14:41:00, 20.25, 20.25, 20.06, 33.02, 31.20, 0, 0, 4.18
2019/04/10 14:42:00, 20.25, 20.22, 20.06, 32.83, 31.13, 0, 0, 4.18
2019/04/10 14:43:00, 20.25, 20.28, 20.08, 32.83, 31.10, 0, 0, 4.18
2019/04/10 14:44:00, 20.25, 20.23, 20.09, 33.00, 31.19, 0, 0, 4.18
2019/04/10 14:45:00, 20.25, 20.26, 20.09, 32.98, 31.15, 0, 0, 4.18
2019/04/10 14:46:00, 20.25, 20.26, 20.08, 32.74, 31.05, 0, 0, 4.18
2019/04/10 14:47:00, 20.25, 20.26, 20.07, 32.95, 31.17, 0, 0, 4.18
2019/04/10 14:48:00, 20.25, 20.23, 20.10, 32.98, 31.23, 0, 0, 4.18
2019/04/10 14:49:00, 20.25, 20.26, 20.09, 32.98, 31.16, 0, 0, 4.18
2019/04/10 14:50:00, 20.25, 20.25, 20.08, 32.81, 31.17, 0, 0, 4.18
2019/04/10 14:51:00, 20.25, 20.25, 20.10, 32.81, 31.17, 0, 0, 4.18
2019/04/10 14:52:00, 20.25, 20.28, 20.11, 32.79, 31.10, 0, 0, 4.18
2019/04/10 14:53:00, 20.25, 20.29, 20.10, 32.78, 31.07, 0, 0, 4.18
2019/04/10 14:54:00, 20.25, 20.29, 20.11, 32.90, 31.11, 0, 0, 4.18
2019/04/10 14:55:00, 20.25, 20.29, 20.10, 32.69, 31.05, 0, 0, 4.18
2019/04/10 14:56:00, 20.25, 20.29, 20.11, 32.79, 31.03, 0, 0, 4.18
2019/04/10 14:57:00, 20.25, 20.29, 20.11, 32.82, 31.05, 0, 0, 4.18
2019/04/10 14:58:00, 20.25, 20.32, 20.09, 32.79, 31.13, 0, 0, 4.18
2019/04/10 14:59:00, 20.25, 20.28, 20.10, 32.86, 31.07, 0, 0, 4.18
2019/04/10 15:00:00, 20.25, 20.30, 20.09, 32.70, 31.10, 0, 0, 4.18
2019/04/10 15:01:00, 20.25, 20.26, 20.10, 32.85, 31.11, 0, 0, 4.18
2019/04/10 15:02:00, 20.25, 20.29, 20.10, 32.83, 31.12, 0, 0, 4.18
2019/04/10 15:03:00, 20.25, 20.29, 20.09, 32.82, 31.17, 0, 0, 4.18
2019/04/10 15:04:00, 20.25, 20.26, 20.11, 32.86, 31.15, 0, 0, 4.18
2019/04/10 15:05:00, 20.25, 20.25, 20.09, 32.95, 31.12, 0, 0, 4.18
2019/04/10 15:06:00, 20.25, 20.28, 20.10, 32.77, 31.10, 0, 0, 4.18
2019/04/10 15:07:00, 20.25, 20.26, 20.09, 32.86, 31.08, 0, 0, 4.18
2019/04/10 15:08:00, 20.25, 20.25, 20.09, 32.81, 31.13, 0, 0, 4.18
2019/04/10 15:09:00, 20.25, 20.26, 20.09, 32.71, 31.11, 0, 0, 4.18
2019/04/10 15:10:00, 20.25, 20.29, 20.09, 32.70, 31.07, 0, 0, 4.18
2019/04/10 15:11:00, 20.25, 20.26, 20.07, 32.90, 31.15, 0, 0, 4.18
2019/04/10 15:12:00, 20.25, 20.26, 20.09, 32.90, 31.20, 0, 0, 4.18
2019/04/10 15:13:00, 20.25, 20.28, 20.09, 32.80, 31.09, 0, 0, 4.18
2019/04/10 15:14:00, 20.25, 20.26, 20.09, 32.73, 31.08, 0, 0, 4.18
2019/04/10 15:15:00, 20.25, 20.26, 20.07, 32.80, 31.04, 0, 0, 4.18
2019/04/10 15:16:00, 20.25, 20.26, 20.09, 32.79, 31.13, 0, 0, 4.18
2019/04/10 15:17:00, 20.50, 20.25, 20.06, 32.67, 31.04, 0, 0, 4.18
2019/04/10 15:18:00, 20.50, 20.23, 20.07, 32.86, 31.15, 0, 0, 4.18
2019/04/10 15:19:00, 20.50, 20.23, 20.08, 32.89, 31.13, 0, 0, 4.18
2019/04/10 15:20:00, 20.25, 20.26, 20.05, 32.81, 31.07, 0, 0, 4.18
2019/04/10 15:21:00, 20.25, 20.23, 20.09, 32.73, 31.04, 0, 0, 4.18
2019/04/10 15:22:00, 20.25, 20.23, 20.07, 32.87, 31.07, 0, 0, 4.18
2019/04/10 15:23:00, 20.50, 20.23, 20.06, 32.76, 31.10, 0, 0, 4.18
2019/04/10 15:24:00, 20.25, 20.25, 20.05, 32.71, 31.05, 0, 0, 4.18
2019/04/10 15:25:00, 20.25, 20.26, 20.05, 32.79, 31.08, 0, 0, 4.18
2019/04/10 15:26:00, 20.25, 20.26, 20.08, 32.80, 31.07, 0, 0, 4.18
2019/04/10 15:27:00, 20.50, 20.28, 20.06, 32.83, 31.13, 0, 0, 4.18
2019/04/10 15:28:00, 20.50, 20.25, 20.07, 32.67, 31.03, 0, 0, 4.18
2019/04/10 15:29:00, 20.25, 20.25, 20.05, 32.74, 31.07, 0, 0, 4.18
2019/04/10 15:30:00, 20.50, 20.25, 20.06, 32.63, 31.01, 0, 0, 4.18
2019/04/10 15:31:00, 20.25, 20.25, 20.05, 32.70, 31.01, 0, 0, 4.18
2019/04/10 15:32:00, 20.25, 20.23, 20.06, 32.58, 30.94, 0, 0, 4.18
2019/04/10 15:33:00, 20.25, 20.23, 20.05, 32.65, 31.02, 0, 0, 4.18
2019/04/10 15:34:00, 20.25, 20.23, 20.05, 32.58, 31.00, 0, 0, 4.18
2019/04/10 15:35:00, 20.25, 20.23, 20.05, 32.65, 30.98, 0, 0, 4.18
2019/04/10 15:36:00, 20.25, 20.25, 20.05, 32.58, 30.91, 0, 0, 4.18
2019/04/10 15:37:00, 20.25, 20.23, 20.05, 32.62, 30.95, 0, 0, 4.18
2019/04/10 15:38:00, 20.25, 20.25, 20.05, 32.70, 30.99, 0, 0, 4.18
2019/04/10 15:39:00, 20.25, 20.22, 20.04, 32.73, 30.97, 0, 0, 4.18
2019/04/10 15:40:00, 20.25, 20.23, 20.05, 32.71, 31.02, 0, 0, 4.18
2019/04/10 15:41:00, 20.25, 20.23, 20.05, 32.71, 31.02, 0, 0, 4.18
2019/04/10 15:42:00, 20.25, 20.25, 20.07, 32.62, 30.97, 0, 0, 4.18
2019/04/10 15:43:00, 20.25, 20.23, 20.06, 32.70, 30.94, 0, 0, 4.18
2019/04/10 15:44:00, 20.25, 20.25, 20.06, 32.57, 30.94, 0, 0, 4.18
2019/04/10 15:45:00, 20.25, 20.25, 20.05, 32.73, 31.05, 0, 0, 4.18
2019/04/10 15:46:00, 20.25, 20.26, 20.05, 32.67, 31.01, 0, 0, 4.18
2019/04/10 15:47:00, 20.25, 20.22, 20.05, 32.74, 30.99, 0, 0, 4.18
2019/04/10 15:48:00, 20.25, 20.25, 20.05, 32.64, 30.99, 0, 0, 4.18
2019/04/10 15:49:00, 20.50, 20.25, 20.05, 32.68, 30.99, 0, 0, 4.18
2019/04/10 15:50:00, 20.25, 20.23, 20.04, 32.64, 31.00, 0, 0, 4.18
2019/04/10 15:51:00, 20.25, 20.15, 19.98, 33.04, 31.17, 0, 0, 4.18
2019/04/10 15:52:00, 20.25, 20.05, 19.90, 33.88, 31.55, 0, 0, 4.18
2019/04/10 15:53:00, 20.25, 20.00, 19.83, 33.56, 31.87, 0, 0, 4.18
2019/04/10 15:54:00, 20.25, 20.01, 19.83, 33.93, 31.97, 0, 0, 4.18
2019/04/10 15:55:00, 20.25, 20.07, 19.88, 33.34, 31.72, 0, 0, 4.18
2019/04/10 15:56:00, 20.25, 20.07, 19.91, 33.03, 31.44, 0, 0, 4.18
2019/04/10 15:57:00, 20.25, 20.09, 19.93, 33.31, 31.49, 0, 0, 4.18
2019/04/10 15:58:00, 20.25, 20.11, 19.94, 33.17, 31.47, 0, 0, 4.18
2019/04/10 15:59:00, 20.25, 20.11, 19.95, 33.02, 31.39, 0, 0, 4.18
2019/04/10 16:00:00, 20.25, 20.12, 19.95, 33.01, 31.39, 0, 0, 4.18
2019/04/10 16:01:00, 20.25, 20.14, 19.93, 33.10, 31.35, 0, 0, 4.18
2019/04/10 16:02:00, 20.25, 20.15, 19.94, 32.98, 31.30, 0, 0, 4.18
2019/04/10 16:03:00, 20.25, 20.16, 19.96, 32.95, 31.20, 0, 0, 4.18
2019/04/10 16:04:00, 20.25, 20.16, 19.97, 32.86, 31.20, 0, 0, 4.18
2019/04/10 16:05:00, 20.25, 20.19, 19.98, 32.89, 31.17, 0, 0, 4.18
2019/04/10 16:06:00, 20.25, 20.19, 20.01, 32.89, 31.26, 0, 0, 4.18
2019/04/10 16:07:00, 20.25, 20.21, 19.97, 33.04, 31.28, 0, 0, 4.18
2019/04/10 16:08:00, 20.25, 20.19, 20.02, 33.01, 31.30, 0, 0, 4.18
2019/04/10 16:09:00, 20.25, 20.19, 19.99, 33.10, 31.36, 0, 0, 4.18
2019/04/10 16:10:00, 20.25, 20.19, 20.01, 33.03, 31.36, 0, 0, 4.18
2019/04/10 16:11:00, 20.25, 20.22, 20.04, 33.15, 31.34, 0, 0, 4.18
2019/04/10 16:12:00, 20.25, 20.21, 20.04, 33.16, 31.42, 0, 0, 4.18
2019/04/10 16:13:00, 20.25, 20.23, 20.02, 33.22, 31.50, 0, 0, 4.18
2019/04/10 16:14:00, 20.25, 20.21, 20.05, 33.06, 31.50, 0, 0, 4.18
2019/04/10 16:15:00, 20.25, 20.22, 20.05, 33.31, 31.53, 0, 0, 4.18
2019/04/10 16:16:00, 20.25, 20.22, 20.03, 33.25, 31.56, 0, 0, 4.18
2019/04/10 16:17:00, 20.25, 20.21, 20.02, 33.23, 31.53, 0, 0, 4.18
2019/04/10 16:18:00, 20.25, 20.22, 20.03, 33.35, 31.55, 0, 0, 4.18
2019/04/10 16:19:00, 20.25, 20.23, 20.03, 33.41, 31.64, 0, 0, 4.18
2019/04/10 16:20:00, 20.25, 20.21, 20.03, 33.44, 31.68, 0, 0, 4.18
2019/04/10 16:21:00, 20.25, 20.23, 20.03, 33.54, 31.81, 0, 0, 4.18
2019/04/10 16:22:00, 20.25, 20.23, 20.06, 33.56, 32.02, 0, 0, 4.18
2019/04/10 16:23:00, 20.25, 20.26, 20.09, 33.56, 31.82, 0, 0, 4.18
2019/04/10 16:24:00, 20.25, 20.28, 20.10, 34.09, 32.13, 0, 0, 4.18
2019/04/10 16:25:00, 20.25, 20.28, 20.09, 33.86, 32.10, 0, 0, 4.18
2019/04/10 16:26:00, 20.25, 20.29, 20.11, 33.74, 32.01, 0, 0, 4.18
2019/04/10 16:27:00, 20.25, 20.30, 20.13, 33.49, 31.80, 0, 0, 4.18
2019/04/10 16:28:00, 20.25, 20.30, 20.13, 33.85, 32.00, 0, 0, 4.18
2019/04/10 16:29:00, 20.25, 20.33, 20.13, 34.38, 32.55, 0, 0, 4.18
2019/04/10 16:30:00, 20.25, 20.33, 20.14, 34.35, 32.49, 0, 0, 4.18
2019/04/10 16:31:00, 20.25, 20.32, 20.16, 34.45, 32.63, 0, 0, 4.18
2019/04/10 16:32:00, 20.25, 20.32, 20.16, 34.40, 32.86, 0, 0, 4.18
2019/04/10 16:33:00, 20.25, 20.30, 20.14, 34.01, 32.42, 0, 0, 4.18
2019/04/10 16:34:00, 20.25, 20.32, 20.16, 34.22, 32.53, 0, 0, 4.18
2019/04/10 16:35:00, 20.25, 20.29, 20.14, 34.42, 32.60, 0, 0, 4.18
2019/04/10 16:36:00, 20.25, 20.35, 20.16, 34.30, 32.53, 0, 0, 4.18
2019/04/10 16:37:00, 20.25, 20.32, 20.17, 34.63, 32.71, 0, 0, 4.18
2019/04/10 16:38:00, 20.25, 20.33, 20.14, 34.04, 32.36, 0, 0, 4.18
2019/04/10 16:39:00, 20.25, 20.30, 20.13, 34.07, 32.27, 0, 0, 4.18
2019/04/10 16:40:00, 20.25, 20.30, 20.12, 33.63, 32.04, 0, 0, 4.18
2019/04/10 16:41:00, 20.25, 20.30, 20.14, 33.78, 31.99, 0, 0, 4.18
2019/04/10 16:42:00, 20.25, 20.32, 20.12, 33.70, 32.00, 0, 0, 4.18
2019/04/10 16:43:00, 20.25, 20.30, 20.14, 33.71, 31.98, 0, 0, 4.18
2019/04/10 16:44:00, 20.25, 20.32, 20.13, 33.69, 32.00, 0, 0, 4.18
2019/04/10 16:45:00, 20.25, 20.32, 20.13, 33.67, 31.98, 0, 0, 4.18
2019/04/10 16:46:00, 20.25, 20.33, 20.14, 33.73, 32.01, 0, 0, 4.18
2019/04/10 16:47:00, 20.25, 20.35, 20.13, 33.76, 32.00, 0, 0, 4.18
2019/04/10 16:48:00, 20.25, 20.33, 20.14, 33.78, 32.01, 0, 0, 4.18
2019/04/10 16:49:00, 20.25, 20.33, 20.13, 33.75, 32.05, 0, 0, 4.18
2019/04/10 16:50:00, 20.25, 20.32, 20.14, 33.88, 32.14, 0, 0, 4.18
2019/04/10 16:51:00, 20.25, 20.33, 20.14, 33.89, 32.13, 0, 0, 4.18
2019/04/10 16:52:00, 20.25, 20.35, 20.13, 34.02, 32.22, 0, 0, 4.18
2019/04/10 16:53:00, 20.25, 20.32, 20.12, 33.83, 32.17, 0, 0, 4.18
2019/04/10 16:54:00, 20.25, 20.32, 20.13, 34.43, 33.10, 0, 0, 4.18
2019/04/10 16:55:00, 20.50, 20.33, 20.16, 34.10, 32.71, 0, 0, 4.18
2019/04/10 16:56:00, 20.25, 20.09, 19.94, 33.91, 32.19, 0, 0, 4.18
2019/04/10 16:57:00, 20.25, 19.83, 19.72, 33.24, 31.87, 0, 0, 4.18
2019/04/10 16:58:00, 20.25, 19.67, 19.55, 33.90, 32.02, 0, 0, 4.18
2019/04/10 16:59:00, 20.25, 19.68, 19.50, 33.31, 31.69, 0, 0, 4.18
2019/04/10 17:00:00, 20.25, 19.71, 19.50, 34.11, 31.89, 0, 0, 4.18
2019/04/10 17:01:00, 20.25, 19.74, 19.53, 33.90, 32.09, 0, 0, 4.18
2019/04/10 17:02:00, 20.25, 19.78, 19.55, 34.12, 32.27, 0, 0, 4.18
2019/04/10 17:03:00, 20.25, 19.80, 19.60, 34.08, 32.34, 0, 0, 4.18
2019/04/10 17:04:00, 20.25, 19.83, 19.64, 33.85, 32.24, 0, 0, 4.18
2019/04/10 17:05:00, 20.25, 19.84, 19.67, 33.83, 32.12, 0, 0, 4.18
2019/04/10 17:06:00, 20.25, 19.88, 19.67, 33.65, 31.99, 0, 0, 4.18
2019/04/10 17:07:00, 20.25, 19.91, 19.68, 33.50, 31.85, 0, 0, 4.18
2019/04/10 17:08:00, 20.25, 19.92, 19.75, 33.31, 31.64, 0, 0, 4.18
2019/04/10 17:09:00, 20.25, 19.94, 19.75, 33.27, 31.59, 0, 0, 4.18
2019/04/10 17:10:00, 20.25, 19.97, 19.75, 33.08, 31.41, 0, 0, 4.18
2019/04/10 17:11:00, 20.25, 19.97, 19.77, 32.95, 31.30, 0, 0, 4.18
2019/04/10 17:12:00, 20.25, 19.95, 19.75, 32.88, 31.22, 0, 0, 4.18
2019/04/10 17:13:00, 20.25, 19.95, 19.77, 32.69, 31.10, 0, 0, 4.18
2019/04/10 17:14:00, 20.25, 20.00, 19.78, 32.76, 31.06, 0, 0, 4.18
2019/04/10 17:15:00, 20.25, 19.97, 19.78, 32.74, 31.02, 0, 0, 4.18
2019/04/10 17:16:00, 20.25, 19.97, 19.78, 32.59, 31.00, 0, 0, 4.18
2019/04/10 17:17:00, 20.25, 19.95, 19.76, 32.68, 31.01, 0, 0, 4.18
2019/04/10 17:18:00, 20.25, 20.00, 19.81, 32.56, 30.94, 0, 0, 4.18
2019/04/10 17:19:00, 20.25, 19.98, 19.82, 32.69, 30.94, 0, 0, 4.18
2019/04/10 17:20:00, 20.25, 19.98, 19.82, 32.72, 30.97, 0, 0, 4.18
2019/04/10 17:21:00, 20.25, 20.01, 19.80, 32.73, 30.98, 0, 0, 4.18
2019/04/10 17:22:00, 20.25, 19.98, 19.79, 32.72, 31.01, 0, 0, 4.18
2019/04/10 17:23:00, 20.25, 20.01, 19.81, 32.62, 30.97, 0, 0, 4.18
2019/04/10 17:24:00, 20.25, 20.00, 19.78, 32.78, 31.02, 0, 0, 4.18
2019/04/10 17:25:00, 20.25, 19.98, 19.78, 32.65, 31.05, 0, 0, 4.18
2019/04/10 17:26:00, 20.25, 19.98, 19.78, 32.68, 31.01, 0, 0, 4.18
2019/04/10 17:27:00, 20.25, 20.00, 19.78, 32.55, 30.94, 0, 0, 4.18
2019/04/10 17:28:00, 20.25, 19.98, 19.80, 32.63, 30.98, 0, 0, 4.18
2019/04/10 17:29:00, 20.25, 19.98, 19.79, 32.73, 30.99, 0, 0, 4.18
2019/04/10 17:30:00, 20.25, 19.98, 19.78, 32.87, 31.07, 0, 0, 4.18
2019/04/10 17:31:00, 20.25, 19.97, 19.77, 32.79, 31.11, 0, 0, 4.18
2019/04/10 17:32:00, 20.25, 20.00, 19.76, 32.68, 31.06, 0, 0, 4.18
2019/04/10 17:33:00, 20.25, 19.97, 19.75, 32.68, 31.04, 0, 0, 4.18
2019/04/10 17:34:00, 20.25, 19.97, 19.77, 32.73, 31.06, 0, 0, 4.18
2019/04/10 17:35:00, 20.25, 19.97, 19.77, 32.82, 31.09, 0, 0, 4.18
2019/04/10 17:36:00, 20.25, 19.97, 19.75, 32.75, 31.10, 0, 0, 4.18
2019/04/10 17:37:00, 20.25, 19.94, 19.77, 32.85, 31.14, 0, 0, 4.18
2019/04/10 17:38:00, 20.25, 19.95, 19.75, 32.76, 31.09, 0, 0, 4.18
2019/04/10 17:39:00, 20.25, 19.97, 19.77, 32.73, 31.04, 0, 0, 4.18
2019/04/10 17:40:00, 20.25, 19.95, 19.75, 32.79, 31.11, 0, 0, 4.18
2019/04/10 17:41:00, 20.25, 19.97, 19.77, 32.76, 31.10, 0, 0, 4.18
2019/04/10 17:42:00, 20.25, 19.94, 19.75, 32.83, 31.13, 0, 0, 4.18
2019/04/10 17:43:00, 20.25, 19.97, 19.75, 32.69, 31.04, 0, 0, 4.18
2019/04/10 17:44:00, 20.25, 19.95, 19.75, 32.73, 31.08, 0, 0, 4.18
2019/04/10 17:45:00, 20.25, 19.97, 19.74, 32.75, 31.05, 0, 0, 4.18
2019/04/10 17:46:00, 20.25, 19.94, 19.75, 32.77, 31.09, 0, 0, 4.18
2019/04/10 17:47:00, 20.25, 19.95, 19.75, 32.69, 31.04, 0, 0, 4.18
2019/04/10 17:48:00, 20.25, 19.94, 19.75, 32.69, 31.01, 0, 0, 4.18
2019/04/10 17:49:00, 20.25, 19.97, 19.75, 32.70, 31.01, 0, 0, 4.18
2019/04/10 17:50:00, 20.25, 19.95, 19.77, 32.70, 31.03, 0, 0, 4.18
2019/04/10 17:51:00, 20.25, 19.95, 19.76, 32.73, 31.06, 0, 0, 4.18
2019/04/10 17:52:00, 20.25, 19.94, 19.77, 32.63, 31.04, 0, 0, 4.18
2019/04/10 17:53:00, 20.25, 19.98, 19.76, 32.63, 30.94, 0, 0, 4.18
2019/04/10 17:54:00, 20.25, 20.00, 19.79, 32.73, 31.00, 0, 0, 4.18
2019/04/10 17:55:00, 20.25, 19.97, 19.79, 32.46, 30.91, 0, 0, 4.18
2019/04/10 17:56:00, 20.25, 19.98, 19.78, 32.56, 30.86, 0, 0, 4.18
2019/04/10 17:57:00, 20.00, 20.00, 19.77, 32.65, 30.95, 0, 0, 4.18
2019/04/10 17:58:00, 20.25, 19.98, 19.77, 32.68, 31.03, 0, 0, 4.18
2019/04/10 17:59:00, 20.25, 19.97, 19.76, 32.78, 31.01, 0, 0, 4.18
2019/04/10 18:00:00, 20.25, 19.97, 19.77, 32.69, 31.02, 0, 0, 4.18
2019/04/10 18:01:00, 20.25, 19.97, 19.76, 32.70, 31.01, 0, 0, 4.18
2019/04/10 18:02:00, 20.25, 19.94, 19.75, 32.76, 31.02, 0, 0, 4.18
2019/04/10 18:03:00, 20.25, 19.95, 19.74, 32.81, 31.06, 0, 0, 4.18
2019/04/10 18:04:00, 20.25, 19.94, 19.73, 32.85, 31.07, 0, 0, 4.18
2019/04/10 18:05:00, 20.25, 19.92, 19.74, 32.64, 30.97, 0, 0, 4.18
2019/04/10 18:06:00, 20.00, 19.89, 19.73, 32.87, 31.07, 0, 0, 4.18
2019/04/10 18:07:00, 20.00, 19.92, 19.72, 32.73, 31.10, 0, 0, 4.18
2019/04/10 18:08:00, 20.00, 19.92, 19.73, 32.73, 31.04, 0, 0, 4.18
2019/04/10 18:09:00, 20.25, 19.92, 19.73, 32.79, 31.07, 0, 0, 4.18
2019/04/10 18:10:00, 20.00, 19.91, 19.70, 32.82, 31.10, 0, 0, 4.18
2019/04/10 18:11:00, 20.00, 19.92, 19.72, 32.86, 31.12, 0, 0, 4.18
2019/04/10 18:12:00, 20.00, 19.91, 19.72, 32.67, 31.05, 0, 0, 4.18
2019/04/10 18:13:00, 20.00, 19.92, 19.72, 32.77, 31.04, 0, 0, 4.18
2019/04/10 18:14:00, 20.00, 19.91, 19.72, 32.91, 31.10, 0, 0, 4.18
2019/04/10 18:15:00, 20.00, 19.95, 19.70, 32.67, 31.06, 0, 0, 4.18
2019/04/10 18:16:00, 20.00, 19.89, 19.70, 32.67, 31.01, 0, 0, 4.18
2019/04/10 18:17:00, 20.00, 19.91, 19.70, 32.82, 31.12, 0, 0, 4.18
2019/04/10 18:18:00, 20.00, 19.88, 19.69, 32.86, 31.14, 0, 0, 4.18
2019/04/10 18:19:00, 20.00, 19.91, 19.68, 32.73, 31.04, 0, 0, 4.18
2019/04/10 18:20:00, 20.00, 19.89, 19.70, 32.84, 31.09, 0, 0, 4.18
2019/04/10 18:21:00, 20.00, 19.91, 19.69, 32.82, 31.10, 0, 0, 4.18
2019/04/10 18:22:00, 20.00, 19.87, 19.69, 32.80, 31.10, 0, 0, 4.18
2019/04/10 18:23:00, 20.00, 19.88, 19.68, 32.76, 31.12, 0, 0, 4.18
2019/04/10 18:24:00, 20.00, 19.87, 19.66, 32.87, 31.16, 0, 0, 4.18
2019/04/10 18:25:00, 20.00, 19.85, 19.63, 32.90, 31.15, 0, 0, 4.18
2019/04/10 18:26:00, 20.00, 19.84, 19.64, 32.98, 31.30, 0, 0, 4.18
2019/04/10 18:27:00, 20.00, 19.84, 19.65, 32.89, 31.13, 0, 0, 4.18
2019/04/10 18:28:00, 20.00, 19.85, 19.63, 33.05, 31.27, 0, 0, 4.18
2019/04/10 18:29:00, 20.00, 19.87, 19.64, 32.89, 31.25, 0, 0, 4.18
2019/04/10 18:30:00, 20.00, 19.84, 19.65, 32.68, 31.16, 0, 0, 4.18
2019/04/10 18:31:00, 20.00, 19.84, 19.64, 32.92, 31.16, 0, 0, 4.18
2019/04/10 18:32:00, 20.00, 19.85, 19.63, 32.87, 31.16, 0, 0, 4.18
2019/04/10 18:33:00, 20.00, 19.81, 19.61, 32.98, 31.18, 0, 0, 4.18
2019/04/10 18:34:00, 20.00, 19.85, 19.62, 33.80, 31.94, 0, 0, 4.18
2019/04/10 18:35:00, 20.25, 20.19, 19.89, 35.17, 33.22, 0, 0, 4.18
2019/04/10 18:36:00, 20.25, 20.39, 20.08, 32.22, 31.45, 0, 0, 4.18
2019/04/10 18:37:00, 18.50, 20.61, 20.28, 31.80, 30.75, 0, 0, 4.61
2019/04/10 18:38:00, 17.75, 20.75, 20.41, 31.59, 30.56, 0, 0, 4.58
2019/04/10 18:39:00, 17.00, 20.85, 20.50, 31.31, 30.02, 0, 0, 4.58
2019/04/10 18:40:00, 16.75, 20.94, 20.61, 31.14, 29.85, 0, 0, 4.56
2019/04/10 18:41:00, 16.50, 21.02, 20.68, 30.96, 29.72, 0, 0, 4.56
2019/04/10 18:42:00, 16.50, 21.06, 20.72, 30.84, 29.59, 0, 0, 4.55
2019/04/10 18:43:00, 16.75, 21.09, 20.75, 30.88, 29.53, 0, 0, 4.54
2019/04/10 18:44:00, 16.75, 21.15, 20.80, 30.71, 29.46, 0, 0, 4.54
2019/04/10 18:45:00, 17.00, 21.22, 20.91, 30.58, 29.33, 0, 0, 4.54
2019/04/10 18:46:00, 17.00, 21.19, 20.86, 30.63, 29.27, 0, 0, 4.54
2019/04/10 18:47:00, 17.25, 21.18, 20.86, 30.67, 29.27, 0, 0, 4.54
2019/04/10 18:48:00, 17.25, 21.18, 20.86, 30.75, 29.33, 0, 0, 4.54
2019/04/10 18:49:00, 17.25, 21.19, 20.87, 30.84, 29.45, 0, 0, 4.55
2019/04/10 18:50:00, 17.50, 21.16, 20.85, 30.80, 29.39, 0, 0, 4.56
2019/04/10 18:51:00, 17.50, 21.13, 20.81, 30.85, 29.47, 0, 0, 4.56
2019/04/10 18:52:00, 17.75, 21.13, 20.83, 30.86, 29.43, 0, 0, 4.57
2019/04/10 18:53:00, 17.75, 21.12, 20.81, 30.77, 29.39, 0, 0, 4.58
2019/04/10 18:54:00, 18.00, 21.13, 20.82, 30.83, 29.41, 0, 0, 4.58
2019/04/10 18:55:00, 18.00, 21.12, 20.82, 30.80, 29.40, 0, 0, 4.59
2019/04/10 18:56:00, 18.00, 21.11, 20.79, 30.82, 29.42, 0, 0, 4.59
2019/04/10 18:57:00, 18.25, 21.12, 20.79, 30.88, 29.41, 0, 0, 4.60
2019/04/10 18:58:00, 18.25, 21.09, 20.80, 30.82, 29.42, 0, 0, 4.61
2019/04/10 18:59:00, 18.25, 21.08, 20.78, 30.85, 29.40, 0, 0, 4.61
2019/04/10 19:00:00, 18.50, 21.05, 20.77, 30.70, 29.39, 0, 0, 4.61
2019/04/10 19:01:00, 18.50, 21.06, 20.75, 30.79, 29.38, 0, 0, 4.62
2019/04/10 19:02:00, 18.50, 21.08, 20.78, 30.89, 29.40, 0, 0, 4.62
2019/04/10 19:03:00, 18.50, 21.05, 20.75, 30.82, 29.42, 0, 0, 4.63
2019/04/10 19:04:00, 18.75, 21.05, 20.76, 30.78, 29.37, 0, 0, 4.63
2019/04/10 19:05:00, 18.75, 21.03, 20.73, 30.79, 29.36, 0, 0, 4.63
2019/04/10 19:06:00, 18.75, 21.05, 20.76, 30.76, 29.37, 0, 0, 4.63
2019/04/10 19:07:00, 18.75, 21.05, 20.76, 30.76, 29.37, 0, 0, 4.64
2019/04/10 19:08:00, 18.75, 21.11, 20.77, 30.79, 29.35, 0, 0, 4.64
2019/04/10 19:09:00, 19.00, 21.06, 20.79, 30.70, 29.32, 0, 0, 4.64
2019/04/10 19:10:00, 19.00, 21.08, 20.77, 30.78, 29.31, 0, 0, 4.65
2019/04/10 19:11:00, 19.00, 21.06, 20.78, 30.73, 29.30, 0, 0, 4.65
2019/04/10 19:12:00, 19.00, 21.09, 20.77, 30.70, 29.33, 0, 0, 4.66
2019/04/10 19:13:00, 19.00, 21.08, 20.78, 30.79, 29.31, 0, 0, 4.66
2019/04/10 19:14:00, 19.00, 21.03, 20.75, 30.72, 29.33, 0, 0, 4.66
2019/04/10 19:15:00, 19.00, 21.03, 20.75, 30.77, 29.33, 0, 0, 4.66
2019/04/10 19:16:00, 19.25, 21.05, 20.71, 30.79, 29.34, 0, 0, 4.66
2019/04/10 19:17:00, 19.25, 21.03, 20.73, 30.77, 29.33, 0, 0, 4.66
2019/04/10 19:18:00, 19.25, 21.01, 20.72, 30.69, 29.27, 0, 0, 4.66
2019/04/10 19:19:00, 19.25, 21.01, 20.71, 30.74, 29.34, 0, 0, 4.66
2019/04/10 19:20:00, 19.25, 21.02, 20.69, 30.81, 29.35, 0, 0, 4.66
2019/04/10 19:21:00, 19.25, 20.99, 20.70, 30.81, 29.36, 0, 0, 4.66
2019/04/10 19:22:00, 19.25, 21.02, 20.66, 30.82, 29.35, 0, 0, 4.65
2019/04/10 19:23:00, 19.25, 21.01, 20.67, 30.77, 29.35, 0, 0, 4.65
2019/04/10 19:24:00, 19.25, 20.99, 20.69, 30.75, 29.36, 0, 0, 4.64
2019/04/10 19:25:00, 19.25, 20.97, 20.67, 30.77, 29.34, 0, 0, 4.64
2019/04/10 19:26:00, 19.25, 20.98, 20.68, 30.74, 29.33, 0, 0, 4.64
2019/04/10 19:27:00, 19.50, 21.02, 20.68, 30.71, 29.33, 0, 0, 4.64
2019/04/10 19:28:00, 19.50, 20.95, 20.64, 30.77, 29.33, 0, 0, 4.63
2019/04/10 19:29:00, 19.50, 20.97, 20.66, 30.69, 29.33, 0, 0, 4.63
2019/04/10 19:30:00, 19.50, 20.94, 20.64, 30.73, 29.34, 0, 0, 4.63
2019/04/10 19:31:00, 19.50, 20.94, 20.63, 30.74, 29.33, 0, 0, 4.62
2019/04/10 19:32:00, 19.50, 20.94, 20.63, 30.82, 29.36, 0, 0, 4.61
2019/04/10 19:33:00, 19.50, 20.92, 20.62, 30.79, 29.36, 0, 0, 4.61
2019/04/10 19:34:00, 19.50, 20.90, 20.58, 30.84, 29.39, 0, 0, 4.61
2019/04/10 19:35:00, 19.50, 20.92, 20.61, 30.80, 29.39, 0, 0, 4.60
2019/04/10 19:36:00, 19.50, 20.91, 20.60, 30.85, 29.40, 0, 0, 4.59
2019/04/10 19:37:00, 19.50, 20.94, 20.58, 30.80, 29.41, 0, 0, 4.59
2019/04/10 19:38:00, 19.50, 20.91, 20.61, 30.81, 29.39, 0, 0, 4.58
2019/04/10 19:39:00, 19.50, 20.91, 20.61, 30.85, 29.40, 0, 0, 4.58
2019/04/10 19:40:00, 19.75, 20.91, 20.57, 30.83, 29.39, 0, 0, 4.57
2019/04/10 19:41:00, 19.75, 20.90, 20.58, 30.91, 29.41, 0, 0, 4.56
2019/04/10 19:42:00, 19.75, 20.91, 20.60, 30.79, 29.40, 0, 0, 4.56
2019/04/10 19:43:00, 19.75, 20.91, 20.61, 30.85, 29.34, 0, 0, 4.55
2019/04/10 19:44:00, 19.75, 20.90, 20.58, 30.78, 29.36, 0, 0, 4.54
2019/04/10 19:45:00, 19.75, 20.88, 20.58, 30.78, 29.36, 0, 0, 4.54
2019/04/10 19:46:00, 19.75, 20.88, 20.60, 30.73, 29.33, 0, 0, 4.53
2019/04/10 19:47:00, 19.75, 20.87, 20.56, 30.79, 29.35, 0, 0, 4.53
2019/04/10 19:48:00, 19.75, 20.87, 20.55, 30.76, 29.37, 0, 0, 4.52
2019/04/10 19:49:00, 19.75, 20.87, 20.54, 30.82, 29.40, 0, 0, 4.51
2019/04/10 19:50:00, 19.75, 20.87, 20.54, 30.81, 29.38, 0, 0, 4.50
2019/04/10 19:51:00, 19.75, 20.85, 20.55, 30.82, 29.40, 0, 0, 4.50
2019/04/10 19:52:00, 19.75, 20.84, 20.51, 30.78, 29.38, 0, 0, 4.49
2019/04/10 19:53:00, 19.75, 20.83, 20.52, 30.90, 29.39, 0, 0, 4.49
2019/04/10 19:54:00, 19.75, 20.84, 20.52, 30.83, 29.41, 0, 0, 4.48
2019/04/10 19:55:00, 19.75, 20.84, 20.54, 30.78, 29.39, 0, 0, 4.48
2019/04/10 19:56:00, 19.75, 20.85, 20.53, 30.78, 29.36, 0, 0, 4.47
2019/04/10 19:57:00, 19.75, 20.83, 20.51, 30.83, 29.39, 0, 0, 4.46
2019/04/10 19:58:00, 19.75, 20.84, 20.53, 30.83, 29.37, 0, 0, 4.46
2019/04/10 19:59:00, 19.75, 20.81, 20.51, 30.84, 29.40, 0, 0, 4.45
2019/04/10 20:00:00, 19.75, 20.83, 20.51, 30.80, 29.38, 0, 0, 4.44
2019/04/10 20:01:00, 19.75, 20.84, 20.51, 30.73, 29.37, 0, 0, 4.44
2019/04/10 20:02:00, 19.75, 20.80, 20.49, 30.78, 29.40, 0, 0, 4.43
2019/04/10 20:03:00, 19.75, 20.81, 20.46, 30.84, 29.36, 0, 0, 4.43
2019/04/10 20:04:00, 19.75, 20.77, 20.44, 30.93, 29.47, 0, 0, 4.42
2019/04/10 20:05:00, 19.75, 20.77, 20.44, 30.93, 29.53, 0, 0, 4.41
2019/04/10 20:06:00, 20.00, 20.74, 20.41, 30.99, 29.55, 0, 0, 4.41
2019/04/10 20:07:00, 20.00, 20.77, 20.41, 30.96, 29.53, 0, 0, 4.40
2019/04/10 20:08:00, 20.00, 20.73, 20.43, 30.95, 29.55, 0, 0, 4.39
2019/04/10 20:09:00, 20.00, 20.77, 20.44, 30.95, 29.53, 0, 0, 4.39
2019/04/10 20:10:00, 20.00, 20.75, 20.43, 30.98, 29.52, 0, 0, 4.39
2019/04/10 20:11:00, 20.00, 20.74, 20.41, 30.92, 29.50, 0, 0, 4.38
2019/04/10 20:12:00, 20.00, 20.74, 20.44, 30.95, 29.49, 0, 0, 4.38
2019/04/10 20:13:00, 20.00, 20.75, 20.42, 30.98, 29.53, 0, 0, 4.37
2019/04/10 20:14:00, 20.00, 20.74, 20.46, 30.91, 29.51, 0, 0, 4.36
2019/04/10 20:15:00, 20.00, 20.77, 20.48, 30.87, 29.48, 0, 0, 4.36
2019/04/10 20:16:00, 20.00, 20.75, 20.44, 30.86, 29.49, 0, 0, 4.36
2019/04/10 20:17:00, 20.00, 20.77, 20.44, 30.91, 29.49, 0, 0, 4.35
2019/04/10 20:18:00, 20.00, 20.77, 20.44, 30.95, 29.49, 0, 0, 4.35
2019/04/10 20:19:00, 20.00, 20.74, 20.42, 31.02, 29.54, 0, 0, 4.34
2019/04/10 20:20:00, 20.00, 20.73, 20.41, 31.01, 29.58, 0, 0, 4.34
2019/04/10 20:21:00, 20.00, 20.73, 20.39, 31.05, 29.60, 0, 0, 4.33
2019/04/10 20:22:00, 20.00, 20.73, 20.41, 31.07, 29.61, 0, 0, 4.33
2019/04/10 20:23:00, 20.00, 20.71, 20.40, 31.05, 29.62, 0, 0, 4.33
2019/04/10 20:24:00, 20.00, 20.70, 20.37, 31.06, 29.65, 0, 0, 4.32
2019/04/10 20:25:00, 20.00, 20.70, 20.37, 31.11, 29.66, 0, 0, 4.32
2019/04/10 20:26:00, 20.00, 20.71, 20.40, 31.15, 29.68, 0, 0, 4.31
2019/04/10 20:27:00, 20.00, 20.67, 20.37, 31.16, 29.67, 0, 0, 4.31
2019/04/10 20:28:00, 20.00, 20.69, 20.36, 31.13, 29.72, 0, 0, 4.31
2019/04/10 20:29:00, 20.00, 20.66, 20.33, 31.16, 29.72, 0, 0, 4.30
2019/04/10 20:30:00, 20.00, 20.67, 20.31, 31.16, 29.72, 0, 0, 4.30
2019/04/10 20:31:00, 20.00, 20.66, 20.31, 31.14, 29.71, 0, 0, 4.29
2019/04/10 20:32:00, 20.00, 20.66, 20.34, 31.12, 29.71, 0, 0, 4.29
2019/04/10 20:33:00, 20.00, 20.63, 20.23, 31.16, 29.69, 0, 0, 4.29
2019/04/10 20:34:00, 20.00, 20.60, 20.23, 31.12, 29.75, 0, 0, 4.29
2019/04/10 20:35:00, 20.00, 20.50, 20.16, 31.28, 29.78, 0, 0, 4.28
2019/04/10 20:36:00, 20.00, 20.58, 20.21, 31.40, 29.92, 0, 0, 4.28
2019/04/10 20:37:00, 20.00, 20.58, 20.24, 31.17, 29.82, 0, 0, 4.28
2019/04/10 20:38:00, 20.00, 20.60, 20.31, 31.18, 29.80, 0, 0, 4.28
2019/04/10 20:39:00, 20.00, 20.60, 20.26, 31.39, 29.76, 0, 0, 4.28
2019/04/10 20:40:00, 20.00, 20.66, 20.28, 31.53, 30.10, 0, 0, 4.27
2019/04/10 20:41:00, 20.00, 20.64, 20.32, 31.30, 29.84, 0, 0, 4.27
2019/04/10 20:42:00, 20.00, 20.61, 20.33, 31.41, 29.90, 0, 0, 4.26
2019/04/10 20:43:00, 20.00, 20.63, 20.32, 31.32, 29.88, 0, 0, 4.26
2019/04/10 20:44:00, 20.00, 20.67, 20.33, 31.35, 29.87, 0, 0, 4.26
2019/04/10 20:45:00, 20.00, 20.64, 20.32, 31.26, 29.78, 0, 0, 4.26
2019/04/10 20:46:00, 20.00, 20.64, 20.33, 31.26, 29.84, 0, 0, 4.26
2019/04/10 20:47:00, 20.00, 20.63, 20.32, 31.34, 29.81, 0, 0, 4.26
2019/04/10 20:48:00, 20.00, 20.64, 20.34, 31.24, 29.82, 0, 0, 4.25
2019/04/10 20:49:00, 20.00, 20.58, 20.29, 31.38, 29.96, 0, 0, 4.25
2019/04/10 20:50:00, 20.00, 20.66, 20.33, 31.32, 29.91, 0, 0, 4.25
2019/04/10 20:51:00, 20.00, 20.67, 20.36, 31.24, 29.78, 0, 0, 4.24
2019/04/10 20:52:00, 20.00, 20.66, 20.29, 31.40, 29.96, 0, 0, 4.24
2019/04/10 20:53:00, 20.00, 20.66, 20.33, 31.37, 29.98, 0, 0, 4.24
2019/04/10 20:54:00, 20.00, 20.63, 20.33, 31.48, 29.94, 0, 0, 4.24
2019/04/10 20:55:00, 20.00, 20.63, 20.33, 31.67, 30.15, 0, 0, 4.24
2019/04/10 20:56:00, 20.00, 20.63, 20.31, 31.57, 30.13, 0, 0, 4.24
2019/04/10 20:57:00, 20.00, 20.64, 20.29, 31.48, 30.05, 0, 0, 4.24
2019/04/10 20:58:00, 20.00, 20.61, 20.31, 31.54, 30.01, 0, 0, 4.23
2019/04/10 20:59:00, 20.00, 20.64, 20.32, 31.49, 30.07, 0, 0, 4.23
2019/04/10 21:00:00, 20.00, 20.64, 20.31, 31.54, 30.06, 0, 0, 4.23
2019/04/10 21:01:00, 20.00, 20.64, 20.33, 31.54, 30.10, 0, 0, 4.23
2019/04/10 21:02:00, 20.00, 20.61, 20.29, 31.48, 30.08, 0, 0, 4.23
2019/04/10 21:03:00, 20.00, 20.61, 20.31, 31.56, 30.11, 0, 0, 4.23
2019/04/10 21:04:00, 20.00, 20.63, 20.32, 31.58, 30.11, 0, 0, 4.23
2019/04/10 21:05:00, 20.00, 20.61, 20.28, 31.61, 30.11, 0, 0, 4.23
2019/04/10 21:06:00, 20.00, 20.60, 20.31, 31.58, 30.13, 0, 0, 4.23
2019/04/10 21:07:00, 20.00, 20.60, 20.29, 31.56, 30.12, 0, 0, 4.23
2019/04/10 21:08:00, 20.00, 20.63, 20.31, 31.64, 30.17, 0, 0, 4.22
2019/04/10 21:09:00, 20.00, 20.61, 20.29, 31.65, 30.20, 0, 0, 4.22
2019/04/10 21:10:00, 20.00, 20.61, 20.31, 31.64, 30.16, 0, 0, 4.22
2019/04/10 21:11:00, 20.00, 20.58, 20.26, 31.62, 30.20, 0, 0, 4.22
2019/04/10 21:12:00, 20.00, 20.60, 20.26, 31.68, 30.17, 0, 0, 4.22
2019/04/10 21:13:00, 20.00, 20.60, 20.29, 31.68, 30.17, 0, 0, 4.22
2019/04/10 21:14:00, 20.00, 20.60, 20.29, 31.58, 30.15, 0, 0, 4.21
2019/04/10 21:15:00, 20.00, 20.58, 20.28, 31.71, 30.18, 0, 0, 4.21
2019/04/10 21:16:00, 20.00, 20.61, 20.28, 31.60, 30.14, 0, 0, 4.21
2019/04/10 21:17:00, 20.00, 20.60, 20.28, 31.66, 30.15, 0, 0, 4.21
2019/04/10 21:18:00, 20.25, 20.60, 20.31, 31.59, 30.14, 0, 0, 4.21
2019/04/10 21:19:00, 20.00, 20.56, 20.23, 31.77, 30.20, 0, 0, 4.21
2019/04/10 21:20:00, 20.00, 20.54, 20.21, 31.68, 30.28, 0, 0, 4.21
2019/04/10 21:21:00, 20.00, 20.57, 20.18, 31.88, 30.55, 0, 0, 4.21
2019/04/10 21:22:00, 20.00, 20.56, 20.20, 31.72, 30.39, 0, 0, 4.21
2019/04/10 21:23:00, 20.00, 20.56, 20.25, 31.72, 30.23, 0, 0, 4.21
2019/04/10 21:24:00, 20.00, 20.56, 20.26, 31.87, 30.36, 0, 0, 4.21
2019/04/10 21:25:00, 20.00, 20.56, 20.25, 31.76, 30.33, 0, 0, 4.21
2019/04/10 21:26:00, 20.00, 20.57, 20.25, 31.74, 30.31, 0, 0, 4.21
2019/04/10 21:27:00, 20.00, 20.58, 20.27, 31.71, 30.22, 0, 0, 4.21
2019/04/10 21:28:00, 20.00, 20.58, 20.27, 31.75, 30.22, 0, 0, 4.21
2019/04/10 21:29:00, 20.00, 20.58, 20.28, 31.74, 30.29, 0, 0, 4.21
2019/04/10 21:30:00, 20.00, 20.57, 20.26, 31.85, 30.31, 0, 0, 4.20
2019/04/10 21:31:00, 20.00, 20.57, 20.25, 31.84, 30.36, 0, 0, 4.20
2019/04/10 21:32:00, 20.00, 20.57, 20.25, 31.77, 30.30, 0, 0, 4.20
2019/04/10 21:33:00, 20.00, 20.57, 20.25, 31.84, 30.35, 0, 0, 4.20
2019/04/10 21:34:00, 20.00, 20.56, 20.26, 31.80, 30.31, 0, 0, 4.20
2019/04/10 21:35:00, 20.00, 20.57, 20.26, 31.72, 30.31, 0, 0, 4.20
2019/04/10 21:36:00, 20.00, 20.57, 20.25, 31.77, 30.31, 0, 0, 4.20
2019/04/10 21:37:00, 20.00, 20.56, 20.24, 31.81, 30.33, 0, 0, 4.20
2019/04/10 21:38:00, 20.00, 20.54, 20.23, 31.85, 30.36, 0, 0, 4.20
2019/04/10 21:39:00, 20.00, 20.54, 20.23, 31.85, 30.36, 0, 0, 4.20
2019/04/10 21:40:00, 20.00, 20.53, 20.19, 31.89, 30.36, 0, 0, 4.20
2019/04/10 21:41:00, 20.00, 20.51, 20.22, 31.78, 30.36, 0, 0, 4.20
2019/04/10 21:42:00, 20.00, 20.53, 20.23, 31.86, 30.35, 0, 0, 4.20
2019/04/10 21:43:00, 20.00, 20.51, 20.22, 31.75, 30.34, 0, 0, 4.20
2019/04/10 21:44:00, 20.00, 20.54, 20.24, 31.75, 30.33, 0, 0, 4.19
2019/04/10 21:45:00, 20.00, 20.53, 20.21, 31.81, 30.34, 0, 0, 4.19
2019/04/10 21:46:00, 20.00, 20.54, 20.22, 31.88, 30.36, 0, 0, 4.19
2019/04/10 21:47:00, 20.00, 20.51, 20.21, 31.82, 30.38, 0, 0, 4.19
2019/04/10 21:48:00, 20.00, 20.56, 20.22, 31.92, 30.39, 0, 0, 4.19
2019/04/10 21:49:00, 20.00, 20.54, 20.23, 31.91, 30.43, 0, 0, 4.19
2019/04/10 21:50:00, 20.00, 20.50, 20.19, 31.88, 30.41, 0, 0, 4.19
2019/04/10 21:51:00, 20.00, 20.51, 20.21, 31.95, 30.44, 0, 0, 4.19
2019/04/10 21:52:00, 20.00, 20.50, 20.18, 31.85, 30.41, 0, 0, 4.19
2019/04/10 21:53:00, 20.00, 20.51, 20.18, 31.91, 30.45, 0, 0, 4.19
2019/04/10 21:54:00, 20.00, 20.51, 20.19, 31.86, 30.41, 0, 0, 4.19
2019/04/10 21:55:00, 20.00, 20.53, 20.22, 31.94, 30.42, 0, 0, 4.19
2019/04/10 21:56:00, 20.00, 20.50, 20.19, 31.92, 30.45, 0, 0, 4.19
2019/04/10 21:57:00, 20.00, 20.49, 20.18, 31.87, 30.42, 0, 0, 4.19
2019/04/10 21:58:00, 20.00, 20.50, 20.20, 31.95, 30.47, 0, 0, 4.19
2019/04/10 21:59:00, 20.00, 20.51, 20.20, 31.86, 30.45, 0, 0, 4.19
2019/04/10 22:00:00, 20.00, 20.51, 20.20, 31.86, 30.49, 0, 0, 4.19
2019/04/10 22:01:00, 20.00, 20.51, 20.18, 31.92, 30.43, 0, 0, 4.19
2019/04/10 22:02:00, 20.00, 20.49, 20.18, 32.01, 30.47, 0, 0, 4.19
2019/04/10 22:03:00, 20.00, 20.49, 20.14, 32.01, 30.55, 0, 0, 4.19
2019/04/10 22:04:00, 20.00, 20.50, 20.18, 31.91, 30.47, 0, 0, 4.19
2019/04/10 22:05:00, 20.00, 20.47, 20.17, 32.07, 30.52, 0, 0, 4.19
2019/04/10 22:06:00, 20.00, 20.49, 20.18, 31.96, 30.50, 0, 0, 4.19
2019/04/10 22:07:00, 20.00, 20.49, 20.17, 32.05, 30.55, 0, 0, 4.19
2019/04/10 22:08:00, 20.00, 20.47, 20.17, 32.02, 30.54, 0, 0, 4.19
2019/04/10 22:09:00, 20.00, 20.46, 20.16, 31.96, 30.53, 0, 0, 4.19
2019/04/10 22:10:00, 20.00, 20.46, 20.17, 32.01, 30.53, 0, 0, 4.19
2019/04/10 22:11:00, 20.00, 20.44, 20.14, 32.09, 30.59, 0, 0, 4.19
2019/04/10 22:12:00, 20.00, 20.46, 20.14, 32.02, 30.57, 0, 0, 4.19
2019/04/10 22:13:00, 20.00, 20.46, 20.14, 32.02, 30.59, 0, 0, 4.19
2019/04/10 22:14:00, 20.00, 20.46, 20.14, 32.09, 30.58, 0, 0, 4.19
2019/04/10 22:15:00, 20.00, 20.47, 20.13, 32.02, 30.56, 0, 0, 4.19
2019/04/10 22:16:00, 20.00, 20.46, 20.14, 32.03, 30.56, 0, 0, 4.19
2019/04/10 22:17:00, 20.00, 20.43, 20.12, 32.06, 30.52, 0, 0, 4.19
2019/04/10 22:18:00, 20.00, 20.47, 20.14, 32.07, 30.57, 0, 0, 4.19
2019/04/10 22:19:00, 20.00, 20.43, 20.10, 32.06, 30.60, 0, 0, 4.19
2019/04/10 22:20:00, 20.00, 20.43, 20.11, 32.07, 30.56, 0, 0, 4.19
2019/04/10 22:21:00, 20.00, 20.42, 20.12, 32.05, 30.58, 0, 0, 4.19
2019/04/10 22:22:00, 20.00, 20.43, 20.11, 32.04, 30.59, 0, 0, 4.19
2019/04/10 22:23:00, 20.00, 20.44, 20.10, 32.15, 30.57, 0, 0, 4.19
2019/04/10 22:24:00, 20.00, 20.38, 20.05, 32.45, 30.80, 0, 0, 4.19
2019/04/10 22:25:00, 20.00, 20.40, 20.08, 32.17, 30.84, 0, 0, 4.19
2019/04/10 22:26:00, 20.00, 20.38, 20.08, 32.51, 31.18, 0, 0, 4.19
2019/04/10 22:27:00, 20.00, 20.43, 20.11, 32.19, 30.75, 0, 0, 4.22
2019/04/10 22:28:00, 19.50, 20.56, 20.20, 32.75, 31.27, 0, 0, 4.27
2019/04/10 22:29:00, 18.25, 20.74, 20.51, 32.77, 31.32, 0, 0, 4.26
2019/04/10 22:30:00, 17.50, 20.71, 20.54, 33.60, 31.13, 0, 0, 4.24
2019/04/10 22:31:00, 17.25, 20.77, 20.73, 32.57, 31.87, 0, 0, 4.24
2019/04/10 22:32:00, 17.25, 20.70, 20.63, 31.72, 30.36, 0, 0, 4.24
2019/04/10 22:33:00, 17.25, 20.49, 20.42, 31.77, 30.00, 0, 0, 4.24
2019/04/10 22:34:00, 17.00, 20.35, 20.25, 32.14, 30.16, 0, 0, 4.24
2019/04/10 22:35:00, 17.25, 20.22, 20.14, 32.32, 30.35, 0, 0, 4.25
2019/04/10 22:36:00, 17.25, 20.15, 20.04, 32.53, 30.49, 0, 0, 4.25
2019/04/10 22:37:00, 17.25, 20.05, 19.95, 32.79, 30.76, 0, 0, 4.26
2019/04/10 22:38:00, 17.50, 19.98, 19.89, 32.93, 30.98, 0, 0, 4.26
2019/04/10 22:39:00, 17.50, 19.92, 19.81, 33.31, 31.21, 0, 0, 4.26
2019/04/10 22:40:00, 17.50, 19.85, 19.75, 33.50, 31.43, 0, 0, 4.26
2019/04/10 22:41:00, 17.75, 19.80, 19.70, 33.51, 31.54, 0, 0, 4.26
2019/04/10 22:42:00, 17.75, 19.77, 19.66, 33.67, 31.63, 0, 0, 4.26
2019/04/10 22:43:00, 17.75, 19.74, 19.64, 33.65, 31.68, 0, 0, 4.26
2019/04/10 22:44:00, 18.00, 19.71, 19.62, 33.68, 31.70, 0, 0, 4.26
2019/04/10 22:45:00, 18.00, 19.70, 19.58, 33.65, 31.70, 0, 0, 4.26
2019/04/10 22:46:00, 18.00, 19.70, 19.55, 33.56, 31.63, 0, 0, 4.26
2019/04/10 22:47:00, 18.25, 19.66, 19.53, 33.61, 31.63, 0, 0, 4.26
2019/04/10 22:48:00, 18.25, 19.68, 19.54, 33.52, 31.64, 0, 0, 4.26
2019/04/10 22:49:00, 18.25, 19.63, 19.52, 33.57, 31.65, 0, 0, 4.26
2019/04/10 22:50:00, 18.25, 19.64, 19.53, 33.53, 31.63, 0, 0, 4.26
2019/04/10 22:51:00, 18.25, 19.61, 19.50, 33.63, 31.66, 0, 0, 4.26
2019/04/10 22:52:00, 18.50, 19.59, 19.49, 33.65, 31.65, 0, 0, 4.26
2019/04/10 22:53:00, 18.50, 19.61, 19.47, 33.53, 31.62, 0, 0, 4.27
2019/04/10 22:54:00, 18.50, 19.59, 19.49, 33.58, 31.66, 0, 0, 4.27
2019/04/10 22:55:00, 18.50, 19.60, 19.49, 33.62, 31.68, 0, 0, 4.27
2019/04/10 22:56:00, 18.75, 19.60, 19.46, 33.54, 31.67, 0, 0, 4.27
2019/04/10 22:57:00, 18.75, 19.56, 19.47, 33.65, 31.66, 0, 0, 4.27
2019/04/10 22:58:00, 18.75, 19.57, 19.45, 33.58, 31.68, 0, 0, 4.28
2019/04/10 22:59:00, 18.75, 19.57, 19.47, 33.56, 31.68, 0, 0, 4.28
2019/04/10 23:00:00, 18.75, 19.59, 19.45, 33.54, 31.65, 0, 0, 4.28
2019/04/10 23:01:00, 18.75, 19.54, 19.45, 33.57, 31.65, 0, 0, 4.28
2019/04/10 23:02:00, 19.00, 19.57, 19.45, 33.55, 31.65, 0, 0, 4.28
2019/04/10 23:03:00, 19.00, 19.53, 19.45, 33.62, 31.62, 0, 0, 4.28
2019/04/10 23:04:00, 19.00, 19.52, 19.43, 33.56, 31.67, 0, 0, 4.28
2019/04/10 23:05:00, 19.00, 19.54, 19.40, 33.53, 31.66, 0, 0, 4.28
2019/04/10 23:06:00, 19.00, 19.52, 19.39, 33.59, 31.68, 0, 0, 4.28
2019/04/10 23:07:00, 19.00, 19.50, 19.39, 33.59, 31.71, 0, 0, 4.28
2019/04/10 23:08:00, 19.00, 19.52, 19.42, 33.62, 31.70, 0, 0, 4.28
2019/04/10 23:09:00, 19.00, 19.52, 19.40, 33.56, 31.66, 0, 0, 4.28
2019/04/10 23:10:00, 19.00, 19.53, 19.38, 33.54, 31.65, 0, 0, 4.29
2019/04/10 23:11:00, 19.00, 19.49, 19.37, 33.64, 31.72, 0, 0, 4.29
2019/04/10 23:12:00, 19.25, 19.50, 19.37, 33.65, 31.71, 0, 0, 4.29
2019/04/10 23:13:00, 19.25, 19.49, 19.35, 33.57, 31.67, 0, 0, 4.29
2019/04/10 23:14:00, 19.25, 19.48, 19.35, 33.61, 31.72, 0, 0, 4.29
2019/04/10 23:15:00, 19.25, 19.48, 19.33, 33.64, 31.72, 0, 0, 4.29
2019/04/10 23:16:00, 19.25, 19.48, 19.34, 33.67, 31.75, 0, 0, 4.29
2019/04/10 23:17:00, 19.25, 19.46, 19.33, 33.58, 31.71, 0, 0, 4.29
2019/04/10 23:18:00, 19.25, 19.45, 19.32, 33.62, 31.71, 0, 0, 4.29
2019/04/10 23:19:00, 19.25, 19.45, 19.34, 33.62, 31.68, 0, 0, 4.29
2019/04/10 23:20:00, 19.25, 19.42, 19.30, 33.58, 31.67, 0, 0, 4.29
2019/04/10 23:21:00, 19.25, 19.40, 19.32, 33.62, 31.71, 0, 0, 4.29
2019/04/10 23:22:00, 19.25, 19.42, 19.31, 33.66, 31.70, 0, 0, 4.29
2019/04/10 23:23:00, 19.25, 19.42, 19.30, 33.65, 31.75, 0, 0, 4.29
2019/04/10 23:24:00, 19.25, 19.42, 19.31, 33.61, 31.70, 0, 0, 4.29
2019/04/10 23:25:00, 19.25, 19.40, 19.27, 33.63, 31.71, 0, 0, 4.29
2019/04/10 23:26:00, 19.25, 19.36, 19.27, 33.67, 31.73, 0, 0, 4.29
2019/04/10 23:27:00, 19.25, 19.39, 19.28, 33.67, 31.72, 0, 0, 4.29
2019/04/10 23:28:00, 19.25, 19.40, 19.28, 33.58, 31.68, 0, 0, 4.29
2019/04/10 23:29:00, 19.25, 19.39, 19.27, 33.61, 31.66, 0, 0, 4.29
2019/04/10 23:30:00, 19.25, 19.38, 19.27, 33.51, 31.67, 0, 0, 4.29
2019/04/10 23:31:00, 19.25, 19.40, 19.27, 33.59, 31.68, 0, 0, 4.29
2019/04/10 23:32:00, 19.25, 19.40, 19.29, 33.59, 31.65, 0, 0, 4.29
2019/04/10 23:33:00, 19.25, 19.40, 19.27, 33.62, 31.66, 0, 0, 4.29
2019/04/10 23:34:00, 19.25, 19.38, 19.28, 33.56, 31.65, 0, 0, 4.29
2019/04/10 23:35:00, 19.25, 19.42, 19.27, 33.51, 31.65, 0, 0, 4.29
2019/04/10 23:36:00, 19.25, 19.39, 19.29, 33.58, 31.65, 0, 0, 4.29
2019/04/10 23:37:00, 19.25, 19.39, 19.27, 33.55, 31.65, 0, 0, 4.29
2019/04/10 23:38:00, 19.25, 19.38, 19.25, 33.54, 31.59, 0, 0, 4.29
2019/04/10 23:39:00, 19.25, 19.38, 19.24, 33.55, 31.63, 0, 0, 4.29
2019/04/10 23:40:00, 19.25, 19.36, 19.25, 33.54, 31.59, 0, 0, 4.29
2019/04/10 23:41:00, 19.25, 19.38, 19.23, 33.60, 31.66, 0, 0, 4.29
2019/04/10 23:42:00, 19.25, 19.36, 19.24, 33.60, 31.65, 0, 0, 4.29
2019/04/10 23:43:00, 19.50, 19.35, 19.22, 33.63, 31.68, 0, 0, 4.29
2019/04/10 23:44:00, 19.50, 19.36, 19.22, 33.67, 31.71, 0, 0, 4.29
2019/04/10 23:45:00, 19.50, 19.33, 19.22, 33.64, 31.73, 0, 0, 4.29
2019/04/10 23:46:00, 19.50, 19.32, 19.21, 33.68, 31.73, 0, 0, 4.29
2019/04/10 23:47:00, 19.50, 19.32, 19.21, 33.67, 31.72, 0, 0, 4.29
2019/04/10 23:48:00, 19.50, 19.31, 19.21, 33.60, 31.75, 0, 0, 4.29
