Data logger for tempereture and humidity.
Code, design, and soldering by Antti Mikkonen, a.mikkonen@iki.fi, 2019.
Based on open source projects and libraries. See source for details.
/home/ami/src/arduino/promini/logger_v8_ada/logger_v8_ada.ino
UTC time (year/month/date hour:minute:second), T RTC (C), T sht31 (C), T si7021 (C), RH sht31 (-), RH si7021 (-), heaterOn sht31 (bool),  heaterOn si7021 (bool), battery voltage (V)
2019/05/13 00:08:00, 24.00, 23.49, 23.30, 27.01, 25.61, 0, 0, 4.34
2019/05/13 00:09:00, 24.00, 23.47, 23.29, 27.11, 25.62, 0, 0, 4.34
2019/05/13 00:10:00, 24.00, 23.47, 23.28, 27.03, 25.60, 0, 0, 4.34
2019/05/13 00:11:00, 24.00, 23.47, 23.31, 27.09, 25.60, 0, 0, 4.34
2019/05/13 00:12:00, 24.00, 23.47, 23.28, 27.04, 25.60, 0, 0, 4.34
2019/05/13 00:13:00, 24.00, 23.47, 23.30, 27.06, 25.59, 0, 0, 4.34
2019/05/13 00:14:00, 24.00, 23.47, 23.28, 27.07, 25.59, 0, 0, 4.34
2019/05/13 00:15:00, 24.00, 23.47, 23.29, 27.07, 25.60, 0, 0, 4.34
2019/05/13 00:16:00, 24.00, 23.50, 23.31, 27.05, 25.59, 0, 0, 4.34
2019/05/13 00:17:00, 24.00, 23.49, 23.28, 27.06, 25.55, 0, 0, 4.34
2019/05/13 00:18:00, 24.00, 23.52, 23.32, 27.03, 25.56, 0, 0, 4.34
2019/05/13 00:19:00, 24.00, 23.52, 23.31, 27.02, 25.56, 0, 0, 4.34
2019/05/13 00:20:00, 24.00, 23.50, 23.32, 26.97, 25.53, 0, 0, 4.34
2019/05/13 00:21:00, 24.00, 23.52, 23.32, 26.97, 25.52, 0, 0, 4.34
2019/05/13 00:22:00, 24.00, 23.52, 23.33, 26.97, 25.50, 0, 0, 4.34
2019/05/13 00:23:00, 24.00, 23.52, 23.34, 26.97, 25.51, 0, 0, 4.34
2019/05/13 00:24:00, 24.00, 23.54, 23.32, 26.96, 25.50, 0, 0, 4.34
2019/05/13 00:25:00, 24.00, 23.53, 23.35, 26.94, 25.47, 0, 0, 4.34
2019/05/13 00:26:00, 24.00, 23.52, 23.33, 26.90, 25.47, 0, 0, 4.34
2019/05/13 00:27:00, 24.00, 23.53, 23.32, 26.93, 25.48, 0, 0, 4.34
2019/05/13 00:28:00, 24.00, 23.53, 23.34, 26.91, 25.45, 0, 0, 4.34
2019/05/13 00:29:00, 24.00, 23.53, 23.34, 26.88, 25.43, 0, 0, 4.34
2019/05/13 00:30:00, 24.00, 23.53, 23.35, 26.88, 25.44, 0, 0, 4.34
2019/05/13 00:31:00, 24.00, 23.54, 23.33, 26.89, 25.45, 0, 0, 4.34
2019/05/13 00:32:00, 24.00, 23.52, 23.33, 26.93, 25.46, 0, 0, 4.34
2019/05/13 00:33:00, 24.00, 23.52, 23.34, 26.95, 25.43, 0, 0, 4.34
2019/05/13 00:34:00, 24.00, 23.53, 23.36, 26.86, 25.42, 0, 0, 4.34
2019/05/13 00:35:00, 24.00, 23.53, 23.33, 26.90, 25.42, 0, 0, 4.34
2019/05/13 00:36:00, 24.00, 23.54, 23.35, 26.89, 25.41, 0, 0, 4.34
2019/05/13 00:37:00, 24.00, 23.53, 23.35, 26.86, 25.40, 0, 0, 4.34
2019/05/13 00:38:00, 24.00, 23.54, 23.34, 26.90, 25.38, 0, 0, 4.34
2019/05/13 00:39:00, 24.00, 23.53, 23.36, 26.84, 25.38, 0, 0, 4.34
2019/05/13 00:40:00, 24.00, 23.54, 23.32, 26.82, 25.36, 0, 0, 4.34
2019/05/13 00:41:00, 24.00, 23.50, 23.35, 26.80, 25.34, 0, 0, 4.34
2019/05/13 00:42:00, 24.00, 23.53, 23.35, 26.83, 25.36, 0, 0, 4.34
2019/05/13 00:43:00, 24.00, 23.52, 23.35, 26.88, 25.37, 0, 0, 4.34
2019/05/13 00:44:00, 24.00, 23.53, 23.34, 26.81, 25.35, 0, 0, 4.34
2019/05/13 00:45:00, 24.00, 23.53, 23.35, 26.78, 25.35, 0, 0, 4.34
2019/05/13 00:46:00, 24.00, 23.52, 23.32, 26.84, 25.35, 0, 0, 4.34
2019/05/13 00:47:00, 24.00, 23.53, 23.33, 26.81, 25.34, 0, 0, 4.34
2019/05/13 00:48:00, 24.00, 23.50, 23.34, 26.75, 25.32, 0, 0, 4.34
2019/05/13 00:49:00, 24.00, 23.53, 23.33, 26.84, 25.32, 0, 0, 4.34
2019/05/13 00:50:00, 24.00, 23.53, 23.33, 26.80, 25.32, 0, 0, 4.34
2019/05/13 00:51:00, 24.00, 23.54, 23.34, 26.80, 25.34, 0, 0, 4.34
2019/05/13 00:52:00, 24.00, 23.52, 23.34, 26.77, 25.30, 0, 0, 4.34
2019/05/13 00:53:00, 24.00, 23.53, 23.34, 26.78, 25.30, 0, 0, 4.34
2019/05/13 00:54:00, 24.00, 23.53, 23.34, 26.75, 25.30, 0, 0, 4.34
2019/05/13 00:55:00, 24.00, 23.54, 23.32, 26.77, 25.29, 0, 0, 4.34
2019/05/13 00:56:00, 24.00, 23.53, 23.34, 26.75, 25.28, 0, 0, 4.34
2019/05/13 00:57:00, 24.00, 23.53, 23.33, 26.78, 25.29, 0, 0, 4.34
2019/05/13 00:58:00, 24.00, 23.53, 23.36, 26.77, 25.28, 0, 0, 4.34
2019/05/13 00:59:00, 24.00, 23.54, 23.35, 26.77, 25.28, 0, 0, 4.34
2019/05/13 01:00:00, 24.00, 23.54, 23.33, 26.73, 25.28, 0, 0, 4.34
2019/05/13 01:01:00, 24.00, 23.54, 23.34, 26.71, 25.28, 0, 0, 4.34
2019/05/13 01:02:00, 24.00, 23.53, 23.35, 26.67, 25.26, 0, 0, 4.34
2019/05/13 01:03:00, 24.00, 23.54, 23.34, 26.73, 25.25, 0, 0, 4.34
2019/05/13 01:04:00, 24.00, 23.52, 23.33, 26.72, 25.25, 0, 0, 4.34
2019/05/13 01:05:00, 24.00, 23.52, 23.33, 26.65, 25.23, 0, 0, 4.34
2019/05/13 01:06:00, 24.00, 23.53, 23.34, 26.75, 25.25, 0, 0, 4.34
2019/05/13 01:07:00, 24.00, 23.52, 23.33, 26.65, 25.23, 0, 0, 4.34
2019/05/13 01:08:00, 24.00, 23.53, 23.32, 26.72, 25.26, 0, 0, 4.34
2019/05/13 01:09:00, 24.00, 23.53, 23.32, 26.77, 25.26, 0, 0, 4.34
2019/05/13 01:10:00, 24.00, 23.53, 23.33, 26.74, 25.25, 0, 0, 4.34
2019/05/13 01:11:00, 24.00, 23.53, 23.35, 26.71, 25.25, 0, 0, 4.34
2019/05/13 01:12:00, 24.00, 23.52, 23.34, 26.69, 25.25, 0, 0, 4.34
2019/05/13 01:13:00, 24.00, 23.53, 23.32, 26.71, 25.25, 0, 0, 4.34
2019/05/13 01:14:00, 24.00, 23.52, 23.33, 26.67, 25.22, 0, 0, 4.34
2019/05/13 01:15:00, 24.00, 23.54, 23.35, 26.71, 25.23, 0, 0, 4.34
2019/05/13 01:16:00, 24.00, 23.53, 23.35, 26.71, 25.24, 0, 0, 4.34
2019/05/13 01:17:00, 24.00, 23.54, 23.35, 26.71, 25.23, 0, 0, 4.34
2019/05/13 01:18:00, 24.00, 23.56, 23.35, 26.67, 25.21, 0, 0, 4.34
2019/05/13 01:19:00, 24.00, 23.53, 23.35, 26.64, 25.19, 0, 0, 4.34
2019/05/13 01:20:00, 24.00, 23.54, 23.32, 26.67, 25.18, 0, 0, 4.34
2019/05/13 01:21:00, 24.00, 23.53, 23.32, 26.72, 25.18, 0, 0, 4.34
2019/05/13 01:22:00, 24.00, 23.52, 23.35, 26.71, 25.21, 0, 0, 4.34
2019/05/13 01:23:00, 24.00, 23.53, 23.34, 26.73, 25.21, 0, 0, 4.34
2019/05/13 01:24:00, 24.00, 23.53, 23.33, 26.64, 25.19, 0, 0, 4.34
2019/05/13 01:25:00, 24.00, 23.52, 23.34, 26.65, 25.21, 0, 0, 4.34
2019/05/13 01:26:00, 24.00, 23.52, 23.35, 26.71, 25.19, 0, 0, 4.34
2019/05/13 01:27:00, 24.00, 23.52, 23.33, 26.68, 25.21, 0, 0, 4.34
2019/05/13 01:28:00, 24.00, 23.52, 23.32, 26.62, 25.17, 0, 0, 4.34
2019/05/13 01:29:00, 24.00, 23.50, 23.32, 26.71, 25.17, 0, 0, 4.34
2019/05/13 01:30:00, 24.00, 23.54, 23.32, 26.68, 25.21, 0, 0, 4.34
2019/05/13 01:31:00, 24.00, 23.50, 23.32, 26.67, 25.18, 0, 0, 4.34
2019/05/13 01:32:00, 24.00, 23.49, 23.32, 26.67, 25.16, 0, 0, 4.34
2019/05/13 01:33:00, 24.00, 23.50, 23.33, 26.64, 25.15, 0, 0, 4.34
2019/05/13 01:34:00, 24.00, 23.52, 23.32, 26.64, 25.15, 0, 0, 4.34
2019/05/13 01:35:00, 24.00, 23.52, 23.33, 26.64, 25.18, 0, 0, 4.34
2019/05/13 01:36:00, 24.00, 23.52, 23.31, 26.67, 25.18, 0, 0, 4.34
2019/05/13 01:37:00, 24.00, 23.53, 23.32, 26.66, 25.15, 0, 0, 4.34
2019/05/13 01:38:00, 24.00, 23.53, 23.34, 26.64, 25.15, 0, 0, 4.34
2019/05/13 01:39:00, 24.00, 23.52, 23.32, 26.68, 25.14, 0, 0, 4.34
2019/05/13 01:40:00, 24.00, 23.52, 23.32, 26.59, 25.13, 0, 0, 4.34
2019/05/13 01:41:00, 24.00, 23.52, 23.33, 26.61, 25.14, 0, 0, 4.34
2019/05/13 01:42:00, 24.00, 23.52, 23.32, 26.61, 25.13, 0, 0, 4.34
2019/05/13 01:43:00, 24.00, 23.53, 23.33, 26.53, 25.12, 0, 0, 4.34
2019/05/13 01:44:00, 24.00, 23.54, 23.33, 26.62, 25.12, 0, 0, 4.34
2019/05/13 01:45:00, 24.00, 23.50, 23.34, 26.62, 25.09, 0, 0, 4.34
2019/05/13 01:46:00, 24.00, 23.49, 23.31, 26.61, 25.09, 0, 0, 4.34
2019/05/13 01:47:00, 24.00, 23.53, 23.30, 26.56, 25.10, 0, 0, 4.34
2019/05/13 01:48:00, 24.00, 23.53, 23.33, 26.64, 25.10, 0, 0, 4.34
2019/05/13 01:49:00, 24.00, 23.50, 23.32, 26.58, 25.09, 0, 0, 4.34
2019/05/13 01:50:00, 24.00, 23.52, 23.30, 26.56, 25.09, 0, 0, 4.34
2019/05/13 01:51:00, 24.00, 23.50, 23.32, 26.64, 25.11, 0, 0, 4.34
2019/05/13 01:52:00, 24.00, 23.49, 23.32, 26.59, 25.11, 0, 0, 4.34
2019/05/13 01:53:00, 24.00, 23.53, 23.33, 26.59, 25.09, 0, 0, 4.34
2019/05/13 01:54:00, 24.00, 23.50, 23.32, 26.59, 25.07, 0, 0, 4.34
2019/05/13 01:55:00, 24.00, 23.49, 23.31, 26.58, 25.08, 0, 0, 4.34
2019/05/13 01:56:00, 24.00, 23.50, 23.31, 26.56, 25.09, 0, 0, 4.34
2019/05/13 01:57:00, 24.00, 23.50, 23.32, 26.59, 25.09, 0, 0, 4.34
2019/05/13 01:58:00, 24.00, 23.50, 23.34, 26.53, 25.05, 0, 0, 4.34
2019/05/13 01:59:00, 24.00, 23.50, 23.32, 26.53, 25.05, 0, 0, 4.34
2019/05/13 02:00:00, 24.00, 23.49, 23.29, 26.55, 25.07, 0, 0, 4.34
2019/05/13 02:01:00, 24.00, 23.50, 23.32, 26.61, 25.08, 0, 0, 4.34
2019/05/13 02:02:00, 24.00, 23.50, 23.33, 26.56, 25.09, 0, 0, 4.34
2019/05/13 02:03:00, 24.00, 23.52, 23.29, 26.53, 25.04, 0, 0, 4.34
2019/05/13 02:04:00, 24.00, 23.47, 23.28, 26.52, 25.04, 0, 0, 4.34
2019/05/13 02:05:00, 24.00, 23.52, 23.32, 26.61, 25.05, 0, 0, 4.34
2019/05/13 02:06:00, 24.00, 23.49, 23.29, 26.52, 25.06, 0, 0, 4.34
2019/05/13 02:07:00, 24.00, 23.50, 23.30, 26.55, 25.05, 0, 0, 4.34
2019/05/13 02:08:00, 24.00, 23.50, 23.31, 26.47, 25.04, 0, 0, 4.34
2019/05/13 02:09:00, 24.00, 23.49, 23.30, 26.52, 25.05, 0, 0, 4.34
2019/05/13 02:10:00, 24.00, 23.47, 23.29, 26.53, 25.06, 0, 0, 4.34
2019/05/13 02:11:00, 24.00, 23.49, 23.30, 26.56, 25.07, 0, 0, 4.34
2019/05/13 02:12:00, 24.00, 23.46, 23.30, 26.56, 25.05, 0, 0, 4.34
2019/05/13 02:13:00, 24.00, 23.49, 23.28, 26.59, 25.06, 0, 0, 4.34
2019/05/13 02:14:00, 24.00, 23.46, 23.30, 26.62, 25.08, 0, 0, 4.34
2019/05/13 02:15:00, 24.00, 23.46, 23.29, 26.61, 25.08, 0, 0, 4.34
2019/05/13 02:16:00, 24.00, 23.46, 23.28, 26.53, 25.08, 0, 0, 4.34
2019/05/13 02:17:00, 24.00, 23.49, 23.29, 26.58, 25.08, 0, 0, 4.34
2019/05/13 02:18:00, 24.00, 23.49, 23.28, 26.58, 25.08, 0, 0, 4.34
2019/05/13 02:19:00, 24.00, 23.49, 23.29, 26.56, 25.08, 0, 0, 4.34
2019/05/13 02:20:00, 24.00, 23.50, 23.30, 26.55, 25.05, 0, 0, 4.34
2019/05/13 02:21:00, 24.00, 23.50, 23.30, 26.52, 25.03, 0, 0, 4.34
2019/05/13 02:22:00, 24.00, 23.49, 23.30, 26.52, 25.01, 0, 0, 4.34
2019/05/13 02:23:00, 24.00, 23.47, 23.30, 26.53, 25.02, 0, 0, 4.34
2019/05/13 02:24:00, 24.00, 23.46, 23.29, 26.55, 25.05, 0, 0, 4.34
2019/05/13 02:25:00, 24.00, 23.49, 23.29, 26.54, 25.05, 0, 0, 4.34
2019/05/13 02:26:00, 24.00, 23.47, 23.30, 26.50, 25.02, 0, 0, 4.34
2019/05/13 02:27:00, 24.00, 23.49, 23.32, 26.56, 25.04, 0, 0, 4.34
2019/05/13 02:28:00, 24.00, 23.50, 23.31, 26.47, 25.01, 0, 0, 4.34
2019/05/13 02:29:00, 24.00, 23.50, 23.30, 26.40, 24.97, 0, 0, 4.34
2019/05/13 02:30:00, 24.00, 23.49, 23.28, 26.49, 24.96, 0, 0, 4.34
2019/05/13 02:31:00, 24.00, 23.49, 23.29, 26.53, 25.04, 0, 0, 4.34
2019/05/13 02:32:00, 24.00, 23.52, 23.31, 26.53, 25.05, 0, 0, 4.34
2019/05/13 02:33:00, 24.00, 23.47, 23.33, 26.53, 25.02, 0, 0, 4.34
2019/05/13 02:34:00, 24.00, 23.50, 23.32, 26.46, 25.00, 0, 0, 4.34
2019/05/13 02:35:00, 24.00, 23.53, 23.32, 26.46, 25.00, 0, 0, 4.34
2019/05/13 02:36:00, 24.00, 23.53, 23.32, 26.49, 24.98, 0, 0, 4.34
2019/05/13 02:37:00, 24.00, 23.53, 23.34, 26.45, 24.98, 0, 0, 4.34
2019/05/13 02:38:00, 24.00, 23.54, 23.34, 26.42, 24.96, 0, 0, 4.34
2019/05/13 02:39:00, 24.00, 23.52, 23.34, 26.45, 24.95, 0, 0, 4.34
2019/05/13 02:40:00, 24.00, 23.54, 23.35, 26.42, 24.95, 0, 0, 4.34
2019/05/13 02:41:00, 24.00, 23.54, 23.36, 26.42, 24.92, 0, 0, 4.34
2019/05/13 02:42:00, 24.00, 23.53, 23.36, 26.40, 24.89, 0, 0, 4.34
2019/05/13 02:43:00, 24.00, 23.56, 23.35, 26.34, 24.91, 0, 0, 4.34
2019/05/13 02:44:00, 24.00, 23.53, 23.35, 26.40, 24.89, 0, 0, 4.34
2019/05/13 02:45:00, 24.00, 23.54, 23.34, 26.39, 24.89, 0, 0, 4.34
2019/05/13 02:46:00, 24.00, 23.53, 23.36, 26.37, 24.89, 0, 0, 4.34
2019/05/13 02:47:00, 24.00, 23.53, 23.35, 26.34, 24.87, 0, 0, 4.34
2019/05/13 02:48:00, 24.00, 23.53, 23.34, 26.40, 24.87, 0, 0, 4.34
2019/05/13 02:49:00, 24.00, 23.54, 23.36, 26.42, 24.89, 0, 0, 4.34
2019/05/13 02:50:00, 24.00, 23.56, 23.36, 26.39, 24.89, 0, 0, 4.34
2019/05/13 02:51:00, 24.00, 23.50, 23.33, 26.39, 24.86, 0, 0, 4.34
2019/05/13 02:52:00, 24.00, 23.54, 23.35, 26.34, 24.87, 0, 0, 4.34
2019/05/13 02:53:00, 24.00, 23.56, 23.35, 26.36, 24.86, 0, 0, 4.34
2019/05/13 02:54:00, 24.00, 23.53, 23.34, 26.32, 24.86, 0, 0, 4.34
2019/05/13 02:55:00, 24.00, 23.56, 23.37, 26.39, 24.86, 0, 0, 4.34
2019/05/13 02:56:00, 24.00, 23.53, 23.35, 26.36, 24.86, 0, 0, 4.34
2019/05/13 02:57:00, 24.00, 23.54, 23.35, 26.34, 24.86, 0, 0, 4.34
2019/05/13 02:58:00, 24.00, 23.54, 23.36, 26.33, 24.86, 0, 0, 4.34
2019/05/13 02:59:00, 24.00, 23.54, 23.35, 26.33, 24.85, 0, 0, 4.34
2019/05/13 03:00:00, 24.00, 23.56, 23.37, 26.35, 24.85, 0, 0, 4.34
2019/05/13 03:01:00, 24.00, 23.56, 23.35, 26.36, 24.86, 0, 0, 4.34
2019/05/13 03:02:00, 24.00, 23.56, 23.36, 26.40, 24.85, 0, 0, 4.34
2019/05/13 03:03:00, 24.00, 23.57, 23.36, 26.37, 24.86, 0, 0, 4.34
2019/05/13 03:04:00, 24.00, 23.56, 23.34, 26.37, 24.83, 0, 0, 4.34
2019/05/13 03:05:00, 24.00, 23.53, 23.35, 26.33, 24.85, 0, 0, 4.34
2019/05/13 03:06:00, 24.00, 23.54, 23.37, 26.35, 24.84, 0, 0, 4.34
2019/05/13 03:07:00, 24.00, 23.56, 23.35, 26.36, 24.84, 0, 0, 4.34
2019/05/13 03:08:00, 24.00, 23.54, 23.35, 26.33, 24.85, 0, 0, 4.34
2019/05/13 03:09:00, 24.00, 23.54, 23.37, 26.34, 24.83, 0, 0, 4.34
2019/05/13 03:10:00, 24.00, 23.57, 23.36, 26.32, 24.81, 0, 0, 4.34
2019/05/13 03:11:00, 24.00, 23.54, 23.35, 26.33, 24.82, 0, 0, 4.34
2019/05/13 03:12:00, 24.00, 23.57, 23.36, 26.30, 24.82, 0, 0, 4.34
2019/05/13 03:13:00, 24.00, 23.56, 23.36, 26.30, 24.82, 0, 0, 4.34
2019/05/13 03:14:00, 24.00, 23.54, 23.35, 26.27, 24.81, 0, 0, 4.34
2019/05/13 03:15:00, 24.00, 23.54, 23.35, 26.30, 24.80, 0, 0, 4.34
2019/05/13 03:16:00, 24.00, 23.56, 23.36, 26.32, 24.80, 0, 0, 4.34
2019/05/13 03:17:00, 24.00, 23.56, 23.35, 26.29, 24.80, 0, 0, 4.34
2019/05/13 03:18:00, 24.00, 23.56, 23.37, 26.30, 24.79, 0, 0, 4.34
2019/05/13 03:19:00, 24.00, 23.56, 23.36, 26.29, 24.79, 0, 0, 4.34
2019/05/13 03:20:00, 24.00, 23.56, 23.37, 26.29, 24.79, 0, 0, 4.34
2019/05/13 03:21:00, 24.00, 23.54, 23.36, 26.27, 24.77, 0, 0, 4.34
2019/05/13 03:22:00, 24.00, 23.57, 23.36, 26.27, 24.76, 0, 0, 4.34
2019/05/13 03:23:00, 24.00, 23.54, 23.36, 26.23, 24.76, 0, 0, 4.34
2019/05/13 03:24:00, 24.00, 23.56, 23.35, 26.29, 24.77, 0, 0, 4.34
2019/05/13 03:25:00, 24.00, 23.57, 23.35, 26.26, 24.76, 0, 0, 4.34
2019/05/13 03:26:00, 24.00, 23.53, 23.35, 26.20, 24.76, 0, 0, 4.34
2019/05/13 03:27:00, 24.00, 23.56, 23.34, 26.27, 24.76, 0, 0, 4.34
2019/05/13 03:28:00, 24.00, 23.56, 23.34, 26.30, 24.76, 0, 0, 4.34
2019/05/13 03:29:00, 24.00, 23.53, 23.35, 26.26, 24.76, 0, 0, 4.34
2019/05/13 03:30:00, 24.00, 23.56, 23.35, 26.25, 24.76, 0, 0, 4.34
2019/05/13 03:31:00, 24.00, 23.56, 23.35, 26.27, 24.75, 0, 0, 4.34
2019/05/13 03:32:00, 24.00, 23.53, 23.35, 26.24, 24.75, 0, 0, 4.34
2019/05/13 03:33:00, 24.00, 23.54, 23.35, 26.26, 24.74, 0, 0, 4.34
2019/05/13 03:34:00, 24.00, 23.53, 23.34, 26.30, 24.76, 0, 0, 4.34
2019/05/13 03:35:00, 24.00, 23.54, 23.35, 26.25, 24.76, 0, 0, 4.34
2019/05/13 03:36:00, 24.00, 23.53, 23.33, 26.23, 24.73, 0, 0, 4.34
2019/05/13 03:37:00, 24.00, 23.53, 23.35, 26.25, 24.73, 0, 0, 4.34
2019/05/13 03:38:00, 24.00, 23.53, 23.34, 26.24, 24.75, 0, 0, 4.34
2019/05/13 03:39:00, 24.00, 23.53, 23.33, 26.27, 24.74, 0, 0, 4.34
2019/05/13 03:40:00, 24.00, 23.53, 23.36, 26.27, 24.76, 0, 0, 4.34
2019/05/13 03:41:00, 24.00, 23.50, 23.34, 26.27, 24.76, 0, 0, 4.34
2019/05/13 03:42:00, 24.00, 23.49, 23.34, 26.24, 24.72, 0, 0, 4.34
2019/05/13 03:43:00, 24.00, 23.53, 23.34, 26.25, 24.75, 0, 0, 4.34
2019/05/13 03:44:00, 24.00, 23.54, 23.33, 26.27, 24.76, 0, 0, 4.34
2019/05/13 03:45:00, 24.00, 23.52, 23.35, 26.24, 24.74, 0, 0, 4.34
2019/05/13 03:46:00, 24.00, 23.52, 23.35, 26.26, 24.75, 0, 0, 4.34
2019/05/13 03:47:00, 24.00, 23.56, 23.33, 26.26, 24.76, 0, 0, 4.34
2019/05/13 03:48:00, 24.00, 23.52, 23.33, 26.27, 24.76, 0, 0, 4.34
2019/05/13 03:49:00, 24.00, 23.50, 23.32, 26.29, 24.76, 0, 0, 4.34
2019/05/13 03:50:00, 24.00, 23.52, 23.33, 26.23, 24.74, 0, 0, 4.34
2019/05/13 03:51:00, 24.00, 23.50, 23.30, 26.25, 24.76, 0, 0, 4.34
2019/05/13 03:52:00, 24.00, 23.54, 23.32, 26.27, 24.74, 0, 0, 4.34
2019/05/13 03:53:00, 24.00, 23.50, 23.33, 26.17, 24.73, 0, 0, 4.34
2019/05/13 03:54:00, 24.00, 23.53, 23.33, 26.25, 24.73, 0, 0, 4.34
2019/05/13 03:55:00, 24.00, 23.53, 23.33, 26.20, 24.73, 0, 0, 4.34
2019/05/13 03:56:00, 24.00, 23.52, 23.32, 26.23, 24.70, 0, 0, 4.34
2019/05/13 03:57:00, 24.00, 23.50, 23.31, 26.27, 24.74, 0, 0, 4.34
2019/05/13 03:58:00, 24.00, 23.50, 23.32, 26.24, 24.74, 0, 0, 4.34
2019/05/13 03:59:00, 24.00, 23.50, 23.31, 26.23, 24.76, 0, 0, 4.34
2019/05/13 04:00:00, 24.00, 23.49, 23.31, 26.30, 24.74, 0, 0, 4.34
2019/05/13 04:01:00, 24.00, 23.52, 23.30, 26.23, 24.75, 0, 0, 4.34
2019/05/13 04:02:00, 24.00, 23.50, 23.32, 26.30, 24.76, 0, 0, 4.34
2019/05/13 04:03:00, 24.00, 23.49, 23.32, 26.27, 24.76, 0, 0, 4.34
2019/05/13 04:04:00, 24.00, 23.47, 23.32, 26.33, 24.77, 0, 0, 4.34
2019/05/13 04:05:00, 24.00, 23.52, 23.32, 26.27, 24.78, 0, 0, 4.34
2019/05/13 04:06:00, 24.00, 23.50, 23.33, 26.24, 24.76, 0, 0, 4.34
2019/05/13 04:07:00, 24.00, 23.52, 23.34, 26.24, 24.76, 0, 0, 4.34
2019/05/13 04:08:00, 24.00, 23.49, 23.32, 26.25, 24.76, 0, 0, 4.34
2019/05/13 04:09:00, 24.00, 23.50, 23.31, 26.30, 24.75, 0, 0, 4.34
2019/05/13 04:10:00, 24.00, 23.50, 23.33, 26.24, 24.76, 0, 0, 4.34
2019/05/13 04:11:00, 24.00, 23.53, 23.31, 26.24, 24.76, 0, 0, 4.34
2019/05/13 04:12:00, 24.00, 23.50, 23.33, 26.23, 24.76, 0, 0, 4.34
2019/05/13 04:13:00, 24.00, 23.50, 23.31, 26.28, 24.77, 0, 0, 4.34
2019/05/13 04:14:00, 24.00, 23.49, 23.30, 26.25, 24.75, 0, 0, 4.34
2019/05/13 04:15:00, 24.00, 23.50, 23.30, 26.33, 24.76, 0, 0, 4.34
2019/05/13 04:16:00, 24.00, 23.49, 23.30, 26.28, 24.77, 0, 0, 4.34
2019/05/13 04:17:00, 24.00, 23.50, 23.33, 26.26, 24.74, 0, 0, 4.34
2019/05/13 04:18:00, 24.00, 23.50, 23.32, 26.27, 24.77, 0, 0, 4.34
2019/05/13 04:19:00, 24.00, 23.50, 23.32, 26.25, 24.77, 0, 0, 4.34
2019/05/13 04:20:00, 24.00, 23.52, 23.32, 26.31, 24.78, 0, 0, 4.34
2019/05/13 04:21:00, 24.00, 23.52, 23.29, 26.24, 24.76, 0, 0, 4.34
2019/05/13 04:22:00, 24.00, 23.50, 23.32, 26.30, 24.79, 0, 0, 4.34
2019/05/13 04:23:00, 24.00, 23.52, 23.30, 26.25, 24.77, 0, 0, 4.34
2019/05/13 04:24:00, 24.00, 23.49, 23.30, 26.22, 24.76, 0, 0, 4.34
2019/05/13 04:25:00, 24.00, 23.52, 23.30, 26.28, 24.79, 0, 0, 4.34
2019/05/13 04:26:00, 24.00, 23.50, 23.32, 26.30, 24.79, 0, 0, 4.34
2019/05/13 04:27:00, 24.00, 23.49, 23.32, 26.30, 24.78, 0, 0, 4.34
2019/05/13 04:28:00, 24.00, 23.50, 23.30, 26.31, 24.78, 0, 0, 4.34
2019/05/13 04:29:00, 24.00, 23.50, 23.30, 26.31, 24.79, 0, 0, 4.34
2019/05/13 04:30:00, 24.00, 23.49, 23.31, 26.30, 24.80, 0, 0, 4.34
2019/05/13 04:31:00, 24.00, 23.49, 23.32, 26.25, 24.81, 0, 0, 4.34
2019/05/13 04:32:00, 24.00, 23.49, 23.32, 26.30, 24.81, 0, 0, 4.34
2019/05/13 04:33:00, 24.00, 23.49, 23.31, 26.33, 24.81, 0, 0, 4.34
2019/05/13 04:34:00, 24.00, 23.50, 23.32, 26.25, 24.80, 0, 0, 4.34
2019/05/13 04:35:00, 24.00, 23.50, 23.31, 26.25, 24.78, 0, 0, 4.34
2019/05/13 04:36:00, 24.00, 23.50, 23.31, 26.30, 24.78, 0, 0, 4.34
2019/05/13 04:37:00, 24.00, 23.47, 23.31, 26.36, 24.82, 0, 0, 4.34
2019/05/13 04:38:00, 24.00, 23.47, 23.31, 26.24, 24.79, 0, 0, 4.34
2019/05/13 04:39:00, 24.00, 23.50, 23.30, 26.33, 24.80, 0, 0, 4.34
2019/05/13 04:40:00, 24.00, 23.47, 23.31, 26.32, 24.82, 0, 0, 4.34
2019/05/13 04:41:00, 24.00, 23.49, 23.30, 26.30, 24.80, 0, 0, 4.34
2019/05/13 04:42:00, 24.00, 23.49, 23.29, 26.31, 24.83, 0, 0, 4.34
2019/05/13 04:43:00, 24.00, 23.52, 23.30, 26.30, 24.83, 0, 0, 4.34
2019/05/13 04:44:00, 24.00, 23.49, 23.32, 26.35, 24.82, 0, 0, 4.34
2019/05/13 04:45:00, 24.00, 23.49, 23.33, 26.34, 24.82, 0, 0, 4.34
2019/05/13 04:46:00, 24.00, 23.49, 23.32, 26.39, 24.83, 0, 0, 4.34
2019/05/13 04:47:00, 24.00, 23.50, 23.31, 26.36, 24.81, 0, 0, 4.34
2019/05/13 04:48:00, 24.00, 23.53, 23.33, 26.31, 24.82, 0, 0, 4.34
2019/05/13 04:49:00, 24.00, 23.50, 23.31, 26.30, 24.80, 0, 0, 4.34
2019/05/13 04:50:00, 24.00, 23.53, 23.32, 26.32, 24.80, 0, 0, 4.34
2019/05/13 04:51:00, 24.00, 23.50, 23.34, 26.28, 24.82, 0, 0, 4.34
2019/05/13 04:52:00, 24.00, 23.52, 23.35, 26.33, 24.79, 0, 0, 4.34
2019/05/13 04:53:00, 24.00, 23.52, 23.34, 26.30, 24.81, 0, 0, 4.34
2019/05/13 04:54:00, 24.00, 23.52, 23.35, 26.30, 24.79, 0, 0, 4.34
2019/05/13 04:55:00, 24.00, 23.54, 23.34, 26.32, 24.82, 0, 0, 4.34
2019/05/13 04:56:00, 24.00, 23.52, 23.35, 26.32, 24.79, 0, 0, 4.34
2019/05/13 04:57:00, 24.00, 23.53, 23.35, 26.37, 24.81, 0, 0, 4.34
2019/05/13 04:58:00, 24.00, 23.52, 23.33, 26.30, 24.79, 0, 0, 4.34
2019/05/13 04:59:00, 24.00, 23.50, 23.33, 26.31, 24.79, 0, 0, 4.34
2019/05/13 05:00:00, 24.00, 23.53, 23.33, 26.30, 24.79, 0, 0, 4.34
2019/05/13 05:01:00, 24.00, 23.52, 23.34, 26.30, 24.79, 0, 0, 4.34
2019/05/13 05:02:00, 24.00, 23.53, 23.34, 26.32, 24.79, 0, 0, 4.34
2019/05/13 05:03:00, 24.00, 23.52, 23.35, 26.33, 24.81, 0, 0, 4.34
2019/05/13 05:04:00, 24.00, 23.52, 23.34, 26.30, 24.79, 0, 0, 4.34
2019/05/13 05:05:00, 24.00, 23.53, 23.36, 26.30, 24.79, 0, 0, 4.34
2019/05/13 05:06:00, 24.00, 23.52, 23.33, 26.27, 24.76, 0, 0, 4.34
2019/05/13 05:07:00, 24.00, 23.52, 23.34, 26.30, 24.77, 0, 0, 4.34
2019/05/13 05:08:00, 24.00, 23.52, 23.32, 26.30, 24.79, 0, 0, 4.34
2019/05/13 05:09:00, 24.00, 23.52, 23.34, 26.30, 24.79, 0, 0, 4.34
2019/05/13 05:10:00, 24.00, 23.50, 23.35, 26.33, 24.78, 0, 0, 4.34
2019/05/13 05:11:00, 24.00, 23.53, 23.35, 26.29, 24.81, 0, 0, 4.34
2019/05/13 05:12:00, 24.00, 23.54, 23.35, 26.30, 24.81, 0, 0, 4.34
2019/05/13 05:13:00, 24.00, 23.52, 23.34, 26.34, 24.81, 0, 0, 4.34
2019/05/13 05:14:00, 24.00, 23.53, 23.33, 26.30, 24.78, 0, 0, 4.34
2019/05/13 05:15:00, 24.00, 23.53, 23.33, 26.29, 24.79, 0, 0, 4.34
2019/05/13 05:16:00, 24.00, 23.53, 23.35, 26.28, 24.78, 0, 0, 4.34
2019/05/13 05:17:00, 24.00, 23.53, 23.34, 26.30, 24.79, 0, 0, 4.34
2019/05/13 05:18:00, 24.00, 23.52, 23.33, 26.29, 24.78, 0, 0, 4.34
2019/05/13 05:19:00, 24.00, 23.54, 23.35, 26.27, 24.78, 0, 0, 4.34
2019/05/13 05:20:00, 24.00, 23.54, 23.34, 26.33, 24.79, 0, 0, 4.34
2019/05/13 05:21:00, 24.00, 23.53, 23.36, 26.26, 24.78, 0, 0, 4.34
2019/05/13 05:22:00, 24.00, 23.56, 23.36, 26.24, 24.76, 0, 0, 4.34
2019/05/13 05:23:00, 24.00, 23.53, 23.34, 26.26, 24.76, 0, 0, 4.34
2019/05/13 05:24:00, 24.00, 23.56, 23.35, 26.29, 24.78, 0, 0, 4.34
2019/05/13 05:25:00, 24.00, 23.54, 23.36, 26.29, 24.77, 0, 0, 4.34
2019/05/13 05:26:00, 24.00, 23.54, 23.35, 26.29, 24.78, 0, 0, 4.34
2019/05/13 05:27:00, 24.00, 23.54, 23.35, 26.24, 24.73, 0, 0, 4.34
2019/05/13 05:28:00, 24.00, 23.56, 23.35, 26.29, 24.75, 0, 0, 4.34
2019/05/13 05:29:00, 24.00, 23.54, 23.35, 26.29, 24.77, 0, 0, 4.34
2019/05/13 05:30:00, 24.00, 23.56, 23.35, 26.24, 24.77, 0, 0, 4.34
2019/05/13 05:31:00, 24.00, 23.53, 23.35, 26.27, 24.76, 0, 0, 4.34
2019/05/13 05:32:00, 24.00, 23.54, 23.36, 26.25, 24.76, 0, 0, 4.34
2019/05/13 05:33:00, 24.00, 23.52, 23.35, 26.23, 24.75, 0, 0, 4.34
2019/05/13 05:34:00, 24.00, 23.56, 23.34, 26.27, 24.76, 0, 0, 4.34
2019/05/13 05:35:00, 24.00, 23.50, 23.35, 26.32, 24.76, 0, 0, 4.34
2019/05/13 05:36:00, 24.00, 23.56, 23.35, 26.29, 24.78, 0, 0, 4.34
2019/05/13 05:37:00, 24.00, 23.54, 23.37, 26.30, 24.78, 0, 0, 4.34
2019/05/13 05:38:00, 24.00, 23.54, 23.35, 26.26, 24.76, 0, 0, 4.34
2019/05/13 05:39:00, 24.00, 23.53, 23.34, 26.29, 24.76, 0, 0, 4.34
2019/05/13 05:40:00, 24.00, 23.56, 23.35, 26.27, 24.75, 0, 0, 4.34
2019/05/13 05:41:00, 24.00, 23.54, 23.35, 26.24, 24.75, 0, 0, 4.34
2019/05/13 05:42:00, 24.00, 23.53, 23.38, 26.23, 24.75, 0, 0, 4.34
2019/05/13 05:43:00, 24.00, 23.57, 23.35, 26.32, 24.76, 0, 0, 4.34
2019/05/13 05:44:00, 24.00, 23.56, 23.35, 26.21, 24.74, 0, 0, 4.34
2019/05/13 05:45:00, 24.00, 23.56, 23.37, 26.29, 24.75, 0, 0, 4.34
2019/05/13 05:46:00, 24.00, 23.57, 23.37, 26.23, 24.75, 0, 0, 4.34
2019/05/13 05:47:00, 24.00, 23.56, 23.38, 26.23, 24.73, 0, 0, 4.34
2019/05/13 05:48:00, 24.00, 23.56, 23.36, 26.26, 24.73, 0, 0, 4.34
2019/05/13 05:49:00, 24.00, 23.54, 23.37, 26.24, 24.73, 0, 0, 4.34
2019/05/13 05:50:00, 24.00, 23.54, 23.36, 26.29, 24.74, 0, 0, 4.34
2019/05/13 05:51:00, 24.00, 23.53, 23.36, 26.29, 24.74, 0, 0, 4.34
2019/05/13 05:52:00, 24.00, 23.54, 23.35, 26.26, 24.74, 0, 0, 4.34
2019/05/13 05:53:00, 24.00, 23.53, 23.34, 26.24, 24.75, 0, 0, 4.34
2019/05/13 05:54:00, 24.00, 23.53, 23.35, 26.23, 24.76, 0, 0, 4.34
2019/05/13 05:55:00, 24.00, 23.53, 23.34, 26.26, 24.76, 0, 0, 4.34
2019/05/13 05:56:00, 24.00, 23.54, 23.35, 26.29, 24.76, 0, 0, 4.34
2019/05/13 05:57:00, 24.00, 23.54, 23.36, 26.29, 24.74, 0, 0, 4.34
2019/05/13 05:58:00, 24.00, 23.54, 23.34, 26.27, 24.75, 0, 0, 4.34
2019/05/13 05:59:00, 24.00, 23.54, 23.34, 26.27, 24.76, 0, 0, 4.34
2019/05/13 06:00:00, 24.00, 23.53, 23.34, 26.33, 24.77, 0, 0, 4.34
2019/05/13 06:01:00, 24.00, 23.53, 23.35, 26.24, 24.75, 0, 0, 4.34
2019/05/13 06:02:00, 24.00, 23.53, 23.35, 26.26, 24.75, 0, 0, 4.34
2019/05/13 06:03:00, 24.00, 23.54, 23.35, 26.21, 24.75, 0, 0, 4.34
2019/05/13 06:04:00, 24.00, 23.54, 23.36, 26.24, 24.74, 0, 0, 4.34
2019/05/13 06:05:00, 24.00, 23.56, 23.35, 26.24, 24.74, 0, 0, 4.34
2019/05/13 06:06:00, 24.00, 23.52, 23.34, 26.23, 24.73, 0, 0, 4.34
2019/05/13 06:07:00, 24.00, 23.54, 23.34, 26.26, 24.73, 0, 0, 4.34
2019/05/13 06:08:00, 24.00, 23.54, 23.34, 26.21, 24.75, 0, 0, 4.34
2019/05/13 06:09:00, 24.00, 23.54, 23.35, 26.23, 24.74, 0, 0, 4.34
2019/05/13 06:10:00, 24.00, 23.54, 23.35, 26.26, 24.75, 0, 0, 4.34
2019/05/13 06:11:00, 24.00, 23.52, 23.34, 26.21, 24.74, 0, 0, 4.34
2019/05/13 06:12:00, 24.00, 23.54, 23.34, 26.27, 24.75, 0, 0, 4.34
2019/05/13 06:13:00, 24.00, 23.53, 23.33, 26.24, 24.78, 0, 0, 4.34
2019/05/13 06:14:00, 24.00, 23.54, 23.36, 26.28, 24.74, 0, 0, 4.34
2019/05/13 06:15:00, 24.00, 23.52, 23.34, 26.24, 24.75, 0, 0, 4.34
2019/05/13 06:16:00, 24.00, 23.53, 23.34, 26.28, 24.75, 0, 0, 4.34
2019/05/13 06:17:00, 24.00, 23.52, 23.35, 26.23, 24.74, 0, 0, 4.34
2019/05/13 06:18:00, 24.00, 23.53, 23.33, 26.24, 24.74, 0, 0, 4.34
2019/05/13 06:19:00, 24.00, 23.53, 23.34, 26.26, 24.73, 0, 0, 4.34
2019/05/13 06:20:00, 24.00, 23.52, 23.35, 26.24, 24.73, 0, 0, 4.34
2019/05/13 06:21:00, 24.00, 23.53, 23.33, 26.24, 24.75, 0, 0, 4.34
2019/05/13 06:22:00, 24.00, 23.54, 23.35, 26.32, 24.75, 0, 0, 4.34
2019/05/13 06:23:00, 24.00, 23.54, 23.34, 26.32, 24.77, 0, 0, 4.34
2019/05/13 06:24:00, 24.00, 23.56, 23.35, 26.26, 24.75, 0, 0, 4.34
2019/05/13 06:25:00, 24.00, 23.54, 23.35, 26.27, 24.75, 0, 0, 4.34
2019/05/13 06:26:00, 24.00, 23.53, 23.36, 26.27, 24.73, 0, 0, 4.34
2019/05/13 06:27:00, 24.00, 23.54, 23.35, 26.24, 24.74, 0, 0, 4.34
2019/05/13 06:28:00, 24.00, 23.52, 23.34, 26.26, 24.74, 0, 0, 4.34
2019/05/13 06:29:00, 24.00, 23.53, 23.34, 26.29, 24.76, 0, 0, 4.34
2019/05/13 06:30:00, 24.00, 23.56, 23.36, 26.30, 24.74, 0, 0, 4.34
2019/05/13 06:31:00, 24.00, 23.53, 23.35, 26.26, 24.76, 0, 0, 4.34
2019/05/13 06:32:00, 24.00, 23.53, 23.35, 26.24, 24.73, 0, 0, 4.34
2019/05/13 06:33:00, 24.00, 23.54, 23.36, 26.27, 24.73, 0, 0, 4.34
2019/05/13 06:34:00, 24.00, 23.53, 23.36, 26.24, 24.73, 0, 0, 4.34
2019/05/13 06:35:00, 24.00, 23.53, 23.35, 26.23, 24.74, 0, 0, 4.34
2019/05/13 06:36:00, 24.00, 23.56, 23.34, 26.29, 24.73, 0, 0, 4.34
2019/05/13 06:37:00, 24.00, 23.54, 23.35, 26.26, 24.73, 0, 0, 4.34
2019/05/13 06:38:00, 24.00, 23.53, 23.36, 26.23, 24.71, 0, 0, 4.34
2019/05/13 06:39:00, 24.00, 23.56, 23.33, 26.27, 24.73, 0, 0, 4.34
2019/05/13 06:40:00, 24.00, 23.54, 23.35, 26.28, 24.73, 0, 0, 4.34
2019/05/13 06:41:00, 24.00, 23.54, 23.37, 26.21, 24.73, 0, 0, 4.34
2019/05/13 06:42:00, 24.00, 23.52, 23.36, 26.22, 24.73, 0, 0, 4.34
2019/05/13 06:43:00, 24.00, 23.56, 23.35, 26.17, 24.70, 0, 0, 4.34
2019/05/13 06:44:00, 24.00, 23.54, 23.35, 26.22, 24.70, 0, 0, 4.34
2019/05/13 06:45:00, 24.00, 23.56, 23.37, 26.23, 24.73, 0, 0, 4.34
2019/05/13 06:46:00, 24.00, 23.54, 23.37, 26.22, 24.72, 0, 0, 4.34
2019/05/13 06:47:00, 24.00, 23.57, 23.37, 26.23, 24.70, 0, 0, 4.34
2019/05/13 06:48:00, 24.00, 23.56, 23.39, 26.17, 24.70, 0, 0, 4.34
2019/05/13 06:49:00, 24.00, 23.54, 23.37, 26.20, 24.68, 0, 0, 4.34
2019/05/13 06:50:00, 24.00, 23.60, 23.38, 26.20, 24.71, 0, 0, 4.34
2019/05/13 06:51:00, 24.00, 23.60, 23.41, 26.16, 24.68, 0, 0, 4.34
2019/05/13 06:52:00, 24.00, 23.59, 23.43, 26.14, 24.67, 0, 0, 4.34
2019/05/13 06:53:00, 24.00, 23.60, 23.41, 26.13, 24.66, 0, 0, 4.34
2019/05/13 06:54:00, 24.00, 23.60, 23.44, 26.11, 24.61, 0, 0, 4.34
2019/05/13 06:55:00, 24.00, 23.63, 23.44, 26.16, 24.63, 0, 0, 4.34
2019/05/13 06:56:00, 24.00, 23.63, 23.45, 26.15, 24.62, 0, 0, 4.34
2019/05/13 06:57:00, 24.00, 23.61, 23.44, 26.12, 24.61, 0, 0, 4.34
2019/05/13 06:58:00, 24.00, 23.65, 23.45, 26.15, 24.59, 0, 0, 4.34
2019/05/13 06:59:00, 24.00, 23.64, 23.49, 26.09, 24.59, 0, 0, 4.34
2019/05/13 07:00:00, 24.00, 23.65, 23.47, 26.06, 24.55, 0, 0, 4.34
2019/05/13 07:01:00, 24.00, 23.70, 23.47, 26.03, 24.55, 0, 0, 4.34
2019/05/13 07:02:00, 24.00, 23.67, 23.47, 26.00, 24.54, 0, 0, 4.34
2019/05/13 07:03:00, 24.00, 23.64, 23.48, 26.06, 24.52, 0, 0, 4.34
2019/05/13 07:04:00, 24.00, 23.67, 23.49, 25.98, 24.50, 0, 0, 4.34
2019/05/13 07:05:00, 24.00, 23.67, 23.49, 26.06, 24.51, 0, 0, 4.34
2019/05/13 07:06:00, 24.00, 23.68, 23.48, 26.02, 24.51, 0, 0, 4.34
2019/05/13 07:07:00, 24.00, 23.67, 23.51, 26.01, 24.51, 0, 0, 4.34
2019/05/13 07:08:00, 24.00, 23.70, 23.52, 26.03, 24.50, 0, 0, 4.34
2019/05/13 07:09:00, 24.00, 23.70, 23.52, 25.99, 24.50, 0, 0, 4.34
2019/05/13 07:10:00, 24.00, 23.71, 23.51, 25.98, 24.47, 0, 0, 4.34
2019/05/13 07:11:00, 24.00, 23.70, 23.51, 25.96, 24.47, 0, 0, 4.34
2019/05/13 07:12:00, 24.00, 23.70, 23.51, 26.01, 24.47, 0, 0, 4.34
2019/05/13 07:13:00, 24.00, 23.71, 23.53, 25.95, 24.47, 0, 0, 4.34
2019/05/13 07:14:00, 24.00, 23.71, 23.52, 26.01, 24.45, 0, 0, 4.34
2019/05/13 07:15:00, 24.00, 23.71, 23.54, 25.95, 24.44, 0, 0, 4.34
2019/05/13 07:16:00, 24.00, 23.74, 23.56, 25.89, 24.43, 0, 0, 4.34
2019/05/13 07:17:00, 24.00, 23.73, 23.54, 25.93, 24.42, 0, 0, 4.34
2019/05/13 07:18:00, 24.00, 23.76, 23.56, 25.96, 24.41, 0, 0, 4.34
2019/05/13 07:19:00, 24.00, 23.74, 23.57, 25.95, 24.42, 0, 0, 4.34
2019/05/13 07:20:00, 24.00, 23.74, 23.57, 25.87, 24.41, 0, 0, 4.34
2019/05/13 07:21:00, 24.00, 23.74, 23.57, 25.89, 24.41, 0, 0, 4.34
2019/05/13 07:22:00, 24.00, 23.76, 23.57, 25.93, 24.39, 0, 0, 4.34
2019/05/13 07:23:00, 24.00, 23.74, 23.57, 25.88, 24.37, 0, 0, 4.34
2019/05/13 07:24:00, 24.00, 23.79, 23.60, 25.89, 24.38, 0, 0, 4.34
2019/05/13 07:25:00, 24.00, 23.80, 23.60, 25.84, 24.37, 0, 0, 4.34
2019/05/13 07:26:00, 24.00, 23.84, 23.66, 25.85, 24.33, 0, 0, 4.34
2019/05/13 07:27:00, 24.00, 23.83, 23.66, 25.75, 24.27, 0, 0, 4.34
2019/05/13 07:28:00, 24.00, 23.84, 23.65, 25.76, 24.25, 0, 0, 4.34
2019/05/13 07:29:00, 24.00, 23.85, 23.69, 25.76, 24.25, 0, 0, 4.34
2019/05/13 07:30:00, 24.00, 23.91, 23.71, 25.68, 24.20, 0, 0, 4.34
2019/05/13 07:31:00, 24.00, 23.90, 23.71, 25.65, 24.16, 0, 0, 4.34
2019/05/13 07:32:00, 24.00, 23.88, 23.73, 25.67, 24.16, 0, 0, 4.34
2019/05/13 07:33:00, 24.00, 23.90, 23.71, 25.63, 24.10, 0, 0, 4.34
2019/05/13 07:34:00, 24.25, 23.90, 23.76, 25.60, 24.12, 0, 0, 4.34
2019/05/13 07:35:00, 24.25, 23.90, 23.72, 25.55, 24.03, 0, 0, 4.34
2019/05/13 07:36:00, 24.25, 23.90, 23.72, 25.57, 24.03, 0, 0, 4.34
2019/05/13 07:37:00, 24.25, 23.88, 23.72, 25.46, 24.00, 0, 0, 4.34
2019/05/13 07:38:00, 24.25, 23.87, 23.72, 25.49, 23.98, 0, 0, 4.34
2019/05/13 07:39:00, 24.25, 23.87, 23.67, 25.52, 23.97, 0, 0, 4.34
2019/05/13 07:40:00, 24.25, 23.85, 23.65, 25.53, 23.96, 0, 0, 4.34
2019/05/13 07:41:00, 24.25, 23.88, 23.66, 25.55, 23.99, 0, 0, 4.34
2019/05/13 07:42:00, 24.25, 23.87, 23.66, 25.54, 24.02, 0, 0, 4.34
2019/05/13 07:43:00, 24.25, 23.88, 23.72, 25.52, 24.03, 0, 0, 4.34
2019/05/13 07:44:00, 24.25, 23.91, 23.73, 25.48, 23.99, 0, 0, 4.34
2019/05/13 07:45:00, 24.25, 23.92, 23.76, 25.47, 23.93, 0, 0, 4.34
2019/05/13 07:46:00, 24.25, 23.98, 23.78, 25.48, 23.93, 0, 0, 4.34
2019/05/13 07:47:00, 24.25, 23.98, 23.82, 25.38, 23.89, 0, 0, 4.34
2019/05/13 07:48:00, 24.25, 24.01, 23.83, 25.27, 23.76, 0, 0, 4.34
2019/05/13 07:49:00, 24.25, 23.99, 23.81, 25.21, 23.70, 0, 0, 4.34
2019/05/13 07:50:00, 24.25, 23.98, 23.81, 25.25, 23.69, 0, 0, 4.34
2019/05/13 07:51:00, 24.25, 23.99, 23.80, 25.23, 23.70, 0, 0, 4.34
2019/05/13 07:52:00, 24.25, 24.02, 23.81, 25.13, 23.70, 0, 0, 4.34
2019/05/13 07:53:00, 24.25, 23.97, 23.80, 25.23, 23.70, 0, 0, 4.34
2019/05/13 07:54:00, 24.25, 23.99, 23.80, 25.23, 23.70, 0, 0, 4.34
2019/05/13 07:55:00, 24.25, 24.04, 23.83, 25.24, 23.69, 0, 0, 4.34
2019/05/13 07:56:00, 24.25, 24.04, 23.86, 25.16, 23.66, 0, 0, 4.34
2019/05/13 07:57:00, 24.25, 24.08, 23.90, 25.08, 23.60, 0, 0, 4.34
2019/05/13 07:58:00, 24.25, 24.09, 23.90, 24.98, 23.51, 0, 0, 4.34
2019/05/13 07:59:00, 24.25, 24.08, 23.90, 25.04, 23.48, 0, 0, 4.34
2019/05/13 08:00:00, 24.25, 24.08, 23.92, 24.98, 23.46, 0, 0, 4.34
2019/05/13 08:01:00, 24.25, 24.09, 23.94, 25.02, 23.46, 0, 0, 4.34
2019/05/13 08:02:00, 24.25, 24.11, 23.95, 24.96, 23.45, 0, 0, 4.34
2019/05/13 08:03:00, 24.25, 24.11, 23.95, 24.99, 23.42, 0, 0, 4.34
2019/05/13 08:04:00, 24.25, 24.11, 23.94, 25.00, 23.42, 0, 0, 4.34
2019/05/13 08:05:00, 24.25, 24.12, 23.95, 24.91, 23.40, 0, 0, 4.34
2019/05/13 08:06:00, 24.25, 24.16, 23.97, 24.91, 23.38, 0, 0, 4.34
2019/05/13 08:07:00, 24.25, 24.14, 23.98, 24.87, 23.31, 0, 0, 4.34
2019/05/13 08:08:00, 24.25, 24.19, 24.00, 24.82, 23.30, 0, 0, 4.34
2019/05/13 08:09:00, 24.25, 24.16, 24.01, 24.76, 23.28, 0, 0, 4.34
2019/05/13 08:10:00, 24.25, 24.19, 24.00, 24.82, 23.27, 0, 0, 4.34
2019/05/13 08:11:00, 24.25, 24.18, 24.02, 24.85, 23.30, 0, 0, 4.34
2019/05/13 08:12:00, 24.25, 24.19, 24.02, 24.78, 23.27, 0, 0, 4.34
2019/05/13 08:13:00, 24.25, 24.18, 24.03, 24.69, 23.19, 0, 0, 4.34
2019/05/13 08:14:00, 24.25, 24.16, 24.02, 24.71, 23.16, 0, 0, 4.34
2019/05/13 08:15:00, 24.25, 24.20, 24.02, 24.77, 23.20, 0, 0, 4.34
2019/05/13 08:16:00, 24.25, 24.22, 24.05, 24.77, 23.22, 0, 0, 4.34
2019/05/13 08:17:00, 24.50, 24.22, 24.08, 24.70, 23.21, 0, 0, 4.34
2019/05/13 08:18:00, 24.50, 24.26, 24.07, 24.80, 23.19, 0, 0, 4.34
2019/05/13 08:19:00, 24.50, 24.29, 24.12, 24.73, 23.19, 0, 0, 4.34
2019/05/13 08:20:00, 24.50, 24.26, 24.11, 24.62, 23.15, 0, 0, 4.34
2019/05/13 08:21:00, 24.50, 24.31, 24.12, 24.64, 23.09, 0, 0, 4.34
2019/05/13 08:22:00, 24.50, 24.27, 24.11, 24.64, 23.07, 0, 0, 4.34
2019/05/13 08:23:00, 24.50, 24.26, 24.10, 24.62, 23.08, 0, 0, 4.34
2019/05/13 08:24:00, 24.50, 24.27, 24.09, 24.68, 23.13, 0, 0, 4.34
2019/05/13 08:25:00, 24.50, 24.31, 24.13, 24.76, 23.16, 0, 0, 4.34
2019/05/13 08:26:00, 24.50, 24.29, 24.13, 24.73, 23.15, 0, 0, 4.34
2019/05/13 08:27:00, 24.50, 24.31, 24.16, 24.72, 23.20, 0, 0, 4.34
2019/05/13 08:28:00, 24.50, 24.32, 24.16, 24.72, 23.15, 0, 0, 4.34
2019/05/13 08:29:00, 24.50, 24.36, 24.18, 24.75, 23.19, 0, 0, 4.34
2019/05/13 08:30:00, 24.50, 24.35, 24.19, 24.69, 23.20, 0, 0, 4.34
2019/05/13 08:31:00, 24.50, 24.40, 24.22, 24.71, 23.16, 0, 0, 4.34
2019/05/13 08:32:00, 24.50, 24.36, 24.23, 24.72, 23.16, 0, 0, 4.34
2019/05/13 08:33:00, 24.50, 24.42, 24.23, 24.66, 23.12, 0, 0, 4.34
2019/05/13 08:34:00, 24.50, 24.42, 24.23, 24.66, 23.10, 0, 0, 4.34
2019/05/13 08:35:00, 24.50, 24.42, 24.24, 24.67, 23.09, 0, 0, 4.34
2019/05/13 08:36:00, 24.50, 24.40, 24.25, 24.67, 23.12, 0, 0, 4.34
2019/05/13 08:37:00, 24.50, 24.43, 24.25, 24.65, 23.09, 0, 0, 4.34
2019/05/13 08:38:00, 24.50, 24.42, 24.26, 24.58, 23.03, 0, 0, 4.34
2019/05/13 08:39:00, 24.50, 24.44, 24.28, 24.67, 23.09, 0, 0, 4.34
2019/05/13 08:40:00, 24.50, 24.46, 24.32, 24.58, 23.09, 0, 0, 4.34
2019/05/13 08:41:00, 24.50, 24.47, 24.32, 24.51, 22.99, 0, 0, 4.34
2019/05/13 08:42:00, 24.50, 24.49, 24.28, 24.52, 22.96, 0, 0, 4.34
2019/05/13 08:43:00, 24.50, 24.47, 24.33, 24.63, 23.01, 0, 0, 4.34
2019/05/13 08:44:00, 24.50, 24.50, 24.33, 24.39, 22.96, 0, 0, 4.34
2019/05/13 08:45:00, 24.50, 24.50, 24.34, 24.45, 22.87, 0, 0, 4.34
2019/05/13 08:46:00, 24.50, 24.49, 24.33, 24.44, 22.88, 0, 0, 4.34
2019/05/13 08:47:00, 24.50, 24.47, 24.34, 24.51, 22.90, 0, 0, 4.34
2019/05/13 08:48:00, 24.50, 24.52, 24.33, 24.51, 22.91, 0, 0, 4.34
2019/05/13 08:49:00, 24.50, 24.54, 24.36, 24.41, 22.90, 0, 0, 4.34
2019/05/13 08:50:00, 24.50, 24.53, 24.37, 24.31, 22.80, 0, 0, 4.34
2019/05/13 08:51:00, 24.50, 24.52, 24.37, 24.29, 22.77, 0, 0, 4.34
2019/05/13 08:52:00, 24.50, 24.52, 24.37, 24.28, 22.73, 0, 0, 4.34
2019/05/13 08:53:00, 24.50, 24.53, 24.36, 24.29, 22.72, 0, 0, 4.34
2019/05/13 08:54:00, 24.75, 24.54, 24.38, 24.33, 22.73, 0, 0, 4.34
2019/05/13 08:55:00, 24.75, 24.57, 24.40, 24.32, 22.73, 0, 0, 4.34
2019/05/13 08:56:00, 24.75, 24.57, 24.40, 24.15, 22.67, 0, 0, 4.34
2019/05/13 08:57:00, 24.75, 24.56, 24.41, 24.06, 22.54, 0, 0, 4.34
2019/05/13 08:58:00, 24.75, 24.59, 24.43, 24.16, 22.57, 0, 0, 4.34
2019/05/13 08:59:00, 24.75, 24.60, 24.45, 24.13, 22.57, 0, 0, 4.34
2019/05/13 09:00:00, 24.75, 24.61, 24.48, 23.97, 22.49, 0, 0, 4.34
2019/05/13 09:01:00, 24.75, 24.66, 24.46, 24.02, 22.45, 0, 0, 4.34
2019/05/13 09:02:00, 24.75, 24.67, 24.49, 24.01, 22.44, 0, 0, 4.34
2019/05/13 09:03:00, 24.75, 24.66, 24.49, 23.95, 22.40, 0, 0, 4.34
2019/05/13 09:04:00, 24.75, 24.69, 24.53, 23.92, 22.37, 0, 0, 4.34
2019/05/13 09:05:00, 24.75, 24.69, 24.54, 23.88, 22.35, 0, 0, 4.34
2019/05/13 09:06:00, 24.75, 24.70, 24.55, 23.90, 22.32, 0, 0, 4.34
2019/05/13 09:07:00, 24.75, 24.71, 24.54, 23.80, 22.28, 0, 0, 4.34
2019/05/13 09:08:00, 24.75, 24.71, 24.56, 23.80, 22.25, 0, 0, 4.34
2019/05/13 09:09:00, 24.75, 24.73, 24.56, 23.79, 22.25, 0, 0, 4.34
2019/05/13 09:10:00, 24.75, 24.71, 24.54, 23.67, 22.17, 0, 0, 4.34
2019/05/13 09:11:00, 24.75, 24.73, 24.55, 23.76, 22.17, 0, 0, 4.34
2019/05/13 09:12:00, 24.75, 24.74, 24.55, 23.76, 22.17, 0, 0, 4.34
2019/05/13 09:13:00, 24.75, 24.75, 24.55, 23.69, 22.14, 0, 0, 4.34
2019/05/13 09:14:00, 24.75, 24.74, 24.56, 23.70, 22.10, 0, 0, 4.34
2019/05/13 09:15:00, 24.75, 24.74, 24.55, 23.62, 22.06, 0, 0, 4.34
2019/05/13 09:16:00, 24.75, 24.71, 24.55, 23.58, 22.00, 0, 0, 4.34
2019/05/13 09:17:00, 24.75, 24.75, 24.58, 23.64, 22.08, 0, 0, 4.34
2019/05/13 09:18:00, 24.75, 24.75, 24.60, 23.64, 22.09, 0, 0, 4.34
2019/05/13 09:19:00, 24.75, 24.74, 24.60, 23.62, 22.03, 0, 0, 4.34
2019/05/13 09:20:00, 24.75, 24.80, 24.62, 23.59, 22.03, 0, 0, 4.34
2019/05/13 09:21:00, 24.75, 24.78, 24.63, 23.59, 21.99, 0, 0, 4.34
2019/05/13 09:22:00, 24.75, 24.80, 24.64, 23.60, 21.96, 0, 0, 4.34
2019/05/13 09:23:00, 24.75, 24.81, 24.64, 23.50, 21.93, 0, 0, 4.34
2019/05/13 09:24:00, 24.75, 24.80, 24.62, 23.50, 21.93, 0, 0, 4.34
2019/05/13 09:25:00, 24.75, 24.78, 24.62, 23.48, 21.95, 0, 0, 4.34
2019/05/13 09:26:00, 24.75, 24.82, 24.62, 23.50, 21.91, 0, 0, 4.34
2019/05/13 09:27:00, 24.75, 24.81, 24.64, 23.46, 21.88, 0, 0, 4.34
2019/05/13 09:28:00, 24.75, 24.78, 24.62, 23.33, 21.83, 0, 0, 4.34
2019/05/13 09:29:00, 24.75, 24.78, 24.64, 23.48, 21.88, 0, 0, 4.34
2019/05/13 09:30:00, 24.75, 24.80, 24.62, 23.47, 21.89, 0, 0, 4.34
2019/05/13 09:31:00, 24.75, 24.82, 24.62, 23.44, 21.85, 0, 0, 4.34
2019/05/13 09:32:00, 24.75, 24.81, 24.64, 23.36, 21.79, 0, 0, 4.34
2019/05/13 09:33:00, 24.75, 24.81, 24.64, 23.36, 21.80, 0, 0, 4.34
2019/05/13 09:34:00, 24.75, 24.80, 24.65, 23.33, 21.79, 0, 0, 4.34
2019/05/13 09:35:00, 24.75, 24.81, 24.65, 23.31, 21.77, 0, 0, 4.34
2019/05/13 09:36:00, 24.75, 24.80, 24.62, 23.31, 21.76, 0, 0, 4.34
2019/05/13 09:37:00, 24.75, 24.80, 24.65, 23.33, 21.74, 0, 0, 4.34
2019/05/13 09:38:00, 25.00, 24.81, 24.67, 23.25, 21.70, 0, 0, 4.34
2019/05/13 09:39:00, 25.00, 24.82, 24.67, 23.14, 21.65, 0, 0, 4.34
2019/05/13 09:40:00, 25.00, 24.81, 24.64, 23.23, 21.65, 0, 0, 4.34
2019/05/13 09:41:00, 25.00, 24.80, 24.64, 23.20, 21.64, 0, 0, 4.34
2019/05/13 09:42:00, 25.00, 24.82, 24.67, 23.17, 21.64, 0, 0, 4.34
2019/05/13 09:43:00, 25.00, 24.82, 24.67, 23.15, 21.61, 0, 0, 4.34
2019/05/13 09:44:00, 25.00, 24.82, 24.66, 23.09, 21.55, 0, 0, 4.34
2019/05/13 09:45:00, 25.00, 24.81, 24.66, 23.10, 21.52, 0, 0, 4.34
2019/05/13 09:46:00, 25.00, 24.81, 24.68, 23.10, 21.54, 0, 0, 4.34
2019/05/13 09:47:00, 25.00, 24.81, 24.65, 23.07, 21.51, 0, 0, 4.34
2019/05/13 09:48:00, 25.00, 24.85, 24.67, 23.02, 21.47, 0, 0, 4.34
2019/05/13 09:49:00, 25.00, 24.82, 24.67, 22.99, 21.42, 0, 0, 4.34
2019/05/13 09:50:00, 25.00, 24.81, 24.65, 23.01, 21.43, 0, 0, 4.34
2019/05/13 09:51:00, 25.00, 24.82, 24.64, 22.89, 21.43, 0, 0, 4.34
2019/05/13 09:52:00, 25.00, 24.80, 24.64, 22.99, 21.45, 0, 0, 4.34
2019/05/13 09:53:00, 25.00, 24.85, 24.65, 22.96, 21.44, 0, 0, 4.34
2019/05/13 09:54:00, 25.00, 24.82, 24.65, 22.91, 21.38, 0, 0, 4.34
2019/05/13 09:55:00, 25.00, 24.82, 24.66, 22.96, 21.37, 0, 0, 4.34
2019/05/13 09:56:00, 25.00, 24.85, 24.67, 22.91, 21.38, 0, 0, 4.34
2019/05/13 09:57:00, 25.00, 24.82, 24.67, 22.99, 21.39, 0, 0, 4.34
2019/05/13 09:58:00, 25.00, 24.84, 24.66, 22.92, 21.34, 0, 0, 4.34
2019/05/13 09:59:00, 25.00, 24.84, 24.67, 22.91, 21.34, 0, 0, 4.34
2019/05/13 10:00:00, 25.00, 24.87, 24.67, 22.88, 21.32, 0, 0, 4.34
2019/05/13 10:01:00, 25.00, 24.84, 24.68, 22.89, 21.33, 0, 0, 4.34
2019/05/13 10:02:00, 25.00, 24.87, 24.67, 22.86, 21.33, 0, 0, 4.34
2019/05/13 10:03:00, 25.00, 24.87, 24.66, 22.78, 21.31, 0, 0, 4.34
2019/05/13 10:04:00, 25.00, 24.87, 24.69, 22.81, 21.29, 0, 0, 4.34
2019/05/13 10:05:00, 25.00, 24.84, 24.67, 22.76, 21.25, 0, 0, 4.34
2019/05/13 10:06:00, 25.00, 24.85, 24.67, 22.81, 21.29, 0, 0, 4.34
2019/05/13 10:07:00, 25.00, 24.84, 24.68, 22.73, 21.25, 0, 0, 4.34
2019/05/13 10:08:00, 25.00, 24.84, 24.67, 22.76, 21.21, 0, 0, 4.34
2019/05/13 10:09:00, 25.00, 24.82, 24.68, 22.68, 21.20, 0, 0, 4.34
2019/05/13 10:10:00, 25.00, 24.84, 24.67, 22.71, 21.20, 0, 0, 4.34
2019/05/13 10:11:00, 25.00, 24.84, 24.66, 22.73, 21.19, 0, 0, 4.34
2019/05/13 10:12:00, 25.00, 24.84, 24.68, 22.73, 21.19, 0, 0, 4.34
2019/05/13 10:13:00, 25.00, 24.85, 24.65, 22.68, 21.18, 0, 0, 4.34
2019/05/13 10:14:00, 25.00, 24.82, 24.65, 22.61, 21.16, 0, 0, 4.34
2019/05/13 10:15:00, 25.00, 24.84, 24.64, 22.66, 21.15, 0, 0, 4.34
2019/05/13 10:16:00, 25.00, 24.81, 24.65, 22.71, 21.16, 0, 0, 4.34
2019/05/13 10:17:00, 25.00, 24.80, 24.65, 22.63, 21.13, 0, 0, 4.34
2019/05/13 10:18:00, 25.00, 24.78, 24.62, 22.53, 21.08, 0, 0, 4.34
2019/05/13 10:19:00, 25.00, 24.77, 24.62, 22.66, 21.09, 0, 0, 4.34
2019/05/13 10:20:00, 25.00, 24.77, 24.61, 22.63, 21.12, 0, 0, 4.34
2019/05/13 10:21:00, 25.00, 24.80, 24.62, 22.68, 21.16, 0, 0, 4.34
2019/05/13 10:22:00, 25.00, 24.78, 24.61, 22.61, 21.14, 0, 0, 4.34
2019/05/13 10:23:00, 25.00, 24.80, 24.61, 22.61, 21.12, 0, 0, 4.34
2019/05/13 10:24:00, 25.00, 24.78, 24.62, 22.61, 21.11, 0, 0, 4.34
2019/05/13 10:25:00, 25.00, 24.80, 24.64, 22.63, 21.10, 0, 0, 4.34
2019/05/13 10:26:00, 25.00, 24.78, 24.63, 22.61, 21.06, 0, 0, 4.34
2019/05/13 10:27:00, 25.00, 24.78, 24.61, 22.63, 21.09, 0, 0, 4.34
2019/05/13 10:28:00, 25.00, 24.80, 24.64, 22.55, 21.05, 0, 0, 4.34
2019/05/13 10:29:00, 25.00, 24.81, 24.64, 22.56, 21.02, 0, 0, 4.34
2019/05/13 10:30:00, 25.00, 24.81, 24.62, 22.48, 20.96, 0, 0, 4.34
2019/05/13 10:31:00, 25.00, 24.80, 24.63, 22.43, 20.94, 0, 0, 4.34
2019/05/13 10:32:00, 25.00, 24.78, 24.61, 22.40, 20.92, 0, 0, 4.34
2019/05/13 10:33:00, 25.00, 24.77, 24.61, 22.38, 20.87, 0, 0, 4.34
2019/05/13 10:34:00, 25.00, 24.73, 24.58, 22.48, 20.90, 0, 0, 4.34
2019/05/13 10:35:00, 25.00, 24.74, 24.58, 22.48, 20.90, 0, 0, 4.34
2019/05/13 10:36:00, 25.00, 24.75, 24.58, 22.45, 20.94, 0, 0, 4.34
2019/05/13 10:37:00, 25.00, 24.74, 24.57, 22.41, 20.90, 0, 0, 4.34
2019/05/13 10:38:00, 25.00, 24.73, 24.56, 22.40, 20.91, 0, 0, 4.34
2019/05/13 10:39:00, 25.00, 24.73, 24.56, 22.32, 20.83, 0, 0, 4.34
2019/05/13 10:40:00, 25.00, 24.73, 24.56, 22.40, 20.86, 0, 0, 4.34
2019/05/13 10:41:00, 25.00, 24.73, 24.54, 22.41, 20.88, 0, 0, 4.34
2019/05/13 10:42:00, 25.00, 24.74, 24.55, 22.35, 20.84, 0, 0, 4.34
2019/05/13 10:43:00, 25.00, 24.70, 24.53, 22.32, 20.79, 0, 0, 4.34
2019/05/13 10:44:00, 25.00, 24.67, 24.52, 22.31, 20.79, 0, 0, 4.34
2019/05/13 10:45:00, 25.00, 24.69, 24.50, 22.31, 20.81, 0, 0, 4.34
2019/05/13 10:46:00, 25.00, 24.67, 24.50, 22.33, 20.79, 0, 0, 4.34
2019/05/13 10:47:00, 25.00, 24.67, 24.48, 22.29, 20.79, 0, 0, 4.34
2019/05/13 10:48:00, 25.00, 24.69, 24.49, 22.27, 20.77, 0, 0, 4.34
2019/05/13 10:49:00, 25.00, 24.67, 24.49, 22.25, 20.76, 0, 0, 4.34
2019/05/13 10:50:00, 25.00, 24.67, 24.49, 22.22, 20.70, 0, 0, 4.34
2019/05/13 10:51:00, 25.00, 24.66, 24.50, 22.20, 20.71, 0, 0, 4.34
2019/05/13 10:52:00, 25.00, 24.66, 24.47, 22.22, 20.70, 0, 0, 4.34
2019/05/13 10:53:00, 25.00, 24.66, 24.46, 22.23, 20.70, 0, 0, 4.34
2019/05/13 10:54:00, 25.00, 24.64, 24.47, 22.20, 20.69, 0, 0, 4.34
2019/05/13 10:55:00, 25.00, 24.63, 24.43, 22.15, 20.63, 0, 0, 4.34
2019/05/13 10:56:00, 25.00, 24.66, 24.45, 22.18, 20.62, 0, 0, 4.34
2019/05/13 10:57:00, 25.00, 24.63, 24.43, 22.13, 20.64, 0, 0, 4.34
2019/05/13 10:58:00, 25.00, 24.64, 24.46, 22.13, 20.60, 0, 0, 4.34
2019/05/13 10:59:00, 25.00, 24.66, 24.47, 22.08, 20.61, 0, 0, 4.34
2019/05/13 11:00:00, 25.00, 24.63, 24.43, 22.02, 20.53, 0, 0, 4.34
2019/05/13 11:01:00, 25.00, 24.64, 24.42, 22.02, 20.51, 0, 0, 4.34
2019/05/13 11:02:00, 25.00, 24.61, 24.45, 22.05, 20.50, 0, 0, 4.34
2019/05/13 11:03:00, 25.00, 24.63, 24.45, 21.99, 20.51, 0, 0, 4.34
2019/05/13 11:04:00, 25.00, 24.63, 24.45, 21.93, 20.48, 0, 0, 4.34
2019/05/13 11:05:00, 25.00, 24.64, 24.47, 21.97, 20.45, 0, 0, 4.34
2019/05/13 11:06:00, 25.00, 24.60, 24.43, 21.85, 20.40, 0, 0, 4.34
2019/05/13 11:07:00, 25.00, 24.60, 24.43, 21.92, 20.39, 0, 0, 4.34
2019/05/13 11:08:00, 25.00, 24.63, 24.45, 21.92, 20.41, 0, 0, 4.34
2019/05/13 11:09:00, 25.00, 24.60, 24.42, 21.85, 20.39, 0, 0, 4.34
2019/05/13 11:10:00, 25.00, 24.59, 24.42, 21.79, 20.32, 0, 0, 4.34
2019/05/13 11:11:00, 25.00, 24.59, 24.41, 21.96, 20.36, 0, 0, 4.34
2019/05/13 11:12:00, 25.00, 24.60, 24.40, 21.88, 20.39, 0, 0, 4.34
2019/05/13 11:13:00, 25.00, 24.54, 24.41, 21.90, 20.37, 0, 0, 4.34
2019/05/13 11:14:00, 25.00, 24.59, 24.40, 21.84, 20.36, 0, 0, 4.34
2019/05/13 11:15:00, 25.00, 24.59, 24.39, 21.84, 20.34, 0, 0, 4.34
2019/05/13 11:16:00, 25.00, 24.57, 24.40, 21.82, 20.31, 0, 0, 4.34
2019/05/13 11:17:00, 25.00, 24.59, 24.40, 21.77, 20.29, 0, 0, 4.34
2019/05/13 11:18:00, 25.00, 24.56, 24.41, 21.80, 20.28, 0, 0, 4.34
2019/05/13 11:19:00, 25.00, 24.59, 24.38, 21.72, 20.26, 0, 0, 4.34
2019/05/13 11:20:00, 25.00, 24.57, 24.38, 21.75, 20.24, 0, 0, 4.34
2019/05/13 11:21:00, 25.00, 24.56, 24.35, 21.67, 20.22, 0, 0, 4.34
2019/05/13 11:22:00, 25.00, 24.56, 24.36, 21.74, 20.23, 0, 0, 4.34
2019/05/13 11:23:00, 25.00, 24.57, 24.37, 21.70, 20.23, 0, 0, 4.34
2019/05/13 11:24:00, 25.00, 24.57, 24.35, 21.65, 20.21, 0, 0, 4.34
2019/05/13 11:25:00, 25.00, 24.56, 24.35, 21.67, 20.18, 0, 0, 4.34
2019/05/13 11:26:00, 25.00, 24.54, 24.37, 21.61, 20.15, 0, 0, 4.34
2019/05/13 11:27:00, 25.00, 24.53, 24.35, 21.57, 20.14, 0, 0, 4.34
2019/05/13 11:28:00, 25.00, 24.56, 24.37, 21.54, 20.10, 0, 0, 4.34
2019/05/13 11:29:00, 25.00, 24.54, 24.37, 21.57, 20.07, 0, 0, 4.34
2019/05/13 11:30:00, 25.00, 24.54, 24.35, 21.57, 20.03, 0, 0, 4.34
2019/05/13 11:31:00, 25.00, 24.54, 24.36, 21.48, 19.98, 0, 0, 4.34
2019/05/13 11:32:00, 25.00, 24.49, 24.33, 21.44, 19.97, 0, 0, 4.34
2019/05/13 11:33:00, 25.00, 24.53, 24.35, 21.39, 19.93, 0, 0, 4.34
2019/05/13 11:34:00, 25.00, 24.53, 24.33, 21.36, 19.87, 0, 0, 4.34
2019/05/13 11:35:00, 25.00, 24.53, 24.33, 21.26, 19.85, 0, 0, 4.34
2019/05/13 11:36:00, 25.00, 24.52, 24.33, 21.36, 19.84, 0, 0, 4.34
2019/05/13 11:37:00, 25.00, 24.47, 24.32, 21.23, 19.79, 0, 0, 4.34
2019/05/13 11:38:00, 25.00, 24.47, 24.30, 21.16, 19.69, 0, 0, 4.34
2019/05/13 11:39:00, 24.75, 24.52, 24.30, 21.26, 19.75, 0, 0, 4.34
2019/05/13 11:40:00, 25.00, 24.52, 24.32, 21.18, 19.74, 0, 0, 4.34
2019/05/13 11:41:00, 25.00, 24.50, 24.34, 21.18, 19.71, 0, 0, 4.34
2019/05/13 11:42:00, 24.75, 24.50, 24.33, 21.13, 19.65, 0, 0, 4.34
2019/05/13 11:43:00, 24.75, 24.52, 24.32, 21.20, 19.64, 0, 0, 4.34
2019/05/13 11:44:00, 24.75, 24.49, 24.31, 21.05, 19.61, 0, 0, 4.34
2019/05/13 11:45:00, 24.75, 24.49, 24.31, 21.08, 19.58, 0, 0, 4.34
2019/05/13 11:46:00, 24.75, 24.50, 24.32, 21.11, 19.60, 0, 0, 4.34
2019/05/13 11:47:00, 24.75, 24.47, 24.32, 20.98, 19.56, 0, 0, 4.34
2019/05/13 11:48:00, 24.75, 24.50, 24.32, 21.05, 19.59, 0, 0, 4.34
2019/05/13 11:49:00, 24.75, 24.52, 24.32, 21.00, 19.58, 0, 0, 4.34
2019/05/13 11:50:00, 24.75, 24.49, 24.31, 20.98, 19.54, 0, 0, 4.34
2019/05/13 11:51:00, 24.75, 24.49, 24.31, 20.98, 19.54, 0, 0, 4.34
2019/05/13 11:52:00, 24.75, 24.49, 24.32, 21.00, 19.55, 0, 0, 4.34
2019/05/13 11:53:00, 24.75, 24.50, 24.32, 20.97, 19.52, 0, 0, 4.34
2019/05/13 11:54:00, 24.75, 24.52, 24.32, 20.93, 19.48, 0, 0, 4.34
2019/05/13 11:55:00, 24.75, 24.49, 24.28, 20.98, 19.51, 0, 0, 4.34
2019/05/13 11:56:00, 24.75, 24.47, 24.31, 20.97, 19.51, 0, 0, 4.34
2019/05/13 11:57:00, 24.75, 24.47, 24.30, 20.98, 19.49, 0, 0, 4.34
2019/05/13 11:58:00, 24.75, 24.47, 24.30, 20.90, 19.45, 0, 0, 4.34
2019/05/13 11:59:00, 24.75, 24.47, 24.32, 20.90, 19.44, 0, 0, 4.34
2019/05/13 12:00:00, 24.75, 24.50, 24.30, 20.88, 19.43, 0, 0, 4.34
2019/05/13 12:01:00, 24.75, 24.47, 24.28, 20.82, 19.39, 0, 0, 4.34
2019/05/13 12:02:00, 24.75, 24.47, 24.28, 20.84, 19.37, 0, 0, 4.34
2019/05/13 12:03:00, 24.75, 24.46, 24.27, 20.79, 19.36, 0, 0, 4.34
2019/05/13 12:04:00, 24.75, 24.46, 24.27, 20.87, 19.36, 0, 0, 4.34
2019/05/13 12:05:00, 24.75, 24.46, 24.28, 20.82, 19.36, 0, 0, 4.34
2019/05/13 12:06:00, 24.75, 24.47, 24.28, 20.80, 19.35, 0, 0, 4.34
2019/05/13 12:07:00, 24.75, 24.47, 24.28, 20.79, 19.32, 0, 0, 4.34
2019/05/13 12:08:00, 24.75, 24.46, 24.30, 20.76, 19.29, 0, 0, 4.34
2019/05/13 12:09:00, 24.75, 24.46, 24.27, 20.72, 19.28, 0, 0, 4.34
2019/05/13 12:10:00, 24.75, 24.44, 24.26, 20.66, 19.25, 0, 0, 4.34
2019/05/13 12:11:00, 24.75, 24.47, 24.27, 20.59, 19.19, 0, 0, 4.34
2019/05/13 12:12:00, 24.75, 24.49, 24.26, 20.69, 19.22, 0, 0, 4.34
2019/05/13 12:13:00, 24.75, 24.49, 24.30, 20.64, 19.19, 0, 0, 4.34
2019/05/13 12:14:00, 24.75, 24.47, 24.28, 20.61, 19.21, 0, 0, 4.34
2019/05/13 12:15:00, 24.75, 24.44, 24.27, 20.64, 19.19, 0, 0, 4.34
2019/05/13 12:16:00, 24.75, 24.46, 24.26, 20.64, 19.17, 0, 0, 4.34
2019/05/13 12:17:00, 24.75, 24.46, 24.25, 20.61, 19.17, 0, 0, 4.34
2019/05/13 12:18:00, 24.75, 24.46, 24.27, 20.51, 19.07, 0, 0, 4.34
2019/05/13 12:19:00, 24.75, 24.43, 24.25, 20.57, 19.10, 0, 0, 4.34
2019/05/13 12:20:00, 24.75, 24.44, 24.26, 20.59, 19.09, 0, 0, 4.34
2019/05/13 12:21:00, 24.75, 24.46, 24.27, 20.57, 19.10, 0, 0, 4.34
2019/05/13 12:22:00, 24.75, 24.44, 24.25, 20.54, 19.08, 0, 0, 4.34
2019/05/13 12:23:00, 24.75, 24.44, 24.26, 20.44, 19.07, 0, 0, 4.34
2019/05/13 12:24:00, 24.75, 24.44, 24.25, 20.51, 19.05, 0, 0, 4.34
2019/05/13 12:25:00, 24.75, 24.43, 24.25, 20.51, 19.02, 0, 0, 4.34
2019/05/13 12:26:00, 24.75, 24.46, 24.25, 20.53, 19.04, 0, 0, 4.34
2019/05/13 12:27:00, 24.75, 24.43, 24.27, 20.43, 19.02, 0, 0, 4.34
2019/05/13 12:28:00, 24.75, 24.47, 24.27, 20.38, 19.00, 0, 0, 4.34
2019/05/13 12:29:00, 24.75, 24.46, 24.26, 20.51, 18.98, 0, 0, 4.34
2019/05/13 12:30:00, 24.75, 24.46, 24.25, 20.40, 18.97, 0, 0, 4.34
2019/05/13 12:31:00, 24.75, 24.43, 24.26, 20.37, 18.92, 0, 0, 4.34
2019/05/13 12:32:00, 24.75, 24.43, 24.24, 20.44, 18.97, 0, 0, 4.34
2019/05/13 12:33:00, 24.75, 24.46, 24.26, 20.48, 18.98, 0, 0, 4.34
2019/05/13 12:34:00, 24.75, 24.47, 24.25, 20.43, 18.98, 0, 0, 4.34
2019/05/13 12:35:00, 24.75, 24.46, 24.25, 20.45, 19.00, 0, 0, 4.34
2019/05/13 12:36:00, 24.75, 24.44, 24.25, 20.33, 18.97, 0, 0, 4.34
2019/05/13 12:37:00, 24.75, 24.44, 24.25, 20.30, 18.88, 0, 0, 4.34
2019/05/13 12:38:00, 24.75, 24.44, 24.27, 20.38, 18.93, 0, 0, 4.34
2019/05/13 12:39:00, 24.75, 24.43, 24.26, 20.44, 18.94, 0, 0, 4.34
2019/05/13 12:40:00, 24.75, 24.47, 24.25, 20.35, 18.94, 0, 0, 4.34
2019/05/13 12:41:00, 24.75, 24.50, 24.30, 20.40, 18.97, 0, 0, 4.34
2019/05/13 12:42:00, 24.75, 24.46, 24.27, 20.27, 18.86, 0, 0, 4.34
2019/05/13 12:43:00, 24.75, 24.46, 24.27, 20.33, 18.86, 0, 0, 4.34
2019/05/13 12:44:00, 24.75, 24.46, 24.27, 20.28, 18.88, 0, 0, 4.34
2019/05/13 12:45:00, 24.75, 24.47, 24.30, 20.35, 18.87, 0, 0, 4.34
2019/05/13 12:46:00, 24.75, 24.47, 24.26, 20.40, 18.90, 0, 0, 4.34
2019/05/13 12:47:00, 24.75, 24.46, 24.27, 20.38, 18.94, 0, 0, 4.34
2019/05/13 12:48:00, 24.75, 24.47, 24.30, 20.45, 18.97, 0, 0, 4.34
2019/05/13 12:49:00, 24.75, 24.47, 24.28, 20.41, 18.97, 0, 0, 4.34
2019/05/13 12:50:00, 24.75, 24.46, 24.27, 20.43, 18.97, 0, 0, 4.34
2019/05/13 12:51:00, 24.75, 24.46, 24.28, 20.40, 18.94, 0, 0, 4.34
2019/05/13 12:52:00, 24.75, 24.46, 24.27, 20.48, 18.99, 0, 0, 4.34
2019/05/13 12:53:00, 24.75, 24.47, 24.26, 20.43, 19.00, 0, 0, 4.34
2019/05/13 12:54:00, 24.75, 24.49, 24.27, 20.48, 18.98, 0, 0, 4.34
2019/05/13 12:55:00, 24.75, 24.42, 24.27, 20.50, 18.97, 0, 0, 4.34
2019/05/13 12:56:00, 24.75, 24.46, 24.27, 20.48, 19.01, 0, 0, 4.34
2019/05/13 12:57:00, 24.75, 24.47, 24.28, 20.58, 19.07, 0, 0, 4.34
2019/05/13 12:58:00, 24.75, 24.44, 24.30, 20.53, 19.07, 0, 0, 4.34
2019/05/13 12:59:00, 24.75, 24.46, 24.27, 20.48, 19.04, 0, 0, 4.34
2019/05/13 13:00:00, 24.75, 24.46, 24.27, 20.53, 19.03, 0, 0, 4.34
2019/05/13 13:01:00, 24.75, 24.46, 24.27, 20.48, 19.07, 0, 0, 4.34
2019/05/13 13:02:00, 24.75, 24.46, 24.27, 20.54, 19.05, 0, 0, 4.34
2019/05/13 13:03:00, 24.75, 24.46, 24.28, 20.43, 19.01, 0, 0, 4.34
2019/05/13 13:04:00, 24.75, 24.44, 24.30, 20.37, 18.96, 0, 0, 4.34
2019/05/13 13:05:00, 24.75, 24.46, 24.25, 20.35, 18.93, 0, 0, 4.34
2019/05/13 13:06:00, 24.75, 24.43, 24.26, 20.41, 18.95, 0, 0, 4.34
2019/05/13 13:07:00, 24.75, 24.47, 24.28, 20.40, 18.97, 0, 0, 4.34
2019/05/13 13:08:00, 24.75, 24.44, 24.27, 20.48, 18.97, 0, 0, 4.34
2019/05/13 13:09:00, 24.75, 24.44, 24.30, 20.41, 18.99, 0, 0, 4.34
2019/05/13 13:10:00, 24.75, 24.47, 24.27, 20.43, 18.98, 0, 0, 4.34
2019/05/13 13:11:00, 24.75, 24.44, 24.27, 20.41, 18.97, 0, 0, 4.34
2019/05/13 13:12:00, 24.75, 24.46, 24.27, 20.41, 18.93, 0, 0, 4.34
2019/05/13 13:13:00, 24.75, 24.47, 24.26, 20.45, 18.97, 0, 0, 4.34
2019/05/13 13:14:00, 24.75, 24.46, 24.28, 20.45, 18.99, 0, 0, 4.34
2019/05/13 13:15:00, 24.75, 24.49, 24.28, 20.50, 19.00, 0, 0, 4.34
2019/05/13 13:16:00, 24.75, 24.46, 24.27, 20.42, 18.99, 0, 0, 4.34
2019/05/13 13:17:00, 24.75, 24.46, 24.28, 20.45, 18.99, 0, 0, 4.34
2019/05/13 13:18:00, 24.75, 24.46, 24.26, 20.50, 18.99, 0, 0, 4.34
2019/05/13 13:19:00, 24.75, 24.49, 24.28, 20.40, 18.94, 0, 0, 4.34
2019/05/13 13:20:00, 24.75, 24.44, 24.27, 20.45, 18.97, 0, 0, 4.34
2019/05/13 13:21:00, 24.75, 24.46, 24.27, 20.45, 18.97, 0, 0, 4.34
2019/05/13 13:22:00, 24.75, 24.47, 24.28, 20.45, 18.98, 0, 0, 4.34
2019/05/13 13:23:00, 24.75, 24.47, 24.27, 20.43, 18.97, 0, 0, 4.34
2019/05/13 13:24:00, 24.75, 24.46, 24.28, 20.38, 18.97, 0, 0, 4.34
2019/05/13 13:25:00, 24.75, 24.47, 24.27, 20.46, 18.96, 0, 0, 4.34
2019/05/13 13:26:00, 24.75, 24.47, 24.27, 20.41, 18.95, 0, 0, 4.34
2019/05/13 13:27:00, 24.75, 24.44, 24.26, 20.38, 18.94, 0, 0, 4.34
2019/05/13 13:28:00, 24.75, 24.47, 24.28, 20.38, 18.94, 0, 0, 4.34
2019/05/13 13:29:00, 24.75, 24.44, 24.27, 20.35, 18.91, 0, 0, 4.34
2019/05/13 13:30:00, 24.75, 24.47, 24.28, 20.38, 18.91, 0, 0, 4.34
2019/05/13 13:31:00, 24.75, 24.46, 24.30, 20.35, 18.91, 0, 0, 4.34
2019/05/13 13:32:00, 24.75, 24.46, 24.28, 20.37, 18.89, 0, 0, 4.34
2019/05/13 13:33:00, 24.75, 24.46, 24.30, 20.35, 18.87, 0, 0, 4.34
2019/05/13 13:34:00, 24.75, 24.44, 24.26, 20.40, 18.88, 0, 0, 4.34
2019/05/13 13:35:00, 24.75, 24.47, 24.30, 20.37, 18.89, 0, 0, 4.34
2019/05/13 13:36:00, 24.75, 24.50, 24.31, 20.30, 18.86, 0, 0, 4.34
2019/05/13 13:37:00, 24.75, 24.46, 24.27, 20.27, 18.84, 0, 0, 4.34
2019/05/13 13:38:00, 24.75, 24.46, 24.27, 20.27, 18.79, 0, 0, 4.34
2019/05/13 13:39:00, 24.75, 24.46, 24.26, 20.25, 18.80, 0, 0, 4.34
2019/05/13 13:40:00, 24.75, 24.49, 24.28, 20.15, 18.80, 0, 0, 4.34
2019/05/13 13:41:00, 24.75, 24.47, 24.30, 20.20, 18.76, 0, 0, 4.34
2019/05/13 13:42:00, 24.75, 24.47, 24.28, 20.20, 18.74, 0, 0, 4.34
2019/05/13 13:43:00, 24.75, 24.49, 24.28, 20.20, 18.72, 0, 0, 4.34
2019/05/13 13:44:00, 24.75, 24.47, 24.28, 20.22, 18.71, 0, 0, 4.34
2019/05/13 13:45:00, 24.75, 24.46, 24.27, 20.15, 18.68, 0, 0, 4.34
2019/05/13 13:46:00, 24.75, 24.46, 24.28, 20.10, 18.65, 0, 0, 4.34
2019/05/13 13:47:00, 24.75, 24.46, 24.27, 20.09, 18.65, 0, 0, 4.34
2019/05/13 13:48:00, 24.75, 24.44, 24.30, 20.11, 18.64, 0, 0, 4.34
2019/05/13 13:49:00, 24.75, 24.49, 24.28, 20.12, 18.65, 0, 0, 4.34
2019/05/13 13:50:00, 24.75, 24.46, 24.28, 20.06, 18.61, 0, 0, 4.34
2019/05/13 13:51:00, 24.75, 24.46, 24.27, 20.11, 18.62, 0, 0, 4.34
2019/05/13 13:52:00, 24.75, 24.49, 24.30, 20.07, 18.63, 0, 0, 4.34
2019/05/13 13:53:00, 24.75, 24.47, 24.30, 20.16, 18.65, 0, 0, 4.34
2019/05/13 13:54:00, 24.75, 24.49, 24.32, 20.14, 18.65, 0, 0, 4.34
2019/05/13 13:55:00, 24.75, 24.47, 24.30, 20.16, 18.71, 0, 0, 4.34
2019/05/13 13:56:00, 24.75, 24.46, 24.30, 20.19, 18.71, 0, 0, 4.34
2019/05/13 13:57:00, 24.75, 24.47, 24.30, 20.16, 18.70, 0, 0, 4.34
2019/05/13 13:58:00, 24.75, 24.47, 24.28, 20.10, 18.68, 0, 0, 4.34
2019/05/13 13:59:00, 24.75, 24.44, 24.30, 20.19, 18.65, 0, 0, 4.34
2019/05/13 14:00:00, 24.75, 24.44, 24.28, 20.16, 18.68, 0, 0, 4.34
2019/05/13 14:01:00, 24.75, 24.43, 24.25, 20.20, 18.71, 0, 0, 4.34
2019/05/13 14:02:00, 24.75, 24.47, 24.27, 20.25, 18.76, 0, 0, 4.34
2019/05/13 14:03:00, 24.75, 24.46, 24.27, 20.27, 18.78, 0, 0, 4.34
2019/05/13 14:04:00, 24.75, 24.44, 24.26, 20.30, 18.77, 0, 0, 4.34
2019/05/13 14:05:00, 24.75, 24.46, 24.28, 20.23, 18.81, 0, 0, 4.34
2019/05/13 14:06:00, 24.75, 24.47, 24.28, 20.32, 18.80, 0, 0, 4.34
2019/05/13 14:07:00, 24.75, 24.46, 24.27, 20.20, 18.78, 0, 0, 4.34
2019/05/13 14:08:00, 24.75, 24.46, 24.27, 20.20, 18.73, 0, 0, 4.34
2019/05/13 14:09:00, 24.75, 24.47, 24.26, 20.23, 18.75, 0, 0, 4.34
2019/05/13 14:10:00, 24.75, 24.44, 24.27, 20.22, 18.77, 0, 0, 4.34
2019/05/13 14:11:00, 24.75, 24.44, 24.24, 20.27, 18.75, 0, 0, 4.34
2019/05/13 14:12:00, 24.75, 24.40, 24.24, 20.23, 18.74, 0, 0, 4.34
2019/05/13 14:13:00, 24.75, 24.44, 24.26, 20.25, 18.77, 0, 0, 4.34
2019/05/13 14:14:00, 24.75, 24.43, 24.24, 20.25, 18.72, 0, 0, 4.34
2019/05/13 14:15:00, 24.75, 24.44, 24.24, 20.27, 18.74, 0, 0, 4.34
2019/05/13 14:16:00, 24.75, 24.42, 24.23, 20.15, 18.72, 0, 0, 4.34
2019/05/13 14:17:00, 24.75, 24.39, 24.24, 20.15, 18.68, 0, 0, 4.34
2019/05/13 14:18:00, 24.75, 24.40, 24.23, 20.21, 18.70, 0, 0, 4.34
2019/05/13 14:19:00, 24.75, 24.42, 24.23, 20.23, 18.75, 0, 0, 4.34
2019/05/13 14:20:00, 24.75, 24.42, 24.24, 20.23, 18.78, 0, 0, 4.34
2019/05/13 14:21:00, 24.75, 24.43, 24.24, 20.23, 18.74, 0, 0, 4.34
2019/05/13 14:22:00, 24.75, 24.43, 24.24, 20.18, 18.74, 0, 0, 4.34
2019/05/13 14:23:00, 24.75, 24.43, 24.25, 20.22, 18.72, 0, 0, 4.34
2019/05/13 14:24:00, 24.75, 24.44, 24.26, 20.08, 18.67, 0, 0, 4.34
2019/05/13 14:25:00, 24.75, 24.43, 24.23, 20.15, 18.62, 0, 0, 4.34
2019/05/13 14:26:00, 24.75, 24.43, 24.20, 20.12, 18.65, 0, 0, 4.34
2019/05/13 14:27:00, 24.75, 24.40, 24.23, 20.10, 18.65, 0, 0, 4.34
2019/05/13 14:28:00, 24.75, 24.40, 24.23, 20.07, 18.62, 0, 0, 4.34
2019/05/13 14:29:00, 24.75, 24.39, 24.22, 20.12, 18.63, 0, 0, 4.34
2019/05/13 14:30:00, 24.75, 24.40, 24.21, 20.10, 18.64, 0, 0, 4.34
2019/05/13 14:31:00, 24.75, 24.36, 24.20, 20.05, 18.58, 0, 0, 4.34
2019/05/13 14:32:00, 24.75, 24.36, 24.19, 20.04, 18.58, 0, 0, 4.34
2019/05/13 14:33:00, 24.75, 24.35, 24.19, 20.08, 18.56, 0, 0, 4.34
2019/05/13 14:34:00, 24.75, 24.39, 24.21, 20.07, 18.60, 0, 0, 4.34
2019/05/13 14:35:00, 24.75, 24.39, 24.18, 20.08, 18.62, 0, 0, 4.34
2019/05/13 14:36:00, 24.75, 24.36, 24.22, 20.05, 18.61, 0, 0, 4.34
2019/05/13 14:37:00, 24.75, 24.38, 24.20, 19.97, 18.57, 0, 0, 4.34
2019/05/13 14:38:00, 24.75, 24.39, 24.19, 20.07, 18.55, 0, 0, 4.34
2019/05/13 14:39:00, 24.75, 24.36, 24.17, 20.08, 18.61, 0, 0, 4.34
2019/05/13 14:40:00, 24.75, 24.36, 24.20, 20.08, 18.60, 0, 0, 4.34
2019/05/13 14:41:00, 24.75, 24.38, 24.18, 20.07, 18.60, 0, 0, 4.34
2019/05/13 14:42:00, 24.75, 24.35, 24.17, 20.07, 18.58, 0, 0, 4.34
2019/05/13 14:43:00, 24.75, 24.39, 24.19, 20.05, 18.57, 0, 0, 4.34
2019/05/13 14:44:00, 24.75, 24.36, 24.18, 20.02, 18.53, 0, 0, 4.34
2019/05/13 14:45:00, 24.75, 24.39, 24.17, 20.07, 18.58, 0, 0, 4.34
2019/05/13 14:46:00, 24.75, 24.36, 24.15, 20.02, 18.57, 0, 0, 4.34
2019/05/13 14:47:00, 24.75, 24.35, 24.17, 20.02, 18.55, 0, 0, 4.34
2019/05/13 14:48:00, 24.75, 24.38, 24.19, 20.03, 18.53, 0, 0, 4.34
2019/05/13 14:49:00, 24.75, 24.36, 24.18, 20.03, 18.55, 0, 0, 4.34
2019/05/13 14:50:00, 24.75, 24.36, 24.19, 19.89, 18.53, 0, 0, 4.34
2019/05/13 14:51:00, 24.75, 24.36, 24.16, 20.03, 18.55, 0, 0, 4.34
2019/05/13 14:52:00, 24.75, 24.35, 24.17, 20.08, 18.59, 0, 0, 4.34
2019/05/13 14:53:00, 24.75, 24.38, 24.18, 20.07, 18.58, 0, 0, 4.34
2019/05/13 14:54:00, 24.75, 24.36, 24.17, 20.02, 18.56, 0, 0, 4.34
2019/05/13 14:55:00, 24.75, 24.38, 24.17, 20.05, 18.57, 0, 0, 4.34
2019/05/13 14:56:00, 24.75, 24.33, 24.15, 20.10, 18.59, 0, 0, 4.34
2019/05/13 14:57:00, 24.75, 24.35, 24.16, 20.08, 18.59, 0, 0, 4.34
2019/05/13 14:58:00, 24.75, 24.35, 24.16, 20.10, 18.61, 0, 0, 4.34
2019/05/13 14:59:00, 24.75, 24.33, 24.13, 20.10, 18.62, 0, 0, 4.34
2019/05/13 15:00:00, 24.75, 24.32, 24.16, 20.11, 18.62, 0, 0, 4.34
2019/05/13 15:01:00, 24.75, 24.33, 24.15, 20.10, 18.63, 0, 0, 4.34
2019/05/13 15:02:00, 24.75, 24.33, 24.13, 20.13, 18.62, 0, 0, 4.34
2019/05/13 15:03:00, 24.75, 24.32, 24.16, 20.11, 18.64, 0, 0, 4.34
2019/05/13 15:04:00, 24.75, 24.32, 24.13, 20.18, 18.66, 0, 0, 4.34
2019/05/13 15:05:00, 24.75, 24.32, 24.13, 20.18, 18.66, 0, 0, 4.34
2019/05/13 15:06:00, 24.75, 24.31, 24.13, 20.11, 18.66, 0, 0, 4.34
2019/05/13 15:07:00, 24.75, 24.32, 24.15, 20.11, 18.65, 0, 0, 4.34
2019/05/13 15:08:00, 24.75, 24.32, 24.15, 20.16, 18.65, 0, 0, 4.34
2019/05/13 15:09:00, 24.75, 24.32, 24.13, 20.18, 18.67, 0, 0, 4.34
2019/05/13 15:10:00, 24.75, 24.32, 24.13, 20.22, 18.70, 0, 0, 4.34
2019/05/13 15:11:00, 24.75, 24.32, 24.12, 20.23, 18.72, 0, 0, 4.34
2019/05/13 15:12:00, 24.75, 24.32, 24.13, 20.18, 18.71, 0, 0, 4.34
2019/05/13 15:13:00, 24.75, 24.31, 24.11, 20.19, 18.71, 0, 0, 4.34
2019/05/13 15:14:00, 24.75, 24.31, 24.12, 20.26, 18.74, 0, 0, 4.34
2019/05/13 15:15:00, 24.75, 24.27, 24.11, 20.24, 18.71, 0, 0, 4.34
2019/05/13 15:16:00, 24.75, 24.32, 24.13, 20.18, 18.71, 0, 0, 4.34
2019/05/13 15:17:00, 24.75, 24.31, 24.11, 20.19, 18.70, 0, 0, 4.34
2019/05/13 15:18:00, 24.75, 24.31, 24.13, 20.23, 18.73, 0, 0, 4.34
2019/05/13 15:19:00, 24.75, 24.32, 24.13, 20.27, 18.78, 0, 0, 4.34
2019/05/13 15:20:00, 24.75, 24.32, 24.15, 20.24, 18.74, 0, 0, 4.34
2019/05/13 15:21:00, 24.75, 24.32, 24.13, 20.19, 18.69, 0, 0, 4.34
2019/05/13 15:22:00, 24.75, 24.31, 24.12, 20.19, 18.71, 0, 0, 4.34
2019/05/13 15:23:00, 24.75, 24.32, 24.13, 20.21, 18.71, 0, 0, 4.34
2019/05/13 15:24:00, 24.75, 24.33, 24.15, 20.26, 18.74, 0, 0, 4.34
2019/05/13 15:25:00, 24.75, 24.33, 24.15, 20.21, 18.70, 0, 0, 4.34
2019/05/13 15:26:00, 24.75, 24.32, 24.15, 20.18, 18.71, 0, 0, 4.34
2019/05/13 15:27:00, 24.75, 24.33, 24.13, 20.23, 18.71, 0, 0, 4.34
2019/05/13 15:28:00, 24.75, 24.32, 24.10, 20.13, 18.69, 0, 0, 4.34
2019/05/13 15:29:00, 24.75, 24.32, 24.13, 20.24, 18.70, 0, 0, 4.34
2019/05/13 15:30:00, 24.75, 24.33, 24.13, 20.29, 18.77, 0, 0, 4.34
2019/05/13 15:31:00, 24.75, 24.32, 24.13, 20.18, 18.75, 0, 0, 4.34
2019/05/13 15:32:00, 24.75, 24.33, 24.13, 20.24, 18.72, 0, 0, 4.34
2019/05/13 15:33:00, 24.75, 24.32, 24.13, 20.18, 18.71, 0, 0, 4.34
2019/05/13 15:34:00, 24.75, 24.32, 24.16, 20.19, 18.72, 0, 0, 4.34
2019/05/13 15:35:00, 24.75, 24.35, 24.13, 20.24, 18.72, 0, 0, 4.34
2019/05/13 15:36:00, 24.75, 24.33, 24.13, 20.16, 18.71, 0, 0, 4.34
2019/05/13 15:37:00, 24.75, 24.31, 24.11, 20.16, 18.67, 0, 0, 4.34
2019/05/13 15:38:00, 24.75, 24.31, 24.15, 20.10, 18.66, 0, 0, 4.34
2019/05/13 15:39:00, 24.75, 24.33, 24.15, 20.19, 18.67, 0, 0, 4.34
2019/05/13 15:40:00, 24.75, 24.31, 24.15, 20.16, 18.68, 0, 0, 4.34
2019/05/13 15:41:00, 24.75, 24.33, 24.16, 20.18, 18.69, 0, 0, 4.34
2019/05/13 15:42:00, 24.75, 24.32, 24.16, 20.11, 18.67, 0, 0, 4.34
2019/05/13 15:43:00, 24.75, 24.32, 24.13, 20.08, 18.63, 0, 0, 4.34
2019/05/13 15:44:00, 24.75, 24.32, 24.13, 20.11, 18.62, 0, 0, 4.34
2019/05/13 15:45:00, 24.75, 24.32, 24.12, 20.11, 18.62, 0, 0, 4.34
2019/05/13 15:46:00, 24.75, 24.32, 24.12, 20.14, 18.62, 0, 0, 4.34
2019/05/13 15:47:00, 24.75, 24.32, 24.13, 20.06, 18.62, 0, 0, 4.34
2019/05/13 15:48:00, 24.75, 24.32, 24.13, 20.08, 18.61, 0, 0, 4.34
2019/05/13 15:49:00, 24.75, 24.35, 24.13, 20.08, 18.60, 0, 0, 4.34
2019/05/13 15:50:00, 24.75, 24.35, 24.15, 20.10, 18.59, 0, 0, 4.34
2019/05/13 15:51:00, 24.75, 24.33, 24.16, 20.08, 18.58, 0, 0, 4.34
2019/05/13 15:52:00, 24.75, 24.33, 24.15, 20.03, 18.60, 0, 0, 4.34
2019/05/13 15:53:00, 24.75, 24.33, 24.20, 20.00, 18.57, 0, 0, 4.34
2019/05/13 15:54:00, 24.75, 24.33, 24.16, 20.02, 18.53, 0, 0, 4.34
2019/05/13 15:55:00, 24.75, 24.32, 24.16, 19.95, 18.49, 0, 0, 4.34
2019/05/13 15:56:00, 24.75, 24.36, 24.16, 19.95, 18.51, 0, 0, 4.34
2019/05/13 15:57:00, 24.75, 24.33, 24.19, 20.00, 18.53, 0, 0, 4.34
2019/05/13 15:58:00, 24.75, 24.32, 24.16, 20.03, 18.53, 0, 0, 4.34
2019/05/13 15:59:00, 24.75, 24.35, 24.16, 19.97, 18.55, 0, 0, 4.34
2019/05/13 16:00:00, 24.75, 24.33, 24.15, 19.97, 18.52, 0, 0, 4.34
2019/05/13 16:01:00, 24.75, 24.32, 24.15, 19.96, 18.46, 0, 0, 4.34
2019/05/13 16:02:00, 24.75, 24.33, 24.17, 20.00, 18.49, 0, 0, 4.34
2019/05/13 16:03:00, 24.75, 24.35, 24.15, 20.00, 18.48, 0, 0, 4.34
2019/05/13 16:04:00, 24.75, 24.33, 24.16, 19.98, 18.48, 0, 0, 4.34
2019/05/13 16:05:00, 24.75, 24.33, 24.17, 19.92, 18.46, 0, 0, 4.34
2019/05/13 16:06:00, 24.75, 24.35, 24.16, 19.84, 18.41, 0, 0, 4.34
2019/05/13 16:07:00, 24.75, 24.32, 24.15, 19.90, 18.39, 0, 0, 4.34
2019/05/13 16:08:00, 24.75, 24.32, 24.13, 19.87, 18.42, 0, 0, 4.34
2019/05/13 16:09:00, 24.75, 24.33, 24.13, 19.87, 18.42, 0, 0, 4.34
2019/05/13 16:10:00, 24.75, 24.33, 24.13, 19.90, 18.41, 0, 0, 4.34
2019/05/13 16:11:00, 24.75, 24.33, 24.16, 19.87, 18.38, 0, 0, 4.34
2019/05/13 16:12:00, 24.75, 24.32, 24.13, 19.84, 18.36, 0, 0, 4.34
2019/05/13 16:13:00, 24.75, 24.33, 24.13, 19.89, 18.38, 0, 0, 4.34
2019/05/13 16:14:00, 24.75, 24.32, 24.15, 19.87, 18.37, 0, 0, 4.34
2019/05/13 16:15:00, 24.75, 24.32, 24.13, 19.89, 18.37, 0, 0, 4.34
2019/05/13 16:16:00, 24.75, 24.29, 24.11, 19.78, 18.32, 0, 0, 4.34
2019/05/13 16:17:00, 24.75, 24.29, 24.09, 19.83, 18.33, 0, 0, 4.34
2019/05/13 16:18:00, 24.75, 24.29, 24.10, 19.83, 18.34, 0, 0, 4.34
2019/05/13 16:19:00, 24.75, 24.27, 24.12, 19.87, 18.36, 0, 0, 4.34
2019/05/13 16:20:00, 24.75, 24.31, 24.09, 19.85, 18.38, 0, 0, 4.34
2019/05/13 16:21:00, 24.75, 24.29, 24.10, 19.84, 18.38, 0, 0, 4.34
2019/05/13 16:22:00, 24.75, 24.27, 24.10, 19.80, 18.36, 0, 0, 4.34
2019/05/13 16:23:00, 24.75, 24.25, 24.09, 19.82, 18.35, 0, 0, 4.34
2019/05/13 16:24:00, 24.75, 24.26, 24.10, 19.83, 18.36, 0, 0, 4.34
2019/05/13 16:25:00, 24.75, 24.29, 24.08, 19.85, 18.39, 0, 0, 4.34
2019/05/13 16:26:00, 24.75, 24.27, 24.08, 19.87, 18.39, 0, 0, 4.34
2019/05/13 16:27:00, 24.75, 24.27, 24.09, 19.88, 18.39, 0, 0, 4.34
2019/05/13 16:28:00, 24.75, 24.25, 24.07, 19.91, 18.38, 0, 0, 4.34
2019/05/13 16:29:00, 24.75, 24.27, 24.07, 19.85, 18.37, 0, 0, 4.34
2019/05/13 16:30:00, 24.75, 24.25, 24.06, 19.85, 18.40, 0, 0, 4.34
2019/05/13 16:31:00, 24.75, 24.25, 24.07, 19.91, 18.40, 0, 0, 4.34
2019/05/13 16:32:00, 24.75, 24.23, 24.05, 19.83, 18.39, 0, 0, 4.34
2019/05/13 16:33:00, 24.75, 24.26, 24.06, 19.89, 18.40, 0, 0, 4.34
2019/05/13 16:34:00, 24.75, 24.23, 24.05, 19.85, 18.41, 0, 0, 4.34
2019/05/13 16:35:00, 24.75, 24.22, 24.06, 19.94, 18.42, 0, 0, 4.34
2019/05/13 16:36:00, 24.75, 24.22, 24.04, 19.96, 18.43, 0, 0, 4.34
2019/05/13 16:37:00, 24.75, 24.22, 24.05, 19.93, 18.42, 0, 0, 4.34
2019/05/13 16:38:00, 24.75, 24.20, 24.04, 19.97, 18.43, 0, 0, 4.34
2019/05/13 16:39:00, 24.75, 24.20, 24.02, 19.94, 18.45, 0, 0, 4.34
2019/05/13 16:40:00, 24.75, 24.22, 24.05, 19.96, 18.43, 0, 0, 4.34
2019/05/13 16:41:00, 24.75, 24.22, 24.03, 19.91, 18.45, 0, 0, 4.34
2019/05/13 16:42:00, 24.75, 24.19, 24.01, 20.01, 18.46, 0, 0, 4.34
2019/05/13 16:43:00, 24.75, 24.20, 24.03, 20.01, 18.46, 0, 0, 4.34
2019/05/13 16:44:00, 24.50, 24.20, 24.02, 19.93, 18.48, 0, 0, 4.34
2019/05/13 16:45:00, 24.75, 24.20, 24.01, 19.93, 18.48, 0, 0, 4.34
2019/05/13 16:46:00, 24.50, 24.18, 24.03, 19.96, 18.48, 0, 0, 4.34
2019/05/13 16:47:00, 24.75, 24.19, 24.01, 19.96, 18.49, 0, 0, 4.34
2019/05/13 16:48:00, 24.75, 24.19, 24.01, 19.96, 18.49, 0, 0, 4.34
2019/05/13 16:49:00, 24.50, 24.18, 23.98, 20.01, 18.48, 0, 0, 4.34
2019/05/13 16:50:00, 24.75, 24.19, 24.01, 19.93, 18.47, 0, 0, 4.34
2019/05/13 16:51:00, 24.50, 24.19, 24.01, 20.01, 18.49, 0, 0, 4.34
2019/05/13 16:52:00, 24.50, 24.15, 24.00, 19.93, 18.47, 0, 0, 4.34
2019/05/13 16:53:00, 24.75, 24.18, 23.98, 19.91, 18.49, 0, 0, 4.34
2019/05/13 16:54:00, 24.75, 24.18, 23.97, 19.97, 18.47, 0, 0, 4.34
2019/05/13 16:55:00, 24.50, 24.15, 23.98, 19.96, 18.47, 0, 0, 4.34
2019/05/13 16:56:00, 24.50, 24.15, 23.97, 19.96, 18.45, 0, 0, 4.34
2019/05/13 16:57:00, 24.50, 24.16, 23.95, 19.97, 18.45, 0, 0, 4.34
2019/05/13 16:58:00, 24.50, 24.14, 23.95, 19.95, 18.49, 0, 0, 4.34
2019/05/13 16:59:00, 24.50, 24.15, 23.95, 19.99, 18.50, 0, 0, 4.34
2019/05/13 17:00:00, 24.50, 24.14, 23.97, 19.89, 18.45, 0, 0, 4.34
2019/05/13 17:01:00, 24.50, 24.14, 23.95, 19.97, 18.49, 0, 0, 4.34
2019/05/13 17:02:00, 24.50, 24.12, 23.95, 19.97, 18.48, 0, 0, 4.34
2019/05/13 17:03:00, 24.50, 24.12, 23.96, 19.95, 18.47, 0, 0, 4.34
2019/05/13 17:04:00, 24.50, 24.14, 23.95, 19.97, 18.48, 0, 0, 4.34
2019/05/13 17:05:00, 24.50, 24.14, 23.96, 20.00, 18.48, 0, 0, 4.34
2019/05/13 17:06:00, 24.50, 24.14, 23.95, 19.95, 18.45, 0, 0, 4.34
2019/05/13 17:07:00, 24.50, 24.11, 23.92, 19.95, 18.47, 0, 0, 4.34
2019/05/13 17:08:00, 24.50, 24.14, 23.95, 19.95, 18.49, 0, 0, 4.34
2019/05/13 17:09:00, 24.50, 24.12, 23.93, 19.97, 18.45, 0, 0, 4.34
2019/05/13 17:10:00, 24.50, 24.09, 23.92, 19.95, 18.46, 0, 0, 4.34
2019/05/13 17:11:00, 24.50, 24.08, 23.92, 19.95, 18.45, 0, 0, 4.34
2019/05/13 17:12:00, 24.50, 24.11, 23.92, 20.00, 18.48, 0, 0, 4.34
2019/05/13 17:13:00, 24.50, 24.08, 23.93, 20.00, 18.48, 0, 0, 4.34
2019/05/13 17:14:00, 24.50, 24.09, 23.91, 19.95, 18.49, 0, 0, 4.34
2019/05/13 17:15:00, 24.50, 24.09, 23.90, 19.97, 18.49, 0, 0, 4.34
2019/05/13 17:16:00, 24.50, 24.09, 23.92, 19.99, 18.49, 0, 0, 4.34
2019/05/13 17:17:00, 24.50, 24.05, 23.89, 19.94, 18.45, 0, 0, 4.34
2019/05/13 17:18:00, 24.50, 24.11, 23.90, 20.00, 18.44, 0, 0, 4.34
2019/05/13 17:19:00, 24.50, 24.09, 23.91, 19.95, 18.45, 0, 0, 4.34
2019/05/13 17:20:00, 24.50, 24.05, 23.90, 19.94, 18.46, 0, 0, 4.34
2019/05/13 17:21:00, 24.50, 24.07, 23.90, 19.98, 18.45, 0, 0, 4.34
2019/05/13 17:22:00, 24.50, 24.07, 23.89, 19.95, 18.45, 0, 0, 4.34
2019/05/13 17:23:00, 24.50, 24.09, 23.90, 19.95, 18.45, 0, 0, 4.34
2019/05/13 17:24:00, 24.50, 24.07, 23.88, 19.95, 18.45, 0, 0, 4.34
2019/05/13 17:25:00, 24.50, 24.05, 23.88, 20.01, 18.48, 0, 0, 4.34
2019/05/13 17:26:00, 24.50, 24.09, 23.90, 19.97, 18.47, 0, 0, 4.34
2019/05/13 17:27:00, 24.50, 24.07, 23.89, 19.98, 18.48, 0, 0, 4.34
2019/05/13 17:28:00, 24.50, 24.08, 23.88, 19.93, 18.45, 0, 0, 4.34
2019/05/13 17:29:00, 24.50, 24.05, 23.88, 19.95, 18.43, 0, 0, 4.34
2019/05/13 17:30:00, 24.50, 24.07, 23.90, 20.00, 18.48, 0, 0, 4.34
2019/05/13 17:31:00, 24.50, 24.07, 23.91, 19.98, 18.49, 0, 0, 4.34
2019/05/13 17:32:00, 24.50, 24.08, 23.92, 20.03, 18.50, 0, 0, 4.34
2019/05/13 17:33:00, 24.50, 24.11, 23.89, 20.07, 18.53, 0, 0, 4.34
2019/05/13 17:34:00, 24.50, 24.08, 23.89, 20.01, 18.52, 0, 0, 4.34
2019/05/13 17:35:00, 24.50, 24.08, 23.89, 19.94, 18.48, 0, 0, 4.34
2019/05/13 17:36:00, 24.50, 24.07, 23.91, 19.95, 18.45, 0, 0, 4.34
2019/05/13 17:37:00, 24.50, 24.08, 23.91, 19.95, 18.43, 0, 0, 4.34
2019/05/13 17:38:00, 24.50, 24.09, 23.90, 19.85, 18.40, 0, 0, 4.34
2019/05/13 17:39:00, 24.50, 24.09, 23.90, 19.87, 18.40, 0, 0, 4.34
2019/05/13 17:40:00, 24.50, 24.08, 23.91, 19.82, 18.35, 0, 0, 4.34
2019/05/13 17:41:00, 24.50, 24.08, 23.91, 19.76, 18.30, 0, 0, 4.34
2019/05/13 17:42:00, 24.50, 24.08, 23.89, 19.80, 18.29, 0, 0, 4.34
2019/05/13 17:43:00, 24.50, 24.08, 23.91, 19.76, 18.29, 0, 0, 4.34
2019/05/13 17:44:00, 24.50, 24.08, 23.90, 19.79, 18.29, 0, 0, 4.34
2019/05/13 17:45:00, 24.50, 24.07, 23.90, 19.74, 18.26, 0, 0, 4.34
2019/05/13 17:46:00, 24.50, 24.08, 23.90, 19.74, 18.25, 0, 0, 4.34
2019/05/13 17:47:00, 24.50, 24.05, 23.91, 19.69, 18.23, 0, 0, 4.34
2019/05/13 17:48:00, 24.50, 24.07, 23.89, 19.64, 18.20, 0, 0, 4.34
2019/05/13 17:49:00, 24.50, 24.07, 23.88, 19.70, 18.21, 0, 0, 4.34
2019/05/13 17:50:00, 24.50, 24.05, 23.88, 19.54, 18.17, 0, 0, 4.34
2019/05/13 17:51:00, 24.50, 24.04, 23.87, 19.63, 18.16, 0, 0, 4.34
2019/05/13 17:52:00, 24.50, 24.05, 23.88, 19.64, 18.17, 0, 0, 4.34
2019/05/13 17:53:00, 24.50, 24.11, 23.90, 19.71, 18.20, 0, 0, 4.34
2019/05/13 17:54:00, 24.50, 24.08, 23.89, 19.68, 18.16, 0, 0, 4.34
2019/05/13 17:55:00, 24.50, 24.07, 23.88, 19.67, 18.16, 0, 0, 4.34
2019/05/13 17:56:00, 24.50, 24.05, 23.89, 19.64, 18.16, 0, 0, 4.34
2019/05/13 17:57:00, 24.50, 24.07, 23.90, 19.64, 18.15, 0, 0, 4.34
2019/05/13 17:58:00, 24.50, 24.09, 23.88, 19.59, 18.14, 0, 0, 4.34
2019/05/13 17:59:00, 24.50, 24.05, 23.86, 19.63, 18.14, 0, 0, 4.34
2019/05/13 18:00:00, 24.50, 24.05, 23.88, 19.58, 18.11, 0, 0, 4.34
2019/05/13 18:01:00, 24.50, 24.07, 23.87, 19.56, 18.10, 0, 0, 4.34
2019/05/13 18:02:00, 24.50, 24.07, 23.88, 19.61, 18.10, 0, 0, 4.34
2019/05/13 18:03:00, 24.50, 24.07, 23.87, 19.58, 18.10, 0, 0, 4.34
2019/05/13 18:04:00, 24.50, 24.05, 23.88, 19.56, 18.10, 0, 0, 4.34
2019/05/13 18:05:00, 24.50, 24.07, 23.88, 19.56, 18.10, 0, 0, 4.34
2019/05/13 18:06:00, 24.50, 24.07, 23.90, 19.51, 18.07, 0, 0, 4.34
2019/05/13 18:07:00, 24.50, 24.08, 23.88, 19.58, 18.07, 0, 0, 4.34
2019/05/13 18:08:00, 24.50, 24.07, 23.90, 19.59, 18.08, 0, 0, 4.34
2019/05/13 18:09:00, 24.50, 24.05, 23.88, 19.56, 18.07, 0, 0, 4.34
2019/05/13 18:10:00, 24.50, 24.07, 23.89, 19.59, 18.08, 0, 0, 4.34
2019/05/13 18:11:00, 24.50, 24.09, 23.92, 19.53, 18.09, 0, 0, 4.34
2019/05/13 18:12:00, 24.50, 24.09, 23.90, 19.52, 18.08, 0, 0, 4.34
2019/05/13 18:13:00, 24.50, 24.11, 23.93, 19.55, 18.08, 0, 0, 4.34
2019/05/13 18:14:00, 24.50, 24.09, 23.91, 19.53, 18.07, 0, 0, 4.34
2019/05/13 18:15:00, 24.50, 24.08, 23.93, 19.51, 18.04, 0, 0, 4.34
2019/05/13 18:16:00, 24.50, 24.11, 23.92, 19.55, 18.07, 0, 0, 4.34
2019/05/13 18:17:00, 24.50, 24.11, 23.95, 19.55, 18.08, 0, 0, 4.34
2019/05/13 18:18:00, 24.50, 24.14, 23.93, 19.50, 18.10, 0, 0, 4.34
2019/05/13 18:19:00, 24.50, 24.11, 23.93, 19.52, 18.07, 0, 0, 4.34
2019/05/13 18:20:00, 24.50, 24.11, 23.92, 19.55, 18.09, 0, 0, 4.34
2019/05/13 18:21:00, 24.50, 24.11, 23.92, 19.55, 18.07, 0, 0, 4.34
2019/05/13 18:22:00, 24.50, 24.14, 23.95, 19.58, 18.10, 0, 0, 4.34
2019/05/13 18:23:00, 24.50, 24.12, 23.94, 19.53, 18.09, 0, 0, 4.34
2019/05/13 18:24:00, 24.50, 24.12, 23.94, 19.59, 18.11, 0, 0, 4.34
2019/05/13 18:25:00, 24.50, 24.14, 23.95, 19.60, 18.10, 0, 0, 4.34
2019/05/13 18:26:00, 24.50, 24.15, 23.95, 19.58, 18.11, 0, 0, 4.34
2019/05/13 18:27:00, 24.50, 24.14, 23.93, 19.60, 18.12, 0, 0, 4.34
2019/05/13 18:28:00, 24.50, 24.14, 23.95, 19.61, 18.12, 0, 0, 4.34
2019/05/13 18:29:00, 24.50, 24.16, 23.96, 19.56, 18.12, 0, 0, 4.34
2019/05/13 18:30:00, 24.50, 24.14, 23.96, 19.60, 18.13, 0, 0, 4.34
2019/05/13 18:31:00, 24.50, 24.14, 23.96, 19.66, 18.15, 0, 0, 4.34
2019/05/13 18:32:00, 24.50, 24.12, 23.95, 19.63, 18.13, 0, 0, 4.34
2019/05/13 18:33:00, 24.50, 24.15, 23.96, 19.60, 18.13, 0, 0, 4.34
2019/05/13 18:34:00, 24.50, 24.14, 23.96, 19.65, 18.13, 0, 0, 4.34
2019/05/13 18:35:00, 24.50, 24.16, 23.98, 19.62, 18.15, 0, 0, 4.34
2019/05/13 18:36:00, 24.50, 24.15, 23.96, 19.65, 18.17, 0, 0, 4.34
2019/05/13 18:37:00, 24.50, 24.18, 23.96, 19.66, 18.16, 0, 0, 4.34
2019/05/13 18:38:00, 24.50, 24.16, 23.98, 19.63, 18.14, 0, 0, 4.34
2019/05/13 18:39:00, 24.50, 24.16, 24.00, 19.63, 18.14, 0, 0, 4.34
2019/05/13 18:40:00, 24.50, 24.16, 24.00, 19.62, 18.13, 0, 0, 4.34
2019/05/13 18:41:00, 24.50, 24.18, 24.01, 19.62, 18.13, 0, 0, 4.34
2019/05/13 18:42:00, 24.50, 24.18, 24.02, 19.60, 18.13, 0, 0, 4.34
2019/05/13 18:43:00, 24.50, 24.19, 24.00, 19.63, 18.13, 0, 0, 4.34
2019/05/13 18:44:00, 24.50, 24.18, 24.00, 19.63, 18.13, 0, 0, 4.34
2019/05/13 18:45:00, 24.50, 24.20, 24.01, 19.60, 18.12, 0, 0, 4.34
2019/05/13 18:46:00, 24.50, 24.18, 24.03, 19.65, 18.13, 0, 0, 4.34
2019/05/13 18:47:00, 24.50, 24.22, 24.01, 19.60, 18.11, 0, 0, 4.34
2019/05/13 18:48:00, 24.50, 24.20, 24.01, 19.57, 18.11, 0, 0, 4.34
2019/05/13 18:49:00, 24.50, 24.20, 24.02, 19.60, 18.10, 0, 0, 4.34
2019/05/13 18:50:00, 24.50, 24.19, 24.03, 19.55, 18.10, 0, 0, 4.34
2019/05/13 18:51:00, 24.50, 24.20, 24.03, 19.59, 18.09, 0, 0, 4.34
2019/05/13 18:52:00, 24.50, 24.19, 24.04, 19.57, 18.10, 0, 0, 4.34
2019/05/13 18:53:00, 24.50, 24.20, 24.04, 19.60, 18.11, 0, 0, 4.34
2019/05/13 18:54:00, 24.50, 24.20, 24.02, 19.57, 18.11, 0, 0, 4.34
2019/05/13 18:55:00, 24.50, 24.20, 24.01, 19.63, 18.10, 0, 0, 4.34
2019/05/13 18:56:00, 24.50, 24.23, 24.04, 19.54, 18.12, 0, 0, 4.34
2019/05/13 18:57:00, 24.50, 24.22, 24.03, 19.59, 18.12, 0, 0, 4.34
2019/05/13 18:58:00, 24.50, 24.22, 24.04, 19.55, 18.11, 0, 0, 4.34
2019/05/13 18:59:00, 24.50, 24.20, 24.03, 19.55, 18.10, 0, 0, 4.34
2019/05/13 19:00:00, 24.50, 24.20, 24.04, 19.55, 18.10, 0, 0, 4.34
2019/05/13 19:01:00, 24.50, 24.22, 24.03, 19.60, 18.12, 0, 0, 4.34
2019/05/13 19:02:00, 24.50, 24.20, 24.04, 19.63, 18.12, 0, 0, 4.34
2019/05/13 19:03:00, 24.50, 24.19, 24.04, 19.60, 18.13, 0, 0, 4.34
2019/05/13 19:04:00, 24.50, 24.20, 24.03, 19.67, 18.14, 0, 0, 4.34
2019/05/13 19:05:00, 24.50, 24.20, 24.03, 19.65, 18.14, 0, 0, 4.34
2019/05/13 19:06:00, 24.50, 24.22, 24.02, 19.65, 18.12, 0, 0, 4.34
2019/05/13 19:07:00, 24.50, 24.22, 24.02, 19.63, 18.14, 0, 0, 4.34
2019/05/13 19:08:00, 24.50, 24.23, 24.04, 19.62, 18.13, 0, 0, 4.34
2019/05/13 19:09:00, 24.50, 24.23, 24.04, 19.64, 18.13, 0, 0, 4.34
2019/05/13 19:10:00, 24.50, 24.22, 24.04, 19.59, 18.15, 0, 0, 4.34
2019/05/13 19:11:00, 24.50, 24.23, 24.04, 19.65, 18.15, 0, 0, 4.34
2019/05/13 19:12:00, 24.50, 24.22, 24.03, 19.65, 18.15, 0, 0, 4.34
2019/05/13 19:13:00, 24.50, 24.20, 24.02, 19.67, 18.13, 0, 0, 4.34
2019/05/13 19:14:00, 24.50, 24.22, 24.04, 19.62, 18.16, 0, 0, 4.34
2019/05/13 19:15:00, 24.50, 24.25, 24.05, 19.64, 18.14, 0, 0, 4.34
2019/05/13 19:16:00, 24.50, 24.23, 24.04, 19.65, 18.15, 0, 0, 4.34
2019/05/13 19:17:00, 24.50, 24.23, 24.05, 19.62, 18.15, 0, 0, 4.34
2019/05/13 19:18:00, 24.50, 24.22, 24.05, 19.60, 18.15, 0, 0, 4.34
2019/05/13 19:19:00, 24.50, 24.20, 24.01, 19.65, 18.16, 0, 0, 4.34
2019/05/13 19:20:00, 24.50, 24.20, 24.02, 19.63, 18.16, 0, 0, 4.34
2019/05/13 19:21:00, 24.50, 24.20, 24.03, 19.60, 18.16, 0, 0, 4.34
2019/05/13 19:22:00, 24.50, 24.20, 24.06, 19.65, 18.13, 0, 0, 4.34
2019/05/13 19:23:00, 24.50, 24.20, 24.03, 19.68, 18.16, 0, 0, 4.34
2019/05/13 19:24:00, 24.50, 24.20, 24.02, 19.65, 18.14, 0, 0, 4.34
2019/05/13 19:25:00, 24.50, 24.22, 24.03, 19.65, 18.14, 0, 0, 4.34
2019/05/13 19:26:00, 24.50, 24.19, 24.04, 19.60, 18.13, 0, 0, 4.34
2019/05/13 19:27:00, 24.50, 24.22, 24.04, 19.65, 18.13, 0, 0, 4.34
2019/05/13 19:28:00, 24.50, 24.19, 24.03, 19.57, 18.14, 0, 0, 4.34
2019/05/13 19:29:00, 24.50, 24.20, 24.02, 19.57, 18.14, 0, 0, 4.34
2019/05/13 19:30:00, 24.50, 24.19, 24.00, 19.65, 18.14, 0, 0, 4.34
2019/05/13 19:31:00, 24.50, 24.20, 24.01, 19.68, 18.16, 0, 0, 4.34
2019/05/13 19:32:00, 24.50, 24.18, 23.98, 19.65, 18.17, 0, 0, 4.34
2019/05/13 19:33:00, 24.50, 24.19, 24.00, 19.68, 18.17, 0, 0, 4.34
2019/05/13 19:34:00, 24.50, 24.19, 24.02, 19.62, 18.15, 0, 0, 4.34
2019/05/13 19:35:00, 24.50, 24.19, 24.00, 19.65, 18.17, 0, 0, 4.34
2019/05/13 19:36:00, 24.50, 24.19, 24.02, 19.73, 18.20, 0, 0, 4.34
2019/05/13 19:37:00, 24.50, 24.20, 24.01, 19.68, 18.21, 0, 0, 4.34
2019/05/13 19:38:00, 24.50, 24.19, 24.01, 19.68, 18.20, 0, 0, 4.34
2019/05/13 19:39:00, 24.50, 24.19, 23.98, 19.73, 18.23, 0, 0, 4.34
2019/05/13 19:40:00, 24.50, 24.16, 24.02, 19.74, 18.23, 0, 0, 4.34
2019/05/13 19:41:00, 24.50, 24.16, 23.97, 19.70, 18.25, 0, 0, 4.34
2019/05/13 19:42:00, 24.50, 24.19, 23.98, 19.78, 18.24, 0, 0, 4.34
2019/05/13 19:43:00, 24.50, 24.18, 23.97, 19.76, 18.27, 0, 0, 4.34
2019/05/13 19:44:00, 24.50, 24.16, 24.01, 19.74, 18.26, 0, 0, 4.34
2019/05/13 19:45:00, 24.50, 24.18, 24.00, 19.76, 18.29, 0, 0, 4.34
2019/05/13 19:46:00, 24.50, 24.18, 23.98, 19.74, 18.30, 0, 0, 4.34
2019/05/13 19:47:00, 24.50, 24.15, 23.95, 19.76, 18.30, 0, 0, 4.34
2019/05/13 19:48:00, 24.50, 24.16, 23.95, 19.81, 18.33, 0, 0, 4.34
2019/05/13 19:49:00, 24.50, 24.14, 23.97, 19.83, 18.33, 0, 0, 4.34
2019/05/13 19:50:00, 24.50, 24.15, 23.96, 19.88, 18.34, 0, 0, 4.34
2019/05/13 19:51:00, 24.50, 24.14, 23.98, 19.83, 18.34, 0, 0, 4.34
2019/05/13 19:52:00, 24.50, 24.16, 23.95, 19.84, 18.35, 0, 0, 4.34
2019/05/13 19:53:00, 24.50, 24.14, 23.96, 19.84, 18.35, 0, 0, 4.34
2019/05/13 19:54:00, 24.50, 24.15, 23.97, 19.86, 18.36, 0, 0, 4.34
2019/05/13 19:55:00, 24.50, 24.16, 23.95, 19.88, 18.37, 0, 0, 4.34
2019/05/13 19:56:00, 24.50, 24.15, 23.94, 19.86, 18.40, 0, 0, 4.34
2019/05/13 19:57:00, 24.50, 24.15, 23.95, 19.87, 18.39, 0, 0, 4.34
2019/05/13 19:58:00, 24.50, 24.14, 23.93, 19.97, 18.40, 0, 0, 4.34
2019/05/13 19:59:00, 24.50, 24.14, 23.93, 19.90, 18.40, 0, 0, 4.34
2019/05/13 20:00:00, 24.50, 24.12, 23.93, 19.92, 18.41, 0, 0, 4.34
2019/05/13 20:01:00, 24.50, 24.12, 23.96, 19.97, 18.43, 0, 0, 4.34
2019/05/13 20:02:00, 24.50, 24.12, 23.92, 19.90, 18.41, 0, 0, 4.34
2019/05/13 20:03:00, 24.50, 24.12, 23.92, 19.94, 18.42, 0, 0, 4.34
2019/05/13 20:04:00, 24.50, 24.11, 23.93, 19.99, 18.44, 0, 0, 4.34
2019/05/13 20:05:00, 24.50, 24.12, 23.92, 19.94, 18.45, 0, 0, 4.34
2019/05/13 20:06:00, 24.50, 24.12, 23.92, 20.02, 18.46, 0, 0, 4.34
2019/05/13 20:07:00, 24.50, 24.12, 23.92, 19.90, 18.45, 0, 0, 4.34
2019/05/13 20:08:00, 24.50, 24.12, 23.93, 20.02, 18.46, 0, 0, 4.34
2019/05/13 20:09:00, 24.50, 24.11, 23.93, 20.00, 18.47, 0, 0, 4.34
2019/05/13 20:10:00, 24.50, 24.09, 23.90, 19.99, 18.49, 0, 0, 4.34
2019/05/13 20:11:00, 24.50, 24.08, 23.92, 20.00, 18.49, 0, 0, 4.34
2019/05/13 20:12:00, 24.50, 24.08, 23.91, 20.05, 18.51, 0, 0, 4.34
2019/05/13 20:13:00, 24.50, 24.09, 23.91, 20.05, 18.52, 0, 0, 4.34
2019/05/13 20:14:00, 24.50, 24.09, 23.90, 20.01, 18.50, 0, 0, 4.34
2019/05/13 20:15:00, 24.50, 24.08, 23.88, 20.03, 18.50, 0, 0, 4.34
2019/05/13 20:16:00, 24.50, 24.07, 23.88, 20.00, 18.52, 0, 0, 4.34
2019/05/13 20:17:00, 24.50, 24.09, 23.88, 20.01, 18.52, 0, 0, 4.34
2019/05/13 20:18:00, 24.50, 24.07, 23.88, 20.05, 18.53, 0, 0, 4.34
2019/05/13 20:19:00, 24.50, 24.08, 23.89, 20.03, 18.54, 0, 0, 4.34
2019/05/13 20:20:00, 24.50, 24.07, 23.89, 20.02, 18.53, 0, 0, 4.34
2019/05/13 20:21:00, 24.50, 24.05, 23.86, 20.05, 18.53, 0, 0, 4.34
2019/05/13 20:22:00, 24.50, 24.04, 23.87, 20.08, 18.54, 0, 0, 4.34
2019/05/13 20:23:00, 24.50, 24.04, 23.86, 20.12, 18.59, 0, 0, 4.34
2019/05/13 20:24:00, 24.50, 24.05, 23.86, 20.13, 18.60, 0, 0, 4.34
2019/05/13 20:25:00, 24.50, 24.04, 23.88, 20.10, 18.61, 0, 0, 4.34
2019/05/13 20:26:00, 24.50, 24.04, 23.87, 20.10, 18.61, 0, 0, 4.34
2019/05/13 20:27:00, 24.50, 24.04, 23.86, 20.14, 18.62, 0, 0, 4.34
2019/05/13 20:28:00, 24.50, 24.02, 23.84, 20.12, 18.62, 0, 0, 4.34
2019/05/13 20:29:00, 24.50, 24.04, 23.83, 20.14, 18.61, 0, 0, 4.34
2019/05/13 20:30:00, 24.50, 24.02, 23.86, 20.13, 18.62, 0, 0, 4.34
2019/05/13 20:31:00, 24.50, 24.01, 23.83, 20.11, 18.62, 0, 0, 4.34
2019/05/13 20:32:00, 24.50, 24.05, 23.86, 20.12, 18.62, 0, 0, 4.34
2019/05/13 20:33:00, 24.50, 24.02, 23.84, 20.12, 18.62, 0, 0, 4.34
2019/05/13 20:34:00, 24.50, 24.02, 23.86, 20.16, 18.62, 0, 0, 4.34
2019/05/13 20:35:00, 24.50, 24.01, 23.82, 20.19, 18.64, 0, 0, 4.34
2019/05/13 20:36:00, 24.50, 24.02, 23.82, 20.16, 18.64, 0, 0, 4.34
2019/05/13 20:37:00, 24.50, 24.01, 23.83, 20.19, 18.65, 0, 0, 4.34
2019/05/13 20:38:00, 24.50, 23.99, 23.83, 20.21, 18.67, 0, 0, 4.34
2019/05/13 20:39:00, 24.50, 23.98, 23.82, 20.24, 18.67, 0, 0, 4.34
2019/05/13 20:40:00, 24.50, 24.01, 23.82, 20.25, 18.67, 0, 0, 4.34
2019/05/13 20:41:00, 24.50, 24.01, 23.82, 20.22, 18.67, 0, 0, 4.34
2019/05/13 20:42:00, 24.50, 24.01, 23.79, 20.19, 18.69, 0, 0, 4.34
2019/05/13 20:43:00, 24.50, 23.99, 23.79, 20.22, 18.69, 0, 0, 4.34
2019/05/13 20:44:00, 24.50, 23.99, 23.81, 20.17, 18.69, 0, 0, 4.34
2019/05/13 20:45:00, 24.50, 23.98, 23.78, 20.25, 18.68, 0, 0, 4.34
2019/05/13 20:46:00, 24.50, 23.95, 23.78, 20.16, 18.68, 0, 0, 4.34
2019/05/13 20:47:00, 24.50, 23.99, 23.80, 20.28, 18.71, 0, 0, 4.34
2019/05/13 20:48:00, 24.50, 23.97, 23.79, 20.23, 18.73, 0, 0, 4.34
2019/05/13 20:49:00, 24.50, 23.97, 23.76, 20.22, 18.70, 0, 0, 4.34
2019/05/13 20:50:00, 24.50, 23.94, 23.77, 20.28, 18.71, 0, 0, 4.34
2019/05/13 20:51:00, 24.50, 23.92, 23.75, 20.28, 18.74, 0, 0, 4.34
2019/05/13 20:52:00, 24.50, 23.95, 23.74, 20.28, 18.73, 0, 0, 4.34
2019/05/13 20:53:00, 24.50, 23.94, 23.73, 20.28, 18.75, 0, 0, 4.34
2019/05/13 20:54:00, 24.50, 23.95, 23.75, 20.33, 18.77, 0, 0, 4.34
2019/05/13 20:55:00, 24.50, 23.92, 23.74, 20.33, 18.78, 0, 0, 4.34
2019/05/13 20:56:00, 24.50, 23.92, 23.75, 20.32, 18.78, 0, 0, 4.34
2019/05/13 20:57:00, 24.50, 23.94, 23.76, 20.25, 18.76, 0, 0, 4.34
2019/05/13 20:58:00, 24.50, 23.92, 23.75, 20.34, 18.78, 0, 0, 4.34
2019/05/13 20:59:00, 24.50, 23.91, 23.73, 20.30, 18.78, 0, 0, 4.34
2019/05/13 21:00:00, 24.50, 23.90, 23.73, 20.31, 18.77, 0, 0, 4.34
2019/05/13 21:01:00, 24.50, 23.90, 23.73, 20.36, 18.78, 0, 0, 4.34
2019/05/13 21:02:00, 24.50, 23.88, 23.72, 20.33, 18.80, 0, 0, 4.34
2019/05/13 21:03:00, 24.50, 23.91, 23.73, 20.31, 18.81, 0, 0, 4.34
2019/05/13 21:04:00, 24.50, 23.88, 23.68, 20.39, 18.81, 0, 0, 4.34
2019/05/13 21:05:00, 24.50, 23.90, 23.69, 20.33, 18.81, 0, 0, 4.34
2019/05/13 21:06:00, 24.50, 23.88, 23.69, 20.33, 18.82, 0, 0, 4.34
2019/05/13 21:07:00, 24.50, 23.85, 23.69, 20.29, 18.80, 0, 0, 4.34
2019/05/13 21:08:00, 24.50, 23.87, 23.72, 20.34, 18.81, 0, 0, 4.34
2019/05/13 21:09:00, 24.50, 23.88, 23.69, 20.36, 18.83, 0, 0, 4.34
2019/05/13 21:10:00, 24.50, 23.85, 23.69, 20.36, 18.82, 0, 0, 4.34
2019/05/13 21:11:00, 24.50, 23.87, 23.68, 20.38, 18.84, 0, 0, 4.34
2019/05/13 21:12:00, 24.50, 23.87, 23.69, 20.38, 18.83, 0, 0, 4.34
2019/05/13 21:13:00, 24.50, 23.87, 23.68, 20.33, 18.81, 0, 0, 4.34
2019/05/13 21:14:00, 24.50, 23.87, 23.68, 20.36, 18.83, 0, 0, 4.34
2019/05/13 21:15:00, 24.50, 23.85, 23.65, 20.39, 18.83, 0, 0, 4.34
2019/05/13 21:16:00, 24.50, 23.85, 23.66, 20.37, 18.86, 0, 0, 4.34
2019/05/13 21:17:00, 24.50, 23.85, 23.65, 20.38, 18.85, 0, 0, 4.34
2019/05/13 21:18:00, 24.25, 23.87, 23.66, 20.36, 18.85, 0, 0, 4.34
2019/05/13 21:19:00, 24.50, 23.85, 23.66, 20.44, 18.84, 0, 0, 4.34
2019/05/13 21:20:00, 24.25, 23.84, 23.66, 20.44, 18.87, 0, 0, 4.34
2019/05/13 21:21:00, 24.25, 23.84, 23.64, 20.40, 18.87, 0, 0, 4.34
2019/05/13 21:22:00, 24.25, 23.85, 23.66, 20.42, 18.86, 0, 0, 4.34
2019/05/13 21:23:00, 24.25, 23.83, 23.66, 20.46, 18.90, 0, 0, 4.34
2019/05/13 21:24:00, 24.25, 23.83, 23.67, 20.46, 18.88, 0, 0, 4.34
2019/05/13 21:25:00, 24.25, 23.83, 23.64, 20.40, 18.86, 0, 0, 4.34
2019/05/13 21:26:00, 24.25, 23.80, 23.64, 20.41, 18.87, 0, 0, 4.34
2019/05/13 21:27:00, 24.25, 23.83, 23.62, 20.44, 18.91, 0, 0, 4.34
2019/05/13 21:28:00, 24.25, 23.81, 23.64, 20.40, 18.90, 0, 0, 4.34
2019/05/13 21:29:00, 24.25, 23.81, 23.63, 20.42, 18.91, 0, 0, 4.34
2019/05/13 21:30:00, 24.25, 23.81, 23.63, 20.49, 18.90, 0, 0, 4.34
2019/05/13 21:31:00, 24.25, 23.81, 23.64, 20.44, 18.92, 0, 0, 4.34
2019/05/13 21:32:00, 24.25, 23.81, 23.63, 20.46, 18.90, 0, 0, 4.34
2019/05/13 21:33:00, 24.25, 23.81, 23.61, 20.42, 18.90, 0, 0, 4.34
2019/05/13 21:34:00, 24.25, 23.81, 23.60, 20.52, 18.94, 0, 0, 4.34
2019/05/13 21:35:00, 24.25, 23.79, 23.59, 20.44, 18.91, 0, 0, 4.34
2019/05/13 21:36:00, 24.25, 23.81, 23.60, 20.45, 18.91, 0, 0, 4.34
2019/05/13 21:37:00, 24.25, 23.79, 23.60, 20.56, 18.94, 0, 0, 4.34
2019/05/13 21:38:00, 24.25, 23.80, 23.61, 20.50, 18.94, 0, 0, 4.34
2019/05/13 21:39:00, 24.25, 23.79, 23.60, 20.45, 18.94, 0, 0, 4.34
2019/05/13 21:40:00, 24.25, 23.80, 23.60, 20.45, 18.91, 0, 0, 4.34
2019/05/13 21:41:00, 24.25, 23.80, 23.59, 20.50, 18.95, 0, 0, 4.34
2019/05/13 21:42:00, 24.25, 23.79, 23.60, 20.45, 18.95, 0, 0, 4.34
2019/05/13 21:43:00, 24.25, 23.79, 23.58, 20.47, 18.94, 0, 0, 4.34
2019/05/13 21:44:00, 24.25, 23.79, 23.60, 20.45, 18.95, 0, 0, 4.34
2019/05/13 21:45:00, 24.25, 23.79, 23.58, 20.48, 18.94, 0, 0, 4.34
2019/05/13 21:46:00, 24.25, 23.76, 23.58, 20.53, 18.94, 0, 0, 4.34
2019/05/13 21:47:00, 24.25, 23.74, 23.58, 20.45, 18.94, 0, 0, 4.34
2019/05/13 21:48:00, 24.25, 23.76, 23.57, 20.47, 18.96, 0, 0, 4.34
2019/05/13 21:49:00, 24.25, 23.77, 23.56, 20.50, 18.97, 0, 0, 4.34
2019/05/13 21:50:00, 24.25, 23.77, 23.58, 20.55, 18.99, 0, 0, 4.34
2019/05/13 21:51:00, 24.25, 23.76, 23.54, 20.53, 18.97, 0, 0, 4.34
2019/05/13 21:52:00, 24.25, 23.74, 23.58, 20.55, 18.98, 0, 0, 4.34
2019/05/13 21:53:00, 24.25, 23.73, 23.54, 20.53, 18.98, 0, 0, 4.34
2019/05/13 21:54:00, 24.25, 23.73, 23.57, 20.56, 18.99, 0, 0, 4.34
2019/05/13 21:55:00, 24.25, 23.74, 23.57, 20.59, 19.00, 0, 0, 4.34
2019/05/13 21:56:00, 24.25, 23.73, 23.54, 20.59, 19.00, 0, 0, 4.34
2019/05/13 21:57:00, 24.25, 23.71, 23.54, 20.58, 19.00, 0, 0, 4.34
2019/05/13 21:58:00, 24.25, 23.71, 23.54, 20.61, 19.01, 0, 0, 4.34
2019/05/13 21:59:00, 24.25, 23.74, 23.56, 20.56, 19.01, 0, 0, 4.34
2019/05/13 22:00:00, 24.25, 23.70, 23.53, 20.54, 19.01, 0, 0, 4.34
2019/05/13 22:01:00, 24.25, 23.71, 23.53, 20.51, 19.02, 0, 0, 4.34
2019/05/13 22:02:00, 24.25, 23.73, 23.51, 20.61, 19.03, 0, 0, 4.34
2019/05/13 22:03:00, 24.25, 23.71, 23.51, 20.58, 19.03, 0, 0, 4.34
2019/05/13 22:04:00, 24.25, 23.71, 23.52, 20.59, 19.06, 0, 0, 4.34
2019/05/13 22:05:00, 24.25, 23.71, 23.53, 20.63, 19.06, 0, 0, 4.34
2019/05/13 22:06:00, 24.25, 23.70, 23.53, 20.61, 19.05, 0, 0, 4.34
2019/05/13 22:07:00, 24.25, 23.71, 23.52, 20.59, 19.07, 0, 0, 4.34
2019/05/13 22:08:00, 24.25, 23.73, 23.54, 20.61, 19.07, 0, 0, 4.34
2019/05/13 22:09:00, 24.25, 23.68, 23.52, 20.66, 19.06, 0, 0, 4.34
2019/05/13 22:10:00, 24.25, 23.71, 23.50, 20.68, 19.07, 0, 0, 4.34
2019/05/13 22:11:00, 24.25, 23.71, 23.52, 20.61, 19.08, 0, 0, 4.34
2019/05/13 22:12:00, 24.25, 23.70, 23.50, 20.64, 19.05, 0, 0, 4.34
2019/05/13 22:13:00, 24.25, 23.71, 23.50, 20.64, 19.09, 0, 0, 4.34
2019/05/13 22:14:00, 24.25, 23.70, 23.50, 20.67, 19.13, 0, 0, 4.34
2019/05/13 22:15:00, 24.25, 23.67, 23.51, 20.61, 19.10, 0, 0, 4.34
2019/05/13 22:16:00, 24.25, 23.70, 23.50, 20.67, 19.11, 0, 0, 4.34
2019/05/13 22:17:00, 24.25, 23.70, 23.49, 20.67, 19.11, 0, 0, 4.34
2019/05/13 22:18:00, 24.25, 23.67, 23.50, 20.66, 19.13, 0, 0, 4.34
2019/05/13 22:19:00, 24.25, 23.70, 23.51, 20.69, 19.14, 0, 0, 4.34
2019/05/13 22:20:00, 24.25, 23.70, 23.50, 20.69, 19.15, 0, 0, 4.34
2019/05/13 22:21:00, 24.25, 23.68, 23.50, 20.72, 19.14, 0, 0, 4.34
2019/05/13 22:22:00, 24.25, 23.71, 23.50, 20.72, 19.17, 0, 0, 4.34
2019/05/13 22:23:00, 24.25, 23.70, 23.52, 20.77, 19.19, 0, 0, 4.34
2019/05/13 22:24:00, 24.25, 23.68, 23.50, 20.74, 19.17, 0, 0, 4.34
2019/05/13 22:25:00, 24.25, 23.68, 23.52, 20.74, 19.19, 0, 0, 4.34
2019/05/13 22:26:00, 24.25, 23.71, 23.51, 20.74, 19.20, 0, 0, 4.34
2019/05/13 22:27:00, 24.25, 23.71, 23.53, 20.71, 19.17, 0, 0, 4.34
2019/05/13 22:28:00, 24.25, 23.70, 23.53, 20.72, 19.19, 0, 0, 4.34
2019/05/13 22:29:00, 24.25, 23.73, 23.53, 20.69, 19.18, 0, 0, 4.34
2019/05/13 22:30:00, 24.25, 23.73, 23.57, 20.75, 19.18, 0, 0, 4.34
2019/05/13 22:31:00, 24.25, 23.73, 23.56, 20.77, 19.19, 0, 0, 4.34
2019/05/13 22:32:00, 24.25, 23.73, 23.54, 20.76, 19.19, 0, 0, 4.34
2019/05/13 22:33:00, 24.25, 23.74, 23.56, 20.72, 19.18, 0, 0, 4.34
2019/05/13 22:34:00, 24.25, 23.74, 23.54, 20.77, 19.20, 0, 0, 4.34
2019/05/13 22:35:00, 24.25, 23.74, 23.56, 20.74, 19.19, 0, 0, 4.34
2019/05/13 22:36:00, 24.25, 23.73, 23.54, 20.76, 19.20, 0, 0, 4.34
2019/05/13 22:37:00, 24.25, 23.73, 23.52, 20.76, 19.19, 0, 0, 4.34
2019/05/13 22:38:00, 24.25, 23.76, 23.54, 20.77, 19.19, 0, 0, 4.34
2019/05/13 22:39:00, 24.25, 23.73, 23.57, 20.81, 19.23, 0, 0, 4.34
2019/05/13 22:40:00, 24.25, 23.73, 23.54, 20.79, 19.23, 0, 0, 4.34
2019/05/13 22:41:00, 24.25, 23.73, 23.54, 20.77, 19.23, 0, 0, 4.34
2019/05/13 22:42:00, 24.25, 23.74, 23.54, 20.79, 19.25, 0, 0, 4.34
2019/05/13 22:43:00, 24.25, 23.74, 23.56, 20.84, 19.25, 0, 0, 4.34
2019/05/13 22:44:00, 24.25, 23.71, 23.54, 20.81, 19.26, 0, 0, 4.34
2019/05/13 22:45:00, 24.25, 23.74, 23.52, 20.84, 19.23, 0, 0, 4.34
2019/05/13 22:46:00, 24.25, 23.74, 23.56, 20.87, 19.26, 0, 0, 4.34
2019/05/13 22:47:00, 24.25, 23.73, 23.52, 20.82, 19.26, 0, 0, 4.34
2019/05/13 22:48:00, 24.25, 23.71, 23.53, 20.84, 19.25, 0, 0, 4.34
2019/05/13 22:49:00, 24.25, 23.70, 23.50, 20.88, 19.29, 0, 0, 4.34
2019/05/13 22:50:00, 24.25, 23.71, 23.49, 20.82, 19.30, 0, 0, 4.34
2019/05/13 22:51:00, 24.25, 23.71, 23.53, 20.85, 19.30, 0, 0, 4.34
2019/05/13 22:52:00, 24.25, 23.68, 23.51, 20.85, 19.32, 0, 0, 4.34
2019/05/13 22:53:00, 24.25, 23.68, 23.51, 20.88, 19.33, 0, 0, 4.34
2019/05/13 22:54:00, 24.25, 23.70, 23.50, 20.88, 19.36, 0, 0, 4.34
2019/05/13 22:55:00, 24.25, 23.70, 23.50, 20.90, 19.32, 0, 0, 4.34
2019/05/13 22:56:00, 24.25, 23.68, 23.50, 20.90, 19.34, 0, 0, 4.34
2019/05/13 22:57:00, 24.25, 23.70, 23.50, 20.87, 19.35, 0, 0, 4.34
2019/05/13 22:58:00, 24.25, 23.70, 23.50, 20.88, 19.35, 0, 0, 4.34
2019/05/13 22:59:00, 24.25, 23.73, 23.52, 20.88, 19.35, 0, 0, 4.34
2019/05/13 23:00:00, 24.25, 23.68, 23.50, 20.86, 19.32, 0, 0, 4.34
2019/05/13 23:01:00, 24.25, 23.68, 23.49, 20.97, 19.35, 0, 0, 4.34
2019/05/13 23:02:00, 24.25, 23.68, 23.47, 20.95, 19.36, 0, 0, 4.34
2019/05/13 23:03:00, 24.25, 23.68, 23.47, 20.95, 19.35, 0, 0, 4.34
2019/05/13 23:04:00, 24.25, 23.68, 23.49, 20.95, 19.36, 0, 0, 4.34
2019/05/13 23:05:00, 24.25, 23.67, 23.49, 20.93, 19.39, 0, 0, 4.34
2019/05/13 23:06:00, 24.25, 23.67, 23.49, 20.95, 19.38, 0, 0, 4.34
2019/05/13 23:07:00, 24.25, 23.65, 23.47, 20.93, 19.36, 0, 0, 4.34
2019/05/13 23:08:00, 24.25, 23.64, 23.47, 20.96, 19.38, 0, 0, 4.34
2019/05/13 23:09:00, 24.25, 23.67, 23.46, 20.98, 19.40, 0, 0, 4.34
2019/05/13 23:10:00, 24.25, 23.67, 23.47, 20.94, 19.40, 0, 0, 4.34
2019/05/13 23:11:00, 24.25, 23.65, 23.45, 20.98, 19.39, 0, 0, 4.34
2019/05/13 23:12:00, 24.25, 23.64, 23.46, 20.96, 19.39, 0, 0, 4.34
2019/05/13 23:13:00, 24.25, 23.63, 23.45, 20.98, 19.39, 0, 0, 4.34
2019/05/13 23:14:00, 24.25, 23.63, 23.45, 20.98, 19.42, 0, 0, 4.34
2019/05/13 23:15:00, 24.25, 23.63, 23.42, 20.99, 19.41, 0, 0, 4.34
2019/05/13 23:16:00, 24.25, 23.61, 23.45, 20.99, 19.43, 0, 0, 4.34
2019/05/13 23:17:00, 24.25, 23.60, 23.44, 20.96, 19.42, 0, 0, 4.34
2019/05/13 23:18:00, 24.25, 23.61, 23.42, 20.97, 19.45, 0, 0, 4.34
2019/05/13 23:19:00, 24.25, 23.63, 23.43, 20.99, 19.43, 0, 0, 4.34
2019/05/13 23:20:00, 24.25, 23.59, 23.42, 21.01, 19.43, 0, 0, 4.34
2019/05/13 23:21:00, 24.25, 23.60, 23.43, 20.96, 19.42, 0, 0, 4.34
2019/05/13 23:22:00, 24.25, 23.61, 23.43, 21.03, 19.43, 0, 0, 4.34
2019/05/13 23:23:00, 24.25, 23.60, 23.41, 21.01, 19.44, 0, 0, 4.34
2019/05/13 23:24:00, 24.25, 23.60, 23.42, 20.97, 19.42, 0, 0, 4.34
2019/05/13 23:25:00, 24.25, 23.59, 23.39, 20.99, 19.42, 0, 0, 4.34
2019/05/13 23:26:00, 24.25, 23.59, 23.41, 20.99, 19.40, 0, 0, 4.34
2019/05/13 23:27:00, 24.25, 23.59, 23.41, 20.96, 19.41, 0, 0, 4.34
2019/05/13 23:28:00, 24.25, 23.59, 23.41, 20.97, 19.42, 0, 0, 4.34
2019/05/13 23:29:00, 24.25, 23.57, 23.41, 20.99, 19.41, 0, 0, 4.34
2019/05/13 23:30:00, 24.25, 23.60, 23.39, 20.99, 19.42, 0, 0, 4.34
2019/05/13 23:31:00, 24.25, 23.59, 23.39, 20.96, 19.41, 0, 0, 4.34
2019/05/13 23:32:00, 24.25, 23.57, 23.41, 21.01, 19.40, 0, 0, 4.34
2019/05/13 23:33:00, 24.25, 23.59, 23.38, 21.04, 19.42, 0, 0, 4.34
2019/05/13 23:34:00, 24.25, 23.59, 23.43, 20.99, 19.40, 0, 0, 4.34
2019/05/13 23:35:00, 24.25, 23.59, 23.39, 20.94, 19.42, 0, 0, 4.34
2019/05/13 23:36:00, 24.25, 23.59, 23.38, 21.01, 19.39, 0, 0, 4.34
2019/05/13 23:37:00, 24.25, 23.57, 23.36, 20.94, 19.39, 0, 0, 4.34
2019/05/13 23:38:00, 24.25, 23.59, 23.37, 20.99, 19.42, 0, 0, 4.34
2019/05/13 23:39:00, 24.25, 23.57, 23.37, 20.99, 19.42, 0, 0, 4.34
2019/05/13 23:40:00, 24.00, 23.59, 23.38, 21.02, 19.41, 0, 0, 4.34
2019/05/13 23:41:00, 24.00, 23.56, 23.38, 20.99, 19.39, 0, 0, 4.34
2019/05/13 23:42:00, 24.00, 23.57, 23.37, 20.97, 19.42, 0, 0, 4.34
2019/05/13 23:43:00, 24.00, 23.56, 23.36, 20.97, 19.42, 0, 0, 4.34
2019/05/13 23:44:00, 24.00, 23.56, 23.37, 21.02, 19.43, 0, 0, 4.34
2019/05/13 23:45:00, 24.00, 23.54, 23.35, 20.94, 19.39, 0, 0, 4.34
2019/05/13 23:46:00, 24.00, 23.56, 23.36, 20.99, 19.40, 0, 0, 4.34
2019/05/13 23:47:00, 24.00, 23.54, 23.36, 20.96, 19.42, 0, 0, 4.34
