Data logger for tempereture and humidity.
Code, design, and soldering by Antti Mikkonen, a.mikkonen@iki.fi, 2019.
Based on open source projects and libraries. See source for details.
/home/ami/src/arduino/promini/logger_v8_ada/logger_v8_ada.ino
UTC time (year/month/date hour:minute:second), T RTC (C), T sht31 (C), T si7021 (C), RH sht31 (-), RH si7021 (-), heaterOn sht31 (bool),  heaterOn si7021 (bool), battery voltage (V)
2019/07/02 00:08:00, 23.75, 23.30, 23.13, 37.94, 37.74, 0, 0, 4.20
2019/07/02 00:09:00, 23.75, 23.30, 23.09, 37.97, 37.76, 0, 0, 4.20
2019/07/02 00:10:00, 23.75, 23.28, 23.09, 37.98, 37.78, 0, 0, 4.20
2019/07/02 00:11:00, 23.75, 23.30, 23.09, 38.01, 37.82, 0, 0, 4.20
2019/07/02 00:12:00, 23.75, 23.30, 23.08, 37.97, 37.82, 0, 0, 4.20
2019/07/02 00:13:00, 23.75, 23.30, 23.10, 38.01, 37.83, 0, 0, 4.20
2019/07/02 00:14:00, 23.75, 23.30, 23.09, 38.04, 37.83, 0, 0, 4.20
2019/07/02 00:15:00, 23.75, 23.29, 23.08, 38.10, 37.86, 0, 0, 4.20
2019/07/02 00:16:00, 23.75, 23.29, 23.10, 38.07, 37.89, 0, 0, 4.20
2019/07/02 00:17:00, 23.75, 23.28, 23.09, 38.07, 37.89, 0, 0, 4.20
2019/07/02 00:18:00, 23.75, 23.30, 23.06, 38.12, 37.93, 0, 0, 4.20
2019/07/02 00:19:00, 23.75, 23.28, 23.08, 38.12, 37.93, 0, 0, 4.20
2019/07/02 00:20:00, 23.75, 23.28, 23.08, 38.15, 37.94, 0, 0, 4.20
2019/07/02 00:21:00, 23.75, 23.29, 23.08, 38.19, 37.94, 0, 0, 4.20
2019/07/02 00:22:00, 23.75, 23.29, 23.06, 38.16, 37.97, 0, 0, 4.20
2019/07/02 00:23:00, 23.75, 23.26, 23.05, 38.22, 37.98, 0, 0, 4.20
2019/07/02 00:24:00, 23.75, 23.29, 23.06, 38.20, 37.99, 0, 0, 4.20
2019/07/02 00:25:00, 23.75, 23.29, 23.05, 38.19, 37.99, 0, 0, 4.20
2019/07/02 00:26:00, 23.75, 23.26, 23.07, 38.19, 37.99, 0, 0, 4.20
2019/07/02 00:27:00, 23.75, 23.28, 23.04, 38.23, 38.02, 0, 0, 4.20
2019/07/02 00:28:00, 23.75, 23.26, 23.06, 38.22, 38.02, 0, 0, 4.20
2019/07/02 00:29:00, 23.75, 23.24, 23.06, 38.28, 38.06, 0, 0, 4.20
2019/07/02 00:30:00, 23.75, 23.25, 23.05, 38.28, 38.07, 0, 0, 4.20
2019/07/02 00:31:00, 23.75, 23.26, 23.04, 38.27, 38.09, 0, 0, 4.20
2019/07/02 00:32:00, 23.75, 23.26, 23.04, 38.30, 38.09, 0, 0, 4.20
2019/07/02 00:33:00, 23.75, 23.26, 23.05, 38.35, 38.10, 0, 0, 4.20
2019/07/02 00:34:00, 23.75, 23.26, 23.05, 38.32, 38.15, 0, 0, 4.20
2019/07/02 00:35:00, 23.75, 23.25, 23.05, 38.36, 38.14, 0, 0, 4.20
2019/07/02 00:36:00, 23.75, 23.26, 23.05, 38.36, 38.18, 0, 0, 4.20
2019/07/02 00:37:00, 23.75, 23.28, 23.03, 38.35, 38.16, 0, 0, 4.20
2019/07/02 00:38:00, 23.75, 23.26, 23.04, 38.33, 38.15, 0, 0, 4.20
2019/07/02 00:39:00, 23.50, 23.24, 23.02, 38.36, 38.16, 0, 0, 4.20
2019/07/02 00:40:00, 23.50, 23.25, 23.03, 38.46, 38.21, 0, 0, 4.20
2019/07/02 00:41:00, 23.50, 23.24, 23.03, 38.40, 38.22, 0, 0, 4.20
2019/07/02 00:42:00, 23.50, 23.22, 23.02, 38.41, 38.22, 0, 0, 4.20
2019/07/02 00:43:00, 23.50, 23.24, 23.01, 38.46, 38.24, 0, 0, 4.20
2019/07/02 00:44:00, 23.50, 23.24, 23.01, 38.42, 38.25, 0, 0, 4.20
2019/07/02 00:45:00, 23.50, 23.24, 23.03, 38.46, 38.28, 0, 0, 4.20
2019/07/02 00:46:00, 23.50, 23.26, 23.03, 38.47, 38.28, 0, 0, 4.20
2019/07/02 00:47:00, 23.50, 23.24, 23.02, 38.49, 38.28, 0, 0, 4.20
2019/07/02 00:48:00, 23.50, 23.25, 23.01, 38.49, 38.29, 0, 0, 4.20
2019/07/02 00:49:00, 23.50, 23.24, 23.01, 38.54, 38.31, 0, 0, 4.20
2019/07/02 00:50:00, 23.50, 23.21, 23.01, 38.56, 38.34, 0, 0, 4.20
2019/07/02 00:51:00, 23.50, 23.24, 23.03, 38.58, 38.33, 0, 0, 4.20
2019/07/02 00:52:00, 23.50, 23.22, 23.02, 38.57, 38.37, 0, 0, 4.20
2019/07/02 00:53:00, 23.50, 23.25, 23.01, 38.56, 38.37, 0, 0, 4.20
2019/07/02 00:54:00, 23.50, 23.21, 23.01, 38.62, 38.38, 0, 0, 4.20
2019/07/02 00:55:00, 23.50, 23.21, 23.00, 38.59, 38.38, 0, 0, 4.20
2019/07/02 00:56:00, 23.50, 23.21, 23.00, 38.65, 38.41, 0, 0, 4.20
2019/07/02 00:57:00, 23.50, 23.21, 23.00, 38.60, 38.42, 0, 0, 4.20
2019/07/02 00:58:00, 23.50, 23.22, 23.00, 38.66, 38.44, 0, 0, 4.20
2019/07/02 00:59:00, 23.50, 23.22, 22.99, 38.66, 38.47, 0, 0, 4.20
2019/07/02 01:00:00, 23.50, 23.21, 22.98, 38.67, 38.44, 0, 0, 4.20
2019/07/02 01:01:00, 23.50, 23.21, 22.99, 38.69, 38.47, 0, 0, 4.20
2019/07/02 01:02:00, 23.50, 23.22, 23.01, 38.67, 38.49, 0, 0, 4.20
2019/07/02 01:03:00, 23.50, 23.21, 22.97, 38.66, 38.48, 0, 0, 4.20
2019/07/02 01:04:00, 23.50, 23.19, 22.99, 38.66, 38.47, 0, 0, 4.20
2019/07/02 01:05:00, 23.50, 23.19, 22.97, 38.74, 38.50, 0, 0, 4.20
2019/07/02 01:06:00, 23.50, 23.19, 22.99, 38.78, 38.52, 0, 0, 4.20
2019/07/02 01:07:00, 23.50, 23.19, 22.98, 38.78, 38.53, 0, 0, 4.20
2019/07/02 01:08:00, 23.50, 23.19, 22.99, 38.78, 38.57, 0, 0, 4.20
2019/07/02 01:09:00, 23.50, 23.21, 22.97, 38.75, 38.59, 0, 0, 4.20
2019/07/02 01:10:00, 23.50, 23.18, 22.98, 38.77, 38.58, 0, 0, 4.20
2019/07/02 01:11:00, 23.50, 23.21, 22.99, 38.84, 38.61, 0, 0, 4.20
2019/07/02 01:12:00, 23.50, 23.18, 22.97, 38.82, 38.63, 0, 0, 4.20
2019/07/02 01:13:00, 23.50, 23.16, 22.98, 38.84, 38.63, 0, 0, 4.20
2019/07/02 01:14:00, 23.50, 23.18, 22.97, 38.89, 38.64, 0, 0, 4.20
2019/07/02 01:15:00, 23.50, 23.19, 22.97, 38.86, 38.63, 0, 0, 4.20
2019/07/02 01:16:00, 23.50, 23.18, 22.97, 38.91, 38.67, 0, 0, 4.20
2019/07/02 01:17:00, 23.50, 23.19, 22.98, 38.94, 38.68, 0, 0, 4.20
2019/07/02 01:18:00, 23.50, 23.19, 22.97, 38.95, 38.69, 0, 0, 4.20
2019/07/02 01:19:00, 23.50, 23.18, 22.97, 38.96, 38.73, 0, 0, 4.20
2019/07/02 01:20:00, 23.50, 23.15, 22.95, 38.99, 38.73, 0, 0, 4.20
2019/07/02 01:21:00, 23.50, 23.18, 22.97, 38.96, 38.76, 0, 0, 4.20
2019/07/02 01:22:00, 23.50, 23.16, 22.95, 38.98, 38.77, 0, 0, 4.20
2019/07/02 01:23:00, 23.50, 23.16, 22.97, 39.00, 38.79, 0, 0, 4.20
2019/07/02 01:24:00, 23.50, 23.16, 22.94, 39.00, 38.78, 0, 0, 4.20
2019/07/02 01:25:00, 23.50, 23.19, 22.97, 39.03, 38.80, 0, 0, 4.20
2019/07/02 01:26:00, 23.50, 23.16, 22.94, 39.07, 38.85, 0, 0, 4.20
2019/07/02 01:27:00, 23.50, 23.15, 22.95, 39.07, 38.85, 0, 0, 4.20
2019/07/02 01:28:00, 23.50, 23.16, 22.97, 39.07, 38.87, 0, 0, 4.20
2019/07/02 01:29:00, 23.50, 23.16, 22.94, 39.08, 38.88, 0, 0, 4.20
2019/07/02 01:30:00, 23.50, 23.18, 22.94, 39.12, 38.89, 0, 0, 4.20
2019/07/02 01:31:00, 23.50, 23.16, 22.93, 39.13, 38.88, 0, 0, 4.20
2019/07/02 01:32:00, 23.50, 23.15, 22.95, 39.15, 38.91, 0, 0, 4.20
2019/07/02 01:33:00, 23.50, 23.15, 22.93, 39.13, 38.92, 0, 0, 4.20
2019/07/02 01:34:00, 23.50, 23.14, 22.93, 39.15, 38.95, 0, 0, 4.20
2019/07/02 01:35:00, 23.50, 23.15, 22.93, 39.17, 38.95, 0, 0, 4.20
2019/07/02 01:36:00, 23.50, 23.14, 22.92, 39.23, 38.97, 0, 0, 4.20
2019/07/02 01:37:00, 23.50, 23.15, 22.93, 39.19, 38.97, 0, 0, 4.20
2019/07/02 01:38:00, 23.50, 23.14, 22.91, 39.20, 38.97, 0, 0, 4.20
2019/07/02 01:39:00, 23.50, 23.12, 22.92, 39.24, 39.02, 0, 0, 4.20
2019/07/02 01:40:00, 23.50, 23.14, 22.92, 39.27, 39.02, 0, 0, 4.20
2019/07/02 01:41:00, 23.50, 23.12, 22.93, 39.27, 39.05, 0, 0, 4.20
2019/07/02 01:42:00, 23.50, 23.15, 22.91, 39.25, 39.05, 0, 0, 4.20
2019/07/02 01:43:00, 23.50, 23.14, 22.93, 39.29, 39.05, 0, 0, 4.20
2019/07/02 01:44:00, 23.50, 23.12, 22.94, 39.35, 39.08, 0, 0, 4.20
2019/07/02 01:45:00, 23.50, 23.15, 22.92, 39.32, 39.09, 0, 0, 4.20
2019/07/02 01:46:00, 23.50, 23.11, 22.92, 39.32, 39.09, 0, 0, 4.20
2019/07/02 01:47:00, 23.50, 23.14, 22.92, 39.36, 39.12, 0, 0, 4.20
2019/07/02 01:48:00, 23.50, 23.12, 22.91, 39.38, 39.13, 0, 0, 4.20
2019/07/02 01:49:00, 23.50, 23.11, 22.90, 39.42, 39.16, 0, 0, 4.20
2019/07/02 01:50:00, 23.50, 23.12, 22.90, 39.38, 39.16, 0, 0, 4.20
2019/07/02 01:51:00, 23.50, 23.12, 22.89, 39.49, 39.21, 0, 0, 4.20
2019/07/02 01:52:00, 23.50, 23.12, 22.91, 39.43, 39.24, 0, 0, 4.20
2019/07/02 01:53:00, 23.50, 23.14, 22.93, 39.47, 39.24, 0, 0, 4.20
2019/07/02 01:54:00, 23.50, 23.11, 22.90, 39.50, 39.25, 0, 0, 4.20
2019/07/02 01:55:00, 23.50, 23.11, 22.90, 39.46, 39.26, 0, 0, 4.20
2019/07/02 01:56:00, 23.50, 23.14, 22.89, 39.52, 39.28, 0, 0, 4.20
2019/07/02 01:57:00, 23.50, 23.11, 22.88, 39.49, 39.28, 0, 0, 4.20
2019/07/02 01:58:00, 23.50, 23.11, 22.90, 39.47, 39.25, 0, 0, 4.20
2019/07/02 01:59:00, 23.50, 23.09, 22.90, 39.53, 39.31, 0, 0, 4.20
2019/07/02 02:00:00, 23.50, 23.09, 22.88, 39.56, 39.34, 0, 0, 4.20
2019/07/02 02:01:00, 23.50, 23.12, 22.88, 39.57, 39.34, 0, 0, 4.20
2019/07/02 02:02:00, 23.50, 23.11, 22.90, 39.61, 39.34, 0, 0, 4.20
2019/07/02 02:03:00, 23.50, 23.14, 22.88, 39.62, 39.37, 0, 0, 4.20
2019/07/02 02:04:00, 23.50, 23.11, 22.90, 39.62, 39.36, 0, 0, 4.20
2019/07/02 02:05:00, 23.50, 23.12, 22.90, 39.65, 39.39, 0, 0, 4.20
2019/07/02 02:06:00, 23.50, 23.08, 22.87, 39.67, 39.41, 0, 0, 4.20
2019/07/02 02:07:00, 23.50, 23.12, 22.89, 39.62, 39.41, 0, 0, 4.20
2019/07/02 02:08:00, 23.50, 23.09, 22.87, 39.66, 39.41, 0, 0, 4.20
2019/07/02 02:09:00, 23.50, 23.08, 22.90, 39.70, 39.44, 0, 0, 4.20
2019/07/02 02:10:00, 23.50, 23.11, 22.89, 39.74, 39.47, 0, 0, 4.20
2019/07/02 02:11:00, 23.50, 23.08, 22.88, 39.69, 39.45, 0, 0, 4.20
2019/07/02 02:12:00, 23.50, 23.08, 22.87, 39.71, 39.48, 0, 0, 4.20
2019/07/02 02:13:00, 23.50, 23.09, 22.88, 39.78, 39.49, 0, 0, 4.20
2019/07/02 02:14:00, 23.50, 23.09, 22.84, 39.73, 39.51, 0, 0, 4.20
2019/07/02 02:15:00, 23.50, 23.08, 22.87, 39.78, 39.52, 0, 0, 4.20
2019/07/02 02:16:00, 23.50, 23.09, 22.87, 39.75, 39.54, 0, 0, 4.20
2019/07/02 02:17:00, 23.50, 23.08, 22.87, 39.78, 39.53, 0, 0, 4.20
2019/07/02 02:18:00, 23.50, 23.08, 22.86, 39.83, 39.55, 0, 0, 4.20
2019/07/02 02:19:00, 23.50, 23.08, 22.88, 39.87, 39.59, 0, 0, 4.20
2019/07/02 02:20:00, 23.50, 23.06, 22.87, 39.76, 39.59, 0, 0, 4.20
2019/07/02 02:21:00, 23.50, 23.08, 22.85, 39.86, 39.59, 0, 0, 4.20
2019/07/02 02:22:00, 23.50, 23.08, 22.86, 39.85, 39.59, 0, 0, 4.20
2019/07/02 02:23:00, 23.50, 23.09, 22.85, 39.82, 39.60, 0, 0, 4.20
2019/07/02 02:24:00, 23.50, 23.03, 22.85, 39.95, 39.63, 0, 0, 4.20
2019/07/02 02:25:00, 23.50, 23.06, 22.85, 39.91, 39.63, 0, 0, 4.20
2019/07/02 02:26:00, 23.50, 23.08, 22.87, 39.90, 39.66, 0, 0, 4.20
2019/07/02 02:27:00, 23.50, 23.08, 22.85, 39.96, 39.68, 0, 0, 4.20
2019/07/02 02:28:00, 23.50, 23.05, 22.87, 39.97, 39.70, 0, 0, 4.20
2019/07/02 02:29:00, 23.50, 23.06, 22.85, 39.98, 39.71, 0, 0, 4.20
2019/07/02 02:30:00, 23.50, 23.06, 22.86, 39.95, 39.70, 0, 0, 4.20
2019/07/02 02:31:00, 23.50, 23.06, 22.85, 39.97, 39.70, 0, 0, 4.20
2019/07/02 02:32:00, 23.50, 23.05, 22.86, 39.99, 39.73, 0, 0, 4.20
2019/07/02 02:33:00, 23.50, 23.03, 22.84, 40.01, 39.75, 0, 0, 4.20
2019/07/02 02:34:00, 23.50, 23.05, 22.87, 40.00, 39.75, 0, 0, 4.20
2019/07/02 02:35:00, 23.50, 23.03, 22.83, 40.01, 39.75, 0, 0, 4.20
2019/07/02 02:36:00, 23.50, 23.05, 22.84, 40.01, 39.79, 0, 0, 4.20
2019/07/02 02:37:00, 23.50, 23.03, 22.83, 40.01, 39.79, 0, 0, 4.20
2019/07/02 02:38:00, 23.50, 23.03, 22.83, 40.08, 39.80, 0, 0, 4.20
2019/07/02 02:39:00, 23.50, 23.06, 22.84, 40.11, 39.82, 0, 0, 4.20
2019/07/02 02:40:00, 23.50, 23.03, 22.83, 40.11, 39.82, 0, 0, 4.20
2019/07/02 02:41:00, 23.50, 23.02, 22.82, 40.11, 39.86, 0, 0, 4.20
2019/07/02 02:42:00, 23.50, 23.05, 22.83, 40.13, 39.82, 0, 0, 4.20
2019/07/02 02:43:00, 23.50, 23.02, 22.83, 40.09, 39.85, 0, 0, 4.20
2019/07/02 02:44:00, 23.50, 23.03, 22.84, 40.13, 39.84, 0, 0, 4.20
2019/07/02 02:45:00, 23.50, 23.03, 22.83, 40.18, 39.90, 0, 0, 4.20
2019/07/02 02:46:00, 23.50, 23.02, 22.83, 40.20, 39.90, 0, 0, 4.20
2019/07/02 02:47:00, 23.50, 23.03, 22.82, 40.20, 39.90, 0, 0, 4.20
2019/07/02 02:48:00, 23.50, 23.05, 22.83, 40.20, 39.92, 0, 0, 4.20
2019/07/02 02:49:00, 23.50, 23.01, 22.80, 40.21, 39.94, 0, 0, 4.20
2019/07/02 02:50:00, 23.50, 23.03, 22.83, 40.21, 39.93, 0, 0, 4.20
2019/07/02 02:51:00, 23.50, 23.02, 22.83, 40.21, 39.94, 0, 0, 4.20
2019/07/02 02:52:00, 23.50, 23.02, 22.83, 40.25, 39.98, 0, 0, 4.20
2019/07/02 02:53:00, 23.50, 23.01, 22.83, 40.20, 39.95, 0, 0, 4.20
2019/07/02 02:54:00, 23.50, 23.01, 22.82, 40.30, 39.98, 0, 0, 4.20
2019/07/02 02:55:00, 23.50, 22.99, 22.82, 40.28, 40.00, 0, 0, 4.20
2019/07/02 02:56:00, 23.50, 23.02, 22.80, 40.27, 40.02, 0, 0, 4.20
2019/07/02 02:57:00, 23.50, 22.99, 22.82, 40.31, 40.02, 0, 0, 4.20
2019/07/02 02:58:00, 23.50, 23.03, 22.79, 40.30, 40.03, 0, 0, 4.20
2019/07/02 02:59:00, 23.50, 23.02, 22.80, 40.34, 40.03, 0, 0, 4.20
2019/07/02 03:00:00, 23.50, 23.01, 22.80, 40.40, 40.11, 0, 0, 4.20
2019/07/02 03:01:00, 23.50, 23.02, 22.82, 40.38, 40.10, 0, 0, 4.20
2019/07/02 03:02:00, 23.50, 23.02, 22.78, 40.37, 40.11, 0, 0, 4.20
2019/07/02 03:03:00, 23.50, 23.02, 22.79, 40.34, 40.09, 0, 0, 4.20
2019/07/02 03:04:00, 23.50, 23.01, 22.80, 40.41, 40.11, 0, 0, 4.20
2019/07/02 03:05:00, 23.50, 22.99, 22.78, 40.41, 40.11, 0, 0, 4.20
2019/07/02 03:06:00, 23.50, 23.02, 22.79, 40.43, 40.14, 0, 0, 4.20
2019/07/02 03:07:00, 23.50, 23.01, 22.80, 40.38, 40.13, 0, 0, 4.20
2019/07/02 03:08:00, 23.50, 22.99, 22.78, 40.43, 40.15, 0, 0, 4.20
2019/07/02 03:09:00, 23.50, 23.01, 22.80, 40.47, 40.18, 0, 0, 4.20
2019/07/02 03:10:00, 23.50, 22.99, 22.77, 40.42, 40.17, 0, 0, 4.20
2019/07/02 03:11:00, 23.50, 22.99, 22.80, 40.50, 40.18, 0, 0, 4.20
2019/07/02 03:12:00, 23.50, 22.99, 22.77, 40.47, 40.18, 0, 0, 4.20
2019/07/02 03:13:00, 23.50, 22.97, 22.77, 40.45, 40.18, 0, 0, 4.20
2019/07/02 03:14:00, 23.50, 22.95, 22.78, 40.50, 40.24, 0, 0, 4.20
2019/07/02 03:15:00, 23.50, 23.01, 22.77, 40.50, 40.24, 0, 0, 4.20
2019/07/02 03:16:00, 23.50, 22.98, 22.76, 40.47, 40.23, 0, 0, 4.20
2019/07/02 03:17:00, 23.50, 22.97, 22.78, 40.54, 40.22, 0, 0, 4.20
2019/07/02 03:18:00, 23.50, 22.99, 22.76, 40.52, 40.24, 0, 0, 4.20
2019/07/02 03:19:00, 23.50, 22.97, 22.76, 40.52, 40.25, 0, 0, 4.20
2019/07/02 03:20:00, 23.50, 22.97, 22.77, 40.54, 40.27, 0, 0, 4.20
2019/07/02 03:21:00, 23.50, 22.97, 22.76, 40.56, 40.29, 0, 0, 4.20
2019/07/02 03:22:00, 23.50, 22.98, 22.77, 40.62, 40.29, 0, 0, 4.20
2019/07/02 03:23:00, 23.25, 22.97, 22.75, 40.63, 40.34, 0, 0, 4.20
2019/07/02 03:24:00, 23.50, 22.97, 22.77, 40.58, 40.31, 0, 0, 4.20
2019/07/02 03:25:00, 23.25, 22.97, 22.76, 40.63, 40.34, 0, 0, 4.20
2019/07/02 03:26:00, 23.25, 22.99, 22.78, 40.66, 40.34, 0, 0, 4.20
2019/07/02 03:27:00, 23.50, 22.98, 22.76, 40.65, 40.34, 0, 0, 4.20
2019/07/02 03:28:00, 23.50, 22.95, 22.76, 40.61, 40.32, 0, 0, 4.20
2019/07/02 03:29:00, 23.50, 22.97, 22.76, 40.67, 40.35, 0, 0, 4.20
2019/07/02 03:30:00, 23.25, 22.95, 22.74, 40.72, 40.37, 0, 0, 4.20
2019/07/02 03:31:00, 23.25, 22.95, 22.74, 40.71, 40.42, 0, 0, 4.20
2019/07/02 03:32:00, 23.25, 22.97, 22.76, 40.68, 40.39, 0, 0, 4.20
2019/07/02 03:33:00, 23.25, 22.95, 22.76, 40.75, 40.41, 0, 0, 4.20
2019/07/02 03:34:00, 23.25, 22.95, 22.75, 40.67, 40.41, 0, 0, 4.20
2019/07/02 03:35:00, 23.25, 22.99, 22.75, 40.73, 40.41, 0, 0, 4.20
2019/07/02 03:36:00, 23.25, 22.97, 22.75, 40.71, 40.45, 0, 0, 4.20
2019/07/02 03:37:00, 23.25, 22.98, 22.74, 40.75, 40.46, 0, 0, 4.20
2019/07/02 03:38:00, 23.25, 22.94, 22.76, 40.79, 40.47, 0, 0, 4.20
2019/07/02 03:39:00, 23.25, 22.97, 22.74, 40.76, 40.47, 0, 0, 4.20
2019/07/02 03:40:00, 23.25, 22.97, 22.75, 40.83, 40.52, 0, 0, 4.20
2019/07/02 03:41:00, 23.25, 22.94, 22.74, 40.80, 40.52, 0, 0, 4.20
2019/07/02 03:42:00, 23.25, 22.95, 22.73, 40.83, 40.50, 0, 0, 4.20
2019/07/02 03:43:00, 23.25, 22.95, 22.74, 40.84, 40.53, 0, 0, 4.20
2019/07/02 03:44:00, 23.25, 22.95, 22.75, 40.83, 40.55, 0, 0, 4.20
2019/07/02 03:45:00, 23.25, 22.95, 22.74, 40.87, 40.56, 0, 0, 4.20
2019/07/02 03:46:00, 23.25, 22.97, 22.74, 40.84, 40.58, 0, 0, 4.20
2019/07/02 03:47:00, 23.25, 22.97, 22.75, 40.81, 40.54, 0, 0, 4.20
2019/07/02 03:48:00, 23.25, 22.92, 22.74, 40.90, 40.56, 0, 0, 4.20
2019/07/02 03:49:00, 23.25, 22.95, 22.74, 40.88, 40.61, 0, 0, 4.20
2019/07/02 03:50:00, 23.25, 22.97, 22.76, 40.92, 40.60, 0, 0, 4.20
2019/07/02 03:51:00, 23.25, 22.95, 22.75, 40.96, 40.61, 0, 0, 4.20
2019/07/02 03:52:00, 23.25, 22.97, 22.74, 40.89, 40.63, 0, 0, 4.20
2019/07/02 03:53:00, 23.25, 22.97, 22.73, 40.97, 40.65, 0, 0, 4.20
2019/07/02 03:54:00, 23.25, 22.95, 22.74, 40.96, 40.62, 0, 0, 4.20
2019/07/02 03:55:00, 23.25, 22.95, 22.74, 40.92, 40.64, 0, 0, 4.20
2019/07/02 03:56:00, 23.25, 22.95, 22.74, 40.95, 40.67, 0, 0, 4.20
2019/07/02 03:57:00, 23.25, 22.95, 22.75, 40.95, 40.66, 0, 0, 4.20
2019/07/02 03:58:00, 23.25, 22.95, 22.73, 40.95, 40.66, 0, 0, 4.20
2019/07/02 03:59:00, 23.25, 22.95, 22.72, 40.96, 40.67, 0, 0, 4.20
2019/07/02 04:00:00, 23.25, 22.95, 22.72, 40.99, 40.69, 0, 0, 4.20
2019/07/02 04:01:00, 23.25, 22.95, 22.72, 41.00, 40.69, 0, 0, 4.20
2019/07/02 04:02:00, 23.25, 22.95, 22.72, 40.99, 40.67, 0, 0, 4.20
2019/07/02 04:03:00, 23.25, 22.94, 22.74, 40.97, 40.70, 0, 0, 4.20
2019/07/02 04:04:00, 23.25, 22.94, 22.74, 41.01, 40.68, 0, 0, 4.20
2019/07/02 04:05:00, 23.25, 22.91, 22.73, 41.03, 40.74, 0, 0, 4.20
2019/07/02 04:06:00, 23.25, 22.92, 22.73, 41.05, 40.76, 0, 0, 4.20
2019/07/02 04:07:00, 23.25, 22.94, 22.73, 41.04, 40.74, 0, 0, 4.20
2019/07/02 04:08:00, 23.25, 22.94, 22.74, 41.06, 40.76, 0, 0, 4.20
2019/07/02 04:09:00, 23.25, 22.92, 22.71, 41.04, 40.76, 0, 0, 4.20
2019/07/02 04:10:00, 23.25, 22.92, 22.71, 41.13, 40.79, 0, 0, 4.20
2019/07/02 04:11:00, 23.25, 22.94, 22.71, 41.15, 40.82, 0, 0, 4.20
2019/07/02 04:12:00, 23.25, 22.95, 22.72, 41.12, 40.82, 0, 0, 4.20
2019/07/02 04:13:00, 23.25, 22.94, 22.73, 41.12, 40.84, 0, 0, 4.20
2019/07/02 04:14:00, 23.25, 22.92, 22.71, 41.14, 40.83, 0, 0, 4.20
2019/07/02 04:15:00, 23.25, 22.90, 22.72, 41.17, 40.86, 0, 0, 4.20
2019/07/02 04:16:00, 23.25, 22.92, 22.72, 41.17, 40.89, 0, 0, 4.20
2019/07/02 04:17:00, 23.25, 22.94, 22.72, 41.14, 40.87, 0, 0, 4.20
2019/07/02 04:18:00, 23.25, 22.91, 22.70, 41.18, 40.87, 0, 0, 4.20
2019/07/02 04:19:00, 23.25, 22.92, 22.72, 41.20, 40.88, 0, 0, 4.20
2019/07/02 04:20:00, 23.25, 22.92, 22.72, 41.22, 40.89, 0, 0, 4.20
2019/07/02 04:21:00, 23.25, 22.92, 22.71, 41.18, 40.89, 0, 0, 4.20
2019/07/02 04:22:00, 23.25, 22.92, 22.69, 41.20, 40.89, 0, 0, 4.20
2019/07/02 04:23:00, 23.25, 22.94, 22.71, 41.22, 40.91, 0, 0, 4.20
2019/07/02 04:24:00, 23.25, 22.92, 22.69, 41.24, 40.94, 0, 0, 4.20
2019/07/02 04:25:00, 23.25, 22.94, 22.71, 41.25, 40.93, 0, 0, 4.20
2019/07/02 04:26:00, 23.25, 22.91, 22.69, 41.18, 40.90, 0, 0, 4.20
2019/07/02 04:27:00, 23.25, 22.94, 22.71, 41.22, 40.92, 0, 0, 4.20
2019/07/02 04:28:00, 23.25, 22.91, 22.71, 41.26, 40.95, 0, 0, 4.20
2019/07/02 04:29:00, 23.25, 22.92, 22.71, 41.28, 40.98, 0, 0, 4.20
2019/07/02 04:30:00, 23.25, 22.91, 22.71, 41.26, 41.00, 0, 0, 4.20
2019/07/02 04:31:00, 23.25, 22.94, 22.71, 41.30, 41.00, 0, 0, 4.20
2019/07/02 04:32:00, 23.25, 22.92, 22.73, 41.33, 41.00, 0, 0, 4.20
2019/07/02 04:33:00, 23.25, 22.92, 22.73, 41.33, 41.00, 0, 0, 4.20
2019/07/02 04:34:00, 23.25, 22.92, 22.72, 41.36, 41.01, 0, 0, 4.20
2019/07/02 04:35:00, 23.25, 22.94, 22.72, 41.34, 41.01, 0, 0, 4.20
2019/07/02 04:36:00, 23.25, 22.91, 22.71, 41.34, 41.01, 0, 0, 4.20
2019/07/02 04:37:00, 23.25, 22.94, 22.71, 41.30, 41.01, 0, 0, 4.20
2019/07/02 04:38:00, 23.25, 22.94, 22.73, 41.37, 41.03, 0, 0, 4.20
2019/07/02 04:39:00, 23.25, 22.90, 22.71, 41.40, 41.04, 0, 0, 4.20
2019/07/02 04:40:00, 23.25, 22.90, 22.71, 41.37, 41.08, 0, 0, 4.20
2019/07/02 04:41:00, 23.25, 22.92, 22.73, 41.41, 41.08, 0, 0, 4.20
2019/07/02 04:42:00, 23.25, 22.94, 22.72, 41.36, 41.08, 0, 0, 4.20
2019/07/02 04:43:00, 23.25, 22.90, 22.71, 41.38, 41.05, 0, 0, 4.20
2019/07/02 04:44:00, 23.25, 22.90, 22.71, 41.45, 41.10, 0, 0, 4.20
2019/07/02 04:45:00, 23.25, 22.92, 22.69, 41.45, 41.12, 0, 0, 4.20
2019/07/02 04:46:00, 23.25, 22.92, 22.71, 41.44, 41.15, 0, 0, 4.20
2019/07/02 04:47:00, 23.25, 22.94, 22.71, 41.50, 41.14, 0, 0, 4.20
2019/07/02 04:48:00, 23.25, 22.90, 22.69, 41.53, 41.16, 0, 0, 4.20
2019/07/02 04:49:00, 23.25, 22.90, 22.71, 41.52, 41.18, 0, 0, 4.20
2019/07/02 04:50:00, 23.25, 22.92, 22.71, 41.50, 41.17, 0, 0, 4.20
2019/07/02 04:51:00, 23.25, 22.92, 22.72, 41.54, 41.20, 0, 0, 4.20
2019/07/02 04:52:00, 23.25, 22.88, 22.69, 41.54, 41.22, 0, 0, 4.20
2019/07/02 04:53:00, 23.25, 22.91, 22.71, 41.53, 41.21, 0, 0, 4.20
2019/07/02 04:54:00, 23.25, 22.94, 22.73, 41.57, 41.21, 0, 0, 4.20
2019/07/02 04:55:00, 23.25, 22.92, 22.71, 41.57, 41.21, 0, 0, 4.20
2019/07/02 04:56:00, 23.25, 22.92, 22.71, 41.54, 41.23, 0, 0, 4.20
2019/07/02 04:57:00, 23.25, 22.94, 22.72, 41.58, 41.27, 0, 0, 4.20
2019/07/02 04:58:00, 23.25, 22.92, 22.72, 41.64, 41.28, 0, 0, 4.20
2019/07/02 04:59:00, 23.25, 22.94, 22.72, 41.69, 41.31, 0, 0, 4.20
2019/07/02 05:00:00, 23.25, 22.91, 22.71, 41.67, 41.32, 0, 0, 4.20
2019/07/02 05:01:00, 23.25, 22.91, 22.74, 41.66, 41.33, 0, 0, 4.20
2019/07/02 05:02:00, 23.25, 22.92, 22.71, 41.66, 41.34, 0, 0, 4.20
2019/07/02 05:03:00, 23.25, 22.91, 22.71, 41.69, 41.35, 0, 0, 4.20
2019/07/02 05:04:00, 23.25, 22.92, 22.71, 41.71, 41.36, 0, 0, 4.20
2019/07/02 05:05:00, 23.25, 22.91, 22.71, 41.69, 41.38, 0, 0, 4.20
2019/07/02 05:06:00, 23.25, 22.91, 22.73, 41.70, 41.39, 0, 0, 4.20
2019/07/02 05:07:00, 23.25, 22.90, 22.73, 41.74, 41.43, 0, 0, 4.20
2019/07/02 05:08:00, 23.25, 22.91, 22.70, 41.75, 41.40, 0, 0, 4.20
2019/07/02 05:09:00, 23.25, 22.94, 22.72, 41.77, 41.42, 0, 0, 4.20
2019/07/02 05:10:00, 23.25, 22.92, 22.73, 41.80, 41.46, 0, 0, 4.20
2019/07/02 05:11:00, 23.25, 22.92, 22.71, 41.78, 41.42, 0, 0, 4.20
2019/07/02 05:12:00, 23.25, 22.92, 22.74, 41.81, 41.49, 0, 0, 4.20
2019/07/02 05:13:00, 23.25, 22.94, 22.74, 41.84, 41.50, 0, 0, 4.20
2019/07/02 05:14:00, 23.25, 22.94, 22.71, 41.82, 41.48, 0, 0, 4.20
2019/07/02 05:15:00, 23.25, 22.92, 22.70, 41.82, 41.49, 0, 0, 4.20
2019/07/02 05:16:00, 23.25, 22.94, 22.70, 41.83, 41.51, 0, 0, 4.20
2019/07/02 05:17:00, 23.25, 22.92, 22.72, 41.89, 41.55, 0, 0, 4.20
2019/07/02 05:18:00, 23.25, 22.94, 22.73, 41.90, 41.58, 0, 0, 4.20
2019/07/02 05:19:00, 23.25, 22.94, 22.73, 41.91, 41.57, 0, 0, 4.20
2019/07/02 05:20:00, 23.25, 22.92, 22.72, 41.88, 41.55, 0, 0, 4.20
2019/07/02 05:21:00, 23.25, 22.92, 22.72, 41.93, 41.57, 0, 0, 4.20
2019/07/02 05:22:00, 23.25, 22.95, 22.74, 41.91, 41.60, 0, 0, 4.20
2019/07/02 05:23:00, 23.25, 22.92, 22.73, 42.06, 41.63, 0, 0, 4.20
2019/07/02 05:24:00, 23.25, 22.91, 22.73, 42.02, 41.66, 0, 0, 4.20
2019/07/02 05:25:00, 23.25, 22.92, 22.74, 42.04, 41.63, 0, 0, 4.20
2019/07/02 05:26:00, 23.25, 22.92, 22.73, 42.01, 41.64, 0, 0, 4.20
2019/07/02 05:27:00, 23.25, 22.97, 22.73, 42.05, 41.67, 0, 0, 4.20
2019/07/02 05:28:00, 23.25, 22.97, 22.74, 42.06, 41.67, 0, 0, 4.20
2019/07/02 05:29:00, 23.25, 22.94, 22.75, 42.03, 41.69, 0, 0, 4.20
2019/07/02 05:30:00, 23.25, 22.94, 22.73, 42.01, 41.69, 0, 0, 4.20
2019/07/02 05:31:00, 23.25, 22.94, 22.74, 42.11, 41.71, 0, 0, 4.20
2019/07/02 05:32:00, 23.25, 22.95, 22.74, 42.09, 41.73, 0, 0, 4.20
2019/07/02 05:33:00, 23.25, 22.95, 22.74, 42.08, 41.74, 0, 0, 4.20
2019/07/02 05:34:00, 23.25, 22.97, 22.75, 42.13, 41.75, 0, 0, 4.20
2019/07/02 05:35:00, 23.25, 22.97, 22.74, 42.14, 41.78, 0, 0, 4.20
2019/07/02 05:36:00, 23.25, 22.95, 22.74, 42.14, 41.79, 0, 0, 4.20
2019/07/02 05:37:00, 23.25, 22.94, 22.75, 42.14, 41.81, 0, 0, 4.20
2019/07/02 05:38:00, 23.25, 22.94, 22.77, 42.23, 41.82, 0, 0, 4.20
2019/07/02 05:39:00, 23.25, 22.98, 22.76, 42.20, 41.81, 0, 0, 4.20
2019/07/02 05:40:00, 23.25, 22.97, 22.76, 42.18, 41.82, 0, 0, 4.20
2019/07/02 05:41:00, 23.25, 22.97, 22.75, 42.20, 41.83, 0, 0, 4.20
2019/07/02 05:42:00, 23.25, 22.98, 22.74, 42.24, 41.85, 0, 0, 4.20
2019/07/02 05:43:00, 23.25, 22.98, 22.77, 42.24, 41.86, 0, 0, 4.20
2019/07/02 05:44:00, 23.25, 22.95, 22.76, 42.23, 41.88, 0, 0, 4.20
2019/07/02 05:45:00, 23.25, 22.98, 22.74, 42.26, 41.89, 0, 0, 4.20
2019/07/02 05:46:00, 23.25, 22.97, 22.75, 42.26, 41.90, 0, 0, 4.20
2019/07/02 05:47:00, 23.25, 22.98, 22.77, 42.32, 41.89, 0, 0, 4.20
2019/07/02 05:48:00, 23.25, 22.97, 22.76, 42.30, 41.95, 0, 0, 4.20
2019/07/02 05:49:00, 23.25, 22.98, 22.78, 42.39, 41.95, 0, 0, 4.20
2019/07/02 05:50:00, 23.25, 22.97, 22.76, 42.35, 41.95, 0, 0, 4.20
2019/07/02 05:51:00, 23.25, 22.95, 22.78, 42.38, 41.96, 0, 0, 4.20
2019/07/02 05:52:00, 23.25, 22.98, 22.77, 42.37, 41.99, 0, 0, 4.20
2019/07/02 05:53:00, 23.25, 22.99, 22.79, 42.40, 42.00, 0, 0, 4.20
2019/07/02 05:54:00, 23.25, 23.01, 22.77, 42.39, 42.03, 0, 0, 4.20
2019/07/02 05:55:00, 23.25, 22.98, 22.77, 42.44, 42.05, 0, 0, 4.20
2019/07/02 05:56:00, 23.25, 22.98, 22.77, 42.45, 42.04, 0, 0, 4.20
2019/07/02 05:57:00, 23.25, 22.98, 22.78, 42.50, 42.07, 0, 0, 4.20
2019/07/02 05:58:00, 23.25, 22.99, 22.78, 42.47, 42.08, 0, 0, 4.20
2019/07/02 05:59:00, 23.25, 23.01, 22.77, 42.50, 42.08, 0, 0, 4.20
2019/07/02 06:00:00, 23.25, 22.99, 22.79, 42.48, 42.10, 0, 0, 4.20
2019/07/02 06:01:00, 23.25, 23.01, 22.79, 42.54, 42.11, 0, 0, 4.20
2019/07/02 06:02:00, 23.25, 23.01, 22.79, 42.54, 42.14, 0, 0, 4.20
2019/07/02 06:03:00, 23.25, 22.99, 22.80, 42.58, 42.14, 0, 0, 4.20
2019/07/02 06:04:00, 23.25, 22.99, 22.80, 42.52, 42.17, 0, 0, 4.20
2019/07/02 06:05:00, 23.25, 23.01, 22.79, 42.60, 42.16, 0, 0, 4.20
2019/07/02 06:06:00, 23.25, 23.01, 22.80, 42.55, 42.17, 0, 0, 4.20
2019/07/02 06:07:00, 23.25, 23.02, 22.82, 42.58, 42.21, 0, 0, 4.20
2019/07/02 06:08:00, 23.25, 23.01, 22.79, 42.66, 42.21, 0, 0, 4.20
2019/07/02 06:09:00, 23.25, 23.01, 22.80, 42.61, 42.20, 0, 0, 4.20
2019/07/02 06:10:00, 23.25, 23.05, 22.80, 42.63, 42.22, 0, 0, 4.20
2019/07/02 06:11:00, 23.25, 23.01, 22.80, 42.63, 42.23, 0, 0, 4.20
2019/07/02 06:12:00, 23.25, 23.03, 22.83, 42.63, 42.24, 0, 0, 4.20
2019/07/02 06:13:00, 23.25, 23.03, 22.82, 42.63, 42.24, 0, 0, 4.20
2019/07/02 06:14:00, 23.25, 23.01, 22.85, 42.67, 42.27, 0, 0, 4.20
2019/07/02 06:15:00, 23.25, 23.03, 22.83, 42.63, 42.27, 0, 0, 4.20
2019/07/02 06:16:00, 23.25, 23.03, 22.82, 42.72, 42.28, 0, 0, 4.20
2019/07/02 06:17:00, 23.25, 23.02, 22.84, 42.69, 42.31, 0, 0, 4.20
2019/07/02 06:18:00, 23.25, 23.05, 22.84, 42.69, 42.30, 0, 0, 4.20
2019/07/02 06:19:00, 23.25, 23.06, 22.84, 42.69, 42.30, 0, 0, 4.20
2019/07/02 06:20:00, 23.25, 23.05, 22.85, 42.72, 42.30, 0, 0, 4.20
2019/07/02 06:21:00, 23.25, 23.05, 22.83, 42.71, 42.31, 0, 0, 4.20
2019/07/02 06:22:00, 23.25, 23.06, 22.86, 42.75, 42.33, 0, 0, 4.20
2019/07/02 06:23:00, 23.25, 23.02, 22.87, 42.78, 42.37, 0, 0, 4.20
2019/07/02 06:24:00, 23.25, 23.03, 22.88, 42.77, 42.36, 0, 0, 4.20
2019/07/02 06:25:00, 23.25, 23.06, 22.86, 42.78, 42.38, 0, 0, 4.20
2019/07/02 06:26:00, 23.25, 23.08, 22.85, 42.82, 42.37, 0, 0, 4.20
2019/07/02 06:27:00, 23.25, 23.08, 22.86, 42.81, 42.38, 0, 0, 4.20
2019/07/02 06:28:00, 23.25, 23.06, 22.87, 42.77, 42.40, 0, 0, 4.20
2019/07/02 06:29:00, 23.25, 23.06, 22.88, 42.85, 42.40, 0, 0, 4.20
2019/07/02 06:30:00, 23.25, 23.09, 22.87, 42.80, 42.38, 0, 0, 4.20
2019/07/02 06:31:00, 23.25, 23.08, 22.87, 42.83, 42.40, 0, 0, 4.20
2019/07/02 06:32:00, 23.25, 23.06, 22.89, 42.83, 42.40, 0, 0, 4.20
2019/07/02 06:33:00, 23.25, 23.08, 22.87, 42.84, 42.42, 0, 0, 4.20
2019/07/02 06:34:00, 23.25, 23.06, 22.87, 42.85, 42.43, 0, 0, 4.20
2019/07/02 06:35:00, 23.25, 23.09, 22.88, 42.85, 42.42, 0, 0, 4.20
2019/07/02 06:36:00, 23.25, 23.09, 22.87, 42.90, 42.44, 0, 0, 4.20
2019/07/02 06:37:00, 23.25, 23.11, 22.90, 42.83, 42.45, 0, 0, 4.20
2019/07/02 06:38:00, 23.25, 23.09, 22.86, 42.90, 42.47, 0, 0, 4.20
2019/07/02 06:39:00, 23.25, 23.11, 22.89, 42.93, 42.48, 0, 0, 4.20
2019/07/02 06:40:00, 23.25, 23.09, 22.90, 42.96, 42.50, 0, 0, 4.20
2019/07/02 06:41:00, 23.25, 23.12, 22.89, 42.89, 42.52, 0, 0, 4.20
2019/07/02 06:42:00, 23.25, 23.11, 22.89, 42.94, 42.52, 0, 0, 4.20
2019/07/02 06:43:00, 23.25, 23.11, 22.91, 43.00, 42.55, 0, 0, 4.20
2019/07/02 06:44:00, 23.25, 23.11, 22.90, 42.95, 42.53, 0, 0, 4.20
2019/07/02 06:45:00, 23.25, 23.11, 22.90, 42.99, 42.53, 0, 0, 4.20
2019/07/02 06:46:00, 23.25, 23.12, 22.91, 43.03, 42.56, 0, 0, 4.20
2019/07/02 06:47:00, 23.25, 23.11, 22.91, 43.00, 42.56, 0, 0, 4.20
2019/07/02 06:48:00, 23.25, 23.09, 22.89, 43.01, 42.59, 0, 0, 4.20
2019/07/02 06:49:00, 23.25, 23.14, 22.90, 43.03, 42.58, 0, 0, 4.20
2019/07/02 06:50:00, 23.25, 23.11, 22.92, 42.95, 42.59, 0, 0, 4.20
2019/07/02 06:51:00, 23.25, 23.12, 22.93, 43.01, 42.58, 0, 0, 4.20
2019/07/02 06:52:00, 23.25, 23.15, 22.93, 43.00, 42.58, 0, 0, 4.20
2019/07/02 06:53:00, 23.25, 23.15, 22.92, 42.96, 42.58, 0, 0, 4.20
2019/07/02 06:54:00, 23.50, 23.15, 22.93, 42.98, 42.59, 0, 0, 4.20
2019/07/02 06:55:00, 23.50, 23.14, 22.93, 43.03, 42.59, 0, 0, 4.20
2019/07/02 06:56:00, 23.25, 23.16, 22.93, 43.02, 42.59, 0, 0, 4.20
2019/07/02 06:57:00, 23.50, 23.14, 22.91, 43.04, 42.59, 0, 0, 4.20
2019/07/02 06:58:00, 23.50, 23.14, 22.92, 43.10, 42.64, 0, 0, 4.20
2019/07/02 06:59:00, 23.50, 23.15, 22.95, 43.10, 42.66, 0, 0, 4.20
2019/07/02 07:00:00, 23.50, 23.15, 22.94, 43.12, 42.66, 0, 0, 4.20
2019/07/02 07:01:00, 23.50, 23.15, 22.93, 43.12, 42.69, 0, 0, 4.20
2019/07/02 07:02:00, 23.50, 23.14, 22.93, 43.09, 42.69, 0, 0, 4.20
2019/07/02 07:03:00, 23.50, 23.14, 22.93, 43.14, 42.69, 0, 0, 4.20
2019/07/02 07:04:00, 23.25, 23.14, 22.93, 43.14, 42.69, 0, 0, 4.20
2019/07/02 07:05:00, 23.25, 23.14, 22.97, 43.19, 42.71, 0, 0, 4.20
2019/07/02 07:06:00, 23.50, 23.15, 22.93, 43.17, 42.72, 0, 0, 4.20
2019/07/02 07:07:00, 23.50, 23.14, 22.95, 43.15, 42.75, 0, 0, 4.20
2019/07/02 07:08:00, 23.50, 23.15, 22.94, 43.22, 42.75, 0, 0, 4.20
2019/07/02 07:09:00, 23.50, 23.16, 22.93, 43.17, 42.78, 0, 0, 4.20
2019/07/02 07:10:00, 23.50, 23.16, 22.95, 43.22, 42.78, 0, 0, 4.20
2019/07/02 07:11:00, 23.50, 23.18, 22.97, 43.22, 42.78, 0, 0, 4.20
2019/07/02 07:12:00, 23.50, 23.15, 22.93, 43.22, 42.78, 0, 0, 4.20
2019/07/02 07:13:00, 23.50, 23.15, 22.98, 43.22, 42.78, 0, 0, 4.20
2019/07/02 07:14:00, 23.50, 23.15, 22.97, 43.25, 42.80, 0, 0, 4.20
2019/07/02 07:15:00, 23.50, 23.16, 22.93, 43.27, 42.82, 0, 0, 4.20
2019/07/02 07:16:00, 23.50, 23.18, 22.97, 43.30, 42.84, 0, 0, 4.20
2019/07/02 07:17:00, 23.50, 23.16, 22.97, 43.31, 42.82, 0, 0, 4.20
2019/07/02 07:18:00, 23.50, 23.18, 22.97, 43.28, 42.84, 0, 0, 4.20
2019/07/02 07:19:00, 23.50, 23.16, 22.95, 43.31, 42.85, 0, 0, 4.20
2019/07/02 07:20:00, 23.50, 23.18, 22.97, 43.35, 42.90, 0, 0, 4.20
2019/07/02 07:21:00, 23.50, 23.15, 22.95, 43.33, 42.87, 0, 0, 4.20
2019/07/02 07:22:00, 23.50, 23.16, 22.95, 43.33, 42.88, 0, 0, 4.20
2019/07/02 07:23:00, 23.50, 23.18, 22.98, 43.32, 42.89, 0, 0, 4.20
2019/07/02 07:24:00, 23.50, 23.18, 22.95, 43.37, 42.91, 0, 0, 4.20
2019/07/02 07:25:00, 23.50, 23.16, 22.95, 43.40, 42.91, 0, 0, 4.20
2019/07/02 07:26:00, 23.50, 23.15, 22.97, 43.37, 42.94, 0, 0, 4.20
2019/07/02 07:27:00, 23.50, 23.19, 22.97, 43.37, 42.94, 0, 0, 4.20
2019/07/02 07:28:00, 23.50, 23.15, 22.97, 43.42, 42.96, 0, 0, 4.20
2019/07/02 07:29:00, 23.50, 23.16, 22.97, 43.40, 42.98, 0, 0, 4.20
2019/07/02 07:30:00, 23.50, 23.16, 22.97, 43.41, 42.97, 0, 0, 4.20
2019/07/02 07:31:00, 23.50, 23.15, 22.97, 43.48, 42.99, 0, 0, 4.20
2019/07/02 07:32:00, 23.50, 23.18, 22.97, 43.45, 42.97, 0, 0, 4.20
2019/07/02 07:33:00, 23.50, 23.16, 22.97, 43.46, 43.00, 0, 0, 4.20
2019/07/02 07:34:00, 23.50, 23.14, 22.97, 43.54, 43.04, 0, 0, 4.20
2019/07/02 07:35:00, 23.50, 23.16, 22.94, 43.61, 43.11, 0, 0, 4.20
2019/07/02 07:36:00, 23.50, 23.16, 22.95, 43.62, 43.18, 0, 0, 4.20
2019/07/02 07:37:00, 23.50, 23.15, 22.93, 43.69, 43.21, 0, 0, 4.20
2019/07/02 07:38:00, 23.50, 23.15, 22.94, 43.67, 43.25, 0, 0, 4.20
2019/07/02 07:39:00, 23.50, 23.15, 22.94, 43.74, 43.27, 0, 0, 4.20
2019/07/02 07:40:00, 23.50, 23.15, 22.94, 43.76, 43.32, 0, 0, 4.20
2019/07/02 07:41:00, 23.50, 23.16, 22.91, 43.88, 43.38, 0, 0, 4.20
2019/07/02 07:42:00, 23.50, 23.16, 22.93, 43.82, 43.41, 0, 0, 4.20
2019/07/02 07:43:00, 23.50, 23.14, 22.93, 43.95, 43.43, 0, 0, 4.20
2019/07/02 07:44:00, 23.50, 23.15, 22.95, 43.97, 43.49, 0, 0, 4.20
2019/07/02 07:45:00, 23.50, 23.14, 22.93, 44.01, 43.54, 0, 0, 4.20
2019/07/02 07:46:00, 23.50, 23.14, 22.95, 44.06, 43.58, 0, 0, 4.20
2019/07/02 07:47:00, 23.50, 23.16, 22.93, 44.03, 43.59, 0, 0, 4.20
2019/07/02 07:48:00, 23.50, 23.14, 22.93, 44.09, 43.62, 0, 0, 4.20
2019/07/02 07:49:00, 23.50, 23.12, 22.93, 44.13, 43.65, 0, 0, 4.20
2019/07/02 07:50:00, 23.50, 23.15, 22.93, 44.13, 43.66, 0, 0, 4.20
2019/07/02 07:51:00, 23.50, 23.11, 22.92, 44.19, 43.69, 0, 0, 4.20
2019/07/02 07:52:00, 23.50, 23.14, 22.93, 44.21, 43.74, 0, 0, 4.20
2019/07/02 07:53:00, 23.50, 23.15, 22.93, 44.24, 43.76, 0, 0, 4.20
2019/07/02 07:54:00, 23.50, 23.11, 22.92, 44.29, 43.79, 0, 0, 4.20
2019/07/02 07:55:00, 23.50, 23.14, 22.93, 44.26, 43.81, 0, 0, 4.20
2019/07/02 07:56:00, 23.50, 23.12, 22.93, 44.31, 43.83, 0, 0, 4.20
2019/07/02 07:57:00, 23.50, 23.15, 22.95, 44.41, 43.91, 0, 0, 4.20
2019/07/02 07:58:00, 23.50, 23.14, 22.93, 44.45, 43.94, 0, 0, 4.20
2019/07/02 07:59:00, 23.50, 23.15, 22.93, 44.47, 43.98, 0, 0, 4.20
2019/07/02 08:00:00, 23.50, 23.14, 22.94, 44.52, 44.04, 0, 0, 4.20
2019/07/02 08:01:00, 23.50, 23.14, 22.93, 44.49, 44.04, 0, 0, 4.20
2019/07/02 08:02:00, 23.50, 23.15, 22.97, 44.53, 44.04, 0, 0, 4.20
2019/07/02 08:03:00, 23.50, 23.16, 22.95, 44.54, 44.07, 0, 0, 4.20
2019/07/02 08:04:00, 23.50, 23.16, 22.94, 44.58, 44.11, 0, 0, 4.20
2019/07/02 08:05:00, 23.50, 23.15, 22.97, 44.54, 44.11, 0, 0, 4.20
2019/07/02 08:06:00, 23.50, 23.15, 22.97, 44.59, 44.11, 0, 0, 4.20
2019/07/02 08:07:00, 23.50, 23.16, 22.94, 44.64, 44.14, 0, 0, 4.20
2019/07/02 08:08:00, 23.50, 23.16, 22.94, 44.65, 44.18, 0, 0, 4.20
2019/07/02 08:09:00, 23.50, 23.15, 22.97, 44.67, 44.20, 0, 0, 4.20
2019/07/02 08:10:00, 23.50, 23.18, 22.95, 44.69, 44.20, 0, 0, 4.20
2019/07/02 08:11:00, 23.50, 23.16, 22.94, 44.72, 44.20, 0, 0, 4.20
2019/07/02 08:12:00, 23.50, 23.15, 22.97, 44.71, 44.23, 0, 0, 4.20
2019/07/02 08:13:00, 23.50, 23.15, 22.95, 44.73, 44.25, 0, 0, 4.20
2019/07/02 08:14:00, 23.50, 23.15, 22.97, 44.81, 44.29, 0, 0, 4.20
2019/07/02 08:15:00, 23.50, 23.16, 22.94, 44.77, 44.29, 0, 0, 4.20
2019/07/02 08:16:00, 23.50, 23.16, 22.95, 44.78, 44.33, 0, 0, 4.20
2019/07/02 08:17:00, 23.50, 23.14, 22.95, 44.83, 44.33, 0, 0, 4.20
2019/07/02 08:18:00, 23.50, 23.16, 22.95, 44.83, 44.36, 0, 0, 4.20
2019/07/02 08:19:00, 23.50, 23.16, 22.97, 44.92, 44.39, 0, 0, 4.20
2019/07/02 08:20:00, 23.50, 23.16, 22.95, 44.91, 44.43, 0, 0, 4.20
2019/07/02 08:21:00, 23.50, 23.14, 22.95, 44.91, 44.44, 0, 0, 4.20
2019/07/02 08:22:00, 23.50, 23.14, 22.95, 44.89, 44.43, 0, 0, 4.20
2019/07/02 08:23:00, 23.50, 23.18, 22.94, 44.99, 44.47, 0, 0, 4.20
2019/07/02 08:24:00, 23.50, 23.16, 22.95, 44.98, 44.51, 0, 0, 4.20
2019/07/02 08:25:00, 23.50, 23.16, 22.95, 45.00, 44.52, 0, 0, 4.20
2019/07/02 08:26:00, 23.50, 23.16, 22.95, 45.04, 44.52, 0, 0, 4.20
2019/07/02 08:27:00, 23.50, 23.16, 22.95, 45.05, 44.54, 0, 0, 4.20
2019/07/02 08:28:00, 23.50, 23.16, 22.98, 45.07, 44.56, 0, 0, 4.20
2019/07/02 08:29:00, 23.50, 23.18, 22.98, 45.07, 44.57, 0, 0, 4.20
2019/07/02 08:30:00, 23.50, 23.16, 22.97, 45.03, 44.58, 0, 0, 4.20
2019/07/02 08:31:00, 23.50, 23.19, 22.98, 45.09, 44.59, 0, 0, 4.20
2019/07/02 08:32:00, 23.50, 23.19, 22.98, 45.10, 44.60, 0, 0, 4.20
2019/07/02 08:33:00, 23.50, 23.18, 22.97, 45.16, 44.64, 0, 0, 4.20
2019/07/02 08:34:00, 23.50, 23.18, 22.99, 45.14, 44.65, 0, 0, 4.20
2019/07/02 08:35:00, 23.50, 23.19, 22.95, 45.22, 44.70, 0, 0, 4.20
2019/07/02 08:36:00, 23.50, 23.18, 22.98, 45.21, 44.72, 0, 0, 4.20
2019/07/02 08:37:00, 23.50, 23.19, 22.98, 45.24, 44.75, 0, 0, 4.20
2019/07/02 08:38:00, 23.50, 23.19, 22.98, 45.23, 44.75, 0, 0, 4.20
2019/07/02 08:39:00, 23.50, 23.19, 22.99, 45.25, 44.77, 0, 0, 4.20
2019/07/02 08:40:00, 23.50, 23.18, 22.98, 45.28, 44.77, 0, 0, 4.20
2019/07/02 08:41:00, 23.50, 23.18, 23.00, 45.23, 44.78, 0, 0, 4.20
2019/07/02 08:42:00, 23.50, 23.19, 23.00, 45.28, 44.80, 0, 0, 4.20
2019/07/02 08:43:00, 23.50, 23.18, 22.98, 45.28, 44.82, 0, 0, 4.20
2019/07/02 08:44:00, 23.50, 23.21, 23.01, 45.33, 44.84, 0, 0, 4.20
2019/07/02 08:45:00, 23.50, 23.21, 23.00, 45.33, 44.84, 0, 0, 4.20
2019/07/02 08:46:00, 23.50, 23.21, 23.00, 45.32, 44.84, 0, 0, 4.20
2019/07/02 08:47:00, 23.50, 23.19, 23.00, 45.33, 44.87, 0, 0, 4.20
2019/07/02 08:48:00, 23.50, 23.19, 23.00, 45.36, 44.89, 0, 0, 4.20
2019/07/02 08:49:00, 23.50, 23.21, 23.00, 45.39, 44.89, 0, 0, 4.20
2019/07/02 08:50:00, 23.50, 23.21, 23.00, 45.43, 44.90, 0, 0, 4.20
2019/07/02 08:51:00, 23.50, 23.19, 22.99, 45.45, 44.93, 0, 0, 4.20
2019/07/02 08:52:00, 23.50, 23.19, 22.98, 45.46, 44.94, 0, 0, 4.20
2019/07/02 08:53:00, 23.50, 23.16, 23.00, 45.45, 44.97, 0, 0, 4.20
2019/07/02 08:54:00, 23.50, 23.16, 22.97, 45.43, 44.97, 0, 0, 4.20
2019/07/02 08:55:00, 23.50, 23.19, 22.97, 45.50, 45.01, 0, 0, 4.20
2019/07/02 08:56:00, 23.50, 23.16, 22.97, 45.47, 45.02, 0, 0, 4.20
2019/07/02 08:57:00, 23.50, 23.19, 22.98, 45.54, 45.04, 0, 0, 4.20
2019/07/02 08:58:00, 23.50, 23.21, 22.99, 45.53, 45.08, 0, 0, 4.20
2019/07/02 08:59:00, 23.50, 23.16, 22.99, 45.59, 45.07, 0, 0, 4.20
2019/07/02 09:00:00, 23.50, 23.19, 22.98, 45.65, 45.11, 0, 0, 4.20
2019/07/02 09:01:00, 23.50, 23.18, 22.99, 45.64, 45.13, 0, 0, 4.20
2019/07/02 09:02:00, 23.50, 23.18, 22.97, 45.63, 45.14, 0, 0, 4.20
2019/07/02 09:03:00, 23.50, 23.18, 22.97, 45.67, 45.19, 0, 0, 4.20
2019/07/02 09:04:00, 23.50, 23.18, 22.99, 45.65, 45.20, 0, 0, 4.20
2019/07/02 09:05:00, 23.50, 23.18, 22.99, 45.72, 45.20, 0, 0, 4.20
2019/07/02 09:06:00, 23.50, 23.19, 22.99, 45.71, 45.22, 0, 0, 4.20
2019/07/02 09:07:00, 23.50, 23.18, 22.99, 45.68, 45.23, 0, 0, 4.20
2019/07/02 09:08:00, 23.50, 23.18, 23.00, 45.70, 45.23, 0, 0, 4.20
2019/07/02 09:09:00, 23.50, 23.18, 23.00, 45.74, 45.25, 0, 0, 4.20
2019/07/02 09:10:00, 23.50, 23.18, 22.97, 45.78, 45.26, 0, 0, 4.20
2019/07/02 09:11:00, 23.50, 23.19, 22.99, 45.76, 45.29, 0, 0, 4.20
2019/07/02 09:12:00, 23.50, 23.16, 22.99, 45.79, 45.29, 0, 0, 4.20
2019/07/02 09:13:00, 23.50, 23.18, 22.97, 45.81, 45.33, 0, 0, 4.20
2019/07/02 09:14:00, 23.50, 23.16, 22.98, 45.87, 45.37, 0, 0, 4.20
2019/07/02 09:15:00, 23.50, 23.19, 23.00, 45.86, 45.36, 0, 0, 4.20
2019/07/02 09:16:00, 23.50, 23.18, 22.97, 45.91, 45.40, 0, 0, 4.20
2019/07/02 09:17:00, 23.50, 23.19, 22.99, 45.91, 45.45, 0, 0, 4.20
2019/07/02 09:18:00, 23.50, 23.18, 22.99, 45.93, 45.46, 0, 0, 4.20
2019/07/02 09:19:00, 23.50, 23.19, 22.97, 45.92, 45.45, 0, 0, 4.20
2019/07/02 09:20:00, 23.50, 23.19, 22.97, 45.96, 45.45, 0, 0, 4.20
2019/07/02 09:21:00, 23.50, 23.18, 22.97, 45.95, 45.49, 0, 0, 4.20
2019/07/02 09:22:00, 23.50, 23.15, 22.97, 46.06, 45.50, 0, 0, 4.20
2019/07/02 09:23:00, 23.50, 23.18, 22.97, 46.02, 45.52, 0, 0, 4.20
2019/07/02 09:24:00, 23.50, 23.18, 22.97, 46.06, 45.57, 0, 0, 4.20
2019/07/02 09:25:00, 23.50, 23.18, 22.98, 46.05, 45.58, 0, 0, 4.20
2019/07/02 09:26:00, 23.50, 23.19, 22.98, 46.11, 45.60, 0, 0, 4.20
2019/07/02 09:27:00, 23.50, 23.18, 22.97, 46.12, 45.60, 0, 0, 4.20
2019/07/02 09:28:00, 23.50, 23.18, 22.98, 46.12, 45.62, 0, 0, 4.20
2019/07/02 09:29:00, 23.50, 23.18, 22.97, 46.13, 45.63, 0, 0, 4.20
2019/07/02 09:30:00, 23.50, 23.16, 22.95, 46.15, 45.66, 0, 0, 4.20
2019/07/02 09:31:00, 23.50, 23.16, 22.97, 46.19, 45.68, 0, 0, 4.20
2019/07/02 09:32:00, 23.50, 23.18, 22.95, 46.19, 45.69, 0, 0, 4.20
2019/07/02 09:33:00, 23.50, 23.18, 22.97, 46.21, 45.71, 0, 0, 4.20
2019/07/02 09:34:00, 23.50, 23.14, 22.95, 46.25, 45.75, 0, 0, 4.20
2019/07/02 09:35:00, 23.50, 23.15, 22.97, 46.20, 45.74, 0, 0, 4.20
2019/07/02 09:36:00, 23.50, 23.16, 22.95, 46.31, 45.76, 0, 0, 4.20
2019/07/02 09:37:00, 23.50, 23.18, 22.95, 46.24, 45.75, 0, 0, 4.20
2019/07/02 09:38:00, 23.50, 23.18, 22.95, 46.27, 45.79, 0, 0, 4.20
2019/07/02 09:39:00, 23.50, 23.15, 22.97, 46.29, 45.79, 0, 0, 4.20
2019/07/02 09:40:00, 23.50, 23.18, 22.97, 46.36, 45.81, 0, 0, 4.20
2019/07/02 09:41:00, 23.50, 23.16, 22.97, 46.32, 45.84, 0, 0, 4.20
2019/07/02 09:42:00, 23.50, 23.19, 22.97, 46.35, 45.84, 0, 0, 4.20
2019/07/02 09:43:00, 23.50, 23.16, 22.97, 46.36, 45.84, 0, 0, 4.20
2019/07/02 09:44:00, 23.50, 23.19, 22.97, 46.37, 45.85, 0, 0, 4.20
2019/07/02 09:45:00, 23.50, 23.19, 22.97, 46.37, 45.88, 0, 0, 4.20
2019/07/02 09:46:00, 23.50, 23.18, 22.98, 46.32, 45.88, 0, 0, 4.20
2019/07/02 09:47:00, 23.50, 23.21, 22.98, 46.41, 45.87, 0, 0, 4.20
2019/07/02 09:48:00, 23.50, 23.19, 22.97, 46.46, 45.95, 0, 0, 4.20
2019/07/02 09:49:00, 23.50, 23.19, 22.99, 46.43, 45.94, 0, 0, 4.20
2019/07/02 09:50:00, 23.50, 23.18, 22.98, 46.46, 45.95, 0, 0, 4.20
2019/07/02 09:51:00, 23.50, 23.18, 22.99, 46.39, 45.93, 0, 0, 4.20
2019/07/02 09:52:00, 23.50, 23.21, 22.98, 46.48, 45.94, 0, 0, 4.20
2019/07/02 09:53:00, 23.50, 23.15, 22.97, 46.51, 46.01, 0, 0, 4.20
2019/07/02 09:54:00, 23.50, 23.18, 22.99, 46.52, 46.00, 0, 0, 4.20
2019/07/02 09:55:00, 23.50, 23.18, 23.00, 46.56, 46.03, 0, 0, 4.20
2019/07/02 09:56:00, 23.50, 23.18, 22.98, 46.49, 46.01, 0, 0, 4.20
2019/07/02 09:57:00, 23.50, 23.18, 22.98, 46.53, 46.02, 0, 0, 4.20
2019/07/02 09:58:00, 23.50, 23.19, 22.98, 46.57, 46.06, 0, 0, 4.20
2019/07/02 09:59:00, 23.50, 23.18, 22.99, 46.62, 46.12, 0, 0, 4.20
2019/07/02 10:00:00, 23.50, 23.18, 23.00, 46.63, 46.15, 0, 0, 4.20
2019/07/02 10:01:00, 23.50, 23.19, 23.00, 46.63, 46.14, 0, 0, 4.20
2019/07/02 10:02:00, 23.50, 23.21, 22.98, 46.70, 46.15, 0, 0, 4.20
2019/07/02 10:03:00, 23.50, 23.18, 22.99, 46.74, 46.24, 0, 0, 4.20
2019/07/02 10:04:00, 23.50, 23.21, 23.00, 46.79, 46.26, 0, 0, 4.20
2019/07/02 10:05:00, 23.50, 23.19, 23.02, 46.81, 46.27, 0, 0, 4.20
2019/07/02 10:06:00, 23.50, 23.19, 23.00, 46.89, 46.34, 0, 0, 4.20
2019/07/02 10:07:00, 23.50, 23.22, 23.01, 46.91, 46.37, 0, 0, 4.20
2019/07/02 10:08:00, 23.50, 23.24, 23.03, 46.96, 46.44, 0, 0, 4.20
2019/07/02 10:09:00, 23.50, 23.24, 23.03, 47.05, 46.48, 0, 0, 4.20
2019/07/02 10:10:00, 23.50, 23.24, 23.03, 47.04, 46.52, 0, 0, 4.20
2019/07/02 10:11:00, 23.50, 23.25, 23.03, 47.01, 46.52, 0, 0, 4.20
2019/07/02 10:12:00, 23.50, 23.25, 23.03, 47.06, 46.52, 0, 0, 4.20
2019/07/02 10:13:00, 23.50, 23.22, 23.03, 47.09, 46.55, 0, 0, 4.20
2019/07/02 10:14:00, 23.50, 23.24, 23.05, 47.13, 46.59, 0, 0, 4.20
2019/07/02 10:15:00, 23.50, 23.26, 23.04, 47.17, 46.65, 0, 0, 4.20
2019/07/02 10:16:00, 23.50, 23.25, 23.03, 47.20, 46.66, 0, 0, 4.20
2019/07/02 10:17:00, 23.50, 23.25, 23.04, 47.21, 46.67, 0, 0, 4.20
2019/07/02 10:18:00, 23.50, 23.24, 23.03, 47.23, 46.69, 0, 0, 4.20
2019/07/02 10:19:00, 23.50, 23.24, 23.04, 47.34, 46.77, 0, 0, 4.20
2019/07/02 10:20:00, 23.50, 23.25, 23.03, 47.33, 46.81, 0, 0, 4.20
2019/07/02 10:21:00, 23.50, 23.25, 23.05, 47.40, 46.84, 0, 0, 4.20
2019/07/02 10:22:00, 23.50, 23.26, 23.05, 47.38, 46.84, 0, 0, 4.20
2019/07/02 10:23:00, 23.50, 23.25, 23.06, 47.41, 46.86, 0, 0, 4.20
2019/07/02 10:24:00, 23.50, 23.29, 23.05, 47.48, 46.89, 0, 0, 4.20
2019/07/02 10:25:00, 23.50, 23.25, 23.05, 47.46, 46.89, 0, 0, 4.20
2019/07/02 10:26:00, 23.50, 23.28, 23.09, 47.48, 46.93, 0, 0, 4.20
2019/07/02 10:27:00, 23.50, 23.28, 23.06, 47.50, 46.94, 0, 0, 4.20
2019/07/02 10:28:00, 23.50, 23.29, 23.08, 47.47, 46.93, 0, 0, 4.20
2019/07/02 10:29:00, 23.50, 23.26, 23.07, 47.56, 46.98, 0, 0, 4.20
2019/07/02 10:30:00, 23.50, 23.30, 23.12, 47.57, 47.02, 0, 0, 4.20
2019/07/02 10:31:00, 23.50, 23.29, 23.09, 47.60, 47.02, 0, 0, 4.20
2019/07/02 10:32:00, 23.50, 23.28, 23.10, 47.55, 47.02, 0, 0, 4.20
2019/07/02 10:33:00, 23.50, 23.30, 23.09, 47.59, 47.03, 0, 0, 4.20
2019/07/02 10:34:00, 23.50, 23.32, 23.13, 47.55, 47.05, 0, 0, 4.20
2019/07/02 10:35:00, 23.50, 23.32, 23.13, 47.63, 47.04, 0, 0, 4.20
2019/07/02 10:36:00, 23.50, 23.32, 23.14, 47.61, 47.07, 0, 0, 4.20
2019/07/02 10:37:00, 23.50, 23.35, 23.14, 47.61, 47.04, 0, 0, 4.20
2019/07/02 10:38:00, 23.50, 23.36, 23.15, 47.65, 47.07, 0, 0, 4.20
2019/07/02 10:39:00, 23.50, 23.35, 23.17, 47.64, 47.07, 0, 0, 4.20
2019/07/02 10:40:00, 23.50, 23.36, 23.16, 47.64, 47.07, 0, 0, 4.20
2019/07/02 10:41:00, 23.50, 23.36, 23.16, 47.60, 47.07, 0, 0, 4.20
2019/07/02 10:42:00, 23.50, 23.35, 23.16, 47.62, 47.08, 0, 0, 4.20
2019/07/02 10:43:00, 23.50, 23.37, 23.17, 47.67, 47.12, 0, 0, 4.20
2019/07/02 10:44:00, 23.50, 23.37, 23.18, 47.67, 47.11, 0, 0, 4.20
2019/07/02 10:45:00, 23.50, 23.40, 23.18, 47.70, 47.11, 0, 0, 4.20
2019/07/02 10:46:00, 23.50, 23.39, 23.20, 47.77, 47.20, 0, 0, 4.20
2019/07/02 10:47:00, 23.50, 23.37, 23.19, 47.79, 47.20, 0, 0, 4.20
2019/07/02 10:48:00, 23.50, 23.40, 23.19, 47.87, 47.26, 0, 0, 4.20
2019/07/02 10:49:00, 23.50, 23.39, 23.19, 47.84, 47.26, 0, 0, 4.20
2019/07/02 10:50:00, 23.50, 23.40, 23.19, 47.87, 47.28, 0, 0, 4.20
2019/07/02 10:51:00, 23.50, 23.37, 23.19, 47.87, 47.30, 0, 0, 4.20
2019/07/02 10:52:00, 23.50, 23.39, 23.18, 47.87, 47.32, 0, 0, 4.20
2019/07/02 10:53:00, 23.50, 23.40, 23.20, 47.87, 47.31, 0, 0, 4.20
2019/07/02 10:54:00, 23.50, 23.42, 23.19, 47.85, 47.32, 0, 0, 4.20
2019/07/02 10:55:00, 23.50, 23.37, 23.22, 47.89, 47.32, 0, 0, 4.20
2019/07/02 10:56:00, 23.50, 23.40, 23.22, 47.90, 47.35, 0, 0, 4.20
2019/07/02 10:57:00, 23.50, 23.39, 23.20, 47.83, 47.31, 0, 0, 4.20
2019/07/02 10:58:00, 23.50, 23.40, 23.20, 47.86, 47.32, 0, 0, 4.20
2019/07/02 10:59:00, 23.50, 23.40, 23.21, 47.90, 47.35, 0, 0, 4.20
2019/07/02 11:00:00, 23.50, 23.40, 23.21, 47.85, 47.32, 0, 0, 4.20
2019/07/02 11:01:00, 23.50, 23.37, 23.20, 47.83, 47.31, 0, 0, 4.20
2019/07/02 11:02:00, 23.50, 23.39, 23.21, 47.79, 47.29, 0, 0, 4.20
2019/07/02 11:03:00, 23.50, 23.43, 23.20, 47.81, 47.26, 0, 0, 4.20
2019/07/02 11:04:00, 23.50, 23.42, 23.22, 47.83, 47.29, 0, 0, 4.20
2019/07/02 11:05:00, 23.50, 23.42, 23.22, 47.83, 47.28, 0, 0, 4.20
2019/07/02 11:06:00, 23.50, 23.44, 23.22, 47.79, 47.23, 0, 0, 4.20
2019/07/02 11:07:00, 23.50, 23.46, 23.24, 47.81, 47.26, 0, 0, 4.20
2019/07/02 11:08:00, 23.50, 23.46, 23.24, 47.73, 47.23, 0, 0, 4.20
2019/07/02 11:09:00, 23.50, 23.43, 23.24, 47.76, 47.21, 0, 0, 4.20
2019/07/02 11:10:00, 23.50, 23.44, 23.24, 47.79, 47.21, 0, 0, 4.20
2019/07/02 11:11:00, 23.50, 23.47, 23.25, 47.73, 47.18, 0, 0, 4.20
2019/07/02 11:12:00, 23.50, 23.46, 23.27, 47.72, 47.18, 0, 0, 4.20
2019/07/02 11:13:00, 23.50, 23.49, 23.28, 47.70, 47.18, 0, 0, 4.20
2019/07/02 11:14:00, 23.50, 23.46, 23.28, 47.67, 47.12, 0, 0, 4.20
2019/07/02 11:15:00, 23.50, 23.50, 23.29, 47.68, 47.14, 0, 0, 4.20
2019/07/02 11:16:00, 23.50, 23.49, 23.31, 47.69, 47.14, 0, 0, 4.20
2019/07/02 11:17:00, 23.50, 23.49, 23.30, 47.67, 47.14, 0, 0, 4.20
2019/07/02 11:18:00, 23.50, 23.49, 23.32, 47.63, 47.10, 0, 0, 4.20
2019/07/02 11:19:00, 23.75, 23.49, 23.32, 47.56, 47.07, 0, 0, 4.20
2019/07/02 11:20:00, 23.50, 23.50, 23.28, 47.62, 47.07, 0, 0, 4.20
2019/07/02 11:21:00, 23.50, 23.50, 23.31, 47.63, 47.07, 0, 0, 4.20
2019/07/02 11:22:00, 23.75, 23.52, 23.30, 47.59, 47.07, 0, 0, 4.20
2019/07/02 11:23:00, 23.75, 23.50, 23.31, 47.59, 47.07, 0, 0, 4.20
2019/07/02 11:24:00, 23.75, 23.52, 23.32, 47.55, 47.04, 0, 0, 4.20
2019/07/02 11:25:00, 23.75, 23.52, 23.32, 47.51, 47.00, 0, 0, 4.20
2019/07/02 11:26:00, 23.75, 23.50, 23.33, 47.55, 47.02, 0, 0, 4.20
2019/07/02 11:27:00, 23.75, 23.52, 23.31, 47.52, 46.99, 0, 0, 4.20
2019/07/02 11:28:00, 23.75, 23.52, 23.32, 47.51, 47.00, 0, 0, 4.20
2019/07/02 11:29:00, 23.75, 23.50, 23.31, 47.52, 46.99, 0, 0, 4.20
2019/07/02 11:30:00, 23.75, 23.52, 23.32, 47.54, 46.97, 0, 0, 4.20
2019/07/02 11:31:00, 23.75, 23.52, 23.34, 47.51, 46.97, 0, 0, 4.20
2019/07/02 11:32:00, 23.75, 23.54, 23.35, 47.51, 46.97, 0, 0, 4.20
2019/07/02 11:33:00, 23.75, 23.56, 23.35, 47.55, 46.99, 0, 0, 4.20
2019/07/02 11:34:00, 23.75, 23.52, 23.35, 47.53, 46.99, 0, 0, 4.20
2019/07/02 11:35:00, 23.75, 23.53, 23.35, 47.49, 46.94, 0, 0, 4.20
2019/07/02 11:36:00, 23.75, 23.56, 23.33, 47.47, 46.96, 0, 0, 4.20
2019/07/02 11:37:00, 23.75, 23.54, 23.35, 47.49, 46.97, 0, 0, 4.20
2019/07/02 11:38:00, 23.75, 23.53, 23.37, 47.48, 47.00, 0, 0, 4.20
2019/07/02 11:39:00, 23.75, 23.54, 23.37, 47.53, 46.95, 0, 0, 4.20
2019/07/02 11:40:00, 23.75, 23.56, 23.38, 47.51, 46.96, 0, 0, 4.20
2019/07/02 11:41:00, 23.75, 23.59, 23.37, 47.51, 46.99, 0, 0, 4.20
2019/07/02 11:42:00, 23.75, 23.59, 23.36, 47.52, 47.01, 0, 0, 4.20
2019/07/02 11:43:00, 23.75, 23.56, 23.36, 47.49, 46.99, 0, 0, 4.20
2019/07/02 11:44:00, 23.75, 23.56, 23.38, 47.53, 46.99, 0, 0, 4.20
2019/07/02 11:45:00, 23.75, 23.57, 23.38, 47.48, 47.00, 0, 0, 4.20
2019/07/02 11:46:00, 23.75, 23.57, 23.37, 47.52, 47.00, 0, 0, 4.20
2019/07/02 11:47:00, 23.75, 23.57, 23.37, 47.49, 46.97, 0, 0, 4.20
2019/07/02 11:48:00, 23.75, 23.57, 23.39, 47.48, 46.98, 0, 0, 4.20
2019/07/02 11:49:00, 23.75, 23.57, 23.39, 47.52, 47.00, 0, 0, 4.20
2019/07/02 11:50:00, 23.75, 23.59, 23.38, 47.52, 46.98, 0, 0, 4.20
2019/07/02 11:51:00, 23.75, 23.59, 23.38, 47.49, 46.97, 0, 0, 4.20
2019/07/02 11:52:00, 23.75, 23.57, 23.37, 47.43, 46.96, 0, 0, 4.20
2019/07/02 11:53:00, 23.75, 23.57, 23.38, 47.43, 46.92, 0, 0, 4.20
2019/07/02 11:54:00, 23.75, 23.60, 23.37, 47.40, 46.89, 0, 0, 4.20
2019/07/02 11:55:00, 23.75, 23.60, 23.41, 47.41, 46.89, 0, 0, 4.20
2019/07/02 11:56:00, 23.75, 23.57, 23.39, 47.45, 46.90, 0, 0, 4.20
2019/07/02 11:57:00, 23.75, 23.60, 23.38, 47.38, 46.87, 0, 0, 4.20
2019/07/02 11:58:00, 23.75, 23.56, 23.36, 47.35, 46.84, 0, 0, 4.20
2019/07/02 11:59:00, 23.75, 23.56, 23.37, 47.34, 46.81, 0, 0, 4.20
2019/07/02 12:00:00, 23.75, 23.57, 23.37, 47.31, 46.78, 0, 0, 4.20
2019/07/02 12:01:00, 23.75, 23.59, 23.38, 47.29, 46.78, 0, 0, 4.20
2019/07/02 12:02:00, 23.75, 23.59, 23.38, 47.33, 46.76, 0, 0, 4.20
2019/07/02 12:03:00, 23.75, 23.59, 23.35, 47.28, 46.74, 0, 0, 4.20
2019/07/02 12:04:00, 23.75, 23.59, 23.38, 47.28, 46.74, 0, 0, 4.20
2019/07/02 12:05:00, 23.75, 23.56, 23.37, 47.28, 46.72, 0, 0, 4.20
2019/07/02 12:06:00, 23.75, 23.59, 23.38, 47.22, 46.71, 0, 0, 4.20
2019/07/02 12:07:00, 23.75, 23.57, 23.38, 47.19, 46.71, 0, 0, 4.20
2019/07/02 12:08:00, 23.75, 23.57, 23.37, 47.13, 46.65, 0, 0, 4.20
2019/07/02 12:09:00, 23.75, 23.56, 23.37, 47.14, 46.64, 0, 0, 4.20
2019/07/02 12:10:00, 23.75, 23.57, 23.37, 47.11, 46.61, 0, 0, 4.20
2019/07/02 12:11:00, 23.75, 23.59, 23.36, 47.09, 46.60, 0, 0, 4.20
2019/07/02 12:12:00, 23.75, 23.59, 23.37, 47.06, 46.59, 0, 0, 4.20
2019/07/02 12:13:00, 23.75, 23.56, 23.37, 47.08, 46.59, 0, 0, 4.20
2019/07/02 12:14:00, 23.75, 23.57, 23.37, 47.11, 46.57, 0, 0, 4.20
2019/07/02 12:15:00, 23.75, 23.57, 23.36, 47.07, 46.60, 0, 0, 4.20
2019/07/02 12:16:00, 23.75, 23.56, 23.36, 47.07, 46.58, 0, 0, 4.20
2019/07/02 12:17:00, 23.75, 23.59, 23.35, 47.11, 46.60, 0, 0, 4.20
2019/07/02 12:18:00, 23.75, 23.56, 23.36, 47.12, 46.59, 0, 0, 4.20
2019/07/02 12:19:00, 23.75, 23.56, 23.37, 47.13, 46.61, 0, 0, 4.20
2019/07/02 12:20:00, 23.75, 23.57, 23.37, 47.11, 46.61, 0, 0, 4.20
2019/07/02 12:21:00, 23.75, 23.57, 23.37, 47.14, 46.61, 0, 0, 4.20
2019/07/02 12:22:00, 23.75, 23.56, 23.37, 47.13, 46.61, 0, 0, 4.20
2019/07/02 12:23:00, 23.75, 23.59, 23.37, 47.16, 46.61, 0, 0, 4.20
2019/07/02 12:24:00, 23.75, 23.57, 23.38, 47.12, 46.58, 0, 0, 4.20
2019/07/02 12:25:00, 23.75, 23.57, 23.35, 47.14, 46.59, 0, 0, 4.20
2019/07/02 12:26:00, 23.75, 23.56, 23.37, 47.12, 46.59, 0, 0, 4.20
2019/07/02 12:27:00, 23.75, 23.59, 23.37, 47.09, 46.59, 0, 0, 4.20
2019/07/02 12:28:00, 23.75, 23.56, 23.37, 47.06, 46.57, 0, 0, 4.20
2019/07/02 12:29:00, 23.75, 23.56, 23.37, 47.01, 46.55, 0, 0, 4.20
2019/07/02 12:30:00, 23.75, 23.57, 23.36, 47.03, 46.55, 0, 0, 4.20
2019/07/02 12:31:00, 23.75, 23.59, 23.37, 47.08, 46.55, 0, 0, 4.20
2019/07/02 12:32:00, 23.75, 23.57, 23.38, 47.07, 46.57, 0, 0, 4.20
2019/07/02 12:33:00, 23.75, 23.59, 23.38, 47.05, 46.55, 0, 0, 4.20
2019/07/02 12:34:00, 23.75, 23.59, 23.37, 47.08, 46.55, 0, 0, 4.20
2019/07/02 12:35:00, 23.75, 23.57, 23.37, 47.01, 46.56, 0, 0, 4.20
2019/07/02 12:36:00, 23.75, 23.59, 23.41, 47.06, 46.55, 0, 0, 4.20
2019/07/02 12:37:00, 23.75, 23.57, 23.37, 47.06, 46.55, 0, 0, 4.20
2019/07/02 12:38:00, 23.75, 23.57, 23.37, 47.07, 46.54, 0, 0, 4.20
2019/07/02 12:39:00, 23.75, 23.59, 23.39, 47.04, 46.56, 0, 0, 4.20
2019/07/02 12:40:00, 23.75, 23.59, 23.38, 47.03, 46.55, 0, 0, 4.20
2019/07/02 12:41:00, 23.75, 23.59, 23.38, 47.01, 46.52, 0, 0, 4.20
2019/07/02 12:42:00, 23.75, 23.60, 23.38, 47.00, 46.52, 0, 0, 4.20
2019/07/02 12:43:00, 23.75, 23.57, 23.41, 47.05, 46.55, 0, 0, 4.20
2019/07/02 12:44:00, 23.75, 23.59, 23.39, 47.05, 46.56, 0, 0, 4.20
2019/07/02 12:45:00, 23.75, 23.59, 23.41, 47.02, 46.55, 0, 0, 4.20
2019/07/02 12:46:00, 23.75, 23.59, 23.39, 47.02, 46.52, 0, 0, 4.20
2019/07/02 12:47:00, 23.75, 23.59, 23.37, 47.02, 46.51, 0, 0, 4.20
2019/07/02 12:48:00, 23.75, 23.59, 23.41, 46.97, 46.50, 0, 0, 4.20
2019/07/02 12:49:00, 23.75, 23.60, 23.41, 46.97, 46.46, 0, 0, 4.20
2019/07/02 12:50:00, 23.75, 23.57, 23.41, 46.91, 46.44, 0, 0, 4.20
2019/07/02 12:51:00, 23.75, 23.59, 23.41, 46.96, 46.46, 0, 0, 4.20
2019/07/02 12:52:00, 23.75, 23.56, 23.42, 46.94, 46.42, 0, 0, 4.20
2019/07/02 12:53:00, 23.75, 23.61, 23.42, 46.86, 46.39, 0, 0, 4.20
2019/07/02 12:54:00, 23.75, 23.60, 23.42, 46.87, 46.39, 0, 0, 4.20
2019/07/02 12:55:00, 23.75, 23.63, 23.43, 46.81, 46.35, 0, 0, 4.20
2019/07/02 12:56:00, 23.75, 23.61, 23.43, 46.83, 46.34, 0, 0, 4.20
2019/07/02 12:57:00, 23.75, 23.63, 23.45, 46.80, 46.32, 0, 0, 4.20
2019/07/02 12:58:00, 23.75, 23.64, 23.44, 46.76, 46.30, 0, 0, 4.20
2019/07/02 12:59:00, 23.75, 23.65, 23.47, 46.74, 46.28, 0, 0, 4.20
2019/07/02 13:00:00, 23.75, 23.67, 23.45, 46.73, 46.25, 0, 0, 4.20
2019/07/02 13:01:00, 23.75, 23.65, 23.47, 46.73, 46.22, 0, 0, 4.20
2019/07/02 13:02:00, 23.75, 23.65, 23.45, 46.62, 46.20, 0, 0, 4.20
2019/07/02 13:03:00, 23.75, 23.67, 23.47, 46.63, 46.16, 0, 0, 4.20
2019/07/02 13:04:00, 23.75, 23.64, 23.46, 46.59, 46.10, 0, 0, 4.20
2019/07/02 13:05:00, 23.75, 23.65, 23.47, 46.56, 46.10, 0, 0, 4.20
2019/07/02 13:06:00, 23.75, 23.68, 23.46, 46.53, 46.05, 0, 0, 4.20
2019/07/02 13:07:00, 23.75, 23.68, 23.46, 46.48, 46.04, 0, 0, 4.20
2019/07/02 13:08:00, 23.75, 23.67, 23.46, 46.50, 46.00, 0, 0, 4.20
2019/07/02 13:09:00, 23.75, 23.67, 23.47, 46.48, 46.00, 0, 0, 4.20
2019/07/02 13:10:00, 23.75, 23.68, 23.50, 46.46, 46.00, 0, 0, 4.20
2019/07/02 13:11:00, 23.75, 23.68, 23.49, 46.50, 46.00, 0, 0, 4.20
2019/07/02 13:12:00, 23.75, 23.67, 23.48, 46.44, 45.98, 0, 0, 4.20
2019/07/02 13:13:00, 23.75, 23.65, 23.49, 46.45, 45.97, 0, 0, 4.20
2019/07/02 13:14:00, 23.75, 23.70, 23.49, 46.37, 45.96, 0, 0, 4.20
2019/07/02 13:15:00, 23.75, 23.68, 23.49, 46.39, 45.94, 0, 0, 4.20
2019/07/02 13:16:00, 23.75, 23.67, 23.49, 46.40, 45.95, 0, 0, 4.20
2019/07/02 13:17:00, 23.75, 23.70, 23.48, 46.37, 45.92, 0, 0, 4.20
2019/07/02 13:18:00, 23.75, 23.68, 23.49, 46.37, 45.92, 0, 0, 4.20
2019/07/02 13:19:00, 23.75, 23.68, 23.50, 46.41, 45.92, 0, 0, 4.20
2019/07/02 13:20:00, 23.75, 23.70, 23.48, 46.40, 45.91, 0, 0, 4.20
2019/07/02 13:21:00, 23.75, 23.71, 23.49, 46.42, 45.91, 0, 0, 4.20
2019/07/02 13:22:00, 23.75, 23.70, 23.48, 46.36, 45.94, 0, 0, 4.20
2019/07/02 13:23:00, 23.75, 23.68, 23.49, 46.40, 45.92, 0, 0, 4.20
2019/07/02 13:24:00, 23.75, 23.67, 23.48, 46.38, 45.92, 0, 0, 4.20
2019/07/02 13:25:00, 23.75, 23.70, 23.48, 46.41, 45.93, 0, 0, 4.20
2019/07/02 13:26:00, 23.75, 23.68, 23.49, 46.38, 45.93, 0, 0, 4.20
2019/07/02 13:27:00, 23.75, 23.70, 23.50, 46.39, 45.93, 0, 0, 4.20
2019/07/02 13:28:00, 23.75, 23.70, 23.47, 46.40, 45.96, 0, 0, 4.20
2019/07/02 13:29:00, 23.75, 23.70, 23.49, 46.40, 45.94, 0, 0, 4.20
2019/07/02 13:30:00, 23.75, 23.67, 23.48, 46.42, 45.94, 0, 0, 4.20
2019/07/02 13:31:00, 23.75, 23.67, 23.47, 46.40, 45.94, 0, 0, 4.20
2019/07/02 13:32:00, 23.75, 23.70, 23.49, 46.39, 45.98, 0, 0, 4.20
2019/07/02 13:33:00, 23.75, 23.67, 23.49, 46.43, 45.97, 0, 0, 4.20
2019/07/02 13:34:00, 23.75, 23.68, 23.47, 46.40, 45.94, 0, 0, 4.20
2019/07/02 13:35:00, 23.75, 23.67, 23.49, 46.42, 45.96, 0, 0, 4.20
2019/07/02 13:36:00, 23.75, 23.68, 23.49, 46.47, 45.98, 0, 0, 4.20
2019/07/02 13:37:00, 23.75, 23.70, 23.50, 46.46, 45.97, 0, 0, 4.20
2019/07/02 13:38:00, 23.75, 23.70, 23.48, 46.40, 45.94, 0, 0, 4.20
2019/07/02 13:39:00, 23.75, 23.71, 23.48, 46.44, 45.94, 0, 0, 4.20
2019/07/02 13:40:00, 23.75, 23.70, 23.48, 46.42, 45.98, 0, 0, 4.20
2019/07/02 13:41:00, 23.75, 23.65, 23.49, 46.46, 46.00, 0, 0, 4.20
2019/07/02 13:42:00, 23.75, 23.68, 23.48, 46.45, 46.01, 0, 0, 4.20
2019/07/02 13:43:00, 23.75, 23.65, 23.48, 46.47, 46.00, 0, 0, 4.20
2019/07/02 13:44:00, 23.75, 23.67, 23.48, 46.45, 46.01, 0, 0, 4.20
2019/07/02 13:45:00, 23.75, 23.65, 23.47, 46.48, 46.03, 0, 0, 4.20
2019/07/02 13:46:00, 23.75, 23.65, 23.48, 46.51, 46.04, 0, 0, 4.20
2019/07/02 13:47:00, 23.75, 23.68, 23.47, 46.51, 46.04, 0, 0, 4.20
2019/07/02 13:48:00, 23.75, 23.65, 23.45, 46.52, 46.05, 0, 0, 4.20
2019/07/02 13:49:00, 23.75, 23.63, 23.46, 46.52, 46.04, 0, 0, 4.20
2019/07/02 13:50:00, 23.75, 23.65, 23.45, 46.53, 46.07, 0, 0, 4.20
2019/07/02 13:51:00, 23.75, 23.65, 23.46, 46.52, 46.07, 0, 0, 4.20
2019/07/02 13:52:00, 24.00, 23.65, 23.45, 46.54, 46.09, 0, 0, 4.20
2019/07/02 13:53:00, 23.75, 23.64, 23.45, 46.58, 46.12, 0, 0, 4.20
2019/07/02 13:54:00, 23.75, 23.65, 23.44, 46.60, 46.13, 0, 0, 4.20
2019/07/02 13:55:00, 23.75, 23.64, 23.45, 46.58, 46.12, 0, 0, 4.20
2019/07/02 13:56:00, 23.75, 23.64, 23.45, 46.54, 46.10, 0, 0, 4.20
2019/07/02 13:57:00, 23.75, 23.64, 23.43, 46.58, 46.11, 0, 0, 4.20
2019/07/02 13:58:00, 23.75, 23.63, 23.44, 46.58, 46.13, 0, 0, 4.20
2019/07/02 13:59:00, 23.75, 23.63, 23.42, 46.60, 46.13, 0, 0, 4.20
2019/07/02 14:00:00, 23.75, 23.63, 23.44, 46.54, 46.12, 0, 0, 4.20
2019/07/02 14:01:00, 23.75, 23.60, 23.43, 46.56, 46.11, 0, 0, 4.20
2019/07/02 14:02:00, 23.75, 23.61, 23.42, 46.52, 46.08, 0, 0, 4.20
2019/07/02 14:03:00, 23.75, 23.61, 23.41, 46.59, 46.10, 0, 0, 4.20
2019/07/02 14:04:00, 23.75, 23.61, 23.42, 46.54, 46.13, 0, 0, 4.20
2019/07/02 14:05:00, 23.75, 23.60, 23.41, 46.61, 46.13, 0, 0, 4.20
2019/07/02 14:06:00, 23.75, 23.57, 23.38, 46.63, 46.15, 0, 0, 4.20
2019/07/02 14:07:00, 23.75, 23.59, 23.39, 46.63, 46.20, 0, 0, 4.20
2019/07/02 14:08:00, 23.75, 23.60, 23.38, 46.70, 46.20, 0, 0, 4.20
2019/07/02 14:09:00, 23.75, 23.60, 23.41, 46.74, 46.26, 0, 0, 4.20
2019/07/02 14:10:00, 23.75, 23.60, 23.38, 46.81, 46.32, 0, 0, 4.20
2019/07/02 14:11:00, 23.75, 23.59, 23.38, 46.88, 46.36, 0, 0, 4.20
2019/07/02 14:12:00, 23.75, 23.59, 23.38, 46.91, 46.44, 0, 0, 4.20
2019/07/02 14:13:00, 23.75, 23.57, 23.39, 46.99, 46.47, 0, 0, 4.20
2019/07/02 14:14:00, 23.75, 23.59, 23.38, 47.06, 46.55, 0, 0, 4.20
2019/07/02 14:15:00, 23.75, 23.61, 23.38, 47.11, 46.61, 0, 0, 4.20
2019/07/02 14:16:00, 23.75, 23.59, 23.38, 47.22, 46.68, 0, 0, 4.20
2019/07/02 14:17:00, 23.75, 23.60, 23.39, 47.27, 46.74, 0, 0, 4.20
2019/07/02 14:18:00, 23.75, 23.60, 23.38, 47.39, 46.83, 0, 0, 4.20
2019/07/02 14:19:00, 23.75, 23.59, 23.38, 47.40, 46.89, 0, 0, 4.20
2019/07/02 14:20:00, 23.75, 23.60, 23.38, 47.45, 46.94, 0, 0, 4.20
2019/07/02 14:21:00, 23.75, 23.59, 23.37, 47.58, 47.03, 0, 0, 4.20
2019/07/02 14:22:00, 23.75, 23.56, 23.41, 47.63, 47.10, 0, 0, 4.20
2019/07/02 14:23:00, 23.75, 23.59, 23.37, 47.73, 47.15, 0, 0, 4.20
2019/07/02 14:24:00, 23.75, 23.59, 23.37, 47.78, 47.23, 0, 0, 4.20
2019/07/02 14:25:00, 23.75, 23.57, 23.38, 47.86, 47.29, 0, 0, 4.20
2019/07/02 14:26:00, 23.75, 23.56, 23.36, 47.89, 47.35, 0, 0, 4.20
2019/07/02 14:27:00, 23.75, 23.56, 23.35, 47.96, 47.42, 0, 0, 4.20
2019/07/02 14:28:00, 23.75, 23.56, 23.37, 48.03, 47.47, 0, 0, 4.20
2019/07/02 14:29:00, 23.75, 23.54, 23.36, 48.10, 47.55, 0, 0, 4.20
2019/07/02 14:30:00, 23.75, 23.56, 23.37, 48.16, 47.59, 0, 0, 4.20
2019/07/02 14:31:00, 23.75, 23.54, 23.35, 48.20, 47.66, 0, 0, 4.20
2019/07/02 14:32:00, 23.75, 23.56, 23.36, 48.29, 47.72, 0, 0, 4.20
2019/07/02 14:33:00, 23.75, 23.54, 23.35, 48.31, 47.76, 0, 0, 4.20
2019/07/02 14:34:00, 23.75, 23.54, 23.33, 48.35, 47.81, 0, 0, 4.20
2019/07/02 14:35:00, 23.75, 23.56, 23.35, 48.41, 47.84, 0, 0, 4.20
2019/07/02 14:36:00, 23.75, 23.56, 23.34, 48.49, 47.88, 0, 0, 4.20
2019/07/02 14:37:00, 23.75, 23.53, 23.35, 48.53, 47.92, 0, 0, 4.20
2019/07/02 14:38:00, 23.75, 23.53, 23.34, 48.55, 47.97, 0, 0, 4.20
2019/07/02 14:39:00, 23.75, 23.52, 23.34, 48.59, 48.02, 0, 0, 4.20
2019/07/02 14:40:00, 23.75, 23.56, 23.34, 48.63, 48.04, 0, 0, 4.20
2019/07/02 14:41:00, 23.75, 23.56, 23.32, 48.64, 48.05, 0, 0, 4.20
2019/07/02 14:42:00, 23.75, 23.52, 23.34, 48.71, 48.10, 0, 0, 4.20
2019/07/02 14:43:00, 23.75, 23.54, 23.32, 48.69, 48.15, 0, 0, 4.20
2019/07/02 14:44:00, 23.75, 23.52, 23.31, 48.78, 48.17, 0, 0, 4.20
2019/07/02 14:45:00, 23.75, 23.50, 23.32, 48.83, 48.19, 0, 0, 4.20
2019/07/02 14:46:00, 23.75, 23.52, 23.32, 48.85, 48.25, 0, 0, 4.20
2019/07/02 14:47:00, 23.75, 23.52, 23.32, 48.93, 48.32, 0, 0, 4.20
2019/07/02 14:48:00, 23.75, 23.50, 23.32, 48.99, 48.38, 0, 0, 4.20
2019/07/02 14:49:00, 23.75, 23.52, 23.28, 49.04, 48.42, 0, 0, 4.20
2019/07/02 14:50:00, 23.75, 23.50, 23.31, 49.04, 48.45, 0, 0, 4.20
2019/07/02 14:51:00, 23.75, 23.49, 23.29, 49.05, 48.48, 0, 0, 4.20
2019/07/02 14:52:00, 23.75, 23.50, 23.31, 49.07, 48.48, 0, 0, 4.20
2019/07/02 14:53:00, 23.75, 23.49, 23.30, 49.12, 48.51, 0, 0, 4.20
2019/07/02 14:54:00, 23.75, 23.52, 23.28, 49.08, 48.51, 0, 0, 4.20
2019/07/02 14:55:00, 23.75, 23.49, 23.30, 49.12, 48.52, 0, 0, 4.20
2019/07/02 14:56:00, 23.75, 23.50, 23.28, 49.12, 48.55, 0, 0, 4.20
2019/07/02 14:57:00, 23.75, 23.47, 23.28, 49.13, 48.56, 0, 0, 4.20
2019/07/02 14:58:00, 23.75, 23.49, 23.25, 49.17, 48.56, 0, 0, 4.20
2019/07/02 14:59:00, 23.75, 23.49, 23.28, 49.17, 48.56, 0, 0, 4.20
2019/07/02 15:00:00, 23.75, 23.44, 23.25, 49.14, 48.57, 0, 0, 4.20
2019/07/02 15:01:00, 23.75, 23.47, 23.25, 49.17, 48.58, 0, 0, 4.20
2019/07/02 15:02:00, 23.75, 23.47, 23.27, 49.15, 48.58, 0, 0, 4.20
2019/07/02 15:03:00, 23.75, 23.47, 23.25, 49.21, 48.58, 0, 0, 4.20
2019/07/02 15:04:00, 23.75, 23.46, 23.24, 49.20, 48.62, 0, 0, 4.20
2019/07/02 15:05:00, 23.75, 23.46, 23.25, 49.23, 48.62, 0, 0, 4.20
2019/07/02 15:06:00, 23.75, 23.47, 23.23, 49.23, 48.61, 0, 0, 4.20
2019/07/02 15:07:00, 23.75, 23.46, 23.28, 49.23, 48.66, 0, 0, 4.20
2019/07/02 15:08:00, 23.75, 23.44, 23.25, 49.23, 48.64, 0, 0, 4.20
2019/07/02 15:09:00, 23.75, 23.46, 23.23, 49.24, 48.63, 0, 0, 4.20
2019/07/02 15:10:00, 23.75, 23.46, 23.24, 49.25, 48.67, 0, 0, 4.20
2019/07/02 15:11:00, 23.75, 23.44, 23.23, 49.23, 48.66, 0, 0, 4.20
2019/07/02 15:12:00, 23.75, 23.44, 23.23, 49.27, 48.66, 0, 0, 4.20
2019/07/02 15:13:00, 23.75, 23.43, 23.24, 49.28, 48.68, 0, 0, 4.20
2019/07/02 15:14:00, 23.75, 23.43, 23.25, 49.26, 48.67, 0, 0, 4.20
2019/07/02 15:15:00, 23.75, 23.44, 23.22, 49.30, 48.66, 0, 0, 4.20
2019/07/02 15:16:00, 23.75, 23.42, 23.27, 49.29, 48.67, 0, 0, 4.20
2019/07/02 15:17:00, 23.75, 23.44, 23.23, 49.26, 48.68, 0, 0, 4.20
2019/07/02 15:18:00, 23.75, 23.43, 23.21, 49.27, 48.67, 0, 0, 4.20
2019/07/02 15:19:00, 23.75, 23.44, 23.23, 49.29, 48.66, 0, 0, 4.20
2019/07/02 15:20:00, 23.75, 23.44, 23.23, 49.31, 48.68, 0, 0, 4.20
2019/07/02 15:21:00, 23.75, 23.43, 23.21, 49.30, 48.69, 0, 0, 4.20
2019/07/02 15:22:00, 23.75, 23.40, 23.22, 49.23, 48.71, 0, 0, 4.20
2019/07/02 15:23:00, 23.75, 23.43, 23.20, 49.29, 48.72, 0, 0, 4.20
2019/07/02 15:24:00, 23.75, 23.40, 23.22, 49.26, 48.68, 0, 0, 4.20
2019/07/02 15:25:00, 23.75, 23.40, 23.20, 49.28, 48.68, 0, 0, 4.20
2019/07/02 15:26:00, 23.75, 23.42, 23.20, 49.26, 48.71, 0, 0, 4.20
2019/07/02 15:27:00, 23.75, 23.42, 23.21, 49.33, 48.72, 0, 0, 4.20
2019/07/02 15:28:00, 23.75, 23.42, 23.21, 49.30, 48.74, 0, 0, 4.20
2019/07/02 15:29:00, 23.75, 23.42, 23.20, 49.29, 48.74, 0, 0, 4.20
2019/07/02 15:30:00, 23.75, 23.40, 23.20, 49.35, 48.75, 0, 0, 4.20
2019/07/02 15:31:00, 23.75, 23.39, 23.22, 49.36, 48.75, 0, 0, 4.20
2019/07/02 15:32:00, 23.75, 23.42, 23.20, 49.33, 48.74, 0, 0, 4.20
2019/07/02 15:33:00, 23.75, 23.40, 23.18, 49.35, 48.77, 0, 0, 4.20
2019/07/02 15:34:00, 23.75, 23.40, 23.19, 49.40, 48.80, 0, 0, 4.20
2019/07/02 15:35:00, 23.75, 23.40, 23.19, 49.39, 48.80, 0, 0, 4.20
2019/07/02 15:36:00, 23.75, 23.40, 23.18, 49.45, 48.82, 0, 0, 4.20
2019/07/02 15:37:00, 23.75, 23.37, 23.16, 49.47, 48.86, 0, 0, 4.20
2019/07/02 15:38:00, 23.75, 23.39, 23.19, 49.41, 48.86, 0, 0, 4.20
2019/07/02 15:39:00, 23.75, 23.39, 23.18, 49.42, 48.86, 0, 0, 4.20
2019/07/02 15:40:00, 23.75, 23.37, 23.18, 49.47, 48.87, 0, 0, 4.20
2019/07/02 15:41:00, 23.75, 23.37, 23.18, 49.46, 48.88, 0, 0, 4.20
2019/07/02 15:42:00, 23.75, 23.40, 23.19, 49.47, 48.87, 0, 0, 4.20
2019/07/02 15:43:00, 23.75, 23.40, 23.18, 49.45, 48.87, 0, 0, 4.20
2019/07/02 15:44:00, 23.75, 23.39, 23.18, 49.50, 48.90, 0, 0, 4.20
2019/07/02 15:45:00, 23.75, 23.39, 23.18, 49.49, 48.91, 0, 0, 4.20
2019/07/02 15:46:00, 23.75, 23.39, 23.18, 49.47, 48.90, 0, 0, 4.20
2019/07/02 15:47:00, 23.75, 23.37, 23.18, 49.48, 48.91, 0, 0, 4.20
2019/07/02 15:48:00, 23.75, 23.39, 23.20, 49.51, 48.93, 0, 0, 4.20
2019/07/02 15:49:00, 23.75, 23.40, 23.18, 49.53, 48.96, 0, 0, 4.20
2019/07/02 15:50:00, 23.75, 23.39, 23.19, 49.50, 48.93, 0, 0, 4.20
2019/07/02 15:51:00, 23.75, 23.39, 23.18, 49.55, 48.93, 0, 0, 4.20
2019/07/02 15:52:00, 23.75, 23.37, 23.18, 49.53, 48.97, 0, 0, 4.20
2019/07/02 15:53:00, 23.75, 23.39, 23.18, 49.54, 48.96, 0, 0, 4.20
2019/07/02 15:54:00, 23.75, 23.39, 23.16, 49.55, 48.93, 0, 0, 4.20
2019/07/02 15:55:00, 23.75, 23.36, 23.19, 49.52, 48.95, 0, 0, 4.20
2019/07/02 15:56:00, 23.75, 23.36, 23.18, 49.58, 48.96, 0, 0, 4.20
2019/07/02 15:57:00, 23.75, 23.35, 23.16, 49.59, 49.00, 0, 0, 4.20
2019/07/02 15:58:00, 23.75, 23.37, 23.17, 49.62, 48.99, 0, 0, 4.20
2019/07/02 15:59:00, 23.75, 23.36, 23.17, 49.63, 49.02, 0, 0, 4.20
2019/07/02 16:00:00, 23.75, 23.37, 23.15, 49.58, 49.02, 0, 0, 4.20
2019/07/02 16:01:00, 23.75, 23.37, 23.16, 49.61, 49.05, 0, 0, 4.20
2019/07/02 16:02:00, 23.75, 23.36, 23.16, 49.61, 49.03, 0, 0, 4.20
2019/07/02 16:03:00, 23.75, 23.36, 23.15, 49.64, 49.03, 0, 0, 4.20
2019/07/02 16:04:00, 23.75, 23.37, 23.16, 49.62, 49.03, 0, 0, 4.20
2019/07/02 16:05:00, 23.75, 23.35, 23.15, 49.62, 49.04, 0, 0, 4.20
2019/07/02 16:06:00, 23.75, 23.36, 23.13, 49.65, 49.06, 0, 0, 4.20
2019/07/02 16:07:00, 23.75, 23.35, 23.13, 49.67, 49.04, 0, 0, 4.20
2019/07/02 16:08:00, 23.75, 23.33, 23.16, 49.61, 49.06, 0, 0, 4.20
2019/07/02 16:09:00, 23.75, 23.33, 23.14, 49.67, 49.06, 0, 0, 4.20
2019/07/02 16:10:00, 23.75, 23.33, 23.13, 49.68, 49.08, 0, 0, 4.20
2019/07/02 16:11:00, 23.75, 23.36, 23.09, 49.62, 49.07, 0, 0, 4.20
2019/07/02 16:12:00, 23.75, 23.33, 23.13, 49.64, 49.09, 0, 0, 4.20
2019/07/02 16:13:00, 23.75, 23.33, 23.13, 49.71, 49.09, 0, 0, 4.20
2019/07/02 16:14:00, 23.75, 23.32, 23.15, 49.68, 49.09, 0, 0, 4.20
2019/07/02 16:15:00, 23.75, 23.35, 23.12, 49.66, 49.09, 0, 0, 4.20
2019/07/02 16:16:00, 23.75, 23.35, 23.14, 49.66, 49.06, 0, 0, 4.20
2019/07/02 16:17:00, 23.75, 23.33, 23.13, 49.67, 49.09, 0, 0, 4.20
2019/07/02 16:18:00, 23.75, 23.33, 23.13, 49.66, 49.07, 0, 0, 4.20
2019/07/02 16:19:00, 23.75, 23.32, 23.09, 49.69, 49.06, 0, 0, 4.20
2019/07/02 16:20:00, 23.75, 23.32, 23.10, 49.67, 49.09, 0, 0, 4.20
2019/07/02 16:21:00, 23.75, 23.32, 23.10, 49.67, 49.09, 0, 0, 4.20
2019/07/02 16:22:00, 23.75, 23.30, 23.10, 49.63, 49.03, 0, 0, 4.20
2019/07/02 16:23:00, 23.75, 23.32, 23.09, 49.60, 49.01, 0, 0, 4.20
2019/07/02 16:24:00, 23.75, 23.33, 23.09, 49.61, 49.03, 0, 0, 4.20
2019/07/02 16:25:00, 23.75, 23.32, 23.10, 49.61, 49.03, 0, 0, 4.20
2019/07/02 16:26:00, 23.75, 23.30, 23.09, 49.61, 49.01, 0, 0, 4.20
2019/07/02 16:27:00, 23.75, 23.30, 23.09, 49.57, 48.99, 0, 0, 4.20
2019/07/02 16:28:00, 23.75, 23.29, 23.08, 49.56, 48.99, 0, 0, 4.20
2019/07/02 16:29:00, 23.75, 23.29, 23.09, 49.56, 49.00, 0, 0, 4.20
2019/07/02 16:30:00, 23.75, 23.30, 23.07, 49.56, 48.95, 0, 0, 4.20
2019/07/02 16:31:00, 23.75, 23.29, 23.09, 49.52, 48.97, 0, 0, 4.20
2019/07/02 16:32:00, 23.75, 23.29, 23.08, 49.57, 48.96, 0, 0, 4.20
2019/07/02 16:33:00, 23.75, 23.28, 23.05, 49.51, 48.95, 0, 0, 4.20
2019/07/02 16:34:00, 23.75, 23.30, 23.07, 49.56, 48.93, 0, 0, 4.20
2019/07/02 16:35:00, 23.75, 23.29, 23.07, 49.47, 48.90, 0, 0, 4.20
2019/07/02 16:36:00, 23.75, 23.26, 23.08, 49.38, 48.85, 0, 0, 4.20
2019/07/02 16:37:00, 23.75, 23.28, 23.07, 49.47, 48.87, 0, 0, 4.20
2019/07/02 16:38:00, 23.75, 23.30, 23.08, 49.43, 48.88, 0, 0, 4.20
2019/07/02 16:39:00, 23.75, 23.26, 23.07, 49.40, 48.85, 0, 0, 4.20
2019/07/02 16:40:00, 23.75, 23.28, 23.07, 49.39, 48.78, 0, 0, 4.20
2019/07/02 16:41:00, 23.75, 23.29, 23.06, 49.36, 48.78, 0, 0, 4.20
2019/07/02 16:42:00, 23.75, 23.29, 23.05, 49.34, 48.75, 0, 0, 4.20
2019/07/02 16:43:00, 23.75, 23.29, 23.06, 49.36, 48.77, 0, 0, 4.20
2019/07/02 16:44:00, 23.75, 23.29, 23.07, 49.28, 48.74, 0, 0, 4.20
2019/07/02 16:45:00, 23.75, 23.29, 23.07, 49.27, 48.71, 0, 0, 4.20
2019/07/02 16:46:00, 23.75, 23.26, 23.07, 49.24, 48.70, 0, 0, 4.20
2019/07/02 16:47:00, 23.75, 23.25, 23.08, 49.25, 48.72, 0, 0, 4.20
2019/07/02 16:48:00, 23.75, 23.26, 23.05, 49.24, 48.67, 0, 0, 4.20
2019/07/02 16:49:00, 23.75, 23.28, 23.05, 49.23, 48.67, 0, 0, 4.20
2019/07/02 16:50:00, 23.75, 23.26, 23.07, 49.20, 48.64, 0, 0, 4.20
2019/07/02 16:51:00, 23.75, 23.26, 23.06, 49.13, 48.62, 0, 0, 4.20
2019/07/02 16:52:00, 23.75, 23.26, 23.05, 49.12, 48.60, 0, 0, 4.20
2019/07/02 16:53:00, 23.75, 23.28, 23.04, 49.09, 48.58, 0, 0, 4.20
2019/07/02 16:54:00, 23.75, 23.25, 23.06, 49.11, 48.57, 0, 0, 4.20
2019/07/02 16:55:00, 23.75, 23.25, 23.03, 49.09, 48.55, 0, 0, 4.20
2019/07/02 16:56:00, 23.75, 23.26, 23.05, 49.10, 48.58, 0, 0, 4.20
2019/07/02 16:57:00, 23.75, 23.24, 23.04, 49.14, 48.58, 0, 0, 4.20
2019/07/02 16:58:00, 23.75, 23.26, 23.05, 49.05, 48.54, 0, 0, 4.20
2019/07/02 16:59:00, 23.75, 23.25, 23.01, 49.06, 48.50, 0, 0, 4.20
2019/07/02 17:00:00, 23.75, 23.24, 23.05, 49.01, 48.50, 0, 0, 4.20
2019/07/02 17:01:00, 23.75, 23.25, 23.04, 49.03, 48.50, 0, 0, 4.20
2019/07/02 17:02:00, 23.75, 23.25, 23.03, 48.97, 48.48, 0, 0, 4.20
2019/07/02 17:03:00, 23.50, 23.22, 23.04, 49.03, 48.47, 0, 0, 4.20
2019/07/02 17:04:00, 23.75, 23.25, 23.03, 49.01, 48.46, 0, 0, 4.20
2019/07/02 17:05:00, 23.75, 23.25, 23.03, 49.01, 48.47, 0, 0, 4.20
2019/07/02 17:06:00, 23.50, 23.24, 23.03, 48.95, 48.45, 0, 0, 4.20
2019/07/02 17:07:00, 23.75, 23.25, 23.03, 48.97, 48.45, 0, 0, 4.20
2019/07/02 17:08:00, 23.75, 23.25, 23.03, 48.95, 48.45, 0, 0, 4.20
2019/07/02 17:09:00, 23.50, 23.22, 23.03, 48.94, 48.42, 0, 0, 4.20
2019/07/02 17:10:00, 23.75, 23.21, 23.03, 48.94, 48.43, 0, 0, 4.20
2019/07/02 17:11:00, 23.50, 23.22, 23.02, 48.95, 48.42, 0, 0, 4.20
2019/07/02 17:12:00, 23.50, 23.24, 23.00, 48.90, 48.41, 0, 0, 4.20
2019/07/02 17:13:00, 23.50, 23.24, 23.03, 48.92, 48.40, 0, 0, 4.20
2019/07/02 17:14:00, 23.50, 23.24, 23.02, 48.95, 48.39, 0, 0, 4.20
2019/07/02 17:15:00, 23.50, 23.22, 23.00, 48.86, 48.38, 0, 0, 4.20
2019/07/02 17:16:00, 23.50, 23.24, 23.01, 48.84, 48.37, 0, 0, 4.20
2019/07/02 17:17:00, 23.50, 23.21, 23.00, 48.88, 48.35, 0, 0, 4.20
2019/07/02 17:18:00, 23.50, 23.22, 23.01, 48.85, 48.35, 0, 0, 4.20
2019/07/02 17:19:00, 23.50, 23.21, 23.02, 48.80, 48.35, 0, 0, 4.20
2019/07/02 17:20:00, 23.50, 23.21, 23.00, 48.84, 48.30, 0, 0, 4.20
2019/07/02 17:21:00, 23.50, 23.19, 23.00, 48.81, 48.31, 0, 0, 4.20
2019/07/02 17:22:00, 23.50, 23.21, 23.02, 48.80, 48.29, 0, 0, 4.20
2019/07/02 17:23:00, 23.50, 23.22, 23.01, 48.74, 48.26, 0, 0, 4.20
2019/07/02 17:24:00, 23.50, 23.21, 23.01, 48.71, 48.26, 0, 0, 4.20
2019/07/02 17:25:00, 23.50, 23.19, 22.98, 48.71, 48.23, 0, 0, 4.20
2019/07/02 17:26:00, 23.50, 23.18, 22.99, 48.76, 48.24, 0, 0, 4.20
2019/07/02 17:27:00, 23.50, 23.19, 22.99, 48.70, 48.20, 0, 0, 4.20
2019/07/02 17:28:00, 23.50, 23.21, 22.99, 48.64, 48.16, 0, 0, 4.20
2019/07/02 17:29:00, 23.50, 23.19, 22.98, 48.64, 48.13, 0, 0, 4.20
2019/07/02 17:30:00, 23.50, 23.19, 22.98, 48.62, 48.11, 0, 0, 4.20
2019/07/02 17:31:00, 23.50, 23.24, 22.98, 48.62, 48.13, 0, 0, 4.20
2019/07/02 17:32:00, 23.50, 23.21, 22.99, 48.59, 48.06, 0, 0, 4.20
2019/07/02 17:33:00, 23.50, 23.18, 22.98, 48.55, 48.06, 0, 0, 4.20
2019/07/02 17:34:00, 23.50, 23.18, 22.97, 48.54, 48.06, 0, 0, 4.20
2019/07/02 17:35:00, 23.50, 23.18, 22.98, 48.47, 48.03, 0, 0, 4.20
2019/07/02 17:36:00, 23.50, 23.18, 22.97, 48.48, 48.01, 0, 0, 4.20
2019/07/02 17:37:00, 23.50, 23.19, 22.97, 48.49, 47.99, 0, 0, 4.20
2019/07/02 17:38:00, 23.50, 23.19, 22.97, 48.47, 47.98, 0, 0, 4.20
2019/07/02 17:39:00, 23.50, 23.19, 22.97, 48.45, 47.97, 0, 0, 4.20
2019/07/02 17:40:00, 23.50, 23.19, 22.94, 48.43, 47.93, 0, 0, 4.20
2019/07/02 17:41:00, 23.50, 23.16, 22.97, 48.43, 47.93, 0, 0, 4.20
2019/07/02 17:42:00, 23.50, 23.18, 22.97, 48.42, 47.93, 0, 0, 4.20
2019/07/02 17:43:00, 23.50, 23.16, 22.95, 48.38, 47.90, 0, 0, 4.20
2019/07/02 17:44:00, 23.50, 23.18, 22.94, 48.39, 47.89, 0, 0, 4.20
2019/07/02 17:45:00, 23.50, 23.16, 22.93, 48.35, 47.85, 0, 0, 4.20
2019/07/02 17:46:00, 23.50, 23.16, 22.94, 48.30, 47.85, 0, 0, 4.20
2019/07/02 17:47:00, 23.50, 23.14, 22.92, 48.32, 47.86, 0, 0, 4.20
2019/07/02 17:48:00, 23.50, 23.16, 22.94, 48.28, 47.81, 0, 0, 4.20
2019/07/02 17:49:00, 23.50, 23.15, 22.91, 48.28, 47.79, 0, 0, 4.20
2019/07/02 17:50:00, 23.50, 23.15, 22.93, 48.26, 47.78, 0, 0, 4.20
2019/07/02 17:51:00, 23.50, 23.14, 22.93, 48.29, 47.80, 0, 0, 4.20
2019/07/02 17:52:00, 23.50, 23.14, 22.91, 48.22, 47.78, 0, 0, 4.20
2019/07/02 17:53:00, 23.50, 23.14, 22.91, 48.23, 47.74, 0, 0, 4.20
2019/07/02 17:54:00, 23.50, 23.15, 22.92, 48.17, 47.72, 0, 0, 4.20
2019/07/02 17:55:00, 23.50, 23.15, 22.93, 48.18, 47.71, 0, 0, 4.20
2019/07/02 17:56:00, 23.50, 23.11, 22.91, 48.13, 47.68, 0, 0, 4.20
2019/07/02 17:57:00, 23.50, 23.12, 22.91, 48.10, 47.65, 0, 0, 4.20
2019/07/02 17:58:00, 23.50, 23.11, 22.90, 48.12, 47.64, 0, 0, 4.20
2019/07/02 17:59:00, 23.50, 23.12, 22.91, 48.06, 47.61, 0, 0, 4.20
2019/07/02 18:00:00, 23.50, 23.12, 22.90, 48.02, 47.60, 0, 0, 4.20
2019/07/02 18:01:00, 23.50, 23.12, 22.88, 48.02, 47.58, 0, 0, 4.20
2019/07/02 18:02:00, 23.50, 23.09, 22.88, 48.03, 47.56, 0, 0, 4.20
2019/07/02 18:03:00, 23.50, 23.11, 22.90, 48.07, 47.58, 0, 0, 4.20
2019/07/02 18:04:00, 23.50, 23.08, 22.89, 48.04, 47.55, 0, 0, 4.20
2019/07/02 18:05:00, 23.50, 23.12, 22.90, 47.97, 47.55, 0, 0, 4.20
2019/07/02 18:06:00, 23.50, 23.11, 22.90, 47.97, 47.54, 0, 0, 4.20
2019/07/02 18:07:00, 23.50, 23.11, 22.89, 47.93, 47.51, 0, 0, 4.20
2019/07/02 18:08:00, 23.50, 23.09, 22.87, 47.97, 47.51, 0, 0, 4.20
2019/07/02 18:09:00, 23.50, 23.08, 22.89, 47.95, 47.49, 0, 0, 4.20
2019/07/02 18:10:00, 23.50, 23.12, 22.87, 47.92, 47.47, 0, 0, 4.20
2019/07/02 18:11:00, 23.50, 23.09, 22.88, 47.89, 47.48, 0, 0, 4.20
2019/07/02 18:12:00, 23.50, 23.11, 22.90, 47.90, 47.47, 0, 0, 4.20
2019/07/02 18:13:00, 23.50, 23.09, 22.89, 47.89, 47.43, 0, 0, 4.20
2019/07/02 18:14:00, 23.50, 23.11, 22.89, 47.88, 47.42, 0, 0, 4.20
2019/07/02 18:15:00, 23.50, 23.11, 22.87, 47.87, 47.43, 0, 0, 4.20
2019/07/02 18:16:00, 23.50, 23.08, 22.88, 47.86, 47.43, 0, 0, 4.20
2019/07/02 18:17:00, 23.50, 23.09, 22.88, 47.85, 47.43, 0, 0, 4.20
2019/07/02 18:18:00, 23.50, 23.12, 22.89, 47.86, 47.39, 0, 0, 4.20
2019/07/02 18:19:00, 23.50, 23.11, 22.88, 47.80, 47.38, 0, 0, 4.20
2019/07/02 18:20:00, 23.50, 23.09, 22.89, 47.82, 47.35, 0, 0, 4.20
2019/07/02 18:21:00, 23.50, 23.11, 22.89, 47.74, 47.30, 0, 0, 4.20
2019/07/02 18:22:00, 23.50, 23.12, 22.90, 47.74, 47.30, 0, 0, 4.20
2019/07/02 18:23:00, 23.50, 23.09, 22.88, 47.75, 47.28, 0, 0, 4.20
2019/07/02 18:24:00, 23.50, 23.09, 22.89, 47.67, 47.25, 0, 0, 4.20
2019/07/02 18:25:00, 23.50, 23.11, 22.90, 47.75, 47.25, 0, 0, 4.20
2019/07/02 18:26:00, 23.50, 23.08, 22.90, 47.74, 47.29, 0, 0, 4.20
2019/07/02 18:27:00, 23.50, 23.12, 22.90, 47.72, 47.29, 0, 0, 4.20
2019/07/02 18:28:00, 23.50, 23.09, 22.89, 47.71, 47.25, 0, 0, 4.20
2019/07/02 18:29:00, 23.50, 23.11, 22.89, 47.66, 47.25, 0, 0, 4.20
2019/07/02 18:30:00, 23.50, 23.14, 22.90, 47.63, 47.22, 0, 0, 4.20
2019/07/02 18:31:00, 23.50, 23.09, 22.91, 47.63, 47.23, 0, 0, 4.20
2019/07/02 18:32:00, 23.50, 23.12, 22.88, 47.62, 47.19, 0, 0, 4.20
2019/07/02 18:33:00, 23.50, 23.14, 22.91, 47.59, 47.18, 0, 0, 4.20
2019/07/02 18:34:00, 23.50, 23.09, 22.87, 47.59, 47.18, 0, 0, 4.20
2019/07/02 18:35:00, 23.50, 23.08, 22.89, 47.57, 47.16, 0, 0, 4.20
2019/07/02 18:36:00, 23.50, 23.09, 22.88, 47.57, 47.11, 0, 0, 4.20
2019/07/02 18:37:00, 23.50, 23.09, 22.89, 47.55, 47.11, 0, 0, 4.20
2019/07/02 18:38:00, 23.50, 23.08, 22.87, 47.51, 47.10, 0, 0, 4.20
2019/07/02 18:39:00, 23.50, 23.06, 22.87, 47.55, 47.11, 0, 0, 4.20
2019/07/02 18:40:00, 23.50, 23.09, 22.88, 47.53, 47.07, 0, 0, 4.20
2019/07/02 18:41:00, 23.50, 23.09, 22.87, 47.50, 47.06, 0, 0, 4.20
2019/07/02 18:42:00, 23.50, 23.09, 22.86, 47.51, 47.04, 0, 0, 4.20
2019/07/02 18:43:00, 23.50, 23.08, 22.89, 47.41, 47.00, 0, 0, 4.20
2019/07/02 18:44:00, 23.50, 23.11, 22.87, 47.46, 47.01, 0, 0, 4.20
2019/07/02 18:45:00, 23.50, 23.08, 22.87, 47.45, 47.02, 0, 0, 4.20
2019/07/02 18:46:00, 23.50, 23.09, 22.88, 47.48, 46.99, 0, 0, 4.20
2019/07/02 18:47:00, 23.50, 23.09, 22.89, 47.36, 46.97, 0, 0, 4.20
2019/07/02 18:48:00, 23.50, 23.09, 22.90, 47.40, 46.94, 0, 0, 4.20
2019/07/02 18:49:00, 23.50, 23.06, 22.86, 47.38, 46.94, 0, 0, 4.20
2019/07/02 18:50:00, 23.50, 23.08, 22.87, 47.33, 46.94, 0, 0, 4.20
2019/07/02 18:51:00, 23.50, 23.09, 22.86, 47.36, 46.92, 0, 0, 4.20
2019/07/02 18:52:00, 23.50, 23.06, 22.88, 47.30, 46.89, 0, 0, 4.20
2019/07/02 18:53:00, 23.50, 23.09, 22.86, 47.29, 46.89, 0, 0, 4.20
2019/07/02 18:54:00, 23.50, 23.08, 22.87, 47.30, 46.89, 0, 0, 4.20
2019/07/02 18:55:00, 23.50, 23.06, 22.87, 47.28, 46.88, 0, 0, 4.20
2019/07/02 18:56:00, 23.50, 23.08, 22.86, 47.25, 46.86, 0, 0, 4.20
2019/07/02 18:57:00, 23.50, 23.06, 22.87, 47.27, 46.84, 0, 0, 4.20
2019/07/02 18:58:00, 23.50, 23.06, 22.87, 47.25, 46.82, 0, 0, 4.20
2019/07/02 18:59:00, 23.50, 23.06, 22.86, 47.26, 46.80, 0, 0, 4.20
2019/07/02 19:00:00, 23.50, 23.09, 22.86, 47.22, 46.82, 0, 0, 4.20
2019/07/02 19:01:00, 23.50, 23.08, 22.85, 47.21, 46.81, 0, 0, 4.20
2019/07/02 19:02:00, 23.50, 23.08, 22.85, 47.21, 46.79, 0, 0, 4.20
2019/07/02 19:03:00, 23.50, 23.06, 22.85, 47.20, 46.81, 0, 0, 4.20
2019/07/02 19:04:00, 23.50, 23.06, 22.86, 47.19, 46.77, 0, 0, 4.20
2019/07/02 19:05:00, 23.50, 23.06, 22.85, 47.22, 46.79, 0, 0, 4.20
2019/07/02 19:06:00, 23.50, 23.05, 22.85, 47.20, 46.78, 0, 0, 4.20
2019/07/02 19:07:00, 23.50, 23.06, 22.87, 47.18, 46.76, 0, 0, 4.20
2019/07/02 19:08:00, 23.50, 23.06, 22.86, 47.12, 46.74, 0, 0, 4.20
2019/07/02 19:09:00, 23.50, 23.03, 22.86, 47.13, 46.74, 0, 0, 4.20
2019/07/02 19:10:00, 23.50, 23.03, 22.83, 47.14, 46.70, 0, 0, 4.20
2019/07/02 19:11:00, 23.50, 23.08, 22.85, 47.14, 46.71, 0, 0, 4.20
2019/07/02 19:12:00, 23.50, 23.05, 22.83, 47.09, 46.71, 0, 0, 4.20
2019/07/02 19:13:00, 23.50, 23.08, 22.85, 47.16, 46.71, 0, 0, 4.20
2019/07/02 19:14:00, 23.50, 23.08, 22.85, 47.07, 46.68, 0, 0, 4.20
2019/07/02 19:15:00, 23.50, 23.03, 22.83, 47.08, 46.68, 0, 0, 4.20
2019/07/02 19:16:00, 23.50, 23.03, 22.85, 47.07, 46.68, 0, 0, 4.20
2019/07/02 19:17:00, 23.50, 23.03, 22.85, 47.08, 46.66, 0, 0, 4.20
2019/07/02 19:18:00, 23.50, 23.03, 22.83, 47.07, 46.65, 0, 0, 4.20
2019/07/02 19:19:00, 23.50, 23.05, 22.83, 47.09, 46.65, 0, 0, 4.20
2019/07/02 19:20:00, 23.50, 23.02, 22.83, 47.06, 46.64, 0, 0, 4.20
2019/07/02 19:21:00, 23.50, 23.06, 22.83, 47.07, 46.64, 0, 0, 4.20
2019/07/02 19:22:00, 23.50, 23.03, 22.84, 47.05, 46.63, 0, 0, 4.20
2019/07/02 19:23:00, 23.50, 23.05, 22.83, 47.01, 46.62, 0, 0, 4.20
2019/07/02 19:24:00, 23.50, 23.03, 22.83, 47.00, 46.60, 0, 0, 4.20
2019/07/02 19:25:00, 23.50, 23.05, 22.83, 47.02, 46.60, 0, 0, 4.20
2019/07/02 19:26:00, 23.50, 23.03, 22.83, 47.00, 46.59, 0, 0, 4.20
2019/07/02 19:27:00, 23.50, 23.03, 22.83, 47.00, 46.60, 0, 0, 4.20
2019/07/02 19:28:00, 23.50, 23.01, 22.83, 47.01, 46.55, 0, 0, 4.20
2019/07/02 19:29:00, 23.50, 23.03, 22.83, 46.99, 46.58, 0, 0, 4.20
2019/07/02 19:30:00, 23.50, 23.03, 22.84, 46.99, 46.57, 0, 0, 4.20
2019/07/02 19:31:00, 23.50, 23.01, 22.83, 46.95, 46.55, 0, 0, 4.20
2019/07/02 19:32:00, 23.50, 22.99, 22.83, 46.97, 46.54, 0, 0, 4.20
2019/07/02 19:33:00, 23.50, 23.02, 22.82, 46.92, 46.53, 0, 0, 4.20
2019/07/02 19:34:00, 23.50, 23.01, 22.80, 46.92, 46.54, 0, 0, 4.20
2019/07/02 19:35:00, 23.50, 22.99, 22.83, 46.95, 46.51, 0, 0, 4.20
2019/07/02 19:36:00, 23.50, 23.05, 22.83, 46.94, 46.52, 0, 0, 4.20
2019/07/02 19:37:00, 23.50, 23.03, 22.80, 46.90, 46.49, 0, 0, 4.20
2019/07/02 19:38:00, 23.50, 23.02, 22.84, 46.86, 46.49, 0, 0, 4.20
2019/07/02 19:39:00, 23.50, 22.99, 22.82, 46.85, 46.46, 0, 0, 4.20
2019/07/02 19:40:00, 23.50, 23.01, 22.80, 46.86, 46.47, 0, 0, 4.20
2019/07/02 19:41:00, 23.50, 23.01, 22.80, 46.86, 46.46, 0, 0, 4.20
2019/07/02 19:42:00, 23.50, 23.02, 22.80, 46.89, 46.45, 0, 0, 4.20
2019/07/02 19:43:00, 23.50, 23.01, 22.80, 46.83, 46.43, 0, 0, 4.20
2019/07/02 19:44:00, 23.50, 23.02, 22.80, 46.84, 46.42, 0, 0, 4.20
2019/07/02 19:45:00, 23.50, 23.03, 22.83, 46.85, 46.44, 0, 0, 4.20
2019/07/02 19:46:00, 23.25, 23.02, 22.79, 46.80, 46.41, 0, 0, 4.20
2019/07/02 19:47:00, 23.50, 23.01, 22.80, 46.83, 46.41, 0, 0, 4.20
2019/07/02 19:48:00, 23.50, 23.03, 22.78, 46.80, 46.39, 0, 0, 4.20
2019/07/02 19:49:00, 23.25, 23.02, 22.79, 46.83, 46.39, 0, 0, 4.20
2019/07/02 19:50:00, 23.50, 23.01, 22.80, 46.83, 46.39, 0, 0, 4.20
2019/07/02 19:51:00, 23.50, 23.02, 22.82, 46.80, 46.39, 0, 0, 4.20
2019/07/02 19:52:00, 23.25, 22.99, 22.78, 46.76, 46.39, 0, 0, 4.20
2019/07/02 19:53:00, 23.25, 22.99, 22.80, 46.82, 46.39, 0, 0, 4.20
2019/07/02 19:54:00, 23.25, 23.01, 22.79, 46.79, 46.39, 0, 0, 4.20
2019/07/02 19:55:00, 23.25, 23.01, 22.77, 46.80, 46.39, 0, 0, 4.20
2019/07/02 19:56:00, 23.25, 22.98, 22.79, 46.79, 46.36, 0, 0, 4.20
2019/07/02 19:57:00, 23.50, 23.01, 22.76, 46.79, 46.36, 0, 0, 4.20
2019/07/02 19:58:00, 23.25, 22.99, 22.78, 46.78, 46.38, 0, 0, 4.20
2019/07/02 19:59:00, 23.25, 22.99, 22.77, 46.75, 46.35, 0, 0, 4.20
2019/07/02 20:00:00, 23.25, 22.99, 22.78, 46.79, 46.35, 0, 0, 4.20
2019/07/02 20:01:00, 23.25, 22.98, 22.77, 46.76, 46.36, 0, 0, 4.20
2019/07/02 20:02:00, 23.25, 22.99, 22.77, 46.76, 46.33, 0, 0, 4.20
2019/07/02 20:03:00, 23.25, 22.99, 22.77, 46.74, 46.34, 0, 0, 4.20
2019/07/02 20:04:00, 23.25, 22.99, 22.76, 46.75, 46.33, 0, 0, 4.20
2019/07/02 20:05:00, 23.25, 22.98, 22.78, 46.73, 46.31, 0, 0, 4.20
2019/07/02 20:06:00, 23.25, 22.98, 22.77, 46.70, 46.32, 0, 0, 4.20
2019/07/02 20:07:00, 23.25, 22.98, 22.77, 46.72, 46.33, 0, 0, 4.20
2019/07/02 20:08:00, 23.25, 22.99, 22.79, 46.72, 46.33, 0, 0, 4.20
2019/07/02 20:09:00, 23.25, 22.97, 22.76, 46.68, 46.29, 0, 0, 4.20
2019/07/02 20:10:00, 23.25, 22.98, 22.79, 46.68, 46.29, 0, 0, 4.20
2019/07/02 20:11:00, 23.25, 22.98, 22.78, 46.75, 46.31, 0, 0, 4.20
2019/07/02 20:12:00, 23.25, 22.98, 22.76, 46.69, 46.29, 0, 0, 4.20
2019/07/02 20:13:00, 23.25, 22.98, 22.76, 46.68, 46.29, 0, 0, 4.20
2019/07/02 20:14:00, 23.25, 22.98, 22.77, 46.71, 46.30, 0, 0, 4.20
2019/07/02 20:15:00, 23.25, 22.97, 22.76, 46.70, 46.29, 0, 0, 4.20
2019/07/02 20:16:00, 23.25, 22.99, 22.76, 46.70, 46.28, 0, 0, 4.20
2019/07/02 20:17:00, 23.25, 22.98, 22.75, 46.64, 46.27, 0, 0, 4.20
2019/07/02 20:18:00, 23.25, 22.95, 22.76, 46.66, 46.26, 0, 0, 4.20
2019/07/02 20:19:00, 23.25, 22.97, 22.76, 46.64, 46.28, 0, 0, 4.20
2019/07/02 20:20:00, 23.25, 22.97, 22.75, 46.66, 46.27, 0, 0, 4.20
2019/07/02 20:21:00, 23.25, 22.97, 22.76, 46.66, 46.26, 0, 0, 4.20
2019/07/02 20:22:00, 23.25, 22.97, 22.73, 46.66, 46.27, 0, 0, 4.20
2019/07/02 20:23:00, 23.25, 22.94, 22.74, 46.70, 46.27, 0, 0, 4.20
2019/07/02 20:24:00, 23.25, 22.97, 22.76, 46.66, 46.26, 0, 0, 4.20
2019/07/02 20:25:00, 23.25, 22.97, 22.75, 46.65, 46.25, 0, 0, 4.20
2019/07/02 20:26:00, 23.25, 22.95, 22.72, 46.65, 46.29, 0, 0, 4.20
2019/07/02 20:27:00, 23.25, 22.95, 22.74, 46.65, 46.24, 0, 0, 4.20
2019/07/02 20:28:00, 23.25, 22.95, 22.73, 46.66, 46.23, 0, 0, 4.20
2019/07/02 20:29:00, 23.25, 22.92, 22.72, 46.64, 46.24, 0, 0, 4.20
2019/07/02 20:30:00, 23.25, 22.95, 22.74, 46.65, 46.23, 0, 0, 4.20
2019/07/02 20:31:00, 23.25, 22.95, 22.73, 46.71, 46.29, 0, 0, 4.20
2019/07/02 20:32:00, 23.25, 22.94, 22.73, 46.68, 46.28, 0, 0, 4.20
2019/07/02 20:33:00, 23.25, 22.94, 22.74, 46.64, 46.26, 0, 0, 4.20
2019/07/02 20:34:00, 23.25, 22.94, 22.73, 46.64, 46.25, 0, 0, 4.20
2019/07/02 20:35:00, 23.25, 22.95, 22.73, 46.64, 46.23, 0, 0, 4.20
2019/07/02 20:36:00, 23.25, 22.95, 22.74, 46.63, 46.25, 0, 0, 4.20
2019/07/02 20:37:00, 23.25, 22.95, 22.73, 46.62, 46.26, 0, 0, 4.20
2019/07/02 20:38:00, 23.25, 22.95, 22.71, 46.64, 46.25, 0, 0, 4.20
2019/07/02 20:39:00, 23.25, 22.92, 22.72, 46.66, 46.24, 0, 0, 4.20
2019/07/02 20:40:00, 23.25, 22.92, 22.72, 46.62, 46.21, 0, 0, 4.20
2019/07/02 20:41:00, 23.25, 22.92, 22.73, 46.64, 46.22, 0, 0, 4.20
2019/07/02 20:42:00, 23.25, 22.95, 22.73, 46.63, 46.23, 0, 0, 4.20
2019/07/02 20:43:00, 23.25, 22.95, 22.72, 46.57, 46.19, 0, 0, 4.20
2019/07/02 20:44:00, 23.25, 22.92, 22.71, 46.59, 46.19, 0, 0, 4.20
2019/07/02 20:45:00, 23.25, 22.92, 22.72, 46.56, 46.20, 0, 0, 4.20
2019/07/02 20:46:00, 23.25, 22.92, 22.72, 46.59, 46.20, 0, 0, 4.20
2019/07/02 20:47:00, 23.25, 22.92, 22.72, 46.54, 46.18, 0, 0, 4.20
2019/07/02 20:48:00, 23.25, 22.94, 22.72, 46.57, 46.20, 0, 0, 4.20
2019/07/02 20:49:00, 23.25, 22.94, 22.71, 46.57, 46.17, 0, 0, 4.20
2019/07/02 20:50:00, 23.25, 22.92, 22.70, 46.52, 46.16, 0, 0, 4.20
2019/07/02 20:51:00, 23.25, 22.91, 22.72, 46.57, 46.17, 0, 0, 4.20
2019/07/02 20:52:00, 23.25, 22.94, 22.70, 46.54, 46.16, 0, 0, 4.20
2019/07/02 20:53:00, 23.25, 22.92, 22.70, 46.52, 46.14, 0, 0, 4.20
2019/07/02 20:54:00, 23.25, 22.91, 22.71, 46.47, 46.12, 0, 0, 4.20
2019/07/02 20:55:00, 23.25, 22.94, 22.72, 46.52, 46.13, 0, 0, 4.20
2019/07/02 20:56:00, 23.25, 22.92, 22.70, 46.51, 46.14, 0, 0, 4.20
2019/07/02 20:57:00, 23.25, 22.90, 22.71, 46.51, 46.10, 0, 0, 4.20
2019/07/02 20:58:00, 23.25, 22.90, 22.69, 46.52, 46.14, 0, 0, 4.20
2019/07/02 20:59:00, 23.25, 22.88, 22.68, 46.48, 46.11, 0, 0, 4.20
2019/07/02 21:00:00, 23.25, 22.91, 22.70, 46.47, 46.10, 0, 0, 4.20
2019/07/02 21:01:00, 23.25, 22.90, 22.70, 46.46, 46.10, 0, 0, 4.20
2019/07/02 21:02:00, 23.25, 22.90, 22.68, 46.43, 46.10, 0, 0, 4.20
2019/07/02 21:03:00, 23.25, 22.91, 22.68, 46.54, 46.10, 0, 0, 4.20
2019/07/02 21:04:00, 23.25, 22.88, 22.68, 46.45, 46.07, 0, 0, 4.20
2019/07/02 21:05:00, 23.25, 22.87, 22.69, 46.48, 46.07, 0, 0, 4.20
2019/07/02 21:06:00, 23.25, 22.91, 22.68, 46.52, 46.09, 0, 0, 4.20
2019/07/02 21:07:00, 23.25, 22.88, 22.65, 46.47, 46.10, 0, 0, 4.20
2019/07/02 21:08:00, 23.25, 22.88, 22.68, 46.45, 46.07, 0, 0, 4.20
2019/07/02 21:09:00, 23.25, 22.87, 22.65, 46.45, 46.07, 0, 0, 4.20
2019/07/02 21:10:00, 23.25, 22.91, 22.68, 46.46, 46.06, 0, 0, 4.20
2019/07/02 21:11:00, 23.25, 22.87, 22.67, 46.44, 46.04, 0, 0, 4.20
2019/07/02 21:12:00, 23.25, 22.90, 22.67, 46.45, 46.04, 0, 0, 4.20
2019/07/02 21:13:00, 23.25, 22.85, 22.67, 46.43, 46.06, 0, 0, 4.20
2019/07/02 21:14:00, 23.25, 22.88, 22.68, 46.42, 46.03, 0, 0, 4.20
2019/07/02 21:15:00, 23.25, 22.88, 22.63, 46.44, 46.01, 0, 0, 4.20
2019/07/02 21:16:00, 23.25, 22.85, 22.67, 46.43, 46.02, 0, 0, 4.20
2019/07/02 21:17:00, 23.25, 22.87, 22.67, 46.42, 46.00, 0, 0, 4.20
2019/07/02 21:18:00, 23.25, 22.87, 22.65, 46.39, 46.03, 0, 0, 4.20
2019/07/02 21:19:00, 23.25, 22.85, 22.65, 46.41, 46.02, 0, 0, 4.20
2019/07/02 21:20:00, 23.25, 22.88, 22.63, 46.38, 45.99, 0, 0, 4.20
2019/07/02 21:21:00, 23.25, 22.85, 22.63, 46.37, 46.04, 0, 0, 4.20
2019/07/02 21:22:00, 23.25, 22.87, 22.63, 46.40, 46.03, 0, 0, 4.20
2019/07/02 21:23:00, 23.25, 22.88, 22.65, 46.39, 46.01, 0, 0, 4.20
2019/07/02 21:24:00, 23.25, 22.85, 22.64, 46.45, 46.02, 0, 0, 4.20
2019/07/02 21:25:00, 23.25, 22.85, 22.63, 46.41, 46.04, 0, 0, 4.20
2019/07/02 21:26:00, 23.25, 22.85, 22.62, 46.41, 46.04, 0, 0, 4.20
2019/07/02 21:27:00, 23.25, 22.85, 22.63, 46.41, 46.01, 0, 0, 4.20
2019/07/02 21:28:00, 23.25, 22.85, 22.63, 46.38, 46.00, 0, 0, 4.20
2019/07/02 21:29:00, 23.25, 22.85, 22.63, 46.43, 46.00, 0, 0, 4.20
2019/07/02 21:30:00, 23.25, 22.82, 22.62, 46.44, 46.04, 0, 0, 4.20
2019/07/02 21:31:00, 23.25, 22.85, 22.62, 46.42, 46.04, 0, 0, 4.20
2019/07/02 21:32:00, 23.25, 22.82, 22.61, 46.41, 45.99, 0, 0, 4.20
2019/07/02 21:33:00, 23.25, 22.82, 22.62, 46.40, 46.00, 0, 0, 4.20
2019/07/02 21:34:00, 23.25, 22.80, 22.60, 46.47, 46.04, 0, 0, 4.20
2019/07/02 21:35:00, 23.25, 22.81, 22.61, 46.46, 46.08, 0, 0, 4.20
2019/07/02 21:36:00, 23.25, 22.80, 22.60, 46.48, 46.07, 0, 0, 4.20
2019/07/02 21:37:00, 23.25, 22.81, 22.60, 46.43, 46.07, 0, 0, 4.20
2019/07/02 21:38:00, 23.25, 22.81, 22.59, 46.47, 46.07, 0, 0, 4.20
2019/07/02 21:39:00, 23.25, 22.80, 22.61, 46.46, 46.08, 0, 0, 4.20
2019/07/02 21:40:00, 23.25, 22.80, 22.60, 46.46, 46.08, 0, 0, 4.20
2019/07/02 21:41:00, 23.25, 22.82, 22.60, 46.42, 46.04, 0, 0, 4.20
2019/07/02 21:42:00, 23.25, 22.81, 22.59, 46.41, 46.04, 0, 0, 4.20
2019/07/02 21:43:00, 23.25, 22.81, 22.59, 46.46, 46.04, 0, 0, 4.20
2019/07/02 21:44:00, 23.25, 22.80, 22.58, 46.42, 46.04, 0, 0, 4.20
2019/07/02 21:45:00, 23.25, 22.78, 22.59, 46.41, 46.04, 0, 0, 4.20
2019/07/02 21:46:00, 23.25, 22.78, 22.60, 46.42, 46.04, 0, 0, 4.20
2019/07/02 21:47:00, 23.25, 22.80, 22.60, 46.40, 46.04, 0, 0, 4.20
2019/07/02 21:48:00, 23.25, 22.80, 22.59, 46.42, 46.02, 0, 0, 4.20
2019/07/02 21:49:00, 23.25, 22.80, 22.60, 46.42, 46.01, 0, 0, 4.20
2019/07/02 21:50:00, 23.25, 22.80, 22.58, 46.38, 46.01, 0, 0, 4.20
2019/07/02 21:51:00, 23.25, 22.81, 22.59, 46.41, 46.01, 0, 0, 4.20
2019/07/02 21:52:00, 23.25, 22.81, 22.58, 46.43, 46.03, 0, 0, 4.20
2019/07/02 21:53:00, 23.25, 22.80, 22.58, 46.40, 46.02, 0, 0, 4.20
2019/07/02 21:54:00, 23.25, 22.80, 22.58, 46.41, 46.03, 0, 0, 4.20
2019/07/02 21:55:00, 23.25, 22.80, 22.60, 46.41, 46.04, 0, 0, 4.20
2019/07/02 21:56:00, 23.25, 22.80, 22.58, 46.39, 46.02, 0, 0, 4.20
2019/07/02 21:57:00, 23.25, 22.78, 22.58, 46.38, 46.04, 0, 0, 4.20
2019/07/02 21:58:00, 23.25, 22.78, 22.56, 46.41, 46.04, 0, 0, 4.20
2019/07/02 21:59:00, 23.25, 22.78, 22.57, 46.42, 46.04, 0, 0, 4.20
2019/07/02 22:00:00, 23.25, 22.80, 22.57, 46.47, 46.04, 0, 0, 4.20
2019/07/02 22:01:00, 23.25, 22.78, 22.58, 46.43, 46.06, 0, 0, 4.20
2019/07/02 22:02:00, 23.25, 22.78, 22.56, 46.42, 46.02, 0, 0, 4.20
2019/07/02 22:03:00, 23.25, 22.78, 22.58, 46.41, 46.03, 0, 0, 4.20
2019/07/02 22:04:00, 23.25, 22.77, 22.56, 46.41, 46.04, 0, 0, 4.20
2019/07/02 22:05:00, 23.25, 22.77, 22.57, 46.42, 46.04, 0, 0, 4.20
2019/07/02 22:06:00, 23.25, 22.78, 22.56, 46.43, 46.07, 0, 0, 4.20
2019/07/02 22:07:00, 23.25, 22.75, 22.57, 46.48, 46.06, 0, 0, 4.20
2019/07/02 22:08:00, 23.25, 22.77, 22.56, 46.43, 46.06, 0, 0, 4.20
2019/07/02 22:09:00, 23.25, 22.77, 22.56, 46.41, 46.05, 0, 0, 4.20
2019/07/02 22:10:00, 23.25, 22.77, 22.56, 46.40, 46.04, 0, 0, 4.20
2019/07/02 22:11:00, 23.25, 22.75, 22.57, 46.43, 46.00, 0, 0, 4.20
2019/07/02 22:12:00, 23.25, 22.78, 22.56, 46.43, 46.00, 0, 0, 4.20
2019/07/02 22:13:00, 23.25, 22.75, 22.58, 46.43, 46.04, 0, 0, 4.20
2019/07/02 22:14:00, 23.25, 22.77, 22.58, 46.41, 46.04, 0, 0, 4.20
2019/07/02 22:15:00, 23.25, 22.75, 22.58, 46.39, 46.03, 0, 0, 4.20
2019/07/02 22:16:00, 23.25, 22.74, 22.56, 46.37, 46.00, 0, 0, 4.20
2019/07/02 22:17:00, 23.25, 22.77, 22.55, 46.38, 46.04, 0, 0, 4.20
2019/07/02 22:18:00, 23.25, 22.75, 22.54, 46.41, 46.01, 0, 0, 4.20
2019/07/02 22:19:00, 23.25, 22.77, 22.57, 46.35, 46.00, 0, 0, 4.20
2019/07/02 22:20:00, 23.25, 22.74, 22.55, 46.42, 46.01, 0, 0, 4.20
2019/07/02 22:21:00, 23.25, 22.77, 22.55, 46.40, 46.00, 0, 0, 4.20
2019/07/02 22:22:00, 23.25, 22.77, 22.55, 46.37, 46.00, 0, 0, 4.20
2019/07/02 22:23:00, 23.25, 22.77, 22.55, 46.38, 45.99, 0, 0, 4.20
2019/07/02 22:24:00, 23.25, 22.75, 22.55, 46.42, 46.00, 0, 0, 4.20
2019/07/02 22:25:00, 23.25, 22.77, 22.55, 46.32, 45.98, 0, 0, 4.20
2019/07/02 22:26:00, 23.25, 22.77, 22.57, 46.33, 45.99, 0, 0, 4.20
2019/07/02 22:27:00, 23.25, 22.74, 22.55, 46.38, 45.98, 0, 0, 4.20
2019/07/02 22:28:00, 23.25, 22.74, 22.53, 46.36, 45.98, 0, 0, 4.20
2019/07/02 22:29:00, 23.25, 22.77, 22.53, 46.40, 46.01, 0, 0, 4.20
2019/07/02 22:30:00, 23.25, 22.75, 22.54, 46.35, 45.98, 0, 0, 4.20
2019/07/02 22:31:00, 23.25, 22.75, 22.54, 46.33, 45.95, 0, 0, 4.20
2019/07/02 22:32:00, 23.25, 22.75, 22.53, 46.37, 45.97, 0, 0, 4.20
2019/07/02 22:33:00, 23.25, 22.77, 22.54, 46.30, 45.94, 0, 0, 4.20
2019/07/02 22:34:00, 23.25, 22.74, 22.54, 46.32, 45.96, 0, 0, 4.20
2019/07/02 22:35:00, 23.25, 22.75, 22.54, 46.28, 45.94, 0, 0, 4.20
2019/07/02 22:36:00, 23.25, 22.75, 22.55, 46.31, 45.93, 0, 0, 4.20
2019/07/02 22:37:00, 23.25, 22.75, 22.56, 46.27, 45.91, 0, 0, 4.20
2019/07/02 22:38:00, 23.25, 22.75, 22.53, 46.23, 45.88, 0, 0, 4.20
2019/07/02 22:39:00, 23.25, 22.74, 22.54, 46.25, 45.85, 0, 0, 4.20
2019/07/02 22:40:00, 23.25, 22.75, 22.54, 46.27, 45.84, 0, 0, 4.20
2019/07/02 22:41:00, 23.25, 22.74, 22.56, 46.22, 45.83, 0, 0, 4.20
2019/07/02 22:42:00, 23.25, 22.73, 22.54, 46.17, 45.81, 0, 0, 4.20
2019/07/02 22:43:00, 23.25, 22.74, 22.56, 46.13, 45.75, 0, 0, 4.20
2019/07/02 22:44:00, 23.25, 22.74, 22.53, 46.14, 45.74, 0, 0, 4.20
2019/07/02 22:45:00, 23.25, 22.75, 22.54, 46.10, 45.74, 0, 0, 4.20
2019/07/02 22:46:00, 23.25, 22.77, 22.53, 46.08, 45.71, 0, 0, 4.20
2019/07/02 22:47:00, 23.25, 22.74, 22.54, 46.05, 45.68, 0, 0, 4.20
2019/07/02 22:48:00, 23.25, 22.74, 22.53, 46.05, 45.68, 0, 0, 4.20
2019/07/02 22:49:00, 23.25, 22.75, 22.51, 46.00, 45.64, 0, 0, 4.20
2019/07/02 22:50:00, 23.25, 22.71, 22.51, 45.95, 45.58, 0, 0, 4.20
2019/07/02 22:51:00, 23.25, 22.73, 22.50, 45.92, 45.55, 0, 0, 4.20
2019/07/02 22:52:00, 23.00, 22.74, 22.50, 45.92, 45.54, 0, 0, 4.20
2019/07/02 22:53:00, 23.25, 22.74, 22.51, 45.86, 45.51, 0, 0, 4.20
2019/07/02 22:54:00, 23.25, 22.71, 22.50, 45.86, 45.49, 0, 0, 4.20
2019/07/02 22:55:00, 23.25, 22.70, 22.49, 45.82, 45.45, 0, 0, 4.20
2019/07/02 22:56:00, 23.00, 22.71, 22.50, 45.81, 45.43, 0, 0, 4.20
2019/07/02 22:57:00, 23.00, 22.74, 22.50, 45.73, 45.41, 0, 0, 4.20
2019/07/02 22:58:00, 23.00, 22.73, 22.50, 45.71, 45.34, 0, 0, 4.20
2019/07/02 22:59:00, 23.00, 22.74, 22.50, 45.67, 45.31, 0, 0, 4.20
2019/07/02 23:00:00, 23.00, 22.73, 22.50, 45.52, 45.20, 0, 0, 4.20
2019/07/02 23:01:00, 23.00, 22.71, 22.50, 45.59, 45.20, 0, 0, 4.20
2019/07/02 23:02:00, 23.00, 22.69, 22.50, 45.54, 45.20, 0, 0, 4.20
2019/07/02 23:03:00, 23.00, 22.71, 22.49, 45.50, 45.19, 0, 0, 4.20
2019/07/02 23:04:00, 23.00, 22.70, 22.49, 45.46, 45.11, 0, 0, 4.20
2019/07/02 23:05:00, 23.00, 22.70, 22.50, 45.43, 45.08, 0, 0, 4.20
2019/07/02 23:06:00, 23.00, 22.73, 22.48, 45.36, 45.02, 0, 0, 4.20
2019/07/02 23:07:00, 23.00, 22.71, 22.49, 45.32, 44.98, 0, 0, 4.20
2019/07/02 23:08:00, 23.00, 22.70, 22.48, 45.28, 44.95, 0, 0, 4.20
2019/07/02 23:09:00, 23.00, 22.70, 22.50, 45.21, 44.91, 0, 0, 4.20
2019/07/02 23:10:00, 23.00, 22.73, 22.47, 45.14, 44.86, 0, 0, 4.20
2019/07/02 23:11:00, 23.00, 22.69, 22.47, 45.19, 44.83, 0, 0, 4.20
2019/07/02 23:12:00, 23.00, 22.70, 22.48, 45.13, 44.81, 0, 0, 4.20
2019/07/02 23:13:00, 23.00, 22.71, 22.47, 45.07, 44.73, 0, 0, 4.20
2019/07/02 23:14:00, 23.00, 22.70, 22.47, 44.97, 44.66, 0, 0, 4.20
2019/07/02 23:15:00, 23.00, 22.69, 22.46, 45.00, 44.65, 0, 0, 4.20
2019/07/02 23:16:00, 23.00, 22.69, 22.47, 44.89, 44.61, 0, 0, 4.20
2019/07/02 23:17:00, 23.00, 22.69, 22.47, 44.89, 44.57, 0, 0, 4.20
2019/07/02 23:18:00, 23.00, 22.70, 22.46, 44.83, 44.51, 0, 0, 4.20
2019/07/02 23:19:00, 23.00, 22.69, 22.46, 44.73, 44.45, 0, 0, 4.20
2019/07/02 23:20:00, 23.00, 22.70, 22.47, 44.72, 44.41, 0, 0, 4.20
2019/07/02 23:21:00, 23.00, 22.69, 22.47, 44.67, 44.35, 0, 0, 4.20
2019/07/02 23:22:00, 23.00, 22.67, 22.46, 44.64, 44.30, 0, 0, 4.20
2019/07/02 23:23:00, 23.00, 22.69, 22.45, 44.61, 44.26, 0, 0, 4.20
2019/07/02 23:24:00, 23.00, 22.69, 22.45, 44.50, 44.20, 0, 0, 4.20
2019/07/02 23:25:00, 23.00, 22.69, 22.45, 44.40, 44.10, 0, 0, 4.20
2019/07/02 23:26:00, 23.00, 22.64, 22.46, 44.33, 44.02, 0, 0, 4.20
2019/07/02 23:27:00, 23.00, 22.66, 22.44, 44.28, 43.95, 0, 0, 4.20
2019/07/02 23:28:00, 23.00, 22.66, 22.45, 44.28, 43.94, 0, 0, 4.20
2019/07/02 23:29:00, 23.00, 22.63, 22.43, 44.22, 43.93, 0, 0, 4.20
2019/07/02 23:30:00, 23.00, 22.67, 22.43, 44.24, 43.88, 0, 0, 4.20
2019/07/02 23:31:00, 23.00, 22.66, 22.46, 44.10, 43.83, 0, 0, 4.20
2019/07/02 23:32:00, 23.00, 22.66, 22.43, 44.08, 43.77, 0, 0, 4.20
2019/07/02 23:33:00, 23.00, 22.64, 22.44, 43.99, 43.71, 0, 0, 4.20
2019/07/02 23:34:00, 23.00, 22.64, 22.43, 44.00, 43.67, 0, 0, 4.20
2019/07/02 23:35:00, 23.00, 22.64, 22.44, 43.97, 43.66, 0, 0, 4.20
2019/07/02 23:36:00, 23.00, 22.64, 22.42, 43.89, 43.62, 0, 0, 4.20
2019/07/02 23:37:00, 23.00, 22.64, 22.43, 43.82, 43.50, 0, 0, 4.20
2019/07/02 23:38:00, 23.00, 22.64, 22.43, 43.80, 43.49, 0, 0, 4.20
2019/07/02 23:39:00, 23.00, 22.64, 22.43, 43.80, 43.48, 0, 0, 4.20
2019/07/02 23:40:00, 23.00, 22.64, 22.44, 43.66, 43.41, 0, 0, 4.20
2019/07/02 23:41:00, 23.00, 22.63, 22.43, 43.62, 43.38, 0, 0, 4.20
2019/07/02 23:42:00, 23.00, 22.64, 22.43, 43.59, 43.32, 0, 0, 4.20
2019/07/02 23:43:00, 23.00, 22.62, 22.42, 43.52, 43.22, 0, 0, 4.20
2019/07/02 23:44:00, 23.00, 22.64, 22.42, 43.45, 43.20, 0, 0, 4.20
2019/07/02 23:45:00, 23.00, 22.64, 22.45, 43.43, 43.15, 0, 0, 4.20
2019/07/02 23:46:00, 23.00, 22.63, 22.42, 43.40, 43.14, 0, 0, 4.20
2019/07/02 23:47:00, 23.00, 22.63, 22.40, 43.33, 43.05, 0, 0, 4.20
