Data logger for tempereture and humidity.
Code, design, and soldering by Antti Mikkonen, a.mikkonen@iki.fi, 2019.
Based on open source projects and libraries. See source for details.
/home/ami/src/arduino/promini/logger_v8_ada/logger_v8_ada.ino
UTC time (year/month/date hour:minute:second), T RTC (C), T sht31 (C), T si7021 (C), RH sht31 (-), RH si7021 (-), heaterOn sht31 (bool),  heaterOn si7021 (bool), battery voltage (V)
2019/05/15 00:08:00, 24.25, 23.81, 23.63, 18.34, 16.82, 0, 0, 4.33
2019/05/15 00:09:00, 24.25, 23.80, 23.60, 18.41, 16.82, 0, 0, 4.33
2019/05/15 00:10:00, 24.25, 23.80, 23.62, 18.36, 16.81, 0, 0, 4.33
2019/05/15 00:11:00, 24.25, 23.81, 23.61, 18.34, 16.82, 0, 0, 4.33
2019/05/15 00:12:00, 24.25, 23.81, 23.63, 18.39, 16.83, 0, 0, 4.33
2019/05/15 00:13:00, 24.25, 23.80, 23.62, 18.36, 16.85, 0, 0, 4.33
2019/05/15 00:14:00, 24.25, 23.81, 23.62, 18.39, 16.85, 0, 0, 4.33
2019/05/15 00:15:00, 24.25, 23.81, 23.62, 18.36, 16.85, 0, 0, 4.33
2019/05/15 00:16:00, 24.25, 23.81, 23.61, 18.42, 16.85, 0, 0, 4.33
2019/05/15 00:17:00, 24.25, 23.80, 23.62, 18.34, 16.85, 0, 0, 4.33
2019/05/15 00:18:00, 24.25, 23.80, 23.61, 18.38, 16.85, 0, 0, 4.33
2019/05/15 00:19:00, 24.25, 23.80, 23.60, 18.39, 16.85, 0, 0, 4.33
2019/05/15 00:20:00, 24.25, 23.81, 23.61, 18.38, 16.86, 0, 0, 4.33
2019/05/15 00:21:00, 24.25, 23.79, 23.61, 18.42, 16.87, 0, 0, 4.33
2019/05/15 00:22:00, 24.25, 23.80, 23.60, 18.38, 16.86, 0, 0, 4.33
2019/05/15 00:23:00, 24.25, 23.77, 23.60, 18.41, 16.85, 0, 0, 4.33
2019/05/15 00:24:00, 24.25, 23.80, 23.60, 18.38, 16.86, 0, 0, 4.33
2019/05/15 00:25:00, 24.25, 23.80, 23.60, 18.36, 16.88, 0, 0, 4.33
2019/05/15 00:26:00, 24.25, 23.81, 23.59, 18.39, 16.88, 0, 0, 4.33
2019/05/15 00:27:00, 24.25, 23.80, 23.60, 18.42, 16.88, 0, 0, 4.33
2019/05/15 00:28:00, 24.25, 23.79, 23.62, 18.41, 16.88, 0, 0, 4.33
2019/05/15 00:29:00, 24.25, 23.79, 23.61, 18.44, 16.90, 0, 0, 4.33
2019/05/15 00:30:00, 24.25, 23.77, 23.62, 18.44, 16.89, 0, 0, 4.33
2019/05/15 00:31:00, 24.25, 23.79, 23.62, 18.44, 16.89, 0, 0, 4.33
2019/05/15 00:32:00, 24.25, 23.79, 23.61, 18.42, 16.89, 0, 0, 4.33
2019/05/15 00:33:00, 24.25, 23.80, 23.62, 18.42, 16.89, 0, 0, 4.33
2019/05/15 00:34:00, 24.25, 23.79, 23.62, 18.45, 16.88, 0, 0, 4.33
2019/05/15 00:35:00, 24.25, 23.79, 23.59, 18.41, 16.88, 0, 0, 4.33
2019/05/15 00:36:00, 24.25, 23.79, 23.60, 18.41, 16.89, 0, 0, 4.33
2019/05/15 00:37:00, 24.25, 23.80, 23.60, 18.44, 16.90, 0, 0, 4.33
2019/05/15 00:38:00, 24.25, 23.80, 23.59, 18.46, 16.91, 0, 0, 4.33
2019/05/15 00:39:00, 24.25, 23.77, 23.60, 18.46, 16.93, 0, 0, 4.33
2019/05/15 00:40:00, 24.25, 23.80, 23.57, 18.49, 16.91, 0, 0, 4.33
2019/05/15 00:41:00, 24.25, 23.80, 23.62, 18.47, 16.91, 0, 0, 4.33
2019/05/15 00:42:00, 24.25, 23.80, 23.60, 18.45, 16.91, 0, 0, 4.33
2019/05/15 00:43:00, 24.25, 23.80, 23.60, 18.42, 16.94, 0, 0, 4.33
2019/05/15 00:44:00, 24.25, 23.80, 23.58, 18.49, 16.91, 0, 0, 4.33
2019/05/15 00:45:00, 24.25, 23.79, 23.60, 18.44, 16.91, 0, 0, 4.33
2019/05/15 00:46:00, 24.25, 23.76, 23.60, 18.49, 16.93, 0, 0, 4.33
2019/05/15 00:47:00, 24.25, 23.79, 23.59, 18.44, 16.94, 0, 0, 4.33
2019/05/15 00:48:00, 24.25, 23.77, 23.60, 18.45, 16.93, 0, 0, 4.33
2019/05/15 00:49:00, 24.25, 23.77, 23.59, 18.44, 16.93, 0, 0, 4.33
2019/05/15 00:50:00, 24.25, 23.79, 23.59, 18.47, 16.92, 0, 0, 4.33
2019/05/15 00:51:00, 24.25, 23.79, 23.59, 18.44, 16.94, 0, 0, 4.33
2019/05/15 00:52:00, 24.25, 23.79, 23.59, 18.46, 16.92, 0, 0, 4.33
2019/05/15 00:53:00, 24.25, 23.77, 23.58, 18.47, 16.95, 0, 0, 4.33
2019/05/15 00:54:00, 24.25, 23.79, 23.59, 18.50, 16.94, 0, 0, 4.33
2019/05/15 00:55:00, 24.25, 23.79, 23.60, 18.54, 16.96, 0, 0, 4.33
2019/05/15 00:56:00, 24.25, 23.77, 23.58, 18.45, 16.96, 0, 0, 4.33
2019/05/15 00:57:00, 24.25, 23.77, 23.61, 18.47, 16.97, 0, 0, 4.33
2019/05/15 00:58:00, 24.25, 23.79, 23.58, 18.50, 16.97, 0, 0, 4.33
2019/05/15 00:59:00, 24.25, 23.77, 23.58, 18.50, 16.96, 0, 0, 4.33
2019/05/15 01:00:00, 24.25, 23.76, 23.60, 18.51, 16.97, 0, 0, 4.33
2019/05/15 01:01:00, 24.25, 23.74, 23.59, 18.50, 16.95, 0, 0, 4.33
2019/05/15 01:02:00, 24.25, 23.77, 23.59, 18.54, 16.97, 0, 0, 4.33
2019/05/15 01:03:00, 24.25, 23.76, 23.60, 18.55, 16.98, 0, 0, 4.33
2019/05/15 01:04:00, 24.25, 23.79, 23.58, 18.54, 16.99, 0, 0, 4.33
2019/05/15 01:05:00, 24.25, 23.79, 23.57, 18.52, 16.98, 0, 0, 4.33
2019/05/15 01:06:00, 24.25, 23.77, 23.58, 18.50, 16.99, 0, 0, 4.33
2019/05/15 01:07:00, 24.25, 23.74, 23.57, 18.52, 16.97, 0, 0, 4.33
2019/05/15 01:08:00, 24.25, 23.77, 23.58, 18.55, 16.99, 0, 0, 4.33
2019/05/15 01:09:00, 24.25, 23.74, 23.59, 18.50, 16.98, 0, 0, 4.33
2019/05/15 01:10:00, 24.25, 23.76, 23.56, 18.53, 16.98, 0, 0, 4.33
2019/05/15 01:11:00, 24.25, 23.74, 23.57, 18.53, 17.00, 0, 0, 4.33
2019/05/15 01:12:00, 24.25, 23.73, 23.59, 18.55, 17.00, 0, 0, 4.33
2019/05/15 01:13:00, 24.25, 23.74, 23.58, 18.57, 17.01, 0, 0, 4.33
2019/05/15 01:14:00, 24.25, 23.76, 23.56, 18.52, 17.02, 0, 0, 4.33
2019/05/15 01:15:00, 24.25, 23.77, 23.57, 18.57, 17.04, 0, 0, 4.33
2019/05/15 01:16:00, 24.25, 23.76, 23.56, 18.60, 17.01, 0, 0, 4.33
2019/05/15 01:17:00, 24.25, 23.77, 23.57, 18.59, 17.02, 0, 0, 4.33
2019/05/15 01:18:00, 24.25, 23.74, 23.59, 18.57, 17.01, 0, 0, 4.33
2019/05/15 01:19:00, 24.25, 23.76, 23.57, 18.55, 17.02, 0, 0, 4.33
2019/05/15 01:20:00, 24.25, 23.76, 23.57, 18.57, 17.02, 0, 0, 4.33
2019/05/15 01:21:00, 24.25, 23.76, 23.57, 18.55, 17.03, 0, 0, 4.33
2019/05/15 01:22:00, 24.25, 23.76, 23.54, 18.53, 17.02, 0, 0, 4.33
2019/05/15 01:23:00, 24.25, 23.74, 23.54, 18.60, 17.01, 0, 0, 4.33
2019/05/15 01:24:00, 24.25, 23.73, 23.58, 18.53, 17.03, 0, 0, 4.33
2019/05/15 01:25:00, 24.25, 23.74, 23.56, 18.57, 17.04, 0, 0, 4.33
2019/05/15 01:26:00, 24.25, 23.71, 23.54, 18.57, 17.04, 0, 0, 4.33
2019/05/15 01:27:00, 24.25, 23.76, 23.53, 18.62, 17.05, 0, 0, 4.33
2019/05/15 01:28:00, 24.25, 23.71, 23.54, 18.62, 17.07, 0, 0, 4.33
2019/05/15 01:29:00, 24.25, 23.74, 23.53, 18.62, 17.07, 0, 0, 4.33
2019/05/15 01:30:00, 24.25, 23.71, 23.54, 18.63, 17.07, 0, 0, 4.33
2019/05/15 01:31:00, 24.25, 23.74, 23.53, 18.58, 17.06, 0, 0, 4.33
2019/05/15 01:32:00, 24.25, 23.73, 23.53, 18.58, 17.07, 0, 0, 4.33
2019/05/15 01:33:00, 24.25, 23.73, 23.54, 18.60, 17.07, 0, 0, 4.33
2019/05/15 01:34:00, 24.25, 23.71, 23.53, 18.60, 17.06, 0, 0, 4.33
2019/05/15 01:35:00, 24.25, 23.73, 23.53, 18.63, 17.07, 0, 0, 4.33
2019/05/15 01:36:00, 24.25, 23.73, 23.54, 18.65, 17.07, 0, 0, 4.33
2019/05/15 01:37:00, 24.25, 23.71, 23.53, 18.62, 17.07, 0, 0, 4.33
2019/05/15 01:38:00, 24.25, 23.70, 23.53, 18.63, 17.07, 0, 0, 4.33
2019/05/15 01:39:00, 24.25, 23.74, 23.52, 18.68, 17.09, 0, 0, 4.33
2019/05/15 01:40:00, 24.25, 23.70, 23.52, 18.62, 17.09, 0, 0, 4.33
2019/05/15 01:41:00, 24.25, 23.70, 23.52, 18.65, 17.08, 0, 0, 4.33
2019/05/15 01:42:00, 24.25, 23.71, 23.51, 18.61, 17.09, 0, 0, 4.33
2019/05/15 01:43:00, 24.25, 23.70, 23.51, 18.64, 17.11, 0, 0, 4.33
2019/05/15 01:44:00, 24.25, 23.70, 23.51, 18.63, 17.11, 0, 0, 4.33
2019/05/15 01:45:00, 24.25, 23.70, 23.51, 18.69, 17.12, 0, 0, 4.33
2019/05/15 01:46:00, 24.25, 23.71, 23.52, 18.64, 17.11, 0, 0, 4.33
2019/05/15 01:47:00, 24.25, 23.70, 23.50, 18.66, 17.12, 0, 0, 4.33
2019/05/15 01:48:00, 24.25, 23.70, 23.50, 18.66, 17.12, 0, 0, 4.33
2019/05/15 01:49:00, 24.25, 23.71, 23.50, 18.64, 17.11, 0, 0, 4.33
2019/05/15 01:50:00, 24.25, 23.67, 23.51, 18.68, 17.12, 0, 0, 4.33
2019/05/15 01:51:00, 24.25, 23.70, 23.50, 18.68, 17.13, 0, 0, 4.33
2019/05/15 01:52:00, 24.25, 23.70, 23.48, 18.66, 17.12, 0, 0, 4.33
2019/05/15 01:53:00, 24.25, 23.70, 23.50, 18.68, 17.13, 0, 0, 4.33
2019/05/15 01:54:00, 24.25, 23.68, 23.50, 18.66, 17.13, 0, 0, 4.33
2019/05/15 01:55:00, 24.25, 23.70, 23.49, 18.69, 17.13, 0, 0, 4.33
2019/05/15 01:56:00, 24.25, 23.68, 23.51, 18.68, 17.12, 0, 0, 4.33
2019/05/15 01:57:00, 24.25, 23.70, 23.52, 18.71, 17.13, 0, 0, 4.33
2019/05/15 01:58:00, 24.25, 23.68, 23.50, 18.66, 17.13, 0, 0, 4.33
2019/05/15 01:59:00, 24.25, 23.70, 23.50, 18.69, 17.14, 0, 0, 4.33
2019/05/15 02:00:00, 24.25, 23.70, 23.49, 18.66, 17.14, 0, 0, 4.33
2019/05/15 02:01:00, 24.25, 23.70, 23.49, 18.66, 17.13, 0, 0, 4.33
2019/05/15 02:02:00, 24.25, 23.68, 23.50, 18.73, 17.13, 0, 0, 4.33
2019/05/15 02:03:00, 24.25, 23.67, 23.50, 18.69, 17.14, 0, 0, 4.33
2019/05/15 02:04:00, 24.25, 23.70, 23.50, 18.66, 17.14, 0, 0, 4.33
2019/05/15 02:05:00, 24.25, 23.67, 23.49, 18.71, 17.13, 0, 0, 4.33
2019/05/15 02:06:00, 24.25, 23.68, 23.48, 18.69, 17.15, 0, 0, 4.33
2019/05/15 02:07:00, 24.25, 23.68, 23.48, 18.74, 17.16, 0, 0, 4.33
2019/05/15 02:08:00, 24.25, 23.68, 23.50, 18.73, 17.15, 0, 0, 4.33
2019/05/15 02:09:00, 24.25, 23.67, 23.50, 18.68, 17.15, 0, 0, 4.33
2019/05/15 02:10:00, 24.25, 23.68, 23.52, 18.69, 17.13, 0, 0, 4.33
2019/05/15 02:11:00, 24.25, 23.70, 23.49, 18.68, 17.13, 0, 0, 4.33
2019/05/15 02:12:00, 24.25, 23.68, 23.49, 18.68, 17.12, 0, 0, 4.33
2019/05/15 02:13:00, 24.25, 23.68, 23.51, 18.68, 17.13, 0, 0, 4.33
2019/05/15 02:14:00, 24.25, 23.70, 23.48, 18.71, 17.13, 0, 0, 4.33
2019/05/15 02:15:00, 24.25, 23.71, 23.52, 18.69, 17.13, 0, 0, 4.33
2019/05/15 02:16:00, 24.25, 23.68, 23.49, 18.64, 17.13, 0, 0, 4.33
2019/05/15 02:17:00, 24.25, 23.71, 23.52, 18.73, 17.13, 0, 0, 4.33
2019/05/15 02:18:00, 24.25, 23.68, 23.49, 18.66, 17.13, 0, 0, 4.33
2019/05/15 02:19:00, 24.25, 23.70, 23.53, 18.64, 17.12, 0, 0, 4.33
2019/05/15 02:20:00, 24.25, 23.70, 23.52, 18.69, 17.14, 0, 0, 4.33
2019/05/15 02:21:00, 24.25, 23.70, 23.51, 18.68, 17.12, 0, 0, 4.33
2019/05/15 02:22:00, 24.25, 23.70, 23.51, 18.65, 17.12, 0, 0, 4.33
2019/05/15 02:23:00, 24.25, 23.70, 23.50, 18.65, 17.10, 0, 0, 4.33
2019/05/15 02:24:00, 24.25, 23.73, 23.51, 18.66, 17.12, 0, 0, 4.33
2019/05/15 02:25:00, 24.25, 23.70, 23.51, 18.68, 17.13, 0, 0, 4.33
2019/05/15 02:26:00, 24.25, 23.71, 23.51, 18.64, 17.12, 0, 0, 4.33
2019/05/15 02:27:00, 24.25, 23.68, 23.52, 18.68, 17.13, 0, 0, 4.33
2019/05/15 02:28:00, 24.25, 23.70, 23.50, 18.65, 17.13, 0, 0, 4.33
2019/05/15 02:29:00, 24.25, 23.70, 23.51, 18.69, 17.13, 0, 0, 4.33
2019/05/15 02:30:00, 24.25, 23.68, 23.50, 18.68, 17.13, 0, 0, 4.33
2019/05/15 02:31:00, 24.25, 23.67, 23.52, 18.69, 17.14, 0, 0, 4.33
2019/05/15 02:32:00, 24.25, 23.68, 23.52, 18.64, 17.13, 0, 0, 4.33
2019/05/15 02:33:00, 24.25, 23.70, 23.51, 18.63, 17.13, 0, 0, 4.33
2019/05/15 02:34:00, 24.25, 23.71, 23.53, 18.66, 17.12, 0, 0, 4.33
2019/05/15 02:35:00, 24.25, 23.68, 23.51, 18.63, 17.09, 0, 0, 4.33
2019/05/15 02:36:00, 24.25, 23.67, 23.49, 18.68, 17.12, 0, 0, 4.33
2019/05/15 02:37:00, 24.25, 23.68, 23.49, 18.73, 17.15, 0, 0, 4.33
2019/05/15 02:38:00, 24.25, 23.67, 23.52, 18.73, 17.17, 0, 0, 4.33
2019/05/15 02:39:00, 24.25, 23.67, 23.51, 18.68, 17.15, 0, 0, 4.33
2019/05/15 02:40:00, 24.25, 23.67, 23.48, 18.73, 17.16, 0, 0, 4.33
2019/05/15 02:41:00, 24.25, 23.67, 23.50, 18.68, 17.17, 0, 0, 4.33
2019/05/15 02:42:00, 24.25, 23.67, 23.47, 18.69, 17.16, 0, 0, 4.33
2019/05/15 02:43:00, 24.25, 23.70, 23.52, 18.69, 17.16, 0, 0, 4.33
2019/05/15 02:44:00, 24.25, 23.68, 23.49, 18.76, 17.15, 0, 0, 4.33
2019/05/15 02:45:00, 24.25, 23.68, 23.50, 18.68, 17.17, 0, 0, 4.33
2019/05/15 02:46:00, 24.25, 23.70, 23.50, 18.69, 17.15, 0, 0, 4.33
2019/05/15 02:47:00, 24.25, 23.70, 23.49, 18.69, 17.17, 0, 0, 4.33
2019/05/15 02:48:00, 24.25, 23.68, 23.50, 18.66, 17.16, 0, 0, 4.33
2019/05/15 02:49:00, 24.25, 23.70, 23.51, 18.71, 17.15, 0, 0, 4.33
2019/05/15 02:50:00, 24.25, 23.70, 23.50, 18.73, 17.15, 0, 0, 4.33
2019/05/15 02:51:00, 24.25, 23.68, 23.50, 18.66, 17.15, 0, 0, 4.33
2019/05/15 02:52:00, 24.25, 23.68, 23.49, 18.73, 17.17, 0, 0, 4.33
2019/05/15 02:53:00, 24.25, 23.68, 23.52, 18.69, 17.15, 0, 0, 4.33
2019/05/15 02:54:00, 24.25, 23.70, 23.49, 18.76, 17.15, 0, 0, 4.33
2019/05/15 02:55:00, 24.25, 23.68, 23.50, 18.76, 17.17, 0, 0, 4.33
2019/05/15 02:56:00, 24.25, 23.70, 23.51, 18.68, 17.17, 0, 0, 4.33
2019/05/15 02:57:00, 24.25, 23.70, 23.50, 18.73, 17.17, 0, 0, 4.33
2019/05/15 02:58:00, 24.25, 23.70, 23.50, 18.71, 17.17, 0, 0, 4.33
2019/05/15 02:59:00, 24.25, 23.68, 23.52, 18.73, 17.19, 0, 0, 4.33
2019/05/15 03:00:00, 24.25, 23.71, 23.50, 18.73, 17.17, 0, 0, 4.33
2019/05/15 03:01:00, 24.25, 23.70, 23.48, 18.74, 17.17, 0, 0, 4.33
2019/05/15 03:02:00, 24.25, 23.70, 23.51, 18.76, 17.17, 0, 0, 4.33
2019/05/15 03:03:00, 24.25, 23.68, 23.49, 18.76, 17.20, 0, 0, 4.33
2019/05/15 03:04:00, 24.25, 23.70, 23.51, 18.73, 17.17, 0, 0, 4.33
2019/05/15 03:05:00, 24.25, 23.67, 23.49, 18.73, 17.19, 0, 0, 4.33
2019/05/15 03:06:00, 24.25, 23.68, 23.50, 18.78, 17.20, 0, 0, 4.33
2019/05/15 03:07:00, 24.25, 23.67, 23.51, 18.79, 17.20, 0, 0, 4.33
2019/05/15 03:08:00, 24.25, 23.68, 23.50, 18.77, 17.20, 0, 0, 4.33
2019/05/15 03:09:00, 24.25, 23.70, 23.51, 18.74, 17.20, 0, 0, 4.33
2019/05/15 03:10:00, 24.25, 23.70, 23.51, 18.76, 17.19, 0, 0, 4.33
2019/05/15 03:11:00, 24.25, 23.70, 23.49, 18.74, 17.21, 0, 0, 4.33
2019/05/15 03:12:00, 24.25, 23.68, 23.52, 18.76, 17.21, 0, 0, 4.33
2019/05/15 03:13:00, 24.25, 23.70, 23.50, 18.79, 17.21, 0, 0, 4.33
2019/05/15 03:14:00, 24.25, 23.68, 23.49, 18.77, 17.23, 0, 0, 4.33
2019/05/15 03:15:00, 24.25, 23.67, 23.49, 18.76, 17.20, 0, 0, 4.33
2019/05/15 03:16:00, 24.25, 23.67, 23.49, 18.82, 17.22, 0, 0, 4.33
2019/05/15 03:17:00, 24.25, 23.68, 23.49, 18.78, 17.21, 0, 0, 4.33
2019/05/15 03:18:00, 24.25, 23.68, 23.48, 18.79, 17.22, 0, 0, 4.33
2019/05/15 03:19:00, 24.25, 23.70, 23.50, 18.71, 17.24, 0, 0, 4.33
2019/05/15 03:20:00, 24.25, 23.67, 23.47, 18.80, 17.22, 0, 0, 4.33
2019/05/15 03:21:00, 24.25, 23.65, 23.47, 18.77, 17.23, 0, 0, 4.33
2019/05/15 03:22:00, 24.25, 23.64, 23.46, 18.81, 17.26, 0, 0, 4.33
2019/05/15 03:23:00, 24.25, 23.67, 23.48, 18.82, 17.26, 0, 0, 4.33
2019/05/15 03:24:00, 24.25, 23.65, 23.48, 18.82, 17.28, 0, 0, 4.33
2019/05/15 03:25:00, 24.25, 23.65, 23.46, 18.80, 17.26, 0, 0, 4.33
2019/05/15 03:26:00, 24.25, 23.64, 23.46, 18.80, 17.26, 0, 0, 4.33
2019/05/15 03:27:00, 24.25, 23.64, 23.46, 18.81, 17.28, 0, 0, 4.33
2019/05/15 03:28:00, 24.25, 23.64, 23.49, 18.82, 17.30, 0, 0, 4.33
2019/05/15 03:29:00, 24.25, 23.63, 23.46, 18.84, 17.28, 0, 0, 4.33
2019/05/15 03:30:00, 24.25, 23.64, 23.45, 18.84, 17.29, 0, 0, 4.33
2019/05/15 03:31:00, 24.25, 23.67, 23.45, 18.77, 17.30, 0, 0, 4.33
2019/05/15 03:32:00, 24.25, 23.64, 23.47, 18.87, 17.31, 0, 0, 4.33
2019/05/15 03:33:00, 24.25, 23.64, 23.47, 18.84, 17.30, 0, 0, 4.33
2019/05/15 03:34:00, 24.25, 23.64, 23.45, 18.88, 17.30, 0, 0, 4.33
2019/05/15 03:35:00, 24.25, 23.64, 23.44, 18.88, 17.29, 0, 0, 4.33
2019/05/15 03:36:00, 24.25, 23.64, 23.45, 18.84, 17.30, 0, 0, 4.33
2019/05/15 03:37:00, 24.25, 23.63, 23.46, 18.87, 17.31, 0, 0, 4.33
2019/05/15 03:38:00, 24.25, 23.63, 23.45, 18.91, 17.32, 0, 0, 4.33
2019/05/15 03:39:00, 24.25, 23.63, 23.44, 18.87, 17.30, 0, 0, 4.33
2019/05/15 03:40:00, 24.25, 23.63, 23.42, 18.88, 17.33, 0, 0, 4.33
2019/05/15 03:41:00, 24.25, 23.61, 23.47, 18.87, 17.33, 0, 0, 4.33
2019/05/15 03:42:00, 24.25, 23.65, 23.44, 18.90, 17.33, 0, 0, 4.33
2019/05/15 03:43:00, 24.25, 23.63, 23.45, 18.88, 17.33, 0, 0, 4.33
2019/05/15 03:44:00, 24.25, 23.61, 23.44, 18.90, 17.33, 0, 0, 4.33
2019/05/15 03:45:00, 24.25, 23.64, 23.44, 18.87, 17.34, 0, 0, 4.33
2019/05/15 03:46:00, 24.25, 23.65, 23.43, 18.90, 17.34, 0, 0, 4.33
2019/05/15 03:47:00, 24.25, 23.64, 23.45, 18.85, 17.36, 0, 0, 4.33
2019/05/15 03:48:00, 24.25, 23.64, 23.45, 18.85, 17.33, 0, 0, 4.33
2019/05/15 03:49:00, 24.25, 23.63, 23.45, 18.87, 17.33, 0, 0, 4.33
2019/05/15 03:50:00, 24.25, 23.61, 23.45, 18.87, 17.35, 0, 0, 4.33
2019/05/15 03:51:00, 24.25, 23.63, 23.43, 18.95, 17.36, 0, 0, 4.33
2019/05/15 03:52:00, 24.25, 23.61, 23.45, 18.90, 17.37, 0, 0, 4.33
2019/05/15 03:53:00, 24.25, 23.65, 23.45, 18.91, 17.36, 0, 0, 4.33
2019/05/15 03:54:00, 24.25, 23.64, 23.45, 18.90, 17.36, 0, 0, 4.33
2019/05/15 03:55:00, 24.25, 23.64, 23.45, 18.90, 17.36, 0, 0, 4.33
2019/05/15 03:56:00, 24.25, 23.61, 23.46, 18.92, 17.36, 0, 0, 4.33
2019/05/15 03:57:00, 24.25, 23.64, 23.45, 18.93, 17.36, 0, 0, 4.33
2019/05/15 03:58:00, 24.25, 23.64, 23.46, 18.92, 17.36, 0, 0, 4.33
2019/05/15 03:59:00, 24.25, 23.63, 23.46, 18.89, 17.34, 0, 0, 4.33
2019/05/15 04:00:00, 24.25, 23.63, 23.45, 18.90, 17.33, 0, 0, 4.33
2019/05/15 04:01:00, 24.25, 23.63, 23.47, 18.90, 17.33, 0, 0, 4.33
2019/05/15 04:02:00, 24.25, 23.64, 23.46, 18.85, 17.33, 0, 0, 4.33
2019/05/15 04:03:00, 24.25, 23.65, 23.45, 18.85, 17.35, 0, 0, 4.33
2019/05/15 04:04:00, 24.25, 23.64, 23.47, 18.84, 17.33, 0, 0, 4.33
2019/05/15 04:05:00, 24.25, 23.64, 23.47, 18.90, 17.31, 0, 0, 4.33
2019/05/15 04:06:00, 24.25, 23.65, 23.45, 18.80, 17.33, 0, 0, 4.33
2019/05/15 04:07:00, 24.25, 23.67, 23.46, 18.79, 17.32, 0, 0, 4.33
2019/05/15 04:08:00, 24.25, 23.64, 23.47, 18.87, 17.30, 0, 0, 4.33
2019/05/15 04:09:00, 24.25, 23.67, 23.46, 18.82, 17.30, 0, 0, 4.33
2019/05/15 04:10:00, 24.25, 23.67, 23.48, 18.80, 17.29, 0, 0, 4.33
2019/05/15 04:11:00, 24.25, 23.65, 23.47, 18.89, 17.29, 0, 0, 4.33
2019/05/15 04:12:00, 24.25, 23.68, 23.48, 18.85, 17.30, 0, 0, 4.33
2019/05/15 04:13:00, 24.25, 23.65, 23.46, 18.84, 17.28, 0, 0, 4.33
2019/05/15 04:14:00, 24.25, 23.65, 23.48, 18.77, 17.28, 0, 0, 4.33
2019/05/15 04:15:00, 24.25, 23.65, 23.47, 18.87, 17.27, 0, 0, 4.33
2019/05/15 04:16:00, 24.25, 23.65, 23.46, 18.77, 17.23, 0, 0, 4.33
2019/05/15 04:17:00, 24.25, 23.65, 23.47, 18.84, 17.25, 0, 0, 4.33
2019/05/15 04:18:00, 24.25, 23.65, 23.45, 18.77, 17.27, 0, 0, 4.33
2019/05/15 04:19:00, 24.25, 23.65, 23.44, 18.79, 17.27, 0, 0, 4.33
2019/05/15 04:20:00, 24.25, 23.65, 23.47, 18.77, 17.26, 0, 0, 4.33
2019/05/15 04:21:00, 24.25, 23.68, 23.47, 18.79, 17.24, 0, 0, 4.33
2019/05/15 04:22:00, 24.25, 23.65, 23.47, 18.76, 17.22, 0, 0, 4.33
2019/05/15 04:23:00, 24.25, 23.67, 23.48, 18.77, 17.23, 0, 0, 4.33
2019/05/15 04:24:00, 24.25, 23.65, 23.47, 18.76, 17.22, 0, 0, 4.33
2019/05/15 04:25:00, 24.25, 23.67, 23.48, 18.75, 17.22, 0, 0, 4.33
2019/05/15 04:26:00, 24.25, 23.65, 23.47, 18.72, 17.20, 0, 0, 4.33
2019/05/15 04:27:00, 24.25, 23.67, 23.48, 18.69, 17.20, 0, 0, 4.33
2019/05/15 04:28:00, 24.25, 23.68, 23.48, 18.73, 17.19, 0, 0, 4.33
2019/05/15 04:29:00, 24.25, 23.65, 23.47, 18.76, 17.19, 0, 0, 4.33
2019/05/15 04:30:00, 24.25, 23.67, 23.47, 18.72, 17.20, 0, 0, 4.33
2019/05/15 04:31:00, 24.25, 23.67, 23.48, 18.76, 17.20, 0, 0, 4.33
2019/05/15 04:32:00, 24.25, 23.67, 23.47, 18.74, 17.19, 0, 0, 4.33
2019/05/15 04:33:00, 24.25, 23.65, 23.47, 18.69, 17.17, 0, 0, 4.33
2019/05/15 04:34:00, 24.25, 23.65, 23.49, 18.73, 17.17, 0, 0, 4.33
2019/05/15 04:35:00, 24.25, 23.67, 23.47, 18.69, 17.17, 0, 0, 4.33
2019/05/15 04:36:00, 24.25, 23.63, 23.47, 18.71, 17.17, 0, 0, 4.33
2019/05/15 04:37:00, 24.25, 23.65, 23.45, 18.72, 17.15, 0, 0, 4.33
2019/05/15 04:38:00, 24.25, 23.67, 23.46, 18.71, 17.14, 0, 0, 4.33
2019/05/15 04:39:00, 24.25, 23.65, 23.47, 18.68, 17.14, 0, 0, 4.33
2019/05/15 04:40:00, 24.25, 23.64, 23.45, 18.69, 17.15, 0, 0, 4.33
2019/05/15 04:41:00, 24.25, 23.63, 23.46, 18.69, 17.15, 0, 0, 4.33
2019/05/15 04:42:00, 24.25, 23.64, 23.46, 18.71, 17.14, 0, 0, 4.33
2019/05/15 04:43:00, 24.25, 23.63, 23.46, 18.71, 17.14, 0, 0, 4.33
2019/05/15 04:44:00, 24.25, 23.65, 23.45, 18.68, 17.13, 0, 0, 4.33
2019/05/15 04:45:00, 24.25, 23.67, 23.46, 18.68, 17.13, 0, 0, 4.33
2019/05/15 04:46:00, 24.25, 23.64, 23.47, 18.64, 17.11, 0, 0, 4.33
2019/05/15 04:47:00, 24.25, 23.65, 23.45, 18.71, 17.13, 0, 0, 4.33
2019/05/15 04:48:00, 24.25, 23.63, 23.46, 18.68, 17.11, 0, 0, 4.33
2019/05/15 04:49:00, 24.25, 23.65, 23.46, 18.64, 17.11, 0, 0, 4.33
2019/05/15 04:50:00, 24.25, 23.64, 23.45, 18.69, 17.10, 0, 0, 4.33
2019/05/15 04:51:00, 24.25, 23.63, 23.45, 18.68, 17.10, 0, 0, 4.33
2019/05/15 04:52:00, 24.25, 23.67, 23.44, 18.69, 17.09, 0, 0, 4.33
2019/05/15 04:53:00, 24.25, 23.63, 23.45, 18.62, 17.09, 0, 0, 4.33
2019/05/15 04:54:00, 24.25, 23.63, 23.45, 18.61, 17.09, 0, 0, 4.33
2019/05/15 04:55:00, 24.25, 23.63, 23.44, 18.66, 17.10, 0, 0, 4.33
2019/05/15 04:56:00, 24.25, 23.64, 23.46, 18.63, 17.09, 0, 0, 4.33
2019/05/15 04:57:00, 24.25, 23.61, 23.45, 18.64, 17.08, 0, 0, 4.33
2019/05/15 04:58:00, 24.25, 23.60, 23.43, 18.64, 17.06, 0, 0, 4.33
2019/05/15 04:59:00, 24.25, 23.61, 23.43, 18.62, 17.08, 0, 0, 4.33
2019/05/15 05:00:00, 24.25, 23.61, 23.44, 18.64, 17.07, 0, 0, 4.33
2019/05/15 05:01:00, 24.25, 23.60, 23.41, 18.62, 17.09, 0, 0, 4.33
2019/05/15 05:02:00, 24.25, 23.61, 23.41, 18.61, 17.07, 0, 0, 4.33
2019/05/15 05:03:00, 24.25, 23.61, 23.45, 18.61, 17.07, 0, 0, 4.33
2019/05/15 05:04:00, 24.25, 23.64, 23.44, 18.61, 17.07, 0, 0, 4.33
2019/05/15 05:05:00, 24.00, 23.63, 23.43, 18.56, 17.07, 0, 0, 4.33
2019/05/15 05:06:00, 24.25, 23.63, 23.42, 18.64, 17.05, 0, 0, 4.33
2019/05/15 05:07:00, 24.25, 23.61, 23.41, 18.59, 17.05, 0, 0, 4.33
2019/05/15 05:08:00, 24.25, 23.63, 23.39, 18.56, 17.04, 0, 0, 4.33
2019/05/15 05:09:00, 24.25, 23.61, 23.42, 18.54, 17.05, 0, 0, 4.33
2019/05/15 05:10:00, 24.25, 23.60, 23.41, 18.64, 17.04, 0, 0, 4.33
2019/05/15 05:11:00, 24.25, 23.60, 23.41, 18.62, 17.07, 0, 0, 4.33
2019/05/15 05:12:00, 24.25, 23.60, 23.41, 18.56, 17.05, 0, 0, 4.33
2019/05/15 05:13:00, 24.25, 23.60, 23.41, 18.54, 17.06, 0, 0, 4.33
2019/05/15 05:14:00, 24.00, 23.61, 23.41, 18.56, 17.04, 0, 0, 4.33
2019/05/15 05:15:00, 24.00, 23.59, 23.42, 18.57, 17.02, 0, 0, 4.33
2019/05/15 05:16:00, 24.25, 23.61, 23.42, 18.59, 17.05, 0, 0, 4.33
2019/05/15 05:17:00, 24.00, 23.61, 23.42, 18.59, 17.04, 0, 0, 4.33
2019/05/15 05:18:00, 24.25, 23.60, 23.42, 18.58, 17.02, 0, 0, 4.33
2019/05/15 05:19:00, 24.25, 23.60, 23.39, 18.62, 17.03, 0, 0, 4.33
2019/05/15 05:20:00, 24.25, 23.59, 23.41, 18.54, 17.02, 0, 0, 4.33
2019/05/15 05:21:00, 24.25, 23.60, 23.42, 18.58, 17.01, 0, 0, 4.33
2019/05/15 05:22:00, 24.00, 23.60, 23.42, 18.61, 17.03, 0, 0, 4.33
2019/05/15 05:23:00, 24.25, 23.60, 23.42, 18.53, 17.01, 0, 0, 4.33
2019/05/15 05:24:00, 24.00, 23.59, 23.39, 18.51, 17.01, 0, 0, 4.33
2019/05/15 05:25:00, 24.00, 23.59, 23.42, 18.51, 16.99, 0, 0, 4.33
2019/05/15 05:26:00, 24.00, 23.57, 23.38, 18.57, 17.00, 0, 0, 4.33
2019/05/15 05:27:00, 24.00, 23.59, 23.39, 18.54, 17.02, 0, 0, 4.33
2019/05/15 05:28:00, 24.00, 23.60, 23.41, 18.55, 17.01, 0, 0, 4.33
2019/05/15 05:29:00, 24.00, 23.60, 23.41, 18.56, 17.02, 0, 0, 4.33
2019/05/15 05:30:00, 24.00, 23.59, 23.38, 18.55, 16.99, 0, 0, 4.33
2019/05/15 05:31:00, 24.25, 23.59, 23.41, 18.54, 16.99, 0, 0, 4.33
2019/05/15 05:32:00, 24.00, 23.57, 23.38, 18.57, 17.01, 0, 0, 4.33
2019/05/15 05:33:00, 24.00, 23.57, 23.41, 18.53, 17.00, 0, 0, 4.33
2019/05/15 05:34:00, 24.00, 23.57, 23.38, 18.56, 17.01, 0, 0, 4.33
2019/05/15 05:35:00, 24.00, 23.57, 23.38, 18.55, 17.00, 0, 0, 4.33
2019/05/15 05:36:00, 24.00, 23.57, 23.37, 18.57, 17.01, 0, 0, 4.33
2019/05/15 05:37:00, 24.00, 23.59, 23.37, 18.54, 17.02, 0, 0, 4.33
2019/05/15 05:38:00, 24.00, 23.54, 23.38, 18.55, 17.00, 0, 0, 4.33
2019/05/15 05:39:00, 24.00, 23.57, 23.41, 18.53, 17.00, 0, 0, 4.33
2019/05/15 05:40:00, 24.00, 23.60, 23.39, 18.53, 16.97, 0, 0, 4.33
2019/05/15 05:41:00, 24.00, 23.59, 23.41, 18.57, 16.98, 0, 0, 4.33
2019/05/15 05:42:00, 24.00, 23.57, 23.41, 18.51, 16.95, 0, 0, 4.33
2019/05/15 05:43:00, 24.00, 23.59, 23.41, 18.54, 16.97, 0, 0, 4.33
2019/05/15 05:44:00, 24.00, 23.60, 23.41, 18.56, 16.97, 0, 0, 4.33
2019/05/15 05:45:00, 24.00, 23.60, 23.41, 18.53, 16.96, 0, 0, 4.33
2019/05/15 05:46:00, 24.00, 23.59, 23.42, 18.50, 16.94, 0, 0, 4.33
2019/05/15 05:47:00, 24.00, 23.63, 23.41, 18.48, 16.96, 0, 0, 4.33
2019/05/15 05:48:00, 24.00, 23.61, 23.44, 18.50, 16.94, 0, 0, 4.33
2019/05/15 05:49:00, 24.00, 23.61, 23.41, 18.43, 16.91, 0, 0, 4.33
2019/05/15 05:50:00, 24.00, 23.61, 23.43, 18.46, 16.91, 0, 0, 4.33
2019/05/15 05:51:00, 24.00, 23.63, 23.43, 18.48, 16.91, 0, 0, 4.33
2019/05/15 05:52:00, 24.00, 23.60, 23.43, 18.46, 16.91, 0, 0, 4.33
2019/05/15 05:53:00, 24.00, 23.63, 23.44, 18.44, 16.91, 0, 0, 4.33
2019/05/15 05:54:00, 24.00, 23.61, 23.45, 18.43, 16.90, 0, 0, 4.33
2019/05/15 05:55:00, 24.00, 23.59, 23.43, 18.38, 16.89, 0, 0, 4.33
2019/05/15 05:56:00, 24.00, 23.60, 23.43, 18.46, 16.88, 0, 0, 4.33
2019/05/15 05:57:00, 24.00, 23.64, 23.44, 18.44, 16.90, 0, 0, 4.33
2019/05/15 05:58:00, 24.00, 23.59, 23.42, 18.42, 16.88, 0, 0, 4.33
2019/05/15 05:59:00, 24.00, 23.60, 23.42, 18.43, 16.88, 0, 0, 4.33
2019/05/15 06:00:00, 24.00, 23.64, 23.44, 18.43, 16.88, 0, 0, 4.33
2019/05/15 06:01:00, 24.00, 23.61, 23.44, 18.40, 16.88, 0, 0, 4.33
2019/05/15 06:02:00, 24.00, 23.61, 23.44, 18.40, 16.87, 0, 0, 4.33
2019/05/15 06:03:00, 24.00, 23.63, 23.43, 18.43, 16.87, 0, 0, 4.33
2019/05/15 06:04:00, 24.00, 23.61, 23.44, 18.35, 16.86, 0, 0, 4.33
2019/05/15 06:05:00, 24.00, 23.60, 23.42, 18.38, 16.87, 0, 0, 4.33
2019/05/15 06:06:00, 24.00, 23.63, 23.43, 18.41, 16.88, 0, 0, 4.33
2019/05/15 06:07:00, 24.00, 23.61, 23.45, 18.38, 16.87, 0, 0, 4.33
2019/05/15 06:08:00, 24.00, 23.61, 23.41, 18.40, 16.88, 0, 0, 4.33
2019/05/15 06:09:00, 24.00, 23.63, 23.42, 18.40, 16.85, 0, 0, 4.33
2019/05/15 06:10:00, 24.00, 23.63, 23.44, 18.40, 16.87, 0, 0, 4.33
2019/05/15 06:11:00, 24.00, 23.64, 23.45, 18.44, 16.85, 0, 0, 4.33
2019/05/15 06:12:00, 24.00, 23.63, 23.44, 18.43, 16.84, 0, 0, 4.33
2019/05/15 06:13:00, 24.00, 23.65, 23.44, 18.40, 16.85, 0, 0, 4.33
2019/05/15 06:14:00, 24.00, 23.64, 23.43, 18.33, 16.85, 0, 0, 4.33
2019/05/15 06:15:00, 24.00, 23.63, 23.45, 18.40, 16.85, 0, 0, 4.33
2019/05/15 06:16:00, 24.00, 23.63, 23.45, 18.37, 16.83, 0, 0, 4.33
2019/05/15 06:17:00, 24.00, 23.63, 23.45, 18.42, 16.84, 0, 0, 4.33
2019/05/15 06:18:00, 24.00, 23.61, 23.45, 18.37, 16.83, 0, 0, 4.33
2019/05/15 06:19:00, 24.00, 23.63, 23.47, 18.35, 16.82, 0, 0, 4.33
2019/05/15 06:20:00, 24.00, 23.64, 23.46, 18.37, 16.81, 0, 0, 4.33
2019/05/15 06:21:00, 24.00, 23.63, 23.45, 18.38, 16.81, 0, 0, 4.33
2019/05/15 06:22:00, 24.00, 23.63, 23.45, 18.37, 16.80, 0, 0, 4.33
2019/05/15 06:23:00, 24.00, 23.61, 23.46, 18.35, 16.81, 0, 0, 4.33
2019/05/15 06:24:00, 24.00, 23.63, 23.45, 18.33, 16.79, 0, 0, 4.33
2019/05/15 06:25:00, 24.00, 23.61, 23.45, 18.32, 16.78, 0, 0, 4.33
2019/05/15 06:26:00, 24.00, 23.64, 23.46, 18.32, 16.79, 0, 0, 4.33
2019/05/15 06:27:00, 24.00, 23.63, 23.47, 18.32, 16.80, 0, 0, 4.33
2019/05/15 06:28:00, 24.00, 23.64, 23.46, 18.32, 16.80, 0, 0, 4.33
2019/05/15 06:29:00, 24.00, 23.65, 23.45, 18.33, 16.78, 0, 0, 4.33
2019/05/15 06:30:00, 24.00, 23.65, 23.46, 18.33, 16.78, 0, 0, 4.33
2019/05/15 06:31:00, 24.00, 23.65, 23.48, 18.26, 16.78, 0, 0, 4.33
2019/05/15 06:32:00, 24.25, 23.68, 23.48, 18.31, 16.77, 0, 0, 4.33
2019/05/15 06:33:00, 24.25, 23.68, 23.47, 18.31, 16.74, 0, 0, 4.33
2019/05/15 06:34:00, 24.00, 23.67, 23.47, 18.27, 16.74, 0, 0, 4.33
2019/05/15 06:35:00, 24.25, 23.67, 23.50, 18.27, 16.75, 0, 0, 4.33
2019/05/15 06:36:00, 24.25, 23.68, 23.48, 18.26, 16.72, 0, 0, 4.33
2019/05/15 06:37:00, 24.25, 23.67, 23.51, 18.24, 16.72, 0, 0, 4.33
2019/05/15 06:38:00, 24.25, 23.70, 23.51, 18.31, 16.73, 0, 0, 4.33
2019/05/15 06:39:00, 24.25, 23.70, 23.50, 18.26, 16.73, 0, 0, 4.33
2019/05/15 06:40:00, 24.25, 23.71, 23.52, 18.27, 16.72, 0, 0, 4.33
2019/05/15 06:41:00, 24.25, 23.73, 23.53, 18.21, 16.71, 0, 0, 4.33
2019/05/15 06:42:00, 24.25, 23.71, 23.50, 18.21, 16.68, 0, 0, 4.33
2019/05/15 06:43:00, 24.25, 23.73, 23.53, 18.19, 16.68, 0, 0, 4.33
2019/05/15 06:44:00, 24.25, 23.73, 23.53, 18.22, 16.68, 0, 0, 4.33
2019/05/15 06:45:00, 24.25, 23.73, 23.52, 18.21, 16.66, 0, 0, 4.33
2019/05/15 06:46:00, 24.25, 23.71, 23.54, 18.16, 16.66, 0, 0, 4.33
2019/05/15 06:47:00, 24.25, 23.76, 23.56, 18.24, 16.66, 0, 0, 4.33
2019/05/15 06:48:00, 24.25, 23.76, 23.57, 18.18, 16.67, 0, 0, 4.33
2019/05/15 06:49:00, 24.25, 23.77, 23.57, 18.18, 16.65, 0, 0, 4.33
2019/05/15 06:50:00, 24.25, 23.77, 23.59, 18.16, 16.63, 0, 0, 4.33
2019/05/15 06:51:00, 24.25, 23.79, 23.61, 18.16, 16.64, 0, 0, 4.33
2019/05/15 06:52:00, 24.25, 23.77, 23.61, 18.13, 16.63, 0, 0, 4.33
2019/05/15 06:53:00, 24.25, 23.80, 23.63, 18.10, 16.61, 0, 0, 4.33
2019/05/15 06:54:00, 24.25, 23.85, 23.65, 18.13, 16.60, 0, 0, 4.33
2019/05/15 06:55:00, 24.25, 23.85, 23.66, 18.12, 16.58, 0, 0, 4.33
2019/05/15 06:56:00, 24.25, 23.85, 23.68, 18.10, 16.58, 0, 0, 4.33
2019/05/15 06:57:00, 24.25, 23.87, 23.69, 18.10, 16.57, 0, 0, 4.33
2019/05/15 06:58:00, 24.25, 23.90, 23.73, 18.09, 16.56, 0, 0, 4.33
2019/05/15 06:59:00, 24.25, 23.91, 23.71, 18.07, 16.54, 0, 0, 4.33
2019/05/15 07:00:00, 24.25, 23.92, 23.74, 18.04, 16.52, 0, 0, 4.33
2019/05/15 07:01:00, 24.25, 23.92, 23.75, 18.01, 16.52, 0, 0, 4.33
2019/05/15 07:02:00, 24.25, 23.94, 23.74, 18.06, 16.51, 0, 0, 4.33
2019/05/15 07:03:00, 24.25, 23.94, 23.78, 18.04, 16.49, 0, 0, 4.33
2019/05/15 07:04:00, 24.25, 23.97, 23.78, 18.03, 16.49, 0, 0, 4.33
2019/05/15 07:05:00, 24.25, 23.97, 23.78, 17.99, 16.46, 0, 0, 4.33
2019/05/15 07:06:00, 24.25, 23.95, 23.78, 18.00, 16.46, 0, 0, 4.33
2019/05/15 07:07:00, 24.25, 23.98, 23.78, 17.98, 16.46, 0, 0, 4.33
2019/05/15 07:08:00, 24.25, 23.95, 23.78, 17.99, 16.42, 0, 0, 4.33
2019/05/15 07:09:00, 24.25, 23.97, 23.78, 18.00, 16.45, 0, 0, 4.33
2019/05/15 07:10:00, 24.25, 23.98, 23.80, 17.98, 16.45, 0, 0, 4.33
2019/05/15 07:11:00, 24.25, 23.98, 23.80, 18.00, 16.44, 0, 0, 4.33
2019/05/15 07:12:00, 24.25, 23.98, 23.80, 17.95, 16.44, 0, 0, 4.33
2019/05/15 07:13:00, 24.25, 23.99, 23.82, 17.97, 16.43, 0, 0, 4.33
2019/05/15 07:14:00, 24.25, 24.01, 23.86, 17.98, 16.43, 0, 0, 4.33
2019/05/15 07:15:00, 24.25, 24.02, 23.87, 17.95, 16.42, 0, 0, 4.33
2019/05/15 07:16:00, 24.25, 24.02, 23.88, 17.90, 16.40, 0, 0, 4.33
2019/05/15 07:17:00, 24.25, 24.08, 23.90, 17.92, 16.38, 0, 0, 4.33
2019/05/15 07:18:00, 24.25, 24.05, 23.93, 17.86, 16.37, 0, 0, 4.33
2019/05/15 07:19:00, 24.25, 24.11, 23.92, 17.84, 16.36, 0, 0, 4.33
2019/05/15 07:20:00, 24.25, 24.14, 23.95, 17.83, 16.33, 0, 0, 4.33
2019/05/15 07:21:00, 24.25, 24.14, 23.97, 17.91, 16.32, 0, 0, 4.33
2019/05/15 07:22:00, 24.25, 24.16, 23.97, 17.85, 16.33, 0, 0, 4.33
2019/05/15 07:23:00, 24.25, 24.18, 24.01, 17.78, 16.30, 0, 0, 4.33
2019/05/15 07:24:00, 24.25, 24.18, 24.01, 17.76, 16.25, 0, 0, 4.33
2019/05/15 07:25:00, 24.25, 24.20, 24.03, 17.82, 16.25, 0, 0, 4.33
2019/05/15 07:26:00, 24.25, 24.20, 24.05, 17.73, 16.26, 0, 0, 4.33
2019/05/15 07:27:00, 24.50, 24.18, 24.06, 17.75, 16.23, 0, 0, 4.33
2019/05/15 07:28:00, 24.50, 24.25, 24.06, 17.71, 16.23, 0, 0, 4.33
2019/05/15 07:29:00, 24.50, 24.25, 24.08, 17.71, 16.20, 0, 0, 4.33
2019/05/15 07:30:00, 24.50, 24.27, 24.09, 17.69, 16.20, 0, 0, 4.33
2019/05/15 07:31:00, 24.50, 24.29, 24.11, 17.71, 16.18, 0, 0, 4.33
2019/05/15 07:32:00, 24.50, 24.27, 24.11, 17.66, 16.17, 0, 0, 4.33
2019/05/15 07:33:00, 24.50, 24.29, 24.12, 17.67, 16.15, 0, 0, 4.33
2019/05/15 07:34:00, 24.50, 24.29, 24.13, 17.61, 16.15, 0, 0, 4.33
2019/05/15 07:35:00, 24.50, 24.32, 24.16, 17.68, 16.14, 0, 0, 4.33
2019/05/15 07:36:00, 24.50, 24.31, 24.16, 17.61, 16.13, 0, 0, 4.33
2019/05/15 07:37:00, 24.50, 24.32, 24.17, 17.63, 16.08, 0, 0, 4.33
2019/05/15 07:38:00, 24.50, 24.32, 24.17, 17.61, 16.09, 0, 0, 4.33
2019/05/15 07:39:00, 24.50, 24.35, 24.18, 17.58, 16.07, 0, 0, 4.33
2019/05/15 07:40:00, 24.50, 24.38, 24.19, 17.60, 16.05, 0, 0, 4.33
2019/05/15 07:41:00, 24.50, 24.39, 24.19, 17.55, 16.03, 0, 0, 4.33
2019/05/15 07:42:00, 24.50, 24.36, 24.21, 17.52, 16.04, 0, 0, 4.33
2019/05/15 07:43:00, 24.50, 24.40, 24.22, 17.58, 16.06, 0, 0, 4.33
2019/05/15 07:44:00, 24.50, 24.39, 24.26, 17.53, 16.06, 0, 0, 4.33
2019/05/15 07:45:00, 24.50, 24.44, 24.25, 17.57, 16.05, 0, 0, 4.33
2019/05/15 07:46:00, 24.50, 24.46, 24.26, 17.55, 16.04, 0, 0, 4.33
2019/05/15 07:47:00, 24.50, 24.43, 24.27, 17.54, 16.01, 0, 0, 4.33
2019/05/15 07:48:00, 24.50, 24.46, 24.28, 17.52, 16.02, 0, 0, 4.33
2019/05/15 07:49:00, 24.50, 24.47, 24.31, 17.55, 16.03, 0, 0, 4.33
2019/05/15 07:50:00, 24.50, 24.46, 24.32, 17.54, 16.03, 0, 0, 4.33
2019/05/15 07:51:00, 24.50, 24.49, 24.31, 17.51, 16.02, 0, 0, 4.33
2019/05/15 07:52:00, 24.50, 24.50, 24.33, 17.59, 16.04, 0, 0, 4.33
2019/05/15 07:53:00, 24.50, 24.49, 24.35, 17.57, 16.02, 0, 0, 4.33
2019/05/15 07:54:00, 24.50, 24.50, 24.34, 17.61, 16.04, 0, 0, 4.33
2019/05/15 07:55:00, 24.50, 24.50, 24.36, 17.49, 16.03, 0, 0, 4.33
2019/05/15 07:56:00, 24.50, 24.52, 24.36, 17.56, 16.05, 0, 0, 4.33
2019/05/15 07:57:00, 24.50, 24.50, 24.34, 17.59, 16.04, 0, 0, 4.33
2019/05/15 07:58:00, 24.50, 24.54, 24.38, 17.51, 16.02, 0, 0, 4.33
2019/05/15 07:59:00, 24.75, 24.53, 24.36, 17.54, 16.03, 0, 0, 4.33
2019/05/15 08:00:00, 24.50, 24.53, 24.37, 17.56, 16.01, 0, 0, 4.33
2019/05/15 08:01:00, 24.75, 24.54, 24.40, 17.53, 16.02, 0, 0, 4.33
2019/05/15 08:02:00, 24.75, 24.56, 24.40, 17.53, 16.02, 0, 0, 4.33
2019/05/15 08:03:00, 24.75, 24.59, 24.41, 17.55, 16.03, 0, 0, 4.33
2019/05/15 08:04:00, 24.75, 24.54, 24.42, 17.56, 16.01, 0, 0, 4.33
2019/05/15 08:05:00, 24.75, 24.57, 24.42, 17.51, 15.99, 0, 0, 4.33
2019/05/15 08:06:00, 24.75, 24.57, 24.43, 17.50, 16.00, 0, 0, 4.33
2019/05/15 08:07:00, 24.75, 24.60, 24.42, 17.53, 16.00, 0, 0, 4.33
2019/05/15 08:08:00, 24.75, 24.60, 24.43, 17.50, 16.01, 0, 0, 4.33
2019/05/15 08:09:00, 24.75, 24.60, 24.45, 17.52, 16.01, 0, 0, 4.33
2019/05/15 08:10:00, 24.75, 24.66, 24.49, 17.55, 16.01, 0, 0, 4.33
2019/05/15 08:11:00, 24.75, 24.64, 24.47, 17.47, 15.98, 0, 0, 4.33
2019/05/15 08:12:00, 24.75, 24.66, 24.48, 17.43, 15.94, 0, 0, 4.33
2019/05/15 08:13:00, 24.75, 24.66, 24.50, 17.42, 15.94, 0, 0, 4.33
2019/05/15 08:14:00, 24.75, 24.64, 24.50, 17.37, 15.93, 0, 0, 4.33
2019/05/15 08:15:00, 24.75, 24.63, 24.49, 17.47, 15.96, 0, 0, 4.33
2019/05/15 08:16:00, 24.75, 24.67, 24.50, 17.45, 15.95, 0, 0, 4.33
2019/05/15 08:17:00, 24.75, 24.67, 24.51, 17.47, 15.93, 0, 0, 4.33
2019/05/15 08:18:00, 24.75, 24.70, 24.52, 17.50, 15.96, 0, 0, 4.33
2019/05/15 08:19:00, 24.75, 24.67, 24.52, 17.47, 15.94, 0, 0, 4.33
2019/05/15 08:20:00, 24.75, 24.69, 24.52, 17.42, 15.94, 0, 0, 4.33
2019/05/15 08:21:00, 24.75, 24.70, 24.54, 17.47, 15.95, 0, 0, 4.33
2019/05/15 08:22:00, 24.75, 24.71, 24.55, 17.44, 15.96, 0, 0, 4.33
2019/05/15 08:23:00, 24.75, 24.73, 24.56, 17.46, 15.93, 0, 0, 4.33
2019/05/15 08:24:00, 24.75, 24.73, 24.56, 17.39, 15.91, 0, 0, 4.33
2019/05/15 08:25:00, 24.75, 24.73, 24.55, 17.41, 15.89, 0, 0, 4.33
2019/05/15 08:26:00, 24.75, 24.71, 24.56, 17.39, 15.89, 0, 0, 4.33
2019/05/15 08:27:00, 24.75, 24.74, 24.60, 17.39, 15.89, 0, 0, 4.33
2019/05/15 08:28:00, 24.75, 24.73, 24.58, 17.39, 15.90, 0, 0, 4.33
2019/05/15 08:29:00, 24.75, 24.74, 24.58, 17.41, 15.89, 0, 0, 4.33
2019/05/15 08:30:00, 24.75, 24.74, 24.61, 17.33, 15.88, 0, 0, 4.33
2019/05/15 08:31:00, 24.75, 24.77, 24.60, 17.36, 15.85, 0, 0, 4.33
2019/05/15 08:32:00, 24.75, 24.78, 24.63, 17.44, 15.90, 0, 0, 4.33
2019/05/15 08:33:00, 24.75, 24.80, 24.62, 17.43, 15.90, 0, 0, 4.33
2019/05/15 08:34:00, 24.75, 24.80, 24.64, 17.41, 15.91, 0, 0, 4.33
2019/05/15 08:35:00, 24.75, 24.80, 24.64, 17.36, 15.90, 0, 0, 4.33
2019/05/15 08:36:00, 24.75, 24.81, 24.66, 17.39, 15.91, 0, 0, 4.33
2019/05/15 08:37:00, 24.75, 24.80, 24.65, 17.45, 15.91, 0, 0, 4.33
2019/05/15 08:38:00, 24.75, 24.81, 24.66, 17.46, 15.91, 0, 0, 4.33
2019/05/15 08:39:00, 24.75, 24.81, 24.68, 17.43, 15.91, 0, 0, 4.33
2019/05/15 08:40:00, 24.75, 24.82, 24.68, 17.45, 15.91, 0, 0, 4.33
2019/05/15 08:41:00, 24.75, 24.81, 24.69, 17.43, 15.91, 0, 0, 4.33
2019/05/15 08:42:00, 25.00, 24.82, 24.69, 17.46, 15.91, 0, 0, 4.33
2019/05/15 08:43:00, 25.00, 24.82, 24.67, 17.38, 15.91, 0, 0, 4.33
2019/05/15 08:44:00, 25.00, 24.87, 24.69, 17.51, 15.92, 0, 0, 4.33
2019/05/15 08:45:00, 25.00, 24.89, 24.74, 17.45, 15.98, 0, 0, 4.33
2019/05/15 08:46:00, 25.00, 24.89, 24.74, 17.38, 15.94, 0, 0, 4.33
2019/05/15 08:47:00, 25.00, 24.85, 24.74, 17.43, 15.93, 0, 0, 4.33
2019/05/15 08:48:00, 25.00, 24.88, 24.71, 17.40, 15.93, 0, 0, 4.33
2019/05/15 08:49:00, 25.00, 24.88, 24.75, 17.50, 15.97, 0, 0, 4.33
2019/05/15 08:50:00, 25.00, 24.89, 24.76, 17.50, 15.99, 0, 0, 4.33
2019/05/15 08:51:00, 25.00, 24.88, 24.76, 17.51, 15.94, 0, 0, 4.33
2019/05/15 08:52:00, 25.00, 24.95, 24.78, 17.52, 16.04, 0, 0, 4.33
2019/05/15 08:53:00, 25.00, 24.93, 24.77, 17.47, 15.94, 0, 0, 4.33
2019/05/15 08:54:00, 25.00, 24.95, 24.77, 17.42, 15.92, 0, 0, 4.33
2019/05/15 08:55:00, 25.00, 25.00, 24.81, 17.49, 15.98, 0, 0, 4.33
2019/05/15 08:56:00, 25.00, 25.00, 24.84, 17.41, 15.92, 0, 0, 4.33
2019/05/15 08:57:00, 25.00, 24.97, 24.85, 17.47, 15.91, 0, 0, 4.33
2019/05/15 08:58:00, 25.00, 25.02, 24.86, 17.46, 15.97, 0, 0, 4.33
2019/05/15 08:59:00, 25.00, 25.02, 24.86, 17.38, 15.91, 0, 0, 4.33
2019/05/15 09:00:00, 25.00, 25.01, 24.84, 17.23, 15.85, 0, 0, 4.33
2019/05/15 09:01:00, 25.00, 25.06, 24.85, 17.36, 15.85, 0, 0, 4.33
2019/05/15 09:02:00, 25.00, 25.06, 24.89, 17.39, 15.91, 0, 0, 4.33
2019/05/15 09:03:00, 25.00, 25.05, 24.90, 17.40, 15.87, 0, 0, 4.33
2019/05/15 09:04:00, 25.00, 25.11, 24.92, 17.35, 15.90, 0, 0, 4.33
2019/05/15 09:05:00, 25.00, 25.05, 24.90, 17.28, 15.78, 0, 0, 4.33
2019/05/15 09:06:00, 25.00, 25.06, 24.90, 17.33, 15.85, 0, 0, 4.33
2019/05/15 09:07:00, 25.00, 25.08, 24.89, 17.38, 15.87, 0, 0, 4.33
2019/05/15 09:08:00, 25.00, 25.08, 24.87, 17.34, 15.87, 0, 0, 4.33
2019/05/15 09:09:00, 25.00, 25.04, 24.87, 17.31, 15.85, 0, 0, 4.33
2019/05/15 09:10:00, 25.00, 25.04, 24.86, 17.42, 15.89, 0, 0, 4.33
2019/05/15 09:11:00, 25.00, 25.06, 24.89, 17.43, 15.90, 0, 0, 4.33
2019/05/15 09:12:00, 25.00, 25.06, 24.90, 17.40, 15.91, 0, 0, 4.33
2019/05/15 09:13:00, 25.00, 25.09, 24.91, 17.35, 15.87, 0, 0, 4.33
2019/05/15 09:14:00, 25.00, 25.04, 24.90, 17.31, 15.85, 0, 0, 4.33
2019/05/15 09:15:00, 25.00, 25.02, 24.89, 17.33, 15.83, 0, 0, 4.33
2019/05/15 09:16:00, 25.00, 25.08, 24.91, 17.49, 15.92, 0, 0, 4.33
2019/05/15 09:17:00, 25.00, 25.11, 24.93, 17.43, 15.97, 0, 0, 4.33
2019/05/15 09:18:00, 25.00, 25.09, 24.92, 17.43, 15.92, 0, 0, 4.33
2019/05/15 09:19:00, 25.00, 25.11, 24.95, 17.41, 15.94, 0, 0, 4.33
2019/05/15 09:20:00, 25.00, 25.08, 24.93, 17.35, 15.89, 0, 0, 4.33
2019/05/15 09:21:00, 25.00, 25.08, 24.92, 17.36, 15.87, 0, 0, 4.33
2019/05/15 09:22:00, 25.25, 25.09, 24.92, 17.39, 15.91, 0, 0, 4.33
2019/05/15 09:23:00, 25.25, 25.08, 24.91, 17.48, 15.94, 0, 0, 4.33
2019/05/15 09:24:00, 25.25, 25.05, 24.89, 17.46, 15.95, 0, 0, 4.33
2019/05/15 09:25:00, 25.25, 25.06, 24.89, 17.46, 15.95, 0, 0, 4.33
2019/05/15 09:26:00, 25.25, 25.06, 24.87, 17.49, 15.98, 0, 0, 4.33
2019/05/15 09:27:00, 25.25, 25.04, 24.86, 17.42, 15.93, 0, 0, 4.33
2019/05/15 09:28:00, 25.25, 25.04, 24.85, 17.39, 15.95, 0, 0, 4.33
2019/05/15 09:29:00, 25.25, 25.02, 24.86, 17.44, 15.96, 0, 0, 4.33
2019/05/15 09:30:00, 25.25, 25.04, 24.89, 17.49, 16.01, 0, 0, 4.33
2019/05/15 09:31:00, 25.25, 25.05, 24.89, 17.51, 16.00, 0, 0, 4.33
2019/05/15 09:32:00, 25.25, 25.04, 24.85, 17.41, 15.92, 0, 0, 4.33
2019/05/15 09:33:00, 25.25, 25.04, 24.86, 17.47, 15.95, 0, 0, 4.33
2019/05/15 09:34:00, 25.25, 25.06, 24.89, 17.52, 16.00, 0, 0, 4.33
2019/05/15 09:35:00, 25.25, 25.05, 24.86, 17.44, 15.98, 0, 0, 4.33
2019/05/15 09:36:00, 25.25, 25.04, 24.84, 17.46, 15.94, 0, 0, 4.33
2019/05/15 09:37:00, 25.25, 25.06, 24.89, 17.52, 16.01, 0, 0, 4.33
2019/05/15 09:38:00, 25.25, 25.05, 24.89, 17.41, 15.98, 0, 0, 4.33
2019/05/15 09:39:00, 25.25, 25.04, 24.85, 17.46, 15.95, 0, 0, 4.33
2019/05/15 09:40:00, 25.25, 25.06, 24.90, 17.45, 15.96, 0, 0, 4.33
2019/05/15 09:41:00, 25.25, 25.08, 24.90, 17.45, 15.94, 0, 0, 4.33
2019/05/15 09:42:00, 25.25, 25.09, 24.92, 17.35, 15.91, 0, 0, 4.33
2019/05/15 09:43:00, 25.25, 25.12, 24.93, 17.36, 15.90, 0, 0, 4.33
2019/05/15 09:44:00, 25.25, 25.09, 24.92, 17.35, 15.85, 0, 0, 4.33
2019/05/15 09:45:00, 25.25, 25.11, 24.93, 17.36, 15.85, 0, 0, 4.33
2019/05/15 09:46:00, 25.25, 25.12, 24.93, 17.35, 15.88, 0, 0, 4.33
2019/05/15 09:47:00, 25.25, 25.09, 24.94, 17.35, 15.88, 0, 0, 4.33
2019/05/15 09:48:00, 25.25, 25.12, 24.95, 17.35, 15.86, 0, 0, 4.33
2019/05/15 09:49:00, 25.25, 25.12, 24.93, 17.22, 15.79, 0, 0, 4.33
2019/05/15 09:50:00, 25.25, 25.08, 24.92, 17.19, 15.73, 0, 0, 4.33
2019/05/15 09:51:00, 25.25, 25.12, 24.91, 17.28, 15.75, 0, 0, 4.33
2019/05/15 09:52:00, 25.25, 25.09, 24.91, 17.28, 15.81, 0, 0, 4.33
2019/05/15 09:53:00, 25.25, 25.09, 24.91, 17.25, 15.77, 0, 0, 4.33
2019/05/15 09:54:00, 25.25, 25.06, 24.89, 17.23, 15.73, 0, 0, 4.33
2019/05/15 09:55:00, 25.25, 25.04, 24.89, 17.18, 15.72, 0, 0, 4.33
2019/05/15 09:56:00, 25.25, 25.06, 24.92, 17.28, 15.77, 0, 0, 4.33
2019/05/15 09:57:00, 25.25, 25.09, 24.91, 17.27, 15.81, 0, 0, 4.33
2019/05/15 09:58:00, 25.25, 25.09, 24.92, 17.18, 15.72, 0, 0, 4.33
2019/05/15 09:59:00, 25.25, 25.09, 24.92, 17.28, 15.74, 0, 0, 4.33
2019/05/15 10:00:00, 25.25, 25.08, 24.89, 17.17, 15.70, 0, 0, 4.33
2019/05/15 10:01:00, 25.25, 25.08, 24.89, 17.20, 15.70, 0, 0, 4.33
2019/05/15 10:02:00, 25.25, 25.11, 24.93, 17.23, 15.73, 0, 0, 4.33
2019/05/15 10:03:00, 25.25, 25.11, 24.92, 17.22, 15.72, 0, 0, 4.33
2019/05/15 10:04:00, 25.25, 25.08, 24.92, 17.20, 15.67, 0, 0, 4.33
2019/05/15 10:05:00, 25.25, 25.06, 24.90, 17.12, 15.67, 0, 0, 4.33
2019/05/15 10:06:00, 25.25, 25.08, 24.90, 17.25, 15.70, 0, 0, 4.33
2019/05/15 10:07:00, 25.25, 25.08, 24.90, 17.20, 15.69, 0, 0, 4.33
2019/05/15 10:08:00, 25.25, 25.05, 24.89, 17.17, 15.68, 0, 0, 4.33
2019/05/15 10:09:00, 25.25, 25.06, 24.91, 17.14, 15.67, 0, 0, 4.33
2019/05/15 10:10:00, 25.25, 25.08, 24.89, 17.20, 15.69, 0, 0, 4.33
2019/05/15 10:11:00, 25.25, 25.08, 24.90, 17.07, 15.65, 0, 0, 4.33
2019/05/15 10:12:00, 25.25, 25.08, 24.86, 17.05, 15.60, 0, 0, 4.33
2019/05/15 10:13:00, 25.25, 25.05, 24.87, 17.20, 15.63, 0, 0, 4.33
2019/05/15 10:14:00, 25.25, 25.08, 24.89, 17.23, 15.69, 0, 0, 4.33
2019/05/15 10:15:00, 25.25, 25.02, 24.90, 17.14, 15.66, 0, 0, 4.33
2019/05/15 10:16:00, 25.25, 25.06, 24.89, 17.10, 15.61, 0, 0, 4.33
2019/05/15 10:17:00, 25.25, 25.06, 24.87, 17.10, 15.62, 0, 0, 4.33
2019/05/15 10:18:00, 25.25, 25.06, 24.89, 17.15, 15.64, 0, 0, 4.33
2019/05/15 10:19:00, 25.25, 25.06, 24.92, 17.15, 15.66, 0, 0, 4.33
2019/05/15 10:20:00, 25.25, 25.09, 24.93, 17.09, 15.65, 0, 0, 4.33
2019/05/15 10:21:00, 25.25, 25.12, 24.94, 17.09, 15.62, 0, 0, 4.33
2019/05/15 10:22:00, 25.25, 25.15, 24.95, 17.06, 15.62, 0, 0, 4.33
2019/05/15 10:23:00, 25.25, 25.12, 24.95, 17.04, 15.55, 0, 0, 4.33
2019/05/15 10:24:00, 25.25, 25.11, 24.95, 17.07, 15.56, 0, 0, 4.33
2019/05/15 10:25:00, 25.25, 25.12, 24.95, 17.01, 15.53, 0, 0, 4.33
2019/05/15 10:26:00, 25.25, 25.08, 24.90, 16.94, 15.50, 0, 0, 4.33
2019/05/15 10:27:00, 25.25, 25.11, 24.93, 17.09, 15.56, 0, 0, 4.33
2019/05/15 10:28:00, 25.25, 25.11, 24.92, 17.01, 15.56, 0, 0, 4.33
2019/05/15 10:29:00, 25.25, 25.09, 24.92, 16.91, 15.49, 0, 0, 4.33
2019/05/15 10:30:00, 25.25, 25.09, 24.91, 16.99, 15.49, 0, 0, 4.33
2019/05/15 10:31:00, 25.25, 25.09, 24.91, 17.07, 15.56, 0, 0, 4.33
2019/05/15 10:32:00, 25.25, 25.11, 24.93, 17.01, 15.56, 0, 0, 4.33
2019/05/15 10:33:00, 25.25, 25.11, 24.93, 16.99, 15.54, 0, 0, 4.33
2019/05/15 10:34:00, 25.25, 25.08, 24.92, 17.01, 15.53, 0, 0, 4.33
2019/05/15 10:35:00, 25.25, 25.06, 24.92, 16.99, 15.51, 0, 0, 4.33
2019/05/15 10:36:00, 25.25, 25.05, 24.87, 16.89, 15.47, 0, 0, 4.33
2019/05/15 10:37:00, 25.25, 25.04, 24.87, 16.96, 15.46, 0, 0, 4.33
2019/05/15 10:38:00, 25.25, 25.05, 24.86, 17.12, 15.55, 0, 0, 4.33
2019/05/15 10:39:00, 25.25, 25.02, 24.85, 16.98, 15.53, 0, 0, 4.33
2019/05/15 10:40:00, 25.25, 25.01, 24.83, 17.00, 15.49, 0, 0, 4.33
2019/05/15 10:41:00, 25.25, 25.00, 24.83, 16.95, 15.47, 0, 0, 4.33
2019/05/15 10:42:00, 25.25, 25.00, 24.84, 17.11, 15.55, 0, 0, 4.33
2019/05/15 10:43:00, 25.25, 25.02, 24.86, 17.15, 15.59, 0, 0, 4.33
2019/05/15 10:44:00, 25.25, 25.04, 24.87, 17.05, 15.57, 0, 0, 4.33
2019/05/15 10:45:00, 25.25, 25.02, 24.85, 16.97, 15.54, 0, 0, 4.33
2019/05/15 10:46:00, 25.25, 25.01, 24.83, 16.92, 15.46, 0, 0, 4.33
2019/05/15 10:47:00, 25.25, 25.00, 24.83, 16.95, 15.46, 0, 0, 4.33
2019/05/15 10:48:00, 25.25, 25.05, 24.86, 16.97, 15.50, 0, 0, 4.33
2019/05/15 10:49:00, 25.25, 25.04, 24.85, 16.96, 15.48, 0, 0, 4.33
2019/05/15 10:50:00, 25.25, 25.04, 24.85, 17.00, 15.49, 0, 0, 4.33
2019/05/15 10:51:00, 25.25, 25.05, 24.87, 16.91, 15.47, 0, 0, 4.33
2019/05/15 10:52:00, 25.25, 25.06, 24.85, 16.91, 15.44, 0, 0, 4.33
2019/05/15 10:53:00, 25.25, 25.02, 24.85, 16.91, 15.44, 0, 0, 4.33
2019/05/15 10:54:00, 25.25, 25.04, 24.86, 16.89, 15.44, 0, 0, 4.33
2019/05/15 10:55:00, 25.25, 25.06, 24.86, 16.86, 15.40, 0, 0, 4.33
2019/05/15 10:56:00, 25.25, 25.05, 24.87, 16.84, 15.39, 0, 0, 4.33
2019/05/15 10:57:00, 25.25, 25.04, 24.87, 16.84, 15.39, 0, 0, 4.33
2019/05/15 10:58:00, 25.25, 25.05, 24.87, 16.84, 15.39, 0, 0, 4.33
2019/05/15 10:59:00, 25.25, 25.06, 24.89, 16.84, 15.38, 0, 0, 4.33
2019/05/15 11:00:00, 25.25, 25.08, 24.89, 16.84, 15.37, 0, 0, 4.33
2019/05/15 11:01:00, 25.25, 25.09, 24.87, 16.83, 15.32, 0, 0, 4.33
2019/05/15 11:02:00, 25.25, 25.05, 24.87, 16.74, 15.28, 0, 0, 4.33
2019/05/15 11:03:00, 25.25, 25.05, 24.86, 16.79, 15.26, 0, 0, 4.33
2019/05/15 11:04:00, 25.25, 25.06, 24.87, 16.76, 15.30, 0, 0, 4.33
2019/05/15 11:05:00, 25.25, 25.05, 24.87, 16.78, 15.32, 0, 0, 4.33
2019/05/15 11:06:00, 25.25, 25.05, 24.89, 16.69, 15.27, 0, 0, 4.33
2019/05/15 11:07:00, 25.25, 25.05, 24.87, 16.71, 15.23, 0, 0, 4.33
2019/05/15 11:08:00, 25.25, 25.05, 24.85, 16.73, 15.20, 0, 0, 4.33
2019/05/15 11:09:00, 25.25, 25.02, 24.83, 16.69, 15.18, 0, 0, 4.33
2019/05/15 11:10:00, 25.25, 25.04, 24.84, 16.64, 15.20, 0, 0, 4.33
2019/05/15 11:11:00, 25.25, 25.04, 24.85, 16.69, 15.19, 0, 0, 4.33
2019/05/15 11:12:00, 25.25, 25.04, 24.86, 16.74, 15.24, 0, 0, 4.33
2019/05/15 11:13:00, 25.25, 25.05, 24.87, 16.71, 15.24, 0, 0, 4.33
2019/05/15 11:14:00, 25.25, 25.05, 24.85, 16.63, 15.21, 0, 0, 4.33
2019/05/15 11:15:00, 25.25, 25.05, 24.86, 16.61, 15.18, 0, 0, 4.33
2019/05/15 11:16:00, 25.25, 25.02, 24.84, 16.58, 15.16, 0, 0, 4.33
2019/05/15 11:17:00, 25.25, 25.04, 24.86, 16.66, 15.18, 0, 0, 4.33
2019/05/15 11:18:00, 25.25, 25.04, 24.86, 16.69, 15.21, 0, 0, 4.33
2019/05/15 11:19:00, 25.25, 25.05, 24.85, 16.68, 15.23, 0, 0, 4.33
2019/05/15 11:20:00, 25.25, 25.04, 24.83, 16.68, 15.22, 0, 0, 4.33
2019/05/15 11:21:00, 25.25, 25.06, 24.89, 16.63, 15.19, 0, 0, 4.33
2019/05/15 11:22:00, 25.25, 25.05, 24.85, 16.61, 15.15, 0, 0, 4.33
2019/05/15 11:23:00, 25.25, 25.00, 24.83, 16.60, 15.11, 0, 0, 4.33
2019/05/15 11:24:00, 25.25, 25.01, 24.83, 16.71, 15.18, 0, 0, 4.33
2019/05/15 11:25:00, 25.25, 25.04, 24.83, 16.71, 15.21, 0, 0, 4.33
2019/05/15 11:26:00, 25.25, 25.02, 24.85, 16.69, 15.20, 0, 0, 4.33
2019/05/15 11:27:00, 25.25, 25.04, 24.84, 16.73, 15.22, 0, 0, 4.33
2019/05/15 11:28:00, 25.25, 25.04, 24.86, 16.64, 15.22, 0, 0, 4.33
2019/05/15 11:29:00, 25.25, 25.04, 24.86, 16.69, 15.20, 0, 0, 4.33
2019/05/15 11:30:00, 25.25, 25.01, 24.85, 16.64, 15.17, 0, 0, 4.33
2019/05/15 11:31:00, 25.25, 25.02, 24.84, 16.64, 15.16, 0, 0, 4.33
2019/05/15 11:32:00, 25.25, 25.01, 24.85, 16.74, 15.22, 0, 0, 4.33
2019/05/15 11:33:00, 25.25, 25.02, 24.86, 16.73, 15.25, 0, 0, 4.33
2019/05/15 11:34:00, 25.25, 25.04, 24.84, 16.73, 15.24, 0, 0, 4.33
2019/05/15 11:35:00, 25.25, 25.04, 24.86, 16.73, 15.24, 0, 0, 4.33
2019/05/15 11:36:00, 25.25, 25.02, 24.85, 16.74, 15.24, 0, 0, 4.33
2019/05/15 11:37:00, 25.25, 25.02, 24.84, 16.73, 15.24, 0, 0, 4.33
2019/05/15 11:38:00, 25.25, 25.04, 24.84, 16.73, 15.24, 0, 0, 4.33
2019/05/15 11:39:00, 25.25, 25.04, 24.84, 16.79, 15.25, 0, 0, 4.33
2019/05/15 11:40:00, 25.25, 25.01, 24.83, 16.76, 15.26, 0, 0, 4.33
2019/05/15 11:41:00, 25.25, 25.04, 24.84, 16.73, 15.27, 0, 0, 4.33
2019/05/15 11:42:00, 25.25, 25.01, 24.83, 16.79, 15.30, 0, 0, 4.33
2019/05/15 11:43:00, 25.25, 25.01, 24.84, 16.80, 15.29, 0, 0, 4.33
2019/05/15 11:44:00, 25.25, 25.02, 24.84, 16.79, 15.31, 0, 0, 4.33
2019/05/15 11:45:00, 25.25, 24.98, 24.83, 16.79, 15.31, 0, 0, 4.33
2019/05/15 11:46:00, 25.25, 25.00, 24.84, 16.77, 15.33, 0, 0, 4.33
2019/05/15 11:47:00, 25.25, 25.01, 24.81, 16.84, 15.34, 0, 0, 4.33
2019/05/15 11:48:00, 25.25, 24.97, 24.81, 16.72, 15.33, 0, 0, 4.33
2019/05/15 11:49:00, 25.25, 24.98, 24.80, 16.85, 15.34, 0, 0, 4.33
2019/05/15 11:50:00, 25.25, 24.97, 24.78, 16.84, 15.38, 0, 0, 4.33
2019/05/15 11:51:00, 25.25, 24.97, 24.79, 16.90, 15.39, 0, 0, 4.33
2019/05/15 11:52:00, 25.25, 24.98, 24.81, 16.87, 15.40, 0, 0, 4.33
2019/05/15 11:53:00, 25.25, 24.98, 24.79, 16.90, 15.43, 0, 0, 4.33
2019/05/15 11:54:00, 25.25, 24.95, 24.80, 16.97, 15.45, 0, 0, 4.33
2019/05/15 11:55:00, 25.25, 24.94, 24.82, 16.93, 15.46, 0, 0, 4.33
2019/05/15 11:56:00, 25.25, 24.94, 24.77, 16.92, 15.45, 0, 0, 4.33
2019/05/15 11:57:00, 25.25, 24.95, 24.76, 16.98, 15.49, 0, 0, 4.33
2019/05/15 11:58:00, 25.25, 24.95, 24.78, 17.03, 15.53, 0, 0, 4.33
2019/05/15 11:59:00, 25.25, 24.95, 24.78, 17.01, 15.56, 0, 0, 4.33
2019/05/15 12:00:00, 25.25, 24.95, 24.76, 17.10, 15.59, 0, 0, 4.33
2019/05/15 12:01:00, 25.25, 24.93, 24.76, 17.10, 15.62, 0, 0, 4.33
2019/05/15 12:02:00, 25.25, 24.94, 24.77, 17.14, 15.63, 0, 0, 4.33
2019/05/15 12:03:00, 25.25, 24.91, 24.76, 17.08, 15.62, 0, 0, 4.33
2019/05/15 12:04:00, 25.25, 24.88, 24.74, 17.18, 15.66, 0, 0, 4.33
2019/05/15 12:05:00, 25.25, 24.91, 24.74, 17.27, 15.75, 0, 0, 4.33
2019/05/15 12:06:00, 25.25, 24.89, 24.72, 17.30, 15.81, 0, 0, 4.33
2019/05/15 12:07:00, 25.25, 24.87, 24.71, 17.32, 15.82, 0, 0, 4.33
2019/05/15 12:08:00, 25.25, 24.89, 24.72, 17.29, 15.86, 0, 0, 4.33
2019/05/15 12:09:00, 25.25, 24.89, 24.71, 17.39, 15.87, 0, 0, 4.33
2019/05/15 12:10:00, 25.25, 24.93, 24.75, 17.42, 15.90, 0, 0, 4.33
2019/05/15 12:11:00, 25.25, 24.91, 24.75, 17.40, 15.92, 0, 0, 4.33
2019/05/15 12:12:00, 25.25, 24.89, 24.74, 17.42, 15.93, 0, 0, 4.33
2019/05/15 12:13:00, 25.25, 24.89, 24.75, 17.47, 15.96, 0, 0, 4.33
2019/05/15 12:14:00, 25.25, 24.89, 24.72, 17.48, 15.99, 0, 0, 4.33
2019/05/15 12:15:00, 25.25, 24.93, 24.75, 17.55, 16.03, 0, 0, 4.33
2019/05/15 12:16:00, 25.25, 24.93, 24.74, 17.55, 16.04, 0, 0, 4.33
2019/05/15 12:17:00, 25.25, 24.91, 24.75, 17.55, 16.07, 0, 0, 4.33
2019/05/15 12:18:00, 25.25, 24.89, 24.72, 17.58, 16.07, 0, 0, 4.33
2019/05/15 12:19:00, 25.25, 24.89, 24.70, 17.66, 16.15, 0, 0, 4.33
2019/05/15 12:20:00, 25.25, 24.91, 24.75, 17.74, 16.20, 0, 0, 4.33
2019/05/15 12:21:00, 25.25, 24.87, 24.71, 17.80, 16.25, 0, 0, 4.33
2019/05/15 12:22:00, 25.25, 24.89, 24.75, 17.89, 16.34, 0, 0, 4.33
2019/05/15 12:23:00, 25.25, 24.91, 24.75, 17.89, 16.39, 0, 0, 4.33
2019/05/15 12:24:00, 25.25, 24.93, 24.77, 17.95, 16.41, 0, 0, 4.33
2019/05/15 12:25:00, 25.25, 24.93, 24.78, 18.00, 16.47, 0, 0, 4.33
2019/05/15 12:26:00, 25.25, 24.89, 24.76, 18.01, 16.46, 0, 0, 4.33
2019/05/15 12:27:00, 25.25, 24.94, 24.77, 18.07, 16.50, 0, 0, 4.33
2019/05/15 12:28:00, 25.25, 24.97, 24.79, 18.15, 16.59, 0, 0, 4.33
2019/05/15 12:29:00, 25.25, 24.95, 24.80, 18.10, 16.61, 0, 0, 4.33
2019/05/15 12:30:00, 25.25, 24.95, 24.79, 18.09, 16.59, 0, 0, 4.33
2019/05/15 12:31:00, 25.25, 24.98, 24.80, 18.15, 16.63, 0, 0, 4.33
2019/05/15 12:32:00, 25.25, 25.01, 24.83, 18.19, 16.68, 0, 0, 4.33
2019/05/15 12:33:00, 25.25, 25.01, 24.83, 18.21, 16.68, 0, 0, 4.33
2019/05/15 12:34:00, 25.25, 25.04, 24.83, 18.21, 16.68, 0, 0, 4.33
2019/05/15 12:35:00, 25.25, 25.05, 24.84, 18.22, 16.72, 0, 0, 4.33
2019/05/15 12:36:00, 25.25, 25.02, 24.85, 18.26, 16.73, 0, 0, 4.33
2019/05/15 12:37:00, 25.25, 25.05, 24.85, 18.22, 16.75, 0, 0, 4.33
2019/05/15 12:38:00, 25.25, 25.02, 24.86, 18.34, 16.77, 0, 0, 4.33
2019/05/15 12:39:00, 25.25, 25.04, 24.84, 18.32, 16.83, 0, 0, 4.33
2019/05/15 12:40:00, 25.25, 25.06, 24.85, 18.39, 16.87, 0, 0, 4.33
2019/05/15 12:41:00, 25.25, 25.06, 24.85, 18.37, 16.88, 0, 0, 4.33
2019/05/15 12:42:00, 25.25, 25.06, 24.86, 18.45, 16.88, 0, 0, 4.33
2019/05/15 12:43:00, 25.25, 25.09, 24.86, 18.43, 16.93, 0, 0, 4.33
2019/05/15 12:44:00, 25.25, 25.06, 24.85, 18.50, 16.95, 0, 0, 4.33
2019/05/15 12:45:00, 25.25, 25.05, 24.89, 18.47, 16.99, 0, 0, 4.33
2019/05/15 12:46:00, 25.25, 25.06, 24.89, 18.52, 17.01, 0, 0, 4.33
2019/05/15 12:47:00, 25.25, 25.06, 24.91, 18.50, 17.00, 0, 0, 4.33
2019/05/15 12:48:00, 25.25, 25.05, 24.87, 18.47, 16.96, 0, 0, 4.33
2019/05/15 12:49:00, 25.25, 25.04, 24.85, 18.50, 16.95, 0, 0, 4.33
2019/05/15 12:50:00, 25.25, 25.02, 24.83, 18.50, 16.98, 0, 0, 4.33
2019/05/15 12:51:00, 25.25, 25.04, 24.83, 18.55, 17.02, 0, 0, 4.33
2019/05/15 12:52:00, 25.25, 25.00, 24.81, 18.56, 17.07, 0, 0, 4.33
2019/05/15 12:53:00, 25.25, 24.98, 24.83, 18.63, 17.07, 0, 0, 4.33
2019/05/15 12:54:00, 25.25, 24.97, 24.80, 18.64, 17.09, 0, 0, 4.33
2019/05/15 12:55:00, 25.25, 25.00, 24.80, 18.64, 17.11, 0, 0, 4.33
2019/05/15 12:56:00, 25.25, 25.01, 24.82, 18.67, 17.15, 0, 0, 4.33
2019/05/15 12:57:00, 25.25, 25.01, 24.84, 18.71, 17.17, 0, 0, 4.33
2019/05/15 12:58:00, 25.25, 25.02, 24.83, 18.76, 17.20, 0, 0, 4.33
2019/05/15 12:59:00, 25.25, 25.04, 24.85, 18.71, 17.22, 0, 0, 4.33
2019/05/15 13:00:00, 25.25, 25.05, 24.89, 18.68, 17.20, 0, 0, 4.33
2019/05/15 13:01:00, 25.25, 25.06, 24.87, 18.75, 17.20, 0, 0, 4.33
2019/05/15 13:02:00, 25.25, 25.08, 24.89, 18.73, 17.19, 0, 0, 4.33
2019/05/15 13:03:00, 25.25, 25.05, 24.87, 18.75, 17.21, 0, 0, 4.33
2019/05/15 13:04:00, 25.25, 25.06, 24.87, 18.73, 17.21, 0, 0, 4.33
2019/05/15 13:05:00, 25.25, 25.05, 24.86, 18.78, 17.22, 0, 0, 4.33
2019/05/15 13:06:00, 25.25, 25.06, 24.87, 18.76, 17.21, 0, 0, 4.33
2019/05/15 13:07:00, 25.25, 25.05, 24.86, 18.75, 17.23, 0, 0, 4.33
2019/05/15 13:08:00, 25.25, 25.05, 24.85, 18.76, 17.24, 0, 0, 4.33
2019/05/15 13:09:00, 25.25, 25.02, 24.87, 18.76, 17.27, 0, 0, 4.33
2019/05/15 13:10:00, 25.25, 25.04, 24.86, 18.79, 17.25, 0, 0, 4.33
2019/05/15 13:11:00, 25.25, 25.02, 24.84, 18.89, 17.26, 0, 0, 4.33
2019/05/15 13:12:00, 25.25, 25.04, 24.84, 18.86, 17.32, 0, 0, 4.33
2019/05/15 13:13:00, 25.25, 25.05, 24.85, 18.92, 17.35, 0, 0, 4.33
2019/05/15 13:14:00, 25.25, 25.02, 24.86, 18.84, 17.34, 0, 0, 4.33
2019/05/15 13:15:00, 25.25, 25.05, 24.83, 18.86, 17.33, 0, 0, 4.33
2019/05/15 13:16:00, 25.25, 25.04, 24.85, 18.82, 17.31, 0, 0, 4.33
2019/05/15 13:17:00, 25.25, 25.00, 24.84, 18.82, 17.30, 0, 0, 4.33
2019/05/15 13:18:00, 25.25, 25.01, 24.82, 18.90, 17.33, 0, 0, 4.33
2019/05/15 13:19:00, 25.25, 24.98, 24.83, 18.90, 17.36, 0, 0, 4.33
2019/05/15 13:20:00, 25.25, 25.01, 24.82, 18.92, 17.38, 0, 0, 4.33
2019/05/15 13:21:00, 25.25, 25.00, 24.81, 18.98, 17.42, 0, 0, 4.33
2019/05/15 13:22:00, 25.25, 25.00, 24.81, 18.98, 17.43, 0, 0, 4.33
2019/05/15 13:23:00, 25.25, 24.98, 24.82, 18.95, 17.43, 0, 0, 4.33
2019/05/15 13:24:00, 25.25, 25.01, 24.82, 18.99, 17.44, 0, 0, 4.33
2019/05/15 13:25:00, 25.25, 25.01, 24.83, 18.95, 17.45, 0, 0, 4.33
2019/05/15 13:26:00, 25.25, 25.01, 24.83, 18.95, 17.45, 0, 0, 4.33
2019/05/15 13:27:00, 25.25, 25.00, 24.81, 18.95, 17.44, 0, 0, 4.33
2019/05/15 13:28:00, 25.25, 24.98, 24.79, 18.98, 17.46, 0, 0, 4.33
2019/05/15 13:29:00, 25.25, 25.00, 24.82, 19.00, 17.49, 0, 0, 4.33
2019/05/15 13:30:00, 25.25, 25.01, 24.82, 19.00, 17.51, 0, 0, 4.33
2019/05/15 13:31:00, 25.25, 25.00, 24.83, 19.05, 17.50, 0, 0, 4.33
2019/05/15 13:32:00, 25.25, 25.01, 24.83, 19.12, 17.53, 0, 0, 4.33
2019/05/15 13:33:00, 25.25, 25.02, 24.83, 19.15, 17.58, 0, 0, 4.33
2019/05/15 13:34:00, 25.25, 25.01, 24.82, 19.18, 17.63, 0, 0, 4.33
2019/05/15 13:35:00, 25.25, 25.01, 24.84, 19.18, 17.66, 0, 0, 4.33
2019/05/15 13:36:00, 25.25, 25.04, 24.83, 19.26, 17.70, 0, 0, 4.33
2019/05/15 13:37:00, 25.25, 25.01, 24.83, 19.21, 17.71, 0, 0, 4.33
2019/05/15 13:38:00, 25.25, 25.04, 24.83, 19.26, 17.71, 0, 0, 4.33
2019/05/15 13:39:00, 25.25, 25.01, 24.86, 19.29, 17.75, 0, 0, 4.33
2019/05/15 13:40:00, 25.25, 25.01, 24.86, 19.29, 17.76, 0, 0, 4.33
2019/05/15 13:41:00, 25.25, 25.00, 24.83, 19.26, 17.75, 0, 0, 4.33
2019/05/15 13:42:00, 25.25, 25.04, 24.83, 19.33, 17.75, 0, 0, 4.33
2019/05/15 13:43:00, 25.25, 25.02, 24.84, 19.26, 17.75, 0, 0, 4.33
2019/05/15 13:44:00, 25.25, 25.01, 24.84, 19.20, 17.73, 0, 0, 4.33
2019/05/15 13:45:00, 25.25, 25.02, 24.83, 19.31, 17.74, 0, 0, 4.33
2019/05/15 13:46:00, 25.25, 25.00, 24.81, 19.24, 17.73, 0, 0, 4.33
2019/05/15 13:47:00, 25.25, 25.01, 24.80, 19.31, 17.77, 0, 0, 4.33
2019/05/15 13:48:00, 25.25, 25.00, 24.83, 19.38, 17.80, 0, 0, 4.33
2019/05/15 13:49:00, 25.25, 25.01, 24.82, 19.36, 17.82, 0, 0, 4.33
2019/05/15 13:50:00, 25.25, 25.04, 24.83, 19.39, 17.84, 0, 0, 4.33
2019/05/15 13:51:00, 25.25, 25.01, 24.83, 19.39, 17.86, 0, 0, 4.33
2019/05/15 13:52:00, 25.25, 25.04, 24.85, 19.42, 17.86, 0, 0, 4.33
2019/05/15 13:53:00, 25.25, 24.98, 24.83, 19.37, 17.84, 0, 0, 4.33
2019/05/15 13:54:00, 25.25, 24.98, 24.83, 19.38, 17.89, 0, 0, 4.33
2019/05/15 13:55:00, 25.25, 25.01, 24.85, 19.42, 17.88, 0, 0, 4.33
2019/05/15 13:56:00, 25.25, 25.00, 24.81, 19.44, 17.89, 0, 0, 4.33
2019/05/15 13:57:00, 25.25, 24.98, 24.81, 19.49, 17.91, 0, 0, 4.33
2019/05/15 13:58:00, 25.25, 24.95, 24.81, 19.51, 17.97, 0, 0, 4.33
2019/05/15 13:59:00, 25.25, 24.95, 24.81, 19.54, 17.97, 0, 0, 4.33
2019/05/15 14:00:00, 25.25, 24.97, 24.80, 19.55, 18.03, 0, 0, 4.33
2019/05/15 14:01:00, 25.25, 24.97, 24.81, 19.63, 18.07, 0, 0, 4.33
2019/05/15 14:02:00, 25.25, 24.98, 24.79, 19.60, 18.10, 0, 0, 4.33
2019/05/15 14:03:00, 25.25, 24.95, 24.79, 19.65, 18.08, 0, 0, 4.33
2019/05/15 14:04:00, 25.25, 24.93, 24.76, 19.64, 18.10, 0, 0, 4.33
2019/05/15 14:05:00, 25.25, 24.91, 24.77, 19.70, 18.16, 0, 0, 4.33
2019/05/15 14:06:00, 25.25, 24.94, 24.77, 19.78, 18.21, 0, 0, 4.33
2019/05/15 14:07:00, 25.25, 24.94, 24.77, 19.78, 18.20, 0, 0, 4.33
2019/05/15 14:08:00, 25.25, 24.95, 24.79, 19.76, 18.22, 0, 0, 4.33
2019/05/15 14:09:00, 25.25, 24.95, 24.77, 19.84, 18.24, 0, 0, 4.33
2019/05/15 14:10:00, 25.25, 24.94, 24.77, 19.84, 18.23, 0, 0, 4.33
2019/05/15 14:11:00, 25.25, 24.95, 24.76, 19.89, 18.29, 0, 0, 4.33
2019/05/15 14:12:00, 25.25, 24.93, 24.76, 19.94, 18.32, 0, 0, 4.33
2019/05/15 14:13:00, 25.25, 24.91, 24.75, 19.81, 18.29, 0, 0, 4.33
2019/05/15 14:14:00, 25.25, 24.89, 24.71, 19.92, 18.36, 0, 0, 4.33
2019/05/15 14:15:00, 25.25, 24.93, 24.74, 20.00, 18.42, 0, 0, 4.33
2019/05/15 14:16:00, 25.25, 24.91, 24.74, 20.00, 18.43, 0, 0, 4.33
2019/05/15 14:17:00, 25.25, 24.91, 24.74, 19.97, 18.42, 0, 0, 4.33
2019/05/15 14:18:00, 25.25, 24.93, 24.75, 20.05, 18.45, 0, 0, 4.33
2019/05/15 14:19:00, 25.25, 24.93, 24.76, 20.00, 18.45, 0, 0, 4.33
2019/05/15 14:20:00, 25.25, 24.89, 24.75, 20.07, 18.48, 0, 0, 4.33
2019/05/15 14:21:00, 25.25, 24.93, 24.75, 20.04, 18.48, 0, 0, 4.33
2019/05/15 14:22:00, 25.25, 24.93, 24.76, 20.05, 18.52, 0, 0, 4.33
2019/05/15 14:23:00, 25.25, 24.91, 24.74, 20.12, 18.54, 0, 0, 4.33
2019/05/15 14:24:00, 25.25, 24.91, 24.74, 20.17, 18.58, 0, 0, 4.33
2019/05/15 14:25:00, 25.25, 24.94, 24.77, 20.17, 18.60, 0, 0, 4.33
2019/05/15 14:26:00, 25.25, 24.95, 24.78, 20.17, 18.63, 0, 0, 4.33
2019/05/15 14:27:00, 25.25, 24.97, 24.77, 20.17, 18.60, 0, 0, 4.33
2019/05/15 14:28:00, 25.25, 24.97, 24.79, 20.23, 18.65, 0, 0, 4.33
2019/05/15 14:29:00, 25.25, 24.95, 24.78, 20.16, 18.62, 0, 0, 4.33
2019/05/15 14:30:00, 25.25, 24.94, 24.75, 20.23, 18.60, 0, 0, 4.33
2019/05/15 14:31:00, 25.25, 24.94, 24.77, 20.31, 18.71, 0, 0, 4.33
2019/05/15 14:32:00, 25.25, 24.93, 24.77, 20.38, 18.74, 0, 0, 4.33
2019/05/15 14:33:00, 25.25, 24.95, 24.78, 20.40, 18.78, 0, 0, 4.33
2019/05/15 14:34:00, 25.25, 24.97, 24.80, 20.37, 18.81, 0, 0, 4.33
2019/05/15 14:35:00, 25.25, 24.95, 24.81, 20.37, 18.81, 0, 0, 4.33
2019/05/15 14:36:00, 25.25, 24.98, 24.80, 20.35, 18.80, 0, 0, 4.33
2019/05/15 14:37:00, 25.25, 24.98, 24.81, 20.37, 18.82, 0, 0, 4.33
2019/05/15 14:38:00, 25.25, 24.97, 24.78, 20.43, 18.85, 0, 0, 4.33
2019/05/15 14:39:00, 25.25, 24.98, 24.80, 20.43, 18.87, 0, 0, 4.33
2019/05/15 14:40:00, 25.25, 24.98, 24.79, 20.41, 18.87, 0, 0, 4.33
2019/05/15 14:41:00, 25.25, 24.95, 24.80, 20.43, 18.85, 0, 0, 4.33
2019/05/15 14:42:00, 25.25, 24.94, 24.77, 20.43, 18.87, 0, 0, 4.33
2019/05/15 14:43:00, 25.25, 24.95, 24.81, 20.50, 18.94, 0, 0, 4.33
2019/05/15 14:44:00, 25.25, 24.98, 24.80, 20.54, 18.97, 0, 0, 4.33
2019/05/15 14:45:00, 25.25, 24.97, 24.79, 20.54, 18.97, 0, 0, 4.33
2019/05/15 14:46:00, 25.25, 24.98, 24.79, 20.58, 18.97, 0, 0, 4.33
2019/05/15 14:47:00, 25.25, 24.95, 24.80, 20.59, 18.98, 0, 0, 4.33
2019/05/15 14:48:00, 25.25, 24.98, 24.79, 20.54, 18.98, 0, 0, 4.33
2019/05/15 14:49:00, 25.25, 24.97, 24.79, 20.48, 18.97, 0, 0, 4.33
2019/05/15 14:50:00, 25.25, 24.95, 24.78, 20.54, 18.98, 0, 0, 4.33
2019/05/15 14:51:00, 25.25, 24.97, 24.78, 20.59, 19.00, 0, 0, 4.33
2019/05/15 14:52:00, 25.25, 24.95, 24.79, 20.64, 19.03, 0, 0, 4.33
2019/05/15 14:53:00, 25.25, 24.95, 24.79, 20.61, 19.03, 0, 0, 4.33
2019/05/15 14:54:00, 25.25, 24.98, 24.80, 20.66, 19.07, 0, 0, 4.33
2019/05/15 14:55:00, 25.25, 24.95, 24.76, 20.54, 19.03, 0, 0, 4.33
2019/05/15 14:56:00, 25.25, 24.94, 24.78, 20.65, 19.05, 0, 0, 4.33
2019/05/15 14:57:00, 25.25, 24.94, 24.78, 20.69, 19.05, 0, 0, 4.33
2019/05/15 14:58:00, 25.25, 24.91, 24.77, 20.69, 19.14, 0, 0, 4.33
2019/05/15 14:59:00, 25.25, 24.94, 24.75, 20.70, 19.11, 0, 0, 4.33
2019/05/15 15:00:00, 25.25, 24.93, 24.77, 20.71, 19.13, 0, 0, 4.33
2019/05/15 15:01:00, 25.25, 24.91, 24.75, 20.67, 19.12, 0, 0, 4.33
2019/05/15 15:02:00, 25.25, 24.88, 24.74, 20.70, 19.13, 0, 0, 4.33
2019/05/15 15:03:00, 25.25, 24.93, 24.75, 20.83, 19.18, 0, 0, 4.33
2019/05/15 15:04:00, 25.25, 24.93, 24.77, 20.73, 19.18, 0, 0, 4.33
2019/05/15 15:05:00, 25.25, 24.89, 24.74, 20.73, 19.13, 0, 0, 4.33
2019/05/15 15:06:00, 25.25, 24.89, 24.72, 20.69, 19.14, 0, 0, 4.33
2019/05/15 15:07:00, 25.25, 24.89, 24.71, 20.72, 19.15, 0, 0, 4.33
2019/05/15 15:08:00, 25.25, 24.87, 24.69, 20.72, 19.14, 0, 0, 4.33
2019/05/15 15:09:00, 25.25, 24.85, 24.68, 20.86, 19.19, 0, 0, 4.33
2019/05/15 15:10:00, 25.25, 24.85, 24.70, 20.85, 19.24, 0, 0, 4.33
2019/05/15 15:11:00, 25.25, 24.85, 24.68, 20.75, 19.19, 0, 0, 4.33
2019/05/15 15:12:00, 25.25, 24.81, 24.65, 20.78, 19.21, 0, 0, 4.33
2019/05/15 15:13:00, 25.25, 24.84, 24.67, 20.86, 19.26, 0, 0, 4.33
2019/05/15 15:14:00, 25.25, 24.84, 24.68, 20.86, 19.26, 0, 0, 4.33
2019/05/15 15:15:00, 25.25, 24.82, 24.67, 20.78, 19.25, 0, 0, 4.33
2019/05/15 15:16:00, 25.25, 24.82, 24.64, 20.89, 19.23, 0, 0, 4.33
2019/05/15 15:17:00, 25.25, 24.80, 24.61, 20.83, 19.26, 0, 0, 4.33
2019/05/15 15:18:00, 25.25, 24.84, 24.66, 20.94, 19.30, 0, 0, 4.33
2019/05/15 15:19:00, 25.25, 24.84, 24.67, 20.91, 19.35, 0, 0, 4.33
2019/05/15 15:20:00, 25.25, 24.82, 24.67, 20.84, 19.28, 0, 0, 4.33
2019/05/15 15:21:00, 25.25, 24.77, 24.64, 20.82, 19.25, 0, 0, 4.33
2019/05/15 15:22:00, 25.25, 24.78, 24.63, 20.82, 19.26, 0, 0, 4.33
2019/05/15 15:23:00, 25.25, 24.77, 24.63, 20.91, 19.32, 0, 0, 4.33
2019/05/15 15:24:00, 25.25, 24.77, 24.61, 20.97, 19.34, 0, 0, 4.33
2019/05/15 15:25:00, 25.25, 24.77, 24.62, 20.95, 19.36, 0, 0, 4.33
2019/05/15 15:26:00, 25.25, 24.80, 24.62, 20.96, 19.36, 0, 0, 4.33
2019/05/15 15:27:00, 25.25, 24.77, 24.63, 20.89, 19.35, 0, 0, 4.33
2019/05/15 15:28:00, 25.25, 24.77, 24.63, 21.00, 19.34, 0, 0, 4.33
2019/05/15 15:29:00, 25.25, 24.80, 24.63, 20.97, 19.37, 0, 0, 4.33
2019/05/15 15:30:00, 25.25, 24.75, 24.61, 20.97, 19.36, 0, 0, 4.33
2019/05/15 15:31:00, 25.25, 24.77, 24.61, 20.97, 19.38, 0, 0, 4.33
2019/05/15 15:32:00, 25.25, 24.78, 24.61, 21.00, 19.42, 0, 0, 4.33
2019/05/15 15:33:00, 25.25, 24.80, 24.65, 21.00, 19.44, 0, 0, 4.33
2019/05/15 15:34:00, 25.25, 24.84, 24.66, 21.02, 19.43, 0, 0, 4.33
2019/05/15 15:35:00, 25.25, 24.80, 24.66, 20.93, 19.36, 0, 0, 4.33
2019/05/15 15:36:00, 25.25, 24.81, 24.65, 20.89, 19.33, 0, 0, 4.33
2019/05/15 15:37:00, 25.25, 24.81, 24.64, 20.99, 19.34, 0, 0, 4.33
2019/05/15 15:38:00, 25.25, 24.81, 24.63, 20.92, 19.36, 0, 0, 4.33
2019/05/15 15:39:00, 25.25, 24.80, 24.62, 20.97, 19.37, 0, 0, 4.33
2019/05/15 15:40:00, 25.25, 24.80, 24.63, 21.04, 19.38, 0, 0, 4.33
2019/05/15 15:41:00, 25.25, 24.74, 24.58, 21.02, 19.36, 0, 0, 4.33
2019/05/15 15:42:00, 25.25, 24.77, 24.64, 21.07, 19.41, 0, 0, 4.33
2019/05/15 15:43:00, 25.25, 24.80, 24.62, 21.00, 19.40, 0, 0, 4.33
2019/05/15 15:44:00, 25.25, 24.77, 24.61, 21.02, 19.38, 0, 0, 4.33
2019/05/15 15:45:00, 25.25, 24.80, 24.64, 21.05, 19.43, 0, 0, 4.33
2019/05/15 15:46:00, 25.25, 24.80, 24.62, 21.02, 19.43, 0, 0, 4.33
2019/05/15 15:47:00, 25.25, 24.80, 24.62, 20.95, 19.41, 0, 0, 4.33
2019/05/15 15:48:00, 25.25, 24.78, 24.62, 20.95, 19.34, 0, 0, 4.33
2019/05/15 15:49:00, 25.25, 24.77, 24.58, 20.99, 19.36, 0, 0, 4.33
2019/05/15 15:50:00, 25.25, 24.77, 24.61, 21.07, 19.43, 0, 0, 4.33
2019/05/15 15:51:00, 25.25, 24.77, 24.58, 20.99, 19.39, 0, 0, 4.33
2019/05/15 15:52:00, 25.25, 24.75, 24.61, 21.07, 19.43, 0, 0, 4.33
2019/05/15 15:53:00, 25.25, 24.78, 24.62, 21.07, 19.48, 0, 0, 4.33
2019/05/15 15:54:00, 25.25, 24.81, 24.63, 21.05, 19.47, 0, 0, 4.33
2019/05/15 15:55:00, 25.25, 24.77, 24.61, 21.04, 19.41, 0, 0, 4.33
2019/05/15 15:56:00, 25.25, 24.80, 24.62, 20.95, 19.39, 0, 0, 4.33
2019/05/15 15:57:00, 25.25, 24.75, 24.62, 20.99, 19.42, 0, 0, 4.33
2019/05/15 15:58:00, 25.25, 24.75, 24.60, 21.02, 19.38, 0, 0, 4.33
2019/05/15 15:59:00, 25.25, 24.75, 24.55, 20.97, 19.38, 0, 0, 4.33
2019/05/15 16:00:00, 25.25, 24.73, 24.55, 21.08, 19.42, 0, 0, 4.33
2019/05/15 16:01:00, 25.25, 24.70, 24.56, 21.03, 19.45, 0, 0, 4.33
2019/05/15 16:02:00, 25.25, 24.71, 24.56, 21.06, 19.45, 0, 0, 4.33
2019/05/15 16:03:00, 25.25, 24.71, 24.53, 21.03, 19.45, 0, 0, 4.33
2019/05/15 16:04:00, 25.25, 24.70, 24.55, 21.11, 19.46, 0, 0, 4.33
2019/05/15 16:05:00, 25.25, 24.74, 24.55, 21.15, 19.50, 0, 0, 4.33
2019/05/15 16:06:00, 25.25, 24.73, 24.57, 21.20, 19.53, 0, 0, 4.33
2019/05/15 16:07:00, 25.25, 24.74, 24.58, 21.11, 19.52, 0, 0, 4.33
2019/05/15 16:08:00, 25.25, 24.75, 24.58, 21.07, 19.47, 0, 0, 4.33
2019/05/15 16:09:00, 25.25, 24.74, 24.60, 21.05, 19.49, 0, 0, 4.33
2019/05/15 16:10:00, 25.25, 24.75, 24.58, 20.99, 19.42, 0, 0, 4.33
2019/05/15 16:11:00, 25.25, 24.77, 24.58, 21.08, 19.44, 0, 0, 4.33
2019/05/15 16:12:00, 25.25, 24.77, 24.61, 21.08, 19.49, 0, 0, 4.33
2019/05/15 16:13:00, 25.25, 24.78, 24.60, 21.02, 19.46, 0, 0, 4.33
2019/05/15 16:14:00, 25.25, 24.75, 24.61, 20.99, 19.42, 0, 0, 4.33
2019/05/15 16:15:00, 25.25, 24.80, 24.60, 21.10, 19.47, 0, 0, 4.33
2019/05/15 16:16:00, 25.25, 24.77, 24.60, 20.93, 19.42, 0, 0, 4.33
2019/05/15 16:17:00, 25.25, 24.75, 24.58, 21.03, 19.42, 0, 0, 4.33
2019/05/15 16:18:00, 25.25, 24.77, 24.58, 21.05, 19.46, 0, 0, 4.33
2019/05/15 16:19:00, 25.25, 24.75, 24.60, 21.11, 19.51, 0, 0, 4.33
2019/05/15 16:20:00, 25.25, 24.75, 24.56, 21.13, 19.49, 0, 0, 4.33
2019/05/15 16:21:00, 25.25, 24.74, 24.57, 21.11, 19.53, 0, 0, 4.33
2019/05/15 16:22:00, 25.25, 24.73, 24.56, 21.11, 19.49, 0, 0, 4.33
2019/05/15 16:23:00, 25.25, 24.71, 24.55, 21.19, 19.52, 0, 0, 4.33
2019/05/15 16:24:00, 25.25, 24.73, 24.56, 21.18, 19.57, 0, 0, 4.33
2019/05/15 16:25:00, 25.25, 24.74, 24.57, 21.24, 19.58, 0, 0, 4.33
2019/05/15 16:26:00, 25.25, 24.75, 24.56, 21.11, 19.56, 0, 0, 4.33
2019/05/15 16:27:00, 25.25, 24.71, 24.53, 21.08, 19.50, 0, 0, 4.33
2019/05/15 16:28:00, 25.25, 24.70, 24.54, 21.16, 19.52, 0, 0, 4.33
2019/05/15 16:29:00, 25.25, 24.71, 24.54, 21.24, 19.58, 0, 0, 4.33
2019/05/15 16:30:00, 25.25, 24.74, 24.53, 21.15, 19.57, 0, 0, 4.33
2019/05/15 16:31:00, 25.25, 24.70, 24.52, 21.16, 19.53, 0, 0, 4.33
2019/05/15 16:32:00, 25.25, 24.71, 24.54, 21.08, 19.55, 0, 0, 4.33
2019/05/15 16:33:00, 25.25, 24.67, 24.52, 21.10, 19.52, 0, 0, 4.33
2019/05/15 16:34:00, 25.25, 24.66, 24.50, 21.13, 19.52, 0, 0, 4.33
2019/05/15 16:35:00, 25.25, 24.70, 24.51, 21.21, 19.54, 0, 0, 4.33
2019/05/15 16:36:00, 25.25, 24.67, 24.53, 21.01, 19.54, 0, 0, 4.33
2019/05/15 16:37:00, 25.25, 24.67, 24.50, 21.01, 19.45, 0, 0, 4.33
2019/05/15 16:38:00, 25.25, 24.67, 24.48, 21.09, 19.45, 0, 0, 4.33
2019/05/15 16:39:00, 25.25, 24.66, 24.50, 21.13, 19.48, 0, 0, 4.33
2019/05/15 16:40:00, 25.25, 24.69, 24.52, 21.16, 19.52, 0, 0, 4.33
2019/05/15 16:41:00, 25.25, 24.67, 24.54, 21.00, 19.48, 0, 0, 4.33
2019/05/15 16:42:00, 25.25, 24.70, 24.51, 21.00, 19.41, 0, 0, 4.33
2019/05/15 16:43:00, 25.25, 24.73, 24.53, 21.02, 19.44, 0, 0, 4.33
2019/05/15 16:44:00, 25.25, 24.71, 24.54, 21.02, 19.40, 0, 0, 4.33
2019/05/15 16:45:00, 25.25, 24.71, 24.54, 20.97, 19.42, 0, 0, 4.33
2019/05/15 16:46:00, 25.25, 24.71, 24.53, 20.92, 19.36, 0, 0, 4.33
2019/05/15 16:47:00, 25.25, 24.67, 24.52, 20.98, 19.36, 0, 0, 4.33
2019/05/15 16:48:00, 25.25, 24.71, 24.52, 20.97, 19.38, 0, 0, 4.33
2019/05/15 16:49:00, 25.25, 24.71, 24.54, 20.98, 19.39, 0, 0, 4.33
2019/05/15 16:50:00, 25.25, 24.74, 24.54, 20.90, 19.34, 0, 0, 4.33
2019/05/15 16:51:00, 25.25, 24.69, 24.55, 20.93, 19.34, 0, 0, 4.33
2019/05/15 16:52:00, 25.25, 24.70, 24.52, 20.90, 19.32, 0, 0, 4.33
2019/05/15 16:53:00, 25.25, 24.67, 24.52, 20.98, 19.36, 0, 0, 4.33
2019/05/15 16:54:00, 25.25, 24.69, 24.52, 20.92, 19.35, 0, 0, 4.33
2019/05/15 16:55:00, 25.25, 24.64, 24.50, 20.93, 19.31, 0, 0, 4.33
2019/05/15 16:56:00, 25.25, 24.67, 24.48, 20.96, 19.35, 0, 0, 4.33
2019/05/15 16:57:00, 25.25, 24.64, 24.50, 20.91, 19.36, 0, 0, 4.33
2019/05/15 16:58:00, 25.25, 24.63, 24.45, 20.94, 19.33, 0, 0, 4.33
2019/05/15 16:59:00, 25.25, 24.64, 24.45, 20.98, 19.36, 0, 0, 4.33
2019/05/15 17:00:00, 25.25, 24.63, 24.46, 20.96, 19.36, 0, 0, 4.33
2019/05/15 17:01:00, 25.25, 24.64, 24.46, 20.98, 19.38, 0, 0, 4.33
2019/05/15 17:02:00, 25.25, 24.60, 24.45, 20.94, 19.35, 0, 0, 4.33
2019/05/15 17:03:00, 25.25, 24.59, 24.43, 20.96, 19.36, 0, 0, 4.33
2019/05/15 17:04:00, 25.25, 24.59, 24.42, 20.94, 19.35, 0, 0, 4.33
2019/05/15 17:05:00, 25.25, 24.59, 24.42, 21.01, 19.39, 0, 0, 4.33
2019/05/15 17:06:00, 25.25, 24.60, 24.42, 21.03, 19.42, 0, 0, 4.33
2019/05/15 17:07:00, 25.25, 24.59, 24.42, 20.98, 19.40, 0, 0, 4.33
2019/05/15 17:08:00, 25.00, 24.60, 24.43, 20.99, 19.39, 0, 0, 4.33
2019/05/15 17:09:00, 25.00, 24.61, 24.45, 20.98, 19.40, 0, 0, 4.33
2019/05/15 17:10:00, 25.00, 24.63, 24.46, 20.99, 19.39, 0, 0, 4.33
2019/05/15 17:11:00, 25.00, 24.63, 24.46, 20.88, 19.38, 0, 0, 4.33
2019/05/15 17:12:00, 25.00, 24.66, 24.46, 20.94, 19.35, 0, 0, 4.33
2019/05/15 17:13:00, 25.00, 24.63, 24.46, 20.90, 19.34, 0, 0, 4.33
2019/05/15 17:14:00, 25.00, 24.63, 24.45, 20.93, 19.33, 0, 0, 4.33
2019/05/15 17:15:00, 25.00, 24.64, 24.45, 20.98, 19.36, 0, 0, 4.33
2019/05/15 17:16:00, 25.00, 24.64, 24.46, 20.93, 19.36, 0, 0, 4.33
2019/05/15 17:17:00, 25.00, 24.63, 24.46, 20.98, 19.37, 0, 0, 4.33
2019/05/15 17:18:00, 25.25, 24.66, 24.48, 20.99, 19.39, 0, 0, 4.33
2019/05/15 17:19:00, 25.00, 24.64, 24.48, 20.96, 19.36, 0, 0, 4.33
2019/05/15 17:20:00, 25.00, 24.66, 24.50, 20.93, 19.35, 0, 0, 4.33
2019/05/15 17:21:00, 25.00, 24.69, 24.50, 20.93, 19.32, 0, 0, 4.33
2019/05/15 17:22:00, 25.00, 24.67, 24.49, 20.87, 19.29, 0, 0, 4.33
2019/05/15 17:23:00, 25.00, 24.66, 24.48, 20.92, 19.29, 0, 0, 4.33
2019/05/15 17:24:00, 25.00, 24.64, 24.47, 20.90, 19.29, 0, 0, 4.33
2019/05/15 17:25:00, 25.00, 24.63, 24.46, 20.92, 19.32, 0, 0, 4.33
2019/05/15 17:26:00, 25.00, 24.63, 24.49, 20.98, 19.36, 0, 0, 4.33
2019/05/15 17:27:00, 25.00, 24.67, 24.50, 20.98, 19.39, 0, 0, 4.33
2019/05/15 17:28:00, 25.00, 24.70, 24.48, 20.95, 19.35, 0, 0, 4.33
2019/05/15 17:29:00, 25.00, 24.71, 24.51, 20.93, 19.33, 0, 0, 4.33
2019/05/15 17:30:00, 25.00, 24.70, 24.52, 20.90, 19.35, 0, 0, 4.33
2019/05/15 17:31:00, 25.00, 24.71, 24.53, 20.88, 19.30, 0, 0, 4.33
2019/05/15 17:32:00, 25.00, 24.71, 24.53, 20.83, 19.28, 0, 0, 4.33
2019/05/15 17:33:00, 25.00, 24.71, 24.53, 20.87, 19.28, 0, 0, 4.33
2019/05/15 17:34:00, 25.00, 24.71, 24.53, 20.82, 19.29, 0, 0, 4.33
2019/05/15 17:35:00, 25.00, 24.73, 24.53, 20.82, 19.28, 0, 0, 4.33
2019/05/15 17:36:00, 25.00, 24.70, 24.55, 20.82, 19.26, 0, 0, 4.33
2019/05/15 17:37:00, 25.00, 24.69, 24.54, 20.81, 19.26, 0, 0, 4.33
2019/05/15 17:38:00, 25.00, 24.73, 24.55, 20.82, 19.26, 0, 0, 4.33
2019/05/15 17:39:00, 25.00, 24.73, 24.55, 20.81, 19.24, 0, 0, 4.33
2019/05/15 17:40:00, 25.00, 24.74, 24.55, 20.79, 19.25, 0, 0, 4.33
2019/05/15 17:41:00, 25.00, 24.73, 24.54, 20.82, 19.23, 0, 0, 4.33
2019/05/15 17:42:00, 25.00, 24.74, 24.53, 20.77, 19.20, 0, 0, 4.33
2019/05/15 17:43:00, 25.00, 24.71, 24.58, 20.81, 19.22, 0, 0, 4.33
2019/05/15 17:44:00, 25.00, 24.73, 24.53, 20.75, 19.20, 0, 0, 4.33
2019/05/15 17:45:00, 25.00, 24.75, 24.56, 20.79, 19.18, 0, 0, 4.33
2019/05/15 17:46:00, 25.00, 24.74, 24.56, 20.81, 19.23, 0, 0, 4.33
2019/05/15 17:47:00, 25.00, 24.75, 24.55, 20.72, 19.20, 0, 0, 4.33
2019/05/15 17:48:00, 25.00, 24.74, 24.58, 20.71, 19.18, 0, 0, 4.33
2019/05/15 17:49:00, 25.00, 24.77, 24.55, 20.77, 19.16, 0, 0, 4.33
2019/05/15 17:50:00, 25.00, 24.73, 24.54, 20.81, 19.19, 0, 0, 4.33
2019/05/15 17:51:00, 25.00, 24.74, 24.55, 20.72, 19.19, 0, 0, 4.33
2019/05/15 17:52:00, 25.00, 24.75, 24.56, 20.76, 19.19, 0, 0, 4.33
2019/05/15 17:53:00, 25.00, 24.75, 24.56, 20.79, 19.19, 0, 0, 4.33
2019/05/15 17:54:00, 25.00, 24.75, 24.58, 20.74, 19.18, 0, 0, 4.33
2019/05/15 17:55:00, 25.00, 24.75, 24.58, 20.69, 19.15, 0, 0, 4.33
2019/05/15 17:56:00, 25.00, 24.73, 24.57, 20.74, 19.16, 0, 0, 4.33
2019/05/15 17:57:00, 25.00, 24.74, 24.57, 20.69, 19.16, 0, 0, 4.33
2019/05/15 17:58:00, 25.00, 24.74, 24.55, 20.75, 19.16, 0, 0, 4.33
2019/05/15 17:59:00, 25.00, 24.75, 24.56, 20.76, 19.15, 0, 0, 4.33
2019/05/15 18:00:00, 25.00, 24.74, 24.57, 20.71, 19.17, 0, 0, 4.33
2019/05/15 18:01:00, 25.00, 24.74, 24.58, 20.70, 19.16, 0, 0, 4.33
2019/05/15 18:02:00, 25.00, 24.74, 24.57, 20.74, 19.17, 0, 0, 4.33
2019/05/15 18:03:00, 25.00, 24.77, 24.60, 20.77, 19.17, 0, 0, 4.33
2019/05/15 18:04:00, 25.00, 24.75, 24.56, 20.71, 19.15, 0, 0, 4.33
2019/05/15 18:05:00, 25.00, 24.74, 24.57, 20.76, 19.16, 0, 0, 4.33
2019/05/15 18:06:00, 25.00, 24.74, 24.58, 20.79, 19.19, 0, 0, 4.33
2019/05/15 18:07:00, 25.00, 24.77, 24.58, 20.79, 19.19, 0, 0, 4.33
2019/05/15 18:08:00, 25.00, 24.78, 24.62, 20.74, 19.19, 0, 0, 4.33
2019/05/15 18:09:00, 25.00, 24.77, 24.60, 20.79, 19.18, 0, 0, 4.33
2019/05/15 18:10:00, 25.00, 24.78, 24.60, 20.76, 19.19, 0, 0, 4.33
2019/05/15 18:11:00, 25.00, 24.78, 24.61, 20.76, 19.19, 0, 0, 4.33
2019/05/15 18:12:00, 25.00, 24.77, 24.61, 20.70, 19.18, 0, 0, 4.33
2019/05/15 18:13:00, 25.00, 24.80, 24.60, 20.76, 19.19, 0, 0, 4.33
2019/05/15 18:14:00, 25.00, 24.80, 24.62, 20.73, 19.17, 0, 0, 4.33
2019/05/15 18:15:00, 25.00, 24.80, 24.63, 20.81, 19.19, 0, 0, 4.33
2019/05/15 18:16:00, 25.00, 24.80, 24.63, 20.70, 19.20, 0, 0, 4.33
2019/05/15 18:17:00, 25.00, 24.81, 24.65, 20.78, 19.19, 0, 0, 4.33
2019/05/15 18:18:00, 25.00, 24.81, 24.64, 20.76, 19.19, 0, 0, 4.33
2019/05/15 18:19:00, 25.25, 24.81, 24.65, 20.78, 19.19, 0, 0, 4.33
2019/05/15 18:20:00, 25.25, 24.82, 24.65, 20.73, 19.19, 0, 0, 4.33
2019/05/15 18:21:00, 25.00, 24.82, 24.65, 20.75, 19.17, 0, 0, 4.33
2019/05/15 18:22:00, 25.25, 24.82, 24.66, 20.78, 19.17, 0, 0, 4.33
2019/05/15 18:23:00, 25.00, 24.82, 24.67, 20.75, 19.18, 0, 0, 4.33
2019/05/15 18:24:00, 25.25, 24.85, 24.65, 20.76, 19.18, 0, 0, 4.33
2019/05/15 18:25:00, 25.25, 24.85, 24.67, 20.76, 19.19, 0, 0, 4.33
2019/05/15 18:26:00, 25.25, 24.88, 24.65, 20.81, 19.19, 0, 0, 4.33
2019/05/15 18:27:00, 25.25, 24.84, 24.67, 20.71, 19.16, 0, 0, 4.33
2019/05/15 18:28:00, 25.25, 24.84, 24.69, 20.73, 19.16, 0, 0, 4.33
2019/05/15 18:29:00, 25.25, 24.85, 24.69, 20.72, 19.17, 0, 0, 4.33
2019/05/15 18:30:00, 25.25, 24.85, 24.70, 20.73, 19.18, 0, 0, 4.33
2019/05/15 18:31:00, 25.25, 24.88, 24.69, 20.72, 19.16, 0, 0, 4.33
2019/05/15 18:32:00, 25.25, 24.87, 24.71, 20.77, 19.15, 0, 0, 4.33
2019/05/15 18:33:00, 25.25, 24.88, 24.69, 20.71, 19.15, 0, 0, 4.33
2019/05/15 18:34:00, 25.25, 24.89, 24.71, 20.69, 19.15, 0, 0, 4.33
2019/05/15 18:35:00, 25.25, 24.89, 24.71, 20.70, 19.16, 0, 0, 4.33
2019/05/15 18:36:00, 25.25, 24.89, 24.71, 20.68, 19.13, 0, 0, 4.33
2019/05/15 18:37:00, 25.25, 24.89, 24.72, 20.70, 19.15, 0, 0, 4.33
2019/05/15 18:38:00, 25.25, 24.89, 24.70, 20.72, 19.15, 0, 0, 4.33
2019/05/15 18:39:00, 25.25, 24.89, 24.71, 20.73, 19.13, 0, 0, 4.33
2019/05/15 18:40:00, 25.25, 24.89, 24.74, 20.60, 19.13, 0, 0, 4.33
2019/05/15 18:41:00, 25.25, 24.87, 24.71, 20.67, 19.09, 0, 0, 4.33
2019/05/15 18:42:00, 25.25, 24.88, 24.70, 20.64, 19.09, 0, 0, 4.33
2019/05/15 18:43:00, 25.25, 24.87, 24.68, 20.65, 19.12, 0, 0, 4.33
2019/05/15 18:44:00, 25.25, 24.85, 24.68, 20.68, 19.13, 0, 0, 4.33
2019/05/15 18:45:00, 25.25, 24.84, 24.65, 20.70, 19.13, 0, 0, 4.33
2019/05/15 18:46:00, 25.25, 24.81, 24.67, 20.70, 19.15, 0, 0, 4.33
2019/05/15 18:47:00, 25.25, 24.82, 24.65, 20.73, 19.17, 0, 0, 4.33
2019/05/15 18:48:00, 25.25, 24.80, 24.63, 20.76, 19.17, 0, 0, 4.33
2019/05/15 18:49:00, 25.25, 24.81, 24.64, 20.81, 19.19, 0, 0, 4.33
2019/05/15 18:50:00, 25.25, 24.80, 24.63, 20.76, 19.19, 0, 0, 4.33
2019/05/15 18:51:00, 25.25, 24.81, 24.64, 20.73, 19.19, 0, 0, 4.33
2019/05/15 18:52:00, 25.25, 24.77, 24.62, 20.75, 19.19, 0, 0, 4.33
2019/05/15 18:53:00, 25.25, 24.78, 24.62, 20.77, 19.20, 0, 0, 4.33
2019/05/15 18:54:00, 25.25, 24.80, 24.62, 20.73, 19.19, 0, 0, 4.33
2019/05/15 18:55:00, 25.25, 24.78, 24.62, 20.76, 19.20, 0, 0, 4.33
2019/05/15 18:56:00, 25.25, 24.77, 24.57, 20.76, 19.20, 0, 0, 4.33
2019/05/15 18:57:00, 25.25, 24.78, 24.58, 20.79, 19.20, 0, 0, 4.33
2019/05/15 18:58:00, 25.25, 24.77, 24.58, 20.79, 19.23, 0, 0, 4.33
2019/05/15 18:59:00, 25.25, 24.74, 24.56, 20.79, 19.22, 0, 0, 4.33
2019/05/15 19:00:00, 25.25, 24.75, 24.56, 20.74, 19.23, 0, 0, 4.33
2019/05/15 19:01:00, 25.25, 24.75, 24.55, 20.82, 19.23, 0, 0, 4.33
2019/05/15 19:02:00, 25.25, 24.74, 24.56, 20.82, 19.24, 0, 0, 4.33
2019/05/15 19:03:00, 25.25, 24.73, 24.56, 20.77, 19.22, 0, 0, 4.33
2019/05/15 19:04:00, 25.25, 24.73, 24.55, 20.82, 19.25, 0, 0, 4.33
2019/05/15 19:05:00, 25.25, 24.74, 24.53, 20.75, 19.25, 0, 0, 4.33
2019/05/15 19:06:00, 25.25, 24.73, 24.55, 20.79, 19.23, 0, 0, 4.33
2019/05/15 19:07:00, 25.25, 24.71, 24.55, 20.83, 19.26, 0, 0, 4.33
2019/05/15 19:08:00, 25.25, 24.73, 24.53, 20.79, 19.25, 0, 0, 4.33
2019/05/15 19:09:00, 25.25, 24.70, 24.52, 20.85, 19.25, 0, 0, 4.33
2019/05/15 19:10:00, 25.25, 24.73, 24.51, 20.85, 19.24, 0, 0, 4.33
2019/05/15 19:11:00, 25.25, 24.70, 24.52, 20.85, 19.23, 0, 0, 4.33
2019/05/15 19:12:00, 25.25, 24.67, 24.52, 20.82, 19.25, 0, 0, 4.33
2019/05/15 19:13:00, 25.25, 24.70, 24.52, 20.82, 19.24, 0, 0, 4.33
2019/05/15 19:14:00, 25.25, 24.69, 24.51, 20.82, 19.23, 0, 0, 4.33
2019/05/15 19:15:00, 25.25, 24.69, 24.50, 20.80, 19.23, 0, 0, 4.33
2019/05/15 19:16:00, 25.25, 24.69, 24.51, 20.77, 19.24, 0, 0, 4.33
2019/05/15 19:17:00, 25.25, 24.67, 24.50, 20.79, 19.23, 0, 0, 4.33
2019/05/15 19:18:00, 25.25, 24.69, 24.50, 20.75, 19.23, 0, 0, 4.33
2019/05/15 19:19:00, 25.25, 24.66, 24.49, 20.87, 19.23, 0, 0, 4.33
2019/05/15 19:20:00, 25.25, 24.64, 24.48, 20.80, 19.24, 0, 0, 4.33
2019/05/15 19:21:00, 25.25, 24.67, 24.47, 20.83, 19.25, 0, 0, 4.33
2019/05/15 19:22:00, 25.25, 24.64, 24.46, 20.82, 19.24, 0, 0, 4.33
2019/05/15 19:23:00, 25.25, 24.66, 24.47, 20.80, 19.24, 0, 0, 4.33
2019/05/15 19:24:00, 25.25, 24.61, 24.46, 20.80, 19.23, 0, 0, 4.33
2019/05/15 19:25:00, 25.25, 24.64, 24.45, 20.80, 19.24, 0, 0, 4.33
2019/05/15 19:26:00, 25.25, 24.63, 24.43, 20.81, 19.24, 0, 0, 4.33
2019/05/15 19:27:00, 25.25, 24.63, 24.42, 20.80, 19.23, 0, 0, 4.33
2019/05/15 19:28:00, 25.25, 24.63, 24.43, 20.80, 19.23, 0, 0, 4.33
2019/05/15 19:29:00, 25.00, 24.60, 24.43, 20.76, 19.20, 0, 0, 4.33
2019/05/15 19:30:00, 25.00, 24.59, 24.43, 20.75, 19.23, 0, 0, 4.33
2019/05/15 19:31:00, 25.00, 24.60, 24.42, 20.78, 19.23, 0, 0, 4.33
2019/05/15 19:32:00, 25.00, 24.57, 24.41, 20.73, 19.23, 0, 0, 4.33
2019/05/15 19:33:00, 25.00, 24.59, 24.41, 20.78, 19.23, 0, 0, 4.33
2019/05/15 19:34:00, 25.00, 24.59, 24.41, 20.83, 19.23, 0, 0, 4.33
2019/05/15 19:35:00, 25.00, 24.57, 24.38, 20.86, 19.23, 0, 0, 4.33
2019/05/15 19:36:00, 25.00, 24.56, 24.39, 20.81, 19.23, 0, 0, 4.33
2019/05/15 19:37:00, 25.00, 24.56, 24.37, 20.83, 19.22, 0, 0, 4.33
2019/05/15 19:38:00, 25.00, 24.56, 24.37, 20.81, 19.23, 0, 0, 4.33
2019/05/15 19:39:00, 25.00, 24.56, 24.35, 20.83, 19.24, 0, 0, 4.33
2019/05/15 19:40:00, 25.00, 24.53, 24.34, 20.86, 19.25, 0, 0, 4.33
2019/05/15 19:41:00, 25.00, 24.53, 24.36, 20.79, 19.28, 0, 0, 4.33
2019/05/15 19:42:00, 25.00, 24.54, 24.35, 20.81, 19.26, 0, 0, 4.33
2019/05/15 19:43:00, 25.00, 24.53, 24.34, 20.86, 19.26, 0, 0, 4.33
2019/05/15 19:44:00, 25.00, 24.52, 24.35, 20.87, 19.25, 0, 0, 4.33
2019/05/15 19:45:00, 25.00, 24.49, 24.34, 20.82, 19.26, 0, 0, 4.33
2019/05/15 19:46:00, 25.00, 24.52, 24.35, 20.84, 19.26, 0, 0, 4.33
2019/05/15 19:47:00, 25.00, 24.50, 24.33, 20.86, 19.26, 0, 0, 4.33
2019/05/15 19:48:00, 25.00, 24.50, 24.34, 20.84, 19.25, 0, 0, 4.33
2019/05/15 19:49:00, 25.00, 24.50, 24.33, 20.87, 19.26, 0, 0, 4.33
2019/05/15 19:50:00, 25.00, 24.50, 24.32, 20.87, 19.26, 0, 0, 4.33
2019/05/15 19:51:00, 25.00, 24.49, 24.32, 20.87, 19.27, 0, 0, 4.33
2019/05/15 19:52:00, 25.00, 24.46, 24.31, 20.84, 19.28, 0, 0, 4.33
2019/05/15 19:53:00, 25.00, 24.49, 24.31, 20.82, 19.27, 0, 0, 4.33
2019/05/15 19:54:00, 25.00, 24.49, 24.31, 20.90, 19.27, 0, 0, 4.33
2019/05/15 19:55:00, 25.00, 24.50, 24.28, 20.90, 19.29, 0, 0, 4.33
2019/05/15 19:56:00, 25.00, 24.47, 24.31, 20.93, 19.29, 0, 0, 4.33
2019/05/15 19:57:00, 25.00, 24.47, 24.30, 20.86, 19.29, 0, 0, 4.33
2019/05/15 19:58:00, 25.00, 24.47, 24.27, 20.87, 19.29, 0, 0, 4.33
2019/05/15 19:59:00, 25.00, 24.46, 24.28, 20.87, 19.29, 0, 0, 4.33
2019/05/15 20:00:00, 25.00, 24.46, 24.28, 20.87, 19.29, 0, 0, 4.33
2019/05/15 20:01:00, 25.00, 24.44, 24.26, 20.88, 19.30, 0, 0, 4.33
2019/05/15 20:02:00, 25.00, 24.46, 24.27, 20.87, 19.30, 0, 0, 4.33
2019/05/15 20:03:00, 25.00, 24.42, 24.26, 20.88, 19.29, 0, 0, 4.33
2019/05/15 20:04:00, 25.00, 24.44, 24.27, 20.93, 19.30, 0, 0, 4.33
2019/05/15 20:05:00, 25.00, 24.42, 24.25, 20.86, 19.32, 0, 0, 4.33
2019/05/15 20:06:00, 25.00, 24.43, 24.25, 20.90, 19.31, 0, 0, 4.33
2019/05/15 20:07:00, 25.00, 24.43, 24.24, 20.92, 19.32, 0, 0, 4.33
2019/05/15 20:08:00, 25.00, 24.42, 24.24, 20.90, 19.34, 0, 0, 4.33
2019/05/15 20:09:00, 25.00, 24.42, 24.24, 20.92, 19.33, 0, 0, 4.33
2019/05/15 20:10:00, 25.00, 24.42, 24.22, 20.92, 19.34, 0, 0, 4.33
2019/05/15 20:11:00, 25.00, 24.42, 24.22, 20.95, 19.34, 0, 0, 4.33
2019/05/15 20:12:00, 25.00, 24.40, 24.21, 20.93, 19.36, 0, 0, 4.33
2019/05/15 20:13:00, 25.00, 24.42, 24.22, 20.98, 19.35, 0, 0, 4.33
2019/05/15 20:14:00, 25.00, 24.40, 24.22, 20.90, 19.38, 0, 0, 4.33
2019/05/15 20:15:00, 25.00, 24.38, 24.22, 20.98, 19.38, 0, 0, 4.33
2019/05/15 20:16:00, 25.00, 24.39, 24.19, 20.96, 19.39, 0, 0, 4.33
2019/05/15 20:17:00, 25.00, 24.40, 24.19, 20.96, 19.39, 0, 0, 4.33
2019/05/15 20:18:00, 25.00, 24.36, 24.19, 20.99, 19.40, 0, 0, 4.33
2019/05/15 20:19:00, 25.00, 24.36, 24.20, 20.99, 19.41, 0, 0, 4.33
2019/05/15 20:20:00, 25.00, 24.39, 24.19, 21.02, 19.42, 0, 0, 4.33
2019/05/15 20:21:00, 25.00, 24.39, 24.18, 20.96, 19.42, 0, 0, 4.33
2019/05/15 20:22:00, 25.00, 24.35, 24.19, 21.02, 19.42, 0, 0, 4.33
2019/05/15 20:23:00, 25.00, 24.36, 24.18, 21.02, 19.44, 0, 0, 4.33
2019/05/15 20:24:00, 25.00, 24.33, 24.17, 21.01, 19.42, 0, 0, 4.33
2019/05/15 20:25:00, 25.00, 24.32, 24.16, 21.04, 19.44, 0, 0, 4.33
2019/05/15 20:26:00, 25.00, 24.32, 24.16, 21.09, 19.45, 0, 0, 4.33
2019/05/15 20:27:00, 25.00, 24.32, 24.13, 21.02, 19.45, 0, 0, 4.33
2019/05/15 20:28:00, 25.00, 24.33, 24.15, 21.07, 19.46, 0, 0, 4.33
2019/05/15 20:29:00, 25.00, 24.32, 24.13, 21.08, 19.48, 0, 0, 4.33
2019/05/15 20:30:00, 25.00, 24.31, 24.13, 21.07, 19.48, 0, 0, 4.33
2019/05/15 20:31:00, 25.00, 24.32, 24.13, 21.10, 19.48, 0, 0, 4.33
2019/05/15 20:32:00, 25.00, 24.32, 24.11, 21.05, 19.49, 0, 0, 4.33
2019/05/15 20:33:00, 25.00, 24.31, 24.13, 21.10, 19.49, 0, 0, 4.33
2019/05/15 20:34:00, 25.00, 24.32, 24.12, 21.07, 19.50, 0, 0, 4.33
2019/05/15 20:35:00, 25.00, 24.32, 24.11, 21.08, 19.50, 0, 0, 4.33
2019/05/15 20:36:00, 25.00, 24.32, 24.09, 21.10, 19.51, 0, 0, 4.33
2019/05/15 20:37:00, 25.00, 24.31, 24.10, 21.13, 19.52, 0, 0, 4.33
2019/05/15 20:38:00, 25.00, 24.29, 24.11, 21.13, 19.53, 0, 0, 4.33
2019/05/15 20:39:00, 25.00, 24.29, 24.11, 21.08, 19.53, 0, 0, 4.33
2019/05/15 20:40:00, 24.75, 24.32, 24.09, 21.10, 19.53, 0, 0, 4.33
2019/05/15 20:41:00, 24.75, 24.29, 24.10, 21.12, 19.54, 0, 0, 4.33
2019/05/15 20:42:00, 25.00, 24.29, 24.11, 21.15, 19.54, 0, 0, 4.33
2019/05/15 20:43:00, 24.75, 24.27, 24.09, 21.13, 19.55, 0, 0, 4.33
2019/05/15 20:44:00, 25.00, 24.26, 24.08, 21.15, 19.53, 0, 0, 4.33
2019/05/15 20:45:00, 24.75, 24.27, 24.09, 21.08, 19.55, 0, 0, 4.33
2019/05/15 20:46:00, 24.75, 24.26, 24.10, 21.13, 19.52, 0, 0, 4.33
2019/05/15 20:47:00, 24.75, 24.26, 24.09, 21.12, 19.55, 0, 0, 4.33
2019/05/15 20:48:00, 24.75, 24.27, 24.07, 21.15, 19.55, 0, 0, 4.33
2019/05/15 20:49:00, 24.75, 24.26, 24.08, 21.15, 19.55, 0, 0, 4.33
2019/05/15 20:50:00, 24.75, 24.23, 24.06, 21.18, 19.55, 0, 0, 4.33
2019/05/15 20:51:00, 24.75, 24.25, 24.06, 21.13, 19.54, 0, 0, 4.33
2019/05/15 20:52:00, 24.75, 24.23, 24.07, 21.15, 19.56, 0, 0, 4.33
2019/05/15 20:53:00, 24.75, 24.25, 24.06, 21.19, 19.55, 0, 0, 4.33
2019/05/15 20:54:00, 24.75, 24.23, 24.05, 21.16, 19.57, 0, 0, 4.33
2019/05/15 20:55:00, 24.75, 24.25, 24.05, 21.15, 19.55, 0, 0, 4.33
2019/05/15 20:56:00, 24.75, 24.22, 24.04, 21.11, 19.56, 0, 0, 4.33
2019/05/15 20:57:00, 24.75, 24.20, 24.05, 21.19, 19.58, 0, 0, 4.33
2019/05/15 20:58:00, 24.75, 24.22, 24.04, 21.16, 19.56, 0, 0, 4.33
2019/05/15 20:59:00, 24.75, 24.20, 24.03, 21.13, 19.58, 0, 0, 4.33
2019/05/15 21:00:00, 24.75, 24.19, 24.02, 21.21, 19.59, 0, 0, 4.33
2019/05/15 21:01:00, 24.75, 24.20, 24.03, 21.18, 19.59, 0, 0, 4.33
2019/05/15 21:02:00, 24.75, 24.20, 24.03, 21.22, 19.61, 0, 0, 4.33
2019/05/15 21:03:00, 24.75, 24.22, 24.02, 21.21, 19.61, 0, 0, 4.32
2019/05/15 21:04:00, 24.75, 24.19, 24.02, 21.18, 19.59, 0, 0, 4.33
2019/05/15 21:05:00, 24.75, 24.19, 24.02, 21.19, 19.58, 0, 0, 4.33
2019/05/15 21:06:00, 24.75, 24.20, 24.03, 21.19, 19.58, 0, 0, 4.33
2019/05/15 21:07:00, 24.75, 24.20, 24.04, 21.26, 19.59, 0, 0, 4.33
2019/05/15 21:08:00, 24.75, 24.19, 24.02, 21.23, 19.58, 0, 0, 4.33
2019/05/15 21:09:00, 24.75, 24.19, 24.00, 21.19, 19.61, 0, 0, 4.33
2019/05/15 21:10:00, 24.75, 24.18, 24.00, 21.21, 19.58, 0, 0, 4.33
2019/05/15 21:11:00, 24.75, 24.18, 24.01, 21.25, 19.61, 0, 0, 4.33
2019/05/15 21:12:00, 24.75, 24.18, 24.00, 21.16, 19.61, 0, 0, 4.33
2019/05/15 21:13:00, 24.75, 24.16, 24.01, 21.21, 19.61, 0, 0, 4.33
2019/05/15 21:14:00, 24.75, 24.15, 24.00, 21.21, 19.61, 0, 0, 4.33
2019/05/15 21:15:00, 24.75, 24.16, 24.00, 21.21, 19.61, 0, 0, 4.33
2019/05/15 21:16:00, 24.75, 24.16, 23.98, 21.18, 19.61, 0, 0, 4.33
2019/05/15 21:17:00, 24.75, 24.16, 23.97, 21.16, 19.61, 0, 0, 4.33
2019/05/15 21:18:00, 24.75, 24.18, 23.98, 21.27, 19.61, 0, 0, 4.33
2019/05/15 21:19:00, 24.75, 24.15, 23.97, 21.19, 19.61, 0, 0, 4.33
2019/05/15 21:20:00, 24.75, 24.15, 23.95, 21.22, 19.62, 0, 0, 4.33
2019/05/15 21:21:00, 24.75, 24.18, 23.97, 21.25, 19.65, 0, 0, 4.33
2019/05/15 21:22:00, 24.75, 24.15, 23.97, 21.27, 19.65, 0, 0, 4.33
2019/05/15 21:23:00, 24.75, 24.15, 23.95, 21.27, 19.65, 0, 0, 4.33
2019/05/15 21:24:00, 24.75, 24.14, 23.97, 21.22, 19.65, 0, 0, 4.33
2019/05/15 21:25:00, 24.75, 24.14, 23.95, 21.22, 19.65, 0, 0, 4.33
2019/05/15 21:26:00, 24.75, 24.15, 23.95, 21.25, 19.65, 0, 0, 4.33
2019/05/15 21:27:00, 24.75, 24.12, 23.93, 21.27, 19.65, 0, 0, 4.33
2019/05/15 21:28:00, 24.75, 24.12, 23.94, 21.32, 19.66, 0, 0, 4.33
2019/05/15 21:29:00, 24.75, 24.12, 23.95, 21.27, 19.66, 0, 0, 4.33
2019/05/15 21:30:00, 24.75, 24.12, 23.94, 21.27, 19.67, 0, 0, 4.33
2019/05/15 21:31:00, 24.75, 24.12, 23.95, 21.27, 19.66, 0, 0, 4.33
2019/05/15 21:32:00, 24.75, 24.12, 23.95, 21.30, 19.68, 0, 0, 4.33
2019/05/15 21:33:00, 24.75, 24.12, 23.92, 21.29, 19.67, 0, 0, 4.33
2019/05/15 21:34:00, 24.75, 24.14, 23.93, 21.30, 19.66, 0, 0, 4.33
2019/05/15 21:35:00, 24.75, 24.12, 23.93, 21.27, 19.69, 0, 0, 4.33
2019/05/15 21:36:00, 24.75, 24.12, 23.94, 21.24, 19.68, 0, 0, 4.33
2019/05/15 21:37:00, 24.75, 24.11, 23.93, 21.30, 19.68, 0, 0, 4.33
2019/05/15 21:38:00, 24.75, 24.12, 23.92, 21.27, 19.69, 0, 0, 4.33
2019/05/15 21:39:00, 24.75, 24.09, 23.94, 21.30, 19.68, 0, 0, 4.33
2019/05/15 21:40:00, 24.75, 24.14, 23.92, 21.30, 19.69, 0, 0, 4.33
2019/05/15 21:41:00, 24.75, 24.09, 23.93, 21.29, 19.69, 0, 0, 4.33
2019/05/15 21:42:00, 24.75, 24.11, 23.92, 21.33, 19.70, 0, 0, 4.33
2019/05/15 21:43:00, 24.75, 24.09, 23.92, 21.30, 19.70, 0, 0, 4.33
2019/05/15 21:44:00, 24.75, 24.11, 23.92, 21.28, 19.72, 0, 0, 4.33
2019/05/15 21:45:00, 24.75, 24.09, 23.91, 21.25, 19.71, 0, 0, 4.33
2019/05/15 21:46:00, 24.75, 24.08, 23.90, 21.31, 19.71, 0, 0, 4.33
2019/05/15 21:47:00, 24.75, 24.09, 23.92, 21.30, 19.70, 0, 0, 4.33
2019/05/15 21:48:00, 24.75, 24.08, 23.91, 21.33, 19.72, 0, 0, 4.33
2019/05/15 21:49:00, 24.75, 24.08, 23.91, 21.31, 19.71, 0, 0, 4.33
2019/05/15 21:50:00, 24.75, 24.09, 23.91, 21.31, 19.72, 0, 0, 4.33
2019/05/15 21:51:00, 24.75, 24.08, 23.92, 21.30, 19.71, 0, 0, 4.33
2019/05/15 21:52:00, 24.75, 24.09, 23.92, 21.33, 19.72, 0, 0, 4.33
2019/05/15 21:53:00, 24.75, 24.09, 23.89, 21.35, 19.73, 0, 0, 4.33
2019/05/15 21:54:00, 24.75, 24.07, 23.89, 21.33, 19.72, 0, 0, 4.33
2019/05/15 21:55:00, 24.75, 24.09, 23.88, 21.38, 19.74, 0, 0, 4.33
2019/05/15 21:56:00, 24.75, 24.11, 23.88, 21.42, 19.74, 0, 0, 4.33
2019/05/15 21:57:00, 24.75, 24.09, 23.90, 21.36, 19.74, 0, 0, 4.33
2019/05/15 21:58:00, 24.75, 24.08, 23.87, 21.36, 19.74, 0, 0, 4.33
2019/05/15 21:59:00, 24.75, 24.08, 23.90, 21.35, 19.74, 0, 0, 4.33
2019/05/15 22:00:00, 24.50, 24.08, 23.90, 21.33, 19.74, 0, 0, 4.33
2019/05/15 22:01:00, 24.50, 24.07, 23.89, 21.36, 19.76, 0, 0, 4.33
2019/05/15 22:02:00, 24.75, 24.07, 23.87, 21.33, 19.75, 0, 0, 4.33
2019/05/15 22:03:00, 24.50, 24.08, 23.87, 21.42, 19.76, 0, 0, 4.33
2019/05/15 22:04:00, 24.50, 24.07, 23.86, 21.38, 19.77, 0, 0, 4.33
2019/05/15 22:05:00, 24.50, 24.07, 23.88, 21.35, 19.77, 0, 0, 4.33
2019/05/15 22:06:00, 24.50, 24.07, 23.86, 21.41, 19.78, 0, 0, 4.33
2019/05/15 22:07:00, 24.50, 24.07, 23.88, 21.36, 19.77, 0, 0, 4.33
2019/05/15 22:08:00, 24.50, 24.07, 23.87, 21.39, 19.78, 0, 0, 4.33
2019/05/15 22:09:00, 24.50, 24.07, 23.87, 21.44, 19.79, 0, 0, 4.33
2019/05/15 22:10:00, 24.50, 24.05, 23.87, 21.40, 19.80, 0, 0, 4.33
2019/05/15 22:11:00, 24.50, 24.05, 23.87, 21.40, 19.80, 0, 0, 4.33
2019/05/15 22:12:00, 24.50, 24.05, 23.87, 21.41, 19.80, 0, 0, 4.33
2019/05/15 22:13:00, 24.50, 24.05, 23.87, 21.49, 19.82, 0, 0, 4.33
2019/05/15 22:14:00, 24.50, 24.08, 23.87, 21.44, 19.81, 0, 0, 4.33
2019/05/15 22:15:00, 24.50, 24.04, 23.87, 21.41, 19.82, 0, 0, 4.33
2019/05/15 22:16:00, 24.50, 24.02, 23.88, 21.41, 19.81, 0, 0, 4.33
2019/05/15 22:17:00, 24.50, 24.04, 23.87, 21.41, 19.82, 0, 0, 4.33
2019/05/15 22:18:00, 24.50, 24.04, 23.86, 21.48, 19.83, 0, 0, 4.33
2019/05/15 22:19:00, 24.50, 24.04, 23.86, 21.48, 19.84, 0, 0, 4.33
2019/05/15 22:20:00, 24.50, 24.05, 23.87, 21.44, 19.84, 0, 0, 4.33
2019/05/15 22:21:00, 24.50, 24.04, 23.86, 21.44, 19.84, 0, 0, 4.33
2019/05/15 22:22:00, 24.50, 24.04, 23.87, 21.49, 19.85, 0, 0, 4.33
2019/05/15 22:23:00, 24.50, 24.04, 23.87, 21.42, 19.84, 0, 0, 4.33
2019/05/15 22:24:00, 24.50, 24.02, 23.84, 21.51, 19.86, 0, 0, 4.33
2019/05/15 22:25:00, 24.50, 24.04, 23.86, 21.49, 19.86, 0, 0, 4.33
2019/05/15 22:26:00, 24.50, 24.02, 23.83, 21.49, 19.87, 0, 0, 4.33
2019/05/15 22:27:00, 24.50, 24.02, 23.84, 21.48, 19.87, 0, 0, 4.33
2019/05/15 22:28:00, 24.50, 24.02, 23.82, 21.49, 19.87, 0, 0, 4.33
2019/05/15 22:29:00, 24.50, 24.04, 23.82, 21.49, 19.88, 0, 0, 4.33
2019/05/15 22:30:00, 24.50, 24.02, 23.84, 21.55, 19.90, 0, 0, 4.33
2019/05/15 22:31:00, 24.50, 24.02, 23.84, 21.52, 19.89, 0, 0, 4.33
2019/05/15 22:32:00, 24.50, 24.01, 23.84, 21.55, 19.90, 0, 0, 4.33
2019/05/15 22:33:00, 24.50, 24.02, 23.82, 21.53, 19.90, 0, 0, 4.33
2019/05/15 22:34:00, 24.50, 24.01, 23.82, 21.51, 19.90, 0, 0, 4.33
2019/05/15 22:35:00, 24.50, 24.01, 23.82, 21.52, 19.90, 0, 0, 4.33
2019/05/15 22:36:00, 24.50, 23.99, 23.82, 21.49, 19.90, 0, 0, 4.33
2019/05/15 22:37:00, 24.50, 24.01, 23.81, 21.57, 19.91, 0, 0, 4.33
2019/05/15 22:38:00, 24.50, 24.01, 23.82, 21.55, 19.93, 0, 0, 4.33
2019/05/15 22:39:00, 24.50, 24.01, 23.82, 21.52, 19.96, 0, 0, 4.33
2019/05/15 22:40:00, 24.50, 23.99, 23.80, 21.52, 19.94, 0, 0, 4.33
2019/05/15 22:41:00, 24.50, 24.01, 23.81, 21.55, 19.95, 0, 0, 4.33
2019/05/15 22:42:00, 24.50, 24.01, 23.83, 21.59, 19.96, 0, 0, 4.33
2019/05/15 22:43:00, 24.50, 24.01, 23.80, 21.58, 19.97, 0, 0, 4.33
2019/05/15 22:44:00, 24.50, 24.01, 23.79, 21.65, 19.95, 0, 0, 4.33
2019/05/15 22:45:00, 24.50, 23.99, 23.80, 21.57, 19.97, 0, 0, 4.33
2019/05/15 22:46:00, 24.50, 23.99, 23.82, 21.57, 19.98, 0, 0, 4.33
2019/05/15 22:47:00, 24.50, 23.99, 23.81, 21.60, 19.98, 0, 0, 4.33
2019/05/15 22:48:00, 24.50, 23.98, 23.79, 21.58, 19.98, 0, 0, 4.33
2019/05/15 22:49:00, 24.50, 23.98, 23.80, 21.63, 19.99, 0, 0, 4.33
2019/05/15 22:50:00, 24.50, 23.97, 23.80, 21.60, 19.97, 0, 0, 4.33
2019/05/15 22:51:00, 24.50, 23.98, 23.80, 21.62, 19.99, 0, 0, 4.33
2019/05/15 22:52:00, 24.50, 23.98, 23.79, 21.63, 20.00, 0, 0, 4.33
2019/05/15 22:53:00, 24.50, 23.98, 23.80, 21.60, 20.02, 0, 0, 4.33
2019/05/15 22:54:00, 24.50, 23.99, 23.79, 21.63, 20.03, 0, 0, 4.33
2019/05/15 22:55:00, 24.50, 23.98, 23.78, 21.60, 20.01, 0, 0, 4.33
2019/05/15 22:56:00, 24.50, 23.97, 23.80, 21.65, 20.03, 0, 0, 4.33
2019/05/15 22:57:00, 24.50, 23.97, 23.80, 21.66, 20.03, 0, 0, 4.33
2019/05/15 22:58:00, 24.50, 23.97, 23.78, 21.70, 20.04, 0, 0, 4.33
2019/05/15 22:59:00, 24.50, 23.95, 23.79, 21.65, 20.05, 0, 0, 4.33
2019/05/15 23:00:00, 24.50, 23.97, 23.78, 21.68, 20.05, 0, 0, 4.33
2019/05/15 23:01:00, 24.50, 23.95, 23.79, 21.70, 20.06, 0, 0, 4.33
2019/05/15 23:02:00, 24.50, 23.98, 23.79, 21.66, 20.05, 0, 0, 4.33
2019/05/15 23:03:00, 24.50, 23.98, 23.76, 21.68, 20.06, 0, 0, 4.33
2019/05/15 23:04:00, 24.50, 23.97, 23.78, 21.63, 20.06, 0, 0, 4.33
2019/05/15 23:05:00, 24.50, 23.98, 23.77, 21.75, 20.08, 0, 0, 4.33
2019/05/15 23:06:00, 24.50, 23.95, 23.78, 21.68, 20.07, 0, 0, 4.33
2019/05/15 23:07:00, 24.50, 23.97, 23.78, 21.78, 20.09, 0, 0, 4.33
2019/05/15 23:08:00, 24.50, 23.97, 23.78, 21.73, 20.10, 0, 0, 4.33
2019/05/15 23:09:00, 24.50, 23.97, 23.78, 21.71, 20.10, 0, 0, 4.33
2019/05/15 23:10:00, 24.50, 23.95, 23.77, 21.74, 20.09, 0, 0, 4.33
2019/05/15 23:11:00, 24.50, 23.98, 23.78, 21.71, 20.10, 0, 0, 4.33
2019/05/15 23:12:00, 24.50, 23.97, 23.78, 21.73, 20.11, 0, 0, 4.33
2019/05/15 23:13:00, 24.50, 23.97, 23.76, 21.76, 20.12, 0, 0, 4.33
2019/05/15 23:14:00, 24.50, 23.97, 23.78, 21.76, 20.10, 0, 0, 4.33
2019/05/15 23:15:00, 24.50, 23.95, 23.76, 21.66, 20.12, 0, 0, 4.33
2019/05/15 23:16:00, 24.50, 23.98, 23.78, 21.73, 20.12, 0, 0, 4.33
2019/05/15 23:17:00, 24.50, 23.95, 23.77, 21.76, 20.12, 0, 0, 4.33
2019/05/15 23:18:00, 24.50, 23.95, 23.77, 21.75, 20.12, 0, 0, 4.33
2019/05/15 23:19:00, 24.50, 23.97, 23.77, 21.71, 20.12, 0, 0, 4.33
2019/05/15 23:20:00, 24.50, 23.95, 23.78, 21.78, 20.12, 0, 0, 4.33
2019/05/15 23:21:00, 24.50, 23.95, 23.76, 21.78, 20.11, 0, 0, 4.33
2019/05/15 23:22:00, 24.50, 23.94, 23.77, 21.73, 20.15, 0, 0, 4.33
2019/05/15 23:23:00, 24.50, 23.94, 23.76, 21.81, 20.15, 0, 0, 4.33
2019/05/15 23:24:00, 24.50, 23.97, 23.76, 21.78, 20.15, 0, 0, 4.33
2019/05/15 23:25:00, 24.50, 23.94, 23.75, 21.74, 20.16, 0, 0, 4.33
2019/05/15 23:26:00, 24.50, 23.94, 23.76, 21.86, 20.16, 0, 0, 4.33
2019/05/15 23:27:00, 24.50, 23.94, 23.75, 21.81, 20.16, 0, 0, 4.33
2019/05/15 23:28:00, 24.50, 23.92, 23.75, 21.79, 20.16, 0, 0, 4.33
2019/05/15 23:29:00, 24.50, 23.91, 23.74, 21.83, 20.16, 0, 0, 4.33
2019/05/15 23:30:00, 24.50, 23.92, 23.75, 21.78, 20.16, 0, 0, 4.33
2019/05/15 23:31:00, 24.50, 23.92, 23.75, 21.77, 20.17, 0, 0, 4.33
2019/05/15 23:32:00, 24.50, 23.94, 23.75, 21.82, 20.18, 0, 0, 4.32
2019/05/15 23:33:00, 24.50, 23.92, 23.73, 21.79, 20.19, 0, 0, 4.33
2019/05/15 23:34:00, 24.50, 23.94, 23.74, 21.81, 20.19, 0, 0, 4.33
2019/05/15 23:35:00, 24.50, 23.95, 23.73, 21.86, 20.19, 0, 0, 4.33
2019/05/15 23:36:00, 24.50, 23.92, 23.76, 21.84, 20.21, 0, 0, 4.33
2019/05/15 23:37:00, 24.50, 23.92, 23.75, 21.82, 20.22, 0, 0, 4.33
2019/05/15 23:38:00, 24.50, 23.91, 23.74, 21.81, 20.21, 0, 0, 4.33
2019/05/15 23:39:00, 24.50, 23.94, 23.73, 21.90, 20.22, 0, 0, 4.33
2019/05/15 23:40:00, 24.50, 23.92, 23.74, 21.83, 20.22, 0, 0, 4.33
2019/05/15 23:41:00, 24.50, 23.92, 23.75, 21.86, 20.23, 0, 0, 4.33
2019/05/15 23:42:00, 24.50, 23.90, 23.74, 21.90, 20.23, 0, 0, 4.32
2019/05/15 23:43:00, 24.50, 23.91, 23.73, 21.90, 20.26, 0, 0, 4.33
2019/05/15 23:44:00, 24.50, 23.94, 23.73, 21.86, 20.25, 0, 0, 4.33
2019/05/15 23:45:00, 24.50, 23.90, 23.73, 21.92, 20.24, 0, 0, 4.33
2019/05/15 23:46:00, 24.50, 23.92, 23.74, 21.84, 20.24, 0, 0, 4.33
2019/05/15 23:47:00, 24.50, 23.90, 23.74, 21.92, 20.25, 0, 0, 4.33
