Data logger for tempereture and humidity.
Code, design, and soldering by Antti Mikkonen, a.mikkonen@iki.fi, 2019.
Based on open source projects and libraries. See source for details.
/home/ami/src/arduino/promini/logger_v8_ada/logger_v8_ada.ino
UTC time (year/month/date hour:minute:second), T RTC (C), T sht31 (C), T si7021 (C), RH sht31 (-), RH si7021 (-), heaterOn sht31 (bool),  heaterOn si7021 (bool), battery voltage (V)
2019/06/04 00:08:00, 24.25, 23.91, 23.73, 29.45, 28.26, 0, 0, 4.27
2019/06/04 00:09:00, 24.25, 23.91, 23.71, 29.45, 28.26, 0, 0, 4.27
2019/06/04 00:10:00, 24.25, 23.91, 23.73, 29.47, 28.27, 0, 0, 4.27
2019/06/04 00:11:00, 24.25, 23.91, 23.71, 29.43, 28.28, 0, 0, 4.27
2019/06/04 00:12:00, 24.25, 23.91, 23.72, 29.41, 28.26, 0, 0, 4.27
2019/06/04 00:13:00, 24.25, 23.94, 23.73, 29.47, 28.27, 0, 0, 4.27
2019/06/04 00:14:00, 24.25, 23.91, 23.72, 29.43, 28.28, 0, 0, 4.27
2019/06/04 00:15:00, 24.25, 23.94, 23.73, 29.41, 28.27, 0, 0, 4.27
2019/06/04 00:16:00, 24.25, 23.92, 23.73, 29.37, 28.25, 0, 0, 4.27
2019/06/04 00:17:00, 24.25, 23.92, 23.73, 29.39, 28.25, 0, 0, 4.27
2019/06/04 00:18:00, 24.25, 23.92, 23.72, 29.41, 28.26, 0, 0, 4.27
2019/06/04 00:19:00, 24.25, 23.92, 23.73, 29.39, 28.27, 0, 0, 4.27
2019/06/04 00:20:00, 24.25, 23.92, 23.72, 29.43, 28.27, 0, 0, 4.27
2019/06/04 00:21:00, 24.25, 23.94, 23.72, 29.40, 28.28, 0, 0, 4.27
2019/06/04 00:22:00, 24.25, 23.92, 23.73, 29.44, 28.27, 0, 0, 4.27
2019/06/04 00:23:00, 24.25, 23.92, 23.72, 29.43, 28.28, 0, 0, 4.27
2019/06/04 00:24:00, 24.25, 23.91, 23.73, 29.44, 28.27, 0, 0, 4.27
2019/06/04 00:25:00, 24.25, 23.91, 23.72, 29.45, 28.29, 0, 0, 4.27
2019/06/04 00:26:00, 24.25, 23.92, 23.71, 29.47, 28.29, 0, 0, 4.27
2019/06/04 00:27:00, 24.25, 23.92, 23.72, 29.48, 28.30, 0, 0, 4.27
2019/06/04 00:28:00, 24.25, 23.92, 23.74, 29.39, 28.28, 0, 0, 4.27
2019/06/04 00:29:00, 24.25, 23.92, 23.72, 29.41, 28.29, 0, 0, 4.27
2019/06/04 00:30:00, 24.25, 23.92, 23.73, 29.47, 28.32, 0, 0, 4.27
2019/06/04 00:31:00, 24.25, 23.94, 23.72, 29.47, 28.29, 0, 0, 4.27
2019/06/04 00:32:00, 24.25, 23.92, 23.72, 29.47, 28.32, 0, 0, 4.27
2019/06/04 00:33:00, 24.25, 23.91, 23.73, 29.47, 28.33, 0, 0, 4.27
2019/06/04 00:34:00, 24.25, 23.92, 23.69, 29.44, 28.33, 0, 0, 4.27
2019/06/04 00:35:00, 24.25, 23.91, 23.71, 29.54, 28.33, 0, 0, 4.27
2019/06/04 00:36:00, 24.25, 23.91, 23.74, 29.47, 28.34, 0, 0, 4.27
2019/06/04 00:37:00, 24.25, 23.91, 23.74, 29.50, 28.34, 0, 0, 4.27
2019/06/04 00:38:00, 24.25, 23.91, 23.72, 29.54, 28.33, 0, 0, 4.27
2019/06/04 00:39:00, 24.25, 23.90, 23.68, 29.54, 28.38, 0, 0, 4.27
2019/06/04 00:40:00, 24.25, 23.91, 23.72, 29.53, 28.39, 0, 0, 4.27
2019/06/04 00:41:00, 24.25, 23.94, 23.72, 29.55, 28.39, 0, 0, 4.27
2019/06/04 00:42:00, 24.25, 23.91, 23.69, 29.51, 28.37, 0, 0, 4.27
2019/06/04 00:43:00, 24.25, 23.91, 23.72, 29.53, 28.39, 0, 0, 4.27
2019/06/04 00:44:00, 24.25, 23.92, 23.73, 29.56, 28.38, 0, 0, 4.27
2019/06/04 00:45:00, 24.25, 23.91, 23.73, 29.48, 28.37, 0, 0, 4.27
2019/06/04 00:46:00, 24.25, 23.92, 23.73, 29.48, 28.35, 0, 0, 4.27
2019/06/04 00:47:00, 24.25, 23.92, 23.73, 29.54, 28.37, 0, 0, 4.27
2019/06/04 00:48:00, 24.25, 23.94, 23.74, 29.59, 28.39, 0, 0, 4.27
2019/06/04 00:49:00, 24.25, 23.92, 23.73, 29.53, 28.40, 0, 0, 4.27
2019/06/04 00:50:00, 24.25, 23.92, 23.73, 29.53, 28.39, 0, 0, 4.27
2019/06/04 00:51:00, 24.25, 23.92, 23.73, 29.53, 28.39, 0, 0, 4.27
2019/06/04 00:52:00, 24.25, 23.91, 23.73, 29.57, 28.40, 0, 0, 4.27
2019/06/04 00:53:00, 24.25, 23.92, 23.73, 29.53, 28.40, 0, 0, 4.27
2019/06/04 00:54:00, 24.25, 23.92, 23.73, 29.55, 28.42, 0, 0, 4.27
2019/06/04 00:55:00, 24.25, 23.94, 23.75, 29.56, 28.41, 0, 0, 4.27
2019/06/04 00:56:00, 24.25, 23.92, 23.74, 29.59, 28.43, 0, 0, 4.27
2019/06/04 00:57:00, 24.25, 23.94, 23.74, 29.56, 28.41, 0, 0, 4.27
2019/06/04 00:58:00, 24.25, 23.92, 23.72, 29.57, 28.43, 0, 0, 4.27
2019/06/04 00:59:00, 24.25, 23.92, 23.74, 29.57, 28.45, 0, 0, 4.27
2019/06/04 01:00:00, 24.25, 23.95, 23.74, 29.60, 28.46, 0, 0, 4.27
2019/06/04 01:01:00, 24.25, 23.95, 23.74, 29.57, 28.46, 0, 0, 4.27
2019/06/04 01:02:00, 24.25, 23.92, 23.73, 29.54, 28.43, 0, 0, 4.27
2019/06/04 01:03:00, 24.25, 23.94, 23.75, 29.60, 28.43, 0, 0, 4.27
2019/06/04 01:04:00, 24.25, 23.92, 23.73, 29.55, 28.44, 0, 0, 4.27
2019/06/04 01:05:00, 24.25, 23.92, 23.73, 29.59, 28.44, 0, 0, 4.27
2019/06/04 01:06:00, 24.25, 23.92, 23.73, 29.56, 28.45, 0, 0, 4.27
2019/06/04 01:07:00, 24.25, 23.94, 23.73, 29.60, 28.46, 0, 0, 4.27
2019/06/04 01:08:00, 24.25, 23.94, 23.72, 29.59, 28.48, 0, 0, 4.27
2019/06/04 01:09:00, 24.25, 23.94, 23.72, 29.63, 28.48, 0, 0, 4.27
2019/06/04 01:10:00, 24.25, 23.94, 23.73, 29.65, 28.48, 0, 0, 4.27
2019/06/04 01:11:00, 24.25, 23.94, 23.74, 29.65, 28.50, 0, 0, 4.27
2019/06/04 01:12:00, 24.25, 23.94, 23.72, 29.72, 28.53, 0, 0, 4.27
2019/06/04 01:13:00, 24.25, 23.90, 23.73, 29.71, 28.54, 0, 0, 4.27
2019/06/04 01:14:00, 24.25, 23.91, 23.72, 29.66, 28.53, 0, 0, 4.27
2019/06/04 01:15:00, 24.25, 23.92, 23.72, 29.69, 28.55, 0, 0, 4.27
2019/06/04 01:16:00, 24.25, 23.91, 23.73, 29.70, 28.58, 0, 0, 4.27
2019/06/04 01:17:00, 24.25, 23.90, 23.73, 29.75, 28.59, 0, 0, 4.27
2019/06/04 01:18:00, 24.25, 23.91, 23.71, 29.72, 28.57, 0, 0, 4.27
2019/06/04 01:19:00, 24.25, 23.92, 23.72, 29.75, 28.60, 0, 0, 4.27
2019/06/04 01:20:00, 24.25, 23.92, 23.69, 29.72, 28.61, 0, 0, 4.27
2019/06/04 01:21:00, 24.25, 23.91, 23.74, 29.73, 28.60, 0, 0, 4.27
2019/06/04 01:22:00, 24.25, 23.91, 23.72, 29.78, 28.62, 0, 0, 4.27
2019/06/04 01:23:00, 24.25, 23.92, 23.72, 29.81, 28.62, 0, 0, 4.27
2019/06/04 01:24:00, 24.25, 23.91, 23.69, 29.79, 28.66, 0, 0, 4.27
2019/06/04 01:25:00, 24.25, 23.92, 23.71, 29.82, 28.67, 0, 0, 4.27
2019/06/04 01:26:00, 24.25, 23.91, 23.71, 29.79, 28.67, 0, 0, 4.27
2019/06/04 01:27:00, 24.25, 23.90, 23.71, 29.86, 28.69, 0, 0, 4.27
2019/06/04 01:28:00, 24.25, 23.91, 23.72, 29.83, 28.69, 0, 0, 4.27
2019/06/04 01:29:00, 24.25, 23.94, 23.72, 29.82, 28.70, 0, 0, 4.27
2019/06/04 01:30:00, 24.25, 23.88, 23.73, 29.86, 28.71, 0, 0, 4.27
2019/06/04 01:31:00, 24.25, 23.91, 23.71, 29.86, 28.72, 0, 0, 4.27
2019/06/04 01:32:00, 24.25, 23.90, 23.69, 29.86, 28.71, 0, 0, 4.27
2019/06/04 01:33:00, 24.25, 23.90, 23.72, 29.91, 28.71, 0, 0, 4.27
2019/06/04 01:34:00, 24.25, 23.92, 23.71, 29.89, 28.78, 0, 0, 4.27
2019/06/04 01:35:00, 24.25, 23.90, 23.71, 29.88, 28.79, 0, 0, 4.27
2019/06/04 01:36:00, 24.25, 23.92, 23.73, 29.91, 28.77, 0, 0, 4.27
2019/06/04 01:37:00, 24.25, 23.92, 23.73, 29.94, 28.79, 0, 0, 4.27
2019/06/04 01:38:00, 24.25, 23.94, 23.73, 29.94, 28.76, 0, 0, 4.27
2019/06/04 01:39:00, 24.25, 23.92, 23.75, 29.97, 28.82, 0, 0, 4.27
2019/06/04 01:40:00, 24.25, 23.95, 23.73, 29.87, 28.78, 0, 0, 4.27
2019/06/04 01:41:00, 24.25, 23.92, 23.72, 29.94, 28.78, 0, 0, 4.27
2019/06/04 01:42:00, 24.25, 23.97, 23.76, 29.94, 28.81, 0, 0, 4.27
2019/06/04 01:43:00, 24.25, 23.95, 23.73, 30.01, 28.83, 0, 0, 4.27
2019/06/04 01:44:00, 24.25, 23.95, 23.73, 29.93, 28.81, 0, 0, 4.27
2019/06/04 01:45:00, 24.25, 23.95, 23.76, 29.96, 28.85, 0, 0, 4.27
2019/06/04 01:46:00, 24.25, 23.97, 23.75, 30.09, 28.87, 0, 0, 4.27
2019/06/04 01:47:00, 24.25, 23.97, 23.78, 30.03, 28.88, 0, 0, 4.27
2019/06/04 01:48:00, 24.25, 23.97, 23.77, 29.93, 28.85, 0, 0, 4.27
2019/06/04 01:49:00, 24.25, 24.01, 23.78, 29.96, 28.82, 0, 0, 4.27
2019/06/04 01:50:00, 24.25, 23.97, 23.76, 30.00, 28.90, 0, 0, 4.27
2019/06/04 01:51:00, 24.25, 23.98, 23.80, 30.03, 28.88, 0, 0, 4.27
2019/06/04 01:52:00, 24.25, 24.01, 23.78, 30.04, 28.88, 0, 0, 4.27
2019/06/04 01:53:00, 24.25, 24.02, 23.78, 30.03, 28.84, 0, 0, 4.27
2019/06/04 01:54:00, 24.25, 23.99, 23.78, 29.99, 28.88, 0, 0, 4.27
2019/06/04 01:55:00, 24.25, 23.98, 23.77, 30.09, 28.91, 0, 0, 4.27
2019/06/04 01:56:00, 24.25, 23.99, 23.78, 30.12, 28.94, 0, 0, 4.27
2019/06/04 01:57:00, 24.25, 23.97, 23.79, 30.10, 28.98, 0, 0, 4.27
2019/06/04 01:58:00, 24.25, 23.98, 23.79, 30.15, 28.97, 0, 0, 4.27
2019/06/04 01:59:00, 24.25, 23.99, 23.79, 30.10, 28.98, 0, 0, 4.27
2019/06/04 02:00:00, 24.25, 23.98, 23.80, 30.14, 29.01, 0, 0, 4.27
2019/06/04 02:01:00, 24.25, 23.99, 23.82, 30.16, 29.03, 0, 0, 4.27
2019/06/04 02:02:00, 24.25, 24.01, 23.80, 30.11, 29.00, 0, 0, 4.27
2019/06/04 02:03:00, 24.25, 23.99, 23.81, 30.16, 29.01, 0, 0, 4.27
2019/06/04 02:04:00, 24.25, 23.98, 23.80, 30.15, 29.00, 0, 0, 4.27
2019/06/04 02:05:00, 24.25, 23.99, 23.79, 30.25, 29.06, 0, 0, 4.27
2019/06/04 02:06:00, 24.25, 23.99, 23.79, 30.17, 29.04, 0, 0, 4.27
2019/06/04 02:07:00, 24.25, 23.98, 23.80, 30.27, 29.07, 0, 0, 4.27
2019/06/04 02:08:00, 24.25, 23.99, 23.78, 30.27, 29.12, 0, 0, 4.27
2019/06/04 02:09:00, 24.25, 23.99, 23.78, 30.30, 29.14, 0, 0, 4.27
2019/06/04 02:10:00, 24.25, 24.01, 23.79, 30.46, 29.23, 0, 0, 4.27
2019/06/04 02:11:00, 24.25, 24.01, 23.80, 30.40, 29.25, 0, 0, 4.27
2019/06/04 02:12:00, 24.25, 23.98, 23.78, 30.37, 29.22, 0, 0, 4.27
2019/06/04 02:13:00, 24.50, 23.98, 23.79, 30.43, 29.27, 0, 0, 4.27
2019/06/04 02:14:00, 24.25, 23.95, 23.78, 30.47, 29.31, 0, 0, 4.27
2019/06/04 02:15:00, 24.25, 23.97, 23.76, 30.57, 29.34, 0, 0, 4.27
2019/06/04 02:16:00, 24.25, 23.95, 23.79, 30.56, 29.38, 0, 0, 4.27
2019/06/04 02:17:00, 24.25, 23.97, 23.75, 30.60, 29.40, 0, 0, 4.27
2019/06/04 02:18:00, 24.25, 23.97, 23.76, 30.56, 29.41, 0, 0, 4.27
2019/06/04 02:19:00, 24.25, 23.97, 23.76, 30.53, 29.45, 0, 0, 4.27
2019/06/04 02:20:00, 24.50, 23.92, 23.75, 30.69, 29.48, 0, 0, 4.27
2019/06/04 02:21:00, 24.25, 23.95, 23.76, 30.76, 29.59, 0, 0, 4.27
2019/06/04 02:22:00, 24.25, 23.95, 23.75, 30.73, 29.57, 0, 0, 4.27
2019/06/04 02:23:00, 24.25, 23.97, 23.75, 30.78, 29.58, 0, 0, 4.27
2019/06/04 02:24:00, 24.25, 23.95, 23.73, 30.79, 29.61, 0, 0, 4.27
2019/06/04 02:25:00, 24.25, 23.94, 23.71, 30.80, 29.65, 0, 0, 4.27
2019/06/04 02:26:00, 24.25, 23.91, 23.73, 30.88, 29.67, 0, 0, 4.27
2019/06/04 02:27:00, 24.25, 23.91, 23.74, 30.88, 29.69, 0, 0, 4.27
2019/06/04 02:28:00, 24.25, 23.92, 23.72, 30.95, 29.74, 0, 0, 4.27
2019/06/04 02:29:00, 24.25, 23.92, 23.72, 31.02, 29.79, 0, 0, 4.27
2019/06/04 02:30:00, 24.25, 23.92, 23.73, 31.02, 29.80, 0, 0, 4.27
2019/06/04 02:31:00, 24.25, 23.92, 23.73, 31.11, 29.87, 0, 0, 4.27
2019/06/04 02:32:00, 24.25, 23.92, 23.69, 31.11, 29.94, 0, 0, 4.27
2019/06/04 02:33:00, 24.25, 23.90, 23.74, 31.16, 29.95, 0, 0, 4.27
2019/06/04 02:34:00, 24.25, 23.91, 23.73, 31.16, 29.98, 0, 0, 4.27
2019/06/04 02:35:00, 24.25, 23.87, 23.71, 31.18, 29.98, 0, 0, 4.27
2019/06/04 02:36:00, 24.25, 23.91, 23.69, 31.23, 30.01, 0, 0, 4.27
2019/06/04 02:37:00, 24.25, 23.88, 23.69, 31.26, 30.09, 0, 0, 4.27
2019/06/04 02:38:00, 24.25, 23.90, 23.71, 31.21, 30.04, 0, 0, 4.27
2019/06/04 02:39:00, 24.25, 23.91, 23.71, 31.27, 30.10, 0, 0, 4.27
2019/06/04 02:40:00, 24.25, 23.90, 23.72, 31.34, 30.10, 0, 0, 4.27
2019/06/04 02:41:00, 24.25, 23.90, 23.71, 31.29, 30.12, 0, 0, 4.27
2019/06/04 02:42:00, 24.25, 23.88, 23.71, 31.38, 30.18, 0, 0, 4.27
2019/06/04 02:43:00, 24.25, 23.88, 23.69, 31.41, 30.20, 0, 0, 4.27
2019/06/04 02:44:00, 24.25, 23.90, 23.69, 31.40, 30.23, 0, 0, 4.27
2019/06/04 02:45:00, 24.25, 23.90, 23.72, 31.51, 30.28, 0, 0, 4.27
2019/06/04 02:46:00, 24.25, 23.91, 23.69, 31.43, 30.27, 0, 0, 4.27
2019/06/04 02:47:00, 24.25, 23.94, 23.72, 31.48, 30.27, 0, 0, 4.27
2019/06/04 02:48:00, 24.25, 23.90, 23.73, 31.51, 30.28, 0, 0, 4.27
2019/06/04 02:49:00, 24.25, 23.91, 23.72, 31.54, 30.31, 0, 0, 4.27
2019/06/04 02:50:00, 24.25, 23.91, 23.69, 31.57, 30.36, 0, 0, 4.27
2019/06/04 02:51:00, 24.25, 23.91, 23.72, 31.63, 30.41, 0, 0, 4.27
2019/06/04 02:52:00, 24.25, 23.87, 23.71, 31.65, 30.44, 0, 0, 4.27
2019/06/04 02:53:00, 24.25, 23.88, 23.68, 31.71, 30.48, 0, 0, 4.27
2019/06/04 02:54:00, 24.25, 23.90, 23.68, 31.68, 30.50, 0, 0, 4.27
2019/06/04 02:55:00, 24.25, 23.90, 23.68, 31.75, 30.53, 0, 0, 4.27
2019/06/04 02:56:00, 24.25, 23.88, 23.71, 31.81, 30.58, 0, 0, 4.27
2019/06/04 02:57:00, 24.25, 23.87, 23.69, 31.85, 30.61, 0, 0, 4.27
2019/06/04 02:58:00, 24.25, 23.90, 23.71, 31.89, 30.60, 0, 0, 4.27
2019/06/04 02:59:00, 24.25, 23.88, 23.69, 31.89, 30.62, 0, 0, 4.27
2019/06/04 03:00:00, 24.25, 23.87, 23.67, 32.00, 30.68, 0, 0, 4.27
2019/06/04 03:01:00, 24.25, 23.87, 23.67, 32.00, 30.73, 0, 0, 4.27
2019/06/04 03:02:00, 24.25, 23.88, 23.66, 31.96, 30.73, 0, 0, 4.27
2019/06/04 03:03:00, 24.25, 23.87, 23.68, 32.03, 30.78, 0, 0, 4.27
2019/06/04 03:04:00, 24.25, 23.87, 23.67, 32.06, 30.84, 0, 0, 4.27
2019/06/04 03:05:00, 24.25, 23.85, 23.67, 32.08, 30.84, 0, 0, 4.27
2019/06/04 03:06:00, 24.25, 23.88, 23.68, 32.22, 30.91, 0, 0, 4.27
2019/06/04 03:07:00, 24.25, 23.85, 23.67, 32.25, 30.97, 0, 0, 4.27
2019/06/04 03:08:00, 24.25, 23.88, 23.68, 32.15, 30.94, 0, 0, 4.27
2019/06/04 03:09:00, 24.25, 23.87, 23.67, 32.22, 30.96, 0, 0, 4.27
2019/06/04 03:10:00, 24.25, 23.84, 23.67, 32.35, 31.04, 0, 0, 4.27
2019/06/04 03:11:00, 24.25, 23.85, 23.68, 32.28, 31.04, 0, 0, 4.27
2019/06/04 03:12:00, 24.25, 23.85, 23.66, 32.31, 31.10, 0, 0, 4.27
2019/06/04 03:13:00, 24.25, 23.88, 23.67, 32.31, 31.11, 0, 0, 4.27
2019/06/04 03:14:00, 24.25, 23.88, 23.66, 32.41, 31.10, 0, 0, 4.27
2019/06/04 03:15:00, 24.25, 23.83, 23.67, 32.34, 31.11, 0, 0, 4.27
2019/06/04 03:16:00, 24.25, 23.85, 23.67, 32.43, 31.15, 0, 0, 4.27
2019/06/04 03:17:00, 24.25, 23.83, 23.67, 32.40, 31.14, 0, 0, 4.27
2019/06/04 03:18:00, 24.25, 23.85, 23.65, 32.47, 31.19, 0, 0, 4.27
2019/06/04 03:19:00, 24.25, 23.85, 23.66, 32.50, 31.23, 0, 0, 4.27
2019/06/04 03:20:00, 24.25, 23.85, 23.67, 32.53, 31.28, 0, 0, 4.27
2019/06/04 03:21:00, 24.25, 23.85, 23.64, 32.54, 31.26, 0, 0, 4.27
2019/06/04 03:22:00, 24.25, 23.84, 23.65, 32.59, 31.33, 0, 0, 4.27
2019/06/04 03:23:00, 24.25, 23.83, 23.63, 32.65, 31.38, 0, 0, 4.27
2019/06/04 03:24:00, 24.25, 23.84, 23.65, 32.75, 31.45, 0, 0, 4.27
2019/06/04 03:25:00, 24.25, 23.84, 23.64, 32.82, 31.52, 0, 0, 4.27
2019/06/04 03:26:00, 24.25, 23.83, 23.64, 32.79, 31.52, 0, 0, 4.27
2019/06/04 03:27:00, 24.25, 23.84, 23.66, 32.80, 31.55, 0, 0, 4.27
2019/06/04 03:28:00, 24.25, 23.84, 23.64, 32.92, 31.60, 0, 0, 4.27
2019/06/04 03:29:00, 24.25, 23.84, 23.64, 32.88, 31.59, 0, 0, 4.27
2019/06/04 03:30:00, 24.25, 23.83, 23.63, 32.91, 31.63, 0, 0, 4.27
2019/06/04 03:31:00, 24.25, 23.84, 23.66, 33.02, 31.65, 0, 0, 4.27
2019/06/04 03:32:00, 24.25, 23.81, 23.65, 32.95, 31.65, 0, 0, 4.27
2019/06/04 03:33:00, 24.25, 23.83, 23.63, 33.04, 31.69, 0, 0, 4.27
2019/06/04 03:34:00, 24.25, 23.83, 23.63, 33.07, 31.75, 0, 0, 4.27
2019/06/04 03:35:00, 24.25, 23.81, 23.62, 33.10, 31.79, 0, 0, 4.27
2019/06/04 03:36:00, 24.25, 23.80, 23.63, 33.10, 31.81, 0, 0, 4.27
2019/06/04 03:37:00, 24.25, 23.81, 23.63, 33.14, 31.84, 0, 0, 4.27
2019/06/04 03:38:00, 24.25, 23.80, 23.62, 33.20, 31.87, 0, 0, 4.27
2019/06/04 03:39:00, 24.25, 23.81, 23.62, 33.23, 31.88, 0, 0, 4.27
2019/06/04 03:40:00, 24.25, 23.81, 23.63, 33.23, 31.91, 0, 0, 4.27
2019/06/04 03:41:00, 24.25, 23.79, 23.62, 33.17, 31.88, 0, 0, 4.27
2019/06/04 03:42:00, 24.25, 23.84, 23.62, 33.26, 31.91, 0, 0, 4.27
2019/06/04 03:43:00, 24.25, 23.81, 23.63, 33.29, 31.97, 0, 0, 4.27
2019/06/04 03:44:00, 24.25, 23.80, 23.62, 33.35, 32.04, 0, 0, 4.27
2019/06/04 03:45:00, 24.25, 23.80, 23.61, 33.36, 32.06, 0, 0, 4.27
2019/06/04 03:46:00, 24.25, 23.79, 23.61, 33.49, 32.12, 0, 0, 4.27
2019/06/04 03:47:00, 24.25, 23.80, 23.61, 33.40, 32.12, 0, 0, 4.27
2019/06/04 03:48:00, 24.25, 23.80, 23.60, 33.45, 32.15, 0, 0, 4.27
2019/06/04 03:49:00, 24.25, 23.80, 23.61, 33.42, 32.12, 0, 0, 4.27
2019/06/04 03:50:00, 24.25, 23.81, 23.61, 33.52, 32.19, 0, 0, 4.27
2019/06/04 03:51:00, 24.25, 23.80, 23.61, 33.54, 32.23, 0, 0, 4.27
2019/06/04 03:52:00, 24.25, 23.80, 23.60, 33.49, 32.20, 0, 0, 4.27
2019/06/04 03:53:00, 24.25, 23.83, 23.62, 33.55, 32.22, 0, 0, 4.27
2019/06/04 03:54:00, 24.25, 23.81, 23.63, 33.57, 32.25, 0, 0, 4.27
2019/06/04 03:55:00, 24.25, 23.83, 23.60, 33.57, 32.24, 0, 0, 4.27
2019/06/04 03:56:00, 24.25, 23.81, 23.62, 33.57, 32.27, 0, 0, 4.27
2019/06/04 03:57:00, 24.25, 23.80, 23.60, 33.70, 32.33, 0, 0, 4.27
2019/06/04 03:58:00, 24.25, 23.80, 23.61, 33.73, 32.39, 0, 0, 4.27
2019/06/04 03:59:00, 24.25, 23.80, 23.61, 33.67, 32.36, 0, 0, 4.27
2019/06/04 04:00:00, 24.25, 23.83, 23.63, 33.70, 32.36, 0, 0, 4.27
2019/06/04 04:01:00, 24.25, 23.81, 23.64, 33.73, 32.42, 0, 0, 4.27
2019/06/04 04:02:00, 24.25, 23.81, 23.63, 33.82, 32.42, 0, 0, 4.27
2019/06/04 04:03:00, 24.25, 23.81, 23.62, 33.76, 32.45, 0, 0, 4.27
2019/06/04 04:04:00, 24.25, 23.80, 23.62, 33.77, 32.45, 0, 0, 4.27
2019/06/04 04:05:00, 24.25, 23.81, 23.63, 33.90, 32.51, 0, 0, 4.27
2019/06/04 04:06:00, 24.25, 23.81, 23.61, 33.94, 32.57, 0, 0, 4.27
2019/06/04 04:07:00, 24.25, 23.81, 23.60, 33.90, 32.58, 0, 0, 4.27
2019/06/04 04:08:00, 24.25, 23.80, 23.60, 33.98, 32.61, 0, 0, 4.27
2019/06/04 04:09:00, 24.25, 23.80, 23.60, 33.98, 32.69, 0, 0, 4.27
2019/06/04 04:10:00, 24.25, 23.80, 23.60, 34.03, 32.69, 0, 0, 4.27
2019/06/04 04:11:00, 24.25, 23.79, 23.61, 34.05, 32.68, 0, 0, 4.27
2019/06/04 04:12:00, 24.25, 23.83, 23.63, 34.07, 32.71, 0, 0, 4.27
2019/06/04 04:13:00, 24.25, 23.83, 23.63, 33.99, 32.67, 0, 0, 4.27
2019/06/04 04:14:00, 24.25, 23.80, 23.61, 34.02, 32.66, 0, 0, 4.27
2019/06/04 04:15:00, 24.25, 23.83, 23.60, 34.06, 32.71, 0, 0, 4.27
2019/06/04 04:16:00, 24.25, 23.81, 23.60, 34.05, 32.75, 0, 0, 4.27
2019/06/04 04:17:00, 24.25, 23.81, 23.62, 34.16, 32.79, 0, 0, 4.27
2019/06/04 04:18:00, 24.25, 23.81, 23.62, 34.20, 32.81, 0, 0, 4.27
2019/06/04 04:19:00, 24.25, 23.84, 23.62, 34.14, 32.86, 0, 0, 4.27
2019/06/04 04:20:00, 24.25, 23.79, 23.64, 34.21, 32.85, 0, 0, 4.27
2019/06/04 04:21:00, 24.25, 23.81, 23.60, 34.26, 32.90, 0, 0, 4.27
2019/06/04 04:22:00, 24.25, 23.83, 23.61, 34.29, 32.95, 0, 0, 4.27
2019/06/04 04:23:00, 24.25, 23.84, 23.63, 34.21, 32.92, 0, 0, 4.27
2019/06/04 04:24:00, 24.25, 23.80, 23.63, 34.20, 32.89, 0, 0, 4.27
2019/06/04 04:25:00, 24.25, 23.84, 23.62, 34.23, 32.88, 0, 0, 4.27
2019/06/04 04:26:00, 24.25, 23.83, 23.63, 34.22, 32.90, 0, 0, 4.27
2019/06/04 04:27:00, 24.25, 23.81, 23.63, 34.30, 32.94, 0, 0, 4.27
2019/06/04 04:28:00, 24.25, 23.83, 23.62, 34.24, 32.93, 0, 0, 4.27
2019/06/04 04:29:00, 24.25, 23.84, 23.63, 34.30, 32.99, 0, 0, 4.27
2019/06/04 04:30:00, 24.25, 23.81, 23.64, 34.32, 33.00, 0, 0, 4.27
2019/06/04 04:31:00, 24.25, 23.81, 23.62, 34.30, 33.05, 0, 0, 4.27
2019/06/04 04:32:00, 24.25, 23.81, 23.63, 34.38, 33.02, 0, 0, 4.27
2019/06/04 04:33:00, 24.25, 23.84, 23.61, 34.40, 33.06, 0, 0, 4.27
2019/06/04 04:34:00, 24.25, 23.81, 23.63, 34.49, 33.12, 0, 0, 4.27
2019/06/04 04:35:00, 24.25, 23.81, 23.61, 34.41, 33.10, 0, 0, 4.27
2019/06/04 04:36:00, 24.25, 23.83, 23.63, 34.47, 33.16, 0, 0, 4.27
2019/06/04 04:37:00, 24.25, 23.81, 23.64, 34.46, 33.13, 0, 0, 4.27
2019/06/04 04:38:00, 24.25, 23.83, 23.61, 34.45, 33.17, 0, 0, 4.27
2019/06/04 04:39:00, 24.25, 23.83, 23.63, 34.56, 33.25, 0, 0, 4.27
2019/06/04 04:40:00, 24.25, 23.81, 23.63, 34.53, 33.26, 0, 0, 4.27
2019/06/04 04:41:00, 24.25, 23.83, 23.65, 34.46, 33.23, 0, 0, 4.27
2019/06/04 04:42:00, 24.25, 23.84, 23.64, 34.56, 33.26, 0, 0, 4.27
2019/06/04 04:43:00, 24.25, 23.85, 23.63, 34.53, 33.24, 0, 0, 4.27
2019/06/04 04:44:00, 24.25, 23.85, 23.63, 34.58, 33.27, 0, 0, 4.27
2019/06/04 04:45:00, 24.25, 23.85, 23.66, 34.49, 33.26, 0, 0, 4.27
2019/06/04 04:46:00, 24.25, 23.84, 23.64, 34.54, 33.27, 0, 0, 4.27
2019/06/04 04:47:00, 24.25, 23.84, 23.64, 34.64, 33.30, 0, 0, 4.27
2019/06/04 04:48:00, 24.25, 23.83, 23.65, 34.69, 33.34, 0, 0, 4.27
2019/06/04 04:49:00, 24.25, 23.83, 23.65, 34.74, 33.36, 0, 0, 4.27
2019/06/04 04:50:00, 24.25, 23.83, 23.63, 34.73, 33.39, 0, 0, 4.27
2019/06/04 04:51:00, 24.25, 23.84, 23.63, 34.73, 33.38, 0, 0, 4.27
2019/06/04 04:52:00, 24.25, 23.84, 23.65, 34.73, 33.38, 0, 0, 4.27
2019/06/04 04:53:00, 24.25, 23.87, 23.63, 34.69, 33.40, 0, 0, 4.27
2019/06/04 04:54:00, 24.25, 23.84, 23.65, 34.84, 33.46, 0, 0, 4.26
2019/06/04 04:55:00, 24.25, 23.84, 23.64, 34.77, 33.48, 0, 0, 4.27
2019/06/04 04:56:00, 24.25, 23.84, 23.65, 34.81, 33.45, 0, 0, 4.27
2019/06/04 04:57:00, 24.25, 23.84, 23.64, 34.79, 33.44, 0, 0, 4.27
2019/06/04 04:58:00, 24.25, 23.84, 23.65, 34.82, 33.52, 0, 0, 4.27
2019/06/04 04:59:00, 24.25, 23.84, 23.62, 34.84, 33.51, 0, 0, 4.27
2019/06/04 05:00:00, 24.25, 23.84, 23.66, 34.88, 33.58, 0, 0, 4.27
2019/06/04 05:01:00, 24.25, 23.84, 23.65, 34.83, 33.57, 0, 0, 4.27
2019/06/04 05:02:00, 24.25, 23.84, 23.66, 34.89, 33.56, 0, 0, 4.27
2019/06/04 05:03:00, 24.25, 23.85, 23.66, 34.92, 33.55, 0, 0, 4.27
2019/06/04 05:04:00, 24.25, 23.84, 23.65, 34.97, 33.61, 0, 0, 4.27
2019/06/04 05:05:00, 24.25, 23.85, 23.66, 34.93, 33.61, 0, 0, 4.27
2019/06/04 05:06:00, 24.25, 23.85, 23.66, 34.94, 33.61, 0, 0, 4.27
2019/06/04 05:07:00, 24.25, 23.83, 23.66, 35.00, 33.65, 0, 0, 4.27
2019/06/04 05:08:00, 24.25, 23.84, 23.66, 35.03, 33.68, 0, 0, 4.27
2019/06/04 05:09:00, 24.25, 23.84, 23.63, 35.12, 33.74, 0, 0, 4.27
2019/06/04 05:10:00, 24.25, 23.83, 23.67, 35.09, 33.76, 0, 0, 4.27
2019/06/04 05:11:00, 24.25, 23.84, 23.63, 35.09, 33.77, 0, 0, 4.27
2019/06/04 05:12:00, 24.25, 23.83, 23.64, 35.16, 33.81, 0, 0, 4.27
2019/06/04 05:13:00, 24.25, 23.83, 23.64, 35.18, 33.84, 0, 0, 4.27
2019/06/04 05:14:00, 24.25, 23.84, 23.64, 35.16, 33.86, 0, 0, 4.27
2019/06/04 05:15:00, 24.25, 23.85, 23.66, 35.19, 33.88, 0, 0, 4.27
2019/06/04 05:16:00, 24.25, 23.84, 23.63, 35.21, 33.90, 0, 0, 4.27
2019/06/04 05:17:00, 24.25, 23.84, 23.63, 35.20, 33.90, 0, 0, 4.27
2019/06/04 05:18:00, 24.25, 23.81, 23.64, 35.26, 33.90, 0, 0, 4.27
2019/06/04 05:19:00, 24.25, 23.85, 23.65, 35.25, 33.93, 0, 0, 4.27
2019/06/04 05:20:00, 24.25, 23.81, 23.66, 35.21, 33.93, 0, 0, 4.27
2019/06/04 05:21:00, 24.25, 23.84, 23.65, 35.26, 33.92, 0, 0, 4.27
2019/06/04 05:22:00, 24.25, 23.83, 23.63, 35.36, 34.01, 0, 0, 4.27
2019/06/04 05:23:00, 24.25, 23.84, 23.63, 35.32, 34.03, 0, 0, 4.27
2019/06/04 05:24:00, 24.25, 23.84, 23.65, 35.38, 34.05, 0, 0, 4.26
2019/06/04 05:25:00, 24.25, 23.85, 23.63, 35.37, 34.06, 0, 0, 4.26
2019/06/04 05:26:00, 24.25, 23.81, 23.65, 35.40, 34.10, 0, 0, 4.27
2019/06/04 05:27:00, 24.25, 23.85, 23.64, 35.41, 34.11, 0, 0, 4.27
2019/06/04 05:28:00, 24.25, 23.87, 23.65, 35.42, 34.11, 0, 0, 4.27
2019/06/04 05:29:00, 24.25, 23.85, 23.63, 35.40, 34.09, 0, 0, 4.27
2019/06/04 05:30:00, 24.25, 23.84, 23.65, 35.39, 34.06, 0, 0, 4.27
2019/06/04 05:31:00, 24.25, 23.85, 23.66, 35.42, 34.10, 0, 0, 4.27
2019/06/04 05:32:00, 24.25, 23.83, 23.64, 35.52, 34.16, 0, 0, 4.27
2019/06/04 05:33:00, 24.25, 23.87, 23.66, 35.47, 34.17, 0, 0, 4.27
2019/06/04 05:34:00, 24.25, 23.85, 23.66, 35.52, 34.21, 0, 0, 4.27
2019/06/04 05:35:00, 24.25, 23.85, 23.66, 35.47, 34.16, 0, 0, 4.27
2019/06/04 05:36:00, 24.25, 23.83, 23.66, 35.61, 34.25, 0, 0, 4.27
2019/06/04 05:37:00, 24.25, 23.85, 23.67, 35.53, 34.20, 0, 0, 4.27
2019/06/04 05:38:00, 24.25, 23.83, 23.66, 35.55, 34.24, 0, 0, 4.27
2019/06/04 05:39:00, 24.25, 23.83, 23.65, 35.54, 34.22, 0, 0, 4.27
2019/06/04 05:40:00, 24.25, 23.84, 23.65, 35.60, 34.28, 0, 0, 4.27
2019/06/04 05:41:00, 24.25, 23.84, 23.66, 35.62, 34.31, 0, 0, 4.27
2019/06/04 05:42:00, 24.25, 23.85, 23.66, 35.68, 34.31, 0, 0, 4.27
2019/06/04 05:43:00, 24.25, 23.85, 23.64, 35.65, 34.33, 0, 0, 4.27
2019/06/04 05:44:00, 24.25, 23.83, 23.65, 35.68, 34.34, 0, 0, 4.26
2019/06/04 05:45:00, 24.25, 23.84, 23.65, 35.71, 34.39, 0, 0, 4.27
2019/06/04 05:46:00, 24.25, 23.84, 23.64, 35.69, 34.41, 0, 0, 4.26
2019/06/04 05:47:00, 24.25, 23.83, 23.65, 35.69, 34.41, 0, 0, 4.27
2019/06/04 05:48:00, 24.25, 23.84, 23.66, 35.76, 34.39, 0, 0, 4.27
2019/06/04 05:49:00, 24.25, 23.87, 23.68, 35.64, 34.37, 0, 0, 4.27
2019/06/04 05:50:00, 24.25, 23.87, 23.68, 35.71, 34.39, 0, 0, 4.27
2019/06/04 05:51:00, 24.25, 23.87, 23.66, 35.67, 34.38, 0, 0, 4.27
2019/06/04 05:52:00, 24.25, 23.85, 23.69, 35.77, 34.42, 0, 0, 4.27
2019/06/04 05:53:00, 24.25, 23.87, 23.67, 35.79, 34.46, 0, 0, 4.27
2019/06/04 05:54:00, 24.25, 23.87, 23.69, 35.74, 34.44, 0, 0, 4.27
2019/06/04 05:55:00, 24.25, 23.87, 23.68, 35.84, 34.51, 0, 0, 4.27
2019/06/04 05:56:00, 24.25, 23.87, 23.66, 35.91, 34.54, 0, 0, 4.27
2019/06/04 05:57:00, 24.25, 23.85, 23.66, 35.84, 34.55, 0, 0, 4.27
2019/06/04 05:58:00, 24.25, 23.88, 23.69, 35.82, 34.53, 0, 0, 4.27
2019/06/04 05:59:00, 24.25, 23.87, 23.69, 35.84, 34.51, 0, 0, 4.27
2019/06/04 06:00:00, 24.25, 23.87, 23.69, 35.85, 34.53, 0, 0, 4.27
2019/06/04 06:01:00, 24.25, 23.88, 23.69, 35.96, 34.58, 0, 0, 4.27
2019/06/04 06:02:00, 24.25, 23.90, 23.68, 35.88, 34.58, 0, 0, 4.27
2019/06/04 06:03:00, 24.25, 23.88, 23.69, 35.92, 34.63, 0, 0, 4.27
2019/06/04 06:04:00, 24.25, 23.91, 23.66, 35.97, 34.62, 0, 0, 4.27
2019/06/04 06:05:00, 24.25, 23.87, 23.69, 36.00, 34.66, 0, 0, 4.27
2019/06/04 06:06:00, 24.25, 23.90, 23.69, 36.06, 34.75, 0, 0, 4.26
2019/06/04 06:07:00, 24.25, 23.88, 23.72, 36.01, 34.67, 0, 0, 4.27
2019/06/04 06:08:00, 24.25, 23.90, 23.72, 36.06, 34.76, 0, 0, 4.27
2019/06/04 06:09:00, 24.25, 23.88, 23.71, 36.04, 34.74, 0, 0, 4.27
2019/06/04 06:10:00, 24.25, 23.87, 23.68, 36.06, 34.75, 0, 0, 4.27
2019/06/04 06:11:00, 24.25, 23.90, 23.69, 36.10, 34.79, 0, 0, 4.27
2019/06/04 06:12:00, 24.25, 23.88, 23.72, 36.04, 34.76, 0, 0, 4.27
2019/06/04 06:13:00, 24.25, 23.88, 23.72, 36.08, 34.78, 0, 0, 4.27
2019/06/04 06:14:00, 24.25, 23.91, 23.72, 36.12, 34.82, 0, 0, 4.27
2019/06/04 06:15:00, 24.25, 23.91, 23.73, 36.17, 34.87, 0, 0, 4.27
2019/06/04 06:16:00, 24.25, 23.90, 23.73, 36.20, 34.87, 0, 0, 4.27
2019/06/04 06:17:00, 24.25, 23.90, 23.72, 36.24, 34.92, 0, 0, 4.27
2019/06/04 06:18:00, 24.25, 23.92, 23.74, 36.20, 34.87, 0, 0, 4.27
2019/06/04 06:19:00, 24.25, 23.92, 23.74, 36.22, 34.96, 0, 0, 4.26
2019/06/04 06:20:00, 24.25, 23.91, 23.73, 36.30, 34.96, 0, 0, 4.27
2019/06/04 06:21:00, 24.25, 23.95, 23.77, 36.14, 34.89, 0, 0, 4.27
2019/06/04 06:22:00, 24.25, 23.95, 23.74, 36.23, 34.93, 0, 0, 4.27
2019/06/04 06:23:00, 24.25, 23.92, 23.75, 36.31, 34.97, 0, 0, 4.26
2019/06/04 06:24:00, 24.25, 23.92, 23.75, 36.28, 34.98, 0, 0, 4.27
2019/06/04 06:25:00, 24.25, 23.94, 23.74, 36.31, 35.00, 0, 0, 4.27
2019/06/04 06:26:00, 24.25, 23.97, 23.76, 36.30, 35.00, 0, 0, 4.27
2019/06/04 06:27:00, 24.25, 23.95, 23.76, 36.27, 35.03, 0, 0, 4.26
2019/06/04 06:28:00, 24.25, 23.99, 23.78, 36.21, 34.96, 0, 0, 4.27
2019/06/04 06:29:00, 24.25, 23.98, 23.78, 36.24, 34.98, 0, 0, 4.26
2019/06/04 06:30:00, 24.25, 24.01, 23.78, 36.27, 35.00, 0, 0, 4.27
2019/06/04 06:31:00, 24.25, 23.99, 23.78, 36.33, 35.04, 0, 0, 4.27
2019/06/04 06:32:00, 24.25, 23.98, 23.82, 36.35, 35.07, 0, 0, 4.26
2019/06/04 06:33:00, 24.25, 24.02, 23.82, 36.24, 35.02, 0, 0, 4.26
2019/06/04 06:34:00, 24.25, 24.01, 23.82, 36.32, 35.01, 0, 0, 4.27
2019/06/04 06:35:00, 24.25, 24.02, 23.84, 36.35, 35.06, 0, 0, 4.26
2019/06/04 06:36:00, 24.25, 24.04, 23.83, 36.23, 34.98, 0, 0, 4.27
2019/06/04 06:37:00, 24.25, 24.05, 23.86, 36.28, 34.98, 0, 0, 4.27
2019/06/04 06:38:00, 24.25, 24.08, 23.88, 36.31, 35.05, 0, 0, 4.27
2019/06/04 06:39:00, 24.25, 24.08, 23.90, 36.33, 35.03, 0, 0, 4.27
2019/06/04 06:40:00, 24.25, 24.09, 23.90, 36.31, 35.03, 0, 0, 4.26
2019/06/04 06:41:00, 24.25, 24.09, 23.91, 36.27, 35.01, 0, 0, 4.27
2019/06/04 06:42:00, 24.25, 24.12, 23.91, 36.27, 34.97, 0, 0, 4.27
2019/06/04 06:43:00, 24.25, 24.11, 23.92, 36.37, 35.04, 0, 0, 4.27
2019/06/04 06:44:00, 24.25, 24.12, 23.91, 36.32, 35.05, 0, 0, 4.27
2019/06/04 06:45:00, 24.25, 24.12, 23.93, 36.32, 35.06, 0, 0, 4.27
2019/06/04 06:46:00, 24.25, 24.14, 23.95, 36.34, 35.03, 0, 0, 4.26
2019/06/04 06:47:00, 24.25, 24.12, 23.94, 36.32, 35.03, 0, 0, 4.27
2019/06/04 06:48:00, 24.25, 24.12, 23.93, 36.36, 35.09, 0, 0, 4.27
2019/06/04 06:49:00, 24.25, 24.14, 23.93, 36.37, 35.09, 0, 0, 4.27
2019/06/04 06:50:00, 24.50, 24.14, 23.93, 36.41, 35.15, 0, 0, 4.27
2019/06/04 06:51:00, 24.25, 24.12, 23.94, 36.39, 35.12, 0, 0, 4.27
2019/06/04 06:52:00, 24.50, 24.12, 23.91, 36.41, 35.13, 0, 0, 4.27
2019/06/04 06:53:00, 24.50, 24.12, 23.92, 36.47, 35.16, 0, 0, 4.27
2019/06/04 06:54:00, 24.50, 24.09, 23.92, 36.52, 35.20, 0, 0, 4.27
2019/06/04 06:55:00, 24.50, 24.12, 23.94, 36.58, 35.26, 0, 0, 4.27
2019/06/04 06:56:00, 24.50, 24.11, 23.94, 36.58, 35.29, 0, 0, 4.27
2019/06/04 06:57:00, 24.50, 24.11, 23.94, 36.52, 35.25, 0, 0, 4.26
2019/06/04 06:58:00, 24.50, 24.09, 23.94, 36.58, 35.28, 0, 0, 4.26
2019/06/04 06:59:00, 24.50, 24.12, 23.94, 36.69, 35.38, 0, 0, 4.27
2019/06/04 07:00:00, 24.50, 24.14, 23.94, 36.68, 35.40, 0, 0, 4.26
2019/06/04 07:01:00, 24.50, 24.15, 23.94, 36.73, 35.42, 0, 0, 4.27
2019/06/04 07:02:00, 24.50, 24.15, 23.94, 36.67, 35.42, 0, 0, 4.26
2019/06/04 07:03:00, 24.50, 24.12, 23.95, 36.72, 35.41, 0, 0, 4.26
2019/06/04 07:04:00, 24.50, 24.16, 23.95, 36.76, 35.48, 0, 0, 4.26
2019/06/04 07:05:00, 24.50, 24.14, 23.97, 36.67, 35.45, 0, 0, 4.26
2019/06/04 07:06:00, 24.50, 24.14, 23.97, 36.75, 35.44, 0, 0, 4.26
2019/06/04 07:07:00, 24.50, 24.14, 23.96, 36.65, 35.41, 0, 0, 4.26
2019/06/04 07:08:00, 24.50, 24.15, 23.96, 36.67, 35.41, 0, 0, 4.27
2019/06/04 07:09:00, 24.50, 24.15, 23.96, 36.69, 35.43, 0, 0, 4.27
2019/06/04 07:10:00, 24.50, 24.16, 23.95, 36.75, 35.47, 0, 0, 4.27
2019/06/04 07:11:00, 24.50, 24.16, 23.96, 36.79, 35.51, 0, 0, 4.27
2019/06/04 07:12:00, 24.50, 24.15, 23.97, 36.86, 35.56, 0, 0, 4.27
2019/06/04 07:13:00, 24.50, 24.18, 24.00, 36.79, 35.54, 0, 0, 4.26
2019/06/04 07:14:00, 24.50, 24.18, 23.98, 36.80, 35.54, 0, 0, 4.26
2019/06/04 07:15:00, 24.50, 24.18, 23.96, 36.88, 35.57, 0, 0, 4.27
2019/06/04 07:16:00, 24.50, 24.18, 23.98, 37.00, 35.69, 0, 0, 4.27
2019/06/04 07:17:00, 24.50, 24.16, 23.95, 36.96, 35.67, 0, 0, 4.26
2019/06/04 07:18:00, 24.50, 24.18, 24.00, 36.92, 35.64, 0, 0, 4.26
2019/06/04 07:19:00, 24.50, 24.15, 24.00, 36.92, 35.66, 0, 0, 4.26
2019/06/04 07:20:00, 24.50, 24.14, 23.98, 37.04, 35.71, 0, 0, 4.27
2019/06/04 07:21:00, 24.50, 24.16, 23.96, 37.16, 35.86, 0, 0, 4.26
2019/06/04 07:22:00, 24.50, 24.15, 23.94, 37.21, 35.90, 0, 0, 4.27
2019/06/04 07:23:00, 24.50, 24.12, 23.96, 37.32, 35.99, 0, 0, 4.26
2019/06/04 07:24:00, 24.50, 24.14, 23.93, 37.20, 35.90, 0, 0, 4.27
2019/06/04 07:25:00, 24.50, 24.12, 23.93, 37.21, 35.94, 0, 0, 4.27
2019/06/04 07:26:00, 24.50, 24.11, 23.93, 37.41, 36.06, 0, 0, 4.27
2019/06/04 07:27:00, 24.50, 24.12, 23.95, 37.42, 36.15, 0, 0, 4.26
2019/06/04 07:28:00, 24.50, 24.12, 23.90, 37.33, 36.08, 0, 0, 4.26
2019/06/04 07:29:00, 24.50, 24.14, 23.91, 37.45, 36.08, 0, 0, 4.27
2019/06/04 07:30:00, 24.50, 24.11, 23.92, 37.36, 36.08, 0, 0, 4.26
2019/06/04 07:31:00, 24.50, 24.12, 23.92, 37.34, 36.07, 0, 0, 4.26
2019/06/04 07:32:00, 24.50, 24.09, 23.92, 37.44, 36.10, 0, 0, 4.27
2019/06/04 07:33:00, 24.50, 24.11, 23.90, 37.49, 36.12, 0, 0, 4.27
2019/06/04 07:34:00, 24.50, 24.09, 23.91, 37.57, 36.24, 0, 0, 4.27
2019/06/04 07:35:00, 24.50, 24.11, 23.92, 37.74, 36.38, 0, 0, 4.26
2019/06/04 07:36:00, 24.50, 24.11, 23.92, 37.80, 36.49, 0, 0, 4.27
2019/06/04 07:37:00, 24.50, 24.09, 23.90, 37.86, 36.51, 0, 0, 4.27
2019/06/04 07:38:00, 24.50, 24.09, 23.91, 37.92, 36.58, 0, 0, 4.26
2019/06/04 07:39:00, 24.50, 24.09, 23.91, 38.06, 36.72, 0, 0, 4.27
2019/06/04 07:40:00, 24.50, 24.08, 23.92, 38.07, 36.73, 0, 0, 4.27
2019/06/04 07:41:00, 24.50, 24.09, 23.88, 38.10, 36.78, 0, 0, 4.27
2019/06/04 07:42:00, 24.50, 24.08, 23.88, 38.18, 36.86, 0, 0, 4.27
2019/06/04 07:43:00, 24.50, 24.08, 23.87, 38.23, 36.90, 0, 0, 4.27
2019/06/04 07:44:00, 24.50, 24.08, 23.89, 38.30, 36.92, 0, 0, 4.26
2019/06/04 07:45:00, 24.50, 24.08, 23.86, 38.31, 36.99, 0, 0, 4.26
2019/06/04 07:46:00, 24.50, 24.05, 23.87, 38.39, 37.06, 0, 0, 4.26
2019/06/04 07:47:00, 24.50, 24.07, 23.87, 38.43, 37.14, 0, 0, 4.27
2019/06/04 07:48:00, 24.50, 24.05, 23.87, 38.52, 37.19, 0, 0, 4.26
2019/06/04 07:49:00, 24.50, 24.07, 23.87, 38.51, 37.19, 0, 0, 4.27
2019/06/04 07:50:00, 24.50, 24.04, 23.86, 38.55, 37.25, 0, 0, 4.26
2019/06/04 07:51:00, 24.50, 24.02, 23.84, 38.74, 37.35, 0, 0, 4.27
2019/06/04 07:52:00, 24.50, 24.04, 23.84, 38.69, 37.37, 0, 0, 4.26
2019/06/04 07:53:00, 24.50, 24.02, 23.82, 38.75, 37.41, 0, 0, 4.27
2019/06/04 07:54:00, 24.50, 24.02, 23.81, 38.92, 37.54, 0, 0, 4.26
2019/06/04 07:55:00, 24.50, 24.01, 23.80, 38.81, 37.52, 0, 0, 4.26
2019/06/04 07:56:00, 24.50, 23.99, 23.82, 38.92, 37.57, 0, 0, 4.26
2019/06/04 07:57:00, 24.50, 24.02, 23.81, 39.03, 37.67, 0, 0, 4.26
2019/06/04 07:58:00, 24.50, 23.99, 23.82, 39.10, 37.74, 0, 0, 4.26
2019/06/04 07:59:00, 24.50, 23.99, 23.81, 39.17, 37.77, 0, 0, 4.26
2019/06/04 08:00:00, 24.50, 23.98, 23.81, 39.14, 37.77, 0, 0, 4.27
2019/06/04 08:01:00, 24.50, 23.99, 23.82, 39.17, 37.84, 0, 0, 4.26
2019/06/04 08:02:00, 24.50, 23.99, 23.81, 39.21, 37.86, 0, 0, 4.26
2019/06/04 08:03:00, 24.50, 24.02, 23.80, 39.22, 37.93, 0, 0, 4.26
2019/06/04 08:04:00, 24.50, 24.01, 23.82, 39.40, 37.96, 0, 0, 4.27
2019/06/04 08:05:00, 24.50, 24.04, 23.83, 39.35, 38.01, 0, 0, 4.26
2019/06/04 08:06:00, 24.50, 24.01, 23.82, 39.44, 38.01, 0, 0, 4.26
2019/06/04 08:07:00, 24.50, 24.02, 23.83, 39.43, 38.02, 0, 0, 4.26
2019/06/04 08:08:00, 24.50, 24.01, 23.83, 39.44, 38.10, 0, 0, 4.27
2019/06/04 08:09:00, 24.50, 24.04, 23.82, 39.52, 38.16, 0, 0, 4.26
2019/06/04 08:10:00, 24.50, 24.02, 23.86, 39.52, 38.15, 0, 0, 4.26
2019/06/04 08:11:00, 24.50, 24.02, 23.84, 39.47, 38.14, 0, 0, 4.27
2019/06/04 08:12:00, 24.50, 24.01, 23.81, 39.48, 38.16, 0, 0, 4.26
2019/06/04 08:13:00, 24.50, 24.02, 23.86, 39.67, 38.29, 0, 0, 4.27
2019/06/04 08:14:00, 24.50, 24.04, 23.84, 39.71, 38.36, 0, 0, 4.26
2019/06/04 08:15:00, 24.50, 24.02, 23.83, 39.73, 38.38, 0, 0, 4.26
2019/06/04 08:16:00, 24.50, 24.02, 23.83, 39.75, 38.44, 0, 0, 4.27
2019/06/04 08:17:00, 24.50, 24.01, 23.81, 39.83, 38.45, 0, 0, 4.27
2019/06/04 08:18:00, 24.50, 24.01, 23.82, 40.04, 38.55, 0, 0, 4.26
2019/06/04 08:19:00, 24.50, 24.01, 23.82, 40.12, 38.71, 0, 0, 4.26
2019/06/04 08:20:00, 24.50, 24.02, 23.84, 40.17, 38.73, 0, 0, 4.26
2019/06/04 08:21:00, 24.50, 24.02, 23.82, 40.24, 38.83, 0, 0, 4.26
2019/06/04 08:22:00, 24.50, 24.01, 23.82, 40.23, 38.86, 0, 0, 4.26
2019/06/04 08:23:00, 24.50, 24.02, 23.84, 40.43, 38.99, 0, 0, 4.26
2019/06/04 08:24:00, 24.50, 24.04, 23.86, 40.35, 38.98, 0, 0, 4.26
2019/06/04 08:25:00, 24.50, 23.99, 23.82, 40.44, 39.01, 0, 0, 4.26
2019/06/04 08:26:00, 24.50, 24.02, 23.84, 40.56, 39.08, 0, 0, 4.27
2019/06/04 08:27:00, 24.50, 24.04, 23.84, 40.61, 39.18, 0, 0, 4.26
2019/06/04 08:28:00, 24.50, 24.08, 23.88, 40.63, 39.25, 0, 0, 4.27
2019/06/04 08:29:00, 24.50, 24.11, 23.92, 40.58, 39.25, 0, 0, 4.27
2019/06/04 08:30:00, 24.50, 24.11, 23.93, 40.57, 39.17, 0, 0, 4.27
2019/06/04 08:31:00, 24.50, 24.12, 23.93, 40.63, 39.18, 0, 0, 4.27
2019/06/04 08:32:00, 24.50, 24.14, 23.97, 40.56, 39.18, 0, 0, 4.26
2019/06/04 08:33:00, 24.50, 24.14, 23.95, 40.56, 39.18, 0, 0, 4.26
2019/06/04 08:34:00, 24.50, 24.15, 23.97, 40.60, 39.20, 0, 0, 4.26
2019/06/04 08:35:00, 24.50, 24.15, 23.97, 40.67, 39.26, 0, 0, 4.26
2019/06/04 08:36:00, 24.50, 24.16, 23.97, 40.70, 39.26, 0, 0, 4.27
2019/06/04 08:37:00, 24.50, 24.20, 24.01, 40.72, 39.33, 0, 0, 4.26
2019/06/04 08:38:00, 24.50, 24.20, 24.02, 40.73, 39.33, 0, 0, 4.27
2019/06/04 08:39:00, 24.50, 24.20, 24.02, 40.86, 39.40, 0, 0, 4.26
2019/06/04 08:40:00, 24.50, 24.19, 24.03, 40.86, 39.44, 0, 0, 4.26
2019/06/04 08:41:00, 24.50, 24.25, 24.04, 40.88, 39.45, 0, 0, 4.26
2019/06/04 08:42:00, 24.50, 24.22, 24.05, 40.88, 39.44, 0, 0, 4.26
2019/06/04 08:43:00, 24.50, 24.20, 24.04, 41.01, 39.53, 0, 0, 4.26
2019/06/04 08:44:00, 24.50, 24.22, 24.06, 40.98, 39.53, 0, 0, 4.26
2019/06/04 08:45:00, 24.50, 24.25, 24.06, 41.04, 39.60, 0, 0, 4.26
2019/06/04 08:46:00, 24.50, 24.22, 24.09, 40.99, 39.58, 0, 0, 4.26
2019/06/04 08:47:00, 24.50, 24.25, 24.10, 41.05, 39.59, 0, 0, 4.26
2019/06/04 08:48:00, 24.50, 24.26, 24.07, 41.01, 39.62, 0, 0, 4.26
2019/06/04 08:49:00, 24.50, 24.26, 24.06, 41.12, 39.67, 0, 0, 4.26
2019/06/04 08:50:00, 24.50, 24.26, 24.05, 41.13, 39.66, 0, 0, 4.26
2019/06/04 08:51:00, 24.50, 24.26, 24.07, 41.16, 39.77, 0, 0, 4.26
2019/06/04 08:52:00, 24.50, 24.25, 24.06, 41.21, 39.79, 0, 0, 4.26
2019/06/04 08:53:00, 24.50, 24.26, 24.07, 41.32, 39.83, 0, 0, 4.26
2019/06/04 08:54:00, 24.50, 24.29, 24.06, 41.40, 39.93, 0, 0, 4.27
2019/06/04 08:55:00, 24.50, 24.27, 24.10, 41.36, 39.92, 0, 0, 4.26
2019/06/04 08:56:00, 24.50, 24.26, 24.09, 41.33, 39.94, 0, 0, 4.26
2019/06/04 08:57:00, 24.50, 24.26, 24.09, 41.42, 39.99, 0, 0, 4.26
2019/06/04 08:58:00, 24.50, 24.29, 24.11, 41.44, 40.02, 0, 0, 4.27
2019/06/04 08:59:00, 24.50, 24.29, 24.11, 41.39, 40.02, 0, 0, 4.26
2019/06/04 09:00:00, 24.50, 24.27, 24.10, 41.43, 40.04, 0, 0, 4.26
2019/06/04 09:01:00, 24.50, 24.26, 24.08, 41.52, 40.08, 0, 0, 4.26
2019/06/04 09:02:00, 24.50, 24.27, 24.08, 41.61, 40.10, 0, 0, 4.27
2019/06/04 09:03:00, 24.50, 24.27, 24.07, 41.67, 40.18, 0, 0, 4.26
2019/06/04 09:04:00, 24.50, 24.26, 24.08, 41.76, 40.22, 0, 0, 4.27
2019/06/04 09:05:00, 24.50, 24.26, 24.10, 41.72, 40.31, 0, 0, 4.26
2019/06/04 09:06:00, 24.50, 24.26, 24.08, 41.79, 40.35, 0, 0, 4.26
2019/06/04 09:07:00, 24.50, 24.26, 24.10, 41.83, 40.41, 0, 0, 4.26
2019/06/04 09:08:00, 24.50, 24.27, 24.11, 41.95, 40.47, 0, 0, 4.27
2019/06/04 09:09:00, 24.50, 24.26, 24.09, 41.92, 40.46, 0, 0, 4.27
2019/06/04 09:10:00, 24.50, 24.27, 24.11, 42.04, 40.55, 0, 0, 4.26
2019/06/04 09:11:00, 24.50, 24.29, 24.10, 42.07, 40.56, 0, 0, 4.26
2019/06/04 09:12:00, 24.50, 24.27, 24.10, 42.15, 40.63, 0, 0, 4.26
2019/06/04 09:13:00, 24.50, 24.26, 24.11, 42.23, 40.69, 0, 0, 4.27
2019/06/04 09:14:00, 24.50, 24.29, 24.12, 42.25, 40.72, 0, 0, 4.26
2019/06/04 09:15:00, 24.50, 24.31, 24.10, 42.21, 40.76, 0, 0, 4.26
2019/06/04 09:16:00, 24.50, 24.31, 24.12, 42.22, 40.72, 0, 0, 4.26
2019/06/04 09:17:00, 24.50, 24.31, 24.12, 42.34, 40.80, 0, 0, 4.26
2019/06/04 09:18:00, 24.50, 24.31, 24.12, 42.36, 40.82, 0, 0, 4.26
2019/06/04 09:19:00, 24.50, 24.33, 24.13, 42.43, 40.89, 0, 0, 4.26
2019/06/04 09:20:00, 24.50, 24.29, 24.15, 42.42, 40.93, 0, 0, 4.26
2019/06/04 09:21:00, 24.50, 24.29, 24.15, 42.39, 40.92, 0, 0, 4.26
2019/06/04 09:22:00, 24.50, 24.31, 24.13, 42.50, 40.95, 0, 0, 4.26
2019/06/04 09:23:00, 24.50, 24.32, 24.13, 42.65, 41.11, 0, 0, 4.26
2019/06/04 09:24:00, 24.50, 24.31, 24.13, 42.95, 41.30, 0, 0, 4.26
2019/06/04 09:25:00, 24.50, 24.31, 24.15, 42.90, 41.33, 0, 0, 4.26
2019/06/04 09:26:00, 24.50, 24.33, 24.16, 42.85, 41.33, 0, 0, 4.26
2019/06/04 09:27:00, 24.50, 24.32, 24.16, 42.97, 41.43, 0, 0, 4.26
2019/06/04 09:28:00, 24.50, 24.35, 24.15, 43.07, 41.49, 0, 0, 4.26
2019/06/04 09:29:00, 24.50, 24.35, 24.16, 43.08, 41.53, 0, 0, 4.27
2019/06/04 09:30:00, 24.50, 24.32, 24.19, 43.14, 41.56, 0, 0, 4.26
2019/06/04 09:31:00, 24.50, 24.35, 24.17, 43.28, 41.66, 0, 0, 4.26
2019/06/04 09:32:00, 24.50, 24.35, 24.19, 43.32, 41.70, 0, 0, 4.26
2019/06/04 09:33:00, 24.50, 24.36, 24.19, 43.20, 41.71, 0, 0, 4.26
2019/06/04 09:34:00, 24.50, 24.36, 24.18, 43.36, 41.76, 0, 0, 4.26
2019/06/04 09:35:00, 24.50, 24.35, 24.17, 43.35, 41.79, 0, 0, 4.26
2019/06/04 09:36:00, 24.50, 24.36, 24.17, 43.38, 41.82, 0, 0, 4.26
2019/06/04 09:37:00, 24.50, 24.36, 24.20, 43.37, 41.85, 0, 0, 4.26
2019/06/04 09:38:00, 24.50, 24.38, 24.21, 43.37, 41.86, 0, 0, 4.26
2019/06/04 09:39:00, 24.50, 24.38, 24.17, 43.40, 41.82, 0, 0, 4.26
2019/06/04 09:40:00, 24.50, 24.36, 24.19, 43.35, 41.84, 0, 0, 4.26
2019/06/04 09:41:00, 24.50, 24.35, 24.20, 43.48, 41.87, 0, 0, 4.26
2019/06/04 09:42:00, 24.50, 24.38, 24.19, 43.52, 41.96, 0, 0, 4.26
2019/06/04 09:43:00, 24.75, 24.35, 24.20, 43.56, 41.98, 0, 0, 4.26
2019/06/04 09:44:00, 24.75, 24.35, 24.18, 43.54, 42.01, 0, 0, 4.26
2019/06/04 09:45:00, 24.75, 24.35, 24.17, 43.68, 42.03, 0, 0, 4.26
2019/06/04 09:46:00, 24.75, 24.35, 24.16, 43.71, 42.15, 0, 0, 4.26
2019/06/04 09:47:00, 24.75, 24.36, 24.19, 43.65, 42.17, 0, 0, 4.26
2019/06/04 09:48:00, 24.75, 24.36, 24.17, 43.77, 42.22, 0, 0, 4.26
2019/06/04 09:49:00, 24.50, 24.35, 24.19, 43.83, 42.28, 0, 0, 4.26
2019/06/04 09:50:00, 24.75, 24.36, 24.18, 43.83, 42.30, 0, 0, 4.26
2019/06/04 09:51:00, 24.75, 24.38, 24.19, 43.87, 42.30, 0, 0, 4.26
2019/06/04 09:52:00, 24.75, 24.36, 24.18, 43.83, 42.32, 0, 0, 4.26
2019/06/04 09:53:00, 24.75, 24.38, 24.19, 44.02, 42.46, 0, 0, 4.26
2019/06/04 09:54:00, 24.75, 24.39, 24.20, 44.12, 42.56, 0, 0, 4.26
2019/06/04 09:55:00, 24.75, 24.36, 24.19, 44.10, 42.59, 0, 0, 4.26
2019/06/04 09:56:00, 24.75, 24.36, 24.21, 44.29, 42.70, 0, 0, 4.26
2019/06/04 09:57:00, 24.75, 24.36, 24.19, 44.32, 42.79, 0, 0, 4.26
2019/06/04 09:58:00, 24.75, 24.38, 24.18, 44.31, 42.77, 0, 0, 4.26
2019/06/04 09:59:00, 24.75, 24.36, 24.19, 44.35, 42.83, 0, 0, 4.26
2019/06/04 10:00:00, 24.75, 24.36, 24.19, 44.46, 42.91, 0, 0, 4.26
2019/06/04 10:01:00, 24.75, 24.38, 24.20, 44.32, 42.88, 0, 0, 4.26
2019/06/04 10:02:00, 24.75, 24.42, 24.20, 44.45, 42.92, 0, 0, 4.26
2019/06/04 10:03:00, 24.75, 24.38, 24.20, 44.40, 42.91, 0, 0, 4.26
2019/06/04 10:04:00, 24.75, 24.40, 24.20, 44.34, 42.86, 0, 0, 4.26
2019/06/04 10:05:00, 24.75, 24.39, 24.22, 44.32, 42.83, 0, 0, 4.26
2019/06/04 10:06:00, 24.75, 24.38, 24.20, 44.38, 42.87, 0, 0, 4.26
2019/06/04 10:07:00, 24.75, 24.39, 24.19, 44.47, 42.95, 0, 0, 4.26
2019/06/04 10:08:00, 24.75, 24.38, 24.18, 44.67, 43.03, 0, 0, 4.26
2019/06/04 10:09:00, 24.75, 24.36, 24.21, 44.61, 43.07, 0, 0, 4.26
2019/06/04 10:10:00, 24.75, 24.38, 24.21, 44.63, 43.11, 0, 0, 4.27
2019/06/04 10:11:00, 24.75, 24.39, 24.20, 44.72, 43.15, 0, 0, 4.26
2019/06/04 10:12:00, 24.75, 24.38, 24.21, 44.69, 43.14, 0, 0, 4.26
2019/06/04 10:13:00, 24.75, 24.38, 24.18, 44.69, 43.20, 0, 0, 4.26
2019/06/04 10:14:00, 24.75, 24.40, 24.19, 44.76, 43.27, 0, 0, 4.26
2019/06/04 10:15:00, 24.75, 24.38, 24.20, 44.82, 43.30, 0, 0, 4.26
2019/06/04 10:16:00, 24.75, 24.39, 24.20, 44.90, 43.34, 0, 0, 4.26
2019/06/04 10:17:00, 24.75, 24.39, 24.20, 44.91, 43.40, 0, 0, 4.26
2019/06/04 10:18:00, 24.75, 24.39, 24.20, 44.95, 43.43, 0, 0, 4.26
2019/06/04 10:19:00, 24.75, 24.40, 24.20, 44.93, 43.41, 0, 0, 4.26
2019/06/04 10:20:00, 24.75, 24.39, 24.19, 44.90, 43.35, 0, 0, 4.26
2019/06/04 10:21:00, 24.75, 24.39, 24.18, 45.02, 43.43, 0, 0, 4.26
2019/06/04 10:22:00, 24.75, 24.38, 24.20, 45.09, 43.52, 0, 0, 4.26
2019/06/04 10:23:00, 24.75, 24.38, 24.17, 44.94, 43.50, 0, 0, 4.26
2019/06/04 10:24:00, 24.75, 24.38, 24.21, 45.04, 43.56, 0, 0, 4.26
2019/06/04 10:25:00, 24.75, 24.36, 24.19, 45.06, 43.58, 0, 0, 4.26
2019/06/04 10:26:00, 24.75, 24.36, 24.18, 45.20, 43.64, 0, 0, 4.27
2019/06/04 10:27:00, 24.75, 24.35, 24.19, 45.13, 43.69, 0, 0, 4.26
2019/06/04 10:28:00, 24.75, 24.36, 24.20, 45.23, 43.70, 0, 0, 4.26
2019/06/04 10:29:00, 24.75, 24.38, 24.19, 45.19, 43.71, 0, 0, 4.26
2019/06/04 10:30:00, 24.75, 24.36, 24.19, 45.13, 43.66, 0, 0, 4.26
2019/06/04 10:31:00, 24.75, 24.38, 24.18, 45.12, 43.63, 0, 0, 4.26
2019/06/04 10:32:00, 24.75, 24.39, 24.19, 45.26, 43.69, 0, 0, 4.26
2019/06/04 10:33:00, 24.75, 24.38, 24.19, 45.12, 43.66, 0, 0, 4.26
2019/06/04 10:34:00, 24.75, 24.39, 24.18, 45.30, 43.73, 0, 0, 4.26
2019/06/04 10:35:00, 24.75, 24.38, 24.19, 45.23, 43.72, 0, 0, 4.26
2019/06/04 10:36:00, 24.75, 24.35, 24.19, 45.17, 43.70, 0, 0, 4.26
2019/06/04 10:37:00, 24.75, 24.36, 24.18, 45.36, 43.85, 0, 0, 4.26
2019/06/04 10:38:00, 24.75, 24.36, 24.20, 45.30, 43.80, 0, 0, 4.26
2019/06/04 10:39:00, 24.75, 24.39, 24.21, 45.40, 43.86, 0, 0, 4.26
2019/06/04 10:40:00, 24.75, 24.38, 24.20, 45.37, 43.89, 0, 0, 4.26
2019/06/04 10:41:00, 24.75, 24.36, 24.21, 45.45, 43.89, 0, 0, 4.26
2019/06/04 10:42:00, 24.75, 24.38, 24.19, 45.40, 43.91, 0, 0, 4.26
2019/06/04 10:43:00, 24.75, 24.38, 24.19, 45.32, 43.85, 0, 0, 4.26
2019/06/04 10:44:00, 24.75, 24.38, 24.21, 45.43, 43.91, 0, 0, 4.26
2019/06/04 10:45:00, 24.75, 24.39, 24.20, 45.44, 43.89, 0, 0, 4.26
2019/06/04 10:46:00, 24.75, 24.40, 24.23, 45.24, 43.79, 0, 0, 4.26
2019/06/04 10:47:00, 24.75, 24.39, 24.23, 45.38, 43.80, 0, 0, 4.26
2019/06/04 10:48:00, 24.75, 24.40, 24.21, 45.38, 43.82, 0, 0, 4.26
2019/06/04 10:49:00, 24.75, 24.39, 24.23, 45.50, 43.94, 0, 0, 4.26
2019/06/04 10:50:00, 24.75, 24.42, 24.24, 45.47, 43.95, 0, 0, 4.26
2019/06/04 10:51:00, 24.75, 24.43, 24.25, 45.48, 43.95, 0, 0, 4.26
2019/06/04 10:52:00, 24.75, 24.44, 24.26, 45.40, 43.90, 0, 0, 4.26
2019/06/04 10:53:00, 24.75, 24.44, 24.27, 45.30, 43.84, 0, 0, 4.26
2019/06/04 10:54:00, 24.75, 24.44, 24.27, 45.24, 43.75, 0, 0, 4.26
2019/06/04 10:55:00, 24.75, 24.43, 24.27, 45.36, 43.75, 0, 0, 4.26
2019/06/04 10:56:00, 24.75, 24.47, 24.28, 45.36, 43.82, 0, 0, 4.26
2019/06/04 10:57:00, 24.75, 24.46, 24.27, 45.47, 43.91, 0, 0, 4.26
2019/06/04 10:58:00, 24.75, 24.43, 24.27, 45.49, 44.01, 0, 0, 4.26
2019/06/04 10:59:00, 24.75, 24.47, 24.25, 45.56, 44.03, 0, 0, 4.26
2019/06/04 11:00:00, 24.75, 24.46, 24.31, 45.61, 44.07, 0, 0, 4.26
2019/06/04 11:01:00, 24.75, 24.47, 24.31, 45.54, 44.04, 0, 0, 4.26
2019/06/04 11:02:00, 24.75, 24.47, 24.32, 45.48, 44.00, 0, 0, 4.26
2019/06/04 11:03:00, 24.75, 24.49, 24.32, 45.52, 43.98, 0, 0, 4.26
2019/06/04 11:04:00, 24.75, 24.50, 24.34, 45.42, 43.96, 0, 0, 4.26
2019/06/04 11:05:00, 24.75, 24.52, 24.31, 45.48, 43.94, 0, 0, 4.26
2019/06/04 11:06:00, 24.75, 24.50, 24.31, 45.50, 44.00, 0, 0, 4.26
2019/06/04 11:07:00, 24.75, 24.50, 24.32, 45.55, 44.00, 0, 0, 4.26
2019/06/04 11:08:00, 24.75, 24.50, 24.34, 45.51, 44.01, 0, 0, 4.26
2019/06/04 11:09:00, 24.75, 24.53, 24.32, 45.49, 44.00, 0, 0, 4.26
2019/06/04 11:10:00, 24.75, 24.52, 24.32, 45.45, 43.97, 0, 0, 4.26
2019/06/04 11:11:00, 24.75, 24.52, 24.32, 45.55, 44.03, 0, 0, 4.26
2019/06/04 11:12:00, 24.75, 24.50, 24.33, 45.64, 44.05, 0, 0, 4.26
2019/06/04 11:13:00, 24.75, 24.50, 24.34, 45.67, 44.14, 0, 0, 4.26
2019/06/04 11:14:00, 24.75, 24.52, 24.33, 45.63, 44.14, 0, 0, 4.26
2019/06/04 11:15:00, 24.75, 24.52, 24.34, 45.61, 44.10, 0, 0, 4.26
2019/06/04 11:16:00, 24.75, 24.49, 24.35, 45.45, 44.03, 0, 0, 4.26
2019/06/04 11:17:00, 24.75, 24.53, 24.33, 45.60, 44.03, 0, 0, 4.26
2019/06/04 11:18:00, 24.75, 24.52, 24.34, 45.65, 44.10, 0, 0, 4.26
2019/06/04 11:19:00, 24.75, 24.50, 24.33, 45.59, 44.09, 0, 0, 4.26
2019/06/04 11:20:00, 24.75, 24.50, 24.32, 45.65, 44.15, 0, 0, 4.26
2019/06/04 11:21:00, 24.75, 24.50, 24.31, 45.65, 44.18, 0, 0, 4.26
2019/06/04 11:22:00, 24.75, 24.50, 24.32, 45.66, 44.16, 0, 0, 4.26
2019/06/04 11:23:00, 24.75, 24.47, 24.32, 45.66, 44.14, 0, 0, 4.26
2019/06/04 11:24:00, 24.75, 24.49, 24.33, 45.71, 44.16, 0, 0, 4.26
2019/06/04 11:25:00, 24.75, 24.49, 24.34, 45.73, 44.20, 0, 0, 4.26
2019/06/04 11:26:00, 24.75, 24.52, 24.34, 45.75, 44.20, 0, 0, 4.26
2019/06/04 11:27:00, 24.75, 24.50, 24.34, 45.75, 44.20, 0, 0, 4.26
2019/06/04 11:28:00, 24.75, 24.52, 24.34, 45.71, 44.20, 0, 0, 4.26
2019/06/04 11:29:00, 24.75, 24.53, 24.36, 45.79, 44.23, 0, 0, 4.26
2019/06/04 11:30:00, 24.75, 24.53, 24.34, 45.74, 44.23, 0, 0, 4.26
2019/06/04 11:31:00, 24.75, 24.52, 24.35, 45.74, 44.23, 0, 0, 4.26
2019/06/04 11:32:00, 24.75, 24.56, 24.34, 45.79, 44.27, 0, 0, 4.26
2019/06/04 11:33:00, 24.75, 24.53, 24.34, 45.74, 44.27, 0, 0, 4.26
2019/06/04 11:34:00, 24.75, 24.50, 24.35, 45.74, 44.25, 0, 0, 4.26
2019/06/04 11:35:00, 24.75, 24.53, 24.35, 45.79, 44.29, 0, 0, 4.26
2019/06/04 11:36:00, 24.75, 24.53, 24.35, 45.82, 44.29, 0, 0, 4.26
2019/06/04 11:37:00, 24.75, 24.50, 24.34, 45.81, 44.31, 0, 0, 4.26
2019/06/04 11:38:00, 24.75, 24.53, 24.36, 45.92, 44.39, 0, 0, 4.26
2019/06/04 11:39:00, 24.75, 24.54, 24.37, 45.92, 44.46, 0, 0, 4.26
2019/06/04 11:40:00, 24.75, 24.56, 24.36, 45.93, 44.43, 0, 0, 4.26
2019/06/04 11:41:00, 24.75, 24.54, 24.37, 45.92, 44.39, 0, 0, 4.26
2019/06/04 11:42:00, 24.75, 24.54, 24.42, 45.90, 44.44, 0, 0, 4.26
2019/06/04 11:43:00, 24.75, 24.53, 24.36, 45.93, 44.46, 0, 0, 4.26
2019/06/04 11:44:00, 24.75, 24.50, 24.34, 46.16, 44.59, 0, 0, 4.26
2019/06/04 11:45:00, 24.75, 24.50, 24.34, 46.27, 44.70, 0, 0, 4.26
2019/06/04 11:46:00, 24.75, 24.52, 24.33, 46.26, 44.76, 0, 0, 4.26
2019/06/04 11:47:00, 24.75, 24.50, 24.32, 46.30, 44.81, 0, 0, 4.26
2019/06/04 11:48:00, 24.75, 24.49, 24.32, 46.39, 44.86, 0, 0, 4.26
2019/06/04 11:49:00, 24.75, 24.47, 24.30, 46.55, 44.96, 0, 0, 4.26
2019/06/04 11:50:00, 24.75, 24.47, 24.30, 46.54, 45.01, 0, 0, 4.26
2019/06/04 11:51:00, 24.75, 24.47, 24.32, 46.60, 45.10, 0, 0, 4.26
2019/06/04 11:52:00, 24.75, 24.49, 24.30, 46.70, 45.14, 0, 0, 4.26
2019/06/04 11:53:00, 24.75, 24.44, 24.27, 46.75, 45.21, 0, 0, 4.26
2019/06/04 11:54:00, 24.75, 24.46, 24.30, 46.84, 45.33, 0, 0, 4.26
2019/06/04 11:55:00, 24.75, 24.46, 24.28, 46.81, 45.36, 0, 0, 4.26
2019/06/04 11:56:00, 24.75, 24.46, 24.27, 46.91, 45.35, 0, 0, 4.26
2019/06/04 11:57:00, 24.75, 24.44, 24.26, 46.99, 45.45, 0, 0, 4.26
2019/06/04 11:58:00, 24.75, 24.44, 24.25, 47.00, 45.46, 0, 0, 4.26
2019/06/04 11:59:00, 24.75, 24.43, 24.26, 46.94, 45.46, 0, 0, 4.26
2019/06/04 12:00:00, 24.75, 24.42, 24.23, 47.01, 45.48, 0, 0, 4.26
2019/06/04 12:01:00, 24.75, 24.43, 24.25, 47.02, 45.49, 0, 0, 4.26
2019/06/04 12:02:00, 24.75, 24.42, 24.26, 47.10, 45.56, 0, 0, 4.26
2019/06/04 12:03:00, 24.75, 24.44, 24.27, 47.14, 45.60, 0, 0, 4.26
2019/06/04 12:04:00, 24.75, 24.43, 24.24, 47.08, 45.57, 0, 0, 4.26
2019/06/04 12:05:00, 24.75, 24.39, 24.21, 47.15, 45.59, 0, 0, 4.26
2019/06/04 12:06:00, 24.75, 24.40, 24.23, 47.22, 45.65, 0, 0, 4.26
2019/06/04 12:07:00, 24.75, 24.40, 24.24, 47.22, 45.67, 0, 0, 4.26
2019/06/04 12:08:00, 24.75, 24.42, 24.23, 47.14, 45.66, 0, 0, 4.26
2019/06/04 12:09:00, 24.75, 24.40, 24.21, 47.21, 45.71, 0, 0, 4.26
2019/06/04 12:10:00, 24.75, 24.39, 24.20, 47.27, 45.75, 0, 0, 4.26
2019/06/04 12:11:00, 24.75, 24.39, 24.21, 47.37, 45.82, 0, 0, 4.26
2019/06/04 12:12:00, 24.75, 24.35, 24.20, 47.36, 45.82, 0, 0, 4.26
2019/06/04 12:13:00, 24.75, 24.38, 24.20, 47.42, 45.88, 0, 0, 4.26
2019/06/04 12:14:00, 24.75, 24.36, 24.22, 47.32, 45.84, 0, 0, 4.26
2019/06/04 12:15:00, 24.75, 24.39, 24.18, 47.33, 45.84, 0, 0, 4.26
2019/06/04 12:16:00, 24.75, 24.38, 24.18, 47.43, 45.92, 0, 0, 4.26
2019/06/04 12:17:00, 24.75, 24.36, 24.17, 47.49, 45.97, 0, 0, 4.26
2019/06/04 12:18:00, 24.75, 24.36, 24.18, 47.50, 45.97, 0, 0, 4.26
2019/06/04 12:19:00, 24.75, 24.33, 24.18, 47.53, 45.97, 0, 0, 4.26
2019/06/04 12:20:00, 24.75, 24.36, 24.16, 47.60, 46.06, 0, 0, 4.26
2019/06/04 12:21:00, 24.75, 24.36, 24.17, 47.50, 46.04, 0, 0, 4.26
2019/06/04 12:22:00, 24.75, 24.33, 24.18, 47.56, 46.04, 0, 0, 4.26
2019/06/04 12:23:00, 24.75, 24.35, 24.17, 47.54, 46.00, 0, 0, 4.26
2019/06/04 12:24:00, 24.75, 24.36, 24.19, 47.56, 46.07, 0, 0, 4.26
2019/06/04 12:25:00, 24.75, 24.36, 24.17, 47.48, 46.02, 0, 0, 4.26
2019/06/04 12:26:00, 24.75, 24.35, 24.17, 47.51, 45.98, 0, 0, 4.26
2019/06/04 12:27:00, 24.75, 24.38, 24.20, 47.49, 46.00, 0, 0, 4.26
2019/06/04 12:28:00, 24.75, 24.36, 24.18, 47.49, 46.00, 0, 0, 4.26
2019/06/04 12:29:00, 24.75, 24.36, 24.18, 47.52, 46.04, 0, 0, 4.26
2019/06/04 12:30:00, 24.75, 24.35, 24.19, 47.57, 46.04, 0, 0, 4.26
2019/06/04 12:31:00, 24.75, 24.35, 24.18, 47.51, 46.04, 0, 0, 4.26
2019/06/04 12:32:00, 24.75, 24.36, 24.17, 47.56, 46.05, 0, 0, 4.26
2019/06/04 12:33:00, 24.75, 24.36, 24.17, 47.56, 46.06, 0, 0, 4.26
2019/06/04 12:34:00, 24.75, 24.38, 24.20, 47.65, 46.13, 0, 0, 4.26
2019/06/04 12:35:00, 24.75, 24.35, 24.17, 47.52, 46.07, 0, 0, 4.26
2019/06/04 12:36:00, 24.75, 24.35, 24.17, 47.67, 46.10, 0, 0, 4.26
2019/06/04 12:37:00, 24.75, 24.35, 24.17, 47.68, 46.12, 0, 0, 4.26
2019/06/04 12:38:00, 24.75, 24.31, 24.13, 47.72, 46.22, 0, 0, 4.26
2019/06/04 12:39:00, 24.75, 24.32, 24.11, 47.80, 46.32, 0, 0, 4.26
2019/06/04 12:40:00, 24.75, 24.29, 24.13, 47.80, 46.27, 0, 0, 4.26
2019/06/04 12:41:00, 24.75, 24.31, 24.10, 47.92, 46.33, 0, 0, 4.26
2019/06/04 12:42:00, 24.75, 24.32, 24.12, 48.01, 46.45, 0, 0, 4.26
2019/06/04 12:43:00, 24.75, 24.31, 24.11, 47.97, 46.41, 0, 0, 4.26
2019/06/04 12:44:00, 24.75, 24.29, 24.13, 47.96, 46.43, 0, 0, 4.26
2019/06/04 12:45:00, 24.75, 24.31, 24.12, 47.92, 46.43, 0, 0, 4.26
2019/06/04 12:46:00, 24.75, 24.33, 24.12, 47.97, 46.45, 0, 0, 4.26
2019/06/04 12:47:00, 24.75, 24.27, 24.11, 48.36, 46.66, 0, 0, 4.26
2019/06/04 12:48:00, 24.75, 24.27, 24.11, 48.32, 46.80, 0, 0, 4.26
2019/06/04 12:49:00, 24.75, 24.32, 24.11, 48.21, 46.74, 0, 0, 4.26
2019/06/04 12:50:00, 24.75, 24.31, 24.12, 48.24, 46.71, 0, 0, 4.26
2019/06/04 12:51:00, 24.75, 24.33, 24.13, 48.14, 46.65, 0, 0, 4.26
2019/06/04 12:52:00, 24.75, 24.32, 24.15, 48.21, 46.72, 0, 0, 4.26
2019/06/04 12:53:00, 24.75, 24.32, 24.10, 48.20, 46.71, 0, 0, 4.26
2019/06/04 12:54:00, 24.75, 24.31, 24.11, 48.49, 46.95, 0, 0, 4.26
2019/06/04 12:55:00, 24.75, 24.33, 24.13, 48.77, 47.20, 0, 0, 4.26
2019/06/04 12:56:00, 24.75, 24.36, 24.18, 48.53, 47.15, 0, 0, 4.26
2019/06/04 12:57:00, 24.75, 24.39, 24.20, 48.45, 47.00, 0, 0, 4.26
2019/06/04 12:58:00, 24.75, 24.40, 24.22, 48.43, 46.98, 0, 0, 4.26
2019/06/04 12:59:00, 24.75, 24.42, 24.25, 48.62, 47.07, 0, 0, 4.26
2019/06/04 13:00:00, 24.75, 24.46, 24.25, 48.27, 46.83, 0, 0, 4.26
2019/06/04 13:01:00, 24.75, 24.46, 24.27, 48.11, 46.70, 0, 0, 4.26
2019/06/04 13:02:00, 24.75, 24.47, 24.27, 48.16, 46.63, 0, 0, 4.26
2019/06/04 13:03:00, 24.75, 24.52, 24.30, 48.25, 46.78, 0, 0, 4.26
2019/06/04 13:04:00, 24.75, 24.50, 24.34, 47.93, 46.59, 0, 0, 4.26
2019/06/04 13:05:00, 24.75, 24.50, 24.32, 47.85, 46.39, 0, 0, 4.26
2019/06/04 13:06:00, 24.75, 24.50, 24.31, 47.73, 46.29, 0, 0, 4.26
2019/06/04 13:07:00, 24.75, 24.49, 24.31, 47.84, 46.36, 0, 0, 4.26
2019/06/04 13:08:00, 24.75, 24.49, 24.30, 47.85, 46.37, 0, 0, 4.26
2019/06/04 13:09:00, 24.75, 24.50, 24.32, 47.84, 46.36, 0, 0, 4.26
2019/06/04 13:10:00, 24.75, 24.53, 24.32, 47.89, 46.39, 0, 0, 4.26
2019/06/04 13:11:00, 24.75, 24.52, 24.34, 47.87, 46.39, 0, 0, 4.26
2019/06/04 13:12:00, 24.75, 24.50, 24.34, 47.89, 46.40, 0, 0, 4.26
2019/06/04 13:13:00, 24.75, 24.52, 24.34, 47.94, 46.43, 0, 0, 4.26
2019/06/04 13:14:00, 24.75, 24.53, 24.33, 47.89, 46.42, 0, 0, 4.26
2019/06/04 13:15:00, 24.75, 24.53, 24.34, 47.89, 46.41, 0, 0, 4.26
2019/06/04 13:16:00, 24.75, 24.52, 24.34, 47.96, 46.43, 0, 0, 4.26
2019/06/04 13:17:00, 24.75, 24.52, 24.36, 47.87, 46.41, 0, 0, 4.26
2019/06/04 13:18:00, 24.75, 24.53, 24.35, 47.93, 46.41, 0, 0, 4.26
2019/06/04 13:19:00, 24.75, 24.52, 24.36, 47.87, 46.40, 0, 0, 4.26
2019/06/04 13:20:00, 24.75, 24.52, 24.38, 47.94, 46.43, 0, 0, 4.26
2019/06/04 13:21:00, 24.75, 24.54, 24.38, 47.88, 46.37, 0, 0, 4.26
2019/06/04 13:22:00, 24.75, 24.57, 24.38, 47.86, 46.39, 0, 0, 4.26
2019/06/04 13:23:00, 24.75, 24.57, 24.39, 47.87, 46.36, 0, 0, 4.26
2019/06/04 13:24:00, 24.75, 24.61, 24.41, 47.81, 46.33, 0, 0, 4.26
2019/06/04 13:25:00, 24.75, 24.61, 24.41, 47.79, 46.30, 0, 0, 4.26
2019/06/04 13:26:00, 24.75, 24.60, 24.42, 47.78, 46.29, 0, 0, 4.26
2019/06/04 13:27:00, 24.75, 24.61, 24.42, 47.77, 46.30, 0, 0, 4.26
2019/06/04 13:28:00, 24.75, 24.60, 24.42, 47.84, 46.32, 0, 0, 4.26
2019/06/04 13:29:00, 24.75, 24.60, 24.40, 47.84, 46.32, 0, 0, 4.26
2019/06/04 13:30:00, 24.75, 24.60, 24.43, 47.78, 46.29, 0, 0, 4.26
2019/06/04 13:31:00, 24.75, 24.57, 24.40, 47.88, 46.34, 0, 0, 4.26
2019/06/04 13:32:00, 24.75, 24.60, 24.41, 47.91, 46.38, 0, 0, 4.26
2019/06/04 13:33:00, 24.75, 24.59, 24.41, 48.00, 46.45, 0, 0, 4.26
2019/06/04 13:34:00, 24.75, 24.59, 24.42, 47.89, 46.45, 0, 0, 4.26
2019/06/04 13:35:00, 24.75, 24.57, 24.42, 47.85, 46.39, 0, 0, 4.26
2019/06/04 13:36:00, 24.75, 24.59, 24.40, 47.89, 46.44, 0, 0, 4.26
2019/06/04 13:37:00, 24.75, 24.59, 24.41, 47.88, 46.44, 0, 0, 4.26
2019/06/04 13:38:00, 24.75, 24.56, 24.40, 47.89, 46.44, 0, 0, 4.26
2019/06/04 13:39:00, 24.75, 24.57, 24.38, 48.02, 46.46, 0, 0, 4.26
2019/06/04 13:40:00, 24.75, 24.56, 24.39, 47.94, 46.46, 0, 0, 4.26
2019/06/04 13:41:00, 24.75, 24.57, 24.39, 48.00, 46.49, 0, 0, 4.26
2019/06/04 13:42:00, 24.75, 24.56, 24.40, 48.05, 46.53, 0, 0, 4.26
2019/06/04 13:43:00, 24.75, 24.59, 24.39, 48.00, 46.50, 0, 0, 4.26
2019/06/04 13:44:00, 24.75, 24.56, 24.38, 48.02, 46.50, 0, 0, 4.26
2019/06/04 13:45:00, 24.75, 24.56, 24.39, 48.00, 46.49, 0, 0, 4.26
2019/06/04 13:46:00, 24.75, 24.56, 24.40, 47.97, 46.54, 0, 0, 4.26
2019/06/04 13:47:00, 24.75, 24.60, 24.41, 47.97, 46.55, 0, 0, 4.26
2019/06/04 13:48:00, 25.00, 24.60, 24.40, 48.00, 46.54, 0, 0, 4.26
2019/06/04 13:49:00, 25.00, 24.60, 24.42, 48.12, 46.57, 0, 0, 4.26
2019/06/04 13:50:00, 25.00, 24.63, 24.43, 48.02, 46.52, 0, 0, 4.26
2019/06/04 13:51:00, 25.00, 24.66, 24.46, 48.06, 46.51, 0, 0, 4.26
2019/06/04 13:52:00, 25.00, 24.63, 24.49, 47.94, 46.47, 0, 0, 4.26
2019/06/04 13:53:00, 25.00, 24.63, 24.47, 47.81, 46.40, 0, 0, 4.26
2019/06/04 13:54:00, 25.00, 24.70, 24.49, 47.97, 46.42, 0, 0, 4.26
2019/06/04 13:55:00, 25.00, 24.69, 24.51, 47.80, 46.39, 0, 0, 4.26
2019/06/04 13:56:00, 25.00, 24.71, 24.50, 47.82, 46.37, 0, 0, 4.26
2019/06/04 13:57:00, 25.00, 24.73, 24.54, 47.70, 46.29, 0, 0, 4.26
2019/06/04 13:58:00, 25.00, 24.74, 24.55, 47.71, 46.24, 0, 0, 4.26
2019/06/04 13:59:00, 25.00, 24.75, 24.56, 47.59, 46.18, 0, 0, 4.26
2019/06/04 14:00:00, 25.00, 24.75, 24.57, 47.68, 46.23, 0, 0, 4.26
2019/06/04 14:01:00, 25.00, 24.75, 24.58, 47.76, 46.32, 0, 0, 4.26
2019/06/04 14:02:00, 25.00, 24.75, 24.57, 47.71, 46.30, 0, 0, 4.26
2019/06/04 14:03:00, 25.00, 24.74, 24.60, 47.69, 46.26, 0, 0, 4.26
2019/06/04 14:04:00, 25.00, 24.74, 24.56, 47.77, 46.29, 0, 0, 4.26
2019/06/04 14:05:00, 25.00, 24.74, 24.55, 47.77, 46.36, 0, 0, 4.26
2019/06/04 14:06:00, 25.00, 24.77, 24.57, 47.77, 46.33, 0, 0, 4.26
2019/06/04 14:07:00, 25.00, 24.74, 24.58, 47.75, 46.34, 0, 0, 4.26
2019/06/04 14:08:00, 25.00, 24.75, 24.53, 47.82, 46.37, 0, 0, 4.26
2019/06/04 14:09:00, 25.00, 24.73, 24.55, 47.87, 46.38, 0, 0, 4.26
2019/06/04 14:10:00, 25.00, 24.73, 24.53, 47.88, 46.49, 0, 0, 4.26
2019/06/04 14:11:00, 25.00, 24.70, 24.52, 48.00, 46.49, 0, 0, 4.26
2019/06/04 14:12:00, 25.00, 24.71, 24.51, 48.00, 46.55, 0, 0, 4.26
2019/06/04 14:13:00, 25.00, 24.70, 24.51, 47.95, 46.55, 0, 0, 4.26
2019/06/04 14:14:00, 25.00, 24.70, 24.51, 47.97, 46.56, 0, 0, 4.26
2019/06/04 14:15:00, 25.00, 24.69, 24.53, 47.94, 46.55, 0, 0, 4.26
2019/06/04 14:16:00, 25.00, 24.73, 24.54, 47.97, 46.55, 0, 0, 4.26
2019/06/04 14:17:00, 25.00, 24.73, 24.53, 47.93, 46.49, 0, 0, 4.26
2019/06/04 14:18:00, 25.00, 24.75, 24.56, 47.85, 46.44, 0, 0, 4.26
2019/06/04 14:19:00, 25.00, 24.74, 24.55, 47.91, 46.49, 0, 0, 4.26
2019/06/04 14:20:00, 25.00, 24.73, 24.53, 47.94, 46.49, 0, 0, 4.26
2019/06/04 14:21:00, 25.00, 24.71, 24.54, 47.94, 46.49, 0, 0, 4.26
2019/06/04 14:22:00, 25.00, 24.71, 24.53, 47.89, 46.48, 0, 0, 4.26
2019/06/04 14:23:00, 25.00, 24.67, 24.52, 47.88, 46.44, 0, 0, 4.26
2019/06/04 14:24:00, 25.00, 24.67, 24.49, 47.98, 46.48, 0, 0, 4.26
2019/06/04 14:25:00, 25.00, 24.67, 24.51, 48.05, 46.58, 0, 0, 4.26
2019/06/04 14:26:00, 25.00, 24.70, 24.51, 47.95, 46.57, 0, 0, 4.26
2019/06/04 14:27:00, 25.00, 24.74, 24.52, 47.98, 46.51, 0, 0, 4.26
2019/06/04 14:28:00, 25.00, 24.73, 24.51, 47.93, 46.51, 0, 0, 4.26
2019/06/04 14:29:00, 25.00, 24.70, 24.53, 47.90, 46.45, 0, 0, 4.26
2019/06/04 14:30:00, 25.00, 24.70, 24.54, 47.87, 46.44, 0, 0, 4.26
2019/06/04 14:31:00, 25.00, 24.70, 24.52, 47.82, 46.45, 0, 0, 4.26
2019/06/04 14:32:00, 25.00, 24.69, 24.51, 47.83, 46.44, 0, 0, 4.26
2019/06/04 14:33:00, 25.00, 24.70, 24.52, 47.78, 46.40, 0, 0, 4.26
2019/06/04 14:34:00, 25.00, 24.70, 24.50, 47.79, 46.39, 0, 0, 4.26
2019/06/04 14:35:00, 25.00, 24.70, 24.54, 47.76, 46.37, 0, 0, 4.26
2019/06/04 14:36:00, 25.00, 24.67, 24.50, 47.84, 46.36, 0, 0, 4.26
2019/06/04 14:37:00, 25.00, 24.70, 24.51, 47.76, 46.36, 0, 0, 4.26
2019/06/04 14:38:00, 25.00, 24.67, 24.52, 47.72, 46.29, 0, 0, 4.26
2019/06/04 14:39:00, 25.00, 24.70, 24.50, 47.69, 46.30, 0, 0, 4.26
2019/06/04 14:40:00, 25.00, 24.69, 24.51, 47.68, 46.33, 0, 0, 4.26
2019/06/04 14:41:00, 25.00, 24.67, 24.50, 47.68, 46.31, 0, 0, 4.26
2019/06/04 14:42:00, 25.00, 24.67, 24.49, 47.68, 46.31, 0, 0, 4.26
2019/06/04 14:43:00, 25.00, 24.70, 24.50, 47.71, 46.29, 0, 0, 4.26
2019/06/04 14:44:00, 25.00, 24.70, 24.52, 47.66, 46.26, 0, 0, 4.26
2019/06/04 14:45:00, 25.00, 24.69, 24.50, 47.60, 46.22, 0, 0, 4.26
2019/06/04 14:46:00, 25.00, 24.70, 24.51, 47.60, 46.20, 0, 0, 4.26
2019/06/04 14:47:00, 25.00, 24.67, 24.51, 47.53, 46.17, 0, 0, 4.26
2019/06/04 14:48:00, 25.00, 24.71, 24.50, 47.56, 46.18, 0, 0, 4.26
2019/06/04 14:49:00, 25.00, 24.67, 24.51, 47.52, 46.16, 0, 0, 4.26
2019/06/04 14:50:00, 25.00, 24.69, 24.52, 47.43, 46.08, 0, 0, 4.26
2019/06/04 14:51:00, 25.00, 24.71, 24.51, 47.49, 46.09, 0, 0, 4.26
2019/06/04 14:52:00, 25.00, 24.70, 24.50, 47.40, 46.04, 0, 0, 4.26
2019/06/04 14:53:00, 25.00, 24.66, 24.49, 47.35, 45.98, 0, 0, 4.26
2019/06/04 14:54:00, 25.00, 24.64, 24.48, 47.37, 46.00, 0, 0, 4.26
2019/06/04 14:55:00, 25.00, 24.69, 24.48, 47.37, 46.00, 0, 0, 4.26
2019/06/04 14:56:00, 25.00, 24.63, 24.49, 47.31, 45.94, 0, 0, 4.26
2019/06/04 14:57:00, 25.00, 24.66, 24.49, 47.31, 45.91, 0, 0, 4.26
2019/06/04 14:58:00, 25.00, 24.69, 24.49, 47.25, 45.91, 0, 0, 4.26
2019/06/04 14:59:00, 25.00, 24.66, 24.46, 47.18, 45.84, 0, 0, 4.26
2019/06/04 15:00:00, 25.00, 24.63, 24.46, 47.26, 45.82, 0, 0, 4.26
2019/06/04 15:01:00, 25.00, 24.61, 24.43, 47.19, 45.82, 0, 0, 4.26
2019/06/04 15:02:00, 25.00, 24.64, 24.46, 47.18, 45.80, 0, 0, 4.26
2019/06/04 15:03:00, 25.00, 24.64, 24.45, 47.18, 45.75, 0, 0, 4.26
2019/06/04 15:04:00, 25.00, 24.61, 24.43, 47.16, 45.77, 0, 0, 4.26
2019/06/04 15:05:00, 25.00, 24.59, 24.43, 47.03, 45.71, 0, 0, 4.26
2019/06/04 15:06:00, 25.00, 24.59, 24.40, 47.06, 45.66, 0, 0, 4.26
2019/06/04 15:07:00, 25.00, 24.60, 24.43, 47.02, 45.62, 0, 0, 4.26
2019/06/04 15:08:00, 25.00, 24.61, 24.41, 46.88, 45.56, 0, 0, 4.26
2019/06/04 15:09:00, 25.00, 24.60, 24.41, 46.74, 45.47, 0, 0, 4.26
2019/06/04 15:10:00, 25.00, 24.63, 24.43, 46.73, 45.38, 0, 0, 4.26
2019/06/04 15:11:00, 25.00, 24.61, 24.42, 46.68, 45.33, 0, 0, 4.26
2019/06/04 15:12:00, 25.00, 24.57, 24.42, 46.60, 45.30, 0, 0, 4.26
2019/06/04 15:13:00, 25.00, 24.60, 24.43, 46.62, 45.28, 0, 0, 4.26
2019/06/04 15:14:00, 25.00, 24.61, 24.43, 46.59, 45.25, 0, 0, 4.26
2019/06/04 15:15:00, 25.00, 24.60, 24.43, 46.46, 45.16, 0, 0, 4.26
2019/06/04 15:16:00, 25.00, 24.56, 24.42, 46.40, 45.10, 0, 0, 4.26
2019/06/04 15:17:00, 25.00, 24.59, 24.45, 46.43, 45.08, 0, 0, 4.26
2019/06/04 15:18:00, 25.00, 24.60, 24.41, 46.41, 45.10, 0, 0, 4.26
2019/06/04 15:19:00, 25.00, 24.60, 24.43, 46.36, 45.04, 0, 0, 4.26
2019/06/04 15:20:00, 25.00, 24.63, 24.46, 46.30, 45.00, 0, 0, 4.26
2019/06/04 15:21:00, 25.00, 24.60, 24.45, 46.13, 44.91, 0, 0, 4.26
2019/06/04 15:22:00, 25.00, 24.61, 24.43, 46.27, 44.94, 0, 0, 4.26
2019/06/04 15:23:00, 25.00, 24.61, 24.43, 46.23, 44.91, 0, 0, 4.26
2019/06/04 15:24:00, 25.00, 24.61, 24.42, 46.18, 44.86, 0, 0, 4.26
2019/06/04 15:25:00, 25.00, 24.56, 24.40, 46.16, 44.84, 0, 0, 4.26
2019/06/04 15:26:00, 25.00, 24.56, 24.38, 46.22, 44.84, 0, 0, 4.26
2019/06/04 15:27:00, 25.00, 24.54, 24.38, 46.29, 44.93, 0, 0, 4.26
2019/06/04 15:28:00, 25.00, 24.54, 24.38, 46.24, 44.89, 0, 0, 4.26
2019/06/04 15:29:00, 25.00, 24.56, 24.38, 46.09, 44.81, 0, 0, 4.26
2019/06/04 15:30:00, 25.00, 24.52, 24.36, 46.03, 44.72, 0, 0, 4.26
2019/06/04 15:31:00, 25.00, 24.56, 24.37, 46.11, 44.79, 0, 0, 4.26
2019/06/04 15:32:00, 25.00, 24.57, 24.37, 46.05, 44.74, 0, 0, 4.26
2019/06/04 15:33:00, 25.00, 24.59, 24.40, 45.91, 44.65, 0, 0, 4.26
2019/06/04 15:34:00, 25.00, 24.57, 24.39, 45.84, 44.57, 0, 0, 4.26
2019/06/04 15:35:00, 25.00, 24.59, 24.41, 45.76, 44.50, 0, 0, 4.26
2019/06/04 15:36:00, 25.00, 24.56, 24.40, 45.61, 44.37, 0, 0, 4.26
2019/06/04 15:37:00, 25.00, 24.56, 24.35, 45.58, 44.30, 0, 0, 4.26
2019/06/04 15:38:00, 25.00, 24.57, 24.37, 45.69, 44.37, 0, 0, 4.26
2019/06/04 15:39:00, 25.00, 24.54, 24.36, 45.58, 44.33, 0, 0, 4.26
2019/06/04 15:40:00, 25.00, 24.54, 24.34, 45.65, 44.31, 0, 0, 4.26
2019/06/04 15:41:00, 25.00, 24.56, 24.37, 45.61, 44.32, 0, 0, 4.26
2019/06/04 15:42:00, 25.00, 24.56, 24.37, 45.44, 44.17, 0, 0, 4.26
2019/06/04 15:43:00, 25.00, 24.54, 24.35, 45.33, 44.10, 0, 0, 4.26
2019/06/04 15:44:00, 25.00, 24.54, 24.37, 45.42, 44.11, 0, 0, 4.26
2019/06/04 15:45:00, 25.00, 24.54, 24.36, 45.30, 44.07, 0, 0, 4.26
2019/06/04 15:46:00, 25.00, 24.54, 24.37, 45.35, 44.05, 0, 0, 4.26
2019/06/04 15:47:00, 25.00, 24.53, 24.37, 45.34, 44.06, 0, 0, 4.26
2019/06/04 15:48:00, 25.00, 24.57, 24.38, 45.26, 43.99, 0, 0, 4.26
2019/06/04 15:49:00, 25.00, 24.56, 24.39, 45.25, 43.98, 0, 0, 4.26
2019/06/04 15:50:00, 25.00, 24.53, 24.35, 45.14, 43.85, 0, 0, 4.26
2019/06/04 15:51:00, 25.00, 24.54, 24.35, 45.15, 43.84, 0, 0, 4.26
2019/06/04 15:52:00, 25.00, 24.54, 24.34, 45.08, 43.78, 0, 0, 4.26
2019/06/04 15:53:00, 25.00, 24.52, 24.33, 45.08, 43.79, 0, 0, 4.26
2019/06/04 15:54:00, 25.00, 24.50, 24.34, 45.15, 43.85, 0, 0, 4.26
2019/06/04 15:55:00, 25.00, 24.56, 24.37, 45.05, 43.82, 0, 0, 4.26
2019/06/04 15:56:00, 25.00, 24.54, 24.38, 45.05, 43.76, 0, 0, 4.26
2019/06/04 15:57:00, 25.00, 24.57, 24.41, 45.02, 43.69, 0, 0, 4.26
2019/06/04 15:58:00, 25.00, 24.59, 24.40, 44.90, 43.69, 0, 0, 4.26
2019/06/04 15:59:00, 25.00, 24.59, 24.40, 44.87, 43.58, 0, 0, 4.26
2019/06/04 16:00:00, 25.00, 24.57, 24.38, 44.89, 43.55, 0, 0, 4.26
2019/06/04 16:01:00, 25.00, 24.59, 24.40, 44.95, 43.64, 0, 0, 4.26
2019/06/04 16:02:00, 25.00, 24.56, 24.37, 45.01, 43.64, 0, 0, 4.26
2019/06/04 16:03:00, 25.00, 24.56, 24.37, 44.96, 43.65, 0, 0, 4.26
2019/06/04 16:04:00, 25.00, 24.56, 24.37, 44.90, 43.62, 0, 0, 4.26
2019/06/04 16:05:00, 25.00, 24.59, 24.39, 44.97, 43.65, 0, 0, 4.26
2019/06/04 16:06:00, 25.00, 24.57, 24.40, 45.00, 43.65, 0, 0, 4.26
2019/06/04 16:07:00, 25.00, 24.59, 24.40, 44.88, 43.60, 0, 0, 4.26
2019/06/04 16:08:00, 25.00, 24.60, 24.43, 44.88, 43.57, 0, 0, 4.26
2019/06/04 16:09:00, 25.00, 24.60, 24.43, 44.82, 43.51, 0, 0, 4.26
2019/06/04 16:10:00, 25.00, 24.63, 24.45, 44.71, 43.45, 0, 0, 4.26
2019/06/04 16:11:00, 25.00, 24.60, 24.43, 44.60, 43.38, 0, 0, 4.26
2019/06/04 16:12:00, 25.00, 24.64, 24.41, 44.60, 43.29, 0, 0, 4.26
2019/06/04 16:13:00, 25.00, 24.61, 24.45, 44.64, 43.35, 0, 0, 4.26
2019/06/04 16:14:00, 25.00, 24.63, 24.45, 44.61, 43.34, 0, 0, 4.26
2019/06/04 16:15:00, 25.00, 24.63, 24.45, 44.59, 43.33, 0, 0, 4.26
2019/06/04 16:16:00, 25.00, 24.64, 24.45, 44.54, 43.29, 0, 0, 4.26
2019/06/04 16:17:00, 25.00, 24.61, 24.46, 44.57, 43.30, 0, 0, 4.26
2019/06/04 16:18:00, 25.00, 24.66, 24.45, 44.55, 43.29, 0, 0, 4.26
2019/06/04 16:19:00, 25.00, 24.64, 24.46, 44.60, 43.30, 0, 0, 4.26
2019/06/04 16:20:00, 25.00, 24.66, 24.47, 44.57, 43.30, 0, 0, 4.26
2019/06/04 16:21:00, 25.00, 24.64, 24.46, 44.57, 43.27, 0, 0, 4.26
2019/06/04 16:22:00, 25.00, 24.63, 24.46, 44.64, 43.33, 0, 0, 4.26
2019/06/04 16:23:00, 25.00, 24.66, 24.46, 44.60, 43.33, 0, 0, 4.26
2019/06/04 16:24:00, 25.00, 24.61, 24.45, 44.63, 43.33, 0, 0, 4.26
2019/06/04 16:25:00, 25.00, 24.63, 24.46, 44.66, 43.33, 0, 0, 4.26
2019/06/04 16:26:00, 25.00, 24.63, 24.45, 44.66, 43.36, 0, 0, 4.26
2019/06/04 16:27:00, 25.00, 24.61, 24.45, 44.77, 43.43, 0, 0, 4.26
2019/06/04 16:28:00, 25.00, 24.63, 24.46, 44.75, 43.46, 0, 0, 4.26
2019/06/04 16:29:00, 25.00, 24.64, 24.46, 44.75, 43.43, 0, 0, 4.26
2019/06/04 16:30:00, 25.00, 24.64, 24.45, 44.67, 43.42, 0, 0, 4.26
2019/06/04 16:31:00, 25.00, 24.66, 24.46, 44.67, 43.39, 0, 0, 4.26
2019/06/04 16:32:00, 25.00, 24.69, 24.49, 44.69, 43.38, 0, 0, 4.26
2019/06/04 16:33:00, 25.00, 24.67, 24.46, 44.68, 43.38, 0, 0, 4.26
2019/06/04 16:34:00, 25.00, 24.67, 24.49, 44.70, 43.41, 0, 0, 4.26
2019/06/04 16:35:00, 25.00, 24.67, 24.50, 44.65, 43.39, 0, 0, 4.26
2019/06/04 16:36:00, 25.00, 24.67, 24.46, 44.68, 43.39, 0, 0, 4.26
2019/06/04 16:37:00, 25.00, 24.70, 24.51, 44.67, 43.40, 0, 0, 4.26
2019/06/04 16:38:00, 25.00, 24.70, 24.49, 44.66, 43.38, 0, 0, 4.26
2019/06/04 16:39:00, 25.00, 24.67, 24.51, 44.68, 43.38, 0, 0, 4.26
2019/06/04 16:40:00, 25.00, 24.70, 24.51, 44.69, 43.40, 0, 0, 4.26
2019/06/04 16:41:00, 25.00, 24.70, 24.51, 44.67, 43.39, 0, 0, 4.26
2019/06/04 16:42:00, 25.00, 24.69, 24.52, 44.68, 43.39, 0, 0, 4.26
2019/06/04 16:43:00, 25.00, 24.70, 24.51, 44.66, 43.37, 0, 0, 4.26
2019/06/04 16:44:00, 25.00, 24.70, 24.51, 44.61, 43.36, 0, 0, 4.26
2019/06/04 16:45:00, 25.00, 24.70, 24.53, 44.72, 43.39, 0, 0, 4.26
2019/06/04 16:46:00, 25.00, 24.73, 24.53, 44.76, 43.44, 0, 0, 4.26
2019/06/04 16:47:00, 25.00, 24.71, 24.53, 44.71, 43.45, 0, 0, 4.26
2019/06/04 16:48:00, 25.00, 24.70, 24.52, 44.67, 43.43, 0, 0, 4.26
2019/06/04 16:49:00, 25.00, 24.73, 24.54, 44.66, 43.40, 0, 0, 4.26
2019/06/04 16:50:00, 25.00, 24.73, 24.53, 44.73, 43.44, 0, 0, 4.26
2019/06/04 16:51:00, 25.00, 24.73, 24.52, 44.66, 43.43, 0, 0, 4.26
2019/06/04 16:52:00, 25.00, 24.73, 24.52, 44.71, 43.44, 0, 0, 4.26
2019/06/04 16:53:00, 25.00, 24.73, 24.54, 44.75, 43.45, 0, 0, 4.26
2019/06/04 16:54:00, 25.00, 24.70, 24.54, 44.74, 43.48, 0, 0, 4.26
2019/06/04 16:55:00, 25.00, 24.70, 24.53, 44.81, 43.48, 0, 0, 4.26
2019/06/04 16:56:00, 25.00, 24.70, 24.53, 44.75, 43.46, 0, 0, 4.26
2019/06/04 16:57:00, 25.00, 24.70, 24.52, 44.79, 43.49, 0, 0, 4.26
2019/06/04 16:58:00, 25.00, 24.69, 24.52, 44.75, 43.49, 0, 0, 4.26
2019/06/04 16:59:00, 25.00, 24.69, 24.52, 44.72, 43.44, 0, 0, 4.26
2019/06/04 17:00:00, 25.00, 24.69, 24.51, 44.71, 43.43, 0, 0, 4.26
2019/06/04 17:01:00, 25.00, 24.67, 24.52, 44.70, 43.40, 0, 0, 4.26
2019/06/04 17:02:00, 25.00, 24.67, 24.49, 44.70, 43.40, 0, 0, 4.26
2019/06/04 17:03:00, 25.00, 24.69, 24.50, 44.68, 43.39, 0, 0, 4.26
2019/06/04 17:04:00, 25.00, 24.70, 24.53, 44.59, 43.35, 0, 0, 4.26
2019/06/04 17:05:00, 25.00, 24.70, 24.50, 44.60, 43.31, 0, 0, 4.26
2019/06/04 17:06:00, 25.00, 24.71, 24.51, 44.52, 43.27, 0, 0, 4.26
2019/06/04 17:07:00, 25.00, 24.70, 24.51, 44.54, 43.25, 0, 0, 4.26
2019/06/04 17:08:00, 25.00, 24.71, 24.52, 44.52, 43.24, 0, 0, 4.26
2019/06/04 17:09:00, 25.00, 24.71, 24.51, 44.49, 43.19, 0, 0, 4.26
2019/06/04 17:10:00, 25.00, 24.73, 24.54, 44.40, 43.17, 0, 0, 4.26
2019/06/04 17:11:00, 25.00, 24.73, 24.55, 44.38, 43.11, 0, 0, 4.26
2019/06/04 17:12:00, 25.00, 24.75, 24.55, 44.25, 43.03, 0, 0, 4.26
2019/06/04 17:13:00, 25.00, 24.74, 24.56, 44.20, 42.98, 0, 0, 4.26
2019/06/04 17:14:00, 25.00, 24.74, 24.56, 44.20, 42.91, 0, 0, 4.26
2019/06/04 17:15:00, 25.00, 24.77, 24.58, 44.10, 42.88, 0, 0, 4.26
2019/06/04 17:16:00, 25.00, 24.75, 24.58, 44.09, 42.81, 0, 0, 4.26
2019/06/04 17:17:00, 25.00, 24.77, 24.61, 44.01, 42.78, 0, 0, 4.26
2019/06/04 17:18:00, 25.00, 24.75, 24.60, 43.92, 42.70, 0, 0, 4.26
2019/06/04 17:19:00, 25.00, 24.77, 24.60, 43.90, 42.64, 0, 0, 4.26
2019/06/04 17:20:00, 25.00, 24.80, 24.62, 43.84, 42.59, 0, 0, 4.26
2019/06/04 17:21:00, 25.00, 24.78, 24.62, 43.79, 42.56, 0, 0, 4.26
2019/06/04 17:22:00, 25.00, 24.78, 24.63, 43.72, 42.50, 0, 0, 4.26
2019/06/04 17:23:00, 25.00, 24.78, 24.62, 43.69, 42.46, 0, 0, 4.26
2019/06/04 17:24:00, 25.00, 24.81, 24.63, 43.64, 42.39, 0, 0, 4.26
2019/06/04 17:25:00, 25.00, 24.81, 24.64, 43.61, 42.32, 0, 0, 4.26
2019/06/04 17:26:00, 25.00, 24.82, 24.63, 43.54, 42.29, 0, 0, 4.26
2019/06/04 17:27:00, 25.00, 24.84, 24.62, 43.35, 42.15, 0, 0, 4.26
2019/06/04 17:28:00, 25.00, 24.81, 24.62, 43.34, 42.11, 0, 0, 4.26
2019/06/04 17:29:00, 25.00, 24.81, 24.62, 43.54, 42.27, 0, 0, 4.26
2019/06/04 17:30:00, 25.00, 24.78, 24.63, 43.56, 42.37, 0, 0, 4.26
2019/06/04 17:31:00, 25.00, 24.81, 24.62, 43.39, 42.20, 0, 0, 4.26
2019/06/04 17:32:00, 25.00, 24.80, 24.63, 43.27, 42.04, 0, 0, 4.26
2019/06/04 17:33:00, 25.00, 24.80, 24.62, 43.24, 42.03, 0, 0, 4.26
2019/06/04 17:34:00, 25.00, 24.82, 24.62, 43.10, 41.92, 0, 0, 4.26
2019/06/04 17:35:00, 25.00, 24.82, 24.62, 43.05, 41.86, 0, 0, 4.26
2019/06/04 17:36:00, 25.00, 24.81, 24.63, 42.95, 41.78, 0, 0, 4.26
2019/06/04 17:37:00, 25.00, 24.80, 24.63, 42.85, 41.68, 0, 0, 4.26
2019/06/04 17:38:00, 25.00, 24.82, 24.65, 42.78, 41.60, 0, 0, 4.26
2019/06/04 17:39:00, 25.00, 24.82, 24.63, 42.65, 41.52, 0, 0, 4.26
2019/06/04 17:40:00, 25.00, 24.85, 24.66, 42.58, 41.43, 0, 0, 4.26
2019/06/04 17:41:00, 25.00, 24.85, 24.64, 42.51, 41.34, 0, 0, 4.26
2019/06/04 17:42:00, 25.00, 24.84, 24.66, 42.46, 41.29, 0, 0, 4.26
2019/06/04 17:43:00, 25.00, 24.87, 24.68, 42.36, 41.22, 0, 0, 4.26
2019/06/04 17:44:00, 25.00, 24.82, 24.66, 42.31, 41.17, 0, 0, 4.26
2019/06/04 17:45:00, 25.00, 24.84, 24.65, 42.22, 41.09, 0, 0, 4.26
2019/06/04 17:46:00, 25.00, 24.84, 24.66, 42.12, 41.02, 0, 0, 4.26
2019/06/04 17:47:00, 25.00, 24.84, 24.66, 42.02, 40.95, 0, 0, 4.26
2019/06/04 17:48:00, 25.00, 24.85, 24.66, 41.96, 40.82, 0, 0, 4.26
2019/06/04 17:49:00, 25.00, 24.85, 24.65, 41.89, 40.79, 0, 0, 4.26
2019/06/04 17:50:00, 25.00, 24.84, 24.64, 41.81, 40.72, 0, 0, 4.26
2019/06/04 17:51:00, 25.00, 24.84, 24.65, 41.79, 40.69, 0, 0, 4.26
2019/06/04 17:52:00, 25.00, 24.84, 24.65, 41.70, 40.63, 0, 0, 4.26
2019/06/04 17:53:00, 25.00, 24.84, 24.65, 41.68, 40.59, 0, 0, 4.26
2019/06/04 17:54:00, 25.00, 24.84, 24.65, 41.61, 40.52, 0, 0, 4.26
2019/06/04 17:55:00, 25.00, 24.87, 24.67, 41.51, 40.43, 0, 0, 4.26
2019/06/04 17:56:00, 25.00, 24.82, 24.65, 41.40, 40.34, 0, 0, 4.26
2019/06/04 17:57:00, 25.00, 24.82, 24.65, 41.32, 40.29, 0, 0, 4.26
2019/06/04 17:58:00, 25.00, 24.84, 24.66, 41.31, 40.21, 0, 0, 4.26
2019/06/04 17:59:00, 25.00, 24.85, 24.66, 41.21, 40.14, 0, 0, 4.26
2019/06/04 18:00:00, 25.00, 24.85, 24.67, 41.12, 40.10, 0, 0, 4.26
2019/06/04 18:01:00, 25.00, 24.84, 24.66, 41.10, 40.05, 0, 0, 4.26
2019/06/04 18:02:00, 25.00, 24.84, 24.65, 41.04, 39.98, 0, 0, 4.26
2019/06/04 18:03:00, 25.00, 24.82, 24.65, 40.89, 39.88, 0, 0, 4.26
2019/06/04 18:04:00, 25.00, 24.82, 24.64, 40.95, 39.86, 0, 0, 4.26
2019/06/04 18:05:00, 25.00, 24.80, 24.61, 40.96, 39.90, 0, 0, 4.26
2019/06/04 18:06:00, 25.00, 24.80, 24.61, 41.03, 39.93, 0, 0, 4.26
2019/06/04 18:07:00, 25.00, 24.78, 24.63, 41.06, 39.94, 0, 0, 4.26
2019/06/04 18:08:00, 25.00, 24.78, 24.58, 41.11, 39.99, 0, 0, 4.26
2019/06/04 18:09:00, 25.00, 24.77, 24.58, 41.17, 40.02, 0, 0, 4.26
2019/06/04 18:10:00, 25.00, 24.75, 24.56, 41.12, 40.03, 0, 0, 4.26
2019/06/04 18:11:00, 25.00, 24.74, 24.55, 41.12, 40.05, 0, 0, 4.26
2019/06/04 18:12:00, 25.00, 24.75, 24.56, 41.23, 40.08, 0, 0, 4.26
2019/06/04 18:13:00, 25.00, 24.75, 24.55, 41.17, 40.11, 0, 0, 4.26
2019/06/04 18:14:00, 25.00, 24.77, 24.55, 41.22, 40.11, 0, 0, 4.26
2019/06/04 18:15:00, 25.00, 24.73, 24.58, 41.17, 40.08, 0, 0, 4.26
2019/06/04 18:16:00, 25.00, 24.77, 24.57, 41.22, 40.11, 0, 0, 4.26
2019/06/04 18:17:00, 25.00, 24.75, 24.55, 41.17, 40.08, 0, 0, 4.26
2019/06/04 18:18:00, 25.00, 24.74, 24.55, 41.17, 40.08, 0, 0, 4.26
2019/06/04 18:19:00, 25.00, 24.74, 24.56, 41.25, 40.11, 0, 0, 4.26
2019/06/04 18:20:00, 25.00, 24.71, 24.57, 41.17, 40.11, 0, 0, 4.26
2019/06/04 18:21:00, 25.00, 24.73, 24.57, 41.21, 40.11, 0, 0, 4.26
2019/06/04 18:22:00, 25.00, 24.71, 24.53, 41.22, 40.13, 0, 0, 4.26
2019/06/04 18:23:00, 25.00, 24.73, 24.55, 41.20, 40.13, 0, 0, 4.26
2019/06/04 18:24:00, 25.00, 24.73, 24.54, 41.24, 40.11, 0, 0, 4.26
2019/06/04 18:25:00, 25.00, 24.73, 24.53, 41.22, 40.15, 0, 0, 4.26
2019/06/04 18:26:00, 25.00, 24.71, 24.55, 41.28, 40.15, 0, 0, 4.26
2019/06/04 18:27:00, 25.00, 24.71, 24.53, 41.27, 40.15, 0, 0, 4.26
2019/06/04 18:28:00, 25.00, 24.73, 24.54, 41.17, 40.11, 0, 0, 4.26
2019/06/04 18:29:00, 25.00, 24.70, 24.53, 41.16, 40.09, 0, 0, 4.26
2019/06/04 18:30:00, 25.00, 24.70, 24.53, 41.17, 40.08, 0, 0, 4.26
2019/06/04 18:31:00, 25.00, 24.74, 24.54, 41.16, 40.05, 0, 0, 4.26
2019/06/04 18:32:00, 25.00, 24.73, 24.54, 41.08, 40.01, 0, 0, 4.26
2019/06/04 18:33:00, 25.00, 24.73, 24.52, 41.04, 40.00, 0, 0, 4.26
2019/06/04 18:34:00, 25.00, 24.73, 24.54, 41.01, 39.92, 0, 0, 4.26
2019/06/04 18:35:00, 25.00, 24.70, 24.53, 41.08, 39.91, 0, 0, 4.26
2019/06/04 18:36:00, 25.00, 24.73, 24.54, 41.01, 39.90, 0, 0, 4.26
2019/06/04 18:37:00, 25.00, 24.70, 24.51, 40.96, 39.88, 0, 0, 4.26
2019/06/04 18:38:00, 25.00, 24.70, 24.53, 40.96, 39.85, 0, 0, 4.26
2019/06/04 18:39:00, 25.00, 24.71, 24.55, 40.85, 39.82, 0, 0, 4.26
2019/06/04 18:40:00, 25.00, 24.73, 24.51, 40.85, 39.77, 0, 0, 4.26
2019/06/04 18:41:00, 25.00, 24.70, 24.52, 40.77, 39.70, 0, 0, 4.26
2019/06/04 18:42:00, 25.00, 24.73, 24.53, 40.85, 39.73, 0, 0, 4.26
2019/06/04 18:43:00, 25.00, 24.71, 24.54, 40.78, 39.74, 0, 0, 4.26
2019/06/04 18:44:00, 25.00, 24.70, 24.51, 40.75, 39.68, 0, 0, 4.26
2019/06/04 18:45:00, 25.00, 24.70, 24.51, 40.78, 39.70, 0, 0, 4.26
2019/06/04 18:46:00, 25.00, 24.71, 24.51, 40.72, 39.66, 0, 0, 4.26
2019/06/04 18:47:00, 25.00, 24.70, 24.52, 40.69, 39.60, 0, 0, 4.26
2019/06/04 18:48:00, 25.00, 24.71, 24.52, 40.70, 39.60, 0, 0, 4.26
2019/06/04 18:49:00, 25.00, 24.70, 24.53, 40.65, 39.58, 0, 0, 4.26
2019/06/04 18:50:00, 25.00, 24.69, 24.52, 40.56, 39.53, 0, 0, 4.26
2019/06/04 18:51:00, 25.00, 24.69, 24.52, 40.58, 39.51, 0, 0, 4.26
2019/06/04 18:52:00, 25.00, 24.69, 24.50, 40.58, 39.49, 0, 0, 4.26
2019/06/04 18:53:00, 25.00, 24.69, 24.51, 40.59, 39.51, 0, 0, 4.26
2019/06/04 18:54:00, 25.00, 24.69, 24.49, 40.50, 39.47, 0, 0, 4.26
2019/06/04 18:55:00, 25.00, 24.67, 24.50, 40.47, 39.41, 0, 0, 4.26
2019/06/04 18:56:00, 25.00, 24.67, 24.51, 40.42, 39.37, 0, 0, 4.26
2019/06/04 18:57:00, 25.00, 24.67, 24.50, 40.38, 39.33, 0, 0, 4.26
2019/06/04 18:58:00, 25.00, 24.67, 24.49, 40.43, 39.34, 0, 0, 4.26
2019/06/04 18:59:00, 25.00, 24.66, 24.49, 40.39, 39.35, 0, 0, 4.26
2019/06/04 19:00:00, 25.00, 24.66, 24.49, 40.36, 39.31, 0, 0, 4.26
2019/06/04 19:01:00, 25.00, 24.64, 24.48, 40.30, 39.28, 0, 0, 4.26
2019/06/04 19:02:00, 25.00, 24.64, 24.46, 40.30, 39.21, 0, 0, 4.26
2019/06/04 19:03:00, 25.00, 24.66, 24.46, 40.31, 39.26, 0, 0, 4.26
2019/06/04 19:04:00, 25.00, 24.64, 24.49, 40.26, 39.22, 0, 0, 4.26
2019/06/04 19:05:00, 25.00, 24.64, 24.47, 40.30, 39.21, 0, 0, 4.26
2019/06/04 19:06:00, 25.00, 24.64, 24.46, 40.20, 39.18, 0, 0, 4.26
2019/06/04 19:07:00, 25.00, 24.66, 24.47, 40.19, 39.15, 0, 0, 4.26
2019/06/04 19:08:00, 25.00, 24.64, 24.48, 40.12, 39.12, 0, 0, 4.26
2019/06/04 19:09:00, 25.00, 24.64, 24.48, 40.11, 39.07, 0, 0, 4.26
2019/06/04 19:10:00, 25.00, 24.64, 24.46, 40.19, 39.11, 0, 0, 4.26
2019/06/04 19:11:00, 25.00, 24.66, 24.45, 40.14, 39.06, 0, 0, 4.26
2019/06/04 19:12:00, 25.00, 24.64, 24.46, 40.12, 39.05, 0, 0, 4.26
2019/06/04 19:13:00, 25.00, 24.64, 24.45, 40.16, 39.08, 0, 0, 4.26
2019/06/04 19:14:00, 25.00, 24.67, 24.46, 40.00, 38.98, 0, 0, 4.26
2019/06/04 19:15:00, 25.00, 24.63, 24.45, 39.99, 38.93, 0, 0, 4.26
2019/06/04 19:16:00, 25.00, 24.63, 24.43, 40.11, 38.97, 0, 0, 4.26
2019/06/04 19:17:00, 25.00, 24.61, 24.42, 40.01, 38.97, 0, 0, 4.26
2019/06/04 19:18:00, 25.00, 24.63, 24.43, 40.00, 38.96, 0, 0, 4.26
2019/06/04 19:19:00, 25.00, 24.64, 24.42, 40.06, 38.98, 0, 0, 4.26
2019/06/04 19:20:00, 25.00, 24.61, 24.42, 40.01, 38.96, 0, 0, 4.26
2019/06/04 19:21:00, 25.00, 24.61, 24.46, 39.91, 38.90, 0, 0, 4.26
2019/06/04 19:22:00, 25.00, 24.61, 24.43, 39.98, 38.91, 0, 0, 4.26
2019/06/04 19:23:00, 25.00, 24.61, 24.46, 39.99, 38.92, 0, 0, 4.26
2019/06/04 19:24:00, 25.00, 24.61, 24.43, 39.92, 38.86, 0, 0, 4.26
2019/06/04 19:25:00, 25.00, 24.63, 24.43, 39.82, 38.83, 0, 0, 4.26
2019/06/04 19:26:00, 25.00, 24.61, 24.43, 39.84, 38.81, 0, 0, 4.26
2019/06/04 19:27:00, 25.00, 24.61, 24.45, 39.84, 38.81, 0, 0, 4.26
2019/06/04 19:28:00, 25.00, 24.60, 24.45, 39.81, 38.78, 0, 0, 4.26
2019/06/04 19:29:00, 25.00, 24.63, 24.43, 39.78, 38.75, 0, 0, 4.26
2019/06/04 19:30:00, 25.00, 24.64, 24.43, 39.82, 38.78, 0, 0, 4.26
2019/06/04 19:31:00, 25.00, 24.60, 24.43, 39.85, 38.78, 0, 0, 4.26
2019/06/04 19:32:00, 25.00, 24.61, 24.42, 39.84, 38.78, 0, 0, 4.26
2019/06/04 19:33:00, 25.00, 24.61, 24.43, 39.78, 38.78, 0, 0, 4.26
2019/06/04 19:34:00, 25.00, 24.64, 24.45, 39.82, 38.78, 0, 0, 4.26
2019/06/04 19:35:00, 25.00, 24.61, 24.42, 39.80, 38.78, 0, 0, 4.26
2019/06/04 19:36:00, 25.00, 24.59, 24.42, 39.85, 38.79, 0, 0, 4.26
2019/06/04 19:37:00, 25.00, 24.61, 24.40, 39.85, 38.76, 0, 0, 4.26
2019/06/04 19:38:00, 25.00, 24.61, 24.43, 39.84, 38.77, 0, 0, 4.26
2019/06/04 19:39:00, 25.00, 24.61, 24.40, 39.78, 38.76, 0, 0, 4.26
2019/06/04 19:40:00, 25.00, 24.61, 24.40, 39.78, 38.74, 0, 0, 4.26
2019/06/04 19:41:00, 25.00, 24.57, 24.39, 39.78, 38.74, 0, 0, 4.26
2019/06/04 19:42:00, 25.00, 24.57, 24.37, 39.85, 38.76, 0, 0, 4.26
2019/06/04 19:43:00, 25.00, 24.59, 24.40, 39.81, 38.75, 0, 0, 4.26
2019/06/04 19:44:00, 25.00, 24.57, 24.41, 39.78, 38.74, 0, 0, 4.26
2019/06/04 19:45:00, 25.00, 24.59, 24.39, 39.76, 38.70, 0, 0, 4.26
2019/06/04 19:46:00, 25.00, 24.59, 24.40, 39.73, 38.68, 0, 0, 4.26
2019/06/04 19:47:00, 25.00, 24.57, 24.39, 39.74, 38.70, 0, 0, 4.26
2019/06/04 19:48:00, 25.00, 24.56, 24.38, 39.75, 38.72, 0, 0, 4.26
2019/06/04 19:49:00, 25.00, 24.56, 24.37, 39.74, 38.68, 0, 0, 4.26
2019/06/04 19:50:00, 25.00, 24.56, 24.35, 39.81, 38.72, 0, 0, 4.26
2019/06/04 19:51:00, 25.00, 24.54, 24.34, 39.72, 38.69, 0, 0, 4.26
2019/06/04 19:52:00, 25.00, 24.54, 24.35, 39.67, 38.69, 0, 0, 4.26
2019/06/04 19:53:00, 25.00, 24.54, 24.34, 39.77, 38.70, 0, 0, 4.26
2019/06/04 19:54:00, 25.00, 24.54, 24.34, 39.74, 38.68, 0, 0, 4.26
2019/06/04 19:55:00, 25.00, 24.53, 24.34, 39.76, 38.70, 0, 0, 4.26
2019/06/04 19:56:00, 25.00, 24.54, 24.36, 39.71, 38.67, 0, 0, 4.26
2019/06/04 19:57:00, 25.00, 24.54, 24.35, 39.74, 38.67, 0, 0, 4.26
2019/06/04 19:58:00, 25.00, 24.52, 24.35, 39.67, 38.65, 0, 0, 4.26
2019/06/04 19:59:00, 25.00, 24.54, 24.36, 39.66, 38.61, 0, 0, 4.26
2019/06/04 20:00:00, 25.00, 24.53, 24.33, 39.74, 38.61, 0, 0, 4.26
2019/06/04 20:01:00, 25.00, 24.53, 24.34, 39.68, 38.64, 0, 0, 4.26
2019/06/04 20:02:00, 25.00, 24.54, 24.34, 39.64, 38.62, 0, 0, 4.26
2019/06/04 20:03:00, 25.00, 24.53, 24.33, 39.60, 38.56, 0, 0, 4.26
2019/06/04 20:04:00, 25.00, 24.52, 24.34, 39.60, 38.56, 0, 0, 4.26
2019/06/04 20:05:00, 25.00, 24.54, 24.33, 39.59, 38.54, 0, 0, 4.26
2019/06/04 20:06:00, 25.00, 24.54, 24.36, 39.60, 38.53, 0, 0, 4.26
2019/06/04 20:07:00, 25.00, 24.52, 24.32, 39.61, 38.55, 0, 0, 4.26
2019/06/04 20:08:00, 25.00, 24.54, 24.33, 39.54, 38.52, 0, 0, 4.26
2019/06/04 20:09:00, 25.00, 24.54, 24.34, 39.53, 38.49, 0, 0, 4.26
2019/06/04 20:10:00, 25.00, 24.50, 24.33, 39.51, 38.51, 0, 0, 4.26
2019/06/04 20:11:00, 25.00, 24.52, 24.33, 39.51, 38.47, 0, 0, 4.26
2019/06/04 20:12:00, 25.00, 24.52, 24.32, 39.51, 38.47, 0, 0, 4.26
2019/06/04 20:13:00, 25.00, 24.50, 24.32, 39.57, 38.50, 0, 0, 4.26
2019/06/04 20:14:00, 25.00, 24.52, 24.31, 39.51, 38.47, 0, 0, 4.26
2019/06/04 20:15:00, 25.00, 24.50, 24.32, 39.54, 38.49, 0, 0, 4.26
2019/06/04 20:16:00, 25.00, 24.49, 24.31, 39.57, 38.50, 0, 0, 4.26
2019/06/04 20:17:00, 25.00, 24.49, 24.31, 39.55, 38.50, 0, 0, 4.26
2019/06/04 20:18:00, 25.00, 24.49, 24.31, 39.48, 38.48, 0, 0, 4.26
2019/06/04 20:19:00, 25.00, 24.52, 24.30, 39.45, 38.45, 0, 0, 4.26
2019/06/04 20:20:00, 25.00, 24.49, 24.30, 39.51, 38.45, 0, 0, 4.26
2019/06/04 20:21:00, 25.00, 24.47, 24.31, 39.44, 38.44, 0, 0, 4.26
2019/06/04 20:22:00, 25.00, 24.49, 24.28, 39.41, 38.41, 0, 0, 4.26
2019/06/04 20:23:00, 25.00, 24.47, 24.27, 39.42, 38.41, 0, 0, 4.26
2019/06/04 20:24:00, 25.00, 24.49, 24.27, 39.43, 38.38, 0, 0, 4.26
2019/06/04 20:25:00, 25.00, 24.47, 24.28, 39.38, 38.38, 0, 0, 4.26
2019/06/04 20:26:00, 25.00, 24.46, 24.31, 39.40, 38.34, 0, 0, 4.26
2019/06/04 20:27:00, 25.00, 24.47, 24.27, 39.41, 38.40, 0, 0, 4.26
2019/06/04 20:28:00, 25.00, 24.47, 24.27, 39.36, 38.35, 0, 0, 4.26
2019/06/04 20:29:00, 25.00, 24.47, 24.27, 39.38, 38.32, 0, 0, 4.26
2019/06/04 20:30:00, 25.00, 24.47, 24.25, 39.39, 38.32, 0, 0, 4.26
2019/06/04 20:31:00, 25.00, 24.46, 24.27, 39.40, 38.34, 0, 0, 4.26
2019/06/04 20:32:00, 25.00, 24.43, 24.25, 39.33, 38.29, 0, 0, 4.26
2019/06/04 20:33:00, 25.00, 24.44, 24.27, 39.37, 38.31, 0, 0, 4.26
2019/06/04 20:34:00, 25.00, 24.43, 24.25, 39.34, 38.28, 0, 0, 4.26
2019/06/04 20:35:00, 25.00, 24.44, 24.23, 39.26, 38.27, 0, 0, 4.26
2019/06/04 20:36:00, 25.00, 24.44, 24.24, 39.30, 38.25, 0, 0, 4.26
2019/06/04 20:37:00, 25.00, 24.43, 24.23, 39.26, 38.25, 0, 0, 4.26
2019/06/04 20:38:00, 25.00, 24.42, 24.23, 39.30, 38.25, 0, 0, 4.26
2019/06/04 20:39:00, 25.00, 24.42, 24.23, 39.24, 38.25, 0, 0, 4.26
2019/06/04 20:40:00, 25.00, 24.40, 24.23, 39.26, 38.24, 0, 0, 4.26
2019/06/04 20:41:00, 25.00, 24.42, 24.23, 39.26, 38.23, 0, 0, 4.26
2019/06/04 20:42:00, 24.75, 24.43, 24.23, 39.24, 38.21, 0, 0, 4.26
2019/06/04 20:43:00, 24.75, 24.43, 24.24, 39.27, 38.19, 0, 0, 4.26
2019/06/04 20:44:00, 24.75, 24.40, 24.23, 39.16, 38.21, 0, 0, 4.26
2019/06/04 20:45:00, 24.75, 24.44, 24.23, 39.12, 38.13, 0, 0, 4.26
2019/06/04 20:46:00, 24.75, 24.43, 24.25, 39.15, 38.14, 0, 0, 4.26
2019/06/04 20:47:00, 24.75, 24.42, 24.24, 39.15, 38.14, 0, 0, 4.26
2019/06/04 20:48:00, 24.75, 24.43, 24.23, 39.10, 38.10, 0, 0, 4.26
2019/06/04 20:49:00, 24.75, 24.42, 24.21, 39.08, 38.06, 0, 0, 4.26
2019/06/04 20:50:00, 24.75, 24.42, 24.23, 39.09, 38.10, 0, 0, 4.26
2019/06/04 20:51:00, 24.75, 24.40, 24.20, 39.07, 38.10, 0, 0, 4.26
2019/06/04 20:52:00, 24.75, 24.40, 24.20, 39.12, 38.11, 0, 0, 4.26
2019/06/04 20:53:00, 24.75, 24.40, 24.22, 39.19, 38.15, 0, 0, 4.26
2019/06/04 20:54:00, 24.75, 24.39, 24.19, 39.12, 38.12, 0, 0, 4.26
2019/06/04 20:55:00, 24.75, 24.38, 24.22, 39.11, 38.11, 0, 0, 4.26
2019/06/04 20:56:00, 24.75, 24.40, 24.19, 39.11, 38.10, 0, 0, 4.26
2019/06/04 20:57:00, 24.75, 24.42, 24.18, 39.11, 38.10, 0, 0, 4.26
2019/06/04 20:58:00, 24.75, 24.38, 24.17, 39.13, 38.09, 0, 0, 4.26
2019/06/04 20:59:00, 24.75, 24.36, 24.16, 39.09, 38.06, 0, 0, 4.26
2019/06/04 21:00:00, 24.75, 24.36, 24.16, 39.11, 38.05, 0, 0, 4.26
2019/06/04 21:01:00, 24.75, 24.35, 24.18, 39.15, 38.11, 0, 0, 4.26
2019/06/04 21:02:00, 24.75, 24.36, 24.16, 39.09, 38.09, 0, 0, 4.26
2019/06/04 21:03:00, 24.75, 24.36, 24.17, 39.10, 38.07, 0, 0, 4.26
2019/06/04 21:04:00, 24.75, 24.36, 24.16, 39.09, 38.06, 0, 0, 4.26
2019/06/04 21:05:00, 24.75, 24.36, 24.16, 39.13, 38.05, 0, 0, 4.26
2019/06/04 21:06:00, 24.75, 24.32, 24.16, 39.10, 38.06, 0, 0, 4.26
2019/06/04 21:07:00, 24.75, 24.35, 24.15, 39.11, 38.09, 0, 0, 4.26
2019/06/04 21:08:00, 24.75, 24.33, 24.13, 39.16, 38.09, 0, 0, 4.26
2019/06/04 21:09:00, 24.75, 24.33, 24.16, 39.14, 38.12, 0, 0, 4.26
2019/06/04 21:10:00, 24.75, 24.33, 24.13, 39.17, 38.14, 0, 0, 4.26
2019/06/04 21:11:00, 24.75, 24.33, 24.15, 39.16, 38.13, 0, 0, 4.26
2019/06/04 21:12:00, 24.75, 24.33, 24.11, 39.13, 38.09, 0, 0, 4.26
2019/06/04 21:13:00, 24.75, 24.32, 24.13, 39.14, 38.11, 0, 0, 4.26
2019/06/04 21:14:00, 24.75, 24.32, 24.13, 39.11, 38.10, 0, 0, 4.26
2019/06/04 21:15:00, 24.75, 24.33, 24.12, 39.12, 38.08, 0, 0, 4.26
2019/06/04 21:16:00, 24.75, 24.33, 24.13, 39.07, 38.08, 0, 0, 4.26
2019/06/04 21:17:00, 24.75, 24.32, 24.12, 39.14, 38.12, 0, 0, 4.26
2019/06/04 21:18:00, 24.75, 24.32, 24.10, 39.16, 38.12, 0, 0, 4.26
2019/06/04 21:19:00, 24.75, 24.32, 24.12, 39.14, 38.12, 0, 0, 4.26
2019/06/04 21:20:00, 24.75, 24.32, 24.10, 39.15, 38.09, 0, 0, 4.26
2019/06/04 21:21:00, 24.75, 24.32, 24.11, 39.15, 38.13, 0, 0, 4.26
2019/06/04 21:22:00, 24.75, 24.32, 24.11, 39.16, 38.11, 0, 0, 4.26
2019/06/04 21:23:00, 24.75, 24.31, 24.11, 39.16, 38.16, 0, 0, 4.26
2019/06/04 21:24:00, 24.75, 24.31, 24.11, 39.12, 38.14, 0, 0, 4.26
2019/06/04 21:25:00, 24.75, 24.32, 24.10, 39.12, 38.11, 0, 0, 4.26
2019/06/04 21:26:00, 24.75, 24.27, 24.11, 39.18, 38.14, 0, 0, 4.26
2019/06/04 21:27:00, 24.75, 24.32, 24.11, 39.11, 38.14, 0, 0, 4.26
2019/06/04 21:28:00, 24.75, 24.29, 24.11, 39.12, 38.13, 0, 0, 4.26
2019/06/04 21:29:00, 24.75, 24.31, 24.09, 39.09, 38.06, 0, 0, 4.26
2019/06/04 21:30:00, 24.75, 24.31, 24.10, 39.11, 38.07, 0, 0, 4.26
2019/06/04 21:31:00, 24.75, 24.29, 24.10, 39.15, 38.10, 0, 0, 4.26
2019/06/04 21:32:00, 24.75, 24.27, 24.10, 39.22, 38.13, 0, 0, 4.26
2019/06/04 21:33:00, 24.75, 24.27, 24.09, 39.16, 38.12, 0, 0, 4.26
2019/06/04 21:34:00, 24.75, 24.27, 24.09, 39.17, 38.09, 0, 0, 4.26
2019/06/04 21:35:00, 24.75, 24.26, 24.08, 39.19, 38.13, 0, 0, 4.26
2019/06/04 21:36:00, 24.75, 24.26, 24.10, 39.20, 38.12, 0, 0, 4.26
2019/06/04 21:37:00, 24.75, 24.27, 24.09, 39.20, 38.12, 0, 0, 4.26
2019/06/04 21:38:00, 24.75, 24.27, 24.07, 39.16, 38.12, 0, 0, 4.26
2019/06/04 21:39:00, 24.75, 24.29, 24.07, 39.16, 38.13, 0, 0, 4.26
2019/06/04 21:40:00, 24.75, 24.27, 24.08, 39.10, 38.11, 0, 0, 4.26
2019/06/04 21:41:00, 24.75, 24.27, 24.06, 39.24, 38.17, 0, 0, 4.26
2019/06/04 21:42:00, 24.75, 24.25, 24.07, 39.16, 38.15, 0, 0, 4.26
2019/06/04 21:43:00, 24.75, 24.23, 24.06, 39.22, 38.15, 0, 0, 4.26
2019/06/04 21:44:00, 24.75, 24.25, 24.06, 39.24, 38.19, 0, 0, 4.26
2019/06/04 21:45:00, 24.75, 24.23, 24.04, 39.24, 38.17, 0, 0, 4.26
2019/06/04 21:46:00, 24.75, 24.25, 24.04, 39.21, 38.20, 0, 0, 4.26
2019/06/04 21:47:00, 24.75, 24.26, 24.04, 39.24, 38.18, 0, 0, 4.26
2019/06/04 21:48:00, 24.75, 24.23, 24.07, 39.28, 38.19, 0, 0, 4.26
2019/06/04 21:49:00, 24.75, 24.23, 24.04, 39.25, 38.21, 0, 0, 4.26
2019/06/04 21:50:00, 24.75, 24.22, 24.04, 39.27, 38.21, 0, 0, 4.26
2019/06/04 21:51:00, 24.75, 24.23, 24.04, 39.28, 38.21, 0, 0, 4.26
2019/06/04 21:52:00, 24.75, 24.22, 24.03, 39.25, 38.25, 0, 0, 4.26
2019/06/04 21:53:00, 24.75, 24.20, 24.02, 39.15, 38.17, 0, 0, 4.26
2019/06/04 21:54:00, 24.75, 24.20, 24.02, 39.22, 38.18, 0, 0, 4.26
2019/06/04 21:55:00, 24.75, 24.22, 24.01, 39.26, 38.21, 0, 0, 4.26
2019/06/04 21:56:00, 24.75, 24.18, 24.02, 39.34, 38.25, 0, 0, 4.26
2019/06/04 21:57:00, 24.75, 24.19, 24.02, 39.25, 38.24, 0, 0, 4.26
2019/06/04 21:58:00, 24.75, 24.20, 24.00, 39.29, 38.21, 0, 0, 4.26
2019/06/04 21:59:00, 24.75, 24.20, 24.00, 39.23, 38.23, 0, 0, 4.26
2019/06/04 22:00:00, 24.75, 24.22, 23.97, 39.21, 38.18, 0, 0, 4.26
2019/06/04 22:01:00, 24.75, 24.19, 24.00, 39.27, 38.20, 0, 0, 4.26
2019/06/04 22:02:00, 24.75, 24.19, 24.00, 39.34, 38.27, 0, 0, 4.26
2019/06/04 22:03:00, 24.75, 24.16, 24.00, 39.35, 38.25, 0, 0, 4.26
2019/06/04 22:04:00, 24.75, 24.16, 23.97, 39.26, 38.23, 0, 0, 4.26
2019/06/04 22:05:00, 24.75, 24.18, 24.01, 39.28, 38.24, 0, 0, 4.26
2019/06/04 22:06:00, 24.75, 24.15, 23.98, 39.27, 38.25, 0, 0, 4.26
2019/06/04 22:07:00, 24.75, 24.15, 24.01, 39.26, 38.20, 0, 0, 4.26
2019/06/04 22:08:00, 24.75, 24.20, 23.97, 39.24, 38.22, 0, 0, 4.26
2019/06/04 22:09:00, 24.75, 24.16, 23.95, 39.29, 38.24, 0, 0, 4.26
2019/06/04 22:10:00, 24.75, 24.14, 23.95, 39.32, 38.28, 0, 0, 4.26
2019/06/04 22:11:00, 24.75, 24.14, 23.94, 39.33, 38.30, 0, 0, 4.26
2019/06/04 22:12:00, 24.75, 24.16, 23.94, 39.34, 38.29, 0, 0, 4.26
2019/06/04 22:13:00, 24.75, 24.15, 23.95, 39.35, 38.29, 0, 0, 4.26
2019/06/04 22:14:00, 24.75, 24.15, 23.94, 39.27, 38.25, 0, 0, 4.26
2019/06/04 22:15:00, 24.75, 24.14, 23.94, 39.32, 38.23, 0, 0, 4.26
2019/06/04 22:16:00, 24.75, 24.12, 23.95, 39.28, 38.27, 0, 0, 4.26
2019/06/04 22:17:00, 24.75, 24.14, 23.92, 39.33, 38.28, 0, 0, 4.26
2019/06/04 22:18:00, 24.50, 24.15, 23.92, 39.36, 38.28, 0, 0, 4.26
2019/06/04 22:19:00, 24.75, 24.11, 23.94, 39.41, 38.27, 0, 0, 4.26
2019/06/04 22:20:00, 24.50, 24.08, 23.91, 39.40, 38.30, 0, 0, 4.26
2019/06/04 22:21:00, 24.50, 24.11, 23.92, 39.40, 38.30, 0, 0, 4.26
2019/06/04 22:22:00, 24.50, 24.12, 23.94, 39.34, 38.30, 0, 0, 4.26
2019/06/04 22:23:00, 24.50, 24.12, 23.93, 39.34, 38.31, 0, 0, 4.26
2019/06/04 22:24:00, 24.50, 24.11, 23.90, 39.30, 38.27, 0, 0, 4.26
2019/06/04 22:25:00, 24.50, 24.11, 23.91, 39.41, 38.31, 0, 0, 4.26
2019/06/04 22:26:00, 24.50, 24.12, 23.91, 39.34, 38.30, 0, 0, 4.26
2019/06/04 22:27:00, 24.50, 24.09, 23.90, 39.37, 38.28, 0, 0, 4.26
2019/06/04 22:28:00, 24.50, 24.09, 23.89, 39.37, 38.30, 0, 0, 4.26
2019/06/04 22:29:00, 24.50, 24.07, 23.88, 39.47, 38.38, 0, 0, 4.26
2019/06/04 22:30:00, 24.50, 24.07, 23.87, 39.38, 38.32, 0, 0, 4.26
2019/06/04 22:31:00, 24.50, 24.08, 23.89, 39.42, 38.36, 0, 0, 4.26
2019/06/04 22:32:00, 24.50, 24.08, 23.89, 39.35, 38.33, 0, 0, 4.26
2019/06/04 22:33:00, 24.50, 24.05, 23.86, 39.45, 38.34, 0, 0, 4.26
2019/06/04 22:34:00, 24.50, 24.07, 23.84, 39.39, 38.36, 0, 0, 4.26
2019/06/04 22:35:00, 24.50, 24.05, 23.84, 39.42, 38.36, 0, 0, 4.26
2019/06/04 22:36:00, 24.50, 24.05, 23.86, 39.50, 38.40, 0, 0, 4.26
2019/06/04 22:37:00, 24.50, 24.05, 23.86, 39.47, 38.41, 0, 0, 4.26
2019/06/04 22:38:00, 24.50, 24.04, 23.86, 39.51, 38.42, 0, 0, 4.26
2019/06/04 22:39:00, 24.50, 24.07, 23.84, 39.42, 38.41, 0, 0, 4.26
2019/06/04 22:40:00, 24.50, 24.02, 23.82, 39.47, 38.39, 0, 0, 4.26
2019/06/04 22:41:00, 24.50, 24.05, 23.83, 39.54, 38.44, 0, 0, 4.26
2019/06/04 22:42:00, 24.50, 24.05, 23.84, 39.47, 38.41, 0, 0, 4.26
2019/06/04 22:43:00, 24.50, 24.07, 23.84, 39.43, 38.34, 0, 0, 4.26
2019/06/04 22:44:00, 24.50, 24.07, 23.82, 39.47, 38.37, 0, 0, 4.26
2019/06/04 22:45:00, 24.50, 24.04, 23.84, 39.47, 38.39, 0, 0, 4.26
2019/06/04 22:46:00, 24.50, 24.04, 23.83, 39.47, 38.39, 0, 0, 4.26
2019/06/04 22:47:00, 24.50, 24.01, 23.83, 39.46, 38.40, 0, 0, 4.26
2019/06/04 22:48:00, 24.50, 24.02, 23.83, 39.49, 38.44, 0, 0, 4.26
2019/06/04 22:49:00, 24.50, 24.05, 23.83, 39.43, 38.40, 0, 0, 4.26
2019/06/04 22:50:00, 24.50, 24.04, 23.82, 39.43, 38.40, 0, 0, 4.26
2019/06/04 22:51:00, 24.50, 24.02, 23.83, 39.48, 38.40, 0, 0, 4.26
2019/06/04 22:52:00, 24.50, 24.02, 23.83, 39.51, 38.44, 0, 0, 4.26
2019/06/04 22:53:00, 24.50, 24.04, 23.84, 39.54, 38.46, 0, 0, 4.26
2019/06/04 22:54:00, 24.50, 24.05, 23.86, 39.38, 38.40, 0, 0, 4.26
2019/06/04 22:55:00, 24.50, 24.05, 23.84, 39.40, 38.35, 0, 0, 4.26
2019/06/04 22:56:00, 24.50, 24.08, 23.88, 39.41, 38.37, 0, 0, 4.26
2019/06/04 22:57:00, 24.50, 24.08, 23.88, 39.38, 38.37, 0, 0, 4.26
2019/06/04 22:58:00, 24.50, 24.07, 23.90, 39.36, 38.31, 0, 0, 4.26
2019/06/04 22:59:00, 24.50, 24.11, 23.92, 39.33, 38.31, 0, 0, 4.26
2019/06/04 23:00:00, 24.50, 24.12, 23.92, 39.29, 38.25, 0, 0, 4.26
2019/06/04 23:01:00, 24.50, 24.15, 23.92, 39.28, 38.25, 0, 0, 4.26
2019/06/04 23:02:00, 24.50, 24.14, 23.93, 39.20, 38.20, 0, 0, 4.26
2019/06/04 23:03:00, 24.50, 24.14, 23.95, 39.29, 38.20, 0, 0, 4.26
2019/06/04 23:04:00, 24.50, 24.15, 23.93, 39.25, 38.19, 0, 0, 4.26
2019/06/04 23:05:00, 24.50, 24.16, 23.94, 39.15, 38.15, 0, 0, 4.26
2019/06/04 23:06:00, 24.50, 24.16, 23.96, 39.15, 38.14, 0, 0, 4.26
2019/06/04 23:07:00, 24.50, 24.18, 23.97, 39.11, 38.11, 0, 0, 4.26
2019/06/04 23:08:00, 24.50, 24.16, 23.96, 39.07, 38.09, 0, 0, 4.26
2019/06/04 23:09:00, 24.50, 24.18, 23.95, 39.15, 38.12, 0, 0, 4.26
2019/06/04 23:10:00, 24.50, 24.18, 23.96, 39.14, 38.13, 0, 0, 4.26
2019/06/04 23:11:00, 24.50, 24.18, 23.98, 39.10, 38.12, 0, 0, 4.26
2019/06/04 23:12:00, 24.50, 24.18, 23.97, 39.12, 38.08, 0, 0, 4.26
2019/06/04 23:13:00, 24.50, 24.16, 24.00, 39.20, 38.10, 0, 0, 4.26
2019/06/04 23:14:00, 24.50, 24.16, 23.96, 39.10, 38.08, 0, 0, 4.26
2019/06/04 23:15:00, 24.50, 24.20, 23.97, 39.14, 38.09, 0, 0, 4.26
2019/06/04 23:16:00, 24.50, 24.19, 23.98, 39.15, 38.07, 0, 0, 4.26
2019/06/04 23:17:00, 24.50, 24.19, 23.98, 39.15, 38.09, 0, 0, 4.26
2019/06/04 23:18:00, 24.50, 24.19, 24.00, 39.10, 38.05, 0, 0, 4.26
2019/06/04 23:19:00, 24.50, 24.19, 24.00, 39.03, 37.99, 0, 0, 4.26
2019/06/04 23:20:00, 24.50, 24.20, 24.02, 39.02, 38.03, 0, 0, 4.26
2019/06/04 23:21:00, 24.50, 24.18, 24.01, 39.05, 38.04, 0, 0, 4.26
2019/06/04 23:22:00, 24.50, 24.19, 23.98, 39.11, 38.04, 0, 0, 4.26
2019/06/04 23:23:00, 24.50, 24.18, 24.00, 39.09, 38.01, 0, 0, 4.26
2019/06/04 23:24:00, 24.50, 24.19, 24.01, 39.09, 38.05, 0, 0, 4.26
2019/06/04 23:25:00, 24.50, 24.20, 24.01, 39.05, 38.01, 0, 0, 4.26
2019/06/04 23:26:00, 24.50, 24.19, 24.03, 39.10, 38.00, 0, 0, 4.26
2019/06/04 23:27:00, 24.50, 24.20, 23.98, 39.03, 38.02, 0, 0, 4.26
2019/06/04 23:28:00, 24.50, 24.18, 24.01, 39.07, 38.03, 0, 0, 4.26
2019/06/04 23:29:00, 24.50, 24.19, 23.97, 39.10, 38.03, 0, 0, 4.26
2019/06/04 23:30:00, 24.50, 24.18, 23.97, 39.03, 38.05, 0, 0, 4.26
2019/06/04 23:31:00, 24.50, 24.18, 23.98, 39.08, 38.04, 0, 0, 4.26
2019/06/04 23:32:00, 24.50, 24.19, 24.01, 39.06, 38.02, 0, 0, 4.26
2019/06/04 23:33:00, 24.50, 24.18, 24.00, 39.10, 38.05, 0, 0, 4.26
2019/06/04 23:34:00, 24.50, 24.16, 24.01, 39.12, 38.07, 0, 0, 4.26
2019/06/04 23:35:00, 24.50, 24.16, 23.96, 39.06, 38.04, 0, 0, 4.26
2019/06/04 23:36:00, 24.50, 24.16, 24.00, 39.15, 38.05, 0, 0, 4.26
2019/06/04 23:37:00, 24.50, 24.16, 23.97, 39.15, 38.12, 0, 0, 4.26
2019/06/04 23:38:00, 24.50, 24.18, 23.96, 39.22, 38.13, 0, 0, 4.26
2019/06/04 23:39:00, 24.50, 24.16, 23.96, 39.19, 38.13, 0, 0, 4.26
2019/06/04 23:40:00, 24.50, 24.16, 23.97, 39.18, 38.13, 0, 0, 4.26
2019/06/04 23:41:00, 24.50, 24.18, 23.96, 39.16, 38.14, 0, 0, 4.26
2019/06/04 23:42:00, 24.50, 24.16, 23.97, 39.15, 38.08, 0, 0, 4.26
2019/06/04 23:43:00, 24.50, 24.16, 23.97, 39.17, 38.10, 0, 0, 4.26
2019/06/04 23:44:00, 24.50, 24.16, 23.96, 39.18, 38.12, 0, 0, 4.26
2019/06/04 23:45:00, 24.50, 24.16, 23.96, 39.20, 38.09, 0, 0, 4.26
2019/06/04 23:46:00, 24.50, 24.16, 23.96, 39.12, 38.09, 0, 0, 4.26
2019/06/04 23:47:00, 24.50, 24.15, 23.95, 39.20, 38.13, 0, 0, 4.26
