Data logger for tempereture and humidity.
Code, design, and soldering by Antti Mikkonen, a.mikkonen@iki.fi, 2019.
Based on open source projects and libraries. See source for details.
/home/ami/src/arduino/promini/logger_v8_ada/logger_v8_ada.ino
UTC time (year/month/date hour:minute:second), T RTC (C), T sht31 (C), T si7021 (C), RH sht31 (-), RH si7021 (-), heaterOn sht31 (bool),  heaterOn si7021 (bool), battery voltage (V)
2019/06/25 00:08:00, 23.75, 23.46, 23.24, 32.32, 32.04, 0, 0, 4.22
2019/06/25 00:09:00, 23.75, 23.46, 23.23, 32.33, 32.05, 0, 0, 4.22
2019/06/25 00:10:00, 23.75, 23.44, 23.24, 32.30, 32.05, 0, 0, 4.22
2019/06/25 00:11:00, 23.75, 23.44, 23.23, 32.30, 32.07, 0, 0, 4.22
2019/06/25 00:12:00, 23.75, 23.46, 23.22, 32.32, 32.09, 0, 0, 4.22
2019/06/25 00:13:00, 23.75, 23.46, 23.22, 32.35, 32.10, 0, 0, 4.22
2019/06/25 00:14:00, 23.75, 23.44, 23.24, 32.33, 32.08, 0, 0, 4.22
2019/06/25 00:15:00, 23.75, 23.43, 23.22, 32.36, 32.08, 0, 0, 4.22
2019/06/25 00:16:00, 23.75, 23.44, 23.21, 32.38, 32.08, 0, 0, 4.22
2019/06/25 00:17:00, 23.75, 23.42, 23.20, 32.34, 32.10, 0, 0, 4.22
2019/06/25 00:18:00, 23.75, 23.42, 23.19, 32.34, 32.10, 0, 0, 4.22
2019/06/25 00:19:00, 23.75, 23.42, 23.19, 32.34, 32.10, 0, 0, 4.22
2019/06/25 00:20:00, 23.75, 23.40, 23.21, 32.39, 32.11, 0, 0, 4.22
2019/06/25 00:21:00, 23.75, 23.39, 23.18, 32.36, 32.11, 0, 0, 4.22
2019/06/25 00:22:00, 23.75, 23.42, 23.21, 32.37, 32.15, 0, 0, 4.22
2019/06/25 00:23:00, 23.75, 23.42, 23.19, 32.39, 32.16, 0, 0, 4.22
2019/06/25 00:24:00, 23.75, 23.42, 23.19, 32.42, 32.15, 0, 0, 4.22
2019/06/25 00:25:00, 23.75, 23.42, 23.19, 32.46, 32.16, 0, 0, 4.22
2019/06/25 00:26:00, 23.75, 23.40, 23.19, 32.40, 32.16, 0, 0, 4.22
2019/06/25 00:27:00, 23.75, 23.42, 23.18, 32.37, 32.13, 0, 0, 4.22
2019/06/25 00:28:00, 23.75, 23.40, 23.19, 32.40, 32.13, 0, 0, 4.22
2019/06/25 00:29:00, 23.75, 23.39, 23.18, 32.42, 32.16, 0, 0, 4.22
2019/06/25 00:30:00, 23.75, 23.40, 23.19, 32.44, 32.17, 0, 0, 4.22
2019/06/25 00:31:00, 23.75, 23.39, 23.18, 32.44, 32.16, 0, 0, 4.22
2019/06/25 00:32:00, 23.75, 23.39, 23.18, 32.48, 32.20, 0, 0, 4.22
2019/06/25 00:33:00, 23.75, 23.40, 23.17, 32.41, 32.21, 0, 0, 4.22
2019/06/25 00:34:00, 23.75, 23.39, 23.19, 32.44, 32.21, 0, 0, 4.22
2019/06/25 00:35:00, 23.75, 23.37, 23.18, 32.46, 32.19, 0, 0, 4.22
2019/06/25 00:36:00, 23.75, 23.40, 23.18, 32.46, 32.20, 0, 0, 4.22
2019/06/25 00:37:00, 23.75, 23.39, 23.16, 32.49, 32.20, 0, 0, 4.22
2019/06/25 00:38:00, 23.75, 23.40, 23.17, 32.47, 32.22, 0, 0, 4.22
2019/06/25 00:39:00, 23.75, 23.39, 23.17, 32.47, 32.21, 0, 0, 4.22
2019/06/25 00:40:00, 23.75, 23.37, 23.16, 32.50, 32.24, 0, 0, 4.22
2019/06/25 00:41:00, 23.75, 23.36, 23.16, 32.52, 32.23, 0, 0, 4.22
2019/06/25 00:42:00, 23.75, 23.36, 23.16, 32.50, 32.25, 0, 0, 4.22
2019/06/25 00:43:00, 23.75, 23.43, 23.15, 32.50, 32.23, 0, 0, 4.22
2019/06/25 00:44:00, 23.75, 23.37, 23.16, 32.52, 32.24, 0, 0, 4.22
2019/06/25 00:45:00, 23.75, 23.39, 23.17, 32.57, 32.27, 0, 0, 4.22
2019/06/25 00:46:00, 23.75, 23.39, 23.16, 32.50, 32.25, 0, 0, 4.22
2019/06/25 00:47:00, 23.75, 23.36, 23.14, 32.53, 32.26, 0, 0, 4.22
2019/06/25 00:48:00, 23.75, 23.36, 23.15, 32.54, 32.26, 0, 0, 4.22
2019/06/25 00:49:00, 23.75, 23.37, 23.16, 32.57, 32.30, 0, 0, 4.22
2019/06/25 00:50:00, 23.75, 23.37, 23.13, 32.59, 32.31, 0, 0, 4.22
2019/06/25 00:51:00, 23.75, 23.35, 23.13, 32.56, 32.30, 0, 0, 4.22
2019/06/25 00:52:00, 23.75, 23.37, 23.13, 32.62, 32.32, 0, 0, 4.22
2019/06/25 00:53:00, 23.75, 23.37, 23.15, 32.57, 32.32, 0, 0, 4.22
2019/06/25 00:54:00, 23.75, 23.35, 23.14, 32.60, 32.36, 0, 0, 4.22
2019/06/25 00:55:00, 23.75, 23.36, 23.15, 32.64, 32.36, 0, 0, 4.22
2019/06/25 00:56:00, 23.75, 23.33, 23.14, 32.60, 32.37, 0, 0, 4.22
2019/06/25 00:57:00, 23.75, 23.35, 23.13, 32.69, 32.39, 0, 0, 4.22
2019/06/25 00:58:00, 23.75, 23.35, 23.14, 32.64, 32.38, 0, 0, 4.22
2019/06/25 00:59:00, 23.75, 23.33, 23.15, 32.73, 32.37, 0, 0, 4.22
2019/06/25 01:00:00, 23.75, 23.33, 23.13, 32.64, 32.39, 0, 0, 4.22
2019/06/25 01:01:00, 23.75, 23.35, 23.13, 32.66, 32.42, 0, 0, 4.22
2019/06/25 01:02:00, 23.75, 23.33, 23.13, 32.70, 32.42, 0, 0, 4.22
2019/06/25 01:03:00, 23.75, 23.33, 23.13, 32.69, 32.42, 0, 0, 4.22
2019/06/25 01:04:00, 23.75, 23.32, 23.14, 32.72, 32.42, 0, 0, 4.22
2019/06/25 01:05:00, 23.75, 23.35, 23.12, 32.72, 32.44, 0, 0, 4.22
2019/06/25 01:06:00, 23.75, 23.32, 23.13, 32.74, 32.47, 0, 0, 4.22
2019/06/25 01:07:00, 23.75, 23.36, 23.10, 32.69, 32.44, 0, 0, 4.22
2019/06/25 01:08:00, 23.75, 23.33, 23.09, 32.73, 32.46, 0, 0, 4.22
2019/06/25 01:09:00, 23.75, 23.30, 23.09, 32.73, 32.45, 0, 0, 4.22
2019/06/25 01:10:00, 23.75, 23.30, 23.09, 32.78, 32.49, 0, 0, 4.22
2019/06/25 01:11:00, 23.75, 23.30, 23.12, 32.79, 32.51, 0, 0, 4.22
2019/06/25 01:12:00, 23.75, 23.32, 23.13, 32.82, 32.52, 0, 0, 4.22
2019/06/25 01:13:00, 23.75, 23.33, 23.10, 32.80, 32.52, 0, 0, 4.22
2019/06/25 01:14:00, 23.75, 23.33, 23.10, 32.77, 32.49, 0, 0, 4.22
2019/06/25 01:15:00, 23.75, 23.30, 23.10, 32.79, 32.49, 0, 0, 4.22
2019/06/25 01:16:00, 23.75, 23.32, 23.10, 32.80, 32.52, 0, 0, 4.22
2019/06/25 01:17:00, 23.75, 23.33, 23.09, 32.80, 32.50, 0, 0, 4.22
2019/06/25 01:18:00, 23.75, 23.29, 23.12, 32.83, 32.56, 0, 0, 4.22
2019/06/25 01:19:00, 23.75, 23.29, 23.10, 32.85, 32.55, 0, 0, 4.22
2019/06/25 01:20:00, 23.75, 23.32, 23.13, 32.83, 32.55, 0, 0, 4.22
2019/06/25 01:21:00, 23.75, 23.33, 23.10, 32.85, 32.56, 0, 0, 4.22
2019/06/25 01:22:00, 23.75, 23.30, 23.09, 32.86, 32.58, 0, 0, 4.22
2019/06/25 01:23:00, 23.75, 23.30, 23.08, 32.84, 32.58, 0, 0, 4.22
2019/06/25 01:24:00, 23.75, 23.32, 23.08, 32.85, 32.59, 0, 0, 4.22
2019/06/25 01:25:00, 23.75, 23.32, 23.12, 32.89, 32.59, 0, 0, 4.22
2019/06/25 01:26:00, 23.75, 23.32, 23.06, 32.82, 32.58, 0, 0, 4.22
2019/06/25 01:27:00, 23.75, 23.29, 23.08, 32.92, 32.61, 0, 0, 4.22
2019/06/25 01:28:00, 23.75, 23.29, 23.10, 32.98, 32.62, 0, 0, 4.22
2019/06/25 01:29:00, 23.75, 23.30, 23.09, 32.92, 32.63, 0, 0, 4.22
2019/06/25 01:30:00, 23.75, 23.30, 23.09, 32.92, 32.65, 0, 0, 4.22
2019/06/25 01:31:00, 23.75, 23.30, 23.09, 32.93, 32.64, 0, 0, 4.22
2019/06/25 01:32:00, 23.75, 23.30, 23.09, 32.93, 32.64, 0, 0, 4.22
2019/06/25 01:33:00, 23.75, 23.29, 23.08, 32.99, 32.64, 0, 0, 4.22
2019/06/25 01:34:00, 23.75, 23.29, 23.07, 32.95, 32.68, 0, 0, 4.22
2019/06/25 01:35:00, 23.75, 23.28, 23.08, 32.97, 32.68, 0, 0, 4.22
2019/06/25 01:36:00, 23.75, 23.30, 23.07, 32.99, 32.66, 0, 0, 4.22
2019/06/25 01:37:00, 23.75, 23.28, 23.07, 32.99, 32.70, 0, 0, 4.22
2019/06/25 01:38:00, 23.75, 23.28, 23.05, 33.01, 32.69, 0, 0, 4.22
2019/06/25 01:39:00, 23.75, 23.29, 23.05, 32.95, 32.71, 0, 0, 4.22
2019/06/25 01:40:00, 23.75, 23.30, 23.05, 33.02, 32.69, 0, 0, 4.22
2019/06/25 01:41:00, 23.75, 23.29, 23.04, 32.97, 32.72, 0, 0, 4.22
2019/06/25 01:42:00, 23.75, 23.28, 23.05, 33.06, 32.73, 0, 0, 4.22
2019/06/25 01:43:00, 23.75, 23.28, 23.04, 33.03, 32.74, 0, 0, 4.22
2019/06/25 01:44:00, 23.75, 23.26, 23.06, 32.99, 32.72, 0, 0, 4.22
2019/06/25 01:45:00, 23.75, 23.25, 23.05, 32.99, 32.71, 0, 0, 4.22
2019/06/25 01:46:00, 23.75, 23.25, 23.05, 33.03, 32.74, 0, 0, 4.22
2019/06/25 01:47:00, 23.75, 23.25, 23.05, 33.06, 32.74, 0, 0, 4.22
2019/06/25 01:48:00, 23.75, 23.25, 23.04, 33.13, 32.78, 0, 0, 4.22
2019/06/25 01:49:00, 23.75, 23.28, 23.04, 33.11, 32.80, 0, 0, 4.22
2019/06/25 01:50:00, 23.75, 23.24, 23.04, 33.07, 32.83, 0, 0, 4.22
2019/06/25 01:51:00, 23.75, 23.25, 23.05, 33.03, 32.80, 0, 0, 4.22
2019/06/25 01:52:00, 23.75, 23.25, 23.03, 33.11, 32.81, 0, 0, 4.22
2019/06/25 01:53:00, 23.75, 23.25, 23.04, 33.15, 32.86, 0, 0, 4.22
2019/06/25 01:54:00, 23.50, 23.22, 23.03, 33.13, 32.87, 0, 0, 4.22
2019/06/25 01:55:00, 23.75, 23.24, 23.00, 33.13, 32.86, 0, 0, 4.22
2019/06/25 01:56:00, 23.75, 23.22, 23.00, 33.15, 32.85, 0, 0, 4.22
2019/06/25 01:57:00, 23.75, 23.22, 23.02, 33.16, 32.87, 0, 0, 4.22
2019/06/25 01:58:00, 23.75, 23.22, 22.99, 33.22, 32.89, 0, 0, 4.22
2019/06/25 01:59:00, 23.75, 23.22, 23.00, 33.23, 32.90, 0, 0, 4.22
2019/06/25 02:00:00, 23.75, 23.21, 23.01, 33.28, 32.92, 0, 0, 4.22
2019/06/25 02:01:00, 23.75, 23.21, 23.00, 33.22, 32.94, 0, 0, 4.22
2019/06/25 02:02:00, 23.50, 23.22, 23.00, 33.25, 32.93, 0, 0, 4.22
2019/06/25 02:03:00, 23.75, 23.19, 23.00, 33.24, 32.96, 0, 0, 4.22
2019/06/25 02:04:00, 23.50, 23.21, 22.98, 33.28, 32.96, 0, 0, 4.22
2019/06/25 02:05:00, 23.50, 23.19, 23.00, 33.29, 32.95, 0, 0, 4.22
2019/06/25 02:06:00, 23.50, 23.21, 23.00, 33.27, 33.00, 0, 0, 4.22
2019/06/25 02:07:00, 23.50, 23.15, 22.97, 33.27, 32.98, 0, 0, 4.22
2019/06/25 02:08:00, 23.50, 23.15, 22.97, 33.27, 32.98, 0, 0, 4.22
2019/06/25 02:09:00, 23.50, 23.18, 22.97, 33.38, 33.03, 0, 0, 4.22
2019/06/25 02:10:00, 23.50, 23.18, 22.97, 33.40, 33.10, 0, 0, 4.22
2019/06/25 02:11:00, 23.50, 23.16, 22.97, 33.35, 33.06, 0, 0, 4.22
2019/06/25 02:12:00, 23.50, 23.14, 22.94, 33.39, 33.09, 0, 0, 4.22
2019/06/25 02:13:00, 23.50, 23.15, 22.94, 33.42, 33.09, 0, 0, 4.22
2019/06/25 02:14:00, 23.50, 23.18, 22.97, 33.40, 33.10, 0, 0, 4.22
2019/06/25 02:15:00, 23.50, 23.21, 22.95, 33.38, 33.09, 0, 0, 4.22
2019/06/25 02:16:00, 23.50, 23.16, 22.95, 33.40, 33.13, 0, 0, 4.22
2019/06/25 02:17:00, 23.50, 23.18, 22.97, 33.42, 33.13, 0, 0, 4.22
2019/06/25 02:18:00, 23.50, 23.16, 22.94, 33.39, 33.14, 0, 0, 4.22
2019/06/25 02:19:00, 23.50, 23.18, 22.95, 33.37, 33.13, 0, 0, 4.22
2019/06/25 02:20:00, 23.50, 23.16, 22.94, 33.50, 33.19, 0, 0, 4.22
2019/06/25 02:21:00, 23.50, 23.14, 22.93, 33.48, 33.19, 0, 0, 4.22
2019/06/25 02:22:00, 23.50, 23.16, 22.95, 33.46, 33.17, 0, 0, 4.22
2019/06/25 02:23:00, 23.50, 23.18, 22.94, 33.40, 33.18, 0, 0, 4.22
2019/06/25 02:24:00, 23.50, 23.14, 22.94, 33.48, 33.21, 0, 0, 4.22
2019/06/25 02:25:00, 23.50, 23.16, 22.94, 33.44, 33.19, 0, 0, 4.22
2019/06/25 02:26:00, 23.50, 23.16, 22.92, 33.45, 33.19, 0, 0, 4.22
2019/06/25 02:27:00, 23.50, 23.15, 22.91, 33.52, 33.20, 0, 0, 4.22
2019/06/25 02:28:00, 23.50, 23.14, 22.92, 33.56, 33.24, 0, 0, 4.22
2019/06/25 02:29:00, 23.50, 23.15, 22.92, 33.61, 33.26, 0, 0, 4.22
2019/06/25 02:30:00, 23.50, 23.12, 22.92, 33.56, 33.25, 0, 0, 4.22
2019/06/25 02:31:00, 23.50, 23.15, 22.92, 33.54, 33.24, 0, 0, 4.22
2019/06/25 02:32:00, 23.50, 23.14, 22.93, 33.59, 33.24, 0, 0, 4.22
2019/06/25 02:33:00, 23.50, 23.11, 22.92, 33.53, 33.24, 0, 0, 4.22
2019/06/25 02:34:00, 23.50, 23.12, 22.90, 33.56, 33.25, 0, 0, 4.22
2019/06/25 02:35:00, 23.50, 23.12, 22.93, 33.55, 33.27, 0, 0, 4.22
2019/06/25 02:36:00, 23.50, 23.14, 22.92, 33.59, 33.26, 0, 0, 4.22
2019/06/25 02:37:00, 23.50, 23.15, 22.91, 33.61, 33.27, 0, 0, 4.22
2019/06/25 02:38:00, 23.50, 23.11, 22.91, 33.58, 33.28, 0, 0, 4.22
2019/06/25 02:39:00, 23.50, 23.14, 22.91, 33.58, 33.26, 0, 0, 4.22
2019/06/25 02:40:00, 23.50, 23.14, 22.92, 33.59, 33.26, 0, 0, 4.22
2019/06/25 02:41:00, 23.50, 23.11, 22.90, 33.64, 33.29, 0, 0, 4.22
2019/06/25 02:42:00, 23.50, 23.12, 22.90, 33.64, 33.29, 0, 0, 4.22
2019/06/25 02:43:00, 23.50, 23.12, 22.89, 33.59, 33.29, 0, 0, 4.22
2019/06/25 02:44:00, 23.50, 23.14, 22.90, 33.60, 33.29, 0, 0, 4.22
2019/06/25 02:45:00, 23.50, 23.14, 22.89, 33.63, 33.29, 0, 0, 4.22
2019/06/25 02:46:00, 23.50, 23.11, 22.88, 33.66, 33.32, 0, 0, 4.22
2019/06/25 02:47:00, 23.50, 23.12, 22.90, 33.68, 33.32, 0, 0, 4.22
2019/06/25 02:48:00, 23.50, 23.12, 22.89, 33.72, 33.31, 0, 0, 4.22
2019/06/25 02:49:00, 23.50, 23.11, 22.90, 33.66, 33.36, 0, 0, 4.22
2019/06/25 02:50:00, 23.50, 23.11, 22.89, 33.71, 33.36, 0, 0, 4.22
2019/06/25 02:51:00, 23.50, 23.12, 22.88, 33.71, 33.34, 0, 0, 4.22
2019/06/25 02:52:00, 23.50, 23.12, 22.89, 33.78, 33.38, 0, 0, 4.22
2019/06/25 02:53:00, 23.50, 23.14, 22.88, 33.76, 33.39, 0, 0, 4.22
2019/06/25 02:54:00, 23.50, 23.09, 22.88, 33.73, 33.38, 0, 0, 4.22
2019/06/25 02:55:00, 23.50, 23.06, 22.88, 33.76, 33.39, 0, 0, 4.22
2019/06/25 02:56:00, 23.50, 23.11, 22.88, 33.76, 33.42, 0, 0, 4.22
2019/06/25 02:57:00, 23.50, 23.11, 22.90, 33.73, 33.42, 0, 0, 4.22
2019/06/25 02:58:00, 23.50, 23.08, 22.88, 33.78, 33.43, 0, 0, 4.22
2019/06/25 02:59:00, 23.50, 23.09, 22.89, 33.81, 33.44, 0, 0, 4.22
2019/06/25 03:00:00, 23.50, 23.09, 22.87, 33.75, 33.45, 0, 0, 4.22
2019/06/25 03:01:00, 23.50, 23.09, 22.87, 33.76, 33.42, 0, 0, 4.22
2019/06/25 03:02:00, 23.50, 23.09, 22.88, 33.74, 33.44, 0, 0, 4.22
2019/06/25 03:03:00, 23.50, 23.09, 22.86, 33.72, 33.45, 0, 0, 4.22
2019/06/25 03:04:00, 23.50, 23.09, 22.89, 33.78, 33.45, 0, 0, 4.22
2019/06/25 03:05:00, 23.50, 23.09, 22.87, 33.79, 33.46, 0, 0, 4.22
2019/06/25 03:06:00, 23.50, 23.08, 22.90, 33.82, 33.48, 0, 0, 4.22
2019/06/25 03:07:00, 23.50, 23.08, 22.86, 33.81, 33.47, 0, 0, 4.22
2019/06/25 03:08:00, 23.50, 23.09, 22.88, 33.78, 33.45, 0, 0, 4.22
2019/06/25 03:09:00, 23.50, 23.09, 22.86, 33.82, 33.48, 0, 0, 4.22
2019/06/25 03:10:00, 23.50, 23.08, 22.88, 33.82, 33.48, 0, 0, 4.22
2019/06/25 03:11:00, 23.50, 23.03, 22.87, 33.83, 33.50, 0, 0, 4.22
2019/06/25 03:12:00, 23.50, 23.08, 22.88, 33.85, 33.51, 0, 0, 4.22
2019/06/25 03:13:00, 23.50, 23.08, 22.86, 33.79, 33.51, 0, 0, 4.22
2019/06/25 03:14:00, 23.50, 23.08, 22.88, 33.78, 33.50, 0, 0, 4.22
2019/06/25 03:15:00, 23.50, 23.08, 22.87, 33.81, 33.52, 0, 0, 4.22
2019/06/25 03:16:00, 23.50, 23.12, 22.87, 33.89, 33.53, 0, 0, 4.22
2019/06/25 03:17:00, 23.50, 23.09, 22.87, 33.82, 33.52, 0, 0, 4.22
2019/06/25 03:18:00, 23.50, 23.11, 22.86, 33.86, 33.54, 0, 0, 4.22
2019/06/25 03:19:00, 23.50, 23.08, 22.87, 33.85, 33.56, 0, 0, 4.22
2019/06/25 03:20:00, 23.50, 23.05, 22.87, 33.83, 33.54, 0, 0, 4.22
2019/06/25 03:21:00, 23.50, 23.09, 22.86, 33.85, 33.55, 0, 0, 4.22
2019/06/25 03:22:00, 23.50, 23.08, 22.87, 33.89, 33.56, 0, 0, 4.22
2019/06/25 03:23:00, 23.50, 23.06, 22.86, 33.82, 33.55, 0, 0, 4.22
2019/06/25 03:24:00, 23.50, 23.08, 22.87, 33.89, 33.53, 0, 0, 4.22
2019/06/25 03:25:00, 23.50, 23.08, 22.85, 33.91, 33.57, 0, 0, 4.22
2019/06/25 03:26:00, 23.50, 23.06, 22.84, 33.89, 33.55, 0, 0, 4.22
2019/06/25 03:27:00, 23.50, 23.08, 22.85, 33.87, 33.60, 0, 0, 4.22
2019/06/25 03:28:00, 23.50, 23.05, 22.85, 33.94, 33.61, 0, 0, 4.22
2019/06/25 03:29:00, 23.50, 23.08, 22.86, 33.91, 33.58, 0, 0, 4.22
2019/06/25 03:30:00, 23.50, 23.06, 22.86, 33.94, 33.61, 0, 0, 4.22
2019/06/25 03:31:00, 23.50, 23.06, 22.86, 33.91, 33.60, 0, 0, 4.22
2019/06/25 03:32:00, 23.50, 23.08, 22.84, 33.95, 33.61, 0, 0, 4.22
2019/06/25 03:33:00, 23.50, 23.06, 22.85, 33.95, 33.62, 0, 0, 4.22
2019/06/25 03:34:00, 23.50, 23.06, 22.85, 33.99, 33.63, 0, 0, 4.22
2019/06/25 03:35:00, 23.50, 23.06, 22.83, 33.95, 33.64, 0, 0, 4.22
2019/06/25 03:36:00, 23.50, 23.06, 22.84, 33.98, 33.66, 0, 0, 4.22
2019/06/25 03:37:00, 23.50, 23.03, 22.83, 34.03, 33.66, 0, 0, 4.22
2019/06/25 03:38:00, 23.50, 23.05, 22.84, 34.02, 33.68, 0, 0, 4.22
2019/06/25 03:39:00, 23.50, 23.05, 22.83, 34.04, 33.68, 0, 0, 4.22
2019/06/25 03:40:00, 23.50, 23.03, 22.85, 34.06, 33.69, 0, 0, 4.22
2019/06/25 03:41:00, 23.50, 23.05, 22.83, 34.05, 33.72, 0, 0, 4.22
2019/06/25 03:42:00, 23.50, 23.05, 22.82, 33.99, 33.68, 0, 0, 4.22
2019/06/25 03:43:00, 23.50, 22.99, 22.83, 34.05, 33.70, 0, 0, 4.22
2019/06/25 03:44:00, 23.50, 23.03, 22.80, 34.11, 33.75, 0, 0, 4.22
2019/06/25 03:45:00, 23.50, 23.03, 22.80, 34.11, 33.76, 0, 0, 4.22
2019/06/25 03:46:00, 23.50, 23.03, 22.83, 34.12, 33.75, 0, 0, 4.22
2019/06/25 03:47:00, 23.50, 23.02, 22.83, 34.15, 33.79, 0, 0, 4.22
2019/06/25 03:48:00, 23.50, 23.03, 22.82, 34.13, 33.81, 0, 0, 4.22
2019/06/25 03:49:00, 23.50, 23.01, 22.79, 34.13, 33.79, 0, 0, 4.22
2019/06/25 03:50:00, 23.50, 23.01, 22.80, 34.13, 33.81, 0, 0, 4.22
2019/06/25 03:51:00, 23.50, 23.01, 22.79, 34.11, 33.80, 0, 0, 4.22
2019/06/25 03:52:00, 23.50, 23.02, 22.79, 34.13, 33.83, 0, 0, 4.22
2019/06/25 03:53:00, 23.50, 23.02, 22.80, 34.15, 33.82, 0, 0, 4.22
2019/06/25 03:54:00, 23.50, 22.99, 22.78, 34.13, 33.81, 0, 0, 4.22
2019/06/25 03:55:00, 23.50, 23.01, 22.80, 34.17, 33.83, 0, 0, 4.22
2019/06/25 03:56:00, 23.50, 22.99, 22.80, 34.19, 33.84, 0, 0, 4.22
2019/06/25 03:57:00, 23.50, 22.98, 22.80, 34.14, 33.83, 0, 0, 4.22
2019/06/25 03:58:00, 23.50, 23.02, 22.78, 34.17, 33.86, 0, 0, 4.22
2019/06/25 03:59:00, 23.50, 22.99, 22.76, 34.20, 33.86, 0, 0, 4.22
2019/06/25 04:00:00, 23.50, 23.02, 22.79, 34.20, 33.89, 0, 0, 4.22
2019/06/25 04:01:00, 23.50, 23.01, 22.79, 34.20, 33.90, 0, 0, 4.22
2019/06/25 04:02:00, 23.50, 23.01, 22.76, 34.20, 33.91, 0, 0, 4.22
2019/06/25 04:03:00, 23.50, 23.02, 22.80, 34.16, 33.89, 0, 0, 4.22
2019/06/25 04:04:00, 23.50, 22.99, 22.79, 34.20, 33.87, 0, 0, 4.22
2019/06/25 04:05:00, 23.50, 23.02, 22.80, 34.27, 33.90, 0, 0, 4.22
2019/06/25 04:06:00, 23.50, 22.98, 22.78, 34.18, 33.92, 0, 0, 4.22
2019/06/25 04:07:00, 23.50, 22.98, 22.79, 34.24, 33.92, 0, 0, 4.22
2019/06/25 04:08:00, 23.50, 22.99, 22.80, 34.20, 33.89, 0, 0, 4.22
2019/06/25 04:09:00, 23.50, 22.99, 22.78, 34.25, 33.90, 0, 0, 4.22
2019/06/25 04:10:00, 23.50, 23.02, 22.77, 34.17, 33.90, 0, 0, 4.22
2019/06/25 04:11:00, 23.50, 22.99, 22.79, 34.22, 33.87, 0, 0, 4.22
2019/06/25 04:12:00, 23.50, 22.99, 22.77, 34.20, 33.87, 0, 0, 4.22
2019/06/25 04:13:00, 23.50, 23.01, 22.77, 34.27, 33.92, 0, 0, 4.22
2019/06/25 04:14:00, 23.50, 22.98, 22.76, 34.29, 33.93, 0, 0, 4.22
2019/06/25 04:15:00, 23.50, 22.97, 22.77, 34.27, 33.95, 0, 0, 4.22
2019/06/25 04:16:00, 23.50, 22.98, 22.78, 34.29, 33.97, 0, 0, 4.22
2019/06/25 04:17:00, 23.50, 23.01, 22.76, 34.32, 33.97, 0, 0, 4.22
2019/06/25 04:18:00, 23.50, 22.98, 22.75, 34.24, 33.96, 0, 0, 4.22
2019/06/25 04:19:00, 23.50, 22.99, 22.75, 34.29, 33.96, 0, 0, 4.22
2019/06/25 04:20:00, 23.50, 22.97, 22.75, 34.26, 33.95, 0, 0, 4.22
2019/06/25 04:21:00, 23.50, 22.95, 22.74, 34.27, 33.97, 0, 0, 4.22
2019/06/25 04:22:00, 23.50, 22.97, 22.76, 34.36, 34.00, 0, 0, 4.22
2019/06/25 04:23:00, 23.50, 22.95, 22.76, 34.32, 34.00, 0, 0, 4.22
2019/06/25 04:24:00, 23.50, 22.95, 22.73, 34.35, 34.02, 0, 0, 4.22
2019/06/25 04:25:00, 23.50, 22.95, 22.73, 34.39, 34.06, 0, 0, 4.22
2019/06/25 04:26:00, 23.50, 22.94, 22.72, 34.32, 34.04, 0, 0, 4.22
2019/06/25 04:27:00, 23.50, 22.92, 22.73, 34.38, 34.06, 0, 0, 4.22
2019/06/25 04:28:00, 23.50, 22.92, 22.71, 34.39, 34.07, 0, 0, 4.22
2019/06/25 04:29:00, 23.50, 22.92, 22.73, 34.41, 34.07, 0, 0, 4.22
2019/06/25 04:30:00, 23.50, 22.94, 22.70, 34.39, 34.10, 0, 0, 4.22
2019/06/25 04:31:00, 23.50, 22.91, 22.71, 34.46, 34.13, 0, 0, 4.22
2019/06/25 04:32:00, 23.50, 22.91, 22.71, 34.42, 34.13, 0, 0, 4.22
2019/06/25 04:33:00, 23.25, 22.94, 22.70, 34.54, 34.16, 0, 0, 4.22
2019/06/25 04:34:00, 23.25, 22.92, 22.69, 34.46, 34.19, 0, 0, 4.22
2019/06/25 04:35:00, 23.25, 22.92, 22.73, 34.51, 34.19, 0, 0, 4.22
2019/06/25 04:36:00, 23.25, 22.91, 22.70, 34.47, 34.18, 0, 0, 4.22
2019/06/25 04:37:00, 23.25, 22.92, 22.70, 34.50, 34.17, 0, 0, 4.22
2019/06/25 04:38:00, 23.25, 22.92, 22.71, 34.48, 34.19, 0, 0, 4.22
2019/06/25 04:39:00, 23.25, 22.94, 22.69, 34.48, 34.19, 0, 0, 4.22
2019/06/25 04:40:00, 23.25, 22.92, 22.71, 34.56, 34.19, 0, 0, 4.22
2019/06/25 04:41:00, 23.25, 22.91, 22.69, 34.51, 34.21, 0, 0, 4.22
2019/06/25 04:42:00, 23.25, 22.92, 22.69, 34.55, 34.23, 0, 0, 4.22
2019/06/25 04:43:00, 23.25, 22.92, 22.72, 34.54, 34.21, 0, 0, 4.22
2019/06/25 04:44:00, 23.25, 22.91, 22.70, 34.52, 34.21, 0, 0, 4.22
2019/06/25 04:45:00, 23.25, 22.92, 22.70, 34.52, 34.22, 0, 0, 4.22
2019/06/25 04:46:00, 23.25, 22.94, 22.70, 34.54, 34.23, 0, 0, 4.22
2019/06/25 04:47:00, 23.25, 22.92, 22.71, 34.55, 34.22, 0, 0, 4.22
2019/06/25 04:48:00, 23.25, 22.92, 22.69, 34.56, 34.23, 0, 0, 4.22
2019/06/25 04:49:00, 23.25, 22.92, 22.71, 34.51, 34.21, 0, 0, 4.22
2019/06/25 04:50:00, 23.25, 22.91, 22.70, 34.50, 34.19, 0, 0, 4.22
2019/06/25 04:51:00, 23.25, 22.91, 22.71, 34.49, 34.19, 0, 0, 4.22
2019/06/25 04:52:00, 23.25, 22.92, 22.71, 34.48, 34.19, 0, 0, 4.22
2019/06/25 04:53:00, 23.25, 22.92, 22.71, 34.50, 34.17, 0, 0, 4.22
2019/06/25 04:54:00, 23.25, 22.92, 22.70, 34.47, 34.16, 0, 0, 4.22
2019/06/25 04:55:00, 23.25, 22.91, 22.70, 34.54, 34.18, 0, 0, 4.22
2019/06/25 04:56:00, 23.25, 22.94, 22.71, 34.51, 34.21, 0, 0, 4.22
2019/06/25 04:57:00, 23.25, 22.92, 22.70, 34.50, 34.19, 0, 0, 4.22
2019/06/25 04:58:00, 23.25, 22.91, 22.68, 34.50, 34.19, 0, 0, 4.22
2019/06/25 04:59:00, 23.25, 22.91, 22.68, 34.55, 34.18, 0, 0, 4.22
2019/06/25 05:00:00, 23.25, 22.91, 22.69, 34.51, 34.21, 0, 0, 4.22
2019/06/25 05:01:00, 23.25, 22.91, 22.69, 34.53, 34.19, 0, 0, 4.22
2019/06/25 05:02:00, 23.25, 22.90, 22.71, 34.53, 34.22, 0, 0, 4.22
2019/06/25 05:03:00, 23.25, 22.91, 22.70, 34.55, 34.25, 0, 0, 4.22
2019/06/25 05:04:00, 23.25, 22.92, 22.69, 34.60, 34.22, 0, 0, 4.22
2019/06/25 05:05:00, 23.25, 22.91, 22.70, 34.53, 34.24, 0, 0, 4.22
2019/06/25 05:06:00, 23.25, 22.90, 22.69, 34.57, 34.27, 0, 0, 4.22
2019/06/25 05:07:00, 23.25, 22.91, 22.71, 34.56, 34.27, 0, 0, 4.22
2019/06/25 05:08:00, 23.25, 22.91, 22.70, 34.57, 34.29, 0, 0, 4.22
2019/06/25 05:09:00, 23.25, 22.90, 22.69, 34.52, 34.25, 0, 0, 4.22
2019/06/25 05:10:00, 23.25, 22.88, 22.69, 34.63, 34.27, 0, 0, 4.22
2019/06/25 05:11:00, 23.25, 22.90, 22.69, 34.55, 34.27, 0, 0, 4.22
2019/06/25 05:12:00, 23.25, 22.91, 22.68, 34.53, 34.23, 0, 0, 4.22
2019/06/25 05:13:00, 23.25, 22.90, 22.69, 34.56, 34.26, 0, 0, 4.22
2019/06/25 05:14:00, 23.25, 22.90, 22.67, 34.63, 34.27, 0, 0, 4.22
2019/06/25 05:15:00, 23.25, 22.88, 22.69, 34.61, 34.29, 0, 0, 4.22
2019/06/25 05:16:00, 23.25, 22.90, 22.68, 34.60, 34.31, 0, 0, 4.22
2019/06/25 05:17:00, 23.25, 22.90, 22.67, 34.63, 34.29, 0, 0, 4.22
2019/06/25 05:18:00, 23.25, 22.88, 22.68, 34.61, 34.33, 0, 0, 4.22
2019/06/25 05:19:00, 23.25, 22.90, 22.67, 34.64, 34.34, 0, 0, 4.22
2019/06/25 05:20:00, 23.25, 22.90, 22.68, 34.66, 34.35, 0, 0, 4.22
2019/06/25 05:21:00, 23.25, 22.88, 22.65, 34.68, 34.37, 0, 0, 4.22
2019/06/25 05:22:00, 23.25, 22.90, 22.69, 34.72, 34.39, 0, 0, 4.22
2019/06/25 05:23:00, 23.25, 22.90, 22.67, 34.72, 34.37, 0, 0, 4.22
2019/06/25 05:24:00, 23.25, 22.90, 22.67, 34.69, 34.39, 0, 0, 4.22
2019/06/25 05:25:00, 23.25, 22.88, 22.65, 34.77, 34.40, 0, 0, 4.22
2019/06/25 05:26:00, 23.25, 22.87, 22.68, 34.74, 34.42, 0, 0, 4.22
2019/06/25 05:27:00, 23.25, 22.88, 22.67, 34.75, 34.42, 0, 0, 4.22
2019/06/25 05:28:00, 23.25, 22.87, 22.70, 34.73, 34.43, 0, 0, 4.22
2019/06/25 05:29:00, 23.25, 22.90, 22.69, 34.73, 34.42, 0, 0, 4.22
2019/06/25 05:30:00, 23.25, 22.88, 22.68, 34.72, 34.41, 0, 0, 4.22
2019/06/25 05:31:00, 23.25, 22.85, 22.65, 34.72, 34.43, 0, 0, 4.22
2019/06/25 05:32:00, 23.25, 22.90, 22.67, 34.81, 34.46, 0, 0, 4.22
2019/06/25 05:33:00, 23.25, 22.88, 22.65, 34.84, 34.48, 0, 0, 4.22
2019/06/25 05:34:00, 23.25, 22.88, 22.68, 34.82, 34.50, 0, 0, 4.22
2019/06/25 05:35:00, 23.25, 22.88, 22.64, 34.86, 34.51, 0, 0, 4.22
2019/06/25 05:36:00, 23.25, 22.87, 22.67, 34.84, 34.50, 0, 0, 4.22
2019/06/25 05:37:00, 23.25, 22.87, 22.67, 34.88, 34.51, 0, 0, 4.22
2019/06/25 05:38:00, 23.25, 22.87, 22.67, 34.86, 34.53, 0, 0, 4.22
2019/06/25 05:39:00, 23.25, 22.87, 22.65, 34.86, 34.51, 0, 0, 4.22
2019/06/25 05:40:00, 23.25, 22.87, 22.67, 34.90, 34.56, 0, 0, 4.22
2019/06/25 05:41:00, 23.25, 22.88, 22.68, 34.86, 34.54, 0, 0, 4.22
2019/06/25 05:42:00, 23.25, 22.91, 22.68, 34.88, 34.51, 0, 0, 4.22
2019/06/25 05:43:00, 23.25, 22.90, 22.68, 34.90, 34.58, 0, 0, 4.22
2019/06/25 05:44:00, 23.25, 22.90, 22.71, 34.86, 34.58, 0, 0, 4.22
2019/06/25 05:45:00, 23.25, 22.90, 22.69, 34.90, 34.56, 0, 0, 4.22
2019/06/25 05:46:00, 23.25, 22.90, 22.70, 34.91, 34.56, 0, 0, 4.22
2019/06/25 05:47:00, 23.25, 22.90, 22.68, 34.96, 34.61, 0, 0, 4.22
2019/06/25 05:48:00, 23.25, 22.91, 22.69, 34.93, 34.61, 0, 0, 4.22
2019/06/25 05:49:00, 23.25, 22.91, 22.69, 34.96, 34.61, 0, 0, 4.22
2019/06/25 05:50:00, 23.25, 22.92, 22.72, 34.94, 34.61, 0, 0, 4.22
2019/06/25 05:51:00, 23.25, 22.91, 22.71, 35.00, 34.63, 0, 0, 4.22
2019/06/25 05:52:00, 23.25, 22.92, 22.74, 34.92, 34.64, 0, 0, 4.22
2019/06/25 05:53:00, 23.25, 22.91, 22.71, 34.96, 34.64, 0, 0, 4.22
2019/06/25 05:54:00, 23.25, 22.92, 22.71, 34.95, 34.63, 0, 0, 4.22
2019/06/25 05:55:00, 23.25, 22.94, 22.74, 35.00, 34.67, 0, 0, 4.22
2019/06/25 05:56:00, 23.25, 22.95, 22.73, 35.02, 34.68, 0, 0, 4.22
2019/06/25 05:57:00, 23.25, 22.95, 22.74, 35.03, 34.71, 0, 0, 4.22
2019/06/25 05:58:00, 23.25, 22.95, 22.76, 35.05, 34.67, 0, 0, 4.22
2019/06/25 05:59:00, 23.25, 22.97, 22.75, 35.01, 34.68, 0, 0, 4.22
2019/06/25 06:00:00, 23.25, 22.99, 22.78, 35.05, 34.70, 0, 0, 4.22
2019/06/25 06:01:00, 23.25, 22.98, 22.77, 35.01, 34.68, 0, 0, 4.22
2019/06/25 06:02:00, 23.25, 22.99, 22.77, 34.98, 34.69, 0, 0, 4.22
2019/06/25 06:03:00, 23.25, 23.02, 22.80, 35.03, 34.70, 0, 0, 4.22
2019/06/25 06:04:00, 23.25, 23.03, 22.82, 35.03, 34.68, 0, 0, 4.22
2019/06/25 06:05:00, 23.25, 23.05, 22.83, 35.04, 34.69, 0, 0, 4.22
2019/06/25 06:06:00, 23.25, 23.05, 22.84, 35.00, 34.69, 0, 0, 4.22
2019/06/25 06:07:00, 23.25, 23.08, 22.87, 35.03, 34.69, 0, 0, 4.22
2019/06/25 06:08:00, 23.25, 23.06, 22.86, 34.92, 34.65, 0, 0, 4.22
2019/06/25 06:09:00, 23.25, 23.11, 22.87, 34.95, 34.62, 0, 0, 4.22
2019/06/25 06:10:00, 23.25, 23.11, 22.90, 34.90, 34.61, 0, 0, 4.22
2019/06/25 06:11:00, 23.25, 23.11, 22.89, 34.92, 34.58, 0, 0, 4.22
2019/06/25 06:12:00, 23.25, 23.09, 22.89, 35.02, 34.60, 0, 0, 4.22
2019/06/25 06:13:00, 23.25, 23.11, 22.91, 34.94, 34.62, 0, 0, 4.22
2019/06/25 06:14:00, 23.25, 23.11, 22.92, 34.95, 34.62, 0, 0, 4.22
2019/06/25 06:15:00, 23.25, 23.15, 22.91, 34.91, 34.61, 0, 0, 4.22
2019/06/25 06:16:00, 23.25, 23.14, 22.92, 34.95, 34.60, 0, 0, 4.22
2019/06/25 06:17:00, 23.25, 23.15, 22.93, 34.94, 34.61, 0, 0, 4.22
2019/06/25 06:18:00, 23.25, 23.14, 22.93, 34.94, 34.63, 0, 0, 4.22
2019/06/25 06:19:00, 23.25, 23.15, 22.91, 34.92, 34.61, 0, 0, 4.22
2019/06/25 06:20:00, 23.25, 23.12, 22.92, 34.95, 34.65, 0, 0, 4.22
2019/06/25 06:21:00, 23.25, 23.14, 22.92, 34.97, 34.66, 0, 0, 4.22
2019/06/25 06:22:00, 23.25, 23.15, 22.93, 34.98, 34.66, 0, 0, 4.22
2019/06/25 06:23:00, 23.25, 23.15, 22.93, 35.01, 34.65, 0, 0, 4.22
2019/06/25 06:24:00, 23.25, 23.15, 22.94, 34.96, 34.65, 0, 0, 4.22
2019/06/25 06:25:00, 23.25, 23.16, 22.95, 34.98, 34.66, 0, 0, 4.22
2019/06/25 06:26:00, 23.50, 23.16, 22.95, 35.01, 34.65, 0, 0, 4.22
2019/06/25 06:27:00, 23.25, 23.18, 22.98, 35.00, 34.66, 0, 0, 4.22
2019/06/25 06:28:00, 23.25, 23.18, 22.94, 35.00, 34.67, 0, 0, 4.22
2019/06/25 06:29:00, 23.25, 23.18, 22.97, 34.98, 34.67, 0, 0, 4.22
2019/06/25 06:30:00, 23.50, 23.19, 22.98, 34.99, 34.68, 0, 0, 4.22
2019/06/25 06:31:00, 23.50, 23.19, 22.98, 34.96, 34.67, 0, 0, 4.22
2019/06/25 06:32:00, 23.50, 23.18, 22.98, 34.95, 34.67, 0, 0, 4.22
2019/06/25 06:33:00, 23.50, 23.19, 22.97, 34.97, 34.65, 0, 0, 4.22
2019/06/25 06:34:00, 23.50, 23.19, 22.99, 34.97, 34.66, 0, 0, 4.22
2019/06/25 06:35:00, 23.50, 23.18, 22.98, 35.02, 34.67, 0, 0, 4.22
2019/06/25 06:36:00, 23.50, 23.21, 23.00, 34.99, 34.67, 0, 0, 4.22
2019/06/25 06:37:00, 23.50, 23.24, 23.00, 34.99, 34.66, 0, 0, 4.22
2019/06/25 06:38:00, 23.50, 23.22, 23.01, 35.03, 34.67, 0, 0, 4.22
2019/06/25 06:39:00, 23.50, 23.22, 23.03, 34.95, 34.66, 0, 0, 4.22
2019/06/25 06:40:00, 23.50, 23.24, 23.03, 34.95, 34.66, 0, 0, 4.22
2019/06/25 06:41:00, 23.50, 23.22, 23.03, 35.01, 34.64, 0, 0, 4.22
2019/06/25 06:42:00, 23.50, 23.25, 23.04, 35.01, 34.64, 0, 0, 4.22
2019/06/25 06:43:00, 23.50, 23.28, 23.05, 35.01, 34.64, 0, 0, 4.22
2019/06/25 06:44:00, 23.50, 23.28, 23.07, 34.92, 34.64, 0, 0, 4.22
2019/06/25 06:45:00, 23.50, 23.28, 23.06, 34.92, 34.61, 0, 0, 4.22
2019/06/25 06:46:00, 23.50, 23.28, 23.09, 34.96, 34.62, 0, 0, 4.22
2019/06/25 06:47:00, 23.50, 23.30, 23.13, 34.93, 34.59, 0, 0, 4.22
2019/06/25 06:48:00, 23.50, 23.28, 23.10, 34.92, 34.59, 0, 0, 4.22
2019/06/25 06:49:00, 23.50, 23.32, 23.09, 34.89, 34.59, 0, 0, 4.22
2019/06/25 06:50:00, 23.50, 23.30, 23.09, 34.96, 34.59, 0, 0, 4.22
2019/06/25 06:51:00, 23.50, 23.30, 23.13, 34.92, 34.60, 0, 0, 4.22
2019/06/25 06:52:00, 23.50, 23.32, 23.09, 34.92, 34.62, 0, 0, 4.22
2019/06/25 06:53:00, 23.50, 23.30, 23.09, 34.88, 34.60, 0, 0, 4.22
2019/06/25 06:54:00, 23.50, 23.32, 23.09, 34.89, 34.58, 0, 0, 4.22
2019/06/25 06:55:00, 23.50, 23.32, 23.10, 34.95, 34.61, 0, 0, 4.22
2019/06/25 06:56:00, 23.50, 23.32, 23.10, 34.95, 34.61, 0, 0, 4.22
2019/06/25 06:57:00, 23.50, 23.32, 23.13, 34.93, 34.61, 0, 0, 4.22
2019/06/25 06:58:00, 23.50, 23.33, 23.12, 34.92, 34.61, 0, 0, 4.22
2019/06/25 06:59:00, 23.50, 23.30, 23.10, 34.93, 34.62, 0, 0, 4.22
2019/06/25 07:00:00, 23.50, 23.33, 23.10, 34.97, 34.63, 0, 0, 4.22
2019/06/25 07:01:00, 23.50, 23.32, 23.12, 34.96, 34.62, 0, 0, 4.22
2019/06/25 07:02:00, 23.50, 23.30, 23.12, 34.96, 34.62, 0, 0, 4.22
2019/06/25 07:03:00, 23.50, 23.32, 23.10, 35.00, 34.62, 0, 0, 4.22
2019/06/25 07:04:00, 23.50, 23.33, 23.09, 35.00, 34.65, 0, 0, 4.22
2019/06/25 07:05:00, 23.50, 23.32, 23.13, 35.00, 34.65, 0, 0, 4.22
2019/06/25 07:06:00, 23.50, 23.32, 23.13, 34.96, 34.65, 0, 0, 4.22
2019/06/25 07:07:00, 23.50, 23.32, 23.12, 35.00, 34.65, 0, 0, 4.22
2019/06/25 07:08:00, 23.50, 23.32, 23.09, 34.95, 34.63, 0, 0, 4.22
2019/06/25 07:09:00, 23.50, 23.32, 23.12, 35.00, 34.67, 0, 0, 4.22
2019/06/25 07:10:00, 23.50, 23.32, 23.12, 34.97, 34.66, 0, 0, 4.22
2019/06/25 07:11:00, 23.50, 23.30, 23.10, 34.97, 34.67, 0, 0, 4.22
2019/06/25 07:12:00, 23.50, 23.33, 23.10, 34.96, 34.64, 0, 0, 4.22
2019/06/25 07:13:00, 23.50, 23.32, 23.10, 35.05, 34.69, 0, 0, 4.22
2019/06/25 07:14:00, 23.50, 23.32, 23.10, 35.01, 34.71, 0, 0, 4.22
2019/06/25 07:15:00, 23.50, 23.30, 23.10, 35.03, 34.70, 0, 0, 4.22
2019/06/25 07:16:00, 23.50, 23.32, 23.10, 35.03, 34.71, 0, 0, 4.22
2019/06/25 07:17:00, 23.50, 23.33, 23.12, 35.07, 34.72, 0, 0, 4.22
2019/06/25 07:18:00, 23.50, 23.33, 23.12, 35.04, 34.71, 0, 0, 4.22
2019/06/25 07:19:00, 23.50, 23.33, 23.13, 35.03, 34.72, 0, 0, 4.22
2019/06/25 07:20:00, 23.50, 23.33, 23.14, 35.00, 34.73, 0, 0, 4.22
2019/06/25 07:21:00, 23.50, 23.32, 23.13, 35.03, 34.71, 0, 0, 4.22
2019/06/25 07:22:00, 23.50, 23.33, 23.09, 35.04, 34.73, 0, 0, 4.22
2019/06/25 07:23:00, 23.50, 23.32, 23.13, 35.05, 34.73, 0, 0, 4.22
2019/06/25 07:24:00, 23.50, 23.32, 23.13, 35.03, 34.72, 0, 0, 4.22
2019/06/25 07:25:00, 23.50, 23.33, 23.10, 35.08, 34.73, 0, 0, 4.22
2019/06/25 07:26:00, 23.50, 23.35, 23.13, 35.01, 34.74, 0, 0, 4.22
2019/06/25 07:27:00, 23.50, 23.32, 23.14, 35.03, 34.74, 0, 0, 4.22
2019/06/25 07:28:00, 23.50, 23.35, 23.13, 35.03, 34.73, 0, 0, 4.22
2019/06/25 07:29:00, 23.50, 23.33, 23.13, 35.05, 34.77, 0, 0, 4.22
2019/06/25 07:30:00, 23.50, 23.32, 23.13, 35.08, 34.79, 0, 0, 4.22
2019/06/25 07:31:00, 23.50, 23.33, 23.13, 35.15, 34.81, 0, 0, 4.22
2019/06/25 07:32:00, 23.50, 23.32, 23.14, 35.19, 34.85, 0, 0, 4.22
2019/06/25 07:33:00, 23.50, 23.32, 23.13, 35.15, 34.86, 0, 0, 4.22
2019/06/25 07:34:00, 23.50, 23.33, 23.13, 35.23, 34.90, 0, 0, 4.22
2019/06/25 07:35:00, 23.50, 23.32, 23.12, 35.28, 34.96, 0, 0, 4.22
2019/06/25 07:36:00, 23.50, 23.29, 23.09, 35.33, 34.98, 0, 0, 4.22
2019/06/25 07:37:00, 23.50, 23.30, 23.09, 35.39, 35.06, 0, 0, 4.22
2019/06/25 07:38:00, 23.50, 23.29, 23.09, 35.34, 35.06, 0, 0, 4.22
2019/06/25 07:39:00, 23.50, 23.32, 23.09, 35.41, 35.06, 0, 0, 4.22
2019/06/25 07:40:00, 23.50, 23.28, 23.09, 35.34, 35.06, 0, 0, 4.22
2019/06/25 07:41:00, 23.50, 23.28, 23.08, 35.44, 35.05, 0, 0, 4.22
2019/06/25 07:42:00, 23.50, 23.26, 23.07, 35.42, 35.08, 0, 0, 4.22
2019/06/25 07:43:00, 23.50, 23.29, 23.07, 35.46, 35.11, 0, 0, 4.22
2019/06/25 07:44:00, 23.50, 23.29, 23.07, 35.51, 35.17, 0, 0, 4.22
2019/06/25 07:45:00, 23.50, 23.29, 23.09, 35.47, 35.17, 0, 0, 4.22
2019/06/25 07:46:00, 23.50, 23.29, 23.07, 35.51, 35.20, 0, 0, 4.22
2019/06/25 07:47:00, 23.50, 23.28, 23.05, 35.50, 35.21, 0, 0, 4.22
2019/06/25 07:48:00, 23.50, 23.29, 23.05, 35.56, 35.22, 0, 0, 4.22
2019/06/25 07:49:00, 23.50, 23.29, 23.08, 35.57, 35.24, 0, 0, 4.22
2019/06/25 07:50:00, 23.50, 23.29, 23.05, 35.56, 35.24, 0, 0, 4.22
2019/06/25 07:51:00, 23.50, 23.28, 23.08, 35.56, 35.25, 0, 0, 4.22
2019/06/25 07:52:00, 23.50, 23.28, 23.08, 35.57, 35.26, 0, 0, 4.22
2019/06/25 07:53:00, 23.50, 23.30, 23.08, 35.56, 35.25, 0, 0, 4.22
2019/06/25 07:54:00, 23.50, 23.28, 23.07, 35.57, 35.24, 0, 0, 4.22
2019/06/25 07:55:00, 23.50, 23.29, 23.06, 35.63, 35.26, 0, 0, 4.22
2019/06/25 07:56:00, 23.50, 23.29, 23.07, 35.55, 35.26, 0, 0, 4.22
2019/06/25 07:57:00, 23.50, 23.29, 23.07, 35.63, 35.29, 0, 0, 4.22
2019/06/25 07:58:00, 23.50, 23.28, 23.08, 35.61, 35.27, 0, 0, 4.22
2019/06/25 07:59:00, 23.50, 23.29, 23.08, 35.56, 35.25, 0, 0, 4.22
2019/06/25 08:00:00, 23.50, 23.29, 23.09, 35.60, 35.27, 0, 0, 4.22
2019/06/25 08:01:00, 23.50, 23.32, 23.10, 35.56, 35.25, 0, 0, 4.22
2019/06/25 08:02:00, 23.50, 23.32, 23.10, 35.52, 35.24, 0, 0, 4.22
2019/06/25 08:03:00, 23.50, 23.32, 23.10, 35.56, 35.23, 0, 0, 4.22
2019/06/25 08:04:00, 23.50, 23.32, 23.12, 35.57, 35.22, 0, 0, 4.22
2019/06/25 08:05:00, 23.50, 23.35, 23.16, 35.55, 35.22, 0, 0, 4.22
2019/06/25 08:06:00, 23.50, 23.35, 23.16, 35.53, 35.22, 0, 0, 4.22
2019/06/25 08:07:00, 23.50, 23.33, 23.16, 35.55, 35.22, 0, 0, 4.22
2019/06/25 08:08:00, 23.50, 23.35, 23.17, 35.51, 35.18, 0, 0, 4.22
2019/06/25 08:09:00, 23.50, 23.37, 23.18, 35.46, 35.16, 0, 0, 4.22
2019/06/25 08:10:00, 23.50, 23.40, 23.19, 35.51, 35.16, 0, 0, 4.22
2019/06/25 08:11:00, 23.50, 23.39, 23.19, 35.47, 35.17, 0, 0, 4.22
2019/06/25 08:12:00, 23.50, 23.39, 23.19, 35.51, 35.19, 0, 0, 4.22
2019/06/25 08:13:00, 23.50, 23.40, 23.21, 35.48, 35.19, 0, 0, 4.22
2019/06/25 08:14:00, 23.50, 23.42, 23.22, 35.49, 35.19, 0, 0, 4.22
2019/06/25 08:15:00, 23.50, 23.43, 23.21, 35.51, 35.18, 0, 0, 4.22
2019/06/25 08:16:00, 23.50, 23.43, 23.22, 35.50, 35.16, 0, 0, 4.22
2019/06/25 08:17:00, 23.50, 23.43, 23.22, 35.46, 35.16, 0, 0, 4.22
2019/06/25 08:18:00, 23.50, 23.43, 23.25, 35.50, 35.16, 0, 0, 4.22
2019/06/25 08:19:00, 23.50, 23.46, 23.27, 35.48, 35.16, 0, 0, 4.22
2019/06/25 08:20:00, 23.50, 23.44, 23.27, 35.52, 35.16, 0, 0, 4.22
2019/06/25 08:21:00, 23.50, 23.43, 23.24, 35.49, 35.15, 0, 0, 4.22
2019/06/25 08:22:00, 23.50, 23.46, 23.25, 35.46, 35.16, 0, 0, 4.22
2019/06/25 08:23:00, 23.50, 23.46, 23.27, 35.48, 35.16, 0, 0, 4.22
2019/06/25 08:24:00, 23.50, 23.46, 23.27, 35.47, 35.13, 0, 0, 4.22
2019/06/25 08:25:00, 23.50, 23.50, 23.30, 35.45, 35.14, 0, 0, 4.22
2019/06/25 08:26:00, 23.50, 23.50, 23.32, 35.44, 35.13, 0, 0, 4.22
2019/06/25 08:27:00, 23.50, 23.50, 23.32, 35.46, 35.13, 0, 0, 4.22
2019/06/25 08:28:00, 23.50, 23.50, 23.31, 35.44, 35.12, 0, 0, 4.22
2019/06/25 08:29:00, 23.50, 23.52, 23.32, 35.44, 35.08, 0, 0, 4.22
2019/06/25 08:30:00, 23.75, 23.52, 23.33, 35.37, 35.08, 0, 0, 4.22
2019/06/25 08:31:00, 23.75, 23.54, 23.33, 35.39, 35.06, 0, 0, 4.22
2019/06/25 08:32:00, 23.50, 23.54, 23.35, 35.34, 35.04, 0, 0, 4.22
2019/06/25 08:33:00, 23.75, 23.54, 23.34, 35.34, 35.02, 0, 0, 4.22
2019/06/25 08:34:00, 23.75, 23.56, 23.36, 35.30, 34.98, 0, 0, 4.22
2019/06/25 08:35:00, 23.75, 23.56, 23.35, 35.30, 35.00, 0, 0, 4.22
2019/06/25 08:36:00, 23.75, 23.54, 23.35, 35.32, 35.01, 0, 0, 4.22
2019/06/25 08:37:00, 23.75, 23.57, 23.36, 35.30, 34.99, 0, 0, 4.22
2019/06/25 08:38:00, 23.75, 23.56, 23.36, 35.28, 34.98, 0, 0, 4.22
2019/06/25 08:39:00, 23.75, 23.57, 23.37, 35.24, 34.93, 0, 0, 4.22
2019/06/25 08:40:00, 23.75, 23.54, 23.37, 35.26, 34.93, 0, 0, 4.22
2019/06/25 08:41:00, 23.75, 23.56, 23.39, 35.28, 34.93, 0, 0, 4.22
2019/06/25 08:42:00, 23.75, 23.59, 23.37, 35.23, 34.93, 0, 0, 4.22
2019/06/25 08:43:00, 23.75, 23.59, 23.38, 35.23, 34.89, 0, 0, 4.22
2019/06/25 08:44:00, 23.75, 23.59, 23.39, 35.25, 34.88, 0, 0, 4.22
2019/06/25 08:45:00, 23.75, 23.57, 23.39, 35.20, 34.87, 0, 0, 4.22
2019/06/25 08:46:00, 23.75, 23.60, 23.39, 35.16, 34.89, 0, 0, 4.22
2019/06/25 08:47:00, 23.75, 23.60, 23.39, 35.16, 34.87, 0, 0, 4.22
2019/06/25 08:48:00, 23.75, 23.59, 23.41, 35.19, 34.86, 0, 0, 4.22
2019/06/25 08:49:00, 23.75, 23.59, 23.38, 35.23, 34.82, 0, 0, 4.22
2019/06/25 08:50:00, 23.75, 23.60, 23.39, 35.16, 34.84, 0, 0, 4.22
2019/06/25 08:51:00, 23.75, 23.57, 23.39, 35.17, 34.84, 0, 0, 4.22
2019/06/25 08:52:00, 23.75, 23.60, 23.41, 35.12, 34.80, 0, 0, 4.22
2019/06/25 08:53:00, 23.75, 23.59, 23.42, 35.16, 34.81, 0, 0, 4.22
2019/06/25 08:54:00, 23.75, 23.60, 23.43, 35.17, 34.82, 0, 0, 4.22
2019/06/25 08:55:00, 23.75, 23.60, 23.41, 35.13, 34.80, 0, 0, 4.22
2019/06/25 08:56:00, 23.75, 23.61, 23.41, 35.12, 34.77, 0, 0, 4.22
2019/06/25 08:57:00, 23.75, 23.61, 23.44, 35.16, 34.80, 0, 0, 4.22
2019/06/25 08:58:00, 23.75, 23.63, 23.44, 35.15, 34.79, 0, 0, 4.22
2019/06/25 08:59:00, 23.75, 23.63, 23.42, 35.08, 34.78, 0, 0, 4.22
2019/06/25 09:00:00, 23.75, 23.60, 23.43, 35.11, 34.76, 0, 0, 4.22
2019/06/25 09:01:00, 23.75, 23.61, 23.44, 35.10, 34.75, 0, 0, 4.22
2019/06/25 09:02:00, 23.75, 23.63, 23.43, 35.04, 34.74, 0, 0, 4.22
2019/06/25 09:03:00, 23.75, 23.63, 23.43, 35.08, 34.76, 0, 0, 4.22
2019/06/25 09:04:00, 23.75, 23.64, 23.45, 35.08, 34.80, 0, 0, 4.22
2019/06/25 09:05:00, 23.75, 23.63, 23.44, 35.03, 34.74, 0, 0, 4.22
2019/06/25 09:06:00, 23.75, 23.64, 23.44, 35.05, 34.73, 0, 0, 4.22
2019/06/25 09:07:00, 23.75, 23.64, 23.46, 35.05, 34.73, 0, 0, 4.22
2019/06/25 09:08:00, 23.75, 23.67, 23.46, 35.01, 34.68, 0, 0, 4.22
2019/06/25 09:09:00, 23.75, 23.65, 23.47, 34.98, 34.69, 0, 0, 4.22
2019/06/25 09:10:00, 23.75, 23.64, 23.45, 34.98, 34.68, 0, 0, 4.22
2019/06/25 09:11:00, 23.75, 23.64, 23.47, 35.01, 34.67, 0, 0, 4.22
2019/06/25 09:12:00, 23.75, 23.65, 23.45, 34.97, 34.65, 0, 0, 4.22
2019/06/25 09:13:00, 23.75, 23.65, 23.46, 34.98, 34.65, 0, 0, 4.22
2019/06/25 09:14:00, 23.75, 23.64, 23.47, 35.01, 34.66, 0, 0, 4.22
2019/06/25 09:15:00, 23.75, 23.65, 23.46, 35.01, 34.65, 0, 0, 4.22
2019/06/25 09:16:00, 23.75, 23.65, 23.47, 35.03, 34.67, 0, 0, 4.22
2019/06/25 09:17:00, 23.75, 23.64, 23.48, 34.95, 34.64, 0, 0, 4.22
2019/06/25 09:18:00, 23.75, 23.65, 23.47, 34.97, 34.63, 0, 0, 4.22
2019/06/25 09:19:00, 23.75, 23.68, 23.46, 34.93, 34.61, 0, 0, 4.22
2019/06/25 09:20:00, 23.75, 23.68, 23.45, 34.92, 34.58, 0, 0, 4.22
2019/06/25 09:21:00, 23.75, 23.67, 23.48, 34.91, 34.59, 0, 0, 4.22
2019/06/25 09:22:00, 23.75, 23.70, 23.50, 34.94, 34.57, 0, 0, 4.22
2019/06/25 09:23:00, 23.75, 23.71, 23.49, 34.89, 34.55, 0, 0, 4.22
2019/06/25 09:24:00, 23.75, 23.70, 23.49, 34.86, 34.55, 0, 0, 4.22
2019/06/25 09:25:00, 23.75, 23.68, 23.50, 34.90, 34.57, 0, 0, 4.22
2019/06/25 09:26:00, 23.75, 23.68, 23.50, 34.81, 34.52, 0, 0, 4.22
2019/06/25 09:27:00, 23.75, 23.70, 23.50, 34.80, 34.48, 0, 0, 4.22
2019/06/25 09:28:00, 23.75, 23.73, 23.48, 34.81, 34.48, 0, 0, 4.22
2019/06/25 09:29:00, 23.75, 23.68, 23.49, 34.78, 34.46, 0, 0, 4.22
2019/06/25 09:30:00, 23.75, 23.70, 23.50, 34.81, 34.45, 0, 0, 4.22
2019/06/25 09:31:00, 23.75, 23.70, 23.51, 34.80, 34.46, 0, 0, 4.22
2019/06/25 09:32:00, 23.75, 23.71, 23.53, 34.73, 34.44, 0, 0, 4.22
2019/06/25 09:33:00, 23.75, 23.71, 23.51, 34.75, 34.40, 0, 0, 4.22
2019/06/25 09:34:00, 23.75, 23.73, 23.54, 34.68, 34.37, 0, 0, 4.22
2019/06/25 09:35:00, 23.75, 23.71, 23.53, 34.63, 34.34, 0, 0, 4.22
2019/06/25 09:36:00, 23.75, 23.74, 23.52, 34.61, 34.32, 0, 0, 4.22
2019/06/25 09:37:00, 23.75, 23.74, 23.53, 34.60, 34.30, 0, 0, 4.22
2019/06/25 09:38:00, 23.75, 23.76, 23.54, 34.62, 34.28, 0, 0, 4.22
2019/06/25 09:39:00, 23.75, 23.74, 23.57, 34.59, 34.30, 0, 0, 4.22
2019/06/25 09:40:00, 23.75, 23.76, 23.58, 34.55, 34.25, 0, 0, 4.22
2019/06/25 09:41:00, 23.75, 23.79, 23.57, 34.56, 34.24, 0, 0, 4.22
2019/06/25 09:42:00, 23.75, 23.77, 23.56, 34.55, 34.22, 0, 0, 4.22
2019/06/25 09:43:00, 23.75, 23.79, 23.56, 34.54, 34.20, 0, 0, 4.22
2019/06/25 09:44:00, 23.75, 23.79, 23.58, 34.54, 34.19, 0, 0, 4.22
2019/06/25 09:45:00, 23.75, 23.81, 23.58, 34.48, 34.19, 0, 0, 4.22
2019/06/25 09:46:00, 23.75, 23.77, 23.60, 34.42, 34.16, 0, 0, 4.22
2019/06/25 09:47:00, 23.75, 23.79, 23.59, 34.42, 34.13, 0, 0, 4.22
2019/06/25 09:48:00, 23.75, 23.77, 23.60, 34.43, 34.13, 0, 0, 4.22
2019/06/25 09:49:00, 23.75, 23.79, 23.60, 34.45, 34.16, 0, 0, 4.22
2019/06/25 09:50:00, 23.75, 23.84, 23.60, 34.46, 34.13, 0, 0, 4.22
2019/06/25 09:51:00, 23.75, 23.83, 23.61, 34.46, 34.13, 0, 0, 4.22
2019/06/25 09:52:00, 23.75, 23.83, 23.61, 34.47, 34.16, 0, 0, 4.22
2019/06/25 09:53:00, 23.75, 23.81, 23.63, 34.45, 34.13, 0, 0, 4.22
2019/06/25 09:54:00, 23.75, 23.83, 23.62, 34.45, 34.16, 0, 0, 4.22
2019/06/25 09:55:00, 23.75, 23.81, 23.63, 34.48, 34.14, 0, 0, 4.22
2019/06/25 09:56:00, 23.75, 23.84, 23.65, 34.46, 34.14, 0, 0, 4.22
2019/06/25 09:57:00, 23.75, 23.83, 23.66, 34.44, 34.13, 0, 0, 4.22
2019/06/25 09:58:00, 23.75, 23.87, 23.64, 34.42, 34.12, 0, 0, 4.22
2019/06/25 09:59:00, 23.75, 23.84, 23.65, 34.42, 34.10, 0, 0, 4.22
2019/06/25 10:00:00, 23.75, 23.85, 23.66, 34.45, 34.13, 0, 0, 4.22
2019/06/25 10:01:00, 23.75, 23.84, 23.65, 34.40, 34.11, 0, 0, 4.22
2019/06/25 10:02:00, 23.75, 23.85, 23.66, 34.40, 34.08, 0, 0, 4.22
2019/06/25 10:03:00, 23.75, 23.87, 23.66, 34.36, 34.04, 0, 0, 4.22
2019/06/25 10:04:00, 24.00, 23.87, 23.65, 34.32, 34.03, 0, 0, 4.22
2019/06/25 10:05:00, 23.75, 23.85, 23.66, 34.32, 34.01, 0, 0, 4.22
2019/06/25 10:06:00, 23.75, 23.87, 23.67, 34.35, 34.00, 0, 0, 4.22
2019/06/25 10:07:00, 24.00, 23.88, 23.68, 34.27, 34.00, 0, 0, 4.22
2019/06/25 10:08:00, 23.75, 23.90, 23.71, 34.34, 33.97, 0, 0, 4.22
2019/06/25 10:09:00, 24.00, 23.90, 23.69, 34.27, 33.97, 0, 0, 4.22
2019/06/25 10:10:00, 24.00, 23.88, 23.72, 34.26, 33.96, 0, 0, 4.22
2019/06/25 10:11:00, 24.00, 23.90, 23.71, 34.31, 33.94, 0, 0, 4.22
2019/06/25 10:12:00, 24.00, 23.90, 23.73, 34.31, 33.95, 0, 0, 4.22
2019/06/25 10:13:00, 24.00, 23.92, 23.73, 34.24, 33.95, 0, 0, 4.22
2019/06/25 10:14:00, 24.00, 23.91, 23.72, 34.26, 33.92, 0, 0, 4.22
2019/06/25 10:15:00, 24.00, 23.91, 23.73, 34.19, 33.91, 0, 0, 4.22
2019/06/25 10:16:00, 24.00, 23.91, 23.74, 34.19, 33.90, 0, 0, 4.22
2019/06/25 10:17:00, 24.00, 23.92, 23.72, 34.22, 33.90, 0, 0, 4.22
2019/06/25 10:18:00, 24.00, 23.92, 23.75, 34.19, 33.87, 0, 0, 4.22
2019/06/25 10:19:00, 24.00, 23.94, 23.74, 34.22, 33.84, 0, 0, 4.22
2019/06/25 10:20:00, 24.00, 23.92, 23.75, 34.19, 33.82, 0, 0, 4.22
2019/06/25 10:21:00, 24.00, 23.92, 23.76, 34.10, 33.80, 0, 0, 4.22
2019/06/25 10:22:00, 24.00, 23.94, 23.75, 34.10, 33.79, 0, 0, 4.22
2019/06/25 10:23:00, 24.00, 23.95, 23.76, 34.08, 33.77, 0, 0, 4.22
2019/06/25 10:24:00, 24.00, 23.94, 23.74, 34.06, 33.74, 0, 0, 4.22
2019/06/25 10:25:00, 24.00, 23.94, 23.75, 33.98, 33.71, 0, 0, 4.22
2019/06/25 10:26:00, 24.00, 23.92, 23.74, 34.03, 33.68, 0, 0, 4.22
2019/06/25 10:27:00, 24.00, 23.95, 23.76, 33.99, 33.68, 0, 0, 4.22
2019/06/25 10:28:00, 24.00, 23.95, 23.75, 33.97, 33.67, 0, 0, 4.22
2019/06/25 10:29:00, 24.00, 23.95, 23.76, 33.98, 33.68, 0, 0, 4.22
2019/06/25 10:30:00, 24.00, 23.94, 23.75, 33.99, 33.68, 0, 0, 4.22
2019/06/25 10:31:00, 24.00, 23.95, 23.76, 33.98, 33.68, 0, 0, 4.22
2019/06/25 10:32:00, 24.00, 23.95, 23.78, 33.99, 33.65, 0, 0, 4.22
2019/06/25 10:33:00, 24.00, 23.97, 23.79, 33.95, 33.62, 0, 0, 4.22
2019/06/25 10:34:00, 24.00, 23.98, 23.79, 33.90, 33.60, 0, 0, 4.22
2019/06/25 10:35:00, 24.00, 23.98, 23.78, 33.90, 33.59, 0, 0, 4.22
2019/06/25 10:36:00, 24.00, 23.98, 23.78, 33.96, 33.60, 0, 0, 4.22
2019/06/25 10:37:00, 24.00, 23.98, 23.80, 33.88, 33.58, 0, 0, 4.22
2019/06/25 10:38:00, 24.00, 23.98, 23.80, 33.83, 33.55, 0, 0, 4.22
2019/06/25 10:39:00, 24.00, 23.98, 23.78, 33.82, 33.52, 0, 0, 4.22
2019/06/25 10:40:00, 24.00, 23.99, 23.80, 33.82, 33.50, 0, 0, 4.22
2019/06/25 10:41:00, 24.00, 23.98, 23.80, 33.86, 33.52, 0, 0, 4.22
2019/06/25 10:42:00, 24.00, 23.99, 23.80, 33.83, 33.50, 0, 0, 4.22
2019/06/25 10:43:00, 24.00, 23.99, 23.81, 33.81, 33.51, 0, 0, 4.22
2019/06/25 10:44:00, 24.00, 23.99, 23.82, 33.83, 33.45, 0, 0, 4.22
2019/06/25 10:45:00, 24.00, 23.99, 23.82, 33.76, 33.43, 0, 0, 4.22
2019/06/25 10:46:00, 24.00, 24.02, 23.81, 33.79, 33.43, 0, 0, 4.22
2019/06/25 10:47:00, 24.00, 24.01, 23.81, 33.73, 33.42, 0, 0, 4.22
2019/06/25 10:48:00, 24.00, 24.01, 23.82, 33.78, 33.43, 0, 0, 4.22
2019/06/25 10:49:00, 24.00, 24.01, 23.83, 33.70, 33.39, 0, 0, 4.22
2019/06/25 10:50:00, 24.00, 24.01, 23.81, 33.72, 33.38, 0, 0, 4.22
2019/06/25 10:51:00, 24.00, 24.01, 23.82, 33.67, 33.36, 0, 0, 4.22
2019/06/25 10:52:00, 24.00, 23.99, 23.81, 33.67, 33.36, 0, 0, 4.22
2019/06/25 10:53:00, 24.00, 24.01, 23.83, 33.71, 33.36, 0, 0, 4.22
2019/06/25 10:54:00, 24.00, 24.01, 23.82, 33.63, 33.32, 0, 0, 4.22
2019/06/25 10:55:00, 24.00, 24.01, 23.83, 33.73, 33.36, 0, 0, 4.22
2019/06/25 10:56:00, 24.00, 24.01, 23.86, 33.71, 33.36, 0, 0, 4.22
2019/06/25 10:57:00, 24.00, 24.01, 23.82, 33.69, 33.36, 0, 0, 4.22
2019/06/25 10:58:00, 24.00, 24.02, 23.86, 33.69, 33.36, 0, 0, 4.22
2019/06/25 10:59:00, 24.00, 24.05, 23.86, 33.62, 33.35, 0, 0, 4.22
2019/06/25 11:00:00, 24.00, 24.02, 23.86, 33.65, 33.34, 0, 0, 4.22
2019/06/25 11:01:00, 24.00, 24.02, 23.84, 33.60, 33.34, 0, 0, 4.22
2019/06/25 11:02:00, 24.00, 24.02, 23.84, 33.62, 33.32, 0, 0, 4.22
2019/06/25 11:03:00, 24.00, 24.04, 23.86, 33.62, 33.33, 0, 0, 4.22
2019/06/25 11:04:00, 24.00, 24.02, 23.84, 33.60, 33.29, 0, 0, 4.22
2019/06/25 11:05:00, 24.00, 24.01, 23.86, 33.57, 33.30, 0, 0, 4.22
2019/06/25 11:06:00, 24.00, 24.02, 23.83, 33.57, 33.27, 0, 0, 4.22
2019/06/25 11:07:00, 24.00, 24.02, 23.83, 33.56, 33.27, 0, 0, 4.22
2019/06/25 11:08:00, 24.00, 24.02, 23.86, 33.53, 33.28, 0, 0, 4.22
2019/06/25 11:09:00, 24.00, 24.02, 23.86, 33.53, 33.26, 0, 0, 4.22
2019/06/25 11:10:00, 24.00, 24.02, 23.86, 33.60, 33.24, 0, 0, 4.22
2019/06/25 11:11:00, 24.00, 24.04, 23.84, 33.50, 33.24, 0, 0, 4.22
2019/06/25 11:12:00, 24.00, 24.05, 23.86, 33.47, 33.19, 0, 0, 4.22
2019/06/25 11:13:00, 24.00, 24.04, 23.86, 33.49, 33.17, 0, 0, 4.22
2019/06/25 11:14:00, 24.00, 24.02, 23.86, 33.50, 33.19, 0, 0, 4.22
2019/06/25 11:15:00, 24.00, 24.04, 23.86, 33.49, 33.19, 0, 0, 4.22
2019/06/25 11:16:00, 24.00, 24.04, 23.86, 33.44, 33.15, 0, 0, 4.22
2019/06/25 11:17:00, 24.00, 24.05, 23.84, 33.41, 33.12, 0, 0, 4.22
2019/06/25 11:18:00, 24.00, 24.04, 23.87, 33.41, 33.10, 0, 0, 4.22
2019/06/25 11:19:00, 24.00, 24.02, 23.87, 33.43, 33.13, 0, 0, 4.22
2019/06/25 11:20:00, 24.00, 24.04, 23.87, 33.45, 33.13, 0, 0, 4.22
2019/06/25 11:21:00, 24.00, 24.07, 23.87, 33.39, 33.10, 0, 0, 4.22
2019/06/25 11:22:00, 24.00, 24.04, 23.86, 33.37, 33.06, 0, 0, 4.22
2019/06/25 11:23:00, 24.00, 24.05, 23.86, 33.40, 33.05, 0, 0, 4.22
2019/06/25 11:24:00, 24.00, 24.07, 23.87, 33.33, 33.07, 0, 0, 4.22
2019/06/25 11:25:00, 24.00, 24.05, 23.87, 33.35, 33.03, 0, 0, 4.22
2019/06/25 11:26:00, 24.00, 24.05, 23.87, 33.34, 33.04, 0, 0, 4.22
2019/06/25 11:27:00, 24.00, 24.07, 23.87, 33.36, 33.03, 0, 0, 4.22
2019/06/25 11:28:00, 24.00, 24.07, 23.87, 33.36, 33.06, 0, 0, 4.22
2019/06/25 11:29:00, 24.00, 24.05, 23.88, 33.36, 33.04, 0, 0, 4.22
2019/06/25 11:30:00, 24.00, 24.07, 23.87, 33.34, 33.02, 0, 0, 4.22
2019/06/25 11:31:00, 24.00, 24.08, 23.88, 33.33, 33.02, 0, 0, 4.22
2019/06/25 11:32:00, 24.00, 24.05, 23.88, 33.33, 33.03, 0, 0, 4.22
2019/06/25 11:33:00, 24.00, 24.05, 23.89, 33.28, 33.01, 0, 0, 4.22
2019/06/25 11:34:00, 24.00, 24.07, 23.87, 33.28, 33.02, 0, 0, 4.22
2019/06/25 11:35:00, 24.00, 24.07, 23.88, 33.39, 33.04, 0, 0, 4.22
2019/06/25 11:36:00, 24.00, 24.04, 23.88, 33.33, 33.02, 0, 0, 4.22
2019/06/25 11:37:00, 24.00, 24.07, 23.89, 33.30, 33.04, 0, 0, 4.22
2019/06/25 11:38:00, 24.00, 24.07, 23.88, 33.33, 33.02, 0, 0, 4.22
2019/06/25 11:39:00, 24.00, 24.07, 23.88, 33.36, 33.02, 0, 0, 4.22
2019/06/25 11:40:00, 24.00, 24.07, 23.88, 33.34, 33.03, 0, 0, 4.22
2019/06/25 11:41:00, 24.00, 24.08, 23.86, 33.33, 33.02, 0, 0, 4.22
2019/06/25 11:42:00, 24.00, 24.07, 23.89, 33.31, 33.03, 0, 0, 4.22
2019/06/25 11:43:00, 24.00, 24.08, 23.89, 33.36, 33.04, 0, 0, 4.22
2019/06/25 11:44:00, 24.00, 24.07, 23.88, 33.34, 33.05, 0, 0, 4.22
2019/06/25 11:45:00, 24.00, 24.05, 23.87, 33.38, 33.06, 0, 0, 4.22
2019/06/25 11:46:00, 24.00, 24.08, 23.90, 33.40, 33.06, 0, 0, 4.22
2019/06/25 11:47:00, 24.00, 24.04, 23.88, 33.37, 33.06, 0, 0, 4.22
2019/06/25 11:48:00, 24.00, 24.05, 23.89, 33.37, 33.03, 0, 0, 4.22
2019/06/25 11:49:00, 24.00, 24.08, 23.89, 33.37, 33.05, 0, 0, 4.22
2019/06/25 11:50:00, 24.00, 24.08, 23.88, 33.41, 33.06, 0, 0, 4.22
2019/06/25 11:51:00, 24.00, 24.08, 23.88, 33.40, 33.07, 0, 0, 4.22
2019/06/25 11:52:00, 24.00, 24.08, 23.87, 33.41, 33.06, 0, 0, 4.22
2019/06/25 11:53:00, 24.00, 24.07, 23.89, 33.39, 33.07, 0, 0, 4.22
2019/06/25 11:54:00, 24.00, 24.08, 23.88, 33.37, 33.07, 0, 0, 4.22
2019/06/25 11:55:00, 24.00, 24.07, 23.89, 33.38, 33.08, 0, 0, 4.22
2019/06/25 11:56:00, 24.00, 24.05, 23.88, 33.41, 33.10, 0, 0, 4.22
2019/06/25 11:57:00, 24.00, 24.08, 23.90, 33.37, 33.06, 0, 0, 4.22
2019/06/25 11:58:00, 24.00, 24.04, 23.90, 33.41, 33.07, 0, 0, 4.22
2019/06/25 11:59:00, 24.00, 24.08, 23.87, 33.43, 33.10, 0, 0, 4.22
2019/06/25 12:00:00, 24.00, 24.08, 23.88, 33.44, 33.10, 0, 0, 4.22
2019/06/25 12:01:00, 24.00, 24.07, 23.88, 33.41, 33.08, 0, 0, 4.22
2019/06/25 12:02:00, 24.00, 24.08, 23.88, 33.36, 33.03, 0, 0, 4.22
2019/06/25 12:03:00, 24.00, 24.08, 23.88, 33.24, 33.01, 0, 0, 4.22
2019/06/25 12:04:00, 24.00, 24.05, 23.88, 33.27, 33.00, 0, 0, 4.22
2019/06/25 12:05:00, 24.00, 24.07, 23.88, 33.27, 32.96, 0, 0, 4.22
2019/06/25 12:06:00, 24.00, 24.08, 23.87, 33.19, 32.94, 0, 0, 4.22
2019/06/25 12:07:00, 24.00, 24.07, 23.87, 33.21, 32.93, 0, 0, 4.22
2019/06/25 12:08:00, 24.25, 24.09, 23.86, 33.21, 32.92, 0, 0, 4.22
2019/06/25 12:09:00, 24.25, 24.05, 23.88, 33.22, 32.94, 0, 0, 4.22
2019/06/25 12:10:00, 24.25, 24.08, 23.89, 33.21, 32.90, 0, 0, 4.22
2019/06/25 12:11:00, 24.00, 24.07, 23.86, 33.17, 32.90, 0, 0, 4.22
2019/06/25 12:12:00, 24.25, 24.05, 23.88, 33.18, 32.91, 0, 0, 4.22
2019/06/25 12:13:00, 24.25, 24.05, 23.86, 33.18, 32.91, 0, 0, 4.22
2019/06/25 12:14:00, 24.25, 24.08, 23.88, 33.22, 32.94, 0, 0, 4.22
2019/06/25 12:15:00, 24.25, 24.08, 23.86, 33.21, 32.92, 0, 0, 4.22
2019/06/25 12:16:00, 24.25, 24.09, 23.87, 33.18, 32.90, 0, 0, 4.22
2019/06/25 12:17:00, 24.25, 24.07, 23.88, 33.24, 32.90, 0, 0, 4.22
2019/06/25 12:18:00, 24.25, 24.05, 23.88, 33.31, 32.95, 0, 0, 4.22
2019/06/25 12:19:00, 24.25, 24.05, 23.87, 33.27, 32.95, 0, 0, 4.22
2019/06/25 12:20:00, 24.25, 24.07, 23.87, 33.24, 32.99, 0, 0, 4.22
2019/06/25 12:21:00, 24.25, 24.08, 23.86, 33.28, 32.98, 0, 0, 4.22
2019/06/25 12:22:00, 24.25, 24.08, 23.87, 33.31, 32.99, 0, 0, 4.22
2019/06/25 12:23:00, 24.25, 24.08, 23.89, 33.31, 33.02, 0, 0, 4.22
2019/06/25 12:24:00, 24.25, 24.07, 23.86, 33.28, 33.01, 0, 0, 4.22
2019/06/25 12:25:00, 24.25, 24.05, 23.87, 33.34, 33.04, 0, 0, 4.22
2019/06/25 12:26:00, 24.25, 24.05, 23.87, 33.33, 33.05, 0, 0, 4.22
2019/06/25 12:27:00, 24.25, 24.05, 23.88, 33.30, 33.04, 0, 0, 4.22
2019/06/25 12:28:00, 24.25, 24.07, 23.87, 33.37, 33.07, 0, 0, 4.22
2019/06/25 12:29:00, 24.25, 24.08, 23.86, 33.40, 33.08, 0, 0, 4.22
2019/06/25 12:30:00, 24.25, 24.05, 23.86, 33.43, 33.12, 0, 0, 4.22
2019/06/25 12:31:00, 24.25, 24.04, 23.86, 33.46, 33.13, 0, 0, 4.22
2019/06/25 12:32:00, 24.25, 24.05, 23.84, 33.46, 33.13, 0, 0, 4.22
2019/06/25 12:33:00, 24.25, 24.05, 23.84, 33.50, 33.20, 0, 0, 4.22
2019/06/25 12:34:00, 24.25, 24.04, 23.86, 33.52, 33.23, 0, 0, 4.22
2019/06/25 12:35:00, 24.25, 24.07, 23.84, 33.52, 33.26, 0, 0, 4.22
2019/06/25 12:36:00, 24.25, 24.04, 23.83, 33.55, 33.28, 0, 0, 4.22
2019/06/25 12:37:00, 24.25, 24.04, 23.84, 33.63, 33.30, 0, 0, 4.22
2019/06/25 12:38:00, 24.25, 24.05, 23.86, 33.57, 33.29, 0, 0, 4.22
2019/06/25 12:39:00, 24.25, 24.04, 23.87, 33.63, 33.29, 0, 0, 4.22
2019/06/25 12:40:00, 24.25, 24.04, 23.84, 33.63, 33.29, 0, 0, 4.22
2019/06/25 12:41:00, 24.25, 24.02, 23.82, 33.60, 33.32, 0, 0, 4.22
2019/06/25 12:42:00, 24.25, 24.02, 23.86, 33.63, 33.34, 0, 0, 4.22
2019/06/25 12:43:00, 24.25, 24.05, 23.84, 33.67, 33.33, 0, 0, 4.22
2019/06/25 12:44:00, 24.25, 24.04, 23.86, 33.69, 33.33, 0, 0, 4.22
2019/06/25 12:45:00, 24.25, 24.04, 23.87, 33.62, 33.34, 0, 0, 4.22
2019/06/25 12:46:00, 24.25, 24.05, 23.84, 33.71, 33.36, 0, 0, 4.22
2019/06/25 12:47:00, 24.25, 24.02, 23.86, 33.68, 33.36, 0, 0, 4.22
2019/06/25 12:48:00, 24.25, 24.04, 23.86, 33.75, 33.36, 0, 0, 4.22
2019/06/25 12:49:00, 24.25, 24.07, 23.86, 33.72, 33.37, 0, 0, 4.22
2019/06/25 12:50:00, 24.25, 24.04, 23.84, 33.72, 33.37, 0, 0, 4.22
2019/06/25 12:51:00, 24.25, 24.04, 23.86, 33.73, 33.39, 0, 0, 4.22
2019/06/25 12:52:00, 24.25, 24.05, 23.86, 33.72, 33.41, 0, 0, 4.22
2019/06/25 12:53:00, 24.25, 24.07, 23.88, 33.71, 33.39, 0, 0, 4.22
2019/06/25 12:54:00, 24.25, 24.04, 23.87, 33.71, 33.39, 0, 0, 4.22
2019/06/25 12:55:00, 24.25, 24.07, 23.86, 33.75, 33.39, 0, 0, 4.22
2019/06/25 12:56:00, 24.25, 24.05, 23.86, 33.75, 33.38, 0, 0, 4.22
2019/06/25 12:57:00, 24.25, 24.08, 23.86, 33.77, 33.40, 0, 0, 4.22
2019/06/25 12:58:00, 24.25, 24.07, 23.88, 33.75, 33.41, 0, 0, 4.22
2019/06/25 12:59:00, 24.25, 24.08, 23.86, 33.75, 33.41, 0, 0, 4.22
2019/06/25 13:00:00, 24.25, 24.08, 23.88, 33.71, 33.39, 0, 0, 4.22
2019/06/25 13:01:00, 24.25, 24.08, 23.90, 33.75, 33.38, 0, 0, 4.22
2019/06/25 13:02:00, 24.25, 24.11, 23.90, 33.69, 33.38, 0, 0, 4.22
2019/06/25 13:03:00, 24.25, 24.08, 23.87, 33.67, 33.36, 0, 0, 4.22
2019/06/25 13:04:00, 24.25, 24.09, 23.90, 33.69, 33.35, 0, 0, 4.22
2019/06/25 13:05:00, 24.25, 24.11, 23.90, 33.74, 33.36, 0, 0, 4.22
2019/06/25 13:06:00, 24.25, 24.11, 23.91, 33.68, 33.36, 0, 0, 4.22
2019/06/25 13:07:00, 24.25, 24.08, 23.92, 33.67, 33.36, 0, 0, 4.22
2019/06/25 13:08:00, 24.25, 24.09, 23.92, 33.71, 33.36, 0, 0, 4.22
2019/06/25 13:09:00, 24.25, 24.09, 23.90, 33.68, 33.36, 0, 0, 4.22
2019/06/25 13:10:00, 24.25, 24.12, 23.92, 33.67, 33.36, 0, 0, 4.22
2019/06/25 13:11:00, 24.25, 24.11, 23.92, 33.67, 33.35, 0, 0, 4.22
2019/06/25 13:12:00, 24.25, 24.12, 23.92, 33.67, 33.36, 0, 0, 4.22
2019/06/25 13:13:00, 24.25, 24.12, 23.93, 33.65, 33.36, 0, 0, 4.22
2019/06/25 13:14:00, 24.25, 24.11, 23.92, 33.70, 33.36, 0, 0, 4.22
2019/06/25 13:15:00, 24.25, 24.12, 23.93, 33.68, 33.36, 0, 0, 4.22
2019/06/25 13:16:00, 24.25, 24.12, 23.93, 33.70, 33.36, 0, 0, 4.22
2019/06/25 13:17:00, 24.25, 24.14, 23.92, 33.70, 33.36, 0, 0, 4.22
2019/06/25 13:18:00, 24.25, 24.11, 23.95, 33.71, 33.37, 0, 0, 4.22
2019/06/25 13:19:00, 24.25, 24.12, 23.95, 33.70, 33.36, 0, 0, 4.22
2019/06/25 13:20:00, 24.25, 24.14, 23.97, 33.68, 33.36, 0, 0, 4.22
2019/06/25 13:21:00, 24.25, 24.14, 23.95, 33.67, 33.36, 0, 0, 4.22
2019/06/25 13:22:00, 24.25, 24.14, 23.94, 33.64, 33.36, 0, 0, 4.22
2019/06/25 13:23:00, 24.25, 24.14, 23.94, 33.73, 33.36, 0, 0, 4.22
2019/06/25 13:24:00, 24.25, 24.15, 23.94, 33.67, 33.36, 0, 0, 4.22
2019/06/25 13:25:00, 24.25, 24.14, 23.95, 33.66, 33.36, 0, 0, 4.22
2019/06/25 13:26:00, 24.25, 24.14, 23.98, 33.74, 33.39, 0, 0, 4.22
2019/06/25 13:27:00, 24.25, 24.15, 23.96, 33.72, 33.37, 0, 0, 4.22
2019/06/25 13:28:00, 24.25, 24.15, 23.94, 33.72, 33.37, 0, 0, 4.22
2019/06/25 13:29:00, 24.25, 24.16, 23.95, 33.73, 33.42, 0, 0, 4.22
2019/06/25 13:30:00, 24.25, 24.15, 23.97, 33.74, 33.40, 0, 0, 4.22
2019/06/25 13:31:00, 24.25, 24.16, 23.98, 33.79, 33.41, 0, 0, 4.22
2019/06/25 13:32:00, 24.25, 24.18, 23.97, 33.72, 33.42, 0, 0, 4.22
2019/06/25 13:33:00, 24.25, 24.16, 23.95, 33.81, 33.43, 0, 0, 4.22
2019/06/25 13:34:00, 24.25, 24.18, 24.00, 33.76, 33.45, 0, 0, 4.22
2019/06/25 13:35:00, 24.25, 24.19, 23.97, 33.78, 33.43, 0, 0, 4.22
2019/06/25 13:36:00, 24.25, 24.16, 23.98, 33.87, 33.49, 0, 0, 4.22
2019/06/25 13:37:00, 24.25, 24.19, 24.00, 33.81, 33.50, 0, 0, 4.22
2019/06/25 13:38:00, 24.25, 24.19, 24.01, 33.83, 33.52, 0, 0, 4.22
2019/06/25 13:39:00, 24.25, 24.19, 24.00, 33.90, 33.55, 0, 0, 4.22
2019/06/25 13:40:00, 24.25, 24.20, 24.00, 33.92, 33.55, 0, 0, 4.22
2019/06/25 13:41:00, 24.25, 24.20, 24.03, 33.91, 33.57, 0, 0, 4.22
2019/06/25 13:42:00, 24.25, 24.20, 24.00, 33.91, 33.58, 0, 0, 4.22
2019/06/25 13:43:00, 24.25, 24.20, 24.01, 33.95, 33.60, 0, 0, 4.22
2019/06/25 13:44:00, 24.25, 24.20, 24.03, 33.96, 33.61, 0, 0, 4.22
2019/06/25 13:45:00, 24.25, 24.20, 24.01, 33.98, 33.62, 0, 0, 4.22
2019/06/25 13:46:00, 24.25, 24.20, 24.03, 33.99, 33.64, 0, 0, 4.22
2019/06/25 13:47:00, 24.25, 24.22, 24.02, 34.02, 33.68, 0, 0, 4.22
2019/06/25 13:48:00, 24.25, 24.20, 24.02, 34.07, 33.68, 0, 0, 4.22
2019/06/25 13:49:00, 24.25, 24.20, 24.02, 34.03, 33.71, 0, 0, 4.22
2019/06/25 13:50:00, 24.25, 24.22, 24.02, 34.07, 33.71, 0, 0, 4.22
2019/06/25 13:51:00, 24.25, 24.22, 24.03, 34.06, 33.73, 0, 0, 4.22
2019/06/25 13:52:00, 24.25, 24.22, 24.05, 34.07, 33.73, 0, 0, 4.22
2019/06/25 13:53:00, 24.25, 24.20, 24.04, 34.05, 33.72, 0, 0, 4.22
2019/06/25 13:54:00, 24.25, 24.22, 24.03, 34.11, 33.77, 0, 0, 4.22
2019/06/25 13:55:00, 24.25, 24.23, 24.04, 34.11, 33.76, 0, 0, 4.22
2019/06/25 13:56:00, 24.25, 24.25, 24.06, 34.14, 33.77, 0, 0, 4.22
2019/06/25 13:57:00, 24.25, 24.23, 24.03, 34.10, 33.75, 0, 0, 4.22
2019/06/25 13:58:00, 24.25, 24.25, 24.03, 34.13, 33.77, 0, 0, 4.22
2019/06/25 13:59:00, 24.25, 24.25, 24.04, 34.13, 33.80, 0, 0, 4.22
2019/06/25 14:00:00, 24.25, 24.22, 24.04, 34.20, 33.81, 0, 0, 4.22
2019/06/25 14:01:00, 24.25, 24.25, 24.04, 34.17, 33.81, 0, 0, 4.22
2019/06/25 14:02:00, 24.25, 24.22, 24.06, 34.14, 33.84, 0, 0, 4.22
2019/06/25 14:03:00, 24.25, 24.22, 24.05, 34.15, 33.84, 0, 0, 4.22
2019/06/25 14:04:00, 24.25, 24.25, 24.03, 34.18, 33.85, 0, 0, 4.22
2019/06/25 14:05:00, 24.25, 24.22, 24.04, 34.21, 33.86, 0, 0, 4.22
2019/06/25 14:06:00, 24.25, 24.23, 24.05, 34.20, 33.88, 0, 0, 4.22
2019/06/25 14:07:00, 24.25, 24.23, 24.05, 34.25, 33.89, 0, 0, 4.22
2019/06/25 14:08:00, 24.25, 24.23, 24.04, 34.24, 33.88, 0, 0, 4.22
2019/06/25 14:09:00, 24.25, 24.23, 24.06, 34.28, 33.87, 0, 0, 4.22
2019/06/25 14:10:00, 24.25, 24.26, 24.06, 34.21, 33.87, 0, 0, 4.22
2019/06/25 14:11:00, 24.25, 24.25, 24.06, 34.26, 33.88, 0, 0, 4.22
2019/06/25 14:12:00, 24.25, 24.26, 24.05, 34.25, 33.90, 0, 0, 4.22
2019/06/25 14:13:00, 24.25, 24.23, 24.06, 34.21, 33.90, 0, 0, 4.22
2019/06/25 14:14:00, 24.25, 24.25, 24.07, 34.25, 33.93, 0, 0, 4.22
2019/06/25 14:15:00, 24.25, 24.25, 24.07, 34.28, 33.93, 0, 0, 4.22
2019/06/25 14:16:00, 24.25, 24.27, 24.06, 34.27, 33.93, 0, 0, 4.22
2019/06/25 14:17:00, 24.25, 24.27, 24.09, 34.29, 33.93, 0, 0, 4.22
2019/06/25 14:18:00, 24.25, 24.26, 24.08, 34.25, 33.93, 0, 0, 4.22
2019/06/25 14:19:00, 24.25, 24.26, 24.06, 34.29, 33.94, 0, 0, 4.22
2019/06/25 14:20:00, 24.25, 24.27, 24.08, 34.29, 33.95, 0, 0, 4.22
2019/06/25 14:21:00, 24.25, 24.26, 24.07, 34.22, 33.93, 0, 0, 4.22
2019/06/25 14:22:00, 24.25, 24.27, 24.06, 34.24, 33.93, 0, 0, 4.22
2019/06/25 14:23:00, 24.25, 24.26, 24.09, 34.25, 33.93, 0, 0, 4.22
2019/06/25 14:24:00, 24.25, 24.27, 24.06, 34.21, 33.92, 0, 0, 4.22
2019/06/25 14:25:00, 24.25, 24.27, 24.06, 34.24, 33.90, 0, 0, 4.22
2019/06/25 14:26:00, 24.25, 24.25, 24.10, 34.23, 33.90, 0, 0, 4.22
2019/06/25 14:27:00, 24.25, 24.26, 24.07, 34.21, 33.90, 0, 0, 4.22
2019/06/25 14:28:00, 24.25, 24.26, 24.08, 34.20, 33.90, 0, 0, 4.22
2019/06/25 14:29:00, 24.25, 24.26, 24.10, 34.21, 33.88, 0, 0, 4.22
2019/06/25 14:30:00, 24.25, 24.29, 24.07, 34.19, 33.90, 0, 0, 4.22
2019/06/25 14:31:00, 24.50, 24.27, 24.09, 34.21, 33.89, 0, 0, 4.22
2019/06/25 14:32:00, 24.50, 24.27, 24.08, 34.19, 33.87, 0, 0, 4.22
2019/06/25 14:33:00, 24.50, 24.27, 24.06, 34.16, 33.86, 0, 0, 4.22
2019/06/25 14:34:00, 24.50, 24.29, 24.09, 34.17, 33.85, 0, 0, 4.22
2019/06/25 14:35:00, 24.50, 24.27, 24.08, 34.17, 33.87, 0, 0, 4.22
2019/06/25 14:36:00, 24.50, 24.29, 24.10, 34.09, 33.81, 0, 0, 4.22
2019/06/25 14:37:00, 24.50, 24.25, 24.08, 34.09, 33.79, 0, 0, 4.22
2019/06/25 14:38:00, 24.50, 24.27, 24.07, 34.09, 33.78, 0, 0, 4.22
2019/06/25 14:39:00, 24.50, 24.26, 24.09, 34.04, 33.74, 0, 0, 4.22
2019/06/25 14:40:00, 24.50, 24.27, 24.06, 34.06, 33.72, 0, 0, 4.22
2019/06/25 14:41:00, 24.50, 24.26, 24.06, 34.06, 33.70, 0, 0, 4.22
2019/06/25 14:42:00, 24.50, 24.26, 24.07, 34.02, 33.68, 0, 0, 4.22
2019/06/25 14:43:00, 24.50, 24.23, 24.06, 33.93, 33.66, 0, 0, 4.22
2019/06/25 14:44:00, 24.50, 24.26, 24.07, 33.97, 33.64, 0, 0, 4.22
2019/06/25 14:45:00, 24.50, 24.29, 24.10, 34.00, 33.68, 0, 0, 4.22
2019/06/25 14:46:00, 24.50, 24.29, 24.12, 34.00, 33.68, 0, 0, 4.22
2019/06/25 14:47:00, 24.50, 24.29, 24.12, 33.92, 33.62, 0, 0, 4.22
2019/06/25 14:48:00, 24.50, 24.35, 24.11, 33.92, 33.63, 0, 0, 4.22
2019/06/25 14:49:00, 24.50, 24.33, 24.13, 33.91, 33.56, 0, 0, 4.22
2019/06/25 14:50:00, 24.50, 24.32, 24.13, 33.79, 33.49, 0, 0, 4.22
2019/06/25 14:51:00, 24.50, 24.32, 24.16, 33.81, 33.46, 0, 0, 4.22
2019/06/25 14:52:00, 24.50, 24.36, 24.18, 33.81, 33.45, 0, 0, 4.22
2019/06/25 14:53:00, 24.50, 24.36, 24.18, 33.71, 33.42, 0, 0, 4.22
2019/06/25 14:54:00, 24.50, 24.36, 24.19, 33.72, 33.42, 0, 0, 4.22
2019/06/25 14:55:00, 24.50, 24.40, 24.20, 33.62, 33.35, 0, 0, 4.22
2019/06/25 14:56:00, 24.50, 24.42, 24.21, 33.59, 33.32, 0, 0, 4.22
2019/06/25 14:57:00, 24.50, 24.42, 24.24, 33.56, 33.31, 0, 0, 4.22
2019/06/25 14:58:00, 24.50, 24.43, 24.23, 33.56, 33.29, 0, 0, 4.22
2019/06/25 14:59:00, 24.50, 24.44, 24.23, 33.56, 33.30, 0, 0, 4.22
2019/06/25 15:00:00, 24.50, 24.44, 24.25, 33.55, 33.26, 0, 0, 4.22
2019/06/25 15:01:00, 24.50, 24.44, 24.27, 33.46, 33.16, 0, 0, 4.22
2019/06/25 15:02:00, 24.50, 24.44, 24.24, 33.42, 33.16, 0, 0, 4.22
2019/06/25 15:03:00, 24.50, 24.44, 24.26, 33.44, 33.16, 0, 0, 4.22
2019/06/25 15:04:00, 24.50, 24.47, 24.28, 33.47, 33.15, 0, 0, 4.22
2019/06/25 15:05:00, 24.50, 24.49, 24.27, 33.41, 33.12, 0, 0, 4.22
2019/06/25 15:06:00, 24.50, 24.46, 24.31, 33.37, 33.10, 0, 0, 4.22
2019/06/25 15:07:00, 24.50, 24.49, 24.30, 33.40, 33.06, 0, 0, 4.22
2019/06/25 15:08:00, 24.50, 24.49, 24.30, 33.39, 33.07, 0, 0, 4.22
2019/06/25 15:09:00, 24.50, 24.49, 24.30, 33.34, 33.04, 0, 0, 4.22
2019/06/25 15:10:00, 24.50, 24.50, 24.32, 33.35, 33.07, 0, 0, 4.22
2019/06/25 15:11:00, 24.50, 24.52, 24.33, 33.32, 33.05, 0, 0, 4.22
2019/06/25 15:12:00, 24.50, 24.52, 24.34, 33.28, 33.03, 0, 0, 4.22
2019/06/25 15:13:00, 24.50, 24.53, 24.32, 33.29, 32.99, 0, 0, 4.22
2019/06/25 15:14:00, 24.50, 24.52, 24.33, 33.29, 32.99, 0, 0, 4.22
2019/06/25 15:15:00, 24.50, 24.50, 24.34, 33.28, 33.00, 0, 0, 4.22
2019/06/25 15:16:00, 24.50, 24.52, 24.34, 33.27, 32.98, 0, 0, 4.22
2019/06/25 15:17:00, 24.50, 24.50, 24.36, 33.29, 32.99, 0, 0, 4.22
2019/06/25 15:18:00, 24.50, 24.52, 24.35, 33.28, 33.00, 0, 0, 4.22
2019/06/25 15:19:00, 24.50, 24.52, 24.36, 33.22, 32.97, 0, 0, 4.22
2019/06/25 15:20:00, 24.50, 24.52, 24.33, 33.28, 32.97, 0, 0, 4.22
2019/06/25 15:21:00, 24.50, 24.52, 24.36, 33.25, 32.97, 0, 0, 4.22
2019/06/25 15:22:00, 24.50, 24.56, 24.37, 33.24, 32.97, 0, 0, 4.22
2019/06/25 15:23:00, 24.50, 24.59, 24.37, 33.25, 32.94, 0, 0, 4.22
2019/06/25 15:24:00, 24.50, 24.57, 24.37, 33.21, 32.92, 0, 0, 4.22
2019/06/25 15:25:00, 24.50, 24.56, 24.37, 33.19, 32.93, 0, 0, 4.22
2019/06/25 15:26:00, 24.50, 24.56, 24.35, 33.23, 32.92, 0, 0, 4.22
2019/06/25 15:27:00, 24.50, 24.56, 24.38, 33.24, 32.97, 0, 0, 4.22
2019/06/25 15:28:00, 24.50, 24.57, 24.37, 33.22, 32.95, 0, 0, 4.22
2019/06/25 15:29:00, 24.50, 24.54, 24.37, 33.24, 32.95, 0, 0, 4.22
2019/06/25 15:30:00, 24.50, 24.53, 24.37, 33.18, 32.93, 0, 0, 4.22
2019/06/25 15:31:00, 24.50, 24.54, 24.38, 33.21, 32.94, 0, 0, 4.22
2019/06/25 15:32:00, 24.50, 24.56, 24.37, 33.22, 32.93, 0, 0, 4.22
2019/06/25 15:33:00, 24.50, 24.53, 24.36, 33.24, 32.94, 0, 0, 4.22
2019/06/25 15:34:00, 24.50, 24.54, 24.38, 33.24, 32.93, 0, 0, 4.22
2019/06/25 15:35:00, 24.75, 24.56, 24.37, 33.19, 32.91, 0, 0, 4.22
2019/06/25 15:36:00, 24.50, 24.56, 24.39, 33.24, 32.94, 0, 0, 4.22
2019/06/25 15:37:00, 24.50, 24.54, 24.36, 33.19, 32.90, 0, 0, 4.22
2019/06/25 15:38:00, 24.50, 24.56, 24.39, 33.17, 32.91, 0, 0, 4.22
2019/06/25 15:39:00, 24.50, 24.57, 24.37, 33.17, 32.90, 0, 0, 4.22
2019/06/25 15:40:00, 24.50, 24.56, 24.37, 33.19, 32.89, 0, 0, 4.22
2019/06/25 15:41:00, 24.50, 24.56, 24.36, 33.14, 32.88, 0, 0, 4.22
2019/06/25 15:42:00, 24.75, 24.54, 24.35, 33.17, 32.88, 0, 0, 4.22
2019/06/25 15:43:00, 24.75, 24.56, 24.37, 33.14, 32.86, 0, 0, 4.22
2019/06/25 15:44:00, 24.75, 24.54, 24.37, 33.22, 32.87, 0, 0, 4.22
2019/06/25 15:45:00, 24.75, 24.56, 24.38, 33.14, 32.87, 0, 0, 4.22
2019/06/25 15:46:00, 24.75, 24.56, 24.39, 33.24, 32.88, 0, 0, 4.22
2019/06/25 15:47:00, 24.50, 24.57, 24.38, 33.21, 32.90, 0, 0, 4.22
2019/06/25 15:48:00, 24.75, 24.57, 24.37, 33.19, 32.88, 0, 0, 4.22
2019/06/25 15:49:00, 24.75, 24.59, 24.39, 33.12, 32.87, 0, 0, 4.22
2019/06/25 15:50:00, 24.75, 24.57, 24.39, 33.15, 32.88, 0, 0, 4.22
2019/06/25 15:51:00, 24.75, 24.57, 24.38, 33.24, 32.90, 0, 0, 4.22
2019/06/25 15:52:00, 24.75, 24.57, 24.39, 33.17, 32.90, 0, 0, 4.22
2019/06/25 15:53:00, 24.75, 24.56, 24.40, 33.17, 32.89, 0, 0, 4.22
2019/06/25 15:54:00, 24.75, 24.57, 24.40, 33.24, 32.90, 0, 0, 4.22
2019/06/25 15:55:00, 24.75, 24.59, 24.41, 33.21, 32.90, 0, 0, 4.22
2019/06/25 15:56:00, 24.75, 24.60, 24.43, 33.21, 32.89, 0, 0, 4.22
2019/06/25 15:57:00, 24.75, 24.57, 24.42, 33.22, 32.90, 0, 0, 4.22
2019/06/25 15:58:00, 24.75, 24.60, 24.41, 33.17, 32.89, 0, 0, 4.22
2019/06/25 15:59:00, 24.75, 24.61, 24.43, 33.17, 32.90, 0, 0, 4.22
2019/06/25 16:00:00, 24.75, 24.61, 24.41, 33.17, 32.89, 0, 0, 4.22
2019/06/25 16:01:00, 24.75, 24.60, 24.41, 33.19, 32.92, 0, 0, 4.22
2019/06/25 16:02:00, 24.75, 24.63, 24.41, 33.23, 32.94, 0, 0, 4.22
2019/06/25 16:03:00, 24.75, 24.60, 24.43, 33.22, 32.93, 0, 0, 4.22
2019/06/25 16:04:00, 24.75, 24.63, 24.45, 33.23, 32.97, 0, 0, 4.22
2019/06/25 16:05:00, 24.75, 24.61, 24.43, 33.29, 32.97, 0, 0, 4.22
2019/06/25 16:06:00, 24.75, 24.63, 24.43, 33.26, 32.97, 0, 0, 4.22
2019/06/25 16:07:00, 24.75, 24.64, 24.45, 33.29, 32.97, 0, 0, 4.22
2019/06/25 16:08:00, 24.75, 24.63, 24.46, 33.26, 32.97, 0, 0, 4.22
2019/06/25 16:09:00, 24.75, 24.61, 24.43, 33.23, 32.97, 0, 0, 4.22
2019/06/25 16:10:00, 24.75, 24.64, 24.46, 33.29, 33.00, 0, 0, 4.22
2019/06/25 16:11:00, 24.75, 24.64, 24.46, 33.29, 33.00, 0, 0, 4.22
2019/06/25 16:12:00, 24.75, 24.64, 24.47, 33.33, 33.00, 0, 0, 4.22
2019/06/25 16:13:00, 24.75, 24.66, 24.47, 33.27, 33.00, 0, 0, 4.22
2019/06/25 16:14:00, 24.75, 24.66, 24.47, 33.28, 33.00, 0, 0, 4.22
2019/06/25 16:15:00, 24.75, 24.69, 24.48, 33.28, 32.99, 0, 0, 4.22
2019/06/25 16:16:00, 24.75, 24.64, 24.47, 33.31, 33.00, 0, 0, 4.22
2019/06/25 16:17:00, 24.75, 24.66, 24.48, 33.39, 33.06, 0, 0, 4.22
2019/06/25 16:18:00, 24.75, 24.67, 24.47, 33.32, 33.09, 0, 0, 4.22
2019/06/25 16:19:00, 24.75, 24.66, 24.47, 33.35, 33.05, 0, 0, 4.22
2019/06/25 16:20:00, 24.75, 24.66, 24.47, 33.37, 33.03, 0, 0, 4.22
2019/06/25 16:21:00, 24.75, 24.66, 24.48, 33.34, 33.05, 0, 0, 4.22
2019/06/25 16:22:00, 24.75, 24.66, 24.48, 33.43, 33.08, 0, 0, 4.22
2019/06/25 16:23:00, 24.75, 24.67, 24.49, 33.44, 33.10, 0, 0, 4.22
2019/06/25 16:24:00, 24.75, 24.64, 24.48, 33.44, 33.13, 0, 0, 4.22
2019/06/25 16:25:00, 24.75, 24.67, 24.50, 33.45, 33.15, 0, 0, 4.22
2019/06/25 16:26:00, 24.75, 24.66, 24.46, 33.56, 33.18, 0, 0, 4.22
2019/06/25 16:27:00, 24.75, 24.66, 24.49, 33.51, 33.19, 0, 0, 4.22
2019/06/25 16:28:00, 24.75, 24.64, 24.50, 33.55, 33.23, 0, 0, 4.22
2019/06/25 16:29:00, 24.75, 24.66, 24.50, 33.56, 33.26, 0, 0, 4.22
2019/06/25 16:30:00, 24.75, 24.64, 24.49, 33.62, 33.26, 0, 0, 4.22
2019/06/25 16:31:00, 24.75, 24.67, 24.50, 33.56, 33.26, 0, 0, 4.22
2019/06/25 16:32:00, 24.75, 24.69, 24.49, 33.56, 33.26, 0, 0, 4.22
2019/06/25 16:33:00, 24.75, 24.67, 24.49, 33.59, 33.32, 0, 0, 4.22
2019/06/25 16:34:00, 24.75, 24.66, 24.48, 33.69, 33.33, 0, 0, 4.22
2019/06/25 16:35:00, 24.75, 24.64, 24.47, 33.76, 33.39, 0, 0, 4.22
2019/06/25 16:36:00, 24.75, 24.66, 24.50, 33.73, 33.42, 0, 0, 4.22
2019/06/25 16:37:00, 24.75, 24.67, 24.47, 33.82, 33.45, 0, 0, 4.22
2019/06/25 16:38:00, 24.75, 24.67, 24.49, 33.82, 33.47, 0, 0, 4.22
2019/06/25 16:39:00, 24.75, 24.64, 24.49, 33.81, 33.46, 0, 0, 4.22
2019/06/25 16:40:00, 24.75, 24.66, 24.47, 33.85, 33.46, 0, 0, 4.22
2019/06/25 16:41:00, 24.75, 24.64, 24.47, 33.81, 33.45, 0, 0, 4.22
2019/06/25 16:42:00, 24.75, 24.64, 24.46, 33.79, 33.43, 0, 0, 4.22
2019/06/25 16:43:00, 24.75, 24.67, 24.46, 33.78, 33.43, 0, 0, 4.22
2019/06/25 16:44:00, 24.75, 24.67, 24.46, 33.76, 33.44, 0, 0, 4.22
2019/06/25 16:45:00, 24.75, 24.67, 24.47, 33.73, 33.42, 0, 0, 4.22
2019/06/25 16:46:00, 24.75, 24.64, 24.47, 33.81, 33.45, 0, 0, 4.22
2019/06/25 16:47:00, 24.75, 24.63, 24.45, 33.79, 33.45, 0, 0, 4.22
2019/06/25 16:48:00, 24.75, 24.64, 24.45, 33.76, 33.44, 0, 0, 4.22
2019/06/25 16:49:00, 24.75, 24.63, 24.47, 33.76, 33.44, 0, 0, 4.22
2019/06/25 16:50:00, 24.75, 24.64, 24.46, 33.76, 33.43, 0, 0, 4.22
2019/06/25 16:51:00, 24.75, 24.64, 24.45, 33.73, 33.44, 0, 0, 4.22
2019/06/25 16:52:00, 24.75, 24.64, 24.46, 33.75, 33.43, 0, 0, 4.22
2019/06/25 16:53:00, 24.75, 24.66, 24.45, 33.73, 33.40, 0, 0, 4.22
2019/06/25 16:54:00, 24.75, 24.64, 24.45, 33.69, 33.42, 0, 0, 4.22
2019/06/25 16:55:00, 24.75, 24.63, 24.46, 33.76, 33.42, 0, 0, 4.22
2019/06/25 16:56:00, 24.75, 24.63, 24.43, 33.78, 33.42, 0, 0, 4.22
2019/06/25 16:57:00, 24.75, 24.63, 24.46, 33.78, 33.42, 0, 0, 4.22
2019/06/25 16:58:00, 24.75, 24.64, 24.45, 33.69, 33.41, 0, 0, 4.22
2019/06/25 16:59:00, 24.75, 24.59, 24.45, 33.78, 33.41, 0, 0, 4.22
2019/06/25 17:00:00, 24.75, 24.63, 24.45, 33.73, 33.41, 0, 0, 4.22
2019/06/25 17:01:00, 24.75, 24.63, 24.43, 33.76, 33.43, 0, 0, 4.22
2019/06/25 17:02:00, 24.75, 24.66, 24.45, 33.72, 33.42, 0, 0, 4.22
2019/06/25 17:03:00, 24.75, 24.63, 24.43, 33.79, 33.42, 0, 0, 4.22
2019/06/25 17:04:00, 24.75, 24.61, 24.45, 33.88, 33.45, 0, 0, 4.22
2019/06/25 17:05:00, 24.75, 24.64, 24.43, 33.80, 33.42, 0, 0, 4.22
2019/06/25 17:06:00, 24.75, 24.61, 24.45, 33.78, 33.42, 0, 0, 4.22
2019/06/25 17:07:00, 24.75, 24.63, 24.42, 33.80, 33.42, 0, 0, 4.22
2019/06/25 17:08:00, 24.75, 24.61, 24.45, 33.73, 33.40, 0, 0, 4.22
2019/06/25 17:09:00, 24.75, 24.63, 24.45, 33.78, 33.42, 0, 0, 4.22
2019/06/25 17:10:00, 24.75, 24.63, 24.46, 33.78, 33.40, 0, 0, 4.22
2019/06/25 17:11:00, 24.75, 24.64, 24.42, 33.68, 33.39, 0, 0, 4.22
2019/06/25 17:12:00, 24.75, 24.61, 24.41, 33.66, 33.39, 0, 0, 4.22
2019/06/25 17:13:00, 24.75, 24.60, 24.40, 33.68, 33.37, 0, 0, 4.22
2019/06/25 17:14:00, 24.75, 24.61, 24.40, 33.66, 33.35, 0, 0, 4.22
2019/06/25 17:15:00, 24.75, 24.59, 24.40, 33.60, 33.34, 0, 0, 4.22
2019/06/25 17:16:00, 24.75, 24.60, 24.40, 33.61, 33.30, 0, 0, 4.22
2019/06/25 17:17:00, 24.75, 24.61, 24.40, 33.61, 33.32, 0, 0, 4.22
2019/06/25 17:18:00, 24.75, 24.59, 24.40, 33.57, 33.29, 0, 0, 4.22
2019/06/25 17:19:00, 24.75, 24.57, 24.38, 33.57, 33.24, 0, 0, 4.22
2019/06/25 17:20:00, 24.75, 24.57, 24.40, 33.58, 33.28, 0, 0, 4.22
2019/06/25 17:21:00, 24.75, 24.57, 24.40, 33.61, 33.29, 0, 0, 4.22
2019/06/25 17:22:00, 24.75, 24.60, 24.40, 33.51, 33.24, 0, 0, 4.22
2019/06/25 17:23:00, 24.75, 24.59, 24.40, 33.45, 33.15, 0, 0, 4.22
2019/06/25 17:24:00, 24.75, 24.56, 24.40, 33.40, 33.12, 0, 0, 4.22
2019/06/25 17:25:00, 24.75, 24.57, 24.38, 33.46, 33.13, 0, 0, 4.22
2019/06/25 17:26:00, 24.75, 24.56, 24.37, 33.43, 33.16, 0, 0, 4.22
2019/06/25 17:27:00, 24.75, 24.54, 24.34, 33.44, 33.11, 0, 0, 4.22
2019/06/25 17:28:00, 24.75, 24.52, 24.33, 33.40, 33.09, 0, 0, 4.22
2019/06/25 17:29:00, 24.75, 24.52, 24.33, 33.40, 33.07, 0, 0, 4.22
2019/06/25 17:30:00, 24.75, 24.50, 24.31, 33.41, 33.10, 0, 0, 4.22
2019/06/25 17:31:00, 24.75, 24.50, 24.27, 33.42, 33.10, 0, 0, 4.22
2019/06/25 17:32:00, 24.75, 24.47, 24.28, 33.39, 33.13, 0, 0, 4.22
2019/06/25 17:33:00, 24.75, 24.46, 24.26, 33.38, 33.09, 0, 0, 4.22
2019/06/25 17:34:00, 24.75, 24.43, 24.26, 33.40, 33.09, 0, 0, 4.22
2019/06/25 17:35:00, 24.75, 24.43, 24.25, 33.45, 33.12, 0, 0, 4.22
2019/06/25 17:36:00, 24.75, 24.40, 24.22, 33.45, 33.11, 0, 0, 4.22
2019/06/25 17:37:00, 24.75, 24.42, 24.22, 33.40, 33.11, 0, 0, 4.22
2019/06/25 17:38:00, 24.75, 24.40, 24.20, 33.44, 33.13, 0, 0, 4.22
2019/06/25 17:39:00, 24.75, 24.42, 24.20, 33.41, 33.12, 0, 0, 4.22
2019/06/25 17:40:00, 24.75, 24.38, 24.17, 33.49, 33.15, 0, 0, 4.22
2019/06/25 17:41:00, 24.75, 24.36, 24.17, 33.45, 33.14, 0, 0, 4.22
2019/06/25 17:42:00, 24.75, 24.36, 24.17, 33.45, 33.12, 0, 0, 4.22
2019/06/25 17:43:00, 24.75, 24.32, 24.15, 33.41, 33.13, 0, 0, 4.22
2019/06/25 17:44:00, 24.75, 24.35, 24.13, 33.43, 33.14, 0, 0, 4.22
2019/06/25 17:45:00, 24.75, 24.33, 24.13, 33.42, 33.12, 0, 0, 4.22
2019/06/25 17:46:00, 24.75, 24.32, 24.12, 33.45, 33.12, 0, 0, 4.22
2019/06/25 17:47:00, 24.75, 24.32, 24.11, 33.44, 33.10, 0, 0, 4.22
2019/06/25 17:48:00, 24.75, 24.31, 24.12, 33.48, 33.14, 0, 0, 4.22
2019/06/25 17:49:00, 24.75, 24.29, 24.08, 33.48, 33.16, 0, 0, 4.22
2019/06/25 17:50:00, 24.75, 24.29, 24.08, 33.42, 33.13, 0, 0, 4.22
2019/06/25 17:51:00, 24.75, 24.27, 24.09, 33.46, 33.14, 0, 0, 4.22
2019/06/25 17:52:00, 24.75, 24.26, 24.06, 33.43, 33.15, 0, 0, 4.22
2019/06/25 17:53:00, 24.75, 24.27, 24.07, 33.48, 33.16, 0, 0, 4.22
2019/06/25 17:54:00, 24.75, 24.27, 24.08, 33.48, 33.17, 0, 0, 4.22
2019/06/25 17:55:00, 24.75, 24.27, 24.04, 33.46, 33.14, 0, 0, 4.22
2019/06/25 17:56:00, 24.75, 24.25, 24.05, 33.42, 33.14, 0, 0, 4.22
2019/06/25 17:57:00, 24.75, 24.25, 24.06, 33.45, 33.16, 0, 0, 4.22
2019/06/25 17:58:00, 24.75, 24.23, 24.04, 33.49, 33.14, 0, 0, 4.22
2019/06/25 17:59:00, 24.75, 24.22, 24.02, 33.44, 33.16, 0, 0, 4.22
2019/06/25 18:00:00, 24.75, 24.23, 24.03, 33.40, 33.14, 0, 0, 4.22
2019/06/25 18:01:00, 24.75, 24.20, 24.01, 33.43, 33.15, 0, 0, 4.22
2019/06/25 18:02:00, 24.75, 24.20, 24.02, 33.47, 33.13, 0, 0, 4.22
2019/06/25 18:03:00, 24.75, 24.19, 24.01, 33.46, 33.12, 0, 0, 4.22
2019/06/25 18:04:00, 24.75, 24.19, 24.00, 33.45, 33.13, 0, 0, 4.22
2019/06/25 18:05:00, 24.50, 24.19, 24.00, 33.47, 33.16, 0, 0, 4.22
2019/06/25 18:06:00, 24.50, 24.19, 24.00, 33.50, 33.15, 0, 0, 4.22
2019/06/25 18:07:00, 24.50, 24.18, 23.97, 33.49, 33.16, 0, 0, 4.22
2019/06/25 18:08:00, 24.50, 24.19, 23.97, 33.44, 33.14, 0, 0, 4.22
2019/06/25 18:09:00, 24.50, 24.18, 23.96, 33.47, 33.19, 0, 0, 4.22
2019/06/25 18:10:00, 24.50, 24.18, 23.98, 33.51, 33.21, 0, 0, 4.22
2019/06/25 18:11:00, 24.50, 24.14, 23.96, 33.48, 33.19, 0, 0, 4.22
2019/06/25 18:12:00, 24.50, 24.16, 23.97, 33.56, 33.22, 0, 0, 4.22
2019/06/25 18:13:00, 24.50, 24.14, 23.96, 33.48, 33.21, 0, 0, 4.22
2019/06/25 18:14:00, 24.50, 24.15, 23.95, 33.51, 33.23, 0, 0, 4.22
2019/06/25 18:15:00, 24.50, 24.16, 23.95, 33.54, 33.23, 0, 0, 4.22
2019/06/25 18:16:00, 24.50, 24.14, 23.94, 33.51, 33.24, 0, 0, 4.22
2019/06/25 18:17:00, 24.50, 24.16, 23.94, 33.57, 33.24, 0, 0, 4.22
2019/06/25 18:18:00, 24.50, 24.15, 23.95, 33.54, 33.28, 0, 0, 4.22
2019/06/25 18:19:00, 24.50, 24.14, 23.94, 33.60, 33.26, 0, 0, 4.22
2019/06/25 18:20:00, 24.50, 24.15, 23.95, 33.57, 33.29, 0, 0, 4.22
2019/06/25 18:21:00, 24.50, 24.12, 23.95, 33.58, 33.28, 0, 0, 4.22
2019/06/25 18:22:00, 24.50, 24.14, 23.94, 33.55, 33.28, 0, 0, 4.22
2019/06/25 18:23:00, 24.50, 24.15, 23.92, 33.64, 33.29, 0, 0, 4.22
2019/06/25 18:24:00, 24.50, 24.12, 23.94, 33.61, 33.31, 0, 0, 4.22
2019/06/25 18:25:00, 24.50, 24.12, 23.93, 33.63, 33.30, 0, 0, 4.22
2019/06/25 18:26:00, 24.50, 24.14, 23.90, 33.64, 33.31, 0, 0, 4.22
2019/06/25 18:27:00, 24.50, 24.09, 23.92, 33.61, 33.30, 0, 0, 4.22
2019/06/25 18:28:00, 24.50, 24.14, 23.93, 33.62, 33.33, 0, 0, 4.22
2019/06/25 18:29:00, 24.50, 24.14, 23.92, 33.60, 33.32, 0, 0, 4.22
2019/06/25 18:30:00, 24.50, 24.09, 23.91, 33.65, 33.32, 0, 0, 4.22
2019/06/25 18:31:00, 24.50, 24.12, 23.90, 33.68, 33.32, 0, 0, 4.22
2019/06/25 18:32:00, 24.50, 24.12, 23.91, 33.67, 33.33, 0, 0, 4.22
2019/06/25 18:33:00, 24.50, 24.09, 23.91, 33.65, 33.34, 0, 0, 4.22
2019/06/25 18:34:00, 24.50, 24.08, 23.90, 33.70, 33.33, 0, 0, 4.22
2019/06/25 18:35:00, 24.50, 24.11, 23.90, 33.64, 33.33, 0, 0, 4.22
2019/06/25 18:36:00, 24.50, 24.09, 23.88, 33.65, 33.33, 0, 0, 4.22
2019/06/25 18:37:00, 24.50, 24.12, 23.91, 33.65, 33.33, 0, 0, 4.22
2019/06/25 18:38:00, 24.50, 24.09, 23.88, 33.70, 33.35, 0, 0, 4.22
2019/06/25 18:39:00, 24.50, 24.09, 23.87, 33.62, 33.34, 0, 0, 4.22
2019/06/25 18:40:00, 24.50, 24.09, 23.88, 33.68, 33.33, 0, 0, 4.22
2019/06/25 18:41:00, 24.50, 24.08, 23.88, 33.63, 33.33, 0, 0, 4.22
2019/06/25 18:42:00, 24.50, 24.08, 23.86, 33.63, 33.36, 0, 0, 4.22
2019/06/25 18:43:00, 24.50, 24.08, 23.86, 33.68, 33.36, 0, 0, 4.22
2019/06/25 18:44:00, 24.50, 24.07, 23.86, 33.71, 33.36, 0, 0, 4.22
2019/06/25 18:45:00, 24.50, 24.07, 23.83, 33.72, 33.38, 0, 0, 4.22
2019/06/25 18:46:00, 24.50, 24.04, 23.84, 33.71, 33.38, 0, 0, 4.22
2019/06/25 18:47:00, 24.50, 24.05, 23.86, 33.74, 33.39, 0, 0, 4.22
2019/06/25 18:48:00, 24.50, 24.02, 23.83, 33.66, 33.38, 0, 0, 4.22
2019/06/25 18:49:00, 24.50, 24.05, 23.86, 33.67, 33.39, 0, 0, 4.22
2019/06/25 18:50:00, 24.50, 24.04, 23.84, 33.73, 33.36, 0, 0, 4.22
2019/06/25 18:51:00, 24.50, 24.05, 23.84, 33.69, 33.36, 0, 0, 4.22
2019/06/25 18:52:00, 24.50, 24.01, 23.84, 33.69, 33.36, 0, 0, 4.22
2019/06/25 18:53:00, 24.50, 24.01, 23.84, 33.71, 33.37, 0, 0, 4.22
2019/06/25 18:54:00, 24.50, 24.02, 23.83, 33.66, 33.36, 0, 0, 4.22
2019/06/25 18:55:00, 24.50, 24.02, 23.82, 33.71, 33.36, 0, 0, 4.22
2019/06/25 18:56:00, 24.50, 24.01, 23.80, 33.67, 33.36, 0, 0, 4.22
2019/06/25 18:57:00, 24.50, 24.01, 23.82, 33.72, 33.37, 0, 0, 4.22
2019/06/25 18:58:00, 24.50, 23.99, 23.81, 33.67, 33.36, 0, 0, 4.22
2019/06/25 18:59:00, 24.50, 24.01, 23.81, 33.64, 33.35, 0, 0, 4.22
2019/06/25 19:00:00, 24.50, 23.99, 23.79, 33.67, 33.36, 0, 0, 4.22
2019/06/25 19:01:00, 24.50, 23.99, 23.79, 33.68, 33.38, 0, 0, 4.22
2019/06/25 19:02:00, 24.50, 23.99, 23.78, 33.72, 33.38, 0, 0, 4.22
2019/06/25 19:03:00, 24.25, 23.98, 23.76, 33.71, 33.36, 0, 0, 4.22
2019/06/25 19:04:00, 24.25, 23.97, 23.78, 33.76, 33.37, 0, 0, 4.22
2019/06/25 19:05:00, 24.25, 23.98, 23.76, 33.73, 33.39, 0, 0, 4.22
2019/06/25 19:06:00, 24.25, 23.95, 23.77, 33.73, 33.38, 0, 0, 4.22
2019/06/25 19:07:00, 24.25, 23.98, 23.78, 33.76, 33.37, 0, 0, 4.22
2019/06/25 19:08:00, 24.25, 23.97, 23.76, 33.67, 33.38, 0, 0, 4.22
2019/06/25 19:09:00, 24.25, 23.97, 23.74, 33.73, 33.37, 0, 0, 4.22
2019/06/25 19:10:00, 24.25, 23.98, 23.76, 33.68, 33.39, 0, 0, 4.22
2019/06/25 19:11:00, 24.25, 23.95, 23.75, 33.70, 33.39, 0, 0, 4.22
2019/06/25 19:12:00, 24.25, 23.97, 23.76, 33.71, 33.37, 0, 0, 4.22
2019/06/25 19:13:00, 24.25, 23.92, 23.73, 33.68, 33.38, 0, 0, 4.22
2019/06/25 19:14:00, 24.25, 23.95, 23.74, 33.74, 33.39, 0, 0, 4.22
2019/06/25 19:15:00, 24.25, 23.94, 23.73, 33.72, 33.39, 0, 0, 4.22
2019/06/25 19:16:00, 24.25, 23.92, 23.73, 33.69, 33.39, 0, 0, 4.22
2019/06/25 19:17:00, 24.25, 23.90, 23.72, 33.75, 33.39, 0, 0, 4.22
2019/06/25 19:18:00, 24.25, 23.94, 23.73, 33.73, 33.39, 0, 0, 4.22
2019/06/25 19:19:00, 24.25, 23.92, 23.73, 33.74, 33.40, 0, 0, 4.22
2019/06/25 19:20:00, 24.25, 23.91, 23.72, 33.78, 33.39, 0, 0, 4.22
2019/06/25 19:21:00, 24.25, 23.91, 23.73, 33.75, 33.39, 0, 0, 4.22
2019/06/25 19:22:00, 24.25, 23.92, 23.71, 33.73, 33.38, 0, 0, 4.22
2019/06/25 19:23:00, 24.25, 23.91, 23.72, 33.70, 33.39, 0, 0, 4.22
2019/06/25 19:24:00, 24.25, 23.90, 23.69, 33.71, 33.39, 0, 0, 4.22
2019/06/25 19:25:00, 24.25, 23.90, 23.69, 33.76, 33.39, 0, 0, 4.22
2019/06/25 19:26:00, 24.25, 23.90, 23.68, 33.69, 33.39, 0, 0, 4.22
2019/06/25 19:27:00, 24.25, 23.88, 23.69, 33.75, 33.39, 0, 0, 4.22
2019/06/25 19:28:00, 24.25, 23.88, 23.69, 33.73, 33.39, 0, 0, 4.22
2019/06/25 19:29:00, 24.25, 23.91, 23.69, 33.76, 33.39, 0, 0, 4.22
2019/06/25 19:30:00, 24.25, 23.88, 23.68, 33.75, 33.41, 0, 0, 4.22
2019/06/25 19:31:00, 24.25, 23.90, 23.67, 33.76, 33.41, 0, 0, 4.22
2019/06/25 19:32:00, 24.25, 23.88, 23.69, 33.73, 33.39, 0, 0, 4.22
2019/06/25 19:33:00, 24.25, 23.87, 23.67, 33.73, 33.39, 0, 0, 4.22
2019/06/25 19:34:00, 24.25, 23.90, 23.66, 33.71, 33.39, 0, 0, 4.22
2019/06/25 19:35:00, 24.25, 23.90, 23.65, 33.67, 33.38, 0, 0, 4.22
2019/06/25 19:36:00, 24.25, 23.87, 23.66, 33.76, 33.38, 0, 0, 4.22
2019/06/25 19:37:00, 24.25, 23.87, 23.65, 33.72, 33.39, 0, 0, 4.22
2019/06/25 19:38:00, 24.25, 23.85, 23.66, 33.75, 33.40, 0, 0, 4.22
2019/06/25 19:39:00, 24.25, 23.85, 23.65, 33.75, 33.42, 0, 0, 4.22
2019/06/25 19:40:00, 24.25, 23.85, 23.64, 33.79, 33.43, 0, 0, 4.22
2019/06/25 19:41:00, 24.25, 23.87, 23.64, 33.75, 33.44, 0, 0, 4.22
2019/06/25 19:42:00, 24.25, 23.84, 23.66, 33.76, 33.41, 0, 0, 4.22
2019/06/25 19:43:00, 24.25, 23.85, 23.63, 33.78, 33.43, 0, 0, 4.22
2019/06/25 19:44:00, 24.25, 23.84, 23.63, 33.77, 33.44, 0, 0, 4.22
2019/06/25 19:45:00, 24.25, 23.85, 23.63, 33.76, 33.43, 0, 0, 4.22
2019/06/25 19:46:00, 24.25, 23.85, 23.63, 33.76, 33.45, 0, 0, 4.22
2019/06/25 19:47:00, 24.25, 23.83, 23.63, 33.74, 33.43, 0, 0, 4.22
2019/06/25 19:48:00, 24.25, 23.83, 23.63, 33.70, 33.41, 0, 0, 4.22
2019/06/25 19:49:00, 24.25, 23.83, 23.63, 33.76, 33.43, 0, 0, 4.22
2019/06/25 19:50:00, 24.25, 23.81, 23.63, 33.75, 33.41, 0, 0, 4.22
2019/06/25 19:51:00, 24.25, 23.83, 23.64, 33.77, 33.41, 0, 0, 4.22
2019/06/25 19:52:00, 24.25, 23.83, 23.60, 33.76, 33.41, 0, 0, 4.22
2019/06/25 19:53:00, 24.25, 23.83, 23.60, 33.76, 33.42, 0, 0, 4.22
2019/06/25 19:54:00, 24.25, 23.83, 23.61, 33.68, 33.42, 0, 0, 4.22
2019/06/25 19:55:00, 24.25, 23.81, 23.61, 33.76, 33.45, 0, 0, 4.22
2019/06/25 19:56:00, 24.25, 23.83, 23.61, 33.82, 33.45, 0, 0, 4.22
2019/06/25 19:57:00, 24.25, 23.81, 23.63, 33.80, 33.45, 0, 0, 4.22
2019/06/25 19:58:00, 24.25, 23.80, 23.62, 33.77, 33.45, 0, 0, 4.22
2019/06/25 19:59:00, 24.25, 23.81, 23.61, 33.80, 33.43, 0, 0, 4.22
2019/06/25 20:00:00, 24.25, 23.80, 23.59, 33.81, 33.46, 0, 0, 4.22
2019/06/25 20:01:00, 24.25, 23.79, 23.60, 33.77, 33.45, 0, 0, 4.22
2019/06/25 20:02:00, 24.25, 23.80, 23.58, 33.76, 33.44, 0, 0, 4.22
2019/06/25 20:03:00, 24.25, 23.77, 23.58, 33.79, 33.47, 0, 0, 4.22
2019/06/25 20:04:00, 24.25, 23.80, 23.59, 33.76, 33.45, 0, 0, 4.22
2019/06/25 20:05:00, 24.25, 23.79, 23.57, 33.80, 33.46, 0, 0, 4.22
2019/06/25 20:06:00, 24.25, 23.76, 23.58, 33.80, 33.47, 0, 0, 4.22
2019/06/25 20:07:00, 24.25, 23.77, 23.60, 33.76, 33.48, 0, 0, 4.22
2019/06/25 20:08:00, 24.25, 23.79, 23.57, 33.74, 33.44, 0, 0, 4.22
2019/06/25 20:09:00, 24.25, 23.80, 23.57, 33.81, 33.47, 0, 0, 4.22
2019/06/25 20:10:00, 24.25, 23.77, 23.58, 33.81, 33.49, 0, 0, 4.22
2019/06/25 20:11:00, 24.25, 23.77, 23.57, 33.84, 33.49, 0, 0, 4.22
2019/06/25 20:12:00, 24.25, 23.77, 23.57, 33.80, 33.48, 0, 0, 4.22
2019/06/25 20:13:00, 24.25, 23.77, 23.54, 33.78, 33.48, 0, 0, 4.22
2019/06/25 20:14:00, 24.25, 23.74, 23.54, 33.91, 33.51, 0, 0, 4.22
2019/06/25 20:15:00, 24.25, 23.73, 23.54, 33.89, 33.52, 0, 0, 4.22
2019/06/25 20:16:00, 24.00, 23.73, 23.56, 33.87, 33.52, 0, 0, 4.22
2019/06/25 20:17:00, 24.00, 23.74, 23.53, 33.82, 33.52, 0, 0, 4.22
2019/06/25 20:18:00, 24.00, 23.74, 23.54, 33.84, 33.52, 0, 0, 4.22
2019/06/25 20:19:00, 24.00, 23.74, 23.52, 33.85, 33.52, 0, 0, 4.22
2019/06/25 20:20:00, 24.00, 23.71, 23.52, 33.88, 33.55, 0, 0, 4.22
2019/06/25 20:21:00, 24.00, 23.70, 23.52, 33.82, 33.51, 0, 0, 4.22
2019/06/25 20:22:00, 24.00, 23.73, 23.52, 33.88, 33.55, 0, 0, 4.22
2019/06/25 20:23:00, 24.00, 23.71, 23.50, 33.88, 33.55, 0, 0, 4.22
2019/06/25 20:24:00, 24.00, 23.71, 23.51, 33.89, 33.57, 0, 0, 4.22
2019/06/25 20:25:00, 24.00, 23.73, 23.50, 33.92, 33.58, 0, 0, 4.22
2019/06/25 20:26:00, 24.00, 23.71, 23.50, 33.91, 33.56, 0, 0, 4.22
2019/06/25 20:27:00, 24.00, 23.70, 23.49, 33.91, 33.56, 0, 0, 4.22
2019/06/25 20:28:00, 24.00, 23.70, 23.50, 33.88, 33.56, 0, 0, 4.22
2019/06/25 20:29:00, 24.00, 23.68, 23.50, 33.92, 33.55, 0, 0, 4.22
2019/06/25 20:30:00, 24.00, 23.68, 23.48, 33.92, 33.58, 0, 0, 4.22
2019/06/25 20:31:00, 24.00, 23.70, 23.50, 33.93, 33.58, 0, 0, 4.22
2019/06/25 20:32:00, 24.00, 23.68, 23.49, 33.94, 33.58, 0, 0, 4.22
2019/06/25 20:33:00, 24.00, 23.68, 23.47, 33.92, 33.58, 0, 0, 4.22
2019/06/25 20:34:00, 24.00, 23.67, 23.47, 33.89, 33.61, 0, 0, 4.22
2019/06/25 20:35:00, 24.00, 23.67, 23.48, 33.95, 33.61, 0, 0, 4.22
2019/06/25 20:36:00, 24.00, 23.67, 23.47, 33.97, 33.62, 0, 0, 4.22
2019/06/25 20:37:00, 24.00, 23.68, 23.45, 33.98, 33.63, 0, 0, 4.22
2019/06/25 20:38:00, 24.00, 23.68, 23.47, 33.93, 33.61, 0, 0, 4.22
2019/06/25 20:39:00, 24.00, 23.67, 23.45, 33.93, 33.62, 0, 0, 4.22
2019/06/25 20:40:00, 24.00, 23.65, 23.47, 33.97, 33.62, 0, 0, 4.22
2019/06/25 20:41:00, 24.00, 23.65, 23.46, 33.97, 33.64, 0, 0, 4.22
2019/06/25 20:42:00, 24.00, 23.65, 23.45, 33.98, 33.64, 0, 0, 4.22
2019/06/25 20:43:00, 24.00, 23.67, 23.46, 33.95, 33.62, 0, 0, 4.22
2019/06/25 20:44:00, 24.00, 23.67, 23.45, 33.92, 33.64, 0, 0, 4.22
2019/06/25 20:45:00, 24.00, 23.65, 23.46, 33.99, 33.65, 0, 0, 4.22
2019/06/25 20:46:00, 24.00, 23.65, 23.45, 33.99, 33.66, 0, 0, 4.22
2019/06/25 20:47:00, 24.00, 23.63, 23.44, 34.01, 33.64, 0, 0, 4.22
2019/06/25 20:48:00, 24.00, 23.65, 23.44, 33.99, 33.64, 0, 0, 4.22
2019/06/25 20:49:00, 24.00, 23.64, 23.46, 33.99, 33.64, 0, 0, 4.22
2019/06/25 20:50:00, 24.00, 23.65, 23.44, 33.98, 33.67, 0, 0, 4.22
2019/06/25 20:51:00, 24.00, 23.63, 23.44, 33.95, 33.65, 0, 0, 4.22
2019/06/25 20:52:00, 24.00, 23.65, 23.43, 33.96, 33.68, 0, 0, 4.22
2019/06/25 20:53:00, 24.00, 23.65, 23.43, 33.98, 33.67, 0, 0, 4.22
2019/06/25 20:54:00, 24.00, 23.67, 23.43, 33.96, 33.66, 0, 0, 4.22
2019/06/25 20:55:00, 24.00, 23.65, 23.44, 34.03, 33.67, 0, 0, 4.22
2019/06/25 20:56:00, 24.00, 23.65, 23.44, 33.95, 33.67, 0, 0, 4.22
2019/06/25 20:57:00, 24.00, 23.63, 23.43, 33.98, 33.68, 0, 0, 4.22
2019/06/25 20:58:00, 24.00, 23.64, 23.44, 33.99, 33.68, 0, 0, 4.22
2019/06/25 20:59:00, 24.00, 23.64, 23.42, 34.00, 33.68, 0, 0, 4.22
2019/06/25 21:00:00, 24.00, 23.63, 23.43, 33.99, 33.68, 0, 0, 4.22
2019/06/25 21:01:00, 24.00, 23.64, 23.44, 34.04, 33.70, 0, 0, 4.22
2019/06/25 21:02:00, 24.00, 23.63, 23.43, 34.07, 33.71, 0, 0, 4.22
2019/06/25 21:03:00, 24.00, 23.65, 23.44, 34.03, 33.69, 0, 0, 4.22
2019/06/25 21:04:00, 24.00, 23.63, 23.41, 34.05, 33.69, 0, 0, 4.22
2019/06/25 21:05:00, 24.00, 23.60, 23.42, 34.07, 33.72, 0, 0, 4.22
2019/06/25 21:06:00, 24.00, 23.61, 23.38, 34.07, 33.74, 0, 0, 4.22
2019/06/25 21:07:00, 24.00, 23.60, 23.41, 34.05, 33.74, 0, 0, 4.22
2019/06/25 21:08:00, 24.00, 23.63, 23.43, 34.07, 33.73, 0, 0, 4.22
2019/06/25 21:09:00, 24.00, 23.61, 23.41, 34.09, 33.74, 0, 0, 4.22
2019/06/25 21:10:00, 24.00, 23.61, 23.38, 34.09, 33.74, 0, 0, 4.22
2019/06/25 21:11:00, 24.00, 23.61, 23.41, 34.07, 33.74, 0, 0, 4.22
2019/06/25 21:12:00, 24.00, 23.59, 23.38, 34.08, 33.75, 0, 0, 4.22
2019/06/25 21:13:00, 24.00, 23.60, 23.41, 34.09, 33.75, 0, 0, 4.22
2019/06/25 21:14:00, 24.00, 23.61, 23.41, 34.08, 33.75, 0, 0, 4.22
2019/06/25 21:15:00, 24.00, 23.60, 23.38, 34.09, 33.75, 0, 0, 4.22
2019/06/25 21:16:00, 24.00, 23.60, 23.41, 34.12, 33.77, 0, 0, 4.22
2019/06/25 21:17:00, 24.00, 23.63, 23.39, 34.08, 33.76, 0, 0, 4.22
2019/06/25 21:18:00, 24.00, 23.60, 23.41, 34.13, 33.78, 0, 0, 4.22
2019/06/25 21:19:00, 24.00, 23.60, 23.38, 34.11, 33.77, 0, 0, 4.22
2019/06/25 21:20:00, 24.00, 23.60, 23.38, 34.11, 33.79, 0, 0, 4.22
2019/06/25 21:21:00, 24.00, 23.59, 23.37, 34.14, 33.79, 0, 0, 4.22
2019/06/25 21:22:00, 24.00, 23.57, 23.37, 34.16, 33.80, 0, 0, 4.22
2019/06/25 21:23:00, 24.00, 23.59, 23.38, 34.13, 33.81, 0, 0, 4.22
2019/06/25 21:24:00, 24.00, 23.57, 23.37, 34.13, 33.84, 0, 0, 4.22
2019/06/25 21:25:00, 24.00, 23.57, 23.36, 34.14, 33.83, 0, 0, 4.22
2019/06/25 21:26:00, 24.00, 23.59, 23.37, 34.20, 33.84, 0, 0, 4.22
2019/06/25 21:27:00, 24.00, 23.57, 23.38, 34.19, 33.85, 0, 0, 4.22
2019/06/25 21:28:00, 24.00, 23.57, 23.37, 34.17, 33.86, 0, 0, 4.22
2019/06/25 21:29:00, 24.00, 23.56, 23.36, 34.21, 33.88, 0, 0, 4.22
2019/06/25 21:30:00, 24.00, 23.57, 23.37, 34.14, 33.86, 0, 0, 4.22
2019/06/25 21:31:00, 24.00, 23.56, 23.34, 34.21, 33.87, 0, 0, 4.22
2019/06/25 21:32:00, 24.00, 23.56, 23.35, 34.20, 33.87, 0, 0, 4.22
2019/06/25 21:33:00, 24.00, 23.56, 23.34, 34.22, 33.89, 0, 0, 4.22
2019/06/25 21:34:00, 24.00, 23.53, 23.35, 34.22, 33.90, 0, 0, 4.22
2019/06/25 21:35:00, 24.00, 23.54, 23.35, 34.25, 33.93, 0, 0, 4.22
2019/06/25 21:36:00, 24.00, 23.53, 23.33, 34.26, 33.90, 0, 0, 4.22
2019/06/25 21:37:00, 24.00, 23.54, 23.33, 34.27, 33.93, 0, 0, 4.22
2019/06/25 21:38:00, 24.00, 23.53, 23.31, 34.28, 33.94, 0, 0, 4.22
2019/06/25 21:39:00, 24.00, 23.53, 23.31, 34.30, 33.97, 0, 0, 4.22
2019/06/25 21:40:00, 24.00, 23.52, 23.32, 34.34, 33.99, 0, 0, 4.22
2019/06/25 21:41:00, 24.00, 23.52, 23.31, 34.35, 34.00, 0, 0, 4.22
2019/06/25 21:42:00, 24.00, 23.53, 23.30, 34.30, 34.00, 0, 0, 4.22
2019/06/25 21:43:00, 24.00, 23.52, 23.32, 34.34, 34.02, 0, 0, 4.22
2019/06/25 21:44:00, 24.00, 23.52, 23.30, 34.34, 34.03, 0, 0, 4.22
2019/06/25 21:45:00, 24.00, 23.53, 23.32, 34.31, 34.02, 0, 0, 4.22
2019/06/25 21:46:00, 23.75, 23.50, 23.31, 34.35, 34.03, 0, 0, 4.22
2019/06/25 21:47:00, 24.00, 23.52, 23.29, 34.41, 34.04, 0, 0, 4.22
2019/06/25 21:48:00, 23.75, 23.52, 23.31, 34.35, 34.05, 0, 0, 4.22
2019/06/25 21:49:00, 23.75, 23.52, 23.28, 34.38, 34.07, 0, 0, 4.22
2019/06/25 21:50:00, 23.75, 23.50, 23.31, 34.41, 34.07, 0, 0, 4.22
2019/06/25 21:51:00, 23.75, 23.50, 23.30, 34.42, 34.09, 0, 0, 4.22
2019/06/25 21:52:00, 23.75, 23.49, 23.28, 34.35, 34.12, 0, 0, 4.22
2019/06/25 21:53:00, 23.75, 23.49, 23.29, 34.39, 34.10, 0, 0, 4.22
2019/06/25 21:54:00, 23.75, 23.50, 23.29, 34.40, 34.11, 0, 0, 4.22
2019/06/25 21:55:00, 23.75, 23.47, 23.28, 34.48, 34.13, 0, 0, 4.22
2019/06/25 21:56:00, 23.75, 23.50, 23.29, 34.47, 34.15, 0, 0, 4.22
2019/06/25 21:57:00, 23.75, 23.50, 23.27, 34.46, 34.16, 0, 0, 4.22
2019/06/25 21:58:00, 23.75, 23.47, 23.27, 34.48, 34.17, 0, 0, 4.22
2019/06/25 21:59:00, 23.75, 23.49, 23.28, 34.52, 34.17, 0, 0, 4.22
2019/06/25 22:00:00, 23.75, 23.49, 23.28, 34.48, 34.18, 0, 0, 4.22
2019/06/25 22:01:00, 23.75, 23.47, 23.28, 34.51, 34.21, 0, 0, 4.22
2019/06/25 22:02:00, 23.75, 23.49, 23.27, 34.51, 34.22, 0, 0, 4.22
2019/06/25 22:03:00, 23.75, 23.47, 23.28, 34.51, 34.22, 0, 0, 4.22
2019/06/25 22:04:00, 23.75, 23.47, 23.27, 34.55, 34.24, 0, 0, 4.22
2019/06/25 22:05:00, 23.75, 23.46, 23.27, 34.52, 34.25, 0, 0, 4.22
2019/06/25 22:06:00, 23.75, 23.46, 23.25, 34.57, 34.27, 0, 0, 4.22
2019/06/25 22:07:00, 23.75, 23.47, 23.27, 34.60, 34.26, 0, 0, 4.22
2019/06/25 22:08:00, 23.75, 23.44, 23.25, 34.57, 34.28, 0, 0, 4.22
2019/06/25 22:09:00, 23.75, 23.46, 23.25, 34.59, 34.29, 0, 0, 4.22
2019/06/25 22:10:00, 23.75, 23.47, 23.25, 34.61, 34.27, 0, 0, 4.22
2019/06/25 22:11:00, 23.75, 23.44, 23.24, 34.67, 34.29, 0, 0, 4.22
2019/06/25 22:12:00, 23.75, 23.47, 23.23, 34.64, 34.31, 0, 0, 4.22
2019/06/25 22:13:00, 23.75, 23.44, 23.25, 34.61, 34.33, 0, 0, 4.22
2019/06/25 22:14:00, 23.75, 23.44, 23.24, 34.64, 34.35, 0, 0, 4.22
2019/06/25 22:15:00, 23.75, 23.46, 23.27, 34.69, 34.35, 0, 0, 4.22
2019/06/25 22:16:00, 23.75, 23.44, 23.23, 34.70, 34.40, 0, 0, 4.22
2019/06/25 22:17:00, 23.75, 23.44, 23.23, 34.75, 34.41, 0, 0, 4.22
2019/06/25 22:18:00, 23.75, 23.42, 23.22, 34.72, 34.40, 0, 0, 4.22
2019/06/25 22:19:00, 23.75, 23.44, 23.23, 34.74, 34.39, 0, 0, 4.22
2019/06/25 22:20:00, 23.75, 23.43, 23.23, 34.77, 34.42, 0, 0, 4.22
2019/06/25 22:21:00, 23.75, 23.43, 23.22, 34.75, 34.43, 0, 0, 4.22
2019/06/25 22:22:00, 23.75, 23.44, 23.23, 34.80, 34.44, 0, 0, 4.22
2019/06/25 22:23:00, 23.75, 23.42, 23.22, 34.78, 34.46, 0, 0, 4.22
2019/06/25 22:24:00, 23.75, 23.43, 23.22, 34.85, 34.48, 0, 0, 4.22
2019/06/25 22:25:00, 23.75, 23.43, 23.22, 34.81, 34.48, 0, 0, 4.22
2019/06/25 22:26:00, 23.75, 23.43, 23.22, 34.82, 34.51, 0, 0, 4.22
2019/06/25 22:27:00, 23.75, 23.40, 23.21, 34.87, 34.51, 0, 0, 4.22
2019/06/25 22:28:00, 23.75, 23.42, 23.20, 34.85, 34.53, 0, 0, 4.22
2019/06/25 22:29:00, 23.75, 23.43, 23.23, 34.89, 34.55, 0, 0, 4.22
2019/06/25 22:30:00, 23.75, 23.43, 23.21, 34.88, 34.56, 0, 0, 4.22
2019/06/25 22:31:00, 23.75, 23.43, 23.21, 34.90, 34.56, 0, 0, 4.22
2019/06/25 22:32:00, 23.75, 23.42, 23.20, 34.90, 34.59, 0, 0, 4.22
2019/06/25 22:33:00, 23.75, 23.42, 23.22, 34.98, 34.61, 0, 0, 4.22
2019/06/25 22:34:00, 23.75, 23.42, 23.20, 34.93, 34.61, 0, 0, 4.22
2019/06/25 22:35:00, 23.75, 23.40, 23.19, 34.97, 34.63, 0, 0, 4.22
2019/06/25 22:36:00, 23.75, 23.40, 23.19, 34.95, 34.64, 0, 0, 4.22
2019/06/25 22:37:00, 23.75, 23.40, 23.19, 34.97, 34.66, 0, 0, 4.22
2019/06/25 22:38:00, 23.75, 23.42, 23.21, 34.99, 34.67, 0, 0, 4.22
2019/06/25 22:39:00, 23.75, 23.40, 23.19, 35.04, 34.70, 0, 0, 4.22
2019/06/25 22:40:00, 23.75, 23.42, 23.19, 35.05, 34.70, 0, 0, 4.22
2019/06/25 22:41:00, 23.75, 23.42, 23.20, 35.05, 34.74, 0, 0, 4.22
2019/06/25 22:42:00, 23.75, 23.42, 23.19, 35.05, 34.74, 0, 0, 4.22
2019/06/25 22:43:00, 23.75, 23.40, 23.20, 35.05, 34.76, 0, 0, 4.22
2019/06/25 22:44:00, 23.75, 23.43, 23.20, 35.09, 34.77, 0, 0, 4.22
2019/06/25 22:45:00, 23.75, 23.37, 23.17, 35.09, 34.79, 0, 0, 4.22
2019/06/25 22:46:00, 23.75, 23.39, 23.20, 35.13, 34.81, 0, 0, 4.22
2019/06/25 22:47:00, 23.75, 23.39, 23.19, 35.13, 34.82, 0, 0, 4.22
2019/06/25 22:48:00, 23.75, 23.40, 23.20, 35.15, 34.84, 0, 0, 4.22
2019/06/25 22:49:00, 23.75, 23.39, 23.18, 35.21, 34.85, 0, 0, 4.22
2019/06/25 22:50:00, 23.75, 23.39, 23.18, 35.23, 34.88, 0, 0, 4.22
2019/06/25 22:51:00, 23.75, 23.42, 23.18, 35.23, 34.90, 0, 0, 4.22
2019/06/25 22:52:00, 23.75, 23.39, 23.19, 35.23, 34.90, 0, 0, 4.22
2019/06/25 22:53:00, 23.75, 23.39, 23.17, 35.24, 34.92, 0, 0, 4.22
2019/06/25 22:54:00, 23.75, 23.39, 23.18, 35.27, 34.93, 0, 0, 4.22
2019/06/25 22:55:00, 23.75, 23.39, 23.17, 35.27, 34.95, 0, 0, 4.22
2019/06/25 22:56:00, 23.75, 23.37, 23.18, 35.30, 34.97, 0, 0, 4.22
2019/06/25 22:57:00, 23.75, 23.39, 23.17, 35.33, 34.99, 0, 0, 4.22
2019/06/25 22:58:00, 23.75, 23.37, 23.17, 35.34, 35.02, 0, 0, 4.22
2019/06/25 22:59:00, 23.75, 23.35, 23.15, 35.38, 35.05, 0, 0, 4.22
2019/06/25 23:00:00, 23.75, 23.37, 23.18, 35.39, 35.05, 0, 0, 4.22
2019/06/25 23:01:00, 23.75, 23.36, 23.17, 35.42, 35.06, 0, 0, 4.22
2019/06/25 23:02:00, 23.75, 23.37, 23.16, 35.43, 35.06, 0, 0, 4.22
2019/06/25 23:03:00, 23.75, 23.36, 23.15, 35.46, 35.09, 0, 0, 4.22
2019/06/25 23:04:00, 23.75, 23.36, 23.16, 35.43, 35.08, 0, 0, 4.22
2019/06/25 23:05:00, 23.75, 23.35, 23.16, 35.43, 35.10, 0, 0, 4.22
2019/06/25 23:06:00, 23.75, 23.36, 23.14, 35.47, 35.13, 0, 0, 4.22
2019/06/25 23:07:00, 23.75, 23.36, 23.14, 35.46, 35.16, 0, 0, 4.22
2019/06/25 23:08:00, 23.75, 23.35, 23.17, 35.51, 35.16, 0, 0, 4.22
2019/06/25 23:09:00, 23.75, 23.35, 23.14, 35.51, 35.18, 0, 0, 4.22
2019/06/25 23:10:00, 23.75, 23.36, 23.14, 35.50, 35.19, 0, 0, 4.22
2019/06/25 23:11:00, 23.75, 23.35, 23.15, 35.51, 35.20, 0, 0, 4.22
2019/06/25 23:12:00, 23.75, 23.33, 23.13, 35.53, 35.23, 0, 0, 4.22
2019/06/25 23:13:00, 23.75, 23.35, 23.14, 35.57, 35.24, 0, 0, 4.22
2019/06/25 23:14:00, 23.75, 23.35, 23.12, 35.57, 35.23, 0, 0, 4.22
2019/06/25 23:15:00, 23.75, 23.35, 23.14, 35.62, 35.25, 0, 0, 4.22
2019/06/25 23:16:00, 23.75, 23.33, 23.14, 35.59, 35.27, 0, 0, 4.22
2019/06/25 23:17:00, 23.75, 23.35, 23.13, 35.59, 35.29, 0, 0, 4.22
2019/06/25 23:18:00, 23.75, 23.32, 23.13, 35.58, 35.29, 0, 0, 4.22
2019/06/25 23:19:00, 23.75, 23.35, 23.13, 35.60, 35.29, 0, 0, 4.22
2019/06/25 23:20:00, 23.75, 23.33, 23.12, 35.61, 35.30, 0, 0, 4.22
2019/06/25 23:21:00, 23.75, 23.33, 23.09, 35.64, 35.32, 0, 0, 4.22
2019/06/25 23:22:00, 23.75, 23.33, 23.12, 35.64, 35.32, 0, 0, 4.22
2019/06/25 23:23:00, 23.75, 23.33, 23.12, 35.66, 35.34, 0, 0, 4.22
2019/06/25 23:24:00, 23.75, 23.33, 23.13, 35.64, 35.34, 0, 0, 4.22
2019/06/25 23:25:00, 23.75, 23.32, 23.12, 35.72, 35.33, 0, 0, 4.22
2019/06/25 23:26:00, 23.75, 23.33, 23.13, 35.66, 35.35, 0, 0, 4.22
2019/06/25 23:27:00, 23.75, 23.30, 23.12, 35.65, 35.37, 0, 0, 4.22
2019/06/25 23:28:00, 23.75, 23.30, 23.13, 35.73, 35.38, 0, 0, 4.22
2019/06/25 23:29:00, 23.75, 23.35, 23.12, 35.72, 35.38, 0, 0, 4.22
2019/06/25 23:30:00, 23.75, 23.35, 23.10, 35.66, 35.36, 0, 0, 4.22
2019/06/25 23:31:00, 23.75, 23.30, 23.12, 35.72, 35.39, 0, 0, 4.22
2019/06/25 23:32:00, 23.75, 23.30, 23.10, 35.71, 35.41, 0, 0, 4.22
2019/06/25 23:33:00, 23.75, 23.32, 23.13, 35.73, 35.41, 0, 0, 4.22
2019/06/25 23:34:00, 23.75, 23.32, 23.09, 35.73, 35.41, 0, 0, 4.22
2019/06/25 23:35:00, 23.75, 23.30, 23.09, 35.73, 35.41, 0, 0, 4.22
2019/06/25 23:36:00, 23.75, 23.30, 23.10, 35.71, 35.40, 0, 0, 4.22
2019/06/25 23:37:00, 23.75, 23.30, 23.09, 35.70, 35.44, 0, 0, 4.22
2019/06/25 23:38:00, 23.75, 23.30, 23.07, 35.73, 35.44, 0, 0, 4.22
2019/06/25 23:39:00, 23.75, 23.30, 23.08, 35.78, 35.44, 0, 0, 4.22
2019/06/25 23:40:00, 23.75, 23.30, 23.08, 35.76, 35.45, 0, 0, 4.22
2019/06/25 23:41:00, 23.75, 23.29, 23.10, 35.76, 35.45, 0, 0, 4.22
2019/06/25 23:42:00, 23.75, 23.30, 23.09, 35.81, 35.48, 0, 0, 4.22
2019/06/25 23:43:00, 23.75, 23.30, 23.09, 35.80, 35.48, 0, 0, 4.22
2019/06/25 23:44:00, 23.75, 23.28, 23.09, 35.74, 35.48, 0, 0, 4.22
2019/06/25 23:45:00, 23.75, 23.30, 23.09, 35.74, 35.48, 0, 0, 4.22
2019/06/25 23:46:00, 23.75, 23.28, 23.09, 35.77, 35.48, 0, 0, 4.22
2019/06/25 23:47:00, 23.75, 23.26, 23.08, 35.80, 35.50, 0, 0, 4.22
