Data logger for tempereture and humidity.
Code, design, and soldering by Antti Mikkonen, a.mikkonen@iki.fi, 2019.
Based on open source projects and libraries. See source for details.
/home/ami/src/arduino/promini/logger_v8_ada/logger_v8_ada.ino
UTC time (year/month/date hour:minute:second), T RTC (C), T sht31 (C), T si7021 (C), RH sht31 (-), RH si7021 (-), heaterOn sht31 (bool),  heaterOn si7021 (bool), battery voltage (V)
2019/05/07 00:08:00, 24.50, 23.91, 23.74, 17.82, 16.07, 0, 0, 4.38
2019/05/07 00:09:00, 24.50, 23.95, 23.76, 17.78, 16.08, 0, 0, 4.38
2019/05/07 00:10:00, 24.50, 23.94, 23.76, 17.77, 16.07, 0, 0, 4.38
2019/05/07 00:11:00, 24.50, 23.92, 23.74, 17.80, 16.08, 0, 0, 4.38
2019/05/07 00:12:00, 24.50, 23.95, 23.76, 17.75, 16.06, 0, 0, 4.38
2019/05/07 00:13:00, 24.50, 23.97, 23.77, 17.80, 16.07, 0, 0, 4.38
2019/05/07 00:14:00, 24.50, 23.95, 23.75, 17.75, 16.07, 0, 0, 4.38
2019/05/07 00:15:00, 24.50, 23.92, 23.76, 17.77, 16.07, 0, 0, 4.38
2019/05/07 00:16:00, 24.50, 23.92, 23.73, 17.78, 16.06, 0, 0, 4.38
2019/05/07 00:17:00, 24.50, 23.92, 23.72, 17.77, 16.09, 0, 0, 4.38
2019/05/07 00:18:00, 24.50, 23.94, 23.74, 17.80, 16.10, 0, 0, 4.38
2019/05/07 00:19:00, 24.50, 23.92, 23.74, 17.85, 16.09, 0, 0, 4.38
2019/05/07 00:20:00, 24.50, 23.94, 23.74, 17.77, 16.10, 0, 0, 4.38
2019/05/07 00:21:00, 24.50, 23.92, 23.73, 17.78, 16.10, 0, 0, 4.38
2019/05/07 00:22:00, 24.50, 23.91, 23.74, 17.77, 16.11, 0, 0, 4.38
2019/05/07 00:23:00, 24.50, 23.91, 23.76, 17.78, 16.09, 0, 0, 4.38
2019/05/07 00:24:00, 24.50, 23.94, 23.75, 17.85, 16.11, 0, 0, 4.38
2019/05/07 00:25:00, 24.50, 23.92, 23.77, 17.83, 16.14, 0, 0, 4.38
2019/05/07 00:26:00, 24.50, 23.92, 23.74, 17.83, 16.12, 0, 0, 4.38
2019/05/07 00:27:00, 24.50, 23.94, 23.74, 17.82, 16.11, 0, 0, 4.38
2019/05/07 00:28:00, 24.50, 23.92, 23.75, 17.83, 16.12, 0, 0, 4.38
2019/05/07 00:29:00, 24.50, 23.94, 23.74, 17.85, 16.11, 0, 0, 4.38
2019/05/07 00:30:00, 24.50, 23.92, 23.73, 17.83, 16.12, 0, 0, 4.38
2019/05/07 00:31:00, 24.50, 23.97, 23.75, 17.83, 16.14, 0, 0, 4.38
2019/05/07 00:32:00, 24.50, 23.94, 23.75, 17.80, 16.13, 0, 0, 4.38
2019/05/07 00:33:00, 24.50, 23.92, 23.73, 17.87, 16.13, 0, 0, 4.38
2019/05/07 00:34:00, 24.50, 23.91, 23.74, 17.88, 16.13, 0, 0, 4.38
2019/05/07 00:35:00, 24.50, 23.90, 23.73, 17.85, 16.12, 0, 0, 4.38
2019/05/07 00:36:00, 24.50, 23.92, 23.74, 17.81, 16.15, 0, 0, 4.38
2019/05/07 00:37:00, 24.50, 23.92, 23.74, 17.85, 16.14, 0, 0, 4.38
2019/05/07 00:38:00, 24.50, 23.94, 23.76, 17.85, 16.15, 0, 0, 4.38
2019/05/07 00:39:00, 24.50, 23.95, 23.76, 17.88, 16.15, 0, 0, 4.38
2019/05/07 00:40:00, 24.50, 23.92, 23.74, 17.83, 16.14, 0, 0, 4.38
2019/05/07 00:41:00, 24.50, 23.92, 23.73, 17.90, 16.15, 0, 0, 4.38
2019/05/07 00:42:00, 24.50, 23.92, 23.73, 17.88, 16.17, 0, 0, 4.38
2019/05/07 00:43:00, 24.50, 23.94, 23.74, 17.96, 16.15, 0, 0, 4.38
2019/05/07 00:44:00, 24.50, 23.94, 23.75, 17.88, 16.18, 0, 0, 4.38
2019/05/07 00:45:00, 24.50, 23.91, 23.73, 17.91, 16.16, 0, 0, 4.38
2019/05/07 00:46:00, 24.50, 23.94, 23.75, 17.91, 16.15, 0, 0, 4.38
2019/05/07 00:47:00, 24.50, 23.94, 23.74, 17.90, 16.17, 0, 0, 4.38
2019/05/07 00:48:00, 24.50, 23.94, 23.77, 17.88, 16.18, 0, 0, 4.38
2019/05/07 00:49:00, 24.50, 23.94, 23.77, 17.88, 16.17, 0, 0, 4.38
2019/05/07 00:50:00, 24.50, 23.94, 23.75, 17.83, 16.19, 0, 0, 4.38
2019/05/07 00:51:00, 24.50, 23.95, 23.77, 17.82, 16.17, 0, 0, 4.38
2019/05/07 00:52:00, 24.50, 23.97, 23.76, 17.88, 16.17, 0, 0, 4.38
2019/05/07 00:53:00, 24.50, 23.98, 23.76, 17.92, 16.20, 0, 0, 4.38
2019/05/07 00:54:00, 24.50, 23.95, 23.75, 17.95, 16.20, 0, 0, 4.38
2019/05/07 00:55:00, 24.50, 23.95, 23.76, 17.90, 16.20, 0, 0, 4.38
2019/05/07 00:56:00, 24.50, 23.94, 23.76, 17.85, 16.17, 0, 0, 4.38
2019/05/07 00:57:00, 24.50, 23.94, 23.76, 17.93, 16.19, 0, 0, 4.38
2019/05/07 00:58:00, 24.50, 23.92, 23.73, 17.91, 16.20, 0, 0, 4.38
2019/05/07 00:59:00, 24.50, 23.94, 23.75, 17.93, 16.20, 0, 0, 4.38
2019/05/07 01:00:00, 24.50, 23.94, 23.74, 17.91, 16.20, 0, 0, 4.38
2019/05/07 01:01:00, 24.50, 23.94, 23.73, 17.95, 16.20, 0, 0, 4.38
2019/05/07 01:02:00, 24.50, 23.92, 23.74, 17.90, 16.20, 0, 0, 4.38
2019/05/07 01:03:00, 24.50, 23.94, 23.75, 17.95, 16.20, 0, 0, 4.38
2019/05/07 01:04:00, 24.50, 23.91, 23.75, 17.96, 16.21, 0, 0, 4.38
2019/05/07 01:05:00, 24.50, 23.91, 23.74, 17.87, 16.22, 0, 0, 4.38
2019/05/07 01:06:00, 24.50, 23.94, 23.74, 17.93, 16.22, 0, 0, 4.38
2019/05/07 01:07:00, 24.50, 23.91, 23.76, 17.95, 16.20, 0, 0, 4.38
2019/05/07 01:08:00, 24.50, 23.91, 23.75, 17.93, 16.20, 0, 0, 4.38
2019/05/07 01:09:00, 24.50, 23.94, 23.73, 17.93, 16.20, 0, 0, 4.38
2019/05/07 01:10:00, 24.50, 23.92, 23.74, 17.96, 16.22, 0, 0, 4.38
2019/05/07 01:11:00, 24.50, 23.91, 23.75, 17.90, 16.22, 0, 0, 4.38
2019/05/07 01:12:00, 24.50, 23.94, 23.76, 17.90, 16.21, 0, 0, 4.38
2019/05/07 01:13:00, 24.50, 23.94, 23.74, 17.96, 16.20, 0, 0, 4.38
2019/05/07 01:14:00, 24.50, 23.92, 23.73, 17.87, 16.21, 0, 0, 4.38
2019/05/07 01:15:00, 24.50, 23.94, 23.73, 17.96, 16.20, 0, 0, 4.38
2019/05/07 01:16:00, 24.50, 23.91, 23.73, 17.93, 16.22, 0, 0, 4.38
2019/05/07 01:17:00, 24.50, 23.91, 23.74, 17.93, 16.22, 0, 0, 4.38
2019/05/07 01:18:00, 24.50, 23.92, 23.74, 17.93, 16.20, 0, 0, 4.38
2019/05/07 01:19:00, 24.50, 23.92, 23.74, 17.90, 16.21, 0, 0, 4.38
2019/05/07 01:20:00, 24.50, 23.92, 23.73, 17.91, 16.21, 0, 0, 4.38
2019/05/07 01:21:00, 24.50, 23.94, 23.76, 17.93, 16.22, 0, 0, 4.38
2019/05/07 01:22:00, 24.50, 23.92, 23.75, 17.98, 16.22, 0, 0, 4.38
2019/05/07 01:23:00, 24.50, 23.94, 23.75, 17.87, 16.20, 0, 0, 4.38
2019/05/07 01:24:00, 24.50, 23.95, 23.74, 17.87, 16.20, 0, 0, 4.38
2019/05/07 01:25:00, 24.50, 23.94, 23.72, 17.85, 16.21, 0, 0, 4.38
2019/05/07 01:26:00, 24.50, 23.94, 23.74, 17.93, 16.21, 0, 0, 4.38
2019/05/07 01:27:00, 24.50, 23.94, 23.73, 17.90, 16.20, 0, 0, 4.38
2019/05/07 01:28:00, 24.50, 23.90, 23.76, 17.90, 16.20, 0, 0, 4.38
2019/05/07 01:29:00, 24.50, 23.94, 23.75, 17.90, 16.17, 0, 0, 4.38
2019/05/07 01:30:00, 24.50, 23.91, 23.74, 17.91, 16.19, 0, 0, 4.38
2019/05/07 01:31:00, 24.50, 23.92, 23.76, 17.95, 16.21, 0, 0, 4.38
2019/05/07 01:32:00, 24.50, 23.94, 23.74, 17.88, 16.18, 0, 0, 4.38
2019/05/07 01:33:00, 24.50, 23.92, 23.73, 17.91, 16.18, 0, 0, 4.38
2019/05/07 01:34:00, 24.50, 23.95, 23.74, 17.93, 16.17, 0, 0, 4.38
2019/05/07 01:35:00, 24.50, 23.92, 23.75, 17.93, 16.20, 0, 0, 4.38
2019/05/07 01:36:00, 24.50, 23.92, 23.77, 17.93, 16.20, 0, 0, 4.38
2019/05/07 01:37:00, 24.50, 23.91, 23.76, 17.85, 16.20, 0, 0, 4.38
2019/05/07 01:38:00, 24.50, 23.92, 23.77, 17.91, 16.17, 0, 0, 4.38
2019/05/07 01:39:00, 24.50, 23.95, 23.76, 17.87, 16.19, 0, 0, 4.38
2019/05/07 01:40:00, 24.50, 23.92, 23.76, 17.88, 16.17, 0, 0, 4.38
2019/05/07 01:41:00, 24.50, 23.92, 23.73, 17.90, 16.17, 0, 0, 4.38
2019/05/07 01:42:00, 24.50, 23.92, 23.73, 17.93, 16.17, 0, 0, 4.38
2019/05/07 01:43:00, 24.50, 23.91, 23.75, 17.87, 16.19, 0, 0, 4.38
2019/05/07 01:44:00, 24.50, 23.91, 23.75, 17.94, 16.19, 0, 0, 4.38
2019/05/07 01:45:00, 24.50, 23.94, 23.73, 17.90, 16.19, 0, 0, 4.38
2019/05/07 01:46:00, 24.50, 23.92, 23.74, 17.90, 16.20, 0, 0, 4.38
2019/05/07 01:47:00, 24.50, 23.94, 23.75, 17.99, 16.19, 0, 0, 4.38
2019/05/07 01:48:00, 24.50, 23.92, 23.75, 17.91, 16.20, 0, 0, 4.38
2019/05/07 01:49:00, 24.50, 23.91, 23.74, 17.93, 16.19, 0, 0, 4.38
2019/05/07 01:50:00, 24.50, 23.94, 23.73, 17.90, 16.19, 0, 0, 4.38
2019/05/07 01:51:00, 24.50, 23.92, 23.75, 17.93, 16.19, 0, 0, 4.38
2019/05/07 01:52:00, 24.50, 23.94, 23.75, 17.91, 16.19, 0, 0, 4.38
2019/05/07 01:53:00, 24.50, 23.95, 23.74, 17.88, 16.17, 0, 0, 4.38
2019/05/07 01:54:00, 24.50, 23.92, 23.74, 17.96, 16.17, 0, 0, 4.38
2019/05/07 01:55:00, 24.50, 23.92, 23.76, 17.90, 16.16, 0, 0, 4.38
2019/05/07 01:56:00, 24.50, 23.94, 23.74, 17.85, 16.17, 0, 0, 4.38
2019/05/07 01:57:00, 24.50, 23.91, 23.74, 17.91, 16.17, 0, 0, 4.38
2019/05/07 01:58:00, 24.50, 23.94, 23.76, 17.88, 16.17, 0, 0, 4.38
2019/05/07 01:59:00, 24.50, 23.94, 23.74, 17.91, 16.17, 0, 0, 4.38
2019/05/07 02:00:00, 24.50, 23.94, 23.74, 17.87, 16.17, 0, 0, 4.38
2019/05/07 02:01:00, 24.50, 23.92, 23.74, 17.85, 16.16, 0, 0, 4.38
2019/05/07 02:02:00, 24.50, 23.92, 23.73, 17.91, 16.17, 0, 0, 4.38
2019/05/07 02:03:00, 24.50, 23.92, 23.71, 17.90, 16.18, 0, 0, 4.38
2019/05/07 02:04:00, 24.50, 23.90, 23.75, 17.90, 16.17, 0, 0, 4.37
2019/05/07 02:05:00, 24.50, 23.92, 23.72, 17.85, 16.17, 0, 0, 4.38
2019/05/07 02:06:00, 24.50, 23.91, 23.75, 17.88, 16.18, 0, 0, 4.38
2019/05/07 02:07:00, 24.50, 23.91, 23.73, 17.88, 16.20, 0, 0, 4.38
2019/05/07 02:08:00, 24.50, 23.91, 23.74, 17.93, 16.19, 0, 0, 4.38
2019/05/07 02:09:00, 24.50, 23.92, 23.74, 17.88, 16.18, 0, 0, 4.38
2019/05/07 02:10:00, 24.50, 23.91, 23.72, 17.91, 16.20, 0, 0, 4.38
2019/05/07 02:11:00, 24.50, 23.88, 23.71, 17.91, 16.18, 0, 0, 4.38
2019/05/07 02:12:00, 24.50, 23.91, 23.71, 17.94, 16.18, 0, 0, 4.38
2019/05/07 02:13:00, 24.50, 23.91, 23.69, 17.88, 16.20, 0, 0, 4.38
2019/05/07 02:14:00, 24.50, 23.91, 23.73, 17.93, 16.21, 0, 0, 4.38
2019/05/07 02:15:00, 24.50, 23.90, 23.73, 17.93, 16.21, 0, 0, 4.37
2019/05/07 02:16:00, 24.50, 23.87, 23.72, 17.90, 16.21, 0, 0, 4.38
2019/05/07 02:17:00, 24.50, 23.90, 23.69, 17.91, 16.22, 0, 0, 4.38
2019/05/07 02:18:00, 24.50, 23.88, 23.72, 17.94, 16.21, 0, 0, 4.38
2019/05/07 02:19:00, 24.50, 23.90, 23.72, 17.94, 16.20, 0, 0, 4.38
2019/05/07 02:20:00, 24.50, 23.88, 23.72, 17.91, 16.22, 0, 0, 4.38
2019/05/07 02:21:00, 24.50, 23.91, 23.71, 17.91, 16.22, 0, 0, 4.37
2019/05/07 02:22:00, 24.50, 23.91, 23.71, 17.96, 16.20, 0, 0, 4.38
2019/05/07 02:23:00, 24.50, 23.88, 23.69, 17.93, 16.23, 0, 0, 4.38
2019/05/07 02:24:00, 24.50, 23.88, 23.71, 17.91, 16.23, 0, 0, 4.38
2019/05/07 02:25:00, 24.50, 23.91, 23.72, 18.03, 16.22, 0, 0, 4.37
2019/05/07 02:26:00, 24.50, 23.91, 23.72, 17.98, 16.23, 0, 0, 4.38
2019/05/07 02:27:00, 24.50, 23.87, 23.69, 17.94, 16.23, 0, 0, 4.38
2019/05/07 02:28:00, 24.50, 23.87, 23.69, 17.90, 16.23, 0, 0, 4.38
2019/05/07 02:29:00, 24.50, 23.85, 23.69, 17.96, 16.24, 0, 0, 4.38
2019/05/07 02:30:00, 24.50, 23.90, 23.71, 17.96, 16.23, 0, 0, 4.38
2019/05/07 02:31:00, 24.50, 23.90, 23.69, 17.99, 16.25, 0, 0, 4.38
2019/05/07 02:32:00, 24.50, 23.90, 23.71, 17.94, 16.27, 0, 0, 4.38
2019/05/07 02:33:00, 24.50, 23.90, 23.73, 17.96, 16.26, 0, 0, 4.37
2019/05/07 02:34:00, 24.50, 23.90, 23.71, 17.93, 16.24, 0, 0, 4.38
2019/05/07 02:35:00, 24.50, 23.91, 23.73, 17.99, 16.25, 0, 0, 4.38
2019/05/07 02:36:00, 24.50, 23.88, 23.71, 17.96, 16.25, 0, 0, 4.38
2019/05/07 02:37:00, 24.50, 23.90, 23.71, 17.99, 16.25, 0, 0, 4.38
2019/05/07 02:38:00, 24.50, 23.88, 23.72, 17.98, 16.27, 0, 0, 4.37
2019/05/07 02:39:00, 24.50, 23.90, 23.69, 17.93, 16.25, 0, 0, 4.38
2019/05/07 02:40:00, 24.50, 23.92, 23.69, 18.03, 16.27, 0, 0, 4.37
2019/05/07 02:41:00, 24.50, 23.88, 23.69, 17.96, 16.27, 0, 0, 4.38
2019/05/07 02:42:00, 24.50, 23.90, 23.69, 17.98, 16.27, 0, 0, 4.37
2019/05/07 02:43:00, 24.50, 23.92, 23.68, 17.99, 16.27, 0, 0, 4.38
2019/05/07 02:44:00, 24.50, 23.90, 23.71, 18.04, 16.27, 0, 0, 4.38
2019/05/07 02:45:00, 24.50, 23.91, 23.71, 17.99, 16.28, 0, 0, 4.37
2019/05/07 02:46:00, 24.50, 23.90, 23.68, 17.98, 16.27, 0, 0, 4.38
2019/05/07 02:47:00, 24.50, 23.90, 23.71, 18.01, 16.28, 0, 0, 4.38
2019/05/07 02:48:00, 24.25, 23.88, 23.71, 17.99, 16.29, 0, 0, 4.38
2019/05/07 02:49:00, 24.25, 23.88, 23.71, 17.94, 16.29, 0, 0, 4.38
2019/05/07 02:50:00, 24.50, 23.85, 23.66, 17.98, 16.28, 0, 0, 4.38
2019/05/07 02:51:00, 24.50, 23.85, 23.67, 18.05, 16.34, 0, 0, 4.38
2019/05/07 02:52:00, 24.50, 23.87, 23.65, 18.09, 16.37, 0, 0, 4.38
2019/05/07 02:53:00, 24.50, 23.85, 23.66, 18.09, 16.35, 0, 0, 4.38
2019/05/07 02:54:00, 24.50, 23.87, 23.66, 18.09, 16.34, 0, 0, 4.38
2019/05/07 02:55:00, 24.50, 23.88, 23.69, 18.06, 16.35, 0, 0, 4.38
2019/05/07 02:56:00, 24.25, 23.87, 23.66, 18.09, 16.33, 0, 0, 4.38
2019/05/07 02:57:00, 24.25, 23.87, 23.68, 18.09, 16.35, 0, 0, 4.38
2019/05/07 02:58:00, 24.50, 23.88, 23.67, 18.12, 16.36, 0, 0, 4.38
2019/05/07 02:59:00, 24.50, 23.90, 23.68, 18.12, 16.36, 0, 0, 4.37
2019/05/07 03:00:00, 24.25, 23.87, 23.68, 18.09, 16.35, 0, 0, 4.38
2019/05/07 03:01:00, 24.50, 23.88, 23.67, 18.04, 16.36, 0, 0, 4.38
2019/05/07 03:02:00, 24.50, 23.87, 23.71, 18.09, 16.36, 0, 0, 4.37
2019/05/07 03:03:00, 24.25, 23.88, 23.71, 18.10, 16.35, 0, 0, 4.38
2019/05/07 03:04:00, 24.50, 23.87, 23.69, 18.09, 16.35, 0, 0, 4.38
2019/05/07 03:05:00, 24.50, 23.90, 23.69, 18.04, 16.36, 0, 0, 4.38
2019/05/07 03:06:00, 24.50, 23.88, 23.72, 18.09, 16.36, 0, 0, 4.38
2019/05/07 03:07:00, 24.50, 23.90, 23.66, 18.09, 16.37, 0, 0, 4.37
2019/05/07 03:08:00, 24.50, 23.85, 23.71, 18.11, 16.38, 0, 0, 4.38
2019/05/07 03:09:00, 24.25, 23.87, 23.66, 18.07, 16.37, 0, 0, 4.38
2019/05/07 03:10:00, 24.50, 23.85, 23.68, 18.07, 16.39, 0, 0, 4.38
2019/05/07 03:11:00, 24.25, 23.90, 23.67, 18.07, 16.41, 0, 0, 4.37
2019/05/07 03:12:00, 24.50, 23.88, 23.69, 18.12, 16.40, 0, 0, 4.38
2019/05/07 03:13:00, 24.25, 23.88, 23.68, 18.14, 16.40, 0, 0, 4.38
2019/05/07 03:14:00, 24.25, 23.87, 23.71, 18.14, 16.40, 0, 0, 4.38
2019/05/07 03:15:00, 24.25, 23.88, 23.71, 18.15, 16.40, 0, 0, 4.37
2019/05/07 03:16:00, 24.25, 23.88, 23.69, 18.14, 16.39, 0, 0, 4.38
2019/05/07 03:17:00, 24.25, 23.90, 23.69, 18.12, 16.42, 0, 0, 4.38
2019/05/07 03:18:00, 24.25, 23.88, 23.67, 18.16, 16.42, 0, 0, 4.38
2019/05/07 03:19:00, 24.25, 23.90, 23.72, 18.12, 16.42, 0, 0, 4.38
2019/05/07 03:20:00, 24.25, 23.88, 23.68, 18.15, 16.43, 0, 0, 4.38
2019/05/07 03:21:00, 24.25, 23.87, 23.69, 18.19, 16.44, 0, 0, 4.38
2019/05/07 03:22:00, 24.25, 23.90, 23.71, 18.14, 16.44, 0, 0, 4.38
2019/05/07 03:23:00, 24.25, 23.90, 23.68, 18.21, 16.44, 0, 0, 4.38
2019/05/07 03:24:00, 24.25, 23.88, 23.69, 18.19, 16.44, 0, 0, 4.37
2019/05/07 03:25:00, 24.25, 23.90, 23.69, 18.17, 16.45, 0, 0, 4.38
2019/05/07 03:26:00, 24.50, 23.90, 23.71, 18.22, 16.45, 0, 0, 4.37
2019/05/07 03:27:00, 24.25, 23.88, 23.71, 18.19, 16.46, 0, 0, 4.38
2019/05/07 03:28:00, 24.50, 23.87, 23.71, 18.22, 16.46, 0, 0, 4.38
2019/05/07 03:29:00, 24.25, 23.88, 23.69, 18.20, 16.46, 0, 0, 4.37
2019/05/07 03:30:00, 24.25, 23.90, 23.68, 18.19, 16.46, 0, 0, 4.37
2019/05/07 03:31:00, 24.25, 23.88, 23.68, 18.17, 16.48, 0, 0, 4.37
2019/05/07 03:32:00, 24.25, 23.88, 23.68, 18.22, 16.48, 0, 0, 4.38
2019/05/07 03:33:00, 24.25, 23.90, 23.68, 18.20, 16.48, 0, 0, 4.38
2019/05/07 03:34:00, 24.25, 23.88, 23.71, 18.22, 16.49, 0, 0, 4.38
2019/05/07 03:35:00, 24.25, 23.90, 23.69, 18.25, 16.50, 0, 0, 4.38
2019/05/07 03:36:00, 24.25, 23.90, 23.68, 18.23, 16.51, 0, 0, 4.38
2019/05/07 03:37:00, 24.25, 23.87, 23.68, 18.19, 16.51, 0, 0, 4.38
2019/05/07 03:38:00, 24.25, 23.90, 23.68, 18.25, 16.51, 0, 0, 4.38
2019/05/07 03:39:00, 24.25, 23.85, 23.71, 18.20, 16.52, 0, 0, 4.37
2019/05/07 03:40:00, 24.25, 23.87, 23.71, 18.22, 16.52, 0, 0, 4.38
2019/05/07 03:41:00, 24.25, 23.88, 23.68, 18.23, 16.52, 0, 0, 4.38
2019/05/07 03:42:00, 24.25, 23.90, 23.69, 18.25, 16.52, 0, 0, 4.37
2019/05/07 03:43:00, 24.25, 23.91, 23.73, 18.25, 16.52, 0, 0, 4.38
2019/05/07 03:44:00, 24.25, 23.90, 23.71, 18.23, 16.51, 0, 0, 4.37
2019/05/07 03:45:00, 24.25, 23.88, 23.69, 18.30, 16.53, 0, 0, 4.38
2019/05/07 03:46:00, 24.50, 23.90, 23.69, 18.25, 16.56, 0, 0, 4.37
2019/05/07 03:47:00, 24.50, 23.91, 23.69, 18.30, 16.56, 0, 0, 4.37
2019/05/07 03:48:00, 24.25, 23.90, 23.71, 18.27, 16.55, 0, 0, 4.37
2019/05/07 03:49:00, 24.25, 23.88, 23.69, 18.28, 16.55, 0, 0, 4.37
2019/05/07 03:50:00, 24.25, 23.88, 23.73, 18.30, 16.56, 0, 0, 4.37
2019/05/07 03:51:00, 24.25, 23.88, 23.71, 18.30, 16.58, 0, 0, 4.38
2019/05/07 03:52:00, 24.25, 23.88, 23.71, 18.28, 16.57, 0, 0, 4.37
2019/05/07 03:53:00, 24.25, 23.91, 23.73, 18.30, 16.57, 0, 0, 4.38
2019/05/07 03:54:00, 24.25, 23.88, 23.68, 18.21, 16.56, 0, 0, 4.37
2019/05/07 03:55:00, 24.50, 23.88, 23.68, 18.28, 16.59, 0, 0, 4.38
2019/05/07 03:56:00, 24.25, 23.88, 23.68, 18.32, 16.59, 0, 0, 4.38
2019/05/07 03:57:00, 24.50, 23.87, 23.68, 18.32, 16.59, 0, 0, 4.38
2019/05/07 03:58:00, 24.50, 23.87, 23.69, 18.37, 16.60, 0, 0, 4.38
2019/05/07 03:59:00, 24.50, 23.88, 23.68, 18.37, 16.61, 0, 0, 4.37
2019/05/07 04:00:00, 24.25, 23.88, 23.69, 18.37, 16.62, 0, 0, 4.38
2019/05/07 04:01:00, 24.25, 23.90, 23.71, 18.33, 16.59, 0, 0, 4.37
2019/05/07 04:02:00, 24.25, 23.90, 23.68, 18.32, 16.62, 0, 0, 4.37
2019/05/07 04:03:00, 24.25, 23.88, 23.68, 18.33, 16.62, 0, 0, 4.37
2019/05/07 04:04:00, 24.25, 23.90, 23.69, 18.30, 16.64, 0, 0, 4.38
2019/05/07 04:05:00, 24.25, 23.91, 23.69, 18.33, 16.62, 0, 0, 4.37
2019/05/07 04:06:00, 24.50, 23.88, 23.72, 18.33, 16.62, 0, 0, 4.37
2019/05/07 04:07:00, 24.25, 23.88, 23.73, 18.35, 16.61, 0, 0, 4.37
2019/05/07 04:08:00, 24.25, 23.92, 23.69, 18.32, 16.63, 0, 0, 4.38
2019/05/07 04:09:00, 24.25, 23.87, 23.69, 18.35, 16.63, 0, 0, 4.37
2019/05/07 04:10:00, 24.50, 23.88, 23.72, 18.35, 16.64, 0, 0, 4.38
2019/05/07 04:11:00, 24.25, 23.87, 23.66, 18.35, 16.66, 0, 0, 4.38
2019/05/07 04:12:00, 24.25, 23.87, 23.69, 18.40, 16.66, 0, 0, 4.38
2019/05/07 04:13:00, 24.25, 23.88, 23.71, 18.35, 16.66, 0, 0, 4.38
2019/05/07 04:14:00, 24.25, 23.90, 23.71, 18.41, 16.67, 0, 0, 4.37
2019/05/07 04:15:00, 24.25, 23.87, 23.69, 18.41, 16.68, 0, 0, 4.37
2019/05/07 04:16:00, 24.25, 23.87, 23.68, 18.40, 16.66, 0, 0, 4.38
2019/05/07 04:17:00, 24.25, 23.88, 23.69, 18.43, 16.70, 0, 0, 4.37
2019/05/07 04:18:00, 24.25, 23.90, 23.71, 18.41, 16.70, 0, 0, 4.37
2019/05/07 04:19:00, 24.50, 23.87, 23.68, 18.41, 16.70, 0, 0, 4.37
2019/05/07 04:20:00, 24.25, 23.88, 23.71, 18.37, 16.70, 0, 0, 4.37
2019/05/07 04:21:00, 24.25, 23.88, 23.66, 18.41, 16.68, 0, 0, 4.37
2019/05/07 04:22:00, 24.25, 23.88, 23.69, 18.43, 16.70, 0, 0, 4.37
2019/05/07 04:23:00, 24.50, 23.90, 23.71, 18.43, 16.70, 0, 0, 4.38
2019/05/07 04:24:00, 24.25, 23.91, 23.68, 18.43, 16.70, 0, 0, 4.38
2019/05/07 04:25:00, 24.25, 23.87, 23.69, 18.46, 16.72, 0, 0, 4.37
2019/05/07 04:26:00, 24.25, 23.91, 23.69, 18.43, 16.72, 0, 0, 4.37
2019/05/07 04:27:00, 24.25, 23.90, 23.71, 18.46, 16.73, 0, 0, 4.37
2019/05/07 04:28:00, 24.25, 23.90, 23.71, 18.46, 16.72, 0, 0, 4.37
2019/05/07 04:29:00, 24.25, 23.91, 23.69, 18.48, 16.74, 0, 0, 4.37
2019/05/07 04:30:00, 24.50, 23.88, 23.69, 18.41, 16.73, 0, 0, 4.37
2019/05/07 04:31:00, 24.25, 23.88, 23.68, 18.46, 16.75, 0, 0, 4.37
2019/05/07 04:32:00, 24.25, 23.88, 23.69, 18.43, 16.74, 0, 0, 4.37
2019/05/07 04:33:00, 24.25, 23.88, 23.69, 18.51, 16.76, 0, 0, 4.37
2019/05/07 04:34:00, 24.25, 23.88, 23.71, 18.53, 16.76, 0, 0, 4.37
2019/05/07 04:35:00, 24.50, 23.90, 23.69, 18.48, 16.78, 0, 0, 4.38
2019/05/07 04:36:00, 24.25, 23.88, 23.68, 18.50, 16.76, 0, 0, 4.37
2019/05/07 04:37:00, 24.25, 23.88, 23.68, 18.50, 16.76, 0, 0, 4.37
2019/05/07 04:38:00, 24.25, 23.87, 23.69, 18.50, 16.78, 0, 0, 4.37
2019/05/07 04:39:00, 24.50, 23.90, 23.69, 18.51, 16.77, 0, 0, 4.37
2019/05/07 04:40:00, 24.25, 23.88, 23.71, 18.48, 16.78, 0, 0, 4.37
2019/05/07 04:41:00, 24.25, 23.90, 23.68, 18.51, 16.80, 0, 0, 4.37
2019/05/07 04:42:00, 24.50, 23.87, 23.68, 18.54, 16.81, 0, 0, 4.37
2019/05/07 04:43:00, 24.50, 23.88, 23.71, 18.46, 16.78, 0, 0, 4.37
2019/05/07 04:44:00, 24.25, 23.87, 23.69, 18.50, 16.78, 0, 0, 4.37
2019/05/07 04:45:00, 24.25, 23.91, 23.69, 18.51, 16.81, 0, 0, 4.37
2019/05/07 04:46:00, 24.50, 23.88, 23.69, 18.54, 16.81, 0, 0, 4.37
2019/05/07 04:47:00, 24.25, 23.90, 23.69, 18.50, 16.81, 0, 0, 4.37
2019/05/07 04:48:00, 24.25, 23.88, 23.68, 18.56, 16.82, 0, 0, 4.37
2019/05/07 04:49:00, 24.25, 23.90, 23.71, 18.53, 16.83, 0, 0, 4.37
2019/05/07 04:50:00, 24.25, 23.88, 23.68, 18.57, 16.82, 0, 0, 4.37
2019/05/07 04:51:00, 24.25, 23.88, 23.68, 18.57, 16.83, 0, 0, 4.37
2019/05/07 04:52:00, 24.25, 23.90, 23.69, 18.56, 16.82, 0, 0, 4.37
2019/05/07 04:53:00, 24.25, 23.90, 23.69, 18.56, 16.83, 0, 0, 4.37
2019/05/07 04:54:00, 24.25, 23.88, 23.69, 18.62, 16.85, 0, 0, 4.38
2019/05/07 04:55:00, 24.25, 23.90, 23.69, 18.59, 16.85, 0, 0, 4.37
2019/05/07 04:56:00, 24.25, 23.88, 23.71, 18.58, 16.85, 0, 0, 4.37
2019/05/07 04:57:00, 24.25, 23.87, 23.68, 18.61, 16.86, 0, 0, 4.37
2019/05/07 04:58:00, 24.50, 23.87, 23.69, 18.57, 16.86, 0, 0, 4.37
2019/05/07 04:59:00, 24.25, 23.88, 23.71, 18.54, 16.87, 0, 0, 4.37
2019/05/07 05:00:00, 24.25, 23.88, 23.72, 18.59, 16.86, 0, 0, 4.37
2019/05/07 05:01:00, 24.25, 23.88, 23.68, 18.64, 16.88, 0, 0, 4.37
2019/05/07 05:02:00, 24.25, 23.91, 23.68, 18.61, 16.87, 0, 0, 4.37
2019/05/07 05:03:00, 24.25, 23.90, 23.72, 18.54, 16.88, 0, 0, 4.37
2019/05/07 05:04:00, 24.25, 23.87, 23.69, 18.56, 16.88, 0, 0, 4.37
2019/05/07 05:05:00, 24.25, 23.90, 23.71, 18.59, 16.88, 0, 0, 4.37
2019/05/07 05:06:00, 24.25, 23.90, 23.71, 18.59, 16.91, 0, 0, 4.37
2019/05/07 05:07:00, 24.25, 23.90, 23.68, 18.61, 16.89, 0, 0, 4.37
2019/05/07 05:08:00, 24.25, 23.91, 23.69, 18.64, 16.89, 0, 0, 4.37
2019/05/07 05:09:00, 24.25, 23.88, 23.68, 18.56, 16.89, 0, 0, 4.38
2019/05/07 05:10:00, 24.25, 23.88, 23.71, 18.59, 16.89, 0, 0, 4.37
2019/05/07 05:11:00, 24.25, 23.88, 23.72, 18.61, 16.91, 0, 0, 4.37
2019/05/07 05:12:00, 24.25, 23.88, 23.69, 18.66, 16.91, 0, 0, 4.38
2019/05/07 05:13:00, 24.25, 23.91, 23.69, 18.63, 16.90, 0, 0, 4.37
2019/05/07 05:14:00, 24.25, 23.88, 23.69, 18.64, 16.92, 0, 0, 4.38
2019/05/07 05:15:00, 24.25, 23.88, 23.71, 18.63, 16.92, 0, 0, 4.38
2019/05/07 05:16:00, 24.25, 23.88, 23.71, 18.67, 16.92, 0, 0, 4.37
2019/05/07 05:17:00, 24.25, 23.87, 23.69, 18.69, 16.92, 0, 0, 4.37
2019/05/07 05:18:00, 24.25, 23.87, 23.72, 18.64, 16.93, 0, 0, 4.37
2019/05/07 05:19:00, 24.25, 23.90, 23.72, 18.66, 16.94, 0, 0, 4.37
2019/05/07 05:20:00, 24.25, 23.88, 23.71, 18.66, 16.94, 0, 0, 4.37
2019/05/07 05:21:00, 24.25, 23.88, 23.71, 18.64, 16.93, 0, 0, 4.37
2019/05/07 05:22:00, 24.25, 23.88, 23.69, 18.66, 16.93, 0, 0, 4.37
2019/05/07 05:23:00, 24.25, 23.88, 23.69, 18.67, 16.95, 0, 0, 4.37
2019/05/07 05:24:00, 24.25, 23.88, 23.69, 18.67, 16.97, 0, 0, 4.37
2019/05/07 05:25:00, 24.25, 23.88, 23.72, 18.71, 16.95, 0, 0, 4.37
2019/05/07 05:26:00, 24.25, 23.91, 23.69, 18.69, 16.96, 0, 0, 4.37
2019/05/07 05:27:00, 24.25, 23.88, 23.69, 18.67, 16.97, 0, 0, 4.37
2019/05/07 05:28:00, 24.25, 23.91, 23.69, 18.69, 16.95, 0, 0, 4.37
2019/05/07 05:29:00, 24.25, 23.88, 23.72, 18.67, 16.94, 0, 0, 4.37
2019/05/07 05:30:00, 24.25, 23.87, 23.69, 18.66, 16.94, 0, 0, 4.37
2019/05/07 05:31:00, 24.25, 23.88, 23.69, 18.72, 16.94, 0, 0, 4.37
2019/05/07 05:32:00, 24.25, 23.88, 23.72, 18.69, 16.97, 0, 0, 4.37
2019/05/07 05:33:00, 24.25, 23.85, 23.69, 18.71, 16.97, 0, 0, 4.37
2019/05/07 05:34:00, 24.25, 23.85, 23.71, 18.64, 16.95, 0, 0, 4.37
2019/05/07 05:35:00, 24.25, 23.90, 23.69, 18.69, 16.97, 0, 0, 4.37
2019/05/07 05:36:00, 24.25, 23.87, 23.73, 18.69, 16.97, 0, 0, 4.37
2019/05/07 05:37:00, 24.25, 23.88, 23.73, 18.71, 16.97, 0, 0, 4.37
2019/05/07 05:38:00, 24.25, 23.88, 23.72, 18.72, 16.97, 0, 0, 4.37
2019/05/07 05:39:00, 24.25, 23.88, 23.68, 18.69, 16.99, 0, 0, 4.37
2019/05/07 05:40:00, 24.25, 23.92, 23.69, 18.74, 16.97, 0, 0, 4.37
2019/05/07 05:41:00, 24.25, 23.90, 23.69, 18.70, 16.97, 0, 0, 4.37
2019/05/07 05:42:00, 24.25, 23.91, 23.68, 18.72, 16.97, 0, 0, 4.37
2019/05/07 05:43:00, 24.25, 23.88, 23.69, 18.72, 16.97, 0, 0, 4.37
2019/05/07 05:44:00, 24.25, 23.92, 23.69, 18.71, 16.96, 0, 0, 4.37
2019/05/07 05:45:00, 24.25, 23.88, 23.72, 18.69, 16.98, 0, 0, 4.37
2019/05/07 05:46:00, 24.25, 23.88, 23.71, 18.72, 16.98, 0, 0, 4.37
2019/05/07 05:47:00, 24.25, 23.91, 23.73, 18.69, 16.96, 0, 0, 4.37
2019/05/07 05:48:00, 24.25, 23.90, 23.73, 18.66, 16.97, 0, 0, 4.37
2019/05/07 05:49:00, 24.50, 23.90, 23.69, 18.72, 16.97, 0, 0, 4.37
2019/05/07 05:50:00, 24.25, 23.88, 23.71, 18.72, 16.97, 0, 0, 4.37
2019/05/07 05:51:00, 24.50, 23.88, 23.72, 18.72, 16.97, 0, 0, 4.37
2019/05/07 05:52:00, 24.25, 23.90, 23.72, 18.69, 16.99, 0, 0, 4.37
2019/05/07 05:53:00, 24.50, 23.88, 23.72, 18.74, 16.97, 0, 0, 4.37
2019/05/07 05:54:00, 24.25, 23.90, 23.71, 18.69, 16.96, 0, 0, 4.37
2019/05/07 05:55:00, 24.50, 23.92, 23.71, 18.69, 16.98, 0, 0, 4.37
2019/05/07 05:56:00, 24.25, 23.90, 23.73, 18.74, 17.00, 0, 0, 4.37
2019/05/07 05:57:00, 24.25, 23.90, 23.73, 18.72, 16.99, 0, 0, 4.37
2019/05/07 05:58:00, 24.50, 23.90, 23.69, 18.64, 16.96, 0, 0, 4.37
2019/05/07 05:59:00, 24.25, 23.91, 23.72, 18.72, 16.97, 0, 0, 4.37
2019/05/07 06:00:00, 24.25, 23.91, 23.69, 18.72, 16.97, 0, 0, 4.37
2019/05/07 06:01:00, 24.25, 23.91, 23.72, 18.72, 16.99, 0, 0, 4.37
2019/05/07 06:02:00, 24.50, 23.88, 23.72, 18.72, 16.99, 0, 0, 4.37
2019/05/07 06:03:00, 24.25, 23.88, 23.71, 18.74, 16.99, 0, 0, 4.37
2019/05/07 06:04:00, 24.25, 23.88, 23.69, 18.74, 17.00, 0, 0, 4.37
2019/05/07 06:05:00, 24.25, 23.87, 23.71, 18.70, 17.01, 0, 0, 4.37
2019/05/07 06:06:00, 24.25, 23.85, 23.69, 18.71, 17.01, 0, 0, 4.37
2019/05/07 06:07:00, 24.25, 23.90, 23.69, 18.74, 17.01, 0, 0, 4.37
2019/05/07 06:08:00, 24.50, 23.90, 23.69, 18.72, 16.99, 0, 0, 4.37
2019/05/07 06:09:00, 24.25, 23.88, 23.73, 18.77, 17.01, 0, 0, 4.37
2019/05/07 06:10:00, 24.25, 23.88, 23.72, 18.71, 17.01, 0, 0, 4.37
2019/05/07 06:11:00, 24.50, 23.91, 23.72, 18.72, 16.99, 0, 0, 4.37
2019/05/07 06:12:00, 24.25, 23.90, 23.74, 18.72, 16.99, 0, 0, 4.37
2019/05/07 06:13:00, 24.50, 23.91, 23.71, 18.75, 16.99, 0, 0, 4.37
2019/05/07 06:14:00, 24.50, 23.91, 23.72, 18.72, 17.01, 0, 0, 4.37
2019/05/07 06:15:00, 24.25, 23.91, 23.72, 18.76, 16.98, 0, 0, 4.37
2019/05/07 06:16:00, 24.50, 23.90, 23.73, 18.71, 17.00, 0, 0, 4.37
2019/05/07 06:17:00, 24.50, 23.92, 23.72, 18.72, 16.97, 0, 0, 4.37
2019/05/07 06:18:00, 24.25, 23.90, 23.69, 18.67, 16.99, 0, 0, 4.37
2019/05/07 06:19:00, 24.25, 23.90, 23.72, 18.71, 16.98, 0, 0, 4.37
2019/05/07 06:20:00, 24.50, 23.90, 23.69, 18.74, 17.01, 0, 0, 4.37
2019/05/07 06:21:00, 24.50, 23.87, 23.69, 18.77, 17.01, 0, 0, 4.37
2019/05/07 06:22:00, 24.50, 23.88, 23.72, 18.79, 17.01, 0, 0, 4.37
2019/05/07 06:23:00, 24.50, 23.91, 23.71, 18.75, 17.02, 0, 0, 4.37
2019/05/07 06:24:00, 24.25, 23.90, 23.71, 18.74, 17.00, 0, 0, 4.37
2019/05/07 06:25:00, 24.25, 23.90, 23.71, 18.72, 17.01, 0, 0, 4.37
2019/05/07 06:26:00, 24.50, 23.90, 23.72, 18.74, 17.01, 0, 0, 4.37
2019/05/07 06:27:00, 24.50, 23.91, 23.73, 18.74, 16.99, 0, 0, 4.37
2019/05/07 06:28:00, 24.25, 23.90, 23.71, 18.72, 16.98, 0, 0, 4.37
2019/05/07 06:29:00, 24.50, 23.91, 23.73, 18.75, 17.01, 0, 0, 4.37
2019/05/07 06:30:00, 24.50, 23.91, 23.74, 18.77, 17.00, 0, 0, 4.37
2019/05/07 06:31:00, 24.50, 23.90, 23.71, 18.74, 17.00, 0, 0, 4.37
2019/05/07 06:32:00, 24.25, 23.88, 23.71, 18.66, 17.01, 0, 0, 4.37
2019/05/07 06:33:00, 24.25, 23.90, 23.71, 18.77, 17.00, 0, 0, 4.37
2019/05/07 06:34:00, 24.50, 23.94, 23.74, 18.79, 17.01, 0, 0, 4.37
2019/05/07 06:35:00, 24.50, 23.91, 23.73, 18.75, 17.00, 0, 0, 4.37
2019/05/07 06:36:00, 24.50, 23.91, 23.74, 18.68, 17.00, 0, 0, 4.37
2019/05/07 06:37:00, 24.50, 23.91, 23.75, 18.66, 16.99, 0, 0, 4.37
2019/05/07 06:38:00, 24.50, 23.94, 23.74, 18.76, 16.99, 0, 0, 4.37
2019/05/07 06:39:00, 24.50, 23.91, 23.73, 18.72, 16.99, 0, 0, 4.37
2019/05/07 06:40:00, 24.50, 23.92, 23.73, 18.75, 17.01, 0, 0, 4.37
2019/05/07 06:41:00, 24.50, 23.94, 23.72, 18.74, 17.01, 0, 0, 4.37
2019/05/07 06:42:00, 24.25, 23.91, 23.73, 18.75, 17.00, 0, 0, 4.37
2019/05/07 06:43:00, 24.50, 23.92, 23.74, 18.74, 17.00, 0, 0, 4.37
2019/05/07 06:44:00, 24.50, 23.91, 23.75, 18.74, 17.01, 0, 0, 4.37
2019/05/07 06:45:00, 24.50, 23.94, 23.74, 18.75, 17.01, 0, 0, 4.37
2019/05/07 06:46:00, 24.25, 23.90, 23.74, 18.75, 17.01, 0, 0, 4.37
2019/05/07 06:47:00, 24.50, 23.91, 23.71, 18.71, 17.02, 0, 0, 4.37
2019/05/07 06:48:00, 24.50, 23.92, 23.72, 18.74, 17.01, 0, 0, 4.37
2019/05/07 06:49:00, 24.50, 23.91, 23.73, 18.77, 17.04, 0, 0, 4.37
2019/05/07 06:50:00, 24.50, 23.91, 23.71, 18.80, 17.04, 0, 0, 4.37
2019/05/07 06:51:00, 24.50, 23.92, 23.73, 18.79, 17.05, 0, 0, 4.37
2019/05/07 06:52:00, 24.50, 23.91, 23.74, 18.79, 17.06, 0, 0, 4.37
2019/05/07 06:53:00, 24.50, 23.90, 23.72, 18.82, 17.06, 0, 0, 4.37
2019/05/07 06:54:00, 24.50, 23.92, 23.74, 18.79, 17.04, 0, 0, 4.37
2019/05/07 06:55:00, 24.50, 23.92, 23.72, 18.79, 17.07, 0, 0, 4.37
2019/05/07 06:56:00, 24.50, 23.92, 23.73, 18.81, 17.07, 0, 0, 4.37
2019/05/07 06:57:00, 24.50, 23.91, 23.72, 18.77, 17.08, 0, 0, 4.37
2019/05/07 06:58:00, 24.50, 23.94, 23.73, 18.77, 17.08, 0, 0, 4.37
2019/05/07 06:59:00, 24.50, 23.91, 23.74, 18.85, 17.09, 0, 0, 4.37
2019/05/07 07:00:00, 24.50, 23.94, 23.72, 18.81, 17.08, 0, 0, 4.37
2019/05/07 07:01:00, 24.50, 23.91, 23.74, 18.79, 17.07, 0, 0, 4.37
2019/05/07 07:02:00, 24.50, 23.91, 23.74, 18.92, 17.10, 0, 0, 4.37
2019/05/07 07:03:00, 24.50, 23.91, 23.75, 18.82, 17.10, 0, 0, 4.37
2019/05/07 07:04:00, 24.50, 23.91, 23.76, 18.84, 17.09, 0, 0, 4.37
2019/05/07 07:05:00, 24.50, 23.91, 23.74, 18.82, 17.10, 0, 0, 4.37
2019/05/07 07:06:00, 24.50, 23.94, 23.75, 18.84, 17.10, 0, 0, 4.37
2019/05/07 07:07:00, 24.50, 23.94, 23.76, 18.86, 17.13, 0, 0, 4.37
2019/05/07 07:08:00, 24.50, 23.97, 23.75, 18.89, 17.10, 0, 0, 4.37
2019/05/07 07:09:00, 24.50, 23.95, 23.76, 18.82, 17.12, 0, 0, 4.37
2019/05/07 07:10:00, 24.50, 23.95, 23.76, 18.86, 17.11, 0, 0, 4.37
2019/05/07 07:11:00, 24.50, 23.95, 23.76, 18.81, 17.13, 0, 0, 4.37
2019/05/07 07:12:00, 24.50, 23.95, 23.76, 18.87, 17.11, 0, 0, 4.37
2019/05/07 07:13:00, 24.50, 23.97, 23.78, 18.84, 17.13, 0, 0, 4.37
2019/05/07 07:14:00, 24.50, 23.98, 23.79, 18.82, 17.11, 0, 0, 4.37
2019/05/07 07:15:00, 24.50, 23.95, 23.76, 18.82, 17.13, 0, 0, 4.37
2019/05/07 07:16:00, 24.50, 23.97, 23.76, 18.86, 17.13, 0, 0, 4.37
2019/05/07 07:17:00, 24.50, 23.98, 23.77, 18.86, 17.13, 0, 0, 4.37
2019/05/07 07:18:00, 24.50, 23.95, 23.78, 18.89, 17.15, 0, 0, 4.37
2019/05/07 07:19:00, 24.50, 23.97, 23.79, 18.89, 17.15, 0, 0, 4.37
2019/05/07 07:20:00, 24.50, 23.95, 23.76, 18.87, 17.16, 0, 0, 4.37
2019/05/07 07:21:00, 24.50, 23.95, 23.78, 18.91, 17.17, 0, 0, 4.37
2019/05/07 07:22:00, 24.50, 23.94, 23.77, 18.91, 17.17, 0, 0, 4.37
2019/05/07 07:23:00, 24.50, 23.94, 23.76, 18.91, 17.17, 0, 0, 4.37
2019/05/07 07:24:00, 24.50, 23.98, 23.77, 18.87, 17.19, 0, 0, 4.37
2019/05/07 07:25:00, 24.50, 23.97, 23.78, 18.91, 17.20, 0, 0, 4.37
2019/05/07 07:26:00, 24.50, 23.95, 23.76, 18.95, 17.21, 0, 0, 4.37
2019/05/07 07:27:00, 24.50, 23.97, 23.78, 18.92, 17.20, 0, 0, 4.37
2019/05/07 07:28:00, 24.50, 23.97, 23.78, 18.98, 17.21, 0, 0, 4.37
2019/05/07 07:29:00, 24.50, 23.97, 23.78, 19.00, 17.20, 0, 0, 4.37
2019/05/07 07:30:00, 24.50, 23.98, 23.77, 18.97, 17.23, 0, 0, 4.37
2019/05/07 07:31:00, 24.50, 23.97, 23.78, 18.97, 17.25, 0, 0, 4.37
2019/05/07 07:32:00, 24.50, 23.98, 23.77, 18.97, 17.22, 0, 0, 4.37
2019/05/07 07:33:00, 24.50, 23.97, 23.79, 18.99, 17.25, 0, 0, 4.37
2019/05/07 07:34:00, 24.50, 23.97, 23.78, 18.95, 17.24, 0, 0, 4.37
2019/05/07 07:35:00, 24.50, 23.98, 23.76, 18.99, 17.26, 0, 0, 4.37
2019/05/07 07:36:00, 24.50, 23.97, 23.77, 19.04, 17.27, 0, 0, 4.37
2019/05/07 07:37:00, 24.50, 23.97, 23.79, 19.02, 17.28, 0, 0, 4.37
2019/05/07 07:38:00, 24.50, 23.95, 23.79, 18.99, 17.28, 0, 0, 4.37
2019/05/07 07:39:00, 24.50, 23.97, 23.76, 19.04, 17.30, 0, 0, 4.37
2019/05/07 07:40:00, 24.50, 23.95, 23.73, 19.05, 17.32, 0, 0, 4.37
2019/05/07 07:41:00, 24.50, 23.94, 23.77, 19.08, 17.35, 0, 0, 4.37
2019/05/07 07:42:00, 24.50, 23.92, 23.74, 19.10, 17.36, 0, 0, 4.37
2019/05/07 07:43:00, 24.50, 23.91, 23.74, 19.08, 17.37, 0, 0, 4.37
2019/05/07 07:44:00, 24.50, 23.91, 23.72, 19.10, 17.35, 0, 0, 4.37
2019/05/07 07:45:00, 24.50, 23.87, 23.72, 19.10, 17.40, 0, 0, 4.37
2019/05/07 07:46:00, 24.50, 23.88, 23.72, 19.18, 17.47, 0, 0, 4.37
2019/05/07 07:47:00, 24.50, 23.88, 23.71, 19.17, 17.43, 0, 0, 4.37
2019/05/07 07:48:00, 24.50, 23.87, 23.71, 19.21, 17.49, 0, 0, 4.37
2019/05/07 07:49:00, 24.50, 23.85, 23.68, 19.35, 17.51, 0, 0, 4.37
2019/05/07 07:50:00, 24.50, 23.88, 23.67, 19.37, 17.61, 0, 0, 4.37
2019/05/07 07:51:00, 24.50, 23.87, 23.67, 19.32, 17.62, 0, 0, 4.37
2019/05/07 07:52:00, 24.50, 23.85, 23.65, 19.35, 17.60, 0, 0, 4.37
2019/05/07 07:53:00, 24.50, 23.87, 23.66, 19.42, 17.65, 0, 0, 4.37
2019/05/07 07:54:00, 24.50, 23.87, 23.71, 19.37, 17.65, 0, 0, 4.37
2019/05/07 07:55:00, 24.50, 23.87, 23.67, 19.42, 17.66, 0, 0, 4.37
2019/05/07 07:56:00, 24.50, 23.85, 23.66, 19.35, 17.63, 0, 0, 4.37
2019/05/07 07:57:00, 24.50, 23.85, 23.66, 19.40, 17.65, 0, 0, 4.37
2019/05/07 07:58:00, 24.50, 23.85, 23.69, 19.45, 17.68, 0, 0, 4.37
2019/05/07 07:59:00, 24.50, 23.88, 23.69, 19.42, 17.71, 0, 0, 4.37
2019/05/07 08:00:00, 24.50, 23.90, 23.71, 19.45, 17.69, 0, 0, 4.37
2019/05/07 08:01:00, 24.50, 23.90, 23.69, 19.52, 17.73, 0, 0, 4.37
2019/05/07 08:02:00, 24.50, 23.91, 23.74, 19.49, 17.73, 0, 0, 4.37
2019/05/07 08:03:00, 24.50, 23.92, 23.75, 19.49, 17.74, 0, 0, 4.37
2019/05/07 08:04:00, 24.50, 23.94, 23.73, 19.44, 17.74, 0, 0, 4.37
2019/05/07 08:05:00, 24.50, 23.95, 23.74, 19.49, 17.73, 0, 0, 4.37
2019/05/07 08:06:00, 24.50, 23.97, 23.75, 19.42, 17.75, 0, 0, 4.37
2019/05/07 08:07:00, 24.50, 23.95, 23.76, 19.50, 17.75, 0, 0, 4.37
2019/05/07 08:08:00, 24.50, 23.95, 23.78, 19.49, 17.75, 0, 0, 4.37
2019/05/07 08:09:00, 24.50, 23.97, 23.78, 19.51, 17.75, 0, 0, 4.37
2019/05/07 08:10:00, 24.50, 23.95, 23.77, 19.47, 17.74, 0, 0, 4.37
2019/05/07 08:11:00, 24.50, 23.97, 23.78, 19.52, 17.77, 0, 0, 4.37
2019/05/07 08:12:00, 24.50, 23.98, 23.79, 19.47, 17.76, 0, 0, 4.37
2019/05/07 08:13:00, 24.50, 24.01, 23.81, 19.51, 17.75, 0, 0, 4.37
2019/05/07 08:14:00, 24.50, 23.98, 23.79, 19.51, 17.75, 0, 0, 4.37
2019/05/07 08:15:00, 24.50, 23.99, 23.79, 19.45, 17.78, 0, 0, 4.37
2019/05/07 08:16:00, 24.50, 24.01, 23.81, 19.51, 17.78, 0, 0, 4.37
2019/05/07 08:17:00, 24.50, 23.99, 23.81, 19.47, 17.78, 0, 0, 4.37
2019/05/07 08:18:00, 24.50, 24.01, 23.80, 19.52, 17.78, 0, 0, 4.37
2019/05/07 08:19:00, 24.50, 24.02, 23.86, 19.49, 17.79, 0, 0, 4.37
2019/05/07 08:20:00, 24.50, 24.04, 23.87, 19.56, 17.78, 0, 0, 4.37
2019/05/07 08:21:00, 24.50, 24.08, 23.87, 19.56, 17.80, 0, 0, 4.37
2019/05/07 08:22:00, 24.50, 24.05, 23.89, 19.58, 17.81, 0, 0, 4.37
2019/05/07 08:23:00, 24.50, 24.05, 23.89, 19.61, 17.83, 0, 0, 4.37
2019/05/07 08:24:00, 24.50, 24.08, 23.90, 19.63, 17.86, 0, 0, 4.37
2019/05/07 08:25:00, 24.50, 24.12, 23.90, 19.58, 17.88, 0, 0, 4.37
2019/05/07 08:26:00, 24.50, 24.11, 23.92, 19.61, 17.90, 0, 0, 4.37
2019/05/07 08:27:00, 24.50, 24.12, 23.93, 19.58, 17.87, 0, 0, 4.37
2019/05/07 08:28:00, 24.50, 24.11, 23.93, 19.65, 17.85, 0, 0, 4.37
2019/05/07 08:29:00, 24.50, 24.12, 23.95, 19.61, 17.88, 0, 0, 4.37
2019/05/07 08:30:00, 24.50, 24.12, 23.95, 19.63, 17.88, 0, 0, 4.37
2019/05/07 08:31:00, 24.50, 24.12, 23.95, 19.62, 17.87, 0, 0, 4.37
2019/05/07 08:32:00, 24.50, 24.14, 23.94, 19.63, 17.89, 0, 0, 4.37
2019/05/07 08:33:00, 24.50, 24.11, 23.96, 19.66, 17.88, 0, 0, 4.37
2019/05/07 08:34:00, 24.50, 24.16, 23.96, 19.65, 17.90, 0, 0, 4.37
2019/05/07 08:35:00, 24.50, 24.14, 23.94, 19.66, 17.89, 0, 0, 4.37
2019/05/07 08:36:00, 24.50, 24.12, 23.95, 19.68, 17.90, 0, 0, 4.37
2019/05/07 08:37:00, 24.50, 24.14, 23.95, 19.68, 17.90, 0, 0, 4.37
2019/05/07 08:38:00, 24.50, 24.14, 23.94, 19.65, 17.91, 0, 0, 4.37
2019/05/07 08:39:00, 24.50, 24.15, 23.96, 19.68, 17.93, 0, 0, 4.37
2019/05/07 08:40:00, 24.50, 24.15, 23.97, 19.70, 17.94, 0, 0, 4.37
2019/05/07 08:41:00, 24.50, 24.15, 23.95, 19.68, 17.95, 0, 0, 4.37
2019/05/07 08:42:00, 24.50, 24.16, 23.97, 19.73, 17.94, 0, 0, 4.37
2019/05/07 08:43:00, 24.50, 24.14, 23.98, 19.63, 17.94, 0, 0, 4.37
2019/05/07 08:44:00, 24.50, 24.15, 24.00, 19.68, 17.94, 0, 0, 4.37
2019/05/07 08:45:00, 24.50, 24.18, 23.98, 19.66, 17.93, 0, 0, 4.37
2019/05/07 08:46:00, 24.50, 24.18, 23.97, 19.73, 17.97, 0, 0, 4.37
2019/05/07 08:47:00, 24.50, 24.18, 24.00, 19.76, 17.99, 0, 0, 4.37
2019/05/07 08:48:00, 24.50, 24.18, 24.00, 19.76, 17.99, 0, 0, 4.37
2019/05/07 08:49:00, 24.50, 24.18, 23.97, 19.70, 17.97, 0, 0, 4.37
2019/05/07 08:50:00, 24.50, 24.15, 23.97, 19.78, 17.97, 0, 0, 4.37
2019/05/07 08:51:00, 24.50, 24.18, 23.97, 19.76, 18.00, 0, 0, 4.37
2019/05/07 08:52:00, 24.50, 24.16, 23.98, 19.76, 18.02, 0, 0, 4.37
2019/05/07 08:53:00, 24.50, 24.16, 24.02, 19.75, 18.02, 0, 0, 4.37
2019/05/07 08:54:00, 24.50, 24.18, 24.01, 19.78, 18.01, 0, 0, 4.37
2019/05/07 08:55:00, 24.50, 24.18, 24.00, 19.73, 18.04, 0, 0, 4.37
2019/05/07 08:56:00, 24.50, 24.15, 24.00, 19.78, 18.02, 0, 0, 4.37
2019/05/07 08:57:00, 24.50, 24.16, 23.97, 19.84, 18.07, 0, 0, 4.37
2019/05/07 08:58:00, 24.50, 24.15, 24.01, 19.92, 18.13, 0, 0, 4.37
2019/05/07 08:59:00, 24.50, 24.18, 23.97, 19.87, 18.15, 0, 0, 4.37
2019/05/07 09:00:00, 24.50, 24.16, 23.97, 19.86, 18.14, 0, 0, 4.37
2019/05/07 09:01:00, 24.50, 24.15, 23.98, 19.88, 18.13, 0, 0, 4.37
2019/05/07 09:02:00, 24.50, 24.18, 23.95, 19.89, 18.14, 0, 0, 4.37
2019/05/07 09:03:00, 24.50, 24.15, 23.95, 19.89, 18.16, 0, 0, 4.37
2019/05/07 09:04:00, 24.50, 24.12, 23.96, 19.95, 18.16, 0, 0, 4.37
2019/05/07 09:05:00, 24.50, 24.14, 23.97, 19.96, 18.17, 0, 0, 4.37
2019/05/07 09:06:00, 24.50, 24.14, 23.94, 19.92, 18.16, 0, 0, 4.37
2019/05/07 09:07:00, 24.50, 24.15, 23.94, 19.94, 18.19, 0, 0, 4.37
2019/05/07 09:08:00, 24.50, 24.14, 23.95, 19.96, 18.22, 0, 0, 4.37
2019/05/07 09:09:00, 24.50, 24.15, 23.97, 19.97, 18.22, 0, 0, 4.37
2019/05/07 09:10:00, 24.50, 24.15, 23.95, 19.97, 18.21, 0, 0, 4.37
2019/05/07 09:11:00, 24.50, 24.16, 23.97, 19.91, 18.19, 0, 0, 4.37
2019/05/07 09:12:00, 24.50, 24.14, 23.98, 19.95, 18.16, 0, 0, 4.37
2019/05/07 09:13:00, 24.50, 24.16, 23.95, 19.91, 18.17, 0, 0, 4.37
2019/05/07 09:14:00, 24.50, 24.14, 23.96, 19.85, 18.17, 0, 0, 4.37
2019/05/07 09:15:00, 24.50, 24.12, 23.97, 19.86, 18.16, 0, 0, 4.37
2019/05/07 09:16:00, 24.50, 24.15, 23.97, 19.90, 18.15, 0, 0, 4.37
2019/05/07 09:17:00, 24.50, 24.15, 23.97, 19.94, 18.16, 0, 0, 4.37
2019/05/07 09:18:00, 24.50, 24.14, 23.97, 19.90, 18.14, 0, 0, 4.37
2019/05/07 09:19:00, 24.50, 24.15, 23.95, 19.92, 18.13, 0, 0, 4.37
2019/05/07 09:20:00, 24.50, 24.15, 23.96, 19.89, 18.14, 0, 0, 4.37
2019/05/07 09:21:00, 24.50, 24.15, 23.97, 19.84, 18.14, 0, 0, 4.37
2019/05/07 09:22:00, 24.50, 24.16, 23.97, 19.88, 18.14, 0, 0, 4.37
2019/05/07 09:23:00, 24.50, 24.16, 23.97, 19.92, 18.16, 0, 0, 4.37
2019/05/07 09:24:00, 24.50, 24.14, 23.98, 19.91, 18.15, 0, 0, 4.37
2019/05/07 09:25:00, 24.50, 24.12, 23.95, 19.91, 18.16, 0, 0, 4.37
2019/05/07 09:26:00, 24.50, 24.14, 23.98, 19.88, 18.15, 0, 0, 4.37
2019/05/07 09:27:00, 24.50, 24.14, 23.96, 19.91, 18.14, 0, 0, 4.37
2019/05/07 09:28:00, 24.50, 24.15, 23.96, 19.92, 18.16, 0, 0, 4.37
2019/05/07 09:29:00, 24.50, 24.15, 23.97, 19.94, 18.16, 0, 0, 4.37
2019/05/07 09:30:00, 24.50, 24.15, 23.96, 19.96, 18.17, 0, 0, 4.37
2019/05/07 09:31:00, 24.50, 24.12, 23.96, 19.86, 18.14, 0, 0, 4.37
2019/05/07 09:32:00, 24.50, 24.12, 23.93, 20.02, 18.19, 0, 0, 4.37
2019/05/07 09:33:00, 24.50, 24.14, 23.94, 20.05, 18.25, 0, 0, 4.37
2019/05/07 09:34:00, 24.50, 24.12, 23.92, 20.00, 18.27, 0, 0, 4.37
2019/05/07 09:35:00, 24.50, 24.12, 23.93, 20.02, 18.30, 0, 0, 4.37
2019/05/07 09:36:00, 24.50, 24.14, 23.95, 19.99, 18.26, 0, 0, 4.37
2019/05/07 09:37:00, 24.50, 24.15, 23.95, 20.04, 18.26, 0, 0, 4.37
2019/05/07 09:38:00, 24.50, 24.15, 23.95, 20.01, 18.27, 0, 0, 4.37
2019/05/07 09:39:00, 24.50, 24.15, 23.97, 20.02, 18.26, 0, 0, 4.37
2019/05/07 09:40:00, 24.50, 24.15, 23.95, 20.01, 18.28, 0, 0, 4.37
2019/05/07 09:41:00, 24.50, 24.16, 23.98, 20.05, 18.30, 0, 0, 4.37
2019/05/07 09:42:00, 24.50, 24.15, 23.97, 20.05, 18.29, 0, 0, 4.37
2019/05/07 09:43:00, 24.50, 24.14, 23.97, 20.09, 18.32, 0, 0, 4.37
2019/05/07 09:44:00, 24.50, 24.16, 23.95, 20.13, 18.33, 0, 0, 4.37
2019/05/07 09:45:00, 24.50, 24.14, 23.97, 20.05, 18.33, 0, 0, 4.37
2019/05/07 09:46:00, 24.50, 24.18, 23.98, 20.09, 18.33, 0, 0, 4.37
2019/05/07 09:47:00, 24.50, 24.15, 23.98, 20.09, 18.33, 0, 0, 4.37
2019/05/07 09:48:00, 24.50, 24.18, 24.01, 20.02, 18.34, 0, 0, 4.37
2019/05/07 09:49:00, 24.50, 24.16, 23.97, 20.09, 18.34, 0, 0, 4.37
2019/05/07 09:50:00, 24.50, 24.16, 23.97, 20.13, 18.35, 0, 0, 4.37
2019/05/07 09:51:00, 24.50, 24.18, 23.97, 20.12, 18.35, 0, 0, 4.37
2019/05/07 09:52:00, 24.50, 24.15, 23.98, 20.05, 18.36, 0, 0, 4.37
2019/05/07 09:53:00, 24.50, 24.16, 23.98, 20.12, 18.36, 0, 0, 4.37
2019/05/07 09:54:00, 24.50, 24.16, 23.98, 20.12, 18.36, 0, 0, 4.37
2019/05/07 09:55:00, 24.50, 24.16, 23.98, 20.12, 18.36, 0, 0, 4.37
2019/05/07 09:56:00, 24.50, 24.19, 24.00, 20.12, 18.35, 0, 0, 4.37
2019/05/07 09:57:00, 24.50, 24.16, 24.00, 20.10, 18.33, 0, 0, 4.37
2019/05/07 09:58:00, 24.50, 24.18, 24.02, 20.10, 18.34, 0, 0, 4.37
2019/05/07 09:59:00, 24.50, 24.20, 24.00, 20.04, 18.34, 0, 0, 4.37
2019/05/07 10:00:00, 24.50, 24.18, 24.01, 20.01, 18.31, 0, 0, 4.37
2019/05/07 10:01:00, 24.50, 24.18, 24.00, 20.07, 18.33, 0, 0, 4.37
2019/05/07 10:02:00, 24.50, 24.18, 24.00, 20.07, 18.33, 0, 0, 4.37
2019/05/07 10:03:00, 24.50, 24.18, 24.00, 20.07, 18.33, 0, 0, 4.37
2019/05/07 10:04:00, 24.50, 24.18, 24.01, 20.07, 18.31, 0, 0, 4.37
2019/05/07 10:05:00, 24.50, 24.19, 23.98, 20.07, 18.32, 0, 0, 4.37
2019/05/07 10:06:00, 24.50, 24.19, 24.01, 20.10, 18.31, 0, 0, 4.37
2019/05/07 10:07:00, 24.50, 24.19, 24.02, 20.04, 18.29, 0, 0, 4.37
2019/05/07 10:08:00, 24.50, 24.19, 24.01, 20.06, 18.31, 0, 0, 4.37
2019/05/07 10:09:00, 24.50, 24.18, 24.02, 20.07, 18.29, 0, 0, 4.37
2019/05/07 10:10:00, 24.50, 24.18, 24.00, 19.99, 18.27, 0, 0, 4.37
2019/05/07 10:11:00, 24.50, 24.16, 23.98, 19.99, 18.25, 0, 0, 4.37
2019/05/07 10:12:00, 24.50, 24.15, 24.00, 20.13, 18.32, 0, 0, 4.37
2019/05/07 10:13:00, 24.50, 24.16, 24.01, 20.13, 18.33, 0, 0, 4.37
2019/05/07 10:14:00, 24.50, 24.19, 23.97, 20.02, 18.32, 0, 0, 4.37
2019/05/07 10:15:00, 24.50, 24.16, 24.01, 19.96, 18.28, 0, 0, 4.37
2019/05/07 10:16:00, 24.50, 24.16, 24.02, 19.99, 18.26, 0, 0, 4.37
2019/05/07 10:17:00, 24.50, 24.16, 24.01, 19.99, 18.26, 0, 0, 4.37
2019/05/07 10:18:00, 24.50, 24.18, 24.01, 19.97, 18.26, 0, 0, 4.37
2019/05/07 10:19:00, 24.50, 24.18, 24.01, 19.99, 18.23, 0, 0, 4.37
2019/05/07 10:20:00, 24.50, 24.19, 24.02, 19.99, 18.23, 0, 0, 4.37
2019/05/07 10:21:00, 24.50, 24.19, 24.01, 19.97, 18.20, 0, 0, 4.37
2019/05/07 10:22:00, 24.50, 24.16, 24.01, 19.94, 18.20, 0, 0, 4.37
2019/05/07 10:23:00, 24.50, 24.20, 24.04, 19.84, 18.18, 0, 0, 4.37
2019/05/07 10:24:00, 24.50, 24.19, 24.03, 19.88, 18.19, 0, 0, 4.37
2019/05/07 10:25:00, 24.50, 24.18, 24.02, 19.86, 18.16, 0, 0, 4.37
2019/05/07 10:26:00, 24.50, 24.20, 24.03, 19.86, 18.16, 0, 0, 4.37
2019/05/07 10:27:00, 24.50, 24.23, 24.04, 19.88, 18.13, 0, 0, 4.37
2019/05/07 10:28:00, 24.50, 24.23, 24.05, 19.88, 18.13, 0, 0, 4.37
2019/05/07 10:29:00, 24.50, 24.22, 24.03, 19.88, 18.13, 0, 0, 4.37
2019/05/07 10:30:00, 24.50, 24.22, 24.05, 19.86, 18.13, 0, 0, 4.37
2019/05/07 10:31:00, 24.50, 24.22, 24.05, 19.88, 18.13, 0, 0, 4.37
2019/05/07 10:32:00, 24.75, 24.23, 24.04, 19.85, 18.11, 0, 0, 4.37
2019/05/07 10:33:00, 24.75, 24.23, 24.04, 19.91, 18.11, 0, 0, 4.37
2019/05/07 10:34:00, 24.75, 24.23, 24.04, 19.88, 18.13, 0, 0, 4.37
2019/05/07 10:35:00, 24.50, 24.22, 24.05, 19.86, 18.12, 0, 0, 4.37
2019/05/07 10:36:00, 24.75, 24.22, 24.04, 19.82, 18.12, 0, 0, 4.37
2019/05/07 10:37:00, 24.75, 24.25, 24.04, 19.81, 18.10, 0, 0, 4.37
2019/05/07 10:38:00, 24.75, 24.23, 24.05, 19.83, 18.09, 0, 0, 4.37
2019/05/07 10:39:00, 24.75, 24.23, 24.06, 19.85, 18.07, 0, 0, 4.37
2019/05/07 10:40:00, 24.75, 24.23, 24.05, 19.81, 18.07, 0, 0, 4.37
2019/05/07 10:41:00, 24.75, 24.22, 24.04, 19.80, 18.03, 0, 0, 4.37
2019/05/07 10:42:00, 24.75, 24.25, 24.05, 19.77, 18.03, 0, 0, 4.37
2019/05/07 10:43:00, 24.75, 24.25, 24.06, 19.75, 18.03, 0, 0, 4.37
2019/05/07 10:44:00, 24.75, 24.25, 24.06, 19.78, 18.00, 0, 0, 4.37
2019/05/07 10:45:00, 24.75, 24.25, 24.08, 19.73, 18.01, 0, 0, 4.37
2019/05/07 10:46:00, 24.75, 24.25, 24.09, 19.72, 17.99, 0, 0, 4.37
2019/05/07 10:47:00, 24.75, 24.29, 24.09, 19.70, 17.97, 0, 0, 4.37
2019/05/07 10:48:00, 24.75, 24.26, 24.08, 19.69, 17.94, 0, 0, 4.37
2019/05/07 10:49:00, 24.75, 24.25, 24.07, 19.67, 17.95, 0, 0, 4.37
2019/05/07 10:50:00, 24.75, 24.27, 24.09, 19.66, 17.94, 0, 0, 4.37
2019/05/07 10:51:00, 24.75, 24.27, 24.10, 19.59, 17.91, 0, 0, 4.37
2019/05/07 10:52:00, 24.75, 24.26, 24.09, 19.64, 17.90, 0, 0, 4.37
2019/05/07 10:53:00, 24.75, 24.27, 24.09, 19.59, 17.89, 0, 0, 4.37
2019/05/07 10:54:00, 24.75, 24.26, 24.10, 19.56, 17.85, 0, 0, 4.37
2019/05/07 10:55:00, 24.75, 24.27, 24.10, 19.57, 17.86, 0, 0, 4.37
2019/05/07 10:56:00, 24.75, 24.27, 24.08, 19.56, 17.84, 0, 0, 4.37
2019/05/07 10:57:00, 24.75, 24.26, 24.10, 19.60, 17.83, 0, 0, 4.37
2019/05/07 10:58:00, 24.75, 24.29, 24.10, 19.54, 17.84, 0, 0, 4.37
2019/05/07 10:59:00, 24.75, 24.27, 24.11, 19.54, 17.81, 0, 0, 4.37
2019/05/07 11:00:00, 24.75, 24.29, 24.10, 19.54, 17.84, 0, 0, 4.37
2019/05/07 11:01:00, 24.75, 24.31, 24.10, 19.61, 17.86, 0, 0, 4.37
2019/05/07 11:02:00, 24.75, 24.32, 24.15, 19.56, 17.87, 0, 0, 4.37
2019/05/07 11:03:00, 24.75, 24.31, 24.15, 19.54, 17.84, 0, 0, 4.37
2019/05/07 11:04:00, 24.75, 24.32, 24.16, 19.50, 17.81, 0, 0, 4.37
2019/05/07 11:05:00, 24.75, 24.36, 24.15, 19.46, 17.80, 0, 0, 4.37
2019/05/07 11:06:00, 24.75, 24.32, 24.17, 19.48, 17.78, 0, 0, 4.37
2019/05/07 11:07:00, 24.75, 24.36, 24.18, 19.51, 17.78, 0, 0, 4.37
2019/05/07 11:08:00, 24.75, 24.33, 24.17, 19.42, 17.78, 0, 0, 4.37
2019/05/07 11:09:00, 24.75, 24.33, 24.17, 19.45, 17.75, 0, 0, 4.37
2019/05/07 11:10:00, 24.75, 24.33, 24.15, 19.42, 17.71, 0, 0, 4.37
2019/05/07 11:11:00, 24.75, 24.33, 24.18, 19.40, 17.72, 0, 0, 4.37
2019/05/07 11:12:00, 24.75, 24.32, 24.18, 19.45, 17.74, 0, 0, 4.37
2019/05/07 11:13:00, 24.75, 24.35, 24.16, 19.45, 17.74, 0, 0, 4.37
2019/05/07 11:14:00, 24.75, 24.35, 24.17, 19.42, 17.73, 0, 0, 4.37
2019/05/07 11:15:00, 24.75, 24.36, 24.17, 19.40, 17.72, 0, 0, 4.37
2019/05/07 11:16:00, 24.75, 24.38, 24.19, 19.38, 17.71, 0, 0, 4.37
2019/05/07 11:17:00, 24.75, 24.36, 24.19, 19.40, 17.70, 0, 0, 4.37
2019/05/07 11:18:00, 24.75, 24.38, 24.19, 19.40, 17.69, 0, 0, 4.37
2019/05/07 11:19:00, 24.75, 24.39, 24.19, 19.32, 17.68, 0, 0, 4.37
2019/05/07 11:20:00, 24.75, 24.36, 24.18, 19.37, 17.63, 0, 0, 4.37
2019/05/07 11:21:00, 24.75, 24.38, 24.20, 19.36, 17.70, 0, 0, 4.37
2019/05/07 11:22:00, 24.75, 24.38, 24.21, 19.45, 17.71, 0, 0, 4.37
2019/05/07 11:23:00, 24.75, 24.39, 24.21, 19.43, 17.73, 0, 0, 4.37
2019/05/07 11:24:00, 24.75, 24.38, 24.22, 19.50, 17.73, 0, 0, 4.37
2019/05/07 11:25:00, 24.75, 24.39, 24.21, 19.45, 17.73, 0, 0, 4.37
2019/05/07 11:26:00, 24.75, 24.39, 24.23, 19.45, 17.75, 0, 0, 4.37
2019/05/07 11:27:00, 24.75, 24.39, 24.21, 19.45, 17.74, 0, 0, 4.37
2019/05/07 11:28:00, 24.75, 24.40, 24.23, 19.45, 17.73, 0, 0, 4.37
2019/05/07 11:29:00, 24.75, 24.39, 24.23, 19.52, 17.75, 0, 0, 4.37
2019/05/07 11:30:00, 24.75, 24.44, 24.25, 19.45, 17.75, 0, 0, 4.37
2019/05/07 11:31:00, 24.75, 24.42, 24.24, 19.40, 17.73, 0, 0, 4.37
2019/05/07 11:32:00, 24.75, 24.39, 24.21, 19.48, 17.75, 0, 0, 4.37
2019/05/07 11:33:00, 24.75, 24.39, 24.22, 19.48, 17.78, 0, 0, 4.37
2019/05/07 11:34:00, 24.75, 24.40, 24.23, 19.61, 17.81, 0, 0, 4.37
2019/05/07 11:35:00, 24.75, 24.40, 24.22, 19.66, 17.94, 0, 0, 4.37
2019/05/07 11:36:00, 24.75, 24.42, 24.24, 19.76, 17.99, 0, 0, 4.37
2019/05/07 11:37:00, 24.75, 24.46, 24.27, 19.67, 17.95, 0, 0, 4.37
2019/05/07 11:38:00, 24.75, 24.46, 24.27, 19.54, 17.88, 0, 0, 4.37
2019/05/07 11:39:00, 24.75, 24.47, 24.28, 19.54, 17.84, 0, 0, 4.37
2019/05/07 11:40:00, 24.75, 24.49, 24.32, 19.46, 17.82, 0, 0, 4.37
2019/05/07 11:41:00, 24.75, 24.50, 24.32, 19.41, 17.78, 0, 0, 4.37
2019/05/07 11:42:00, 24.75, 24.53, 24.34, 19.49, 17.75, 0, 0, 4.37
2019/05/07 11:43:00, 24.75, 24.54, 24.37, 19.48, 17.77, 0, 0, 4.37
2019/05/07 11:44:00, 24.75, 24.57, 24.38, 19.37, 17.72, 0, 0, 4.37
2019/05/07 11:45:00, 24.75, 24.64, 24.43, 19.32, 17.65, 0, 0, 4.37
2019/05/07 11:46:00, 24.75, 24.61, 24.45, 19.35, 17.66, 0, 0, 4.37
2019/05/07 11:47:00, 24.75, 24.61, 24.43, 19.34, 17.64, 0, 0, 4.37
2019/05/07 11:48:00, 24.75, 24.64, 24.43, 19.34, 17.65, 0, 0, 4.37
2019/05/07 11:49:00, 24.75, 24.64, 24.47, 19.35, 17.66, 0, 0, 4.37
2019/05/07 11:50:00, 24.75, 24.64, 24.49, 19.34, 17.63, 0, 0, 4.37
2019/05/07 11:51:00, 24.75, 24.67, 24.50, 19.35, 17.63, 0, 0, 4.37
2019/05/07 11:52:00, 24.75, 24.69, 24.49, 19.26, 17.63, 0, 0, 4.37
2019/05/07 11:53:00, 24.75, 24.71, 24.52, 19.29, 17.61, 0, 0, 4.37
2019/05/07 11:54:00, 25.00, 24.69, 24.51, 19.21, 17.59, 0, 0, 4.37
2019/05/07 11:55:00, 25.00, 24.71, 24.52, 19.26, 17.59, 0, 0, 4.37
2019/05/07 11:56:00, 25.00, 24.67, 24.50, 19.16, 17.53, 0, 0, 4.37
2019/05/07 11:57:00, 25.00, 24.66, 24.48, 19.21, 17.52, 0, 0, 4.37
2019/05/07 11:58:00, 25.00, 24.64, 24.48, 19.24, 17.54, 0, 0, 4.37
2019/05/07 11:59:00, 25.00, 24.66, 24.46, 19.42, 17.58, 0, 0, 4.37
2019/05/07 12:00:00, 25.00, 24.64, 24.46, 19.40, 17.75, 0, 0, 4.37
2019/05/07 12:01:00, 25.00, 24.61, 24.46, 19.47, 17.78, 0, 0, 4.37
2019/05/07 12:02:00, 25.00, 24.66, 24.46, 19.37, 17.72, 0, 0, 4.37
2019/05/07 12:03:00, 25.00, 24.63, 24.45, 19.35, 17.64, 0, 0, 4.37
2019/05/07 12:04:00, 25.00, 24.67, 24.49, 19.32, 17.65, 0, 0, 4.37
2019/05/07 12:05:00, 25.00, 24.70, 24.49, 19.40, 17.62, 0, 0, 4.37
2019/05/07 12:06:00, 25.00, 24.73, 24.54, 19.34, 17.65, 0, 0, 4.37
2019/05/07 12:07:00, 25.00, 24.74, 24.55, 19.24, 17.61, 0, 0, 4.37
2019/05/07 12:08:00, 25.00, 24.75, 24.56, 19.23, 17.57, 0, 0, 4.37
2019/05/07 12:09:00, 25.00, 24.74, 24.57, 19.23, 17.55, 0, 0, 4.37
2019/05/07 12:10:00, 25.00, 24.78, 24.62, 19.22, 17.53, 0, 0, 4.37
2019/05/07 12:11:00, 25.00, 24.75, 24.61, 19.18, 17.48, 0, 0, 4.37
2019/05/07 12:12:00, 25.00, 24.77, 24.58, 19.12, 17.45, 0, 0, 4.37
2019/05/07 12:13:00, 25.00, 24.75, 24.56, 19.23, 17.47, 0, 0, 4.37
2019/05/07 12:14:00, 25.00, 24.78, 24.60, 19.51, 17.61, 0, 0, 4.37
2019/05/07 12:15:00, 25.00, 24.80, 24.61, 19.25, 17.61, 0, 0, 4.37
2019/05/07 12:16:00, 25.00, 24.78, 24.62, 19.25, 17.52, 0, 0, 4.37
2019/05/07 12:17:00, 25.00, 24.81, 24.63, 19.18, 17.52, 0, 0, 4.37
2019/05/07 12:18:00, 25.00, 24.81, 24.64, 19.14, 17.49, 0, 0, 4.37
2019/05/07 12:19:00, 25.00, 24.84, 24.65, 19.09, 17.45, 0, 0, 4.37
2019/05/07 12:20:00, 25.00, 24.82, 24.65, 19.09, 17.44, 0, 0, 4.37
2019/05/07 12:21:00, 25.00, 24.82, 24.65, 19.07, 17.41, 0, 0, 4.37
2019/05/07 12:22:00, 25.00, 24.82, 24.65, 19.14, 17.39, 0, 0, 4.37
2019/05/07 12:23:00, 25.00, 24.81, 24.65, 19.12, 17.42, 0, 0, 4.37
2019/05/07 12:24:00, 25.00, 24.85, 24.65, 19.19, 17.44, 0, 0, 4.37
2019/05/07 12:25:00, 25.00, 24.84, 24.67, 19.05, 17.46, 0, 0, 4.37
2019/05/07 12:26:00, 25.00, 24.85, 24.68, 19.09, 17.40, 0, 0, 4.37
2019/05/07 12:27:00, 25.00, 24.84, 24.68, 19.05, 17.42, 0, 0, 4.37
2019/05/07 12:28:00, 25.00, 24.85, 24.65, 19.02, 17.37, 0, 0, 4.37
2019/05/07 12:29:00, 25.00, 24.82, 24.61, 19.10, 17.38, 0, 0, 4.37
2019/05/07 12:30:00, 25.00, 24.82, 24.64, 19.07, 17.38, 0, 0, 4.37
2019/05/07 12:31:00, 25.00, 24.81, 24.62, 19.07, 17.37, 0, 0, 4.37
2019/05/07 12:32:00, 25.00, 24.82, 24.58, 19.02, 17.36, 0, 0, 4.37
2019/05/07 12:33:00, 25.00, 24.80, 24.62, 19.09, 17.39, 0, 0, 4.37
2019/05/07 12:34:00, 25.00, 24.78, 24.63, 19.14, 17.43, 0, 0, 4.37
2019/05/07 12:35:00, 25.00, 24.75, 24.58, 19.07, 17.38, 0, 0, 4.37
2019/05/07 12:36:00, 25.00, 24.77, 24.56, 19.12, 17.42, 0, 0, 4.37
2019/05/07 12:37:00, 25.00, 24.73, 24.54, 19.12, 17.39, 0, 0, 4.37
2019/05/07 12:38:00, 25.00, 24.71, 24.55, 19.10, 17.42, 0, 0, 4.37
2019/05/07 12:39:00, 25.00, 24.69, 24.53, 19.16, 17.43, 0, 0, 4.37
2019/05/07 12:40:00, 25.00, 24.70, 24.53, 19.20, 17.44, 0, 0, 4.37
2019/05/07 12:41:00, 25.00, 24.69, 24.48, 19.16, 17.45, 0, 0, 4.37
2019/05/07 12:42:00, 25.00, 24.67, 24.50, 19.22, 17.48, 0, 0, 4.37
2019/05/07 12:43:00, 25.00, 24.63, 24.46, 19.29, 17.55, 0, 0, 4.37
2019/05/07 12:44:00, 25.00, 24.66, 24.50, 19.37, 17.67, 0, 0, 4.37
2019/05/07 12:45:00, 25.00, 24.70, 24.53, 19.36, 17.65, 0, 0, 4.37
2019/05/07 12:46:00, 25.00, 24.71, 24.50, 19.23, 17.57, 0, 0, 4.37
2019/05/07 12:47:00, 25.00, 24.70, 24.52, 19.26, 17.55, 0, 0, 4.37
2019/05/07 12:48:00, 25.00, 24.75, 24.52, 19.26, 17.58, 0, 0, 4.37
2019/05/07 12:49:00, 25.00, 24.73, 24.53, 19.18, 17.53, 0, 0, 4.37
2019/05/07 12:50:00, 25.00, 24.75, 24.58, 19.22, 17.54, 0, 0, 4.37
2019/05/07 12:51:00, 25.00, 24.78, 24.61, 19.15, 17.52, 0, 0, 4.37
2019/05/07 12:52:00, 25.00, 24.80, 24.60, 19.15, 17.49, 0, 0, 4.37
2019/05/07 12:53:00, 25.00, 24.81, 24.65, 19.14, 17.49, 0, 0, 4.37
2019/05/07 12:54:00, 25.00, 24.81, 24.65, 19.19, 17.49, 0, 0, 4.37
2019/05/07 12:55:00, 25.25, 24.84, 24.64, 19.09, 17.46, 0, 0, 4.37
2019/05/07 12:56:00, 25.25, 24.87, 24.65, 19.17, 17.49, 0, 0, 4.37
2019/05/07 12:57:00, 25.25, 24.88, 24.68, 19.14, 17.47, 0, 0, 4.37
2019/05/07 12:58:00, 25.25, 24.87, 24.68, 19.11, 17.44, 0, 0, 4.37
2019/05/07 12:59:00, 25.25, 24.88, 24.68, 19.06, 17.40, 0, 0, 4.37
2019/05/07 13:00:00, 25.25, 24.87, 24.70, 19.09, 17.45, 0, 0, 4.37
2019/05/07 13:01:00, 25.25, 24.88, 24.71, 19.03, 17.39, 0, 0, 4.37
2019/05/07 13:02:00, 25.25, 24.89, 24.72, 19.04, 17.38, 0, 0, 4.37
2019/05/07 13:03:00, 25.25, 24.93, 24.74, 19.09, 17.38, 0, 0, 4.37
2019/05/07 13:04:00, 25.25, 24.95, 24.72, 19.05, 17.40, 0, 0, 4.37
2019/05/07 13:05:00, 25.25, 24.89, 24.72, 19.03, 17.36, 0, 0, 4.37
2019/05/07 13:06:00, 25.25, 24.91, 24.75, 19.03, 17.36, 0, 0, 4.37
2019/05/07 13:07:00, 25.25, 24.88, 24.72, 19.09, 17.37, 0, 0, 4.37
2019/05/07 13:08:00, 25.25, 24.89, 24.71, 19.06, 17.36, 0, 0, 4.37
2019/05/07 13:09:00, 25.25, 24.89, 24.70, 18.99, 17.35, 0, 0, 4.37
2019/05/07 13:10:00, 25.25, 24.91, 24.70, 19.09, 17.39, 0, 0, 4.37
2019/05/07 13:11:00, 25.25, 24.91, 24.71, 19.11, 17.38, 0, 0, 4.37
2019/05/07 13:12:00, 25.25, 24.89, 24.72, 19.11, 17.39, 0, 0, 4.37
2019/05/07 13:13:00, 25.25, 24.91, 24.71, 19.03, 17.37, 0, 0, 4.37
2019/05/07 13:14:00, 25.25, 24.93, 24.75, 19.01, 17.36, 0, 0, 4.37
2019/05/07 13:15:00, 25.25, 24.93, 24.75, 19.06, 17.37, 0, 0, 4.37
2019/05/07 13:16:00, 25.25, 24.93, 24.75, 19.08, 17.35, 0, 0, 4.37
2019/05/07 13:17:00, 25.25, 24.94, 24.76, 19.03, 17.36, 0, 0, 4.37
2019/05/07 13:18:00, 25.25, 24.95, 24.77, 19.00, 17.31, 0, 0, 4.37
2019/05/07 13:19:00, 25.25, 24.91, 24.75, 18.95, 17.30, 0, 0, 4.37
2019/05/07 13:20:00, 25.25, 24.94, 24.75, 18.93, 17.27, 0, 0, 4.37
2019/05/07 13:21:00, 25.25, 24.89, 24.71, 18.95, 17.26, 0, 0, 4.37
2019/05/07 13:22:00, 25.25, 24.89, 24.74, 19.01, 17.28, 0, 0, 4.37
2019/05/07 13:23:00, 25.25, 24.88, 24.75, 18.97, 17.28, 0, 0, 4.37
2019/05/07 13:24:00, 25.25, 24.89, 24.70, 18.90, 17.28, 0, 0, 4.37
2019/05/07 13:25:00, 25.25, 24.87, 24.67, 18.87, 17.20, 0, 0, 4.37
2019/05/07 13:26:00, 25.25, 24.82, 24.66, 18.98, 17.23, 0, 0, 4.37
2019/05/07 13:27:00, 25.25, 24.78, 24.60, 18.97, 17.29, 0, 0, 4.37
2019/05/07 13:28:00, 25.25, 24.80, 24.61, 19.02, 17.33, 0, 0, 4.37
2019/05/07 13:29:00, 25.25, 24.75, 24.58, 19.12, 17.40, 0, 0, 4.37
2019/05/07 13:30:00, 25.25, 24.77, 24.55, 19.04, 17.39, 0, 0, 4.37
2019/05/07 13:31:00, 25.25, 24.77, 24.58, 19.12, 17.41, 0, 0, 4.37
2019/05/07 13:32:00, 25.25, 24.78, 24.62, 19.05, 17.39, 0, 0, 4.37
2019/05/07 13:33:00, 25.25, 24.78, 24.61, 18.99, 17.35, 0, 0, 4.37
2019/05/07 13:34:00, 25.25, 24.81, 24.60, 19.04, 17.33, 0, 0, 4.37
2019/05/07 13:35:00, 25.25, 24.80, 24.60, 18.97, 17.30, 0, 0, 4.37
2019/05/07 13:36:00, 25.25, 24.82, 24.64, 18.94, 17.30, 0, 0, 4.37
2019/05/07 13:37:00, 25.25, 24.81, 24.62, 18.89, 17.30, 0, 0, 4.37
2019/05/07 13:38:00, 25.25, 24.84, 24.61, 19.00, 17.28, 0, 0, 4.37
2019/05/07 13:39:00, 25.25, 24.82, 24.63, 19.00, 17.30, 0, 0, 4.37
2019/05/07 13:40:00, 25.25, 24.82, 24.62, 18.96, 17.32, 0, 0, 4.37
2019/05/07 13:41:00, 25.25, 24.81, 24.62, 19.02, 17.31, 0, 0, 4.37
2019/05/07 13:42:00, 25.25, 24.73, 24.54, 18.89, 17.23, 0, 0, 4.37
2019/05/07 13:43:00, 25.25, 24.74, 24.56, 19.08, 17.31, 0, 0, 4.37
2019/05/07 13:44:00, 25.25, 24.73, 24.56, 19.12, 17.40, 0, 0, 4.37
2019/05/07 13:45:00, 25.25, 24.75, 24.57, 19.04, 17.38, 0, 0, 4.37
2019/05/07 13:46:00, 25.25, 24.77, 24.58, 19.02, 17.34, 0, 0, 4.37
2019/05/07 13:47:00, 25.25, 24.77, 24.58, 19.02, 17.34, 0, 0, 4.37
2019/05/07 13:48:00, 25.25, 24.80, 24.60, 18.96, 17.31, 0, 0, 4.37
2019/05/07 13:49:00, 25.25, 24.77, 24.58, 18.96, 17.29, 0, 0, 4.37
2019/05/07 13:50:00, 25.25, 24.77, 24.57, 19.02, 17.29, 0, 0, 4.37
2019/05/07 13:51:00, 25.25, 24.74, 24.55, 19.02, 17.32, 0, 0, 4.37
2019/05/07 13:52:00, 25.25, 24.74, 24.52, 19.04, 17.36, 0, 0, 4.37
2019/05/07 13:53:00, 25.25, 24.74, 24.56, 18.97, 17.36, 0, 0, 4.37
2019/05/07 13:54:00, 25.25, 24.74, 24.56, 19.04, 17.36, 0, 0, 4.37
2019/05/07 13:55:00, 25.25, 24.75, 24.55, 18.95, 17.33, 0, 0, 4.37
2019/05/07 13:56:00, 25.25, 24.75, 24.52, 19.02, 17.33, 0, 0, 4.37
2019/05/07 13:57:00, 25.25, 24.74, 24.53, 19.02, 17.36, 0, 0, 4.37
2019/05/07 13:58:00, 25.25, 24.74, 24.54, 19.05, 17.36, 0, 0, 4.37
2019/05/07 13:59:00, 25.25, 24.73, 24.53, 19.11, 17.39, 0, 0, 4.37
2019/05/07 14:00:00, 25.25, 24.73, 24.54, 19.08, 17.39, 0, 0, 4.37
2019/05/07 14:01:00, 25.25, 24.73, 24.54, 19.07, 17.42, 0, 0, 4.37
2019/05/07 14:02:00, 25.25, 24.70, 24.52, 19.03, 17.33, 0, 0, 4.37
2019/05/07 14:03:00, 25.25, 24.70, 24.51, 19.08, 17.39, 0, 0, 4.37
2019/05/07 14:04:00, 25.25, 24.69, 24.49, 19.24, 17.48, 0, 0, 4.37
2019/05/07 14:05:00, 25.25, 24.70, 24.50, 19.40, 17.64, 0, 0, 4.37
2019/05/07 14:06:00, 25.25, 24.70, 24.50, 19.27, 17.61, 0, 0, 4.37
2019/05/07 14:07:00, 25.25, 24.70, 24.54, 19.21, 17.59, 0, 0, 4.37
2019/05/07 14:08:00, 25.25, 24.73, 24.52, 19.26, 17.56, 0, 0, 4.37
2019/05/07 14:09:00, 25.25, 24.71, 24.55, 19.23, 17.56, 0, 0, 4.37
2019/05/07 14:10:00, 25.25, 24.73, 24.55, 19.29, 17.58, 0, 0, 4.37
2019/05/07 14:11:00, 25.25, 24.71, 24.55, 19.31, 17.59, 0, 0, 4.37
2019/05/07 14:12:00, 25.25, 24.74, 24.55, 19.28, 17.62, 0, 0, 4.37
2019/05/07 14:13:00, 25.25, 24.73, 24.54, 19.34, 17.65, 0, 0, 4.37
2019/05/07 14:14:00, 25.25, 24.70, 24.54, 19.36, 17.66, 0, 0, 4.37
2019/05/07 14:15:00, 25.25, 24.70, 24.51, 19.44, 17.72, 0, 0, 4.37
2019/05/07 14:16:00, 25.25, 24.70, 24.50, 19.52, 17.78, 0, 0, 4.37
2019/05/07 14:17:00, 25.25, 24.67, 24.48, 19.50, 17.81, 0, 0, 4.37
2019/05/07 14:18:00, 25.25, 24.64, 24.49, 19.56, 17.85, 0, 0, 4.37
2019/05/07 14:19:00, 25.25, 24.63, 24.47, 19.64, 17.89, 0, 0, 4.37
2019/05/07 14:20:00, 25.25, 24.63, 24.47, 19.66, 17.96, 0, 0, 4.37
2019/05/07 14:21:00, 25.25, 24.66, 24.47, 19.76, 18.01, 0, 0, 4.37
2019/05/07 14:22:00, 25.25, 24.63, 24.45, 19.76, 18.04, 0, 0, 4.37
2019/05/07 14:23:00, 25.25, 24.60, 24.43, 19.85, 18.18, 0, 0, 4.37
2019/05/07 14:24:00, 25.25, 24.60, 24.41, 19.98, 18.16, 0, 0, 4.37
2019/05/07 14:25:00, 25.25, 24.63, 24.42, 20.02, 18.25, 0, 0, 4.37
2019/05/07 14:26:00, 25.25, 24.63, 24.41, 19.97, 18.25, 0, 0, 4.37
2019/05/07 14:27:00, 25.25, 24.60, 24.43, 19.97, 18.22, 0, 0, 4.37
2019/05/07 14:28:00, 25.25, 24.61, 24.43, 19.95, 18.25, 0, 0, 4.37
2019/05/07 14:29:00, 25.25, 24.64, 24.47, 20.00, 18.25, 0, 0, 4.37
2019/05/07 14:30:00, 25.25, 24.64, 24.45, 19.97, 18.22, 0, 0, 4.37
2019/05/07 14:31:00, 25.25, 24.64, 24.47, 20.00, 18.26, 0, 0, 4.37
2019/05/07 14:32:00, 25.25, 24.63, 24.46, 19.97, 18.27, 0, 0, 4.37
2019/05/07 14:33:00, 25.25, 24.63, 24.46, 20.05, 18.30, 0, 0, 4.37
2019/05/07 14:34:00, 25.25, 24.63, 24.46, 20.00, 18.30, 0, 0, 4.37
2019/05/07 14:35:00, 25.25, 24.64, 24.46, 20.08, 18.32, 0, 0, 4.37
2019/05/07 14:36:00, 25.25, 24.61, 24.45, 20.07, 18.31, 0, 0, 4.37
2019/05/07 14:37:00, 25.25, 24.66, 24.45, 20.07, 18.33, 0, 0, 4.37
2019/05/07 14:38:00, 25.25, 24.67, 24.49, 20.09, 18.38, 0, 0, 4.37
2019/05/07 14:39:00, 25.25, 24.69, 24.50, 20.14, 18.39, 0, 0, 4.37
2019/05/07 14:40:00, 25.25, 24.67, 24.49, 20.10, 18.35, 0, 0, 4.37
2019/05/07 14:41:00, 25.25, 24.63, 24.48, 20.04, 18.33, 0, 0, 4.37
2019/05/07 14:42:00, 25.25, 24.61, 24.46, 20.12, 18.37, 0, 0, 4.37
2019/05/07 14:43:00, 25.25, 24.70, 24.47, 20.20, 18.46, 0, 0, 4.37
2019/05/07 14:44:00, 25.25, 24.66, 24.52, 20.21, 18.49, 0, 0, 4.37
2019/05/07 14:45:00, 25.25, 24.71, 24.51, 20.25, 18.50, 0, 0, 4.37
2019/05/07 14:46:00, 25.25, 24.70, 24.52, 20.14, 18.45, 0, 0, 4.37
2019/05/07 14:47:00, 25.25, 24.70, 24.51, 20.20, 18.47, 0, 0, 4.37
2019/05/07 14:48:00, 25.25, 24.70, 24.54, 20.22, 18.49, 0, 0, 4.37
2019/05/07 14:49:00, 25.25, 24.69, 24.52, 20.25, 18.50, 0, 0, 4.37
2019/05/07 14:50:00, 25.25, 24.71, 24.53, 20.28, 18.52, 0, 0, 4.37
2019/05/07 14:51:00, 25.25, 24.74, 24.53, 20.28, 18.54, 0, 0, 4.37
2019/05/07 14:52:00, 25.25, 24.71, 24.51, 20.20, 18.52, 0, 0, 4.37
2019/05/07 14:53:00, 25.25, 24.71, 24.54, 20.25, 18.54, 0, 0, 4.37
2019/05/07 14:54:00, 25.25, 24.71, 24.52, 20.27, 18.55, 0, 0, 4.37
2019/05/07 14:55:00, 25.25, 24.69, 24.50, 20.22, 18.54, 0, 0, 4.37
2019/05/07 14:56:00, 25.25, 24.70, 24.51, 20.27, 18.55, 0, 0, 4.37
2019/05/07 14:57:00, 25.25, 24.64, 24.50, 20.21, 18.50, 0, 0, 4.37
2019/05/07 14:58:00, 25.25, 24.63, 24.47, 20.33, 18.54, 0, 0, 4.37
2019/05/07 14:59:00, 25.25, 24.64, 24.46, 20.33, 18.59, 0, 0, 4.37
2019/05/07 15:00:00, 25.25, 24.63, 24.46, 20.33, 18.55, 0, 0, 4.37
2019/05/07 15:01:00, 25.25, 24.63, 24.46, 20.41, 18.60, 0, 0, 4.37
2019/05/07 15:02:00, 25.25, 24.63, 24.43, 20.31, 18.55, 0, 0, 4.37
2019/05/07 15:03:00, 25.25, 24.61, 24.43, 20.31, 18.56, 0, 0, 4.37
2019/05/07 15:04:00, 25.25, 24.64, 24.46, 20.34, 18.57, 0, 0, 4.37
2019/05/07 15:05:00, 25.25, 24.64, 24.48, 20.27, 18.54, 0, 0, 4.37
2019/05/07 15:06:00, 25.25, 24.69, 24.50, 20.25, 18.51, 0, 0, 4.37
2019/05/07 15:07:00, 25.25, 24.69, 24.53, 20.20, 18.49, 0, 0, 4.37
2019/05/07 15:08:00, 25.25, 24.70, 24.51, 20.22, 18.47, 0, 0, 4.37
2019/05/07 15:09:00, 25.25, 24.67, 24.49, 20.17, 18.43, 0, 0, 4.37
2019/05/07 15:10:00, 25.25, 24.67, 24.49, 20.21, 18.43, 0, 0, 4.37
2019/05/07 15:11:00, 25.25, 24.70, 24.50, 20.18, 18.46, 0, 0, 4.37
2019/05/07 15:12:00, 25.25, 24.69, 24.52, 20.20, 18.49, 0, 0, 4.37
2019/05/07 15:13:00, 25.25, 24.67, 24.52, 20.15, 18.45, 0, 0, 4.37
2019/05/07 15:14:00, 25.25, 24.70, 24.50, 20.23, 18.49, 0, 0, 4.37
2019/05/07 15:15:00, 25.25, 24.69, 24.50, 20.18, 18.49, 0, 0, 4.37
2019/05/07 15:16:00, 25.25, 24.64, 24.46, 20.25, 18.48, 0, 0, 4.37
2019/05/07 15:17:00, 25.25, 24.59, 24.43, 20.29, 18.51, 0, 0, 4.37
2019/05/07 15:18:00, 25.25, 24.57, 24.40, 20.39, 18.52, 0, 0, 4.37
2019/05/07 15:19:00, 25.25, 24.56, 24.37, 20.45, 18.64, 0, 0, 4.37
2019/05/07 15:20:00, 25.25, 24.56, 24.38, 20.39, 18.73, 0, 0, 4.37
2019/05/07 15:21:00, 25.25, 24.54, 24.37, 20.36, 18.65, 0, 0, 4.37
2019/05/07 15:22:00, 25.25, 24.59, 24.38, 20.40, 18.73, 0, 0, 4.37
2019/05/07 15:23:00, 25.25, 24.61, 24.41, 20.42, 18.70, 0, 0, 4.37
2019/05/07 15:24:00, 25.25, 24.63, 24.42, 20.36, 18.66, 0, 0, 4.37
2019/05/07 15:25:00, 25.25, 24.67, 24.48, 20.30, 18.63, 0, 0, 4.37
2019/05/07 15:26:00, 25.25, 24.64, 24.48, 20.31, 18.58, 0, 0, 4.37
2019/05/07 15:27:00, 25.25, 24.64, 24.43, 20.44, 18.59, 0, 0, 4.37
2019/05/07 15:28:00, 25.25, 24.64, 24.46, 20.49, 18.74, 0, 0, 4.37
2019/05/07 15:29:00, 25.25, 24.69, 24.49, 20.61, 18.81, 0, 0, 4.37
2019/05/07 15:30:00, 25.25, 24.67, 24.50, 20.57, 18.86, 0, 0, 4.37
2019/05/07 15:31:00, 25.25, 24.64, 24.46, 20.54, 18.81, 0, 0, 4.37
2019/05/07 15:32:00, 25.25, 24.66, 24.46, 20.62, 18.83, 0, 0, 4.37
2019/05/07 15:33:00, 25.25, 24.67, 24.48, 20.64, 18.90, 0, 0, 4.37
2019/05/07 15:34:00, 25.25, 24.64, 24.46, 20.67, 18.92, 0, 0, 4.37
2019/05/07 15:35:00, 25.25, 24.67, 24.47, 20.75, 18.98, 0, 0, 4.37
2019/05/07 15:36:00, 25.25, 24.61, 24.43, 20.77, 19.04, 0, 0, 4.37
2019/05/07 15:37:00, 25.25, 24.64, 24.45, 21.01, 19.13, 0, 0, 4.37
2019/05/07 15:38:00, 25.25, 24.66, 24.49, 20.93, 19.19, 0, 0, 4.37
2019/05/07 15:39:00, 25.25, 24.66, 24.46, 20.94, 19.18, 0, 0, 4.37
2019/05/07 15:40:00, 25.25, 24.64, 24.47, 20.93, 19.19, 0, 0, 4.37
2019/05/07 15:41:00, 25.25, 24.67, 24.50, 20.99, 19.20, 0, 0, 4.37
2019/05/07 15:42:00, 25.25, 24.66, 24.49, 21.03, 19.24, 0, 0, 4.37
2019/05/07 15:43:00, 25.25, 24.67, 24.48, 21.03, 19.26, 0, 0, 4.37
2019/05/07 15:44:00, 25.25, 24.66, 24.46, 21.11, 19.29, 0, 0, 4.37
2019/05/07 15:45:00, 25.25, 24.67, 24.49, 21.27, 19.42, 0, 0, 4.37
2019/05/07 15:46:00, 25.25, 24.64, 24.48, 21.30, 19.48, 0, 0, 4.37
2019/05/07 15:47:00, 25.25, 24.66, 24.49, 21.35, 19.54, 0, 0, 4.37
2019/05/07 15:48:00, 25.25, 24.67, 24.46, 21.39, 19.56, 0, 0, 4.37
2019/05/07 15:49:00, 25.25, 24.66, 24.49, 21.39, 19.61, 0, 0, 4.37
2019/05/07 15:50:00, 25.25, 24.69, 24.49, 21.52, 19.67, 0, 0, 4.37
2019/05/07 15:51:00, 25.25, 24.66, 24.48, 21.50, 19.71, 0, 0, 4.37
2019/05/07 15:52:00, 25.25, 24.67, 24.50, 21.53, 19.74, 0, 0, 4.37
2019/05/07 15:53:00, 25.25, 24.67, 24.49, 21.61, 19.78, 0, 0, 4.37
2019/05/07 15:54:00, 25.25, 24.70, 24.50, 21.58, 19.85, 0, 0, 4.37
2019/05/07 15:55:00, 25.25, 24.67, 24.47, 21.71, 19.91, 0, 0, 4.37
2019/05/07 15:56:00, 25.25, 24.67, 24.46, 21.76, 19.95, 0, 0, 4.37
2019/05/07 15:57:00, 25.25, 24.67, 24.48, 21.86, 20.00, 0, 0, 4.37
2019/05/07 15:58:00, 25.25, 24.69, 24.50, 21.86, 20.04, 0, 0, 4.37
2019/05/07 15:59:00, 25.25, 24.67, 24.49, 21.86, 20.06, 0, 0, 4.37
2019/05/07 16:00:00, 25.25, 24.69, 24.50, 21.94, 20.11, 0, 0, 4.37
2019/05/07 16:01:00, 25.25, 24.69, 24.50, 21.94, 20.15, 0, 0, 4.37
2019/05/07 16:02:00, 25.25, 24.69, 24.49, 22.02, 20.16, 0, 0, 4.37
2019/05/07 16:03:00, 25.25, 24.67, 24.50, 22.04, 20.23, 0, 0, 4.37
2019/05/07 16:04:00, 25.25, 24.71, 24.50, 21.96, 20.22, 0, 0, 4.37
2019/05/07 16:05:00, 25.25, 24.69, 24.50, 21.99, 20.22, 0, 0, 4.37
2019/05/07 16:06:00, 25.25, 24.69, 24.50, 22.13, 20.29, 0, 0, 4.37
2019/05/07 16:07:00, 25.25, 24.71, 24.52, 22.09, 20.31, 0, 0, 4.37
2019/05/07 16:08:00, 25.25, 24.64, 24.50, 22.13, 20.29, 0, 0, 4.37
2019/05/07 16:09:00, 25.25, 24.64, 24.46, 22.28, 20.39, 0, 0, 4.37
2019/05/07 16:10:00, 25.25, 24.69, 24.48, 22.23, 20.45, 0, 0, 4.37
2019/05/07 16:11:00, 25.25, 24.64, 24.47, 22.25, 20.42, 0, 0, 4.37
2019/05/07 16:12:00, 25.25, 24.60, 24.41, 22.34, 20.45, 0, 0, 4.37
2019/05/07 16:13:00, 25.25, 24.59, 24.37, 22.43, 20.59, 0, 0, 4.37
2019/05/07 16:14:00, 25.25, 24.56, 24.38, 22.47, 20.64, 0, 0, 4.37
2019/05/07 16:15:00, 25.25, 24.56, 24.36, 22.48, 20.64, 0, 0, 4.37
2019/05/07 16:16:00, 25.25, 24.53, 24.34, 22.61, 20.70, 0, 0, 4.37
2019/05/07 16:17:00, 25.25, 24.50, 24.33, 22.68, 20.77, 0, 0, 4.37
2019/05/07 16:18:00, 25.25, 24.53, 24.34, 22.76, 20.83, 0, 0, 4.37
2019/05/07 16:19:00, 25.25, 24.50, 24.30, 22.71, 20.83, 0, 0, 4.37
2019/05/07 16:20:00, 25.25, 24.53, 24.34, 22.72, 20.87, 0, 0, 4.37
2019/05/07 16:21:00, 25.25, 24.49, 24.32, 22.69, 20.84, 0, 0, 4.37
2019/05/07 16:22:00, 25.25, 24.50, 24.33, 22.71, 20.89, 0, 0, 4.37
2019/05/07 16:23:00, 25.25, 24.49, 24.28, 22.72, 20.90, 0, 0, 4.37
2019/05/07 16:24:00, 25.25, 24.47, 24.30, 22.77, 20.96, 0, 0, 4.37
2019/05/07 16:25:00, 25.25, 24.46, 24.27, 22.79, 20.98, 0, 0, 4.37
2019/05/07 16:26:00, 25.25, 24.44, 24.28, 22.86, 21.00, 0, 0, 4.37
2019/05/07 16:27:00, 25.25, 24.47, 24.28, 22.87, 21.02, 0, 0, 4.37
2019/05/07 16:28:00, 25.25, 24.47, 24.32, 22.87, 21.03, 0, 0, 4.37
2019/05/07 16:29:00, 25.25, 24.49, 24.30, 22.87, 21.02, 0, 0, 4.37
2019/05/07 16:30:00, 25.25, 24.54, 24.33, 22.87, 21.00, 0, 0, 4.37
2019/05/07 16:31:00, 25.25, 24.59, 24.39, 22.84, 21.03, 0, 0, 4.37
2019/05/07 16:32:00, 25.25, 24.61, 24.42, 22.80, 20.98, 0, 0, 4.37
2019/05/07 16:33:00, 25.25, 24.64, 24.48, 22.70, 20.91, 0, 0, 4.37
2019/05/07 16:34:00, 25.25, 24.66, 24.49, 22.72, 20.90, 0, 0, 4.37
2019/05/07 16:35:00, 25.25, 24.63, 24.46, 22.67, 20.84, 0, 0, 4.37
2019/05/07 16:36:00, 25.25, 24.64, 24.48, 22.67, 20.88, 0, 0, 4.37
2019/05/07 16:37:00, 25.25, 24.61, 24.42, 22.75, 20.89, 0, 0, 4.37
2019/05/07 16:38:00, 25.25, 24.60, 24.42, 22.83, 20.96, 0, 0, 4.37
2019/05/07 16:39:00, 25.25, 24.61, 24.41, 22.81, 21.01, 0, 0, 4.37
2019/05/07 16:40:00, 25.25, 24.60, 24.42, 22.87, 21.03, 0, 0, 4.37
2019/05/07 16:41:00, 25.25, 24.60, 24.41, 22.87, 21.03, 0, 0, 4.37
2019/05/07 16:42:00, 25.25, 24.54, 24.38, 23.00, 21.08, 0, 0, 4.37
2019/05/07 16:43:00, 25.25, 24.56, 24.39, 22.99, 21.14, 0, 0, 4.37
2019/05/07 16:44:00, 25.25, 24.57, 24.39, 23.05, 21.22, 0, 0, 4.37
2019/05/07 16:45:00, 25.25, 24.57, 24.40, 23.00, 21.14, 0, 0, 4.37
2019/05/07 16:46:00, 25.25, 24.60, 24.39, 23.07, 21.16, 0, 0, 4.37
2019/05/07 16:47:00, 25.25, 24.59, 24.40, 23.00, 21.14, 0, 0, 4.37
2019/05/07 16:48:00, 25.25, 24.59, 24.39, 23.00, 21.14, 0, 0, 4.37
2019/05/07 16:49:00, 25.25, 24.56, 24.39, 23.04, 21.15, 0, 0, 4.37
2019/05/07 16:50:00, 25.25, 24.54, 24.37, 23.02, 21.16, 0, 0, 4.37
2019/05/07 16:51:00, 25.25, 24.57, 24.37, 23.07, 21.21, 0, 0, 4.37
2019/05/07 16:52:00, 25.25, 24.54, 24.37, 23.07, 21.22, 0, 0, 4.37
2019/05/07 16:53:00, 25.00, 24.53, 24.35, 23.07, 21.21, 0, 0, 4.37
2019/05/07 16:54:00, 25.25, 24.53, 24.35, 23.15, 21.24, 0, 0, 4.37
2019/05/07 16:55:00, 25.00, 24.50, 24.34, 23.18, 21.25, 0, 0, 4.37
2019/05/07 16:56:00, 25.00, 24.52, 24.34, 23.11, 21.27, 0, 0, 4.37
2019/05/07 16:57:00, 25.00, 24.53, 24.34, 23.15, 21.28, 0, 0, 4.37
2019/05/07 16:58:00, 25.00, 24.52, 24.34, 23.13, 21.29, 0, 0, 4.37
2019/05/07 16:59:00, 25.00, 24.52, 24.33, 23.11, 21.28, 0, 0, 4.37
2019/05/07 17:00:00, 25.00, 24.52, 24.33, 23.10, 21.25, 0, 0, 4.37
2019/05/07 17:01:00, 25.00, 24.49, 24.31, 23.31, 21.42, 0, 0, 4.37
2019/05/07 17:02:00, 25.00, 24.52, 24.33, 23.36, 21.49, 0, 0, 4.37
2019/05/07 17:03:00, 25.00, 24.56, 24.38, 23.28, 21.48, 0, 0, 4.37
2019/05/07 17:04:00, 25.00, 24.53, 24.37, 23.23, 21.40, 0, 0, 4.37
2019/05/07 17:05:00, 25.00, 24.53, 24.35, 23.29, 21.36, 0, 0, 4.37
2019/05/07 17:06:00, 25.00, 24.50, 24.34, 23.41, 21.48, 0, 0, 4.37
2019/05/07 17:07:00, 25.00, 24.52, 24.35, 23.34, 21.54, 0, 0, 4.37
2019/05/07 17:08:00, 25.00, 24.52, 24.32, 23.33, 21.48, 0, 0, 4.37
2019/05/07 17:09:00, 25.00, 24.50, 24.33, 23.37, 21.50, 0, 0, 4.37
2019/05/07 17:10:00, 25.00, 24.53, 24.39, 23.39, 21.53, 0, 0, 4.37
2019/05/07 17:11:00, 25.00, 24.59, 24.39, 23.40, 21.50, 0, 0, 4.37
2019/05/07 17:12:00, 25.00, 24.63, 24.43, 23.20, 21.43, 0, 0, 4.37
2019/05/07 17:13:00, 25.00, 24.63, 24.42, 23.18, 21.33, 0, 0, 4.37
2019/05/07 17:14:00, 25.00, 24.66, 24.45, 23.14, 21.37, 0, 0, 4.37
2019/05/07 17:15:00, 25.00, 24.69, 24.50, 23.25, 21.35, 0, 0, 4.37
2019/05/07 17:16:00, 25.00, 24.69, 24.51, 23.14, 21.32, 0, 0, 4.37
2019/05/07 17:17:00, 25.00, 24.74, 24.53, 23.31, 21.38, 0, 0, 4.37
2019/05/07 17:18:00, 25.00, 24.73, 24.55, 23.28, 21.46, 0, 0, 4.37
2019/05/07 17:19:00, 25.25, 24.74, 24.55, 23.02, 21.25, 0, 0, 4.37
2019/05/07 17:20:00, 25.25, 24.75, 24.53, 23.10, 21.21, 0, 0, 4.37
2019/05/07 17:21:00, 25.25, 24.74, 24.55, 23.08, 21.20, 0, 0, 4.37
2019/05/07 17:22:00, 25.25, 24.75, 24.56, 23.06, 21.22, 0, 0, 4.37
2019/05/07 17:23:00, 25.25, 24.78, 24.57, 23.00, 21.18, 0, 0, 4.37
2019/05/07 17:24:00, 25.25, 24.77, 24.58, 22.99, 21.17, 0, 0, 4.37
2019/05/07 17:25:00, 25.25, 24.78, 24.57, 23.00, 21.19, 0, 0, 4.37
2019/05/07 17:26:00, 25.25, 24.80, 24.60, 22.94, 21.12, 0, 0, 4.37
2019/05/07 17:27:00, 25.25, 24.75, 24.55, 22.94, 21.12, 0, 0, 4.37
2019/05/07 17:28:00, 25.25, 24.70, 24.52, 23.05, 21.16, 0, 0, 4.37
2019/05/07 17:29:00, 25.25, 24.70, 24.54, 23.10, 21.28, 0, 0, 4.37
2019/05/07 17:30:00, 25.25, 24.73, 24.55, 23.11, 21.29, 0, 0, 4.37
2019/05/07 17:31:00, 25.25, 24.71, 24.54, 22.98, 21.22, 0, 0, 4.37
2019/05/07 17:32:00, 25.25, 24.67, 24.50, 23.04, 21.15, 0, 0, 4.37
2019/05/07 17:33:00, 25.25, 24.69, 24.46, 23.17, 21.25, 0, 0, 4.37
2019/05/07 17:34:00, 25.25, 24.67, 24.48, 23.17, 21.29, 0, 0, 4.37
2019/05/07 17:35:00, 25.25, 24.67, 24.50, 23.19, 21.29, 0, 0, 4.37
2019/05/07 17:36:00, 25.25, 24.71, 24.54, 23.10, 21.30, 0, 0, 4.37
2019/05/07 17:37:00, 25.25, 24.73, 24.56, 23.03, 21.25, 0, 0, 4.37
2019/05/07 17:38:00, 25.25, 24.74, 24.55, 22.95, 21.16, 0, 0, 4.37
2019/05/07 17:39:00, 25.25, 24.73, 24.56, 22.97, 21.16, 0, 0, 4.37
2019/05/07 17:40:00, 25.25, 24.73, 24.54, 22.97, 21.13, 0, 0, 4.37
2019/05/07 17:41:00, 25.25, 24.71, 24.55, 22.97, 21.16, 0, 0, 4.37
2019/05/07 17:42:00, 25.25, 24.73, 24.53, 23.01, 21.16, 0, 0, 4.37
2019/05/07 17:43:00, 25.25, 24.74, 24.55, 22.94, 21.17, 0, 0, 4.37
2019/05/07 17:44:00, 25.25, 24.73, 24.54, 22.93, 21.13, 0, 0, 4.37
2019/05/07 17:45:00, 25.25, 24.74, 24.55, 23.02, 21.16, 0, 0, 4.37
2019/05/07 17:46:00, 25.25, 24.73, 24.56, 22.98, 21.15, 0, 0, 4.37
2019/05/07 17:47:00, 25.25, 24.78, 24.56, 22.94, 21.13, 0, 0, 4.37
2019/05/07 17:48:00, 25.25, 24.75, 24.56, 22.90, 21.09, 0, 0, 4.37
2019/05/07 17:49:00, 25.25, 24.70, 24.53, 22.87, 21.02, 0, 0, 4.37
2019/05/07 17:50:00, 25.25, 24.74, 24.54, 23.02, 21.14, 0, 0, 4.37
2019/05/07 17:51:00, 25.25, 24.75, 24.55, 22.92, 21.11, 0, 0, 4.37
2019/05/07 17:52:00, 25.25, 24.78, 24.60, 22.94, 21.11, 0, 0, 4.37
2019/05/07 17:53:00, 25.25, 24.80, 24.60, 23.02, 21.18, 0, 0, 4.37
2019/05/07 17:54:00, 25.25, 24.78, 24.61, 22.92, 21.15, 0, 0, 4.37
2019/05/07 17:55:00, 25.25, 24.77, 24.62, 22.83, 21.07, 0, 0, 4.37
2019/05/07 17:56:00, 25.25, 24.81, 24.61, 22.84, 21.05, 0, 0, 4.37
2019/05/07 17:57:00, 25.25, 24.80, 24.60, 22.83, 21.03, 0, 0, 4.37
2019/05/07 17:58:00, 25.25, 24.77, 24.57, 22.83, 21.04, 0, 0, 4.37
2019/05/07 17:59:00, 25.25, 24.77, 24.58, 22.85, 21.00, 0, 0, 4.37
2019/05/07 18:00:00, 25.25, 24.75, 24.58, 22.82, 21.03, 0, 0, 4.37
2019/05/07 18:01:00, 25.25, 24.74, 24.56, 22.82, 21.02, 0, 0, 4.37
2019/05/07 18:02:00, 25.25, 24.77, 24.58, 22.87, 21.04, 0, 0, 4.37
2019/05/07 18:03:00, 25.25, 24.78, 24.62, 22.87, 21.05, 0, 0, 4.37
2019/05/07 18:04:00, 25.25, 24.74, 24.55, 22.74, 20.99, 0, 0, 4.37
2019/05/07 18:05:00, 25.25, 24.75, 24.55, 22.87, 21.00, 0, 0, 4.37
2019/05/07 18:06:00, 25.25, 24.77, 24.56, 22.84, 21.06, 0, 0, 4.37
2019/05/07 18:07:00, 25.25, 24.75, 24.55, 22.76, 21.00, 0, 0, 4.37
2019/05/07 18:08:00, 25.25, 24.77, 24.55, 22.84, 21.00, 0, 0, 4.37
2019/05/07 18:09:00, 25.25, 24.74, 24.58, 22.81, 20.98, 0, 0, 4.37
2019/05/07 18:10:00, 25.25, 24.78, 24.62, 22.91, 21.08, 0, 0, 4.37
2019/05/07 18:11:00, 25.25, 24.82, 24.64, 22.83, 21.10, 0, 0, 4.37
2019/05/07 18:12:00, 25.25, 24.84, 24.66, 22.76, 21.00, 0, 0, 4.37
2019/05/07 18:13:00, 25.25, 24.85, 24.69, 22.66, 20.90, 0, 0, 4.37
2019/05/07 18:14:00, 25.25, 24.87, 24.66, 22.70, 20.90, 0, 0, 4.37
2019/05/07 18:15:00, 25.25, 24.88, 24.74, 22.73, 20.93, 0, 0, 4.37
2019/05/07 18:16:00, 25.25, 24.85, 24.67, 22.55, 20.77, 0, 0, 4.37
2019/05/07 18:17:00, 25.25, 24.82, 24.66, 22.65, 20.78, 0, 0, 4.37
2019/05/07 18:18:00, 25.25, 24.81, 24.63, 22.74, 20.85, 0, 0, 4.37
2019/05/07 18:19:00, 25.25, 24.78, 24.62, 22.86, 20.99, 0, 0, 4.37
2019/05/07 18:20:00, 25.25, 24.80, 24.62, 22.83, 21.02, 0, 0, 4.37
2019/05/07 18:21:00, 25.25, 24.82, 24.64, 22.78, 20.99, 0, 0, 4.37
2019/05/07 18:22:00, 25.25, 24.85, 24.65, 22.73, 20.92, 0, 0, 4.37
2019/05/07 18:23:00, 25.25, 24.84, 24.66, 22.65, 20.87, 0, 0, 4.37
2019/05/07 18:24:00, 25.25, 24.84, 24.67, 22.60, 20.84, 0, 0, 4.37
2019/05/07 18:25:00, 25.25, 24.82, 24.64, 22.58, 20.79, 0, 0, 4.37
2019/05/07 18:26:00, 25.25, 24.81, 24.62, 22.56, 20.80, 0, 0, 4.37
2019/05/07 18:27:00, 25.25, 24.78, 24.60, 22.61, 20.81, 0, 0, 4.37
2019/05/07 18:28:00, 25.25, 24.71, 24.55, 22.54, 20.77, 0, 0, 4.37
2019/05/07 18:29:00, 25.25, 24.70, 24.52, 22.67, 20.80, 0, 0, 4.37
2019/05/07 18:30:00, 25.25, 24.66, 24.50, 22.76, 20.90, 0, 0, 4.37
2019/05/07 18:31:00, 25.25, 24.66, 24.51, 22.70, 20.91, 0, 0, 4.37
2019/05/07 18:32:00, 25.25, 24.66, 24.50, 22.72, 20.89, 0, 0, 4.37
2019/05/07 18:33:00, 25.25, 24.66, 24.50, 22.67, 20.86, 0, 0, 4.37
2019/05/07 18:34:00, 25.25, 24.66, 24.49, 22.67, 20.83, 0, 0, 4.37
2019/05/07 18:35:00, 25.25, 24.64, 24.50, 22.62, 20.80, 0, 0, 4.37
2019/05/07 18:36:00, 25.25, 24.64, 24.46, 22.58, 20.78, 0, 0, 4.37
2019/05/07 18:37:00, 25.25, 24.61, 24.43, 22.52, 20.75, 0, 0, 4.37
2019/05/07 18:38:00, 25.25, 24.61, 24.43, 22.57, 20.75, 0, 0, 4.37
2019/05/07 18:39:00, 25.25, 24.60, 24.42, 22.60, 20.75, 0, 0, 4.37
2019/05/07 18:40:00, 25.25, 24.59, 24.42, 22.58, 20.75, 0, 0, 4.37
2019/05/07 18:41:00, 25.25, 24.57, 24.40, 22.50, 20.74, 0, 0, 4.37
2019/05/07 18:42:00, 25.25, 24.61, 24.41, 22.47, 20.71, 0, 0, 4.37
2019/05/07 18:43:00, 25.25, 24.59, 24.40, 22.45, 20.66, 0, 0, 4.37
2019/05/07 18:44:00, 25.25, 24.54, 24.38, 22.47, 20.65, 0, 0, 4.37
2019/05/07 18:45:00, 25.25, 24.54, 24.38, 22.39, 20.64, 0, 0, 4.37
2019/05/07 18:46:00, 25.25, 24.54, 24.37, 22.42, 20.64, 0, 0, 4.37
2019/05/07 18:47:00, 25.25, 24.56, 24.37, 22.45, 20.64, 0, 0, 4.37
2019/05/07 18:48:00, 25.25, 24.54, 24.36, 22.38, 20.62, 0, 0, 4.37
2019/05/07 18:49:00, 25.25, 24.53, 24.33, 22.39, 20.58, 0, 0, 4.37
2019/05/07 18:50:00, 25.25, 24.52, 24.33, 22.40, 20.58, 0, 0, 4.37
2019/05/07 18:51:00, 25.25, 24.50, 24.33, 22.43, 20.57, 0, 0, 4.37
2019/05/07 18:52:00, 25.25, 24.50, 24.30, 22.37, 20.57, 0, 0, 4.37
2019/05/07 18:53:00, 25.25, 24.47, 24.31, 22.38, 20.57, 0, 0, 4.37
2019/05/07 18:54:00, 25.25, 24.46, 24.28, 22.30, 20.55, 0, 0, 4.37
2019/05/07 18:55:00, 25.25, 24.47, 24.31, 22.33, 20.54, 0, 0, 4.37
2019/05/07 18:56:00, 25.25, 24.47, 24.28, 22.32, 20.54, 0, 0, 4.37
2019/05/07 18:57:00, 25.25, 24.46, 24.28, 22.32, 20.51, 0, 0, 4.37
2019/05/07 18:58:00, 25.00, 24.44, 24.27, 22.28, 20.51, 0, 0, 4.37
2019/05/07 18:59:00, 25.00, 24.44, 24.27, 22.27, 20.51, 0, 0, 4.37
2019/05/07 19:00:00, 25.00, 24.42, 24.25, 22.28, 20.50, 0, 0, 4.37
2019/05/07 19:01:00, 25.00, 24.44, 24.23, 22.28, 20.48, 0, 0, 4.37
2019/05/07 19:02:00, 25.00, 24.42, 24.23, 22.29, 20.47, 0, 0, 4.37
2019/05/07 19:03:00, 25.00, 24.39, 24.23, 22.25, 20.45, 0, 0, 4.37
2019/05/07 19:04:00, 25.00, 24.42, 24.22, 22.21, 20.46, 0, 0, 4.37
2019/05/07 19:05:00, 25.00, 24.39, 24.20, 22.26, 20.44, 0, 0, 4.37
2019/05/07 19:06:00, 25.00, 24.38, 24.19, 22.27, 20.46, 0, 0, 4.37
2019/05/07 19:07:00, 25.00, 24.36, 24.19, 22.20, 20.43, 0, 0, 4.37
2019/05/07 19:08:00, 25.00, 24.36, 24.19, 22.24, 20.42, 0, 0, 4.37
2019/05/07 19:09:00, 25.00, 24.33, 24.17, 22.18, 20.39, 0, 0, 4.37
2019/05/07 19:10:00, 25.00, 24.33, 24.18, 22.19, 20.39, 0, 0, 4.37
2019/05/07 19:11:00, 25.00, 24.35, 24.16, 22.18, 20.38, 0, 0, 4.37
2019/05/07 19:12:00, 25.00, 24.32, 24.13, 22.15, 20.34, 0, 0, 4.37
2019/05/07 19:13:00, 25.00, 24.31, 24.16, 22.08, 20.30, 0, 0, 4.37
2019/05/07 19:14:00, 25.00, 24.29, 24.11, 22.13, 20.32, 0, 0, 4.37
2019/05/07 19:15:00, 25.00, 24.32, 24.13, 22.11, 20.31, 0, 0, 4.37
2019/05/07 19:16:00, 25.00, 24.32, 24.12, 22.06, 20.27, 0, 0, 4.37
2019/05/07 19:17:00, 25.00, 24.27, 24.10, 22.02, 20.24, 0, 0, 4.37
2019/05/07 19:18:00, 25.00, 24.27, 24.13, 22.08, 20.26, 0, 0, 4.37
2019/05/07 19:19:00, 25.00, 24.27, 24.10, 22.01, 20.24, 0, 0, 4.37
2019/05/07 19:20:00, 25.00, 24.27, 24.10, 21.98, 20.22, 0, 0, 4.37
2019/05/07 19:21:00, 25.00, 24.26, 24.10, 21.90, 20.18, 0, 0, 4.37
2019/05/07 19:22:00, 25.00, 24.27, 24.09, 21.95, 20.16, 0, 0, 4.37
2019/05/07 19:23:00, 25.00, 24.26, 24.07, 21.90, 20.16, 0, 0, 4.37
2019/05/07 19:24:00, 25.00, 24.25, 24.06, 21.85, 20.13, 0, 0, 4.37
2019/05/07 19:25:00, 25.00, 24.27, 24.05, 21.85, 20.13, 0, 0, 4.37
2019/05/07 19:26:00, 25.00, 24.25, 24.06, 21.91, 20.13, 0, 0, 4.37
2019/05/07 19:27:00, 25.00, 24.26, 24.06, 21.89, 20.12, 0, 0, 4.37
2019/05/07 19:28:00, 25.00, 24.23, 24.06, 21.83, 20.09, 0, 0, 4.37
2019/05/07 19:29:00, 25.00, 24.23, 24.03, 21.81, 20.05, 0, 0, 4.37
2019/05/07 19:30:00, 25.00, 24.23, 24.03, 21.81, 20.03, 0, 0, 4.37
2019/05/07 19:31:00, 25.00, 24.20, 24.04, 21.73, 20.04, 0, 0, 4.37
2019/05/07 19:32:00, 25.00, 24.20, 24.01, 21.76, 20.01, 0, 0, 4.37
2019/05/07 19:33:00, 25.00, 24.20, 24.00, 21.83, 20.00, 0, 0, 4.37
2019/05/07 19:34:00, 25.00, 24.20, 24.02, 21.71, 19.97, 0, 0, 4.37
2019/05/07 19:35:00, 25.00, 24.19, 23.97, 21.69, 19.91, 0, 0, 4.37
2019/05/07 19:36:00, 25.00, 24.19, 23.96, 21.68, 19.95, 0, 0, 4.37
2019/05/07 19:37:00, 25.00, 24.16, 23.98, 21.71, 19.95, 0, 0, 4.37
2019/05/07 19:38:00, 25.00, 24.19, 23.98, 21.64, 19.92, 0, 0, 4.37
2019/05/07 19:39:00, 24.75, 24.18, 23.98, 21.58, 19.86, 0, 0, 4.37
2019/05/07 19:40:00, 25.00, 24.15, 23.98, 21.60, 19.84, 0, 0, 4.37
2019/05/07 19:41:00, 25.00, 24.15, 23.96, 21.60, 19.82, 0, 0, 4.37
2019/05/07 19:42:00, 24.75, 24.16, 23.98, 21.60, 19.81, 0, 0, 4.37
2019/05/07 19:43:00, 24.75, 24.18, 23.97, 21.56, 19.79, 0, 0, 4.37
2019/05/07 19:44:00, 24.75, 24.15, 23.96, 21.50, 19.77, 0, 0, 4.37
2019/05/07 19:45:00, 24.75, 24.15, 23.97, 21.42, 19.74, 0, 0, 4.37
2019/05/07 19:46:00, 24.75, 24.14, 23.97, 21.47, 19.72, 0, 0, 4.37
2019/05/07 19:47:00, 24.75, 24.16, 23.96, 21.42, 19.70, 0, 0, 4.37
2019/05/07 19:48:00, 24.75, 24.12, 23.95, 21.35, 19.65, 0, 0, 4.37
2019/05/07 19:49:00, 24.75, 24.14, 23.96, 21.37, 19.62, 0, 0, 4.37
2019/05/07 19:50:00, 24.75, 24.12, 23.96, 21.38, 19.65, 0, 0, 4.37
2019/05/07 19:51:00, 24.75, 24.14, 23.94, 21.37, 19.61, 0, 0, 4.37
2019/05/07 19:52:00, 24.75, 24.14, 23.95, 21.30, 19.55, 0, 0, 4.37
2019/05/07 19:53:00, 24.75, 24.14, 23.95, 21.32, 19.56, 0, 0, 4.37
2019/05/07 19:54:00, 24.75, 24.14, 23.97, 21.29, 19.54, 0, 0, 4.37
2019/05/07 19:55:00, 24.75, 24.15, 23.96, 21.22, 19.52, 0, 0, 4.37
2019/05/07 19:56:00, 24.75, 24.12, 23.94, 21.20, 19.48, 0, 0, 4.37
2019/05/07 19:57:00, 24.75, 24.14, 23.94, 21.22, 19.46, 0, 0, 4.37
2019/05/07 19:58:00, 24.75, 24.11, 23.95, 21.17, 19.47, 0, 0, 4.37
2019/05/07 19:59:00, 24.75, 24.15, 23.93, 21.19, 19.43, 0, 0, 4.37
2019/05/07 20:00:00, 24.75, 24.12, 23.94, 21.15, 19.40, 0, 0, 4.37
2019/05/07 20:01:00, 24.75, 24.12, 23.94, 21.13, 19.39, 0, 0, 4.37
2019/05/07 20:02:00, 24.75, 24.14, 23.94, 21.11, 19.39, 0, 0, 4.37
2019/05/07 20:03:00, 24.75, 24.09, 23.92, 21.09, 19.33, 0, 0, 4.37
2019/05/07 20:04:00, 24.75, 24.14, 23.93, 21.07, 19.33, 0, 0, 4.37
2019/05/07 20:05:00, 24.75, 24.09, 23.92, 21.07, 19.32, 0, 0, 4.37
2019/05/07 20:06:00, 24.75, 24.09, 23.91, 21.07, 19.32, 0, 0, 4.37
2019/05/07 20:07:00, 24.75, 24.09, 23.92, 21.01, 19.29, 0, 0, 4.37
2019/05/07 20:08:00, 24.75, 24.08, 23.92, 21.01, 19.25, 0, 0, 4.37
2019/05/07 20:09:00, 24.75, 24.09, 23.90, 20.97, 19.25, 0, 0, 4.37
2019/05/07 20:10:00, 24.75, 24.08, 23.89, 20.94, 19.21, 0, 0, 4.37
2019/05/07 20:11:00, 24.75, 24.08, 23.91, 20.91, 19.19, 0, 0, 4.37
2019/05/07 20:12:00, 24.75, 24.09, 23.90, 20.86, 19.15, 0, 0, 4.37
2019/05/07 20:13:00, 24.75, 24.08, 23.88, 20.83, 19.13, 0, 0, 4.37
2019/05/07 20:14:00, 24.75, 24.08, 23.87, 20.88, 19.10, 0, 0, 4.37
2019/05/07 20:15:00, 24.75, 24.09, 23.88, 20.84, 19.11, 0, 0, 4.37
2019/05/07 20:16:00, 24.75, 24.05, 23.87, 20.81, 19.05, 0, 0, 4.37
2019/05/07 20:17:00, 24.75, 24.05, 23.87, 20.76, 19.03, 0, 0, 4.37
2019/05/07 20:18:00, 24.75, 24.05, 23.87, 20.70, 18.99, 0, 0, 4.37
2019/05/07 20:19:00, 24.75, 24.05, 23.84, 20.71, 18.98, 0, 0, 4.37
2019/05/07 20:20:00, 24.75, 24.04, 23.87, 20.71, 18.99, 0, 0, 4.37
2019/05/07 20:21:00, 24.75, 24.05, 23.88, 20.61, 18.94, 0, 0, 4.37
2019/05/07 20:22:00, 24.75, 24.02, 23.84, 20.58, 18.92, 0, 0, 4.37
2019/05/07 20:23:00, 24.75, 24.04, 23.86, 20.52, 18.88, 0, 0, 4.37
2019/05/07 20:24:00, 24.75, 24.07, 23.87, 20.57, 18.84, 0, 0, 4.37
2019/05/07 20:25:00, 24.75, 24.04, 23.83, 20.48, 18.82, 0, 0, 4.37
2019/05/07 20:26:00, 24.75, 24.02, 23.83, 20.45, 18.76, 0, 0, 4.37
2019/05/07 20:27:00, 24.75, 24.04, 23.83, 20.42, 18.74, 0, 0, 4.37
2019/05/07 20:28:00, 24.75, 24.01, 23.82, 20.42, 18.72, 0, 0, 4.37
2019/05/07 20:29:00, 24.75, 24.02, 23.82, 20.45, 18.72, 0, 0, 4.37
2019/05/07 20:30:00, 24.75, 24.01, 23.84, 20.40, 18.68, 0, 0, 4.37
2019/05/07 20:31:00, 24.75, 24.01, 23.82, 20.40, 18.64, 0, 0, 4.37
2019/05/07 20:32:00, 24.75, 24.01, 23.81, 20.35, 18.63, 0, 0, 4.37
2019/05/07 20:33:00, 24.75, 24.01, 23.80, 20.27, 18.62, 0, 0, 4.37
2019/05/07 20:34:00, 24.75, 23.99, 23.81, 20.30, 18.56, 0, 0, 4.37
2019/05/07 20:35:00, 24.75, 23.98, 23.80, 20.25, 18.53, 0, 0, 4.37
2019/05/07 20:36:00, 24.50, 23.98, 23.81, 20.22, 18.52, 0, 0, 4.37
2019/05/07 20:37:00, 24.50, 23.99, 23.80, 20.21, 18.50, 0, 0, 4.37
2019/05/07 20:38:00, 24.50, 23.95, 23.80, 20.14, 18.45, 0, 0, 4.37
2019/05/07 20:39:00, 24.50, 23.98, 23.80, 20.17, 18.44, 0, 0, 4.37
2019/05/07 20:40:00, 24.50, 23.99, 23.81, 20.14, 18.44, 0, 0, 4.37
2019/05/07 20:41:00, 24.50, 23.98, 23.78, 20.07, 18.39, 0, 0, 4.37
2019/05/07 20:42:00, 24.50, 23.98, 23.78, 20.06, 18.36, 0, 0, 4.37
2019/05/07 20:43:00, 24.50, 23.98, 23.79, 19.98, 18.33, 0, 0, 4.37
2019/05/07 20:44:00, 24.50, 23.97, 23.78, 19.99, 18.32, 0, 0, 4.37
2019/05/07 20:45:00, 24.50, 23.97, 23.78, 19.96, 18.29, 0, 0, 4.37
2019/05/07 20:46:00, 24.50, 23.98, 23.77, 19.98, 18.29, 0, 0, 4.37
2019/05/07 20:47:00, 24.50, 23.97, 23.76, 19.96, 18.25, 0, 0, 4.37
2019/05/07 20:48:00, 24.50, 23.95, 23.76, 19.91, 18.23, 0, 0, 4.37
2019/05/07 20:49:00, 24.50, 23.94, 23.75, 19.86, 18.21, 0, 0, 4.37
2019/05/07 20:50:00, 24.50, 23.94, 23.76, 19.86, 18.18, 0, 0, 4.37
2019/05/07 20:51:00, 24.50, 23.94, 23.74, 19.84, 18.14, 0, 0, 4.37
2019/05/07 20:52:00, 24.50, 23.92, 23.75, 19.83, 18.12, 0, 0, 4.37
2019/05/07 20:53:00, 24.50, 23.92, 23.73, 19.84, 18.13, 0, 0, 4.37
2019/05/07 20:54:00, 24.50, 23.91, 23.73, 19.75, 18.10, 0, 0, 4.37
2019/05/07 20:55:00, 24.50, 23.92, 23.73, 19.78, 18.07, 0, 0, 4.37
2019/05/07 20:56:00, 24.50, 23.91, 23.73, 19.76, 18.05, 0, 0, 4.37
2019/05/07 20:57:00, 24.50, 23.92, 23.72, 19.71, 18.04, 0, 0, 4.37
2019/05/07 20:58:00, 24.50, 23.91, 23.69, 19.70, 18.04, 0, 0, 4.37
2019/05/07 20:59:00, 24.50, 23.90, 23.71, 19.67, 18.03, 0, 0, 4.37
2019/05/07 21:00:00, 24.50, 23.88, 23.72, 19.65, 18.02, 0, 0, 4.37
2019/05/07 21:01:00, 24.50, 23.88, 23.72, 19.65, 17.98, 0, 0, 4.37
2019/05/07 21:02:00, 24.50, 23.91, 23.73, 19.68, 17.97, 0, 0, 4.37
2019/05/07 21:03:00, 24.50, 23.91, 23.72, 19.62, 17.95, 0, 0, 4.37
2019/05/07 21:04:00, 24.50, 23.88, 23.71, 19.60, 17.91, 0, 0, 4.37
2019/05/07 21:05:00, 24.50, 23.90, 23.71, 19.58, 17.91, 0, 0, 4.37
2019/05/07 21:06:00, 24.50, 23.90, 23.73, 19.52, 17.89, 0, 0, 4.37
2019/05/07 21:07:00, 24.50, 23.88, 23.68, 19.53, 17.88, 0, 0, 4.37
2019/05/07 21:08:00, 24.50, 23.88, 23.72, 19.55, 17.87, 0, 0, 4.37
2019/05/07 21:09:00, 24.50, 23.87, 23.68, 19.50, 17.85, 0, 0, 4.37
2019/05/07 21:10:00, 24.50, 23.87, 23.68, 19.50, 17.81, 0, 0, 4.37
2019/05/07 21:11:00, 24.50, 23.88, 23.67, 19.50, 17.83, 0, 0, 4.37
2019/05/07 21:12:00, 24.50, 23.87, 23.68, 19.45, 17.81, 0, 0, 4.37
2019/05/07 21:13:00, 24.50, 23.87, 23.68, 19.45, 17.79, 0, 0, 4.37
2019/05/07 21:14:00, 24.50, 23.84, 23.66, 19.39, 17.74, 0, 0, 4.37
2019/05/07 21:15:00, 24.50, 23.85, 23.67, 19.50, 17.75, 0, 0, 4.37
2019/05/07 21:16:00, 24.50, 23.84, 23.66, 19.47, 17.75, 0, 0, 4.37
2019/05/07 21:17:00, 24.50, 23.88, 23.67, 19.46, 17.75, 0, 0, 4.37
2019/05/07 21:18:00, 24.50, 23.85, 23.67, 19.45, 17.75, 0, 0, 4.37
2019/05/07 21:19:00, 24.50, 23.87, 23.67, 19.37, 17.71, 0, 0, 4.37
2019/05/07 21:20:00, 24.50, 23.87, 23.67, 19.42, 17.69, 0, 0, 4.37
2019/05/07 21:21:00, 24.50, 23.87, 23.68, 19.40, 17.71, 0, 0, 4.37
2019/05/07 21:22:00, 24.50, 23.84, 23.67, 19.37, 17.68, 0, 0, 4.37
2019/05/07 21:23:00, 24.50, 23.87, 23.67, 19.40, 17.67, 0, 0, 4.37
2019/05/07 21:24:00, 24.50, 23.85, 23.66, 19.37, 17.63, 0, 0, 4.37
2019/05/07 21:25:00, 24.50, 23.87, 23.67, 19.30, 17.64, 0, 0, 4.37
2019/05/07 21:26:00, 24.50, 23.84, 23.66, 19.32, 17.63, 0, 0, 4.37
2019/05/07 21:27:00, 24.50, 23.85, 23.63, 19.34, 17.62, 0, 0, 4.37
2019/05/07 21:28:00, 24.50, 23.87, 23.65, 19.33, 17.62, 0, 0, 4.37
2019/05/07 21:29:00, 24.50, 23.84, 23.64, 19.30, 17.62, 0, 0, 4.37
2019/05/07 21:30:00, 24.50, 23.85, 23.67, 19.32, 17.61, 0, 0, 4.37
2019/05/07 21:31:00, 24.50, 23.85, 23.66, 19.29, 17.59, 0, 0, 4.37
2019/05/07 21:32:00, 24.50, 23.85, 23.68, 19.24, 17.58, 0, 0, 4.37
2019/05/07 21:33:00, 24.50, 23.85, 23.66, 19.22, 17.55, 0, 0, 4.37
2019/05/07 21:34:00, 24.50, 23.83, 23.64, 19.21, 17.54, 0, 0, 4.37
2019/05/07 21:35:00, 24.50, 23.85, 23.64, 19.22, 17.53, 0, 0, 4.37
2019/05/07 21:36:00, 24.50, 23.85, 23.65, 19.21, 17.55, 0, 0, 4.37
2019/05/07 21:37:00, 24.50, 23.83, 23.67, 19.20, 17.52, 0, 0, 4.37
2019/05/07 21:38:00, 24.50, 23.84, 23.65, 19.17, 17.49, 0, 0, 4.37
2019/05/07 21:39:00, 24.50, 23.83, 23.61, 19.20, 17.49, 0, 0, 4.37
2019/05/07 21:40:00, 24.50, 23.83, 23.64, 19.12, 17.50, 0, 0, 4.37
2019/05/07 21:41:00, 24.50, 23.83, 23.63, 19.14, 17.46, 0, 0, 4.37
2019/05/07 21:42:00, 24.50, 23.80, 23.64, 19.09, 17.43, 0, 0, 4.37
2019/05/07 21:43:00, 24.50, 23.84, 23.63, 19.16, 17.45, 0, 0, 4.37
2019/05/07 21:44:00, 24.50, 23.83, 23.61, 19.14, 17.45, 0, 0, 4.37
2019/05/07 21:45:00, 24.50, 23.81, 23.63, 19.13, 17.44, 0, 0, 4.37
2019/05/07 21:46:00, 24.50, 23.83, 23.61, 19.09, 17.41, 0, 0, 4.37
2019/05/07 21:47:00, 24.25, 23.81, 23.61, 19.06, 17.39, 0, 0, 4.37
2019/05/07 21:48:00, 24.50, 23.81, 23.62, 19.07, 17.40, 0, 0, 4.37
2019/05/07 21:49:00, 24.50, 23.80, 23.62, 19.04, 17.39, 0, 0, 4.37
2019/05/07 21:50:00, 24.25, 23.81, 23.60, 19.06, 17.38, 0, 0, 4.37
2019/05/07 21:51:00, 24.25, 23.83, 23.62, 19.06, 17.40, 0, 0, 4.37
2019/05/07 21:52:00, 24.50, 23.79, 23.60, 19.04, 17.37, 0, 0, 4.37
2019/05/07 21:53:00, 24.25, 23.77, 23.62, 19.02, 17.36, 0, 0, 4.37
2019/05/07 21:54:00, 24.25, 23.77, 23.60, 19.04, 17.39, 0, 0, 4.37
2019/05/07 21:55:00, 24.25, 23.83, 23.60, 19.04, 17.39, 0, 0, 4.37
2019/05/07 21:56:00, 24.25, 23.81, 23.62, 19.01, 17.36, 0, 0, 4.37
2019/05/07 21:57:00, 24.25, 23.83, 23.60, 19.03, 17.36, 0, 0, 4.37
2019/05/07 21:58:00, 24.25, 23.80, 23.60, 19.03, 17.35, 0, 0, 4.37
2019/05/07 21:59:00, 24.25, 23.81, 23.60, 19.04, 17.34, 0, 0, 4.37
2019/05/07 22:00:00, 24.25, 23.80, 23.60, 19.01, 17.34, 0, 0, 4.37
2019/05/07 22:01:00, 24.25, 23.80, 23.60, 19.01, 17.36, 0, 0, 4.37
2019/05/07 22:02:00, 24.25, 23.81, 23.60, 19.04, 17.36, 0, 0, 4.37
2019/05/07 22:03:00, 24.25, 23.81, 23.59, 18.99, 17.33, 0, 0, 4.37
2019/05/07 22:04:00, 24.25, 23.79, 23.60, 19.01, 17.32, 0, 0, 4.37
2019/05/07 22:05:00, 24.25, 23.79, 23.61, 18.99, 17.30, 0, 0, 4.37
2019/05/07 22:06:00, 24.25, 23.79, 23.57, 19.04, 17.30, 0, 0, 4.37
2019/05/07 22:07:00, 24.25, 23.76, 23.57, 19.02, 17.33, 0, 0, 4.37
2019/05/07 22:08:00, 24.25, 23.77, 23.58, 19.01, 17.32, 0, 0, 4.37
2019/05/07 22:09:00, 24.25, 23.77, 23.57, 18.94, 17.30, 0, 0, 4.37
2019/05/07 22:10:00, 24.25, 23.76, 23.59, 19.04, 17.33, 0, 0, 4.37
2019/05/07 22:11:00, 24.25, 23.76, 23.59, 18.96, 17.33, 0, 0, 4.37
2019/05/07 22:12:00, 24.25, 23.77, 23.56, 19.00, 17.32, 0, 0, 4.37
2019/05/07 22:13:00, 24.25, 23.74, 23.57, 19.01, 17.28, 0, 0, 4.37
2019/05/07 22:14:00, 24.25, 23.74, 23.56, 18.99, 17.30, 0, 0, 4.37
2019/05/07 22:15:00, 24.25, 23.76, 23.56, 19.02, 17.27, 0, 0, 4.37
2019/05/07 22:16:00, 24.25, 23.76, 23.54, 18.99, 17.29, 0, 0, 4.37
2019/05/07 22:17:00, 24.25, 23.74, 23.58, 18.99, 17.29, 0, 0, 4.37
2019/05/07 22:18:00, 24.25, 23.76, 23.53, 18.96, 17.28, 0, 0, 4.37
2019/05/07 22:19:00, 24.25, 23.77, 23.56, 18.98, 17.27, 0, 0, 4.37
2019/05/07 22:20:00, 24.25, 23.74, 23.56, 18.89, 17.26, 0, 0, 4.37
2019/05/07 22:21:00, 24.25, 23.77, 23.56, 18.91, 17.25, 0, 0, 4.37
2019/05/07 22:22:00, 24.25, 23.76, 23.56, 18.94, 17.25, 0, 0, 4.37
2019/05/07 22:23:00, 24.25, 23.74, 23.53, 18.92, 17.22, 0, 0, 4.37
2019/05/07 22:24:00, 24.25, 23.74, 23.56, 18.92, 17.22, 0, 0, 4.37
2019/05/07 22:25:00, 24.25, 23.74, 23.56, 18.87, 17.21, 0, 0, 4.37
2019/05/07 22:26:00, 24.25, 23.74, 23.54, 18.89, 17.23, 0, 0, 4.37
2019/05/07 22:27:00, 24.25, 23.73, 23.58, 18.92, 17.21, 0, 0, 4.37
2019/05/07 22:28:00, 24.25, 23.74, 23.57, 18.87, 17.20, 0, 0, 4.37
2019/05/07 22:29:00, 24.25, 23.73, 23.52, 18.84, 17.18, 0, 0, 4.37
2019/05/07 22:30:00, 24.25, 23.71, 23.54, 18.87, 17.17, 0, 0, 4.37
2019/05/07 22:31:00, 24.25, 23.73, 23.54, 18.87, 17.20, 0, 0, 4.37
2019/05/07 22:32:00, 24.25, 23.71, 23.54, 18.86, 17.18, 0, 0, 4.37
2019/05/07 22:33:00, 24.25, 23.73, 23.54, 18.82, 17.17, 0, 0, 4.37
2019/05/07 22:34:00, 24.25, 23.73, 23.53, 18.84, 17.17, 0, 0, 4.37
2019/05/07 22:35:00, 24.25, 23.73, 23.52, 18.87, 17.15, 0, 0, 4.37
2019/05/07 22:36:00, 24.25, 23.70, 23.53, 18.82, 17.13, 0, 0, 4.37
2019/05/07 22:37:00, 24.25, 23.71, 23.53, 18.82, 17.13, 0, 0, 4.37
2019/05/07 22:38:00, 24.25, 23.76, 23.53, 18.84, 17.14, 0, 0, 4.37
2019/05/07 22:39:00, 24.25, 23.71, 23.52, 18.81, 17.10, 0, 0, 4.37
2019/05/07 22:40:00, 24.25, 23.70, 23.52, 18.81, 17.13, 0, 0, 4.37
2019/05/07 22:41:00, 24.25, 23.71, 23.52, 18.73, 17.13, 0, 0, 4.37
2019/05/07 22:42:00, 24.25, 23.70, 23.52, 18.74, 17.10, 0, 0, 4.37
2019/05/07 22:43:00, 24.25, 23.70, 23.53, 18.78, 17.09, 0, 0, 4.37
2019/05/07 22:44:00, 24.25, 23.71, 23.53, 18.78, 17.10, 0, 0, 4.37
2019/05/07 22:45:00, 24.25, 23.70, 23.52, 18.74, 17.07, 0, 0, 4.37
2019/05/07 22:46:00, 24.25, 23.70, 23.50, 18.74, 17.07, 0, 0, 4.37
2019/05/07 22:47:00, 24.25, 23.70, 23.50, 18.71, 17.04, 0, 0, 4.37
2019/05/07 22:48:00, 24.25, 23.68, 23.50, 18.78, 17.04, 0, 0, 4.37
2019/05/07 22:49:00, 24.25, 23.70, 23.50, 18.71, 17.05, 0, 0, 4.37
2019/05/07 22:50:00, 24.25, 23.68, 23.50, 18.69, 17.01, 0, 0, 4.37
2019/05/07 22:51:00, 24.25, 23.67, 23.48, 18.73, 17.00, 0, 0, 4.37
2019/05/07 22:52:00, 24.25, 23.70, 23.51, 18.65, 17.01, 0, 0, 4.37
2019/05/07 22:53:00, 24.25, 23.70, 23.51, 18.69, 17.01, 0, 0, 4.37
2019/05/07 22:54:00, 24.25, 23.70, 23.50, 18.68, 16.99, 0, 0, 4.37
2019/05/07 22:55:00, 24.25, 23.70, 23.50, 18.68, 17.00, 0, 0, 4.37
2019/05/07 22:56:00, 24.25, 23.68, 23.51, 18.66, 16.97, 0, 0, 4.37
2019/05/07 22:57:00, 24.25, 23.68, 23.50, 18.69, 16.97, 0, 0, 4.37
2019/05/07 22:58:00, 24.25, 23.70, 23.48, 18.66, 16.97, 0, 0, 4.37
2019/05/07 22:59:00, 24.25, 23.68, 23.47, 18.66, 16.95, 0, 0, 4.37
2019/05/07 23:00:00, 24.25, 23.68, 23.49, 18.65, 16.94, 0, 0, 4.37
2019/05/07 23:01:00, 24.25, 23.70, 23.49, 18.63, 16.95, 0, 0, 4.37
2019/05/07 23:02:00, 24.25, 23.71, 23.49, 18.66, 16.93, 0, 0, 4.37
2019/05/07 23:03:00, 24.25, 23.68, 23.49, 18.58, 16.91, 0, 0, 4.37
2019/05/07 23:04:00, 24.25, 23.68, 23.48, 18.58, 16.91, 0, 0, 4.37
2019/05/07 23:05:00, 24.25, 23.67, 23.48, 18.56, 16.90, 0, 0, 4.37
2019/05/07 23:06:00, 24.25, 23.67, 23.48, 18.60, 16.88, 0, 0, 4.37
2019/05/07 23:07:00, 24.25, 23.67, 23.46, 18.60, 16.88, 0, 0, 4.37
2019/05/07 23:08:00, 24.25, 23.67, 23.47, 18.53, 16.90, 0, 0, 4.37
2019/05/07 23:09:00, 24.25, 23.67, 23.48, 18.61, 16.90, 0, 0, 4.37
2019/05/07 23:10:00, 24.25, 23.67, 23.47, 18.50, 16.86, 0, 0, 4.37
2019/05/07 23:11:00, 24.25, 23.64, 23.46, 18.55, 16.86, 0, 0, 4.37
2019/05/07 23:12:00, 24.25, 23.67, 23.47, 18.55, 16.88, 0, 0, 4.37
2019/05/07 23:13:00, 24.25, 23.64, 23.45, 18.58, 16.85, 0, 0, 4.37
2019/05/07 23:14:00, 24.25, 23.65, 23.46, 18.48, 16.86, 0, 0, 4.37
2019/05/07 23:15:00, 24.25, 23.64, 23.45, 18.53, 16.85, 0, 0, 4.37
2019/05/07 23:16:00, 24.25, 23.64, 23.46, 18.51, 16.85, 0, 0, 4.37
2019/05/07 23:17:00, 24.25, 23.63, 23.47, 18.51, 16.85, 0, 0, 4.37
2019/05/07 23:18:00, 24.25, 23.64, 23.45, 18.51, 16.84, 0, 0, 4.37
2019/05/07 23:19:00, 24.25, 23.65, 23.43, 18.53, 16.82, 0, 0, 4.37
2019/05/07 23:20:00, 24.25, 23.63, 23.44, 18.55, 16.84, 0, 0, 4.37
2019/05/07 23:21:00, 24.25, 23.64, 23.45, 18.55, 16.83, 0, 0, 4.37
2019/05/07 23:22:00, 24.25, 23.63, 23.46, 18.59, 16.85, 0, 0, 4.37
2019/05/07 23:23:00, 24.25, 23.64, 23.45, 18.48, 16.84, 0, 0, 4.37
2019/05/07 23:24:00, 24.25, 23.65, 23.45, 18.48, 16.84, 0, 0, 4.37
2019/05/07 23:25:00, 24.25, 23.64, 23.47, 18.50, 16.83, 0, 0, 4.37
2019/05/07 23:26:00, 24.25, 23.65, 23.46, 18.48, 16.78, 0, 0, 4.37
2019/05/07 23:27:00, 24.25, 23.64, 23.46, 18.50, 16.78, 0, 0, 4.37
2019/05/07 23:28:00, 24.25, 23.63, 23.43, 18.50, 16.80, 0, 0, 4.37
2019/05/07 23:29:00, 24.25, 23.65, 23.44, 18.48, 16.80, 0, 0, 4.37
2019/05/07 23:30:00, 24.25, 23.64, 23.47, 18.50, 16.81, 0, 0, 4.37
2019/05/07 23:31:00, 24.25, 23.64, 23.46, 18.40, 16.78, 0, 0, 4.37
2019/05/07 23:32:00, 24.25, 23.64, 23.45, 18.48, 16.78, 0, 0, 4.37
2019/05/07 23:33:00, 24.25, 23.64, 23.45, 18.44, 16.78, 0, 0, 4.37
2019/05/07 23:34:00, 24.25, 23.63, 23.45, 18.44, 16.75, 0, 0, 4.37
2019/05/07 23:35:00, 24.25, 23.65, 23.47, 18.50, 16.78, 0, 0, 4.37
2019/05/07 23:36:00, 24.25, 23.64, 23.45, 18.44, 16.79, 0, 0, 4.37
2019/05/07 23:37:00, 24.25, 23.67, 23.46, 18.44, 16.78, 0, 0, 4.37
2019/05/07 23:38:00, 24.25, 23.63, 23.45, 18.45, 16.76, 0, 0, 4.37
2019/05/07 23:39:00, 24.25, 23.64, 23.45, 18.44, 16.78, 0, 0, 4.37
2019/05/07 23:40:00, 24.25, 23.64, 23.45, 18.45, 16.78, 0, 0, 4.37
2019/05/07 23:41:00, 24.25, 23.64, 23.44, 18.43, 16.75, 0, 0, 4.37
2019/05/07 23:42:00, 24.25, 23.61, 23.42, 18.50, 16.75, 0, 0, 4.37
2019/05/07 23:43:00, 24.25, 23.61, 23.43, 18.44, 16.75, 0, 0, 4.37
2019/05/07 23:44:00, 24.25, 23.60, 23.42, 18.46, 16.78, 0, 0, 4.37
2019/05/07 23:45:00, 24.25, 23.61, 23.44, 18.51, 16.79, 0, 0, 4.37
2019/05/07 23:46:00, 24.25, 23.59, 23.42, 18.50, 16.79, 0, 0, 4.37
2019/05/07 23:47:00, 24.25, 23.63, 23.42, 18.44, 16.78, 0, 0, 4.37
