Data logger for tempereture and humidity.
Code, design, and soldering by Antti Mikkonen, a.mikkonen@iki.fi, 2019.
Based on open source projects and libraries. See source for details.
/home/ami/src/arduino/promini/logger_v8_ada/logger_v8_ada.ino
UTC time (year/month/date hour:minute:second), T RTC (C), T sht31 (C), T si7021 (C), RH sht31 (-), RH si7021 (-), heaterOn sht31 (bool),  heaterOn si7021 (bool), battery voltage (V)
2019/05/16 00:08:00, 24.50, 23.88, 23.71, 22.00, 20.38, 0, 0, 4.33
2019/05/16 00:09:00, 24.50, 23.88, 23.69, 22.02, 20.37, 0, 0, 4.33
2019/05/16 00:10:00, 24.50, 23.91, 23.71, 21.98, 20.36, 0, 0, 4.33
2019/05/16 00:11:00, 24.50, 23.88, 23.72, 22.00, 20.37, 0, 0, 4.33
2019/05/16 00:12:00, 24.50, 23.90, 23.69, 22.03, 20.38, 0, 0, 4.33
2019/05/16 00:13:00, 24.50, 23.91, 23.72, 22.02, 20.38, 0, 0, 4.33
2019/05/16 00:14:00, 24.50, 23.90, 23.71, 22.00, 20.38, 0, 0, 4.33
2019/05/16 00:15:00, 24.50, 23.90, 23.71, 22.03, 20.38, 0, 0, 4.33
2019/05/16 00:16:00, 24.50, 23.88, 23.72, 22.06, 20.39, 0, 0, 4.32
2019/05/16 00:17:00, 24.50, 23.90, 23.71, 22.01, 20.39, 0, 0, 4.33
2019/05/16 00:18:00, 24.50, 23.85, 23.69, 22.03, 20.40, 0, 0, 4.33
2019/05/16 00:19:00, 24.50, 23.87, 23.71, 22.06, 20.42, 0, 0, 4.33
2019/05/16 00:20:00, 24.50, 23.87, 23.68, 22.05, 20.42, 0, 0, 4.33
2019/05/16 00:21:00, 24.25, 23.87, 23.67, 22.05, 20.43, 0, 0, 4.33
2019/05/16 00:22:00, 24.50, 23.88, 23.66, 22.08, 20.43, 0, 0, 4.33
2019/05/16 00:23:00, 24.50, 23.87, 23.66, 22.06, 20.43, 0, 0, 4.33
2019/05/16 00:24:00, 24.50, 23.85, 23.67, 22.06, 20.43, 0, 0, 4.33
2019/05/16 00:25:00, 24.50, 23.85, 23.66, 22.11, 20.45, 0, 0, 4.33
2019/05/16 00:26:00, 24.50, 23.87, 23.66, 22.14, 20.45, 0, 0, 4.33
2019/05/16 00:27:00, 24.25, 23.85, 23.67, 22.10, 20.46, 0, 0, 4.32
2019/05/16 00:28:00, 24.50, 23.84, 23.66, 22.09, 20.48, 0, 0, 4.33
2019/05/16 00:29:00, 24.25, 23.85, 23.65, 22.10, 20.47, 0, 0, 4.33
2019/05/16 00:30:00, 24.50, 23.85, 23.66, 22.13, 20.49, 0, 0, 4.33
2019/05/16 00:31:00, 24.50, 23.84, 23.65, 22.11, 20.49, 0, 0, 4.33
2019/05/16 00:32:00, 24.25, 23.85, 23.65, 22.11, 20.48, 0, 0, 4.33
2019/05/16 00:33:00, 24.25, 23.81, 23.66, 22.09, 20.48, 0, 0, 4.33
2019/05/16 00:34:00, 24.25, 23.83, 23.67, 22.10, 20.49, 0, 0, 4.33
2019/05/16 00:35:00, 24.25, 23.84, 23.66, 22.10, 20.49, 0, 0, 4.33
2019/05/16 00:36:00, 24.25, 23.87, 23.65, 22.14, 20.49, 0, 0, 4.33
2019/05/16 00:37:00, 24.25, 23.84, 23.65, 22.10, 20.50, 0, 0, 4.33
2019/05/16 00:38:00, 24.25, 23.84, 23.66, 22.14, 20.50, 0, 0, 4.32
2019/05/16 00:39:00, 24.25, 23.80, 23.65, 22.17, 20.50, 0, 0, 4.33
2019/05/16 00:40:00, 24.25, 23.81, 23.65, 22.17, 20.51, 0, 0, 4.33
2019/05/16 00:41:00, 24.25, 23.84, 23.64, 22.19, 20.51, 0, 0, 4.33
2019/05/16 00:42:00, 24.25, 23.84, 23.62, 22.14, 20.52, 0, 0, 4.33
2019/05/16 00:43:00, 24.25, 23.83, 23.63, 22.16, 20.53, 0, 0, 4.33
2019/05/16 00:44:00, 24.25, 23.83, 23.63, 22.19, 20.54, 0, 0, 4.33
2019/05/16 00:45:00, 24.25, 23.85, 23.63, 22.21, 20.53, 0, 0, 4.33
2019/05/16 00:46:00, 24.25, 23.84, 23.65, 22.16, 20.54, 0, 0, 4.33
2019/05/16 00:47:00, 24.25, 23.85, 23.64, 22.14, 20.53, 0, 0, 4.33
2019/05/16 00:48:00, 24.25, 23.85, 23.64, 22.16, 20.54, 0, 0, 4.33
2019/05/16 00:49:00, 24.25, 23.84, 23.64, 22.14, 20.53, 0, 0, 4.33
2019/05/16 00:50:00, 24.25, 23.85, 23.64, 22.19, 20.54, 0, 0, 4.33
2019/05/16 00:51:00, 24.25, 23.83, 23.66, 22.17, 20.55, 0, 0, 4.33
2019/05/16 00:52:00, 24.25, 23.84, 23.63, 22.21, 20.55, 0, 0, 4.33
2019/05/16 00:53:00, 24.25, 23.84, 23.64, 22.21, 20.55, 0, 0, 4.33
2019/05/16 00:54:00, 24.25, 23.79, 23.63, 22.20, 20.56, 0, 0, 4.33
2019/05/16 00:55:00, 24.25, 23.80, 23.61, 22.16, 20.58, 0, 0, 4.33
2019/05/16 00:56:00, 24.25, 23.80, 23.62, 22.21, 20.58, 0, 0, 4.33
2019/05/16 00:57:00, 24.25, 23.80, 23.61, 22.27, 20.58, 0, 0, 4.33
2019/05/16 00:58:00, 24.25, 23.77, 23.60, 22.27, 20.60, 0, 0, 4.32
2019/05/16 00:59:00, 24.25, 23.77, 23.59, 22.24, 20.60, 0, 0, 4.32
2019/05/16 01:00:00, 24.25, 23.80, 23.62, 22.30, 20.62, 0, 0, 4.33
2019/05/16 01:01:00, 24.25, 23.80, 23.62, 22.27, 20.62, 0, 0, 4.33
2019/05/16 01:02:00, 24.25, 23.79, 23.63, 22.27, 20.62, 0, 0, 4.33
2019/05/16 01:03:00, 24.25, 23.81, 23.60, 22.25, 20.62, 0, 0, 4.32
2019/05/16 01:04:00, 24.25, 23.81, 23.63, 22.30, 20.62, 0, 0, 4.33
2019/05/16 01:05:00, 24.25, 23.81, 23.61, 22.29, 20.63, 0, 0, 4.33
2019/05/16 01:06:00, 24.25, 23.80, 23.62, 22.25, 20.62, 0, 0, 4.32
2019/05/16 01:07:00, 24.25, 23.79, 23.63, 22.27, 20.64, 0, 0, 4.33
2019/05/16 01:08:00, 24.25, 23.81, 23.62, 22.27, 20.63, 0, 0, 4.33
2019/05/16 01:09:00, 24.25, 23.79, 23.60, 22.34, 20.66, 0, 0, 4.33
2019/05/16 01:10:00, 24.25, 23.79, 23.61, 22.33, 20.65, 0, 0, 4.33
2019/05/16 01:11:00, 24.25, 23.80, 23.58, 22.33, 20.67, 0, 0, 4.33
2019/05/16 01:12:00, 24.25, 23.79, 23.60, 22.30, 20.67, 0, 0, 4.33
2019/05/16 01:13:00, 24.25, 23.79, 23.61, 22.33, 20.68, 0, 0, 4.33
2019/05/16 01:14:00, 24.25, 23.79, 23.60, 22.33, 20.67, 0, 0, 4.33
2019/05/16 01:15:00, 24.25, 23.79, 23.63, 22.37, 20.70, 0, 0, 4.33
2019/05/16 01:16:00, 24.25, 23.79, 23.61, 22.38, 20.71, 0, 0, 4.32
2019/05/16 01:17:00, 24.25, 23.77, 23.59, 22.36, 20.71, 0, 0, 4.33
2019/05/16 01:18:00, 24.25, 23.77, 23.59, 22.38, 20.72, 0, 0, 4.32
2019/05/16 01:19:00, 24.25, 23.79, 23.60, 22.36, 20.71, 0, 0, 4.33
2019/05/16 01:20:00, 24.25, 23.79, 23.59, 22.37, 20.73, 0, 0, 4.33
2019/05/16 01:21:00, 24.25, 23.77, 23.58, 22.37, 20.74, 0, 0, 4.33
2019/05/16 01:22:00, 24.25, 23.79, 23.58, 22.40, 20.74, 0, 0, 4.33
2019/05/16 01:23:00, 24.25, 23.79, 23.58, 22.40, 20.77, 0, 0, 4.33
2019/05/16 01:24:00, 24.25, 23.79, 23.58, 22.43, 20.77, 0, 0, 4.33
2019/05/16 01:25:00, 24.25, 23.77, 23.57, 22.40, 20.79, 0, 0, 4.33
2019/05/16 01:26:00, 24.25, 23.80, 23.57, 22.48, 20.78, 0, 0, 4.32
2019/05/16 01:27:00, 24.25, 23.77, 23.58, 22.46, 20.78, 0, 0, 4.33
2019/05/16 01:28:00, 24.25, 23.79, 23.59, 22.46, 20.79, 0, 0, 4.33
2019/05/16 01:29:00, 24.25, 23.77, 23.59, 22.54, 20.80, 0, 0, 4.32
2019/05/16 01:30:00, 24.25, 23.76, 23.59, 22.48, 20.81, 0, 0, 4.33
2019/05/16 01:31:00, 24.25, 23.77, 23.57, 22.51, 20.84, 0, 0, 4.33
2019/05/16 01:32:00, 24.25, 23.77, 23.58, 22.48, 20.85, 0, 0, 4.33
2019/05/16 01:33:00, 24.25, 23.79, 23.57, 22.51, 20.85, 0, 0, 4.33
2019/05/16 01:34:00, 24.25, 23.77, 23.57, 22.49, 20.85, 0, 0, 4.33
2019/05/16 01:35:00, 24.25, 23.77, 23.58, 22.53, 20.86, 0, 0, 4.33
2019/05/16 01:36:00, 24.25, 23.76, 23.58, 22.56, 20.87, 0, 0, 4.33
2019/05/16 01:37:00, 24.25, 23.77, 23.59, 22.58, 20.87, 0, 0, 4.33
2019/05/16 01:38:00, 24.25, 23.76, 23.58, 22.58, 20.87, 0, 0, 4.33
2019/05/16 01:39:00, 24.25, 23.77, 23.58, 22.54, 20.88, 0, 0, 4.32
2019/05/16 01:40:00, 24.25, 23.80, 23.58, 22.56, 20.87, 0, 0, 4.33
2019/05/16 01:41:00, 24.25, 23.77, 23.59, 22.61, 20.90, 0, 0, 4.33
2019/05/16 01:42:00, 24.25, 23.79, 23.59, 22.56, 20.91, 0, 0, 4.33
2019/05/16 01:43:00, 24.25, 23.76, 23.59, 22.58, 20.93, 0, 0, 4.32
2019/05/16 01:44:00, 24.25, 23.74, 23.58, 22.59, 20.93, 0, 0, 4.33
2019/05/16 01:45:00, 24.25, 23.76, 23.57, 22.67, 20.94, 0, 0, 4.33
2019/05/16 01:46:00, 24.25, 23.76, 23.58, 22.59, 20.97, 0, 0, 4.33
2019/05/16 01:47:00, 24.25, 23.77, 23.57, 22.67, 20.96, 0, 0, 4.33
2019/05/16 01:48:00, 24.25, 23.74, 23.56, 22.66, 20.98, 0, 0, 4.33
2019/05/16 01:49:00, 24.25, 23.74, 23.57, 22.67, 20.99, 0, 0, 4.33
2019/05/16 01:50:00, 24.25, 23.77, 23.57, 22.70, 21.00, 0, 0, 4.33
2019/05/16 01:51:00, 24.25, 23.76, 23.57, 22.71, 21.01, 0, 0, 4.33
2019/05/16 01:52:00, 24.25, 23.76, 23.57, 22.67, 21.00, 0, 0, 4.33
2019/05/16 01:53:00, 24.25, 23.77, 23.59, 22.69, 21.03, 0, 0, 4.33
2019/05/16 01:54:00, 24.25, 23.76, 23.57, 22.71, 21.03, 0, 0, 4.32
2019/05/16 01:55:00, 24.25, 23.74, 23.57, 22.67, 21.03, 0, 0, 4.33
2019/05/16 01:56:00, 24.25, 23.77, 23.58, 22.78, 21.05, 0, 0, 4.33
2019/05/16 01:57:00, 24.25, 23.76, 23.57, 22.72, 21.06, 0, 0, 4.33
2019/05/16 01:58:00, 24.25, 23.76, 23.58, 22.74, 21.06, 0, 0, 4.33
2019/05/16 01:59:00, 24.25, 23.77, 23.56, 22.74, 21.09, 0, 0, 4.33
2019/05/16 02:00:00, 24.25, 23.74, 23.57, 22.76, 21.09, 0, 0, 4.33
2019/05/16 02:01:00, 24.25, 23.76, 23.56, 22.77, 21.08, 0, 0, 4.33
2019/05/16 02:02:00, 24.25, 23.74, 23.57, 22.83, 21.10, 0, 0, 4.33
2019/05/16 02:03:00, 24.25, 23.74, 23.54, 22.80, 21.11, 0, 0, 4.33
2019/05/16 02:04:00, 24.25, 23.76, 23.58, 22.85, 21.11, 0, 0, 4.32
2019/05/16 02:05:00, 24.25, 23.76, 23.56, 22.78, 21.13, 0, 0, 4.33
2019/05/16 02:06:00, 24.25, 23.76, 23.57, 22.83, 21.13, 0, 0, 4.32
2019/05/16 02:07:00, 24.25, 23.77, 23.57, 22.80, 21.13, 0, 0, 4.33
2019/05/16 02:08:00, 24.25, 23.79, 23.56, 22.85, 21.15, 0, 0, 4.33
2019/05/16 02:09:00, 24.25, 23.77, 23.59, 22.87, 21.13, 0, 0, 4.33
2019/05/16 02:10:00, 24.25, 23.79, 23.57, 22.82, 21.16, 0, 0, 4.33
2019/05/16 02:11:00, 24.25, 23.77, 23.58, 22.83, 21.16, 0, 0, 4.32
2019/05/16 02:12:00, 24.25, 23.76, 23.58, 22.88, 21.17, 0, 0, 4.32
2019/05/16 02:13:00, 24.25, 23.76, 23.57, 22.92, 21.16, 0, 0, 4.33
2019/05/16 02:14:00, 24.25, 23.76, 23.57, 22.90, 21.17, 0, 0, 4.33
2019/05/16 02:15:00, 24.25, 23.74, 23.57, 22.87, 21.19, 0, 0, 4.33
2019/05/16 02:16:00, 24.25, 23.73, 23.58, 22.88, 21.21, 0, 0, 4.32
2019/05/16 02:17:00, 24.25, 23.76, 23.56, 22.92, 21.22, 0, 0, 4.32
2019/05/16 02:18:00, 24.25, 23.74, 23.57, 22.93, 21.23, 0, 0, 4.33
2019/05/16 02:19:00, 24.25, 23.77, 23.57, 22.93, 21.24, 0, 0, 4.32
2019/05/16 02:20:00, 24.25, 23.77, 23.57, 22.96, 21.24, 0, 0, 4.33
2019/05/16 02:21:00, 24.25, 23.76, 23.56, 22.98, 21.25, 0, 0, 4.32
2019/05/16 02:22:00, 24.25, 23.76, 23.60, 22.93, 21.27, 0, 0, 4.32
2019/05/16 02:23:00, 24.25, 23.76, 23.57, 22.98, 21.26, 0, 0, 4.33
2019/05/16 02:24:00, 24.25, 23.74, 23.56, 22.96, 21.26, 0, 0, 4.32
2019/05/16 02:25:00, 24.25, 23.76, 23.54, 23.05, 21.29, 0, 0, 4.32
2019/05/16 02:26:00, 24.25, 23.76, 23.56, 22.98, 21.31, 0, 0, 4.33
2019/05/16 02:27:00, 24.25, 23.74, 23.56, 23.04, 21.31, 0, 0, 4.33
2019/05/16 02:28:00, 24.25, 23.74, 23.54, 23.05, 21.33, 0, 0, 4.33
2019/05/16 02:29:00, 24.25, 23.71, 23.54, 23.03, 21.35, 0, 0, 4.33
2019/05/16 02:30:00, 24.25, 23.74, 23.54, 23.05, 21.35, 0, 0, 4.32
2019/05/16 02:31:00, 24.25, 23.73, 23.57, 23.01, 21.36, 0, 0, 4.32
2019/05/16 02:32:00, 24.25, 23.76, 23.53, 23.01, 21.36, 0, 0, 4.33
2019/05/16 02:33:00, 24.25, 23.74, 23.57, 23.09, 21.37, 0, 0, 4.33
2019/05/16 02:34:00, 24.25, 23.74, 23.56, 23.06, 21.38, 0, 0, 4.32
2019/05/16 02:35:00, 24.25, 23.73, 23.54, 23.08, 21.39, 0, 0, 4.33
2019/05/16 02:36:00, 24.25, 23.74, 23.57, 23.14, 21.40, 0, 0, 4.32
2019/05/16 02:37:00, 24.25, 23.76, 23.57, 23.05, 21.39, 0, 0, 4.32
2019/05/16 02:38:00, 24.25, 23.76, 23.54, 23.11, 21.39, 0, 0, 4.32
2019/05/16 02:39:00, 24.25, 23.74, 23.56, 23.09, 21.41, 0, 0, 4.32
2019/05/16 02:40:00, 24.25, 23.74, 23.54, 23.14, 21.42, 0, 0, 4.32
2019/05/16 02:41:00, 24.25, 23.76, 23.54, 23.13, 21.42, 0, 0, 4.32
2019/05/16 02:42:00, 24.25, 23.76, 23.57, 23.16, 21.42, 0, 0, 4.32
2019/05/16 02:43:00, 24.25, 23.74, 23.57, 23.09, 21.44, 0, 0, 4.32
2019/05/16 02:44:00, 24.25, 23.73, 23.56, 23.11, 21.44, 0, 0, 4.32
2019/05/16 02:45:00, 24.25, 23.74, 23.57, 23.16, 21.43, 0, 0, 4.32
2019/05/16 02:46:00, 24.25, 23.76, 23.57, 23.21, 21.47, 0, 0, 4.32
2019/05/16 02:47:00, 24.25, 23.74, 23.54, 23.16, 21.47, 0, 0, 4.32
2019/05/16 02:48:00, 24.25, 23.73, 23.57, 23.17, 21.48, 0, 0, 4.33
2019/05/16 02:49:00, 24.25, 23.73, 23.53, 23.22, 21.49, 0, 0, 4.33
2019/05/16 02:50:00, 24.25, 23.73, 23.56, 23.22, 21.50, 0, 0, 4.33
2019/05/16 02:51:00, 24.25, 23.71, 23.56, 23.21, 21.52, 0, 0, 4.32
2019/05/16 02:52:00, 24.25, 23.73, 23.57, 23.26, 21.53, 0, 0, 4.32
2019/05/16 02:53:00, 24.25, 23.73, 23.57, 23.21, 21.53, 0, 0, 4.33
2019/05/16 02:54:00, 24.25, 23.71, 23.57, 23.22, 21.54, 0, 0, 4.32
2019/05/16 02:55:00, 24.25, 23.76, 23.53, 23.24, 21.54, 0, 0, 4.33
2019/05/16 02:56:00, 24.25, 23.74, 23.54, 23.29, 21.55, 0, 0, 4.32
2019/05/16 02:57:00, 24.25, 23.76, 23.56, 23.27, 21.58, 0, 0, 4.32
2019/05/16 02:58:00, 24.25, 23.73, 23.54, 23.30, 21.58, 0, 0, 4.32
2019/05/16 02:59:00, 24.25, 23.71, 23.54, 23.28, 21.60, 0, 0, 4.33
2019/05/16 03:00:00, 24.25, 23.73, 23.54, 23.29, 21.60, 0, 0, 4.33
2019/05/16 03:01:00, 24.25, 23.73, 23.54, 23.29, 21.58, 0, 0, 4.32
2019/05/16 03:02:00, 24.25, 23.74, 23.54, 23.27, 21.61, 0, 0, 4.33
2019/05/16 03:03:00, 24.25, 23.74, 23.57, 23.32, 21.60, 0, 0, 4.32
2019/05/16 03:04:00, 24.25, 23.73, 23.57, 23.32, 21.61, 0, 0, 4.33
2019/05/16 03:05:00, 24.25, 23.74, 23.57, 23.30, 21.61, 0, 0, 4.33
2019/05/16 03:06:00, 24.25, 23.71, 23.53, 23.32, 21.62, 0, 0, 4.32
2019/05/16 03:07:00, 24.25, 23.73, 23.57, 23.30, 21.64, 0, 0, 4.32
2019/05/16 03:08:00, 24.25, 23.74, 23.57, 23.35, 21.65, 0, 0, 4.33
2019/05/16 03:09:00, 24.25, 23.76, 23.54, 23.32, 21.63, 0, 0, 4.32
2019/05/16 03:10:00, 24.25, 23.73, 23.54, 23.35, 21.65, 0, 0, 4.33
2019/05/16 03:11:00, 24.25, 23.73, 23.54, 23.40, 21.66, 0, 0, 4.33
2019/05/16 03:12:00, 24.25, 23.74, 23.54, 23.34, 21.68, 0, 0, 4.32
2019/05/16 03:13:00, 24.25, 23.76, 23.57, 23.40, 21.67, 0, 0, 4.33
2019/05/16 03:14:00, 24.25, 23.74, 23.56, 23.35, 21.68, 0, 0, 4.32
2019/05/16 03:15:00, 24.25, 23.74, 23.54, 23.37, 21.67, 0, 0, 4.33
2019/05/16 03:16:00, 24.25, 23.73, 23.54, 23.38, 21.68, 0, 0, 4.32
2019/05/16 03:17:00, 24.25, 23.74, 23.54, 23.37, 21.67, 0, 0, 4.32
2019/05/16 03:18:00, 24.25, 23.73, 23.54, 23.44, 21.70, 0, 0, 4.32
2019/05/16 03:19:00, 24.25, 23.74, 23.53, 23.44, 21.72, 0, 0, 4.33
2019/05/16 03:20:00, 24.25, 23.74, 23.56, 23.43, 21.73, 0, 0, 4.32
2019/05/16 03:21:00, 24.25, 23.71, 23.54, 23.40, 21.74, 0, 0, 4.32
2019/05/16 03:22:00, 24.25, 23.71, 23.52, 23.43, 21.74, 0, 0, 4.32
2019/05/16 03:23:00, 24.25, 23.71, 23.51, 23.46, 21.76, 0, 0, 4.33
2019/05/16 03:24:00, 24.25, 23.71, 23.54, 23.47, 21.75, 0, 0, 4.32
2019/05/16 03:25:00, 24.25, 23.73, 23.52, 23.47, 21.77, 0, 0, 4.33
2019/05/16 03:26:00, 24.25, 23.73, 23.53, 23.47, 21.78, 0, 0, 4.32
2019/05/16 03:27:00, 24.25, 23.71, 23.52, 23.51, 21.77, 0, 0, 4.33
2019/05/16 03:28:00, 24.25, 23.73, 23.53, 23.48, 21.77, 0, 0, 4.32
2019/05/16 03:29:00, 24.25, 23.71, 23.53, 23.47, 21.78, 0, 0, 4.33
2019/05/16 03:30:00, 24.25, 23.71, 23.53, 23.47, 21.80, 0, 0, 4.32
2019/05/16 03:31:00, 24.25, 23.71, 23.53, 23.50, 21.80, 0, 0, 4.32
2019/05/16 03:32:00, 24.25, 23.73, 23.52, 23.51, 21.79, 0, 0, 4.32
2019/05/16 03:33:00, 24.25, 23.73, 23.53, 23.47, 21.80, 0, 0, 4.32
2019/05/16 03:34:00, 24.25, 23.70, 23.53, 23.48, 21.81, 0, 0, 4.33
2019/05/16 03:35:00, 24.25, 23.70, 23.52, 23.57, 21.82, 0, 0, 4.32
2019/05/16 03:36:00, 24.25, 23.70, 23.52, 23.56, 21.82, 0, 0, 4.32
2019/05/16 03:37:00, 24.25, 23.70, 23.56, 23.56, 21.83, 0, 0, 4.32
2019/05/16 03:38:00, 24.25, 23.71, 23.53, 23.54, 21.83, 0, 0, 4.33
2019/05/16 03:39:00, 24.25, 23.71, 23.51, 23.53, 21.86, 0, 0, 4.32
2019/05/16 03:40:00, 24.25, 23.70, 23.52, 23.56, 21.87, 0, 0, 4.32
2019/05/16 03:41:00, 24.25, 23.67, 23.53, 23.60, 21.87, 0, 0, 4.32
2019/05/16 03:42:00, 24.25, 23.70, 23.52, 23.60, 21.87, 0, 0, 4.32
2019/05/16 03:43:00, 24.25, 23.71, 23.50, 23.60, 21.90, 0, 0, 4.33
2019/05/16 03:44:00, 24.25, 23.68, 23.51, 23.63, 21.90, 0, 0, 4.32
2019/05/16 03:45:00, 24.25, 23.70, 23.51, 23.62, 21.90, 0, 0, 4.32
2019/05/16 03:46:00, 24.25, 23.70, 23.51, 23.60, 21.88, 0, 0, 4.32
2019/05/16 03:47:00, 24.25, 23.70, 23.53, 23.57, 21.90, 0, 0, 4.32
2019/05/16 03:48:00, 24.25, 23.73, 23.52, 23.54, 21.90, 0, 0, 4.33
2019/05/16 03:49:00, 24.25, 23.73, 23.54, 23.60, 21.90, 0, 0, 4.33
2019/05/16 03:50:00, 24.25, 23.73, 23.54, 23.56, 21.90, 0, 0, 4.33
2019/05/16 03:51:00, 24.25, 23.74, 23.51, 23.56, 21.90, 0, 0, 4.32
2019/05/16 03:52:00, 24.25, 23.71, 23.51, 23.57, 21.92, 0, 0, 4.32
2019/05/16 03:53:00, 24.25, 23.68, 23.52, 23.62, 21.93, 0, 0, 4.33
2019/05/16 03:54:00, 24.25, 23.74, 23.52, 23.63, 21.94, 0, 0, 4.33
2019/05/16 03:55:00, 24.25, 23.71, 23.52, 23.62, 21.93, 0, 0, 4.32
2019/05/16 03:56:00, 24.25, 23.71, 23.50, 23.65, 21.94, 0, 0, 4.32
2019/05/16 03:57:00, 24.25, 23.74, 23.54, 23.66, 21.96, 0, 0, 4.33
2019/05/16 03:58:00, 24.25, 23.76, 23.53, 23.63, 21.96, 0, 0, 4.32
2019/05/16 03:59:00, 24.25, 23.70, 23.51, 23.66, 21.96, 0, 0, 4.32
2019/05/16 04:00:00, 24.25, 23.74, 23.53, 23.65, 21.96, 0, 0, 4.32
2019/05/16 04:01:00, 24.25, 23.73, 23.53, 23.65, 21.95, 0, 0, 4.32
2019/05/16 04:02:00, 24.25, 23.74, 23.53, 23.65, 21.95, 0, 0, 4.32
2019/05/16 04:03:00, 24.25, 23.71, 23.52, 23.68, 21.95, 0, 0, 4.33
2019/05/16 04:04:00, 24.25, 23.71, 23.53, 23.67, 21.99, 0, 0, 4.32
2019/05/16 04:05:00, 24.25, 23.73, 23.54, 23.69, 21.98, 0, 0, 4.32
2019/05/16 04:06:00, 24.25, 23.73, 23.53, 23.68, 21.99, 0, 0, 4.32
2019/05/16 04:07:00, 24.25, 23.71, 23.53, 23.69, 22.00, 0, 0, 4.32
2019/05/16 04:08:00, 24.25, 23.73, 23.52, 23.66, 22.01, 0, 0, 4.32
2019/05/16 04:09:00, 24.25, 23.70, 23.51, 23.73, 22.01, 0, 0, 4.32
2019/05/16 04:10:00, 24.25, 23.71, 23.54, 23.69, 22.02, 0, 0, 4.32
2019/05/16 04:11:00, 24.25, 23.70, 23.53, 23.71, 22.01, 0, 0, 4.33
2019/05/16 04:12:00, 24.25, 23.71, 23.52, 23.70, 22.04, 0, 0, 4.32
2019/05/16 04:13:00, 24.25, 23.70, 23.49, 23.70, 22.04, 0, 0, 4.32
2019/05/16 04:14:00, 24.25, 23.70, 23.51, 23.75, 22.05, 0, 0, 4.32
2019/05/16 04:15:00, 24.25, 23.71, 23.50, 23.76, 22.06, 0, 0, 4.32
2019/05/16 04:16:00, 24.25, 23.71, 23.52, 23.75, 22.06, 0, 0, 4.32
2019/05/16 04:17:00, 24.25, 23.71, 23.50, 23.78, 22.09, 0, 0, 4.32
2019/05/16 04:18:00, 24.25, 23.70, 23.50, 23.81, 22.07, 0, 0, 4.32
2019/05/16 04:19:00, 24.25, 23.71, 23.53, 23.79, 22.09, 0, 0, 4.32
2019/05/16 04:20:00, 24.25, 23.68, 23.52, 23.76, 22.07, 0, 0, 4.33
2019/05/16 04:21:00, 24.25, 23.71, 23.51, 23.76, 22.08, 0, 0, 4.32
2019/05/16 04:22:00, 24.25, 23.70, 23.52, 23.78, 22.08, 0, 0, 4.32
2019/05/16 04:23:00, 24.25, 23.70, 23.53, 23.79, 22.08, 0, 0, 4.32
2019/05/16 04:24:00, 24.25, 23.71, 23.53, 23.78, 22.09, 0, 0, 4.32
2019/05/16 04:25:00, 24.25, 23.73, 23.54, 23.79, 22.10, 0, 0, 4.32
2019/05/16 04:26:00, 24.25, 23.68, 23.52, 23.76, 22.10, 0, 0, 4.32
2019/05/16 04:27:00, 24.25, 23.68, 23.56, 23.81, 22.12, 0, 0, 4.32
2019/05/16 04:28:00, 24.25, 23.70, 23.51, 23.78, 22.12, 0, 0, 4.32
2019/05/16 04:29:00, 24.25, 23.70, 23.51, 23.76, 22.12, 0, 0, 4.32
2019/05/16 04:30:00, 24.25, 23.73, 23.50, 23.78, 22.12, 0, 0, 4.32
2019/05/16 04:31:00, 24.25, 23.71, 23.50, 23.83, 22.14, 0, 0, 4.32
2019/05/16 04:32:00, 24.25, 23.70, 23.51, 23.79, 22.15, 0, 0, 4.32
2019/05/16 04:33:00, 24.25, 23.70, 23.50, 23.81, 22.14, 0, 0, 4.32
2019/05/16 04:34:00, 24.25, 23.71, 23.52, 23.79, 22.14, 0, 0, 4.32
2019/05/16 04:35:00, 24.25, 23.71, 23.54, 23.82, 22.14, 0, 0, 4.32
2019/05/16 04:36:00, 24.25, 23.71, 23.51, 23.85, 22.16, 0, 0, 4.32
2019/05/16 04:37:00, 24.25, 23.70, 23.51, 23.85, 22.16, 0, 0, 4.32
2019/05/16 04:38:00, 24.25, 23.71, 23.51, 23.84, 22.16, 0, 0, 4.32
2019/05/16 04:39:00, 24.25, 23.71, 23.52, 23.84, 22.15, 0, 0, 4.32
2019/05/16 04:40:00, 24.25, 23.70, 23.50, 23.85, 22.19, 0, 0, 4.32
2019/05/16 04:41:00, 24.25, 23.68, 23.51, 23.90, 22.19, 0, 0, 4.32
2019/05/16 04:42:00, 24.25, 23.68, 23.52, 23.88, 22.19, 0, 0, 4.32
2019/05/16 04:43:00, 24.25, 23.71, 23.49, 23.88, 22.19, 0, 0, 4.32
2019/05/16 04:44:00, 24.25, 23.68, 23.50, 23.85, 22.20, 0, 0, 4.32
2019/05/16 04:45:00, 24.25, 23.71, 23.54, 23.84, 22.20, 0, 0, 4.32
2019/05/16 04:46:00, 24.25, 23.70, 23.53, 23.88, 22.19, 0, 0, 4.32
2019/05/16 04:47:00, 24.25, 23.70, 23.54, 23.89, 22.20, 0, 0, 4.32
2019/05/16 04:48:00, 24.25, 23.73, 23.52, 23.91, 22.22, 0, 0, 4.33
2019/05/16 04:49:00, 24.25, 23.73, 23.54, 23.90, 22.22, 0, 0, 4.33
2019/05/16 04:50:00, 24.25, 23.74, 23.54, 23.88, 22.22, 0, 0, 4.33
2019/05/16 04:51:00, 24.25, 23.73, 23.52, 23.90, 22.22, 0, 0, 4.32
2019/05/16 04:52:00, 24.25, 23.71, 23.54, 23.93, 22.24, 0, 0, 4.32
2019/05/16 04:53:00, 24.25, 23.73, 23.52, 23.92, 22.23, 0, 0, 4.32
2019/05/16 04:54:00, 24.25, 23.74, 23.50, 23.92, 22.24, 0, 0, 4.32
2019/05/16 04:55:00, 24.25, 23.74, 23.53, 23.95, 22.25, 0, 0, 4.32
2019/05/16 04:56:00, 24.25, 23.71, 23.52, 23.93, 22.23, 0, 0, 4.32
2019/05/16 04:57:00, 24.25, 23.73, 23.54, 23.94, 22.26, 0, 0, 4.32
2019/05/16 04:58:00, 24.25, 23.71, 23.52, 23.95, 22.25, 0, 0, 4.32
2019/05/16 04:59:00, 24.25, 23.71, 23.52, 23.91, 22.28, 0, 0, 4.32
2019/05/16 05:00:00, 24.25, 23.71, 23.50, 24.01, 22.28, 0, 0, 4.32
2019/05/16 05:01:00, 24.25, 23.70, 23.51, 23.94, 22.28, 0, 0, 4.32
2019/05/16 05:02:00, 24.25, 23.73, 23.51, 23.91, 22.29, 0, 0, 4.32
2019/05/16 05:03:00, 24.25, 23.73, 23.54, 23.93, 22.29, 0, 0, 4.32
2019/05/16 05:04:00, 24.25, 23.73, 23.54, 23.97, 22.28, 0, 0, 4.32
2019/05/16 05:05:00, 24.25, 23.73, 23.53, 23.98, 22.30, 0, 0, 4.32
2019/05/16 05:06:00, 24.25, 23.70, 23.52, 23.95, 22.30, 0, 0, 4.32
2019/05/16 05:07:00, 24.25, 23.71, 23.52, 23.98, 22.29, 0, 0, 4.32
2019/05/16 05:08:00, 24.25, 23.71, 23.54, 24.01, 22.31, 0, 0, 4.32
2019/05/16 05:09:00, 24.25, 23.70, 23.52, 23.97, 22.32, 0, 0, 4.32
2019/05/16 05:10:00, 24.25, 23.70, 23.53, 24.01, 22.32, 0, 0, 4.32
2019/05/16 05:11:00, 24.25, 23.71, 23.54, 24.00, 22.33, 0, 0, 4.32
2019/05/16 05:12:00, 24.25, 23.71, 23.50, 23.97, 22.33, 0, 0, 4.32
2019/05/16 05:13:00, 24.25, 23.70, 23.53, 24.04, 22.34, 0, 0, 4.32
2019/05/16 05:14:00, 24.25, 23.73, 23.54, 24.07, 22.34, 0, 0, 4.32
2019/05/16 05:15:00, 24.25, 23.74, 23.54, 24.04, 22.34, 0, 0, 4.32
2019/05/16 05:16:00, 24.25, 23.71, 23.54, 24.01, 22.35, 0, 0, 4.32
2019/05/16 05:17:00, 24.25, 23.74, 23.54, 24.01, 22.36, 0, 0, 4.32
2019/05/16 05:18:00, 24.25, 23.71, 23.52, 24.03, 22.35, 0, 0, 4.32
2019/05/16 05:19:00, 24.25, 23.74, 23.52, 24.03, 22.35, 0, 0, 4.32
2019/05/16 05:20:00, 24.25, 23.71, 23.56, 24.03, 22.35, 0, 0, 4.32
2019/05/16 05:21:00, 24.25, 23.74, 23.56, 24.01, 22.35, 0, 0, 4.32
2019/05/16 05:22:00, 24.25, 23.76, 23.56, 24.00, 22.35, 0, 0, 4.32
2019/05/16 05:23:00, 24.25, 23.74, 23.57, 24.04, 22.35, 0, 0, 4.32
2019/05/16 05:24:00, 24.25, 23.76, 23.57, 24.04, 22.34, 0, 0, 4.32
2019/05/16 05:25:00, 24.25, 23.77, 23.58, 24.00, 22.35, 0, 0, 4.32
2019/05/16 05:26:00, 24.25, 23.76, 23.57, 24.03, 22.34, 0, 0, 4.32
2019/05/16 05:27:00, 24.25, 23.77, 23.59, 24.00, 22.33, 0, 0, 4.32
2019/05/16 05:28:00, 24.25, 23.71, 23.56, 24.08, 22.34, 0, 0, 4.32
2019/05/16 05:29:00, 24.25, 23.76, 23.57, 24.00, 22.35, 0, 0, 4.32
2019/05/16 05:30:00, 24.25, 23.77, 23.56, 24.03, 22.35, 0, 0, 4.32
2019/05/16 05:31:00, 24.25, 23.73, 23.57, 24.09, 22.36, 0, 0, 4.32
2019/05/16 05:32:00, 24.25, 23.79, 23.56, 24.01, 22.36, 0, 0, 4.32
2019/05/16 05:33:00, 24.25, 23.76, 23.57, 24.11, 22.36, 0, 0, 4.32
2019/05/16 05:34:00, 24.25, 23.73, 23.54, 24.10, 22.38, 0, 0, 4.32
2019/05/16 05:35:00, 24.25, 23.73, 23.53, 24.03, 22.39, 0, 0, 4.32
2019/05/16 05:36:00, 24.25, 23.74, 23.56, 24.10, 22.40, 0, 0, 4.32
2019/05/16 05:37:00, 24.25, 23.73, 23.56, 24.09, 22.39, 0, 0, 4.32
2019/05/16 05:38:00, 24.25, 23.73, 23.54, 24.10, 22.41, 0, 0, 4.32
2019/05/16 05:39:00, 24.25, 23.73, 23.54, 24.09, 22.41, 0, 0, 4.32
2019/05/16 05:40:00, 24.25, 23.73, 23.56, 24.09, 22.42, 0, 0, 4.32
2019/05/16 05:41:00, 24.25, 23.74, 23.54, 24.07, 22.41, 0, 0, 4.32
2019/05/16 05:42:00, 24.25, 23.71, 23.56, 24.09, 22.42, 0, 0, 4.32
2019/05/16 05:43:00, 24.25, 23.73, 23.56, 24.13, 22.45, 0, 0, 4.32
2019/05/16 05:44:00, 24.25, 23.73, 23.53, 24.07, 22.42, 0, 0, 4.32
2019/05/16 05:45:00, 24.25, 23.70, 23.52, 24.14, 22.41, 0, 0, 4.32
2019/05/16 05:46:00, 24.25, 23.74, 23.54, 24.16, 22.46, 0, 0, 4.32
2019/05/16 05:47:00, 24.25, 23.73, 23.54, 24.11, 22.45, 0, 0, 4.32
2019/05/16 05:48:00, 24.25, 23.73, 23.53, 24.15, 22.45, 0, 0, 4.32
2019/05/16 05:49:00, 24.25, 23.73, 23.54, 24.16, 22.48, 0, 0, 4.32
2019/05/16 05:50:00, 24.25, 23.73, 23.54, 24.15, 22.46, 0, 0, 4.32
2019/05/16 05:51:00, 24.25, 23.73, 23.53, 24.16, 22.47, 0, 0, 4.32
2019/05/16 05:52:00, 24.25, 23.71, 23.54, 24.11, 22.48, 0, 0, 4.32
2019/05/16 05:53:00, 24.25, 23.74, 23.51, 24.11, 22.48, 0, 0, 4.32
2019/05/16 05:54:00, 24.25, 23.71, 23.53, 24.18, 22.47, 0, 0, 4.32
2019/05/16 05:55:00, 24.25, 23.73, 23.54, 24.16, 22.48, 0, 0, 4.32
2019/05/16 05:56:00, 24.25, 23.71, 23.54, 24.17, 22.51, 0, 0, 4.32
2019/05/16 05:57:00, 24.25, 23.73, 23.53, 24.13, 22.49, 0, 0, 4.32
2019/05/16 05:58:00, 24.25, 23.76, 23.53, 24.16, 22.47, 0, 0, 4.32
2019/05/16 05:59:00, 24.25, 23.71, 23.53, 24.12, 22.49, 0, 0, 4.32
2019/05/16 06:00:00, 24.25, 23.74, 23.54, 24.16, 22.50, 0, 0, 4.32
2019/05/16 06:01:00, 24.25, 23.68, 23.54, 24.16, 22.48, 0, 0, 4.32
2019/05/16 06:02:00, 24.25, 23.76, 23.53, 24.13, 22.48, 0, 0, 4.32
2019/05/16 06:03:00, 24.25, 23.71, 23.54, 24.16, 22.51, 0, 0, 4.32
2019/05/16 06:04:00, 24.25, 23.73, 23.53, 24.15, 22.50, 0, 0, 4.32
2019/05/16 06:05:00, 24.25, 23.76, 23.54, 24.13, 22.51, 0, 0, 4.32
2019/05/16 06:06:00, 24.25, 23.74, 23.54, 24.13, 22.49, 0, 0, 4.32
2019/05/16 06:07:00, 24.25, 23.73, 23.56, 24.19, 22.51, 0, 0, 4.32
2019/05/16 06:08:00, 24.25, 23.71, 23.52, 24.20, 22.49, 0, 0, 4.32
2019/05/16 06:09:00, 24.25, 23.74, 23.54, 24.17, 22.51, 0, 0, 4.32
2019/05/16 06:10:00, 24.25, 23.73, 23.53, 24.22, 22.52, 0, 0, 4.32
2019/05/16 06:11:00, 24.25, 23.73, 23.56, 24.15, 22.51, 0, 0, 4.32
2019/05/16 06:12:00, 24.25, 23.73, 23.57, 24.22, 22.51, 0, 0, 4.32
2019/05/16 06:13:00, 24.25, 23.74, 23.56, 24.16, 22.51, 0, 0, 4.32
2019/05/16 06:14:00, 24.25, 23.77, 23.54, 24.22, 22.51, 0, 0, 4.32
2019/05/16 06:15:00, 24.25, 23.74, 23.56, 24.18, 22.53, 0, 0, 4.32
2019/05/16 06:16:00, 24.25, 23.74, 23.52, 24.19, 22.51, 0, 0, 4.32
2019/05/16 06:17:00, 24.25, 23.71, 23.56, 24.16, 22.54, 0, 0, 4.32
2019/05/16 06:18:00, 24.25, 23.73, 23.54, 24.19, 22.54, 0, 0, 4.32
2019/05/16 06:19:00, 24.25, 23.76, 23.54, 24.20, 22.51, 0, 0, 4.32
2019/05/16 06:20:00, 24.25, 23.73, 23.54, 24.20, 22.54, 0, 0, 4.32
2019/05/16 06:21:00, 24.25, 23.73, 23.54, 24.22, 22.55, 0, 0, 4.32
2019/05/16 06:22:00, 24.25, 23.74, 23.56, 24.21, 22.54, 0, 0, 4.32
2019/05/16 06:23:00, 24.25, 23.74, 23.56, 24.19, 22.55, 0, 0, 4.32
2019/05/16 06:24:00, 24.25, 23.76, 23.54, 24.18, 22.54, 0, 0, 4.32
2019/05/16 06:25:00, 24.25, 23.77, 23.56, 24.25, 22.54, 0, 0, 4.32
2019/05/16 06:26:00, 24.25, 23.76, 23.58, 24.23, 22.54, 0, 0, 4.32
2019/05/16 06:27:00, 24.25, 23.76, 23.57, 24.21, 22.54, 0, 0, 4.32
2019/05/16 06:28:00, 24.25, 23.76, 23.56, 24.19, 22.54, 0, 0, 4.32
2019/05/16 06:29:00, 24.25, 23.74, 23.58, 24.22, 22.55, 0, 0, 4.32
2019/05/16 06:30:00, 24.25, 23.74, 23.54, 24.21, 22.57, 0, 0, 4.32
2019/05/16 06:31:00, 24.25, 23.76, 23.57, 24.18, 22.54, 0, 0, 4.32
2019/05/16 06:32:00, 24.25, 23.77, 23.59, 24.19, 22.54, 0, 0, 4.32
2019/05/16 06:33:00, 24.25, 23.80, 23.60, 24.22, 22.55, 0, 0, 4.32
2019/05/16 06:34:00, 24.25, 23.81, 23.61, 24.22, 22.54, 0, 0, 4.32
2019/05/16 06:35:00, 24.25, 23.83, 23.61, 24.19, 22.53, 0, 0, 4.32
2019/05/16 06:36:00, 24.25, 23.80, 23.62, 24.18, 22.51, 0, 0, 4.32
2019/05/16 06:37:00, 24.25, 23.81, 23.66, 24.18, 22.51, 0, 0, 4.32
2019/05/16 06:38:00, 24.25, 23.81, 23.66, 24.17, 22.49, 0, 0, 4.32
2019/05/16 06:39:00, 24.25, 23.85, 23.68, 24.17, 22.48, 0, 0, 4.32
2019/05/16 06:40:00, 24.25, 23.85, 23.69, 24.16, 22.49, 0, 0, 4.32
2019/05/16 06:41:00, 24.25, 23.87, 23.68, 24.13, 22.47, 0, 0, 4.32
2019/05/16 06:42:00, 24.25, 23.84, 23.66, 24.11, 22.45, 0, 0, 4.32
2019/05/16 06:43:00, 24.25, 23.88, 23.69, 24.13, 22.46, 0, 0, 4.32
2019/05/16 06:44:00, 24.25, 23.88, 23.68, 24.08, 22.44, 0, 0, 4.32
2019/05/16 06:45:00, 24.25, 23.88, 23.71, 24.14, 22.45, 0, 0, 4.32
2019/05/16 06:46:00, 24.25, 23.88, 23.73, 24.11, 22.44, 0, 0, 4.32
2019/05/16 06:47:00, 24.25, 23.90, 23.71, 24.11, 22.43, 0, 0, 4.32
2019/05/16 06:48:00, 24.25, 23.91, 23.74, 24.04, 22.41, 0, 0, 4.32
2019/05/16 06:49:00, 24.25, 23.91, 23.74, 24.08, 22.41, 0, 0, 4.32
2019/05/16 06:50:00, 24.25, 23.91, 23.76, 24.06, 22.41, 0, 0, 4.32
2019/05/16 06:51:00, 24.25, 23.94, 23.76, 24.05, 22.40, 0, 0, 4.32
2019/05/16 06:52:00, 24.25, 23.95, 23.77, 24.10, 22.41, 0, 0, 4.32
2019/05/16 06:53:00, 24.25, 23.97, 23.80, 24.07, 22.37, 0, 0, 4.32
2019/05/16 06:54:00, 24.25, 23.98, 23.80, 24.05, 22.36, 0, 0, 4.32
2019/05/16 06:55:00, 24.25, 23.99, 23.83, 24.03, 22.35, 0, 0, 4.32
2019/05/16 06:56:00, 24.25, 24.02, 23.84, 23.99, 22.32, 0, 0, 4.32
2019/05/16 06:57:00, 24.25, 24.05, 23.86, 23.96, 22.31, 0, 0, 4.32
2019/05/16 06:58:00, 24.25, 24.08, 23.88, 23.92, 22.28, 0, 0, 4.32
2019/05/16 06:59:00, 24.25, 24.08, 23.93, 23.93, 22.26, 0, 0, 4.32
2019/05/16 07:00:00, 24.25, 24.11, 23.95, 23.91, 22.25, 0, 0, 4.32
2019/05/16 07:01:00, 24.25, 24.09, 23.94, 23.88, 22.23, 0, 0, 4.32
2019/05/16 07:02:00, 24.25, 24.12, 23.95, 23.86, 22.20, 0, 0, 4.32
2019/05/16 07:03:00, 24.25, 24.14, 23.95, 23.82, 22.16, 0, 0, 4.32
2019/05/16 07:04:00, 24.25, 24.16, 23.98, 23.81, 22.16, 0, 0, 4.32
2019/05/16 07:05:00, 24.25, 24.16, 23.97, 23.81, 22.16, 0, 0, 4.32
2019/05/16 07:06:00, 24.25, 24.18, 24.00, 23.81, 22.14, 0, 0, 4.32
2019/05/16 07:07:00, 24.25, 24.18, 23.96, 23.82, 22.11, 0, 0, 4.32
2019/05/16 07:08:00, 24.50, 24.15, 23.96, 23.81, 22.11, 0, 0, 4.32
2019/05/16 07:09:00, 24.50, 24.15, 23.98, 23.81, 22.11, 0, 0, 4.32
2019/05/16 07:10:00, 24.50, 24.11, 23.97, 23.79, 22.12, 0, 0, 4.32
2019/05/16 07:11:00, 24.50, 24.14, 23.97, 23.85, 22.16, 0, 0, 4.32
2019/05/16 07:12:00, 24.50, 24.16, 23.97, 23.87, 22.16, 0, 0, 4.32
2019/05/16 07:13:00, 24.50, 24.19, 24.00, 23.86, 22.18, 0, 0, 4.32
2019/05/16 07:14:00, 24.50, 24.18, 24.03, 23.83, 22.17, 0, 0, 4.32
2019/05/16 07:15:00, 24.50, 24.20, 24.05, 23.77, 22.12, 0, 0, 4.32
2019/05/16 07:16:00, 24.50, 24.22, 24.04, 23.77, 22.09, 0, 0, 4.32
2019/05/16 07:17:00, 24.50, 24.22, 24.04, 23.70, 22.06, 0, 0, 4.32
2019/05/16 07:18:00, 24.50, 24.20, 24.06, 23.78, 22.06, 0, 0, 4.32
2019/05/16 07:19:00, 24.50, 24.23, 24.04, 23.77, 22.08, 0, 0, 4.32
2019/05/16 07:20:00, 24.50, 24.22, 24.06, 23.74, 22.06, 0, 0, 4.32
2019/05/16 07:21:00, 24.50, 24.25, 24.08, 23.74, 22.07, 0, 0, 4.32
2019/05/16 07:22:00, 24.50, 24.27, 24.15, 23.83, 22.12, 0, 0, 4.32
2019/05/16 07:23:00, 24.50, 24.27, 24.13, 23.71, 22.05, 0, 0, 4.32
2019/05/16 07:24:00, 24.50, 24.32, 24.15, 23.76, 22.04, 0, 0, 4.32
2019/05/16 07:25:00, 24.50, 24.32, 24.16, 23.68, 22.02, 0, 0, 4.32
2019/05/16 07:26:00, 24.50, 24.35, 24.17, 23.68, 21.98, 0, 0, 4.32
2019/05/16 07:27:00, 24.50, 24.33, 24.19, 23.59, 21.95, 0, 0, 4.32
2019/05/16 07:28:00, 24.50, 24.35, 24.20, 23.62, 21.93, 0, 0, 4.32
2019/05/16 07:29:00, 24.50, 24.35, 24.19, 23.63, 21.93, 0, 0, 4.32
2019/05/16 07:30:00, 24.50, 24.40, 24.23, 23.65, 21.96, 0, 0, 4.32
2019/05/16 07:31:00, 24.50, 24.40, 24.25, 23.56, 21.91, 0, 0, 4.32
2019/05/16 07:32:00, 24.50, 24.40, 24.23, 23.52, 21.87, 0, 0, 4.32
2019/05/16 07:33:00, 24.50, 24.43, 24.23, 23.56, 21.88, 0, 0, 4.32
2019/05/16 07:34:00, 24.50, 24.44, 24.26, 23.59, 21.87, 0, 0, 4.32
2019/05/16 07:35:00, 24.50, 24.44, 24.27, 23.54, 21.87, 0, 0, 4.32
2019/05/16 07:36:00, 24.50, 24.49, 24.30, 23.48, 21.83, 0, 0, 4.32
2019/05/16 07:37:00, 24.50, 24.49, 24.34, 23.48, 21.81, 0, 0, 4.32
2019/05/16 07:38:00, 24.50, 24.49, 24.35, 23.45, 21.78, 0, 0, 4.32
2019/05/16 07:39:00, 24.50, 24.50, 24.36, 23.42, 21.71, 0, 0, 4.32
2019/05/16 07:40:00, 24.50, 24.50, 24.36, 23.48, 21.79, 0, 0, 4.32
2019/05/16 07:41:00, 24.50, 24.54, 24.39, 23.44, 21.80, 0, 0, 4.32
2019/05/16 07:42:00, 24.50, 24.56, 24.39, 23.39, 21.72, 0, 0, 4.32
2019/05/16 07:43:00, 24.75, 24.57, 24.42, 23.31, 21.68, 0, 0, 4.32
2019/05/16 07:44:00, 24.75, 24.57, 24.40, 23.31, 21.59, 0, 0, 4.32
2019/05/16 07:45:00, 24.75, 24.54, 24.40, 23.34, 21.63, 0, 0, 4.32
2019/05/16 07:46:00, 24.75, 24.56, 24.38, 23.44, 21.69, 0, 0, 4.32
2019/05/16 07:47:00, 24.75, 24.57, 24.41, 23.46, 21.74, 0, 0, 4.32
2019/05/16 07:48:00, 24.75, 24.59, 24.42, 23.38, 21.70, 0, 0, 4.32
2019/05/16 07:49:00, 24.75, 24.59, 24.43, 23.38, 21.67, 0, 0, 4.32
2019/05/16 07:50:00, 24.75, 24.59, 24.45, 23.22, 21.63, 0, 0, 4.32
2019/05/16 07:51:00, 24.75, 24.59, 24.43, 23.38, 21.66, 0, 0, 4.32
2019/05/16 07:52:00, 24.75, 24.60, 24.41, 23.36, 21.68, 0, 0, 4.32
2019/05/16 07:53:00, 24.75, 24.61, 24.42, 23.36, 21.67, 0, 0, 4.32
2019/05/16 07:54:00, 24.75, 24.64, 24.45, 23.38, 21.69, 0, 0, 4.32
2019/05/16 07:55:00, 24.75, 24.61, 24.46, 23.38, 21.70, 0, 0, 4.32
2019/05/16 07:56:00, 24.75, 24.60, 24.43, 23.35, 21.66, 0, 0, 4.32
2019/05/16 07:57:00, 24.75, 24.60, 24.47, 23.35, 21.69, 0, 0, 4.32
2019/05/16 07:58:00, 24.75, 24.61, 24.46, 23.43, 21.73, 0, 0, 4.32
2019/05/16 07:59:00, 24.75, 24.64, 24.49, 23.35, 21.74, 0, 0, 4.32
2019/05/16 08:00:00, 24.75, 24.63, 24.48, 23.40, 21.67, 0, 0, 4.32
2019/05/16 08:01:00, 24.75, 24.66, 24.49, 23.35, 21.66, 0, 0, 4.32
2019/05/16 08:02:00, 24.75, 24.63, 24.48, 23.41, 21.67, 0, 0, 4.32
2019/05/16 08:03:00, 24.75, 24.63, 24.49, 23.33, 21.68, 0, 0, 4.32
2019/05/16 08:04:00, 24.75, 24.63, 24.47, 23.43, 21.70, 0, 0, 4.32
2019/05/16 08:05:00, 24.75, 24.63, 24.50, 23.41, 21.74, 0, 0, 4.32
2019/05/16 08:06:00, 24.75, 24.64, 24.49, 23.37, 21.72, 0, 0, 4.32
2019/05/16 08:07:00, 24.75, 24.63, 24.48, 23.29, 21.65, 0, 0, 4.32
2019/05/16 08:08:00, 24.75, 24.64, 24.47, 23.38, 21.67, 0, 0, 4.32
2019/05/16 08:09:00, 24.75, 24.67, 24.51, 23.40, 21.69, 0, 0, 4.32
2019/05/16 08:10:00, 24.75, 24.70, 24.53, 23.35, 21.73, 0, 0, 4.32
2019/05/16 08:11:00, 24.75, 24.70, 24.53, 23.35, 21.67, 0, 0, 4.32
2019/05/16 08:12:00, 24.75, 24.69, 24.52, 23.27, 21.61, 0, 0, 4.32
2019/05/16 08:13:00, 24.75, 24.69, 24.53, 23.27, 21.62, 0, 0, 4.32
2019/05/16 08:14:00, 24.75, 24.69, 24.52, 23.27, 21.62, 0, 0, 4.32
2019/05/16 08:15:00, 24.75, 24.69, 24.51, 23.30, 21.60, 0, 0, 4.32
2019/05/16 08:16:00, 24.75, 24.67, 24.52, 23.30, 21.62, 0, 0, 4.32
2019/05/16 08:17:00, 24.75, 24.67, 24.52, 23.30, 21.65, 0, 0, 4.32
2019/05/16 08:18:00, 24.75, 24.67, 24.54, 23.34, 21.61, 0, 0, 4.32
2019/05/16 08:19:00, 24.75, 24.70, 24.53, 23.27, 21.64, 0, 0, 4.32
2019/05/16 08:20:00, 24.75, 24.70, 24.54, 23.25, 21.60, 0, 0, 4.32
2019/05/16 08:21:00, 25.00, 24.74, 24.54, 23.37, 21.63, 0, 0, 4.32
2019/05/16 08:22:00, 24.75, 24.71, 24.58, 23.31, 21.64, 0, 0, 4.32
2019/05/16 08:23:00, 25.00, 24.74, 24.57, 23.16, 21.55, 0, 0, 4.32
2019/05/16 08:24:00, 25.00, 24.73, 24.56, 23.24, 21.53, 0, 0, 4.32
2019/05/16 08:25:00, 25.00, 24.77, 24.57, 23.23, 21.54, 0, 0, 4.32
2019/05/16 08:26:00, 25.00, 24.74, 24.58, 23.24, 21.52, 0, 0, 4.32
2019/05/16 08:27:00, 25.00, 24.78, 24.60, 23.25, 21.54, 0, 0, 4.32
2019/05/16 08:28:00, 25.00, 24.74, 24.61, 23.21, 21.52, 0, 0, 4.32
2019/05/16 08:29:00, 25.00, 24.77, 24.58, 23.23, 21.52, 0, 0, 4.32
2019/05/16 08:30:00, 25.00, 24.77, 24.61, 23.25, 21.57, 0, 0, 4.32
2019/05/16 08:31:00, 25.00, 24.78, 24.58, 23.15, 21.53, 0, 0, 4.32
2019/05/16 08:32:00, 25.00, 24.78, 24.62, 23.26, 21.53, 0, 0, 4.32
2019/05/16 08:33:00, 25.00, 24.81, 24.64, 23.20, 21.54, 0, 0, 4.32
2019/05/16 08:34:00, 25.00, 24.78, 24.62, 23.12, 21.48, 0, 0, 4.32
2019/05/16 08:35:00, 25.00, 24.77, 24.62, 23.15, 21.47, 0, 0, 4.32
2019/05/16 08:36:00, 25.00, 24.78, 24.61, 23.15, 21.46, 0, 0, 4.32
2019/05/16 08:37:00, 25.00, 24.77, 24.61, 23.13, 21.46, 0, 0, 4.32
2019/05/16 08:38:00, 25.00, 24.77, 24.61, 23.08, 21.42, 0, 0, 4.32
2019/05/16 08:39:00, 25.00, 24.77, 24.64, 23.21, 21.48, 0, 0, 4.32
2019/05/16 08:40:00, 25.00, 24.77, 24.65, 23.13, 21.51, 0, 0, 4.32
2019/05/16 08:41:00, 25.00, 24.81, 24.66, 23.20, 21.50, 0, 0, 4.32
2019/05/16 08:42:00, 25.00, 24.82, 24.68, 23.06, 21.48, 0, 0, 4.32
2019/05/16 08:43:00, 25.00, 24.87, 24.67, 23.06, 21.41, 0, 0, 4.32
2019/05/16 08:44:00, 25.00, 24.85, 24.69, 22.94, 21.34, 0, 0, 4.32
2019/05/16 08:45:00, 25.00, 24.87, 24.66, 22.91, 21.32, 0, 0, 4.32
2019/05/16 08:46:00, 25.00, 24.84, 24.67, 22.95, 21.28, 0, 0, 4.32
2019/05/16 08:47:00, 25.00, 24.84, 24.66, 22.94, 21.26, 0, 0, 4.32
2019/05/16 08:48:00, 25.00, 24.82, 24.65, 22.94, 21.29, 0, 0, 4.32
2019/05/16 08:49:00, 25.00, 24.84, 24.66, 22.91, 21.28, 0, 0, 4.32
2019/05/16 08:50:00, 25.00, 24.82, 24.65, 22.92, 21.28, 0, 0, 4.32
2019/05/16 08:51:00, 25.00, 24.80, 24.65, 22.88, 21.26, 0, 0, 4.32
2019/05/16 08:52:00, 25.00, 24.80, 24.63, 22.87, 21.25, 0, 0, 4.32
2019/05/16 08:53:00, 25.00, 24.80, 24.64, 22.95, 21.27, 0, 0, 4.32
2019/05/16 08:54:00, 25.00, 24.77, 24.66, 22.94, 21.26, 0, 0, 4.32
2019/05/16 08:55:00, 25.00, 24.81, 24.66, 23.04, 21.33, 0, 0, 4.32
2019/05/16 08:56:00, 25.00, 24.84, 24.68, 22.84, 21.32, 0, 0, 4.32
2019/05/16 08:57:00, 25.00, 24.82, 24.69, 22.94, 21.24, 0, 0, 4.32
2019/05/16 08:58:00, 25.00, 24.85, 24.70, 22.91, 21.29, 0, 0, 4.32
2019/05/16 08:59:00, 25.00, 24.87, 24.74, 22.88, 21.25, 0, 0, 4.32
2019/05/16 09:00:00, 25.00, 24.89, 24.74, 22.95, 21.28, 0, 0, 4.32
2019/05/16 09:01:00, 25.00, 24.97, 24.80, 22.94, 21.32, 0, 0, 4.32
2019/05/16 09:02:00, 25.00, 24.97, 24.81, 22.82, 21.20, 0, 0, 4.32
2019/05/16 09:03:00, 25.00, 24.97, 24.82, 22.81, 21.18, 0, 0, 4.32
2019/05/16 09:04:00, 25.00, 24.98, 24.80, 22.64, 21.04, 0, 0, 4.32
2019/05/16 09:05:00, 25.00, 25.00, 24.83, 22.82, 21.13, 0, 0, 4.32
2019/05/16 09:06:00, 25.00, 24.98, 24.80, 22.67, 21.11, 0, 0, 4.32
2019/05/16 09:07:00, 25.00, 24.97, 24.81, 22.77, 21.06, 0, 0, 4.32
2019/05/16 09:08:00, 25.00, 25.01, 24.85, 22.84, 21.17, 0, 0, 4.32
2019/05/16 09:09:00, 25.00, 25.00, 24.83, 22.82, 21.19, 0, 0, 4.32
2019/05/16 09:10:00, 25.00, 25.00, 24.83, 22.71, 21.12, 0, 0, 4.32
2019/05/16 09:11:00, 25.00, 25.00, 24.82, 22.72, 21.07, 0, 0, 4.32
2019/05/16 09:12:00, 25.00, 24.97, 24.81, 22.66, 21.06, 0, 0, 4.32
2019/05/16 09:13:00, 25.00, 24.94, 24.79, 22.69, 21.08, 0, 0, 4.32
2019/05/16 09:14:00, 25.00, 24.94, 24.80, 22.79, 21.14, 0, 0, 4.32
2019/05/16 09:15:00, 25.00, 24.94, 24.78, 22.85, 21.15, 0, 0, 4.32
2019/05/16 09:16:00, 25.00, 24.94, 24.79, 22.82, 21.16, 0, 0, 4.32
2019/05/16 09:17:00, 25.00, 24.95, 24.79, 22.87, 21.16, 0, 0, 4.32
2019/05/16 09:18:00, 25.00, 24.98, 24.79, 22.95, 21.27, 0, 0, 4.32
2019/05/16 09:19:00, 25.00, 24.98, 24.83, 22.85, 21.26, 0, 0, 4.32
2019/05/16 09:20:00, 25.00, 24.97, 24.79, 22.80, 21.19, 0, 0, 4.32
2019/05/16 09:21:00, 25.25, 24.94, 24.79, 22.78, 21.13, 0, 0, 4.32
2019/05/16 09:22:00, 25.25, 24.97, 24.79, 22.87, 21.19, 0, 0, 4.32
2019/05/16 09:23:00, 25.00, 24.97, 24.81, 22.80, 21.19, 0, 0, 4.32
2019/05/16 09:24:00, 25.00, 24.98, 24.82, 22.85, 21.19, 0, 0, 4.32
2019/05/16 09:25:00, 25.25, 25.02, 24.86, 22.90, 21.28, 0, 0, 4.32
2019/05/16 09:26:00, 25.25, 25.00, 24.84, 22.71, 21.13, 0, 0, 4.32
2019/05/16 09:27:00, 25.25, 24.97, 24.81, 22.71, 21.08, 0, 0, 4.32
2019/05/16 09:28:00, 25.25, 25.01, 24.83, 22.74, 21.10, 0, 0, 4.32
2019/05/16 09:29:00, 25.25, 25.00, 24.82, 22.77, 21.11, 0, 0, 4.32
2019/05/16 09:30:00, 25.25, 25.00, 24.82, 22.77, 21.12, 0, 0, 4.32
2019/05/16 09:31:00, 25.25, 24.98, 24.83, 22.71, 21.10, 0, 0, 4.32
2019/05/16 09:32:00, 25.25, 24.98, 24.83, 22.67, 21.08, 0, 0, 4.32
2019/05/16 09:33:00, 25.25, 25.00, 24.83, 22.74, 21.08, 0, 0, 4.32
2019/05/16 09:34:00, 25.25, 24.97, 24.83, 22.69, 21.07, 0, 0, 4.32
2019/05/16 09:35:00, 25.25, 25.00, 24.81, 22.65, 21.03, 0, 0, 4.32
2019/05/16 09:36:00, 25.25, 24.95, 24.80, 22.67, 21.05, 0, 0, 4.32
2019/05/16 09:37:00, 25.25, 24.97, 24.79, 22.66, 21.02, 0, 0, 4.32
2019/05/16 09:38:00, 25.25, 24.89, 24.77, 22.64, 21.03, 0, 0, 4.32
2019/05/16 09:39:00, 25.25, 24.94, 24.78, 22.72, 21.05, 0, 0, 4.32
2019/05/16 09:40:00, 25.25, 24.97, 24.79, 22.69, 21.06, 0, 0, 4.32
2019/05/16 09:41:00, 25.25, 24.93, 24.78, 22.67, 21.02, 0, 0, 4.32
2019/05/16 09:42:00, 25.25, 24.89, 24.77, 22.62, 21.00, 0, 0, 4.32
2019/05/16 09:43:00, 25.25, 24.94, 24.77, 22.66, 21.03, 0, 0, 4.32
2019/05/16 09:44:00, 25.25, 24.91, 24.77, 22.59, 21.00, 0, 0, 4.32
2019/05/16 09:45:00, 25.25, 24.93, 24.76, 22.69, 20.99, 0, 0, 4.32
2019/05/16 09:46:00, 25.25, 24.93, 24.76, 22.65, 21.01, 0, 0, 4.32
2019/05/16 09:47:00, 25.25, 24.94, 24.77, 22.74, 21.07, 0, 0, 4.32
2019/05/16 09:48:00, 25.25, 24.98, 24.79, 22.67, 21.04, 0, 0, 4.32
2019/05/16 09:49:00, 25.25, 24.97, 24.77, 22.57, 20.99, 0, 0, 4.32
2019/05/16 09:50:00, 25.25, 24.93, 24.79, 22.61, 20.95, 0, 0, 4.32
2019/05/16 09:51:00, 25.25, 24.93, 24.78, 22.59, 20.96, 0, 0, 4.32
2019/05/16 09:52:00, 25.25, 24.91, 24.78, 22.62, 20.96, 0, 0, 4.32
2019/05/16 09:53:00, 25.25, 24.95, 24.78, 22.77, 21.06, 0, 0, 4.32
2019/05/16 09:54:00, 25.25, 24.97, 24.83, 22.90, 21.22, 0, 0, 4.32
2019/05/16 09:55:00, 25.25, 25.01, 24.86, 22.76, 21.22, 0, 0, 4.32
2019/05/16 09:56:00, 25.25, 25.02, 24.86, 22.72, 21.15, 0, 0, 4.32
2019/05/16 09:57:00, 25.25, 25.05, 24.85, 22.73, 21.12, 0, 0, 4.32
2019/05/16 09:58:00, 25.25, 25.05, 24.87, 22.70, 21.10, 0, 0, 4.32
2019/05/16 09:59:00, 25.25, 25.06, 24.89, 22.70, 21.11, 0, 0, 4.32
2019/05/16 10:00:00, 25.25, 25.02, 24.89, 22.65, 21.04, 0, 0, 4.32
2019/05/16 10:01:00, 25.25, 25.04, 24.89, 22.72, 21.03, 0, 0, 4.32
2019/05/16 10:02:00, 25.25, 25.06, 24.89, 22.70, 21.09, 0, 0, 4.32
2019/05/16 10:03:00, 25.25, 25.02, 24.84, 22.53, 20.99, 0, 0, 4.32
2019/05/16 10:04:00, 25.25, 25.04, 24.85, 22.53, 20.92, 0, 0, 4.32
2019/05/16 10:05:00, 25.25, 25.04, 24.83, 22.66, 20.99, 0, 0, 4.32
2019/05/16 10:06:00, 25.25, 25.01, 24.82, 22.58, 21.01, 0, 0, 4.32
2019/05/16 10:07:00, 25.25, 25.00, 24.81, 22.58, 20.98, 0, 0, 4.32
2019/05/16 10:08:00, 25.25, 25.01, 24.79, 22.58, 20.98, 0, 0, 4.32
2019/05/16 10:09:00, 25.25, 24.97, 24.81, 22.61, 21.03, 0, 0, 4.32
2019/05/16 10:10:00, 25.25, 25.01, 24.81, 22.60, 20.97, 0, 0, 4.32
2019/05/16 10:11:00, 25.25, 25.00, 24.81, 22.60, 20.99, 0, 0, 4.32
2019/05/16 10:12:00, 25.25, 24.94, 24.80, 22.51, 20.93, 0, 0, 4.32
2019/05/16 10:13:00, 25.25, 24.95, 24.78, 22.72, 21.01, 0, 0, 4.32
2019/05/16 10:14:00, 25.25, 25.00, 24.82, 22.67, 21.06, 0, 0, 4.32
2019/05/16 10:15:00, 25.25, 24.93, 24.78, 22.44, 20.93, 0, 0, 4.32
2019/05/16 10:16:00, 25.25, 24.95, 24.78, 22.61, 20.93, 0, 0, 4.32
2019/05/16 10:17:00, 25.25, 24.94, 24.78, 22.64, 21.00, 0, 0, 4.32
2019/05/16 10:18:00, 25.25, 24.97, 24.77, 22.51, 21.01, 0, 0, 4.32
2019/05/16 10:19:00, 25.25, 24.93, 24.75, 22.52, 20.91, 0, 0, 4.32
2019/05/16 10:20:00, 25.25, 24.93, 24.74, 22.55, 20.90, 0, 0, 4.32
2019/05/16 10:21:00, 25.25, 24.88, 24.72, 22.56, 20.91, 0, 0, 4.32
2019/05/16 10:22:00, 25.25, 24.89, 24.75, 22.62, 21.02, 0, 0, 4.32
2019/05/16 10:23:00, 25.25, 24.91, 24.75, 22.72, 21.04, 0, 0, 4.32
2019/05/16 10:24:00, 25.25, 24.91, 24.75, 22.64, 21.04, 0, 0, 4.32
2019/05/16 10:25:00, 25.25, 24.91, 24.75, 22.53, 20.95, 0, 0, 4.32
2019/05/16 10:26:00, 25.25, 24.91, 24.75, 22.62, 20.98, 0, 0, 4.32
2019/05/16 10:27:00, 25.25, 24.94, 24.79, 22.64, 21.00, 0, 0, 4.32
2019/05/16 10:28:00, 25.25, 24.95, 24.79, 22.57, 20.96, 0, 0, 4.32
2019/05/16 10:29:00, 25.25, 24.97, 24.79, 22.61, 20.94, 0, 0, 4.32
2019/05/16 10:30:00, 25.25, 24.97, 24.80, 22.56, 20.93, 0, 0, 4.32
2019/05/16 10:31:00, 25.25, 24.95, 24.81, 22.54, 20.91, 0, 0, 4.32
2019/05/16 10:32:00, 25.25, 24.98, 24.82, 22.48, 20.87, 0, 0, 4.32
2019/05/16 10:33:00, 25.25, 24.98, 24.83, 22.45, 20.87, 0, 0, 4.32
2019/05/16 10:34:00, 25.25, 25.00, 24.80, 22.50, 20.87, 0, 0, 4.32
2019/05/16 10:35:00, 25.25, 25.01, 24.81, 22.48, 20.87, 0, 0, 4.32
2019/05/16 10:36:00, 25.25, 25.01, 24.83, 22.50, 20.91, 0, 0, 4.32
2019/05/16 10:37:00, 25.25, 25.00, 24.82, 22.48, 20.89, 0, 0, 4.32
2019/05/16 10:38:00, 25.25, 25.00, 24.82, 22.45, 20.87, 0, 0, 4.32
2019/05/16 10:39:00, 25.25, 25.00, 24.82, 22.50, 20.87, 0, 0, 4.32
2019/05/16 10:40:00, 25.25, 25.00, 24.83, 22.53, 20.88, 0, 0, 4.32
2019/05/16 10:41:00, 25.25, 25.00, 24.82, 22.51, 20.89, 0, 0, 4.32
2019/05/16 10:42:00, 25.25, 24.95, 24.83, 22.43, 20.88, 0, 0, 4.32
2019/05/16 10:43:00, 25.25, 24.93, 24.77, 22.46, 20.82, 0, 0, 4.32
2019/05/16 10:44:00, 25.25, 24.93, 24.78, 22.59, 20.93, 0, 0, 4.32
2019/05/16 10:45:00, 25.25, 24.93, 24.75, 22.62, 21.00, 0, 0, 4.32
2019/05/16 10:46:00, 25.25, 24.93, 24.77, 22.64, 20.98, 0, 0, 4.32
2019/05/16 10:47:00, 25.25, 24.94, 24.75, 22.59, 21.00, 0, 0, 4.32
2019/05/16 10:48:00, 25.25, 24.93, 24.75, 22.71, 21.03, 0, 0, 4.32
2019/05/16 10:49:00, 25.25, 24.94, 24.76, 22.71, 21.05, 0, 0, 4.32
2019/05/16 10:50:00, 25.25, 24.89, 24.75, 22.69, 21.05, 0, 0, 4.32
2019/05/16 10:51:00, 25.25, 24.91, 24.72, 22.64, 21.04, 0, 0, 4.32
2019/05/16 10:52:00, 25.25, 24.88, 24.72, 22.64, 21.03, 0, 0, 4.32
2019/05/16 10:53:00, 25.25, 24.88, 24.70, 22.65, 21.04, 0, 0, 4.32
2019/05/16 10:54:00, 25.25, 24.87, 24.71, 22.65, 21.03, 0, 0, 4.32
2019/05/16 10:55:00, 25.25, 24.87, 24.71, 22.64, 21.03, 0, 0, 4.32
2019/05/16 10:56:00, 25.25, 24.87, 24.70, 22.65, 21.00, 0, 0, 4.32
2019/05/16 10:57:00, 25.25, 24.87, 24.69, 22.55, 20.99, 0, 0, 4.32
2019/05/16 10:58:00, 25.25, 24.87, 24.69, 22.59, 21.00, 0, 0, 4.32
2019/05/16 10:59:00, 25.25, 24.84, 24.69, 22.62, 20.99, 0, 0, 4.32
2019/05/16 11:00:00, 25.25, 24.84, 24.67, 22.60, 21.01, 0, 0, 4.32
2019/05/16 11:01:00, 25.25, 24.84, 24.67, 22.59, 20.97, 0, 0, 4.32
2019/05/16 11:02:00, 25.25, 24.81, 24.65, 22.57, 20.96, 0, 0, 4.32
2019/05/16 11:03:00, 25.25, 24.82, 24.68, 22.60, 20.97, 0, 0, 4.32
2019/05/16 11:04:00, 25.25, 24.84, 24.66, 22.57, 20.96, 0, 0, 4.32
2019/05/16 11:05:00, 25.25, 24.82, 24.65, 22.52, 20.92, 0, 0, 4.32
2019/05/16 11:06:00, 25.25, 24.80, 24.66, 22.47, 20.92, 0, 0, 4.32
2019/05/16 11:07:00, 25.25, 24.82, 24.63, 22.52, 20.91, 0, 0, 4.32
2019/05/16 11:08:00, 25.25, 24.81, 24.63, 22.50, 20.90, 0, 0, 4.32
2019/05/16 11:09:00, 25.25, 24.78, 24.64, 22.53, 20.92, 0, 0, 4.32
2019/05/16 11:10:00, 25.25, 24.77, 24.62, 22.47, 20.85, 0, 0, 4.32
2019/05/16 11:11:00, 25.25, 24.77, 24.62, 22.54, 20.88, 0, 0, 4.32
2019/05/16 11:12:00, 25.25, 24.77, 24.62, 22.56, 20.96, 0, 0, 4.32
2019/05/16 11:13:00, 25.25, 24.80, 24.62, 22.58, 20.94, 0, 0, 4.32
2019/05/16 11:14:00, 25.25, 24.78, 24.63, 22.56, 20.94, 0, 0, 4.32
2019/05/16 11:15:00, 25.25, 24.74, 24.62, 22.47, 20.85, 0, 0, 4.32
2019/05/16 11:16:00, 25.25, 24.75, 24.60, 22.61, 20.92, 0, 0, 4.32
2019/05/16 11:17:00, 25.25, 24.77, 24.58, 22.60, 20.97, 0, 0, 4.32
2019/05/16 11:18:00, 25.25, 24.78, 24.61, 22.67, 20.98, 0, 0, 4.32
2019/05/16 11:19:00, 25.25, 24.75, 24.60, 22.66, 21.03, 0, 0, 4.32
2019/05/16 11:20:00, 25.25, 24.78, 24.58, 22.65, 21.02, 0, 0, 4.32
2019/05/16 11:21:00, 25.25, 24.74, 24.60, 22.66, 21.02, 0, 0, 4.32
2019/05/16 11:22:00, 25.25, 24.75, 24.58, 22.63, 21.04, 0, 0, 4.32
2019/05/16 11:23:00, 25.25, 24.77, 24.60, 22.66, 21.05, 0, 0, 4.32
2019/05/16 11:24:00, 25.25, 24.77, 24.61, 22.66, 21.06, 0, 0, 4.32
2019/05/16 11:25:00, 25.25, 24.77, 24.61, 22.66, 21.04, 0, 0, 4.32
2019/05/16 11:26:00, 25.25, 24.80, 24.61, 22.66, 21.03, 0, 0, 4.32
2019/05/16 11:27:00, 25.25, 24.77, 24.61, 22.60, 21.03, 0, 0, 4.32
2019/05/16 11:28:00, 25.25, 24.78, 24.60, 22.64, 21.01, 0, 0, 4.32
2019/05/16 11:29:00, 25.25, 24.75, 24.58, 22.66, 21.01, 0, 0, 4.32
2019/05/16 11:30:00, 25.25, 24.75, 24.56, 22.67, 21.03, 0, 0, 4.32
2019/05/16 11:31:00, 25.25, 24.75, 24.56, 22.64, 21.00, 0, 0, 4.32
2019/05/16 11:32:00, 25.25, 24.74, 24.57, 22.69, 21.02, 0, 0, 4.32
2019/05/16 11:33:00, 25.25, 24.75, 24.57, 22.71, 21.04, 0, 0, 4.32
2019/05/16 11:34:00, 25.25, 24.74, 24.58, 22.65, 21.04, 0, 0, 4.32
2019/05/16 11:35:00, 25.25, 24.74, 24.58, 22.59, 21.00, 0, 0, 4.32
2019/05/16 11:36:00, 25.25, 24.75, 24.56, 22.61, 21.00, 0, 0, 4.32
2019/05/16 11:37:00, 25.25, 24.74, 24.56, 22.61, 21.00, 0, 0, 4.32
2019/05/16 11:38:00, 25.25, 24.71, 24.54, 22.61, 21.03, 0, 0, 4.32
2019/05/16 11:39:00, 25.25, 24.74, 24.57, 22.66, 21.03, 0, 0, 4.32
2019/05/16 11:40:00, 25.00, 24.74, 24.54, 22.61, 21.00, 0, 0, 4.32
2019/05/16 11:41:00, 25.25, 24.71, 24.55, 22.61, 21.00, 0, 0, 4.32
2019/05/16 11:42:00, 25.00, 24.71, 24.54, 22.67, 20.99, 0, 0, 4.32
2019/05/16 11:43:00, 25.00, 24.73, 24.55, 22.65, 21.01, 0, 0, 4.32
2019/05/16 11:44:00, 25.00, 24.73, 24.53, 22.59, 21.02, 0, 0, 4.32
2019/05/16 11:45:00, 25.00, 24.70, 24.55, 22.61, 21.00, 0, 0, 4.32
2019/05/16 11:46:00, 25.00, 24.70, 24.53, 22.61, 21.00, 0, 0, 4.32
2019/05/16 11:47:00, 25.00, 24.71, 24.54, 22.62, 21.00, 0, 0, 4.32
2019/05/16 11:48:00, 25.00, 24.73, 24.54, 22.58, 20.99, 0, 0, 4.32
2019/05/16 11:49:00, 25.00, 24.70, 24.53, 22.61, 20.99, 0, 0, 4.32
2019/05/16 11:50:00, 25.00, 24.71, 24.52, 22.62, 20.98, 0, 0, 4.32
2019/05/16 11:51:00, 25.00, 24.69, 24.52, 22.69, 21.03, 0, 0, 4.32
2019/05/16 11:52:00, 25.00, 24.67, 24.50, 22.60, 21.01, 0, 0, 4.32
2019/05/16 11:53:00, 25.00, 24.67, 24.50, 22.73, 21.02, 0, 0, 4.32
2019/05/16 11:54:00, 25.00, 24.67, 24.50, 22.77, 21.07, 0, 0, 4.32
2019/05/16 11:55:00, 25.00, 24.69, 24.52, 22.69, 21.12, 0, 0, 4.32
2019/05/16 11:56:00, 25.00, 24.67, 24.52, 22.73, 21.10, 0, 0, 4.32
2019/05/16 11:57:00, 25.00, 24.69, 24.51, 22.75, 21.09, 0, 0, 4.32
2019/05/16 11:58:00, 25.00, 24.70, 24.50, 22.78, 21.14, 0, 0, 4.32
2019/05/16 11:59:00, 25.00, 24.69, 24.51, 22.73, 21.13, 0, 0, 4.32
2019/05/16 12:00:00, 25.00, 24.70, 24.50, 22.80, 21.14, 0, 0, 4.32
2019/05/16 12:01:00, 25.00, 24.71, 24.52, 22.80, 21.17, 0, 0, 4.32
2019/05/16 12:02:00, 25.00, 24.70, 24.52, 22.82, 21.16, 0, 0, 4.32
2019/05/16 12:03:00, 25.00, 24.71, 24.52, 22.80, 21.18, 0, 0, 4.32
2019/05/16 12:04:00, 25.00, 24.70, 24.52, 22.85, 21.20, 0, 0, 4.32
2019/05/16 12:05:00, 25.00, 24.70, 24.51, 22.85, 21.19, 0, 0, 4.32
2019/05/16 12:06:00, 25.00, 24.69, 24.52, 22.85, 21.22, 0, 0, 4.32
2019/05/16 12:07:00, 25.00, 24.67, 24.52, 22.85, 21.24, 0, 0, 4.32
2019/05/16 12:08:00, 25.00, 24.69, 24.51, 22.92, 21.22, 0, 0, 4.32
2019/05/16 12:09:00, 25.00, 24.67, 24.49, 22.90, 21.23, 0, 0, 4.32
2019/05/16 12:10:00, 25.00, 24.66, 24.51, 22.98, 21.28, 0, 0, 4.32
2019/05/16 12:11:00, 25.00, 24.66, 24.50, 22.98, 21.31, 0, 0, 4.32
2019/05/16 12:12:00, 25.00, 24.64, 24.49, 22.96, 21.34, 0, 0, 4.32
2019/05/16 12:13:00, 25.00, 24.67, 24.48, 22.96, 21.35, 0, 0, 4.32
2019/05/16 12:14:00, 25.00, 24.67, 24.50, 23.06, 21.35, 0, 0, 4.32
2019/05/16 12:15:00, 25.00, 24.67, 24.48, 23.01, 21.36, 0, 0, 4.32
2019/05/16 12:16:00, 25.00, 24.67, 24.50, 23.01, 21.38, 0, 0, 4.32
2019/05/16 12:17:00, 25.00, 24.66, 24.48, 23.12, 21.39, 0, 0, 4.32
2019/05/16 12:18:00, 25.00, 24.66, 24.50, 23.09, 21.43, 0, 0, 4.32
2019/05/16 12:19:00, 25.00, 24.67, 24.50, 23.14, 21.42, 0, 0, 4.32
2019/05/16 12:20:00, 25.00, 24.66, 24.50, 23.14, 21.44, 0, 0, 4.32
2019/05/16 12:21:00, 25.00, 24.64, 24.47, 23.11, 21.45, 0, 0, 4.32
2019/05/16 12:22:00, 25.00, 24.66, 24.46, 23.11, 21.43, 0, 0, 4.32
2019/05/16 12:23:00, 25.00, 24.67, 24.50, 23.27, 21.51, 0, 0, 4.32
2019/05/16 12:24:00, 25.00, 24.73, 24.52, 23.24, 21.61, 0, 0, 4.32
2019/05/16 12:25:00, 25.00, 24.73, 24.56, 23.26, 21.65, 0, 0, 4.32
2019/05/16 12:26:00, 25.00, 24.75, 24.58, 23.30, 21.64, 0, 0, 4.32
2019/05/16 12:27:00, 25.00, 24.77, 24.63, 23.21, 21.62, 0, 0, 4.32
2019/05/16 12:28:00, 25.00, 24.80, 24.63, 22.99, 21.48, 0, 0, 4.32
2019/05/16 12:29:00, 25.00, 24.80, 24.60, 22.95, 21.34, 0, 0, 4.32
2019/05/16 12:30:00, 25.00, 24.77, 24.60, 23.15, 21.48, 0, 0, 4.32
2019/05/16 12:31:00, 25.00, 24.77, 24.57, 23.18, 21.52, 0, 0, 4.32
2019/05/16 12:32:00, 25.00, 24.78, 24.61, 23.33, 21.68, 0, 0, 4.32
2019/05/16 12:33:00, 25.00, 24.80, 24.63, 23.20, 21.60, 0, 0, 4.32
2019/05/16 12:34:00, 25.00, 24.84, 24.65, 23.15, 21.56, 0, 0, 4.32
2019/05/16 12:35:00, 25.25, 24.84, 24.68, 23.12, 21.52, 0, 0, 4.32
2019/05/16 12:36:00, 25.00, 24.89, 24.70, 23.11, 21.50, 0, 0, 4.32
2019/05/16 12:37:00, 25.25, 24.93, 24.76, 23.19, 21.54, 0, 0, 4.32
2019/05/16 12:38:00, 25.25, 24.95, 24.77, 23.13, 21.54, 0, 0, 4.32
2019/05/16 12:39:00, 25.25, 24.98, 24.79, 23.10, 21.45, 0, 0, 4.32
2019/05/16 12:40:00, 25.25, 24.98, 24.82, 23.08, 21.48, 0, 0, 4.32
2019/05/16 12:41:00, 25.25, 25.01, 24.84, 23.03, 21.42, 0, 0, 4.32
2019/05/16 12:42:00, 25.25, 25.01, 24.83, 23.07, 21.42, 0, 0, 4.32
2019/05/16 12:43:00, 25.25, 25.04, 24.83, 23.00, 21.38, 0, 0, 4.32
2019/05/16 12:44:00, 25.25, 25.04, 24.87, 22.99, 21.41, 0, 0, 4.32
2019/05/16 12:45:00, 25.25, 25.06, 24.86, 22.96, 21.36, 0, 0, 4.32
2019/05/16 12:46:00, 25.25, 25.05, 24.87, 23.07, 21.38, 0, 0, 4.32
2019/05/16 12:47:00, 25.25, 25.09, 24.90, 23.17, 21.49, 0, 0, 4.32
2019/05/16 12:48:00, 25.25, 25.06, 24.91, 23.03, 21.40, 0, 0, 4.32
2019/05/16 12:49:00, 25.25, 25.05, 24.91, 22.99, 21.35, 0, 0, 4.32
2019/05/16 12:50:00, 25.25, 25.08, 24.85, 22.99, 21.38, 0, 0, 4.32
2019/05/16 12:51:00, 25.25, 25.08, 24.86, 23.09, 21.47, 0, 0, 4.32
2019/05/16 12:52:00, 25.25, 25.08, 24.87, 23.09, 21.48, 0, 0, 4.32
2019/05/16 12:53:00, 25.25, 25.09, 24.89, 23.05, 21.45, 0, 0, 4.32
2019/05/16 12:54:00, 25.25, 25.06, 24.89, 23.04, 21.42, 0, 0, 4.32
2019/05/16 12:55:00, 25.25, 25.05, 24.87, 23.03, 21.41, 0, 0, 4.32
2019/05/16 12:56:00, 25.25, 25.09, 24.89, 23.07, 21.46, 0, 0, 4.32
2019/05/16 12:57:00, 25.25, 25.08, 24.87, 23.04, 21.43, 0, 0, 4.32
2019/05/16 12:58:00, 25.25, 25.09, 24.91, 23.14, 21.48, 0, 0, 4.32
2019/05/16 12:59:00, 25.25, 25.09, 24.91, 23.07, 21.40, 0, 0, 4.32
2019/05/16 13:00:00, 25.25, 25.09, 24.89, 23.04, 21.40, 0, 0, 4.32
2019/05/16 13:01:00, 25.25, 25.08, 24.90, 23.28, 21.48, 0, 0, 4.32
2019/05/16 13:02:00, 25.25, 25.09, 24.92, 23.14, 21.51, 0, 0, 4.32
2019/05/16 13:03:00, 25.25, 25.09, 24.89, 23.10, 21.48, 0, 0, 4.32
2019/05/16 13:04:00, 25.25, 25.11, 24.90, 23.09, 21.47, 0, 0, 4.32
2019/05/16 13:05:00, 25.25, 25.05, 24.89, 23.10, 21.46, 0, 0, 4.32
2019/05/16 13:06:00, 25.25, 25.06, 24.91, 23.27, 21.61, 0, 0, 4.32
2019/05/16 13:07:00, 25.25, 25.11, 24.90, 23.20, 21.58, 0, 0, 4.32
2019/05/16 13:08:00, 25.25, 25.08, 24.92, 23.28, 21.61, 0, 0, 4.32
2019/05/16 13:09:00, 25.25, 25.11, 24.94, 23.40, 21.70, 0, 0, 4.32
2019/05/16 13:10:00, 25.25, 25.12, 24.91, 23.32, 21.66, 0, 0, 4.32
2019/05/16 13:11:00, 25.25, 25.12, 24.93, 23.29, 21.66, 0, 0, 4.32
2019/05/16 13:12:00, 25.25, 25.09, 24.93, 23.21, 21.59, 0, 0, 4.32
2019/05/16 13:13:00, 25.25, 25.09, 24.93, 23.51, 21.78, 0, 0, 4.32
2019/05/16 13:14:00, 25.25, 25.11, 24.93, 23.30, 21.67, 0, 0, 4.32
2019/05/16 13:15:00, 25.25, 25.11, 24.92, 23.27, 21.60, 0, 0, 4.32
2019/05/16 13:16:00, 25.25, 25.09, 24.92, 23.25, 21.58, 0, 0, 4.32
2019/05/16 13:17:00, 25.25, 25.08, 24.91, 23.30, 21.64, 0, 0, 4.32
2019/05/16 13:18:00, 25.25, 25.09, 24.92, 23.33, 21.67, 0, 0, 4.32
2019/05/16 13:19:00, 25.25, 25.09, 24.92, 23.30, 21.67, 0, 0, 4.32
2019/05/16 13:20:00, 25.25, 25.08, 24.91, 23.25, 21.64, 0, 0, 4.32
2019/05/16 13:21:00, 25.25, 25.11, 24.91, 23.33, 21.70, 0, 0, 4.32
2019/05/16 13:22:00, 25.25, 25.09, 24.90, 23.35, 21.69, 0, 0, 4.32
2019/05/16 13:23:00, 25.25, 25.11, 24.93, 23.35, 21.68, 0, 0, 4.32
2019/05/16 13:24:00, 25.25, 25.14, 24.95, 23.29, 21.64, 0, 0, 4.32
2019/05/16 13:25:00, 25.50, 25.09, 24.92, 23.29, 21.64, 0, 0, 4.32
2019/05/16 13:26:00, 25.50, 25.14, 24.92, 23.28, 21.62, 0, 0, 4.32
2019/05/16 13:27:00, 25.50, 25.12, 24.92, 23.29, 21.64, 0, 0, 4.32
2019/05/16 13:28:00, 25.50, 25.11, 24.92, 23.35, 21.65, 0, 0, 4.32
2019/05/16 13:29:00, 25.50, 25.09, 24.92, 23.33, 21.67, 0, 0, 4.32
2019/05/16 13:30:00, 25.50, 25.11, 24.94, 23.37, 21.70, 0, 0, 4.32
2019/05/16 13:31:00, 25.50, 25.09, 24.93, 23.32, 21.70, 0, 0, 4.32
2019/05/16 13:32:00, 25.50, 25.11, 24.93, 23.29, 21.67, 0, 0, 4.32
2019/05/16 13:33:00, 25.50, 25.14, 24.93, 23.32, 21.67, 0, 0, 4.32
2019/05/16 13:34:00, 25.50, 25.12, 24.93, 23.30, 21.69, 0, 0, 4.32
2019/05/16 13:35:00, 25.50, 25.12, 24.95, 23.35, 21.73, 0, 0, 4.32
2019/05/16 13:36:00, 25.50, 25.15, 24.97, 23.35, 21.70, 0, 0, 4.32
2019/05/16 13:37:00, 25.50, 25.12, 24.94, 23.29, 21.67, 0, 0, 4.32
2019/05/16 13:38:00, 25.50, 25.12, 24.94, 23.29, 21.61, 0, 0, 4.32
2019/05/16 13:39:00, 25.50, 25.14, 24.94, 23.32, 21.67, 0, 0, 4.32
2019/05/16 13:40:00, 25.50, 25.12, 24.96, 23.27, 21.67, 0, 0, 4.32
2019/05/16 13:41:00, 25.50, 25.14, 24.96, 23.32, 21.67, 0, 0, 4.32
2019/05/16 13:42:00, 25.50, 25.12, 24.92, 23.30, 21.62, 0, 0, 4.32
2019/05/16 13:43:00, 25.50, 25.12, 24.92, 23.30, 21.67, 0, 0, 4.32
2019/05/16 13:44:00, 25.50, 25.12, 24.94, 23.33, 21.69, 0, 0, 4.32
2019/05/16 13:45:00, 25.50, 25.16, 24.95, 23.26, 21.64, 0, 0, 4.32
2019/05/16 13:46:00, 25.50, 25.12, 24.96, 23.27, 21.65, 0, 0, 4.32
2019/05/16 13:47:00, 25.50, 25.14, 24.93, 23.24, 21.65, 0, 0, 4.32
2019/05/16 13:48:00, 25.50, 25.15, 24.94, 23.27, 21.62, 0, 0, 4.32
2019/05/16 13:49:00, 25.50, 25.12, 24.96, 23.25, 21.66, 0, 0, 4.32
2019/05/16 13:50:00, 25.50, 25.14, 24.94, 23.24, 21.61, 0, 0, 4.32
2019/05/16 13:51:00, 25.50, 25.14, 24.96, 23.29, 21.64, 0, 0, 4.32
2019/05/16 13:52:00, 25.50, 25.12, 24.95, 23.32, 21.68, 0, 0, 4.32
2019/05/16 13:53:00, 25.50, 25.15, 24.96, 23.35, 21.69, 0, 0, 4.32
2019/05/16 13:54:00, 25.50, 25.14, 24.96, 23.45, 21.73, 0, 0, 4.32
2019/05/16 13:55:00, 25.50, 25.12, 24.95, 23.50, 21.75, 0, 0, 4.32
2019/05/16 13:56:00, 25.50, 25.15, 24.97, 23.37, 21.72, 0, 0, 4.32
2019/05/16 13:57:00, 25.50, 25.16, 24.95, 23.35, 21.70, 0, 0, 4.32
2019/05/16 13:58:00, 25.50, 25.14, 24.97, 23.34, 21.70, 0, 0, 4.32
2019/05/16 13:59:00, 25.50, 25.15, 24.95, 23.21, 21.66, 0, 0, 4.32
2019/05/16 14:00:00, 25.50, 25.12, 24.93, 23.12, 21.53, 0, 0, 4.32
2019/05/16 14:01:00, 25.50, 25.14, 24.93, 23.19, 21.57, 0, 0, 4.32
2019/05/16 14:02:00, 25.50, 25.09, 24.91, 23.14, 21.48, 0, 0, 4.32
2019/05/16 14:03:00, 25.50, 25.09, 24.90, 23.27, 21.59, 0, 0, 4.32
2019/05/16 14:04:00, 25.50, 25.05, 24.85, 23.28, 21.64, 0, 0, 4.32
2019/05/16 14:05:00, 25.50, 25.02, 24.86, 23.33, 21.70, 0, 0, 4.32
2019/05/16 14:06:00, 25.50, 25.02, 24.85, 23.37, 21.69, 0, 0, 4.32
2019/05/16 14:07:00, 25.50, 25.00, 24.81, 23.37, 21.70, 0, 0, 4.32
2019/05/16 14:08:00, 25.50, 24.98, 24.80, 23.53, 21.83, 0, 0, 4.32
2019/05/16 14:09:00, 25.50, 24.95, 24.81, 23.62, 21.82, 0, 0, 4.32
2019/05/16 14:10:00, 25.50, 24.98, 24.82, 23.57, 21.93, 0, 0, 4.32
2019/05/16 14:11:00, 25.50, 25.04, 24.83, 23.56, 21.93, 0, 0, 4.32
2019/05/16 14:12:00, 25.50, 25.05, 24.87, 23.52, 21.88, 0, 0, 4.32
2019/05/16 14:13:00, 25.50, 25.06, 24.89, 23.49, 21.87, 0, 0, 4.32
2019/05/16 14:14:00, 25.50, 25.09, 24.91, 23.52, 21.83, 0, 0, 4.32
2019/05/16 14:15:00, 25.50, 25.09, 24.93, 23.38, 21.79, 0, 0, 4.32
2019/05/16 14:16:00, 25.50, 25.11, 24.92, 23.54, 21.78, 0, 0, 4.32
2019/05/16 14:17:00, 25.50, 25.11, 24.93, 23.45, 21.82, 0, 0, 4.32
2019/05/16 14:18:00, 25.50, 25.05, 24.91, 23.40, 21.75, 0, 0, 4.32
2019/05/16 14:19:00, 25.50, 25.04, 24.91, 23.32, 21.68, 0, 0, 4.32
2019/05/16 14:20:00, 25.50, 25.05, 24.89, 23.41, 21.77, 0, 0, 4.32
2019/05/16 14:21:00, 25.50, 25.02, 24.87, 23.36, 21.75, 0, 0, 4.32
2019/05/16 14:22:00, 25.50, 25.06, 24.87, 23.51, 21.82, 0, 0, 4.32
2019/05/16 14:23:00, 25.50, 25.06, 24.89, 23.49, 21.79, 0, 0, 4.32
2019/05/16 14:24:00, 25.50, 25.08, 24.89, 23.46, 21.83, 0, 0, 4.32
2019/05/16 14:25:00, 25.50, 25.05, 24.84, 23.36, 21.74, 0, 0, 4.32
2019/05/16 14:26:00, 25.50, 25.02, 24.85, 23.36, 21.70, 0, 0, 4.32
2019/05/16 14:27:00, 25.50, 24.98, 24.81, 23.37, 21.70, 0, 0, 4.32
2019/05/16 14:28:00, 25.50, 24.97, 24.81, 23.29, 21.70, 0, 0, 4.32
2019/05/16 14:29:00, 25.50, 24.97, 24.79, 23.31, 21.68, 0, 0, 4.32
2019/05/16 14:30:00, 25.50, 25.00, 24.82, 23.56, 21.83, 0, 0, 4.32
2019/05/16 14:31:00, 25.50, 25.01, 24.83, 23.47, 21.83, 0, 0, 4.32
2019/05/16 14:32:00, 25.50, 25.00, 24.83, 23.43, 21.79, 0, 0, 4.32
2019/05/16 14:33:00, 25.50, 25.05, 24.83, 23.43, 21.75, 0, 0, 4.32
2019/05/16 14:34:00, 25.50, 25.06, 24.86, 23.31, 21.72, 0, 0, 4.32
2019/05/16 14:35:00, 25.50, 25.08, 24.90, 23.32, 21.70, 0, 0, 4.32
2019/05/16 14:36:00, 25.50, 25.09, 24.89, 23.33, 21.72, 0, 0, 4.32
2019/05/16 14:37:00, 25.50, 25.09, 24.91, 23.33, 21.70, 0, 0, 4.32
2019/05/16 14:38:00, 25.50, 25.09, 24.91, 23.32, 21.70, 0, 0, 4.32
2019/05/16 14:39:00, 25.50, 25.11, 24.92, 23.28, 21.67, 0, 0, 4.32
2019/05/16 14:40:00, 25.50, 25.09, 24.91, 23.30, 21.64, 0, 0, 4.32
2019/05/16 14:41:00, 25.50, 25.08, 24.91, 23.27, 21.67, 0, 0, 4.32
2019/05/16 14:42:00, 25.50, 25.09, 24.90, 23.37, 21.67, 0, 0, 4.32
2019/05/16 14:43:00, 25.50, 25.08, 24.92, 23.33, 21.70, 0, 0, 4.32
2019/05/16 14:44:00, 25.50, 25.11, 24.92, 23.28, 21.65, 0, 0, 4.32
2019/05/16 14:45:00, 25.50, 25.09, 24.90, 23.22, 21.61, 0, 0, 4.32
2019/05/16 14:46:00, 25.50, 25.09, 24.92, 23.22, 21.61, 0, 0, 4.32
2019/05/16 14:47:00, 25.50, 25.12, 24.93, 23.19, 21.60, 0, 0, 4.32
2019/05/16 14:48:00, 25.50, 25.11, 24.90, 23.10, 21.51, 0, 0, 4.32
2019/05/16 14:49:00, 25.50, 25.06, 24.86, 23.10, 21.47, 0, 0, 4.32
2019/05/16 14:50:00, 25.50, 25.09, 24.90, 23.12, 21.53, 0, 0, 4.32
2019/05/16 14:51:00, 25.50, 25.06, 24.87, 23.12, 21.50, 0, 0, 4.32
2019/05/16 14:52:00, 25.50, 25.05, 24.85, 23.14, 21.52, 0, 0, 4.32
2019/05/16 14:53:00, 25.50, 25.06, 24.90, 23.22, 21.56, 0, 0, 4.32
2019/05/16 14:54:00, 25.50, 25.08, 24.89, 23.22, 21.55, 0, 0, 4.32
2019/05/16 14:55:00, 25.50, 25.12, 24.92, 23.10, 21.53, 0, 0, 4.32
2019/05/16 14:56:00, 25.50, 25.09, 24.91, 23.06, 21.50, 0, 0, 4.32
2019/05/16 14:57:00, 25.50, 25.08, 24.92, 23.15, 21.52, 0, 0, 4.32
2019/05/16 14:58:00, 25.50, 25.09, 24.90, 23.14, 21.51, 0, 0, 4.32
2019/05/16 14:59:00, 25.50, 25.08, 24.92, 23.17, 21.52, 0, 0, 4.32
2019/05/16 15:00:00, 25.50, 25.09, 24.92, 23.12, 21.49, 0, 0, 4.32
2019/05/16 15:01:00, 25.50, 25.09, 24.92, 23.07, 21.49, 0, 0, 4.32
2019/05/16 15:02:00, 25.50, 25.12, 24.91, 23.09, 21.49, 0, 0, 4.32
2019/05/16 15:03:00, 25.50, 25.11, 24.94, 23.12, 21.51, 0, 0, 4.32
2019/05/16 15:04:00, 25.50, 25.08, 24.92, 23.14, 21.49, 0, 0, 4.32
2019/05/16 15:05:00, 25.50, 25.08, 24.84, 23.10, 21.48, 0, 0, 4.32
2019/05/16 15:06:00, 25.50, 25.04, 24.84, 23.17, 21.51, 0, 0, 4.32
2019/05/16 15:07:00, 25.50, 25.06, 24.86, 23.17, 21.55, 0, 0, 4.32
2019/05/16 15:08:00, 25.50, 25.06, 24.86, 23.19, 21.58, 0, 0, 4.32
2019/05/16 15:09:00, 25.50, 25.02, 24.87, 23.20, 21.55, 0, 0, 4.32
2019/05/16 15:10:00, 25.50, 25.05, 24.84, 23.18, 21.54, 0, 0, 4.32
2019/05/16 15:11:00, 25.50, 25.01, 24.86, 23.20, 21.58, 0, 0, 4.32
2019/05/16 15:12:00, 25.50, 25.01, 24.83, 23.21, 21.56, 0, 0, 4.32
2019/05/16 15:13:00, 25.50, 25.01, 24.83, 23.36, 21.64, 0, 0, 4.32
2019/05/16 15:14:00, 25.50, 25.00, 24.82, 23.50, 21.79, 0, 0, 4.32
2019/05/16 15:15:00, 25.50, 25.01, 24.82, 23.34, 21.74, 0, 0, 4.32
2019/05/16 15:16:00, 25.50, 25.00, 24.80, 23.37, 21.70, 0, 0, 4.32
2019/05/16 15:17:00, 25.50, 24.95, 24.80, 23.34, 21.68, 0, 0, 4.32
2019/05/16 15:18:00, 25.50, 24.95, 24.79, 23.36, 21.70, 0, 0, 4.32
2019/05/16 15:19:00, 25.50, 24.95, 24.78, 23.39, 21.70, 0, 0, 4.32
2019/05/16 15:20:00, 25.50, 24.94, 24.76, 23.36, 21.73, 0, 0, 4.32
2019/05/16 15:21:00, 25.50, 24.94, 24.78, 23.39, 21.72, 0, 0, 4.32
2019/05/16 15:22:00, 25.50, 24.93, 24.75, 23.45, 21.73, 0, 0, 4.32
2019/05/16 15:23:00, 25.50, 24.93, 24.76, 23.37, 21.72, 0, 0, 4.32
2019/05/16 15:24:00, 25.50, 24.91, 24.76, 23.42, 21.77, 0, 0, 4.32
2019/05/16 15:25:00, 25.50, 24.95, 24.77, 23.41, 21.73, 0, 0, 4.32
2019/05/16 15:26:00, 25.50, 24.94, 24.77, 23.45, 21.75, 0, 0, 4.32
2019/05/16 15:27:00, 25.50, 24.94, 24.77, 23.41, 21.75, 0, 0, 4.32
2019/05/16 15:28:00, 25.50, 24.94, 24.78, 23.32, 21.76, 0, 0, 4.32
2019/05/16 15:29:00, 25.50, 24.89, 24.77, 23.36, 21.73, 0, 0, 4.32
2019/05/16 15:30:00, 25.50, 24.95, 24.77, 23.41, 21.73, 0, 0, 4.32
2019/05/16 15:31:00, 25.50, 24.95, 24.77, 23.37, 21.69, 0, 0, 4.32
2019/05/16 15:32:00, 25.50, 24.93, 24.75, 23.21, 21.65, 0, 0, 4.32
2019/05/16 15:33:00, 25.50, 24.91, 24.74, 23.30, 21.64, 0, 0, 4.32
2019/05/16 15:34:00, 25.50, 24.93, 24.76, 23.35, 21.69, 0, 0, 4.32
2019/05/16 15:35:00, 25.50, 24.93, 24.76, 23.34, 21.70, 0, 0, 4.32
2019/05/16 15:36:00, 25.50, 24.93, 24.76, 23.30, 21.63, 0, 0, 4.32
2019/05/16 15:37:00, 25.50, 24.93, 24.76, 23.34, 21.67, 0, 0, 4.32
2019/05/16 15:38:00, 25.50, 24.91, 24.74, 23.31, 21.66, 0, 0, 4.32
2019/05/16 15:39:00, 25.50, 24.91, 24.71, 23.32, 21.65, 0, 0, 4.32
2019/05/16 15:40:00, 25.50, 24.93, 24.75, 23.37, 21.67, 0, 0, 4.32
2019/05/16 15:41:00, 25.50, 24.89, 24.71, 23.37, 21.71, 0, 0, 4.32
2019/05/16 15:42:00, 25.50, 24.89, 24.75, 23.35, 21.70, 0, 0, 4.32
2019/05/16 15:43:00, 25.50, 24.88, 24.70, 23.24, 21.64, 0, 0, 4.32
2019/05/16 15:44:00, 25.50, 24.87, 24.72, 23.30, 21.67, 0, 0, 4.32
2019/05/16 15:45:00, 25.50, 24.87, 24.71, 23.36, 21.70, 0, 0, 4.32
2019/05/16 15:46:00, 25.50, 24.88, 24.71, 23.38, 21.73, 0, 0, 4.32
2019/05/16 15:47:00, 25.50, 24.85, 24.69, 23.43, 21.76, 0, 0, 4.32
2019/05/16 15:48:00, 25.50, 24.87, 24.71, 23.43, 21.78, 0, 0, 4.32
2019/05/16 15:49:00, 25.25, 24.89, 24.72, 23.41, 21.77, 0, 0, 4.32
2019/05/16 15:50:00, 25.25, 24.89, 24.74, 23.43, 21.77, 0, 0, 4.32
2019/05/16 15:51:00, 25.50, 24.91, 24.72, 23.51, 21.77, 0, 0, 4.32
2019/05/16 15:52:00, 25.50, 24.93, 24.75, 23.48, 21.77, 0, 0, 4.32
2019/05/16 15:53:00, 25.50, 24.91, 24.75, 23.38, 21.76, 0, 0, 4.32
2019/05/16 15:54:00, 25.25, 24.93, 24.75, 23.49, 21.77, 0, 0, 4.32
2019/05/16 15:55:00, 25.50, 24.95, 24.78, 23.62, 21.93, 0, 0, 4.32
2019/05/16 15:56:00, 25.25, 24.95, 24.79, 23.50, 21.89, 0, 0, 4.32
2019/05/16 15:57:00, 25.25, 24.98, 24.81, 23.39, 21.75, 0, 0, 4.32
2019/05/16 15:58:00, 25.25, 24.94, 24.77, 23.39, 21.69, 0, 0, 4.32
2019/05/16 15:59:00, 25.25, 24.94, 24.77, 23.37, 21.74, 0, 0, 4.32
2019/05/16 16:00:00, 25.50, 24.94, 24.78, 23.54, 21.80, 0, 0, 4.32
2019/05/16 16:01:00, 25.25, 24.91, 24.77, 23.54, 21.90, 0, 0, 4.32
2019/05/16 16:02:00, 25.25, 24.95, 24.79, 23.51, 21.86, 0, 0, 4.32
2019/05/16 16:03:00, 25.50, 24.95, 24.79, 23.45, 21.81, 0, 0, 4.32
2019/05/16 16:04:00, 25.25, 24.93, 24.78, 23.42, 21.77, 0, 0, 4.32
2019/05/16 16:05:00, 25.25, 24.94, 24.77, 23.32, 21.73, 0, 0, 4.32
2019/05/16 16:06:00, 25.25, 24.95, 24.77, 23.34, 21.70, 0, 0, 4.32
2019/05/16 16:07:00, 25.25, 24.94, 24.75, 23.37, 21.72, 0, 0, 4.32
2019/05/16 16:08:00, 25.25, 24.94, 24.77, 23.37, 21.70, 0, 0, 4.32
2019/05/16 16:09:00, 25.25, 24.95, 24.77, 23.34, 21.70, 0, 0, 4.32
2019/05/16 16:10:00, 25.25, 24.94, 24.75, 23.34, 21.69, 0, 0, 4.32
2019/05/16 16:11:00, 25.50, 24.94, 24.77, 23.36, 21.70, 0, 0, 4.32
2019/05/16 16:12:00, 25.25, 24.94, 24.77, 23.31, 21.67, 0, 0, 4.32
2019/05/16 16:13:00, 25.25, 24.94, 24.77, 23.32, 21.67, 0, 0, 4.32
2019/05/16 16:14:00, 25.25, 24.94, 24.78, 23.29, 21.65, 0, 0, 4.32
2019/05/16 16:15:00, 25.25, 24.93, 24.76, 23.24, 21.62, 0, 0, 4.32
2019/05/16 16:16:00, 25.25, 24.94, 24.75, 23.25, 21.64, 0, 0, 4.32
2019/05/16 16:17:00, 25.25, 24.91, 24.75, 23.29, 21.62, 0, 0, 4.32
2019/05/16 16:18:00, 25.25, 24.94, 24.77, 23.34, 21.65, 0, 0, 4.32
2019/05/16 16:19:00, 25.25, 24.94, 24.74, 23.31, 21.63, 0, 0, 4.32
2019/05/16 16:20:00, 25.25, 24.91, 24.75, 23.21, 21.59, 0, 0, 4.32
2019/05/16 16:21:00, 25.25, 24.91, 24.75, 23.22, 21.58, 0, 0, 4.32
2019/05/16 16:22:00, 25.25, 24.93, 24.75, 23.17, 21.57, 0, 0, 4.32
2019/05/16 16:23:00, 25.25, 24.93, 24.75, 23.21, 21.55, 0, 0, 4.32
2019/05/16 16:24:00, 25.25, 24.93, 24.76, 23.19, 21.54, 0, 0, 4.32
2019/05/16 16:25:00, 25.25, 24.93, 24.75, 23.11, 21.51, 0, 0, 4.32
2019/05/16 16:26:00, 25.25, 24.93, 24.75, 23.11, 21.48, 0, 0, 4.32
2019/05/16 16:27:00, 25.25, 24.91, 24.74, 23.09, 21.45, 0, 0, 4.32
2019/05/16 16:28:00, 25.25, 24.93, 24.76, 23.08, 21.45, 0, 0, 4.32
2019/05/16 16:29:00, 25.25, 24.93, 24.76, 23.06, 21.42, 0, 0, 4.32
2019/05/16 16:30:00, 25.25, 24.91, 24.74, 23.02, 21.40, 0, 0, 4.32
2019/05/16 16:31:00, 25.25, 24.91, 24.75, 23.06, 21.38, 0, 0, 4.32
2019/05/16 16:32:00, 25.25, 24.91, 24.75, 23.04, 21.39, 0, 0, 4.32
2019/05/16 16:33:00, 25.25, 24.89, 24.75, 22.96, 21.36, 0, 0, 4.32
2019/05/16 16:34:00, 25.25, 24.91, 24.75, 22.94, 21.33, 0, 0, 4.32
2019/05/16 16:35:00, 25.25, 24.91, 24.75, 22.93, 21.31, 0, 0, 4.32
2019/05/16 16:36:00, 25.25, 24.89, 24.71, 22.91, 21.30, 0, 0, 4.32
2019/05/16 16:37:00, 25.25, 24.88, 24.71, 22.83, 21.25, 0, 0, 4.32
2019/05/16 16:38:00, 25.25, 24.88, 24.70, 22.88, 21.26, 0, 0, 4.32
2019/05/16 16:39:00, 25.25, 24.88, 24.68, 22.89, 21.26, 0, 0, 4.32
2019/05/16 16:40:00, 25.25, 24.85, 24.68, 22.89, 21.24, 0, 0, 4.32
2019/05/16 16:41:00, 25.25, 24.81, 24.67, 22.88, 21.25, 0, 0, 4.32
2019/05/16 16:42:00, 25.25, 24.84, 24.64, 22.84, 21.25, 0, 0, 4.32
2019/05/16 16:43:00, 25.25, 24.78, 24.63, 22.86, 21.23, 0, 0, 4.32
2019/05/16 16:44:00, 25.25, 24.78, 24.62, 22.84, 21.24, 0, 0, 4.32
2019/05/16 16:45:00, 25.25, 24.78, 24.63, 22.86, 21.24, 0, 0, 4.32
2019/05/16 16:46:00, 25.25, 24.77, 24.60, 22.89, 21.22, 0, 0, 4.32
2019/05/16 16:47:00, 25.25, 24.75, 24.58, 22.89, 21.24, 0, 0, 4.32
2019/05/16 16:48:00, 25.25, 24.75, 24.56, 22.90, 21.25, 0, 0, 4.32
2019/05/16 16:49:00, 25.25, 24.74, 24.56, 22.87, 21.22, 0, 0, 4.32
2019/05/16 16:50:00, 25.25, 24.73, 24.55, 22.77, 21.20, 0, 0, 4.32
2019/05/16 16:51:00, 25.25, 24.71, 24.55, 22.84, 21.21, 0, 0, 4.32
2019/05/16 16:52:00, 25.25, 24.71, 24.54, 22.80, 21.20, 0, 0, 4.32
2019/05/16 16:53:00, 25.25, 24.71, 24.54, 22.85, 21.20, 0, 0, 4.32
2019/05/16 16:54:00, 25.25, 24.69, 24.52, 22.83, 21.22, 0, 0, 4.32
2019/05/16 16:55:00, 25.25, 24.67, 24.49, 22.83, 21.21, 0, 0, 4.32
2019/05/16 16:56:00, 25.25, 24.67, 24.48, 22.82, 21.21, 0, 0, 4.32
2019/05/16 16:57:00, 25.25, 24.67, 24.49, 22.78, 21.20, 0, 0, 4.32
2019/05/16 16:58:00, 25.25, 24.66, 24.46, 22.83, 21.22, 0, 0, 4.32
2019/05/16 16:59:00, 25.25, 24.64, 24.47, 22.85, 21.24, 0, 0, 4.32
2019/05/16 17:00:00, 25.25, 24.61, 24.46, 22.83, 21.22, 0, 0, 4.32
2019/05/16 17:01:00, 25.25, 24.64, 24.48, 22.83, 21.22, 0, 0, 4.32
2019/05/16 17:02:00, 25.25, 24.63, 24.46, 22.83, 21.22, 0, 0, 4.32
2019/05/16 17:03:00, 25.25, 24.60, 24.46, 22.86, 21.25, 0, 0, 4.32
2019/05/16 17:04:00, 25.25, 24.61, 24.43, 22.91, 21.26, 0, 0, 4.32
2019/05/16 17:05:00, 25.25, 24.64, 24.46, 22.84, 21.24, 0, 0, 4.32
2019/05/16 17:06:00, 25.25, 24.63, 24.45, 22.87, 21.24, 0, 0, 4.32
2019/05/16 17:07:00, 25.25, 24.60, 24.40, 22.81, 21.22, 0, 0, 4.32
2019/05/16 17:08:00, 25.25, 24.60, 24.42, 22.81, 21.19, 0, 0, 4.32
2019/05/16 17:09:00, 25.25, 24.60, 24.41, 22.81, 21.19, 0, 0, 4.32
2019/05/16 17:10:00, 25.25, 24.60, 24.41, 22.78, 21.16, 0, 0, 4.32
2019/05/16 17:11:00, 25.25, 24.59, 24.41, 22.81, 21.21, 0, 0, 4.32
2019/05/16 17:12:00, 25.25, 24.59, 24.40, 22.86, 21.21, 0, 0, 4.32
2019/05/16 17:13:00, 25.25, 24.57, 24.38, 22.78, 21.19, 0, 0, 4.32
2019/05/16 17:14:00, 25.25, 24.59, 24.37, 22.75, 21.14, 0, 0, 4.32
2019/05/16 17:15:00, 25.25, 24.54, 24.37, 22.82, 21.14, 0, 0, 4.32
2019/05/16 17:16:00, 25.25, 24.52, 24.37, 22.74, 21.14, 0, 0, 4.32
2019/05/16 17:17:00, 25.25, 24.53, 24.36, 22.81, 21.16, 0, 0, 4.32
2019/05/16 17:18:00, 25.00, 24.53, 24.35, 22.81, 21.16, 0, 0, 4.32
2019/05/16 17:19:00, 25.00, 24.50, 24.34, 22.79, 21.19, 0, 0, 4.32
2019/05/16 17:20:00, 25.00, 24.49, 24.31, 22.82, 21.18, 0, 0, 4.32
2019/05/16 17:21:00, 25.00, 24.46, 24.27, 22.80, 21.20, 0, 0, 4.32
2019/05/16 17:22:00, 25.00, 24.47, 24.28, 22.90, 21.22, 0, 0, 4.32
2019/05/16 17:23:00, 25.00, 24.47, 24.27, 22.93, 21.25, 0, 0, 4.32
2019/05/16 17:24:00, 25.00, 24.43, 24.27, 22.90, 21.26, 0, 0, 4.32
2019/05/16 17:25:00, 25.00, 24.43, 24.25, 22.93, 21.26, 0, 0, 4.32
2019/05/16 17:26:00, 25.00, 24.40, 24.25, 22.94, 21.30, 0, 0, 4.32
2019/05/16 17:27:00, 25.00, 24.40, 24.23, 22.96, 21.29, 0, 0, 4.32
2019/05/16 17:28:00, 25.00, 24.43, 24.27, 22.96, 21.33, 0, 0, 4.32
2019/05/16 17:29:00, 25.00, 24.44, 24.27, 22.99, 21.34, 0, 0, 4.32
2019/05/16 17:30:00, 25.00, 24.47, 24.27, 22.95, 21.32, 0, 0, 4.32
2019/05/16 17:31:00, 25.00, 24.47, 24.30, 22.92, 21.29, 0, 0, 4.32
2019/05/16 17:32:00, 25.00, 24.50, 24.30, 22.97, 21.29, 0, 0, 4.32
2019/05/16 17:33:00, 25.00, 24.49, 24.30, 22.88, 21.26, 0, 0, 4.32
2019/05/16 17:34:00, 25.00, 24.50, 24.33, 22.85, 21.23, 0, 0, 4.32
2019/05/16 17:35:00, 25.00, 24.50, 24.33, 22.87, 21.22, 0, 0, 4.32
2019/05/16 17:36:00, 25.00, 24.52, 24.34, 22.84, 21.19, 0, 0, 4.32
2019/05/16 17:37:00, 25.00, 24.52, 24.34, 22.76, 21.18, 0, 0, 4.32
2019/05/16 17:38:00, 25.00, 24.50, 24.34, 22.81, 21.13, 0, 0, 4.32
2019/05/16 17:39:00, 25.00, 24.52, 24.35, 22.72, 21.13, 0, 0, 4.32
2019/05/16 17:40:00, 25.00, 24.52, 24.35, 22.74, 21.11, 0, 0, 4.32
2019/05/16 17:41:00, 25.00, 24.53, 24.35, 22.69, 21.10, 0, 0, 4.32
2019/05/16 17:42:00, 25.00, 24.54, 24.36, 22.76, 21.13, 0, 0, 4.32
2019/05/16 17:43:00, 25.00, 24.54, 24.37, 22.77, 21.13, 0, 0, 4.32
2019/05/16 17:44:00, 25.00, 24.53, 24.37, 22.76, 21.13, 0, 0, 4.32
2019/05/16 17:45:00, 25.00, 24.54, 24.38, 22.74, 21.09, 0, 0, 4.32
2019/05/16 17:46:00, 25.00, 24.56, 24.39, 22.79, 21.11, 0, 0, 4.32
2019/05/16 17:47:00, 25.00, 24.56, 24.40, 22.73, 21.09, 0, 0, 4.32
2019/05/16 17:48:00, 25.00, 24.57, 24.41, 22.71, 21.11, 0, 0, 4.32
2019/05/16 17:49:00, 25.00, 24.56, 24.40, 22.69, 21.08, 0, 0, 4.32
2019/05/16 17:50:00, 25.00, 24.59, 24.40, 22.76, 21.07, 0, 0, 4.32
2019/05/16 17:51:00, 25.00, 24.59, 24.42, 22.75, 21.08, 0, 0, 4.32
2019/05/16 17:52:00, 25.00, 24.57, 24.40, 22.71, 21.09, 0, 0, 4.32
2019/05/16 17:53:00, 25.00, 24.57, 24.41, 22.75, 21.12, 0, 0, 4.32
2019/05/16 17:54:00, 25.00, 24.60, 24.45, 22.78, 21.13, 0, 0, 4.32
2019/05/16 17:55:00, 25.00, 24.57, 24.39, 22.75, 21.13, 0, 0, 4.32
2019/05/16 17:56:00, 25.00, 24.59, 24.40, 22.76, 21.16, 0, 0, 4.32
2019/05/16 17:57:00, 25.00, 24.59, 24.42, 22.79, 21.14, 0, 0, 4.32
2019/05/16 17:58:00, 25.00, 24.61, 24.42, 22.78, 21.15, 0, 0, 4.32
2019/05/16 17:59:00, 25.00, 24.59, 24.41, 22.76, 21.14, 0, 0, 4.32
2019/05/16 18:00:00, 25.00, 24.59, 24.39, 22.78, 21.14, 0, 0, 4.32
2019/05/16 18:01:00, 25.00, 24.57, 24.42, 22.83, 21.17, 0, 0, 4.32
2019/05/16 18:02:00, 25.00, 24.61, 24.39, 22.91, 21.20, 0, 0, 4.32
2019/05/16 18:03:00, 25.00, 24.57, 24.38, 22.84, 21.22, 0, 0, 4.32
2019/05/16 18:04:00, 25.00, 24.56, 24.39, 22.94, 21.26, 0, 0, 4.32
2019/05/16 18:05:00, 25.00, 24.57, 24.41, 22.92, 21.30, 0, 0, 4.32
2019/05/16 18:06:00, 25.00, 24.59, 24.40, 22.99, 21.32, 0, 0, 4.32
2019/05/16 18:07:00, 25.00, 24.59, 24.42, 22.99, 21.31, 0, 0, 4.32
2019/05/16 18:08:00, 25.00, 24.59, 24.43, 22.94, 21.29, 0, 0, 4.32
2019/05/16 18:09:00, 25.00, 24.60, 24.42, 22.94, 21.32, 0, 0, 4.32
2019/05/16 18:10:00, 25.00, 24.60, 24.43, 22.91, 21.32, 0, 0, 4.32
2019/05/16 18:11:00, 25.00, 24.61, 24.46, 22.96, 21.29, 0, 0, 4.32
2019/05/16 18:12:00, 25.00, 24.61, 24.46, 22.89, 21.28, 0, 0, 4.32
2019/05/16 18:13:00, 25.00, 24.60, 24.46, 22.99, 21.32, 0, 0, 4.32
2019/05/16 18:14:00, 25.00, 24.63, 24.45, 22.94, 21.32, 0, 0, 4.32
2019/05/16 18:15:00, 25.00, 24.63, 24.46, 22.98, 21.32, 0, 0, 4.32
2019/05/16 18:16:00, 25.00, 24.63, 24.47, 22.98, 21.34, 0, 0, 4.32
2019/05/16 18:17:00, 25.00, 24.66, 24.48, 22.96, 21.32, 0, 0, 4.32
2019/05/16 18:18:00, 25.00, 24.64, 24.48, 22.96, 21.29, 0, 0, 4.32
2019/05/16 18:19:00, 25.00, 24.63, 24.47, 22.96, 21.31, 0, 0, 4.32
2019/05/16 18:20:00, 25.00, 24.60, 24.46, 23.06, 21.38, 0, 0, 4.32
2019/05/16 18:21:00, 25.00, 24.64, 24.47, 23.04, 21.41, 0, 0, 4.32
2019/05/16 18:22:00, 25.00, 24.64, 24.46, 23.15, 21.45, 0, 0, 4.32
2019/05/16 18:23:00, 25.00, 24.63, 24.45, 23.10, 21.48, 0, 0, 4.32
2019/05/16 18:24:00, 25.00, 24.63, 24.45, 23.05, 21.46, 0, 0, 4.32
2019/05/16 18:25:00, 25.00, 24.61, 24.43, 23.20, 21.49, 0, 0, 4.32
2019/05/16 18:26:00, 25.00, 24.61, 24.43, 23.18, 21.51, 0, 0, 4.32
2019/05/16 18:27:00, 25.00, 24.63, 24.41, 23.27, 21.56, 0, 0, 4.32
2019/05/16 18:28:00, 25.00, 24.61, 24.43, 23.23, 21.56, 0, 0, 4.32
2019/05/16 18:29:00, 25.00, 24.59, 24.41, 23.23, 21.57, 0, 0, 4.32
2019/05/16 18:30:00, 25.00, 24.59, 24.40, 23.23, 21.58, 0, 0, 4.32
2019/05/16 18:31:00, 25.00, 24.57, 24.42, 23.21, 21.54, 0, 0, 4.32
2019/05/16 18:32:00, 25.00, 24.57, 24.42, 23.23, 21.57, 0, 0, 4.32
2019/05/16 18:33:00, 25.00, 24.59, 24.39, 23.22, 21.55, 0, 0, 4.32
2019/05/16 18:34:00, 25.00, 24.57, 24.40, 23.23, 21.58, 0, 0, 4.32
2019/05/16 18:35:00, 25.00, 24.60, 24.41, 23.25, 21.61, 0, 0, 4.32
2019/05/16 18:36:00, 25.00, 24.56, 24.41, 23.25, 21.62, 0, 0, 4.32
2019/05/16 18:37:00, 25.00, 24.57, 24.41, 23.20, 21.56, 0, 0, 4.32
2019/05/16 18:38:00, 25.00, 24.60, 24.41, 23.22, 21.55, 0, 0, 4.32
2019/05/16 18:39:00, 25.00, 24.60, 24.41, 23.27, 21.59, 0, 0, 4.32
2019/05/16 18:40:00, 25.00, 24.57, 24.42, 23.33, 21.63, 0, 0, 4.32
2019/05/16 18:41:00, 25.00, 24.59, 24.42, 23.28, 21.62, 0, 0, 4.32
2019/05/16 18:42:00, 25.00, 24.59, 24.42, 23.32, 21.62, 0, 0, 4.32
2019/05/16 18:43:00, 25.00, 24.60, 24.43, 23.31, 21.64, 0, 0, 4.32
2019/05/16 18:44:00, 25.00, 24.60, 24.40, 23.35, 21.64, 0, 0, 4.32
2019/05/16 18:45:00, 25.00, 24.57, 24.43, 23.31, 21.63, 0, 0, 4.32
2019/05/16 18:46:00, 25.00, 24.57, 24.41, 23.23, 21.60, 0, 0, 4.32
2019/05/16 18:47:00, 25.00, 24.60, 24.41, 23.31, 21.65, 0, 0, 4.32
2019/05/16 18:48:00, 25.00, 24.59, 24.39, 23.33, 21.67, 0, 0, 4.32
2019/05/16 18:49:00, 25.00, 24.57, 24.40, 23.41, 21.71, 0, 0, 4.32
2019/05/16 18:50:00, 25.00, 24.57, 24.41, 23.38, 21.72, 0, 0, 4.32
2019/05/16 18:51:00, 25.00, 24.57, 24.41, 23.39, 21.71, 0, 0, 4.32
2019/05/16 18:52:00, 25.00, 24.57, 24.39, 23.41, 21.70, 0, 0, 4.32
2019/05/16 18:53:00, 25.00, 24.56, 24.38, 23.41, 21.70, 0, 0, 4.32
2019/05/16 18:54:00, 25.00, 24.56, 24.40, 23.36, 21.71, 0, 0, 4.32
2019/05/16 18:55:00, 25.00, 24.57, 24.39, 23.41, 21.70, 0, 0, 4.32
2019/05/16 18:56:00, 25.00, 24.57, 24.40, 23.38, 21.70, 0, 0, 4.32
2019/05/16 18:57:00, 25.00, 24.59, 24.39, 23.31, 21.68, 0, 0, 4.32
2019/05/16 18:58:00, 25.00, 24.54, 24.39, 23.31, 21.69, 0, 0, 4.32
2019/05/16 18:59:00, 25.00, 24.57, 24.38, 23.41, 21.71, 0, 0, 4.32
2019/05/16 19:00:00, 25.00, 24.54, 24.37, 23.47, 21.72, 0, 0, 4.32
2019/05/16 19:01:00, 25.00, 24.54, 24.37, 23.43, 21.74, 0, 0, 4.32
2019/05/16 19:02:00, 25.00, 24.53, 24.38, 23.47, 21.74, 0, 0, 4.32
2019/05/16 19:03:00, 25.00, 24.54, 24.37, 23.53, 21.82, 0, 0, 4.32
2019/05/16 19:04:00, 25.00, 24.54, 24.37, 23.53, 21.82, 0, 0, 4.32
2019/05/16 19:05:00, 25.00, 24.54, 24.37, 23.42, 21.78, 0, 0, 4.32
2019/05/16 19:06:00, 25.00, 24.56, 24.38, 23.46, 21.77, 0, 0, 4.32
2019/05/16 19:07:00, 25.00, 24.56, 24.40, 23.47, 21.77, 0, 0, 4.32
2019/05/16 19:08:00, 25.00, 24.59, 24.40, 23.48, 21.77, 0, 0, 4.32
2019/05/16 19:09:00, 25.00, 24.56, 24.39, 23.39, 21.77, 0, 0, 4.32
2019/05/16 19:10:00, 25.00, 24.57, 24.39, 23.42, 21.74, 0, 0, 4.32
2019/05/16 19:11:00, 25.00, 24.54, 24.35, 23.44, 21.75, 0, 0, 4.32
2019/05/16 19:12:00, 25.00, 24.53, 24.36, 23.47, 21.78, 0, 0, 4.32
2019/05/16 19:13:00, 25.00, 24.54, 24.35, 23.48, 21.78, 0, 0, 4.32
2019/05/16 19:14:00, 25.00, 24.52, 24.35, 23.54, 21.80, 0, 0, 4.32
2019/05/16 19:15:00, 25.00, 24.50, 24.34, 23.47, 21.80, 0, 0, 4.32
2019/05/16 19:16:00, 25.00, 24.50, 24.32, 23.47, 21.80, 0, 0, 4.32
2019/05/16 19:17:00, 25.00, 24.49, 24.32, 23.51, 21.80, 0, 0, 4.32
2019/05/16 19:18:00, 25.00, 24.47, 24.31, 23.49, 21.85, 0, 0, 4.32
2019/05/16 19:19:00, 25.00, 24.47, 24.28, 23.55, 21.83, 0, 0, 4.32
2019/05/16 19:20:00, 25.00, 24.46, 24.27, 23.55, 21.88, 0, 0, 4.32
2019/05/16 19:21:00, 25.00, 24.44, 24.27, 23.60, 21.88, 0, 0, 4.32
2019/05/16 19:22:00, 25.00, 24.44, 24.27, 23.57, 21.89, 0, 0, 4.32
2019/05/16 19:23:00, 25.00, 24.46, 24.27, 23.58, 21.90, 0, 0, 4.32
2019/05/16 19:24:00, 25.00, 24.44, 24.27, 23.54, 21.89, 0, 0, 4.32
2019/05/16 19:25:00, 25.00, 24.43, 24.25, 23.54, 21.92, 0, 0, 4.32
2019/05/16 19:26:00, 25.00, 24.43, 24.24, 23.61, 21.91, 0, 0, 4.32
2019/05/16 19:27:00, 25.00, 24.40, 24.25, 23.56, 21.91, 0, 0, 4.32
2019/05/16 19:28:00, 25.00, 24.43, 24.23, 23.59, 21.91, 0, 0, 4.32
2019/05/16 19:29:00, 25.00, 24.42, 24.22, 23.56, 21.90, 0, 0, 4.32
2019/05/16 19:30:00, 25.00, 24.42, 24.20, 23.61, 21.93, 0, 0, 4.32
2019/05/16 19:31:00, 25.00, 24.38, 24.21, 23.69, 21.95, 0, 0, 4.32
2019/05/16 19:32:00, 25.00, 24.38, 24.21, 23.66, 21.98, 0, 0, 4.32
2019/05/16 19:33:00, 25.00, 24.39, 24.20, 23.63, 21.97, 0, 0, 4.32
2019/05/16 19:34:00, 25.00, 24.36, 24.21, 23.66, 22.02, 0, 0, 4.32
2019/05/16 19:35:00, 25.00, 24.38, 24.16, 23.68, 21.99, 0, 0, 4.32
2019/05/16 19:36:00, 25.00, 24.36, 24.20, 23.71, 21.99, 0, 0, 4.32
2019/05/16 19:37:00, 25.00, 24.36, 24.19, 23.66, 22.01, 0, 0, 4.32
2019/05/16 19:38:00, 25.00, 24.36, 24.18, 23.68, 22.00, 0, 0, 4.32
2019/05/16 19:39:00, 25.00, 24.35, 24.17, 23.65, 21.94, 0, 0, 4.32
2019/05/16 19:40:00, 25.00, 24.35, 24.17, 23.67, 22.02, 0, 0, 4.32
2019/05/16 19:41:00, 25.00, 24.35, 24.18, 23.69, 22.03, 0, 0, 4.32
2019/05/16 19:42:00, 25.00, 24.35, 24.19, 23.71, 22.04, 0, 0, 4.32
2019/05/16 19:43:00, 25.00, 24.36, 24.17, 23.65, 22.03, 0, 0, 4.32
2019/05/16 19:44:00, 25.00, 24.36, 24.16, 23.63, 21.99, 0, 0, 4.32
2019/05/16 19:45:00, 25.00, 24.36, 24.19, 23.66, 21.99, 0, 0, 4.32
2019/05/16 19:46:00, 25.00, 24.33, 24.19, 23.69, 21.99, 0, 0, 4.32
2019/05/16 19:47:00, 25.00, 24.33, 24.17, 23.68, 21.98, 0, 0, 4.32
2019/05/16 19:48:00, 25.00, 24.33, 24.17, 23.69, 22.02, 0, 0, 4.32
2019/05/16 19:49:00, 24.75, 24.35, 24.16, 23.68, 21.99, 0, 0, 4.32
2019/05/16 19:50:00, 24.75, 24.33, 24.16, 23.71, 22.02, 0, 0, 4.32
2019/05/16 19:51:00, 24.75, 24.33, 24.15, 23.64, 22.03, 0, 0, 4.32
2019/05/16 19:52:00, 24.75, 24.33, 24.17, 23.68, 22.00, 0, 0, 4.32
2019/05/16 19:53:00, 24.75, 24.31, 24.16, 23.72, 22.04, 0, 0, 4.32
2019/05/16 19:54:00, 24.75, 24.32, 24.15, 23.73, 22.03, 0, 0, 4.32
2019/05/16 19:55:00, 24.75, 24.31, 24.13, 23.69, 22.03, 0, 0, 4.32
2019/05/16 19:56:00, 24.75, 24.32, 24.13, 23.72, 22.05, 0, 0, 4.32
2019/05/16 19:57:00, 24.75, 24.32, 24.13, 23.77, 22.05, 0, 0, 4.32
2019/05/16 19:58:00, 24.75, 24.32, 24.15, 23.69, 22.05, 0, 0, 4.32
2019/05/16 19:59:00, 24.75, 24.31, 24.13, 23.69, 22.03, 0, 0, 4.32
2019/05/16 20:00:00, 24.75, 24.31, 24.11, 23.67, 22.04, 0, 0, 4.32
2019/05/16 20:01:00, 24.75, 24.29, 24.09, 23.69, 22.01, 0, 0, 4.32
2019/05/16 20:02:00, 24.75, 24.29, 24.10, 23.72, 22.03, 0, 0, 4.32
2019/05/16 20:03:00, 24.75, 24.27, 24.10, 23.73, 22.06, 0, 0, 4.32
2019/05/16 20:04:00, 24.75, 24.27, 24.10, 23.76, 22.08, 0, 0, 4.32
2019/05/16 20:05:00, 24.75, 24.29, 24.10, 23.73, 22.06, 0, 0, 4.32
2019/05/16 20:06:00, 24.75, 24.27, 24.09, 23.73, 22.08, 0, 0, 4.32
2019/05/16 20:07:00, 24.75, 24.27, 24.10, 23.77, 22.10, 0, 0, 4.32
2019/05/16 20:08:00, 24.75, 24.25, 24.07, 23.74, 22.11, 0, 0, 4.32
2019/05/16 20:09:00, 24.75, 24.29, 24.08, 23.75, 22.11, 0, 0, 4.32
2019/05/16 20:10:00, 24.75, 24.26, 24.08, 23.80, 22.10, 0, 0, 4.32
2019/05/16 20:11:00, 24.75, 24.25, 24.08, 23.85, 22.13, 0, 0, 4.32
2019/05/16 20:12:00, 24.75, 24.25, 24.06, 23.81, 22.14, 0, 0, 4.32
2019/05/16 20:13:00, 24.75, 24.23, 24.08, 23.80, 22.14, 0, 0, 4.32
2019/05/16 20:14:00, 24.75, 24.26, 24.07, 23.80, 22.12, 0, 0, 4.32
2019/05/16 20:15:00, 24.75, 24.25, 24.06, 23.77, 22.12, 0, 0, 4.32
2019/05/16 20:16:00, 24.75, 24.25, 24.05, 23.81, 22.12, 0, 0, 4.32
2019/05/16 20:17:00, 24.75, 24.22, 24.04, 23.81, 22.11, 0, 0, 4.32
2019/05/16 20:18:00, 24.75, 24.22, 24.04, 23.76, 22.12, 0, 0, 4.32
2019/05/16 20:19:00, 24.75, 24.22, 24.04, 23.84, 22.12, 0, 0, 4.32
2019/05/16 20:20:00, 24.75, 24.20, 24.03, 23.80, 22.12, 0, 0, 4.32
2019/05/16 20:21:00, 24.75, 24.20, 24.04, 23.77, 22.16, 0, 0, 4.32
2019/05/16 20:22:00, 24.75, 24.20, 24.02, 23.77, 22.14, 0, 0, 4.32
2019/05/16 20:23:00, 24.75, 24.16, 24.01, 23.82, 22.16, 0, 0, 4.32
2019/05/16 20:24:00, 24.75, 24.18, 24.01, 23.84, 22.19, 0, 0, 4.32
2019/05/16 20:25:00, 24.75, 24.16, 24.01, 23.86, 22.17, 0, 0, 4.32
2019/05/16 20:26:00, 24.75, 24.16, 23.98, 23.79, 22.16, 0, 0, 4.32
2019/05/16 20:27:00, 24.75, 24.15, 24.00, 23.82, 22.17, 0, 0, 4.32
2019/05/16 20:28:00, 24.75, 24.18, 23.98, 23.87, 22.16, 0, 0, 4.32
2019/05/16 20:29:00, 24.75, 24.14, 24.00, 23.84, 22.19, 0, 0, 4.32
2019/05/16 20:30:00, 24.75, 24.16, 23.96, 23.81, 22.16, 0, 0, 4.32
2019/05/16 20:31:00, 24.75, 24.18, 23.97, 23.88, 22.18, 0, 0, 4.32
2019/05/16 20:32:00, 24.75, 24.15, 23.94, 23.84, 22.19, 0, 0, 4.32
2019/05/16 20:33:00, 24.75, 24.15, 23.97, 23.87, 22.18, 0, 0, 4.32
2019/05/16 20:34:00, 24.75, 24.14, 23.97, 23.82, 22.18, 0, 0, 4.32
2019/05/16 20:35:00, 24.75, 24.12, 23.95, 23.87, 22.19, 0, 0, 4.32
2019/05/16 20:36:00, 24.75, 24.14, 23.95, 23.86, 22.21, 0, 0, 4.32
2019/05/16 20:37:00, 24.75, 24.12, 23.94, 23.88, 22.21, 0, 0, 4.32
2019/05/16 20:38:00, 24.75, 24.12, 23.95, 23.88, 22.21, 0, 0, 4.32
2019/05/16 20:39:00, 24.75, 24.14, 23.93, 23.85, 22.20, 0, 0, 4.32
2019/05/16 20:40:00, 24.75, 24.12, 23.95, 23.85, 22.18, 0, 0, 4.32
2019/05/16 20:41:00, 24.75, 24.11, 23.94, 23.94, 22.23, 0, 0, 4.32
2019/05/16 20:42:00, 24.75, 24.12, 23.92, 23.91, 22.25, 0, 0, 4.32
2019/05/16 20:43:00, 24.75, 24.12, 23.92, 23.90, 22.24, 0, 0, 4.32
2019/05/16 20:44:00, 24.75, 24.12, 23.92, 23.90, 22.22, 0, 0, 4.32
2019/05/16 20:45:00, 24.75, 24.09, 23.90, 23.92, 22.24, 0, 0, 4.32
2019/05/16 20:46:00, 24.75, 24.08, 23.91, 23.92, 22.24, 0, 0, 4.32
2019/05/16 20:47:00, 24.75, 24.09, 23.90, 23.92, 22.27, 0, 0, 4.32
2019/05/16 20:48:00, 24.75, 24.08, 23.92, 23.91, 22.26, 0, 0, 4.32
2019/05/16 20:49:00, 24.75, 24.08, 23.89, 23.95, 22.26, 0, 0, 4.32
2019/05/16 20:50:00, 24.75, 24.09, 23.89, 23.98, 22.28, 0, 0, 4.32
2019/05/16 20:51:00, 24.75, 24.07, 23.89, 23.96, 22.28, 0, 0, 4.32
2019/05/16 20:52:00, 24.75, 24.05, 23.88, 23.92, 22.31, 0, 0, 4.32
2019/05/16 20:53:00, 24.75, 24.05, 23.88, 23.96, 22.32, 0, 0, 4.32
2019/05/16 20:54:00, 24.75, 24.04, 23.88, 23.98, 22.32, 0, 0, 4.32
2019/05/16 20:55:00, 24.75, 24.04, 23.87, 23.98, 22.32, 0, 0, 4.32
2019/05/16 20:56:00, 24.75, 24.05, 23.86, 23.99, 22.32, 0, 0, 4.32
2019/05/16 20:57:00, 24.75, 24.02, 23.87, 24.01, 22.32, 0, 0, 4.32
2019/05/16 20:58:00, 24.75, 24.04, 23.86, 23.99, 22.34, 0, 0, 4.32
2019/05/16 20:59:00, 24.50, 24.05, 23.86, 23.95, 22.34, 0, 0, 4.32
2019/05/16 21:00:00, 24.75, 24.07, 23.87, 24.01, 22.34, 0, 0, 4.32
2019/05/16 21:01:00, 24.75, 24.05, 23.87, 23.99, 22.33, 0, 0, 4.32
2019/05/16 21:02:00, 24.50, 24.04, 23.88, 23.96, 22.29, 0, 0, 4.32
2019/05/16 21:03:00, 24.50, 24.05, 23.87, 23.98, 22.30, 0, 0, 4.32
2019/05/16 21:04:00, 24.50, 24.04, 23.87, 23.98, 22.33, 0, 0, 4.32
2019/05/16 21:05:00, 24.50, 24.02, 23.88, 23.98, 22.33, 0, 0, 4.32
2019/05/16 21:06:00, 24.50, 24.07, 23.87, 23.93, 22.32, 0, 0, 4.32
2019/05/16 21:07:00, 24.50, 24.05, 23.87, 24.02, 22.33, 0, 0, 4.32
2019/05/16 21:08:00, 24.50, 24.05, 23.86, 24.01, 22.34, 0, 0, 4.32
2019/05/16 21:09:00, 24.50, 24.01, 23.86, 24.03, 22.35, 0, 0, 4.32
2019/05/16 21:10:00, 24.50, 24.02, 23.81, 23.99, 22.35, 0, 0, 4.32
2019/05/16 21:11:00, 24.50, 24.01, 23.82, 24.05, 22.38, 0, 0, 4.32
2019/05/16 21:12:00, 24.50, 24.01, 23.83, 23.97, 22.38, 0, 0, 4.32
2019/05/16 21:13:00, 24.50, 24.01, 23.81, 24.11, 22.39, 0, 0, 4.32
2019/05/16 21:14:00, 24.50, 24.02, 23.82, 24.05, 22.40, 0, 0, 4.32
2019/05/16 21:15:00, 24.50, 24.01, 23.83, 24.03, 22.40, 0, 0, 4.32
2019/05/16 21:16:00, 24.50, 24.02, 23.82, 24.06, 22.38, 0, 0, 4.32
2019/05/16 21:17:00, 24.50, 24.01, 23.81, 24.06, 22.39, 0, 0, 4.32
2019/05/16 21:18:00, 24.50, 23.97, 23.82, 24.09, 22.43, 0, 0, 4.32
2019/05/16 21:19:00, 24.50, 24.01, 23.79, 24.08, 22.44, 0, 0, 4.32
2019/05/16 21:20:00, 24.50, 23.99, 23.77, 24.11, 22.45, 0, 0, 4.32
2019/05/16 21:21:00, 24.50, 23.98, 23.78, 24.12, 22.45, 0, 0, 4.32
2019/05/16 21:22:00, 24.50, 23.98, 23.79, 24.07, 22.43, 0, 0, 4.32
2019/05/16 21:23:00, 24.50, 23.99, 23.82, 24.08, 22.45, 0, 0, 4.32
2019/05/16 21:24:00, 24.50, 23.98, 23.78, 24.15, 22.45, 0, 0, 4.32
2019/05/16 21:25:00, 24.50, 23.95, 23.77, 24.13, 22.45, 0, 0, 4.32
2019/05/16 21:26:00, 24.50, 23.94, 23.76, 24.15, 22.46, 0, 0, 4.32
2019/05/16 21:27:00, 24.50, 23.95, 23.76, 24.13, 22.49, 0, 0, 4.32
2019/05/16 21:28:00, 24.50, 23.98, 23.76, 24.12, 22.49, 0, 0, 4.32
2019/05/16 21:29:00, 24.50, 23.95, 23.77, 24.17, 22.49, 0, 0, 4.32
2019/05/16 21:30:00, 24.50, 23.92, 23.78, 24.15, 22.49, 0, 0, 4.32
2019/05/16 21:31:00, 24.50, 23.97, 23.75, 24.16, 22.52, 0, 0, 4.32
2019/05/16 21:32:00, 24.50, 23.94, 23.75, 24.15, 22.51, 0, 0, 4.32
2019/05/16 21:33:00, 24.50, 23.95, 23.78, 24.17, 22.53, 0, 0, 4.32
2019/05/16 21:34:00, 24.50, 23.95, 23.76, 24.12, 22.52, 0, 0, 4.32
2019/05/16 21:35:00, 24.50, 23.92, 23.76, 24.19, 22.51, 0, 0, 4.32
2019/05/16 21:36:00, 24.50, 23.92, 23.76, 24.16, 22.53, 0, 0, 4.32
2019/05/16 21:37:00, 24.50, 23.92, 23.77, 24.17, 22.51, 0, 0, 4.32
2019/05/16 21:38:00, 24.50, 23.91, 23.75, 24.16, 22.51, 0, 0, 4.32
2019/05/16 21:39:00, 24.50, 23.94, 23.74, 24.19, 22.53, 0, 0, 4.32
2019/05/16 21:40:00, 24.50, 23.92, 23.76, 24.19, 22.53, 0, 0, 4.32
2019/05/16 21:41:00, 24.50, 23.91, 23.74, 24.16, 22.54, 0, 0, 4.32
2019/05/16 21:42:00, 24.50, 23.92, 23.73, 24.22, 22.54, 0, 0, 4.32
2019/05/16 21:43:00, 24.50, 23.91, 23.72, 24.20, 22.55, 0, 0, 4.32
2019/05/16 21:44:00, 24.50, 23.90, 23.73, 24.19, 22.54, 0, 0, 4.32
2019/05/16 21:45:00, 24.50, 23.91, 23.74, 24.19, 22.54, 0, 0, 4.32
2019/05/16 21:46:00, 24.50, 23.90, 23.71, 24.17, 22.53, 0, 0, 4.32
2019/05/16 21:47:00, 24.50, 23.92, 23.73, 24.25, 22.55, 0, 0, 4.32
2019/05/16 21:48:00, 24.50, 23.91, 23.71, 24.17, 22.56, 0, 0, 4.32
2019/05/16 21:49:00, 24.50, 23.91, 23.69, 24.22, 22.54, 0, 0, 4.32
2019/05/16 21:50:00, 24.50, 23.91, 23.73, 24.23, 22.54, 0, 0, 4.32
2019/05/16 21:51:00, 24.50, 23.91, 23.71, 24.17, 22.54, 0, 0, 4.32
2019/05/16 21:52:00, 24.50, 23.92, 23.72, 24.19, 22.54, 0, 0, 4.32
2019/05/16 21:53:00, 24.50, 23.92, 23.72, 24.20, 22.53, 0, 0, 4.32
2019/05/16 21:54:00, 24.50, 23.91, 23.72, 24.14, 22.51, 0, 0, 4.32
2019/05/16 21:55:00, 24.50, 23.91, 23.71, 24.19, 22.52, 0, 0, 4.32
2019/05/16 21:56:00, 24.50, 23.91, 23.72, 24.16, 22.52, 0, 0, 4.32
2019/05/16 21:57:00, 24.50, 23.88, 23.71, 24.13, 22.51, 0, 0, 4.32
2019/05/16 21:58:00, 24.50, 23.88, 23.72, 24.16, 22.51, 0, 0, 4.32
2019/05/16 21:59:00, 24.50, 23.88, 23.71, 24.16, 22.51, 0, 0, 4.32
2019/05/16 22:00:00, 24.50, 23.90, 23.69, 24.14, 22.51, 0, 0, 4.32
2019/05/16 22:01:00, 24.50, 23.90, 23.71, 24.17, 22.51, 0, 0, 4.32
2019/05/16 22:02:00, 24.50, 23.88, 23.69, 24.19, 22.53, 0, 0, 4.32
2019/05/16 22:03:00, 24.50, 23.88, 23.69, 24.19, 22.54, 0, 0, 4.32
2019/05/16 22:04:00, 24.50, 23.88, 23.69, 24.16, 22.51, 0, 0, 4.32
2019/05/16 22:05:00, 24.50, 23.88, 23.68, 24.16, 22.52, 0, 0, 4.32
2019/05/16 22:06:00, 24.50, 23.90, 23.69, 24.14, 22.51, 0, 0, 4.32
2019/05/16 22:07:00, 24.50, 23.87, 23.68, 24.16, 22.51, 0, 0, 4.32
2019/05/16 22:08:00, 24.50, 23.88, 23.72, 24.10, 22.51, 0, 0, 4.32
2019/05/16 22:09:00, 24.50, 23.88, 23.69, 24.13, 22.50, 0, 0, 4.32
2019/05/16 22:10:00, 24.50, 23.88, 23.71, 24.14, 22.51, 0, 0, 4.32
2019/05/16 22:11:00, 24.50, 23.88, 23.68, 24.11, 22.50, 0, 0, 4.32
2019/05/16 22:12:00, 24.50, 23.90, 23.69, 24.17, 22.51, 0, 0, 4.32
2019/05/16 22:13:00, 24.50, 23.87, 23.68, 24.17, 22.50, 0, 0, 4.32
2019/05/16 22:14:00, 24.50, 23.87, 23.68, 24.18, 22.54, 0, 0, 4.32
2019/05/16 22:15:00, 24.50, 23.84, 23.66, 24.26, 22.54, 0, 0, 4.32
2019/05/16 22:16:00, 24.50, 23.87, 23.66, 24.18, 22.54, 0, 0, 4.32
2019/05/16 22:17:00, 24.50, 23.87, 23.67, 24.18, 22.54, 0, 0, 4.32
2019/05/16 22:18:00, 24.50, 23.85, 23.66, 24.19, 22.55, 0, 0, 4.32
2019/05/16 22:19:00, 24.50, 23.85, 23.66, 24.17, 22.53, 0, 0, 4.32
2019/05/16 22:20:00, 24.50, 23.85, 23.66, 24.19, 22.53, 0, 0, 4.32
2019/05/16 22:21:00, 24.50, 23.87, 23.66, 24.20, 22.52, 0, 0, 4.32
2019/05/16 22:22:00, 24.50, 23.84, 23.66, 24.24, 22.53, 0, 0, 4.32
2019/05/16 22:23:00, 24.50, 23.84, 23.66, 24.17, 22.55, 0, 0, 4.32
2019/05/16 22:24:00, 24.50, 23.85, 23.66, 24.17, 22.55, 0, 0, 4.32
2019/05/16 22:25:00, 24.25, 23.85, 23.66, 24.17, 22.55, 0, 0, 4.32
2019/05/16 22:26:00, 24.50, 23.83, 23.65, 24.18, 22.54, 0, 0, 4.32
2019/05/16 22:27:00, 24.50, 23.84, 23.64, 24.21, 22.55, 0, 0, 4.32
2019/05/16 22:28:00, 24.25, 23.81, 23.66, 24.18, 22.57, 0, 0, 4.32
2019/05/16 22:29:00, 24.25, 23.83, 23.65, 24.21, 22.56, 0, 0, 4.32
2019/05/16 22:30:00, 24.25, 23.83, 23.65, 24.21, 22.57, 0, 0, 4.32
2019/05/16 22:31:00, 24.25, 23.81, 23.64, 24.23, 22.57, 0, 0, 4.32
2019/05/16 22:32:00, 24.25, 23.83, 23.63, 24.21, 22.59, 0, 0, 4.32
2019/05/16 22:33:00, 24.25, 23.80, 23.62, 24.22, 22.57, 0, 0, 4.32
2019/05/16 22:34:00, 24.25, 23.81, 23.63, 24.22, 22.60, 0, 0, 4.32
2019/05/16 22:35:00, 24.25, 23.84, 23.60, 24.31, 22.58, 0, 0, 4.32
2019/05/16 22:36:00, 24.25, 23.81, 23.62, 24.27, 22.61, 0, 0, 4.32
2019/05/16 22:37:00, 24.25, 23.80, 23.62, 24.19, 22.61, 0, 0, 4.32
2019/05/16 22:38:00, 24.25, 23.83, 23.62, 24.24, 22.62, 0, 0, 4.32
2019/05/16 22:39:00, 24.25, 23.80, 23.61, 24.27, 22.63, 0, 0, 4.32
2019/05/16 22:40:00, 24.25, 23.81, 23.61, 24.31, 22.65, 0, 0, 4.32
2019/05/16 22:41:00, 24.25, 23.81, 23.62, 24.35, 22.67, 0, 0, 4.32
2019/05/16 22:42:00, 24.25, 23.81, 23.61, 24.28, 22.65, 0, 0, 4.32
2019/05/16 22:43:00, 24.25, 23.81, 23.62, 24.24, 22.66, 0, 0, 4.32
2019/05/16 22:44:00, 24.25, 23.80, 23.62, 24.27, 22.66, 0, 0, 4.32
2019/05/16 22:45:00, 24.25, 23.81, 23.62, 24.30, 22.67, 0, 0, 4.32
2019/05/16 22:46:00, 24.25, 23.81, 23.60, 24.33, 22.70, 0, 0, 4.32
2019/05/16 22:47:00, 24.25, 23.81, 23.62, 24.30, 22.70, 0, 0, 4.32
2019/05/16 22:48:00, 24.25, 23.79, 23.63, 24.37, 22.70, 0, 0, 4.32
2019/05/16 22:49:00, 24.25, 23.77, 23.60, 24.34, 22.71, 0, 0, 4.32
2019/05/16 22:50:00, 24.25, 23.80, 23.60, 24.40, 22.76, 0, 0, 4.32
2019/05/16 22:51:00, 24.25, 23.77, 23.61, 24.37, 22.76, 0, 0, 4.32
2019/05/16 22:52:00, 24.25, 23.81, 23.58, 24.37, 22.74, 0, 0, 4.32
2019/05/16 22:53:00, 24.25, 23.79, 23.60, 24.39, 22.75, 0, 0, 4.32
2019/05/16 22:54:00, 24.25, 23.79, 23.61, 24.41, 22.76, 0, 0, 4.32
2019/05/16 22:55:00, 24.25, 23.79, 23.62, 24.42, 22.77, 0, 0, 4.32
2019/05/16 22:56:00, 24.25, 23.80, 23.60, 24.42, 22.77, 0, 0, 4.32
2019/05/16 22:57:00, 24.25, 23.80, 23.61, 24.43, 22.78, 0, 0, 4.32
2019/05/16 22:58:00, 24.25, 23.79, 23.59, 24.43, 22.80, 0, 0, 4.32
2019/05/16 22:59:00, 24.25, 23.79, 23.57, 24.47, 22.81, 0, 0, 4.32
2019/05/16 23:00:00, 24.25, 23.77, 23.59, 24.47, 22.82, 0, 0, 4.32
2019/05/16 23:01:00, 24.25, 23.79, 23.58, 24.49, 22.83, 0, 0, 4.32
2019/05/16 23:02:00, 24.25, 23.76, 23.60, 24.50, 22.84, 0, 0, 4.32
2019/05/16 23:03:00, 24.25, 23.80, 23.58, 24.52, 22.84, 0, 0, 4.32
2019/05/16 23:04:00, 24.25, 23.79, 23.59, 24.51, 22.85, 0, 0, 4.32
2019/05/16 23:05:00, 24.25, 23.77, 23.59, 24.58, 22.86, 0, 0, 4.32
2019/05/16 23:06:00, 24.25, 23.77, 23.57, 24.56, 22.92, 0, 0, 4.32
2019/05/16 23:07:00, 24.25, 23.79, 23.59, 24.51, 22.88, 0, 0, 4.32
2019/05/16 23:08:00, 24.25, 23.76, 23.59, 24.57, 22.90, 0, 0, 4.32
2019/05/16 23:09:00, 24.25, 23.76, 23.57, 24.57, 22.96, 0, 0, 4.32
2019/05/16 23:10:00, 24.25, 23.77, 23.58, 24.62, 22.93, 0, 0, 4.32
2019/05/16 23:11:00, 24.25, 23.76, 23.59, 24.63, 22.96, 0, 0, 4.32
2019/05/16 23:12:00, 24.25, 23.76, 23.57, 24.63, 22.98, 0, 0, 4.32
2019/05/16 23:13:00, 24.25, 23.76, 23.56, 24.60, 22.97, 0, 0, 4.32
2019/05/16 23:14:00, 24.25, 23.77, 23.57, 24.60, 22.96, 0, 0, 4.32
2019/05/16 23:15:00, 24.25, 23.74, 23.56, 24.66, 22.96, 0, 0, 4.32
2019/05/16 23:16:00, 24.25, 23.74, 23.57, 24.69, 22.98, 0, 0, 4.32
2019/05/16 23:17:00, 24.25, 23.76, 23.54, 24.64, 22.99, 0, 0, 4.32
2019/05/16 23:18:00, 24.25, 23.74, 23.57, 24.64, 23.00, 0, 0, 4.32
2019/05/16 23:19:00, 24.25, 23.74, 23.54, 24.62, 23.00, 0, 0, 4.32
2019/05/16 23:20:00, 24.25, 23.73, 23.57, 24.67, 23.02, 0, 0, 4.32
2019/05/16 23:21:00, 24.25, 23.74, 23.58, 24.67, 23.02, 0, 0, 4.32
2019/05/16 23:22:00, 24.25, 23.74, 23.56, 24.69, 23.04, 0, 0, 4.32
2019/05/16 23:23:00, 24.25, 23.73, 23.54, 24.73, 23.06, 0, 0, 4.32
2019/05/16 23:24:00, 24.25, 23.73, 23.54, 24.70, 23.07, 0, 0, 4.32
2019/05/16 23:25:00, 24.25, 23.73, 23.56, 24.74, 23.09, 0, 0, 4.32
2019/05/16 23:26:00, 24.25, 23.73, 23.56, 24.80, 23.13, 0, 0, 4.32
2019/05/16 23:27:00, 24.25, 23.74, 23.54, 24.73, 23.12, 0, 0, 4.32
2019/05/16 23:28:00, 24.25, 23.71, 23.54, 24.78, 23.12, 0, 0, 4.32
2019/05/16 23:29:00, 24.25, 23.74, 23.52, 24.76, 23.13, 0, 0, 4.32
2019/05/16 23:30:00, 24.25, 23.71, 23.53, 24.76, 23.12, 0, 0, 4.32
2019/05/16 23:31:00, 24.25, 23.73, 23.54, 24.80, 23.13, 0, 0, 4.32
2019/05/16 23:32:00, 24.25, 23.74, 23.54, 24.81, 23.14, 0, 0, 4.32
2019/05/16 23:33:00, 24.25, 23.73, 23.52, 24.82, 23.16, 0, 0, 4.32
2019/05/16 23:34:00, 24.25, 23.68, 23.54, 24.79, 23.16, 0, 0, 4.32
2019/05/16 23:35:00, 24.25, 23.73, 23.54, 24.78, 23.18, 0, 0, 4.32
2019/05/16 23:36:00, 24.25, 23.70, 23.53, 24.84, 23.19, 0, 0, 4.32
2019/05/16 23:37:00, 24.25, 23.73, 23.54, 24.86, 23.19, 0, 0, 4.32
2019/05/16 23:38:00, 24.25, 23.71, 23.52, 24.83, 23.20, 0, 0, 4.32
2019/05/16 23:39:00, 24.25, 23.68, 23.52, 24.89, 23.23, 0, 0, 4.32
2019/05/16 23:40:00, 24.25, 23.73, 23.53, 24.85, 23.23, 0, 0, 4.32
2019/05/16 23:41:00, 24.25, 23.70, 23.50, 24.89, 23.24, 0, 0, 4.32
2019/05/16 23:42:00, 24.25, 23.70, 23.53, 24.82, 23.23, 0, 0, 4.32
2019/05/16 23:43:00, 24.25, 23.71, 23.50, 24.86, 23.23, 0, 0, 4.32
2019/05/16 23:44:00, 24.25, 23.71, 23.52, 24.92, 23.25, 0, 0, 4.32
2019/05/16 23:45:00, 24.25, 23.67, 23.50, 24.89, 23.28, 0, 0, 4.32
2019/05/16 23:46:00, 24.25, 23.71, 23.51, 24.94, 23.29, 0, 0, 4.32
2019/05/16 23:47:00, 24.25, 23.73, 23.52, 24.91, 23.31, 0, 0, 4.32
