Data logger for tempereture and humidity.
Code, design, and soldering by Antti Mikkonen, a.mikkonen@iki.fi, 2019.
Based on open source projects and libraries. See source for details.
/home/ami/src/arduino/promini/logger_v8_ada/logger_v8_ada.ino
UTC time (year/month/date hour:minute:second), T RTC (C), T sht31 (C), T si7021 (C), RH sht31 (-), RH si7021 (-), heaterOn sht31 (bool),  heaterOn si7021 (bool), battery voltage (V)
2019/04/26 00:08:00, 24.25, 23.77, 23.59, 20.81, 18.89, 0, 0, 4.47
2019/04/26 00:09:00, 24.25, 23.79, 23.61, 20.83, 18.87, 0, 0, 4.47
2019/04/26 00:10:00, 24.25, 23.76, 23.59, 20.79, 18.90, 0, 0, 4.47
2019/04/26 00:11:00, 24.25, 23.76, 23.60, 20.84, 18.87, 0, 0, 4.47
2019/04/26 00:12:00, 24.25, 23.77, 23.59, 20.84, 18.91, 0, 0, 4.47
2019/04/26 00:13:00, 24.25, 23.79, 23.59, 20.81, 18.90, 0, 0, 4.47
2019/04/26 00:14:00, 24.25, 23.79, 23.60, 20.84, 18.91, 0, 0, 4.47
2019/04/26 00:15:00, 24.25, 23.80, 23.60, 20.84, 18.91, 0, 0, 4.47
2019/04/26 00:16:00, 24.25, 23.77, 23.60, 20.86, 18.91, 0, 0, 4.47
2019/04/26 00:17:00, 24.25, 23.79, 23.60, 20.84, 18.92, 0, 0, 4.47
2019/04/26 00:18:00, 24.25, 23.76, 23.60, 20.82, 18.92, 0, 0, 4.47
2019/04/26 00:19:00, 24.25, 23.77, 23.60, 20.84, 18.93, 0, 0, 4.47
2019/04/26 00:20:00, 24.25, 23.77, 23.61, 20.86, 18.92, 0, 0, 4.47
2019/04/26 00:21:00, 24.25, 23.77, 23.59, 20.84, 18.94, 0, 0, 4.47
2019/04/26 00:22:00, 24.25, 23.76, 23.57, 20.84, 18.94, 0, 0, 4.47
2019/04/26 00:23:00, 24.25, 23.76, 23.57, 20.82, 18.94, 0, 0, 4.47
2019/04/26 00:24:00, 24.25, 23.79, 23.59, 20.86, 18.95, 0, 0, 4.47
2019/04/26 00:25:00, 24.25, 23.79, 23.58, 20.86, 18.94, 0, 0, 4.47
2019/04/26 00:26:00, 24.25, 23.76, 23.59, 20.84, 18.94, 0, 0, 4.47
2019/04/26 00:27:00, 24.25, 23.76, 23.57, 20.84, 18.95, 0, 0, 4.47
2019/04/26 00:28:00, 24.25, 23.77, 23.58, 20.93, 18.95, 0, 0, 4.47
2019/04/26 00:29:00, 24.25, 23.77, 23.59, 20.90, 18.94, 0, 0, 4.47
2019/04/26 00:30:00, 24.25, 23.76, 23.59, 20.87, 18.97, 0, 0, 4.47
2019/04/26 00:31:00, 24.25, 23.74, 23.59, 20.90, 18.95, 0, 0, 4.47
2019/04/26 00:32:00, 24.25, 23.76, 23.57, 20.92, 18.97, 0, 0, 4.47
2019/04/26 00:33:00, 24.25, 23.77, 23.58, 20.91, 18.97, 0, 0, 4.47
2019/04/26 00:34:00, 24.25, 23.77, 23.59, 20.89, 18.99, 0, 0, 4.47
2019/04/26 00:35:00, 24.25, 23.76, 23.59, 20.91, 18.99, 0, 0, 4.47
2019/04/26 00:36:00, 24.25, 23.76, 23.57, 20.89, 18.98, 0, 0, 4.47
2019/04/26 00:37:00, 24.25, 23.76, 23.58, 20.93, 18.98, 0, 0, 4.47
2019/04/26 00:38:00, 24.25, 23.74, 23.57, 20.93, 19.01, 0, 0, 4.47
2019/04/26 00:39:00, 24.25, 23.77, 23.56, 20.95, 19.00, 0, 0, 4.47
2019/04/26 00:40:00, 24.00, 23.76, 23.59, 20.91, 19.02, 0, 0, 4.47
2019/04/26 00:41:00, 24.00, 23.74, 23.57, 20.92, 19.03, 0, 0, 4.47
2019/04/26 00:42:00, 24.00, 23.74, 23.56, 20.92, 19.04, 0, 0, 4.47
2019/04/26 00:43:00, 24.00, 23.77, 23.58, 20.95, 19.03, 0, 0, 4.47
2019/04/26 00:44:00, 24.25, 23.74, 23.57, 20.97, 19.03, 0, 0, 4.47
2019/04/26 00:45:00, 24.00, 23.74, 23.56, 20.95, 19.06, 0, 0, 4.47
2019/04/26 00:46:00, 24.00, 23.76, 23.58, 20.98, 19.03, 0, 0, 4.47
2019/04/26 00:47:00, 24.00, 23.77, 23.57, 20.93, 19.03, 0, 0, 4.47
2019/04/26 00:48:00, 24.00, 23.77, 23.56, 20.92, 19.03, 0, 0, 4.47
2019/04/26 00:49:00, 24.00, 23.73, 23.58, 20.93, 19.06, 0, 0, 4.47
2019/04/26 00:50:00, 24.00, 23.74, 23.56, 20.93, 19.05, 0, 0, 4.47
2019/04/26 00:51:00, 24.00, 23.74, 23.58, 20.98, 19.03, 0, 0, 4.47
2019/04/26 00:52:00, 24.00, 23.76, 23.57, 20.98, 19.06, 0, 0, 4.47
2019/04/26 00:53:00, 24.00, 23.73, 23.54, 21.02, 19.03, 0, 0, 4.47
2019/04/26 00:54:00, 24.00, 23.74, 23.53, 21.00, 19.05, 0, 0, 4.47
2019/04/26 00:55:00, 24.00, 23.71, 23.54, 21.02, 19.07, 0, 0, 4.47
2019/04/26 00:56:00, 24.00, 23.73, 23.54, 21.02, 19.07, 0, 0, 4.47
2019/04/26 00:57:00, 24.00, 23.73, 23.56, 21.05, 19.09, 0, 0, 4.47
2019/04/26 00:58:00, 24.00, 23.73, 23.54, 21.02, 19.07, 0, 0, 4.47
2019/04/26 00:59:00, 24.00, 23.71, 23.54, 21.03, 19.09, 0, 0, 4.47
2019/04/26 01:00:00, 24.00, 23.71, 23.56, 21.02, 19.08, 0, 0, 4.47
2019/04/26 01:01:00, 24.00, 23.71, 23.56, 20.97, 19.07, 0, 0, 4.47
2019/04/26 01:02:00, 24.00, 23.71, 23.54, 21.05, 19.07, 0, 0, 4.47
2019/04/26 01:03:00, 24.00, 23.71, 23.53, 20.97, 19.08, 0, 0, 4.47
2019/04/26 01:04:00, 24.00, 23.71, 23.56, 20.98, 19.08, 0, 0, 4.47
2019/04/26 01:05:00, 24.00, 23.73, 23.54, 21.04, 19.10, 0, 0, 4.47
2019/04/26 01:06:00, 24.00, 23.73, 23.57, 21.00, 19.10, 0, 0, 4.47
2019/04/26 01:07:00, 24.00, 23.73, 23.57, 20.97, 19.10, 0, 0, 4.47
2019/04/26 01:08:00, 24.00, 23.74, 23.56, 21.03, 19.10, 0, 0, 4.47
2019/04/26 01:09:00, 24.00, 23.73, 23.54, 21.00, 19.09, 0, 0, 4.47
2019/04/26 01:10:00, 24.00, 23.71, 23.53, 21.04, 19.09, 0, 0, 4.47
2019/04/26 01:11:00, 24.00, 23.74, 23.53, 21.05, 19.10, 0, 0, 4.47
2019/04/26 01:12:00, 24.00, 23.74, 23.53, 21.01, 19.11, 0, 0, 4.47
2019/04/26 01:13:00, 24.00, 23.73, 23.54, 21.08, 19.09, 0, 0, 4.47
2019/04/26 01:14:00, 24.00, 23.73, 23.56, 21.03, 19.11, 0, 0, 4.47
2019/04/26 01:15:00, 24.00, 23.73, 23.54, 20.97, 19.10, 0, 0, 4.47
2019/04/26 01:16:00, 24.00, 23.70, 23.53, 21.06, 19.10, 0, 0, 4.47
2019/04/26 01:17:00, 24.00, 23.73, 23.53, 21.04, 19.10, 0, 0, 4.47
2019/04/26 01:18:00, 24.00, 23.71, 23.54, 21.01, 19.12, 0, 0, 4.47
2019/04/26 01:19:00, 24.00, 23.73, 23.56, 21.03, 19.11, 0, 0, 4.47
2019/04/26 01:20:00, 24.00, 23.71, 23.53, 21.03, 19.11, 0, 0, 4.47
2019/04/26 01:21:00, 24.00, 23.71, 23.53, 21.08, 19.11, 0, 0, 4.47
2019/04/26 01:22:00, 24.00, 23.70, 23.54, 21.04, 19.12, 0, 0, 4.47
2019/04/26 01:23:00, 24.00, 23.70, 23.53, 21.06, 19.12, 0, 0, 4.47
2019/04/26 01:24:00, 24.00, 23.68, 23.52, 21.04, 19.12, 0, 0, 4.47
2019/04/26 01:25:00, 24.00, 23.71, 23.51, 21.04, 19.13, 0, 0, 4.47
2019/04/26 01:26:00, 24.00, 23.70, 23.51, 21.04, 19.12, 0, 0, 4.47
2019/04/26 01:27:00, 24.00, 23.73, 23.53, 21.03, 19.13, 0, 0, 4.47
2019/04/26 01:28:00, 24.00, 23.71, 23.52, 21.08, 19.15, 0, 0, 4.47
2019/04/26 01:29:00, 24.00, 23.73, 23.51, 21.05, 19.15, 0, 0, 4.47
2019/04/26 01:30:00, 24.00, 23.70, 23.52, 21.08, 19.15, 0, 0, 4.47
2019/04/26 01:31:00, 24.00, 23.68, 23.53, 21.06, 19.15, 0, 0, 4.47
2019/04/26 01:32:00, 24.00, 23.70, 23.52, 21.10, 19.14, 0, 0, 4.47
2019/04/26 01:33:00, 24.00, 23.70, 23.50, 21.08, 19.16, 0, 0, 4.47
2019/04/26 01:34:00, 24.00, 23.70, 23.51, 21.13, 19.16, 0, 0, 4.47
2019/04/26 01:35:00, 24.00, 23.68, 23.51, 21.10, 19.15, 0, 0, 4.47
2019/04/26 01:36:00, 24.00, 23.70, 23.51, 21.06, 19.15, 0, 0, 4.47
2019/04/26 01:37:00, 24.00, 23.68, 23.50, 21.08, 19.16, 0, 0, 4.47
2019/04/26 01:38:00, 24.00, 23.68, 23.53, 21.11, 19.16, 0, 0, 4.47
2019/04/26 01:39:00, 24.00, 23.70, 23.52, 21.10, 19.16, 0, 0, 4.47
2019/04/26 01:40:00, 24.00, 23.68, 23.52, 21.11, 19.17, 0, 0, 4.47
2019/04/26 01:41:00, 24.00, 23.68, 23.50, 21.10, 19.16, 0, 0, 4.47
2019/04/26 01:42:00, 24.00, 23.70, 23.50, 21.10, 19.18, 0, 0, 4.47
2019/04/26 01:43:00, 24.00, 23.68, 23.50, 21.16, 19.18, 0, 0, 4.47
2019/04/26 01:44:00, 24.00, 23.68, 23.50, 21.14, 19.19, 0, 0, 4.47
2019/04/26 01:45:00, 24.00, 23.70, 23.51, 21.11, 19.19, 0, 0, 4.47
2019/04/26 01:46:00, 24.00, 23.68, 23.53, 21.11, 19.19, 0, 0, 4.47
2019/04/26 01:47:00, 24.00, 23.68, 23.50, 21.13, 19.19, 0, 0, 4.47
2019/04/26 01:48:00, 24.00, 23.68, 23.50, 21.13, 19.22, 0, 0, 4.47
2019/04/26 01:49:00, 24.00, 23.67, 23.50, 21.13, 19.19, 0, 0, 4.47
2019/04/26 01:50:00, 24.00, 23.67, 23.50, 21.10, 19.21, 0, 0, 4.47
2019/04/26 01:51:00, 24.00, 23.68, 23.50, 21.11, 19.19, 0, 0, 4.47
2019/04/26 01:52:00, 24.00, 23.65, 23.50, 21.19, 19.21, 0, 0, 4.47
2019/04/26 01:53:00, 24.00, 23.67, 23.50, 21.17, 19.23, 0, 0, 4.47
2019/04/26 01:54:00, 24.00, 23.70, 23.49, 21.11, 19.22, 0, 0, 4.47
2019/04/26 01:55:00, 24.00, 23.68, 23.50, 21.11, 19.23, 0, 0, 4.47
2019/04/26 01:56:00, 24.00, 23.65, 23.50, 21.16, 19.23, 0, 0, 4.47
2019/04/26 01:57:00, 24.00, 23.65, 23.50, 21.14, 19.24, 0, 0, 4.47
2019/04/26 01:58:00, 24.00, 23.67, 23.49, 21.22, 19.23, 0, 0, 4.47
2019/04/26 01:59:00, 24.00, 23.68, 23.49, 21.21, 19.25, 0, 0, 4.47
2019/04/26 02:00:00, 24.00, 23.67, 23.46, 21.19, 19.25, 0, 0, 4.47
2019/04/26 02:01:00, 24.00, 23.65, 23.47, 21.22, 19.26, 0, 0, 4.47
2019/04/26 02:02:00, 24.00, 23.67, 23.48, 21.21, 19.24, 0, 0, 4.47
2019/04/26 02:03:00, 24.00, 23.67, 23.49, 21.21, 19.26, 0, 0, 4.47
2019/04/26 02:04:00, 24.00, 23.65, 23.48, 21.19, 19.28, 0, 0, 4.47
2019/04/26 02:05:00, 24.00, 23.65, 23.48, 21.19, 19.27, 0, 0, 4.47
2019/04/26 02:06:00, 24.00, 23.65, 23.46, 21.24, 19.26, 0, 0, 4.47
2019/04/26 02:07:00, 24.00, 23.64, 23.47, 21.24, 19.29, 0, 0, 4.47
2019/04/26 02:08:00, 24.00, 23.65, 23.47, 21.24, 19.29, 0, 0, 4.47
2019/04/26 02:09:00, 24.00, 23.68, 23.50, 21.21, 19.29, 0, 0, 4.47
2019/04/26 02:10:00, 24.00, 23.64, 23.47, 21.22, 19.29, 0, 0, 4.47
2019/04/26 02:11:00, 24.00, 23.63, 23.47, 21.19, 19.30, 0, 0, 4.47
2019/04/26 02:12:00, 24.00, 23.64, 23.46, 21.27, 19.31, 0, 0, 4.47
2019/04/26 02:13:00, 24.00, 23.67, 23.46, 21.21, 19.31, 0, 0, 4.47
2019/04/26 02:14:00, 24.00, 23.65, 23.46, 21.21, 19.31, 0, 0, 4.47
2019/04/26 02:15:00, 24.00, 23.64, 23.47, 21.25, 19.32, 0, 0, 4.47
2019/04/26 02:16:00, 24.00, 23.67, 23.47, 21.27, 19.33, 0, 0, 4.47
2019/04/26 02:17:00, 24.00, 23.65, 23.45, 21.24, 19.32, 0, 0, 4.47
2019/04/26 02:18:00, 24.00, 23.64, 23.46, 21.25, 19.33, 0, 0, 4.47
2019/04/26 02:19:00, 24.00, 23.65, 23.45, 21.24, 19.34, 0, 0, 4.47
2019/04/26 02:20:00, 24.00, 23.65, 23.46, 21.30, 19.35, 0, 0, 4.47
2019/04/26 02:21:00, 24.00, 23.64, 23.46, 21.24, 19.35, 0, 0, 4.47
2019/04/26 02:22:00, 24.00, 23.64, 23.46, 21.27, 19.34, 0, 0, 4.47
2019/04/26 02:23:00, 24.00, 23.64, 23.44, 21.29, 19.36, 0, 0, 4.47
2019/04/26 02:24:00, 24.00, 23.63, 23.45, 21.27, 19.36, 0, 0, 4.47
2019/04/26 02:25:00, 24.00, 23.65, 23.46, 21.30, 19.37, 0, 0, 4.47
2019/04/26 02:26:00, 24.00, 23.63, 23.47, 21.33, 19.38, 0, 0, 4.47
2019/04/26 02:27:00, 24.00, 23.63, 23.47, 21.35, 19.39, 0, 0, 4.47
2019/04/26 02:28:00, 24.00, 23.61, 23.47, 21.33, 19.39, 0, 0, 4.47
2019/04/26 02:29:00, 24.00, 23.63, 23.46, 21.32, 19.40, 0, 0, 4.47
2019/04/26 02:30:00, 24.00, 23.64, 23.48, 21.35, 19.40, 0, 0, 4.47
2019/04/26 02:31:00, 24.00, 23.65, 23.46, 21.30, 19.40, 0, 0, 4.47
2019/04/26 02:32:00, 24.00, 23.64, 23.48, 21.35, 19.40, 0, 0, 4.47
2019/04/26 02:33:00, 24.00, 23.65, 23.46, 21.38, 19.42, 0, 0, 4.47
2019/04/26 02:34:00, 24.00, 23.65, 23.45, 21.37, 19.41, 0, 0, 4.47
2019/04/26 02:35:00, 24.00, 23.64, 23.47, 21.33, 19.42, 0, 0, 4.47
2019/04/26 02:36:00, 24.00, 23.64, 23.46, 21.37, 19.42, 0, 0, 4.47
2019/04/26 02:37:00, 24.00, 23.64, 23.45, 21.37, 19.42, 0, 0, 4.47
2019/04/26 02:38:00, 24.00, 23.64, 23.47, 21.37, 19.43, 0, 0, 4.47
2019/04/26 02:39:00, 24.00, 23.65, 23.46, 21.38, 19.42, 0, 0, 4.47
2019/04/26 02:40:00, 24.00, 23.61, 23.45, 21.37, 19.44, 0, 0, 4.47
2019/04/26 02:41:00, 24.00, 23.61, 23.45, 21.38, 19.45, 0, 0, 4.47
2019/04/26 02:42:00, 24.00, 23.63, 23.45, 21.38, 19.45, 0, 0, 4.47
2019/04/26 02:43:00, 24.00, 23.64, 23.46, 21.38, 19.44, 0, 0, 4.47
2019/04/26 02:44:00, 24.00, 23.65, 23.45, 21.37, 19.46, 0, 0, 4.47
2019/04/26 02:45:00, 24.00, 23.61, 23.44, 21.41, 19.48, 0, 0, 4.47
2019/04/26 02:46:00, 24.00, 23.64, 23.45, 21.40, 19.45, 0, 0, 4.47
2019/04/26 02:47:00, 24.00, 23.61, 23.45, 21.38, 19.45, 0, 0, 4.47
2019/04/26 02:48:00, 24.00, 23.61, 23.45, 21.40, 19.48, 0, 0, 4.47
2019/04/26 02:49:00, 24.00, 23.63, 23.45, 21.42, 19.48, 0, 0, 4.47
2019/04/26 02:50:00, 24.00, 23.60, 23.45, 21.41, 19.48, 0, 0, 4.47
2019/04/26 02:51:00, 24.00, 23.63, 23.44, 21.40, 19.47, 0, 0, 4.47
2019/04/26 02:52:00, 24.00, 23.60, 23.44, 21.45, 19.49, 0, 0, 4.47
2019/04/26 02:53:00, 24.00, 23.63, 23.45, 21.41, 19.48, 0, 0, 4.47
2019/04/26 02:54:00, 24.00, 23.63, 23.44, 21.45, 19.48, 0, 0, 4.47
2019/04/26 02:55:00, 24.00, 23.63, 23.44, 21.41, 19.49, 0, 0, 4.47
2019/04/26 02:56:00, 24.00, 23.60, 23.44, 21.43, 19.48, 0, 0, 4.47
2019/04/26 02:57:00, 24.00, 23.61, 23.45, 21.46, 19.52, 0, 0, 4.47
2019/04/26 02:58:00, 24.00, 23.64, 23.43, 21.41, 19.49, 0, 0, 4.47
2019/04/26 02:59:00, 24.00, 23.59, 23.42, 21.43, 19.49, 0, 0, 4.47
2019/04/26 03:00:00, 24.00, 23.59, 23.42, 21.43, 19.50, 0, 0, 4.47
2019/04/26 03:01:00, 24.00, 23.59, 23.43, 21.48, 19.52, 0, 0, 4.47
2019/04/26 03:02:00, 24.00, 23.59, 23.41, 21.49, 19.53, 0, 0, 4.47
2019/04/26 03:03:00, 24.00, 23.64, 23.42, 21.48, 19.52, 0, 0, 4.47
2019/04/26 03:04:00, 24.00, 23.63, 23.41, 21.45, 19.52, 0, 0, 4.47
2019/04/26 03:05:00, 24.00, 23.59, 23.43, 21.48, 19.52, 0, 0, 4.47
2019/04/26 03:06:00, 24.00, 23.59, 23.42, 21.46, 19.53, 0, 0, 4.47
2019/04/26 03:07:00, 24.00, 23.60, 23.41, 21.43, 19.52, 0, 0, 4.47
2019/04/26 03:08:00, 24.00, 23.60, 23.45, 21.48, 19.53, 0, 0, 4.47
2019/04/26 03:09:00, 24.00, 23.57, 23.42, 21.46, 19.53, 0, 0, 4.47
2019/04/26 03:10:00, 24.00, 23.59, 23.39, 21.48, 19.54, 0, 0, 4.47
2019/04/26 03:11:00, 24.00, 23.61, 23.41, 21.45, 19.53, 0, 0, 4.47
2019/04/26 03:12:00, 24.00, 23.57, 23.39, 21.56, 19.54, 0, 0, 4.47
2019/04/26 03:13:00, 24.00, 23.59, 23.42, 21.46, 19.55, 0, 0, 4.47
2019/04/26 03:14:00, 24.00, 23.59, 23.42, 21.45, 19.55, 0, 0, 4.47
2019/04/26 03:15:00, 24.00, 23.59, 23.41, 21.50, 19.55, 0, 0, 4.47
2019/04/26 03:16:00, 24.00, 23.59, 23.42, 21.52, 19.56, 0, 0, 4.47
2019/04/26 03:17:00, 24.00, 23.59, 23.42, 21.50, 19.55, 0, 0, 4.47
2019/04/26 03:18:00, 24.00, 23.59, 23.39, 21.48, 19.55, 0, 0, 4.47
2019/04/26 03:19:00, 24.00, 23.57, 23.41, 21.56, 19.56, 0, 0, 4.47
2019/04/26 03:20:00, 24.00, 23.57, 23.42, 21.51, 19.57, 0, 0, 4.47
2019/04/26 03:21:00, 24.00, 23.59, 23.41, 21.52, 19.57, 0, 0, 4.47
2019/04/26 03:22:00, 24.00, 23.60, 23.39, 21.53, 19.58, 0, 0, 4.47
2019/04/26 03:23:00, 24.00, 23.56, 23.41, 21.52, 19.58, 0, 0, 4.47
2019/04/26 03:24:00, 24.00, 23.59, 23.41, 21.54, 19.59, 0, 0, 4.47
2019/04/26 03:25:00, 24.00, 23.61, 23.39, 21.51, 19.59, 0, 0, 4.47
2019/04/26 03:26:00, 24.00, 23.56, 23.39, 21.49, 19.58, 0, 0, 4.47
2019/04/26 03:27:00, 24.00, 23.54, 23.39, 21.59, 19.61, 0, 0, 4.47
2019/04/26 03:28:00, 24.00, 23.57, 23.39, 21.54, 19.60, 0, 0, 4.47
2019/04/26 03:29:00, 24.00, 23.59, 23.38, 21.54, 19.61, 0, 0, 4.47
2019/04/26 03:30:00, 24.00, 23.57, 23.39, 21.56, 19.60, 0, 0, 4.47
2019/04/26 03:31:00, 24.00, 23.59, 23.39, 21.54, 19.58, 0, 0, 4.47
2019/04/26 03:32:00, 24.00, 23.57, 23.39, 21.57, 19.60, 0, 0, 4.47
2019/04/26 03:33:00, 24.00, 23.57, 23.39, 21.57, 19.60, 0, 0, 4.47
2019/04/26 03:34:00, 24.00, 23.57, 23.39, 21.57, 19.61, 0, 0, 4.47
2019/04/26 03:35:00, 24.00, 23.57, 23.38, 21.57, 19.61, 0, 0, 4.47
2019/04/26 03:36:00, 24.00, 23.60, 23.37, 21.54, 19.58, 0, 0, 4.47
2019/04/26 03:37:00, 24.00, 23.56, 23.38, 21.56, 19.61, 0, 0, 4.47
2019/04/26 03:38:00, 24.00, 23.59, 23.41, 21.54, 19.61, 0, 0, 4.47
2019/04/26 03:39:00, 24.00, 23.57, 23.39, 21.60, 19.62, 0, 0, 4.47
2019/04/26 03:40:00, 24.00, 23.57, 23.37, 21.57, 19.61, 0, 0, 4.47
2019/04/26 03:41:00, 24.00, 23.56, 23.39, 21.56, 19.61, 0, 0, 4.47
2019/04/26 03:42:00, 24.00, 23.56, 23.36, 21.57, 19.62, 0, 0, 4.47
2019/04/26 03:43:00, 24.00, 23.57, 23.41, 21.56, 19.64, 0, 0, 4.47
2019/04/26 03:44:00, 24.00, 23.56, 23.38, 21.61, 19.62, 0, 0, 4.47
2019/04/26 03:45:00, 24.00, 23.54, 23.37, 21.57, 19.65, 0, 0, 4.47
2019/04/26 03:46:00, 24.00, 23.57, 23.38, 21.64, 19.65, 0, 0, 4.47
2019/04/26 03:47:00, 24.00, 23.59, 23.37, 21.62, 19.65, 0, 0, 4.47
2019/04/26 03:48:00, 24.00, 23.56, 23.37, 21.59, 19.65, 0, 0, 4.47
2019/04/26 03:49:00, 24.00, 23.56, 23.37, 21.57, 19.65, 0, 0, 4.47
2019/04/26 03:50:00, 24.00, 23.54, 23.37, 21.64, 19.66, 0, 0, 4.47
2019/04/26 03:51:00, 24.00, 23.54, 23.37, 21.59, 19.67, 0, 0, 4.47
2019/04/26 03:52:00, 24.00, 23.56, 23.35, 21.59, 19.68, 0, 0, 4.47
2019/04/26 03:53:00, 24.00, 23.56, 23.37, 21.57, 19.68, 0, 0, 4.47
2019/04/26 03:54:00, 24.00, 23.57, 23.36, 21.62, 19.68, 0, 0, 4.47
2019/04/26 03:55:00, 24.00, 23.57, 23.38, 21.62, 19.69, 0, 0, 4.47
2019/04/26 03:56:00, 24.00, 23.56, 23.38, 21.62, 19.68, 0, 0, 4.47
2019/04/26 03:57:00, 24.00, 23.57, 23.38, 21.64, 19.68, 0, 0, 4.47
2019/04/26 03:58:00, 24.00, 23.59, 23.37, 21.62, 19.69, 0, 0, 4.47
2019/04/26 03:59:00, 24.00, 23.57, 23.39, 21.60, 19.68, 0, 0, 4.47
2019/04/26 04:00:00, 24.00, 23.56, 23.37, 21.60, 19.68, 0, 0, 4.47
2019/04/26 04:01:00, 24.00, 23.57, 23.37, 21.62, 19.69, 0, 0, 4.47
2019/04/26 04:02:00, 23.75, 23.53, 23.37, 21.65, 19.72, 0, 0, 4.47
2019/04/26 04:03:00, 24.00, 23.54, 23.37, 21.64, 19.71, 0, 0, 4.47
2019/04/26 04:04:00, 24.00, 23.54, 23.37, 21.68, 19.71, 0, 0, 4.47
2019/04/26 04:05:00, 24.00, 23.53, 23.37, 21.69, 19.72, 0, 0, 4.47
2019/04/26 04:06:00, 24.00, 23.53, 23.38, 21.67, 19.72, 0, 0, 4.47
2019/04/26 04:07:00, 24.00, 23.56, 23.36, 21.68, 19.74, 0, 0, 4.47
2019/04/26 04:08:00, 24.00, 23.57, 23.37, 21.62, 19.74, 0, 0, 4.47
2019/04/26 04:09:00, 24.00, 23.54, 23.37, 21.67, 19.71, 0, 0, 4.47
2019/04/26 04:10:00, 24.00, 23.56, 23.37, 21.68, 19.73, 0, 0, 4.47
2019/04/26 04:11:00, 24.00, 23.56, 23.38, 21.70, 19.74, 0, 0, 4.47
2019/04/26 04:12:00, 23.75, 23.56, 23.37, 21.70, 19.74, 0, 0, 4.47
2019/04/26 04:13:00, 24.00, 23.57, 23.37, 21.65, 19.74, 0, 0, 4.47
2019/04/26 04:14:00, 23.75, 23.56, 23.37, 21.73, 19.76, 0, 0, 4.47
2019/04/26 04:15:00, 24.00, 23.54, 23.38, 21.67, 19.76, 0, 0, 4.47
2019/04/26 04:16:00, 23.75, 23.57, 23.35, 21.70, 19.74, 0, 0, 4.47
2019/04/26 04:17:00, 23.75, 23.57, 23.38, 21.72, 19.77, 0, 0, 4.47
2019/04/26 04:18:00, 24.00, 23.56, 23.37, 21.70, 19.77, 0, 0, 4.47
2019/04/26 04:19:00, 24.00, 23.57, 23.39, 21.69, 19.76, 0, 0, 4.47
2019/04/26 04:20:00, 23.75, 23.56, 23.39, 21.72, 19.77, 0, 0, 4.47
2019/04/26 04:21:00, 23.75, 23.57, 23.41, 21.72, 19.77, 0, 0, 4.47
2019/04/26 04:22:00, 23.75, 23.59, 23.38, 21.70, 19.76, 0, 0, 4.47
2019/04/26 04:23:00, 24.00, 23.59, 23.41, 21.72, 19.76, 0, 0, 4.47
2019/04/26 04:24:00, 24.00, 23.59, 23.41, 21.65, 19.77, 0, 0, 4.47
2019/04/26 04:25:00, 24.00, 23.56, 23.39, 21.72, 19.77, 0, 0, 4.47
2019/04/26 04:26:00, 24.00, 23.57, 23.41, 21.70, 19.77, 0, 0, 4.47
2019/04/26 04:27:00, 23.75, 23.60, 23.37, 21.67, 19.77, 0, 0, 4.47
2019/04/26 04:28:00, 24.00, 23.56, 23.41, 21.74, 19.77, 0, 0, 4.47
2019/04/26 04:29:00, 24.00, 23.56, 23.37, 21.72, 19.77, 0, 0, 4.47
2019/04/26 04:30:00, 24.00, 23.59, 23.37, 21.70, 19.78, 0, 0, 4.47
2019/04/26 04:31:00, 23.75, 23.54, 23.37, 21.74, 19.77, 0, 0, 4.47
2019/04/26 04:32:00, 23.75, 23.59, 23.37, 21.73, 19.80, 0, 0, 4.47
2019/04/26 04:33:00, 24.00, 23.57, 23.37, 21.80, 19.81, 0, 0, 4.47
2019/04/26 04:34:00, 23.75, 23.57, 23.36, 21.75, 19.81, 0, 0, 4.47
2019/04/26 04:35:00, 24.00, 23.56, 23.37, 21.77, 19.80, 0, 0, 4.47
2019/04/26 04:36:00, 23.75, 23.54, 23.38, 21.77, 19.78, 0, 0, 4.47
2019/04/26 04:37:00, 23.75, 23.57, 23.37, 21.81, 19.81, 0, 0, 4.47
2019/04/26 04:38:00, 23.75, 23.56, 23.36, 21.75, 19.81, 0, 0, 4.47
2019/04/26 04:39:00, 23.75, 23.56, 23.36, 21.75, 19.81, 0, 0, 4.47
2019/04/26 04:40:00, 23.75, 23.54, 23.39, 21.74, 19.78, 0, 0, 4.47
2019/04/26 04:41:00, 23.75, 23.57, 23.37, 21.74, 19.79, 0, 0, 4.47
2019/04/26 04:42:00, 24.00, 23.56, 23.38, 21.77, 19.82, 0, 0, 4.47
2019/04/26 04:43:00, 23.75, 23.56, 23.38, 21.73, 19.80, 0, 0, 4.47
2019/04/26 04:44:00, 23.75, 23.56, 23.37, 21.75, 19.81, 0, 0, 4.47
2019/04/26 04:45:00, 23.75, 23.56, 23.38, 21.80, 19.82, 0, 0, 4.47
2019/04/26 04:46:00, 23.75, 23.60, 23.37, 21.80, 19.82, 0, 0, 4.47
2019/04/26 04:47:00, 23.75, 23.57, 23.37, 21.75, 19.81, 0, 0, 4.47
2019/04/26 04:48:00, 23.75, 23.54, 23.36, 21.77, 19.82, 0, 0, 4.47
2019/04/26 04:49:00, 23.75, 23.56, 23.36, 21.77, 19.81, 0, 0, 4.47
2019/04/26 04:50:00, 23.75, 23.56, 23.37, 21.80, 19.82, 0, 0, 4.47
2019/04/26 04:51:00, 23.75, 23.53, 23.36, 21.75, 19.83, 0, 0, 4.47
2019/04/26 04:52:00, 23.75, 23.54, 23.36, 21.75, 19.83, 0, 0, 4.47
2019/04/26 04:53:00, 23.75, 23.53, 23.37, 21.77, 19.84, 0, 0, 4.47
2019/04/26 04:54:00, 23.75, 23.53, 23.35, 21.80, 19.83, 0, 0, 4.47
2019/04/26 04:55:00, 23.75, 23.56, 23.37, 21.78, 19.84, 0, 0, 4.47
2019/04/26 04:56:00, 23.75, 23.57, 23.37, 21.76, 19.83, 0, 0, 4.47
2019/04/26 04:57:00, 23.75, 23.52, 23.34, 21.78, 19.83, 0, 0, 4.47
2019/04/26 04:58:00, 23.75, 23.56, 23.37, 21.81, 19.84, 0, 0, 4.47
2019/04/26 04:59:00, 23.75, 23.56, 23.37, 21.78, 19.84, 0, 0, 4.47
2019/04/26 05:00:00, 23.75, 23.52, 23.37, 21.78, 19.83, 0, 0, 4.47
2019/04/26 05:01:00, 23.75, 23.57, 23.34, 21.81, 19.83, 0, 0, 4.47
2019/04/26 05:02:00, 23.75, 23.54, 23.36, 21.80, 19.84, 0, 0, 4.47
2019/04/26 05:03:00, 23.75, 23.53, 23.35, 21.77, 19.84, 0, 0, 4.47
2019/04/26 05:04:00, 23.75, 23.53, 23.36, 21.77, 19.84, 0, 0, 4.47
2019/04/26 05:05:00, 23.75, 23.54, 23.34, 21.85, 19.85, 0, 0, 4.47
2019/04/26 05:06:00, 23.75, 23.54, 23.36, 21.80, 19.83, 0, 0, 4.47
2019/04/26 05:07:00, 23.75, 23.52, 23.35, 21.77, 19.84, 0, 0, 4.47
2019/04/26 05:08:00, 23.75, 23.52, 23.35, 21.76, 19.83, 0, 0, 4.47
2019/04/26 05:09:00, 23.75, 23.53, 23.33, 21.75, 19.84, 0, 0, 4.47
2019/04/26 05:10:00, 23.75, 23.53, 23.37, 21.80, 19.85, 0, 0, 4.47
2019/04/26 05:11:00, 23.75, 23.54, 23.36, 21.81, 19.87, 0, 0, 4.47
2019/04/26 05:12:00, 23.75, 23.53, 23.37, 21.78, 19.83, 0, 0, 4.47
2019/04/26 05:13:00, 23.75, 23.54, 23.34, 21.73, 19.83, 0, 0, 4.47
2019/04/26 05:14:00, 23.75, 23.53, 23.35, 21.80, 19.85, 0, 0, 4.47
2019/04/26 05:15:00, 23.75, 23.53, 23.37, 21.80, 19.85, 0, 0, 4.47
2019/04/26 05:16:00, 23.75, 23.54, 23.36, 21.80, 19.85, 0, 0, 4.47
2019/04/26 05:17:00, 23.75, 23.57, 23.37, 21.80, 19.85, 0, 0, 4.47
2019/04/26 05:18:00, 23.75, 23.54, 23.37, 21.80, 19.84, 0, 0, 4.47
2019/04/26 05:19:00, 23.75, 23.54, 23.37, 21.80, 19.85, 0, 0, 4.47
2019/04/26 05:20:00, 23.75, 23.53, 23.35, 21.86, 19.84, 0, 0, 4.47
2019/04/26 05:21:00, 23.75, 23.53, 23.36, 21.78, 19.86, 0, 0, 4.47
2019/04/26 05:22:00, 23.75, 23.52, 23.36, 21.77, 19.84, 0, 0, 4.47
2019/04/26 05:23:00, 23.75, 23.53, 23.36, 21.76, 19.81, 0, 0, 4.47
2019/04/26 05:24:00, 23.75, 23.54, 23.37, 21.81, 19.84, 0, 0, 4.47
2019/04/26 05:25:00, 23.75, 23.54, 23.36, 21.76, 19.84, 0, 0, 4.47
2019/04/26 05:26:00, 23.75, 23.54, 23.37, 21.75, 19.84, 0, 0, 4.47
2019/04/26 05:27:00, 23.75, 23.52, 23.36, 21.76, 19.84, 0, 0, 4.47
2019/04/26 05:28:00, 23.75, 23.54, 23.35, 21.80, 19.84, 0, 0, 4.47
2019/04/26 05:29:00, 23.75, 23.53, 23.37, 21.80, 19.86, 0, 0, 4.47
2019/04/26 05:30:00, 23.75, 23.56, 23.35, 21.80, 19.84, 0, 0, 4.47
2019/04/26 05:31:00, 23.75, 23.53, 23.36, 21.78, 19.84, 0, 0, 4.47
2019/04/26 05:32:00, 23.75, 23.53, 23.35, 21.83, 19.85, 0, 0, 4.47
2019/04/26 05:33:00, 23.75, 23.52, 23.35, 21.81, 19.86, 0, 0, 4.47
2019/04/26 05:34:00, 23.75, 23.53, 23.35, 21.83, 19.87, 0, 0, 4.47
2019/04/26 05:35:00, 23.75, 23.53, 23.35, 21.83, 19.87, 0, 0, 4.47
2019/04/26 05:36:00, 23.75, 23.53, 23.37, 21.78, 19.87, 0, 0, 4.47
2019/04/26 05:37:00, 23.75, 23.54, 23.35, 21.81, 19.87, 0, 0, 4.47
2019/04/26 05:38:00, 23.75, 23.54, 23.35, 21.83, 19.85, 0, 0, 4.47
2019/04/26 05:39:00, 23.75, 23.54, 23.35, 21.81, 19.87, 0, 0, 4.47
2019/04/26 05:40:00, 23.75, 23.54, 23.37, 21.83, 19.84, 0, 0, 4.47
2019/04/26 05:41:00, 23.75, 23.56, 23.37, 21.85, 19.86, 0, 0, 4.47
2019/04/26 05:42:00, 23.75, 23.53, 23.36, 21.78, 19.85, 0, 0, 4.47
2019/04/26 05:43:00, 23.75, 23.54, 23.33, 21.78, 19.86, 0, 0, 4.47
2019/04/26 05:44:00, 23.75, 23.54, 23.36, 21.80, 19.86, 0, 0, 4.47
2019/04/26 05:45:00, 23.75, 23.53, 23.35, 21.85, 19.85, 0, 0, 4.47
2019/04/26 05:46:00, 23.75, 23.54, 23.35, 21.85, 19.87, 0, 0, 4.47
2019/04/26 05:47:00, 23.75, 23.54, 23.37, 21.81, 19.87, 0, 0, 4.47
2019/04/26 05:48:00, 23.75, 23.53, 23.35, 21.80, 19.88, 0, 0, 4.47
2019/04/26 05:49:00, 23.75, 23.54, 23.35, 21.83, 19.89, 0, 0, 4.47
2019/04/26 05:50:00, 23.75, 23.54, 23.37, 21.83, 19.88, 0, 0, 4.47
2019/04/26 05:51:00, 23.75, 23.57, 23.36, 21.81, 19.88, 0, 0, 4.47
2019/04/26 05:52:00, 23.75, 23.53, 23.37, 21.80, 19.87, 0, 0, 4.47
2019/04/26 05:53:00, 23.75, 23.53, 23.35, 21.81, 19.87, 0, 0, 4.47
2019/04/26 05:54:00, 23.75, 23.54, 23.34, 21.85, 19.90, 0, 0, 4.47
2019/04/26 05:55:00, 23.75, 23.52, 23.36, 21.88, 19.89, 0, 0, 4.47
2019/04/26 05:56:00, 23.75, 23.54, 23.34, 21.81, 19.89, 0, 0, 4.47
2019/04/26 05:57:00, 23.75, 23.53, 23.34, 21.86, 19.91, 0, 0, 4.47
2019/04/26 05:58:00, 23.75, 23.53, 23.36, 21.89, 19.90, 0, 0, 4.47
2019/04/26 05:59:00, 23.75, 23.54, 23.35, 21.88, 19.90, 0, 0, 4.47
2019/04/26 06:00:00, 23.75, 23.54, 23.35, 21.80, 19.90, 0, 0, 4.47
2019/04/26 06:01:00, 23.75, 23.52, 23.32, 21.86, 19.88, 0, 0, 4.47
2019/04/26 06:02:00, 23.75, 23.53, 23.35, 21.85, 19.90, 0, 0, 4.47
2019/04/26 06:03:00, 23.75, 23.53, 23.34, 21.91, 19.91, 0, 0, 4.47
2019/04/26 06:04:00, 23.75, 23.54, 23.34, 21.86, 19.91, 0, 0, 4.47
2019/04/26 06:05:00, 23.75, 23.53, 23.35, 21.88, 19.90, 0, 0, 4.47
2019/04/26 06:06:00, 23.75, 23.52, 23.35, 21.86, 19.93, 0, 0, 4.47
2019/04/26 06:07:00, 23.75, 23.53, 23.37, 21.91, 19.93, 0, 0, 4.47
2019/04/26 06:08:00, 23.75, 23.52, 23.35, 21.86, 19.93, 0, 0, 4.47
2019/04/26 06:09:00, 23.75, 23.52, 23.34, 21.89, 19.91, 0, 0, 4.47
2019/04/26 06:10:00, 23.75, 23.54, 23.34, 21.88, 19.92, 0, 0, 4.47
2019/04/26 06:11:00, 23.75, 23.53, 23.34, 21.83, 19.90, 0, 0, 4.47
2019/04/26 06:12:00, 23.75, 23.54, 23.34, 21.86, 19.91, 0, 0, 4.47
2019/04/26 06:13:00, 23.75, 23.53, 23.34, 21.91, 19.92, 0, 0, 4.47
2019/04/26 06:14:00, 23.75, 23.53, 23.35, 21.94, 19.94, 0, 0, 4.47
2019/04/26 06:15:00, 23.75, 23.50, 23.36, 21.89, 19.93, 0, 0, 4.47
2019/04/26 06:16:00, 23.75, 23.54, 23.35, 21.85, 19.93, 0, 0, 4.47
2019/04/26 06:17:00, 23.75, 23.53, 23.35, 21.89, 19.93, 0, 0, 4.47
2019/04/26 06:18:00, 23.75, 23.53, 23.34, 21.89, 19.93, 0, 0, 4.47
2019/04/26 06:19:00, 23.75, 23.53, 23.34, 21.93, 19.94, 0, 0, 4.47
2019/04/26 06:20:00, 23.75, 23.56, 23.35, 21.93, 19.93, 0, 0, 4.47
2019/04/26 06:21:00, 23.75, 23.53, 23.35, 21.88, 19.93, 0, 0, 4.47
2019/04/26 06:22:00, 23.75, 23.54, 23.35, 21.91, 19.93, 0, 0, 4.47
2019/04/26 06:23:00, 23.75, 23.53, 23.36, 21.91, 19.94, 0, 0, 4.47
2019/04/26 06:24:00, 23.75, 23.56, 23.35, 21.91, 19.95, 0, 0, 4.47
2019/04/26 06:25:00, 23.75, 23.54, 23.35, 21.91, 19.96, 0, 0, 4.47
2019/04/26 06:26:00, 23.75, 23.54, 23.35, 21.93, 19.94, 0, 0, 4.47
2019/04/26 06:27:00, 23.75, 23.52, 23.33, 21.94, 19.97, 0, 0, 4.47
2019/04/26 06:28:00, 23.75, 23.54, 23.34, 21.86, 19.98, 0, 0, 4.47
2019/04/26 06:29:00, 23.75, 23.53, 23.35, 21.86, 19.97, 0, 0, 4.47
2019/04/26 06:30:00, 23.75, 23.56, 23.35, 21.91, 19.98, 0, 0, 4.47
2019/04/26 06:31:00, 23.75, 23.54, 23.37, 21.93, 19.98, 0, 0, 4.47
2019/04/26 06:32:00, 23.75, 23.54, 23.37, 21.88, 19.98, 0, 0, 4.47
2019/04/26 06:33:00, 23.75, 23.53, 23.37, 21.95, 19.97, 0, 0, 4.47
2019/04/26 06:34:00, 23.75, 23.54, 23.37, 21.91, 19.97, 0, 0, 4.47
2019/04/26 06:35:00, 23.75, 23.53, 23.35, 21.90, 19.94, 0, 0, 4.47
2019/04/26 06:36:00, 23.75, 23.54, 23.36, 21.96, 19.97, 0, 0, 4.47
2019/04/26 06:37:00, 23.75, 23.56, 23.37, 21.99, 19.98, 0, 0, 4.47
2019/04/26 06:38:00, 23.75, 23.54, 23.35, 21.98, 19.98, 0, 0, 4.47
2019/04/26 06:39:00, 23.75, 23.54, 23.37, 21.99, 19.98, 0, 0, 4.47
2019/04/26 06:40:00, 23.75, 23.56, 23.37, 21.96, 19.99, 0, 0, 4.47
2019/04/26 06:41:00, 23.75, 23.54, 23.35, 21.97, 20.00, 0, 0, 4.47
2019/04/26 06:42:00, 23.75, 23.54, 23.37, 21.96, 20.00, 0, 0, 4.47
2019/04/26 06:43:00, 23.75, 23.53, 23.37, 21.93, 19.99, 0, 0, 4.47
2019/04/26 06:44:00, 23.75, 23.56, 23.34, 21.91, 20.00, 0, 0, 4.47
2019/04/26 06:45:00, 23.75, 23.54, 23.37, 21.93, 20.00, 0, 0, 4.47
2019/04/26 06:46:00, 23.75, 23.56, 23.37, 21.98, 20.00, 0, 0, 4.47
2019/04/26 06:47:00, 23.75, 23.56, 23.38, 22.01, 20.00, 0, 0, 4.47
2019/04/26 06:48:00, 23.75, 23.57, 23.36, 21.96, 20.01, 0, 0, 4.47
2019/04/26 06:49:00, 23.75, 23.56, 23.38, 21.96, 20.00, 0, 0, 4.47
2019/04/26 06:50:00, 23.75, 23.56, 23.41, 21.95, 20.01, 0, 0, 4.47
2019/04/26 06:51:00, 23.75, 23.57, 23.38, 21.90, 20.00, 0, 0, 4.47
2019/04/26 06:52:00, 23.75, 23.57, 23.38, 21.96, 20.00, 0, 0, 4.47
2019/04/26 06:53:00, 23.75, 23.59, 23.37, 21.95, 20.01, 0, 0, 4.47
2019/04/26 06:54:00, 23.75, 23.56, 23.37, 21.99, 20.02, 0, 0, 4.47
2019/04/26 06:55:00, 23.75, 23.57, 23.36, 21.98, 20.01, 0, 0, 4.47
2019/04/26 06:56:00, 23.75, 23.56, 23.39, 21.98, 20.03, 0, 0, 4.47
2019/04/26 06:57:00, 23.75, 23.56, 23.37, 21.93, 20.01, 0, 0, 4.47
2019/04/26 06:58:00, 23.75, 23.57, 23.36, 21.98, 20.03, 0, 0, 4.47
2019/04/26 06:59:00, 23.75, 23.57, 23.37, 22.04, 20.03, 0, 0, 4.47
2019/04/26 07:00:00, 23.75, 23.57, 23.37, 21.99, 20.05, 0, 0, 4.47
2019/04/26 07:01:00, 23.75, 23.56, 23.38, 21.99, 20.04, 0, 0, 4.47
2019/04/26 07:02:00, 23.75, 23.57, 23.38, 22.03, 20.05, 0, 0, 4.47
2019/04/26 07:03:00, 23.75, 23.60, 23.39, 21.96, 20.04, 0, 0, 4.47
2019/04/26 07:04:00, 23.75, 23.59, 23.37, 22.01, 20.05, 0, 0, 4.47
2019/04/26 07:05:00, 23.75, 23.59, 23.39, 22.00, 20.03, 0, 0, 4.47
2019/04/26 07:06:00, 23.75, 23.57, 23.39, 21.96, 20.02, 0, 0, 4.47
2019/04/26 07:07:00, 23.75, 23.57, 23.39, 21.96, 20.03, 0, 0, 4.47
2019/04/26 07:08:00, 23.75, 23.57, 23.39, 22.03, 20.03, 0, 0, 4.47
2019/04/26 07:09:00, 23.75, 23.56, 23.39, 21.99, 20.05, 0, 0, 4.47
2019/04/26 07:10:00, 23.75, 23.57, 23.36, 21.96, 20.05, 0, 0, 4.47
2019/04/26 07:11:00, 23.75, 23.57, 23.39, 21.98, 20.04, 0, 0, 4.47
2019/04/26 07:12:00, 23.75, 23.57, 23.38, 21.99, 20.05, 0, 0, 4.47
2019/04/26 07:13:00, 23.75, 23.57, 23.38, 22.03, 20.04, 0, 0, 4.47
2019/04/26 07:14:00, 23.75, 23.60, 23.37, 22.00, 20.06, 0, 0, 4.47
2019/04/26 07:15:00, 23.75, 23.59, 23.39, 21.99, 20.05, 0, 0, 4.47
2019/04/26 07:16:00, 23.75, 23.60, 23.41, 22.07, 20.06, 0, 0, 4.47
2019/04/26 07:17:00, 23.75, 23.59, 23.39, 22.03, 20.06, 0, 0, 4.47
2019/04/26 07:18:00, 23.75, 23.60, 23.41, 22.01, 20.05, 0, 0, 4.47
2019/04/26 07:19:00, 23.75, 23.59, 23.41, 22.03, 20.06, 0, 0, 4.47
2019/04/26 07:20:00, 23.75, 23.61, 23.39, 22.00, 20.06, 0, 0, 4.47
2019/04/26 07:21:00, 23.75, 23.59, 23.42, 22.00, 20.04, 0, 0, 4.47
2019/04/26 07:22:00, 23.75, 23.59, 23.38, 22.03, 20.05, 0, 0, 4.47
2019/04/26 07:23:00, 23.75, 23.59, 23.41, 22.00, 20.05, 0, 0, 4.47
2019/04/26 07:24:00, 23.75, 23.60, 23.39, 22.04, 20.06, 0, 0, 4.47
2019/04/26 07:25:00, 23.75, 23.59, 23.41, 22.01, 20.06, 0, 0, 4.47
2019/04/26 07:26:00, 23.75, 23.57, 23.39, 22.01, 20.06, 0, 0, 4.47
2019/04/26 07:27:00, 23.75, 23.59, 23.41, 22.01, 20.06, 0, 0, 4.47
2019/04/26 07:28:00, 23.75, 23.59, 23.41, 22.04, 20.06, 0, 0, 4.47
2019/04/26 07:29:00, 23.75, 23.59, 23.38, 22.04, 20.06, 0, 0, 4.47
2019/04/26 07:30:00, 23.75, 23.60, 23.39, 22.06, 20.07, 0, 0, 4.47
2019/04/26 07:31:00, 23.75, 23.59, 23.39, 22.03, 20.06, 0, 0, 4.47
2019/04/26 07:32:00, 23.75, 23.60, 23.38, 22.04, 20.07, 0, 0, 4.47
2019/04/26 07:33:00, 23.75, 23.57, 23.39, 22.00, 20.07, 0, 0, 4.47
2019/04/26 07:34:00, 23.75, 23.57, 23.39, 22.03, 20.05, 0, 0, 4.47
2019/04/26 07:35:00, 23.75, 23.57, 23.37, 22.07, 20.06, 0, 0, 4.47
2019/04/26 07:36:00, 23.75, 23.57, 23.37, 22.10, 20.09, 0, 0, 4.47
2019/04/26 07:37:00, 23.75, 23.54, 23.38, 22.12, 20.12, 0, 0, 4.47
2019/04/26 07:38:00, 23.75, 23.56, 23.35, 22.12, 20.13, 0, 0, 4.47
2019/04/26 07:39:00, 23.75, 23.56, 23.35, 22.13, 20.16, 0, 0, 4.47
2019/04/26 07:40:00, 23.75, 23.52, 23.37, 22.11, 20.16, 0, 0, 4.47
2019/04/26 07:41:00, 23.75, 23.53, 23.36, 22.14, 20.17, 0, 0, 4.47
2019/04/26 07:42:00, 23.75, 23.53, 23.35, 22.19, 20.19, 0, 0, 4.47
2019/04/26 07:43:00, 23.75, 23.54, 23.35, 22.27, 20.20, 0, 0, 4.47
2019/04/26 07:44:00, 23.75, 23.53, 23.33, 22.20, 20.23, 0, 0, 4.47
2019/04/26 07:45:00, 23.75, 23.49, 23.32, 22.25, 20.26, 0, 0, 4.47
2019/04/26 07:46:00, 23.75, 23.52, 23.32, 22.22, 20.26, 0, 0, 4.47
2019/04/26 07:47:00, 23.75, 23.52, 23.32, 22.27, 20.26, 0, 0, 4.47
2019/04/26 07:48:00, 23.75, 23.53, 23.32, 22.27, 20.28, 0, 0, 4.47
2019/04/26 07:49:00, 23.75, 23.50, 23.31, 22.23, 20.28, 0, 0, 4.47
2019/04/26 07:50:00, 23.75, 23.50, 23.31, 22.30, 20.30, 0, 0, 4.47
2019/04/26 07:51:00, 23.75, 23.52, 23.32, 22.27, 20.31, 0, 0, 4.47
2019/04/26 07:52:00, 23.75, 23.50, 23.30, 22.27, 20.30, 0, 0, 4.47
2019/04/26 07:53:00, 23.75, 23.50, 23.34, 22.28, 20.32, 0, 0, 4.47
2019/04/26 07:54:00, 23.75, 23.47, 23.31, 22.33, 20.33, 0, 0, 4.47
2019/04/26 07:55:00, 23.75, 23.47, 23.31, 22.33, 20.35, 0, 0, 4.47
2019/04/26 07:56:00, 23.75, 23.49, 23.28, 22.33, 20.35, 0, 0, 4.47
2019/04/26 07:57:00, 23.75, 23.50, 23.29, 22.36, 20.38, 0, 0, 4.47
2019/04/26 07:58:00, 23.75, 23.49, 23.30, 22.41, 20.40, 0, 0, 4.47
2019/04/26 07:59:00, 23.75, 23.47, 23.30, 22.41, 20.40, 0, 0, 4.47
2019/04/26 08:00:00, 23.75, 23.47, 23.30, 22.41, 20.41, 0, 0, 4.47
2019/04/26 08:01:00, 23.75, 23.50, 23.28, 22.38, 20.42, 0, 0, 4.47
2019/04/26 08:02:00, 23.75, 23.49, 23.29, 22.41, 20.42, 0, 0, 4.47
2019/04/26 08:03:00, 23.75, 23.44, 23.31, 22.43, 20.45, 0, 0, 4.47
2019/04/26 08:04:00, 23.75, 23.47, 23.30, 22.39, 20.46, 0, 0, 4.47
2019/04/26 08:05:00, 23.75, 23.47, 23.28, 22.44, 20.47, 0, 0, 4.47
2019/04/26 08:06:00, 23.75, 23.46, 23.28, 22.49, 20.48, 0, 0, 4.47
2019/04/26 08:07:00, 23.75, 23.46, 23.27, 22.52, 20.50, 0, 0, 4.47
2019/04/26 08:08:00, 23.75, 23.46, 23.25, 22.56, 20.57, 0, 0, 4.47
2019/04/26 08:09:00, 23.75, 23.46, 23.30, 22.59, 20.60, 0, 0, 4.47
2019/04/26 08:10:00, 23.75, 23.49, 23.30, 22.60, 20.60, 0, 0, 4.47
2019/04/26 08:11:00, 23.75, 23.50, 23.32, 22.62, 20.61, 0, 0, 4.47
2019/04/26 08:12:00, 23.75, 23.47, 23.28, 22.60, 20.58, 0, 0, 4.47
2019/04/26 08:13:00, 23.75, 23.50, 23.30, 22.62, 20.63, 0, 0, 4.47
2019/04/26 08:14:00, 23.75, 23.47, 23.28, 22.64, 20.64, 0, 0, 4.47
2019/04/26 08:15:00, 23.75, 23.47, 23.28, 22.60, 20.63, 0, 0, 4.47
2019/04/26 08:16:00, 23.75, 23.44, 23.29, 22.65, 20.64, 0, 0, 4.47
2019/04/26 08:17:00, 23.75, 23.46, 23.29, 22.67, 20.64, 0, 0, 4.47
2019/04/26 08:18:00, 23.75, 23.44, 23.28, 22.65, 20.67, 0, 0, 4.47
2019/04/26 08:19:00, 23.75, 23.46, 23.27, 22.67, 20.71, 0, 0, 4.47
2019/04/26 08:20:00, 23.75, 23.46, 23.29, 22.70, 20.72, 0, 0, 4.47
2019/04/26 08:21:00, 23.75, 23.46, 23.29, 22.68, 20.72, 0, 0, 4.47
2019/04/26 08:22:00, 23.75, 23.44, 23.28, 22.67, 20.73, 0, 0, 4.47
2019/04/26 08:23:00, 23.75, 23.47, 23.29, 22.77, 20.73, 0, 0, 4.47
2019/04/26 08:24:00, 23.75, 23.47, 23.30, 22.77, 20.73, 0, 0, 4.47
2019/04/26 08:25:00, 23.75, 23.50, 23.28, 22.80, 20.75, 0, 0, 4.47
2019/04/26 08:26:00, 23.75, 23.46, 23.28, 22.77, 20.77, 0, 0, 4.47
2019/04/26 08:27:00, 23.75, 23.46, 23.29, 22.65, 20.74, 0, 0, 4.47
2019/04/26 08:28:00, 23.75, 23.44, 23.28, 22.79, 20.76, 0, 0, 4.47
2019/04/26 08:29:00, 23.75, 23.47, 23.29, 22.85, 20.78, 0, 0, 4.47
2019/04/26 08:30:00, 23.75, 23.46, 23.29, 22.81, 20.80, 0, 0, 4.47
2019/04/26 08:31:00, 23.75, 23.46, 23.29, 22.83, 20.81, 0, 0, 4.47
2019/04/26 08:32:00, 23.75, 23.46, 23.29, 22.83, 20.82, 0, 0, 4.47
2019/04/26 08:33:00, 23.75, 23.49, 23.29, 22.85, 20.84, 0, 0, 4.47
2019/04/26 08:34:00, 23.75, 23.47, 23.30, 22.83, 20.82, 0, 0, 4.47
2019/04/26 08:35:00, 23.75, 23.46, 23.29, 22.80, 20.84, 0, 0, 4.47
2019/04/26 08:36:00, 23.75, 23.50, 23.30, 22.85, 20.85, 0, 0, 4.47
2019/04/26 08:37:00, 23.75, 23.47, 23.30, 22.90, 20.85, 0, 0, 4.47
2019/04/26 08:38:00, 23.75, 23.49, 23.32, 22.82, 20.84, 0, 0, 4.47
2019/04/26 08:39:00, 23.75, 23.49, 23.32, 22.86, 20.85, 0, 0, 4.47
2019/04/26 08:40:00, 23.75, 23.50, 23.30, 22.92, 20.85, 0, 0, 4.47
2019/04/26 08:41:00, 23.75, 23.49, 23.31, 22.88, 20.87, 0, 0, 4.47
2019/04/26 08:42:00, 23.75, 23.52, 23.31, 22.90, 20.90, 0, 0, 4.47
2019/04/26 08:43:00, 23.75, 23.50, 23.33, 22.90, 20.91, 0, 0, 4.47
2019/04/26 08:44:00, 23.75, 23.47, 23.32, 22.92, 20.92, 0, 0, 4.47
2019/04/26 08:45:00, 23.75, 23.47, 23.30, 22.93, 20.95, 0, 0, 4.47
2019/04/26 08:46:00, 23.75, 23.47, 23.34, 22.92, 20.93, 0, 0, 4.47
2019/04/26 08:47:00, 23.75, 23.50, 23.34, 22.93, 20.93, 0, 0, 4.47
2019/04/26 08:48:00, 23.75, 23.50, 23.34, 22.99, 20.98, 0, 0, 4.47
2019/04/26 08:49:00, 23.75, 23.50, 23.32, 23.04, 20.99, 0, 0, 4.47
2019/04/26 08:50:00, 23.75, 23.50, 23.32, 22.98, 20.97, 0, 0, 4.47
2019/04/26 08:51:00, 23.75, 23.52, 23.33, 23.06, 21.00, 0, 0, 4.47
2019/04/26 08:52:00, 23.75, 23.53, 23.35, 23.03, 21.02, 0, 0, 4.47
2019/04/26 08:53:00, 23.75, 23.50, 23.32, 23.13, 21.06, 0, 0, 4.47
2019/04/26 08:54:00, 23.75, 23.50, 23.35, 23.18, 21.13, 0, 0, 4.47
2019/04/26 08:55:00, 23.75, 23.57, 23.35, 23.16, 21.15, 0, 0, 4.47
2019/04/26 08:56:00, 23.75, 23.59, 23.37, 23.15, 21.16, 0, 0, 4.47
2019/04/26 08:57:00, 23.75, 23.59, 23.37, 23.13, 21.14, 0, 0, 4.47
2019/04/26 08:58:00, 23.75, 23.57, 23.41, 23.11, 21.12, 0, 0, 4.47
2019/04/26 08:59:00, 23.75, 23.61, 23.42, 23.23, 21.21, 0, 0, 4.47
2019/04/26 09:00:00, 23.75, 23.60, 23.43, 23.15, 21.14, 0, 0, 4.47
2019/04/26 09:01:00, 23.75, 23.54, 23.42, 23.18, 21.16, 0, 0, 4.47
2019/04/26 09:02:00, 23.75, 23.60, 23.41, 23.26, 21.23, 0, 0, 4.47
2019/04/26 09:03:00, 23.75, 23.60, 23.46, 23.34, 21.27, 0, 0, 4.47
2019/04/26 09:04:00, 23.75, 23.64, 23.45, 23.34, 21.32, 0, 0, 4.47
2019/04/26 09:05:00, 23.75, 23.64, 23.47, 23.33, 21.29, 0, 0, 4.47
2019/04/26 09:06:00, 23.75, 23.67, 23.50, 23.32, 21.27, 0, 0, 4.47
2019/04/26 09:07:00, 23.75, 23.68, 23.50, 23.25, 21.25, 0, 0, 4.47
2019/04/26 09:08:00, 23.75, 23.70, 23.53, 23.22, 21.27, 0, 0, 4.47
2019/04/26 09:09:00, 24.00, 23.74, 23.54, 23.24, 21.25, 0, 0, 4.47
2019/04/26 09:10:00, 24.00, 23.73, 23.57, 23.24, 21.24, 0, 0, 4.47
2019/04/26 09:11:00, 24.00, 23.74, 23.58, 23.22, 21.26, 0, 0, 4.47
2019/04/26 09:12:00, 24.00, 23.74, 23.57, 23.26, 21.26, 0, 0, 4.47
2019/04/26 09:13:00, 24.00, 23.77, 23.60, 23.26, 21.23, 0, 0, 4.47
2019/04/26 09:14:00, 24.00, 23.77, 23.59, 23.32, 21.27, 0, 0, 4.47
2019/04/26 09:15:00, 24.00, 23.76, 23.57, 23.26, 21.25, 0, 0, 4.47
2019/04/26 09:16:00, 24.00, 23.77, 23.59, 23.27, 21.27, 0, 0, 4.47
2019/04/26 09:17:00, 24.00, 23.79, 23.60, 23.29, 21.29, 0, 0, 4.47
2019/04/26 09:18:00, 24.00, 23.79, 23.61, 23.26, 21.31, 0, 0, 4.47
2019/04/26 09:19:00, 24.00, 23.80, 23.60, 23.24, 21.32, 0, 0, 4.47
2019/04/26 09:20:00, 24.00, 23.80, 23.62, 23.31, 21.32, 0, 0, 4.47
2019/04/26 09:21:00, 24.00, 23.80, 23.60, 23.36, 21.30, 0, 0, 4.47
2019/04/26 09:22:00, 24.00, 23.83, 23.62, 23.31, 21.30, 0, 0, 4.47
2019/04/26 09:23:00, 24.00, 23.81, 23.65, 23.31, 21.29, 0, 0, 4.47
2019/04/26 09:24:00, 24.00, 23.81, 23.63, 23.31, 21.30, 0, 0, 4.47
2019/04/26 09:25:00, 24.00, 23.84, 23.64, 23.29, 21.29, 0, 0, 4.47
2019/04/26 09:26:00, 24.00, 23.84, 23.66, 23.34, 21.32, 0, 0, 4.47
2019/04/26 09:27:00, 24.00, 23.83, 23.66, 23.31, 21.29, 0, 0, 4.47
2019/04/26 09:28:00, 24.00, 23.84, 23.65, 23.26, 21.29, 0, 0, 4.47
2019/04/26 09:29:00, 24.00, 23.85, 23.67, 23.29, 21.29, 0, 0, 4.47
2019/04/26 09:30:00, 24.00, 23.85, 23.67, 23.21, 21.30, 0, 0, 4.47
2019/04/26 09:31:00, 24.00, 23.85, 23.67, 23.25, 21.29, 0, 0, 4.47
2019/04/26 09:32:00, 24.00, 23.85, 23.67, 23.33, 21.29, 0, 0, 4.47
2019/04/26 09:33:00, 24.00, 23.85, 23.66, 23.28, 21.29, 0, 0, 4.47
2019/04/26 09:34:00, 24.00, 23.87, 23.68, 23.28, 21.29, 0, 0, 4.47
2019/04/26 09:35:00, 24.00, 23.85, 23.68, 23.30, 21.31, 0, 0, 4.47
2019/04/26 09:36:00, 24.00, 23.90, 23.67, 23.30, 21.30, 0, 0, 4.47
2019/04/26 09:37:00, 24.00, 23.90, 23.68, 23.35, 21.30, 0, 0, 4.47
2019/04/26 09:38:00, 24.00, 23.85, 23.69, 23.31, 21.29, 0, 0, 4.47
2019/04/26 09:39:00, 24.00, 23.85, 23.68, 23.35, 21.32, 0, 0, 4.47
2019/04/26 09:40:00, 24.00, 23.87, 23.68, 23.35, 21.35, 0, 0, 4.47
2019/04/26 09:41:00, 24.00, 23.85, 23.69, 23.41, 21.35, 0, 0, 4.47
2019/04/26 09:42:00, 24.00, 23.87, 23.69, 23.30, 21.33, 0, 0, 4.47
2019/04/26 09:43:00, 24.00, 23.88, 23.71, 23.23, 21.30, 0, 0, 4.47
2019/04/26 09:44:00, 24.00, 23.87, 23.69, 23.37, 21.33, 0, 0, 4.47
2019/04/26 09:45:00, 24.00, 23.88, 23.68, 23.36, 21.35, 0, 0, 4.47
2019/04/26 09:46:00, 24.00, 23.87, 23.69, 23.36, 21.35, 0, 0, 4.47
2019/04/26 09:47:00, 24.00, 23.88, 23.71, 23.35, 21.36, 0, 0, 4.47
2019/04/26 09:48:00, 24.00, 23.88, 23.69, 23.36, 21.35, 0, 0, 4.47
2019/04/26 09:49:00, 24.00, 23.87, 23.68, 23.51, 21.45, 0, 0, 4.47
2019/04/26 09:50:00, 24.00, 23.87, 23.68, 23.49, 21.49, 0, 0, 4.47
2019/04/26 09:51:00, 24.00, 23.88, 23.69, 23.51, 21.50, 0, 0, 4.47
2019/04/26 09:52:00, 24.00, 23.85, 23.71, 23.46, 21.48, 0, 0, 4.47
2019/04/26 09:53:00, 24.00, 23.88, 23.69, 23.45, 21.47, 0, 0, 4.47
2019/04/26 09:54:00, 24.00, 23.87, 23.68, 23.50, 21.46, 0, 0, 4.47
2019/04/26 09:55:00, 24.00, 23.85, 23.69, 23.45, 21.48, 0, 0, 4.47
2019/04/26 09:56:00, 24.00, 23.90, 23.71, 23.47, 21.44, 0, 0, 4.47
2019/04/26 09:57:00, 24.00, 23.90, 23.71, 23.42, 21.44, 0, 0, 4.47
2019/04/26 09:58:00, 24.00, 23.87, 23.71, 23.50, 21.46, 0, 0, 4.47
2019/04/26 09:59:00, 24.00, 23.90, 23.72, 23.51, 21.46, 0, 0, 4.47
2019/04/26 10:00:00, 24.00, 23.88, 23.69, 23.44, 21.46, 0, 0, 4.47
2019/04/26 10:01:00, 24.00, 23.85, 23.71, 23.42, 21.48, 0, 0, 4.47
2019/04/26 10:02:00, 24.00, 23.88, 23.73, 23.48, 21.47, 0, 0, 4.47
2019/04/26 10:03:00, 24.00, 23.88, 23.68, 23.46, 21.45, 0, 0, 4.47
2019/04/26 10:04:00, 24.00, 23.88, 23.71, 23.45, 21.46, 0, 0, 4.47
2019/04/26 10:05:00, 24.00, 23.88, 23.69, 23.45, 21.46, 0, 0, 4.47
2019/04/26 10:06:00, 24.00, 23.90, 23.69, 23.45, 21.46, 0, 0, 4.47
2019/04/26 10:07:00, 24.00, 23.88, 23.71, 23.48, 21.48, 0, 0, 4.47
2019/04/26 10:08:00, 24.00, 23.88, 23.69, 23.44, 21.48, 0, 0, 4.47
2019/04/26 10:09:00, 24.00, 23.88, 23.68, 23.41, 21.48, 0, 0, 4.47
2019/04/26 10:10:00, 24.00, 23.87, 23.69, 23.49, 21.46, 0, 0, 4.47
2019/04/26 10:11:00, 24.00, 23.87, 23.68, 23.46, 21.46, 0, 0, 4.47
2019/04/26 10:12:00, 24.00, 23.88, 23.69, 23.47, 21.46, 0, 0, 4.47
2019/04/26 10:13:00, 24.00, 23.87, 23.69, 23.52, 21.49, 0, 0, 4.47
2019/04/26 10:14:00, 24.00, 23.85, 23.71, 23.47, 21.51, 0, 0, 4.47
2019/04/26 10:15:00, 24.00, 23.88, 23.71, 23.51, 21.52, 0, 0, 4.47
2019/04/26 10:16:00, 24.00, 23.88, 23.71, 23.51, 21.49, 0, 0, 4.47
2019/04/26 10:17:00, 24.00, 23.87, 23.72, 23.48, 21.48, 0, 0, 4.47
2019/04/26 10:18:00, 24.00, 23.88, 23.71, 23.50, 21.48, 0, 0, 4.47
2019/04/26 10:19:00, 24.00, 23.87, 23.72, 23.46, 21.46, 0, 0, 4.47
2019/04/26 10:20:00, 24.00, 23.90, 23.73, 23.45, 21.48, 0, 0, 4.47
2019/04/26 10:21:00, 24.00, 23.90, 23.72, 23.47, 21.46, 0, 0, 4.47
2019/04/26 10:22:00, 24.00, 23.87, 23.73, 23.47, 21.48, 0, 0, 4.47
2019/04/26 10:23:00, 24.00, 23.90, 23.68, 23.53, 21.50, 0, 0, 4.47
2019/04/26 10:24:00, 24.00, 23.90, 23.73, 23.54, 21.51, 0, 0, 4.47
2019/04/26 10:25:00, 24.00, 23.88, 23.71, 23.54, 21.52, 0, 0, 4.47
2019/04/26 10:26:00, 24.00, 23.88, 23.69, 23.48, 21.51, 0, 0, 4.47
2019/04/26 10:27:00, 24.00, 23.90, 23.71, 23.53, 21.51, 0, 0, 4.47
2019/04/26 10:28:00, 24.00, 23.90, 23.72, 23.53, 21.52, 0, 0, 4.47
2019/04/26 10:29:00, 24.25, 23.88, 23.72, 23.50, 21.52, 0, 0, 4.47
2019/04/26 10:30:00, 24.00, 23.88, 23.73, 23.56, 21.53, 0, 0, 4.47
2019/04/26 10:31:00, 24.00, 23.90, 23.73, 23.56, 21.56, 0, 0, 4.47
2019/04/26 10:32:00, 24.00, 23.88, 23.72, 23.56, 21.56, 0, 0, 4.47
2019/04/26 10:33:00, 24.00, 23.87, 23.72, 23.56, 21.53, 0, 0, 4.47
2019/04/26 10:34:00, 24.25, 23.91, 23.74, 23.52, 21.54, 0, 0, 4.47
2019/04/26 10:35:00, 24.25, 23.92, 23.73, 23.53, 21.52, 0, 0, 4.47
2019/04/26 10:36:00, 24.00, 23.90, 23.73, 23.50, 21.51, 0, 0, 4.47
2019/04/26 10:37:00, 24.25, 23.88, 23.71, 23.47, 21.50, 0, 0, 4.47
2019/04/26 10:38:00, 24.00, 23.90, 23.72, 23.47, 21.50, 0, 0, 4.47
2019/04/26 10:39:00, 24.25, 23.88, 23.73, 23.50, 21.49, 0, 0, 4.47
2019/04/26 10:40:00, 24.25, 23.87, 23.72, 23.51, 21.50, 0, 0, 4.47
2019/04/26 10:41:00, 24.25, 23.87, 23.66, 23.44, 21.48, 0, 0, 4.47
2019/04/26 10:42:00, 24.25, 23.85, 23.68, 23.52, 21.48, 0, 0, 4.47
2019/04/26 10:43:00, 24.25, 23.88, 23.69, 23.55, 21.52, 0, 0, 4.47
2019/04/26 10:44:00, 24.25, 23.87, 23.69, 23.52, 21.51, 0, 0, 4.47
2019/04/26 10:45:00, 24.00, 23.87, 23.71, 23.54, 21.52, 0, 0, 4.47
2019/04/26 10:46:00, 24.25, 23.88, 23.71, 23.54, 21.51, 0, 0, 4.47
2019/04/26 10:47:00, 24.25, 23.90, 23.73, 23.57, 21.51, 0, 0, 4.47
2019/04/26 10:48:00, 24.25, 23.88, 23.69, 23.47, 21.51, 0, 0, 4.47
2019/04/26 10:49:00, 24.25, 23.88, 23.73, 23.52, 21.51, 0, 0, 4.47
2019/04/26 10:50:00, 24.25, 23.87, 23.71, 23.45, 21.49, 0, 0, 4.47
2019/04/26 10:51:00, 24.25, 23.88, 23.71, 23.52, 21.49, 0, 0, 4.47
2019/04/26 10:52:00, 24.25, 23.87, 23.71, 23.51, 21.51, 0, 0, 4.47
2019/04/26 10:53:00, 24.25, 23.88, 23.71, 23.51, 21.52, 0, 0, 4.47
2019/04/26 10:54:00, 24.25, 23.90, 23.73, 23.54, 21.52, 0, 0, 4.47
2019/04/26 10:55:00, 24.25, 23.88, 23.69, 23.54, 21.52, 0, 0, 4.47
2019/04/26 10:56:00, 24.25, 23.88, 23.72, 23.52, 21.54, 0, 0, 4.47
2019/04/26 10:57:00, 24.25, 23.90, 23.72, 23.56, 21.52, 0, 0, 4.47
2019/04/26 10:58:00, 24.25, 23.88, 23.71, 23.53, 21.54, 0, 0, 4.47
2019/04/26 10:59:00, 24.25, 23.90, 23.69, 23.53, 21.54, 0, 0, 4.47
2019/04/26 11:00:00, 24.25, 23.90, 23.73, 23.48, 21.52, 0, 0, 4.47
2019/04/26 11:01:00, 24.25, 23.88, 23.72, 23.56, 21.56, 0, 0, 4.47
2019/04/26 11:02:00, 24.25, 23.88, 23.72, 23.51, 21.54, 0, 0, 4.47
2019/04/26 11:03:00, 24.25, 23.90, 23.73, 23.54, 21.53, 0, 0, 4.47
2019/04/26 11:04:00, 24.25, 23.88, 23.72, 23.56, 21.55, 0, 0, 4.47
2019/04/26 11:05:00, 24.25, 23.88, 23.72, 23.58, 21.55, 0, 0, 4.47
2019/04/26 11:06:00, 24.25, 23.88, 23.73, 23.57, 21.57, 0, 0, 4.47
2019/04/26 11:07:00, 24.25, 23.90, 23.73, 23.57, 21.58, 0, 0, 4.47
2019/04/26 11:08:00, 24.25, 23.90, 23.69, 23.57, 21.58, 0, 0, 4.47
2019/04/26 11:09:00, 24.25, 23.87, 23.68, 23.66, 21.64, 0, 0, 4.47
2019/04/26 11:10:00, 24.25, 23.90, 23.69, 23.73, 21.70, 0, 0, 4.47
2019/04/26 11:11:00, 24.25, 23.87, 23.71, 23.73, 21.70, 0, 0, 4.47
2019/04/26 11:12:00, 24.25, 23.87, 23.69, 23.64, 21.68, 0, 0, 4.47
2019/04/26 11:13:00, 24.25, 23.87, 23.71, 23.72, 21.69, 0, 0, 4.47
2019/04/26 11:14:00, 24.25, 23.90, 23.72, 23.74, 21.72, 0, 0, 4.47
2019/04/26 11:15:00, 24.25, 23.87, 23.69, 23.70, 21.73, 0, 0, 4.47
2019/04/26 11:16:00, 24.25, 23.88, 23.72, 23.76, 21.74, 0, 0, 4.47
2019/04/26 11:17:00, 24.25, 23.87, 23.71, 23.73, 21.76, 0, 0, 4.47
2019/04/26 11:18:00, 24.25, 23.91, 23.69, 23.79, 21.78, 0, 0, 4.47
2019/04/26 11:19:00, 24.25, 23.90, 23.72, 23.76, 21.78, 0, 0, 4.47
2019/04/26 11:20:00, 24.25, 23.90, 23.73, 23.81, 21.82, 0, 0, 4.47
2019/04/26 11:21:00, 24.25, 23.91, 23.73, 23.79, 21.84, 0, 0, 4.47
2019/04/26 11:22:00, 24.25, 23.91, 23.73, 23.85, 21.86, 0, 0, 4.47
2019/04/26 11:23:00, 24.25, 23.92, 23.74, 23.88, 21.89, 0, 0, 4.47
2019/04/26 11:24:00, 24.25, 23.92, 23.73, 23.91, 21.90, 0, 0, 4.47
2019/04/26 11:25:00, 24.25, 23.91, 23.74, 23.97, 21.94, 0, 0, 4.47
2019/04/26 11:26:00, 24.25, 23.92, 23.74, 23.95, 21.96, 0, 0, 4.47
2019/04/26 11:27:00, 24.25, 23.91, 23.73, 23.97, 21.96, 0, 0, 4.47
2019/04/26 11:28:00, 24.25, 23.91, 23.73, 23.94, 21.97, 0, 0, 4.47
2019/04/26 11:29:00, 24.25, 23.92, 23.73, 24.02, 21.99, 0, 0, 4.47
2019/04/26 11:30:00, 24.25, 23.92, 23.72, 24.00, 22.00, 0, 0, 4.47
2019/04/26 11:31:00, 24.25, 23.90, 23.72, 24.04, 22.02, 0, 0, 4.47
2019/04/26 11:32:00, 24.25, 23.91, 23.73, 24.04, 22.06, 0, 0, 4.47
2019/04/26 11:33:00, 24.25, 23.91, 23.72, 24.06, 22.06, 0, 0, 4.47
2019/04/26 11:34:00, 24.25, 23.88, 23.72, 24.06, 22.09, 0, 0, 4.47
2019/04/26 11:35:00, 24.25, 23.91, 23.73, 24.13, 22.10, 0, 0, 4.47
2019/04/26 11:36:00, 24.25, 23.88, 23.73, 24.08, 22.12, 0, 0, 4.47
2019/04/26 11:37:00, 24.25, 23.92, 23.73, 24.14, 22.14, 0, 0, 4.47
2019/04/26 11:38:00, 24.25, 23.90, 23.73, 24.16, 22.17, 0, 0, 4.47
2019/04/26 11:39:00, 24.25, 23.91, 23.71, 24.19, 22.19, 0, 0, 4.47
2019/04/26 11:40:00, 24.25, 23.91, 23.73, 24.22, 22.22, 0, 0, 4.47
2019/04/26 11:41:00, 24.25, 23.90, 23.74, 24.16, 22.23, 0, 0, 4.47
2019/04/26 11:42:00, 24.25, 23.92, 23.73, 24.17, 22.22, 0, 0, 4.47
2019/04/26 11:43:00, 24.25, 23.90, 23.73, 24.23, 22.24, 0, 0, 4.47
2019/04/26 11:44:00, 24.25, 23.92, 23.74, 24.22, 22.26, 0, 0, 4.47
2019/04/26 11:45:00, 24.25, 23.90, 23.71, 24.30, 22.31, 0, 0, 4.47
2019/04/26 11:46:00, 24.25, 23.91, 23.73, 24.31, 22.32, 0, 0, 4.47
2019/04/26 11:47:00, 24.25, 23.90, 23.72, 24.29, 22.34, 0, 0, 4.47
2019/04/26 11:48:00, 24.25, 23.91, 23.73, 24.36, 22.39, 0, 0, 4.47
2019/04/26 11:49:00, 24.25, 23.90, 23.73, 24.44, 22.44, 0, 0, 4.47
2019/04/26 11:50:00, 24.25, 23.90, 23.73, 24.41, 22.47, 0, 0, 4.47
2019/04/26 11:51:00, 24.25, 23.92, 23.73, 24.45, 22.48, 0, 0, 4.47
2019/04/26 11:52:00, 24.25, 23.90, 23.73, 24.48, 22.49, 0, 0, 4.47
2019/04/26 11:53:00, 24.25, 23.90, 23.74, 24.49, 22.50, 0, 0, 4.47
2019/04/26 11:54:00, 24.25, 23.91, 23.74, 24.39, 22.48, 0, 0, 4.47
2019/04/26 11:55:00, 24.25, 23.91, 23.73, 24.51, 22.51, 0, 0, 4.47
2019/04/26 11:56:00, 24.25, 23.92, 23.74, 24.52, 22.54, 0, 0, 4.47
2019/04/26 11:57:00, 24.25, 23.88, 23.75, 24.54, 22.54, 0, 0, 4.47
2019/04/26 11:58:00, 24.25, 23.90, 23.73, 24.54, 22.56, 0, 0, 4.47
2019/04/26 11:59:00, 24.25, 23.94, 23.74, 24.60, 22.61, 0, 0, 4.47
2019/04/26 12:00:00, 24.25, 23.92, 23.76, 24.60, 22.63, 0, 0, 4.47
2019/04/26 12:01:00, 24.25, 23.92, 23.77, 24.61, 22.65, 0, 0, 4.47
2019/04/26 12:02:00, 24.25, 23.97, 23.74, 24.62, 22.64, 0, 0, 4.47
2019/04/26 12:03:00, 24.25, 23.94, 23.76, 24.62, 22.67, 0, 0, 4.47
2019/04/26 12:04:00, 24.25, 23.97, 23.77, 24.64, 22.67, 0, 0, 4.47
2019/04/26 12:05:00, 24.25, 23.95, 23.78, 24.63, 22.68, 0, 0, 4.47
2019/04/26 12:06:00, 24.25, 23.97, 23.78, 24.66, 22.70, 0, 0, 4.47
2019/04/26 12:07:00, 24.25, 23.99, 23.77, 24.63, 22.69, 0, 0, 4.47
2019/04/26 12:08:00, 24.25, 23.98, 23.79, 24.65, 22.65, 0, 0, 4.47
2019/04/26 12:09:00, 24.25, 23.98, 23.81, 24.65, 22.67, 0, 0, 4.47
2019/04/26 12:10:00, 24.25, 23.98, 23.81, 24.70, 22.71, 0, 0, 4.47
2019/04/26 12:11:00, 24.25, 23.97, 23.80, 24.72, 22.73, 0, 0, 4.47
2019/04/26 12:12:00, 24.25, 23.98, 23.78, 25.78, 23.02, 0, 0, 4.47
2019/04/26 12:13:00, 24.25, 23.95, 23.74, 24.87, 23.44, 0, 0, 4.47
2019/04/26 12:14:00, 24.25, 23.61, 23.38, 25.53, 23.62, 0, 0, 4.47
2019/04/26 12:15:00, 24.25, 23.52, 23.34, 25.57, 23.66, 0, 0, 4.47
2019/04/26 12:16:00, 24.25, 23.49, 23.29, 26.09, 23.98, 0, 0, 4.47
2019/04/26 12:17:00, 24.25, 23.43, 23.27, 25.94, 24.00, 0, 0, 4.47
2019/04/26 12:18:00, 24.25, 23.42, 23.22, 26.28, 24.18, 0, 0, 4.47
2019/04/26 12:19:00, 24.00, 23.39, 23.22, 26.35, 24.25, 0, 0, 4.47
2019/04/26 12:20:00, 24.00, 23.42, 23.21, 26.42, 24.38, 0, 0, 4.47
2019/04/26 12:21:00, 24.00, 23.39, 23.20, 26.48, 24.50, 0, 0, 4.47
2019/04/26 12:22:00, 24.00, 23.43, 23.21, 26.38, 24.47, 0, 0, 4.47
2019/04/26 12:23:00, 24.00, 23.43, 23.22, 26.48, 24.56, 0, 0, 4.47
2019/04/26 12:24:00, 24.00, 23.40, 23.23, 26.48, 24.50, 0, 0, 4.47
2019/04/26 12:25:00, 24.00, 23.43, 23.22, 26.66, 24.61, 0, 0, 4.47
2019/04/26 12:26:00, 24.00, 23.43, 23.22, 26.28, 24.47, 0, 0, 4.47
2019/04/26 12:27:00, 24.00, 23.42, 23.25, 26.61, 24.71, 0, 0, 4.47
2019/04/26 12:28:00, 24.00, 23.46, 23.28, 26.65, 24.71, 0, 0, 4.47
2019/04/26 12:29:00, 24.00, 23.44, 23.27, 26.84, 24.83, 0, 0, 4.47
2019/04/26 12:30:00, 24.00, 23.46, 23.25, 26.78, 24.94, 0, 0, 4.47
2019/04/26 12:31:00, 24.00, 23.43, 23.27, 26.94, 24.92, 0, 0, 4.47
2019/04/26 12:32:00, 23.75, 23.46, 23.25, 27.00, 25.01, 0, 0, 4.47
2019/04/26 12:33:00, 23.75, 23.43, 23.27, 26.98, 25.08, 0, 0, 4.47
2019/04/26 12:34:00, 23.75, 23.46, 23.27, 27.13, 25.07, 0, 0, 4.47
2019/04/26 12:35:00, 23.75, 23.47, 23.27, 26.98, 25.08, 0, 0, 4.47
2019/04/26 12:36:00, 23.75, 23.46, 23.28, 27.14, 25.14, 0, 0, 4.47
2019/04/26 12:37:00, 23.75, 23.44, 23.27, 27.15, 25.12, 0, 0, 4.47
2019/04/26 12:38:00, 23.75, 23.40, 23.25, 27.08, 25.10, 0, 0, 4.47
2019/04/26 12:39:00, 23.75, 23.42, 23.23, 27.35, 25.34, 0, 0, 4.47
2019/04/26 12:40:00, 23.75, 23.43, 23.22, 27.24, 25.31, 0, 0, 4.47
2019/04/26 12:41:00, 23.75, 23.39, 23.22, 26.96, 25.36, 0, 0, 4.47
2019/04/26 12:42:00, 23.75, 23.42, 23.23, 27.18, 25.37, 0, 0, 4.47
2019/04/26 12:43:00, 23.75, 23.40, 23.22, 27.32, 25.41, 0, 0, 4.47
2019/04/26 12:44:00, 23.75, 23.42, 23.23, 27.33, 25.41, 0, 0, 4.47
2019/04/26 12:45:00, 23.75, 23.40, 23.20, 27.58, 25.55, 0, 0, 4.47
2019/04/26 12:46:00, 23.75, 23.39, 23.20, 27.46, 25.53, 0, 0, 4.47
2019/04/26 12:47:00, 23.75, 23.42, 23.22, 27.29, 25.46, 0, 0, 4.47
2019/04/26 12:48:00, 23.75, 23.42, 23.22, 27.39, 25.47, 0, 0, 4.47
2019/04/26 12:49:00, 23.75, 23.43, 23.23, 27.48, 25.45, 0, 0, 4.47
2019/04/26 12:50:00, 23.75, 23.47, 23.24, 27.39, 25.45, 0, 0, 4.47
2019/04/26 12:51:00, 23.75, 23.46, 23.28, 27.38, 25.46, 0, 0, 4.47
2019/04/26 12:52:00, 23.75, 23.49, 23.27, 27.91, 25.70, 0, 0, 4.47
2019/04/26 12:53:00, 23.75, 23.49, 23.28, 27.51, 25.62, 0, 0, 4.47
2019/04/26 12:54:00, 23.75, 23.46, 23.25, 27.50, 25.50, 0, 0, 4.47
2019/04/26 12:55:00, 23.75, 23.49, 23.28, 27.42, 25.54, 0, 0, 4.47
2019/04/26 12:56:00, 23.75, 23.47, 23.31, 27.47, 25.42, 0, 0, 4.47
2019/04/26 12:57:00, 23.75, 23.47, 23.32, 27.22, 25.46, 0, 0, 4.47
2019/04/26 12:58:00, 23.75, 23.50, 23.30, 27.50, 25.47, 0, 0, 4.47
2019/04/26 12:59:00, 23.75, 23.50, 23.28, 27.56, 25.53, 0, 0, 4.47
2019/04/26 13:00:00, 23.75, 23.47, 23.29, 27.51, 25.53, 0, 0, 4.47
2019/04/26 13:01:00, 23.75, 23.43, 23.22, 27.42, 25.62, 0, 0, 4.47
2019/04/26 13:02:00, 23.75, 23.29, 23.09, 27.70, 25.70, 0, 0, 4.47
2019/04/26 13:03:00, 23.75, 23.11, 22.95, 28.04, 25.98, 0, 0, 4.47
2019/04/26 13:04:00, 23.50, 22.91, 22.76, 28.27, 26.21, 0, 0, 4.47
2019/04/26 13:05:00, 23.50, 22.78, 22.61, 28.42, 26.36, 0, 0, 4.47
2019/04/26 13:06:00, 23.50, 22.67, 22.53, 28.46, 26.49, 0, 0, 4.47
2019/04/26 13:07:00, 23.50, 22.60, 22.44, 28.57, 26.54, 0, 0, 4.47
2019/04/26 13:08:00, 23.50, 22.50, 22.34, 28.75, 26.69, 0, 0, 4.47
2019/04/26 13:09:00, 23.25, 22.46, 22.27, 28.85, 26.79, 0, 0, 4.47
2019/04/26 13:10:00, 23.25, 22.42, 22.25, 28.77, 26.81, 0, 0, 4.47
2019/04/26 13:11:00, 23.25, 22.36, 22.19, 28.81, 26.83, 0, 0, 4.47
2019/04/26 13:12:00, 23.25, 22.30, 22.14, 28.91, 26.93, 0, 0, 4.47
2019/04/26 13:13:00, 23.25, 22.33, 22.16, 28.69, 26.92, 0, 0, 4.47
2019/04/26 13:14:00, 23.25, 22.28, 22.12, 28.98, 26.93, 0, 0, 4.47
2019/04/26 13:15:00, 23.25, 22.20, 22.05, 28.04, 27.27, 0, 0, 4.47
2019/04/26 13:16:00, 23.25, 22.80, 22.63, 26.82, 25.41, 0, 0, 4.47
2019/04/26 13:17:00, 23.25, 23.15, 22.94, 26.14, 24.62, 0, 0, 4.47
2019/04/26 13:18:00, 23.25, 23.39, 23.15, 25.82, 24.14, 0, 0, 4.47
2019/04/26 13:19:00, 23.50, 23.53, 23.29, 25.63, 23.89, 0, 0, 4.47
2019/04/26 13:20:00, 23.50, 23.63, 23.41, 25.60, 23.81, 0, 0, 4.47
2019/04/26 13:21:00, 23.50, 23.74, 23.52, 25.38, 23.59, 0, 0, 4.47
2019/04/26 13:22:00, 23.50, 23.79, 23.57, 25.31, 23.48, 0, 0, 4.47
2019/04/26 13:23:00, 23.75, 23.84, 23.62, 25.21, 23.41, 0, 0, 4.47
2019/04/26 13:24:00, 23.75, 23.90, 23.67, 25.14, 23.28, 0, 0, 4.47
2019/04/26 13:25:00, 23.75, 23.88, 23.72, 25.10, 23.22, 0, 0, 4.47
2019/04/26 13:26:00, 23.75, 23.97, 23.74, 25.06, 23.20, 0, 0, 4.47
2019/04/26 13:27:00, 23.75, 23.97, 23.77, 25.04, 23.17, 0, 0, 4.47
2019/04/26 13:28:00, 23.75, 24.01, 23.79, 25.10, 23.19, 0, 0, 4.47
2019/04/26 13:29:00, 23.75, 24.01, 23.80, 25.00, 23.13, 0, 0, 4.47
2019/04/26 13:30:00, 23.75, 24.01, 23.79, 24.95, 23.15, 0, 0, 4.47
2019/04/26 13:31:00, 24.00, 24.01, 23.81, 25.13, 23.22, 0, 0, 4.47
2019/04/26 13:32:00, 24.00, 24.04, 23.82, 25.14, 23.19, 0, 0, 4.47
2019/04/26 13:33:00, 24.00, 24.01, 23.83, 25.07, 23.16, 0, 0, 4.47
2019/04/26 13:34:00, 24.00, 24.07, 23.82, 25.05, 23.17, 0, 0, 4.47
2019/04/26 13:35:00, 24.00, 24.05, 23.84, 25.16, 23.21, 0, 0, 4.47
2019/04/26 13:36:00, 24.00, 24.05, 23.82, 25.12, 23.21, 0, 0, 4.47
2019/04/26 13:37:00, 24.00, 24.07, 23.83, 25.14, 23.19, 0, 0, 4.47
2019/04/26 13:38:00, 24.00, 24.04, 23.82, 25.14, 23.22, 0, 0, 4.47
2019/04/26 13:39:00, 24.00, 24.04, 23.83, 25.18, 23.28, 0, 0, 4.47
2019/04/26 13:40:00, 24.00, 24.05, 23.83, 25.17, 23.28, 0, 0, 4.47
2019/04/26 13:41:00, 24.00, 24.04, 23.84, 25.16, 23.31, 0, 0, 4.47
2019/04/26 13:42:00, 24.00, 24.07, 23.86, 25.21, 23.31, 0, 0, 4.47
2019/04/26 13:43:00, 24.00, 24.08, 23.83, 25.25, 23.31, 0, 0, 4.47
2019/04/26 13:44:00, 24.00, 24.09, 23.84, 25.25, 23.34, 0, 0, 4.47
2019/04/26 13:45:00, 24.00, 24.09, 23.86, 25.13, 23.28, 0, 0, 4.47
2019/04/26 13:46:00, 24.00, 24.07, 23.87, 25.27, 23.35, 0, 0, 4.47
2019/04/26 13:47:00, 24.00, 24.08, 23.87, 25.23, 23.35, 0, 0, 4.47
2019/04/26 13:48:00, 24.00, 24.09, 23.87, 25.33, 23.38, 0, 0, 4.47
2019/04/26 13:49:00, 24.00, 24.09, 23.89, 25.17, 23.38, 0, 0, 4.47
2019/04/26 13:50:00, 24.00, 24.12, 23.92, 25.32, 23.38, 0, 0, 4.47
2019/04/26 13:51:00, 24.00, 24.11, 23.92, 25.30, 23.41, 0, 0, 4.47
2019/04/26 13:52:00, 24.00, 24.11, 23.90, 25.38, 23.39, 0, 0, 4.47
2019/04/26 13:53:00, 24.00, 24.09, 23.92, 25.42, 23.46, 0, 0, 4.47
2019/04/26 13:54:00, 24.00, 24.11, 23.89, 25.36, 23.51, 0, 0, 4.47
2019/04/26 13:55:00, 24.25, 24.14, 23.94, 25.41, 23.47, 0, 0, 4.47
2019/04/26 13:56:00, 24.25, 24.14, 23.94, 25.45, 23.49, 0, 0, 4.47
2019/04/26 13:57:00, 24.25, 24.14, 23.94, 25.44, 23.52, 0, 0, 4.47
2019/04/26 13:58:00, 24.25, 24.15, 23.92, 25.47, 23.54, 0, 0, 4.47
2019/04/26 13:59:00, 24.25, 24.11, 23.90, 25.60, 23.67, 0, 0, 4.47
2019/04/26 14:00:00, 24.25, 24.11, 23.90, 25.52, 23.65, 0, 0, 4.47
2019/04/26 14:01:00, 24.25, 24.12, 23.91, 25.49, 23.64, 0, 0, 4.47
2019/04/26 14:02:00, 24.25, 24.12, 23.95, 25.52, 23.60, 0, 0, 4.47
2019/04/26 14:03:00, 24.25, 24.11, 23.92, 25.39, 23.57, 0, 0, 4.47
2019/04/26 14:04:00, 24.25, 24.15, 23.95, 25.60, 23.60, 0, 0, 4.47
2019/04/26 14:05:00, 24.25, 24.19, 23.97, 25.47, 23.60, 0, 0, 4.47
2019/04/26 14:06:00, 24.25, 24.18, 23.98, 25.50, 23.60, 0, 0, 4.47
2019/04/26 14:07:00, 24.25, 24.20, 23.98, 25.48, 23.57, 0, 0, 4.47
2019/04/26 14:08:00, 24.25, 24.18, 23.97, 25.54, 23.57, 0, 0, 4.47
2019/04/26 14:09:00, 24.25, 24.22, 23.97, 25.32, 23.57, 0, 0, 4.47
2019/04/26 14:10:00, 24.25, 24.16, 23.94, 25.53, 23.62, 0, 0, 4.47
2019/04/26 14:11:00, 24.25, 24.19, 23.96, 25.50, 23.60, 0, 0, 4.47
2019/04/26 14:12:00, 24.25, 24.18, 24.00, 25.40, 23.59, 0, 0, 4.47
2019/04/26 14:13:00, 24.25, 24.16, 23.96, 25.52, 23.65, 0, 0, 4.47
2019/04/26 14:14:00, 24.25, 24.20, 23.98, 25.40, 23.59, 0, 0, 4.47
2019/04/26 14:15:00, 24.25, 24.18, 24.01, 25.44, 23.60, 0, 0, 4.47
2019/04/26 14:16:00, 24.25, 24.20, 23.95, 25.48, 23.63, 0, 0, 4.47
2019/04/26 14:17:00, 24.25, 24.18, 23.97, 25.48, 23.57, 0, 0, 4.47
2019/04/26 14:18:00, 24.25, 24.15, 23.98, 25.48, 23.64, 0, 0, 4.47
2019/04/26 14:19:00, 24.25, 24.19, 23.97, 25.46, 23.59, 0, 0, 4.47
2019/04/26 14:20:00, 24.25, 24.18, 23.97, 25.50, 23.62, 0, 0, 4.47
2019/04/26 14:21:00, 24.25, 24.18, 24.01, 25.50, 23.63, 0, 0, 4.47
2019/04/26 14:22:00, 24.25, 24.19, 23.98, 25.43, 23.57, 0, 0, 4.47
2019/04/26 14:23:00, 24.25, 24.20, 24.02, 25.49, 23.54, 0, 0, 4.47
2019/04/26 14:24:00, 24.25, 24.19, 23.98, 25.43, 23.55, 0, 0, 4.47
2019/04/26 14:25:00, 24.25, 24.22, 24.01, 25.38, 23.56, 0, 0, 4.47
2019/04/26 14:26:00, 24.25, 24.20, 24.01, 25.38, 23.57, 0, 0, 4.47
2019/04/26 14:27:00, 24.25, 24.23, 24.03, 25.43, 23.57, 0, 0, 4.47
2019/04/26 14:28:00, 24.25, 24.22, 24.01, 25.44, 23.58, 0, 0, 4.47
2019/04/26 14:29:00, 24.25, 24.23, 24.03, 25.32, 23.54, 0, 0, 4.47
2019/04/26 14:30:00, 24.25, 24.22, 24.02, 25.50, 23.60, 0, 0, 4.47
2019/04/26 14:31:00, 24.25, 24.22, 24.03, 25.50, 23.62, 0, 0, 4.47
2019/04/26 14:32:00, 24.25, 24.22, 23.98, 25.53, 23.61, 0, 0, 4.47
2019/04/26 14:33:00, 24.25, 24.22, 24.02, 25.55, 23.63, 0, 0, 4.47
2019/04/26 14:34:00, 24.25, 24.23, 24.04, 25.44, 23.63, 0, 0, 4.47
2019/04/26 14:35:00, 24.25, 24.22, 24.03, 25.37, 23.59, 0, 0, 4.47
2019/04/26 14:36:00, 24.25, 24.20, 24.04, 25.56, 23.61, 0, 0, 4.47
2019/04/26 14:37:00, 24.25, 24.23, 24.04, 25.52, 23.61, 0, 0, 4.47
2019/04/26 14:38:00, 24.25, 24.23, 24.04, 25.52, 23.66, 0, 0, 4.47
2019/04/26 14:39:00, 24.25, 24.25, 24.06, 25.52, 23.64, 0, 0, 4.47
2019/04/26 14:40:00, 24.25, 24.25, 24.04, 25.55, 23.67, 0, 0, 4.47
2019/04/26 14:41:00, 24.25, 24.25, 24.04, 25.71, 23.76, 0, 0, 4.47
2019/04/26 14:42:00, 24.25, 24.25, 24.04, 25.59, 23.75, 0, 0, 4.47
2019/04/26 14:43:00, 24.25, 24.25, 24.04, 25.62, 23.80, 0, 0, 4.47
2019/04/26 14:44:00, 24.25, 24.23, 24.04, 25.68, 23.80, 0, 0, 4.47
2019/04/26 14:45:00, 24.25, 24.26, 24.06, 25.68, 23.76, 0, 0, 4.47
2019/04/26 14:46:00, 24.25, 24.25, 24.03, 25.74, 23.86, 0, 0, 4.47
2019/04/26 14:47:00, 24.25, 24.25, 24.05, 25.71, 23.81, 0, 0, 4.47
2019/04/26 14:48:00, 24.50, 24.27, 24.05, 25.55, 23.76, 0, 0, 4.47
2019/04/26 14:49:00, 24.50, 24.27, 24.08, 25.69, 23.83, 0, 0, 4.47
2019/04/26 14:50:00, 24.25, 24.27, 24.10, 25.70, 23.80, 0, 0, 4.47
2019/04/26 14:51:00, 24.50, 24.27, 24.06, 25.68, 23.77, 0, 0, 4.47
2019/04/26 14:52:00, 24.50, 24.27, 24.07, 25.58, 23.85, 0, 0, 4.47
2019/04/26 14:53:00, 24.50, 24.27, 24.07, 25.79, 23.91, 0, 0, 4.47
2019/04/26 14:54:00, 24.50, 24.26, 24.06, 25.79, 23.89, 0, 0, 4.47
2019/04/26 14:55:00, 24.50, 24.27, 24.05, 25.73, 23.88, 0, 0, 4.47
2019/04/26 14:56:00, 24.50, 24.31, 24.10, 25.84, 23.89, 0, 0, 4.47
2019/04/26 14:57:00, 24.50, 24.32, 24.13, 25.67, 23.83, 0, 0, 4.47
2019/04/26 14:58:00, 24.50, 24.29, 24.10, 25.87, 23.93, 0, 0, 4.47
2019/04/26 14:59:00, 24.50, 24.29, 24.08, 25.81, 23.94, 0, 0, 4.47
2019/04/26 15:00:00, 24.50, 24.27, 24.10, 25.86, 23.96, 0, 0, 4.47
2019/04/26 15:01:00, 24.50, 24.27, 24.09, 25.89, 23.97, 0, 0, 4.47
2019/04/26 15:02:00, 24.50, 24.32, 24.09, 25.90, 23.93, 0, 0, 4.47
2019/04/26 15:03:00, 24.50, 24.32, 24.10, 25.86, 23.96, 0, 0, 4.47
2019/04/26 15:04:00, 24.50, 24.33, 24.09, 25.73, 23.91, 0, 0, 4.47
2019/04/26 15:05:00, 24.50, 24.31, 24.06, 25.90, 24.00, 0, 0, 4.47
2019/04/26 15:06:00, 24.50, 24.26, 24.09, 25.89, 23.99, 0, 0, 4.47
2019/04/26 15:07:00, 24.50, 24.26, 24.09, 25.95, 24.00, 0, 0, 4.47
2019/04/26 15:08:00, 24.50, 24.27, 24.07, 25.98, 24.08, 0, 0, 4.47
2019/04/26 15:09:00, 24.50, 24.31, 24.05, 25.90, 24.03, 0, 0, 4.47
2019/04/26 15:10:00, 24.50, 24.27, 24.09, 25.71, 23.99, 0, 0, 4.47
2019/04/26 15:11:00, 24.50, 24.31, 24.07, 25.89, 24.04, 0, 0, 4.47
2019/04/26 15:12:00, 24.50, 24.29, 24.06, 25.93, 24.05, 0, 0, 4.47
2019/04/26 15:13:00, 24.50, 24.29, 24.07, 25.99, 24.10, 0, 0, 4.47
2019/04/26 15:14:00, 24.50, 24.27, 24.07, 26.02, 24.07, 0, 0, 4.47
2019/04/26 15:15:00, 24.50, 24.27, 24.06, 25.98, 24.06, 0, 0, 4.47
2019/04/26 15:16:00, 24.50, 24.25, 24.06, 25.90, 24.10, 0, 0, 4.47
2019/04/26 15:17:00, 24.50, 24.27, 24.04, 25.98, 24.04, 0, 0, 4.47
2019/04/26 15:18:00, 24.50, 24.29, 24.07, 25.95, 24.05, 0, 0, 4.47
2019/04/26 15:19:00, 24.50, 24.27, 24.04, 25.93, 24.08, 0, 0, 4.47
2019/04/26 15:20:00, 24.50, 24.25, 24.06, 25.92, 24.07, 0, 0, 4.47
2019/04/26 15:21:00, 24.50, 24.27, 24.07, 25.83, 24.02, 0, 0, 4.47
2019/04/26 15:22:00, 24.50, 24.26, 24.08, 25.93, 24.07, 0, 0, 4.47
2019/04/26 15:23:00, 24.50, 24.49, 24.33, 27.08, 26.76, 0, 0, 4.47
2019/04/26 15:24:00, 24.50, 24.44, 24.23, 26.10, 24.68, 0, 0, 4.47
2019/04/26 15:25:00, 24.50, 24.42, 24.22, 26.07, 24.28, 0, 0, 4.47
2019/04/26 15:26:00, 24.50, 24.40, 24.22, 26.06, 24.23, 0, 0, 4.47
2019/04/26 15:27:00, 24.50, 24.42, 24.24, 25.99, 24.14, 0, 0, 4.47
2019/04/26 15:28:00, 24.50, 24.44, 24.26, 25.99, 24.12, 0, 0, 4.47
2019/04/26 15:29:00, 24.50, 24.42, 24.22, 25.96, 24.09, 0, 0, 4.47
2019/04/26 15:30:00, 24.50, 24.42, 24.22, 25.91, 24.05, 0, 0, 4.47
2019/04/26 15:31:00, 24.50, 24.40, 24.23, 25.92, 24.06, 0, 0, 4.47
2019/04/26 15:32:00, 24.50, 24.43, 24.24, 25.97, 24.06, 0, 0, 4.47
2019/04/26 15:33:00, 24.50, 24.43, 24.25, 25.91, 24.03, 0, 0, 4.47
2019/04/26 15:34:00, 24.50, 24.43, 24.25, 25.83, 24.00, 0, 0, 4.47
2019/04/26 15:35:00, 24.50, 24.43, 24.26, 25.83, 23.98, 0, 0, 4.47
2019/04/26 15:36:00, 24.50, 24.47, 24.27, 25.85, 23.96, 0, 0, 4.47
2019/04/26 15:37:00, 24.50, 24.46, 24.28, 25.83, 23.98, 0, 0, 4.47
2019/04/26 15:38:00, 24.50, 24.46, 24.25, 25.97, 24.02, 0, 0, 4.47
2019/04/26 15:39:00, 24.50, 24.44, 24.27, 26.02, 24.11, 0, 0, 4.47
2019/04/26 15:40:00, 24.50, 24.43, 24.27, 25.92, 24.09, 0, 0, 4.47
2019/04/26 15:41:00, 24.50, 24.43, 24.24, 25.93, 24.09, 0, 0, 4.47
2019/04/26 15:42:00, 24.50, 24.43, 24.25, 25.94, 24.06, 0, 0, 4.47
2019/04/26 15:43:00, 24.75, 24.44, 24.24, 25.97, 24.09, 0, 0, 4.47
2019/04/26 15:44:00, 24.75, 24.42, 24.22, 25.91, 24.11, 0, 0, 4.47
2019/04/26 15:45:00, 24.75, 24.43, 24.23, 26.00, 24.12, 0, 0, 4.47
2019/04/26 15:46:00, 24.75, 24.40, 24.22, 26.00, 24.09, 0, 0, 4.47
2019/04/26 15:47:00, 24.75, 24.39, 24.21, 25.96, 24.08, 0, 0, 4.47
2019/04/26 15:48:00, 24.75, 24.40, 24.20, 25.98, 24.09, 0, 0, 4.47
2019/04/26 15:49:00, 24.75, 24.39, 24.20, 25.96, 24.13, 0, 0, 4.47
2019/04/26 15:50:00, 24.75, 24.39, 24.18, 26.01, 24.15, 0, 0, 4.47
2019/04/26 15:51:00, 24.75, 24.39, 24.23, 25.98, 24.15, 0, 0, 4.47
2019/04/26 15:52:00, 24.75, 24.39, 24.21, 25.96, 24.10, 0, 0, 4.47
2019/04/26 15:53:00, 24.75, 24.40, 24.21, 26.00, 24.11, 0, 0, 4.47
2019/04/26 15:54:00, 24.75, 24.39, 24.21, 26.00, 24.10, 0, 0, 4.47
2019/04/26 15:55:00, 24.75, 24.40, 24.24, 26.01, 24.15, 0, 0, 4.47
2019/04/26 15:56:00, 24.75, 24.40, 24.21, 26.00, 24.11, 0, 0, 4.47
2019/04/26 15:57:00, 24.75, 24.40, 24.22, 25.98, 24.12, 0, 0, 4.47
2019/04/26 15:58:00, 24.75, 24.38, 24.21, 26.00, 24.12, 0, 0, 4.47
2019/04/26 15:59:00, 24.75, 24.38, 24.20, 26.00, 24.15, 0, 0, 4.47
2019/04/26 16:00:00, 24.75, 24.43, 24.23, 26.09, 24.19, 0, 0, 4.47
2019/04/26 16:01:00, 24.75, 24.43, 24.23, 26.03, 24.18, 0, 0, 4.47
2019/04/26 16:02:00, 24.75, 24.43, 24.27, 25.97, 24.13, 0, 0, 4.47
2019/04/26 16:03:00, 24.75, 24.43, 24.23, 25.93, 24.08, 0, 0, 4.47
2019/04/26 16:04:00, 24.75, 24.42, 24.24, 25.96, 24.10, 0, 0, 4.47
2019/04/26 16:05:00, 24.75, 24.42, 24.24, 25.93, 24.09, 0, 0, 4.47
2019/04/26 16:06:00, 24.75, 24.43, 24.23, 26.06, 24.12, 0, 0, 4.47
2019/04/26 16:07:00, 24.75, 24.42, 24.25, 26.05, 24.18, 0, 0, 4.47
2019/04/26 16:08:00, 24.75, 24.44, 24.24, 26.02, 24.17, 0, 0, 4.47
2019/04/26 16:09:00, 24.75, 24.42, 24.23, 26.06, 24.15, 0, 0, 4.47
2019/04/26 16:10:00, 24.75, 24.43, 24.23, 26.07, 24.15, 0, 0, 4.47
2019/04/26 16:11:00, 24.75, 24.42, 24.25, 26.01, 24.13, 0, 0, 4.47
2019/04/26 16:12:00, 24.75, 24.40, 24.25, 26.02, 24.17, 0, 0, 4.47
2019/04/26 16:13:00, 24.75, 24.43, 24.24, 26.05, 24.18, 0, 0, 4.47
2019/04/26 16:14:00, 24.75, 24.39, 24.24, 25.99, 24.16, 0, 0, 4.47
2019/04/26 16:15:00, 24.75, 24.42, 24.25, 26.00, 24.15, 0, 0, 4.47
2019/04/26 16:16:00, 24.75, 24.42, 24.22, 26.00, 24.16, 0, 0, 4.47
2019/04/26 16:17:00, 24.75, 24.42, 24.22, 26.01, 24.17, 0, 0, 4.47
2019/04/26 16:18:00, 24.75, 24.39, 24.21, 26.17, 24.23, 0, 0, 4.47
2019/04/26 16:19:00, 24.75, 24.38, 24.20, 26.16, 24.21, 0, 0, 4.47
2019/04/26 16:20:00, 24.75, 24.35, 24.17, 26.12, 24.22, 0, 0, 4.47
2019/04/26 16:21:00, 24.75, 24.35, 24.17, 26.19, 24.32, 0, 0, 4.47
2019/04/26 16:22:00, 24.75, 24.35, 24.15, 26.16, 24.27, 0, 0, 4.47
2019/04/26 16:23:00, 24.75, 24.36, 24.18, 26.10, 24.22, 0, 0, 4.47
2019/04/26 16:24:00, 24.75, 24.33, 24.19, 26.07, 24.21, 0, 0, 4.47
2019/04/26 16:25:00, 24.75, 24.36, 24.15, 26.10, 24.18, 0, 0, 4.47
2019/04/26 16:26:00, 24.75, 24.36, 24.19, 26.01, 24.17, 0, 0, 4.47
2019/04/26 16:27:00, 24.75, 24.35, 24.17, 26.07, 24.15, 0, 0, 4.47
2019/04/26 16:28:00, 24.75, 24.36, 24.17, 26.03, 24.15, 0, 0, 4.47
2019/04/26 16:29:00, 24.75, 24.35, 24.17, 25.94, 24.09, 0, 0, 4.47
2019/04/26 16:30:00, 24.75, 24.33, 24.17, 26.06, 24.15, 0, 0, 4.47
2019/04/26 16:31:00, 24.75, 24.33, 24.16, 26.01, 24.15, 0, 0, 4.47
2019/04/26 16:32:00, 24.75, 24.35, 24.18, 25.97, 24.09, 0, 0, 4.47
2019/04/26 16:33:00, 24.75, 24.35, 24.18, 25.84, 24.01, 0, 0, 4.47
2019/04/26 16:34:00, 24.75, 24.33, 24.15, 25.91, 24.00, 0, 0, 4.47
2019/04/26 16:35:00, 24.75, 24.33, 24.11, 25.92, 24.02, 0, 0, 4.47
2019/04/26 16:36:00, 24.75, 24.33, 24.13, 25.89, 24.05, 0, 0, 4.47
2019/04/26 16:37:00, 24.75, 24.33, 24.13, 25.89, 24.00, 0, 0, 4.47
2019/04/26 16:38:00, 24.75, 24.31, 24.12, 25.89, 24.02, 0, 0, 4.47
2019/04/26 16:39:00, 24.75, 24.31, 24.12, 25.82, 23.95, 0, 0, 4.47
2019/04/26 16:40:00, 24.75, 24.33, 24.12, 25.89, 24.00, 0, 0, 4.47
2019/04/26 16:41:00, 24.75, 24.33, 24.16, 25.83, 24.00, 0, 0, 4.47
2019/04/26 16:42:00, 24.75, 24.32, 24.12, 25.85, 23.95, 0, 0, 4.47
2019/04/26 16:43:00, 24.75, 24.32, 24.13, 25.83, 23.93, 0, 0, 4.47
2019/04/26 16:44:00, 24.75, 24.33, 24.16, 25.77, 23.91, 0, 0, 4.47
2019/04/26 16:45:00, 24.75, 24.31, 24.15, 25.78, 23.91, 0, 0, 4.47
2019/04/26 16:46:00, 24.75, 24.31, 24.13, 25.82, 23.91, 0, 0, 4.47
2019/04/26 16:47:00, 24.75, 24.33, 24.13, 25.82, 23.94, 0, 0, 4.47
2019/04/26 16:48:00, 24.75, 24.33, 24.12, 25.71, 23.87, 0, 0, 4.47
2019/04/26 16:49:00, 24.75, 24.32, 24.15, 25.76, 23.89, 0, 0, 4.47
2019/04/26 16:50:00, 24.75, 24.29, 24.13, 25.73, 23.82, 0, 0, 4.47
2019/04/26 16:51:00, 24.75, 24.31, 24.10, 25.80, 23.95, 0, 0, 4.47
2019/04/26 16:52:00, 24.75, 24.31, 24.11, 25.79, 23.94, 0, 0, 4.47
2019/04/26 16:53:00, 24.75, 24.31, 24.13, 25.74, 23.86, 0, 0, 4.47
2019/04/26 16:54:00, 24.75, 24.31, 24.15, 25.67, 23.87, 0, 0, 4.47
2019/04/26 16:55:00, 24.75, 24.33, 24.13, 25.63, 23.78, 0, 0, 4.47
2019/04/26 16:56:00, 24.75, 24.31, 24.16, 25.64, 23.79, 0, 0, 4.47
2019/04/26 16:57:00, 24.75, 24.32, 24.11, 25.58, 23.76, 0, 0, 4.47
2019/04/26 16:58:00, 24.75, 24.29, 24.15, 25.74, 23.82, 0, 0, 4.46
2019/04/26 16:59:00, 24.75, 24.31, 24.15, 25.63, 23.80, 0, 0, 4.47
2019/04/26 17:00:00, 24.75, 24.33, 24.15, 25.61, 23.77, 0, 0, 4.47
2019/04/26 17:01:00, 24.75, 24.33, 24.13, 25.63, 23.74, 0, 0, 4.47
2019/04/26 17:02:00, 24.75, 24.33, 24.15, 25.61, 23.72, 0, 0, 4.47
2019/04/26 17:03:00, 24.75, 24.31, 24.13, 25.63, 23.74, 0, 0, 4.47
2019/04/26 17:04:00, 24.75, 24.32, 24.15, 25.76, 23.81, 0, 0, 4.47
2019/04/26 17:05:00, 24.75, 24.35, 24.16, 25.61, 23.80, 0, 0, 4.47
2019/04/26 17:06:00, 24.75, 24.33, 24.15, 25.66, 23.76, 0, 0, 4.47
2019/04/26 17:07:00, 24.75, 24.35, 24.17, 25.58, 23.77, 0, 0, 4.47
2019/04/26 17:08:00, 24.75, 24.35, 24.17, 25.63, 23.72, 0, 0, 4.47
2019/04/26 17:09:00, 24.75, 24.33, 24.17, 25.74, 23.89, 0, 0, 4.47
2019/04/26 17:10:00, 24.75, 24.35, 24.17, 25.61, 23.78, 0, 0, 4.47
2019/04/26 17:11:00, 24.75, 24.33, 24.15, 25.58, 23.73, 0, 0, 4.47
2019/04/26 17:12:00, 24.75, 24.31, 24.12, 25.60, 23.73, 0, 0, 4.46
2019/04/26 17:13:00, 24.75, 24.31, 24.12, 25.63, 23.73, 0, 0, 4.47
2019/04/26 17:14:00, 24.75, 24.29, 24.10, 25.65, 23.74, 0, 0, 4.47
2019/04/26 17:15:00, 24.75, 24.31, 24.09, 25.69, 23.78, 0, 0, 4.47
2019/04/26 17:16:00, 24.75, 24.27, 24.10, 25.61, 23.76, 0, 0, 4.47
2019/04/26 17:17:00, 24.75, 24.29, 24.07, 25.65, 23.73, 0, 0, 4.47
2019/04/26 17:18:00, 24.75, 24.26, 24.07, 25.61, 23.76, 0, 0, 4.47
2019/04/26 17:19:00, 24.75, 24.23, 24.06, 25.67, 23.76, 0, 0, 4.47
2019/04/26 17:20:00, 24.75, 24.25, 24.04, 25.59, 23.77, 0, 0, 4.47
2019/04/26 17:21:00, 24.75, 24.23, 24.05, 25.63, 23.76, 0, 0, 4.47
2019/04/26 17:22:00, 24.75, 24.22, 24.03, 25.59, 23.76, 0, 0, 4.47
2019/04/26 17:23:00, 24.75, 24.22, 24.04, 25.59, 23.72, 0, 0, 4.47
2019/04/26 17:24:00, 24.75, 24.20, 24.00, 25.59, 23.73, 0, 0, 4.46
2019/04/26 17:25:00, 24.75, 24.18, 24.00, 25.66, 23.74, 0, 0, 4.47
2019/04/26 17:26:00, 24.75, 24.20, 23.98, 25.60, 23.75, 0, 0, 4.47
2019/04/26 17:27:00, 24.75, 24.18, 24.01, 25.63, 23.76, 0, 0, 4.47
2019/04/26 17:28:00, 24.75, 24.18, 24.00, 25.63, 23.76, 0, 0, 4.47
2019/04/26 17:29:00, 24.75, 24.18, 23.98, 25.59, 23.76, 0, 0, 4.46
2019/04/26 17:30:00, 24.75, 24.16, 23.98, 25.65, 23.74, 0, 0, 4.47
2019/04/26 17:31:00, 24.75, 24.15, 23.97, 25.60, 23.76, 0, 0, 4.47
2019/04/26 17:32:00, 24.75, 24.18, 23.98, 25.63, 23.76, 0, 0, 4.47
2019/04/26 17:33:00, 24.75, 24.16, 23.97, 25.59, 23.74, 0, 0, 4.47
2019/04/26 17:34:00, 24.75, 24.15, 23.95, 25.62, 23.70, 0, 0, 4.47
2019/04/26 17:35:00, 24.75, 24.15, 23.96, 25.61, 23.71, 0, 0, 4.47
2019/04/26 17:36:00, 24.75, 24.15, 23.95, 25.61, 23.74, 0, 0, 4.47
2019/04/26 17:37:00, 24.75, 24.12, 23.93, 25.66, 23.75, 0, 0, 4.47
2019/04/26 17:38:00, 24.75, 24.11, 23.93, 25.62, 23.74, 0, 0, 4.46
2019/04/26 17:39:00, 24.75, 24.12, 23.93, 25.67, 23.78, 0, 0, 4.47
2019/04/26 17:40:00, 24.75, 24.09, 23.93, 25.66, 23.76, 0, 0, 4.46
2019/04/26 17:41:00, 24.75, 24.11, 23.92, 25.65, 23.80, 0, 0, 4.46
2019/04/26 17:42:00, 24.75, 24.09, 23.92, 25.60, 23.76, 0, 0, 4.46
2019/04/26 17:43:00, 24.75, 24.11, 23.92, 25.56, 23.71, 0, 0, 4.47
2019/04/26 17:44:00, 24.75, 24.07, 23.90, 25.59, 23.74, 0, 0, 4.46
2019/04/26 17:45:00, 24.75, 24.08, 23.90, 25.67, 23.77, 0, 0, 4.46
2019/04/26 17:46:00, 24.75, 24.08, 23.91, 25.68, 23.78, 0, 0, 4.47
2019/04/26 17:47:00, 24.75, 24.07, 23.89, 25.61, 23.76, 0, 0, 4.47
2019/04/26 17:48:00, 24.75, 24.07, 23.89, 25.62, 23.76, 0, 0, 4.47
2019/04/26 17:49:00, 24.75, 24.08, 23.86, 25.62, 23.78, 0, 0, 4.47
2019/04/26 17:50:00, 24.75, 24.08, 23.88, 25.70, 23.78, 0, 0, 4.47
2019/04/26 17:51:00, 24.75, 24.07, 23.89, 25.65, 23.79, 0, 0, 4.47
2019/04/26 17:52:00, 24.75, 24.08, 23.87, 25.64, 23.76, 0, 0, 4.47
2019/04/26 17:53:00, 24.75, 24.07, 23.88, 25.62, 23.73, 0, 0, 4.46
2019/04/26 17:54:00, 24.75, 24.05, 23.87, 25.64, 23.76, 0, 0, 4.46
2019/04/26 17:55:00, 24.75, 24.02, 23.87, 25.65, 23.75, 0, 0, 4.46
2019/04/26 17:56:00, 24.75, 24.07, 23.87, 25.68, 23.79, 0, 0, 4.46
2019/04/26 17:57:00, 24.75, 24.05, 23.88, 25.65, 23.76, 0, 0, 4.47
2019/04/26 17:58:00, 24.50, 24.05, 23.86, 25.64, 23.77, 0, 0, 4.47
2019/04/26 17:59:00, 24.75, 24.05, 23.89, 25.61, 23.75, 0, 0, 4.47
2019/04/26 18:00:00, 24.50, 24.07, 23.88, 25.61, 23.77, 0, 0, 4.47
2019/04/26 18:01:00, 24.50, 24.05, 23.87, 25.68, 23.76, 0, 0, 4.47
2019/04/26 18:02:00, 24.50, 24.04, 23.84, 25.62, 23.76, 0, 0, 4.46
2019/04/26 18:03:00, 24.50, 24.05, 23.86, 25.61, 23.76, 0, 0, 4.47
2019/04/26 18:04:00, 24.50, 24.02, 23.84, 25.61, 23.76, 0, 0, 4.46
2019/04/26 18:05:00, 24.50, 24.01, 23.82, 25.65, 23.75, 0, 0, 4.46
2019/04/26 18:06:00, 24.50, 24.02, 23.83, 25.63, 23.76, 0, 0, 4.46
2019/04/26 18:07:00, 24.50, 24.02, 23.86, 25.62, 23.73, 0, 0, 4.47
2019/04/26 18:08:00, 24.50, 24.04, 23.83, 25.62, 23.75, 0, 0, 4.47
2019/04/26 18:09:00, 24.50, 24.01, 23.82, 25.62, 23.75, 0, 0, 4.47
2019/04/26 18:10:00, 24.50, 24.01, 23.82, 25.66, 23.76, 0, 0, 4.47
2019/04/26 18:11:00, 24.50, 24.01, 23.81, 25.60, 23.75, 0, 0, 4.46
2019/04/26 18:12:00, 24.50, 23.99, 23.82, 25.65, 23.75, 0, 0, 4.47
2019/04/26 18:13:00, 24.50, 23.98, 23.82, 25.62, 23.77, 0, 0, 4.47
2019/04/26 18:14:00, 24.50, 23.98, 23.78, 25.63, 23.75, 0, 0, 4.47
2019/04/26 18:15:00, 24.50, 23.98, 23.80, 25.70, 23.80, 0, 0, 4.46
2019/04/26 18:16:00, 24.50, 23.99, 23.80, 25.56, 23.80, 0, 0, 4.46
2019/04/26 18:17:00, 24.50, 23.99, 23.80, 25.69, 23.80, 0, 0, 4.46
2019/04/26 18:18:00, 24.50, 24.01, 23.80, 25.62, 23.77, 0, 0, 4.46
2019/04/26 18:19:00, 24.50, 23.98, 23.79, 25.59, 23.72, 0, 0, 4.46
2019/04/26 18:20:00, 24.50, 23.98, 23.77, 25.63, 23.75, 0, 0, 4.47
2019/04/26 18:21:00, 24.50, 23.98, 23.79, 25.66, 23.76, 0, 0, 4.47
2019/04/26 18:22:00, 24.50, 23.98, 23.80, 25.61, 23.77, 0, 0, 4.46
2019/04/26 18:23:00, 24.50, 23.99, 23.79, 25.61, 23.76, 0, 0, 4.47
2019/04/26 18:24:00, 24.50, 23.97, 23.80, 25.62, 23.76, 0, 0, 4.46
2019/04/26 18:25:00, 24.50, 23.97, 23.78, 25.66, 23.75, 0, 0, 4.46
2019/04/26 18:26:00, 24.50, 23.98, 23.79, 25.66, 23.76, 0, 0, 4.46
2019/04/26 18:27:00, 24.50, 23.97, 23.78, 25.61, 23.78, 0, 0, 4.46
2019/04/26 18:28:00, 24.50, 23.98, 23.77, 25.72, 23.82, 0, 0, 4.47
2019/04/26 18:29:00, 24.50, 23.97, 23.77, 25.64, 23.83, 0, 0, 4.47
2019/04/26 18:30:00, 24.50, 23.97, 23.78, 25.73, 23.81, 0, 0, 4.47
2019/04/26 18:31:00, 24.50, 23.98, 23.79, 25.75, 23.86, 0, 0, 4.46
2019/04/26 18:32:00, 24.50, 23.99, 23.80, 25.72, 23.80, 0, 0, 4.46
2019/04/26 18:33:00, 24.50, 23.97, 23.78, 25.69, 23.78, 0, 0, 4.47
2019/04/26 18:34:00, 24.50, 24.01, 23.80, 25.72, 23.80, 0, 0, 4.47
2019/04/26 18:35:00, 24.50, 23.99, 23.81, 25.61, 23.78, 0, 0, 4.46
2019/04/26 18:36:00, 24.50, 23.98, 23.79, 25.69, 23.79, 0, 0, 4.46
2019/04/26 18:37:00, 24.50, 23.98, 23.78, 25.65, 23.80, 0, 0, 4.47
2019/04/26 18:38:00, 24.50, 23.99, 23.79, 25.73, 23.84, 0, 0, 4.46
2019/04/26 18:39:00, 24.50, 23.99, 23.79, 25.69, 23.80, 0, 0, 4.47
2019/04/26 18:40:00, 24.50, 23.99, 23.78, 25.66, 23.82, 0, 0, 4.46
2019/04/26 18:41:00, 24.50, 23.97, 23.80, 25.73, 23.84, 0, 0, 4.47
2019/04/26 18:42:00, 24.50, 23.99, 23.81, 25.76, 23.84, 0, 0, 4.46
2019/04/26 18:43:00, 24.50, 23.99, 23.77, 25.76, 23.88, 0, 0, 4.47
2019/04/26 18:44:00, 24.50, 23.99, 23.78, 25.70, 23.87, 0, 0, 4.46
2019/04/26 18:45:00, 24.50, 23.99, 23.81, 25.79, 23.86, 0, 0, 4.47
2019/04/26 18:46:00, 24.50, 24.02, 23.82, 25.70, 23.85, 0, 0, 4.46
2019/04/26 18:47:00, 24.50, 23.99, 23.82, 25.74, 23.86, 0, 0, 4.46
2019/04/26 18:48:00, 24.50, 24.01, 23.82, 25.70, 23.86, 0, 0, 4.46
2019/04/26 18:49:00, 24.50, 24.02, 23.82, 25.71, 23.86, 0, 0, 4.47
2019/04/26 18:50:00, 24.50, 24.01, 23.82, 25.74, 23.85, 0, 0, 4.47
2019/04/26 18:51:00, 24.50, 24.04, 23.83, 25.69, 23.80, 0, 0, 4.47
2019/04/26 18:52:00, 24.50, 24.02, 23.86, 25.65, 23.78, 0, 0, 4.47
2019/04/26 18:53:00, 24.50, 24.04, 23.86, 25.68, 23.79, 0, 0, 4.46
2019/04/26 18:54:00, 24.50, 24.04, 23.83, 25.71, 23.85, 0, 0, 4.46
2019/04/26 18:55:00, 24.50, 24.02, 23.83, 25.65, 23.80, 0, 0, 4.46
2019/04/26 18:56:00, 24.50, 24.04, 23.86, 25.75, 23.84, 0, 0, 4.46
2019/04/26 18:57:00, 24.50, 24.07, 23.84, 25.71, 23.82, 0, 0, 4.46
2019/04/26 18:58:00, 24.50, 24.01, 23.83, 25.77, 23.86, 0, 0, 4.46
2019/04/26 18:59:00, 24.50, 24.02, 23.84, 25.71, 23.86, 0, 0, 4.47
2019/04/26 19:00:00, 24.50, 24.05, 23.88, 25.74, 23.87, 0, 0, 4.46
2019/04/26 19:01:00, 24.50, 24.07, 23.88, 25.68, 23.80, 0, 0, 4.46
2019/04/26 19:02:00, 24.50, 24.07, 23.88, 25.71, 23.80, 0, 0, 4.46
2019/04/26 19:03:00, 24.50, 24.09, 23.90, 25.61, 23.80, 0, 0, 4.46
2019/04/26 19:04:00, 24.50, 24.07, 23.90, 25.64, 23.78, 0, 0, 4.46
2019/04/26 19:05:00, 24.50, 24.07, 23.89, 25.72, 23.80, 0, 0, 4.46
2019/04/26 19:06:00, 24.50, 24.08, 23.89, 25.71, 23.81, 0, 0, 4.46
2019/04/26 19:07:00, 24.50, 24.07, 23.88, 25.64, 23.82, 0, 0, 4.46
2019/04/26 19:08:00, 24.50, 24.04, 23.89, 25.71, 23.81, 0, 0, 4.46
2019/04/26 19:09:00, 24.50, 24.04, 23.88, 25.73, 23.84, 0, 0, 4.46
2019/04/26 19:10:00, 24.50, 24.08, 23.89, 25.72, 23.85, 0, 0, 4.46
2019/04/26 19:11:00, 24.50, 24.07, 23.89, 25.65, 23.83, 0, 0, 4.46
2019/04/26 19:12:00, 24.50, 24.05, 23.91, 25.74, 23.83, 0, 0, 4.46
2019/04/26 19:13:00, 24.50, 24.07, 23.87, 25.70, 23.85, 0, 0, 4.46
2019/04/26 19:14:00, 24.50, 24.05, 23.90, 25.72, 23.86, 0, 0, 4.46
2019/04/26 19:15:00, 24.50, 24.07, 23.86, 25.72, 23.87, 0, 0, 4.46
2019/04/26 19:16:00, 24.50, 24.07, 23.88, 25.77, 23.89, 0, 0, 4.46
2019/04/26 19:17:00, 24.50, 24.05, 23.88, 25.73, 23.84, 0, 0, 4.46
2019/04/26 19:18:00, 24.50, 24.05, 23.87, 25.72, 23.83, 0, 0, 4.46
2019/04/26 19:19:00, 24.50, 24.04, 23.86, 25.72, 23.87, 0, 0, 4.46
2019/04/26 19:20:00, 24.50, 24.04, 23.87, 25.81, 23.92, 0, 0, 4.46
2019/04/26 19:21:00, 24.50, 24.05, 23.88, 25.76, 23.88, 0, 0, 4.46
2019/04/26 19:22:00, 24.50, 24.02, 23.86, 25.72, 23.86, 0, 0, 4.46
2019/04/26 19:23:00, 24.50, 24.07, 23.88, 25.71, 23.89, 0, 0, 4.46
2019/04/26 19:24:00, 24.50, 24.07, 23.88, 25.74, 23.89, 0, 0, 4.46
2019/04/26 19:25:00, 24.50, 24.07, 23.89, 25.74, 23.88, 0, 0, 4.46
2019/04/26 19:26:00, 24.50, 24.07, 23.87, 25.69, 23.82, 0, 0, 4.46
2019/04/26 19:27:00, 24.50, 24.05, 23.89, 25.72, 23.84, 0, 0, 4.46
2019/04/26 19:28:00, 24.50, 24.07, 23.89, 25.71, 23.84, 0, 0, 4.46
2019/04/26 19:29:00, 24.50, 24.05, 23.88, 25.80, 23.87, 0, 0, 4.46
2019/04/26 19:30:00, 24.50, 24.08, 23.88, 25.71, 23.86, 0, 0, 4.46
2019/04/26 19:31:00, 24.50, 24.07, 23.87, 25.74, 23.83, 0, 0, 4.47
2019/04/26 19:32:00, 24.50, 24.07, 23.88, 25.78, 23.88, 0, 0, 4.46
2019/04/26 19:33:00, 24.50, 24.05, 23.90, 25.72, 23.85, 0, 0, 4.46
2019/04/26 19:34:00, 24.50, 24.05, 23.89, 25.77, 23.86, 0, 0, 4.46
2019/04/26 19:35:00, 24.50, 24.07, 23.88, 25.71, 23.84, 0, 0, 4.46
2019/04/26 19:36:00, 24.50, 24.07, 23.89, 25.75, 23.87, 0, 0, 4.46
2019/04/26 19:37:00, 24.50, 24.07, 23.88, 25.70, 23.86, 0, 0, 4.46
2019/04/26 19:38:00, 24.50, 24.04, 23.87, 25.74, 23.88, 0, 0, 4.46
2019/04/26 19:39:00, 24.50, 24.05, 23.86, 25.81, 23.91, 0, 0, 4.46
2019/04/26 19:40:00, 24.50, 24.05, 23.83, 25.78, 23.90, 0, 0, 4.46
2019/04/26 19:41:00, 24.50, 24.05, 23.87, 25.80, 23.93, 0, 0, 4.46
2019/04/26 19:42:00, 24.50, 24.04, 23.88, 25.80, 23.91, 0, 0, 4.46
2019/04/26 19:43:00, 24.50, 24.05, 23.86, 25.77, 23.89, 0, 0, 4.46
2019/04/26 19:44:00, 24.50, 24.05, 23.86, 25.81, 23.89, 0, 0, 4.46
2019/04/26 19:45:00, 24.50, 24.05, 23.88, 25.80, 23.96, 0, 0, 4.46
2019/04/26 19:46:00, 24.50, 24.07, 23.88, 25.75, 23.93, 0, 0, 4.46
2019/04/26 19:47:00, 24.50, 24.04, 23.88, 25.78, 23.89, 0, 0, 4.46
2019/04/26 19:48:00, 24.50, 24.04, 23.86, 25.80, 23.93, 0, 0, 4.46
2019/04/26 19:49:00, 24.50, 24.05, 23.88, 25.78, 23.93, 0, 0, 4.47
2019/04/26 19:50:00, 24.50, 24.02, 23.84, 25.86, 23.92, 0, 0, 4.46
2019/04/26 19:51:00, 24.50, 24.04, 23.83, 25.77, 23.93, 0, 0, 4.46
2019/04/26 19:52:00, 24.50, 24.04, 23.84, 25.88, 23.98, 0, 0, 4.46
2019/04/26 19:53:00, 24.50, 24.04, 23.86, 25.84, 23.96, 0, 0, 4.46
2019/04/26 19:54:00, 24.50, 24.02, 23.84, 25.87, 23.96, 0, 0, 4.46
2019/04/26 19:55:00, 24.50, 24.04, 23.86, 25.84, 23.95, 0, 0, 4.46
2019/04/26 19:56:00, 24.50, 24.01, 23.84, 25.87, 23.98, 0, 0, 4.46
2019/04/26 19:57:00, 24.50, 24.02, 23.84, 25.85, 24.00, 0, 0, 4.46
2019/04/26 19:58:00, 24.50, 24.01, 23.86, 25.85, 24.00, 0, 0, 4.46
2019/04/26 19:59:00, 24.50, 24.02, 23.82, 25.87, 23.98, 0, 0, 4.46
2019/04/26 20:00:00, 24.50, 24.01, 23.86, 25.88, 24.02, 0, 0, 4.46
2019/04/26 20:01:00, 24.50, 24.02, 23.83, 25.84, 23.98, 0, 0, 4.46
2019/04/26 20:02:00, 24.50, 24.02, 23.82, 25.88, 24.00, 0, 0, 4.46
2019/04/26 20:03:00, 24.50, 24.01, 23.83, 25.85, 24.01, 0, 0, 4.46
2019/04/26 20:04:00, 24.50, 24.04, 23.86, 25.90, 24.00, 0, 0, 4.46
2019/04/26 20:05:00, 24.50, 24.02, 23.81, 25.88, 24.02, 0, 0, 4.46
2019/04/26 20:06:00, 24.50, 24.04, 23.82, 25.87, 24.01, 0, 0, 4.46
2019/04/26 20:07:00, 24.50, 24.02, 23.84, 25.90, 24.00, 0, 0, 4.46
2019/04/26 20:08:00, 24.50, 23.99, 23.82, 25.90, 24.04, 0, 0, 4.46
2019/04/26 20:09:00, 24.50, 23.99, 23.82, 25.87, 24.03, 0, 0, 4.46
2019/04/26 20:10:00, 24.50, 24.01, 23.82, 25.91, 24.02, 0, 0, 4.46
2019/04/26 20:11:00, 24.50, 24.01, 23.82, 25.97, 24.05, 0, 0, 4.46
2019/04/26 20:12:00, 24.50, 24.02, 23.80, 25.96, 24.05, 0, 0, 4.46
2019/04/26 20:13:00, 24.50, 23.99, 23.81, 25.91, 24.04, 0, 0, 4.46
2019/04/26 20:14:00, 24.50, 24.02, 23.83, 25.97, 24.07, 0, 0, 4.46
2019/04/26 20:15:00, 24.50, 24.01, 23.82, 25.91, 24.05, 0, 0, 4.46
2019/04/26 20:16:00, 24.50, 24.01, 23.82, 25.91, 24.05, 0, 0, 4.46
2019/04/26 20:17:00, 24.50, 23.99, 23.83, 25.90, 24.04, 0, 0, 4.46
2019/04/26 20:18:00, 24.50, 24.01, 23.83, 25.91, 24.05, 0, 0, 4.46
2019/04/26 20:19:00, 24.50, 23.99, 23.82, 25.85, 24.05, 0, 0, 4.46
2019/04/26 20:20:00, 24.50, 24.01, 23.81, 25.98, 24.08, 0, 0, 4.46
2019/04/26 20:21:00, 24.50, 24.01, 23.81, 25.98, 24.10, 0, 0, 4.46
2019/04/26 20:22:00, 24.50, 24.04, 23.82, 25.97, 24.12, 0, 0, 4.46
2019/04/26 20:23:00, 24.50, 23.99, 23.82, 25.97, 24.10, 0, 0, 4.46
2019/04/26 20:24:00, 24.50, 24.01, 23.82, 25.96, 24.09, 0, 0, 4.46
2019/04/26 20:25:00, 24.50, 24.01, 23.86, 26.06, 24.13, 0, 0, 4.46
2019/04/26 20:26:00, 24.50, 24.02, 23.84, 25.97, 24.15, 0, 0, 4.46
2019/04/26 20:27:00, 24.50, 24.05, 23.84, 25.98, 24.16, 0, 0, 4.46
2019/04/26 20:28:00, 24.50, 24.05, 23.86, 26.00, 24.12, 0, 0, 4.46
2019/04/26 20:29:00, 24.50, 24.05, 23.87, 26.02, 24.15, 0, 0, 4.46
2019/04/26 20:30:00, 24.50, 24.07, 23.84, 26.02, 24.15, 0, 0, 4.46
2019/04/26 20:31:00, 24.50, 24.07, 23.87, 26.02, 24.16, 0, 0, 4.46
2019/04/26 20:32:00, 24.50, 24.05, 23.87, 26.08, 24.21, 0, 0, 4.46
2019/04/26 20:33:00, 24.50, 24.08, 23.87, 26.09, 24.18, 0, 0, 4.46
2019/04/26 20:34:00, 24.50, 24.04, 23.87, 26.04, 24.18, 0, 0, 4.46
2019/04/26 20:35:00, 24.50, 24.05, 23.83, 26.03, 24.19, 0, 0, 4.46
2019/04/26 20:36:00, 24.50, 24.04, 23.82, 26.12, 24.25, 0, 0, 4.46
2019/04/26 20:37:00, 24.50, 24.04, 23.82, 26.12, 24.22, 0, 0, 4.46
2019/04/26 20:38:00, 24.50, 24.02, 23.82, 26.16, 24.25, 0, 0, 4.46
2019/04/26 20:39:00, 24.50, 23.98, 23.79, 26.17, 24.28, 0, 0, 4.46
2019/04/26 20:40:00, 24.50, 23.98, 23.81, 26.16, 24.28, 0, 0, 4.46
2019/04/26 20:41:00, 24.50, 23.97, 23.80, 26.09, 24.26, 0, 0, 4.46
2019/04/26 20:42:00, 24.50, 23.98, 23.81, 26.16, 24.28, 0, 0, 4.46
2019/04/26 20:43:00, 24.50, 23.97, 23.78, 26.16, 24.29, 0, 0, 4.46
2019/04/26 20:44:00, 24.50, 23.98, 23.77, 26.19, 24.28, 0, 0, 4.46
2019/04/26 20:45:00, 24.50, 23.95, 23.77, 26.14, 24.30, 0, 0, 4.46
2019/04/26 20:46:00, 24.50, 23.94, 23.76, 26.19, 24.33, 0, 0, 4.46
2019/04/26 20:47:00, 24.50, 23.92, 23.75, 26.13, 24.32, 0, 0, 4.46
2019/04/26 20:48:00, 24.50, 23.91, 23.73, 26.17, 24.34, 0, 0, 4.46
2019/04/26 20:49:00, 24.50, 23.90, 23.72, 26.20, 24.36, 0, 0, 4.46
2019/04/26 20:50:00, 24.50, 23.91, 23.73, 26.23, 24.38, 0, 0, 4.46
2019/04/26 20:51:00, 24.50, 23.90, 23.72, 26.27, 24.39, 0, 0, 4.46
2019/04/26 20:52:00, 24.25, 23.88, 23.69, 26.23, 24.39, 0, 0, 4.46
2019/04/26 20:53:00, 24.25, 23.88, 23.66, 26.24, 24.41, 0, 0, 4.46
2019/04/26 20:54:00, 24.25, 23.87, 23.69, 26.28, 24.44, 0, 0, 4.46
2019/04/26 20:55:00, 24.25, 23.85, 23.67, 26.25, 24.43, 0, 0, 4.46
2019/04/26 20:56:00, 24.25, 23.87, 23.69, 26.33, 24.44, 0, 0, 4.46
2019/04/26 20:57:00, 24.25, 23.85, 23.68, 26.30, 24.44, 0, 0, 4.46
2019/04/26 20:58:00, 24.25, 23.87, 23.68, 26.27, 24.43, 0, 0, 4.46
2019/04/26 20:59:00, 24.25, 23.87, 23.68, 26.30, 24.49, 0, 0, 4.46
2019/04/26 21:00:00, 24.25, 23.84, 23.68, 26.34, 24.47, 0, 0, 4.46
2019/04/26 21:01:00, 24.25, 23.85, 23.64, 26.29, 24.50, 0, 0, 4.46
2019/04/26 21:02:00, 24.25, 23.85, 23.64, 26.35, 24.49, 0, 0, 4.46
2019/04/26 21:03:00, 24.25, 23.84, 23.62, 26.32, 24.50, 0, 0, 4.46
2019/04/26 21:04:00, 24.25, 23.84, 23.66, 26.40, 24.49, 0, 0, 4.46
2019/04/26 21:05:00, 24.25, 23.81, 23.63, 26.42, 24.52, 0, 0, 4.46
2019/04/26 21:06:00, 24.25, 23.83, 23.61, 26.44, 24.58, 0, 0, 4.46
2019/04/26 21:07:00, 24.25, 23.84, 23.63, 26.41, 24.57, 0, 0, 4.46
2019/04/26 21:08:00, 24.25, 23.84, 23.63, 26.38, 24.54, 0, 0, 4.46
2019/04/26 21:09:00, 24.25, 23.83, 23.62, 26.35, 24.53, 0, 0, 4.46
2019/04/26 21:10:00, 24.25, 23.83, 23.63, 26.39, 24.55, 0, 0, 4.46
2019/04/26 21:11:00, 24.25, 23.81, 23.61, 26.41, 24.56, 0, 0, 4.46
2019/04/26 21:12:00, 24.25, 23.81, 23.63, 26.48, 24.61, 0, 0, 4.46
2019/04/26 21:13:00, 24.25, 23.81, 23.62, 26.47, 24.61, 0, 0, 4.46
2019/04/26 21:14:00, 24.25, 23.79, 23.59, 26.39, 24.61, 0, 0, 4.46
2019/04/26 21:15:00, 24.25, 23.80, 23.62, 26.48, 24.60, 0, 0, 4.46
2019/04/26 21:16:00, 24.25, 23.80, 23.60, 26.44, 24.60, 0, 0, 4.46
2019/04/26 21:17:00, 24.25, 23.80, 23.59, 26.52, 24.64, 0, 0, 4.46
2019/04/26 21:18:00, 24.25, 23.83, 23.62, 26.51, 24.63, 0, 0, 4.46
2019/04/26 21:19:00, 24.25, 23.79, 23.61, 26.47, 24.63, 0, 0, 4.46
2019/04/26 21:20:00, 24.25, 23.79, 23.60, 26.54, 24.65, 0, 0, 4.46
2019/04/26 21:21:00, 24.25, 23.77, 23.59, 26.46, 24.65, 0, 0, 4.46
2019/04/26 21:22:00, 24.25, 23.80, 23.62, 26.50, 24.65, 0, 0, 4.46
2019/04/26 21:23:00, 24.25, 23.77, 23.60, 26.55, 24.64, 0, 0, 4.46
2019/04/26 21:24:00, 24.25, 23.80, 23.60, 26.52, 24.66, 0, 0, 4.46
2019/04/26 21:25:00, 24.25, 23.81, 23.60, 26.51, 24.64, 0, 0, 4.46
2019/04/26 21:26:00, 24.25, 23.77, 23.60, 26.47, 24.67, 0, 0, 4.46
2019/04/26 21:27:00, 24.25, 23.81, 23.60, 26.54, 24.65, 0, 0, 4.46
2019/04/26 21:28:00, 24.25, 23.80, 23.59, 26.55, 24.66, 0, 0, 4.46
2019/04/26 21:29:00, 24.25, 23.79, 23.60, 26.51, 24.63, 0, 0, 4.46
2019/04/26 21:30:00, 24.25, 23.80, 23.58, 26.54, 24.65, 0, 0, 4.46
2019/04/26 21:31:00, 24.25, 23.79, 23.61, 26.53, 24.67, 0, 0, 4.46
2019/04/26 21:32:00, 24.25, 23.81, 23.59, 26.51, 24.67, 0, 0, 4.46
2019/04/26 21:33:00, 24.25, 23.80, 23.60, 26.50, 24.66, 0, 0, 4.46
2019/04/26 21:34:00, 24.25, 23.79, 23.60, 26.51, 24.64, 0, 0, 4.46
2019/04/26 21:35:00, 24.25, 23.77, 23.60, 26.51, 24.67, 0, 0, 4.46
2019/04/26 21:36:00, 24.25, 23.77, 23.59, 26.51, 24.67, 0, 0, 4.46
2019/04/26 21:37:00, 24.25, 23.76, 23.61, 26.60, 24.67, 0, 0, 4.46
2019/04/26 21:38:00, 24.25, 23.76, 23.59, 26.51, 24.67, 0, 0, 4.46
2019/04/26 21:39:00, 24.25, 23.77, 23.60, 26.52, 24.68, 0, 0, 4.46
2019/04/26 21:40:00, 24.25, 23.79, 23.58, 26.48, 24.67, 0, 0, 4.46
2019/04/26 21:41:00, 24.25, 23.79, 23.59, 26.58, 24.70, 0, 0, 4.46
2019/04/26 21:42:00, 24.25, 23.77, 23.59, 26.55, 24.67, 0, 0, 4.46
2019/04/26 21:43:00, 24.25, 23.76, 23.60, 26.51, 24.69, 0, 0, 4.46
2019/04/26 21:44:00, 24.25, 23.79, 23.61, 26.51, 24.68, 0, 0, 4.46
2019/04/26 21:45:00, 24.25, 23.77, 23.58, 26.52, 24.67, 0, 0, 4.46
2019/04/26 21:46:00, 24.25, 23.76, 23.58, 26.50, 24.67, 0, 0, 4.46
2019/04/26 21:47:00, 24.25, 23.79, 23.59, 26.58, 24.70, 0, 0, 4.46
2019/04/26 21:48:00, 24.25, 23.76, 23.57, 26.60, 24.71, 0, 0, 4.46
2019/04/26 21:49:00, 24.25, 23.79, 23.57, 26.64, 24.75, 0, 0, 4.46
2019/04/26 21:50:00, 24.25, 23.77, 23.56, 26.57, 24.73, 0, 0, 4.46
2019/04/26 21:51:00, 24.25, 23.74, 23.56, 26.57, 24.71, 0, 0, 4.46
2019/04/26 21:52:00, 24.25, 23.74, 23.56, 26.58, 24.70, 0, 0, 4.46
2019/04/26 21:53:00, 24.25, 23.74, 23.56, 26.62, 24.71, 0, 0, 4.46
2019/04/26 21:54:00, 24.25, 23.74, 23.54, 26.64, 24.78, 0, 0, 4.46
2019/04/26 21:55:00, 24.25, 23.71, 23.52, 26.58, 24.77, 0, 0, 4.46
2019/04/26 21:56:00, 24.25, 23.73, 23.52, 26.62, 24.74, 0, 0, 4.46
2019/04/26 21:57:00, 24.25, 23.74, 23.54, 26.62, 24.79, 0, 0, 4.46
2019/04/26 21:58:00, 24.25, 23.68, 23.52, 26.65, 24.80, 0, 0, 4.46
2019/04/26 21:59:00, 24.25, 23.71, 23.52, 26.65, 24.79, 0, 0, 4.46
2019/04/26 22:00:00, 24.25, 23.71, 23.49, 26.64, 24.82, 0, 0, 4.46
2019/04/26 22:01:00, 24.25, 23.70, 23.51, 26.67, 24.83, 0, 0, 4.46
2019/04/26 22:02:00, 24.25, 23.71, 23.52, 26.68, 24.83, 0, 0, 4.46
2019/04/26 22:03:00, 24.25, 23.70, 23.51, 26.66, 24.83, 0, 0, 4.46
2019/04/26 22:04:00, 24.25, 23.68, 23.50, 26.69, 24.83, 0, 0, 4.46
2019/04/26 22:05:00, 24.25, 23.70, 23.50, 26.72, 24.83, 0, 0, 4.46
2019/04/26 22:06:00, 24.25, 23.71, 23.53, 26.71, 24.83, 0, 0, 4.46
2019/04/26 22:07:00, 24.25, 23.70, 23.50, 26.70, 24.83, 0, 0, 4.46
2019/04/26 22:08:00, 24.25, 23.73, 23.51, 26.64, 24.83, 0, 0, 4.46
2019/04/26 22:09:00, 24.25, 23.71, 23.50, 26.65, 24.83, 0, 0, 4.46
2019/04/26 22:10:00, 24.25, 23.73, 23.50, 26.70, 24.83, 0, 0, 4.46
2019/04/26 22:11:00, 24.25, 23.71, 23.51, 26.62, 24.82, 0, 0, 4.46
2019/04/26 22:12:00, 24.25, 23.70, 23.50, 26.65, 24.82, 0, 0, 4.46
2019/04/26 22:13:00, 24.25, 23.71, 23.51, 26.69, 24.86, 0, 0, 4.46
2019/04/26 22:14:00, 24.25, 23.70, 23.50, 26.65, 24.84, 0, 0, 4.46
2019/04/26 22:15:00, 24.25, 23.70, 23.51, 26.68, 24.84, 0, 0, 4.46
2019/04/26 22:16:00, 24.25, 23.68, 23.48, 26.65, 24.84, 0, 0, 4.46
2019/04/26 22:17:00, 24.25, 23.67, 23.50, 26.69, 24.85, 0, 0, 4.46
2019/04/26 22:18:00, 24.25, 23.68, 23.49, 26.74, 24.88, 0, 0, 4.46
2019/04/26 22:19:00, 24.25, 23.70, 23.50, 26.74, 24.89, 0, 0, 4.46
2019/04/26 22:20:00, 24.25, 23.70, 23.49, 26.74, 24.86, 0, 0, 4.46
2019/04/26 22:21:00, 24.25, 23.65, 23.50, 26.68, 24.84, 0, 0, 4.46
2019/04/26 22:22:00, 24.25, 23.68, 23.49, 26.72, 24.85, 0, 0, 4.46
2019/04/26 22:23:00, 24.25, 23.70, 23.49, 26.71, 24.86, 0, 0, 4.46
2019/04/26 22:24:00, 24.25, 23.67, 23.45, 26.72, 24.88, 0, 0, 4.46
2019/04/26 22:25:00, 24.25, 23.70, 23.49, 26.71, 24.88, 0, 0, 4.46
2019/04/26 22:26:00, 24.25, 23.67, 23.47, 26.72, 24.87, 0, 0, 4.46
2019/04/26 22:27:00, 24.25, 23.70, 23.49, 26.75, 24.87, 0, 0, 4.46
2019/04/26 22:28:00, 24.25, 23.67, 23.51, 26.72, 24.86, 0, 0, 4.46
2019/04/26 22:29:00, 24.25, 23.70, 23.47, 26.75, 24.87, 0, 0, 4.46
2019/04/26 22:30:00, 24.25, 23.64, 23.47, 26.69, 24.88, 0, 0, 4.46
2019/04/26 22:31:00, 24.25, 23.68, 23.46, 26.72, 24.89, 0, 0, 4.46
2019/04/26 22:32:00, 24.25, 23.64, 23.47, 26.72, 24.86, 0, 0, 4.46
2019/04/26 22:33:00, 24.25, 23.65, 23.49, 26.76, 24.92, 0, 0, 4.46
2019/04/26 22:34:00, 24.25, 23.68, 23.47, 26.76, 24.94, 0, 0, 4.46
2019/04/26 22:35:00, 24.00, 23.67, 23.47, 26.72, 24.91, 0, 0, 4.46
2019/04/26 22:36:00, 24.25, 23.67, 23.49, 26.72, 24.90, 0, 0, 4.46
2019/04/26 22:37:00, 24.00, 23.68, 23.50, 26.77, 24.87, 0, 0, 4.46
2019/04/26 22:38:00, 24.00, 23.68, 23.48, 26.73, 24.89, 0, 0, 4.46
2019/04/26 22:39:00, 24.25, 23.67, 23.49, 26.72, 24.85, 0, 0, 4.46
2019/04/26 22:40:00, 24.25, 23.68, 23.49, 26.74, 24.85, 0, 0, 4.46
2019/04/26 22:41:00, 24.00, 23.68, 23.50, 26.74, 24.89, 0, 0, 4.46
2019/04/26 22:42:00, 24.00, 23.65, 23.47, 26.73, 24.89, 0, 0, 4.46
2019/04/26 22:43:00, 24.00, 23.68, 23.48, 26.70, 24.89, 0, 0, 4.46
2019/04/26 22:44:00, 24.00, 23.71, 23.50, 26.74, 24.89, 0, 0, 4.46
2019/04/26 22:45:00, 24.00, 23.68, 23.48, 26.71, 24.88, 0, 0, 4.46
2019/04/26 22:46:00, 24.00, 23.67, 23.47, 26.74, 24.88, 0, 0, 4.46
2019/04/26 22:47:00, 24.00, 23.67, 23.49, 26.72, 24.89, 0, 0, 4.46
2019/04/26 22:48:00, 24.00, 23.65, 23.48, 26.78, 24.89, 0, 0, 4.46
2019/04/26 22:49:00, 24.00, 23.68, 23.48, 26.72, 24.91, 0, 0, 4.46
2019/04/26 22:50:00, 24.00, 23.67, 23.47, 26.71, 24.91, 0, 0, 4.46
2019/04/26 22:51:00, 24.00, 23.70, 23.48, 26.71, 24.90, 0, 0, 4.46
2019/04/26 22:52:00, 24.00, 23.70, 23.48, 26.74, 24.90, 0, 0, 4.46
2019/04/26 22:53:00, 24.00, 23.68, 23.49, 26.72, 24.92, 0, 0, 4.46
2019/04/26 22:54:00, 24.00, 23.65, 23.47, 26.77, 24.89, 0, 0, 4.46
2019/04/26 22:55:00, 24.00, 23.67, 23.48, 26.77, 24.92, 0, 0, 4.46
2019/04/26 22:56:00, 24.00, 23.65, 23.49, 26.75, 24.90, 0, 0, 4.46
2019/04/26 22:57:00, 24.00, 23.68, 23.48, 26.78, 24.91, 0, 0, 4.46
2019/04/26 22:58:00, 24.00, 23.67, 23.49, 26.71, 24.92, 0, 0, 4.46
2019/04/26 22:59:00, 24.00, 23.68, 23.47, 26.76, 24.92, 0, 0, 4.46
2019/04/26 23:00:00, 24.00, 23.64, 23.46, 26.78, 24.94, 0, 0, 4.46
2019/04/26 23:01:00, 24.00, 23.67, 23.48, 26.78, 24.94, 0, 0, 4.46
2019/04/26 23:02:00, 24.00, 23.67, 23.46, 26.77, 24.95, 0, 0, 4.46
2019/04/26 23:03:00, 24.00, 23.65, 23.49, 26.75, 24.96, 0, 0, 4.46
2019/04/26 23:04:00, 24.00, 23.67, 23.47, 26.81, 24.94, 0, 0, 4.46
2019/04/26 23:05:00, 24.00, 23.68, 23.48, 26.75, 24.94, 0, 0, 4.46
2019/04/26 23:06:00, 24.00, 23.70, 23.47, 26.75, 24.93, 0, 0, 4.46
2019/04/26 23:07:00, 24.00, 23.70, 23.48, 26.78, 24.95, 0, 0, 4.46
2019/04/26 23:08:00, 24.00, 23.68, 23.47, 26.75, 24.92, 0, 0, 4.46
2019/04/26 23:09:00, 24.00, 23.67, 23.49, 26.82, 24.93, 0, 0, 4.46
2019/04/26 23:10:00, 24.00, 23.68, 23.49, 26.78, 24.96, 0, 0, 4.46
2019/04/26 23:11:00, 24.00, 23.67, 23.49, 26.77, 24.93, 0, 0, 4.46
2019/04/26 23:12:00, 24.00, 23.67, 23.48, 26.77, 24.91, 0, 0, 4.46
2019/04/26 23:13:00, 24.00, 23.67, 23.49, 26.81, 24.95, 0, 0, 4.46
2019/04/26 23:14:00, 24.00, 23.67, 23.48, 26.80, 24.95, 0, 0, 4.46
2019/04/26 23:15:00, 24.00, 23.67, 23.46, 26.78, 24.95, 0, 0, 4.46
2019/04/26 23:16:00, 24.00, 23.67, 23.48, 26.78, 24.94, 0, 0, 4.46
2019/04/26 23:17:00, 24.00, 23.68, 23.48, 26.84, 24.96, 0, 0, 4.46
2019/04/26 23:18:00, 24.00, 23.67, 23.49, 26.81, 24.96, 0, 0, 4.46
2019/04/26 23:19:00, 24.00, 23.67, 23.47, 26.81, 24.95, 0, 0, 4.46
2019/04/26 23:20:00, 24.00, 23.67, 23.48, 26.79, 24.96, 0, 0, 4.46
2019/04/26 23:21:00, 24.00, 23.68, 23.47, 26.75, 24.95, 0, 0, 4.46
2019/04/26 23:22:00, 24.00, 23.65, 23.47, 26.77, 24.99, 0, 0, 4.46
2019/04/26 23:23:00, 24.00, 23.67, 23.46, 26.84, 24.96, 0, 0, 4.46
2019/04/26 23:24:00, 24.00, 23.65, 23.47, 26.81, 24.98, 0, 0, 4.46
2019/04/26 23:25:00, 24.00, 23.68, 23.47, 26.82, 24.96, 0, 0, 4.46
2019/04/26 23:26:00, 24.00, 23.65, 23.46, 26.84, 24.96, 0, 0, 4.46
2019/04/26 23:27:00, 24.00, 23.65, 23.47, 26.85, 24.99, 0, 0, 4.46
2019/04/26 23:28:00, 24.00, 23.67, 23.46, 26.81, 24.99, 0, 0, 4.46
2019/04/26 23:29:00, 24.00, 23.65, 23.45, 26.75, 24.99, 0, 0, 4.46
2019/04/26 23:30:00, 24.00, 23.67, 23.47, 26.81, 24.96, 0, 0, 4.46
2019/04/26 23:31:00, 24.00, 23.64, 23.47, 26.85, 24.96, 0, 0, 4.46
2019/04/26 23:32:00, 24.00, 23.67, 23.47, 26.82, 24.99, 0, 0, 4.46
2019/04/26 23:33:00, 24.00, 23.65, 23.47, 26.85, 24.99, 0, 0, 4.46
2019/04/26 23:34:00, 24.00, 23.65, 23.47, 26.85, 24.99, 0, 0, 4.46
2019/04/26 23:35:00, 24.00, 23.65, 23.47, 26.82, 24.99, 0, 0, 4.46
2019/04/26 23:36:00, 24.00, 23.65, 23.47, 26.85, 24.99, 0, 0, 4.46
2019/04/26 23:37:00, 24.00, 23.64, 23.45, 26.88, 24.99, 0, 0, 4.46
2019/04/26 23:38:00, 24.00, 23.64, 23.46, 26.85, 25.02, 0, 0, 4.46
2019/04/26 23:39:00, 24.00, 23.63, 23.44, 26.85, 25.01, 0, 0, 4.46
2019/04/26 23:40:00, 24.00, 23.65, 23.45, 26.88, 25.05, 0, 0, 4.46
2019/04/26 23:41:00, 24.00, 23.63, 23.44, 26.88, 25.05, 0, 0, 4.46
2019/04/26 23:42:00, 24.00, 23.64, 23.45, 26.86, 25.04, 0, 0, 4.46
2019/04/26 23:43:00, 24.00, 23.63, 23.45, 26.90, 25.05, 0, 0, 4.46
2019/04/26 23:44:00, 24.00, 23.63, 23.44, 26.92, 25.05, 0, 0, 4.46
2019/04/26 23:45:00, 24.00, 23.63, 23.45, 26.91, 25.08, 0, 0, 4.46
2019/04/26 23:46:00, 24.00, 23.63, 23.45, 26.94, 25.08, 0, 0, 4.46
2019/04/26 23:47:00, 24.00, 23.61, 23.42, 26.94, 25.11, 0, 0, 4.46
