Data logger for tempereture and humidity.
Code, design, and soldering by Antti Mikkonen, a.mikkonen@iki.fi, 2019.
Based on open source projects and libraries. See source for details.
/home/ami/src/arduino/promini/logger_v8_ada/logger_v8_ada.ino
UTC time (year/month/date hour:minute:second), T RTC (C), T sht31 (C), T si7021 (C), RH sht31 (-), RH si7021 (-), heaterOn sht31 (bool),  heaterOn si7021 (bool), battery voltage (V)
2019/07/04 00:08:00, 24.00, 23.70, 23.48, 26.65, 26.53, 0, 0, 4.19
2019/07/04 00:09:00, 24.00, 23.71, 23.49, 26.68, 26.51, 0, 0, 4.19
2019/07/04 00:10:00, 24.00, 23.71, 23.50, 26.69, 26.52, 0, 0, 4.19
2019/07/04 00:11:00, 24.00, 23.71, 23.50, 26.72, 26.55, 0, 0, 4.19
2019/07/04 00:12:00, 24.00, 23.73, 23.51, 26.74, 26.52, 0, 0, 4.19
2019/07/04 00:13:00, 24.00, 23.71, 23.50, 26.77, 26.54, 0, 0, 4.19
2019/07/04 00:14:00, 24.00, 23.71, 23.52, 26.76, 26.58, 0, 0, 4.19
2019/07/04 00:15:00, 24.00, 23.73, 23.52, 26.76, 26.60, 0, 0, 4.19
2019/07/04 00:16:00, 24.00, 23.68, 23.50, 26.77, 26.59, 0, 0, 4.19
2019/07/04 00:17:00, 24.00, 23.71, 23.50, 26.78, 26.60, 0, 0, 4.19
2019/07/04 00:18:00, 24.00, 23.70, 23.52, 26.77, 26.63, 0, 0, 4.19
2019/07/04 00:19:00, 24.00, 23.71, 23.52, 26.79, 26.63, 0, 0, 4.19
2019/07/04 00:20:00, 24.00, 23.76, 23.54, 26.82, 26.63, 0, 0, 4.20
2019/07/04 00:21:00, 24.00, 23.74, 23.54, 26.73, 26.63, 0, 0, 4.19
2019/07/04 00:22:00, 24.00, 23.76, 23.53, 26.82, 26.63, 0, 0, 4.19
2019/07/04 00:23:00, 24.00, 23.74, 23.53, 26.86, 26.68, 0, 0, 4.19
2019/07/04 00:24:00, 24.00, 23.73, 23.56, 26.87, 26.68, 0, 0, 4.19
2019/07/04 00:25:00, 24.00, 23.74, 23.53, 26.90, 26.70, 0, 0, 4.19
2019/07/04 00:26:00, 24.00, 23.74, 23.53, 26.80, 26.63, 0, 0, 4.19
2019/07/04 00:27:00, 24.00, 23.74, 23.53, 26.95, 26.73, 0, 0, 4.19
2019/07/04 00:28:00, 24.00, 23.74, 23.52, 26.92, 26.73, 0, 0, 4.19
2019/07/04 00:29:00, 24.00, 23.73, 23.52, 26.93, 26.73, 0, 0, 4.19
2019/07/04 00:30:00, 24.00, 23.74, 23.53, 26.96, 26.79, 0, 0, 4.19
2019/07/04 00:31:00, 24.00, 23.71, 23.53, 26.95, 26.78, 0, 0, 4.19
2019/07/04 00:32:00, 24.00, 23.74, 23.51, 27.02, 26.79, 0, 0, 4.19
2019/07/04 00:33:00, 24.00, 23.73, 23.51, 27.02, 26.82, 0, 0, 4.19
2019/07/04 00:34:00, 24.00, 23.73, 23.56, 26.95, 26.82, 0, 0, 4.19
2019/07/04 00:35:00, 24.00, 23.71, 23.52, 27.02, 26.83, 0, 0, 4.19
2019/07/04 00:36:00, 24.00, 23.77, 23.53, 27.04, 26.85, 0, 0, 4.19
2019/07/04 00:37:00, 24.00, 23.74, 23.52, 27.08, 26.89, 0, 0, 4.19
2019/07/04 00:38:00, 24.00, 23.79, 23.52, 27.05, 26.89, 0, 0, 4.19
2019/07/04 00:39:00, 24.00, 23.77, 23.57, 27.08, 26.88, 0, 0, 4.19
2019/07/04 00:40:00, 24.00, 23.77, 23.54, 27.02, 26.87, 0, 0, 4.19
2019/07/04 00:41:00, 24.00, 23.77, 23.54, 27.05, 26.86, 0, 0, 4.19
2019/07/04 00:42:00, 24.00, 23.76, 23.54, 27.05, 26.89, 0, 0, 4.19
2019/07/04 00:43:00, 24.00, 23.76, 23.56, 27.08, 26.94, 0, 0, 4.19
2019/07/04 00:44:00, 24.00, 23.76, 23.54, 27.15, 26.94, 0, 0, 4.19
2019/07/04 00:45:00, 24.00, 23.76, 23.53, 27.12, 26.95, 0, 0, 4.19
2019/07/04 00:46:00, 24.00, 23.76, 23.57, 27.20, 26.95, 0, 0, 4.19
2019/07/04 00:47:00, 24.00, 23.79, 23.57, 27.21, 27.01, 0, 0, 4.19
2019/07/04 00:48:00, 24.00, 23.79, 23.58, 27.13, 26.98, 0, 0, 4.20
2019/07/04 00:49:00, 24.00, 23.79, 23.57, 27.14, 26.98, 0, 0, 4.19
2019/07/04 00:50:00, 24.00, 23.77, 23.57, 27.14, 26.96, 0, 0, 4.19
2019/07/04 00:51:00, 24.00, 23.79, 23.57, 27.23, 27.01, 0, 0, 4.19
2019/07/04 00:52:00, 24.00, 23.79, 23.58, 27.25, 27.04, 0, 0, 4.19
2019/07/04 00:53:00, 24.00, 23.80, 23.57, 27.21, 27.03, 0, 0, 4.19
2019/07/04 00:54:00, 24.00, 23.79, 23.59, 27.21, 27.05, 0, 0, 4.19
2019/07/04 00:55:00, 24.00, 23.81, 23.59, 27.21, 27.08, 0, 0, 4.19
2019/07/04 00:56:00, 24.00, 23.79, 23.58, 27.18, 27.02, 0, 0, 4.19
2019/07/04 00:57:00, 24.00, 23.79, 23.58, 27.27, 27.08, 0, 0, 4.19
2019/07/04 00:58:00, 24.00, 23.77, 23.57, 27.26, 27.09, 0, 0, 4.19
2019/07/04 00:59:00, 24.00, 23.79, 23.58, 27.27, 27.11, 0, 0, 4.19
2019/07/04 01:00:00, 24.00, 23.79, 23.58, 27.26, 27.14, 0, 0, 4.19
2019/07/04 01:01:00, 24.00, 23.79, 23.58, 27.26, 27.11, 0, 0, 4.19
2019/07/04 01:02:00, 24.00, 23.79, 23.57, 27.35, 27.14, 0, 0, 4.19
2019/07/04 01:03:00, 24.00, 23.80, 23.61, 27.29, 27.17, 0, 0, 4.19
2019/07/04 01:04:00, 24.00, 23.80, 23.59, 27.35, 27.17, 0, 0, 4.19
2019/07/04 01:05:00, 24.00, 23.80, 23.59, 27.35, 27.18, 0, 0, 4.19
2019/07/04 01:06:00, 24.00, 23.83, 23.60, 27.36, 27.21, 0, 0, 4.19
2019/07/04 01:07:00, 24.00, 23.79, 23.59, 27.38, 27.20, 0, 0, 4.19
2019/07/04 01:08:00, 24.00, 23.79, 23.58, 27.33, 27.22, 0, 0, 4.19
2019/07/04 01:09:00, 24.00, 23.81, 23.59, 27.38, 27.24, 0, 0, 4.19
2019/07/04 01:10:00, 24.00, 23.81, 23.60, 27.41, 27.26, 0, 0, 4.19
2019/07/04 01:11:00, 24.00, 23.79, 23.59, 27.45, 27.24, 0, 0, 4.19
2019/07/04 01:12:00, 24.00, 23.81, 23.58, 27.42, 27.27, 0, 0, 4.19
2019/07/04 01:13:00, 24.00, 23.80, 23.61, 27.39, 27.27, 0, 0, 4.19
2019/07/04 01:14:00, 24.00, 23.80, 23.59, 27.52, 27.31, 0, 0, 4.19
2019/07/04 01:15:00, 24.00, 23.79, 23.60, 27.49, 27.34, 0, 0, 4.19
2019/07/04 01:16:00, 24.00, 23.81, 23.60, 27.49, 27.33, 0, 0, 4.19
2019/07/04 01:17:00, 24.00, 23.81, 23.59, 27.46, 27.34, 0, 0, 4.19
2019/07/04 01:18:00, 24.00, 23.79, 23.59, 27.55, 27.34, 0, 0, 4.19
2019/07/04 01:19:00, 24.00, 23.81, 23.58, 27.51, 27.37, 0, 0, 4.19
2019/07/04 01:20:00, 24.00, 23.80, 23.57, 27.57, 27.40, 0, 0, 4.19
2019/07/04 01:21:00, 24.00, 23.79, 23.60, 27.58, 27.43, 0, 0, 4.19
2019/07/04 01:22:00, 24.00, 23.79, 23.58, 27.55, 27.42, 0, 0, 4.19
2019/07/04 01:23:00, 24.00, 23.79, 23.60, 27.55, 27.43, 0, 0, 4.19
2019/07/04 01:24:00, 24.00, 23.81, 23.59, 27.60, 27.43, 0, 0, 4.19
2019/07/04 01:25:00, 24.00, 23.79, 23.58, 27.63, 27.46, 0, 0, 4.19
2019/07/04 01:26:00, 24.00, 23.80, 23.59, 27.67, 27.48, 0, 0, 4.19
2019/07/04 01:27:00, 24.00, 23.79, 23.57, 27.63, 27.49, 0, 0, 4.19
2019/07/04 01:28:00, 24.00, 23.80, 23.59, 27.67, 27.52, 0, 0, 4.19
2019/07/04 01:29:00, 24.00, 23.77, 23.57, 27.67, 27.54, 0, 0, 4.19
2019/07/04 01:30:00, 24.00, 23.79, 23.57, 27.71, 27.56, 0, 0, 4.19
2019/07/04 01:31:00, 24.00, 23.80, 23.60, 27.68, 27.57, 0, 0, 4.19
2019/07/04 01:32:00, 24.00, 23.81, 23.57, 27.71, 27.58, 0, 0, 4.19
2019/07/04 01:33:00, 24.00, 23.80, 23.58, 27.76, 27.59, 0, 0, 4.19
2019/07/04 01:34:00, 24.00, 23.81, 23.58, 27.74, 27.61, 0, 0, 4.19
2019/07/04 01:35:00, 24.00, 23.79, 23.59, 27.73, 27.61, 0, 0, 4.19
2019/07/04 01:36:00, 24.00, 23.80, 23.59, 27.76, 27.63, 0, 0, 4.19
2019/07/04 01:37:00, 24.00, 23.80, 23.59, 27.79, 27.63, 0, 0, 4.19
2019/07/04 01:38:00, 24.00, 23.81, 23.58, 27.76, 27.64, 0, 0, 4.19
2019/07/04 01:39:00, 24.00, 23.81, 23.60, 27.83, 27.68, 0, 0, 4.19
2019/07/04 01:40:00, 24.00, 23.81, 23.62, 27.84, 27.67, 0, 0, 4.19
2019/07/04 01:41:00, 24.00, 23.79, 23.60, 27.82, 27.67, 0, 0, 4.19
2019/07/04 01:42:00, 24.00, 23.81, 23.58, 27.85, 27.70, 0, 0, 4.19
2019/07/04 01:43:00, 24.00, 23.81, 23.57, 27.85, 27.72, 0, 0, 4.19
2019/07/04 01:44:00, 24.00, 23.80, 23.58, 27.85, 27.74, 0, 0, 4.19
2019/07/04 01:45:00, 24.00, 23.80, 23.60, 27.91, 27.76, 0, 0, 4.19
2019/07/04 01:46:00, 24.00, 23.81, 23.62, 27.95, 27.76, 0, 0, 4.19
2019/07/04 01:47:00, 24.00, 23.83, 23.61, 27.83, 27.75, 0, 0, 4.19
2019/07/04 01:48:00, 24.00, 23.80, 23.59, 27.95, 27.79, 0, 0, 4.19
2019/07/04 01:49:00, 24.00, 23.80, 23.60, 27.88, 27.79, 0, 0, 4.19
2019/07/04 01:50:00, 24.00, 23.80, 23.60, 27.99, 27.81, 0, 0, 4.19
2019/07/04 01:51:00, 24.00, 23.83, 23.60, 28.01, 27.85, 0, 0, 4.19
2019/07/04 01:52:00, 24.00, 23.81, 23.60, 28.02, 27.88, 0, 0, 4.19
2019/07/04 01:53:00, 24.00, 23.80, 23.60, 28.05, 27.88, 0, 0, 4.19
2019/07/04 01:54:00, 24.00, 23.81, 23.59, 28.01, 27.85, 0, 0, 4.19
2019/07/04 01:55:00, 24.00, 23.81, 23.60, 28.01, 27.88, 0, 0, 4.19
2019/07/04 01:56:00, 24.00, 23.83, 23.59, 27.94, 27.87, 0, 0, 4.19
2019/07/04 01:57:00, 24.00, 23.83, 23.61, 28.10, 27.92, 0, 0, 4.19
2019/07/04 01:58:00, 24.00, 23.81, 23.59, 28.02, 27.92, 0, 0, 4.19
2019/07/04 01:59:00, 24.00, 23.81, 23.59, 28.13, 27.92, 0, 0, 4.19
2019/07/04 02:00:00, 24.00, 23.80, 23.61, 28.15, 27.99, 0, 0, 4.19
2019/07/04 02:01:00, 24.00, 23.84, 23.61, 28.17, 28.01, 0, 0, 4.19
2019/07/04 02:02:00, 24.00, 23.81, 23.62, 28.10, 27.99, 0, 0, 4.19
2019/07/04 02:03:00, 24.00, 23.84, 23.60, 28.17, 27.98, 0, 0, 4.19
2019/07/04 02:04:00, 24.00, 23.81, 23.61, 28.17, 28.04, 0, 0, 4.19
2019/07/04 02:05:00, 24.00, 23.83, 23.62, 28.16, 28.04, 0, 0, 4.19
2019/07/04 02:06:00, 24.00, 23.84, 23.63, 28.19, 28.05, 0, 0, 4.19
2019/07/04 02:07:00, 24.00, 23.83, 23.63, 28.18, 28.01, 0, 0, 4.19
2019/07/04 02:08:00, 24.00, 23.84, 23.63, 28.23, 28.04, 0, 0, 4.19
2019/07/04 02:09:00, 24.00, 23.81, 23.61, 28.23, 28.05, 0, 0, 4.20
2019/07/04 02:10:00, 24.00, 23.83, 23.65, 28.20, 28.06, 0, 0, 4.19
2019/07/04 02:11:00, 24.00, 23.81, 23.64, 28.25, 28.10, 0, 0, 4.19
2019/07/04 02:12:00, 24.00, 23.85, 23.63, 28.20, 28.08, 0, 0, 4.19
2019/07/04 02:13:00, 24.00, 23.85, 23.63, 28.26, 28.11, 0, 0, 4.19
2019/07/04 02:14:00, 24.00, 23.83, 23.63, 28.25, 28.13, 0, 0, 4.19
2019/07/04 02:15:00, 24.00, 23.83, 23.62, 28.22, 28.14, 0, 0, 4.19
2019/07/04 02:16:00, 24.00, 23.84, 23.61, 28.27, 28.18, 0, 0, 4.19
2019/07/04 02:17:00, 24.00, 23.83, 23.63, 28.33, 28.18, 0, 0, 4.19
2019/07/04 02:18:00, 24.00, 23.83, 23.63, 28.38, 28.22, 0, 0, 4.19
2019/07/04 02:19:00, 24.00, 23.84, 23.63, 28.27, 28.18, 0, 0, 4.19
2019/07/04 02:20:00, 24.00, 23.84, 23.65, 28.35, 28.23, 0, 0, 4.19
2019/07/04 02:21:00, 24.00, 23.84, 23.64, 28.43, 28.25, 0, 0, 4.19
2019/07/04 02:22:00, 24.00, 23.84, 23.61, 28.38, 28.27, 0, 0, 4.19
2019/07/04 02:23:00, 24.00, 23.83, 23.64, 28.44, 28.27, 0, 0, 4.19
2019/07/04 02:24:00, 24.00, 23.83, 23.64, 28.47, 28.27, 0, 0, 4.19
2019/07/04 02:25:00, 24.00, 23.83, 23.63, 28.48, 28.31, 0, 0, 4.19
2019/07/04 02:26:00, 24.00, 23.84, 23.63, 28.44, 28.32, 0, 0, 4.19
2019/07/04 02:27:00, 24.00, 23.84, 23.63, 28.46, 28.33, 0, 0, 4.19
2019/07/04 02:28:00, 24.00, 23.81, 23.63, 28.48, 28.33, 0, 0, 4.19
2019/07/04 02:29:00, 24.00, 23.84, 23.64, 28.51, 28.39, 0, 0, 4.19
2019/07/04 02:30:00, 24.00, 23.84, 23.65, 28.49, 28.38, 0, 0, 4.19
2019/07/04 02:31:00, 24.00, 23.88, 23.62, 28.59, 28.39, 0, 0, 4.19
2019/07/04 02:32:00, 24.00, 23.85, 23.64, 28.52, 28.43, 0, 0, 4.19
2019/07/04 02:33:00, 24.00, 23.84, 23.63, 28.52, 28.40, 0, 0, 4.19
2019/07/04 02:34:00, 24.00, 23.81, 23.62, 28.52, 28.40, 0, 0, 4.19
2019/07/04 02:35:00, 24.00, 23.81, 23.60, 28.58, 28.43, 0, 0, 4.19
2019/07/04 02:36:00, 24.00, 23.80, 23.62, 28.67, 28.49, 0, 0, 4.19
2019/07/04 02:37:00, 24.00, 23.83, 23.61, 28.72, 28.53, 0, 0, 4.19
2019/07/04 02:38:00, 24.00, 23.83, 23.63, 28.70, 28.53, 0, 0, 4.19
2019/07/04 02:39:00, 24.00, 23.83, 23.65, 28.63, 28.51, 0, 0, 4.19
2019/07/04 02:40:00, 24.00, 23.81, 23.62, 28.70, 28.53, 0, 0, 4.19
2019/07/04 02:41:00, 24.00, 23.83, 23.63, 28.73, 28.54, 0, 0, 4.19
2019/07/04 02:42:00, 24.00, 23.84, 23.64, 28.72, 28.53, 0, 0, 4.19
2019/07/04 02:43:00, 24.00, 23.79, 23.62, 28.74, 28.56, 0, 0, 4.19
2019/07/04 02:44:00, 24.00, 23.84, 23.62, 28.76, 28.63, 0, 0, 4.19
2019/07/04 02:45:00, 24.00, 23.84, 23.64, 28.71, 28.61, 0, 0, 4.19
2019/07/04 02:46:00, 24.00, 23.83, 23.63, 28.76, 28.60, 0, 0, 4.19
2019/07/04 02:47:00, 24.00, 23.85, 23.62, 28.77, 28.60, 0, 0, 4.19
2019/07/04 02:48:00, 24.00, 23.84, 23.63, 28.82, 28.64, 0, 0, 4.19
2019/07/04 02:49:00, 24.00, 23.87, 23.63, 28.83, 28.67, 0, 0, 4.19
2019/07/04 02:50:00, 24.00, 23.81, 23.62, 28.70, 28.59, 0, 0, 4.19
2019/07/04 02:51:00, 24.00, 23.83, 23.61, 28.93, 28.72, 0, 0, 4.19
2019/07/04 02:52:00, 24.00, 23.85, 23.60, 28.88, 28.72, 0, 0, 4.19
2019/07/04 02:53:00, 24.00, 23.83, 23.62, 28.95, 28.76, 0, 0, 4.19
2019/07/04 02:54:00, 24.00, 23.84, 23.63, 28.93, 28.75, 0, 0, 4.19
2019/07/04 02:55:00, 24.00, 23.83, 23.62, 28.94, 28.75, 0, 0, 4.19
2019/07/04 02:56:00, 24.00, 23.87, 23.62, 28.92, 28.78, 0, 0, 4.19
2019/07/04 02:57:00, 24.00, 23.83, 23.63, 28.94, 28.79, 0, 0, 4.19
2019/07/04 02:58:00, 24.00, 23.84, 23.63, 28.96, 28.80, 0, 0, 4.19
2019/07/04 02:59:00, 24.00, 23.81, 23.62, 28.95, 28.79, 0, 0, 4.19
2019/07/04 03:00:00, 24.00, 23.87, 23.64, 28.95, 28.80, 0, 0, 4.19
2019/07/04 03:01:00, 24.00, 23.87, 23.63, 28.96, 28.82, 0, 0, 4.19
2019/07/04 03:02:00, 24.00, 23.83, 23.64, 28.98, 28.85, 0, 0, 4.19
2019/07/04 03:03:00, 24.00, 23.85, 23.65, 28.99, 28.84, 0, 0, 4.19
2019/07/04 03:04:00, 24.00, 23.84, 23.66, 29.01, 28.84, 0, 0, 4.19
2019/07/04 03:05:00, 24.00, 23.85, 23.64, 29.01, 28.87, 0, 0, 4.19
2019/07/04 03:06:00, 24.00, 23.85, 23.63, 29.05, 28.87, 0, 0, 4.19
2019/07/04 03:07:00, 24.00, 23.84, 23.64, 29.05, 28.88, 0, 0, 4.19
2019/07/04 03:08:00, 24.00, 23.84, 23.65, 29.10, 28.91, 0, 0, 4.19
2019/07/04 03:09:00, 24.00, 23.84, 23.67, 29.02, 28.89, 0, 0, 4.19
2019/07/04 03:10:00, 24.00, 23.85, 23.65, 29.05, 28.91, 0, 0, 4.19
2019/07/04 03:11:00, 24.00, 23.85, 23.63, 29.01, 28.92, 0, 0, 4.19
2019/07/04 03:12:00, 24.00, 23.83, 23.64, 29.10, 28.92, 0, 0, 4.19
2019/07/04 03:13:00, 24.00, 23.85, 23.63, 29.12, 28.95, 0, 0, 4.19
2019/07/04 03:14:00, 24.00, 23.84, 23.64, 29.17, 28.97, 0, 0, 4.19
2019/07/04 03:15:00, 24.00, 23.84, 23.62, 29.14, 28.98, 0, 0, 4.19
2019/07/04 03:16:00, 24.00, 23.85, 23.65, 29.11, 28.97, 0, 0, 4.19
2019/07/04 03:17:00, 24.00, 23.87, 23.65, 29.12, 29.00, 0, 0, 4.19
2019/07/04 03:18:00, 24.00, 23.85, 23.64, 29.12, 28.98, 0, 0, 4.19
2019/07/04 03:19:00, 24.00, 23.85, 23.64, 29.13, 29.00, 0, 0, 4.19
2019/07/04 03:20:00, 24.00, 23.87, 23.65, 29.14, 29.03, 0, 0, 4.19
2019/07/04 03:21:00, 24.00, 23.83, 23.63, 29.20, 29.02, 0, 0, 4.19
2019/07/04 03:22:00, 24.00, 23.84, 23.62, 29.14, 29.03, 0, 0, 4.19
2019/07/04 03:23:00, 24.00, 23.87, 23.63, 29.20, 29.07, 0, 0, 4.19
2019/07/04 03:24:00, 24.00, 23.84, 23.64, 29.21, 29.06, 0, 0, 4.19
2019/07/04 03:25:00, 24.00, 23.84, 23.66, 29.25, 29.08, 0, 0, 4.19
2019/07/04 03:26:00, 24.00, 23.84, 23.62, 29.24, 29.07, 0, 0, 4.19
2019/07/04 03:27:00, 24.00, 23.83, 23.64, 29.24, 29.11, 0, 0, 4.19
2019/07/04 03:28:00, 24.00, 23.85, 23.64, 29.26, 29.10, 0, 0, 4.19
2019/07/04 03:29:00, 24.00, 23.85, 23.63, 29.28, 29.12, 0, 0, 4.19
2019/07/04 03:30:00, 24.00, 23.85, 23.65, 29.28, 29.14, 0, 0, 4.19
2019/07/04 03:31:00, 24.00, 23.85, 23.63, 29.32, 29.14, 0, 0, 4.19
2019/07/04 03:32:00, 24.00, 23.85, 23.64, 29.36, 29.14, 0, 0, 4.19
2019/07/04 03:33:00, 24.00, 23.84, 23.65, 29.33, 29.17, 0, 0, 4.19
2019/07/04 03:34:00, 24.00, 23.85, 23.63, 29.29, 29.20, 0, 0, 4.19
2019/07/04 03:35:00, 24.00, 23.87, 23.63, 29.30, 29.17, 0, 0, 4.19
2019/07/04 03:36:00, 24.00, 23.87, 23.64, 29.33, 29.18, 0, 0, 4.19
2019/07/04 03:37:00, 24.00, 23.84, 23.64, 29.27, 29.18, 0, 0, 4.19
2019/07/04 03:38:00, 24.00, 23.83, 23.64, 29.30, 29.20, 0, 0, 4.19
2019/07/04 03:39:00, 24.00, 23.85, 23.66, 29.39, 29.24, 0, 0, 4.19
2019/07/04 03:40:00, 24.00, 23.84, 23.63, 29.40, 29.24, 0, 0, 4.19
2019/07/04 03:41:00, 24.00, 23.87, 23.63, 29.40, 29.26, 0, 0, 4.19
2019/07/04 03:42:00, 24.00, 23.85, 23.66, 29.40, 29.24, 0, 0, 4.19
2019/07/04 03:43:00, 24.00, 23.87, 23.65, 29.42, 29.24, 0, 0, 4.19
2019/07/04 03:44:00, 24.00, 23.87, 23.64, 29.39, 29.24, 0, 0, 4.19
2019/07/04 03:45:00, 24.00, 23.87, 23.65, 29.44, 29.29, 0, 0, 4.19
2019/07/04 03:46:00, 24.00, 23.87, 23.66, 29.45, 29.27, 0, 0, 4.19
2019/07/04 03:47:00, 24.00, 23.85, 23.66, 29.45, 29.29, 0, 0, 4.19
2019/07/04 03:48:00, 24.00, 23.84, 23.66, 29.47, 29.27, 0, 0, 4.19
2019/07/04 03:49:00, 24.00, 23.87, 23.63, 29.45, 29.29, 0, 0, 4.19
2019/07/04 03:50:00, 24.00, 23.88, 23.64, 29.45, 29.31, 0, 0, 4.19
2019/07/04 03:51:00, 24.00, 23.87, 23.64, 29.48, 29.32, 0, 0, 4.19
2019/07/04 03:52:00, 24.00, 23.87, 23.64, 29.45, 29.31, 0, 0, 4.19
2019/07/04 03:53:00, 24.00, 23.85, 23.64, 29.52, 29.33, 0, 0, 4.19
2019/07/04 03:54:00, 24.00, 23.90, 23.64, 29.50, 29.36, 0, 0, 4.19
2019/07/04 03:55:00, 24.00, 23.87, 23.67, 29.52, 29.36, 0, 0, 4.19
2019/07/04 03:56:00, 24.00, 23.87, 23.64, 29.48, 29.33, 0, 0, 4.19
2019/07/04 03:57:00, 24.00, 23.88, 23.65, 29.51, 29.39, 0, 0, 4.19
2019/07/04 03:58:00, 24.00, 23.85, 23.64, 29.57, 29.41, 0, 0, 4.19
2019/07/04 03:59:00, 24.00, 23.85, 23.64, 29.60, 29.40, 0, 0, 4.19
2019/07/04 04:00:00, 24.00, 23.85, 23.66, 29.60, 29.42, 0, 0, 4.19
2019/07/04 04:01:00, 24.00, 23.87, 23.67, 29.61, 29.43, 0, 0, 4.19
2019/07/04 04:02:00, 24.00, 23.88, 23.64, 29.61, 29.43, 0, 0, 4.19
2019/07/04 04:03:00, 24.00, 23.85, 23.65, 29.57, 29.44, 0, 0, 4.19
2019/07/04 04:04:00, 24.00, 23.87, 23.65, 29.61, 29.46, 0, 0, 4.19
2019/07/04 04:05:00, 24.00, 23.88, 23.66, 29.63, 29.47, 0, 0, 4.19
2019/07/04 04:06:00, 24.00, 23.90, 23.66, 29.55, 29.46, 0, 0, 4.19
2019/07/04 04:07:00, 24.00, 23.85, 23.68, 29.67, 29.49, 0, 0, 4.19
2019/07/04 04:08:00, 24.00, 23.88, 23.67, 29.61, 29.47, 0, 0, 4.19
2019/07/04 04:09:00, 24.00, 23.91, 23.66, 29.70, 29.53, 0, 0, 4.19
2019/07/04 04:10:00, 24.00, 23.85, 23.67, 29.66, 29.49, 0, 0, 4.19
2019/07/04 04:11:00, 24.00, 23.87, 23.67, 29.66, 29.51, 0, 0, 4.19
2019/07/04 04:12:00, 24.00, 23.88, 23.68, 29.69, 29.55, 0, 0, 4.19
2019/07/04 04:13:00, 24.00, 23.88, 23.68, 29.71, 29.56, 0, 0, 4.19
2019/07/04 04:14:00, 24.00, 23.88, 23.66, 29.69, 29.53, 0, 0, 4.19
2019/07/04 04:15:00, 24.00, 23.87, 23.66, 29.71, 29.56, 0, 0, 4.19
2019/07/04 04:16:00, 24.00, 23.91, 23.68, 29.71, 29.59, 0, 0, 4.19
2019/07/04 04:17:00, 24.00, 23.90, 23.67, 29.73, 29.59, 0, 0, 4.19
2019/07/04 04:18:00, 24.00, 23.87, 23.68, 29.66, 29.58, 0, 0, 4.19
2019/07/04 04:19:00, 24.00, 23.90, 23.69, 29.71, 29.58, 0, 0, 4.19
2019/07/04 04:20:00, 24.00, 23.87, 23.68, 29.75, 29.57, 0, 0, 4.19
2019/07/04 04:21:00, 24.00, 23.88, 23.69, 29.77, 29.58, 0, 0, 4.19
2019/07/04 04:22:00, 24.00, 23.88, 23.66, 29.77, 29.64, 0, 0, 4.19
2019/07/04 04:23:00, 24.00, 23.88, 23.67, 29.82, 29.67, 0, 0, 4.19
2019/07/04 04:24:00, 24.00, 23.91, 23.68, 29.76, 29.66, 0, 0, 4.19
2019/07/04 04:25:00, 24.00, 23.91, 23.68, 29.83, 29.67, 0, 0, 4.19
2019/07/04 04:26:00, 24.00, 23.88, 23.67, 29.85, 29.67, 0, 0, 4.19
2019/07/04 04:27:00, 24.00, 23.88, 23.66, 29.79, 29.65, 0, 0, 4.19
2019/07/04 04:28:00, 24.00, 23.88, 23.67, 29.88, 29.69, 0, 0, 4.19
2019/07/04 04:29:00, 24.00, 23.90, 23.67, 29.88, 29.74, 0, 0, 4.19
2019/07/04 04:30:00, 24.00, 23.91, 23.69, 29.86, 29.71, 0, 0, 4.19
2019/07/04 04:31:00, 24.00, 23.91, 23.69, 29.89, 29.71, 0, 0, 4.19
2019/07/04 04:32:00, 24.00, 23.90, 23.69, 29.88, 29.74, 0, 0, 4.19
2019/07/04 04:33:00, 24.00, 23.90, 23.69, 29.88, 29.76, 0, 0, 4.19
2019/07/04 04:34:00, 24.00, 23.91, 23.69, 29.94, 29.78, 0, 0, 4.19
2019/07/04 04:35:00, 24.00, 23.87, 23.67, 29.81, 29.72, 0, 0, 4.19
2019/07/04 04:36:00, 24.00, 23.90, 23.69, 29.95, 29.81, 0, 0, 4.19
2019/07/04 04:37:00, 24.00, 23.88, 23.68, 29.93, 29.81, 0, 0, 4.19
2019/07/04 04:38:00, 24.00, 23.90, 23.68, 29.92, 29.81, 0, 0, 4.19
2019/07/04 04:39:00, 24.00, 23.88, 23.68, 29.92, 29.80, 0, 0, 4.19
2019/07/04 04:40:00, 24.00, 23.88, 23.67, 29.93, 29.84, 0, 0, 4.19
2019/07/04 04:41:00, 24.00, 23.91, 23.68, 29.95, 29.83, 0, 0, 4.19
2019/07/04 04:42:00, 24.00, 23.91, 23.67, 30.01, 29.86, 0, 0, 4.19
2019/07/04 04:43:00, 24.00, 23.90, 23.68, 29.98, 29.86, 0, 0, 4.19
2019/07/04 04:44:00, 24.00, 23.87, 23.66, 30.01, 29.88, 0, 0, 4.19
2019/07/04 04:45:00, 24.00, 23.90, 23.67, 29.95, 29.88, 0, 0, 4.19
2019/07/04 04:46:00, 24.00, 23.91, 23.68, 30.07, 29.91, 0, 0, 4.19
2019/07/04 04:47:00, 24.00, 23.90, 23.68, 30.04, 29.92, 0, 0, 4.19
2019/07/04 04:48:00, 24.00, 23.90, 23.72, 30.04, 29.92, 0, 0, 4.19
2019/07/04 04:49:00, 24.00, 23.87, 23.67, 30.03, 29.90, 0, 0, 4.19
2019/07/04 04:50:00, 24.00, 23.90, 23.69, 30.07, 29.93, 0, 0, 4.19
2019/07/04 04:51:00, 24.00, 23.90, 23.66, 30.10, 29.94, 0, 0, 4.19
2019/07/04 04:52:00, 24.00, 23.90, 23.67, 30.11, 29.96, 0, 0, 4.19
2019/07/04 04:53:00, 24.00, 23.92, 23.66, 30.11, 29.98, 0, 0, 4.19
2019/07/04 04:54:00, 24.00, 23.91, 23.68, 30.11, 29.98, 0, 0, 4.19
2019/07/04 04:55:00, 24.00, 23.90, 23.69, 30.13, 29.99, 0, 0, 4.19
2019/07/04 04:56:00, 24.00, 23.92, 23.68, 30.11, 30.00, 0, 0, 4.19
2019/07/04 04:57:00, 24.00, 23.90, 23.71, 30.14, 30.01, 0, 0, 4.19
2019/07/04 04:58:00, 24.00, 23.91, 23.68, 30.13, 29.98, 0, 0, 4.19
2019/07/04 04:59:00, 24.00, 23.90, 23.72, 30.19, 30.01, 0, 0, 4.19
2019/07/04 05:00:00, 24.00, 23.91, 23.72, 30.19, 30.04, 0, 0, 4.19
2019/07/04 05:01:00, 24.00, 23.91, 23.69, 30.22, 30.04, 0, 0, 4.19
2019/07/04 05:02:00, 24.00, 23.91, 23.69, 30.22, 30.07, 0, 0, 4.19
2019/07/04 05:03:00, 24.00, 23.92, 23.73, 30.23, 30.07, 0, 0, 4.19
2019/07/04 05:04:00, 24.00, 23.92, 23.72, 30.22, 30.05, 0, 0, 4.19
2019/07/04 05:05:00, 24.00, 23.92, 23.71, 30.26, 30.08, 0, 0, 4.19
2019/07/04 05:06:00, 24.00, 23.90, 23.69, 30.25, 30.10, 0, 0, 4.19
2019/07/04 05:07:00, 24.00, 23.91, 23.68, 30.28, 30.10, 0, 0, 4.19
2019/07/04 05:08:00, 24.00, 23.91, 23.69, 30.27, 30.11, 0, 0, 4.19
2019/07/04 05:09:00, 24.00, 23.91, 23.69, 30.30, 30.13, 0, 0, 4.19
2019/07/04 05:10:00, 24.00, 23.88, 23.69, 30.25, 30.13, 0, 0, 4.19
2019/07/04 05:11:00, 24.00, 23.90, 23.69, 30.30, 30.13, 0, 0, 4.19
2019/07/04 05:12:00, 24.00, 23.90, 23.68, 30.29, 30.16, 0, 0, 4.19
2019/07/04 05:13:00, 24.00, 23.91, 23.71, 30.32, 30.17, 0, 0, 4.19
2019/07/04 05:14:00, 24.00, 23.90, 23.67, 30.36, 30.20, 0, 0, 4.19
2019/07/04 05:15:00, 24.00, 23.91, 23.69, 30.41, 30.20, 0, 0, 4.19
2019/07/04 05:16:00, 24.00, 23.90, 23.69, 30.36, 30.20, 0, 0, 4.19
2019/07/04 05:17:00, 24.00, 23.90, 23.69, 30.34, 30.20, 0, 0, 4.19
2019/07/04 05:18:00, 24.00, 23.92, 23.71, 30.45, 30.27, 0, 0, 4.19
2019/07/04 05:19:00, 24.00, 23.91, 23.69, 30.38, 30.23, 0, 0, 4.19
2019/07/04 05:20:00, 24.00, 23.91, 23.69, 30.42, 30.27, 0, 0, 4.19
2019/07/04 05:21:00, 24.00, 23.90, 23.68, 30.46, 30.27, 0, 0, 4.19
2019/07/04 05:22:00, 24.00, 23.90, 23.69, 30.42, 30.26, 0, 0, 4.19
2019/07/04 05:23:00, 24.00, 23.90, 23.69, 30.42, 30.28, 0, 0, 4.19
2019/07/04 05:24:00, 24.00, 23.91, 23.71, 30.45, 30.31, 0, 0, 4.19
2019/07/04 05:25:00, 24.00, 23.91, 23.69, 30.51, 30.30, 0, 0, 4.19
2019/07/04 05:26:00, 24.00, 23.91, 23.71, 30.42, 30.29, 0, 0, 4.19
2019/07/04 05:27:00, 24.00, 23.90, 23.71, 30.44, 30.33, 0, 0, 4.19
2019/07/04 05:28:00, 24.00, 23.91, 23.69, 30.46, 30.34, 0, 0, 4.19
2019/07/04 05:29:00, 24.00, 23.91, 23.71, 30.44, 30.34, 0, 0, 4.19
2019/07/04 05:30:00, 24.00, 23.91, 23.71, 30.56, 30.34, 0, 0, 4.19
2019/07/04 05:31:00, 24.00, 23.90, 23.71, 30.57, 30.39, 0, 0, 4.19
2019/07/04 05:32:00, 24.00, 23.91, 23.71, 30.53, 30.36, 0, 0, 4.19
2019/07/04 05:33:00, 24.00, 23.92, 23.69, 30.50, 30.39, 0, 0, 4.19
2019/07/04 05:34:00, 24.00, 23.92, 23.74, 30.54, 30.39, 0, 0, 4.19
2019/07/04 05:35:00, 24.00, 23.91, 23.71, 30.54, 30.39, 0, 0, 4.19
2019/07/04 05:36:00, 24.00, 23.91, 23.69, 30.52, 30.39, 0, 0, 4.19
2019/07/04 05:37:00, 24.00, 23.90, 23.71, 30.66, 30.43, 0, 0, 4.19
2019/07/04 05:38:00, 24.00, 23.91, 23.73, 30.60, 30.46, 0, 0, 4.19
2019/07/04 05:39:00, 24.00, 23.90, 23.68, 30.64, 30.46, 0, 0, 4.19
2019/07/04 05:40:00, 24.00, 23.88, 23.69, 30.66, 30.48, 0, 0, 4.19
2019/07/04 05:41:00, 24.00, 23.90, 23.69, 30.66, 30.49, 0, 0, 4.19
2019/07/04 05:42:00, 24.00, 23.91, 23.72, 30.66, 30.52, 0, 0, 4.19
2019/07/04 05:43:00, 24.00, 23.91, 23.73, 30.63, 30.51, 0, 0, 4.19
2019/07/04 05:44:00, 24.00, 23.92, 23.72, 30.63, 30.50, 0, 0, 4.19
2019/07/04 05:45:00, 24.00, 23.91, 23.71, 30.62, 30.52, 0, 0, 4.19
2019/07/04 05:46:00, 24.00, 23.94, 23.69, 30.69, 30.54, 0, 0, 4.19
2019/07/04 05:47:00, 24.00, 23.94, 23.72, 30.70, 30.56, 0, 0, 4.19
2019/07/04 05:48:00, 24.00, 23.91, 23.69, 30.79, 30.59, 0, 0, 4.19
2019/07/04 05:49:00, 24.00, 23.91, 23.69, 30.78, 30.60, 0, 0, 4.19
2019/07/04 05:50:00, 24.00, 23.92, 23.71, 30.82, 30.59, 0, 0, 4.19
2019/07/04 05:51:00, 24.00, 23.92, 23.69, 30.76, 30.59, 0, 0, 4.19
2019/07/04 05:52:00, 24.00, 23.91, 23.69, 30.82, 30.65, 0, 0, 4.19
2019/07/04 05:53:00, 24.00, 23.91, 23.71, 30.88, 30.68, 0, 0, 4.19
2019/07/04 05:54:00, 24.00, 23.91, 23.68, 30.78, 30.66, 0, 0, 4.19
2019/07/04 05:55:00, 24.00, 23.87, 23.69, 30.85, 30.70, 0, 0, 4.19
2019/07/04 05:56:00, 24.00, 23.88, 23.68, 30.88, 30.72, 0, 0, 4.19
2019/07/04 05:57:00, 24.00, 23.92, 23.69, 30.82, 30.72, 0, 0, 4.19
2019/07/04 05:58:00, 24.00, 23.90, 23.69, 30.92, 30.74, 0, 0, 4.19
2019/07/04 05:59:00, 24.00, 23.91, 23.68, 30.88, 30.76, 0, 0, 4.19
2019/07/04 06:00:00, 24.00, 23.91, 23.69, 30.89, 30.72, 0, 0, 4.19
2019/07/04 06:01:00, 24.00, 23.91, 23.72, 30.80, 30.75, 0, 0, 4.19
2019/07/04 06:02:00, 24.00, 23.94, 23.73, 30.98, 30.78, 0, 0, 4.19
2019/07/04 06:03:00, 24.00, 23.92, 23.71, 30.89, 30.75, 0, 0, 4.19
2019/07/04 06:04:00, 24.00, 23.92, 23.71, 30.94, 30.79, 0, 0, 4.19
2019/07/04 06:05:00, 24.00, 23.91, 23.69, 30.96, 30.78, 0, 0, 4.19
2019/07/04 06:06:00, 24.00, 23.90, 23.72, 31.05, 30.84, 0, 0, 4.19
2019/07/04 06:07:00, 24.00, 23.92, 23.69, 31.00, 30.88, 0, 0, 4.19
2019/07/04 06:08:00, 24.00, 23.91, 23.69, 30.96, 30.85, 0, 0, 4.19
2019/07/04 06:09:00, 24.00, 23.92, 23.73, 31.05, 30.89, 0, 0, 4.19
2019/07/04 06:10:00, 24.00, 23.91, 23.69, 30.99, 30.83, 0, 0, 4.19
2019/07/04 06:11:00, 24.00, 23.92, 23.72, 31.13, 30.93, 0, 0, 4.19
2019/07/04 06:12:00, 24.00, 23.91, 23.73, 31.11, 30.94, 0, 0, 4.19
2019/07/04 06:13:00, 24.00, 23.91, 23.72, 31.07, 30.91, 0, 0, 4.19
2019/07/04 06:14:00, 24.00, 23.91, 23.71, 31.17, 30.93, 0, 0, 4.19
2019/07/04 06:15:00, 24.00, 23.94, 23.74, 31.16, 31.00, 0, 0, 4.19
2019/07/04 06:16:00, 24.00, 23.92, 23.75, 31.13, 30.97, 0, 0, 4.19
2019/07/04 06:17:00, 24.00, 23.94, 23.73, 31.10, 30.92, 0, 0, 4.19
2019/07/04 06:18:00, 24.00, 23.91, 23.72, 31.10, 30.94, 0, 0, 4.19
2019/07/04 06:19:00, 24.00, 23.91, 23.72, 31.20, 31.03, 0, 0, 4.19
2019/07/04 06:20:00, 24.00, 23.90, 23.74, 31.20, 31.01, 0, 0, 4.19
2019/07/04 06:21:00, 24.00, 23.92, 23.69, 31.20, 31.01, 0, 0, 4.19
2019/07/04 06:22:00, 24.00, 23.92, 23.71, 31.30, 31.05, 0, 0, 4.19
2019/07/04 06:23:00, 24.00, 23.92, 23.73, 31.30, 31.12, 0, 0, 4.19
2019/07/04 06:24:00, 24.00, 23.95, 23.73, 31.27, 31.12, 0, 0, 4.19
2019/07/04 06:25:00, 24.00, 23.92, 23.73, 31.26, 31.09, 0, 0, 4.19
2019/07/04 06:26:00, 24.00, 23.97, 23.75, 31.23, 31.07, 0, 0, 4.19
2019/07/04 06:27:00, 24.00, 23.95, 23.78, 31.22, 31.10, 0, 0, 4.19
2019/07/04 06:28:00, 24.00, 23.97, 23.76, 31.22, 31.10, 0, 0, 4.19
2019/07/04 06:29:00, 24.00, 23.95, 23.75, 31.33, 31.09, 0, 0, 4.19
2019/07/04 06:30:00, 24.00, 23.98, 23.76, 31.29, 31.16, 0, 0, 4.19
2019/07/04 06:31:00, 24.00, 23.97, 23.78, 31.27, 31.13, 0, 0, 4.19
2019/07/04 06:32:00, 24.00, 23.98, 23.79, 31.32, 31.12, 0, 0, 4.19
2019/07/04 06:33:00, 24.00, 23.98, 23.79, 31.31, 31.10, 0, 0, 4.19
2019/07/04 06:34:00, 24.00, 24.01, 23.80, 31.27, 31.07, 0, 0, 4.19
2019/07/04 06:35:00, 24.00, 23.99, 23.79, 31.31, 31.10, 0, 0, 4.19
2019/07/04 06:36:00, 24.00, 24.01, 23.80, 31.31, 31.13, 0, 0, 4.19
2019/07/04 06:37:00, 24.00, 24.02, 23.79, 31.34, 31.15, 0, 0, 4.19
2019/07/04 06:38:00, 24.00, 24.02, 23.81, 31.37, 31.15, 0, 0, 4.19
2019/07/04 06:39:00, 24.00, 24.01, 23.81, 31.30, 31.17, 0, 0, 4.19
2019/07/04 06:40:00, 24.00, 24.01, 23.82, 31.32, 31.13, 0, 0, 4.19
2019/07/04 06:41:00, 24.00, 24.02, 23.81, 31.36, 31.17, 0, 0, 4.19
2019/07/04 06:42:00, 24.00, 24.01, 23.82, 31.31, 31.18, 0, 0, 4.19
2019/07/04 06:43:00, 24.00, 24.01, 23.86, 31.37, 31.21, 0, 0, 4.19
2019/07/04 06:44:00, 24.00, 24.04, 23.83, 31.40, 31.22, 0, 0, 4.19
2019/07/04 06:45:00, 24.00, 24.07, 23.84, 31.39, 31.21, 0, 0, 4.19
2019/07/04 06:46:00, 24.00, 24.07, 23.86, 31.37, 31.21, 0, 0, 4.19
2019/07/04 06:47:00, 24.00, 24.05, 23.88, 31.34, 31.19, 0, 0, 4.19
2019/07/04 06:48:00, 24.25, 24.09, 23.88, 31.29, 31.18, 0, 0, 4.19
2019/07/04 06:49:00, 24.25, 24.08, 23.90, 31.36, 31.19, 0, 0, 4.19
2019/07/04 06:50:00, 24.25, 24.09, 23.92, 31.37, 31.20, 0, 0, 4.19
2019/07/04 06:51:00, 24.25, 24.12, 23.92, 31.31, 31.13, 0, 0, 4.19
2019/07/04 06:52:00, 24.25, 24.15, 23.94, 31.35, 31.15, 0, 0, 4.19
2019/07/04 06:53:00, 24.25, 24.14, 23.95, 31.38, 31.18, 0, 0, 4.19
2019/07/04 06:54:00, 24.25, 24.16, 23.96, 31.32, 31.16, 0, 0, 4.19
2019/07/04 06:55:00, 24.25, 24.19, 23.95, 31.31, 31.12, 0, 0, 4.19
2019/07/04 06:56:00, 24.25, 24.20, 23.96, 31.25, 31.09, 0, 0, 4.19
2019/07/04 06:57:00, 24.25, 24.18, 24.00, 31.30, 31.10, 0, 0, 4.19
2019/07/04 06:58:00, 24.25, 24.19, 24.01, 31.22, 31.10, 0, 0, 4.19
2019/07/04 06:59:00, 24.25, 24.18, 23.98, 31.27, 31.12, 0, 0, 4.19
2019/07/04 07:00:00, 24.25, 24.22, 24.01, 31.33, 31.13, 0, 0, 4.19
2019/07/04 07:01:00, 24.25, 24.20, 24.02, 31.31, 31.12, 0, 0, 4.19
2019/07/04 07:02:00, 24.25, 24.19, 24.02, 31.31, 31.12, 0, 0, 4.19
2019/07/04 07:03:00, 24.25, 24.25, 24.01, 31.26, 31.10, 0, 0, 4.19
2019/07/04 07:04:00, 24.25, 24.23, 24.04, 31.31, 31.13, 0, 0, 4.19
2019/07/04 07:05:00, 24.25, 24.22, 24.02, 31.27, 31.12, 0, 0, 4.19
2019/07/04 07:06:00, 24.25, 24.22, 24.03, 31.30, 31.11, 0, 0, 4.19
2019/07/04 07:07:00, 24.25, 24.22, 24.04, 31.32, 31.15, 0, 0, 4.19
2019/07/04 07:08:00, 24.25, 24.22, 24.05, 31.34, 31.18, 0, 0, 4.19
2019/07/04 07:09:00, 24.25, 24.22, 24.05, 31.38, 31.18, 0, 0, 4.19
2019/07/04 07:10:00, 24.25, 24.26, 24.07, 31.45, 31.20, 0, 0, 4.19
2019/07/04 07:11:00, 24.25, 24.27, 24.09, 31.47, 31.24, 0, 0, 4.19
2019/07/04 07:12:00, 24.25, 24.32, 24.10, 31.43, 31.25, 0, 0, 4.19
2019/07/04 07:13:00, 24.25, 24.32, 24.13, 31.43, 31.28, 0, 0, 4.19
2019/07/04 07:14:00, 24.25, 24.35, 24.16, 31.47, 31.27, 0, 0, 4.19
2019/07/04 07:15:00, 24.25, 24.33, 24.16, 31.34, 31.22, 0, 0, 4.19
2019/07/04 07:16:00, 24.25, 24.35, 24.17, 31.35, 31.18, 0, 0, 4.19
2019/07/04 07:17:00, 24.25, 24.35, 24.19, 31.34, 31.15, 0, 0, 4.19
2019/07/04 07:18:00, 24.25, 24.39, 24.20, 31.30, 31.11, 0, 0, 4.19
2019/07/04 07:19:00, 24.25, 24.40, 24.22, 31.24, 31.10, 0, 0, 4.19
2019/07/04 07:20:00, 24.25, 24.42, 24.23, 31.26, 31.10, 0, 0, 4.19
2019/07/04 07:21:00, 24.25, 24.40, 24.25, 31.16, 31.04, 0, 0, 4.19
2019/07/04 07:22:00, 24.25, 24.43, 24.25, 31.25, 31.05, 0, 0, 4.19
2019/07/04 07:23:00, 24.25, 24.44, 24.25, 31.17, 31.07, 0, 0, 4.19
2019/07/04 07:24:00, 24.25, 24.44, 24.27, 31.19, 30.99, 0, 0, 4.19
2019/07/04 07:25:00, 24.25, 24.40, 24.27, 31.29, 31.04, 0, 0, 4.19
2019/07/04 07:26:00, 24.25, 24.42, 24.25, 31.31, 31.13, 0, 0, 4.19
2019/07/04 07:27:00, 24.25, 24.44, 24.23, 31.32, 31.13, 0, 0, 4.19
2019/07/04 07:28:00, 24.25, 24.43, 24.25, 31.45, 31.25, 0, 0, 4.19
2019/07/04 07:29:00, 24.25, 24.40, 24.24, 31.45, 31.23, 0, 0, 4.19
2019/07/04 07:30:00, 24.25, 24.42, 24.23, 31.57, 31.33, 0, 0, 4.19
2019/07/04 07:31:00, 24.25, 24.42, 24.26, 31.61, 31.44, 0, 0, 4.19
2019/07/04 07:32:00, 24.25, 24.42, 24.25, 31.61, 31.42, 0, 0, 4.19
2019/07/04 07:33:00, 24.50, 24.43, 24.26, 31.58, 31.42, 0, 0, 4.19
2019/07/04 07:34:00, 24.25, 24.43, 24.25, 31.64, 31.39, 0, 0, 4.19
2019/07/04 07:35:00, 24.50, 24.46, 24.26, 31.68, 31.45, 0, 0, 4.19
2019/07/04 07:36:00, 24.50, 24.42, 24.28, 31.64, 31.45, 0, 0, 4.19
2019/07/04 07:37:00, 24.50, 24.43, 24.25, 31.61, 31.36, 0, 0, 4.19
2019/07/04 07:38:00, 24.50, 24.44, 24.25, 31.60, 31.45, 0, 0, 4.19
2019/07/04 07:39:00, 24.50, 24.43, 24.26, 31.68, 31.42, 0, 0, 4.19
2019/07/04 07:40:00, 24.50, 24.42, 24.24, 31.77, 31.52, 0, 0, 4.19
2019/07/04 07:41:00, 24.50, 24.43, 24.28, 31.72, 31.53, 0, 0, 4.19
2019/07/04 07:42:00, 24.50, 24.44, 24.30, 31.79, 31.57, 0, 0, 4.19
2019/07/04 07:43:00, 24.50, 24.47, 24.32, 31.73, 31.54, 0, 0, 4.19
2019/07/04 07:44:00, 24.50, 24.49, 24.32, 31.72, 31.51, 0, 0, 4.19
2019/07/04 07:45:00, 24.50, 24.50, 24.33, 31.62, 31.44, 0, 0, 4.19
2019/07/04 07:46:00, 24.50, 24.49, 24.34, 31.68, 31.48, 0, 0, 4.19
2019/07/04 07:47:00, 24.50, 24.53, 24.34, 31.65, 31.44, 0, 0, 4.19
2019/07/04 07:48:00, 24.50, 24.50, 24.35, 31.59, 31.42, 0, 0, 4.19
2019/07/04 07:49:00, 24.50, 24.53, 24.34, 31.71, 31.44, 0, 0, 4.19
2019/07/04 07:50:00, 24.50, 24.53, 24.34, 31.63, 31.42, 0, 0, 4.19
2019/07/04 07:51:00, 24.50, 24.52, 24.34, 31.65, 31.48, 0, 0, 4.19
2019/07/04 07:52:00, 24.50, 24.53, 24.36, 31.71, 31.47, 0, 0, 4.19
2019/07/04 07:53:00, 24.50, 24.53, 24.36, 31.65, 31.43, 0, 0, 4.19
2019/07/04 07:54:00, 24.50, 24.56, 24.37, 31.65, 31.40, 0, 0, 4.19
2019/07/04 07:55:00, 24.50, 24.56, 24.37, 31.65, 31.39, 0, 0, 4.19
2019/07/04 07:56:00, 24.50, 24.54, 24.38, 31.72, 31.46, 0, 0, 4.19
2019/07/04 07:57:00, 24.50, 24.56, 24.40, 31.65, 31.42, 0, 0, 4.19
2019/07/04 07:58:00, 24.50, 24.54, 24.41, 31.57, 31.36, 0, 0, 4.19
2019/07/04 07:59:00, 24.50, 24.57, 24.40, 31.64, 31.45, 0, 0, 4.19
2019/07/04 08:00:00, 24.50, 24.57, 24.42, 31.51, 31.35, 0, 0, 4.19
2019/07/04 08:01:00, 24.50, 24.57, 24.40, 31.48, 31.32, 0, 0, 4.19
2019/07/04 08:02:00, 24.50, 24.57, 24.40, 31.58, 31.33, 0, 0, 4.19
2019/07/04 08:03:00, 24.50, 24.60, 24.42, 31.52, 31.36, 0, 0, 4.19
2019/07/04 08:04:00, 24.50, 24.59, 24.43, 31.57, 31.38, 0, 0, 4.19
2019/07/04 08:05:00, 24.50, 24.63, 24.45, 31.57, 31.38, 0, 0, 4.19
2019/07/04 08:06:00, 24.50, 24.66, 24.49, 31.51, 31.36, 0, 0, 4.19
2019/07/04 08:07:00, 24.50, 24.66, 24.49, 31.44, 31.26, 0, 0, 4.19
2019/07/04 08:08:00, 24.50, 24.67, 24.48, 31.41, 31.23, 0, 0, 4.19
2019/07/04 08:09:00, 24.50, 24.67, 24.49, 31.41, 31.22, 0, 0, 4.19
2019/07/04 08:10:00, 24.50, 24.67, 24.51, 31.31, 31.19, 0, 0, 4.19
2019/07/04 08:11:00, 24.50, 24.67, 24.48, 31.44, 31.20, 0, 0, 4.19
2019/07/04 08:12:00, 24.50, 24.66, 24.51, 31.38, 31.21, 0, 0, 4.19
2019/07/04 08:13:00, 24.50, 24.67, 24.51, 31.53, 31.30, 0, 0, 4.19
2019/07/04 08:14:00, 24.50, 24.69, 24.52, 31.52, 31.31, 0, 0, 4.19
2019/07/04 08:15:00, 24.50, 24.70, 24.55, 31.40, 31.23, 0, 0, 4.19
2019/07/04 08:16:00, 24.50, 24.73, 24.54, 31.32, 31.19, 0, 0, 4.19
2019/07/04 08:17:00, 24.50, 24.71, 24.56, 31.24, 31.08, 0, 0, 4.19
2019/07/04 08:18:00, 24.50, 24.71, 24.54, 31.30, 31.10, 0, 0, 4.19
2019/07/04 08:19:00, 24.50, 24.73, 24.55, 31.24, 31.08, 0, 0, 4.19
2019/07/04 08:20:00, 24.50, 24.73, 24.55, 31.32, 31.08, 0, 0, 4.19
2019/07/04 08:21:00, 24.50, 24.73, 24.55, 31.36, 31.14, 0, 0, 4.19
2019/07/04 08:22:00, 24.50, 24.73, 24.53, 31.24, 31.10, 0, 0, 4.19
2019/07/04 08:23:00, 24.50, 24.73, 24.55, 31.42, 31.17, 0, 0, 4.19
2019/07/04 08:24:00, 24.50, 24.75, 24.58, 31.36, 31.20, 0, 0, 4.19
2019/07/04 08:25:00, 24.50, 24.75, 24.57, 31.21, 31.08, 0, 0, 4.19
2019/07/04 08:26:00, 24.50, 24.71, 24.55, 31.21, 30.99, 0, 0, 4.19
2019/07/04 08:27:00, 24.50, 24.71, 24.57, 31.23, 31.02, 0, 0, 4.19
2019/07/04 08:28:00, 24.50, 24.73, 24.55, 31.28, 31.07, 0, 0, 4.19
2019/07/04 08:29:00, 24.50, 24.74, 24.55, 31.23, 31.04, 0, 0, 4.19
2019/07/04 08:30:00, 24.50, 24.71, 24.55, 31.27, 31.05, 0, 0, 4.19
2019/07/04 08:31:00, 24.50, 24.74, 24.57, 31.27, 31.05, 0, 0, 4.19
2019/07/04 08:32:00, 24.50, 24.73, 24.56, 31.29, 31.07, 0, 0, 4.19
2019/07/04 08:33:00, 24.50, 24.73, 24.56, 31.29, 31.06, 0, 0, 4.19
2019/07/04 08:34:00, 24.50, 24.73, 24.57, 31.30, 31.07, 0, 0, 4.19
2019/07/04 08:35:00, 24.50, 24.75, 24.58, 31.20, 31.05, 0, 0, 4.19
2019/07/04 08:36:00, 24.50, 24.75, 24.61, 31.26, 31.06, 0, 0, 4.19
2019/07/04 08:37:00, 24.75, 24.78, 24.62, 31.27, 31.05, 0, 0, 4.19
2019/07/04 08:38:00, 24.75, 24.77, 24.62, 31.11, 30.99, 0, 0, 4.19
2019/07/04 08:39:00, 24.75, 24.78, 24.61, 31.19, 30.97, 0, 0, 4.19
2019/07/04 08:40:00, 24.75, 24.77, 24.62, 31.07, 30.95, 0, 0, 4.19
2019/07/04 08:41:00, 24.75, 24.77, 24.61, 31.04, 30.91, 0, 0, 4.19
2019/07/04 08:42:00, 24.75, 24.75, 24.60, 31.10, 30.91, 0, 0, 4.19
2019/07/04 08:43:00, 24.75, 24.78, 24.62, 31.14, 30.95, 0, 0, 4.19
2019/07/04 08:44:00, 24.75, 24.77, 24.62, 31.10, 30.91, 0, 0, 4.19
2019/07/04 08:45:00, 24.75, 24.78, 24.64, 31.02, 30.84, 0, 0, 4.19
2019/07/04 08:46:00, 24.75, 24.81, 24.65, 31.09, 30.88, 0, 0, 4.19
2019/07/04 08:47:00, 24.75, 24.82, 24.65, 30.91, 30.77, 0, 0, 4.19
2019/07/04 08:48:00, 24.75, 24.82, 24.66, 30.96, 30.78, 0, 0, 4.19
2019/07/04 08:49:00, 24.75, 24.82, 24.65, 30.91, 30.73, 0, 0, 4.19
2019/07/04 08:50:00, 24.75, 24.82, 24.67, 30.87, 30.69, 0, 0, 4.19
2019/07/04 08:51:00, 24.75, 24.84, 24.67, 30.90, 30.72, 0, 0, 4.19
2019/07/04 08:52:00, 24.75, 24.84, 24.67, 30.87, 30.67, 0, 0, 4.19
2019/07/04 08:53:00, 24.75, 24.85, 24.68, 30.77, 30.62, 0, 0, 4.19
2019/07/04 08:54:00, 24.75, 24.80, 24.68, 30.68, 30.56, 0, 0, 4.19
2019/07/04 08:55:00, 24.75, 24.81, 24.65, 30.68, 30.52, 0, 0, 4.19
2019/07/04 08:56:00, 24.75, 24.81, 24.66, 30.77, 30.54, 0, 0, 4.19
2019/07/04 08:57:00, 24.75, 24.82, 24.65, 30.70, 30.54, 0, 0, 4.19
2019/07/04 08:58:00, 24.75, 24.81, 24.63, 30.73, 30.51, 0, 0, 4.19
2019/07/04 08:59:00, 24.75, 24.81, 24.63, 30.72, 30.57, 0, 0, 4.19
2019/07/04 09:00:00, 24.75, 24.81, 24.64, 30.69, 30.52, 0, 0, 4.19
2019/07/04 09:01:00, 24.75, 24.82, 24.65, 30.69, 30.54, 0, 0, 4.19
2019/07/04 09:02:00, 24.75, 24.80, 24.64, 30.57, 30.43, 0, 0, 4.19
2019/07/04 09:03:00, 24.75, 24.78, 24.68, 30.53, 30.40, 0, 0, 4.19
2019/07/04 09:04:00, 24.75, 24.81, 24.66, 30.53, 30.37, 0, 0, 4.19
2019/07/04 09:05:00, 24.75, 24.84, 24.65, 30.52, 30.35, 0, 0, 4.19
2019/07/04 09:06:00, 24.75, 24.87, 24.68, 30.49, 30.31, 0, 0, 4.19
2019/07/04 09:07:00, 24.75, 24.87, 24.70, 30.50, 30.30, 0, 0, 4.19
2019/07/04 09:08:00, 24.75, 24.85, 24.70, 30.42, 30.29, 0, 0, 4.19
2019/07/04 09:09:00, 24.75, 24.87, 24.69, 30.33, 30.20, 0, 0, 4.19
2019/07/04 09:10:00, 24.75, 24.84, 24.70, 30.31, 30.17, 0, 0, 4.19
2019/07/04 09:11:00, 24.75, 24.87, 24.67, 30.31, 30.14, 0, 0, 4.19
2019/07/04 09:12:00, 24.75, 24.85, 24.70, 30.31, 30.17, 0, 0, 4.19
2019/07/04 09:13:00, 24.75, 24.88, 24.70, 30.22, 30.12, 0, 0, 4.19
2019/07/04 09:14:00, 24.75, 24.88, 24.72, 30.17, 30.09, 0, 0, 4.19
2019/07/04 09:15:00, 24.75, 24.89, 24.71, 30.12, 30.01, 0, 0, 4.19
2019/07/04 09:16:00, 24.75, 24.89, 24.70, 30.08, 29.99, 0, 0, 4.19
2019/07/04 09:17:00, 24.75, 24.88, 24.72, 30.07, 29.94, 0, 0, 4.19
2019/07/04 09:18:00, 24.75, 24.89, 24.74, 30.08, 29.91, 0, 0, 4.19
2019/07/04 09:19:00, 24.75, 24.88, 24.71, 30.01, 29.89, 0, 0, 4.19
2019/07/04 09:20:00, 24.75, 24.88, 24.75, 30.02, 29.84, 0, 0, 4.19
2019/07/04 09:21:00, 24.75, 24.87, 24.74, 30.01, 29.88, 0, 0, 4.19
2019/07/04 09:22:00, 24.75, 24.91, 24.71, 29.92, 29.81, 0, 0, 4.19
2019/07/04 09:23:00, 24.75, 24.88, 24.71, 29.93, 29.83, 0, 0, 4.19
2019/07/04 09:24:00, 24.75, 24.91, 24.72, 29.89, 29.79, 0, 0, 4.19
2019/07/04 09:25:00, 24.75, 24.88, 24.75, 29.89, 29.74, 0, 0, 4.19
2019/07/04 09:26:00, 24.75, 24.91, 24.72, 29.86, 29.70, 0, 0, 4.19
2019/07/04 09:27:00, 24.75, 24.91, 24.75, 29.70, 29.65, 0, 0, 4.19
2019/07/04 09:28:00, 24.75, 24.91, 24.75, 29.80, 29.64, 0, 0, 4.19
2019/07/04 09:29:00, 24.75, 24.91, 24.76, 29.71, 29.59, 0, 0, 4.19
2019/07/04 09:30:00, 24.75, 24.93, 24.74, 29.71, 29.54, 0, 0, 4.19
2019/07/04 09:31:00, 24.75, 24.89, 24.74, 29.65, 29.49, 0, 0, 4.19
2019/07/04 09:32:00, 24.75, 24.88, 24.74, 29.68, 29.51, 0, 0, 4.19
2019/07/04 09:33:00, 24.75, 24.87, 24.71, 29.62, 29.50, 0, 0, 4.19
2019/07/04 09:34:00, 24.75, 24.88, 24.72, 29.64, 29.49, 0, 0, 4.19
2019/07/04 09:35:00, 24.75, 24.88, 24.74, 29.58, 29.44, 0, 0, 4.19
2019/07/04 09:36:00, 24.75, 24.85, 24.71, 29.58, 29.43, 0, 0, 4.19
2019/07/04 09:37:00, 24.75, 24.89, 24.72, 29.57, 29.45, 0, 0, 4.19
2019/07/04 09:38:00, 24.75, 24.88, 24.75, 29.55, 29.40, 0, 0, 4.19
2019/07/04 09:39:00, 24.75, 24.89, 24.75, 29.48, 29.38, 0, 0, 4.19
2019/07/04 09:40:00, 24.75, 24.93, 24.71, 29.45, 29.32, 0, 0, 4.19
2019/07/04 09:41:00, 24.75, 24.91, 24.76, 29.51, 29.32, 0, 0, 4.19
2019/07/04 09:42:00, 24.75, 24.94, 24.77, 29.45, 29.30, 0, 0, 4.19
2019/07/04 09:43:00, 24.75, 24.91, 24.79, 29.32, 29.25, 0, 0, 4.19
2019/07/04 09:44:00, 24.75, 24.97, 24.79, 29.32, 29.22, 0, 0, 4.19
2019/07/04 09:45:00, 24.75, 24.94, 24.78, 29.25, 29.14, 0, 0, 4.19
2019/07/04 09:46:00, 24.75, 24.95, 24.79, 29.23, 29.12, 0, 0, 4.19
2019/07/04 09:47:00, 24.75, 24.94, 24.79, 29.19, 29.10, 0, 0, 4.19
2019/07/04 09:48:00, 24.75, 24.94, 24.78, 29.20, 29.07, 0, 0, 4.19
2019/07/04 09:49:00, 24.75, 24.93, 24.78, 29.11, 29.03, 0, 0, 4.19
2019/07/04 09:50:00, 24.75, 24.93, 24.77, 29.20, 29.02, 0, 0, 4.19
2019/07/04 09:51:00, 24.75, 24.93, 24.75, 29.10, 29.04, 0, 0, 4.19
2019/07/04 09:52:00, 24.75, 24.89, 24.71, 29.15, 29.00, 0, 0, 4.19
2019/07/04 09:53:00, 24.75, 24.88, 24.71, 29.12, 29.01, 0, 0, 4.19
2019/07/04 09:54:00, 24.75, 24.87, 24.69, 29.08, 28.98, 0, 0, 4.19
2019/07/04 09:55:00, 24.75, 24.84, 24.68, 29.06, 28.96, 0, 0, 4.19
2019/07/04 09:56:00, 24.75, 24.82, 24.65, 29.09, 28.98, 0, 0, 4.19
2019/07/04 09:57:00, 24.75, 24.84, 24.65, 29.13, 28.99, 0, 0, 4.19
2019/07/04 09:58:00, 24.75, 24.82, 24.65, 28.97, 28.86, 0, 0, 4.19
2019/07/04 09:59:00, 24.75, 24.80, 24.64, 29.03, 28.88, 0, 0, 4.19
2019/07/04 10:00:00, 24.75, 24.82, 24.62, 29.00, 28.83, 0, 0, 4.19
2019/07/04 10:01:00, 24.75, 24.78, 24.61, 29.05, 28.86, 0, 0, 4.19
2019/07/04 10:02:00, 24.75, 24.75, 24.62, 28.98, 28.85, 0, 0, 4.19
2019/07/04 10:03:00, 24.75, 24.74, 24.57, 28.86, 28.77, 0, 0, 4.19
2019/07/04 10:04:00, 24.75, 24.73, 24.54, 28.89, 28.77, 0, 0, 4.19
2019/07/04 10:05:00, 24.75, 24.69, 24.52, 28.98, 28.79, 0, 0, 4.19
2019/07/04 10:06:00, 24.75, 24.69, 24.52, 28.82, 28.77, 0, 0, 4.19
2019/07/04 10:07:00, 24.75, 24.69, 24.52, 28.92, 28.78, 0, 0, 4.19
2019/07/04 10:08:00, 24.75, 24.69, 24.49, 28.90, 28.77, 0, 0, 4.19
2019/07/04 10:09:00, 24.75, 24.66, 24.48, 28.88, 28.75, 0, 0, 4.19
2019/07/04 10:10:00, 24.75, 24.69, 24.47, 28.93, 28.79, 0, 0, 4.19
2019/07/04 10:11:00, 24.75, 24.67, 24.50, 28.96, 28.80, 0, 0, 4.19
2019/07/04 10:12:00, 24.75, 24.69, 24.48, 28.87, 28.72, 0, 0, 4.19
2019/07/04 10:13:00, 24.75, 24.66, 24.47, 28.84, 28.69, 0, 0, 4.19
2019/07/04 10:14:00, 24.75, 24.64, 24.46, 28.81, 28.66, 0, 0, 4.19
2019/07/04 10:15:00, 24.75, 24.63, 24.49, 28.84, 28.69, 0, 0, 4.19
2019/07/04 10:16:00, 24.75, 24.63, 24.47, 28.78, 28.66, 0, 0, 4.19
2019/07/04 10:17:00, 24.75, 24.66, 24.48, 28.79, 28.67, 0, 0, 4.19
2019/07/04 10:18:00, 24.75, 24.64, 24.48, 28.85, 28.68, 0, 0, 4.19
2019/07/04 10:19:00, 24.75, 24.59, 24.43, 28.76, 28.61, 0, 0, 4.19
2019/07/04 10:20:00, 24.75, 24.60, 24.42, 28.78, 28.69, 0, 0, 4.19
2019/07/04 10:21:00, 24.75, 24.61, 24.43, 28.82, 28.68, 0, 0, 4.19
2019/07/04 10:22:00, 24.75, 24.60, 24.40, 28.82, 28.66, 0, 0, 4.19
2019/07/04 10:23:00, 24.75, 24.59, 24.40, 28.85, 28.71, 0, 0, 4.19
2019/07/04 10:24:00, 24.75, 24.57, 24.43, 28.85, 28.69, 0, 0, 4.19
2019/07/04 10:25:00, 24.75, 24.56, 24.39, 28.86, 28.69, 0, 0, 4.19
2019/07/04 10:26:00, 24.75, 24.57, 24.39, 28.83, 28.66, 0, 0, 4.19
2019/07/04 10:27:00, 24.75, 24.56, 24.39, 28.83, 28.66, 0, 0, 4.19
2019/07/04 10:28:00, 24.75, 24.59, 24.38, 28.80, 28.69, 0, 0, 4.19
2019/07/04 10:29:00, 24.75, 24.53, 24.39, 28.71, 28.62, 0, 0, 4.19
2019/07/04 10:30:00, 24.75, 24.57, 24.37, 28.82, 28.68, 0, 0, 4.19
2019/07/04 10:31:00, 24.75, 24.54, 24.35, 28.76, 28.61, 0, 0, 4.19
2019/07/04 10:32:00, 24.75, 24.52, 24.34, 28.68, 28.59, 0, 0, 4.19
2019/07/04 10:33:00, 24.75, 24.47, 24.32, 28.68, 28.55, 0, 0, 4.19
2019/07/04 10:34:00, 24.75, 24.52, 24.31, 28.71, 28.56, 0, 0, 4.19
2019/07/04 10:35:00, 24.75, 24.50, 24.30, 28.72, 28.58, 0, 0, 4.19
2019/07/04 10:36:00, 24.75, 24.46, 24.27, 28.72, 28.57, 0, 0, 4.19
2019/07/04 10:37:00, 24.75, 24.42, 24.26, 28.79, 28.63, 0, 0, 4.19
2019/07/04 10:38:00, 24.75, 24.43, 24.23, 28.78, 28.63, 0, 0, 4.19
2019/07/04 10:39:00, 24.75, 24.42, 24.22, 28.79, 28.63, 0, 0, 4.19
2019/07/04 10:40:00, 24.75, 24.40, 24.22, 28.84, 28.69, 0, 0, 4.19
2019/07/04 10:41:00, 24.75, 24.40, 24.22, 28.86, 28.70, 0, 0, 4.19
2019/07/04 10:42:00, 24.75, 24.38, 24.21, 28.91, 28.74, 0, 0, 4.19
2019/07/04 10:43:00, 24.75, 24.42, 24.25, 28.94, 28.79, 0, 0, 4.19
2019/07/04 10:44:00, 24.75, 24.43, 24.27, 28.77, 28.66, 0, 0, 4.19
2019/07/04 10:45:00, 24.75, 24.43, 24.28, 28.74, 28.63, 0, 0, 4.19
2019/07/04 10:46:00, 24.75, 24.47, 24.25, 28.68, 28.57, 0, 0, 4.19
2019/07/04 10:47:00, 24.75, 24.44, 24.26, 28.66, 28.56, 0, 0, 4.19
2019/07/04 10:48:00, 24.75, 24.46, 24.26, 28.63, 28.47, 0, 0, 4.19
2019/07/04 10:49:00, 24.75, 24.46, 24.26, 28.68, 28.49, 0, 0, 4.19
2019/07/04 10:50:00, 24.75, 24.47, 24.27, 28.58, 28.48, 0, 0, 4.19
2019/07/04 10:51:00, 24.75, 24.47, 24.26, 28.60, 28.44, 0, 0, 4.19
2019/07/04 10:52:00, 24.75, 24.47, 24.25, 28.56, 28.41, 0, 0, 4.19
2019/07/04 10:53:00, 24.75, 24.46, 24.27, 28.52, 28.40, 0, 0, 4.19
2019/07/04 10:54:00, 24.75, 24.46, 24.27, 28.49, 28.42, 0, 0, 4.19
2019/07/04 10:55:00, 24.75, 24.49, 24.28, 28.53, 28.38, 0, 0, 4.19
2019/07/04 10:56:00, 24.75, 24.47, 24.30, 28.49, 28.36, 0, 0, 4.19
2019/07/04 10:57:00, 24.75, 24.46, 24.28, 28.47, 28.33, 0, 0, 4.19
2019/07/04 10:58:00, 24.75, 24.44, 24.28, 28.40, 28.28, 0, 0, 4.19
2019/07/04 10:59:00, 24.75, 24.47, 24.30, 28.41, 28.29, 0, 0, 4.19
2019/07/04 11:00:00, 24.75, 24.47, 24.27, 28.34, 28.22, 0, 0, 4.19
2019/07/04 11:01:00, 24.75, 24.49, 24.27, 28.37, 28.23, 0, 0, 4.19
2019/07/04 11:02:00, 24.75, 24.49, 24.31, 28.33, 28.23, 0, 0, 4.19
2019/07/04 11:03:00, 24.75, 24.49, 24.31, 28.36, 28.21, 0, 0, 4.19
2019/07/04 11:04:00, 24.75, 24.49, 24.30, 28.34, 28.17, 0, 0, 4.19
2019/07/04 11:05:00, 24.75, 24.47, 24.28, 28.27, 28.14, 0, 0, 4.19
2019/07/04 11:06:00, 24.75, 24.47, 24.28, 28.24, 28.14, 0, 0, 4.19
2019/07/04 11:07:00, 24.75, 24.47, 24.28, 28.22, 28.10, 0, 0, 4.19
2019/07/04 11:08:00, 24.75, 24.47, 24.30, 28.18, 28.08, 0, 0, 4.19
2019/07/04 11:09:00, 24.75, 24.49, 24.28, 28.18, 28.04, 0, 0, 4.19
2019/07/04 11:10:00, 24.75, 24.50, 24.30, 28.20, 28.06, 0, 0, 4.19
2019/07/04 11:11:00, 24.75, 24.49, 24.26, 28.12, 28.01, 0, 0, 4.19
2019/07/04 11:12:00, 24.75, 24.47, 24.30, 28.09, 27.95, 0, 0, 4.19
2019/07/04 11:13:00, 24.75, 24.46, 24.31, 28.05, 27.93, 0, 0, 4.19
2019/07/04 11:14:00, 24.75, 24.46, 24.31, 28.11, 27.94, 0, 0, 4.19
2019/07/04 11:15:00, 24.75, 24.49, 24.31, 28.06, 27.95, 0, 0, 4.19
2019/07/04 11:16:00, 24.75, 24.49, 24.32, 28.06, 27.91, 0, 0, 4.19
2019/07/04 11:17:00, 24.75, 24.47, 24.27, 27.99, 27.88, 0, 0, 4.19
2019/07/04 11:18:00, 24.75, 24.44, 24.28, 27.91, 27.80, 0, 0, 4.19
2019/07/04 11:19:00, 24.75, 24.46, 24.28, 27.97, 27.83, 0, 0, 4.19
2019/07/04 11:20:00, 24.50, 24.47, 24.26, 27.97, 27.82, 0, 0, 4.19
2019/07/04 11:21:00, 24.50, 24.46, 24.27, 27.94, 27.83, 0, 0, 4.19
2019/07/04 11:22:00, 24.75, 24.44, 24.26, 27.96, 27.86, 0, 0, 4.19
2019/07/04 11:23:00, 24.75, 24.49, 24.26, 27.99, 27.86, 0, 0, 4.19
2019/07/04 11:24:00, 24.75, 24.44, 24.26, 27.94, 27.78, 0, 0, 4.19
2019/07/04 11:25:00, 24.50, 24.47, 24.27, 27.97, 27.82, 0, 0, 4.19
2019/07/04 11:26:00, 24.50, 24.44, 24.26, 27.89, 27.78, 0, 0, 4.19
2019/07/04 11:27:00, 24.50, 24.46, 24.27, 27.90, 27.80, 0, 0, 4.19
2019/07/04 11:28:00, 24.50, 24.46, 24.28, 27.93, 27.82, 0, 0, 4.19
2019/07/04 11:29:00, 24.50, 24.44, 24.25, 27.84, 27.76, 0, 0, 4.19
2019/07/04 11:30:00, 24.50, 24.43, 24.27, 27.80, 27.67, 0, 0, 4.19
2019/07/04 11:31:00, 24.50, 24.44, 24.27, 27.81, 27.69, 0, 0, 4.19
2019/07/04 11:32:00, 24.50, 24.44, 24.27, 27.90, 27.72, 0, 0, 4.19
2019/07/04 11:33:00, 24.50, 24.44, 24.27, 27.81, 27.71, 0, 0, 4.19
2019/07/04 11:34:00, 24.50, 24.47, 24.26, 27.78, 27.65, 0, 0, 4.19
2019/07/04 11:35:00, 24.50, 24.46, 24.24, 27.75, 27.65, 0, 0, 4.19
2019/07/04 11:36:00, 24.50, 24.43, 24.24, 27.80, 27.65, 0, 0, 4.19
2019/07/04 11:37:00, 24.50, 24.46, 24.25, 27.80, 27.63, 0, 0, 4.19
2019/07/04 11:38:00, 24.50, 24.42, 24.26, 27.80, 27.64, 0, 0, 4.19
2019/07/04 11:39:00, 24.50, 24.42, 24.23, 27.73, 27.63, 0, 0, 4.19
2019/07/04 11:40:00, 24.50, 24.42, 24.21, 27.79, 27.66, 0, 0, 4.19
2019/07/04 11:41:00, 24.50, 24.43, 24.22, 27.78, 27.66, 0, 0, 4.19
2019/07/04 11:42:00, 24.50, 24.40, 24.22, 27.76, 27.64, 0, 0, 4.19
2019/07/04 11:43:00, 24.50, 24.42, 24.23, 27.78, 27.64, 0, 0, 4.19
2019/07/04 11:44:00, 24.50, 24.42, 24.23, 27.72, 27.61, 0, 0, 4.19
2019/07/04 11:45:00, 24.50, 24.40, 24.23, 27.72, 27.60, 0, 0, 4.19
2019/07/04 11:46:00, 24.50, 24.38, 24.20, 27.76, 27.58, 0, 0, 4.19
2019/07/04 11:47:00, 24.50, 24.39, 24.21, 27.78, 27.60, 0, 0, 4.19
2019/07/04 11:48:00, 24.50, 24.39, 24.21, 27.75, 27.61, 0, 0, 4.19
2019/07/04 11:49:00, 24.50, 24.39, 24.22, 27.75, 27.60, 0, 0, 4.19
2019/07/04 11:50:00, 24.50, 24.39, 24.19, 27.75, 27.60, 0, 0, 4.19
2019/07/04 11:51:00, 24.50, 24.39, 24.22, 27.77, 27.62, 0, 0, 4.19
2019/07/04 11:52:00, 24.50, 24.42, 24.22, 27.76, 27.62, 0, 0, 4.19
2019/07/04 11:53:00, 24.50, 24.39, 24.20, 27.80, 27.59, 0, 0, 4.19
2019/07/04 11:54:00, 24.50, 24.39, 24.21, 27.75, 27.60, 0, 0, 4.19
2019/07/04 11:55:00, 24.50, 24.38, 24.21, 27.73, 27.63, 0, 0, 4.19
2019/07/04 11:56:00, 24.50, 24.39, 24.21, 27.73, 27.61, 0, 0, 4.19
2019/07/04 11:57:00, 24.50, 24.40, 24.20, 27.69, 27.59, 0, 0, 4.19
2019/07/04 11:58:00, 24.50, 24.38, 24.19, 27.70, 27.58, 0, 0, 4.19
2019/07/04 11:59:00, 24.50, 24.40, 24.20, 27.72, 27.56, 0, 0, 4.19
2019/07/04 12:00:00, 24.50, 24.39, 24.20, 27.72, 27.56, 0, 0, 4.19
2019/07/04 12:01:00, 24.50, 24.39, 24.20, 27.67, 27.55, 0, 0, 4.19
2019/07/04 12:02:00, 24.50, 24.38, 24.19, 27.61, 27.50, 0, 0, 4.19
2019/07/04 12:03:00, 24.50, 24.38, 24.20, 27.66, 27.49, 0, 0, 4.19
2019/07/04 12:04:00, 24.50, 24.38, 24.20, 27.61, 27.47, 0, 0, 4.19
2019/07/04 12:05:00, 24.50, 24.36, 24.19, 27.55, 27.43, 0, 0, 4.19
2019/07/04 12:06:00, 24.50, 24.36, 24.19, 27.57, 27.43, 0, 0, 4.19
2019/07/04 12:07:00, 24.50, 24.38, 24.18, 27.48, 27.38, 0, 0, 4.19
2019/07/04 12:08:00, 24.50, 24.36, 24.17, 27.60, 27.43, 0, 0, 4.19
2019/07/04 12:09:00, 24.50, 24.38, 24.20, 27.58, 27.44, 0, 0, 4.19
2019/07/04 12:10:00, 24.50, 24.38, 24.19, 27.57, 27.40, 0, 0, 4.19
2019/07/04 12:11:00, 24.50, 24.38, 24.18, 27.56, 27.40, 0, 0, 4.19
2019/07/04 12:12:00, 24.50, 24.36, 24.19, 27.46, 27.38, 0, 0, 4.19
2019/07/04 12:13:00, 24.50, 24.35, 24.18, 27.48, 27.35, 0, 0, 4.19
2019/07/04 12:14:00, 24.50, 24.35, 24.18, 27.51, 27.36, 0, 0, 4.19
2019/07/04 12:15:00, 24.50, 24.35, 24.19, 27.47, 27.33, 0, 0, 4.19
2019/07/04 12:16:00, 24.50, 24.35, 24.18, 27.42, 27.31, 0, 0, 4.19
2019/07/04 12:17:00, 24.50, 24.36, 24.16, 27.48, 27.31, 0, 0, 4.19
2019/07/04 12:18:00, 24.50, 24.38, 24.18, 27.46, 27.31, 0, 0, 4.19
2019/07/04 12:19:00, 24.50, 24.38, 24.18, 27.49, 27.30, 0, 0, 4.19
2019/07/04 12:20:00, 24.50, 24.35, 24.16, 27.42, 27.28, 0, 0, 4.19
2019/07/04 12:21:00, 24.50, 24.38, 24.17, 27.42, 27.29, 0, 0, 4.19
2019/07/04 12:22:00, 24.50, 24.36, 24.17, 27.46, 27.32, 0, 0, 4.19
2019/07/04 12:23:00, 24.50, 24.39, 24.19, 27.44, 27.28, 0, 0, 4.19
2019/07/04 12:24:00, 24.50, 24.38, 24.19, 27.44, 27.32, 0, 0, 4.19
2019/07/04 12:25:00, 24.50, 24.36, 24.18, 27.42, 27.27, 0, 0, 4.19
2019/07/04 12:26:00, 24.50, 24.36, 24.17, 27.45, 27.30, 0, 0, 4.19
2019/07/04 12:27:00, 24.50, 24.35, 24.18, 27.42, 27.27, 0, 0, 4.19
2019/07/04 12:28:00, 24.50, 24.36, 24.18, 27.41, 27.26, 0, 0, 4.19
2019/07/04 12:29:00, 24.50, 24.36, 24.18, 27.42, 27.24, 0, 0, 4.19
2019/07/04 12:30:00, 24.50, 24.36, 24.18, 27.39, 27.24, 0, 0, 4.19
2019/07/04 12:31:00, 24.50, 24.36, 24.18, 27.36, 27.21, 0, 0, 4.19
2019/07/04 12:32:00, 24.50, 24.38, 24.16, 27.36, 27.21, 0, 0, 4.19
2019/07/04 12:33:00, 24.50, 24.38, 24.17, 27.35, 27.18, 0, 0, 4.19
2019/07/04 12:34:00, 24.50, 24.39, 24.17, 27.30, 27.17, 0, 0, 4.19
2019/07/04 12:35:00, 24.50, 24.36, 24.16, 27.35, 27.15, 0, 0, 4.19
2019/07/04 12:36:00, 24.50, 24.35, 24.17, 27.36, 27.15, 0, 0, 4.19
2019/07/04 12:37:00, 24.50, 24.35, 24.16, 27.30, 27.15, 0, 0, 4.19
2019/07/04 12:38:00, 24.50, 24.36, 24.16, 27.30, 27.17, 0, 0, 4.19
2019/07/04 12:39:00, 24.50, 24.35, 24.16, 27.29, 27.16, 0, 0, 4.19
2019/07/04 12:40:00, 24.50, 24.36, 24.17, 27.30, 27.12, 0, 0, 4.19
2019/07/04 12:41:00, 24.50, 24.36, 24.18, 27.26, 27.11, 0, 0, 4.19
2019/07/04 12:42:00, 24.50, 24.33, 24.15, 27.27, 27.11, 0, 0, 4.19
2019/07/04 12:43:00, 24.50, 24.35, 24.16, 27.24, 27.09, 0, 0, 4.19
2019/07/04 12:44:00, 24.50, 24.33, 24.16, 27.14, 27.05, 0, 0, 4.19
2019/07/04 12:45:00, 24.50, 24.32, 24.15, 27.18, 27.06, 0, 0, 4.19
2019/07/04 12:46:00, 24.50, 24.32, 24.15, 27.17, 27.06, 0, 0, 4.19
2019/07/04 12:47:00, 24.50, 24.32, 24.15, 27.18, 27.04, 0, 0, 4.19
2019/07/04 12:48:00, 24.50, 24.33, 24.12, 27.17, 27.00, 0, 0, 4.19
2019/07/04 12:49:00, 24.50, 24.29, 24.13, 27.15, 27.01, 0, 0, 4.19
2019/07/04 12:50:00, 24.50, 24.31, 24.11, 27.17, 27.01, 0, 0, 4.19
2019/07/04 12:51:00, 24.50, 24.31, 24.09, 27.15, 27.02, 0, 0, 4.19
2019/07/04 12:52:00, 24.50, 24.29, 24.10, 27.15, 26.99, 0, 0, 4.19
2019/07/04 12:53:00, 24.50, 24.31, 24.11, 27.21, 27.04, 0, 0, 4.19
2019/07/04 12:54:00, 24.50, 24.31, 24.10, 27.20, 27.04, 0, 0, 4.19
2019/07/04 12:55:00, 24.50, 24.26, 24.10, 27.18, 27.01, 0, 0, 4.19
2019/07/04 12:56:00, 24.50, 24.31, 24.11, 27.15, 27.05, 0, 0, 4.19
2019/07/04 12:57:00, 24.50, 24.31, 24.12, 27.15, 27.04, 0, 0, 4.19
2019/07/04 12:58:00, 24.50, 24.31, 24.13, 27.20, 27.04, 0, 0, 4.19
2019/07/04 12:59:00, 24.50, 24.32, 24.11, 27.20, 27.02, 0, 0, 4.19
2019/07/04 13:00:00, 24.50, 24.33, 24.13, 27.17, 27.02, 0, 0, 4.19
2019/07/04 13:01:00, 24.50, 24.35, 24.11, 27.10, 27.00, 0, 0, 4.19
2019/07/04 13:02:00, 24.50, 24.33, 24.13, 27.08, 26.97, 0, 0, 4.19
2019/07/04 13:03:00, 24.50, 24.31, 24.13, 27.15, 26.96, 0, 0, 4.19
2019/07/04 13:04:00, 24.50, 24.31, 24.13, 27.11, 26.96, 0, 0, 4.19
2019/07/04 13:05:00, 24.50, 24.31, 24.11, 27.12, 26.96, 0, 0, 4.19
2019/07/04 13:06:00, 24.50, 24.31, 24.12, 27.15, 26.98, 0, 0, 4.19
2019/07/04 13:07:00, 24.50, 24.31, 24.12, 27.15, 27.00, 0, 0, 4.19
2019/07/04 13:08:00, 24.50, 24.29, 24.09, 27.18, 27.00, 0, 0, 4.19
2019/07/04 13:09:00, 24.50, 24.32, 24.10, 27.14, 26.99, 0, 0, 4.19
2019/07/04 13:10:00, 24.50, 24.29, 24.10, 27.12, 26.96, 0, 0, 4.19
2019/07/04 13:11:00, 24.50, 24.31, 24.10, 27.11, 26.98, 0, 0, 4.19
2019/07/04 13:12:00, 24.50, 24.27, 24.13, 27.12, 26.98, 0, 0, 4.19
2019/07/04 13:13:00, 24.50, 24.29, 24.11, 27.15, 26.95, 0, 0, 4.19
2019/07/04 13:14:00, 24.50, 24.31, 24.09, 27.12, 26.93, 0, 0, 4.19
2019/07/04 13:15:00, 24.50, 24.27, 24.10, 27.10, 26.94, 0, 0, 4.19
2019/07/04 13:16:00, 24.50, 24.29, 24.09, 27.06, 26.94, 0, 0, 4.19
2019/07/04 13:17:00, 24.50, 24.27, 24.09, 27.09, 26.95, 0, 0, 4.19
2019/07/04 13:18:00, 24.50, 24.27, 24.08, 27.12, 26.95, 0, 0, 4.19
2019/07/04 13:19:00, 24.50, 24.29, 24.07, 27.09, 26.93, 0, 0, 4.19
2019/07/04 13:20:00, 24.50, 24.26, 24.07, 27.06, 26.93, 0, 0, 4.19
2019/07/04 13:21:00, 24.50, 24.25, 24.06, 27.07, 26.92, 0, 0, 4.19
2019/07/04 13:22:00, 24.50, 24.25, 24.06, 27.12, 26.95, 0, 0, 4.19
2019/07/04 13:23:00, 24.50, 24.26, 24.06, 27.13, 26.97, 0, 0, 4.19
2019/07/04 13:24:00, 24.50, 24.25, 24.05, 27.09, 26.95, 0, 0, 4.19
2019/07/04 13:25:00, 24.50, 24.23, 24.05, 27.06, 26.92, 0, 0, 4.19
2019/07/04 13:26:00, 24.50, 24.25, 24.04, 27.09, 26.93, 0, 0, 4.19
2019/07/04 13:27:00, 24.50, 24.22, 24.04, 27.10, 26.94, 0, 0, 4.19
2019/07/04 13:28:00, 24.50, 24.22, 24.02, 27.10, 26.95, 0, 0, 4.19
2019/07/04 13:29:00, 24.50, 24.22, 24.04, 27.04, 26.92, 0, 0, 4.19
2019/07/04 13:30:00, 24.50, 24.22, 24.02, 27.06, 26.90, 0, 0, 4.19
2019/07/04 13:31:00, 24.50, 24.22, 24.03, 27.11, 26.93, 0, 0, 4.19
2019/07/04 13:32:00, 24.50, 24.20, 24.01, 27.06, 26.93, 0, 0, 4.19
2019/07/04 13:33:00, 24.50, 24.20, 24.00, 27.08, 26.94, 0, 0, 4.19
2019/07/04 13:34:00, 24.50, 24.19, 24.02, 27.06, 26.92, 0, 0, 4.19
2019/07/04 13:35:00, 24.50, 24.20, 24.01, 27.09, 26.92, 0, 0, 4.19
2019/07/04 13:36:00, 24.50, 24.18, 24.01, 27.10, 26.92, 0, 0, 4.19
2019/07/04 13:37:00, 24.50, 24.20, 23.98, 27.06, 26.91, 0, 0, 4.19
2019/07/04 13:38:00, 24.50, 24.19, 24.00, 27.11, 26.92, 0, 0, 4.19
2019/07/04 13:39:00, 24.50, 24.19, 23.97, 27.10, 26.94, 0, 0, 4.19
2019/07/04 13:40:00, 24.50, 24.18, 24.01, 27.04, 26.89, 0, 0, 4.19
2019/07/04 13:41:00, 24.50, 24.19, 24.01, 27.04, 26.89, 0, 0, 4.19
2019/07/04 13:42:00, 24.50, 24.18, 23.98, 27.00, 26.86, 0, 0, 4.19
2019/07/04 13:43:00, 24.50, 24.19, 24.00, 27.00, 26.87, 0, 0, 4.19
2019/07/04 13:44:00, 24.50, 24.18, 24.00, 27.00, 26.85, 0, 0, 4.19
2019/07/04 13:45:00, 24.50, 24.18, 23.98, 27.10, 26.88, 0, 0, 4.19
2019/07/04 13:46:00, 24.50, 24.18, 24.01, 27.01, 26.85, 0, 0, 4.19
2019/07/04 13:47:00, 24.50, 24.16, 24.01, 27.06, 26.88, 0, 0, 4.19
2019/07/04 13:48:00, 24.50, 24.19, 23.97, 27.06, 26.87, 0, 0, 4.19
2019/07/04 13:49:00, 24.50, 24.19, 24.01, 27.03, 26.88, 0, 0, 4.19
2019/07/04 13:50:00, 24.50, 24.18, 24.01, 27.01, 26.88, 0, 0, 4.19
2019/07/04 13:51:00, 24.50, 24.20, 24.02, 27.01, 26.86, 0, 0, 4.19
2019/07/04 13:52:00, 24.50, 24.20, 24.01, 26.94, 26.87, 0, 0, 4.19
2019/07/04 13:53:00, 24.50, 24.23, 24.03, 27.07, 26.89, 0, 0, 4.19
2019/07/04 13:54:00, 24.50, 24.22, 24.06, 27.09, 26.89, 0, 0, 4.19
2019/07/04 13:55:00, 24.50, 24.25, 24.07, 27.04, 26.87, 0, 0, 4.19
2019/07/04 13:56:00, 24.50, 24.23, 24.06, 27.05, 26.84, 0, 0, 4.19
2019/07/04 13:57:00, 24.50, 24.23, 24.07, 27.00, 26.85, 0, 0, 4.19
2019/07/04 13:58:00, 24.50, 24.26, 24.07, 26.99, 26.86, 0, 0, 4.19
2019/07/04 13:59:00, 24.50, 24.26, 24.07, 26.96, 26.82, 0, 0, 4.19
2019/07/04 14:00:00, 24.50, 24.25, 24.07, 27.00, 26.82, 0, 0, 4.19
2019/07/04 14:01:00, 24.50, 24.26, 24.07, 27.01, 26.85, 0, 0, 4.19
2019/07/04 14:02:00, 24.50, 24.26, 24.08, 26.99, 26.85, 0, 0, 4.19
2019/07/04 14:03:00, 24.50, 24.27, 24.09, 27.03, 26.87, 0, 0, 4.19
2019/07/04 14:04:00, 24.50, 24.27, 24.09, 27.00, 26.88, 0, 0, 4.19
2019/07/04 14:05:00, 24.50, 24.26, 24.10, 27.00, 26.86, 0, 0, 4.19
2019/07/04 14:06:00, 24.50, 24.26, 24.07, 27.03, 26.82, 0, 0, 4.19
2019/07/04 14:07:00, 24.50, 24.25, 24.06, 27.05, 26.85, 0, 0, 4.19
2019/07/04 14:08:00, 24.50, 24.25, 24.08, 27.08, 26.87, 0, 0, 4.19
2019/07/04 14:09:00, 24.50, 24.25, 24.06, 27.06, 26.85, 0, 0, 4.19
2019/07/04 14:10:00, 24.50, 24.25, 24.06, 27.01, 26.85, 0, 0, 4.19
2019/07/04 14:11:00, 24.50, 24.25, 24.08, 27.06, 26.88, 0, 0, 4.19
2019/07/04 14:12:00, 24.50, 24.26, 24.06, 27.06, 26.90, 0, 0, 4.19
2019/07/04 14:13:00, 24.50, 24.26, 24.07, 27.10, 26.92, 0, 0, 4.19
2019/07/04 14:14:00, 24.50, 24.26, 24.07, 27.08, 26.92, 0, 0, 4.19
2019/07/04 14:15:00, 24.50, 24.26, 24.07, 27.03, 26.89, 0, 0, 4.19
2019/07/04 14:16:00, 24.50, 24.25, 24.06, 27.00, 26.84, 0, 0, 4.19
2019/07/04 14:17:00, 24.50, 24.27, 24.09, 26.99, 26.83, 0, 0, 4.19
2019/07/04 14:18:00, 24.50, 24.26, 24.06, 26.97, 26.82, 0, 0, 4.19
2019/07/04 14:19:00, 24.50, 24.26, 24.08, 27.05, 26.85, 0, 0, 4.19
2019/07/04 14:20:00, 24.50, 24.23, 24.06, 27.03, 26.84, 0, 0, 4.19
2019/07/04 14:21:00, 24.50, 24.25, 24.05, 27.06, 26.86, 0, 0, 4.19
2019/07/04 14:22:00, 24.50, 24.25, 24.04, 27.03, 26.83, 0, 0, 4.19
2019/07/04 14:23:00, 24.50, 24.22, 24.05, 27.01, 26.86, 0, 0, 4.19
2019/07/04 14:24:00, 24.50, 24.23, 24.05, 27.03, 26.87, 0, 0, 4.19
2019/07/04 14:25:00, 24.50, 24.20, 24.02, 27.03, 26.85, 0, 0, 4.19
2019/07/04 14:26:00, 24.50, 24.22, 24.05, 27.01, 26.83, 0, 0, 4.19
2019/07/04 14:27:00, 24.50, 24.20, 24.01, 27.01, 26.85, 0, 0, 4.19
2019/07/04 14:28:00, 24.50, 24.19, 24.01, 26.94, 26.83, 0, 0, 4.19
2019/07/04 14:29:00, 24.50, 24.18, 24.03, 26.98, 26.82, 0, 0, 4.19
2019/07/04 14:30:00, 24.50, 24.19, 24.01, 26.95, 26.80, 0, 0, 4.19
2019/07/04 14:31:00, 24.50, 24.19, 24.00, 26.98, 26.79, 0, 0, 4.19
2019/07/04 14:32:00, 24.50, 24.19, 24.01, 26.97, 26.82, 0, 0, 4.19
2019/07/04 14:33:00, 24.50, 24.18, 24.01, 26.95, 26.80, 0, 0, 4.19
2019/07/04 14:34:00, 24.50, 24.19, 23.98, 26.95, 26.80, 0, 0, 4.19
2019/07/04 14:35:00, 24.50, 24.16, 23.98, 26.91, 26.75, 0, 0, 4.19
2019/07/04 14:36:00, 24.50, 24.18, 23.96, 26.92, 26.75, 0, 0, 4.19
2019/07/04 14:37:00, 24.50, 24.16, 23.95, 26.92, 26.76, 0, 0, 4.19
2019/07/04 14:38:00, 24.50, 24.18, 23.95, 26.91, 26.76, 0, 0, 4.19
2019/07/04 14:39:00, 24.50, 24.15, 23.95, 26.92, 26.74, 0, 0, 4.19
2019/07/04 14:40:00, 24.50, 24.12, 23.94, 26.88, 26.72, 0, 0, 4.19
2019/07/04 14:41:00, 24.50, 24.14, 23.94, 26.88, 26.73, 0, 0, 4.19
2019/07/04 14:42:00, 24.50, 24.14, 23.94, 26.83, 26.69, 0, 0, 4.19
2019/07/04 14:43:00, 24.50, 24.14, 23.95, 26.83, 26.66, 0, 0, 4.19
2019/07/04 14:44:00, 24.50, 24.15, 23.93, 26.83, 26.69, 0, 0, 4.19
2019/07/04 14:45:00, 24.50, 24.11, 23.93, 26.79, 26.63, 0, 0, 4.19
2019/07/04 14:46:00, 24.50, 24.14, 23.92, 26.84, 26.66, 0, 0, 4.19
2019/07/04 14:47:00, 24.25, 24.14, 23.92, 26.80, 26.65, 0, 0, 4.19
2019/07/04 14:48:00, 24.25, 24.11, 23.92, 26.83, 26.67, 0, 0, 4.19
2019/07/04 14:49:00, 24.25, 24.12, 23.93, 26.77, 26.62, 0, 0, 4.19
2019/07/04 14:50:00, 24.25, 24.14, 23.92, 26.81, 26.60, 0, 0, 4.19
2019/07/04 14:51:00, 24.25, 24.09, 23.92, 26.79, 26.60, 0, 0, 4.19
2019/07/04 14:52:00, 24.25, 24.11, 23.91, 26.75, 26.57, 0, 0, 4.19
2019/07/04 14:53:00, 24.25, 24.09, 23.92, 26.73, 26.57, 0, 0, 4.19
2019/07/04 14:54:00, 24.25, 24.08, 23.91, 26.75, 26.56, 0, 0, 4.19
2019/07/04 14:55:00, 24.25, 24.09, 23.91, 26.77, 26.58, 0, 0, 4.19
2019/07/04 14:56:00, 24.25, 24.09, 23.89, 26.77, 26.60, 0, 0, 4.19
2019/07/04 14:57:00, 24.25, 24.07, 23.89, 26.74, 26.59, 0, 0, 4.19
2019/07/04 14:58:00, 24.25, 24.08, 23.89, 26.72, 26.58, 0, 0, 4.19
2019/07/04 14:59:00, 24.25, 24.07, 23.89, 26.75, 26.59, 0, 0, 4.19
2019/07/04 15:00:00, 24.25, 24.07, 23.88, 26.71, 26.59, 0, 0, 4.19
2019/07/04 15:01:00, 24.25, 24.05, 23.88, 26.72, 26.57, 0, 0, 4.19
2019/07/04 15:02:00, 24.25, 24.08, 23.88, 26.72, 26.56, 0, 0, 4.19
2019/07/04 15:03:00, 24.25, 24.05, 23.87, 26.71, 26.56, 0, 0, 4.19
2019/07/04 15:04:00, 24.25, 24.05, 23.86, 26.69, 26.55, 0, 0, 4.19
2019/07/04 15:05:00, 24.25, 24.07, 23.86, 26.71, 26.53, 0, 0, 4.19
2019/07/04 15:06:00, 24.25, 24.04, 23.84, 26.72, 26.50, 0, 0, 4.19
2019/07/04 15:07:00, 24.25, 24.05, 23.84, 26.75, 26.52, 0, 0, 4.19
2019/07/04 15:08:00, 24.25, 24.04, 23.82, 26.77, 26.53, 0, 0, 4.19
2019/07/04 15:09:00, 24.25, 24.05, 23.82, 26.71, 26.52, 0, 0, 4.19
2019/07/04 15:10:00, 24.25, 24.05, 23.83, 26.75, 26.54, 0, 0, 4.19
2019/07/04 15:11:00, 24.25, 24.05, 23.84, 26.73, 26.51, 0, 0, 4.19
2019/07/04 15:12:00, 24.25, 24.04, 23.84, 26.75, 26.54, 0, 0, 4.19
2019/07/04 15:13:00, 24.25, 24.02, 23.84, 26.72, 26.51, 0, 0, 4.19
2019/07/04 15:14:00, 24.25, 24.02, 23.84, 26.66, 26.53, 0, 0, 4.19
2019/07/04 15:15:00, 24.25, 24.01, 23.83, 26.72, 26.53, 0, 0, 4.19
2019/07/04 15:16:00, 24.25, 24.02, 23.84, 26.72, 26.52, 0, 0, 4.19
2019/07/04 15:17:00, 24.25, 24.01, 23.84, 26.65, 26.50, 0, 0, 4.19
2019/07/04 15:18:00, 24.25, 24.01, 23.82, 26.68, 26.50, 0, 0, 4.19
2019/07/04 15:19:00, 24.25, 24.01, 23.82, 26.68, 26.50, 0, 0, 4.19
2019/07/04 15:20:00, 24.25, 24.02, 23.82, 26.72, 26.50, 0, 0, 4.19
2019/07/04 15:21:00, 24.25, 24.04, 23.82, 26.66, 26.50, 0, 0, 4.19
2019/07/04 15:22:00, 24.25, 24.02, 23.82, 26.67, 26.49, 0, 0, 4.19
2019/07/04 15:23:00, 24.25, 24.04, 23.82, 26.63, 26.49, 0, 0, 4.19
2019/07/04 15:24:00, 24.25, 24.04, 23.82, 26.71, 26.51, 0, 0, 4.19
2019/07/04 15:25:00, 24.25, 24.02, 23.82, 26.65, 26.51, 0, 0, 4.19
2019/07/04 15:26:00, 24.25, 24.04, 23.83, 26.63, 26.50, 0, 0, 4.19
2019/07/04 15:27:00, 24.25, 24.04, 23.84, 26.65, 26.47, 0, 0, 4.19
2019/07/04 15:28:00, 24.25, 24.07, 23.82, 26.57, 26.46, 0, 0, 4.19
2019/07/04 15:29:00, 24.25, 24.07, 23.83, 26.53, 26.39, 0, 0, 4.19
2019/07/04 15:30:00, 24.25, 24.04, 23.84, 26.59, 26.40, 0, 0, 4.19
2019/07/04 15:31:00, 24.25, 24.04, 23.86, 26.55, 26.38, 0, 0, 4.19
2019/07/04 15:32:00, 24.25, 24.04, 23.87, 26.55, 26.39, 0, 0, 4.19
2019/07/04 15:33:00, 24.25, 24.07, 23.86, 26.56, 26.36, 0, 0, 4.19
2019/07/04 15:34:00, 24.25, 24.07, 23.86, 26.57, 26.35, 0, 0, 4.19
2019/07/04 15:35:00, 24.25, 24.07, 23.87, 26.49, 26.34, 0, 0, 4.19
2019/07/04 15:36:00, 24.25, 24.05, 23.87, 26.43, 26.27, 0, 0, 4.19
2019/07/04 15:37:00, 24.25, 24.07, 23.86, 26.43, 26.25, 0, 0, 4.19
2019/07/04 15:38:00, 24.25, 24.04, 23.84, 26.40, 26.27, 0, 0, 4.19
2019/07/04 15:39:00, 24.25, 24.07, 23.84, 26.46, 26.30, 0, 0, 4.19
2019/07/04 15:40:00, 24.25, 24.05, 23.88, 26.44, 26.31, 0, 0, 4.19
2019/07/04 15:41:00, 24.25, 24.05, 23.86, 26.46, 26.27, 0, 0, 4.19
2019/07/04 15:42:00, 24.25, 24.05, 23.87, 26.43, 26.25, 0, 0, 4.19
2019/07/04 15:43:00, 24.25, 24.07, 23.86, 26.46, 26.25, 0, 0, 4.19
2019/07/04 15:44:00, 24.25, 24.07, 23.86, 26.52, 26.27, 0, 0, 4.19
2019/07/04 15:45:00, 24.25, 24.05, 23.88, 26.38, 26.24, 0, 0, 4.19
2019/07/04 15:46:00, 24.25, 24.04, 23.84, 26.34, 26.19, 0, 0, 4.19
2019/07/04 15:47:00, 24.25, 24.04, 23.86, 26.35, 26.18, 0, 0, 4.19
2019/07/04 15:48:00, 24.25, 24.04, 23.86, 26.37, 26.18, 0, 0, 4.19
2019/07/04 15:49:00, 24.25, 24.04, 23.86, 26.37, 26.19, 0, 0, 4.19
2019/07/04 15:50:00, 24.25, 24.02, 23.83, 26.40, 26.18, 0, 0, 4.19
2019/07/04 15:51:00, 24.25, 24.05, 23.84, 26.41, 26.18, 0, 0, 4.19
2019/07/04 15:52:00, 24.25, 24.07, 23.87, 26.38, 26.18, 0, 0, 4.19
2019/07/04 15:53:00, 24.25, 24.02, 23.86, 26.41, 26.16, 0, 0, 4.19
2019/07/04 15:54:00, 24.25, 24.07, 23.87, 26.34, 26.15, 0, 0, 4.19
2019/07/04 15:55:00, 24.25, 24.07, 23.87, 26.33, 26.15, 0, 0, 4.19
2019/07/04 15:56:00, 24.25, 24.05, 23.87, 26.30, 26.11, 0, 0, 4.19
2019/07/04 15:57:00, 24.25, 24.07, 23.84, 26.31, 26.12, 0, 0, 4.19
2019/07/04 15:58:00, 24.25, 24.05, 23.86, 26.28, 26.10, 0, 0, 4.19
2019/07/04 15:59:00, 24.25, 24.05, 23.87, 26.31, 26.10, 0, 0, 4.19
2019/07/04 16:00:00, 24.25, 24.07, 23.88, 26.30, 26.09, 0, 0, 4.19
2019/07/04 16:01:00, 24.25, 24.04, 23.87, 26.25, 26.07, 0, 0, 4.19
2019/07/04 16:02:00, 24.25, 24.07, 23.88, 26.33, 26.09, 0, 0, 4.19
2019/07/04 16:03:00, 24.25, 24.07, 23.88, 26.31, 26.08, 0, 0, 4.19
2019/07/04 16:04:00, 24.25, 24.05, 23.89, 26.21, 26.07, 0, 0, 4.19
2019/07/04 16:05:00, 24.25, 24.07, 23.86, 26.27, 26.04, 0, 0, 4.19
2019/07/04 16:06:00, 24.25, 24.09, 23.90, 26.24, 26.03, 0, 0, 4.19
2019/07/04 16:07:00, 24.25, 24.07, 23.88, 26.25, 26.04, 0, 0, 4.19
2019/07/04 16:08:00, 24.25, 24.07, 23.88, 26.22, 26.05, 0, 0, 4.19
2019/07/04 16:09:00, 24.25, 24.08, 23.89, 26.23, 26.02, 0, 0, 4.19
2019/07/04 16:10:00, 24.25, 24.08, 23.88, 26.21, 25.99, 0, 0, 4.19
2019/07/04 16:11:00, 24.25, 24.05, 23.89, 26.21, 25.99, 0, 0, 4.19
2019/07/04 16:12:00, 24.25, 24.07, 23.88, 26.17, 25.98, 0, 0, 4.19
2019/07/04 16:13:00, 24.25, 24.05, 23.88, 26.14, 25.95, 0, 0, 4.19
2019/07/04 16:14:00, 24.25, 24.05, 23.87, 26.19, 25.99, 0, 0, 4.19
2019/07/04 16:15:00, 24.25, 24.05, 23.88, 26.14, 25.97, 0, 0, 4.19
2019/07/04 16:16:00, 24.25, 24.07, 23.88, 26.14, 25.95, 0, 0, 4.19
2019/07/04 16:17:00, 24.25, 24.07, 23.86, 26.16, 25.96, 0, 0, 4.19
2019/07/04 16:18:00, 24.25, 24.04, 23.87, 26.19, 25.97, 0, 0, 4.19
2019/07/04 16:19:00, 24.25, 24.05, 23.88, 26.17, 25.99, 0, 0, 4.19
2019/07/04 16:20:00, 24.25, 24.05, 23.88, 26.21, 26.00, 0, 0, 4.19
2019/07/04 16:21:00, 24.25, 24.07, 23.87, 26.19, 25.99, 0, 0, 4.19
2019/07/04 16:22:00, 24.25, 24.05, 23.88, 26.15, 25.99, 0, 0, 4.19
2019/07/04 16:23:00, 24.25, 24.04, 23.86, 26.19, 25.95, 0, 0, 4.19
2019/07/04 16:24:00, 24.25, 24.07, 23.86, 26.18, 25.98, 0, 0, 4.19
2019/07/04 16:25:00, 24.25, 24.05, 23.87, 26.18, 25.99, 0, 0, 4.19
2019/07/04 16:26:00, 24.25, 24.07, 23.86, 26.19, 25.99, 0, 0, 4.19
2019/07/04 16:27:00, 24.25, 24.05, 23.88, 26.18, 25.99, 0, 0, 4.19
2019/07/04 16:28:00, 24.25, 24.04, 23.88, 26.21, 25.98, 0, 0, 4.19
2019/07/04 16:29:00, 24.25, 24.07, 23.87, 26.18, 25.98, 0, 0, 4.19
2019/07/04 16:30:00, 24.25, 24.07, 23.88, 26.21, 25.98, 0, 0, 4.19
2019/07/04 16:31:00, 24.25, 24.09, 23.86, 26.21, 25.99, 0, 0, 4.19
2019/07/04 16:32:00, 24.25, 24.07, 23.88, 26.22, 26.02, 0, 0, 4.19
2019/07/04 16:33:00, 24.25, 24.07, 23.89, 26.19, 26.03, 0, 0, 4.19
2019/07/04 16:34:00, 24.25, 24.08, 23.90, 26.23, 26.02, 0, 0, 4.19
2019/07/04 16:35:00, 24.25, 24.07, 23.90, 26.21, 26.02, 0, 0, 4.19
2019/07/04 16:36:00, 24.25, 24.08, 23.88, 26.26, 26.03, 0, 0, 4.19
2019/07/04 16:37:00, 24.25, 24.08, 23.89, 26.24, 26.03, 0, 0, 4.19
2019/07/04 16:38:00, 24.25, 24.07, 23.92, 26.24, 26.02, 0, 0, 4.19
2019/07/04 16:39:00, 24.25, 24.08, 23.90, 26.26, 26.04, 0, 0, 4.19
2019/07/04 16:40:00, 24.25, 24.07, 23.90, 26.26, 26.05, 0, 0, 4.19
2019/07/04 16:41:00, 24.25, 24.08, 23.91, 26.28, 26.06, 0, 0, 4.19
2019/07/04 16:42:00, 24.25, 24.07, 23.88, 26.30, 26.06, 0, 0, 4.19
2019/07/04 16:43:00, 24.25, 24.05, 23.88, 26.27, 26.06, 0, 0, 4.19
2019/07/04 16:44:00, 24.25, 24.07, 23.88, 26.31, 26.09, 0, 0, 4.19
2019/07/04 16:45:00, 24.25, 24.07, 23.88, 26.30, 26.07, 0, 0, 4.19
2019/07/04 16:46:00, 24.25, 24.05, 23.87, 26.33, 26.10, 0, 0, 4.19
2019/07/04 16:47:00, 24.25, 24.05, 23.87, 26.22, 26.08, 0, 0, 4.19
2019/07/04 16:48:00, 24.25, 24.07, 23.88, 26.34, 26.08, 0, 0, 4.19
2019/07/04 16:49:00, 24.25, 24.04, 23.88, 26.37, 26.13, 0, 0, 4.19
2019/07/04 16:50:00, 24.25, 24.05, 23.89, 26.36, 26.15, 0, 0, 4.19
2019/07/04 16:51:00, 24.25, 24.07, 23.88, 26.36, 26.15, 0, 0, 4.19
2019/07/04 16:52:00, 24.25, 24.07, 23.87, 26.34, 26.16, 0, 0, 4.19
2019/07/04 16:53:00, 24.25, 24.05, 23.86, 26.37, 26.15, 0, 0, 4.19
2019/07/04 16:54:00, 24.25, 24.05, 23.84, 26.35, 26.16, 0, 0, 4.19
2019/07/04 16:55:00, 24.25, 24.02, 23.83, 26.37, 26.15, 0, 0, 4.19
2019/07/04 16:56:00, 24.25, 24.04, 23.82, 26.40, 26.17, 0, 0, 4.19
2019/07/04 16:57:00, 24.25, 24.02, 23.82, 26.42, 26.20, 0, 0, 4.19
2019/07/04 16:58:00, 24.25, 24.01, 23.78, 26.40, 26.20, 0, 0, 4.19
2019/07/04 16:59:00, 24.25, 23.97, 23.78, 26.45, 26.20, 0, 0, 4.19
2019/07/04 17:00:00, 24.25, 23.99, 23.78, 26.45, 26.25, 0, 0, 4.19
2019/07/04 17:01:00, 24.25, 23.99, 23.78, 26.46, 26.27, 0, 0, 4.19
2019/07/04 17:02:00, 24.25, 23.97, 23.78, 26.48, 26.29, 0, 0, 4.19
2019/07/04 17:03:00, 24.25, 23.98, 23.75, 26.46, 26.27, 0, 0, 4.19
2019/07/04 17:04:00, 24.25, 23.94, 23.77, 26.48, 26.29, 0, 0, 4.19
2019/07/04 17:05:00, 24.25, 23.94, 23.76, 26.48, 26.27, 0, 0, 4.19
2019/07/04 17:06:00, 24.25, 23.92, 23.76, 26.46, 26.28, 0, 0, 4.19
2019/07/04 17:07:00, 24.25, 23.94, 23.74, 26.48, 26.27, 0, 0, 4.19
2019/07/04 17:08:00, 24.25, 23.92, 23.73, 26.50, 26.29, 0, 0, 4.19
2019/07/04 17:09:00, 24.25, 23.91, 23.74, 26.42, 26.24, 0, 0, 4.19
2019/07/04 17:10:00, 24.25, 23.95, 23.73, 26.45, 26.21, 0, 0, 4.19
2019/07/04 17:11:00, 24.25, 23.92, 23.71, 26.42, 26.23, 0, 0, 4.19
2019/07/04 17:12:00, 24.25, 23.92, 23.73, 26.46, 26.24, 0, 0, 4.19
2019/07/04 17:13:00, 24.25, 23.90, 23.69, 26.47, 26.24, 0, 0, 4.19
2019/07/04 17:14:00, 24.25, 23.91, 23.68, 26.42, 26.24, 0, 0, 4.19
2019/07/04 17:15:00, 24.25, 23.90, 23.69, 26.39, 26.24, 0, 0, 4.19
2019/07/04 17:16:00, 24.25, 23.87, 23.71, 26.45, 26.25, 0, 0, 4.19
2019/07/04 17:17:00, 24.25, 23.87, 23.66, 26.41, 26.19, 0, 0, 4.19
2019/07/04 17:18:00, 24.25, 23.85, 23.67, 26.40, 26.24, 0, 0, 4.19
2019/07/04 17:19:00, 24.25, 23.85, 23.66, 26.44, 26.22, 0, 0, 4.19
2019/07/04 17:20:00, 24.25, 23.84, 23.66, 26.47, 26.25, 0, 0, 4.19
2019/07/04 17:21:00, 24.25, 23.88, 23.65, 26.49, 26.27, 0, 0, 4.19
2019/07/04 17:22:00, 24.25, 23.84, 23.64, 26.47, 26.25, 0, 0, 4.19
2019/07/04 17:23:00, 24.25, 23.84, 23.65, 26.42, 26.27, 0, 0, 4.19
2019/07/04 17:24:00, 24.25, 23.83, 23.64, 26.43, 26.21, 0, 0, 4.19
2019/07/04 17:25:00, 24.25, 23.81, 23.63, 26.41, 26.24, 0, 0, 4.19
2019/07/04 17:26:00, 24.25, 23.84, 23.60, 26.45, 26.24, 0, 0, 4.19
2019/07/04 17:27:00, 24.25, 23.81, 23.61, 26.45, 26.24, 0, 0, 4.19
2019/07/04 17:28:00, 24.25, 23.81, 23.61, 26.48, 26.27, 0, 0, 4.19
2019/07/04 17:29:00, 24.25, 23.80, 23.60, 26.50, 26.25, 0, 0, 4.19
2019/07/04 17:30:00, 24.25, 23.83, 23.59, 26.45, 26.26, 0, 0, 4.19
2019/07/04 17:31:00, 24.25, 23.79, 23.60, 26.47, 26.27, 0, 0, 4.19
2019/07/04 17:32:00, 24.25, 23.80, 23.60, 26.50, 26.30, 0, 0, 4.19
2019/07/04 17:33:00, 24.00, 23.80, 23.60, 26.48, 26.28, 0, 0, 4.19
2019/07/04 17:34:00, 24.25, 23.80, 23.59, 26.51, 26.27, 0, 0, 4.19
2019/07/04 17:35:00, 24.00, 23.79, 23.57, 26.48, 26.27, 0, 0, 4.19
2019/07/04 17:36:00, 24.00, 23.80, 23.60, 26.50, 26.27, 0, 0, 4.19
2019/07/04 17:37:00, 24.25, 23.77, 23.58, 26.45, 26.24, 0, 0, 4.19
2019/07/04 17:38:00, 24.00, 23.76, 23.54, 26.50, 26.26, 0, 0, 4.19
2019/07/04 17:39:00, 24.00, 23.74, 23.56, 26.46, 26.28, 0, 0, 4.19
2019/07/04 17:40:00, 24.00, 23.74, 23.57, 26.42, 26.26, 0, 0, 4.19
2019/07/04 17:41:00, 24.00, 23.76, 23.54, 26.51, 26.27, 0, 0, 4.19
2019/07/04 17:42:00, 24.00, 23.76, 23.54, 26.52, 26.32, 0, 0, 4.19
2019/07/04 17:43:00, 24.00, 23.74, 23.57, 26.48, 26.31, 0, 0, 4.19
2019/07/04 17:44:00, 24.00, 23.74, 23.53, 26.54, 26.34, 0, 0, 4.19
2019/07/04 17:45:00, 24.00, 23.76, 23.56, 26.54, 26.34, 0, 0, 4.19
2019/07/04 17:46:00, 24.00, 23.70, 23.52, 26.58, 26.38, 0, 0, 4.19
2019/07/04 17:47:00, 24.00, 23.71, 23.53, 26.63, 26.39, 0, 0, 4.19
2019/07/04 17:48:00, 24.00, 23.74, 23.51, 26.65, 26.42, 0, 0, 4.19
2019/07/04 17:49:00, 24.00, 23.74, 23.53, 26.65, 26.44, 0, 0, 4.19
2019/07/04 17:50:00, 24.00, 23.73, 23.52, 26.68, 26.48, 0, 0, 4.19
2019/07/04 17:51:00, 24.00, 23.73, 23.52, 26.73, 26.52, 0, 0, 4.19
2019/07/04 17:52:00, 24.00, 23.71, 23.52, 26.70, 26.53, 0, 0, 4.19
2019/07/04 17:53:00, 24.00, 23.68, 23.53, 26.80, 26.57, 0, 0, 4.19
2019/07/04 17:54:00, 24.00, 23.70, 23.51, 26.77, 26.60, 0, 0, 4.19
2019/07/04 17:55:00, 24.00, 23.70, 23.50, 26.87, 26.63, 0, 0, 4.19
2019/07/04 17:56:00, 24.00, 23.68, 23.49, 26.83, 26.66, 0, 0, 4.19
2019/07/04 17:57:00, 24.00, 23.68, 23.48, 26.90, 26.68, 0, 0, 4.19
2019/07/04 17:58:00, 24.00, 23.68, 23.48, 26.97, 26.74, 0, 0, 4.19
2019/07/04 17:59:00, 24.00, 23.68, 23.50, 26.96, 26.72, 0, 0, 4.19
2019/07/04 18:00:00, 24.00, 23.68, 23.50, 26.91, 26.73, 0, 0, 4.19
2019/07/04 18:01:00, 24.00, 23.67, 23.48, 26.97, 26.77, 0, 0, 4.19
2019/07/04 18:02:00, 24.00, 23.67, 23.47, 26.96, 26.79, 0, 0, 4.19
2019/07/04 18:03:00, 24.00, 23.65, 23.47, 26.99, 26.80, 0, 0, 4.19
2019/07/04 18:04:00, 24.00, 23.67, 23.45, 27.03, 26.82, 0, 0, 4.19
2019/07/04 18:05:00, 24.00, 23.64, 23.45, 27.10, 26.87, 0, 0, 4.19
2019/07/04 18:06:00, 24.00, 23.67, 23.46, 27.09, 26.91, 0, 0, 4.19
2019/07/04 18:07:00, 24.00, 23.64, 23.44, 27.13, 26.95, 0, 0, 4.19
2019/07/04 18:08:00, 24.00, 23.65, 23.43, 27.14, 26.95, 0, 0, 4.19
2019/07/04 18:09:00, 24.00, 23.64, 23.44, 27.20, 26.99, 0, 0, 4.19
2019/07/04 18:10:00, 24.00, 23.65, 23.44, 27.24, 27.03, 0, 0, 4.19
2019/07/04 18:11:00, 24.00, 23.64, 23.44, 27.15, 26.98, 0, 0, 4.19
2019/07/04 18:12:00, 24.00, 23.63, 23.44, 27.22, 27.00, 0, 0, 4.19
2019/07/04 18:13:00, 24.00, 23.63, 23.44, 27.19, 27.03, 0, 0, 4.19
2019/07/04 18:14:00, 24.00, 23.63, 23.45, 27.29, 27.04, 0, 0, 4.19
2019/07/04 18:15:00, 24.00, 23.65, 23.44, 27.25, 27.08, 0, 0, 4.19
2019/07/04 18:16:00, 24.00, 23.63, 23.45, 27.19, 27.07, 0, 0, 4.19
2019/07/04 18:17:00, 24.00, 23.64, 23.46, 27.23, 27.05, 0, 0, 4.19
2019/07/04 18:18:00, 24.00, 23.64, 23.43, 27.28, 27.07, 0, 0, 4.19
2019/07/04 18:19:00, 24.00, 23.61, 23.45, 27.35, 27.10, 0, 0, 4.19
2019/07/04 18:20:00, 24.00, 23.64, 23.44, 27.26, 27.11, 0, 0, 4.19
2019/07/04 18:21:00, 24.00, 23.64, 23.44, 27.38, 27.16, 0, 0, 4.19
2019/07/04 18:22:00, 24.00, 23.64, 23.45, 27.37, 27.18, 0, 0, 4.19
2019/07/04 18:23:00, 24.00, 23.65, 23.44, 27.34, 27.18, 0, 0, 4.19
2019/07/04 18:24:00, 24.00, 23.65, 23.44, 27.39, 27.21, 0, 0, 4.19
2019/07/04 18:25:00, 24.00, 23.64, 23.45, 27.39, 27.19, 0, 0, 4.19
2019/07/04 18:26:00, 24.00, 23.64, 23.44, 27.29, 27.16, 0, 0, 4.19
2019/07/04 18:27:00, 24.00, 23.65, 23.43, 27.41, 27.21, 0, 0, 4.19
2019/07/04 18:28:00, 24.00, 23.64, 23.45, 27.48, 27.28, 0, 0, 4.19
2019/07/04 18:29:00, 24.00, 23.64, 23.45, 27.51, 27.31, 0, 0, 4.19
2019/07/04 18:30:00, 24.00, 23.65, 23.46, 27.48, 27.33, 0, 0, 4.19
2019/07/04 18:31:00, 24.00, 23.65, 23.45, 27.48, 27.29, 0, 0, 4.19
2019/07/04 18:32:00, 24.00, 23.63, 23.47, 27.50, 27.30, 0, 0, 4.19
2019/07/04 18:33:00, 24.00, 23.67, 23.47, 27.50, 27.33, 0, 0, 4.19
2019/07/04 18:34:00, 24.00, 23.67, 23.45, 27.44, 27.31, 0, 0, 4.19
2019/07/04 18:35:00, 24.00, 23.64, 23.45, 27.54, 27.34, 0, 0, 4.19
2019/07/04 18:36:00, 24.00, 23.67, 23.48, 27.61, 27.40, 0, 0, 4.19
2019/07/04 18:37:00, 24.00, 23.67, 23.47, 27.65, 27.40, 0, 0, 4.19
2019/07/04 18:38:00, 24.00, 23.67, 23.45, 27.53, 27.40, 0, 0, 4.19
2019/07/04 18:39:00, 24.00, 23.65, 23.45, 27.57, 27.39, 0, 0, 4.19
2019/07/04 18:40:00, 24.00, 23.67, 23.45, 27.63, 27.43, 0, 0, 4.19
2019/07/04 18:41:00, 24.00, 23.65, 23.45, 27.63, 27.45, 0, 0, 4.19
2019/07/04 18:42:00, 24.00, 23.67, 23.45, 27.69, 27.48, 0, 0, 4.19
2019/07/04 18:43:00, 24.00, 23.68, 23.46, 27.73, 27.51, 0, 0, 4.19
2019/07/04 18:44:00, 24.00, 23.67, 23.45, 27.65, 27.50, 0, 0, 4.19
2019/07/04 18:45:00, 24.00, 23.64, 23.45, 27.67, 27.50, 0, 0, 4.19
2019/07/04 18:46:00, 24.00, 23.65, 23.44, 27.64, 27.48, 0, 0, 4.19
2019/07/04 18:47:00, 24.00, 23.64, 23.45, 27.69, 27.50, 0, 0, 4.19
2019/07/04 18:48:00, 24.00, 23.64, 23.45, 27.75, 27.54, 0, 0, 4.19
2019/07/04 18:49:00, 24.00, 23.64, 23.46, 27.70, 27.54, 0, 0, 4.19
2019/07/04 18:50:00, 24.00, 23.65, 23.44, 27.70, 27.50, 0, 0, 4.19
2019/07/04 18:51:00, 24.00, 23.63, 23.42, 27.75, 27.50, 0, 0, 4.19
2019/07/04 18:52:00, 24.00, 23.64, 23.44, 27.67, 27.52, 0, 0, 4.19
2019/07/04 18:53:00, 24.00, 23.64, 23.44, 27.70, 27.50, 0, 0, 4.19
2019/07/04 18:54:00, 24.00, 23.63, 23.43, 27.66, 27.49, 0, 0, 4.19
2019/07/04 18:55:00, 24.00, 23.64, 23.45, 27.69, 27.47, 0, 0, 4.19
2019/07/04 18:56:00, 24.00, 23.64, 23.45, 27.67, 27.50, 0, 0, 4.19
2019/07/04 18:57:00, 24.00, 23.64, 23.45, 27.69, 27.49, 0, 0, 4.19
2019/07/04 18:58:00, 24.00, 23.64, 23.45, 27.67, 27.50, 0, 0, 4.19
2019/07/04 18:59:00, 24.00, 23.65, 23.44, 27.61, 27.45, 0, 0, 4.19
2019/07/04 19:00:00, 24.00, 23.67, 23.44, 27.64, 27.46, 0, 0, 4.19
2019/07/04 19:01:00, 24.00, 23.65, 23.45, 27.63, 27.43, 0, 0, 4.19
2019/07/04 19:02:00, 24.00, 23.68, 23.46, 27.51, 27.41, 0, 0, 4.19
2019/07/04 19:03:00, 24.00, 23.63, 23.45, 27.58, 27.40, 0, 0, 4.19
2019/07/04 19:04:00, 24.00, 23.64, 23.46, 27.57, 27.40, 0, 0, 4.19
2019/07/04 19:05:00, 24.00, 23.65, 23.45, 27.54, 27.37, 0, 0, 4.19
2019/07/04 19:06:00, 24.00, 23.63, 23.44, 27.59, 27.38, 0, 0, 4.19
2019/07/04 19:07:00, 24.00, 23.65, 23.46, 27.51, 27.35, 0, 0, 4.19
2019/07/04 19:08:00, 24.00, 23.65, 23.45, 27.56, 27.37, 0, 0, 4.19
2019/07/04 19:09:00, 24.00, 23.67, 23.45, 27.55, 27.36, 0, 0, 4.19
2019/07/04 19:10:00, 24.00, 23.65, 23.45, 27.50, 27.35, 0, 0, 4.19
2019/07/04 19:11:00, 24.00, 23.63, 23.45, 27.51, 27.33, 0, 0, 4.19
2019/07/04 19:12:00, 24.00, 23.63, 23.44, 27.50, 27.34, 0, 0, 4.19
2019/07/04 19:13:00, 24.00, 23.64, 23.44, 27.51, 27.34, 0, 0, 4.19
2019/07/04 19:14:00, 24.00, 23.65, 23.45, 27.53, 27.34, 0, 0, 4.19
2019/07/04 19:15:00, 24.00, 23.65, 23.44, 27.53, 27.32, 0, 0, 4.19
2019/07/04 19:16:00, 24.00, 23.63, 23.44, 27.48, 27.32, 0, 0, 4.19
2019/07/04 19:17:00, 24.00, 23.61, 23.43, 27.49, 27.30, 0, 0, 4.19
2019/07/04 19:18:00, 24.00, 23.64, 23.42, 27.44, 27.27, 0, 0, 4.19
2019/07/04 19:19:00, 24.00, 23.61, 23.44, 27.45, 27.27, 0, 0, 4.19
2019/07/04 19:20:00, 24.00, 23.64, 23.43, 27.45, 27.29, 0, 0, 4.19
2019/07/04 19:21:00, 24.00, 23.63, 23.42, 27.39, 27.27, 0, 0, 4.19
2019/07/04 19:22:00, 24.00, 23.63, 23.43, 27.42, 27.30, 0, 0, 4.19
2019/07/04 19:23:00, 24.00, 23.61, 23.43, 27.39, 27.26, 0, 0, 4.19
2019/07/04 19:24:00, 24.00, 23.61, 23.41, 27.38, 27.21, 0, 0, 4.19
2019/07/04 19:25:00, 24.00, 23.63, 23.42, 27.41, 27.22, 0, 0, 4.19
2019/07/04 19:26:00, 24.00, 23.61, 23.41, 27.38, 27.22, 0, 0, 4.19
2019/07/04 19:27:00, 24.00, 23.61, 23.38, 27.41, 27.21, 0, 0, 4.19
2019/07/04 19:28:00, 24.00, 23.61, 23.39, 27.38, 27.20, 0, 0, 4.19
2019/07/04 19:29:00, 24.00, 23.60, 23.39, 27.36, 27.14, 0, 0, 4.19
2019/07/04 19:30:00, 24.00, 23.60, 23.38, 27.35, 27.17, 0, 0, 4.19
2019/07/04 19:31:00, 23.75, 23.61, 23.37, 27.36, 27.18, 0, 0, 4.19
2019/07/04 19:32:00, 24.00, 23.60, 23.39, 27.32, 27.15, 0, 0, 4.19
2019/07/04 19:33:00, 24.00, 23.59, 23.37, 27.30, 27.14, 0, 0, 4.19
2019/07/04 19:34:00, 23.75, 23.57, 23.39, 27.32, 27.11, 0, 0, 4.19
2019/07/04 19:35:00, 23.75, 23.59, 23.38, 27.26, 27.10, 0, 0, 4.19
2019/07/04 19:36:00, 24.00, 23.59, 23.36, 27.27, 27.09, 0, 0, 4.19
2019/07/04 19:37:00, 24.00, 23.59, 23.35, 27.26, 27.10, 0, 0, 4.19
2019/07/04 19:38:00, 23.75, 23.57, 23.37, 27.26, 27.11, 0, 0, 4.19
2019/07/04 19:39:00, 23.75, 23.57, 23.36, 27.24, 27.08, 0, 0, 4.19
2019/07/04 19:40:00, 24.00, 23.59, 23.38, 27.26, 27.07, 0, 0, 4.19
2019/07/04 19:41:00, 23.75, 23.57, 23.38, 27.24, 27.05, 0, 0, 4.19
2019/07/04 19:42:00, 23.75, 23.57, 23.37, 27.20, 27.03, 0, 0, 4.19
2019/07/04 19:43:00, 23.75, 23.56, 23.36, 27.21, 27.04, 0, 0, 4.19
2019/07/04 19:44:00, 23.75, 23.57, 23.35, 27.23, 27.03, 0, 0, 4.19
2019/07/04 19:45:00, 23.75, 23.59, 23.36, 27.21, 27.01, 0, 0, 4.19
2019/07/04 19:46:00, 23.75, 23.56, 23.36, 27.15, 27.00, 0, 0, 4.19
2019/07/04 19:47:00, 23.75, 23.57, 23.36, 27.20, 26.99, 0, 0, 4.19
2019/07/04 19:48:00, 23.75, 23.57, 23.37, 27.15, 26.99, 0, 0, 4.19
2019/07/04 19:49:00, 23.75, 23.54, 23.36, 27.14, 26.97, 0, 0, 4.19
2019/07/04 19:50:00, 23.75, 23.57, 23.36, 27.08, 26.93, 0, 0, 4.19
2019/07/04 19:51:00, 23.75, 23.56, 23.35, 27.14, 26.96, 0, 0, 4.19
2019/07/04 19:52:00, 23.75, 23.57, 23.35, 27.05, 26.92, 0, 0, 4.19
2019/07/04 19:53:00, 23.75, 23.56, 23.36, 27.04, 26.93, 0, 0, 4.19
2019/07/04 19:54:00, 23.75, 23.57, 23.34, 27.09, 26.92, 0, 0, 4.19
2019/07/04 19:55:00, 23.75, 23.54, 23.34, 27.11, 26.92, 0, 0, 4.19
2019/07/04 19:56:00, 23.75, 23.57, 23.37, 27.08, 26.91, 0, 0, 4.19
2019/07/04 19:57:00, 23.75, 23.54, 23.35, 27.06, 26.89, 0, 0, 4.19
2019/07/04 19:58:00, 23.75, 23.56, 23.34, 27.10, 26.89, 0, 0, 4.19
2019/07/04 19:59:00, 23.75, 23.56, 23.34, 27.00, 26.87, 0, 0, 4.19
2019/07/04 20:00:00, 23.75, 23.56, 23.33, 27.05, 26.86, 0, 0, 4.19
2019/07/04 20:01:00, 23.75, 23.52, 23.33, 26.97, 26.85, 0, 0, 4.19
2019/07/04 20:02:00, 23.75, 23.53, 23.35, 27.00, 26.85, 0, 0, 4.19
2019/07/04 20:03:00, 23.75, 23.54, 23.35, 27.04, 26.83, 0, 0, 4.19
2019/07/04 20:04:00, 23.75, 23.53, 23.34, 27.02, 26.82, 0, 0, 4.19
2019/07/04 20:05:00, 23.75, 23.52, 23.31, 27.00, 26.85, 0, 0, 4.19
2019/07/04 20:06:00, 23.75, 23.53, 23.29, 26.99, 26.85, 0, 0, 4.19
2019/07/04 20:07:00, 23.75, 23.53, 23.31, 26.99, 26.82, 0, 0, 4.19
2019/07/04 20:08:00, 23.75, 23.53, 23.32, 27.03, 26.84, 0, 0, 4.19
2019/07/04 20:09:00, 23.75, 23.52, 23.31, 27.02, 26.82, 0, 0, 4.19
2019/07/04 20:10:00, 23.75, 23.50, 23.30, 27.05, 26.85, 0, 0, 4.19
2019/07/04 20:11:00, 23.75, 23.49, 23.28, 27.01, 26.85, 0, 0, 4.19
2019/07/04 20:12:00, 23.75, 23.52, 23.31, 27.06, 26.85, 0, 0, 4.19
2019/07/04 20:13:00, 23.75, 23.52, 23.27, 27.00, 26.82, 0, 0, 4.19
2019/07/04 20:14:00, 23.75, 23.49, 23.31, 26.95, 26.81, 0, 0, 4.19
2019/07/04 20:15:00, 23.75, 23.49, 23.29, 27.06, 26.84, 0, 0, 4.19
2019/07/04 20:16:00, 23.75, 23.49, 23.29, 27.07, 26.85, 0, 0, 4.19
2019/07/04 20:17:00, 23.75, 23.49, 23.27, 27.03, 26.84, 0, 0, 4.19
2019/07/04 20:18:00, 23.75, 23.46, 23.27, 27.04, 26.82, 0, 0, 4.19
2019/07/04 20:19:00, 23.75, 23.50, 23.25, 27.01, 26.83, 0, 0, 4.19
2019/07/04 20:20:00, 23.75, 23.47, 23.25, 27.03, 26.85, 0, 0, 4.19
2019/07/04 20:21:00, 23.75, 23.47, 23.25, 27.09, 26.88, 0, 0, 4.19
2019/07/04 20:22:00, 23.75, 23.46, 23.25, 26.93, 26.82, 0, 0, 4.19
2019/07/04 20:23:00, 23.75, 23.44, 23.28, 27.06, 26.84, 0, 0, 4.19
2019/07/04 20:24:00, 23.75, 23.46, 23.25, 27.01, 26.82, 0, 0, 4.19
2019/07/04 20:25:00, 23.75, 23.46, 23.25, 27.03, 26.85, 0, 0, 4.19
2019/07/04 20:26:00, 23.75, 23.47, 23.22, 27.01, 26.82, 0, 0, 4.19
2019/07/04 20:27:00, 23.75, 23.43, 23.23, 26.98, 26.80, 0, 0, 4.19
2019/07/04 20:28:00, 23.75, 23.44, 23.20, 27.00, 26.81, 0, 0, 4.19
2019/07/04 20:29:00, 23.75, 23.43, 23.24, 27.04, 26.85, 0, 0, 4.19
2019/07/04 20:30:00, 23.75, 23.40, 23.21, 27.04, 26.84, 0, 0, 4.19
2019/07/04 20:31:00, 23.75, 23.44, 23.22, 26.99, 26.85, 0, 0, 4.19
2019/07/04 20:32:00, 23.75, 23.40, 23.22, 27.10, 26.90, 0, 0, 4.19
2019/07/04 20:33:00, 23.75, 23.42, 23.20, 27.06, 26.91, 0, 0, 4.19
2019/07/04 20:34:00, 23.75, 23.43, 23.22, 27.07, 26.88, 0, 0, 4.19
2019/07/04 20:35:00, 23.75, 23.42, 23.20, 27.10, 26.90, 0, 0, 4.19
2019/07/04 20:36:00, 23.75, 23.42, 23.21, 27.08, 26.91, 0, 0, 4.19
2019/07/04 20:37:00, 23.75, 23.42, 23.20, 27.11, 26.92, 0, 0, 4.19
2019/07/04 20:38:00, 23.75, 23.42, 23.22, 27.13, 26.92, 0, 0, 4.19
2019/07/04 20:39:00, 23.75, 23.42, 23.21, 27.14, 26.95, 0, 0, 4.19
2019/07/04 20:40:00, 23.75, 23.44, 23.21, 27.19, 26.97, 0, 0, 4.19
2019/07/04 20:41:00, 23.75, 23.43, 23.22, 27.20, 27.02, 0, 0, 4.19
2019/07/04 20:42:00, 23.75, 23.42, 23.21, 27.29, 27.05, 0, 0, 4.19
2019/07/04 20:43:00, 23.75, 23.43, 23.19, 27.24, 27.05, 0, 0, 4.19
2019/07/04 20:44:00, 23.75, 23.43, 23.22, 27.38, 27.11, 0, 0, 4.19
2019/07/04 20:45:00, 23.75, 23.42, 23.22, 27.32, 27.17, 0, 0, 4.19
2019/07/04 20:46:00, 23.75, 23.40, 23.21, 27.38, 27.17, 0, 0, 4.19
2019/07/04 20:47:00, 23.75, 23.42, 23.20, 27.39, 27.18, 0, 0, 4.19
2019/07/04 20:48:00, 23.75, 23.42, 23.20, 27.45, 27.24, 0, 0, 4.19
2019/07/04 20:49:00, 23.75, 23.40, 23.18, 27.52, 27.33, 0, 0, 4.19
2019/07/04 20:50:00, 23.75, 23.39, 23.21, 27.61, 27.40, 0, 0, 4.19
2019/07/04 20:51:00, 23.75, 23.39, 23.18, 27.61, 27.40, 0, 0, 4.19
2019/07/04 20:52:00, 23.75, 23.42, 23.19, 27.67, 27.47, 0, 0, 4.19
2019/07/04 20:53:00, 23.75, 23.40, 23.19, 27.70, 27.51, 0, 0, 4.19
2019/07/04 20:54:00, 23.75, 23.42, 23.19, 27.69, 27.54, 0, 0, 4.19
2019/07/04 20:55:00, 23.75, 23.37, 23.21, 27.77, 27.59, 0, 0, 4.19
2019/07/04 20:56:00, 23.75, 23.42, 23.20, 27.77, 27.60, 0, 0, 4.19
2019/07/04 20:57:00, 23.75, 23.40, 23.20, 27.73, 27.61, 0, 0, 4.19
2019/07/04 20:58:00, 23.75, 23.42, 23.19, 27.75, 27.64, 0, 0, 4.19
2019/07/04 20:59:00, 23.75, 23.39, 23.20, 27.92, 27.69, 0, 0, 4.19
2019/07/04 21:00:00, 23.75, 23.40, 23.18, 27.87, 27.70, 0, 0, 4.19
2019/07/04 21:01:00, 23.75, 23.40, 23.20, 27.93, 27.73, 0, 0, 4.19
2019/07/04 21:02:00, 23.75, 23.42, 23.20, 27.99, 27.76, 0, 0, 4.19
2019/07/04 21:03:00, 23.75, 23.40, 23.19, 28.03, 27.79, 0, 0, 4.19
2019/07/04 21:04:00, 23.75, 23.43, 23.19, 28.01, 27.82, 0, 0, 4.19
2019/07/04 21:05:00, 23.75, 23.40, 23.21, 27.99, 27.81, 0, 0, 4.19
2019/07/04 21:06:00, 23.75, 23.40, 23.18, 28.05, 27.84, 0, 0, 4.19
2019/07/04 21:07:00, 23.75, 23.40, 23.19, 28.02, 27.89, 0, 0, 4.19
2019/07/04 21:08:00, 23.75, 23.42, 23.21, 28.05, 27.89, 0, 0, 4.19
2019/07/04 21:09:00, 23.75, 23.40, 23.18, 28.11, 27.91, 0, 0, 4.19
2019/07/04 21:10:00, 23.75, 23.40, 23.19, 28.18, 27.98, 0, 0, 4.19
2019/07/04 21:11:00, 23.75, 23.42, 23.21, 28.24, 27.98, 0, 0, 4.19
2019/07/04 21:12:00, 23.75, 23.40, 23.21, 28.14, 28.01, 0, 0, 4.19
2019/07/04 21:13:00, 23.75, 23.42, 23.19, 28.29, 28.04, 0, 0, 4.19
2019/07/04 21:14:00, 23.75, 23.40, 23.20, 28.24, 28.04, 0, 0, 4.19
2019/07/04 21:15:00, 23.75, 23.40, 23.20, 28.24, 28.05, 0, 0, 4.19
2019/07/04 21:16:00, 23.75, 23.39, 23.18, 28.30, 28.10, 0, 0, 4.19
2019/07/04 21:17:00, 23.75, 23.40, 23.18, 28.39, 28.17, 0, 0, 4.19
2019/07/04 21:18:00, 23.75, 23.42, 23.21, 28.34, 28.20, 0, 0, 4.19
2019/07/04 21:19:00, 23.75, 23.40, 23.20, 28.39, 28.21, 0, 0, 4.19
2019/07/04 21:20:00, 23.75, 23.44, 23.21, 28.42, 28.24, 0, 0, 4.19
2019/07/04 21:21:00, 23.75, 23.42, 23.22, 28.42, 28.23, 0, 0, 4.19
2019/07/04 21:22:00, 23.75, 23.42, 23.21, 28.41, 28.25, 0, 0, 4.19
2019/07/04 21:23:00, 23.75, 23.40, 23.22, 28.47, 28.28, 0, 0, 4.19
2019/07/04 21:24:00, 23.75, 23.43, 23.22, 28.47, 28.29, 0, 0, 4.19
2019/07/04 21:25:00, 23.75, 23.44, 23.19, 28.52, 28.35, 0, 0, 4.19
2019/07/04 21:26:00, 23.75, 23.44, 23.21, 28.52, 28.34, 0, 0, 4.19
2019/07/04 21:27:00, 23.75, 23.42, 23.20, 28.52, 28.36, 0, 0, 4.19
2019/07/04 21:28:00, 23.75, 23.43, 23.23, 28.61, 28.42, 0, 0, 4.19
2019/07/04 21:29:00, 23.75, 23.44, 23.23, 28.61, 28.43, 0, 0, 4.19
2019/07/04 21:30:00, 23.75, 23.43, 23.21, 28.68, 28.48, 0, 0, 4.19
2019/07/04 21:31:00, 23.75, 23.42, 23.20, 28.62, 28.46, 0, 0, 4.19
2019/07/04 21:32:00, 23.75, 23.43, 23.20, 28.74, 28.53, 0, 0, 4.19
2019/07/04 21:33:00, 23.75, 23.43, 23.20, 28.75, 28.53, 0, 0, 4.19
2019/07/04 21:34:00, 23.75, 23.42, 23.20, 28.77, 28.59, 0, 0, 4.19
2019/07/04 21:35:00, 23.75, 23.40, 23.22, 28.78, 28.59, 0, 0, 4.19
2019/07/04 21:36:00, 23.75, 23.43, 23.19, 28.81, 28.65, 0, 0, 4.19
2019/07/04 21:37:00, 23.75, 23.43, 23.21, 28.80, 28.67, 0, 0, 4.19
2019/07/04 21:38:00, 23.75, 23.43, 23.22, 28.83, 28.68, 0, 0, 4.19
2019/07/04 21:39:00, 23.75, 23.44, 23.24, 28.86, 28.70, 0, 0, 4.19
2019/07/04 21:40:00, 23.75, 23.46, 23.22, 28.84, 28.70, 0, 0, 4.19
2019/07/04 21:41:00, 23.75, 23.47, 23.24, 28.90, 28.70, 0, 0, 4.19
2019/07/04 21:42:00, 23.75, 23.46, 23.25, 28.99, 28.73, 0, 0, 4.19
2019/07/04 21:43:00, 23.75, 23.46, 23.25, 28.95, 28.76, 0, 0, 4.19
2019/07/04 21:44:00, 23.75, 23.46, 23.27, 28.90, 28.74, 0, 0, 4.19
2019/07/04 21:45:00, 23.75, 23.47, 23.25, 28.92, 28.74, 0, 0, 4.19
2019/07/04 21:46:00, 23.75, 23.46, 23.25, 28.96, 28.79, 0, 0, 4.19
2019/07/04 21:47:00, 23.75, 23.46, 23.27, 29.04, 28.84, 0, 0, 4.19
2019/07/04 21:48:00, 23.75, 23.47, 23.24, 28.98, 28.84, 0, 0, 4.19
2019/07/04 21:49:00, 23.75, 23.46, 23.24, 29.02, 28.82, 0, 0, 4.19
2019/07/04 21:50:00, 23.75, 23.46, 23.25, 29.10, 28.91, 0, 0, 4.19
2019/07/04 21:51:00, 23.75, 23.46, 23.25, 29.07, 28.92, 0, 0, 4.19
2019/07/04 21:52:00, 23.75, 23.46, 23.25, 29.11, 28.95, 0, 0, 4.19
2019/07/04 21:53:00, 23.75, 23.46, 23.25, 29.12, 28.95, 0, 0, 4.19
2019/07/04 21:54:00, 23.75, 23.47, 23.25, 29.11, 28.94, 0, 0, 4.19
2019/07/04 21:55:00, 23.75, 23.47, 23.27, 29.06, 28.98, 0, 0, 4.19
2019/07/04 21:56:00, 23.75, 23.50, 23.25, 29.12, 28.96, 0, 0, 4.19
2019/07/04 21:57:00, 23.75, 23.47, 23.28, 29.11, 28.96, 0, 0, 4.19
2019/07/04 21:58:00, 23.75, 23.47, 23.27, 29.12, 28.97, 0, 0, 4.19
2019/07/04 21:59:00, 23.75, 23.47, 23.25, 29.14, 28.99, 0, 0, 4.19
2019/07/04 22:00:00, 23.75, 23.47, 23.27, 29.12, 29.00, 0, 0, 4.19
2019/07/04 22:01:00, 23.75, 23.49, 23.27, 29.21, 29.03, 0, 0, 4.19
2019/07/04 22:02:00, 23.75, 23.47, 23.27, 29.20, 29.03, 0, 0, 4.19
2019/07/04 22:03:00, 23.75, 23.49, 23.28, 29.21, 29.02, 0, 0, 4.19
2019/07/04 22:04:00, 23.75, 23.49, 23.27, 29.20, 29.02, 0, 0, 4.19
2019/07/04 22:05:00, 23.75, 23.50, 23.28, 29.21, 29.01, 0, 0, 4.19
2019/07/04 22:06:00, 23.75, 23.47, 23.27, 29.24, 29.04, 0, 0, 4.19
2019/07/04 22:07:00, 23.75, 23.47, 23.28, 29.21, 29.08, 0, 0, 4.19
2019/07/04 22:08:00, 23.75, 23.49, 23.28, 29.18, 29.06, 0, 0, 4.19
2019/07/04 22:09:00, 23.75, 23.49, 23.27, 29.27, 29.04, 0, 0, 4.19
2019/07/04 22:10:00, 23.75, 23.50, 23.29, 29.27, 29.09, 0, 0, 4.19
2019/07/04 22:11:00, 23.75, 23.50, 23.29, 29.27, 29.11, 0, 0, 4.19
2019/07/04 22:12:00, 23.75, 23.50, 23.28, 29.30, 29.11, 0, 0, 4.19
2019/07/04 22:13:00, 23.75, 23.49, 23.25, 29.29, 29.13, 0, 0, 4.19
2019/07/04 22:14:00, 23.75, 23.49, 23.29, 29.33, 29.14, 0, 0, 4.19
2019/07/04 22:15:00, 23.75, 23.52, 23.28, 29.36, 29.17, 0, 0, 4.19
2019/07/04 22:16:00, 23.75, 23.52, 23.27, 29.36, 29.15, 0, 0, 4.19
2019/07/04 22:17:00, 23.75, 23.50, 23.28, 29.32, 29.16, 0, 0, 4.19
2019/07/04 22:18:00, 23.75, 23.52, 23.28, 29.36, 29.18, 0, 0, 4.19
2019/07/04 22:19:00, 23.75, 23.52, 23.28, 29.39, 29.19, 0, 0, 4.19
2019/07/04 22:20:00, 23.75, 23.47, 23.28, 29.37, 29.18, 0, 0, 4.19
2019/07/04 22:21:00, 23.75, 23.52, 23.28, 29.42, 29.25, 0, 0, 4.19
2019/07/04 22:22:00, 23.75, 23.50, 23.29, 29.43, 29.24, 0, 0, 4.19
2019/07/04 22:23:00, 23.75, 23.50, 23.29, 29.42, 29.24, 0, 0, 4.19
2019/07/04 22:24:00, 23.75, 23.50, 23.27, 29.43, 29.24, 0, 0, 4.19
2019/07/04 22:25:00, 23.75, 23.50, 23.29, 29.43, 29.27, 0, 0, 4.19
2019/07/04 22:26:00, 23.75, 23.47, 23.28, 29.48, 29.30, 0, 0, 4.19
2019/07/04 22:27:00, 23.75, 23.52, 23.28, 29.43, 29.27, 0, 0, 4.19
2019/07/04 22:28:00, 23.75, 23.49, 23.28, 29.46, 29.29, 0, 0, 4.19
2019/07/04 22:29:00, 23.75, 23.50, 23.27, 29.52, 29.31, 0, 0, 4.19
2019/07/04 22:30:00, 23.75, 23.47, 23.28, 29.57, 29.35, 0, 0, 4.19
2019/07/04 22:31:00, 23.75, 23.50, 23.29, 29.57, 29.35, 0, 0, 4.19
2019/07/04 22:32:00, 23.75, 23.50, 23.28, 29.52, 29.36, 0, 0, 4.19
2019/07/04 22:33:00, 23.75, 23.50, 23.28, 29.51, 29.36, 0, 0, 4.19
2019/07/04 22:34:00, 23.75, 23.50, 23.29, 29.57, 29.36, 0, 0, 4.19
2019/07/04 22:35:00, 23.75, 23.52, 23.30, 29.51, 29.38, 0, 0, 4.19
2019/07/04 22:36:00, 23.75, 23.49, 23.28, 29.57, 29.39, 0, 0, 4.19
2019/07/04 22:37:00, 23.75, 23.50, 23.28, 29.60, 29.42, 0, 0, 4.19
2019/07/04 22:38:00, 23.75, 23.47, 23.28, 29.60, 29.44, 0, 0, 4.19
2019/07/04 22:39:00, 23.75, 23.47, 23.28, 29.62, 29.43, 0, 0, 4.19
2019/07/04 22:40:00, 23.75, 23.47, 23.25, 29.68, 29.48, 0, 0, 4.19
2019/07/04 22:41:00, 23.75, 23.49, 23.28, 29.68, 29.52, 0, 0, 4.19
2019/07/04 22:42:00, 23.75, 23.47, 23.28, 29.67, 29.52, 0, 0, 4.19
2019/07/04 22:43:00, 23.75, 23.47, 23.28, 29.73, 29.53, 0, 0, 4.19
2019/07/04 22:44:00, 23.75, 23.49, 23.29, 29.72, 29.54, 0, 0, 4.19
2019/07/04 22:45:00, 23.75, 23.49, 23.28, 29.75, 29.56, 0, 0, 4.19
2019/07/04 22:46:00, 23.75, 23.49, 23.29, 29.71, 29.59, 0, 0, 4.19
2019/07/04 22:47:00, 23.75, 23.49, 23.28, 29.74, 29.57, 0, 0, 4.19
2019/07/04 22:48:00, 23.75, 23.50, 23.29, 29.75, 29.59, 0, 0, 4.19
2019/07/04 22:49:00, 23.75, 23.49, 23.27, 29.76, 29.61, 0, 0, 4.19
2019/07/04 22:50:00, 23.75, 23.50, 23.27, 29.80, 29.62, 0, 0, 4.19
2019/07/04 22:51:00, 23.75, 23.50, 23.25, 29.75, 29.62, 0, 0, 4.19
2019/07/04 22:52:00, 23.75, 23.50, 23.25, 29.78, 29.63, 0, 0, 4.19
2019/07/04 22:53:00, 23.75, 23.49, 23.25, 29.85, 29.69, 0, 0, 4.19
2019/07/04 22:54:00, 23.75, 23.49, 23.27, 29.80, 29.67, 0, 0, 4.19
2019/07/04 22:55:00, 23.75, 23.49, 23.25, 29.86, 29.69, 0, 0, 4.19
2019/07/04 22:56:00, 23.75, 23.47, 23.25, 29.86, 29.71, 0, 0, 4.19
2019/07/04 22:57:00, 23.75, 23.49, 23.29, 29.93, 29.74, 0, 0, 4.19
2019/07/04 22:58:00, 23.75, 23.50, 23.27, 29.91, 29.73, 0, 0, 4.19
2019/07/04 22:59:00, 23.75, 23.50, 23.28, 29.90, 29.74, 0, 0, 4.19
2019/07/04 23:00:00, 23.75, 23.49, 23.28, 29.92, 29.76, 0, 0, 4.19
2019/07/04 23:01:00, 23.75, 23.50, 23.28, 29.95, 29.77, 0, 0, 4.19
2019/07/04 23:02:00, 23.75, 23.50, 23.28, 29.92, 29.79, 0, 0, 4.19
2019/07/04 23:03:00, 23.75, 23.49, 23.29, 29.93, 29.78, 0, 0, 4.19
2019/07/04 23:04:00, 23.75, 23.50, 23.29, 30.02, 29.82, 0, 0, 4.19
2019/07/04 23:05:00, 23.75, 23.50, 23.28, 29.99, 29.83, 0, 0, 4.19
2019/07/04 23:06:00, 23.75, 23.49, 23.28, 29.99, 29.84, 0, 0, 4.19
2019/07/04 23:07:00, 23.75, 23.49, 23.29, 30.12, 29.88, 0, 0, 4.19
2019/07/04 23:08:00, 23.75, 23.50, 23.28, 30.05, 29.85, 0, 0, 4.19
2019/07/04 23:09:00, 23.75, 23.50, 23.29, 30.05, 29.87, 0, 0, 4.19
2019/07/04 23:10:00, 23.75, 23.50, 23.29, 30.05, 29.85, 0, 0, 4.19
2019/07/04 23:11:00, 23.75, 23.49, 23.28, 30.04, 29.85, 0, 0, 4.19
2019/07/04 23:12:00, 23.75, 23.49, 23.27, 30.11, 29.91, 0, 0, 4.19
2019/07/04 23:13:00, 23.75, 23.49, 23.29, 30.05, 29.93, 0, 0, 4.19
2019/07/04 23:14:00, 23.75, 23.47, 23.28, 30.08, 29.93, 0, 0, 4.19
2019/07/04 23:15:00, 23.75, 23.50, 23.27, 30.16, 29.93, 0, 0, 4.19
2019/07/04 23:16:00, 23.75, 23.52, 23.28, 30.12, 29.99, 0, 0, 4.19
2019/07/04 23:17:00, 23.75, 23.50, 23.30, 30.15, 29.98, 0, 0, 4.19
2019/07/04 23:18:00, 23.75, 23.49, 23.25, 30.17, 29.99, 0, 0, 4.19
2019/07/04 23:19:00, 23.75, 23.49, 23.28, 30.18, 30.01, 0, 0, 4.19
2019/07/04 23:20:00, 23.75, 23.49, 23.27, 30.18, 30.04, 0, 0, 4.19
2019/07/04 23:21:00, 23.75, 23.50, 23.28, 30.21, 30.05, 0, 0, 4.19
2019/07/04 23:22:00, 23.75, 23.49, 23.30, 30.25, 30.06, 0, 0, 4.19
2019/07/04 23:23:00, 23.75, 23.49, 23.30, 30.17, 30.02, 0, 0, 4.19
2019/07/04 23:24:00, 23.75, 23.47, 23.25, 30.24, 30.04, 0, 0, 4.19
2019/07/04 23:25:00, 23.75, 23.50, 23.25, 30.30, 30.13, 0, 0, 4.19
2019/07/04 23:26:00, 23.75, 23.49, 23.28, 30.32, 30.16, 0, 0, 4.19
2019/07/04 23:27:00, 23.75, 23.49, 23.25, 30.31, 30.15, 0, 0, 4.19
2019/07/04 23:28:00, 23.75, 23.47, 23.25, 30.32, 30.18, 0, 0, 4.19
2019/07/04 23:29:00, 23.75, 23.46, 23.27, 30.38, 30.20, 0, 0, 4.19
2019/07/04 23:30:00, 23.75, 23.47, 23.27, 30.38, 30.22, 0, 0, 4.19
2019/07/04 23:31:00, 23.75, 23.49, 23.27, 30.42, 30.23, 0, 0, 4.19
2019/07/04 23:32:00, 23.75, 23.50, 23.28, 30.36, 30.20, 0, 0, 4.19
2019/07/04 23:33:00, 23.75, 23.50, 23.28, 30.47, 30.23, 0, 0, 4.19
2019/07/04 23:34:00, 23.75, 23.49, 23.28, 30.38, 30.23, 0, 0, 4.19
2019/07/04 23:35:00, 23.75, 23.49, 23.28, 30.37, 30.24, 0, 0, 4.19
2019/07/04 23:36:00, 23.75, 23.47, 23.30, 30.43, 30.26, 0, 0, 4.19
2019/07/04 23:37:00, 23.75, 23.52, 23.30, 30.42, 30.24, 0, 0, 4.19
2019/07/04 23:38:00, 23.75, 23.49, 23.29, 30.42, 30.23, 0, 0, 4.19
2019/07/04 23:39:00, 23.75, 23.50, 23.30, 30.39, 30.26, 0, 0, 4.19
2019/07/04 23:40:00, 23.75, 23.52, 23.29, 30.56, 30.31, 0, 0, 4.19
2019/07/04 23:41:00, 23.75, 23.52, 23.28, 30.49, 30.31, 0, 0, 4.19
2019/07/04 23:42:00, 23.75, 23.47, 23.28, 30.45, 30.30, 0, 0, 4.19
2019/07/04 23:43:00, 23.75, 23.50, 23.29, 30.56, 30.30, 0, 0, 4.19
2019/07/04 23:44:00, 23.75, 23.49, 23.30, 30.50, 30.34, 0, 0, 4.19
2019/07/04 23:45:00, 23.75, 23.50, 23.28, 30.56, 30.36, 0, 0, 4.19
2019/07/04 23:46:00, 23.75, 23.49, 23.30, 30.55, 30.40, 0, 0, 4.19
2019/07/04 23:47:00, 23.75, 23.50, 23.30, 30.49, 30.36, 0, 0, 4.19
