Data logger for tempereture and humidity.
Code, design, and soldering by Antti Mikkonen, a.mikkonen@iki.fi, 2019.
Based on open source projects and libraries. See source for details.
/home/ami/src/arduino/promini/logger_v8_ada/logger_v8_ada.ino
UTC time (year/month/date hour:minute:second), T RTC (C), T sht31 (C), T si7021 (C), RH sht31 (-), RH si7021 (-), heaterOn sht31 (bool),  heaterOn si7021 (bool), battery voltage (V)
2019/06/10 00:08:00, 24.50, 24.16, 23.98, 36.95, 36.50, 0, 0, 4.26
2019/06/10 00:09:00, 24.50, 24.15, 23.97, 36.96, 36.51, 0, 0, 4.26
2019/06/10 00:10:00, 24.50, 24.16, 23.97, 36.98, 36.51, 0, 0, 4.26
2019/06/10 00:11:00, 24.50, 24.15, 23.95, 36.96, 36.51, 0, 0, 4.26
2019/06/10 00:12:00, 24.50, 24.14, 23.96, 36.97, 36.53, 0, 0, 4.26
2019/06/10 00:13:00, 24.50, 24.16, 23.97, 37.01, 36.56, 0, 0, 4.26
2019/06/10 00:14:00, 24.50, 24.14, 23.95, 37.04, 36.57, 0, 0, 4.26
2019/06/10 00:15:00, 24.50, 24.16, 23.95, 37.08, 36.61, 0, 0, 4.26
2019/06/10 00:16:00, 24.50, 24.14, 23.96, 37.09, 36.63, 0, 0, 4.26
2019/06/10 00:17:00, 24.50, 24.16, 23.96, 37.14, 36.65, 0, 0, 4.26
2019/06/10 00:18:00, 24.50, 24.16, 23.95, 37.09, 36.67, 0, 0, 4.26
2019/06/10 00:19:00, 24.50, 24.15, 23.95, 37.12, 36.67, 0, 0, 4.26
2019/06/10 00:20:00, 24.50, 24.16, 23.96, 37.13, 36.68, 0, 0, 4.26
2019/06/10 00:21:00, 24.50, 24.16, 23.96, 37.16, 36.70, 0, 0, 4.26
2019/06/10 00:22:00, 24.50, 24.15, 23.94, 37.16, 36.71, 0, 0, 4.26
2019/06/10 00:23:00, 24.50, 24.15, 23.94, 37.21, 36.73, 0, 0, 4.26
2019/06/10 00:24:00, 24.50, 24.15, 23.93, 37.27, 36.77, 0, 0, 4.26
2019/06/10 00:25:00, 24.50, 24.15, 23.94, 37.27, 36.81, 0, 0, 4.26
2019/06/10 00:26:00, 24.50, 24.14, 23.94, 37.27, 36.79, 0, 0, 4.26
2019/06/10 00:27:00, 24.50, 24.14, 23.95, 37.30, 36.80, 0, 0, 4.26
2019/06/10 00:28:00, 24.50, 24.14, 23.94, 37.28, 36.82, 0, 0, 4.26
2019/06/10 00:29:00, 24.50, 24.11, 23.94, 37.25, 36.82, 0, 0, 4.26
2019/06/10 00:30:00, 24.50, 24.15, 23.95, 37.31, 36.86, 0, 0, 4.26
2019/06/10 00:31:00, 24.50, 24.14, 23.94, 37.30, 36.86, 0, 0, 4.26
2019/06/10 00:32:00, 24.50, 24.15, 23.95, 37.32, 36.86, 0, 0, 4.26
2019/06/10 00:33:00, 24.50, 24.15, 23.95, 37.36, 36.87, 0, 0, 4.26
2019/06/10 00:34:00, 24.50, 24.12, 23.94, 37.36, 36.89, 0, 0, 4.26
2019/06/10 00:35:00, 24.50, 24.15, 23.94, 37.40, 36.91, 0, 0, 4.26
2019/06/10 00:36:00, 24.50, 24.14, 23.94, 37.40, 36.91, 0, 0, 4.26
2019/06/10 00:37:00, 24.50, 24.15, 23.94, 37.37, 36.93, 0, 0, 4.26
2019/06/10 00:38:00, 24.50, 24.15, 23.93, 37.41, 36.96, 0, 0, 4.26
2019/06/10 00:39:00, 24.50, 24.12, 23.93, 37.41, 36.96, 0, 0, 4.26
2019/06/10 00:40:00, 24.50, 24.14, 23.94, 37.48, 36.98, 0, 0, 4.26
2019/06/10 00:41:00, 24.50, 24.14, 23.93, 37.45, 36.98, 0, 0, 4.26
2019/06/10 00:42:00, 24.50, 24.14, 23.92, 37.52, 37.03, 0, 0, 4.26
2019/06/10 00:43:00, 24.50, 24.15, 23.93, 37.50, 37.05, 0, 0, 4.26
2019/06/10 00:44:00, 24.50, 24.14, 23.94, 37.51, 37.04, 0, 0, 4.26
2019/06/10 00:45:00, 24.50, 24.15, 23.93, 37.52, 37.06, 0, 0, 4.26
2019/06/10 00:46:00, 24.50, 24.14, 23.94, 37.52, 37.08, 0, 0, 4.26
2019/06/10 00:47:00, 24.50, 24.12, 23.94, 37.58, 37.08, 0, 0, 4.26
2019/06/10 00:48:00, 24.50, 24.12, 23.94, 37.57, 37.09, 0, 0, 4.26
2019/06/10 00:49:00, 24.50, 24.12, 23.92, 37.59, 37.13, 0, 0, 4.26
2019/06/10 00:50:00, 24.50, 24.12, 23.95, 37.58, 37.13, 0, 0, 4.26
2019/06/10 00:51:00, 24.50, 24.14, 23.92, 37.60, 37.15, 0, 0, 4.26
2019/06/10 00:52:00, 24.50, 24.11, 23.93, 37.65, 37.14, 0, 0, 4.26
2019/06/10 00:53:00, 24.50, 24.12, 23.94, 37.63, 37.15, 0, 0, 4.26
2019/06/10 00:54:00, 24.50, 24.12, 23.90, 37.69, 37.19, 0, 0, 4.26
2019/06/10 00:55:00, 24.50, 24.14, 23.92, 37.69, 37.21, 0, 0, 4.26
2019/06/10 00:56:00, 24.50, 24.12, 23.92, 37.64, 37.22, 0, 0, 4.26
2019/06/10 00:57:00, 24.50, 24.14, 23.94, 37.70, 37.23, 0, 0, 4.26
2019/06/10 00:58:00, 24.50, 24.08, 23.92, 37.74, 37.25, 0, 0, 4.26
2019/06/10 00:59:00, 24.50, 24.11, 23.92, 37.74, 37.26, 0, 0, 4.26
2019/06/10 01:00:00, 24.50, 24.11, 23.91, 37.76, 37.28, 0, 0, 4.26
2019/06/10 01:01:00, 24.50, 24.09, 23.90, 37.77, 37.29, 0, 0, 4.26
2019/06/10 01:02:00, 24.50, 24.12, 23.92, 37.78, 37.30, 0, 0, 4.26
2019/06/10 01:03:00, 24.50, 24.09, 23.92, 37.81, 37.31, 0, 0, 4.26
2019/06/10 01:04:00, 24.50, 24.12, 23.92, 37.78, 37.31, 0, 0, 4.26
2019/06/10 01:05:00, 24.50, 24.11, 23.91, 37.78, 37.31, 0, 0, 4.26
2019/06/10 01:06:00, 24.50, 24.09, 23.90, 37.85, 37.35, 0, 0, 4.26
2019/06/10 01:07:00, 24.50, 24.11, 23.92, 37.85, 37.36, 0, 0, 4.26
2019/06/10 01:08:00, 24.50, 24.11, 23.92, 37.85, 37.39, 0, 0, 4.26
2019/06/10 01:09:00, 24.50, 24.11, 23.90, 37.87, 37.39, 0, 0, 4.26
2019/06/10 01:10:00, 24.50, 24.09, 23.88, 37.86, 37.41, 0, 0, 4.26
2019/06/10 01:11:00, 24.50, 24.11, 23.90, 37.86, 37.39, 0, 0, 4.26
2019/06/10 01:12:00, 24.50, 24.11, 23.91, 37.92, 37.42, 0, 0, 4.26
2019/06/10 01:13:00, 24.50, 24.12, 23.92, 37.90, 37.43, 0, 0, 4.26
2019/06/10 01:14:00, 24.50, 24.11, 23.92, 37.94, 37.42, 0, 0, 4.26
2019/06/10 01:15:00, 24.50, 24.12, 23.91, 37.90, 37.43, 0, 0, 4.26
2019/06/10 01:16:00, 24.50, 24.09, 23.89, 37.94, 37.44, 0, 0, 4.26
2019/06/10 01:17:00, 24.50, 24.09, 23.91, 37.93, 37.46, 0, 0, 4.26
2019/06/10 01:18:00, 24.50, 24.05, 23.90, 37.94, 37.48, 0, 0, 4.26
2019/06/10 01:19:00, 24.50, 24.08, 23.90, 38.01, 37.51, 0, 0, 4.26
2019/06/10 01:20:00, 24.50, 24.08, 23.89, 38.02, 37.53, 0, 0, 4.26
2019/06/10 01:21:00, 24.50, 24.09, 23.89, 38.03, 37.54, 0, 0, 4.26
2019/06/10 01:22:00, 24.50, 24.08, 23.89, 38.01, 37.57, 0, 0, 4.26
2019/06/10 01:23:00, 24.50, 24.05, 23.91, 38.04, 37.58, 0, 0, 4.26
2019/06/10 01:24:00, 24.50, 24.05, 23.88, 38.12, 37.60, 0, 0, 4.26
2019/06/10 01:25:00, 24.50, 24.08, 23.88, 38.09, 37.60, 0, 0, 4.26
2019/06/10 01:26:00, 24.50, 24.08, 23.88, 38.13, 37.62, 0, 0, 4.26
2019/06/10 01:27:00, 24.50, 24.09, 23.89, 38.13, 37.65, 0, 0, 4.26
2019/06/10 01:28:00, 24.50, 24.09, 23.88, 38.06, 37.66, 0, 0, 4.26
2019/06/10 01:29:00, 24.50, 24.08, 23.88, 38.13, 37.64, 0, 0, 4.26
2019/06/10 01:30:00, 24.50, 24.07, 23.86, 38.15, 37.64, 0, 0, 4.26
2019/06/10 01:31:00, 24.50, 24.08, 23.88, 38.15, 37.67, 0, 0, 4.26
2019/06/10 01:32:00, 24.50, 24.07, 23.88, 38.18, 37.70, 0, 0, 4.26
2019/06/10 01:33:00, 24.50, 24.09, 23.91, 38.19, 37.70, 0, 0, 4.26
2019/06/10 01:34:00, 24.50, 24.09, 23.89, 38.19, 37.70, 0, 0, 4.26
2019/06/10 01:35:00, 24.50, 24.08, 23.88, 38.19, 37.72, 0, 0, 4.26
2019/06/10 01:36:00, 24.50, 24.07, 23.88, 38.18, 37.71, 0, 0, 4.26
2019/06/10 01:37:00, 24.50, 24.08, 23.88, 38.23, 37.71, 0, 0, 4.26
2019/06/10 01:38:00, 24.50, 24.08, 23.88, 38.16, 37.73, 0, 0, 4.26
2019/06/10 01:39:00, 24.50, 24.07, 23.89, 38.26, 37.77, 0, 0, 4.26
2019/06/10 01:40:00, 24.50, 24.07, 23.87, 38.21, 37.76, 0, 0, 4.26
2019/06/10 01:41:00, 24.50, 24.05, 23.88, 38.25, 37.78, 0, 0, 4.26
2019/06/10 01:42:00, 24.50, 24.09, 23.88, 38.25, 37.80, 0, 0, 4.26
2019/06/10 01:43:00, 24.50, 24.08, 23.88, 38.34, 37.81, 0, 0, 4.26
2019/06/10 01:44:00, 24.50, 24.09, 23.88, 38.23, 37.83, 0, 0, 4.26
2019/06/10 01:45:00, 24.50, 24.05, 23.86, 38.28, 37.81, 0, 0, 4.26
2019/06/10 01:46:00, 24.50, 24.07, 23.86, 38.31, 37.83, 0, 0, 4.26
2019/06/10 01:47:00, 24.50, 24.04, 23.87, 38.36, 37.86, 0, 0, 4.26
2019/06/10 01:48:00, 24.50, 24.05, 23.87, 38.38, 37.87, 0, 0, 4.26
2019/06/10 01:49:00, 24.50, 24.07, 23.86, 38.38, 37.91, 0, 0, 4.26
2019/06/10 01:50:00, 24.50, 24.05, 23.87, 38.42, 37.91, 0, 0, 4.26
2019/06/10 01:51:00, 24.50, 24.04, 23.87, 38.41, 37.90, 0, 0, 4.26
2019/06/10 01:52:00, 24.50, 24.07, 23.84, 38.43, 37.93, 0, 0, 4.26
2019/06/10 01:53:00, 24.50, 24.07, 23.86, 38.36, 37.92, 0, 0, 4.26
2019/06/10 01:54:00, 24.50, 24.05, 23.87, 38.42, 37.93, 0, 0, 4.26
2019/06/10 01:55:00, 24.50, 24.04, 23.84, 38.41, 37.93, 0, 0, 4.26
2019/06/10 01:56:00, 24.50, 24.04, 23.84, 38.43, 37.98, 0, 0, 4.26
2019/06/10 01:57:00, 24.50, 24.05, 23.86, 38.46, 37.96, 0, 0, 4.26
2019/06/10 01:58:00, 24.50, 24.05, 23.86, 38.50, 37.96, 0, 0, 4.26
2019/06/10 01:59:00, 24.50, 24.04, 23.87, 38.50, 38.00, 0, 0, 4.26
2019/06/10 02:00:00, 24.50, 24.07, 23.86, 38.52, 38.02, 0, 0, 4.26
2019/06/10 02:01:00, 24.50, 24.07, 23.86, 38.52, 38.02, 0, 0, 4.26
2019/06/10 02:02:00, 24.50, 24.08, 23.83, 38.52, 38.02, 0, 0, 4.26
2019/06/10 02:03:00, 24.50, 24.08, 23.86, 38.51, 38.05, 0, 0, 4.26
2019/06/10 02:04:00, 24.50, 24.05, 23.86, 38.52, 38.04, 0, 0, 4.26
2019/06/10 02:05:00, 24.50, 24.07, 23.84, 38.52, 38.05, 0, 0, 4.26
2019/06/10 02:06:00, 24.50, 24.07, 23.86, 38.51, 38.04, 0, 0, 4.26
2019/06/10 02:07:00, 24.50, 24.07, 23.84, 38.52, 38.05, 0, 0, 4.26
2019/06/10 02:08:00, 24.50, 24.05, 23.82, 38.58, 38.06, 0, 0, 4.26
2019/06/10 02:09:00, 24.50, 24.04, 23.86, 38.54, 38.08, 0, 0, 4.26
2019/06/10 02:10:00, 24.50, 24.04, 23.86, 38.58, 38.08, 0, 0, 4.26
2019/06/10 02:11:00, 24.50, 24.07, 23.84, 38.59, 38.11, 0, 0, 4.26
2019/06/10 02:12:00, 24.50, 24.04, 23.83, 38.59, 38.12, 0, 0, 4.26
2019/06/10 02:13:00, 24.50, 24.04, 23.83, 38.59, 38.12, 0, 0, 4.26
2019/06/10 02:14:00, 24.50, 24.02, 23.86, 38.62, 38.12, 0, 0, 4.26
2019/06/10 02:15:00, 24.50, 24.04, 23.88, 38.58, 38.14, 0, 0, 4.26
2019/06/10 02:16:00, 24.50, 24.05, 23.86, 38.64, 38.14, 0, 0, 4.26
2019/06/10 02:17:00, 24.50, 24.04, 23.84, 38.63, 38.16, 0, 0, 4.26
2019/06/10 02:18:00, 24.50, 24.07, 23.86, 38.66, 38.15, 0, 0, 4.26
2019/06/10 02:19:00, 24.50, 24.04, 23.83, 38.67, 38.17, 0, 0, 4.26
2019/06/10 02:20:00, 24.50, 24.05, 23.84, 38.68, 38.18, 0, 0, 4.26
2019/06/10 02:21:00, 24.50, 24.07, 23.83, 38.71, 38.18, 0, 0, 4.26
2019/06/10 02:22:00, 24.50, 24.07, 23.86, 38.67, 38.18, 0, 0, 4.26
2019/06/10 02:23:00, 24.50, 24.04, 23.83, 38.68, 38.20, 0, 0, 4.26
2019/06/10 02:24:00, 24.50, 24.04, 23.87, 38.70, 38.24, 0, 0, 4.26
2019/06/10 02:25:00, 24.50, 24.04, 23.86, 38.72, 38.21, 0, 0, 4.26
2019/06/10 02:26:00, 24.50, 24.04, 23.84, 38.67, 38.23, 0, 0, 4.26
2019/06/10 02:27:00, 24.50, 24.04, 23.87, 38.71, 38.25, 0, 0, 4.26
2019/06/10 02:28:00, 24.50, 24.05, 23.83, 38.75, 38.25, 0, 0, 4.26
2019/06/10 02:29:00, 24.50, 24.05, 23.83, 38.71, 38.25, 0, 0, 4.26
2019/06/10 02:30:00, 24.50, 24.07, 23.83, 38.73, 38.27, 0, 0, 4.26
2019/06/10 02:31:00, 24.50, 24.02, 23.82, 38.78, 38.29, 0, 0, 4.26
2019/06/10 02:32:00, 24.50, 24.02, 23.81, 38.80, 38.30, 0, 0, 4.26
2019/06/10 02:33:00, 24.50, 24.01, 23.84, 38.84, 38.34, 0, 0, 4.26
2019/06/10 02:34:00, 24.50, 24.05, 23.83, 38.84, 38.34, 0, 0, 4.26
2019/06/10 02:35:00, 24.50, 24.04, 23.80, 38.84, 38.35, 0, 0, 4.26
2019/06/10 02:36:00, 24.50, 24.01, 23.82, 38.83, 38.34, 0, 0, 4.26
2019/06/10 02:37:00, 24.50, 24.02, 23.81, 38.87, 38.38, 0, 0, 4.26
2019/06/10 02:38:00, 24.50, 24.01, 23.81, 38.92, 38.38, 0, 0, 4.26
2019/06/10 02:39:00, 24.50, 24.04, 23.82, 38.88, 38.41, 0, 0, 4.26
2019/06/10 02:40:00, 24.50, 24.02, 23.82, 38.89, 38.38, 0, 0, 4.26
2019/06/10 02:41:00, 24.50, 24.02, 23.84, 38.91, 38.40, 0, 0, 4.26
2019/06/10 02:42:00, 24.50, 24.04, 23.83, 38.88, 38.42, 0, 0, 4.26
2019/06/10 02:43:00, 24.50, 24.01, 23.82, 38.95, 38.41, 0, 0, 4.26
2019/06/10 02:44:00, 24.50, 24.02, 23.82, 38.95, 38.42, 0, 0, 4.26
2019/06/10 02:45:00, 24.50, 24.02, 23.82, 38.91, 38.43, 0, 0, 4.26
2019/06/10 02:46:00, 24.50, 24.01, 23.83, 38.96, 38.42, 0, 0, 4.26
2019/06/10 02:47:00, 24.50, 24.02, 23.82, 38.99, 38.45, 0, 0, 4.26
2019/06/10 02:48:00, 24.50, 24.01, 23.83, 38.98, 38.47, 0, 0, 4.26
2019/06/10 02:49:00, 24.50, 24.02, 23.82, 38.93, 38.46, 0, 0, 4.26
2019/06/10 02:50:00, 24.50, 24.02, 23.83, 38.98, 38.45, 0, 0, 4.26
2019/06/10 02:51:00, 24.50, 24.02, 23.82, 39.00, 38.48, 0, 0, 4.26
2019/06/10 02:52:00, 24.50, 24.04, 23.82, 39.03, 38.50, 0, 0, 4.26
2019/06/10 02:53:00, 24.50, 24.02, 23.83, 39.04, 38.51, 0, 0, 4.26
2019/06/10 02:54:00, 24.50, 23.99, 23.82, 39.03, 38.50, 0, 0, 4.26
2019/06/10 02:55:00, 24.50, 24.04, 23.83, 39.01, 38.53, 0, 0, 4.26
2019/06/10 02:56:00, 24.50, 24.02, 23.80, 39.04, 38.54, 0, 0, 4.26
2019/06/10 02:57:00, 24.50, 24.01, 23.81, 39.05, 38.54, 0, 0, 4.26
2019/06/10 02:58:00, 24.50, 23.99, 23.80, 39.07, 38.56, 0, 0, 4.26
2019/06/10 02:59:00, 24.50, 24.01, 23.81, 39.05, 38.55, 0, 0, 4.26
2019/06/10 03:00:00, 24.50, 24.01, 23.81, 39.04, 38.55, 0, 0, 4.26
2019/06/10 03:01:00, 24.50, 24.02, 23.78, 39.09, 38.57, 0, 0, 4.26
2019/06/10 03:02:00, 24.50, 24.01, 23.80, 39.08, 38.60, 0, 0, 4.26
2019/06/10 03:03:00, 24.50, 24.01, 23.80, 39.12, 38.62, 0, 0, 4.26
2019/06/10 03:04:00, 24.50, 23.99, 23.78, 39.05, 38.61, 0, 0, 4.26
2019/06/10 03:05:00, 24.50, 24.01, 23.80, 39.13, 38.61, 0, 0, 4.26
2019/06/10 03:06:00, 24.50, 23.97, 23.79, 39.13, 38.63, 0, 0, 4.26
2019/06/10 03:07:00, 24.50, 24.01, 23.79, 39.12, 38.63, 0, 0, 4.26
2019/06/10 03:08:00, 24.50, 24.01, 23.79, 39.13, 38.65, 0, 0, 4.26
2019/06/10 03:09:00, 24.50, 23.98, 23.80, 39.17, 38.67, 0, 0, 4.26
2019/06/10 03:10:00, 24.50, 23.99, 23.79, 39.17, 38.67, 0, 0, 4.26
2019/06/10 03:11:00, 24.50, 24.01, 23.80, 39.16, 38.67, 0, 0, 4.26
2019/06/10 03:12:00, 24.50, 24.01, 23.80, 39.17, 38.67, 0, 0, 4.26
2019/06/10 03:13:00, 24.50, 23.98, 23.80, 39.21, 38.68, 0, 0, 4.26
2019/06/10 03:14:00, 24.50, 23.99, 23.79, 39.21, 38.70, 0, 0, 4.26
2019/06/10 03:15:00, 24.50, 24.01, 23.78, 39.18, 38.72, 0, 0, 4.26
2019/06/10 03:16:00, 24.50, 23.99, 23.77, 39.21, 38.72, 0, 0, 4.26
2019/06/10 03:17:00, 24.50, 23.98, 23.79, 39.22, 38.74, 0, 0, 4.26
2019/06/10 03:18:00, 24.50, 23.98, 23.78, 39.28, 38.74, 0, 0, 4.26
2019/06/10 03:19:00, 24.50, 23.98, 23.78, 39.26, 38.76, 0, 0, 4.26
2019/06/10 03:20:00, 24.50, 23.97, 23.78, 39.29, 38.76, 0, 0, 4.26
2019/06/10 03:21:00, 24.50, 23.99, 23.76, 39.25, 38.76, 0, 0, 4.26
2019/06/10 03:22:00, 24.50, 23.98, 23.78, 39.27, 38.76, 0, 0, 4.26
2019/06/10 03:23:00, 24.50, 23.97, 23.78, 39.33, 38.78, 0, 0, 4.26
2019/06/10 03:24:00, 24.50, 23.98, 23.78, 39.29, 38.79, 0, 0, 4.26
2019/06/10 03:25:00, 24.50, 23.99, 23.78, 39.34, 38.83, 0, 0, 4.26
2019/06/10 03:26:00, 24.50, 23.99, 23.78, 39.33, 38.83, 0, 0, 4.26
2019/06/10 03:27:00, 24.50, 23.99, 23.78, 39.29, 38.81, 0, 0, 4.26
2019/06/10 03:28:00, 24.50, 23.97, 23.78, 39.32, 38.81, 0, 0, 4.26
2019/06/10 03:29:00, 24.50, 23.97, 23.77, 39.32, 38.83, 0, 0, 4.26
2019/06/10 03:30:00, 24.50, 23.97, 23.77, 39.37, 38.83, 0, 0, 4.26
2019/06/10 03:31:00, 24.50, 23.97, 23.78, 39.32, 38.85, 0, 0, 4.26
2019/06/10 03:32:00, 24.50, 23.98, 23.77, 39.40, 38.85, 0, 0, 4.26
2019/06/10 03:33:00, 24.25, 23.97, 23.77, 39.38, 38.85, 0, 0, 4.26
2019/06/10 03:34:00, 24.25, 23.95, 23.76, 39.43, 38.86, 0, 0, 4.26
2019/06/10 03:35:00, 24.50, 23.97, 23.78, 39.38, 38.87, 0, 0, 4.26
2019/06/10 03:36:00, 24.25, 23.95, 23.78, 39.42, 38.86, 0, 0, 4.26
2019/06/10 03:37:00, 24.25, 23.94, 23.76, 39.42, 38.89, 0, 0, 4.26
2019/06/10 03:38:00, 24.25, 23.98, 23.75, 39.42, 38.89, 0, 0, 4.26
2019/06/10 03:39:00, 24.50, 23.95, 23.75, 39.42, 38.91, 0, 0, 4.26
2019/06/10 03:40:00, 24.25, 23.97, 23.77, 39.42, 38.92, 0, 0, 4.26
2019/06/10 03:41:00, 24.25, 23.94, 23.77, 39.41, 38.92, 0, 0, 4.26
2019/06/10 03:42:00, 24.25, 23.97, 23.77, 39.46, 38.92, 0, 0, 4.26
2019/06/10 03:43:00, 24.25, 23.95, 23.76, 39.46, 38.93, 0, 0, 4.26
2019/06/10 03:44:00, 24.25, 23.97, 23.76, 39.49, 38.96, 0, 0, 4.26
2019/06/10 03:45:00, 24.25, 23.95, 23.78, 39.41, 38.93, 0, 0, 4.26
2019/06/10 03:46:00, 24.25, 23.97, 23.75, 39.43, 38.94, 0, 0, 4.26
2019/06/10 03:47:00, 24.25, 23.95, 23.78, 39.47, 38.94, 0, 0, 4.26
2019/06/10 03:48:00, 24.25, 23.95, 23.75, 39.50, 38.95, 0, 0, 4.26
2019/06/10 03:49:00, 24.25, 23.94, 23.77, 39.47, 38.96, 0, 0, 4.26
2019/06/10 03:50:00, 24.25, 23.92, 23.76, 39.50, 38.97, 0, 0, 4.26
2019/06/10 03:51:00, 24.25, 23.95, 23.74, 39.47, 38.98, 0, 0, 4.26
2019/06/10 03:52:00, 24.25, 23.97, 23.75, 39.46, 38.94, 0, 0, 4.26
2019/06/10 03:53:00, 24.25, 23.94, 23.76, 39.49, 38.99, 0, 0, 4.26
2019/06/10 03:54:00, 24.25, 23.95, 23.76, 39.55, 39.00, 0, 0, 4.26
2019/06/10 03:55:00, 24.25, 23.97, 23.76, 39.52, 39.01, 0, 0, 4.26
2019/06/10 03:56:00, 24.25, 23.97, 23.75, 39.54, 39.03, 0, 0, 4.26
2019/06/10 03:57:00, 24.25, 23.95, 23.75, 39.53, 39.02, 0, 0, 4.26
2019/06/10 03:58:00, 24.25, 23.94, 23.76, 39.50, 39.03, 0, 0, 4.26
2019/06/10 03:59:00, 24.25, 23.94, 23.74, 39.58, 39.03, 0, 0, 4.26
2019/06/10 04:00:00, 24.25, 23.92, 23.73, 39.54, 39.05, 0, 0, 4.26
2019/06/10 04:01:00, 24.25, 23.94, 23.73, 39.59, 39.03, 0, 0, 4.26
2019/06/10 04:02:00, 24.25, 23.94, 23.76, 39.58, 39.05, 0, 0, 4.26
2019/06/10 04:03:00, 24.25, 23.95, 23.76, 39.58, 39.06, 0, 0, 4.26
2019/06/10 04:04:00, 24.25, 23.95, 23.73, 39.59, 39.07, 0, 0, 4.26
2019/06/10 04:05:00, 24.25, 23.92, 23.74, 39.57, 39.05, 0, 0, 4.26
2019/06/10 04:06:00, 24.25, 23.94, 23.74, 39.60, 39.06, 0, 0, 4.26
2019/06/10 04:07:00, 24.25, 23.94, 23.76, 39.65, 39.10, 0, 0, 4.26
2019/06/10 04:08:00, 24.25, 23.94, 23.75, 39.59, 39.05, 0, 0, 4.26
2019/06/10 04:09:00, 24.25, 23.94, 23.76, 39.65, 39.08, 0, 0, 4.26
2019/06/10 04:10:00, 24.25, 23.92, 23.73, 39.66, 39.11, 0, 0, 4.26
2019/06/10 04:11:00, 24.25, 23.92, 23.75, 39.67, 39.12, 0, 0, 4.26
2019/06/10 04:12:00, 24.25, 23.92, 23.74, 39.66, 39.13, 0, 0, 4.26
2019/06/10 04:13:00, 24.25, 23.92, 23.72, 39.66, 39.11, 0, 0, 4.26
2019/06/10 04:14:00, 24.25, 23.94, 23.74, 39.72, 39.15, 0, 0, 4.26
2019/06/10 04:15:00, 24.25, 23.95, 23.74, 39.69, 39.16, 0, 0, 4.26
2019/06/10 04:16:00, 24.25, 23.92, 23.73, 39.65, 39.13, 0, 0, 4.26
2019/06/10 04:17:00, 24.25, 23.91, 23.73, 39.69, 39.15, 0, 0, 4.26
2019/06/10 04:18:00, 24.25, 23.95, 23.75, 39.69, 39.15, 0, 0, 4.26
2019/06/10 04:19:00, 24.25, 23.92, 23.73, 39.67, 39.15, 0, 0, 4.26
2019/06/10 04:20:00, 24.25, 23.94, 23.73, 39.68, 39.17, 0, 0, 4.26
2019/06/10 04:21:00, 24.25, 23.92, 23.73, 39.69, 39.18, 0, 0, 4.26
2019/06/10 04:22:00, 24.25, 23.92, 23.74, 39.70, 39.16, 0, 0, 4.26
2019/06/10 04:23:00, 24.25, 23.92, 23.75, 39.69, 39.17, 0, 0, 4.26
2019/06/10 04:24:00, 24.25, 23.91, 23.74, 39.70, 39.19, 0, 0, 4.26
2019/06/10 04:25:00, 24.25, 23.94, 23.73, 39.75, 39.20, 0, 0, 4.26
2019/06/10 04:26:00, 24.25, 23.94, 23.75, 39.74, 39.19, 0, 0, 4.26
2019/06/10 04:27:00, 24.25, 23.92, 23.73, 39.74, 39.20, 0, 0, 4.26
2019/06/10 04:28:00, 24.25, 23.92, 23.73, 39.79, 39.22, 0, 0, 4.26
2019/06/10 04:29:00, 24.25, 23.94, 23.74, 39.74, 39.22, 0, 0, 4.26
2019/06/10 04:30:00, 24.25, 23.91, 23.72, 39.76, 39.20, 0, 0, 4.26
2019/06/10 04:31:00, 24.25, 23.94, 23.73, 39.74, 39.21, 0, 0, 4.26
2019/06/10 04:32:00, 24.25, 23.92, 23.73, 39.82, 39.22, 0, 0, 4.26
2019/06/10 04:33:00, 24.25, 23.94, 23.74, 39.76, 39.24, 0, 0, 4.26
2019/06/10 04:34:00, 24.25, 23.92, 23.73, 39.81, 39.25, 0, 0, 4.26
2019/06/10 04:35:00, 24.25, 23.92, 23.74, 39.81, 39.25, 0, 0, 4.26
2019/06/10 04:36:00, 24.25, 23.91, 23.74, 39.78, 39.24, 0, 0, 4.26
2019/06/10 04:37:00, 24.25, 23.95, 23.74, 39.78, 39.25, 0, 0, 4.26
2019/06/10 04:38:00, 24.25, 23.94, 23.76, 39.77, 39.25, 0, 0, 4.26
2019/06/10 04:39:00, 24.25, 23.92, 23.73, 39.78, 39.26, 0, 0, 4.26
2019/06/10 04:40:00, 24.25, 23.92, 23.73, 39.82, 39.26, 0, 0, 4.26
2019/06/10 04:41:00, 24.25, 23.95, 23.73, 39.78, 39.27, 0, 0, 4.26
2019/06/10 04:42:00, 24.25, 23.91, 23.75, 39.80, 39.26, 0, 0, 4.26
2019/06/10 04:43:00, 24.25, 23.90, 23.73, 39.80, 39.27, 0, 0, 4.26
2019/06/10 04:44:00, 24.25, 23.94, 23.74, 39.83, 39.28, 0, 0, 4.26
2019/06/10 04:45:00, 24.25, 23.92, 23.74, 39.85, 39.30, 0, 0, 4.26
2019/06/10 04:46:00, 24.25, 23.91, 23.75, 39.82, 39.32, 0, 0, 4.26
2019/06/10 04:47:00, 24.25, 23.92, 23.73, 39.85, 39.33, 0, 0, 4.26
2019/06/10 04:48:00, 24.25, 23.94, 23.73, 39.88, 39.31, 0, 0, 4.26
2019/06/10 04:49:00, 24.25, 23.92, 23.74, 39.84, 39.34, 0, 0, 4.26
2019/06/10 04:50:00, 24.25, 23.91, 23.73, 39.87, 39.34, 0, 0, 4.26
2019/06/10 04:51:00, 24.25, 23.91, 23.72, 39.85, 39.33, 0, 0, 4.26
2019/06/10 04:52:00, 24.25, 23.94, 23.74, 39.90, 39.36, 0, 0, 4.26
2019/06/10 04:53:00, 24.25, 23.91, 23.73, 39.90, 39.36, 0, 0, 4.26
2019/06/10 04:54:00, 24.25, 23.92, 23.71, 39.93, 39.36, 0, 0, 4.26
2019/06/10 04:55:00, 24.25, 23.94, 23.72, 39.87, 39.36, 0, 0, 4.26
2019/06/10 04:56:00, 24.25, 23.91, 23.73, 39.90, 39.34, 0, 0, 4.26
2019/06/10 04:57:00, 24.25, 23.92, 23.73, 39.92, 39.37, 0, 0, 4.26
2019/06/10 04:58:00, 24.25, 23.92, 23.72, 39.91, 39.39, 0, 0, 4.26
2019/06/10 04:59:00, 24.25, 23.92, 23.73, 39.89, 39.38, 0, 0, 4.26
2019/06/10 05:00:00, 24.25, 23.92, 23.75, 39.90, 39.38, 0, 0, 4.26
2019/06/10 05:01:00, 24.25, 23.92, 23.73, 39.98, 39.39, 0, 0, 4.26
2019/06/10 05:02:00, 24.25, 23.92, 23.74, 39.93, 39.38, 0, 0, 4.26
2019/06/10 05:03:00, 24.25, 23.94, 23.73, 39.91, 39.38, 0, 0, 4.26
2019/06/10 05:04:00, 24.25, 23.95, 23.75, 39.99, 39.38, 0, 0, 4.26
2019/06/10 05:05:00, 24.25, 23.94, 23.73, 39.94, 39.39, 0, 0, 4.26
2019/06/10 05:06:00, 24.25, 23.91, 23.71, 39.97, 39.43, 0, 0, 4.26
2019/06/10 05:07:00, 24.25, 23.92, 23.73, 39.98, 39.44, 0, 0, 4.26
2019/06/10 05:08:00, 24.25, 23.94, 23.73, 39.92, 39.43, 0, 0, 4.26
2019/06/10 05:09:00, 24.25, 23.92, 23.74, 39.98, 39.45, 0, 0, 4.26
2019/06/10 05:10:00, 24.25, 23.92, 23.72, 39.99, 39.45, 0, 0, 4.26
2019/06/10 05:11:00, 24.25, 23.94, 23.72, 40.00, 39.49, 0, 0, 4.26
2019/06/10 05:12:00, 24.25, 23.92, 23.74, 40.02, 39.47, 0, 0, 4.26
2019/06/10 05:13:00, 24.25, 23.92, 23.72, 40.03, 39.47, 0, 0, 4.26
2019/06/10 05:14:00, 24.25, 23.94, 23.69, 40.06, 39.50, 0, 0, 4.26
2019/06/10 05:15:00, 24.25, 23.91, 23.72, 40.04, 39.49, 0, 0, 4.26
2019/06/10 05:16:00, 24.25, 23.92, 23.73, 40.06, 39.49, 0, 0, 4.26
2019/06/10 05:17:00, 24.25, 23.92, 23.73, 40.07, 39.50, 0, 0, 4.26
2019/06/10 05:18:00, 24.25, 23.92, 23.69, 40.04, 39.50, 0, 0, 4.26
2019/06/10 05:19:00, 24.25, 23.92, 23.73, 40.06, 39.53, 0, 0, 4.26
2019/06/10 05:20:00, 24.25, 23.94, 23.69, 40.09, 39.51, 0, 0, 4.26
2019/06/10 05:21:00, 24.25, 23.91, 23.74, 40.08, 39.55, 0, 0, 4.26
2019/06/10 05:22:00, 24.25, 23.91, 23.74, 40.08, 39.55, 0, 0, 4.26
2019/06/10 05:23:00, 24.25, 23.92, 23.72, 40.06, 39.55, 0, 0, 4.26
2019/06/10 05:24:00, 24.25, 23.91, 23.73, 40.10, 39.55, 0, 0, 4.26
2019/06/10 05:25:00, 24.25, 23.92, 23.73, 40.11, 39.53, 0, 0, 4.26
2019/06/10 05:26:00, 24.25, 23.91, 23.74, 40.08, 39.55, 0, 0, 4.26
2019/06/10 05:27:00, 24.25, 23.91, 23.74, 40.09, 39.58, 0, 0, 4.26
2019/06/10 05:28:00, 24.25, 23.92, 23.72, 40.09, 39.58, 0, 0, 4.26
2019/06/10 05:29:00, 24.25, 23.91, 23.73, 40.14, 39.57, 0, 0, 4.26
2019/06/10 05:30:00, 24.25, 23.92, 23.74, 40.11, 39.59, 0, 0, 4.26
2019/06/10 05:31:00, 24.25, 23.90, 23.73, 40.12, 39.60, 0, 0, 4.26
2019/06/10 05:32:00, 24.25, 23.92, 23.75, 40.12, 39.58, 0, 0, 4.26
2019/06/10 05:33:00, 24.25, 23.94, 23.74, 40.15, 39.60, 0, 0, 4.26
2019/06/10 05:34:00, 24.25, 23.91, 23.73, 40.15, 39.60, 0, 0, 4.26
2019/06/10 05:35:00, 24.25, 23.94, 23.73, 40.16, 39.60, 0, 0, 4.26
2019/06/10 05:36:00, 24.25, 23.92, 23.73, 40.12, 39.60, 0, 0, 4.26
2019/06/10 05:37:00, 24.25, 23.92, 23.74, 40.14, 39.62, 0, 0, 4.26
2019/06/10 05:38:00, 24.25, 23.92, 23.75, 40.19, 39.61, 0, 0, 4.26
2019/06/10 05:39:00, 24.25, 23.94, 23.73, 40.15, 39.63, 0, 0, 4.26
2019/06/10 05:40:00, 24.25, 23.95, 23.73, 40.18, 39.64, 0, 0, 4.26
2019/06/10 05:41:00, 24.25, 23.94, 23.75, 40.16, 39.64, 0, 0, 4.26
2019/06/10 05:42:00, 24.25, 23.95, 23.74, 40.18, 39.63, 0, 0, 4.26
2019/06/10 05:43:00, 24.25, 23.94, 23.72, 40.22, 39.63, 0, 0, 4.26
2019/06/10 05:44:00, 24.25, 23.92, 23.73, 40.19, 39.65, 0, 0, 4.26
2019/06/10 05:45:00, 24.25, 23.94, 23.73, 40.22, 39.65, 0, 0, 4.26
2019/06/10 05:46:00, 24.25, 23.92, 23.73, 40.19, 39.66, 0, 0, 4.26
2019/06/10 05:47:00, 24.25, 23.95, 23.73, 40.27, 39.66, 0, 0, 4.26
2019/06/10 05:48:00, 24.25, 23.92, 23.72, 40.22, 39.66, 0, 0, 4.26
2019/06/10 05:49:00, 24.25, 23.92, 23.73, 40.27, 39.69, 0, 0, 4.26
2019/06/10 05:50:00, 24.25, 23.91, 23.74, 40.22, 39.67, 0, 0, 4.26
2019/06/10 05:51:00, 24.25, 23.94, 23.74, 40.19, 39.68, 0, 0, 4.26
2019/06/10 05:52:00, 24.25, 23.92, 23.72, 40.25, 39.69, 0, 0, 4.26
2019/06/10 05:53:00, 24.25, 23.95, 23.75, 40.24, 39.70, 0, 0, 4.26
2019/06/10 05:54:00, 24.25, 23.94, 23.74, 40.26, 39.70, 0, 0, 4.26
2019/06/10 05:55:00, 24.25, 23.91, 23.74, 40.26, 39.69, 0, 0, 4.26
2019/06/10 05:56:00, 24.25, 23.94, 23.74, 40.20, 39.70, 0, 0, 4.26
2019/06/10 05:57:00, 24.25, 23.94, 23.76, 40.19, 39.72, 0, 0, 4.25
2019/06/10 05:58:00, 24.25, 23.94, 23.77, 40.23, 39.70, 0, 0, 4.26
2019/06/10 05:59:00, 24.25, 23.98, 23.76, 40.23, 39.70, 0, 0, 4.26
2019/06/10 06:00:00, 24.25, 23.95, 23.76, 40.22, 39.68, 0, 0, 4.26
2019/06/10 06:01:00, 24.25, 23.97, 23.77, 40.25, 39.67, 0, 0, 4.26
2019/06/10 06:02:00, 24.25, 23.94, 23.78, 40.25, 39.66, 0, 0, 4.26
2019/06/10 06:03:00, 24.25, 23.95, 23.75, 40.25, 39.66, 0, 0, 4.26
2019/06/10 06:04:00, 24.25, 23.97, 23.78, 40.23, 39.68, 0, 0, 4.26
2019/06/10 06:05:00, 24.25, 23.94, 23.76, 40.22, 39.69, 0, 0, 4.26
2019/06/10 06:06:00, 24.25, 23.97, 23.78, 40.22, 39.68, 0, 0, 4.26
2019/06/10 06:07:00, 24.25, 23.97, 23.76, 40.22, 39.69, 0, 0, 4.26
2019/06/10 06:08:00, 24.25, 23.98, 23.77, 40.19, 39.66, 0, 0, 4.26
2019/06/10 06:09:00, 24.25, 23.97, 23.79, 40.19, 39.69, 0, 0, 4.26
2019/06/10 06:10:00, 24.25, 23.98, 23.77, 40.19, 39.66, 0, 0, 4.26
2019/06/10 06:11:00, 24.25, 23.95, 23.77, 40.19, 39.66, 0, 0, 4.26
2019/06/10 06:12:00, 24.25, 23.97, 23.78, 40.24, 39.68, 0, 0, 4.26
2019/06/10 06:13:00, 24.25, 23.98, 23.79, 40.24, 39.68, 0, 0, 4.26
2019/06/10 06:14:00, 24.25, 23.98, 23.76, 40.21, 39.68, 0, 0, 4.26
2019/06/10 06:15:00, 24.25, 23.97, 23.78, 40.23, 39.69, 0, 0, 4.26
2019/06/10 06:16:00, 24.25, 23.99, 23.77, 40.24, 39.68, 0, 0, 4.26
2019/06/10 06:17:00, 24.25, 23.98, 23.78, 40.23, 39.67, 0, 0, 4.26
2019/06/10 06:18:00, 24.25, 23.99, 23.79, 40.19, 39.68, 0, 0, 4.26
2019/06/10 06:19:00, 24.25, 23.99, 23.80, 40.21, 39.68, 0, 0, 4.26
2019/06/10 06:20:00, 24.25, 23.97, 23.78, 40.26, 39.66, 0, 0, 4.26
2019/06/10 06:21:00, 24.25, 23.97, 23.78, 40.24, 39.69, 0, 0, 4.26
2019/06/10 06:22:00, 24.25, 24.01, 23.80, 40.23, 39.67, 0, 0, 4.26
2019/06/10 06:23:00, 24.25, 23.98, 23.80, 40.17, 39.66, 0, 0, 4.26
2019/06/10 06:24:00, 24.25, 23.99, 23.78, 40.21, 39.65, 0, 0, 4.26
2019/06/10 06:25:00, 24.25, 23.97, 23.78, 40.18, 39.66, 0, 0, 4.26
2019/06/10 06:26:00, 24.25, 24.01, 23.80, 40.24, 39.66, 0, 0, 4.26
2019/06/10 06:27:00, 24.25, 24.01, 23.79, 40.18, 39.64, 0, 0, 4.26
2019/06/10 06:28:00, 24.25, 23.98, 23.79, 40.19, 39.65, 0, 0, 4.26
2019/06/10 06:29:00, 24.25, 23.99, 23.78, 40.21, 39.66, 0, 0, 4.26
2019/06/10 06:30:00, 24.25, 23.99, 23.78, 40.24, 39.68, 0, 0, 4.26
2019/06/10 06:31:00, 24.25, 23.99, 23.78, 40.19, 39.66, 0, 0, 4.26
2019/06/10 06:32:00, 24.25, 23.98, 23.78, 40.21, 39.69, 0, 0, 4.26
2019/06/10 06:33:00, 24.25, 23.99, 23.78, 40.24, 39.70, 0, 0, 4.26
2019/06/10 06:34:00, 24.25, 23.98, 23.79, 40.21, 39.70, 0, 0, 4.26
2019/06/10 06:35:00, 24.25, 23.99, 23.79, 40.23, 39.68, 0, 0, 4.25
2019/06/10 06:36:00, 24.25, 23.99, 23.81, 40.22, 39.70, 0, 0, 4.26
2019/06/10 06:37:00, 24.25, 24.01, 23.82, 40.21, 39.69, 0, 0, 4.26
2019/06/10 06:38:00, 24.25, 24.02, 23.84, 40.27, 39.68, 0, 0, 4.26
2019/06/10 06:39:00, 24.25, 24.01, 23.81, 40.19, 39.68, 0, 0, 4.26
2019/06/10 06:40:00, 24.25, 24.05, 23.87, 40.17, 39.64, 0, 0, 4.26
2019/06/10 06:41:00, 24.25, 24.07, 23.88, 40.15, 39.62, 0, 0, 4.26
2019/06/10 06:42:00, 24.25, 24.07, 23.88, 40.14, 39.60, 0, 0, 4.26
2019/06/10 06:43:00, 24.25, 24.09, 23.92, 40.09, 39.57, 0, 0, 4.26
2019/06/10 06:44:00, 24.25, 24.11, 23.89, 40.05, 39.53, 0, 0, 4.26
2019/06/10 06:45:00, 24.25, 24.09, 23.91, 40.05, 39.51, 0, 0, 4.26
2019/06/10 06:46:00, 24.25, 24.14, 23.94, 40.08, 39.52, 0, 0, 4.26
2019/06/10 06:47:00, 24.25, 24.15, 23.94, 40.01, 39.47, 0, 0, 4.26
2019/06/10 06:48:00, 24.25, 24.16, 23.97, 39.95, 39.43, 0, 0, 4.26
2019/06/10 06:49:00, 24.25, 24.19, 23.95, 39.92, 39.38, 0, 0, 4.26
2019/06/10 06:50:00, 24.25, 24.12, 23.97, 39.88, 39.35, 0, 0, 4.26
2019/06/10 06:51:00, 24.25, 24.16, 23.96, 39.91, 39.38, 0, 0, 4.26
2019/06/10 06:52:00, 24.25, 24.16, 23.97, 39.90, 39.37, 0, 0, 4.25
2019/06/10 06:53:00, 24.25, 24.18, 23.98, 39.87, 39.36, 0, 0, 4.26
2019/06/10 06:54:00, 24.25, 24.19, 24.00, 39.86, 39.37, 0, 0, 4.26
2019/06/10 06:55:00, 24.50, 24.20, 24.02, 39.87, 39.35, 0, 0, 4.26
2019/06/10 06:56:00, 24.50, 24.20, 24.01, 39.81, 39.29, 0, 0, 4.26
2019/06/10 06:57:00, 24.50, 24.19, 24.00, 39.81, 39.30, 0, 0, 4.26
2019/06/10 06:58:00, 24.50, 24.19, 24.00, 39.81, 39.30, 0, 0, 4.26
2019/06/10 06:59:00, 24.50, 24.19, 24.01, 39.79, 39.29, 0, 0, 4.26
2019/06/10 07:00:00, 24.50, 24.19, 24.01, 39.81, 39.29, 0, 0, 4.26
2019/06/10 07:01:00, 24.50, 24.22, 24.03, 39.82, 39.29, 0, 0, 4.25
2019/06/10 07:02:00, 24.50, 24.23, 24.05, 39.79, 39.28, 0, 0, 4.26
2019/06/10 07:03:00, 24.50, 24.23, 24.06, 39.76, 39.26, 0, 0, 4.26
2019/06/10 07:04:00, 24.50, 24.22, 24.07, 39.70, 39.19, 0, 0, 4.26
2019/06/10 07:05:00, 24.50, 24.25, 24.04, 39.71, 39.19, 0, 0, 4.26
2019/06/10 07:06:00, 24.50, 24.23, 24.06, 39.74, 39.18, 0, 0, 4.26
2019/06/10 07:07:00, 24.50, 24.25, 24.06, 39.77, 39.22, 0, 0, 4.26
2019/06/10 07:08:00, 24.50, 24.26, 24.06, 39.67, 39.21, 0, 0, 4.26
2019/06/10 07:09:00, 24.50, 24.27, 24.10, 39.71, 39.17, 0, 0, 4.26
2019/06/10 07:10:00, 24.50, 24.27, 24.09, 39.65, 39.18, 0, 0, 4.26
2019/06/10 07:11:00, 24.50, 24.27, 24.08, 39.56, 39.08, 0, 0, 4.26
2019/06/10 07:12:00, 24.50, 24.29, 24.10, 39.63, 39.09, 0, 0, 4.25
2019/06/10 07:13:00, 24.50, 24.29, 24.11, 39.63, 39.10, 0, 0, 4.26
2019/06/10 07:14:00, 24.50, 24.26, 24.10, 39.64, 39.11, 0, 0, 4.26
2019/06/10 07:15:00, 24.50, 24.29, 24.09, 39.63, 39.14, 0, 0, 4.26
2019/06/10 07:16:00, 24.50, 24.32, 24.10, 39.75, 39.19, 0, 0, 4.25
2019/06/10 07:17:00, 24.50, 24.29, 24.10, 39.75, 39.19, 0, 0, 4.26
2019/06/10 07:18:00, 24.50, 24.29, 24.10, 39.74, 39.20, 0, 0, 4.26
2019/06/10 07:19:00, 24.50, 24.29, 24.10, 39.71, 39.18, 0, 0, 4.26
2019/06/10 07:20:00, 24.50, 24.29, 24.11, 39.77, 39.18, 0, 0, 4.26
2019/06/10 07:21:00, 24.50, 24.32, 24.11, 39.78, 39.21, 0, 0, 4.26
2019/06/10 07:22:00, 24.50, 24.31, 24.09, 39.70, 39.18, 0, 0, 4.26
2019/06/10 07:23:00, 24.50, 24.32, 24.10, 39.74, 39.18, 0, 0, 4.25
2019/06/10 07:24:00, 24.50, 24.32, 24.11, 39.74, 39.21, 0, 0, 4.26
2019/06/10 07:25:00, 24.50, 24.31, 24.10, 39.78, 39.23, 0, 0, 4.26
2019/06/10 07:26:00, 24.50, 24.31, 24.10, 39.74, 39.22, 0, 0, 4.26
2019/06/10 07:27:00, 24.50, 24.31, 24.12, 39.80, 39.23, 0, 0, 4.26
2019/06/10 07:28:00, 24.50, 24.31, 24.12, 39.76, 39.22, 0, 0, 4.26
2019/06/10 07:29:00, 24.50, 24.29, 24.13, 39.74, 39.24, 0, 0, 4.26
2019/06/10 07:30:00, 24.50, 24.33, 24.12, 39.74, 39.22, 0, 0, 4.26
2019/06/10 07:31:00, 24.50, 24.31, 24.12, 39.75, 39.20, 0, 0, 4.25
2019/06/10 07:32:00, 24.50, 24.31, 24.13, 39.75, 39.21, 0, 0, 4.25
2019/06/10 07:33:00, 24.50, 24.32, 24.13, 39.72, 39.21, 0, 0, 4.25
2019/06/10 07:34:00, 24.50, 24.31, 24.11, 39.67, 39.18, 0, 0, 4.25
2019/06/10 07:35:00, 24.50, 24.31, 24.11, 39.71, 39.20, 0, 0, 4.26
2019/06/10 07:36:00, 24.50, 24.31, 24.10, 39.75, 39.22, 0, 0, 4.26
2019/06/10 07:37:00, 24.50, 24.31, 24.09, 39.74, 39.21, 0, 0, 4.25
2019/06/10 07:38:00, 24.50, 24.29, 24.10, 39.75, 39.22, 0, 0, 4.26
2019/06/10 07:39:00, 24.50, 24.27, 24.08, 39.78, 39.22, 0, 0, 4.25
2019/06/10 07:40:00, 24.50, 24.26, 24.07, 39.75, 39.22, 0, 0, 4.25
2019/06/10 07:41:00, 24.50, 24.26, 24.08, 39.74, 39.19, 0, 0, 4.26
2019/06/10 07:42:00, 24.50, 24.25, 24.07, 39.69, 39.18, 0, 0, 4.26
2019/06/10 07:43:00, 24.50, 24.26, 24.07, 39.68, 39.16, 0, 0, 4.25
2019/06/10 07:44:00, 24.50, 24.25, 24.05, 39.68, 39.16, 0, 0, 4.26
2019/06/10 07:45:00, 24.50, 24.25, 24.05, 39.69, 39.15, 0, 0, 4.26
2019/06/10 07:46:00, 24.50, 24.25, 24.04, 39.65, 39.13, 0, 0, 4.26
2019/06/10 07:47:00, 24.50, 24.25, 24.06, 39.63, 39.13, 0, 0, 4.25
2019/06/10 07:48:00, 24.50, 24.20, 24.04, 39.65, 39.12, 0, 0, 4.26
2019/06/10 07:49:00, 24.50, 24.22, 24.04, 39.60, 39.09, 0, 0, 4.25
2019/06/10 07:50:00, 24.50, 24.25, 24.04, 39.57, 39.07, 0, 0, 4.26
2019/06/10 07:51:00, 24.50, 24.22, 24.04, 39.61, 39.06, 0, 0, 4.25
2019/06/10 07:52:00, 24.50, 24.20, 24.04, 39.59, 39.08, 0, 0, 4.26
2019/06/10 07:53:00, 24.50, 24.22, 24.04, 39.58, 39.06, 0, 0, 4.26
2019/06/10 07:54:00, 24.50, 24.20, 24.03, 39.53, 39.06, 0, 0, 4.25
2019/06/10 07:55:00, 24.50, 24.23, 24.02, 39.55, 39.03, 0, 0, 4.25
2019/06/10 07:56:00, 24.50, 24.19, 23.98, 39.50, 39.04, 0, 0, 4.26
2019/06/10 07:57:00, 24.50, 24.22, 24.02, 39.46, 38.99, 0, 0, 4.26
2019/06/10 07:58:00, 24.50, 24.22, 24.01, 39.46, 38.95, 0, 0, 4.26
2019/06/10 07:59:00, 24.50, 24.22, 24.04, 39.43, 38.91, 0, 0, 4.25
2019/06/10 08:00:00, 24.50, 24.22, 24.05, 39.38, 38.89, 0, 0, 4.26
2019/06/10 08:01:00, 24.50, 24.25, 24.05, 39.34, 38.81, 0, 0, 4.26
2019/06/10 08:02:00, 24.50, 24.25, 24.06, 39.27, 38.76, 0, 0, 4.26
2019/06/10 08:03:00, 24.50, 24.26, 24.07, 39.13, 38.68, 0, 0, 4.26
2019/06/10 08:04:00, 24.50, 24.27, 24.09, 39.10, 38.59, 0, 0, 4.26
2019/06/10 08:05:00, 24.50, 24.29, 24.12, 39.08, 38.55, 0, 0, 4.26
2019/06/10 08:06:00, 24.50, 24.31, 24.13, 38.97, 38.47, 0, 0, 4.26
2019/06/10 08:07:00, 24.50, 24.32, 24.16, 38.87, 38.40, 0, 0, 4.26
2019/06/10 08:08:00, 24.50, 24.35, 24.13, 38.86, 38.35, 0, 0, 4.26
2019/06/10 08:09:00, 24.50, 24.31, 24.13, 38.75, 38.30, 0, 0, 4.26
2019/06/10 08:10:00, 24.50, 24.31, 24.10, 38.72, 38.27, 0, 0, 4.26
2019/06/10 08:11:00, 24.50, 24.33, 24.12, 38.75, 38.21, 0, 0, 4.26
2019/06/10 08:12:00, 24.50, 24.31, 24.13, 38.64, 38.18, 0, 0, 4.25
2019/06/10 08:13:00, 24.50, 24.31, 24.12, 38.63, 38.13, 0, 0, 4.25
2019/06/10 08:14:00, 24.50, 24.31, 24.13, 38.65, 38.13, 0, 0, 4.26
2019/06/10 08:15:00, 24.50, 24.33, 24.17, 38.61, 38.09, 0, 0, 4.25
2019/06/10 08:16:00, 24.50, 24.36, 24.16, 38.50, 38.04, 0, 0, 4.25
2019/06/10 08:17:00, 24.50, 24.36, 24.18, 38.42, 37.99, 0, 0, 4.25
2019/06/10 08:18:00, 24.50, 24.35, 24.16, 38.41, 37.97, 0, 0, 4.26
2019/06/10 08:19:00, 24.50, 24.39, 24.18, 38.39, 37.91, 0, 0, 4.25
2019/06/10 08:20:00, 24.50, 24.40, 24.22, 38.30, 37.86, 0, 0, 4.26
2019/06/10 08:21:00, 24.50, 24.39, 24.21, 38.23, 37.76, 0, 0, 4.26
2019/06/10 08:22:00, 24.50, 24.39, 24.19, 38.17, 37.73, 0, 0, 4.26
2019/06/10 08:23:00, 24.50, 24.39, 24.20, 38.16, 37.67, 0, 0, 4.25
2019/06/10 08:24:00, 24.50, 24.39, 24.20, 38.10, 37.64, 0, 0, 4.26
2019/06/10 08:25:00, 24.50, 24.39, 24.19, 38.13, 37.63, 0, 0, 4.25
2019/06/10 08:26:00, 24.50, 24.39, 24.21, 38.09, 37.62, 0, 0, 4.26
2019/06/10 08:27:00, 24.50, 24.39, 24.21, 38.04, 37.58, 0, 0, 4.25
2019/06/10 08:28:00, 24.50, 24.40, 24.19, 37.99, 37.56, 0, 0, 4.26
2019/06/10 08:29:00, 24.50, 24.38, 24.19, 38.03, 37.51, 0, 0, 4.26
2019/06/10 08:30:00, 24.50, 24.39, 24.19, 37.97, 37.50, 0, 0, 4.26
2019/06/10 08:31:00, 24.50, 24.39, 24.23, 37.88, 37.47, 0, 0, 4.26
2019/06/10 08:32:00, 24.50, 24.40, 24.21, 37.87, 37.44, 0, 0, 4.26
2019/06/10 08:33:00, 24.50, 24.39, 24.21, 37.81, 37.41, 0, 0, 4.26
2019/06/10 08:34:00, 24.50, 24.39, 24.21, 37.81, 37.38, 0, 0, 4.25
2019/06/10 08:35:00, 24.50, 24.40, 24.22, 37.80, 37.36, 0, 0, 4.26
2019/06/10 08:36:00, 24.50, 24.40, 24.23, 37.86, 37.35, 0, 0, 4.25
2019/06/10 08:37:00, 24.50, 24.40, 24.21, 37.83, 37.34, 0, 0, 4.26
2019/06/10 08:38:00, 24.50, 24.40, 24.22, 37.75, 37.31, 0, 0, 4.25
2019/06/10 08:39:00, 24.50, 24.40, 24.22, 37.76, 37.28, 0, 0, 4.26
2019/06/10 08:40:00, 24.50, 24.40, 24.23, 37.68, 37.25, 0, 0, 4.25
2019/06/10 08:41:00, 24.50, 24.40, 24.22, 37.70, 37.22, 0, 0, 4.25
2019/06/10 08:42:00, 24.50, 24.42, 24.22, 37.66, 37.19, 0, 0, 4.26
2019/06/10 08:43:00, 24.50, 24.42, 24.25, 37.68, 37.21, 0, 0, 4.26
2019/06/10 08:44:00, 24.50, 24.43, 24.24, 37.67, 37.19, 0, 0, 4.25
2019/06/10 08:45:00, 24.50, 24.43, 24.22, 37.66, 37.16, 0, 0, 4.25
2019/06/10 08:46:00, 24.50, 24.43, 24.23, 37.66, 37.15, 0, 0, 4.26
2019/06/10 08:47:00, 24.50, 24.42, 24.25, 37.60, 37.15, 0, 0, 4.25
2019/06/10 08:48:00, 24.50, 24.40, 24.25, 37.62, 37.15, 0, 0, 4.25
2019/06/10 08:49:00, 24.50, 24.42, 24.23, 37.63, 37.14, 0, 0, 4.26
2019/06/10 08:50:00, 24.50, 24.40, 24.23, 37.63, 37.15, 0, 0, 4.26
2019/06/10 08:51:00, 24.50, 24.42, 24.24, 37.63, 37.15, 0, 0, 4.25
2019/06/10 08:52:00, 24.50, 24.40, 24.20, 37.62, 37.13, 0, 0, 4.26
2019/06/10 08:53:00, 24.50, 24.42, 24.23, 37.62, 37.13, 0, 0, 4.25
2019/06/10 08:54:00, 24.50, 24.40, 24.22, 37.63, 37.13, 0, 0, 4.26
2019/06/10 08:55:00, 24.50, 24.42, 24.23, 37.63, 37.13, 0, 0, 4.25
2019/06/10 08:56:00, 24.50, 24.40, 24.23, 37.64, 37.16, 0, 0, 4.25
2019/06/10 08:57:00, 24.50, 24.40, 24.23, 37.63, 37.15, 0, 0, 4.26
2019/06/10 08:58:00, 24.50, 24.43, 24.23, 37.66, 37.19, 0, 0, 4.26
2019/06/10 08:59:00, 24.50, 24.43, 24.23, 37.69, 37.15, 0, 0, 4.25
2019/06/10 09:00:00, 24.50, 24.43, 24.23, 37.65, 37.16, 0, 0, 4.26
2019/06/10 09:01:00, 24.50, 24.42, 24.22, 37.65, 37.15, 0, 0, 4.25
2019/06/10 09:02:00, 24.50, 24.40, 24.23, 37.64, 37.13, 0, 0, 4.25
2019/06/10 09:03:00, 24.50, 24.42, 24.24, 37.62, 37.12, 0, 0, 4.25
2019/06/10 09:04:00, 24.50, 24.43, 24.23, 37.60, 37.12, 0, 0, 4.25
2019/06/10 09:05:00, 24.50, 24.40, 24.24, 37.63, 37.15, 0, 0, 4.25
2019/06/10 09:06:00, 24.50, 24.44, 24.23, 37.56, 37.12, 0, 0, 4.26
2019/06/10 09:07:00, 24.50, 24.43, 24.23, 37.63, 37.11, 0, 0, 4.25
2019/06/10 09:08:00, 24.50, 24.43, 24.25, 37.63, 37.12, 0, 0, 4.26
2019/06/10 09:09:00, 24.50, 24.44, 24.24, 37.63, 37.11, 0, 0, 4.26
2019/06/10 09:10:00, 24.50, 24.44, 24.27, 37.63, 37.13, 0, 0, 4.26
2019/06/10 09:11:00, 24.50, 24.47, 24.27, 37.54, 37.09, 0, 0, 4.26
2019/06/10 09:12:00, 24.50, 24.44, 24.28, 37.54, 37.04, 0, 0, 4.26
2019/06/10 09:13:00, 24.50, 24.49, 24.27, 37.54, 37.03, 0, 0, 4.25
2019/06/10 09:14:00, 24.50, 24.47, 24.28, 37.51, 37.04, 0, 0, 4.25
2019/06/10 09:15:00, 24.50, 24.44, 24.28, 37.51, 37.02, 0, 0, 4.25
2019/06/10 09:16:00, 24.50, 24.49, 24.30, 37.54, 37.03, 0, 0, 4.26
2019/06/10 09:17:00, 24.50, 24.47, 24.28, 37.49, 37.02, 0, 0, 4.26
2019/06/10 09:18:00, 24.50, 24.49, 24.27, 37.54, 37.02, 0, 0, 4.26
2019/06/10 09:19:00, 24.50, 24.47, 24.27, 37.49, 37.02, 0, 0, 4.25
2019/06/10 09:20:00, 24.50, 24.47, 24.26, 37.51, 37.03, 0, 0, 4.25
2019/06/10 09:21:00, 24.50, 24.46, 24.27, 37.52, 37.02, 0, 0, 4.26
2019/06/10 09:22:00, 24.50, 24.47, 24.28, 37.49, 37.01, 0, 0, 4.25
2019/06/10 09:23:00, 24.50, 24.46, 24.25, 37.54, 37.03, 0, 0, 4.25
2019/06/10 09:24:00, 24.50, 24.46, 24.26, 37.51, 37.03, 0, 0, 4.26
2019/06/10 09:25:00, 24.50, 24.42, 24.26, 37.47, 37.02, 0, 0, 4.25
2019/06/10 09:26:00, 24.50, 24.44, 24.25, 37.55, 37.02, 0, 0, 4.25
2019/06/10 09:27:00, 24.50, 24.42, 24.23, 37.52, 37.02, 0, 0, 4.26
2019/06/10 09:28:00, 24.50, 24.42, 24.23, 37.50, 37.03, 0, 0, 4.26
2019/06/10 09:29:00, 24.50, 24.42, 24.23, 37.51, 37.01, 0, 0, 4.25
2019/06/10 09:30:00, 24.50, 24.44, 24.24, 37.44, 37.02, 0, 0, 4.25
2019/06/10 09:31:00, 24.75, 24.43, 24.25, 37.51, 37.02, 0, 0, 4.25
2019/06/10 09:32:00, 24.50, 24.40, 24.25, 37.48, 37.01, 0, 0, 4.26
2019/06/10 09:33:00, 24.50, 24.42, 24.25, 37.50, 37.00, 0, 0, 4.25
2019/06/10 09:34:00, 24.50, 24.43, 24.23, 37.48, 36.98, 0, 0, 4.25
2019/06/10 09:35:00, 24.50, 24.42, 24.23, 37.49, 37.01, 0, 0, 4.26
2019/06/10 09:36:00, 24.50, 24.43, 24.24, 37.51, 37.00, 0, 0, 4.25
2019/06/10 09:37:00, 24.50, 24.43, 24.25, 37.47, 36.98, 0, 0, 4.26
2019/06/10 09:38:00, 24.50, 24.44, 24.24, 37.52, 36.99, 0, 0, 4.25
2019/06/10 09:39:00, 24.50, 24.44, 24.23, 37.44, 36.97, 0, 0, 4.25
2019/06/10 09:40:00, 24.50, 24.44, 24.26, 37.43, 36.97, 0, 0, 4.26
2019/06/10 09:41:00, 24.50, 24.46, 24.25, 37.45, 36.97, 0, 0, 4.25
2019/06/10 09:42:00, 24.75, 24.46, 24.25, 37.50, 36.96, 0, 0, 4.25
2019/06/10 09:43:00, 24.50, 24.47, 24.27, 37.41, 36.96, 0, 0, 4.25
2019/06/10 09:44:00, 24.50, 24.46, 24.27, 37.41, 36.95, 0, 0, 4.25
2019/06/10 09:45:00, 24.50, 24.47, 24.28, 37.45, 36.95, 0, 0, 4.25
2019/06/10 09:46:00, 24.50, 24.50, 24.32, 37.42, 36.96, 0, 0, 4.25
2019/06/10 09:47:00, 24.75, 24.49, 24.31, 37.45, 36.94, 0, 0, 4.25
2019/06/10 09:48:00, 24.75, 24.50, 24.27, 37.42, 36.98, 0, 0, 4.25
2019/06/10 09:49:00, 24.75, 24.49, 24.30, 37.46, 36.97, 0, 0, 4.26
2019/06/10 09:50:00, 24.75, 24.52, 24.32, 37.46, 37.00, 0, 0, 4.25
2019/06/10 09:51:00, 24.75, 24.49, 24.32, 37.48, 37.00, 0, 0, 4.25
2019/06/10 09:52:00, 24.75, 24.50, 24.33, 37.49, 36.99, 0, 0, 4.26
2019/06/10 09:53:00, 24.75, 24.50, 24.33, 37.48, 37.01, 0, 0, 4.25
2019/06/10 09:54:00, 24.75, 24.54, 24.34, 37.51, 37.01, 0, 0, 4.25
2019/06/10 09:55:00, 24.75, 24.54, 24.34, 37.45, 37.01, 0, 0, 4.25
2019/06/10 09:56:00, 24.75, 24.54, 24.33, 37.46, 37.00, 0, 0, 4.25
2019/06/10 09:57:00, 24.75, 24.54, 24.36, 37.46, 36.98, 0, 0, 4.25
2019/06/10 09:58:00, 24.75, 24.56, 24.36, 37.47, 36.96, 0, 0, 4.25
2019/06/10 09:59:00, 24.75, 24.56, 24.35, 37.39, 36.93, 0, 0, 4.26
2019/06/10 10:00:00, 24.75, 24.56, 24.37, 37.41, 36.93, 0, 0, 4.25
2019/06/10 10:01:00, 24.75, 24.54, 24.37, 37.43, 36.93, 0, 0, 4.25
2019/06/10 10:02:00, 24.75, 24.56, 24.36, 37.39, 36.93, 0, 0, 4.25
2019/06/10 10:03:00, 24.75, 24.56, 24.37, 37.43, 36.93, 0, 0, 4.25
2019/06/10 10:04:00, 24.75, 24.56, 24.37, 37.35, 36.89, 0, 0, 4.25
2019/06/10 10:05:00, 24.75, 24.56, 24.37, 37.41, 36.93, 0, 0, 4.25
2019/06/10 10:06:00, 24.75, 24.56, 24.36, 37.46, 36.90, 0, 0, 4.25
2019/06/10 10:07:00, 24.75, 24.56, 24.34, 37.39, 36.91, 0, 0, 4.25
2019/06/10 10:08:00, 24.75, 24.53, 24.37, 37.41, 36.93, 0, 0, 4.25
2019/06/10 10:09:00, 24.75, 24.57, 24.37, 37.39, 36.90, 0, 0, 4.25
2019/06/10 10:10:00, 24.75, 24.53, 24.37, 37.35, 36.87, 0, 0, 4.25
2019/06/10 10:11:00, 24.75, 24.56, 24.36, 37.37, 36.88, 0, 0, 4.26
2019/06/10 10:12:00, 24.75, 24.56, 24.37, 37.39, 36.89, 0, 0, 4.25
2019/06/10 10:13:00, 24.75, 24.56, 24.36, 37.39, 36.88, 0, 0, 4.25
2019/06/10 10:14:00, 24.75, 24.56, 24.36, 37.32, 36.87, 0, 0, 4.25
2019/06/10 10:15:00, 24.75, 24.54, 24.36, 37.32, 36.86, 0, 0, 4.25
2019/06/10 10:16:00, 24.75, 24.56, 24.36, 37.34, 36.81, 0, 0, 4.25
2019/06/10 10:17:00, 24.75, 24.57, 24.35, 37.38, 36.86, 0, 0, 4.25
2019/06/10 10:18:00, 24.75, 24.54, 24.37, 37.31, 36.83, 0, 0, 4.25
2019/06/10 10:19:00, 24.75, 24.57, 24.36, 37.27, 36.80, 0, 0, 4.25
2019/06/10 10:20:00, 24.75, 24.54, 24.37, 37.26, 36.83, 0, 0, 4.25
2019/06/10 10:21:00, 24.75, 24.56, 24.38, 37.28, 36.77, 0, 0, 4.25
2019/06/10 10:22:00, 24.75, 24.56, 24.37, 37.31, 36.77, 0, 0, 4.25
2019/06/10 10:23:00, 24.75, 24.54, 24.36, 37.25, 36.77, 0, 0, 4.25
2019/06/10 10:24:00, 24.75, 24.53, 24.37, 37.34, 36.77, 0, 0, 4.25
2019/06/10 10:25:00, 24.75, 24.54, 24.35, 37.23, 36.77, 0, 0, 4.26
2019/06/10 10:26:00, 24.75, 24.52, 24.37, 37.23, 36.75, 0, 0, 4.25
2019/06/10 10:27:00, 24.75, 24.53, 24.36, 37.27, 36.76, 0, 0, 4.25
2019/06/10 10:28:00, 24.75, 24.53, 24.38, 37.25, 36.76, 0, 0, 4.25
2019/06/10 10:29:00, 24.75, 24.56, 24.35, 37.21, 36.73, 0, 0, 4.25
2019/06/10 10:30:00, 24.75, 24.56, 24.35, 37.28, 36.74, 0, 0, 4.25
2019/06/10 10:31:00, 24.75, 24.54, 24.36, 37.22, 36.72, 0, 0, 4.26
2019/06/10 10:32:00, 24.75, 24.54, 24.35, 37.21, 36.71, 0, 0, 4.25
2019/06/10 10:33:00, 24.75, 24.56, 24.36, 37.18, 36.70, 0, 0, 4.25
2019/06/10 10:34:00, 24.75, 24.56, 24.36, 37.18, 36.67, 0, 0, 4.25
2019/06/10 10:35:00, 24.75, 24.54, 24.35, 37.16, 36.66, 0, 0, 4.25
2019/06/10 10:36:00, 24.75, 24.56, 24.36, 37.15, 36.64, 0, 0, 4.25
2019/06/10 10:37:00, 24.75, 24.54, 24.37, 37.14, 36.64, 0, 0, 4.25
2019/06/10 10:38:00, 24.75, 24.57, 24.36, 37.11, 36.61, 0, 0, 4.25
2019/06/10 10:39:00, 24.75, 24.56, 24.34, 37.12, 36.61, 0, 0, 4.25
2019/06/10 10:40:00, 24.75, 24.54, 24.36, 37.13, 36.61, 0, 0, 4.25
2019/06/10 10:41:00, 24.75, 24.54, 24.37, 37.11, 36.61, 0, 0, 4.25
2019/06/10 10:42:00, 24.75, 24.52, 24.36, 37.01, 36.57, 0, 0, 4.25
2019/06/10 10:43:00, 24.75, 24.53, 24.35, 37.11, 36.60, 0, 0, 4.25
2019/06/10 10:44:00, 24.75, 24.53, 24.37, 37.08, 36.61, 0, 0, 4.25
2019/06/10 10:45:00, 24.75, 24.54, 24.34, 37.07, 36.57, 0, 0, 4.25
2019/06/10 10:46:00, 24.75, 24.56, 24.35, 37.03, 36.60, 0, 0, 4.25
2019/06/10 10:47:00, 24.75, 24.54, 24.36, 37.08, 36.58, 0, 0, 4.25
2019/06/10 10:48:00, 24.75, 24.57, 24.37, 37.07, 36.56, 0, 0, 4.25
2019/06/10 10:49:00, 24.75, 24.53, 24.36, 37.03, 36.51, 0, 0, 4.25
2019/06/10 10:50:00, 24.75, 24.54, 24.36, 37.08, 36.54, 0, 0, 4.25
2019/06/10 10:51:00, 24.75, 24.56, 24.37, 37.03, 36.54, 0, 0, 4.25
2019/06/10 10:52:00, 24.75, 24.53, 24.36, 37.06, 36.57, 0, 0, 4.25
2019/06/10 10:53:00, 24.75, 24.56, 24.37, 37.01, 36.54, 0, 0, 4.25
2019/06/10 10:54:00, 24.75, 24.54, 24.37, 37.03, 36.54, 0, 0, 4.25
2019/06/10 10:55:00, 24.75, 24.57, 24.37, 37.06, 36.56, 0, 0, 4.25
2019/06/10 10:56:00, 24.75, 24.54, 24.37, 37.06, 36.57, 0, 0, 4.25
2019/06/10 10:57:00, 24.75, 24.59, 24.35, 37.08, 36.57, 0, 0, 4.25
2019/06/10 10:58:00, 24.75, 24.57, 24.37, 37.06, 36.58, 0, 0, 4.25
2019/06/10 10:59:00, 24.75, 24.54, 24.38, 37.04, 36.59, 0, 0, 4.25
2019/06/10 11:00:00, 24.75, 24.57, 24.35, 37.10, 36.58, 0, 0, 4.25
2019/06/10 11:01:00, 24.75, 24.56, 24.37, 37.06, 36.57, 0, 0, 4.25
2019/06/10 11:02:00, 24.75, 24.56, 24.37, 37.07, 36.58, 0, 0, 4.25
2019/06/10 11:03:00, 24.75, 24.57, 24.36, 37.11, 36.61, 0, 0, 4.25
2019/06/10 11:04:00, 24.75, 24.56, 24.37, 37.08, 36.61, 0, 0, 4.25
2019/06/10 11:05:00, 24.75, 24.54, 24.36, 37.12, 36.63, 0, 0, 4.25
2019/06/10 11:06:00, 24.75, 24.56, 24.38, 37.16, 36.64, 0, 0, 4.25
2019/06/10 11:07:00, 24.75, 24.56, 24.37, 37.16, 36.64, 0, 0, 4.25
2019/06/10 11:08:00, 24.75, 24.54, 24.37, 37.10, 36.63, 0, 0, 4.25
2019/06/10 11:09:00, 24.75, 24.56, 24.37, 37.10, 36.62, 0, 0, 4.25
2019/06/10 11:10:00, 24.75, 24.54, 24.37, 37.09, 36.61, 0, 0, 4.25
2019/06/10 11:11:00, 24.75, 24.57, 24.39, 37.06, 36.57, 0, 0, 4.25
2019/06/10 11:12:00, 24.75, 24.59, 24.38, 37.04, 36.59, 0, 0, 4.25
2019/06/10 11:13:00, 24.75, 24.59, 24.38, 37.07, 36.60, 0, 0, 4.25
2019/06/10 11:14:00, 24.75, 24.56, 24.38, 37.10, 36.59, 0, 0, 4.25
2019/06/10 11:15:00, 24.75, 24.57, 24.38, 37.11, 36.63, 0, 0, 4.25
2019/06/10 11:16:00, 24.75, 24.60, 24.38, 37.14, 36.63, 0, 0, 4.25
2019/06/10 11:17:00, 24.75, 24.59, 24.37, 37.11, 36.65, 0, 0, 4.25
2019/06/10 11:18:00, 24.75, 24.56, 24.37, 37.15, 36.66, 0, 0, 4.25
2019/06/10 11:19:00, 24.75, 24.59, 24.40, 37.15, 36.66, 0, 0, 4.25
2019/06/10 11:20:00, 24.75, 24.54, 24.39, 37.18, 36.66, 0, 0, 4.25
2019/06/10 11:21:00, 24.75, 24.59, 24.40, 37.15, 36.64, 0, 0, 4.25
2019/06/10 11:22:00, 24.75, 24.59, 24.39, 37.13, 36.64, 0, 0, 4.25
2019/06/10 11:23:00, 24.75, 24.60, 24.39, 37.11, 36.64, 0, 0, 4.25
2019/06/10 11:24:00, 24.75, 24.61, 24.39, 37.13, 36.63, 0, 0, 4.25
2019/06/10 11:25:00, 24.75, 24.57, 24.39, 37.15, 36.62, 0, 0, 4.26
2019/06/10 11:26:00, 24.75, 24.59, 24.39, 37.11, 36.64, 0, 0, 4.25
2019/06/10 11:27:00, 24.75, 24.59, 24.38, 37.12, 36.64, 0, 0, 4.25
2019/06/10 11:28:00, 24.75, 24.59, 24.37, 37.16, 36.65, 0, 0, 4.25
2019/06/10 11:29:00, 24.75, 24.57, 24.39, 37.14, 36.64, 0, 0, 4.25
2019/06/10 11:30:00, 24.75, 24.57, 24.41, 37.11, 36.64, 0, 0, 4.25
2019/06/10 11:31:00, 24.75, 24.60, 24.40, 37.13, 36.65, 0, 0, 4.26
2019/06/10 11:32:00, 24.75, 24.59, 24.40, 37.14, 36.64, 0, 0, 4.25
2019/06/10 11:33:00, 24.75, 24.61, 24.41, 37.17, 36.63, 0, 0, 4.25
2019/06/10 11:34:00, 24.75, 24.60, 24.41, 37.07, 36.63, 0, 0, 4.25
2019/06/10 11:35:00, 24.75, 24.60, 24.41, 37.10, 36.62, 0, 0, 4.25
2019/06/10 11:36:00, 24.75, 24.61, 24.43, 37.13, 36.60, 0, 0, 4.25
2019/06/10 11:37:00, 24.75, 24.61, 24.43, 37.17, 36.61, 0, 0, 4.25
2019/06/10 11:38:00, 24.75, 24.60, 24.43, 37.10, 36.60, 0, 0, 4.25
2019/06/10 11:39:00, 24.75, 24.61, 24.41, 37.07, 36.61, 0, 0, 4.25
2019/06/10 11:40:00, 24.75, 24.60, 24.41, 37.07, 36.60, 0, 0, 4.25
2019/06/10 11:41:00, 24.75, 24.63, 24.42, 37.06, 36.59, 0, 0, 4.25
2019/06/10 11:42:00, 24.75, 24.61, 24.43, 37.11, 36.59, 0, 0, 4.25
2019/06/10 11:43:00, 24.75, 24.63, 24.43, 37.06, 36.59, 0, 0, 4.26
2019/06/10 11:44:00, 24.75, 24.63, 24.43, 37.03, 36.54, 0, 0, 4.25
2019/06/10 11:45:00, 24.75, 24.63, 24.42, 37.06, 36.55, 0, 0, 4.25
2019/06/10 11:46:00, 24.75, 24.63, 24.43, 37.06, 36.55, 0, 0, 4.25
2019/06/10 11:47:00, 24.75, 24.64, 24.43, 37.01, 36.53, 0, 0, 4.25
2019/06/10 11:48:00, 24.75, 24.61, 24.43, 37.03, 36.55, 0, 0, 4.25
2019/06/10 11:49:00, 24.75, 24.60, 24.41, 37.02, 36.54, 0, 0, 4.25
2019/06/10 11:50:00, 24.75, 24.61, 24.41, 37.05, 36.54, 0, 0, 4.25
2019/06/10 11:51:00, 24.75, 24.61, 24.43, 37.05, 36.55, 0, 0, 4.25
2019/06/10 11:52:00, 24.75, 24.63, 24.45, 37.09, 36.57, 0, 0, 4.25
2019/06/10 11:53:00, 24.75, 24.61, 24.43, 37.08, 36.57, 0, 0, 4.25
2019/06/10 11:54:00, 24.75, 24.64, 24.42, 37.02, 36.57, 0, 0, 4.25
2019/06/10 11:55:00, 24.75, 24.64, 24.43, 37.09, 36.54, 0, 0, 4.25
2019/06/10 11:56:00, 24.75, 24.61, 24.43, 36.98, 36.53, 0, 0, 4.25
2019/06/10 11:57:00, 24.75, 24.63, 24.45, 37.01, 36.53, 0, 0, 4.25
2019/06/10 11:58:00, 24.75, 24.66, 24.45, 36.98, 36.50, 0, 0, 4.25
2019/06/10 11:59:00, 24.75, 24.64, 24.47, 37.05, 36.50, 0, 0, 4.25
2019/06/10 12:00:00, 24.75, 24.64, 24.47, 36.99, 36.51, 0, 0, 4.25
2019/06/10 12:01:00, 24.75, 24.64, 24.46, 36.96, 36.48, 0, 0, 4.25
2019/06/10 12:02:00, 24.75, 24.64, 24.46, 36.97, 36.46, 0, 0, 4.25
2019/06/10 12:03:00, 24.75, 24.63, 24.46, 36.93, 36.48, 0, 0, 4.25
2019/06/10 12:04:00, 24.75, 24.64, 24.47, 36.98, 36.48, 0, 0, 4.25
2019/06/10 12:05:00, 24.75, 24.66, 24.46, 36.98, 36.49, 0, 0, 4.25
2019/06/10 12:06:00, 24.75, 24.66, 24.46, 36.98, 36.48, 0, 0, 4.25
2019/06/10 12:07:00, 24.75, 24.67, 24.49, 36.98, 36.47, 0, 0, 4.25
2019/06/10 12:08:00, 24.75, 24.67, 24.48, 36.93, 36.45, 0, 0, 4.25
2019/06/10 12:09:00, 24.75, 24.69, 24.46, 36.97, 36.42, 0, 0, 4.25
2019/06/10 12:10:00, 24.75, 24.69, 24.50, 36.93, 36.42, 0, 0, 4.25
2019/06/10 12:11:00, 24.75, 24.67, 24.52, 36.95, 36.40, 0, 0, 4.25
2019/06/10 12:12:00, 24.75, 24.67, 24.50, 36.91, 36.41, 0, 0, 4.25
2019/06/10 12:13:00, 24.75, 24.67, 24.50, 36.88, 36.40, 0, 0, 4.25
2019/06/10 12:14:00, 24.75, 24.66, 24.49, 36.91, 36.39, 0, 0, 4.25
2019/06/10 12:15:00, 24.75, 24.70, 24.48, 36.88, 36.41, 0, 0, 4.25
2019/06/10 12:16:00, 24.75, 24.67, 24.51, 36.92, 36.41, 0, 0, 4.25
2019/06/10 12:17:00, 24.75, 24.69, 24.49, 36.91, 36.38, 0, 0, 4.25
2019/06/10 12:18:00, 24.75, 24.69, 24.49, 36.88, 36.39, 0, 0, 4.25
2019/06/10 12:19:00, 24.75, 24.69, 24.51, 36.96, 36.41, 0, 0, 4.25
2019/06/10 12:20:00, 24.75, 24.69, 24.51, 36.92, 36.38, 0, 0, 4.25
2019/06/10 12:21:00, 24.75, 24.64, 24.50, 36.97, 36.42, 0, 0, 4.25
2019/06/10 12:22:00, 24.75, 24.69, 24.51, 36.96, 36.42, 0, 0, 4.25
2019/06/10 12:23:00, 24.75, 24.66, 24.50, 36.96, 36.44, 0, 0, 4.25
2019/06/10 12:24:00, 24.75, 24.67, 24.50, 36.94, 36.46, 0, 0, 4.25
2019/06/10 12:25:00, 24.75, 24.67, 24.48, 36.97, 36.44, 0, 0, 4.25
2019/06/10 12:26:00, 24.75, 24.69, 24.50, 36.92, 36.45, 0, 0, 4.25
2019/06/10 12:27:00, 24.75, 24.69, 24.50, 36.96, 36.46, 0, 0, 4.25
2019/06/10 12:28:00, 24.75, 24.66, 24.48, 36.91, 36.45, 0, 0, 4.25
2019/06/10 12:29:00, 24.75, 24.67, 24.48, 36.97, 36.44, 0, 0, 4.25
2019/06/10 12:30:00, 24.75, 24.69, 24.47, 36.96, 36.44, 0, 0, 4.25
2019/06/10 12:31:00, 24.75, 24.69, 24.49, 36.96, 36.47, 0, 0, 4.25
2019/06/10 12:32:00, 24.75, 24.67, 24.49, 36.95, 36.46, 0, 0, 4.25
2019/06/10 12:33:00, 24.75, 24.67, 24.50, 36.97, 36.48, 0, 0, 4.25
2019/06/10 12:34:00, 24.75, 24.69, 24.50, 36.93, 36.45, 0, 0, 4.25
2019/06/10 12:35:00, 24.75, 24.67, 24.49, 36.95, 36.46, 0, 0, 4.25
2019/06/10 12:36:00, 24.75, 24.67, 24.48, 36.97, 36.48, 0, 0, 4.25
2019/06/10 12:37:00, 24.75, 24.69, 24.48, 36.95, 36.50, 0, 0, 4.25
2019/06/10 12:38:00, 24.75, 24.64, 24.47, 36.99, 36.48, 0, 0, 4.25
2019/06/10 12:39:00, 24.75, 24.66, 24.46, 36.99, 36.51, 0, 0, 4.25
2019/06/10 12:40:00, 24.75, 24.64, 24.46, 37.03, 36.51, 0, 0, 4.25
2019/06/10 12:41:00, 24.75, 24.64, 24.47, 36.97, 36.51, 0, 0, 4.25
2019/06/10 12:42:00, 24.75, 24.67, 24.46, 37.04, 36.53, 0, 0, 4.25
2019/06/10 12:43:00, 24.75, 24.64, 24.45, 37.04, 36.53, 0, 0, 4.25
2019/06/10 12:44:00, 24.75, 24.67, 24.48, 37.03, 36.57, 0, 0, 4.25
2019/06/10 12:45:00, 24.75, 24.63, 24.50, 37.07, 36.53, 0, 0, 4.25
2019/06/10 12:46:00, 24.75, 24.67, 24.48, 37.00, 36.54, 0, 0, 4.25
2019/06/10 12:47:00, 24.75, 24.66, 24.47, 37.00, 36.51, 0, 0, 4.25
2019/06/10 12:48:00, 25.00, 24.66, 24.46, 37.03, 36.49, 0, 0, 4.25
2019/06/10 12:49:00, 24.75, 24.67, 24.46, 37.03, 36.50, 0, 0, 4.25
2019/06/10 12:50:00, 24.75, 24.67, 24.47, 36.99, 36.49, 0, 0, 4.25
2019/06/10 12:51:00, 24.75, 24.67, 24.47, 37.00, 36.50, 0, 0, 4.25
2019/06/10 12:52:00, 24.75, 24.64, 24.48, 37.01, 36.51, 0, 0, 4.25
2019/06/10 12:53:00, 24.75, 24.69, 24.49, 37.00, 36.50, 0, 0, 4.25
2019/06/10 12:54:00, 24.75, 24.66, 24.48, 36.98, 36.48, 0, 0, 4.25
2019/06/10 12:55:00, 24.75, 24.69, 24.48, 36.99, 36.48, 0, 0, 4.25
2019/06/10 12:56:00, 24.75, 24.70, 24.49, 36.92, 36.48, 0, 0, 4.25
2019/06/10 12:57:00, 24.75, 24.69, 24.49, 36.96, 36.47, 0, 0, 4.25
2019/06/10 12:58:00, 24.75, 24.67, 24.49, 36.97, 36.44, 0, 0, 4.25
2019/06/10 12:59:00, 25.00, 24.66, 24.49, 36.97, 36.44, 0, 0, 4.25
2019/06/10 13:00:00, 24.75, 24.69, 24.50, 36.97, 36.44, 0, 0, 4.25
2019/06/10 13:01:00, 25.00, 24.69, 24.49, 36.92, 36.44, 0, 0, 4.25
2019/06/10 13:02:00, 25.00, 24.67, 24.48, 36.94, 36.44, 0, 0, 4.25
2019/06/10 13:03:00, 25.00, 24.69, 24.50, 36.95, 36.42, 0, 0, 4.25
2019/06/10 13:04:00, 25.00, 24.73, 24.52, 36.91, 36.39, 0, 0, 4.25
2019/06/10 13:05:00, 24.75, 24.71, 24.52, 36.91, 36.39, 0, 0, 4.25
2019/06/10 13:06:00, 25.00, 24.73, 24.51, 36.87, 36.38, 0, 0, 4.25
2019/06/10 13:07:00, 24.75, 24.73, 24.51, 36.90, 36.38, 0, 0, 4.25
2019/06/10 13:08:00, 25.00, 24.70, 24.52, 36.87, 36.37, 0, 0, 4.25
2019/06/10 13:09:00, 25.00, 24.70, 24.54, 36.90, 36.36, 0, 0, 4.25
2019/06/10 13:10:00, 25.00, 24.71, 24.52, 36.90, 36.38, 0, 0, 4.25
2019/06/10 13:11:00, 25.00, 24.73, 24.53, 36.85, 36.36, 0, 0, 4.25
2019/06/10 13:12:00, 25.00, 24.73, 24.54, 36.83, 36.35, 0, 0, 4.25
2019/06/10 13:13:00, 25.00, 24.71, 24.54, 36.82, 36.33, 0, 0, 4.25
2019/06/10 13:14:00, 25.00, 24.73, 24.54, 36.83, 36.32, 0, 0, 4.25
2019/06/10 13:15:00, 25.00, 24.74, 24.54, 36.76, 36.28, 0, 0, 4.25
2019/06/10 13:16:00, 25.00, 24.75, 24.55, 36.82, 36.29, 0, 0, 4.25
2019/06/10 13:17:00, 25.00, 24.75, 24.55, 36.77, 36.26, 0, 0, 4.25
2019/06/10 13:18:00, 25.00, 24.75, 24.54, 36.77, 36.25, 0, 0, 4.25
2019/06/10 13:19:00, 25.00, 24.75, 24.58, 36.71, 36.22, 0, 0, 4.25
2019/06/10 13:20:00, 25.00, 24.74, 24.56, 36.73, 36.20, 0, 0, 4.25
2019/06/10 13:21:00, 25.00, 24.75, 24.56, 36.69, 36.19, 0, 0, 4.25
2019/06/10 13:22:00, 25.00, 24.77, 24.57, 36.71, 36.18, 0, 0, 4.25
2019/06/10 13:23:00, 25.00, 24.74, 24.57, 36.68, 36.18, 0, 0, 4.25
2019/06/10 13:24:00, 25.00, 24.73, 24.54, 36.65, 36.16, 0, 0, 4.25
2019/06/10 13:25:00, 25.00, 24.75, 24.56, 36.66, 36.13, 0, 0, 4.25
2019/06/10 13:26:00, 25.00, 24.73, 24.55, 36.62, 36.13, 0, 0, 4.25
2019/06/10 13:27:00, 25.00, 24.74, 24.56, 36.60, 36.11, 0, 0, 4.25
2019/06/10 13:28:00, 25.00, 24.71, 24.55, 36.62, 36.12, 0, 0, 4.25
2019/06/10 13:29:00, 25.00, 24.74, 24.55, 36.63, 36.12, 0, 0, 4.25
2019/06/10 13:30:00, 25.00, 24.74, 24.57, 36.61, 36.11, 0, 0, 4.25
2019/06/10 13:31:00, 25.00, 24.75, 24.55, 36.51, 36.07, 0, 0, 4.25
2019/06/10 13:32:00, 25.00, 24.74, 24.56, 36.52, 36.03, 0, 0, 4.25
2019/06/10 13:33:00, 25.00, 24.75, 24.56, 36.53, 36.01, 0, 0, 4.25
2019/06/10 13:34:00, 25.00, 24.77, 24.58, 36.50, 36.03, 0, 0, 4.25
2019/06/10 13:35:00, 25.00, 24.77, 24.60, 36.46, 35.99, 0, 0, 4.25
2019/06/10 13:36:00, 25.00, 24.77, 24.60, 36.50, 35.96, 0, 0, 4.25
2019/06/10 13:37:00, 25.00, 24.78, 24.60, 36.41, 35.91, 0, 0, 4.25
2019/06/10 13:38:00, 25.00, 24.80, 24.58, 36.39, 35.87, 0, 0, 4.25
2019/06/10 13:39:00, 25.00, 24.80, 24.61, 36.33, 35.83, 0, 0, 4.25
2019/06/10 13:40:00, 25.00, 24.80, 24.62, 36.31, 35.81, 0, 0, 4.25
2019/06/10 13:41:00, 25.00, 24.82, 24.62, 36.28, 35.77, 0, 0, 4.25
2019/06/10 13:42:00, 25.00, 24.80, 24.63, 36.20, 35.74, 0, 0, 4.25
2019/06/10 13:43:00, 25.00, 24.81, 24.62, 36.19, 35.70, 0, 0, 4.25
2019/06/10 13:44:00, 25.00, 24.84, 24.63, 36.13, 35.67, 0, 0, 4.25
2019/06/10 13:45:00, 25.00, 24.81, 24.63, 36.09, 35.60, 0, 0, 4.25
2019/06/10 13:46:00, 25.00, 24.81, 24.62, 36.06, 35.54, 0, 0, 4.25
2019/06/10 13:47:00, 25.00, 24.80, 24.61, 35.93, 35.47, 0, 0, 4.25
2019/06/10 13:48:00, 25.00, 24.80, 24.63, 35.83, 35.36, 0, 0, 4.25
2019/06/10 13:49:00, 25.00, 24.80, 24.60, 35.60, 35.16, 0, 0, 4.25
2019/06/10 13:50:00, 25.00, 24.74, 24.60, 35.59, 35.09, 0, 0, 4.25
2019/06/10 13:51:00, 25.00, 24.75, 24.55, 35.62, 35.10, 0, 0, 4.25
2019/06/10 13:52:00, 25.00, 24.73, 24.54, 35.66, 35.12, 0, 0, 4.25
2019/06/10 13:53:00, 25.00, 24.70, 24.52, 35.67, 35.16, 0, 0, 4.25
2019/06/10 13:54:00, 25.00, 24.67, 24.50, 35.68, 35.16, 0, 0, 4.25
2019/06/10 13:55:00, 25.00, 24.66, 24.48, 35.73, 35.20, 0, 0, 4.25
2019/06/10 13:56:00, 25.00, 24.64, 24.46, 35.73, 35.22, 0, 0, 4.25
2019/06/10 13:57:00, 25.00, 24.63, 24.45, 35.83, 35.27, 0, 0, 4.25
2019/06/10 13:58:00, 25.00, 24.60, 24.41, 35.82, 35.28, 0, 0, 4.25
2019/06/10 13:59:00, 25.00, 24.59, 24.42, 35.75, 35.24, 0, 0, 4.25
2019/06/10 14:00:00, 25.00, 24.60, 24.40, 35.82, 35.26, 0, 0, 4.25
2019/06/10 14:01:00, 25.00, 24.56, 24.38, 35.84, 35.29, 0, 0, 4.25
2019/06/10 14:02:00, 25.00, 24.57, 24.36, 35.79, 35.29, 0, 0, 4.25
2019/06/10 14:03:00, 25.00, 24.57, 24.37, 35.83, 35.30, 0, 0, 4.25
2019/06/10 14:04:00, 25.00, 24.54, 24.36, 35.77, 35.25, 0, 0, 4.25
2019/06/10 14:05:00, 25.00, 24.52, 24.34, 35.77, 35.25, 0, 0, 4.25
2019/06/10 14:06:00, 25.00, 24.53, 24.35, 35.77, 35.20, 0, 0, 4.25
2019/06/10 14:07:00, 25.00, 24.50, 24.32, 35.73, 35.20, 0, 0, 4.25
2019/06/10 14:08:00, 25.00, 24.52, 24.33, 35.73, 35.18, 0, 0, 4.25
2019/06/10 14:09:00, 25.00, 24.52, 24.30, 35.70, 35.16, 0, 0, 4.25
2019/06/10 14:10:00, 25.00, 24.50, 24.28, 35.73, 35.16, 0, 0, 4.25
2019/06/10 14:11:00, 24.75, 24.49, 24.33, 35.68, 35.15, 0, 0, 4.25
2019/06/10 14:12:00, 24.75, 24.47, 24.30, 35.68, 35.13, 0, 0, 4.25
2019/06/10 14:13:00, 24.75, 24.49, 24.32, 35.63, 35.14, 0, 0, 4.25
2019/06/10 14:14:00, 24.75, 24.50, 24.33, 35.70, 35.17, 0, 0, 4.25
2019/06/10 14:15:00, 24.75, 24.53, 24.36, 35.68, 35.13, 0, 0, 4.25
2019/06/10 14:16:00, 24.75, 24.54, 24.38, 35.65, 35.12, 0, 0, 4.25
2019/06/10 14:17:00, 24.75, 24.59, 24.38, 35.61, 35.06, 0, 0, 4.25
2019/06/10 14:18:00, 24.75, 24.57, 24.40, 35.54, 35.01, 0, 0, 4.25
2019/06/10 14:19:00, 24.75, 24.61, 24.45, 35.50, 34.98, 0, 0, 4.25
2019/06/10 14:20:00, 24.75, 24.61, 24.45, 35.37, 34.89, 0, 0, 4.25
2019/06/10 14:21:00, 24.75, 24.66, 24.46, 35.35, 34.81, 0, 0, 4.25
2019/06/10 14:22:00, 24.75, 24.64, 24.49, 35.31, 34.77, 0, 0, 4.25
2019/06/10 14:23:00, 24.75, 24.69, 24.50, 35.32, 34.74, 0, 0, 4.25
2019/06/10 14:24:00, 25.00, 24.69, 24.50, 35.23, 34.72, 0, 0, 4.25
2019/06/10 14:25:00, 25.00, 24.70, 24.52, 35.24, 34.67, 0, 0, 4.25
2019/06/10 14:26:00, 25.00, 24.73, 24.52, 35.11, 34.61, 0, 0, 4.25
2019/06/10 14:27:00, 25.00, 24.74, 24.55, 35.12, 34.56, 0, 0, 4.25
2019/06/10 14:28:00, 25.00, 24.74, 24.55, 35.07, 34.53, 0, 0, 4.25
2019/06/10 14:29:00, 25.00, 24.74, 24.56, 34.92, 34.44, 0, 0, 4.25
2019/06/10 14:30:00, 25.00, 24.77, 24.57, 34.94, 34.44, 0, 0, 4.25
2019/06/10 14:31:00, 25.00, 24.74, 24.58, 34.85, 34.37, 0, 0, 4.25
2019/06/10 14:32:00, 25.00, 24.77, 24.55, 34.82, 34.33, 0, 0, 4.25
2019/06/10 14:33:00, 25.00, 24.75, 24.57, 34.77, 34.28, 0, 0, 4.25
2019/06/10 14:34:00, 25.00, 24.80, 24.61, 34.81, 34.30, 0, 0, 4.25
2019/06/10 14:35:00, 25.00, 24.80, 24.60, 34.69, 34.24, 0, 0, 4.25
2019/06/10 14:36:00, 25.00, 24.78, 24.62, 34.73, 34.20, 0, 0, 4.25
2019/06/10 14:37:00, 25.00, 24.78, 24.62, 34.66, 34.15, 0, 0, 4.25
2019/06/10 14:38:00, 25.00, 24.78, 24.62, 34.57, 34.06, 0, 0, 4.25
2019/06/10 14:39:00, 25.00, 24.80, 24.63, 34.57, 34.06, 0, 0, 4.25
2019/06/10 14:40:00, 25.00, 24.80, 24.60, 34.58, 34.03, 0, 0, 4.25
2019/06/10 14:41:00, 25.00, 24.80, 24.62, 34.55, 34.03, 0, 0, 4.25
2019/06/10 14:42:00, 25.00, 24.80, 24.60, 34.59, 34.01, 0, 0, 4.25
2019/06/10 14:43:00, 25.00, 24.78, 24.62, 34.53, 34.00, 0, 0, 4.25
2019/06/10 14:44:00, 25.00, 24.77, 24.61, 34.52, 33.97, 0, 0, 4.25
2019/06/10 14:45:00, 25.00, 24.78, 24.61, 34.48, 33.98, 0, 0, 4.25
2019/06/10 14:46:00, 25.00, 24.77, 24.60, 34.35, 33.87, 0, 0, 4.25
2019/06/10 14:47:00, 25.00, 24.78, 24.56, 34.29, 33.79, 0, 0, 4.26
2019/06/10 14:48:00, 25.00, 24.75, 24.56, 34.30, 33.77, 0, 0, 4.25
2019/06/10 14:49:00, 25.00, 24.74, 24.56, 34.18, 33.70, 0, 0, 4.25
2019/06/10 14:50:00, 25.00, 24.74, 24.55, 34.27, 33.72, 0, 0, 4.25
2019/06/10 14:51:00, 25.00, 24.73, 24.57, 34.31, 33.75, 0, 0, 4.25
2019/06/10 14:52:00, 25.00, 24.73, 24.55, 34.29, 33.76, 0, 0, 4.25
2019/06/10 14:53:00, 25.00, 24.74, 24.57, 34.23, 33.74, 0, 0, 4.25
2019/06/10 14:54:00, 25.00, 24.77, 24.58, 34.26, 33.71, 0, 0, 4.25
2019/06/10 14:55:00, 25.00, 24.75, 24.57, 34.14, 33.62, 0, 0, 4.25
2019/06/10 14:56:00, 25.00, 24.73, 24.56, 34.12, 33.62, 0, 0, 4.25
2019/06/10 14:57:00, 25.00, 24.74, 24.58, 34.18, 33.66, 0, 0, 4.25
2019/06/10 14:58:00, 25.00, 24.74, 24.58, 34.17, 33.61, 0, 0, 4.25
2019/06/10 14:59:00, 25.00, 24.74, 24.58, 34.16, 33.65, 0, 0, 4.25
2019/06/10 15:00:00, 25.00, 24.75, 24.57, 34.12, 33.56, 0, 0, 4.25
2019/06/10 15:01:00, 25.00, 24.75, 24.56, 34.10, 33.52, 0, 0, 4.25
2019/06/10 15:02:00, 25.00, 24.73, 24.56, 34.07, 33.48, 0, 0, 4.25
2019/06/10 15:03:00, 25.00, 24.77, 24.56, 34.01, 33.49, 0, 0, 4.25
2019/06/10 15:04:00, 25.00, 24.74, 24.58, 34.02, 33.45, 0, 0, 4.25
2019/06/10 15:05:00, 25.00, 24.77, 24.60, 34.02, 33.45, 0, 0, 4.25
2019/06/10 15:06:00, 25.00, 24.78, 24.60, 33.82, 33.37, 0, 0, 4.25
2019/06/10 15:07:00, 25.00, 24.74, 24.56, 33.75, 33.25, 0, 0, 4.25
2019/06/10 15:08:00, 25.00, 24.74, 24.54, 33.71, 33.19, 0, 0, 4.25
2019/06/10 15:09:00, 25.00, 24.75, 24.53, 33.77, 33.26, 0, 0, 4.25
2019/06/10 15:10:00, 25.00, 24.73, 24.53, 33.67, 33.19, 0, 0, 4.25
2019/06/10 15:11:00, 25.00, 24.70, 24.52, 33.62, 33.11, 0, 0, 4.25
2019/06/10 15:12:00, 25.00, 24.70, 24.52, 33.75, 33.19, 0, 0, 4.25
2019/06/10 15:13:00, 25.00, 24.73, 24.53, 33.69, 33.17, 0, 0, 4.25
2019/06/10 15:14:00, 25.00, 24.71, 24.53, 33.62, 33.14, 0, 0, 4.25
2019/06/10 15:15:00, 25.00, 24.71, 24.54, 33.65, 33.13, 0, 0, 4.25
2019/06/10 15:16:00, 25.00, 24.69, 24.55, 33.71, 33.12, 0, 0, 4.25
2019/06/10 15:17:00, 25.00, 24.71, 24.55, 33.62, 33.10, 0, 0, 4.25
2019/06/10 15:18:00, 25.00, 24.71, 24.54, 33.53, 33.08, 0, 0, 4.25
2019/06/10 15:19:00, 25.00, 24.74, 24.55, 33.52, 33.00, 0, 0, 4.25
2019/06/10 15:20:00, 25.00, 24.73, 24.52, 33.49, 32.97, 0, 0, 4.25
2019/06/10 15:21:00, 25.00, 24.74, 24.53, 33.47, 32.99, 0, 0, 4.25
2019/06/10 15:22:00, 25.00, 24.74, 24.54, 33.42, 32.94, 0, 0, 4.25
2019/06/10 15:23:00, 25.00, 24.74, 24.56, 33.39, 32.88, 0, 0, 4.25
2019/06/10 15:24:00, 25.00, 24.74, 24.56, 33.26, 32.85, 0, 0, 4.25
2019/06/10 15:25:00, 25.00, 24.71, 24.52, 33.22, 32.79, 0, 0, 4.25
2019/06/10 15:26:00, 25.00, 24.73, 24.52, 33.24, 32.77, 0, 0, 4.25
2019/06/10 15:27:00, 25.00, 24.71, 24.53, 33.30, 32.80, 0, 0, 4.25
2019/06/10 15:28:00, 25.00, 24.71, 24.53, 33.24, 32.75, 0, 0, 4.25
2019/06/10 15:29:00, 25.00, 24.71, 24.54, 33.30, 32.77, 0, 0, 4.25
2019/06/10 15:30:00, 25.00, 24.73, 24.53, 33.25, 32.71, 0, 0, 4.25
2019/06/10 15:31:00, 25.00, 24.71, 24.54, 33.22, 32.72, 0, 0, 4.25
2019/06/10 15:32:00, 25.00, 24.70, 24.55, 33.18, 32.72, 0, 0, 4.25
2019/06/10 15:33:00, 25.00, 24.73, 24.55, 33.19, 32.70, 0, 0, 4.25
2019/06/10 15:34:00, 25.00, 24.70, 24.52, 33.15, 32.67, 0, 0, 4.25
2019/06/10 15:35:00, 25.00, 24.71, 24.52, 33.19, 32.68, 0, 0, 4.25
2019/06/10 15:36:00, 25.00, 24.70, 24.52, 33.15, 32.68, 0, 0, 4.25
2019/06/10 15:37:00, 25.00, 24.71, 24.53, 33.21, 32.70, 0, 0, 4.25
2019/06/10 15:38:00, 25.00, 24.73, 24.52, 33.15, 32.68, 0, 0, 4.25
2019/06/10 15:39:00, 25.00, 24.75, 24.53, 33.12, 32.67, 0, 0, 4.25
2019/06/10 15:40:00, 25.00, 24.73, 24.54, 32.95, 32.56, 0, 0, 4.25
2019/06/10 15:41:00, 25.00, 24.73, 24.55, 33.07, 32.57, 0, 0, 4.25
2019/06/10 15:42:00, 25.00, 24.74, 24.55, 32.99, 32.52, 0, 0, 4.25
2019/06/10 15:43:00, 25.00, 24.71, 24.55, 32.93, 32.49, 0, 0, 4.25
2019/06/10 15:44:00, 25.00, 24.74, 24.55, 32.98, 32.46, 0, 0, 4.25
2019/06/10 15:45:00, 25.00, 24.74, 24.58, 32.83, 32.41, 0, 0, 4.25
2019/06/10 15:46:00, 25.00, 24.74, 24.55, 32.86, 32.35, 0, 0, 4.25
2019/06/10 15:47:00, 25.00, 24.75, 24.56, 32.92, 32.41, 0, 0, 4.25
2019/06/10 15:48:00, 25.00, 24.77, 24.57, 32.77, 32.35, 0, 0, 4.25
2019/06/10 15:49:00, 25.00, 24.73, 24.58, 32.76, 32.32, 0, 0, 4.25
2019/06/10 15:50:00, 25.00, 24.75, 24.54, 32.76, 32.31, 0, 0, 4.25
2019/06/10 15:51:00, 25.00, 24.74, 24.55, 32.80, 32.27, 0, 0, 4.25
2019/06/10 15:52:00, 25.00, 24.74, 24.58, 32.74, 32.26, 0, 0, 4.25
2019/06/10 15:53:00, 25.00, 24.75, 24.56, 32.80, 32.31, 0, 0, 4.25
2019/06/10 15:54:00, 25.00, 24.75, 24.55, 32.64, 32.20, 0, 0, 4.25
2019/06/10 15:55:00, 25.00, 24.74, 24.55, 32.70, 32.21, 0, 0, 4.25
2019/06/10 15:56:00, 25.00, 24.75, 24.56, 32.67, 32.22, 0, 0, 4.25
2019/06/10 15:57:00, 25.00, 24.77, 24.56, 32.69, 32.24, 0, 0, 4.25
2019/06/10 15:58:00, 25.00, 24.77, 24.55, 32.71, 32.23, 0, 0, 4.25
2019/06/10 15:59:00, 25.00, 24.74, 24.55, 32.73, 32.23, 0, 0, 4.25
2019/06/10 16:00:00, 25.00, 24.78, 24.57, 32.85, 32.28, 0, 0, 4.25
2019/06/10 16:01:00, 25.00, 24.77, 24.58, 32.79, 32.31, 0, 0, 4.25
2019/06/10 16:02:00, 25.00, 24.75, 24.57, 32.79, 32.29, 0, 0, 4.25
2019/06/10 16:03:00, 25.00, 24.75, 24.58, 32.79, 32.33, 0, 0, 4.25
2019/06/10 16:04:00, 25.00, 24.77, 24.60, 32.89, 32.36, 0, 0, 4.25
2019/06/10 16:05:00, 25.00, 24.77, 24.60, 32.89, 32.39, 0, 0, 4.25
2019/06/10 16:06:00, 25.00, 24.77, 24.60, 32.89, 32.41, 0, 0, 4.25
2019/06/10 16:07:00, 25.00, 24.77, 24.58, 32.91, 32.41, 0, 0, 4.25
2019/06/10 16:08:00, 25.00, 24.78, 24.61, 32.98, 32.46, 0, 0, 4.25
2019/06/10 16:09:00, 25.00, 24.78, 24.58, 32.84, 32.41, 0, 0, 4.25
2019/06/10 16:10:00, 25.00, 24.77, 24.58, 32.89, 32.38, 0, 0, 4.25
2019/06/10 16:11:00, 25.00, 24.80, 24.60, 32.89, 32.43, 0, 0, 4.25
2019/06/10 16:12:00, 25.00, 24.80, 24.60, 33.02, 32.49, 0, 0, 4.25
2019/06/10 16:13:00, 25.00, 24.80, 24.62, 32.97, 32.49, 0, 0, 4.25
2019/06/10 16:14:00, 25.00, 24.82, 24.63, 32.97, 32.49, 0, 0, 4.25
2019/06/10 16:15:00, 25.00, 24.81, 24.63, 32.85, 32.39, 0, 0, 4.25
2019/06/10 16:16:00, 25.00, 24.81, 24.62, 32.95, 32.40, 0, 0, 4.25
2019/06/10 16:17:00, 25.00, 24.82, 24.65, 32.84, 32.39, 0, 0, 4.25
2019/06/10 16:18:00, 25.00, 24.80, 24.63, 32.93, 32.39, 0, 0, 4.25
2019/06/10 16:19:00, 25.00, 24.82, 24.63, 32.94, 32.43, 0, 0, 4.25
2019/06/10 16:20:00, 25.00, 24.81, 24.64, 32.84, 32.42, 0, 0, 4.25
2019/06/10 16:21:00, 25.00, 24.78, 24.61, 32.85, 32.33, 0, 0, 4.25
2019/06/10 16:22:00, 25.00, 24.80, 24.60, 32.97, 32.42, 0, 0, 4.25
2019/06/10 16:23:00, 25.00, 24.78, 24.62, 32.95, 32.46, 0, 0, 4.25
2019/06/10 16:24:00, 25.00, 24.80, 24.62, 33.04, 32.52, 0, 0, 4.25
2019/06/10 16:25:00, 25.00, 24.80, 24.66, 32.97, 32.46, 0, 0, 4.25
2019/06/10 16:26:00, 25.00, 24.82, 24.66, 33.01, 32.48, 0, 0, 4.25
2019/06/10 16:27:00, 25.00, 24.81, 24.65, 32.99, 32.47, 0, 0, 4.25
2019/06/10 16:28:00, 25.00, 24.82, 24.68, 33.02, 32.51, 0, 0, 4.25
2019/06/10 16:29:00, 25.00, 24.84, 24.69, 32.99, 32.49, 0, 0, 4.25
2019/06/10 16:30:00, 25.00, 24.85, 24.68, 32.95, 32.45, 0, 0, 4.25
2019/06/10 16:31:00, 25.00, 24.85, 24.66, 32.90, 32.39, 0, 0, 4.25
2019/06/10 16:32:00, 25.00, 24.84, 24.67, 32.95, 32.44, 0, 0, 4.25
2019/06/10 16:33:00, 25.00, 24.84, 24.67, 32.93, 32.45, 0, 0, 4.25
2019/06/10 16:34:00, 25.00, 24.85, 24.68, 32.99, 32.45, 0, 0, 4.25
2019/06/10 16:35:00, 25.00, 24.88, 24.68, 33.02, 32.49, 0, 0, 4.25
2019/06/10 16:36:00, 25.00, 24.87, 24.68, 32.87, 32.44, 0, 0, 4.25
2019/06/10 16:37:00, 25.00, 24.87, 24.68, 32.96, 32.44, 0, 0, 4.25
2019/06/10 16:38:00, 25.00, 24.88, 24.71, 32.99, 32.45, 0, 0, 4.25
2019/06/10 16:39:00, 25.00, 24.88, 24.70, 32.95, 32.47, 0, 0, 4.25
2019/06/10 16:40:00, 25.00, 24.87, 24.70, 32.93, 32.44, 0, 0, 4.25
2019/06/10 16:41:00, 25.00, 24.88, 24.70, 33.01, 32.50, 0, 0, 4.25
2019/06/10 16:42:00, 25.00, 24.88, 24.71, 32.96, 32.48, 0, 0, 4.25
2019/06/10 16:43:00, 25.00, 24.88, 24.71, 33.01, 32.50, 0, 0, 4.25
2019/06/10 16:44:00, 25.00, 24.88, 24.70, 32.96, 32.47, 0, 0, 4.25
2019/06/10 16:45:00, 25.00, 24.91, 24.71, 32.96, 32.50, 0, 0, 4.25
2019/06/10 16:46:00, 25.00, 24.89, 24.70, 33.06, 32.52, 0, 0, 4.25
2019/06/10 16:47:00, 25.00, 24.91, 24.72, 33.05, 32.55, 0, 0, 4.25
2019/06/10 16:48:00, 25.00, 24.91, 24.72, 33.04, 32.52, 0, 0, 4.25
2019/06/10 16:49:00, 25.00, 24.89, 24.70, 33.06, 32.54, 0, 0, 4.25
2019/06/10 16:50:00, 25.00, 24.93, 24.72, 33.10, 32.61, 0, 0, 4.25
2019/06/10 16:51:00, 25.00, 24.89, 24.72, 33.00, 32.51, 0, 0, 4.25
2019/06/10 16:52:00, 25.00, 24.89, 24.69, 33.06, 32.55, 0, 0, 4.25
2019/06/10 16:53:00, 25.00, 24.87, 24.68, 33.11, 32.58, 0, 0, 4.25
2019/06/10 16:54:00, 25.00, 24.88, 24.70, 33.13, 32.60, 0, 0, 4.25
2019/06/10 16:55:00, 25.00, 24.88, 24.70, 33.11, 32.60, 0, 0, 4.25
2019/06/10 16:56:00, 25.00, 24.89, 24.70, 33.15, 32.61, 0, 0, 4.25
2019/06/10 16:57:00, 25.00, 24.89, 24.70, 33.08, 32.60, 0, 0, 4.25
2019/06/10 16:58:00, 25.00, 24.91, 24.71, 33.14, 32.61, 0, 0, 4.25
2019/06/10 16:59:00, 25.00, 24.89, 24.70, 33.16, 32.65, 0, 0, 4.25
2019/06/10 17:00:00, 25.00, 24.91, 24.72, 33.11, 32.63, 0, 0, 4.25
2019/06/10 17:01:00, 25.00, 24.91, 24.74, 33.12, 32.61, 0, 0, 4.25
2019/06/10 17:02:00, 25.00, 24.93, 24.75, 33.11, 32.58, 0, 0, 4.25
2019/06/10 17:03:00, 25.00, 24.91, 24.72, 33.13, 32.59, 0, 0, 4.25
2019/06/10 17:04:00, 25.00, 24.93, 24.75, 33.02, 32.56, 0, 0, 4.25
2019/06/10 17:05:00, 25.00, 24.93, 24.74, 33.11, 32.58, 0, 0, 4.25
2019/06/10 17:06:00, 25.00, 24.94, 24.72, 33.10, 32.58, 0, 0, 4.25
2019/06/10 17:07:00, 25.00, 24.94, 24.75, 33.14, 32.58, 0, 0, 4.25
2019/06/10 17:08:00, 25.00, 24.95, 24.74, 33.11, 32.57, 0, 0, 4.25
2019/06/10 17:09:00, 25.00, 24.94, 24.77, 33.10, 32.58, 0, 0, 4.25
2019/06/10 17:10:00, 25.00, 24.94, 24.75, 33.13, 32.59, 0, 0, 4.25
2019/06/10 17:11:00, 25.00, 24.93, 24.75, 33.13, 32.59, 0, 0, 4.25
2019/06/10 17:12:00, 25.00, 24.94, 24.76, 33.16, 32.58, 0, 0, 4.25
2019/06/10 17:13:00, 25.00, 24.95, 24.77, 33.17, 32.60, 0, 0, 4.25
2019/06/10 17:14:00, 25.25, 24.97, 24.76, 33.17, 32.59, 0, 0, 4.25
2019/06/10 17:15:00, 25.25, 24.94, 24.77, 33.11, 32.65, 0, 0, 4.25
2019/06/10 17:16:00, 25.00, 24.94, 24.77, 33.28, 32.72, 0, 0, 4.25
2019/06/10 17:17:00, 25.25, 24.94, 24.78, 33.19, 32.68, 0, 0, 4.25
2019/06/10 17:18:00, 25.25, 24.95, 24.77, 33.23, 32.69, 0, 0, 4.25
2019/06/10 17:19:00, 25.25, 24.94, 24.77, 33.25, 32.73, 0, 0, 4.25
2019/06/10 17:20:00, 25.25, 24.95, 24.78, 33.25, 32.72, 0, 0, 4.25
2019/06/10 17:21:00, 25.25, 24.97, 24.79, 33.31, 32.77, 0, 0, 4.25
2019/06/10 17:22:00, 25.25, 24.98, 24.78, 33.23, 32.75, 0, 0, 4.25
2019/06/10 17:23:00, 25.25, 24.98, 24.78, 33.25, 32.74, 0, 0, 4.25
2019/06/10 17:24:00, 25.25, 24.95, 24.77, 33.16, 32.67, 0, 0, 4.25
2019/06/10 17:25:00, 25.25, 24.97, 24.78, 33.20, 32.68, 0, 0, 4.25
2019/06/10 17:26:00, 25.25, 25.00, 24.77, 33.17, 32.68, 0, 0, 4.25
2019/06/10 17:27:00, 25.25, 24.97, 24.79, 33.28, 32.70, 0, 0, 4.25
2019/06/10 17:28:00, 25.25, 24.98, 24.79, 33.22, 32.68, 0, 0, 4.25
2019/06/10 17:29:00, 25.25, 24.98, 24.80, 33.25, 32.73, 0, 0, 4.25
2019/06/10 17:30:00, 25.25, 24.97, 24.78, 33.20, 32.71, 0, 0, 4.25
2019/06/10 17:31:00, 25.25, 24.97, 24.78, 33.22, 32.71, 0, 0, 4.25
2019/06/10 17:32:00, 25.25, 24.97, 24.79, 33.23, 32.71, 0, 0, 4.25
2019/06/10 17:33:00, 25.25, 24.97, 24.79, 33.19, 32.72, 0, 0, 4.25
2019/06/10 17:34:00, 25.25, 24.98, 24.79, 33.21, 32.69, 0, 0, 4.25
2019/06/10 17:35:00, 25.25, 24.97, 24.79, 33.16, 32.67, 0, 0, 4.25
2019/06/10 17:36:00, 25.25, 24.98, 24.79, 33.15, 32.63, 0, 0, 4.25
2019/06/10 17:37:00, 25.25, 24.97, 24.78, 33.10, 32.60, 0, 0, 4.25
2019/06/10 17:38:00, 25.25, 24.97, 24.79, 33.10, 32.61, 0, 0, 4.25
2019/06/10 17:39:00, 25.25, 24.94, 24.78, 33.12, 32.61, 0, 0, 4.25
2019/06/10 17:40:00, 25.25, 24.95, 24.80, 33.13, 32.58, 0, 0, 4.25
2019/06/10 17:41:00, 25.25, 24.94, 24.78, 33.14, 32.63, 0, 0, 4.25
2019/06/10 17:42:00, 25.25, 24.97, 24.77, 33.13, 32.64, 0, 0, 4.25
2019/06/10 17:43:00, 25.25, 24.98, 24.78, 33.17, 32.63, 0, 0, 4.25
2019/06/10 17:44:00, 25.25, 24.98, 24.79, 33.13, 32.62, 0, 0, 4.25
2019/06/10 17:45:00, 25.25, 24.98, 24.79, 33.15, 32.67, 0, 0, 4.25
2019/06/10 17:46:00, 25.25, 24.98, 24.82, 33.22, 32.65, 0, 0, 4.25
2019/06/10 17:47:00, 25.25, 25.01, 24.83, 33.15, 32.61, 0, 0, 4.25
2019/06/10 17:48:00, 25.25, 25.01, 24.80, 33.13, 32.58, 0, 0, 4.25
2019/06/10 17:49:00, 25.25, 24.98, 24.79, 33.09, 32.57, 0, 0, 4.25
2019/06/10 17:50:00, 25.25, 24.95, 24.79, 33.10, 32.54, 0, 0, 4.25
2019/06/10 17:51:00, 25.25, 24.95, 24.80, 33.10, 32.56, 0, 0, 4.25
2019/06/10 17:52:00, 25.25, 24.98, 24.79, 33.12, 32.59, 0, 0, 4.25
2019/06/10 17:53:00, 25.25, 24.97, 24.77, 33.17, 32.61, 0, 0, 4.25
2019/06/10 17:54:00, 25.25, 24.98, 24.78, 33.08, 32.59, 0, 0, 4.25
2019/06/10 17:55:00, 25.25, 25.00, 24.78, 33.19, 32.63, 0, 0, 4.25
2019/06/10 17:56:00, 25.25, 24.95, 24.76, 33.04, 32.58, 0, 0, 4.25
2019/06/10 17:57:00, 25.25, 24.95, 24.77, 33.22, 32.65, 0, 0, 4.25
2019/06/10 17:58:00, 25.25, 24.94, 24.76, 33.14, 32.61, 0, 0, 4.25
2019/06/10 17:59:00, 25.25, 24.95, 24.77, 33.11, 32.61, 0, 0, 4.25
2019/06/10 18:00:00, 25.25, 24.94, 24.78, 33.12, 32.61, 0, 0, 4.25
2019/06/10 18:01:00, 25.25, 24.97, 24.77, 33.13, 32.60, 0, 0, 4.25
2019/06/10 18:02:00, 25.25, 24.95, 24.77, 33.10, 32.59, 0, 0, 4.25
2019/06/10 18:03:00, 25.25, 24.98, 24.76, 33.01, 32.53, 0, 0, 4.25
2019/06/10 18:04:00, 25.25, 24.95, 24.77, 33.04, 32.55, 0, 0, 4.25
2019/06/10 18:05:00, 25.25, 24.97, 24.77, 33.01, 32.53, 0, 0, 4.25
2019/06/10 18:06:00, 25.25, 24.98, 24.74, 32.96, 32.50, 0, 0, 4.25
2019/06/10 18:07:00, 25.25, 24.95, 24.76, 32.95, 32.48, 0, 0, 4.25
2019/06/10 18:08:00, 25.25, 24.94, 24.76, 33.02, 32.50, 0, 0, 4.25
2019/06/10 18:09:00, 25.25, 24.91, 24.76, 32.94, 32.49, 0, 0, 4.25
2019/06/10 18:10:00, 25.25, 24.95, 24.77, 32.95, 32.47, 0, 0, 4.25
2019/06/10 18:11:00, 25.25, 24.98, 24.75, 32.96, 32.45, 0, 0, 4.25
2019/06/10 18:12:00, 25.25, 24.95, 24.75, 32.95, 32.46, 0, 0, 4.25
2019/06/10 18:13:00, 25.25, 24.94, 24.77, 32.96, 32.45, 0, 0, 4.25
2019/06/10 18:14:00, 25.25, 24.91, 24.75, 33.00, 32.45, 0, 0, 4.25
2019/06/10 18:15:00, 25.25, 24.94, 24.75, 32.95, 32.45, 0, 0, 4.25
2019/06/10 18:16:00, 25.25, 24.95, 24.76, 32.95, 32.47, 0, 0, 4.25
2019/06/10 18:17:00, 25.25, 24.94, 24.75, 32.94, 32.42, 0, 0, 4.25
2019/06/10 18:18:00, 25.25, 24.95, 24.76, 32.94, 32.45, 0, 0, 4.25
2019/06/10 18:19:00, 25.25, 24.94, 24.78, 32.92, 32.40, 0, 0, 4.25
2019/06/10 18:20:00, 25.25, 24.97, 24.76, 32.94, 32.42, 0, 0, 4.25
2019/06/10 18:21:00, 25.25, 24.95, 24.77, 32.92, 32.42, 0, 0, 4.25
2019/06/10 18:22:00, 25.25, 24.97, 24.75, 32.91, 32.42, 0, 0, 4.25
2019/06/10 18:23:00, 25.25, 24.95, 24.77, 32.94, 32.43, 0, 0, 4.25
2019/06/10 18:24:00, 25.25, 24.97, 24.79, 32.93, 32.40, 0, 0, 4.25
2019/06/10 18:25:00, 25.25, 24.97, 24.77, 32.90, 32.40, 0, 0, 4.25
2019/06/10 18:26:00, 25.25, 24.97, 24.76, 32.92, 32.42, 0, 0, 4.25
2019/06/10 18:27:00, 25.25, 24.98, 24.79, 32.84, 32.40, 0, 0, 4.25
2019/06/10 18:28:00, 25.25, 24.97, 24.77, 32.88, 32.36, 0, 0, 4.25
2019/06/10 18:29:00, 25.25, 24.95, 24.77, 32.92, 32.37, 0, 0, 4.25
2019/06/10 18:30:00, 25.25, 24.95, 24.77, 32.92, 32.37, 0, 0, 4.25
2019/06/10 18:31:00, 25.25, 24.93, 24.74, 32.86, 32.36, 0, 0, 4.25
2019/06/10 18:32:00, 25.25, 24.89, 24.71, 32.92, 32.38, 0, 0, 4.25
2019/06/10 18:33:00, 25.25, 24.91, 24.68, 32.92, 32.39, 0, 0, 4.25
2019/06/10 18:34:00, 25.25, 24.85, 24.68, 32.95, 32.41, 0, 0, 4.25
2019/06/10 18:35:00, 25.25, 24.87, 24.66, 32.95, 32.43, 0, 0, 4.25
2019/06/10 18:36:00, 25.25, 24.84, 24.67, 32.95, 32.44, 0, 0, 4.25
2019/06/10 18:37:00, 25.25, 24.85, 24.64, 32.96, 32.46, 0, 0, 4.25
2019/06/10 18:38:00, 25.25, 24.84, 24.64, 33.05, 32.49, 0, 0, 4.25
2019/06/10 18:39:00, 25.25, 24.80, 24.64, 32.97, 32.47, 0, 0, 4.25
2019/06/10 18:40:00, 25.25, 24.81, 24.62, 33.00, 32.50, 0, 0, 4.25
2019/06/10 18:41:00, 25.25, 24.81, 24.62, 32.92, 32.45, 0, 0, 4.25
2019/06/10 18:42:00, 25.25, 24.80, 24.61, 33.01, 32.46, 0, 0, 4.25
2019/06/10 18:43:00, 25.25, 24.84, 24.62, 33.02, 32.52, 0, 0, 4.25
2019/06/10 18:44:00, 25.25, 24.78, 24.62, 32.94, 32.49, 0, 0, 4.25
2019/06/10 18:45:00, 25.25, 24.81, 24.62, 33.04, 32.49, 0, 0, 4.25
2019/06/10 18:46:00, 25.25, 24.81, 24.62, 32.97, 32.46, 0, 0, 4.25
2019/06/10 18:47:00, 25.25, 24.80, 24.64, 32.95, 32.44, 0, 0, 4.25
2019/06/10 18:48:00, 25.25, 24.80, 24.62, 32.93, 32.44, 0, 0, 4.25
2019/06/10 18:49:00, 25.25, 24.81, 24.61, 32.91, 32.40, 0, 0, 4.25
2019/06/10 18:50:00, 25.25, 24.81, 24.63, 32.88, 32.39, 0, 0, 4.25
2019/06/10 18:51:00, 25.25, 24.80, 24.62, 32.94, 32.42, 0, 0, 4.25
2019/06/10 18:52:00, 25.25, 24.80, 24.61, 32.97, 32.41, 0, 0, 4.25
2019/06/10 18:53:00, 25.25, 24.81, 24.62, 32.94, 32.39, 0, 0, 4.25
2019/06/10 18:54:00, 25.25, 24.81, 24.61, 32.86, 32.36, 0, 0, 4.25
2019/06/10 18:55:00, 25.25, 24.81, 24.58, 32.88, 32.39, 0, 0, 4.25
2019/06/10 18:56:00, 25.25, 24.80, 24.61, 32.85, 32.39, 0, 0, 4.25
2019/06/10 18:57:00, 25.25, 24.80, 24.57, 32.86, 32.37, 0, 0, 4.25
2019/06/10 18:58:00, 25.25, 24.80, 24.58, 32.85, 32.37, 0, 0, 4.25
2019/06/10 18:59:00, 25.25, 24.75, 24.58, 32.85, 32.36, 0, 0, 4.25
2019/06/10 19:00:00, 25.25, 24.77, 24.58, 32.84, 32.35, 0, 0, 4.25
2019/06/10 19:01:00, 25.00, 24.77, 24.58, 32.88, 32.36, 0, 0, 4.25
2019/06/10 19:02:00, 25.25, 24.77, 24.60, 32.85, 32.36, 0, 0, 4.25
2019/06/10 19:03:00, 25.00, 24.78, 24.57, 32.90, 32.38, 0, 0, 4.25
2019/06/10 19:04:00, 25.25, 24.75, 24.56, 32.89, 32.39, 0, 0, 4.25
2019/06/10 19:05:00, 25.25, 24.75, 24.56, 32.89, 32.39, 0, 0, 4.25
2019/06/10 19:06:00, 25.00, 24.75, 24.54, 32.89, 32.40, 0, 0, 4.25
2019/06/10 19:07:00, 25.00, 24.77, 24.53, 32.92, 32.41, 0, 0, 4.25
2019/06/10 19:08:00, 25.00, 24.71, 24.56, 32.87, 32.40, 0, 0, 4.25
2019/06/10 19:09:00, 25.00, 24.73, 24.53, 32.81, 32.39, 0, 0, 4.25
2019/06/10 19:10:00, 25.00, 24.71, 24.52, 32.93, 32.39, 0, 0, 4.25
2019/06/10 19:11:00, 25.00, 24.70, 24.51, 32.90, 32.40, 0, 0, 4.25
2019/06/10 19:12:00, 25.00, 24.69, 24.50, 32.93, 32.41, 0, 0, 4.25
2019/06/10 19:13:00, 25.00, 24.69, 24.49, 32.90, 32.41, 0, 0, 4.25
2019/06/10 19:14:00, 25.00, 24.67, 24.48, 32.91, 32.43, 0, 0, 4.25
2019/06/10 19:15:00, 25.00, 24.64, 24.49, 32.96, 32.45, 0, 0, 4.25
2019/06/10 19:16:00, 25.00, 24.66, 24.47, 32.97, 32.41, 0, 0, 4.25
2019/06/10 19:17:00, 25.00, 24.66, 24.45, 33.00, 32.45, 0, 0, 4.25
2019/06/10 19:18:00, 25.00, 24.63, 24.45, 33.04, 32.50, 0, 0, 4.25
2019/06/10 19:19:00, 25.00, 24.61, 24.42, 33.02, 32.49, 0, 0, 4.25
2019/06/10 19:20:00, 25.00, 24.61, 24.39, 33.01, 32.47, 0, 0, 4.25
2019/06/10 19:21:00, 25.00, 24.59, 24.40, 33.05, 32.57, 0, 0, 4.25
2019/06/10 19:22:00, 25.00, 24.59, 24.39, 33.01, 32.55, 0, 0, 4.25
2019/06/10 19:23:00, 25.00, 24.56, 24.39, 33.09, 32.53, 0, 0, 4.25
2019/06/10 19:24:00, 25.00, 24.54, 24.38, 33.11, 32.55, 0, 0, 4.25
2019/06/10 19:25:00, 25.00, 24.53, 24.35, 33.13, 32.62, 0, 0, 4.25
2019/06/10 19:26:00, 25.00, 24.53, 24.34, 33.18, 32.58, 0, 0, 4.25
2019/06/10 19:27:00, 25.00, 24.52, 24.33, 33.18, 32.64, 0, 0, 4.25
2019/06/10 19:28:00, 25.00, 24.52, 24.32, 33.12, 32.62, 0, 0, 4.25
2019/06/10 19:29:00, 25.00, 24.50, 24.31, 33.23, 32.68, 0, 0, 4.25
2019/06/10 19:30:00, 25.00, 24.47, 24.31, 33.22, 32.70, 0, 0, 4.25
2019/06/10 19:31:00, 25.00, 24.50, 24.28, 33.28, 32.74, 0, 0, 4.25
2019/06/10 19:32:00, 25.00, 24.47, 24.32, 33.24, 32.73, 0, 0, 4.25
2019/06/10 19:33:00, 25.00, 24.50, 24.28, 33.25, 32.74, 0, 0, 4.25
2019/06/10 19:34:00, 25.00, 24.46, 24.27, 33.29, 32.74, 0, 0, 4.25
2019/06/10 19:35:00, 25.00, 24.47, 24.26, 33.28, 32.77, 0, 0, 4.25
2019/06/10 19:36:00, 25.00, 24.46, 24.24, 33.27, 32.74, 0, 0, 4.25
2019/06/10 19:37:00, 25.00, 24.43, 24.24, 33.32, 32.78, 0, 0, 4.25
2019/06/10 19:38:00, 25.00, 24.42, 24.23, 33.36, 32.81, 0, 0, 4.25
2019/06/10 19:39:00, 25.00, 24.43, 24.23, 33.36, 32.81, 0, 0, 4.25
2019/06/10 19:40:00, 25.00, 24.42, 24.23, 33.45, 32.82, 0, 0, 4.25
2019/06/10 19:41:00, 25.00, 24.42, 24.21, 33.34, 32.86, 0, 0, 4.25
2019/06/10 19:42:00, 25.00, 24.43, 24.22, 33.44, 32.85, 0, 0, 4.25
2019/06/10 19:43:00, 25.00, 24.39, 24.20, 33.40, 32.87, 0, 0, 4.25
2019/06/10 19:44:00, 25.00, 24.38, 24.21, 33.34, 32.87, 0, 0, 4.25
2019/06/10 19:45:00, 25.00, 24.39, 24.18, 33.48, 32.92, 0, 0, 4.25
2019/06/10 19:46:00, 24.75, 24.38, 24.17, 33.43, 32.90, 0, 0, 4.25
2019/06/10 19:47:00, 25.00, 24.39, 24.18, 33.49, 32.90, 0, 0, 4.25
2019/06/10 19:48:00, 24.75, 24.36, 24.16, 33.41, 32.89, 0, 0, 4.25
2019/06/10 19:49:00, 24.75, 24.36, 24.16, 33.43, 32.90, 0, 0, 4.25
2019/06/10 19:50:00, 24.75, 24.36, 24.16, 33.45, 32.90, 0, 0, 4.25
2019/06/10 19:51:00, 24.75, 24.35, 24.13, 33.47, 32.92, 0, 0, 4.25
2019/06/10 19:52:00, 24.75, 24.35, 24.13, 33.44, 32.92, 0, 0, 4.25
2019/06/10 19:53:00, 24.75, 24.32, 24.13, 33.45, 32.94, 0, 0, 4.25
2019/06/10 19:54:00, 24.75, 24.35, 24.13, 33.47, 32.92, 0, 0, 4.25
2019/06/10 19:55:00, 24.75, 24.33, 24.12, 33.47, 32.94, 0, 0, 4.25
2019/06/10 19:56:00, 24.75, 24.32, 24.10, 33.49, 32.94, 0, 0, 4.25
2019/06/10 19:57:00, 24.75, 24.33, 24.10, 33.49, 32.95, 0, 0, 4.25
2019/06/10 19:58:00, 24.75, 24.31, 24.11, 33.45, 32.93, 0, 0, 4.25
2019/06/10 19:59:00, 24.75, 24.31, 24.10, 33.43, 32.94, 0, 0, 4.25
2019/06/10 20:00:00, 24.75, 24.29, 24.09, 33.52, 32.94, 0, 0, 4.25
2019/06/10 20:01:00, 24.75, 24.29, 24.09, 33.51, 32.96, 0, 0, 4.25
2019/06/10 20:02:00, 24.75, 24.27, 24.08, 33.49, 32.97, 0, 0, 4.25
2019/06/10 20:03:00, 24.75, 24.26, 24.07, 33.49, 32.98, 0, 0, 4.25
2019/06/10 20:04:00, 24.75, 24.26, 24.08, 33.50, 32.97, 0, 0, 4.25
2019/06/10 20:05:00, 24.75, 24.27, 24.08, 33.49, 32.99, 0, 0, 4.25
2019/06/10 20:06:00, 24.75, 24.25, 24.06, 33.56, 33.00, 0, 0, 4.25
2019/06/10 20:07:00, 24.75, 24.25, 24.05, 33.49, 32.97, 0, 0, 4.25
2019/06/10 20:08:00, 24.75, 24.23, 24.04, 33.54, 32.97, 0, 0, 4.25
2019/06/10 20:09:00, 24.75, 24.25, 24.04, 33.54, 32.99, 0, 0, 4.25
2019/06/10 20:10:00, 24.75, 24.25, 24.04, 33.53, 33.00, 0, 0, 4.25
2019/06/10 20:11:00, 24.75, 24.22, 24.02, 33.57, 32.99, 0, 0, 4.25
2019/06/10 20:12:00, 24.75, 24.23, 24.03, 33.56, 33.01, 0, 0, 4.25
2019/06/10 20:13:00, 24.75, 24.22, 24.01, 33.53, 33.02, 0, 0, 4.25
2019/06/10 20:14:00, 24.75, 24.20, 24.01, 33.56, 33.02, 0, 0, 4.25
2019/06/10 20:15:00, 24.75, 24.19, 24.00, 33.57, 33.03, 0, 0, 4.25
2019/06/10 20:16:00, 24.75, 24.19, 24.02, 33.55, 33.03, 0, 0, 4.25
2019/06/10 20:17:00, 24.75, 24.20, 23.98, 33.57, 33.03, 0, 0, 4.25
2019/06/10 20:18:00, 24.75, 24.18, 24.00, 33.59, 33.03, 0, 0, 4.25
2019/06/10 20:19:00, 24.75, 24.19, 23.98, 33.62, 33.05, 0, 0, 4.25
2019/06/10 20:20:00, 24.75, 24.18, 23.97, 33.65, 33.06, 0, 0, 4.25
2019/06/10 20:21:00, 24.75, 24.18, 23.97, 33.54, 33.03, 0, 0, 4.25
2019/06/10 20:22:00, 24.75, 24.20, 24.00, 33.54, 33.00, 0, 0, 4.25
2019/06/10 20:23:00, 24.75, 24.16, 23.97, 33.56, 33.00, 0, 0, 4.25
2019/06/10 20:24:00, 24.75, 24.16, 23.98, 33.57, 33.02, 0, 0, 4.25
2019/06/10 20:25:00, 24.75, 24.18, 23.98, 33.66, 33.06, 0, 0, 4.25
2019/06/10 20:26:00, 24.75, 24.16, 23.95, 33.57, 33.06, 0, 0, 4.25
2019/06/10 20:27:00, 24.50, 24.16, 23.97, 33.58, 33.02, 0, 0, 4.25
2019/06/10 20:28:00, 24.75, 24.16, 23.96, 33.57, 33.03, 0, 0, 4.25
2019/06/10 20:29:00, 24.50, 24.15, 23.96, 33.57, 33.01, 0, 0, 4.25
2019/06/10 20:30:00, 24.50, 24.15, 23.95, 33.52, 33.00, 0, 0, 4.25
2019/06/10 20:31:00, 24.50, 24.14, 23.95, 33.60, 33.02, 0, 0, 4.25
2019/06/10 20:32:00, 24.50, 24.12, 23.95, 33.58, 33.00, 0, 0, 4.25
2019/06/10 20:33:00, 24.50, 24.12, 23.95, 33.62, 33.00, 0, 0, 4.25
2019/06/10 20:34:00, 24.50, 24.12, 23.91, 33.58, 33.04, 0, 0, 4.25
2019/06/10 20:35:00, 24.50, 24.12, 23.92, 33.60, 33.02, 0, 0, 4.25
2019/06/10 20:36:00, 24.50, 24.11, 23.91, 33.61, 33.03, 0, 0, 4.25
2019/06/10 20:37:00, 24.50, 24.09, 23.92, 33.55, 33.03, 0, 0, 4.25
2019/06/10 20:38:00, 24.50, 24.09, 23.90, 33.62, 33.05, 0, 0, 4.25
2019/06/10 20:39:00, 24.50, 24.07, 23.89, 33.65, 33.05, 0, 0, 4.25
2019/06/10 20:40:00, 24.50, 24.11, 23.89, 33.65, 33.07, 0, 0, 4.25
2019/06/10 20:41:00, 24.50, 24.08, 23.91, 33.67, 33.09, 0, 0, 4.25
2019/06/10 20:42:00, 24.50, 24.09, 23.89, 33.70, 33.10, 0, 0, 4.25
2019/06/10 20:43:00, 24.50, 24.09, 23.92, 33.60, 33.10, 0, 0, 4.25
2019/06/10 20:44:00, 24.50, 24.11, 23.92, 33.64, 33.04, 0, 0, 4.25
2019/06/10 20:45:00, 24.50, 24.11, 23.91, 33.58, 33.03, 0, 0, 4.25
2019/06/10 20:46:00, 24.50, 24.12, 23.92, 33.58, 33.03, 0, 0, 4.25
2019/06/10 20:47:00, 24.50, 24.12, 23.92, 33.52, 33.00, 0, 0, 4.25
2019/06/10 20:48:00, 24.50, 24.12, 23.93, 33.49, 33.00, 0, 0, 4.25
2019/06/10 20:49:00, 24.50, 24.11, 23.94, 33.51, 32.99, 0, 0, 4.25
2019/06/10 20:50:00, 24.50, 24.14, 23.96, 33.57, 33.01, 0, 0, 4.25
2019/06/10 20:51:00, 24.50, 24.15, 23.92, 33.58, 33.02, 0, 0, 4.25
2019/06/10 20:52:00, 24.50, 24.16, 23.94, 33.58, 33.03, 0, 0, 4.25
2019/06/10 20:53:00, 24.50, 24.16, 23.97, 33.57, 33.02, 0, 0, 4.25
2019/06/10 20:54:00, 24.50, 24.15, 23.96, 33.51, 33.00, 0, 0, 4.25
2019/06/10 20:55:00, 24.50, 24.16, 23.96, 33.54, 33.00, 0, 0, 4.25
2019/06/10 20:56:00, 24.50, 24.18, 23.95, 33.53, 33.00, 0, 0, 4.25
2019/06/10 20:57:00, 24.50, 24.15, 23.95, 33.58, 32.98, 0, 0, 4.25
2019/06/10 20:58:00, 24.50, 24.18, 23.97, 33.51, 33.00, 0, 0, 4.25
2019/06/10 20:59:00, 24.50, 24.16, 23.96, 33.47, 32.94, 0, 0, 4.25
2019/06/10 21:00:00, 24.50, 24.18, 23.96, 33.50, 32.94, 0, 0, 4.25
2019/06/10 21:01:00, 24.50, 24.20, 24.01, 33.44, 32.93, 0, 0, 4.25
2019/06/10 21:02:00, 24.50, 24.18, 24.02, 33.44, 32.93, 0, 0, 4.25
2019/06/10 21:03:00, 24.50, 24.19, 24.00, 33.40, 32.88, 0, 0, 4.25
2019/06/10 21:04:00, 24.50, 24.19, 23.98, 33.44, 32.90, 0, 0, 4.25
2019/06/10 21:05:00, 24.50, 24.22, 24.00, 33.41, 32.88, 0, 0, 4.25
2019/06/10 21:06:00, 24.50, 24.18, 24.01, 33.41, 32.87, 0, 0, 4.25
2019/06/10 21:07:00, 24.50, 24.20, 24.01, 33.44, 32.90, 0, 0, 4.25
2019/06/10 21:08:00, 24.50, 24.18, 24.01, 33.46, 32.91, 0, 0, 4.25
2019/06/10 21:09:00, 24.50, 24.20, 24.01, 33.40, 32.86, 0, 0, 4.25
2019/06/10 21:10:00, 24.50, 24.19, 24.00, 33.38, 32.87, 0, 0, 4.25
2019/06/10 21:11:00, 24.50, 24.20, 24.01, 33.41, 32.87, 0, 0, 4.25
2019/06/10 21:12:00, 24.50, 24.20, 24.00, 33.41, 32.87, 0, 0, 4.25
2019/06/10 21:13:00, 24.50, 24.16, 23.98, 33.40, 32.90, 0, 0, 4.25
2019/06/10 21:14:00, 24.50, 24.19, 24.00, 33.44, 32.91, 0, 0, 4.25
2019/06/10 21:15:00, 24.50, 24.20, 23.98, 33.41, 32.90, 0, 0, 4.25
2019/06/10 21:16:00, 24.50, 24.16, 23.98, 33.44, 32.90, 0, 0, 4.25
2019/06/10 21:17:00, 24.50, 24.20, 24.00, 33.43, 32.87, 0, 0, 4.25
2019/06/10 21:18:00, 24.50, 24.18, 23.96, 33.41, 32.88, 0, 0, 4.25
2019/06/10 21:19:00, 24.50, 24.19, 23.96, 33.43, 32.89, 0, 0, 4.25
2019/06/10 21:20:00, 24.50, 24.16, 23.96, 33.42, 32.89, 0, 0, 4.25
2019/06/10 21:21:00, 24.50, 24.18, 23.95, 33.47, 32.90, 0, 0, 4.25
2019/06/10 21:22:00, 24.50, 24.15, 23.94, 33.44, 32.90, 0, 0, 4.25
2019/06/10 21:23:00, 24.50, 24.16, 23.96, 33.48, 32.90, 0, 0, 4.25
2019/06/10 21:24:00, 24.50, 24.14, 23.96, 33.47, 32.92, 0, 0, 4.25
2019/06/10 21:25:00, 24.50, 24.16, 23.95, 33.47, 32.90, 0, 0, 4.25
2019/06/10 21:26:00, 24.50, 24.18, 23.97, 33.45, 32.88, 0, 0, 4.25
2019/06/10 21:27:00, 24.50, 24.16, 23.94, 33.41, 32.89, 0, 0, 4.25
2019/06/10 21:28:00, 24.50, 24.16, 23.95, 33.48, 32.90, 0, 0, 4.25
2019/06/10 21:29:00, 24.50, 24.15, 23.93, 33.47, 32.92, 0, 0, 4.25
2019/06/10 21:30:00, 24.50, 24.12, 23.94, 33.48, 32.90, 0, 0, 4.25
2019/06/10 21:31:00, 24.50, 24.14, 23.95, 33.54, 32.91, 0, 0, 4.25
2019/06/10 21:32:00, 24.50, 24.15, 23.94, 33.48, 32.94, 0, 0, 4.25
2019/06/10 21:33:00, 24.50, 24.14, 23.92, 33.50, 32.94, 0, 0, 4.25
2019/06/10 21:34:00, 24.50, 24.14, 23.92, 33.51, 32.94, 0, 0, 4.25
2019/06/10 21:35:00, 24.50, 24.12, 23.92, 33.47, 32.90, 0, 0, 4.25
2019/06/10 21:36:00, 24.50, 24.12, 23.94, 33.48, 32.94, 0, 0, 4.25
2019/06/10 21:37:00, 24.50, 24.12, 23.92, 33.46, 32.94, 0, 0, 4.25
2019/06/10 21:38:00, 24.50, 24.14, 23.92, 33.54, 32.94, 0, 0, 4.25
2019/06/10 21:39:00, 24.50, 24.12, 23.92, 33.49, 32.95, 0, 0, 4.25
2019/06/10 21:40:00, 24.50, 24.14, 23.92, 33.53, 32.97, 0, 0, 4.25
2019/06/10 21:41:00, 24.50, 24.08, 23.90, 33.49, 32.95, 0, 0, 4.25
2019/06/10 21:42:00, 24.50, 24.11, 23.91, 33.51, 32.95, 0, 0, 4.25
2019/06/10 21:43:00, 24.50, 24.11, 23.91, 33.48, 32.97, 0, 0, 4.25
2019/06/10 21:44:00, 24.50, 24.14, 23.91, 33.49, 32.95, 0, 0, 4.25
2019/06/10 21:45:00, 24.50, 24.09, 23.91, 33.45, 32.92, 0, 0, 4.25
2019/06/10 21:46:00, 24.50, 24.09, 23.90, 33.52, 32.95, 0, 0, 4.25
2019/06/10 21:47:00, 24.50, 24.08, 23.89, 33.52, 32.95, 0, 0, 4.25
2019/06/10 21:48:00, 24.50, 24.11, 23.89, 33.55, 32.96, 0, 0, 4.25
2019/06/10 21:49:00, 24.50, 24.09, 23.88, 33.53, 32.98, 0, 0, 4.25
2019/06/10 21:50:00, 24.50, 24.09, 23.89, 33.49, 32.95, 0, 0, 4.25
2019/06/10 21:51:00, 24.50, 24.07, 23.88, 33.52, 32.97, 0, 0, 4.25
2019/06/10 21:52:00, 24.50, 24.08, 23.87, 33.55, 32.97, 0, 0, 4.25
2019/06/10 21:53:00, 24.50, 24.09, 23.87, 33.56, 32.99, 0, 0, 4.25
2019/06/10 21:54:00, 24.50, 24.09, 23.89, 33.52, 32.97, 0, 0, 4.25
2019/06/10 21:55:00, 24.50, 24.08, 23.89, 33.55, 32.98, 0, 0, 4.25
2019/06/10 21:56:00, 24.50, 24.09, 23.87, 33.55, 33.00, 0, 0, 4.25
2019/06/10 21:57:00, 24.50, 24.08, 23.86, 33.55, 33.00, 0, 0, 4.25
2019/06/10 21:58:00, 24.50, 24.09, 23.88, 33.50, 32.97, 0, 0, 4.25
2019/06/10 21:59:00, 24.50, 24.08, 23.87, 33.52, 32.97, 0, 0, 4.25
2019/06/10 22:00:00, 24.50, 24.07, 23.88, 33.55, 33.00, 0, 0, 4.25
2019/06/10 22:01:00, 24.50, 24.07, 23.87, 33.57, 33.00, 0, 0, 4.25
2019/06/10 22:02:00, 24.50, 24.07, 23.87, 33.59, 33.01, 0, 0, 4.25
2019/06/10 22:03:00, 24.50, 24.07, 23.86, 33.53, 32.99, 0, 0, 4.25
2019/06/10 22:04:00, 24.50, 24.08, 23.84, 33.55, 33.01, 0, 0, 4.25
2019/06/10 22:05:00, 24.50, 24.05, 23.86, 33.57, 33.02, 0, 0, 4.25
2019/06/10 22:06:00, 24.50, 24.05, 23.84, 33.56, 33.04, 0, 0, 4.25
2019/06/10 22:07:00, 24.50, 24.05, 23.86, 33.56, 33.02, 0, 0, 4.25
2019/06/10 22:08:00, 24.50, 24.07, 23.83, 33.60, 33.06, 0, 0, 4.25
2019/06/10 22:09:00, 24.50, 24.04, 23.84, 33.65, 33.04, 0, 0, 4.25
2019/06/10 22:10:00, 24.50, 23.99, 23.86, 33.60, 33.06, 0, 0, 4.25
2019/06/10 22:11:00, 24.50, 24.05, 23.83, 33.63, 33.05, 0, 0, 4.25
2019/06/10 22:12:00, 24.50, 24.01, 23.82, 33.62, 33.05, 0, 0, 4.25
2019/06/10 22:13:00, 24.50, 24.07, 23.82, 33.66, 33.07, 0, 0, 4.25
2019/06/10 22:14:00, 24.50, 24.01, 23.84, 33.59, 33.05, 0, 0, 4.25
2019/06/10 22:15:00, 24.50, 24.05, 23.82, 33.62, 33.07, 0, 0, 4.25
2019/06/10 22:16:00, 24.50, 24.02, 23.83, 33.66, 33.06, 0, 0, 4.25
2019/06/10 22:17:00, 24.50, 24.01, 23.81, 33.60, 33.09, 0, 0, 4.25
2019/06/10 22:18:00, 24.50, 24.05, 23.82, 33.72, 33.08, 0, 0, 4.25
2019/06/10 22:19:00, 24.50, 24.04, 23.80, 33.70, 33.11, 0, 0, 4.25
2019/06/10 22:20:00, 24.50, 24.01, 23.80, 33.69, 33.10, 0, 0, 4.25
2019/06/10 22:21:00, 24.50, 23.99, 23.79, 33.72, 33.13, 0, 0, 4.25
2019/06/10 22:22:00, 24.50, 23.99, 23.81, 33.72, 33.13, 0, 0, 4.25
2019/06/10 22:23:00, 24.50, 23.99, 23.82, 33.73, 33.14, 0, 0, 4.25
2019/06/10 22:24:00, 24.50, 24.01, 23.79, 33.72, 33.14, 0, 0, 4.25
2019/06/10 22:25:00, 24.50, 23.99, 23.79, 33.68, 33.17, 0, 0, 4.25
2019/06/10 22:26:00, 24.50, 23.99, 23.79, 33.69, 33.16, 0, 0, 4.25
2019/06/10 22:27:00, 24.50, 23.99, 23.80, 33.73, 33.19, 0, 0, 4.25
2019/06/10 22:28:00, 24.50, 23.99, 23.79, 33.75, 33.17, 0, 0, 4.25
2019/06/10 22:29:00, 24.50, 23.99, 23.79, 33.73, 33.22, 0, 0, 4.25
2019/06/10 22:30:00, 24.50, 23.98, 23.78, 33.74, 33.19, 0, 0, 4.25
2019/06/10 22:31:00, 24.50, 23.98, 23.78, 33.79, 33.21, 0, 0, 4.25
2019/06/10 22:32:00, 24.50, 23.99, 23.78, 33.79, 33.20, 0, 0, 4.25
2019/06/10 22:33:00, 24.50, 23.98, 23.77, 33.74, 33.26, 0, 0, 4.25
2019/06/10 22:34:00, 24.50, 23.97, 23.78, 33.76, 33.22, 0, 0, 4.25
2019/06/10 22:35:00, 24.50, 23.99, 23.76, 33.83, 33.26, 0, 0, 4.25
2019/06/10 22:36:00, 24.50, 23.98, 23.75, 33.88, 33.27, 0, 0, 4.25
2019/06/10 22:37:00, 24.50, 23.98, 23.75, 33.87, 33.28, 0, 0, 4.25
2019/06/10 22:38:00, 24.50, 23.95, 23.77, 33.86, 33.29, 0, 0, 4.25
2019/06/10 22:39:00, 24.25, 23.94, 23.77, 33.82, 33.29, 0, 0, 4.25
2019/06/10 22:40:00, 24.50, 23.95, 23.75, 33.83, 33.29, 0, 0, 4.25
2019/06/10 22:41:00, 24.25, 23.97, 23.78, 33.86, 33.29, 0, 0, 4.25
2019/06/10 22:42:00, 24.25, 23.95, 23.76, 33.84, 33.29, 0, 0, 4.25
2019/06/10 22:43:00, 24.25, 23.95, 23.76, 33.86, 33.28, 0, 0, 4.25
2019/06/10 22:44:00, 24.25, 23.97, 23.77, 33.83, 33.28, 0, 0, 4.25
2019/06/10 22:45:00, 24.25, 23.97, 23.73, 33.87, 33.28, 0, 0, 4.25
2019/06/10 22:46:00, 24.25, 23.95, 23.76, 33.86, 33.29, 0, 0, 4.25
2019/06/10 22:47:00, 24.25, 23.95, 23.74, 33.86, 33.29, 0, 0, 4.25
2019/06/10 22:48:00, 24.25, 23.92, 23.74, 33.89, 33.31, 0, 0, 4.25
2019/06/10 22:49:00, 24.25, 23.95, 23.72, 33.91, 33.32, 0, 0, 4.25
2019/06/10 22:50:00, 24.25, 23.92, 23.73, 33.91, 33.32, 0, 0, 4.25
2019/06/10 22:51:00, 24.25, 23.94, 23.72, 33.89, 33.32, 0, 0, 4.25
2019/06/10 22:52:00, 24.25, 23.94, 23.74, 33.89, 33.32, 0, 0, 4.25
2019/06/10 22:53:00, 24.25, 23.92, 23.72, 33.94, 33.32, 0, 0, 4.25
2019/06/10 22:54:00, 24.25, 23.92, 23.73, 33.94, 33.31, 0, 0, 4.25
2019/06/10 22:55:00, 24.25, 23.94, 23.74, 33.89, 33.33, 0, 0, 4.25
2019/06/10 22:56:00, 24.25, 23.94, 23.74, 33.94, 33.34, 0, 0, 4.25
2019/06/10 22:57:00, 24.25, 23.91, 23.72, 33.93, 33.33, 0, 0, 4.25
2019/06/10 22:58:00, 24.25, 23.94, 23.73, 33.92, 33.32, 0, 0, 4.25
2019/06/10 22:59:00, 24.25, 23.94, 23.72, 33.94, 33.32, 0, 0, 4.25
2019/06/10 23:00:00, 24.25, 23.94, 23.74, 33.95, 33.33, 0, 0, 4.25
2019/06/10 23:01:00, 24.25, 23.92, 23.69, 33.88, 33.33, 0, 0, 4.25
2019/06/10 23:02:00, 24.25, 23.94, 23.72, 33.95, 33.36, 0, 0, 4.25
2019/06/10 23:03:00, 24.25, 23.91, 23.69, 33.98, 33.36, 0, 0, 4.25
2019/06/10 23:04:00, 24.25, 23.91, 23.74, 33.99, 33.36, 0, 0, 4.25
2019/06/10 23:05:00, 24.25, 23.91, 23.73, 33.92, 33.34, 0, 0, 4.25
2019/06/10 23:06:00, 24.25, 23.92, 23.69, 33.93, 33.34, 0, 0, 4.25
2019/06/10 23:07:00, 24.25, 23.94, 23.71, 33.98, 33.36, 0, 0, 4.25
2019/06/10 23:08:00, 24.25, 23.92, 23.71, 33.95, 33.37, 0, 0, 4.25
2019/06/10 23:09:00, 24.25, 23.91, 23.72, 33.95, 33.36, 0, 0, 4.25
2019/06/10 23:10:00, 24.25, 23.94, 23.72, 33.97, 33.37, 0, 0, 4.25
2019/06/10 23:11:00, 24.25, 23.91, 23.69, 33.99, 33.37, 0, 0, 4.25
2019/06/10 23:12:00, 24.25, 23.91, 23.71, 34.00, 33.39, 0, 0, 4.25
2019/06/10 23:13:00, 24.25, 23.90, 23.69, 34.02, 33.37, 0, 0, 4.25
2019/06/10 23:14:00, 24.25, 23.91, 23.69, 33.96, 33.39, 0, 0, 4.25
2019/06/10 23:15:00, 24.25, 23.92, 23.68, 33.99, 33.39, 0, 0, 4.25
2019/06/10 23:16:00, 24.25, 23.90, 23.69, 34.02, 33.41, 0, 0, 4.25
2019/06/10 23:17:00, 24.25, 23.91, 23.69, 34.02, 33.37, 0, 0, 4.25
2019/06/10 23:18:00, 24.25, 23.91, 23.71, 34.07, 33.39, 0, 0, 4.25
2019/06/10 23:19:00, 24.25, 23.91, 23.69, 34.00, 33.41, 0, 0, 4.25
2019/06/10 23:20:00, 24.25, 23.88, 23.71, 34.00, 33.38, 0, 0, 4.25
2019/06/10 23:21:00, 24.25, 23.90, 23.71, 34.00, 33.39, 0, 0, 4.25
2019/06/10 23:22:00, 24.25, 23.90, 23.68, 34.00, 33.41, 0, 0, 4.25
2019/06/10 23:23:00, 24.25, 23.91, 23.68, 34.03, 33.41, 0, 0, 4.25
2019/06/10 23:24:00, 24.25, 23.91, 23.69, 34.03, 33.41, 0, 0, 4.25
2019/06/10 23:25:00, 24.25, 23.90, 23.67, 34.07, 33.42, 0, 0, 4.25
2019/06/10 23:26:00, 24.25, 23.88, 23.68, 33.99, 33.42, 0, 0, 4.25
2019/06/10 23:27:00, 24.25, 23.90, 23.68, 34.06, 33.45, 0, 0, 4.25
2019/06/10 23:28:00, 24.25, 23.90, 23.69, 34.02, 33.44, 0, 0, 4.25
2019/06/10 23:29:00, 24.25, 23.88, 23.69, 34.02, 33.45, 0, 0, 4.25
2019/06/10 23:30:00, 24.25, 23.88, 23.67, 34.07, 33.46, 0, 0, 4.25
2019/06/10 23:31:00, 24.25, 23.90, 23.66, 34.03, 33.42, 0, 0, 4.25
2019/06/10 23:32:00, 24.25, 23.87, 23.68, 34.04, 33.45, 0, 0, 4.25
2019/06/10 23:33:00, 24.25, 23.87, 23.68, 34.05, 33.46, 0, 0, 4.25
2019/06/10 23:34:00, 24.25, 23.90, 23.68, 34.08, 33.46, 0, 0, 4.25
2019/06/10 23:35:00, 24.25, 23.90, 23.68, 34.09, 33.45, 0, 0, 4.25
2019/06/10 23:36:00, 24.25, 23.90, 23.66, 34.04, 33.45, 0, 0, 4.25
2019/06/10 23:37:00, 24.25, 23.90, 23.67, 34.11, 33.46, 0, 0, 4.25
2019/06/10 23:38:00, 24.25, 23.87, 23.66, 34.04, 33.48, 0, 0, 4.25
2019/06/10 23:39:00, 24.25, 23.88, 23.66, 34.09, 33.48, 0, 0, 4.25
2019/06/10 23:40:00, 24.25, 23.87, 23.67, 34.11, 33.50, 0, 0, 4.25
2019/06/10 23:41:00, 24.25, 23.87, 23.67, 34.10, 33.52, 0, 0, 4.25
2019/06/10 23:42:00, 24.25, 23.90, 23.66, 34.08, 33.51, 0, 0, 4.25
2019/06/10 23:43:00, 24.25, 23.88, 23.67, 34.11, 33.52, 0, 0, 4.25
2019/06/10 23:44:00, 24.25, 23.90, 23.67, 34.11, 33.52, 0, 0, 4.25
2019/06/10 23:45:00, 24.25, 23.88, 23.67, 34.15, 33.52, 0, 0, 4.25
2019/06/10 23:46:00, 24.25, 23.87, 23.67, 34.12, 33.53, 0, 0, 4.25
2019/06/10 23:47:00, 24.25, 23.87, 23.67, 34.19, 33.57, 0, 0, 4.25
