Data logger for tempereture and humidity.
Code, design, and soldering by Antti Mikkonen, a.mikkonen@iki.fi, 2019.
Based on open source projects and libraries. See source for details.
/home/ami/src/arduino/promini/logger_v8_ada/logger_v8_ada.ino
UTC time (year/month/date hour:minute:second), T RTC (C), T sht31 (C), T si7021 (C), RH sht31 (-), RH si7021 (-), heaterOn sht31 (bool),  heaterOn si7021 (bool), battery voltage (V)
2019/05/12 00:08:00, 24.25, 23.68, 23.51, 35.41, 33.75, 0, 0, 4.35
2019/05/12 00:09:00, 24.25, 23.64, 23.49, 35.46, 33.76, 0, 0, 4.35
2019/05/12 00:10:00, 24.25, 23.68, 23.50, 35.42, 33.78, 0, 0, 4.35
2019/05/12 00:11:00, 24.25, 23.68, 23.50, 35.47, 33.78, 0, 0, 4.35
2019/05/12 00:12:00, 24.25, 23.65, 23.51, 35.48, 33.78, 0, 0, 4.35
2019/05/12 00:13:00, 24.25, 23.65, 23.49, 35.47, 33.79, 0, 0, 4.35
2019/05/12 00:14:00, 24.25, 23.70, 23.50, 35.46, 33.79, 0, 0, 4.35
2019/05/12 00:15:00, 24.25, 23.70, 23.49, 35.50, 33.81, 0, 0, 4.35
2019/05/12 00:16:00, 24.25, 23.67, 23.50, 35.50, 33.79, 0, 0, 4.35
2019/05/12 00:17:00, 24.25, 23.68, 23.47, 35.54, 33.80, 0, 0, 4.35
2019/05/12 00:18:00, 24.25, 23.68, 23.51, 35.46, 33.81, 0, 0, 4.35
2019/05/12 00:19:00, 24.25, 23.68, 23.49, 35.54, 33.80, 0, 0, 4.35
2019/05/12 00:20:00, 24.25, 23.70, 23.51, 35.53, 33.81, 0, 0, 4.35
2019/05/12 00:21:00, 24.25, 23.68, 23.49, 35.50, 33.80, 0, 0, 4.35
2019/05/12 00:22:00, 24.25, 23.68, 23.49, 35.50, 33.83, 0, 0, 4.35
2019/05/12 00:23:00, 24.25, 23.68, 23.51, 35.54, 33.83, 0, 0, 4.35
2019/05/12 00:24:00, 24.25, 23.68, 23.50, 35.55, 33.85, 0, 0, 4.35
2019/05/12 00:25:00, 24.25, 23.68, 23.48, 35.55, 33.84, 0, 0, 4.35
2019/05/12 00:26:00, 24.25, 23.67, 23.49, 35.53, 33.86, 0, 0, 4.35
2019/05/12 00:27:00, 24.25, 23.67, 23.49, 35.51, 33.82, 0, 0, 4.35
2019/05/12 00:28:00, 24.25, 23.70, 23.49, 35.50, 33.84, 0, 0, 4.35
2019/05/12 00:29:00, 24.25, 23.65, 23.48, 35.57, 33.84, 0, 0, 4.35
2019/05/12 00:30:00, 24.25, 23.65, 23.47, 35.57, 33.83, 0, 0, 4.35
2019/05/12 00:31:00, 24.25, 23.68, 23.49, 35.54, 33.85, 0, 0, 4.35
2019/05/12 00:32:00, 24.25, 23.67, 23.49, 35.58, 33.84, 0, 0, 4.35
2019/05/12 00:33:00, 24.25, 23.67, 23.48, 35.54, 33.87, 0, 0, 4.35
2019/05/12 00:34:00, 24.25, 23.67, 23.50, 35.55, 33.85, 0, 0, 4.35
2019/05/12 00:35:00, 24.25, 23.67, 23.49, 35.58, 33.89, 0, 0, 4.35
2019/05/12 00:36:00, 24.25, 23.65, 23.50, 35.58, 33.87, 0, 0, 4.35
2019/05/12 00:37:00, 24.25, 23.65, 23.48, 35.58, 33.89, 0, 0, 4.35
2019/05/12 00:38:00, 24.25, 23.64, 23.49, 35.54, 33.87, 0, 0, 4.35
2019/05/12 00:39:00, 24.25, 23.64, 23.49, 35.57, 33.89, 0, 0, 4.35
2019/05/12 00:40:00, 24.25, 23.68, 23.48, 35.62, 33.89, 0, 0, 4.35
2019/05/12 00:41:00, 24.25, 23.64, 23.49, 35.60, 33.90, 0, 0, 4.35
2019/05/12 00:42:00, 24.25, 23.65, 23.47, 35.58, 33.91, 0, 0, 4.35
2019/05/12 00:43:00, 24.25, 23.65, 23.50, 35.60, 33.89, 0, 0, 4.35
2019/05/12 00:44:00, 24.25, 23.67, 23.47, 35.62, 33.90, 0, 0, 4.35
2019/05/12 00:45:00, 24.25, 23.65, 23.48, 35.58, 33.90, 0, 0, 4.35
2019/05/12 00:46:00, 24.25, 23.65, 23.49, 35.56, 33.90, 0, 0, 4.35
2019/05/12 00:47:00, 24.25, 23.68, 23.49, 35.63, 33.90, 0, 0, 4.35
2019/05/12 00:48:00, 24.25, 23.67, 23.49, 35.59, 33.90, 0, 0, 4.35
2019/05/12 00:49:00, 24.25, 23.65, 23.50, 35.59, 33.93, 0, 0, 4.35
2019/05/12 00:50:00, 24.25, 23.68, 23.48, 35.61, 33.93, 0, 0, 4.35
2019/05/12 00:51:00, 24.25, 23.67, 23.51, 35.62, 33.93, 0, 0, 4.35
2019/05/12 00:52:00, 24.25, 23.67, 23.50, 35.65, 33.94, 0, 0, 4.35
2019/05/12 00:53:00, 24.25, 23.67, 23.49, 35.60, 33.93, 0, 0, 4.35
2019/05/12 00:54:00, 24.25, 23.65, 23.48, 35.65, 33.93, 0, 0, 4.35
2019/05/12 00:55:00, 24.25, 23.68, 23.49, 35.59, 33.93, 0, 0, 4.35
2019/05/12 00:56:00, 24.25, 23.67, 23.48, 35.62, 33.93, 0, 0, 4.35
2019/05/12 00:57:00, 24.25, 23.68, 23.48, 35.63, 33.92, 0, 0, 4.35
2019/05/12 00:58:00, 24.25, 23.71, 23.48, 35.64, 33.93, 0, 0, 4.35
2019/05/12 00:59:00, 24.25, 23.67, 23.47, 35.67, 33.96, 0, 0, 4.35
2019/05/12 01:00:00, 24.25, 23.67, 23.50, 35.66, 33.96, 0, 0, 4.35
2019/05/12 01:01:00, 24.25, 23.67, 23.48, 35.66, 33.96, 0, 0, 4.35
2019/05/12 01:02:00, 24.25, 23.67, 23.50, 35.65, 33.97, 0, 0, 4.35
2019/05/12 01:03:00, 24.25, 23.67, 23.50, 35.67, 33.99, 0, 0, 4.35
2019/05/12 01:04:00, 24.25, 23.65, 23.48, 35.63, 33.97, 0, 0, 4.35
2019/05/12 01:05:00, 24.25, 23.65, 23.49, 35.67, 33.99, 0, 0, 4.35
2019/05/12 01:06:00, 24.25, 23.67, 23.49, 35.68, 34.02, 0, 0, 4.35
2019/05/12 01:07:00, 24.25, 23.65, 23.48, 35.72, 34.01, 0, 0, 4.35
2019/05/12 01:08:00, 24.25, 23.63, 23.47, 35.70, 34.03, 0, 0, 4.35
2019/05/12 01:09:00, 24.25, 23.65, 23.48, 35.73, 34.04, 0, 0, 4.35
2019/05/12 01:10:00, 24.25, 23.64, 23.49, 35.71, 33.99, 0, 0, 4.35
2019/05/12 01:11:00, 24.25, 23.64, 23.49, 35.68, 34.00, 0, 0, 4.35
2019/05/12 01:12:00, 24.25, 23.64, 23.50, 35.71, 34.00, 0, 0, 4.35
2019/05/12 01:13:00, 24.25, 23.65, 23.48, 35.65, 34.01, 0, 0, 4.35
2019/05/12 01:14:00, 24.25, 23.65, 23.48, 35.67, 33.99, 0, 0, 4.35
2019/05/12 01:15:00, 24.25, 23.65, 23.48, 35.70, 34.00, 0, 0, 4.35
2019/05/12 01:16:00, 24.25, 23.64, 23.49, 35.70, 34.00, 0, 0, 4.35
2019/05/12 01:17:00, 24.25, 23.63, 23.46, 35.77, 34.03, 0, 0, 4.35
2019/05/12 01:18:00, 24.25, 23.65, 23.48, 35.74, 34.04, 0, 0, 4.35
2019/05/12 01:19:00, 24.25, 23.64, 23.47, 35.70, 34.02, 0, 0, 4.35
2019/05/12 01:20:00, 24.25, 23.65, 23.47, 35.68, 34.05, 0, 0, 4.35
2019/05/12 01:21:00, 24.25, 23.64, 23.48, 35.70, 34.03, 0, 0, 4.35
2019/05/12 01:22:00, 24.25, 23.65, 23.47, 35.71, 34.03, 0, 0, 4.35
2019/05/12 01:23:00, 24.25, 23.65, 23.48, 35.69, 34.01, 0, 0, 4.35
2019/05/12 01:24:00, 24.25, 23.65, 23.48, 35.70, 34.00, 0, 0, 4.35
2019/05/12 01:25:00, 24.25, 23.67, 23.47, 35.71, 34.03, 0, 0, 4.35
2019/05/12 01:26:00, 24.25, 23.65, 23.47, 35.75, 34.02, 0, 0, 4.35
2019/05/12 01:27:00, 24.25, 23.67, 23.47, 35.71, 34.04, 0, 0, 4.35
2019/05/12 01:28:00, 24.25, 23.67, 23.48, 35.73, 34.05, 0, 0, 4.35
2019/05/12 01:29:00, 24.25, 23.65, 23.48, 35.70, 34.01, 0, 0, 4.35
2019/05/12 01:30:00, 24.25, 23.65, 23.49, 35.77, 34.05, 0, 0, 4.35
2019/05/12 01:31:00, 24.25, 23.67, 23.46, 35.69, 34.03, 0, 0, 4.35
2019/05/12 01:32:00, 24.25, 23.67, 23.50, 35.72, 34.04, 0, 0, 4.35
2019/05/12 01:33:00, 24.25, 23.65, 23.47, 35.67, 34.04, 0, 0, 4.35
2019/05/12 01:34:00, 24.25, 23.64, 23.49, 35.73, 34.05, 0, 0, 4.35
2019/05/12 01:35:00, 24.25, 23.65, 23.49, 35.71, 34.07, 0, 0, 4.35
2019/05/12 01:36:00, 24.25, 23.64, 23.47, 35.78, 34.06, 0, 0, 4.35
2019/05/12 01:37:00, 24.25, 23.64, 23.47, 35.78, 34.09, 0, 0, 4.35
2019/05/12 01:38:00, 24.25, 23.65, 23.47, 35.73, 34.07, 0, 0, 4.34
2019/05/12 01:39:00, 24.25, 23.64, 23.47, 35.72, 34.06, 0, 0, 4.34
2019/05/12 01:40:00, 24.25, 23.63, 23.47, 35.72, 34.08, 0, 0, 4.35
2019/05/12 01:41:00, 24.25, 23.64, 23.48, 35.74, 34.08, 0, 0, 4.35
2019/05/12 01:42:00, 24.25, 23.61, 23.48, 35.75, 34.09, 0, 0, 4.35
2019/05/12 01:43:00, 24.25, 23.63, 23.46, 35.74, 34.09, 0, 0, 4.35
2019/05/12 01:44:00, 24.25, 23.65, 23.47, 35.75, 34.06, 0, 0, 4.35
2019/05/12 01:45:00, 24.25, 23.65, 23.47, 35.78, 34.06, 0, 0, 4.35
2019/05/12 01:46:00, 24.25, 23.64, 23.46, 35.72, 34.06, 0, 0, 4.35
2019/05/12 01:47:00, 24.25, 23.64, 23.47, 35.75, 34.08, 0, 0, 4.34
2019/05/12 01:48:00, 24.25, 23.65, 23.47, 35.82, 34.08, 0, 0, 4.35
2019/05/12 01:49:00, 24.25, 23.65, 23.47, 35.79, 34.09, 0, 0, 4.35
2019/05/12 01:50:00, 24.25, 23.64, 23.45, 35.80, 34.12, 0, 0, 4.35
2019/05/12 01:51:00, 24.25, 23.61, 23.48, 35.76, 34.10, 0, 0, 4.34
2019/05/12 01:52:00, 24.25, 23.61, 23.46, 35.82, 34.10, 0, 0, 4.35
2019/05/12 01:53:00, 24.25, 23.63, 23.47, 35.76, 34.10, 0, 0, 4.35
2019/05/12 01:54:00, 24.25, 23.61, 23.47, 35.77, 34.10, 0, 0, 4.35
2019/05/12 01:55:00, 24.25, 23.64, 23.46, 35.79, 34.10, 0, 0, 4.35
2019/05/12 01:56:00, 24.25, 23.63, 23.46, 35.79, 34.10, 0, 0, 4.35
2019/05/12 01:57:00, 24.25, 23.64, 23.46, 35.79, 34.10, 0, 0, 4.35
2019/05/12 01:58:00, 24.25, 23.64, 23.44, 35.72, 34.05, 0, 0, 4.34
2019/05/12 01:59:00, 24.25, 23.63, 23.47, 35.78, 34.10, 0, 0, 4.35
2019/05/12 02:00:00, 24.00, 23.64, 23.45, 35.79, 34.10, 0, 0, 4.35
2019/05/12 02:01:00, 24.00, 23.63, 23.47, 35.79, 34.10, 0, 0, 4.35
2019/05/12 02:02:00, 24.25, 23.63, 23.44, 35.77, 34.10, 0, 0, 4.35
2019/05/12 02:03:00, 24.00, 23.63, 23.47, 35.75, 34.07, 0, 0, 4.35
2019/05/12 02:04:00, 24.25, 23.64, 23.48, 35.79, 34.10, 0, 0, 4.34
2019/05/12 02:05:00, 24.25, 23.64, 23.46, 35.71, 34.05, 0, 0, 4.35
2019/05/12 02:06:00, 24.25, 23.63, 23.46, 35.80, 34.06, 0, 0, 4.35
2019/05/12 02:07:00, 24.25, 23.63, 23.46, 35.76, 34.06, 0, 0, 4.35
2019/05/12 02:08:00, 24.25, 23.64, 23.48, 35.72, 34.09, 0, 0, 4.35
2019/05/12 02:09:00, 24.25, 23.64, 23.46, 35.74, 34.07, 0, 0, 4.34
2019/05/12 02:10:00, 24.25, 23.61, 23.48, 35.72, 34.08, 0, 0, 4.35
2019/05/12 02:11:00, 24.00, 23.64, 23.47, 35.74, 34.06, 0, 0, 4.35
2019/05/12 02:12:00, 24.25, 23.63, 23.46, 35.76, 34.10, 0, 0, 4.35
2019/05/12 02:13:00, 24.25, 23.63, 23.47, 35.71, 34.07, 0, 0, 4.34
2019/05/12 02:14:00, 24.25, 23.64, 23.47, 35.72, 34.05, 0, 0, 4.35
2019/05/12 02:15:00, 24.25, 23.61, 23.48, 35.72, 34.06, 0, 0, 4.35
2019/05/12 02:16:00, 24.25, 23.65, 23.47, 35.72, 34.07, 0, 0, 4.34
2019/05/12 02:17:00, 24.25, 23.63, 23.47, 35.71, 34.09, 0, 0, 4.35
2019/05/12 02:18:00, 24.00, 23.65, 23.45, 35.75, 34.09, 0, 0, 4.34
2019/05/12 02:19:00, 24.25, 23.63, 23.45, 35.78, 34.10, 0, 0, 4.35
2019/05/12 02:20:00, 24.25, 23.64, 23.46, 35.82, 34.09, 0, 0, 4.35
2019/05/12 02:21:00, 24.00, 23.61, 23.46, 35.74, 34.07, 0, 0, 4.35
2019/05/12 02:22:00, 24.25, 23.61, 23.46, 35.79, 34.10, 0, 0, 4.35
2019/05/12 02:23:00, 24.25, 23.63, 23.47, 35.79, 34.11, 0, 0, 4.35
2019/05/12 02:24:00, 24.00, 23.63, 23.46, 35.75, 34.09, 0, 0, 4.35
2019/05/12 02:25:00, 24.25, 23.64, 23.45, 35.79, 34.07, 0, 0, 4.35
2019/05/12 02:26:00, 24.25, 23.65, 23.46, 35.68, 34.06, 0, 0, 4.35
2019/05/12 02:27:00, 24.25, 23.65, 23.45, 35.72, 34.07, 0, 0, 4.34
2019/05/12 02:28:00, 24.25, 23.64, 23.47, 35.73, 34.06, 0, 0, 4.35
2019/05/12 02:29:00, 24.25, 23.64, 23.47, 35.71, 34.06, 0, 0, 4.34
2019/05/12 02:30:00, 24.25, 23.64, 23.45, 35.72, 34.07, 0, 0, 4.35
2019/05/12 02:31:00, 24.25, 23.63, 23.46, 35.77, 34.06, 0, 0, 4.35
2019/05/12 02:32:00, 24.00, 23.63, 23.47, 35.74, 34.06, 0, 0, 4.34
2019/05/12 02:33:00, 24.00, 23.63, 23.46, 35.69, 34.06, 0, 0, 4.35
2019/05/12 02:34:00, 24.00, 23.64, 23.47, 35.73, 34.06, 0, 0, 4.35
2019/05/12 02:35:00, 24.25, 23.64, 23.44, 35.73, 34.09, 0, 0, 4.34
2019/05/12 02:36:00, 24.00, 23.63, 23.45, 35.73, 34.09, 0, 0, 4.35
2019/05/12 02:37:00, 24.00, 23.63, 23.45, 35.70, 34.06, 0, 0, 4.34
2019/05/12 02:38:00, 24.25, 23.60, 23.44, 35.72, 34.05, 0, 0, 4.34
2019/05/12 02:39:00, 24.00, 23.63, 23.45, 35.75, 34.06, 0, 0, 4.35
2019/05/12 02:40:00, 24.25, 23.61, 23.42, 35.77, 34.09, 0, 0, 4.35
2019/05/12 02:41:00, 24.00, 23.63, 23.45, 35.69, 34.07, 0, 0, 4.35
2019/05/12 02:42:00, 24.00, 23.61, 23.46, 35.72, 34.09, 0, 0, 4.34
2019/05/12 02:43:00, 24.25, 23.64, 23.46, 35.67, 34.08, 0, 0, 4.34
2019/05/12 02:44:00, 24.00, 23.61, 23.45, 35.68, 34.03, 0, 0, 4.35
2019/05/12 02:45:00, 24.00, 23.63, 23.45, 35.69, 34.05, 0, 0, 4.34
2019/05/12 02:46:00, 24.00, 23.63, 23.45, 35.72, 34.03, 0, 0, 4.34
2019/05/12 02:47:00, 24.00, 23.61, 23.45, 35.73, 34.05, 0, 0, 4.35
2019/05/12 02:48:00, 24.00, 23.60, 23.44, 35.71, 34.04, 0, 0, 4.35
2019/05/12 02:49:00, 24.00, 23.61, 23.42, 35.67, 34.05, 0, 0, 4.35
2019/05/12 02:50:00, 24.00, 23.61, 23.43, 35.71, 34.06, 0, 0, 4.35
2019/05/12 02:51:00, 24.00, 23.64, 23.45, 35.70, 34.04, 0, 0, 4.34
2019/05/12 02:52:00, 24.00, 23.61, 23.45, 35.66, 33.99, 0, 0, 4.34
2019/05/12 02:53:00, 24.00, 23.60, 23.45, 35.68, 34.02, 0, 0, 4.35
2019/05/12 02:54:00, 24.00, 23.60, 23.44, 35.65, 34.00, 0, 0, 4.34
2019/05/12 02:55:00, 24.00, 23.61, 23.45, 35.67, 33.99, 0, 0, 4.35
2019/05/12 02:56:00, 24.00, 23.61, 23.44, 35.68, 34.01, 0, 0, 4.35
2019/05/12 02:57:00, 24.00, 23.61, 23.45, 35.64, 34.00, 0, 0, 4.35
2019/05/12 02:58:00, 24.00, 23.63, 23.43, 35.66, 34.00, 0, 0, 4.35
2019/05/12 02:59:00, 24.00, 23.63, 23.45, 35.68, 34.00, 0, 0, 4.34
2019/05/12 03:00:00, 24.00, 23.64, 23.46, 35.66, 34.00, 0, 0, 4.35
2019/05/12 03:01:00, 24.00, 23.61, 23.45, 35.68, 34.00, 0, 0, 4.34
2019/05/12 03:02:00, 24.00, 23.63, 23.45, 35.71, 34.00, 0, 0, 4.34
2019/05/12 03:03:00, 24.00, 23.61, 23.47, 35.63, 33.99, 0, 0, 4.35
2019/05/12 03:04:00, 24.00, 23.60, 23.42, 35.65, 33.97, 0, 0, 4.35
2019/05/12 03:05:00, 24.00, 23.61, 23.44, 35.61, 33.96, 0, 0, 4.34
2019/05/12 03:06:00, 24.00, 23.63, 23.44, 35.63, 33.95, 0, 0, 4.34
2019/05/12 03:07:00, 24.00, 23.59, 23.45, 35.57, 33.92, 0, 0, 4.35
2019/05/12 03:08:00, 24.00, 23.60, 23.44, 35.60, 33.93, 0, 0, 4.35
2019/05/12 03:09:00, 24.00, 23.60, 23.44, 35.55, 33.92, 0, 0, 4.34
2019/05/12 03:10:00, 24.00, 23.61, 23.42, 35.57, 33.92, 0, 0, 4.35
2019/05/12 03:11:00, 24.00, 23.60, 23.42, 35.62, 33.91, 0, 0, 4.34
2019/05/12 03:12:00, 24.00, 23.60, 23.43, 35.56, 33.91, 0, 0, 4.34
2019/05/12 03:13:00, 24.00, 23.60, 23.42, 35.56, 33.90, 0, 0, 4.35
2019/05/12 03:14:00, 24.00, 23.60, 23.43, 35.52, 33.92, 0, 0, 4.34
2019/05/12 03:15:00, 24.00, 23.59, 23.42, 35.60, 33.91, 0, 0, 4.34
2019/05/12 03:16:00, 24.00, 23.59, 23.43, 35.54, 33.90, 0, 0, 4.34
2019/05/12 03:17:00, 24.00, 23.60, 23.45, 35.53, 33.86, 0, 0, 4.34
2019/05/12 03:18:00, 24.00, 23.60, 23.43, 35.52, 33.87, 0, 0, 4.34
2019/05/12 03:19:00, 24.00, 23.59, 23.43, 35.53, 33.87, 0, 0, 4.34
2019/05/12 03:20:00, 24.00, 23.60, 23.46, 35.52, 33.88, 0, 0, 4.34
2019/05/12 03:21:00, 24.00, 23.60, 23.43, 35.51, 33.87, 0, 0, 4.34
2019/05/12 03:22:00, 24.00, 23.60, 23.41, 35.50, 33.85, 0, 0, 4.35
2019/05/12 03:23:00, 24.00, 23.57, 23.44, 35.52, 33.86, 0, 0, 4.34
2019/05/12 03:24:00, 24.00, 23.61, 23.44, 35.48, 33.84, 0, 0, 4.34
2019/05/12 03:25:00, 24.00, 23.61, 23.43, 35.45, 33.81, 0, 0, 4.34
2019/05/12 03:26:00, 24.00, 23.63, 23.43, 35.50, 33.81, 0, 0, 4.34
2019/05/12 03:27:00, 24.00, 23.60, 23.43, 35.48, 33.82, 0, 0, 4.34
2019/05/12 03:28:00, 24.00, 23.60, 23.43, 35.44, 33.79, 0, 0, 4.35
2019/05/12 03:29:00, 24.00, 23.60, 23.44, 35.49, 33.80, 0, 0, 4.35
2019/05/12 03:30:00, 24.00, 23.60, 23.42, 35.46, 33.79, 0, 0, 4.35
2019/05/12 03:31:00, 24.00, 23.57, 23.43, 35.43, 33.77, 0, 0, 4.34
2019/05/12 03:32:00, 24.00, 23.60, 23.41, 35.43, 33.76, 0, 0, 4.35
2019/05/12 03:33:00, 24.00, 23.59, 23.42, 35.43, 33.77, 0, 0, 4.34
2019/05/12 03:34:00, 24.00, 23.57, 23.42, 35.40, 33.74, 0, 0, 4.34
2019/05/12 03:35:00, 24.00, 23.57, 23.43, 35.39, 33.74, 0, 0, 4.35
2019/05/12 03:36:00, 24.00, 23.59, 23.42, 35.40, 33.74, 0, 0, 4.34
2019/05/12 03:37:00, 24.00, 23.60, 23.41, 35.40, 33.74, 0, 0, 4.35
2019/05/12 03:38:00, 24.00, 23.61, 23.41, 35.34, 33.69, 0, 0, 4.34
2019/05/12 03:39:00, 24.00, 23.59, 23.42, 35.39, 33.70, 0, 0, 4.35
2019/05/12 03:40:00, 24.00, 23.60, 23.41, 35.32, 33.69, 0, 0, 4.34
2019/05/12 03:41:00, 24.00, 23.59, 23.41, 35.36, 33.67, 0, 0, 4.35
2019/05/12 03:42:00, 24.00, 23.59, 23.43, 35.30, 33.66, 0, 0, 4.34
2019/05/12 03:43:00, 24.00, 23.59, 23.43, 35.32, 33.65, 0, 0, 4.34
2019/05/12 03:44:00, 24.00, 23.60, 23.43, 35.33, 33.65, 0, 0, 4.35
2019/05/12 03:45:00, 24.00, 23.60, 23.45, 35.32, 33.63, 0, 0, 4.34
2019/05/12 03:46:00, 24.00, 23.63, 23.42, 35.27, 33.62, 0, 0, 4.34
2019/05/12 03:47:00, 24.00, 23.60, 23.43, 35.29, 33.61, 0, 0, 4.35
2019/05/12 03:48:00, 24.00, 23.59, 23.41, 35.29, 33.61, 0, 0, 4.35
2019/05/12 03:49:00, 24.00, 23.60, 23.41, 35.24, 33.59, 0, 0, 4.34
2019/05/12 03:50:00, 24.00, 23.60, 23.43, 35.25, 33.58, 0, 0, 4.35
2019/05/12 03:51:00, 24.00, 23.59, 23.42, 35.23, 33.57, 0, 0, 4.35
2019/05/12 03:52:00, 24.00, 23.61, 23.43, 35.21, 33.56, 0, 0, 4.34
2019/05/12 03:53:00, 24.00, 23.56, 23.39, 35.20, 33.55, 0, 0, 4.35
2019/05/12 03:54:00, 24.00, 23.60, 23.42, 35.20, 33.55, 0, 0, 4.34
2019/05/12 03:55:00, 24.00, 23.57, 23.42, 35.17, 33.54, 0, 0, 4.34
2019/05/12 03:56:00, 24.00, 23.59, 23.41, 35.21, 33.54, 0, 0, 4.34
2019/05/12 03:57:00, 24.00, 23.59, 23.42, 35.19, 33.52, 0, 0, 4.34
2019/05/12 03:58:00, 24.00, 23.59, 23.39, 35.13, 33.48, 0, 0, 4.34
2019/05/12 03:59:00, 24.00, 23.59, 23.42, 35.14, 33.49, 0, 0, 4.34
2019/05/12 04:00:00, 24.00, 23.57, 23.41, 35.19, 33.51, 0, 0, 4.35
2019/05/12 04:01:00, 24.00, 23.59, 23.41, 35.15, 33.48, 0, 0, 4.34
2019/05/12 04:02:00, 24.00, 23.60, 23.42, 35.11, 33.45, 0, 0, 4.34
2019/05/12 04:03:00, 24.00, 23.57, 23.41, 35.15, 33.43, 0, 0, 4.34
2019/05/12 04:04:00, 24.00, 23.60, 23.43, 35.08, 33.41, 0, 0, 4.34
2019/05/12 04:05:00, 24.00, 23.59, 23.41, 35.09, 33.41, 0, 0, 4.34
2019/05/12 04:06:00, 24.00, 23.57, 23.42, 35.09, 33.40, 0, 0, 4.34
2019/05/12 04:07:00, 24.00, 23.61, 23.39, 35.04, 33.37, 0, 0, 4.34
2019/05/12 04:08:00, 24.00, 23.59, 23.41, 35.07, 33.38, 0, 0, 4.34
2019/05/12 04:09:00, 24.00, 23.56, 23.42, 35.05, 33.37, 0, 0, 4.34
2019/05/12 04:10:00, 24.00, 23.60, 23.42, 35.01, 33.36, 0, 0, 4.34
2019/05/12 04:11:00, 24.00, 23.59, 23.39, 35.02, 33.33, 0, 0, 4.34
2019/05/12 04:12:00, 24.00, 23.60, 23.43, 35.04, 33.32, 0, 0, 4.34
2019/05/12 04:13:00, 24.00, 23.60, 23.41, 35.01, 33.31, 0, 0, 4.34
2019/05/12 04:14:00, 24.00, 23.59, 23.43, 35.00, 33.32, 0, 0, 4.34
2019/05/12 04:15:00, 24.00, 23.59, 23.42, 35.00, 33.30, 0, 0, 4.34
2019/05/12 04:16:00, 24.00, 23.59, 23.44, 34.88, 33.29, 0, 0, 4.34
2019/05/12 04:17:00, 24.00, 23.59, 23.43, 34.93, 33.26, 0, 0, 4.34
2019/05/12 04:18:00, 24.00, 23.59, 23.43, 34.95, 33.28, 0, 0, 4.34
2019/05/12 04:19:00, 24.00, 23.59, 23.41, 34.91, 33.26, 0, 0, 4.34
2019/05/12 04:20:00, 24.00, 23.60, 23.39, 34.88, 33.25, 0, 0, 4.34
2019/05/12 04:21:00, 24.00, 23.61, 23.42, 34.89, 33.23, 0, 0, 4.34
2019/05/12 04:22:00, 24.00, 23.59, 23.42, 34.88, 33.23, 0, 0, 4.34
2019/05/12 04:23:00, 24.00, 23.59, 23.41, 34.84, 33.18, 0, 0, 4.34
2019/05/12 04:24:00, 24.00, 23.61, 23.42, 34.84, 33.20, 0, 0, 4.34
2019/05/12 04:25:00, 24.00, 23.61, 23.42, 34.82, 33.16, 0, 0, 4.34
2019/05/12 04:26:00, 24.00, 23.61, 23.42, 34.80, 33.18, 0, 0, 4.34
2019/05/12 04:27:00, 24.00, 23.61, 23.43, 34.83, 33.15, 0, 0, 4.34
2019/05/12 04:28:00, 24.00, 23.61, 23.45, 34.67, 33.10, 0, 0, 4.34
2019/05/12 04:29:00, 24.00, 23.60, 23.45, 34.75, 33.08, 0, 0, 4.35
2019/05/12 04:30:00, 24.00, 23.60, 23.41, 34.74, 33.09, 0, 0, 4.34
2019/05/12 04:31:00, 24.00, 23.61, 23.42, 34.80, 33.08, 0, 0, 4.34
2019/05/12 04:32:00, 24.00, 23.59, 23.42, 34.76, 33.05, 0, 0, 4.34
2019/05/12 04:33:00, 24.00, 23.59, 23.42, 34.74, 33.06, 0, 0, 4.34
2019/05/12 04:34:00, 24.00, 23.59, 23.41, 34.77, 33.05, 0, 0, 4.34
2019/05/12 04:35:00, 24.00, 23.59, 23.42, 34.71, 33.07, 0, 0, 4.34
2019/05/12 04:36:00, 24.00, 23.57, 23.41, 34.68, 33.06, 0, 0, 4.34
2019/05/12 04:37:00, 24.00, 23.60, 23.42, 34.71, 33.03, 0, 0, 4.34
2019/05/12 04:38:00, 24.00, 23.59, 23.42, 34.69, 33.03, 0, 0, 4.34
2019/05/12 04:39:00, 24.00, 23.61, 23.42, 34.70, 33.00, 0, 0, 4.34
2019/05/12 04:40:00, 24.00, 23.60, 23.43, 34.63, 33.00, 0, 0, 4.34
2019/05/12 04:41:00, 24.00, 23.60, 23.43, 34.64, 33.00, 0, 0, 4.34
2019/05/12 04:42:00, 24.00, 23.60, 23.42, 34.62, 32.97, 0, 0, 4.34
2019/05/12 04:43:00, 24.00, 23.57, 23.42, 34.57, 32.94, 0, 0, 4.34
2019/05/12 04:44:00, 24.00, 23.57, 23.43, 34.64, 32.97, 0, 0, 4.34
2019/05/12 04:45:00, 24.00, 23.59, 23.41, 34.60, 32.95, 0, 0, 4.34
2019/05/12 04:46:00, 24.00, 23.60, 23.43, 34.55, 32.94, 0, 0, 4.34
2019/05/12 04:47:00, 24.00, 23.59, 23.43, 34.52, 32.92, 0, 0, 4.34
2019/05/12 04:48:00, 24.00, 23.59, 23.42, 34.51, 32.90, 0, 0, 4.34
2019/05/12 04:49:00, 24.00, 23.60, 23.41, 34.51, 32.90, 0, 0, 4.34
2019/05/12 04:50:00, 24.00, 23.60, 23.43, 34.56, 32.88, 0, 0, 4.34
2019/05/12 04:51:00, 24.00, 23.61, 23.41, 34.49, 32.87, 0, 0, 4.34
2019/05/12 04:52:00, 24.00, 23.60, 23.42, 34.54, 32.87, 0, 0, 4.34
2019/05/12 04:53:00, 24.00, 23.57, 23.41, 34.45, 32.87, 0, 0, 4.34
2019/05/12 04:54:00, 24.00, 23.60, 23.41, 34.47, 32.84, 0, 0, 4.34
2019/05/12 04:55:00, 24.00, 23.60, 23.44, 34.49, 32.84, 0, 0, 4.34
2019/05/12 04:56:00, 24.00, 23.60, 23.42, 34.47, 32.84, 0, 0, 4.34
2019/05/12 04:57:00, 24.00, 23.57, 23.43, 34.44, 32.81, 0, 0, 4.34
2019/05/12 04:58:00, 24.00, 23.60, 23.42, 34.45, 32.79, 0, 0, 4.34
2019/05/12 04:59:00, 24.00, 23.59, 23.41, 34.43, 32.81, 0, 0, 4.34
2019/05/12 05:00:00, 24.00, 23.59, 23.43, 34.44, 32.79, 0, 0, 4.34
2019/05/12 05:01:00, 24.00, 23.59, 23.42, 34.43, 32.77, 0, 0, 4.34
2019/05/12 05:02:00, 24.00, 23.61, 23.42, 34.40, 32.76, 0, 0, 4.34
2019/05/12 05:03:00, 24.00, 23.61, 23.44, 34.39, 32.73, 0, 0, 4.34
2019/05/12 05:04:00, 24.00, 23.63, 23.42, 34.36, 32.72, 0, 0, 4.34
2019/05/12 05:05:00, 24.00, 23.61, 23.42, 34.37, 32.71, 0, 0, 4.34
2019/05/12 05:06:00, 24.00, 23.61, 23.41, 34.35, 32.68, 0, 0, 4.34
2019/05/12 05:07:00, 24.00, 23.60, 23.43, 34.31, 32.68, 0, 0, 4.35
2019/05/12 05:08:00, 24.00, 23.59, 23.44, 34.31, 32.66, 0, 0, 4.34
2019/05/12 05:09:00, 24.00, 23.60, 23.41, 34.27, 32.65, 0, 0, 4.34
2019/05/12 05:10:00, 24.00, 23.61, 23.43, 34.28, 32.65, 0, 0, 4.34
2019/05/12 05:11:00, 24.00, 23.61, 23.44, 34.27, 32.62, 0, 0, 4.34
2019/05/12 05:12:00, 24.00, 23.60, 23.45, 34.27, 32.61, 0, 0, 4.34
2019/05/12 05:13:00, 24.00, 23.61, 23.41, 34.25, 32.60, 0, 0, 4.34
2019/05/12 05:14:00, 24.00, 23.60, 23.44, 34.24, 32.60, 0, 0, 4.34
2019/05/12 05:15:00, 24.00, 23.61, 23.41, 34.23, 32.61, 0, 0, 4.34
2019/05/12 05:16:00, 24.00, 23.60, 23.42, 34.24, 32.58, 0, 0, 4.34
2019/05/12 05:17:00, 24.00, 23.60, 23.41, 34.23, 32.58, 0, 0, 4.34
2019/05/12 05:18:00, 24.00, 23.60, 23.43, 34.21, 32.56, 0, 0, 4.34
2019/05/12 05:19:00, 24.00, 23.61, 23.42, 34.19, 32.54, 0, 0, 4.34
2019/05/12 05:20:00, 24.00, 23.60, 23.42, 34.16, 32.52, 0, 0, 4.34
2019/05/12 05:21:00, 24.00, 23.60, 23.44, 34.16, 32.51, 0, 0, 4.34
2019/05/12 05:22:00, 24.00, 23.61, 23.41, 34.16, 32.53, 0, 0, 4.34
2019/05/12 05:23:00, 24.00, 23.61, 23.42, 34.17, 32.52, 0, 0, 4.34
2019/05/12 05:24:00, 24.00, 23.60, 23.41, 34.14, 32.49, 0, 0, 4.34
2019/05/12 05:25:00, 24.00, 23.59, 23.42, 34.12, 32.48, 0, 0, 4.34
2019/05/12 05:26:00, 24.00, 23.56, 23.42, 34.11, 32.45, 0, 0, 4.34
2019/05/12 05:27:00, 24.00, 23.60, 23.42, 34.12, 32.46, 0, 0, 4.34
2019/05/12 05:28:00, 24.00, 23.61, 23.41, 34.15, 32.45, 0, 0, 4.34
2019/05/12 05:29:00, 24.00, 23.60, 23.41, 34.08, 32.42, 0, 0, 4.34
2019/05/12 05:30:00, 24.00, 23.63, 23.42, 34.09, 32.43, 0, 0, 4.34
2019/05/12 05:31:00, 24.00, 23.61, 23.41, 34.08, 32.42, 0, 0, 4.34
2019/05/12 05:32:00, 24.00, 23.61, 23.44, 34.01, 32.39, 0, 0, 4.34
2019/05/12 05:33:00, 24.00, 23.61, 23.44, 34.10, 32.37, 0, 0, 4.34
2019/05/12 05:34:00, 24.00, 23.59, 23.45, 34.05, 32.38, 0, 0, 4.34
2019/05/12 05:35:00, 24.00, 23.60, 23.42, 34.04, 32.36, 0, 0, 4.34
2019/05/12 05:36:00, 24.00, 23.60, 23.43, 33.99, 32.38, 0, 0, 4.34
2019/05/12 05:37:00, 24.00, 23.60, 23.43, 33.96, 32.34, 0, 0, 4.34
2019/05/12 05:38:00, 24.00, 23.63, 23.44, 34.00, 32.34, 0, 0, 4.34
2019/05/12 05:39:00, 24.00, 23.57, 23.42, 33.96, 32.33, 0, 0, 4.34
2019/05/12 05:40:00, 24.00, 23.59, 23.42, 33.99, 32.33, 0, 0, 4.34
2019/05/12 05:41:00, 24.00, 23.56, 23.42, 33.96, 32.33, 0, 0, 4.34
2019/05/12 05:42:00, 24.00, 23.60, 23.42, 33.98, 32.33, 0, 0, 4.34
2019/05/12 05:43:00, 24.00, 23.59, 23.41, 34.00, 32.30, 0, 0, 4.34
2019/05/12 05:44:00, 24.00, 23.57, 23.42, 33.98, 32.31, 0, 0, 4.34
2019/05/12 05:45:00, 24.00, 23.60, 23.42, 33.92, 32.31, 0, 0, 4.34
2019/05/12 05:46:00, 24.00, 23.60, 23.42, 33.91, 32.27, 0, 0, 4.34
2019/05/12 05:47:00, 24.00, 23.61, 23.43, 33.91, 32.27, 0, 0, 4.34
2019/05/12 05:48:00, 24.00, 23.59, 23.43, 33.94, 32.26, 0, 0, 4.34
2019/05/12 05:49:00, 24.00, 23.60, 23.42, 33.99, 32.26, 0, 0, 4.34
2019/05/12 05:50:00, 24.00, 23.60, 23.41, 33.88, 32.26, 0, 0, 4.34
2019/05/12 05:51:00, 24.00, 23.60, 23.42, 33.90, 32.23, 0, 0, 4.34
2019/05/12 05:52:00, 24.00, 23.60, 23.44, 33.83, 32.22, 0, 0, 4.34
2019/05/12 05:53:00, 24.00, 23.57, 23.42, 33.88, 32.22, 0, 0, 4.34
2019/05/12 05:54:00, 24.00, 23.59, 23.42, 33.89, 32.20, 0, 0, 4.34
2019/05/12 05:55:00, 24.00, 23.56, 23.41, 33.84, 32.22, 0, 0, 4.34
2019/05/12 05:56:00, 24.00, 23.60, 23.42, 33.84, 32.18, 0, 0, 4.34
2019/05/12 05:57:00, 24.00, 23.59, 23.42, 33.84, 32.19, 0, 0, 4.34
2019/05/12 05:58:00, 24.00, 23.60, 23.43, 33.81, 32.17, 0, 0, 4.34
2019/05/12 05:59:00, 24.00, 23.59, 23.45, 33.83, 32.18, 0, 0, 4.34
2019/05/12 06:00:00, 24.00, 23.61, 23.42, 33.84, 32.16, 0, 0, 4.34
2019/05/12 06:01:00, 24.00, 23.60, 23.41, 33.77, 32.15, 0, 0, 4.34
2019/05/12 06:02:00, 24.00, 23.60, 23.42, 33.81, 32.14, 0, 0, 4.34
2019/05/12 06:03:00, 24.00, 23.61, 23.41, 33.79, 32.15, 0, 0, 4.34
2019/05/12 06:04:00, 24.00, 23.59, 23.39, 33.77, 32.13, 0, 0, 4.34
2019/05/12 06:05:00, 24.00, 23.59, 23.39, 33.74, 32.10, 0, 0, 4.34
2019/05/12 06:06:00, 24.00, 23.59, 23.42, 33.81, 32.10, 0, 0, 4.34
2019/05/12 06:07:00, 24.00, 23.60, 23.42, 33.77, 32.10, 0, 0, 4.34
2019/05/12 06:08:00, 24.00, 23.59, 23.43, 33.78, 32.13, 0, 0, 4.34
2019/05/12 06:09:00, 24.00, 23.59, 23.41, 33.78, 32.10, 0, 0, 4.34
2019/05/12 06:10:00, 24.00, 23.59, 23.39, 33.74, 32.09, 0, 0, 4.34
2019/05/12 06:11:00, 24.00, 23.57, 23.38, 33.77, 32.10, 0, 0, 4.34
2019/05/12 06:12:00, 24.00, 23.57, 23.41, 33.75, 32.10, 0, 0, 4.34
2019/05/12 06:13:00, 24.00, 23.60, 23.45, 33.69, 32.11, 0, 0, 4.34
2019/05/12 06:14:00, 24.00, 23.56, 23.41, 33.74, 32.07, 0, 0, 4.34
2019/05/12 06:15:00, 24.00, 23.59, 23.43, 33.65, 32.04, 0, 0, 4.34
2019/05/12 06:16:00, 24.00, 23.59, 23.39, 33.71, 32.04, 0, 0, 4.34
2019/05/12 06:17:00, 24.00, 23.59, 23.42, 33.72, 32.04, 0, 0, 4.34
2019/05/12 06:18:00, 24.00, 23.60, 23.41, 33.69, 32.04, 0, 0, 4.34
2019/05/12 06:19:00, 24.00, 23.57, 23.41, 33.66, 32.04, 0, 0, 4.34
2019/05/12 06:20:00, 24.00, 23.56, 23.41, 33.68, 32.00, 0, 0, 4.34
2019/05/12 06:21:00, 24.00, 23.59, 23.41, 33.66, 32.01, 0, 0, 4.34
2019/05/12 06:22:00, 24.00, 23.60, 23.42, 33.69, 32.04, 0, 0, 4.34
2019/05/12 06:23:00, 24.00, 23.59, 23.39, 33.63, 32.00, 0, 0, 4.34
2019/05/12 06:24:00, 24.00, 23.60, 23.43, 33.56, 31.98, 0, 0, 4.34
2019/05/12 06:25:00, 24.00, 23.57, 23.41, 33.63, 31.99, 0, 0, 4.34
2019/05/12 06:26:00, 24.00, 23.61, 23.39, 33.59, 31.97, 0, 0, 4.34
2019/05/12 06:27:00, 24.00, 23.57, 23.41, 33.59, 31.98, 0, 0, 4.34
2019/05/12 06:28:00, 24.00, 23.57, 23.42, 33.60, 32.00, 0, 0, 4.34
2019/05/12 06:29:00, 24.00, 23.57, 23.44, 33.58, 31.97, 0, 0, 4.34
2019/05/12 06:30:00, 24.00, 23.57, 23.41, 33.59, 31.97, 0, 0, 4.34
2019/05/12 06:31:00, 24.00, 23.59, 23.41, 33.58, 31.97, 0, 0, 4.34
2019/05/12 06:32:00, 24.00, 23.57, 23.42, 33.58, 31.96, 0, 0, 4.34
2019/05/12 06:33:00, 24.00, 23.57, 23.43, 33.62, 31.96, 0, 0, 4.34
2019/05/12 06:34:00, 24.00, 23.56, 23.41, 33.55, 31.94, 0, 0, 4.34
2019/05/12 06:35:00, 24.00, 23.59, 23.41, 33.52, 31.91, 0, 0, 4.34
2019/05/12 06:36:00, 24.00, 23.60, 23.41, 33.56, 31.93, 0, 0, 4.34
2019/05/12 06:37:00, 24.00, 23.61, 23.41, 33.52, 31.88, 0, 0, 4.34
2019/05/12 06:38:00, 24.00, 23.57, 23.42, 33.49, 31.87, 0, 0, 4.34
2019/05/12 06:39:00, 24.00, 23.61, 23.44, 33.52, 31.89, 0, 0, 4.34
2019/05/12 06:40:00, 24.00, 23.57, 23.42, 33.49, 31.91, 0, 0, 4.34
2019/05/12 06:41:00, 24.00, 23.60, 23.41, 33.49, 31.87, 0, 0, 4.34
2019/05/12 06:42:00, 24.00, 23.60, 23.44, 33.47, 31.85, 0, 0, 4.34
2019/05/12 06:43:00, 24.00, 23.61, 23.41, 33.44, 31.85, 0, 0, 4.34
2019/05/12 06:44:00, 24.00, 23.60, 23.41, 33.52, 31.88, 0, 0, 4.34
2019/05/12 06:45:00, 24.00, 23.60, 23.42, 33.44, 31.86, 0, 0, 4.34
2019/05/12 06:46:00, 24.00, 23.60, 23.42, 33.53, 31.86, 0, 0, 4.34
2019/05/12 06:47:00, 24.00, 23.60, 23.44, 33.47, 31.87, 0, 0, 4.34
2019/05/12 06:48:00, 24.00, 23.60, 23.41, 33.50, 31.84, 0, 0, 4.34
2019/05/12 06:49:00, 24.00, 23.60, 23.43, 33.46, 31.82, 0, 0, 4.34
2019/05/12 06:50:00, 24.00, 23.59, 23.42, 33.49, 31.83, 0, 0, 4.34
2019/05/12 06:51:00, 24.00, 23.59, 23.42, 33.47, 31.84, 0, 0, 4.34
2019/05/12 06:52:00, 24.00, 23.60, 23.43, 33.45, 31.82, 0, 0, 4.34
2019/05/12 06:53:00, 24.00, 23.60, 23.41, 33.40, 31.80, 0, 0, 4.34
2019/05/12 06:54:00, 24.00, 23.60, 23.42, 33.42, 31.81, 0, 0, 4.34
2019/05/12 06:55:00, 24.00, 23.60, 23.43, 33.42, 31.80, 0, 0, 4.34
2019/05/12 06:56:00, 24.00, 23.61, 23.44, 33.42, 31.79, 0, 0, 4.34
2019/05/12 06:57:00, 24.00, 23.61, 23.45, 33.43, 31.77, 0, 0, 4.34
2019/05/12 06:58:00, 24.00, 23.59, 23.41, 33.39, 31.78, 0, 0, 4.34
2019/05/12 06:59:00, 24.00, 23.61, 23.44, 33.40, 31.78, 0, 0, 4.34
2019/05/12 07:00:00, 24.00, 23.61, 23.43, 33.37, 31.77, 0, 0, 4.34
2019/05/12 07:01:00, 24.00, 23.60, 23.44, 33.46, 31.77, 0, 0, 4.34
2019/05/12 07:02:00, 24.00, 23.61, 23.42, 33.37, 31.78, 0, 0, 4.34
2019/05/12 07:03:00, 24.00, 23.61, 23.45, 33.36, 31.73, 0, 0, 4.34
2019/05/12 07:04:00, 24.00, 23.60, 23.43, 33.36, 31.73, 0, 0, 4.34
2019/05/12 07:05:00, 24.00, 23.63, 23.43, 33.36, 31.73, 0, 0, 4.34
2019/05/12 07:06:00, 24.00, 23.61, 23.44, 33.29, 31.69, 0, 0, 4.34
2019/05/12 07:07:00, 24.00, 23.63, 23.44, 33.40, 31.73, 0, 0, 4.34
2019/05/12 07:08:00, 24.00, 23.63, 23.44, 33.37, 31.75, 0, 0, 4.34
2019/05/12 07:09:00, 24.00, 23.63, 23.45, 33.32, 31.73, 0, 0, 4.34
2019/05/12 07:10:00, 24.00, 23.61, 23.44, 33.29, 31.69, 0, 0, 4.34
2019/05/12 07:11:00, 24.00, 23.60, 23.46, 33.33, 31.69, 0, 0, 4.34
2019/05/12 07:12:00, 24.00, 23.61, 23.45, 33.30, 31.69, 0, 0, 4.34
2019/05/12 07:13:00, 24.00, 23.63, 23.46, 33.30, 31.67, 0, 0, 4.34
2019/05/12 07:14:00, 24.00, 23.61, 23.44, 33.27, 31.67, 0, 0, 4.34
2019/05/12 07:15:00, 24.00, 23.64, 23.46, 33.26, 31.63, 0, 0, 4.34
2019/05/12 07:16:00, 24.00, 23.65, 23.48, 33.26, 31.65, 0, 0, 4.34
2019/05/12 07:17:00, 24.00, 23.64, 23.45, 33.32, 31.65, 0, 0, 4.34
2019/05/12 07:18:00, 24.00, 23.61, 23.47, 33.29, 31.62, 0, 0, 4.34
2019/05/12 07:19:00, 24.00, 23.64, 23.47, 33.24, 31.62, 0, 0, 4.34
2019/05/12 07:20:00, 24.00, 23.65, 23.45, 33.24, 31.62, 0, 0, 4.34
2019/05/12 07:21:00, 24.00, 23.64, 23.46, 33.30, 31.62, 0, 0, 4.34
2019/05/12 07:22:00, 24.00, 23.64, 23.48, 33.24, 31.62, 0, 0, 4.34
2019/05/12 07:23:00, 24.00, 23.63, 23.47, 33.18, 31.59, 0, 0, 4.34
2019/05/12 07:24:00, 24.00, 23.63, 23.45, 33.21, 31.62, 0, 0, 4.34
2019/05/12 07:25:00, 24.00, 23.64, 23.48, 33.20, 31.61, 0, 0, 4.34
2019/05/12 07:26:00, 24.00, 23.64, 23.50, 33.24, 31.63, 0, 0, 4.34
2019/05/12 07:27:00, 24.00, 23.67, 23.47, 33.18, 31.62, 0, 0, 4.34
2019/05/12 07:28:00, 24.00, 23.67, 23.49, 33.17, 31.59, 0, 0, 4.34
2019/05/12 07:29:00, 24.00, 23.67, 23.50, 33.24, 31.56, 0, 0, 4.34
2019/05/12 07:30:00, 24.00, 23.67, 23.49, 33.19, 31.57, 0, 0, 4.34
2019/05/12 07:31:00, 24.00, 23.65, 23.49, 33.17, 31.55, 0, 0, 4.34
2019/05/12 07:32:00, 24.00, 23.67, 23.49, 33.20, 31.55, 0, 0, 4.34
2019/05/12 07:33:00, 24.00, 23.64, 23.49, 33.20, 31.57, 0, 0, 4.34
2019/05/12 07:34:00, 24.00, 23.67, 23.48, 33.19, 31.58, 0, 0, 4.34
2019/05/12 07:35:00, 24.00, 23.65, 23.48, 33.16, 31.57, 0, 0, 4.34
2019/05/12 07:36:00, 24.00, 23.65, 23.50, 33.10, 31.51, 0, 0, 4.34
2019/05/12 07:37:00, 24.00, 23.67, 23.51, 33.08, 31.53, 0, 0, 4.34
2019/05/12 07:38:00, 24.00, 23.68, 23.50, 33.17, 31.55, 0, 0, 4.34
2019/05/12 07:39:00, 24.00, 23.68, 23.51, 33.13, 31.49, 0, 0, 4.34
2019/05/12 07:40:00, 24.00, 23.70, 23.52, 33.10, 31.49, 0, 0, 4.34
2019/05/12 07:41:00, 24.00, 23.68, 23.51, 33.11, 31.49, 0, 0, 4.34
2019/05/12 07:42:00, 24.00, 23.70, 23.52, 33.14, 31.51, 0, 0, 4.34
2019/05/12 07:43:00, 24.00, 23.70, 23.51, 33.07, 31.49, 0, 0, 4.34
2019/05/12 07:44:00, 24.00, 23.68, 23.50, 33.09, 31.47, 0, 0, 4.34
2019/05/12 07:45:00, 24.00, 23.70, 23.52, 33.07, 31.47, 0, 0, 4.34
2019/05/12 07:46:00, 24.00, 23.71, 23.51, 33.04, 31.49, 0, 0, 4.34
2019/05/12 07:47:00, 24.00, 23.70, 23.51, 33.07, 31.46, 0, 0, 4.34
2019/05/12 07:48:00, 24.00, 23.71, 23.51, 33.06, 31.46, 0, 0, 4.34
2019/05/12 07:49:00, 24.00, 23.68, 23.50, 33.13, 31.49, 0, 0, 4.34
2019/05/12 07:50:00, 24.00, 23.67, 23.53, 33.10, 31.47, 0, 0, 4.34
2019/05/12 07:51:00, 24.00, 23.70, 23.51, 33.08, 31.48, 0, 0, 4.34
2019/05/12 07:52:00, 24.00, 23.67, 23.51, 33.14, 31.49, 0, 0, 4.34
2019/05/12 07:53:00, 24.00, 23.68, 23.51, 33.09, 31.49, 0, 0, 4.34
2019/05/12 07:54:00, 24.00, 23.70, 23.54, 33.09, 31.46, 0, 0, 4.34
2019/05/12 07:55:00, 24.00, 23.70, 23.52, 33.04, 31.43, 0, 0, 4.34
2019/05/12 07:56:00, 24.00, 23.65, 23.50, 33.10, 31.46, 0, 0, 4.34
2019/05/12 07:57:00, 24.00, 23.71, 23.51, 33.07, 31.47, 0, 0, 4.34
2019/05/12 07:58:00, 24.00, 23.68, 23.49, 33.03, 31.46, 0, 0, 4.34
2019/05/12 07:59:00, 24.25, 23.70, 23.52, 33.04, 31.46, 0, 0, 4.34
2019/05/12 08:00:00, 24.00, 23.70, 23.53, 33.04, 31.44, 0, 0, 4.34
2019/05/12 08:01:00, 24.00, 23.73, 23.53, 33.04, 31.45, 0, 0, 4.34
2019/05/12 08:02:00, 24.00, 23.71, 23.54, 33.05, 31.44, 0, 0, 4.34
2019/05/12 08:03:00, 24.00, 23.73, 23.56, 33.03, 31.43, 0, 0, 4.34
2019/05/12 08:04:00, 24.00, 23.73, 23.53, 33.00, 31.39, 0, 0, 4.34
2019/05/12 08:05:00, 24.25, 23.74, 23.57, 33.03, 31.41, 0, 0, 4.34
2019/05/12 08:06:00, 24.25, 23.74, 23.59, 33.02, 31.39, 0, 0, 4.34
2019/05/12 08:07:00, 24.00, 23.77, 23.58, 32.97, 31.39, 0, 0, 4.34
2019/05/12 08:08:00, 24.25, 23.74, 23.59, 32.93, 31.33, 0, 0, 4.34
2019/05/12 08:09:00, 24.25, 23.79, 23.58, 32.87, 31.35, 0, 0, 4.34
2019/05/12 08:10:00, 24.25, 23.76, 23.59, 32.93, 31.33, 0, 0, 4.34
2019/05/12 08:11:00, 24.25, 23.77, 23.61, 32.90, 31.31, 0, 0, 4.34
2019/05/12 08:12:00, 24.25, 23.79, 23.62, 32.89, 31.29, 0, 0, 4.34
2019/05/12 08:13:00, 24.25, 23.77, 23.61, 32.90, 31.30, 0, 0, 4.34
2019/05/12 08:14:00, 24.25, 23.81, 23.63, 32.90, 31.29, 0, 0, 4.34
2019/05/12 08:15:00, 24.25, 23.81, 23.63, 32.89, 31.30, 0, 0, 4.34
2019/05/12 08:16:00, 24.25, 23.81, 23.63, 32.89, 31.26, 0, 0, 4.34
2019/05/12 08:17:00, 24.25, 23.83, 23.66, 32.86, 31.28, 0, 0, 4.34
2019/05/12 08:18:00, 24.25, 23.84, 23.65, 32.84, 31.25, 0, 0, 4.34
2019/05/12 08:19:00, 24.25, 23.87, 23.68, 32.86, 31.23, 0, 0, 4.34
2019/05/12 08:20:00, 24.25, 23.87, 23.67, 32.75, 31.20, 0, 0, 4.34
2019/05/12 08:21:00, 24.25, 23.84, 23.69, 32.75, 31.19, 0, 0, 4.34
2019/05/12 08:22:00, 24.25, 23.88, 23.68, 32.80, 31.19, 0, 0, 4.34
2019/05/12 08:23:00, 24.25, 23.90, 23.71, 32.76, 31.20, 0, 0, 4.34
2019/05/12 08:24:00, 24.25, 23.90, 23.72, 32.75, 31.17, 0, 0, 4.34
2019/05/12 08:25:00, 24.25, 23.90, 23.72, 32.71, 31.14, 0, 0, 4.34
2019/05/12 08:26:00, 24.25, 23.90, 23.74, 32.75, 31.13, 0, 0, 4.34
2019/05/12 08:27:00, 24.25, 23.88, 23.73, 32.70, 31.13, 0, 0, 4.34
2019/05/12 08:28:00, 24.25, 23.91, 23.73, 32.77, 31.15, 0, 0, 4.34
2019/05/12 08:29:00, 24.25, 23.91, 23.75, 32.74, 31.16, 0, 0, 4.34
2019/05/12 08:30:00, 24.25, 23.97, 23.77, 32.73, 31.17, 0, 0, 4.34
2019/05/12 08:31:00, 24.25, 23.94, 23.77, 32.70, 31.14, 0, 0, 4.34
2019/05/12 08:32:00, 24.25, 23.95, 23.76, 32.70, 31.12, 0, 0, 4.34
2019/05/12 08:33:00, 24.25, 23.97, 23.78, 32.71, 31.13, 0, 0, 4.34
2019/05/12 08:34:00, 24.25, 23.94, 23.79, 32.67, 31.10, 0, 0, 4.34
2019/05/12 08:35:00, 24.25, 23.98, 23.77, 32.67, 31.09, 0, 0, 4.34
2019/05/12 08:36:00, 24.25, 23.95, 23.80, 32.69, 31.09, 0, 0, 4.34
2019/05/12 08:37:00, 24.25, 23.97, 23.77, 32.70, 31.10, 0, 0, 4.34
2019/05/12 08:38:00, 24.25, 23.95, 23.76, 32.67, 31.10, 0, 0, 4.34
2019/05/12 08:39:00, 24.25, 23.95, 23.78, 32.69, 31.11, 0, 0, 4.34
2019/05/12 08:40:00, 24.25, 23.97, 23.77, 32.65, 31.11, 0, 0, 4.34
2019/05/12 08:41:00, 24.25, 23.97, 23.77, 32.70, 31.12, 0, 0, 4.34
2019/05/12 08:42:00, 24.25, 23.95, 23.77, 32.71, 31.10, 0, 0, 4.34
2019/05/12 08:43:00, 24.25, 23.94, 23.77, 32.75, 31.13, 0, 0, 4.34
2019/05/12 08:44:00, 24.25, 23.95, 23.77, 32.73, 31.15, 0, 0, 4.34
2019/05/12 08:45:00, 24.25, 23.95, 23.79, 32.70, 31.13, 0, 0, 4.34
2019/05/12 08:46:00, 24.25, 23.97, 23.78, 32.76, 31.12, 0, 0, 4.34
2019/05/12 08:47:00, 24.25, 23.94, 23.78, 32.73, 31.11, 0, 0, 4.34
2019/05/12 08:48:00, 24.25, 23.98, 23.78, 32.75, 31.12, 0, 0, 4.34
2019/05/12 08:49:00, 24.25, 23.97, 23.79, 32.75, 31.10, 0, 0, 4.34
2019/05/12 08:50:00, 24.25, 23.97, 23.77, 32.72, 31.11, 0, 0, 4.34
2019/05/12 08:51:00, 24.25, 23.98, 23.78, 32.69, 31.11, 0, 0, 4.34
2019/05/12 08:52:00, 24.25, 23.97, 23.79, 32.69, 31.13, 0, 0, 4.34
2019/05/12 08:53:00, 24.25, 23.98, 23.80, 32.69, 31.12, 0, 0, 4.34
2019/05/12 08:54:00, 24.25, 23.97, 23.79, 32.67, 31.12, 0, 0, 4.34
2019/05/12 08:55:00, 24.25, 23.98, 23.79, 32.70, 31.12, 0, 0, 4.34
2019/05/12 08:56:00, 24.25, 23.98, 23.81, 32.72, 31.12, 0, 0, 4.34
2019/05/12 08:57:00, 24.25, 23.97, 23.80, 32.67, 31.11, 0, 0, 4.34
2019/05/12 08:58:00, 24.25, 23.99, 23.81, 32.72, 31.12, 0, 0, 4.34
2019/05/12 08:59:00, 24.25, 23.99, 23.79, 32.72, 31.12, 0, 0, 4.34
2019/05/12 09:00:00, 24.25, 23.95, 23.79, 32.72, 31.12, 0, 0, 4.34
2019/05/12 09:01:00, 24.25, 23.95, 23.81, 32.72, 31.12, 0, 0, 4.34
2019/05/12 09:02:00, 24.25, 23.94, 23.78, 32.77, 31.12, 0, 0, 4.34
2019/05/12 09:03:00, 24.25, 23.98, 23.78, 32.71, 31.15, 0, 0, 4.34
2019/05/12 09:04:00, 24.25, 23.98, 23.79, 32.76, 31.14, 0, 0, 4.34
2019/05/12 09:05:00, 24.25, 23.97, 23.79, 32.79, 31.17, 0, 0, 4.34
2019/05/12 09:06:00, 24.25, 23.97, 23.78, 32.76, 31.18, 0, 0, 4.34
2019/05/12 09:07:00, 24.25, 23.95, 23.80, 32.69, 31.14, 0, 0, 4.34
2019/05/12 09:08:00, 24.25, 23.97, 23.80, 32.76, 31.17, 0, 0, 4.34
2019/05/12 09:09:00, 24.25, 23.97, 23.78, 32.75, 31.14, 0, 0, 4.34
2019/05/12 09:10:00, 24.25, 23.97, 23.78, 32.66, 31.11, 0, 0, 4.34
2019/05/12 09:11:00, 24.25, 23.97, 23.78, 32.68, 31.12, 0, 0, 4.34
2019/05/12 09:12:00, 24.25, 23.98, 23.79, 32.72, 31.14, 0, 0, 4.34
2019/05/12 09:13:00, 24.25, 23.98, 23.79, 32.72, 31.11, 0, 0, 4.34
2019/05/12 09:14:00, 24.25, 23.98, 23.81, 32.69, 31.11, 0, 0, 4.34
2019/05/12 09:15:00, 24.25, 23.99, 23.79, 32.69, 31.13, 0, 0, 4.34
2019/05/12 09:16:00, 24.25, 23.99, 23.82, 32.70, 31.12, 0, 0, 4.34
2019/05/12 09:17:00, 24.25, 23.98, 23.82, 32.68, 31.11, 0, 0, 4.34
2019/05/12 09:18:00, 24.25, 23.98, 23.81, 32.69, 31.08, 0, 0, 4.34
2019/05/12 09:19:00, 24.25, 23.99, 23.82, 32.63, 31.06, 0, 0, 4.34
2019/05/12 09:20:00, 24.25, 23.99, 23.82, 32.66, 31.07, 0, 0, 4.34
2019/05/12 09:21:00, 24.25, 23.99, 23.82, 32.65, 31.09, 0, 0, 4.34
2019/05/12 09:22:00, 24.25, 23.99, 23.82, 32.63, 31.10, 0, 0, 4.34
2019/05/12 09:23:00, 24.25, 24.02, 23.80, 32.72, 31.10, 0, 0, 4.34
2019/05/12 09:24:00, 24.25, 23.98, 23.81, 32.61, 31.09, 0, 0, 4.34
2019/05/12 09:25:00, 24.25, 23.99, 23.82, 32.60, 31.10, 0, 0, 4.34
2019/05/12 09:26:00, 24.25, 23.99, 23.82, 32.66, 31.08, 0, 0, 4.34
2019/05/12 09:27:00, 24.25, 23.99, 23.83, 32.66, 31.07, 0, 0, 4.34
2019/05/12 09:28:00, 24.25, 24.01, 23.82, 32.67, 31.08, 0, 0, 4.34
2019/05/12 09:29:00, 24.25, 23.98, 23.81, 32.70, 31.09, 0, 0, 4.34
2019/05/12 09:30:00, 24.25, 23.98, 23.81, 32.66, 31.09, 0, 0, 4.34
2019/05/12 09:31:00, 24.25, 23.98, 23.81, 32.60, 31.05, 0, 0, 4.34
2019/05/12 09:32:00, 24.25, 24.01, 23.82, 32.63, 31.05, 0, 0, 4.34
2019/05/12 09:33:00, 24.25, 23.99, 23.81, 32.66, 31.09, 0, 0, 4.34
2019/05/12 09:34:00, 24.25, 23.98, 23.83, 32.62, 31.05, 0, 0, 4.34
2019/05/12 09:35:00, 24.25, 23.98, 23.82, 32.69, 31.07, 0, 0, 4.34
2019/05/12 09:36:00, 24.25, 23.99, 23.80, 32.65, 31.05, 0, 0, 4.34
2019/05/12 09:37:00, 24.25, 23.98, 23.79, 32.67, 31.07, 0, 0, 4.34
2019/05/12 09:38:00, 24.25, 23.98, 23.81, 32.63, 31.09, 0, 0, 4.34
2019/05/12 09:39:00, 24.25, 23.99, 23.83, 32.61, 31.07, 0, 0, 4.34
2019/05/12 09:40:00, 24.25, 24.02, 23.80, 32.66, 31.05, 0, 0, 4.34
2019/05/12 09:41:00, 24.25, 24.01, 23.82, 32.66, 31.05, 0, 0, 4.34
2019/05/12 09:42:00, 24.25, 24.02, 23.84, 32.62, 31.04, 0, 0, 4.34
2019/05/12 09:43:00, 24.25, 24.04, 23.86, 32.63, 31.03, 0, 0, 4.34
2019/05/12 09:44:00, 24.25, 24.02, 23.86, 32.69, 31.02, 0, 0, 4.34
2019/05/12 09:45:00, 24.25, 24.04, 23.86, 32.61, 31.04, 0, 0, 4.34
2019/05/12 09:46:00, 24.25, 24.05, 23.86, 32.53, 31.01, 0, 0, 4.34
2019/05/12 09:47:00, 24.25, 24.05, 23.84, 32.56, 30.99, 0, 0, 4.34
2019/05/12 09:48:00, 24.25, 24.02, 23.86, 32.59, 30.98, 0, 0, 4.34
2019/05/12 09:49:00, 24.25, 24.04, 23.86, 32.61, 31.01, 0, 0, 4.34
2019/05/12 09:50:00, 24.25, 24.04, 23.86, 32.61, 31.00, 0, 0, 4.34
2019/05/12 09:51:00, 24.25, 24.05, 23.88, 32.59, 31.01, 0, 0, 4.34
2019/05/12 09:52:00, 24.25, 24.04, 23.86, 32.59, 31.01, 0, 0, 4.34
2019/05/12 09:53:00, 24.25, 24.05, 23.88, 32.61, 30.97, 0, 0, 4.34
2019/05/12 09:54:00, 24.25, 24.02, 23.87, 32.56, 31.01, 0, 0, 4.34
2019/05/12 09:55:00, 24.25, 24.05, 23.87, 32.62, 31.02, 0, 0, 4.34
2019/05/12 09:56:00, 24.25, 24.08, 23.87, 32.58, 30.99, 0, 0, 4.34
2019/05/12 09:57:00, 24.25, 24.08, 23.89, 32.56, 30.97, 0, 0, 4.34
2019/05/12 09:58:00, 24.25, 24.07, 23.88, 32.58, 30.99, 0, 0, 4.34
2019/05/12 09:59:00, 24.25, 24.07, 23.89, 32.55, 30.97, 0, 0, 4.34
2019/05/12 10:00:00, 24.25, 24.07, 23.89, 32.55, 30.97, 0, 0, 4.34
2019/05/12 10:01:00, 24.25, 24.05, 23.90, 32.56, 30.97, 0, 0, 4.34
2019/05/12 10:02:00, 24.50, 24.07, 23.88, 32.56, 30.97, 0, 0, 4.34
2019/05/12 10:03:00, 24.25, 24.07, 23.89, 32.52, 30.97, 0, 0, 4.34
2019/05/12 10:04:00, 24.25, 24.08, 23.88, 32.47, 30.95, 0, 0, 4.34
2019/05/12 10:05:00, 24.25, 24.08, 23.89, 32.56, 30.97, 0, 0, 4.34
2019/05/12 10:06:00, 24.50, 24.08, 23.89, 32.55, 30.97, 0, 0, 4.34
2019/05/12 10:07:00, 24.50, 24.08, 23.90, 32.55, 30.95, 0, 0, 4.34
2019/05/12 10:08:00, 24.50, 24.08, 23.89, 32.51, 30.96, 0, 0, 4.34
2019/05/12 10:09:00, 24.50, 24.07, 23.91, 32.56, 30.96, 0, 0, 4.34
2019/05/12 10:10:00, 24.50, 24.08, 23.89, 32.53, 30.96, 0, 0, 4.34
2019/05/12 10:11:00, 24.50, 24.08, 23.88, 32.52, 30.96, 0, 0, 4.34
2019/05/12 10:12:00, 24.50, 24.08, 23.88, 32.55, 30.97, 0, 0, 4.34
2019/05/12 10:13:00, 24.25, 24.08, 23.89, 32.57, 30.95, 0, 0, 4.34
2019/05/12 10:14:00, 24.50, 24.07, 23.90, 32.55, 30.95, 0, 0, 4.34
2019/05/12 10:15:00, 24.50, 24.05, 23.90, 32.58, 30.97, 0, 0, 4.34
2019/05/12 10:16:00, 24.50, 24.08, 23.88, 32.55, 30.96, 0, 0, 4.34
2019/05/12 10:17:00, 24.50, 24.07, 23.92, 32.55, 30.95, 0, 0, 4.34
2019/05/12 10:18:00, 24.50, 24.08, 23.90, 32.53, 30.94, 0, 0, 4.34
2019/05/12 10:19:00, 24.50, 24.08, 23.91, 32.55, 30.94, 0, 0, 4.34
2019/05/12 10:20:00, 24.50, 24.08, 23.91, 32.55, 30.97, 0, 0, 4.34
2019/05/12 10:21:00, 24.50, 24.09, 23.91, 32.57, 30.97, 0, 0, 4.34
2019/05/12 10:22:00, 24.50, 24.08, 23.89, 32.53, 30.96, 0, 0, 4.34
2019/05/12 10:23:00, 24.50, 24.11, 23.88, 32.61, 30.96, 0, 0, 4.34
2019/05/12 10:24:00, 24.50, 24.07, 23.89, 32.57, 30.94, 0, 0, 4.34
2019/05/12 10:25:00, 24.50, 24.08, 23.91, 32.58, 30.98, 0, 0, 4.34
2019/05/12 10:26:00, 24.50, 24.08, 23.90, 32.57, 30.98, 0, 0, 4.34
2019/05/12 10:27:00, 24.50, 24.07, 23.90, 32.56, 31.00, 0, 0, 4.34
2019/05/12 10:28:00, 24.50, 24.05, 23.90, 32.56, 30.98, 0, 0, 4.34
2019/05/12 10:29:00, 24.50, 24.05, 23.88, 32.58, 30.97, 0, 0, 4.34
2019/05/12 10:30:00, 24.50, 24.07, 23.88, 32.58, 30.98, 0, 0, 4.34
2019/05/12 10:31:00, 24.50, 24.08, 23.87, 32.56, 30.97, 0, 0, 4.34
2019/05/12 10:32:00, 24.50, 24.05, 23.88, 32.52, 30.97, 0, 0, 4.34
2019/05/12 10:33:00, 24.50, 24.05, 23.91, 32.57, 30.96, 0, 0, 4.34
2019/05/12 10:34:00, 24.50, 24.05, 23.89, 32.58, 30.99, 0, 0, 4.34
2019/05/12 10:35:00, 24.50, 24.07, 23.90, 32.58, 30.98, 0, 0, 4.34
2019/05/12 10:36:00, 24.50, 24.07, 23.90, 32.58, 31.01, 0, 0, 4.34
2019/05/12 10:37:00, 24.50, 24.08, 23.91, 32.53, 30.99, 0, 0, 4.34
2019/05/12 10:38:00, 24.50, 24.08, 23.88, 32.58, 30.97, 0, 0, 4.34
2019/05/12 10:39:00, 24.50, 24.07, 23.89, 32.58, 31.01, 0, 0, 4.34
2019/05/12 10:40:00, 24.50, 24.07, 23.89, 32.59, 30.98, 0, 0, 4.34
2019/05/12 10:41:00, 24.50, 24.07, 23.89, 32.55, 30.98, 0, 0, 4.34
2019/05/12 10:42:00, 24.50, 24.07, 23.88, 32.61, 30.99, 0, 0, 4.34
2019/05/12 10:43:00, 24.50, 24.07, 23.89, 32.59, 31.00, 0, 0, 4.34
2019/05/12 10:44:00, 24.50, 24.08, 23.89, 32.56, 31.01, 0, 0, 4.34
2019/05/12 10:45:00, 24.50, 24.05, 23.89, 32.59, 30.97, 0, 0, 4.34
2019/05/12 10:46:00, 24.50, 24.08, 23.89, 32.52, 30.97, 0, 0, 4.34
2019/05/12 10:47:00, 24.50, 24.07, 23.88, 32.50, 30.96, 0, 0, 4.34
2019/05/12 10:48:00, 24.50, 24.05, 23.90, 32.53, 30.97, 0, 0, 4.34
2019/05/12 10:49:00, 24.50, 24.05, 23.90, 32.56, 30.98, 0, 0, 4.34
2019/05/12 10:50:00, 24.50, 24.05, 23.89, 32.55, 30.97, 0, 0, 4.34
2019/05/12 10:51:00, 24.50, 24.08, 23.91, 32.61, 30.99, 0, 0, 4.34
2019/05/12 10:52:00, 24.50, 24.08, 23.90, 32.53, 30.99, 0, 0, 4.34
2019/05/12 10:53:00, 24.50, 24.07, 23.90, 32.58, 30.96, 0, 0, 4.34
2019/05/12 10:54:00, 24.50, 24.11, 23.92, 32.55, 30.96, 0, 0, 4.34
2019/05/12 10:55:00, 24.50, 24.09, 23.91, 32.48, 30.95, 0, 0, 4.34
2019/05/12 10:56:00, 24.50, 24.09, 23.92, 32.58, 30.94, 0, 0, 4.34
2019/05/12 10:57:00, 24.50, 24.08, 23.91, 32.48, 30.94, 0, 0, 4.34
2019/05/12 10:58:00, 24.50, 24.08, 23.92, 32.53, 30.95, 0, 0, 4.34
2019/05/12 10:59:00, 24.50, 24.11, 23.92, 32.51, 30.95, 0, 0, 4.34
2019/05/12 11:00:00, 24.50, 24.09, 23.93, 32.48, 30.94, 0, 0, 4.34
2019/05/12 11:01:00, 24.50, 24.09, 23.93, 32.49, 30.91, 0, 0, 4.34
2019/05/12 11:02:00, 24.50, 24.11, 23.93, 32.51, 30.94, 0, 0, 4.34
2019/05/12 11:03:00, 24.50, 24.09, 23.92, 32.53, 30.96, 0, 0, 4.34
2019/05/12 11:04:00, 24.50, 24.12, 23.97, 32.51, 30.94, 0, 0, 4.34
2019/05/12 11:05:00, 24.50, 24.12, 23.95, 32.51, 30.93, 0, 0, 4.34
2019/05/12 11:06:00, 24.50, 24.12, 23.97, 32.49, 30.94, 0, 0, 4.34
2019/05/12 11:07:00, 24.50, 24.11, 23.97, 32.50, 30.94, 0, 0, 4.34
2019/05/12 11:08:00, 24.50, 24.16, 23.97, 32.51, 30.92, 0, 0, 4.34
2019/05/12 11:09:00, 24.50, 24.16, 23.98, 32.46, 30.91, 0, 0, 4.34
2019/05/12 11:10:00, 24.50, 24.16, 23.98, 32.46, 30.88, 0, 0, 4.34
2019/05/12 11:11:00, 24.50, 24.18, 24.00, 32.48, 30.89, 0, 0, 4.34
2019/05/12 11:12:00, 24.50, 24.18, 23.98, 32.48, 30.90, 0, 0, 4.34
2019/05/12 11:13:00, 24.50, 24.20, 24.00, 32.43, 30.89, 0, 0, 4.34
2019/05/12 11:14:00, 24.50, 24.18, 24.02, 32.52, 30.89, 0, 0, 4.34
2019/05/12 11:15:00, 24.50, 24.20, 24.01, 32.50, 30.88, 0, 0, 4.34
2019/05/12 11:16:00, 24.50, 24.19, 24.01, 32.46, 30.89, 0, 0, 4.34
2019/05/12 11:17:00, 24.50, 24.19, 24.00, 32.48, 30.91, 0, 0, 4.34
2019/05/12 11:18:00, 24.50, 24.20, 24.01, 32.52, 30.91, 0, 0, 4.34
2019/05/12 11:19:00, 24.50, 24.20, 24.02, 32.47, 30.89, 0, 0, 4.34
2019/05/12 11:20:00, 24.50, 24.19, 24.01, 32.50, 30.91, 0, 0, 4.34
2019/05/12 11:21:00, 24.50, 24.20, 24.02, 32.51, 30.91, 0, 0, 4.34
2019/05/12 11:22:00, 24.50, 24.19, 24.02, 32.53, 30.94, 0, 0, 4.34
2019/05/12 11:23:00, 24.50, 24.19, 24.05, 32.50, 30.91, 0, 0, 4.34
2019/05/12 11:24:00, 24.50, 24.22, 24.04, 32.47, 30.91, 0, 0, 4.34
2019/05/12 11:25:00, 24.50, 24.20, 24.05, 32.51, 30.94, 0, 0, 4.34
2019/05/12 11:26:00, 24.50, 24.20, 24.05, 32.47, 30.91, 0, 0, 4.34
2019/05/12 11:27:00, 24.50, 24.22, 24.04, 32.50, 30.91, 0, 0, 4.34
2019/05/12 11:28:00, 24.50, 24.20, 24.04, 32.58, 30.95, 0, 0, 4.34
2019/05/12 11:29:00, 24.50, 24.23, 24.04, 32.52, 30.92, 0, 0, 4.34
2019/05/12 11:30:00, 24.50, 24.25, 24.04, 32.57, 30.94, 0, 0, 4.34
2019/05/12 11:31:00, 24.50, 24.22, 24.04, 32.53, 30.94, 0, 0, 4.34
2019/05/12 11:32:00, 24.50, 24.20, 24.04, 32.52, 30.96, 0, 0, 4.34
2019/05/12 11:33:00, 24.50, 24.22, 24.04, 32.52, 30.97, 0, 0, 4.34
2019/05/12 11:34:00, 24.50, 24.20, 24.04, 32.61, 30.99, 0, 0, 4.34
2019/05/12 11:35:00, 24.50, 24.22, 24.06, 32.56, 30.97, 0, 0, 4.34
2019/05/12 11:36:00, 24.50, 24.22, 24.04, 32.56, 30.97, 0, 0, 4.34
2019/05/12 11:37:00, 24.50, 24.23, 24.04, 32.52, 30.98, 0, 0, 4.34
2019/05/12 11:38:00, 24.50, 24.22, 24.04, 32.53, 30.98, 0, 0, 4.34
2019/05/12 11:39:00, 24.50, 24.22, 24.03, 32.59, 31.00, 0, 0, 4.34
2019/05/12 11:40:00, 24.50, 24.23, 24.04, 32.59, 30.97, 0, 0, 4.34
2019/05/12 11:41:00, 24.50, 24.20, 24.04, 32.63, 31.01, 0, 0, 4.34
2019/05/12 11:42:00, 24.50, 24.22, 24.03, 32.57, 31.04, 0, 0, 4.34
2019/05/12 11:43:00, 24.50, 24.19, 24.04, 32.61, 31.04, 0, 0, 4.34
2019/05/12 11:44:00, 24.50, 24.20, 24.04, 32.56, 31.01, 0, 0, 4.34
2019/05/12 11:45:00, 24.50, 24.22, 24.04, 32.57, 31.01, 0, 0, 4.34
2019/05/12 11:46:00, 24.50, 24.23, 24.03, 32.56, 31.01, 0, 0, 4.34
2019/05/12 11:47:00, 24.50, 24.20, 24.04, 32.58, 31.01, 0, 0, 4.34
2019/05/12 11:48:00, 24.50, 24.22, 24.03, 32.59, 31.03, 0, 0, 4.34
2019/05/12 11:49:00, 24.50, 24.20, 24.04, 32.57, 31.00, 0, 0, 4.34
2019/05/12 11:50:00, 24.50, 24.22, 24.05, 32.59, 31.00, 0, 0, 4.34
2019/05/12 11:51:00, 24.50, 24.22, 24.04, 32.58, 31.01, 0, 0, 4.34
2019/05/12 11:52:00, 24.50, 24.20, 24.04, 32.55, 30.97, 0, 0, 4.34
2019/05/12 11:53:00, 24.50, 24.22, 24.02, 32.58, 30.98, 0, 0, 4.34
2019/05/12 11:54:00, 24.50, 24.20, 24.03, 32.59, 30.99, 0, 0, 4.34
2019/05/12 11:55:00, 24.50, 24.19, 24.03, 32.61, 31.01, 0, 0, 4.34
2019/05/12 11:56:00, 24.50, 24.20, 24.04, 32.53, 31.00, 0, 0, 4.34
2019/05/12 11:57:00, 24.50, 24.22, 24.04, 32.57, 30.99, 0, 0, 4.34
2019/05/12 11:58:00, 24.50, 24.20, 24.04, 32.53, 30.98, 0, 0, 4.34
2019/05/12 11:59:00, 24.50, 24.20, 24.04, 32.52, 31.00, 0, 0, 4.34
2019/05/12 12:00:00, 24.50, 24.22, 24.04, 32.52, 30.97, 0, 0, 4.34
2019/05/12 12:01:00, 24.50, 24.20, 24.04, 32.54, 30.98, 0, 0, 4.34
2019/05/12 12:02:00, 24.50, 24.20, 24.04, 32.56, 30.97, 0, 0, 4.34
2019/05/12 12:03:00, 24.50, 24.20, 24.05, 32.59, 30.98, 0, 0, 4.34
2019/05/12 12:04:00, 24.50, 24.20, 24.03, 32.56, 30.97, 0, 0, 4.34
2019/05/12 12:05:00, 24.50, 24.20, 24.04, 32.59, 31.00, 0, 0, 4.34
2019/05/12 12:06:00, 24.50, 24.20, 24.04, 32.53, 30.99, 0, 0, 4.34
2019/05/12 12:07:00, 24.50, 24.20, 24.02, 32.56, 30.97, 0, 0, 4.34
2019/05/12 12:08:00, 24.50, 24.16, 24.01, 32.62, 31.01, 0, 0, 4.34
2019/05/12 12:09:00, 24.50, 24.18, 24.02, 32.57, 31.03, 0, 0, 4.34
2019/05/12 12:10:00, 24.50, 24.18, 23.98, 32.60, 31.02, 0, 0, 4.34
2019/05/12 12:11:00, 24.50, 24.19, 24.02, 32.63, 31.02, 0, 0, 4.34
2019/05/12 12:12:00, 24.50, 24.18, 24.00, 32.62, 31.04, 0, 0, 4.34
2019/05/12 12:13:00, 24.50, 24.19, 24.02, 32.66, 31.07, 0, 0, 4.34
2019/05/12 12:14:00, 24.50, 24.18, 23.98, 32.62, 31.03, 0, 0, 4.34
2019/05/12 12:15:00, 24.50, 24.19, 23.98, 32.65, 31.02, 0, 0, 4.34
2019/05/12 12:16:00, 24.50, 24.15, 24.00, 32.64, 31.04, 0, 0, 4.34
2019/05/12 12:17:00, 24.50, 24.18, 23.98, 32.64, 31.07, 0, 0, 4.34
2019/05/12 12:18:00, 24.50, 24.16, 24.00, 32.69, 31.07, 0, 0, 4.34
2019/05/12 12:19:00, 24.50, 24.18, 24.00, 32.63, 31.07, 0, 0, 4.34
2019/05/12 12:20:00, 24.50, 24.16, 23.98, 32.63, 31.05, 0, 0, 4.34
2019/05/12 12:21:00, 24.50, 24.16, 24.01, 32.63, 31.06, 0, 0, 4.34
2019/05/12 12:22:00, 24.50, 24.15, 23.97, 32.73, 31.07, 0, 0, 4.34
2019/05/12 12:23:00, 24.50, 24.15, 23.95, 32.66, 31.10, 0, 0, 4.34
2019/05/12 12:24:00, 24.50, 24.15, 23.96, 32.67, 31.07, 0, 0, 4.34
2019/05/12 12:25:00, 24.50, 24.14, 23.97, 32.64, 31.05, 0, 0, 4.34
2019/05/12 12:26:00, 24.50, 24.14, 23.95, 32.68, 31.08, 0, 0, 4.34
2019/05/12 12:27:00, 24.50, 24.15, 23.96, 32.69, 31.08, 0, 0, 4.34
2019/05/12 12:28:00, 24.50, 24.14, 23.94, 32.63, 31.09, 0, 0, 4.34
2019/05/12 12:29:00, 24.50, 24.12, 23.94, 32.66, 31.11, 0, 0, 4.34
2019/05/12 12:30:00, 24.50, 24.12, 23.95, 32.67, 31.10, 0, 0, 4.34
2019/05/12 12:31:00, 24.50, 24.14, 23.95, 32.69, 31.13, 0, 0, 4.34
2019/05/12 12:32:00, 24.50, 24.14, 23.94, 32.73, 31.10, 0, 0, 4.34
2019/05/12 12:33:00, 24.50, 24.14, 23.95, 32.71, 31.13, 0, 0, 4.34
2019/05/12 12:34:00, 24.50, 24.14, 23.94, 32.72, 31.13, 0, 0, 4.34
2019/05/12 12:35:00, 24.50, 24.14, 23.95, 32.69, 31.11, 0, 0, 4.34
2019/05/12 12:36:00, 24.50, 24.14, 23.95, 32.67, 31.08, 0, 0, 4.34
2019/05/12 12:37:00, 24.50, 24.12, 23.95, 32.69, 31.07, 0, 0, 4.34
2019/05/12 12:38:00, 24.50, 24.14, 23.96, 32.62, 31.07, 0, 0, 4.34
2019/05/12 12:39:00, 24.50, 24.15, 23.95, 32.63, 31.04, 0, 0, 4.34
2019/05/12 12:40:00, 24.50, 24.15, 23.97, 32.60, 31.04, 0, 0, 4.34
2019/05/12 12:41:00, 24.50, 24.14, 23.95, 32.62, 31.04, 0, 0, 4.34
2019/05/12 12:42:00, 24.50, 24.14, 23.95, 32.64, 31.03, 0, 0, 4.34
2019/05/12 12:43:00, 24.50, 24.15, 23.98, 32.60, 31.04, 0, 0, 4.34
2019/05/12 12:44:00, 24.50, 24.18, 23.96, 32.56, 31.04, 0, 0, 4.34
2019/05/12 12:45:00, 24.50, 24.16, 23.97, 32.56, 31.01, 0, 0, 4.34
2019/05/12 12:46:00, 24.50, 24.15, 23.98, 32.57, 30.99, 0, 0, 4.34
2019/05/12 12:47:00, 24.50, 24.14, 23.97, 32.51, 30.97, 0, 0, 4.34
2019/05/12 12:48:00, 24.50, 24.16, 24.00, 32.53, 30.96, 0, 0, 4.34
2019/05/12 12:49:00, 24.50, 24.16, 24.00, 32.51, 30.95, 0, 0, 4.34
2019/05/12 12:50:00, 24.50, 24.16, 23.98, 32.50, 30.94, 0, 0, 4.34
2019/05/12 12:51:00, 24.50, 24.16, 23.98, 32.50, 30.93, 0, 0, 4.34
2019/05/12 12:52:00, 24.50, 24.18, 24.00, 32.51, 30.94, 0, 0, 4.34
2019/05/12 12:53:00, 24.50, 24.15, 23.98, 32.50, 30.91, 0, 0, 4.34
2019/05/12 12:54:00, 24.50, 24.16, 24.00, 32.50, 30.90, 0, 0, 4.34
2019/05/12 12:55:00, 24.50, 24.16, 24.02, 32.46, 30.88, 0, 0, 4.34
2019/05/12 12:56:00, 24.50, 24.19, 23.98, 32.48, 30.88, 0, 0, 4.34
2019/05/12 12:57:00, 24.50, 24.18, 24.02, 32.41, 30.88, 0, 0, 4.34
2019/05/12 12:58:00, 24.50, 24.19, 24.02, 32.43, 30.86, 0, 0, 4.34
2019/05/12 12:59:00, 24.50, 24.19, 24.01, 32.40, 30.84, 0, 0, 4.34
2019/05/12 13:00:00, 24.50, 24.19, 24.01, 32.37, 30.81, 0, 0, 4.34
2019/05/12 13:01:00, 24.50, 24.20, 24.01, 32.37, 30.82, 0, 0, 4.34
2019/05/12 13:02:00, 24.50, 24.19, 24.02, 32.40, 30.80, 0, 0, 4.34
2019/05/12 13:03:00, 24.50, 24.19, 24.01, 32.38, 30.81, 0, 0, 4.34
2019/05/12 13:04:00, 24.50, 24.18, 23.97, 32.41, 30.81, 0, 0, 4.34
2019/05/12 13:05:00, 24.50, 24.16, 24.00, 32.38, 30.81, 0, 0, 4.34
2019/05/12 13:06:00, 24.50, 24.16, 24.01, 32.40, 30.79, 0, 0, 4.34
2019/05/12 13:07:00, 24.50, 24.15, 24.00, 32.38, 30.79, 0, 0, 4.34
2019/05/12 13:08:00, 24.50, 24.18, 24.01, 32.34, 30.79, 0, 0, 4.34
2019/05/12 13:09:00, 24.50, 24.16, 23.96, 32.37, 30.79, 0, 0, 4.34
2019/05/12 13:10:00, 24.50, 24.16, 23.98, 32.34, 30.79, 0, 0, 4.34
2019/05/12 13:11:00, 24.50, 24.16, 23.97, 32.36, 30.78, 0, 0, 4.34
2019/05/12 13:12:00, 24.50, 24.15, 23.96, 32.38, 30.78, 0, 0, 4.34
2019/05/12 13:13:00, 24.50, 24.15, 23.98, 32.32, 30.78, 0, 0, 4.34
2019/05/12 13:14:00, 24.50, 24.16, 23.95, 32.36, 30.79, 0, 0, 4.34
2019/05/12 13:15:00, 24.50, 24.14, 23.97, 32.33, 30.79, 0, 0, 4.34
2019/05/12 13:16:00, 24.50, 24.12, 23.97, 32.35, 30.78, 0, 0, 4.34
2019/05/12 13:17:00, 24.50, 24.15, 23.96, 32.30, 30.75, 0, 0, 4.34
2019/05/12 13:18:00, 24.50, 24.12, 23.97, 32.35, 30.77, 0, 0, 4.34
2019/05/12 13:19:00, 24.50, 24.14, 23.95, 32.30, 30.77, 0, 0, 4.34
2019/05/12 13:20:00, 24.50, 24.14, 23.94, 32.35, 30.76, 0, 0, 4.34
2019/05/12 13:21:00, 24.50, 24.09, 23.94, 32.30, 30.76, 0, 0, 4.34
2019/05/12 13:22:00, 24.50, 24.14, 23.94, 32.29, 30.75, 0, 0, 4.34
2019/05/12 13:23:00, 24.50, 24.11, 23.94, 32.30, 30.75, 0, 0, 4.34
2019/05/12 13:24:00, 24.50, 24.15, 23.94, 32.26, 30.74, 0, 0, 4.34
2019/05/12 13:25:00, 24.50, 24.14, 23.95, 32.29, 30.75, 0, 0, 4.34
2019/05/12 13:26:00, 24.50, 24.15, 23.96, 32.29, 30.75, 0, 0, 4.34
2019/05/12 13:27:00, 24.50, 24.12, 23.95, 32.32, 30.73, 0, 0, 4.34
2019/05/12 13:28:00, 24.50, 24.11, 23.94, 32.26, 30.71, 0, 0, 4.34
2019/05/12 13:29:00, 24.50, 24.12, 23.96, 32.32, 30.73, 0, 0, 4.34
2019/05/12 13:30:00, 24.50, 24.12, 23.95, 32.26, 30.73, 0, 0, 4.34
2019/05/12 13:31:00, 24.50, 24.15, 23.96, 32.23, 30.72, 0, 0, 4.34
2019/05/12 13:32:00, 24.50, 24.12, 23.96, 32.23, 30.69, 0, 0, 4.34
2019/05/12 13:33:00, 24.50, 24.12, 23.96, 32.23, 30.68, 0, 0, 4.34
2019/05/12 13:34:00, 24.50, 24.15, 23.95, 32.26, 30.68, 0, 0, 4.34
2019/05/12 13:35:00, 24.50, 24.14, 23.97, 32.22, 30.68, 0, 0, 4.34
2019/05/12 13:36:00, 24.50, 24.15, 23.96, 32.26, 30.68, 0, 0, 4.34
2019/05/12 13:37:00, 24.50, 24.16, 23.96, 32.22, 30.67, 0, 0, 4.34
2019/05/12 13:38:00, 24.50, 24.14, 23.96, 32.24, 30.68, 0, 0, 4.34
2019/05/12 13:39:00, 24.50, 24.14, 23.97, 32.23, 30.67, 0, 0, 4.34
2019/05/12 13:40:00, 24.50, 24.12, 23.96, 32.24, 30.65, 0, 0, 4.34
2019/05/12 13:41:00, 24.50, 24.15, 23.96, 32.23, 30.66, 0, 0, 4.34
2019/05/12 13:42:00, 24.50, 24.15, 23.98, 32.23, 30.67, 0, 0, 4.34
2019/05/12 13:43:00, 24.50, 24.15, 23.95, 32.23, 30.67, 0, 0, 4.34
2019/05/12 13:44:00, 24.50, 24.14, 23.96, 32.25, 30.68, 0, 0, 4.34
2019/05/12 13:45:00, 24.50, 24.14, 23.96, 32.28, 30.67, 0, 0, 4.34
2019/05/12 13:46:00, 24.50, 24.14, 23.96, 32.29, 30.67, 0, 0, 4.34
2019/05/12 13:47:00, 24.50, 24.15, 23.96, 32.24, 30.66, 0, 0, 4.34
2019/05/12 13:48:00, 24.50, 24.14, 23.98, 32.28, 30.67, 0, 0, 4.34
2019/05/12 13:49:00, 24.50, 24.18, 23.98, 32.26, 30.68, 0, 0, 4.34
2019/05/12 13:50:00, 24.50, 24.15, 23.97, 32.25, 30.67, 0, 0, 4.34
2019/05/12 13:51:00, 24.50, 24.16, 24.00, 32.30, 30.65, 0, 0, 4.34
2019/05/12 13:52:00, 24.50, 24.15, 23.95, 32.22, 30.67, 0, 0, 4.34
2019/05/12 13:53:00, 24.50, 24.15, 23.97, 32.19, 30.67, 0, 0, 4.34
2019/05/12 13:54:00, 24.50, 24.15, 23.95, 32.25, 30.68, 0, 0, 4.34
2019/05/12 13:55:00, 24.50, 24.16, 23.97, 32.26, 30.67, 0, 0, 4.34
2019/05/12 13:56:00, 24.50, 24.16, 24.00, 32.29, 30.67, 0, 0, 4.34
2019/05/12 13:57:00, 24.50, 24.14, 23.97, 32.26, 30.69, 0, 0, 4.34
2019/05/12 13:58:00, 24.50, 24.16, 23.98, 32.26, 30.68, 0, 0, 4.34
2019/05/12 13:59:00, 24.50, 24.15, 23.98, 32.24, 30.71, 0, 0, 4.34
2019/05/12 14:00:00, 24.50, 24.14, 23.97, 32.32, 30.72, 0, 0, 4.34
2019/05/12 14:01:00, 24.50, 24.19, 24.01, 32.25, 30.71, 0, 0, 4.34
2019/05/12 14:02:00, 24.50, 24.16, 24.02, 32.24, 30.69, 0, 0, 4.34
2019/05/12 14:03:00, 24.50, 24.18, 24.00, 32.24, 30.70, 0, 0, 4.34
2019/05/12 14:04:00, 24.50, 24.18, 24.01, 32.26, 30.71, 0, 0, 4.34
2019/05/12 14:05:00, 24.50, 24.20, 23.98, 32.22, 30.71, 0, 0, 4.34
2019/05/12 14:06:00, 24.50, 24.16, 24.01, 32.30, 30.72, 0, 0, 4.34
2019/05/12 14:07:00, 24.50, 24.19, 24.00, 32.25, 30.70, 0, 0, 4.34
2019/05/12 14:08:00, 24.50, 24.19, 24.01, 32.32, 30.71, 0, 0, 4.34
2019/05/12 14:09:00, 24.50, 24.19, 24.02, 32.27, 30.70, 0, 0, 4.34
2019/05/12 14:10:00, 24.50, 24.19, 24.02, 32.26, 30.68, 0, 0, 4.34
2019/05/12 14:11:00, 24.50, 24.20, 24.01, 32.25, 30.68, 0, 0, 4.34
2019/05/12 14:12:00, 24.50, 24.19, 24.02, 32.28, 30.72, 0, 0, 4.34
2019/05/12 14:13:00, 24.50, 24.19, 24.01, 32.28, 30.72, 0, 0, 4.34
2019/05/12 14:14:00, 24.50, 24.18, 23.98, 32.25, 30.69, 0, 0, 4.34
2019/05/12 14:15:00, 24.50, 24.16, 24.01, 32.28, 30.72, 0, 0, 4.34
2019/05/12 14:16:00, 24.50, 24.18, 24.01, 32.31, 30.72, 0, 0, 4.34
2019/05/12 14:17:00, 24.50, 24.19, 23.98, 32.34, 30.75, 0, 0, 4.34
2019/05/12 14:18:00, 24.50, 24.19, 24.00, 32.32, 30.74, 0, 0, 4.34
2019/05/12 14:19:00, 24.50, 24.18, 24.02, 32.28, 30.74, 0, 0, 4.34
2019/05/12 14:20:00, 24.50, 24.16, 23.97, 32.30, 30.75, 0, 0, 4.34
2019/05/12 14:21:00, 24.50, 24.18, 23.98, 32.35, 30.76, 0, 0, 4.34
2019/05/12 14:22:00, 24.50, 24.19, 23.97, 32.32, 30.76, 0, 0, 4.34
2019/05/12 14:23:00, 24.50, 24.18, 24.01, 32.31, 30.76, 0, 0, 4.34
2019/05/12 14:24:00, 24.50, 24.19, 24.00, 32.26, 30.75, 0, 0, 4.34
2019/05/12 14:25:00, 24.50, 24.19, 23.98, 32.28, 30.75, 0, 0, 4.34
2019/05/12 14:26:00, 24.50, 24.15, 24.00, 32.31, 30.76, 0, 0, 4.34
2019/05/12 14:27:00, 24.50, 24.18, 23.98, 32.37, 30.78, 0, 0, 4.34
2019/05/12 14:28:00, 24.50, 24.18, 24.01, 32.31, 30.78, 0, 0, 4.34
2019/05/12 14:29:00, 24.50, 24.16, 24.00, 32.32, 30.78, 0, 0, 4.34
2019/05/12 14:30:00, 24.50, 24.16, 23.97, 32.32, 30.74, 0, 0, 4.34
2019/05/12 14:31:00, 24.50, 24.15, 24.01, 32.38, 30.76, 0, 0, 4.34
2019/05/12 14:32:00, 24.50, 24.16, 24.01, 32.37, 30.77, 0, 0, 4.34
2019/05/12 14:33:00, 24.50, 24.15, 23.97, 32.40, 30.79, 0, 0, 4.34
2019/05/12 14:34:00, 24.50, 24.16, 23.97, 32.40, 30.79, 0, 0, 4.34
2019/05/12 14:35:00, 24.50, 24.16, 23.98, 32.32, 30.78, 0, 0, 4.34
2019/05/12 14:36:00, 24.50, 24.15, 24.00, 32.35, 30.80, 0, 0, 4.34
2019/05/12 14:37:00, 24.50, 24.15, 23.96, 32.38, 30.80, 0, 0, 4.34
2019/05/12 14:38:00, 24.50, 24.15, 23.97, 32.38, 30.80, 0, 0, 4.34
2019/05/12 14:39:00, 24.50, 24.14, 23.95, 32.30, 30.79, 0, 0, 4.34
2019/05/12 14:40:00, 24.50, 24.15, 23.96, 32.44, 30.84, 0, 0, 4.34
2019/05/12 14:41:00, 24.50, 24.12, 23.94, 32.38, 30.82, 0, 0, 4.34
2019/05/12 14:42:00, 24.50, 24.14, 23.94, 32.42, 30.84, 0, 0, 4.34
2019/05/12 14:43:00, 24.50, 24.14, 23.95, 32.45, 30.84, 0, 0, 4.34
2019/05/12 14:44:00, 24.50, 24.11, 23.93, 32.39, 30.84, 0, 0, 4.34
2019/05/12 14:45:00, 24.50, 24.14, 23.94, 32.42, 30.85, 0, 0, 4.34
2019/05/12 14:46:00, 24.50, 24.15, 23.93, 32.38, 30.84, 0, 0, 4.34
2019/05/12 14:47:00, 24.50, 24.12, 23.95, 32.36, 30.84, 0, 0, 4.34
2019/05/12 14:48:00, 24.50, 24.14, 23.94, 32.39, 30.83, 0, 0, 4.34
2019/05/12 14:49:00, 24.50, 24.12, 23.95, 32.44, 30.84, 0, 0, 4.34
2019/05/12 14:50:00, 24.50, 24.12, 23.95, 32.35, 30.84, 0, 0, 4.34
2019/05/12 14:51:00, 24.50, 24.12, 23.93, 32.41, 30.84, 0, 0, 4.34
2019/05/12 14:52:00, 24.50, 24.11, 23.95, 32.45, 30.84, 0, 0, 4.34
2019/05/12 14:53:00, 24.50, 24.11, 23.95, 32.44, 30.84, 0, 0, 4.34
2019/05/12 14:54:00, 24.50, 24.12, 23.94, 32.35, 30.82, 0, 0, 4.34
2019/05/12 14:55:00, 24.50, 24.14, 23.94, 32.44, 30.83, 0, 0, 4.34
2019/05/12 14:56:00, 24.50, 24.12, 23.93, 32.39, 30.86, 0, 0, 4.34
2019/05/12 14:57:00, 24.50, 24.09, 23.93, 32.44, 30.87, 0, 0, 4.34
2019/05/12 14:58:00, 24.50, 24.12, 23.95, 32.44, 30.84, 0, 0, 4.34
2019/05/12 14:59:00, 24.50, 24.12, 23.95, 32.41, 30.85, 0, 0, 4.34
2019/05/12 15:00:00, 24.50, 24.12, 23.95, 32.41, 30.84, 0, 0, 4.34
2019/05/12 15:01:00, 24.50, 24.14, 23.94, 32.41, 30.85, 0, 0, 4.34
2019/05/12 15:02:00, 24.50, 24.12, 23.95, 32.41, 30.84, 0, 0, 4.34
2019/05/12 15:03:00, 24.50, 24.14, 23.93, 32.41, 30.82, 0, 0, 4.34
2019/05/12 15:04:00, 24.50, 24.12, 23.95, 32.40, 30.84, 0, 0, 4.34
2019/05/12 15:05:00, 24.50, 24.14, 23.95, 32.33, 30.81, 0, 0, 4.34
2019/05/12 15:06:00, 24.50, 24.15, 23.93, 32.36, 30.80, 0, 0, 4.34
2019/05/12 15:07:00, 24.50, 24.12, 23.94, 32.38, 30.81, 0, 0, 4.34
2019/05/12 15:08:00, 24.50, 24.14, 23.93, 32.38, 30.79, 0, 0, 4.34
2019/05/12 15:09:00, 24.50, 24.11, 23.95, 32.36, 30.80, 0, 0, 4.34
2019/05/12 15:10:00, 24.50, 24.15, 23.95, 32.34, 30.80, 0, 0, 4.34
2019/05/12 15:11:00, 24.50, 24.12, 23.96, 32.36, 30.79, 0, 0, 4.34
2019/05/12 15:12:00, 24.50, 24.15, 23.95, 32.32, 30.79, 0, 0, 4.34
2019/05/12 15:13:00, 24.50, 24.14, 23.96, 32.38, 30.78, 0, 0, 4.34
2019/05/12 15:14:00, 24.50, 24.14, 23.96, 32.40, 30.78, 0, 0, 4.34
2019/05/12 15:15:00, 24.50, 24.15, 23.96, 32.36, 30.79, 0, 0, 4.34
2019/05/12 15:16:00, 24.50, 24.16, 23.97, 32.31, 30.76, 0, 0, 4.34
2019/05/12 15:17:00, 24.50, 24.15, 23.97, 32.35, 30.75, 0, 0, 4.34
2019/05/12 15:18:00, 24.50, 24.15, 23.97, 32.26, 30.73, 0, 0, 4.34
2019/05/12 15:19:00, 24.50, 24.15, 23.96, 32.32, 30.74, 0, 0, 4.34
2019/05/12 15:20:00, 24.50, 24.14, 23.97, 32.40, 30.75, 0, 0, 4.34
2019/05/12 15:21:00, 24.50, 24.14, 23.97, 32.36, 30.77, 0, 0, 4.34
2019/05/12 15:22:00, 24.50, 24.11, 23.95, 32.29, 30.75, 0, 0, 4.34
2019/05/12 15:23:00, 24.50, 24.14, 23.94, 32.32, 30.75, 0, 0, 4.34
2019/05/12 15:24:00, 24.50, 24.14, 23.95, 32.32, 30.78, 0, 0, 4.34
2019/05/12 15:25:00, 24.50, 24.12, 23.96, 32.29, 30.75, 0, 0, 4.34
2019/05/12 15:26:00, 24.50, 24.15, 23.95, 32.29, 30.75, 0, 0, 4.34
2019/05/12 15:27:00, 24.50, 24.14, 23.95, 32.26, 30.72, 0, 0, 4.34
2019/05/12 15:28:00, 24.50, 24.14, 23.94, 32.28, 30.72, 0, 0, 4.34
2019/05/12 15:29:00, 24.50, 24.14, 23.93, 32.30, 30.75, 0, 0, 4.34
2019/05/12 15:30:00, 24.50, 24.12, 23.95, 32.33, 30.74, 0, 0, 4.34
2019/05/12 15:31:00, 24.50, 24.12, 23.95, 32.32, 30.74, 0, 0, 4.34
2019/05/12 15:32:00, 24.50, 24.12, 23.94, 32.26, 30.74, 0, 0, 4.34
2019/05/12 15:33:00, 24.50, 24.12, 23.94, 32.26, 30.73, 0, 0, 4.34
2019/05/12 15:34:00, 24.50, 24.15, 23.93, 32.24, 30.72, 0, 0, 4.34
2019/05/12 15:35:00, 24.50, 24.11, 23.93, 32.24, 30.70, 0, 0, 4.34
2019/05/12 15:36:00, 24.50, 24.12, 23.93, 32.32, 30.71, 0, 0, 4.34
2019/05/12 15:37:00, 24.50, 24.14, 23.94, 32.29, 30.73, 0, 0, 4.34
2019/05/12 15:38:00, 24.50, 24.11, 23.94, 32.30, 30.72, 0, 0, 4.34
2019/05/12 15:39:00, 24.50, 24.12, 23.96, 32.25, 30.68, 0, 0, 4.34
2019/05/12 15:40:00, 24.50, 24.12, 23.95, 32.23, 30.68, 0, 0, 4.34
2019/05/12 15:41:00, 24.50, 24.11, 23.95, 32.23, 30.68, 0, 0, 4.34
2019/05/12 15:42:00, 24.50, 24.11, 23.95, 32.20, 30.68, 0, 0, 4.34
2019/05/12 15:43:00, 24.50, 24.11, 23.95, 32.19, 30.65, 0, 0, 4.34
2019/05/12 15:44:00, 24.50, 24.11, 23.94, 32.28, 30.65, 0, 0, 4.34
2019/05/12 15:45:00, 24.50, 24.12, 23.94, 32.22, 30.65, 0, 0, 4.34
2019/05/12 15:46:00, 24.50, 24.14, 23.95, 32.25, 30.68, 0, 0, 4.34
2019/05/12 15:47:00, 24.50, 24.14, 23.94, 32.17, 30.65, 0, 0, 4.34
2019/05/12 15:48:00, 24.50, 24.12, 23.94, 32.17, 30.63, 0, 0, 4.34
2019/05/12 15:49:00, 24.50, 24.12, 23.95, 32.14, 30.62, 0, 0, 4.34
2019/05/12 15:50:00, 24.50, 24.11, 23.95, 32.21, 30.64, 0, 0, 4.34
2019/05/12 15:51:00, 24.50, 24.12, 23.95, 32.17, 30.64, 0, 0, 4.34
2019/05/12 15:52:00, 24.50, 24.09, 23.92, 32.18, 30.62, 0, 0, 4.34
2019/05/12 15:53:00, 24.50, 24.11, 23.94, 32.16, 30.62, 0, 0, 4.34
2019/05/12 15:54:00, 24.50, 24.12, 23.92, 32.19, 30.63, 0, 0, 4.34
2019/05/12 15:55:00, 24.50, 24.12, 23.94, 32.16, 30.61, 0, 0, 4.34
2019/05/12 15:56:00, 24.50, 24.14, 23.96, 32.14, 30.60, 0, 0, 4.34
2019/05/12 15:57:00, 24.50, 24.12, 23.95, 32.13, 30.60, 0, 0, 4.34
2019/05/12 15:58:00, 24.50, 24.11, 23.95, 32.11, 30.58, 0, 0, 4.34
2019/05/12 15:59:00, 24.50, 24.11, 23.94, 32.10, 30.57, 0, 0, 4.34
2019/05/12 16:00:00, 24.50, 24.11, 23.92, 32.10, 30.56, 0, 0, 4.34
2019/05/12 16:01:00, 24.50, 24.11, 23.93, 32.04, 30.54, 0, 0, 4.34
2019/05/12 16:02:00, 24.50, 24.11, 23.92, 32.14, 30.56, 0, 0, 4.34
2019/05/12 16:03:00, 24.50, 24.11, 23.94, 32.17, 30.57, 0, 0, 4.34
2019/05/12 16:04:00, 24.50, 24.12, 23.95, 32.17, 30.60, 0, 0, 4.34
2019/05/12 16:05:00, 24.50, 24.11, 23.93, 32.03, 30.50, 0, 0, 4.34
2019/05/12 16:06:00, 24.50, 24.11, 23.92, 32.07, 30.46, 0, 0, 4.34
2019/05/12 16:07:00, 24.50, 24.11, 23.91, 32.10, 30.53, 0, 0, 4.34
2019/05/12 16:08:00, 24.50, 24.09, 23.90, 32.11, 30.56, 0, 0, 4.34
2019/05/12 16:09:00, 24.50, 24.12, 23.91, 32.11, 30.55, 0, 0, 4.34
2019/05/12 16:10:00, 24.50, 24.08, 23.91, 32.07, 30.52, 0, 0, 4.34
2019/05/12 16:11:00, 24.50, 24.08, 23.93, 32.11, 30.52, 0, 0, 4.34
2019/05/12 16:12:00, 24.50, 24.08, 23.90, 32.02, 30.55, 0, 0, 4.34
2019/05/12 16:13:00, 24.50, 24.09, 23.89, 32.05, 30.52, 0, 0, 4.34
2019/05/12 16:14:00, 24.50, 24.08, 23.89, 32.12, 30.55, 0, 0, 4.34
2019/05/12 16:15:00, 24.50, 24.05, 23.88, 32.08, 30.55, 0, 0, 4.34
2019/05/12 16:16:00, 24.50, 24.04, 23.88, 32.14, 30.55, 0, 0, 4.34
2019/05/12 16:17:00, 24.50, 24.04, 23.88, 32.08, 30.56, 0, 0, 4.34
2019/05/12 16:18:00, 24.50, 24.05, 23.86, 32.03, 30.54, 0, 0, 4.34
2019/05/12 16:19:00, 24.50, 24.02, 23.86, 32.12, 30.55, 0, 0, 4.34
2019/05/12 16:20:00, 24.50, 24.01, 23.83, 32.15, 30.56, 0, 0, 4.34
2019/05/12 16:21:00, 24.50, 24.02, 23.83, 32.15, 30.57, 0, 0, 4.34
2019/05/12 16:22:00, 24.50, 24.01, 23.81, 32.15, 30.59, 0, 0, 4.34
2019/05/12 16:23:00, 24.50, 23.97, 23.80, 32.15, 30.59, 0, 0, 4.34
2019/05/12 16:24:00, 24.50, 23.99, 23.79, 32.16, 30.62, 0, 0, 4.34
2019/05/12 16:25:00, 24.50, 23.98, 23.78, 32.19, 30.62, 0, 0, 4.34
2019/05/12 16:26:00, 24.50, 23.94, 23.79, 32.12, 30.59, 0, 0, 4.34
2019/05/12 16:27:00, 24.50, 23.95, 23.78, 32.17, 30.58, 0, 0, 4.34
2019/05/12 16:28:00, 24.50, 23.95, 23.76, 32.14, 30.58, 0, 0, 4.34
2019/05/12 16:29:00, 24.50, 23.91, 23.76, 32.14, 30.61, 0, 0, 4.34
2019/05/12 16:30:00, 24.50, 23.94, 23.75, 32.11, 30.61, 0, 0, 4.34
2019/05/12 16:31:00, 24.50, 23.94, 23.74, 32.17, 30.59, 0, 0, 4.34
2019/05/12 16:32:00, 24.50, 23.92, 23.76, 32.17, 30.61, 0, 0, 4.34
2019/05/12 16:33:00, 24.50, 23.92, 23.69, 32.12, 30.59, 0, 0, 4.34
2019/05/12 16:34:00, 24.50, 23.91, 23.74, 32.11, 30.57, 0, 0, 4.34
2019/05/12 16:35:00, 24.50, 23.90, 23.73, 32.14, 30.56, 0, 0, 4.34
2019/05/12 16:36:00, 24.50, 23.90, 23.73, 32.11, 30.56, 0, 0, 4.34
2019/05/12 16:37:00, 24.50, 23.88, 23.72, 32.06, 30.56, 0, 0, 4.34
2019/05/12 16:38:00, 24.50, 23.90, 23.72, 32.16, 30.58, 0, 0, 4.34
2019/05/12 16:39:00, 24.50, 23.88, 23.69, 32.14, 30.58, 0, 0, 4.34
2019/05/12 16:40:00, 24.50, 23.88, 23.71, 32.18, 30.59, 0, 0, 4.34
2019/05/12 16:41:00, 24.50, 23.90, 23.69, 32.05, 30.56, 0, 0, 4.34
2019/05/12 16:42:00, 24.50, 23.88, 23.69, 32.11, 30.51, 0, 0, 4.34
2019/05/12 16:43:00, 24.50, 23.88, 23.69, 32.09, 30.54, 0, 0, 4.34
2019/05/12 16:44:00, 24.50, 23.87, 23.69, 32.06, 30.49, 0, 0, 4.34
2019/05/12 16:45:00, 24.50, 23.84, 23.69, 32.06, 30.50, 0, 0, 4.34
2019/05/12 16:46:00, 24.25, 23.85, 23.68, 32.12, 30.52, 0, 0, 4.34
2019/05/12 16:47:00, 24.25, 23.88, 23.69, 32.05, 30.51, 0, 0, 4.34
2019/05/12 16:48:00, 24.50, 23.85, 23.67, 32.05, 30.47, 0, 0, 4.34
2019/05/12 16:49:00, 24.50, 23.85, 23.67, 32.03, 30.48, 0, 0, 4.34
2019/05/12 16:50:00, 24.25, 23.85, 23.65, 32.02, 30.47, 0, 0, 4.34
2019/05/12 16:51:00, 24.50, 23.84, 23.67, 32.02, 30.47, 0, 0, 4.34
2019/05/12 16:52:00, 24.50, 23.84, 23.65, 31.99, 30.45, 0, 0, 4.34
2019/05/12 16:53:00, 24.25, 23.84, 23.67, 32.03, 30.45, 0, 0, 4.34
2019/05/12 16:54:00, 24.25, 23.81, 23.65, 32.03, 30.47, 0, 0, 4.34
2019/05/12 16:55:00, 24.50, 23.81, 23.65, 32.01, 30.44, 0, 0, 4.34
2019/05/12 16:56:00, 24.25, 23.83, 23.65, 32.00, 30.44, 0, 0, 4.34
2019/05/12 16:57:00, 24.25, 23.84, 23.66, 31.97, 30.43, 0, 0, 4.34
2019/05/12 16:58:00, 24.25, 23.81, 23.63, 31.95, 30.42, 0, 0, 4.34
2019/05/12 16:59:00, 24.25, 23.81, 23.66, 32.01, 30.42, 0, 0, 4.34
2019/05/12 17:00:00, 24.25, 23.80, 23.63, 31.98, 30.42, 0, 0, 4.34
2019/05/12 17:01:00, 24.25, 23.83, 23.65, 31.94, 30.38, 0, 0, 4.34
2019/05/12 17:02:00, 24.25, 23.80, 23.65, 31.92, 30.38, 0, 0, 4.34
2019/05/12 17:03:00, 24.25, 23.83, 23.63, 31.97, 30.39, 0, 0, 4.34
2019/05/12 17:04:00, 24.25, 23.81, 23.61, 31.94, 30.36, 0, 0, 4.34
2019/05/12 17:05:00, 24.25, 23.83, 23.62, 31.89, 30.36, 0, 0, 4.34
2019/05/12 17:06:00, 24.25, 23.81, 23.63, 31.94, 30.36, 0, 0, 4.34
2019/05/12 17:07:00, 24.25, 23.83, 23.61, 31.86, 30.35, 0, 0, 4.34
2019/05/12 17:08:00, 24.25, 23.77, 23.61, 31.88, 30.33, 0, 0, 4.34
2019/05/12 17:09:00, 24.25, 23.80, 23.60, 31.89, 30.33, 0, 0, 4.34
2019/05/12 17:10:00, 24.25, 23.80, 23.62, 31.89, 30.32, 0, 0, 4.34
2019/05/12 17:11:00, 24.25, 23.83, 23.60, 31.82, 30.32, 0, 0, 4.34
2019/05/12 17:12:00, 24.25, 23.77, 23.61, 31.86, 30.33, 0, 0, 4.34
2019/05/12 17:13:00, 24.25, 23.77, 23.60, 31.81, 30.30, 0, 0, 4.34
2019/05/12 17:14:00, 24.25, 23.79, 23.60, 31.84, 30.28, 0, 0, 4.34
2019/05/12 17:15:00, 24.25, 23.79, 23.61, 31.83, 30.28, 0, 0, 4.34
2019/05/12 17:16:00, 24.25, 23.79, 23.60, 31.78, 30.27, 0, 0, 4.34
2019/05/12 17:17:00, 24.25, 23.77, 23.61, 31.75, 30.23, 0, 0, 4.34
2019/05/12 17:18:00, 24.25, 23.79, 23.60, 31.79, 30.22, 0, 0, 4.34
2019/05/12 17:19:00, 24.25, 23.79, 23.59, 31.79, 30.23, 0, 0, 4.34
2019/05/12 17:20:00, 24.25, 23.76, 23.58, 31.73, 30.23, 0, 0, 4.34
2019/05/12 17:21:00, 24.25, 23.77, 23.58, 31.75, 30.20, 0, 0, 4.34
2019/05/12 17:22:00, 24.25, 23.76, 23.58, 31.75, 30.21, 0, 0, 4.34
2019/05/12 17:23:00, 24.25, 23.77, 23.60, 31.67, 30.19, 0, 0, 4.34
2019/05/12 17:24:00, 24.25, 23.76, 23.59, 31.76, 30.19, 0, 0, 4.34
2019/05/12 17:25:00, 24.25, 23.77, 23.59, 31.72, 30.16, 0, 0, 4.34
2019/05/12 17:26:00, 24.25, 23.76, 23.59, 31.70, 30.14, 0, 0, 4.34
2019/05/12 17:27:00, 24.25, 23.76, 23.58, 31.62, 30.14, 0, 0, 4.34
2019/05/12 17:28:00, 24.25, 23.77, 23.60, 31.69, 30.12, 0, 0, 4.34
2019/05/12 17:29:00, 24.25, 23.79, 23.60, 31.63, 30.11, 0, 0, 4.34
2019/05/12 17:30:00, 24.25, 23.74, 23.60, 31.61, 30.09, 0, 0, 4.34
2019/05/12 17:31:00, 24.25, 23.76, 23.58, 31.57, 30.07, 0, 0, 4.34
2019/05/12 17:32:00, 24.25, 23.79, 23.58, 31.60, 30.06, 0, 0, 4.34
2019/05/12 17:33:00, 24.25, 23.79, 23.61, 31.57, 30.05, 0, 0, 4.34
2019/05/12 17:34:00, 24.25, 23.77, 23.58, 31.51, 30.04, 0, 0, 4.34
2019/05/12 17:35:00, 24.25, 23.81, 23.60, 31.57, 30.02, 0, 0, 4.34
2019/05/12 17:36:00, 24.25, 23.80, 23.60, 31.51, 30.00, 0, 0, 4.34
2019/05/12 17:37:00, 24.25, 23.80, 23.61, 31.51, 29.99, 0, 0, 4.34
2019/05/12 17:38:00, 24.25, 23.79, 23.62, 31.49, 29.98, 0, 0, 4.34
2019/05/12 17:39:00, 24.25, 23.80, 23.62, 31.44, 29.96, 0, 0, 4.34
2019/05/12 17:40:00, 24.25, 23.81, 23.61, 31.47, 29.94, 0, 0, 4.34
2019/05/12 17:41:00, 24.25, 23.80, 23.63, 31.43, 29.91, 0, 0, 4.34
2019/05/12 17:42:00, 24.25, 23.81, 23.60, 31.40, 29.89, 0, 0, 4.34
2019/05/12 17:43:00, 24.25, 23.83, 23.60, 31.43, 29.90, 0, 0, 4.34
2019/05/12 17:44:00, 24.25, 23.79, 23.61, 31.41, 29.87, 0, 0, 4.34
2019/05/12 17:45:00, 24.25, 23.83, 23.60, 31.38, 29.86, 0, 0, 4.34
2019/05/12 17:46:00, 24.25, 23.81, 23.62, 31.41, 29.87, 0, 0, 4.34
2019/05/12 17:47:00, 24.25, 23.80, 23.61, 31.38, 29.85, 0, 0, 4.34
2019/05/12 17:48:00, 24.25, 23.84, 23.62, 31.32, 29.83, 0, 0, 4.34
2019/05/12 17:49:00, 24.25, 23.81, 23.63, 31.34, 29.82, 0, 0, 4.34
2019/05/12 17:50:00, 24.25, 23.80, 23.61, 31.31, 29.80, 0, 0, 4.34
2019/05/12 17:51:00, 24.25, 23.81, 23.62, 31.26, 29.79, 0, 0, 4.34
2019/05/12 17:52:00, 24.25, 23.80, 23.63, 31.26, 29.75, 0, 0, 4.34
2019/05/12 17:53:00, 24.25, 23.81, 23.60, 31.28, 29.76, 0, 0, 4.34
2019/05/12 17:54:00, 24.25, 23.80, 23.61, 31.22, 29.75, 0, 0, 4.34
2019/05/12 17:55:00, 24.25, 23.80, 23.61, 31.26, 29.72, 0, 0, 4.34
2019/05/12 17:56:00, 24.25, 23.79, 23.63, 31.22, 29.72, 0, 0, 4.34
2019/05/12 17:57:00, 24.25, 23.81, 23.60, 31.23, 29.72, 0, 0, 4.34
2019/05/12 17:58:00, 24.25, 23.80, 23.60, 31.20, 29.71, 0, 0, 4.34
2019/05/12 17:59:00, 24.25, 23.79, 23.60, 31.19, 29.69, 0, 0, 4.34
2019/05/12 18:00:00, 24.25, 23.81, 23.61, 31.14, 29.65, 0, 0, 4.34
2019/05/12 18:01:00, 24.25, 23.81, 23.61, 31.13, 29.65, 0, 0, 4.34
2019/05/12 18:02:00, 24.25, 23.83, 23.60, 31.18, 29.65, 0, 0, 4.34
2019/05/12 18:03:00, 24.25, 23.81, 23.62, 31.12, 29.62, 0, 0, 4.34
2019/05/12 18:04:00, 24.25, 23.80, 23.63, 31.09, 29.61, 0, 0, 4.34
2019/05/12 18:05:00, 24.25, 23.79, 23.61, 31.13, 29.60, 0, 0, 4.34
2019/05/12 18:06:00, 24.25, 23.81, 23.60, 31.09, 29.60, 0, 0, 4.34
2019/05/12 18:07:00, 24.25, 23.80, 23.62, 31.04, 29.59, 0, 0, 4.34
2019/05/12 18:08:00, 24.25, 23.80, 23.60, 31.09, 29.56, 0, 0, 4.34
2019/05/12 18:09:00, 24.25, 23.81, 23.63, 31.03, 29.57, 0, 0, 4.34
2019/05/12 18:10:00, 24.25, 23.80, 23.60, 31.00, 29.52, 0, 0, 4.34
2019/05/12 18:11:00, 24.25, 23.80, 23.62, 31.07, 29.53, 0, 0, 4.34
2019/05/12 18:12:00, 24.25, 23.80, 23.60, 31.03, 29.52, 0, 0, 4.34
2019/05/12 18:13:00, 24.25, 23.80, 23.60, 30.97, 29.50, 0, 0, 4.34
2019/05/12 18:14:00, 24.25, 23.80, 23.60, 31.02, 29.48, 0, 0, 4.34
2019/05/12 18:15:00, 24.25, 23.80, 23.63, 30.94, 29.46, 0, 0, 4.34
2019/05/12 18:16:00, 24.25, 23.81, 23.59, 30.94, 29.47, 0, 0, 4.34
2019/05/12 18:17:00, 24.25, 23.79, 23.57, 30.96, 29.46, 0, 0, 4.34
2019/05/12 18:18:00, 24.25, 23.79, 23.60, 30.95, 29.41, 0, 0, 4.34
2019/05/12 18:19:00, 24.25, 23.79, 23.60, 30.86, 29.40, 0, 0, 4.34
2019/05/12 18:20:00, 24.25, 23.80, 23.59, 30.93, 29.42, 0, 0, 4.34
2019/05/12 18:21:00, 24.25, 23.77, 23.60, 30.91, 29.41, 0, 0, 4.34
2019/05/12 18:22:00, 24.25, 23.80, 23.60, 30.85, 29.41, 0, 0, 4.34
2019/05/12 18:23:00, 24.25, 23.80, 23.60, 30.88, 29.38, 0, 0, 4.34
2019/05/12 18:24:00, 24.25, 23.79, 23.60, 30.81, 29.36, 0, 0, 4.34
2019/05/12 18:25:00, 24.25, 23.76, 23.58, 30.85, 29.34, 0, 0, 4.34
2019/05/12 18:26:00, 24.25, 23.79, 23.59, 30.82, 29.33, 0, 0, 4.34
2019/05/12 18:27:00, 24.25, 23.76, 23.60, 30.82, 29.31, 0, 0, 4.34
2019/05/12 18:28:00, 24.25, 23.79, 23.60, 30.82, 29.30, 0, 0, 4.34
2019/05/12 18:29:00, 24.25, 23.79, 23.59, 30.73, 29.28, 0, 0, 4.34
2019/05/12 18:30:00, 24.25, 23.77, 23.59, 30.71, 29.27, 0, 0, 4.34
2019/05/12 18:31:00, 24.25, 23.79, 23.59, 30.72, 29.27, 0, 0, 4.34
2019/05/12 18:32:00, 24.25, 23.79, 23.58, 30.76, 29.27, 0, 0, 4.34
2019/05/12 18:33:00, 24.25, 23.77, 23.60, 30.75, 29.24, 0, 0, 4.34
2019/05/12 18:34:00, 24.25, 23.77, 23.60, 30.73, 29.25, 0, 0, 4.34
2019/05/12 18:35:00, 24.25, 23.77, 23.59, 30.73, 29.25, 0, 0, 4.34
2019/05/12 18:36:00, 24.25, 23.79, 23.58, 30.72, 29.24, 0, 0, 4.34
2019/05/12 18:37:00, 24.25, 23.79, 23.58, 30.66, 29.19, 0, 0, 4.34
2019/05/12 18:38:00, 24.25, 23.79, 23.60, 30.67, 29.17, 0, 0, 4.34
2019/05/12 18:39:00, 24.25, 23.79, 23.58, 30.63, 29.17, 0, 0, 4.34
2019/05/12 18:40:00, 24.25, 23.77, 23.60, 30.63, 29.14, 0, 0, 4.34
2019/05/12 18:41:00, 24.25, 23.76, 23.58, 30.63, 29.14, 0, 0, 4.34
2019/05/12 18:42:00, 24.25, 23.74, 23.58, 30.60, 29.10, 0, 0, 4.34
2019/05/12 18:43:00, 24.25, 23.74, 23.57, 30.63, 29.11, 0, 0, 4.34
2019/05/12 18:44:00, 24.25, 23.76, 23.54, 30.60, 29.14, 0, 0, 4.34
2019/05/12 18:45:00, 24.25, 23.76, 23.57, 30.61, 29.12, 0, 0, 4.34
2019/05/12 18:46:00, 24.25, 23.74, 23.57, 30.58, 29.09, 0, 0, 4.34
2019/05/12 18:47:00, 24.25, 23.76, 23.56, 30.58, 29.08, 0, 0, 4.34
2019/05/12 18:48:00, 24.25, 23.74, 23.56, 30.60, 29.07, 0, 0, 4.34
2019/05/12 18:49:00, 24.25, 23.76, 23.56, 30.53, 29.09, 0, 0, 4.34
2019/05/12 18:50:00, 24.25, 23.73, 23.56, 30.53, 29.07, 0, 0, 4.34
2019/05/12 18:51:00, 24.25, 23.74, 23.54, 30.51, 29.04, 0, 0, 4.34
2019/05/12 18:52:00, 24.25, 23.73, 23.54, 30.50, 29.02, 0, 0, 4.34
2019/05/12 18:53:00, 24.25, 23.74, 23.53, 30.54, 29.02, 0, 0, 4.34
2019/05/12 18:54:00, 24.25, 23.71, 23.54, 30.48, 29.02, 0, 0, 4.34
2019/05/12 18:55:00, 24.25, 23.73, 23.51, 30.48, 28.98, 0, 0, 4.34
2019/05/12 18:56:00, 24.25, 23.73, 23.53, 30.48, 29.01, 0, 0, 4.34
2019/05/12 18:57:00, 24.25, 23.73, 23.54, 30.50, 28.98, 0, 0, 4.34
2019/05/12 18:58:00, 24.25, 23.68, 23.53, 30.44, 28.95, 0, 0, 4.34
2019/05/12 18:59:00, 24.25, 23.70, 23.53, 30.44, 28.95, 0, 0, 4.34
2019/05/12 19:00:00, 24.25, 23.73, 23.53, 30.44, 28.95, 0, 0, 4.34
2019/05/12 19:01:00, 24.25, 23.73, 23.52, 30.40, 28.91, 0, 0, 4.34
2019/05/12 19:02:00, 24.25, 23.68, 23.53, 30.43, 28.91, 0, 0, 4.34
2019/05/12 19:03:00, 24.25, 23.70, 23.52, 30.44, 28.93, 0, 0, 4.34
2019/05/12 19:04:00, 24.25, 23.68, 23.54, 30.42, 28.92, 0, 0, 4.34
2019/05/12 19:05:00, 24.25, 23.68, 23.50, 30.39, 28.91, 0, 0, 4.34
2019/05/12 19:06:00, 24.25, 23.70, 23.49, 30.35, 28.91, 0, 0, 4.34
2019/05/12 19:07:00, 24.25, 23.68, 23.51, 30.31, 28.85, 0, 0, 4.34
2019/05/12 19:08:00, 24.25, 23.70, 23.50, 30.31, 28.85, 0, 0, 4.34
2019/05/12 19:09:00, 24.25, 23.71, 23.50, 30.30, 28.82, 0, 0, 4.34
2019/05/12 19:10:00, 24.25, 23.68, 23.47, 30.27, 28.79, 0, 0, 4.34
2019/05/12 19:11:00, 24.25, 23.67, 23.49, 30.30, 28.82, 0, 0, 4.34
2019/05/12 19:12:00, 24.25, 23.68, 23.51, 30.27, 28.81, 0, 0, 4.34
2019/05/12 19:13:00, 24.25, 23.68, 23.50, 30.21, 28.76, 0, 0, 4.34
2019/05/12 19:14:00, 24.25, 23.65, 23.51, 30.26, 28.75, 0, 0, 4.34
2019/05/12 19:15:00, 24.25, 23.65, 23.47, 30.26, 28.75, 0, 0, 4.34
2019/05/12 19:16:00, 24.25, 23.68, 23.49, 30.28, 28.75, 0, 0, 4.34
2019/05/12 19:17:00, 24.25, 23.67, 23.50, 30.24, 28.75, 0, 0, 4.34
2019/05/12 19:18:00, 24.25, 23.67, 23.47, 30.15, 28.72, 0, 0, 4.34
2019/05/12 19:19:00, 24.25, 23.68, 23.50, 30.18, 28.71, 0, 0, 4.34
2019/05/12 19:20:00, 24.25, 23.67, 23.50, 30.18, 28.72, 0, 0, 4.34
2019/05/12 19:21:00, 24.25, 23.65, 23.47, 30.17, 28.69, 0, 0, 4.34
2019/05/12 19:22:00, 24.25, 23.67, 23.48, 30.21, 28.71, 0, 0, 4.34
2019/05/12 19:23:00, 24.25, 23.67, 23.46, 30.15, 28.68, 0, 0, 4.34
2019/05/12 19:24:00, 24.25, 23.67, 23.49, 30.14, 28.66, 0, 0, 4.34
2019/05/12 19:25:00, 24.25, 23.68, 23.48, 30.09, 28.63, 0, 0, 4.34
2019/05/12 19:26:00, 24.25, 23.65, 23.48, 30.12, 28.63, 0, 0, 4.34
2019/05/12 19:27:00, 24.00, 23.67, 23.48, 30.12, 28.60, 0, 0, 4.34
2019/05/12 19:28:00, 24.00, 23.67, 23.45, 30.07, 28.62, 0, 0, 4.34
2019/05/12 19:29:00, 24.25, 23.65, 23.46, 30.08, 28.57, 0, 0, 4.34
2019/05/12 19:30:00, 24.25, 23.64, 23.45, 30.05, 28.56, 0, 0, 4.34
2019/05/12 19:31:00, 24.00, 23.64, 23.47, 30.06, 28.57, 0, 0, 4.34
2019/05/12 19:32:00, 24.25, 23.64, 23.46, 30.06, 28.58, 0, 0, 4.34
2019/05/12 19:33:00, 24.00, 23.65, 23.45, 30.05, 28.55, 0, 0, 4.34
2019/05/12 19:34:00, 24.00, 23.64, 23.47, 30.04, 28.53, 0, 0, 4.34
2019/05/12 19:35:00, 24.00, 23.64, 23.46, 30.02, 28.50, 0, 0, 4.34
2019/05/12 19:36:00, 24.00, 23.63, 23.46, 29.99, 28.52, 0, 0, 4.34
2019/05/12 19:37:00, 24.00, 23.65, 23.46, 29.99, 28.46, 0, 0, 4.34
2019/05/12 19:38:00, 24.00, 23.60, 23.45, 29.97, 28.46, 0, 0, 4.34
2019/05/12 19:39:00, 24.00, 23.64, 23.45, 29.90, 28.46, 0, 0, 4.34
2019/05/12 19:40:00, 24.00, 23.64, 23.44, 29.93, 28.44, 0, 0, 4.34
2019/05/12 19:41:00, 24.00, 23.63, 23.45, 29.93, 28.42, 0, 0, 4.34
2019/05/12 19:42:00, 24.00, 23.63, 23.45, 29.90, 28.39, 0, 0, 4.34
2019/05/12 19:43:00, 24.00, 23.63, 23.44, 29.81, 28.37, 0, 0, 4.34
2019/05/12 19:44:00, 24.00, 23.60, 23.46, 29.80, 28.38, 0, 0, 4.34
2019/05/12 19:45:00, 24.00, 23.60, 23.44, 29.81, 28.37, 0, 0, 4.34
2019/05/12 19:46:00, 24.00, 23.63, 23.45, 29.82, 28.36, 0, 0, 4.34
2019/05/12 19:47:00, 24.00, 23.61, 23.43, 29.77, 28.33, 0, 0, 4.34
2019/05/12 19:48:00, 24.00, 23.63, 23.45, 29.78, 28.33, 0, 0, 4.34
2019/05/12 19:49:00, 24.00, 23.60, 23.42, 29.74, 28.31, 0, 0, 4.34
2019/05/12 19:50:00, 24.00, 23.60, 23.43, 29.74, 28.27, 0, 0, 4.34
2019/05/12 19:51:00, 24.00, 23.60, 23.42, 29.69, 28.22, 0, 0, 4.34
2019/05/12 19:52:00, 24.00, 23.60, 23.42, 29.65, 28.24, 0, 0, 4.34
2019/05/12 19:53:00, 24.00, 23.60, 23.43, 29.68, 28.21, 0, 0, 4.34
2019/05/12 19:54:00, 24.00, 23.60, 23.39, 29.66, 28.19, 0, 0, 4.34
2019/05/12 19:55:00, 24.00, 23.57, 23.43, 29.66, 28.20, 0, 0, 4.34
2019/05/12 19:56:00, 24.00, 23.60, 23.39, 29.64, 28.21, 0, 0, 4.34
2019/05/12 19:57:00, 24.00, 23.61, 23.41, 29.65, 28.16, 0, 0, 4.34
2019/05/12 19:58:00, 24.00, 23.59, 23.41, 29.62, 28.14, 0, 0, 4.34
2019/05/12 19:59:00, 24.00, 23.59, 23.41, 29.62, 28.14, 0, 0, 4.34
2019/05/12 20:00:00, 24.00, 23.59, 23.41, 29.58, 28.10, 0, 0, 4.34
2019/05/12 20:01:00, 24.00, 23.59, 23.39, 29.56, 28.10, 0, 0, 4.34
2019/05/12 20:02:00, 24.00, 23.59, 23.39, 29.53, 28.10, 0, 0, 4.34
2019/05/12 20:03:00, 24.00, 23.57, 23.36, 29.48, 28.05, 0, 0, 4.34
2019/05/12 20:04:00, 24.00, 23.56, 23.38, 29.50, 28.04, 0, 0, 4.34
2019/05/12 20:05:00, 24.00, 23.57, 23.37, 29.50, 28.05, 0, 0, 4.34
2019/05/12 20:06:00, 24.00, 23.57, 23.36, 29.47, 28.04, 0, 0, 4.34
2019/05/12 20:07:00, 24.00, 23.56, 23.38, 29.53, 28.04, 0, 0, 4.34
2019/05/12 20:08:00, 24.00, 23.54, 23.38, 29.48, 28.01, 0, 0, 4.34
2019/05/12 20:09:00, 24.00, 23.54, 23.38, 29.41, 27.98, 0, 0, 4.34
2019/05/12 20:10:00, 24.00, 23.59, 23.37, 29.43, 27.98, 0, 0, 4.34
2019/05/12 20:11:00, 24.00, 23.54, 23.37, 29.43, 27.95, 0, 0, 4.34
2019/05/12 20:12:00, 24.00, 23.54, 23.35, 29.39, 27.93, 0, 0, 4.34
2019/05/12 20:13:00, 24.00, 23.57, 23.36, 29.43, 27.93, 0, 0, 4.34
2019/05/12 20:14:00, 24.00, 23.53, 23.36, 29.39, 27.93, 0, 0, 4.34
2019/05/12 20:15:00, 24.00, 23.59, 23.38, 29.43, 27.92, 0, 0, 4.34
2019/05/12 20:16:00, 24.00, 23.54, 23.37, 29.35, 27.89, 0, 0, 4.34
2019/05/12 20:17:00, 24.00, 23.59, 23.38, 29.38, 27.87, 0, 0, 4.34
2019/05/12 20:18:00, 24.00, 23.56, 23.38, 29.31, 27.85, 0, 0, 4.34
2019/05/12 20:19:00, 24.00, 23.56, 23.37, 29.31, 27.85, 0, 0, 4.34
2019/05/12 20:20:00, 24.00, 23.54, 23.37, 29.34, 27.82, 0, 0, 4.34
2019/05/12 20:21:00, 24.00, 23.54, 23.37, 29.28, 27.80, 0, 0, 4.34
2019/05/12 20:22:00, 24.00, 23.54, 23.37, 29.26, 27.79, 0, 0, 4.34
2019/05/12 20:23:00, 24.00, 23.54, 23.36, 29.23, 27.79, 0, 0, 4.34
2019/05/12 20:24:00, 24.00, 23.56, 23.37, 29.25, 27.77, 0, 0, 4.34
2019/05/12 20:25:00, 24.00, 23.54, 23.36, 29.23, 27.76, 0, 0, 4.34
2019/05/12 20:26:00, 24.00, 23.54, 23.36, 29.20, 27.75, 0, 0, 4.34
2019/05/12 20:27:00, 24.00, 23.54, 23.37, 29.17, 27.75, 0, 0, 4.34
2019/05/12 20:28:00, 24.00, 23.52, 23.35, 29.17, 27.70, 0, 0, 4.34
2019/05/12 20:29:00, 24.00, 23.56, 23.34, 29.25, 27.72, 0, 0, 4.34
2019/05/12 20:30:00, 24.00, 23.53, 23.35, 29.15, 27.72, 0, 0, 4.34
2019/05/12 20:31:00, 24.00, 23.54, 23.35, 29.15, 27.69, 0, 0, 4.34
2019/05/12 20:32:00, 24.00, 23.53, 23.33, 29.10, 27.68, 0, 0, 4.34
2019/05/12 20:33:00, 24.00, 23.54, 23.36, 29.15, 27.66, 0, 0, 4.34
2019/05/12 20:34:00, 24.00, 23.54, 23.35, 29.12, 27.64, 0, 0, 4.34
2019/05/12 20:35:00, 24.00, 23.53, 23.34, 29.07, 27.62, 0, 0, 4.34
2019/05/12 20:36:00, 24.00, 23.54, 23.36, 29.07, 27.63, 0, 0, 4.34
2019/05/12 20:37:00, 24.00, 23.56, 23.33, 29.13, 27.62, 0, 0, 4.34
2019/05/12 20:38:00, 24.00, 23.54, 23.34, 29.07, 27.59, 0, 0, 4.34
2019/05/12 20:39:00, 24.00, 23.52, 23.34, 29.09, 27.60, 0, 0, 4.34
2019/05/12 20:40:00, 24.00, 23.54, 23.35, 28.95, 27.55, 0, 0, 4.34
2019/05/12 20:41:00, 24.00, 23.53, 23.35, 29.00, 27.53, 0, 0, 4.34
2019/05/12 20:42:00, 24.00, 23.53, 23.34, 28.97, 27.50, 0, 0, 4.34
2019/05/12 20:43:00, 24.00, 23.50, 23.34, 28.94, 27.49, 0, 0, 4.34
2019/05/12 20:44:00, 24.00, 23.53, 23.34, 29.00, 27.50, 0, 0, 4.34
2019/05/12 20:45:00, 24.00, 23.53, 23.35, 28.91, 27.49, 0, 0, 4.34
2019/05/12 20:46:00, 24.00, 23.53, 23.34, 28.97, 27.49, 0, 0, 4.34
2019/05/12 20:47:00, 24.00, 23.53, 23.34, 28.92, 27.48, 0, 0, 4.34
2019/05/12 20:48:00, 24.00, 23.53, 23.35, 28.89, 27.45, 0, 0, 4.34
2019/05/12 20:49:00, 24.00, 23.53, 23.34, 28.86, 27.42, 0, 0, 4.34
2019/05/12 20:50:00, 24.00, 23.54, 23.32, 28.88, 27.44, 0, 0, 4.34
2019/05/12 20:51:00, 24.00, 23.54, 23.36, 28.91, 27.41, 0, 0, 4.34
2019/05/12 20:52:00, 24.00, 23.52, 23.35, 28.87, 27.43, 0, 0, 4.34
2019/05/12 20:53:00, 24.00, 23.53, 23.35, 28.82, 27.38, 0, 0, 4.34
2019/05/12 20:54:00, 24.00, 23.54, 23.35, 28.78, 27.35, 0, 0, 4.34
2019/05/12 20:55:00, 24.00, 23.54, 23.35, 28.81, 27.34, 0, 0, 4.34
2019/05/12 20:56:00, 24.00, 23.53, 23.35, 28.73, 27.33, 0, 0, 4.34
2019/05/12 20:57:00, 24.00, 23.53, 23.34, 28.75, 27.29, 0, 0, 4.34
2019/05/12 20:58:00, 24.00, 23.56, 23.35, 28.79, 27.31, 0, 0, 4.34
2019/05/12 20:59:00, 24.00, 23.54, 23.36, 28.77, 27.33, 0, 0, 4.34
2019/05/12 21:00:00, 24.00, 23.52, 23.34, 28.70, 27.27, 0, 0, 4.34
2019/05/12 21:01:00, 24.00, 23.53, 23.34, 28.73, 27.26, 0, 0, 4.34
2019/05/12 21:02:00, 24.00, 23.52, 23.34, 28.70, 27.30, 0, 0, 4.34
2019/05/12 21:03:00, 24.00, 23.53, 23.34, 28.75, 27.25, 0, 0, 4.34
2019/05/12 21:04:00, 24.00, 23.52, 23.35, 28.72, 27.24, 0, 0, 4.34
2019/05/12 21:05:00, 24.00, 23.52, 23.34, 28.70, 27.25, 0, 0, 4.34
2019/05/12 21:06:00, 24.00, 23.53, 23.35, 28.66, 27.23, 0, 0, 4.34
2019/05/12 21:07:00, 24.00, 23.53, 23.34, 28.63, 27.21, 0, 0, 4.34
2019/05/12 21:08:00, 24.00, 23.54, 23.35, 28.65, 27.20, 0, 0, 4.34
2019/05/12 21:09:00, 24.00, 23.52, 23.35, 28.65, 27.20, 0, 0, 4.34
2019/05/12 21:10:00, 24.00, 23.54, 23.33, 28.59, 27.18, 0, 0, 4.34
2019/05/12 21:11:00, 24.00, 23.52, 23.35, 28.63, 27.13, 0, 0, 4.34
2019/05/12 21:12:00, 24.00, 23.54, 23.35, 28.65, 27.15, 0, 0, 4.34
2019/05/12 21:13:00, 24.00, 23.53, 23.35, 28.61, 27.15, 0, 0, 4.34
2019/05/12 21:14:00, 24.00, 23.54, 23.35, 28.57, 27.14, 0, 0, 4.34
2019/05/12 21:15:00, 24.00, 23.54, 23.34, 28.50, 27.08, 0, 0, 4.34
2019/05/12 21:16:00, 24.00, 23.53, 23.34, 28.51, 27.11, 0, 0, 4.34
2019/05/12 21:17:00, 24.00, 23.54, 23.35, 28.53, 27.10, 0, 0, 4.34
2019/05/12 21:18:00, 24.00, 23.52, 23.35, 28.53, 27.06, 0, 0, 4.34
2019/05/12 21:19:00, 24.00, 23.53, 23.33, 28.51, 27.05, 0, 0, 4.34
2019/05/12 21:20:00, 24.00, 23.53, 23.33, 28.53, 27.08, 0, 0, 4.34
2019/05/12 21:21:00, 24.00, 23.53, 23.34, 28.50, 27.08, 0, 0, 4.34
2019/05/12 21:22:00, 24.00, 23.53, 23.35, 28.48, 27.05, 0, 0, 4.34
2019/05/12 21:23:00, 24.00, 23.53, 23.35, 28.41, 27.01, 0, 0, 4.34
2019/05/12 21:24:00, 24.00, 23.50, 23.34, 28.48, 27.01, 0, 0, 4.34
2019/05/12 21:25:00, 24.00, 23.52, 23.34, 28.43, 26.95, 0, 0, 4.34
2019/05/12 21:26:00, 24.00, 23.52, 23.35, 28.44, 26.98, 0, 0, 4.34
2019/05/12 21:27:00, 24.00, 23.53, 23.33, 28.40, 26.95, 0, 0, 4.34
2019/05/12 21:28:00, 24.00, 23.52, 23.31, 28.34, 26.93, 0, 0, 4.34
2019/05/12 21:29:00, 24.00, 23.52, 23.35, 28.40, 26.92, 0, 0, 4.34
2019/05/12 21:30:00, 24.00, 23.50, 23.32, 28.36, 26.91, 0, 0, 4.34
2019/05/12 21:31:00, 24.00, 23.50, 23.32, 28.41, 26.93, 0, 0, 4.34
2019/05/12 21:32:00, 24.00, 23.50, 23.32, 28.35, 26.89, 0, 0, 4.34
2019/05/12 21:33:00, 24.00, 23.52, 23.32, 28.36, 26.89, 0, 0, 4.34
2019/05/12 21:34:00, 24.00, 23.50, 23.33, 28.36, 26.87, 0, 0, 4.34
2019/05/12 21:35:00, 24.00, 23.49, 23.31, 28.26, 26.85, 0, 0, 4.34
2019/05/12 21:36:00, 24.00, 23.50, 23.31, 28.25, 26.84, 0, 0, 4.34
2019/05/12 21:37:00, 24.00, 23.52, 23.31, 28.28, 26.84, 0, 0, 4.34
2019/05/12 21:38:00, 24.00, 23.47, 23.29, 28.29, 26.79, 0, 0, 4.34
2019/05/12 21:39:00, 24.00, 23.50, 23.31, 28.28, 26.80, 0, 0, 4.34
2019/05/12 21:40:00, 24.00, 23.47, 23.31, 28.28, 26.82, 0, 0, 4.34
2019/05/12 21:41:00, 24.00, 23.49, 23.32, 28.22, 26.79, 0, 0, 4.34
2019/05/12 21:42:00, 24.00, 23.49, 23.32, 28.23, 26.77, 0, 0, 4.34
2019/05/12 21:43:00, 24.00, 23.49, 23.32, 28.22, 26.73, 0, 0, 4.34
2019/05/12 21:44:00, 24.00, 23.50, 23.31, 28.17, 26.73, 0, 0, 4.34
2019/05/12 21:45:00, 24.00, 23.50, 23.32, 28.23, 26.74, 0, 0, 4.34
2019/05/12 21:46:00, 24.00, 23.47, 23.32, 28.20, 26.76, 0, 0, 4.34
2019/05/12 21:47:00, 24.00, 23.52, 23.32, 28.19, 26.74, 0, 0, 4.34
2019/05/12 21:48:00, 24.00, 23.52, 23.33, 28.12, 26.71, 0, 0, 4.34
2019/05/12 21:49:00, 24.00, 23.50, 23.31, 28.16, 26.68, 0, 0, 4.34
2019/05/12 21:50:00, 24.00, 23.53, 23.32, 28.04, 26.66, 0, 0, 4.34
2019/05/12 21:51:00, 24.00, 23.50, 23.31, 28.13, 26.63, 0, 0, 4.34
2019/05/12 21:52:00, 24.00, 23.50, 23.33, 28.10, 26.60, 0, 0, 4.34
2019/05/12 21:53:00, 24.00, 23.47, 23.30, 28.02, 26.60, 0, 0, 4.34
2019/05/12 21:54:00, 24.00, 23.50, 23.32, 28.04, 26.57, 0, 0, 4.34
2019/05/12 21:55:00, 24.00, 23.49, 23.32, 28.04, 26.58, 0, 0, 4.34
2019/05/12 21:56:00, 24.00, 23.47, 23.30, 28.02, 26.56, 0, 0, 4.34
2019/05/12 21:57:00, 24.00, 23.47, 23.30, 28.04, 26.59, 0, 0, 4.34
2019/05/12 21:58:00, 24.00, 23.46, 23.29, 28.04, 26.57, 0, 0, 4.34
2019/05/12 21:59:00, 24.00, 23.49, 23.29, 28.07, 26.56, 0, 0, 4.34
2019/05/12 22:00:00, 24.00, 23.50, 23.31, 28.00, 26.58, 0, 0, 4.34
2019/05/12 22:01:00, 24.00, 23.49, 23.31, 28.00, 26.56, 0, 0, 4.34
2019/05/12 22:02:00, 24.00, 23.52, 23.31, 28.02, 26.53, 0, 0, 4.34
2019/05/12 22:03:00, 24.00, 23.50, 23.32, 27.98, 26.52, 0, 0, 4.34
2019/05/12 22:04:00, 24.00, 23.52, 23.30, 27.91, 26.51, 0, 0, 4.34
2019/05/12 22:05:00, 24.00, 23.50, 23.34, 27.94, 26.51, 0, 0, 4.34
2019/05/12 22:06:00, 24.00, 23.52, 23.31, 27.93, 26.50, 0, 0, 4.34
2019/05/12 22:07:00, 24.00, 23.53, 23.33, 27.91, 26.46, 0, 0, 4.34
2019/05/12 22:08:00, 24.00, 23.53, 23.33, 27.91, 26.45, 0, 0, 4.34
2019/05/12 22:09:00, 24.00, 23.53, 23.33, 27.87, 26.41, 0, 0, 4.34
2019/05/12 22:10:00, 24.00, 23.54, 23.34, 27.87, 26.40, 0, 0, 4.34
2019/05/12 22:11:00, 24.00, 23.53, 23.34, 27.94, 26.42, 0, 0, 4.34
2019/05/12 22:12:00, 24.00, 23.53, 23.34, 27.82, 26.38, 0, 0, 4.34
2019/05/12 22:13:00, 24.00, 23.50, 23.32, 27.78, 26.37, 0, 0, 4.34
2019/05/12 22:14:00, 24.00, 23.54, 23.35, 27.85, 26.39, 0, 0, 4.34
2019/05/12 22:15:00, 24.00, 23.52, 23.32, 27.82, 26.37, 0, 0, 4.34
2019/05/12 22:16:00, 24.00, 23.54, 23.32, 27.80, 26.37, 0, 0, 4.34
2019/05/12 22:17:00, 24.00, 23.54, 23.34, 27.80, 26.37, 0, 0, 4.34
2019/05/12 22:18:00, 24.00, 23.53, 23.34, 27.80, 26.36, 0, 0, 4.34
2019/05/12 22:19:00, 24.00, 23.56, 23.36, 27.78, 26.35, 0, 0, 4.34
2019/05/12 22:20:00, 24.00, 23.54, 23.35, 27.72, 26.32, 0, 0, 4.34
2019/05/12 22:21:00, 24.00, 23.54, 23.35, 27.74, 26.28, 0, 0, 4.34
2019/05/12 22:22:00, 24.00, 23.53, 23.34, 27.75, 26.28, 0, 0, 4.34
2019/05/12 22:23:00, 24.00, 23.54, 23.35, 27.75, 26.30, 0, 0, 4.34
2019/05/12 22:24:00, 24.00, 23.53, 23.33, 27.72, 26.29, 0, 0, 4.34
2019/05/12 22:25:00, 24.00, 23.53, 23.34, 27.74, 26.31, 0, 0, 4.34
2019/05/12 22:26:00, 24.00, 23.54, 23.34, 27.75, 26.29, 0, 0, 4.34
2019/05/12 22:27:00, 24.00, 23.53, 23.34, 27.71, 26.27, 0, 0, 4.34
2019/05/12 22:28:00, 24.00, 23.52, 23.34, 27.72, 26.28, 0, 0, 4.34
2019/05/12 22:29:00, 24.00, 23.54, 23.35, 27.71, 26.25, 0, 0, 4.34
2019/05/12 22:30:00, 24.00, 23.53, 23.34, 27.72, 26.25, 0, 0, 4.34
2019/05/12 22:31:00, 24.00, 23.52, 23.34, 27.71, 26.27, 0, 0, 4.34
2019/05/12 22:32:00, 24.00, 23.52, 23.33, 27.74, 26.29, 0, 0, 4.34
2019/05/12 22:33:00, 24.00, 23.54, 23.34, 27.68, 26.26, 0, 0, 4.34
2019/05/12 22:34:00, 24.00, 23.52, 23.32, 27.72, 26.24, 0, 0, 4.34
2019/05/12 22:35:00, 24.00, 23.52, 23.33, 27.69, 26.27, 0, 0, 4.34
2019/05/12 22:36:00, 24.00, 23.52, 23.33, 27.68, 26.24, 0, 0, 4.34
2019/05/12 22:37:00, 24.00, 23.52, 23.33, 27.75, 26.26, 0, 0, 4.34
2019/05/12 22:38:00, 24.00, 23.52, 23.33, 27.69, 26.28, 0, 0, 4.34
2019/05/12 22:39:00, 24.00, 23.50, 23.32, 27.70, 26.26, 0, 0, 4.34
2019/05/12 22:40:00, 24.00, 23.52, 23.32, 27.78, 26.26, 0, 0, 4.34
2019/05/12 22:41:00, 24.00, 23.52, 23.33, 27.70, 26.28, 0, 0, 4.34
2019/05/12 22:42:00, 24.00, 23.49, 23.33, 27.76, 26.27, 0, 0, 4.34
2019/05/12 22:43:00, 24.00, 23.50, 23.32, 27.76, 26.28, 0, 0, 4.34
2019/05/12 22:44:00, 24.00, 23.50, 23.32, 27.72, 26.26, 0, 0, 4.34
2019/05/12 22:45:00, 24.00, 23.52, 23.32, 27.72, 26.24, 0, 0, 4.34
2019/05/12 22:46:00, 24.00, 23.50, 23.31, 27.74, 26.25, 0, 0, 4.34
2019/05/12 22:47:00, 24.00, 23.50, 23.32, 27.75, 26.27, 0, 0, 4.34
2019/05/12 22:48:00, 24.00, 23.50, 23.31, 27.72, 26.27, 0, 0, 4.34
2019/05/12 22:49:00, 24.00, 23.50, 23.34, 27.70, 26.26, 0, 0, 4.34
2019/05/12 22:50:00, 24.00, 23.50, 23.32, 27.73, 26.26, 0, 0, 4.34
2019/05/12 22:51:00, 24.00, 23.49, 23.32, 27.75, 26.24, 0, 0, 4.34
2019/05/12 22:52:00, 24.00, 23.52, 23.32, 27.69, 26.25, 0, 0, 4.34
2019/05/12 22:53:00, 24.00, 23.49, 23.31, 27.70, 26.24, 0, 0, 4.34
2019/05/12 22:54:00, 24.00, 23.49, 23.32, 27.68, 26.24, 0, 0, 4.34
2019/05/12 22:55:00, 24.00, 23.49, 23.30, 27.72, 26.24, 0, 0, 4.34
2019/05/12 22:56:00, 24.00, 23.52, 23.31, 27.73, 26.25, 0, 0, 4.34
2019/05/12 22:57:00, 24.00, 23.49, 23.30, 27.68, 26.27, 0, 0, 4.34
2019/05/12 22:58:00, 24.00, 23.49, 23.34, 27.66, 26.23, 0, 0, 4.34
2019/05/12 22:59:00, 24.00, 23.53, 23.34, 27.70, 26.25, 0, 0, 4.34
2019/05/12 23:00:00, 24.00, 23.50, 23.34, 27.60, 26.20, 0, 0, 4.34
2019/05/12 23:01:00, 24.00, 23.53, 23.32, 27.62, 26.17, 0, 0, 4.34
2019/05/12 23:02:00, 24.00, 23.52, 23.31, 27.65, 26.18, 0, 0, 4.34
2019/05/12 23:03:00, 24.00, 23.50, 23.32, 27.65, 26.16, 0, 0, 4.34
2019/05/12 23:04:00, 24.00, 23.52, 23.31, 27.66, 26.18, 0, 0, 4.34
2019/05/12 23:05:00, 24.00, 23.52, 23.31, 27.66, 26.16, 0, 0, 4.34
2019/05/12 23:06:00, 24.00, 23.50, 23.32, 27.64, 26.16, 0, 0, 4.34
2019/05/12 23:07:00, 24.00, 23.52, 23.33, 27.60, 26.16, 0, 0, 4.34
2019/05/12 23:08:00, 24.00, 23.47, 23.31, 27.60, 26.15, 0, 0, 4.34
2019/05/12 23:09:00, 24.00, 23.47, 23.29, 27.60, 26.14, 0, 0, 4.34
2019/05/12 23:10:00, 24.00, 23.49, 23.32, 27.63, 26.15, 0, 0, 4.34
2019/05/12 23:11:00, 24.00, 23.50, 23.32, 27.57, 26.12, 0, 0, 4.34
2019/05/12 23:12:00, 24.00, 23.50, 23.29, 27.56, 26.13, 0, 0, 4.34
2019/05/12 23:13:00, 24.00, 23.49, 23.30, 27.57, 26.11, 0, 0, 4.34
2019/05/12 23:14:00, 24.00, 23.47, 23.29, 27.51, 26.10, 0, 0, 4.34
2019/05/12 23:15:00, 24.00, 23.49, 23.28, 27.60, 26.11, 0, 0, 4.34
2019/05/12 23:16:00, 24.00, 23.49, 23.31, 27.57, 26.10, 0, 0, 4.34
2019/05/12 23:17:00, 24.00, 23.44, 23.28, 27.56, 26.08, 0, 0, 4.34
2019/05/12 23:18:00, 24.00, 23.44, 23.30, 27.54, 26.06, 0, 0, 4.34
2019/05/12 23:19:00, 24.00, 23.46, 23.29, 27.51, 26.05, 0, 0, 4.34
2019/05/12 23:20:00, 24.00, 23.46, 23.27, 27.59, 26.07, 0, 0, 4.34
2019/05/12 23:21:00, 24.00, 23.47, 23.29, 27.54, 26.06, 0, 0, 4.34
2019/05/12 23:22:00, 24.00, 23.47, 23.29, 27.48, 26.05, 0, 0, 4.34
2019/05/12 23:23:00, 24.00, 23.44, 23.29, 27.47, 26.00, 0, 0, 4.34
2019/05/12 23:24:00, 24.00, 23.46, 23.27, 27.48, 26.03, 0, 0, 4.34
2019/05/12 23:25:00, 24.00, 23.49, 23.29, 27.47, 26.03, 0, 0, 4.34
2019/05/12 23:26:00, 24.00, 23.46, 23.28, 27.38, 26.00, 0, 0, 4.34
2019/05/12 23:27:00, 24.00, 23.49, 23.30, 27.47, 26.00, 0, 0, 4.34
2019/05/12 23:28:00, 24.00, 23.46, 23.30, 27.51, 26.00, 0, 0, 4.34
2019/05/12 23:29:00, 24.00, 23.46, 23.31, 27.44, 25.97, 0, 0, 4.34
2019/05/12 23:30:00, 24.00, 23.50, 23.31, 27.45, 25.99, 0, 0, 4.34
2019/05/12 23:31:00, 24.00, 23.49, 23.30, 27.43, 25.94, 0, 0, 4.34
2019/05/12 23:32:00, 24.00, 23.49, 23.30, 27.37, 25.92, 0, 0, 4.34
2019/05/12 23:33:00, 24.00, 23.49, 23.30, 27.39, 25.94, 0, 0, 4.34
2019/05/12 23:34:00, 24.00, 23.49, 23.29, 27.37, 25.92, 0, 0, 4.34
2019/05/12 23:35:00, 24.00, 23.49, 23.28, 27.31, 25.88, 0, 0, 4.34
2019/05/12 23:36:00, 24.00, 23.49, 23.29, 27.35, 25.89, 0, 0, 4.34
2019/05/12 23:37:00, 24.00, 23.49, 23.30, 27.39, 25.92, 0, 0, 4.34
2019/05/12 23:38:00, 24.00, 23.50, 23.32, 27.41, 25.92, 0, 0, 4.34
2019/05/12 23:39:00, 24.00, 23.50, 23.31, 27.26, 25.84, 0, 0, 4.34
2019/05/12 23:40:00, 24.00, 23.46, 23.31, 27.34, 25.83, 0, 0, 4.34
2019/05/12 23:41:00, 24.00, 23.47, 23.30, 27.29, 25.82, 0, 0, 4.34
2019/05/12 23:42:00, 24.00, 23.49, 23.27, 27.28, 25.82, 0, 0, 4.34
2019/05/12 23:43:00, 24.00, 23.46, 23.28, 27.29, 25.84, 0, 0, 4.34
2019/05/12 23:44:00, 24.00, 23.46, 23.27, 27.26, 25.82, 0, 0, 4.34
2019/05/12 23:45:00, 24.00, 23.47, 23.28, 27.29, 25.82, 0, 0, 4.34
2019/05/12 23:46:00, 24.00, 23.46, 23.28, 27.25, 25.83, 0, 0, 4.34
2019/05/12 23:47:00, 24.00, 23.46, 23.25, 27.32, 25.82, 0, 0, 4.34
