Data logger for tempereture and humidity.
Code, design, and soldering by Antti Mikkonen, a.mikkonen@iki.fi, 2019.
Based on open source projects and libraries. See source for details.
/home/ami/src/arduino/promini/logger_v8_ada/logger_v8_ada.ino
UTC time (year/month/date hour:minute:second), T RTC (C), T sht31 (C), T si7021 (C), RH sht31 (-), RH si7021 (-), heaterOn sht31 (bool),  heaterOn si7021 (bool), battery voltage (V)
2019/07/17 00:08:00, 22.75, 22.40, 22.19, 47.20, 46.87, 0, 0, 4.16
2019/07/17 00:09:00, 22.75, 22.42, 22.17, 47.19, 46.85, 0, 0, 4.16
2019/07/17 00:10:00, 22.75, 22.39, 22.15, 47.14, 46.87, 0, 0, 4.16
2019/07/17 00:11:00, 22.75, 22.42, 22.19, 47.22, 46.91, 0, 0, 4.16
2019/07/17 00:12:00, 22.75, 22.39, 22.17, 47.26, 46.93, 0, 0, 4.16
2019/07/17 00:13:00, 22.75, 22.37, 22.17, 47.19, 46.92, 0, 0, 4.16
2019/07/17 00:14:00, 22.75, 22.37, 22.17, 47.16, 46.87, 0, 0, 4.16
2019/07/17 00:15:00, 22.75, 22.39, 22.17, 47.16, 46.87, 0, 0, 4.16
2019/07/17 00:16:00, 22.75, 22.39, 22.15, 47.23, 46.90, 0, 0, 4.16
2019/07/17 00:17:00, 22.75, 22.39, 22.17, 47.19, 46.92, 0, 0, 4.16
2019/07/17 00:18:00, 22.75, 22.37, 22.17, 47.17, 46.87, 0, 0, 4.16
2019/07/17 00:19:00, 22.75, 22.40, 22.15, 47.16, 46.88, 0, 0, 4.16
2019/07/17 00:20:00, 22.75, 22.36, 22.15, 47.15, 46.85, 0, 0, 4.16
2019/07/17 00:21:00, 22.75, 22.37, 22.15, 47.19, 46.87, 0, 0, 4.16
2019/07/17 00:22:00, 22.75, 22.37, 22.18, 47.17, 46.90, 0, 0, 4.16
2019/07/17 00:23:00, 22.75, 22.37, 22.16, 47.13, 46.87, 0, 0, 4.16
2019/07/17 00:24:00, 22.75, 22.37, 22.15, 47.17, 46.86, 0, 0, 4.16
2019/07/17 00:25:00, 22.75, 22.37, 22.17, 47.17, 46.85, 0, 0, 4.16
2019/07/17 00:26:00, 22.75, 22.39, 22.14, 47.13, 46.84, 0, 0, 4.16
2019/07/17 00:27:00, 22.75, 22.37, 22.15, 47.13, 46.85, 0, 0, 4.16
2019/07/17 00:28:00, 22.75, 22.37, 22.14, 47.16, 46.84, 0, 0, 4.16
2019/07/17 00:29:00, 22.75, 22.36, 22.16, 47.14, 46.84, 0, 0, 4.16
2019/07/17 00:30:00, 22.75, 22.36, 22.14, 47.11, 46.79, 0, 0, 4.16
2019/07/17 00:31:00, 22.75, 22.36, 22.14, 47.09, 46.82, 0, 0, 4.16
2019/07/17 00:32:00, 22.75, 22.37, 22.14, 47.14, 46.83, 0, 0, 4.16
2019/07/17 00:33:00, 22.75, 22.37, 22.15, 47.13, 46.82, 0, 0, 4.16
2019/07/17 00:34:00, 22.75, 22.40, 22.14, 47.13, 46.84, 0, 0, 4.16
2019/07/17 00:35:00, 22.75, 22.36, 22.16, 47.05, 46.78, 0, 0, 4.16
2019/07/17 00:36:00, 22.75, 22.35, 22.14, 47.12, 46.78, 0, 0, 4.16
2019/07/17 00:37:00, 22.75, 22.36, 22.14, 47.08, 46.79, 0, 0, 4.16
2019/07/17 00:38:00, 22.75, 22.40, 22.14, 47.05, 46.78, 0, 0, 4.16
2019/07/17 00:39:00, 22.75, 22.36, 22.14, 47.12, 46.80, 0, 0, 4.16
2019/07/17 00:40:00, 22.75, 22.35, 22.13, 47.03, 46.80, 0, 0, 4.16
2019/07/17 00:41:00, 22.75, 22.33, 22.14, 47.04, 46.77, 0, 0, 4.16
2019/07/17 00:42:00, 22.75, 22.36, 22.14, 47.06, 46.78, 0, 0, 4.16
2019/07/17 00:43:00, 22.75, 22.35, 22.14, 47.06, 46.74, 0, 0, 4.16
2019/07/17 00:44:00, 22.75, 22.35, 22.14, 47.11, 46.76, 0, 0, 4.16
2019/07/17 00:45:00, 22.75, 22.33, 22.14, 47.01, 46.71, 0, 0, 4.16
2019/07/17 00:46:00, 22.75, 22.33, 22.13, 46.96, 46.71, 0, 0, 4.16
2019/07/17 00:47:00, 22.75, 22.32, 22.13, 47.00, 46.71, 0, 0, 4.16
2019/07/17 00:48:00, 22.75, 22.33, 22.12, 47.00, 46.68, 0, 0, 4.16
2019/07/17 00:49:00, 22.75, 22.36, 22.12, 46.97, 46.69, 0, 0, 4.16
2019/07/17 00:50:00, 22.75, 22.36, 22.13, 47.00, 46.67, 0, 0, 4.16
2019/07/17 00:51:00, 22.75, 22.33, 22.14, 46.94, 46.63, 0, 0, 4.16
2019/07/17 00:52:00, 22.75, 22.36, 22.11, 46.99, 46.67, 0, 0, 4.16
2019/07/17 00:53:00, 22.75, 22.36, 22.12, 46.98, 46.70, 0, 0, 4.16
2019/07/17 00:54:00, 22.75, 22.35, 22.13, 46.90, 46.65, 0, 0, 4.16
2019/07/17 00:55:00, 22.75, 22.35, 22.12, 46.96, 46.66, 0, 0, 4.16
2019/07/17 00:56:00, 22.75, 22.33, 22.11, 46.91, 46.60, 0, 0, 4.16
2019/07/17 00:57:00, 22.75, 22.33, 22.12, 46.96, 46.64, 0, 0, 4.16
2019/07/17 00:58:00, 22.75, 22.33, 22.12, 46.96, 46.67, 0, 0, 4.16
2019/07/17 00:59:00, 22.75, 22.33, 22.11, 46.94, 46.64, 0, 0, 4.16
2019/07/17 01:00:00, 22.75, 22.33, 22.10, 46.96, 46.69, 0, 0, 4.16
2019/07/17 01:01:00, 22.75, 22.33, 22.11, 46.95, 46.64, 0, 0, 4.16
2019/07/17 01:02:00, 22.75, 22.33, 22.10, 46.93, 46.62, 0, 0, 4.16
2019/07/17 01:03:00, 22.75, 22.32, 22.10, 46.93, 46.63, 0, 0, 4.16
2019/07/17 01:04:00, 22.75, 22.33, 22.11, 46.93, 46.62, 0, 0, 4.16
2019/07/17 01:05:00, 22.75, 22.33, 22.10, 46.86, 46.60, 0, 0, 4.16
2019/07/17 01:06:00, 22.75, 22.33, 22.11, 46.90, 46.63, 0, 0, 4.16
2019/07/17 01:07:00, 22.75, 22.35, 22.10, 46.90, 46.60, 0, 0, 4.16
2019/07/17 01:08:00, 22.75, 22.30, 22.11, 46.90, 46.59, 0, 0, 4.16
2019/07/17 01:09:00, 22.75, 22.35, 22.08, 46.92, 46.60, 0, 0, 4.16
2019/07/17 01:10:00, 22.75, 22.32, 22.09, 46.90, 46.60, 0, 0, 4.16
2019/07/17 01:11:00, 22.75, 22.30, 22.11, 46.85, 46.60, 0, 0, 4.16
2019/07/17 01:12:00, 22.75, 22.30, 22.10, 46.85, 46.58, 0, 0, 4.16
2019/07/17 01:13:00, 22.75, 22.32, 22.09, 46.90, 46.60, 0, 0, 4.16
2019/07/17 01:14:00, 22.75, 22.30, 22.09, 46.82, 46.57, 0, 0, 4.16
2019/07/17 01:15:00, 22.75, 22.30, 22.09, 46.87, 46.56, 0, 0, 4.16
2019/07/17 01:16:00, 22.75, 22.32, 22.09, 46.86, 46.58, 0, 0, 4.16
2019/07/17 01:17:00, 22.75, 22.32, 22.08, 46.87, 46.57, 0, 0, 4.16
2019/07/17 01:18:00, 22.75, 22.30, 22.09, 46.82, 46.56, 0, 0, 4.16
2019/07/17 01:19:00, 22.75, 22.29, 22.08, 46.84, 46.57, 0, 0, 4.16
2019/07/17 01:20:00, 22.75, 22.29, 22.08, 46.77, 46.52, 0, 0, 4.16
2019/07/17 01:21:00, 22.75, 22.29, 22.09, 46.83, 46.55, 0, 0, 4.16
2019/07/17 01:22:00, 22.75, 22.29, 22.06, 46.86, 46.52, 0, 0, 4.16
2019/07/17 01:23:00, 22.75, 22.29, 22.10, 46.83, 46.56, 0, 0, 4.16
2019/07/17 01:24:00, 22.75, 22.29, 22.06, 46.80, 46.54, 0, 0, 4.16
2019/07/17 01:25:00, 22.75, 22.29, 22.10, 46.86, 46.56, 0, 0, 4.16
2019/07/17 01:26:00, 22.75, 22.28, 22.09, 46.83, 46.56, 0, 0, 4.16
2019/07/17 01:27:00, 22.75, 22.32, 22.06, 46.78, 46.49, 0, 0, 4.16
2019/07/17 01:28:00, 22.75, 22.26, 22.05, 46.69, 46.42, 0, 0, 4.16
2019/07/17 01:29:00, 22.75, 22.30, 22.05, 46.77, 46.47, 0, 0, 4.16
2019/07/17 01:30:00, 22.75, 22.32, 22.06, 46.82, 46.48, 0, 0, 4.16
2019/07/17 01:31:00, 22.75, 22.29, 22.06, 46.72, 46.49, 0, 0, 4.16
2019/07/17 01:32:00, 22.75, 22.29, 22.05, 46.72, 46.44, 0, 0, 4.16
2019/07/17 01:33:00, 22.75, 22.25, 22.06, 46.71, 46.42, 0, 0, 4.16
2019/07/17 01:34:00, 22.75, 22.29, 22.05, 46.76, 46.46, 0, 0, 4.16
2019/07/17 01:35:00, 22.75, 22.26, 22.05, 46.78, 46.49, 0, 0, 4.16
2019/07/17 01:36:00, 22.75, 22.29, 22.04, 46.74, 46.45, 0, 0, 4.16
2019/07/17 01:37:00, 22.75, 22.29, 22.04, 46.75, 46.43, 0, 0, 4.16
2019/07/17 01:38:00, 22.75, 22.25, 22.06, 46.75, 46.43, 0, 0, 4.16
2019/07/17 01:39:00, 22.75, 22.26, 22.03, 46.82, 46.45, 0, 0, 4.16
2019/07/17 01:40:00, 22.75, 22.26, 22.05, 46.73, 46.48, 0, 0, 4.16
2019/07/17 01:41:00, 22.75, 22.26, 22.04, 46.72, 46.45, 0, 0, 4.16
2019/07/17 01:42:00, 22.75, 22.25, 22.03, 46.71, 46.42, 0, 0, 4.16
2019/07/17 01:43:00, 22.75, 22.25, 22.04, 46.77, 46.45, 0, 0, 4.16
2019/07/17 01:44:00, 22.75, 22.25, 22.04, 46.73, 46.43, 0, 0, 4.16
2019/07/17 01:45:00, 22.75, 22.23, 22.04, 46.69, 46.40, 0, 0, 4.16
2019/07/17 01:46:00, 22.75, 22.23, 22.02, 46.73, 46.42, 0, 0, 4.16
2019/07/17 01:47:00, 22.75, 22.25, 22.02, 46.72, 46.42, 0, 0, 4.16
2019/07/17 01:48:00, 22.75, 22.23, 22.03, 46.74, 46.42, 0, 0, 4.16
2019/07/17 01:49:00, 22.75, 22.22, 22.01, 46.72, 46.45, 0, 0, 4.16
2019/07/17 01:50:00, 22.75, 22.25, 22.02, 46.74, 46.44, 0, 0, 4.16
2019/07/17 01:51:00, 22.75, 22.26, 22.03, 46.79, 46.46, 0, 0, 4.16
2019/07/17 01:52:00, 22.75, 22.22, 22.03, 46.73, 46.44, 0, 0, 4.16
2019/07/17 01:53:00, 22.75, 22.28, 22.05, 46.74, 46.45, 0, 0, 4.16
2019/07/17 01:54:00, 22.75, 22.29, 22.04, 46.74, 46.44, 0, 0, 4.16
2019/07/17 01:55:00, 22.75, 22.29, 22.08, 46.70, 46.41, 0, 0, 4.16
2019/07/17 01:56:00, 22.75, 22.29, 22.09, 46.72, 46.40, 0, 0, 4.16
2019/07/17 01:57:00, 22.75, 22.30, 22.09, 46.60, 46.34, 0, 0, 4.16
2019/07/17 01:58:00, 22.75, 22.32, 22.11, 46.60, 46.38, 0, 0, 4.16
2019/07/17 01:59:00, 22.75, 22.35, 22.14, 46.62, 46.35, 0, 0, 4.16
2019/07/17 02:00:00, 22.75, 22.40, 22.16, 46.44, 46.29, 0, 0, 4.16
2019/07/17 02:01:00, 22.75, 22.39, 22.15, 46.53, 46.21, 0, 0, 4.16
2019/07/17 02:02:00, 22.75, 22.40, 22.17, 46.44, 46.20, 0, 0, 4.16
2019/07/17 02:03:00, 22.75, 22.42, 22.21, 46.35, 46.12, 0, 0, 4.16
2019/07/17 02:04:00, 22.75, 22.42, 22.19, 46.35, 46.09, 0, 0, 4.16
2019/07/17 02:05:00, 22.75, 22.47, 22.25, 46.32, 46.09, 0, 0, 4.16
2019/07/17 02:06:00, 22.75, 22.46, 22.28, 46.18, 45.97, 0, 0, 4.16
2019/07/17 02:07:00, 22.75, 22.49, 22.31, 46.14, 45.87, 0, 0, 4.16
2019/07/17 02:08:00, 22.75, 22.50, 22.28, 46.14, 45.85, 0, 0, 4.16
2019/07/17 02:09:00, 22.75, 22.57, 22.33, 46.10, 45.83, 0, 0, 4.16
2019/07/17 02:10:00, 22.75, 22.56, 22.35, 45.99, 45.74, 0, 0, 4.16
2019/07/17 02:11:00, 22.75, 22.59, 22.36, 45.93, 45.65, 0, 0, 4.16
2019/07/17 02:12:00, 22.75, 22.60, 22.39, 45.87, 45.59, 0, 0, 4.16
2019/07/17 02:13:00, 22.75, 22.59, 22.41, 45.83, 45.55, 0, 0, 4.16
2019/07/17 02:14:00, 22.75, 22.62, 22.41, 45.82, 45.52, 0, 0, 4.16
2019/07/17 02:15:00, 22.75, 22.64, 22.44, 45.71, 45.47, 0, 0, 4.16
2019/07/17 02:16:00, 22.75, 22.64, 22.44, 45.71, 45.42, 0, 0, 4.16
2019/07/17 02:17:00, 22.75, 22.64, 22.43, 45.66, 45.42, 0, 0, 4.16
2019/07/17 02:18:00, 22.75, 22.66, 22.46, 45.67, 45.39, 0, 0, 4.16
2019/07/17 02:19:00, 22.75, 22.69, 22.47, 45.58, 45.33, 0, 0, 4.16
2019/07/17 02:20:00, 22.75, 22.67, 22.48, 45.61, 45.34, 0, 0, 4.16
2019/07/17 02:21:00, 22.75, 22.69, 22.48, 45.60, 45.32, 0, 0, 4.16
2019/07/17 02:22:00, 22.75, 22.71, 22.50, 45.53, 45.26, 0, 0, 4.16
2019/07/17 02:23:00, 22.75, 22.71, 22.53, 45.49, 45.23, 0, 0, 4.16
2019/07/17 02:24:00, 22.75, 22.73, 22.50, 45.40, 45.19, 0, 0, 4.16
2019/07/17 02:25:00, 22.75, 22.71, 22.50, 45.41, 45.17, 0, 0, 4.16
2019/07/17 02:26:00, 22.75, 22.71, 22.51, 45.41, 45.12, 0, 0, 4.16
2019/07/17 02:27:00, 22.75, 22.71, 22.53, 45.35, 45.15, 0, 0, 4.16
2019/07/17 02:28:00, 22.75, 22.74, 22.53, 45.37, 45.10, 0, 0, 4.16
2019/07/17 02:29:00, 22.75, 22.71, 22.54, 45.31, 45.08, 0, 0, 4.16
2019/07/17 02:30:00, 22.75, 22.74, 22.55, 45.31, 45.04, 0, 0, 4.16
2019/07/17 02:31:00, 22.75, 22.74, 22.55, 45.30, 45.05, 0, 0, 4.16
2019/07/17 02:32:00, 22.75, 22.78, 22.55, 45.29, 45.01, 0, 0, 4.16
2019/07/17 02:33:00, 22.75, 22.74, 22.56, 45.25, 45.02, 0, 0, 4.16
2019/07/17 02:34:00, 22.75, 22.77, 22.56, 45.24, 44.96, 0, 0, 4.16
2019/07/17 02:35:00, 22.75, 22.78, 22.57, 45.23, 44.97, 0, 0, 4.16
2019/07/17 02:36:00, 22.75, 22.78, 22.58, 45.18, 44.95, 0, 0, 4.16
2019/07/17 02:37:00, 22.75, 22.78, 22.58, 45.19, 44.91, 0, 0, 4.16
2019/07/17 02:38:00, 22.75, 22.77, 22.59, 45.16, 44.91, 0, 0, 4.16
2019/07/17 02:39:00, 22.75, 22.78, 22.58, 45.19, 44.89, 0, 0, 4.16
2019/07/17 02:40:00, 22.75, 22.80, 22.58, 45.17, 44.95, 0, 0, 4.16
2019/07/17 02:41:00, 22.75, 22.77, 22.60, 45.16, 44.87, 0, 0, 4.16
2019/07/17 02:42:00, 22.75, 22.77, 22.58, 45.08, 44.84, 0, 0, 4.16
2019/07/17 02:43:00, 22.75, 22.78, 22.58, 45.12, 44.87, 0, 0, 4.16
2019/07/17 02:44:00, 22.75, 22.80, 22.59, 45.10, 44.88, 0, 0, 4.16
2019/07/17 02:45:00, 22.75, 22.82, 22.59, 45.11, 44.88, 0, 0, 4.16
2019/07/17 02:46:00, 22.75, 22.80, 22.59, 45.06, 44.82, 0, 0, 4.16
2019/07/17 02:47:00, 22.75, 22.84, 22.60, 45.06, 44.80, 0, 0, 4.16
2019/07/17 02:48:00, 22.75, 22.81, 22.58, 45.06, 44.78, 0, 0, 4.16
2019/07/17 02:49:00, 22.75, 22.80, 22.60, 45.07, 44.78, 0, 0, 4.16
2019/07/17 02:50:00, 22.75, 22.81, 22.59, 45.06, 44.80, 0, 0, 4.16
2019/07/17 02:51:00, 22.75, 22.81, 22.61, 45.00, 44.78, 0, 0, 4.16
2019/07/17 02:52:00, 22.75, 22.82, 22.60, 45.06, 44.78, 0, 0, 4.16
2019/07/17 02:53:00, 22.75, 22.82, 22.61, 45.01, 44.76, 0, 0, 4.16
2019/07/17 02:54:00, 22.75, 22.81, 22.61, 45.02, 44.76, 0, 0, 4.16
2019/07/17 02:55:00, 22.75, 22.82, 22.62, 44.98, 44.75, 0, 0, 4.16
2019/07/17 02:56:00, 22.75, 22.82, 22.62, 44.94, 44.72, 0, 0, 4.16
2019/07/17 02:57:00, 22.75, 22.82, 22.63, 44.93, 44.71, 0, 0, 4.16
2019/07/17 02:58:00, 22.75, 22.82, 22.64, 44.98, 44.71, 0, 0, 4.16
2019/07/17 02:59:00, 22.75, 22.82, 22.63, 44.94, 44.71, 0, 0, 4.16
2019/07/17 03:00:00, 23.00, 22.84, 22.62, 44.89, 44.68, 0, 0, 4.16
2019/07/17 03:01:00, 23.00, 22.85, 22.61, 44.89, 44.67, 0, 0, 4.16
2019/07/17 03:02:00, 23.00, 22.85, 22.63, 44.90, 44.63, 0, 0, 4.16
2019/07/17 03:03:00, 23.00, 22.84, 22.62, 44.90, 44.68, 0, 0, 4.16
2019/07/17 03:04:00, 23.00, 22.82, 22.64, 44.94, 44.66, 0, 0, 4.16
2019/07/17 03:05:00, 23.00, 22.85, 22.63, 44.87, 44.62, 0, 0, 4.16
2019/07/17 03:06:00, 23.00, 22.85, 22.64, 44.90, 44.64, 0, 0, 4.16
2019/07/17 03:07:00, 23.00, 22.85, 22.63, 44.84, 44.60, 0, 0, 4.16
2019/07/17 03:08:00, 23.00, 22.84, 22.63, 44.85, 44.62, 0, 0, 4.16
2019/07/17 03:09:00, 23.00, 22.85, 22.64, 44.83, 44.58, 0, 0, 4.16
2019/07/17 03:10:00, 23.00, 22.85, 22.64, 44.84, 44.58, 0, 0, 4.16
2019/07/17 03:11:00, 23.00, 22.88, 22.65, 44.78, 44.57, 0, 0, 4.16
2019/07/17 03:12:00, 23.00, 22.84, 22.65, 44.80, 44.57, 0, 0, 4.16
2019/07/17 03:13:00, 23.00, 22.87, 22.65, 44.86, 44.60, 0, 0, 4.16
2019/07/17 03:14:00, 23.00, 22.84, 22.64, 44.84, 44.58, 0, 0, 4.16
2019/07/17 03:15:00, 23.00, 22.85, 22.65, 44.85, 44.58, 0, 0, 4.16
2019/07/17 03:16:00, 23.00, 22.87, 22.65, 44.78, 44.55, 0, 0, 4.16
2019/07/17 03:17:00, 23.00, 22.85, 22.67, 44.77, 44.56, 0, 0, 4.16
2019/07/17 03:18:00, 23.00, 22.87, 22.68, 44.81, 44.56, 0, 0, 4.16
2019/07/17 03:19:00, 23.00, 22.85, 22.65, 44.80, 44.56, 0, 0, 4.16
2019/07/17 03:20:00, 23.00, 22.87, 22.67, 44.77, 44.52, 0, 0, 4.16
2019/07/17 03:21:00, 23.00, 22.88, 22.69, 44.78, 44.54, 0, 0, 4.16
2019/07/17 03:22:00, 23.00, 22.90, 22.68, 44.70, 44.50, 0, 0, 4.16
2019/07/17 03:23:00, 23.00, 22.90, 22.69, 44.75, 44.50, 0, 0, 4.16
2019/07/17 03:24:00, 23.00, 22.88, 22.68, 44.76, 44.52, 0, 0, 4.16
2019/07/17 03:25:00, 23.00, 22.90, 22.67, 44.75, 44.46, 0, 0, 4.16
2019/07/17 03:26:00, 23.00, 22.90, 22.68, 44.71, 44.46, 0, 0, 4.16
2019/07/17 03:27:00, 23.00, 22.87, 22.69, 44.74, 44.49, 0, 0, 4.16
2019/07/17 03:28:00, 23.00, 22.90, 22.71, 44.67, 44.45, 0, 0, 4.16
2019/07/17 03:29:00, 23.00, 22.90, 22.69, 44.73, 44.46, 0, 0, 4.16
2019/07/17 03:30:00, 23.00, 22.91, 22.70, 44.66, 44.43, 0, 0, 4.16
2019/07/17 03:31:00, 23.00, 22.88, 22.69, 44.69, 44.43, 0, 0, 4.16
2019/07/17 03:32:00, 23.00, 22.88, 22.70, 44.62, 44.39, 0, 0, 4.16
2019/07/17 03:33:00, 23.00, 22.88, 22.71, 44.68, 44.43, 0, 0, 4.16
2019/07/17 03:34:00, 23.00, 22.91, 22.70, 44.64, 44.39, 0, 0, 4.16
2019/07/17 03:35:00, 23.00, 22.90, 22.70, 44.66, 44.39, 0, 0, 4.16
2019/07/17 03:36:00, 23.00, 22.90, 22.69, 44.68, 44.41, 0, 0, 4.16
2019/07/17 03:37:00, 23.00, 22.88, 22.68, 44.64, 44.39, 0, 0, 4.16
2019/07/17 03:38:00, 23.00, 22.90, 22.69, 44.61, 44.39, 0, 0, 4.16
2019/07/17 03:39:00, 23.00, 22.91, 22.68, 44.68, 44.41, 0, 0, 4.16
2019/07/17 03:40:00, 23.00, 22.88, 22.68, 44.64, 44.43, 0, 0, 4.16
2019/07/17 03:41:00, 23.00, 22.91, 22.70, 44.71, 44.39, 0, 0, 4.16
2019/07/17 03:42:00, 23.00, 22.88, 22.70, 44.64, 44.42, 0, 0, 4.16
2019/07/17 03:43:00, 23.00, 22.91, 22.70, 44.64, 44.39, 0, 0, 4.16
2019/07/17 03:44:00, 23.00, 22.91, 22.69, 44.60, 44.39, 0, 0, 4.16
2019/07/17 03:45:00, 23.00, 22.90, 22.71, 44.64, 44.39, 0, 0, 4.16
2019/07/17 03:46:00, 23.00, 22.90, 22.71, 44.61, 44.39, 0, 0, 4.16
2019/07/17 03:47:00, 23.00, 22.90, 22.69, 44.60, 44.37, 0, 0, 4.16
2019/07/17 03:48:00, 23.00, 22.91, 22.69, 44.64, 44.37, 0, 0, 4.16
2019/07/17 03:49:00, 23.00, 22.91, 22.69, 44.62, 44.40, 0, 0, 4.16
2019/07/17 03:50:00, 23.00, 22.91, 22.72, 44.64, 44.36, 0, 0, 4.16
2019/07/17 03:51:00, 23.00, 22.91, 22.71, 44.61, 44.38, 0, 0, 4.16
2019/07/17 03:52:00, 23.00, 22.91, 22.70, 44.64, 44.39, 0, 0, 4.16
2019/07/17 03:53:00, 23.00, 22.91, 22.70, 44.56, 44.36, 0, 0, 4.16
2019/07/17 03:54:00, 23.00, 22.91, 22.70, 44.60, 44.33, 0, 0, 4.16
2019/07/17 03:55:00, 23.00, 22.91, 22.69, 44.56, 44.35, 0, 0, 4.16
2019/07/17 03:56:00, 23.00, 22.90, 22.71, 44.66, 44.38, 0, 0, 4.16
2019/07/17 03:57:00, 23.00, 22.90, 22.70, 44.58, 44.37, 0, 0, 4.16
2019/07/17 03:58:00, 23.00, 22.90, 22.70, 44.63, 44.37, 0, 0, 4.16
2019/07/17 03:59:00, 23.00, 22.91, 22.71, 44.64, 44.39, 0, 0, 4.16
2019/07/17 04:00:00, 23.00, 22.91, 22.70, 44.58, 44.38, 0, 0, 4.16
2019/07/17 04:01:00, 23.00, 22.91, 22.70, 44.60, 44.37, 0, 0, 4.16
2019/07/17 04:02:00, 23.00, 22.90, 22.72, 44.56, 44.33, 0, 0, 4.16
2019/07/17 04:03:00, 23.00, 22.91, 22.70, 44.59, 44.33, 0, 0, 4.16
2019/07/17 04:04:00, 23.00, 22.91, 22.70, 44.59, 44.34, 0, 0, 4.16
2019/07/17 04:05:00, 23.00, 22.91, 22.70, 44.55, 44.34, 0, 0, 4.16
2019/07/17 04:06:00, 23.00, 22.91, 22.69, 44.59, 44.36, 0, 0, 4.16
2019/07/17 04:07:00, 23.00, 22.90, 22.70, 44.53, 44.32, 0, 0, 4.16
2019/07/17 04:08:00, 23.00, 22.90, 22.69, 44.57, 44.32, 0, 0, 4.16
2019/07/17 04:09:00, 23.00, 22.91, 22.69, 44.61, 44.36, 0, 0, 4.16
2019/07/17 04:10:00, 23.00, 22.91, 22.69, 44.64, 44.37, 0, 0, 4.16
2019/07/17 04:11:00, 23.00, 22.88, 22.70, 44.61, 44.37, 0, 0, 4.16
2019/07/17 04:12:00, 23.00, 22.92, 22.71, 44.62, 44.30, 0, 0, 4.16
2019/07/17 04:13:00, 23.00, 22.90, 22.70, 44.57, 44.33, 0, 0, 4.16
2019/07/17 04:14:00, 23.00, 22.91, 22.68, 44.51, 44.32, 0, 0, 4.16
2019/07/17 04:15:00, 23.00, 22.91, 22.70, 44.58, 44.33, 0, 0, 4.16
2019/07/17 04:16:00, 23.00, 22.90, 22.70, 44.56, 44.34, 0, 0, 4.16
2019/07/17 04:17:00, 23.00, 22.90, 22.71, 44.64, 44.38, 0, 0, 4.16
2019/07/17 04:18:00, 23.00, 22.91, 22.70, 44.60, 44.33, 0, 0, 4.16
2019/07/17 04:19:00, 23.00, 22.91, 22.70, 44.64, 44.35, 0, 0, 4.16
2019/07/17 04:20:00, 23.00, 22.91, 22.69, 44.63, 44.35, 0, 0, 4.16
2019/07/17 04:21:00, 23.00, 22.91, 22.71, 44.50, 44.33, 0, 0, 4.16
2019/07/17 04:22:00, 23.00, 22.91, 22.71, 44.61, 44.34, 0, 0, 4.16
2019/07/17 04:23:00, 23.00, 22.91, 22.71, 44.57, 44.33, 0, 0, 4.16
2019/07/17 04:24:00, 23.00, 22.90, 22.71, 44.60, 44.34, 0, 0, 4.16
2019/07/17 04:25:00, 23.00, 22.91, 22.70, 44.56, 44.29, 0, 0, 4.16
2019/07/17 04:26:00, 23.00, 22.91, 22.69, 44.55, 44.32, 0, 0, 4.16
2019/07/17 04:27:00, 23.00, 22.91, 22.71, 44.55, 44.32, 0, 0, 4.16
2019/07/17 04:28:00, 23.00, 22.90, 22.72, 44.54, 44.30, 0, 0, 4.16
2019/07/17 04:29:00, 23.00, 22.90, 22.70, 44.49, 44.29, 0, 0, 4.16
2019/07/17 04:30:00, 23.00, 22.88, 22.69, 44.55, 44.29, 0, 0, 4.16
2019/07/17 04:31:00, 23.00, 22.90, 22.70, 44.57, 44.33, 0, 0, 4.16
2019/07/17 04:32:00, 23.00, 22.92, 22.72, 44.57, 44.32, 0, 0, 4.16
2019/07/17 04:33:00, 23.00, 22.90, 22.69, 44.48, 44.30, 0, 0, 4.16
2019/07/17 04:34:00, 23.00, 22.88, 22.68, 44.28, 44.17, 0, 0, 4.16
2019/07/17 04:35:00, 23.00, 22.90, 22.64, 44.68, 44.36, 0, 0, 4.16
2019/07/17 04:36:00, 23.00, 22.88, 22.64, 44.62, 44.43, 0, 0, 4.16
2019/07/17 04:37:00, 23.00, 22.85, 22.61, 44.69, 44.36, 0, 0, 4.16
2019/07/17 04:38:00, 23.00, 22.85, 22.64, 44.71, 44.47, 0, 0, 4.16
2019/07/17 04:39:00, 23.00, 22.84, 22.63, 44.69, 44.46, 0, 0, 4.16
2019/07/17 04:40:00, 23.00, 22.84, 22.68, 44.71, 44.47, 0, 0, 4.16
2019/07/17 04:41:00, 23.00, 22.91, 22.68, 44.59, 44.40, 0, 0, 4.16
2019/07/17 04:42:00, 23.00, 22.90, 22.67, 44.55, 44.34, 0, 0, 4.16
2019/07/17 04:43:00, 23.00, 22.88, 22.68, 44.61, 44.39, 0, 0, 4.16
2019/07/17 04:44:00, 23.00, 22.88, 22.70, 44.57, 44.32, 0, 0, 4.16
2019/07/17 04:45:00, 23.00, 22.90, 22.70, 44.56, 44.32, 0, 0, 4.16
2019/07/17 04:46:00, 23.00, 22.88, 22.70, 44.59, 44.30, 0, 0, 4.16
2019/07/17 04:47:00, 23.00, 22.92, 22.71, 44.55, 44.29, 0, 0, 4.16
2019/07/17 04:48:00, 23.00, 22.90, 22.71, 44.53, 44.28, 0, 0, 4.16
2019/07/17 04:49:00, 23.00, 22.90, 22.71, 44.55, 44.29, 0, 0, 4.16
2019/07/17 04:50:00, 23.00, 22.92, 22.70, 44.55, 44.32, 0, 0, 4.16
2019/07/17 04:51:00, 23.00, 22.90, 22.72, 44.54, 44.28, 0, 0, 4.16
2019/07/17 04:52:00, 23.00, 22.91, 22.70, 44.54, 44.26, 0, 0, 4.16
2019/07/17 04:53:00, 23.00, 22.90, 22.72, 44.55, 44.29, 0, 0, 4.16
2019/07/17 04:54:00, 23.00, 22.91, 22.71, 44.56, 44.27, 0, 0, 4.16
2019/07/17 04:55:00, 23.00, 22.91, 22.74, 44.53, 44.28, 0, 0, 4.16
2019/07/17 04:56:00, 23.00, 22.92, 22.71, 44.49, 44.20, 0, 0, 4.16
2019/07/17 04:57:00, 23.00, 22.92, 22.71, 44.47, 44.23, 0, 0, 4.16
2019/07/17 04:58:00, 23.00, 22.91, 22.70, 44.52, 44.27, 0, 0, 4.16
2019/07/17 04:59:00, 23.00, 22.92, 22.71, 44.54, 44.28, 0, 0, 4.16
2019/07/17 05:00:00, 23.00, 22.91, 22.72, 44.48, 44.23, 0, 0, 4.16
2019/07/17 05:01:00, 23.00, 22.94, 22.71, 44.51, 44.23, 0, 0, 4.16
2019/07/17 05:02:00, 23.00, 22.90, 22.72, 44.49, 44.25, 0, 0, 4.16
2019/07/17 05:03:00, 23.00, 22.92, 22.71, 44.46, 44.25, 0, 0, 4.16
2019/07/17 05:04:00, 23.00, 22.88, 22.71, 44.49, 44.23, 0, 0, 4.16
2019/07/17 05:05:00, 23.00, 22.92, 22.72, 44.46, 44.23, 0, 0, 4.16
2019/07/17 05:06:00, 23.00, 22.92, 22.73, 44.51, 44.23, 0, 0, 4.16
2019/07/17 05:07:00, 23.00, 22.92, 22.70, 44.50, 44.25, 0, 0, 4.16
2019/07/17 05:08:00, 23.00, 22.92, 22.70, 44.48, 44.24, 0, 0, 4.16
2019/07/17 05:09:00, 23.00, 22.95, 22.74, 44.48, 44.21, 0, 0, 4.16
2019/07/17 05:10:00, 23.00, 22.94, 22.72, 44.47, 44.22, 0, 0, 4.16
2019/07/17 05:11:00, 23.00, 22.94, 22.72, 44.50, 44.23, 0, 0, 4.16
2019/07/17 05:12:00, 23.00, 22.94, 22.72, 44.51, 44.23, 0, 0, 4.16
2019/07/17 05:13:00, 23.00, 22.92, 22.72, 44.46, 44.20, 0, 0, 4.16
2019/07/17 05:14:00, 23.00, 22.94, 22.72, 44.48, 44.21, 0, 0, 4.16
2019/07/17 05:15:00, 23.00, 22.94, 22.71, 44.46, 44.24, 0, 0, 4.16
2019/07/17 05:16:00, 23.00, 22.90, 22.72, 44.51, 44.28, 0, 0, 4.16
2019/07/17 05:17:00, 23.00, 22.91, 22.72, 44.50, 44.25, 0, 0, 4.16
2019/07/17 05:18:00, 23.00, 22.94, 22.72, 44.50, 44.23, 0, 0, 4.16
2019/07/17 05:19:00, 23.00, 22.92, 22.73, 44.49, 44.20, 0, 0, 4.16
2019/07/17 05:20:00, 23.00, 22.92, 22.73, 44.50, 44.24, 0, 0, 4.16
2019/07/17 05:21:00, 23.00, 22.95, 22.74, 44.48, 44.20, 0, 0, 4.16
2019/07/17 05:22:00, 23.00, 22.91, 22.73, 44.46, 44.22, 0, 0, 4.16
2019/07/17 05:23:00, 23.00, 22.94, 22.72, 44.48, 44.25, 0, 0, 4.16
2019/07/17 05:24:00, 23.00, 22.97, 22.71, 44.48, 44.23, 0, 0, 4.16
2019/07/17 05:25:00, 23.00, 22.92, 22.71, 44.46, 44.19, 0, 0, 4.16
2019/07/17 05:26:00, 23.00, 22.95, 22.72, 44.59, 44.26, 0, 0, 4.16
2019/07/17 05:27:00, 23.00, 22.92, 22.72, 44.54, 44.28, 0, 0, 4.16
2019/07/17 05:28:00, 23.00, 22.94, 22.74, 44.46, 44.20, 0, 0, 4.16
2019/07/17 05:29:00, 23.00, 22.92, 22.73, 44.43, 44.20, 0, 0, 4.16
2019/07/17 05:30:00, 23.00, 22.92, 22.73, 44.56, 44.23, 0, 0, 4.16
2019/07/17 05:31:00, 23.00, 22.92, 22.73, 44.50, 44.23, 0, 0, 4.16
2019/07/17 05:32:00, 23.00, 22.94, 22.73, 44.47, 44.22, 0, 0, 4.16
2019/07/17 05:33:00, 23.00, 22.92, 22.73, 44.50, 44.26, 0, 0, 4.16
2019/07/17 05:34:00, 23.00, 22.92, 22.72, 44.54, 44.23, 0, 0, 4.16
2019/07/17 05:35:00, 23.00, 22.94, 22.72, 44.46, 44.19, 0, 0, 4.16
2019/07/17 05:36:00, 23.00, 22.95, 22.74, 44.47, 44.23, 0, 0, 4.16
2019/07/17 05:37:00, 23.00, 22.94, 22.74, 44.51, 44.24, 0, 0, 4.16
2019/07/17 05:38:00, 23.00, 22.92, 22.74, 44.43, 44.23, 0, 0, 4.16
2019/07/17 05:39:00, 23.00, 22.94, 22.72, 44.49, 44.23, 0, 0, 4.16
2019/07/17 05:40:00, 23.00, 22.94, 22.75, 44.47, 44.21, 0, 0, 4.16
2019/07/17 05:41:00, 23.00, 22.94, 22.72, 44.51, 44.20, 0, 0, 4.16
2019/07/17 05:42:00, 23.25, 22.95, 22.72, 44.46, 44.20, 0, 0, 4.16
2019/07/17 05:43:00, 23.25, 22.97, 22.73, 44.44, 44.25, 0, 0, 4.16
2019/07/17 05:44:00, 23.25, 22.94, 22.74, 44.47, 44.24, 0, 0, 4.16
2019/07/17 05:45:00, 23.25, 22.95, 22.74, 44.47, 44.20, 0, 0, 4.16
2019/07/17 05:46:00, 23.00, 22.95, 22.73, 44.39, 44.20, 0, 0, 4.16
2019/07/17 05:47:00, 23.25, 22.94, 22.75, 44.44, 44.21, 0, 0, 4.16
2019/07/17 05:48:00, 23.25, 22.95, 22.73, 44.53, 44.20, 0, 0, 4.16
2019/07/17 05:49:00, 23.25, 22.94, 22.76, 44.54, 44.25, 0, 0, 4.16
2019/07/17 05:50:00, 23.25, 22.94, 22.76, 44.50, 44.21, 0, 0, 4.16
2019/07/17 05:51:00, 23.25, 22.92, 22.74, 44.48, 44.22, 0, 0, 4.16
2019/07/17 05:52:00, 23.25, 22.97, 22.74, 44.49, 44.24, 0, 0, 4.16
2019/07/17 05:53:00, 23.25, 22.95, 22.76, 44.51, 44.30, 0, 0, 4.16
2019/07/17 05:54:00, 23.25, 22.95, 22.76, 44.52, 44.29, 0, 0, 4.16
2019/07/17 05:55:00, 23.25, 22.95, 22.75, 44.53, 44.25, 0, 0, 4.16
2019/07/17 05:56:00, 23.25, 22.95, 22.75, 44.47, 44.23, 0, 0, 4.16
2019/07/17 05:57:00, 23.25, 22.95, 22.75, 44.45, 44.26, 0, 0, 4.16
2019/07/17 05:58:00, 23.25, 22.95, 22.74, 44.56, 44.25, 0, 0, 4.16
2019/07/17 05:59:00, 23.25, 22.95, 22.74, 44.54, 44.27, 0, 0, 4.16
2019/07/17 06:00:00, 23.25, 22.97, 22.76, 44.51, 44.27, 0, 0, 4.16
2019/07/17 06:01:00, 23.25, 22.95, 22.76, 44.51, 44.27, 0, 0, 4.16
2019/07/17 06:02:00, 23.25, 22.97, 22.76, 44.53, 44.29, 0, 0, 4.16
2019/07/17 06:03:00, 23.25, 22.98, 22.77, 44.54, 44.28, 0, 0, 4.16
2019/07/17 06:04:00, 23.25, 22.98, 22.76, 44.49, 44.27, 0, 0, 4.16
2019/07/17 06:05:00, 23.25, 22.98, 22.75, 44.51, 44.26, 0, 0, 4.16
2019/07/17 06:06:00, 23.25, 22.98, 22.76, 44.53, 44.26, 0, 0, 4.16
2019/07/17 06:07:00, 23.25, 22.97, 22.76, 44.54, 44.27, 0, 0, 4.16
2019/07/17 06:08:00, 23.25, 22.99, 22.78, 44.51, 44.30, 0, 0, 4.16
2019/07/17 06:09:00, 23.25, 22.97, 22.76, 44.50, 44.26, 0, 0, 4.16
2019/07/17 06:10:00, 23.25, 22.97, 22.76, 44.48, 44.26, 0, 0, 4.16
2019/07/17 06:11:00, 23.25, 22.99, 22.76, 44.48, 44.25, 0, 0, 4.16
2019/07/17 06:12:00, 23.25, 23.01, 22.78, 44.48, 44.25, 0, 0, 4.16
2019/07/17 06:13:00, 23.25, 22.95, 22.76, 44.48, 44.25, 0, 0, 4.16
2019/07/17 06:14:00, 23.25, 22.97, 22.79, 44.52, 44.26, 0, 0, 4.16
2019/07/17 06:15:00, 23.25, 22.99, 22.78, 44.51, 44.27, 0, 0, 4.16
2019/07/17 06:16:00, 23.25, 22.98, 22.79, 44.46, 44.23, 0, 0, 4.16
2019/07/17 06:17:00, 23.25, 22.98, 22.78, 44.55, 44.24, 0, 0, 4.16
2019/07/17 06:18:00, 23.25, 22.98, 22.78, 44.53, 44.24, 0, 0, 4.16
2019/07/17 06:19:00, 23.25, 22.99, 22.79, 44.51, 44.25, 0, 0, 4.16
2019/07/17 06:20:00, 23.25, 22.99, 22.79, 44.51, 44.30, 0, 0, 4.16
2019/07/17 06:21:00, 23.25, 22.99, 22.78, 44.56, 44.27, 0, 0, 4.16
2019/07/17 06:22:00, 23.25, 23.01, 22.80, 44.54, 44.27, 0, 0, 4.16
2019/07/17 06:23:00, 23.25, 22.99, 22.80, 44.53, 44.25, 0, 0, 4.16
2019/07/17 06:24:00, 23.25, 23.01, 22.79, 44.54, 44.24, 0, 0, 4.16
2019/07/17 06:25:00, 23.25, 23.01, 22.82, 44.47, 44.25, 0, 0, 4.16
2019/07/17 06:26:00, 23.25, 22.99, 22.77, 44.50, 44.23, 0, 0, 4.16
2019/07/17 06:27:00, 23.25, 23.01, 22.80, 44.54, 44.28, 0, 0, 4.16
2019/07/17 06:28:00, 23.25, 23.01, 22.80, 44.54, 44.24, 0, 0, 4.16
2019/07/17 06:29:00, 23.25, 23.02, 22.80, 44.49, 44.26, 0, 0, 4.16
2019/07/17 06:30:00, 23.25, 22.99, 22.82, 44.50, 44.26, 0, 0, 4.16
2019/07/17 06:31:00, 23.25, 23.01, 22.83, 44.50, 44.25, 0, 0, 4.16
2019/07/17 06:32:00, 23.25, 23.01, 22.83, 44.50, 44.24, 0, 0, 4.16
2019/07/17 06:33:00, 23.25, 23.02, 22.82, 44.52, 44.27, 0, 0, 4.16
2019/07/17 06:34:00, 23.25, 23.03, 22.80, 44.56, 44.29, 0, 0, 4.16
2019/07/17 06:35:00, 23.25, 23.01, 22.80, 44.54, 44.24, 0, 0, 4.16
2019/07/17 06:36:00, 23.25, 23.01, 22.83, 44.57, 44.30, 0, 0, 4.16
2019/07/17 06:37:00, 23.25, 23.02, 22.82, 44.56, 44.27, 0, 0, 4.16
2019/07/17 06:38:00, 23.25, 23.02, 22.85, 44.57, 44.28, 0, 0, 4.16
2019/07/17 06:39:00, 23.25, 23.02, 22.80, 44.55, 44.30, 0, 0, 4.16
2019/07/17 06:40:00, 23.25, 23.02, 22.84, 44.59, 44.32, 0, 0, 4.16
2019/07/17 06:41:00, 23.25, 23.06, 22.83, 44.52, 44.30, 0, 0, 4.16
2019/07/17 06:42:00, 23.25, 23.03, 22.83, 44.57, 44.29, 0, 0, 4.16
2019/07/17 06:43:00, 23.25, 23.06, 22.84, 44.56, 44.27, 0, 0, 4.16
2019/07/17 06:44:00, 23.25, 23.06, 22.84, 44.57, 44.30, 0, 0, 4.16
2019/07/17 06:45:00, 23.25, 23.06, 22.86, 44.55, 44.30, 0, 0, 4.16
2019/07/17 06:46:00, 23.25, 23.06, 22.85, 44.53, 44.27, 0, 0, 4.16
2019/07/17 06:47:00, 23.25, 23.08, 22.87, 44.50, 44.28, 0, 0, 4.16
2019/07/17 06:48:00, 23.25, 23.09, 22.87, 44.62, 44.30, 0, 0, 4.16
2019/07/17 06:49:00, 23.25, 23.08, 22.87, 44.52, 44.25, 0, 0, 4.16
2019/07/17 06:50:00, 23.25, 23.09, 22.87, 44.50, 44.25, 0, 0, 4.16
2019/07/17 06:51:00, 23.25, 23.09, 22.90, 44.47, 44.26, 0, 0, 4.16
2019/07/17 06:52:00, 23.25, 23.11, 22.91, 44.54, 44.27, 0, 0, 4.16
2019/07/17 06:53:00, 23.25, 23.14, 22.91, 44.52, 44.23, 0, 0, 4.16
2019/07/17 06:54:00, 23.25, 23.12, 22.94, 44.46, 44.20, 0, 0, 4.16
2019/07/17 06:55:00, 23.25, 23.15, 22.93, 44.45, 44.20, 0, 0, 4.16
2019/07/17 06:56:00, 23.25, 23.15, 22.94, 44.48, 44.22, 0, 0, 4.16
2019/07/17 06:57:00, 23.25, 23.15, 22.97, 44.48, 44.22, 0, 0, 4.16
2019/07/17 06:58:00, 23.25, 23.15, 22.94, 44.49, 44.23, 0, 0, 4.16
2019/07/17 06:59:00, 23.25, 23.15, 22.95, 44.45, 44.18, 0, 0, 4.16
2019/07/17 07:00:00, 23.25, 23.16, 22.95, 44.56, 44.27, 0, 0, 4.16
2019/07/17 07:01:00, 23.25, 23.16, 22.97, 44.45, 44.23, 0, 0, 4.16
2019/07/17 07:02:00, 23.25, 23.16, 22.95, 44.48, 44.22, 0, 0, 4.16
2019/07/17 07:03:00, 23.25, 23.15, 22.94, 44.45, 44.20, 0, 0, 4.16
2019/07/17 07:04:00, 23.25, 23.16, 22.94, 44.48, 44.23, 0, 0, 4.16
2019/07/17 07:05:00, 23.25, 23.16, 22.93, 44.47, 44.20, 0, 0, 4.16
2019/07/17 07:06:00, 23.25, 23.16, 22.94, 44.44, 44.18, 0, 0, 4.16
2019/07/17 07:07:00, 23.25, 23.19, 22.97, 44.48, 44.20, 0, 0, 4.16
2019/07/17 07:08:00, 23.25, 23.19, 23.00, 44.45, 44.18, 0, 0, 4.16
2019/07/17 07:09:00, 23.25, 23.16, 23.00, 44.50, 44.21, 0, 0, 4.16
2019/07/17 07:10:00, 23.25, 23.22, 22.98, 44.50, 44.24, 0, 0, 4.16
2019/07/17 07:11:00, 23.25, 23.21, 23.00, 44.44, 44.20, 0, 0, 4.16
2019/07/17 07:12:00, 23.25, 23.21, 23.00, 44.39, 44.17, 0, 0, 4.16
2019/07/17 07:13:00, 23.25, 23.22, 23.01, 44.45, 44.21, 0, 0, 4.16
2019/07/17 07:14:00, 23.25, 23.22, 23.04, 44.42, 44.18, 0, 0, 4.16
2019/07/17 07:15:00, 23.25, 23.22, 23.04, 44.43, 44.18, 0, 0, 4.16
2019/07/17 07:16:00, 23.25, 23.24, 23.04, 44.46, 44.17, 0, 0, 4.16
2019/07/17 07:17:00, 23.25, 23.25, 23.04, 44.37, 44.18, 0, 0, 4.16
2019/07/17 07:18:00, 23.25, 23.26, 23.05, 44.46, 44.16, 0, 0, 4.16
2019/07/17 07:19:00, 23.25, 23.26, 23.07, 44.40, 44.16, 0, 0, 4.16
2019/07/17 07:20:00, 23.25, 23.26, 23.09, 44.44, 44.18, 0, 0, 4.16
2019/07/17 07:21:00, 23.25, 23.29, 23.08, 44.40, 44.14, 0, 0, 4.16
2019/07/17 07:22:00, 23.25, 23.29, 23.08, 44.40, 44.16, 0, 0, 4.16
2019/07/17 07:23:00, 23.25, 23.33, 23.08, 44.40, 44.15, 0, 0, 4.16
2019/07/17 07:24:00, 23.25, 23.32, 23.12, 44.39, 44.17, 0, 0, 4.16
2019/07/17 07:25:00, 23.25, 23.32, 23.13, 44.37, 44.13, 0, 0, 4.16
2019/07/17 07:26:00, 23.50, 23.32, 23.12, 44.40, 44.15, 0, 0, 4.16
2019/07/17 07:27:00, 23.50, 23.33, 23.14, 44.44, 44.15, 0, 0, 4.16
2019/07/17 07:28:00, 23.50, 23.35, 23.16, 44.46, 44.19, 0, 0, 4.16
2019/07/17 07:29:00, 23.50, 23.36, 23.15, 44.47, 44.20, 0, 0, 4.16
2019/07/17 07:30:00, 23.50, 23.36, 23.19, 44.44, 44.17, 0, 0, 4.16
2019/07/17 07:31:00, 23.50, 23.39, 23.19, 44.48, 44.22, 0, 0, 4.16
2019/07/17 07:32:00, 23.50, 23.40, 23.20, 44.46, 44.21, 0, 0, 4.16
2019/07/17 07:33:00, 23.50, 23.42, 23.21, 44.70, 44.30, 0, 0, 4.16
2019/07/17 07:34:00, 23.50, 23.43, 23.22, 44.77, 44.42, 0, 0, 4.16
2019/07/17 07:35:00, 23.50, 23.43, 23.23, 44.87, 44.52, 0, 0, 4.16
2019/07/17 07:36:00, 23.50, 23.43, 23.24, 44.92, 44.60, 0, 0, 4.16
2019/07/17 07:37:00, 23.50, 23.44, 23.23, 44.93, 44.63, 0, 0, 4.16
2019/07/17 07:38:00, 23.50, 23.46, 23.24, 45.01, 44.73, 0, 0, 4.16
2019/07/17 07:39:00, 23.50, 23.46, 23.28, 44.95, 44.65, 0, 0, 4.16
2019/07/17 07:40:00, 23.50, 23.47, 23.28, 44.91, 44.65, 0, 0, 4.16
2019/07/17 07:41:00, 23.50, 23.49, 23.28, 45.06, 44.67, 0, 0, 4.16
2019/07/17 07:42:00, 23.50, 23.50, 23.28, 45.07, 44.78, 0, 0, 4.16
2019/07/17 07:43:00, 23.50, 23.50, 23.29, 45.13, 44.83, 0, 0, 4.16
2019/07/17 07:44:00, 23.50, 23.50, 23.28, 45.17, 44.89, 0, 0, 4.16
2019/07/17 07:45:00, 23.50, 23.49, 23.28, 45.08, 44.81, 0, 0, 4.16
2019/07/17 07:46:00, 23.50, 23.47, 23.30, 45.13, 44.84, 0, 0, 4.16
2019/07/17 07:47:00, 23.50, 23.49, 23.28, 45.29, 45.00, 0, 0, 4.16
2019/07/17 07:48:00, 23.50, 23.47, 23.28, 45.27, 45.00, 0, 0, 4.16
2019/07/17 07:49:00, 23.50, 23.46, 23.28, 45.23, 44.94, 0, 0, 4.16
2019/07/17 07:50:00, 23.50, 23.47, 23.23, 45.31, 45.04, 0, 0, 4.16
2019/07/17 07:51:00, 23.50, 23.47, 23.27, 45.56, 45.17, 0, 0, 4.16
2019/07/17 07:52:00, 23.50, 23.49, 23.27, 45.42, 45.16, 0, 0, 4.16
2019/07/17 07:53:00, 23.50, 23.47, 23.25, 45.46, 45.15, 0, 0, 4.16
2019/07/17 07:54:00, 23.50, 23.44, 23.28, 45.46, 45.14, 0, 0, 4.16
2019/07/17 07:55:00, 23.50, 23.46, 23.25, 45.60, 45.27, 0, 0, 4.16
2019/07/17 07:56:00, 23.50, 23.47, 23.28, 45.53, 45.26, 0, 0, 4.16
2019/07/17 07:57:00, 23.50, 23.44, 23.28, 45.51, 45.23, 0, 0, 4.16
2019/07/17 07:58:00, 23.50, 23.44, 23.28, 45.65, 45.31, 0, 0, 4.16
2019/07/17 07:59:00, 23.50, 23.44, 23.27, 45.69, 45.33, 0, 0, 4.16
2019/07/17 08:00:00, 23.50, 23.44, 23.27, 45.65, 45.36, 0, 0, 4.16
2019/07/17 08:01:00, 23.50, 23.46, 23.25, 45.68, 45.37, 0, 0, 4.16
2019/07/17 08:02:00, 23.50, 23.46, 23.27, 45.66, 45.35, 0, 0, 4.16
2019/07/17 08:03:00, 23.50, 23.46, 23.25, 45.65, 45.36, 0, 0, 4.16
2019/07/17 08:04:00, 23.50, 23.46, 23.28, 45.69, 45.38, 0, 0, 4.16
2019/07/17 08:05:00, 23.50, 23.44, 23.25, 45.79, 45.44, 0, 0, 4.16
2019/07/17 08:06:00, 23.50, 23.44, 23.27, 45.77, 45.49, 0, 0, 4.16
2019/07/17 08:07:00, 23.50, 23.47, 23.23, 45.82, 45.44, 0, 0, 4.16
2019/07/17 08:08:00, 23.50, 23.44, 23.25, 45.82, 45.57, 0, 0, 4.16
2019/07/17 08:09:00, 23.50, 23.46, 23.27, 45.89, 45.55, 0, 0, 4.16
2019/07/17 08:10:00, 23.50, 23.47, 23.25, 45.87, 45.60, 0, 0, 4.16
2019/07/17 08:11:00, 23.50, 23.46, 23.25, 45.95, 45.58, 0, 0, 4.16
2019/07/17 08:12:00, 23.50, 23.46, 23.27, 45.82, 45.55, 0, 0, 4.16
2019/07/17 08:13:00, 23.50, 23.44, 23.27, 45.88, 45.57, 0, 0, 4.16
2019/07/17 08:14:00, 23.50, 23.44, 23.28, 45.97, 45.63, 0, 0, 4.16
2019/07/17 08:15:00, 23.50, 23.46, 23.28, 46.23, 45.74, 0, 0, 4.16
2019/07/17 08:16:00, 23.50, 23.47, 23.29, 46.31, 46.00, 0, 0, 4.16
2019/07/17 08:17:00, 23.50, 23.47, 23.28, 46.09, 45.83, 0, 0, 4.16
2019/07/17 08:18:00, 23.50, 23.47, 23.27, 46.26, 45.88, 0, 0, 4.16
2019/07/17 08:19:00, 23.50, 23.47, 23.29, 46.24, 45.93, 0, 0, 4.16
2019/07/17 08:20:00, 23.50, 23.46, 23.28, 46.07, 45.82, 0, 0, 4.16
2019/07/17 08:21:00, 23.50, 23.50, 23.27, 46.26, 45.87, 0, 0, 4.16
2019/07/17 08:22:00, 23.50, 23.50, 23.29, 46.21, 45.87, 0, 0, 4.16
2019/07/17 08:23:00, 23.50, 23.44, 23.28, 46.13, 45.87, 0, 0, 4.16
2019/07/17 08:24:00, 23.50, 23.47, 23.28, 46.36, 45.97, 0, 0, 4.16
2019/07/17 08:25:00, 23.50, 23.47, 23.29, 46.40, 46.01, 0, 0, 4.16
2019/07/17 08:26:00, 23.50, 23.49, 23.29, 46.28, 46.02, 0, 0, 4.16
2019/07/17 08:27:00, 23.50, 23.49, 23.30, 46.39, 46.03, 0, 0, 4.16
2019/07/17 08:28:00, 23.50, 23.49, 23.28, 46.40, 46.03, 0, 0, 4.16
2019/07/17 08:29:00, 23.50, 23.49, 23.31, 46.54, 46.11, 0, 0, 4.16
2019/07/17 08:30:00, 23.50, 23.52, 23.31, 46.39, 46.09, 0, 0, 4.16
2019/07/17 08:31:00, 23.50, 23.50, 23.32, 46.40, 46.06, 0, 0, 4.16
2019/07/17 08:32:00, 23.50, 23.52, 23.32, 46.41, 46.09, 0, 0, 4.16
2019/07/17 08:33:00, 23.50, 23.52, 23.34, 46.38, 46.07, 0, 0, 4.16
2019/07/17 08:34:00, 23.50, 23.53, 23.34, 46.38, 46.07, 0, 0, 4.16
2019/07/17 08:35:00, 23.75, 23.56, 23.35, 46.38, 46.07, 0, 0, 4.16
2019/07/17 08:36:00, 23.75, 23.56, 23.35, 46.36, 46.00, 0, 0, 4.16
2019/07/17 08:37:00, 23.75, 23.54, 23.37, 46.41, 46.05, 0, 0, 4.16
2019/07/17 08:38:00, 23.75, 23.57, 23.32, 46.40, 46.10, 0, 0, 4.16
2019/07/17 08:39:00, 23.75, 23.54, 23.36, 46.39, 46.07, 0, 0, 4.16
2019/07/17 08:40:00, 23.75, 23.56, 23.35, 46.40, 46.07, 0, 0, 4.16
2019/07/17 08:41:00, 23.75, 23.56, 23.37, 46.44, 46.10, 0, 0, 4.16
2019/07/17 08:42:00, 23.75, 23.59, 23.37, 46.61, 46.21, 0, 0, 4.16
2019/07/17 08:43:00, 23.75, 23.57, 23.39, 46.62, 46.25, 0, 0, 4.16
2019/07/17 08:44:00, 23.75, 23.57, 23.41, 46.52, 46.21, 0, 0, 4.16
2019/07/17 08:45:00, 23.75, 23.61, 23.42, 46.57, 46.23, 0, 0, 4.16
2019/07/17 08:46:00, 23.75, 23.59, 23.42, 46.49, 46.18, 0, 0, 4.16
2019/07/17 08:47:00, 23.75, 23.61, 23.43, 46.50, 46.16, 0, 0, 4.16
2019/07/17 08:48:00, 23.75, 23.59, 23.42, 46.54, 46.15, 0, 0, 4.16
2019/07/17 08:49:00, 23.75, 23.60, 23.43, 46.54, 46.16, 0, 0, 4.16
2019/07/17 08:50:00, 23.75, 23.61, 23.43, 46.60, 46.22, 0, 0, 4.16
2019/07/17 08:51:00, 23.75, 23.64, 23.45, 46.56, 46.22, 0, 0, 4.16
2019/07/17 08:52:00, 23.75, 23.61, 23.45, 46.60, 46.22, 0, 0, 4.16
2019/07/17 08:53:00, 23.75, 23.61, 23.46, 46.65, 46.24, 0, 0, 4.16
2019/07/17 08:54:00, 23.75, 23.64, 23.45, 46.68, 46.28, 0, 0, 4.16
2019/07/17 08:55:00, 23.75, 23.64, 23.45, 46.71, 46.33, 0, 0, 4.16
2019/07/17 08:56:00, 23.75, 23.63, 23.46, 46.76, 46.38, 0, 0, 4.16
2019/07/17 08:57:00, 23.75, 23.61, 23.45, 46.70, 46.38, 0, 0, 4.16
2019/07/17 08:58:00, 23.75, 23.63, 23.45, 46.81, 46.42, 0, 0, 4.16
2019/07/17 08:59:00, 23.75, 23.64, 23.44, 46.89, 46.48, 0, 0, 4.16
2019/07/17 09:00:00, 23.75, 23.64, 23.45, 46.92, 46.52, 0, 0, 4.16
2019/07/17 09:01:00, 23.75, 23.63, 23.45, 46.92, 46.54, 0, 0, 4.16
2019/07/17 09:02:00, 23.75, 23.63, 23.45, 46.94, 46.55, 0, 0, 4.15
2019/07/17 09:03:00, 23.75, 23.64, 23.47, 46.97, 46.61, 0, 0, 4.16
2019/07/17 09:04:00, 23.75, 23.63, 23.47, 47.04, 46.64, 0, 0, 4.16
2019/07/17 09:05:00, 23.75, 23.64, 23.45, 47.03, 46.64, 0, 0, 4.16
2019/07/17 09:06:00, 23.75, 23.64, 23.46, 47.08, 46.65, 0, 0, 4.16
2019/07/17 09:07:00, 23.75, 23.65, 23.46, 47.07, 46.69, 0, 0, 4.16
2019/07/17 09:08:00, 23.75, 23.63, 23.47, 47.12, 46.71, 0, 0, 4.16
2019/07/17 09:09:00, 23.75, 23.64, 23.47, 47.11, 46.72, 0, 0, 4.16
2019/07/17 09:10:00, 23.75, 23.63, 23.46, 47.17, 46.75, 0, 0, 4.16
2019/07/17 09:11:00, 23.75, 23.64, 23.46, 47.20, 46.81, 0, 0, 4.16
2019/07/17 09:12:00, 23.75, 23.64, 23.45, 47.26, 46.85, 0, 0, 4.16
2019/07/17 09:13:00, 23.75, 23.67, 23.46, 47.30, 46.87, 0, 0, 4.16
2019/07/17 09:14:00, 23.75, 23.64, 23.47, 47.32, 46.90, 0, 0, 4.16
2019/07/17 09:15:00, 23.75, 23.64, 23.47, 47.37, 46.93, 0, 0, 4.15
2019/07/17 09:16:00, 23.75, 23.64, 23.46, 47.34, 46.94, 0, 0, 4.16
2019/07/17 09:17:00, 23.75, 23.64, 23.49, 47.36, 46.94, 0, 0, 4.16
2019/07/17 09:18:00, 23.75, 23.65, 23.47, 47.37, 46.94, 0, 0, 4.16
2019/07/17 09:19:00, 23.75, 23.65, 23.48, 47.31, 46.94, 0, 0, 4.16
2019/07/17 09:20:00, 23.75, 23.67, 23.48, 47.36, 46.98, 0, 0, 4.16
2019/07/17 09:21:00, 23.75, 23.67, 23.47, 47.37, 46.95, 0, 0, 4.16
2019/07/17 09:22:00, 23.75, 23.65, 23.48, 47.51, 47.03, 0, 0, 4.16
2019/07/17 09:23:00, 23.75, 23.67, 23.47, 47.42, 47.00, 0, 0, 4.16
2019/07/17 09:24:00, 23.75, 23.65, 23.47, 47.41, 47.02, 0, 0, 4.16
2019/07/17 09:25:00, 23.75, 23.65, 23.49, 47.44, 47.04, 0, 0, 4.16
2019/07/17 09:26:00, 23.75, 23.67, 23.48, 47.45, 47.03, 0, 0, 4.15
2019/07/17 09:27:00, 23.75, 23.65, 23.49, 47.47, 47.04, 0, 0, 4.16
2019/07/17 09:28:00, 23.75, 23.67, 23.48, 47.46, 47.08, 0, 0, 4.16
2019/07/17 09:29:00, 23.75, 23.67, 23.50, 47.52, 47.10, 0, 0, 4.16
2019/07/17 09:30:00, 23.75, 23.68, 23.50, 47.48, 47.10, 0, 0, 4.16
2019/07/17 09:31:00, 23.75, 23.70, 23.49, 47.52, 47.10, 0, 0, 4.16
2019/07/17 09:32:00, 23.75, 23.65, 23.50, 47.51, 47.08, 0, 0, 4.16
2019/07/17 09:33:00, 23.75, 23.67, 23.48, 47.55, 47.10, 0, 0, 4.16
2019/07/17 09:34:00, 23.75, 23.68, 23.51, 47.49, 47.13, 0, 0, 4.16
2019/07/17 09:35:00, 23.75, 23.70, 23.49, 47.50, 47.07, 0, 0, 4.16
2019/07/17 09:36:00, 23.75, 23.68, 23.52, 47.51, 47.10, 0, 0, 4.16
2019/07/17 09:37:00, 23.75, 23.70, 23.50, 47.45, 47.07, 0, 0, 4.16
2019/07/17 09:38:00, 23.75, 23.71, 23.53, 47.49, 47.08, 0, 0, 4.16
2019/07/17 09:39:00, 23.75, 23.71, 23.52, 47.44, 47.06, 0, 0, 4.16
2019/07/17 09:40:00, 23.75, 23.70, 23.54, 47.44, 47.03, 0, 0, 4.16
2019/07/17 09:41:00, 23.75, 23.74, 23.56, 47.45, 47.03, 0, 0, 4.16
2019/07/17 09:42:00, 23.75, 23.74, 23.57, 47.42, 47.02, 0, 0, 4.16
2019/07/17 09:43:00, 23.75, 23.76, 23.57, 47.40, 46.98, 0, 0, 4.16
2019/07/17 09:44:00, 23.75, 23.77, 23.58, 47.36, 46.98, 0, 0, 4.15
2019/07/17 09:45:00, 23.75, 23.77, 23.57, 47.40, 46.99, 0, 0, 4.16
2019/07/17 09:46:00, 23.75, 23.77, 23.60, 47.39, 46.99, 0, 0, 4.16
2019/07/17 09:47:00, 23.75, 23.76, 23.58, 47.41, 46.97, 0, 0, 4.16
2019/07/17 09:48:00, 23.75, 23.77, 23.59, 47.34, 46.92, 0, 0, 4.16
2019/07/17 09:49:00, 23.75, 23.77, 23.59, 47.29, 46.93, 0, 0, 4.16
2019/07/17 09:50:00, 23.75, 23.77, 23.60, 47.35, 46.93, 0, 0, 4.16
2019/07/17 09:51:00, 23.75, 23.79, 23.61, 47.34, 46.94, 0, 0, 4.15
2019/07/17 09:52:00, 23.75, 23.79, 23.60, 47.32, 46.94, 0, 0, 4.16
2019/07/17 09:53:00, 23.75, 23.79, 23.62, 47.23, 46.90, 0, 0, 4.16
2019/07/17 09:54:00, 23.75, 23.80, 23.60, 47.27, 46.89, 0, 0, 4.15
2019/07/17 09:55:00, 23.75, 23.79, 23.61, 47.24, 46.86, 0, 0, 4.16
2019/07/17 09:56:00, 23.75, 23.81, 23.63, 47.20, 46.84, 0, 0, 4.16
2019/07/17 09:57:00, 23.75, 23.83, 23.61, 47.19, 46.80, 0, 0, 4.16
2019/07/17 09:58:00, 23.75, 23.81, 23.63, 47.18, 46.81, 0, 0, 4.16
2019/07/17 09:59:00, 23.75, 23.81, 23.63, 47.16, 46.80, 0, 0, 4.16
2019/07/17 10:00:00, 23.75, 23.80, 23.60, 47.17, 46.80, 0, 0, 4.15
2019/07/17 10:01:00, 23.75, 23.81, 23.61, 47.17, 46.78, 0, 0, 4.16
2019/07/17 10:02:00, 23.75, 23.79, 23.60, 47.22, 46.81, 0, 0, 4.16
2019/07/17 10:03:00, 23.75, 23.79, 23.64, 47.15, 46.79, 0, 0, 4.15
2019/07/17 10:04:00, 23.75, 23.80, 23.60, 47.16, 46.78, 0, 0, 4.16
2019/07/17 10:05:00, 23.75, 23.79, 23.62, 47.20, 46.80, 0, 0, 4.16
2019/07/17 10:06:00, 23.75, 23.80, 23.60, 47.20, 46.81, 0, 0, 4.16
2019/07/17 10:07:00, 23.75, 23.81, 23.65, 47.24, 46.86, 0, 0, 4.16
2019/07/17 10:08:00, 23.75, 23.80, 23.63, 47.21, 46.86, 0, 0, 4.16
2019/07/17 10:09:00, 23.75, 23.81, 23.62, 47.28, 46.87, 0, 0, 4.16
2019/07/17 10:10:00, 23.75, 23.81, 23.63, 47.29, 46.87, 0, 0, 4.16
2019/07/17 10:11:00, 23.75, 23.81, 23.59, 47.27, 46.90, 0, 0, 4.16
2019/07/17 10:12:00, 23.75, 23.83, 23.63, 47.38, 46.92, 0, 0, 4.16
2019/07/17 10:13:00, 23.75, 23.79, 23.62, 47.35, 46.95, 0, 0, 4.16
2019/07/17 10:14:00, 23.75, 23.81, 23.62, 47.39, 46.99, 0, 0, 4.16
2019/07/17 10:15:00, 23.75, 23.80, 23.62, 47.49, 47.05, 0, 0, 4.15
2019/07/17 10:16:00, 23.75, 23.80, 23.63, 47.48, 47.09, 0, 0, 4.16
2019/07/17 10:17:00, 23.75, 23.81, 23.64, 47.54, 47.09, 0, 0, 4.16
2019/07/17 10:18:00, 23.75, 23.83, 23.63, 47.47, 47.12, 0, 0, 4.16
2019/07/17 10:19:00, 23.75, 23.81, 23.64, 47.53, 47.13, 0, 0, 4.16
2019/07/17 10:20:00, 23.75, 23.81, 23.66, 47.49, 47.09, 0, 0, 4.16
2019/07/17 10:21:00, 23.75, 23.81, 23.62, 47.48, 47.09, 0, 0, 4.16
2019/07/17 10:22:00, 24.00, 23.81, 23.63, 47.54, 47.14, 0, 0, 4.16
2019/07/17 10:23:00, 24.00, 23.81, 23.65, 47.59, 47.14, 0, 0, 4.16
2019/07/17 10:24:00, 24.00, 23.83, 23.62, 47.53, 47.12, 0, 0, 4.15
2019/07/17 10:25:00, 24.00, 23.83, 23.65, 47.57, 47.14, 0, 0, 4.16
2019/07/17 10:26:00, 24.00, 23.81, 23.66, 47.54, 47.14, 0, 0, 4.16
2019/07/17 10:27:00, 24.00, 23.84, 23.64, 47.54, 47.13, 0, 0, 4.16
2019/07/17 10:28:00, 24.00, 23.84, 23.65, 47.57, 47.16, 0, 0, 4.16
2019/07/17 10:29:00, 24.00, 23.83, 23.66, 47.51, 47.13, 0, 0, 4.16
2019/07/17 10:30:00, 24.00, 23.84, 23.64, 47.57, 47.12, 0, 0, 4.16
2019/07/17 10:31:00, 24.00, 23.84, 23.66, 47.51, 47.13, 0, 0, 4.16
2019/07/17 10:32:00, 24.00, 23.81, 23.66, 47.53, 47.15, 0, 0, 4.16
2019/07/17 10:33:00, 24.00, 23.81, 23.63, 47.56, 47.18, 0, 0, 4.16
2019/07/17 10:34:00, 24.00, 23.80, 23.63, 47.53, 47.16, 0, 0, 4.16
2019/07/17 10:35:00, 24.00, 23.83, 23.63, 47.55, 47.15, 0, 0, 4.16
2019/07/17 10:36:00, 24.00, 23.80, 23.63, 47.54, 47.16, 0, 0, 4.16
2019/07/17 10:37:00, 24.00, 23.81, 23.63, 47.56, 47.16, 0, 0, 4.16
2019/07/17 10:38:00, 24.00, 23.83, 23.62, 47.54, 47.14, 0, 0, 4.16
2019/07/17 10:39:00, 24.00, 23.83, 23.63, 47.54, 47.16, 0, 0, 4.16
2019/07/17 10:40:00, 24.00, 23.81, 23.64, 47.61, 47.18, 0, 0, 4.16
2019/07/17 10:41:00, 24.00, 23.83, 23.63, 47.56, 47.19, 0, 0, 4.16
2019/07/17 10:42:00, 24.00, 23.83, 23.63, 47.60, 47.19, 0, 0, 4.16
2019/07/17 10:43:00, 24.00, 23.81, 23.65, 47.63, 47.21, 0, 0, 4.16
2019/07/17 10:44:00, 24.00, 23.83, 23.64, 47.60, 47.22, 0, 0, 4.16
2019/07/17 10:45:00, 24.00, 23.84, 23.63, 47.63, 47.24, 0, 0, 4.16
2019/07/17 10:46:00, 24.00, 23.83, 23.66, 47.63, 47.22, 0, 0, 4.16
2019/07/17 10:47:00, 24.00, 23.85, 23.66, 47.61, 47.21, 0, 0, 4.15
2019/07/17 10:48:00, 24.00, 23.85, 23.67, 47.66, 47.22, 0, 0, 4.16
2019/07/17 10:49:00, 24.00, 23.85, 23.67, 47.61, 47.20, 0, 0, 4.16
2019/07/17 10:50:00, 24.00, 23.85, 23.68, 47.59, 47.20, 0, 0, 4.16
2019/07/17 10:51:00, 24.00, 23.87, 23.67, 47.69, 47.24, 0, 0, 4.16
2019/07/17 10:52:00, 24.00, 23.87, 23.68, 47.67, 47.26, 0, 0, 4.16
2019/07/17 10:53:00, 24.00, 23.88, 23.67, 47.61, 47.26, 0, 0, 4.15
2019/07/17 10:54:00, 24.00, 23.87, 23.67, 47.72, 47.26, 0, 0, 4.15
2019/07/17 10:55:00, 24.00, 23.85, 23.69, 47.75, 47.30, 0, 0, 4.16
2019/07/17 10:56:00, 24.00, 23.90, 23.71, 47.75, 47.34, 0, 0, 4.16
2019/07/17 10:57:00, 24.00, 23.87, 23.71, 47.79, 47.38, 0, 0, 4.16
2019/07/17 10:58:00, 24.00, 23.88, 23.68, 47.85, 47.42, 0, 0, 4.15
2019/07/17 10:59:00, 24.00, 23.88, 23.69, 47.90, 47.47, 0, 0, 4.16
2019/07/17 11:00:00, 24.00, 23.88, 23.71, 47.91, 47.49, 0, 0, 4.16
2019/07/17 11:01:00, 24.00, 23.90, 23.68, 47.98, 47.54, 0, 0, 4.16
2019/07/17 11:02:00, 24.00, 23.88, 23.69, 47.99, 47.56, 0, 0, 4.15
2019/07/17 11:03:00, 24.00, 23.90, 23.72, 47.92, 47.52, 0, 0, 4.16
2019/07/17 11:04:00, 24.00, 23.88, 23.69, 47.95, 47.49, 0, 0, 4.16
2019/07/17 11:05:00, 24.00, 23.90, 23.73, 47.94, 47.49, 0, 0, 4.15
2019/07/17 11:06:00, 24.00, 23.88, 23.72, 47.95, 47.52, 0, 0, 4.16
2019/07/17 11:07:00, 24.00, 23.90, 23.73, 48.05, 47.54, 0, 0, 4.16
2019/07/17 11:08:00, 24.00, 23.92, 23.74, 48.08, 47.65, 0, 0, 4.16
2019/07/17 11:09:00, 24.00, 23.91, 23.73, 48.09, 47.62, 0, 0, 4.16
2019/07/17 11:10:00, 24.00, 23.94, 23.75, 48.09, 47.61, 0, 0, 4.16
2019/07/17 11:11:00, 24.00, 23.92, 23.76, 48.03, 47.61, 0, 0, 4.16
2019/07/17 11:12:00, 24.00, 23.92, 23.76, 48.07, 47.62, 0, 0, 4.15
2019/07/17 11:13:00, 24.00, 23.95, 23.79, 48.09, 47.64, 0, 0, 4.16
2019/07/17 11:14:00, 24.00, 23.97, 23.77, 48.11, 47.69, 0, 0, 4.16
2019/07/17 11:15:00, 24.00, 23.94, 23.76, 48.16, 47.70, 0, 0, 4.16
2019/07/17 11:16:00, 24.00, 23.94, 23.79, 48.24, 47.77, 0, 0, 4.16
2019/07/17 11:17:00, 24.00, 23.98, 23.77, 48.28, 47.83, 0, 0, 4.16
2019/07/17 11:18:00, 24.00, 23.97, 23.75, 48.27, 47.82, 0, 0, 4.16
2019/07/17 11:19:00, 24.00, 23.94, 23.76, 48.31, 47.86, 0, 0, 4.16
2019/07/17 11:20:00, 24.00, 23.95, 23.76, 48.37, 47.87, 0, 0, 4.16
2019/07/17 11:21:00, 24.00, 23.97, 23.78, 48.37, 47.90, 0, 0, 4.16
2019/07/17 11:22:00, 24.00, 23.95, 23.77, 48.34, 47.92, 0, 0, 4.16
2019/07/17 11:23:00, 24.00, 23.95, 23.77, 48.39, 47.93, 0, 0, 4.16
2019/07/17 11:24:00, 24.00, 23.98, 23.79, 48.40, 47.95, 0, 0, 4.16
2019/07/17 11:25:00, 24.00, 23.97, 23.78, 48.43, 47.97, 0, 0, 4.16
2019/07/17 11:26:00, 24.00, 23.99, 23.77, 48.45, 48.00, 0, 0, 4.16
2019/07/17 11:27:00, 24.00, 23.97, 23.79, 48.42, 48.00, 0, 0, 4.15
2019/07/17 11:28:00, 24.00, 23.97, 23.79, 48.46, 48.00, 0, 0, 4.16
2019/07/17 11:29:00, 24.00, 23.97, 23.79, 48.47, 48.01, 0, 0, 4.16
2019/07/17 11:30:00, 24.00, 23.97, 23.79, 48.45, 48.03, 0, 0, 4.16
2019/07/17 11:31:00, 24.00, 23.97, 23.78, 48.46, 48.03, 0, 0, 4.16
2019/07/17 11:32:00, 24.00, 23.98, 23.80, 48.43, 48.01, 0, 0, 4.16
2019/07/17 11:33:00, 24.00, 23.99, 23.80, 48.42, 47.98, 0, 0, 4.15
2019/07/17 11:34:00, 24.00, 23.99, 23.80, 48.33, 47.95, 0, 0, 4.16
2019/07/17 11:35:00, 24.00, 24.01, 23.79, 48.36, 47.91, 0, 0, 4.16
2019/07/17 11:36:00, 24.00, 23.99, 23.81, 48.27, 47.84, 0, 0, 4.16
2019/07/17 11:37:00, 24.00, 23.98, 23.79, 48.20, 47.79, 0, 0, 4.16
2019/07/17 11:38:00, 24.00, 23.99, 23.82, 48.14, 47.74, 0, 0, 4.16
2019/07/17 11:39:00, 24.00, 23.98, 23.80, 48.09, 47.64, 0, 0, 4.16
2019/07/17 11:40:00, 24.00, 23.98, 23.82, 48.04, 47.64, 0, 0, 4.15
2019/07/17 11:41:00, 24.00, 24.01, 23.81, 47.94, 47.53, 0, 0, 4.15
2019/07/17 11:42:00, 24.00, 23.98, 23.82, 47.97, 47.52, 0, 0, 4.16
2019/07/17 11:43:00, 24.00, 23.99, 23.82, 47.87, 47.49, 0, 0, 4.15
2019/07/17 11:44:00, 24.00, 23.98, 23.82, 47.87, 47.45, 0, 0, 4.16
2019/07/17 11:45:00, 24.00, 23.98, 23.82, 47.89, 47.43, 0, 0, 4.16
2019/07/17 11:46:00, 24.00, 24.02, 23.82, 47.85, 47.42, 0, 0, 4.16
2019/07/17 11:47:00, 24.00, 23.99, 23.84, 47.82, 47.40, 0, 0, 4.16
2019/07/17 11:48:00, 24.00, 24.01, 23.82, 47.77, 47.36, 0, 0, 4.16
2019/07/17 11:49:00, 24.00, 23.99, 23.83, 47.80, 47.39, 0, 0, 4.16
2019/07/17 11:50:00, 24.00, 24.01, 23.82, 47.77, 47.36, 0, 0, 4.16
2019/07/17 11:51:00, 24.00, 24.01, 23.84, 47.74, 47.36, 0, 0, 4.16
2019/07/17 11:52:00, 24.00, 24.04, 23.83, 47.75, 47.35, 0, 0, 4.15
2019/07/17 11:53:00, 24.00, 24.02, 23.84, 47.75, 47.35, 0, 0, 4.16
2019/07/17 11:54:00, 24.00, 24.02, 23.84, 47.84, 47.42, 0, 0, 4.16
2019/07/17 11:55:00, 24.00, 24.04, 23.87, 47.89, 47.48, 0, 0, 4.16
2019/07/17 11:56:00, 24.00, 24.04, 23.83, 47.86, 47.46, 0, 0, 4.16
2019/07/17 11:57:00, 24.00, 24.02, 23.86, 47.91, 47.48, 0, 0, 4.16
2019/07/17 11:58:00, 24.00, 24.04, 23.87, 48.01, 47.55, 0, 0, 4.16
2019/07/17 11:59:00, 24.00, 24.04, 23.87, 48.03, 47.60, 0, 0, 4.15
2019/07/17 12:00:00, 24.00, 24.07, 23.88, 48.07, 47.67, 0, 0, 4.15
2019/07/17 12:01:00, 24.00, 24.07, 23.88, 48.16, 47.69, 0, 0, 4.16
2019/07/17 12:02:00, 24.00, 24.07, 23.88, 48.19, 47.74, 0, 0, 4.16
2019/07/17 12:03:00, 24.00, 24.05, 23.88, 48.21, 47.76, 0, 0, 4.15
2019/07/17 12:04:00, 24.00, 24.07, 23.87, 48.24, 47.78, 0, 0, 4.16
2019/07/17 12:05:00, 24.00, 24.05, 23.88, 48.27, 47.81, 0, 0, 4.15
2019/07/17 12:06:00, 24.00, 24.07, 23.88, 48.32, 47.83, 0, 0, 4.16
2019/07/17 12:07:00, 24.00, 24.05, 23.90, 48.28, 47.82, 0, 0, 4.16
2019/07/17 12:08:00, 24.00, 24.05, 23.86, 48.29, 47.84, 0, 0, 4.16
2019/07/17 12:09:00, 24.00, 24.04, 23.89, 48.35, 47.87, 0, 0, 4.16
2019/07/17 12:10:00, 24.00, 24.04, 23.87, 48.47, 47.97, 0, 0, 4.16
2019/07/17 12:11:00, 24.00, 24.05, 23.86, 48.46, 48.00, 0, 0, 4.16
2019/07/17 12:12:00, 24.00, 24.07, 23.86, 48.48, 48.03, 0, 0, 4.16
2019/07/17 12:13:00, 24.00, 24.05, 23.87, 48.52, 48.05, 0, 0, 4.15
2019/07/17 12:14:00, 24.00, 24.04, 23.84, 48.55, 48.10, 0, 0, 4.15
2019/07/17 12:15:00, 24.00, 24.04, 23.86, 48.56, 48.10, 0, 0, 4.16
2019/07/17 12:16:00, 24.00, 24.04, 23.84, 48.55, 48.12, 0, 0, 4.16
2019/07/17 12:17:00, 24.00, 24.04, 23.86, 48.55, 48.12, 0, 0, 4.16
2019/07/17 12:18:00, 24.00, 24.02, 23.84, 48.57, 48.10, 0, 0, 4.16
2019/07/17 12:19:00, 24.00, 24.04, 23.86, 48.52, 48.07, 0, 0, 4.16
2019/07/17 12:20:00, 24.00, 24.04, 23.86, 48.52, 48.06, 0, 0, 4.16
2019/07/17 12:21:00, 24.00, 24.02, 23.84, 48.51, 48.04, 0, 0, 4.16
2019/07/17 12:22:00, 24.00, 24.04, 23.86, 48.46, 48.04, 0, 0, 4.16
2019/07/17 12:23:00, 24.25, 24.02, 23.84, 48.52, 48.06, 0, 0, 4.16
2019/07/17 12:24:00, 24.25, 24.01, 23.87, 48.52, 48.06, 0, 0, 4.16
2019/07/17 12:25:00, 24.25, 24.04, 23.86, 48.49, 48.06, 0, 0, 4.15
2019/07/17 12:26:00, 24.00, 24.02, 23.86, 48.55, 48.08, 0, 0, 4.15
2019/07/17 12:27:00, 24.25, 24.04, 23.88, 48.49, 48.09, 0, 0, 4.16
2019/07/17 12:28:00, 24.00, 24.07, 23.87, 48.57, 48.10, 0, 0, 4.16
2019/07/17 12:29:00, 24.25, 24.07, 23.87, 48.61, 48.13, 0, 0, 4.15
2019/07/17 12:30:00, 24.25, 24.07, 23.90, 48.58, 48.13, 0, 0, 4.16
2019/07/17 12:31:00, 24.00, 24.07, 23.89, 48.61, 48.14, 0, 0, 4.16
2019/07/17 12:32:00, 24.25, 24.08, 23.90, 48.60, 48.15, 0, 0, 4.16
2019/07/17 12:33:00, 24.25, 24.07, 23.90, 48.64, 48.15, 0, 0, 4.15
2019/07/17 12:34:00, 24.25, 24.08, 23.91, 48.66, 48.19, 0, 0, 4.16
2019/07/17 12:35:00, 24.25, 24.08, 23.92, 48.64, 48.19, 0, 0, 4.15
2019/07/17 12:36:00, 24.25, 24.09, 23.92, 48.64, 48.18, 0, 0, 4.16
2019/07/17 12:37:00, 24.25, 24.09, 23.90, 48.64, 48.19, 0, 0, 4.15
2019/07/17 12:38:00, 24.25, 24.08, 23.91, 48.69, 48.21, 0, 0, 4.16
2019/07/17 12:39:00, 24.25, 24.11, 23.92, 48.68, 48.22, 0, 0, 4.15
2019/07/17 12:40:00, 24.25, 24.11, 23.91, 48.73, 48.27, 0, 0, 4.15
2019/07/17 12:41:00, 24.25, 24.12, 23.92, 48.75, 48.26, 0, 0, 4.16
2019/07/17 12:42:00, 24.25, 24.11, 23.91, 48.71, 48.24, 0, 0, 4.15
2019/07/17 12:43:00, 24.25, 24.11, 23.91, 48.81, 48.31, 0, 0, 4.15
2019/07/17 12:44:00, 24.25, 24.11, 23.93, 48.79, 48.30, 0, 0, 4.15
2019/07/17 12:45:00, 24.25, 24.09, 23.94, 48.77, 48.30, 0, 0, 4.15
2019/07/17 12:46:00, 24.25, 24.12, 23.95, 48.79, 48.32, 0, 0, 4.16
2019/07/17 12:47:00, 24.25, 24.12, 23.96, 48.82, 48.36, 0, 0, 4.15
2019/07/17 12:48:00, 24.25, 24.12, 23.94, 48.80, 48.33, 0, 0, 4.16
2019/07/17 12:49:00, 24.25, 24.11, 23.95, 48.78, 48.35, 0, 0, 4.15
2019/07/17 12:50:00, 24.25, 24.11, 23.95, 48.82, 48.36, 0, 0, 4.16
2019/07/17 12:51:00, 24.25, 24.09, 23.93, 48.81, 48.39, 0, 0, 4.16
2019/07/17 12:52:00, 24.25, 24.11, 23.91, 48.86, 48.36, 0, 0, 4.16
2019/07/17 12:53:00, 24.25, 24.09, 23.95, 48.94, 48.42, 0, 0, 4.16
2019/07/17 12:54:00, 24.25, 24.09, 23.90, 48.89, 48.44, 0, 0, 4.16
2019/07/17 12:55:00, 24.25, 24.08, 23.91, 49.01, 48.48, 0, 0, 4.15
2019/07/17 12:56:00, 24.25, 24.09, 23.90, 49.03, 48.52, 0, 0, 4.15
2019/07/17 12:57:00, 24.25, 24.09, 23.90, 49.00, 48.54, 0, 0, 4.15
2019/07/17 12:58:00, 24.25, 24.09, 23.91, 49.02, 48.51, 0, 0, 4.15
2019/07/17 12:59:00, 24.25, 24.08, 23.90, 48.99, 48.53, 0, 0, 4.15
2019/07/17 13:00:00, 24.25, 24.07, 23.90, 48.97, 48.51, 0, 0, 4.15
2019/07/17 13:01:00, 24.25, 24.05, 23.88, 48.94, 48.48, 0, 0, 4.15
2019/07/17 13:02:00, 24.25, 24.05, 23.88, 48.91, 48.49, 0, 0, 4.16
2019/07/17 13:03:00, 24.25, 24.07, 23.88, 48.89, 48.47, 0, 0, 4.15
2019/07/17 13:04:00, 24.25, 24.07, 23.87, 48.93, 48.48, 0, 0, 4.15
2019/07/17 13:05:00, 24.25, 24.04, 23.88, 48.89, 48.47, 0, 0, 4.16
2019/07/17 13:06:00, 24.25, 24.07, 23.88, 48.87, 48.42, 0, 0, 4.16
2019/07/17 13:07:00, 24.25, 24.05, 23.88, 48.85, 48.42, 0, 0, 4.15
2019/07/17 13:08:00, 24.25, 24.08, 23.87, 48.93, 48.44, 0, 0, 4.16
2019/07/17 13:09:00, 24.25, 24.08, 23.89, 48.97, 48.47, 0, 0, 4.16
2019/07/17 13:10:00, 24.25, 24.07, 23.88, 49.01, 48.51, 0, 0, 4.16
2019/07/17 13:11:00, 24.25, 24.07, 23.88, 49.02, 48.48, 0, 0, 4.16
2019/07/17 13:12:00, 24.25, 24.07, 23.88, 48.99, 48.49, 0, 0, 4.15
2019/07/17 13:13:00, 24.25, 24.04, 23.89, 48.97, 48.48, 0, 0, 4.15
2019/07/17 13:14:00, 24.25, 24.04, 23.87, 49.00, 48.55, 0, 0, 4.16
2019/07/17 13:15:00, 24.25, 24.05, 23.86, 49.06, 48.58, 0, 0, 4.16
2019/07/17 13:16:00, 24.25, 24.04, 23.87, 49.11, 48.62, 0, 0, 4.15
2019/07/17 13:17:00, 24.25, 24.02, 23.88, 49.11, 48.64, 0, 0, 4.15
2019/07/17 13:18:00, 24.25, 24.05, 23.86, 49.17, 48.67, 0, 0, 4.16
2019/07/17 13:19:00, 24.25, 24.01, 23.86, 49.17, 48.67, 0, 0, 4.15
2019/07/17 13:20:00, 24.25, 24.05, 23.82, 49.17, 48.68, 0, 0, 4.16
2019/07/17 13:21:00, 24.25, 24.02, 23.87, 49.17, 48.70, 0, 0, 4.15
2019/07/17 13:22:00, 24.25, 24.04, 23.86, 49.18, 48.72, 0, 0, 4.15
2019/07/17 13:23:00, 24.25, 24.02, 23.83, 49.17, 48.69, 0, 0, 4.16
2019/07/17 13:24:00, 24.25, 24.01, 23.83, 49.29, 48.80, 0, 0, 4.16
2019/07/17 13:25:00, 24.25, 23.99, 23.82, 49.23, 48.78, 0, 0, 4.15
2019/07/17 13:26:00, 24.25, 23.99, 23.82, 49.42, 48.84, 0, 0, 4.16
2019/07/17 13:27:00, 24.25, 23.98, 23.80, 49.37, 48.87, 0, 0, 4.15
2019/07/17 13:28:00, 24.25, 23.99, 23.81, 49.39, 48.90, 0, 0, 4.16
2019/07/17 13:29:00, 24.25, 24.01, 23.79, 49.43, 48.90, 0, 0, 4.16
2019/07/17 13:30:00, 24.25, 23.99, 23.82, 49.45, 48.95, 0, 0, 4.15
2019/07/17 13:31:00, 24.25, 23.98, 23.79, 49.43, 48.94, 0, 0, 4.16
2019/07/17 13:32:00, 24.25, 23.99, 23.80, 49.40, 48.96, 0, 0, 4.16
2019/07/17 13:33:00, 24.25, 23.99, 23.81, 49.48, 48.96, 0, 0, 4.16
2019/07/17 13:34:00, 24.25, 23.99, 23.80, 49.45, 48.96, 0, 0, 4.15
2019/07/17 13:35:00, 24.25, 23.98, 23.80, 49.44, 48.94, 0, 0, 4.15
2019/07/17 13:36:00, 24.25, 23.97, 23.77, 49.43, 48.96, 0, 0, 4.15
2019/07/17 13:37:00, 24.25, 23.97, 23.77, 49.42, 48.95, 0, 0, 4.16
2019/07/17 13:38:00, 24.25, 23.95, 23.78, 49.46, 48.95, 0, 0, 4.15
2019/07/17 13:39:00, 24.25, 23.97, 23.79, 49.47, 48.97, 0, 0, 4.15
2019/07/17 13:40:00, 24.25, 23.99, 23.77, 49.43, 48.91, 0, 0, 4.15
2019/07/17 13:41:00, 24.25, 23.97, 23.77, 49.46, 48.96, 0, 0, 4.16
2019/07/17 13:42:00, 24.25, 23.97, 23.79, 49.45, 48.96, 0, 0, 4.15
2019/07/17 13:43:00, 24.25, 23.95, 23.76, 49.45, 48.96, 0, 0, 4.15
2019/07/17 13:44:00, 24.25, 23.95, 23.77, 49.48, 48.95, 0, 0, 4.16
2019/07/17 13:45:00, 24.25, 23.95, 23.76, 49.45, 48.96, 0, 0, 4.16
2019/07/17 13:46:00, 24.25, 23.95, 23.77, 49.46, 48.97, 0, 0, 4.15
2019/07/17 13:47:00, 24.25, 23.94, 23.74, 49.47, 48.97, 0, 0, 4.16
2019/07/17 13:48:00, 24.25, 23.95, 23.75, 49.43, 48.96, 0, 0, 4.15
2019/07/17 13:49:00, 24.25, 23.95, 23.77, 49.40, 48.95, 0, 0, 4.16
2019/07/17 13:50:00, 24.25, 23.95, 23.76, 49.44, 48.93, 0, 0, 4.16
2019/07/17 13:51:00, 24.25, 23.94, 23.73, 49.41, 48.94, 0, 0, 4.15
2019/07/17 13:52:00, 24.25, 23.94, 23.76, 49.45, 48.92, 0, 0, 4.15
2019/07/17 13:53:00, 24.25, 23.92, 23.73, 49.38, 48.96, 0, 0, 4.16
2019/07/17 13:54:00, 24.25, 23.94, 23.75, 49.39, 48.91, 0, 0, 4.15
2019/07/17 13:55:00, 24.25, 23.92, 23.75, 49.37, 48.90, 0, 0, 4.16
2019/07/17 13:56:00, 24.25, 23.94, 23.74, 49.30, 48.87, 0, 0, 4.15
2019/07/17 13:57:00, 24.25, 23.92, 23.74, 49.32, 48.88, 0, 0, 4.16
2019/07/17 13:58:00, 24.25, 23.95, 23.73, 49.31, 48.84, 0, 0, 4.15
2019/07/17 13:59:00, 24.25, 23.90, 23.73, 49.34, 48.85, 0, 0, 4.16
2019/07/17 14:00:00, 24.25, 23.94, 23.73, 49.26, 48.82, 0, 0, 4.15
2019/07/17 14:01:00, 24.25, 23.90, 23.74, 49.26, 48.82, 0, 0, 4.15
2019/07/17 14:02:00, 24.25, 23.90, 23.72, 49.34, 48.82, 0, 0, 4.16
2019/07/17 14:03:00, 24.25, 23.91, 23.72, 49.30, 48.82, 0, 0, 4.15
2019/07/17 14:04:00, 24.25, 23.92, 23.72, 49.24, 48.77, 0, 0, 4.15
2019/07/17 14:05:00, 24.25, 23.91, 23.73, 49.20, 48.74, 0, 0, 4.15
2019/07/17 14:06:00, 24.25, 23.91, 23.73, 49.15, 48.69, 0, 0, 4.16
2019/07/17 14:07:00, 24.25, 23.90, 23.72, 49.15, 48.66, 0, 0, 4.15
2019/07/17 14:08:00, 24.25, 23.91, 23.73, 49.13, 48.66, 0, 0, 4.16
2019/07/17 14:09:00, 24.25, 23.88, 23.73, 49.10, 48.64, 0, 0, 4.16
2019/07/17 14:10:00, 24.25, 23.91, 23.71, 49.06, 48.61, 0, 0, 4.16
2019/07/17 14:11:00, 24.25, 23.91, 23.72, 49.05, 48.62, 0, 0, 4.16
2019/07/17 14:12:00, 24.25, 23.88, 23.71, 48.98, 48.58, 0, 0, 4.16
2019/07/17 14:13:00, 24.25, 23.88, 23.69, 48.92, 48.53, 0, 0, 4.15
2019/07/17 14:14:00, 24.25, 23.90, 23.69, 48.92, 48.52, 0, 0, 4.16
2019/07/17 14:15:00, 24.25, 23.91, 23.71, 48.84, 48.46, 0, 0, 4.15
2019/07/17 14:16:00, 24.25, 23.88, 23.69, 48.80, 48.38, 0, 0, 4.15
2019/07/17 14:17:00, 24.25, 23.90, 23.69, 48.69, 48.29, 0, 0, 4.15
2019/07/17 14:18:00, 24.00, 23.87, 23.69, 48.69, 48.27, 0, 0, 4.15
2019/07/17 14:19:00, 24.25, 23.87, 23.66, 48.69, 48.26, 0, 0, 4.15
2019/07/17 14:20:00, 24.25, 23.87, 23.68, 48.63, 48.23, 0, 0, 4.16
2019/07/17 14:21:00, 24.00, 23.87, 23.69, 48.51, 48.17, 0, 0, 4.16
2019/07/17 14:22:00, 24.00, 23.85, 23.69, 48.46, 48.09, 0, 0, 4.15
2019/07/17 14:23:00, 24.00, 23.90, 23.66, 48.45, 48.06, 0, 0, 4.15
2019/07/17 14:24:00, 24.25, 23.85, 23.69, 48.33, 47.99, 0, 0, 4.16
2019/07/17 14:25:00, 24.00, 23.87, 23.67, 48.28, 47.93, 0, 0, 4.16
2019/07/17 14:26:00, 24.00, 23.87, 23.68, 48.13, 47.81, 0, 0, 4.16
2019/07/17 14:27:00, 24.00, 23.85, 23.67, 48.05, 47.68, 0, 0, 4.15
2019/07/17 14:28:00, 24.00, 23.85, 23.66, 47.95, 47.60, 0, 0, 4.15
2019/07/17 14:29:00, 24.00, 23.85, 23.66, 47.95, 47.58, 0, 0, 4.15
2019/07/17 14:30:00, 24.00, 23.85, 23.67, 47.93, 47.55, 0, 0, 4.15
2019/07/17 14:31:00, 24.00, 23.85, 23.66, 47.93, 47.57, 0, 0, 4.16
2019/07/17 14:32:00, 24.00, 23.87, 23.67, 47.87, 47.52, 0, 0, 4.15
2019/07/17 14:33:00, 24.00, 23.85, 23.66, 47.89, 47.52, 0, 0, 4.15
2019/07/17 14:34:00, 24.00, 23.88, 23.67, 47.91, 47.53, 0, 0, 4.15
2019/07/17 14:35:00, 24.00, 23.87, 23.68, 47.92, 47.56, 0, 0, 4.15
2019/07/17 14:36:00, 24.00, 23.85, 23.65, 47.96, 47.58, 0, 0, 4.15
2019/07/17 14:37:00, 24.00, 23.85, 23.67, 48.01, 47.63, 0, 0, 4.15
2019/07/17 14:38:00, 24.00, 23.88, 23.68, 48.05, 47.66, 0, 0, 4.15
2019/07/17 14:39:00, 24.00, 23.87, 23.68, 48.10, 47.69, 0, 0, 4.16
2019/07/17 14:40:00, 24.00, 23.88, 23.68, 48.18, 47.75, 0, 0, 4.16
2019/07/17 14:41:00, 24.00, 23.87, 23.66, 48.16, 47.75, 0, 0, 4.15
2019/07/17 14:42:00, 24.00, 23.84, 23.66, 48.17, 47.80, 0, 0, 4.16
2019/07/17 14:43:00, 24.00, 23.88, 23.68, 48.22, 47.84, 0, 0, 4.16
2019/07/17 14:44:00, 24.00, 23.85, 23.66, 48.28, 47.84, 0, 0, 4.15
2019/07/17 14:45:00, 24.00, 23.87, 23.65, 48.32, 47.88, 0, 0, 4.15
2019/07/17 14:46:00, 24.00, 23.85, 23.66, 48.34, 47.93, 0, 0, 4.15
2019/07/17 14:47:00, 24.00, 23.85, 23.67, 48.38, 47.98, 0, 0, 4.15
2019/07/17 14:48:00, 24.00, 23.85, 23.68, 48.36, 47.96, 0, 0, 4.16
2019/07/17 14:49:00, 24.00, 23.85, 23.66, 48.43, 47.99, 0, 0, 4.16
2019/07/17 14:50:00, 24.00, 23.85, 23.66, 48.46, 48.02, 0, 0, 4.16
2019/07/17 14:51:00, 24.00, 23.85, 23.67, 48.46, 48.04, 0, 0, 4.15
2019/07/17 14:52:00, 24.00, 23.85, 23.65, 48.51, 48.08, 0, 0, 4.15
2019/07/17 14:53:00, 24.00, 23.87, 23.68, 48.62, 48.18, 0, 0, 4.15
2019/07/17 14:54:00, 24.00, 23.85, 23.67, 48.64, 48.19, 0, 0, 4.15
2019/07/17 14:55:00, 24.00, 23.85, 23.67, 48.69, 48.22, 0, 0, 4.15
2019/07/17 14:56:00, 24.00, 23.87, 23.67, 48.64, 48.22, 0, 0, 4.15
2019/07/17 14:57:00, 24.00, 23.85, 23.67, 48.69, 48.26, 0, 0, 4.16
2019/07/17 14:58:00, 24.00, 23.85, 23.68, 48.73, 48.31, 0, 0, 4.16
2019/07/17 14:59:00, 24.00, 23.87, 23.66, 48.83, 48.36, 0, 0, 4.15
2019/07/17 15:00:00, 24.00, 23.87, 23.67, 48.80, 48.39, 0, 0, 4.16
2019/07/17 15:01:00, 24.00, 23.87, 23.68, 48.90, 48.43, 0, 0, 4.15
2019/07/17 15:02:00, 24.00, 23.83, 23.68, 48.93, 48.48, 0, 0, 4.16
2019/07/17 15:03:00, 24.00, 23.84, 23.68, 48.93, 48.48, 0, 0, 4.15
2019/07/17 15:04:00, 24.00, 23.87, 23.67, 48.92, 48.49, 0, 0, 4.15
2019/07/17 15:05:00, 24.00, 23.87, 23.67, 48.96, 48.51, 0, 0, 4.15
2019/07/17 15:06:00, 24.00, 23.85, 23.66, 49.00, 48.55, 0, 0, 4.16
2019/07/17 15:07:00, 24.00, 23.87, 23.69, 49.05, 48.58, 0, 0, 4.15
2019/07/17 15:08:00, 24.00, 23.87, 23.67, 49.07, 48.60, 0, 0, 4.16
2019/07/17 15:09:00, 24.00, 23.87, 23.68, 49.14, 48.65, 0, 0, 4.16
2019/07/17 15:10:00, 24.00, 23.87, 23.67, 49.14, 48.67, 0, 0, 4.15
2019/07/17 15:11:00, 24.00, 23.85, 23.68, 49.19, 48.74, 0, 0, 4.16
2019/07/17 15:12:00, 24.00, 23.88, 23.66, 49.27, 48.79, 0, 0, 4.16
2019/07/17 15:13:00, 24.00, 23.87, 23.67, 49.30, 48.83, 0, 0, 4.16
2019/07/17 15:14:00, 24.00, 23.88, 23.68, 49.22, 48.80, 0, 0, 4.15
2019/07/17 15:15:00, 24.00, 23.85, 23.67, 49.28, 48.81, 0, 0, 4.16
2019/07/17 15:16:00, 24.00, 23.85, 23.65, 49.29, 48.83, 0, 0, 4.16
2019/07/17 15:17:00, 24.00, 23.85, 23.68, 49.28, 48.80, 0, 0, 4.16
2019/07/17 15:18:00, 24.00, 23.87, 23.68, 49.20, 48.76, 0, 0, 4.16
2019/07/17 15:19:00, 24.00, 23.90, 23.69, 49.19, 48.72, 0, 0, 4.15
2019/07/17 15:20:00, 24.00, 23.88, 23.69, 49.16, 48.70, 0, 0, 4.16
2019/07/17 15:21:00, 24.00, 23.90, 23.68, 49.11, 48.67, 0, 0, 4.16
2019/07/17 15:22:00, 24.00, 23.87, 23.68, 49.11, 48.69, 0, 0, 4.15
2019/07/17 15:23:00, 24.00, 23.90, 23.71, 49.06, 48.64, 0, 0, 4.15
2019/07/17 15:24:00, 24.00, 23.90, 23.72, 49.00, 48.61, 0, 0, 4.15
2019/07/17 15:25:00, 24.00, 23.90, 23.71, 48.98, 48.55, 0, 0, 4.16
2019/07/17 15:26:00, 24.00, 23.88, 23.69, 48.94, 48.52, 0, 0, 4.15
2019/07/17 15:27:00, 24.00, 23.88, 23.72, 48.78, 48.39, 0, 0, 4.15
2019/07/17 15:28:00, 24.00, 23.88, 23.73, 48.72, 48.35, 0, 0, 4.16
2019/07/17 15:29:00, 24.00, 23.91, 23.72, 48.68, 48.26, 0, 0, 4.15
2019/07/17 15:30:00, 24.00, 23.90, 23.72, 48.63, 48.21, 0, 0, 4.15
2019/07/17 15:31:00, 24.00, 23.91, 23.72, 48.55, 48.17, 0, 0, 4.15
2019/07/17 15:32:00, 24.00, 23.91, 23.74, 48.44, 48.10, 0, 0, 4.15
2019/07/17 15:33:00, 24.00, 23.91, 23.73, 48.32, 47.98, 0, 0, 4.15
2019/07/17 15:34:00, 24.00, 23.91, 23.75, 48.32, 47.92, 0, 0, 4.15
2019/07/17 15:35:00, 24.00, 23.92, 23.73, 48.27, 47.90, 0, 0, 4.15
2019/07/17 15:36:00, 24.00, 23.94, 23.76, 48.19, 47.82, 0, 0, 4.15
2019/07/17 15:37:00, 24.00, 23.95, 23.75, 48.18, 47.78, 0, 0, 4.15
2019/07/17 15:38:00, 24.00, 23.91, 23.76, 48.15, 47.77, 0, 0, 4.15
2019/07/17 15:39:00, 24.00, 23.91, 23.75, 48.08, 47.71, 0, 0, 4.15
2019/07/17 15:40:00, 24.00, 23.94, 23.76, 48.01, 47.65, 0, 0, 4.16
2019/07/17 15:41:00, 24.00, 23.94, 23.76, 47.97, 47.61, 0, 0, 4.16
2019/07/17 15:42:00, 24.00, 23.94, 23.75, 47.93, 47.58, 0, 0, 4.15
2019/07/17 15:43:00, 24.00, 23.95, 23.76, 47.87, 47.56, 0, 0, 4.15
2019/07/17 15:44:00, 24.00, 23.95, 23.76, 47.86, 47.51, 0, 0, 4.15
2019/07/17 15:45:00, 24.00, 23.92, 23.77, 47.78, 47.46, 0, 0, 4.15
2019/07/17 15:46:00, 24.00, 23.95, 23.78, 47.75, 47.43, 0, 0, 4.15
2019/07/17 15:47:00, 24.00, 23.94, 23.76, 47.69, 47.38, 0, 0, 4.15
2019/07/17 15:48:00, 24.00, 23.94, 23.76, 47.71, 47.34, 0, 0, 4.15
2019/07/17 15:49:00, 24.00, 23.95, 23.77, 47.63, 47.29, 0, 0, 4.15
2019/07/17 15:50:00, 24.00, 23.97, 23.77, 47.68, 47.26, 0, 0, 4.15
2019/07/17 15:51:00, 24.00, 23.95, 23.76, 47.58, 47.23, 0, 0, 4.15
2019/07/17 15:52:00, 24.00, 23.97, 23.77, 47.55, 47.23, 0, 0, 4.15
2019/07/17 15:53:00, 24.00, 23.95, 23.78, 47.56, 47.23, 0, 0, 4.16
2019/07/17 15:54:00, 24.00, 23.95, 23.78, 47.51, 47.14, 0, 0, 4.15
2019/07/17 15:55:00, 24.00, 23.98, 23.79, 47.39, 47.07, 0, 0, 4.16
2019/07/17 15:56:00, 24.00, 23.98, 23.77, 47.34, 47.04, 0, 0, 4.15
2019/07/17 15:57:00, 24.00, 23.97, 23.78, 47.28, 46.97, 0, 0, 4.15
2019/07/17 15:58:00, 24.00, 23.97, 23.78, 47.31, 46.94, 0, 0, 4.15
2019/07/17 15:59:00, 24.00, 23.95, 23.80, 47.25, 46.94, 0, 0, 4.15
2019/07/17 16:00:00, 24.00, 23.97, 23.78, 47.19, 46.88, 0, 0, 4.16
2019/07/17 16:01:00, 24.00, 23.99, 23.78, 47.17, 46.84, 0, 0, 4.15
2019/07/17 16:02:00, 24.00, 23.98, 23.80, 47.12, 46.83, 0, 0, 4.15
2019/07/17 16:03:00, 24.00, 23.99, 23.78, 47.02, 46.74, 0, 0, 4.15
2019/07/17 16:04:00, 24.00, 23.99, 23.79, 46.94, 46.66, 0, 0, 4.15
2019/07/17 16:05:00, 24.25, 23.97, 23.79, 46.90, 46.60, 0, 0, 4.15
2019/07/17 16:06:00, 24.00, 23.97, 23.79, 46.83, 46.55, 0, 0, 4.15
2019/07/17 16:07:00, 24.25, 23.99, 23.80, 46.80, 46.47, 0, 0, 4.15
2019/07/17 16:08:00, 24.00, 23.99, 23.81, 46.72, 46.40, 0, 0, 4.15
2019/07/17 16:09:00, 24.00, 23.97, 23.78, 46.60, 46.32, 0, 0, 4.15
2019/07/17 16:10:00, 24.00, 23.98, 23.78, 46.56, 46.26, 0, 0, 4.15
2019/07/17 16:11:00, 24.00, 23.98, 23.81, 46.44, 46.19, 0, 0, 4.16
2019/07/17 16:12:00, 24.25, 23.97, 23.81, 46.30, 46.08, 0, 0, 4.15
2019/07/17 16:13:00, 24.25, 23.97, 23.79, 46.24, 46.02, 0, 0, 4.15
2019/07/17 16:14:00, 24.00, 23.97, 23.78, 46.12, 45.91, 0, 0, 4.15
2019/07/17 16:15:00, 24.00, 23.95, 23.74, 45.99, 45.78, 0, 0, 4.15
2019/07/17 16:16:00, 24.00, 23.92, 23.75, 45.99, 45.72, 0, 0, 4.15
2019/07/17 16:17:00, 24.25, 23.94, 23.76, 45.92, 45.67, 0, 0, 4.15
2019/07/17 16:18:00, 24.00, 23.92, 23.75, 45.93, 45.65, 0, 0, 4.15
2019/07/17 16:19:00, 24.00, 23.92, 23.73, 45.82, 45.58, 0, 0, 4.16
2019/07/17 16:20:00, 24.00, 23.92, 23.72, 45.81, 45.54, 0, 0, 4.15
2019/07/17 16:21:00, 24.00, 23.91, 23.72, 45.68, 45.51, 0, 0, 4.15
2019/07/17 16:22:00, 24.00, 23.90, 23.72, 45.67, 45.44, 0, 0, 4.15
2019/07/17 16:23:00, 24.00, 23.90, 23.67, 45.55, 45.37, 0, 0, 4.15
2019/07/17 16:24:00, 24.00, 23.90, 23.69, 45.49, 45.29, 0, 0, 4.15
2019/07/17 16:25:00, 24.00, 23.88, 23.72, 45.44, 45.22, 0, 0, 4.15
2019/07/17 16:26:00, 24.00, 23.87, 23.68, 45.38, 45.15, 0, 0, 4.15
2019/07/17 16:27:00, 24.00, 23.87, 23.67, 45.24, 45.06, 0, 0, 4.15
2019/07/17 16:28:00, 24.00, 23.87, 23.67, 45.13, 44.91, 0, 0, 4.16
2019/07/17 16:29:00, 24.00, 23.85, 23.68, 44.98, 44.78, 0, 0, 4.15
2019/07/17 16:30:00, 24.00, 23.84, 23.65, 44.80, 44.65, 0, 0, 4.16
2019/07/17 16:31:00, 24.00, 23.84, 23.66, 44.74, 44.56, 0, 0, 4.15
2019/07/17 16:32:00, 24.00, 23.85, 23.65, 44.63, 44.43, 0, 0, 4.15
2019/07/17 16:33:00, 24.00, 23.87, 23.65, 44.54, 44.36, 0, 0, 4.15
2019/07/17 16:34:00, 24.00, 23.84, 23.64, 44.54, 44.30, 0, 0, 4.16
2019/07/17 16:35:00, 24.00, 23.83, 23.63, 44.45, 44.27, 0, 0, 4.16
2019/07/17 16:36:00, 24.00, 23.83, 23.64, 44.44, 44.22, 0, 0, 4.15
2019/07/17 16:37:00, 24.00, 23.83, 23.65, 44.34, 44.15, 0, 0, 4.15
2019/07/17 16:38:00, 24.00, 23.81, 23.63, 44.24, 44.06, 0, 0, 4.15
2019/07/17 16:39:00, 24.00, 23.81, 23.64, 44.14, 43.95, 0, 0, 4.15
2019/07/17 16:40:00, 24.00, 23.84, 23.63, 44.06, 43.88, 0, 0, 4.16
2019/07/17 16:41:00, 24.00, 23.80, 23.62, 43.98, 43.83, 0, 0, 4.15
2019/07/17 16:42:00, 24.00, 23.83, 23.63, 43.91, 43.74, 0, 0, 4.16
2019/07/17 16:43:00, 24.00, 23.84, 23.63, 43.84, 43.66, 0, 0, 4.15
2019/07/17 16:44:00, 24.00, 23.83, 23.63, 43.89, 43.65, 0, 0, 4.16
2019/07/17 16:45:00, 24.00, 23.83, 23.62, 43.84, 43.63, 0, 0, 4.16
2019/07/17 16:46:00, 24.00, 23.84, 23.62, 43.77, 43.59, 0, 0, 4.15
2019/07/17 16:47:00, 24.00, 23.83, 23.62, 43.72, 43.54, 0, 0, 4.15
2019/07/17 16:48:00, 24.00, 23.79, 23.60, 43.57, 43.43, 0, 0, 4.16
2019/07/17 16:49:00, 24.00, 23.79, 23.59, 43.51, 43.32, 0, 0, 4.16
2019/07/17 16:50:00, 24.00, 23.81, 23.60, 43.40, 43.23, 0, 0, 4.15
2019/07/17 16:51:00, 24.00, 23.77, 23.58, 43.35, 43.17, 0, 0, 4.15
2019/07/17 16:52:00, 24.00, 23.77, 23.60, 43.25, 43.09, 0, 0, 4.15
2019/07/17 16:53:00, 24.00, 23.79, 23.60, 43.15, 43.01, 0, 0, 4.15
2019/07/17 16:54:00, 24.00, 23.77, 23.57, 43.08, 42.92, 0, 0, 4.15
2019/07/17 16:55:00, 24.00, 23.79, 23.59, 42.96, 42.84, 0, 0, 4.16
2019/07/17 16:56:00, 24.00, 23.79, 23.58, 42.88, 42.74, 0, 0, 4.15
2019/07/17 16:57:00, 24.00, 23.80, 23.60, 42.78, 42.67, 0, 0, 4.15
2019/07/17 16:58:00, 24.00, 23.79, 23.57, 42.73, 42.64, 0, 0, 4.16
2019/07/17 16:59:00, 24.00, 23.77, 23.59, 42.74, 42.60, 0, 0, 4.16
2019/07/17 17:00:00, 24.00, 23.79, 23.61, 42.73, 42.57, 0, 0, 4.15
2019/07/17 17:01:00, 24.00, 23.80, 23.58, 42.69, 42.56, 0, 0, 4.15
2019/07/17 17:02:00, 24.00, 23.77, 23.60, 42.72, 42.55, 0, 0, 4.15
2019/07/17 17:03:00, 24.00, 23.77, 23.60, 42.74, 42.57, 0, 0, 4.15
2019/07/17 17:04:00, 24.00, 23.77, 23.59, 42.76, 42.58, 0, 0, 4.15
2019/07/17 17:05:00, 24.00, 23.77, 23.59, 42.68, 42.58, 0, 0, 4.15
2019/07/17 17:06:00, 24.00, 23.77, 23.60, 42.70, 42.53, 0, 0, 4.15
2019/07/17 17:07:00, 24.00, 23.77, 23.60, 42.63, 42.49, 0, 0, 4.15
2019/07/17 17:08:00, 24.00, 23.77, 23.59, 42.57, 42.43, 0, 0, 4.16
2019/07/17 17:09:00, 24.00, 23.79, 23.57, 42.53, 42.40, 0, 0, 4.15
2019/07/17 17:10:00, 24.00, 23.79, 23.56, 42.52, 42.37, 0, 0, 4.15
2019/07/17 17:11:00, 24.00, 23.77, 23.57, 42.45, 42.32, 0, 0, 4.16
2019/07/17 17:12:00, 24.00, 23.79, 23.58, 42.44, 42.31, 0, 0, 4.15
2019/07/17 17:13:00, 24.00, 23.76, 23.59, 42.34, 42.24, 0, 0, 4.16
2019/07/17 17:14:00, 24.00, 23.76, 23.59, 42.36, 42.24, 0, 0, 4.16
2019/07/17 17:15:00, 24.00, 23.76, 23.56, 42.37, 42.22, 0, 0, 4.15
2019/07/17 17:16:00, 24.00, 23.76, 23.57, 42.32, 42.18, 0, 0, 4.15
2019/07/17 17:17:00, 24.00, 23.74, 23.58, 42.18, 42.09, 0, 0, 4.15
2019/07/17 17:18:00, 24.00, 23.76, 23.57, 42.15, 42.02, 0, 0, 4.15
2019/07/17 17:19:00, 24.00, 23.76, 23.56, 42.12, 41.99, 0, 0, 4.16
2019/07/17 17:20:00, 24.00, 23.76, 23.57, 42.05, 41.98, 0, 0, 4.15
2019/07/17 17:21:00, 24.00, 23.71, 23.54, 42.01, 41.93, 0, 0, 4.15
2019/07/17 17:22:00, 24.00, 23.73, 23.54, 41.98, 41.87, 0, 0, 4.15
2019/07/17 17:23:00, 24.00, 23.73, 23.53, 41.86, 41.83, 0, 0, 4.16
2019/07/17 17:24:00, 24.00, 23.73, 23.52, 41.77, 41.76, 0, 0, 4.16
2019/07/17 17:25:00, 24.00, 23.70, 23.53, 41.73, 41.67, 0, 0, 4.15
2019/07/17 17:26:00, 24.00, 23.70, 23.51, 41.62, 41.57, 0, 0, 4.15
2019/07/17 17:27:00, 24.00, 23.70, 23.51, 41.56, 41.50, 0, 0, 4.15
2019/07/17 17:28:00, 24.00, 23.70, 23.51, 41.53, 41.45, 0, 0, 4.15
2019/07/17 17:29:00, 24.00, 23.68, 23.50, 41.48, 41.43, 0, 0, 4.16
2019/07/17 17:30:00, 24.00, 23.70, 23.50, 41.48, 41.41, 0, 0, 4.16
2019/07/17 17:31:00, 24.00, 23.68, 23.50, 41.48, 41.42, 0, 0, 4.15
2019/07/17 17:32:00, 24.00, 23.68, 23.48, 41.47, 41.40, 0, 0, 4.15
2019/07/17 17:33:00, 24.00, 23.68, 23.49, 41.39, 41.36, 0, 0, 4.16
2019/07/17 17:34:00, 24.00, 23.67, 23.48, 41.33, 41.30, 0, 0, 4.15
2019/07/17 17:35:00, 24.00, 23.70, 23.49, 41.32, 41.27, 0, 0, 4.15
2019/07/17 17:36:00, 24.00, 23.65, 23.49, 41.26, 41.26, 0, 0, 4.16
2019/07/17 17:37:00, 24.00, 23.67, 23.48, 41.32, 41.26, 0, 0, 4.15
2019/07/17 17:38:00, 24.00, 23.64, 23.46, 41.35, 41.27, 0, 0, 4.15
2019/07/17 17:39:00, 24.00, 23.67, 23.48, 41.37, 41.30, 0, 0, 4.15
2019/07/17 17:40:00, 24.00, 23.64, 23.46, 41.43, 41.34, 0, 0, 4.15
2019/07/17 17:41:00, 24.00, 23.64, 23.47, 41.40, 41.34, 0, 0, 4.15
2019/07/17 17:42:00, 24.00, 23.65, 23.46, 41.48, 41.37, 0, 0, 4.16
2019/07/17 17:43:00, 24.00, 23.65, 23.45, 41.48, 41.39, 0, 0, 4.15
2019/07/17 17:44:00, 24.00, 23.64, 23.43, 41.49, 41.41, 0, 0, 4.15
2019/07/17 17:45:00, 24.00, 23.63, 23.45, 41.52, 41.43, 0, 0, 4.15
2019/07/17 17:46:00, 24.00, 23.65, 23.44, 41.53, 41.44, 0, 0, 4.15
2019/07/17 17:47:00, 24.00, 23.64, 23.45, 41.57, 41.48, 0, 0, 4.15
2019/07/17 17:48:00, 24.00, 23.65, 23.43, 41.62, 41.50, 0, 0, 4.16
2019/07/17 17:49:00, 24.00, 23.63, 23.45, 41.61, 41.54, 0, 0, 4.16
2019/07/17 17:50:00, 24.00, 23.60, 23.45, 41.65, 41.55, 0, 0, 4.15
2019/07/17 17:51:00, 24.00, 23.61, 23.41, 41.66, 41.56, 0, 0, 4.15
2019/07/17 17:52:00, 24.00, 23.61, 23.41, 41.69, 41.58, 0, 0, 4.16
2019/07/17 17:53:00, 24.00, 23.61, 23.41, 41.69, 41.59, 0, 0, 4.16
2019/07/17 17:54:00, 24.00, 23.61, 23.41, 41.70, 41.59, 0, 0, 4.15
2019/07/17 17:55:00, 24.00, 23.57, 23.41, 41.75, 41.63, 0, 0, 4.16
2019/07/17 17:56:00, 24.00, 23.60, 23.39, 41.75, 41.63, 0, 0, 4.16
2019/07/17 17:57:00, 24.00, 23.59, 23.41, 41.72, 41.65, 0, 0, 4.15
2019/07/17 17:58:00, 24.00, 23.60, 23.41, 41.78, 41.65, 0, 0, 4.15
2019/07/17 17:59:00, 23.75, 23.57, 23.37, 41.78, 41.66, 0, 0, 4.16
2019/07/17 18:00:00, 24.00, 23.59, 23.37, 41.76, 41.66, 0, 0, 4.16
2019/07/17 18:01:00, 24.00, 23.56, 23.37, 41.79, 41.70, 0, 0, 4.16
2019/07/17 18:02:00, 24.00, 23.59, 23.36, 41.83, 41.70, 0, 0, 4.15
2019/07/17 18:03:00, 24.00, 23.56, 23.36, 41.78, 41.72, 0, 0, 4.16
2019/07/17 18:04:00, 23.75, 23.57, 23.38, 41.87, 41.74, 0, 0, 4.15
2019/07/17 18:05:00, 23.75, 23.56, 23.36, 41.86, 41.74, 0, 0, 4.15
2019/07/17 18:06:00, 23.75, 23.56, 23.37, 41.87, 41.76, 0, 0, 4.15
2019/07/17 18:07:00, 23.75, 23.56, 23.35, 41.89, 41.78, 0, 0, 4.15
2019/07/17 18:08:00, 23.75, 23.56, 23.36, 41.90, 41.79, 0, 0, 4.15
2019/07/17 18:09:00, 23.75, 23.54, 23.36, 41.91, 41.79, 0, 0, 4.16
2019/07/17 18:10:00, 23.75, 23.56, 23.36, 41.92, 41.80, 0, 0, 4.16
2019/07/17 18:11:00, 23.75, 23.54, 23.35, 41.89, 41.80, 0, 0, 4.16
2019/07/17 18:12:00, 23.75, 23.56, 23.36, 41.91, 41.81, 0, 0, 4.16
2019/07/17 18:13:00, 23.75, 23.57, 23.35, 41.92, 41.82, 0, 0, 4.16
2019/07/17 18:14:00, 23.75, 23.56, 23.35, 41.91, 41.82, 0, 0, 4.15
2019/07/17 18:15:00, 23.75, 23.56, 23.36, 41.98, 41.82, 0, 0, 4.15
2019/07/17 18:16:00, 23.75, 23.56, 23.38, 42.03, 41.85, 0, 0, 4.15
2019/07/17 18:17:00, 23.75, 23.56, 23.36, 41.97, 41.86, 0, 0, 4.16
2019/07/17 18:18:00, 23.75, 23.54, 23.37, 41.96, 41.86, 0, 0, 4.15
2019/07/17 18:19:00, 23.75, 23.54, 23.36, 42.00, 41.85, 0, 0, 4.15
2019/07/17 18:20:00, 23.75, 23.54, 23.36, 41.95, 41.86, 0, 0, 4.15
2019/07/17 18:21:00, 23.75, 23.57, 23.35, 42.00, 41.88, 0, 0, 4.15
2019/07/17 18:22:00, 23.75, 23.56, 23.35, 42.00, 41.90, 0, 0, 4.15
2019/07/17 18:23:00, 23.75, 23.54, 23.35, 42.03, 41.90, 0, 0, 4.15
2019/07/17 18:24:00, 23.75, 23.56, 23.35, 42.03, 41.89, 0, 0, 4.15
2019/07/17 18:25:00, 23.75, 23.54, 23.34, 42.02, 41.89, 0, 0, 4.15
2019/07/17 18:26:00, 23.75, 23.54, 23.33, 42.09, 41.93, 0, 0, 4.16
2019/07/17 18:27:00, 23.75, 23.54, 23.35, 42.12, 41.95, 0, 0, 4.16
2019/07/17 18:28:00, 23.75, 23.54, 23.33, 42.11, 41.95, 0, 0, 4.16
2019/07/17 18:29:00, 23.75, 23.53, 23.34, 42.11, 41.98, 0, 0, 4.16
2019/07/17 18:30:00, 23.75, 23.54, 23.35, 42.08, 41.97, 0, 0, 4.15
2019/07/17 18:31:00, 23.75, 23.54, 23.32, 42.12, 42.00, 0, 0, 4.15
2019/07/17 18:32:00, 23.75, 23.54, 23.34, 42.12, 42.01, 0, 0, 4.15
2019/07/17 18:33:00, 23.75, 23.53, 23.35, 42.13, 42.01, 0, 0, 4.15
2019/07/17 18:34:00, 23.75, 23.54, 23.34, 42.16, 42.01, 0, 0, 4.15
2019/07/17 18:35:00, 23.75, 23.54, 23.35, 42.15, 42.01, 0, 0, 4.15
2019/07/17 18:36:00, 23.75, 23.54, 23.33, 42.18, 42.03, 0, 0, 4.15
2019/07/17 18:37:00, 23.75, 23.53, 23.34, 42.17, 42.04, 0, 0, 4.15
2019/07/17 18:38:00, 23.75, 23.53, 23.35, 42.20, 42.04, 0, 0, 4.15
2019/07/17 18:39:00, 23.75, 23.56, 23.34, 42.19, 42.08, 0, 0, 4.16
2019/07/17 18:40:00, 23.75, 23.54, 23.33, 42.21, 42.09, 0, 0, 4.15
2019/07/17 18:41:00, 23.75, 23.54, 23.32, 42.25, 42.11, 0, 0, 4.16
2019/07/17 18:42:00, 23.75, 23.54, 23.35, 42.21, 42.09, 0, 0, 4.15
2019/07/17 18:43:00, 23.75, 23.54, 23.33, 42.26, 42.11, 0, 0, 4.15
2019/07/17 18:44:00, 23.75, 23.53, 23.33, 42.26, 42.14, 0, 0, 4.16
2019/07/17 18:45:00, 23.75, 23.54, 23.33, 42.24, 42.12, 0, 0, 4.15
2019/07/17 18:46:00, 23.75, 23.56, 23.34, 42.31, 42.14, 0, 0, 4.15
2019/07/17 18:47:00, 23.75, 23.56, 23.32, 42.34, 42.16, 0, 0, 4.16
2019/07/17 18:48:00, 23.75, 23.52, 23.34, 42.29, 42.17, 0, 0, 4.15
2019/07/17 18:49:00, 23.75, 23.56, 23.34, 42.35, 42.18, 0, 0, 4.15
2019/07/17 18:50:00, 23.75, 23.54, 23.34, 42.33, 42.18, 0, 0, 4.16
2019/07/17 18:51:00, 23.75, 23.53, 23.34, 42.41, 42.21, 0, 0, 4.15
2019/07/17 18:52:00, 23.75, 23.50, 23.33, 42.36, 42.21, 0, 0, 4.15
2019/07/17 18:53:00, 23.75, 23.54, 23.33, 42.40, 42.24, 0, 0, 4.16
2019/07/17 18:54:00, 23.75, 23.54, 23.34, 42.39, 42.24, 0, 0, 4.15
2019/07/17 18:55:00, 23.75, 23.54, 23.34, 42.40, 42.24, 0, 0, 4.15
2019/07/17 18:56:00, 23.75, 23.52, 23.32, 42.42, 42.24, 0, 0, 4.15
2019/07/17 18:57:00, 23.75, 23.56, 23.32, 42.41, 42.24, 0, 0, 4.16
2019/07/17 18:58:00, 23.75, 23.53, 23.34, 42.42, 42.29, 0, 0, 4.15
2019/07/17 18:59:00, 23.75, 23.53, 23.34, 42.45, 42.32, 0, 0, 4.15
2019/07/17 19:00:00, 23.75, 23.54, 23.34, 42.47, 42.31, 0, 0, 4.15
2019/07/17 19:01:00, 23.75, 23.56, 23.33, 42.49, 42.33, 0, 0, 4.15
2019/07/17 19:02:00, 23.75, 23.53, 23.34, 42.51, 42.33, 0, 0, 4.15
2019/07/17 19:03:00, 23.75, 23.53, 23.32, 42.58, 42.36, 0, 0, 4.15
2019/07/17 19:04:00, 23.75, 23.54, 23.34, 42.55, 42.38, 0, 0, 4.15
2019/07/17 19:05:00, 23.75, 23.52, 23.32, 42.55, 42.37, 0, 0, 4.15
2019/07/17 19:06:00, 23.75, 23.54, 23.34, 42.57, 42.41, 0, 0, 4.15
2019/07/17 19:07:00, 23.75, 23.56, 23.34, 42.57, 42.41, 0, 0, 4.15
2019/07/17 19:08:00, 23.75, 23.53, 23.34, 42.54, 42.40, 0, 0, 4.15
2019/07/17 19:09:00, 23.75, 23.53, 23.35, 42.62, 42.41, 0, 0, 4.15
2019/07/17 19:10:00, 23.75, 23.54, 23.33, 42.64, 42.43, 0, 0, 4.15
2019/07/17 19:11:00, 23.75, 23.50, 23.31, 42.61, 42.47, 0, 0, 4.15
2019/07/17 19:12:00, 23.75, 23.52, 23.32, 42.61, 42.46, 0, 0, 4.16
2019/07/17 19:13:00, 23.75, 23.52, 23.32, 42.62, 42.49, 0, 0, 4.16
2019/07/17 19:14:00, 23.75, 23.53, 23.33, 42.69, 42.48, 0, 0, 4.15
2019/07/17 19:15:00, 23.75, 23.52, 23.34, 42.66, 42.49, 0, 0, 4.15
2019/07/17 19:16:00, 23.75, 23.50, 23.32, 42.71, 42.48, 0, 0, 4.15
2019/07/17 19:17:00, 23.75, 23.50, 23.32, 42.73, 42.53, 0, 0, 4.15
2019/07/17 19:18:00, 23.75, 23.52, 23.32, 42.74, 42.56, 0, 0, 4.15
2019/07/17 19:19:00, 23.75, 23.52, 23.32, 42.71, 42.56, 0, 0, 4.15
2019/07/17 19:20:00, 23.75, 23.54, 23.32, 42.78, 42.58, 0, 0, 4.15
2019/07/17 19:21:00, 23.75, 23.49, 23.32, 42.78, 42.60, 0, 0, 4.16
2019/07/17 19:22:00, 23.75, 23.52, 23.31, 42.79, 42.59, 0, 0, 4.15
2019/07/17 19:23:00, 23.75, 23.49, 23.31, 42.87, 42.66, 0, 0, 4.15
2019/07/17 19:24:00, 23.75, 23.52, 23.31, 42.91, 42.69, 0, 0, 4.15
2019/07/17 19:25:00, 23.75, 23.52, 23.32, 42.94, 42.72, 0, 0, 4.15
2019/07/17 19:26:00, 23.75, 23.49, 23.29, 42.96, 42.75, 0, 0, 4.15
2019/07/17 19:27:00, 23.75, 23.52, 23.32, 42.97, 42.77, 0, 0, 4.15
2019/07/17 19:28:00, 23.75, 23.52, 23.30, 43.01, 42.82, 0, 0, 4.16
2019/07/17 19:29:00, 23.75, 23.52, 23.32, 43.10, 42.84, 0, 0, 4.15
2019/07/17 19:30:00, 23.75, 23.50, 23.31, 43.02, 42.86, 0, 0, 4.15
2019/07/17 19:31:00, 23.75, 23.52, 23.32, 43.14, 42.88, 0, 0, 4.15
2019/07/17 19:32:00, 23.75, 23.50, 23.32, 43.14, 42.91, 0, 0, 4.15
2019/07/17 19:33:00, 23.75, 23.50, 23.29, 43.18, 42.95, 0, 0, 4.15
2019/07/17 19:34:00, 23.75, 23.49, 23.31, 43.19, 43.00, 0, 0, 4.15
2019/07/17 19:35:00, 23.75, 23.50, 23.32, 43.23, 43.01, 0, 0, 4.16
2019/07/17 19:36:00, 23.75, 23.49, 23.29, 43.26, 43.01, 0, 0, 4.15
2019/07/17 19:37:00, 23.75, 23.47, 23.28, 43.26, 43.05, 0, 0, 4.16
2019/07/17 19:38:00, 23.75, 23.49, 23.30, 43.31, 43.07, 0, 0, 4.15
2019/07/17 19:39:00, 23.75, 23.49, 23.30, 43.30, 43.09, 0, 0, 4.15
2019/07/17 19:40:00, 23.75, 23.50, 23.28, 43.36, 43.09, 0, 0, 4.15
2019/07/17 19:41:00, 23.75, 23.49, 23.29, 43.40, 43.11, 0, 0, 4.15
2019/07/17 19:42:00, 23.75, 23.49, 23.28, 43.42, 43.14, 0, 0, 4.15
2019/07/17 19:43:00, 23.75, 23.47, 23.29, 43.40, 43.17, 0, 0, 4.15
2019/07/17 19:44:00, 23.75, 23.49, 23.30, 43.43, 43.19, 0, 0, 4.15
2019/07/17 19:45:00, 23.75, 23.52, 23.27, 43.39, 43.18, 0, 0, 4.15
2019/07/17 19:46:00, 23.75, 23.49, 23.28, 43.46, 43.20, 0, 0, 4.15
2019/07/17 19:47:00, 23.75, 23.47, 23.28, 43.46, 43.22, 0, 0, 4.16
2019/07/17 19:48:00, 23.75, 23.46, 23.24, 43.47, 43.24, 0, 0, 4.16
2019/07/17 19:49:00, 23.75, 23.47, 23.28, 43.47, 43.24, 0, 0, 4.15
2019/07/17 19:50:00, 23.75, 23.47, 23.27, 43.48, 43.25, 0, 0, 4.15
2019/07/17 19:51:00, 23.75, 23.47, 23.28, 43.51, 43.27, 0, 0, 4.15
2019/07/17 19:52:00, 23.75, 23.47, 23.27, 43.51, 43.26, 0, 0, 4.15
2019/07/17 19:53:00, 23.75, 23.47, 23.28, 43.55, 43.30, 0, 0, 4.15
2019/07/17 19:54:00, 23.75, 23.49, 23.28, 43.51, 43.27, 0, 0, 4.15
2019/07/17 19:55:00, 23.75, 23.47, 23.27, 43.47, 43.28, 0, 0, 4.15
2019/07/17 19:56:00, 23.75, 23.44, 23.27, 43.57, 43.30, 0, 0, 4.15
2019/07/17 19:57:00, 23.75, 23.47, 23.25, 43.55, 43.30, 0, 0, 4.15
2019/07/17 19:58:00, 23.75, 23.46, 23.27, 43.53, 43.30, 0, 0, 4.15
2019/07/17 19:59:00, 23.75, 23.46, 23.27, 43.53, 43.31, 0, 0, 4.16
2019/07/17 20:00:00, 23.75, 23.47, 23.25, 43.52, 43.33, 0, 0, 4.15
2019/07/17 20:01:00, 23.75, 23.44, 23.25, 43.53, 43.30, 0, 0, 4.15
2019/07/17 20:02:00, 23.75, 23.43, 23.24, 43.52, 43.30, 0, 0, 4.15
2019/07/17 20:03:00, 23.75, 23.44, 23.24, 43.49, 43.29, 0, 0, 4.15
2019/07/17 20:04:00, 23.75, 23.43, 23.22, 43.57, 43.30, 0, 0, 4.15
2019/07/17 20:05:00, 23.75, 23.43, 23.24, 43.48, 43.29, 0, 0, 4.15
2019/07/17 20:06:00, 23.75, 23.44, 23.25, 43.48, 43.27, 0, 0, 4.15
2019/07/17 20:07:00, 23.75, 23.46, 23.24, 43.50, 43.24, 0, 0, 4.15
2019/07/17 20:08:00, 23.75, 23.44, 23.23, 43.46, 43.24, 0, 0, 4.15
2019/07/17 20:09:00, 23.75, 23.46, 23.24, 43.47, 43.22, 0, 0, 4.15
2019/07/17 20:10:00, 23.75, 23.44, 23.25, 43.46, 43.20, 0, 0, 4.16
2019/07/17 20:11:00, 23.75, 23.44, 23.24, 43.41, 43.17, 0, 0, 4.15
2019/07/17 20:12:00, 23.75, 23.46, 23.24, 43.43, 43.20, 0, 0, 4.15
2019/07/17 20:13:00, 23.75, 23.43, 23.22, 43.44, 43.19, 0, 0, 4.15
2019/07/17 20:14:00, 23.75, 23.44, 23.24, 43.39, 43.19, 0, 0, 4.16
2019/07/17 20:15:00, 23.75, 23.43, 23.22, 43.43, 43.20, 0, 0, 4.15
2019/07/17 20:16:00, 23.75, 23.42, 23.23, 43.40, 43.20, 0, 0, 4.15
2019/07/17 20:17:00, 23.75, 23.46, 23.22, 43.44, 43.18, 0, 0, 4.15
2019/07/17 20:18:00, 23.75, 23.43, 23.24, 43.42, 43.16, 0, 0, 4.15
2019/07/17 20:19:00, 23.75, 23.43, 23.21, 43.42, 43.15, 0, 0, 4.15
2019/07/17 20:20:00, 23.75, 23.42, 23.20, 43.46, 43.17, 0, 0, 4.15
2019/07/17 20:21:00, 23.75, 23.44, 23.22, 43.41, 43.17, 0, 0, 4.16
2019/07/17 20:22:00, 23.75, 23.44, 23.22, 43.45, 43.17, 0, 0, 4.15
2019/07/17 20:23:00, 23.75, 23.44, 23.20, 43.41, 43.16, 0, 0, 4.15
2019/07/17 20:24:00, 23.75, 23.40, 23.22, 43.39, 43.19, 0, 0, 4.15
2019/07/17 20:25:00, 23.75, 23.42, 23.21, 43.39, 43.18, 0, 0, 4.15
2019/07/17 20:26:00, 23.75, 23.42, 23.22, 43.39, 43.16, 0, 0, 4.15
2019/07/17 20:27:00, 23.75, 23.40, 23.22, 43.38, 43.17, 0, 0, 4.15
2019/07/17 20:28:00, 23.75, 23.42, 23.22, 43.40, 43.20, 0, 0, 4.15
2019/07/17 20:29:00, 23.75, 23.42, 23.23, 43.49, 43.20, 0, 0, 4.15
2019/07/17 20:30:00, 23.75, 23.43, 23.23, 43.48, 43.22, 0, 0, 4.15
2019/07/17 20:31:00, 23.75, 23.42, 23.21, 43.48, 43.24, 0, 0, 4.15
2019/07/17 20:32:00, 23.75, 23.42, 23.20, 43.50, 43.24, 0, 0, 4.15
2019/07/17 20:33:00, 23.75, 23.39, 23.20, 43.53, 43.26, 0, 0, 4.16
2019/07/17 20:34:00, 23.75, 23.40, 23.20, 43.53, 43.30, 0, 0, 4.15
2019/07/17 20:35:00, 23.75, 23.42, 23.19, 43.56, 43.34, 0, 0, 4.15
2019/07/17 20:36:00, 23.75, 23.37, 23.21, 43.59, 43.34, 0, 0, 4.15
2019/07/17 20:37:00, 23.75, 23.37, 23.19, 43.61, 43.37, 0, 0, 4.15
2019/07/17 20:38:00, 23.75, 23.40, 23.20, 43.64, 43.40, 0, 0, 4.15
2019/07/17 20:39:00, 23.75, 23.37, 23.19, 43.66, 43.42, 0, 0, 4.15
2019/07/17 20:40:00, 23.75, 23.42, 23.20, 43.68, 43.49, 0, 0, 4.15
2019/07/17 20:41:00, 23.75, 23.43, 23.20, 43.73, 43.49, 0, 0, 4.15
2019/07/17 20:42:00, 23.75, 23.39, 23.18, 43.71, 43.53, 0, 0, 4.15
2019/07/17 20:43:00, 23.75, 23.42, 23.20, 43.74, 43.52, 0, 0, 4.15
2019/07/17 20:44:00, 23.75, 23.39, 23.18, 43.76, 43.55, 0, 0, 4.15
2019/07/17 20:45:00, 23.75, 23.40, 23.19, 43.81, 43.55, 0, 0, 4.16
2019/07/17 20:46:00, 23.75, 23.42, 23.20, 43.83, 43.56, 0, 0, 4.15
2019/07/17 20:47:00, 23.75, 23.40, 23.18, 43.84, 43.60, 0, 0, 4.15
2019/07/17 20:48:00, 23.75, 23.39, 23.19, 43.83, 43.64, 0, 0, 4.15
2019/07/17 20:49:00, 23.75, 23.37, 23.19, 43.89, 43.65, 0, 0, 4.15
2019/07/17 20:50:00, 23.75, 23.37, 23.17, 43.90, 43.64, 0, 0, 4.15
2019/07/17 20:51:00, 23.75, 23.37, 23.18, 43.93, 43.68, 0, 0, 4.16
2019/07/17 20:52:00, 23.75, 23.39, 23.18, 43.90, 43.71, 0, 0, 4.15
2019/07/17 20:53:00, 23.75, 23.36, 23.17, 43.97, 43.72, 0, 0, 4.15
2019/07/17 20:54:00, 23.75, 23.36, 23.17, 43.96, 43.73, 0, 0, 4.15
2019/07/17 20:55:00, 23.75, 23.37, 23.16, 43.99, 43.75, 0, 0, 4.16
2019/07/17 20:56:00, 23.75, 23.37, 23.17, 44.01, 43.76, 0, 0, 4.15
2019/07/17 20:57:00, 23.75, 23.37, 23.16, 43.99, 43.78, 0, 0, 4.16
2019/07/17 20:58:00, 23.75, 23.37, 23.16, 44.04, 43.81, 0, 0, 4.15
2019/07/17 20:59:00, 23.75, 23.39, 23.18, 44.04, 43.81, 0, 0, 4.15
2019/07/17 21:00:00, 23.75, 23.36, 23.17, 44.04, 43.81, 0, 0, 4.15
2019/07/17 21:01:00, 23.75, 23.36, 23.16, 44.09, 43.84, 0, 0, 4.15
2019/07/17 21:02:00, 23.75, 23.37, 23.15, 44.12, 43.85, 0, 0, 4.15
2019/07/17 21:03:00, 23.75, 23.36, 23.17, 44.12, 43.85, 0, 0, 4.15
2019/07/17 21:04:00, 23.75, 23.39, 23.16, 44.07, 43.87, 0, 0, 4.15
2019/07/17 21:05:00, 23.75, 23.35, 23.16, 44.13, 43.88, 0, 0, 4.15
2019/07/17 21:06:00, 23.75, 23.36, 23.15, 44.17, 43.88, 0, 0, 4.15
2019/07/17 21:07:00, 23.75, 23.36, 23.14, 44.13, 43.91, 0, 0, 4.15
2019/07/17 21:08:00, 23.75, 23.36, 23.14, 44.13, 43.91, 0, 0, 4.15
2019/07/17 21:09:00, 23.75, 23.33, 23.16, 44.14, 43.93, 0, 0, 4.15
2019/07/17 21:10:00, 23.75, 23.36, 23.16, 44.14, 43.94, 0, 0, 4.15
2019/07/17 21:11:00, 23.75, 23.35, 23.15, 44.13, 43.94, 0, 0, 4.15
2019/07/17 21:12:00, 23.75, 23.35, 23.13, 44.21, 43.95, 0, 0, 4.15
2019/07/17 21:13:00, 23.75, 23.36, 23.16, 44.16, 43.97, 0, 0, 4.15
2019/07/17 21:14:00, 23.75, 23.35, 23.14, 44.25, 43.98, 0, 0, 4.15
2019/07/17 21:15:00, 23.75, 23.32, 23.15, 44.25, 43.98, 0, 0, 4.15
2019/07/17 21:16:00, 23.75, 23.35, 23.12, 44.22, 43.99, 0, 0, 4.15
2019/07/17 21:17:00, 23.75, 23.35, 23.13, 44.24, 44.01, 0, 0, 4.15
2019/07/17 21:18:00, 23.50, 23.35, 23.14, 44.26, 44.01, 0, 0, 4.15
2019/07/17 21:19:00, 23.50, 23.36, 23.13, 44.30, 44.04, 0, 0, 4.15
2019/07/17 21:20:00, 23.50, 23.32, 23.13, 44.27, 44.03, 0, 0, 4.15
2019/07/17 21:21:00, 23.50, 23.32, 23.13, 44.24, 44.05, 0, 0, 4.15
2019/07/17 21:22:00, 23.50, 23.35, 23.12, 44.29, 44.04, 0, 0, 4.15
2019/07/17 21:23:00, 23.50, 23.33, 23.13, 44.29, 44.07, 0, 0, 4.15
2019/07/17 21:24:00, 23.50, 23.32, 23.12, 44.29, 44.07, 0, 0, 4.15
2019/07/17 21:25:00, 23.50, 23.32, 23.12, 44.33, 44.10, 0, 0, 4.15
2019/07/17 21:26:00, 23.50, 23.32, 23.12, 44.31, 44.12, 0, 0, 4.15
2019/07/17 21:27:00, 23.50, 23.30, 23.12, 44.39, 44.12, 0, 0, 4.15
2019/07/17 21:28:00, 23.50, 23.33, 23.09, 44.36, 44.12, 0, 0, 4.15
2019/07/17 21:29:00, 23.50, 23.32, 23.13, 44.38, 44.13, 0, 0, 4.15
2019/07/17 21:30:00, 23.50, 23.29, 23.12, 44.42, 44.14, 0, 0, 4.15
2019/07/17 21:31:00, 23.50, 23.30, 23.09, 44.39, 44.16, 0, 0, 4.15
2019/07/17 21:32:00, 23.50, 23.30, 23.09, 44.40, 44.17, 0, 0, 4.15
2019/07/17 21:33:00, 23.50, 23.30, 23.10, 44.40, 44.19, 0, 0, 4.15
2019/07/17 21:34:00, 23.50, 23.30, 23.09, 44.46, 44.19, 0, 0, 4.15
2019/07/17 21:35:00, 23.50, 23.30, 23.08, 44.45, 44.21, 0, 0, 4.15
2019/07/17 21:36:00, 23.50, 23.30, 23.09, 44.48, 44.23, 0, 0, 4.15
2019/07/17 21:37:00, 23.50, 23.30, 23.12, 44.48, 44.23, 0, 0, 4.15
2019/07/17 21:38:00, 23.50, 23.32, 23.09, 44.50, 44.25, 0, 0, 4.15
2019/07/17 21:39:00, 23.50, 23.28, 23.09, 44.53, 44.24, 0, 0, 4.15
2019/07/17 21:40:00, 23.50, 23.28, 23.09, 44.54, 44.30, 0, 0, 4.15
2019/07/17 21:41:00, 23.50, 23.30, 23.09, 44.55, 44.28, 0, 0, 4.15
2019/07/17 21:42:00, 23.50, 23.30, 23.07, 44.57, 44.30, 0, 0, 4.15
2019/07/17 21:43:00, 23.50, 23.29, 23.09, 44.57, 44.31, 0, 0, 4.15
2019/07/17 21:44:00, 23.50, 23.29, 23.09, 44.61, 44.34, 0, 0, 4.15
2019/07/17 21:45:00, 23.50, 23.29, 23.06, 44.57, 44.34, 0, 0, 4.15
2019/07/17 21:46:00, 23.50, 23.26, 23.07, 44.58, 44.34, 0, 0, 4.15
2019/07/17 21:47:00, 23.50, 23.28, 23.07, 44.64, 44.37, 0, 0, 4.15
2019/07/17 21:48:00, 23.50, 23.28, 23.05, 44.63, 44.37, 0, 0, 4.16
2019/07/17 21:49:00, 23.50, 23.26, 23.08, 44.66, 44.39, 0, 0, 4.15
2019/07/17 21:50:00, 23.50, 23.28, 23.07, 44.63, 44.39, 0, 0, 4.15
2019/07/17 21:51:00, 23.50, 23.28, 23.05, 44.67, 44.43, 0, 0, 4.15
2019/07/17 21:52:00, 23.50, 23.26, 23.06, 44.68, 44.45, 0, 0, 4.15
2019/07/17 21:53:00, 23.50, 23.26, 23.05, 44.73, 44.46, 0, 0, 4.15
2019/07/17 21:54:00, 23.50, 23.26, 23.05, 44.73, 44.46, 0, 0, 4.15
2019/07/17 21:55:00, 23.50, 23.26, 23.03, 44.70, 44.47, 0, 0, 4.15
2019/07/17 21:56:00, 23.50, 23.26, 23.04, 44.77, 44.49, 0, 0, 4.15
2019/07/17 21:57:00, 23.50, 23.25, 23.05, 44.80, 44.54, 0, 0, 4.15
2019/07/17 21:58:00, 23.50, 23.26, 23.04, 44.82, 44.56, 0, 0, 4.15
2019/07/17 21:59:00, 23.50, 23.26, 23.05, 44.82, 44.59, 0, 0, 4.15
2019/07/17 22:00:00, 23.50, 23.26, 23.03, 44.85, 44.58, 0, 0, 4.15
2019/07/17 22:01:00, 23.50, 23.24, 23.04, 44.80, 44.58, 0, 0, 4.15
2019/07/17 22:02:00, 23.50, 23.25, 23.03, 44.83, 44.61, 0, 0, 4.15
2019/07/17 22:03:00, 23.50, 23.25, 23.04, 44.89, 44.63, 0, 0, 4.15
2019/07/17 22:04:00, 23.50, 23.22, 23.02, 44.90, 44.62, 0, 0, 4.15
2019/07/17 22:05:00, 23.50, 23.25, 23.03, 44.94, 44.66, 0, 0, 4.15
2019/07/17 22:06:00, 23.50, 23.24, 23.02, 44.90, 44.65, 0, 0, 4.15
2019/07/17 22:07:00, 23.50, 23.25, 23.03, 44.98, 44.69, 0, 0, 4.15
2019/07/17 22:08:00, 23.50, 23.24, 23.02, 44.96, 44.70, 0, 0, 4.15
2019/07/17 22:09:00, 23.50, 23.24, 23.02, 45.00, 44.72, 0, 0, 4.15
2019/07/17 22:10:00, 23.50, 23.24, 23.02, 44.96, 44.72, 0, 0, 4.15
2019/07/17 22:11:00, 23.50, 23.24, 23.00, 44.98, 44.75, 0, 0, 4.15
2019/07/17 22:12:00, 23.50, 23.24, 23.03, 45.04, 44.75, 0, 0, 4.15
2019/07/17 22:13:00, 23.50, 23.22, 23.01, 45.04, 44.77, 0, 0, 4.15
2019/07/17 22:14:00, 23.50, 23.22, 23.02, 45.03, 44.79, 0, 0, 4.15
2019/07/17 22:15:00, 23.50, 23.19, 23.01, 45.07, 44.81, 0, 0, 4.15
2019/07/17 22:16:00, 23.50, 23.22, 23.01, 45.02, 44.82, 0, 0, 4.15
2019/07/17 22:17:00, 23.50, 23.21, 22.99, 45.06, 44.81, 0, 0, 4.15
2019/07/17 22:18:00, 23.50, 23.22, 23.00, 45.13, 44.83, 0, 0, 4.15
2019/07/17 22:19:00, 23.50, 23.22, 22.99, 45.13, 44.86, 0, 0, 4.15
2019/07/17 22:20:00, 23.50, 23.21, 23.00, 45.16, 44.90, 0, 0, 4.15
2019/07/17 22:21:00, 23.50, 23.19, 23.00, 45.17, 44.91, 0, 0, 4.15
2019/07/17 22:22:00, 23.50, 23.19, 22.98, 45.18, 44.91, 0, 0, 4.15
2019/07/17 22:23:00, 23.50, 23.19, 23.00, 45.19, 44.94, 0, 0, 4.15
2019/07/17 22:24:00, 23.50, 23.19, 23.00, 45.22, 44.93, 0, 0, 4.15
2019/07/17 22:25:00, 23.50, 23.19, 22.99, 45.22, 44.95, 0, 0, 4.15
2019/07/17 22:26:00, 23.50, 23.21, 22.99, 45.28, 44.98, 0, 0, 4.15
2019/07/17 22:27:00, 23.50, 23.16, 22.97, 45.23, 44.98, 0, 0, 4.15
2019/07/17 22:28:00, 23.50, 23.19, 22.99, 45.25, 44.98, 0, 0, 4.15
2019/07/17 22:29:00, 23.50, 23.22, 23.00, 45.27, 45.01, 0, 0, 4.15
2019/07/17 22:30:00, 23.50, 23.19, 22.97, 45.35, 45.04, 0, 0, 4.15
2019/07/17 22:31:00, 23.50, 23.19, 22.98, 45.31, 45.05, 0, 0, 4.15
2019/07/17 22:32:00, 23.50, 23.18, 22.97, 45.34, 45.06, 0, 0, 4.15
2019/07/17 22:33:00, 23.50, 23.16, 22.97, 45.32, 45.07, 0, 0, 4.15
2019/07/17 22:34:00, 23.50, 23.19, 22.98, 45.32, 45.10, 0, 0, 4.15
2019/07/17 22:35:00, 23.50, 23.18, 22.98, 45.41, 45.09, 0, 0, 4.15
2019/07/17 22:36:00, 23.50, 23.18, 22.97, 45.38, 45.13, 0, 0, 4.15
2019/07/17 22:37:00, 23.50, 23.18, 22.97, 45.38, 45.14, 0, 0, 4.15
2019/07/17 22:38:00, 23.50, 23.18, 22.94, 45.41, 45.16, 0, 0, 4.15
2019/07/17 22:39:00, 23.50, 23.18, 22.94, 45.44, 45.17, 0, 0, 4.15
2019/07/17 22:40:00, 23.50, 23.18, 22.99, 45.43, 45.19, 0, 0, 4.15
2019/07/17 22:41:00, 23.50, 23.18, 22.97, 45.45, 45.17, 0, 0, 4.15
2019/07/17 22:42:00, 23.50, 23.16, 22.94, 45.46, 45.19, 0, 0, 4.15
2019/07/17 22:43:00, 23.50, 23.15, 22.97, 45.44, 45.20, 0, 0, 4.15
2019/07/17 22:44:00, 23.50, 23.16, 22.95, 45.48, 45.23, 0, 0, 4.15
2019/07/17 22:45:00, 23.50, 23.15, 22.95, 45.48, 45.23, 0, 0, 4.15
2019/07/17 22:46:00, 23.50, 23.16, 22.97, 45.51, 45.25, 0, 0, 4.15
2019/07/17 22:47:00, 23.50, 23.16, 22.97, 45.48, 45.23, 0, 0, 4.15
2019/07/17 22:48:00, 23.50, 23.16, 22.95, 45.54, 45.26, 0, 0, 4.15
2019/07/17 22:49:00, 23.50, 23.15, 22.92, 45.55, 45.30, 0, 0, 4.15
2019/07/17 22:50:00, 23.50, 23.15, 22.92, 45.56, 45.31, 0, 0, 4.15
2019/07/17 22:51:00, 23.50, 23.16, 22.97, 45.59, 45.32, 0, 0, 4.15
2019/07/17 22:52:00, 23.50, 23.15, 22.97, 45.60, 45.34, 0, 0, 4.15
2019/07/17 22:53:00, 23.50, 23.15, 22.94, 45.61, 45.35, 0, 0, 4.15
2019/07/17 22:54:00, 23.50, 23.14, 22.93, 45.61, 45.36, 0, 0, 4.15
2019/07/17 22:55:00, 23.50, 23.15, 22.93, 45.67, 45.39, 0, 0, 4.15
2019/07/17 22:56:00, 23.50, 23.15, 22.94, 45.64, 45.38, 0, 0, 4.15
2019/07/17 22:57:00, 23.50, 23.15, 22.92, 45.69, 45.41, 0, 0, 4.15
2019/07/17 22:58:00, 23.50, 23.18, 22.89, 45.71, 45.41, 0, 0, 4.15
2019/07/17 22:59:00, 23.50, 23.14, 22.94, 45.72, 45.43, 0, 0, 4.15
2019/07/17 23:00:00, 23.50, 23.14, 22.91, 45.74, 45.47, 0, 0, 4.15
2019/07/17 23:01:00, 23.50, 23.12, 22.95, 45.75, 45.49, 0, 0, 4.15
2019/07/17 23:02:00, 23.50, 23.12, 22.90, 45.76, 45.49, 0, 0, 4.15
2019/07/17 23:03:00, 23.50, 23.14, 22.90, 45.73, 45.48, 0, 0, 4.15
2019/07/17 23:04:00, 23.50, 23.14, 22.92, 45.77, 45.50, 0, 0, 4.15
2019/07/17 23:05:00, 23.50, 23.12, 22.91, 45.77, 45.52, 0, 0, 4.15
2019/07/17 23:06:00, 23.50, 23.11, 22.91, 45.82, 45.53, 0, 0, 4.15
2019/07/17 23:07:00, 23.50, 23.12, 22.90, 45.81, 45.54, 0, 0, 4.15
2019/07/17 23:08:00, 23.50, 23.12, 22.90, 45.83, 45.53, 0, 0, 4.15
2019/07/17 23:09:00, 23.50, 23.12, 22.92, 45.82, 45.53, 0, 0, 4.15
2019/07/17 23:10:00, 23.50, 23.14, 22.90, 45.82, 45.56, 0, 0, 4.15
2019/07/17 23:11:00, 23.50, 23.11, 22.89, 45.86, 45.58, 0, 0, 4.15
2019/07/17 23:12:00, 23.50, 23.09, 22.91, 45.84, 45.59, 0, 0, 4.15
2019/07/17 23:13:00, 23.50, 23.11, 22.89, 45.85, 45.60, 0, 0, 4.15
2019/07/17 23:14:00, 23.50, 23.11, 22.88, 45.89, 45.61, 0, 0, 4.15
2019/07/17 23:15:00, 23.50, 23.09, 22.90, 45.94, 45.65, 0, 0, 4.15
2019/07/17 23:16:00, 23.50, 23.11, 22.89, 45.94, 45.66, 0, 0, 4.15
2019/07/17 23:17:00, 23.50, 23.09, 22.90, 45.94, 45.66, 0, 0, 4.15
2019/07/17 23:18:00, 23.50, 23.09, 22.88, 45.96, 45.71, 0, 0, 4.15
2019/07/17 23:19:00, 23.50, 23.09, 22.89, 46.00, 45.72, 0, 0, 4.15
2019/07/17 23:20:00, 23.50, 23.09, 22.89, 46.01, 45.72, 0, 0, 4.15
2019/07/17 23:21:00, 23.50, 23.11, 22.88, 46.04, 45.72, 0, 0, 4.15
2019/07/17 23:22:00, 23.50, 23.08, 22.87, 46.07, 45.75, 0, 0, 4.15
2019/07/17 23:23:00, 23.50, 23.06, 22.87, 46.07, 45.78, 0, 0, 4.15
2019/07/17 23:24:00, 23.50, 23.09, 22.86, 46.04, 45.75, 0, 0, 4.15
2019/07/17 23:25:00, 23.50, 23.08, 22.87, 46.04, 45.78, 0, 0, 4.15
2019/07/17 23:26:00, 23.50, 23.05, 22.87, 46.07, 45.77, 0, 0, 4.15
2019/07/17 23:27:00, 23.50, 23.08, 22.85, 46.08, 45.82, 0, 0, 4.15
2019/07/17 23:28:00, 23.50, 23.05, 22.85, 46.08, 45.83, 0, 0, 4.15
2019/07/17 23:29:00, 23.50, 23.08, 22.83, 46.08, 45.85, 0, 0, 4.15
2019/07/17 23:30:00, 23.50, 23.08, 22.86, 46.11, 45.84, 0, 0, 4.15
2019/07/17 23:31:00, 23.50, 23.05, 22.86, 46.17, 45.86, 0, 0, 4.15
2019/07/17 23:32:00, 23.50, 23.06, 22.87, 46.14, 45.86, 0, 0, 4.15
2019/07/17 23:33:00, 23.50, 23.06, 22.85, 46.16, 45.86, 0, 0, 4.15
2019/07/17 23:34:00, 23.50, 23.06, 22.84, 46.14, 45.87, 0, 0, 4.15
2019/07/17 23:35:00, 23.50, 23.05, 22.84, 46.20, 45.89, 0, 0, 4.15
2019/07/17 23:36:00, 23.50, 23.06, 22.84, 46.19, 45.90, 0, 0, 4.15
2019/07/17 23:37:00, 23.50, 23.06, 22.84, 46.19, 45.89, 0, 0, 4.15
2019/07/17 23:38:00, 23.50, 23.03, 22.85, 46.16, 45.93, 0, 0, 4.15
2019/07/17 23:39:00, 23.50, 23.03, 22.83, 46.17, 45.93, 0, 0, 4.15
2019/07/17 23:40:00, 23.50, 23.05, 22.83, 46.19, 45.91, 0, 0, 4.15
2019/07/17 23:41:00, 23.50, 23.02, 22.82, 46.29, 45.97, 0, 0, 4.15
2019/07/17 23:42:00, 23.50, 23.03, 22.83, 46.27, 46.00, 0, 0, 4.15
2019/07/17 23:43:00, 23.50, 23.01, 22.82, 46.23, 45.97, 0, 0, 4.15
2019/07/17 23:44:00, 23.50, 23.03, 22.82, 46.28, 45.97, 0, 0, 4.15
2019/07/17 23:45:00, 23.50, 23.02, 22.82, 46.28, 45.99, 0, 0, 4.15
2019/07/17 23:46:00, 23.50, 23.02, 22.79, 46.32, 46.01, 0, 0, 4.15
2019/07/17 23:47:00, 23.50, 23.02, 22.80, 46.30, 46.03, 0, 0, 4.15
