Data logger for tempereture and humidity.
Code, design, and soldering by Antti Mikkonen, a.mikkonen@iki.fi, 2019.
Based on open source projects and libraries. See source for details.
/home/ami/src/arduino/promini/logger_v8_ada/logger_v8_ada.ino
UTC time (year/month/date hour:minute:second), T RTC (C), T sht31 (C), T si7021 (C), RH sht31 (-), RH si7021 (-), heaterOn sht31 (bool),  heaterOn si7021 (bool), battery voltage (V)
2019/06/15 00:08:00, 24.00, 23.73, 23.51, 47.74, 46.92, 0, 0, 4.25
2019/06/15 00:09:00, 24.00, 23.74, 23.52, 47.70, 46.90, 0, 0, 4.24
2019/06/15 00:10:00, 24.00, 23.74, 23.50, 47.61, 46.84, 0, 0, 4.25
2019/06/15 00:11:00, 24.00, 23.74, 23.50, 47.59, 46.81, 0, 0, 4.24
2019/06/15 00:12:00, 24.00, 23.73, 23.52, 47.66, 46.85, 0, 0, 4.25
2019/06/15 00:13:00, 24.00, 23.71, 23.50, 47.68, 46.87, 0, 0, 4.25
2019/06/15 00:14:00, 24.00, 23.74, 23.50, 47.60, 46.87, 0, 0, 4.25
2019/06/15 00:15:00, 24.00, 23.71, 23.50, 47.62, 46.80, 0, 0, 4.25
2019/06/15 00:16:00, 24.00, 23.71, 23.51, 47.65, 46.84, 0, 0, 4.24
2019/06/15 00:17:00, 24.00, 23.71, 23.50, 47.56, 46.81, 0, 0, 4.24
2019/06/15 00:18:00, 24.00, 23.71, 23.48, 47.62, 46.79, 0, 0, 4.25
2019/06/15 00:19:00, 24.00, 23.68, 23.48, 47.56, 46.77, 0, 0, 4.24
2019/06/15 00:20:00, 24.00, 23.71, 23.48, 47.55, 46.75, 0, 0, 4.25
2019/06/15 00:21:00, 24.00, 23.70, 23.49, 47.51, 46.77, 0, 0, 4.24
2019/06/15 00:22:00, 24.00, 23.67, 23.48, 47.52, 46.74, 0, 0, 4.25
2019/06/15 00:23:00, 24.00, 23.68, 23.47, 47.46, 46.71, 0, 0, 4.25
2019/06/15 00:24:00, 24.00, 23.68, 23.47, 47.50, 46.71, 0, 0, 4.25
2019/06/15 00:25:00, 24.00, 23.68, 23.45, 47.50, 46.73, 0, 0, 4.25
2019/06/15 00:26:00, 24.00, 23.70, 23.48, 47.48, 46.71, 0, 0, 4.24
2019/06/15 00:27:00, 24.00, 23.68, 23.48, 47.61, 46.77, 0, 0, 4.25
2019/06/15 00:28:00, 24.00, 23.67, 23.48, 47.44, 46.68, 0, 0, 4.24
2019/06/15 00:29:00, 24.00, 23.68, 23.48, 47.36, 46.60, 0, 0, 4.24
2019/06/15 00:30:00, 24.00, 23.65, 23.46, 47.42, 46.66, 0, 0, 4.25
2019/06/15 00:31:00, 24.00, 23.67, 23.44, 47.37, 46.60, 0, 0, 4.24
2019/06/15 00:32:00, 24.00, 23.67, 23.47, 47.49, 46.66, 0, 0, 4.24
2019/06/15 00:33:00, 24.00, 23.65, 23.46, 47.40, 46.65, 0, 0, 4.25
2019/06/15 00:34:00, 24.00, 23.65, 23.44, 47.42, 46.61, 0, 0, 4.24
2019/06/15 00:35:00, 24.00, 23.68, 23.45, 47.47, 46.65, 0, 0, 4.25
2019/06/15 00:36:00, 24.00, 23.67, 23.45, 47.34, 46.61, 0, 0, 4.25
2019/06/15 00:37:00, 24.00, 23.65, 23.45, 47.27, 46.52, 0, 0, 4.24
2019/06/15 00:38:00, 24.00, 23.67, 23.47, 47.31, 46.51, 0, 0, 4.24
2019/06/15 00:39:00, 24.00, 23.65, 23.45, 47.36, 46.57, 0, 0, 4.24
2019/06/15 00:40:00, 24.00, 23.64, 23.45, 47.33, 46.52, 0, 0, 4.25
2019/06/15 00:41:00, 24.00, 23.68, 23.45, 47.22, 46.49, 0, 0, 4.25
2019/06/15 00:42:00, 24.00, 23.65, 23.45, 47.31, 46.52, 0, 0, 4.25
2019/06/15 00:43:00, 24.00, 23.64, 23.45, 47.35, 46.56, 0, 0, 4.25
2019/06/15 00:44:00, 24.00, 23.65, 23.47, 47.17, 46.47, 0, 0, 4.24
2019/06/15 00:45:00, 24.00, 23.70, 23.49, 47.19, 46.43, 0, 0, 4.24
2019/06/15 00:46:00, 24.00, 23.67, 23.47, 47.16, 46.37, 0, 0, 4.24
2019/06/15 00:47:00, 24.00, 23.70, 23.48, 47.09, 46.38, 0, 0, 4.24
2019/06/15 00:48:00, 24.00, 23.67, 23.47, 47.11, 46.33, 0, 0, 4.24
2019/06/15 00:49:00, 24.00, 23.68, 23.48, 47.12, 46.33, 0, 0, 4.25
2019/06/15 00:50:00, 24.00, 23.68, 23.47, 47.06, 46.29, 0, 0, 4.25
2019/06/15 00:51:00, 24.00, 23.68, 23.48, 47.03, 46.29, 0, 0, 4.25
2019/06/15 00:52:00, 24.00, 23.70, 23.50, 47.02, 46.31, 0, 0, 4.24
2019/06/15 00:53:00, 24.00, 23.71, 23.51, 46.96, 46.25, 0, 0, 4.24
2019/06/15 00:54:00, 24.00, 23.71, 23.49, 46.98, 46.20, 0, 0, 4.24
2019/06/15 00:55:00, 24.00, 23.71, 23.50, 46.96, 46.22, 0, 0, 4.24
2019/06/15 00:56:00, 24.00, 23.71, 23.51, 46.93, 46.16, 0, 0, 4.24
2019/06/15 00:57:00, 24.00, 23.68, 23.47, 46.87, 46.10, 0, 0, 4.24
2019/06/15 00:58:00, 24.00, 23.70, 23.50, 46.93, 46.20, 0, 0, 4.24
2019/06/15 00:59:00, 24.00, 23.73, 23.50, 46.84, 46.14, 0, 0, 4.25
2019/06/15 01:00:00, 24.00, 23.71, 23.51, 46.86, 46.09, 0, 0, 4.25
2019/06/15 01:01:00, 24.00, 23.71, 23.52, 46.81, 46.08, 0, 0, 4.24
2019/06/15 01:02:00, 24.00, 23.74, 23.53, 46.77, 46.03, 0, 0, 4.25
2019/06/15 01:03:00, 24.00, 23.74, 23.54, 46.75, 46.04, 0, 0, 4.24
2019/06/15 01:04:00, 24.00, 23.73, 23.50, 46.68, 45.90, 0, 0, 4.25
2019/06/15 01:05:00, 24.00, 23.70, 23.50, 46.71, 45.96, 0, 0, 4.24
2019/06/15 01:06:00, 24.00, 23.73, 23.49, 46.83, 46.06, 0, 0, 4.25
2019/06/15 01:07:00, 24.00, 23.73, 23.50, 46.72, 46.00, 0, 0, 4.25
2019/06/15 01:08:00, 24.00, 23.73, 23.51, 46.63, 45.95, 0, 0, 4.25
2019/06/15 01:09:00, 24.00, 23.73, 23.51, 46.65, 45.95, 0, 0, 4.25
2019/06/15 01:10:00, 24.00, 23.74, 23.52, 46.69, 45.92, 0, 0, 4.25
2019/06/15 01:11:00, 24.00, 23.73, 23.53, 46.57, 45.88, 0, 0, 4.24
2019/06/15 01:12:00, 24.00, 23.73, 23.52, 46.61, 45.84, 0, 0, 4.25
2019/06/15 01:13:00, 24.00, 23.73, 23.51, 46.59, 45.85, 0, 0, 4.24
2019/06/15 01:14:00, 24.00, 23.73, 23.52, 46.52, 45.79, 0, 0, 4.25
2019/06/15 01:15:00, 24.00, 23.71, 23.50, 46.55, 45.80, 0, 0, 4.25
2019/06/15 01:16:00, 24.00, 23.70, 23.48, 46.63, 45.91, 0, 0, 4.25
2019/06/15 01:17:00, 24.00, 23.68, 23.50, 46.64, 45.90, 0, 0, 4.24
2019/06/15 01:18:00, 24.00, 23.70, 23.50, 46.55, 45.84, 0, 0, 4.24
2019/06/15 01:19:00, 24.00, 23.68, 23.48, 46.58, 45.84, 0, 0, 4.25
2019/06/15 01:20:00, 24.00, 23.71, 23.50, 46.51, 45.78, 0, 0, 4.24
2019/06/15 01:21:00, 24.00, 23.74, 23.52, 46.46, 45.76, 0, 0, 4.25
2019/06/15 01:22:00, 24.00, 23.73, 23.52, 46.43, 45.70, 0, 0, 4.25
2019/06/15 01:23:00, 24.00, 23.73, 23.52, 46.43, 45.68, 0, 0, 4.24
2019/06/15 01:24:00, 24.00, 23.74, 23.54, 46.38, 45.68, 0, 0, 4.24
2019/06/15 01:25:00, 24.00, 23.71, 23.51, 46.38, 45.65, 0, 0, 4.24
2019/06/15 01:26:00, 24.00, 23.74, 23.53, 46.35, 45.62, 0, 0, 4.25
2019/06/15 01:27:00, 24.00, 23.71, 23.53, 46.27, 45.58, 0, 0, 4.24
2019/06/15 01:28:00, 24.00, 23.73, 23.50, 46.31, 45.61, 0, 0, 4.25
2019/06/15 01:29:00, 24.00, 23.74, 23.49, 46.28, 45.59, 0, 0, 4.25
2019/06/15 01:30:00, 24.00, 23.76, 23.51, 46.24, 45.56, 0, 0, 4.25
2019/06/15 01:31:00, 24.00, 23.74, 23.52, 46.28, 45.52, 0, 0, 4.25
2019/06/15 01:32:00, 24.00, 23.73, 23.52, 46.18, 45.51, 0, 0, 4.24
2019/06/15 01:33:00, 24.00, 23.74, 23.53, 46.24, 45.47, 0, 0, 4.25
2019/06/15 01:34:00, 24.00, 23.71, 23.50, 46.22, 45.49, 0, 0, 4.25
2019/06/15 01:35:00, 24.00, 23.70, 23.50, 46.25, 45.47, 0, 0, 4.25
2019/06/15 01:36:00, 24.00, 23.73, 23.50, 46.19, 45.46, 0, 0, 4.24
2019/06/15 01:37:00, 24.00, 23.71, 23.50, 46.15, 45.41, 0, 0, 4.25
2019/06/15 01:38:00, 24.00, 23.71, 23.48, 46.19, 45.45, 0, 0, 4.24
2019/06/15 01:39:00, 24.00, 23.71, 23.48, 46.19, 45.48, 0, 0, 4.25
2019/06/15 01:40:00, 24.00, 23.71, 23.48, 46.16, 45.45, 0, 0, 4.24
2019/06/15 01:41:00, 24.00, 23.73, 23.51, 46.21, 45.48, 0, 0, 4.25
2019/06/15 01:42:00, 24.00, 23.71, 23.50, 46.14, 45.43, 0, 0, 4.25
2019/06/15 01:43:00, 24.00, 23.71, 23.53, 46.11, 45.40, 0, 0, 4.24
2019/06/15 01:44:00, 24.00, 23.73, 23.51, 46.00, 45.31, 0, 0, 4.24
2019/06/15 01:45:00, 24.00, 23.73, 23.50, 45.98, 45.31, 0, 0, 4.24
2019/06/15 01:46:00, 24.00, 23.68, 23.48, 45.95, 45.26, 0, 0, 4.24
2019/06/15 01:47:00, 24.00, 23.70, 23.50, 46.07, 45.33, 0, 0, 4.24
2019/06/15 01:48:00, 24.00, 23.70, 23.47, 46.09, 45.37, 0, 0, 4.25
2019/06/15 01:49:00, 24.00, 23.70, 23.48, 46.09, 45.37, 0, 0, 4.25
2019/06/15 01:50:00, 24.00, 23.71, 23.52, 45.97, 45.28, 0, 0, 4.24
2019/06/15 01:51:00, 24.00, 23.70, 23.48, 46.00, 45.29, 0, 0, 4.24
2019/06/15 01:52:00, 24.00, 23.71, 23.48, 45.98, 45.26, 0, 0, 4.24
2019/06/15 01:53:00, 24.00, 23.73, 23.50, 45.92, 45.23, 0, 0, 4.24
2019/06/15 01:54:00, 24.00, 23.70, 23.48, 45.84, 45.16, 0, 0, 4.25
2019/06/15 01:55:00, 24.00, 23.70, 23.47, 45.90, 45.20, 0, 0, 4.25
2019/06/15 01:56:00, 24.00, 23.68, 23.45, 45.91, 45.23, 0, 0, 4.24
2019/06/15 01:57:00, 24.00, 23.65, 23.46, 45.98, 45.26, 0, 0, 4.25
2019/06/15 01:58:00, 24.00, 23.65, 23.48, 45.88, 45.17, 0, 0, 4.24
2019/06/15 01:59:00, 24.00, 23.65, 23.44, 45.96, 45.20, 0, 0, 4.24
2019/06/15 02:00:00, 24.00, 23.64, 23.46, 45.98, 45.24, 0, 0, 4.24
2019/06/15 02:01:00, 24.00, 23.64, 23.42, 46.03, 45.27, 0, 0, 4.25
2019/06/15 02:02:00, 24.00, 23.65, 23.46, 46.00, 45.29, 0, 0, 4.25
2019/06/15 02:03:00, 24.00, 23.67, 23.45, 45.92, 45.20, 0, 0, 4.25
2019/06/15 02:04:00, 24.00, 23.65, 23.47, 45.84, 45.15, 0, 0, 4.24
2019/06/15 02:05:00, 24.00, 23.65, 23.45, 45.83, 45.10, 0, 0, 4.24
2019/06/15 02:06:00, 24.00, 23.60, 23.44, 45.85, 45.16, 0, 0, 4.25
2019/06/15 02:07:00, 24.00, 23.63, 23.44, 45.93, 45.18, 0, 0, 4.24
2019/06/15 02:08:00, 24.00, 23.61, 23.43, 45.97, 45.22, 0, 0, 4.25
2019/06/15 02:09:00, 24.00, 23.63, 23.42, 45.81, 45.12, 0, 0, 4.25
2019/06/15 02:10:00, 24.00, 23.63, 23.41, 45.84, 45.12, 0, 0, 4.25
2019/06/15 02:11:00, 24.00, 23.61, 23.42, 45.89, 45.14, 0, 0, 4.24
2019/06/15 02:12:00, 24.00, 23.60, 23.43, 45.86, 45.13, 0, 0, 4.25
2019/06/15 02:13:00, 24.00, 23.63, 23.42, 45.83, 45.12, 0, 0, 4.25
2019/06/15 02:14:00, 24.00, 23.60, 23.41, 45.89, 45.20, 0, 0, 4.25
2019/06/15 02:15:00, 24.00, 23.63, 23.41, 45.85, 45.12, 0, 0, 4.25
2019/06/15 02:16:00, 24.00, 23.63, 23.41, 45.82, 45.11, 0, 0, 4.24
2019/06/15 02:17:00, 24.00, 23.63, 23.45, 45.67, 45.04, 0, 0, 4.24
2019/06/15 02:18:00, 24.00, 23.63, 23.39, 45.73, 45.01, 0, 0, 4.25
2019/06/15 02:19:00, 24.00, 23.63, 23.41, 45.76, 44.99, 0, 0, 4.25
2019/06/15 02:20:00, 24.00, 23.60, 23.39, 45.78, 45.04, 0, 0, 4.25
2019/06/15 02:21:00, 24.00, 23.60, 23.39, 45.72, 45.04, 0, 0, 4.24
2019/06/15 02:22:00, 24.00, 23.61, 23.41, 45.77, 45.04, 0, 0, 4.24
2019/06/15 02:23:00, 24.00, 23.61, 23.41, 45.77, 45.05, 0, 0, 4.24
2019/06/15 02:24:00, 24.00, 23.61, 23.39, 45.74, 45.05, 0, 0, 4.24
2019/06/15 02:25:00, 24.00, 23.61, 23.39, 45.67, 44.99, 0, 0, 4.25
2019/06/15 02:26:00, 24.00, 23.60, 23.39, 45.68, 44.97, 0, 0, 4.25
2019/06/15 02:27:00, 24.00, 23.59, 23.41, 45.73, 44.97, 0, 0, 4.25
2019/06/15 02:28:00, 24.00, 23.60, 23.42, 45.72, 45.01, 0, 0, 4.24
2019/06/15 02:29:00, 24.00, 23.63, 23.41, 45.62, 44.95, 0, 0, 4.25
2019/06/15 02:30:00, 24.00, 23.63, 23.42, 45.65, 44.95, 0, 0, 4.25
2019/06/15 02:31:00, 24.00, 23.61, 23.39, 45.57, 44.90, 0, 0, 4.24
2019/06/15 02:32:00, 24.00, 23.60, 23.41, 45.65, 44.91, 0, 0, 4.24
2019/06/15 02:33:00, 24.00, 23.59, 23.37, 45.65, 44.90, 0, 0, 4.24
2019/06/15 02:34:00, 24.00, 23.60, 23.36, 45.57, 44.88, 0, 0, 4.24
2019/06/15 02:35:00, 23.75, 23.57, 23.37, 45.57, 44.84, 0, 0, 4.24
2019/06/15 02:36:00, 24.00, 23.56, 23.36, 45.63, 44.90, 0, 0, 4.24
2019/06/15 02:37:00, 24.00, 23.56, 23.37, 45.68, 44.92, 0, 0, 4.25
2019/06/15 02:38:00, 24.00, 23.59, 23.38, 45.62, 44.91, 0, 0, 4.24
2019/06/15 02:39:00, 24.00, 23.59, 23.37, 45.65, 44.94, 0, 0, 4.24
2019/06/15 02:40:00, 24.00, 23.59, 23.37, 45.56, 44.87, 0, 0, 4.24
2019/06/15 02:41:00, 24.00, 23.59, 23.37, 45.67, 44.90, 0, 0, 4.24
2019/06/15 02:42:00, 23.75, 23.59, 23.37, 45.60, 44.88, 0, 0, 4.25
2019/06/15 02:43:00, 24.00, 23.60, 23.38, 45.57, 44.88, 0, 0, 4.24
2019/06/15 02:44:00, 23.75, 23.65, 23.42, 45.48, 44.76, 0, 0, 4.24
2019/06/15 02:45:00, 24.00, 23.64, 23.42, 45.47, 44.75, 0, 0, 4.25
2019/06/15 02:46:00, 23.75, 23.65, 23.44, 45.38, 44.72, 0, 0, 4.24
2019/06/15 02:47:00, 24.00, 23.67, 23.45, 45.36, 44.65, 0, 0, 4.24
2019/06/15 02:48:00, 23.75, 23.64, 23.46, 45.27, 44.56, 0, 0, 4.24
2019/06/15 02:49:00, 23.75, 23.64, 23.45, 45.34, 44.60, 0, 0, 4.25
2019/06/15 02:50:00, 24.00, 23.64, 23.43, 45.21, 44.53, 0, 0, 4.24
2019/06/15 02:51:00, 24.00, 23.67, 23.46, 45.29, 44.56, 0, 0, 4.24
2019/06/15 02:52:00, 23.75, 23.65, 23.46, 45.19, 44.52, 0, 0, 4.25
2019/06/15 02:53:00, 24.00, 23.64, 23.43, 45.23, 44.51, 0, 0, 4.25
2019/06/15 02:54:00, 23.75, 23.64, 23.42, 45.30, 44.59, 0, 0, 4.25
2019/06/15 02:55:00, 23.75, 23.61, 23.43, 45.16, 44.51, 0, 0, 4.24
2019/06/15 02:56:00, 23.75, 23.64, 23.42, 45.20, 44.52, 0, 0, 4.25
2019/06/15 02:57:00, 23.75, 23.61, 23.41, 45.28, 44.54, 0, 0, 4.24
2019/06/15 02:58:00, 23.75, 23.63, 23.41, 45.23, 44.51, 0, 0, 4.24
2019/06/15 02:59:00, 23.75, 23.61, 23.41, 45.29, 44.56, 0, 0, 4.25
2019/06/15 03:00:00, 23.75, 23.64, 23.43, 45.22, 44.56, 0, 0, 4.24
2019/06/15 03:01:00, 23.75, 23.64, 23.44, 45.11, 44.45, 0, 0, 4.24
2019/06/15 03:02:00, 23.75, 23.63, 23.44, 45.23, 44.45, 0, 0, 4.24
2019/06/15 03:03:00, 23.75, 23.63, 23.43, 45.18, 44.46, 0, 0, 4.24
2019/06/15 03:04:00, 23.75, 23.65, 23.45, 45.14, 44.42, 0, 0, 4.24
2019/06/15 03:05:00, 23.75, 23.67, 23.45, 45.07, 44.34, 0, 0, 4.24
2019/06/15 03:06:00, 23.75, 23.63, 23.44, 45.07, 44.33, 0, 0, 4.24
2019/06/15 03:07:00, 23.75, 23.64, 23.41, 45.10, 44.36, 0, 0, 4.24
2019/06/15 03:08:00, 23.75, 23.63, 23.44, 45.14, 44.43, 0, 0, 4.24
2019/06/15 03:09:00, 23.75, 23.63, 23.44, 45.07, 44.39, 0, 0, 4.25
2019/06/15 03:10:00, 24.00, 23.65, 23.45, 45.07, 44.35, 0, 0, 4.25
2019/06/15 03:11:00, 23.75, 23.64, 23.45, 44.98, 44.29, 0, 0, 4.25
2019/06/15 03:12:00, 24.00, 23.67, 23.44, 45.08, 44.32, 0, 0, 4.24
2019/06/15 03:13:00, 23.75, 23.67, 23.47, 44.97, 44.31, 0, 0, 4.25
2019/06/15 03:14:00, 23.75, 23.65, 23.45, 44.92, 44.25, 0, 0, 4.24
2019/06/15 03:15:00, 23.75, 23.68, 23.47, 44.91, 44.22, 0, 0, 4.24
2019/06/15 03:16:00, 23.75, 23.67, 23.47, 44.82, 44.13, 0, 0, 4.24
2019/06/15 03:17:00, 23.75, 23.65, 23.45, 44.81, 44.14, 0, 0, 4.24
2019/06/15 03:18:00, 23.75, 23.64, 23.43, 44.86, 44.16, 0, 0, 4.24
2019/06/15 03:19:00, 23.75, 23.64, 23.45, 44.93, 44.20, 0, 0, 4.24
2019/06/15 03:20:00, 23.75, 23.63, 23.43, 44.83, 44.16, 0, 0, 4.24
2019/06/15 03:21:00, 23.75, 23.63, 23.44, 44.87, 44.18, 0, 0, 4.24
2019/06/15 03:22:00, 23.75, 23.64, 23.44, 44.95, 44.22, 0, 0, 4.24
2019/06/15 03:23:00, 23.75, 23.64, 23.44, 44.85, 44.17, 0, 0, 4.24
2019/06/15 03:24:00, 23.75, 23.64, 23.42, 44.82, 44.09, 0, 0, 4.24
2019/06/15 03:25:00, 23.75, 23.63, 23.39, 44.83, 44.14, 0, 0, 4.24
2019/06/15 03:26:00, 23.75, 23.63, 23.39, 44.97, 44.23, 0, 0, 4.24
2019/06/15 03:27:00, 23.75, 23.60, 23.42, 44.81, 44.11, 0, 0, 4.24
2019/06/15 03:28:00, 23.75, 23.61, 23.42, 44.90, 44.19, 0, 0, 4.25
2019/06/15 03:29:00, 23.75, 23.64, 23.43, 44.88, 44.17, 0, 0, 4.24
2019/06/15 03:30:00, 23.75, 23.65, 23.44, 44.77, 44.08, 0, 0, 4.24
2019/06/15 03:31:00, 23.75, 23.67, 23.45, 44.82, 44.07, 0, 0, 4.24
2019/06/15 03:32:00, 23.75, 23.67, 23.45, 44.62, 44.00, 0, 0, 4.24
2019/06/15 03:33:00, 23.75, 23.68, 23.47, 44.73, 44.01, 0, 0, 4.24
2019/06/15 03:34:00, 23.75, 23.67, 23.46, 44.67, 43.97, 0, 0, 4.24
2019/06/15 03:35:00, 23.75, 23.67, 23.47, 44.68, 43.96, 0, 0, 4.24
2019/06/15 03:36:00, 23.75, 23.67, 23.44, 44.59, 43.91, 0, 0, 4.24
2019/06/15 03:37:00, 23.75, 23.67, 23.47, 44.70, 43.98, 0, 0, 4.24
2019/06/15 03:38:00, 23.75, 23.64, 23.44, 44.56, 43.90, 0, 0, 4.24
2019/06/15 03:39:00, 23.75, 23.64, 23.42, 44.67, 43.98, 0, 0, 4.24
2019/06/15 03:40:00, 23.75, 23.65, 23.44, 44.65, 43.96, 0, 0, 4.24
2019/06/15 03:41:00, 23.75, 23.61, 23.45, 44.58, 43.92, 0, 0, 4.24
2019/06/15 03:42:00, 23.75, 23.65, 23.45, 44.73, 43.96, 0, 0, 4.24
2019/06/15 03:43:00, 23.75, 23.67, 23.44, 44.64, 43.92, 0, 0, 4.24
2019/06/15 03:44:00, 23.75, 23.64, 23.46, 44.56, 43.84, 0, 0, 4.24
2019/06/15 03:45:00, 23.75, 23.67, 23.45, 44.53, 43.83, 0, 0, 4.24
2019/06/15 03:46:00, 23.75, 23.64, 23.44, 44.55, 43.80, 0, 0, 4.24
2019/06/15 03:47:00, 23.75, 23.63, 23.41, 44.52, 43.84, 0, 0, 4.24
2019/06/15 03:48:00, 23.75, 23.63, 23.41, 44.64, 43.88, 0, 0, 4.24
2019/06/15 03:49:00, 23.75, 23.61, 23.38, 44.63, 43.91, 0, 0, 4.24
2019/06/15 03:50:00, 23.75, 23.60, 23.39, 44.64, 43.95, 0, 0, 4.24
2019/06/15 03:51:00, 23.75, 23.59, 23.39, 44.65, 43.94, 0, 0, 4.25
2019/06/15 03:52:00, 23.75, 23.61, 23.41, 44.70, 43.94, 0, 0, 4.24
2019/06/15 03:53:00, 23.75, 23.63, 23.41, 44.56, 43.92, 0, 0, 4.24
2019/06/15 03:54:00, 23.75, 23.63, 23.41, 44.61, 43.90, 0, 0, 4.24
2019/06/15 03:55:00, 23.75, 23.63, 23.43, 44.53, 43.88, 0, 0, 4.25
2019/06/15 03:56:00, 23.75, 23.63, 23.41, 44.51, 43.81, 0, 0, 4.24
2019/06/15 03:57:00, 23.75, 23.61, 23.42, 44.49, 43.81, 0, 0, 4.24
2019/06/15 03:58:00, 23.75, 23.60, 23.38, 44.54, 43.84, 0, 0, 4.24
2019/06/15 03:59:00, 23.75, 23.57, 23.38, 44.58, 43.84, 0, 0, 4.25
2019/06/15 04:00:00, 23.75, 23.61, 23.36, 44.61, 43.86, 0, 0, 4.24
2019/06/15 04:01:00, 23.75, 23.61, 23.38, 44.56, 43.89, 0, 0, 4.24
2019/06/15 04:02:00, 23.75, 23.60, 23.39, 44.46, 43.78, 0, 0, 4.24
2019/06/15 04:03:00, 23.75, 23.60, 23.35, 44.57, 43.83, 0, 0, 4.24
2019/06/15 04:04:00, 23.75, 23.57, 23.35, 44.62, 43.90, 0, 0, 4.24
2019/06/15 04:05:00, 23.75, 23.59, 23.37, 44.57, 43.85, 0, 0, 4.24
2019/06/15 04:06:00, 23.75, 23.59, 23.35, 44.47, 43.84, 0, 0, 4.24
2019/06/15 04:07:00, 23.75, 23.60, 23.36, 44.54, 43.87, 0, 0, 4.24
2019/06/15 04:08:00, 23.75, 23.59, 23.39, 44.45, 43.81, 0, 0, 4.24
2019/06/15 04:09:00, 23.75, 23.60, 23.41, 44.48, 43.76, 0, 0, 4.25
2019/06/15 04:10:00, 23.75, 23.61, 23.39, 44.42, 43.78, 0, 0, 4.25
2019/06/15 04:11:00, 23.75, 23.61, 23.38, 44.28, 43.64, 0, 0, 4.25
2019/06/15 04:12:00, 23.75, 23.60, 23.37, 44.40, 43.71, 0, 0, 4.24
2019/06/15 04:13:00, 23.75, 23.61, 23.37, 44.53, 43.75, 0, 0, 4.24
2019/06/15 04:14:00, 23.75, 23.59, 23.36, 44.39, 43.73, 0, 0, 4.24
2019/06/15 04:15:00, 23.75, 23.57, 23.34, 44.53, 43.75, 0, 0, 4.25
2019/06/15 04:16:00, 23.75, 23.57, 23.36, 44.47, 43.75, 0, 0, 4.24
2019/06/15 04:17:00, 23.75, 23.56, 23.35, 44.52, 43.81, 0, 0, 4.24
2019/06/15 04:18:00, 23.75, 23.56, 23.35, 44.47, 43.78, 0, 0, 4.24
2019/06/15 04:19:00, 23.75, 23.57, 23.36, 44.47, 43.77, 0, 0, 4.24
2019/06/15 04:20:00, 23.75, 23.60, 23.38, 44.42, 43.70, 0, 0, 4.24
2019/06/15 04:21:00, 23.75, 23.59, 23.38, 44.28, 43.60, 0, 0, 4.24
2019/06/15 04:22:00, 23.75, 23.59, 23.36, 44.32, 43.64, 0, 0, 4.24
2019/06/15 04:23:00, 23.75, 23.59, 23.38, 44.37, 43.68, 0, 0, 4.24
2019/06/15 04:24:00, 23.75, 23.59, 23.39, 44.20, 43.57, 0, 0, 4.24
2019/06/15 04:25:00, 23.75, 23.56, 23.37, 44.24, 43.54, 0, 0, 4.24
2019/06/15 04:26:00, 23.75, 23.59, 23.37, 44.42, 43.69, 0, 0, 4.24
2019/06/15 04:27:00, 23.75, 23.56, 23.36, 44.39, 43.66, 0, 0, 4.24
2019/06/15 04:28:00, 23.75, 23.53, 23.35, 44.27, 43.56, 0, 0, 4.24
2019/06/15 04:29:00, 23.75, 23.56, 23.34, 44.32, 43.59, 0, 0, 4.24
2019/06/15 04:30:00, 23.75, 23.52, 23.32, 44.36, 43.63, 0, 0, 4.24
2019/06/15 04:31:00, 23.75, 23.52, 23.32, 44.36, 43.67, 0, 0, 4.24
2019/06/15 04:32:00, 23.75, 23.53, 23.31, 44.40, 43.65, 0, 0, 4.24
2019/06/15 04:33:00, 23.75, 23.53, 23.31, 44.36, 43.66, 0, 0, 4.24
2019/06/15 04:34:00, 23.75, 23.52, 23.32, 44.39, 43.63, 0, 0, 4.24
2019/06/15 04:35:00, 23.75, 23.52, 23.29, 44.45, 43.72, 0, 0, 4.24
2019/06/15 04:36:00, 23.75, 23.53, 23.31, 44.31, 43.62, 0, 0, 4.25
2019/06/15 04:37:00, 23.75, 23.53, 23.31, 44.29, 43.56, 0, 0, 4.24
2019/06/15 04:38:00, 23.75, 23.50, 23.31, 44.26, 43.59, 0, 0, 4.24
2019/06/15 04:39:00, 23.75, 23.53, 23.29, 44.31, 43.59, 0, 0, 4.24
2019/06/15 04:40:00, 23.75, 23.56, 23.30, 44.22, 43.54, 0, 0, 4.24
2019/06/15 04:41:00, 23.75, 23.50, 23.29, 44.18, 43.52, 0, 0, 4.24
2019/06/15 04:42:00, 23.75, 23.49, 23.30, 44.29, 43.57, 0, 0, 4.24
2019/06/15 04:43:00, 23.75, 23.52, 23.31, 44.38, 43.63, 0, 0, 4.24
2019/06/15 04:44:00, 23.75, 23.53, 23.35, 44.19, 43.52, 0, 0, 4.24
2019/06/15 04:45:00, 23.75, 23.53, 23.34, 44.19, 43.46, 0, 0, 4.24
2019/06/15 04:46:00, 23.75, 23.54, 23.34, 44.12, 43.41, 0, 0, 4.24
2019/06/15 04:47:00, 23.75, 23.54, 23.36, 43.98, 43.41, 0, 0, 4.24
2019/06/15 04:48:00, 23.75, 23.56, 23.38, 44.03, 43.34, 0, 0, 4.25
2019/06/15 04:49:00, 23.75, 23.60, 23.38, 43.95, 43.25, 0, 0, 4.24
2019/06/15 04:50:00, 23.75, 23.57, 23.36, 43.97, 43.28, 0, 0, 4.24
2019/06/15 04:51:00, 23.75, 23.56, 23.37, 44.01, 43.28, 0, 0, 4.25
2019/06/15 04:52:00, 23.75, 23.56, 23.38, 44.00, 43.32, 0, 0, 4.24
2019/06/15 04:53:00, 23.75, 23.61, 23.41, 43.88, 43.20, 0, 0, 4.24
2019/06/15 04:54:00, 23.75, 23.63, 23.42, 43.90, 43.20, 0, 0, 4.24
2019/06/15 04:55:00, 23.75, 23.64, 23.41, 43.77, 43.11, 0, 0, 4.24
2019/06/15 04:56:00, 23.75, 23.65, 23.43, 43.88, 43.16, 0, 0, 4.24
2019/06/15 04:57:00, 23.75, 23.64, 23.44, 43.74, 43.08, 0, 0, 4.24
2019/06/15 04:58:00, 23.75, 23.61, 23.43, 43.67, 42.97, 0, 0, 4.24
2019/06/15 04:59:00, 23.75, 23.63, 23.41, 43.70, 43.04, 0, 0, 4.24
2019/06/15 05:00:00, 23.75, 23.63, 23.41, 43.70, 43.05, 0, 0, 4.24
2019/06/15 05:01:00, 23.75, 23.63, 23.45, 43.78, 43.06, 0, 0, 4.24
2019/06/15 05:02:00, 23.75, 23.64, 23.44, 43.67, 43.04, 0, 0, 4.24
2019/06/15 05:03:00, 23.75, 23.61, 23.43, 43.54, 42.88, 0, 0, 4.24
2019/06/15 05:04:00, 23.75, 23.64, 23.42, 43.71, 43.03, 0, 0, 4.24
2019/06/15 05:05:00, 23.75, 23.64, 23.43, 43.75, 42.99, 0, 0, 4.24
2019/06/15 05:06:00, 23.75, 23.63, 23.44, 43.46, 42.83, 0, 0, 4.24
2019/06/15 05:07:00, 23.75, 23.63, 23.41, 43.64, 42.92, 0, 0, 4.24
2019/06/15 05:08:00, 23.75, 23.63, 23.42, 43.72, 42.98, 0, 0, 4.24
2019/06/15 05:09:00, 23.75, 23.65, 23.42, 43.63, 42.97, 0, 0, 4.24
2019/06/15 05:10:00, 23.75, 23.64, 23.44, 43.58, 42.86, 0, 0, 4.24
2019/06/15 05:11:00, 23.75, 23.61, 23.45, 43.56, 42.82, 0, 0, 4.24
2019/06/15 05:12:00, 23.75, 23.64, 23.44, 43.53, 42.85, 0, 0, 4.24
2019/06/15 05:13:00, 23.75, 23.64, 23.43, 43.58, 42.86, 0, 0, 4.24
2019/06/15 05:14:00, 23.75, 23.65, 23.43, 43.61, 42.87, 0, 0, 4.24
2019/06/15 05:15:00, 23.75, 23.64, 23.43, 43.54, 42.85, 0, 0, 4.24
2019/06/15 05:16:00, 23.75, 23.63, 23.45, 43.45, 42.77, 0, 0, 4.24
2019/06/15 05:17:00, 23.75, 23.65, 23.45, 43.47, 42.75, 0, 0, 4.24
2019/06/15 05:18:00, 23.75, 23.63, 23.43, 43.50, 42.73, 0, 0, 4.24
2019/06/15 05:19:00, 23.75, 23.67, 23.45, 43.56, 42.88, 0, 0, 4.24
2019/06/15 05:20:00, 23.75, 23.64, 23.44, 43.45, 42.75, 0, 0, 4.24
2019/06/15 05:21:00, 23.75, 23.65, 23.46, 43.38, 42.67, 0, 0, 4.24
2019/06/15 05:22:00, 23.75, 23.67, 23.47, 43.37, 42.67, 0, 0, 4.24
2019/06/15 05:23:00, 23.75, 23.68, 23.45, 43.23, 42.60, 0, 0, 4.24
2019/06/15 05:24:00, 23.75, 23.65, 23.47, 43.41, 42.68, 0, 0, 4.24
2019/06/15 05:25:00, 23.75, 23.65, 23.45, 43.36, 42.60, 0, 0, 4.24
2019/06/15 05:26:00, 23.75, 23.68, 23.47, 43.29, 42.66, 0, 0, 4.24
2019/06/15 05:27:00, 23.75, 23.67, 23.46, 43.28, 42.62, 0, 0, 4.24
2019/06/15 05:28:00, 23.75, 23.68, 23.45, 43.32, 42.59, 0, 0, 4.24
2019/06/15 05:29:00, 23.75, 23.67, 23.46, 43.35, 42.62, 0, 0, 4.24
2019/06/15 05:30:00, 23.75, 23.68, 23.48, 43.27, 42.60, 0, 0, 4.24
2019/06/15 05:31:00, 23.75, 23.67, 23.48, 43.17, 42.55, 0, 0, 4.24
2019/06/15 05:32:00, 23.75, 23.68, 23.47, 43.22, 42.50, 0, 0, 4.24
2019/06/15 05:33:00, 23.75, 23.67, 23.47, 43.11, 42.49, 0, 0, 4.24
2019/06/15 05:34:00, 23.75, 23.68, 23.49, 43.21, 42.50, 0, 0, 4.24
2019/06/15 05:35:00, 23.75, 23.67, 23.46, 43.19, 42.52, 0, 0, 4.24
2019/06/15 05:36:00, 23.75, 23.64, 23.45, 43.12, 42.46, 0, 0, 4.24
2019/06/15 05:37:00, 23.75, 23.67, 23.47, 43.17, 42.48, 0, 0, 4.24
2019/06/15 05:38:00, 23.75, 23.67, 23.45, 43.23, 42.53, 0, 0, 4.24
2019/06/15 05:39:00, 23.75, 23.68, 23.45, 43.21, 42.54, 0, 0, 4.24
2019/06/15 05:40:00, 23.75, 23.70, 23.46, 43.12, 42.46, 0, 0, 4.24
2019/06/15 05:41:00, 23.75, 23.65, 23.46, 43.04, 42.37, 0, 0, 4.24
2019/06/15 05:42:00, 23.75, 23.65, 23.45, 43.08, 42.40, 0, 0, 4.24
2019/06/15 05:43:00, 23.75, 23.65, 23.45, 43.02, 42.39, 0, 0, 4.24
2019/06/15 05:44:00, 23.75, 23.63, 23.41, 43.14, 42.44, 0, 0, 4.24
2019/06/15 05:45:00, 23.75, 23.63, 23.45, 43.10, 42.46, 0, 0, 4.24
2019/06/15 05:46:00, 23.75, 23.63, 23.43, 43.10, 42.45, 0, 0, 4.24
2019/06/15 05:47:00, 23.75, 23.61, 23.41, 43.16, 42.44, 0, 0, 4.24
2019/06/15 05:48:00, 23.75, 23.61, 23.41, 43.10, 42.43, 0, 0, 4.24
2019/06/15 05:49:00, 23.75, 23.60, 23.37, 43.31, 42.56, 0, 0, 4.24
2019/06/15 05:50:00, 23.75, 23.60, 23.42, 43.20, 42.52, 0, 0, 4.24
2019/06/15 05:51:00, 23.75, 23.60, 23.41, 43.05, 42.43, 0, 0, 4.24
2019/06/15 05:52:00, 23.75, 23.64, 23.41, 43.14, 42.48, 0, 0, 4.24
2019/06/15 05:53:00, 23.75, 23.63, 23.43, 43.05, 42.42, 0, 0, 4.24
2019/06/15 05:54:00, 23.75, 23.64, 23.44, 42.92, 42.27, 0, 0, 4.24
2019/06/15 05:55:00, 23.75, 23.61, 23.42, 42.98, 42.32, 0, 0, 4.24
2019/06/15 05:56:00, 23.75, 23.63, 23.41, 42.90, 42.23, 0, 0, 4.24
2019/06/15 05:57:00, 23.75, 23.60, 23.39, 43.02, 42.35, 0, 0, 4.24
2019/06/15 05:58:00, 23.75, 23.61, 23.41, 43.09, 42.38, 0, 0, 4.24
2019/06/15 05:59:00, 23.75, 23.61, 23.42, 43.00, 42.37, 0, 0, 4.24
2019/06/15 06:00:00, 23.75, 23.65, 23.43, 42.97, 42.28, 0, 0, 4.24
2019/06/15 06:01:00, 23.75, 23.65, 23.45, 42.89, 42.26, 0, 0, 4.24
2019/06/15 06:02:00, 23.75, 23.64, 23.45, 42.78, 42.18, 0, 0, 4.24
2019/06/15 06:03:00, 23.75, 23.63, 23.44, 42.81, 42.18, 0, 0, 4.24
2019/06/15 06:04:00, 23.75, 23.60, 23.42, 42.91, 42.20, 0, 0, 4.24
2019/06/15 06:05:00, 23.75, 23.64, 23.42, 43.03, 42.30, 0, 0, 4.24
2019/06/15 06:06:00, 23.75, 23.61, 23.43, 42.91, 42.26, 0, 0, 4.24
2019/06/15 06:07:00, 23.75, 23.63, 23.41, 42.67, 42.13, 0, 0, 4.24
2019/06/15 06:08:00, 23.75, 23.60, 23.38, 42.91, 42.15, 0, 0, 4.25
2019/06/15 06:09:00, 23.75, 23.59, 23.37, 42.99, 42.24, 0, 0, 4.24
2019/06/15 06:10:00, 23.75, 23.61, 23.41, 42.98, 42.30, 0, 0, 4.24
2019/06/15 06:11:00, 23.75, 23.60, 23.42, 42.72, 42.13, 0, 0, 4.24
2019/06/15 06:12:00, 23.75, 23.59, 23.37, 42.82, 42.17, 0, 0, 4.24
2019/06/15 06:13:00, 23.75, 23.61, 23.38, 42.91, 42.21, 0, 0, 4.24
2019/06/15 06:14:00, 23.75, 23.61, 23.41, 42.79, 42.16, 0, 0, 4.24
2019/06/15 06:15:00, 23.75, 23.61, 23.38, 42.78, 42.11, 0, 0, 4.24
2019/06/15 06:16:00, 23.75, 23.59, 23.37, 42.73, 42.08, 0, 0, 4.24
2019/06/15 06:17:00, 23.75, 23.59, 23.35, 42.80, 42.17, 0, 0, 4.24
2019/06/15 06:18:00, 23.75, 23.54, 23.35, 42.89, 42.21, 0, 0, 4.24
2019/06/15 06:19:00, 23.75, 23.56, 23.34, 42.84, 42.17, 0, 0, 4.24
2019/06/15 06:20:00, 23.75, 23.53, 23.32, 42.90, 42.26, 0, 0, 4.24
2019/06/15 06:21:00, 23.75, 23.50, 23.28, 42.89, 42.19, 0, 0, 4.24
2019/06/15 06:22:00, 23.75, 23.49, 23.30, 42.91, 42.27, 0, 0, 4.24
2019/06/15 06:23:00, 23.75, 23.50, 23.31, 42.99, 42.29, 0, 0, 4.24
2019/06/15 06:24:00, 23.75, 23.50, 23.30, 42.97, 42.35, 0, 0, 4.24
2019/06/15 06:25:00, 23.75, 23.52, 23.30, 42.87, 42.23, 0, 0, 4.24
2019/06/15 06:26:00, 23.75, 23.52, 23.30, 42.90, 42.24, 0, 0, 4.24
2019/06/15 06:27:00, 23.75, 23.49, 23.30, 42.93, 42.25, 0, 0, 4.24
2019/06/15 06:28:00, 23.75, 23.47, 23.29, 42.95, 42.25, 0, 0, 4.24
2019/06/15 06:29:00, 23.75, 23.50, 23.29, 43.01, 42.30, 0, 0, 4.24
2019/06/15 06:30:00, 23.75, 23.47, 23.30, 42.94, 42.24, 0, 0, 4.24
2019/06/15 06:31:00, 23.75, 23.53, 23.32, 43.03, 42.34, 0, 0, 4.24
2019/06/15 06:32:00, 23.75, 23.53, 23.35, 42.85, 42.23, 0, 0, 4.24
2019/06/15 06:33:00, 23.75, 23.54, 23.35, 42.80, 42.15, 0, 0, 4.24
2019/06/15 06:34:00, 23.75, 23.60, 23.37, 42.74, 42.11, 0, 0, 4.24
2019/06/15 06:35:00, 23.75, 23.60, 23.38, 42.61, 41.98, 0, 0, 4.24
2019/06/15 06:36:00, 23.75, 23.61, 23.43, 42.66, 41.98, 0, 0, 4.24
2019/06/15 06:37:00, 23.75, 23.64, 23.42, 42.53, 41.92, 0, 0, 4.24
2019/06/15 06:38:00, 23.75, 23.60, 23.42, 42.38, 41.82, 0, 0, 4.24
2019/06/15 06:39:00, 23.75, 23.61, 23.42, 42.61, 41.90, 0, 0, 4.24
2019/06/15 06:40:00, 23.75, 23.63, 23.44, 42.49, 41.90, 0, 0, 4.24
2019/06/15 06:41:00, 23.75, 23.68, 23.45, 42.44, 41.85, 0, 0, 4.24
2019/06/15 06:42:00, 23.75, 23.67, 23.45, 42.45, 41.79, 0, 0, 4.24
2019/06/15 06:43:00, 23.75, 23.67, 23.47, 42.39, 41.78, 0, 0, 4.24
2019/06/15 06:44:00, 23.75, 23.67, 23.47, 42.36, 41.69, 0, 0, 4.24
2019/06/15 06:45:00, 23.75, 23.68, 23.47, 42.34, 41.69, 0, 0, 4.24
2019/06/15 06:46:00, 23.75, 23.68, 23.50, 42.25, 41.65, 0, 0, 4.24
2019/06/15 06:47:00, 23.75, 23.70, 23.47, 42.20, 41.56, 0, 0, 4.24
2019/06/15 06:48:00, 23.75, 23.68, 23.47, 42.27, 41.69, 0, 0, 4.24
2019/06/15 06:49:00, 23.75, 23.67, 23.47, 42.23, 41.67, 0, 0, 4.24
2019/06/15 06:50:00, 23.75, 23.71, 23.50, 42.24, 41.63, 0, 0, 4.24
2019/06/15 06:51:00, 23.75, 23.71, 23.50, 42.25, 41.63, 0, 0, 4.24
2019/06/15 06:52:00, 23.75, 23.70, 23.51, 42.09, 41.55, 0, 0, 4.24
2019/06/15 06:53:00, 23.75, 23.71, 23.50, 42.26, 41.55, 0, 0, 4.24
2019/06/15 06:54:00, 23.75, 23.70, 23.51, 42.20, 41.56, 0, 0, 4.24
2019/06/15 06:55:00, 23.75, 23.70, 23.49, 42.11, 41.53, 0, 0, 4.24
2019/06/15 06:56:00, 23.75, 23.68, 23.48, 42.18, 41.53, 0, 0, 4.24
2019/06/15 06:57:00, 23.75, 23.71, 23.47, 42.27, 41.61, 0, 0, 4.24
2019/06/15 06:58:00, 23.75, 23.73, 23.51, 42.30, 41.67, 0, 0, 4.24
2019/06/15 06:59:00, 23.75, 23.71, 23.53, 42.07, 41.56, 0, 0, 4.24
2019/06/15 07:00:00, 23.75, 23.73, 23.50, 42.14, 41.53, 0, 0, 4.24
2019/06/15 07:01:00, 23.75, 23.73, 23.53, 42.10, 41.51, 0, 0, 4.24
2019/06/15 07:02:00, 23.75, 23.73, 23.52, 42.09, 41.47, 0, 0, 4.24
2019/06/15 07:03:00, 23.75, 23.73, 23.51, 42.11, 41.44, 0, 0, 4.24
2019/06/15 07:04:00, 23.75, 23.71, 23.50, 42.09, 41.50, 0, 0, 4.24
2019/06/15 07:05:00, 23.75, 23.74, 23.52, 42.15, 41.51, 0, 0, 4.24
2019/06/15 07:06:00, 23.75, 23.71, 23.51, 41.98, 41.44, 0, 0, 4.24
2019/06/15 07:07:00, 23.75, 23.71, 23.50, 42.15, 41.52, 0, 0, 4.24
2019/06/15 07:08:00, 23.75, 23.71, 23.51, 42.02, 41.42, 0, 0, 4.24
2019/06/15 07:09:00, 23.75, 23.71, 23.50, 42.04, 41.45, 0, 0, 4.24
2019/06/15 07:10:00, 23.75, 23.70, 23.50, 42.02, 41.47, 0, 0, 4.24
2019/06/15 07:11:00, 23.75, 23.70, 23.49, 42.09, 41.47, 0, 0, 4.24
2019/06/15 07:12:00, 23.75, 23.70, 23.51, 42.06, 41.44, 0, 0, 4.24
2019/06/15 07:13:00, 23.75, 23.73, 23.50, 42.15, 41.53, 0, 0, 4.24
2019/06/15 07:14:00, 23.75, 23.76, 23.51, 42.05, 41.46, 0, 0, 4.24
2019/06/15 07:15:00, 23.75, 23.76, 23.53, 42.08, 41.47, 0, 0, 4.24
2019/06/15 07:16:00, 23.75, 23.73, 23.52, 41.94, 41.34, 0, 0, 4.24
2019/06/15 07:17:00, 23.75, 23.76, 23.53, 41.94, 41.35, 0, 0, 4.24
2019/06/15 07:18:00, 23.75, 23.73, 23.54, 42.00, 41.35, 0, 0, 4.24
2019/06/15 07:19:00, 23.75, 23.73, 23.54, 42.05, 41.40, 0, 0, 4.24
2019/06/15 07:20:00, 23.75, 23.76, 23.54, 42.01, 41.40, 0, 0, 4.24
2019/06/15 07:21:00, 23.75, 23.73, 23.50, 41.94, 41.34, 0, 0, 4.24
2019/06/15 07:22:00, 23.75, 23.73, 23.53, 41.97, 41.36, 0, 0, 4.24
2019/06/15 07:23:00, 23.75, 23.73, 23.50, 42.02, 41.37, 0, 0, 4.24
2019/06/15 07:24:00, 23.75, 23.74, 23.54, 41.93, 41.40, 0, 0, 4.24
2019/06/15 07:25:00, 23.75, 23.71, 23.53, 41.97, 41.34, 0, 0, 4.24
2019/06/15 07:26:00, 23.75, 23.76, 23.53, 41.93, 41.34, 0, 0, 4.24
2019/06/15 07:27:00, 23.75, 23.76, 23.53, 41.94, 41.34, 0, 0, 4.24
2019/06/15 07:28:00, 23.75, 23.74, 23.54, 41.98, 41.35, 0, 0, 4.24
2019/06/15 07:29:00, 23.75, 23.74, 23.56, 41.89, 41.30, 0, 0, 4.24
2019/06/15 07:30:00, 23.75, 23.77, 23.54, 41.77, 41.23, 0, 0, 4.24
2019/06/15 07:31:00, 23.75, 23.76, 23.57, 41.91, 41.26, 0, 0, 4.24
2019/06/15 07:32:00, 23.75, 23.76, 23.56, 41.80, 41.28, 0, 0, 4.24
2019/06/15 07:33:00, 23.75, 23.76, 23.52, 41.90, 41.29, 0, 0, 4.24
2019/06/15 07:34:00, 24.00, 23.74, 23.53, 41.79, 41.25, 0, 0, 4.24
2019/06/15 07:35:00, 24.00, 23.76, 23.56, 41.80, 41.24, 0, 0, 4.24
2019/06/15 07:36:00, 24.00, 23.77, 23.56, 41.90, 41.31, 0, 0, 4.24
2019/06/15 07:37:00, 24.00, 23.77, 23.54, 41.76, 41.21, 0, 0, 4.24
2019/06/15 07:38:00, 24.00, 23.76, 23.56, 41.89, 41.28, 0, 0, 4.24
2019/06/15 07:39:00, 24.00, 23.73, 23.52, 41.75, 41.19, 0, 0, 4.24
2019/06/15 07:40:00, 23.75, 23.73, 23.53, 41.88, 41.24, 0, 0, 4.24
2019/06/15 07:41:00, 24.00, 23.73, 23.54, 41.87, 41.30, 0, 0, 4.24
2019/06/15 07:42:00, 24.00, 23.71, 23.52, 41.79, 41.24, 0, 0, 4.24
2019/06/15 07:43:00, 24.00, 23.71, 23.50, 41.95, 41.27, 0, 0, 4.24
2019/06/15 07:44:00, 24.00, 23.68, 23.50, 41.86, 41.30, 0, 0, 4.24
2019/06/15 07:45:00, 24.00, 23.70, 23.48, 42.03, 41.36, 0, 0, 4.24
2019/06/15 07:46:00, 24.00, 23.70, 23.50, 41.87, 41.34, 0, 0, 4.24
2019/06/15 07:47:00, 24.00, 23.68, 23.46, 41.87, 41.27, 0, 0, 4.24
2019/06/15 07:48:00, 24.00, 23.68, 23.47, 41.96, 41.34, 0, 0, 4.24
2019/06/15 07:49:00, 24.00, 23.65, 23.46, 41.99, 41.34, 0, 0, 4.24
2019/06/15 07:50:00, 23.75, 23.67, 23.45, 41.92, 41.37, 0, 0, 4.24
2019/06/15 07:51:00, 24.00, 23.65, 23.45, 42.08, 41.46, 0, 0, 4.24
2019/06/15 07:52:00, 23.75, 23.65, 23.45, 42.01, 41.43, 0, 0, 4.24
2019/06/15 07:53:00, 23.75, 23.67, 23.45, 41.93, 41.34, 0, 0, 4.24
2019/06/15 07:54:00, 23.75, 23.65, 23.45, 41.92, 41.37, 0, 0, 4.24
2019/06/15 07:55:00, 23.75, 23.61, 23.42, 42.01, 41.34, 0, 0, 4.24
2019/06/15 07:56:00, 24.00, 23.64, 23.44, 42.10, 41.46, 0, 0, 4.24
2019/06/15 07:57:00, 23.75, 23.64, 23.45, 41.96, 41.38, 0, 0, 4.24
2019/06/15 07:58:00, 23.75, 23.63, 23.43, 41.88, 41.34, 0, 0, 4.24
2019/06/15 07:59:00, 23.75, 23.67, 23.45, 42.01, 41.39, 0, 0, 4.24
2019/06/15 08:00:00, 24.00, 23.65, 23.47, 41.87, 41.34, 0, 0, 4.24
2019/06/15 08:01:00, 23.75, 23.65, 23.45, 41.87, 41.27, 0, 0, 4.24
2019/06/15 08:02:00, 24.00, 23.64, 23.45, 41.86, 41.32, 0, 0, 4.24
2019/06/15 08:03:00, 23.75, 23.63, 23.43, 42.00, 41.35, 0, 0, 4.24
2019/06/15 08:04:00, 24.00, 23.64, 23.42, 41.96, 41.33, 0, 0, 4.24
2019/06/15 08:05:00, 23.75, 23.61, 23.41, 42.01, 41.36, 0, 0, 4.24
2019/06/15 08:06:00, 23.75, 23.60, 23.43, 42.10, 41.44, 0, 0, 4.24
2019/06/15 08:07:00, 23.75, 23.61, 23.41, 41.97, 41.36, 0, 0, 4.24
2019/06/15 08:08:00, 23.75, 23.60, 23.41, 42.05, 41.41, 0, 0, 4.24
2019/06/15 08:09:00, 23.75, 23.60, 23.38, 42.02, 41.41, 0, 0, 4.24
2019/06/15 08:10:00, 23.75, 23.59, 23.38, 42.07, 41.40, 0, 0, 4.24
2019/06/15 08:11:00, 23.75, 23.59, 23.38, 42.06, 41.41, 0, 0, 4.24
2019/06/15 08:12:00, 23.75, 23.59, 23.42, 42.07, 41.47, 0, 0, 4.24
2019/06/15 08:13:00, 23.75, 23.61, 23.39, 41.96, 41.41, 0, 0, 4.24
2019/06/15 08:14:00, 23.75, 23.59, 23.39, 41.99, 41.40, 0, 0, 4.24
2019/06/15 08:15:00, 23.75, 23.63, 23.38, 42.07, 41.43, 0, 0, 4.24
2019/06/15 08:16:00, 23.75, 23.60, 23.42, 41.90, 41.35, 0, 0, 4.24
2019/06/15 08:17:00, 23.75, 23.60, 23.43, 41.91, 41.31, 0, 0, 4.24
2019/06/15 08:18:00, 23.75, 23.63, 23.41, 42.03, 41.35, 0, 0, 4.24
2019/06/15 08:19:00, 23.75, 23.59, 23.37, 42.02, 41.37, 0, 0, 4.24
2019/06/15 08:20:00, 23.75, 23.60, 23.39, 42.01, 41.39, 0, 0, 4.24
2019/06/15 08:21:00, 23.75, 23.57, 23.39, 42.00, 41.36, 0, 0, 4.24
2019/06/15 08:22:00, 23.75, 23.59, 23.38, 42.13, 41.40, 0, 0, 4.24
2019/06/15 08:23:00, 23.75, 23.60, 23.37, 42.08, 41.40, 0, 0, 4.24
2019/06/15 08:24:00, 23.75, 23.57, 23.38, 42.00, 41.40, 0, 0, 4.24
2019/06/15 08:25:00, 23.75, 23.59, 23.38, 42.05, 41.41, 0, 0, 4.24
2019/06/15 08:26:00, 23.75, 23.60, 23.38, 42.04, 41.40, 0, 0, 4.24
2019/06/15 08:27:00, 23.75, 23.57, 23.37, 42.02, 41.39, 0, 0, 4.24
2019/06/15 08:28:00, 23.75, 23.57, 23.37, 42.03, 41.40, 0, 0, 4.24
2019/06/15 08:29:00, 23.75, 23.59, 23.37, 41.99, 41.37, 0, 0, 4.24
2019/06/15 08:30:00, 23.75, 23.61, 23.39, 42.00, 41.39, 0, 0, 4.24
2019/06/15 08:31:00, 23.75, 23.60, 23.39, 41.99, 41.37, 0, 0, 4.24
2019/06/15 08:32:00, 23.75, 23.59, 23.39, 41.96, 41.39, 0, 0, 4.24
2019/06/15 08:33:00, 23.75, 23.57, 23.38, 41.96, 41.34, 0, 0, 4.24
2019/06/15 08:34:00, 23.75, 23.59, 23.37, 42.06, 41.39, 0, 0, 4.24
2019/06/15 08:35:00, 23.75, 23.59, 23.39, 41.98, 41.40, 0, 0, 4.24
2019/06/15 08:36:00, 23.75, 23.60, 23.38, 42.05, 41.43, 0, 0, 4.24
2019/06/15 08:37:00, 23.75, 23.60, 23.41, 41.95, 41.34, 0, 0, 4.24
2019/06/15 08:38:00, 23.75, 23.60, 23.38, 41.96, 41.31, 0, 0, 4.24
2019/06/15 08:39:00, 23.75, 23.59, 23.38, 42.03, 41.36, 0, 0, 4.24
2019/06/15 08:40:00, 23.75, 23.61, 23.43, 41.98, 41.39, 0, 0, 4.24
2019/06/15 08:41:00, 23.75, 23.64, 23.44, 41.88, 41.32, 0, 0, 4.24
2019/06/15 08:42:00, 23.75, 23.64, 23.45, 41.85, 41.24, 0, 0, 4.24
2019/06/15 08:43:00, 23.75, 23.65, 23.45, 41.77, 41.16, 0, 0, 4.24
2019/06/15 08:44:00, 23.75, 23.64, 23.46, 41.80, 41.18, 0, 0, 4.24
2019/06/15 08:45:00, 23.75, 23.65, 23.45, 41.79, 41.17, 0, 0, 4.24
2019/06/15 08:46:00, 23.75, 23.68, 23.47, 41.77, 41.24, 0, 0, 4.24
2019/06/15 08:47:00, 23.75, 23.67, 23.47, 41.75, 41.16, 0, 0, 4.24
2019/06/15 08:48:00, 23.75, 23.67, 23.47, 41.68, 41.13, 0, 0, 4.24
2019/06/15 08:49:00, 23.75, 23.67, 23.47, 41.59, 41.05, 0, 0, 4.24
2019/06/15 08:50:00, 23.75, 23.67, 23.44, 41.79, 41.14, 0, 0, 4.24
2019/06/15 08:51:00, 23.75, 23.64, 23.45, 41.81, 41.16, 0, 0, 4.24
2019/06/15 08:52:00, 23.75, 23.63, 23.43, 41.77, 41.14, 0, 0, 4.24
2019/06/15 08:53:00, 23.75, 23.63, 23.42, 41.96, 41.27, 0, 0, 4.24
2019/06/15 08:54:00, 23.75, 23.65, 23.44, 41.91, 41.27, 0, 0, 4.24
2019/06/15 08:55:00, 23.75, 23.67, 23.47, 41.77, 41.21, 0, 0, 4.24
2019/06/15 08:56:00, 23.75, 23.68, 23.47, 41.80, 41.17, 0, 0, 4.24
2019/06/15 08:57:00, 23.75, 23.70, 23.49, 41.64, 41.06, 0, 0, 4.24
2019/06/15 08:58:00, 23.75, 23.68, 23.48, 41.67, 41.05, 0, 0, 4.24
2019/06/15 08:59:00, 23.75, 23.71, 23.50, 41.69, 41.11, 0, 0, 4.24
2019/06/15 09:00:00, 23.75, 23.70, 23.51, 41.59, 41.01, 0, 0, 4.24
2019/06/15 09:01:00, 23.75, 23.73, 23.53, 41.71, 41.09, 0, 0, 4.24
2019/06/15 09:02:00, 23.75, 23.73, 23.53, 41.62, 40.98, 0, 0, 4.24
2019/06/15 09:03:00, 23.75, 23.73, 23.52, 41.67, 41.08, 0, 0, 4.24
2019/06/15 09:04:00, 23.75, 23.73, 23.53, 41.62, 41.01, 0, 0, 4.24
2019/06/15 09:05:00, 23.75, 23.73, 23.56, 41.64, 40.99, 0, 0, 4.24
2019/06/15 09:06:00, 23.75, 23.74, 23.54, 41.46, 40.92, 0, 0, 4.24
2019/06/15 09:07:00, 23.75, 23.74, 23.52, 41.58, 40.95, 0, 0, 4.24
2019/06/15 09:08:00, 23.75, 23.76, 23.54, 41.58, 41.01, 0, 0, 4.24
2019/06/15 09:09:00, 23.75, 23.74, 23.54, 41.61, 41.01, 0, 0, 4.24
2019/06/15 09:10:00, 23.75, 23.76, 23.54, 41.56, 40.95, 0, 0, 4.24
2019/06/15 09:11:00, 23.75, 23.76, 23.57, 41.53, 40.92, 0, 0, 4.24
2019/06/15 09:12:00, 24.00, 23.76, 23.54, 41.53, 40.92, 0, 0, 4.24
2019/06/15 09:13:00, 24.00, 23.74, 23.56, 41.57, 40.94, 0, 0, 4.24
2019/06/15 09:14:00, 24.00, 23.74, 23.52, 41.46, 40.94, 0, 0, 4.24
2019/06/15 09:15:00, 24.00, 23.73, 23.52, 41.61, 40.97, 0, 0, 4.24
2019/06/15 09:16:00, 24.00, 23.74, 23.54, 41.57, 41.01, 0, 0, 4.24
2019/06/15 09:17:00, 24.00, 23.77, 23.54, 41.65, 41.04, 0, 0, 4.24
2019/06/15 09:18:00, 23.75, 23.76, 23.54, 41.45, 40.93, 0, 0, 4.24
2019/06/15 09:19:00, 24.00, 23.74, 23.53, 41.62, 40.95, 0, 0, 4.24
2019/06/15 09:20:00, 24.00, 23.74, 23.54, 41.53, 40.98, 0, 0, 4.24
2019/06/15 09:21:00, 24.00, 23.74, 23.53, 41.57, 41.02, 0, 0, 4.24
2019/06/15 09:22:00, 24.00, 23.77, 23.57, 41.58, 41.01, 0, 0, 4.24
2019/06/15 09:23:00, 24.00, 23.76, 23.53, 41.54, 40.95, 0, 0, 4.24
2019/06/15 09:24:00, 24.00, 23.77, 23.57, 41.58, 41.00, 0, 0, 4.24
2019/06/15 09:25:00, 24.00, 23.76, 23.54, 41.44, 40.88, 0, 0, 4.24
2019/06/15 09:26:00, 24.00, 23.76, 23.54, 41.54, 40.96, 0, 0, 4.24
2019/06/15 09:27:00, 24.00, 23.74, 23.54, 41.49, 40.89, 0, 0, 4.24
2019/06/15 09:28:00, 24.00, 23.79, 23.56, 41.66, 41.03, 0, 0, 4.24
2019/06/15 09:29:00, 24.00, 23.76, 23.57, 41.60, 41.02, 0, 0, 4.24
2019/06/15 09:30:00, 24.00, 23.80, 23.58, 41.55, 40.94, 0, 0, 4.24
2019/06/15 09:31:00, 24.00, 23.79, 23.58, 41.51, 40.92, 0, 0, 4.24
2019/06/15 09:32:00, 24.00, 23.79, 23.58, 41.53, 40.89, 0, 0, 4.24
2019/06/15 09:33:00, 24.00, 23.79, 23.57, 41.36, 40.82, 0, 0, 4.24
2019/06/15 09:34:00, 24.00, 23.76, 23.57, 41.60, 40.95, 0, 0, 4.24
2019/06/15 09:35:00, 24.00, 23.79, 23.54, 41.65, 40.97, 0, 0, 4.24
2019/06/15 09:36:00, 24.00, 23.79, 23.57, 41.63, 41.05, 0, 0, 4.24
2019/06/15 09:37:00, 24.00, 23.79, 23.58, 41.67, 41.02, 0, 0, 4.24
2019/06/15 09:38:00, 24.00, 23.79, 23.59, 41.58, 40.99, 0, 0, 4.24
2019/06/15 09:39:00, 24.00, 23.79, 23.59, 41.57, 40.92, 0, 0, 4.24
2019/06/15 09:40:00, 24.00, 23.79, 23.54, 41.59, 40.99, 0, 0, 4.24
2019/06/15 09:41:00, 24.00, 23.77, 23.59, 41.51, 40.98, 0, 0, 4.24
2019/06/15 09:42:00, 24.00, 23.80, 23.60, 41.51, 40.98, 0, 0, 4.24
2019/06/15 09:43:00, 24.00, 23.83, 23.62, 41.51, 40.92, 0, 0, 4.24
2019/06/15 09:44:00, 24.00, 23.84, 23.63, 41.50, 40.91, 0, 0, 4.24
2019/06/15 09:45:00, 24.00, 23.81, 23.63, 41.44, 40.88, 0, 0, 4.24
2019/06/15 09:46:00, 24.00, 23.81, 23.62, 41.40, 40.85, 0, 0, 4.24
2019/06/15 09:47:00, 24.00, 23.79, 23.61, 41.56, 40.95, 0, 0, 4.24
2019/06/15 09:48:00, 24.00, 23.80, 23.62, 41.45, 40.90, 0, 0, 4.24
2019/06/15 09:49:00, 24.00, 23.79, 23.63, 41.44, 40.84, 0, 0, 4.24
2019/06/15 09:50:00, 24.00, 23.77, 23.60, 41.56, 40.98, 0, 0, 4.24
2019/06/15 09:51:00, 24.00, 23.79, 23.57, 41.67, 41.01, 0, 0, 4.24
2019/06/15 09:52:00, 24.00, 23.77, 23.54, 41.64, 40.99, 0, 0, 4.24
2019/06/15 09:53:00, 24.00, 23.79, 23.57, 41.69, 41.07, 0, 0, 4.24
2019/06/15 09:54:00, 24.00, 23.77, 23.57, 41.65, 41.06, 0, 0, 4.24
2019/06/15 09:55:00, 24.00, 23.79, 23.59, 41.63, 41.06, 0, 0, 4.24
2019/06/15 09:56:00, 24.00, 23.79, 23.58, 41.57, 41.02, 0, 0, 4.24
2019/06/15 09:57:00, 24.00, 23.77, 23.57, 41.56, 40.96, 0, 0, 4.24
2019/06/15 09:58:00, 24.00, 23.76, 23.56, 41.72, 41.08, 0, 0, 4.24
2019/06/15 09:59:00, 24.00, 23.77, 23.58, 41.73, 41.12, 0, 0, 4.24
2019/06/15 10:00:00, 24.00, 23.79, 23.57, 41.71, 41.08, 0, 0, 4.24
2019/06/15 10:01:00, 24.00, 23.77, 23.57, 41.71, 41.06, 0, 0, 4.24
2019/06/15 10:02:00, 24.00, 23.80, 23.57, 41.57, 40.99, 0, 0, 4.24
2019/06/15 10:03:00, 24.00, 23.77, 23.57, 41.66, 41.01, 0, 0, 4.24
2019/06/15 10:04:00, 24.00, 23.79, 23.58, 41.72, 41.11, 0, 0, 4.24
2019/06/15 10:05:00, 24.00, 23.76, 23.57, 41.64, 41.04, 0, 0, 4.24
2019/06/15 10:06:00, 24.00, 23.79, 23.57, 41.73, 41.08, 0, 0, 4.24
2019/06/15 10:07:00, 24.00, 23.77, 23.56, 41.68, 41.05, 0, 0, 4.24
2019/06/15 10:08:00, 24.00, 23.74, 23.56, 41.69, 41.11, 0, 0, 4.24
2019/06/15 10:09:00, 24.00, 23.79, 23.57, 41.73, 41.15, 0, 0, 4.24
2019/06/15 10:10:00, 24.00, 23.73, 23.56, 41.78, 41.15, 0, 0, 4.24
2019/06/15 10:11:00, 24.00, 23.76, 23.57, 41.80, 41.18, 0, 0, 4.24
2019/06/15 10:12:00, 24.00, 23.74, 23.54, 41.69, 41.13, 0, 0, 4.24
2019/06/15 10:13:00, 24.00, 23.76, 23.56, 41.84, 41.24, 0, 0, 4.24
2019/06/15 10:14:00, 24.00, 23.76, 23.58, 41.81, 41.17, 0, 0, 4.24
2019/06/15 10:15:00, 24.00, 23.80, 23.60, 41.77, 41.18, 0, 0, 4.24
2019/06/15 10:16:00, 24.00, 23.80, 23.60, 41.74, 41.11, 0, 0, 4.24
2019/06/15 10:17:00, 24.00, 23.80, 23.60, 41.56, 41.04, 0, 0, 4.24
2019/06/15 10:18:00, 24.00, 23.80, 23.58, 41.60, 41.03, 0, 0, 4.24
2019/06/15 10:19:00, 24.00, 23.79, 23.57, 41.72, 41.11, 0, 0, 4.24
2019/06/15 10:20:00, 24.00, 23.77, 23.57, 41.84, 41.15, 0, 0, 4.24
2019/06/15 10:21:00, 24.00, 23.79, 23.58, 41.69, 41.14, 0, 0, 4.24
2019/06/15 10:22:00, 24.00, 23.76, 23.56, 41.72, 41.06, 0, 0, 4.24
2019/06/15 10:23:00, 24.00, 23.73, 23.54, 41.78, 41.16, 0, 0, 4.24
2019/06/15 10:24:00, 24.00, 23.74, 23.51, 41.81, 41.20, 0, 0, 4.24
2019/06/15 10:25:00, 24.00, 23.74, 23.54, 41.83, 41.25, 0, 0, 4.24
2019/06/15 10:26:00, 24.00, 23.74, 23.52, 41.81, 41.21, 0, 0, 4.24
2019/06/15 10:27:00, 24.00, 23.74, 23.52, 41.77, 41.21, 0, 0, 4.24
2019/06/15 10:28:00, 24.00, 23.71, 23.52, 41.83, 41.21, 0, 0, 4.24
2019/06/15 10:29:00, 24.00, 23.71, 23.50, 41.95, 41.25, 0, 0, 4.24
2019/06/15 10:30:00, 24.00, 23.74, 23.53, 42.02, 41.38, 0, 0, 4.24
2019/06/15 10:31:00, 24.00, 23.76, 23.53, 41.86, 41.29, 0, 0, 4.24
2019/06/15 10:32:00, 24.00, 23.79, 23.54, 41.82, 41.21, 0, 0, 4.24
2019/06/15 10:33:00, 24.00, 23.79, 23.57, 41.87, 41.25, 0, 0, 4.24
2019/06/15 10:34:00, 24.00, 23.79, 23.60, 41.77, 41.18, 0, 0, 4.24
2019/06/15 10:35:00, 24.00, 23.81, 23.61, 41.68, 41.14, 0, 0, 4.24
2019/06/15 10:36:00, 24.00, 23.84, 23.61, 41.68, 41.10, 0, 0, 4.24
2019/06/15 10:37:00, 24.00, 23.81, 23.64, 41.67, 41.08, 0, 0, 4.24
2019/06/15 10:38:00, 24.00, 23.81, 23.63, 41.63, 41.08, 0, 0, 4.24
2019/06/15 10:39:00, 24.00, 23.84, 23.66, 41.68, 41.06, 0, 0, 4.24
2019/06/15 10:40:00, 24.00, 23.87, 23.65, 41.62, 41.01, 0, 0, 4.24
2019/06/15 10:41:00, 24.00, 23.90, 23.66, 41.60, 41.02, 0, 0, 4.24
2019/06/15 10:42:00, 24.00, 23.88, 23.66, 41.52, 40.98, 0, 0, 4.24
2019/06/15 10:43:00, 24.00, 23.87, 23.66, 41.66, 41.01, 0, 0, 4.24
2019/06/15 10:44:00, 24.00, 23.88, 23.67, 41.60, 41.02, 0, 0, 4.24
2019/06/15 10:45:00, 24.00, 23.87, 23.68, 41.64, 41.00, 0, 0, 4.24
2019/06/15 10:46:00, 24.00, 23.90, 23.66, 41.61, 41.01, 0, 0, 4.24
2019/06/15 10:47:00, 24.00, 23.90, 23.68, 41.63, 41.01, 0, 0, 4.24
2019/06/15 10:48:00, 24.00, 23.91, 23.69, 41.53, 40.95, 0, 0, 4.24
2019/06/15 10:49:00, 24.00, 23.88, 23.71, 41.55, 40.95, 0, 0, 4.24
2019/06/15 10:50:00, 24.00, 23.90, 23.69, 41.52, 40.91, 0, 0, 4.24
2019/06/15 10:51:00, 24.00, 23.91, 23.69, 41.59, 40.98, 0, 0, 4.24
2019/06/15 10:52:00, 24.00, 23.91, 23.71, 41.51, 40.95, 0, 0, 4.24
2019/06/15 10:53:00, 24.00, 23.90, 23.68, 41.64, 40.98, 0, 0, 4.24
2019/06/15 10:54:00, 24.00, 23.90, 23.71, 41.59, 40.99, 0, 0, 4.24
2019/06/15 10:55:00, 24.00, 23.90, 23.71, 41.62, 41.02, 0, 0, 4.24
2019/06/15 10:56:00, 24.00, 23.88, 23.72, 41.47, 40.95, 0, 0, 4.24
2019/06/15 10:57:00, 24.00, 23.91, 23.69, 41.61, 40.98, 0, 0, 4.24
2019/06/15 10:58:00, 24.00, 23.90, 23.71, 41.62, 41.02, 0, 0, 4.24
2019/06/15 10:59:00, 24.00, 23.90, 23.68, 41.56, 40.94, 0, 0, 4.24
2019/06/15 11:00:00, 24.00, 23.88, 23.69, 41.80, 41.14, 0, 0, 4.24
2019/06/15 11:01:00, 24.00, 23.91, 23.69, 41.79, 41.14, 0, 0, 4.24
2019/06/15 11:02:00, 24.00, 23.94, 23.71, 41.73, 41.09, 0, 0, 4.24
2019/06/15 11:03:00, 24.00, 23.92, 23.73, 41.71, 41.06, 0, 0, 4.24
2019/06/15 11:04:00, 24.00, 23.95, 23.77, 41.64, 41.03, 0, 0, 4.24
2019/06/15 11:05:00, 24.00, 23.94, 23.76, 41.60, 40.99, 0, 0, 4.24
2019/06/15 11:06:00, 24.00, 23.95, 23.76, 41.71, 41.09, 0, 0, 4.24
2019/06/15 11:07:00, 24.00, 23.98, 23.76, 41.75, 41.14, 0, 0, 4.24
2019/06/15 11:08:00, 24.00, 23.98, 23.78, 41.73, 41.11, 0, 0, 4.24
2019/06/15 11:09:00, 24.00, 23.98, 23.78, 41.60, 41.02, 0, 0, 4.24
2019/06/15 11:10:00, 24.00, 23.98, 23.79, 41.75, 41.06, 0, 0, 4.24
2019/06/15 11:11:00, 24.00, 23.99, 23.80, 41.72, 41.09, 0, 0, 4.24
2019/06/15 11:12:00, 24.00, 24.01, 23.82, 41.60, 41.05, 0, 0, 4.24
2019/06/15 11:13:00, 24.00, 24.01, 23.81, 41.52, 40.98, 0, 0, 4.24
2019/06/15 11:14:00, 24.00, 24.01, 23.82, 41.53, 40.94, 0, 0, 4.24
2019/06/15 11:15:00, 24.00, 24.02, 23.82, 41.64, 41.02, 0, 0, 4.24
2019/06/15 11:16:00, 24.00, 24.04, 23.83, 41.60, 41.00, 0, 0, 4.24
2019/06/15 11:17:00, 24.00, 24.04, 23.84, 41.58, 40.96, 0, 0, 4.24
2019/06/15 11:18:00, 24.00, 24.04, 23.84, 41.60, 40.97, 0, 0, 4.24
2019/06/15 11:19:00, 24.00, 24.05, 23.87, 41.60, 40.95, 0, 0, 4.24
2019/06/15 11:20:00, 24.00, 24.08, 23.89, 41.52, 40.93, 0, 0, 4.24
2019/06/15 11:21:00, 24.00, 24.05, 23.87, 41.51, 40.91, 0, 0, 4.24
2019/06/15 11:22:00, 24.00, 24.07, 23.88, 41.47, 40.89, 0, 0, 4.24
2019/06/15 11:23:00, 24.25, 24.07, 23.87, 41.52, 40.92, 0, 0, 4.24
2019/06/15 11:24:00, 24.25, 24.07, 23.86, 41.42, 40.87, 0, 0, 4.24
2019/06/15 11:25:00, 24.25, 24.09, 23.88, 41.46, 40.85, 0, 0, 4.24
2019/06/15 11:26:00, 24.25, 24.07, 23.88, 41.55, 40.89, 0, 0, 4.24
2019/06/15 11:27:00, 24.25, 24.11, 23.92, 41.49, 40.89, 0, 0, 4.24
2019/06/15 11:28:00, 24.25, 24.09, 23.90, 41.50, 40.85, 0, 0, 4.24
2019/06/15 11:29:00, 24.25, 24.11, 23.90, 41.47, 40.85, 0, 0, 4.24
2019/06/15 11:30:00, 24.25, 24.11, 23.92, 41.42, 40.82, 0, 0, 4.24
2019/06/15 11:31:00, 24.25, 24.14, 23.91, 41.48, 40.85, 0, 0, 4.24
2019/06/15 11:32:00, 24.25, 24.11, 23.92, 41.50, 40.86, 0, 0, 4.24
2019/06/15 11:33:00, 24.25, 24.08, 23.92, 41.51, 40.87, 0, 0, 4.24
2019/06/15 11:34:00, 24.25, 24.12, 23.91, 41.48, 40.89, 0, 0, 4.24
2019/06/15 11:35:00, 24.25, 24.11, 23.91, 41.43, 40.85, 0, 0, 4.24
2019/06/15 11:36:00, 24.25, 24.07, 23.89, 41.42, 40.80, 0, 0, 4.24
2019/06/15 11:37:00, 24.25, 24.07, 23.89, 41.59, 40.95, 0, 0, 4.24
2019/06/15 11:38:00, 24.25, 24.12, 23.93, 41.66, 40.99, 0, 0, 4.24
2019/06/15 11:39:00, 24.25, 24.14, 23.92, 41.48, 40.90, 0, 0, 4.24
2019/06/15 11:40:00, 24.25, 24.12, 23.92, 41.44, 40.83, 0, 0, 4.24
2019/06/15 11:41:00, 24.25, 24.12, 23.92, 41.52, 40.91, 0, 0, 4.24
2019/06/15 11:42:00, 24.25, 24.14, 23.91, 41.42, 40.86, 0, 0, 4.24
2019/06/15 11:43:00, 24.25, 24.11, 23.91, 41.48, 40.90, 0, 0, 4.24
2019/06/15 11:44:00, 24.25, 24.14, 23.95, 41.48, 40.89, 0, 0, 4.24
2019/06/15 11:45:00, 24.25, 24.11, 23.93, 41.44, 40.87, 0, 0, 4.24
2019/06/15 11:46:00, 24.25, 24.11, 23.94, 41.42, 40.79, 0, 0, 4.24
2019/06/15 11:47:00, 24.25, 24.12, 23.93, 41.57, 40.97, 0, 0, 4.24
2019/06/15 11:48:00, 24.25, 24.14, 23.94, 41.48, 40.92, 0, 0, 4.24
2019/06/15 11:49:00, 24.25, 24.12, 23.93, 41.40, 40.79, 0, 0, 4.24
2019/06/15 11:50:00, 24.25, 24.09, 23.91, 41.45, 40.82, 0, 0, 4.24
2019/06/15 11:51:00, 24.25, 24.09, 23.89, 41.58, 40.89, 0, 0, 4.24
2019/06/15 11:52:00, 24.25, 24.07, 23.90, 41.58, 40.96, 0, 0, 4.24
2019/06/15 11:53:00, 24.25, 24.11, 23.90, 41.64, 40.99, 0, 0, 4.24
2019/06/15 11:54:00, 24.25, 24.08, 23.90, 41.63, 40.98, 0, 0, 4.24
2019/06/15 11:55:00, 24.25, 24.05, 23.89, 41.62, 40.97, 0, 0, 4.24
2019/06/15 11:56:00, 24.25, 24.04, 23.87, 41.60, 40.99, 0, 0, 4.24
2019/06/15 11:57:00, 24.25, 24.02, 23.86, 41.67, 41.02, 0, 0, 4.24
2019/06/15 11:58:00, 24.25, 24.01, 23.82, 41.72, 41.05, 0, 0, 4.24
2019/06/15 11:59:00, 24.25, 24.01, 23.86, 41.75, 41.07, 0, 0, 4.24
2019/06/15 12:00:00, 24.25, 24.01, 23.82, 41.76, 41.08, 0, 0, 4.24
2019/06/15 12:01:00, 24.25, 24.04, 23.83, 41.77, 41.15, 0, 0, 4.24
2019/06/15 12:02:00, 24.25, 24.01, 23.83, 41.72, 41.12, 0, 0, 4.24
2019/06/15 12:03:00, 24.25, 24.02, 23.86, 41.83, 41.13, 0, 0, 4.24
2019/06/15 12:04:00, 24.25, 24.02, 23.84, 41.77, 41.14, 0, 0, 4.24
2019/06/15 12:05:00, 24.25, 24.02, 23.84, 41.71, 41.13, 0, 0, 4.24
2019/06/15 12:06:00, 24.25, 24.04, 23.83, 41.72, 41.10, 0, 0, 4.24
2019/06/15 12:07:00, 24.25, 24.04, 23.83, 41.79, 41.12, 0, 0, 4.24
2019/06/15 12:08:00, 24.25, 24.04, 23.84, 41.80, 41.14, 0, 0, 4.24
2019/06/15 12:09:00, 24.25, 24.07, 23.87, 41.77, 41.14, 0, 0, 4.24
2019/06/15 12:10:00, 24.25, 24.04, 23.83, 41.79, 41.13, 0, 0, 4.24
2019/06/15 12:11:00, 24.25, 24.07, 23.88, 41.92, 41.23, 0, 0, 4.24
2019/06/15 12:12:00, 24.25, 24.08, 23.89, 41.87, 41.26, 0, 0, 4.24
2019/06/15 12:13:00, 24.25, 24.07, 23.90, 41.74, 41.13, 0, 0, 4.24
2019/06/15 12:14:00, 24.25, 24.05, 23.89, 41.71, 41.09, 0, 0, 4.24
2019/06/15 12:15:00, 24.25, 24.08, 23.88, 41.76, 41.11, 0, 0, 4.24
2019/06/15 12:16:00, 24.25, 24.05, 23.90, 41.70, 41.06, 0, 0, 4.24
2019/06/15 12:17:00, 24.25, 24.07, 23.88, 41.66, 41.05, 0, 0, 4.24
2019/06/15 12:18:00, 24.25, 24.07, 23.89, 41.73, 41.07, 0, 0, 4.24
2019/06/15 12:19:00, 24.25, 24.09, 23.88, 41.75, 41.08, 0, 0, 4.24
2019/06/15 12:20:00, 24.25, 24.05, 23.87, 41.70, 41.09, 0, 0, 4.24
2019/06/15 12:21:00, 24.25, 24.08, 23.88, 41.77, 41.08, 0, 0, 4.24
2019/06/15 12:22:00, 24.25, 24.05, 23.91, 41.82, 41.12, 0, 0, 4.24
2019/06/15 12:23:00, 24.25, 24.08, 23.90, 41.85, 41.18, 0, 0, 4.24
2019/06/15 12:24:00, 24.25, 24.08, 23.91, 41.76, 41.15, 0, 0, 4.24
2019/06/15 12:25:00, 24.25, 24.07, 23.90, 41.69, 41.09, 0, 0, 4.24
2019/06/15 12:26:00, 24.25, 24.08, 23.89, 41.80, 41.12, 0, 0, 4.24
2019/06/15 12:27:00, 24.25, 24.08, 23.91, 41.86, 41.17, 0, 0, 4.24
2019/06/15 12:28:00, 24.25, 24.08, 23.90, 41.87, 41.21, 0, 0, 4.24
2019/06/15 12:29:00, 24.25, 24.09, 23.90, 41.78, 41.16, 0, 0, 4.24
2019/06/15 12:30:00, 24.25, 24.09, 23.91, 41.78, 41.13, 0, 0, 4.24
2019/06/15 12:31:00, 24.25, 24.08, 23.88, 41.77, 41.12, 0, 0, 4.24
2019/06/15 12:32:00, 24.25, 24.07, 23.91, 41.78, 41.16, 0, 0, 4.24
2019/06/15 12:33:00, 24.25, 24.08, 23.91, 41.93, 41.22, 0, 0, 4.24
2019/06/15 12:34:00, 24.25, 24.09, 23.93, 41.80, 41.17, 0, 0, 4.24
2019/06/15 12:35:00, 24.25, 24.08, 23.90, 41.82, 41.14, 0, 0, 4.24
2019/06/15 12:36:00, 24.25, 24.12, 23.94, 41.87, 41.21, 0, 0, 4.24
2019/06/15 12:37:00, 24.25, 24.14, 23.95, 41.87, 41.25, 0, 0, 4.24
2019/06/15 12:38:00, 24.25, 24.11, 23.96, 41.87, 41.22, 0, 0, 4.24
2019/06/15 12:39:00, 24.25, 24.14, 23.94, 41.73, 41.11, 0, 0, 4.24
2019/06/15 12:40:00, 24.25, 24.14, 23.94, 41.79, 41.13, 0, 0, 4.24
2019/06/15 12:41:00, 24.25, 24.11, 23.92, 41.69, 41.10, 0, 0, 4.24
2019/06/15 12:42:00, 24.25, 24.12, 23.93, 41.80, 41.13, 0, 0, 4.24
2019/06/15 12:43:00, 24.25, 24.09, 23.93, 41.82, 41.17, 0, 0, 4.24
2019/06/15 12:44:00, 24.25, 24.14, 23.94, 41.87, 41.19, 0, 0, 4.24
2019/06/15 12:45:00, 24.25, 24.15, 23.95, 41.77, 41.18, 0, 0, 4.24
2019/06/15 12:46:00, 24.25, 24.14, 23.95, 41.73, 41.10, 0, 0, 4.24
2019/06/15 12:47:00, 24.25, 24.15, 23.95, 41.75, 41.11, 0, 0, 4.24
2019/06/15 12:48:00, 24.25, 24.15, 23.94, 41.72, 41.11, 0, 0, 4.24
2019/06/15 12:49:00, 24.25, 24.15, 23.95, 41.77, 41.10, 0, 0, 4.24
2019/06/15 12:50:00, 24.25, 24.14, 23.97, 41.76, 41.11, 0, 0, 4.24
2019/06/15 12:51:00, 24.25, 24.18, 23.97, 41.74, 41.10, 0, 0, 4.24
2019/06/15 12:52:00, 24.25, 24.15, 23.96, 41.66, 41.08, 0, 0, 4.24
2019/06/15 12:53:00, 24.25, 24.16, 24.00, 41.69, 41.06, 0, 0, 4.24
2019/06/15 12:54:00, 24.25, 24.19, 24.01, 41.69, 41.05, 0, 0, 4.24
2019/06/15 12:55:00, 24.25, 24.16, 24.01, 41.66, 41.03, 0, 0, 4.24
2019/06/15 12:56:00, 24.25, 24.19, 23.98, 41.73, 41.08, 0, 0, 4.24
2019/06/15 12:57:00, 24.25, 24.20, 24.01, 41.69, 41.05, 0, 0, 4.24
2019/06/15 12:58:00, 24.25, 24.23, 24.03, 41.62, 41.03, 0, 0, 4.24
2019/06/15 12:59:00, 24.25, 24.19, 24.03, 41.62, 41.01, 0, 0, 4.24
2019/06/15 13:00:00, 24.25, 24.22, 24.03, 41.58, 40.98, 0, 0, 4.24
2019/06/15 13:01:00, 24.50, 24.19, 24.02, 41.58, 40.97, 0, 0, 4.24
2019/06/15 13:02:00, 24.50, 24.19, 23.98, 41.57, 40.95, 0, 0, 4.24
2019/06/15 13:03:00, 24.50, 24.20, 24.02, 41.66, 41.02, 0, 0, 4.24
2019/06/15 13:04:00, 24.50, 24.20, 24.01, 41.55, 40.99, 0, 0, 4.24
2019/06/15 13:05:00, 24.50, 24.19, 24.01, 41.66, 40.97, 0, 0, 4.24
2019/06/15 13:06:00, 24.50, 24.19, 24.01, 41.69, 41.03, 0, 0, 4.24
2019/06/15 13:07:00, 24.50, 24.19, 24.01, 41.64, 41.02, 0, 0, 4.24
2019/06/15 13:08:00, 24.50, 24.19, 23.97, 41.70, 41.05, 0, 0, 4.24
2019/06/15 13:09:00, 24.50, 24.15, 24.01, 41.79, 41.11, 0, 0, 4.24
2019/06/15 13:10:00, 24.50, 24.16, 23.97, 41.83, 41.15, 0, 0, 4.24
2019/06/15 13:11:00, 24.50, 24.15, 23.95, 41.74, 41.11, 0, 0, 4.24
2019/06/15 13:12:00, 24.50, 24.14, 23.96, 41.81, 41.14, 0, 0, 4.24
2019/06/15 13:13:00, 24.50, 24.12, 23.94, 41.75, 41.15, 0, 0, 4.24
2019/06/15 13:14:00, 24.50, 24.14, 23.94, 41.91, 41.19, 0, 0, 4.24
2019/06/15 13:15:00, 24.50, 24.15, 23.94, 41.96, 41.27, 0, 0, 4.24
2019/06/15 13:16:00, 24.50, 24.15, 23.95, 41.96, 41.33, 0, 0, 4.24
2019/06/15 13:17:00, 24.50, 24.18, 23.96, 41.86, 41.23, 0, 0, 4.24
2019/06/15 13:18:00, 24.50, 24.18, 23.97, 41.82, 41.20, 0, 0, 4.24
2019/06/15 13:19:00, 24.50, 24.18, 23.98, 41.80, 41.16, 0, 0, 4.24
2019/06/15 13:20:00, 24.50, 24.18, 24.03, 41.78, 41.16, 0, 0, 4.24
2019/06/15 13:21:00, 24.50, 24.20, 24.01, 41.72, 41.11, 0, 0, 4.24
2019/06/15 13:22:00, 24.50, 24.18, 24.01, 41.74, 41.11, 0, 0, 4.24
2019/06/15 13:23:00, 24.50, 24.20, 24.00, 41.74, 41.12, 0, 0, 4.24
2019/06/15 13:24:00, 24.50, 24.20, 24.04, 41.73, 41.12, 0, 0, 4.24
2019/06/15 13:25:00, 24.50, 24.19, 24.00, 41.69, 41.08, 0, 0, 4.24
2019/06/15 13:26:00, 24.50, 24.19, 24.01, 41.82, 41.14, 0, 0, 4.24
2019/06/15 13:27:00, 24.50, 24.22, 24.03, 41.75, 41.15, 0, 0, 4.24
2019/06/15 13:28:00, 24.50, 24.22, 24.03, 41.78, 41.12, 0, 0, 4.24
2019/06/15 13:29:00, 24.50, 24.22, 24.01, 41.86, 41.21, 0, 0, 4.24
2019/06/15 13:30:00, 24.50, 24.22, 24.03, 41.83, 41.21, 0, 0, 4.24
2019/06/15 13:31:00, 24.50, 24.22, 24.03, 41.81, 41.16, 0, 0, 4.24
2019/06/15 13:32:00, 24.50, 24.19, 24.04, 41.82, 41.16, 0, 0, 4.24
2019/06/15 13:33:00, 24.50, 24.22, 24.02, 41.89, 41.17, 0, 0, 4.24
2019/06/15 13:34:00, 24.50, 24.22, 24.03, 41.82, 41.16, 0, 0, 4.24
2019/06/15 13:35:00, 24.50, 24.20, 24.03, 41.76, 41.12, 0, 0, 4.24
2019/06/15 13:36:00, 24.50, 24.22, 24.02, 41.76, 41.14, 0, 0, 4.24
2019/06/15 13:37:00, 24.50, 24.20, 24.02, 41.76, 41.12, 0, 0, 4.24
2019/06/15 13:38:00, 24.50, 24.22, 24.03, 41.78, 41.15, 0, 0, 4.24
2019/06/15 13:39:00, 24.50, 24.23, 24.03, 41.76, 41.14, 0, 0, 4.24
2019/06/15 13:40:00, 24.50, 24.20, 24.01, 41.74, 41.11, 0, 0, 4.24
2019/06/15 13:41:00, 24.50, 24.22, 24.01, 41.82, 41.15, 0, 0, 4.24
2019/06/15 13:42:00, 24.50, 24.22, 24.02, 41.82, 41.18, 0, 0, 4.24
2019/06/15 13:43:00, 24.50, 24.20, 24.03, 41.84, 41.19, 0, 0, 4.24
2019/06/15 13:44:00, 24.50, 24.20, 24.02, 41.80, 41.18, 0, 0, 4.24
2019/06/15 13:45:00, 24.50, 24.18, 24.01, 41.81, 41.19, 0, 0, 4.24
2019/06/15 13:46:00, 24.50, 24.18, 23.98, 41.81, 41.13, 0, 0, 4.24
2019/06/15 13:47:00, 24.50, 24.19, 24.02, 41.81, 41.13, 0, 0, 4.24
2019/06/15 13:48:00, 24.50, 24.20, 23.98, 41.90, 41.21, 0, 0, 4.24
2019/06/15 13:49:00, 24.50, 24.18, 24.00, 41.85, 41.24, 0, 0, 4.24
2019/06/15 13:50:00, 24.50, 24.16, 24.00, 41.87, 41.22, 0, 0, 4.24
2019/06/15 13:51:00, 24.50, 24.19, 24.00, 41.94, 41.25, 0, 0, 4.24
2019/06/15 13:52:00, 24.50, 24.18, 24.00, 41.82, 41.26, 0, 0, 4.24
2019/06/15 13:53:00, 24.50, 24.16, 24.00, 41.86, 41.21, 0, 0, 4.24
2019/06/15 13:54:00, 24.50, 24.18, 23.97, 41.88, 41.24, 0, 0, 4.24
2019/06/15 13:55:00, 24.50, 24.18, 24.01, 41.87, 41.26, 0, 0, 4.24
2019/06/15 13:56:00, 24.50, 24.18, 24.00, 41.87, 41.24, 0, 0, 4.24
2019/06/15 13:57:00, 24.50, 24.16, 23.98, 41.87, 41.21, 0, 0, 4.24
2019/06/15 13:58:00, 24.50, 24.18, 24.01, 41.81, 41.18, 0, 0, 4.24
2019/06/15 13:59:00, 24.50, 24.18, 23.98, 41.80, 41.15, 0, 0, 4.24
2019/06/15 14:00:00, 24.50, 24.16, 24.00, 41.96, 41.26, 0, 0, 4.24
2019/06/15 14:01:00, 24.50, 24.16, 24.00, 41.95, 41.27, 0, 0, 4.24
2019/06/15 14:02:00, 24.50, 24.16, 23.97, 41.86, 41.23, 0, 0, 4.24
2019/06/15 14:03:00, 24.50, 24.16, 24.00, 41.87, 41.22, 0, 0, 4.24
2019/06/15 14:04:00, 24.50, 24.18, 24.00, 41.90, 41.23, 0, 0, 4.24
2019/06/15 14:05:00, 24.50, 24.19, 24.00, 41.92, 41.24, 0, 0, 4.24
2019/06/15 14:06:00, 24.50, 24.18, 24.00, 41.94, 41.28, 0, 0, 4.24
2019/06/15 14:07:00, 24.50, 24.18, 24.00, 41.97, 41.25, 0, 0, 4.24
2019/06/15 14:08:00, 24.50, 24.18, 23.97, 41.88, 41.27, 0, 0, 4.24
2019/06/15 14:09:00, 24.50, 24.19, 24.00, 41.87, 41.26, 0, 0, 4.24
2019/06/15 14:10:00, 24.50, 24.16, 24.01, 41.93, 41.28, 0, 0, 4.24
2019/06/15 14:11:00, 24.50, 24.18, 23.98, 41.94, 41.29, 0, 0, 4.24
2019/06/15 14:12:00, 24.50, 24.18, 23.96, 41.95, 41.27, 0, 0, 4.24
2019/06/15 14:13:00, 24.50, 24.18, 24.00, 41.93, 41.27, 0, 0, 4.24
2019/06/15 14:14:00, 24.50, 24.18, 23.98, 41.89, 41.27, 0, 0, 4.24
2019/06/15 14:15:00, 24.50, 24.15, 23.96, 41.99, 41.27, 0, 0, 4.24
2019/06/15 14:16:00, 24.50, 24.15, 23.97, 42.04, 41.33, 0, 0, 4.24
2019/06/15 14:17:00, 24.50, 24.16, 24.01, 42.06, 41.37, 0, 0, 4.24
2019/06/15 14:18:00, 24.50, 24.15, 23.97, 41.94, 41.30, 0, 0, 4.24
2019/06/15 14:19:00, 24.50, 24.18, 23.95, 42.06, 41.34, 0, 0, 4.24
2019/06/15 14:20:00, 24.50, 24.16, 23.98, 42.06, 41.39, 0, 0, 4.24
2019/06/15 14:21:00, 24.50, 24.15, 23.97, 42.13, 41.41, 0, 0, 4.24
2019/06/15 14:22:00, 24.50, 24.16, 23.98, 42.08, 41.43, 0, 0, 4.24
2019/06/15 14:23:00, 24.50, 24.15, 23.97, 42.04, 41.38, 0, 0, 4.24
2019/06/15 14:24:00, 24.50, 24.18, 23.97, 42.05, 41.36, 0, 0, 4.24
2019/06/15 14:25:00, 24.50, 24.16, 23.98, 41.98, 41.31, 0, 0, 4.24
2019/06/15 14:26:00, 24.50, 24.19, 24.01, 42.06, 41.38, 0, 0, 4.24
2019/06/15 14:27:00, 24.50, 24.18, 24.01, 41.95, 41.34, 0, 0, 4.24
2019/06/15 14:28:00, 24.50, 24.18, 24.02, 42.01, 41.34, 0, 0, 4.24
2019/06/15 14:29:00, 24.50, 24.19, 24.01, 42.02, 41.34, 0, 0, 4.24
2019/06/15 14:30:00, 24.50, 24.19, 24.01, 42.01, 41.33, 0, 0, 4.24
2019/06/15 14:31:00, 24.50, 24.19, 24.02, 41.95, 41.34, 0, 0, 4.24
2019/06/15 14:32:00, 24.50, 24.19, 24.02, 41.93, 41.31, 0, 0, 4.24
2019/06/15 14:33:00, 24.50, 24.18, 24.00, 42.01, 41.34, 0, 0, 4.24
2019/06/15 14:34:00, 24.50, 24.19, 24.01, 41.90, 41.30, 0, 0, 4.24
2019/06/15 14:35:00, 24.50, 24.18, 24.00, 41.92, 41.27, 0, 0, 4.24
2019/06/15 14:36:00, 24.50, 24.18, 24.00, 41.98, 41.27, 0, 0, 4.24
2019/06/15 14:37:00, 24.50, 24.16, 23.97, 41.98, 41.29, 0, 0, 4.24
2019/06/15 14:38:00, 24.50, 24.14, 23.97, 42.09, 41.39, 0, 0, 4.24
2019/06/15 14:39:00, 24.50, 24.16, 23.97, 42.04, 41.37, 0, 0, 4.24
2019/06/15 14:40:00, 24.50, 24.16, 23.98, 42.06, 41.37, 0, 0, 4.24
2019/06/15 14:41:00, 24.50, 24.16, 23.98, 42.08, 41.41, 0, 0, 4.24
2019/06/15 14:42:00, 24.50, 24.18, 23.98, 42.14, 41.39, 0, 0, 4.24
2019/06/15 14:43:00, 24.50, 24.16, 24.01, 42.06, 41.42, 0, 0, 4.24
2019/06/15 14:44:00, 24.50, 24.16, 24.01, 42.01, 41.36, 0, 0, 4.24
2019/06/15 14:45:00, 24.50, 24.16, 24.00, 42.02, 41.34, 0, 0, 4.24
2019/06/15 14:46:00, 24.50, 24.18, 23.97, 42.09, 41.39, 0, 0, 4.24
2019/06/15 14:47:00, 24.50, 24.15, 24.01, 42.03, 41.37, 0, 0, 4.24
2019/06/15 14:48:00, 24.50, 24.18, 23.98, 42.03, 41.35, 0, 0, 4.24
2019/06/15 14:49:00, 24.50, 24.16, 23.98, 42.04, 41.38, 0, 0, 4.24
2019/06/15 14:50:00, 24.50, 24.16, 23.98, 42.09, 41.43, 0, 0, 4.24
2019/06/15 14:51:00, 24.50, 24.20, 24.01, 42.11, 41.45, 0, 0, 4.24
2019/06/15 14:52:00, 24.50, 24.18, 23.97, 42.09, 41.41, 0, 0, 4.24
2019/06/15 14:53:00, 24.50, 24.15, 23.97, 42.09, 41.39, 0, 0, 4.24
2019/06/15 14:54:00, 24.50, 24.16, 23.98, 42.09, 41.39, 0, 0, 4.24
2019/06/15 14:55:00, 24.50, 24.18, 24.00, 42.11, 41.40, 0, 0, 4.24
2019/06/15 14:56:00, 24.50, 24.16, 23.96, 42.07, 41.37, 0, 0, 4.24
2019/06/15 14:57:00, 24.50, 24.16, 24.00, 42.10, 41.43, 0, 0, 4.24
2019/06/15 14:58:00, 24.50, 24.16, 24.01, 42.16, 41.47, 0, 0, 4.24
2019/06/15 14:59:00, 24.50, 24.16, 23.98, 42.14, 41.43, 0, 0, 4.24
2019/06/15 15:00:00, 24.50, 24.15, 24.01, 42.13, 41.48, 0, 0, 4.24
2019/06/15 15:01:00, 24.50, 24.18, 23.98, 42.14, 41.47, 0, 0, 4.24
2019/06/15 15:02:00, 24.50, 24.19, 24.01, 42.17, 41.47, 0, 0, 4.24
2019/06/15 15:03:00, 24.50, 24.19, 24.02, 42.14, 41.47, 0, 0, 4.24
2019/06/15 15:04:00, 24.50, 24.20, 24.01, 42.19, 41.50, 0, 0, 4.24
2019/06/15 15:05:00, 24.50, 24.19, 24.00, 42.07, 41.42, 0, 0, 4.24
2019/06/15 15:06:00, 24.50, 24.19, 24.02, 42.10, 41.44, 0, 0, 4.24
2019/06/15 15:07:00, 24.50, 24.19, 24.00, 42.12, 41.43, 0, 0, 4.24
2019/06/15 15:08:00, 24.50, 24.20, 24.01, 42.14, 41.46, 0, 0, 4.24
2019/06/15 15:09:00, 24.50, 24.19, 24.02, 42.13, 41.43, 0, 0, 4.24
2019/06/15 15:10:00, 24.50, 24.22, 23.98, 42.16, 41.44, 0, 0, 4.24
2019/06/15 15:11:00, 24.50, 24.16, 24.01, 42.14, 41.43, 0, 0, 4.24
2019/06/15 15:12:00, 24.50, 24.20, 24.01, 42.09, 41.46, 0, 0, 4.24
2019/06/15 15:13:00, 24.50, 24.20, 24.04, 42.14, 41.47, 0, 0, 4.24
2019/06/15 15:14:00, 24.50, 24.19, 24.05, 42.15, 41.48, 0, 0, 4.24
2019/06/15 15:15:00, 24.50, 24.23, 24.06, 42.13, 41.45, 0, 0, 4.24
2019/06/15 15:16:00, 24.50, 24.23, 24.05, 42.08, 41.38, 0, 0, 4.24
2019/06/15 15:17:00, 24.50, 24.22, 24.04, 42.02, 41.37, 0, 0, 4.24
2019/06/15 15:18:00, 24.50, 24.22, 24.04, 42.01, 41.36, 0, 0, 4.24
2019/06/15 15:19:00, 24.50, 24.22, 24.04, 42.05, 41.37, 0, 0, 4.24
2019/06/15 15:20:00, 24.50, 24.25, 24.06, 42.05, 41.42, 0, 0, 4.24
2019/06/15 15:21:00, 24.50, 24.23, 24.04, 42.13, 41.43, 0, 0, 4.24
2019/06/15 15:22:00, 24.50, 24.26, 24.06, 42.09, 41.45, 0, 0, 4.24
2019/06/15 15:23:00, 24.50, 24.23, 24.06, 42.06, 41.42, 0, 0, 4.24
2019/06/15 15:24:00, 24.50, 24.23, 24.05, 42.05, 41.38, 0, 0, 4.24
2019/06/15 15:25:00, 24.50, 24.23, 24.05, 42.05, 41.40, 0, 0, 4.24
2019/06/15 15:26:00, 24.50, 24.22, 24.07, 42.09, 41.40, 0, 0, 4.24
2019/06/15 15:27:00, 24.50, 24.25, 24.06, 42.19, 41.47, 0, 0, 4.24
2019/06/15 15:28:00, 24.50, 24.23, 24.07, 42.12, 41.45, 0, 0, 4.24
2019/06/15 15:29:00, 24.50, 24.23, 24.08, 42.12, 41.42, 0, 0, 4.24
2019/06/15 15:30:00, 24.50, 24.26, 24.08, 42.12, 41.41, 0, 0, 4.24
2019/06/15 15:31:00, 24.50, 24.26, 24.06, 42.11, 41.45, 0, 0, 4.24
2019/06/15 15:32:00, 24.50, 24.26, 24.09, 42.16, 41.44, 0, 0, 4.24
2019/06/15 15:33:00, 24.50, 24.27, 24.10, 42.16, 41.49, 0, 0, 4.24
2019/06/15 15:34:00, 24.50, 24.27, 24.06, 42.12, 41.44, 0, 0, 4.24
2019/06/15 15:35:00, 24.50, 24.27, 24.09, 42.04, 41.37, 0, 0, 4.24
2019/06/15 15:36:00, 24.50, 24.25, 24.08, 42.06, 41.37, 0, 0, 4.24
2019/06/15 15:37:00, 24.50, 24.26, 24.08, 42.06, 41.37, 0, 0, 4.24
2019/06/15 15:38:00, 24.50, 24.26, 24.08, 42.07, 41.39, 0, 0, 4.24
2019/06/15 15:39:00, 24.50, 24.27, 24.08, 42.12, 41.40, 0, 0, 4.24
2019/06/15 15:40:00, 24.50, 24.26, 24.10, 42.09, 41.40, 0, 0, 4.24
2019/06/15 15:41:00, 24.50, 24.27, 24.09, 42.11, 41.44, 0, 0, 4.24
2019/06/15 15:42:00, 24.50, 24.27, 24.11, 42.14, 41.45, 0, 0, 4.24
2019/06/15 15:43:00, 24.50, 24.31, 24.10, 41.99, 41.37, 0, 0, 4.24
2019/06/15 15:44:00, 24.50, 24.29, 24.12, 42.05, 41.34, 0, 0, 4.24
2019/06/15 15:45:00, 24.50, 24.29, 24.12, 42.10, 41.39, 0, 0, 4.24
2019/06/15 15:46:00, 24.50, 24.29, 24.11, 42.03, 41.39, 0, 0, 4.24
2019/06/15 15:47:00, 24.50, 24.31, 24.12, 42.11, 41.40, 0, 0, 4.24
2019/06/15 15:48:00, 24.50, 24.31, 24.13, 42.02, 41.36, 0, 0, 4.24
2019/06/15 15:49:00, 24.50, 24.31, 24.13, 42.01, 41.35, 0, 0, 4.24
2019/06/15 15:50:00, 24.50, 24.33, 24.13, 42.09, 41.39, 0, 0, 4.24
2019/06/15 15:51:00, 24.50, 24.32, 24.12, 42.07, 41.40, 0, 0, 4.24
2019/06/15 15:52:00, 24.50, 24.33, 24.16, 41.97, 41.37, 0, 0, 4.24
2019/06/15 15:53:00, 24.50, 24.33, 24.13, 41.97, 41.34, 0, 0, 4.24
2019/06/15 15:54:00, 24.50, 24.33, 24.15, 41.97, 41.33, 0, 0, 4.24
2019/06/15 15:55:00, 24.50, 24.33, 24.16, 41.93, 41.31, 0, 0, 4.24
2019/06/15 15:56:00, 24.50, 24.35, 24.16, 41.98, 41.30, 0, 0, 4.24
2019/06/15 15:57:00, 24.50, 24.35, 24.15, 41.94, 41.30, 0, 0, 4.24
2019/06/15 15:58:00, 24.50, 24.33, 24.13, 41.95, 41.31, 0, 0, 4.24
2019/06/15 15:59:00, 24.50, 24.33, 24.16, 42.04, 41.34, 0, 0, 4.24
2019/06/15 16:00:00, 24.50, 24.35, 24.16, 42.00, 41.34, 0, 0, 4.24
2019/06/15 16:01:00, 24.50, 24.35, 24.16, 41.98, 41.35, 0, 0, 4.24
2019/06/15 16:02:00, 24.50, 24.36, 24.16, 42.00, 41.34, 0, 0, 4.24
2019/06/15 16:03:00, 24.50, 24.36, 24.17, 41.94, 41.35, 0, 0, 4.24
2019/06/15 16:04:00, 24.50, 24.35, 24.16, 41.96, 41.30, 0, 0, 4.24
2019/06/15 16:05:00, 24.50, 24.33, 24.16, 41.93, 41.29, 0, 0, 4.24
2019/06/15 16:06:00, 24.50, 24.35, 24.17, 41.97, 41.34, 0, 0, 4.24
2019/06/15 16:07:00, 24.50, 24.35, 24.16, 41.97, 41.31, 0, 0, 4.24
2019/06/15 16:08:00, 24.50, 24.36, 24.16, 41.98, 41.31, 0, 0, 4.24
2019/06/15 16:09:00, 24.50, 24.33, 24.17, 41.98, 41.36, 0, 0, 4.24
2019/06/15 16:10:00, 24.50, 24.35, 24.16, 41.95, 41.34, 0, 0, 4.24
2019/06/15 16:11:00, 24.50, 24.32, 24.16, 42.01, 41.34, 0, 0, 4.24
2019/06/15 16:12:00, 24.50, 24.33, 24.17, 42.09, 41.39, 0, 0, 4.24
2019/06/15 16:13:00, 24.50, 24.33, 24.16, 42.01, 41.39, 0, 0, 4.24
2019/06/15 16:14:00, 24.50, 24.33, 24.16, 42.04, 41.38, 0, 0, 4.24
2019/06/15 16:15:00, 24.50, 24.33, 24.15, 42.07, 41.40, 0, 0, 4.24
2019/06/15 16:16:00, 24.50, 24.36, 24.15, 42.05, 41.40, 0, 0, 4.24
2019/06/15 16:17:00, 24.50, 24.33, 24.16, 42.04, 41.37, 0, 0, 4.24
2019/06/15 16:18:00, 24.50, 24.35, 24.18, 42.04, 41.41, 0, 0, 4.24
2019/06/15 16:19:00, 24.50, 24.35, 24.16, 42.01, 41.37, 0, 0, 4.24
2019/06/15 16:20:00, 24.50, 24.36, 24.17, 42.07, 41.37, 0, 0, 4.24
2019/06/15 16:21:00, 24.50, 24.35, 24.16, 42.01, 41.35, 0, 0, 4.24
2019/06/15 16:22:00, 24.50, 24.35, 24.17, 42.04, 41.37, 0, 0, 4.24
2019/06/15 16:23:00, 24.50, 24.36, 24.16, 42.04, 41.38, 0, 0, 4.24
2019/06/15 16:24:00, 24.50, 24.36, 24.17, 42.05, 41.39, 0, 0, 4.24
2019/06/15 16:25:00, 24.50, 24.38, 24.17, 42.03, 41.37, 0, 0, 4.24
2019/06/15 16:26:00, 24.50, 24.35, 24.20, 42.09, 41.37, 0, 0, 4.24
2019/06/15 16:27:00, 24.50, 24.35, 24.19, 42.04, 41.38, 0, 0, 4.24
2019/06/15 16:28:00, 24.50, 24.36, 24.19, 42.02, 41.38, 0, 0, 4.24
2019/06/15 16:29:00, 24.50, 24.38, 24.20, 42.06, 41.38, 0, 0, 4.24
2019/06/15 16:30:00, 24.50, 24.39, 24.19, 41.96, 41.36, 0, 0, 4.24
2019/06/15 16:31:00, 24.50, 24.39, 24.19, 42.02, 41.34, 0, 0, 4.24
2019/06/15 16:32:00, 24.50, 24.38, 24.21, 41.98, 41.38, 0, 0, 4.24
2019/06/15 16:33:00, 24.50, 24.38, 24.20, 42.00, 41.36, 0, 0, 4.24
2019/06/15 16:34:00, 24.50, 24.38, 24.21, 42.03, 41.36, 0, 0, 4.24
2019/06/15 16:35:00, 24.50, 24.43, 24.21, 42.08, 41.40, 0, 0, 4.24
2019/06/15 16:36:00, 24.50, 24.36, 24.19, 42.04, 41.37, 0, 0, 4.24
2019/06/15 16:37:00, 24.50, 24.39, 24.21, 42.07, 41.40, 0, 0, 4.24
2019/06/15 16:38:00, 24.50, 24.39, 24.22, 42.07, 41.40, 0, 0, 4.24
2019/06/15 16:39:00, 24.50, 24.42, 24.20, 42.03, 41.38, 0, 0, 4.24
2019/06/15 16:40:00, 24.50, 24.43, 24.22, 42.03, 41.37, 0, 0, 4.24
2019/06/15 16:41:00, 24.50, 24.42, 24.22, 42.03, 41.36, 0, 0, 4.24
2019/06/15 16:42:00, 24.50, 24.42, 24.21, 41.95, 41.32, 0, 0, 4.24
2019/06/15 16:43:00, 24.50, 24.39, 24.22, 41.90, 41.28, 0, 0, 4.24
2019/06/15 16:44:00, 24.50, 24.38, 24.19, 42.00, 41.32, 0, 0, 4.24
2019/06/15 16:45:00, 24.50, 24.39, 24.20, 41.96, 41.34, 0, 0, 4.24
2019/06/15 16:46:00, 24.50, 24.39, 24.19, 42.06, 41.40, 0, 0, 4.24
2019/06/15 16:47:00, 24.50, 24.36, 24.19, 42.11, 41.44, 0, 0, 4.24
2019/06/15 16:48:00, 24.75, 24.38, 24.19, 42.08, 41.40, 0, 0, 4.24
2019/06/15 16:49:00, 24.50, 24.38, 24.20, 42.06, 41.41, 0, 0, 4.24
2019/06/15 16:50:00, 24.50, 24.38, 24.19, 42.03, 41.40, 0, 0, 4.24
2019/06/15 16:51:00, 24.75, 24.40, 24.19, 42.08, 41.42, 0, 0, 4.24
2019/06/15 16:52:00, 24.50, 24.38, 24.17, 42.04, 41.40, 0, 0, 4.24
2019/06/15 16:53:00, 24.50, 24.39, 24.17, 42.03, 41.37, 0, 0, 4.24
2019/06/15 16:54:00, 24.50, 24.36, 24.17, 42.09, 41.40, 0, 0, 4.24
2019/06/15 16:55:00, 24.50, 24.36, 24.17, 42.14, 41.42, 0, 0, 4.24
2019/06/15 16:56:00, 24.75, 24.35, 24.19, 42.20, 41.47, 0, 0, 4.24
2019/06/15 16:57:00, 24.75, 24.36, 24.16, 42.13, 41.47, 0, 0, 4.24
2019/06/15 16:58:00, 24.75, 24.33, 24.17, 42.13, 41.47, 0, 0, 4.24
2019/06/15 16:59:00, 24.50, 24.32, 24.15, 42.22, 41.53, 0, 0, 4.24
2019/06/15 17:00:00, 24.50, 24.32, 24.12, 42.29, 41.56, 0, 0, 4.24
2019/06/15 17:01:00, 24.50, 24.32, 24.13, 42.26, 41.58, 0, 0, 4.24
2019/06/15 17:02:00, 24.50, 24.32, 24.13, 42.21, 41.55, 0, 0, 4.24
2019/06/15 17:03:00, 24.50, 24.31, 24.13, 42.25, 41.55, 0, 0, 4.24
2019/06/15 17:04:00, 24.50, 24.32, 24.13, 42.29, 41.59, 0, 0, 4.24
2019/06/15 17:05:00, 24.50, 24.33, 24.15, 42.25, 41.55, 0, 0, 4.24
2019/06/15 17:06:00, 24.50, 24.33, 24.13, 42.18, 41.52, 0, 0, 4.24
2019/06/15 17:07:00, 24.50, 24.33, 24.13, 42.24, 41.56, 0, 0, 4.24
2019/06/15 17:08:00, 24.50, 24.33, 24.15, 42.28, 41.55, 0, 0, 4.24
2019/06/15 17:09:00, 24.50, 24.35, 24.16, 42.21, 41.53, 0, 0, 4.24
2019/06/15 17:10:00, 24.50, 24.33, 24.15, 42.16, 41.53, 0, 0, 4.24
2019/06/15 17:11:00, 24.50, 24.35, 24.15, 42.21, 41.53, 0, 0, 4.24
2019/06/15 17:12:00, 24.75, 24.33, 24.16, 42.20, 41.53, 0, 0, 4.24
2019/06/15 17:13:00, 24.75, 24.36, 24.18, 42.15, 41.49, 0, 0, 4.24
2019/06/15 17:14:00, 24.50, 24.36, 24.16, 42.18, 41.53, 0, 0, 4.24
2019/06/15 17:15:00, 24.50, 24.35, 24.17, 42.13, 41.50, 0, 0, 4.24
2019/06/15 17:16:00, 24.50, 24.36, 24.16, 42.18, 41.50, 0, 0, 4.24
2019/06/15 17:17:00, 24.50, 24.35, 24.17, 42.18, 41.50, 0, 0, 4.24
2019/06/15 17:18:00, 24.50, 24.32, 24.16, 42.22, 41.51, 0, 0, 4.24
2019/06/15 17:19:00, 24.50, 24.35, 24.17, 42.20, 41.51, 0, 0, 4.24
2019/06/15 17:20:00, 24.50, 24.35, 24.15, 42.20, 41.50, 0, 0, 4.24
2019/06/15 17:21:00, 24.50, 24.35, 24.17, 42.23, 41.53, 0, 0, 4.24
2019/06/15 17:22:00, 24.75, 24.35, 24.17, 42.23, 41.56, 0, 0, 4.24
2019/06/15 17:23:00, 24.50, 24.36, 24.16, 42.20, 41.57, 0, 0, 4.24
2019/06/15 17:24:00, 24.75, 24.33, 24.17, 42.21, 41.54, 0, 0, 4.24
2019/06/15 17:25:00, 24.50, 24.33, 24.19, 42.21, 41.53, 0, 0, 4.24
2019/06/15 17:26:00, 24.75, 24.36, 24.18, 42.20, 41.51, 0, 0, 4.24
2019/06/15 17:27:00, 24.50, 24.36, 24.18, 42.18, 41.54, 0, 0, 4.24
2019/06/15 17:28:00, 24.50, 24.38, 24.15, 42.18, 41.51, 0, 0, 4.24
2019/06/15 17:29:00, 24.50, 24.36, 24.17, 42.23, 41.55, 0, 0, 4.24
2019/06/15 17:30:00, 24.75, 24.36, 24.16, 42.25, 41.57, 0, 0, 4.24
2019/06/15 17:31:00, 24.75, 24.36, 24.16, 42.21, 41.53, 0, 0, 4.24
2019/06/15 17:32:00, 24.75, 24.36, 24.17, 42.23, 41.54, 0, 0, 4.24
2019/06/15 17:33:00, 24.75, 24.36, 24.15, 42.18, 41.53, 0, 0, 4.24
2019/06/15 17:34:00, 24.75, 24.36, 24.16, 42.17, 41.53, 0, 0, 4.24
2019/06/15 17:35:00, 24.50, 24.35, 24.18, 42.27, 41.54, 0, 0, 4.24
2019/06/15 17:36:00, 24.50, 24.38, 24.17, 42.23, 41.56, 0, 0, 4.24
2019/06/15 17:37:00, 24.50, 24.36, 24.16, 42.25, 41.59, 0, 0, 4.24
2019/06/15 17:38:00, 24.75, 24.36, 24.17, 42.27, 41.60, 0, 0, 4.24
2019/06/15 17:39:00, 24.75, 24.35, 24.17, 42.27, 41.60, 0, 0, 4.24
2019/06/15 17:40:00, 24.75, 24.38, 24.16, 42.31, 41.61, 0, 0, 4.24
2019/06/15 17:41:00, 24.75, 24.35, 24.17, 42.27, 41.59, 0, 0, 4.24
2019/06/15 17:42:00, 24.75, 24.36, 24.18, 42.27, 41.59, 0, 0, 4.24
2019/06/15 17:43:00, 24.75, 24.35, 24.19, 42.28, 41.57, 0, 0, 4.24
2019/06/15 17:44:00, 24.50, 24.38, 24.20, 42.21, 41.56, 0, 0, 4.24
2019/06/15 17:45:00, 24.50, 24.39, 24.18, 42.24, 41.56, 0, 0, 4.24
2019/06/15 17:46:00, 24.75, 24.35, 24.19, 42.18, 41.52, 0, 0, 4.24
2019/06/15 17:47:00, 24.75, 24.38, 24.19, 42.20, 41.53, 0, 0, 4.24
2019/06/15 17:48:00, 24.75, 24.36, 24.19, 42.28, 41.58, 0, 0, 4.24
2019/06/15 17:49:00, 24.75, 24.38, 24.18, 42.22, 41.53, 0, 0, 4.24
2019/06/15 17:50:00, 24.75, 24.35, 24.17, 42.23, 41.53, 0, 0, 4.24
2019/06/15 17:51:00, 24.75, 24.35, 24.18, 42.29, 41.59, 0, 0, 4.24
2019/06/15 17:52:00, 24.75, 24.35, 24.19, 42.27, 41.59, 0, 0, 4.24
2019/06/15 17:53:00, 24.75, 24.35, 24.18, 42.23, 41.56, 0, 0, 4.24
2019/06/15 17:54:00, 24.50, 24.36, 24.13, 42.24, 41.56, 0, 0, 4.24
2019/06/15 17:55:00, 24.75, 24.33, 24.16, 42.36, 41.65, 0, 0, 4.24
2019/06/15 17:56:00, 24.75, 24.31, 24.13, 42.41, 41.72, 0, 0, 4.24
2019/06/15 17:57:00, 24.50, 24.32, 24.12, 42.39, 41.70, 0, 0, 4.24
2019/06/15 17:58:00, 24.75, 24.32, 24.15, 42.37, 41.68, 0, 0, 4.24
2019/06/15 17:59:00, 24.75, 24.33, 24.12, 42.42, 41.71, 0, 0, 4.24
2019/06/15 18:00:00, 24.50, 24.29, 24.11, 42.43, 41.74, 0, 0, 4.24
2019/06/15 18:01:00, 24.50, 24.29, 24.11, 42.52, 41.78, 0, 0, 4.24
2019/06/15 18:02:00, 24.75, 24.29, 24.13, 42.49, 41.80, 0, 0, 4.24
2019/06/15 18:03:00, 24.50, 24.31, 24.12, 42.51, 41.78, 0, 0, 4.24
2019/06/15 18:04:00, 24.50, 24.31, 24.11, 42.50, 41.76, 0, 0, 4.24
2019/06/15 18:05:00, 24.75, 24.27, 24.10, 42.52, 41.79, 0, 0, 4.24
2019/06/15 18:06:00, 24.50, 24.27, 24.09, 42.54, 41.82, 0, 0, 4.24
2019/06/15 18:07:00, 24.75, 24.29, 24.10, 42.55, 41.85, 0, 0, 4.24
2019/06/15 18:08:00, 24.75, 24.27, 24.09, 42.55, 41.83, 0, 0, 4.24
2019/06/15 18:09:00, 24.50, 24.27, 24.07, 42.63, 41.88, 0, 0, 4.24
2019/06/15 18:10:00, 24.50, 24.25, 24.08, 42.58, 41.88, 0, 0, 4.24
2019/06/15 18:11:00, 24.50, 24.23, 24.06, 42.58, 41.85, 0, 0, 4.24
2019/06/15 18:12:00, 24.50, 24.25, 24.07, 42.58, 41.88, 0, 0, 4.24
2019/06/15 18:13:00, 24.50, 24.23, 24.06, 42.65, 41.91, 0, 0, 4.24
2019/06/15 18:14:00, 24.50, 24.25, 24.06, 42.64, 41.95, 0, 0, 4.24
2019/06/15 18:15:00, 24.50, 24.25, 24.07, 42.63, 41.93, 0, 0, 4.24
2019/06/15 18:16:00, 24.50, 24.26, 24.05, 42.60, 41.89, 0, 0, 4.24
2019/06/15 18:17:00, 24.50, 24.25, 24.05, 42.62, 41.89, 0, 0, 4.24
2019/06/15 18:18:00, 24.50, 24.26, 24.05, 42.61, 41.91, 0, 0, 4.24
2019/06/15 18:19:00, 24.50, 24.23, 24.06, 42.68, 41.95, 0, 0, 4.24
2019/06/15 18:20:00, 24.50, 24.25, 24.04, 42.69, 41.95, 0, 0, 4.24
2019/06/15 18:21:00, 24.50, 24.19, 24.04, 42.63, 41.94, 0, 0, 4.24
2019/06/15 18:22:00, 24.50, 24.19, 24.04, 42.70, 41.98, 0, 0, 4.24
2019/06/15 18:23:00, 24.50, 24.22, 24.03, 42.70, 41.99, 0, 0, 4.24
2019/06/15 18:24:00, 24.50, 24.19, 24.03, 42.78, 42.01, 0, 0, 4.24
2019/06/15 18:25:00, 24.50, 24.23, 24.02, 42.69, 42.00, 0, 0, 4.24
2019/06/15 18:26:00, 24.50, 24.23, 24.04, 42.65, 41.94, 0, 0, 4.24
2019/06/15 18:27:00, 24.50, 24.23, 24.06, 42.54, 41.88, 0, 0, 4.24
2019/06/15 18:28:00, 24.50, 24.23, 24.04, 42.60, 41.88, 0, 0, 4.24
2019/06/15 18:29:00, 24.50, 24.23, 24.02, 42.63, 41.90, 0, 0, 4.24
2019/06/15 18:30:00, 24.50, 24.22, 24.04, 42.65, 41.92, 0, 0, 4.24
2019/06/15 18:31:00, 24.50, 24.22, 24.05, 42.65, 41.94, 0, 0, 4.24
2019/06/15 18:32:00, 24.50, 24.23, 24.04, 42.56, 41.89, 0, 0, 4.24
2019/06/15 18:33:00, 24.50, 24.20, 24.03, 42.61, 41.90, 0, 0, 4.24
2019/06/15 18:34:00, 24.50, 24.23, 24.03, 42.61, 41.91, 0, 0, 4.24
2019/06/15 18:35:00, 24.50, 24.22, 24.03, 42.51, 41.87, 0, 0, 4.24
2019/06/15 18:36:00, 24.50, 24.20, 24.01, 42.54, 41.87, 0, 0, 4.24
2019/06/15 18:37:00, 24.50, 24.19, 24.01, 42.63, 41.92, 0, 0, 4.24
2019/06/15 18:38:00, 24.50, 24.18, 24.02, 42.67, 41.95, 0, 0, 4.24
2019/06/15 18:39:00, 24.50, 24.18, 24.01, 42.71, 41.97, 0, 0, 4.24
2019/06/15 18:40:00, 24.50, 24.16, 23.97, 42.70, 41.98, 0, 0, 4.24
2019/06/15 18:41:00, 24.50, 24.18, 23.97, 42.72, 41.98, 0, 0, 4.24
2019/06/15 18:42:00, 24.50, 24.15, 23.98, 42.69, 42.00, 0, 0, 4.24
2019/06/15 18:43:00, 24.50, 24.16, 23.97, 42.68, 41.98, 0, 0, 4.24
2019/06/15 18:44:00, 24.50, 24.14, 23.97, 42.72, 41.99, 0, 0, 4.24
2019/06/15 18:45:00, 24.50, 24.16, 23.97, 42.78, 42.01, 0, 0, 4.24
2019/06/15 18:46:00, 24.50, 24.15, 23.96, 42.69, 41.99, 0, 0, 4.24
2019/06/15 18:47:00, 24.50, 24.15, 23.97, 42.72, 42.01, 0, 0, 4.24
2019/06/15 18:48:00, 24.50, 24.16, 23.96, 42.74, 41.99, 0, 0, 4.24
2019/06/15 18:49:00, 24.50, 24.16, 23.98, 42.71, 42.00, 0, 0, 4.24
2019/06/15 18:50:00, 24.50, 24.15, 23.97, 42.81, 42.04, 0, 0, 4.24
2019/06/15 18:51:00, 24.50, 24.16, 23.95, 42.73, 42.05, 0, 0, 4.24
2019/06/15 18:52:00, 24.50, 24.14, 23.95, 42.81, 42.07, 0, 0, 4.24
2019/06/15 18:53:00, 24.50, 24.16, 23.95, 42.80, 42.07, 0, 0, 4.24
2019/06/15 18:54:00, 24.50, 24.15, 23.95, 42.79, 42.08, 0, 0, 4.24
2019/06/15 18:55:00, 24.50, 24.14, 23.94, 42.80, 42.07, 0, 0, 4.24
2019/06/15 18:56:00, 24.50, 24.14, 23.96, 42.83, 42.08, 0, 0, 4.24
2019/06/15 18:57:00, 24.50, 24.15, 23.95, 42.82, 42.05, 0, 0, 4.24
2019/06/15 18:58:00, 24.50, 24.14, 23.94, 42.83, 42.09, 0, 0, 4.24
2019/06/15 18:59:00, 24.50, 24.15, 23.95, 42.87, 42.10, 0, 0, 4.24
2019/06/15 19:00:00, 24.50, 24.16, 23.96, 42.79, 42.10, 0, 0, 4.24
2019/06/15 19:01:00, 24.50, 24.20, 23.98, 42.81, 42.09, 0, 0, 4.24
2019/06/15 19:02:00, 24.50, 24.19, 24.00, 42.75, 42.03, 0, 0, 4.24
2019/06/15 19:03:00, 24.50, 24.22, 24.01, 42.56, 41.95, 0, 0, 4.24
2019/06/15 19:04:00, 24.50, 24.22, 24.02, 42.54, 41.88, 0, 0, 4.24
2019/06/15 19:05:00, 24.50, 24.22, 24.04, 42.49, 41.85, 0, 0, 4.24
2019/06/15 19:06:00, 24.50, 24.23, 24.04, 42.49, 41.85, 0, 0, 4.24
2019/06/15 19:07:00, 24.50, 24.23, 24.06, 42.41, 41.79, 0, 0, 4.24
2019/06/15 19:08:00, 24.50, 24.23, 24.08, 42.43, 41.77, 0, 0, 4.24
2019/06/15 19:09:00, 24.50, 24.26, 24.06, 42.48, 41.78, 0, 0, 4.24
2019/06/15 19:10:00, 24.50, 24.25, 24.08, 42.40, 41.72, 0, 0, 4.24
2019/06/15 19:11:00, 24.50, 24.27, 24.09, 42.40, 41.72, 0, 0, 4.24
2019/06/15 19:12:00, 24.50, 24.27, 24.06, 42.45, 41.71, 0, 0, 4.24
2019/06/15 19:13:00, 24.50, 24.25, 24.07, 42.41, 41.76, 0, 0, 4.24
2019/06/15 19:14:00, 24.50, 24.26, 24.06, 42.45, 41.76, 0, 0, 4.24
2019/06/15 19:15:00, 24.50, 24.25, 24.05, 42.45, 41.78, 0, 0, 4.24
2019/06/15 19:16:00, 24.50, 24.23, 24.03, 42.47, 41.79, 0, 0, 4.24
2019/06/15 19:17:00, 24.50, 24.20, 24.02, 42.45, 41.81, 0, 0, 4.24
2019/06/15 19:18:00, 24.50, 24.19, 23.98, 42.50, 41.82, 0, 0, 4.24
2019/06/15 19:19:00, 24.50, 24.18, 24.00, 42.55, 41.84, 0, 0, 4.24
2019/06/15 19:20:00, 24.50, 24.16, 23.96, 42.58, 41.86, 0, 0, 4.24
2019/06/15 19:21:00, 24.50, 24.16, 23.96, 42.63, 41.92, 0, 0, 4.24
2019/06/15 19:22:00, 24.50, 24.15, 23.95, 42.63, 41.93, 0, 0, 4.24
2019/06/15 19:23:00, 24.50, 24.15, 23.94, 42.60, 41.90, 0, 0, 4.24
2019/06/15 19:24:00, 24.50, 24.14, 23.93, 42.62, 41.93, 0, 0, 4.24
2019/06/15 19:25:00, 24.50, 24.12, 23.93, 42.64, 41.98, 0, 0, 4.24
2019/06/15 19:26:00, 24.50, 24.11, 23.92, 42.72, 41.99, 0, 0, 4.24
2019/06/15 19:27:00, 24.50, 24.09, 23.90, 42.72, 42.01, 0, 0, 4.24
2019/06/15 19:28:00, 24.50, 24.08, 23.88, 42.77, 42.06, 0, 0, 4.24
2019/06/15 19:29:00, 24.50, 24.07, 23.88, 42.77, 42.05, 0, 0, 4.24
2019/06/15 19:30:00, 24.50, 24.08, 23.88, 42.77, 42.06, 0, 0, 4.24
2019/06/15 19:31:00, 24.50, 24.07, 23.87, 42.78, 42.07, 0, 0, 4.24
2019/06/15 19:32:00, 24.50, 24.04, 23.86, 42.82, 42.08, 0, 0, 4.24
2019/06/15 19:33:00, 24.50, 24.05, 23.86, 42.86, 42.13, 0, 0, 4.24
2019/06/15 19:34:00, 24.50, 24.05, 23.82, 42.87, 42.14, 0, 0, 4.24
2019/06/15 19:35:00, 24.50, 24.04, 23.83, 42.89, 42.16, 0, 0, 4.24
2019/06/15 19:36:00, 24.50, 24.01, 23.83, 42.89, 42.15, 0, 0, 4.24
2019/06/15 19:37:00, 24.50, 24.01, 23.84, 42.88, 42.19, 0, 0, 4.24
2019/06/15 19:38:00, 24.50, 24.01, 23.79, 42.89, 42.17, 0, 0, 4.24
2019/06/15 19:39:00, 24.50, 24.01, 23.80, 42.92, 42.21, 0, 0, 4.24
2019/06/15 19:40:00, 24.50, 23.98, 23.78, 42.97, 42.25, 0, 0, 4.24
2019/06/15 19:41:00, 24.50, 23.98, 23.78, 42.97, 42.24, 0, 0, 4.24
2019/06/15 19:42:00, 24.50, 23.99, 23.79, 42.96, 42.27, 0, 0, 4.24
2019/06/15 19:43:00, 24.50, 23.99, 23.78, 42.98, 42.27, 0, 0, 4.24
2019/06/15 19:44:00, 24.50, 23.97, 23.77, 42.98, 42.27, 0, 0, 4.24
2019/06/15 19:45:00, 24.50, 23.97, 23.77, 43.01, 42.30, 0, 0, 4.24
2019/06/15 19:46:00, 24.50, 23.98, 23.78, 43.01, 42.29, 0, 0, 4.24
2019/06/15 19:47:00, 24.50, 23.98, 23.76, 43.00, 42.31, 0, 0, 4.24
2019/06/15 19:48:00, 24.50, 23.98, 23.77, 43.02, 42.30, 0, 0, 4.24
2019/06/15 19:49:00, 24.50, 23.95, 23.76, 43.02, 42.30, 0, 0, 4.24
2019/06/15 19:50:00, 24.50, 23.92, 23.76, 43.00, 42.31, 0, 0, 4.24
2019/06/15 19:51:00, 24.50, 23.97, 23.75, 43.01, 42.31, 0, 0, 4.24
2019/06/15 19:52:00, 24.50, 23.94, 23.74, 43.06, 42.31, 0, 0, 4.24
2019/06/15 19:53:00, 24.50, 23.92, 23.75, 43.05, 42.31, 0, 0, 4.24
2019/06/15 19:54:00, 24.50, 23.94, 23.74, 43.03, 42.32, 0, 0, 4.24
2019/06/15 19:55:00, 24.50, 23.92, 23.72, 43.02, 42.32, 0, 0, 4.24
2019/06/15 19:56:00, 24.50, 23.92, 23.76, 43.05, 42.34, 0, 0, 4.24
2019/06/15 19:57:00, 24.50, 23.92, 23.73, 43.07, 42.34, 0, 0, 4.24
2019/06/15 19:58:00, 24.50, 23.92, 23.73, 43.10, 42.36, 0, 0, 4.24
2019/06/15 19:59:00, 24.50, 23.91, 23.71, 43.08, 42.36, 0, 0, 4.24
2019/06/15 20:00:00, 24.50, 23.90, 23.71, 43.12, 42.37, 0, 0, 4.24
2019/06/15 20:01:00, 24.25, 23.92, 23.69, 43.11, 42.38, 0, 0, 4.24
2019/06/15 20:02:00, 24.25, 23.88, 23.72, 43.14, 42.39, 0, 0, 4.24
2019/06/15 20:03:00, 24.25, 23.91, 23.72, 43.12, 42.41, 0, 0, 4.24
2019/06/15 20:04:00, 24.25, 23.90, 23.69, 43.14, 42.40, 0, 0, 4.24
2019/06/15 20:05:00, 24.25, 23.90, 23.69, 43.15, 42.42, 0, 0, 4.24
2019/06/15 20:06:00, 24.25, 23.90, 23.69, 43.14, 42.43, 0, 0, 4.24
2019/06/15 20:07:00, 24.25, 23.88, 23.68, 43.12, 42.41, 0, 0, 4.24
2019/06/15 20:08:00, 24.25, 23.88, 23.67, 43.13, 42.42, 0, 0, 4.24
2019/06/15 20:09:00, 24.25, 23.90, 23.69, 43.16, 42.44, 0, 0, 4.24
2019/06/15 20:10:00, 24.25, 23.88, 23.68, 43.13, 42.45, 0, 0, 4.24
2019/06/15 20:11:00, 24.25, 23.90, 23.69, 43.19, 42.44, 0, 0, 4.24
2019/06/15 20:12:00, 24.25, 23.88, 23.68, 43.20, 42.47, 0, 0, 4.24
2019/06/15 20:13:00, 24.25, 23.88, 23.66, 43.23, 42.45, 0, 0, 4.24
2019/06/15 20:14:00, 24.25, 23.87, 23.66, 43.21, 42.45, 0, 0, 4.24
2019/06/15 20:15:00, 24.25, 23.87, 23.66, 43.18, 42.46, 0, 0, 4.24
2019/06/15 20:16:00, 24.25, 23.87, 23.67, 43.21, 42.46, 0, 0, 4.24
2019/06/15 20:17:00, 24.25, 23.88, 23.65, 43.18, 42.48, 0, 0, 4.24
2019/06/15 20:18:00, 24.25, 23.87, 23.65, 43.21, 42.50, 0, 0, 4.24
2019/06/15 20:19:00, 24.25, 23.85, 23.64, 43.22, 42.50, 0, 0, 4.24
2019/06/15 20:20:00, 24.25, 23.87, 23.66, 43.28, 42.52, 0, 0, 4.24
2019/06/15 20:21:00, 24.25, 23.84, 23.65, 43.26, 42.52, 0, 0, 4.24
2019/06/15 20:22:00, 24.25, 23.85, 23.66, 43.26, 42.53, 0, 0, 4.24
2019/06/15 20:23:00, 24.25, 23.84, 23.65, 43.22, 42.51, 0, 0, 4.24
2019/06/15 20:24:00, 24.25, 23.83, 23.63, 43.27, 42.54, 0, 0, 4.24
2019/06/15 20:25:00, 24.25, 23.83, 23.63, 43.27, 42.56, 0, 0, 4.24
2019/06/15 20:26:00, 24.25, 23.84, 23.63, 43.27, 42.56, 0, 0, 4.24
2019/06/15 20:27:00, 24.25, 23.83, 23.63, 43.34, 42.58, 0, 0, 4.24
2019/06/15 20:28:00, 24.25, 23.84, 23.61, 43.32, 42.58, 0, 0, 4.24
2019/06/15 20:29:00, 24.25, 23.81, 23.63, 43.32, 42.59, 0, 0, 4.24
2019/06/15 20:30:00, 24.25, 23.83, 23.62, 43.32, 42.60, 0, 0, 4.24
2019/06/15 20:31:00, 24.25, 23.81, 23.60, 43.37, 42.61, 0, 0, 4.24
2019/06/15 20:32:00, 24.25, 23.80, 23.62, 43.38, 42.61, 0, 0, 4.24
2019/06/15 20:33:00, 24.25, 23.83, 23.59, 43.42, 42.66, 0, 0, 4.24
2019/06/15 20:34:00, 24.25, 23.80, 23.60, 43.37, 42.65, 0, 0, 4.24
2019/06/15 20:35:00, 24.25, 23.80, 23.60, 43.37, 42.67, 0, 0, 4.24
2019/06/15 20:36:00, 24.25, 23.77, 23.60, 43.41, 42.67, 0, 0, 4.24
2019/06/15 20:37:00, 24.25, 23.80, 23.59, 43.41, 42.68, 0, 0, 4.24
2019/06/15 20:38:00, 24.25, 23.79, 23.57, 43.41, 42.69, 0, 0, 4.24
2019/06/15 20:39:00, 24.25, 23.80, 23.57, 43.43, 42.68, 0, 0, 4.24
2019/06/15 20:40:00, 24.25, 23.79, 23.58, 43.45, 42.71, 0, 0, 4.24
2019/06/15 20:41:00, 24.25, 23.80, 23.59, 43.43, 42.71, 0, 0, 4.24
2019/06/15 20:42:00, 24.25, 23.79, 23.58, 43.45, 42.70, 0, 0, 4.24
2019/06/15 20:43:00, 24.25, 23.76, 23.57, 43.44, 42.70, 0, 0, 4.24
2019/06/15 20:44:00, 24.25, 23.74, 23.59, 43.47, 42.73, 0, 0, 4.24
2019/06/15 20:45:00, 24.25, 23.74, 23.57, 43.46, 42.72, 0, 0, 4.24
2019/06/15 20:46:00, 24.25, 23.76, 23.57, 43.47, 42.72, 0, 0, 4.24
2019/06/15 20:47:00, 24.25, 23.79, 23.57, 43.47, 42.74, 0, 0, 4.24
2019/06/15 20:48:00, 24.25, 23.76, 23.56, 43.46, 42.73, 0, 0, 4.24
2019/06/15 20:49:00, 24.25, 23.76, 23.54, 43.47, 42.74, 0, 0, 4.24
2019/06/15 20:50:00, 24.25, 23.73, 23.54, 43.49, 42.74, 0, 0, 4.24
2019/06/15 20:51:00, 24.25, 23.76, 23.54, 43.52, 42.76, 0, 0, 4.24
2019/06/15 20:52:00, 24.25, 23.74, 23.54, 43.48, 42.75, 0, 0, 4.24
2019/06/15 20:53:00, 24.25, 23.74, 23.53, 43.50, 42.76, 0, 0, 4.24
2019/06/15 20:54:00, 24.25, 23.74, 23.53, 43.48, 42.75, 0, 0, 4.24
2019/06/15 20:55:00, 24.25, 23.71, 23.52, 43.50, 42.78, 0, 0, 4.24
2019/06/15 20:56:00, 24.25, 23.74, 23.53, 43.51, 42.78, 0, 0, 4.24
2019/06/15 20:57:00, 24.25, 23.71, 23.52, 43.48, 42.78, 0, 0, 4.24
2019/06/15 20:58:00, 24.25, 23.70, 23.53, 43.53, 42.78, 0, 0, 4.24
2019/06/15 20:59:00, 24.25, 23.73, 23.53, 43.52, 42.78, 0, 0, 4.24
2019/06/15 21:00:00, 24.25, 23.71, 23.51, 43.50, 42.78, 0, 0, 4.24
2019/06/15 21:01:00, 24.25, 23.70, 23.51, 43.56, 42.79, 0, 0, 4.24
2019/06/15 21:02:00, 24.25, 23.73, 23.50, 43.56, 42.78, 0, 0, 4.24
2019/06/15 21:03:00, 24.25, 23.71, 23.49, 43.53, 42.78, 0, 0, 4.24
2019/06/15 21:04:00, 24.25, 23.68, 23.49, 43.54, 42.80, 0, 0, 4.24
2019/06/15 21:05:00, 24.25, 23.70, 23.50, 43.57, 42.82, 0, 0, 4.24
2019/06/15 21:06:00, 24.25, 23.70, 23.49, 43.55, 42.82, 0, 0, 4.24
2019/06/15 21:07:00, 24.25, 23.68, 23.47, 43.59, 42.83, 0, 0, 4.24
2019/06/15 21:08:00, 24.25, 23.70, 23.48, 43.59, 42.85, 0, 0, 4.24
2019/06/15 21:09:00, 24.25, 23.68, 23.48, 43.57, 42.85, 0, 0, 4.24
2019/06/15 21:10:00, 24.00, 23.68, 23.47, 43.55, 42.85, 0, 0, 4.24
2019/06/15 21:11:00, 24.00, 23.67, 23.46, 43.56, 42.86, 0, 0, 4.24
2019/06/15 21:12:00, 24.25, 23.65, 23.47, 43.57, 42.84, 0, 0, 4.24
2019/06/15 21:13:00, 24.25, 23.68, 23.47, 43.63, 42.88, 0, 0, 4.24
2019/06/15 21:14:00, 24.00, 23.64, 23.45, 43.66, 42.88, 0, 0, 4.24
2019/06/15 21:15:00, 24.00, 23.67, 23.44, 43.59, 42.88, 0, 0, 4.24
2019/06/15 21:16:00, 24.00, 23.63, 23.47, 43.63, 42.88, 0, 0, 4.24
2019/06/15 21:17:00, 24.00, 23.64, 23.44, 43.61, 42.89, 0, 0, 4.24
2019/06/15 21:18:00, 24.00, 23.64, 23.45, 43.66, 42.91, 0, 0, 4.24
2019/06/15 21:19:00, 24.00, 23.64, 23.45, 43.67, 42.92, 0, 0, 4.24
2019/06/15 21:20:00, 24.00, 23.64, 23.45, 43.65, 42.91, 0, 0, 4.24
2019/06/15 21:21:00, 24.00, 23.65, 23.45, 43.66, 42.91, 0, 0, 4.24
2019/06/15 21:22:00, 24.00, 23.63, 23.45, 43.66, 42.91, 0, 0, 4.24
2019/06/15 21:23:00, 24.00, 23.63, 23.44, 43.64, 42.92, 0, 0, 4.24
2019/06/15 21:24:00, 24.00, 23.63, 23.45, 43.67, 42.94, 0, 0, 4.24
2019/06/15 21:25:00, 24.00, 23.64, 23.41, 43.61, 42.94, 0, 0, 4.24
2019/06/15 21:26:00, 24.00, 23.61, 23.43, 43.65, 42.95, 0, 0, 4.24
2019/06/15 21:27:00, 24.00, 23.65, 23.43, 43.67, 42.93, 0, 0, 4.24
2019/06/15 21:28:00, 24.00, 23.61, 23.39, 43.67, 42.91, 0, 0, 4.24
2019/06/15 21:29:00, 24.00, 23.61, 23.41, 43.70, 42.96, 0, 0, 4.24
2019/06/15 21:30:00, 24.00, 23.61, 23.41, 43.71, 42.95, 0, 0, 4.24
2019/06/15 21:31:00, 24.00, 23.60, 23.41, 43.69, 42.97, 0, 0, 4.24
2019/06/15 21:32:00, 24.00, 23.61, 23.38, 43.66, 42.95, 0, 0, 4.24
2019/06/15 21:33:00, 24.00, 23.59, 23.43, 43.71, 42.98, 0, 0, 4.24
2019/06/15 21:34:00, 24.00, 23.60, 23.38, 43.67, 42.96, 0, 0, 4.24
2019/06/15 21:35:00, 24.00, 23.61, 23.42, 43.70, 42.98, 0, 0, 4.24
2019/06/15 21:36:00, 24.00, 23.60, 23.37, 43.72, 43.01, 0, 0, 4.24
2019/06/15 21:37:00, 24.00, 23.59, 23.38, 43.75, 43.02, 0, 0, 4.24
2019/06/15 21:38:00, 24.00, 23.61, 23.38, 43.75, 43.01, 0, 0, 4.24
2019/06/15 21:39:00, 24.00, 23.61, 23.41, 43.73, 43.00, 0, 0, 4.24
2019/06/15 21:40:00, 24.00, 23.59, 23.38, 43.74, 43.00, 0, 0, 4.24
2019/06/15 21:41:00, 24.00, 23.57, 23.39, 43.78, 43.02, 0, 0, 4.24
2019/06/15 21:42:00, 24.00, 23.59, 23.41, 43.72, 43.00, 0, 0, 4.24
2019/06/15 21:43:00, 24.00, 23.61, 23.38, 43.77, 43.00, 0, 0, 4.24
2019/06/15 21:44:00, 24.00, 23.59, 23.37, 43.79, 43.03, 0, 0, 4.24
2019/06/15 21:45:00, 24.00, 23.59, 23.38, 43.75, 43.02, 0, 0, 4.24
2019/06/15 21:46:00, 24.00, 23.57, 23.36, 43.75, 43.02, 0, 0, 4.24
2019/06/15 21:47:00, 24.00, 23.54, 23.36, 43.75, 43.04, 0, 0, 4.24
2019/06/15 21:48:00, 24.00, 23.57, 23.37, 43.74, 43.04, 0, 0, 4.24
2019/06/15 21:49:00, 24.00, 23.59, 23.36, 43.75, 43.01, 0, 0, 4.24
2019/06/15 21:50:00, 24.00, 23.54, 23.37, 43.76, 43.04, 0, 0, 4.24
2019/06/15 21:51:00, 24.00, 23.57, 23.36, 43.80, 43.06, 0, 0, 4.24
2019/06/15 21:52:00, 24.00, 23.56, 23.35, 43.79, 43.07, 0, 0, 4.24
2019/06/15 21:53:00, 24.00, 23.54, 23.35, 43.75, 43.07, 0, 0, 4.24
2019/06/15 21:54:00, 24.00, 23.57, 23.34, 43.82, 43.08, 0, 0, 4.24
2019/06/15 21:55:00, 24.00, 23.56, 23.35, 43.80, 43.08, 0, 0, 4.24
2019/06/15 21:56:00, 24.00, 23.54, 23.35, 43.82, 43.09, 0, 0, 4.24
2019/06/15 21:57:00, 24.00, 23.57, 23.34, 43.80, 43.10, 0, 0, 4.24
2019/06/15 21:58:00, 24.00, 23.57, 23.37, 43.79, 43.07, 0, 0, 4.24
2019/06/15 21:59:00, 24.00, 23.56, 23.33, 43.79, 43.07, 0, 0, 4.24
2019/06/15 22:00:00, 24.00, 23.54, 23.33, 43.83, 43.08, 0, 0, 4.24
2019/06/15 22:01:00, 24.00, 23.54, 23.35, 43.82, 43.09, 0, 0, 4.24
2019/06/15 22:02:00, 24.00, 23.54, 23.33, 43.83, 43.10, 0, 0, 4.24
2019/06/15 22:03:00, 24.00, 23.54, 23.32, 43.83, 43.11, 0, 0, 4.24
2019/06/15 22:04:00, 24.00, 23.53, 23.34, 43.84, 43.10, 0, 0, 4.24
2019/06/15 22:05:00, 24.00, 23.54, 23.35, 43.81, 43.09, 0, 0, 4.24
2019/06/15 22:06:00, 24.00, 23.53, 23.32, 43.82, 43.09, 0, 0, 4.24
2019/06/15 22:07:00, 24.00, 23.54, 23.34, 43.83, 43.10, 0, 0, 4.24
2019/06/15 22:08:00, 24.00, 23.52, 23.31, 43.83, 43.10, 0, 0, 4.24
2019/06/15 22:09:00, 24.00, 23.50, 23.31, 43.82, 43.09, 0, 0, 4.24
2019/06/15 22:10:00, 24.00, 23.53, 23.32, 43.87, 43.09, 0, 0, 4.24
2019/06/15 22:11:00, 24.00, 23.53, 23.33, 43.81, 43.11, 0, 0, 4.24
2019/06/15 22:12:00, 24.00, 23.53, 23.32, 43.82, 43.10, 0, 0, 4.24
2019/06/15 22:13:00, 24.00, 23.54, 23.31, 43.83, 43.09, 0, 0, 4.24
2019/06/15 22:14:00, 24.00, 23.52, 23.31, 43.81, 43.10, 0, 0, 4.24
2019/06/15 22:15:00, 24.00, 23.52, 23.32, 43.84, 43.12, 0, 0, 4.24
2019/06/15 22:16:00, 24.00, 23.50, 23.31, 43.83, 43.11, 0, 0, 4.24
2019/06/15 22:17:00, 24.00, 23.52, 23.31, 43.84, 43.12, 0, 0, 4.24
2019/06/15 22:18:00, 24.00, 23.52, 23.30, 43.85, 43.13, 0, 0, 4.24
2019/06/15 22:19:00, 24.00, 23.50, 23.30, 43.84, 43.13, 0, 0, 4.24
2019/06/15 22:20:00, 24.00, 23.50, 23.30, 43.86, 43.13, 0, 0, 4.24
2019/06/15 22:21:00, 24.00, 23.50, 23.30, 43.82, 43.12, 0, 0, 4.24
2019/06/15 22:22:00, 24.00, 23.50, 23.29, 43.83, 43.11, 0, 0, 4.24
2019/06/15 22:23:00, 24.00, 23.50, 23.29, 43.87, 43.13, 0, 0, 4.24
2019/06/15 22:24:00, 24.00, 23.50, 23.29, 43.84, 43.13, 0, 0, 4.24
2019/06/15 22:25:00, 24.00, 23.49, 23.30, 43.81, 43.12, 0, 0, 4.24
2019/06/15 22:26:00, 24.00, 23.50, 23.29, 43.87, 43.13, 0, 0, 4.24
2019/06/15 22:27:00, 24.00, 23.50, 23.29, 43.84, 43.14, 0, 0, 4.24
2019/06/15 22:28:00, 24.00, 23.49, 23.30, 43.83, 43.12, 0, 0, 4.24
2019/06/15 22:29:00, 24.00, 23.49, 23.29, 43.85, 43.14, 0, 0, 4.24
2019/06/15 22:30:00, 24.00, 23.49, 23.28, 43.85, 43.16, 0, 0, 4.24
2019/06/15 22:31:00, 24.00, 23.49, 23.27, 43.87, 43.14, 0, 0, 4.24
2019/06/15 22:32:00, 24.00, 23.47, 23.27, 43.88, 43.14, 0, 0, 4.24
2019/06/15 22:33:00, 24.00, 23.49, 23.28, 43.86, 43.14, 0, 0, 4.24
2019/06/15 22:34:00, 24.00, 23.49, 23.28, 43.86, 43.13, 0, 0, 4.24
2019/06/15 22:35:00, 24.00, 23.49, 23.29, 43.83, 43.13, 0, 0, 4.24
2019/06/15 22:36:00, 24.00, 23.49, 23.28, 43.85, 43.13, 0, 0, 4.24
2019/06/15 22:37:00, 24.00, 23.46, 23.25, 43.80, 43.12, 0, 0, 4.24
2019/06/15 22:38:00, 24.00, 23.46, 23.27, 43.84, 43.13, 0, 0, 4.24
2019/06/15 22:39:00, 24.00, 23.46, 23.28, 43.86, 43.14, 0, 0, 4.24
2019/06/15 22:40:00, 24.00, 23.44, 23.28, 43.90, 43.14, 0, 0, 4.24
2019/06/15 22:41:00, 24.00, 23.47, 23.25, 43.82, 43.16, 0, 0, 4.24
2019/06/15 22:42:00, 24.00, 23.46, 23.25, 43.84, 43.14, 0, 0, 4.24
2019/06/15 22:43:00, 24.00, 23.49, 23.28, 43.79, 43.14, 0, 0, 4.24
2019/06/15 22:44:00, 23.75, 23.47, 23.27, 43.81, 43.13, 0, 0, 4.24
2019/06/15 22:45:00, 23.75, 23.47, 23.25, 43.84, 43.12, 0, 0, 4.24
2019/06/15 22:46:00, 24.00, 23.47, 23.25, 43.85, 43.13, 0, 0, 4.24
2019/06/15 22:47:00, 24.00, 23.47, 23.27, 43.85, 43.13, 0, 0, 4.24
2019/06/15 22:48:00, 23.75, 23.46, 23.25, 43.89, 43.14, 0, 0, 4.24
2019/06/15 22:49:00, 23.75, 23.44, 23.24, 43.84, 43.16, 0, 0, 4.24
2019/06/15 22:50:00, 23.75, 23.44, 23.25, 43.85, 43.13, 0, 0, 4.24
2019/06/15 22:51:00, 23.75, 23.49, 23.27, 43.86, 43.16, 0, 0, 4.24
2019/06/15 22:52:00, 23.75, 23.49, 23.25, 43.82, 43.14, 0, 0, 4.24
2019/06/15 22:53:00, 23.75, 23.46, 23.25, 43.83, 43.14, 0, 0, 4.24
2019/06/15 22:54:00, 23.75, 23.49, 23.24, 43.85, 43.13, 0, 0, 4.24
2019/06/15 22:55:00, 23.75, 23.47, 23.27, 43.84, 43.13, 0, 0, 4.24
2019/06/15 22:56:00, 23.75, 23.46, 23.24, 43.78, 43.14, 0, 0, 4.24
2019/06/15 22:57:00, 23.75, 23.46, 23.25, 43.83, 43.14, 0, 0, 4.24
2019/06/15 22:58:00, 23.75, 23.44, 23.25, 43.80, 43.11, 0, 0, 4.24
2019/06/15 22:59:00, 23.75, 23.46, 23.24, 43.80, 43.13, 0, 0, 4.24
2019/06/15 23:00:00, 23.75, 23.44, 23.25, 43.80, 43.13, 0, 0, 4.24
2019/06/15 23:01:00, 23.75, 23.46, 23.27, 43.80, 43.13, 0, 0, 4.24
2019/06/15 23:02:00, 23.75, 23.46, 23.28, 43.81, 43.11, 0, 0, 4.24
2019/06/15 23:03:00, 23.75, 23.46, 23.24, 43.84, 43.11, 0, 0, 4.24
2019/06/15 23:04:00, 23.75, 23.47, 23.25, 43.75, 43.08, 0, 0, 4.24
2019/06/15 23:05:00, 23.75, 23.49, 23.25, 43.78, 43.09, 0, 0, 4.24
2019/06/15 23:06:00, 23.75, 23.47, 23.25, 43.83, 43.11, 0, 0, 4.24
2019/06/15 23:07:00, 23.75, 23.46, 23.22, 43.84, 43.09, 0, 0, 4.24
2019/06/15 23:08:00, 23.75, 23.46, 23.23, 43.80, 43.11, 0, 0, 4.24
2019/06/15 23:09:00, 23.75, 23.44, 23.22, 43.81, 43.09, 0, 0, 4.24
2019/06/15 23:10:00, 23.75, 23.46, 23.22, 43.78, 43.10, 0, 0, 4.24
2019/06/15 23:11:00, 23.75, 23.44, 23.22, 43.81, 43.07, 0, 0, 4.24
2019/06/15 23:12:00, 23.75, 23.44, 23.24, 43.75, 43.09, 0, 0, 4.24
2019/06/15 23:13:00, 23.75, 23.46, 23.24, 43.77, 43.07, 0, 0, 4.24
2019/06/15 23:14:00, 23.75, 23.44, 23.25, 43.80, 43.12, 0, 0, 4.24
2019/06/15 23:15:00, 23.75, 23.46, 23.23, 43.80, 43.11, 0, 0, 4.24
2019/06/15 23:16:00, 23.75, 23.44, 23.22, 43.85, 43.14, 0, 0, 4.24
2019/06/15 23:17:00, 23.75, 23.42, 23.25, 43.78, 43.11, 0, 0, 4.24
2019/06/15 23:18:00, 23.75, 23.44, 23.22, 43.76, 43.11, 0, 0, 4.24
2019/06/15 23:19:00, 23.75, 23.43, 23.23, 43.82, 43.12, 0, 0, 4.24
2019/06/15 23:20:00, 23.75, 23.46, 23.20, 43.80, 43.08, 0, 0, 4.24
2019/06/15 23:21:00, 23.75, 23.43, 23.23, 43.79, 43.10, 0, 0, 4.24
2019/06/15 23:22:00, 23.75, 23.47, 23.23, 43.78, 43.09, 0, 0, 4.24
2019/06/15 23:23:00, 23.75, 23.44, 23.25, 43.75, 43.09, 0, 0, 4.24
2019/06/15 23:24:00, 23.75, 23.44, 23.24, 43.79, 43.11, 0, 0, 4.24
2019/06/15 23:25:00, 23.75, 23.43, 23.24, 43.83, 43.08, 0, 0, 4.24
2019/06/15 23:26:00, 23.75, 23.47, 23.23, 43.80, 43.10, 0, 0, 4.24
2019/06/15 23:27:00, 23.75, 23.47, 23.27, 43.70, 43.06, 0, 0, 4.24
2019/06/15 23:28:00, 23.75, 23.46, 23.25, 43.76, 43.07, 0, 0, 4.24
2019/06/15 23:29:00, 23.75, 23.47, 23.25, 43.74, 43.07, 0, 0, 4.24
2019/06/15 23:30:00, 23.75, 23.49, 23.24, 43.74, 43.07, 0, 0, 4.24
2019/06/15 23:31:00, 23.75, 23.44, 23.23, 43.75, 43.03, 0, 0, 4.24
2019/06/15 23:32:00, 23.75, 23.47, 23.23, 43.73, 43.03, 0, 0, 4.24
2019/06/15 23:33:00, 23.75, 23.49, 23.28, 43.73, 43.06, 0, 0, 4.24
2019/06/15 23:34:00, 23.75, 23.47, 23.25, 43.72, 43.01, 0, 0, 4.24
2019/06/15 23:35:00, 23.75, 23.46, 23.25, 43.70, 43.03, 0, 0, 4.24
2019/06/15 23:36:00, 23.75, 23.47, 23.28, 43.66, 43.02, 0, 0, 4.24
2019/06/15 23:37:00, 23.75, 23.49, 23.28, 43.68, 43.00, 0, 0, 4.24
2019/06/15 23:38:00, 23.75, 23.49, 23.28, 43.77, 43.00, 0, 0, 4.24
2019/06/15 23:39:00, 23.75, 23.50, 23.27, 43.64, 42.98, 0, 0, 4.24
2019/06/15 23:40:00, 23.75, 23.49, 23.28, 43.67, 42.98, 0, 0, 4.24
2019/06/15 23:41:00, 23.75, 23.47, 23.28, 43.69, 42.99, 0, 0, 4.24
2019/06/15 23:42:00, 23.75, 23.47, 23.27, 43.65, 42.99, 0, 0, 4.24
2019/06/15 23:43:00, 23.75, 23.47, 23.25, 43.63, 42.96, 0, 0, 4.24
2019/06/15 23:44:00, 23.75, 23.52, 23.28, 43.64, 42.97, 0, 0, 4.24
2019/06/15 23:45:00, 23.75, 23.47, 23.27, 43.61, 42.95, 0, 0, 4.24
2019/06/15 23:46:00, 23.75, 23.50, 23.25, 43.68, 42.96, 0, 0, 4.24
2019/06/15 23:47:00, 23.75, 23.47, 23.25, 43.63, 42.97, 0, 0, 4.24
