Data logger for tempereture and humidity.
Code, design, and soldering by Antti Mikkonen, a.mikkonen@iki.fi, 2019.
Based on open source projects and libraries. See source for details.
/home/ami/src/arduino/promini/logger_v8_ada/logger_v8_ada.ino
UTC time (year/month/date hour:minute:second), T RTC (C), T sht31 (C), T si7021 (C), RH sht31 (-), RH si7021 (-), heaterOn sht31 (bool),  heaterOn si7021 (bool), battery voltage (V)
2019/04/19 00:08:00, 23.75, 23.81, 23.63, 18.36, 16.32, 0, 0, 4.58
2019/04/19 00:09:00, 23.75, 23.81, 23.61, 18.38, 16.33, 0, 0, 4.58
2019/04/19 00:10:00, 23.75, 23.81, 23.62, 18.36, 16.34, 0, 0, 4.58
2019/04/19 00:11:00, 23.75, 23.81, 23.63, 18.31, 16.33, 0, 0, 4.58
2019/04/19 00:12:00, 23.75, 23.81, 23.63, 18.39, 16.33, 0, 0, 4.58
2019/04/19 00:13:00, 23.75, 23.81, 23.62, 18.36, 16.36, 0, 0, 4.58
2019/04/19 00:14:00, 23.75, 23.80, 23.62, 18.39, 16.36, 0, 0, 4.58
2019/04/19 00:15:00, 23.75, 23.80, 23.62, 18.42, 16.38, 0, 0, 4.58
2019/04/19 00:16:00, 23.75, 23.79, 23.63, 18.39, 16.37, 0, 0, 4.58
2019/04/19 00:17:00, 23.75, 23.83, 23.62, 18.42, 16.40, 0, 0, 4.58
2019/04/19 00:18:00, 23.75, 23.81, 23.63, 18.38, 16.42, 0, 0, 4.58
2019/04/19 00:19:00, 23.75, 23.81, 23.61, 18.49, 16.43, 0, 0, 4.58
2019/04/19 00:20:00, 23.75, 23.79, 23.61, 18.44, 16.42, 0, 0, 4.58
2019/04/19 00:21:00, 23.75, 23.80, 23.63, 18.47, 16.43, 0, 0, 4.58
2019/04/19 00:22:00, 23.75, 23.80, 23.60, 18.46, 16.43, 0, 0, 4.58
2019/04/19 00:23:00, 23.75, 23.79, 23.63, 18.49, 16.44, 0, 0, 4.58
2019/04/19 00:24:00, 23.75, 23.83, 23.61, 18.49, 16.46, 0, 0, 4.58
2019/04/19 00:25:00, 23.75, 23.79, 23.61, 18.50, 16.46, 0, 0, 4.58
2019/04/19 00:26:00, 23.75, 23.79, 23.61, 18.55, 16.48, 0, 0, 4.58
2019/04/19 00:27:00, 23.75, 23.79, 23.63, 18.55, 16.50, 0, 0, 4.58
2019/04/19 00:28:00, 23.75, 23.81, 23.62, 18.55, 16.49, 0, 0, 4.58
2019/04/19 00:29:00, 23.75, 23.79, 23.62, 18.52, 16.49, 0, 0, 4.58
2019/04/19 00:30:00, 23.75, 23.80, 23.61, 18.52, 16.52, 0, 0, 4.58
2019/04/19 00:31:00, 23.75, 23.81, 23.61, 18.60, 16.52, 0, 0, 4.58
2019/04/19 00:32:00, 23.75, 23.80, 23.61, 18.55, 16.53, 0, 0, 4.58
2019/04/19 00:33:00, 23.75, 23.80, 23.63, 18.54, 16.54, 0, 0, 4.58
2019/04/19 00:34:00, 23.75, 23.83, 23.61, 18.54, 16.54, 0, 0, 4.58
2019/04/19 00:35:00, 23.75, 23.79, 23.61, 18.62, 16.56, 0, 0, 4.58
2019/04/19 00:36:00, 23.75, 23.79, 23.60, 18.60, 16.57, 0, 0, 4.58
2019/04/19 00:37:00, 23.75, 23.79, 23.61, 18.62, 16.58, 0, 0, 4.58
2019/04/19 00:38:00, 23.75, 23.80, 23.61, 18.64, 16.59, 0, 0, 4.58
2019/04/19 00:39:00, 23.75, 23.79, 23.60, 18.60, 16.60, 0, 0, 4.58
2019/04/19 00:40:00, 23.75, 23.79, 23.61, 18.63, 16.60, 0, 0, 4.58
2019/04/19 00:41:00, 23.75, 23.79, 23.60, 18.63, 16.62, 0, 0, 4.58
2019/04/19 00:42:00, 23.75, 23.77, 23.60, 18.62, 16.62, 0, 0, 4.58
2019/04/19 00:43:00, 23.75, 23.81, 23.58, 18.64, 16.61, 0, 0, 4.58
2019/04/19 00:44:00, 23.75, 23.79, 23.59, 18.65, 16.62, 0, 0, 4.58
2019/04/19 00:45:00, 23.75, 23.80, 23.61, 18.67, 16.63, 0, 0, 4.58
2019/04/19 00:46:00, 23.75, 23.79, 23.59, 18.62, 16.64, 0, 0, 4.58
2019/04/19 00:47:00, 23.75, 23.77, 23.62, 18.67, 16.63, 0, 0, 4.58
2019/04/19 00:48:00, 23.75, 23.77, 23.59, 18.69, 16.65, 0, 0, 4.58
2019/04/19 00:49:00, 23.75, 23.79, 23.59, 18.69, 16.65, 0, 0, 4.58
2019/04/19 00:50:00, 23.75, 23.79, 23.58, 18.65, 16.65, 0, 0, 4.58
2019/04/19 00:51:00, 23.75, 23.80, 23.63, 18.69, 16.66, 0, 0, 4.58
2019/04/19 00:52:00, 23.75, 23.80, 23.59, 18.70, 16.66, 0, 0, 4.58
2019/04/19 00:53:00, 23.75, 23.80, 23.60, 18.70, 16.66, 0, 0, 4.58
2019/04/19 00:54:00, 23.75, 23.79, 23.60, 18.70, 16.68, 0, 0, 4.58
2019/04/19 00:55:00, 23.75, 23.79, 23.62, 18.70, 16.68, 0, 0, 4.58
2019/04/19 00:56:00, 23.75, 23.79, 23.59, 18.70, 16.68, 0, 0, 4.58
2019/04/19 00:57:00, 23.75, 23.77, 23.61, 18.70, 16.69, 0, 0, 4.58
2019/04/19 00:58:00, 23.75, 23.80, 23.60, 18.75, 16.69, 0, 0, 4.58
2019/04/19 00:59:00, 23.75, 23.80, 23.59, 18.75, 16.72, 0, 0, 4.58
2019/04/19 01:00:00, 23.75, 23.79, 23.60, 18.78, 16.72, 0, 0, 4.58
2019/04/19 01:01:00, 23.75, 23.77, 23.60, 18.73, 16.74, 0, 0, 4.58
2019/04/19 01:02:00, 23.75, 23.79, 23.59, 18.71, 16.72, 0, 0, 4.58
2019/04/19 01:03:00, 23.75, 23.77, 23.59, 18.78, 16.75, 0, 0, 4.58
2019/04/19 01:04:00, 23.75, 23.80, 23.58, 18.81, 16.75, 0, 0, 4.58
2019/04/19 01:05:00, 23.75, 23.79, 23.60, 18.76, 16.75, 0, 0, 4.58
2019/04/19 01:06:00, 23.75, 23.79, 23.59, 18.77, 16.75, 0, 0, 4.58
2019/04/19 01:07:00, 23.75, 23.77, 23.60, 18.73, 16.74, 0, 0, 4.58
2019/04/19 01:08:00, 23.75, 23.77, 23.60, 18.78, 16.75, 0, 0, 4.58
2019/04/19 01:09:00, 23.75, 23.76, 23.59, 18.80, 16.76, 0, 0, 4.58
2019/04/19 01:10:00, 23.75, 23.79, 23.59, 18.83, 16.76, 0, 0, 4.58
2019/04/19 01:11:00, 23.75, 23.79, 23.60, 18.78, 16.77, 0, 0, 4.58
2019/04/19 01:12:00, 23.75, 23.79, 23.60, 18.76, 16.77, 0, 0, 4.58
2019/04/19 01:13:00, 23.75, 23.76, 23.60, 18.83, 16.78, 0, 0, 4.58
2019/04/19 01:14:00, 23.75, 23.77, 23.57, 18.85, 16.78, 0, 0, 4.58
2019/04/19 01:15:00, 23.75, 23.80, 23.61, 18.85, 16.78, 0, 0, 4.58
2019/04/19 01:16:00, 23.75, 23.76, 23.60, 18.80, 16.79, 0, 0, 4.58
2019/04/19 01:17:00, 23.75, 23.79, 23.61, 18.85, 16.78, 0, 0, 4.58
2019/04/19 01:18:00, 23.75, 23.79, 23.59, 18.83, 16.79, 0, 0, 4.58
2019/04/19 01:19:00, 23.75, 23.80, 23.60, 18.80, 16.81, 0, 0, 4.58
2019/04/19 01:20:00, 23.75, 23.77, 23.58, 18.80, 16.80, 0, 0, 4.58
2019/04/19 01:21:00, 23.75, 23.79, 23.58, 18.83, 16.80, 0, 0, 4.58
2019/04/19 01:22:00, 23.75, 23.79, 23.59, 18.86, 16.79, 0, 0, 4.58
2019/04/19 01:23:00, 23.75, 23.79, 23.60, 18.87, 16.82, 0, 0, 4.58
2019/04/19 01:24:00, 23.75, 23.79, 23.58, 18.89, 16.81, 0, 0, 4.58
2019/04/19 01:25:00, 23.75, 23.79, 23.57, 18.88, 16.82, 0, 0, 4.58
2019/04/19 01:26:00, 23.75, 23.77, 23.58, 18.86, 16.85, 0, 0, 4.58
2019/04/19 01:27:00, 23.75, 23.77, 23.59, 18.92, 16.84, 0, 0, 4.58
2019/04/19 01:28:00, 23.75, 23.77, 23.57, 18.84, 16.85, 0, 0, 4.58
2019/04/19 01:29:00, 23.75, 23.77, 23.59, 18.88, 16.87, 0, 0, 4.58
2019/04/19 01:30:00, 23.75, 23.77, 23.60, 18.86, 16.85, 0, 0, 4.58
2019/04/19 01:31:00, 23.75, 23.76, 23.58, 18.88, 16.86, 0, 0, 4.58
2019/04/19 01:32:00, 23.75, 23.76, 23.59, 18.88, 16.86, 0, 0, 4.58
2019/04/19 01:33:00, 23.75, 23.77, 23.57, 18.94, 16.87, 0, 0, 4.58
2019/04/19 01:34:00, 23.75, 23.76, 23.58, 18.91, 16.88, 0, 0, 4.58
2019/04/19 01:35:00, 23.75, 23.74, 23.57, 18.96, 16.89, 0, 0, 4.58
2019/04/19 01:36:00, 23.75, 23.76, 23.57, 18.96, 16.91, 0, 0, 4.58
2019/04/19 01:37:00, 23.75, 23.76, 23.57, 18.96, 16.91, 0, 0, 4.58
2019/04/19 01:38:00, 23.75, 23.76, 23.56, 18.94, 16.92, 0, 0, 4.58
2019/04/19 01:39:00, 23.75, 23.76, 23.58, 18.99, 16.92, 0, 0, 4.58
2019/04/19 01:40:00, 23.75, 23.76, 23.57, 18.98, 16.94, 0, 0, 4.58
2019/04/19 01:41:00, 23.75, 23.76, 23.59, 18.99, 16.93, 0, 0, 4.58
2019/04/19 01:42:00, 23.75, 23.76, 23.57, 18.96, 16.92, 0, 0, 4.58
2019/04/19 01:43:00, 23.75, 23.76, 23.57, 19.02, 16.93, 0, 0, 4.58
2019/04/19 01:44:00, 23.75, 23.77, 23.58, 18.94, 16.92, 0, 0, 4.58
2019/04/19 01:45:00, 23.75, 23.76, 23.58, 18.94, 16.92, 0, 0, 4.58
2019/04/19 01:46:00, 23.75, 23.77, 23.57, 18.99, 16.93, 0, 0, 4.58
2019/04/19 01:47:00, 23.75, 23.74, 23.57, 18.92, 16.94, 0, 0, 4.58
2019/04/19 01:48:00, 23.75, 23.76, 23.57, 18.92, 16.94, 0, 0, 4.58
2019/04/19 01:49:00, 23.75, 23.76, 23.58, 19.01, 16.94, 0, 0, 4.58
2019/04/19 01:50:00, 23.75, 23.74, 23.57, 18.96, 16.92, 0, 0, 4.58
2019/04/19 01:51:00, 23.75, 23.76, 23.56, 18.98, 16.94, 0, 0, 4.58
2019/04/19 01:52:00, 23.75, 23.76, 23.57, 18.99, 16.94, 0, 0, 4.58
2019/04/19 01:53:00, 23.75, 23.76, 23.58, 18.99, 16.95, 0, 0, 4.58
2019/04/19 01:54:00, 23.75, 23.76, 23.57, 19.01, 16.95, 0, 0, 4.58
2019/04/19 01:55:00, 23.75, 23.77, 23.57, 18.99, 16.94, 0, 0, 4.58
2019/04/19 01:56:00, 23.75, 23.74, 23.57, 18.97, 16.95, 0, 0, 4.58
2019/04/19 01:57:00, 23.75, 23.76, 23.56, 18.94, 16.95, 0, 0, 4.58
2019/04/19 01:58:00, 23.75, 23.74, 23.56, 19.05, 16.97, 0, 0, 4.58
2019/04/19 01:59:00, 23.75, 23.76, 23.58, 19.04, 16.97, 0, 0, 4.58
2019/04/19 02:00:00, 23.75, 23.74, 23.56, 18.94, 16.98, 0, 0, 4.58
2019/04/19 02:01:00, 23.75, 23.74, 23.58, 19.00, 16.98, 0, 0, 4.58
2019/04/19 02:02:00, 23.75, 23.77, 23.57, 19.05, 17.00, 0, 0, 4.58
2019/04/19 02:03:00, 23.75, 23.73, 23.57, 19.02, 17.01, 0, 0, 4.58
2019/04/19 02:04:00, 23.75, 23.74, 23.54, 19.09, 16.99, 0, 0, 4.58
2019/04/19 02:05:00, 23.75, 23.73, 23.57, 19.02, 17.01, 0, 0, 4.58
2019/04/19 02:06:00, 23.75, 23.76, 23.56, 18.97, 17.01, 0, 0, 4.58
2019/04/19 02:07:00, 23.75, 23.74, 23.56, 19.07, 17.02, 0, 0, 4.58
2019/04/19 02:08:00, 23.75, 23.74, 23.56, 19.07, 17.02, 0, 0, 4.58
2019/04/19 02:09:00, 23.75, 23.73, 23.56, 19.07, 17.01, 0, 0, 4.58
2019/04/19 02:10:00, 23.75, 23.74, 23.56, 19.05, 17.05, 0, 0, 4.58
2019/04/19 02:11:00, 23.75, 23.76, 23.56, 19.02, 17.02, 0, 0, 4.58
2019/04/19 02:12:00, 23.75, 23.76, 23.57, 19.02, 17.02, 0, 0, 4.58
2019/04/19 02:13:00, 23.75, 23.74, 23.57, 19.02, 17.01, 0, 0, 4.58
2019/04/19 02:14:00, 23.75, 23.74, 23.57, 19.05, 17.01, 0, 0, 4.58
2019/04/19 02:15:00, 23.75, 23.74, 23.57, 19.02, 17.02, 0, 0, 4.58
2019/04/19 02:16:00, 23.75, 23.74, 23.56, 19.02, 17.01, 0, 0, 4.58
2019/04/19 02:17:00, 23.75, 23.74, 23.56, 19.05, 17.01, 0, 0, 4.58
2019/04/19 02:18:00, 23.75, 23.73, 23.54, 19.04, 17.03, 0, 0, 4.58
2019/04/19 02:19:00, 23.75, 23.76, 23.57, 19.10, 17.01, 0, 0, 4.58
2019/04/19 02:20:00, 23.75, 23.73, 23.56, 19.09, 17.02, 0, 0, 4.58
2019/04/19 02:21:00, 23.75, 23.74, 23.57, 19.05, 17.04, 0, 0, 4.58
2019/04/19 02:22:00, 23.75, 23.73, 23.57, 19.07, 17.01, 0, 0, 4.58
2019/04/19 02:23:00, 23.75, 23.73, 23.56, 19.10, 17.03, 0, 0, 4.58
2019/04/19 02:24:00, 23.75, 23.71, 23.54, 19.07, 17.07, 0, 0, 4.58
2019/04/19 02:25:00, 23.75, 23.73, 23.56, 19.05, 17.05, 0, 0, 4.58
2019/04/19 02:26:00, 23.75, 23.74, 23.54, 19.09, 17.07, 0, 0, 4.58
2019/04/19 02:27:00, 23.75, 23.73, 23.54, 19.10, 17.07, 0, 0, 4.58
2019/04/19 02:28:00, 23.75, 23.74, 23.54, 19.09, 17.07, 0, 0, 4.58
2019/04/19 02:29:00, 23.75, 23.74, 23.57, 19.05, 17.07, 0, 0, 4.58
2019/04/19 02:30:00, 23.75, 23.73, 23.54, 19.07, 17.04, 0, 0, 4.58
2019/04/19 02:31:00, 23.75, 23.74, 23.57, 19.09, 17.06, 0, 0, 4.58
2019/04/19 02:32:00, 23.75, 23.74, 23.54, 19.10, 17.06, 0, 0, 4.58
2019/04/19 02:33:00, 23.75, 23.73, 23.56, 19.07, 17.06, 0, 0, 4.58
2019/04/19 02:34:00, 23.75, 23.73, 23.57, 19.09, 17.06, 0, 0, 4.58
2019/04/19 02:35:00, 23.75, 23.76, 23.56, 19.05, 17.06, 0, 0, 4.58
2019/04/19 02:36:00, 23.75, 23.74, 23.54, 19.05, 17.07, 0, 0, 4.58
2019/04/19 02:37:00, 23.75, 23.73, 23.56, 19.09, 17.07, 0, 0, 4.58
2019/04/19 02:38:00, 23.75, 23.73, 23.54, 19.12, 17.05, 0, 0, 4.58
2019/04/19 02:39:00, 23.75, 23.73, 23.54, 19.07, 17.06, 0, 0, 4.58
2019/04/19 02:40:00, 23.75, 23.74, 23.54, 19.05, 17.05, 0, 0, 4.58
2019/04/19 02:41:00, 23.75, 23.73, 23.54, 19.12, 17.06, 0, 0, 4.58
2019/04/19 02:42:00, 23.75, 23.71, 23.57, 19.05, 17.07, 0, 0, 4.58
2019/04/19 02:43:00, 23.75, 23.73, 23.56, 19.14, 17.07, 0, 0, 4.58
2019/04/19 02:44:00, 23.75, 23.73, 23.54, 19.07, 17.08, 0, 0, 4.58
2019/04/19 02:45:00, 23.75, 23.73, 23.54, 19.10, 17.07, 0, 0, 4.58
2019/04/19 02:46:00, 23.75, 23.73, 23.54, 19.09, 17.07, 0, 0, 4.58
2019/04/19 02:47:00, 23.75, 23.73, 23.56, 19.10, 17.07, 0, 0, 4.58
2019/04/19 02:48:00, 23.75, 23.74, 23.54, 19.12, 17.09, 0, 0, 4.58
2019/04/19 02:49:00, 23.75, 23.74, 23.56, 19.07, 17.09, 0, 0, 4.58
2019/04/19 02:50:00, 23.75, 23.73, 23.56, 19.13, 17.08, 0, 0, 4.58
2019/04/19 02:51:00, 23.75, 23.73, 23.54, 19.10, 17.07, 0, 0, 4.58
2019/04/19 02:52:00, 23.75, 23.73, 23.53, 19.10, 17.08, 0, 0, 4.58
2019/04/19 02:53:00, 23.75, 23.74, 23.54, 19.10, 17.09, 0, 0, 4.58
2019/04/19 02:54:00, 23.75, 23.74, 23.53, 19.12, 17.10, 0, 0, 4.58
2019/04/19 02:55:00, 23.75, 23.73, 23.56, 19.09, 17.08, 0, 0, 4.58
2019/04/19 02:56:00, 23.75, 23.70, 23.53, 19.10, 17.07, 0, 0, 4.58
2019/04/19 02:57:00, 23.75, 23.73, 23.54, 19.12, 17.06, 0, 0, 4.58
2019/04/19 02:58:00, 23.75, 23.73, 23.52, 19.12, 17.08, 0, 0, 4.58
2019/04/19 02:59:00, 23.75, 23.73, 23.52, 19.13, 17.08, 0, 0, 4.58
2019/04/19 03:00:00, 23.75, 23.73, 23.54, 19.07, 17.08, 0, 0, 4.58
2019/04/19 03:01:00, 23.75, 23.70, 23.53, 19.12, 17.10, 0, 0, 4.58
2019/04/19 03:02:00, 23.75, 23.74, 23.54, 19.09, 17.07, 0, 0, 4.58
2019/04/19 03:03:00, 23.75, 23.74, 23.54, 19.12, 17.09, 0, 0, 4.58
2019/04/19 03:04:00, 23.75, 23.71, 23.54, 19.09, 17.08, 0, 0, 4.58
2019/04/19 03:05:00, 23.75, 23.71, 23.53, 19.07, 17.07, 0, 0, 4.58
2019/04/19 03:06:00, 23.75, 23.73, 23.54, 19.09, 17.10, 0, 0, 4.58
2019/04/19 03:07:00, 23.75, 23.73, 23.54, 19.09, 17.07, 0, 0, 4.58
2019/04/19 03:08:00, 23.75, 23.73, 23.56, 19.15, 17.07, 0, 0, 4.58
2019/04/19 03:09:00, 23.75, 23.73, 23.52, 19.13, 17.07, 0, 0, 4.58
2019/04/19 03:10:00, 23.75, 23.74, 23.54, 19.15, 17.11, 0, 0, 4.58
2019/04/19 03:11:00, 23.75, 23.74, 23.53, 19.12, 17.10, 0, 0, 4.58
2019/04/19 03:12:00, 23.75, 23.74, 23.56, 19.12, 17.10, 0, 0, 4.58
2019/04/19 03:13:00, 23.75, 23.74, 23.53, 19.10, 17.08, 0, 0, 4.58
2019/04/19 03:14:00, 23.75, 23.73, 23.51, 19.09, 17.10, 0, 0, 4.58
2019/04/19 03:15:00, 23.75, 23.74, 23.56, 19.05, 17.10, 0, 0, 4.58
2019/04/19 03:16:00, 23.75, 23.73, 23.56, 19.13, 17.11, 0, 0, 4.58
2019/04/19 03:17:00, 23.75, 23.73, 23.54, 19.10, 17.09, 0, 0, 4.58
2019/04/19 03:18:00, 23.75, 23.73, 23.53, 19.09, 17.07, 0, 0, 4.58
2019/04/19 03:19:00, 23.75, 23.71, 23.53, 19.12, 17.10, 0, 0, 4.58
2019/04/19 03:20:00, 23.75, 23.71, 23.54, 19.13, 17.11, 0, 0, 4.58
2019/04/19 03:21:00, 23.75, 23.70, 23.52, 19.15, 17.13, 0, 0, 4.58
2019/04/19 03:22:00, 23.75, 23.73, 23.53, 19.13, 17.13, 0, 0, 4.58
2019/04/19 03:23:00, 23.75, 23.71, 23.54, 19.13, 17.13, 0, 0, 4.58
2019/04/19 03:24:00, 23.75, 23.73, 23.52, 19.17, 17.12, 0, 0, 4.58
2019/04/19 03:25:00, 23.75, 23.73, 23.53, 19.15, 17.12, 0, 0, 4.58
2019/04/19 03:26:00, 23.75, 23.70, 23.52, 19.18, 17.13, 0, 0, 4.58
2019/04/19 03:27:00, 23.75, 23.71, 23.52, 19.12, 17.13, 0, 0, 4.58
2019/04/19 03:28:00, 23.75, 23.70, 23.52, 19.12, 17.15, 0, 0, 4.58
2019/04/19 03:29:00, 23.75, 23.71, 23.51, 19.21, 17.14, 0, 0, 4.58
2019/04/19 03:30:00, 23.75, 23.71, 23.50, 19.12, 17.14, 0, 0, 4.58
2019/04/19 03:31:00, 23.75, 23.70, 23.52, 19.12, 17.13, 0, 0, 4.58
2019/04/19 03:32:00, 23.75, 23.71, 23.52, 19.20, 17.13, 0, 0, 4.58
2019/04/19 03:33:00, 23.75, 23.73, 23.54, 19.13, 17.13, 0, 0, 4.58
2019/04/19 03:34:00, 23.75, 23.71, 23.53, 19.13, 17.11, 0, 0, 4.58
2019/04/19 03:35:00, 23.75, 23.70, 23.53, 19.21, 17.14, 0, 0, 4.58
2019/04/19 03:36:00, 23.75, 23.71, 23.52, 19.15, 17.13, 0, 0, 4.58
2019/04/19 03:37:00, 23.75, 23.73, 23.54, 19.21, 17.16, 0, 0, 4.58
2019/04/19 03:38:00, 23.75, 23.71, 23.56, 19.16, 17.14, 0, 0, 4.58
2019/04/19 03:39:00, 23.75, 23.71, 23.54, 19.15, 17.16, 0, 0, 4.58
2019/04/19 03:40:00, 23.75, 23.73, 23.52, 19.15, 17.13, 0, 0, 4.58
2019/04/19 03:41:00, 23.75, 23.73, 23.54, 19.15, 17.11, 0, 0, 4.58
2019/04/19 03:42:00, 23.75, 23.71, 23.53, 19.12, 17.12, 0, 0, 4.58
2019/04/19 03:43:00, 23.75, 23.71, 23.50, 19.18, 17.13, 0, 0, 4.58
2019/04/19 03:44:00, 23.75, 23.71, 23.52, 19.16, 17.15, 0, 0, 4.58
2019/04/19 03:45:00, 23.75, 23.73, 23.49, 19.16, 17.13, 0, 0, 4.58
2019/04/19 03:46:00, 23.75, 23.71, 23.54, 19.23, 17.14, 0, 0, 4.58
2019/04/19 03:47:00, 23.75, 23.71, 23.50, 19.16, 17.14, 0, 0, 4.58
2019/04/19 03:48:00, 23.75, 23.73, 23.51, 19.16, 17.16, 0, 0, 4.58
2019/04/19 03:49:00, 23.75, 23.70, 23.50, 19.13, 17.13, 0, 0, 4.58
2019/04/19 03:50:00, 23.75, 23.68, 23.50, 19.21, 17.13, 0, 0, 4.58
2019/04/19 03:51:00, 23.75, 23.73, 23.53, 19.20, 17.17, 0, 0, 4.58
2019/04/19 03:52:00, 23.75, 23.71, 23.52, 19.18, 17.17, 0, 0, 4.58
2019/04/19 03:53:00, 23.75, 23.71, 23.51, 19.13, 17.16, 0, 0, 4.58
2019/04/19 03:54:00, 23.75, 23.71, 23.50, 19.13, 17.12, 0, 0, 4.58
2019/04/19 03:55:00, 23.75, 23.70, 23.50, 19.18, 17.14, 0, 0, 4.58
2019/04/19 03:56:00, 23.75, 23.70, 23.50, 19.15, 17.16, 0, 0, 4.58
2019/04/19 03:57:00, 23.75, 23.71, 23.52, 19.20, 17.17, 0, 0, 4.58
2019/04/19 03:58:00, 23.75, 23.70, 23.52, 19.21, 17.13, 0, 0, 4.58
2019/04/19 03:59:00, 23.75, 23.70, 23.52, 19.18, 17.15, 0, 0, 4.58
2019/04/19 04:00:00, 23.75, 23.71, 23.53, 19.13, 17.14, 0, 0, 4.58
2019/04/19 04:01:00, 23.75, 23.70, 23.50, 19.15, 17.13, 0, 0, 4.58
2019/04/19 04:02:00, 23.75, 23.70, 23.51, 19.16, 17.12, 0, 0, 4.58
2019/04/19 04:03:00, 23.75, 23.68, 23.52, 19.21, 17.13, 0, 0, 4.58
2019/04/19 04:04:00, 23.75, 23.71, 23.50, 19.13, 17.14, 0, 0, 4.58
2019/04/19 04:05:00, 23.75, 23.70, 23.51, 19.20, 17.13, 0, 0, 4.58
2019/04/19 04:06:00, 23.75, 23.68, 23.51, 19.20, 17.15, 0, 0, 4.58
2019/04/19 04:07:00, 23.75, 23.71, 23.50, 19.10, 17.14, 0, 0, 4.58
2019/04/19 04:08:00, 23.75, 23.71, 23.52, 19.12, 17.13, 0, 0, 4.58
2019/04/19 04:09:00, 23.75, 23.71, 23.53, 19.15, 17.13, 0, 0, 4.58
2019/04/19 04:10:00, 23.75, 23.68, 23.52, 19.16, 17.12, 0, 0, 4.58
2019/04/19 04:11:00, 23.75, 23.68, 23.51, 19.18, 17.13, 0, 0, 4.58
2019/04/19 04:12:00, 23.75, 23.70, 23.52, 19.15, 17.14, 0, 0, 4.58
2019/04/19 04:13:00, 23.75, 23.70, 23.53, 19.16, 17.13, 0, 0, 4.58
2019/04/19 04:14:00, 23.75, 23.71, 23.50, 19.15, 17.15, 0, 0, 4.58
2019/04/19 04:15:00, 23.75, 23.68, 23.50, 19.15, 17.13, 0, 0, 4.58
2019/04/19 04:16:00, 23.75, 23.70, 23.52, 19.15, 17.12, 0, 0, 4.58
2019/04/19 04:17:00, 23.75, 23.68, 23.50, 19.16, 17.10, 0, 0, 4.58
2019/04/19 04:18:00, 23.75, 23.71, 23.50, 19.12, 17.10, 0, 0, 4.58
2019/04/19 04:19:00, 23.75, 23.68, 23.50, 19.18, 17.12, 0, 0, 4.58
2019/04/19 04:20:00, 23.75, 23.68, 23.50, 19.15, 17.13, 0, 0, 4.58
2019/04/19 04:21:00, 23.75, 23.67, 23.50, 19.12, 17.13, 0, 0, 4.58
2019/04/19 04:22:00, 23.75, 23.68, 23.52, 19.16, 17.13, 0, 0, 4.58
2019/04/19 04:23:00, 23.75, 23.70, 23.51, 19.15, 17.14, 0, 0, 4.58
2019/04/19 04:24:00, 23.75, 23.68, 23.49, 19.12, 17.10, 0, 0, 4.58
2019/04/19 04:25:00, 23.75, 23.70, 23.51, 19.18, 17.11, 0, 0, 4.58
2019/04/19 04:26:00, 23.75, 23.70, 23.50, 19.13, 17.13, 0, 0, 4.58
2019/04/19 04:27:00, 23.75, 23.70, 23.50, 19.09, 17.11, 0, 0, 4.58
2019/04/19 04:28:00, 23.75, 23.71, 23.52, 19.12, 17.10, 0, 0, 4.58
2019/04/19 04:29:00, 23.75, 23.68, 23.52, 19.11, 17.10, 0, 0, 4.58
2019/04/19 04:30:00, 23.75, 23.67, 23.51, 19.15, 17.10, 0, 0, 4.58
2019/04/19 04:31:00, 23.75, 23.68, 23.52, 19.16, 17.10, 0, 0, 4.58
2019/04/19 04:32:00, 23.75, 23.71, 23.51, 19.12, 17.09, 0, 0, 4.58
2019/04/19 04:33:00, 23.75, 23.70, 23.52, 19.12, 17.10, 0, 0, 4.58
2019/04/19 04:34:00, 23.75, 23.68, 23.52, 19.10, 17.09, 0, 0, 4.58
2019/04/19 04:35:00, 23.75, 23.70, 23.51, 19.09, 17.07, 0, 0, 4.58
2019/04/19 04:36:00, 23.75, 23.70, 23.51, 19.08, 17.09, 0, 0, 4.58
2019/04/19 04:37:00, 23.75, 23.68, 23.50, 19.08, 17.08, 0, 0, 4.58
2019/04/19 04:38:00, 23.75, 23.68, 23.51, 19.10, 17.10, 0, 0, 4.58
2019/04/19 04:39:00, 23.75, 23.70, 23.51, 19.08, 17.07, 0, 0, 4.58
2019/04/19 04:40:00, 23.75, 23.70, 23.51, 19.13, 17.07, 0, 0, 4.58
2019/04/19 04:41:00, 23.75, 23.70, 23.50, 19.12, 17.07, 0, 0, 4.58
2019/04/19 04:42:00, 23.75, 23.70, 23.51, 19.10, 17.08, 0, 0, 4.58
2019/04/19 04:43:00, 23.75, 23.71, 23.50, 19.05, 17.07, 0, 0, 4.58
2019/04/19 04:44:00, 23.75, 23.68, 23.50, 19.10, 17.08, 0, 0, 4.58
2019/04/19 04:45:00, 23.75, 23.68, 23.50, 19.10, 17.07, 0, 0, 4.58
2019/04/19 04:46:00, 23.75, 23.67, 23.49, 19.10, 17.08, 0, 0, 4.58
2019/04/19 04:47:00, 23.75, 23.65, 23.52, 19.10, 17.06, 0, 0, 4.58
2019/04/19 04:48:00, 23.75, 23.68, 23.51, 19.08, 17.06, 0, 0, 4.58
2019/04/19 04:49:00, 23.75, 23.68, 23.50, 19.07, 17.06, 0, 0, 4.58
2019/04/19 04:50:00, 23.75, 23.70, 23.50, 19.09, 17.07, 0, 0, 4.58
2019/04/19 04:51:00, 23.75, 23.68, 23.50, 19.12, 17.07, 0, 0, 4.58
2019/04/19 04:52:00, 23.75, 23.70, 23.50, 19.08, 17.07, 0, 0, 4.58
2019/04/19 04:53:00, 23.75, 23.67, 23.50, 19.05, 17.04, 0, 0, 4.58
2019/04/19 04:54:00, 23.75, 23.68, 23.49, 19.05, 17.07, 0, 0, 4.58
2019/04/19 04:55:00, 23.75, 23.68, 23.50, 19.08, 17.07, 0, 0, 4.58
2019/04/19 04:56:00, 23.75, 23.68, 23.49, 19.16, 17.07, 0, 0, 4.58
2019/04/19 04:57:00, 23.75, 23.68, 23.50, 19.03, 17.04, 0, 0, 4.58
2019/04/19 04:58:00, 23.75, 23.71, 23.50, 19.05, 17.07, 0, 0, 4.58
2019/04/19 04:59:00, 23.75, 23.70, 23.51, 19.05, 17.05, 0, 0, 4.58
2019/04/19 05:00:00, 23.75, 23.67, 23.48, 19.03, 17.02, 0, 0, 4.58
2019/04/19 05:01:00, 23.75, 23.65, 23.50, 19.03, 17.02, 0, 0, 4.58
2019/04/19 05:02:00, 23.75, 23.64, 23.47, 19.07, 17.02, 0, 0, 4.58
2019/04/19 05:03:00, 23.75, 23.65, 23.49, 19.10, 17.06, 0, 0, 4.58
2019/04/19 05:04:00, 23.75, 23.64, 23.47, 19.10, 17.06, 0, 0, 4.58
2019/04/19 05:05:00, 23.75, 23.65, 23.48, 19.07, 17.08, 0, 0, 4.58
2019/04/19 05:06:00, 23.75, 23.70, 23.48, 19.08, 17.08, 0, 0, 4.58
2019/04/19 05:07:00, 23.75, 23.67, 23.47, 19.03, 17.05, 0, 0, 4.58
2019/04/19 05:08:00, 23.75, 23.68, 23.49, 19.10, 17.06, 0, 0, 4.58
2019/04/19 05:09:00, 23.75, 23.65, 23.48, 19.05, 17.04, 0, 0, 4.58
2019/04/19 05:10:00, 23.75, 23.68, 23.49, 19.05, 17.06, 0, 0, 4.58
2019/04/19 05:11:00, 23.75, 23.68, 23.50, 19.03, 17.04, 0, 0, 4.58
2019/04/19 05:12:00, 23.75, 23.70, 23.50, 19.02, 17.01, 0, 0, 4.58
2019/04/19 05:13:00, 23.75, 23.68, 23.50, 19.03, 17.01, 0, 0, 4.58
2019/04/19 05:14:00, 23.75, 23.70, 23.50, 19.03, 17.00, 0, 0, 4.58
2019/04/19 05:15:00, 23.75, 23.70, 23.51, 19.00, 16.99, 0, 0, 4.58
2019/04/19 05:16:00, 23.75, 23.70, 23.50, 19.00, 16.99, 0, 0, 4.58
2019/04/19 05:17:00, 23.75, 23.70, 23.49, 19.02, 17.01, 0, 0, 4.58
2019/04/19 05:18:00, 23.75, 23.67, 23.49, 19.02, 16.97, 0, 0, 4.58
2019/04/19 05:19:00, 23.75, 23.65, 23.47, 19.07, 16.99, 0, 0, 4.58
2019/04/19 05:20:00, 23.75, 23.67, 23.48, 19.05, 17.01, 0, 0, 4.58
2019/04/19 05:21:00, 23.75, 23.67, 23.48, 19.00, 17.02, 0, 0, 4.58
2019/04/19 05:22:00, 23.75, 23.68, 23.50, 19.02, 17.01, 0, 0, 4.58
2019/04/19 05:23:00, 23.75, 23.67, 23.50, 18.98, 16.98, 0, 0, 4.58
2019/04/19 05:24:00, 23.75, 23.68, 23.49, 19.03, 16.97, 0, 0, 4.58
2019/04/19 05:25:00, 23.75, 23.68, 23.50, 19.02, 16.99, 0, 0, 4.58
2019/04/19 05:26:00, 23.75, 23.70, 23.51, 19.00, 17.00, 0, 0, 4.58
2019/04/19 05:27:00, 23.75, 23.67, 23.51, 18.94, 16.97, 0, 0, 4.58
2019/04/19 05:28:00, 23.75, 23.68, 23.51, 18.95, 16.98, 0, 0, 4.58
2019/04/19 05:29:00, 23.75, 23.70, 23.50, 18.96, 16.96, 0, 0, 4.58
2019/04/19 05:30:00, 23.75, 23.70, 23.52, 19.00, 16.95, 0, 0, 4.58
2019/04/19 05:31:00, 23.75, 23.68, 23.51, 18.94, 16.93, 0, 0, 4.58
2019/04/19 05:32:00, 23.75, 23.70, 23.50, 18.93, 16.94, 0, 0, 4.58
2019/04/19 05:33:00, 23.75, 23.70, 23.49, 18.98, 16.94, 0, 0, 4.58
2019/04/19 05:34:00, 23.75, 23.67, 23.50, 18.98, 16.95, 0, 0, 4.58
2019/04/19 05:35:00, 23.75, 23.70, 23.50, 18.98, 16.94, 0, 0, 4.58
2019/04/19 05:36:00, 23.75, 23.68, 23.50, 18.95, 16.93, 0, 0, 4.58
2019/04/19 05:37:00, 23.75, 23.70, 23.49, 18.98, 16.92, 0, 0, 4.58
2019/04/19 05:38:00, 23.75, 23.67, 23.49, 18.98, 16.94, 0, 0, 4.58
2019/04/19 05:39:00, 23.75, 23.70, 23.51, 19.00, 16.94, 0, 0, 4.58
2019/04/19 05:40:00, 23.75, 23.68, 23.50, 18.95, 16.96, 0, 0, 4.58
2019/04/19 05:41:00, 23.75, 23.70, 23.53, 18.98, 16.93, 0, 0, 4.58
2019/04/19 05:42:00, 23.75, 23.68, 23.50, 18.89, 16.92, 0, 0, 4.58
2019/04/19 05:43:00, 23.75, 23.68, 23.50, 18.94, 16.93, 0, 0, 4.58
2019/04/19 05:44:00, 23.75, 23.70, 23.51, 18.91, 16.92, 0, 0, 4.58
2019/04/19 05:45:00, 23.75, 23.71, 23.52, 18.97, 16.90, 0, 0, 4.58
2019/04/19 05:46:00, 23.75, 23.71, 23.52, 18.94, 16.90, 0, 0, 4.58
2019/04/19 05:47:00, 23.75, 23.71, 23.52, 18.92, 16.88, 0, 0, 4.58
2019/04/19 05:48:00, 23.75, 23.68, 23.51, 18.89, 16.89, 0, 0, 4.58
2019/04/19 05:49:00, 23.75, 23.68, 23.51, 18.89, 16.89, 0, 0, 4.58
2019/04/19 05:50:00, 23.75, 23.70, 23.52, 18.87, 16.90, 0, 0, 4.58
2019/04/19 05:51:00, 23.75, 23.67, 23.50, 18.91, 16.89, 0, 0, 4.58
2019/04/19 05:52:00, 23.75, 23.70, 23.51, 18.92, 16.88, 0, 0, 4.58
2019/04/19 05:53:00, 23.75, 23.68, 23.52, 18.92, 16.89, 0, 0, 4.58
2019/04/19 05:54:00, 23.75, 23.68, 23.50, 18.89, 16.88, 0, 0, 4.58
2019/04/19 05:55:00, 23.75, 23.67, 23.50, 18.87, 16.88, 0, 0, 4.58
2019/04/19 05:56:00, 23.75, 23.67, 23.48, 18.95, 16.89, 0, 0, 4.58
2019/04/19 05:57:00, 23.75, 23.68, 23.51, 18.87, 16.91, 0, 0, 4.58
2019/04/19 05:58:00, 23.75, 23.67, 23.50, 18.89, 16.88, 0, 0, 4.58
2019/04/19 05:59:00, 23.75, 23.68, 23.50, 18.87, 16.88, 0, 0, 4.58
2019/04/19 06:00:00, 23.75, 23.68, 23.50, 18.93, 16.90, 0, 0, 4.58
2019/04/19 06:01:00, 23.75, 23.67, 23.51, 18.86, 16.88, 0, 0, 4.58
2019/04/19 06:02:00, 23.75, 23.67, 23.50, 18.87, 16.86, 0, 0, 4.58
2019/04/19 06:03:00, 23.75, 23.65, 23.51, 18.91, 16.86, 0, 0, 4.58
2019/04/19 06:04:00, 23.75, 23.70, 23.50, 18.89, 16.87, 0, 0, 4.58
2019/04/19 06:05:00, 23.75, 23.68, 23.50, 18.87, 16.85, 0, 0, 4.58
2019/04/19 06:06:00, 23.75, 23.68, 23.48, 18.86, 16.85, 0, 0, 4.58
2019/04/19 06:07:00, 23.75, 23.68, 23.50, 18.82, 16.85, 0, 0, 4.58
2019/04/19 06:08:00, 23.75, 23.68, 23.51, 18.86, 16.84, 0, 0, 4.58
2019/04/19 06:09:00, 23.75, 23.70, 23.49, 18.87, 16.86, 0, 0, 4.58
2019/04/19 06:10:00, 23.75, 23.71, 23.50, 18.86, 16.86, 0, 0, 4.58
2019/04/19 06:11:00, 23.75, 23.70, 23.50, 18.79, 16.85, 0, 0, 4.58
2019/04/19 06:12:00, 23.75, 23.68, 23.52, 18.86, 16.85, 0, 0, 4.58
2019/04/19 06:13:00, 23.75, 23.70, 23.52, 18.84, 16.81, 0, 0, 4.58
2019/04/19 06:14:00, 23.75, 23.70, 23.48, 18.82, 16.81, 0, 0, 4.58
2019/04/19 06:15:00, 23.75, 23.68, 23.53, 18.79, 16.82, 0, 0, 4.58
2019/04/19 06:16:00, 23.75, 23.70, 23.50, 18.79, 16.82, 0, 0, 4.58
2019/04/19 06:17:00, 23.75, 23.67, 23.51, 18.79, 16.81, 0, 0, 4.58
2019/04/19 06:18:00, 23.75, 23.68, 23.52, 18.82, 16.81, 0, 0, 4.58
2019/04/19 06:19:00, 23.75, 23.65, 23.50, 18.86, 16.79, 0, 0, 4.58
2019/04/19 06:20:00, 23.75, 23.70, 23.48, 18.84, 16.82, 0, 0, 4.58
2019/04/19 06:21:00, 23.75, 23.67, 23.51, 18.76, 16.81, 0, 0, 4.58
2019/04/19 06:22:00, 23.75, 23.71, 23.50, 18.82, 16.80, 0, 0, 4.58
2019/04/19 06:23:00, 23.75, 23.68, 23.50, 18.81, 16.81, 0, 0, 4.58
2019/04/19 06:24:00, 23.75, 23.68, 23.50, 18.81, 16.80, 0, 0, 4.58
2019/04/19 06:25:00, 23.75, 23.68, 23.50, 18.81, 16.81, 0, 0, 4.58
2019/04/19 06:26:00, 23.75, 23.68, 23.50, 18.82, 16.81, 0, 0, 4.58
2019/04/19 06:27:00, 23.75, 23.71, 23.53, 18.77, 16.79, 0, 0, 4.58
2019/04/19 06:28:00, 23.75, 23.70, 23.50, 18.78, 16.78, 0, 0, 4.58
2019/04/19 06:29:00, 23.75, 23.71, 23.53, 18.73, 16.75, 0, 0, 4.58
2019/04/19 06:30:00, 23.75, 23.67, 23.49, 18.76, 16.76, 0, 0, 4.58
2019/04/19 06:31:00, 23.75, 23.68, 23.49, 18.77, 16.77, 0, 0, 4.58
2019/04/19 06:32:00, 23.75, 23.70, 23.50, 18.79, 16.79, 0, 0, 4.58
2019/04/19 06:33:00, 23.75, 23.68, 23.51, 18.81, 16.79, 0, 0, 4.58
2019/04/19 06:34:00, 23.75, 23.68, 23.51, 18.78, 16.78, 0, 0, 4.58
2019/04/19 06:35:00, 23.75, 23.68, 23.51, 18.79, 16.78, 0, 0, 4.58
2019/04/19 06:36:00, 23.75, 23.71, 23.51, 18.81, 16.77, 0, 0, 4.58
2019/04/19 06:37:00, 23.75, 23.68, 23.50, 18.76, 16.75, 0, 0, 4.58
2019/04/19 06:38:00, 23.75, 23.70, 23.52, 18.73, 16.77, 0, 0, 4.58
2019/04/19 06:39:00, 23.75, 23.70, 23.51, 18.75, 16.75, 0, 0, 4.58
2019/04/19 06:40:00, 23.75, 23.70, 23.50, 18.71, 16.74, 0, 0, 4.58
2019/04/19 06:41:00, 23.75, 23.70, 23.51, 18.74, 16.72, 0, 0, 4.58
2019/04/19 06:42:00, 23.75, 23.71, 23.51, 18.79, 16.74, 0, 0, 4.58
2019/04/19 06:43:00, 23.75, 23.70, 23.53, 18.78, 16.75, 0, 0, 4.58
2019/04/19 06:44:00, 23.75, 23.73, 23.54, 18.76, 16.75, 0, 0, 4.58
2019/04/19 06:45:00, 23.75, 23.73, 23.54, 18.74, 16.73, 0, 0, 4.58
2019/04/19 06:46:00, 23.75, 23.71, 23.54, 18.68, 16.72, 0, 0, 4.58
2019/04/19 06:47:00, 23.75, 23.73, 23.53, 18.70, 16.71, 0, 0, 4.58
2019/04/19 06:48:00, 23.75, 23.73, 23.54, 18.68, 16.70, 0, 0, 4.58
2019/04/19 06:49:00, 23.75, 23.74, 23.53, 18.70, 16.68, 0, 0, 4.58
2019/04/19 06:50:00, 23.75, 23.73, 23.54, 18.63, 16.68, 0, 0, 4.58
2019/04/19 06:51:00, 23.75, 23.73, 23.54, 18.70, 16.68, 0, 0, 4.58
2019/04/19 06:52:00, 23.75, 23.76, 23.56, 18.65, 16.67, 0, 0, 4.58
2019/04/19 06:53:00, 23.75, 23.74, 23.57, 18.65, 16.67, 0, 0, 4.58
2019/04/19 06:54:00, 23.75, 23.73, 23.56, 18.65, 16.66, 0, 0, 4.58
2019/04/19 06:55:00, 23.75, 23.76, 23.56, 18.63, 16.66, 0, 0, 4.58
2019/04/19 06:56:00, 23.75, 23.74, 23.56, 18.63, 16.65, 0, 0, 4.58
2019/04/19 06:57:00, 23.75, 23.73, 23.57, 18.65, 16.65, 0, 0, 4.58
2019/04/19 06:58:00, 23.75, 23.76, 23.58, 18.65, 16.63, 0, 0, 4.58
2019/04/19 06:59:00, 23.75, 23.74, 23.56, 18.63, 16.63, 0, 0, 4.58
2019/04/19 07:00:00, 23.75, 23.76, 23.57, 18.63, 16.64, 0, 0, 4.58
2019/04/19 07:01:00, 23.75, 23.74, 23.57, 18.63, 16.62, 0, 0, 4.58
2019/04/19 07:02:00, 23.75, 23.76, 23.56, 18.60, 16.64, 0, 0, 4.58
2019/04/19 07:03:00, 23.75, 23.76, 23.54, 18.63, 16.63, 0, 0, 4.58
2019/04/19 07:04:00, 23.75, 23.74, 23.56, 18.63, 16.62, 0, 0, 4.58
2019/04/19 07:05:00, 23.75, 23.74, 23.58, 18.62, 16.62, 0, 0, 4.58
2019/04/19 07:06:00, 23.75, 23.73, 23.59, 18.63, 16.62, 0, 0, 4.58
2019/04/19 07:07:00, 23.75, 23.80, 23.60, 18.58, 16.61, 0, 0, 4.58
2019/04/19 07:08:00, 23.75, 23.79, 23.60, 18.62, 16.60, 0, 0, 4.58
2019/04/19 07:09:00, 23.75, 23.77, 23.58, 18.62, 16.59, 0, 0, 4.58
2019/04/19 07:10:00, 23.75, 23.79, 23.61, 18.55, 16.60, 0, 0, 4.58
2019/04/19 07:11:00, 23.75, 23.76, 23.60, 18.60, 16.61, 0, 0, 4.58
2019/04/19 07:12:00, 23.75, 23.80, 23.60, 18.60, 16.59, 0, 0, 4.58
2019/04/19 07:13:00, 23.75, 23.79, 23.59, 18.49, 16.58, 0, 0, 4.58
2019/04/19 07:14:00, 23.75, 23.80, 23.60, 18.56, 16.58, 0, 0, 4.58
2019/04/19 07:15:00, 23.75, 23.81, 23.61, 18.55, 16.57, 0, 0, 4.58
2019/04/19 07:16:00, 23.75, 23.81, 23.63, 18.55, 16.57, 0, 0, 4.58
2019/04/19 07:17:00, 23.75, 23.80, 23.63, 18.57, 16.56, 0, 0, 4.58
2019/04/19 07:18:00, 23.75, 23.79, 23.61, 18.54, 16.54, 0, 0, 4.58
2019/04/19 07:19:00, 23.75, 23.83, 23.64, 18.54, 16.56, 0, 0, 4.58
2019/04/19 07:20:00, 23.75, 23.81, 23.64, 18.54, 16.54, 0, 0, 4.58
2019/04/19 07:21:00, 23.75, 23.83, 23.63, 18.54, 16.53, 0, 0, 4.58
2019/04/19 07:22:00, 23.75, 23.81, 23.64, 18.51, 16.53, 0, 0, 4.58
2019/04/19 07:23:00, 23.75, 23.85, 23.67, 18.57, 16.51, 0, 0, 4.58
2019/04/19 07:24:00, 23.75, 23.85, 23.66, 18.46, 16.50, 0, 0, 4.58
2019/04/19 07:25:00, 23.75, 23.85, 23.67, 18.53, 16.49, 0, 0, 4.58
2019/04/19 07:26:00, 23.75, 23.85, 23.69, 18.49, 16.49, 0, 0, 4.58
2019/04/19 07:27:00, 23.75, 23.91, 23.68, 18.51, 16.50, 0, 0, 4.58
2019/04/19 07:28:00, 23.75, 23.87, 23.71, 18.51, 16.49, 0, 0, 4.58
2019/04/19 07:29:00, 23.75, 23.88, 23.68, 18.45, 16.48, 0, 0, 4.58
2019/04/19 07:30:00, 23.75, 23.91, 23.71, 18.50, 16.46, 0, 0, 4.58
2019/04/19 07:31:00, 23.75, 23.88, 23.69, 18.46, 16.45, 0, 0, 4.58
2019/04/19 07:32:00, 23.75, 23.88, 23.73, 18.43, 16.46, 0, 0, 4.58
2019/04/19 07:33:00, 23.75, 23.90, 23.72, 18.46, 16.46, 0, 0, 4.58
2019/04/19 07:34:00, 23.75, 23.90, 23.71, 18.38, 16.44, 0, 0, 4.58
2019/04/19 07:35:00, 23.75, 23.91, 23.69, 18.41, 16.41, 0, 0, 4.58
2019/04/19 07:36:00, 23.75, 23.88, 23.71, 18.48, 16.43, 0, 0, 4.58
2019/04/19 07:37:00, 23.75, 23.85, 23.69, 18.40, 16.43, 0, 0, 4.58
2019/04/19 07:38:00, 23.75, 23.90, 23.68, 18.41, 16.43, 0, 0, 4.58
2019/04/19 07:39:00, 23.75, 23.88, 23.68, 18.38, 16.39, 0, 0, 4.58
2019/04/19 07:40:00, 23.75, 23.87, 23.69, 18.43, 16.40, 0, 0, 4.58
2019/04/19 07:41:00, 23.75, 23.88, 23.71, 18.40, 16.41, 0, 0, 4.58
2019/04/19 07:42:00, 23.75, 23.88, 23.67, 18.32, 16.38, 0, 0, 4.58
2019/04/19 07:43:00, 23.75, 23.90, 23.68, 18.43, 16.40, 0, 0, 4.58
2019/04/19 07:44:00, 24.00, 23.90, 23.71, 18.37, 16.39, 0, 0, 4.58
2019/04/19 07:45:00, 23.75, 23.92, 23.71, 18.40, 16.37, 0, 0, 4.58
2019/04/19 07:46:00, 24.00, 23.92, 23.73, 18.35, 16.36, 0, 0, 4.58
2019/04/19 07:47:00, 24.00, 23.92, 23.73, 18.33, 16.34, 0, 0, 4.58
2019/04/19 07:48:00, 24.00, 23.91, 23.73, 18.35, 16.33, 0, 0, 4.58
2019/04/19 07:49:00, 24.00, 23.92, 23.73, 18.27, 16.31, 0, 0, 4.58
2019/04/19 07:50:00, 24.00, 23.92, 23.71, 18.32, 16.30, 0, 0, 4.58
2019/04/19 07:51:00, 24.00, 23.91, 23.74, 18.28, 16.30, 0, 0, 4.58
2019/04/19 07:52:00, 24.00, 23.92, 23.74, 18.30, 16.30, 0, 0, 4.58
2019/04/19 07:53:00, 24.00, 23.90, 23.71, 18.23, 16.27, 0, 0, 4.58
2019/04/19 07:54:00, 24.00, 23.91, 23.73, 18.27, 16.25, 0, 0, 4.58
2019/04/19 07:55:00, 24.00, 23.92, 23.73, 18.27, 16.30, 0, 0, 4.58
2019/04/19 07:56:00, 24.00, 23.94, 23.73, 18.24, 16.30, 0, 0, 4.58
2019/04/19 07:57:00, 24.00, 23.97, 23.76, 18.22, 16.27, 0, 0, 4.58
2019/04/19 07:58:00, 24.00, 23.97, 23.77, 18.22, 16.27, 0, 0, 4.58
2019/04/19 07:59:00, 24.00, 23.97, 23.79, 18.21, 16.24, 0, 0, 4.58
2019/04/19 08:00:00, 24.00, 23.98, 23.81, 18.21, 16.23, 0, 0, 4.58
2019/04/19 08:01:00, 24.00, 23.98, 23.80, 18.17, 16.22, 0, 0, 4.58
2019/04/19 08:02:00, 24.00, 23.95, 23.79, 18.13, 16.17, 0, 0, 4.58
2019/04/19 08:03:00, 24.00, 23.98, 23.79, 18.16, 16.20, 0, 0, 4.58
2019/04/19 08:04:00, 24.00, 23.99, 23.78, 18.14, 16.19, 0, 0, 4.58
2019/04/19 08:05:00, 24.00, 23.98, 23.80, 18.19, 16.20, 0, 0, 4.58
2019/04/19 08:06:00, 24.00, 23.99, 23.81, 18.15, 16.19, 0, 0, 4.58
2019/04/19 08:07:00, 24.00, 23.99, 23.79, 18.15, 16.17, 0, 0, 4.58
2019/04/19 08:08:00, 24.00, 23.98, 23.81, 18.15, 16.15, 0, 0, 4.58
2019/04/19 08:09:00, 24.00, 23.99, 23.80, 18.17, 16.17, 0, 0, 4.58
2019/04/19 08:10:00, 24.00, 23.98, 23.79, 18.15, 16.17, 0, 0, 4.58
2019/04/19 08:11:00, 24.00, 23.99, 23.81, 18.15, 16.14, 0, 0, 4.58
2019/04/19 08:12:00, 24.00, 23.99, 23.81, 18.11, 16.13, 0, 0, 4.58
2019/04/19 08:13:00, 24.00, 24.02, 23.82, 18.06, 16.12, 0, 0, 4.58
2019/04/19 08:14:00, 24.00, 24.01, 23.83, 18.13, 16.13, 0, 0, 4.58
2019/04/19 08:15:00, 24.00, 24.04, 23.86, 18.13, 16.14, 0, 0, 4.58
2019/04/19 08:16:00, 24.00, 24.04, 23.84, 18.12, 16.13, 0, 0, 4.58
2019/04/19 08:17:00, 24.00, 24.04, 23.86, 18.07, 16.11, 0, 0, 4.58
2019/04/19 08:18:00, 24.00, 24.08, 23.89, 18.05, 16.08, 0, 0, 4.58
2019/04/19 08:19:00, 24.00, 24.07, 23.87, 18.06, 16.08, 0, 0, 4.58
2019/04/19 08:20:00, 24.00, 24.08, 23.88, 18.10, 16.08, 0, 0, 4.58
2019/04/19 08:21:00, 24.00, 24.08, 23.87, 18.08, 16.08, 0, 0, 4.58
2019/04/19 08:22:00, 24.00, 24.07, 23.89, 18.07, 16.08, 0, 0, 4.58
2019/04/19 08:23:00, 24.00, 24.08, 23.91, 18.05, 16.07, 0, 0, 4.58
2019/04/19 08:24:00, 24.00, 24.07, 23.88, 18.00, 16.05, 0, 0, 4.58
2019/04/19 08:25:00, 24.00, 24.11, 23.88, 18.07, 16.07, 0, 0, 4.58
2019/04/19 08:26:00, 24.00, 24.11, 23.89, 17.99, 16.07, 0, 0, 4.58
2019/04/19 08:27:00, 24.00, 24.11, 23.91, 18.02, 16.04, 0, 0, 4.58
2019/04/19 08:28:00, 24.00, 24.11, 23.90, 18.05, 16.04, 0, 0, 4.58
2019/04/19 08:29:00, 24.00, 24.09, 23.90, 18.04, 16.06, 0, 0, 4.58
2019/04/19 08:30:00, 24.00, 24.08, 23.90, 18.02, 16.04, 0, 0, 4.58
2019/04/19 08:31:00, 24.00, 24.08, 23.89, 18.02, 16.05, 0, 0, 4.58
2019/04/19 08:32:00, 24.00, 24.08, 23.90, 18.04, 16.04, 0, 0, 4.58
2019/04/19 08:33:00, 24.00, 24.09, 23.92, 17.94, 16.03, 0, 0, 4.58
2019/04/19 08:34:00, 24.00, 24.11, 23.90, 18.00, 16.04, 0, 0, 4.58
2019/04/19 08:35:00, 24.00, 24.09, 23.90, 18.04, 16.04, 0, 0, 4.58
2019/04/19 08:36:00, 24.00, 24.09, 23.92, 18.00, 16.04, 0, 0, 4.58
2019/04/19 08:37:00, 24.00, 24.08, 23.90, 18.04, 16.05, 0, 0, 4.58
2019/04/19 08:38:00, 24.00, 24.09, 23.89, 18.04, 16.07, 0, 0, 4.58
2019/04/19 08:39:00, 24.00, 24.09, 23.91, 18.02, 16.04, 0, 0, 4.58
2019/04/19 08:40:00, 24.00, 24.08, 23.88, 18.00, 16.04, 0, 0, 4.58
2019/04/19 08:41:00, 24.00, 24.08, 23.90, 18.02, 16.07, 0, 0, 4.58
2019/04/19 08:42:00, 24.00, 24.09, 23.90, 18.04, 16.06, 0, 0, 4.58
2019/04/19 08:43:00, 24.00, 24.05, 23.90, 18.04, 16.05, 0, 0, 4.58
2019/04/19 08:44:00, 24.00, 24.07, 23.87, 18.07, 16.04, 0, 0, 4.58
2019/04/19 08:45:00, 24.00, 24.07, 23.88, 17.99, 16.03, 0, 0, 4.58
2019/04/19 08:46:00, 24.00, 24.08, 23.88, 18.07, 16.07, 0, 0, 4.58
2019/04/19 08:47:00, 24.00, 24.07, 23.86, 17.99, 16.06, 0, 0, 4.58
2019/04/19 08:48:00, 24.00, 24.08, 23.86, 18.07, 16.06, 0, 0, 4.58
2019/04/19 08:49:00, 24.00, 24.04, 23.88, 18.04, 16.07, 0, 0, 4.58
2019/04/19 08:50:00, 24.00, 24.08, 23.88, 18.04, 16.05, 0, 0, 4.58
2019/04/19 08:51:00, 24.00, 24.07, 23.88, 17.99, 16.03, 0, 0, 4.58
2019/04/19 08:52:00, 24.00, 24.08, 23.88, 18.02, 16.04, 0, 0, 4.58
2019/04/19 08:53:00, 24.00, 24.07, 23.87, 18.02, 16.04, 0, 0, 4.58
2019/04/19 08:54:00, 24.00, 24.05, 23.86, 17.95, 16.06, 0, 0, 4.58
2019/04/19 08:55:00, 24.00, 24.02, 23.86, 18.02, 16.05, 0, 0, 4.58
2019/04/19 08:56:00, 24.00, 24.08, 23.88, 18.05, 16.05, 0, 0, 4.58
2019/04/19 08:57:00, 24.00, 24.08, 23.87, 18.04, 16.06, 0, 0, 4.58
2019/04/19 08:58:00, 24.00, 24.07, 23.91, 18.07, 16.04, 0, 0, 4.58
2019/04/19 08:59:00, 24.00, 24.08, 23.89, 18.00, 16.05, 0, 0, 4.58
2019/04/19 09:00:00, 24.00, 24.11, 23.91, 18.02, 16.04, 0, 0, 4.58
2019/04/19 09:01:00, 24.00, 24.12, 23.92, 17.99, 16.01, 0, 0, 4.58
2019/04/19 09:02:00, 24.00, 24.11, 23.92, 17.95, 16.01, 0, 0, 4.58
2019/04/19 09:03:00, 24.00, 24.09, 23.92, 17.94, 15.99, 0, 0, 4.58
2019/04/19 09:04:00, 24.00, 24.11, 23.94, 17.97, 15.99, 0, 0, 4.58
2019/04/19 09:05:00, 24.00, 24.11, 23.92, 17.97, 16.01, 0, 0, 4.58
2019/04/19 09:06:00, 24.00, 24.14, 23.93, 18.01, 15.99, 0, 0, 4.58
2019/04/19 09:07:00, 24.00, 24.16, 23.94, 17.94, 15.98, 0, 0, 4.58
2019/04/19 09:08:00, 24.00, 24.14, 23.95, 17.98, 15.98, 0, 0, 4.58
2019/04/19 09:09:00, 24.00, 24.18, 23.95, 17.91, 15.97, 0, 0, 4.58
2019/04/19 09:10:00, 24.00, 24.15, 23.95, 17.89, 15.96, 0, 0, 4.58
2019/04/19 09:11:00, 24.00, 24.16, 23.95, 17.91, 15.94, 0, 0, 4.58
2019/04/19 09:12:00, 24.00, 24.15, 23.95, 17.93, 15.96, 0, 0, 4.58
2019/04/19 09:13:00, 24.00, 24.14, 23.96, 17.99, 15.98, 0, 0, 4.58
2019/04/19 09:14:00, 24.00, 24.19, 23.97, 17.98, 15.98, 0, 0, 4.58
2019/04/19 09:15:00, 24.00, 24.16, 23.98, 17.86, 15.94, 0, 0, 4.58
2019/04/19 09:16:00, 24.00, 24.18, 23.96, 17.89, 15.93, 0, 0, 4.58
2019/04/19 09:17:00, 24.00, 24.18, 23.97, 17.88, 15.94, 0, 0, 4.58
2019/04/19 09:18:00, 24.00, 24.16, 23.98, 17.91, 15.94, 0, 0, 4.58
2019/04/19 09:19:00, 24.00, 24.16, 23.98, 17.91, 15.90, 0, 0, 4.58
2019/04/19 09:20:00, 24.00, 24.16, 23.97, 17.90, 15.92, 0, 0, 4.58
2019/04/19 09:21:00, 24.00, 24.19, 23.97, 17.85, 15.91, 0, 0, 4.58
2019/04/19 09:22:00, 24.00, 24.19, 24.01, 17.85, 15.88, 0, 0, 4.58
2019/04/19 09:23:00, 24.00, 24.19, 24.03, 17.93, 15.91, 0, 0, 4.58
2019/04/19 09:24:00, 24.00, 24.19, 24.01, 17.93, 15.91, 0, 0, 4.58
2019/04/19 09:25:00, 24.00, 24.18, 24.02, 17.88, 15.89, 0, 0, 4.58
2019/04/19 09:26:00, 24.25, 24.19, 24.03, 17.87, 15.88, 0, 0, 4.58
2019/04/19 09:27:00, 24.25, 24.19, 24.03, 17.88, 15.91, 0, 0, 4.58
2019/04/19 09:28:00, 24.25, 24.20, 24.01, 17.85, 15.88, 0, 0, 4.58
2019/04/19 09:29:00, 24.25, 24.22, 24.02, 17.90, 15.90, 0, 0, 4.58
2019/04/19 09:30:00, 24.25, 24.22, 24.02, 17.85, 15.90, 0, 0, 4.58
2019/04/19 09:31:00, 24.25, 24.22, 24.05, 17.87, 15.89, 0, 0, 4.58
2019/04/19 09:32:00, 24.25, 24.22, 24.01, 17.83, 15.88, 0, 0, 4.58
2019/04/19 09:33:00, 24.25, 24.22, 24.03, 17.88, 15.90, 0, 0, 4.58
2019/04/19 09:34:00, 24.25, 24.22, 24.02, 17.82, 15.89, 0, 0, 4.58
2019/04/19 09:35:00, 24.25, 24.22, 24.04, 17.88, 15.91, 0, 0, 4.58
2019/04/19 09:36:00, 24.25, 24.25, 24.04, 17.83, 15.91, 0, 0, 4.58
2019/04/19 09:37:00, 24.25, 24.25, 24.04, 17.85, 15.91, 0, 0, 4.58
2019/04/19 09:38:00, 24.25, 24.23, 24.05, 17.90, 15.88, 0, 0, 4.58
2019/04/19 09:39:00, 24.25, 24.23, 24.04, 17.83, 15.91, 0, 0, 4.58
2019/04/19 09:40:00, 24.25, 24.20, 24.05, 17.87, 15.92, 0, 0, 4.58
2019/04/19 09:41:00, 24.25, 24.25, 24.04, 17.93, 15.91, 0, 0, 4.58
2019/04/19 09:42:00, 24.25, 24.25, 24.05, 17.87, 15.92, 0, 0, 4.58
2019/04/19 09:43:00, 24.25, 24.22, 24.06, 17.87, 15.92, 0, 0, 4.58
2019/04/19 09:44:00, 24.25, 24.25, 24.04, 17.88, 15.92, 0, 0, 4.58
2019/04/19 09:45:00, 24.25, 24.22, 24.05, 17.83, 15.93, 0, 0, 4.58
2019/04/19 09:46:00, 24.25, 24.23, 24.03, 17.90, 15.92, 0, 0, 4.58
2019/04/19 09:47:00, 24.25, 24.23, 24.03, 17.95, 15.92, 0, 0, 4.58
2019/04/19 09:48:00, 24.25, 24.23, 24.06, 17.85, 15.92, 0, 0, 4.58
2019/04/19 09:49:00, 24.25, 24.25, 24.06, 17.91, 15.96, 0, 0, 4.58
2019/04/19 09:50:00, 24.25, 24.23, 24.08, 17.90, 15.94, 0, 0, 4.58
2019/04/19 09:51:00, 24.25, 24.27, 24.06, 17.92, 15.94, 0, 0, 4.58
2019/04/19 09:52:00, 24.25, 24.25, 24.07, 17.92, 15.94, 0, 0, 4.58
2019/04/19 09:53:00, 24.25, 24.27, 24.07, 17.85, 15.91, 0, 0, 4.58
2019/04/19 09:54:00, 24.25, 24.27, 24.10, 17.87, 15.91, 0, 0, 4.58
2019/04/19 09:55:00, 24.25, 24.27, 24.08, 17.85, 15.91, 0, 0, 4.58
2019/04/19 09:56:00, 24.25, 24.27, 24.08, 17.89, 15.91, 0, 0, 4.58
2019/04/19 09:57:00, 24.25, 24.27, 24.07, 17.94, 15.94, 0, 0, 4.58
2019/04/19 09:58:00, 24.25, 24.26, 24.08, 17.80, 15.90, 0, 0, 4.58
2019/04/19 09:59:00, 24.25, 24.26, 24.04, 17.83, 15.89, 0, 0, 4.58
2019/04/19 10:00:00, 24.25, 24.26, 24.06, 17.90, 15.92, 0, 0, 4.58
2019/04/19 10:01:00, 24.25, 24.23, 24.08, 17.95, 15.94, 0, 0, 4.58
2019/04/19 10:02:00, 24.25, 24.26, 24.06, 17.90, 15.94, 0, 0, 4.58
2019/04/19 10:03:00, 24.25, 24.27, 24.07, 17.92, 15.92, 0, 0, 4.58
2019/04/19 10:04:00, 24.25, 24.25, 24.10, 17.89, 15.93, 0, 0, 4.58
2019/04/19 10:05:00, 24.25, 24.26, 24.07, 17.90, 15.92, 0, 0, 4.58
2019/04/19 10:06:00, 24.25, 24.31, 24.10, 17.92, 15.94, 0, 0, 4.58
2019/04/19 10:07:00, 24.25, 24.27, 24.08, 17.85, 15.91, 0, 0, 4.58
2019/04/19 10:08:00, 24.25, 24.29, 24.09, 17.85, 15.89, 0, 0, 4.58
2019/04/19 10:09:00, 24.25, 24.31, 24.11, 17.89, 15.92, 0, 0, 4.58
2019/04/19 10:10:00, 24.25, 24.32, 24.10, 17.90, 15.91, 0, 0, 4.58
2019/04/19 10:11:00, 24.25, 24.31, 24.10, 17.87, 15.90, 0, 0, 4.58
2019/04/19 10:12:00, 24.25, 24.33, 24.10, 17.89, 15.91, 0, 0, 4.58
2019/04/19 10:13:00, 24.25, 24.32, 24.13, 17.84, 15.91, 0, 0, 4.58
2019/04/19 10:14:00, 24.25, 24.31, 24.12, 17.89, 15.92, 0, 0, 4.58
2019/04/19 10:15:00, 24.25, 24.32, 24.12, 17.84, 15.91, 0, 0, 4.58
2019/04/19 10:16:00, 24.25, 24.33, 24.12, 17.84, 15.90, 0, 0, 4.58
2019/04/19 10:17:00, 24.25, 24.35, 24.11, 17.83, 15.90, 0, 0, 4.58
2019/04/19 10:18:00, 24.25, 24.33, 24.16, 17.83, 15.88, 0, 0, 4.58
2019/04/19 10:19:00, 24.25, 24.35, 24.15, 17.85, 15.88, 0, 0, 4.58
2019/04/19 10:20:00, 24.25, 24.33, 24.15, 17.81, 15.86, 0, 0, 4.58
2019/04/19 10:21:00, 24.25, 24.33, 24.15, 17.88, 15.87, 0, 0, 4.58
2019/04/19 10:22:00, 24.25, 24.35, 24.16, 17.81, 15.86, 0, 0, 4.58
2019/04/19 10:23:00, 24.25, 24.33, 24.16, 17.86, 15.86, 0, 0, 4.58
2019/04/19 10:24:00, 24.25, 24.35, 24.15, 17.81, 15.85, 0, 0, 4.58
2019/04/19 10:25:00, 24.25, 24.36, 24.17, 17.85, 15.86, 0, 0, 4.58
2019/04/19 10:26:00, 24.25, 24.35, 24.13, 17.73, 15.83, 0, 0, 4.58
2019/04/19 10:27:00, 24.25, 24.35, 24.15, 17.84, 15.86, 0, 0, 4.58
2019/04/19 10:28:00, 24.25, 24.36, 24.16, 17.77, 15.86, 0, 0, 4.58
2019/04/19 10:29:00, 24.25, 24.38, 24.15, 17.84, 15.85, 0, 0, 4.58
2019/04/19 10:30:00, 24.25, 24.35, 24.13, 17.81, 15.84, 0, 0, 4.58
2019/04/19 10:31:00, 24.25, 24.35, 24.17, 17.86, 15.85, 0, 0, 4.58
2019/04/19 10:32:00, 24.25, 24.35, 24.16, 17.77, 15.84, 0, 0, 4.58
2019/04/19 10:33:00, 24.25, 24.32, 24.16, 17.77, 15.84, 0, 0, 4.58
2019/04/19 10:34:00, 24.25, 24.33, 24.16, 17.79, 15.82, 0, 0, 4.58
2019/04/19 10:35:00, 24.25, 24.35, 24.16, 17.76, 15.82, 0, 0, 4.58
2019/04/19 10:36:00, 24.25, 24.36, 24.16, 17.79, 15.82, 0, 0, 4.58
2019/04/19 10:37:00, 24.25, 24.36, 24.17, 17.79, 15.82, 0, 0, 4.58
2019/04/19 10:38:00, 24.25, 24.36, 24.16, 17.79, 15.82, 0, 0, 4.58
2019/04/19 10:39:00, 24.25, 24.35, 24.16, 17.79, 15.81, 0, 0, 4.58
2019/04/19 10:40:00, 24.25, 24.35, 24.17, 17.74, 15.82, 0, 0, 4.58
2019/04/19 10:41:00, 24.25, 24.38, 24.18, 17.76, 15.80, 0, 0, 4.58
2019/04/19 10:42:00, 24.25, 24.35, 24.16, 17.81, 15.81, 0, 0, 4.58
2019/04/19 10:43:00, 24.25, 24.36, 24.15, 17.76, 15.80, 0, 0, 4.58
2019/04/19 10:44:00, 24.25, 24.38, 24.19, 17.76, 15.82, 0, 0, 4.58
2019/04/19 10:45:00, 24.25, 24.38, 24.16, 17.77, 15.79, 0, 0, 4.58
2019/04/19 10:46:00, 24.25, 24.39, 24.16, 17.74, 15.77, 0, 0, 4.58
2019/04/19 10:47:00, 24.25, 24.39, 24.18, 17.76, 15.79, 0, 0, 4.58
2019/04/19 10:48:00, 24.25, 24.39, 24.18, 17.76, 15.78, 0, 0, 4.58
2019/04/19 10:49:00, 24.25, 24.35, 24.17, 17.74, 15.78, 0, 0, 4.58
2019/04/19 10:50:00, 24.25, 24.36, 24.17, 17.79, 15.77, 0, 0, 4.58
2019/04/19 10:51:00, 24.25, 24.38, 24.16, 17.76, 15.77, 0, 0, 4.58
2019/04/19 10:52:00, 24.25, 24.38, 24.18, 17.73, 15.78, 0, 0, 4.58
2019/04/19 10:53:00, 24.25, 24.36, 24.19, 17.73, 15.81, 0, 0, 4.58
2019/04/19 10:54:00, 24.25, 24.36, 24.19, 17.74, 15.79, 0, 0, 4.58
2019/04/19 10:55:00, 24.25, 24.36, 24.19, 17.76, 15.79, 0, 0, 4.58
2019/04/19 10:56:00, 24.25, 24.39, 24.18, 17.74, 15.78, 0, 0, 4.58
2019/04/19 10:57:00, 24.25, 24.36, 24.18, 17.78, 15.79, 0, 0, 4.58
2019/04/19 10:58:00, 24.25, 24.38, 24.20, 17.73, 15.77, 0, 0, 4.58
2019/04/19 10:59:00, 24.25, 24.39, 24.19, 17.74, 15.76, 0, 0, 4.58
2019/04/19 11:00:00, 24.25, 24.38, 24.19, 17.74, 15.77, 0, 0, 4.58
2019/04/19 11:01:00, 24.25, 24.35, 24.19, 17.76, 15.78, 0, 0, 4.57
2019/04/19 11:02:00, 24.25, 24.38, 24.19, 17.73, 15.78, 0, 0, 4.58
2019/04/19 11:03:00, 24.25, 24.38, 24.18, 17.73, 15.75, 0, 0, 4.58
2019/04/19 11:04:00, 24.25, 24.40, 24.18, 17.70, 15.75, 0, 0, 4.58
2019/04/19 11:05:00, 24.25, 24.36, 24.17, 17.65, 15.73, 0, 0, 4.58
2019/04/19 11:06:00, 24.25, 24.35, 24.18, 17.83, 15.76, 0, 0, 4.57
2019/04/19 11:07:00, 24.25, 24.38, 24.18, 17.70, 15.76, 0, 0, 4.57
2019/04/19 11:08:00, 24.25, 24.36, 24.18, 17.73, 15.77, 0, 0, 4.58
2019/04/19 11:09:00, 24.25, 24.39, 24.19, 17.70, 15.78, 0, 0, 4.58
2019/04/19 11:10:00, 24.25, 24.39, 24.19, 17.73, 15.78, 0, 0, 4.58
2019/04/19 11:11:00, 24.25, 24.36, 24.19, 17.72, 15.75, 0, 0, 4.58
2019/04/19 11:12:00, 24.25, 24.39, 24.19, 17.71, 15.75, 0, 0, 4.58
2019/04/19 11:13:00, 24.25, 24.38, 24.19, 17.70, 15.70, 0, 0, 4.58
2019/04/19 11:14:00, 24.25, 24.35, 24.16, 17.70, 15.75, 0, 0, 4.58
2019/04/19 11:15:00, 24.25, 24.38, 24.18, 17.70, 15.76, 0, 0, 4.58
2019/04/19 11:16:00, 24.25, 24.36, 24.16, 17.71, 15.73, 0, 0, 4.58
2019/04/19 11:17:00, 24.25, 24.38, 24.17, 17.70, 15.72, 0, 0, 4.58
2019/04/19 11:18:00, 24.25, 24.36, 24.17, 17.71, 15.73, 0, 0, 4.58
2019/04/19 11:19:00, 24.25, 24.36, 24.18, 17.72, 15.74, 0, 0, 4.58
2019/04/19 11:20:00, 24.25, 24.36, 24.19, 17.71, 15.73, 0, 0, 4.57
2019/04/19 11:21:00, 24.25, 24.36, 24.17, 17.63, 15.72, 0, 0, 4.58
2019/04/19 11:22:00, 24.25, 24.35, 24.17, 17.73, 15.73, 0, 0, 4.57
2019/04/19 11:23:00, 24.25, 24.38, 24.17, 17.65, 15.72, 0, 0, 4.58
2019/04/19 11:24:00, 24.25, 24.35, 24.18, 17.66, 15.71, 0, 0, 4.58
2019/04/19 11:25:00, 24.25, 24.36, 24.18, 17.70, 15.69, 0, 0, 4.58
2019/04/19 11:26:00, 24.25, 24.38, 24.16, 17.58, 15.67, 0, 0, 4.57
2019/04/19 11:27:00, 24.25, 24.35, 24.16, 17.65, 15.67, 0, 0, 4.58
2019/04/19 11:28:00, 24.25, 24.33, 24.17, 17.66, 15.71, 0, 0, 4.58
2019/04/19 11:29:00, 24.25, 24.36, 24.17, 17.71, 15.71, 0, 0, 4.58
2019/04/19 11:30:00, 24.25, 24.32, 24.15, 17.68, 15.71, 0, 0, 4.58
2019/04/19 11:31:00, 24.25, 24.36, 24.18, 17.63, 15.72, 0, 0, 4.57
2019/04/19 11:32:00, 24.25, 24.35, 24.18, 17.63, 15.72, 0, 0, 4.57
2019/04/19 11:33:00, 24.25, 24.35, 24.16, 17.66, 15.70, 0, 0, 4.57
2019/04/19 11:34:00, 24.25, 24.35, 24.16, 17.65, 15.71, 0, 0, 4.57
2019/04/19 11:35:00, 24.25, 24.33, 24.16, 17.61, 15.69, 0, 0, 4.57
2019/04/19 11:36:00, 24.25, 24.35, 24.15, 17.65, 15.69, 0, 0, 4.57
2019/04/19 11:37:00, 24.25, 24.33, 24.13, 17.66, 15.71, 0, 0, 4.57
2019/04/19 11:38:00, 24.25, 24.35, 24.16, 17.72, 15.72, 0, 0, 4.58
2019/04/19 11:39:00, 24.25, 24.36, 24.16, 17.61, 15.71, 0, 0, 4.58
2019/04/19 11:40:00, 24.25, 24.36, 24.16, 17.68, 15.71, 0, 0, 4.57
2019/04/19 11:41:00, 24.25, 24.33, 24.16, 17.68, 15.71, 0, 0, 4.57
2019/04/19 11:42:00, 24.25, 24.36, 24.16, 17.66, 15.71, 0, 0, 4.57
2019/04/19 11:43:00, 24.25, 24.36, 24.16, 17.65, 15.72, 0, 0, 4.57
2019/04/19 11:44:00, 24.25, 24.36, 24.16, 17.60, 15.71, 0, 0, 4.57
2019/04/19 11:45:00, 24.25, 24.36, 24.16, 17.68, 15.71, 0, 0, 4.57
2019/04/19 11:46:00, 24.25, 24.36, 24.16, 17.68, 15.72, 0, 0, 4.57
2019/04/19 11:47:00, 24.25, 24.32, 24.15, 17.66, 15.72, 0, 0, 4.57
2019/04/19 11:48:00, 24.25, 24.33, 24.13, 17.65, 15.69, 0, 0, 4.57
2019/04/19 11:49:00, 24.25, 24.35, 24.13, 17.69, 15.71, 0, 0, 4.57
2019/04/19 11:50:00, 24.25, 24.35, 24.16, 17.68, 15.72, 0, 0, 4.57
2019/04/19 11:51:00, 24.25, 24.35, 24.18, 17.66, 15.70, 0, 0, 4.57
2019/04/19 11:52:00, 24.25, 24.36, 24.15, 17.69, 15.69, 0, 0, 4.57
2019/04/19 11:53:00, 24.25, 24.35, 24.15, 17.69, 15.71, 0, 0, 4.57
2019/04/19 11:54:00, 24.25, 24.35, 24.13, 17.65, 15.70, 0, 0, 4.57
2019/04/19 11:55:00, 24.25, 24.33, 24.16, 17.61, 15.69, 0, 0, 4.57
2019/04/19 11:56:00, 24.25, 24.32, 24.15, 17.63, 15.65, 0, 0, 4.57
2019/04/19 11:57:00, 24.25, 24.33, 24.13, 17.68, 15.67, 0, 0, 4.57
2019/04/19 11:58:00, 24.25, 24.35, 24.13, 17.63, 15.68, 0, 0, 4.57
2019/04/19 11:59:00, 24.25, 24.35, 24.17, 17.58, 15.64, 0, 0, 4.57
2019/04/19 12:00:00, 24.25, 24.33, 24.13, 17.58, 15.62, 0, 0, 4.57
2019/04/19 12:01:00, 24.25, 24.33, 24.15, 17.60, 15.64, 0, 0, 4.57
2019/04/19 12:02:00, 24.25, 24.33, 24.13, 17.60, 15.62, 0, 0, 4.57
2019/04/19 12:03:00, 24.25, 24.35, 24.12, 17.55, 15.60, 0, 0, 4.57
2019/04/19 12:04:00, 24.25, 24.33, 24.13, 17.55, 15.62, 0, 0, 4.57
2019/04/19 12:05:00, 24.25, 24.32, 24.13, 17.50, 15.59, 0, 0, 4.57
2019/04/19 12:06:00, 24.25, 24.32, 24.13, 17.58, 15.56, 0, 0, 4.57
2019/04/19 12:07:00, 24.25, 24.31, 24.13, 17.55, 15.58, 0, 0, 4.57
2019/04/19 12:08:00, 24.25, 24.36, 24.13, 17.52, 15.58, 0, 0, 4.57
2019/04/19 12:09:00, 24.25, 24.32, 24.16, 17.47, 15.56, 0, 0, 4.57
2019/04/19 12:10:00, 24.25, 24.31, 24.13, 17.45, 15.50, 0, 0, 4.57
2019/04/19 12:11:00, 24.25, 24.31, 24.13, 17.48, 15.53, 0, 0, 4.57
2019/04/19 12:12:00, 24.25, 24.31, 24.15, 17.50, 15.53, 0, 0, 4.57
2019/04/19 12:13:00, 24.25, 24.32, 24.15, 17.48, 15.53, 0, 0, 4.57
2019/04/19 12:14:00, 24.25, 24.32, 24.12, 17.48, 15.51, 0, 0, 4.57
2019/04/19 12:15:00, 24.25, 24.32, 24.12, 17.45, 15.50, 0, 0, 4.57
2019/04/19 12:16:00, 24.25, 24.33, 24.13, 17.45, 15.49, 0, 0, 4.57
2019/04/19 12:17:00, 24.25, 24.32, 24.15, 17.43, 15.47, 0, 0, 4.57
2019/04/19 12:18:00, 24.25, 24.31, 24.13, 17.41, 15.46, 0, 0, 4.57
2019/04/19 12:19:00, 24.25, 24.29, 24.13, 17.40, 15.45, 0, 0, 4.57
2019/04/19 12:20:00, 24.25, 24.32, 24.12, 17.47, 15.47, 0, 0, 4.57
2019/04/19 12:21:00, 24.25, 24.33, 24.11, 17.41, 15.45, 0, 0, 4.57
2019/04/19 12:22:00, 24.25, 24.31, 24.12, 17.38, 15.41, 0, 0, 4.57
2019/04/19 12:23:00, 24.25, 24.29, 24.11, 17.38, 15.42, 0, 0, 4.57
2019/04/19 12:24:00, 24.25, 24.29, 24.10, 17.32, 15.42, 0, 0, 4.57
2019/04/19 12:25:00, 24.25, 24.29, 24.12, 17.40, 15.43, 0, 0, 4.57
2019/04/19 12:26:00, 24.25, 24.29, 24.11, 17.40, 15.44, 0, 0, 4.57
2019/04/19 12:27:00, 24.25, 24.31, 24.12, 17.40, 15.43, 0, 0, 4.57
2019/04/19 12:28:00, 24.25, 24.29, 24.12, 17.36, 15.43, 0, 0, 4.57
2019/04/19 12:29:00, 24.25, 24.31, 24.11, 17.43, 15.43, 0, 0, 4.57
2019/04/19 12:30:00, 24.25, 24.29, 24.10, 17.40, 15.45, 0, 0, 4.57
2019/04/19 12:31:00, 24.25, 24.31, 24.13, 17.40, 15.40, 0, 0, 4.57
2019/04/19 12:32:00, 24.25, 24.29, 24.11, 17.38, 15.40, 0, 0, 4.57
2019/04/19 12:33:00, 24.25, 24.31, 24.10, 17.34, 15.40, 0, 0, 4.57
2019/04/19 12:34:00, 24.25, 24.31, 24.12, 17.39, 15.40, 0, 0, 4.57
2019/04/19 12:35:00, 24.25, 24.29, 24.12, 17.32, 15.41, 0, 0, 4.57
2019/04/19 12:36:00, 24.25, 24.31, 24.13, 17.40, 15.42, 0, 0, 4.57
2019/04/19 12:37:00, 24.25, 24.29, 24.16, 17.43, 15.41, 0, 0, 4.57
2019/04/19 12:38:00, 24.25, 24.27, 24.11, 17.37, 15.40, 0, 0, 4.57
2019/04/19 12:39:00, 24.25, 24.32, 24.12, 17.32, 15.39, 0, 0, 4.57
2019/04/19 12:40:00, 24.25, 24.31, 24.11, 17.40, 15.37, 0, 0, 4.57
2019/04/19 12:41:00, 24.25, 24.29, 24.10, 17.38, 15.40, 0, 0, 4.57
2019/04/19 12:42:00, 24.25, 24.32, 24.09, 17.40, 15.42, 0, 0, 4.57
2019/04/19 12:43:00, 24.25, 24.32, 24.11, 17.40, 15.42, 0, 0, 4.57
2019/04/19 12:44:00, 24.25, 24.29, 24.10, 17.41, 15.43, 0, 0, 4.57
2019/04/19 12:45:00, 24.25, 24.32, 24.10, 17.41, 15.43, 0, 0, 4.57
2019/04/19 12:46:00, 24.25, 24.29, 24.09, 17.36, 15.41, 0, 0, 4.57
2019/04/19 12:47:00, 24.25, 24.32, 24.09, 17.43, 15.43, 0, 0, 4.57
2019/04/19 12:48:00, 24.25, 24.29, 24.12, 17.40, 15.43, 0, 0, 4.57
2019/04/19 12:49:00, 24.25, 24.27, 24.12, 17.37, 15.43, 0, 0, 4.57
2019/04/19 12:50:00, 24.25, 24.31, 24.10, 17.35, 15.41, 0, 0, 4.57
2019/04/19 12:51:00, 24.25, 24.31, 24.12, 17.38, 15.43, 0, 0, 4.57
2019/04/19 12:52:00, 24.25, 24.29, 24.10, 17.41, 15.43, 0, 0, 4.57
2019/04/19 12:53:00, 24.25, 24.29, 24.11, 17.43, 15.43, 0, 0, 4.57
2019/04/19 12:54:00, 24.25, 24.31, 24.10, 17.43, 15.45, 0, 0, 4.57
2019/04/19 12:55:00, 24.25, 24.29, 24.10, 17.38, 15.45, 0, 0, 4.57
2019/04/19 12:56:00, 24.25, 24.27, 24.09, 17.41, 15.47, 0, 0, 4.57
2019/04/19 12:57:00, 24.25, 24.29, 24.10, 17.38, 15.46, 0, 0, 4.57
2019/04/19 12:58:00, 24.25, 24.27, 24.09, 17.45, 15.49, 0, 0, 4.57
2019/04/19 12:59:00, 24.25, 24.31, 24.10, 17.45, 15.49, 0, 0, 4.57
2019/04/19 13:00:00, 24.25, 24.29, 24.09, 17.50, 15.49, 0, 0, 4.57
2019/04/19 13:01:00, 24.25, 24.29, 24.10, 17.50, 15.49, 0, 0, 4.57
2019/04/19 13:02:00, 24.25, 24.27, 24.09, 17.48, 15.49, 0, 0, 4.57
2019/04/19 13:03:00, 24.25, 24.29, 24.10, 17.50, 15.49, 0, 0, 4.57
2019/04/19 13:04:00, 24.25, 24.29, 24.07, 17.46, 15.49, 0, 0, 4.57
2019/04/19 13:05:00, 24.25, 24.27, 24.10, 17.51, 15.52, 0, 0, 4.57
2019/04/19 13:06:00, 24.25, 24.25, 24.07, 17.43, 15.49, 0, 0, 4.57
2019/04/19 13:07:00, 24.25, 24.27, 24.06, 17.53, 15.49, 0, 0, 4.57
2019/04/19 13:08:00, 24.25, 24.27, 24.05, 17.51, 15.50, 0, 0, 4.57
2019/04/19 13:09:00, 24.25, 24.26, 24.06, 17.54, 15.54, 0, 0, 4.57
2019/04/19 13:10:00, 24.25, 24.23, 24.07, 17.53, 15.55, 0, 0, 4.57
2019/04/19 13:11:00, 24.25, 24.23, 24.07, 17.49, 15.51, 0, 0, 4.57
2019/04/19 13:12:00, 24.25, 24.23, 24.06, 17.57, 15.51, 0, 0, 4.57
2019/04/19 13:13:00, 24.25, 24.20, 24.04, 17.51, 15.53, 0, 0, 4.57
2019/04/19 13:14:00, 24.25, 24.23, 24.05, 17.53, 15.53, 0, 0, 4.57
2019/04/19 13:15:00, 24.25, 24.20, 24.05, 17.49, 15.53, 0, 0, 4.57
2019/04/19 13:16:00, 24.25, 24.23, 24.03, 17.47, 15.53, 0, 0, 4.57
2019/04/19 13:17:00, 24.25, 24.20, 24.04, 17.46, 15.52, 0, 0, 4.57
2019/04/19 13:18:00, 24.25, 24.20, 24.03, 17.49, 15.53, 0, 0, 4.57
2019/04/19 13:19:00, 24.25, 24.23, 24.04, 17.54, 15.55, 0, 0, 4.57
2019/04/19 13:20:00, 24.25, 24.20, 24.04, 17.49, 15.53, 0, 0, 4.57
2019/04/19 13:21:00, 24.25, 24.19, 24.02, 17.52, 15.54, 0, 0, 4.57
2019/04/19 13:22:00, 24.25, 24.23, 24.02, 17.51, 15.53, 0, 0, 4.57
2019/04/19 13:23:00, 24.25, 24.22, 24.03, 17.52, 15.53, 0, 0, 4.57
2019/04/19 13:24:00, 24.25, 24.19, 24.02, 17.51, 15.51, 0, 0, 4.57
2019/04/19 13:25:00, 24.25, 24.20, 24.04, 17.47, 15.51, 0, 0, 4.57
2019/04/19 13:26:00, 24.25, 24.22, 24.04, 17.47, 15.49, 0, 0, 4.57
2019/04/19 13:27:00, 24.25, 24.20, 24.02, 17.44, 15.51, 0, 0, 4.57
2019/04/19 13:28:00, 24.25, 24.23, 24.03, 17.46, 15.49, 0, 0, 4.57
2019/04/19 13:29:00, 24.25, 24.20, 24.01, 17.38, 15.48, 0, 0, 4.57
2019/04/19 13:30:00, 24.25, 24.19, 24.01, 17.45, 15.48, 0, 0, 4.57
2019/04/19 13:31:00, 24.25, 24.19, 24.02, 17.49, 15.46, 0, 0, 4.57
2019/04/19 13:32:00, 24.25, 24.20, 24.01, 17.38, 15.43, 0, 0, 4.57
2019/04/19 13:33:00, 24.25, 24.19, 24.01, 17.41, 15.43, 0, 0, 4.57
2019/04/19 13:34:00, 24.25, 24.19, 24.00, 17.42, 15.44, 0, 0, 4.57
2019/04/19 13:35:00, 24.25, 24.19, 24.01, 17.42, 15.43, 0, 0, 4.57
2019/04/19 13:36:00, 24.25, 24.18, 24.02, 17.47, 15.44, 0, 0, 4.57
2019/04/19 13:37:00, 24.25, 24.16, 24.01, 17.44, 15.41, 0, 0, 4.57
2019/04/19 13:38:00, 24.25, 24.18, 24.01, 17.41, 15.43, 0, 0, 4.57
2019/04/19 13:39:00, 24.25, 24.19, 24.00, 17.35, 15.43, 0, 0, 4.57
2019/04/19 13:40:00, 24.25, 24.19, 24.00, 17.41, 15.43, 0, 0, 4.57
2019/04/19 13:41:00, 24.25, 24.19, 24.01, 17.42, 15.43, 0, 0, 4.57
2019/04/19 13:42:00, 24.25, 24.18, 24.01, 17.41, 15.42, 0, 0, 4.57
2019/04/19 13:43:00, 24.25, 24.19, 24.01, 17.29, 15.36, 0, 0, 4.57
2019/04/19 13:44:00, 24.25, 24.19, 24.00, 17.38, 15.37, 0, 0, 4.57
2019/04/19 13:45:00, 24.25, 24.18, 24.02, 17.39, 15.38, 0, 0, 4.57
2019/04/19 13:46:00, 24.25, 24.18, 24.01, 17.34, 15.40, 0, 0, 4.57
2019/04/19 13:47:00, 24.25, 24.18, 24.00, 17.33, 15.40, 0, 0, 4.57
2019/04/19 13:48:00, 24.25, 24.15, 24.00, 17.31, 15.35, 0, 0, 4.57
2019/04/19 13:49:00, 24.25, 24.16, 24.01, 17.36, 15.38, 0, 0, 4.57
2019/04/19 13:50:00, 24.25, 24.16, 23.97, 17.36, 15.38, 0, 0, 4.57
2019/04/19 13:51:00, 24.25, 24.18, 23.97, 17.37, 15.38, 0, 0, 4.57
2019/04/19 13:52:00, 24.25, 24.15, 24.00, 17.34, 15.37, 0, 0, 4.57
2019/04/19 13:53:00, 24.25, 24.15, 23.97, 17.36, 15.38, 0, 0, 4.57
2019/04/19 13:54:00, 24.25, 24.16, 24.00, 17.33, 15.38, 0, 0, 4.57
2019/04/19 13:55:00, 24.25, 24.15, 23.98, 17.36, 15.37, 0, 0, 4.57
2019/04/19 13:56:00, 24.25, 24.15, 23.96, 17.33, 15.30, 0, 0, 4.57
2019/04/19 13:57:00, 24.25, 24.15, 23.98, 17.33, 15.34, 0, 0, 4.57
2019/04/19 13:58:00, 24.25, 24.15, 24.00, 17.34, 15.34, 0, 0, 4.57
2019/04/19 13:59:00, 24.25, 24.16, 23.97, 17.31, 15.30, 0, 0, 4.57
2019/04/19 14:00:00, 24.25, 24.16, 23.97, 17.31, 15.31, 0, 0, 4.57
2019/04/19 14:01:00, 24.25, 24.15, 23.97, 17.34, 15.33, 0, 0, 4.57
2019/04/19 14:02:00, 24.25, 24.15, 23.98, 17.29, 15.30, 0, 0, 4.57
2019/04/19 14:03:00, 24.25, 24.15, 23.97, 17.29, 15.32, 0, 0, 4.57
2019/04/19 14:04:00, 24.25, 24.15, 23.98, 17.26, 15.30, 0, 0, 4.57
2019/04/19 14:05:00, 24.25, 24.14, 23.96, 17.31, 15.33, 0, 0, 4.57
2019/04/19 14:06:00, 24.25, 24.15, 23.98, 17.29, 15.33, 0, 0, 4.57
2019/04/19 14:07:00, 24.25, 24.16, 23.97, 17.31, 15.33, 0, 0, 4.57
2019/04/19 14:08:00, 24.25, 24.15, 24.00, 17.31, 15.34, 0, 0, 4.57
2019/04/19 14:09:00, 24.25, 24.16, 23.97, 17.28, 15.30, 0, 0, 4.57
2019/04/19 14:10:00, 24.25, 24.15, 23.97, 17.26, 15.32, 0, 0, 4.57
2019/04/19 14:11:00, 24.25, 24.16, 23.97, 17.31, 15.31, 0, 0, 4.57
2019/04/19 14:12:00, 24.25, 24.16, 23.97, 17.26, 15.31, 0, 0, 4.57
2019/04/19 14:13:00, 24.25, 24.16, 23.97, 17.31, 15.32, 0, 0, 4.57
2019/04/19 14:14:00, 24.25, 24.15, 23.96, 17.34, 15.33, 0, 0, 4.57
2019/04/19 14:15:00, 24.25, 24.14, 23.97, 17.29, 15.33, 0, 0, 4.57
2019/04/19 14:16:00, 24.25, 24.14, 23.98, 17.29, 15.33, 0, 0, 4.57
2019/04/19 14:17:00, 24.25, 24.14, 23.97, 17.29, 15.32, 0, 0, 4.57
2019/04/19 14:18:00, 24.25, 24.15, 23.96, 17.31, 15.33, 0, 0, 4.57
2019/04/19 14:19:00, 24.25, 24.15, 23.97, 17.31, 15.34, 0, 0, 4.57
2019/04/19 14:20:00, 24.25, 24.15, 23.97, 17.29, 15.33, 0, 0, 4.57
2019/04/19 14:21:00, 24.25, 24.14, 23.95, 17.37, 15.36, 0, 0, 4.57
2019/04/19 14:22:00, 24.25, 24.15, 23.97, 17.36, 15.36, 0, 0, 4.57
2019/04/19 14:23:00, 24.25, 24.12, 23.97, 17.33, 15.36, 0, 0, 4.57
2019/04/19 14:24:00, 24.25, 24.16, 23.95, 17.36, 15.36, 0, 0, 4.57
2019/04/19 14:25:00, 24.25, 24.15, 23.95, 17.33, 15.35, 0, 0, 4.57
2019/04/19 14:26:00, 24.25, 24.14, 23.97, 17.39, 15.36, 0, 0, 4.57
2019/04/19 14:27:00, 24.25, 24.18, 23.95, 17.33, 15.36, 0, 0, 4.57
2019/04/19 14:28:00, 24.25, 24.15, 23.95, 17.34, 15.36, 0, 0, 4.57
2019/04/19 14:29:00, 24.25, 24.15, 23.96, 17.36, 15.37, 0, 0, 4.57
2019/04/19 14:30:00, 24.25, 24.14, 23.96, 17.40, 15.38, 0, 0, 4.57
2019/04/19 14:31:00, 24.25, 24.12, 23.94, 17.37, 15.38, 0, 0, 4.57
2019/04/19 14:32:00, 24.25, 24.12, 23.94, 17.36, 15.38, 0, 0, 4.57
2019/04/19 14:33:00, 24.25, 24.16, 23.95, 17.29, 15.39, 0, 0, 4.57
2019/04/19 14:34:00, 24.25, 24.14, 23.94, 17.37, 15.42, 0, 0, 4.57
2019/04/19 14:35:00, 24.25, 24.15, 23.96, 17.40, 15.42, 0, 0, 4.57
2019/04/19 14:36:00, 24.25, 24.14, 23.94, 17.37, 15.40, 0, 0, 4.57
2019/04/19 14:37:00, 24.25, 24.15, 23.95, 17.44, 15.41, 0, 0, 4.57
2019/04/19 14:38:00, 24.25, 24.12, 23.94, 17.44, 15.39, 0, 0, 4.57
2019/04/19 14:39:00, 24.25, 24.14, 23.94, 17.39, 15.40, 0, 0, 4.57
2019/04/19 14:40:00, 24.25, 24.14, 23.94, 17.40, 15.40, 0, 0, 4.57
2019/04/19 14:41:00, 24.25, 24.11, 23.93, 17.37, 15.40, 0, 0, 4.57
2019/04/19 14:42:00, 24.25, 24.11, 23.94, 17.36, 15.42, 0, 0, 4.57
2019/04/19 14:43:00, 24.00, 24.12, 23.94, 17.39, 15.41, 0, 0, 4.57
2019/04/19 14:44:00, 24.25, 24.12, 23.95, 17.37, 15.40, 0, 0, 4.57
2019/04/19 14:45:00, 24.25, 24.11, 23.93, 17.37, 15.37, 0, 0, 4.57
2019/04/19 14:46:00, 24.00, 24.11, 23.92, 17.32, 15.37, 0, 0, 4.57
2019/04/19 14:47:00, 24.00, 24.11, 23.95, 17.36, 15.38, 0, 0, 4.57
2019/04/19 14:48:00, 24.25, 24.09, 23.93, 17.35, 15.37, 0, 0, 4.57
2019/04/19 14:49:00, 24.25, 24.12, 23.92, 17.37, 15.39, 0, 0, 4.57
2019/04/19 14:50:00, 24.00, 24.15, 23.92, 17.37, 15.40, 0, 0, 4.57
2019/04/19 14:51:00, 24.25, 24.09, 23.92, 17.39, 15.40, 0, 0, 4.57
2019/04/19 14:52:00, 24.00, 24.11, 23.93, 17.34, 15.40, 0, 0, 4.57
2019/04/19 14:53:00, 24.25, 24.12, 23.92, 17.35, 15.39, 0, 0, 4.57
2019/04/19 14:54:00, 24.00, 24.09, 23.92, 17.37, 15.39, 0, 0, 4.57
2019/04/19 14:55:00, 24.00, 24.09, 23.92, 17.37, 15.40, 0, 0, 4.57
2019/04/19 14:56:00, 24.00, 24.11, 23.91, 17.39, 15.40, 0, 0, 4.57
2019/04/19 14:57:00, 24.00, 24.09, 23.92, 17.34, 15.40, 0, 0, 4.57
2019/04/19 14:58:00, 24.00, 24.12, 23.92, 17.39, 15.41, 0, 0, 4.57
2019/04/19 14:59:00, 24.00, 24.08, 23.91, 17.39, 15.41, 0, 0, 4.57
2019/04/19 15:00:00, 24.00, 24.11, 23.92, 17.37, 15.41, 0, 0, 4.57
2019/04/19 15:01:00, 24.00, 24.11, 23.93, 17.42, 15.42, 0, 0, 4.57
2019/04/19 15:02:00, 24.00, 24.11, 23.91, 17.39, 15.40, 0, 0, 4.57
2019/04/19 15:03:00, 24.00, 24.08, 23.92, 17.39, 15.41, 0, 0, 4.57
2019/04/19 15:04:00, 24.00, 24.11, 23.91, 17.39, 15.41, 0, 0, 4.57
2019/04/19 15:05:00, 24.00, 24.12, 23.92, 17.35, 15.42, 0, 0, 4.57
2019/04/19 15:06:00, 24.00, 24.11, 23.94, 17.42, 15.41, 0, 0, 4.57
2019/04/19 15:07:00, 24.00, 24.11, 23.92, 17.42, 15.42, 0, 0, 4.57
2019/04/19 15:08:00, 24.00, 24.09, 23.94, 17.42, 15.43, 0, 0, 4.57
2019/04/19 15:09:00, 24.00, 24.07, 23.92, 17.36, 15.42, 0, 0, 4.57
2019/04/19 15:10:00, 24.00, 24.11, 23.91, 17.42, 15.39, 0, 0, 4.57
2019/04/19 15:11:00, 24.00, 24.09, 23.93, 17.39, 15.43, 0, 0, 4.57
2019/04/19 15:12:00, 24.00, 24.12, 23.92, 17.40, 15.43, 0, 0, 4.57
2019/04/19 15:13:00, 24.00, 24.14, 23.94, 17.44, 15.43, 0, 0, 4.57
2019/04/19 15:14:00, 24.00, 24.12, 23.93, 17.42, 15.43, 0, 0, 4.57
2019/04/19 15:15:00, 24.00, 24.11, 23.91, 17.36, 15.40, 0, 0, 4.57
2019/04/19 15:16:00, 24.00, 24.09, 23.92, 17.40, 15.41, 0, 0, 4.57
2019/04/19 15:17:00, 24.00, 24.11, 23.92, 17.40, 15.40, 0, 0, 4.57
2019/04/19 15:18:00, 24.00, 24.11, 23.91, 17.39, 15.42, 0, 0, 4.57
2019/04/19 15:19:00, 24.00, 24.11, 23.94, 17.44, 15.43, 0, 0, 4.57
2019/04/19 15:20:00, 24.00, 24.11, 23.92, 17.40, 15.42, 0, 0, 4.57
2019/04/19 15:21:00, 24.00, 24.11, 23.92, 17.42, 15.43, 0, 0, 4.57
2019/04/19 15:22:00, 24.00, 24.09, 23.90, 17.45, 15.46, 0, 0, 4.57
2019/04/19 15:23:00, 24.00, 24.08, 23.92, 17.39, 15.45, 0, 0, 4.57
2019/04/19 15:24:00, 24.00, 24.11, 23.90, 17.42, 15.44, 0, 0, 4.57
2019/04/19 15:25:00, 24.00, 24.08, 23.91, 17.37, 15.44, 0, 0, 4.57
2019/04/19 15:26:00, 24.00, 24.09, 23.90, 17.45, 15.44, 0, 0, 4.57
2019/04/19 15:27:00, 24.00, 24.09, 23.91, 17.42, 15.44, 0, 0, 4.57
2019/04/19 15:28:00, 24.00, 24.09, 23.91, 17.47, 15.46, 0, 0, 4.57
2019/04/19 15:29:00, 24.00, 24.09, 23.89, 17.47, 15.46, 0, 0, 4.57
2019/04/19 15:30:00, 24.00, 24.09, 23.91, 17.45, 15.47, 0, 0, 4.57
2019/04/19 15:31:00, 24.00, 24.07, 23.92, 17.42, 15.45, 0, 0, 4.57
2019/04/19 15:32:00, 24.00, 24.09, 23.91, 17.44, 15.46, 0, 0, 4.57
2019/04/19 15:33:00, 24.00, 24.08, 23.92, 17.44, 15.46, 0, 0, 4.57
2019/04/19 15:34:00, 24.00, 24.09, 23.91, 17.47, 15.46, 0, 0, 4.57
2019/04/19 15:35:00, 24.00, 24.08, 23.91, 17.47, 15.48, 0, 0, 4.57
2019/04/19 15:36:00, 24.00, 24.08, 23.88, 17.48, 15.46, 0, 0, 4.57
2019/04/19 15:37:00, 24.00, 24.07, 23.90, 17.50, 15.47, 0, 0, 4.57
2019/04/19 15:38:00, 24.00, 24.07, 23.89, 17.50, 15.49, 0, 0, 4.57
2019/04/19 15:39:00, 24.00, 24.07, 23.88, 17.47, 15.48, 0, 0, 4.57
2019/04/19 15:40:00, 24.00, 24.08, 23.88, 17.42, 15.49, 0, 0, 4.57
2019/04/19 15:41:00, 24.00, 24.05, 23.89, 17.47, 15.48, 0, 0, 4.57
2019/04/19 15:42:00, 24.00, 24.07, 23.89, 17.48, 15.49, 0, 0, 4.57
2019/04/19 15:43:00, 24.00, 24.07, 23.89, 17.50, 15.49, 0, 0, 4.57
2019/04/19 15:44:00, 24.00, 24.09, 23.91, 17.52, 15.49, 0, 0, 4.57
2019/04/19 15:45:00, 24.00, 24.05, 23.89, 17.47, 15.49, 0, 0, 4.57
2019/04/19 15:46:00, 24.00, 24.07, 23.88, 17.44, 15.49, 0, 0, 4.57
2019/04/19 15:47:00, 24.00, 24.05, 23.89, 17.50, 15.49, 0, 0, 4.57
2019/04/19 15:48:00, 24.00, 24.05, 23.88, 17.50, 15.49, 0, 0, 4.57
2019/04/19 15:49:00, 24.00, 24.05, 23.87, 17.48, 15.48, 0, 0, 4.57
2019/04/19 15:50:00, 24.00, 24.04, 23.87, 17.48, 15.49, 0, 0, 4.57
2019/04/19 15:51:00, 24.00, 24.07, 23.88, 17.53, 15.50, 0, 0, 4.57
2019/04/19 15:52:00, 24.00, 24.05, 23.88, 17.53, 15.52, 0, 0, 4.57
2019/04/19 15:53:00, 24.00, 24.02, 23.87, 17.48, 15.53, 0, 0, 4.57
2019/04/19 15:54:00, 24.00, 24.05, 23.86, 17.46, 15.52, 0, 0, 4.57
2019/04/19 15:55:00, 24.00, 24.05, 23.88, 17.50, 15.53, 0, 0, 4.57
2019/04/19 15:56:00, 24.00, 24.04, 23.87, 17.50, 15.54, 0, 0, 4.57
2019/04/19 15:57:00, 24.00, 24.04, 23.87, 17.52, 15.52, 0, 0, 4.57
2019/04/19 15:58:00, 24.00, 24.04, 23.86, 17.46, 15.51, 0, 0, 4.57
2019/04/19 15:59:00, 24.00, 24.04, 23.87, 17.51, 15.49, 0, 0, 4.57
2019/04/19 16:00:00, 24.00, 24.04, 23.86, 17.48, 15.50, 0, 0, 4.57
2019/04/19 16:01:00, 24.00, 24.02, 23.84, 17.50, 15.50, 0, 0, 4.57
2019/04/19 16:02:00, 24.00, 24.04, 23.86, 17.48, 15.49, 0, 0, 4.57
2019/04/19 16:03:00, 24.00, 24.02, 23.83, 17.58, 15.53, 0, 0, 4.57
2019/04/19 16:04:00, 24.00, 24.04, 23.83, 17.50, 15.54, 0, 0, 4.57
2019/04/19 16:05:00, 24.00, 24.02, 23.86, 17.50, 15.53, 0, 0, 4.57
2019/04/19 16:06:00, 24.00, 24.02, 23.82, 17.53, 15.51, 0, 0, 4.57
2019/04/19 16:07:00, 24.00, 23.99, 23.83, 17.48, 15.53, 0, 0, 4.57
2019/04/19 16:08:00, 24.00, 24.02, 23.84, 17.51, 15.55, 0, 0, 4.57
2019/04/19 16:09:00, 24.00, 24.04, 23.82, 17.57, 15.53, 0, 0, 4.57
2019/04/19 16:10:00, 24.00, 24.01, 23.82, 17.59, 15.56, 0, 0, 4.57
2019/04/19 16:11:00, 24.00, 24.02, 23.81, 17.53, 15.56, 0, 0, 4.57
2019/04/19 16:12:00, 24.00, 24.01, 23.84, 17.56, 15.56, 0, 0, 4.57
2019/04/19 16:13:00, 24.00, 23.99, 23.82, 17.54, 15.57, 0, 0, 4.57
2019/04/19 16:14:00, 24.00, 23.99, 23.80, 17.56, 15.57, 0, 0, 4.57
2019/04/19 16:15:00, 24.00, 24.04, 23.83, 17.56, 15.58, 0, 0, 4.57
2019/04/19 16:16:00, 24.00, 23.99, 23.82, 17.57, 15.57, 0, 0, 4.57
2019/04/19 16:17:00, 24.00, 24.02, 23.79, 17.56, 15.59, 0, 0, 4.57
2019/04/19 16:18:00, 24.00, 23.98, 23.79, 17.54, 15.57, 0, 0, 4.57
2019/04/19 16:19:00, 24.00, 24.01, 23.80, 17.54, 15.59, 0, 0, 4.57
2019/04/19 16:20:00, 24.00, 23.99, 23.79, 17.59, 15.59, 0, 0, 4.57
2019/04/19 16:21:00, 24.00, 23.98, 23.81, 17.57, 15.59, 0, 0, 4.57
2019/04/19 16:22:00, 24.00, 24.01, 23.79, 17.59, 15.58, 0, 0, 4.57
2019/04/19 16:23:00, 24.00, 23.99, 23.78, 17.57, 15.59, 0, 0, 4.57
2019/04/19 16:24:00, 24.00, 23.97, 23.77, 17.56, 15.57, 0, 0, 4.57
2019/04/19 16:25:00, 24.00, 23.97, 23.81, 17.57, 15.58, 0, 0, 4.57
2019/04/19 16:26:00, 24.00, 23.97, 23.78, 17.59, 15.56, 0, 0, 4.57
2019/04/19 16:27:00, 24.00, 23.95, 23.77, 17.57, 15.57, 0, 0, 4.57
2019/04/19 16:28:00, 24.00, 23.99, 23.78, 17.50, 15.57, 0, 0, 4.57
2019/04/19 16:29:00, 24.00, 23.95, 23.77, 17.59, 15.55, 0, 0, 4.57
2019/04/19 16:30:00, 24.00, 23.97, 23.76, 17.51, 15.57, 0, 0, 4.57
2019/04/19 16:31:00, 24.00, 23.97, 23.78, 17.54, 15.57, 0, 0, 4.57
2019/04/19 16:32:00, 24.00, 23.95, 23.76, 17.57, 15.55, 0, 0, 4.57
2019/04/19 16:33:00, 24.00, 23.97, 23.76, 17.56, 15.55, 0, 0, 4.57
2019/04/19 16:34:00, 24.00, 23.95, 23.77, 17.54, 15.56, 0, 0, 4.57
2019/04/19 16:35:00, 24.00, 23.94, 23.77, 17.52, 15.55, 0, 0, 4.57
2019/04/19 16:36:00, 24.00, 23.97, 23.78, 17.52, 15.55, 0, 0, 4.57
2019/04/19 16:37:00, 24.00, 23.95, 23.76, 17.49, 15.56, 0, 0, 4.57
2019/04/19 16:38:00, 24.00, 23.97, 23.76, 17.47, 15.53, 0, 0, 4.57
2019/04/19 16:39:00, 24.00, 23.95, 23.77, 17.52, 15.53, 0, 0, 4.57
2019/04/19 16:40:00, 24.00, 23.94, 23.75, 17.51, 15.52, 0, 0, 4.57
2019/04/19 16:41:00, 24.00, 23.92, 23.75, 17.51, 15.52, 0, 0, 4.57
2019/04/19 16:42:00, 24.00, 23.94, 23.76, 17.47, 15.50, 0, 0, 4.57
2019/04/19 16:43:00, 24.00, 23.94, 23.76, 17.49, 15.50, 0, 0, 4.57
2019/04/19 16:44:00, 24.00, 23.94, 23.76, 17.51, 15.50, 0, 0, 4.57
2019/04/19 16:45:00, 24.00, 23.94, 23.75, 17.44, 15.49, 0, 0, 4.57
2019/04/19 16:46:00, 24.00, 23.94, 23.74, 17.46, 15.48, 0, 0, 4.57
2019/04/19 16:47:00, 24.00, 23.92, 23.73, 17.41, 15.47, 0, 0, 4.57
2019/04/19 16:48:00, 24.00, 23.95, 23.73, 17.46, 15.46, 0, 0, 4.57
2019/04/19 16:49:00, 24.00, 23.92, 23.75, 17.41, 15.45, 0, 0, 4.57
2019/04/19 16:50:00, 24.00, 23.92, 23.74, 17.41, 15.44, 0, 0, 4.57
2019/04/19 16:51:00, 24.00, 23.90, 23.74, 17.36, 15.44, 0, 0, 4.57
2019/04/19 16:52:00, 24.00, 23.90, 23.73, 17.41, 15.44, 0, 0, 4.57
2019/04/19 16:53:00, 24.00, 23.90, 23.69, 17.46, 15.45, 0, 0, 4.57
2019/04/19 16:54:00, 24.00, 23.90, 23.73, 17.46, 15.44, 0, 0, 4.57
2019/04/19 16:55:00, 24.00, 23.90, 23.71, 17.39, 15.43, 0, 0, 4.57
2019/04/19 16:56:00, 24.00, 23.91, 23.73, 17.43, 15.43, 0, 0, 4.57
2019/04/19 16:57:00, 24.00, 23.91, 23.73, 17.35, 15.41, 0, 0, 4.57
2019/04/19 16:58:00, 24.00, 23.91, 23.72, 17.43, 15.40, 0, 0, 4.57
2019/04/19 16:59:00, 24.00, 23.88, 23.73, 17.36, 15.40, 0, 0, 4.57
2019/04/19 17:00:00, 24.00, 23.90, 23.73, 17.38, 15.37, 0, 0, 4.57
2019/04/19 17:01:00, 24.00, 23.90, 23.71, 17.36, 15.37, 0, 0, 4.57
2019/04/19 17:02:00, 24.00, 23.88, 23.71, 17.33, 15.36, 0, 0, 4.57
2019/04/19 17:03:00, 24.00, 23.90, 23.71, 17.38, 15.36, 0, 0, 4.57
2019/04/19 17:04:00, 24.00, 23.88, 23.71, 17.33, 15.39, 0, 0, 4.57
2019/04/19 17:05:00, 24.00, 23.90, 23.69, 17.36, 15.37, 0, 0, 4.57
2019/04/19 17:06:00, 24.00, 23.90, 23.73, 17.36, 15.34, 0, 0, 4.57
2019/04/19 17:07:00, 24.00, 23.88, 23.69, 17.34, 15.34, 0, 0, 4.57
2019/04/19 17:08:00, 24.00, 23.90, 23.69, 17.39, 15.34, 0, 0, 4.57
2019/04/19 17:09:00, 24.00, 23.88, 23.71, 17.33, 15.34, 0, 0, 4.57
2019/04/19 17:10:00, 24.00, 23.88, 23.69, 17.31, 15.32, 0, 0, 4.57
2019/04/19 17:11:00, 24.00, 23.87, 23.69, 17.31, 15.33, 0, 0, 4.57
2019/04/19 17:12:00, 24.00, 23.85, 23.67, 17.29, 15.33, 0, 0, 4.57
2019/04/19 17:13:00, 24.00, 23.85, 23.69, 17.31, 15.33, 0, 0, 4.57
2019/04/19 17:14:00, 24.00, 23.85, 23.69, 17.34, 15.29, 0, 0, 4.57
2019/04/19 17:15:00, 24.00, 23.85, 23.67, 17.28, 15.32, 0, 0, 4.57
2019/04/19 17:16:00, 24.00, 23.87, 23.68, 17.33, 15.32, 0, 0, 4.57
2019/04/19 17:17:00, 24.00, 23.84, 23.66, 17.33, 15.30, 0, 0, 4.57
2019/04/19 17:18:00, 24.00, 23.85, 23.66, 17.29, 15.28, 0, 0, 4.57
2019/04/19 17:19:00, 24.00, 23.85, 23.66, 17.31, 15.28, 0, 0, 4.57
2019/04/19 17:20:00, 24.00, 23.85, 23.66, 17.31, 15.32, 0, 0, 4.57
2019/04/19 17:21:00, 24.00, 23.85, 23.63, 17.31, 15.31, 0, 0, 4.57
2019/04/19 17:22:00, 24.00, 23.84, 23.67, 17.28, 15.30, 0, 0, 4.57
2019/04/19 17:23:00, 24.00, 23.83, 23.65, 17.33, 15.30, 0, 0, 4.57
2019/04/19 17:24:00, 23.75, 23.84, 23.65, 17.31, 15.30, 0, 0, 4.57
2019/04/19 17:25:00, 24.00, 23.81, 23.66, 17.32, 15.29, 0, 0, 4.57
2019/04/19 17:26:00, 23.75, 23.84, 23.66, 17.26, 15.29, 0, 0, 4.57
2019/04/19 17:27:00, 23.75, 23.84, 23.64, 17.29, 15.26, 0, 0, 4.57
2019/04/19 17:28:00, 23.75, 23.84, 23.63, 17.29, 15.28, 0, 0, 4.57
2019/04/19 17:29:00, 23.75, 23.81, 23.64, 17.34, 15.29, 0, 0, 4.57
2019/04/19 17:30:00, 23.75, 23.83, 23.65, 17.32, 15.27, 0, 0, 4.57
2019/04/19 17:31:00, 23.75, 23.84, 23.62, 17.26, 15.28, 0, 0, 4.57
2019/04/19 17:32:00, 23.75, 23.83, 23.64, 17.29, 15.27, 0, 0, 4.57
2019/04/19 17:33:00, 23.75, 23.83, 23.64, 17.22, 15.27, 0, 0, 4.57
2019/04/19 17:34:00, 23.75, 23.79, 23.64, 17.19, 15.24, 0, 0, 4.57
2019/04/19 17:35:00, 23.75, 23.81, 23.63, 17.23, 15.24, 0, 0, 4.57
2019/04/19 17:36:00, 23.75, 23.81, 23.62, 17.19, 15.23, 0, 0, 4.57
2019/04/19 17:37:00, 23.75, 23.77, 23.61, 17.21, 15.17, 0, 0, 4.57
2019/04/19 17:38:00, 23.75, 23.77, 23.58, 17.24, 15.22, 0, 0, 4.57
2019/04/19 17:39:00, 23.75, 23.77, 23.58, 17.29, 15.21, 0, 0, 4.57
2019/04/19 17:40:00, 23.75, 23.76, 23.60, 17.19, 15.20, 0, 0, 4.57
2019/04/19 17:41:00, 23.75, 23.74, 23.57, 17.24, 15.19, 0, 0, 4.57
2019/04/19 17:42:00, 23.75, 23.73, 23.57, 17.22, 15.25, 0, 0, 4.57
2019/04/19 17:43:00, 23.75, 23.74, 23.56, 17.22, 15.23, 0, 0, 4.57
2019/04/19 17:44:00, 23.75, 23.77, 23.57, 17.25, 15.24, 0, 0, 4.57
2019/04/19 17:45:00, 23.75, 23.73, 23.57, 17.14, 15.20, 0, 0, 4.57
2019/04/19 17:46:00, 23.75, 23.71, 23.54, 17.17, 15.18, 0, 0, 4.57
2019/04/19 17:47:00, 23.75, 23.71, 23.54, 17.22, 15.20, 0, 0, 4.57
2019/04/19 17:48:00, 23.75, 23.70, 23.54, 17.24, 15.23, 0, 0, 4.57
2019/04/19 17:49:00, 23.75, 23.71, 23.50, 17.15, 15.17, 0, 0, 4.57
2019/04/19 17:50:00, 23.75, 23.70, 23.51, 17.22, 15.21, 0, 0, 4.57
2019/04/19 17:51:00, 23.75, 23.70, 23.54, 17.23, 15.21, 0, 0, 4.57
2019/04/19 17:52:00, 23.75, 23.70, 23.53, 17.22, 15.24, 0, 0, 4.57
2019/04/19 17:53:00, 23.75, 23.71, 23.53, 17.20, 15.20, 0, 0, 4.57
2019/04/19 17:54:00, 23.75, 23.71, 23.53, 17.15, 15.22, 0, 0, 4.57
2019/04/19 17:55:00, 23.75, 23.73, 23.54, 17.15, 15.19, 0, 0, 4.57
2019/04/19 17:56:00, 23.75, 23.71, 23.53, 17.20, 15.20, 0, 0, 4.57
2019/04/19 17:57:00, 23.75, 23.67, 23.53, 17.12, 15.13, 0, 0, 4.57
2019/04/19 17:58:00, 23.75, 23.67, 23.50, 17.17, 15.15, 0, 0, 4.57
2019/04/19 17:59:00, 23.75, 23.67, 23.48, 17.25, 15.16, 0, 0, 4.57
2019/04/19 18:00:00, 23.75, 23.67, 23.50, 17.23, 15.20, 0, 0, 4.57
2019/04/19 18:01:00, 23.75, 23.65, 23.48, 17.12, 15.17, 0, 0, 4.57
2019/04/19 18:02:00, 23.75, 23.64, 23.47, 17.13, 15.14, 0, 0, 4.57
2019/04/19 18:03:00, 23.75, 23.63, 23.47, 17.20, 15.17, 0, 0, 4.57
2019/04/19 18:04:00, 23.75, 23.63, 23.46, 17.17, 15.20, 0, 0, 4.57
2019/04/19 18:05:00, 23.75, 23.65, 23.46, 17.30, 15.23, 0, 0, 4.57
2019/04/19 18:06:00, 23.75, 23.64, 23.47, 17.23, 15.23, 0, 0, 4.57
2019/04/19 18:07:00, 23.75, 23.65, 23.43, 17.21, 15.21, 0, 0, 4.57
2019/04/19 18:08:00, 23.75, 23.63, 23.47, 17.28, 15.22, 0, 0, 4.57
2019/04/19 18:09:00, 23.75, 23.64, 23.47, 17.25, 15.28, 0, 0, 4.57
2019/04/19 18:10:00, 23.75, 23.65, 23.48, 17.30, 15.26, 0, 0, 4.57
2019/04/19 18:11:00, 23.75, 23.67, 23.47, 17.23, 15.24, 0, 0, 4.57
2019/04/19 18:12:00, 23.75, 23.70, 23.48, 17.23, 15.23, 0, 0, 4.57
2019/04/19 18:13:00, 23.75, 23.68, 23.49, 17.23, 15.24, 0, 0, 4.57
2019/04/19 18:14:00, 23.75, 23.70, 23.50, 17.26, 15.24, 0, 0, 4.57
2019/04/19 18:15:00, 23.75, 23.71, 23.50, 17.19, 15.24, 0, 0, 4.57
2019/04/19 18:16:00, 23.75, 23.68, 23.51, 17.25, 15.24, 0, 0, 4.57
2019/04/19 18:17:00, 23.75, 23.71, 23.51, 17.25, 15.23, 0, 0, 4.57
2019/04/19 18:18:00, 23.75, 23.71, 23.52, 17.27, 15.22, 0, 0, 4.57
2019/04/19 18:19:00, 23.75, 23.71, 23.51, 17.22, 15.23, 0, 0, 4.57
2019/04/19 18:20:00, 23.75, 23.71, 23.54, 17.19, 15.24, 0, 0, 4.57
2019/04/19 18:21:00, 23.75, 23.73, 23.53, 17.22, 15.23, 0, 0, 4.57
2019/04/19 18:22:00, 23.75, 23.71, 23.52, 17.25, 15.24, 0, 0, 4.57
2019/04/19 18:23:00, 23.75, 23.74, 23.53, 17.19, 15.23, 0, 0, 4.57
2019/04/19 18:24:00, 23.75, 23.73, 23.56, 17.25, 15.22, 0, 0, 4.57
2019/04/19 18:25:00, 23.75, 23.74, 23.56, 17.20, 15.22, 0, 0, 4.57
2019/04/19 18:26:00, 23.75, 23.71, 23.54, 17.24, 15.23, 0, 0, 4.57
2019/04/19 18:27:00, 23.75, 23.73, 23.51, 17.22, 15.22, 0, 0, 4.57
2019/04/19 18:28:00, 23.75, 23.74, 23.52, 17.24, 15.24, 0, 0, 4.57
2019/04/19 18:29:00, 23.75, 23.73, 23.53, 17.28, 15.23, 0, 0, 4.57
2019/04/19 18:30:00, 23.75, 23.73, 23.53, 17.20, 15.24, 0, 0, 4.57
2019/04/19 18:31:00, 23.75, 23.74, 23.54, 17.24, 15.24, 0, 0, 4.57
2019/04/19 18:32:00, 23.75, 23.74, 23.54, 17.22, 15.24, 0, 0, 4.57
2019/04/19 18:33:00, 23.75, 23.74, 23.53, 17.27, 15.24, 0, 0, 4.57
2019/04/19 18:34:00, 23.75, 23.71, 23.54, 17.27, 15.26, 0, 0, 4.57
2019/04/19 18:35:00, 23.75, 23.73, 23.54, 17.25, 15.25, 0, 0, 4.57
2019/04/19 18:36:00, 23.75, 23.73, 23.54, 17.25, 15.26, 0, 0, 4.57
2019/04/19 18:37:00, 23.75, 23.73, 23.54, 17.32, 15.27, 0, 0, 4.57
2019/04/19 18:38:00, 23.75, 23.74, 23.56, 17.32, 15.27, 0, 0, 4.57
2019/04/19 18:39:00, 23.75, 23.73, 23.54, 17.32, 15.29, 0, 0, 4.57
2019/04/19 18:40:00, 23.75, 23.73, 23.54, 17.27, 15.28, 0, 0, 4.57
2019/04/19 18:41:00, 23.75, 23.74, 23.56, 17.33, 15.30, 0, 0, 4.57
2019/04/19 18:42:00, 23.75, 23.74, 23.56, 17.37, 15.32, 0, 0, 4.57
2019/04/19 18:43:00, 23.75, 23.73, 23.54, 17.37, 15.34, 0, 0, 4.57
2019/04/19 18:44:00, 23.75, 23.73, 23.56, 17.34, 15.34, 0, 0, 4.57
2019/04/19 18:45:00, 23.75, 23.74, 23.57, 17.32, 15.34, 0, 0, 4.57
2019/04/19 18:46:00, 23.75, 23.76, 23.57, 17.35, 15.35, 0, 0, 4.57
2019/04/19 18:47:00, 23.75, 23.71, 23.54, 17.38, 15.35, 0, 0, 4.57
2019/04/19 18:48:00, 23.75, 23.74, 23.54, 17.38, 15.36, 0, 0, 4.57
2019/04/19 18:49:00, 23.75, 23.74, 23.54, 17.37, 15.36, 0, 0, 4.57
2019/04/19 18:50:00, 23.75, 23.73, 23.53, 17.35, 15.38, 0, 0, 4.57
2019/04/19 18:51:00, 23.75, 23.76, 23.57, 17.35, 15.39, 0, 0, 4.57
2019/04/19 18:52:00, 23.75, 23.76, 23.54, 17.46, 15.40, 0, 0, 4.57
2019/04/19 18:53:00, 23.75, 23.73, 23.54, 17.42, 15.40, 0, 0, 4.57
2019/04/19 18:54:00, 23.75, 23.76, 23.57, 17.45, 15.43, 0, 0, 4.57
2019/04/19 18:55:00, 23.75, 23.76, 23.56, 17.43, 15.43, 0, 0, 4.57
2019/04/19 18:56:00, 23.75, 23.74, 23.57, 17.41, 15.44, 0, 0, 4.57
2019/04/19 18:57:00, 23.75, 23.76, 23.56, 17.48, 15.44, 0, 0, 4.57
2019/04/19 18:58:00, 23.75, 23.74, 23.57, 17.48, 15.45, 0, 0, 4.57
2019/04/19 18:59:00, 23.75, 23.74, 23.57, 17.51, 15.47, 0, 0, 4.57
2019/04/19 19:00:00, 23.75, 23.77, 23.58, 17.50, 15.49, 0, 0, 4.57
2019/04/19 19:01:00, 23.75, 23.74, 23.57, 17.53, 15.51, 0, 0, 4.57
2019/04/19 19:02:00, 23.75, 23.76, 23.57, 17.53, 15.52, 0, 0, 4.57
2019/04/19 19:03:00, 23.75, 23.76, 23.57, 17.58, 15.52, 0, 0, 4.57
2019/04/19 19:04:00, 23.75, 23.77, 23.58, 17.51, 15.53, 0, 0, 4.57
2019/04/19 19:05:00, 23.75, 23.77, 23.58, 17.63, 15.55, 0, 0, 4.57
2019/04/19 19:06:00, 23.75, 23.76, 23.58, 17.63, 15.56, 0, 0, 4.57
2019/04/19 19:07:00, 23.75, 23.76, 23.57, 17.56, 15.59, 0, 0, 4.57
2019/04/19 19:08:00, 23.75, 23.77, 23.54, 17.60, 15.60, 0, 0, 4.57
2019/04/19 19:09:00, 23.75, 23.74, 23.57, 17.64, 15.62, 0, 0, 4.57
2019/04/19 19:10:00, 23.75, 23.77, 23.56, 17.64, 15.63, 0, 0, 4.57
2019/04/19 19:11:00, 23.75, 23.79, 23.58, 17.61, 15.65, 0, 0, 4.57
2019/04/19 19:12:00, 23.75, 23.74, 23.60, 17.68, 15.67, 0, 0, 4.57
2019/04/19 19:13:00, 23.75, 23.77, 23.59, 17.66, 15.69, 0, 0, 4.57
2019/04/19 19:14:00, 23.75, 23.76, 23.60, 17.71, 15.70, 0, 0, 4.57
2019/04/19 19:15:00, 23.75, 23.74, 23.60, 17.72, 15.72, 0, 0, 4.57
2019/04/19 19:16:00, 23.75, 23.77, 23.58, 17.79, 15.74, 0, 0, 4.57
2019/04/19 19:17:00, 23.75, 23.76, 23.57, 17.82, 15.77, 0, 0, 4.57
2019/04/19 19:18:00, 23.75, 23.79, 23.58, 17.81, 15.78, 0, 0, 4.57
2019/04/19 19:19:00, 23.75, 23.76, 23.62, 17.79, 15.82, 0, 0, 4.57
2019/04/19 19:20:00, 23.75, 23.79, 23.58, 17.87, 15.83, 0, 0, 4.57
2019/04/19 19:21:00, 23.75, 23.76, 23.60, 17.84, 15.85, 0, 0, 4.57
2019/04/19 19:22:00, 23.75, 23.79, 23.58, 17.90, 15.88, 0, 0, 4.57
2019/04/19 19:23:00, 23.75, 23.79, 23.58, 17.92, 15.91, 0, 0, 4.57
2019/04/19 19:24:00, 23.75, 23.77, 23.57, 18.02, 15.92, 0, 0, 4.57
2019/04/19 19:25:00, 23.75, 23.77, 23.58, 18.03, 15.97, 0, 0, 4.57
2019/04/19 19:26:00, 23.75, 23.76, 23.60, 18.03, 15.99, 0, 0, 4.57
2019/04/19 19:27:00, 23.75, 23.79, 23.60, 18.05, 16.00, 0, 0, 4.57
2019/04/19 19:28:00, 23.75, 23.79, 23.60, 18.03, 16.02, 0, 0, 4.57
2019/04/19 19:29:00, 23.75, 23.77, 23.59, 18.10, 16.04, 0, 0, 4.57
2019/04/19 19:30:00, 23.75, 23.76, 23.60, 18.11, 16.04, 0, 0, 4.57
2019/04/19 19:31:00, 23.75, 23.77, 23.60, 18.15, 16.07, 0, 0, 4.57
2019/04/19 19:32:00, 23.75, 23.76, 23.57, 18.15, 16.09, 0, 0, 4.57
2019/04/19 19:33:00, 23.75, 23.80, 23.60, 18.15, 16.13, 0, 0, 4.57
2019/04/19 19:34:00, 23.75, 23.77, 23.60, 18.16, 16.17, 0, 0, 4.57
2019/04/19 19:35:00, 23.75, 23.76, 23.59, 18.21, 16.19, 0, 0, 4.56
2019/04/19 19:36:00, 23.75, 23.79, 23.59, 18.21, 16.20, 0, 0, 4.57
2019/04/19 19:37:00, 23.75, 23.79, 23.61, 18.25, 16.22, 0, 0, 4.57
2019/04/19 19:38:00, 23.75, 23.79, 23.60, 18.28, 16.25, 0, 0, 4.57
2019/04/19 19:39:00, 23.75, 23.77, 23.60, 18.33, 16.27, 0, 0, 4.57
2019/04/19 19:40:00, 23.75, 23.79, 23.59, 18.33, 16.29, 0, 0, 4.57
2019/04/19 19:41:00, 23.75, 23.79, 23.58, 18.36, 16.34, 0, 0, 4.57
2019/04/19 19:42:00, 23.75, 23.77, 23.58, 18.34, 16.35, 0, 0, 4.57
2019/04/19 19:43:00, 23.75, 23.76, 23.59, 18.39, 16.39, 0, 0, 4.57
2019/04/19 19:44:00, 23.75, 23.76, 23.57, 18.41, 16.41, 0, 0, 4.56
2019/04/19 19:45:00, 23.75, 23.77, 23.59, 18.47, 16.43, 0, 0, 4.57
2019/04/19 19:46:00, 23.75, 23.77, 23.60, 18.49, 16.45, 0, 0, 4.57
2019/04/19 19:47:00, 23.75, 23.76, 23.58, 18.45, 16.47, 0, 0, 4.57
2019/04/19 19:48:00, 23.75, 23.77, 23.57, 18.49, 16.49, 0, 0, 4.56
2019/04/19 19:49:00, 23.75, 23.77, 23.59, 18.52, 16.49, 0, 0, 4.57
2019/04/19 19:50:00, 23.75, 23.77, 23.58, 18.54, 16.53, 0, 0, 4.56
2019/04/19 19:51:00, 23.75, 23.77, 23.60, 18.57, 16.54, 0, 0, 4.57
2019/04/19 19:52:00, 23.75, 23.77, 23.59, 18.64, 16.56, 0, 0, 4.57
2019/04/19 19:53:00, 23.75, 23.80, 23.59, 18.68, 16.61, 0, 0, 4.57
2019/04/19 19:54:00, 23.75, 23.74, 23.57, 18.63, 16.61, 0, 0, 4.56
2019/04/19 19:55:00, 23.75, 23.77, 23.58, 18.70, 16.67, 0, 0, 4.57
2019/04/19 19:56:00, 23.75, 23.77, 23.60, 18.70, 16.68, 0, 0, 4.57
2019/04/19 19:57:00, 23.75, 23.76, 23.58, 18.68, 16.71, 0, 0, 4.56
2019/04/19 19:58:00, 23.75, 23.76, 23.57, 18.78, 16.73, 0, 0, 4.56
2019/04/19 19:59:00, 23.75, 23.76, 23.58, 18.81, 16.74, 0, 0, 4.57
2019/04/19 20:00:00, 23.75, 23.74, 23.58, 18.80, 16.77, 0, 0, 4.57
2019/04/19 20:01:00, 23.75, 23.74, 23.59, 18.84, 16.78, 0, 0, 4.56
2019/04/19 20:02:00, 23.75, 23.76, 23.59, 18.83, 16.81, 0, 0, 4.56
2019/04/19 20:03:00, 23.75, 23.73, 23.58, 18.86, 16.82, 0, 0, 4.56
2019/04/19 20:04:00, 23.75, 23.74, 23.57, 18.86, 16.83, 0, 0, 4.56
2019/04/19 20:05:00, 23.75, 23.76, 23.57, 18.87, 16.85, 0, 0, 4.57
2019/04/19 20:06:00, 23.75, 23.76, 23.59, 18.92, 16.86, 0, 0, 4.57
2019/04/19 20:07:00, 23.75, 23.77, 23.58, 18.92, 16.88, 0, 0, 4.56
2019/04/19 20:08:00, 23.75, 23.76, 23.59, 18.96, 16.91, 0, 0, 4.57
2019/04/19 20:09:00, 23.75, 23.76, 23.57, 19.02, 16.91, 0, 0, 4.57
2019/04/19 20:10:00, 23.75, 23.77, 23.60, 18.99, 16.94, 0, 0, 4.57
2019/04/19 20:11:00, 23.75, 23.79, 23.60, 19.01, 16.94, 0, 0, 4.57
2019/04/19 20:12:00, 23.75, 23.74, 23.57, 19.02, 16.95, 0, 0, 4.56
2019/04/19 20:13:00, 23.75, 23.77, 23.59, 19.02, 16.97, 0, 0, 4.57
2019/04/19 20:14:00, 23.75, 23.77, 23.60, 19.04, 17.01, 0, 0, 4.56
2019/04/19 20:15:00, 23.75, 23.77, 23.59, 19.05, 17.01, 0, 0, 4.56
2019/04/19 20:16:00, 23.75, 23.76, 23.57, 19.05, 17.03, 0, 0, 4.56
2019/04/19 20:17:00, 23.75, 23.77, 23.57, 19.10, 17.04, 0, 0, 4.56
2019/04/19 20:18:00, 23.75, 23.76, 23.59, 19.12, 17.07, 0, 0, 4.56
2019/04/19 20:19:00, 23.75, 23.76, 23.58, 19.17, 17.08, 0, 0, 4.56
2019/04/19 20:20:00, 23.75, 23.77, 23.57, 19.18, 17.10, 0, 0, 4.57
2019/04/19 20:21:00, 23.75, 23.74, 23.58, 19.22, 17.14, 0, 0, 4.56
2019/04/19 20:22:00, 23.75, 23.77, 23.56, 19.21, 17.16, 0, 0, 4.56
2019/04/19 20:23:00, 23.75, 23.77, 23.58, 19.21, 17.16, 0, 0, 4.56
2019/04/19 20:24:00, 23.75, 23.74, 23.57, 19.19, 17.17, 0, 0, 4.56
2019/04/19 20:25:00, 23.75, 23.74, 23.59, 19.25, 17.20, 0, 0, 4.56
2019/04/19 20:26:00, 23.75, 23.77, 23.59, 19.24, 17.20, 0, 0, 4.56
2019/04/19 20:27:00, 23.75, 23.77, 23.57, 19.28, 17.20, 0, 0, 4.56
2019/04/19 20:28:00, 23.75, 23.76, 23.58, 19.27, 17.23, 0, 0, 4.57
2019/04/19 20:29:00, 23.75, 23.76, 23.57, 19.31, 17.25, 0, 0, 4.56
2019/04/19 20:30:00, 23.75, 23.77, 23.57, 19.33, 17.27, 0, 0, 4.56
2019/04/19 20:31:00, 23.75, 23.77, 23.58, 19.36, 17.29, 0, 0, 4.56
2019/04/19 20:32:00, 23.75, 23.74, 23.58, 19.35, 17.31, 0, 0, 4.56
2019/04/19 20:33:00, 23.75, 23.74, 23.58, 19.36, 17.31, 0, 0, 4.56
2019/04/19 20:34:00, 23.75, 23.77, 23.57, 19.43, 17.33, 0, 0, 4.56
2019/04/19 20:35:00, 23.75, 23.74, 23.57, 19.40, 17.35, 0, 0, 4.56
2019/04/19 20:36:00, 23.75, 23.77, 23.58, 19.40, 17.36, 0, 0, 4.56
2019/04/19 20:37:00, 23.75, 23.77, 23.57, 19.38, 17.39, 0, 0, 4.56
2019/04/19 20:38:00, 23.75, 23.77, 23.57, 19.44, 17.41, 0, 0, 4.56
2019/04/19 20:39:00, 23.75, 23.76, 23.58, 19.45, 17.44, 0, 0, 4.56
2019/04/19 20:40:00, 23.75, 23.76, 23.60, 19.54, 17.45, 0, 0, 4.56
2019/04/19 20:41:00, 23.75, 23.77, 23.57, 19.61, 17.49, 0, 0, 4.56
2019/04/19 20:42:00, 23.75, 23.79, 23.57, 19.59, 17.49, 0, 0, 4.56
2019/04/19 20:43:00, 23.75, 23.77, 23.57, 19.57, 17.50, 0, 0, 4.56
2019/04/19 20:44:00, 23.75, 23.76, 23.57, 19.56, 17.51, 0, 0, 4.56
2019/04/19 20:45:00, 23.75, 23.79, 23.58, 19.64, 17.52, 0, 0, 4.56
2019/04/19 20:46:00, 23.75, 23.77, 23.57, 19.61, 17.55, 0, 0, 4.56
2019/04/19 20:47:00, 23.75, 23.73, 23.59, 19.66, 17.59, 0, 0, 4.56
2019/04/19 20:48:00, 23.75, 23.76, 23.57, 19.66, 17.59, 0, 0, 4.56
2019/04/19 20:49:00, 23.75, 23.76, 23.57, 19.70, 17.63, 0, 0, 4.56
2019/04/19 20:50:00, 23.75, 23.74, 23.57, 19.75, 17.67, 0, 0, 4.56
2019/04/19 20:51:00, 23.75, 23.74, 23.57, 19.80, 17.71, 0, 0, 4.56
2019/04/19 20:52:00, 23.75, 23.74, 23.56, 19.80, 17.71, 0, 0, 4.56
2019/04/19 20:53:00, 23.75, 23.74, 23.57, 19.87, 17.77, 0, 0, 4.56
2019/04/19 20:54:00, 23.75, 23.76, 23.57, 19.80, 17.76, 0, 0, 4.56
2019/04/19 20:55:00, 23.75, 23.76, 23.56, 19.85, 17.75, 0, 0, 4.56
2019/04/19 20:56:00, 23.75, 23.74, 23.58, 19.86, 17.75, 0, 0, 4.56
2019/04/19 20:57:00, 23.75, 23.74, 23.57, 19.79, 17.74, 0, 0, 4.56
2019/04/19 20:58:00, 23.75, 23.76, 23.58, 19.82, 17.75, 0, 0, 4.56
2019/04/19 20:59:00, 23.75, 23.77, 23.57, 19.80, 17.76, 0, 0, 4.56
2019/04/19 21:00:00, 23.75, 23.76, 23.58, 19.85, 17.78, 0, 0, 4.56
2019/04/19 21:01:00, 23.75, 23.77, 23.57, 19.85, 17.78, 0, 0, 4.56
2019/04/19 21:02:00, 23.75, 23.74, 23.57, 19.80, 17.78, 0, 0, 4.56
2019/04/19 21:03:00, 23.75, 23.76, 23.54, 19.86, 17.78, 0, 0, 4.56
2019/04/19 21:04:00, 23.75, 23.77, 23.58, 19.90, 17.84, 0, 0, 4.56
2019/04/19 21:05:00, 23.75, 23.76, 23.59, 19.88, 17.84, 0, 0, 4.56
2019/04/19 21:06:00, 23.75, 23.74, 23.57, 19.90, 17.83, 0, 0, 4.56
2019/04/19 21:07:00, 23.75, 23.74, 23.59, 19.95, 17.85, 0, 0, 4.56
2019/04/19 21:08:00, 23.75, 23.76, 23.57, 19.90, 17.86, 0, 0, 4.56
2019/04/19 21:09:00, 23.75, 23.77, 23.57, 19.98, 17.88, 0, 0, 4.56
2019/04/19 21:10:00, 23.75, 23.77, 23.57, 20.03, 17.91, 0, 0, 4.56
2019/04/19 21:11:00, 23.75, 23.76, 23.57, 19.92, 17.89, 0, 0, 4.56
2019/04/19 21:12:00, 23.75, 23.77, 23.57, 20.03, 17.97, 0, 0, 4.56
2019/04/19 21:13:00, 23.75, 23.79, 23.54, 20.06, 18.00, 0, 0, 4.56
2019/04/19 21:14:00, 23.75, 23.77, 23.58, 20.06, 17.98, 0, 0, 4.56
2019/04/19 21:15:00, 23.75, 23.77, 23.56, 20.04, 18.00, 0, 0, 4.56
2019/04/19 21:16:00, 23.75, 23.74, 23.58, 20.03, 18.00, 0, 0, 4.56
2019/04/19 21:17:00, 23.75, 23.74, 23.57, 20.09, 18.02, 0, 0, 4.56
2019/04/19 21:18:00, 23.75, 23.77, 23.57, 20.12, 18.03, 0, 0, 4.56
2019/04/19 21:19:00, 23.75, 23.74, 23.57, 20.11, 18.04, 0, 0, 4.56
2019/04/19 21:20:00, 23.75, 23.74, 23.54, 20.07, 18.06, 0, 0, 4.56
2019/04/19 21:21:00, 23.75, 23.76, 23.54, 20.09, 18.06, 0, 0, 4.56
2019/04/19 21:22:00, 23.75, 23.73, 23.53, 20.16, 18.07, 0, 0, 4.56
2019/04/19 21:23:00, 23.75, 23.73, 23.54, 20.14, 18.08, 0, 0, 4.56
2019/04/19 21:24:00, 23.75, 23.73, 23.54, 20.22, 18.13, 0, 0, 4.56
2019/04/19 21:25:00, 23.75, 23.74, 23.54, 20.22, 18.14, 0, 0, 4.56
2019/04/19 21:26:00, 23.75, 23.74, 23.54, 20.22, 18.15, 0, 0, 4.56
2019/04/19 21:27:00, 23.75, 23.76, 23.54, 20.27, 18.18, 0, 0, 4.56
2019/04/19 21:28:00, 23.75, 23.74, 23.56, 20.27, 18.17, 0, 0, 4.56
2019/04/19 21:29:00, 23.75, 23.74, 23.54, 20.25, 18.19, 0, 0, 4.56
2019/04/19 21:30:00, 23.75, 23.73, 23.54, 20.28, 18.20, 0, 0, 4.56
2019/04/19 21:31:00, 23.75, 23.74, 23.56, 20.27, 18.23, 0, 0, 4.56
2019/04/19 21:32:00, 23.75, 23.74, 23.57, 20.30, 18.24, 0, 0, 4.56
2019/04/19 21:33:00, 23.75, 23.74, 23.54, 20.34, 18.24, 0, 0, 4.56
2019/04/19 21:34:00, 23.75, 23.73, 23.54, 20.32, 18.25, 0, 0, 4.56
2019/04/19 21:35:00, 23.75, 23.73, 23.54, 20.37, 18.26, 0, 0, 4.56
2019/04/19 21:36:00, 23.75, 23.74, 23.53, 20.35, 18.27, 0, 0, 4.56
2019/04/19 21:37:00, 23.75, 23.71, 23.54, 20.40, 18.32, 0, 0, 4.56
2019/04/19 21:38:00, 23.75, 23.73, 23.54, 20.40, 18.33, 0, 0, 4.56
2019/04/19 21:39:00, 23.75, 23.73, 23.56, 20.37, 18.35, 0, 0, 4.56
2019/04/19 21:40:00, 23.75, 23.76, 23.53, 20.38, 18.34, 0, 0, 4.56
2019/04/19 21:41:00, 23.75, 23.71, 23.56, 20.43, 18.36, 0, 0, 4.56
2019/04/19 21:42:00, 23.75, 23.71, 23.52, 20.50, 18.40, 0, 0, 4.56
2019/04/19 21:43:00, 23.75, 23.73, 23.52, 20.48, 18.42, 0, 0, 4.56
2019/04/19 21:44:00, 23.75, 23.71, 23.52, 20.50, 18.42, 0, 0, 4.56
2019/04/19 21:45:00, 23.75, 23.71, 23.53, 20.51, 18.41, 0, 0, 4.56
2019/04/19 21:46:00, 23.75, 23.71, 23.53, 20.56, 18.45, 0, 0, 4.56
2019/04/19 21:47:00, 23.75, 23.73, 23.53, 20.50, 18.47, 0, 0, 4.56
2019/04/19 21:48:00, 23.75, 23.70, 23.54, 20.51, 18.48, 0, 0, 4.56
2019/04/19 21:49:00, 23.75, 23.73, 23.52, 20.58, 18.48, 0, 0, 4.56
2019/04/19 21:50:00, 23.75, 23.73, 23.54, 20.59, 18.50, 0, 0, 4.56
2019/04/19 21:51:00, 23.75, 23.70, 23.54, 20.63, 18.54, 0, 0, 4.56
2019/04/19 21:52:00, 23.75, 23.74, 23.53, 20.59, 18.54, 0, 0, 4.56
2019/04/19 21:53:00, 23.75, 23.73, 23.52, 20.61, 18.54, 0, 0, 4.56
2019/04/19 21:54:00, 23.75, 23.68, 23.51, 20.58, 18.54, 0, 0, 4.56
2019/04/19 21:55:00, 23.75, 23.71, 23.51, 20.64, 18.56, 0, 0, 4.56
2019/04/19 21:56:00, 23.75, 23.71, 23.56, 20.66, 18.56, 0, 0, 4.56
2019/04/19 21:57:00, 23.75, 23.73, 23.56, 20.64, 18.59, 0, 0, 4.56
2019/04/19 21:58:00, 23.75, 23.71, 23.53, 20.71, 18.58, 0, 0, 4.56
2019/04/19 21:59:00, 23.75, 23.70, 23.51, 20.74, 18.62, 0, 0, 4.56
2019/04/19 22:00:00, 23.75, 23.73, 23.53, 20.71, 18.65, 0, 0, 4.56
2019/04/19 22:01:00, 23.75, 23.70, 23.53, 20.69, 18.63, 0, 0, 4.56
2019/04/19 22:02:00, 23.75, 23.73, 23.53, 20.71, 18.66, 0, 0, 4.56
2019/04/19 22:03:00, 23.75, 23.73, 23.53, 20.81, 18.69, 0, 0, 4.56
2019/04/19 22:04:00, 23.75, 23.71, 23.53, 20.79, 18.70, 0, 0, 4.56
2019/04/19 22:05:00, 23.75, 23.73, 23.53, 20.77, 18.71, 0, 0, 4.56
2019/04/19 22:06:00, 23.75, 23.73, 23.54, 20.72, 18.72, 0, 0, 4.56
2019/04/19 22:07:00, 23.75, 23.71, 23.52, 20.81, 18.71, 0, 0, 4.56
2019/04/19 22:08:00, 23.75, 23.73, 23.53, 20.81, 18.74, 0, 0, 4.56
2019/04/19 22:09:00, 23.75, 23.71, 23.54, 20.87, 18.75, 0, 0, 4.56
2019/04/19 22:10:00, 23.75, 23.73, 23.53, 20.81, 18.74, 0, 0, 4.56
2019/04/19 22:11:00, 23.75, 23.73, 23.56, 20.85, 18.76, 0, 0, 4.56
2019/04/19 22:12:00, 23.75, 23.71, 23.53, 20.82, 18.78, 0, 0, 4.56
2019/04/19 22:13:00, 23.75, 23.74, 23.52, 20.85, 18.78, 0, 0, 4.56
2019/04/19 22:14:00, 23.75, 23.74, 23.54, 20.88, 18.78, 0, 0, 4.56
2019/04/19 22:15:00, 23.75, 23.73, 23.54, 20.88, 18.80, 0, 0, 4.56
2019/04/19 22:16:00, 23.75, 23.71, 23.54, 20.95, 18.81, 0, 0, 4.56
2019/04/19 22:17:00, 23.75, 23.71, 23.53, 20.95, 18.82, 0, 0, 4.56
2019/04/19 22:18:00, 23.75, 23.71, 23.51, 20.95, 18.85, 0, 0, 4.56
2019/04/19 22:19:00, 23.75, 23.73, 23.54, 20.95, 18.85, 0, 0, 4.56
2019/04/19 22:20:00, 23.75, 23.70, 23.53, 20.98, 18.84, 0, 0, 4.56
2019/04/19 22:21:00, 23.75, 23.70, 23.52, 20.97, 18.88, 0, 0, 4.56
2019/04/19 22:22:00, 23.75, 23.74, 23.54, 20.97, 18.90, 0, 0, 4.56
2019/04/19 22:23:00, 23.75, 23.71, 23.54, 20.92, 18.88, 0, 0, 4.56
2019/04/19 22:24:00, 23.75, 23.73, 23.54, 21.03, 18.90, 0, 0, 4.56
2019/04/19 22:25:00, 23.75, 23.71, 23.52, 21.02, 18.92, 0, 0, 4.56
2019/04/19 22:26:00, 23.75, 23.71, 23.53, 21.03, 18.90, 0, 0, 4.56
2019/04/19 22:27:00, 23.75, 23.70, 23.52, 20.98, 18.93, 0, 0, 4.56
2019/04/19 22:28:00, 23.75, 23.71, 23.52, 21.05, 18.97, 0, 0, 4.56
2019/04/19 22:29:00, 23.75, 23.70, 23.56, 21.13, 18.97, 0, 0, 4.56
2019/04/19 22:30:00, 23.75, 23.71, 23.54, 21.06, 19.00, 0, 0, 4.56
2019/04/19 22:31:00, 23.75, 23.73, 23.53, 21.05, 18.97, 0, 0, 4.56
2019/04/19 22:32:00, 23.75, 23.73, 23.54, 21.13, 18.97, 0, 0, 4.56
2019/04/19 22:33:00, 23.75, 23.71, 23.52, 21.15, 19.01, 0, 0, 4.56
2019/04/19 22:34:00, 23.75, 23.74, 23.54, 21.10, 19.03, 0, 0, 4.56
2019/04/19 22:35:00, 23.75, 23.71, 23.53, 21.11, 19.03, 0, 0, 4.56
2019/04/19 22:36:00, 23.75, 23.70, 23.53, 21.11, 19.04, 0, 0, 4.56
2019/04/19 22:37:00, 23.75, 23.70, 23.53, 21.18, 19.05, 0, 0, 4.56
2019/04/19 22:38:00, 23.75, 23.68, 23.52, 21.11, 19.07, 0, 0, 4.56
2019/04/19 22:39:00, 23.75, 23.73, 23.52, 21.21, 19.07, 0, 0, 4.56
2019/04/19 22:40:00, 23.75, 23.71, 23.53, 21.16, 19.10, 0, 0, 4.56
2019/04/19 22:41:00, 23.75, 23.74, 23.54, 21.14, 19.10, 0, 0, 4.56
2019/04/19 22:42:00, 23.75, 23.73, 23.53, 21.18, 19.10, 0, 0, 4.56
2019/04/19 22:43:00, 23.75, 23.70, 23.54, 21.19, 19.10, 0, 0, 4.56
2019/04/19 22:44:00, 23.75, 23.71, 23.54, 21.18, 19.13, 0, 0, 4.56
2019/04/19 22:45:00, 23.75, 23.74, 23.53, 21.26, 19.12, 0, 0, 4.56
2019/04/19 22:46:00, 23.75, 23.71, 23.54, 21.21, 19.14, 0, 0, 4.56
2019/04/19 22:47:00, 23.75, 23.73, 23.53, 21.23, 19.16, 0, 0, 4.56
2019/04/19 22:48:00, 23.75, 23.74, 23.56, 21.23, 19.16, 0, 0, 4.56
2019/04/19 22:49:00, 23.75, 23.71, 23.53, 21.28, 19.18, 0, 0, 4.56
2019/04/19 22:50:00, 23.75, 23.71, 23.54, 21.28, 19.18, 0, 0, 4.56
2019/04/19 22:51:00, 23.75, 23.73, 23.54, 21.26, 19.18, 0, 0, 4.56
2019/04/19 22:52:00, 23.75, 23.74, 23.54, 21.31, 19.17, 0, 0, 4.56
2019/04/19 22:53:00, 23.75, 23.74, 23.57, 21.28, 19.20, 0, 0, 4.56
2019/04/19 22:54:00, 23.75, 23.70, 23.57, 21.29, 19.23, 0, 0, 4.56
2019/04/19 22:55:00, 23.75, 23.71, 23.54, 21.34, 19.23, 0, 0, 4.56
2019/04/19 22:56:00, 23.75, 23.73, 23.56, 21.34, 19.23, 0, 0, 4.56
2019/04/19 22:57:00, 23.75, 23.74, 23.54, 21.36, 19.25, 0, 0, 4.56
2019/04/19 22:58:00, 23.75, 23.74, 23.54, 21.32, 19.24, 0, 0, 4.56
2019/04/19 22:59:00, 23.75, 23.74, 23.53, 21.34, 19.26, 0, 0, 4.56
2019/04/19 23:00:00, 23.75, 23.74, 23.56, 21.34, 19.26, 0, 0, 4.56
2019/04/19 23:01:00, 23.75, 23.73, 23.54, 21.36, 19.28, 0, 0, 4.56
2019/04/19 23:02:00, 23.75, 23.74, 23.56, 21.34, 19.26, 0, 0, 4.56
2019/04/19 23:03:00, 23.75, 23.71, 23.53, 21.36, 19.26, 0, 0, 4.56
2019/04/19 23:04:00, 23.75, 23.71, 23.56, 21.36, 19.31, 0, 0, 4.56
2019/04/19 23:05:00, 23.75, 23.73, 23.54, 21.37, 19.32, 0, 0, 4.56
2019/04/19 23:06:00, 23.75, 23.73, 23.53, 21.45, 19.32, 0, 0, 4.56
2019/04/19 23:07:00, 23.75, 23.71, 23.53, 21.37, 19.31, 0, 0, 4.56
2019/04/19 23:08:00, 23.75, 23.73, 23.54, 21.42, 19.34, 0, 0, 4.56
2019/04/19 23:09:00, 23.75, 23.74, 23.54, 21.42, 19.36, 0, 0, 4.56
2019/04/19 23:10:00, 23.75, 23.74, 23.56, 21.46, 19.36, 0, 0, 4.56
2019/04/19 23:11:00, 23.75, 23.73, 23.56, 21.37, 19.31, 0, 0, 4.56
2019/04/19 23:12:00, 23.75, 23.73, 23.56, 21.48, 19.35, 0, 0, 4.56
2019/04/19 23:13:00, 23.75, 23.73, 23.51, 21.49, 19.35, 0, 0, 4.56
2019/04/19 23:14:00, 23.75, 23.68, 23.52, 21.50, 19.38, 0, 0, 4.56
2019/04/19 23:15:00, 23.75, 23.71, 23.53, 21.52, 19.43, 0, 0, 4.56
2019/04/19 23:16:00, 23.75, 23.71, 23.50, 21.55, 19.44, 0, 0, 4.56
2019/04/19 23:17:00, 23.75, 23.70, 23.52, 21.48, 19.45, 0, 0, 4.56
2019/04/19 23:18:00, 23.75, 23.71, 23.54, 21.58, 19.44, 0, 0, 4.56
2019/04/19 23:19:00, 23.75, 23.68, 23.52, 21.55, 19.47, 0, 0, 4.56
2019/04/19 23:20:00, 23.75, 23.70, 23.51, 21.55, 19.47, 0, 0, 4.56
2019/04/19 23:21:00, 23.75, 23.71, 23.51, 21.61, 19.48, 0, 0, 4.56
2019/04/19 23:22:00, 23.75, 23.70, 23.51, 21.63, 19.49, 0, 0, 4.56
2019/04/19 23:23:00, 23.75, 23.68, 23.50, 21.66, 19.52, 0, 0, 4.56
2019/04/19 23:24:00, 23.75, 23.70, 23.50, 21.63, 19.52, 0, 0, 4.56
2019/04/19 23:25:00, 23.75, 23.70, 23.52, 21.58, 19.52, 0, 0, 4.56
2019/04/19 23:26:00, 23.75, 23.70, 23.51, 21.58, 19.48, 0, 0, 4.56
2019/04/19 23:27:00, 23.75, 23.70, 23.51, 21.58, 19.51, 0, 0, 4.56
2019/04/19 23:28:00, 23.75, 23.71, 23.52, 21.63, 19.52, 0, 0, 4.56
2019/04/19 23:29:00, 23.75, 23.71, 23.52, 21.57, 19.51, 0, 0, 4.56
2019/04/19 23:30:00, 23.75, 23.73, 23.52, 21.62, 19.53, 0, 0, 4.56
2019/04/19 23:31:00, 23.75, 23.71, 23.51, 21.63, 19.52, 0, 0, 4.56
2019/04/19 23:32:00, 23.75, 23.73, 23.51, 21.60, 19.52, 0, 0, 4.56
2019/04/19 23:33:00, 23.75, 23.68, 23.51, 21.69, 19.54, 0, 0, 4.56
2019/04/19 23:34:00, 23.75, 23.68, 23.50, 21.71, 19.57, 0, 0, 4.56
2019/04/19 23:35:00, 23.75, 23.70, 23.51, 21.69, 19.60, 0, 0, 4.56
2019/04/19 23:36:00, 23.75, 23.68, 23.50, 21.73, 19.59, 0, 0, 4.56
2019/04/19 23:37:00, 23.75, 23.67, 23.49, 21.79, 19.64, 0, 0, 4.56
2019/04/19 23:38:00, 23.75, 23.68, 23.48, 21.71, 19.61, 0, 0, 4.56
2019/04/19 23:39:00, 23.75, 23.70, 23.50, 21.76, 19.65, 0, 0, 4.56
2019/04/19 23:40:00, 23.75, 23.68, 23.51, 21.74, 19.64, 0, 0, 4.56
2019/04/19 23:41:00, 23.75, 23.67, 23.49, 21.78, 19.66, 0, 0, 4.56
2019/04/19 23:42:00, 23.75, 23.67, 23.51, 21.84, 19.65, 0, 0, 4.56
2019/04/19 23:43:00, 23.75, 23.67, 23.49, 21.76, 19.66, 0, 0, 4.56
2019/04/19 23:44:00, 23.75, 23.70, 23.50, 21.77, 19.68, 0, 0, 4.56
2019/04/19 23:45:00, 23.75, 23.68, 23.49, 21.76, 19.69, 0, 0, 4.56
2019/04/19 23:46:00, 23.75, 23.64, 23.49, 21.77, 19.69, 0, 0, 4.56
2019/04/19 23:47:00, 23.75, 23.67, 23.47, 21.81, 19.72, 0, 0, 4.56
