Data logger for tempereture and humidity.
Code, design, and soldering by Antti Mikkonen, a.mikkonen@iki.fi, 2019.
Based on open source projects and libraries. See source for details.
/home/ami/src/arduino/promini/logger_v8_ada/logger_v8_ada.ino
UTC time (year/month/date hour:minute:second), T RTC (C), T sht31 (C), T si7021 (C), RH sht31 (-), RH si7021 (-), heaterOn sht31 (bool),  heaterOn si7021 (bool), battery voltage (V)
2019/05/04 00:08:00, 24.50, 23.95, 23.76, 15.73, 13.93, 0, 0, 4.40
2019/05/04 00:09:00, 24.50, 23.94, 23.78, 15.71, 13.94, 0, 0, 4.40
2019/05/04 00:10:00, 24.50, 23.98, 23.78, 15.68, 13.92, 0, 0, 4.40
2019/05/04 00:11:00, 24.50, 23.95, 23.75, 15.71, 13.91, 0, 0, 4.40
2019/05/04 00:12:00, 24.50, 23.95, 23.78, 15.71, 13.94, 0, 0, 4.40
2019/05/04 00:13:00, 24.50, 23.95, 23.78, 15.71, 13.95, 0, 0, 4.40
2019/05/04 00:14:00, 24.50, 23.95, 23.78, 15.68, 13.95, 0, 0, 4.40
2019/05/04 00:15:00, 24.50, 23.99, 23.79, 15.69, 13.94, 0, 0, 4.40
2019/05/04 00:16:00, 24.50, 23.98, 23.79, 15.61, 13.91, 0, 0, 4.40
2019/05/04 00:17:00, 24.50, 23.98, 23.78, 15.64, 13.92, 0, 0, 4.40
2019/05/04 00:18:00, 24.50, 23.98, 23.80, 15.64, 13.91, 0, 0, 4.40
2019/05/04 00:19:00, 24.50, 23.97, 23.78, 15.62, 13.89, 0, 0, 4.40
2019/05/04 00:20:00, 24.50, 23.99, 23.79, 15.64, 13.92, 0, 0, 4.40
2019/05/04 00:21:00, 24.50, 23.98, 23.82, 15.63, 13.92, 0, 0, 4.40
2019/05/04 00:22:00, 24.50, 23.99, 23.78, 15.56, 13.88, 0, 0, 4.40
2019/05/04 00:23:00, 24.50, 23.95, 23.77, 15.56, 13.89, 0, 0, 4.40
2019/05/04 00:24:00, 24.50, 23.94, 23.78, 15.62, 13.92, 0, 0, 4.40
2019/05/04 00:25:00, 24.50, 23.95, 23.76, 15.64, 13.91, 0, 0, 4.40
2019/05/04 00:26:00, 24.50, 23.95, 23.74, 15.61, 13.89, 0, 0, 4.40
2019/05/04 00:27:00, 24.50, 23.91, 23.75, 15.71, 13.93, 0, 0, 4.40
2019/05/04 00:28:00, 24.50, 23.92, 23.73, 15.64, 13.92, 0, 0, 4.40
2019/05/04 00:29:00, 24.50, 23.94, 23.76, 15.71, 13.95, 0, 0, 4.40
2019/05/04 00:30:00, 24.50, 23.95, 23.74, 15.71, 13.94, 0, 0, 4.40
2019/05/04 00:31:00, 24.50, 23.95, 23.77, 15.68, 13.95, 0, 0, 4.40
2019/05/04 00:32:00, 24.50, 23.98, 23.77, 15.71, 13.94, 0, 0, 4.40
2019/05/04 00:33:00, 24.50, 23.98, 23.80, 15.66, 13.91, 0, 0, 4.40
2019/05/04 00:34:00, 24.50, 23.95, 23.76, 15.62, 13.89, 0, 0, 4.40
2019/05/04 00:35:00, 24.50, 23.97, 23.78, 15.66, 13.92, 0, 0, 4.40
2019/05/04 00:36:00, 24.50, 23.97, 23.78, 15.66, 13.95, 0, 0, 4.40
2019/05/04 00:37:00, 24.50, 23.95, 23.80, 15.62, 13.93, 0, 0, 4.40
2019/05/04 00:38:00, 24.50, 23.92, 23.78, 15.61, 13.91, 0, 0, 4.40
2019/05/04 00:39:00, 24.50, 23.97, 23.79, 15.66, 13.91, 0, 0, 4.40
2019/05/04 00:40:00, 24.50, 23.95, 23.78, 15.62, 13.91, 0, 0, 4.40
2019/05/04 00:41:00, 24.50, 23.97, 23.79, 15.71, 13.91, 0, 0, 4.40
2019/05/04 00:42:00, 24.50, 23.98, 23.78, 15.62, 13.92, 0, 0, 4.40
2019/05/04 00:43:00, 24.50, 23.97, 23.77, 15.64, 13.90, 0, 0, 4.40
2019/05/04 00:44:00, 24.50, 23.95, 23.78, 15.68, 13.92, 0, 0, 4.40
2019/05/04 00:45:00, 24.50, 23.98, 23.78, 15.69, 13.92, 0, 0, 4.40
2019/05/04 00:46:00, 24.50, 23.97, 23.80, 15.66, 13.92, 0, 0, 4.40
2019/05/04 00:47:00, 24.50, 23.97, 23.80, 15.66, 13.93, 0, 0, 4.40
2019/05/04 00:48:00, 24.50, 23.97, 23.76, 15.61, 13.91, 0, 0, 4.40
2019/05/04 00:49:00, 24.50, 23.97, 23.76, 15.69, 13.92, 0, 0, 4.40
2019/05/04 00:50:00, 24.50, 23.98, 23.78, 15.68, 13.92, 0, 0, 4.40
2019/05/04 00:51:00, 24.50, 23.95, 23.76, 15.69, 13.94, 0, 0, 4.40
2019/05/04 00:52:00, 24.50, 23.95, 23.77, 15.64, 13.93, 0, 0, 4.40
2019/05/04 00:53:00, 24.50, 23.95, 23.77, 15.56, 13.90, 0, 0, 4.40
2019/05/04 00:54:00, 24.50, 23.95, 23.74, 15.66, 13.91, 0, 0, 4.40
2019/05/04 00:55:00, 24.50, 23.95, 23.78, 15.68, 13.93, 0, 0, 4.40
2019/05/04 00:56:00, 24.50, 23.95, 23.78, 15.66, 13.95, 0, 0, 4.40
2019/05/04 00:57:00, 24.50, 23.95, 23.76, 15.71, 13.94, 0, 0, 4.40
2019/05/04 00:58:00, 24.50, 23.97, 23.76, 15.69, 13.94, 0, 0, 4.40
2019/05/04 00:59:00, 24.50, 23.95, 23.77, 15.68, 13.95, 0, 0, 4.40
2019/05/04 01:00:00, 24.50, 23.95, 23.74, 15.68, 13.94, 0, 0, 4.40
2019/05/04 01:01:00, 24.50, 23.94, 23.75, 15.68, 13.92, 0, 0, 4.40
2019/05/04 01:02:00, 24.50, 23.95, 23.75, 15.73, 13.95, 0, 0, 4.40
2019/05/04 01:03:00, 24.50, 23.94, 23.76, 15.66, 13.94, 0, 0, 4.40
2019/05/04 01:04:00, 24.50, 23.94, 23.75, 15.68, 13.93, 0, 0, 4.40
2019/05/04 01:05:00, 24.50, 23.95, 23.74, 15.71, 13.96, 0, 0, 4.40
2019/05/04 01:06:00, 24.50, 23.95, 23.76, 15.71, 13.98, 0, 0, 4.40
2019/05/04 01:07:00, 24.50, 23.94, 23.75, 15.69, 13.96, 0, 0, 4.40
2019/05/04 01:08:00, 24.50, 23.94, 23.76, 15.69, 13.95, 0, 0, 4.40
2019/05/04 01:09:00, 24.50, 23.94, 23.73, 15.66, 13.92, 0, 0, 4.40
2019/05/04 01:10:00, 24.50, 23.94, 23.75, 15.71, 13.95, 0, 0, 4.40
2019/05/04 01:11:00, 24.50, 23.94, 23.76, 15.71, 13.98, 0, 0, 4.40
2019/05/04 01:12:00, 24.50, 23.94, 23.73, 15.69, 13.94, 0, 0, 4.40
2019/05/04 01:13:00, 24.50, 23.92, 23.71, 15.71, 13.96, 0, 0, 4.40
2019/05/04 01:14:00, 24.50, 23.92, 23.73, 15.74, 13.98, 0, 0, 4.40
2019/05/04 01:15:00, 24.50, 23.92, 23.72, 15.71, 13.97, 0, 0, 4.40
2019/05/04 01:16:00, 24.50, 23.90, 23.72, 15.72, 13.99, 0, 0, 4.40
2019/05/04 01:17:00, 24.50, 23.91, 23.71, 15.74, 14.01, 0, 0, 4.40
2019/05/04 01:18:00, 24.50, 23.91, 23.74, 15.75, 14.02, 0, 0, 4.40
2019/05/04 01:19:00, 24.50, 23.91, 23.69, 15.74, 13.99, 0, 0, 4.40
2019/05/04 01:20:00, 24.50, 23.90, 23.69, 15.74, 13.98, 0, 0, 4.40
2019/05/04 01:21:00, 24.50, 23.91, 23.72, 15.80, 14.01, 0, 0, 4.40
2019/05/04 01:22:00, 24.50, 23.91, 23.73, 15.75, 14.01, 0, 0, 4.40
2019/05/04 01:23:00, 24.50, 23.92, 23.75, 15.75, 14.01, 0, 0, 4.40
2019/05/04 01:24:00, 24.50, 23.94, 23.72, 15.74, 14.01, 0, 0, 4.40
2019/05/04 01:25:00, 24.50, 23.92, 23.74, 15.71, 13.98, 0, 0, 4.40
2019/05/04 01:26:00, 24.50, 23.90, 23.71, 15.74, 13.98, 0, 0, 4.40
2019/05/04 01:27:00, 24.50, 23.90, 23.72, 15.72, 14.01, 0, 0, 4.40
2019/05/04 01:28:00, 24.50, 23.92, 23.73, 15.74, 14.03, 0, 0, 4.40
2019/05/04 01:29:00, 24.50, 23.91, 23.73, 15.75, 14.03, 0, 0, 4.40
2019/05/04 01:30:00, 24.50, 23.92, 23.72, 15.72, 14.01, 0, 0, 4.40
2019/05/04 01:31:00, 24.50, 23.91, 23.74, 15.77, 14.00, 0, 0, 4.40
2019/05/04 01:32:00, 24.50, 23.91, 23.71, 15.77, 14.02, 0, 0, 4.40
2019/05/04 01:33:00, 24.50, 23.92, 23.74, 15.77, 14.04, 0, 0, 4.40
2019/05/04 01:34:00, 24.50, 23.92, 23.73, 15.75, 14.01, 0, 0, 4.40
2019/05/04 01:35:00, 24.50, 23.94, 23.73, 15.72, 14.01, 0, 0, 4.40
2019/05/04 01:36:00, 24.50, 23.91, 23.73, 15.71, 14.00, 0, 0, 4.40
2019/05/04 01:37:00, 24.50, 23.91, 23.73, 15.77, 14.00, 0, 0, 4.40
2019/05/04 01:38:00, 24.50, 23.92, 23.73, 15.82, 14.03, 0, 0, 4.40
2019/05/04 01:39:00, 24.50, 23.92, 23.75, 15.74, 14.04, 0, 0, 4.40
2019/05/04 01:40:00, 24.50, 23.91, 23.71, 15.71, 14.01, 0, 0, 4.40
2019/05/04 01:41:00, 24.50, 23.92, 23.73, 15.77, 14.04, 0, 0, 4.40
2019/05/04 01:42:00, 24.50, 23.91, 23.73, 15.72, 14.05, 0, 0, 4.40
2019/05/04 01:43:00, 24.50, 23.91, 23.73, 15.77, 14.01, 0, 0, 4.40
2019/05/04 01:44:00, 24.50, 23.88, 23.72, 15.74, 14.02, 0, 0, 4.40
2019/05/04 01:45:00, 24.50, 23.91, 23.72, 15.82, 14.01, 0, 0, 4.40
2019/05/04 01:46:00, 24.50, 23.91, 23.72, 15.80, 14.04, 0, 0, 4.40
2019/05/04 01:47:00, 24.50, 23.91, 23.74, 15.82, 14.05, 0, 0, 4.40
2019/05/04 01:48:00, 24.50, 23.91, 23.73, 15.77, 14.05, 0, 0, 4.40
2019/05/04 01:49:00, 24.50, 23.91, 23.69, 15.74, 14.03, 0, 0, 4.40
2019/05/04 01:50:00, 24.50, 23.90, 23.72, 15.79, 14.04, 0, 0, 4.40
2019/05/04 01:51:00, 24.50, 23.91, 23.73, 15.83, 14.05, 0, 0, 4.40
2019/05/04 01:52:00, 24.50, 23.91, 23.71, 15.79, 14.06, 0, 0, 4.40
2019/05/04 01:53:00, 24.50, 23.90, 23.68, 15.75, 14.04, 0, 0, 4.40
2019/05/04 01:54:00, 24.50, 23.90, 23.73, 15.79, 14.06, 0, 0, 4.40
2019/05/04 01:55:00, 24.50, 23.90, 23.69, 15.80, 14.05, 0, 0, 4.40
2019/05/04 01:56:00, 24.50, 23.91, 23.74, 15.79, 14.07, 0, 0, 4.40
2019/05/04 01:57:00, 24.50, 23.87, 23.71, 15.75, 14.03, 0, 0, 4.40
2019/05/04 01:58:00, 24.50, 23.87, 23.69, 15.80, 14.05, 0, 0, 4.40
2019/05/04 01:59:00, 24.50, 23.92, 23.71, 15.80, 14.06, 0, 0, 4.40
2019/05/04 02:00:00, 24.50, 23.91, 23.72, 15.82, 14.08, 0, 0, 4.40
2019/05/04 02:01:00, 24.50, 23.94, 23.76, 15.75, 14.05, 0, 0, 4.40
2019/05/04 02:02:00, 24.50, 23.92, 23.73, 15.72, 14.04, 0, 0, 4.40
2019/05/04 02:03:00, 24.50, 23.92, 23.74, 15.72, 14.02, 0, 0, 4.40
2019/05/04 02:04:00, 24.50, 23.94, 23.74, 15.74, 13.99, 0, 0, 4.40
2019/05/04 02:05:00, 24.50, 23.90, 23.73, 15.84, 14.05, 0, 0, 4.40
2019/05/04 02:06:00, 24.50, 23.92, 23.73, 15.79, 14.05, 0, 0, 4.40
2019/05/04 02:07:00, 24.50, 23.92, 23.71, 15.77, 14.04, 0, 0, 4.40
2019/05/04 02:08:00, 24.50, 23.91, 23.76, 15.77, 14.04, 0, 0, 4.40
2019/05/04 02:09:00, 24.50, 23.88, 23.69, 15.79, 14.05, 0, 0, 4.40
2019/05/04 02:10:00, 24.50, 23.91, 23.71, 15.82, 14.07, 0, 0, 4.40
2019/05/04 02:11:00, 24.50, 23.91, 23.69, 15.82, 14.05, 0, 0, 4.40
2019/05/04 02:12:00, 24.50, 23.87, 23.67, 15.79, 14.07, 0, 0, 4.40
2019/05/04 02:13:00, 24.50, 23.85, 23.66, 15.82, 14.08, 0, 0, 4.40
2019/05/04 02:14:00, 24.50, 23.87, 23.65, 15.82, 14.10, 0, 0, 4.40
2019/05/04 02:15:00, 24.50, 23.85, 23.64, 15.88, 14.08, 0, 0, 4.40
2019/05/04 02:16:00, 24.50, 23.84, 23.68, 15.88, 14.11, 0, 0, 4.40
2019/05/04 02:17:00, 24.50, 23.87, 23.68, 15.87, 14.12, 0, 0, 4.40
2019/05/04 02:18:00, 24.50, 23.87, 23.66, 15.86, 14.13, 0, 0, 4.40
2019/05/04 02:19:00, 24.50, 23.87, 23.68, 15.90, 14.14, 0, 0, 4.40
2019/05/04 02:20:00, 24.50, 23.88, 23.71, 15.88, 14.14, 0, 0, 4.40
2019/05/04 02:21:00, 24.50, 23.90, 23.72, 15.87, 14.11, 0, 0, 4.40
2019/05/04 02:22:00, 24.50, 23.87, 23.68, 15.79, 14.08, 0, 0, 4.40
2019/05/04 02:23:00, 24.50, 23.87, 23.71, 15.85, 14.12, 0, 0, 4.40
2019/05/04 02:24:00, 24.50, 23.90, 23.66, 15.87, 14.09, 0, 0, 4.40
2019/05/04 02:25:00, 24.50, 23.88, 23.68, 15.88, 14.13, 0, 0, 4.40
2019/05/04 02:26:00, 24.50, 23.88, 23.71, 15.85, 14.13, 0, 0, 4.40
2019/05/04 02:27:00, 24.50, 23.88, 23.68, 15.88, 14.10, 0, 0, 4.40
2019/05/04 02:28:00, 24.50, 23.90, 23.69, 15.87, 14.14, 0, 0, 4.40
2019/05/04 02:29:00, 24.50, 23.87, 23.69, 15.91, 14.12, 0, 0, 4.40
2019/05/04 02:30:00, 24.50, 23.88, 23.71, 15.85, 14.13, 0, 0, 4.40
2019/05/04 02:31:00, 24.50, 23.90, 23.67, 15.90, 14.11, 0, 0, 4.40
2019/05/04 02:32:00, 24.50, 23.88, 23.68, 15.90, 14.13, 0, 0, 4.40
2019/05/04 02:33:00, 24.50, 23.87, 23.69, 15.91, 14.14, 0, 0, 4.40
2019/05/04 02:34:00, 24.50, 23.85, 23.67, 15.85, 14.12, 0, 0, 4.40
2019/05/04 02:35:00, 24.50, 23.88, 23.67, 15.90, 14.13, 0, 0, 4.40
2019/05/04 02:36:00, 24.50, 23.85, 23.67, 15.86, 14.12, 0, 0, 4.40
2019/05/04 02:37:00, 24.50, 23.85, 23.67, 15.91, 14.15, 0, 0, 4.40
2019/05/04 02:38:00, 24.50, 23.85, 23.68, 15.91, 14.17, 0, 0, 4.40
2019/05/04 02:39:00, 24.50, 23.88, 23.69, 15.91, 14.17, 0, 0, 4.40
2019/05/04 02:40:00, 24.50, 23.87, 23.68, 15.88, 14.17, 0, 0, 4.40
2019/05/04 02:41:00, 24.50, 23.85, 23.66, 15.87, 14.12, 0, 0, 4.40
2019/05/04 02:42:00, 24.50, 23.88, 23.65, 15.85, 14.15, 0, 0, 4.40
2019/05/04 02:43:00, 24.50, 23.87, 23.69, 15.83, 14.17, 0, 0, 4.40
2019/05/04 02:44:00, 24.50, 23.87, 23.66, 15.90, 14.14, 0, 0, 4.40
2019/05/04 02:45:00, 24.50, 23.88, 23.67, 15.90, 14.16, 0, 0, 4.40
2019/05/04 02:46:00, 24.50, 23.87, 23.69, 15.90, 14.17, 0, 0, 4.40
2019/05/04 02:47:00, 24.50, 23.87, 23.66, 15.90, 14.13, 0, 0, 4.40
2019/05/04 02:48:00, 24.50, 23.87, 23.68, 15.88, 14.16, 0, 0, 4.40
2019/05/04 02:49:00, 24.50, 23.87, 23.66, 15.86, 14.14, 0, 0, 4.40
2019/05/04 02:50:00, 24.50, 23.88, 23.68, 15.93, 14.17, 0, 0, 4.40
2019/05/04 02:51:00, 24.50, 23.87, 23.69, 15.88, 14.17, 0, 0, 4.40
2019/05/04 02:52:00, 24.50, 23.87, 23.69, 15.88, 14.14, 0, 0, 4.40
2019/05/04 02:53:00, 24.50, 23.88, 23.68, 15.85, 14.14, 0, 0, 4.40
2019/05/04 02:54:00, 24.50, 23.87, 23.68, 15.88, 14.14, 0, 0, 4.40
2019/05/04 02:55:00, 24.50, 23.88, 23.67, 15.91, 14.17, 0, 0, 4.40
2019/05/04 02:56:00, 24.50, 23.91, 23.66, 15.93, 14.14, 0, 0, 4.40
2019/05/04 02:57:00, 24.50, 23.90, 23.68, 15.91, 14.14, 0, 0, 4.40
2019/05/04 02:58:00, 24.50, 23.88, 23.71, 15.90, 14.13, 0, 0, 4.40
2019/05/04 02:59:00, 24.50, 23.85, 23.68, 15.88, 14.14, 0, 0, 4.40
2019/05/04 03:00:00, 24.50, 23.85, 23.69, 15.88, 14.13, 0, 0, 4.40
2019/05/04 03:01:00, 24.50, 23.85, 23.71, 15.85, 14.15, 0, 0, 4.40
2019/05/04 03:02:00, 24.50, 23.87, 23.69, 15.90, 14.15, 0, 0, 4.40
2019/05/04 03:03:00, 24.50, 23.87, 23.66, 15.91, 14.17, 0, 0, 4.40
2019/05/04 03:04:00, 24.50, 23.90, 23.68, 15.88, 14.13, 0, 0, 4.40
2019/05/04 03:05:00, 24.50, 23.87, 23.66, 15.90, 14.14, 0, 0, 4.40
2019/05/04 03:06:00, 24.50, 23.84, 23.65, 15.86, 14.17, 0, 0, 4.40
2019/05/04 03:07:00, 24.50, 23.84, 23.66, 15.85, 14.16, 0, 0, 4.40
2019/05/04 03:08:00, 24.50, 23.81, 23.62, 15.93, 14.16, 0, 0, 4.40
2019/05/04 03:09:00, 24.50, 23.83, 23.63, 15.91, 14.19, 0, 0, 4.40
2019/05/04 03:10:00, 24.50, 23.85, 23.66, 15.96, 14.19, 0, 0, 4.40
2019/05/04 03:11:00, 24.50, 23.84, 23.67, 15.93, 14.17, 0, 0, 4.40
2019/05/04 03:12:00, 24.50, 23.85, 23.67, 15.93, 14.17, 0, 0, 4.40
2019/05/04 03:13:00, 24.50, 23.85, 23.67, 15.91, 14.19, 0, 0, 4.40
2019/05/04 03:14:00, 24.50, 23.85, 23.65, 15.88, 14.13, 0, 0, 4.40
2019/05/04 03:15:00, 24.50, 23.81, 23.63, 15.85, 14.15, 0, 0, 4.40
2019/05/04 03:16:00, 24.50, 23.84, 23.62, 15.86, 14.17, 0, 0, 4.40
2019/05/04 03:17:00, 24.50, 23.85, 23.66, 15.93, 14.20, 0, 0, 4.40
2019/05/04 03:18:00, 24.50, 23.87, 23.67, 15.95, 14.21, 0, 0, 4.40
2019/05/04 03:19:00, 24.50, 23.85, 23.66, 15.96, 14.16, 0, 0, 4.40
2019/05/04 03:20:00, 24.50, 23.87, 23.66, 15.93, 14.18, 0, 0, 4.40
2019/05/04 03:21:00, 24.50, 23.87, 23.71, 15.93, 14.17, 0, 0, 4.40
2019/05/04 03:22:00, 24.50, 23.85, 23.67, 15.90, 14.17, 0, 0, 4.40
2019/05/04 03:23:00, 24.50, 23.87, 23.69, 15.88, 14.15, 0, 0, 4.40
2019/05/04 03:24:00, 24.50, 23.83, 23.67, 15.91, 14.15, 0, 0, 4.40
2019/05/04 03:25:00, 24.50, 23.85, 23.67, 15.88, 14.17, 0, 0, 4.40
2019/05/04 03:26:00, 24.50, 23.88, 23.68, 15.88, 14.18, 0, 0, 4.40
2019/05/04 03:27:00, 24.50, 23.87, 23.67, 15.85, 14.14, 0, 0, 4.40
2019/05/04 03:28:00, 24.50, 23.88, 23.64, 15.86, 14.12, 0, 0, 4.40
2019/05/04 03:29:00, 24.50, 23.84, 23.66, 15.89, 14.16, 0, 0, 4.40
2019/05/04 03:30:00, 24.50, 23.85, 23.66, 15.85, 14.16, 0, 0, 4.40
2019/05/04 03:31:00, 24.50, 23.81, 23.64, 15.83, 14.14, 0, 0, 4.40
2019/05/04 03:32:00, 24.50, 23.84, 23.64, 15.91, 14.15, 0, 0, 4.40
2019/05/04 03:33:00, 24.50, 23.83, 23.63, 15.89, 14.15, 0, 0, 4.40
2019/05/04 03:34:00, 24.50, 23.83, 23.65, 15.91, 14.19, 0, 0, 4.40
2019/05/04 03:35:00, 24.50, 23.84, 23.66, 15.91, 14.17, 0, 0, 4.40
2019/05/04 03:36:00, 24.50, 23.84, 23.64, 15.85, 14.14, 0, 0, 4.40
2019/05/04 03:37:00, 24.50, 23.83, 23.64, 15.88, 14.16, 0, 0, 4.40
2019/05/04 03:38:00, 24.50, 23.83, 23.66, 15.88, 14.17, 0, 0, 4.40
2019/05/04 03:39:00, 24.50, 23.84, 23.66, 15.86, 14.16, 0, 0, 4.40
2019/05/04 03:40:00, 24.50, 23.85, 23.63, 15.85, 14.13, 0, 0, 4.40
2019/05/04 03:41:00, 24.50, 23.83, 23.64, 15.90, 14.14, 0, 0, 4.40
2019/05/04 03:42:00, 24.50, 23.81, 23.64, 15.85, 14.14, 0, 0, 4.40
2019/05/04 03:43:00, 24.50, 23.80, 23.63, 15.89, 14.15, 0, 0, 4.40
2019/05/04 03:44:00, 24.50, 23.80, 23.61, 15.88, 14.14, 0, 0, 4.40
2019/05/04 03:45:00, 24.50, 23.81, 23.62, 15.93, 14.15, 0, 0, 4.40
2019/05/04 03:46:00, 24.50, 23.81, 23.62, 15.91, 14.16, 0, 0, 4.40
2019/05/04 03:47:00, 24.50, 23.81, 23.65, 15.88, 14.15, 0, 0, 4.40
2019/05/04 03:48:00, 24.50, 23.84, 23.63, 15.89, 14.11, 0, 0, 4.40
2019/05/04 03:49:00, 24.50, 23.81, 23.64, 15.91, 14.13, 0, 0, 4.40
2019/05/04 03:50:00, 24.50, 23.83, 23.65, 15.93, 14.13, 0, 0, 4.40
2019/05/04 03:51:00, 24.50, 23.84, 23.63, 15.94, 14.15, 0, 0, 4.40
2019/05/04 03:52:00, 24.50, 23.81, 23.63, 15.85, 14.14, 0, 0, 4.40
2019/05/04 03:53:00, 24.50, 23.80, 23.62, 15.88, 14.11, 0, 0, 4.40
2019/05/04 03:54:00, 24.50, 23.81, 23.60, 15.85, 14.12, 0, 0, 4.40
2019/05/04 03:55:00, 24.50, 23.77, 23.60, 15.89, 14.11, 0, 0, 4.40
2019/05/04 03:56:00, 24.50, 23.80, 23.61, 15.89, 14.14, 0, 0, 4.40
2019/05/04 03:57:00, 24.50, 23.77, 23.60, 15.84, 14.14, 0, 0, 4.40
2019/05/04 03:58:00, 24.50, 23.76, 23.60, 15.89, 14.14, 0, 0, 4.40
2019/05/04 03:59:00, 24.50, 23.80, 23.58, 15.86, 14.14, 0, 0, 4.40
2019/05/04 04:00:00, 24.50, 23.77, 23.58, 15.88, 14.15, 0, 0, 4.40
2019/05/04 04:01:00, 24.50, 23.77, 23.58, 15.89, 14.14, 0, 0, 4.40
2019/05/04 04:02:00, 24.50, 23.76, 23.59, 15.91, 14.17, 0, 0, 4.40
2019/05/04 04:03:00, 24.50, 23.74, 23.61, 15.83, 14.16, 0, 0, 4.40
2019/05/04 04:04:00, 24.50, 23.79, 23.59, 15.88, 14.14, 0, 0, 4.40
2019/05/04 04:05:00, 24.50, 23.77, 23.60, 15.84, 14.13, 0, 0, 4.40
2019/05/04 04:06:00, 24.50, 23.76, 23.58, 15.89, 14.12, 0, 0, 4.40
2019/05/04 04:07:00, 24.50, 23.79, 23.57, 15.93, 14.16, 0, 0, 4.40
2019/05/04 04:08:00, 24.50, 23.77, 23.60, 15.81, 14.14, 0, 0, 4.40
2019/05/04 04:09:00, 24.50, 23.80, 23.61, 15.84, 14.15, 0, 0, 4.40
2019/05/04 04:10:00, 24.50, 23.79, 23.60, 15.88, 14.14, 0, 0, 4.40
2019/05/04 04:11:00, 24.50, 23.80, 23.58, 15.86, 14.13, 0, 0, 4.40
2019/05/04 04:12:00, 24.50, 23.80, 23.60, 15.91, 14.14, 0, 0, 4.40
2019/05/04 04:13:00, 24.50, 23.79, 23.62, 15.93, 14.14, 0, 0, 4.40
2019/05/04 04:14:00, 24.50, 23.80, 23.64, 15.88, 14.12, 0, 0, 4.40
2019/05/04 04:15:00, 24.50, 23.83, 23.63, 15.80, 14.10, 0, 0, 4.40
2019/05/04 04:16:00, 24.50, 23.84, 23.62, 15.89, 14.11, 0, 0, 4.40
2019/05/04 04:17:00, 24.50, 23.83, 23.62, 15.85, 14.11, 0, 0, 4.40
2019/05/04 04:18:00, 24.50, 23.81, 23.63, 15.86, 14.11, 0, 0, 4.40
2019/05/04 04:19:00, 24.50, 23.80, 23.60, 15.78, 14.08, 0, 0, 4.40
2019/05/04 04:20:00, 24.50, 23.83, 23.61, 15.88, 14.08, 0, 0, 4.40
2019/05/04 04:21:00, 24.50, 23.80, 23.62, 15.85, 14.11, 0, 0, 4.40
2019/05/04 04:22:00, 24.50, 23.81, 23.60, 15.89, 14.10, 0, 0, 4.40
2019/05/04 04:23:00, 24.50, 23.76, 23.59, 15.78, 14.08, 0, 0, 4.40
2019/05/04 04:24:00, 24.50, 23.80, 23.60, 15.86, 14.10, 0, 0, 4.40
2019/05/04 04:25:00, 24.50, 23.80, 23.60, 15.78, 14.11, 0, 0, 4.40
2019/05/04 04:26:00, 24.50, 23.80, 23.61, 15.91, 14.12, 0, 0, 4.40
2019/05/04 04:27:00, 24.50, 23.83, 23.62, 15.86, 14.10, 0, 0, 4.40
2019/05/04 04:28:00, 24.50, 23.81, 23.60, 15.83, 14.09, 0, 0, 4.40
2019/05/04 04:29:00, 24.50, 23.80, 23.63, 15.84, 14.08, 0, 0, 4.40
2019/05/04 04:30:00, 24.50, 23.80, 23.59, 15.86, 14.07, 0, 0, 4.40
2019/05/04 04:31:00, 24.50, 23.79, 23.62, 15.85, 14.11, 0, 0, 4.40
2019/05/04 04:32:00, 24.50, 23.83, 23.62, 15.83, 14.11, 0, 0, 4.40
2019/05/04 04:33:00, 24.50, 23.79, 23.61, 15.78, 14.05, 0, 0, 4.40
2019/05/04 04:34:00, 24.50, 23.81, 23.60, 15.78, 14.05, 0, 0, 4.40
2019/05/04 04:35:00, 24.50, 23.77, 23.61, 15.84, 14.08, 0, 0, 4.40
2019/05/04 04:36:00, 24.50, 23.83, 23.62, 15.77, 14.07, 0, 0, 4.40
2019/05/04 04:37:00, 24.50, 23.80, 23.60, 15.78, 14.05, 0, 0, 4.40
2019/05/04 04:38:00, 24.50, 23.80, 23.59, 15.79, 14.05, 0, 0, 4.40
2019/05/04 04:39:00, 24.50, 23.76, 23.59, 15.81, 14.08, 0, 0, 4.40
2019/05/04 04:40:00, 24.50, 23.80, 23.58, 15.84, 14.07, 0, 0, 4.40
2019/05/04 04:41:00, 24.50, 23.79, 23.58, 15.84, 14.09, 0, 0, 4.40
2019/05/04 04:42:00, 24.50, 23.79, 23.59, 15.83, 14.08, 0, 0, 4.40
2019/05/04 04:43:00, 24.50, 23.76, 23.59, 15.78, 14.07, 0, 0, 4.40
2019/05/04 04:44:00, 24.50, 23.79, 23.57, 15.84, 14.07, 0, 0, 4.40
2019/05/04 04:45:00, 24.50, 23.79, 23.59, 15.78, 14.08, 0, 0, 4.40
2019/05/04 04:46:00, 24.50, 23.77, 23.58, 15.91, 14.08, 0, 0, 4.40
2019/05/04 04:47:00, 24.50, 23.77, 23.58, 15.78, 14.07, 0, 0, 4.40
2019/05/04 04:48:00, 24.50, 23.80, 23.60, 15.86, 14.10, 0, 0, 4.40
2019/05/04 04:49:00, 24.50, 23.79, 23.58, 15.81, 14.08, 0, 0, 4.40
2019/05/04 04:50:00, 24.50, 23.80, 23.60, 15.81, 14.08, 0, 0, 4.40
2019/05/04 04:51:00, 24.50, 23.77, 23.61, 15.75, 14.03, 0, 0, 4.40
2019/05/04 04:52:00, 24.50, 23.79, 23.59, 15.84, 14.06, 0, 0, 4.40
2019/05/04 04:53:00, 24.50, 23.77, 23.57, 15.77, 14.06, 0, 0, 4.40
2019/05/04 04:54:00, 24.25, 23.79, 23.60, 15.86, 14.08, 0, 0, 4.40
2019/05/04 04:55:00, 24.25, 23.80, 23.60, 15.78, 14.08, 0, 0, 4.40
2019/05/04 04:56:00, 24.50, 23.80, 23.61, 15.81, 14.08, 0, 0, 4.40
2019/05/04 04:57:00, 24.50, 23.79, 23.60, 15.71, 14.01, 0, 0, 4.40
2019/05/04 04:58:00, 24.25, 23.77, 23.60, 15.73, 14.03, 0, 0, 4.40
2019/05/04 04:59:00, 24.50, 23.76, 23.56, 15.79, 14.03, 0, 0, 4.40
2019/05/04 05:00:00, 24.25, 23.80, 23.58, 15.83, 14.08, 0, 0, 4.40
2019/05/04 05:01:00, 24.25, 23.77, 23.57, 15.79, 14.07, 0, 0, 4.40
2019/05/04 05:02:00, 24.25, 23.77, 23.60, 15.83, 14.05, 0, 0, 4.40
2019/05/04 05:03:00, 24.50, 23.77, 23.60, 15.81, 14.03, 0, 0, 4.40
2019/05/04 05:04:00, 24.25, 23.76, 23.58, 15.83, 14.05, 0, 0, 4.40
2019/05/04 05:05:00, 24.25, 23.77, 23.60, 15.78, 14.08, 0, 0, 4.40
2019/05/04 05:06:00, 24.25, 23.77, 23.57, 15.79, 14.03, 0, 0, 4.40
2019/05/04 05:07:00, 24.25, 23.76, 23.58, 15.84, 14.06, 0, 0, 4.40
2019/05/04 05:08:00, 24.25, 23.80, 23.59, 15.79, 14.06, 0, 0, 4.40
2019/05/04 05:09:00, 24.25, 23.79, 23.59, 15.79, 14.05, 0, 0, 4.40
2019/05/04 05:10:00, 24.25, 23.79, 23.59, 15.74, 14.01, 0, 0, 4.40
2019/05/04 05:11:00, 24.25, 23.79, 23.57, 15.75, 14.00, 0, 0, 4.40
2019/05/04 05:12:00, 24.25, 23.76, 23.56, 15.74, 14.01, 0, 0, 4.40
2019/05/04 05:13:00, 24.25, 23.76, 23.56, 15.76, 14.04, 0, 0, 4.40
2019/05/04 05:14:00, 24.25, 23.76, 23.57, 15.79, 14.06, 0, 0, 4.40
2019/05/04 05:15:00, 24.25, 23.76, 23.56, 15.83, 14.05, 0, 0, 4.40
2019/05/04 05:16:00, 24.25, 23.76, 23.57, 15.74, 14.04, 0, 0, 4.40
2019/05/04 05:17:00, 24.25, 23.77, 23.57, 15.78, 14.02, 0, 0, 4.40
2019/05/04 05:18:00, 24.25, 23.79, 23.57, 15.76, 14.01, 0, 0, 4.40
2019/05/04 05:19:00, 24.25, 23.77, 23.57, 15.74, 14.05, 0, 0, 4.40
2019/05/04 05:20:00, 24.25, 23.79, 23.59, 15.81, 14.04, 0, 0, 4.40
2019/05/04 05:21:00, 24.50, 23.80, 23.57, 15.78, 14.03, 0, 0, 4.40
2019/05/04 05:22:00, 24.25, 23.80, 23.60, 15.75, 14.02, 0, 0, 4.40
2019/05/04 05:23:00, 24.25, 23.79, 23.59, 15.73, 13.99, 0, 0, 4.40
2019/05/04 05:24:00, 24.25, 23.79, 23.57, 15.74, 14.01, 0, 0, 4.40
2019/05/04 05:25:00, 24.25, 23.80, 23.59, 15.73, 14.01, 0, 0, 4.40
2019/05/04 05:26:00, 24.25, 23.79, 23.60, 15.70, 13.98, 0, 0, 4.40
2019/05/04 05:27:00, 24.25, 23.77, 23.59, 15.75, 14.01, 0, 0, 4.40
2019/05/04 05:28:00, 24.25, 23.79, 23.60, 15.79, 14.01, 0, 0, 4.40
2019/05/04 05:29:00, 24.25, 23.76, 23.57, 15.71, 13.99, 0, 0, 4.40
2019/05/04 05:30:00, 24.25, 23.76, 23.58, 15.76, 14.01, 0, 0, 4.40
2019/05/04 05:31:00, 24.25, 23.79, 23.59, 15.81, 14.01, 0, 0, 4.40
2019/05/04 05:32:00, 24.25, 23.79, 23.60, 15.75, 14.00, 0, 0, 4.40
2019/05/04 05:33:00, 24.25, 23.76, 23.59, 15.73, 13.99, 0, 0, 4.40
2019/05/04 05:34:00, 24.25, 23.76, 23.59, 15.73, 14.02, 0, 0, 4.40
2019/05/04 05:35:00, 24.25, 23.77, 23.59, 15.73, 14.01, 0, 0, 4.40
2019/05/04 05:36:00, 24.25, 23.80, 23.62, 15.73, 14.01, 0, 0, 4.40
2019/05/04 05:37:00, 24.25, 23.79, 23.60, 15.70, 13.99, 0, 0, 4.40
2019/05/04 05:38:00, 24.25, 23.79, 23.62, 15.83, 14.00, 0, 0, 4.40
2019/05/04 05:39:00, 24.25, 23.80, 23.63, 15.70, 13.99, 0, 0, 4.40
2019/05/04 05:40:00, 24.25, 23.77, 23.59, 15.73, 14.00, 0, 0, 4.40
2019/05/04 05:41:00, 24.25, 23.80, 23.63, 15.73, 14.01, 0, 0, 4.40
2019/05/04 05:42:00, 24.25, 23.83, 23.61, 15.72, 14.00, 0, 0, 4.40
2019/05/04 05:43:00, 24.25, 23.80, 23.61, 15.71, 13.98, 0, 0, 4.40
2019/05/04 05:44:00, 24.25, 23.83, 23.63, 15.77, 13.98, 0, 0, 4.40
2019/05/04 05:45:00, 24.25, 23.77, 23.60, 15.73, 13.95, 0, 0, 4.40
2019/05/04 05:46:00, 24.25, 23.80, 23.63, 15.73, 13.99, 0, 0, 4.40
2019/05/04 05:47:00, 24.25, 23.81, 23.61, 15.75, 13.99, 0, 0, 4.40
2019/05/04 05:48:00, 24.25, 23.81, 23.63, 15.75, 13.98, 0, 0, 4.40
2019/05/04 05:49:00, 24.25, 23.81, 23.58, 15.65, 13.97, 0, 0, 4.40
2019/05/04 05:50:00, 24.25, 23.80, 23.58, 15.73, 13.98, 0, 0, 4.40
2019/05/04 05:51:00, 24.25, 23.79, 23.59, 15.78, 14.00, 0, 0, 4.40
2019/05/04 05:52:00, 24.25, 23.79, 23.60, 15.70, 13.99, 0, 0, 4.40
2019/05/04 05:53:00, 24.25, 23.76, 23.57, 15.68, 13.97, 0, 0, 4.40
2019/05/04 05:54:00, 24.25, 23.76, 23.58, 15.71, 14.00, 0, 0, 4.40
2019/05/04 05:55:00, 24.50, 23.76, 23.56, 15.74, 14.01, 0, 0, 4.40
2019/05/04 05:56:00, 24.25, 23.77, 23.58, 15.77, 14.02, 0, 0, 4.40
2019/05/04 05:57:00, 24.25, 23.74, 23.56, 15.73, 14.00, 0, 0, 4.40
2019/05/04 05:58:00, 24.25, 23.76, 23.57, 15.74, 14.01, 0, 0, 4.40
2019/05/04 05:59:00, 24.25, 23.76, 23.56, 15.74, 14.01, 0, 0, 4.40
2019/05/04 06:00:00, 24.25, 23.77, 23.57, 15.71, 14.00, 0, 0, 4.40
2019/05/04 06:01:00, 24.25, 23.76, 23.57, 15.70, 14.00, 0, 0, 4.40
2019/05/04 06:02:00, 24.25, 23.76, 23.57, 15.74, 14.00, 0, 0, 4.40
2019/05/04 06:03:00, 24.25, 23.76, 23.56, 15.78, 14.02, 0, 0, 4.40
2019/05/04 06:04:00, 24.25, 23.74, 23.57, 15.74, 14.01, 0, 0, 4.40
2019/05/04 06:05:00, 24.25, 23.74, 23.52, 15.76, 14.00, 0, 0, 4.40
2019/05/04 06:06:00, 24.25, 23.73, 23.53, 15.78, 14.03, 0, 0, 4.40
2019/05/04 06:07:00, 24.25, 23.71, 23.50, 15.76, 14.03, 0, 0, 4.40
2019/05/04 06:08:00, 24.25, 23.73, 23.53, 15.78, 14.05, 0, 0, 4.40
2019/05/04 06:09:00, 24.25, 23.73, 23.56, 15.74, 14.05, 0, 0, 4.40
2019/05/04 06:10:00, 24.25, 23.76, 23.54, 15.78, 14.05, 0, 0, 4.40
2019/05/04 06:11:00, 24.25, 23.73, 23.54, 15.74, 14.04, 0, 0, 4.40
2019/05/04 06:12:00, 24.25, 23.76, 23.57, 15.76, 14.04, 0, 0, 4.40
2019/05/04 06:13:00, 24.25, 23.77, 23.58, 15.79, 14.02, 0, 0, 4.40
2019/05/04 06:14:00, 24.25, 23.76, 23.58, 15.76, 14.00, 0, 0, 4.40
2019/05/04 06:15:00, 24.25, 23.76, 23.57, 15.76, 14.01, 0, 0, 4.40
2019/05/04 06:16:00, 24.25, 23.77, 23.57, 15.76, 14.03, 0, 0, 4.40
2019/05/04 06:17:00, 24.25, 23.74, 23.59, 15.76, 14.01, 0, 0, 4.40
2019/05/04 06:18:00, 24.25, 23.77, 23.60, 15.76, 14.01, 0, 0, 4.40
2019/05/04 06:19:00, 24.25, 23.79, 23.57, 15.71, 14.01, 0, 0, 4.40
2019/05/04 06:20:00, 24.25, 23.80, 23.61, 15.79, 14.03, 0, 0, 4.40
2019/05/04 06:21:00, 24.25, 23.79, 23.58, 15.70, 14.00, 0, 0, 4.40
2019/05/04 06:22:00, 24.25, 23.77, 23.59, 15.77, 14.01, 0, 0, 4.40
2019/05/04 06:23:00, 24.25, 23.79, 23.59, 15.75, 14.00, 0, 0, 4.40
2019/05/04 06:24:00, 24.25, 23.76, 23.58, 15.79, 14.00, 0, 0, 4.40
2019/05/04 06:25:00, 24.25, 23.79, 23.58, 15.71, 13.98, 0, 0, 4.40
2019/05/04 06:26:00, 24.25, 23.79, 23.59, 15.78, 14.01, 0, 0, 4.40
2019/05/04 06:27:00, 24.25, 23.80, 23.61, 15.78, 14.05, 0, 0, 4.40
2019/05/04 06:28:00, 24.25, 23.79, 23.59, 15.75, 14.03, 0, 0, 4.40
2019/05/04 06:29:00, 24.25, 23.79, 23.60, 15.75, 14.03, 0, 0, 4.40
2019/05/04 06:30:00, 24.25, 23.79, 23.58, 15.79, 14.04, 0, 0, 4.40
2019/05/04 06:31:00, 24.25, 23.80, 23.57, 15.83, 14.02, 0, 0, 4.40
2019/05/04 06:32:00, 24.25, 23.77, 23.60, 15.77, 14.05, 0, 0, 4.40
2019/05/04 06:33:00, 24.25, 23.79, 23.59, 15.77, 14.01, 0, 0, 4.40
2019/05/04 06:34:00, 24.25, 23.79, 23.56, 15.70, 14.02, 0, 0, 4.40
2019/05/04 06:35:00, 24.25, 23.73, 23.57, 15.81, 14.02, 0, 0, 4.40
2019/05/04 06:36:00, 24.25, 23.71, 23.56, 15.81, 14.05, 0, 0, 4.40
2019/05/04 06:37:00, 24.25, 23.76, 23.53, 15.79, 14.07, 0, 0, 4.40
2019/05/04 06:38:00, 24.25, 23.77, 23.56, 15.81, 14.08, 0, 0, 4.40
2019/05/04 06:39:00, 24.25, 23.76, 23.56, 15.76, 14.06, 0, 0, 4.40
2019/05/04 06:40:00, 24.25, 23.77, 23.58, 15.84, 14.09, 0, 0, 4.40
2019/05/04 06:41:00, 24.25, 23.74, 23.54, 15.74, 14.04, 0, 0, 4.40
2019/05/04 06:42:00, 24.25, 23.76, 23.57, 15.81, 14.05, 0, 0, 4.40
2019/05/04 06:43:00, 24.25, 23.74, 23.57, 15.76, 14.08, 0, 0, 4.40
2019/05/04 06:44:00, 24.25, 23.77, 23.58, 15.88, 14.08, 0, 0, 4.40
2019/05/04 06:45:00, 24.25, 23.76, 23.58, 15.83, 14.09, 0, 0, 4.40
2019/05/04 06:46:00, 24.25, 23.79, 23.60, 15.83, 14.08, 0, 0, 4.40
2019/05/04 06:47:00, 24.25, 23.79, 23.58, 15.84, 14.09, 0, 0, 4.40
2019/05/04 06:48:00, 24.25, 23.76, 23.57, 15.79, 14.06, 0, 0, 4.40
2019/05/04 06:49:00, 24.25, 23.77, 23.57, 15.78, 14.08, 0, 0, 4.40
2019/05/04 06:50:00, 24.25, 23.76, 23.58, 15.88, 14.08, 0, 0, 4.40
2019/05/04 06:51:00, 24.25, 23.77, 23.57, 15.88, 14.09, 0, 0, 4.40
2019/05/04 06:52:00, 24.25, 23.77, 23.57, 15.81, 14.08, 0, 0, 4.40
2019/05/04 06:53:00, 24.25, 23.76, 23.58, 15.83, 14.10, 0, 0, 4.40
2019/05/04 06:54:00, 24.25, 23.76, 23.57, 15.89, 14.10, 0, 0, 4.40
2019/05/04 06:55:00, 24.25, 23.73, 23.57, 15.86, 14.10, 0, 0, 4.40
2019/05/04 06:56:00, 24.25, 23.76, 23.58, 15.86, 14.10, 0, 0, 4.40
2019/05/04 06:57:00, 24.25, 23.74, 23.57, 15.88, 14.11, 0, 0, 4.40
2019/05/04 06:58:00, 24.25, 23.74, 23.57, 15.83, 14.13, 0, 0, 4.40
2019/05/04 06:59:00, 24.25, 23.79, 23.60, 15.93, 14.14, 0, 0, 4.40
2019/05/04 07:00:00, 24.25, 23.79, 23.61, 15.88, 14.14, 0, 0, 4.40
2019/05/04 07:01:00, 24.25, 23.80, 23.60, 15.89, 14.11, 0, 0, 4.40
2019/05/04 07:02:00, 24.25, 23.77, 23.58, 15.86, 14.11, 0, 0, 4.40
2019/05/04 07:03:00, 24.25, 23.79, 23.60, 15.86, 14.16, 0, 0, 4.40
2019/05/04 07:04:00, 24.25, 23.80, 23.60, 15.83, 14.16, 0, 0, 4.40
2019/05/04 07:05:00, 24.25, 23.83, 23.61, 15.86, 14.14, 0, 0, 4.40
2019/05/04 07:06:00, 24.25, 23.84, 23.63, 15.81, 14.13, 0, 0, 4.40
2019/05/04 07:07:00, 24.25, 23.83, 23.62, 15.88, 14.12, 0, 0, 4.40
2019/05/04 07:08:00, 24.25, 23.81, 23.64, 15.86, 14.14, 0, 0, 4.40
2019/05/04 07:09:00, 24.25, 23.81, 23.65, 15.93, 14.13, 0, 0, 4.40
2019/05/04 07:10:00, 24.25, 23.85, 23.66, 15.89, 14.14, 0, 0, 4.40
2019/05/04 07:11:00, 24.25, 23.85, 23.68, 15.79, 14.14, 0, 0, 4.40
2019/05/04 07:12:00, 24.25, 23.88, 23.68, 15.85, 14.14, 0, 0, 4.40
2019/05/04 07:13:00, 24.25, 23.85, 23.66, 15.83, 14.11, 0, 0, 4.40
2019/05/04 07:14:00, 24.50, 23.85, 23.66, 15.93, 14.10, 0, 0, 4.40
2019/05/04 07:15:00, 24.50, 23.83, 23.66, 15.86, 14.16, 0, 0, 4.40
2019/05/04 07:16:00, 24.50, 23.87, 23.67, 15.93, 14.17, 0, 0, 4.40
2019/05/04 07:17:00, 24.50, 23.88, 23.67, 15.80, 14.14, 0, 0, 4.40
2019/05/04 07:18:00, 24.25, 23.88, 23.66, 15.88, 14.14, 0, 0, 4.40
2019/05/04 07:19:00, 24.50, 23.87, 23.67, 15.90, 14.15, 0, 0, 4.40
2019/05/04 07:20:00, 24.50, 23.90, 23.71, 15.93, 14.18, 0, 0, 4.40
2019/05/04 07:21:00, 24.50, 23.91, 23.72, 15.90, 14.18, 0, 0, 4.40
2019/05/04 07:22:00, 24.50, 23.92, 23.73, 15.88, 14.17, 0, 0, 4.40
2019/05/04 07:23:00, 24.50, 23.88, 23.72, 15.88, 14.14, 0, 0, 4.40
2019/05/04 07:24:00, 24.50, 23.88, 23.69, 15.87, 14.15, 0, 0, 4.40
2019/05/04 07:25:00, 24.50, 23.87, 23.69, 15.93, 14.17, 0, 0, 4.40
2019/05/04 07:26:00, 24.50, 23.88, 23.69, 15.91, 14.20, 0, 0, 4.40
2019/05/04 07:27:00, 24.50, 23.88, 23.66, 15.95, 14.18, 0, 0, 4.40
2019/05/04 07:28:00, 24.50, 23.88, 23.69, 15.98, 14.23, 0, 0, 4.40
2019/05/04 07:29:00, 24.50, 23.91, 23.72, 15.93, 14.22, 0, 0, 4.40
2019/05/04 07:30:00, 24.50, 23.91, 23.73, 15.97, 14.21, 0, 0, 4.40
2019/05/04 07:31:00, 24.50, 23.90, 23.74, 15.91, 14.21, 0, 0, 4.40
2019/05/04 07:32:00, 24.50, 23.92, 23.74, 15.90, 14.19, 0, 0, 4.40
2019/05/04 07:33:00, 24.50, 23.91, 23.73, 15.93, 14.20, 0, 0, 4.40
2019/05/04 07:34:00, 24.50, 23.91, 23.73, 15.97, 14.21, 0, 0, 4.40
2019/05/04 07:35:00, 24.50, 23.90, 23.72, 16.00, 14.21, 0, 0, 4.40
2019/05/04 07:36:00, 24.50, 23.88, 23.73, 16.00, 14.21, 0, 0, 4.40
2019/05/04 07:37:00, 24.50, 23.91, 23.75, 16.03, 14.26, 0, 0, 4.40
2019/05/04 07:38:00, 24.50, 23.94, 23.75, 15.92, 14.24, 0, 0, 4.40
2019/05/04 07:39:00, 24.50, 23.91, 23.75, 15.95, 14.23, 0, 0, 4.40
2019/05/04 07:40:00, 24.50, 23.94, 23.74, 15.97, 14.24, 0, 0, 4.40
2019/05/04 07:41:00, 24.50, 23.91, 23.74, 16.00, 14.24, 0, 0, 4.40
2019/05/04 07:42:00, 24.50, 23.91, 23.73, 16.05, 14.27, 0, 0, 4.40
2019/05/04 07:43:00, 24.50, 23.94, 23.76, 15.98, 14.30, 0, 0, 4.40
2019/05/04 07:44:00, 24.50, 23.92, 23.75, 15.98, 14.26, 0, 0, 4.40
2019/05/04 07:45:00, 24.50, 23.94, 23.75, 16.05, 14.27, 0, 0, 4.40
2019/05/04 07:46:00, 24.50, 23.94, 23.73, 15.95, 14.25, 0, 0, 4.40
2019/05/04 07:47:00, 24.50, 23.92, 23.74, 16.00, 14.29, 0, 0, 4.40
2019/05/04 07:48:00, 24.50, 23.91, 23.73, 16.05, 14.27, 0, 0, 4.40
2019/05/04 07:49:00, 24.50, 23.94, 23.75, 16.06, 14.31, 0, 0, 4.40
2019/05/04 07:50:00, 24.50, 23.95, 23.78, 16.06, 14.33, 0, 0, 4.40
2019/05/04 07:51:00, 24.50, 23.97, 23.78, 16.03, 14.31, 0, 0, 4.40
2019/05/04 07:52:00, 24.50, 23.97, 23.78, 16.05, 14.28, 0, 0, 4.40
2019/05/04 07:53:00, 24.50, 23.98, 23.79, 16.06, 14.31, 0, 0, 4.40
2019/05/04 07:54:00, 24.50, 23.95, 23.81, 16.02, 14.30, 0, 0, 4.40
2019/05/04 07:55:00, 24.50, 23.99, 23.78, 16.03, 14.29, 0, 0, 4.40
2019/05/04 07:56:00, 24.50, 23.99, 23.81, 16.07, 14.31, 0, 0, 4.40
2019/05/04 07:57:00, 24.50, 23.98, 23.81, 16.05, 14.30, 0, 0, 4.40
2019/05/04 07:58:00, 24.50, 23.95, 23.80, 15.98, 14.30, 0, 0, 4.40
2019/05/04 07:59:00, 24.50, 23.98, 23.79, 16.10, 14.32, 0, 0, 4.40
2019/05/04 08:00:00, 24.50, 23.99, 23.81, 16.11, 14.34, 0, 0, 4.40
2019/05/04 08:01:00, 24.50, 24.02, 23.81, 16.10, 14.36, 0, 0, 4.40
2019/05/04 08:02:00, 24.50, 24.01, 23.84, 16.12, 14.35, 0, 0, 4.40
2019/05/04 08:03:00, 24.50, 24.02, 23.86, 16.09, 14.33, 0, 0, 4.40
2019/05/04 08:04:00, 24.50, 24.02, 23.86, 16.09, 14.35, 0, 0, 4.40
2019/05/04 08:05:00, 24.50, 24.04, 23.84, 16.04, 14.33, 0, 0, 4.40
2019/05/04 08:06:00, 24.50, 24.05, 23.86, 16.07, 14.34, 0, 0, 4.40
2019/05/04 08:07:00, 24.50, 24.02, 23.84, 16.04, 14.33, 0, 0, 4.40
2019/05/04 08:08:00, 24.50, 24.05, 23.86, 16.09, 14.35, 0, 0, 4.40
2019/05/04 08:09:00, 24.50, 24.02, 23.84, 16.09, 14.37, 0, 0, 4.40
2019/05/04 08:10:00, 24.50, 24.02, 23.84, 16.09, 14.37, 0, 0, 4.40
2019/05/04 08:11:00, 24.50, 24.04, 23.86, 16.15, 14.37, 0, 0, 4.40
2019/05/04 08:12:00, 24.50, 24.04, 23.83, 16.10, 14.36, 0, 0, 4.40
2019/05/04 08:13:00, 24.50, 24.04, 23.86, 16.16, 14.39, 0, 0, 4.40
2019/05/04 08:14:00, 24.50, 24.04, 23.88, 16.09, 14.38, 0, 0, 4.40
2019/05/04 08:15:00, 24.50, 24.07, 23.87, 16.14, 14.40, 0, 0, 4.40
2019/05/04 08:16:00, 24.50, 24.05, 23.87, 16.09, 14.38, 0, 0, 4.40
2019/05/04 08:17:00, 24.50, 24.04, 23.86, 16.15, 14.40, 0, 0, 4.40
2019/05/04 08:18:00, 24.50, 24.07, 23.87, 16.18, 14.40, 0, 0, 4.40
2019/05/04 08:19:00, 24.50, 24.08, 23.88, 16.18, 14.42, 0, 0, 4.40
2019/05/04 08:20:00, 24.50, 24.09, 23.88, 16.14, 14.40, 0, 0, 4.40
2019/05/04 08:21:00, 24.50, 24.09, 23.92, 16.15, 14.41, 0, 0, 4.40
2019/05/04 08:22:00, 24.50, 24.08, 23.93, 16.12, 14.41, 0, 0, 4.40
2019/05/04 08:23:00, 24.50, 24.11, 23.92, 16.12, 14.40, 0, 0, 4.40
2019/05/04 08:24:00, 24.50, 24.11, 23.93, 16.11, 14.40, 0, 0, 4.40
2019/05/04 08:25:00, 24.50, 24.09, 23.93, 16.14, 14.42, 0, 0, 4.40
2019/05/04 08:26:00, 24.50, 24.12, 23.92, 16.12, 14.43, 0, 0, 4.40
2019/05/04 08:27:00, 24.50, 24.09, 23.91, 16.06, 14.40, 0, 0, 4.40
2019/05/04 08:28:00, 24.50, 24.11, 23.91, 16.17, 14.40, 0, 0, 4.40
2019/05/04 08:29:00, 24.50, 24.12, 23.90, 16.16, 14.44, 0, 0, 4.40
2019/05/04 08:30:00, 24.50, 24.09, 23.93, 16.19, 14.44, 0, 0, 4.40
2019/05/04 08:31:00, 24.50, 24.12, 23.93, 16.14, 14.46, 0, 0, 4.40
2019/05/04 08:32:00, 24.50, 24.11, 23.94, 16.20, 14.44, 0, 0, 4.40
2019/05/04 08:33:00, 24.50, 24.14, 23.97, 16.24, 14.47, 0, 0, 4.40
2019/05/04 08:34:00, 24.50, 24.15, 23.96, 16.22, 14.46, 0, 0, 4.40
2019/05/04 08:35:00, 24.50, 24.15, 23.97, 16.21, 14.46, 0, 0, 4.40
2019/05/04 08:36:00, 24.50, 24.16, 23.97, 16.17, 14.46, 0, 0, 4.40
2019/05/04 08:37:00, 24.50, 24.15, 23.97, 16.21, 14.43, 0, 0, 4.40
2019/05/04 08:38:00, 24.50, 24.15, 24.00, 16.19, 14.43, 0, 0, 4.40
2019/05/04 08:39:00, 24.50, 24.16, 24.01, 16.12, 14.44, 0, 0, 4.40
2019/05/04 08:40:00, 24.50, 24.19, 24.00, 16.11, 14.45, 0, 0, 4.40
2019/05/04 08:41:00, 24.50, 24.19, 24.00, 16.21, 14.43, 0, 0, 4.40
2019/05/04 08:42:00, 24.50, 24.18, 24.02, 16.19, 14.46, 0, 0, 4.40
2019/05/04 08:43:00, 24.50, 24.16, 24.00, 16.19, 14.47, 0, 0, 4.40
2019/05/04 08:44:00, 24.50, 24.19, 24.01, 16.17, 14.46, 0, 0, 4.40
2019/05/04 08:45:00, 24.50, 24.19, 24.02, 16.23, 14.49, 0, 0, 4.40
2019/05/04 08:46:00, 24.50, 24.20, 24.04, 16.24, 14.48, 0, 0, 4.40
2019/05/04 08:47:00, 24.50, 24.22, 24.05, 16.18, 14.47, 0, 0, 4.40
2019/05/04 08:48:00, 24.50, 24.20, 24.01, 16.18, 14.46, 0, 0, 4.40
2019/05/04 08:49:00, 24.50, 24.23, 24.05, 16.19, 14.48, 0, 0, 4.40
2019/05/04 08:50:00, 24.50, 24.25, 24.06, 16.21, 14.50, 0, 0, 4.40
2019/05/04 08:51:00, 24.50, 24.22, 24.08, 16.18, 14.50, 0, 0, 4.40
2019/05/04 08:52:00, 24.50, 24.25, 24.09, 16.21, 14.48, 0, 0, 4.40
2019/05/04 08:53:00, 24.50, 24.25, 24.05, 16.15, 14.46, 0, 0, 4.40
2019/05/04 08:54:00, 24.50, 24.26, 24.06, 16.21, 14.47, 0, 0, 4.40
2019/05/04 08:55:00, 24.50, 24.22, 24.06, 16.24, 14.50, 0, 0, 4.40
2019/05/04 08:56:00, 24.50, 24.25, 24.07, 16.21, 14.51, 0, 0, 4.40
2019/05/04 08:57:00, 24.50, 24.27, 24.09, 16.28, 14.53, 0, 0, 4.40
2019/05/04 08:58:00, 24.50, 24.26, 24.08, 16.24, 14.53, 0, 0, 4.39
2019/05/04 08:59:00, 24.50, 24.27, 24.08, 16.28, 14.53, 0, 0, 4.40
2019/05/04 09:00:00, 24.75, 24.29, 24.10, 16.25, 14.51, 0, 0, 4.40
2019/05/04 09:01:00, 24.50, 24.29, 24.08, 16.29, 14.53, 0, 0, 4.40
2019/05/04 09:02:00, 24.50, 24.31, 24.10, 16.23, 14.53, 0, 0, 4.40
2019/05/04 09:03:00, 24.75, 24.29, 24.09, 16.29, 14.52, 0, 0, 4.40
2019/05/04 09:04:00, 24.75, 24.29, 24.10, 16.29, 14.53, 0, 0, 4.39
2019/05/04 09:05:00, 24.50, 24.27, 24.08, 16.33, 14.56, 0, 0, 4.40
2019/05/04 09:06:00, 24.75, 24.27, 24.08, 16.33, 14.56, 0, 0, 4.40
2019/05/04 09:07:00, 24.75, 24.29, 24.11, 16.34, 14.59, 0, 0, 4.39
2019/05/04 09:08:00, 24.75, 24.29, 24.09, 16.33, 14.58, 0, 0, 4.40
2019/05/04 09:09:00, 24.75, 24.27, 24.11, 16.33, 14.59, 0, 0, 4.40
2019/05/04 09:10:00, 24.75, 24.29, 24.08, 16.29, 14.59, 0, 0, 4.39
2019/05/04 09:11:00, 24.75, 24.26, 24.09, 16.33, 14.60, 0, 0, 4.40
2019/05/04 09:12:00, 24.75, 24.26, 24.09, 16.31, 14.61, 0, 0, 4.39
2019/05/04 09:13:00, 24.75, 24.26, 24.08, 16.37, 14.59, 0, 0, 4.40
2019/05/04 09:14:00, 24.75, 24.29, 24.10, 16.41, 14.64, 0, 0, 4.39
2019/05/04 09:15:00, 24.75, 24.27, 24.11, 16.39, 14.66, 0, 0, 4.40
2019/05/04 09:16:00, 24.75, 24.27, 24.09, 16.37, 14.64, 0, 0, 4.40
2019/05/04 09:17:00, 24.75, 24.31, 24.10, 16.39, 14.65, 0, 0, 4.40
2019/05/04 09:18:00, 24.75, 24.27, 24.12, 16.39, 14.66, 0, 0, 4.40
2019/05/04 09:19:00, 24.75, 24.25, 24.09, 16.38, 14.62, 0, 0, 4.40
2019/05/04 09:20:00, 24.75, 24.29, 24.12, 16.41, 14.66, 0, 0, 4.39
2019/05/04 09:21:00, 24.75, 24.29, 24.10, 16.44, 14.70, 0, 0, 4.39
2019/05/04 09:22:00, 24.75, 24.27, 24.10, 16.39, 14.69, 0, 0, 4.40
2019/05/04 09:23:00, 24.75, 24.26, 24.12, 16.44, 14.69, 0, 0, 4.40
2019/05/04 09:24:00, 24.75, 24.31, 24.12, 16.41, 14.69, 0, 0, 4.40
2019/05/04 09:25:00, 24.75, 24.31, 24.12, 16.39, 14.71, 0, 0, 4.40
2019/05/04 09:26:00, 24.75, 24.31, 24.12, 16.43, 14.70, 0, 0, 4.39
2019/05/04 09:27:00, 24.75, 24.32, 24.13, 16.43, 14.69, 0, 0, 4.39
2019/05/04 09:28:00, 24.75, 24.32, 24.13, 16.41, 14.70, 0, 0, 4.40
2019/05/04 09:29:00, 24.75, 24.33, 24.15, 16.44, 14.71, 0, 0, 4.39
2019/05/04 09:30:00, 24.75, 24.33, 24.16, 16.39, 14.71, 0, 0, 4.40
2019/05/04 09:31:00, 24.75, 24.31, 24.16, 16.46, 14.70, 0, 0, 4.40
2019/05/04 09:32:00, 24.75, 24.35, 24.13, 16.39, 14.72, 0, 0, 4.40
2019/05/04 09:33:00, 24.75, 24.33, 24.16, 16.46, 14.72, 0, 0, 4.39
2019/05/04 09:34:00, 24.75, 24.36, 24.16, 16.41, 14.72, 0, 0, 4.40
2019/05/04 09:35:00, 24.75, 24.35, 24.16, 16.44, 14.72, 0, 0, 4.39
2019/05/04 09:36:00, 24.75, 24.35, 24.16, 16.47, 14.75, 0, 0, 4.39
2019/05/04 09:37:00, 24.75, 24.35, 24.16, 16.44, 14.72, 0, 0, 4.40
2019/05/04 09:38:00, 24.75, 24.36, 24.16, 16.53, 14.74, 0, 0, 4.39
2019/05/04 09:39:00, 24.75, 24.33, 24.17, 16.39, 14.72, 0, 0, 4.39
2019/05/04 09:40:00, 24.75, 24.33, 24.17, 16.49, 14.75, 0, 0, 4.39
2019/05/04 09:41:00, 24.75, 24.33, 24.17, 16.49, 14.77, 0, 0, 4.40
2019/05/04 09:42:00, 24.75, 24.35, 24.18, 16.46, 14.78, 0, 0, 4.39
2019/05/04 09:43:00, 24.75, 24.35, 24.15, 16.49, 14.78, 0, 0, 4.40
2019/05/04 09:44:00, 24.75, 24.35, 24.18, 16.54, 14.79, 0, 0, 4.39
2019/05/04 09:45:00, 24.75, 24.36, 24.16, 16.51, 14.80, 0, 0, 4.40
2019/05/04 09:46:00, 24.75, 24.33, 24.15, 16.54, 14.78, 0, 0, 4.40
2019/05/04 09:47:00, 24.75, 24.33, 24.13, 16.51, 14.81, 0, 0, 4.39
2019/05/04 09:48:00, 24.75, 24.35, 24.16, 16.57, 14.83, 0, 0, 4.40
2019/05/04 09:49:00, 24.75, 24.35, 24.15, 16.59, 14.86, 0, 0, 4.40
2019/05/04 09:50:00, 24.75, 24.35, 24.17, 16.64, 14.86, 0, 0, 4.40
2019/05/04 09:51:00, 24.75, 24.33, 24.17, 16.53, 14.85, 0, 0, 4.39
2019/05/04 09:52:00, 24.75, 24.32, 24.16, 16.54, 14.85, 0, 0, 4.40
2019/05/04 09:53:00, 24.75, 24.35, 24.16, 16.59, 14.87, 0, 0, 4.39
2019/05/04 09:54:00, 24.75, 24.32, 24.16, 16.62, 14.88, 0, 0, 4.39
2019/05/04 09:55:00, 24.75, 24.33, 24.18, 16.62, 14.88, 0, 0, 4.39
2019/05/04 09:56:00, 24.75, 24.35, 24.17, 16.56, 14.87, 0, 0, 4.39
2019/05/04 09:57:00, 24.75, 24.35, 24.17, 16.62, 14.88, 0, 0, 4.39
2019/05/04 09:58:00, 24.75, 24.33, 24.17, 16.59, 14.88, 0, 0, 4.39
2019/05/04 09:59:00, 24.75, 24.38, 24.19, 16.59, 14.89, 0, 0, 4.39
2019/05/04 10:00:00, 24.75, 24.36, 24.19, 16.56, 14.88, 0, 0, 4.39
2019/05/04 10:01:00, 24.75, 24.39, 24.20, 16.59, 14.88, 0, 0, 4.39
2019/05/04 10:02:00, 24.75, 24.39, 24.20, 16.61, 14.90, 0, 0, 4.39
2019/05/04 10:03:00, 24.75, 24.38, 24.20, 16.58, 14.88, 0, 0, 4.39
2019/05/04 10:04:00, 24.75, 24.40, 24.19, 16.58, 14.88, 0, 0, 4.40
2019/05/04 10:05:00, 24.75, 24.38, 24.22, 16.63, 14.88, 0, 0, 4.39
2019/05/04 10:06:00, 24.75, 24.39, 24.22, 16.59, 14.89, 0, 0, 4.39
2019/05/04 10:07:00, 24.75, 24.40, 24.22, 16.59, 14.89, 0, 0, 4.39
2019/05/04 10:08:00, 24.75, 24.42, 24.23, 16.59, 14.88, 0, 0, 4.39
2019/05/04 10:09:00, 24.75, 24.42, 24.22, 16.60, 14.89, 0, 0, 4.39
2019/05/04 10:10:00, 24.75, 24.40, 24.20, 16.61, 14.91, 0, 0, 4.40
2019/05/04 10:11:00, 24.75, 24.43, 24.22, 16.63, 14.91, 0, 0, 4.39
2019/05/04 10:12:00, 24.75, 24.39, 24.25, 16.63, 14.89, 0, 0, 4.39
2019/05/04 10:13:00, 24.75, 24.42, 24.22, 16.66, 14.90, 0, 0, 4.39
2019/05/04 10:14:00, 24.75, 24.43, 24.25, 16.64, 14.93, 0, 0, 4.39
2019/05/04 10:15:00, 24.75, 24.42, 24.23, 16.56, 14.91, 0, 0, 4.39
2019/05/04 10:16:00, 24.75, 24.40, 24.23, 16.66, 14.91, 0, 0, 4.39
2019/05/04 10:17:00, 24.75, 24.44, 24.23, 16.66, 14.94, 0, 0, 4.39
2019/05/04 10:18:00, 24.75, 24.44, 24.24, 16.64, 14.92, 0, 0, 4.39
2019/05/04 10:19:00, 24.75, 24.43, 24.25, 16.64, 14.92, 0, 0, 4.39
2019/05/04 10:20:00, 24.75, 24.44, 24.27, 16.65, 14.92, 0, 0, 4.39
2019/05/04 10:21:00, 24.75, 24.46, 24.27, 16.60, 14.91, 0, 0, 4.39
2019/05/04 10:22:00, 24.75, 24.44, 24.25, 16.63, 14.90, 0, 0, 4.39
2019/05/04 10:23:00, 24.75, 24.40, 24.23, 16.60, 14.88, 0, 0, 4.39
2019/05/04 10:24:00, 24.75, 24.40, 24.25, 16.66, 14.92, 0, 0, 4.39
2019/05/04 10:25:00, 24.75, 24.43, 24.23, 16.71, 14.97, 0, 0, 4.39
2019/05/04 10:26:00, 24.75, 24.42, 24.23, 16.69, 14.98, 0, 0, 4.39
2019/05/04 10:27:00, 24.75, 24.43, 24.24, 16.72, 14.97, 0, 0, 4.39
2019/05/04 10:28:00, 24.75, 24.43, 24.27, 16.69, 14.97, 0, 0, 4.39
2019/05/04 10:29:00, 24.75, 24.42, 24.26, 16.66, 14.95, 0, 0, 4.39
2019/05/04 10:30:00, 24.75, 24.46, 24.28, 16.66, 14.94, 0, 0, 4.39
2019/05/04 10:31:00, 24.75, 24.47, 24.27, 16.63, 14.95, 0, 0, 4.39
2019/05/04 10:32:00, 24.75, 24.47, 24.27, 16.65, 14.94, 0, 0, 4.39
2019/05/04 10:33:00, 24.75, 24.47, 24.28, 16.65, 14.92, 0, 0, 4.39
2019/05/04 10:34:00, 24.75, 24.47, 24.31, 16.65, 14.92, 0, 0, 4.40
2019/05/04 10:35:00, 24.75, 24.46, 24.28, 16.63, 14.91, 0, 0, 4.39
2019/05/04 10:36:00, 24.75, 24.50, 24.28, 16.63, 14.93, 0, 0, 4.40
2019/05/04 10:37:00, 24.75, 24.47, 24.31, 16.60, 14.92, 0, 0, 4.39
2019/05/04 10:38:00, 24.75, 24.49, 24.28, 16.68, 14.90, 0, 0, 4.39
2019/05/04 10:39:00, 24.75, 24.47, 24.31, 16.65, 14.91, 0, 0, 4.39
2019/05/04 10:40:00, 24.75, 24.46, 24.30, 16.61, 14.91, 0, 0, 4.39
2019/05/04 10:41:00, 24.75, 24.46, 24.30, 16.60, 14.91, 0, 0, 4.39
2019/05/04 10:42:00, 24.75, 24.46, 24.31, 16.64, 14.91, 0, 0, 4.39
2019/05/04 10:43:00, 24.75, 24.47, 24.28, 16.63, 14.92, 0, 0, 4.39
2019/05/04 10:44:00, 24.75, 24.46, 24.27, 16.60, 14.91, 0, 0, 4.39
2019/05/04 10:45:00, 24.75, 24.44, 24.27, 16.66, 14.89, 0, 0, 4.39
2019/05/04 10:46:00, 24.75, 24.47, 24.27, 16.66, 14.95, 0, 0, 4.39
2019/05/04 10:47:00, 24.75, 24.47, 24.27, 16.65, 14.93, 0, 0, 4.39
2019/05/04 10:48:00, 24.75, 24.47, 24.26, 16.61, 14.92, 0, 0, 4.39
2019/05/04 10:49:00, 24.75, 24.46, 24.28, 16.65, 14.94, 0, 0, 4.39
2019/05/04 10:50:00, 24.75, 24.46, 24.27, 16.66, 14.94, 0, 0, 4.39
2019/05/04 10:51:00, 24.75, 24.50, 24.30, 16.63, 14.94, 0, 0, 4.39
2019/05/04 10:52:00, 24.75, 24.50, 24.30, 16.60, 14.92, 0, 0, 4.39
2019/05/04 10:53:00, 24.75, 24.47, 24.32, 16.63, 14.91, 0, 0, 4.39
2019/05/04 10:54:00, 24.75, 24.47, 24.30, 16.61, 14.90, 0, 0, 4.39
2019/05/04 10:55:00, 24.75, 24.46, 24.30, 16.61, 14.91, 0, 0, 4.39
2019/05/04 10:56:00, 24.75, 24.47, 24.30, 16.65, 14.93, 0, 0, 4.39
2019/05/04 10:57:00, 24.75, 24.47, 24.31, 16.58, 14.90, 0, 0, 4.39
2019/05/04 10:58:00, 24.75, 24.46, 24.32, 16.63, 14.92, 0, 0, 4.39
2019/05/04 10:59:00, 24.75, 24.47, 24.31, 16.61, 14.91, 0, 0, 4.39
2019/05/04 11:00:00, 25.00, 24.49, 24.32, 16.61, 14.90, 0, 0, 4.39
2019/05/04 11:01:00, 24.75, 24.49, 24.30, 16.60, 14.91, 0, 0, 4.39
2019/05/04 11:02:00, 24.75, 24.50, 24.27, 16.60, 14.90, 0, 0, 4.39
2019/05/04 11:03:00, 24.75, 24.46, 24.27, 16.66, 14.89, 0, 0, 4.39
2019/05/04 11:04:00, 25.00, 24.46, 24.28, 16.65, 14.91, 0, 0, 4.39
2019/05/04 11:05:00, 25.00, 24.46, 24.27, 16.60, 14.91, 0, 0, 4.39
2019/05/04 11:06:00, 25.00, 24.49, 24.28, 16.61, 14.91, 0, 0, 4.39
2019/05/04 11:07:00, 25.00, 24.46, 24.30, 16.65, 14.90, 0, 0, 4.39
2019/05/04 11:08:00, 24.75, 24.47, 24.30, 16.58, 14.90, 0, 0, 4.39
2019/05/04 11:09:00, 24.75, 24.46, 24.27, 16.53, 14.89, 0, 0, 4.39
2019/05/04 11:10:00, 25.00, 24.49, 24.27, 16.58, 14.89, 0, 0, 4.39
2019/05/04 11:11:00, 25.00, 24.49, 24.31, 16.63, 14.91, 0, 0, 4.39
2019/05/04 11:12:00, 25.00, 24.49, 24.31, 16.61, 14.90, 0, 0, 4.39
2019/05/04 11:13:00, 25.00, 24.47, 24.31, 16.58, 14.90, 0, 0, 4.39
2019/05/04 11:14:00, 25.00, 24.50, 24.30, 16.63, 14.89, 0, 0, 4.39
2019/05/04 11:15:00, 24.75, 24.49, 24.31, 16.63, 14.90, 0, 0, 4.39
2019/05/04 11:16:00, 25.00, 24.43, 24.25, 16.48, 14.86, 0, 0, 4.39
2019/05/04 11:17:00, 25.00, 24.44, 24.26, 16.66, 14.90, 0, 0, 4.39
2019/05/04 11:18:00, 25.00, 24.42, 24.24, 16.61, 14.90, 0, 0, 4.39
2019/05/04 11:19:00, 25.00, 24.44, 24.25, 16.68, 14.94, 0, 0, 4.39
2019/05/04 11:20:00, 25.00, 24.43, 24.25, 16.69, 14.95, 0, 0, 4.39
2019/05/04 11:21:00, 25.00, 24.43, 24.25, 16.69, 14.95, 0, 0, 4.39
2019/05/04 11:22:00, 25.00, 24.42, 24.23, 16.60, 14.92, 0, 0, 4.39
2019/05/04 11:23:00, 25.00, 24.42, 24.24, 16.67, 14.93, 0, 0, 4.39
2019/05/04 11:24:00, 25.00, 24.42, 24.23, 16.63, 14.95, 0, 0, 4.39
2019/05/04 11:25:00, 25.00, 24.39, 24.21, 16.63, 14.91, 0, 0, 4.39
2019/05/04 11:26:00, 25.00, 24.44, 24.22, 16.67, 14.95, 0, 0, 4.39
2019/05/04 11:27:00, 25.00, 24.42, 24.25, 16.73, 14.97, 0, 0, 4.39
2019/05/04 11:28:00, 25.00, 24.43, 24.25, 16.63, 14.95, 0, 0, 4.39
2019/05/04 11:29:00, 25.00, 24.44, 24.26, 16.63, 14.94, 0, 0, 4.39
2019/05/04 11:30:00, 25.00, 24.46, 24.28, 16.61, 14.92, 0, 0, 4.39
2019/05/04 11:31:00, 25.00, 24.46, 24.26, 16.63, 14.91, 0, 0, 4.39
2019/05/04 11:32:00, 25.00, 24.49, 24.27, 16.63, 14.93, 0, 0, 4.39
2019/05/04 11:33:00, 25.00, 24.46, 24.31, 16.61, 14.91, 0, 0, 4.39
2019/05/04 11:34:00, 25.00, 24.50, 24.31, 16.60, 14.90, 0, 0, 4.39
2019/05/04 11:35:00, 25.00, 24.50, 24.32, 16.63, 14.89, 0, 0, 4.39
2019/05/04 11:36:00, 25.00, 24.49, 24.32, 16.55, 14.87, 0, 0, 4.39
2019/05/04 11:37:00, 25.00, 24.50, 24.30, 16.53, 14.84, 0, 0, 4.39
2019/05/04 11:38:00, 25.00, 24.47, 24.32, 16.50, 14.86, 0, 0, 4.39
2019/05/04 11:39:00, 25.00, 24.49, 24.32, 16.56, 14.86, 0, 0, 4.39
2019/05/04 11:40:00, 25.00, 24.50, 24.31, 16.52, 14.85, 0, 0, 4.39
2019/05/04 11:41:00, 25.00, 24.50, 24.33, 16.58, 14.84, 0, 0, 4.39
2019/05/04 11:42:00, 25.00, 24.52, 24.28, 16.58, 14.85, 0, 0, 4.39
2019/05/04 11:43:00, 25.00, 24.49, 24.31, 16.53, 14.85, 0, 0, 4.39
2019/05/04 11:44:00, 25.00, 24.50, 24.31, 16.58, 14.84, 0, 0, 4.39
2019/05/04 11:45:00, 25.00, 24.50, 24.33, 16.52, 14.82, 0, 0, 4.39
2019/05/04 11:46:00, 25.00, 24.47, 24.32, 16.50, 14.79, 0, 0, 4.39
2019/05/04 11:47:00, 25.00, 24.49, 24.32, 16.53, 14.82, 0, 0, 4.39
2019/05/04 11:48:00, 25.00, 24.50, 24.32, 16.50, 14.82, 0, 0, 4.39
2019/05/04 11:49:00, 25.00, 24.50, 24.31, 16.53, 14.84, 0, 0, 4.39
2019/05/04 11:50:00, 25.00, 24.50, 24.31, 16.53, 14.83, 0, 0, 4.39
2019/05/04 11:51:00, 25.00, 24.50, 24.31, 16.52, 14.82, 0, 0, 4.39
2019/05/04 11:52:00, 25.00, 24.50, 24.30, 16.49, 14.80, 0, 0, 4.39
2019/05/04 11:53:00, 25.00, 24.49, 24.34, 16.58, 14.80, 0, 0, 4.39
2019/05/04 11:54:00, 25.00, 24.52, 24.33, 16.52, 14.80, 0, 0, 4.39
2019/05/04 11:55:00, 25.00, 24.52, 24.34, 16.50, 14.81, 0, 0, 4.39
2019/05/04 11:56:00, 25.00, 24.52, 24.34, 16.52, 14.80, 0, 0, 4.39
2019/05/04 11:57:00, 25.00, 24.52, 24.33, 16.48, 14.79, 0, 0, 4.39
2019/05/04 11:58:00, 25.00, 24.49, 24.33, 16.57, 14.80, 0, 0, 4.39
2019/05/04 11:59:00, 25.00, 24.52, 24.33, 16.60, 14.84, 0, 0, 4.39
2019/05/04 12:00:00, 25.00, 24.53, 24.34, 16.57, 14.83, 0, 0, 4.39
2019/05/04 12:01:00, 25.00, 24.54, 24.34, 16.62, 14.85, 0, 0, 4.39
2019/05/04 12:02:00, 25.00, 24.53, 24.35, 16.57, 14.86, 0, 0, 4.39
2019/05/04 12:03:00, 25.00, 24.54, 24.36, 16.55, 14.87, 0, 0, 4.39
2019/05/04 12:04:00, 25.00, 24.53, 24.36, 16.58, 14.88, 0, 0, 4.39
2019/05/04 12:05:00, 25.00, 24.53, 24.38, 16.62, 14.89, 0, 0, 4.39
2019/05/04 12:06:00, 25.00, 24.56, 24.37, 16.60, 14.89, 0, 0, 4.39
2019/05/04 12:07:00, 25.00, 24.57, 24.38, 16.60, 14.90, 0, 0, 4.39
2019/05/04 12:08:00, 25.00, 24.57, 24.40, 16.64, 14.91, 0, 0, 4.39
2019/05/04 12:09:00, 25.00, 24.57, 24.40, 16.64, 14.90, 0, 0, 4.39
2019/05/04 12:10:00, 25.00, 24.57, 24.38, 16.63, 14.91, 0, 0, 4.39
2019/05/04 12:11:00, 25.00, 24.57, 24.39, 16.60, 14.89, 0, 0, 4.39
2019/05/04 12:12:00, 25.00, 24.57, 24.38, 16.62, 14.91, 0, 0, 4.39
2019/05/04 12:13:00, 25.00, 24.57, 24.37, 16.60, 14.93, 0, 0, 4.39
2019/05/04 12:14:00, 25.00, 24.56, 24.38, 16.63, 14.93, 0, 0, 4.39
2019/05/04 12:15:00, 25.00, 24.56, 24.37, 16.67, 14.95, 0, 0, 4.39
2019/05/04 12:16:00, 25.00, 24.56, 24.37, 16.67, 14.96, 0, 0, 4.39
2019/05/04 12:17:00, 25.00, 24.54, 24.36, 16.63, 14.94, 0, 0, 4.39
2019/05/04 12:18:00, 25.00, 24.53, 24.35, 16.63, 14.95, 0, 0, 4.39
2019/05/04 12:19:00, 25.00, 24.56, 24.37, 16.68, 14.97, 0, 0, 4.39
2019/05/04 12:20:00, 25.00, 24.54, 24.35, 16.63, 14.98, 0, 0, 4.39
2019/05/04 12:21:00, 25.00, 24.54, 24.35, 16.70, 14.97, 0, 0, 4.39
2019/05/04 12:22:00, 25.00, 24.54, 24.35, 16.71, 14.98, 0, 0, 4.39
2019/05/04 12:23:00, 25.00, 24.53, 24.34, 16.71, 14.98, 0, 0, 4.39
2019/05/04 12:24:00, 25.00, 24.50, 24.33, 16.65, 14.97, 0, 0, 4.39
2019/05/04 12:25:00, 25.00, 24.50, 24.32, 16.66, 14.98, 0, 0, 4.39
2019/05/04 12:26:00, 25.00, 24.49, 24.33, 16.79, 15.01, 0, 0, 4.39
2019/05/04 12:27:00, 25.00, 24.50, 24.34, 16.78, 15.04, 0, 0, 4.39
2019/05/04 12:28:00, 25.00, 24.50, 24.34, 16.81, 15.04, 0, 0, 4.39
2019/05/04 12:29:00, 25.00, 24.52, 24.34, 16.76, 15.02, 0, 0, 4.39
2019/05/04 12:30:00, 25.00, 24.52, 24.34, 16.76, 15.02, 0, 0, 4.39
2019/05/04 12:31:00, 25.00, 24.52, 24.34, 16.73, 15.04, 0, 0, 4.39
2019/05/04 12:32:00, 25.00, 24.53, 24.34, 16.71, 15.05, 0, 0, 4.39
2019/05/04 12:33:00, 25.00, 24.54, 24.37, 16.73, 15.04, 0, 0, 4.39
2019/05/04 12:34:00, 25.00, 24.54, 24.36, 16.76, 15.04, 0, 0, 4.39
2019/05/04 12:35:00, 25.00, 24.53, 24.36, 16.73, 15.04, 0, 0, 4.39
2019/05/04 12:36:00, 25.00, 24.54, 24.39, 16.78, 15.04, 0, 0, 4.39
2019/05/04 12:37:00, 25.00, 24.54, 24.38, 16.80, 15.06, 0, 0, 4.39
2019/05/04 12:38:00, 25.00, 24.56, 24.38, 16.71, 15.08, 0, 0, 4.39
2019/05/04 12:39:00, 25.00, 24.57, 24.37, 16.80, 15.07, 0, 0, 4.39
2019/05/04 12:40:00, 25.00, 24.56, 24.37, 16.75, 15.07, 0, 0, 4.39
2019/05/04 12:41:00, 25.00, 24.56, 24.36, 16.80, 15.08, 0, 0, 4.39
2019/05/04 12:42:00, 25.00, 24.57, 24.37, 16.75, 15.11, 0, 0, 4.39
2019/05/04 12:43:00, 25.00, 24.57, 24.37, 16.80, 15.11, 0, 0, 4.39
2019/05/04 12:44:00, 25.00, 24.59, 24.37, 16.80, 15.11, 0, 0, 4.39
2019/05/04 12:45:00, 25.00, 24.54, 24.37, 16.86, 15.12, 0, 0, 4.39
2019/05/04 12:46:00, 25.00, 24.54, 24.38, 16.86, 15.14, 0, 0, 4.39
2019/05/04 12:47:00, 25.00, 24.57, 24.36, 16.85, 15.14, 0, 0, 4.39
2019/05/04 12:48:00, 25.00, 24.59, 24.39, 16.90, 15.16, 0, 0, 4.39
2019/05/04 12:49:00, 25.00, 24.59, 24.40, 16.84, 15.14, 0, 0, 4.39
2019/05/04 12:50:00, 25.00, 24.57, 24.39, 16.86, 15.16, 0, 0, 4.39
2019/05/04 12:51:00, 25.00, 24.60, 24.41, 16.93, 15.17, 0, 0, 4.39
2019/05/04 12:52:00, 25.00, 24.57, 24.42, 16.88, 15.19, 0, 0, 4.39
2019/05/04 12:53:00, 25.00, 24.57, 24.41, 16.90, 15.18, 0, 0, 4.39
2019/05/04 12:54:00, 25.00, 24.60, 24.42, 16.90, 15.20, 0, 0, 4.39
2019/05/04 12:55:00, 25.00, 24.59, 24.43, 16.88, 15.20, 0, 0, 4.39
2019/05/04 12:56:00, 25.00, 24.60, 24.42, 16.90, 15.18, 0, 0, 4.39
2019/05/04 12:57:00, 25.00, 24.63, 24.41, 16.91, 15.21, 0, 0, 4.39
2019/05/04 12:58:00, 25.00, 24.61, 24.43, 16.91, 15.20, 0, 0, 4.39
2019/05/04 12:59:00, 25.00, 24.60, 24.43, 16.91, 15.23, 0, 0, 4.39
2019/05/04 13:00:00, 25.00, 24.63, 24.43, 16.95, 15.24, 0, 0, 4.39
2019/05/04 13:01:00, 25.00, 24.60, 24.46, 16.96, 15.24, 0, 0, 4.39
2019/05/04 13:02:00, 25.00, 24.61, 24.47, 16.93, 15.24, 0, 0, 4.39
2019/05/04 13:03:00, 25.00, 24.61, 24.46, 16.98, 15.24, 0, 0, 4.39
2019/05/04 13:04:00, 25.00, 24.63, 24.47, 16.98, 15.24, 0, 0, 4.39
2019/05/04 13:05:00, 25.00, 24.63, 24.43, 16.96, 15.26, 0, 0, 4.39
2019/05/04 13:06:00, 25.00, 24.64, 24.46, 16.95, 15.27, 0, 0, 4.39
2019/05/04 13:07:00, 25.00, 24.63, 24.42, 17.03, 15.27, 0, 0, 4.39
2019/05/04 13:08:00, 25.00, 24.60, 24.45, 17.00, 15.27, 0, 0, 4.39
2019/05/04 13:09:00, 25.00, 24.60, 24.43, 17.01, 15.29, 0, 0, 4.39
2019/05/04 13:10:00, 25.00, 24.61, 24.42, 17.00, 15.29, 0, 0, 4.39
2019/05/04 13:11:00, 25.00, 24.60, 24.42, 17.01, 15.28, 0, 0, 4.39
2019/05/04 13:12:00, 25.00, 24.63, 24.43, 16.99, 15.28, 0, 0, 4.39
2019/05/04 13:13:00, 25.00, 24.61, 24.43, 17.04, 15.30, 0, 0, 4.39
2019/05/04 13:14:00, 25.00, 24.61, 24.43, 17.01, 15.30, 0, 0, 4.39
2019/05/04 13:15:00, 25.00, 24.63, 24.45, 17.01, 15.30, 0, 0, 4.39
2019/05/04 13:16:00, 25.00, 24.63, 24.43, 17.04, 15.33, 0, 0, 4.39
2019/05/04 13:17:00, 25.00, 24.61, 24.45, 17.00, 15.32, 0, 0, 4.39
2019/05/04 13:18:00, 25.00, 24.63, 24.46, 17.04, 15.32, 0, 0, 4.39
2019/05/04 13:19:00, 25.00, 24.66, 24.46, 17.03, 15.33, 0, 0, 4.39
2019/05/04 13:20:00, 25.00, 24.64, 24.49, 17.00, 15.30, 0, 0, 4.39
2019/05/04 13:21:00, 25.00, 24.66, 24.49, 17.04, 15.31, 0, 0, 4.39
2019/05/04 13:22:00, 25.00, 24.66, 24.47, 17.03, 15.31, 0, 0, 4.39
2019/05/04 13:23:00, 25.00, 24.66, 24.49, 17.00, 15.32, 0, 0, 4.39
2019/05/04 13:24:00, 25.00, 24.67, 24.50, 17.01, 15.31, 0, 0, 4.39
2019/05/04 13:25:00, 25.00, 24.69, 24.50, 17.00, 15.29, 0, 0, 4.39
2019/05/04 13:26:00, 25.00, 24.69, 24.49, 17.03, 15.30, 0, 0, 4.39
2019/05/04 13:27:00, 25.00, 24.69, 24.51, 17.07, 15.30, 0, 0, 4.39
2019/05/04 13:28:00, 25.00, 24.69, 24.50, 17.00, 15.30, 0, 0, 4.39
2019/05/04 13:29:00, 25.00, 24.70, 24.51, 17.00, 15.29, 0, 0, 4.39
2019/05/04 13:30:00, 25.00, 24.69, 24.52, 17.03, 15.29, 0, 0, 4.39
2019/05/04 13:31:00, 25.00, 24.70, 24.52, 16.95, 15.29, 0, 0, 4.39
2019/05/04 13:32:00, 25.00, 24.70, 24.52, 16.98, 15.29, 0, 0, 4.39
2019/05/04 13:33:00, 25.00, 24.71, 24.53, 16.92, 15.27, 0, 0, 4.39
2019/05/04 13:34:00, 25.00, 24.71, 24.54, 16.93, 15.27, 0, 0, 4.39
2019/05/04 13:35:00, 25.00, 24.73, 24.55, 16.94, 15.27, 0, 0, 4.39
2019/05/04 13:36:00, 25.00, 24.71, 24.54, 16.94, 15.26, 0, 0, 4.39
2019/05/04 13:37:00, 25.00, 24.74, 24.54, 16.94, 15.24, 0, 0, 4.39
2019/05/04 13:38:00, 25.00, 24.74, 24.55, 16.91, 15.22, 0, 0, 4.39
2019/05/04 13:39:00, 25.00, 24.73, 24.56, 16.92, 15.24, 0, 0, 4.39
2019/05/04 13:40:00, 25.00, 24.74, 24.57, 16.91, 15.23, 0, 0, 4.39
2019/05/04 13:41:00, 25.00, 24.75, 24.55, 16.92, 15.22, 0, 0, 4.39
2019/05/04 13:42:00, 25.00, 24.73, 24.57, 16.91, 15.21, 0, 0, 4.39
2019/05/04 13:43:00, 25.00, 24.75, 24.56, 16.91, 15.19, 0, 0, 4.39
2019/05/04 13:44:00, 25.00, 24.74, 24.55, 16.82, 15.18, 0, 0, 4.39
2019/05/04 13:45:00, 25.00, 24.73, 24.57, 16.87, 15.18, 0, 0, 4.39
2019/05/04 13:46:00, 25.00, 24.73, 24.55, 16.87, 15.17, 0, 0, 4.39
2019/05/04 13:47:00, 25.00, 24.73, 24.55, 16.87, 15.17, 0, 0, 4.39
2019/05/04 13:48:00, 25.00, 24.73, 24.54, 16.84, 15.15, 0, 0, 4.39
2019/05/04 13:49:00, 25.00, 24.73, 24.55, 16.89, 15.14, 0, 0, 4.39
2019/05/04 13:50:00, 25.00, 24.73, 24.54, 16.87, 15.17, 0, 0, 4.39
2019/05/04 13:51:00, 25.00, 24.71, 24.54, 16.84, 15.15, 0, 0, 4.39
2019/05/04 13:52:00, 25.00, 24.71, 24.55, 16.82, 15.14, 0, 0, 4.39
2019/05/04 13:53:00, 25.00, 24.71, 24.55, 16.81, 15.14, 0, 0, 4.39
2019/05/04 13:54:00, 25.00, 24.71, 24.53, 16.87, 15.15, 0, 0, 4.39
2019/05/04 13:55:00, 25.00, 24.73, 24.54, 16.84, 15.15, 0, 0, 4.39
2019/05/04 13:56:00, 25.00, 24.73, 24.55, 16.87, 15.17, 0, 0, 4.39
2019/05/04 13:57:00, 25.00, 24.71, 24.54, 16.87, 15.15, 0, 0, 4.39
2019/05/04 13:58:00, 25.00, 24.73, 24.57, 16.87, 15.16, 0, 0, 4.39
2019/05/04 13:59:00, 25.00, 24.73, 24.55, 16.89, 15.15, 0, 0, 4.39
2019/05/04 14:00:00, 25.00, 24.71, 24.57, 16.87, 15.13, 0, 0, 4.39
2019/05/04 14:01:00, 25.00, 24.74, 24.55, 16.85, 15.11, 0, 0, 4.39
2019/05/04 14:02:00, 25.00, 24.71, 24.54, 16.82, 15.14, 0, 0, 4.39
2019/05/04 14:03:00, 25.00, 24.74, 24.52, 16.77, 15.12, 0, 0, 4.39
2019/05/04 14:04:00, 25.00, 24.73, 24.54, 16.82, 15.11, 0, 0, 4.39
2019/05/04 14:05:00, 25.00, 24.71, 24.52, 16.87, 15.14, 0, 0, 4.39
2019/05/04 14:06:00, 25.00, 24.71, 24.54, 16.85, 15.14, 0, 0, 4.39
2019/05/04 14:07:00, 25.00, 24.71, 24.54, 16.82, 15.13, 0, 0, 4.39
2019/05/04 14:08:00, 25.00, 24.73, 24.53, 16.85, 15.12, 0, 0, 4.39
2019/05/04 14:09:00, 25.00, 24.71, 24.55, 16.84, 15.12, 0, 0, 4.39
2019/05/04 14:10:00, 25.00, 24.73, 24.55, 16.85, 15.11, 0, 0, 4.39
2019/05/04 14:11:00, 25.00, 24.71, 24.54, 16.84, 15.11, 0, 0, 4.39
2019/05/04 14:12:00, 25.00, 24.71, 24.55, 16.81, 15.10, 0, 0, 4.39
2019/05/04 14:13:00, 25.00, 24.70, 24.55, 16.77, 15.09, 0, 0, 4.39
2019/05/04 14:14:00, 25.00, 24.70, 24.52, 16.79, 15.09, 0, 0, 4.39
2019/05/04 14:15:00, 25.00, 24.71, 24.53, 16.74, 15.10, 0, 0, 4.39
2019/05/04 14:16:00, 25.00, 24.71, 24.53, 16.79, 15.09, 0, 0, 4.39
2019/05/04 14:17:00, 25.00, 24.71, 24.54, 16.69, 15.07, 0, 0, 4.39
2019/05/04 14:18:00, 25.00, 24.70, 24.54, 16.73, 15.07, 0, 0, 4.39
2019/05/04 14:19:00, 25.00, 24.69, 24.53, 16.76, 15.07, 0, 0, 4.39
2019/05/04 14:20:00, 25.00, 24.70, 24.51, 16.74, 15.05, 0, 0, 4.39
2019/05/04 14:21:00, 25.00, 24.69, 24.53, 16.77, 15.03, 0, 0, 4.39
2019/05/04 14:22:00, 25.00, 24.69, 24.52, 16.76, 15.04, 0, 0, 4.39
2019/05/04 14:23:00, 25.00, 24.70, 24.52, 16.72, 15.04, 0, 0, 4.39
2019/05/04 14:24:00, 25.00, 24.67, 24.51, 16.67, 15.01, 0, 0, 4.39
2019/05/04 14:25:00, 25.00, 24.69, 24.51, 16.69, 15.00, 0, 0, 4.39
2019/05/04 14:26:00, 25.00, 24.67, 24.50, 16.71, 15.00, 0, 0, 4.39
2019/05/04 14:27:00, 25.00, 24.71, 24.51, 16.67, 14.98, 0, 0, 4.39
2019/05/04 14:28:00, 25.00, 24.69, 24.51, 16.71, 14.96, 0, 0, 4.39
2019/05/04 14:29:00, 25.00, 24.67, 24.50, 16.67, 14.96, 0, 0, 4.39
2019/05/04 14:30:00, 25.00, 24.69, 24.52, 16.71, 14.96, 0, 0, 4.39
2019/05/04 14:31:00, 25.00, 24.69, 24.50, 16.67, 14.94, 0, 0, 4.39
2019/05/04 14:32:00, 25.00, 24.69, 24.51, 16.63, 14.95, 0, 0, 4.39
2019/05/04 14:33:00, 25.00, 24.67, 24.51, 16.67, 14.92, 0, 0, 4.39
2019/05/04 14:34:00, 25.00, 24.69, 24.52, 16.61, 14.91, 0, 0, 4.39
2019/05/04 14:35:00, 25.00, 24.69, 24.50, 16.58, 14.90, 0, 0, 4.39
2019/05/04 14:36:00, 25.00, 24.67, 24.50, 16.59, 14.88, 0, 0, 4.39
2019/05/04 14:37:00, 25.00, 24.70, 24.51, 16.58, 14.88, 0, 0, 4.39
2019/05/04 14:38:00, 25.00, 24.69, 24.51, 16.58, 14.85, 0, 0, 4.39
2019/05/04 14:39:00, 25.00, 24.69, 24.52, 16.51, 14.85, 0, 0, 4.39
2019/05/04 14:40:00, 25.00, 24.67, 24.51, 16.56, 14.83, 0, 0, 4.39
2019/05/04 14:41:00, 25.00, 24.69, 24.53, 16.53, 14.82, 0, 0, 4.39
2019/05/04 14:42:00, 25.00, 24.70, 24.52, 16.51, 14.82, 0, 0, 4.39
2019/05/04 14:43:00, 25.00, 24.71, 24.51, 16.48, 14.80, 0, 0, 4.39
2019/05/04 14:44:00, 25.00, 24.69, 24.52, 16.45, 14.77, 0, 0, 4.39
2019/05/04 14:45:00, 25.00, 24.71, 24.51, 16.44, 14.75, 0, 0, 4.39
2019/05/04 14:46:00, 25.00, 24.70, 24.50, 16.40, 14.73, 0, 0, 4.39
2019/05/04 14:47:00, 25.00, 24.69, 24.50, 16.43, 14.72, 0, 0, 4.39
2019/05/04 14:48:00, 25.00, 24.67, 24.51, 16.37, 14.71, 0, 0, 4.39
2019/05/04 14:49:00, 25.00, 24.67, 24.50, 16.40, 14.70, 0, 0, 4.39
2019/05/04 14:50:00, 25.00, 24.67, 24.51, 16.37, 14.69, 0, 0, 4.39
2019/05/04 14:51:00, 25.00, 24.67, 24.50, 16.37, 14.67, 0, 0, 4.39
2019/05/04 14:52:00, 25.00, 24.70, 24.49, 16.35, 14.66, 0, 0, 4.39
2019/05/04 14:53:00, 25.00, 24.67, 24.48, 16.35, 14.64, 0, 0, 4.39
2019/05/04 14:54:00, 25.00, 24.69, 24.51, 16.35, 14.65, 0, 0, 4.39
2019/05/04 14:55:00, 25.00, 24.67, 24.50, 16.37, 14.65, 0, 0, 4.39
2019/05/04 14:56:00, 25.00, 24.69, 24.50, 16.32, 14.61, 0, 0, 4.39
2019/05/04 14:57:00, 25.00, 24.66, 24.52, 16.30, 14.59, 0, 0, 4.39
2019/05/04 14:58:00, 25.00, 24.67, 24.50, 16.25, 14.59, 0, 0, 4.39
2019/05/04 14:59:00, 25.00, 24.69, 24.51, 16.25, 14.56, 0, 0, 4.39
2019/05/04 15:00:00, 25.00, 24.69, 24.49, 16.27, 14.56, 0, 0, 4.39
2019/05/04 15:01:00, 25.00, 24.69, 24.52, 16.24, 14.55, 0, 0, 4.39
2019/05/04 15:02:00, 25.00, 24.70, 24.53, 16.25, 14.54, 0, 0, 4.39
2019/05/04 15:03:00, 25.00, 24.69, 24.52, 16.15, 14.52, 0, 0, 4.39
2019/05/04 15:04:00, 25.00, 24.70, 24.51, 16.14, 14.51, 0, 0, 4.39
2019/05/04 15:05:00, 25.00, 24.70, 24.51, 16.17, 14.48, 0, 0, 4.39
2019/05/04 15:06:00, 25.00, 24.67, 24.50, 16.14, 14.46, 0, 0, 4.39
2019/05/04 15:07:00, 25.00, 24.71, 24.53, 16.17, 14.46, 0, 0, 4.39
2019/05/04 15:08:00, 25.00, 24.71, 24.53, 16.14, 14.46, 0, 0, 4.39
2019/05/04 15:09:00, 25.00, 24.69, 24.52, 16.09, 14.43, 0, 0, 4.39
2019/05/04 15:10:00, 25.00, 24.71, 24.53, 16.09, 14.43, 0, 0, 4.39
2019/05/04 15:11:00, 25.00, 24.70, 24.52, 16.09, 14.40, 0, 0, 4.39
2019/05/04 15:12:00, 25.00, 24.70, 24.52, 16.04, 14.40, 0, 0, 4.39
2019/05/04 15:13:00, 25.00, 24.70, 24.52, 16.11, 14.39, 0, 0, 4.39
2019/05/04 15:14:00, 25.00, 24.70, 24.54, 16.14, 14.38, 0, 0, 4.39
2019/05/04 15:15:00, 25.00, 24.70, 24.54, 16.07, 14.37, 0, 0, 4.39
2019/05/04 15:16:00, 25.00, 24.73, 24.54, 15.99, 14.37, 0, 0, 4.39
2019/05/04 15:17:00, 25.00, 24.73, 24.54, 16.08, 14.36, 0, 0, 4.39
2019/05/04 15:18:00, 25.00, 24.71, 24.52, 15.99, 14.33, 0, 0, 4.39
2019/05/04 15:19:00, 25.00, 24.69, 24.52, 15.99, 14.33, 0, 0, 4.39
2019/05/04 15:20:00, 25.00, 24.71, 24.50, 16.04, 14.33, 0, 0, 4.39
2019/05/04 15:21:00, 25.00, 24.71, 24.53, 16.01, 14.30, 0, 0, 4.39
2019/05/04 15:22:00, 25.00, 24.71, 24.54, 15.99, 14.32, 0, 0, 4.39
2019/05/04 15:23:00, 25.00, 24.70, 24.50, 16.01, 14.33, 0, 0, 4.39
2019/05/04 15:24:00, 25.00, 24.67, 24.53, 15.98, 14.30, 0, 0, 4.39
2019/05/04 15:25:00, 25.00, 24.69, 24.52, 15.99, 14.30, 0, 0, 4.39
2019/05/04 15:26:00, 25.00, 24.69, 24.52, 15.99, 14.27, 0, 0, 4.39
2019/05/04 15:27:00, 25.00, 24.70, 24.51, 15.91, 14.29, 0, 0, 4.39
2019/05/04 15:28:00, 25.00, 24.67, 24.50, 15.98, 14.26, 0, 0, 4.39
2019/05/04 15:29:00, 25.00, 24.69, 24.49, 15.98, 14.27, 0, 0, 4.39
2019/05/04 15:30:00, 25.00, 24.67, 24.50, 15.89, 14.25, 0, 0, 4.39
2019/05/04 15:31:00, 25.00, 24.67, 24.50, 15.94, 14.24, 0, 0, 4.39
2019/05/04 15:32:00, 25.00, 24.67, 24.49, 15.96, 14.25, 0, 0, 4.39
2019/05/04 15:33:00, 25.00, 24.66, 24.50, 15.89, 14.23, 0, 0, 4.39
2019/05/04 15:34:00, 25.00, 24.69, 24.48, 15.91, 14.21, 0, 0, 4.39
2019/05/04 15:35:00, 25.00, 24.66, 24.49, 15.89, 14.20, 0, 0, 4.39
2019/05/04 15:36:00, 25.00, 24.67, 24.50, 15.89, 14.21, 0, 0, 4.39
2019/05/04 15:37:00, 25.00, 24.67, 24.47, 15.91, 14.20, 0, 0, 4.39
2019/05/04 15:38:00, 25.00, 24.66, 24.50, 15.86, 14.18, 0, 0, 4.39
2019/05/04 15:39:00, 25.00, 24.67, 24.50, 15.89, 14.18, 0, 0, 4.39
2019/05/04 15:40:00, 25.00, 24.64, 24.47, 15.86, 14.17, 0, 0, 4.39
2019/05/04 15:41:00, 25.00, 24.66, 24.48, 15.86, 14.17, 0, 0, 4.39
2019/05/04 15:42:00, 25.00, 24.67, 24.48, 15.89, 14.18, 0, 0, 4.39
2019/05/04 15:43:00, 25.00, 24.66, 24.47, 15.86, 14.16, 0, 0, 4.39
2019/05/04 15:44:00, 25.00, 24.66, 24.47, 15.91, 14.17, 0, 0, 4.39
2019/05/04 15:45:00, 25.00, 24.66, 24.46, 15.86, 14.17, 0, 0, 4.39
2019/05/04 15:46:00, 25.00, 24.66, 24.46, 15.91, 14.17, 0, 0, 4.39
2019/05/04 15:47:00, 25.00, 24.66, 24.46, 15.91, 14.17, 0, 0, 4.39
2019/05/04 15:48:00, 25.00, 24.64, 24.48, 15.93, 14.18, 0, 0, 4.39
2019/05/04 15:49:00, 25.00, 24.63, 24.46, 15.91, 14.18, 0, 0, 4.39
2019/05/04 15:50:00, 25.00, 24.63, 24.43, 15.91, 14.18, 0, 0, 4.39
2019/05/04 15:51:00, 25.00, 24.61, 24.46, 15.94, 14.20, 0, 0, 4.39
2019/05/04 15:52:00, 25.00, 24.61, 24.45, 15.86, 14.21, 0, 0, 4.39
2019/05/04 15:53:00, 25.00, 24.63, 24.46, 15.94, 14.21, 0, 0, 4.39
2019/05/04 15:54:00, 25.00, 24.63, 24.46, 15.94, 14.22, 0, 0, 4.39
2019/05/04 15:55:00, 25.00, 24.61, 24.42, 15.94, 14.21, 0, 0, 4.39
2019/05/04 15:56:00, 25.00, 24.61, 24.43, 15.89, 14.21, 0, 0, 4.39
2019/05/04 15:57:00, 25.00, 24.60, 24.41, 15.92, 14.23, 0, 0, 4.39
2019/05/04 15:58:00, 25.00, 24.63, 24.42, 15.94, 14.24, 0, 0, 4.39
2019/05/04 15:59:00, 25.00, 24.63, 24.42, 15.92, 14.24, 0, 0, 4.39
2019/05/04 16:00:00, 25.00, 24.63, 24.42, 15.95, 14.26, 0, 0, 4.39
2019/05/04 16:01:00, 25.00, 24.61, 24.43, 15.95, 14.25, 0, 0, 4.39
2019/05/04 16:02:00, 25.00, 24.63, 24.42, 16.00, 14.27, 0, 0, 4.39
2019/05/04 16:03:00, 25.00, 24.63, 24.43, 15.95, 14.28, 0, 0, 4.39
2019/05/04 16:04:00, 25.00, 24.61, 24.45, 15.99, 14.29, 0, 0, 4.39
2019/05/04 16:05:00, 25.00, 24.61, 24.41, 15.99, 14.30, 0, 0, 4.39
2019/05/04 16:06:00, 25.00, 24.60, 24.41, 16.05, 14.31, 0, 0, 4.39
2019/05/04 16:07:00, 25.00, 24.63, 24.43, 15.99, 14.32, 0, 0, 4.39
2019/05/04 16:08:00, 25.00, 24.61, 24.43, 16.02, 14.31, 0, 0, 4.39
2019/05/04 16:09:00, 25.00, 24.63, 24.43, 16.07, 14.32, 0, 0, 4.39
2019/05/04 16:10:00, 25.00, 24.59, 24.42, 16.05, 14.33, 0, 0, 4.39
2019/05/04 16:11:00, 25.00, 24.63, 24.42, 16.00, 14.32, 0, 0, 4.39
2019/05/04 16:12:00, 25.00, 24.60, 24.42, 16.02, 14.33, 0, 0, 4.39
2019/05/04 16:13:00, 25.00, 24.61, 24.43, 16.04, 14.34, 0, 0, 4.39
2019/05/04 16:14:00, 25.00, 24.63, 24.45, 16.02, 14.35, 0, 0, 4.39
2019/05/04 16:15:00, 25.00, 24.61, 24.42, 16.07, 14.37, 0, 0, 4.39
2019/05/04 16:16:00, 25.00, 24.61, 24.42, 16.04, 14.37, 0, 0, 4.39
2019/05/04 16:17:00, 25.00, 24.59, 24.46, 16.08, 14.37, 0, 0, 4.39
2019/05/04 16:18:00, 25.00, 24.61, 24.43, 16.12, 14.38, 0, 0, 4.39
2019/05/04 16:19:00, 25.00, 24.61, 24.43, 16.04, 14.37, 0, 0, 4.39
2019/05/04 16:20:00, 25.00, 24.61, 24.43, 16.09, 14.39, 0, 0, 4.39
2019/05/04 16:21:00, 25.00, 24.63, 24.45, 16.10, 14.41, 0, 0, 4.39
2019/05/04 16:22:00, 25.00, 24.61, 24.43, 16.15, 14.43, 0, 0, 4.39
2019/05/04 16:23:00, 25.00, 24.61, 24.42, 16.15, 14.42, 0, 0, 4.39
2019/05/04 16:24:00, 25.00, 24.63, 24.40, 16.20, 14.45, 0, 0, 4.39
2019/05/04 16:25:00, 25.00, 24.63, 24.45, 16.10, 14.46, 0, 0, 4.39
2019/05/04 16:26:00, 25.00, 24.59, 24.46, 16.17, 14.43, 0, 0, 4.39
2019/05/04 16:27:00, 25.00, 24.60, 24.43, 16.13, 14.46, 0, 0, 4.39
2019/05/04 16:28:00, 25.00, 24.61, 24.42, 16.15, 14.45, 0, 0, 4.39
2019/05/04 16:29:00, 25.00, 24.60, 24.42, 16.21, 14.47, 0, 0, 4.39
2019/05/04 16:30:00, 25.00, 24.60, 24.43, 16.15, 14.47, 0, 0, 4.39
2019/05/04 16:31:00, 25.00, 24.61, 24.42, 16.18, 14.50, 0, 0, 4.39
2019/05/04 16:32:00, 25.00, 24.64, 24.47, 16.16, 14.50, 0, 0, 4.39
2019/05/04 16:33:00, 25.00, 24.63, 24.46, 16.23, 14.50, 0, 0, 4.39
2019/05/04 16:34:00, 25.00, 24.61, 24.45, 16.20, 14.50, 0, 0, 4.39
2019/05/04 16:35:00, 25.00, 24.59, 24.45, 16.18, 14.53, 0, 0, 4.39
2019/05/04 16:36:00, 25.00, 24.61, 24.46, 16.18, 14.51, 0, 0, 4.39
2019/05/04 16:37:00, 25.00, 24.63, 24.43, 16.22, 14.51, 0, 0, 4.39
2019/05/04 16:38:00, 25.00, 24.60, 24.43, 16.26, 14.53, 0, 0, 4.39
2019/05/04 16:39:00, 25.00, 24.61, 24.43, 16.22, 14.52, 0, 0, 4.39
2019/05/04 16:40:00, 25.00, 24.59, 24.42, 16.23, 14.53, 0, 0, 4.39
2019/05/04 16:41:00, 25.00, 24.60, 24.41, 16.25, 14.55, 0, 0, 4.39
2019/05/04 16:42:00, 25.00, 24.63, 24.42, 16.28, 14.57, 0, 0, 4.39
2019/05/04 16:43:00, 25.00, 24.61, 24.42, 16.26, 14.55, 0, 0, 4.39
2019/05/04 16:44:00, 25.00, 24.59, 24.43, 16.21, 14.54, 0, 0, 4.39
2019/05/04 16:45:00, 25.00, 24.61, 24.43, 16.21, 14.53, 0, 0, 4.39
2019/05/04 16:46:00, 25.00, 24.61, 24.42, 16.20, 14.55, 0, 0, 4.39
2019/05/04 16:47:00, 25.00, 24.64, 24.41, 16.28, 14.56, 0, 0, 4.39
2019/05/04 16:48:00, 25.00, 24.60, 24.41, 16.23, 14.54, 0, 0, 4.39
2019/05/04 16:49:00, 25.00, 24.60, 24.43, 16.20, 14.54, 0, 0, 4.39
2019/05/04 16:50:00, 25.00, 24.61, 24.41, 16.25, 14.55, 0, 0, 4.39
2019/05/04 16:51:00, 25.00, 24.59, 24.42, 16.26, 14.56, 0, 0, 4.39
2019/05/04 16:52:00, 25.00, 24.60, 24.42, 16.25, 14.55, 0, 0, 4.39
2019/05/04 16:53:00, 25.00, 24.61, 24.43, 16.30, 14.56, 0, 0, 4.39
2019/05/04 16:54:00, 25.00, 24.60, 24.43, 16.23, 14.55, 0, 0, 4.39
2019/05/04 16:55:00, 25.00, 24.60, 24.43, 16.30, 14.56, 0, 0, 4.39
2019/05/04 16:56:00, 25.00, 24.60, 24.42, 16.26, 14.56, 0, 0, 4.39
2019/05/04 16:57:00, 25.00, 24.60, 24.41, 16.28, 14.57, 0, 0, 4.39
2019/05/04 16:58:00, 25.00, 24.60, 24.41, 16.23, 14.57, 0, 0, 4.39
2019/05/04 16:59:00, 25.00, 24.60, 24.43, 16.21, 14.57, 0, 0, 4.39
2019/05/04 17:00:00, 25.00, 24.61, 24.42, 16.30, 14.57, 0, 0, 4.39
2019/05/04 17:01:00, 25.00, 24.60, 24.43, 16.28, 14.56, 0, 0, 4.39
2019/05/04 17:02:00, 25.00, 24.57, 24.43, 16.25, 14.56, 0, 0, 4.39
2019/05/04 17:03:00, 25.00, 24.60, 24.42, 16.25, 14.57, 0, 0, 4.39
2019/05/04 17:04:00, 25.00, 24.60, 24.42, 16.23, 14.57, 0, 0, 4.39
2019/05/04 17:05:00, 25.00, 24.60, 24.42, 16.23, 14.55, 0, 0, 4.39
2019/05/04 17:06:00, 25.00, 24.59, 24.42, 16.28, 14.55, 0, 0, 4.39
2019/05/04 17:07:00, 25.00, 24.59, 24.42, 16.23, 14.56, 0, 0, 4.39
2019/05/04 17:08:00, 25.00, 24.60, 24.40, 16.26, 14.55, 0, 0, 4.39
2019/05/04 17:09:00, 25.00, 24.60, 24.40, 16.30, 14.56, 0, 0, 4.39
2019/05/04 17:10:00, 25.00, 24.61, 24.39, 16.23, 14.56, 0, 0, 4.39
2019/05/04 17:11:00, 25.00, 24.61, 24.42, 16.25, 14.56, 0, 0, 4.39
2019/05/04 17:12:00, 25.00, 24.60, 24.43, 16.28, 14.55, 0, 0, 4.39
2019/05/04 17:13:00, 25.00, 24.60, 24.43, 16.29, 14.54, 0, 0, 4.39
2019/05/04 17:14:00, 25.00, 24.60, 24.43, 16.21, 14.54, 0, 0, 4.39
2019/05/04 17:15:00, 25.00, 24.60, 24.40, 16.23, 14.53, 0, 0, 4.39
2019/05/04 17:16:00, 25.00, 24.61, 24.42, 16.25, 14.53, 0, 0, 4.39
2019/05/04 17:17:00, 25.00, 24.60, 24.42, 16.20, 14.52, 0, 0, 4.39
2019/05/04 17:18:00, 25.00, 24.60, 24.41, 16.21, 14.53, 0, 0, 4.39
2019/05/04 17:19:00, 25.00, 24.57, 24.42, 16.23, 14.54, 0, 0, 4.39
2019/05/04 17:20:00, 25.00, 24.59, 24.42, 16.16, 14.51, 0, 0, 4.39
2019/05/04 17:21:00, 25.00, 24.60, 24.41, 16.23, 14.53, 0, 0, 4.39
2019/05/04 17:22:00, 25.00, 24.61, 24.42, 16.20, 14.53, 0, 0, 4.39
2019/05/04 17:23:00, 25.00, 24.60, 24.41, 16.26, 14.53, 0, 0, 4.39
2019/05/04 17:24:00, 25.00, 24.60, 24.43, 16.25, 14.53, 0, 0, 4.39
2019/05/04 17:25:00, 25.00, 24.61, 24.42, 16.26, 14.52, 0, 0, 4.39
2019/05/04 17:26:00, 25.00, 24.60, 24.43, 16.20, 14.52, 0, 0, 4.39
2019/05/04 17:27:00, 25.00, 24.59, 24.41, 16.25, 14.52, 0, 0, 4.39
2019/05/04 17:28:00, 25.00, 24.59, 24.42, 16.26, 14.52, 0, 0, 4.39
2019/05/04 17:29:00, 25.00, 24.60, 24.43, 16.20, 14.54, 0, 0, 4.39
2019/05/04 17:30:00, 25.00, 24.59, 24.41, 16.18, 14.54, 0, 0, 4.39
2019/05/04 17:31:00, 25.00, 24.60, 24.43, 16.23, 14.53, 0, 0, 4.39
2019/05/04 17:32:00, 25.00, 24.60, 24.41, 16.25, 14.53, 0, 0, 4.39
2019/05/04 17:33:00, 25.00, 24.60, 24.43, 16.23, 14.55, 0, 0, 4.39
2019/05/04 17:34:00, 25.00, 24.61, 24.43, 16.25, 14.53, 0, 0, 4.39
2019/05/04 17:35:00, 25.00, 24.61, 24.42, 16.23, 14.54, 0, 0, 4.39
2019/05/04 17:36:00, 25.00, 24.60, 24.43, 16.28, 14.53, 0, 0, 4.39
2019/05/04 17:37:00, 25.00, 24.61, 24.42, 16.25, 14.55, 0, 0, 4.39
2019/05/04 17:38:00, 25.00, 24.61, 24.43, 16.25, 14.56, 0, 0, 4.39
2019/05/04 17:39:00, 25.00, 24.60, 24.43, 16.26, 14.55, 0, 0, 4.39
2019/05/04 17:40:00, 25.00, 24.60, 24.45, 16.28, 14.56, 0, 0, 4.39
2019/05/04 17:41:00, 25.00, 24.60, 24.43, 16.28, 14.56, 0, 0, 4.39
2019/05/04 17:42:00, 25.00, 24.63, 24.41, 16.26, 14.57, 0, 0, 4.39
2019/05/04 17:43:00, 25.00, 24.60, 24.45, 16.26, 14.56, 0, 0, 4.39
2019/05/04 17:44:00, 25.00, 24.63, 24.43, 16.28, 14.59, 0, 0, 4.39
2019/05/04 17:45:00, 25.00, 24.63, 24.43, 16.33, 14.60, 0, 0, 4.39
2019/05/04 17:46:00, 25.00, 24.60, 24.41, 16.31, 14.56, 0, 0, 4.39
2019/05/04 17:47:00, 25.00, 24.61, 24.42, 16.30, 14.56, 0, 0, 4.39
2019/05/04 17:48:00, 25.00, 24.61, 24.43, 16.28, 14.56, 0, 0, 4.39
2019/05/04 17:49:00, 25.00, 24.61, 24.43, 16.31, 14.59, 0, 0, 4.39
2019/05/04 17:50:00, 25.00, 24.63, 24.43, 16.31, 14.59, 0, 0, 4.39
2019/05/04 17:51:00, 25.00, 24.60, 24.43, 16.28, 14.59, 0, 0, 4.39
2019/05/04 17:52:00, 25.00, 24.60, 24.42, 16.30, 14.57, 0, 0, 4.39
2019/05/04 17:53:00, 25.00, 24.60, 24.43, 16.31, 14.59, 0, 0, 4.39
2019/05/04 17:54:00, 25.00, 24.59, 24.41, 16.33, 14.61, 0, 0, 4.39
2019/05/04 17:55:00, 25.00, 24.60, 24.43, 16.31, 14.59, 0, 0, 4.39
2019/05/04 17:56:00, 25.00, 24.61, 24.42, 16.26, 14.61, 0, 0, 4.39
2019/05/04 17:57:00, 25.00, 24.60, 24.43, 16.35, 14.59, 0, 0, 4.39
2019/05/04 17:58:00, 25.00, 24.59, 24.43, 16.30, 14.59, 0, 0, 4.39
2019/05/04 17:59:00, 25.00, 24.61, 24.42, 16.31, 14.62, 0, 0, 4.39
2019/05/04 18:00:00, 25.00, 24.60, 24.41, 16.26, 14.59, 0, 0, 4.39
2019/05/04 18:01:00, 25.00, 24.60, 24.41, 16.30, 14.60, 0, 0, 4.39
2019/05/04 18:02:00, 25.00, 24.59, 24.40, 16.28, 14.60, 0, 0, 4.39
2019/05/04 18:03:00, 25.00, 24.60, 24.43, 16.30, 14.60, 0, 0, 4.39
2019/05/04 18:04:00, 25.00, 24.60, 24.43, 16.33, 14.62, 0, 0, 4.39
2019/05/04 18:05:00, 25.00, 24.61, 24.42, 16.33, 14.60, 0, 0, 4.39
2019/05/04 18:06:00, 25.00, 24.60, 24.42, 16.34, 14.60, 0, 0, 4.39
2019/05/04 18:07:00, 25.00, 24.61, 24.42, 16.31, 14.58, 0, 0, 4.39
2019/05/04 18:08:00, 25.00, 24.61, 24.42, 16.30, 14.60, 0, 0, 4.39
2019/05/04 18:09:00, 25.00, 24.61, 24.42, 16.30, 14.58, 0, 0, 4.39
2019/05/04 18:10:00, 25.00, 24.61, 24.41, 16.28, 14.59, 0, 0, 4.39
2019/05/04 18:11:00, 25.00, 24.59, 24.42, 16.25, 14.59, 0, 0, 4.39
2019/05/04 18:12:00, 25.00, 24.61, 24.45, 16.30, 14.57, 0, 0, 4.39
2019/05/04 18:13:00, 25.00, 24.57, 24.42, 16.28, 14.57, 0, 0, 4.39
2019/05/04 18:14:00, 25.00, 24.61, 24.43, 16.28, 14.59, 0, 0, 4.39
2019/05/04 18:15:00, 25.00, 24.59, 24.41, 16.30, 14.58, 0, 0, 4.39
2019/05/04 18:16:00, 25.00, 24.61, 24.41, 16.28, 14.57, 0, 0, 4.39
2019/05/04 18:17:00, 25.00, 24.60, 24.41, 16.31, 14.59, 0, 0, 4.39
2019/05/04 18:18:00, 25.00, 24.59, 24.40, 16.28, 14.57, 0, 0, 4.39
2019/05/04 18:19:00, 25.00, 24.56, 24.39, 16.26, 14.59, 0, 0, 4.39
2019/05/04 18:20:00, 25.00, 24.56, 24.39, 16.26, 14.59, 0, 0, 4.39
2019/05/04 18:21:00, 25.00, 24.54, 24.39, 16.28, 14.59, 0, 0, 4.39
2019/05/04 18:22:00, 25.00, 24.56, 24.40, 16.26, 14.59, 0, 0, 4.39
2019/05/04 18:23:00, 25.00, 24.57, 24.40, 16.28, 14.59, 0, 0, 4.39
2019/05/04 18:24:00, 25.00, 24.56, 24.38, 16.31, 14.59, 0, 0, 4.39
2019/05/04 18:25:00, 25.00, 24.59, 24.38, 16.33, 14.60, 0, 0, 4.39
2019/05/04 18:26:00, 25.00, 24.57, 24.38, 16.34, 14.59, 0, 0, 4.39
2019/05/04 18:27:00, 25.00, 24.54, 24.38, 16.34, 14.59, 0, 0, 4.39
2019/05/04 18:28:00, 25.00, 24.59, 24.37, 16.29, 14.59, 0, 0, 4.39
2019/05/04 18:29:00, 25.00, 24.54, 24.37, 16.25, 14.60, 0, 0, 4.39
2019/05/04 18:30:00, 25.00, 24.56, 24.38, 16.39, 14.61, 0, 0, 4.39
2019/05/04 18:31:00, 25.00, 24.54, 24.39, 16.33, 14.62, 0, 0, 4.39
2019/05/04 18:32:00, 25.00, 24.56, 24.40, 16.28, 14.60, 0, 0, 4.39
2019/05/04 18:33:00, 25.00, 24.57, 24.40, 16.33, 14.58, 0, 0, 4.39
2019/05/04 18:34:00, 25.00, 24.57, 24.39, 16.31, 14.59, 0, 0, 4.39
2019/05/04 18:35:00, 25.00, 24.57, 24.40, 16.29, 14.59, 0, 0, 4.39
2019/05/04 18:36:00, 25.00, 24.56, 24.40, 16.25, 14.59, 0, 0, 4.39
2019/05/04 18:37:00, 25.00, 24.57, 24.36, 16.28, 14.59, 0, 0, 4.39
2019/05/04 18:38:00, 25.00, 24.54, 24.37, 16.29, 14.59, 0, 0, 4.39
2019/05/04 18:39:00, 25.00, 24.54, 24.39, 16.32, 14.59, 0, 0, 4.39
2019/05/04 18:40:00, 25.00, 24.56, 24.36, 16.36, 14.62, 0, 0, 4.39
2019/05/04 18:41:00, 25.00, 24.54, 24.34, 16.29, 14.60, 0, 0, 4.39
2019/05/04 18:42:00, 25.00, 24.54, 24.38, 16.31, 14.59, 0, 0, 4.39
2019/05/04 18:43:00, 25.00, 24.54, 24.36, 16.34, 14.60, 0, 0, 4.39
2019/05/04 18:44:00, 25.00, 24.53, 24.35, 16.33, 14.59, 0, 0, 4.39
2019/05/04 18:45:00, 25.00, 24.52, 24.33, 16.34, 14.61, 0, 0, 4.39
2019/05/04 18:46:00, 25.00, 24.53, 24.34, 16.27, 14.60, 0, 0, 4.39
2019/05/04 18:47:00, 25.00, 24.52, 24.35, 16.31, 14.62, 0, 0, 4.39
2019/05/04 18:48:00, 25.00, 24.52, 24.34, 16.34, 14.62, 0, 0, 4.39
2019/05/04 18:49:00, 25.00, 24.53, 24.35, 16.34, 14.62, 0, 0, 4.39
2019/05/04 18:50:00, 25.00, 24.54, 24.34, 16.29, 14.62, 0, 0, 4.39
2019/05/04 18:51:00, 25.00, 24.52, 24.36, 16.37, 14.62, 0, 0, 4.39
2019/05/04 18:52:00, 25.00, 24.52, 24.34, 16.29, 14.61, 0, 0, 4.39
2019/05/04 18:53:00, 25.00, 24.52, 24.35, 16.31, 14.62, 0, 0, 4.39
2019/05/04 18:54:00, 25.00, 24.56, 24.35, 16.32, 14.61, 0, 0, 4.39
2019/05/04 18:55:00, 25.00, 24.54, 24.35, 16.31, 14.62, 0, 0, 4.39
2019/05/04 18:56:00, 25.00, 24.53, 24.36, 16.27, 14.63, 0, 0, 4.39
2019/05/04 18:57:00, 25.00, 24.53, 24.35, 16.36, 14.62, 0, 0, 4.39
2019/05/04 18:58:00, 25.00, 24.52, 24.37, 16.32, 14.64, 0, 0, 4.39
2019/05/04 18:59:00, 25.00, 24.52, 24.37, 16.34, 14.64, 0, 0, 4.39
2019/05/04 19:00:00, 25.00, 24.53, 24.34, 16.37, 14.66, 0, 0, 4.39
2019/05/04 19:01:00, 25.00, 24.53, 24.34, 16.37, 14.66, 0, 0, 4.39
2019/05/04 19:02:00, 25.00, 24.53, 24.33, 16.42, 14.68, 0, 0, 4.39
2019/05/04 19:03:00, 25.00, 24.50, 24.32, 16.41, 14.69, 0, 0, 4.39
2019/05/04 19:04:00, 25.00, 24.50, 24.33, 16.45, 14.71, 0, 0, 4.39
2019/05/04 19:05:00, 25.00, 24.50, 24.32, 16.49, 14.73, 0, 0, 4.39
2019/05/04 19:06:00, 25.00, 24.49, 24.32, 16.45, 14.74, 0, 0, 4.39
2019/05/04 19:07:00, 25.00, 24.49, 24.31, 16.42, 14.74, 0, 0, 4.39
2019/05/04 19:08:00, 25.00, 24.50, 24.31, 16.50, 14.77, 0, 0, 4.39
2019/05/04 19:09:00, 25.00, 24.49, 24.32, 16.53, 14.79, 0, 0, 4.39
2019/05/04 19:10:00, 25.00, 24.52, 24.32, 16.45, 14.80, 0, 0, 4.39
2019/05/04 19:11:00, 25.00, 24.52, 24.33, 16.52, 14.81, 0, 0, 4.39
2019/05/04 19:12:00, 25.00, 24.49, 24.32, 16.52, 14.82, 0, 0, 4.39
2019/05/04 19:13:00, 25.00, 24.50, 24.30, 16.55, 14.80, 0, 0, 4.39
2019/05/04 19:14:00, 25.00, 24.49, 24.32, 16.55, 14.84, 0, 0, 4.39
2019/05/04 19:15:00, 25.00, 24.52, 24.30, 16.53, 14.84, 0, 0, 4.39
2019/05/04 19:16:00, 25.00, 24.44, 24.27, 16.58, 14.88, 0, 0, 4.39
2019/05/04 19:17:00, 25.00, 24.46, 24.27, 16.58, 14.89, 0, 0, 4.39
2019/05/04 19:18:00, 25.00, 24.44, 24.27, 16.60, 14.91, 0, 0, 4.39
2019/05/04 19:19:00, 25.00, 24.47, 24.30, 16.61, 14.91, 0, 0, 4.39
2019/05/04 19:20:00, 25.00, 24.47, 24.27, 16.65, 14.91, 0, 0, 4.39
2019/05/04 19:21:00, 25.00, 24.46, 24.28, 16.68, 14.91, 0, 0, 4.39
2019/05/04 19:22:00, 25.00, 24.44, 24.27, 16.61, 14.90, 0, 0, 4.39
2019/05/04 19:23:00, 25.00, 24.46, 24.27, 16.63, 14.91, 0, 0, 4.39
2019/05/04 19:24:00, 25.00, 24.44, 24.28, 16.63, 14.96, 0, 0, 4.39
2019/05/04 19:25:00, 25.00, 24.44, 24.30, 16.69, 14.95, 0, 0, 4.39
2019/05/04 19:26:00, 25.00, 24.46, 24.23, 16.71, 14.98, 0, 0, 4.39
2019/05/04 19:27:00, 25.00, 24.44, 24.27, 16.69, 14.98, 0, 0, 4.39
2019/05/04 19:28:00, 25.00, 24.44, 24.27, 16.68, 14.98, 0, 0, 4.39
2019/05/04 19:29:00, 25.00, 24.44, 24.25, 16.68, 14.98, 0, 0, 4.39
2019/05/04 19:30:00, 25.00, 24.44, 24.26, 16.72, 15.01, 0, 0, 4.39
2019/05/04 19:31:00, 25.00, 24.43, 24.26, 16.71, 15.01, 0, 0, 4.39
2019/05/04 19:32:00, 25.00, 24.43, 24.26, 16.73, 15.02, 0, 0, 4.39
2019/05/04 19:33:00, 25.00, 24.44, 24.25, 16.77, 15.03, 0, 0, 4.39
2019/05/04 19:34:00, 25.00, 24.43, 24.26, 16.77, 15.04, 0, 0, 4.39
2019/05/04 19:35:00, 25.00, 24.42, 24.26, 16.79, 15.04, 0, 0, 4.39
2019/05/04 19:36:00, 25.00, 24.43, 24.25, 16.76, 15.04, 0, 0, 4.39
2019/05/04 19:37:00, 25.00, 24.42, 24.25, 16.77, 15.04, 0, 0, 4.39
2019/05/04 19:38:00, 25.00, 24.44, 24.26, 16.74, 15.08, 0, 0, 4.39
2019/05/04 19:39:00, 25.00, 24.43, 24.24, 16.85, 15.08, 0, 0, 4.39
2019/05/04 19:40:00, 25.00, 24.40, 24.25, 16.82, 15.08, 0, 0, 4.39
2019/05/04 19:41:00, 25.00, 24.40, 24.24, 16.82, 15.11, 0, 0, 4.39
2019/05/04 19:42:00, 25.00, 24.43, 24.25, 16.89, 15.11, 0, 0, 4.39
2019/05/04 19:43:00, 25.00, 24.43, 24.24, 16.77, 15.14, 0, 0, 4.39
2019/05/04 19:44:00, 25.00, 24.40, 24.23, 16.80, 15.11, 0, 0, 4.39
2019/05/04 19:45:00, 25.00, 24.39, 24.19, 16.85, 15.14, 0, 0, 4.39
2019/05/04 19:46:00, 25.00, 24.39, 24.21, 16.92, 15.17, 0, 0, 4.39
2019/05/04 19:47:00, 25.00, 24.38, 24.21, 16.87, 15.20, 0, 0, 4.39
2019/05/04 19:48:00, 25.00, 24.40, 24.22, 16.95, 15.19, 0, 0, 4.39
2019/05/04 19:49:00, 25.00, 24.39, 24.20, 16.93, 15.22, 0, 0, 4.39
2019/05/04 19:50:00, 25.00, 24.39, 24.23, 16.92, 15.22, 0, 0, 4.39
2019/05/04 19:51:00, 25.00, 24.39, 24.21, 16.90, 15.23, 0, 0, 4.39
2019/05/04 19:52:00, 25.00, 24.39, 24.22, 16.93, 15.22, 0, 0, 4.39
2019/05/04 19:53:00, 25.00, 24.38, 24.19, 17.00, 15.24, 0, 0, 4.39
2019/05/04 19:54:00, 25.00, 24.38, 24.20, 17.01, 15.24, 0, 0, 4.39
2019/05/04 19:55:00, 25.00, 24.38, 24.18, 16.98, 15.27, 0, 0, 4.39
2019/05/04 19:56:00, 25.00, 24.36, 24.19, 17.00, 15.29, 0, 0, 4.39
2019/05/04 19:57:00, 25.00, 24.36, 24.16, 17.01, 15.29, 0, 0, 4.39
2019/05/04 19:58:00, 25.00, 24.38, 24.18, 17.00, 15.31, 0, 0, 4.39
2019/05/04 19:59:00, 25.00, 24.33, 24.16, 17.08, 15.31, 0, 0, 4.39
2019/05/04 20:00:00, 25.00, 24.38, 24.18, 17.06, 15.35, 0, 0, 4.39
2019/05/04 20:01:00, 25.00, 24.32, 24.16, 17.12, 15.36, 0, 0, 4.39
2019/05/04 20:02:00, 25.00, 24.35, 24.17, 17.09, 15.36, 0, 0, 4.39
2019/05/04 20:03:00, 25.00, 24.35, 24.16, 17.06, 15.38, 0, 0, 4.39
2019/05/04 20:04:00, 25.00, 24.33, 24.16, 17.16, 15.38, 0, 0, 4.39
2019/05/04 20:05:00, 25.00, 24.33, 24.16, 17.16, 15.40, 0, 0, 4.39
2019/05/04 20:06:00, 25.00, 24.32, 24.16, 17.16, 15.43, 0, 0, 4.39
2019/05/04 20:07:00, 25.00, 24.33, 24.13, 17.12, 15.45, 0, 0, 4.39
2019/05/04 20:08:00, 25.00, 24.27, 24.13, 17.17, 15.46, 0, 0, 4.39
2019/05/04 20:09:00, 25.00, 24.31, 24.13, 17.20, 15.47, 0, 0, 4.39
2019/05/04 20:10:00, 25.00, 24.33, 24.13, 17.18, 15.49, 0, 0, 4.39
2019/05/04 20:11:00, 25.00, 24.31, 24.13, 17.19, 15.49, 0, 0, 4.39
2019/05/04 20:12:00, 25.00, 24.31, 24.13, 17.22, 15.51, 0, 0, 4.39
2019/05/04 20:13:00, 25.00, 24.33, 24.12, 17.27, 15.52, 0, 0, 4.39
2019/05/04 20:14:00, 25.00, 24.31, 24.11, 17.20, 15.53, 0, 0, 4.39
2019/05/04 20:15:00, 25.00, 24.31, 24.12, 17.29, 15.56, 0, 0, 4.39
2019/05/04 20:16:00, 25.00, 24.29, 24.13, 17.30, 15.56, 0, 0, 4.39
2019/05/04 20:17:00, 25.00, 24.29, 24.13, 17.29, 15.57, 0, 0, 4.39
2019/05/04 20:18:00, 25.00, 24.29, 24.13, 17.32, 15.59, 0, 0, 4.39
2019/05/04 20:19:00, 25.00, 24.31, 24.12, 17.34, 15.62, 0, 0, 4.39
2019/05/04 20:20:00, 25.00, 24.32, 24.13, 17.27, 15.61, 0, 0, 4.39
2019/05/04 20:21:00, 25.00, 24.31, 24.12, 17.36, 15.62, 0, 0, 4.39
2019/05/04 20:22:00, 25.00, 24.32, 24.13, 17.32, 15.62, 0, 0, 4.39
2019/05/04 20:23:00, 25.00, 24.29, 24.12, 17.34, 15.65, 0, 0, 4.39
2019/05/04 20:24:00, 24.75, 24.33, 24.12, 17.41, 15.65, 0, 0, 4.39
2019/05/04 20:25:00, 24.75, 24.26, 24.11, 17.38, 15.66, 0, 0, 4.39
2019/05/04 20:26:00, 25.00, 24.27, 24.10, 17.45, 15.69, 0, 0, 4.39
2019/05/04 20:27:00, 25.00, 24.29, 24.10, 17.38, 15.71, 0, 0, 4.39
2019/05/04 20:28:00, 25.00, 24.31, 24.09, 17.43, 15.72, 0, 0, 4.39
2019/05/04 20:29:00, 25.00, 24.31, 24.09, 17.45, 15.72, 0, 0, 4.39
2019/05/04 20:30:00, 25.00, 24.27, 24.08, 17.49, 15.75, 0, 0, 4.39
2019/05/04 20:31:00, 24.75, 24.23, 24.05, 17.48, 15.78, 0, 0, 4.39
2019/05/04 20:32:00, 24.75, 24.25, 24.07, 17.56, 15.81, 0, 0, 4.39
2019/05/04 20:33:00, 24.75, 24.26, 24.08, 17.54, 15.82, 0, 0, 4.39
2019/05/04 20:34:00, 24.75, 24.27, 24.08, 17.54, 15.82, 0, 0, 4.39
2019/05/04 20:35:00, 24.75, 24.23, 24.07, 17.59, 15.84, 0, 0, 4.39
2019/05/04 20:36:00, 24.75, 24.26, 24.06, 17.66, 15.88, 0, 0, 4.39
2019/05/04 20:37:00, 24.75, 24.25, 24.08, 17.61, 15.87, 0, 0, 4.39
2019/05/04 20:38:00, 24.75, 24.25, 24.09, 17.62, 15.87, 0, 0, 4.39
2019/05/04 20:39:00, 24.75, 24.26, 24.07, 17.58, 15.88, 0, 0, 4.39
2019/05/04 20:40:00, 24.75, 24.26, 24.06, 17.59, 15.91, 0, 0, 4.39
2019/05/04 20:41:00, 24.75, 24.26, 24.05, 17.62, 15.92, 0, 0, 4.39
2019/05/04 20:42:00, 24.75, 24.23, 24.03, 17.69, 15.94, 0, 0, 4.39
2019/05/04 20:43:00, 24.75, 24.23, 24.07, 17.64, 15.98, 0, 0, 4.39
2019/05/04 20:44:00, 24.75, 24.25, 24.07, 17.64, 15.97, 0, 0, 4.39
2019/05/04 20:45:00, 24.75, 24.23, 24.05, 17.71, 15.98, 0, 0, 4.39
2019/05/04 20:46:00, 24.75, 24.25, 24.05, 17.75, 15.98, 0, 0, 4.39
2019/05/04 20:47:00, 24.75, 24.25, 24.04, 17.79, 16.02, 0, 0, 4.39
2019/05/04 20:48:00, 24.75, 24.25, 24.06, 17.80, 16.02, 0, 0, 4.39
2019/05/04 20:49:00, 24.75, 24.26, 24.06, 17.74, 16.03, 0, 0, 4.39
2019/05/04 20:50:00, 24.75, 24.26, 24.06, 17.78, 16.04, 0, 0, 4.39
2019/05/04 20:51:00, 24.75, 24.20, 24.03, 17.75, 16.06, 0, 0, 4.39
2019/05/04 20:52:00, 24.75, 24.22, 24.02, 17.85, 16.12, 0, 0, 4.39
2019/05/04 20:53:00, 24.75, 24.20, 24.04, 17.85, 16.14, 0, 0, 4.39
2019/05/04 20:54:00, 24.75, 24.20, 24.01, 17.85, 16.12, 0, 0, 4.39
2019/05/04 20:55:00, 24.75, 24.20, 24.02, 17.85, 16.15, 0, 0, 4.39
2019/05/04 20:56:00, 24.75, 24.22, 24.02, 17.88, 16.16, 0, 0, 4.39
2019/05/04 20:57:00, 24.75, 24.20, 24.03, 17.94, 16.20, 0, 0, 4.39
2019/05/04 20:58:00, 24.75, 24.22, 24.04, 17.96, 16.23, 0, 0, 4.39
2019/05/04 20:59:00, 24.75, 24.20, 24.06, 17.95, 16.19, 0, 0, 4.39
2019/05/04 21:00:00, 24.75, 24.23, 24.03, 18.00, 16.20, 0, 0, 4.39
2019/05/04 21:01:00, 24.75, 24.22, 24.02, 17.96, 16.20, 0, 0, 4.39
2019/05/04 21:02:00, 24.75, 24.20, 24.00, 17.90, 16.23, 0, 0, 4.39
2019/05/04 21:03:00, 24.75, 24.19, 24.01, 17.98, 16.25, 0, 0, 4.39
2019/05/04 21:04:00, 24.75, 24.18, 24.01, 18.03, 16.29, 0, 0, 4.39
2019/05/04 21:05:00, 24.75, 24.19, 24.01, 18.02, 16.27, 0, 0, 4.39
2019/05/04 21:06:00, 24.75, 24.16, 23.97, 18.11, 16.30, 0, 0, 4.39
2019/05/04 21:07:00, 24.75, 24.16, 23.98, 18.04, 16.32, 0, 0, 4.39
2019/05/04 21:08:00, 24.75, 24.16, 23.98, 18.02, 16.32, 0, 0, 4.39
2019/05/04 21:09:00, 24.75, 24.18, 23.96, 18.05, 16.34, 0, 0, 4.39
2019/05/04 21:10:00, 24.75, 24.16, 23.97, 18.09, 16.36, 0, 0, 4.39
2019/05/04 21:11:00, 24.75, 24.18, 23.98, 18.07, 16.37, 0, 0, 4.39
2019/05/04 21:12:00, 24.75, 24.14, 23.97, 18.15, 16.36, 0, 0, 4.39
2019/05/04 21:13:00, 24.75, 24.15, 23.95, 18.15, 16.43, 0, 0, 4.39
2019/05/04 21:14:00, 24.75, 24.16, 23.97, 18.18, 16.43, 0, 0, 4.39
2019/05/04 21:15:00, 24.75, 24.12, 23.92, 18.18, 16.45, 0, 0, 4.39
2019/05/04 21:16:00, 24.75, 24.11, 23.92, 18.25, 16.46, 0, 0, 4.39
2019/05/04 21:17:00, 24.75, 24.09, 23.89, 18.22, 16.47, 0, 0, 4.39
2019/05/04 21:18:00, 24.75, 24.07, 23.90, 18.31, 16.57, 0, 0, 4.39
2019/05/04 21:19:00, 24.75, 24.09, 23.91, 18.28, 16.58, 0, 0, 4.39
2019/05/04 21:20:00, 24.75, 24.09, 23.91, 18.25, 16.55, 0, 0, 4.39
2019/05/04 21:21:00, 24.75, 24.07, 23.90, 18.30, 16.52, 0, 0, 4.39
2019/05/04 21:22:00, 24.75, 24.08, 23.87, 18.29, 16.58, 0, 0, 4.39
2019/05/04 21:23:00, 24.75, 24.07, 23.86, 18.31, 16.58, 0, 0, 4.39
2019/05/04 21:24:00, 24.75, 24.02, 23.84, 18.39, 16.63, 0, 0, 4.39
2019/05/04 21:25:00, 24.75, 24.04, 23.83, 18.36, 16.63, 0, 0, 4.39
2019/05/04 21:26:00, 24.75, 24.04, 23.86, 18.49, 16.65, 0, 0, 4.39
2019/05/04 21:27:00, 24.75, 24.04, 23.84, 18.41, 16.68, 0, 0, 4.39
2019/05/04 21:28:00, 24.75, 24.02, 23.84, 18.41, 16.67, 0, 0, 4.39
2019/05/04 21:29:00, 24.75, 24.05, 23.83, 18.37, 16.64, 0, 0, 4.39
2019/05/04 21:30:00, 24.75, 24.01, 23.80, 18.42, 16.67, 0, 0, 4.39
2019/05/04 21:31:00, 24.75, 24.01, 23.83, 18.42, 16.68, 0, 0, 4.39
2019/05/04 21:32:00, 24.75, 24.01, 23.83, 18.50, 16.73, 0, 0, 4.39
2019/05/04 21:33:00, 24.75, 23.99, 23.80, 18.50, 16.75, 0, 0, 4.39
2019/05/04 21:34:00, 24.75, 24.01, 23.81, 18.45, 16.75, 0, 0, 4.39
2019/05/04 21:35:00, 24.75, 24.01, 23.78, 18.53, 16.74, 0, 0, 4.39
2019/05/04 21:36:00, 24.75, 23.97, 23.77, 18.58, 16.78, 0, 0, 4.39
2019/05/04 21:37:00, 24.75, 23.97, 23.77, 18.58, 16.84, 0, 0, 4.39
2019/05/04 21:38:00, 24.75, 23.98, 23.78, 18.53, 16.82, 0, 0, 4.39
2019/05/04 21:39:00, 24.75, 23.98, 23.78, 18.58, 16.82, 0, 0, 4.39
2019/05/04 21:40:00, 24.75, 23.99, 23.77, 18.55, 16.86, 0, 0, 4.39
2019/05/04 21:41:00, 24.75, 23.97, 23.76, 18.60, 16.84, 0, 0, 4.39
2019/05/04 21:42:00, 24.75, 23.95, 23.76, 18.60, 16.85, 0, 0, 4.39
2019/05/04 21:43:00, 24.75, 23.97, 23.74, 18.61, 16.88, 0, 0, 4.39
2019/05/04 21:44:00, 24.75, 23.94, 23.75, 18.63, 16.86, 0, 0, 4.39
2019/05/04 21:45:00, 24.75, 23.95, 23.78, 18.64, 16.92, 0, 0, 4.39
2019/05/04 21:46:00, 24.75, 23.98, 23.78, 18.66, 16.91, 0, 0, 4.39
2019/05/04 21:47:00, 24.75, 23.94, 23.75, 18.71, 16.90, 0, 0, 4.39
2019/05/04 21:48:00, 24.75, 23.97, 23.75, 18.61, 16.88, 0, 0, 4.39
2019/05/04 21:49:00, 24.75, 23.94, 23.74, 18.71, 16.91, 0, 0, 4.39
2019/05/04 21:50:00, 24.75, 23.91, 23.75, 18.61, 16.89, 0, 0, 4.39
2019/05/04 21:51:00, 24.75, 23.92, 23.75, 18.74, 16.96, 0, 0, 4.39
2019/05/04 21:52:00, 24.75, 23.95, 23.77, 18.73, 16.97, 0, 0, 4.39
2019/05/04 21:53:00, 24.75, 23.97, 23.77, 18.76, 16.95, 0, 0, 4.39
2019/05/04 21:54:00, 24.75, 23.97, 23.77, 18.68, 16.95, 0, 0, 4.39
2019/05/04 21:55:00, 24.75, 23.97, 23.76, 18.70, 16.95, 0, 0, 4.39
2019/05/04 21:56:00, 24.75, 23.99, 23.80, 18.64, 16.94, 0, 0, 4.39
2019/05/04 21:57:00, 24.75, 23.97, 23.78, 18.71, 16.93, 0, 0, 4.39
2019/05/04 21:58:00, 24.75, 23.97, 23.79, 18.73, 16.95, 0, 0, 4.39
2019/05/04 21:59:00, 24.75, 23.97, 23.77, 18.71, 16.98, 0, 0, 4.39
2019/05/04 22:00:00, 24.75, 23.95, 23.76, 18.71, 16.94, 0, 0, 4.39
2019/05/04 22:01:00, 24.75, 23.95, 23.73, 18.73, 16.97, 0, 0, 4.39
2019/05/04 22:02:00, 24.75, 23.94, 23.75, 18.77, 16.96, 0, 0, 4.39
2019/05/04 22:03:00, 24.75, 23.94, 23.74, 18.73, 16.98, 0, 0, 4.39
2019/05/04 22:04:00, 24.75, 23.95, 23.76, 18.81, 17.01, 0, 0, 4.39
2019/05/04 22:05:00, 24.75, 23.95, 23.76, 18.82, 17.03, 0, 0, 4.39
2019/05/04 22:06:00, 24.50, 23.94, 23.74, 18.77, 17.03, 0, 0, 4.39
2019/05/04 22:07:00, 24.50, 23.97, 23.74, 18.73, 17.01, 0, 0, 4.39
2019/05/04 22:08:00, 24.75, 23.95, 23.74, 18.86, 17.02, 0, 0, 4.39
2019/05/04 22:09:00, 24.75, 23.94, 23.76, 18.79, 17.02, 0, 0, 4.39
2019/05/04 22:10:00, 24.50, 23.95, 23.77, 18.79, 17.00, 0, 0, 4.39
2019/05/04 22:11:00, 24.50, 23.97, 23.76, 18.79, 17.01, 0, 0, 4.39
2019/05/04 22:12:00, 24.50, 23.94, 23.78, 18.79, 17.01, 0, 0, 4.39
2019/05/04 22:13:00, 24.50, 23.98, 23.77, 18.74, 17.02, 0, 0, 4.39
2019/05/04 22:14:00, 24.50, 23.95, 23.77, 18.79, 17.01, 0, 0, 4.39
2019/05/04 22:15:00, 24.50, 23.94, 23.77, 18.74, 17.01, 0, 0, 4.39
2019/05/04 22:16:00, 24.50, 23.97, 23.78, 18.79, 17.01, 0, 0, 4.39
2019/05/04 22:17:00, 24.50, 23.92, 23.77, 18.73, 17.01, 0, 0, 4.39
2019/05/04 22:18:00, 24.50, 23.94, 23.75, 18.81, 17.04, 0, 0, 4.39
2019/05/04 22:19:00, 24.50, 23.95, 23.76, 18.81, 17.07, 0, 0, 4.39
2019/05/04 22:20:00, 24.50, 23.97, 23.77, 18.76, 17.04, 0, 0, 4.39
2019/05/04 22:21:00, 24.50, 23.98, 23.78, 18.75, 17.02, 0, 0, 4.39
2019/05/04 22:22:00, 24.50, 23.98, 23.78, 18.81, 17.02, 0, 0, 4.39
2019/05/04 22:23:00, 24.50, 23.97, 23.78, 18.74, 17.02, 0, 0, 4.39
2019/05/04 22:24:00, 24.50, 23.97, 23.78, 18.74, 17.01, 0, 0, 4.39
2019/05/04 22:25:00, 24.50, 24.01, 23.78, 18.82, 17.04, 0, 0, 4.39
2019/05/04 22:26:00, 24.50, 23.98, 23.76, 18.74, 17.01, 0, 0, 4.39
2019/05/04 22:27:00, 24.50, 23.95, 23.76, 18.76, 17.04, 0, 0, 4.39
2019/05/04 22:28:00, 24.50, 23.97, 23.77, 18.76, 17.04, 0, 0, 4.39
2019/05/04 22:29:00, 24.50, 23.94, 23.76, 18.73, 17.02, 0, 0, 4.39
2019/05/04 22:30:00, 24.50, 23.94, 23.74, 18.81, 17.06, 0, 0, 4.39
2019/05/04 22:31:00, 24.50, 23.94, 23.76, 18.86, 17.04, 0, 0, 4.39
2019/05/04 22:32:00, 24.50, 23.92, 23.75, 18.82, 17.09, 0, 0, 4.39
2019/05/04 22:33:00, 24.50, 23.94, 23.74, 18.81, 17.04, 0, 0, 4.39
2019/05/04 22:34:00, 24.50, 23.94, 23.77, 18.82, 17.05, 0, 0, 4.39
2019/05/04 22:35:00, 24.50, 23.97, 23.78, 18.82, 17.04, 0, 0, 4.39
2019/05/04 22:36:00, 24.50, 23.95, 23.76, 18.79, 17.04, 0, 0, 4.39
2019/05/04 22:37:00, 24.50, 23.95, 23.75, 18.82, 17.05, 0, 0, 4.39
2019/05/04 22:38:00, 24.50, 23.97, 23.73, 18.77, 17.03, 0, 0, 4.39
2019/05/04 22:39:00, 24.50, 23.94, 23.74, 18.79, 17.04, 0, 0, 4.39
2019/05/04 22:40:00, 24.50, 23.92, 23.74, 18.86, 17.07, 0, 0, 4.39
2019/05/04 22:41:00, 24.50, 23.94, 23.75, 18.84, 17.08, 0, 0, 4.39
2019/05/04 22:42:00, 24.50, 23.91, 23.74, 18.82, 17.05, 0, 0, 4.39
2019/05/04 22:43:00, 24.50, 23.92, 23.73, 18.82, 17.06, 0, 0, 4.39
2019/05/04 22:44:00, 24.50, 23.94, 23.75, 18.79, 17.07, 0, 0, 4.39
2019/05/04 22:45:00, 24.50, 23.92, 23.73, 18.81, 17.04, 0, 0, 4.39
2019/05/04 22:46:00, 24.50, 23.94, 23.71, 18.87, 17.05, 0, 0, 4.39
2019/05/04 22:47:00, 24.50, 23.91, 23.73, 18.82, 17.09, 0, 0, 4.39
2019/05/04 22:48:00, 24.50, 23.92, 23.69, 18.85, 17.11, 0, 0, 4.39
2019/05/04 22:49:00, 24.50, 23.91, 23.72, 18.87, 17.09, 0, 0, 4.39
2019/05/04 22:50:00, 24.50, 23.90, 23.69, 18.93, 17.12, 0, 0, 4.39
2019/05/04 22:51:00, 24.50, 23.90, 23.71, 18.84, 17.11, 0, 0, 4.39
2019/05/04 22:52:00, 24.50, 23.90, 23.73, 18.87, 17.11, 0, 0, 4.39
2019/05/04 22:53:00, 24.50, 23.91, 23.71, 18.82, 17.08, 0, 0, 4.39
2019/05/04 22:54:00, 24.50, 23.90, 23.69, 18.85, 17.10, 0, 0, 4.39
2019/05/04 22:55:00, 24.50, 23.91, 23.69, 18.85, 17.12, 0, 0, 4.39
2019/05/04 22:56:00, 24.50, 23.90, 23.69, 18.84, 17.10, 0, 0, 4.39
2019/05/04 22:57:00, 24.50, 23.91, 23.69, 18.88, 17.09, 0, 0, 4.39
2019/05/04 22:58:00, 24.50, 23.91, 23.71, 18.88, 17.13, 0, 0, 4.39
2019/05/04 22:59:00, 24.50, 23.91, 23.72, 18.97, 17.17, 0, 0, 4.39
2019/05/04 23:00:00, 24.50, 23.91, 23.72, 18.93, 17.20, 0, 0, 4.39
2019/05/04 23:01:00, 24.50, 23.88, 23.71, 18.90, 17.17, 0, 0, 4.39
2019/05/04 23:02:00, 24.50, 23.87, 23.72, 18.89, 17.15, 0, 0, 4.39
2019/05/04 23:03:00, 24.50, 23.91, 23.68, 18.92, 17.16, 0, 0, 4.39
2019/05/04 23:04:00, 24.50, 23.88, 23.69, 18.92, 17.17, 0, 0, 4.39
2019/05/04 23:05:00, 24.50, 23.90, 23.69, 18.90, 17.14, 0, 0, 4.39
2019/05/04 23:06:00, 24.50, 23.88, 23.69, 18.92, 17.13, 0, 0, 4.39
2019/05/04 23:07:00, 24.50, 23.91, 23.71, 18.90, 17.13, 0, 0, 4.39
2019/05/04 23:08:00, 24.50, 23.88, 23.67, 18.90, 17.11, 0, 0, 4.39
2019/05/04 23:09:00, 24.50, 23.88, 23.67, 18.90, 17.12, 0, 0, 4.39
2019/05/04 23:10:00, 24.50, 23.85, 23.67, 18.88, 17.12, 0, 0, 4.39
2019/05/04 23:11:00, 24.50, 23.83, 23.65, 18.91, 17.13, 0, 0, 4.39
2019/05/04 23:12:00, 24.50, 23.85, 23.67, 18.88, 17.16, 0, 0, 4.39
2019/05/04 23:13:00, 24.50, 23.85, 23.64, 18.90, 17.13, 0, 0, 4.39
2019/05/04 23:14:00, 24.50, 23.84, 23.64, 18.96, 17.17, 0, 0, 4.39
2019/05/04 23:15:00, 24.50, 23.88, 23.66, 18.96, 17.19, 0, 0, 4.39
2019/05/04 23:16:00, 24.50, 23.84, 23.66, 18.90, 17.15, 0, 0, 4.39
2019/05/04 23:17:00, 24.50, 23.85, 23.67, 18.98, 17.15, 0, 0, 4.39
2019/05/04 23:18:00, 24.50, 23.84, 23.67, 18.86, 17.14, 0, 0, 4.39
2019/05/04 23:19:00, 24.50, 23.87, 23.67, 18.93, 17.12, 0, 0, 4.39
2019/05/04 23:20:00, 24.50, 23.85, 23.67, 18.88, 17.15, 0, 0, 4.39
2019/05/04 23:21:00, 24.50, 23.84, 23.63, 18.83, 17.14, 0, 0, 4.39
2019/05/04 23:22:00, 24.50, 23.84, 23.67, 18.82, 17.11, 0, 0, 4.39
2019/05/04 23:23:00, 24.50, 23.83, 23.67, 18.82, 17.11, 0, 0, 4.39
2019/05/04 23:24:00, 24.50, 23.84, 23.63, 18.85, 17.11, 0, 0, 4.39
2019/05/04 23:25:00, 24.50, 23.85, 23.64, 18.90, 17.13, 0, 0, 4.39
2019/05/04 23:26:00, 24.50, 23.81, 23.63, 18.85, 17.11, 0, 0, 4.39
2019/05/04 23:27:00, 24.50, 23.83, 23.63, 18.90, 17.17, 0, 0, 4.39
2019/05/04 23:28:00, 24.50, 23.80, 23.60, 18.91, 17.15, 0, 0, 4.39
2019/05/04 23:29:00, 24.50, 23.81, 23.59, 18.98, 17.20, 0, 0, 4.39
2019/05/04 23:30:00, 24.50, 23.83, 23.65, 18.88, 17.18, 0, 0, 4.39
2019/05/04 23:31:00, 24.50, 23.81, 23.63, 18.93, 17.15, 0, 0, 4.39
2019/05/04 23:32:00, 24.50, 23.83, 23.63, 18.86, 17.12, 0, 0, 4.39
2019/05/04 23:33:00, 24.50, 23.81, 23.62, 18.88, 17.13, 0, 0, 4.39
2019/05/04 23:34:00, 24.50, 23.84, 23.63, 18.93, 17.14, 0, 0, 4.39
2019/05/04 23:35:00, 24.50, 23.85, 23.65, 18.85, 17.17, 0, 0, 4.39
2019/05/04 23:36:00, 24.50, 23.81, 23.66, 18.88, 17.11, 0, 0, 4.39
2019/05/04 23:37:00, 24.50, 23.85, 23.67, 18.86, 17.13, 0, 0, 4.39
2019/05/04 23:38:00, 24.50, 23.85, 23.68, 18.90, 17.11, 0, 0, 4.39
2019/05/04 23:39:00, 24.50, 23.85, 23.65, 18.85, 17.10, 0, 0, 4.39
2019/05/04 23:40:00, 24.50, 23.87, 23.66, 18.90, 17.13, 0, 0, 4.39
2019/05/04 23:41:00, 24.50, 23.85, 23.64, 18.90, 17.12, 0, 0, 4.39
2019/05/04 23:42:00, 24.50, 23.85, 23.64, 18.86, 17.11, 0, 0, 4.39
2019/05/04 23:43:00, 24.50, 23.83, 23.63, 18.85, 17.09, 0, 0, 4.39
2019/05/04 23:44:00, 24.50, 23.80, 23.60, 18.90, 17.14, 0, 0, 4.39
2019/05/04 23:45:00, 24.50, 23.81, 23.61, 18.91, 17.17, 0, 0, 4.39
2019/05/04 23:46:00, 24.50, 23.80, 23.61, 18.91, 17.17, 0, 0, 4.39
2019/05/04 23:47:00, 24.50, 23.80, 23.61, 19.01, 17.18, 0, 0, 4.39
