Data logger for tempereture and humidity.
Code, design, and soldering by Antti Mikkonen, a.mikkonen@iki.fi, 2019.
Based on open source projects and libraries. See source for details.
/home/ami/src/arduino/promini/logger_v8_ada/logger_v8_ada.ino
UTC time (year/month/date hour:minute:second), T RTC (C), T sht31 (C), T si7021 (C), RH sht31 (-), RH si7021 (-), heaterOn sht31 (bool),  heaterOn si7021 (bool), battery voltage (V)
2019/05/29 00:08:00, 23.50, 23.06, 22.85, 36.54, 35.29, 0, 0, 4.28
2019/05/29 00:09:00, 23.50, 23.08, 22.87, 36.55, 35.32, 0, 0, 4.28
2019/05/29 00:10:00, 23.50, 23.08, 22.85, 36.52, 35.28, 0, 0, 4.28
2019/05/29 00:11:00, 23.50, 23.08, 22.88, 36.49, 35.27, 0, 0, 4.28
2019/05/29 00:12:00, 23.50, 23.06, 22.87, 36.47, 35.29, 0, 0, 4.28
2019/05/29 00:13:00, 23.50, 23.08, 22.87, 36.52, 35.27, 0, 0, 4.28
2019/05/29 00:14:00, 23.50, 23.06, 22.88, 36.49, 35.27, 0, 0, 4.28
2019/05/29 00:15:00, 23.50, 23.06, 22.89, 36.53, 35.29, 0, 0, 4.28
2019/05/29 00:16:00, 23.50, 23.09, 22.89, 36.42, 35.24, 0, 0, 4.28
2019/05/29 00:17:00, 23.50, 23.09, 22.87, 36.48, 35.25, 0, 0, 4.28
2019/05/29 00:18:00, 23.50, 23.09, 22.86, 36.48, 35.29, 0, 0, 4.28
2019/05/29 00:19:00, 23.50, 23.08, 22.87, 36.53, 35.32, 0, 0, 4.28
2019/05/29 00:20:00, 23.50, 23.08, 22.86, 36.45, 35.29, 0, 0, 4.28
2019/05/29 00:21:00, 23.50, 23.08, 22.86, 36.50, 35.29, 0, 0, 4.28
2019/05/29 00:22:00, 23.50, 23.05, 22.86, 36.52, 35.29, 0, 0, 4.28
2019/05/29 00:23:00, 23.50, 23.05, 22.87, 36.52, 35.30, 0, 0, 4.28
2019/05/29 00:24:00, 23.50, 23.03, 22.85, 36.58, 35.36, 0, 0, 4.28
2019/05/29 00:25:00, 23.50, 23.06, 22.83, 36.60, 35.35, 0, 0, 4.28
2019/05/29 00:26:00, 23.50, 23.02, 22.85, 36.56, 35.39, 0, 0, 4.28
2019/05/29 00:27:00, 23.50, 23.05, 22.85, 36.60, 35.35, 0, 0, 4.28
2019/05/29 00:28:00, 23.50, 23.05, 22.85, 36.57, 35.38, 0, 0, 4.28
2019/05/29 00:29:00, 23.50, 23.03, 22.83, 36.60, 35.38, 0, 0, 4.28
2019/05/29 00:30:00, 23.50, 23.05, 22.83, 36.61, 35.39, 0, 0, 4.28
2019/05/29 00:31:00, 23.50, 23.06, 22.83, 36.62, 35.41, 0, 0, 4.28
2019/05/29 00:32:00, 23.50, 23.06, 22.87, 36.57, 35.37, 0, 0, 4.28
2019/05/29 00:33:00, 23.50, 23.03, 22.83, 36.62, 35.39, 0, 0, 4.28
2019/05/29 00:34:00, 23.50, 23.05, 22.84, 36.64, 35.41, 0, 0, 4.28
2019/05/29 00:35:00, 23.50, 23.03, 22.84, 36.62, 35.44, 0, 0, 4.28
2019/05/29 00:36:00, 23.50, 23.05, 22.83, 36.64, 35.44, 0, 0, 4.28
2019/05/29 00:37:00, 23.50, 23.03, 22.85, 36.68, 35.41, 0, 0, 4.28
2019/05/29 00:38:00, 23.50, 23.05, 22.85, 36.66, 35.44, 0, 0, 4.28
2019/05/29 00:39:00, 23.50, 23.03, 22.85, 36.69, 35.47, 0, 0, 4.28
2019/05/29 00:40:00, 23.50, 23.05, 22.85, 36.60, 35.43, 0, 0, 4.28
2019/05/29 00:41:00, 23.50, 23.06, 22.86, 36.60, 35.43, 0, 0, 4.28
2019/05/29 00:42:00, 23.50, 23.03, 22.84, 36.61, 35.45, 0, 0, 4.28
2019/05/29 00:43:00, 23.50, 23.06, 22.87, 36.68, 35.44, 0, 0, 4.28
2019/05/29 00:44:00, 23.50, 23.06, 22.85, 36.63, 35.44, 0, 0, 4.28
2019/05/29 00:45:00, 23.50, 23.08, 22.86, 36.57, 35.42, 0, 0, 4.28
2019/05/29 00:46:00, 23.50, 23.06, 22.83, 36.57, 35.43, 0, 0, 4.28
2019/05/29 00:47:00, 23.50, 23.05, 22.85, 36.63, 35.45, 0, 0, 4.28
2019/05/29 00:48:00, 23.50, 23.05, 22.86, 36.66, 35.41, 0, 0, 4.28
2019/05/29 00:49:00, 23.50, 23.03, 22.82, 36.65, 35.42, 0, 0, 4.28
2019/05/29 00:50:00, 23.50, 23.03, 22.83, 36.64, 35.45, 0, 0, 4.28
2019/05/29 00:51:00, 23.50, 23.05, 22.83, 36.66, 35.45, 0, 0, 4.28
2019/05/29 00:52:00, 23.50, 23.02, 22.84, 36.61, 35.47, 0, 0, 4.28
2019/05/29 00:53:00, 23.50, 23.05, 22.84, 36.66, 35.45, 0, 0, 4.28
2019/05/29 00:54:00, 23.50, 23.05, 22.83, 36.60, 35.43, 0, 0, 4.28
2019/05/29 00:55:00, 23.50, 23.03, 22.83, 36.63, 35.44, 0, 0, 4.28
2019/05/29 00:56:00, 23.50, 23.03, 22.80, 36.70, 35.43, 0, 0, 4.28
2019/05/29 00:57:00, 23.50, 23.01, 22.80, 36.66, 35.46, 0, 0, 4.28
2019/05/29 00:58:00, 23.50, 23.03, 22.80, 36.66, 35.48, 0, 0, 4.28
2019/05/29 00:59:00, 23.50, 23.01, 22.79, 36.70, 35.51, 0, 0, 4.28
2019/05/29 01:00:00, 23.50, 22.99, 22.80, 36.68, 35.48, 0, 0, 4.28
2019/05/29 01:01:00, 23.50, 23.02, 22.83, 36.69, 35.46, 0, 0, 4.28
2019/05/29 01:02:00, 23.50, 23.02, 22.80, 36.66, 35.49, 0, 0, 4.28
2019/05/29 01:03:00, 23.50, 23.01, 22.79, 36.69, 35.49, 0, 0, 4.28
2019/05/29 01:04:00, 23.50, 23.02, 22.82, 36.67, 35.48, 0, 0, 4.28
2019/05/29 01:05:00, 23.50, 23.02, 22.79, 36.66, 35.48, 0, 0, 4.28
2019/05/29 01:06:00, 23.50, 23.02, 22.79, 36.65, 35.48, 0, 0, 4.28
2019/05/29 01:07:00, 23.50, 23.02, 22.80, 36.67, 35.45, 0, 0, 4.28
2019/05/29 01:08:00, 23.50, 23.02, 22.82, 36.69, 35.47, 0, 0, 4.28
2019/05/29 01:09:00, 23.50, 23.02, 22.80, 36.65, 35.45, 0, 0, 4.28
2019/05/29 01:10:00, 23.50, 23.01, 22.80, 36.67, 35.50, 0, 0, 4.28
2019/05/29 01:11:00, 23.50, 23.02, 22.79, 36.71, 35.50, 0, 0, 4.28
2019/05/29 01:12:00, 23.50, 23.03, 22.79, 36.70, 35.48, 0, 0, 4.28
2019/05/29 01:13:00, 23.50, 23.01, 22.80, 36.73, 35.49, 0, 0, 4.28
2019/05/29 01:14:00, 23.50, 23.05, 22.80, 36.62, 35.46, 0, 0, 4.28
2019/05/29 01:15:00, 23.50, 23.01, 22.79, 36.66, 35.45, 0, 0, 4.28
2019/05/29 01:16:00, 23.50, 23.02, 22.80, 36.74, 35.50, 0, 0, 4.28
2019/05/29 01:17:00, 23.50, 23.02, 22.80, 36.66, 35.46, 0, 0, 4.28
2019/05/29 01:18:00, 23.50, 23.01, 22.78, 36.71, 35.48, 0, 0, 4.28
2019/05/29 01:19:00, 23.50, 23.03, 22.83, 36.70, 35.50, 0, 0, 4.28
2019/05/29 01:20:00, 23.50, 22.99, 22.80, 36.66, 35.46, 0, 0, 4.28
2019/05/29 01:21:00, 23.50, 23.02, 22.82, 36.66, 35.46, 0, 0, 4.28
2019/05/29 01:22:00, 23.50, 23.01, 22.80, 36.71, 35.49, 0, 0, 4.28
2019/05/29 01:23:00, 23.50, 23.02, 22.79, 36.70, 35.49, 0, 0, 4.28
2019/05/29 01:24:00, 23.50, 23.01, 22.80, 36.70, 35.47, 0, 0, 4.28
2019/05/29 01:25:00, 23.50, 23.05, 22.79, 36.65, 35.48, 0, 0, 4.28
2019/05/29 01:26:00, 23.50, 23.02, 22.83, 36.67, 35.47, 0, 0, 4.28
2019/05/29 01:27:00, 23.50, 23.03, 22.83, 36.67, 35.48, 0, 0, 4.28
2019/05/29 01:28:00, 23.50, 23.01, 22.82, 36.65, 35.45, 0, 0, 4.28
2019/05/29 01:29:00, 23.50, 23.03, 22.80, 36.73, 35.50, 0, 0, 4.28
2019/05/29 01:30:00, 23.50, 23.03, 22.80, 36.70, 35.50, 0, 0, 4.28
2019/05/29 01:31:00, 23.50, 23.03, 22.82, 36.69, 35.48, 0, 0, 4.28
2019/05/29 01:32:00, 23.50, 23.02, 22.79, 36.71, 35.49, 0, 0, 4.28
2019/05/29 01:33:00, 23.50, 22.99, 22.82, 36.75, 35.54, 0, 0, 4.28
2019/05/29 01:34:00, 23.50, 23.01, 22.79, 36.71, 35.52, 0, 0, 4.28
2019/05/29 01:35:00, 23.50, 23.01, 22.80, 36.74, 35.54, 0, 0, 4.28
2019/05/29 01:36:00, 23.50, 23.01, 22.80, 36.75, 35.54, 0, 0, 4.28
2019/05/29 01:37:00, 23.50, 22.99, 22.80, 36.75, 35.56, 0, 0, 4.28
2019/05/29 01:38:00, 23.50, 23.01, 22.79, 36.79, 35.58, 0, 0, 4.28
2019/05/29 01:39:00, 23.50, 22.99, 22.77, 36.80, 35.59, 0, 0, 4.28
2019/05/29 01:40:00, 23.50, 22.99, 22.77, 36.88, 35.62, 0, 0, 4.28
2019/05/29 01:41:00, 23.50, 22.97, 22.80, 36.82, 35.62, 0, 0, 4.28
2019/05/29 01:42:00, 23.50, 22.99, 22.79, 36.83, 35.61, 0, 0, 4.28
2019/05/29 01:43:00, 23.50, 23.01, 22.79, 36.86, 35.61, 0, 0, 4.28
2019/05/29 01:44:00, 23.50, 22.99, 22.77, 36.84, 35.62, 0, 0, 4.28
2019/05/29 01:45:00, 23.50, 22.99, 22.77, 36.85, 35.64, 0, 0, 4.28
2019/05/29 01:46:00, 23.50, 23.02, 22.80, 36.80, 35.61, 0, 0, 4.28
2019/05/29 01:47:00, 23.50, 23.01, 22.77, 36.87, 35.61, 0, 0, 4.28
2019/05/29 01:48:00, 23.50, 22.98, 22.80, 36.89, 35.63, 0, 0, 4.28
2019/05/29 01:49:00, 23.50, 23.02, 22.77, 36.86, 35.62, 0, 0, 4.28
2019/05/29 01:50:00, 23.50, 22.97, 22.78, 36.87, 35.66, 0, 0, 4.28
2019/05/29 01:51:00, 23.50, 22.98, 22.78, 36.84, 35.66, 0, 0, 4.28
2019/05/29 01:52:00, 23.50, 23.01, 22.80, 36.83, 35.62, 0, 0, 4.28
2019/05/29 01:53:00, 23.50, 23.01, 22.77, 36.90, 35.66, 0, 0, 4.28
2019/05/29 01:54:00, 23.50, 22.98, 22.79, 36.84, 35.64, 0, 0, 4.28
2019/05/29 01:55:00, 23.50, 22.99, 22.78, 36.88, 35.66, 0, 0, 4.28
2019/05/29 01:56:00, 23.50, 22.99, 22.78, 36.86, 35.64, 0, 0, 4.28
2019/05/29 01:57:00, 23.50, 22.99, 22.79, 36.85, 35.64, 0, 0, 4.28
2019/05/29 01:58:00, 23.50, 22.98, 22.78, 36.98, 35.67, 0, 0, 4.28
2019/05/29 01:59:00, 23.50, 23.02, 22.78, 36.91, 35.70, 0, 0, 4.28
2019/05/29 02:00:00, 23.50, 22.99, 22.79, 36.98, 35.71, 0, 0, 4.28
2019/05/29 02:01:00, 23.50, 22.99, 22.79, 36.99, 35.75, 0, 0, 4.28
2019/05/29 02:02:00, 23.50, 22.98, 22.75, 36.95, 35.76, 0, 0, 4.28
2019/05/29 02:03:00, 23.50, 22.97, 22.76, 36.92, 35.77, 0, 0, 4.28
2019/05/29 02:04:00, 23.50, 22.97, 22.79, 36.90, 35.71, 0, 0, 4.28
2019/05/29 02:05:00, 23.50, 22.99, 22.78, 36.95, 35.75, 0, 0, 4.28
2019/05/29 02:06:00, 23.50, 22.95, 22.77, 36.99, 35.74, 0, 0, 4.28
2019/05/29 02:07:00, 23.50, 22.99, 22.77, 36.98, 35.76, 0, 0, 4.28
2019/05/29 02:08:00, 23.50, 22.97, 22.77, 36.95, 35.76, 0, 0, 4.28
2019/05/29 02:09:00, 23.50, 22.97, 22.76, 36.99, 35.75, 0, 0, 4.28
2019/05/29 02:10:00, 23.50, 22.99, 22.76, 37.00, 35.78, 0, 0, 4.28
2019/05/29 02:11:00, 23.50, 22.98, 22.75, 36.95, 35.77, 0, 0, 4.28
2019/05/29 02:12:00, 23.50, 22.98, 22.75, 37.00, 35.77, 0, 0, 4.28
2019/05/29 02:13:00, 23.50, 22.97, 22.74, 36.96, 35.78, 0, 0, 4.28
2019/05/29 02:14:00, 23.50, 22.98, 22.76, 36.96, 35.79, 0, 0, 4.28
2019/05/29 02:15:00, 23.50, 22.98, 22.77, 36.99, 35.74, 0, 0, 4.28
2019/05/29 02:16:00, 23.50, 22.98, 22.78, 36.98, 35.74, 0, 0, 4.28
2019/05/29 02:17:00, 23.50, 22.98, 22.78, 36.99, 35.77, 0, 0, 4.28
2019/05/29 02:18:00, 23.50, 23.01, 22.80, 36.95, 35.75, 0, 0, 4.28
2019/05/29 02:19:00, 23.50, 22.98, 22.78, 37.01, 35.77, 0, 0, 4.28
2019/05/29 02:20:00, 23.50, 22.99, 22.78, 36.95, 35.75, 0, 0, 4.28
2019/05/29 02:21:00, 23.50, 22.99, 22.80, 36.98, 35.73, 0, 0, 4.28
2019/05/29 02:22:00, 23.50, 22.99, 22.80, 37.04, 35.78, 0, 0, 4.28
2019/05/29 02:23:00, 23.50, 22.99, 22.77, 37.04, 35.81, 0, 0, 4.28
2019/05/29 02:24:00, 23.50, 22.99, 22.80, 37.03, 35.78, 0, 0, 4.28
2019/05/29 02:25:00, 23.50, 23.01, 22.80, 37.03, 35.78, 0, 0, 4.28
2019/05/29 02:26:00, 23.50, 22.99, 22.78, 37.02, 35.80, 0, 0, 4.28
2019/05/29 02:27:00, 23.50, 22.99, 22.80, 37.03, 35.80, 0, 0, 4.28
2019/05/29 02:28:00, 23.50, 22.97, 22.77, 37.00, 35.81, 0, 0, 4.28
2019/05/29 02:29:00, 23.50, 22.97, 22.76, 37.01, 35.80, 0, 0, 4.28
2019/05/29 02:30:00, 23.50, 22.99, 22.79, 37.01, 35.80, 0, 0, 4.28
2019/05/29 02:31:00, 23.50, 23.01, 22.77, 36.98, 35.78, 0, 0, 4.28
2019/05/29 02:32:00, 23.50, 22.99, 22.80, 37.00, 35.77, 0, 0, 4.28
2019/05/29 02:33:00, 23.50, 23.01, 22.79, 37.02, 35.80, 0, 0, 4.28
2019/05/29 02:34:00, 23.50, 22.99, 22.79, 37.06, 35.82, 0, 0, 4.28
2019/05/29 02:35:00, 23.50, 22.99, 22.80, 37.03, 35.82, 0, 0, 4.28
2019/05/29 02:36:00, 23.50, 22.99, 22.78, 37.07, 35.80, 0, 0, 4.28
2019/05/29 02:37:00, 23.50, 23.02, 22.79, 37.02, 35.77, 0, 0, 4.28
2019/05/29 02:38:00, 23.50, 22.98, 22.77, 37.04, 35.78, 0, 0, 4.28
2019/05/29 02:39:00, 23.50, 22.99, 22.77, 37.07, 35.86, 0, 0, 4.28
2019/05/29 02:40:00, 23.50, 22.99, 22.80, 37.03, 35.85, 0, 0, 4.28
2019/05/29 02:41:00, 23.50, 22.99, 22.79, 37.06, 35.83, 0, 0, 4.28
2019/05/29 02:42:00, 23.50, 23.01, 22.80, 37.01, 35.77, 0, 0, 4.28
2019/05/29 02:43:00, 23.50, 22.99, 22.77, 37.08, 35.87, 0, 0, 4.28
2019/05/29 02:44:00, 23.50, 22.99, 22.76, 37.11, 35.87, 0, 0, 4.28
2019/05/29 02:45:00, 23.50, 23.01, 22.80, 37.05, 35.88, 0, 0, 4.28
2019/05/29 02:46:00, 23.50, 23.02, 22.80, 36.96, 35.80, 0, 0, 4.28
2019/05/29 02:47:00, 23.50, 23.01, 22.80, 37.04, 35.83, 0, 0, 4.28
2019/05/29 02:48:00, 23.50, 23.01, 22.80, 37.09, 35.87, 0, 0, 4.28
2019/05/29 02:49:00, 23.50, 23.01, 22.80, 37.04, 35.86, 0, 0, 4.28
2019/05/29 02:50:00, 23.50, 22.98, 22.80, 37.07, 35.89, 0, 0, 4.28
2019/05/29 02:51:00, 23.50, 22.99, 22.80, 37.14, 35.88, 0, 0, 4.28
2019/05/29 02:52:00, 23.50, 23.01, 22.78, 37.08, 35.87, 0, 0, 4.28
2019/05/29 02:53:00, 23.50, 22.99, 22.78, 37.16, 35.92, 0, 0, 4.28
2019/05/29 02:54:00, 23.50, 23.01, 22.82, 37.08, 35.90, 0, 0, 4.28
2019/05/29 02:55:00, 23.50, 22.99, 22.80, 37.13, 35.90, 0, 0, 4.28
2019/05/29 02:56:00, 23.50, 22.99, 22.78, 37.16, 35.93, 0, 0, 4.28
2019/05/29 02:57:00, 23.50, 22.98, 22.78, 37.19, 35.94, 0, 0, 4.28
2019/05/29 02:58:00, 23.50, 22.99, 22.79, 37.12, 35.95, 0, 0, 4.28
2019/05/29 02:59:00, 23.50, 22.99, 22.75, 37.23, 36.00, 0, 0, 4.28
2019/05/29 03:00:00, 23.50, 22.95, 22.77, 37.29, 36.05, 0, 0, 4.28
2019/05/29 03:01:00, 23.50, 22.99, 22.77, 37.27, 36.07, 0, 0, 4.28
2019/05/29 03:02:00, 23.50, 22.98, 22.79, 37.23, 36.07, 0, 0, 4.28
2019/05/29 03:03:00, 23.50, 23.01, 22.78, 37.20, 36.01, 0, 0, 4.28
2019/05/29 03:04:00, 23.50, 23.02, 22.79, 37.22, 35.99, 0, 0, 4.28
2019/05/29 03:05:00, 23.50, 23.01, 22.82, 37.23, 36.05, 0, 0, 4.28
2019/05/29 03:06:00, 23.50, 23.01, 22.83, 37.22, 36.00, 0, 0, 4.28
2019/05/29 03:07:00, 23.50, 23.01, 22.80, 37.25, 36.00, 0, 0, 4.28
2019/05/29 03:08:00, 23.50, 23.02, 22.82, 37.24, 36.00, 0, 0, 4.28
2019/05/29 03:09:00, 23.50, 23.02, 22.84, 37.21, 36.02, 0, 0, 4.28
2019/05/29 03:10:00, 23.50, 23.03, 22.83, 37.24, 36.01, 0, 0, 4.28
2019/05/29 03:11:00, 23.50, 23.02, 22.83, 37.20, 36.01, 0, 0, 4.28
2019/05/29 03:12:00, 23.50, 22.99, 22.80, 37.26, 36.06, 0, 0, 4.28
2019/05/29 03:13:00, 23.50, 23.02, 22.80, 37.22, 36.04, 0, 0, 4.28
2019/05/29 03:14:00, 23.50, 23.02, 22.80, 37.30, 36.07, 0, 0, 4.28
2019/05/29 03:15:00, 23.50, 23.02, 22.82, 37.30, 36.06, 0, 0, 4.28
2019/05/29 03:16:00, 23.50, 23.03, 22.80, 37.29, 36.07, 0, 0, 4.28
2019/05/29 03:17:00, 23.50, 23.02, 22.83, 37.28, 36.07, 0, 0, 4.28
2019/05/29 03:18:00, 23.50, 23.03, 22.83, 37.21, 36.06, 0, 0, 4.28
2019/05/29 03:19:00, 23.50, 23.02, 22.83, 37.31, 36.09, 0, 0, 4.28
2019/05/29 03:20:00, 23.50, 23.02, 22.83, 37.30, 36.09, 0, 0, 4.28
2019/05/29 03:21:00, 23.50, 23.05, 22.83, 37.34, 36.11, 0, 0, 4.28
2019/05/29 03:22:00, 23.50, 23.03, 22.82, 37.34, 36.12, 0, 0, 4.28
2019/05/29 03:23:00, 23.50, 23.03, 22.83, 37.26, 36.09, 0, 0, 4.28
2019/05/29 03:24:00, 23.50, 23.02, 22.83, 37.31, 36.12, 0, 0, 4.28
2019/05/29 03:25:00, 23.50, 23.02, 22.80, 37.30, 36.09, 0, 0, 4.28
2019/05/29 03:26:00, 23.50, 23.02, 22.83, 37.35, 36.14, 0, 0, 4.28
2019/05/29 03:27:00, 23.50, 23.03, 22.80, 37.31, 36.13, 0, 0, 4.28
2019/05/29 03:28:00, 23.50, 23.01, 22.82, 37.37, 36.16, 0, 0, 4.28
2019/05/29 03:29:00, 23.50, 23.02, 22.82, 37.35, 36.14, 0, 0, 4.28
2019/05/29 03:30:00, 23.50, 23.02, 22.83, 37.39, 36.16, 0, 0, 4.28
2019/05/29 03:31:00, 23.50, 23.02, 22.85, 37.34, 36.13, 0, 0, 4.28
2019/05/29 03:32:00, 23.50, 23.03, 22.82, 37.40, 36.13, 0, 0, 4.28
2019/05/29 03:33:00, 23.50, 23.03, 22.80, 37.34, 36.18, 0, 0, 4.28
2019/05/29 03:34:00, 23.50, 23.02, 22.82, 37.38, 36.19, 0, 0, 4.28
2019/05/29 03:35:00, 23.50, 23.03, 22.83, 37.35, 36.16, 0, 0, 4.28
2019/05/29 03:36:00, 23.50, 23.03, 22.82, 37.35, 36.17, 0, 0, 4.28
2019/05/29 03:37:00, 23.50, 23.02, 22.83, 37.34, 36.16, 0, 0, 4.28
2019/05/29 03:38:00, 23.50, 23.03, 22.83, 37.37, 36.16, 0, 0, 4.28
2019/05/29 03:39:00, 23.50, 23.05, 22.82, 37.36, 36.16, 0, 0, 4.28
2019/05/29 03:40:00, 23.50, 23.05, 22.82, 37.36, 36.14, 0, 0, 4.28
2019/05/29 03:41:00, 23.50, 23.05, 22.84, 37.33, 36.14, 0, 0, 4.28
2019/05/29 03:42:00, 23.50, 23.03, 22.83, 37.36, 36.12, 0, 0, 4.28
2019/05/29 03:43:00, 23.50, 23.05, 22.82, 37.39, 36.16, 0, 0, 4.28
2019/05/29 03:44:00, 23.50, 23.05, 22.83, 37.33, 36.15, 0, 0, 4.28
2019/05/29 03:45:00, 23.50, 23.06, 22.86, 37.37, 36.14, 0, 0, 4.28
2019/05/29 03:46:00, 23.50, 23.03, 22.83, 37.38, 36.15, 0, 0, 4.28
2019/05/29 03:47:00, 23.50, 23.05, 22.83, 37.33, 36.13, 0, 0, 4.28
2019/05/29 03:48:00, 23.50, 23.05, 22.83, 37.34, 36.13, 0, 0, 4.28
2019/05/29 03:49:00, 23.50, 23.05, 22.84, 37.37, 36.12, 0, 0, 4.28
2019/05/29 03:50:00, 23.50, 23.05, 22.84, 37.35, 36.16, 0, 0, 4.28
2019/05/29 03:51:00, 23.50, 23.05, 22.85, 37.41, 36.16, 0, 0, 4.28
2019/05/29 03:52:00, 23.50, 23.05, 22.84, 37.33, 36.13, 0, 0, 4.28
2019/05/29 03:53:00, 23.50, 23.03, 22.85, 37.36, 36.12, 0, 0, 4.28
2019/05/29 03:54:00, 23.50, 23.03, 22.83, 37.38, 36.14, 0, 0, 4.28
2019/05/29 03:55:00, 23.50, 23.06, 22.84, 37.33, 36.14, 0, 0, 4.28
2019/05/29 03:56:00, 23.50, 23.05, 22.83, 37.35, 36.14, 0, 0, 4.28
2019/05/29 03:57:00, 23.50, 23.01, 22.82, 37.35, 36.13, 0, 0, 4.28
2019/05/29 03:58:00, 23.50, 23.03, 22.82, 37.40, 36.19, 0, 0, 4.28
2019/05/29 03:59:00, 23.50, 23.03, 22.80, 37.41, 36.20, 0, 0, 4.28
2019/05/29 04:00:00, 23.50, 23.03, 22.82, 37.39, 36.19, 0, 0, 4.28
2019/05/29 04:01:00, 23.50, 23.02, 22.83, 37.35, 36.17, 0, 0, 4.28
2019/05/29 04:02:00, 23.50, 23.03, 22.84, 37.43, 36.18, 0, 0, 4.28
2019/05/29 04:03:00, 23.50, 23.03, 22.80, 37.46, 36.21, 0, 0, 4.28
2019/05/29 04:04:00, 23.50, 23.01, 22.83, 37.46, 36.22, 0, 0, 4.28
2019/05/29 04:05:00, 23.50, 23.03, 22.80, 37.39, 36.22, 0, 0, 4.28
2019/05/29 04:06:00, 23.50, 23.01, 22.82, 37.46, 36.22, 0, 0, 4.28
2019/05/29 04:07:00, 23.50, 23.02, 22.83, 37.43, 36.22, 0, 0, 4.28
2019/05/29 04:08:00, 23.50, 23.03, 22.83, 37.45, 36.23, 0, 0, 4.28
2019/05/29 04:09:00, 23.50, 23.03, 22.82, 37.48, 36.25, 0, 0, 4.28
2019/05/29 04:10:00, 23.50, 23.01, 22.83, 37.43, 36.23, 0, 0, 4.28
2019/05/29 04:11:00, 23.50, 23.01, 22.83, 37.42, 36.22, 0, 0, 4.28
2019/05/29 04:12:00, 23.50, 23.03, 22.82, 37.39, 36.19, 0, 0, 4.28
2019/05/29 04:13:00, 23.50, 23.01, 22.82, 37.47, 36.25, 0, 0, 4.28
2019/05/29 04:14:00, 23.50, 23.02, 22.80, 37.50, 36.26, 0, 0, 4.28
2019/05/29 04:15:00, 23.50, 23.03, 22.83, 37.47, 36.25, 0, 0, 4.28
2019/05/29 04:16:00, 23.50, 23.01, 22.82, 37.43, 36.24, 0, 0, 4.28
2019/05/29 04:17:00, 23.50, 23.02, 22.80, 37.43, 36.26, 0, 0, 4.28
2019/05/29 04:18:00, 23.50, 22.99, 22.79, 37.54, 36.28, 0, 0, 4.28
2019/05/29 04:19:00, 23.50, 23.02, 22.80, 37.50, 36.28, 0, 0, 4.28
2019/05/29 04:20:00, 23.50, 23.01, 22.78, 37.55, 36.33, 0, 0, 4.28
2019/05/29 04:21:00, 23.50, 23.01, 22.83, 37.46, 36.34, 0, 0, 4.28
2019/05/29 04:22:00, 23.50, 23.02, 22.82, 37.46, 36.28, 0, 0, 4.28
2019/05/29 04:23:00, 23.50, 23.01, 22.80, 37.51, 36.31, 0, 0, 4.28
2019/05/29 04:24:00, 23.50, 23.01, 22.80, 37.52, 36.33, 0, 0, 4.28
2019/05/29 04:25:00, 23.50, 23.02, 22.80, 37.48, 36.31, 0, 0, 4.28
2019/05/29 04:26:00, 23.50, 23.03, 22.84, 37.50, 36.32, 0, 0, 4.28
2019/05/29 04:27:00, 23.50, 23.02, 22.82, 37.59, 36.32, 0, 0, 4.28
2019/05/29 04:28:00, 23.50, 23.02, 22.80, 37.59, 36.33, 0, 0, 4.28
2019/05/29 04:29:00, 23.50, 23.01, 22.80, 37.60, 36.34, 0, 0, 4.28
2019/05/29 04:30:00, 23.50, 23.01, 22.83, 37.57, 36.37, 0, 0, 4.28
2019/05/29 04:31:00, 23.50, 23.02, 22.80, 37.57, 36.36, 0, 0, 4.28
2019/05/29 04:32:00, 23.50, 23.02, 22.83, 37.55, 36.35, 0, 0, 4.28
2019/05/29 04:33:00, 23.50, 23.03, 22.79, 37.55, 36.35, 0, 0, 4.28
2019/05/29 04:34:00, 23.50, 23.02, 22.80, 37.57, 36.35, 0, 0, 4.28
2019/05/29 04:35:00, 23.50, 23.01, 22.82, 37.51, 36.33, 0, 0, 4.28
2019/05/29 04:36:00, 23.50, 23.02, 22.80, 37.60, 36.36, 0, 0, 4.28
2019/05/29 04:37:00, 23.50, 23.01, 22.79, 37.67, 36.39, 0, 0, 4.28
2019/05/29 04:38:00, 23.50, 23.01, 22.82, 37.55, 36.38, 0, 0, 4.28
2019/05/29 04:39:00, 23.50, 22.99, 22.79, 37.55, 36.37, 0, 0, 4.28
2019/05/29 04:40:00, 23.50, 23.01, 22.80, 37.61, 36.40, 0, 0, 4.28
2019/05/29 04:41:00, 23.50, 23.02, 22.80, 37.61, 36.40, 0, 0, 4.28
2019/05/29 04:42:00, 23.50, 23.02, 22.80, 37.59, 36.41, 0, 0, 4.28
2019/05/29 04:43:00, 23.50, 22.99, 22.84, 37.57, 36.38, 0, 0, 4.28
2019/05/29 04:44:00, 23.50, 23.03, 22.83, 37.60, 36.38, 0, 0, 4.28
2019/05/29 04:45:00, 23.50, 23.03, 22.82, 37.60, 36.35, 0, 0, 4.28
2019/05/29 04:46:00, 23.50, 23.02, 22.80, 37.60, 36.38, 0, 0, 4.28
2019/05/29 04:47:00, 23.50, 22.99, 22.80, 37.63, 36.42, 0, 0, 4.28
2019/05/29 04:48:00, 23.50, 22.99, 22.80, 37.64, 36.44, 0, 0, 4.28
2019/05/29 04:49:00, 23.50, 23.01, 22.80, 37.70, 36.44, 0, 0, 4.28
2019/05/29 04:50:00, 23.50, 23.03, 22.85, 37.67, 36.48, 0, 0, 4.28
2019/05/29 04:51:00, 23.50, 23.02, 22.83, 37.62, 36.44, 0, 0, 4.28
2019/05/29 04:52:00, 23.50, 23.02, 22.82, 37.64, 36.44, 0, 0, 4.28
2019/05/29 04:53:00, 23.50, 23.02, 22.83, 37.71, 36.46, 0, 0, 4.28
2019/05/29 04:54:00, 23.50, 23.01, 22.82, 37.66, 36.44, 0, 0, 4.28
2019/05/29 04:55:00, 23.50, 23.05, 22.83, 37.64, 36.47, 0, 0, 4.28
2019/05/29 04:56:00, 23.50, 23.02, 22.79, 37.66, 36.44, 0, 0, 4.28
2019/05/29 04:57:00, 23.50, 23.01, 22.82, 37.68, 36.47, 0, 0, 4.28
2019/05/29 04:58:00, 23.50, 23.02, 22.83, 37.64, 36.42, 0, 0, 4.28
2019/05/29 04:59:00, 23.50, 23.01, 22.83, 37.71, 36.48, 0, 0, 4.28
2019/05/29 05:00:00, 23.50, 23.02, 22.78, 37.71, 36.51, 0, 0, 4.28
2019/05/29 05:01:00, 23.50, 23.01, 22.82, 37.79, 36.54, 0, 0, 4.28
2019/05/29 05:02:00, 23.50, 23.02, 22.80, 37.74, 36.53, 0, 0, 4.28
2019/05/29 05:03:00, 23.50, 23.01, 22.79, 37.76, 36.54, 0, 0, 4.28
2019/05/29 05:04:00, 23.50, 22.98, 22.80, 37.81, 36.57, 0, 0, 4.28
2019/05/29 05:05:00, 23.50, 22.99, 22.78, 37.83, 36.57, 0, 0, 4.28
2019/05/29 05:06:00, 23.50, 22.99, 22.79, 37.88, 36.63, 0, 0, 4.28
2019/05/29 05:07:00, 23.50, 22.99, 22.79, 37.87, 36.63, 0, 0, 4.28
2019/05/29 05:08:00, 23.50, 23.01, 22.80, 37.76, 36.60, 0, 0, 4.28
2019/05/29 05:09:00, 23.50, 23.03, 22.79, 37.78, 36.60, 0, 0, 4.28
2019/05/29 05:10:00, 23.50, 23.02, 22.79, 37.74, 36.59, 0, 0, 4.28
2019/05/29 05:11:00, 23.50, 23.03, 22.82, 37.81, 36.56, 0, 0, 4.28
2019/05/29 05:12:00, 23.50, 23.02, 22.82, 37.74, 36.55, 0, 0, 4.28
2019/05/29 05:13:00, 23.50, 23.02, 22.80, 37.81, 36.59, 0, 0, 4.28
2019/05/29 05:14:00, 23.50, 23.02, 22.85, 37.78, 36.58, 0, 0, 4.28
2019/05/29 05:15:00, 23.50, 23.03, 22.80, 37.78, 36.59, 0, 0, 4.28
2019/05/29 05:16:00, 23.50, 23.02, 22.83, 37.83, 36.61, 0, 0, 4.28
2019/05/29 05:17:00, 23.50, 23.03, 22.82, 37.79, 36.57, 0, 0, 4.28
2019/05/29 05:18:00, 23.50, 23.03, 22.84, 37.81, 36.61, 0, 0, 4.28
2019/05/29 05:19:00, 23.50, 23.03, 22.85, 37.76, 36.52, 0, 0, 4.28
2019/05/29 05:20:00, 23.50, 23.05, 22.85, 37.73, 36.51, 0, 0, 4.28
2019/05/29 05:21:00, 23.50, 23.05, 22.83, 37.83, 36.54, 0, 0, 4.28
2019/05/29 05:22:00, 23.50, 23.03, 22.84, 37.83, 36.57, 0, 0, 4.28
2019/05/29 05:23:00, 23.50, 23.02, 22.85, 37.83, 36.60, 0, 0, 4.28
2019/05/29 05:24:00, 23.50, 23.03, 22.85, 37.74, 36.56, 0, 0, 4.28
2019/05/29 05:25:00, 23.50, 23.05, 22.86, 37.81, 36.57, 0, 0, 4.28
2019/05/29 05:26:00, 23.50, 23.06, 22.85, 37.79, 36.59, 0, 0, 4.28
2019/05/29 05:27:00, 23.50, 23.05, 22.84, 37.83, 36.60, 0, 0, 4.28
2019/05/29 05:28:00, 23.50, 23.06, 22.84, 37.83, 36.59, 0, 0, 4.28
2019/05/29 05:29:00, 23.50, 23.06, 22.83, 37.79, 36.61, 0, 0, 4.28
2019/05/29 05:30:00, 23.50, 23.03, 22.85, 37.77, 36.61, 0, 0, 4.28
2019/05/29 05:31:00, 23.50, 23.03, 22.83, 37.86, 36.63, 0, 0, 4.28
2019/05/29 05:32:00, 23.50, 23.03, 22.80, 37.87, 36.61, 0, 0, 4.28
2019/05/29 05:33:00, 23.50, 23.05, 22.83, 37.87, 36.65, 0, 0, 4.28
2019/05/29 05:34:00, 23.50, 23.05, 22.82, 37.85, 36.67, 0, 0, 4.28
2019/05/29 05:35:00, 23.50, 23.02, 22.80, 37.91, 36.67, 0, 0, 4.28
2019/05/29 05:36:00, 23.50, 23.02, 22.80, 37.94, 36.67, 0, 0, 4.28
2019/05/29 05:37:00, 23.50, 23.01, 22.80, 37.90, 36.69, 0, 0, 4.28
2019/05/29 05:38:00, 23.50, 23.02, 22.80, 37.86, 36.67, 0, 0, 4.28
2019/05/29 05:39:00, 23.50, 23.02, 22.82, 37.97, 36.70, 0, 0, 4.28
2019/05/29 05:40:00, 23.50, 22.99, 22.79, 37.94, 36.73, 0, 0, 4.28
2019/05/29 05:41:00, 23.50, 23.06, 22.86, 37.90, 36.69, 0, 0, 4.28
2019/05/29 05:42:00, 23.50, 23.02, 22.85, 37.87, 36.68, 0, 0, 4.28
2019/05/29 05:43:00, 23.50, 23.05, 22.84, 37.90, 36.67, 0, 0, 4.28
2019/05/29 05:44:00, 23.50, 23.05, 22.83, 37.89, 36.67, 0, 0, 4.28
2019/05/29 05:45:00, 23.50, 23.08, 22.86, 37.86, 36.65, 0, 0, 4.28
2019/05/29 05:46:00, 23.50, 23.03, 22.83, 37.90, 36.64, 0, 0, 4.28
2019/05/29 05:47:00, 23.50, 23.03, 22.80, 37.94, 36.71, 0, 0, 4.28
2019/05/29 05:48:00, 23.50, 23.03, 22.83, 37.94, 36.74, 0, 0, 4.28
2019/05/29 05:49:00, 23.50, 23.03, 22.83, 37.96, 36.72, 0, 0, 4.28
2019/05/29 05:50:00, 23.50, 23.05, 22.83, 37.91, 36.72, 0, 0, 4.28
2019/05/29 05:51:00, 23.50, 23.05, 22.84, 37.85, 36.68, 0, 0, 4.28
2019/05/29 05:52:00, 23.50, 23.03, 22.84, 37.85, 36.66, 0, 0, 4.28
2019/05/29 05:53:00, 23.50, 23.05, 22.83, 37.90, 36.73, 0, 0, 4.28
2019/05/29 05:54:00, 23.50, 23.05, 22.82, 37.99, 36.73, 0, 0, 4.28
2019/05/29 05:55:00, 23.50, 23.05, 22.83, 37.95, 36.75, 0, 0, 4.28
2019/05/29 05:56:00, 23.50, 23.02, 22.84, 37.95, 36.76, 0, 0, 4.28
2019/05/29 05:57:00, 23.50, 23.03, 22.84, 37.90, 36.72, 0, 0, 4.28
2019/05/29 05:58:00, 23.50, 23.05, 22.84, 37.94, 36.73, 0, 0, 4.28
2019/05/29 05:59:00, 23.50, 23.05, 22.83, 37.98, 36.73, 0, 0, 4.28
2019/05/29 06:00:00, 23.50, 23.03, 22.84, 37.99, 36.77, 0, 0, 4.28
2019/05/29 06:01:00, 23.50, 23.03, 22.84, 37.94, 36.77, 0, 0, 4.28
2019/05/29 06:02:00, 23.50, 23.02, 22.82, 37.95, 36.74, 0, 0, 4.28
2019/05/29 06:03:00, 23.50, 23.02, 22.82, 37.99, 36.77, 0, 0, 4.28
2019/05/29 06:04:00, 23.50, 23.03, 22.84, 37.97, 36.78, 0, 0, 4.28
2019/05/29 06:05:00, 23.50, 23.01, 22.82, 38.03, 36.79, 0, 0, 4.28
2019/05/29 06:06:00, 23.50, 23.05, 22.80, 38.01, 36.81, 0, 0, 4.28
2019/05/29 06:07:00, 23.50, 23.02, 22.80, 38.01, 36.81, 0, 0, 4.28
2019/05/29 06:08:00, 23.50, 23.02, 22.80, 38.04, 36.81, 0, 0, 4.28
2019/05/29 06:09:00, 23.50, 23.03, 22.82, 38.08, 36.83, 0, 0, 4.28
2019/05/29 06:10:00, 23.50, 23.01, 22.80, 38.04, 36.82, 0, 0, 4.28
2019/05/29 06:11:00, 23.50, 23.02, 22.82, 38.07, 36.83, 0, 0, 4.28
2019/05/29 06:12:00, 23.50, 23.02, 22.80, 38.07, 36.82, 0, 0, 4.28
2019/05/29 06:13:00, 23.50, 23.01, 22.80, 38.07, 36.83, 0, 0, 4.28
2019/05/29 06:14:00, 23.50, 23.01, 22.82, 37.99, 36.82, 0, 0, 4.28
2019/05/29 06:15:00, 23.50, 23.02, 22.80, 38.08, 36.86, 0, 0, 4.28
2019/05/29 06:16:00, 23.50, 23.05, 22.83, 38.11, 36.86, 0, 0, 4.28
2019/05/29 06:17:00, 23.50, 23.02, 22.82, 38.01, 36.84, 0, 0, 4.28
2019/05/29 06:18:00, 23.50, 23.03, 22.79, 38.06, 36.86, 0, 0, 4.28
2019/05/29 06:19:00, 23.50, 23.02, 22.82, 38.06, 36.83, 0, 0, 4.28
2019/05/29 06:20:00, 23.50, 22.99, 22.82, 38.08, 36.83, 0, 0, 4.28
2019/05/29 06:21:00, 23.50, 23.02, 22.83, 38.10, 36.82, 0, 0, 4.28
2019/05/29 06:22:00, 23.50, 23.02, 22.80, 38.11, 36.87, 0, 0, 4.28
2019/05/29 06:23:00, 23.50, 23.03, 22.82, 38.12, 36.93, 0, 0, 4.28
2019/05/29 06:24:00, 23.50, 23.03, 22.83, 38.07, 36.90, 0, 0, 4.28
2019/05/29 06:25:00, 23.50, 23.01, 22.80, 38.08, 36.87, 0, 0, 4.28
2019/05/29 06:26:00, 23.50, 23.02, 22.83, 38.11, 36.91, 0, 0, 4.28
2019/05/29 06:27:00, 23.50, 23.03, 22.83, 38.06, 36.90, 0, 0, 4.28
2019/05/29 06:28:00, 23.50, 23.01, 22.79, 38.15, 36.89, 0, 0, 4.28
2019/05/29 06:29:00, 23.50, 23.03, 22.80, 38.09, 36.89, 0, 0, 4.28
2019/05/29 06:30:00, 23.50, 23.01, 22.82, 38.16, 36.96, 0, 0, 4.28
2019/05/29 06:31:00, 23.50, 23.02, 22.83, 38.13, 36.94, 0, 0, 4.28
2019/05/29 06:32:00, 23.50, 23.02, 22.82, 38.15, 36.89, 0, 0, 4.28
2019/05/29 06:33:00, 23.50, 23.02, 22.82, 38.14, 36.94, 0, 0, 4.28
2019/05/29 06:34:00, 23.50, 23.05, 22.84, 38.12, 36.93, 0, 0, 4.28
2019/05/29 06:35:00, 23.50, 23.03, 22.84, 38.10, 36.90, 0, 0, 4.28
2019/05/29 06:36:00, 23.50, 23.03, 22.84, 38.05, 36.88, 0, 0, 4.28
2019/05/29 06:37:00, 23.50, 23.03, 22.83, 38.11, 36.89, 0, 0, 4.28
2019/05/29 06:38:00, 23.50, 23.05, 22.83, 38.12, 36.90, 0, 0, 4.28
2019/05/29 06:39:00, 23.50, 23.02, 22.84, 38.15, 36.91, 0, 0, 4.28
2019/05/29 06:40:00, 23.50, 23.06, 22.84, 38.07, 36.90, 0, 0, 4.28
2019/05/29 06:41:00, 23.50, 23.05, 22.84, 38.08, 36.90, 0, 0, 4.28
2019/05/29 06:42:00, 23.50, 23.05, 22.82, 38.15, 36.96, 0, 0, 4.28
2019/05/29 06:43:00, 23.50, 23.05, 22.84, 38.07, 36.87, 0, 0, 4.28
2019/05/29 06:44:00, 23.50, 23.05, 22.83, 38.16, 36.92, 0, 0, 4.28
2019/05/29 06:45:00, 23.50, 23.03, 22.84, 38.13, 36.94, 0, 0, 4.28
2019/05/29 06:46:00, 23.50, 23.03, 22.82, 38.18, 36.91, 0, 0, 4.28
2019/05/29 06:47:00, 23.50, 23.03, 22.84, 38.15, 36.97, 0, 0, 4.28
2019/05/29 06:48:00, 23.50, 23.03, 22.84, 38.13, 36.92, 0, 0, 4.28
2019/05/29 06:49:00, 23.50, 23.01, 22.82, 38.20, 36.98, 0, 0, 4.28
2019/05/29 06:50:00, 23.50, 23.02, 22.83, 38.20, 36.98, 0, 0, 4.28
2019/05/29 06:51:00, 23.50, 23.03, 22.83, 38.22, 36.97, 0, 0, 4.28
2019/05/29 06:52:00, 23.50, 23.01, 22.80, 38.16, 36.96, 0, 0, 4.28
2019/05/29 06:53:00, 23.50, 23.03, 22.83, 38.24, 36.99, 0, 0, 4.28
2019/05/29 06:54:00, 23.50, 23.02, 22.85, 38.11, 36.93, 0, 0, 4.28
2019/05/29 06:55:00, 23.50, 23.02, 22.83, 38.15, 36.91, 0, 0, 4.28
2019/05/29 06:56:00, 23.50, 23.02, 22.83, 38.24, 37.01, 0, 0, 4.28
2019/05/29 06:57:00, 23.50, 23.02, 22.83, 38.12, 36.93, 0, 0, 4.28
2019/05/29 06:58:00, 23.50, 23.03, 22.83, 38.22, 36.99, 0, 0, 4.28
2019/05/29 06:59:00, 23.50, 23.03, 22.83, 38.18, 36.99, 0, 0, 4.28
2019/05/29 07:00:00, 23.50, 23.03, 22.84, 38.18, 36.99, 0, 0, 4.28
2019/05/29 07:01:00, 23.50, 23.02, 22.82, 38.27, 37.01, 0, 0, 4.28
2019/05/29 07:02:00, 23.50, 23.01, 22.83, 38.26, 37.01, 0, 0, 4.28
2019/05/29 07:03:00, 23.50, 23.02, 22.80, 38.17, 36.99, 0, 0, 4.28
2019/05/29 07:04:00, 23.50, 22.99, 22.83, 38.25, 36.99, 0, 0, 4.28
2019/05/29 07:05:00, 23.50, 23.01, 22.82, 38.19, 37.01, 0, 0, 4.28
2019/05/29 07:06:00, 23.50, 23.01, 22.83, 38.29, 36.99, 0, 0, 4.28
2019/05/29 07:07:00, 23.50, 23.01, 22.80, 38.28, 37.04, 0, 0, 4.28
2019/05/29 07:08:00, 23.50, 23.03, 22.82, 38.27, 37.04, 0, 0, 4.28
2019/05/29 07:09:00, 23.50, 23.02, 22.82, 38.27, 37.00, 0, 0, 4.28
2019/05/29 07:10:00, 23.50, 23.01, 22.80, 38.25, 37.06, 0, 0, 4.28
2019/05/29 07:11:00, 23.50, 23.02, 22.83, 38.23, 37.02, 0, 0, 4.28
2019/05/29 07:12:00, 23.50, 23.02, 22.80, 38.27, 37.03, 0, 0, 4.28
2019/05/29 07:13:00, 23.50, 23.02, 22.83, 38.26, 37.05, 0, 0, 4.28
2019/05/29 07:14:00, 23.50, 23.05, 22.85, 38.20, 36.99, 0, 0, 4.28
2019/05/29 07:15:00, 23.50, 23.02, 22.83, 38.16, 36.96, 0, 0, 4.28
2019/05/29 07:16:00, 23.50, 23.05, 22.85, 38.26, 36.99, 0, 0, 4.28
2019/05/29 07:17:00, 23.50, 23.05, 22.86, 38.24, 36.99, 0, 0, 4.28
2019/05/29 07:18:00, 23.50, 23.03, 22.82, 38.23, 37.00, 0, 0, 4.28
2019/05/29 07:19:00, 23.50, 23.06, 22.85, 38.20, 36.99, 0, 0, 4.28
2019/05/29 07:20:00, 23.50, 23.05, 22.85, 38.14, 36.96, 0, 0, 4.28
2019/05/29 07:21:00, 23.50, 23.03, 22.83, 38.24, 37.01, 0, 0, 4.28
2019/05/29 07:22:00, 23.50, 23.05, 22.82, 38.20, 36.99, 0, 0, 4.28
2019/05/29 07:23:00, 23.50, 23.05, 22.84, 38.23, 36.99, 0, 0, 4.28
2019/05/29 07:24:00, 23.50, 23.05, 22.83, 38.30, 37.05, 0, 0, 4.28
2019/05/29 07:25:00, 23.50, 23.08, 22.85, 38.18, 36.97, 0, 0, 4.28
2019/05/29 07:26:00, 23.50, 23.09, 22.88, 38.15, 36.91, 0, 0, 4.28
2019/05/29 07:27:00, 23.50, 23.06, 22.89, 38.14, 36.91, 0, 0, 4.28
2019/05/29 07:28:00, 23.50, 23.06, 22.86, 38.18, 36.96, 0, 0, 4.28
2019/05/29 07:29:00, 23.50, 23.06, 22.85, 38.15, 36.96, 0, 0, 4.28
2019/05/29 07:30:00, 23.50, 23.08, 22.85, 38.27, 36.99, 0, 0, 4.28
2019/05/29 07:31:00, 23.50, 23.05, 22.84, 38.18, 36.99, 0, 0, 4.28
2019/05/29 07:32:00, 23.50, 23.06, 22.86, 38.25, 36.99, 0, 0, 4.28
2019/05/29 07:33:00, 23.50, 23.08, 22.83, 38.22, 36.99, 0, 0, 4.28
2019/05/29 07:34:00, 23.50, 23.03, 22.86, 38.20, 36.97, 0, 0, 4.28
2019/05/29 07:35:00, 23.50, 23.05, 22.83, 38.25, 37.03, 0, 0, 4.28
2019/05/29 07:36:00, 23.50, 23.03, 22.84, 38.27, 37.04, 0, 0, 4.28
2019/05/29 07:37:00, 23.50, 23.05, 22.82, 38.30, 37.08, 0, 0, 4.28
2019/05/29 07:38:00, 23.50, 23.01, 22.84, 38.34, 37.09, 0, 0, 4.28
2019/05/29 07:39:00, 23.50, 23.01, 22.79, 38.39, 37.16, 0, 0, 4.28
2019/05/29 07:40:00, 23.50, 23.02, 22.80, 38.43, 37.20, 0, 0, 4.28
2019/05/29 07:41:00, 23.50, 23.02, 22.83, 38.43, 37.19, 0, 0, 4.28
2019/05/29 07:42:00, 23.50, 23.01, 22.82, 38.45, 37.20, 0, 0, 4.28
2019/05/29 07:43:00, 23.50, 23.03, 22.79, 38.47, 37.23, 0, 0, 4.28
2019/05/29 07:44:00, 23.50, 23.01, 22.80, 38.48, 37.22, 0, 0, 4.28
2019/05/29 07:45:00, 23.50, 22.99, 22.79, 38.52, 37.28, 0, 0, 4.28
2019/05/29 07:46:00, 23.50, 22.99, 22.79, 38.54, 37.29, 0, 0, 4.28
2019/05/29 07:47:00, 23.50, 22.98, 22.77, 38.60, 37.37, 0, 0, 4.28
2019/05/29 07:48:00, 23.50, 22.98, 22.78, 38.50, 37.35, 0, 0, 4.28
2019/05/29 07:49:00, 23.50, 22.99, 22.78, 38.61, 37.35, 0, 0, 4.28
2019/05/29 07:50:00, 23.50, 22.98, 22.80, 38.52, 37.35, 0, 0, 4.28
2019/05/29 07:51:00, 23.50, 22.95, 22.76, 38.69, 37.44, 0, 0, 4.28
2019/05/29 07:52:00, 23.50, 22.97, 22.78, 38.63, 37.39, 0, 0, 4.28
2019/05/29 07:53:00, 23.50, 22.97, 22.77, 38.61, 37.38, 0, 0, 4.28
2019/05/29 07:54:00, 23.50, 22.97, 22.76, 38.70, 37.47, 0, 0, 4.28
2019/05/29 07:55:00, 23.50, 22.97, 22.75, 38.77, 37.51, 0, 0, 4.28
2019/05/29 07:56:00, 23.50, 22.95, 22.76, 38.67, 37.47, 0, 0, 4.28
2019/05/29 07:57:00, 23.50, 22.95, 22.75, 38.66, 37.51, 0, 0, 4.28
2019/05/29 07:58:00, 23.50, 22.97, 22.75, 38.75, 37.53, 0, 0, 4.28
2019/05/29 07:59:00, 23.50, 22.98, 22.77, 38.73, 37.53, 0, 0, 4.28
2019/05/29 08:00:00, 23.50, 22.97, 22.77, 38.71, 37.49, 0, 0, 4.28
2019/05/29 08:01:00, 23.50, 22.95, 22.75, 38.78, 37.51, 0, 0, 4.28
2019/05/29 08:02:00, 23.50, 22.98, 22.76, 38.86, 37.59, 0, 0, 4.28
2019/05/29 08:03:00, 23.50, 22.98, 22.76, 38.86, 37.59, 0, 0, 4.28
2019/05/29 08:04:00, 23.50, 22.97, 22.76, 38.78, 37.54, 0, 0, 4.28
2019/05/29 08:05:00, 23.50, 22.95, 22.76, 38.86, 37.60, 0, 0, 4.28
2019/05/29 08:06:00, 23.50, 22.99, 22.76, 38.84, 37.60, 0, 0, 4.28
2019/05/29 08:07:00, 23.50, 22.97, 22.76, 38.86, 37.60, 0, 0, 4.28
2019/05/29 08:08:00, 23.50, 22.99, 22.78, 38.85, 37.67, 0, 0, 4.28
2019/05/29 08:09:00, 23.50, 22.98, 22.78, 38.81, 37.60, 0, 0, 4.28
2019/05/29 08:10:00, 23.50, 22.99, 22.79, 38.81, 37.59, 0, 0, 4.28
2019/05/29 08:11:00, 23.50, 22.99, 22.78, 38.87, 37.60, 0, 0, 4.28
2019/05/29 08:12:00, 23.50, 22.99, 22.78, 38.87, 37.60, 0, 0, 4.28
2019/05/29 08:13:00, 23.50, 22.98, 22.77, 38.90, 37.61, 0, 0, 4.28
2019/05/29 08:14:00, 23.50, 22.98, 22.78, 38.96, 37.68, 0, 0, 4.28
2019/05/29 08:15:00, 23.50, 22.99, 22.80, 38.90, 37.67, 0, 0, 4.28
2019/05/29 08:16:00, 23.50, 22.99, 22.77, 38.98, 37.76, 0, 0, 4.28
2019/05/29 08:17:00, 23.50, 22.99, 22.78, 39.04, 37.78, 0, 0, 4.28
2019/05/29 08:18:00, 23.50, 22.99, 22.79, 38.92, 37.70, 0, 0, 4.28
2019/05/29 08:19:00, 23.50, 22.98, 22.80, 39.05, 37.76, 0, 0, 4.28
2019/05/29 08:20:00, 23.50, 23.01, 22.80, 39.06, 37.82, 0, 0, 4.28
2019/05/29 08:21:00, 23.50, 23.02, 22.80, 39.07, 37.88, 0, 0, 4.28
2019/05/29 08:22:00, 23.50, 23.05, 22.84, 39.15, 37.89, 0, 0, 4.28
2019/05/29 08:23:00, 23.50, 23.03, 22.84, 39.16, 37.86, 0, 0, 4.28
2019/05/29 08:24:00, 23.50, 23.02, 22.82, 39.12, 37.85, 0, 0, 4.28
2019/05/29 08:25:00, 23.50, 23.02, 22.83, 39.27, 37.96, 0, 0, 4.28
2019/05/29 08:26:00, 23.50, 23.01, 22.80, 39.28, 38.02, 0, 0, 4.28
2019/05/29 08:27:00, 23.50, 23.03, 22.83, 39.35, 38.09, 0, 0, 4.28
2019/05/29 08:28:00, 23.50, 23.05, 22.87, 39.40, 38.12, 0, 0, 4.28
2019/05/29 08:29:00, 23.50, 23.06, 22.88, 39.32, 38.07, 0, 0, 4.28
2019/05/29 08:30:00, 23.50, 23.06, 22.86, 39.38, 38.08, 0, 0, 4.28
2019/05/29 08:31:00, 23.50, 23.09, 22.88, 39.38, 38.12, 0, 0, 4.28
2019/05/29 08:32:00, 23.50, 23.11, 22.92, 39.25, 38.04, 0, 0, 4.28
2019/05/29 08:33:00, 23.50, 23.12, 22.92, 39.38, 38.09, 0, 0, 4.28
2019/05/29 08:34:00, 23.50, 23.12, 22.90, 39.49, 38.17, 0, 0, 4.28
2019/05/29 08:35:00, 23.50, 23.14, 22.91, 39.42, 38.14, 0, 0, 4.28
2019/05/29 08:36:00, 23.50, 23.12, 22.91, 39.56, 38.24, 0, 0, 4.28
2019/05/29 08:37:00, 23.50, 23.09, 22.90, 39.46, 38.24, 0, 0, 4.28
2019/05/29 08:38:00, 23.50, 23.09, 22.91, 39.53, 38.28, 0, 0, 4.28
2019/05/29 08:39:00, 23.50, 23.11, 22.90, 39.52, 38.24, 0, 0, 4.28
2019/05/29 08:40:00, 23.50, 23.12, 22.91, 39.50, 38.20, 0, 0, 4.28
2019/05/29 08:41:00, 23.50, 23.15, 22.93, 39.51, 38.28, 0, 0, 4.28
2019/05/29 08:42:00, 23.50, 23.15, 22.93, 39.55, 38.29, 0, 0, 4.28
2019/05/29 08:43:00, 23.50, 23.15, 22.93, 39.66, 38.35, 0, 0, 4.28
2019/05/29 08:44:00, 23.50, 23.15, 22.93, 39.58, 38.31, 0, 0, 4.28
2019/05/29 08:45:00, 23.50, 23.16, 22.97, 39.64, 38.34, 0, 0, 4.28
2019/05/29 08:46:00, 23.50, 23.16, 22.97, 39.65, 38.36, 0, 0, 4.28
2019/05/29 08:47:00, 23.50, 23.15, 22.94, 39.68, 38.39, 0, 0, 4.28
2019/05/29 08:48:00, 23.50, 23.18, 22.95, 39.64, 38.41, 0, 0, 4.28
2019/05/29 08:49:00, 23.50, 23.18, 22.95, 39.67, 38.44, 0, 0, 4.28
2019/05/29 08:50:00, 23.50, 23.19, 23.00, 39.66, 38.40, 0, 0, 4.28
2019/05/29 08:51:00, 23.50, 23.22, 23.01, 39.70, 38.38, 0, 0, 4.28
2019/05/29 08:52:00, 23.50, 23.22, 22.99, 39.62, 38.40, 0, 0, 4.28
2019/05/29 08:53:00, 23.50, 23.21, 23.00, 39.64, 38.33, 0, 0, 4.28
2019/05/29 08:54:00, 23.50, 23.22, 23.01, 39.67, 38.38, 0, 0, 4.28
2019/05/29 08:55:00, 23.50, 23.19, 23.02, 39.75, 38.44, 0, 0, 4.28
2019/05/29 08:56:00, 23.50, 23.22, 23.01, 39.67, 38.44, 0, 0, 4.28
2019/05/29 08:57:00, 23.50, 23.21, 23.01, 39.80, 38.52, 0, 0, 4.28
2019/05/29 08:58:00, 23.50, 23.21, 22.99, 39.77, 38.53, 0, 0, 4.28
2019/05/29 08:59:00, 23.50, 23.21, 23.00, 39.84, 38.56, 0, 0, 4.28
2019/05/29 09:00:00, 23.50, 23.24, 23.01, 39.87, 38.58, 0, 0, 4.28
2019/05/29 09:01:00, 23.50, 23.21, 22.99, 39.87, 38.57, 0, 0, 4.28
2019/05/29 09:02:00, 23.50, 23.19, 22.98, 39.81, 38.56, 0, 0, 4.28
2019/05/29 09:03:00, 23.50, 23.22, 23.03, 39.85, 38.60, 0, 0, 4.28
2019/05/29 09:04:00, 23.75, 23.25, 23.02, 39.79, 38.48, 0, 0, 4.28
2019/05/29 09:05:00, 23.50, 23.22, 23.03, 39.81, 38.54, 0, 0, 4.28
2019/05/29 09:06:00, 23.75, 23.22, 23.02, 39.89, 38.54, 0, 0, 4.28
2019/05/29 09:07:00, 23.75, 23.24, 23.03, 39.82, 38.54, 0, 0, 4.28
2019/05/29 09:08:00, 23.75, 23.22, 23.04, 39.86, 38.59, 0, 0, 4.28
2019/05/29 09:09:00, 23.50, 23.25, 23.03, 39.89, 38.60, 0, 0, 4.28
2019/05/29 09:10:00, 23.75, 23.26, 23.03, 39.91, 38.63, 0, 0, 4.28
2019/05/29 09:11:00, 23.75, 23.25, 23.05, 39.89, 38.59, 0, 0, 4.28
2019/05/29 09:12:00, 23.75, 23.26, 23.05, 39.88, 38.60, 0, 0, 4.28
2019/05/29 09:13:00, 23.75, 23.28, 23.07, 39.84, 38.57, 0, 0, 4.28
2019/05/29 09:14:00, 23.75, 23.26, 23.07, 39.85, 38.59, 0, 0, 4.28
2019/05/29 09:15:00, 23.75, 23.29, 23.06, 39.84, 38.56, 0, 0, 4.28
2019/05/29 09:16:00, 23.75, 23.29, 23.08, 39.80, 38.58, 0, 0, 4.28
2019/05/29 09:17:00, 23.75, 23.29, 23.07, 39.84, 38.56, 0, 0, 4.28
2019/05/29 09:18:00, 23.75, 23.29, 23.08, 39.90, 38.60, 0, 0, 4.28
2019/05/29 09:19:00, 23.75, 23.30, 23.09, 39.85, 38.60, 0, 0, 4.28
2019/05/29 09:20:00, 23.75, 23.30, 23.09, 39.85, 38.62, 0, 0, 4.28
2019/05/29 09:21:00, 23.75, 23.30, 23.09, 39.90, 38.60, 0, 0, 4.28
2019/05/29 09:22:00, 23.75, 23.32, 23.12, 39.82, 38.59, 0, 0, 4.28
2019/05/29 09:23:00, 23.75, 23.30, 23.12, 39.88, 38.60, 0, 0, 4.28
2019/05/29 09:24:00, 23.75, 23.33, 23.14, 39.86, 38.56, 0, 0, 4.28
2019/05/29 09:25:00, 23.75, 23.33, 23.13, 39.82, 38.56, 0, 0, 4.28
2019/05/29 09:26:00, 23.75, 23.32, 23.13, 39.85, 38.57, 0, 0, 4.28
2019/05/29 09:27:00, 23.75, 23.35, 23.13, 39.80, 38.55, 0, 0, 4.28
2019/05/29 09:28:00, 23.75, 23.32, 23.16, 39.88, 38.58, 0, 0, 4.28
2019/05/29 09:29:00, 23.75, 23.35, 23.12, 39.90, 38.60, 0, 0, 4.28
2019/05/29 09:30:00, 23.75, 23.35, 23.12, 39.86, 38.61, 0, 0, 4.28
2019/05/29 09:31:00, 23.75, 23.35, 23.13, 39.94, 38.67, 0, 0, 4.28
2019/05/29 09:32:00, 23.75, 23.32, 23.13, 39.85, 38.62, 0, 0, 4.28
2019/05/29 09:33:00, 23.75, 23.33, 23.12, 39.90, 38.65, 0, 0, 4.28
2019/05/29 09:34:00, 23.75, 23.35, 23.15, 39.86, 38.63, 0, 0, 4.28
2019/05/29 09:35:00, 23.75, 23.36, 23.14, 39.93, 38.63, 0, 0, 4.28
2019/05/29 09:36:00, 23.75, 23.36, 23.16, 39.91, 38.65, 0, 0, 4.28
2019/05/29 09:37:00, 23.75, 23.36, 23.15, 39.86, 38.63, 0, 0, 4.28
2019/05/29 09:38:00, 23.75, 23.36, 23.16, 39.98, 38.68, 0, 0, 4.28
2019/05/29 09:39:00, 23.75, 23.35, 23.15, 39.94, 38.67, 0, 0, 4.28
2019/05/29 09:40:00, 23.75, 23.36, 23.16, 39.91, 38.63, 0, 0, 4.28
2019/05/29 09:41:00, 23.75, 23.35, 23.15, 39.98, 38.65, 0, 0, 4.28
2019/05/29 09:42:00, 23.75, 23.37, 23.14, 39.95, 38.69, 0, 0, 4.28
2019/05/29 09:43:00, 23.75, 23.36, 23.17, 40.07, 38.76, 0, 0, 4.28
2019/05/29 09:44:00, 23.75, 23.37, 23.18, 40.08, 38.76, 0, 0, 4.28
2019/05/29 09:45:00, 23.75, 23.40, 23.18, 40.05, 38.77, 0, 0, 4.28
2019/05/29 09:46:00, 23.75, 23.40, 23.18, 40.01, 38.72, 0, 0, 4.28
2019/05/29 09:47:00, 23.75, 23.39, 23.22, 40.01, 38.72, 0, 0, 4.28
2019/05/29 09:48:00, 23.75, 23.42, 23.20, 40.00, 38.70, 0, 0, 4.28
2019/05/29 09:49:00, 23.75, 23.43, 23.21, 39.92, 38.70, 0, 0, 4.28
2019/05/29 09:50:00, 23.75, 23.40, 23.20, 40.03, 38.75, 0, 0, 4.28
2019/05/29 09:51:00, 23.75, 23.42, 23.22, 39.99, 38.70, 0, 0, 4.28
2019/05/29 09:52:00, 23.75, 23.42, 23.22, 40.08, 38.73, 0, 0, 4.28
2019/05/29 09:53:00, 23.75, 23.44, 23.23, 39.95, 38.71, 0, 0, 4.28
2019/05/29 09:54:00, 23.75, 23.43, 23.24, 40.08, 38.79, 0, 0, 4.28
2019/05/29 09:55:00, 23.75, 23.43, 23.25, 40.02, 38.77, 0, 0, 4.28
2019/05/29 09:56:00, 23.75, 23.44, 23.25, 40.07, 38.77, 0, 0, 4.28
2019/05/29 09:57:00, 23.75, 23.46, 23.28, 40.09, 38.79, 0, 0, 4.28
2019/05/29 09:58:00, 23.75, 23.49, 23.28, 40.04, 38.77, 0, 0, 4.28
2019/05/29 09:59:00, 23.75, 23.47, 23.28, 40.02, 38.79, 0, 0, 4.28
2019/05/29 10:00:00, 23.75, 23.49, 23.27, 40.15, 38.79, 0, 0, 4.28
2019/05/29 10:01:00, 23.75, 23.49, 23.28, 40.07, 38.83, 0, 0, 4.28
2019/05/29 10:02:00, 23.75, 23.49, 23.29, 40.08, 38.83, 0, 0, 4.28
2019/05/29 10:03:00, 23.75, 23.49, 23.30, 40.13, 38.84, 0, 0, 4.28
2019/05/29 10:04:00, 23.75, 23.53, 23.33, 40.08, 38.81, 0, 0, 4.28
2019/05/29 10:05:00, 23.75, 23.56, 23.35, 40.07, 38.79, 0, 0, 4.28
2019/05/29 10:06:00, 23.75, 23.57, 23.37, 40.04, 38.73, 0, 0, 4.28
2019/05/29 10:07:00, 23.75, 23.57, 23.37, 39.87, 38.63, 0, 0, 4.28
2019/05/29 10:08:00, 23.75, 23.59, 23.35, 40.10, 38.78, 0, 0, 4.28
2019/05/29 10:09:00, 23.75, 23.57, 23.38, 40.11, 38.78, 0, 0, 4.28
2019/05/29 10:10:00, 23.75, 23.57, 23.41, 40.06, 38.76, 0, 0, 4.28
2019/05/29 10:11:00, 23.75, 23.57, 23.37, 40.05, 38.79, 0, 0, 4.28
2019/05/29 10:12:00, 23.75, 23.61, 23.41, 40.07, 38.76, 0, 0, 4.28
2019/05/29 10:13:00, 23.75, 23.60, 23.43, 39.96, 38.71, 0, 0, 4.28
2019/05/29 10:14:00, 23.75, 23.61, 23.42, 40.11, 38.72, 0, 0, 4.28
2019/05/29 10:15:00, 24.00, 23.63, 23.43, 40.17, 38.83, 0, 0, 4.28
2019/05/29 10:16:00, 24.00, 23.64, 23.44, 40.12, 38.85, 0, 0, 4.28
2019/05/29 10:17:00, 24.00, 23.68, 23.47, 40.11, 38.81, 0, 0, 4.28
2019/05/29 10:18:00, 24.00, 23.70, 23.49, 40.03, 38.76, 0, 0, 4.28
2019/05/29 10:19:00, 24.00, 23.67, 23.47, 40.07, 38.74, 0, 0, 4.28
2019/05/29 10:20:00, 24.00, 23.71, 23.51, 40.05, 38.75, 0, 0, 4.28
2019/05/29 10:21:00, 24.00, 23.73, 23.52, 40.05, 38.73, 0, 0, 4.28
2019/05/29 10:22:00, 24.00, 23.74, 23.57, 40.05, 38.74, 0, 0, 4.28
2019/05/29 10:23:00, 24.00, 23.74, 23.57, 40.08, 38.73, 0, 0, 4.28
2019/05/29 10:24:00, 24.00, 23.76, 23.57, 39.96, 38.73, 0, 0, 4.28
2019/05/29 10:25:00, 24.00, 23.77, 23.53, 39.98, 38.73, 0, 0, 4.28
2019/05/29 10:26:00, 24.00, 23.76, 23.56, 40.11, 38.78, 0, 0, 4.28
2019/05/29 10:27:00, 24.00, 23.76, 23.58, 40.05, 38.76, 0, 0, 4.28
2019/05/29 10:28:00, 24.00, 23.77, 23.58, 40.12, 38.78, 0, 0, 4.28
2019/05/29 10:29:00, 24.00, 23.79, 23.59, 40.12, 38.86, 0, 0, 4.28
2019/05/29 10:30:00, 24.00, 23.74, 23.58, 40.17, 38.82, 0, 0, 4.28
2019/05/29 10:31:00, 24.00, 23.80, 23.57, 40.21, 38.88, 0, 0, 4.28
2019/05/29 10:32:00, 24.00, 23.79, 23.60, 40.08, 38.79, 0, 0, 4.28
2019/05/29 10:33:00, 24.00, 23.80, 23.61, 40.08, 38.79, 0, 0, 4.28
2019/05/29 10:34:00, 24.00, 23.81, 23.61, 40.00, 38.76, 0, 0, 4.28
2019/05/29 10:35:00, 24.00, 23.80, 23.60, 40.04, 38.74, 0, 0, 4.28
2019/05/29 10:36:00, 24.00, 23.80, 23.62, 40.09, 38.79, 0, 0, 4.28
2019/05/29 10:37:00, 24.00, 23.79, 23.60, 40.06, 38.79, 0, 0, 4.28
2019/05/29 10:38:00, 24.00, 23.80, 23.61, 40.07, 38.79, 0, 0, 4.28
2019/05/29 10:39:00, 24.00, 23.83, 23.64, 40.04, 38.73, 0, 0, 4.28
2019/05/29 10:40:00, 24.00, 23.81, 23.61, 40.03, 38.73, 0, 0, 4.28
2019/05/29 10:41:00, 24.00, 23.80, 23.62, 39.99, 38.69, 0, 0, 4.28
2019/05/29 10:42:00, 24.00, 23.80, 23.60, 40.07, 38.76, 0, 0, 4.28
2019/05/29 10:43:00, 24.00, 23.79, 23.61, 40.04, 38.74, 0, 0, 4.28
2019/05/29 10:44:00, 24.00, 23.83, 23.63, 39.99, 38.69, 0, 0, 4.28
2019/05/29 10:45:00, 24.00, 23.84, 23.62, 39.98, 38.68, 0, 0, 4.28
2019/05/29 10:46:00, 24.00, 23.85, 23.66, 39.95, 38.69, 0, 0, 4.28
2019/05/29 10:47:00, 24.00, 23.85, 23.67, 39.92, 38.65, 0, 0, 4.28
2019/05/29 10:48:00, 24.00, 23.83, 23.66, 39.83, 38.54, 0, 0, 4.28
2019/05/29 10:49:00, 24.00, 23.85, 23.65, 39.87, 38.55, 0, 0, 4.28
2019/05/29 10:50:00, 24.00, 23.87, 23.71, 39.88, 38.59, 0, 0, 4.28
2019/05/29 10:51:00, 24.00, 23.88, 23.71, 39.83, 38.54, 0, 0, 4.28
2019/05/29 10:52:00, 24.00, 23.90, 23.71, 39.77, 38.50, 0, 0, 4.28
2019/05/29 10:53:00, 24.00, 23.90, 23.69, 39.81, 38.52, 0, 0, 4.28
2019/05/29 10:54:00, 24.00, 23.90, 23.72, 39.83, 38.52, 0, 0, 4.28
2019/05/29 10:55:00, 24.00, 23.90, 23.75, 39.71, 38.50, 0, 0, 4.28
2019/05/29 10:56:00, 24.00, 23.92, 23.74, 39.76, 38.46, 0, 0, 4.28
2019/05/29 10:57:00, 24.00, 23.90, 23.75, 39.71, 38.41, 0, 0, 4.28
2019/05/29 10:58:00, 24.00, 23.94, 23.76, 39.63, 38.38, 0, 0, 4.28
2019/05/29 10:59:00, 24.00, 23.94, 23.76, 39.63, 38.35, 0, 0, 4.28
2019/05/29 11:00:00, 24.00, 23.97, 23.77, 39.62, 38.35, 0, 0, 4.28
2019/05/29 11:01:00, 24.00, 23.97, 23.79, 39.60, 38.33, 0, 0, 4.28
2019/05/29 11:02:00, 24.25, 23.98, 23.79, 39.53, 38.28, 0, 0, 4.28
2019/05/29 11:03:00, 24.25, 23.95, 23.78, 39.62, 38.28, 0, 0, 4.28
2019/05/29 11:04:00, 24.25, 23.95, 23.76, 39.77, 38.42, 0, 0, 4.28
2019/05/29 11:05:00, 24.25, 23.97, 23.80, 39.77, 38.48, 0, 0, 4.28
2019/05/29 11:06:00, 24.25, 23.99, 23.81, 39.71, 38.47, 0, 0, 4.28
2019/05/29 11:07:00, 24.25, 23.99, 23.79, 39.73, 38.44, 0, 0, 4.28
2019/05/29 11:08:00, 24.25, 23.97, 23.80, 39.76, 38.49, 0, 0, 4.28
2019/05/29 11:09:00, 24.25, 23.99, 23.79, 39.68, 38.47, 0, 0, 4.28
2019/05/29 11:10:00, 24.25, 23.99, 23.81, 39.77, 38.45, 0, 0, 4.28
2019/05/29 11:11:00, 24.25, 24.01, 23.81, 39.73, 38.47, 0, 0, 4.28
2019/05/29 11:12:00, 24.25, 24.01, 23.79, 39.68, 38.44, 0, 0, 4.28
2019/05/29 11:13:00, 24.25, 24.01, 23.80, 39.67, 38.42, 0, 0, 4.28
2019/05/29 11:14:00, 24.25, 24.01, 23.79, 39.67, 38.44, 0, 0, 4.28
2019/05/29 11:15:00, 24.25, 24.01, 23.80, 39.69, 38.44, 0, 0, 4.28
2019/05/29 11:16:00, 24.25, 24.01, 23.81, 39.73, 38.47, 0, 0, 4.28
2019/05/29 11:17:00, 24.25, 23.95, 23.79, 39.78, 38.51, 0, 0, 4.28
2019/05/29 11:18:00, 24.25, 23.97, 23.79, 39.81, 38.53, 0, 0, 4.28
2019/05/29 11:19:00, 24.25, 23.98, 23.79, 39.78, 38.50, 0, 0, 4.28
2019/05/29 11:20:00, 24.25, 23.97, 23.79, 39.78, 38.51, 0, 0, 4.28
2019/05/29 11:21:00, 24.25, 23.97, 23.78, 39.70, 38.42, 0, 0, 4.28
2019/05/29 11:22:00, 24.25, 23.98, 23.78, 39.81, 38.50, 0, 0, 4.28
2019/05/29 11:23:00, 24.25, 23.97, 23.77, 39.84, 38.56, 0, 0, 4.28
2019/05/29 11:24:00, 24.25, 23.97, 23.78, 39.81, 38.53, 0, 0, 4.28
2019/05/29 11:25:00, 24.25, 23.99, 23.78, 39.83, 38.54, 0, 0, 4.28
2019/05/29 11:26:00, 24.25, 23.97, 23.79, 39.78, 38.50, 0, 0, 4.28
2019/05/29 11:27:00, 24.25, 23.97, 23.77, 39.83, 38.54, 0, 0, 4.28
2019/05/29 11:28:00, 24.25, 23.97, 23.76, 39.77, 38.50, 0, 0, 4.28
2019/05/29 11:29:00, 24.25, 23.95, 23.80, 39.79, 38.51, 0, 0, 4.28
2019/05/29 11:30:00, 24.25, 23.98, 23.78, 39.78, 38.48, 0, 0, 4.28
2019/05/29 11:31:00, 24.25, 23.97, 23.78, 39.74, 38.50, 0, 0, 4.28
2019/05/29 11:32:00, 24.25, 23.98, 23.78, 39.73, 38.48, 0, 0, 4.28
2019/05/29 11:33:00, 24.25, 23.98, 23.78, 39.64, 38.47, 0, 0, 4.28
2019/05/29 11:34:00, 24.25, 23.99, 23.79, 39.71, 38.44, 0, 0, 4.28
2019/05/29 11:35:00, 24.25, 23.97, 23.78, 39.70, 38.44, 0, 0, 4.28
2019/05/29 11:36:00, 24.25, 23.98, 23.78, 39.66, 38.40, 0, 0, 4.28
2019/05/29 11:37:00, 24.25, 23.98, 23.81, 39.68, 38.41, 0, 0, 4.28
2019/05/29 11:38:00, 24.25, 23.98, 23.80, 39.69, 38.39, 0, 0, 4.28
2019/05/29 11:39:00, 24.25, 23.99, 23.81, 39.64, 38.38, 0, 0, 4.28
2019/05/29 11:40:00, 24.25, 24.01, 23.82, 39.57, 38.38, 0, 0, 4.28
2019/05/29 11:41:00, 24.25, 23.99, 23.78, 39.58, 38.34, 0, 0, 4.28
2019/05/29 11:42:00, 24.25, 23.98, 23.80, 39.58, 38.36, 0, 0, 4.28
2019/05/29 11:43:00, 24.25, 23.99, 23.78, 39.54, 38.34, 0, 0, 4.28
2019/05/29 11:44:00, 24.25, 23.99, 23.78, 39.68, 38.38, 0, 0, 4.28
2019/05/29 11:45:00, 24.25, 23.98, 23.77, 39.64, 38.39, 0, 0, 4.28
2019/05/29 11:46:00, 24.25, 23.98, 23.76, 39.66, 38.38, 0, 0, 4.28
2019/05/29 11:47:00, 24.25, 23.97, 23.78, 39.69, 38.41, 0, 0, 4.28
2019/05/29 11:48:00, 24.25, 23.97, 23.78, 39.62, 38.36, 0, 0, 4.28
2019/05/29 11:49:00, 24.25, 23.98, 23.80, 39.65, 38.39, 0, 0, 4.28
2019/05/29 11:50:00, 24.25, 23.97, 23.79, 39.62, 38.34, 0, 0, 4.28
2019/05/29 11:51:00, 24.25, 23.95, 23.78, 39.61, 38.38, 0, 0, 4.28
2019/05/29 11:52:00, 24.25, 23.95, 23.76, 39.60, 38.35, 0, 0, 4.28
2019/05/29 11:53:00, 24.25, 23.95, 23.79, 39.65, 38.40, 0, 0, 4.28
2019/05/29 11:54:00, 24.25, 23.98, 23.78, 39.61, 38.38, 0, 0, 4.28
2019/05/29 11:55:00, 24.25, 23.98, 23.77, 39.63, 38.37, 0, 0, 4.28
2019/05/29 11:56:00, 24.25, 23.97, 23.79, 39.56, 38.34, 0, 0, 4.28
2019/05/29 11:57:00, 24.25, 23.99, 23.77, 39.50, 38.29, 0, 0, 4.28
2019/05/29 11:58:00, 24.25, 23.98, 23.76, 39.60, 38.31, 0, 0, 4.28
2019/05/29 11:59:00, 24.25, 23.97, 23.75, 39.57, 38.31, 0, 0, 4.28
2019/05/29 12:00:00, 24.25, 23.94, 23.77, 39.59, 38.31, 0, 0, 4.28
2019/05/29 12:01:00, 24.25, 23.95, 23.76, 39.54, 38.30, 0, 0, 4.28
2019/05/29 12:02:00, 24.25, 23.92, 23.76, 39.55, 38.30, 0, 0, 4.28
2019/05/29 12:03:00, 24.25, 23.97, 23.74, 39.54, 38.30, 0, 0, 4.28
2019/05/29 12:04:00, 24.25, 23.97, 23.76, 39.51, 38.28, 0, 0, 4.28
2019/05/29 12:05:00, 24.25, 23.97, 23.76, 39.43, 38.25, 0, 0, 4.28
2019/05/29 12:06:00, 24.25, 23.95, 23.77, 39.49, 38.23, 0, 0, 4.28
2019/05/29 12:07:00, 24.25, 23.97, 23.78, 39.40, 38.21, 0, 0, 4.28
2019/05/29 12:08:00, 24.25, 23.95, 23.76, 39.42, 38.18, 0, 0, 4.28
2019/05/29 12:09:00, 24.25, 23.97, 23.77, 39.45, 38.21, 0, 0, 4.28
2019/05/29 12:10:00, 24.25, 23.95, 23.72, 39.42, 38.21, 0, 0, 4.28
2019/05/29 12:11:00, 24.25, 23.92, 23.74, 39.42, 38.25, 0, 0, 4.28
2019/05/29 12:12:00, 24.25, 23.94, 23.75, 39.47, 38.22, 0, 0, 4.28
2019/05/29 12:13:00, 24.25, 23.94, 23.74, 39.47, 38.26, 0, 0, 4.28
2019/05/29 12:14:00, 24.25, 23.98, 23.75, 39.45, 38.25, 0, 0, 4.28
2019/05/29 12:15:00, 24.25, 23.92, 23.76, 39.39, 38.15, 0, 0, 4.28
2019/05/29 12:16:00, 24.25, 23.95, 23.77, 39.36, 38.14, 0, 0, 4.28
2019/05/29 12:17:00, 24.25, 23.95, 23.76, 39.38, 38.13, 0, 0, 4.28
2019/05/29 12:18:00, 24.25, 23.95, 23.74, 39.30, 38.08, 0, 0, 4.28
2019/05/29 12:19:00, 24.25, 23.90, 23.71, 39.44, 38.15, 0, 0, 4.28
2019/05/29 12:20:00, 24.25, 23.92, 23.71, 39.42, 38.22, 0, 0, 4.28
2019/05/29 12:21:00, 24.25, 23.90, 23.73, 39.43, 38.16, 0, 0, 4.28
2019/05/29 12:22:00, 24.25, 23.91, 23.75, 39.48, 38.21, 0, 0, 4.28
2019/05/29 12:23:00, 24.25, 23.90, 23.74, 39.43, 38.21, 0, 0, 4.28
2019/05/29 12:24:00, 24.25, 23.90, 23.69, 39.42, 38.16, 0, 0, 4.28
2019/05/29 12:25:00, 24.25, 23.90, 23.69, 39.42, 38.15, 0, 0, 4.28
2019/05/29 12:26:00, 24.25, 23.90, 23.72, 39.35, 38.16, 0, 0, 4.28
2019/05/29 12:27:00, 24.25, 23.91, 23.73, 39.38, 38.14, 0, 0, 4.28
2019/05/29 12:28:00, 24.25, 23.90, 23.71, 39.33, 38.07, 0, 0, 4.28
2019/05/29 12:29:00, 24.25, 23.91, 23.73, 39.35, 38.12, 0, 0, 4.28
2019/05/29 12:30:00, 24.25, 23.87, 23.72, 39.28, 38.04, 0, 0, 4.28
2019/05/29 12:31:00, 24.25, 23.88, 23.66, 39.36, 38.11, 0, 0, 4.28
2019/05/29 12:32:00, 24.25, 23.90, 23.72, 39.37, 38.15, 0, 0, 4.28
2019/05/29 12:33:00, 24.25, 23.91, 23.71, 39.41, 38.14, 0, 0, 4.28
2019/05/29 12:34:00, 24.25, 23.90, 23.71, 39.32, 38.08, 0, 0, 4.28
2019/05/29 12:35:00, 24.25, 23.88, 23.71, 39.33, 38.05, 0, 0, 4.28
2019/05/29 12:36:00, 24.25, 23.92, 23.73, 39.31, 38.05, 0, 0, 4.28
2019/05/29 12:37:00, 24.25, 23.91, 23.73, 39.27, 38.02, 0, 0, 4.28
2019/05/29 12:38:00, 24.25, 23.92, 23.72, 39.22, 38.00, 0, 0, 4.28
2019/05/29 12:39:00, 24.25, 23.92, 23.74, 39.23, 37.99, 0, 0, 4.28
2019/05/29 12:40:00, 24.25, 23.92, 23.76, 39.16, 37.97, 0, 0, 4.28
2019/05/29 12:41:00, 24.25, 23.97, 23.76, 39.11, 37.90, 0, 0, 4.28
2019/05/29 12:42:00, 24.25, 23.97, 23.76, 39.13, 37.86, 0, 0, 4.28
2019/05/29 12:43:00, 24.25, 23.94, 23.74, 39.14, 37.89, 0, 0, 4.28
2019/05/29 12:44:00, 24.25, 23.94, 23.76, 39.11, 37.89, 0, 0, 4.28
2019/05/29 12:45:00, 24.25, 23.95, 23.78, 39.14, 37.93, 0, 0, 4.28
2019/05/29 12:46:00, 24.25, 23.97, 23.76, 39.07, 37.85, 0, 0, 4.28
2019/05/29 12:47:00, 24.25, 23.97, 23.79, 39.11, 37.83, 0, 0, 4.28
2019/05/29 12:48:00, 24.25, 23.97, 23.78, 39.06, 37.77, 0, 0, 4.28
2019/05/29 12:49:00, 24.25, 23.95, 23.77, 39.05, 37.77, 0, 0, 4.28
2019/05/29 12:50:00, 24.25, 23.95, 23.77, 38.99, 37.79, 0, 0, 4.28
2019/05/29 12:51:00, 24.25, 23.95, 23.78, 39.01, 37.78, 0, 0, 4.28
2019/05/29 12:52:00, 24.25, 24.01, 23.80, 38.98, 37.72, 0, 0, 4.28
2019/05/29 12:53:00, 24.25, 23.99, 23.81, 38.94, 37.71, 0, 0, 4.28
2019/05/29 12:54:00, 24.25, 23.98, 23.77, 38.94, 37.65, 0, 0, 4.28
2019/05/29 12:55:00, 24.25, 23.98, 23.79, 38.95, 37.72, 0, 0, 4.28
2019/05/29 12:56:00, 24.25, 23.97, 23.79, 38.89, 37.68, 0, 0, 4.28
2019/05/29 12:57:00, 24.25, 24.02, 23.82, 38.81, 37.60, 0, 0, 4.28
2019/05/29 12:58:00, 24.25, 23.99, 23.77, 38.82, 37.58, 0, 0, 4.28
2019/05/29 12:59:00, 24.25, 23.99, 23.78, 38.82, 37.60, 0, 0, 4.28
2019/05/29 13:00:00, 24.25, 23.95, 23.77, 38.81, 37.58, 0, 0, 4.28
2019/05/29 13:01:00, 24.25, 23.99, 23.79, 38.72, 37.54, 0, 0, 4.28
2019/05/29 13:02:00, 24.25, 23.99, 23.77, 38.78, 37.49, 0, 0, 4.28
2019/05/29 13:03:00, 24.25, 23.98, 23.81, 38.77, 37.54, 0, 0, 4.28
2019/05/29 13:04:00, 24.25, 23.99, 23.82, 38.77, 37.51, 0, 0, 4.28
2019/05/29 13:05:00, 24.25, 23.99, 23.81, 38.67, 37.42, 0, 0, 4.28
2019/05/29 13:06:00, 24.25, 23.98, 23.78, 38.65, 37.46, 0, 0, 4.28
2019/05/29 13:07:00, 24.25, 23.98, 23.78, 38.76, 37.52, 0, 0, 4.28
2019/05/29 13:08:00, 24.25, 23.97, 23.79, 38.65, 37.49, 0, 0, 4.28
2019/05/29 13:09:00, 24.25, 23.99, 23.81, 38.68, 37.43, 0, 0, 4.28
2019/05/29 13:10:00, 24.25, 24.01, 23.81, 38.67, 37.44, 0, 0, 4.28
2019/05/29 13:11:00, 24.25, 23.97, 23.81, 38.60, 37.41, 0, 0, 4.28
2019/05/29 13:12:00, 24.25, 23.99, 23.81, 38.57, 37.40, 0, 0, 4.28
2019/05/29 13:13:00, 24.25, 24.01, 23.83, 38.60, 37.40, 0, 0, 4.28
2019/05/29 13:14:00, 24.25, 24.02, 23.81, 38.61, 37.42, 0, 0, 4.28
2019/05/29 13:15:00, 24.25, 23.99, 23.82, 38.62, 37.36, 0, 0, 4.28
2019/05/29 13:16:00, 24.25, 24.01, 23.81, 38.56, 37.34, 0, 0, 4.28
2019/05/29 13:17:00, 24.25, 23.99, 23.81, 38.56, 37.35, 0, 0, 4.28
2019/05/29 13:18:00, 24.25, 24.02, 23.79, 38.49, 37.33, 0, 0, 4.28
2019/05/29 13:19:00, 24.50, 23.99, 23.79, 38.48, 37.31, 0, 0, 4.28
2019/05/29 13:20:00, 24.25, 23.99, 23.80, 38.49, 37.28, 0, 0, 4.28
2019/05/29 13:21:00, 24.25, 23.99, 23.78, 38.49, 37.27, 0, 0, 4.28
2019/05/29 13:22:00, 24.50, 23.99, 23.80, 38.45, 37.25, 0, 0, 4.28
2019/05/29 13:23:00, 24.50, 23.99, 23.78, 38.45, 37.27, 0, 0, 4.28
2019/05/29 13:24:00, 24.25, 23.98, 23.79, 38.46, 37.25, 0, 0, 4.28
2019/05/29 13:25:00, 24.25, 23.98, 23.79, 38.45, 37.24, 0, 0, 4.28
2019/05/29 13:26:00, 24.50, 23.99, 23.77, 38.37, 37.21, 0, 0, 4.28
2019/05/29 13:27:00, 24.50, 24.01, 23.79, 38.40, 37.21, 0, 0, 4.28
2019/05/29 13:28:00, 24.50, 23.97, 23.78, 38.40, 37.19, 0, 0, 4.28
2019/05/29 13:29:00, 24.50, 23.98, 23.78, 38.37, 37.18, 0, 0, 4.28
2019/05/29 13:30:00, 24.50, 23.98, 23.80, 38.29, 37.13, 0, 0, 4.28
2019/05/29 13:31:00, 24.50, 24.01, 23.81, 38.29, 37.12, 0, 0, 4.28
2019/05/29 13:32:00, 24.50, 23.99, 23.79, 38.21, 37.04, 0, 0, 4.28
2019/05/29 13:33:00, 24.50, 23.99, 23.80, 38.27, 37.07, 0, 0, 4.28
2019/05/29 13:34:00, 24.50, 23.99, 23.79, 38.20, 37.06, 0, 0, 4.28
2019/05/29 13:35:00, 24.50, 24.01, 23.80, 38.20, 37.02, 0, 0, 4.28
2019/05/29 13:36:00, 24.50, 23.98, 23.79, 38.25, 37.02, 0, 0, 4.28
2019/05/29 13:37:00, 24.50, 23.99, 23.82, 38.16, 36.98, 0, 0, 4.28
2019/05/29 13:38:00, 24.50, 23.98, 23.81, 38.15, 36.98, 0, 0, 4.28
2019/05/29 13:39:00, 24.50, 24.01, 23.79, 38.09, 36.96, 0, 0, 4.28
2019/05/29 13:40:00, 24.50, 24.01, 23.80, 38.09, 36.94, 0, 0, 4.28
2019/05/29 13:41:00, 24.50, 24.02, 23.82, 38.09, 36.90, 0, 0, 4.28
2019/05/29 13:42:00, 24.50, 24.04, 23.80, 38.12, 36.87, 0, 0, 4.28
2019/05/29 13:43:00, 24.50, 24.04, 23.83, 38.09, 36.86, 0, 0, 4.28
2019/05/29 13:44:00, 24.50, 24.04, 23.81, 37.95, 36.82, 0, 0, 4.28
2019/05/29 13:45:00, 24.50, 24.01, 23.82, 37.96, 36.79, 0, 0, 4.28
2019/05/29 13:46:00, 24.50, 24.02, 23.84, 38.00, 36.78, 0, 0, 4.28
2019/05/29 13:47:00, 24.50, 23.99, 23.80, 37.91, 36.74, 0, 0, 4.28
2019/05/29 13:48:00, 24.50, 24.01, 23.81, 37.91, 36.73, 0, 0, 4.28
2019/05/29 13:49:00, 24.50, 24.01, 23.79, 37.84, 36.70, 0, 0, 4.28
2019/05/29 13:50:00, 24.50, 24.01, 23.82, 37.88, 36.70, 0, 0, 4.28
2019/05/29 13:51:00, 24.50, 23.99, 23.80, 37.86, 36.71, 0, 0, 4.28
2019/05/29 13:52:00, 24.50, 23.98, 23.78, 37.85, 36.70, 0, 0, 4.28
2019/05/29 13:53:00, 24.50, 23.98, 23.76, 37.90, 36.70, 0, 0, 4.28
2019/05/29 13:54:00, 24.50, 23.99, 23.78, 37.86, 36.73, 0, 0, 4.28
2019/05/29 13:55:00, 24.50, 23.98, 23.78, 37.90, 36.71, 0, 0, 4.28
2019/05/29 13:56:00, 24.50, 23.98, 23.77, 37.89, 36.73, 0, 0, 4.28
2019/05/29 13:57:00, 24.50, 23.97, 23.78, 37.89, 36.72, 0, 0, 4.28
2019/05/29 13:58:00, 24.50, 23.98, 23.77, 37.89, 36.68, 0, 0, 4.28
2019/05/29 13:59:00, 24.50, 23.99, 23.79, 37.80, 36.66, 0, 0, 4.28
2019/05/29 14:00:00, 24.50, 23.98, 23.80, 37.82, 36.61, 0, 0, 4.28
2019/05/29 14:01:00, 24.50, 23.97, 23.78, 37.89, 36.65, 0, 0, 4.28
2019/05/29 14:02:00, 24.50, 24.01, 23.79, 37.84, 36.65, 0, 0, 4.28
2019/05/29 14:03:00, 24.50, 23.98, 23.78, 37.87, 36.67, 0, 0, 4.28
2019/05/29 14:04:00, 24.50, 23.95, 23.76, 37.87, 36.69, 0, 0, 4.28
2019/05/29 14:05:00, 24.50, 23.98, 23.76, 37.79, 36.71, 0, 0, 4.28
2019/05/29 14:06:00, 24.50, 23.97, 23.76, 37.86, 36.73, 0, 0, 4.28
2019/05/29 14:07:00, 24.50, 23.97, 23.76, 37.85, 36.73, 0, 0, 4.28
2019/05/29 14:08:00, 24.50, 23.94, 23.75, 37.86, 36.72, 0, 0, 4.28
2019/05/29 14:09:00, 24.50, 23.95, 23.76, 37.87, 36.74, 0, 0, 4.28
2019/05/29 14:10:00, 24.50, 23.94, 23.77, 37.90, 36.75, 0, 0, 4.28
2019/05/29 14:11:00, 24.50, 23.95, 23.77, 37.89, 36.73, 0, 0, 4.28
2019/05/29 14:12:00, 24.50, 23.95, 23.74, 37.88, 36.73, 0, 0, 4.28
2019/05/29 14:13:00, 24.50, 23.94, 23.78, 37.87, 36.70, 0, 0, 4.28
2019/05/29 14:14:00, 24.50, 23.97, 23.76, 37.83, 36.70, 0, 0, 4.28
2019/05/29 14:15:00, 24.50, 23.95, 23.76, 37.79, 36.67, 0, 0, 4.28
2019/05/29 14:16:00, 24.50, 23.97, 23.75, 37.79, 36.65, 0, 0, 4.28
2019/05/29 14:17:00, 24.50, 23.92, 23.77, 37.77, 36.62, 0, 0, 4.28
2019/05/29 14:18:00, 24.50, 23.98, 23.76, 37.73, 36.58, 0, 0, 4.28
2019/05/29 14:19:00, 24.50, 23.97, 23.76, 37.73, 36.55, 0, 0, 4.28
2019/05/29 14:20:00, 24.50, 23.98, 23.77, 37.71, 36.54, 0, 0, 4.28
2019/05/29 14:21:00, 24.50, 24.01, 23.78, 37.73, 36.54, 0, 0, 4.28
2019/05/29 14:22:00, 24.50, 23.97, 23.76, 37.62, 36.48, 0, 0, 4.28
2019/05/29 14:23:00, 24.50, 23.98, 23.79, 37.70, 36.51, 0, 0, 4.28
2019/05/29 14:24:00, 24.50, 23.98, 23.77, 37.73, 36.53, 0, 0, 4.28
2019/05/29 14:25:00, 24.50, 23.99, 23.79, 37.76, 36.57, 0, 0, 4.28
2019/05/29 14:26:00, 24.50, 24.02, 23.81, 37.69, 36.51, 0, 0, 4.28
2019/05/29 14:27:00, 24.50, 24.01, 23.79, 37.66, 36.44, 0, 0, 4.28
2019/05/29 14:28:00, 24.50, 23.98, 23.80, 37.60, 36.44, 0, 0, 4.28
2019/05/29 14:29:00, 24.50, 23.97, 23.79, 37.63, 36.48, 0, 0, 4.28
2019/05/29 14:30:00, 24.50, 23.99, 23.78, 37.65, 36.48, 0, 0, 4.28
2019/05/29 14:31:00, 24.50, 23.97, 23.76, 37.62, 36.49, 0, 0, 4.28
2019/05/29 14:32:00, 24.50, 23.98, 23.76, 37.65, 36.47, 0, 0, 4.28
2019/05/29 14:33:00, 24.50, 23.97, 23.76, 37.65, 36.50, 0, 0, 4.28
2019/05/29 14:34:00, 24.50, 23.98, 23.78, 37.70, 36.53, 0, 0, 4.28
2019/05/29 14:35:00, 24.50, 23.95, 23.77, 37.65, 36.48, 0, 0, 4.28
2019/05/29 14:36:00, 24.50, 23.97, 23.76, 37.69, 36.49, 0, 0, 4.28
2019/05/29 14:37:00, 24.50, 23.95, 23.74, 37.67, 36.48, 0, 0, 4.28
2019/05/29 14:38:00, 24.50, 23.95, 23.74, 37.66, 36.49, 0, 0, 4.28
2019/05/29 14:39:00, 24.50, 23.94, 23.73, 37.68, 36.54, 0, 0, 4.28
2019/05/29 14:40:00, 24.50, 23.95, 23.74, 37.67, 36.51, 0, 0, 4.28
2019/05/29 14:41:00, 24.50, 23.94, 23.75, 37.74, 36.53, 0, 0, 4.28
2019/05/29 14:42:00, 24.50, 23.94, 23.76, 37.76, 36.59, 0, 0, 4.28
2019/05/29 14:43:00, 24.50, 23.95, 23.76, 37.82, 36.58, 0, 0, 4.28
2019/05/29 14:44:00, 24.50, 23.95, 23.76, 37.73, 36.56, 0, 0, 4.28
2019/05/29 14:45:00, 24.50, 23.95, 23.75, 37.75, 36.54, 0, 0, 4.28
2019/05/29 14:46:00, 24.50, 23.94, 23.76, 37.80, 36.60, 0, 0, 4.28
2019/05/29 14:47:00, 24.50, 23.92, 23.74, 37.87, 36.65, 0, 0, 4.28
2019/05/29 14:48:00, 24.50, 23.95, 23.77, 37.87, 36.66, 0, 0, 4.28
2019/05/29 14:49:00, 24.50, 23.95, 23.75, 37.87, 36.69, 0, 0, 4.28
2019/05/29 14:50:00, 24.50, 23.95, 23.76, 37.90, 36.73, 0, 0, 4.28
2019/05/29 14:51:00, 24.50, 23.95, 23.74, 37.97, 36.72, 0, 0, 4.28
2019/05/29 14:52:00, 24.50, 23.97, 23.76, 37.92, 36.73, 0, 0, 4.28
2019/05/29 14:53:00, 24.50, 23.95, 23.76, 37.97, 36.78, 0, 0, 4.28
2019/05/29 14:54:00, 24.50, 23.95, 23.75, 38.00, 36.86, 0, 0, 4.28
2019/05/29 14:55:00, 24.50, 23.94, 23.74, 38.09, 36.93, 0, 0, 4.28
2019/05/29 14:56:00, 24.50, 23.97, 23.74, 38.15, 36.96, 0, 0, 4.28
2019/05/29 14:57:00, 24.50, 23.98, 23.77, 38.21, 37.00, 0, 0, 4.28
2019/05/29 14:58:00, 24.50, 23.95, 23.75, 38.26, 37.04, 0, 0, 4.28
2019/05/29 14:59:00, 24.50, 23.98, 23.76, 38.25, 37.05, 0, 0, 4.28
2019/05/29 15:00:00, 24.50, 23.95, 23.76, 38.30, 37.09, 0, 0, 4.28
2019/05/29 15:01:00, 24.50, 23.95, 23.76, 38.35, 37.12, 0, 0, 4.28
2019/05/29 15:02:00, 24.50, 23.97, 23.76, 38.41, 37.19, 0, 0, 4.28
2019/05/29 15:03:00, 24.50, 23.97, 23.76, 38.39, 37.23, 0, 0, 4.28
2019/05/29 15:04:00, 24.50, 23.94, 23.74, 38.54, 37.27, 0, 0, 4.28
2019/05/29 15:05:00, 24.50, 23.94, 23.75, 38.51, 37.29, 0, 0, 4.28
2019/05/29 15:06:00, 24.50, 23.97, 23.75, 38.50, 37.31, 0, 0, 4.28
2019/05/29 15:07:00, 24.50, 23.94, 23.75, 38.61, 37.35, 0, 0, 4.28
2019/05/29 15:08:00, 24.50, 23.94, 23.77, 38.58, 37.35, 0, 0, 4.28
2019/05/29 15:09:00, 24.50, 23.98, 23.75, 38.59, 37.37, 0, 0, 4.28
2019/05/29 15:10:00, 24.50, 23.95, 23.74, 38.57, 37.41, 0, 0, 4.28
2019/05/29 15:11:00, 24.50, 23.98, 23.74, 38.63, 37.38, 0, 0, 4.28
2019/05/29 15:12:00, 24.50, 23.97, 23.76, 38.60, 37.38, 0, 0, 4.28
2019/05/29 15:13:00, 24.50, 23.94, 23.77, 38.58, 37.40, 0, 0, 4.28
2019/05/29 15:14:00, 24.50, 23.97, 23.75, 38.59, 37.38, 0, 0, 4.28
2019/05/29 15:15:00, 24.50, 23.97, 23.77, 38.60, 37.35, 0, 0, 4.28
2019/05/29 15:16:00, 24.50, 23.95, 23.74, 38.57, 37.32, 0, 0, 4.28
2019/05/29 15:17:00, 24.50, 23.97, 23.74, 38.50, 37.31, 0, 0, 4.28
2019/05/29 15:18:00, 24.50, 23.97, 23.77, 38.47, 37.26, 0, 0, 4.28
2019/05/29 15:19:00, 24.50, 23.98, 23.77, 38.39, 37.24, 0, 0, 4.28
2019/05/29 15:20:00, 24.50, 23.94, 23.77, 38.37, 37.19, 0, 0, 4.28
2019/05/29 15:21:00, 24.50, 23.97, 23.78, 38.33, 37.15, 0, 0, 4.28
2019/05/29 15:22:00, 24.50, 23.94, 23.76, 38.34, 37.12, 0, 0, 4.28
2019/05/29 15:23:00, 24.50, 23.97, 23.78, 38.28, 37.11, 0, 0, 4.28
2019/05/29 15:24:00, 24.50, 23.95, 23.75, 38.18, 37.02, 0, 0, 4.28
2019/05/29 15:25:00, 24.50, 23.97, 23.78, 38.15, 36.98, 0, 0, 4.28
2019/05/29 15:26:00, 24.50, 23.98, 23.77, 38.20, 36.98, 0, 0, 4.28
2019/05/29 15:27:00, 24.50, 23.95, 23.79, 38.21, 37.01, 0, 0, 4.28
2019/05/29 15:28:00, 24.50, 23.95, 23.79, 38.09, 36.93, 0, 0, 4.28
2019/05/29 15:29:00, 24.50, 23.98, 23.77, 38.12, 36.92, 0, 0, 4.28
2019/05/29 15:30:00, 24.50, 23.98, 23.77, 38.08, 36.89, 0, 0, 4.28
2019/05/29 15:31:00, 24.50, 23.99, 23.80, 38.06, 36.85, 0, 0, 4.28
2019/05/29 15:32:00, 24.50, 23.99, 23.77, 37.98, 36.77, 0, 0, 4.28
2019/05/29 15:33:00, 24.50, 23.99, 23.76, 37.92, 36.70, 0, 0, 4.28
2019/05/29 15:34:00, 24.50, 23.95, 23.77, 37.90, 36.70, 0, 0, 4.28
2019/05/29 15:35:00, 24.50, 23.94, 23.75, 37.85, 36.67, 0, 0, 4.28
2019/05/29 15:36:00, 24.50, 23.95, 23.74, 37.86, 36.68, 0, 0, 4.28
2019/05/29 15:37:00, 24.50, 23.95, 23.73, 37.87, 36.67, 0, 0, 4.28
2019/05/29 15:38:00, 24.50, 23.94, 23.74, 37.86, 36.69, 0, 0, 4.28
2019/05/29 15:39:00, 24.50, 23.97, 23.77, 37.74, 36.59, 0, 0, 4.28
2019/05/29 15:40:00, 24.50, 23.92, 23.74, 37.78, 36.57, 0, 0, 4.28
2019/05/29 15:41:00, 24.50, 23.95, 23.76, 37.75, 36.60, 0, 0, 4.28
2019/05/29 15:42:00, 24.50, 23.94, 23.76, 37.61, 36.49, 0, 0, 4.28
2019/05/29 15:43:00, 24.50, 23.94, 23.73, 37.55, 36.44, 0, 0, 4.28
2019/05/29 15:44:00, 24.50, 23.94, 23.76, 37.50, 36.38, 0, 0, 4.28
2019/05/29 15:45:00, 24.50, 23.95, 23.73, 37.43, 36.32, 0, 0, 4.28
2019/05/29 15:46:00, 24.50, 23.95, 23.76, 37.50, 36.32, 0, 0, 4.28
2019/05/29 15:47:00, 24.50, 23.97, 23.74, 37.42, 36.26, 0, 0, 4.28
2019/05/29 15:48:00, 24.50, 23.95, 23.76, 37.26, 36.19, 0, 0, 4.28
2019/05/29 15:49:00, 24.50, 23.95, 23.76, 37.32, 36.12, 0, 0, 4.28
2019/05/29 15:50:00, 24.50, 23.95, 23.76, 37.15, 36.06, 0, 0, 4.28
2019/05/29 15:51:00, 24.50, 23.90, 23.74, 37.15, 35.96, 0, 0, 4.28
2019/05/29 15:52:00, 24.50, 23.94, 23.73, 37.10, 35.96, 0, 0, 4.28
2019/05/29 15:53:00, 24.50, 23.97, 23.74, 37.06, 35.89, 0, 0, 4.28
2019/05/29 15:54:00, 24.50, 23.92, 23.73, 36.94, 35.82, 0, 0, 4.28
2019/05/29 15:55:00, 24.50, 23.92, 23.73, 36.97, 35.80, 0, 0, 4.28
2019/05/29 15:56:00, 24.50, 23.91, 23.73, 36.85, 35.69, 0, 0, 4.28
2019/05/29 15:57:00, 24.50, 23.92, 23.71, 36.87, 35.69, 0, 0, 4.28
2019/05/29 15:58:00, 24.50, 23.92, 23.71, 36.71, 35.58, 0, 0, 4.28
2019/05/29 15:59:00, 24.50, 23.88, 23.69, 36.63, 35.51, 0, 0, 4.28
2019/05/29 16:00:00, 24.50, 23.90, 23.69, 36.60, 35.45, 0, 0, 4.28
2019/05/29 16:01:00, 24.50, 23.91, 23.69, 36.47, 35.40, 0, 0, 4.28
2019/05/29 16:02:00, 24.50, 23.85, 23.68, 36.47, 35.32, 0, 0, 4.28
2019/05/29 16:03:00, 24.50, 23.88, 23.69, 36.45, 35.28, 0, 0, 4.28
2019/05/29 16:04:00, 24.50, 23.90, 23.73, 36.40, 35.24, 0, 0, 4.28
2019/05/29 16:05:00, 24.50, 23.92, 23.73, 36.34, 35.15, 0, 0, 4.28
2019/05/29 16:06:00, 24.50, 23.90, 23.69, 36.30, 35.11, 0, 0, 4.28
2019/05/29 16:07:00, 24.50, 23.90, 23.72, 36.16, 35.06, 0, 0, 4.28
2019/05/29 16:08:00, 24.50, 23.90, 23.67, 36.16, 34.97, 0, 0, 4.28
2019/05/29 16:09:00, 24.50, 23.90, 23.68, 36.17, 34.98, 0, 0, 4.28
2019/05/29 16:10:00, 24.50, 23.91, 23.72, 36.07, 34.95, 0, 0, 4.28
2019/05/29 16:11:00, 24.50, 23.90, 23.69, 35.92, 34.78, 0, 0, 4.28
2019/05/29 16:12:00, 24.50, 23.88, 23.69, 35.88, 34.74, 0, 0, 4.28
2019/05/29 16:13:00, 24.50, 23.90, 23.71, 35.75, 34.65, 0, 0, 4.28
2019/05/29 16:14:00, 24.50, 23.90, 23.71, 35.80, 34.61, 0, 0, 4.28
2019/05/29 16:15:00, 24.50, 23.90, 23.72, 35.59, 34.54, 0, 0, 4.28
2019/05/29 16:16:00, 24.50, 23.91, 23.69, 35.55, 34.45, 0, 0, 4.28
2019/05/29 16:17:00, 24.50, 23.90, 23.69, 35.60, 34.44, 0, 0, 4.28
2019/05/29 16:18:00, 24.50, 23.88, 23.71, 35.41, 34.30, 0, 0, 4.28
2019/05/29 16:19:00, 24.50, 23.91, 23.71, 35.40, 34.26, 0, 0, 4.28
2019/05/29 16:20:00, 24.50, 23.91, 23.69, 35.24, 34.16, 0, 0, 4.28
2019/05/29 16:21:00, 24.50, 23.88, 23.67, 35.25, 34.11, 0, 0, 4.28
2019/05/29 16:22:00, 24.50, 23.88, 23.66, 35.29, 34.10, 0, 0, 4.28
2019/05/29 16:23:00, 24.50, 23.87, 23.66, 35.25, 34.06, 0, 0, 4.28
2019/05/29 16:24:00, 24.50, 23.90, 23.68, 35.05, 33.99, 0, 0, 4.28
2019/05/29 16:25:00, 24.50, 23.90, 23.66, 35.00, 33.87, 0, 0, 4.28
2019/05/29 16:26:00, 24.50, 23.87, 23.65, 34.99, 33.82, 0, 0, 4.28
2019/05/29 16:27:00, 24.50, 23.87, 23.68, 34.98, 33.82, 0, 0, 4.28
2019/05/29 16:28:00, 24.25, 23.87, 23.66, 34.81, 33.64, 0, 0, 4.28
2019/05/29 16:29:00, 24.25, 23.83, 23.64, 34.72, 33.55, 0, 0, 4.28
2019/05/29 16:30:00, 24.25, 23.85, 23.67, 34.72, 33.57, 0, 0, 4.28
2019/05/29 16:31:00, 24.50, 23.83, 23.64, 34.57, 33.39, 0, 0, 4.28
2019/05/29 16:32:00, 24.25, 23.81, 23.60, 34.50, 33.35, 0, 0, 4.28
2019/05/29 16:33:00, 24.25, 23.83, 23.59, 34.42, 33.29, 0, 0, 4.28
2019/05/29 16:34:00, 24.25, 23.83, 23.63, 34.42, 33.27, 0, 0, 4.28
2019/05/29 16:35:00, 24.25, 23.84, 23.63, 34.27, 33.18, 0, 0, 4.28
2019/05/29 16:36:00, 24.25, 23.84, 23.62, 34.25, 33.10, 0, 0, 4.28
2019/05/29 16:37:00, 24.25, 23.83, 23.62, 34.22, 33.07, 0, 0, 4.28
2019/05/29 16:38:00, 24.25, 23.84, 23.64, 34.24, 33.06, 0, 0, 4.28
2019/05/29 16:39:00, 24.25, 23.83, 23.62, 34.08, 32.95, 0, 0, 4.28
2019/05/29 16:40:00, 24.25, 23.81, 23.60, 33.99, 32.87, 0, 0, 4.28
2019/05/29 16:41:00, 24.25, 23.81, 23.61, 33.94, 32.86, 0, 0, 4.28
2019/05/29 16:42:00, 24.25, 23.80, 23.58, 33.90, 32.73, 0, 0, 4.28
2019/05/29 16:43:00, 24.25, 23.79, 23.60, 33.81, 32.70, 0, 0, 4.28
2019/05/29 16:44:00, 24.25, 23.84, 23.63, 33.74, 32.65, 0, 0, 4.28
2019/05/29 16:45:00, 24.25, 23.81, 23.63, 33.57, 32.52, 0, 0, 4.28
2019/05/29 16:46:00, 24.25, 23.80, 23.61, 33.55, 32.41, 0, 0, 4.28
2019/05/29 16:47:00, 24.25, 23.80, 23.57, 33.55, 32.40, 0, 0, 4.28
2019/05/29 16:48:00, 24.25, 23.80, 23.60, 33.55, 32.39, 0, 0, 4.28
2019/05/29 16:49:00, 24.25, 23.80, 23.60, 33.51, 32.36, 0, 0, 4.28
2019/05/29 16:50:00, 24.25, 23.80, 23.62, 33.29, 32.23, 0, 0, 4.28
2019/05/29 16:51:00, 24.25, 23.81, 23.63, 33.35, 32.17, 0, 0, 4.28
2019/05/29 16:52:00, 24.25, 23.83, 23.65, 33.22, 32.07, 0, 0, 4.28
2019/05/29 16:53:00, 24.25, 23.81, 23.61, 33.01, 31.98, 0, 0, 4.28
2019/05/29 16:54:00, 24.25, 23.81, 23.60, 33.13, 31.94, 0, 0, 4.28
2019/05/29 16:55:00, 24.25, 23.77, 23.59, 32.98, 31.89, 0, 0, 4.28
2019/05/29 16:56:00, 24.25, 23.79, 23.58, 32.98, 31.85, 0, 0, 4.28
2019/05/29 16:57:00, 24.25, 23.79, 23.60, 32.93, 31.86, 0, 0, 4.28
2019/05/29 16:58:00, 24.25, 23.80, 23.58, 32.83, 31.68, 0, 0, 4.28
2019/05/29 16:59:00, 24.25, 23.76, 23.57, 32.86, 31.68, 0, 0, 4.28
2019/05/29 17:00:00, 24.25, 23.77, 23.57, 32.79, 31.66, 0, 0, 4.28
2019/05/29 17:01:00, 24.25, 23.76, 23.56, 32.68, 31.59, 0, 0, 4.28
2019/05/29 17:02:00, 24.25, 23.76, 23.57, 32.64, 31.57, 0, 0, 4.28
2019/05/29 17:03:00, 24.25, 23.76, 23.57, 32.59, 31.46, 0, 0, 4.28
2019/05/29 17:04:00, 24.25, 23.73, 23.52, 32.46, 31.43, 0, 0, 4.28
2019/05/29 17:05:00, 24.25, 23.76, 23.56, 32.43, 31.39, 0, 0, 4.28
2019/05/29 17:06:00, 24.25, 23.74, 23.57, 32.40, 31.34, 0, 0, 4.28
2019/05/29 17:07:00, 24.25, 23.76, 23.54, 32.36, 31.30, 0, 0, 4.28
2019/05/29 17:08:00, 24.25, 23.77, 23.52, 32.29, 31.23, 0, 0, 4.28
2019/05/29 17:09:00, 24.25, 23.73, 23.51, 32.18, 31.17, 0, 0, 4.28
2019/05/29 17:10:00, 24.25, 23.74, 23.52, 32.18, 31.13, 0, 0, 4.28
2019/05/29 17:11:00, 24.25, 23.73, 23.53, 32.10, 31.13, 0, 0, 4.28
2019/05/29 17:12:00, 24.25, 23.74, 23.51, 32.20, 31.09, 0, 0, 4.28
2019/05/29 17:13:00, 24.25, 23.73, 23.52, 32.17, 31.07, 0, 0, 4.28
2019/05/29 17:14:00, 24.25, 23.73, 23.54, 32.11, 31.01, 0, 0, 4.28
2019/05/29 17:15:00, 24.25, 23.74, 23.52, 31.96, 30.91, 0, 0, 4.28
2019/05/29 17:16:00, 24.25, 23.74, 23.53, 32.00, 30.93, 0, 0, 4.28
2019/05/29 17:17:00, 24.25, 23.76, 23.53, 31.92, 30.87, 0, 0, 4.28
2019/05/29 17:18:00, 24.25, 23.76, 23.56, 31.86, 30.84, 0, 0, 4.28
2019/05/29 17:19:00, 24.25, 23.77, 23.54, 31.92, 30.81, 0, 0, 4.28
2019/05/29 17:20:00, 24.25, 23.74, 23.53, 31.79, 30.73, 0, 0, 4.28
2019/05/29 17:21:00, 24.25, 23.74, 23.51, 31.80, 30.72, 0, 0, 4.28
2019/05/29 17:22:00, 24.25, 23.74, 23.51, 31.67, 30.67, 0, 0, 4.28
2019/05/29 17:23:00, 24.25, 23.71, 23.54, 31.71, 30.66, 0, 0, 4.28
2019/05/29 17:24:00, 24.25, 23.77, 23.54, 31.65, 30.63, 0, 0, 4.28
2019/05/29 17:25:00, 24.25, 23.76, 23.53, 31.57, 30.55, 0, 0, 4.28
2019/05/29 17:26:00, 24.25, 23.76, 23.56, 31.54, 30.51, 0, 0, 4.28
2019/05/29 17:27:00, 24.25, 23.76, 23.57, 31.51, 30.49, 0, 0, 4.28
2019/05/29 17:28:00, 24.25, 23.76, 23.56, 31.46, 30.39, 0, 0, 4.28
2019/05/29 17:29:00, 24.25, 23.77, 23.56, 31.51, 30.40, 0, 0, 4.28
2019/05/29 17:30:00, 24.25, 23.74, 23.53, 31.38, 30.35, 0, 0, 4.28
2019/05/29 17:31:00, 24.25, 23.76, 23.54, 31.33, 30.29, 0, 0, 4.28
2019/05/29 17:32:00, 24.25, 23.77, 23.56, 31.41, 30.30, 0, 0, 4.28
2019/05/29 17:33:00, 24.25, 23.79, 23.56, 31.32, 30.21, 0, 0, 4.28
2019/05/29 17:34:00, 24.25, 23.76, 23.56, 31.25, 30.20, 0, 0, 4.28
2019/05/29 17:35:00, 24.25, 23.77, 23.56, 31.19, 30.14, 0, 0, 4.28
2019/05/29 17:36:00, 24.25, 23.77, 23.54, 31.20, 30.15, 0, 0, 4.28
2019/05/29 17:37:00, 24.25, 23.76, 23.52, 31.20, 30.16, 0, 0, 4.28
2019/05/29 17:38:00, 24.25, 23.77, 23.54, 31.05, 30.10, 0, 0, 4.28
2019/05/29 17:39:00, 24.25, 23.76, 23.54, 31.16, 30.11, 0, 0, 4.28
2019/05/29 17:40:00, 24.25, 23.74, 23.56, 31.10, 30.07, 0, 0, 4.28
2019/05/29 17:41:00, 24.25, 23.76, 23.58, 31.21, 30.10, 0, 0, 4.28
2019/05/29 17:42:00, 24.25, 23.76, 23.54, 31.02, 30.00, 0, 0, 4.28
2019/05/29 17:43:00, 24.25, 23.77, 23.57, 31.01, 29.99, 0, 0, 4.28
2019/05/29 17:44:00, 24.25, 23.76, 23.57, 31.03, 29.96, 0, 0, 4.28
2019/05/29 17:45:00, 24.25, 23.77, 23.54, 31.02, 29.94, 0, 0, 4.28
2019/05/29 17:46:00, 24.25, 23.79, 23.57, 30.94, 29.90, 0, 0, 4.28
2019/05/29 17:47:00, 24.25, 23.79, 23.60, 30.91, 29.86, 0, 0, 4.28
2019/05/29 17:48:00, 24.25, 23.79, 23.57, 30.81, 29.82, 0, 0, 4.28
2019/05/29 17:49:00, 24.25, 23.79, 23.58, 30.87, 29.82, 0, 0, 4.28
2019/05/29 17:50:00, 24.25, 23.77, 23.58, 30.87, 29.78, 0, 0, 4.28
2019/05/29 17:51:00, 24.25, 23.76, 23.56, 30.82, 29.78, 0, 0, 4.28
2019/05/29 17:52:00, 24.25, 23.79, 23.58, 30.69, 29.74, 0, 0, 4.28
2019/05/29 17:53:00, 24.25, 23.80, 23.60, 30.76, 29.74, 0, 0, 4.28
2019/05/29 17:54:00, 24.25, 23.80, 23.63, 30.75, 29.69, 0, 0, 4.28
2019/05/29 17:55:00, 24.25, 23.80, 23.59, 30.51, 29.58, 0, 0, 4.28
2019/05/29 17:56:00, 24.25, 23.79, 23.58, 30.62, 29.59, 0, 0, 4.28
2019/05/29 17:57:00, 24.25, 23.79, 23.60, 30.69, 29.64, 0, 0, 4.28
2019/05/29 17:58:00, 24.25, 23.80, 23.61, 30.60, 29.59, 0, 0, 4.28
2019/05/29 17:59:00, 24.25, 23.80, 23.60, 30.63, 29.62, 0, 0, 4.28
2019/05/29 18:00:00, 24.25, 23.80, 23.61, 30.63, 29.59, 0, 0, 4.28
2019/05/29 18:01:00, 24.25, 23.84, 23.62, 30.64, 29.59, 0, 0, 4.28
2019/05/29 18:02:00, 24.25, 23.81, 23.63, 30.55, 29.58, 0, 0, 4.28
2019/05/29 18:03:00, 24.25, 23.85, 23.62, 30.58, 29.51, 0, 0, 4.28
2019/05/29 18:04:00, 24.25, 23.80, 23.59, 30.51, 29.49, 0, 0, 4.28
2019/05/29 18:05:00, 24.25, 23.84, 23.61, 30.53, 29.52, 0, 0, 4.28
2019/05/29 18:06:00, 24.25, 23.81, 23.63, 30.43, 29.43, 0, 0, 4.28
2019/05/29 18:07:00, 24.25, 23.80, 23.61, 30.59, 29.52, 0, 0, 4.28
2019/05/29 18:08:00, 24.25, 23.84, 23.63, 30.52, 29.52, 0, 0, 4.28
2019/05/29 18:09:00, 24.25, 23.81, 23.64, 30.53, 29.46, 0, 0, 4.28
2019/05/29 18:10:00, 24.25, 23.83, 23.64, 30.49, 29.48, 0, 0, 4.28
2019/05/29 18:11:00, 24.25, 23.85, 23.65, 30.56, 29.49, 0, 0, 4.28
2019/05/29 18:12:00, 24.25, 23.85, 23.69, 30.56, 29.52, 0, 0, 4.28
2019/05/29 18:13:00, 24.25, 23.90, 23.69, 30.53, 29.46, 0, 0, 4.28
2019/05/29 18:14:00, 24.25, 23.88, 23.67, 30.45, 29.41, 0, 0, 4.28
2019/05/29 18:15:00, 24.25, 23.87, 23.68, 30.51, 29.40, 0, 0, 4.28
2019/05/29 18:16:00, 24.25, 23.90, 23.69, 30.48, 29.43, 0, 0, 4.28
2019/05/29 18:17:00, 24.25, 23.91, 23.69, 30.54, 29.47, 0, 0, 4.28
2019/05/29 18:18:00, 24.25, 23.91, 23.73, 30.50, 29.43, 0, 0, 4.28
2019/05/29 18:19:00, 24.25, 23.90, 23.71, 30.35, 29.36, 0, 0, 4.28
2019/05/29 18:20:00, 24.25, 23.91, 23.72, 30.32, 29.35, 0, 0, 4.28
2019/05/29 18:21:00, 24.25, 23.92, 23.73, 30.38, 29.36, 0, 0, 4.28
2019/05/29 18:22:00, 24.25, 23.92, 23.73, 30.38, 29.35, 0, 0, 4.28
2019/05/29 18:23:00, 24.25, 23.90, 23.73, 30.28, 29.32, 0, 0, 4.28
2019/05/29 18:24:00, 24.25, 23.94, 23.72, 30.39, 29.30, 0, 0, 4.28
2019/05/29 18:25:00, 24.25, 23.94, 23.73, 30.31, 29.30, 0, 0, 4.28
2019/05/29 18:26:00, 24.25, 23.95, 23.73, 30.28, 29.25, 0, 0, 4.28
2019/05/29 18:27:00, 24.25, 23.95, 23.74, 30.34, 29.25, 0, 0, 4.28
2019/05/29 18:28:00, 24.25, 23.92, 23.75, 30.29, 29.26, 0, 0, 4.28
2019/05/29 18:29:00, 24.25, 23.95, 23.78, 30.24, 29.24, 0, 0, 4.28
2019/05/29 18:30:00, 24.25, 23.95, 23.73, 30.18, 29.20, 0, 0, 4.28
2019/05/29 18:31:00, 24.25, 23.92, 23.75, 30.22, 29.20, 0, 0, 4.28
2019/05/29 18:32:00, 24.25, 23.91, 23.76, 30.13, 29.16, 0, 0, 4.28
2019/05/29 18:33:00, 24.25, 23.95, 23.72, 30.16, 29.14, 0, 0, 4.28
2019/05/29 18:34:00, 24.25, 23.92, 23.73, 30.14, 29.11, 0, 0, 4.28
2019/05/29 18:35:00, 24.25, 23.94, 23.72, 30.20, 29.13, 0, 0, 4.28
2019/05/29 18:36:00, 24.25, 23.94, 23.72, 30.16, 29.15, 0, 0, 4.28
2019/05/29 18:37:00, 24.25, 23.92, 23.73, 30.19, 29.13, 0, 0, 4.28
2019/05/29 18:38:00, 24.25, 23.97, 23.73, 30.12, 29.13, 0, 0, 4.28
2019/05/29 18:39:00, 24.25, 23.92, 23.76, 30.16, 29.09, 0, 0, 4.28
2019/05/29 18:40:00, 24.25, 23.94, 23.76, 30.06, 29.03, 0, 0, 4.28
2019/05/29 18:41:00, 24.25, 23.97, 23.77, 30.08, 29.01, 0, 0, 4.28
2019/05/29 18:42:00, 24.25, 23.95, 23.77, 30.00, 29.01, 0, 0, 4.28
2019/05/29 18:43:00, 24.25, 23.98, 23.77, 30.09, 29.03, 0, 0, 4.28
2019/05/29 18:44:00, 24.25, 23.98, 23.75, 29.97, 29.00, 0, 0, 4.28
2019/05/29 18:45:00, 24.25, 23.99, 23.77, 29.91, 28.99, 0, 0, 4.28
2019/05/29 18:46:00, 24.25, 23.97, 23.78, 29.88, 28.91, 0, 0, 4.28
2019/05/29 18:47:00, 24.25, 23.97, 23.78, 29.91, 28.88, 0, 0, 4.28
2019/05/29 18:48:00, 24.25, 23.99, 23.79, 29.94, 28.91, 0, 0, 4.28
2019/05/29 18:49:00, 24.25, 23.99, 23.78, 29.84, 28.88, 0, 0, 4.28
2019/05/29 18:50:00, 24.25, 23.98, 23.78, 29.84, 28.82, 0, 0, 4.28
2019/05/29 18:51:00, 24.25, 23.97, 23.78, 29.87, 28.85, 0, 0, 4.28
2019/05/29 18:52:00, 24.25, 23.98, 23.78, 29.75, 28.78, 0, 0, 4.28
2019/05/29 18:53:00, 24.25, 23.98, 23.79, 29.74, 28.75, 0, 0, 4.28
2019/05/29 18:54:00, 24.25, 23.98, 23.79, 29.72, 28.72, 0, 0, 4.28
2019/05/29 18:55:00, 24.25, 23.98, 23.78, 29.68, 28.69, 0, 0, 4.28
2019/05/29 18:56:00, 24.25, 23.99, 23.81, 29.66, 28.69, 0, 0, 4.28
2019/05/29 18:57:00, 24.25, 24.02, 23.82, 29.61, 28.66, 0, 0, 4.28
2019/05/29 18:58:00, 24.25, 24.01, 23.80, 29.59, 28.58, 0, 0, 4.28
2019/05/29 18:59:00, 24.25, 23.98, 23.78, 29.66, 28.61, 0, 0, 4.28
2019/05/29 19:00:00, 24.25, 23.97, 23.81, 29.61, 28.58, 0, 0, 4.28
2019/05/29 19:01:00, 24.25, 23.98, 23.78, 29.52, 28.51, 0, 0, 4.28
2019/05/29 19:02:00, 24.25, 23.99, 23.80, 29.51, 28.50, 0, 0, 4.28
2019/05/29 19:03:00, 24.25, 24.01, 23.79, 29.53, 28.46, 0, 0, 4.28
2019/05/29 19:04:00, 24.25, 23.98, 23.77, 29.53, 28.46, 0, 0, 4.28
2019/05/29 19:05:00, 24.25, 23.98, 23.78, 29.43, 28.43, 0, 0, 4.28
2019/05/29 19:06:00, 24.25, 23.99, 23.81, 29.39, 28.42, 0, 0, 4.28
2019/05/29 19:07:00, 24.25, 23.99, 23.81, 29.37, 28.38, 0, 0, 4.28
2019/05/29 19:08:00, 24.25, 23.98, 23.78, 29.36, 28.36, 0, 0, 4.28
2019/05/29 19:09:00, 24.25, 23.99, 23.78, 29.41, 28.37, 0, 0, 4.28
2019/05/29 19:10:00, 24.25, 23.97, 23.76, 29.36, 28.36, 0, 0, 4.28
2019/05/29 19:11:00, 24.25, 23.97, 23.77, 29.31, 28.31, 0, 0, 4.28
2019/05/29 19:12:00, 24.25, 23.98, 23.77, 29.31, 28.29, 0, 0, 4.28
2019/05/29 19:13:00, 24.25, 23.97, 23.78, 29.31, 28.26, 0, 0, 4.28
2019/05/29 19:14:00, 24.25, 23.97, 23.74, 29.29, 28.26, 0, 0, 4.28
2019/05/29 19:15:00, 24.25, 23.94, 23.75, 29.27, 28.24, 0, 0, 4.28
2019/05/29 19:16:00, 24.25, 23.94, 23.74, 29.28, 28.24, 0, 0, 4.28
2019/05/29 19:17:00, 24.25, 23.94, 23.73, 29.23, 28.24, 0, 0, 4.28
2019/05/29 19:18:00, 24.25, 23.94, 23.74, 29.28, 28.24, 0, 0, 4.28
2019/05/29 19:19:00, 24.25, 23.92, 23.74, 29.26, 28.20, 0, 0, 4.28
2019/05/29 19:20:00, 24.25, 23.94, 23.73, 29.16, 28.18, 0, 0, 4.28
2019/05/29 19:21:00, 24.25, 23.95, 23.76, 29.13, 28.19, 0, 0, 4.28
2019/05/29 19:22:00, 24.25, 23.97, 23.76, 29.18, 28.17, 0, 0, 4.28
2019/05/29 19:23:00, 24.25, 23.94, 23.77, 29.09, 28.11, 0, 0, 4.28
2019/05/29 19:24:00, 24.25, 23.92, 23.77, 29.06, 28.09, 0, 0, 4.28
2019/05/29 19:25:00, 24.25, 23.94, 23.75, 29.10, 28.09, 0, 0, 4.28
2019/05/29 19:26:00, 24.25, 23.94, 23.76, 29.15, 28.14, 0, 0, 4.28
2019/05/29 19:27:00, 24.25, 23.95, 23.74, 29.07, 28.04, 0, 0, 4.28
2019/05/29 19:28:00, 24.25, 23.91, 23.74, 29.10, 28.05, 0, 0, 4.28
2019/05/29 19:29:00, 24.25, 23.94, 23.76, 29.07, 28.03, 0, 0, 4.28
2019/05/29 19:30:00, 24.25, 23.95, 23.75, 29.00, 27.98, 0, 0, 4.28
2019/05/29 19:31:00, 24.25, 23.91, 23.75, 28.93, 27.95, 0, 0, 4.28
2019/05/29 19:32:00, 24.25, 23.92, 23.74, 28.94, 27.92, 0, 0, 4.28
2019/05/29 19:33:00, 24.25, 23.94, 23.73, 28.90, 27.90, 0, 0, 4.28
2019/05/29 19:34:00, 24.25, 23.92, 23.76, 28.90, 27.93, 0, 0, 4.28
2019/05/29 19:35:00, 24.25, 23.94, 23.73, 28.93, 27.87, 0, 0, 4.28
2019/05/29 19:36:00, 24.25, 23.92, 23.73, 28.85, 27.87, 0, 0, 4.28
2019/05/29 19:37:00, 24.25, 23.94, 23.72, 28.84, 27.88, 0, 0, 4.28
2019/05/29 19:38:00, 24.25, 23.92, 23.72, 28.82, 27.83, 0, 0, 4.28
2019/05/29 19:39:00, 24.25, 23.94, 23.74, 28.84, 27.81, 0, 0, 4.28
2019/05/29 19:40:00, 24.25, 23.94, 23.74, 28.78, 27.79, 0, 0, 4.28
2019/05/29 19:41:00, 24.25, 23.95, 23.75, 28.83, 27.76, 0, 0, 4.28
2019/05/29 19:42:00, 24.25, 23.94, 23.75, 28.69, 27.73, 0, 0, 4.28
2019/05/29 19:43:00, 24.25, 23.92, 23.75, 28.67, 27.69, 0, 0, 4.28
2019/05/29 19:44:00, 24.25, 23.92, 23.73, 28.68, 27.67, 0, 0, 4.28
2019/05/29 19:45:00, 24.25, 23.92, 23.72, 28.63, 27.67, 0, 0, 4.28
2019/05/29 19:46:00, 24.25, 23.91, 23.69, 28.63, 27.63, 0, 0, 4.28
2019/05/29 19:47:00, 24.25, 23.95, 23.69, 28.69, 27.65, 0, 0, 4.28
2019/05/29 19:48:00, 24.25, 23.94, 23.73, 28.66, 27.63, 0, 0, 4.28
2019/05/29 19:49:00, 24.25, 23.92, 23.72, 28.59, 27.59, 0, 0, 4.28
2019/05/29 19:50:00, 24.25, 23.91, 23.72, 28.58, 27.58, 0, 0, 4.28
2019/05/29 19:51:00, 24.25, 23.91, 23.71, 28.62, 27.60, 0, 0, 4.28
2019/05/29 19:52:00, 24.25, 23.91, 23.72, 28.59, 27.59, 0, 0, 4.28
2019/05/29 19:53:00, 24.25, 23.91, 23.71, 28.53, 27.59, 0, 0, 4.28
2019/05/29 19:54:00, 24.25, 23.91, 23.69, 28.48, 27.53, 0, 0, 4.28
2019/05/29 19:55:00, 24.25, 23.91, 23.68, 28.53, 27.49, 0, 0, 4.28
2019/05/29 19:56:00, 24.25, 23.92, 23.73, 28.54, 27.52, 0, 0, 4.28
2019/05/29 19:57:00, 24.25, 23.91, 23.71, 28.44, 27.46, 0, 0, 4.28
2019/05/29 19:58:00, 24.25, 23.90, 23.68, 28.46, 27.45, 0, 0, 4.28
2019/05/29 19:59:00, 24.25, 23.87, 23.67, 28.43, 27.45, 0, 0, 4.28
2019/05/29 20:00:00, 24.25, 23.90, 23.68, 28.44, 27.42, 0, 0, 4.28
2019/05/29 20:01:00, 24.25, 23.90, 23.67, 28.41, 27.41, 0, 0, 4.28
2019/05/29 20:02:00, 24.25, 23.88, 23.67, 28.44, 27.40, 0, 0, 4.28
2019/05/29 20:03:00, 24.25, 23.88, 23.69, 28.38, 27.38, 0, 0, 4.28
2019/05/29 20:04:00, 24.25, 23.88, 23.66, 28.44, 27.43, 0, 0, 4.28
2019/05/29 20:05:00, 24.25, 23.88, 23.69, 28.34, 27.31, 0, 0, 4.28
2019/05/29 20:06:00, 24.25, 23.87, 23.67, 28.29, 27.31, 0, 0, 4.28
2019/05/29 20:07:00, 24.25, 23.87, 23.66, 28.32, 27.31, 0, 0, 4.28
2019/05/29 20:08:00, 24.25, 23.87, 23.66, 28.27, 27.29, 0, 0, 4.28
2019/05/29 20:09:00, 24.25, 23.85, 23.64, 28.25, 27.30, 0, 0, 4.28
2019/05/29 20:10:00, 24.25, 23.84, 23.65, 28.23, 27.27, 0, 0, 4.28
2019/05/29 20:11:00, 24.25, 23.81, 23.63, 28.26, 27.26, 0, 0, 4.28
2019/05/29 20:12:00, 24.25, 23.87, 23.63, 28.17, 27.23, 0, 0, 4.28
2019/05/29 20:13:00, 24.25, 23.84, 23.66, 28.29, 27.30, 0, 0, 4.28
2019/05/29 20:14:00, 24.25, 23.85, 23.63, 28.20, 27.22, 0, 0, 4.28
2019/05/29 20:15:00, 24.25, 23.83, 23.61, 28.25, 27.22, 0, 0, 4.28
2019/05/29 20:16:00, 24.25, 23.83, 23.63, 28.23, 27.24, 0, 0, 4.28
2019/05/29 20:17:00, 24.25, 23.83, 23.62, 28.19, 27.21, 0, 0, 4.28
2019/05/29 20:18:00, 24.25, 23.81, 23.61, 28.17, 27.19, 0, 0, 4.28
2019/05/29 20:19:00, 24.25, 23.83, 23.61, 28.15, 27.17, 0, 0, 4.28
2019/05/29 20:20:00, 24.25, 23.83, 23.61, 28.11, 27.14, 0, 0, 4.28
2019/05/29 20:21:00, 24.25, 23.83, 23.60, 28.13, 27.16, 0, 0, 4.28
2019/05/29 20:22:00, 24.25, 23.81, 23.62, 28.13, 27.14, 0, 0, 4.28
2019/05/29 20:23:00, 24.25, 23.81, 23.62, 28.21, 27.14, 0, 0, 4.28
2019/05/29 20:24:00, 24.25, 23.84, 23.62, 28.08, 27.09, 0, 0, 4.28
2019/05/29 20:25:00, 24.25, 23.85, 23.63, 28.10, 27.07, 0, 0, 4.28
2019/05/29 20:26:00, 24.25, 23.83, 23.63, 28.00, 27.06, 0, 0, 4.28
2019/05/29 20:27:00, 24.25, 23.81, 23.63, 28.09, 27.07, 0, 0, 4.28
2019/05/29 20:28:00, 24.25, 23.83, 23.62, 27.95, 26.98, 0, 0, 4.28
2019/05/29 20:29:00, 24.25, 23.83, 23.60, 27.96, 26.98, 0, 0, 4.28
2019/05/29 20:30:00, 24.25, 23.81, 23.61, 27.95, 26.96, 0, 0, 4.28
2019/05/29 20:31:00, 24.25, 23.81, 23.59, 27.96, 26.95, 0, 0, 4.28
2019/05/29 20:32:00, 24.25, 23.81, 23.59, 27.98, 26.96, 0, 0, 4.28
2019/05/29 20:33:00, 24.25, 23.77, 23.62, 28.01, 26.95, 0, 0, 4.28
2019/05/29 20:34:00, 24.25, 23.83, 23.60, 27.94, 26.95, 0, 0, 4.28
2019/05/29 20:35:00, 24.25, 23.84, 23.60, 27.91, 26.91, 0, 0, 4.28
2019/05/29 20:36:00, 24.25, 23.80, 23.58, 27.87, 26.86, 0, 0, 4.28
2019/05/29 20:37:00, 24.25, 23.80, 23.60, 27.90, 26.89, 0, 0, 4.28
2019/05/29 20:38:00, 24.25, 23.80, 23.59, 27.95, 26.87, 0, 0, 4.28
2019/05/29 20:39:00, 24.25, 23.80, 23.59, 27.83, 26.85, 0, 0, 4.28
2019/05/29 20:40:00, 24.25, 23.80, 23.59, 27.84, 26.82, 0, 0, 4.28
2019/05/29 20:41:00, 24.25, 23.80, 23.57, 27.82, 26.81, 0, 0, 4.28
2019/05/29 20:42:00, 24.25, 23.79, 23.58, 27.84, 26.80, 0, 0, 4.28
2019/05/29 20:43:00, 24.25, 23.77, 23.57, 27.76, 26.77, 0, 0, 4.28
2019/05/29 20:44:00, 24.25, 23.76, 23.60, 27.73, 26.76, 0, 0, 4.28
2019/05/29 20:45:00, 24.25, 23.80, 23.57, 27.71, 26.73, 0, 0, 4.28
2019/05/29 20:46:00, 24.25, 23.77, 23.57, 27.74, 26.73, 0, 0, 4.28
2019/05/29 20:47:00, 24.25, 23.80, 23.56, 27.74, 26.73, 0, 0, 4.28
2019/05/29 20:48:00, 24.25, 23.79, 23.54, 27.71, 26.72, 0, 0, 4.28
2019/05/29 20:49:00, 24.25, 23.77, 23.56, 27.71, 26.71, 0, 0, 4.28
2019/05/29 20:50:00, 24.25, 23.79, 23.54, 27.72, 26.71, 0, 0, 4.28
2019/05/29 20:51:00, 24.25, 23.76, 23.54, 27.62, 26.66, 0, 0, 4.28
2019/05/29 20:52:00, 24.25, 23.74, 23.53, 27.65, 26.63, 0, 0, 4.28
2019/05/29 20:53:00, 24.25, 23.74, 23.53, 27.62, 26.63, 0, 0, 4.28
2019/05/29 20:54:00, 24.25, 23.73, 23.52, 27.62, 26.62, 0, 0, 4.28
2019/05/29 20:55:00, 24.25, 23.73, 23.50, 27.69, 26.65, 0, 0, 4.28
2019/05/29 20:56:00, 24.25, 23.74, 23.50, 27.59, 26.61, 0, 0, 4.28
2019/05/29 20:57:00, 24.25, 23.71, 23.53, 27.55, 26.58, 0, 0, 4.28
2019/05/29 20:58:00, 24.25, 23.70, 23.52, 27.59, 26.58, 0, 0, 4.28
2019/05/29 20:59:00, 24.25, 23.73, 23.52, 27.59, 26.55, 0, 0, 4.28
2019/05/29 21:00:00, 24.25, 23.71, 23.50, 27.56, 26.54, 0, 0, 4.28
2019/05/29 21:01:00, 24.25, 23.73, 23.51, 27.46, 26.52, 0, 0, 4.28
2019/05/29 21:02:00, 24.25, 23.73, 23.50, 27.62, 26.53, 0, 0, 4.28
2019/05/29 21:03:00, 24.25, 23.71, 23.51, 27.53, 26.49, 0, 0, 4.28
2019/05/29 21:04:00, 24.25, 23.70, 23.52, 27.50, 26.47, 0, 0, 4.28
2019/05/29 21:05:00, 24.25, 23.71, 23.52, 27.38, 26.44, 0, 0, 4.28
2019/05/29 21:06:00, 24.25, 23.71, 23.50, 27.46, 26.43, 0, 0, 4.28
2019/05/29 21:07:00, 24.25, 23.73, 23.50, 27.47, 26.44, 0, 0, 4.28
2019/05/29 21:08:00, 24.25, 23.71, 23.50, 27.46, 26.44, 0, 0, 4.28
2019/05/29 21:09:00, 24.25, 23.70, 23.50, 27.43, 26.40, 0, 0, 4.28
2019/05/29 21:10:00, 24.25, 23.68, 23.49, 27.37, 26.37, 0, 0, 4.28
2019/05/29 21:11:00, 24.25, 23.68, 23.48, 27.33, 26.35, 0, 0, 4.28
2019/05/29 21:12:00, 24.25, 23.68, 23.50, 27.36, 26.36, 0, 0, 4.28
2019/05/29 21:13:00, 24.25, 23.70, 23.51, 27.27, 26.33, 0, 0, 4.28
2019/05/29 21:14:00, 24.25, 23.68, 23.47, 27.34, 26.31, 0, 0, 4.28
2019/05/29 21:15:00, 24.25, 23.68, 23.46, 27.34, 26.31, 0, 0, 4.28
2019/05/29 21:16:00, 24.25, 23.67, 23.48, 27.25, 26.28, 0, 0, 4.28
2019/05/29 21:17:00, 24.25, 23.65, 23.48, 27.32, 26.26, 0, 0, 4.28
2019/05/29 21:18:00, 24.25, 23.68, 23.47, 27.32, 26.31, 0, 0, 4.28
2019/05/29 21:19:00, 24.25, 23.65, 23.45, 27.29, 26.27, 0, 0, 4.28
2019/05/29 21:20:00, 24.25, 23.68, 23.45, 27.26, 26.27, 0, 0, 4.28
2019/05/29 21:21:00, 24.25, 23.67, 23.47, 27.35, 26.29, 0, 0, 4.28
2019/05/29 21:22:00, 24.25, 23.68, 23.48, 27.26, 26.27, 0, 0, 4.28
2019/05/29 21:23:00, 24.25, 23.68, 23.47, 27.28, 26.20, 0, 0, 4.28
2019/05/29 21:24:00, 24.25, 23.67, 23.48, 27.18, 26.18, 0, 0, 4.28
2019/05/29 21:25:00, 24.25, 23.64, 23.45, 27.24, 26.20, 0, 0, 4.28
2019/05/29 21:26:00, 24.25, 23.64, 23.45, 27.22, 26.21, 0, 0, 4.28
2019/05/29 21:27:00, 24.25, 23.65, 23.45, 27.10, 26.15, 0, 0, 4.28
2019/05/29 21:28:00, 24.25, 23.65, 23.44, 27.17, 26.13, 0, 0, 4.28
2019/05/29 21:29:00, 24.25, 23.64, 23.44, 27.14, 26.14, 0, 0, 4.28
2019/05/29 21:30:00, 24.25, 23.64, 23.44, 27.13, 26.12, 0, 0, 4.28
2019/05/29 21:31:00, 24.25, 23.64, 23.43, 27.11, 26.15, 0, 0, 4.28
2019/05/29 21:32:00, 24.25, 23.64, 23.43, 27.13, 26.15, 0, 0, 4.28
2019/05/29 21:33:00, 24.25, 23.63, 23.43, 27.07, 26.11, 0, 0, 4.28
2019/05/29 21:34:00, 24.25, 23.63, 23.43, 27.10, 26.11, 0, 0, 4.28
2019/05/29 21:35:00, 24.25, 23.60, 23.42, 27.11, 26.08, 0, 0, 4.28
2019/05/29 21:36:00, 24.25, 23.61, 23.41, 27.14, 26.11, 0, 0, 4.28
2019/05/29 21:37:00, 24.25, 23.59, 23.39, 27.18, 26.08, 0, 0, 4.28
2019/05/29 21:38:00, 24.25, 23.61, 23.39, 27.14, 26.08, 0, 0, 4.28
2019/05/29 21:39:00, 24.25, 23.61, 23.39, 27.08, 26.07, 0, 0, 4.28
2019/05/29 21:40:00, 24.25, 23.60, 23.42, 27.08, 26.05, 0, 0, 4.28
2019/05/29 21:41:00, 24.25, 23.60, 23.41, 27.04, 26.05, 0, 0, 4.28
2019/05/29 21:42:00, 24.25, 23.60, 23.39, 27.00, 26.02, 0, 0, 4.28
2019/05/29 21:43:00, 24.25, 23.63, 23.37, 27.02, 26.00, 0, 0, 4.28
2019/05/29 21:44:00, 24.25, 23.61, 23.37, 26.94, 25.96, 0, 0, 4.28
2019/05/29 21:45:00, 24.25, 23.60, 23.41, 26.95, 25.96, 0, 0, 4.28
2019/05/29 21:46:00, 24.25, 23.60, 23.37, 27.01, 25.98, 0, 0, 4.28
2019/05/29 21:47:00, 24.25, 23.59, 23.38, 27.04, 25.98, 0, 0, 4.28
2019/05/29 21:48:00, 24.25, 23.57, 23.38, 26.99, 25.94, 0, 0, 4.28
2019/05/29 21:49:00, 24.25, 23.60, 23.36, 27.01, 25.94, 0, 0, 4.28
2019/05/29 21:50:00, 24.25, 23.56, 23.37, 26.91, 25.89, 0, 0, 4.28
2019/05/29 21:51:00, 24.25, 23.59, 23.36, 26.90, 25.89, 0, 0, 4.28
2019/05/29 21:52:00, 24.25, 23.57, 23.38, 26.89, 25.89, 0, 0, 4.28
2019/05/29 21:53:00, 24.25, 23.56, 23.37, 26.86, 25.84, 0, 0, 4.28
2019/05/29 21:54:00, 24.25, 23.57, 23.37, 26.87, 25.86, 0, 0, 4.28
2019/05/29 21:55:00, 24.25, 23.56, 23.35, 26.84, 25.85, 0, 0, 4.28
2019/05/29 21:56:00, 24.00, 23.53, 23.35, 26.83, 25.83, 0, 0, 4.28
2019/05/29 21:57:00, 24.00, 23.56, 23.33, 26.93, 25.84, 0, 0, 4.28
2019/05/29 21:58:00, 24.25, 23.56, 23.35, 26.90, 25.88, 0, 0, 4.28
2019/05/29 21:59:00, 24.00, 23.56, 23.35, 26.82, 25.80, 0, 0, 4.28
2019/05/29 22:00:00, 24.00, 23.57, 23.32, 26.87, 25.78, 0, 0, 4.28
2019/05/29 22:01:00, 24.00, 23.56, 23.34, 26.84, 25.77, 0, 0, 4.28
2019/05/29 22:02:00, 24.00, 23.54, 23.32, 26.91, 25.81, 0, 0, 4.28
2019/05/29 22:03:00, 24.00, 23.56, 23.33, 26.90, 25.82, 0, 0, 4.28
2019/05/29 22:04:00, 24.00, 23.54, 23.33, 26.78, 25.80, 0, 0, 4.28
2019/05/29 22:05:00, 24.00, 23.53, 23.33, 26.83, 25.79, 0, 0, 4.28
2019/05/29 22:06:00, 24.00, 23.54, 23.33, 26.81, 25.78, 0, 0, 4.28
2019/05/29 22:07:00, 24.00, 23.52, 23.33, 26.75, 25.77, 0, 0, 4.28
2019/05/29 22:08:00, 24.00, 23.53, 23.31, 26.89, 25.77, 0, 0, 4.28
2019/05/29 22:09:00, 24.00, 23.53, 23.31, 26.81, 25.75, 0, 0, 4.28
2019/05/29 22:10:00, 24.00, 23.53, 23.34, 26.80, 25.76, 0, 0, 4.28
2019/05/29 22:11:00, 24.00, 23.54, 23.32, 26.75, 25.73, 0, 0, 4.28
2019/05/29 22:12:00, 24.00, 23.53, 23.34, 26.81, 25.73, 0, 0, 4.28
2019/05/29 22:13:00, 24.00, 23.54, 23.33, 26.79, 25.75, 0, 0, 4.28
2019/05/29 22:14:00, 24.00, 23.54, 23.32, 26.77, 25.71, 0, 0, 4.28
2019/05/29 22:15:00, 24.00, 23.52, 23.30, 26.65, 25.67, 0, 0, 4.28
2019/05/29 22:16:00, 24.00, 23.52, 23.31, 26.78, 25.72, 0, 0, 4.28
2019/05/29 22:17:00, 24.00, 23.53, 23.30, 26.78, 25.70, 0, 0, 4.28
2019/05/29 22:18:00, 24.00, 23.52, 23.31, 26.68, 25.71, 0, 0, 4.28
2019/05/29 22:19:00, 24.00, 23.49, 23.28, 26.72, 25.67, 0, 0, 4.28
2019/05/29 22:20:00, 24.00, 23.49, 23.27, 26.72, 25.69, 0, 0, 4.28
2019/05/29 22:21:00, 24.00, 23.49, 23.29, 26.75, 25.69, 0, 0, 4.28
2019/05/29 22:22:00, 24.00, 23.49, 23.28, 26.69, 25.67, 0, 0, 4.28
2019/05/29 22:23:00, 24.00, 23.49, 23.29, 26.68, 25.66, 0, 0, 4.28
2019/05/29 22:24:00, 24.00, 23.49, 23.28, 26.66, 25.66, 0, 0, 4.28
2019/05/29 22:25:00, 24.00, 23.47, 23.27, 26.72, 25.63, 0, 0, 4.28
2019/05/29 22:26:00, 24.00, 23.49, 23.28, 26.80, 25.66, 0, 0, 4.28
2019/05/29 22:27:00, 24.00, 23.46, 23.25, 26.68, 25.64, 0, 0, 4.28
2019/05/29 22:28:00, 24.00, 23.49, 23.27, 26.75, 25.65, 0, 0, 4.28
2019/05/29 22:29:00, 24.00, 23.49, 23.28, 26.74, 25.64, 0, 0, 4.28
2019/05/29 22:30:00, 24.00, 23.50, 23.25, 26.77, 25.64, 0, 0, 4.28
2019/05/29 22:31:00, 24.00, 23.47, 23.25, 26.66, 25.63, 0, 0, 4.28
2019/05/29 22:32:00, 24.00, 23.47, 23.27, 26.69, 25.63, 0, 0, 4.28
2019/05/29 22:33:00, 24.00, 23.47, 23.27, 26.69, 25.63, 0, 0, 4.28
2019/05/29 22:34:00, 24.00, 23.47, 23.25, 26.70, 25.59, 0, 0, 4.28
2019/05/29 22:35:00, 24.00, 23.46, 23.25, 26.63, 25.57, 0, 0, 4.28
2019/05/29 22:36:00, 24.00, 23.47, 23.25, 26.63, 25.62, 0, 0, 4.28
2019/05/29 22:37:00, 24.00, 23.46, 23.24, 26.60, 25.55, 0, 0, 4.28
2019/05/29 22:38:00, 24.00, 23.42, 23.21, 26.63, 25.57, 0, 0, 4.28
2019/05/29 22:39:00, 24.00, 23.44, 23.22, 26.79, 25.66, 0, 0, 4.28
2019/05/29 22:40:00, 24.00, 23.44, 23.27, 26.65, 25.60, 0, 0, 4.28
2019/05/29 22:41:00, 24.00, 23.44, 23.23, 26.68, 25.58, 0, 0, 4.28
2019/05/29 22:42:00, 24.00, 23.44, 23.25, 26.69, 25.60, 0, 0, 4.28
2019/05/29 22:43:00, 24.00, 23.46, 23.23, 26.63, 25.57, 0, 0, 4.28
2019/05/29 22:44:00, 24.00, 23.40, 23.23, 26.63, 25.53, 0, 0, 4.28
2019/05/29 22:45:00, 24.00, 23.44, 23.24, 26.65, 25.54, 0, 0, 4.28
2019/05/29 22:46:00, 24.00, 23.43, 23.22, 26.59, 25.53, 0, 0, 4.28
2019/05/29 22:47:00, 24.00, 23.42, 23.20, 26.58, 25.51, 0, 0, 4.28
2019/05/29 22:48:00, 24.00, 23.43, 23.22, 26.60, 25.53, 0, 0, 4.28
2019/05/29 22:49:00, 24.00, 23.39, 23.21, 26.60, 25.52, 0, 0, 4.28
2019/05/29 22:50:00, 24.00, 23.40, 23.20, 26.57, 25.52, 0, 0, 4.28
2019/05/29 22:51:00, 24.00, 23.40, 23.18, 26.63, 25.53, 0, 0, 4.28
2019/05/29 22:52:00, 24.00, 23.42, 23.20, 26.60, 25.52, 0, 0, 4.28
2019/05/29 22:53:00, 24.00, 23.43, 23.18, 26.52, 25.50, 0, 0, 4.28
2019/05/29 22:54:00, 24.00, 23.39, 23.21, 26.63, 25.57, 0, 0, 4.28
2019/05/29 22:55:00, 24.00, 23.37, 23.18, 26.58, 25.51, 0, 0, 4.28
2019/05/29 22:56:00, 24.00, 23.40, 23.22, 26.48, 25.48, 0, 0, 4.28
2019/05/29 22:57:00, 24.00, 23.40, 23.19, 26.61, 25.52, 0, 0, 4.28
2019/05/29 22:58:00, 24.00, 23.40, 23.20, 26.58, 25.51, 0, 0, 4.28
2019/05/29 22:59:00, 24.00, 23.42, 23.20, 26.51, 25.44, 0, 0, 4.28
2019/05/29 23:00:00, 24.00, 23.39, 23.19, 26.63, 25.48, 0, 0, 4.28
2019/05/29 23:01:00, 24.00, 23.43, 23.18, 26.52, 25.49, 0, 0, 4.28
2019/05/29 23:02:00, 24.00, 23.37, 23.16, 26.47, 25.45, 0, 0, 4.28
2019/05/29 23:03:00, 24.00, 23.37, 23.17, 26.51, 25.47, 0, 0, 4.28
2019/05/29 23:04:00, 24.00, 23.37, 23.18, 26.60, 25.48, 0, 0, 4.28
2019/05/29 23:05:00, 24.00, 23.35, 23.16, 26.52, 25.45, 0, 0, 4.28
2019/05/29 23:06:00, 24.00, 23.36, 23.18, 26.57, 25.48, 0, 0, 4.28
2019/05/29 23:07:00, 24.00, 23.37, 23.16, 26.52, 25.50, 0, 0, 4.28
2019/05/29 23:08:00, 24.00, 23.36, 23.15, 26.58, 25.50, 0, 0, 4.28
2019/05/29 23:09:00, 24.00, 23.35, 23.16, 26.49, 25.46, 0, 0, 4.28
2019/05/29 23:10:00, 24.00, 23.37, 23.16, 26.49, 25.43, 0, 0, 4.28
2019/05/29 23:11:00, 24.00, 23.35, 23.16, 26.45, 25.42, 0, 0, 4.28
2019/05/29 23:12:00, 24.00, 23.37, 23.16, 26.48, 25.44, 0, 0, 4.28
2019/05/29 23:13:00, 24.00, 23.36, 23.16, 26.57, 25.44, 0, 0, 4.28
2019/05/29 23:14:00, 24.00, 23.37, 23.17, 26.51, 25.44, 0, 0, 4.28
2019/05/29 23:15:00, 24.00, 23.36, 23.16, 26.46, 25.42, 0, 0, 4.28
2019/05/29 23:16:00, 24.00, 23.36, 23.16, 26.51, 25.45, 0, 0, 4.28
2019/05/29 23:17:00, 24.00, 23.36, 23.15, 26.48, 25.42, 0, 0, 4.28
2019/05/29 23:18:00, 24.00, 23.36, 23.16, 26.52, 25.47, 0, 0, 4.28
2019/05/29 23:19:00, 24.00, 23.33, 23.13, 26.51, 25.41, 0, 0, 4.28
2019/05/29 23:20:00, 24.00, 23.36, 23.15, 26.43, 25.41, 0, 0, 4.28
2019/05/29 23:21:00, 24.00, 23.36, 23.14, 26.49, 25.44, 0, 0, 4.28
2019/05/29 23:22:00, 24.00, 23.36, 23.15, 26.39, 25.39, 0, 0, 4.28
2019/05/29 23:23:00, 24.00, 23.35, 23.14, 26.51, 25.41, 0, 0, 4.28
2019/05/29 23:24:00, 24.00, 23.37, 23.14, 26.48, 25.37, 0, 0, 4.28
2019/05/29 23:25:00, 24.00, 23.37, 23.14, 26.45, 25.41, 0, 0, 4.28
2019/05/29 23:26:00, 24.00, 23.35, 23.13, 26.42, 25.41, 0, 0, 4.28
2019/05/29 23:27:00, 24.00, 23.35, 23.13, 26.46, 25.41, 0, 0, 4.28
2019/05/29 23:28:00, 24.00, 23.33, 23.13, 26.52, 25.41, 0, 0, 4.28
2019/05/29 23:29:00, 24.00, 23.32, 23.15, 26.43, 25.44, 0, 0, 4.28
2019/05/29 23:30:00, 24.00, 23.35, 23.13, 26.46, 25.40, 0, 0, 4.28
2019/05/29 23:31:00, 24.00, 23.33, 23.15, 26.47, 25.44, 0, 0, 4.28
2019/05/29 23:32:00, 24.00, 23.35, 23.15, 26.48, 25.43, 0, 0, 4.28
2019/05/29 23:33:00, 24.00, 23.36, 23.14, 26.37, 25.39, 0, 0, 4.28
2019/05/29 23:34:00, 24.00, 23.35, 23.15, 26.49, 25.37, 0, 0, 4.28
2019/05/29 23:35:00, 24.00, 23.36, 23.13, 26.43, 25.37, 0, 0, 4.28
2019/05/29 23:36:00, 24.00, 23.35, 23.15, 26.42, 25.37, 0, 0, 4.28
2019/05/29 23:37:00, 24.00, 23.35, 23.15, 26.43, 25.38, 0, 0, 4.28
2019/05/29 23:38:00, 24.00, 23.37, 23.15, 26.49, 25.37, 0, 0, 4.28
2019/05/29 23:39:00, 24.00, 23.39, 23.15, 26.33, 25.34, 0, 0, 4.28
2019/05/29 23:40:00, 24.00, 23.36, 23.17, 26.35, 25.35, 0, 0, 4.28
2019/05/29 23:41:00, 24.00, 23.37, 23.16, 26.49, 25.40, 0, 0, 4.28
2019/05/29 23:42:00, 24.00, 23.37, 23.16, 26.36, 25.34, 0, 0, 4.28
2019/05/29 23:43:00, 24.00, 23.36, 23.14, 26.46, 25.37, 0, 0, 4.28
2019/05/29 23:44:00, 24.00, 23.35, 23.15, 26.43, 25.37, 0, 0, 4.28
2019/05/29 23:45:00, 24.00, 23.35, 23.14, 26.52, 25.40, 0, 0, 4.28
2019/05/29 23:46:00, 24.00, 23.35, 23.16, 26.57, 25.44, 0, 0, 4.28
2019/05/29 23:47:00, 24.00, 23.32, 23.13, 26.51, 25.41, 0, 0, 4.28
