Data logger for tempereture and humidity.
Code, design, and soldering by Antti Mikkonen, a.mikkonen@iki.fi, 2019.
Based on open source projects and libraries. See source for details.
/home/ami/src/arduino/promini/logger_v8_ada/logger_v8_ada.ino
UTC time (year/month/date hour:minute:second), T RTC (C), T sht31 (C), T si7021 (C), RH sht31 (-), RH si7021 (-), heaterOn sht31 (bool),  heaterOn si7021 (bool), battery voltage (V)
2019/07/19 00:08:00, 23.50, 23.26, 23.05, 37.50, 37.50, 0, 0, 4.15
2019/07/19 00:09:00, 23.50, 23.28, 23.06, 37.50, 37.51, 0, 0, 4.15
2019/07/19 00:10:00, 23.50, 23.26, 23.05, 37.48, 37.50, 0, 0, 4.15
2019/07/19 00:11:00, 23.50, 23.25, 23.03, 37.50, 37.53, 0, 0, 4.15
2019/07/19 00:12:00, 23.50, 23.24, 23.03, 37.51, 37.53, 0, 0, 4.15
2019/07/19 00:13:00, 23.50, 23.24, 23.03, 37.52, 37.51, 0, 0, 4.15
2019/07/19 00:14:00, 23.50, 23.24, 23.04, 37.52, 37.55, 0, 0, 4.15
2019/07/19 00:15:00, 23.50, 23.24, 23.03, 37.54, 37.56, 0, 0, 4.15
2019/07/19 00:16:00, 23.50, 23.28, 23.02, 37.53, 37.56, 0, 0, 4.15
2019/07/19 00:17:00, 23.50, 23.24, 23.02, 37.56, 37.59, 0, 0, 4.15
2019/07/19 00:18:00, 23.50, 23.26, 23.03, 37.60, 37.59, 0, 0, 4.15
2019/07/19 00:19:00, 23.50, 23.25, 23.02, 37.53, 37.58, 0, 0, 4.15
2019/07/19 00:20:00, 23.50, 23.22, 23.03, 37.63, 37.59, 0, 0, 4.15
2019/07/19 00:21:00, 23.50, 23.21, 23.01, 37.59, 37.62, 0, 0, 4.15
2019/07/19 00:22:00, 23.50, 23.21, 23.01, 37.63, 37.63, 0, 0, 4.15
2019/07/19 00:23:00, 23.50, 23.24, 23.01, 37.61, 37.64, 0, 0, 4.15
2019/07/19 00:24:00, 23.50, 23.24, 23.01, 37.63, 37.64, 0, 0, 4.15
2019/07/19 00:25:00, 23.50, 23.21, 23.02, 37.65, 37.66, 0, 0, 4.15
2019/07/19 00:26:00, 23.50, 23.24, 23.00, 37.62, 37.66, 0, 0, 4.15
2019/07/19 00:27:00, 23.50, 23.21, 23.00, 37.65, 37.69, 0, 0, 4.15
2019/07/19 00:28:00, 23.50, 23.22, 22.98, 37.68, 37.66, 0, 0, 4.15
2019/07/19 00:29:00, 23.50, 23.21, 23.02, 37.68, 37.69, 0, 0, 4.15
2019/07/19 00:30:00, 23.50, 23.21, 23.00, 37.68, 37.68, 0, 0, 4.15
2019/07/19 00:31:00, 23.50, 23.19, 22.99, 37.71, 37.70, 0, 0, 4.15
2019/07/19 00:32:00, 23.50, 23.21, 22.99, 37.69, 37.68, 0, 0, 4.15
2019/07/19 00:33:00, 23.50, 23.18, 22.99, 37.70, 37.69, 0, 0, 4.15
2019/07/19 00:34:00, 23.50, 23.18, 22.97, 37.70, 37.70, 0, 0, 4.15
2019/07/19 00:35:00, 23.50, 23.18, 23.00, 37.73, 37.72, 0, 0, 4.15
2019/07/19 00:36:00, 23.50, 23.18, 22.97, 37.70, 37.73, 0, 0, 4.15
2019/07/19 00:37:00, 23.50, 23.18, 22.99, 37.73, 37.73, 0, 0, 4.15
2019/07/19 00:38:00, 23.50, 23.21, 23.00, 37.73, 37.73, 0, 0, 4.15
2019/07/19 00:39:00, 23.50, 23.16, 22.98, 37.73, 37.73, 0, 0, 4.15
2019/07/19 00:40:00, 23.50, 23.18, 22.98, 37.77, 37.76, 0, 0, 4.15
2019/07/19 00:41:00, 23.50, 23.16, 22.97, 37.74, 37.76, 0, 0, 4.15
2019/07/19 00:42:00, 23.50, 23.18, 22.97, 37.79, 37.76, 0, 0, 4.15
2019/07/19 00:43:00, 23.50, 23.19, 22.97, 37.83, 37.78, 0, 0, 4.15
2019/07/19 00:44:00, 23.50, 23.16, 22.95, 37.82, 37.79, 0, 0, 4.15
2019/07/19 00:45:00, 23.50, 23.18, 22.94, 37.78, 37.80, 0, 0, 4.15
2019/07/19 00:46:00, 23.50, 23.15, 22.95, 37.82, 37.80, 0, 0, 4.15
2019/07/19 00:47:00, 23.50, 23.16, 22.97, 37.82, 37.83, 0, 0, 4.15
2019/07/19 00:48:00, 23.50, 23.16, 22.95, 37.82, 37.83, 0, 0, 4.15
2019/07/19 00:49:00, 23.50, 23.15, 22.95, 37.84, 37.84, 0, 0, 4.15
2019/07/19 00:50:00, 23.50, 23.15, 22.95, 37.80, 37.84, 0, 0, 4.15
2019/07/19 00:51:00, 23.50, 23.15, 22.92, 37.83, 37.85, 0, 0, 4.15
2019/07/19 00:52:00, 23.50, 23.15, 22.93, 37.88, 37.89, 0, 0, 4.15
2019/07/19 00:53:00, 23.50, 23.16, 22.93, 37.88, 37.89, 0, 0, 4.15
2019/07/19 00:54:00, 23.50, 23.16, 22.93, 37.88, 37.89, 0, 0, 4.15
2019/07/19 00:55:00, 23.50, 23.14, 22.93, 37.92, 37.93, 0, 0, 4.15
2019/07/19 00:56:00, 23.50, 23.15, 22.93, 37.91, 37.93, 0, 0, 4.15
2019/07/19 00:57:00, 23.50, 23.15, 22.93, 37.91, 37.93, 0, 0, 4.15
2019/07/19 00:58:00, 23.50, 23.15, 22.93, 37.90, 37.93, 0, 0, 4.15
2019/07/19 00:59:00, 23.50, 23.15, 22.93, 37.93, 37.93, 0, 0, 4.15
2019/07/19 01:00:00, 23.50, 23.15, 22.94, 37.91, 37.95, 0, 0, 4.15
2019/07/19 01:01:00, 23.50, 23.14, 22.91, 37.90, 37.96, 0, 0, 4.15
2019/07/19 01:02:00, 23.50, 23.14, 22.92, 37.93, 37.96, 0, 0, 4.15
2019/07/19 01:03:00, 23.50, 23.14, 22.93, 38.02, 37.98, 0, 0, 4.15
2019/07/19 01:04:00, 23.50, 23.14, 22.92, 37.99, 38.00, 0, 0, 4.15
2019/07/19 01:05:00, 23.50, 23.15, 22.92, 38.01, 38.00, 0, 0, 4.15
2019/07/19 01:06:00, 23.50, 23.11, 22.93, 37.99, 37.99, 0, 0, 4.15
2019/07/19 01:07:00, 23.50, 23.12, 22.93, 38.01, 38.03, 0, 0, 4.15
2019/07/19 01:08:00, 23.50, 23.09, 22.91, 38.03, 38.01, 0, 0, 4.15
2019/07/19 01:09:00, 23.50, 23.14, 22.90, 38.00, 38.01, 0, 0, 4.15
2019/07/19 01:10:00, 23.50, 23.14, 22.91, 38.04, 38.03, 0, 0, 4.15
2019/07/19 01:11:00, 23.50, 23.12, 22.89, 38.04, 38.03, 0, 0, 4.15
2019/07/19 01:12:00, 23.50, 23.12, 22.91, 38.06, 38.05, 0, 0, 4.15
2019/07/19 01:13:00, 23.50, 23.08, 22.93, 38.00, 38.05, 0, 0, 4.15
2019/07/19 01:14:00, 23.50, 23.12, 22.91, 38.04, 38.09, 0, 0, 4.15
2019/07/19 01:15:00, 23.50, 23.11, 22.89, 38.11, 38.10, 0, 0, 4.15
2019/07/19 01:16:00, 23.50, 23.09, 22.89, 38.09, 38.09, 0, 0, 4.15
2019/07/19 01:17:00, 23.50, 23.11, 22.88, 38.08, 38.09, 0, 0, 4.15
2019/07/19 01:18:00, 23.50, 23.11, 22.89, 38.10, 38.12, 0, 0, 4.15
2019/07/19 01:19:00, 23.50, 23.11, 22.87, 38.11, 38.11, 0, 0, 4.15
2019/07/19 01:20:00, 23.50, 23.09, 22.90, 38.13, 38.12, 0, 0, 4.15
2019/07/19 01:21:00, 23.50, 23.09, 22.90, 38.12, 38.13, 0, 0, 4.15
2019/07/19 01:22:00, 23.50, 23.06, 22.88, 38.16, 38.13, 0, 0, 4.15
2019/07/19 01:23:00, 23.50, 23.09, 22.88, 38.12, 38.13, 0, 0, 4.15
2019/07/19 01:24:00, 23.50, 23.11, 22.88, 38.21, 38.18, 0, 0, 4.15
2019/07/19 01:25:00, 23.50, 23.08, 22.89, 38.12, 38.17, 0, 0, 4.15
2019/07/19 01:26:00, 23.50, 23.11, 22.87, 38.20, 38.18, 0, 0, 4.15
2019/07/19 01:27:00, 23.50, 23.09, 22.87, 38.18, 38.19, 0, 0, 4.15
2019/07/19 01:28:00, 23.50, 23.09, 22.89, 38.15, 38.18, 0, 0, 4.15
2019/07/19 01:29:00, 23.50, 23.09, 22.86, 38.19, 38.21, 0, 0, 4.15
2019/07/19 01:30:00, 23.50, 23.06, 22.88, 38.19, 38.21, 0, 0, 4.15
2019/07/19 01:31:00, 23.50, 23.06, 22.87, 38.23, 38.22, 0, 0, 4.15
2019/07/19 01:32:00, 23.50, 23.08, 22.88, 38.23, 38.22, 0, 0, 4.15
2019/07/19 01:33:00, 23.50, 23.08, 22.88, 38.26, 38.25, 0, 0, 4.15
2019/07/19 01:34:00, 23.50, 23.11, 22.88, 38.28, 38.26, 0, 0, 4.15
2019/07/19 01:35:00, 23.50, 23.09, 22.87, 38.30, 38.26, 0, 0, 4.15
2019/07/19 01:36:00, 23.50, 23.09, 22.88, 38.28, 38.28, 0, 0, 4.15
2019/07/19 01:37:00, 23.50, 23.05, 22.87, 38.29, 38.30, 0, 0, 4.15
2019/07/19 01:38:00, 23.50, 23.08, 22.87, 38.31, 38.30, 0, 0, 4.15
2019/07/19 01:39:00, 23.50, 23.09, 22.88, 38.26, 38.30, 0, 0, 4.15
2019/07/19 01:40:00, 23.50, 23.06, 22.87, 38.30, 38.30, 0, 0, 4.15
2019/07/19 01:41:00, 23.50, 23.05, 22.86, 38.34, 38.31, 0, 0, 4.15
2019/07/19 01:42:00, 23.50, 23.05, 22.87, 38.36, 38.33, 0, 0, 4.15
2019/07/19 01:43:00, 23.50, 23.06, 22.85, 38.39, 38.36, 0, 0, 4.15
2019/07/19 01:44:00, 23.50, 23.05, 22.83, 38.33, 38.38, 0, 0, 4.15
2019/07/19 01:45:00, 23.50, 23.03, 22.84, 38.41, 38.39, 0, 0, 4.15
2019/07/19 01:46:00, 23.50, 23.05, 22.85, 38.42, 38.41, 0, 0, 4.15
2019/07/19 01:47:00, 23.50, 23.05, 22.85, 38.43, 38.43, 0, 0, 4.15
2019/07/19 01:48:00, 23.50, 23.06, 22.84, 38.43, 38.46, 0, 0, 4.15
2019/07/19 01:49:00, 23.50, 23.03, 22.84, 38.43, 38.47, 0, 0, 4.15
2019/07/19 01:50:00, 23.50, 23.03, 22.83, 38.47, 38.46, 0, 0, 4.15
2019/07/19 01:51:00, 23.50, 23.06, 22.83, 38.47, 38.44, 0, 0, 4.15
2019/07/19 01:52:00, 23.50, 23.05, 22.83, 38.44, 38.49, 0, 0, 4.15
2019/07/19 01:53:00, 23.50, 23.05, 22.84, 38.46, 38.47, 0, 0, 4.15
2019/07/19 01:54:00, 23.50, 23.05, 22.83, 38.55, 38.50, 0, 0, 4.15
2019/07/19 01:55:00, 23.50, 23.05, 22.85, 38.50, 38.49, 0, 0, 4.15
2019/07/19 01:56:00, 23.50, 23.05, 22.83, 38.50, 38.51, 0, 0, 4.15
2019/07/19 01:57:00, 23.50, 23.03, 22.80, 38.54, 38.51, 0, 0, 4.15
2019/07/19 01:58:00, 23.50, 23.03, 22.83, 38.52, 38.53, 0, 0, 4.15
2019/07/19 01:59:00, 23.50, 23.03, 22.83, 38.55, 38.54, 0, 0, 4.15
2019/07/19 02:00:00, 23.50, 23.02, 22.84, 38.54, 38.56, 0, 0, 4.15
2019/07/19 02:01:00, 23.50, 23.03, 22.84, 38.55, 38.54, 0, 0, 4.15
2019/07/19 02:02:00, 23.50, 23.02, 22.82, 38.55, 38.57, 0, 0, 4.15
2019/07/19 02:03:00, 23.50, 23.05, 22.82, 38.55, 38.57, 0, 0, 4.15
2019/07/19 02:04:00, 23.50, 23.03, 22.80, 38.58, 38.59, 0, 0, 4.15
2019/07/19 02:05:00, 23.50, 23.01, 22.79, 38.61, 38.60, 0, 0, 4.15
2019/07/19 02:06:00, 23.50, 23.01, 22.80, 38.61, 38.61, 0, 0, 4.15
2019/07/19 02:07:00, 23.50, 23.02, 22.80, 38.64, 38.61, 0, 0, 4.15
2019/07/19 02:08:00, 23.50, 23.02, 22.80, 38.60, 38.62, 0, 0, 4.15
2019/07/19 02:09:00, 23.50, 23.01, 22.79, 38.62, 38.63, 0, 0, 4.15
2019/07/19 02:10:00, 23.50, 22.99, 22.80, 38.64, 38.64, 0, 0, 4.15
2019/07/19 02:11:00, 23.50, 23.01, 22.80, 38.68, 38.67, 0, 0, 4.15
2019/07/19 02:12:00, 23.50, 23.02, 22.80, 38.72, 38.70, 0, 0, 4.15
2019/07/19 02:13:00, 23.50, 22.99, 22.79, 38.71, 38.70, 0, 0, 4.15
2019/07/19 02:14:00, 23.50, 23.02, 22.80, 38.73, 38.70, 0, 0, 4.15
2019/07/19 02:15:00, 23.50, 23.01, 22.80, 38.68, 38.72, 0, 0, 4.15
2019/07/19 02:16:00, 23.25, 22.98, 22.78, 38.71, 38.70, 0, 0, 4.15
2019/07/19 02:17:00, 23.25, 22.99, 22.79, 38.80, 38.72, 0, 0, 4.15
2019/07/19 02:18:00, 23.25, 22.99, 22.80, 38.73, 38.74, 0, 0, 4.15
2019/07/19 02:19:00, 23.25, 22.99, 22.78, 38.74, 38.75, 0, 0, 4.15
2019/07/19 02:20:00, 23.50, 22.98, 22.76, 38.76, 38.74, 0, 0, 4.15
2019/07/19 02:21:00, 23.25, 22.97, 22.78, 38.81, 38.76, 0, 0, 4.15
2019/07/19 02:22:00, 23.50, 22.98, 22.76, 38.77, 38.78, 0, 0, 4.15
2019/07/19 02:23:00, 23.25, 22.98, 22.76, 38.80, 38.76, 0, 0, 4.15
2019/07/19 02:24:00, 23.25, 22.98, 22.76, 38.81, 38.81, 0, 0, 4.15
2019/07/19 02:25:00, 23.25, 22.98, 22.76, 38.78, 38.80, 0, 0, 4.15
2019/07/19 02:26:00, 23.25, 22.98, 22.77, 38.82, 38.80, 0, 0, 4.15
2019/07/19 02:27:00, 23.25, 22.97, 22.78, 38.77, 38.81, 0, 0, 4.15
2019/07/19 02:28:00, 23.25, 22.98, 22.74, 38.79, 38.80, 0, 0, 4.15
2019/07/19 02:29:00, 23.25, 22.97, 22.74, 38.86, 38.83, 0, 0, 4.15
2019/07/19 02:30:00, 23.25, 22.98, 22.76, 38.85, 38.84, 0, 0, 4.15
2019/07/19 02:31:00, 23.25, 22.97, 22.75, 38.87, 38.85, 0, 0, 4.15
2019/07/19 02:32:00, 23.25, 22.95, 22.76, 38.87, 38.86, 0, 0, 4.15
2019/07/19 02:33:00, 23.25, 22.95, 22.76, 38.91, 38.86, 0, 0, 4.15
2019/07/19 02:34:00, 23.25, 22.95, 22.73, 38.90, 38.89, 0, 0, 4.15
2019/07/19 02:35:00, 23.25, 22.95, 22.76, 38.90, 38.90, 0, 0, 4.15
2019/07/19 02:36:00, 23.25, 22.97, 22.74, 38.93, 38.89, 0, 0, 4.15
2019/07/19 02:37:00, 23.25, 22.98, 22.74, 38.94, 38.91, 0, 0, 4.15
2019/07/19 02:38:00, 23.25, 22.97, 22.73, 38.94, 38.90, 0, 0, 4.15
2019/07/19 02:39:00, 23.25, 22.97, 22.73, 38.90, 38.92, 0, 0, 4.15
2019/07/19 02:40:00, 23.25, 22.95, 22.73, 38.95, 38.94, 0, 0, 4.15
2019/07/19 02:41:00, 23.25, 22.95, 22.72, 38.96, 38.92, 0, 0, 4.15
2019/07/19 02:42:00, 23.25, 22.94, 22.73, 38.96, 38.96, 0, 0, 4.15
2019/07/19 02:43:00, 23.25, 22.94, 22.73, 38.99, 38.95, 0, 0, 4.15
2019/07/19 02:44:00, 23.25, 22.94, 22.74, 38.99, 38.95, 0, 0, 4.15
2019/07/19 02:45:00, 23.25, 22.94, 22.74, 39.02, 38.98, 0, 0, 4.15
2019/07/19 02:46:00, 23.25, 22.95, 22.75, 38.99, 38.99, 0, 0, 4.15
2019/07/19 02:47:00, 23.25, 22.94, 22.73, 38.96, 38.99, 0, 0, 4.15
2019/07/19 02:48:00, 23.25, 22.94, 22.72, 39.04, 38.99, 0, 0, 4.15
2019/07/19 02:49:00, 23.25, 22.94, 22.72, 39.00, 38.99, 0, 0, 4.15
2019/07/19 02:50:00, 23.25, 22.94, 22.73, 38.98, 39.01, 0, 0, 4.15
2019/07/19 02:51:00, 23.25, 22.94, 22.72, 39.04, 39.03, 0, 0, 4.15
2019/07/19 02:52:00, 23.25, 22.92, 22.72, 39.11, 39.05, 0, 0, 4.15
2019/07/19 02:53:00, 23.25, 22.94, 22.71, 39.05, 39.06, 0, 0, 4.15
2019/07/19 02:54:00, 23.25, 22.91, 22.71, 39.10, 39.07, 0, 0, 4.15
2019/07/19 02:55:00, 23.25, 22.92, 22.72, 39.11, 39.07, 0, 0, 4.15
2019/07/19 02:56:00, 23.25, 22.94, 22.71, 39.07, 39.08, 0, 0, 4.15
2019/07/19 02:57:00, 23.25, 22.91, 22.72, 39.08, 39.09, 0, 0, 4.15
2019/07/19 02:58:00, 23.25, 22.92, 22.69, 39.11, 39.10, 0, 0, 4.15
2019/07/19 02:59:00, 23.25, 22.94, 22.73, 39.14, 39.11, 0, 0, 4.15
2019/07/19 03:00:00, 23.25, 22.90, 22.70, 39.17, 39.13, 0, 0, 4.15
2019/07/19 03:01:00, 23.25, 22.91, 22.71, 39.17, 39.13, 0, 0, 4.15
2019/07/19 03:02:00, 23.25, 22.91, 22.71, 39.19, 39.15, 0, 0, 4.15
2019/07/19 03:03:00, 23.25, 22.92, 22.72, 39.20, 39.14, 0, 0, 4.15
2019/07/19 03:04:00, 23.25, 22.91, 22.70, 39.17, 39.14, 0, 0, 4.15
2019/07/19 03:05:00, 23.25, 22.92, 22.71, 39.17, 39.15, 0, 0, 4.15
2019/07/19 03:06:00, 23.25, 22.90, 22.70, 39.17, 39.16, 0, 0, 4.15
2019/07/19 03:07:00, 23.25, 22.91, 22.68, 39.23, 39.16, 0, 0, 4.15
2019/07/19 03:08:00, 23.25, 22.91, 22.70, 39.19, 39.17, 0, 0, 4.15
2019/07/19 03:09:00, 23.25, 22.90, 22.68, 39.22, 39.18, 0, 0, 4.15
2019/07/19 03:10:00, 23.25, 22.90, 22.70, 39.20, 39.19, 0, 0, 4.15
2019/07/19 03:11:00, 23.25, 22.90, 22.70, 39.24, 39.21, 0, 0, 4.15
2019/07/19 03:12:00, 23.25, 22.90, 22.68, 39.22, 39.21, 0, 0, 4.15
2019/07/19 03:13:00, 23.25, 22.90, 22.69, 39.22, 39.24, 0, 0, 4.15
2019/07/19 03:14:00, 23.25, 22.88, 22.67, 39.25, 39.24, 0, 0, 4.15
2019/07/19 03:15:00, 23.25, 22.87, 22.68, 39.25, 39.25, 0, 0, 4.15
2019/07/19 03:16:00, 23.25, 22.88, 22.67, 39.30, 39.28, 0, 0, 4.15
2019/07/19 03:17:00, 23.25, 22.90, 22.68, 39.31, 39.28, 0, 0, 4.15
2019/07/19 03:18:00, 23.25, 22.88, 22.67, 39.32, 39.30, 0, 0, 4.15
2019/07/19 03:19:00, 23.25, 22.87, 22.68, 39.30, 39.31, 0, 0, 4.15
2019/07/19 03:20:00, 23.25, 22.88, 22.65, 39.33, 39.30, 0, 0, 4.15
2019/07/19 03:21:00, 23.25, 22.87, 22.65, 39.36, 39.31, 0, 0, 4.15
2019/07/19 03:22:00, 23.25, 22.88, 22.67, 39.32, 39.31, 0, 0, 4.15
2019/07/19 03:23:00, 23.25, 22.88, 22.68, 39.34, 39.32, 0, 0, 4.15
2019/07/19 03:24:00, 23.25, 22.88, 22.65, 39.36, 39.31, 0, 0, 4.15
2019/07/19 03:25:00, 23.25, 22.85, 22.67, 39.34, 39.31, 0, 0, 4.15
2019/07/19 03:26:00, 23.25, 22.87, 22.67, 39.36, 39.33, 0, 0, 4.15
2019/07/19 03:27:00, 23.25, 22.87, 22.67, 39.35, 39.34, 0, 0, 4.15
2019/07/19 03:28:00, 23.25, 22.88, 22.65, 39.39, 39.37, 0, 0, 4.15
2019/07/19 03:29:00, 23.25, 22.88, 22.64, 39.41, 39.37, 0, 0, 4.15
2019/07/19 03:30:00, 23.25, 22.85, 22.63, 39.36, 39.37, 0, 0, 4.15
2019/07/19 03:31:00, 23.25, 22.85, 22.65, 39.38, 39.38, 0, 0, 4.15
2019/07/19 03:32:00, 23.25, 22.82, 22.64, 39.42, 39.40, 0, 0, 4.15
2019/07/19 03:33:00, 23.25, 22.87, 22.64, 39.45, 39.42, 0, 0, 4.15
2019/07/19 03:34:00, 23.25, 22.84, 22.64, 39.41, 39.40, 0, 0, 4.15
2019/07/19 03:35:00, 23.25, 22.85, 22.63, 39.46, 39.42, 0, 0, 4.15
2019/07/19 03:36:00, 23.25, 22.85, 22.64, 39.46, 39.44, 0, 0, 4.15
2019/07/19 03:37:00, 23.25, 22.84, 22.64, 39.48, 39.45, 0, 0, 4.15
2019/07/19 03:38:00, 23.25, 22.84, 22.65, 39.51, 39.46, 0, 0, 4.15
2019/07/19 03:39:00, 23.25, 22.84, 22.63, 39.50, 39.44, 0, 0, 4.15
2019/07/19 03:40:00, 23.25, 22.82, 22.61, 39.50, 39.44, 0, 0, 4.15
2019/07/19 03:41:00, 23.25, 22.84, 22.62, 39.50, 39.48, 0, 0, 4.15
2019/07/19 03:42:00, 23.25, 22.84, 22.63, 39.53, 39.48, 0, 0, 4.15
2019/07/19 03:43:00, 23.25, 22.84, 22.65, 39.55, 39.51, 0, 0, 4.15
2019/07/19 03:44:00, 23.25, 22.84, 22.61, 39.54, 39.50, 0, 0, 4.15
2019/07/19 03:45:00, 23.25, 22.84, 22.62, 39.51, 39.50, 0, 0, 4.15
2019/07/19 03:46:00, 23.25, 22.82, 22.64, 39.55, 39.53, 0, 0, 4.15
2019/07/19 03:47:00, 23.25, 22.84, 22.62, 39.58, 39.53, 0, 0, 4.15
2019/07/19 03:48:00, 23.25, 22.84, 22.63, 39.59, 39.56, 0, 0, 4.15
2019/07/19 03:49:00, 23.25, 22.82, 22.63, 39.61, 39.54, 0, 0, 4.15
2019/07/19 03:50:00, 23.25, 22.82, 22.61, 39.59, 39.56, 0, 0, 4.15
2019/07/19 03:51:00, 23.25, 22.82, 22.62, 39.60, 39.56, 0, 0, 4.15
2019/07/19 03:52:00, 23.25, 22.84, 22.62, 39.60, 39.56, 0, 0, 4.15
2019/07/19 03:53:00, 23.25, 22.85, 22.61, 39.64, 39.57, 0, 0, 4.15
2019/07/19 03:54:00, 23.25, 22.82, 22.61, 39.66, 39.59, 0, 0, 4.15
2019/07/19 03:55:00, 23.25, 22.82, 22.63, 39.68, 39.60, 0, 0, 4.15
2019/07/19 03:56:00, 23.25, 22.82, 22.60, 39.66, 39.62, 0, 0, 4.15
2019/07/19 03:57:00, 23.25, 22.80, 22.60, 39.63, 39.62, 0, 0, 4.15
2019/07/19 03:58:00, 23.25, 22.82, 22.60, 39.67, 39.63, 0, 0, 4.15
2019/07/19 03:59:00, 23.25, 22.82, 22.60, 39.71, 39.66, 0, 0, 4.15
2019/07/19 04:00:00, 23.25, 22.82, 22.62, 39.74, 39.66, 0, 0, 4.15
2019/07/19 04:01:00, 23.25, 22.81, 22.60, 39.68, 39.66, 0, 0, 4.15
2019/07/19 04:02:00, 23.25, 22.80, 22.58, 39.80, 39.68, 0, 0, 4.15
2019/07/19 04:03:00, 23.25, 22.81, 22.60, 39.74, 39.72, 0, 0, 4.15
2019/07/19 04:04:00, 23.25, 22.80, 22.60, 39.79, 39.70, 0, 0, 4.15
2019/07/19 04:05:00, 23.25, 22.81, 22.59, 39.74, 39.70, 0, 0, 4.15
2019/07/19 04:06:00, 23.25, 22.81, 22.60, 39.77, 39.72, 0, 0, 4.15
2019/07/19 04:07:00, 23.25, 22.81, 22.59, 39.77, 39.73, 0, 0, 4.15
2019/07/19 04:08:00, 23.25, 22.82, 22.60, 39.77, 39.73, 0, 0, 4.15
2019/07/19 04:09:00, 23.25, 22.80, 22.59, 39.74, 39.70, 0, 0, 4.15
2019/07/19 04:10:00, 23.25, 22.81, 22.61, 39.75, 39.72, 0, 0, 4.15
2019/07/19 04:11:00, 23.25, 22.81, 22.59, 39.77, 39.73, 0, 0, 4.15
2019/07/19 04:12:00, 23.25, 22.80, 22.60, 39.77, 39.74, 0, 0, 4.15
2019/07/19 04:13:00, 23.25, 22.80, 22.58, 39.87, 39.77, 0, 0, 4.15
2019/07/19 04:14:00, 23.25, 22.81, 22.60, 39.88, 39.79, 0, 0, 4.15
2019/07/19 04:15:00, 23.25, 22.80, 22.60, 39.83, 39.78, 0, 0, 4.15
2019/07/19 04:16:00, 23.25, 22.80, 22.58, 39.87, 39.81, 0, 0, 4.15
2019/07/19 04:17:00, 23.25, 22.78, 22.60, 39.86, 39.79, 0, 0, 4.15
2019/07/19 04:18:00, 23.25, 22.81, 22.58, 39.85, 39.80, 0, 0, 4.15
2019/07/19 04:19:00, 23.25, 22.80, 22.59, 39.86, 39.82, 0, 0, 4.15
2019/07/19 04:20:00, 23.25, 22.80, 22.58, 39.86, 39.80, 0, 0, 4.15
2019/07/19 04:21:00, 23.25, 22.78, 22.58, 39.88, 39.82, 0, 0, 4.15
2019/07/19 04:22:00, 23.25, 22.78, 22.59, 39.88, 39.84, 0, 0, 4.15
2019/07/19 04:23:00, 23.25, 22.80, 22.59, 39.90, 39.82, 0, 0, 4.15
2019/07/19 04:24:00, 23.25, 22.80, 22.58, 39.92, 39.85, 0, 0, 4.15
2019/07/19 04:25:00, 23.25, 22.77, 22.57, 39.88, 39.82, 0, 0, 4.15
2019/07/19 04:26:00, 23.25, 22.78, 22.58, 39.95, 39.84, 0, 0, 4.15
2019/07/19 04:27:00, 23.25, 22.80, 22.58, 39.96, 39.86, 0, 0, 4.15
2019/07/19 04:28:00, 23.25, 22.80, 22.58, 39.98, 39.90, 0, 0, 4.15
2019/07/19 04:29:00, 23.25, 22.80, 22.57, 39.92, 39.89, 0, 0, 4.15
2019/07/19 04:30:00, 23.25, 22.77, 22.57, 39.93, 39.89, 0, 0, 4.15
2019/07/19 04:31:00, 23.25, 22.78, 22.58, 39.96, 39.89, 0, 0, 4.15
2019/07/19 04:32:00, 23.25, 22.77, 22.56, 40.00, 39.92, 0, 0, 4.15
2019/07/19 04:33:00, 23.25, 22.78, 22.58, 39.97, 39.92, 0, 0, 4.15
2019/07/19 04:34:00, 23.25, 22.77, 22.57, 39.98, 39.96, 0, 0, 4.15
2019/07/19 04:35:00, 23.25, 22.77, 22.57, 40.02, 39.94, 0, 0, 4.15
2019/07/19 04:36:00, 23.25, 22.77, 22.58, 40.00, 39.95, 0, 0, 4.15
2019/07/19 04:37:00, 23.25, 22.78, 22.56, 40.00, 39.98, 0, 0, 4.15
2019/07/19 04:38:00, 23.25, 22.75, 22.55, 40.00, 39.98, 0, 0, 4.15
2019/07/19 04:39:00, 23.25, 22.77, 22.58, 40.01, 39.96, 0, 0, 4.15
2019/07/19 04:40:00, 23.25, 22.77, 22.55, 40.01, 39.98, 0, 0, 4.15
2019/07/19 04:41:00, 23.25, 22.75, 22.57, 40.02, 39.99, 0, 0, 4.15
2019/07/19 04:42:00, 23.25, 22.75, 22.56, 40.00, 39.99, 0, 0, 4.15
2019/07/19 04:43:00, 23.25, 22.77, 22.57, 40.06, 40.00, 0, 0, 4.15
2019/07/19 04:44:00, 23.25, 22.78, 22.54, 40.07, 40.04, 0, 0, 4.15
2019/07/19 04:45:00, 23.25, 22.74, 22.55, 40.14, 40.02, 0, 0, 4.15
2019/07/19 04:46:00, 23.25, 22.75, 22.57, 40.12, 40.06, 0, 0, 4.15
2019/07/19 04:47:00, 23.25, 22.77, 22.56, 40.12, 40.03, 0, 0, 4.15
2019/07/19 04:48:00, 23.25, 22.74, 22.55, 40.10, 40.06, 0, 0, 4.15
2019/07/19 04:49:00, 23.25, 22.77, 22.55, 40.14, 40.06, 0, 0, 4.15
2019/07/19 04:50:00, 23.25, 22.75, 22.55, 40.14, 40.08, 0, 0, 4.15
2019/07/19 04:51:00, 23.25, 22.75, 22.57, 40.12, 40.06, 0, 0, 4.15
2019/07/19 04:52:00, 23.25, 22.74, 22.54, 40.13, 40.07, 0, 0, 4.15
2019/07/19 04:53:00, 23.25, 22.77, 22.55, 40.12, 40.06, 0, 0, 4.15
2019/07/19 04:54:00, 23.25, 22.74, 22.55, 40.17, 40.10, 0, 0, 4.15
2019/07/19 04:55:00, 23.00, 22.75, 22.54, 40.18, 40.08, 0, 0, 4.15
2019/07/19 04:56:00, 23.25, 22.74, 22.53, 40.17, 40.12, 0, 0, 4.15
2019/07/19 04:57:00, 23.25, 22.75, 22.55, 40.25, 40.15, 0, 0, 4.15
2019/07/19 04:58:00, 23.00, 22.75, 22.53, 40.23, 40.15, 0, 0, 4.15
2019/07/19 04:59:00, 23.25, 22.77, 22.56, 40.22, 40.13, 0, 0, 4.15
2019/07/19 05:00:00, 23.00, 22.74, 22.53, 40.23, 40.15, 0, 0, 4.15
2019/07/19 05:01:00, 23.00, 22.75, 22.54, 40.22, 40.15, 0, 0, 4.15
2019/07/19 05:02:00, 23.00, 22.74, 22.53, 40.20, 40.15, 0, 0, 4.15
2019/07/19 05:03:00, 23.00, 22.73, 22.54, 40.21, 40.18, 0, 0, 4.15
2019/07/19 05:04:00, 23.00, 22.75, 22.51, 40.26, 40.18, 0, 0, 4.15
2019/07/19 05:05:00, 23.00, 22.74, 22.50, 40.27, 40.18, 0, 0, 4.15
2019/07/19 05:06:00, 23.00, 22.74, 22.54, 40.23, 40.20, 0, 0, 4.15
2019/07/19 05:07:00, 23.00, 22.74, 22.53, 40.28, 40.24, 0, 0, 4.15
2019/07/19 05:08:00, 23.25, 22.74, 22.51, 40.25, 40.22, 0, 0, 4.15
2019/07/19 05:09:00, 23.25, 22.73, 22.55, 40.26, 40.23, 0, 0, 4.15
2019/07/19 05:10:00, 23.00, 22.74, 22.53, 40.28, 40.23, 0, 0, 4.15
2019/07/19 05:11:00, 23.00, 22.75, 22.54, 40.29, 40.24, 0, 0, 4.15
2019/07/19 05:12:00, 23.00, 22.73, 22.56, 40.34, 40.26, 0, 0, 4.15
2019/07/19 05:13:00, 23.00, 22.74, 22.53, 40.29, 40.26, 0, 0, 4.15
2019/07/19 05:14:00, 23.00, 22.74, 22.54, 40.29, 40.24, 0, 0, 4.15
2019/07/19 05:15:00, 23.00, 22.74, 22.51, 40.30, 40.26, 0, 0, 4.15
2019/07/19 05:16:00, 23.00, 22.71, 22.51, 40.37, 40.28, 0, 0, 4.15
2019/07/19 05:17:00, 23.00, 22.71, 22.50, 40.32, 40.27, 0, 0, 4.15
2019/07/19 05:18:00, 23.00, 22.73, 22.54, 40.32, 40.28, 0, 0, 4.15
2019/07/19 05:19:00, 23.00, 22.74, 22.51, 40.34, 40.29, 0, 0, 4.15
2019/07/19 05:20:00, 23.00, 22.73, 22.53, 40.36, 40.31, 0, 0, 4.15
2019/07/19 05:21:00, 23.00, 22.74, 22.50, 40.40, 40.31, 0, 0, 4.15
2019/07/19 05:22:00, 23.00, 22.73, 22.49, 40.35, 40.32, 0, 0, 4.15
2019/07/19 05:23:00, 23.00, 22.73, 22.50, 40.42, 40.32, 0, 0, 4.15
2019/07/19 05:24:00, 23.00, 22.74, 22.50, 40.38, 40.32, 0, 0, 4.15
2019/07/19 05:25:00, 23.00, 22.71, 22.50, 40.39, 40.30, 0, 0, 4.15
2019/07/19 05:26:00, 23.00, 22.73, 22.50, 40.42, 40.37, 0, 0, 4.15
2019/07/19 05:27:00, 23.00, 22.74, 22.51, 40.43, 40.36, 0, 0, 4.15
2019/07/19 05:28:00, 23.00, 22.73, 22.53, 40.43, 40.37, 0, 0, 4.15
2019/07/19 05:29:00, 23.00, 22.71, 22.51, 40.45, 40.37, 0, 0, 4.15
2019/07/19 05:30:00, 23.00, 22.74, 22.50, 40.40, 40.37, 0, 0, 4.15
2019/07/19 05:31:00, 23.00, 22.73, 22.53, 40.45, 40.38, 0, 0, 4.15
2019/07/19 05:32:00, 23.00, 22.77, 22.54, 40.50, 40.40, 0, 0, 4.15
2019/07/19 05:33:00, 23.00, 22.75, 22.50, 40.46, 40.40, 0, 0, 4.15
2019/07/19 05:34:00, 23.00, 22.73, 22.50, 40.47, 40.40, 0, 0, 4.15
2019/07/19 05:35:00, 23.00, 22.73, 22.50, 40.51, 40.42, 0, 0, 4.15
2019/07/19 05:36:00, 23.00, 22.73, 22.49, 40.44, 40.40, 0, 0, 4.15
2019/07/19 05:37:00, 23.00, 22.73, 22.51, 40.50, 40.42, 0, 0, 4.15
2019/07/19 05:38:00, 23.00, 22.73, 22.53, 40.50, 40.43, 0, 0, 4.15
2019/07/19 05:39:00, 23.00, 22.73, 22.50, 40.52, 40.44, 0, 0, 4.15
2019/07/19 05:40:00, 23.00, 22.74, 22.53, 40.50, 40.44, 0, 0, 4.15
2019/07/19 05:41:00, 23.00, 22.71, 22.50, 40.51, 40.44, 0, 0, 4.15
2019/07/19 05:42:00, 23.00, 22.73, 22.54, 40.52, 40.47, 0, 0, 4.15
2019/07/19 05:43:00, 23.00, 22.71, 22.51, 40.56, 40.48, 0, 0, 4.15
2019/07/19 05:44:00, 23.00, 22.73, 22.50, 40.55, 40.48, 0, 0, 4.15
2019/07/19 05:45:00, 23.00, 22.75, 22.50, 40.56, 40.49, 0, 0, 4.15
2019/07/19 05:46:00, 23.00, 22.73, 22.53, 40.60, 40.49, 0, 0, 4.15
2019/07/19 05:47:00, 23.00, 22.73, 22.51, 40.60, 40.50, 0, 0, 4.15
2019/07/19 05:48:00, 23.00, 22.71, 22.51, 40.62, 40.50, 0, 0, 4.15
2019/07/19 05:49:00, 23.00, 22.73, 22.50, 40.58, 40.49, 0, 0, 4.15
2019/07/19 05:50:00, 23.00, 22.74, 22.49, 40.67, 40.53, 0, 0, 4.15
2019/07/19 05:51:00, 23.00, 22.73, 22.51, 40.63, 40.54, 0, 0, 4.15
2019/07/19 05:52:00, 23.00, 22.73, 22.50, 40.63, 40.53, 0, 0, 4.15
2019/07/19 05:53:00, 23.00, 22.74, 22.53, 40.60, 40.55, 0, 0, 4.15
2019/07/19 05:54:00, 23.00, 22.71, 22.51, 40.60, 40.54, 0, 0, 4.15
2019/07/19 05:55:00, 23.00, 22.73, 22.50, 40.66, 40.58, 0, 0, 4.15
2019/07/19 05:56:00, 23.00, 22.71, 22.51, 40.71, 40.59, 0, 0, 4.15
2019/07/19 05:57:00, 23.00, 22.73, 22.51, 40.63, 40.58, 0, 0, 4.15
2019/07/19 05:58:00, 23.00, 22.73, 22.50, 40.71, 40.60, 0, 0, 4.15
2019/07/19 05:59:00, 23.00, 22.71, 22.51, 40.76, 40.66, 0, 0, 4.15
2019/07/19 06:00:00, 23.00, 22.73, 22.53, 40.73, 40.66, 0, 0, 4.15
2019/07/19 06:01:00, 23.00, 22.74, 22.51, 40.74, 40.65, 0, 0, 4.15
2019/07/19 06:02:00, 23.00, 22.71, 22.51, 40.73, 40.64, 0, 0, 4.15
2019/07/19 06:03:00, 23.00, 22.70, 22.50, 40.74, 40.65, 0, 0, 4.15
2019/07/19 06:04:00, 23.00, 22.70, 22.53, 40.76, 40.68, 0, 0, 4.15
2019/07/19 06:05:00, 23.00, 22.74, 22.50, 40.75, 40.67, 0, 0, 4.15
2019/07/19 06:06:00, 23.00, 22.74, 22.54, 40.79, 40.71, 0, 0, 4.15
2019/07/19 06:07:00, 23.00, 22.73, 22.51, 40.78, 40.69, 0, 0, 4.15
2019/07/19 06:08:00, 23.00, 22.74, 22.50, 40.83, 40.69, 0, 0, 4.15
2019/07/19 06:09:00, 23.00, 22.73, 22.50, 40.79, 40.72, 0, 0, 4.15
2019/07/19 06:10:00, 23.00, 22.74, 22.50, 40.80, 40.72, 0, 0, 4.15
2019/07/19 06:11:00, 23.00, 22.71, 22.53, 40.85, 40.74, 0, 0, 4.15
2019/07/19 06:12:00, 23.00, 22.74, 22.51, 40.83, 40.75, 0, 0, 4.15
2019/07/19 06:13:00, 23.00, 22.74, 22.49, 40.83, 40.74, 0, 0, 4.15
2019/07/19 06:14:00, 23.00, 22.74, 22.51, 40.86, 40.76, 0, 0, 4.15
2019/07/19 06:15:00, 23.00, 22.74, 22.53, 40.90, 40.76, 0, 0, 4.15
2019/07/19 06:16:00, 23.00, 22.73, 22.54, 40.86, 40.79, 0, 0, 4.15
2019/07/19 06:17:00, 23.00, 22.74, 22.51, 40.82, 40.79, 0, 0, 4.15
2019/07/19 06:18:00, 23.00, 22.75, 22.54, 40.86, 40.81, 0, 0, 4.15
2019/07/19 06:19:00, 23.00, 22.74, 22.54, 40.87, 40.80, 0, 0, 4.15
2019/07/19 06:20:00, 23.00, 22.77, 22.54, 40.90, 40.80, 0, 0, 4.15
2019/07/19 06:21:00, 23.00, 22.73, 22.56, 40.90, 40.82, 0, 0, 4.15
2019/07/19 06:22:00, 23.00, 22.75, 22.54, 40.88, 40.81, 0, 0, 4.15
2019/07/19 06:23:00, 23.00, 22.75, 22.54, 40.93, 40.84, 0, 0, 4.15
2019/07/19 06:24:00, 23.00, 22.75, 22.54, 40.92, 40.84, 0, 0, 4.15
2019/07/19 06:25:00, 23.00, 22.73, 22.55, 40.88, 40.82, 0, 0, 4.15
2019/07/19 06:26:00, 23.00, 22.75, 22.53, 40.93, 40.84, 0, 0, 4.15
2019/07/19 06:27:00, 23.00, 22.75, 22.55, 40.99, 40.90, 0, 0, 4.15
2019/07/19 06:28:00, 23.00, 22.77, 22.54, 41.01, 40.91, 0, 0, 4.15
2019/07/19 06:29:00, 23.00, 22.75, 22.55, 40.99, 40.91, 0, 0, 4.15
2019/07/19 06:30:00, 23.00, 22.77, 22.54, 41.03, 40.93, 0, 0, 4.15
2019/07/19 06:31:00, 23.00, 22.75, 22.57, 41.03, 40.92, 0, 0, 4.15
2019/07/19 06:32:00, 23.00, 22.74, 22.55, 41.03, 40.91, 0, 0, 4.15
2019/07/19 06:33:00, 23.00, 22.75, 22.58, 41.05, 40.93, 0, 0, 4.15
2019/07/19 06:34:00, 23.00, 22.77, 22.58, 41.03, 40.95, 0, 0, 4.15
2019/07/19 06:35:00, 23.00, 22.78, 22.57, 41.05, 40.95, 0, 0, 4.15
2019/07/19 06:36:00, 23.00, 22.78, 22.57, 40.99, 40.95, 0, 0, 4.15
2019/07/19 06:37:00, 23.00, 22.78, 22.57, 41.05, 40.96, 0, 0, 4.15
2019/07/19 06:38:00, 23.00, 22.77, 22.58, 41.06, 40.99, 0, 0, 4.15
2019/07/19 06:39:00, 23.00, 22.78, 22.59, 41.08, 40.98, 0, 0, 4.15
2019/07/19 06:40:00, 23.00, 22.80, 22.59, 41.05, 40.99, 0, 0, 4.15
2019/07/19 06:41:00, 23.00, 22.82, 22.59, 41.08, 41.01, 0, 0, 4.15
2019/07/19 06:42:00, 23.00, 22.82, 22.61, 41.10, 41.01, 0, 0, 4.15
2019/07/19 06:43:00, 23.00, 22.81, 22.60, 41.12, 41.00, 0, 0, 4.15
2019/07/19 06:44:00, 23.00, 22.82, 22.61, 41.15, 41.01, 0, 0, 4.15
2019/07/19 06:45:00, 23.00, 22.82, 22.63, 41.15, 41.02, 0, 0, 4.15
2019/07/19 06:46:00, 23.00, 22.85, 22.63, 41.14, 41.00, 0, 0, 4.15
2019/07/19 06:47:00, 23.00, 22.87, 22.67, 41.12, 41.04, 0, 0, 4.15
2019/07/19 06:48:00, 23.00, 22.84, 22.65, 41.08, 41.04, 0, 0, 4.15
2019/07/19 06:49:00, 23.00, 22.90, 22.67, 41.14, 41.04, 0, 0, 4.15
2019/07/19 06:50:00, 23.00, 22.88, 22.71, 41.13, 41.03, 0, 0, 4.15
2019/07/19 06:51:00, 23.25, 22.91, 22.68, 41.10, 41.01, 0, 0, 4.15
2019/07/19 06:52:00, 23.25, 22.91, 22.71, 41.10, 41.01, 0, 0, 4.15
2019/07/19 06:53:00, 23.00, 22.94, 22.72, 41.12, 41.00, 0, 0, 4.15
2019/07/19 06:54:00, 23.25, 22.94, 22.74, 41.05, 40.99, 0, 0, 4.15
2019/07/19 06:55:00, 23.25, 22.95, 22.74, 41.08, 40.98, 0, 0, 4.15
2019/07/19 06:56:00, 23.25, 22.95, 22.74, 41.07, 40.97, 0, 0, 4.15
2019/07/19 06:57:00, 23.25, 22.95, 22.75, 41.05, 40.98, 0, 0, 4.15
2019/07/19 06:58:00, 23.25, 22.98, 22.75, 41.05, 40.97, 0, 0, 4.15
2019/07/19 06:59:00, 23.25, 22.97, 22.75, 41.11, 40.97, 0, 0, 4.15
2019/07/19 07:00:00, 23.25, 22.97, 22.76, 41.08, 40.97, 0, 0, 4.15
2019/07/19 07:01:00, 23.25, 22.97, 22.78, 41.11, 40.98, 0, 0, 4.15
2019/07/19 07:02:00, 23.25, 22.99, 22.79, 41.11, 40.98, 0, 0, 4.15
2019/07/19 07:03:00, 23.25, 22.99, 22.78, 41.10, 40.98, 0, 0, 4.15
2019/07/19 07:04:00, 23.25, 22.99, 22.80, 41.11, 41.01, 0, 0, 4.15
2019/07/19 07:05:00, 23.25, 22.99, 22.80, 41.12, 41.00, 0, 0, 4.15
2019/07/19 07:06:00, 23.25, 23.01, 22.82, 41.11, 41.03, 0, 0, 4.15
2019/07/19 07:07:00, 23.25, 23.02, 22.82, 41.11, 41.01, 0, 0, 4.15
2019/07/19 07:08:00, 23.25, 23.03, 22.83, 41.13, 41.04, 0, 0, 4.15
2019/07/19 07:09:00, 23.25, 23.03, 22.83, 41.15, 41.01, 0, 0, 4.15
2019/07/19 07:10:00, 23.25, 23.05, 22.86, 41.12, 41.01, 0, 0, 4.15
2019/07/19 07:11:00, 23.25, 23.06, 22.89, 41.07, 41.00, 0, 0, 4.15
2019/07/19 07:12:00, 23.25, 23.09, 22.89, 41.11, 41.00, 0, 0, 4.15
2019/07/19 07:13:00, 23.25, 23.11, 22.90, 41.06, 40.96, 0, 0, 4.15
2019/07/19 07:14:00, 23.25, 23.11, 22.93, 41.05, 40.94, 0, 0, 4.15
2019/07/19 07:15:00, 23.25, 23.11, 22.94, 41.06, 40.92, 0, 0, 4.15
2019/07/19 07:16:00, 23.25, 23.14, 22.97, 41.06, 40.93, 0, 0, 4.15
2019/07/19 07:17:00, 23.25, 23.16, 22.97, 41.08, 40.95, 0, 0, 4.15
2019/07/19 07:18:00, 23.25, 23.18, 22.99, 41.07, 40.95, 0, 0, 4.15
2019/07/19 07:19:00, 23.25, 23.19, 22.99, 41.04, 40.94, 0, 0, 4.15
2019/07/19 07:20:00, 23.25, 23.19, 22.99, 41.04, 40.94, 0, 0, 4.15
2019/07/19 07:21:00, 23.25, 23.21, 23.00, 41.00, 40.91, 0, 0, 4.15
2019/07/19 07:22:00, 23.25, 23.22, 23.02, 41.02, 40.92, 0, 0, 4.15
2019/07/19 07:23:00, 23.25, 23.24, 23.02, 41.02, 40.91, 0, 0, 4.15
2019/07/19 07:24:00, 23.25, 23.24, 23.05, 41.01, 40.90, 0, 0, 4.15
2019/07/19 07:25:00, 23.25, 23.26, 23.06, 41.01, 40.89, 0, 0, 4.15
2019/07/19 07:26:00, 23.25, 23.28, 23.08, 40.99, 40.89, 0, 0, 4.15
2019/07/19 07:27:00, 23.25, 23.28, 23.07, 41.00, 40.89, 0, 0, 4.15
2019/07/19 07:28:00, 23.25, 23.29, 23.09, 40.97, 40.87, 0, 0, 4.15
2019/07/19 07:29:00, 23.25, 23.30, 23.10, 40.93, 40.86, 0, 0, 4.15
2019/07/19 07:30:00, 23.25, 23.29, 23.10, 40.95, 40.83, 0, 0, 4.15
2019/07/19 07:31:00, 23.25, 23.30, 23.16, 40.92, 40.85, 0, 0, 4.15
2019/07/19 07:32:00, 23.25, 23.35, 23.16, 40.92, 40.81, 0, 0, 4.15
2019/07/19 07:33:00, 23.25, 23.36, 23.16, 40.94, 40.82, 0, 0, 4.15
2019/07/19 07:34:00, 23.25, 23.36, 23.18, 40.93, 40.85, 0, 0, 4.15
2019/07/19 07:35:00, 23.25, 23.39, 23.19, 40.97, 40.84, 0, 0, 4.15
2019/07/19 07:36:00, 23.25, 23.39, 23.21, 41.05, 40.90, 0, 0, 4.15
2019/07/19 07:37:00, 23.25, 23.40, 23.22, 41.05, 40.92, 0, 0, 4.15
2019/07/19 07:38:00, 23.25, 23.40, 23.23, 41.06, 40.92, 0, 0, 4.15
2019/07/19 07:39:00, 23.25, 23.42, 23.23, 41.07, 40.96, 0, 0, 4.15
2019/07/19 07:40:00, 23.25, 23.44, 23.24, 41.12, 40.98, 0, 0, 4.15
2019/07/19 07:41:00, 23.25, 23.46, 23.24, 41.10, 41.02, 0, 0, 4.15
2019/07/19 07:42:00, 23.50, 23.47, 23.27, 41.18, 41.01, 0, 0, 4.15
2019/07/19 07:43:00, 23.50, 23.47, 23.28, 41.16, 41.03, 0, 0, 4.15
2019/07/19 07:44:00, 23.50, 23.47, 23.28, 41.22, 41.05, 0, 0, 4.15
2019/07/19 07:45:00, 23.50, 23.47, 23.30, 41.15, 41.06, 0, 0, 4.15
2019/07/19 07:46:00, 23.50, 23.49, 23.31, 41.22, 41.06, 0, 0, 4.15
2019/07/19 07:47:00, 23.50, 23.50, 23.31, 41.21, 41.08, 0, 0, 4.15
2019/07/19 07:48:00, 23.50, 23.50, 23.31, 41.24, 41.08, 0, 0, 4.15
2019/07/19 07:49:00, 23.50, 23.52, 23.33, 41.22, 41.08, 0, 0, 4.15
2019/07/19 07:50:00, 23.50, 23.53, 23.34, 41.29, 41.13, 0, 0, 4.15
2019/07/19 07:51:00, 23.50, 23.56, 23.35, 41.31, 41.16, 0, 0, 4.15
2019/07/19 07:52:00, 23.50, 23.54, 23.37, 41.36, 41.19, 0, 0, 4.15
2019/07/19 07:53:00, 23.50, 23.54, 23.36, 41.42, 41.24, 0, 0, 4.15
2019/07/19 07:54:00, 23.50, 23.56, 23.37, 41.49, 41.29, 0, 0, 4.15
2019/07/19 07:55:00, 23.50, 23.59, 23.38, 41.51, 41.37, 0, 0, 4.15
2019/07/19 07:56:00, 23.50, 23.56, 23.37, 41.58, 41.37, 0, 0, 4.15
2019/07/19 07:57:00, 23.50, 23.60, 23.38, 41.58, 41.45, 0, 0, 4.15
2019/07/19 07:58:00, 23.50, 23.59, 23.41, 41.59, 41.45, 0, 0, 4.15
2019/07/19 07:59:00, 23.50, 23.60, 23.41, 41.70, 41.50, 0, 0, 4.15
2019/07/19 08:00:00, 23.50, 23.63, 23.41, 41.73, 41.54, 0, 0, 4.15
2019/07/19 08:01:00, 23.50, 23.61, 23.45, 41.80, 41.61, 0, 0, 4.15
2019/07/19 08:02:00, 23.50, 23.61, 23.45, 41.81, 41.63, 0, 0, 4.15
2019/07/19 08:03:00, 23.50, 23.61, 23.45, 41.81, 41.63, 0, 0, 4.15
2019/07/19 08:04:00, 23.50, 23.64, 23.46, 41.73, 41.63, 0, 0, 4.15
2019/07/19 08:05:00, 23.50, 23.64, 23.46, 41.84, 41.65, 0, 0, 4.15
2019/07/19 08:06:00, 23.50, 23.63, 23.47, 41.89, 41.67, 0, 0, 4.15
2019/07/19 08:07:00, 23.50, 23.65, 23.47, 41.90, 41.72, 0, 0, 4.15
2019/07/19 08:08:00, 23.50, 23.65, 23.47, 41.97, 41.72, 0, 0, 4.15
2019/07/19 08:09:00, 23.50, 23.67, 23.47, 41.96, 41.78, 0, 0, 4.15
2019/07/19 08:10:00, 23.50, 23.65, 23.50, 42.03, 41.79, 0, 0, 4.15
2019/07/19 08:11:00, 23.50, 23.68, 23.48, 42.04, 41.84, 0, 0, 4.15
2019/07/19 08:12:00, 23.50, 23.68, 23.51, 42.09, 41.90, 0, 0, 4.15
2019/07/19 08:13:00, 23.50, 23.68, 23.50, 42.09, 41.91, 0, 0, 4.15
2019/07/19 08:14:00, 23.50, 23.70, 23.53, 42.05, 41.88, 0, 0, 4.15
2019/07/19 08:15:00, 23.50, 23.73, 23.53, 42.04, 41.87, 0, 0, 4.15
2019/07/19 08:16:00, 23.50, 23.70, 23.54, 42.09, 41.88, 0, 0, 4.15
2019/07/19 08:17:00, 23.50, 23.74, 23.57, 42.10, 41.90, 0, 0, 4.15
2019/07/19 08:18:00, 23.50, 23.71, 23.53, 42.17, 41.94, 0, 0, 4.15
2019/07/19 08:19:00, 23.50, 23.73, 23.58, 42.18, 41.93, 0, 0, 4.15
2019/07/19 08:20:00, 23.50, 23.73, 23.57, 42.22, 41.99, 0, 0, 4.15
2019/07/19 08:21:00, 23.75, 23.74, 23.59, 42.24, 42.02, 0, 0, 4.15
2019/07/19 08:22:00, 23.75, 23.74, 23.58, 42.31, 42.04, 0, 0, 4.15
2019/07/19 08:23:00, 23.75, 23.76, 23.61, 42.26, 42.01, 0, 0, 4.15
2019/07/19 08:24:00, 23.75, 23.76, 23.59, 42.26, 42.04, 0, 0, 4.15
2019/07/19 08:25:00, 23.75, 23.76, 23.57, 42.32, 42.08, 0, 0, 4.15
2019/07/19 08:26:00, 23.75, 23.77, 23.60, 42.34, 42.14, 0, 0, 4.15
2019/07/19 08:27:00, 23.75, 23.79, 23.62, 42.40, 42.15, 0, 0, 4.15
2019/07/19 08:28:00, 23.75, 23.79, 23.61, 42.32, 42.14, 0, 0, 4.15
2019/07/19 08:29:00, 23.75, 23.80, 23.62, 42.36, 42.14, 0, 0, 4.15
2019/07/19 08:30:00, 23.75, 23.81, 23.62, 42.45, 42.20, 0, 0, 4.15
2019/07/19 08:31:00, 23.75, 23.79, 23.63, 42.45, 42.20, 0, 0, 4.15
2019/07/19 08:32:00, 23.75, 23.81, 23.63, 42.42, 42.17, 0, 0, 4.15
2019/07/19 08:33:00, 23.75, 23.83, 23.65, 42.47, 42.21, 0, 0, 4.15
2019/07/19 08:34:00, 23.75, 23.83, 23.65, 42.48, 42.23, 0, 0, 4.15
2019/07/19 08:35:00, 23.75, 23.84, 23.66, 42.52, 42.25, 0, 0, 4.15
2019/07/19 08:36:00, 23.75, 23.81, 23.66, 42.54, 42.30, 0, 0, 4.15
2019/07/19 08:37:00, 23.75, 23.83, 23.66, 42.53, 42.31, 0, 0, 4.15
2019/07/19 08:38:00, 23.75, 23.83, 23.65, 42.54, 42.30, 0, 0, 4.15
2019/07/19 08:39:00, 23.75, 23.84, 23.67, 42.60, 42.34, 0, 0, 4.15
2019/07/19 08:40:00, 23.75, 23.85, 23.66, 42.58, 42.34, 0, 0, 4.15
2019/07/19 08:41:00, 23.75, 23.87, 23.67, 42.67, 42.37, 0, 0, 4.15
2019/07/19 08:42:00, 23.75, 23.85, 23.67, 42.62, 42.38, 0, 0, 4.15
2019/07/19 08:43:00, 23.75, 23.85, 23.72, 42.69, 42.45, 0, 0, 4.15
2019/07/19 08:44:00, 23.75, 23.88, 23.71, 42.69, 42.45, 0, 0, 4.15
2019/07/19 08:45:00, 23.75, 23.90, 23.73, 42.68, 42.43, 0, 0, 4.15
2019/07/19 08:46:00, 23.75, 23.91, 23.74, 42.72, 42.44, 0, 0, 4.15
2019/07/19 08:47:00, 23.75, 23.91, 23.73, 42.71, 42.43, 0, 0, 4.15
2019/07/19 08:48:00, 23.75, 23.91, 23.75, 42.72, 42.46, 0, 0, 4.15
2019/07/19 08:49:00, 23.75, 23.92, 23.73, 42.72, 42.45, 0, 0, 4.15
2019/07/19 08:50:00, 23.75, 23.92, 23.75, 42.70, 42.45, 0, 0, 4.15
2019/07/19 08:51:00, 23.75, 23.92, 23.75, 42.75, 42.47, 0, 0, 4.15
2019/07/19 08:52:00, 23.75, 23.91, 23.76, 42.79, 42.50, 0, 0, 4.15
2019/07/19 08:53:00, 23.75, 23.94, 23.76, 42.78, 42.53, 0, 0, 4.15
2019/07/19 08:54:00, 23.75, 23.92, 23.77, 42.79, 42.50, 0, 0, 4.15
2019/07/19 08:55:00, 23.75, 23.92, 23.76, 42.79, 42.55, 0, 0, 4.15
2019/07/19 08:56:00, 23.75, 23.94, 23.78, 42.79, 42.51, 0, 0, 4.15
2019/07/19 08:57:00, 23.75, 23.92, 23.76, 42.89, 42.57, 0, 0, 4.15
2019/07/19 08:58:00, 23.75, 23.94, 23.78, 42.85, 42.57, 0, 0, 4.15
2019/07/19 08:59:00, 23.75, 23.97, 23.78, 42.83, 42.56, 0, 0, 4.15
2019/07/19 09:00:00, 23.75, 23.95, 23.78, 42.85, 42.57, 0, 0, 4.15
2019/07/19 09:01:00, 23.75, 23.97, 23.78, 42.83, 42.57, 0, 0, 4.15
2019/07/19 09:02:00, 23.75, 23.97, 23.79, 42.82, 42.56, 0, 0, 4.15
2019/07/19 09:03:00, 23.75, 23.97, 23.80, 42.83, 42.59, 0, 0, 4.15
2019/07/19 09:04:00, 23.75, 23.98, 23.80, 42.87, 42.57, 0, 0, 4.15
2019/07/19 09:05:00, 23.75, 23.94, 23.81, 42.86, 42.60, 0, 0, 4.15
2019/07/19 09:06:00, 23.75, 23.97, 23.79, 42.87, 42.62, 0, 0, 4.15
2019/07/19 09:07:00, 23.75, 23.97, 23.81, 42.89, 42.62, 0, 0, 4.15
2019/07/19 09:08:00, 23.75, 23.97, 23.79, 42.93, 42.63, 0, 0, 4.15
2019/07/19 09:09:00, 23.75, 23.97, 23.83, 42.81, 42.62, 0, 0, 4.15
2019/07/19 09:10:00, 23.75, 23.99, 23.79, 42.97, 42.66, 0, 0, 4.15
2019/07/19 09:11:00, 23.75, 23.98, 23.81, 42.93, 42.67, 0, 0, 4.15
2019/07/19 09:12:00, 23.75, 23.98, 23.81, 42.98, 42.69, 0, 0, 4.15
2019/07/19 09:13:00, 23.75, 23.98, 23.81, 42.91, 42.68, 0, 0, 4.15
2019/07/19 09:14:00, 23.75, 24.01, 23.82, 43.01, 42.72, 0, 0, 4.15
2019/07/19 09:15:00, 24.00, 24.01, 23.83, 43.01, 42.75, 0, 0, 4.15
2019/07/19 09:16:00, 23.75, 24.01, 23.81, 43.03, 42.76, 0, 0, 4.15
2019/07/19 09:17:00, 23.75, 23.99, 23.83, 42.97, 42.73, 0, 0, 4.15
2019/07/19 09:18:00, 24.00, 24.01, 23.83, 43.02, 42.76, 0, 0, 4.15
2019/07/19 09:19:00, 23.75, 24.01, 23.83, 43.10, 42.78, 0, 0, 4.15
2019/07/19 09:20:00, 24.00, 23.99, 23.86, 43.11, 42.80, 0, 0, 4.15
2019/07/19 09:21:00, 24.00, 24.01, 23.84, 43.04, 42.76, 0, 0, 4.15
2019/07/19 09:22:00, 24.00, 24.02, 23.84, 43.10, 42.79, 0, 0, 4.15
2019/07/19 09:23:00, 24.00, 24.02, 23.83, 43.12, 42.82, 0, 0, 4.15
2019/07/19 09:24:00, 24.00, 24.04, 23.87, 43.12, 42.82, 0, 0, 4.15
2019/07/19 09:25:00, 24.00, 24.04, 23.86, 43.21, 42.85, 0, 0, 4.15
2019/07/19 09:26:00, 24.00, 24.05, 23.88, 43.14, 42.87, 0, 0, 4.15
2019/07/19 09:27:00, 24.00, 24.04, 23.84, 43.12, 42.84, 0, 0, 4.15
2019/07/19 09:28:00, 24.00, 24.07, 23.87, 43.19, 42.85, 0, 0, 4.15
2019/07/19 09:29:00, 24.00, 24.02, 23.87, 43.15, 42.87, 0, 0, 4.15
2019/07/19 09:30:00, 24.00, 24.02, 23.90, 43.21, 42.90, 0, 0, 4.15
2019/07/19 09:31:00, 24.00, 24.05, 23.88, 43.18, 42.88, 0, 0, 4.15
2019/07/19 09:32:00, 24.00, 24.07, 23.89, 43.25, 42.95, 0, 0, 4.15
2019/07/19 09:33:00, 24.00, 24.08, 23.87, 43.18, 42.92, 0, 0, 4.15
2019/07/19 09:34:00, 24.00, 24.08, 23.89, 43.19, 42.95, 0, 0, 4.15
2019/07/19 09:35:00, 24.00, 24.07, 23.90, 43.26, 42.95, 0, 0, 4.15
2019/07/19 09:36:00, 24.00, 24.09, 23.90, 43.25, 42.98, 0, 0, 4.15
2019/07/19 09:37:00, 24.00, 24.05, 23.90, 43.26, 42.95, 0, 0, 4.15
2019/07/19 09:38:00, 24.00, 24.07, 23.90, 43.26, 43.00, 0, 0, 4.15
2019/07/19 09:39:00, 24.00, 24.07, 23.90, 43.30, 43.00, 0, 0, 4.15
2019/07/19 09:40:00, 24.00, 24.07, 23.91, 43.32, 43.04, 0, 0, 4.15
2019/07/19 09:41:00, 24.00, 24.07, 23.91, 43.34, 43.03, 0, 0, 4.15
2019/07/19 09:42:00, 24.00, 24.07, 23.92, 43.30, 42.98, 0, 0, 4.15
2019/07/19 09:43:00, 24.00, 24.12, 23.92, 43.38, 43.08, 0, 0, 4.15
2019/07/19 09:44:00, 24.00, 24.11, 23.92, 43.33, 43.07, 0, 0, 4.15
2019/07/19 09:45:00, 24.00, 24.11, 23.92, 43.26, 43.01, 0, 0, 4.15
2019/07/19 09:46:00, 24.00, 24.08, 23.93, 43.29, 43.02, 0, 0, 4.15
2019/07/19 09:47:00, 24.00, 24.09, 23.92, 43.32, 43.03, 0, 0, 4.15
2019/07/19 09:48:00, 24.00, 24.09, 23.92, 43.39, 43.07, 0, 0, 4.15
2019/07/19 09:49:00, 24.00, 24.08, 23.93, 43.34, 43.05, 0, 0, 4.15
2019/07/19 09:50:00, 24.00, 24.08, 23.90, 43.32, 43.06, 0, 0, 4.15
2019/07/19 09:51:00, 24.00, 24.11, 23.94, 43.37, 43.07, 0, 0, 4.15
2019/07/19 09:52:00, 24.00, 24.11, 23.93, 43.30, 43.04, 0, 0, 4.15
2019/07/19 09:53:00, 24.00, 24.11, 23.94, 43.36, 43.10, 0, 0, 4.15
2019/07/19 09:54:00, 24.00, 24.11, 23.93, 43.44, 43.13, 0, 0, 4.15
2019/07/19 09:55:00, 24.00, 24.11, 23.92, 43.43, 43.13, 0, 0, 4.15
2019/07/19 09:56:00, 24.00, 24.11, 23.93, 43.41, 43.11, 0, 0, 4.15
2019/07/19 09:57:00, 24.00, 24.09, 23.95, 43.41, 43.11, 0, 0, 4.15
2019/07/19 09:58:00, 24.00, 24.12, 23.95, 43.46, 43.14, 0, 0, 4.15
2019/07/19 09:59:00, 24.00, 24.09, 23.93, 43.49, 43.15, 0, 0, 4.15
2019/07/19 10:00:00, 24.00, 24.09, 23.93, 43.41, 43.12, 0, 0, 4.15
2019/07/19 10:01:00, 24.00, 24.11, 23.94, 43.40, 43.12, 0, 0, 4.15
2019/07/19 10:02:00, 24.00, 24.11, 23.94, 43.41, 43.12, 0, 0, 4.15
2019/07/19 10:03:00, 24.00, 24.14, 23.95, 43.34, 43.10, 0, 0, 4.15
2019/07/19 10:04:00, 24.00, 24.11, 23.94, 43.39, 43.07, 0, 0, 4.15
2019/07/19 10:05:00, 24.00, 24.11, 23.93, 43.35, 43.08, 0, 0, 4.15
2019/07/19 10:06:00, 24.00, 24.12, 23.94, 43.43, 43.09, 0, 0, 4.15
2019/07/19 10:07:00, 24.00, 24.12, 23.95, 43.37, 43.06, 0, 0, 4.15
2019/07/19 10:08:00, 24.00, 24.14, 23.95, 43.36, 43.07, 0, 0, 4.15
2019/07/19 10:09:00, 24.00, 24.11, 23.94, 43.31, 43.05, 0, 0, 4.15
2019/07/19 10:10:00, 24.00, 24.12, 23.93, 43.27, 43.00, 0, 0, 4.15
2019/07/19 10:11:00, 24.00, 24.11, 23.95, 43.29, 43.04, 0, 0, 4.15
2019/07/19 10:12:00, 24.00, 24.14, 23.96, 43.36, 43.09, 0, 0, 4.15
2019/07/19 10:13:00, 24.00, 24.15, 23.95, 43.29, 43.03, 0, 0, 4.15
2019/07/19 10:14:00, 24.00, 24.14, 23.96, 43.23, 42.99, 0, 0, 4.15
2019/07/19 10:15:00, 24.00, 24.14, 23.94, 43.23, 42.96, 0, 0, 4.15
2019/07/19 10:16:00, 24.00, 24.15, 23.95, 43.28, 42.97, 0, 0, 4.15
2019/07/19 10:17:00, 24.00, 24.14, 23.97, 43.25, 42.97, 0, 0, 4.15
2019/07/19 10:18:00, 24.00, 24.15, 23.97, 43.31, 43.00, 0, 0, 4.15
2019/07/19 10:19:00, 24.00, 24.15, 23.97, 43.22, 42.95, 0, 0, 4.15
2019/07/19 10:20:00, 24.00, 24.16, 23.97, 43.15, 42.91, 0, 0, 4.15
2019/07/19 10:21:00, 24.00, 24.15, 23.96, 43.13, 42.88, 0, 0, 4.15
2019/07/19 10:22:00, 24.00, 24.14, 23.96, 43.15, 42.90, 0, 0, 4.15
2019/07/19 10:23:00, 24.00, 24.11, 23.96, 43.15, 42.89, 0, 0, 4.15
2019/07/19 10:24:00, 24.00, 24.12, 23.94, 43.15, 42.88, 0, 0, 4.15
2019/07/19 10:25:00, 24.00, 24.14, 23.96, 43.17, 42.90, 0, 0, 4.15
2019/07/19 10:26:00, 24.00, 24.14, 23.95, 43.17, 42.88, 0, 0, 4.15
2019/07/19 10:27:00, 24.00, 24.14, 23.96, 43.15, 42.88, 0, 0, 4.15
2019/07/19 10:28:00, 24.00, 24.15, 23.95, 43.11, 42.86, 0, 0, 4.15
2019/07/19 10:29:00, 24.00, 24.12, 23.97, 43.12, 42.86, 0, 0, 4.15
2019/07/19 10:30:00, 24.00, 24.12, 23.95, 43.11, 42.82, 0, 0, 4.15
2019/07/19 10:31:00, 24.00, 24.15, 23.98, 43.10, 42.85, 0, 0, 4.15
2019/07/19 10:32:00, 24.00, 24.14, 23.95, 43.04, 42.83, 0, 0, 4.15
2019/07/19 10:33:00, 24.00, 24.14, 23.95, 43.11, 42.84, 0, 0, 4.15
2019/07/19 10:34:00, 24.00, 24.15, 23.96, 43.13, 42.86, 0, 0, 4.15
2019/07/19 10:35:00, 24.00, 24.16, 23.97, 43.09, 42.86, 0, 0, 4.15
2019/07/19 10:36:00, 24.00, 24.14, 23.95, 43.01, 42.80, 0, 0, 4.15
2019/07/19 10:37:00, 24.00, 24.12, 23.95, 43.07, 42.80, 0, 0, 4.15
2019/07/19 10:38:00, 24.00, 24.14, 23.95, 43.08, 42.82, 0, 0, 4.15
2019/07/19 10:39:00, 24.00, 24.14, 23.95, 43.08, 42.83, 0, 0, 4.15
2019/07/19 10:40:00, 24.00, 24.16, 23.97, 43.03, 42.85, 0, 0, 4.15
2019/07/19 10:41:00, 24.25, 24.14, 23.98, 43.06, 42.81, 0, 0, 4.15
2019/07/19 10:42:00, 24.00, 24.15, 23.97, 43.07, 42.81, 0, 0, 4.15
2019/07/19 10:43:00, 24.00, 24.16, 23.97, 43.08, 42.81, 0, 0, 4.15
2019/07/19 10:44:00, 24.00, 24.18, 23.98, 43.05, 42.78, 0, 0, 4.15
2019/07/19 10:45:00, 24.00, 24.15, 23.97, 43.04, 42.76, 0, 0, 4.15
2019/07/19 10:46:00, 24.25, 24.15, 23.98, 42.99, 42.75, 0, 0, 4.15
2019/07/19 10:47:00, 24.25, 24.14, 23.97, 42.95, 42.67, 0, 0, 4.15
2019/07/19 10:48:00, 24.25, 24.14, 23.96, 42.92, 42.69, 0, 0, 4.15
2019/07/19 10:49:00, 24.25, 24.15, 23.97, 42.91, 42.65, 0, 0, 4.15
2019/07/19 10:50:00, 24.25, 24.16, 23.96, 42.91, 42.66, 0, 0, 4.15
2019/07/19 10:51:00, 24.25, 24.14, 23.97, 42.90, 42.65, 0, 0, 4.15
2019/07/19 10:52:00, 24.25, 24.14, 23.95, 42.91, 42.65, 0, 0, 4.15
2019/07/19 10:53:00, 24.25, 24.15, 23.95, 42.87, 42.64, 0, 0, 4.15
2019/07/19 10:54:00, 24.25, 24.14, 23.97, 42.92, 42.63, 0, 0, 4.15
2019/07/19 10:55:00, 24.25, 24.16, 23.95, 42.82, 42.59, 0, 0, 4.15
2019/07/19 10:56:00, 24.25, 24.14, 23.95, 42.83, 42.59, 0, 0, 4.15
2019/07/19 10:57:00, 24.25, 24.15, 23.95, 42.83, 42.59, 0, 0, 4.15
2019/07/19 10:58:00, 24.25, 24.15, 23.96, 42.79, 42.59, 0, 0, 4.15
2019/07/19 10:59:00, 24.00, 24.15, 23.96, 42.73, 42.57, 0, 0, 4.15
2019/07/19 11:00:00, 24.25, 24.15, 23.96, 42.70, 42.50, 0, 0, 4.15
2019/07/19 11:01:00, 24.25, 24.14, 23.97, 42.82, 42.50, 0, 0, 4.15
2019/07/19 11:02:00, 24.25, 24.09, 23.96, 42.72, 42.48, 0, 0, 4.15
2019/07/19 11:03:00, 24.25, 24.11, 23.94, 42.74, 42.50, 0, 0, 4.15
2019/07/19 11:04:00, 24.25, 24.15, 23.97, 42.68, 42.49, 0, 0, 4.15
2019/07/19 11:05:00, 24.25, 24.16, 23.96, 42.56, 42.42, 0, 0, 4.15
2019/07/19 11:06:00, 24.25, 24.15, 23.96, 42.69, 42.46, 0, 0, 4.15
2019/07/19 11:07:00, 24.25, 24.16, 23.97, 42.61, 42.40, 0, 0, 4.15
2019/07/19 11:08:00, 24.25, 24.14, 23.97, 42.58, 42.39, 0, 0, 4.15
2019/07/19 11:09:00, 24.25, 24.14, 23.96, 42.58, 42.35, 0, 0, 4.15
2019/07/19 11:10:00, 24.25, 24.14, 23.97, 42.54, 42.35, 0, 0, 4.15
2019/07/19 11:11:00, 24.25, 24.16, 23.98, 42.53, 42.33, 0, 0, 4.15
2019/07/19 11:12:00, 24.25, 24.15, 23.97, 42.52, 42.31, 0, 0, 4.15
2019/07/19 11:13:00, 24.25, 24.12, 23.97, 42.51, 42.30, 0, 0, 4.15
2019/07/19 11:14:00, 24.25, 24.15, 23.98, 42.49, 42.29, 0, 0, 4.15
2019/07/19 11:15:00, 24.25, 24.16, 23.97, 42.42, 42.24, 0, 0, 4.15
2019/07/19 11:16:00, 24.25, 24.16, 23.98, 42.42, 42.24, 0, 0, 4.15
2019/07/19 11:17:00, 24.25, 24.14, 23.96, 42.43, 42.18, 0, 0, 4.15
2019/07/19 11:18:00, 24.25, 24.16, 23.96, 42.44, 42.21, 0, 0, 4.15
2019/07/19 11:19:00, 24.25, 24.18, 23.97, 42.38, 42.21, 0, 0, 4.15
2019/07/19 11:20:00, 24.25, 24.15, 23.97, 42.42, 42.21, 0, 0, 4.15
2019/07/19 11:21:00, 24.25, 24.15, 23.96, 42.40, 42.17, 0, 0, 4.15
2019/07/19 11:22:00, 24.25, 24.15, 23.97, 42.38, 42.19, 0, 0, 4.15
2019/07/19 11:23:00, 24.25, 24.16, 23.97, 42.31, 42.13, 0, 0, 4.15
2019/07/19 11:24:00, 24.25, 24.15, 23.97, 42.27, 42.11, 0, 0, 4.15
2019/07/19 11:25:00, 24.25, 24.14, 23.96, 42.25, 42.10, 0, 0, 4.15
2019/07/19 11:26:00, 24.25, 24.14, 23.97, 42.23, 42.04, 0, 0, 4.15
2019/07/19 11:27:00, 24.25, 24.14, 23.97, 42.13, 41.99, 0, 0, 4.15
2019/07/19 11:28:00, 24.25, 24.14, 23.96, 42.07, 41.92, 0, 0, 4.15
2019/07/19 11:29:00, 24.25, 24.16, 23.98, 42.00, 41.85, 0, 0, 4.15
2019/07/19 11:30:00, 24.25, 24.14, 23.96, 41.86, 41.76, 0, 0, 4.15
2019/07/19 11:31:00, 24.25, 24.15, 23.95, 41.80, 41.70, 0, 0, 4.15
2019/07/19 11:32:00, 24.25, 24.16, 23.96, 41.77, 41.63, 0, 0, 4.15
2019/07/19 11:33:00, 24.25, 24.12, 23.95, 41.75, 41.63, 0, 0, 4.15
2019/07/19 11:34:00, 24.25, 24.14, 23.94, 41.77, 41.62, 0, 0, 4.15
2019/07/19 11:35:00, 24.25, 24.15, 23.94, 41.79, 41.60, 0, 0, 4.15
2019/07/19 11:36:00, 24.25, 24.12, 23.94, 41.73, 41.59, 0, 0, 4.15
2019/07/19 11:37:00, 24.25, 24.12, 23.93, 41.71, 41.59, 0, 0, 4.15
2019/07/19 11:38:00, 24.25, 24.14, 23.94, 41.69, 41.56, 0, 0, 4.15
2019/07/19 11:39:00, 24.25, 24.12, 23.95, 41.66, 41.53, 0, 0, 4.15
2019/07/19 11:40:00, 24.25, 24.14, 23.95, 41.69, 41.55, 0, 0, 4.15
2019/07/19 11:41:00, 24.25, 24.14, 23.95, 41.68, 41.53, 0, 0, 4.15
2019/07/19 11:42:00, 24.25, 24.12, 23.95, 41.64, 41.53, 0, 0, 4.15
2019/07/19 11:43:00, 24.25, 24.14, 23.94, 41.60, 41.52, 0, 0, 4.15
2019/07/19 11:44:00, 24.25, 24.14, 23.95, 41.63, 41.55, 0, 0, 4.15
2019/07/19 11:45:00, 24.25, 24.14, 23.95, 41.65, 41.49, 0, 0, 4.15
2019/07/19 11:46:00, 24.25, 24.16, 23.94, 41.66, 41.47, 0, 0, 4.15
2019/07/19 11:47:00, 24.25, 24.12, 23.94, 41.68, 41.53, 0, 0, 4.15
2019/07/19 11:48:00, 24.25, 24.14, 23.95, 41.62, 41.51, 0, 0, 4.15
2019/07/19 11:49:00, 24.25, 24.15, 23.95, 41.59, 41.50, 0, 0, 4.15
2019/07/19 11:50:00, 24.25, 24.11, 23.95, 41.61, 41.49, 0, 0, 4.15
2019/07/19 11:51:00, 24.25, 24.12, 23.96, 41.60, 41.44, 0, 0, 4.15
2019/07/19 11:52:00, 24.25, 24.15, 23.94, 41.58, 41.44, 0, 0, 4.15
2019/07/19 11:53:00, 24.25, 24.14, 23.94, 41.57, 41.44, 0, 0, 4.15
2019/07/19 11:54:00, 24.25, 24.12, 23.94, 41.55, 41.41, 0, 0, 4.15
2019/07/19 11:55:00, 24.25, 24.12, 23.92, 41.53, 41.40, 0, 0, 4.15
2019/07/19 11:56:00, 24.25, 24.12, 23.95, 41.49, 41.39, 0, 0, 4.15
2019/07/19 11:57:00, 24.25, 24.14, 23.92, 41.53, 41.39, 0, 0, 4.15
2019/07/19 11:58:00, 24.25, 24.14, 23.94, 41.53, 41.38, 0, 0, 4.15
2019/07/19 11:59:00, 24.25, 24.12, 23.94, 41.48, 41.39, 0, 0, 4.15
2019/07/19 12:00:00, 24.25, 24.12, 23.94, 41.47, 41.33, 0, 0, 4.15
2019/07/19 12:01:00, 24.25, 24.09, 23.94, 41.41, 41.33, 0, 0, 4.15
2019/07/19 12:02:00, 24.25, 24.12, 23.94, 41.40, 41.27, 0, 0, 4.15
2019/07/19 12:03:00, 24.25, 24.12, 23.94, 41.41, 41.29, 0, 0, 4.15
2019/07/19 12:04:00, 24.25, 24.12, 23.92, 41.38, 41.24, 0, 0, 4.15
2019/07/19 12:05:00, 24.25, 24.12, 23.92, 41.40, 41.24, 0, 0, 4.15
2019/07/19 12:06:00, 24.25, 24.11, 23.94, 41.33, 41.23, 0, 0, 4.15
2019/07/19 12:07:00, 24.25, 24.14, 23.92, 41.34, 41.20, 0, 0, 4.15
2019/07/19 12:08:00, 24.25, 24.14, 23.92, 41.31, 41.16, 0, 0, 4.15
2019/07/19 12:09:00, 24.25, 24.11, 23.92, 41.25, 41.18, 0, 0, 4.15
2019/07/19 12:10:00, 24.25, 24.11, 23.93, 41.25, 41.11, 0, 0, 4.15
2019/07/19 12:11:00, 24.25, 24.11, 23.92, 41.16, 41.11, 0, 0, 4.15
2019/07/19 12:12:00, 24.25, 24.11, 23.92, 41.16, 41.06, 0, 0, 4.15
2019/07/19 12:13:00, 24.25, 24.11, 23.93, 41.14, 41.05, 0, 0, 4.15
2019/07/19 12:14:00, 24.25, 24.11, 23.92, 41.13, 41.05, 0, 0, 4.15
2019/07/19 12:15:00, 24.25, 24.09, 23.93, 41.15, 41.05, 0, 0, 4.15
2019/07/19 12:16:00, 24.25, 24.11, 23.91, 41.11, 41.01, 0, 0, 4.15
2019/07/19 12:17:00, 24.25, 24.08, 23.91, 41.06, 40.97, 0, 0, 4.15
2019/07/19 12:18:00, 24.25, 24.09, 23.92, 41.09, 40.97, 0, 0, 4.15
2019/07/19 12:19:00, 24.25, 24.09, 23.90, 41.01, 40.92, 0, 0, 4.15
2019/07/19 12:20:00, 24.25, 24.09, 23.90, 40.97, 40.91, 0, 0, 4.15
2019/07/19 12:21:00, 24.25, 24.08, 23.90, 41.01, 40.89, 0, 0, 4.15
2019/07/19 12:22:00, 24.25, 24.08, 23.90, 40.94, 40.85, 0, 0, 4.15
2019/07/19 12:23:00, 24.25, 24.11, 23.90, 40.97, 40.85, 0, 0, 4.15
2019/07/19 12:24:00, 24.25, 24.08, 23.90, 40.92, 40.86, 0, 0, 4.15
2019/07/19 12:25:00, 24.25, 24.08, 23.90, 40.90, 40.84, 0, 0, 4.15
2019/07/19 12:26:00, 24.25, 24.09, 23.92, 40.90, 40.82, 0, 0, 4.15
2019/07/19 12:27:00, 24.25, 24.08, 23.90, 40.90, 40.77, 0, 0, 4.15
2019/07/19 12:28:00, 24.25, 24.09, 23.88, 40.81, 40.75, 0, 0, 4.15
2019/07/19 12:29:00, 24.25, 24.09, 23.90, 40.82, 40.73, 0, 0, 4.15
2019/07/19 12:30:00, 24.25, 24.09, 23.87, 40.79, 40.73, 0, 0, 4.15
2019/07/19 12:31:00, 24.25, 24.09, 23.87, 40.78, 40.71, 0, 0, 4.15
2019/07/19 12:32:00, 24.25, 24.07, 23.88, 40.81, 40.70, 0, 0, 4.15
2019/07/19 12:33:00, 24.25, 24.07, 23.88, 40.81, 40.72, 0, 0, 4.15
2019/07/19 12:34:00, 24.25, 24.04, 23.88, 40.74, 40.69, 0, 0, 4.15
2019/07/19 12:35:00, 24.25, 24.08, 23.88, 40.74, 40.67, 0, 0, 4.15
2019/07/19 12:36:00, 24.25, 24.04, 23.86, 40.70, 40.63, 0, 0, 4.15
2019/07/19 12:37:00, 24.25, 24.04, 23.86, 40.71, 40.61, 0, 0, 4.15
2019/07/19 12:38:00, 24.25, 24.04, 23.90, 40.73, 40.61, 0, 0, 4.15
2019/07/19 12:39:00, 24.25, 24.04, 23.84, 40.64, 40.60, 0, 0, 4.15
2019/07/19 12:40:00, 24.25, 24.08, 23.87, 40.70, 40.60, 0, 0, 4.15
2019/07/19 12:41:00, 24.25, 24.05, 23.86, 40.62, 40.59, 0, 0, 4.15
2019/07/19 12:42:00, 24.25, 24.07, 23.86, 40.68, 40.57, 0, 0, 4.15
2019/07/19 12:43:00, 24.25, 24.05, 23.87, 40.64, 40.59, 0, 0, 4.15
2019/07/19 12:44:00, 24.25, 24.04, 23.87, 40.62, 40.55, 0, 0, 4.15
2019/07/19 12:45:00, 24.25, 24.04, 23.86, 40.66, 40.56, 0, 0, 4.15
2019/07/19 12:46:00, 24.25, 24.05, 23.86, 40.55, 40.52, 0, 0, 4.15
2019/07/19 12:47:00, 24.25, 24.04, 23.86, 40.57, 40.50, 0, 0, 4.15
2019/07/19 12:48:00, 24.25, 24.02, 23.86, 40.59, 40.51, 0, 0, 4.15
2019/07/19 12:49:00, 24.25, 24.05, 23.83, 40.56, 40.47, 0, 0, 4.15
2019/07/19 12:50:00, 24.25, 24.04, 23.81, 40.54, 40.48, 0, 0, 4.15
2019/07/19 12:51:00, 24.25, 24.02, 23.84, 40.52, 40.45, 0, 0, 4.15
2019/07/19 12:52:00, 24.25, 24.02, 23.86, 40.48, 40.44, 0, 0, 4.15
2019/07/19 12:53:00, 24.25, 24.01, 23.83, 40.48, 40.44, 0, 0, 4.15
2019/07/19 12:54:00, 24.25, 24.02, 23.82, 40.44, 40.42, 0, 0, 4.15
2019/07/19 12:55:00, 24.25, 24.01, 23.82, 40.46, 40.38, 0, 0, 4.15
2019/07/19 12:56:00, 24.25, 24.02, 23.82, 40.44, 40.39, 0, 0, 4.15
2019/07/19 12:57:00, 24.25, 23.98, 23.78, 40.44, 40.38, 0, 0, 4.15
2019/07/19 12:58:00, 24.25, 24.02, 23.81, 40.45, 40.37, 0, 0, 4.15
2019/07/19 12:59:00, 24.25, 24.01, 23.81, 40.44, 40.40, 0, 0, 4.15
2019/07/19 13:00:00, 24.25, 23.99, 23.80, 40.45, 40.40, 0, 0, 4.15
2019/07/19 13:01:00, 24.25, 23.99, 23.82, 40.44, 40.37, 0, 0, 4.15
2019/07/19 13:02:00, 24.25, 24.01, 23.80, 40.48, 40.37, 0, 0, 4.15
2019/07/19 13:03:00, 24.25, 23.99, 23.80, 40.46, 40.41, 0, 0, 4.15
2019/07/19 13:04:00, 24.25, 24.01, 23.81, 40.49, 40.43, 0, 0, 4.15
2019/07/19 13:05:00, 24.25, 23.99, 23.79, 40.48, 40.40, 0, 0, 4.15
2019/07/19 13:06:00, 24.25, 24.02, 23.80, 40.41, 40.40, 0, 0, 4.15
2019/07/19 13:07:00, 24.25, 24.02, 23.80, 40.47, 40.40, 0, 0, 4.15
2019/07/19 13:08:00, 24.25, 24.02, 23.80, 40.48, 40.40, 0, 0, 4.15
2019/07/19 13:09:00, 24.25, 24.02, 23.82, 40.46, 40.40, 0, 0, 4.15
2019/07/19 13:10:00, 24.25, 24.01, 23.81, 40.45, 40.39, 0, 0, 4.15
2019/07/19 13:11:00, 24.25, 23.99, 23.80, 40.45, 40.40, 0, 0, 4.15
2019/07/19 13:12:00, 24.25, 23.99, 23.79, 40.42, 40.38, 0, 0, 4.15
2019/07/19 13:13:00, 24.25, 23.99, 23.82, 40.39, 40.34, 0, 0, 4.15
2019/07/19 13:14:00, 24.25, 23.98, 23.80, 40.37, 40.31, 0, 0, 4.15
2019/07/19 13:15:00, 24.25, 23.98, 23.80, 40.32, 40.26, 0, 0, 4.15
2019/07/19 13:16:00, 24.25, 23.99, 23.81, 40.36, 40.31, 0, 0, 4.15
2019/07/19 13:17:00, 24.25, 23.97, 23.77, 40.36, 40.30, 0, 0, 4.15
2019/07/19 13:18:00, 24.25, 23.97, 23.79, 40.30, 40.27, 0, 0, 4.15
2019/07/19 13:19:00, 24.25, 23.98, 23.79, 40.31, 40.27, 0, 0, 4.15
2019/07/19 13:20:00, 24.25, 23.99, 23.78, 40.32, 40.27, 0, 0, 4.15
2019/07/19 13:21:00, 24.25, 23.99, 23.78, 40.30, 40.27, 0, 0, 4.15
2019/07/19 13:22:00, 24.25, 23.97, 23.79, 40.29, 40.25, 0, 0, 4.15
2019/07/19 13:23:00, 24.25, 23.98, 23.77, 40.32, 40.24, 0, 0, 4.15
2019/07/19 13:24:00, 24.25, 23.97, 23.78, 40.32, 40.24, 0, 0, 4.15
2019/07/19 13:25:00, 24.25, 23.98, 23.76, 40.29, 40.24, 0, 0, 4.15
2019/07/19 13:26:00, 24.25, 23.99, 23.79, 40.30, 40.28, 0, 0, 4.15
2019/07/19 13:27:00, 24.25, 23.95, 23.78, 40.33, 40.24, 0, 0, 4.15
2019/07/19 13:28:00, 24.25, 23.99, 23.80, 40.26, 40.23, 0, 0, 4.15
2019/07/19 13:29:00, 24.25, 23.98, 23.79, 40.29, 40.22, 0, 0, 4.15
2019/07/19 13:30:00, 24.25, 23.97, 23.80, 40.26, 40.26, 0, 0, 4.15
2019/07/19 13:31:00, 24.25, 24.01, 23.78, 40.29, 40.24, 0, 0, 4.15
2019/07/19 13:32:00, 24.25, 23.99, 23.79, 40.30, 40.24, 0, 0, 4.15
2019/07/19 13:33:00, 24.25, 23.97, 23.79, 40.25, 40.22, 0, 0, 4.15
2019/07/19 13:34:00, 24.25, 23.99, 23.78, 40.29, 40.24, 0, 0, 4.15
2019/07/19 13:35:00, 24.25, 23.99, 23.79, 40.28, 40.22, 0, 0, 4.15
2019/07/19 13:36:00, 24.25, 24.01, 23.82, 40.26, 40.21, 0, 0, 4.15
2019/07/19 13:37:00, 24.25, 23.97, 23.79, 40.24, 40.21, 0, 0, 4.15
2019/07/19 13:38:00, 24.25, 23.98, 23.79, 40.29, 40.24, 0, 0, 4.15
2019/07/19 13:39:00, 24.25, 23.98, 23.82, 40.32, 40.22, 0, 0, 4.15
2019/07/19 13:40:00, 24.25, 23.99, 23.80, 40.27, 40.23, 0, 0, 4.15
2019/07/19 13:41:00, 24.25, 23.99, 23.78, 40.24, 40.20, 0, 0, 4.15
2019/07/19 13:42:00, 24.25, 23.99, 23.81, 40.29, 40.21, 0, 0, 4.15
2019/07/19 13:43:00, 24.25, 23.97, 23.82, 40.24, 40.18, 0, 0, 4.15
2019/07/19 13:44:00, 24.25, 23.99, 23.79, 40.24, 40.15, 0, 0, 4.15
2019/07/19 13:45:00, 24.25, 23.99, 23.81, 40.21, 40.15, 0, 0, 4.15
2019/07/19 13:46:00, 24.25, 24.01, 23.79, 40.24, 40.15, 0, 0, 4.15
2019/07/19 13:47:00, 24.25, 24.02, 23.82, 40.19, 40.15, 0, 0, 4.15
2019/07/19 13:48:00, 24.25, 24.01, 23.81, 40.20, 40.16, 0, 0, 4.15
2019/07/19 13:49:00, 24.25, 24.02, 23.82, 40.18, 40.14, 0, 0, 4.15
2019/07/19 13:50:00, 24.25, 24.01, 23.82, 40.16, 40.14, 0, 0, 4.15
2019/07/19 13:51:00, 24.25, 24.02, 23.83, 40.15, 40.13, 0, 0, 4.15
2019/07/19 13:52:00, 24.25, 24.01, 23.84, 40.16, 40.11, 0, 0, 4.15
2019/07/19 13:53:00, 24.25, 24.02, 23.82, 40.13, 40.09, 0, 0, 4.15
2019/07/19 13:54:00, 24.25, 24.04, 23.82, 40.10, 40.08, 0, 0, 4.15
2019/07/19 13:55:00, 24.25, 24.02, 23.82, 40.13, 40.06, 0, 0, 4.15
2019/07/19 13:56:00, 24.25, 24.02, 23.82, 40.08, 40.03, 0, 0, 4.15
2019/07/19 13:57:00, 24.25, 24.04, 23.86, 40.05, 40.02, 0, 0, 4.15
2019/07/19 13:58:00, 24.25, 24.04, 23.86, 40.07, 40.02, 0, 0, 4.15
2019/07/19 13:59:00, 24.25, 24.02, 23.81, 40.06, 39.98, 0, 0, 4.15
2019/07/19 14:00:00, 24.25, 24.02, 23.84, 40.00, 39.98, 0, 0, 4.15
2019/07/19 14:01:00, 24.25, 24.04, 23.84, 40.01, 39.99, 0, 0, 4.15
2019/07/19 14:02:00, 24.25, 24.05, 23.83, 39.99, 39.97, 0, 0, 4.15
2019/07/19 14:03:00, 24.25, 24.04, 23.86, 40.03, 39.95, 0, 0, 4.15
2019/07/19 14:04:00, 24.25, 24.04, 23.84, 39.99, 39.94, 0, 0, 4.15
2019/07/19 14:05:00, 24.25, 24.02, 23.86, 39.92, 39.92, 0, 0, 4.15
2019/07/19 14:06:00, 24.25, 24.05, 23.86, 39.96, 39.93, 0, 0, 4.15
2019/07/19 14:07:00, 24.25, 24.02, 23.83, 39.99, 39.93, 0, 0, 4.15
2019/07/19 14:08:00, 24.25, 24.04, 23.83, 39.98, 39.93, 0, 0, 4.15
2019/07/19 14:09:00, 24.25, 24.04, 23.84, 39.98, 39.94, 0, 0, 4.15
2019/07/19 14:10:00, 24.25, 24.02, 23.86, 39.98, 39.90, 0, 0, 4.15
2019/07/19 14:11:00, 24.25, 24.04, 23.84, 39.92, 39.90, 0, 0, 4.15
2019/07/19 14:12:00, 24.25, 24.02, 23.84, 39.95, 39.92, 0, 0, 4.15
2019/07/19 14:13:00, 24.25, 24.02, 23.82, 39.93, 39.89, 0, 0, 4.15
2019/07/19 14:14:00, 24.25, 24.04, 23.81, 39.93, 39.90, 0, 0, 4.15
2019/07/19 14:15:00, 24.25, 24.02, 23.86, 39.92, 39.89, 0, 0, 4.15
2019/07/19 14:16:00, 24.25, 23.99, 23.82, 39.89, 39.86, 0, 0, 4.15
2019/07/19 14:17:00, 24.25, 24.04, 23.82, 39.89, 39.88, 0, 0, 4.15
2019/07/19 14:18:00, 24.25, 24.02, 23.84, 39.90, 39.85, 0, 0, 4.15
2019/07/19 14:19:00, 24.25, 24.01, 23.83, 39.84, 39.80, 0, 0, 4.15
2019/07/19 14:20:00, 24.25, 24.04, 23.83, 39.81, 39.78, 0, 0, 4.15
2019/07/19 14:21:00, 24.25, 24.04, 23.83, 39.75, 39.73, 0, 0, 4.15
2019/07/19 14:22:00, 24.25, 24.04, 23.82, 39.72, 39.72, 0, 0, 4.15
2019/07/19 14:23:00, 24.25, 24.02, 23.84, 39.72, 39.70, 0, 0, 4.15
2019/07/19 14:24:00, 24.25, 24.05, 23.84, 39.71, 39.69, 0, 0, 4.15
2019/07/19 14:25:00, 24.25, 24.05, 23.86, 39.72, 39.70, 0, 0, 4.15
2019/07/19 14:26:00, 24.25, 24.05, 23.84, 39.71, 39.68, 0, 0, 4.15
2019/07/19 14:27:00, 24.25, 24.02, 23.84, 39.67, 39.66, 0, 0, 4.15
2019/07/19 14:28:00, 24.25, 24.04, 23.82, 39.67, 39.63, 0, 0, 4.15
2019/07/19 14:29:00, 24.25, 24.02, 23.82, 39.63, 39.61, 0, 0, 4.15
2019/07/19 14:30:00, 24.25, 24.04, 23.83, 39.58, 39.56, 0, 0, 4.15
2019/07/19 14:31:00, 24.25, 23.99, 23.83, 39.58, 39.53, 0, 0, 4.15
2019/07/19 14:32:00, 24.25, 24.04, 23.83, 39.51, 39.50, 0, 0, 4.15
2019/07/19 14:33:00, 24.25, 24.01, 23.82, 39.48, 39.49, 0, 0, 4.15
2019/07/19 14:34:00, 24.25, 23.99, 23.81, 39.44, 39.45, 0, 0, 4.15
2019/07/19 14:35:00, 24.25, 23.99, 23.81, 39.41, 39.42, 0, 0, 4.15
2019/07/19 14:36:00, 24.25, 23.99, 23.78, 39.46, 39.44, 0, 0, 4.15
2019/07/19 14:37:00, 24.25, 23.99, 23.80, 39.45, 39.43, 0, 0, 4.15
2019/07/19 14:38:00, 24.25, 23.98, 23.80, 39.42, 39.44, 0, 0, 4.15
2019/07/19 14:39:00, 24.25, 23.97, 23.78, 39.44, 39.41, 0, 0, 4.15
2019/07/19 14:40:00, 24.25, 23.98, 23.79, 39.42, 39.41, 0, 0, 4.15
2019/07/19 14:41:00, 24.25, 23.98, 23.79, 39.45, 39.41, 0, 0, 4.15
2019/07/19 14:42:00, 24.25, 23.98, 23.81, 39.41, 39.39, 0, 0, 4.15
2019/07/19 14:43:00, 24.25, 23.98, 23.78, 39.37, 39.37, 0, 0, 4.15
2019/07/19 14:44:00, 24.25, 23.97, 23.79, 39.34, 39.35, 0, 0, 4.15
2019/07/19 14:45:00, 24.25, 24.01, 23.79, 39.34, 39.33, 0, 0, 4.15
2019/07/19 14:46:00, 24.25, 23.98, 23.79, 39.27, 39.29, 0, 0, 4.15
2019/07/19 14:47:00, 24.25, 23.99, 23.77, 39.21, 39.24, 0, 0, 4.15
2019/07/19 14:48:00, 24.25, 23.99, 23.81, 39.26, 39.23, 0, 0, 4.15
2019/07/19 14:49:00, 24.25, 23.98, 23.80, 39.18, 39.20, 0, 0, 4.15
2019/07/19 14:50:00, 24.25, 23.98, 23.78, 39.18, 39.18, 0, 0, 4.15
2019/07/19 14:51:00, 24.25, 23.97, 23.78, 39.14, 39.16, 0, 0, 4.15
2019/07/19 14:52:00, 24.25, 23.97, 23.79, 39.14, 39.12, 0, 0, 4.15
2019/07/19 14:53:00, 24.25, 23.98, 23.77, 39.14, 39.12, 0, 0, 4.15
2019/07/19 14:54:00, 24.25, 23.98, 23.78, 39.13, 39.12, 0, 0, 4.15
2019/07/19 14:55:00, 24.25, 24.01, 23.79, 39.12, 39.10, 0, 0, 4.15
2019/07/19 14:56:00, 24.25, 23.95, 23.78, 39.09, 39.10, 0, 0, 4.15
2019/07/19 14:57:00, 24.25, 23.97, 23.79, 39.09, 39.09, 0, 0, 4.15
2019/07/19 14:58:00, 24.25, 23.97, 23.78, 39.11, 39.08, 0, 0, 4.15
2019/07/19 14:59:00, 24.25, 23.97, 23.80, 39.14, 39.14, 0, 0, 4.15
2019/07/19 15:00:00, 24.25, 23.97, 23.77, 39.17, 39.14, 0, 0, 4.15
2019/07/19 15:01:00, 24.25, 23.97, 23.78, 39.17, 39.16, 0, 0, 4.15
2019/07/19 15:02:00, 24.25, 23.98, 23.77, 39.12, 39.12, 0, 0, 4.15
2019/07/19 15:03:00, 24.25, 23.97, 23.78, 39.12, 39.12, 0, 0, 4.15
2019/07/19 15:04:00, 24.25, 23.98, 23.78, 39.14, 39.12, 0, 0, 4.15
2019/07/19 15:05:00, 24.25, 23.97, 23.78, 39.07, 39.10, 0, 0, 4.15
2019/07/19 15:06:00, 24.25, 23.97, 23.77, 39.10, 39.08, 0, 0, 4.15
2019/07/19 15:07:00, 24.00, 23.98, 23.78, 39.07, 39.08, 0, 0, 4.15
2019/07/19 15:08:00, 24.25, 23.97, 23.78, 39.05, 39.08, 0, 0, 4.15
2019/07/19 15:09:00, 24.25, 23.98, 23.78, 39.06, 39.05, 0, 0, 4.15
2019/07/19 15:10:00, 24.25, 23.97, 23.78, 39.03, 39.06, 0, 0, 4.15
2019/07/19 15:11:00, 24.25, 23.98, 23.78, 39.05, 39.04, 0, 0, 4.15
2019/07/19 15:12:00, 24.25, 23.97, 23.77, 39.05, 39.03, 0, 0, 4.15
2019/07/19 15:13:00, 24.25, 23.95, 23.78, 39.00, 39.00, 0, 0, 4.15
2019/07/19 15:14:00, 24.25, 23.98, 23.78, 38.90, 38.98, 0, 0, 4.15
2019/07/19 15:15:00, 24.25, 23.95, 23.78, 38.90, 38.92, 0, 0, 4.15
2019/07/19 15:16:00, 24.25, 23.98, 23.76, 38.90, 38.89, 0, 0, 4.15
2019/07/19 15:17:00, 24.25, 23.98, 23.77, 38.85, 38.86, 0, 0, 4.15
2019/07/19 15:18:00, 24.25, 23.97, 23.76, 38.79, 38.83, 0, 0, 4.15
2019/07/19 15:19:00, 24.25, 23.97, 23.78, 38.76, 38.80, 0, 0, 4.15
2019/07/19 15:20:00, 24.25, 23.95, 23.76, 38.75, 38.76, 0, 0, 4.15
2019/07/19 15:21:00, 24.25, 23.97, 23.78, 38.69, 38.73, 0, 0, 4.15
2019/07/19 15:22:00, 24.25, 23.95, 23.78, 38.74, 38.73, 0, 0, 4.15
2019/07/19 15:23:00, 24.25, 23.94, 23.78, 38.66, 38.70, 0, 0, 4.15
2019/07/19 15:24:00, 24.25, 23.95, 23.77, 38.69, 38.68, 0, 0, 4.15
2019/07/19 15:25:00, 24.25, 23.95, 23.76, 38.70, 38.70, 0, 0, 4.15
2019/07/19 15:26:00, 24.00, 23.97, 23.78, 38.68, 38.70, 0, 0, 4.15
2019/07/19 15:27:00, 24.25, 23.95, 23.77, 38.64, 38.67, 0, 0, 4.15
2019/07/19 15:28:00, 24.00, 23.94, 23.77, 38.65, 38.63, 0, 0, 4.15
2019/07/19 15:29:00, 24.25, 23.97, 23.76, 38.61, 38.62, 0, 0, 4.15
2019/07/19 15:30:00, 24.25, 23.98, 23.78, 38.59, 38.61, 0, 0, 4.15
2019/07/19 15:31:00, 24.00, 23.97, 23.76, 38.57, 38.59, 0, 0, 4.15
2019/07/19 15:32:00, 24.25, 23.94, 23.76, 38.53, 38.57, 0, 0, 4.15
2019/07/19 15:33:00, 24.00, 23.97, 23.75, 38.53, 38.54, 0, 0, 4.15
2019/07/19 15:34:00, 24.25, 23.95, 23.77, 38.55, 38.52, 0, 0, 4.15
2019/07/19 15:35:00, 24.00, 23.95, 23.75, 38.52, 38.54, 0, 0, 4.15
2019/07/19 15:36:00, 24.00, 23.95, 23.75, 38.50, 38.50, 0, 0, 4.15
2019/07/19 15:37:00, 24.00, 23.94, 23.74, 38.49, 38.50, 0, 0, 4.15
2019/07/19 15:38:00, 24.25, 23.95, 23.74, 38.51, 38.51, 0, 0, 4.15
2019/07/19 15:39:00, 24.00, 23.94, 23.73, 38.42, 38.46, 0, 0, 4.15
2019/07/19 15:40:00, 24.00, 23.94, 23.76, 38.47, 38.48, 0, 0, 4.15
2019/07/19 15:41:00, 24.00, 23.94, 23.74, 38.45, 38.46, 0, 0, 4.15
2019/07/19 15:42:00, 24.00, 23.92, 23.77, 38.38, 38.41, 0, 0, 4.15
2019/07/19 15:43:00, 24.00, 23.95, 23.75, 38.41, 38.40, 0, 0, 4.15
2019/07/19 15:44:00, 24.00, 23.92, 23.76, 38.38, 38.38, 0, 0, 4.15
2019/07/19 15:45:00, 24.00, 23.95, 23.75, 38.36, 38.40, 0, 0, 4.15
2019/07/19 15:46:00, 24.00, 23.97, 23.75, 38.39, 38.38, 0, 0, 4.15
2019/07/19 15:47:00, 24.00, 23.95, 23.74, 38.30, 38.33, 0, 0, 4.15
2019/07/19 15:48:00, 24.00, 23.94, 23.75, 38.28, 38.31, 0, 0, 4.15
2019/07/19 15:49:00, 24.00, 23.94, 23.76, 38.24, 38.27, 0, 0, 4.15
2019/07/19 15:50:00, 24.00, 23.94, 23.74, 38.19, 38.22, 0, 0, 4.15
2019/07/19 15:51:00, 24.00, 23.94, 23.75, 38.15, 38.21, 0, 0, 4.15
2019/07/19 15:52:00, 24.00, 23.94, 23.76, 38.17, 38.18, 0, 0, 4.15
2019/07/19 15:53:00, 24.00, 23.92, 23.77, 38.15, 38.17, 0, 0, 4.15
2019/07/19 15:54:00, 24.00, 23.95, 23.76, 38.08, 38.14, 0, 0, 4.15
2019/07/19 15:55:00, 24.00, 23.94, 23.74, 38.09, 38.12, 0, 0, 4.15
2019/07/19 15:56:00, 24.00, 23.94, 23.75, 38.07, 38.11, 0, 0, 4.15
2019/07/19 15:57:00, 24.00, 23.94, 23.74, 38.05, 38.10, 0, 0, 4.15
2019/07/19 15:58:00, 24.00, 23.95, 23.74, 38.02, 38.05, 0, 0, 4.15
2019/07/19 15:59:00, 24.00, 23.91, 23.74, 37.99, 38.03, 0, 0, 4.15
2019/07/19 16:00:00, 24.00, 23.94, 23.74, 38.02, 38.01, 0, 0, 4.15
2019/07/19 16:01:00, 24.00, 23.91, 23.76, 37.98, 38.00, 0, 0, 4.15
2019/07/19 16:02:00, 24.00, 23.97, 23.73, 37.96, 38.01, 0, 0, 4.15
2019/07/19 16:03:00, 24.00, 23.95, 23.73, 37.94, 37.97, 0, 0, 4.15
2019/07/19 16:04:00, 24.00, 23.94, 23.75, 37.94, 37.96, 0, 0, 4.15
2019/07/19 16:05:00, 24.00, 23.92, 23.76, 37.92, 37.96, 0, 0, 4.15
2019/07/19 16:06:00, 24.00, 23.94, 23.73, 37.91, 37.95, 0, 0, 4.15
2019/07/19 16:07:00, 24.00, 23.97, 23.76, 37.94, 37.94, 0, 0, 4.15
2019/07/19 16:08:00, 24.00, 23.95, 23.73, 37.90, 37.93, 0, 0, 4.15
2019/07/19 16:09:00, 24.00, 23.95, 23.74, 37.85, 37.89, 0, 0, 4.15
2019/07/19 16:10:00, 24.00, 23.94, 23.73, 37.86, 37.89, 0, 0, 4.15
2019/07/19 16:11:00, 24.00, 23.95, 23.75, 37.86, 37.92, 0, 0, 4.15
2019/07/19 16:12:00, 24.00, 23.94, 23.74, 37.92, 37.90, 0, 0, 4.15
2019/07/19 16:13:00, 24.00, 23.94, 23.73, 37.87, 37.92, 0, 0, 4.15
2019/07/19 16:14:00, 24.00, 23.92, 23.73, 37.85, 37.89, 0, 0, 4.15
2019/07/19 16:15:00, 24.00, 23.94, 23.73, 37.85, 37.90, 0, 0, 4.15
2019/07/19 16:16:00, 24.00, 23.91, 23.73, 37.83, 37.85, 0, 0, 4.15
2019/07/19 16:17:00, 24.00, 23.94, 23.75, 37.82, 37.83, 0, 0, 4.15
2019/07/19 16:18:00, 24.00, 23.95, 23.74, 37.79, 37.80, 0, 0, 4.15
2019/07/19 16:19:00, 24.00, 23.92, 23.76, 37.83, 37.81, 0, 0, 4.15
2019/07/19 16:20:00, 24.00, 23.95, 23.76, 37.76, 37.78, 0, 0, 4.15
2019/07/19 16:21:00, 24.00, 23.92, 23.74, 37.78, 37.76, 0, 0, 4.15
2019/07/19 16:22:00, 24.00, 23.94, 23.74, 37.71, 37.75, 0, 0, 4.15
2019/07/19 16:23:00, 24.00, 23.92, 23.73, 37.74, 37.75, 0, 0, 4.15
2019/07/19 16:24:00, 24.00, 23.94, 23.73, 37.70, 37.72, 0, 0, 4.15
2019/07/19 16:25:00, 24.00, 23.91, 23.73, 37.62, 37.67, 0, 0, 4.15
2019/07/19 16:26:00, 24.00, 23.91, 23.74, 37.60, 37.65, 0, 0, 4.15
2019/07/19 16:27:00, 24.00, 23.94, 23.73, 37.62, 37.64, 0, 0, 4.15
2019/07/19 16:28:00, 24.00, 23.94, 23.74, 37.63, 37.66, 0, 0, 4.15
2019/07/19 16:29:00, 24.00, 23.94, 23.76, 37.59, 37.65, 0, 0, 4.15
2019/07/19 16:30:00, 24.00, 23.94, 23.74, 37.54, 37.61, 0, 0, 4.15
2019/07/19 16:31:00, 24.00, 23.94, 23.76, 37.55, 37.59, 0, 0, 4.15
2019/07/19 16:32:00, 24.00, 23.94, 23.75, 37.55, 37.58, 0, 0, 4.15
2019/07/19 16:33:00, 24.00, 23.94, 23.73, 37.48, 37.56, 0, 0, 4.15
2019/07/19 16:34:00, 24.00, 23.92, 23.75, 37.47, 37.52, 0, 0, 4.15
2019/07/19 16:35:00, 24.00, 23.94, 23.73, 37.46, 37.51, 0, 0, 4.15
2019/07/19 16:36:00, 24.00, 23.94, 23.73, 37.48, 37.47, 0, 0, 4.15
2019/07/19 16:37:00, 24.00, 23.92, 23.75, 37.42, 37.49, 0, 0, 4.15
2019/07/19 16:38:00, 24.00, 23.92, 23.73, 37.38, 37.44, 0, 0, 4.15
2019/07/19 16:39:00, 24.00, 23.94, 23.75, 37.40, 37.41, 0, 0, 4.15
2019/07/19 16:40:00, 24.00, 23.92, 23.74, 37.36, 37.39, 0, 0, 4.15
2019/07/19 16:41:00, 24.00, 23.92, 23.73, 37.37, 37.39, 0, 0, 4.15
2019/07/19 16:42:00, 24.00, 23.92, 23.74, 37.30, 37.38, 0, 0, 4.15
2019/07/19 16:43:00, 24.00, 23.94, 23.75, 37.35, 37.36, 0, 0, 4.15
2019/07/19 16:44:00, 24.00, 23.95, 23.74, 37.38, 37.37, 0, 0, 4.15
2019/07/19 16:45:00, 24.00, 23.91, 23.73, 37.35, 37.35, 0, 0, 4.15
2019/07/19 16:46:00, 24.00, 23.92, 23.74, 37.30, 37.33, 0, 0, 4.15
2019/07/19 16:47:00, 24.00, 23.92, 23.74, 37.26, 37.31, 0, 0, 4.15
2019/07/19 16:48:00, 24.00, 23.94, 23.73, 37.26, 37.31, 0, 0, 4.15
2019/07/19 16:49:00, 24.00, 23.92, 23.73, 37.23, 37.26, 0, 0, 4.15
2019/07/19 16:50:00, 24.00, 23.95, 23.73, 37.25, 37.28, 0, 0, 4.15
2019/07/19 16:51:00, 24.00, 23.92, 23.73, 37.26, 37.26, 0, 0, 4.15
2019/07/19 16:52:00, 24.00, 23.92, 23.74, 37.22, 37.27, 0, 0, 4.15
2019/07/19 16:53:00, 24.00, 23.92, 23.73, 37.23, 37.26, 0, 0, 4.15
2019/07/19 16:54:00, 24.00, 23.92, 23.73, 37.23, 37.23, 0, 0, 4.15
2019/07/19 16:55:00, 24.00, 23.91, 23.73, 37.19, 37.22, 0, 0, 4.15
2019/07/19 16:56:00, 24.00, 23.92, 23.74, 37.23, 37.23, 0, 0, 4.15
2019/07/19 16:57:00, 24.00, 23.92, 23.73, 37.19, 37.23, 0, 0, 4.15
2019/07/19 16:58:00, 24.00, 23.92, 23.73, 37.19, 37.20, 0, 0, 4.15
2019/07/19 16:59:00, 24.00, 23.94, 23.74, 37.22, 37.23, 0, 0, 4.15
2019/07/19 17:00:00, 24.00, 23.91, 23.73, 37.18, 37.22, 0, 0, 4.15
2019/07/19 17:01:00, 24.00, 23.94, 23.72, 37.18, 37.20, 0, 0, 4.15
2019/07/19 17:02:00, 24.00, 23.92, 23.74, 37.19, 37.19, 0, 0, 4.15
2019/07/19 17:03:00, 24.00, 23.94, 23.74, 37.20, 37.19, 0, 0, 4.15
2019/07/19 17:04:00, 24.00, 23.92, 23.74, 37.18, 37.20, 0, 0, 4.15
2019/07/19 17:05:00, 24.00, 23.91, 23.72, 37.14, 37.21, 0, 0, 4.15
2019/07/19 17:06:00, 24.00, 23.92, 23.73, 37.20, 37.20, 0, 0, 4.15
2019/07/19 17:07:00, 24.00, 23.92, 23.73, 37.22, 37.21, 0, 0, 4.15
2019/07/19 17:08:00, 24.00, 23.94, 23.73, 37.18, 37.21, 0, 0, 4.15
2019/07/19 17:09:00, 24.00, 23.91, 23.74, 37.15, 37.20, 0, 0, 4.15
2019/07/19 17:10:00, 24.00, 23.94, 23.74, 37.12, 37.13, 0, 0, 4.15
2019/07/19 17:11:00, 24.00, 23.92, 23.75, 37.07, 37.12, 0, 0, 4.15
2019/07/19 17:12:00, 24.00, 23.92, 23.75, 37.08, 37.13, 0, 0, 4.15
2019/07/19 17:13:00, 24.00, 23.92, 23.74, 37.07, 37.12, 0, 0, 4.15
2019/07/19 17:14:00, 24.00, 23.94, 23.73, 37.06, 37.08, 0, 0, 4.15
2019/07/19 17:15:00, 24.00, 23.91, 23.73, 37.03, 37.06, 0, 0, 4.15
2019/07/19 17:16:00, 24.00, 23.92, 23.74, 37.01, 37.03, 0, 0, 4.15
2019/07/19 17:17:00, 24.00, 23.92, 23.74, 36.98, 37.02, 0, 0, 4.15
2019/07/19 17:18:00, 24.00, 23.91, 23.74, 36.95, 36.99, 0, 0, 4.15
2019/07/19 17:19:00, 24.00, 23.94, 23.75, 36.94, 36.98, 0, 0, 4.15
2019/07/19 17:20:00, 24.00, 23.92, 23.73, 36.91, 36.96, 0, 0, 4.15
2019/07/19 17:21:00, 24.00, 23.92, 23.71, 36.92, 36.96, 0, 0, 4.15
2019/07/19 17:22:00, 24.00, 23.92, 23.74, 36.90, 36.92, 0, 0, 4.15
2019/07/19 17:23:00, 24.00, 23.92, 23.72, 36.88, 36.92, 0, 0, 4.15
2019/07/19 17:24:00, 24.00, 23.91, 23.73, 36.91, 36.92, 0, 0, 4.15
2019/07/19 17:25:00, 24.00, 23.90, 23.73, 36.82, 36.86, 0, 0, 4.15
2019/07/19 17:26:00, 24.00, 23.92, 23.74, 36.80, 36.84, 0, 0, 4.15
2019/07/19 17:27:00, 24.00, 23.91, 23.72, 36.81, 36.83, 0, 0, 4.15
2019/07/19 17:28:00, 24.00, 23.92, 23.73, 36.74, 36.80, 0, 0, 4.15
2019/07/19 17:29:00, 24.00, 23.91, 23.73, 36.74, 36.77, 0, 0, 4.15
2019/07/19 17:30:00, 24.00, 23.91, 23.74, 36.71, 36.77, 0, 0, 4.15
2019/07/19 17:31:00, 24.00, 23.92, 23.73, 36.74, 36.75, 0, 0, 4.15
2019/07/19 17:32:00, 24.00, 23.91, 23.73, 36.71, 36.76, 0, 0, 4.15
2019/07/19 17:33:00, 24.00, 23.92, 23.73, 36.69, 36.72, 0, 0, 4.15
2019/07/19 17:34:00, 24.00, 23.92, 23.73, 36.66, 36.70, 0, 0, 4.15
2019/07/19 17:35:00, 24.00, 23.92, 23.71, 36.66, 36.69, 0, 0, 4.15
2019/07/19 17:36:00, 24.00, 23.92, 23.73, 36.62, 36.67, 0, 0, 4.15
2019/07/19 17:37:00, 24.00, 23.91, 23.73, 36.66, 36.66, 0, 0, 4.15
2019/07/19 17:38:00, 24.00, 23.92, 23.73, 36.62, 36.65, 0, 0, 4.15
2019/07/19 17:39:00, 24.00, 23.92, 23.73, 36.65, 36.66, 0, 0, 4.15
2019/07/19 17:40:00, 24.00, 23.92, 23.72, 36.66, 36.68, 0, 0, 4.15
2019/07/19 17:41:00, 24.00, 23.90, 23.71, 36.67, 36.66, 0, 0, 4.15
2019/07/19 17:42:00, 24.00, 23.92, 23.72, 36.66, 36.67, 0, 0, 4.15
2019/07/19 17:43:00, 24.00, 23.92, 23.74, 36.64, 36.66, 0, 0, 4.15
2019/07/19 17:44:00, 24.00, 23.92, 23.72, 36.66, 36.67, 0, 0, 4.15
2019/07/19 17:45:00, 24.00, 23.91, 23.73, 36.64, 36.68, 0, 0, 4.15
2019/07/19 17:46:00, 24.00, 23.91, 23.74, 36.62, 36.65, 0, 0, 4.15
2019/07/19 17:47:00, 24.00, 23.91, 23.73, 36.63, 36.65, 0, 0, 4.15
2019/07/19 17:48:00, 24.00, 23.90, 23.71, 36.70, 36.68, 0, 0, 4.15
2019/07/19 17:49:00, 24.00, 23.94, 23.74, 36.63, 36.70, 0, 0, 4.15
2019/07/19 17:50:00, 24.00, 23.91, 23.73, 36.64, 36.69, 0, 0, 4.15
2019/07/19 17:51:00, 24.00, 23.91, 23.73, 36.66, 36.69, 0, 0, 4.15
2019/07/19 17:52:00, 24.00, 23.92, 23.71, 36.67, 36.67, 0, 0, 4.15
2019/07/19 17:53:00, 24.00, 23.92, 23.71, 36.63, 36.67, 0, 0, 4.15
2019/07/19 17:54:00, 24.00, 23.91, 23.74, 36.65, 36.68, 0, 0, 4.15
2019/07/19 17:55:00, 24.00, 23.92, 23.73, 36.67, 36.72, 0, 0, 4.15
2019/07/19 17:56:00, 24.00, 23.95, 23.74, 36.69, 36.70, 0, 0, 4.15
2019/07/19 17:57:00, 24.00, 23.91, 23.73, 36.65, 36.68, 0, 0, 4.15
2019/07/19 17:58:00, 24.00, 23.94, 23.75, 36.67, 36.69, 0, 0, 4.15
2019/07/19 17:59:00, 24.00, 23.94, 23.74, 36.66, 36.67, 0, 0, 4.15
2019/07/19 18:00:00, 24.00, 23.95, 23.73, 36.66, 36.67, 0, 0, 4.15
2019/07/19 18:01:00, 24.00, 23.94, 23.76, 36.63, 36.67, 0, 0, 4.15
2019/07/19 18:02:00, 24.00, 23.95, 23.74, 36.64, 36.66, 0, 0, 4.15
2019/07/19 18:03:00, 24.00, 23.92, 23.75, 36.59, 36.63, 0, 0, 4.15
2019/07/19 18:04:00, 24.00, 23.92, 23.75, 36.55, 36.63, 0, 0, 4.15
2019/07/19 18:05:00, 24.00, 23.94, 23.74, 36.63, 36.65, 0, 0, 4.15
2019/07/19 18:06:00, 24.00, 23.95, 23.75, 36.62, 36.64, 0, 0, 4.15
2019/07/19 18:07:00, 24.00, 23.92, 23.74, 36.63, 36.65, 0, 0, 4.15
2019/07/19 18:08:00, 24.00, 23.95, 23.73, 36.60, 36.64, 0, 0, 4.15
2019/07/19 18:09:00, 24.00, 23.97, 23.75, 36.61, 36.63, 0, 0, 4.15
2019/07/19 18:10:00, 24.00, 23.95, 23.76, 36.58, 36.61, 0, 0, 4.15
2019/07/19 18:11:00, 24.00, 23.95, 23.76, 36.58, 36.59, 0, 0, 4.15
2019/07/19 18:12:00, 24.00, 23.94, 23.76, 36.57, 36.59, 0, 0, 4.15
2019/07/19 18:13:00, 24.00, 23.94, 23.77, 36.55, 36.61, 0, 0, 4.15
2019/07/19 18:14:00, 24.00, 23.97, 23.76, 36.54, 36.57, 0, 0, 4.15
2019/07/19 18:15:00, 24.00, 23.97, 23.76, 36.55, 36.55, 0, 0, 4.15
2019/07/19 18:16:00, 24.00, 23.98, 23.76, 36.54, 36.57, 0, 0, 4.15
2019/07/19 18:17:00, 24.00, 23.97, 23.75, 36.55, 36.57, 0, 0, 4.15
2019/07/19 18:18:00, 24.00, 23.97, 23.76, 36.54, 36.55, 0, 0, 4.15
2019/07/19 18:19:00, 24.00, 23.95, 23.77, 36.54, 36.55, 0, 0, 4.15
2019/07/19 18:20:00, 24.00, 23.97, 23.78, 36.49, 36.55, 0, 0, 4.15
2019/07/19 18:21:00, 24.00, 23.97, 23.78, 36.54, 36.54, 0, 0, 4.15
2019/07/19 18:22:00, 24.00, 23.98, 23.78, 36.56, 36.55, 0, 0, 4.15
2019/07/19 18:23:00, 24.00, 23.95, 23.78, 36.49, 36.55, 0, 0, 4.15
2019/07/19 18:24:00, 24.00, 23.99, 23.77, 36.49, 36.55, 0, 0, 4.15
2019/07/19 18:25:00, 24.00, 23.99, 23.79, 36.51, 36.56, 0, 0, 4.15
2019/07/19 18:26:00, 24.00, 23.98, 23.78, 36.51, 36.54, 0, 0, 4.15
2019/07/19 18:27:00, 24.00, 23.98, 23.78, 36.52, 36.55, 0, 0, 4.15
2019/07/19 18:28:00, 24.00, 23.98, 23.78, 36.51, 36.57, 0, 0, 4.15
2019/07/19 18:29:00, 24.00, 23.98, 23.78, 36.54, 36.57, 0, 0, 4.15
2019/07/19 18:30:00, 24.00, 23.99, 23.78, 36.57, 36.57, 0, 0, 4.15
2019/07/19 18:31:00, 24.00, 23.98, 23.80, 36.53, 36.54, 0, 0, 4.15
2019/07/19 18:32:00, 24.00, 23.98, 23.78, 36.53, 36.55, 0, 0, 4.15
2019/07/19 18:33:00, 24.00, 23.99, 23.79, 36.57, 36.58, 0, 0, 4.15
2019/07/19 18:34:00, 24.00, 24.01, 23.79, 36.49, 36.55, 0, 0, 4.15
2019/07/19 18:35:00, 24.00, 23.98, 23.78, 36.51, 36.54, 0, 0, 4.15
2019/07/19 18:36:00, 24.00, 24.01, 23.78, 36.53, 36.55, 0, 0, 4.15
2019/07/19 18:37:00, 24.00, 23.99, 23.80, 36.48, 36.54, 0, 0, 4.15
2019/07/19 18:38:00, 24.00, 23.99, 23.79, 36.53, 36.54, 0, 0, 4.15
2019/07/19 18:39:00, 24.00, 23.98, 23.81, 36.53, 36.55, 0, 0, 4.15
2019/07/19 18:40:00, 24.00, 23.99, 23.79, 36.52, 36.57, 0, 0, 4.15
2019/07/19 18:41:00, 24.00, 23.99, 23.80, 36.51, 36.56, 0, 0, 4.15
2019/07/19 18:42:00, 24.00, 23.99, 23.78, 36.53, 36.55, 0, 0, 4.15
2019/07/19 18:43:00, 24.00, 23.99, 23.79, 36.48, 36.54, 0, 0, 4.15
2019/07/19 18:44:00, 24.00, 23.99, 23.79, 36.51, 36.56, 0, 0, 4.15
2019/07/19 18:45:00, 24.25, 23.99, 23.79, 36.51, 36.54, 0, 0, 4.15
2019/07/19 18:46:00, 24.00, 23.97, 23.79, 36.51, 36.55, 0, 0, 4.15
2019/07/19 18:47:00, 24.00, 24.01, 23.80, 36.52, 36.55, 0, 0, 4.15
2019/07/19 18:48:00, 24.00, 23.99, 23.80, 36.52, 36.54, 0, 0, 4.15
2019/07/19 18:49:00, 24.00, 24.02, 23.81, 36.52, 36.53, 0, 0, 4.15
2019/07/19 18:50:00, 24.00, 24.02, 23.82, 36.49, 36.53, 0, 0, 4.15
2019/07/19 18:51:00, 24.25, 24.01, 23.79, 36.49, 36.52, 0, 0, 4.15
2019/07/19 18:52:00, 24.25, 23.99, 23.80, 36.51, 36.51, 0, 0, 4.15
2019/07/19 18:53:00, 24.25, 23.99, 23.81, 36.48, 36.52, 0, 0, 4.15
2019/07/19 18:54:00, 24.25, 24.01, 23.80, 36.51, 36.51, 0, 0, 4.15
2019/07/19 18:55:00, 24.25, 24.01, 23.81, 36.52, 36.51, 0, 0, 4.15
2019/07/19 18:56:00, 24.25, 24.01, 23.82, 36.48, 36.51, 0, 0, 4.15
2019/07/19 18:57:00, 24.25, 23.99, 23.81, 36.52, 36.52, 0, 0, 4.15
2019/07/19 18:58:00, 24.25, 23.98, 23.80, 36.48, 36.53, 0, 0, 4.15
2019/07/19 18:59:00, 24.25, 23.99, 23.81, 36.49, 36.51, 0, 0, 4.15
2019/07/19 19:00:00, 24.25, 23.99, 23.81, 36.52, 36.51, 0, 0, 4.15
2019/07/19 19:01:00, 24.25, 23.99, 23.80, 36.47, 36.52, 0, 0, 4.15
2019/07/19 19:02:00, 24.25, 24.01, 23.81, 36.49, 36.53, 0, 0, 4.15
2019/07/19 19:03:00, 24.25, 24.02, 23.83, 36.46, 36.50, 0, 0, 4.15
2019/07/19 19:04:00, 24.25, 24.01, 23.80, 36.51, 36.50, 0, 0, 4.15
2019/07/19 19:05:00, 24.25, 24.01, 23.81, 36.45, 36.51, 0, 0, 4.15
2019/07/19 19:06:00, 24.25, 24.02, 23.81, 36.48, 36.48, 0, 0, 4.15
2019/07/19 19:07:00, 24.25, 24.01, 23.82, 36.45, 36.48, 0, 0, 4.15
2019/07/19 19:08:00, 24.25, 24.04, 23.81, 36.44, 36.48, 0, 0, 4.15
2019/07/19 19:09:00, 24.25, 23.99, 23.82, 36.47, 36.46, 0, 0, 4.15
2019/07/19 19:10:00, 24.25, 24.02, 23.82, 36.41, 36.44, 0, 0, 4.15
2019/07/19 19:11:00, 24.25, 24.02, 23.79, 36.47, 36.44, 0, 0, 4.15
2019/07/19 19:12:00, 24.25, 24.01, 23.82, 36.41, 36.44, 0, 0, 4.15
2019/07/19 19:13:00, 24.25, 24.02, 23.81, 36.39, 36.44, 0, 0, 4.15
2019/07/19 19:14:00, 24.25, 24.02, 23.82, 36.43, 36.41, 0, 0, 4.15
2019/07/19 19:15:00, 24.25, 24.01, 23.82, 36.40, 36.41, 0, 0, 4.15
2019/07/19 19:16:00, 24.25, 24.04, 23.81, 36.37, 36.39, 0, 0, 4.15
2019/07/19 19:17:00, 24.25, 24.01, 23.82, 36.35, 36.39, 0, 0, 4.15
2019/07/19 19:18:00, 24.25, 24.01, 23.82, 36.36, 36.37, 0, 0, 4.15
2019/07/19 19:19:00, 24.25, 24.02, 23.81, 36.39, 36.40, 0, 0, 4.15
2019/07/19 19:20:00, 24.25, 23.99, 23.81, 36.43, 36.39, 0, 0, 4.15
2019/07/19 19:21:00, 24.25, 24.01, 23.81, 36.33, 36.40, 0, 0, 4.15
2019/07/19 19:22:00, 24.25, 24.02, 23.82, 36.36, 36.38, 0, 0, 4.15
2019/07/19 19:23:00, 24.25, 24.02, 23.82, 36.36, 36.38, 0, 0, 4.15
2019/07/19 19:24:00, 24.25, 24.01, 23.82, 36.31, 36.38, 0, 0, 4.15
2019/07/19 19:25:00, 24.25, 24.04, 23.82, 36.32, 36.36, 0, 0, 4.15
2019/07/19 19:26:00, 24.25, 24.01, 23.82, 36.35, 36.34, 0, 0, 4.15
2019/07/19 19:27:00, 24.25, 24.02, 23.83, 36.35, 36.34, 0, 0, 4.15
2019/07/19 19:28:00, 24.25, 24.01, 23.80, 36.33, 36.33, 0, 0, 4.15
2019/07/19 19:29:00, 24.25, 24.02, 23.81, 36.32, 36.32, 0, 0, 4.15
2019/07/19 19:30:00, 24.25, 24.04, 23.81, 36.33, 36.32, 0, 0, 4.15
2019/07/19 19:31:00, 24.25, 24.01, 23.81, 36.31, 36.31, 0, 0, 4.15
2019/07/19 19:32:00, 24.25, 24.01, 23.81, 36.25, 36.31, 0, 0, 4.15
2019/07/19 19:33:00, 24.25, 24.04, 23.81, 36.26, 36.31, 0, 0, 4.15
2019/07/19 19:34:00, 24.25, 24.04, 23.82, 36.31, 36.32, 0, 0, 4.15
2019/07/19 19:35:00, 24.25, 24.01, 23.82, 36.27, 36.29, 0, 0, 4.15
2019/07/19 19:36:00, 24.25, 24.02, 23.81, 36.27, 36.32, 0, 0, 4.15
2019/07/19 19:37:00, 24.25, 24.01, 23.82, 36.28, 36.31, 0, 0, 4.15
2019/07/19 19:38:00, 24.25, 24.01, 23.82, 36.29, 36.30, 0, 0, 4.15
2019/07/19 19:39:00, 24.25, 23.99, 23.82, 36.26, 36.28, 0, 0, 4.15
2019/07/19 19:40:00, 24.25, 24.01, 23.79, 36.29, 36.30, 0, 0, 4.15
2019/07/19 19:41:00, 24.25, 24.02, 23.80, 36.27, 36.29, 0, 0, 4.15
2019/07/19 19:42:00, 24.25, 23.99, 23.80, 36.24, 36.29, 0, 0, 4.15
2019/07/19 19:43:00, 24.25, 24.01, 23.81, 36.31, 36.29, 0, 0, 4.15
2019/07/19 19:44:00, 24.25, 23.99, 23.80, 36.29, 36.31, 0, 0, 4.15
2019/07/19 19:45:00, 24.25, 23.99, 23.79, 36.29, 36.29, 0, 0, 4.15
2019/07/19 19:46:00, 24.25, 24.01, 23.79, 36.26, 36.28, 0, 0, 4.15
2019/07/19 19:47:00, 24.25, 24.01, 23.81, 36.26, 36.30, 0, 0, 4.15
2019/07/19 19:48:00, 24.25, 24.02, 23.82, 36.33, 36.32, 0, 0, 4.15
2019/07/19 19:49:00, 24.25, 23.99, 23.80, 36.29, 36.31, 0, 0, 4.15
2019/07/19 19:50:00, 24.25, 24.01, 23.80, 36.32, 36.32, 0, 0, 4.15
2019/07/19 19:51:00, 24.25, 23.99, 23.80, 36.34, 36.32, 0, 0, 4.15
2019/07/19 19:52:00, 24.25, 23.99, 23.80, 36.31, 36.32, 0, 0, 4.15
2019/07/19 19:53:00, 24.25, 24.01, 23.80, 36.31, 36.32, 0, 0, 4.15
2019/07/19 19:54:00, 24.25, 23.99, 23.78, 36.34, 36.32, 0, 0, 4.15
2019/07/19 19:55:00, 24.25, 23.98, 23.80, 36.33, 36.33, 0, 0, 4.15
2019/07/19 19:56:00, 24.25, 23.99, 23.79, 36.32, 36.32, 0, 0, 4.15
2019/07/19 19:57:00, 24.25, 24.01, 23.80, 36.31, 36.33, 0, 0, 4.15
2019/07/19 19:58:00, 24.25, 23.97, 23.79, 36.29, 36.33, 0, 0, 4.15
2019/07/19 19:59:00, 24.25, 23.99, 23.79, 36.33, 36.32, 0, 0, 4.15
2019/07/19 20:00:00, 24.25, 24.01, 23.78, 36.31, 36.35, 0, 0, 4.15
2019/07/19 20:01:00, 24.25, 23.99, 23.78, 36.31, 36.33, 0, 0, 4.15
2019/07/19 20:02:00, 24.25, 23.97, 23.78, 36.29, 36.34, 0, 0, 4.15
2019/07/19 20:03:00, 24.25, 23.99, 23.78, 36.27, 36.32, 0, 0, 4.15
2019/07/19 20:04:00, 24.25, 23.99, 23.78, 36.31, 36.33, 0, 0, 4.15
2019/07/19 20:05:00, 24.25, 23.98, 23.76, 36.32, 36.32, 0, 0, 4.15
2019/07/19 20:06:00, 24.25, 23.98, 23.77, 36.32, 36.33, 0, 0, 4.15
2019/07/19 20:07:00, 24.25, 23.97, 23.77, 36.31, 36.35, 0, 0, 4.15
2019/07/19 20:08:00, 24.25, 23.98, 23.78, 36.31, 36.35, 0, 0, 4.15
2019/07/19 20:09:00, 24.25, 23.99, 23.79, 36.31, 36.32, 0, 0, 4.15
2019/07/19 20:10:00, 24.25, 23.95, 23.76, 36.31, 36.32, 0, 0, 4.15
2019/07/19 20:11:00, 24.25, 23.98, 23.78, 36.27, 36.32, 0, 0, 4.15
2019/07/19 20:12:00, 24.25, 23.98, 23.76, 36.26, 36.33, 0, 0, 4.15
2019/07/19 20:13:00, 24.25, 23.95, 23.77, 36.31, 36.31, 0, 0, 4.15
2019/07/19 20:14:00, 24.25, 23.98, 23.77, 36.27, 36.32, 0, 0, 4.15
2019/07/19 20:15:00, 24.25, 23.97, 23.76, 36.31, 36.31, 0, 0, 4.15
2019/07/19 20:16:00, 24.25, 23.95, 23.77, 36.25, 36.29, 0, 0, 4.15
2019/07/19 20:17:00, 24.25, 23.98, 23.75, 36.33, 36.28, 0, 0, 4.15
2019/07/19 20:18:00, 24.25, 23.97, 23.78, 36.27, 36.30, 0, 0, 4.15
2019/07/19 20:19:00, 24.25, 23.95, 23.76, 36.23, 36.29, 0, 0, 4.15
2019/07/19 20:20:00, 24.25, 23.95, 23.74, 36.26, 36.27, 0, 0, 4.15
2019/07/19 20:21:00, 24.25, 23.98, 23.76, 36.23, 36.28, 0, 0, 4.15
2019/07/19 20:22:00, 24.25, 23.97, 23.76, 36.26, 36.28, 0, 0, 4.15
2019/07/19 20:23:00, 24.25, 23.94, 23.76, 36.26, 36.27, 0, 0, 4.15
2019/07/19 20:24:00, 24.25, 23.94, 23.76, 36.22, 36.27, 0, 0, 4.15
2019/07/19 20:25:00, 24.25, 23.95, 23.76, 36.25, 36.27, 0, 0, 4.15
2019/07/19 20:26:00, 24.25, 23.94, 23.75, 36.26, 36.28, 0, 0, 4.15
2019/07/19 20:27:00, 24.25, 23.97, 23.74, 36.25, 36.26, 0, 0, 4.15
2019/07/19 20:28:00, 24.25, 23.95, 23.75, 36.29, 36.26, 0, 0, 4.15
2019/07/19 20:29:00, 24.25, 23.92, 23.74, 36.26, 36.27, 0, 0, 4.15
2019/07/19 20:30:00, 24.25, 23.94, 23.74, 36.29, 36.26, 0, 0, 4.15
2019/07/19 20:31:00, 24.25, 23.92, 23.75, 36.26, 36.26, 0, 0, 4.15
2019/07/19 20:32:00, 24.25, 23.92, 23.74, 36.23, 36.25, 0, 0, 4.15
2019/07/19 20:33:00, 24.25, 23.92, 23.73, 36.25, 36.25, 0, 0, 4.15
2019/07/19 20:34:00, 24.25, 23.92, 23.73, 36.23, 36.25, 0, 0, 4.15
2019/07/19 20:35:00, 24.25, 23.91, 23.73, 36.21, 36.24, 0, 0, 4.15
2019/07/19 20:36:00, 24.25, 23.94, 23.73, 36.23, 36.26, 0, 0, 4.15
2019/07/19 20:37:00, 24.25, 23.91, 23.74, 36.23, 36.25, 0, 0, 4.15
2019/07/19 20:38:00, 24.25, 23.91, 23.69, 36.25, 36.25, 0, 0, 4.15
2019/07/19 20:39:00, 24.25, 23.90, 23.69, 36.27, 36.27, 0, 0, 4.15
2019/07/19 20:40:00, 24.25, 23.91, 23.72, 36.28, 36.28, 0, 0, 4.15
2019/07/19 20:41:00, 24.25, 23.90, 23.72, 36.28, 36.28, 0, 0, 4.15
2019/07/19 20:42:00, 24.25, 23.91, 23.69, 36.26, 36.29, 0, 0, 4.15
2019/07/19 20:43:00, 24.25, 23.91, 23.69, 36.31, 36.31, 0, 0, 4.15
2019/07/19 20:44:00, 24.25, 23.88, 23.69, 36.31, 36.29, 0, 0, 4.15
2019/07/19 20:45:00, 24.25, 23.90, 23.69, 36.31, 36.32, 0, 0, 4.15
2019/07/19 20:46:00, 24.00, 23.92, 23.69, 36.31, 36.32, 0, 0, 4.15
2019/07/19 20:47:00, 24.25, 23.90, 23.69, 36.31, 36.33, 0, 0, 4.15
2019/07/19 20:48:00, 24.25, 23.91, 23.67, 36.27, 36.33, 0, 0, 4.15
2019/07/19 20:49:00, 24.25, 23.88, 23.69, 36.32, 36.32, 0, 0, 4.15
2019/07/19 20:50:00, 24.00, 23.88, 23.66, 36.35, 36.34, 0, 0, 4.15
2019/07/19 20:51:00, 24.00, 23.87, 23.67, 36.33, 36.36, 0, 0, 4.15
2019/07/19 20:52:00, 24.25, 23.88, 23.68, 36.32, 36.34, 0, 0, 4.15
2019/07/19 20:53:00, 24.00, 23.88, 23.68, 36.35, 36.36, 0, 0, 4.15
2019/07/19 20:54:00, 24.00, 23.88, 23.69, 36.36, 36.36, 0, 0, 4.15
2019/07/19 20:55:00, 24.00, 23.90, 23.66, 36.35, 36.35, 0, 0, 4.15
2019/07/19 20:56:00, 24.00, 23.87, 23.65, 36.35, 36.35, 0, 0, 4.15
2019/07/19 20:57:00, 24.00, 23.87, 23.68, 36.36, 36.37, 0, 0, 4.15
2019/07/19 20:58:00, 24.00, 23.87, 23.66, 36.39, 36.35, 0, 0, 4.15
2019/07/19 20:59:00, 24.25, 23.87, 23.68, 36.38, 36.37, 0, 0, 4.15
2019/07/19 21:00:00, 24.00, 23.87, 23.65, 36.34, 36.38, 0, 0, 4.15
2019/07/19 21:01:00, 24.00, 23.88, 23.65, 36.36, 36.37, 0, 0, 4.15
2019/07/19 21:02:00, 24.00, 23.84, 23.66, 36.37, 36.38, 0, 0, 4.15
2019/07/19 21:03:00, 24.00, 23.85, 23.66, 36.34, 36.38, 0, 0, 4.15
2019/07/19 21:04:00, 24.00, 23.85, 23.64, 36.34, 36.37, 0, 0, 4.15
2019/07/19 21:05:00, 24.00, 23.83, 23.65, 36.40, 36.38, 0, 0, 4.15
2019/07/19 21:06:00, 24.00, 23.85, 23.66, 36.37, 36.40, 0, 0, 4.15
2019/07/19 21:07:00, 24.00, 23.84, 23.64, 36.41, 36.41, 0, 0, 4.15
2019/07/19 21:08:00, 24.00, 23.85, 23.64, 36.41, 36.40, 0, 0, 4.15
2019/07/19 21:09:00, 24.00, 23.81, 23.64, 36.39, 36.41, 0, 0, 4.15
2019/07/19 21:10:00, 24.00, 23.84, 23.64, 36.42, 36.40, 0, 0, 4.15
2019/07/19 21:11:00, 24.00, 23.83, 23.63, 36.42, 36.43, 0, 0, 4.15
2019/07/19 21:12:00, 24.00, 23.87, 23.64, 36.36, 36.42, 0, 0, 4.15
2019/07/19 21:13:00, 24.00, 23.81, 23.61, 36.44, 36.41, 0, 0, 4.15
2019/07/19 21:14:00, 24.00, 23.81, 23.61, 36.42, 36.43, 0, 0, 4.15
2019/07/19 21:15:00, 24.00, 23.81, 23.62, 36.42, 36.44, 0, 0, 4.15
2019/07/19 21:16:00, 24.00, 23.81, 23.63, 36.41, 36.44, 0, 0, 4.15
2019/07/19 21:17:00, 24.00, 23.81, 23.62, 36.42, 36.47, 0, 0, 4.15
2019/07/19 21:18:00, 24.00, 23.81, 23.61, 36.45, 36.44, 0, 0, 4.15
2019/07/19 21:19:00, 24.00, 23.81, 23.61, 36.43, 36.44, 0, 0, 4.15
2019/07/19 21:20:00, 24.00, 23.83, 23.62, 36.41, 36.44, 0, 0, 4.15
2019/07/19 21:21:00, 24.00, 23.81, 23.62, 36.50, 36.47, 0, 0, 4.15
2019/07/19 21:22:00, 24.00, 23.80, 23.59, 36.46, 36.47, 0, 0, 4.15
2019/07/19 21:23:00, 24.00, 23.81, 23.62, 36.44, 36.47, 0, 0, 4.15
2019/07/19 21:24:00, 24.00, 23.81, 23.59, 36.47, 36.47, 0, 0, 4.15
2019/07/19 21:25:00, 24.00, 23.81, 23.60, 36.47, 36.47, 0, 0, 4.15
2019/07/19 21:26:00, 24.00, 23.81, 23.62, 36.44, 36.47, 0, 0, 4.15
2019/07/19 21:27:00, 24.00, 23.80, 23.59, 36.47, 36.47, 0, 0, 4.15
2019/07/19 21:28:00, 24.00, 23.80, 23.60, 36.47, 36.51, 0, 0, 4.15
2019/07/19 21:29:00, 24.00, 23.79, 23.59, 36.51, 36.51, 0, 0, 4.15
2019/07/19 21:30:00, 24.00, 23.80, 23.59, 36.49, 36.51, 0, 0, 4.15
2019/07/19 21:31:00, 24.00, 23.79, 23.58, 36.48, 36.51, 0, 0, 4.15
2019/07/19 21:32:00, 24.00, 23.77, 23.58, 36.53, 36.50, 0, 0, 4.15
2019/07/19 21:33:00, 24.00, 23.79, 23.54, 36.49, 36.52, 0, 0, 4.15
2019/07/19 21:34:00, 24.00, 23.77, 23.57, 36.55, 36.51, 0, 0, 4.15
2019/07/19 21:35:00, 24.00, 23.76, 23.58, 36.54, 36.54, 0, 0, 4.15
2019/07/19 21:36:00, 24.00, 23.77, 23.58, 36.54, 36.53, 0, 0, 4.15
2019/07/19 21:37:00, 24.00, 23.80, 23.56, 36.55, 36.55, 0, 0, 4.15
2019/07/19 21:38:00, 24.00, 23.77, 23.57, 36.56, 36.56, 0, 0, 4.15
2019/07/19 21:39:00, 24.00, 23.77, 23.54, 36.55, 36.55, 0, 0, 4.15
2019/07/19 21:40:00, 24.00, 23.77, 23.58, 36.56, 36.57, 0, 0, 4.15
2019/07/19 21:41:00, 24.00, 23.76, 23.57, 36.59, 36.57, 0, 0, 4.15
2019/07/19 21:42:00, 24.00, 23.74, 23.56, 36.58, 36.60, 0, 0, 4.15
2019/07/19 21:43:00, 24.00, 23.77, 23.57, 36.56, 36.59, 0, 0, 4.15
2019/07/19 21:44:00, 24.00, 23.76, 23.56, 36.55, 36.57, 0, 0, 4.15
2019/07/19 21:45:00, 24.00, 23.76, 23.57, 36.61, 36.57, 0, 0, 4.15
2019/07/19 21:46:00, 24.00, 23.76, 23.54, 36.63, 36.60, 0, 0, 4.15
2019/07/19 21:47:00, 24.00, 23.73, 23.54, 36.58, 36.60, 0, 0, 4.15
2019/07/19 21:48:00, 24.00, 23.74, 23.53, 36.55, 36.61, 0, 0, 4.15
2019/07/19 21:49:00, 24.00, 23.76, 23.53, 36.61, 36.61, 0, 0, 4.15
2019/07/19 21:50:00, 24.00, 23.76, 23.54, 36.57, 36.64, 0, 0, 4.15
2019/07/19 21:51:00, 24.00, 23.76, 23.53, 36.57, 36.63, 0, 0, 4.15
2019/07/19 21:52:00, 24.00, 23.73, 23.53, 36.61, 36.62, 0, 0, 4.15
2019/07/19 21:53:00, 24.00, 23.74, 23.53, 36.61, 36.61, 0, 0, 4.15
2019/07/19 21:54:00, 24.00, 23.73, 23.53, 36.57, 36.61, 0, 0, 4.15
2019/07/19 21:55:00, 24.00, 23.73, 23.53, 36.58, 36.63, 0, 0, 4.15
2019/07/19 21:56:00, 24.00, 23.73, 23.53, 36.64, 36.64, 0, 0, 4.15
2019/07/19 21:57:00, 24.00, 23.73, 23.52, 36.65, 36.64, 0, 0, 4.15
2019/07/19 21:58:00, 24.00, 23.73, 23.52, 36.67, 36.66, 0, 0, 4.15
2019/07/19 21:59:00, 24.00, 23.74, 23.51, 36.65, 36.65, 0, 0, 4.15
2019/07/19 22:00:00, 24.00, 23.74, 23.52, 36.62, 36.64, 0, 0, 4.15
2019/07/19 22:01:00, 24.00, 23.73, 23.50, 36.63, 36.64, 0, 0, 4.15
2019/07/19 22:02:00, 24.00, 23.70, 23.51, 36.65, 36.66, 0, 0, 4.15
2019/07/19 22:03:00, 24.00, 23.73, 23.51, 36.65, 36.70, 0, 0, 4.15
2019/07/19 22:04:00, 24.00, 23.74, 23.52, 36.63, 36.70, 0, 0, 4.15
2019/07/19 22:05:00, 24.00, 23.70, 23.48, 36.69, 36.69, 0, 0, 4.15
2019/07/19 22:06:00, 24.00, 23.71, 23.50, 36.63, 36.70, 0, 0, 4.15
2019/07/19 22:07:00, 24.00, 23.70, 23.50, 36.68, 36.72, 0, 0, 4.15
2019/07/19 22:08:00, 24.00, 23.73, 23.48, 36.66, 36.70, 0, 0, 4.15
2019/07/19 22:09:00, 24.00, 23.68, 23.50, 36.73, 36.72, 0, 0, 4.15
2019/07/19 22:10:00, 24.00, 23.68, 23.49, 36.70, 36.73, 0, 0, 4.15
2019/07/19 22:11:00, 24.00, 23.70, 23.50, 36.71, 36.74, 0, 0, 4.15
2019/07/19 22:12:00, 24.00, 23.71, 23.49, 36.74, 36.74, 0, 0, 4.15
2019/07/19 22:13:00, 24.00, 23.67, 23.51, 36.73, 36.73, 0, 0, 4.15
2019/07/19 22:14:00, 24.00, 23.70, 23.47, 36.74, 36.74, 0, 0, 4.15
2019/07/19 22:15:00, 24.00, 23.70, 23.49, 36.76, 36.73, 0, 0, 4.15
2019/07/19 22:16:00, 24.00, 23.71, 23.50, 36.70, 36.73, 0, 0, 4.15
2019/07/19 22:17:00, 24.00, 23.68, 23.48, 36.71, 36.73, 0, 0, 4.15
2019/07/19 22:18:00, 24.00, 23.67, 23.48, 36.78, 36.74, 0, 0, 4.15
2019/07/19 22:19:00, 24.00, 23.67, 23.47, 36.73, 36.75, 0, 0, 4.15
2019/07/19 22:20:00, 24.00, 23.68, 23.48, 36.75, 36.75, 0, 0, 4.15
2019/07/19 22:21:00, 24.00, 23.67, 23.47, 36.70, 36.77, 0, 0, 4.15
2019/07/19 22:22:00, 24.00, 23.67, 23.47, 36.76, 36.76, 0, 0, 4.15
2019/07/19 22:23:00, 24.00, 23.65, 23.46, 36.79, 36.77, 0, 0, 4.15
2019/07/19 22:24:00, 24.00, 23.65, 23.48, 36.74, 36.78, 0, 0, 4.15
2019/07/19 22:25:00, 24.00, 23.67, 23.47, 36.76, 36.79, 0, 0, 4.15
2019/07/19 22:26:00, 24.00, 23.65, 23.46, 36.78, 36.80, 0, 0, 4.15
2019/07/19 22:27:00, 24.00, 23.64, 23.46, 36.75, 36.81, 0, 0, 4.15
2019/07/19 22:28:00, 24.00, 23.67, 23.46, 36.78, 36.83, 0, 0, 4.15
2019/07/19 22:29:00, 24.00, 23.65, 23.45, 36.79, 36.81, 0, 0, 4.15
2019/07/19 22:30:00, 24.00, 23.65, 23.44, 36.81, 36.83, 0, 0, 4.15
2019/07/19 22:31:00, 24.00, 23.65, 23.45, 36.81, 36.83, 0, 0, 4.15
2019/07/19 22:32:00, 24.00, 23.63, 23.42, 36.79, 36.84, 0, 0, 4.15
2019/07/19 22:33:00, 24.00, 23.63, 23.45, 36.78, 36.84, 0, 0, 4.15
2019/07/19 22:34:00, 24.00, 23.64, 23.42, 36.79, 36.85, 0, 0, 4.15
2019/07/19 22:35:00, 24.00, 23.64, 23.44, 36.85, 36.84, 0, 0, 4.15
2019/07/19 22:36:00, 24.00, 23.64, 23.43, 36.86, 36.86, 0, 0, 4.15
2019/07/19 22:37:00, 24.00, 23.63, 23.43, 36.84, 36.86, 0, 0, 4.15
2019/07/19 22:38:00, 24.00, 23.64, 23.44, 36.88, 36.88, 0, 0, 4.15
2019/07/19 22:39:00, 24.00, 23.64, 23.44, 36.86, 36.90, 0, 0, 4.15
2019/07/19 22:40:00, 24.00, 23.61, 23.43, 36.87, 36.89, 0, 0, 4.15
2019/07/19 22:41:00, 24.00, 23.63, 23.43, 36.85, 36.87, 0, 0, 4.15
2019/07/19 22:42:00, 24.00, 23.65, 23.44, 36.87, 36.88, 0, 0, 4.15
2019/07/19 22:43:00, 24.00, 23.60, 23.42, 36.87, 36.90, 0, 0, 4.15
2019/07/19 22:44:00, 24.00, 23.61, 23.41, 36.88, 36.92, 0, 0, 4.15
2019/07/19 22:45:00, 24.00, 23.61, 23.43, 36.88, 36.89, 0, 0, 4.15
2019/07/19 22:46:00, 24.00, 23.60, 23.39, 36.82, 36.90, 0, 0, 4.15
2019/07/19 22:47:00, 24.00, 23.61, 23.42, 36.88, 36.90, 0, 0, 4.15
2019/07/19 22:48:00, 24.00, 23.61, 23.41, 36.91, 36.92, 0, 0, 4.15
2019/07/19 22:49:00, 24.00, 23.63, 23.43, 36.92, 36.93, 0, 0, 4.15
2019/07/19 22:50:00, 24.00, 23.63, 23.39, 36.91, 36.94, 0, 0, 4.15
2019/07/19 22:51:00, 24.00, 23.59, 23.41, 36.91, 36.94, 0, 0, 4.15
2019/07/19 22:52:00, 24.00, 23.60, 23.42, 36.93, 36.96, 0, 0, 4.15
2019/07/19 22:53:00, 24.00, 23.59, 23.37, 36.96, 36.96, 0, 0, 4.15
2019/07/19 22:54:00, 24.00, 23.60, 23.37, 36.94, 36.95, 0, 0, 4.15
2019/07/19 22:55:00, 24.00, 23.61, 23.37, 36.98, 36.96, 0, 0, 4.15
2019/07/19 22:56:00, 24.00, 23.59, 23.38, 37.00, 37.00, 0, 0, 4.15
2019/07/19 22:57:00, 24.00, 23.59, 23.37, 36.92, 36.99, 0, 0, 4.15
2019/07/19 22:58:00, 24.00, 23.57, 23.38, 36.96, 37.02, 0, 0, 4.15
2019/07/19 22:59:00, 24.00, 23.59, 23.38, 37.00, 37.01, 0, 0, 4.15
2019/07/19 23:00:00, 24.00, 23.59, 23.37, 37.00, 37.02, 0, 0, 4.15
2019/07/19 23:01:00, 24.00, 23.56, 23.37, 37.00, 37.03, 0, 0, 4.15
2019/07/19 23:02:00, 24.00, 23.57, 23.37, 37.03, 37.02, 0, 0, 4.15
2019/07/19 23:03:00, 24.00, 23.56, 23.35, 37.00, 37.04, 0, 0, 4.15
2019/07/19 23:04:00, 24.00, 23.57, 23.35, 37.01, 37.02, 0, 0, 4.15
2019/07/19 23:05:00, 24.00, 23.57, 23.35, 37.01, 37.05, 0, 0, 4.15
2019/07/19 23:06:00, 24.00, 23.56, 23.35, 37.02, 37.05, 0, 0, 4.15
2019/07/19 23:07:00, 24.00, 23.56, 23.35, 37.04, 37.07, 0, 0, 4.15
2019/07/19 23:08:00, 24.00, 23.54, 23.34, 37.06, 37.08, 0, 0, 4.15
2019/07/19 23:09:00, 24.00, 23.56, 23.36, 37.06, 37.07, 0, 0, 4.15
2019/07/19 23:10:00, 23.75, 23.54, 23.35, 37.07, 37.08, 0, 0, 4.15
2019/07/19 23:11:00, 24.00, 23.53, 23.34, 37.04, 37.09, 0, 0, 4.15
2019/07/19 23:12:00, 24.00, 23.53, 23.34, 37.09, 37.11, 0, 0, 4.15
2019/07/19 23:13:00, 24.00, 23.54, 23.34, 37.07, 37.12, 0, 0, 4.15
2019/07/19 23:14:00, 24.00, 23.54, 23.32, 37.10, 37.12, 0, 0, 4.15
2019/07/19 23:15:00, 24.00, 23.54, 23.35, 37.10, 37.12, 0, 0, 4.15
2019/07/19 23:16:00, 23.75, 23.54, 23.34, 37.12, 37.12, 0, 0, 4.15
2019/07/19 23:17:00, 23.75, 23.56, 23.33, 37.13, 37.12, 0, 0, 4.15
2019/07/19 23:18:00, 24.00, 23.54, 23.34, 37.12, 37.13, 0, 0, 4.15
2019/07/19 23:19:00, 24.00, 23.53, 23.34, 37.11, 37.15, 0, 0, 4.15
2019/07/19 23:20:00, 23.75, 23.53, 23.35, 37.15, 37.13, 0, 0, 4.15
2019/07/19 23:21:00, 23.75, 23.54, 23.33, 37.17, 37.15, 0, 0, 4.15
2019/07/19 23:22:00, 23.75, 23.53, 23.33, 37.12, 37.15, 0, 0, 4.15
2019/07/19 23:23:00, 23.75, 23.52, 23.31, 37.15, 37.17, 0, 0, 4.15
2019/07/19 23:24:00, 23.75, 23.54, 23.32, 37.15, 37.19, 0, 0, 4.15
2019/07/19 23:25:00, 23.75, 23.53, 23.32, 37.18, 37.19, 0, 0, 4.15
2019/07/19 23:26:00, 23.75, 23.52, 23.31, 37.15, 37.19, 0, 0, 4.15
2019/07/19 23:27:00, 23.75, 23.52, 23.32, 37.20, 37.20, 0, 0, 4.15
2019/07/19 23:28:00, 23.75, 23.54, 23.31, 37.13, 37.20, 0, 0, 4.15
2019/07/19 23:29:00, 23.75, 23.52, 23.32, 37.22, 37.21, 0, 0, 4.15
2019/07/19 23:30:00, 23.75, 23.54, 23.31, 37.22, 37.22, 0, 0, 4.15
2019/07/19 23:31:00, 23.75, 23.52, 23.29, 37.20, 37.22, 0, 0, 4.15
2019/07/19 23:32:00, 23.75, 23.52, 23.30, 37.18, 37.23, 0, 0, 4.15
2019/07/19 23:33:00, 23.75, 23.52, 23.31, 37.23, 37.24, 0, 0, 4.15
2019/07/19 23:34:00, 23.75, 23.50, 23.31, 37.22, 37.25, 0, 0, 4.15
2019/07/19 23:35:00, 23.75, 23.52, 23.29, 37.25, 37.25, 0, 0, 4.15
2019/07/19 23:36:00, 23.75, 23.49, 23.30, 37.27, 37.26, 0, 0, 4.15
2019/07/19 23:37:00, 23.75, 23.49, 23.29, 37.28, 37.26, 0, 0, 4.15
2019/07/19 23:38:00, 23.75, 23.52, 23.30, 37.24, 37.29, 0, 0, 4.15
2019/07/19 23:39:00, 23.75, 23.50, 23.29, 37.29, 37.28, 0, 0, 4.15
2019/07/19 23:40:00, 23.75, 23.49, 23.29, 37.28, 37.32, 0, 0, 4.15
2019/07/19 23:41:00, 23.75, 23.50, 23.29, 37.35, 37.31, 0, 0, 4.15
2019/07/19 23:42:00, 23.75, 23.49, 23.27, 37.35, 37.35, 0, 0, 4.15
2019/07/19 23:43:00, 23.75, 23.47, 23.30, 37.33, 37.35, 0, 0, 4.15
2019/07/19 23:44:00, 23.75, 23.47, 23.28, 37.38, 37.38, 0, 0, 4.15
2019/07/19 23:45:00, 23.75, 23.49, 23.25, 37.33, 37.37, 0, 0, 4.15
2019/07/19 23:46:00, 23.75, 23.47, 23.25, 37.41, 37.40, 0, 0, 4.15
2019/07/19 23:47:00, 23.75, 23.47, 23.27, 37.41, 37.41, 0, 0, 4.15
