Data logger for tempereture and humidity.
Code, design, and soldering by Antti Mikkonen, a.mikkonen@iki.fi, 2019.
Based on open source projects and libraries. See source for details.
/home/ami/src/arduino/promini/logger_v8_ada/logger_v8_ada.ino
UTC time (year/month/date hour:minute:second), T RTC (C), T sht31 (C), T si7021 (C), RH sht31 (-), RH si7021 (-), heaterOn sht31 (bool),  heaterOn si7021 (bool), battery voltage (V)
2019/05/26 00:08:00, 24.00, 23.35, 23.13, 36.51, 35.31, 0, 0, 4.29
2019/05/26 00:09:00, 24.00, 23.35, 23.14, 36.57, 35.36, 0, 0, 4.29
2019/05/26 00:10:00, 24.00, 23.33, 23.13, 36.56, 35.36, 0, 0, 4.29
2019/05/26 00:11:00, 24.00, 23.36, 23.15, 36.58, 35.37, 0, 0, 4.29
2019/05/26 00:12:00, 24.00, 23.35, 23.13, 36.49, 35.34, 0, 0, 4.29
2019/05/26 00:13:00, 24.00, 23.32, 23.10, 36.54, 35.37, 0, 0, 4.29
2019/05/26 00:14:00, 24.00, 23.33, 23.10, 36.58, 35.39, 0, 0, 4.29
2019/05/26 00:15:00, 24.00, 23.32, 23.10, 36.58, 35.38, 0, 0, 4.29
2019/05/26 00:16:00, 24.00, 23.33, 23.13, 36.56, 35.35, 0, 0, 4.29
2019/05/26 00:17:00, 24.00, 23.32, 23.13, 36.56, 35.34, 0, 0, 4.29
2019/05/26 00:18:00, 24.00, 23.33, 23.13, 36.53, 35.33, 0, 0, 4.29
2019/05/26 00:19:00, 24.00, 23.32, 23.13, 36.48, 35.30, 0, 0, 4.29
2019/05/26 00:20:00, 24.00, 23.35, 23.14, 36.54, 35.35, 0, 0, 4.29
2019/05/26 00:21:00, 24.00, 23.33, 23.13, 36.47, 35.26, 0, 0, 4.29
2019/05/26 00:22:00, 24.00, 23.36, 23.13, 36.56, 35.25, 0, 0, 4.29
2019/05/26 00:23:00, 24.00, 23.29, 23.13, 36.41, 35.24, 0, 0, 4.29
2019/05/26 00:24:00, 24.00, 23.30, 23.09, 36.47, 35.24, 0, 0, 4.29
2019/05/26 00:25:00, 24.00, 23.30, 23.10, 36.52, 35.27, 0, 0, 4.29
2019/05/26 00:26:00, 24.00, 23.28, 23.12, 36.57, 35.33, 0, 0, 4.29
2019/05/26 00:27:00, 24.00, 23.30, 23.13, 36.56, 35.32, 0, 0, 4.29
2019/05/26 00:28:00, 24.00, 23.33, 23.14, 36.44, 35.27, 0, 0, 4.29
2019/05/26 00:29:00, 24.00, 23.32, 23.13, 36.37, 35.19, 0, 0, 4.29
2019/05/26 00:30:00, 24.00, 23.35, 23.13, 36.45, 35.22, 0, 0, 4.29
2019/05/26 00:31:00, 24.00, 23.32, 23.13, 36.40, 35.18, 0, 0, 4.29
2019/05/26 00:32:00, 24.00, 23.30, 23.09, 36.41, 35.17, 0, 0, 4.29
2019/05/26 00:33:00, 24.00, 23.32, 23.09, 36.45, 35.22, 0, 0, 4.29
2019/05/26 00:34:00, 23.75, 23.30, 23.13, 36.45, 35.25, 0, 0, 4.29
2019/05/26 00:35:00, 23.75, 23.32, 23.12, 36.42, 35.22, 0, 0, 4.29
2019/05/26 00:36:00, 23.75, 23.32, 23.12, 36.36, 35.17, 0, 0, 4.29
2019/05/26 00:37:00, 23.75, 23.32, 23.13, 36.37, 35.17, 0, 0, 4.29
2019/05/26 00:38:00, 23.75, 23.29, 23.10, 36.37, 35.16, 0, 0, 4.29
2019/05/26 00:39:00, 23.75, 23.30, 23.13, 36.40, 35.17, 0, 0, 4.29
2019/05/26 00:40:00, 24.00, 23.29, 23.10, 36.38, 35.16, 0, 0, 4.29
2019/05/26 00:41:00, 24.00, 23.30, 23.07, 36.37, 35.13, 0, 0, 4.29
2019/05/26 00:42:00, 23.75, 23.29, 23.07, 36.37, 35.18, 0, 0, 4.29
2019/05/26 00:43:00, 23.75, 23.29, 23.06, 36.44, 35.17, 0, 0, 4.29
2019/05/26 00:44:00, 23.75, 23.32, 23.10, 36.41, 35.19, 0, 0, 4.29
2019/05/26 00:45:00, 23.75, 23.35, 23.14, 36.36, 35.15, 0, 0, 4.29
2019/05/26 00:46:00, 23.75, 23.33, 23.16, 36.23, 35.05, 0, 0, 4.29
2019/05/26 00:47:00, 23.75, 23.35, 23.17, 36.21, 35.00, 0, 0, 4.29
2019/05/26 00:48:00, 23.75, 23.37, 23.19, 36.18, 34.96, 0, 0, 4.29
2019/05/26 00:49:00, 23.75, 23.43, 23.22, 36.09, 34.93, 0, 0, 4.29
2019/05/26 00:50:00, 23.75, 23.40, 23.21, 36.15, 34.88, 0, 0, 4.29
2019/05/26 00:51:00, 23.75, 23.42, 23.25, 36.04, 34.83, 0, 0, 4.29
2019/05/26 00:52:00, 23.75, 23.46, 23.22, 36.00, 34.78, 0, 0, 4.29
2019/05/26 00:53:00, 23.75, 23.46, 23.28, 35.98, 34.76, 0, 0, 4.29
2019/05/26 00:54:00, 23.75, 23.46, 23.22, 35.96, 34.73, 0, 0, 4.29
2019/05/26 00:55:00, 23.75, 23.46, 23.28, 35.92, 34.72, 0, 0, 4.29
2019/05/26 00:56:00, 23.75, 23.44, 23.25, 35.88, 34.70, 0, 0, 4.29
2019/05/26 00:57:00, 23.75, 23.46, 23.27, 35.93, 34.71, 0, 0, 4.29
2019/05/26 00:58:00, 24.00, 23.49, 23.27, 35.88, 34.69, 0, 0, 4.29
2019/05/26 00:59:00, 24.00, 23.47, 23.27, 35.88, 34.64, 0, 0, 4.29
2019/05/26 01:00:00, 24.00, 23.42, 23.25, 35.78, 34.64, 0, 0, 4.29
2019/05/26 01:01:00, 24.00, 23.44, 23.25, 35.87, 34.66, 0, 0, 4.29
2019/05/26 01:02:00, 24.00, 23.42, 23.25, 35.82, 34.61, 0, 0, 4.29
2019/05/26 01:03:00, 24.00, 23.46, 23.25, 35.88, 34.64, 0, 0, 4.29
2019/05/26 01:04:00, 23.75, 23.44, 23.27, 35.85, 34.61, 0, 0, 4.29
2019/05/26 01:05:00, 24.00, 23.46, 23.25, 35.82, 34.63, 0, 0, 4.29
2019/05/26 01:06:00, 23.75, 23.46, 23.28, 35.80, 34.61, 0, 0, 4.29
2019/05/26 01:07:00, 23.75, 23.47, 23.24, 35.84, 34.61, 0, 0, 4.29
2019/05/26 01:08:00, 24.00, 23.44, 23.25, 35.80, 34.60, 0, 0, 4.29
2019/05/26 01:09:00, 24.00, 23.44, 23.24, 35.76, 34.55, 0, 0, 4.29
2019/05/26 01:10:00, 24.00, 23.44, 23.27, 35.78, 34.55, 0, 0, 4.29
2019/05/26 01:11:00, 23.75, 23.44, 23.27, 35.80, 34.58, 0, 0, 4.29
2019/05/26 01:12:00, 24.00, 23.47, 23.24, 35.76, 34.55, 0, 0, 4.29
2019/05/26 01:13:00, 24.00, 23.44, 23.22, 35.76, 34.54, 0, 0, 4.29
2019/05/26 01:14:00, 24.00, 23.46, 23.25, 35.73, 34.51, 0, 0, 4.29
2019/05/26 01:15:00, 23.75, 23.44, 23.23, 35.67, 34.47, 0, 0, 4.29
2019/05/26 01:16:00, 23.75, 23.42, 23.21, 35.74, 34.49, 0, 0, 4.29
2019/05/26 01:17:00, 24.00, 23.42, 23.20, 35.78, 34.56, 0, 0, 4.29
2019/05/26 01:18:00, 24.00, 23.40, 23.20, 35.71, 34.53, 0, 0, 4.29
2019/05/26 01:19:00, 24.00, 23.40, 23.20, 35.67, 34.53, 0, 0, 4.29
2019/05/26 01:20:00, 24.00, 23.39, 23.20, 35.74, 34.50, 0, 0, 4.29
2019/05/26 01:21:00, 24.00, 23.40, 23.20, 35.70, 34.49, 0, 0, 4.29
2019/05/26 01:22:00, 23.75, 23.40, 23.22, 35.71, 34.48, 0, 0, 4.29
2019/05/26 01:23:00, 24.00, 23.42, 23.20, 35.69, 34.48, 0, 0, 4.29
2019/05/26 01:24:00, 24.00, 23.42, 23.20, 35.59, 34.44, 0, 0, 4.29
2019/05/26 01:25:00, 24.00, 23.43, 23.19, 35.63, 34.39, 0, 0, 4.29
2019/05/26 01:26:00, 23.75, 23.42, 23.18, 35.61, 34.41, 0, 0, 4.29
2019/05/26 01:27:00, 23.75, 23.37, 23.20, 35.64, 34.41, 0, 0, 4.29
2019/05/26 01:28:00, 23.75, 23.40, 23.20, 35.63, 34.41, 0, 0, 4.29
2019/05/26 01:29:00, 23.75, 23.39, 23.18, 35.59, 34.39, 0, 0, 4.29
2019/05/26 01:30:00, 23.75, 23.37, 23.21, 35.59, 34.37, 0, 0, 4.29
2019/05/26 01:31:00, 23.75, 23.40, 23.20, 35.57, 34.35, 0, 0, 4.29
2019/05/26 01:32:00, 24.00, 23.39, 23.19, 35.58, 34.37, 0, 0, 4.29
2019/05/26 01:33:00, 23.75, 23.42, 23.20, 35.58, 34.34, 0, 0, 4.29
2019/05/26 01:34:00, 23.75, 23.42, 23.21, 35.49, 34.30, 0, 0, 4.29
2019/05/26 01:35:00, 23.75, 23.37, 23.22, 35.48, 34.29, 0, 0, 4.29
2019/05/26 01:36:00, 23.75, 23.43, 23.21, 35.47, 34.29, 0, 0, 4.29
2019/05/26 01:37:00, 23.75, 23.40, 23.22, 35.46, 34.28, 0, 0, 4.29
2019/05/26 01:38:00, 23.75, 23.39, 23.18, 35.49, 34.28, 0, 0, 4.29
2019/05/26 01:39:00, 23.75, 23.40, 23.19, 35.49, 34.27, 0, 0, 4.29
2019/05/26 01:40:00, 23.75, 23.40, 23.21, 35.46, 34.26, 0, 0, 4.29
2019/05/26 01:41:00, 24.00, 23.39, 23.20, 35.39, 34.19, 0, 0, 4.29
2019/05/26 01:42:00, 23.75, 23.39, 23.18, 35.42, 34.21, 0, 0, 4.29
2019/05/26 01:43:00, 23.75, 23.40, 23.20, 35.43, 34.21, 0, 0, 4.29
2019/05/26 01:44:00, 23.75, 23.40, 23.20, 35.39, 34.21, 0, 0, 4.29
2019/05/26 01:45:00, 23.75, 23.39, 23.18, 35.39, 34.17, 0, 0, 4.29
2019/05/26 01:46:00, 23.75, 23.39, 23.18, 35.39, 34.15, 0, 0, 4.29
2019/05/26 01:47:00, 23.75, 23.40, 23.20, 35.45, 34.15, 0, 0, 4.29
2019/05/26 01:48:00, 24.00, 23.37, 23.20, 35.29, 34.13, 0, 0, 4.29
2019/05/26 01:49:00, 23.75, 23.40, 23.20, 35.35, 34.13, 0, 0, 4.29
2019/05/26 01:50:00, 23.75, 23.39, 23.19, 35.29, 34.13, 0, 0, 4.29
2019/05/26 01:51:00, 23.75, 23.42, 23.21, 35.34, 34.11, 0, 0, 4.29
2019/05/26 01:52:00, 23.75, 23.39, 23.18, 35.25, 34.07, 0, 0, 4.29
2019/05/26 01:53:00, 23.75, 23.40, 23.19, 35.34, 34.07, 0, 0, 4.29
2019/05/26 01:54:00, 23.75, 23.40, 23.19, 35.30, 34.06, 0, 0, 4.29
2019/05/26 01:55:00, 23.75, 23.40, 23.20, 35.24, 34.05, 0, 0, 4.29
2019/05/26 01:56:00, 23.75, 23.39, 23.21, 35.21, 34.01, 0, 0, 4.29
2019/05/26 01:57:00, 23.75, 23.42, 23.20, 35.13, 33.99, 0, 0, 4.29
2019/05/26 01:58:00, 23.75, 23.40, 23.19, 35.22, 33.99, 0, 0, 4.29
2019/05/26 01:59:00, 23.75, 23.40, 23.20, 35.20, 33.99, 0, 0, 4.29
2019/05/26 02:00:00, 23.75, 23.40, 23.18, 35.14, 33.95, 0, 0, 4.29
2019/05/26 02:01:00, 23.75, 23.40, 23.17, 35.14, 33.94, 0, 0, 4.29
2019/05/26 02:02:00, 23.75, 23.39, 23.18, 35.18, 33.96, 0, 0, 4.29
2019/05/26 02:03:00, 23.75, 23.35, 23.19, 35.19, 33.96, 0, 0, 4.29
2019/05/26 02:04:00, 23.75, 23.37, 23.17, 35.22, 33.97, 0, 0, 4.29
2019/05/26 02:05:00, 23.75, 23.39, 23.18, 35.17, 33.93, 0, 0, 4.29
2019/05/26 02:06:00, 23.75, 23.39, 23.18, 35.15, 33.93, 0, 0, 4.29
2019/05/26 02:07:00, 23.75, 23.39, 23.17, 35.13, 33.89, 0, 0, 4.29
2019/05/26 02:08:00, 23.75, 23.39, 23.18, 35.15, 33.91, 0, 0, 4.29
2019/05/26 02:09:00, 23.75, 23.37, 23.19, 35.14, 33.89, 0, 0, 4.29
2019/05/26 02:10:00, 23.75, 23.37, 23.18, 35.07, 33.87, 0, 0, 4.29
2019/05/26 02:11:00, 23.75, 23.37, 23.17, 35.07, 33.88, 0, 0, 4.29
2019/05/26 02:12:00, 23.75, 23.39, 23.18, 35.11, 33.87, 0, 0, 4.29
2019/05/26 02:13:00, 23.75, 23.39, 23.18, 35.05, 33.84, 0, 0, 4.29
2019/05/26 02:14:00, 23.75, 23.37, 23.20, 35.02, 33.82, 0, 0, 4.29
2019/05/26 02:15:00, 23.75, 23.42, 23.20, 35.01, 33.77, 0, 0, 4.29
2019/05/26 02:16:00, 23.75, 23.39, 23.18, 35.03, 33.77, 0, 0, 4.29
2019/05/26 02:17:00, 23.75, 23.40, 23.18, 34.89, 33.72, 0, 0, 4.29
2019/05/26 02:18:00, 23.75, 23.37, 23.20, 34.97, 33.72, 0, 0, 4.29
2019/05/26 02:19:00, 23.75, 23.36, 23.15, 34.98, 33.72, 0, 0, 4.29
2019/05/26 02:20:00, 23.75, 23.36, 23.14, 34.98, 33.74, 0, 0, 4.29
2019/05/26 02:21:00, 23.75, 23.35, 23.18, 35.03, 33.77, 0, 0, 4.29
2019/05/26 02:22:00, 23.75, 23.36, 23.17, 34.98, 33.77, 0, 0, 4.29
2019/05/26 02:23:00, 23.75, 23.33, 23.13, 34.92, 33.71, 0, 0, 4.29
2019/05/26 02:24:00, 23.75, 23.35, 23.13, 34.91, 33.69, 0, 0, 4.29
2019/05/26 02:25:00, 23.75, 23.35, 23.16, 34.95, 33.71, 0, 0, 4.29
2019/05/26 02:26:00, 23.75, 23.35, 23.16, 34.88, 33.68, 0, 0, 4.29
2019/05/26 02:27:00, 23.75, 23.36, 23.13, 34.92, 33.71, 0, 0, 4.29
2019/05/26 02:28:00, 23.75, 23.36, 23.16, 34.88, 33.66, 0, 0, 4.29
2019/05/26 02:29:00, 23.75, 23.32, 23.15, 34.85, 33.61, 0, 0, 4.29
2019/05/26 02:30:00, 23.75, 23.33, 23.13, 34.90, 33.65, 0, 0, 4.29
2019/05/26 02:31:00, 23.75, 23.33, 23.13, 34.87, 33.64, 0, 0, 4.29
2019/05/26 02:32:00, 23.75, 23.32, 23.12, 34.88, 33.63, 0, 0, 4.29
2019/05/26 02:33:00, 23.75, 23.30, 23.10, 34.88, 33.68, 0, 0, 4.29
2019/05/26 02:34:00, 23.75, 23.30, 23.10, 34.86, 33.60, 0, 0, 4.29
2019/05/26 02:35:00, 23.75, 23.28, 23.07, 34.88, 33.68, 0, 0, 4.29
2019/05/26 02:36:00, 23.75, 23.26, 23.06, 34.89, 33.63, 0, 0, 4.29
2019/05/26 02:37:00, 23.75, 23.26, 23.08, 34.86, 33.66, 0, 0, 4.29
2019/05/26 02:38:00, 23.75, 23.28, 23.05, 34.86, 33.62, 0, 0, 4.29
2019/05/26 02:39:00, 23.75, 23.25, 23.06, 34.88, 33.62, 0, 0, 4.29
2019/05/26 02:40:00, 23.75, 23.24, 23.07, 34.88, 33.63, 0, 0, 4.29
2019/05/26 02:41:00, 23.75, 23.25, 23.06, 34.86, 33.61, 0, 0, 4.29
2019/05/26 02:42:00, 23.75, 23.24, 23.06, 34.83, 33.63, 0, 0, 4.29
2019/05/26 02:43:00, 23.75, 23.28, 23.05, 34.86, 33.63, 0, 0, 4.29
2019/05/26 02:44:00, 23.75, 23.28, 23.07, 34.83, 33.63, 0, 0, 4.29
2019/05/26 02:45:00, 23.75, 23.28, 23.06, 34.82, 33.58, 0, 0, 4.29
2019/05/26 02:46:00, 23.75, 23.29, 23.07, 34.75, 33.54, 0, 0, 4.29
2019/05/26 02:47:00, 23.75, 23.25, 23.07, 34.70, 33.51, 0, 0, 4.29
2019/05/26 02:48:00, 23.75, 23.26, 23.06, 34.76, 33.51, 0, 0, 4.29
2019/05/26 02:49:00, 23.75, 23.25, 23.06, 34.73, 33.45, 0, 0, 4.29
2019/05/26 02:50:00, 23.75, 23.22, 23.05, 34.78, 33.49, 0, 0, 4.29
2019/05/26 02:51:00, 23.75, 23.25, 23.05, 34.72, 33.48, 0, 0, 4.29
2019/05/26 02:52:00, 23.75, 23.24, 23.04, 34.82, 33.52, 0, 0, 4.29
2019/05/26 02:53:00, 23.75, 23.24, 23.02, 34.74, 33.55, 0, 0, 4.29
2019/05/26 02:54:00, 23.75, 23.21, 23.03, 34.71, 33.52, 0, 0, 4.29
2019/05/26 02:55:00, 23.75, 23.22, 23.02, 34.78, 33.55, 0, 0, 4.29
2019/05/26 02:56:00, 23.75, 23.21, 23.02, 34.76, 33.55, 0, 0, 4.29
2019/05/26 02:57:00, 23.75, 23.24, 23.03, 34.79, 33.57, 0, 0, 4.29
2019/05/26 02:58:00, 23.75, 23.25, 23.04, 34.66, 33.48, 0, 0, 4.29
2019/05/26 02:59:00, 23.75, 23.25, 23.04, 34.74, 33.45, 0, 0, 4.29
2019/05/26 03:00:00, 23.75, 23.26, 23.06, 34.72, 33.43, 0, 0, 4.29
2019/05/26 03:01:00, 23.75, 23.26, 23.08, 34.64, 33.42, 0, 0, 4.29
2019/05/26 03:02:00, 23.75, 23.29, 23.09, 34.61, 33.37, 0, 0, 4.29
2019/05/26 03:03:00, 23.75, 23.30, 23.08, 34.55, 33.32, 0, 0, 4.29
2019/05/26 03:04:00, 23.75, 23.32, 23.13, 34.48, 33.31, 0, 0, 4.29
2019/05/26 03:05:00, 23.75, 23.32, 23.13, 34.52, 33.28, 0, 0, 4.29
2019/05/26 03:06:00, 23.75, 23.32, 23.13, 34.51, 33.25, 0, 0, 4.29
2019/05/26 03:07:00, 23.75, 23.32, 23.13, 34.40, 33.23, 0, 0, 4.29
2019/05/26 03:08:00, 23.75, 23.33, 23.16, 34.40, 33.24, 0, 0, 4.29
2019/05/26 03:09:00, 23.75, 23.33, 23.14, 34.32, 33.17, 0, 0, 4.29
2019/05/26 03:10:00, 23.75, 23.33, 23.15, 34.39, 33.19, 0, 0, 4.29
2019/05/26 03:11:00, 23.75, 23.33, 23.14, 34.31, 33.17, 0, 0, 4.29
2019/05/26 03:12:00, 23.75, 23.35, 23.14, 34.36, 33.18, 0, 0, 4.29
2019/05/26 03:13:00, 23.75, 23.35, 23.16, 34.34, 33.13, 0, 0, 4.29
2019/05/26 03:14:00, 23.75, 23.33, 23.15, 34.30, 33.10, 0, 0, 4.29
2019/05/26 03:15:00, 23.75, 23.33, 23.17, 34.31, 33.12, 0, 0, 4.29
2019/05/26 03:16:00, 23.75, 23.35, 23.14, 34.30, 33.08, 0, 0, 4.29
2019/05/26 03:17:00, 23.75, 23.35, 23.16, 34.34, 33.08, 0, 0, 4.29
2019/05/26 03:18:00, 23.75, 23.36, 23.15, 34.26, 33.06, 0, 0, 4.29
2019/05/26 03:19:00, 23.75, 23.39, 23.15, 34.26, 33.05, 0, 0, 4.29
2019/05/26 03:20:00, 23.75, 23.36, 23.16, 34.26, 33.02, 0, 0, 4.29
2019/05/26 03:21:00, 23.75, 23.37, 23.14, 34.21, 33.01, 0, 0, 4.29
2019/05/26 03:22:00, 23.75, 23.35, 23.15, 34.27, 33.00, 0, 0, 4.29
2019/05/26 03:23:00, 23.75, 23.35, 23.14, 34.23, 33.01, 0, 0, 4.29
2019/05/26 03:24:00, 23.75, 23.37, 23.16, 34.23, 33.01, 0, 0, 4.29
2019/05/26 03:25:00, 23.75, 23.35, 23.14, 34.19, 32.98, 0, 0, 4.29
2019/05/26 03:26:00, 23.75, 23.33, 23.13, 34.21, 33.00, 0, 0, 4.29
2019/05/26 03:27:00, 23.75, 23.35, 23.15, 34.24, 32.99, 0, 0, 4.29
2019/05/26 03:28:00, 23.75, 23.36, 23.17, 34.16, 32.98, 0, 0, 4.29
2019/05/26 03:29:00, 23.75, 23.33, 23.16, 34.18, 32.95, 0, 0, 4.29
2019/05/26 03:30:00, 23.75, 23.36, 23.14, 34.15, 32.94, 0, 0, 4.29
2019/05/26 03:31:00, 23.75, 23.35, 23.15, 34.15, 32.92, 0, 0, 4.29
2019/05/26 03:32:00, 23.75, 23.33, 23.14, 34.16, 32.94, 0, 0, 4.29
2019/05/26 03:33:00, 23.75, 23.36, 23.16, 34.13, 32.91, 0, 0, 4.29
2019/05/26 03:34:00, 23.75, 23.37, 23.16, 34.10, 32.90, 0, 0, 4.29
2019/05/26 03:35:00, 23.75, 23.37, 23.17, 34.04, 32.88, 0, 0, 4.29
2019/05/26 03:36:00, 23.75, 23.36, 23.16, 34.05, 32.87, 0, 0, 4.29
2019/05/26 03:37:00, 23.75, 23.36, 23.16, 34.09, 32.82, 0, 0, 4.29
2019/05/26 03:38:00, 23.75, 23.35, 23.17, 34.06, 32.85, 0, 0, 4.29
2019/05/26 03:39:00, 23.75, 23.37, 23.18, 34.05, 32.86, 0, 0, 4.29
2019/05/26 03:40:00, 23.75, 23.37, 23.18, 34.06, 32.81, 0, 0, 4.29
2019/05/26 03:41:00, 23.75, 23.35, 23.17, 34.03, 32.79, 0, 0, 4.29
2019/05/26 03:42:00, 23.75, 23.36, 23.17, 33.95, 32.78, 0, 0, 4.29
2019/05/26 03:43:00, 23.75, 23.37, 23.16, 33.98, 32.78, 0, 0, 4.29
2019/05/26 03:44:00, 23.75, 23.33, 23.16, 33.99, 32.75, 0, 0, 4.29
2019/05/26 03:45:00, 23.75, 23.35, 23.15, 33.99, 32.81, 0, 0, 4.29
2019/05/26 03:46:00, 23.75, 23.36, 23.13, 34.04, 32.81, 0, 0, 4.29
2019/05/26 03:47:00, 23.75, 23.35, 23.15, 33.97, 32.77, 0, 0, 4.29
2019/05/26 03:48:00, 23.75, 23.32, 23.16, 33.96, 32.78, 0, 0, 4.29
2019/05/26 03:49:00, 23.75, 23.36, 23.16, 34.02, 32.78, 0, 0, 4.29
2019/05/26 03:50:00, 23.75, 23.33, 23.16, 33.97, 32.75, 0, 0, 4.29
2019/05/26 03:51:00, 23.75, 23.35, 23.16, 33.90, 32.71, 0, 0, 4.29
2019/05/26 03:52:00, 23.75, 23.35, 23.15, 33.90, 32.70, 0, 0, 4.29
2019/05/26 03:53:00, 23.75, 23.33, 23.17, 33.92, 32.68, 0, 0, 4.29
2019/05/26 03:54:00, 23.75, 23.35, 23.15, 33.95, 32.71, 0, 0, 4.29
2019/05/26 03:55:00, 23.75, 23.33, 23.14, 33.91, 32.68, 0, 0, 4.29
2019/05/26 03:56:00, 23.75, 23.36, 23.16, 33.92, 32.69, 0, 0, 4.29
2019/05/26 03:57:00, 23.75, 23.36, 23.16, 33.86, 32.64, 0, 0, 4.29
2019/05/26 03:58:00, 23.75, 23.37, 23.16, 33.88, 32.63, 0, 0, 4.29
2019/05/26 03:59:00, 23.75, 23.35, 23.16, 33.89, 32.63, 0, 0, 4.29
2019/05/26 04:00:00, 23.75, 23.35, 23.15, 33.85, 32.64, 0, 0, 4.29
2019/05/26 04:01:00, 23.75, 23.36, 23.16, 33.82, 32.61, 0, 0, 4.29
2019/05/26 04:02:00, 23.75, 23.35, 23.17, 33.82, 32.62, 0, 0, 4.29
2019/05/26 04:03:00, 23.75, 23.35, 23.13, 33.76, 32.56, 0, 0, 4.29
2019/05/26 04:04:00, 23.75, 23.36, 23.16, 33.84, 32.61, 0, 0, 4.29
2019/05/26 04:05:00, 23.75, 23.36, 23.14, 33.77, 32.58, 0, 0, 4.29
2019/05/26 04:06:00, 23.75, 23.33, 23.15, 33.82, 32.58, 0, 0, 4.29
2019/05/26 04:07:00, 23.75, 23.35, 23.15, 33.73, 32.55, 0, 0, 4.29
2019/05/26 04:08:00, 23.75, 23.33, 23.16, 33.79, 32.55, 0, 0, 4.29
2019/05/26 04:09:00, 23.75, 23.37, 23.16, 33.70, 32.52, 0, 0, 4.29
2019/05/26 04:10:00, 23.75, 23.36, 23.15, 33.77, 32.55, 0, 0, 4.29
2019/05/26 04:11:00, 23.75, 23.36, 23.16, 33.67, 32.51, 0, 0, 4.29
2019/05/26 04:12:00, 23.75, 23.36, 23.13, 33.80, 32.53, 0, 0, 4.29
2019/05/26 04:13:00, 23.75, 23.36, 23.16, 33.72, 32.52, 0, 0, 4.29
2019/05/26 04:14:00, 23.75, 23.35, 23.16, 33.72, 32.50, 0, 0, 4.29
2019/05/26 04:15:00, 23.75, 23.36, 23.16, 33.70, 32.46, 0, 0, 4.29
2019/05/26 04:16:00, 23.75, 23.33, 23.15, 33.66, 32.46, 0, 0, 4.29
2019/05/26 04:17:00, 23.75, 23.35, 23.15, 33.61, 32.44, 0, 0, 4.29
2019/05/26 04:18:00, 23.75, 23.35, 23.15, 33.60, 32.42, 0, 0, 4.29
2019/05/26 04:19:00, 23.75, 23.37, 23.16, 33.67, 32.42, 0, 0, 4.29
2019/05/26 04:20:00, 23.75, 23.35, 23.13, 33.62, 32.42, 0, 0, 4.29
2019/05/26 04:21:00, 23.75, 23.33, 23.15, 33.60, 32.42, 0, 0, 4.29
2019/05/26 04:22:00, 23.75, 23.33, 23.13, 33.64, 32.42, 0, 0, 4.29
2019/05/26 04:23:00, 23.75, 23.32, 23.16, 33.56, 32.39, 0, 0, 4.29
2019/05/26 04:24:00, 23.75, 23.32, 23.14, 33.52, 32.33, 0, 0, 4.29
2019/05/26 04:25:00, 23.75, 23.33, 23.12, 33.61, 32.41, 0, 0, 4.29
2019/05/26 04:26:00, 23.75, 23.32, 23.10, 33.64, 32.39, 0, 0, 4.29
2019/05/26 04:27:00, 23.75, 23.33, 23.13, 33.55, 32.39, 0, 0, 4.29
2019/05/26 04:28:00, 23.75, 23.30, 23.12, 33.64, 32.39, 0, 0, 4.29
2019/05/26 04:29:00, 23.75, 23.33, 23.13, 33.58, 32.37, 0, 0, 4.29
2019/05/26 04:30:00, 23.75, 23.33, 23.13, 33.54, 32.34, 0, 0, 4.29
2019/05/26 04:31:00, 23.75, 23.35, 23.12, 33.56, 32.33, 0, 0, 4.29
2019/05/26 04:32:00, 23.75, 23.32, 23.12, 33.55, 32.35, 0, 0, 4.29
2019/05/26 04:33:00, 23.75, 23.32, 23.13, 33.48, 32.32, 0, 0, 4.29
2019/05/26 04:34:00, 23.75, 23.33, 23.13, 33.45, 32.31, 0, 0, 4.29
2019/05/26 04:35:00, 23.75, 23.32, 23.09, 33.50, 32.30, 0, 0, 4.29
2019/05/26 04:36:00, 23.75, 23.29, 23.09, 33.49, 32.28, 0, 0, 4.29
2019/05/26 04:37:00, 23.75, 23.32, 23.10, 33.53, 32.29, 0, 0, 4.29
2019/05/26 04:38:00, 23.75, 23.29, 23.12, 33.50, 32.31, 0, 0, 4.29
2019/05/26 04:39:00, 23.75, 23.29, 23.09, 33.48, 32.31, 0, 0, 4.29
2019/05/26 04:40:00, 23.75, 23.29, 23.10, 33.46, 32.29, 0, 0, 4.29
2019/05/26 04:41:00, 23.75, 23.30, 23.09, 33.46, 32.26, 0, 0, 4.29
2019/05/26 04:42:00, 23.75, 23.32, 23.10, 33.49, 32.26, 0, 0, 4.29
2019/05/26 04:43:00, 23.75, 23.35, 23.13, 33.42, 32.25, 0, 0, 4.29
2019/05/26 04:44:00, 23.75, 23.32, 23.10, 33.34, 32.18, 0, 0, 4.29
2019/05/26 04:45:00, 23.75, 23.32, 23.09, 33.40, 32.20, 0, 0, 4.29
2019/05/26 04:46:00, 23.75, 23.30, 23.10, 33.42, 32.23, 0, 0, 4.29
2019/05/26 04:47:00, 23.75, 23.29, 23.12, 33.40, 32.18, 0, 0, 4.29
2019/05/26 04:48:00, 23.75, 23.28, 23.09, 33.36, 32.13, 0, 0, 4.29
2019/05/26 04:49:00, 23.75, 23.29, 23.09, 33.40, 32.18, 0, 0, 4.29
2019/05/26 04:50:00, 23.75, 23.30, 23.10, 33.33, 32.15, 0, 0, 4.29
2019/05/26 04:51:00, 23.75, 23.30, 23.09, 33.36, 32.16, 0, 0, 4.29
2019/05/26 04:52:00, 23.75, 23.30, 23.13, 33.33, 32.15, 0, 0, 4.29
2019/05/26 04:53:00, 23.75, 23.29, 23.09, 33.30, 32.10, 0, 0, 4.29
2019/05/26 04:54:00, 23.75, 23.29, 23.08, 33.38, 32.11, 0, 0, 4.29
2019/05/26 04:55:00, 23.75, 23.26, 23.08, 33.37, 32.16, 0, 0, 4.29
2019/05/26 04:56:00, 23.75, 23.28, 23.09, 33.31, 32.13, 0, 0, 4.29
2019/05/26 04:57:00, 23.75, 23.30, 23.08, 33.28, 32.11, 0, 0, 4.29
2019/05/26 04:58:00, 23.75, 23.29, 23.09, 33.24, 32.07, 0, 0, 4.29
2019/05/26 04:59:00, 23.75, 23.30, 23.13, 33.24, 32.08, 0, 0, 4.29
2019/05/26 05:00:00, 23.75, 23.32, 23.15, 33.24, 32.02, 0, 0, 4.29
2019/05/26 05:01:00, 23.75, 23.36, 23.15, 33.16, 31.97, 0, 0, 4.29
2019/05/26 05:02:00, 23.75, 23.33, 23.16, 33.11, 31.94, 0, 0, 4.29
2019/05/26 05:03:00, 23.75, 23.33, 23.15, 33.10, 31.90, 0, 0, 4.29
2019/05/26 05:04:00, 23.75, 23.36, 23.16, 33.10, 31.94, 0, 0, 4.29
2019/05/26 05:05:00, 23.75, 23.39, 23.17, 33.02, 31.90, 0, 0, 4.29
2019/05/26 05:06:00, 23.75, 23.39, 23.19, 32.98, 31.83, 0, 0, 4.29
2019/05/26 05:07:00, 23.75, 23.37, 23.17, 32.88, 31.78, 0, 0, 4.29
2019/05/26 05:08:00, 23.75, 23.39, 23.19, 32.97, 31.80, 0, 0, 4.29
2019/05/26 05:09:00, 23.75, 23.39, 23.18, 32.91, 31.75, 0, 0, 4.29
2019/05/26 05:10:00, 23.75, 23.37, 23.18, 32.96, 31.74, 0, 0, 4.29
2019/05/26 05:11:00, 23.75, 23.40, 23.18, 32.88, 31.75, 0, 0, 4.29
2019/05/26 05:12:00, 23.75, 23.39, 23.18, 32.87, 31.73, 0, 0, 4.29
2019/05/26 05:13:00, 23.75, 23.36, 23.19, 32.86, 31.73, 0, 0, 4.29
2019/05/26 05:14:00, 23.75, 23.39, 23.20, 32.88, 31.70, 0, 0, 4.29
2019/05/26 05:15:00, 23.75, 23.43, 23.21, 32.84, 31.68, 0, 0, 4.29
2019/05/26 05:16:00, 23.75, 23.42, 23.20, 32.76, 31.63, 0, 0, 4.29
2019/05/26 05:17:00, 23.75, 23.40, 23.22, 32.81, 31.65, 0, 0, 4.29
2019/05/26 05:18:00, 23.75, 23.44, 23.22, 32.77, 31.65, 0, 0, 4.29
2019/05/26 05:19:00, 23.75, 23.40, 23.19, 32.80, 31.63, 0, 0, 4.29
2019/05/26 05:20:00, 23.75, 23.40, 23.22, 32.78, 31.65, 0, 0, 4.29
2019/05/26 05:21:00, 23.75, 23.44, 23.21, 32.77, 31.60, 0, 0, 4.29
2019/05/26 05:22:00, 23.75, 23.42, 23.22, 32.78, 31.59, 0, 0, 4.29
2019/05/26 05:23:00, 23.75, 23.43, 23.22, 32.77, 31.57, 0, 0, 4.29
2019/05/26 05:24:00, 23.75, 23.42, 23.24, 32.65, 31.54, 0, 0, 4.29
2019/05/26 05:25:00, 23.75, 23.42, 23.23, 32.67, 31.50, 0, 0, 4.29
2019/05/26 05:26:00, 23.75, 23.46, 23.25, 32.70, 31.52, 0, 0, 4.29
2019/05/26 05:27:00, 23.75, 23.44, 23.28, 32.64, 31.48, 0, 0, 4.29
2019/05/26 05:28:00, 23.75, 23.47, 23.28, 32.58, 31.42, 0, 0, 4.29
2019/05/26 05:29:00, 23.75, 23.47, 23.27, 32.56, 31.40, 0, 0, 4.29
2019/05/26 05:30:00, 23.75, 23.47, 23.28, 32.51, 31.38, 0, 0, 4.29
2019/05/26 05:31:00, 23.75, 23.47, 23.28, 32.54, 31.39, 0, 0, 4.29
2019/05/26 05:32:00, 23.75, 23.47, 23.25, 32.52, 31.37, 0, 0, 4.29
2019/05/26 05:33:00, 23.75, 23.47, 23.25, 32.54, 31.36, 0, 0, 4.29
2019/05/26 05:34:00, 23.75, 23.46, 23.23, 32.52, 31.40, 0, 0, 4.29
2019/05/26 05:35:00, 23.75, 23.47, 23.25, 32.58, 31.41, 0, 0, 4.29
2019/05/26 05:36:00, 23.75, 23.47, 23.24, 32.56, 31.42, 0, 0, 4.29
2019/05/26 05:37:00, 23.75, 23.44, 23.25, 32.48, 31.36, 0, 0, 4.29
2019/05/26 05:38:00, 23.75, 23.46, 23.22, 32.46, 31.34, 0, 0, 4.29
2019/05/26 05:39:00, 23.75, 23.44, 23.28, 32.50, 31.36, 0, 0, 4.29
2019/05/26 05:40:00, 23.75, 23.46, 23.25, 32.51, 31.35, 0, 0, 4.29
2019/05/26 05:41:00, 23.75, 23.44, 23.27, 32.52, 31.34, 0, 0, 4.29
2019/05/26 05:42:00, 23.75, 23.46, 23.27, 32.43, 31.33, 0, 0, 4.29
2019/05/26 05:43:00, 23.75, 23.44, 23.25, 32.46, 31.32, 0, 0, 4.29
2019/05/26 05:44:00, 23.75, 23.46, 23.28, 32.44, 31.29, 0, 0, 4.29
2019/05/26 05:45:00, 23.75, 23.47, 23.28, 32.42, 31.27, 0, 0, 4.29
2019/05/26 05:46:00, 23.75, 23.47, 23.25, 32.38, 31.27, 0, 0, 4.29
2019/05/26 05:47:00, 23.75, 23.49, 23.29, 32.39, 31.24, 0, 0, 4.29
2019/05/26 05:48:00, 23.75, 23.46, 23.25, 32.38, 31.21, 0, 0, 4.29
2019/05/26 05:49:00, 23.75, 23.44, 23.25, 32.34, 31.23, 0, 0, 4.29
2019/05/26 05:50:00, 23.75, 23.44, 23.27, 32.35, 31.21, 0, 0, 4.29
2019/05/26 05:51:00, 24.00, 23.47, 23.24, 32.33, 31.20, 0, 0, 4.29
2019/05/26 05:52:00, 23.75, 23.47, 23.29, 32.35, 31.18, 0, 0, 4.29
2019/05/26 05:53:00, 24.00, 23.46, 23.28, 32.35, 31.20, 0, 0, 4.29
2019/05/26 05:54:00, 23.75, 23.47, 23.28, 32.33, 31.18, 0, 0, 4.29
2019/05/26 05:55:00, 23.75, 23.50, 23.27, 32.32, 31.17, 0, 0, 4.29
2019/05/26 05:56:00, 24.00, 23.44, 23.27, 32.32, 31.13, 0, 0, 4.29
2019/05/26 05:57:00, 24.00, 23.47, 23.24, 32.34, 31.15, 0, 0, 4.29
2019/05/26 05:58:00, 24.00, 23.44, 23.25, 32.26, 31.17, 0, 0, 4.29
2019/05/26 05:59:00, 24.00, 23.46, 23.24, 32.32, 31.15, 0, 0, 4.29
2019/05/26 06:00:00, 24.00, 23.44, 23.25, 32.27, 31.17, 0, 0, 4.29
2019/05/26 06:01:00, 24.00, 23.44, 23.25, 32.30, 31.13, 0, 0, 4.29
2019/05/26 06:02:00, 24.00, 23.44, 23.23, 32.23, 31.13, 0, 0, 4.29
2019/05/26 06:03:00, 24.00, 23.46, 23.24, 32.24, 31.11, 0, 0, 4.29
2019/05/26 06:04:00, 24.00, 23.44, 23.22, 32.24, 31.10, 0, 0, 4.29
2019/05/26 06:05:00, 24.00, 23.43, 23.24, 32.20, 31.09, 0, 0, 4.29
2019/05/26 06:06:00, 24.00, 23.43, 23.24, 32.21, 31.11, 0, 0, 4.29
2019/05/26 06:07:00, 24.00, 23.43, 23.21, 32.27, 31.10, 0, 0, 4.29
2019/05/26 06:08:00, 23.75, 23.42, 23.22, 32.29, 31.14, 0, 0, 4.29
2019/05/26 06:09:00, 24.00, 23.44, 23.24, 32.25, 31.13, 0, 0, 4.29
2019/05/26 06:10:00, 24.00, 23.44, 23.23, 32.18, 31.08, 0, 0, 4.29
2019/05/26 06:11:00, 23.75, 23.44, 23.22, 32.23, 31.07, 0, 0, 4.29
2019/05/26 06:12:00, 24.00, 23.43, 23.22, 32.24, 31.08, 0, 0, 4.29
2019/05/26 06:13:00, 23.75, 23.42, 23.23, 32.14, 31.04, 0, 0, 4.29
2019/05/26 06:14:00, 24.00, 23.44, 23.22, 32.15, 31.04, 0, 0, 4.29
2019/05/26 06:15:00, 24.00, 23.44, 23.23, 32.24, 31.04, 0, 0, 4.29
2019/05/26 06:16:00, 24.00, 23.40, 23.21, 32.12, 31.03, 0, 0, 4.29
2019/05/26 06:17:00, 24.00, 23.43, 23.21, 32.18, 31.01, 0, 0, 4.29
2019/05/26 06:18:00, 24.00, 23.40, 23.18, 32.11, 30.97, 0, 0, 4.29
2019/05/26 06:19:00, 24.00, 23.40, 23.20, 32.15, 31.00, 0, 0, 4.29
2019/05/26 06:20:00, 24.00, 23.40, 23.19, 32.18, 31.06, 0, 0, 4.29
2019/05/26 06:21:00, 24.00, 23.40, 23.19, 32.15, 31.02, 0, 0, 4.29
2019/05/26 06:22:00, 24.00, 23.40, 23.19, 32.15, 31.01, 0, 0, 4.29
2019/05/26 06:23:00, 24.00, 23.42, 23.20, 32.14, 31.00, 0, 0, 4.29
2019/05/26 06:24:00, 24.00, 23.39, 23.19, 32.09, 30.97, 0, 0, 4.29
2019/05/26 06:25:00, 24.00, 23.40, 23.19, 32.12, 30.97, 0, 0, 4.29
2019/05/26 06:26:00, 24.00, 23.40, 23.21, 32.02, 30.92, 0, 0, 4.29
2019/05/26 06:27:00, 23.75, 23.42, 23.20, 32.04, 30.92, 0, 0, 4.29
2019/05/26 06:28:00, 24.00, 23.42, 23.20, 32.01, 30.87, 0, 0, 4.29
2019/05/26 06:29:00, 24.00, 23.40, 23.19, 32.03, 30.91, 0, 0, 4.29
2019/05/26 06:30:00, 24.00, 23.42, 23.17, 32.00, 30.88, 0, 0, 4.29
2019/05/26 06:31:00, 23.75, 23.39, 23.19, 31.98, 30.88, 0, 0, 4.29
2019/05/26 06:32:00, 24.00, 23.40, 23.19, 31.99, 30.86, 0, 0, 4.29
2019/05/26 06:33:00, 24.00, 23.39, 23.19, 32.05, 30.88, 0, 0, 4.29
2019/05/26 06:34:00, 24.00, 23.39, 23.18, 32.02, 30.90, 0, 0, 4.29
2019/05/26 06:35:00, 24.00, 23.39, 23.16, 31.96, 30.87, 0, 0, 4.29
2019/05/26 06:36:00, 24.00, 23.39, 23.18, 32.03, 30.86, 0, 0, 4.29
2019/05/26 06:37:00, 24.00, 23.37, 23.18, 32.05, 30.88, 0, 0, 4.29
2019/05/26 06:38:00, 24.00, 23.37, 23.17, 31.96, 30.84, 0, 0, 4.29
2019/05/26 06:39:00, 23.75, 23.37, 23.18, 31.94, 30.83, 0, 0, 4.29
2019/05/26 06:40:00, 24.00, 23.37, 23.16, 31.97, 30.82, 0, 0, 4.29
2019/05/26 06:41:00, 24.00, 23.35, 23.16, 31.98, 30.84, 0, 0, 4.29
2019/05/26 06:42:00, 24.00, 23.36, 23.13, 31.91, 30.80, 0, 0, 4.29
2019/05/26 06:43:00, 24.00, 23.33, 23.16, 31.96, 30.84, 0, 0, 4.29
2019/05/26 06:44:00, 23.75, 23.35, 23.13, 32.01, 30.85, 0, 0, 4.29
2019/05/26 06:45:00, 23.75, 23.35, 23.13, 31.94, 30.85, 0, 0, 4.29
2019/05/26 06:46:00, 23.75, 23.36, 23.15, 31.97, 30.85, 0, 0, 4.29
2019/05/26 06:47:00, 23.75, 23.36, 23.16, 31.90, 30.80, 0, 0, 4.29
2019/05/26 06:48:00, 23.75, 23.36, 23.16, 31.90, 30.80, 0, 0, 4.29
2019/05/26 06:49:00, 23.75, 23.36, 23.15, 31.87, 30.76, 0, 0, 4.29
2019/05/26 06:50:00, 24.00, 23.36, 23.16, 31.88, 30.78, 0, 0, 4.29
2019/05/26 06:51:00, 24.00, 23.37, 23.17, 31.80, 30.72, 0, 0, 4.29
2019/05/26 06:52:00, 23.75, 23.37, 23.14, 31.87, 30.74, 0, 0, 4.29
2019/05/26 06:53:00, 24.00, 23.36, 23.15, 31.87, 30.72, 0, 0, 4.29
2019/05/26 06:54:00, 23.75, 23.35, 23.16, 31.85, 30.75, 0, 0, 4.29
2019/05/26 06:55:00, 23.75, 23.33, 23.13, 31.81, 30.67, 0, 0, 4.29
2019/05/26 06:56:00, 24.00, 23.35, 23.14, 31.84, 30.68, 0, 0, 4.29
2019/05/26 06:57:00, 23.75, 23.32, 23.15, 31.86, 30.70, 0, 0, 4.29
2019/05/26 06:58:00, 23.75, 23.35, 23.14, 31.82, 30.73, 0, 0, 4.29
2019/05/26 06:59:00, 23.75, 23.33, 23.16, 31.85, 30.68, 0, 0, 4.29
2019/05/26 07:00:00, 23.75, 23.33, 23.14, 31.83, 30.74, 0, 0, 4.29
2019/05/26 07:01:00, 23.75, 23.36, 23.17, 31.85, 30.72, 0, 0, 4.29
2019/05/26 07:02:00, 23.75, 23.37, 23.18, 31.74, 30.65, 0, 0, 4.29
2019/05/26 07:03:00, 23.75, 23.37, 23.16, 31.74, 30.63, 0, 0, 4.29
2019/05/26 07:04:00, 23.75, 23.33, 23.16, 31.74, 30.61, 0, 0, 4.29
2019/05/26 07:05:00, 23.75, 23.37, 23.15, 31.81, 30.65, 0, 0, 4.29
2019/05/26 07:06:00, 23.75, 23.36, 23.14, 31.77, 30.61, 0, 0, 4.29
2019/05/26 07:07:00, 23.75, 23.37, 23.15, 31.75, 30.66, 0, 0, 4.29
2019/05/26 07:08:00, 23.75, 23.36, 23.16, 31.75, 30.62, 0, 0, 4.29
2019/05/26 07:09:00, 24.00, 23.37, 23.17, 31.77, 30.61, 0, 0, 4.29
2019/05/26 07:10:00, 23.75, 23.37, 23.16, 31.69, 30.61, 0, 0, 4.29
2019/05/26 07:11:00, 23.75, 23.36, 23.17, 31.76, 30.62, 0, 0, 4.29
2019/05/26 07:12:00, 23.75, 23.36, 23.18, 31.65, 30.56, 0, 0, 4.29
2019/05/26 07:13:00, 23.75, 23.40, 23.19, 31.65, 30.53, 0, 0, 4.29
2019/05/26 07:14:00, 24.00, 23.42, 23.20, 31.61, 30.54, 0, 0, 4.29
2019/05/26 07:15:00, 24.00, 23.42, 23.23, 31.68, 30.52, 0, 0, 4.29
2019/05/26 07:16:00, 24.00, 23.43, 23.24, 31.67, 30.49, 0, 0, 4.29
2019/05/26 07:17:00, 24.00, 23.44, 23.24, 31.57, 30.46, 0, 0, 4.29
2019/05/26 07:18:00, 24.00, 23.43, 23.24, 31.55, 30.42, 0, 0, 4.29
2019/05/26 07:19:00, 24.00, 23.43, 23.24, 31.57, 30.42, 0, 0, 4.29
2019/05/26 07:20:00, 24.00, 23.44, 23.25, 31.55, 30.42, 0, 0, 4.29
2019/05/26 07:21:00, 24.00, 23.46, 23.24, 31.54, 30.40, 0, 0, 4.29
2019/05/26 07:22:00, 24.00, 23.46, 23.28, 31.47, 30.38, 0, 0, 4.29
2019/05/26 07:23:00, 24.00, 23.49, 23.27, 31.50, 30.34, 0, 0, 4.29
2019/05/26 07:24:00, 24.00, 23.49, 23.28, 31.43, 30.33, 0, 0, 4.29
2019/05/26 07:25:00, 24.00, 23.47, 23.29, 31.43, 30.32, 0, 0, 4.29
2019/05/26 07:26:00, 24.00, 23.49, 23.29, 31.39, 30.29, 0, 0, 4.29
2019/05/26 07:27:00, 24.00, 23.50, 23.30, 31.33, 30.22, 0, 0, 4.29
2019/05/26 07:28:00, 24.00, 23.49, 23.30, 31.35, 30.22, 0, 0, 4.29
2019/05/26 07:29:00, 24.00, 23.50, 23.28, 31.37, 30.26, 0, 0, 4.29
2019/05/26 07:30:00, 24.00, 23.50, 23.30, 31.35, 30.23, 0, 0, 4.29
2019/05/26 07:31:00, 24.00, 23.50, 23.32, 31.34, 30.23, 0, 0, 4.29
2019/05/26 07:32:00, 24.00, 23.52, 23.30, 31.27, 30.19, 0, 0, 4.29
2019/05/26 07:33:00, 24.00, 23.50, 23.32, 31.27, 30.18, 0, 0, 4.29
2019/05/26 07:34:00, 24.00, 23.52, 23.32, 31.25, 30.18, 0, 0, 4.29
2019/05/26 07:35:00, 24.00, 23.52, 23.33, 31.21, 30.14, 0, 0, 4.29
2019/05/26 07:36:00, 24.00, 23.53, 23.33, 31.28, 30.17, 0, 0, 4.29
2019/05/26 07:37:00, 24.00, 23.54, 23.35, 31.18, 30.13, 0, 0, 4.29
2019/05/26 07:38:00, 24.00, 23.57, 23.37, 31.15, 30.05, 0, 0, 4.29
2019/05/26 07:39:00, 24.00, 23.57, 23.36, 31.18, 30.07, 0, 0, 4.29
2019/05/26 07:40:00, 24.00, 23.54, 23.33, 31.15, 30.04, 0, 0, 4.29
2019/05/26 07:41:00, 24.00, 23.56, 23.34, 31.10, 30.03, 0, 0, 4.29
2019/05/26 07:42:00, 24.00, 23.56, 23.36, 31.12, 30.04, 0, 0, 4.29
2019/05/26 07:43:00, 24.00, 23.54, 23.36, 31.14, 30.04, 0, 0, 4.29
2019/05/26 07:44:00, 24.00, 23.54, 23.33, 31.15, 30.01, 0, 0, 4.29
2019/05/26 07:45:00, 24.00, 23.54, 23.36, 31.12, 30.01, 0, 0, 4.29
2019/05/26 07:46:00, 24.00, 23.56, 23.37, 31.08, 30.01, 0, 0, 4.29
2019/05/26 07:47:00, 24.00, 23.54, 23.34, 31.11, 30.01, 0, 0, 4.29
2019/05/26 07:48:00, 24.00, 23.56, 23.35, 31.18, 30.01, 0, 0, 4.29
2019/05/26 07:49:00, 24.00, 23.56, 23.39, 31.12, 30.00, 0, 0, 4.29
2019/05/26 07:50:00, 24.00, 23.57, 23.37, 31.05, 29.95, 0, 0, 4.29
2019/05/26 07:51:00, 24.00, 23.56, 23.36, 31.01, 29.91, 0, 0, 4.29
2019/05/26 07:52:00, 24.00, 23.59, 23.39, 31.01, 29.95, 0, 0, 4.29
2019/05/26 07:53:00, 24.00, 23.57, 23.38, 30.96, 29.91, 0, 0, 4.29
2019/05/26 07:54:00, 24.00, 23.57, 23.38, 31.04, 29.90, 0, 0, 4.29
2019/05/26 07:55:00, 24.00, 23.59, 23.38, 31.00, 29.93, 0, 0, 4.29
2019/05/26 07:56:00, 24.00, 23.57, 23.36, 31.04, 29.89, 0, 0, 4.29
2019/05/26 07:57:00, 24.00, 23.57, 23.35, 30.99, 29.89, 0, 0, 4.29
2019/05/26 07:58:00, 24.00, 23.57, 23.37, 31.05, 29.91, 0, 0, 4.29
2019/05/26 07:59:00, 24.00, 23.57, 23.36, 31.02, 29.91, 0, 0, 4.29
2019/05/26 08:00:00, 24.00, 23.57, 23.39, 31.01, 29.91, 0, 0, 4.29
2019/05/26 08:01:00, 24.00, 23.57, 23.39, 31.02, 29.89, 0, 0, 4.29
2019/05/26 08:02:00, 24.00, 23.56, 23.38, 31.01, 29.91, 0, 0, 4.29
2019/05/26 08:03:00, 24.00, 23.57, 23.36, 31.05, 29.91, 0, 0, 4.29
2019/05/26 08:04:00, 24.00, 23.57, 23.41, 31.00, 29.88, 0, 0, 4.29
2019/05/26 08:05:00, 24.00, 23.60, 23.38, 30.96, 29.90, 0, 0, 4.29
2019/05/26 08:06:00, 24.00, 23.56, 23.39, 30.92, 29.82, 0, 0, 4.29
2019/05/26 08:07:00, 24.00, 23.60, 23.36, 30.92, 29.82, 0, 0, 4.29
2019/05/26 08:08:00, 24.00, 23.59, 23.39, 31.01, 29.86, 0, 0, 4.29
2019/05/26 08:09:00, 24.00, 23.56, 23.38, 30.95, 29.86, 0, 0, 4.29
2019/05/26 08:10:00, 24.00, 23.54, 23.37, 30.92, 29.85, 0, 0, 4.29
2019/05/26 08:11:00, 24.00, 23.60, 23.42, 30.95, 29.84, 0, 0, 4.29
2019/05/26 08:12:00, 24.00, 23.57, 23.38, 30.94, 29.82, 0, 0, 4.29
2019/05/26 08:13:00, 24.00, 23.60, 23.38, 30.95, 29.85, 0, 0, 4.29
2019/05/26 08:14:00, 24.00, 23.60, 23.41, 30.88, 29.79, 0, 0, 4.29
2019/05/26 08:15:00, 24.00, 23.59, 23.41, 30.89, 29.80, 0, 0, 4.29
2019/05/26 08:16:00, 24.00, 23.61, 23.43, 30.89, 29.81, 0, 0, 4.29
2019/05/26 08:17:00, 24.00, 23.60, 23.41, 30.88, 29.77, 0, 0, 4.29
2019/05/26 08:18:00, 24.00, 23.59, 23.43, 30.85, 29.74, 0, 0, 4.29
2019/05/26 08:19:00, 24.00, 23.60, 23.42, 30.90, 29.75, 0, 0, 4.29
2019/05/26 08:20:00, 24.00, 23.64, 23.43, 30.76, 29.70, 0, 0, 4.29
2019/05/26 08:21:00, 24.00, 23.61, 23.44, 30.76, 29.68, 0, 0, 4.29
2019/05/26 08:22:00, 24.00, 23.60, 23.42, 30.78, 29.69, 0, 0, 4.29
2019/05/26 08:23:00, 24.00, 23.61, 23.43, 30.81, 29.72, 0, 0, 4.29
2019/05/26 08:24:00, 24.00, 23.63, 23.42, 30.82, 29.70, 0, 0, 4.29
2019/05/26 08:25:00, 24.00, 23.63, 23.43, 30.81, 29.71, 0, 0, 4.29
2019/05/26 08:26:00, 24.00, 23.61, 23.44, 30.81, 29.67, 0, 0, 4.29
2019/05/26 08:27:00, 24.00, 23.63, 23.42, 30.76, 29.68, 0, 0, 4.29
2019/05/26 08:28:00, 24.00, 23.61, 23.42, 30.81, 29.69, 0, 0, 4.29
2019/05/26 08:29:00, 24.00, 23.65, 23.45, 30.81, 29.70, 0, 0, 4.29
2019/05/26 08:30:00, 24.00, 23.61, 23.45, 30.70, 29.66, 0, 0, 4.29
2019/05/26 08:31:00, 24.00, 23.60, 23.41, 30.75, 29.65, 0, 0, 4.29
2019/05/26 08:32:00, 24.00, 23.63, 23.45, 30.79, 29.68, 0, 0, 4.29
2019/05/26 08:33:00, 24.00, 23.64, 23.43, 30.76, 29.65, 0, 0, 4.29
2019/05/26 08:34:00, 24.00, 23.61, 23.43, 30.75, 29.63, 0, 0, 4.29
2019/05/26 08:35:00, 24.00, 23.61, 23.43, 30.81, 29.65, 0, 0, 4.29
2019/05/26 08:36:00, 24.00, 23.63, 23.44, 30.75, 29.67, 0, 0, 4.29
2019/05/26 08:37:00, 24.00, 23.61, 23.44, 30.73, 29.62, 0, 0, 4.29
2019/05/26 08:38:00, 24.00, 23.60, 23.41, 30.76, 29.62, 0, 0, 4.29
2019/05/26 08:39:00, 24.00, 23.59, 23.42, 30.79, 29.65, 0, 0, 4.29
2019/05/26 08:40:00, 24.00, 23.63, 23.43, 30.75, 29.67, 0, 0, 4.29
2019/05/26 08:41:00, 24.00, 23.61, 23.43, 30.75, 29.65, 0, 0, 4.29
2019/05/26 08:42:00, 24.00, 23.61, 23.44, 30.71, 29.63, 0, 0, 4.29
2019/05/26 08:43:00, 24.00, 23.64, 23.43, 30.70, 29.60, 0, 0, 4.29
2019/05/26 08:44:00, 24.00, 23.61, 23.44, 30.74, 29.61, 0, 0, 4.29
2019/05/26 08:45:00, 24.00, 23.63, 23.44, 30.70, 29.59, 0, 0, 4.29
2019/05/26 08:46:00, 24.00, 23.61, 23.46, 30.66, 29.61, 0, 0, 4.29
2019/05/26 08:47:00, 24.00, 23.63, 23.43, 30.68, 29.58, 0, 0, 4.29
2019/05/26 08:48:00, 24.00, 23.63, 23.42, 30.66, 29.53, 0, 0, 4.29
2019/05/26 08:49:00, 24.00, 23.61, 23.39, 30.72, 29.59, 0, 0, 4.29
2019/05/26 08:50:00, 24.00, 23.61, 23.42, 30.73, 29.59, 0, 0, 4.29
2019/05/26 08:51:00, 24.00, 23.61, 23.41, 30.70, 29.59, 0, 0, 4.29
2019/05/26 08:52:00, 24.00, 23.61, 23.38, 30.75, 29.63, 0, 0, 4.29
2019/05/26 08:53:00, 24.00, 23.61, 23.44, 30.73, 29.62, 0, 0, 4.29
2019/05/26 08:54:00, 24.00, 23.60, 23.41, 30.69, 29.61, 0, 0, 4.29
2019/05/26 08:55:00, 24.00, 23.63, 23.42, 30.70, 29.59, 0, 0, 4.29
2019/05/26 08:56:00, 24.00, 23.61, 23.43, 30.69, 29.60, 0, 0, 4.29
2019/05/26 08:57:00, 24.00, 23.63, 23.45, 30.66, 29.54, 0, 0, 4.29
2019/05/26 08:58:00, 24.00, 23.61, 23.44, 30.69, 29.56, 0, 0, 4.29
2019/05/26 08:59:00, 24.00, 23.60, 23.45, 30.72, 29.57, 0, 0, 4.29
2019/05/26 09:00:00, 24.00, 23.64, 23.46, 30.71, 29.54, 0, 0, 4.29
2019/05/26 09:01:00, 24.00, 23.65, 23.47, 30.66, 29.54, 0, 0, 4.29
2019/05/26 09:02:00, 24.00, 23.64, 23.45, 30.60, 29.50, 0, 0, 4.29
2019/05/26 09:03:00, 24.00, 23.65, 23.45, 30.60, 29.50, 0, 0, 4.29
2019/05/26 09:04:00, 24.00, 23.65, 23.45, 30.59, 29.46, 0, 0, 4.29
2019/05/26 09:05:00, 24.00, 23.64, 23.45, 30.60, 29.47, 0, 0, 4.29
2019/05/26 09:06:00, 24.00, 23.63, 23.44, 30.57, 29.49, 0, 0, 4.29
2019/05/26 09:07:00, 24.00, 23.65, 23.45, 30.65, 29.53, 0, 0, 4.29
2019/05/26 09:08:00, 24.00, 23.65, 23.48, 30.65, 29.51, 0, 0, 4.29
2019/05/26 09:09:00, 24.00, 23.65, 23.48, 30.56, 29.46, 0, 0, 4.29
2019/05/26 09:10:00, 24.00, 23.65, 23.46, 30.55, 29.44, 0, 0, 4.29
2019/05/26 09:11:00, 24.00, 23.63, 23.45, 30.54, 29.43, 0, 0, 4.29
2019/05/26 09:12:00, 24.00, 23.64, 23.44, 30.62, 29.47, 0, 0, 4.29
2019/05/26 09:13:00, 24.00, 23.64, 23.47, 30.59, 29.46, 0, 0, 4.29
2019/05/26 09:14:00, 24.00, 23.63, 23.46, 30.60, 29.46, 0, 0, 4.29
2019/05/26 09:15:00, 24.00, 23.65, 23.45, 30.56, 29.49, 0, 0, 4.29
2019/05/26 09:16:00, 24.00, 23.64, 23.45, 30.53, 29.44, 0, 0, 4.29
2019/05/26 09:17:00, 24.00, 23.61, 23.44, 30.59, 29.46, 0, 0, 4.29
2019/05/26 09:18:00, 24.00, 23.63, 23.44, 30.58, 29.49, 0, 0, 4.29
2019/05/26 09:19:00, 24.00, 23.65, 23.47, 30.58, 29.46, 0, 0, 4.29
2019/05/26 09:20:00, 24.00, 23.63, 23.45, 30.53, 29.43, 0, 0, 4.29
2019/05/26 09:21:00, 24.00, 23.65, 23.47, 30.52, 29.43, 0, 0, 4.29
2019/05/26 09:22:00, 24.00, 23.65, 23.47, 30.53, 29.39, 0, 0, 4.29
2019/05/26 09:23:00, 24.00, 23.65, 23.48, 30.47, 29.40, 0, 0, 4.29
2019/05/26 09:24:00, 24.00, 23.65, 23.48, 30.49, 29.38, 0, 0, 4.29
2019/05/26 09:25:00, 24.00, 23.67, 23.47, 30.45, 29.35, 0, 0, 4.29
2019/05/26 09:26:00, 24.00, 23.67, 23.47, 30.42, 29.36, 0, 0, 4.29
2019/05/26 09:27:00, 24.00, 23.67, 23.47, 30.41, 29.36, 0, 0, 4.29
2019/05/26 09:28:00, 24.00, 23.64, 23.46, 30.44, 29.37, 0, 0, 4.29
2019/05/26 09:29:00, 24.00, 23.64, 23.46, 30.53, 29.42, 0, 0, 4.29
2019/05/26 09:30:00, 24.00, 23.65, 23.47, 30.52, 29.39, 0, 0, 4.29
2019/05/26 09:31:00, 24.00, 23.64, 23.44, 30.47, 29.39, 0, 0, 4.29
2019/05/26 09:32:00, 24.00, 23.67, 23.46, 30.49, 29.40, 0, 0, 4.29
2019/05/26 09:33:00, 24.00, 23.67, 23.50, 30.47, 29.38, 0, 0, 4.29
2019/05/26 09:34:00, 24.00, 23.67, 23.46, 30.47, 29.36, 0, 0, 4.29
2019/05/26 09:35:00, 24.00, 23.64, 23.47, 30.43, 29.32, 0, 0, 4.29
2019/05/26 09:36:00, 24.00, 23.65, 23.45, 30.49, 29.35, 0, 0, 4.29
2019/05/26 09:37:00, 24.00, 23.65, 23.47, 30.46, 29.35, 0, 0, 4.29
2019/05/26 09:38:00, 24.00, 23.67, 23.44, 30.46, 29.36, 0, 0, 4.29
2019/05/26 09:39:00, 24.00, 23.63, 23.46, 30.43, 29.36, 0, 0, 4.29
2019/05/26 09:40:00, 24.00, 23.64, 23.45, 30.46, 29.38, 0, 0, 4.29
2019/05/26 09:41:00, 24.00, 23.64, 23.45, 30.49, 29.40, 0, 0, 4.29
2019/05/26 09:42:00, 24.00, 23.67, 23.46, 30.44, 29.38, 0, 0, 4.29
2019/05/26 09:43:00, 24.00, 23.65, 23.47, 30.46, 29.32, 0, 0, 4.29
2019/05/26 09:44:00, 24.00, 23.65, 23.46, 30.47, 29.32, 0, 0, 4.29
2019/05/26 09:45:00, 24.00, 23.64, 23.46, 30.41, 29.34, 0, 0, 4.29
2019/05/26 09:46:00, 24.00, 23.63, 23.46, 30.50, 29.35, 0, 0, 4.29
2019/05/26 09:47:00, 24.00, 23.63, 23.45, 30.49, 29.40, 0, 0, 4.29
2019/05/26 09:48:00, 24.00, 23.65, 23.47, 30.49, 29.37, 0, 0, 4.29
2019/05/26 09:49:00, 24.00, 23.65, 23.48, 30.41, 29.34, 0, 0, 4.29
2019/05/26 09:50:00, 24.00, 23.67, 23.45, 30.43, 29.34, 0, 0, 4.29
2019/05/26 09:51:00, 24.00, 23.64, 23.47, 30.39, 29.33, 0, 0, 4.29
2019/05/26 09:52:00, 24.00, 23.64, 23.44, 30.44, 29.33, 0, 0, 4.29
2019/05/26 09:53:00, 24.00, 23.65, 23.44, 30.47, 29.39, 0, 0, 4.29
2019/05/26 09:54:00, 24.00, 23.65, 23.47, 30.50, 29.37, 0, 0, 4.29
2019/05/26 09:55:00, 24.00, 23.67, 23.48, 30.45, 29.35, 0, 0, 4.29
2019/05/26 09:56:00, 24.00, 23.65, 23.48, 30.49, 29.35, 0, 0, 4.29
2019/05/26 09:57:00, 24.00, 23.67, 23.46, 30.43, 29.36, 0, 0, 4.29
2019/05/26 09:58:00, 24.00, 23.64, 23.47, 30.47, 29.36, 0, 0, 4.29
2019/05/26 09:59:00, 24.00, 23.68, 23.50, 30.50, 29.36, 0, 0, 4.29
2019/05/26 10:00:00, 24.00, 23.68, 23.48, 30.42, 29.33, 0, 0, 4.29
2019/05/26 10:01:00, 24.00, 23.68, 23.49, 30.40, 29.30, 0, 0, 4.29
2019/05/26 10:02:00, 24.00, 23.67, 23.49, 30.45, 29.31, 0, 0, 4.29
2019/05/26 10:03:00, 24.00, 23.68, 23.49, 30.40, 29.33, 0, 0, 4.29
2019/05/26 10:04:00, 24.00, 23.68, 23.49, 30.43, 29.33, 0, 0, 4.29
2019/05/26 10:05:00, 24.00, 23.68, 23.46, 30.48, 29.33, 0, 0, 4.29
2019/05/26 10:06:00, 24.00, 23.68, 23.48, 30.42, 29.37, 0, 0, 4.29
2019/05/26 10:07:00, 24.00, 23.68, 23.47, 30.45, 29.35, 0, 0, 4.29
2019/05/26 10:08:00, 24.00, 23.67, 23.48, 30.48, 29.37, 0, 0, 4.29
2019/05/26 10:09:00, 24.00, 23.67, 23.47, 30.47, 29.35, 0, 0, 4.29
2019/05/26 10:10:00, 24.00, 23.67, 23.46, 30.48, 29.37, 0, 0, 4.29
2019/05/26 10:11:00, 24.00, 23.67, 23.48, 30.47, 29.37, 0, 0, 4.29
2019/05/26 10:12:00, 24.00, 23.67, 23.46, 30.43, 29.35, 0, 0, 4.29
2019/05/26 10:13:00, 24.00, 23.70, 23.49, 30.49, 29.37, 0, 0, 4.29
2019/05/26 10:14:00, 24.00, 23.67, 23.47, 30.52, 29.37, 0, 0, 4.29
2019/05/26 10:15:00, 24.00, 23.68, 23.47, 30.52, 29.40, 0, 0, 4.29
2019/05/26 10:16:00, 24.00, 23.67, 23.47, 30.52, 29.38, 0, 0, 4.29
2019/05/26 10:17:00, 24.00, 23.65, 23.47, 30.54, 29.39, 0, 0, 4.29
2019/05/26 10:18:00, 24.00, 23.67, 23.47, 30.56, 29.43, 0, 0, 4.29
2019/05/26 10:19:00, 24.00, 23.67, 23.48, 30.55, 29.43, 0, 0, 4.29
2019/05/26 10:20:00, 24.00, 23.67, 23.47, 30.54, 29.42, 0, 0, 4.29
2019/05/26 10:21:00, 24.00, 23.67, 23.49, 30.58, 29.39, 0, 0, 4.29
2019/05/26 10:22:00, 24.00, 23.67, 23.47, 30.51, 29.40, 0, 0, 4.29
2019/05/26 10:23:00, 24.00, 23.67, 23.47, 30.52, 29.42, 0, 0, 4.29
2019/05/26 10:24:00, 24.00, 23.64, 23.47, 30.56, 29.43, 0, 0, 4.29
2019/05/26 10:25:00, 24.00, 23.67, 23.48, 30.56, 29.46, 0, 0, 4.29
2019/05/26 10:26:00, 24.00, 23.68, 23.47, 30.58, 29.46, 0, 0, 4.29
2019/05/26 10:27:00, 24.00, 23.68, 23.47, 30.61, 29.46, 0, 0, 4.29
2019/05/26 10:28:00, 24.00, 23.67, 23.48, 30.53, 29.46, 0, 0, 4.29
2019/05/26 10:29:00, 24.00, 23.67, 23.47, 30.58, 29.45, 0, 0, 4.29
2019/05/26 10:30:00, 24.00, 23.68, 23.48, 30.55, 29.45, 0, 0, 4.29
2019/05/26 10:31:00, 24.00, 23.68, 23.47, 30.61, 29.46, 0, 0, 4.29
2019/05/26 10:32:00, 24.00, 23.65, 23.45, 30.68, 29.49, 0, 0, 4.29
2019/05/26 10:33:00, 24.00, 23.64, 23.45, 30.66, 29.53, 0, 0, 4.29
2019/05/26 10:34:00, 24.00, 23.67, 23.47, 30.64, 29.53, 0, 0, 4.29
2019/05/26 10:35:00, 24.00, 23.65, 23.46, 30.64, 29.54, 0, 0, 4.29
2019/05/26 10:36:00, 24.00, 23.68, 23.47, 30.64, 29.53, 0, 0, 4.29
2019/05/26 10:37:00, 24.00, 23.68, 23.45, 30.65, 29.55, 0, 0, 4.29
2019/05/26 10:38:00, 24.00, 23.64, 23.44, 30.66, 29.53, 0, 0, 4.29
2019/05/26 10:39:00, 24.00, 23.67, 23.47, 30.68, 29.56, 0, 0, 4.29
2019/05/26 10:40:00, 24.00, 23.68, 23.48, 30.69, 29.55, 0, 0, 4.29
2019/05/26 10:41:00, 24.00, 23.67, 23.46, 30.65, 29.55, 0, 0, 4.29
2019/05/26 10:42:00, 24.00, 23.67, 23.48, 30.62, 29.51, 0, 0, 4.29
2019/05/26 10:43:00, 24.00, 23.70, 23.46, 30.67, 29.54, 0, 0, 4.29
2019/05/26 10:44:00, 24.00, 23.67, 23.46, 30.71, 29.56, 0, 0, 4.29
2019/05/26 10:45:00, 24.00, 23.65, 23.46, 30.74, 29.59, 0, 0, 4.29
2019/05/26 10:46:00, 24.00, 23.65, 23.48, 30.68, 29.58, 0, 0, 4.29
2019/05/26 10:47:00, 24.00, 23.68, 23.47, 30.74, 29.61, 0, 0, 4.29
2019/05/26 10:48:00, 24.00, 23.65, 23.48, 30.74, 29.62, 0, 0, 4.29
2019/05/26 10:49:00, 24.00, 23.70, 23.47, 30.75, 29.61, 0, 0, 4.29
2019/05/26 10:50:00, 24.00, 23.68, 23.46, 30.73, 29.59, 0, 0, 4.29
2019/05/26 10:51:00, 24.00, 23.68, 23.46, 30.71, 29.61, 0, 0, 4.29
2019/05/26 10:52:00, 24.00, 23.68, 23.47, 30.75, 29.59, 0, 0, 4.29
2019/05/26 10:53:00, 24.00, 23.68, 23.48, 30.75, 29.62, 0, 0, 4.29
2019/05/26 10:54:00, 24.00, 23.67, 23.48, 30.78, 29.62, 0, 0, 4.29
2019/05/26 10:55:00, 24.00, 23.67, 23.47, 30.77, 29.64, 0, 0, 4.29
2019/05/26 10:56:00, 24.00, 23.65, 23.47, 30.80, 29.65, 0, 0, 4.29
2019/05/26 10:57:00, 24.00, 23.64, 23.45, 30.80, 29.66, 0, 0, 4.29
2019/05/26 10:58:00, 24.00, 23.65, 23.49, 30.83, 29.71, 0, 0, 4.29
2019/05/26 10:59:00, 24.00, 23.64, 23.47, 30.85, 29.73, 0, 0, 4.29
2019/05/26 11:00:00, 24.00, 23.70, 23.48, 30.80, 29.73, 0, 0, 4.29
2019/05/26 11:01:00, 24.00, 23.67, 23.48, 30.85, 29.73, 0, 0, 4.29
2019/05/26 11:02:00, 24.00, 23.65, 23.47, 30.90, 29.74, 0, 0, 4.29
2019/05/26 11:03:00, 24.00, 23.65, 23.45, 30.81, 29.72, 0, 0, 4.29
2019/05/26 11:04:00, 24.00, 23.64, 23.47, 30.88, 29.75, 0, 0, 4.29
2019/05/26 11:05:00, 24.00, 23.67, 23.47, 30.90, 29.78, 0, 0, 4.29
2019/05/26 11:06:00, 24.00, 23.65, 23.44, 30.96, 29.78, 0, 0, 4.29
2019/05/26 11:07:00, 24.00, 23.65, 23.47, 30.94, 29.79, 0, 0, 4.29
2019/05/26 11:08:00, 24.00, 23.67, 23.47, 30.88, 29.78, 0, 0, 4.29
2019/05/26 11:09:00, 24.00, 23.65, 23.48, 30.91, 29.78, 0, 0, 4.29
2019/05/26 11:10:00, 24.00, 23.64, 23.47, 30.97, 29.83, 0, 0, 4.29
2019/05/26 11:11:00, 24.00, 23.65, 23.46, 31.02, 29.84, 0, 0, 4.29
2019/05/26 11:12:00, 24.00, 23.64, 23.44, 31.00, 29.86, 0, 0, 4.29
2019/05/26 11:13:00, 24.00, 23.63, 23.44, 31.02, 29.88, 0, 0, 4.29
2019/05/26 11:14:00, 24.00, 23.64, 23.43, 31.04, 29.88, 0, 0, 4.29
2019/05/26 11:15:00, 24.00, 23.61, 23.44, 31.02, 29.89, 0, 0, 4.29
2019/05/26 11:16:00, 24.00, 23.60, 23.41, 31.13, 29.94, 0, 0, 4.29
2019/05/26 11:17:00, 24.00, 23.61, 23.41, 31.14, 29.99, 0, 0, 4.29
2019/05/26 11:18:00, 24.00, 23.61, 23.42, 31.13, 30.00, 0, 0, 4.29
2019/05/26 11:19:00, 24.00, 23.59, 23.41, 31.14, 30.01, 0, 0, 4.29
2019/05/26 11:20:00, 24.00, 23.61, 23.43, 31.17, 30.02, 0, 0, 4.29
2019/05/26 11:21:00, 24.00, 23.59, 23.42, 31.20, 30.06, 0, 0, 4.29
2019/05/26 11:22:00, 24.00, 23.61, 23.42, 31.21, 30.07, 0, 0, 4.29
2019/05/26 11:23:00, 24.00, 23.60, 23.43, 31.23, 30.06, 0, 0, 4.29
2019/05/26 11:24:00, 24.00, 23.61, 23.41, 31.17, 30.05, 0, 0, 4.29
2019/05/26 11:25:00, 24.00, 23.59, 23.41, 31.23, 30.08, 0, 0, 4.29
2019/05/26 11:26:00, 24.00, 23.59, 23.38, 31.21, 30.10, 0, 0, 4.29
2019/05/26 11:27:00, 24.00, 23.59, 23.41, 31.30, 30.14, 0, 0, 4.29
2019/05/26 11:28:00, 24.00, 23.60, 23.41, 31.32, 30.15, 0, 0, 4.29
2019/05/26 11:29:00, 24.00, 23.56, 23.42, 31.30, 30.15, 0, 0, 4.29
2019/05/26 11:30:00, 24.00, 23.59, 23.42, 31.29, 30.15, 0, 0, 4.29
2019/05/26 11:31:00, 24.00, 23.57, 23.42, 31.29, 30.16, 0, 0, 4.29
2019/05/26 11:32:00, 24.00, 23.61, 23.39, 31.39, 30.19, 0, 0, 4.29
2019/05/26 11:33:00, 24.00, 23.59, 23.43, 31.34, 30.19, 0, 0, 4.29
2019/05/26 11:34:00, 24.00, 23.64, 23.44, 31.37, 30.21, 0, 0, 4.29
2019/05/26 11:35:00, 24.00, 23.61, 23.42, 31.29, 30.19, 0, 0, 4.29
2019/05/26 11:36:00, 24.00, 23.61, 23.43, 31.29, 30.18, 0, 0, 4.29
2019/05/26 11:37:00, 24.00, 23.60, 23.38, 31.33, 30.17, 0, 0, 4.29
2019/05/26 11:38:00, 24.00, 23.59, 23.39, 31.39, 30.20, 0, 0, 4.29
2019/05/26 11:39:00, 24.00, 23.59, 23.39, 31.39, 30.23, 0, 0, 4.29
2019/05/26 11:40:00, 24.00, 23.57, 23.37, 31.41, 30.27, 0, 0, 4.29
2019/05/26 11:41:00, 24.00, 23.60, 23.38, 31.48, 30.30, 0, 0, 4.29
2019/05/26 11:42:00, 24.00, 23.54, 23.35, 31.45, 30.24, 0, 0, 4.29
2019/05/26 11:43:00, 24.00, 23.56, 23.37, 31.56, 30.38, 0, 0, 4.29
2019/05/26 11:44:00, 24.00, 23.57, 23.38, 31.62, 30.42, 0, 0, 4.29
2019/05/26 11:45:00, 24.00, 23.57, 23.35, 31.55, 30.39, 0, 0, 4.29
2019/05/26 11:46:00, 24.00, 23.57, 23.36, 31.52, 30.39, 0, 0, 4.29
2019/05/26 11:47:00, 24.00, 23.57, 23.34, 31.54, 30.38, 0, 0, 4.29
2019/05/26 11:48:00, 24.00, 23.56, 23.35, 31.59, 30.41, 0, 0, 4.29
2019/05/26 11:49:00, 24.00, 23.57, 23.35, 31.62, 30.46, 0, 0, 4.29
2019/05/26 11:50:00, 24.00, 23.53, 23.35, 31.58, 30.44, 0, 0, 4.29
2019/05/26 11:51:00, 24.00, 23.53, 23.33, 31.66, 30.45, 0, 0, 4.29
2019/05/26 11:52:00, 24.00, 23.54, 23.35, 31.71, 30.52, 0, 0, 4.29
2019/05/26 11:53:00, 24.00, 23.56, 23.36, 31.65, 30.51, 0, 0, 4.29
2019/05/26 11:54:00, 24.00, 23.57, 23.36, 31.65, 30.52, 0, 0, 4.29
2019/05/26 11:55:00, 24.00, 23.59, 23.34, 31.64, 30.52, 0, 0, 4.29
2019/05/26 11:56:00, 24.00, 23.54, 23.36, 31.62, 30.50, 0, 0, 4.29
2019/05/26 11:57:00, 24.00, 23.57, 23.37, 31.68, 30.49, 0, 0, 4.29
2019/05/26 11:58:00, 24.00, 23.56, 23.37, 31.64, 30.50, 0, 0, 4.29
2019/05/26 11:59:00, 24.00, 23.54, 23.36, 31.68, 30.53, 0, 0, 4.29
2019/05/26 12:00:00, 24.00, 23.57, 23.34, 31.68, 30.54, 0, 0, 4.29
2019/05/26 12:01:00, 24.00, 23.59, 23.41, 31.67, 30.54, 0, 0, 4.29
2019/05/26 12:02:00, 24.00, 23.59, 23.37, 31.66, 30.52, 0, 0, 4.29
2019/05/26 12:03:00, 24.00, 23.57, 23.39, 31.74, 30.54, 0, 0, 4.29
2019/05/26 12:04:00, 24.00, 23.60, 23.39, 31.70, 30.56, 0, 0, 4.29
2019/05/26 12:05:00, 24.00, 23.59, 23.42, 31.73, 30.54, 0, 0, 4.29
2019/05/26 12:06:00, 24.00, 23.60, 23.41, 31.75, 30.58, 0, 0, 4.29
2019/05/26 12:07:00, 24.00, 23.59, 23.37, 31.76, 30.56, 0, 0, 4.29
2019/05/26 12:08:00, 24.00, 23.59, 23.37, 31.76, 30.62, 0, 0, 4.29
2019/05/26 12:09:00, 24.00, 23.59, 23.41, 31.74, 30.60, 0, 0, 4.29
2019/05/26 12:10:00, 24.00, 23.59, 23.37, 31.83, 30.65, 0, 0, 4.29
2019/05/26 12:11:00, 24.00, 23.59, 23.38, 31.82, 30.65, 0, 0, 4.29
2019/05/26 12:12:00, 24.00, 23.57, 23.39, 31.87, 30.68, 0, 0, 4.29
2019/05/26 12:13:00, 24.00, 23.60, 23.41, 31.79, 30.65, 0, 0, 4.29
2019/05/26 12:14:00, 24.00, 23.57, 23.39, 31.82, 30.64, 0, 0, 4.29
2019/05/26 12:15:00, 24.00, 23.57, 23.37, 31.82, 30.65, 0, 0, 4.29
2019/05/26 12:16:00, 24.00, 23.59, 23.39, 31.93, 30.71, 0, 0, 4.29
2019/05/26 12:17:00, 24.00, 23.57, 23.36, 31.87, 30.71, 0, 0, 4.29
2019/05/26 12:18:00, 24.00, 23.59, 23.37, 31.89, 30.69, 0, 0, 4.29
2019/05/26 12:19:00, 24.00, 23.57, 23.38, 31.86, 30.72, 0, 0, 4.29
2019/05/26 12:20:00, 24.00, 23.56, 23.38, 31.92, 30.75, 0, 0, 4.29
2019/05/26 12:21:00, 24.00, 23.57, 23.37, 31.97, 30.75, 0, 0, 4.29
2019/05/26 12:22:00, 24.00, 23.56, 23.37, 32.00, 30.81, 0, 0, 4.29
2019/05/26 12:23:00, 24.00, 23.56, 23.35, 31.95, 30.81, 0, 0, 4.29
2019/05/26 12:24:00, 24.00, 23.54, 23.37, 32.00, 30.79, 0, 0, 4.29
2019/05/26 12:25:00, 24.00, 23.56, 23.35, 31.94, 30.79, 0, 0, 4.29
2019/05/26 12:26:00, 24.00, 23.57, 23.35, 32.05, 30.81, 0, 0, 4.29
2019/05/26 12:27:00, 24.00, 23.54, 23.36, 32.02, 30.83, 0, 0, 4.29
2019/05/26 12:28:00, 24.00, 23.53, 23.35, 32.03, 30.84, 0, 0, 4.29
2019/05/26 12:29:00, 24.00, 23.53, 23.33, 32.02, 30.91, 0, 0, 4.29
2019/05/26 12:30:00, 24.00, 23.54, 23.35, 32.09, 30.91, 0, 0, 4.29
2019/05/26 12:31:00, 24.00, 23.53, 23.34, 32.09, 30.88, 0, 0, 4.29
2019/05/26 12:32:00, 24.00, 23.53, 23.34, 32.06, 30.88, 0, 0, 4.29
2019/05/26 12:33:00, 24.00, 23.52, 23.34, 32.13, 30.91, 0, 0, 4.29
2019/05/26 12:34:00, 24.00, 23.52, 23.31, 32.15, 30.95, 0, 0, 4.29
2019/05/26 12:35:00, 24.00, 23.53, 23.34, 32.18, 30.99, 0, 0, 4.29
2019/05/26 12:36:00, 24.00, 23.52, 23.34, 32.19, 30.94, 0, 0, 4.29
2019/05/26 12:37:00, 24.00, 23.54, 23.35, 32.15, 30.98, 0, 0, 4.29
2019/05/26 12:38:00, 24.00, 23.56, 23.34, 32.09, 30.95, 0, 0, 4.29
2019/05/26 12:39:00, 24.00, 23.56, 23.36, 32.15, 30.94, 0, 0, 4.29
2019/05/26 12:40:00, 24.00, 23.56, 23.34, 32.14, 30.96, 0, 0, 4.29
2019/05/26 12:41:00, 24.00, 23.54, 23.35, 32.21, 30.99, 0, 0, 4.29
2019/05/26 12:42:00, 24.00, 23.56, 23.36, 32.19, 30.98, 0, 0, 4.29
2019/05/26 12:43:00, 24.00, 23.56, 23.36, 32.19, 30.99, 0, 0, 4.29
2019/05/26 12:44:00, 24.00, 23.56, 23.35, 32.21, 31.00, 0, 0, 4.29
2019/05/26 12:45:00, 24.00, 23.53, 23.36, 32.16, 31.00, 0, 0, 4.29
2019/05/26 12:46:00, 24.00, 23.56, 23.33, 32.19, 31.01, 0, 0, 4.29
2019/05/26 12:47:00, 24.00, 23.53, 23.34, 32.24, 31.04, 0, 0, 4.29
2019/05/26 12:48:00, 24.00, 23.56, 23.34, 32.24, 31.04, 0, 0, 4.29
2019/05/26 12:49:00, 24.00, 23.54, 23.33, 32.26, 31.05, 0, 0, 4.29
2019/05/26 12:50:00, 24.00, 23.53, 23.34, 32.21, 31.07, 0, 0, 4.29
2019/05/26 12:51:00, 24.00, 23.54, 23.35, 32.29, 31.09, 0, 0, 4.29
2019/05/26 12:52:00, 24.00, 23.54, 23.35, 32.34, 31.13, 0, 0, 4.29
2019/05/26 12:53:00, 24.00, 23.54, 23.33, 32.28, 31.08, 0, 0, 4.29
2019/05/26 12:54:00, 24.00, 23.54, 23.33, 32.31, 31.11, 0, 0, 4.29
2019/05/26 12:55:00, 24.00, 23.56, 23.35, 32.28, 31.10, 0, 0, 4.29
2019/05/26 12:56:00, 24.00, 23.54, 23.33, 32.25, 31.08, 0, 0, 4.29
2019/05/26 12:57:00, 24.00, 23.53, 23.34, 32.26, 31.10, 0, 0, 4.29
2019/05/26 12:58:00, 24.00, 23.54, 23.33, 32.35, 31.13, 0, 0, 4.29
2019/05/26 12:59:00, 24.00, 23.52, 23.33, 32.33, 31.15, 0, 0, 4.29
2019/05/26 13:00:00, 24.00, 23.54, 23.34, 32.34, 31.16, 0, 0, 4.29
2019/05/26 13:01:00, 24.00, 23.54, 23.34, 32.37, 31.16, 0, 0, 4.29
2019/05/26 13:02:00, 24.00, 23.53, 23.33, 32.38, 31.19, 0, 0, 4.29
2019/05/26 13:03:00, 24.00, 23.53, 23.33, 32.38, 31.18, 0, 0, 4.29
2019/05/26 13:04:00, 24.00, 23.53, 23.33, 32.41, 31.20, 0, 0, 4.29
2019/05/26 13:05:00, 24.00, 23.54, 23.35, 32.44, 31.23, 0, 0, 4.29
2019/05/26 13:06:00, 24.00, 23.56, 23.34, 32.43, 31.25, 0, 0, 4.29
2019/05/26 13:07:00, 24.00, 23.56, 23.35, 32.38, 31.22, 0, 0, 4.29
2019/05/26 13:08:00, 24.00, 23.52, 23.32, 32.41, 31.21, 0, 0, 4.29
2019/05/26 13:09:00, 24.00, 23.52, 23.32, 32.48, 31.28, 0, 0, 4.29
2019/05/26 13:10:00, 24.00, 23.54, 23.33, 32.43, 31.28, 0, 0, 4.29
2019/05/26 13:11:00, 24.00, 23.52, 23.34, 32.50, 31.30, 0, 0, 4.29
2019/05/26 13:12:00, 24.00, 23.53, 23.34, 32.50, 31.27, 0, 0, 4.29
2019/05/26 13:13:00, 24.00, 23.53, 23.33, 32.61, 31.36, 0, 0, 4.29
2019/05/26 13:14:00, 24.00, 23.53, 23.32, 32.54, 31.34, 0, 0, 4.29
2019/05/26 13:15:00, 24.00, 23.54, 23.33, 32.57, 31.35, 0, 0, 4.29
2019/05/26 13:16:00, 24.00, 23.53, 23.33, 32.53, 31.35, 0, 0, 4.29
2019/05/26 13:17:00, 24.00, 23.53, 23.33, 32.57, 31.35, 0, 0, 4.29
2019/05/26 13:18:00, 24.00, 23.53, 23.33, 32.59, 31.40, 0, 0, 4.29
2019/05/26 13:19:00, 24.00, 23.50, 23.32, 32.63, 31.41, 0, 0, 4.29
2019/05/26 13:20:00, 24.00, 23.54, 23.32, 32.59, 31.39, 0, 0, 4.29
2019/05/26 13:21:00, 24.00, 23.53, 23.32, 32.64, 31.40, 0, 0, 4.29
2019/05/26 13:22:00, 24.00, 23.52, 23.32, 32.67, 31.45, 0, 0, 4.29
2019/05/26 13:23:00, 24.00, 23.52, 23.32, 32.67, 31.48, 0, 0, 4.29
2019/05/26 13:24:00, 24.00, 23.54, 23.33, 32.68, 31.49, 0, 0, 4.29
2019/05/26 13:25:00, 24.00, 23.54, 23.32, 32.70, 31.48, 0, 0, 4.29
2019/05/26 13:26:00, 24.00, 23.54, 23.33, 32.72, 31.50, 0, 0, 4.29
2019/05/26 13:27:00, 24.00, 23.52, 23.33, 32.72, 31.49, 0, 0, 4.29
2019/05/26 13:28:00, 24.00, 23.52, 23.32, 32.75, 31.52, 0, 0, 4.29
2019/05/26 13:29:00, 24.00, 23.53, 23.32, 32.76, 31.56, 0, 0, 4.29
2019/05/26 13:30:00, 24.00, 23.52, 23.33, 32.76, 31.59, 0, 0, 4.29
2019/05/26 13:31:00, 24.00, 23.52, 23.32, 32.79, 31.57, 0, 0, 4.29
2019/05/26 13:32:00, 24.00, 23.53, 23.33, 32.81, 31.58, 0, 0, 4.29
2019/05/26 13:33:00, 24.00, 23.53, 23.33, 32.79, 31.59, 0, 0, 4.29
2019/05/26 13:34:00, 24.00, 23.52, 23.31, 32.79, 31.59, 0, 0, 4.29
2019/05/26 13:35:00, 24.00, 23.52, 23.32, 32.83, 31.57, 0, 0, 4.29
2019/05/26 13:36:00, 24.00, 23.52, 23.32, 32.91, 31.70, 0, 0, 4.29
2019/05/26 13:37:00, 24.00, 23.53, 23.32, 32.92, 31.69, 0, 0, 4.29
2019/05/26 13:38:00, 24.00, 23.52, 23.32, 32.91, 31.68, 0, 0, 4.29
2019/05/26 13:39:00, 24.00, 23.53, 23.30, 32.85, 31.70, 0, 0, 4.29
2019/05/26 13:40:00, 24.00, 23.53, 23.32, 32.89, 31.67, 0, 0, 4.29
2019/05/26 13:41:00, 24.00, 23.52, 23.31, 32.89, 31.68, 0, 0, 4.29
2019/05/26 13:42:00, 24.00, 23.50, 23.31, 32.97, 31.75, 0, 0, 4.29
2019/05/26 13:43:00, 24.00, 23.49, 23.32, 33.00, 31.75, 0, 0, 4.29
2019/05/26 13:44:00, 24.00, 23.53, 23.31, 33.01, 31.78, 0, 0, 4.29
2019/05/26 13:45:00, 24.00, 23.50, 23.32, 33.01, 31.77, 0, 0, 4.29
2019/05/26 13:46:00, 24.00, 23.49, 23.32, 33.00, 31.78, 0, 0, 4.29
2019/05/26 13:47:00, 24.00, 23.53, 23.31, 33.06, 31.84, 0, 0, 4.29
2019/05/26 13:48:00, 24.00, 23.53, 23.32, 33.09, 31.84, 0, 0, 4.29
2019/05/26 13:49:00, 24.00, 23.52, 23.32, 33.10, 31.81, 0, 0, 4.29
2019/05/26 13:50:00, 24.00, 23.50, 23.29, 33.11, 31.86, 0, 0, 4.29
2019/05/26 13:51:00, 24.00, 23.53, 23.32, 33.10, 31.91, 0, 0, 4.29
2019/05/26 13:52:00, 24.00, 23.52, 23.32, 33.11, 31.90, 0, 0, 4.29
2019/05/26 13:53:00, 24.00, 23.52, 23.31, 33.10, 31.90, 0, 0, 4.29
2019/05/26 13:54:00, 24.00, 23.50, 23.32, 33.16, 31.91, 0, 0, 4.29
2019/05/26 13:55:00, 24.00, 23.52, 23.31, 33.16, 31.93, 0, 0, 4.29
2019/05/26 13:56:00, 24.00, 23.53, 23.32, 33.23, 31.95, 0, 0, 4.29
2019/05/26 13:57:00, 24.00, 23.53, 23.32, 33.17, 31.93, 0, 0, 4.29
2019/05/26 13:58:00, 24.00, 23.52, 23.31, 33.17, 31.96, 0, 0, 4.29
2019/05/26 13:59:00, 24.00, 23.53, 23.31, 33.31, 32.01, 0, 0, 4.29
2019/05/26 14:00:00, 24.00, 23.52, 23.31, 33.25, 31.99, 0, 0, 4.29
2019/05/26 14:01:00, 24.00, 23.50, 23.30, 33.22, 32.00, 0, 0, 4.29
2019/05/26 14:02:00, 24.00, 23.50, 23.30, 33.30, 32.03, 0, 0, 4.29
2019/05/26 14:03:00, 24.00, 23.50, 23.31, 33.32, 32.07, 0, 0, 4.29
2019/05/26 14:04:00, 24.00, 23.50, 23.29, 33.36, 32.11, 0, 0, 4.29
2019/05/26 14:05:00, 24.00, 23.52, 23.31, 33.35, 32.10, 0, 0, 4.29
2019/05/26 14:06:00, 24.00, 23.53, 23.30, 33.38, 32.11, 0, 0, 4.29
2019/05/26 14:07:00, 24.00, 23.54, 23.34, 33.36, 32.10, 0, 0, 4.29
2019/05/26 14:08:00, 24.00, 23.53, 23.32, 33.42, 32.13, 0, 0, 4.29
2019/05/26 14:09:00, 24.00, 23.54, 23.31, 33.38, 32.13, 0, 0, 4.29
2019/05/26 14:10:00, 24.00, 23.54, 23.34, 33.38, 32.13, 0, 0, 4.29
2019/05/26 14:11:00, 24.00, 23.52, 23.32, 33.41, 32.12, 0, 0, 4.29
2019/05/26 14:12:00, 24.00, 23.56, 23.32, 33.41, 32.19, 0, 0, 4.29
2019/05/26 14:13:00, 24.00, 23.54, 23.35, 33.41, 32.20, 0, 0, 4.29
2019/05/26 14:14:00, 24.00, 23.56, 23.33, 33.42, 32.19, 0, 0, 4.29
2019/05/26 14:15:00, 24.00, 23.54, 23.33, 33.39, 32.20, 0, 0, 4.29
2019/05/26 14:16:00, 24.00, 23.50, 23.33, 33.44, 32.20, 0, 0, 4.29
2019/05/26 14:17:00, 24.00, 23.54, 23.31, 33.48, 32.23, 0, 0, 4.29
2019/05/26 14:18:00, 24.00, 23.50, 23.32, 33.49, 32.23, 0, 0, 4.29
2019/05/26 14:19:00, 24.00, 23.50, 23.31, 33.54, 32.28, 0, 0, 4.29
2019/05/26 14:20:00, 24.00, 23.53, 23.31, 33.52, 32.33, 0, 0, 4.29
2019/05/26 14:21:00, 24.00, 23.52, 23.31, 33.57, 32.35, 0, 0, 4.29
2019/05/26 14:22:00, 24.00, 23.53, 23.30, 33.60, 32.31, 0, 0, 4.29
2019/05/26 14:23:00, 24.00, 23.50, 23.32, 33.54, 32.32, 0, 0, 4.29
2019/05/26 14:24:00, 24.00, 23.53, 23.32, 33.61, 32.34, 0, 0, 4.29
2019/05/26 14:25:00, 24.00, 23.52, 23.33, 33.58, 32.36, 0, 0, 4.29
2019/05/26 14:26:00, 24.00, 23.52, 23.30, 33.61, 32.36, 0, 0, 4.29
2019/05/26 14:27:00, 24.00, 23.50, 23.32, 33.65, 32.38, 0, 0, 4.29
2019/05/26 14:28:00, 24.00, 23.52, 23.33, 33.69, 32.42, 0, 0, 4.29
2019/05/26 14:29:00, 24.00, 23.54, 23.32, 33.66, 32.42, 0, 0, 4.29
2019/05/26 14:30:00, 24.00, 23.53, 23.32, 33.66, 32.39, 0, 0, 4.29
2019/05/26 14:31:00, 24.00, 23.50, 23.32, 33.70, 32.40, 0, 0, 4.29
2019/05/26 14:32:00, 24.00, 23.52, 23.30, 33.70, 32.46, 0, 0, 4.29
2019/05/26 14:33:00, 24.00, 23.52, 23.29, 33.77, 32.49, 0, 0, 4.29
2019/05/26 14:34:00, 24.00, 23.49, 23.30, 33.74, 32.49, 0, 0, 4.29
2019/05/26 14:35:00, 24.00, 23.49, 23.28, 33.84, 32.52, 0, 0, 4.29
2019/05/26 14:36:00, 24.00, 23.49, 23.29, 33.78, 32.54, 0, 0, 4.29
2019/05/26 14:37:00, 24.00, 23.46, 23.29, 33.78, 32.49, 0, 0, 4.29
2019/05/26 14:38:00, 24.00, 23.46, 23.30, 33.86, 32.58, 0, 0, 4.29
2019/05/26 14:39:00, 24.00, 23.49, 23.31, 33.90, 32.61, 0, 0, 4.29
2019/05/26 14:40:00, 24.00, 23.47, 23.28, 33.89, 32.57, 0, 0, 4.29
2019/05/26 14:41:00, 24.00, 23.47, 23.27, 33.89, 32.61, 0, 0, 4.29
2019/05/26 14:42:00, 24.00, 23.52, 23.28, 33.94, 32.65, 0, 0, 4.29
2019/05/26 14:43:00, 24.00, 23.47, 23.25, 33.94, 32.65, 0, 0, 4.29
2019/05/26 14:44:00, 24.00, 23.47, 23.28, 33.96, 32.69, 0, 0, 4.29
2019/05/26 14:45:00, 24.00, 23.49, 23.29, 33.96, 32.69, 0, 0, 4.29
2019/05/26 14:46:00, 24.00, 23.49, 23.30, 33.98, 32.69, 0, 0, 4.29
2019/05/26 14:47:00, 24.00, 23.49, 23.28, 33.96, 32.71, 0, 0, 4.29
2019/05/26 14:48:00, 24.00, 23.47, 23.30, 33.99, 32.73, 0, 0, 4.29
2019/05/26 14:49:00, 24.00, 23.47, 23.30, 34.03, 32.72, 0, 0, 4.29
2019/05/26 14:50:00, 24.00, 23.47, 23.28, 33.96, 32.71, 0, 0, 4.29
2019/05/26 14:51:00, 24.00, 23.50, 23.28, 34.04, 32.76, 0, 0, 4.29
2019/05/26 14:52:00, 24.00, 23.50, 23.28, 34.04, 32.79, 0, 0, 4.29
2019/05/26 14:53:00, 24.00, 23.52, 23.29, 34.06, 32.76, 0, 0, 4.29
2019/05/26 14:54:00, 24.00, 23.49, 23.29, 33.98, 32.75, 0, 0, 4.29
2019/05/26 14:55:00, 24.00, 23.49, 23.28, 34.06, 32.75, 0, 0, 4.29
2019/05/26 14:56:00, 24.00, 23.50, 23.29, 34.07, 32.78, 0, 0, 4.29
2019/05/26 14:57:00, 24.00, 23.47, 23.28, 34.10, 32.80, 0, 0, 4.29
2019/05/26 14:58:00, 24.00, 23.46, 23.25, 34.04, 32.83, 0, 0, 4.29
2019/05/26 14:59:00, 24.00, 23.46, 23.30, 34.07, 32.84, 0, 0, 4.29
2019/05/26 15:00:00, 24.00, 23.49, 23.29, 34.08, 32.85, 0, 0, 4.29
2019/05/26 15:01:00, 24.00, 23.46, 23.27, 34.08, 32.83, 0, 0, 4.29
2019/05/26 15:02:00, 24.00, 23.49, 23.29, 34.15, 32.88, 0, 0, 4.29
2019/05/26 15:03:00, 24.00, 23.49, 23.28, 34.11, 32.86, 0, 0, 4.29
2019/05/26 15:04:00, 24.00, 23.49, 23.27, 34.14, 32.88, 0, 0, 4.29
2019/05/26 15:05:00, 24.00, 23.50, 23.30, 34.14, 32.89, 0, 0, 4.29
2019/05/26 15:06:00, 24.00, 23.50, 23.28, 34.14, 32.89, 0, 0, 4.29
2019/05/26 15:07:00, 24.00, 23.49, 23.28, 34.16, 32.90, 0, 0, 4.29
2019/05/26 15:08:00, 24.00, 23.46, 23.27, 34.19, 32.94, 0, 0, 4.29
2019/05/26 15:09:00, 24.00, 23.47, 23.25, 34.22, 32.96, 0, 0, 4.29
2019/05/26 15:10:00, 24.00, 23.44, 23.25, 34.23, 32.94, 0, 0, 4.29
2019/05/26 15:11:00, 24.00, 23.44, 23.23, 34.28, 33.00, 0, 0, 4.29
2019/05/26 15:12:00, 24.00, 23.46, 23.27, 34.30, 33.06, 0, 0, 4.29
2019/05/26 15:13:00, 24.00, 23.44, 23.24, 34.27, 33.01, 0, 0, 4.29
2019/05/26 15:14:00, 24.00, 23.44, 23.25, 34.29, 33.05, 0, 0, 4.29
2019/05/26 15:15:00, 24.00, 23.43, 23.25, 34.28, 33.03, 0, 0, 4.29
2019/05/26 15:16:00, 24.00, 23.44, 23.25, 34.29, 33.03, 0, 0, 4.29
2019/05/26 15:17:00, 24.00, 23.44, 23.22, 34.36, 33.08, 0, 0, 4.29
2019/05/26 15:18:00, 24.00, 23.44, 23.24, 34.40, 33.15, 0, 0, 4.29
2019/05/26 15:19:00, 24.00, 23.44, 23.25, 34.44, 33.16, 0, 0, 4.29
2019/05/26 15:20:00, 24.00, 23.44, 23.25, 34.36, 33.14, 0, 0, 4.29
2019/05/26 15:21:00, 24.00, 23.46, 23.23, 34.40, 33.14, 0, 0, 4.29
2019/05/26 15:22:00, 24.00, 23.44, 23.22, 34.41, 33.16, 0, 0, 4.29
2019/05/26 15:23:00, 24.00, 23.44, 23.22, 34.40, 33.18, 0, 0, 4.29
2019/05/26 15:24:00, 24.00, 23.43, 23.24, 34.45, 33.18, 0, 0, 4.29
2019/05/26 15:25:00, 24.00, 23.43, 23.25, 34.48, 33.22, 0, 0, 4.29
2019/05/26 15:26:00, 24.00, 23.43, 23.23, 34.49, 33.23, 0, 0, 4.29
2019/05/26 15:27:00, 24.00, 23.44, 23.24, 34.52, 33.23, 0, 0, 4.29
2019/05/26 15:28:00, 24.00, 23.42, 23.22, 34.53, 33.24, 0, 0, 4.29
2019/05/26 15:29:00, 24.00, 23.43, 23.22, 34.52, 33.27, 0, 0, 4.29
2019/05/26 15:30:00, 24.00, 23.42, 23.23, 34.53, 33.27, 0, 0, 4.29
2019/05/26 15:31:00, 24.00, 23.43, 23.19, 34.57, 33.29, 0, 0, 4.29
2019/05/26 15:32:00, 24.00, 23.40, 23.18, 34.59, 33.30, 0, 0, 4.29
2019/05/26 15:33:00, 24.00, 23.42, 23.19, 34.59, 33.30, 0, 0, 4.29
2019/05/26 15:34:00, 24.00, 23.42, 23.20, 34.62, 33.35, 0, 0, 4.29
2019/05/26 15:35:00, 24.00, 23.43, 23.21, 34.62, 33.32, 0, 0, 4.29
2019/05/26 15:36:00, 24.00, 23.42, 23.20, 34.64, 33.32, 0, 0, 4.29
2019/05/26 15:37:00, 24.00, 23.39, 23.20, 34.65, 33.35, 0, 0, 4.29
2019/05/26 15:38:00, 24.00, 23.42, 23.21, 34.63, 33.32, 0, 0, 4.29
2019/05/26 15:39:00, 24.00, 23.43, 23.24, 34.57, 33.31, 0, 0, 4.29
2019/05/26 15:40:00, 24.00, 23.42, 23.23, 34.62, 33.35, 0, 0, 4.29
2019/05/26 15:41:00, 24.00, 23.42, 23.23, 34.61, 33.32, 0, 0, 4.29
2019/05/26 15:42:00, 24.00, 23.40, 23.22, 34.61, 33.36, 0, 0, 4.29
2019/05/26 15:43:00, 24.00, 23.43, 23.22, 34.70, 33.39, 0, 0, 4.29
2019/05/26 15:44:00, 24.00, 23.42, 23.21, 34.68, 33.36, 0, 0, 4.29
2019/05/26 15:45:00, 24.00, 23.42, 23.21, 34.65, 33.37, 0, 0, 4.29
2019/05/26 15:46:00, 24.00, 23.39, 23.20, 34.73, 33.42, 0, 0, 4.29
2019/05/26 15:47:00, 24.00, 23.42, 23.21, 34.69, 33.41, 0, 0, 4.29
2019/05/26 15:48:00, 24.00, 23.42, 23.20, 34.76, 33.48, 0, 0, 4.29
2019/05/26 15:49:00, 24.00, 23.43, 23.22, 34.71, 33.48, 0, 0, 4.29
2019/05/26 15:50:00, 24.00, 23.43, 23.20, 34.78, 33.46, 0, 0, 4.29
2019/05/26 15:51:00, 24.00, 23.42, 23.22, 34.74, 33.50, 0, 0, 4.29
2019/05/26 15:52:00, 24.00, 23.42, 23.22, 34.75, 33.49, 0, 0, 4.29
2019/05/26 15:53:00, 24.00, 23.40, 23.19, 34.77, 33.51, 0, 0, 4.29
2019/05/26 15:54:00, 24.00, 23.39, 23.20, 34.84, 33.52, 0, 0, 4.29
2019/05/26 15:55:00, 24.00, 23.40, 23.21, 34.84, 33.57, 0, 0, 4.29
2019/05/26 15:56:00, 24.00, 23.43, 23.22, 34.84, 33.55, 0, 0, 4.29
2019/05/26 15:57:00, 24.00, 23.42, 23.21, 34.85, 33.57, 0, 0, 4.29
2019/05/26 15:58:00, 24.00, 23.42, 23.22, 34.85, 33.59, 0, 0, 4.29
2019/05/26 15:59:00, 24.00, 23.40, 23.20, 34.85, 33.58, 0, 0, 4.29
2019/05/26 16:00:00, 24.00, 23.42, 23.21, 34.88, 33.60, 0, 0, 4.29
2019/05/26 16:01:00, 24.00, 23.42, 23.22, 34.86, 33.62, 0, 0, 4.29
2019/05/26 16:02:00, 24.00, 23.40, 23.22, 34.93, 33.64, 0, 0, 4.29
2019/05/26 16:03:00, 24.00, 23.42, 23.22, 34.90, 33.62, 0, 0, 4.29
2019/05/26 16:04:00, 24.00, 23.40, 23.22, 34.89, 33.64, 0, 0, 4.29
2019/05/26 16:05:00, 24.00, 23.42, 23.22, 34.93, 33.66, 0, 0, 4.29
2019/05/26 16:06:00, 24.00, 23.44, 23.22, 34.94, 33.68, 0, 0, 4.29
2019/05/26 16:07:00, 24.00, 23.42, 23.21, 34.98, 33.72, 0, 0, 4.29
2019/05/26 16:08:00, 24.00, 23.43, 23.20, 35.00, 33.70, 0, 0, 4.29
2019/05/26 16:09:00, 24.00, 23.42, 23.24, 35.00, 33.72, 0, 0, 4.29
2019/05/26 16:10:00, 24.00, 23.44, 23.24, 35.03, 33.73, 0, 0, 4.29
2019/05/26 16:11:00, 24.00, 23.43, 23.23, 35.00, 33.74, 0, 0, 4.29
2019/05/26 16:12:00, 24.00, 23.44, 23.25, 34.97, 33.73, 0, 0, 4.29
2019/05/26 16:13:00, 24.00, 23.49, 23.29, 34.99, 33.71, 0, 0, 4.29
2019/05/26 16:14:00, 24.00, 23.46, 23.25, 34.97, 33.73, 0, 0, 4.29
2019/05/26 16:15:00, 24.00, 23.47, 23.28, 34.99, 33.74, 0, 0, 4.29
2019/05/26 16:16:00, 24.00, 23.47, 23.28, 35.03, 33.76, 0, 0, 4.29
2019/05/26 16:17:00, 24.00, 23.47, 23.28, 35.06, 33.76, 0, 0, 4.29
2019/05/26 16:18:00, 24.00, 23.44, 23.27, 34.96, 33.73, 0, 0, 4.29
2019/05/26 16:19:00, 24.00, 23.47, 23.30, 35.10, 33.76, 0, 0, 4.29
2019/05/26 16:20:00, 24.00, 23.49, 23.28, 35.06, 33.80, 0, 0, 4.29
2019/05/26 16:21:00, 24.00, 23.49, 23.28, 35.10, 33.82, 0, 0, 4.29
2019/05/26 16:22:00, 24.00, 23.47, 23.28, 35.12, 33.86, 0, 0, 4.29
2019/05/26 16:23:00, 24.00, 23.49, 23.28, 35.14, 33.88, 0, 0, 4.29
2019/05/26 16:24:00, 24.00, 23.49, 23.29, 35.17, 33.90, 0, 0, 4.29
2019/05/26 16:25:00, 24.00, 23.49, 23.30, 35.10, 33.87, 0, 0, 4.29
2019/05/26 16:26:00, 24.00, 23.50, 23.29, 35.15, 33.90, 0, 0, 4.29
2019/05/26 16:27:00, 24.00, 23.49, 23.31, 35.15, 33.88, 0, 0, 4.29
2019/05/26 16:28:00, 24.00, 23.49, 23.30, 35.12, 33.86, 0, 0, 4.29
2019/05/26 16:29:00, 24.00, 23.47, 23.29, 35.14, 33.89, 0, 0, 4.29
2019/05/26 16:30:00, 24.00, 23.50, 23.31, 35.19, 33.90, 0, 0, 4.29
2019/05/26 16:31:00, 24.00, 23.49, 23.30, 35.15, 33.88, 0, 0, 4.29
2019/05/26 16:32:00, 24.00, 23.47, 23.30, 35.23, 33.92, 0, 0, 4.29
2019/05/26 16:33:00, 24.00, 23.49, 23.31, 35.22, 33.96, 0, 0, 4.29
2019/05/26 16:34:00, 24.00, 23.50, 23.31, 35.24, 33.95, 0, 0, 4.29
2019/05/26 16:35:00, 24.00, 23.49, 23.32, 35.24, 33.96, 0, 0, 4.29
2019/05/26 16:36:00, 24.00, 23.50, 23.31, 35.23, 33.93, 0, 0, 4.29
2019/05/26 16:37:00, 24.00, 23.53, 23.31, 35.22, 33.91, 0, 0, 4.29
2019/05/26 16:38:00, 24.00, 23.50, 23.32, 35.24, 33.96, 0, 0, 4.29
2019/05/26 16:39:00, 24.00, 23.50, 23.30, 35.26, 33.94, 0, 0, 4.29
2019/05/26 16:40:00, 24.00, 23.50, 23.32, 35.26, 33.97, 0, 0, 4.29
2019/05/26 16:41:00, 24.00, 23.52, 23.31, 35.31, 34.01, 0, 0, 4.29
2019/05/26 16:42:00, 24.00, 23.50, 23.31, 35.26, 34.01, 0, 0, 4.29
2019/05/26 16:43:00, 24.00, 23.50, 23.31, 35.30, 33.98, 0, 0, 4.29
2019/05/26 16:44:00, 24.00, 23.49, 23.29, 35.27, 34.00, 0, 0, 4.29
2019/05/26 16:45:00, 24.00, 23.52, 23.35, 35.28, 34.00, 0, 0, 4.29
2019/05/26 16:46:00, 24.00, 23.50, 23.32, 35.33, 33.99, 0, 0, 4.29
2019/05/26 16:47:00, 24.00, 23.50, 23.32, 35.27, 34.00, 0, 0, 4.29
2019/05/26 16:48:00, 24.00, 23.47, 23.28, 35.24, 34.00, 0, 0, 4.29
2019/05/26 16:49:00, 24.00, 23.50, 23.31, 35.28, 34.04, 0, 0, 4.29
2019/05/26 16:50:00, 24.00, 23.49, 23.28, 35.28, 34.06, 0, 0, 4.29
2019/05/26 16:51:00, 24.00, 23.47, 23.30, 35.34, 34.05, 0, 0, 4.29
2019/05/26 16:52:00, 24.00, 23.47, 23.32, 35.32, 34.06, 0, 0, 4.29
2019/05/26 16:53:00, 24.00, 23.52, 23.30, 35.38, 34.10, 0, 0, 4.29
2019/05/26 16:54:00, 24.00, 23.52, 23.29, 35.39, 34.10, 0, 0, 4.29
2019/05/26 16:55:00, 24.00, 23.50, 23.30, 35.35, 34.10, 0, 0, 4.29
2019/05/26 16:56:00, 24.00, 23.50, 23.30, 35.39, 34.10, 0, 0, 4.29
2019/05/26 16:57:00, 24.00, 23.50, 23.31, 35.31, 34.06, 0, 0, 4.29
2019/05/26 16:58:00, 24.00, 23.50, 23.32, 35.28, 34.03, 0, 0, 4.29
2019/05/26 16:59:00, 24.00, 23.49, 23.28, 35.28, 34.01, 0, 0, 4.29
2019/05/26 17:00:00, 24.00, 23.47, 23.28, 35.40, 34.10, 0, 0, 4.29
2019/05/26 17:01:00, 24.00, 23.49, 23.29, 35.36, 34.10, 0, 0, 4.29
2019/05/26 17:02:00, 24.00, 23.49, 23.31, 35.35, 34.11, 0, 0, 4.29
2019/05/26 17:03:00, 24.00, 23.49, 23.28, 35.40, 34.13, 0, 0, 4.29
2019/05/26 17:04:00, 24.00, 23.50, 23.29, 35.36, 34.10, 0, 0, 4.29
2019/05/26 17:05:00, 24.00, 23.49, 23.29, 35.41, 34.10, 0, 0, 4.29
2019/05/26 17:06:00, 24.00, 23.46, 23.28, 35.40, 34.14, 0, 0, 4.29
2019/05/26 17:07:00, 24.00, 23.47, 23.27, 35.41, 34.15, 0, 0, 4.29
2019/05/26 17:08:00, 24.00, 23.47, 23.29, 35.44, 34.18, 0, 0, 4.29
2019/05/26 17:09:00, 24.00, 23.46, 23.27, 35.40, 34.16, 0, 0, 4.29
2019/05/26 17:10:00, 24.00, 23.50, 23.27, 35.51, 34.22, 0, 0, 4.29
2019/05/26 17:11:00, 24.00, 23.49, 23.29, 35.46, 34.21, 0, 0, 4.29
2019/05/26 17:12:00, 24.00, 23.46, 23.27, 35.45, 34.19, 0, 0, 4.29
2019/05/26 17:13:00, 24.00, 23.46, 23.24, 35.51, 34.23, 0, 0, 4.29
2019/05/26 17:14:00, 24.00, 23.49, 23.27, 35.49, 34.24, 0, 0, 4.29
2019/05/26 17:15:00, 24.00, 23.44, 23.28, 35.52, 34.28, 0, 0, 4.29
2019/05/26 17:16:00, 24.00, 23.46, 23.28, 35.49, 34.27, 0, 0, 4.29
2019/05/26 17:17:00, 24.00, 23.46, 23.27, 35.56, 34.29, 0, 0, 4.29
2019/05/26 17:18:00, 24.00, 23.49, 23.28, 35.57, 34.30, 0, 0, 4.29
2019/05/26 17:19:00, 24.00, 23.46, 23.28, 35.58, 34.32, 0, 0, 4.29
2019/05/26 17:20:00, 24.00, 23.44, 23.24, 35.60, 34.31, 0, 0, 4.29
2019/05/26 17:21:00, 24.00, 23.47, 23.28, 35.57, 34.31, 0, 0, 4.29
2019/05/26 17:22:00, 24.00, 23.46, 23.28, 35.55, 34.32, 0, 0, 4.29
2019/05/26 17:23:00, 24.00, 23.49, 23.28, 35.48, 34.29, 0, 0, 4.29
2019/05/26 17:24:00, 24.00, 23.46, 23.25, 35.61, 34.34, 0, 0, 4.29
2019/05/26 17:25:00, 24.00, 23.44, 23.25, 35.58, 34.33, 0, 0, 4.29
2019/05/26 17:26:00, 24.00, 23.47, 23.25, 35.66, 34.38, 0, 0, 4.29
2019/05/26 17:27:00, 24.00, 23.49, 23.29, 35.63, 34.38, 0, 0, 4.29
2019/05/26 17:28:00, 24.00, 23.47, 23.27, 35.57, 34.37, 0, 0, 4.29
2019/05/26 17:29:00, 24.00, 23.47, 23.28, 35.59, 34.33, 0, 0, 4.29
2019/05/26 17:30:00, 24.00, 23.49, 23.28, 35.55, 34.34, 0, 0, 4.29
2019/05/26 17:31:00, 24.00, 23.50, 23.29, 35.63, 34.35, 0, 0, 4.29
2019/05/26 17:32:00, 24.00, 23.49, 23.31, 35.60, 34.33, 0, 0, 4.29
2019/05/26 17:33:00, 24.00, 23.50, 23.28, 35.58, 34.32, 0, 0, 4.29
2019/05/26 17:34:00, 24.00, 23.49, 23.29, 35.57, 34.31, 0, 0, 4.29
2019/05/26 17:35:00, 24.00, 23.49, 23.28, 35.56, 34.29, 0, 0, 4.29
2019/05/26 17:36:00, 24.00, 23.50, 23.28, 35.57, 34.32, 0, 0, 4.29
2019/05/26 17:37:00, 24.00, 23.52, 23.30, 35.55, 34.32, 0, 0, 4.29
2019/05/26 17:38:00, 24.00, 23.49, 23.28, 35.62, 34.30, 0, 0, 4.29
2019/05/26 17:39:00, 24.00, 23.53, 23.28, 35.62, 34.36, 0, 0, 4.29
2019/05/26 17:40:00, 24.00, 23.49, 23.31, 35.56, 34.32, 0, 0, 4.29
2019/05/26 17:41:00, 24.00, 23.52, 23.30, 35.52, 34.29, 0, 0, 4.29
2019/05/26 17:42:00, 24.00, 23.50, 23.33, 35.55, 34.30, 0, 0, 4.29
2019/05/26 17:43:00, 24.00, 23.53, 23.33, 35.54, 34.29, 0, 0, 4.29
2019/05/26 17:44:00, 24.00, 23.53, 23.32, 35.54, 34.28, 0, 0, 4.29
2019/05/26 17:45:00, 24.00, 23.50, 23.32, 35.58, 34.29, 0, 0, 4.29
2019/05/26 17:46:00, 24.00, 23.49, 23.30, 35.52, 34.28, 0, 0, 4.29
2019/05/26 17:47:00, 24.00, 23.49, 23.29, 35.67, 34.39, 0, 0, 4.29
2019/05/26 17:48:00, 24.00, 23.49, 23.30, 35.67, 34.37, 0, 0, 4.29
2019/05/26 17:49:00, 24.00, 23.52, 23.31, 35.59, 34.33, 0, 0, 4.29
2019/05/26 17:50:00, 24.00, 23.52, 23.30, 35.59, 34.33, 0, 0, 4.29
2019/05/26 17:51:00, 24.00, 23.52, 23.31, 35.60, 34.37, 0, 0, 4.29
2019/05/26 17:52:00, 24.00, 23.53, 23.31, 35.61, 34.32, 0, 0, 4.29
2019/05/26 17:53:00, 24.00, 23.53, 23.34, 35.65, 34.35, 0, 0, 4.29
2019/05/26 17:54:00, 24.00, 23.52, 23.32, 35.60, 34.34, 0, 0, 4.29
2019/05/26 17:55:00, 24.00, 23.52, 23.32, 35.63, 34.36, 0, 0, 4.29
2019/05/26 17:56:00, 24.00, 23.50, 23.35, 35.65, 34.39, 0, 0, 4.29
2019/05/26 17:57:00, 24.00, 23.53, 23.32, 35.70, 34.39, 0, 0, 4.29
2019/05/26 17:58:00, 24.00, 23.53, 23.30, 35.64, 34.38, 0, 0, 4.29
2019/05/26 17:59:00, 24.00, 23.50, 23.32, 35.66, 34.41, 0, 0, 4.29
2019/05/26 18:00:00, 24.00, 23.52, 23.32, 35.59, 34.38, 0, 0, 4.29
2019/05/26 18:01:00, 24.00, 23.53, 23.34, 35.63, 34.36, 0, 0, 4.29
2019/05/26 18:02:00, 24.00, 23.56, 23.35, 35.62, 34.38, 0, 0, 4.29
2019/05/26 18:03:00, 24.00, 23.56, 23.36, 35.62, 34.35, 0, 0, 4.29
2019/05/26 18:04:00, 24.00, 23.56, 23.35, 35.59, 34.32, 0, 0, 4.29
2019/05/26 18:05:00, 24.00, 23.54, 23.36, 35.62, 34.33, 0, 0, 4.29
2019/05/26 18:06:00, 24.00, 23.54, 23.37, 35.61, 34.33, 0, 0, 4.29
2019/05/26 18:07:00, 24.00, 23.54, 23.35, 35.64, 34.32, 0, 0, 4.29
2019/05/26 18:08:00, 24.00, 23.54, 23.36, 35.61, 34.35, 0, 0, 4.29
2019/05/26 18:09:00, 24.00, 23.57, 23.36, 35.61, 34.34, 0, 0, 4.29
2019/05/26 18:10:00, 24.00, 23.54, 23.35, 35.59, 34.34, 0, 0, 4.29
2019/05/26 18:11:00, 24.00, 23.54, 23.35, 35.66, 34.41, 0, 0, 4.29
2019/05/26 18:12:00, 24.00, 23.57, 23.35, 35.62, 34.39, 0, 0, 4.29
2019/05/26 18:13:00, 24.00, 23.54, 23.35, 35.57, 34.30, 0, 0, 4.29
2019/05/26 18:14:00, 24.00, 23.54, 23.35, 35.61, 34.34, 0, 0, 4.29
2019/05/26 18:15:00, 24.00, 23.54, 23.35, 35.65, 34.36, 0, 0, 4.29
2019/05/26 18:16:00, 24.00, 23.56, 23.34, 35.57, 34.36, 0, 0, 4.29
2019/05/26 18:17:00, 24.00, 23.53, 23.35, 35.58, 34.35, 0, 0, 4.29
2019/05/26 18:18:00, 24.00, 23.53, 23.33, 35.65, 34.36, 0, 0, 4.29
2019/05/26 18:19:00, 24.00, 23.52, 23.32, 35.64, 34.38, 0, 0, 4.29
2019/05/26 18:20:00, 24.00, 23.52, 23.31, 35.68, 34.43, 0, 0, 4.29
2019/05/26 18:21:00, 24.00, 23.52, 23.32, 35.68, 34.41, 0, 0, 4.29
2019/05/26 18:22:00, 24.00, 23.50, 23.32, 35.64, 34.38, 0, 0, 4.29
2019/05/26 18:23:00, 24.00, 23.53, 23.33, 35.67, 34.40, 0, 0, 4.29
2019/05/26 18:24:00, 24.00, 23.53, 23.34, 35.62, 34.37, 0, 0, 4.29
2019/05/26 18:25:00, 24.00, 23.52, 23.29, 35.69, 34.38, 0, 0, 4.29
2019/05/26 18:26:00, 24.00, 23.50, 23.32, 35.67, 34.40, 0, 0, 4.29
2019/05/26 18:27:00, 24.00, 23.49, 23.31, 35.70, 34.42, 0, 0, 4.29
2019/05/26 18:28:00, 24.00, 23.52, 23.30, 35.68, 34.40, 0, 0, 4.29
2019/05/26 18:29:00, 24.00, 23.50, 23.30, 35.71, 34.47, 0, 0, 4.29
2019/05/26 18:30:00, 24.00, 23.52, 23.30, 35.71, 34.45, 0, 0, 4.29
2019/05/26 18:31:00, 24.00, 23.49, 23.31, 35.67, 34.43, 0, 0, 4.29
2019/05/26 18:32:00, 24.00, 23.50, 23.29, 35.68, 34.43, 0, 0, 4.29
2019/05/26 18:33:00, 24.00, 23.49, 23.31, 35.68, 34.42, 0, 0, 4.29
2019/05/26 18:34:00, 24.00, 23.50, 23.25, 35.64, 34.45, 0, 0, 4.29
2019/05/26 18:35:00, 24.00, 23.49, 23.28, 35.75, 34.45, 0, 0, 4.29
2019/05/26 18:36:00, 24.00, 23.50, 23.30, 35.71, 34.47, 0, 0, 4.29
2019/05/26 18:37:00, 24.00, 23.49, 23.31, 35.67, 34.42, 0, 0, 4.29
2019/05/26 18:38:00, 24.00, 23.50, 23.32, 35.69, 34.43, 0, 0, 4.29
2019/05/26 18:39:00, 24.00, 23.49, 23.28, 35.67, 34.39, 0, 0, 4.29
2019/05/26 18:40:00, 24.00, 23.49, 23.32, 35.70, 34.45, 0, 0, 4.29
2019/05/26 18:41:00, 24.00, 23.49, 23.30, 35.72, 34.45, 0, 0, 4.29
2019/05/26 18:42:00, 24.00, 23.50, 23.32, 35.77, 34.48, 0, 0, 4.29
2019/05/26 18:43:00, 24.00, 23.50, 23.31, 35.72, 34.47, 0, 0, 4.29
2019/05/26 18:44:00, 24.00, 23.52, 23.32, 35.64, 34.43, 0, 0, 4.29
2019/05/26 18:45:00, 24.00, 23.53, 23.30, 35.71, 34.45, 0, 0, 4.29
2019/05/26 18:46:00, 24.00, 23.52, 23.33, 35.72, 34.44, 0, 0, 4.29
2019/05/26 18:47:00, 24.00, 23.50, 23.32, 35.63, 34.42, 0, 0, 4.29
2019/05/26 18:48:00, 24.00, 23.52, 23.30, 35.68, 34.39, 0, 0, 4.29
2019/05/26 18:49:00, 24.00, 23.50, 23.32, 35.70, 34.43, 0, 0, 4.29
2019/05/26 18:50:00, 24.00, 23.50, 23.31, 35.73, 34.48, 0, 0, 4.29
2019/05/26 18:51:00, 24.00, 23.50, 23.30, 35.68, 34.45, 0, 0, 4.29
2019/05/26 18:52:00, 24.00, 23.49, 23.31, 35.75, 34.50, 0, 0, 4.29
2019/05/26 18:53:00, 24.00, 23.50, 23.30, 35.75, 34.47, 0, 0, 4.29
2019/05/26 18:54:00, 24.00, 23.52, 23.32, 35.75, 34.45, 0, 0, 4.29
2019/05/26 18:55:00, 24.00, 23.52, 23.32, 35.75, 34.46, 0, 0, 4.29
2019/05/26 18:56:00, 24.00, 23.49, 23.31, 35.71, 34.47, 0, 0, 4.29
2019/05/26 18:57:00, 24.00, 23.50, 23.30, 35.75, 34.45, 0, 0, 4.29
2019/05/26 18:58:00, 24.00, 23.50, 23.29, 35.71, 34.47, 0, 0, 4.29
2019/05/26 18:59:00, 24.00, 23.49, 23.30, 35.76, 34.48, 0, 0, 4.29
2019/05/26 19:00:00, 24.00, 23.49, 23.29, 35.75, 34.51, 0, 0, 4.29
2019/05/26 19:01:00, 24.00, 23.50, 23.31, 35.78, 34.51, 0, 0, 4.29
2019/05/26 19:02:00, 24.00, 23.49, 23.30, 35.79, 34.51, 0, 0, 4.29
2019/05/26 19:03:00, 24.00, 23.50, 23.30, 35.79, 34.49, 0, 0, 4.29
2019/05/26 19:04:00, 24.00, 23.52, 23.30, 35.72, 34.54, 0, 0, 4.29
2019/05/26 19:05:00, 24.00, 23.50, 23.30, 35.73, 34.51, 0, 0, 4.29
2019/05/26 19:06:00, 24.00, 23.47, 23.28, 35.82, 34.50, 0, 0, 4.29
2019/05/26 19:07:00, 24.00, 23.47, 23.28, 35.80, 34.54, 0, 0, 4.29
2019/05/26 19:08:00, 24.00, 23.47, 23.29, 35.76, 34.51, 0, 0, 4.29
2019/05/26 19:09:00, 24.00, 23.47, 23.29, 35.75, 34.54, 0, 0, 4.29
2019/05/26 19:10:00, 24.00, 23.47, 23.30, 35.75, 34.49, 0, 0, 4.29
2019/05/26 19:11:00, 24.00, 23.47, 23.28, 35.77, 34.50, 0, 0, 4.29
2019/05/26 19:12:00, 24.00, 23.52, 23.27, 35.78, 34.52, 0, 0, 4.29
2019/05/26 19:13:00, 24.00, 23.49, 23.28, 35.76, 34.51, 0, 0, 4.29
2019/05/26 19:14:00, 24.00, 23.49, 23.25, 35.81, 34.52, 0, 0, 4.29
2019/05/26 19:15:00, 24.00, 23.46, 23.24, 35.73, 34.50, 0, 0, 4.29
2019/05/26 19:16:00, 24.00, 23.47, 23.28, 35.77, 34.51, 0, 0, 4.29
2019/05/26 19:17:00, 24.00, 23.47, 23.25, 35.78, 34.52, 0, 0, 4.29
2019/05/26 19:18:00, 24.00, 23.46, 23.30, 35.80, 34.52, 0, 0, 4.29
2019/05/26 19:19:00, 24.00, 23.47, 23.28, 35.76, 34.50, 0, 0, 4.29
2019/05/26 19:20:00, 24.00, 23.47, 23.29, 35.78, 34.51, 0, 0, 4.29
2019/05/26 19:21:00, 24.00, 23.44, 23.27, 35.75, 34.52, 0, 0, 4.29
2019/05/26 19:22:00, 24.00, 23.49, 23.25, 35.76, 34.49, 0, 0, 4.29
2019/05/26 19:23:00, 24.00, 23.46, 23.25, 35.83, 34.56, 0, 0, 4.29
2019/05/26 19:24:00, 24.00, 23.47, 23.27, 35.84, 34.58, 0, 0, 4.29
2019/05/26 19:25:00, 24.00, 23.46, 23.25, 35.80, 34.55, 0, 0, 4.29
2019/05/26 19:26:00, 24.00, 23.44, 23.28, 35.75, 34.54, 0, 0, 4.29
2019/05/26 19:27:00, 24.00, 23.47, 23.25, 35.77, 34.52, 0, 0, 4.29
2019/05/26 19:28:00, 24.00, 23.44, 23.28, 35.79, 34.55, 0, 0, 4.29
2019/05/26 19:29:00, 24.00, 23.47, 23.29, 35.74, 34.51, 0, 0, 4.29
2019/05/26 19:30:00, 24.00, 23.49, 23.28, 35.75, 34.47, 0, 0, 4.29
2019/05/26 19:31:00, 24.00, 23.47, 23.25, 35.74, 34.50, 0, 0, 4.29
2019/05/26 19:32:00, 24.00, 23.46, 23.29, 35.77, 34.51, 0, 0, 4.29
2019/05/26 19:33:00, 24.00, 23.49, 23.28, 35.79, 34.54, 0, 0, 4.29
2019/05/26 19:34:00, 24.00, 23.49, 23.29, 35.73, 34.51, 0, 0, 4.29
2019/05/26 19:35:00, 24.00, 23.47, 23.28, 35.75, 34.46, 0, 0, 4.29
2019/05/26 19:36:00, 24.00, 23.47, 23.28, 35.75, 34.50, 0, 0, 4.29
2019/05/26 19:37:00, 24.00, 23.49, 23.28, 35.77, 34.52, 0, 0, 4.29
2019/05/26 19:38:00, 24.00, 23.46, 23.25, 35.76, 34.48, 0, 0, 4.29
2019/05/26 19:39:00, 24.00, 23.44, 23.25, 35.79, 34.55, 0, 0, 4.29
2019/05/26 19:40:00, 24.00, 23.47, 23.25, 35.75, 34.51, 0, 0, 4.29
2019/05/26 19:41:00, 24.00, 23.49, 23.31, 35.71, 34.49, 0, 0, 4.29
2019/05/26 19:42:00, 24.00, 23.46, 23.24, 35.76, 34.49, 0, 0, 4.29
2019/05/26 19:43:00, 24.00, 23.46, 23.29, 35.75, 34.45, 0, 0, 4.29
2019/05/26 19:44:00, 24.00, 23.46, 23.28, 35.72, 34.49, 0, 0, 4.29
2019/05/26 19:45:00, 24.00, 23.46, 23.25, 35.75, 34.48, 0, 0, 4.29
2019/05/26 19:46:00, 24.00, 23.46, 23.25, 35.75, 34.48, 0, 0, 4.29
2019/05/26 19:47:00, 24.00, 23.44, 23.25, 35.79, 34.52, 0, 0, 4.29
2019/05/26 19:48:00, 24.00, 23.44, 23.25, 35.70, 34.50, 0, 0, 4.29
2019/05/26 19:49:00, 24.00, 23.47, 23.25, 35.76, 34.49, 0, 0, 4.29
2019/05/26 19:50:00, 24.00, 23.47, 23.27, 35.72, 34.48, 0, 0, 4.29
2019/05/26 19:51:00, 24.00, 23.46, 23.27, 35.73, 34.47, 0, 0, 4.29
2019/05/26 19:52:00, 24.00, 23.46, 23.27, 35.69, 34.45, 0, 0, 4.29
2019/05/26 19:53:00, 24.00, 23.46, 23.23, 35.69, 34.47, 0, 0, 4.29
2019/05/26 19:54:00, 24.00, 23.46, 23.27, 35.78, 34.52, 0, 0, 4.29
2019/05/26 19:55:00, 24.00, 23.49, 23.27, 35.69, 34.48, 0, 0, 4.29
2019/05/26 19:56:00, 24.00, 23.46, 23.25, 35.68, 34.47, 0, 0, 4.29
2019/05/26 19:57:00, 24.00, 23.44, 23.27, 35.72, 34.45, 0, 0, 4.29
2019/05/26 19:58:00, 24.00, 23.44, 23.23, 35.69, 34.45, 0, 0, 4.29
2019/05/26 19:59:00, 24.00, 23.46, 23.25, 35.78, 34.50, 0, 0, 4.29
2019/05/26 20:00:00, 24.00, 23.44, 23.22, 35.74, 34.48, 0, 0, 4.29
2019/05/26 20:01:00, 24.00, 23.44, 23.24, 35.71, 34.48, 0, 0, 4.29
2019/05/26 20:02:00, 24.00, 23.46, 23.23, 35.72, 34.47, 0, 0, 4.29
2019/05/26 20:03:00, 24.00, 23.46, 23.23, 35.74, 34.49, 0, 0, 4.29
2019/05/26 20:04:00, 24.00, 23.49, 23.25, 35.73, 34.49, 0, 0, 4.29
2019/05/26 20:05:00, 24.00, 23.46, 23.25, 35.65, 34.45, 0, 0, 4.29
2019/05/26 20:06:00, 24.00, 23.43, 23.24, 35.62, 34.44, 0, 0, 4.29
2019/05/26 20:07:00, 24.00, 23.42, 23.22, 35.73, 34.45, 0, 0, 4.29
2019/05/26 20:08:00, 24.00, 23.43, 23.21, 35.68, 34.45, 0, 0, 4.29
2019/05/26 20:09:00, 24.00, 23.44, 23.23, 35.73, 34.45, 0, 0, 4.29
2019/05/26 20:10:00, 24.00, 23.44, 23.22, 35.71, 34.48, 0, 0, 4.29
2019/05/26 20:11:00, 24.00, 23.42, 23.23, 35.72, 34.47, 0, 0, 4.29
2019/05/26 20:12:00, 24.00, 23.42, 23.23, 35.67, 34.45, 0, 0, 4.29
2019/05/26 20:13:00, 24.00, 23.42, 23.22, 35.67, 34.42, 0, 0, 4.29
2019/05/26 20:14:00, 24.00, 23.43, 23.22, 35.69, 34.44, 0, 0, 4.29
2019/05/26 20:15:00, 24.00, 23.40, 23.23, 35.66, 34.43, 0, 0, 4.29
2019/05/26 20:16:00, 24.00, 23.43, 23.22, 35.71, 34.42, 0, 0, 4.29
2019/05/26 20:17:00, 24.00, 23.42, 23.24, 35.66, 34.41, 0, 0, 4.29
2019/05/26 20:18:00, 24.00, 23.43, 23.24, 35.65, 34.42, 0, 0, 4.29
2019/05/26 20:19:00, 24.00, 23.44, 23.24, 35.66, 34.39, 0, 0, 4.29
2019/05/26 20:20:00, 24.00, 23.44, 23.24, 35.64, 34.37, 0, 0, 4.29
2019/05/26 20:21:00, 24.00, 23.43, 23.23, 35.61, 34.39, 0, 0, 4.29
2019/05/26 20:22:00, 24.00, 23.44, 23.22, 35.70, 34.42, 0, 0, 4.29
2019/05/26 20:23:00, 24.00, 23.42, 23.24, 35.65, 34.39, 0, 0, 4.29
2019/05/26 20:24:00, 24.00, 23.46, 23.27, 35.64, 34.40, 0, 0, 4.29
2019/05/26 20:25:00, 24.00, 23.44, 23.23, 35.64, 34.37, 0, 0, 4.29
2019/05/26 20:26:00, 24.00, 23.44, 23.22, 35.61, 34.36, 0, 0, 4.29
2019/05/26 20:27:00, 24.00, 23.43, 23.22, 35.68, 34.38, 0, 0, 4.29
2019/05/26 20:28:00, 24.00, 23.43, 23.24, 35.60, 34.39, 0, 0, 4.29
2019/05/26 20:29:00, 24.00, 23.43, 23.24, 35.59, 34.33, 0, 0, 4.29
2019/05/26 20:30:00, 24.00, 23.44, 23.22, 35.56, 34.34, 0, 0, 4.29
2019/05/26 20:31:00, 24.00, 23.43, 23.24, 35.62, 34.32, 0, 0, 4.29
2019/05/26 20:32:00, 24.00, 23.42, 23.22, 35.51, 34.34, 0, 0, 4.29
2019/05/26 20:33:00, 24.00, 23.43, 23.21, 35.58, 34.35, 0, 0, 4.29
2019/05/26 20:34:00, 24.00, 23.43, 23.23, 35.55, 34.35, 0, 0, 4.29
2019/05/26 20:35:00, 24.00, 23.43, 23.23, 35.58, 34.32, 0, 0, 4.29
2019/05/26 20:36:00, 24.00, 23.43, 23.19, 35.58, 34.35, 0, 0, 4.29
2019/05/26 20:37:00, 24.00, 23.43, 23.21, 35.61, 34.35, 0, 0, 4.29
2019/05/26 20:38:00, 24.00, 23.42, 23.20, 35.60, 34.34, 0, 0, 4.29
2019/05/26 20:39:00, 24.00, 23.44, 23.22, 35.61, 34.35, 0, 0, 4.29
2019/05/26 20:40:00, 24.00, 23.43, 23.24, 35.54, 34.32, 0, 0, 4.29
2019/05/26 20:41:00, 24.00, 23.42, 23.22, 35.51, 34.27, 0, 0, 4.29
2019/05/26 20:42:00, 24.00, 23.40, 23.22, 35.53, 34.29, 0, 0, 4.29
2019/05/26 20:43:00, 24.00, 23.42, 23.19, 35.59, 34.34, 0, 0, 4.29
2019/05/26 20:44:00, 24.00, 23.42, 23.21, 35.60, 34.36, 0, 0, 4.29
2019/05/26 20:45:00, 24.00, 23.43, 23.20, 35.57, 34.35, 0, 0, 4.29
2019/05/26 20:46:00, 24.00, 23.42, 23.20, 35.59, 34.35, 0, 0, 4.29
2019/05/26 20:47:00, 24.00, 23.43, 23.19, 35.57, 34.35, 0, 0, 4.29
2019/05/26 20:48:00, 24.00, 23.42, 23.22, 35.54, 34.34, 0, 0, 4.29
2019/05/26 20:49:00, 24.00, 23.39, 23.22, 35.55, 34.30, 0, 0, 4.29
2019/05/26 20:50:00, 24.00, 23.42, 23.22, 35.54, 34.29, 0, 0, 4.29
2019/05/26 20:51:00, 24.00, 23.43, 23.24, 35.49, 34.26, 0, 0, 4.29
2019/05/26 20:52:00, 24.00, 23.42, 23.22, 35.52, 34.26, 0, 0, 4.29
2019/05/26 20:53:00, 24.00, 23.40, 23.22, 35.54, 34.27, 0, 0, 4.29
2019/05/26 20:54:00, 24.00, 23.40, 23.22, 35.54, 34.28, 0, 0, 4.29
2019/05/26 20:55:00, 24.00, 23.43, 23.20, 35.50, 34.26, 0, 0, 4.29
2019/05/26 20:56:00, 24.00, 23.42, 23.21, 35.54, 34.27, 0, 0, 4.29
2019/05/26 20:57:00, 24.00, 23.42, 23.21, 35.51, 34.26, 0, 0, 4.29
2019/05/26 20:58:00, 24.00, 23.40, 23.19, 35.51, 34.26, 0, 0, 4.29
2019/05/26 20:59:00, 24.00, 23.40, 23.20, 35.54, 34.29, 0, 0, 4.29
2019/05/26 21:00:00, 24.00, 23.39, 23.19, 35.53, 34.29, 0, 0, 4.29
2019/05/26 21:01:00, 24.00, 23.39, 23.20, 35.52, 34.29, 0, 0, 4.29
2019/05/26 21:02:00, 24.00, 23.39, 23.21, 35.54, 34.31, 0, 0, 4.29
2019/05/26 21:03:00, 24.00, 23.40, 23.19, 35.51, 34.29, 0, 0, 4.29
2019/05/26 21:04:00, 24.00, 23.37, 23.18, 35.51, 34.28, 0, 0, 4.29
2019/05/26 21:05:00, 24.00, 23.37, 23.18, 35.57, 34.31, 0, 0, 4.29
2019/05/26 21:06:00, 24.00, 23.36, 23.17, 35.54, 34.32, 0, 0, 4.29
2019/05/26 21:07:00, 24.00, 23.40, 23.18, 35.55, 34.31, 0, 0, 4.29
2019/05/26 21:08:00, 24.00, 23.40, 23.20, 35.54, 34.29, 0, 0, 4.29
2019/05/26 21:09:00, 24.00, 23.39, 23.20, 35.52, 34.27, 0, 0, 4.29
2019/05/26 21:10:00, 24.00, 23.40, 23.19, 35.49, 34.23, 0, 0, 4.29
2019/05/26 21:11:00, 24.00, 23.39, 23.20, 35.50, 34.22, 0, 0, 4.29
2019/05/26 21:12:00, 24.00, 23.40, 23.21, 35.48, 34.23, 0, 0, 4.29
2019/05/26 21:13:00, 24.00, 23.42, 23.18, 35.49, 34.24, 0, 0, 4.29
2019/05/26 21:14:00, 24.00, 23.40, 23.19, 35.48, 34.24, 0, 0, 4.29
2019/05/26 21:15:00, 24.00, 23.40, 23.19, 35.47, 34.22, 0, 0, 4.29
2019/05/26 21:16:00, 24.00, 23.39, 23.18, 35.45, 34.21, 0, 0, 4.29
2019/05/26 21:17:00, 24.00, 23.39, 23.17, 35.46, 34.19, 0, 0, 4.29
2019/05/26 21:18:00, 24.00, 23.40, 23.18, 35.43, 34.19, 0, 0, 4.29
2019/05/26 21:19:00, 24.00, 23.36, 23.17, 35.50, 34.25, 0, 0, 4.29
2019/05/26 21:20:00, 24.00, 23.40, 23.20, 35.54, 34.27, 0, 0, 4.29
2019/05/26 21:21:00, 24.00, 23.39, 23.17, 35.46, 34.21, 0, 0, 4.29
2019/05/26 21:22:00, 24.00, 23.39, 23.21, 35.41, 34.19, 0, 0, 4.29
2019/05/26 21:23:00, 24.00, 23.37, 23.18, 35.43, 34.16, 0, 0, 4.29
2019/05/26 21:24:00, 24.00, 23.39, 23.19, 35.44, 34.17, 0, 0, 4.29
2019/05/26 21:25:00, 24.00, 23.40, 23.19, 35.43, 34.19, 0, 0, 4.29
2019/05/26 21:26:00, 24.00, 23.37, 23.19, 35.41, 34.17, 0, 0, 4.29
2019/05/26 21:27:00, 24.00, 23.36, 23.16, 35.39, 34.16, 0, 0, 4.29
2019/05/26 21:28:00, 24.00, 23.37, 23.16, 35.44, 34.19, 0, 0, 4.29
2019/05/26 21:29:00, 24.00, 23.39, 23.18, 35.44, 34.21, 0, 0, 4.29
2019/05/26 21:30:00, 24.00, 23.36, 23.18, 35.43, 34.19, 0, 0, 4.29
2019/05/26 21:31:00, 24.00, 23.35, 23.17, 35.43, 34.16, 0, 0, 4.29
2019/05/26 21:32:00, 24.00, 23.35, 23.17, 35.42, 34.16, 0, 0, 4.29
2019/05/26 21:33:00, 24.00, 23.36, 23.17, 35.41, 34.17, 0, 0, 4.29
2019/05/26 21:34:00, 24.00, 23.33, 23.15, 35.42, 34.18, 0, 0, 4.29
2019/05/26 21:35:00, 24.00, 23.36, 23.14, 35.42, 34.16, 0, 0, 4.29
2019/05/26 21:36:00, 24.00, 23.36, 23.16, 35.44, 34.18, 0, 0, 4.29
2019/05/26 21:37:00, 24.00, 23.36, 23.15, 35.39, 34.16, 0, 0, 4.29
2019/05/26 21:38:00, 24.00, 23.37, 23.16, 35.43, 34.19, 0, 0, 4.29
2019/05/26 21:39:00, 24.00, 23.36, 23.16, 35.40, 34.18, 0, 0, 4.29
2019/05/26 21:40:00, 24.00, 23.35, 23.16, 35.42, 34.16, 0, 0, 4.29
2019/05/26 21:41:00, 24.00, 23.35, 23.13, 35.36, 34.13, 0, 0, 4.29
2019/05/26 21:42:00, 24.00, 23.32, 23.14, 35.42, 34.16, 0, 0, 4.29
2019/05/26 21:43:00, 24.00, 23.35, 23.14, 35.41, 34.16, 0, 0, 4.29
2019/05/26 21:44:00, 24.00, 23.36, 23.16, 35.40, 34.16, 0, 0, 4.29
2019/05/26 21:45:00, 24.00, 23.35, 23.15, 35.39, 34.12, 0, 0, 4.29
2019/05/26 21:46:00, 24.00, 23.32, 23.15, 35.39, 34.14, 0, 0, 4.29
2019/05/26 21:47:00, 24.00, 23.36, 23.16, 35.33, 34.12, 0, 0, 4.29
2019/05/26 21:48:00, 24.00, 23.37, 23.17, 35.30, 34.08, 0, 0, 4.29
2019/05/26 21:49:00, 24.00, 23.35, 23.16, 35.35, 34.09, 0, 0, 4.29
2019/05/26 21:50:00, 24.00, 23.37, 23.17, 35.34, 34.06, 0, 0, 4.29
2019/05/26 21:51:00, 24.00, 23.36, 23.16, 35.28, 34.09, 0, 0, 4.29
2019/05/26 21:52:00, 24.00, 23.33, 23.14, 35.32, 34.06, 0, 0, 4.29
2019/05/26 21:53:00, 24.00, 23.32, 23.16, 35.33, 34.10, 0, 0, 4.29
2019/05/26 21:54:00, 24.00, 23.35, 23.16, 35.30, 34.09, 0, 0, 4.29
2019/05/26 21:55:00, 24.00, 23.36, 23.14, 35.31, 34.05, 0, 0, 4.29
2019/05/26 21:56:00, 24.00, 23.35, 23.16, 35.31, 34.07, 0, 0, 4.29
2019/05/26 21:57:00, 24.00, 23.39, 23.17, 35.31, 34.04, 0, 0, 4.29
2019/05/26 21:58:00, 24.00, 23.37, 23.16, 35.28, 34.06, 0, 0, 4.29
2019/05/26 21:59:00, 24.00, 23.36, 23.15, 35.35, 34.04, 0, 0, 4.29
2019/05/26 22:00:00, 24.00, 23.36, 23.16, 35.27, 34.02, 0, 0, 4.29
2019/05/26 22:01:00, 24.00, 23.35, 23.14, 35.32, 34.03, 0, 0, 4.29
2019/05/26 22:02:00, 24.00, 23.35, 23.16, 35.31, 34.05, 0, 0, 4.29
2019/05/26 22:03:00, 23.75, 23.36, 23.15, 35.26, 34.06, 0, 0, 4.29
2019/05/26 22:04:00, 24.00, 23.35, 23.13, 35.30, 34.03, 0, 0, 4.29
2019/05/26 22:05:00, 23.75, 23.33, 23.14, 35.28, 34.07, 0, 0, 4.29
2019/05/26 22:06:00, 23.75, 23.35, 23.12, 35.33, 34.06, 0, 0, 4.29
2019/05/26 22:07:00, 24.00, 23.33, 23.13, 35.33, 34.06, 0, 0, 4.29
2019/05/26 22:08:00, 23.75, 23.35, 23.15, 35.28, 34.04, 0, 0, 4.29
2019/05/26 22:09:00, 24.00, 23.33, 23.13, 35.31, 34.06, 0, 0, 4.29
2019/05/26 22:10:00, 23.75, 23.32, 23.13, 35.31, 34.05, 0, 0, 4.29
2019/05/26 22:11:00, 24.00, 23.33, 23.14, 35.24, 34.06, 0, 0, 4.29
2019/05/26 22:12:00, 23.75, 23.33, 23.14, 35.28, 34.03, 0, 0, 4.29
2019/05/26 22:13:00, 23.75, 23.33, 23.16, 35.28, 34.05, 0, 0, 4.29
2019/05/26 22:14:00, 23.75, 23.36, 23.16, 35.27, 34.03, 0, 0, 4.29
2019/05/26 22:15:00, 23.75, 23.33, 23.14, 35.26, 34.01, 0, 0, 4.29
2019/05/26 22:16:00, 24.00, 23.36, 23.17, 35.27, 34.00, 0, 0, 4.29
2019/05/26 22:17:00, 24.00, 23.37, 23.14, 35.25, 33.99, 0, 0, 4.29
2019/05/26 22:18:00, 23.75, 23.35, 23.15, 35.21, 33.98, 0, 0, 4.29
2019/05/26 22:19:00, 23.75, 23.33, 23.15, 35.25, 33.98, 0, 0, 4.29
2019/05/26 22:20:00, 23.75, 23.33, 23.12, 35.25, 34.02, 0, 0, 4.29
2019/05/26 22:21:00, 23.75, 23.33, 23.15, 35.25, 34.00, 0, 0, 4.29
2019/05/26 22:22:00, 24.00, 23.32, 23.13, 35.24, 34.01, 0, 0, 4.29
2019/05/26 22:23:00, 23.75, 23.33, 23.10, 35.24, 34.00, 0, 0, 4.29
2019/05/26 22:24:00, 23.75, 23.32, 23.12, 35.27, 34.02, 0, 0, 4.29
2019/05/26 22:25:00, 23.75, 23.33, 23.13, 35.27, 34.02, 0, 0, 4.29
2019/05/26 22:26:00, 23.75, 23.33, 23.14, 35.29, 34.01, 0, 0, 4.29
2019/05/26 22:27:00, 23.75, 23.33, 23.13, 35.24, 33.99, 0, 0, 4.29
2019/05/26 22:28:00, 23.75, 23.33, 23.13, 35.22, 33.97, 0, 0, 4.29
2019/05/26 22:29:00, 23.75, 23.32, 23.13, 35.27, 33.98, 0, 0, 4.29
2019/05/26 22:30:00, 23.75, 23.35, 23.13, 35.20, 33.97, 0, 0, 4.29
2019/05/26 22:31:00, 23.75, 23.33, 23.13, 35.25, 33.96, 0, 0, 4.29
2019/05/26 22:32:00, 23.75, 23.33, 23.13, 35.25, 33.98, 0, 0, 4.29
2019/05/26 22:33:00, 23.75, 23.33, 23.13, 35.20, 33.98, 0, 0, 4.29
2019/05/26 22:34:00, 23.75, 23.33, 23.13, 35.20, 33.99, 0, 0, 4.29
2019/05/26 22:35:00, 23.75, 23.30, 23.09, 35.20, 33.99, 0, 0, 4.29
2019/05/26 22:36:00, 23.75, 23.29, 23.07, 35.29, 34.03, 0, 0, 4.29
2019/05/26 22:37:00, 23.75, 23.30, 23.08, 35.27, 34.03, 0, 0, 4.29
2019/05/26 22:38:00, 23.75, 23.30, 23.08, 35.28, 34.03, 0, 0, 4.29
2019/05/26 22:39:00, 23.75, 23.30, 23.08, 35.26, 34.01, 0, 0, 4.29
2019/05/26 22:40:00, 23.75, 23.29, 23.07, 35.26, 34.03, 0, 0, 4.29
2019/05/26 22:41:00, 23.75, 23.29, 23.08, 35.28, 34.03, 0, 0, 4.29
2019/05/26 22:42:00, 23.75, 23.28, 23.07, 35.29, 34.06, 0, 0, 4.29
2019/05/26 22:43:00, 23.75, 23.29, 23.06, 35.25, 34.04, 0, 0, 4.29
2019/05/26 22:44:00, 23.75, 23.26, 23.07, 35.26, 34.03, 0, 0, 4.29
2019/05/26 22:45:00, 23.75, 23.26, 23.06, 35.29, 34.05, 0, 0, 4.29
2019/05/26 22:46:00, 23.75, 23.25, 23.06, 35.23, 34.00, 0, 0, 4.29
2019/05/26 22:47:00, 23.75, 23.25, 23.05, 35.24, 34.02, 0, 0, 4.29
2019/05/26 22:48:00, 23.75, 23.25, 23.05, 35.34, 34.07, 0, 0, 4.29
2019/05/26 22:49:00, 23.75, 23.26, 23.04, 35.35, 34.10, 0, 0, 4.29
2019/05/26 22:50:00, 23.75, 23.25, 23.04, 35.33, 34.08, 0, 0, 4.29
2019/05/26 22:51:00, 23.75, 23.21, 23.02, 35.30, 34.06, 0, 0, 4.29
2019/05/26 22:52:00, 23.75, 23.25, 23.02, 35.38, 34.12, 0, 0, 4.29
2019/05/26 22:53:00, 23.75, 23.24, 23.04, 35.41, 34.11, 0, 0, 4.29
2019/05/26 22:54:00, 23.75, 23.25, 23.05, 35.34, 34.10, 0, 0, 4.29
2019/05/26 22:55:00, 23.75, 23.24, 23.04, 35.31, 34.07, 0, 0, 4.29
2019/05/26 22:56:00, 23.75, 23.22, 23.02, 35.34, 34.10, 0, 0, 4.29
2019/05/26 22:57:00, 23.75, 23.25, 23.05, 35.31, 34.08, 0, 0, 4.29
2019/05/26 22:58:00, 23.75, 23.26, 23.02, 35.31, 34.09, 0, 0, 4.29
2019/05/26 22:59:00, 23.75, 23.24, 23.05, 35.27, 34.01, 0, 0, 4.29
2019/05/26 23:00:00, 23.75, 23.24, 23.05, 35.32, 34.03, 0, 0, 4.29
2019/05/26 23:01:00, 23.75, 23.25, 23.04, 35.28, 34.06, 0, 0, 4.29
2019/05/26 23:02:00, 23.75, 23.26, 23.03, 35.31, 34.06, 0, 0, 4.29
2019/05/26 23:03:00, 23.75, 23.25, 23.03, 35.31, 34.08, 0, 0, 4.29
2019/05/26 23:04:00, 23.75, 23.22, 23.03, 35.35, 34.08, 0, 0, 4.29
2019/05/26 23:05:00, 23.75, 23.25, 23.03, 35.35, 34.10, 0, 0, 4.29
2019/05/26 23:06:00, 23.75, 23.26, 23.04, 35.30, 34.08, 0, 0, 4.29
2019/05/26 23:07:00, 23.75, 23.25, 23.05, 35.31, 34.06, 0, 0, 4.29
2019/05/26 23:08:00, 23.75, 23.25, 23.05, 35.24, 34.03, 0, 0, 4.29
2019/05/26 23:09:00, 23.75, 23.26, 23.05, 35.25, 34.01, 0, 0, 4.29
2019/05/26 23:10:00, 23.75, 23.28, 23.09, 35.29, 34.00, 0, 0, 4.29
2019/05/26 23:11:00, 23.75, 23.26, 23.04, 35.24, 34.00, 0, 0, 4.29
2019/05/26 23:12:00, 23.75, 23.25, 23.07, 35.26, 34.01, 0, 0, 4.29
2019/05/26 23:13:00, 23.75, 23.28, 23.06, 35.23, 34.00, 0, 0, 4.29
2019/05/26 23:14:00, 23.75, 23.25, 23.06, 35.22, 33.97, 0, 0, 4.29
2019/05/26 23:15:00, 23.75, 23.26, 23.05, 35.21, 33.97, 0, 0, 4.29
2019/05/26 23:16:00, 23.75, 23.29, 23.07, 35.28, 34.00, 0, 0, 4.29
2019/05/26 23:17:00, 23.75, 23.25, 23.05, 35.23, 34.00, 0, 0, 4.29
2019/05/26 23:18:00, 23.75, 23.25, 23.07, 35.21, 34.00, 0, 0, 4.29
2019/05/26 23:19:00, 23.75, 23.28, 23.07, 35.24, 34.00, 0, 0, 4.29
2019/05/26 23:20:00, 23.75, 23.25, 23.05, 35.21, 34.00, 0, 0, 4.29
2019/05/26 23:21:00, 23.75, 23.28, 23.06, 35.23, 34.00, 0, 0, 4.29
2019/05/26 23:22:00, 23.75, 23.26, 23.05, 35.23, 33.98, 0, 0, 4.29
2019/05/26 23:23:00, 23.75, 23.28, 23.07, 35.22, 34.00, 0, 0, 4.29
2019/05/26 23:24:00, 23.75, 23.26, 23.06, 35.23, 33.96, 0, 0, 4.29
2019/05/26 23:25:00, 23.75, 23.26, 23.07, 35.18, 33.95, 0, 0, 4.29
2019/05/26 23:26:00, 23.75, 23.28, 23.04, 35.19, 33.94, 0, 0, 4.29
2019/05/26 23:27:00, 23.75, 23.26, 23.03, 35.26, 33.97, 0, 0, 4.29
2019/05/26 23:28:00, 23.75, 23.25, 23.05, 35.19, 33.97, 0, 0, 4.29
2019/05/26 23:29:00, 23.75, 23.28, 23.05, 35.18, 33.96, 0, 0, 4.29
2019/05/26 23:30:00, 23.75, 23.26, 23.05, 35.19, 33.96, 0, 0, 4.29
2019/05/26 23:31:00, 23.75, 23.24, 23.03, 35.23, 33.96, 0, 0, 4.29
2019/05/26 23:32:00, 23.75, 23.25, 23.06, 35.26, 33.97, 0, 0, 4.29
2019/05/26 23:33:00, 23.75, 23.25, 23.06, 35.22, 33.96, 0, 0, 4.29
2019/05/26 23:34:00, 23.75, 23.26, 23.05, 35.18, 33.96, 0, 0, 4.29
2019/05/26 23:35:00, 23.75, 23.25, 23.04, 35.21, 33.97, 0, 0, 4.29
2019/05/26 23:36:00, 23.75, 23.24, 23.02, 35.21, 34.00, 0, 0, 4.29
2019/05/26 23:37:00, 23.75, 23.25, 23.05, 35.21, 33.96, 0, 0, 4.29
2019/05/26 23:38:00, 23.75, 23.28, 23.05, 35.24, 33.93, 0, 0, 4.29
2019/05/26 23:39:00, 23.75, 23.25, 23.07, 35.22, 33.95, 0, 0, 4.29
2019/05/26 23:40:00, 23.75, 23.25, 23.04, 35.23, 33.95, 0, 0, 4.29
2019/05/26 23:41:00, 23.75, 23.25, 23.07, 35.17, 33.97, 0, 0, 4.29
2019/05/26 23:42:00, 23.75, 23.28, 23.06, 35.17, 33.92, 0, 0, 4.29
2019/05/26 23:43:00, 23.75, 23.26, 23.05, 35.17, 33.94, 0, 0, 4.29
2019/05/26 23:44:00, 23.75, 23.26, 23.06, 35.19, 33.94, 0, 0, 4.29
2019/05/26 23:45:00, 23.75, 23.24, 23.03, 35.18, 33.95, 0, 0, 4.29
2019/05/26 23:46:00, 23.75, 23.25, 23.04, 35.19, 33.94, 0, 0, 4.29
2019/05/26 23:47:00, 23.75, 23.26, 23.03, 35.18, 33.94, 0, 0, 4.29
