Data logger for tempereture and humidity.
Code, design, and soldering by Antti Mikkonen, a.mikkonen@iki.fi, 2019.
Based on open source projects and libraries. See source for details.
/home/ami/src/arduino/promini/logger_v8_ada/logger_v8_ada.ino
UTC time (year/month/date hour:minute:second), T RTC (C), T sht31 (C), T si7021 (C), RH sht31 (-), RH si7021 (-), heaterOn sht31 (bool),  heaterOn si7021 (bool), battery voltage (V)
2019/07/20 00:08:00, 23.75, 23.43, 23.25, 37.71, 37.74, 0, 0, 4.15
2019/07/20 00:09:00, 23.75, 23.44, 23.22, 37.75, 37.76, 0, 0, 4.15
2019/07/20 00:10:00, 23.75, 23.42, 23.23, 37.79, 37.79, 0, 0, 4.15
2019/07/20 00:11:00, 23.75, 23.44, 23.23, 37.82, 37.79, 0, 0, 4.15
2019/07/20 00:12:00, 23.75, 23.44, 23.21, 37.81, 37.81, 0, 0, 4.15
2019/07/20 00:13:00, 23.75, 23.44, 23.22, 37.78, 37.83, 0, 0, 4.15
2019/07/20 00:14:00, 23.75, 23.42, 23.22, 37.90, 37.85, 0, 0, 4.15
2019/07/20 00:15:00, 23.75, 23.42, 23.23, 37.86, 37.89, 0, 0, 4.15
2019/07/20 00:16:00, 23.75, 23.43, 23.22, 37.89, 37.89, 0, 0, 4.15
2019/07/20 00:17:00, 23.75, 23.43, 23.23, 37.94, 37.91, 0, 0, 4.15
2019/07/20 00:18:00, 23.75, 23.42, 23.22, 37.94, 37.93, 0, 0, 4.15
2019/07/20 00:19:00, 23.75, 23.43, 23.21, 37.90, 37.93, 0, 0, 4.15
2019/07/20 00:20:00, 23.75, 23.40, 23.21, 37.92, 37.95, 0, 0, 4.15
2019/07/20 00:21:00, 23.75, 23.42, 23.20, 37.94, 37.97, 0, 0, 4.15
2019/07/20 00:22:00, 23.75, 23.43, 23.20, 37.99, 37.99, 0, 0, 4.15
2019/07/20 00:23:00, 23.75, 23.42, 23.20, 37.98, 37.99, 0, 0, 4.15
2019/07/20 00:24:00, 23.75, 23.39, 23.22, 38.02, 37.99, 0, 0, 4.15
2019/07/20 00:25:00, 23.75, 23.40, 23.20, 38.02, 38.02, 0, 0, 4.15
2019/07/20 00:26:00, 23.75, 23.37, 23.21, 38.06, 38.03, 0, 0, 4.15
2019/07/20 00:27:00, 23.75, 23.42, 23.18, 38.02, 38.05, 0, 0, 4.15
2019/07/20 00:28:00, 23.75, 23.42, 23.20, 38.08, 38.08, 0, 0, 4.15
2019/07/20 00:29:00, 23.75, 23.39, 23.18, 38.10, 38.09, 0, 0, 4.15
2019/07/20 00:30:00, 23.75, 23.40, 23.18, 38.07, 38.10, 0, 0, 4.15
2019/07/20 00:31:00, 23.75, 23.40, 23.18, 38.11, 38.12, 0, 0, 4.15
2019/07/20 00:32:00, 23.75, 23.39, 23.18, 38.11, 38.12, 0, 0, 4.15
2019/07/20 00:33:00, 23.75, 23.39, 23.18, 38.13, 38.12, 0, 0, 4.15
2019/07/20 00:34:00, 23.75, 23.37, 23.20, 38.16, 38.14, 0, 0, 4.15
2019/07/20 00:35:00, 23.75, 23.39, 23.19, 38.15, 38.16, 0, 0, 4.15
2019/07/20 00:36:00, 23.75, 23.39, 23.17, 38.12, 38.19, 0, 0, 4.15
2019/07/20 00:37:00, 23.75, 23.37, 23.18, 38.21, 38.19, 0, 0, 4.15
2019/07/20 00:38:00, 23.75, 23.39, 23.19, 38.18, 38.19, 0, 0, 4.15
2019/07/20 00:39:00, 23.75, 23.39, 23.19, 38.15, 38.18, 0, 0, 4.15
2019/07/20 00:40:00, 23.75, 23.37, 23.18, 38.14, 38.18, 0, 0, 4.15
2019/07/20 00:41:00, 23.75, 23.39, 23.16, 38.19, 38.18, 0, 0, 4.15
2019/07/20 00:42:00, 23.75, 23.37, 23.16, 38.20, 38.19, 0, 0, 4.15
2019/07/20 00:43:00, 23.75, 23.37, 23.18, 38.28, 38.25, 0, 0, 4.15
2019/07/20 00:44:00, 23.75, 23.37, 23.17, 38.23, 38.25, 0, 0, 4.15
2019/07/20 00:45:00, 23.75, 23.37, 23.16, 38.28, 38.25, 0, 0, 4.15
2019/07/20 00:46:00, 23.75, 23.36, 23.16, 38.27, 38.25, 0, 0, 4.15
2019/07/20 00:47:00, 23.75, 23.37, 23.16, 38.26, 38.28, 0, 0, 4.15
2019/07/20 00:48:00, 23.75, 23.36, 23.16, 38.27, 38.28, 0, 0, 4.15
2019/07/20 00:49:00, 23.75, 23.35, 23.16, 38.28, 38.30, 0, 0, 4.15
2019/07/20 00:50:00, 23.75, 23.36, 23.17, 38.28, 38.27, 0, 0, 4.15
2019/07/20 00:51:00, 23.75, 23.35, 23.15, 38.27, 38.29, 0, 0, 4.15
2019/07/20 00:52:00, 23.75, 23.37, 23.15, 38.30, 38.28, 0, 0, 4.15
2019/07/20 00:53:00, 23.75, 23.37, 23.16, 38.30, 38.31, 0, 0, 4.15
2019/07/20 00:54:00, 23.75, 23.35, 23.14, 38.28, 38.31, 0, 0, 4.15
2019/07/20 00:55:00, 23.75, 23.36, 23.15, 38.29, 38.31, 0, 0, 4.15
2019/07/20 00:56:00, 23.75, 23.35, 23.15, 38.29, 38.31, 0, 0, 4.15
2019/07/20 00:57:00, 23.75, 23.33, 23.16, 38.33, 38.32, 0, 0, 4.15
2019/07/20 00:58:00, 23.75, 23.37, 23.15, 38.32, 38.33, 0, 0, 4.15
2019/07/20 00:59:00, 23.75, 23.36, 23.15, 38.30, 38.31, 0, 0, 4.15
2019/07/20 01:00:00, 23.75, 23.33, 23.13, 38.35, 38.33, 0, 0, 4.15
2019/07/20 01:01:00, 23.75, 23.35, 23.13, 38.33, 38.35, 0, 0, 4.15
2019/07/20 01:02:00, 23.75, 23.33, 23.13, 38.35, 38.38, 0, 0, 4.15
2019/07/20 01:03:00, 23.75, 23.33, 23.13, 38.35, 38.35, 0, 0, 4.15
2019/07/20 01:04:00, 23.75, 23.35, 23.13, 38.39, 38.38, 0, 0, 4.15
2019/07/20 01:05:00, 23.75, 23.32, 23.10, 38.39, 38.38, 0, 0, 4.15
2019/07/20 01:06:00, 23.75, 23.33, 23.09, 38.41, 38.38, 0, 0, 4.15
2019/07/20 01:07:00, 23.75, 23.32, 23.10, 38.46, 38.41, 0, 0, 4.15
2019/07/20 01:08:00, 23.75, 23.32, 23.12, 38.43, 38.42, 0, 0, 4.15
2019/07/20 01:09:00, 23.75, 23.30, 23.13, 38.44, 38.42, 0, 0, 4.15
2019/07/20 01:10:00, 23.75, 23.33, 23.10, 38.41, 38.41, 0, 0, 4.15
2019/07/20 01:11:00, 23.75, 23.33, 23.12, 38.41, 38.42, 0, 0, 4.15
2019/07/20 01:12:00, 23.75, 23.30, 23.09, 38.44, 38.43, 0, 0, 4.15
2019/07/20 01:13:00, 23.75, 23.30, 23.09, 38.44, 38.43, 0, 0, 4.15
2019/07/20 01:14:00, 23.75, 23.32, 23.09, 38.41, 38.41, 0, 0, 4.15
2019/07/20 01:15:00, 23.75, 23.30, 23.10, 38.46, 38.44, 0, 0, 4.15
2019/07/20 01:16:00, 23.75, 23.32, 23.09, 38.42, 38.46, 0, 0, 4.15
2019/07/20 01:17:00, 23.75, 23.30, 23.08, 38.47, 38.46, 0, 0, 4.14
2019/07/20 01:18:00, 23.75, 23.29, 23.09, 38.46, 38.47, 0, 0, 4.15
2019/07/20 01:19:00, 23.75, 23.28, 23.10, 38.48, 38.44, 0, 0, 4.15
2019/07/20 01:20:00, 23.75, 23.28, 23.08, 38.48, 38.50, 0, 0, 4.15
2019/07/20 01:21:00, 23.75, 23.30, 23.09, 38.47, 38.48, 0, 0, 4.14
2019/07/20 01:22:00, 23.75, 23.28, 23.09, 38.46, 38.48, 0, 0, 4.15
2019/07/20 01:23:00, 23.75, 23.29, 23.08, 38.48, 38.47, 0, 0, 4.15
2019/07/20 01:24:00, 23.75, 23.29, 23.08, 38.52, 38.47, 0, 0, 4.15
2019/07/20 01:25:00, 23.75, 23.30, 23.08, 38.51, 38.50, 0, 0, 4.14
2019/07/20 01:26:00, 23.75, 23.30, 23.08, 38.50, 38.48, 0, 0, 4.15
2019/07/20 01:27:00, 23.75, 23.29, 23.08, 38.43, 38.50, 0, 0, 4.15
2019/07/20 01:28:00, 23.75, 23.28, 23.06, 38.47, 38.47, 0, 0, 4.15
2019/07/20 01:29:00, 23.75, 23.28, 23.08, 38.53, 38.47, 0, 0, 4.15
2019/07/20 01:30:00, 23.75, 23.28, 23.07, 38.55, 38.52, 0, 0, 4.15
2019/07/20 01:31:00, 23.75, 23.26, 23.04, 38.53, 38.54, 0, 0, 4.15
2019/07/20 01:32:00, 23.75, 23.28, 23.07, 38.56, 38.54, 0, 0, 4.15
2019/07/20 01:33:00, 23.75, 23.28, 23.08, 38.56, 38.54, 0, 0, 4.15
2019/07/20 01:34:00, 23.75, 23.25, 23.05, 38.57, 38.52, 0, 0, 4.15
2019/07/20 01:35:00, 23.75, 23.25, 23.05, 38.51, 38.55, 0, 0, 4.15
2019/07/20 01:36:00, 23.75, 23.26, 23.06, 38.56, 38.55, 0, 0, 4.15
2019/07/20 01:37:00, 23.50, 23.25, 23.04, 38.55, 38.54, 0, 0, 4.15
2019/07/20 01:38:00, 23.50, 23.25, 23.03, 38.56, 38.55, 0, 0, 4.15
2019/07/20 01:39:00, 23.50, 23.25, 23.05, 38.55, 38.56, 0, 0, 4.15
2019/07/20 01:40:00, 23.50, 23.28, 23.01, 38.56, 38.57, 0, 0, 4.15
2019/07/20 01:41:00, 23.50, 23.29, 23.05, 38.52, 38.53, 0, 0, 4.15
2019/07/20 01:42:00, 23.50, 23.24, 23.03, 38.56, 38.55, 0, 0, 4.15
2019/07/20 01:43:00, 23.50, 23.26, 23.03, 38.55, 38.53, 0, 0, 4.15
2019/07/20 01:44:00, 23.50, 23.24, 23.03, 38.55, 38.54, 0, 0, 4.15
2019/07/20 01:45:00, 23.50, 23.24, 23.04, 38.53, 38.54, 0, 0, 4.15
2019/07/20 01:46:00, 23.50, 23.25, 23.03, 38.56, 38.55, 0, 0, 4.15
2019/07/20 01:47:00, 23.50, 23.25, 23.04, 38.56, 38.54, 0, 0, 4.15
2019/07/20 01:48:00, 23.50, 23.22, 23.03, 38.56, 38.56, 0, 0, 4.15
2019/07/20 01:49:00, 23.50, 23.26, 23.02, 38.60, 38.57, 0, 0, 4.15
2019/07/20 01:50:00, 23.50, 23.24, 23.03, 38.60, 38.59, 0, 0, 4.15
2019/07/20 01:51:00, 23.50, 23.24, 23.02, 38.60, 38.60, 0, 0, 4.15
2019/07/20 01:52:00, 23.50, 23.22, 23.03, 38.62, 38.60, 0, 0, 4.15
2019/07/20 01:53:00, 23.50, 23.22, 23.04, 38.62, 38.60, 0, 0, 4.15
2019/07/20 01:54:00, 23.50, 23.25, 23.03, 38.60, 38.60, 0, 0, 4.15
2019/07/20 01:55:00, 23.50, 23.24, 23.02, 38.65, 38.60, 0, 0, 4.15
2019/07/20 01:56:00, 23.50, 23.22, 23.02, 38.63, 38.60, 0, 0, 4.14
2019/07/20 01:57:00, 23.50, 23.25, 23.00, 38.61, 38.63, 0, 0, 4.15
2019/07/20 01:58:00, 23.50, 23.22, 23.01, 38.61, 38.63, 0, 0, 4.15
2019/07/20 01:59:00, 23.50, 23.24, 23.02, 38.61, 38.63, 0, 0, 4.15
2019/07/20 02:00:00, 23.50, 23.21, 23.01, 38.64, 38.62, 0, 0, 4.15
2019/07/20 02:01:00, 23.50, 23.21, 23.01, 38.60, 38.63, 0, 0, 4.15
2019/07/20 02:02:00, 23.50, 23.24, 23.01, 38.62, 38.62, 0, 0, 4.15
2019/07/20 02:03:00, 23.50, 23.21, 22.98, 38.62, 38.63, 0, 0, 4.15
2019/07/20 02:04:00, 23.50, 23.22, 22.99, 38.63, 38.59, 0, 0, 4.15
2019/07/20 02:05:00, 23.50, 23.21, 23.00, 38.63, 38.63, 0, 0, 4.14
2019/07/20 02:06:00, 23.50, 23.21, 23.00, 38.66, 38.64, 0, 0, 4.15
2019/07/20 02:07:00, 23.50, 23.21, 23.00, 38.65, 38.64, 0, 0, 4.15
2019/07/20 02:08:00, 23.50, 23.24, 23.00, 38.66, 38.63, 0, 0, 4.15
2019/07/20 02:09:00, 23.50, 23.22, 22.98, 38.67, 38.63, 0, 0, 4.15
2019/07/20 02:10:00, 23.50, 23.21, 23.00, 38.60, 38.63, 0, 0, 4.15
2019/07/20 02:11:00, 23.50, 23.21, 23.00, 38.66, 38.65, 0, 0, 4.15
2019/07/20 02:12:00, 23.50, 23.19, 22.99, 38.62, 38.64, 0, 0, 4.15
2019/07/20 02:13:00, 23.50, 23.21, 22.98, 38.61, 38.63, 0, 0, 4.15
2019/07/20 02:14:00, 23.50, 23.19, 22.98, 38.66, 38.63, 0, 0, 4.15
2019/07/20 02:15:00, 23.50, 23.21, 22.98, 38.59, 38.63, 0, 0, 4.15
2019/07/20 02:16:00, 23.50, 23.19, 22.98, 38.67, 38.63, 0, 0, 4.15
2019/07/20 02:17:00, 23.50, 23.16, 22.97, 38.68, 38.65, 0, 0, 4.15
2019/07/20 02:18:00, 23.50, 23.19, 22.97, 38.66, 38.65, 0, 0, 4.15
2019/07/20 02:19:00, 23.50, 23.16, 22.98, 38.68, 38.67, 0, 0, 4.15
2019/07/20 02:20:00, 23.50, 23.21, 22.99, 38.67, 38.66, 0, 0, 4.15
2019/07/20 02:21:00, 23.50, 23.18, 22.95, 38.65, 38.67, 0, 0, 4.15
2019/07/20 02:22:00, 23.50, 23.18, 22.97, 38.66, 38.65, 0, 0, 4.15
2019/07/20 02:23:00, 23.50, 23.16, 22.97, 38.66, 38.66, 0, 0, 4.15
2019/07/20 02:24:00, 23.50, 23.18, 22.95, 38.66, 38.66, 0, 0, 4.15
2019/07/20 02:25:00, 23.50, 23.15, 22.93, 38.67, 38.67, 0, 0, 4.15
2019/07/20 02:26:00, 23.50, 23.15, 22.97, 38.67, 38.65, 0, 0, 4.14
2019/07/20 02:27:00, 23.50, 23.18, 22.94, 38.68, 38.67, 0, 0, 4.15
2019/07/20 02:28:00, 23.50, 23.18, 22.97, 38.69, 38.67, 0, 0, 4.15
2019/07/20 02:29:00, 23.50, 23.16, 22.95, 38.68, 38.69, 0, 0, 4.15
2019/07/20 02:30:00, 23.50, 23.18, 22.93, 38.74, 38.68, 0, 0, 4.15
2019/07/20 02:31:00, 23.50, 23.18, 22.95, 38.71, 38.70, 0, 0, 4.15
2019/07/20 02:32:00, 23.50, 23.15, 22.94, 38.76, 38.72, 0, 0, 4.15
2019/07/20 02:33:00, 23.50, 23.15, 22.95, 38.71, 38.72, 0, 0, 4.15
2019/07/20 02:34:00, 23.50, 23.16, 22.93, 38.67, 38.71, 0, 0, 4.14
2019/07/20 02:35:00, 23.50, 23.15, 22.94, 38.72, 38.71, 0, 0, 4.15
2019/07/20 02:36:00, 23.50, 23.14, 22.93, 38.71, 38.71, 0, 0, 4.15
2019/07/20 02:37:00, 23.50, 23.15, 22.94, 38.72, 38.70, 0, 0, 4.15
2019/07/20 02:38:00, 23.50, 23.15, 22.93, 38.73, 38.71, 0, 0, 4.15
2019/07/20 02:39:00, 23.50, 23.16, 22.92, 38.71, 38.70, 0, 0, 4.15
2019/07/20 02:40:00, 23.50, 23.15, 22.92, 38.71, 38.71, 0, 0, 4.15
2019/07/20 02:41:00, 23.50, 23.14, 22.92, 38.71, 38.70, 0, 0, 4.15
2019/07/20 02:42:00, 23.50, 23.12, 22.94, 38.74, 38.73, 0, 0, 4.15
2019/07/20 02:43:00, 23.50, 23.14, 22.91, 38.76, 38.74, 0, 0, 4.15
2019/07/20 02:44:00, 23.50, 23.14, 22.94, 38.74, 38.74, 0, 0, 4.15
2019/07/20 02:45:00, 23.50, 23.14, 22.92, 38.72, 38.74, 0, 0, 4.15
2019/07/20 02:46:00, 23.50, 23.12, 22.90, 38.74, 38.75, 0, 0, 4.15
2019/07/20 02:47:00, 23.50, 23.12, 22.90, 38.78, 38.75, 0, 0, 4.15
2019/07/20 02:48:00, 23.50, 23.12, 22.91, 38.77, 38.76, 0, 0, 4.14
2019/07/20 02:49:00, 23.50, 23.14, 22.91, 38.77, 38.76, 0, 0, 4.15
2019/07/20 02:50:00, 23.50, 23.09, 22.91, 38.73, 38.76, 0, 0, 4.15
2019/07/20 02:51:00, 23.50, 23.12, 22.91, 38.80, 38.75, 0, 0, 4.15
2019/07/20 02:52:00, 23.50, 23.09, 22.90, 38.76, 38.78, 0, 0, 4.15
2019/07/20 02:53:00, 23.50, 23.12, 22.89, 38.80, 38.79, 0, 0, 4.15
2019/07/20 02:54:00, 23.50, 23.14, 22.91, 38.81, 38.82, 0, 0, 4.15
2019/07/20 02:55:00, 23.50, 23.11, 22.90, 38.82, 38.81, 0, 0, 4.15
2019/07/20 02:56:00, 23.50, 23.09, 22.89, 38.85, 38.80, 0, 0, 4.15
2019/07/20 02:57:00, 23.50, 23.09, 22.90, 38.79, 38.78, 0, 0, 4.15
2019/07/20 02:58:00, 23.50, 23.08, 22.88, 38.80, 38.81, 0, 0, 4.15
2019/07/20 02:59:00, 23.50, 23.09, 22.88, 38.85, 38.81, 0, 0, 4.14
2019/07/20 03:00:00, 23.50, 23.11, 22.88, 38.83, 38.83, 0, 0, 4.15
2019/07/20 03:01:00, 23.50, 23.11, 22.87, 38.88, 38.83, 0, 0, 4.15
2019/07/20 03:02:00, 23.50, 23.09, 22.87, 38.92, 38.84, 0, 0, 4.15
2019/07/20 03:03:00, 23.50, 23.11, 22.87, 38.89, 38.88, 0, 0, 4.14
2019/07/20 03:04:00, 23.50, 23.08, 22.90, 38.87, 38.87, 0, 0, 4.14
2019/07/20 03:05:00, 23.50, 23.11, 22.89, 38.88, 38.86, 0, 0, 4.14
2019/07/20 03:06:00, 23.50, 23.09, 22.88, 38.94, 38.88, 0, 0, 4.15
2019/07/20 03:07:00, 23.50, 23.09, 22.87, 38.94, 38.88, 0, 0, 4.15
2019/07/20 03:08:00, 23.50, 23.08, 22.88, 38.91, 38.90, 0, 0, 4.15
2019/07/20 03:09:00, 23.50, 23.08, 22.90, 38.93, 38.89, 0, 0, 4.15
2019/07/20 03:10:00, 23.50, 23.08, 22.87, 38.91, 38.90, 0, 0, 4.15
2019/07/20 03:11:00, 23.50, 23.09, 22.88, 38.93, 38.90, 0, 0, 4.15
2019/07/20 03:12:00, 23.50, 23.08, 22.88, 38.94, 38.93, 0, 0, 4.15
2019/07/20 03:13:00, 23.50, 23.08, 22.88, 38.97, 38.92, 0, 0, 4.15
2019/07/20 03:14:00, 23.50, 23.08, 22.87, 38.95, 38.91, 0, 0, 4.15
2019/07/20 03:15:00, 23.50, 23.06, 22.88, 38.90, 38.92, 0, 0, 4.15
2019/07/20 03:16:00, 23.50, 23.12, 22.86, 38.93, 38.92, 0, 0, 4.14
2019/07/20 03:17:00, 23.50, 23.06, 22.88, 38.94, 38.92, 0, 0, 4.15
2019/07/20 03:18:00, 23.50, 23.08, 22.87, 38.94, 38.92, 0, 0, 4.15
2019/07/20 03:19:00, 23.50, 23.08, 22.88, 38.97, 38.96, 0, 0, 4.15
2019/07/20 03:20:00, 23.50, 23.11, 22.86, 38.99, 38.96, 0, 0, 4.14
2019/07/20 03:21:00, 23.50, 23.06, 22.86, 38.98, 38.96, 0, 0, 4.15
2019/07/20 03:22:00, 23.50, 23.09, 22.87, 38.97, 38.99, 0, 0, 4.15
2019/07/20 03:23:00, 23.50, 23.08, 22.87, 38.98, 38.99, 0, 0, 4.15
2019/07/20 03:24:00, 23.50, 23.08, 22.87, 39.02, 38.99, 0, 0, 4.15
2019/07/20 03:25:00, 23.50, 23.05, 22.84, 39.02, 38.99, 0, 0, 4.15
2019/07/20 03:26:00, 23.50, 23.09, 22.85, 39.02, 39.00, 0, 0, 4.15
2019/07/20 03:27:00, 23.50, 23.08, 22.87, 39.03, 38.99, 0, 0, 4.15
2019/07/20 03:28:00, 23.50, 23.03, 22.86, 39.02, 39.02, 0, 0, 4.15
2019/07/20 03:29:00, 23.50, 23.05, 22.85, 39.04, 39.02, 0, 0, 4.15
2019/07/20 03:30:00, 23.50, 23.06, 22.84, 39.08, 39.03, 0, 0, 4.15
2019/07/20 03:31:00, 23.50, 23.06, 22.87, 39.08, 39.02, 0, 0, 4.15
2019/07/20 03:32:00, 23.50, 23.05, 22.84, 39.09, 39.05, 0, 0, 4.15
2019/07/20 03:33:00, 23.50, 23.05, 22.86, 39.06, 39.05, 0, 0, 4.15
2019/07/20 03:34:00, 23.50, 23.05, 22.83, 39.04, 39.03, 0, 0, 4.15
2019/07/20 03:35:00, 23.50, 23.05, 22.85, 39.09, 39.06, 0, 0, 4.15
2019/07/20 03:36:00, 23.50, 23.03, 22.84, 39.07, 39.08, 0, 0, 4.15
2019/07/20 03:37:00, 23.50, 23.03, 22.85, 39.12, 39.08, 0, 0, 4.15
2019/07/20 03:38:00, 23.50, 23.05, 22.84, 39.14, 39.11, 0, 0, 4.15
2019/07/20 03:39:00, 23.50, 23.05, 22.83, 39.12, 39.09, 0, 0, 4.15
2019/07/20 03:40:00, 23.50, 23.03, 22.84, 39.14, 39.08, 0, 0, 4.15
2019/07/20 03:41:00, 23.50, 23.03, 22.83, 39.08, 39.08, 0, 0, 4.15
2019/07/20 03:42:00, 23.50, 23.02, 22.85, 39.12, 39.11, 0, 0, 4.15
2019/07/20 03:43:00, 23.50, 23.03, 22.82, 39.15, 39.11, 0, 0, 4.15
2019/07/20 03:44:00, 23.50, 23.02, 22.83, 39.13, 39.12, 0, 0, 4.14
2019/07/20 03:45:00, 23.50, 23.06, 22.82, 39.20, 39.13, 0, 0, 4.15
2019/07/20 03:46:00, 23.50, 23.05, 22.83, 39.17, 39.13, 0, 0, 4.15
2019/07/20 03:47:00, 23.50, 23.01, 22.82, 39.22, 39.16, 0, 0, 4.15
2019/07/20 03:48:00, 23.50, 23.05, 22.82, 39.18, 39.15, 0, 0, 4.15
2019/07/20 03:49:00, 23.50, 23.02, 22.82, 39.20, 39.18, 0, 0, 4.15
2019/07/20 03:50:00, 23.50, 23.03, 22.82, 39.22, 39.18, 0, 0, 4.15
2019/07/20 03:51:00, 23.50, 23.02, 22.83, 39.21, 39.19, 0, 0, 4.15
2019/07/20 03:52:00, 23.50, 23.02, 22.80, 39.25, 39.23, 0, 0, 4.15
2019/07/20 03:53:00, 23.50, 23.03, 22.84, 39.20, 39.21, 0, 0, 4.15
2019/07/20 03:54:00, 23.50, 23.02, 22.82, 39.20, 39.21, 0, 0, 4.15
2019/07/20 03:55:00, 23.50, 23.02, 22.80, 39.26, 39.22, 0, 0, 4.15
2019/07/20 03:56:00, 23.25, 23.02, 22.80, 39.28, 39.24, 0, 0, 4.15
2019/07/20 03:57:00, 23.50, 23.02, 22.82, 39.31, 39.24, 0, 0, 4.14
2019/07/20 03:58:00, 23.50, 23.02, 22.82, 39.25, 39.24, 0, 0, 4.14
2019/07/20 03:59:00, 23.25, 23.03, 22.80, 39.30, 39.27, 0, 0, 4.15
2019/07/20 04:00:00, 23.25, 23.01, 22.80, 39.33, 39.30, 0, 0, 4.15
2019/07/20 04:01:00, 23.50, 23.02, 22.78, 39.28, 39.30, 0, 0, 4.15
2019/07/20 04:02:00, 23.25, 23.01, 22.83, 39.36, 39.31, 0, 0, 4.15
2019/07/20 04:03:00, 23.50, 23.03, 22.82, 39.36, 39.32, 0, 0, 4.14
2019/07/20 04:04:00, 23.25, 23.02, 22.78, 39.37, 39.33, 0, 0, 4.14
2019/07/20 04:05:00, 23.25, 23.01, 22.80, 39.34, 39.37, 0, 0, 4.14
2019/07/20 04:06:00, 23.25, 23.02, 22.80, 39.40, 39.36, 0, 0, 4.15
2019/07/20 04:07:00, 23.25, 23.02, 22.78, 39.37, 39.35, 0, 0, 4.15
2019/07/20 04:08:00, 23.25, 22.99, 22.80, 39.42, 39.36, 0, 0, 4.15
2019/07/20 04:09:00, 23.25, 23.01, 22.79, 39.46, 39.39, 0, 0, 4.15
2019/07/20 04:10:00, 23.25, 22.99, 22.78, 39.40, 39.37, 0, 0, 4.14
2019/07/20 04:11:00, 23.25, 22.99, 22.80, 39.41, 39.41, 0, 0, 4.15
2019/07/20 04:12:00, 23.25, 22.99, 22.80, 39.44, 39.41, 0, 0, 4.15
2019/07/20 04:13:00, 23.25, 23.01, 22.80, 39.49, 39.43, 0, 0, 4.15
2019/07/20 04:14:00, 23.25, 22.99, 22.80, 39.44, 39.44, 0, 0, 4.15
2019/07/20 04:15:00, 23.25, 23.01, 22.80, 39.53, 39.45, 0, 0, 4.15
2019/07/20 04:16:00, 23.25, 23.01, 22.80, 39.42, 39.44, 0, 0, 4.15
2019/07/20 04:17:00, 23.25, 22.99, 22.79, 39.49, 39.47, 0, 0, 4.14
2019/07/20 04:18:00, 23.25, 23.01, 22.78, 39.55, 39.47, 0, 0, 4.15
2019/07/20 04:19:00, 23.25, 23.01, 22.79, 39.58, 39.48, 0, 0, 4.15
2019/07/20 04:20:00, 23.25, 22.99, 22.79, 39.55, 39.50, 0, 0, 4.15
2019/07/20 04:21:00, 23.25, 23.01, 22.77, 39.58, 39.51, 0, 0, 4.15
2019/07/20 04:22:00, 23.25, 23.01, 22.79, 39.57, 39.53, 0, 0, 4.14
2019/07/20 04:23:00, 23.25, 23.01, 22.79, 39.61, 39.53, 0, 0, 4.14
2019/07/20 04:24:00, 23.25, 22.97, 22.77, 39.61, 39.55, 0, 0, 4.15
2019/07/20 04:25:00, 23.25, 22.97, 22.79, 39.60, 39.55, 0, 0, 4.15
2019/07/20 04:26:00, 23.25, 22.99, 22.77, 39.63, 39.55, 0, 0, 4.14
2019/07/20 04:27:00, 23.25, 22.99, 22.78, 39.65, 39.59, 0, 0, 4.14
2019/07/20 04:28:00, 23.25, 22.99, 22.78, 39.63, 39.58, 0, 0, 4.14
2019/07/20 04:29:00, 23.25, 23.01, 22.76, 39.65, 39.60, 0, 0, 4.15
2019/07/20 04:30:00, 23.25, 22.97, 22.77, 39.65, 39.61, 0, 0, 4.15
2019/07/20 04:31:00, 23.25, 22.99, 22.77, 39.69, 39.63, 0, 0, 4.15
2019/07/20 04:32:00, 23.25, 22.98, 22.79, 39.69, 39.62, 0, 0, 4.15
2019/07/20 04:33:00, 23.25, 23.01, 22.76, 39.74, 39.64, 0, 0, 4.15
2019/07/20 04:34:00, 23.25, 23.01, 22.77, 39.74, 39.66, 0, 0, 4.15
2019/07/20 04:35:00, 23.25, 22.98, 22.78, 39.68, 39.70, 0, 0, 4.14
2019/07/20 04:36:00, 23.25, 22.97, 22.79, 39.74, 39.68, 0, 0, 4.15
2019/07/20 04:37:00, 23.25, 22.99, 22.77, 39.77, 39.71, 0, 0, 4.14
2019/07/20 04:38:00, 23.25, 22.98, 22.78, 39.79, 39.72, 0, 0, 4.14
2019/07/20 04:39:00, 23.25, 22.98, 22.78, 39.74, 39.74, 0, 0, 4.15
2019/07/20 04:40:00, 23.25, 22.97, 22.76, 39.81, 39.73, 0, 0, 4.14
2019/07/20 04:41:00, 23.25, 22.98, 22.76, 39.84, 39.74, 0, 0, 4.15
2019/07/20 04:42:00, 23.25, 22.97, 22.74, 39.84, 39.79, 0, 0, 4.15
2019/07/20 04:43:00, 23.25, 22.99, 22.77, 39.89, 39.80, 0, 0, 4.15
2019/07/20 04:44:00, 23.25, 22.97, 22.76, 39.83, 39.80, 0, 0, 4.15
2019/07/20 04:45:00, 23.25, 22.98, 22.75, 39.91, 39.82, 0, 0, 4.14
2019/07/20 04:46:00, 23.25, 22.99, 22.77, 39.93, 39.84, 0, 0, 4.15
2019/07/20 04:47:00, 23.25, 22.99, 22.76, 39.94, 39.84, 0, 0, 4.15
2019/07/20 04:48:00, 23.25, 22.97, 22.76, 39.91, 39.84, 0, 0, 4.15
2019/07/20 04:49:00, 23.25, 22.95, 22.76, 39.93, 39.87, 0, 0, 4.14
2019/07/20 04:50:00, 23.25, 22.98, 22.75, 39.98, 39.89, 0, 0, 4.15
2019/07/20 04:51:00, 23.25, 22.98, 22.77, 39.97, 39.92, 0, 0, 4.15
2019/07/20 04:52:00, 23.25, 22.94, 22.77, 39.96, 39.92, 0, 0, 4.14
2019/07/20 04:53:00, 23.25, 22.97, 22.76, 40.01, 39.92, 0, 0, 4.14
2019/07/20 04:54:00, 23.25, 22.97, 22.77, 39.98, 39.92, 0, 0, 4.15
2019/07/20 04:55:00, 23.25, 22.99, 22.78, 40.05, 39.94, 0, 0, 4.14
2019/07/20 04:56:00, 23.25, 22.99, 22.76, 40.03, 39.97, 0, 0, 4.14
2019/07/20 04:57:00, 23.25, 22.97, 22.78, 40.05, 39.95, 0, 0, 4.15
2019/07/20 04:58:00, 23.25, 22.98, 22.75, 40.06, 39.97, 0, 0, 4.15
2019/07/20 04:59:00, 23.25, 22.99, 22.76, 40.07, 39.99, 0, 0, 4.15
2019/07/20 05:00:00, 23.25, 22.97, 22.75, 40.10, 40.02, 0, 0, 4.14
2019/07/20 05:01:00, 23.25, 22.97, 22.77, 40.08, 40.02, 0, 0, 4.15
2019/07/20 05:02:00, 23.25, 22.97, 22.76, 40.10, 40.03, 0, 0, 4.15
2019/07/20 05:03:00, 23.25, 22.98, 22.76, 40.17, 40.07, 0, 0, 4.15
2019/07/20 05:04:00, 23.25, 22.98, 22.78, 40.15, 40.08, 0, 0, 4.15
2019/07/20 05:05:00, 23.25, 22.98, 22.76, 40.18, 40.09, 0, 0, 4.15
2019/07/20 05:06:00, 23.25, 22.98, 22.76, 40.22, 40.11, 0, 0, 4.14
2019/07/20 05:07:00, 23.25, 22.98, 22.76, 40.16, 40.12, 0, 0, 4.15
2019/07/20 05:08:00, 23.25, 22.97, 22.78, 40.18, 40.13, 0, 0, 4.15
2019/07/20 05:09:00, 23.25, 22.97, 22.75, 40.17, 40.15, 0, 0, 4.15
2019/07/20 05:10:00, 23.25, 22.99, 22.75, 40.22, 40.13, 0, 0, 4.15
2019/07/20 05:11:00, 23.25, 22.95, 22.76, 40.20, 40.15, 0, 0, 4.15
2019/07/20 05:12:00, 23.25, 22.97, 22.75, 40.28, 40.18, 0, 0, 4.14
2019/07/20 05:13:00, 23.25, 22.97, 22.76, 40.28, 40.20, 0, 0, 4.15
2019/07/20 05:14:00, 23.25, 22.95, 22.76, 40.32, 40.22, 0, 0, 4.14
2019/07/20 05:15:00, 23.25, 22.97, 22.77, 40.28, 40.23, 0, 0, 4.15
2019/07/20 05:16:00, 23.25, 22.98, 22.76, 40.30, 40.22, 0, 0, 4.15
2019/07/20 05:17:00, 23.25, 22.97, 22.77, 40.30, 40.21, 0, 0, 4.15
2019/07/20 05:18:00, 23.25, 22.95, 22.77, 40.32, 40.25, 0, 0, 4.14
2019/07/20 05:19:00, 23.25, 22.95, 22.75, 40.36, 40.28, 0, 0, 4.14
2019/07/20 05:20:00, 23.25, 22.95, 22.76, 40.39, 40.30, 0, 0, 4.15
2019/07/20 05:21:00, 23.25, 22.97, 22.75, 40.41, 40.34, 0, 0, 4.14
2019/07/20 05:22:00, 23.25, 22.95, 22.75, 40.36, 40.33, 0, 0, 4.14
2019/07/20 05:23:00, 23.25, 22.97, 22.75, 40.36, 40.34, 0, 0, 4.14
2019/07/20 05:24:00, 23.25, 22.95, 22.75, 40.41, 40.35, 0, 0, 4.14
2019/07/20 05:25:00, 23.25, 22.97, 22.76, 40.47, 40.35, 0, 0, 4.15
2019/07/20 05:26:00, 23.25, 22.94, 22.74, 40.43, 40.37, 0, 0, 4.15
2019/07/20 05:27:00, 23.25, 22.95, 22.75, 40.47, 40.39, 0, 0, 4.14
2019/07/20 05:28:00, 23.25, 22.98, 22.75, 40.52, 40.39, 0, 0, 4.15
2019/07/20 05:29:00, 23.25, 22.95, 22.74, 40.50, 40.40, 0, 0, 4.14
2019/07/20 05:30:00, 23.25, 22.97, 22.74, 40.52, 40.44, 0, 0, 4.15
2019/07/20 05:31:00, 23.25, 22.98, 22.74, 40.56, 40.46, 0, 0, 4.14
2019/07/20 05:32:00, 23.25, 22.95, 22.74, 40.55, 40.46, 0, 0, 4.15
2019/07/20 05:33:00, 23.25, 22.98, 22.74, 40.56, 40.48, 0, 0, 4.14
2019/07/20 05:34:00, 23.25, 22.95, 22.74, 40.59, 40.51, 0, 0, 4.14
2019/07/20 05:35:00, 23.25, 22.94, 22.74, 40.61, 40.50, 0, 0, 4.15
2019/07/20 05:36:00, 23.25, 22.95, 22.74, 40.56, 40.50, 0, 0, 4.14
2019/07/20 05:37:00, 23.25, 22.94, 22.74, 40.63, 40.53, 0, 0, 4.14
2019/07/20 05:38:00, 23.25, 22.95, 22.76, 40.67, 40.54, 0, 0, 4.15
2019/07/20 05:39:00, 23.25, 22.95, 22.73, 40.70, 40.55, 0, 0, 4.15
2019/07/20 05:40:00, 23.25, 22.95, 22.75, 40.68, 40.54, 0, 0, 4.15
2019/07/20 05:41:00, 23.25, 22.94, 22.75, 40.61, 40.56, 0, 0, 4.14
2019/07/20 05:42:00, 23.25, 22.95, 22.74, 40.67, 40.57, 0, 0, 4.14
2019/07/20 05:43:00, 23.25, 22.95, 22.74, 40.69, 40.58, 0, 0, 4.15
2019/07/20 05:44:00, 23.25, 22.95, 22.74, 40.68, 40.58, 0, 0, 4.14
2019/07/20 05:45:00, 23.25, 22.97, 22.74, 40.66, 40.60, 0, 0, 4.15
2019/07/20 05:46:00, 23.25, 22.95, 22.74, 40.75, 40.63, 0, 0, 4.14
2019/07/20 05:47:00, 23.25, 22.97, 22.74, 40.72, 40.62, 0, 0, 4.14
2019/07/20 05:48:00, 23.25, 22.95, 22.73, 40.76, 40.62, 0, 0, 4.15
2019/07/20 05:49:00, 23.25, 22.97, 22.74, 40.71, 40.63, 0, 0, 4.15
2019/07/20 05:50:00, 23.25, 22.95, 22.75, 40.77, 40.66, 0, 0, 4.14
2019/07/20 05:51:00, 23.25, 22.94, 22.74, 40.79, 40.67, 0, 0, 4.15
2019/07/20 05:52:00, 23.25, 22.94, 22.75, 40.72, 40.66, 0, 0, 4.15
2019/07/20 05:53:00, 23.25, 22.95, 22.74, 40.80, 40.69, 0, 0, 4.14
2019/07/20 05:54:00, 23.25, 22.97, 22.74, 40.81, 40.70, 0, 0, 4.14
2019/07/20 05:55:00, 23.25, 22.95, 22.74, 40.77, 40.72, 0, 0, 4.14
2019/07/20 05:56:00, 23.25, 22.97, 22.75, 40.77, 40.69, 0, 0, 4.15
2019/07/20 05:57:00, 23.25, 22.97, 22.74, 40.87, 40.72, 0, 0, 4.15
2019/07/20 05:58:00, 23.25, 22.95, 22.74, 40.88, 40.76, 0, 0, 4.14
2019/07/20 05:59:00, 23.25, 22.94, 22.73, 40.82, 40.76, 0, 0, 4.14
2019/07/20 06:00:00, 23.25, 22.98, 22.74, 40.85, 40.76, 0, 0, 4.15
2019/07/20 06:01:00, 23.25, 22.94, 22.74, 40.91, 40.79, 0, 0, 4.14
2019/07/20 06:02:00, 23.25, 22.97, 22.76, 40.87, 40.77, 0, 0, 4.14
2019/07/20 06:03:00, 23.25, 22.97, 22.73, 40.87, 40.76, 0, 0, 4.15
2019/07/20 06:04:00, 23.25, 22.95, 22.74, 40.92, 40.79, 0, 0, 4.14
2019/07/20 06:05:00, 23.25, 22.94, 22.75, 40.93, 40.83, 0, 0, 4.14
2019/07/20 06:06:00, 23.25, 22.97, 22.73, 41.01, 40.85, 0, 0, 4.14
2019/07/20 06:07:00, 23.25, 22.94, 22.74, 40.98, 40.86, 0, 0, 4.14
2019/07/20 06:08:00, 23.25, 22.95, 22.74, 40.95, 40.83, 0, 0, 4.15
2019/07/20 06:09:00, 23.25, 22.97, 22.75, 40.98, 40.87, 0, 0, 4.15
2019/07/20 06:10:00, 23.25, 22.95, 22.75, 40.99, 40.89, 0, 0, 4.14
2019/07/20 06:11:00, 23.25, 22.95, 22.76, 41.04, 40.89, 0, 0, 4.15
2019/07/20 06:12:00, 23.25, 22.97, 22.74, 41.00, 40.91, 0, 0, 4.14
2019/07/20 06:13:00, 23.25, 22.95, 22.74, 41.04, 40.93, 0, 0, 4.14
2019/07/20 06:14:00, 23.25, 22.97, 22.75, 41.08, 40.95, 0, 0, 4.15
2019/07/20 06:15:00, 23.25, 22.95, 22.75, 41.06, 40.95, 0, 0, 4.14
2019/07/20 06:16:00, 23.25, 22.98, 22.74, 41.11, 40.95, 0, 0, 4.14
2019/07/20 06:17:00, 23.25, 22.95, 22.74, 41.08, 40.96, 0, 0, 4.14
2019/07/20 06:18:00, 23.25, 22.95, 22.74, 41.11, 41.01, 0, 0, 4.15
2019/07/20 06:19:00, 23.25, 22.97, 22.76, 41.16, 41.01, 0, 0, 4.14
2019/07/20 06:20:00, 23.25, 22.94, 22.75, 41.15, 41.03, 0, 0, 4.15
2019/07/20 06:21:00, 23.25, 22.97, 22.76, 41.17, 41.03, 0, 0, 4.14
2019/07/20 06:22:00, 23.25, 22.95, 22.74, 41.16, 41.01, 0, 0, 4.14
2019/07/20 06:23:00, 23.25, 22.97, 22.76, 41.14, 41.05, 0, 0, 4.14
2019/07/20 06:24:00, 23.25, 22.98, 22.76, 41.14, 41.05, 0, 0, 4.14
2019/07/20 06:25:00, 23.25, 22.97, 22.74, 41.17, 41.07, 0, 0, 4.14
2019/07/20 06:26:00, 23.25, 22.95, 22.75, 41.22, 41.07, 0, 0, 4.14
2019/07/20 06:27:00, 23.25, 22.97, 22.75, 41.22, 41.11, 0, 0, 4.14
2019/07/20 06:28:00, 23.25, 22.97, 22.75, 41.23, 41.11, 0, 0, 4.15
2019/07/20 06:29:00, 23.25, 22.99, 22.76, 41.19, 41.11, 0, 0, 4.14
2019/07/20 06:30:00, 23.25, 22.97, 22.76, 41.20, 41.10, 0, 0, 4.15
2019/07/20 06:31:00, 23.25, 22.98, 22.76, 41.23, 41.11, 0, 0, 4.14
2019/07/20 06:32:00, 23.25, 22.99, 22.76, 41.20, 41.11, 0, 0, 4.14
2019/07/20 06:33:00, 23.25, 22.98, 22.76, 41.27, 41.11, 0, 0, 4.14
2019/07/20 06:34:00, 23.25, 23.01, 22.79, 41.26, 41.11, 0, 0, 4.14
2019/07/20 06:35:00, 23.25, 22.98, 22.77, 41.24, 41.12, 0, 0, 4.14
2019/07/20 06:36:00, 23.25, 22.99, 22.79, 41.28, 41.15, 0, 0, 4.14
2019/07/20 06:37:00, 23.25, 22.98, 22.77, 41.26, 41.14, 0, 0, 4.15
2019/07/20 06:38:00, 23.25, 23.01, 22.79, 41.21, 41.14, 0, 0, 4.14
2019/07/20 06:39:00, 23.25, 23.02, 22.80, 41.23, 41.14, 0, 0, 4.14
2019/07/20 06:40:00, 23.25, 23.02, 22.80, 41.23, 41.13, 0, 0, 4.14
2019/07/20 06:41:00, 23.25, 23.02, 22.80, 41.29, 41.14, 0, 0, 4.14
2019/07/20 06:42:00, 23.25, 23.01, 22.82, 41.29, 41.18, 0, 0, 4.14
2019/07/20 06:43:00, 23.25, 23.05, 22.82, 41.30, 41.17, 0, 0, 4.14
2019/07/20 06:44:00, 23.25, 23.05, 22.83, 41.29, 41.14, 0, 0, 4.14
2019/07/20 06:45:00, 23.25, 23.06, 22.87, 41.28, 41.17, 0, 0, 4.14
2019/07/20 06:46:00, 23.25, 23.05, 22.86, 41.29, 41.15, 0, 0, 4.14
2019/07/20 06:47:00, 23.25, 23.06, 22.88, 41.25, 41.16, 0, 0, 4.14
2019/07/20 06:48:00, 23.25, 23.06, 22.90, 41.21, 41.14, 0, 0, 4.14
2019/07/20 06:49:00, 23.25, 23.09, 22.89, 41.23, 41.12, 0, 0, 4.14
2019/07/20 06:50:00, 23.25, 23.11, 22.90, 41.23, 41.12, 0, 0, 4.14
2019/07/20 06:51:00, 23.25, 23.12, 22.91, 41.30, 41.13, 0, 0, 4.15
2019/07/20 06:52:00, 23.25, 23.15, 22.93, 41.26, 41.12, 0, 0, 4.14
2019/07/20 06:53:00, 23.25, 23.12, 22.93, 41.21, 41.11, 0, 0, 4.14
2019/07/20 06:54:00, 23.25, 23.15, 22.94, 41.21, 41.07, 0, 0, 4.14
2019/07/20 06:55:00, 23.25, 23.16, 22.95, 41.24, 41.10, 0, 0, 4.14
2019/07/20 06:56:00, 23.25, 23.19, 22.97, 41.17, 41.05, 0, 0, 4.14
2019/07/20 06:57:00, 23.25, 23.18, 22.98, 41.19, 41.07, 0, 0, 4.14
2019/07/20 06:58:00, 23.25, 23.18, 22.95, 41.17, 41.08, 0, 0, 4.15
2019/07/20 06:59:00, 23.25, 23.18, 22.97, 41.28, 41.12, 0, 0, 4.14
2019/07/20 07:00:00, 23.25, 23.19, 22.95, 41.24, 41.14, 0, 0, 4.14
2019/07/20 07:01:00, 23.25, 23.18, 22.95, 41.25, 41.14, 0, 0, 4.14
2019/07/20 07:02:00, 23.25, 23.19, 22.99, 41.29, 41.15, 0, 0, 4.14
2019/07/20 07:03:00, 23.25, 23.21, 22.98, 41.30, 41.16, 0, 0, 4.14
2019/07/20 07:04:00, 23.25, 23.19, 23.02, 41.30, 41.14, 0, 0, 4.14
2019/07/20 07:05:00, 23.25, 23.21, 23.01, 41.24, 41.12, 0, 0, 4.14
2019/07/20 07:06:00, 23.50, 23.21, 23.02, 41.23, 41.10, 0, 0, 4.14
2019/07/20 07:07:00, 23.50, 23.22, 23.02, 41.25, 41.12, 0, 0, 4.14
2019/07/20 07:08:00, 23.50, 23.25, 23.04, 41.30, 41.14, 0, 0, 4.15
2019/07/20 07:09:00, 23.50, 23.28, 23.03, 41.30, 41.16, 0, 0, 4.14
2019/07/20 07:10:00, 23.50, 23.29, 23.06, 41.32, 41.14, 0, 0, 4.14
2019/07/20 07:11:00, 23.50, 23.26, 23.08, 41.21, 41.14, 0, 0, 4.14
2019/07/20 07:12:00, 23.50, 23.29, 23.08, 41.25, 41.10, 0, 0, 4.14
2019/07/20 07:13:00, 23.50, 23.32, 23.13, 41.20, 41.09, 0, 0, 4.14
2019/07/20 07:14:00, 23.50, 23.32, 23.13, 41.20, 41.06, 0, 0, 4.14
2019/07/20 07:15:00, 23.50, 23.33, 23.14, 41.18, 41.01, 0, 0, 4.14
2019/07/20 07:16:00, 23.50, 23.36, 23.15, 41.18, 41.03, 0, 0, 4.14
2019/07/20 07:17:00, 23.50, 23.35, 23.17, 41.21, 41.06, 0, 0, 4.15
2019/07/20 07:18:00, 23.50, 23.35, 23.18, 41.15, 41.02, 0, 0, 4.14
2019/07/20 07:19:00, 23.50, 23.36, 23.18, 41.15, 41.01, 0, 0, 4.14
2019/07/20 07:20:00, 23.50, 23.39, 23.18, 41.17, 41.03, 0, 0, 4.14
2019/07/20 07:21:00, 23.50, 23.40, 23.18, 41.13, 41.05, 0, 0, 4.14
2019/07/20 07:22:00, 23.50, 23.42, 23.22, 41.18, 41.04, 0, 0, 4.14
2019/07/20 07:23:00, 23.50, 23.42, 23.18, 41.17, 41.04, 0, 0, 4.14
2019/07/20 07:24:00, 23.50, 23.43, 23.23, 41.16, 41.05, 0, 0, 4.14
2019/07/20 07:25:00, 23.50, 23.42, 23.23, 41.13, 41.03, 0, 0, 4.14
2019/07/20 07:26:00, 23.50, 23.43, 23.23, 41.15, 41.01, 0, 0, 4.14
2019/07/20 07:27:00, 23.50, 23.44, 23.27, 41.14, 41.03, 0, 0, 4.14
2019/07/20 07:28:00, 23.50, 23.46, 23.28, 41.15, 41.00, 0, 0, 4.14
2019/07/20 07:29:00, 23.50, 23.46, 23.31, 41.09, 40.98, 0, 0, 4.14
2019/07/20 07:30:00, 23.50, 23.49, 23.29, 41.07, 40.96, 0, 0, 4.14
2019/07/20 07:31:00, 23.50, 23.49, 23.31, 41.10, 40.96, 0, 0, 4.14
2019/07/20 07:32:00, 23.50, 23.49, 23.34, 41.11, 40.95, 0, 0, 4.14
2019/07/20 07:33:00, 23.50, 23.50, 23.33, 41.09, 40.96, 0, 0, 4.14
2019/07/20 07:34:00, 23.50, 23.52, 23.34, 41.04, 40.97, 0, 0, 4.14
2019/07/20 07:35:00, 23.50, 23.56, 23.36, 41.09, 40.97, 0, 0, 4.14
2019/07/20 07:36:00, 23.50, 23.56, 23.37, 41.08, 40.94, 0, 0, 4.14
2019/07/20 07:37:00, 23.50, 23.56, 23.37, 41.10, 40.95, 0, 0, 4.14
2019/07/20 07:38:00, 23.50, 23.54, 23.37, 41.08, 40.93, 0, 0, 4.14
2019/07/20 07:39:00, 23.50, 23.59, 23.39, 41.06, 40.93, 0, 0, 4.14
2019/07/20 07:40:00, 23.50, 23.60, 23.39, 41.06, 40.92, 0, 0, 4.14
2019/07/20 07:41:00, 23.50, 23.60, 23.44, 41.06, 40.92, 0, 0, 4.14
2019/07/20 07:42:00, 23.50, 23.61, 23.43, 41.02, 40.89, 0, 0, 4.14
2019/07/20 07:43:00, 23.50, 23.63, 23.44, 41.04, 40.89, 0, 0, 4.14
2019/07/20 07:44:00, 23.50, 23.61, 23.46, 40.96, 40.87, 0, 0, 4.14
2019/07/20 07:45:00, 23.50, 23.67, 23.45, 40.97, 40.85, 0, 0, 4.14
2019/07/20 07:46:00, 23.50, 23.65, 23.47, 41.00, 40.86, 0, 0, 4.14
2019/07/20 07:47:00, 23.50, 23.67, 23.50, 40.93, 40.86, 0, 0, 4.14
2019/07/20 07:48:00, 23.50, 23.70, 23.51, 40.92, 40.83, 0, 0, 4.14
2019/07/20 07:49:00, 23.50, 23.71, 23.52, 41.03, 40.89, 0, 0, 4.14
2019/07/20 07:50:00, 23.75, 23.71, 23.53, 40.93, 40.83, 0, 0, 4.14
2019/07/20 07:51:00, 23.50, 23.73, 23.56, 40.84, 40.78, 0, 0, 4.14
2019/07/20 07:52:00, 23.75, 23.73, 23.54, 40.83, 40.78, 0, 0, 4.14
2019/07/20 07:53:00, 23.75, 23.74, 23.56, 40.93, 40.76, 0, 0, 4.14
2019/07/20 07:54:00, 23.75, 23.74, 23.54, 40.86, 40.76, 0, 0, 4.14
2019/07/20 07:55:00, 23.75, 23.74, 23.56, 40.88, 40.76, 0, 0, 4.14
2019/07/20 07:56:00, 23.75, 23.76, 23.58, 40.92, 40.77, 0, 0, 4.14
2019/07/20 07:57:00, 23.75, 23.77, 23.60, 40.85, 40.75, 0, 0, 4.14
2019/07/20 07:58:00, 23.75, 23.77, 23.59, 40.85, 40.73, 0, 0, 4.14
2019/07/20 07:59:00, 23.75, 23.77, 23.60, 40.88, 40.73, 0, 0, 4.14
2019/07/20 08:00:00, 23.75, 23.79, 23.60, 40.88, 40.74, 0, 0, 4.14
2019/07/20 08:01:00, 23.75, 23.81, 23.61, 40.85, 40.75, 0, 0, 4.14
2019/07/20 08:02:00, 23.75, 23.81, 23.62, 40.82, 40.72, 0, 0, 4.14
2019/07/20 08:03:00, 23.75, 23.79, 23.63, 40.88, 40.74, 0, 0, 4.14
2019/07/20 08:04:00, 23.75, 23.83, 23.64, 40.79, 40.73, 0, 0, 4.14
2019/07/20 08:05:00, 23.75, 23.84, 23.63, 40.87, 40.72, 0, 0, 4.14
2019/07/20 08:06:00, 23.75, 23.84, 23.66, 40.81, 40.69, 0, 0, 4.14
2019/07/20 08:07:00, 23.75, 23.84, 23.66, 40.81, 40.71, 0, 0, 4.14
2019/07/20 08:08:00, 23.75, 23.85, 23.68, 40.81, 40.70, 0, 0, 4.14
2019/07/20 08:09:00, 23.75, 23.87, 23.68, 40.80, 40.68, 0, 0, 4.14
2019/07/20 08:10:00, 23.75, 23.88, 23.66, 40.80, 40.71, 0, 0, 4.14
2019/07/20 08:11:00, 23.75, 23.85, 23.71, 40.78, 40.69, 0, 0, 4.14
2019/07/20 08:12:00, 23.75, 23.91, 23.72, 40.80, 40.67, 0, 0, 4.14
2019/07/20 08:13:00, 23.75, 23.88, 23.73, 40.81, 40.71, 0, 0, 4.14
2019/07/20 08:14:00, 23.75, 23.90, 23.73, 40.77, 40.70, 0, 0, 4.14
2019/07/20 08:15:00, 23.75, 23.91, 23.73, 40.79, 40.68, 0, 0, 4.14
2019/07/20 08:16:00, 23.75, 23.91, 23.75, 40.84, 40.69, 0, 0, 4.14
2019/07/20 08:17:00, 23.75, 23.92, 23.74, 40.79, 40.67, 0, 0, 4.14
2019/07/20 08:18:00, 23.75, 23.92, 23.74, 40.82, 40.66, 0, 0, 4.14
2019/07/20 08:19:00, 23.75, 23.95, 23.75, 40.76, 40.66, 0, 0, 4.14
2019/07/20 08:20:00, 23.75, 23.94, 23.76, 40.78, 40.66, 0, 0, 4.14
2019/07/20 08:21:00, 23.75, 23.95, 23.76, 40.79, 40.66, 0, 0, 4.14
2019/07/20 08:22:00, 23.75, 23.98, 23.78, 40.74, 40.66, 0, 0, 4.14
2019/07/20 08:23:00, 23.75, 23.97, 23.79, 40.77, 40.64, 0, 0, 4.14
2019/07/20 08:24:00, 23.75, 23.97, 23.80, 40.79, 40.64, 0, 0, 4.14
2019/07/20 08:25:00, 23.75, 23.98, 23.82, 40.74, 40.63, 0, 0, 4.14
2019/07/20 08:26:00, 23.75, 23.98, 23.81, 40.76, 40.63, 0, 0, 4.14
2019/07/20 08:27:00, 23.75, 23.99, 23.82, 40.77, 40.62, 0, 0, 4.14
2019/07/20 08:28:00, 23.75, 23.99, 23.82, 40.77, 40.64, 0, 0, 4.14
2019/07/20 08:29:00, 23.75, 24.01, 23.82, 40.76, 40.63, 0, 0, 4.14
2019/07/20 08:30:00, 23.75, 24.01, 23.83, 40.76, 40.62, 0, 0, 4.14
2019/07/20 08:31:00, 23.75, 24.04, 23.84, 40.69, 40.61, 0, 0, 4.14
2019/07/20 08:32:00, 23.75, 24.01, 23.82, 40.75, 40.62, 0, 0, 4.14
2019/07/20 08:33:00, 23.75, 24.02, 23.83, 40.70, 40.60, 0, 0, 4.14
2019/07/20 08:34:00, 23.75, 24.04, 23.87, 40.76, 40.61, 0, 0, 4.14
2019/07/20 08:35:00, 24.00, 24.04, 23.87, 40.65, 40.59, 0, 0, 4.14
2019/07/20 08:36:00, 24.00, 24.04, 23.89, 40.72, 40.56, 0, 0, 4.14
2019/07/20 08:37:00, 24.00, 24.05, 23.89, 40.73, 40.58, 0, 0, 4.14
2019/07/20 08:38:00, 24.00, 24.07, 23.88, 40.72, 40.56, 0, 0, 4.14
2019/07/20 08:39:00, 24.00, 24.08, 23.89, 40.67, 40.54, 0, 0, 4.14
2019/07/20 08:40:00, 24.00, 24.08, 23.91, 40.68, 40.56, 0, 0, 4.14
2019/07/20 08:41:00, 24.00, 24.08, 23.92, 40.66, 40.56, 0, 0, 4.14
2019/07/20 08:42:00, 24.00, 24.07, 23.92, 40.63, 40.54, 0, 0, 4.14
2019/07/20 08:43:00, 24.00, 24.09, 23.92, 40.66, 40.56, 0, 0, 4.14
2019/07/20 08:44:00, 24.00, 24.08, 23.92, 40.64, 40.54, 0, 0, 4.14
2019/07/20 08:45:00, 24.00, 24.09, 23.93, 40.65, 40.52, 0, 0, 4.14
2019/07/20 08:46:00, 24.00, 24.09, 23.94, 40.68, 40.51, 0, 0, 4.14
2019/07/20 08:47:00, 24.00, 24.09, 23.93, 40.66, 40.54, 0, 0, 4.14
2019/07/20 08:48:00, 24.00, 24.12, 23.94, 40.73, 40.55, 0, 0, 4.14
2019/07/20 08:49:00, 24.00, 24.14, 23.92, 40.68, 40.54, 0, 0, 4.14
2019/07/20 08:50:00, 24.00, 24.11, 23.96, 40.66, 40.57, 0, 0, 4.14
2019/07/20 08:51:00, 24.00, 24.14, 23.95, 40.68, 40.56, 0, 0, 4.14
2019/07/20 08:52:00, 24.00, 24.14, 23.97, 40.69, 40.53, 0, 0, 4.14
2019/07/20 08:53:00, 24.00, 24.15, 23.97, 40.70, 40.55, 0, 0, 4.14
2019/07/20 08:54:00, 24.00, 24.11, 23.97, 40.74, 40.57, 0, 0, 4.14
2019/07/20 08:55:00, 24.00, 24.15, 23.97, 40.68, 40.56, 0, 0, 4.14
2019/07/20 08:56:00, 24.00, 24.15, 23.97, 40.64, 40.53, 0, 0, 4.14
2019/07/20 08:57:00, 24.00, 24.15, 24.00, 40.67, 40.54, 0, 0, 4.14
2019/07/20 08:58:00, 24.00, 24.16, 24.01, 40.72, 40.56, 0, 0, 4.14
2019/07/20 08:59:00, 24.00, 24.14, 24.00, 40.67, 40.54, 0, 0, 4.14
2019/07/20 09:00:00, 24.00, 24.15, 24.00, 40.66, 40.56, 0, 0, 4.14
2019/07/20 09:01:00, 24.00, 24.18, 24.01, 40.67, 40.57, 0, 0, 4.14
2019/07/20 09:02:00, 24.00, 24.19, 24.01, 40.67, 40.57, 0, 0, 4.14
2019/07/20 09:03:00, 24.00, 24.18, 24.02, 40.74, 40.56, 0, 0, 4.14
2019/07/20 09:04:00, 24.00, 24.19, 24.03, 40.75, 40.60, 0, 0, 4.14
2019/07/20 09:05:00, 24.00, 24.19, 24.01, 40.73, 40.59, 0, 0, 4.14
2019/07/20 09:06:00, 24.00, 24.20, 24.02, 40.69, 40.56, 0, 0, 4.14
2019/07/20 09:07:00, 24.00, 24.19, 24.04, 40.71, 40.59, 0, 0, 4.14
2019/07/20 09:08:00, 24.00, 24.20, 24.03, 40.73, 40.60, 0, 0, 4.14
2019/07/20 09:09:00, 24.00, 24.19, 24.03, 40.75, 40.63, 0, 0, 4.14
2019/07/20 09:10:00, 24.00, 24.19, 24.05, 40.77, 40.63, 0, 0, 4.14
2019/07/20 09:11:00, 24.00, 24.23, 24.02, 40.75, 40.60, 0, 0, 4.14
2019/07/20 09:12:00, 24.00, 24.20, 24.04, 40.74, 40.63, 0, 0, 4.14
2019/07/20 09:13:00, 24.00, 24.20, 24.04, 40.74, 40.58, 0, 0, 4.14
2019/07/20 09:14:00, 24.00, 24.19, 24.05, 40.78, 40.61, 0, 0, 4.14
2019/07/20 09:15:00, 24.00, 24.20, 24.05, 40.75, 40.63, 0, 0, 4.14
2019/07/20 09:16:00, 24.00, 24.23, 24.05, 40.74, 40.61, 0, 0, 4.14
2019/07/20 09:17:00, 24.00, 24.23, 24.05, 40.80, 40.64, 0, 0, 4.14
2019/07/20 09:18:00, 24.00, 24.23, 24.04, 40.77, 40.64, 0, 0, 4.14
2019/07/20 09:19:00, 24.00, 24.20, 24.05, 40.78, 40.66, 0, 0, 4.14
2019/07/20 09:20:00, 24.00, 24.25, 24.05, 40.78, 40.66, 0, 0, 4.14
2019/07/20 09:21:00, 24.00, 24.23, 24.07, 40.85, 40.70, 0, 0, 4.14
2019/07/20 09:22:00, 24.00, 24.23, 24.06, 40.81, 40.70, 0, 0, 4.14
2019/07/20 09:23:00, 24.00, 24.25, 24.07, 40.81, 40.66, 0, 0, 4.14
2019/07/20 09:24:00, 24.00, 24.26, 24.08, 40.81, 40.69, 0, 0, 4.14
2019/07/20 09:25:00, 24.00, 24.25, 24.05, 40.79, 40.67, 0, 0, 4.14
2019/07/20 09:26:00, 24.00, 24.25, 24.09, 40.84, 40.71, 0, 0, 4.14
2019/07/20 09:27:00, 24.00, 24.26, 24.08, 40.86, 40.71, 0, 0, 4.14
2019/07/20 09:28:00, 24.00, 24.26, 24.07, 40.84, 40.73, 0, 0, 4.14
2019/07/20 09:29:00, 24.00, 24.26, 24.09, 40.84, 40.69, 0, 0, 4.14
2019/07/20 09:30:00, 24.00, 24.27, 24.10, 40.85, 40.75, 0, 0, 4.14
2019/07/20 09:31:00, 24.00, 24.26, 24.07, 40.85, 40.75, 0, 0, 4.14
2019/07/20 09:32:00, 24.00, 24.27, 24.10, 40.88, 40.76, 0, 0, 4.14
2019/07/20 09:33:00, 24.00, 24.25, 24.11, 40.90, 40.74, 0, 0, 4.14
2019/07/20 09:34:00, 24.00, 24.26, 24.10, 40.93, 40.76, 0, 0, 4.14
2019/07/20 09:35:00, 24.00, 24.26, 24.10, 40.87, 40.77, 0, 0, 4.14
2019/07/20 09:36:00, 24.25, 24.29, 24.09, 40.89, 40.79, 0, 0, 4.14
2019/07/20 09:37:00, 24.00, 24.26, 24.11, 40.91, 40.79, 0, 0, 4.14
2019/07/20 09:38:00, 24.25, 24.26, 24.09, 41.00, 40.84, 0, 0, 4.14
2019/07/20 09:39:00, 24.25, 24.27, 24.11, 40.99, 40.83, 0, 0, 4.14
2019/07/20 09:40:00, 24.25, 24.26, 24.10, 40.99, 40.84, 0, 0, 4.14
2019/07/20 09:41:00, 24.25, 24.29, 24.11, 40.94, 40.82, 0, 0, 4.14
2019/07/20 09:42:00, 24.25, 24.27, 24.10, 40.91, 40.81, 0, 0, 4.14
2019/07/20 09:43:00, 24.25, 24.26, 24.11, 40.96, 40.81, 0, 0, 4.14
2019/07/20 09:44:00, 24.25, 24.26, 24.12, 41.02, 40.83, 0, 0, 4.14
2019/07/20 09:45:00, 24.25, 24.29, 24.12, 40.96, 40.86, 0, 0, 4.14
2019/07/20 09:46:00, 24.25, 24.29, 24.13, 40.99, 40.85, 0, 0, 4.14
2019/07/20 09:47:00, 24.25, 24.31, 24.13, 41.02, 40.84, 0, 0, 4.14
2019/07/20 09:48:00, 24.25, 24.32, 24.16, 41.03, 40.85, 0, 0, 4.14
2019/07/20 09:49:00, 24.25, 24.32, 24.15, 40.95, 40.82, 0, 0, 4.14
2019/07/20 09:50:00, 24.25, 24.33, 24.13, 40.98, 40.83, 0, 0, 4.14
2019/07/20 09:51:00, 24.25, 24.32, 24.13, 41.02, 40.83, 0, 0, 4.14
2019/07/20 09:52:00, 24.25, 24.29, 24.13, 40.98, 40.85, 0, 0, 4.14
2019/07/20 09:53:00, 24.25, 24.29, 24.13, 41.07, 40.90, 0, 0, 4.14
2019/07/20 09:54:00, 24.25, 24.31, 24.16, 40.99, 40.89, 0, 0, 4.14
2019/07/20 09:55:00, 24.25, 24.31, 24.12, 41.05, 40.91, 0, 0, 4.14
2019/07/20 09:56:00, 24.25, 24.32, 24.13, 41.10, 40.93, 0, 0, 4.14
2019/07/20 09:57:00, 24.25, 24.31, 24.13, 41.04, 40.92, 0, 0, 4.14
2019/07/20 09:58:00, 24.25, 24.31, 24.12, 41.14, 40.95, 0, 0, 4.14
2019/07/20 09:59:00, 24.25, 24.31, 24.13, 41.14, 40.93, 0, 0, 4.14
2019/07/20 10:00:00, 24.25, 24.29, 24.16, 41.11, 40.95, 0, 0, 4.14
2019/07/20 10:01:00, 24.25, 24.32, 24.13, 41.15, 40.98, 0, 0, 4.14
2019/07/20 10:02:00, 24.25, 24.33, 24.16, 41.18, 40.98, 0, 0, 4.14
2019/07/20 10:03:00, 24.25, 24.32, 24.16, 41.10, 40.97, 0, 0, 4.14
2019/07/20 10:04:00, 24.25, 24.33, 24.16, 41.06, 40.93, 0, 0, 4.14
2019/07/20 10:05:00, 24.25, 24.32, 24.16, 41.13, 40.95, 0, 0, 4.14
2019/07/20 10:06:00, 24.25, 24.32, 24.15, 41.11, 40.95, 0, 0, 4.14
2019/07/20 10:07:00, 24.25, 24.31, 24.13, 41.13, 40.98, 0, 0, 4.14
2019/07/20 10:08:00, 24.25, 24.35, 24.16, 41.21, 40.99, 0, 0, 4.14
2019/07/20 10:09:00, 24.25, 24.36, 24.18, 41.13, 40.99, 0, 0, 4.14
2019/07/20 10:10:00, 24.25, 24.32, 24.18, 41.12, 40.97, 0, 0, 4.14
2019/07/20 10:11:00, 24.25, 24.32, 24.17, 41.10, 40.95, 0, 0, 4.14
2019/07/20 10:12:00, 24.25, 24.33, 24.17, 41.09, 40.95, 0, 0, 4.14
2019/07/20 10:13:00, 24.25, 24.33, 24.16, 41.15, 40.97, 0, 0, 4.14
2019/07/20 10:14:00, 24.25, 24.35, 24.17, 41.09, 40.95, 0, 0, 4.14
2019/07/20 10:15:00, 24.25, 24.33, 24.16, 41.12, 40.95, 0, 0, 4.14
2019/07/20 10:16:00, 24.25, 24.33, 24.17, 41.11, 40.95, 0, 0, 4.14
2019/07/20 10:17:00, 24.25, 24.36, 24.20, 41.09, 40.95, 0, 0, 4.14
2019/07/20 10:18:00, 24.25, 24.35, 24.19, 41.04, 40.92, 0, 0, 4.14
2019/07/20 10:19:00, 24.25, 24.35, 24.20, 41.08, 40.95, 0, 0, 4.14
2019/07/20 10:20:00, 24.25, 24.36, 24.19, 41.02, 40.92, 0, 0, 4.14
2019/07/20 10:21:00, 24.25, 24.35, 24.18, 41.01, 40.88, 0, 0, 4.14
2019/07/20 10:22:00, 24.25, 24.36, 24.17, 41.06, 40.91, 0, 0, 4.14
2019/07/20 10:23:00, 24.25, 24.36, 24.19, 41.06, 40.91, 0, 0, 4.14
2019/07/20 10:24:00, 24.25, 24.36, 24.19, 41.01, 40.92, 0, 0, 4.14
2019/07/20 10:25:00, 24.25, 24.36, 24.19, 41.05, 40.92, 0, 0, 4.14
2019/07/20 10:26:00, 24.25, 24.35, 24.19, 41.03, 40.91, 0, 0, 4.14
2019/07/20 10:27:00, 24.25, 24.38, 24.19, 41.06, 40.91, 0, 0, 4.14
2019/07/20 10:28:00, 24.25, 24.36, 24.23, 41.04, 40.92, 0, 0, 4.14
2019/07/20 10:29:00, 24.25, 24.38, 24.22, 41.11, 40.92, 0, 0, 4.14
2019/07/20 10:30:00, 24.25, 24.38, 24.19, 41.02, 40.90, 0, 0, 4.14
2019/07/20 10:31:00, 24.25, 24.39, 24.20, 41.05, 40.89, 0, 0, 4.14
2019/07/20 10:32:00, 24.25, 24.38, 24.21, 41.00, 40.89, 0, 0, 4.14
2019/07/20 10:33:00, 24.25, 24.38, 24.20, 40.97, 40.86, 0, 0, 4.14
2019/07/20 10:34:00, 24.25, 24.38, 24.21, 41.00, 40.86, 0, 0, 4.14
2019/07/20 10:35:00, 24.25, 24.36, 24.20, 40.98, 40.86, 0, 0, 4.14
2019/07/20 10:36:00, 24.25, 24.38, 24.21, 40.97, 40.85, 0, 0, 4.14
2019/07/20 10:37:00, 24.25, 24.38, 24.22, 41.01, 40.85, 0, 0, 4.14
2019/07/20 10:38:00, 24.25, 24.38, 24.21, 40.92, 40.83, 0, 0, 4.14
2019/07/20 10:39:00, 24.25, 24.39, 24.22, 40.93, 40.81, 0, 0, 4.14
2019/07/20 10:40:00, 24.25, 24.36, 24.22, 40.94, 40.80, 0, 0, 4.14
2019/07/20 10:41:00, 24.25, 24.40, 24.22, 40.95, 40.80, 0, 0, 4.14
2019/07/20 10:42:00, 24.25, 24.39, 24.20, 40.86, 40.78, 0, 0, 4.14
2019/07/20 10:43:00, 24.25, 24.38, 24.22, 40.90, 40.76, 0, 0, 4.14
2019/07/20 10:44:00, 24.25, 24.40, 24.22, 40.88, 40.78, 0, 0, 4.14
2019/07/20 10:45:00, 24.25, 24.39, 24.24, 40.84, 40.74, 0, 0, 4.14
2019/07/20 10:46:00, 24.25, 24.40, 24.23, 40.83, 40.70, 0, 0, 4.14
2019/07/20 10:47:00, 24.25, 24.40, 24.23, 40.82, 40.71, 0, 0, 4.14
2019/07/20 10:48:00, 24.25, 24.40, 24.24, 40.77, 40.68, 0, 0, 4.14
2019/07/20 10:49:00, 24.25, 24.40, 24.22, 40.75, 40.67, 0, 0, 4.14
2019/07/20 10:50:00, 24.25, 24.42, 24.23, 40.75, 40.66, 0, 0, 4.14
2019/07/20 10:51:00, 24.25, 24.42, 24.25, 40.77, 40.66, 0, 0, 4.14
2019/07/20 10:52:00, 24.25, 24.44, 24.23, 40.79, 40.65, 0, 0, 4.14
2019/07/20 10:53:00, 24.25, 24.42, 24.25, 40.72, 40.63, 0, 0, 4.14
2019/07/20 10:54:00, 24.25, 24.43, 24.25, 40.71, 40.60, 0, 0, 4.14
2019/07/20 10:55:00, 24.25, 24.43, 24.24, 40.71, 40.56, 0, 0, 4.14
2019/07/20 10:56:00, 24.25, 24.42, 24.25, 40.71, 40.58, 0, 0, 4.14
2019/07/20 10:57:00, 24.25, 24.42, 24.26, 40.66, 40.56, 0, 0, 4.14
2019/07/20 10:58:00, 24.25, 24.42, 24.25, 40.66, 40.53, 0, 0, 4.14
2019/07/20 10:59:00, 24.25, 24.43, 24.25, 40.62, 40.53, 0, 0, 4.14
2019/07/20 11:00:00, 24.25, 24.40, 24.25, 40.59, 40.50, 0, 0, 4.14
2019/07/20 11:01:00, 24.25, 24.42, 24.24, 40.59, 40.48, 0, 0, 4.14
2019/07/20 11:02:00, 24.25, 24.42, 24.24, 40.61, 40.46, 0, 0, 4.14
2019/07/20 11:03:00, 24.25, 24.43, 24.24, 40.53, 40.44, 0, 0, 4.14
2019/07/20 11:04:00, 24.25, 24.43, 24.25, 40.51, 40.43, 0, 0, 4.14
2019/07/20 11:05:00, 24.25, 24.40, 24.24, 40.48, 40.40, 0, 0, 4.14
2019/07/20 11:06:00, 24.25, 24.42, 24.25, 40.48, 40.37, 0, 0, 4.14
2019/07/20 11:07:00, 24.25, 24.42, 24.25, 40.42, 40.34, 0, 0, 4.14
2019/07/20 11:08:00, 24.25, 24.42, 24.25, 40.41, 40.35, 0, 0, 4.14
2019/07/20 11:09:00, 24.25, 24.42, 24.24, 40.43, 40.32, 0, 0, 4.14
2019/07/20 11:10:00, 24.25, 24.43, 24.24, 40.34, 40.25, 0, 0, 4.14
2019/07/20 11:11:00, 24.25, 24.43, 24.27, 40.36, 40.25, 0, 0, 4.14
2019/07/20 11:12:00, 24.25, 24.43, 24.24, 40.35, 40.26, 0, 0, 4.14
2019/07/20 11:13:00, 24.25, 24.42, 24.28, 40.26, 40.22, 0, 0, 4.14
2019/07/20 11:14:00, 24.25, 24.43, 24.25, 40.29, 40.21, 0, 0, 4.14
2019/07/20 11:15:00, 24.25, 24.42, 24.25, 40.25, 40.16, 0, 0, 4.14
2019/07/20 11:16:00, 24.25, 24.44, 24.24, 40.23, 40.17, 0, 0, 4.14
2019/07/20 11:17:00, 24.25, 24.42, 24.25, 40.22, 40.14, 0, 0, 4.14
2019/07/20 11:18:00, 24.25, 24.42, 24.25, 40.19, 40.11, 0, 0, 4.14
2019/07/20 11:19:00, 24.25, 24.43, 24.25, 40.19, 40.12, 0, 0, 4.14
2019/07/20 11:20:00, 24.25, 24.40, 24.25, 40.18, 40.06, 0, 0, 4.14
2019/07/20 11:21:00, 24.25, 24.43, 24.27, 40.14, 40.09, 0, 0, 4.14
2019/07/20 11:22:00, 24.25, 24.40, 24.25, 40.10, 40.02, 0, 0, 4.14
2019/07/20 11:23:00, 24.25, 24.42, 24.24, 40.12, 40.02, 0, 0, 4.14
2019/07/20 11:24:00, 24.25, 24.43, 24.24, 40.10, 40.01, 0, 0, 4.14
2019/07/20 11:25:00, 24.25, 24.42, 24.26, 40.09, 40.01, 0, 0, 4.14
2019/07/20 11:26:00, 24.25, 24.43, 24.24, 40.05, 39.98, 0, 0, 4.14
2019/07/20 11:27:00, 24.25, 24.42, 24.26, 40.05, 40.00, 0, 0, 4.14
2019/07/20 11:28:00, 24.50, 24.42, 24.24, 40.03, 39.94, 0, 0, 4.14
2019/07/20 11:29:00, 24.50, 24.43, 24.25, 40.02, 39.94, 0, 0, 4.14
2019/07/20 11:30:00, 24.50, 24.42, 24.24, 39.94, 39.89, 0, 0, 4.14
2019/07/20 11:31:00, 24.50, 24.42, 24.25, 39.98, 39.89, 0, 0, 4.14
2019/07/20 11:32:00, 24.50, 24.44, 24.25, 39.90, 39.86, 0, 0, 4.14
2019/07/20 11:33:00, 24.50, 24.43, 24.24, 39.91, 39.83, 0, 0, 4.14
2019/07/20 11:34:00, 24.50, 24.42, 24.25, 39.91, 39.82, 0, 0, 4.14
2019/07/20 11:35:00, 24.50, 24.44, 24.25, 39.86, 39.81, 0, 0, 4.14
2019/07/20 11:36:00, 24.50, 24.42, 24.24, 39.86, 39.79, 0, 0, 4.14
2019/07/20 11:37:00, 24.50, 24.43, 24.24, 39.87, 39.79, 0, 0, 4.14
2019/07/20 11:38:00, 24.50, 24.44, 24.22, 39.79, 39.77, 0, 0, 4.14
2019/07/20 11:39:00, 24.50, 24.44, 24.24, 39.83, 39.75, 0, 0, 4.14
2019/07/20 11:40:00, 24.50, 24.42, 24.25, 39.79, 39.76, 0, 0, 4.14
2019/07/20 11:41:00, 24.50, 24.42, 24.24, 39.80, 39.76, 0, 0, 4.14
2019/07/20 11:42:00, 24.50, 24.43, 24.24, 39.80, 39.76, 0, 0, 4.14
2019/07/20 11:43:00, 24.50, 24.42, 24.25, 39.75, 39.71, 0, 0, 4.14
2019/07/20 11:44:00, 24.50, 24.40, 24.23, 39.76, 39.72, 0, 0, 4.14
2019/07/20 11:45:00, 24.50, 24.43, 24.24, 39.76, 39.73, 0, 0, 4.14
2019/07/20 11:46:00, 24.50, 24.40, 24.23, 39.74, 39.69, 0, 0, 4.14
2019/07/20 11:47:00, 24.50, 24.42, 24.25, 39.74, 39.68, 0, 0, 4.14
2019/07/20 11:48:00, 24.50, 24.40, 24.24, 39.74, 39.68, 0, 0, 4.14
2019/07/20 11:49:00, 24.50, 24.43, 24.24, 39.68, 39.66, 0, 0, 4.14
2019/07/20 11:50:00, 24.50, 24.43, 24.21, 39.70, 39.63, 0, 0, 4.14
2019/07/20 11:51:00, 24.50, 24.43, 24.24, 39.70, 39.63, 0, 0, 4.14
2019/07/20 11:52:00, 24.50, 24.42, 24.22, 39.67, 39.62, 0, 0, 4.14
2019/07/20 11:53:00, 24.50, 24.39, 24.23, 39.68, 39.60, 0, 0, 4.14
2019/07/20 11:54:00, 24.50, 24.40, 24.22, 39.68, 39.59, 0, 0, 4.14
2019/07/20 11:55:00, 24.50, 24.42, 24.22, 39.63, 39.59, 0, 0, 4.14
2019/07/20 11:56:00, 24.50, 24.42, 24.24, 39.59, 39.57, 0, 0, 4.14
2019/07/20 11:57:00, 24.50, 24.40, 24.23, 39.63, 39.56, 0, 0, 4.14
2019/07/20 11:58:00, 24.50, 24.43, 24.23, 39.55, 39.55, 0, 0, 4.14
2019/07/20 11:59:00, 24.50, 24.42, 24.23, 39.58, 39.53, 0, 0, 4.14
2019/07/20 12:00:00, 24.50, 24.40, 24.23, 39.59, 39.50, 0, 0, 4.14
2019/07/20 12:01:00, 24.50, 24.39, 24.22, 39.53, 39.50, 0, 0, 4.14
2019/07/20 12:02:00, 24.50, 24.39, 24.23, 39.51, 39.47, 0, 0, 4.14
2019/07/20 12:03:00, 24.50, 24.40, 24.21, 39.47, 39.47, 0, 0, 4.14
2019/07/20 12:04:00, 24.50, 24.39, 24.23, 39.51, 39.44, 0, 0, 4.14
2019/07/20 12:05:00, 24.50, 24.39, 24.23, 39.47, 39.46, 0, 0, 4.14
2019/07/20 12:06:00, 24.50, 24.40, 24.22, 39.50, 39.44, 0, 0, 4.14
2019/07/20 12:07:00, 24.50, 24.40, 24.20, 39.46, 39.40, 0, 0, 4.14
2019/07/20 12:08:00, 24.50, 24.39, 24.22, 39.42, 39.40, 0, 0, 4.14
2019/07/20 12:09:00, 24.50, 24.39, 24.22, 39.35, 39.34, 0, 0, 4.14
2019/07/20 12:10:00, 24.50, 24.40, 24.22, 39.35, 39.32, 0, 0, 4.14
2019/07/20 12:11:00, 24.50, 24.40, 24.20, 39.35, 39.31, 0, 0, 4.14
2019/07/20 12:12:00, 24.50, 24.40, 24.22, 39.31, 39.33, 0, 0, 4.14
2019/07/20 12:13:00, 24.50, 24.39, 24.22, 39.29, 39.29, 0, 0, 4.14
2019/07/20 12:14:00, 24.50, 24.39, 24.23, 39.27, 39.29, 0, 0, 4.14
2019/07/20 12:15:00, 24.50, 24.39, 24.22, 39.27, 39.27, 0, 0, 4.14
2019/07/20 12:16:00, 24.50, 24.42, 24.22, 39.25, 39.24, 0, 0, 4.14
2019/07/20 12:17:00, 24.50, 24.39, 24.20, 39.22, 39.22, 0, 0, 4.14
2019/07/20 12:18:00, 24.50, 24.39, 24.22, 39.22, 39.19, 0, 0, 4.14
2019/07/20 12:19:00, 24.50, 24.39, 24.19, 39.23, 39.19, 0, 0, 4.14
2019/07/20 12:20:00, 24.50, 24.39, 24.21, 39.16, 39.18, 0, 0, 4.14
2019/07/20 12:21:00, 24.50, 24.38, 24.21, 39.20, 39.17, 0, 0, 4.14
2019/07/20 12:22:00, 24.50, 24.42, 24.21, 39.15, 39.15, 0, 0, 4.14
2019/07/20 12:23:00, 24.50, 24.39, 24.21, 39.14, 39.14, 0, 0, 4.14
2019/07/20 12:24:00, 24.50, 24.40, 24.21, 39.13, 39.12, 0, 0, 4.14
2019/07/20 12:25:00, 24.50, 24.39, 24.19, 39.11, 39.10, 0, 0, 4.14
2019/07/20 12:26:00, 24.50, 24.40, 24.20, 39.11, 39.07, 0, 0, 4.14
2019/07/20 12:27:00, 24.50, 24.39, 24.22, 39.06, 39.07, 0, 0, 4.14
2019/07/20 12:28:00, 24.50, 24.38, 24.20, 39.04, 39.02, 0, 0, 4.14
2019/07/20 12:29:00, 24.50, 24.39, 24.20, 39.04, 39.02, 0, 0, 4.14
2019/07/20 12:30:00, 24.50, 24.38, 24.19, 39.03, 39.02, 0, 0, 4.14
2019/07/20 12:31:00, 24.50, 24.38, 24.20, 39.01, 39.00, 0, 0, 4.14
2019/07/20 12:32:00, 24.50, 24.39, 24.21, 39.00, 38.98, 0, 0, 4.14
2019/07/20 12:33:00, 24.50, 24.39, 24.20, 38.89, 38.96, 0, 0, 4.14
2019/07/20 12:34:00, 24.50, 24.39, 24.18, 38.93, 38.93, 0, 0, 4.14
2019/07/20 12:35:00, 24.50, 24.39, 24.20, 38.88, 38.90, 0, 0, 4.14
2019/07/20 12:36:00, 24.50, 24.39, 24.18, 38.87, 38.87, 0, 0, 4.14
2019/07/20 12:37:00, 24.50, 24.38, 24.19, 38.81, 38.83, 0, 0, 4.14
2019/07/20 12:38:00, 24.50, 24.36, 24.19, 38.81, 38.81, 0, 0, 4.14
2019/07/20 12:39:00, 24.50, 24.36, 24.20, 38.78, 38.81, 0, 0, 4.14
2019/07/20 12:40:00, 24.50, 24.36, 24.19, 38.76, 38.77, 0, 0, 4.14
2019/07/20 12:41:00, 24.50, 24.36, 24.17, 38.69, 38.76, 0, 0, 4.14
2019/07/20 12:42:00, 24.50, 24.36, 24.18, 38.74, 38.72, 0, 0, 4.14
2019/07/20 12:43:00, 24.50, 24.38, 24.18, 38.69, 38.68, 0, 0, 4.14
2019/07/20 12:44:00, 24.50, 24.40, 24.19, 38.64, 38.66, 0, 0, 4.14
2019/07/20 12:45:00, 24.50, 24.40, 24.19, 38.60, 38.62, 0, 0, 4.14
2019/07/20 12:46:00, 24.50, 24.36, 24.20, 38.57, 38.58, 0, 0, 4.14
2019/07/20 12:47:00, 24.50, 24.35, 24.16, 38.54, 38.54, 0, 0, 4.14
2019/07/20 12:48:00, 24.50, 24.38, 24.19, 38.50, 38.52, 0, 0, 4.14
2019/07/20 12:49:00, 24.50, 24.38, 24.18, 38.46, 38.48, 0, 0, 4.14
2019/07/20 12:50:00, 24.50, 24.39, 24.19, 38.41, 38.45, 0, 0, 4.14
2019/07/20 12:51:00, 24.50, 24.38, 24.17, 38.39, 38.40, 0, 0, 4.14
2019/07/20 12:52:00, 24.50, 24.38, 24.18, 38.38, 38.38, 0, 0, 4.14
2019/07/20 12:53:00, 24.50, 24.36, 24.17, 38.33, 38.33, 0, 0, 4.14
2019/07/20 12:54:00, 24.50, 24.36, 24.18, 38.24, 38.30, 0, 0, 4.14
2019/07/20 12:55:00, 24.50, 24.35, 24.17, 38.28, 38.25, 0, 0, 4.14
2019/07/20 12:56:00, 24.50, 24.36, 24.17, 38.18, 38.22, 0, 0, 4.14
2019/07/20 12:57:00, 24.50, 24.35, 24.19, 38.19, 38.18, 0, 0, 4.14
2019/07/20 12:58:00, 24.50, 24.35, 24.18, 38.12, 38.15, 0, 0, 4.14
2019/07/20 12:59:00, 24.50, 24.35, 24.18, 38.09, 38.13, 0, 0, 4.14
2019/07/20 13:00:00, 24.50, 24.33, 24.16, 38.04, 38.05, 0, 0, 4.14
2019/07/20 13:01:00, 24.50, 24.36, 24.17, 37.98, 38.02, 0, 0, 4.14
2019/07/20 13:02:00, 24.50, 24.35, 24.18, 37.93, 37.96, 0, 0, 4.14
2019/07/20 13:03:00, 24.50, 24.38, 24.18, 37.91, 37.93, 0, 0, 4.14
2019/07/20 13:04:00, 24.50, 24.38, 24.17, 37.85, 37.87, 0, 0, 4.14
2019/07/20 13:05:00, 24.50, 24.35, 24.16, 37.82, 37.83, 0, 0, 4.14
2019/07/20 13:06:00, 24.50, 24.35, 24.16, 37.75, 37.79, 0, 0, 4.14
2019/07/20 13:07:00, 24.50, 24.35, 24.18, 37.72, 37.76, 0, 0, 4.14
2019/07/20 13:08:00, 24.50, 24.36, 24.16, 37.68, 37.72, 0, 0, 4.14
2019/07/20 13:09:00, 24.50, 24.38, 24.16, 37.66, 37.67, 0, 0, 4.14
2019/07/20 13:10:00, 24.50, 24.36, 24.16, 37.57, 37.64, 0, 0, 4.14
2019/07/20 13:11:00, 24.50, 24.35, 24.17, 37.54, 37.58, 0, 0, 4.14
2019/07/20 13:12:00, 24.50, 24.38, 24.18, 37.47, 37.54, 0, 0, 4.14
2019/07/20 13:13:00, 24.50, 24.35, 24.17, 37.45, 37.50, 0, 0, 4.14
2019/07/20 13:14:00, 24.50, 24.38, 24.15, 37.44, 37.48, 0, 0, 4.14
2019/07/20 13:15:00, 24.50, 24.36, 24.16, 37.41, 37.45, 0, 0, 4.14
2019/07/20 13:16:00, 24.50, 24.36, 24.17, 37.37, 37.43, 0, 0, 4.14
2019/07/20 13:17:00, 24.50, 24.38, 24.17, 37.38, 37.40, 0, 0, 4.14
2019/07/20 13:18:00, 24.50, 24.35, 24.17, 37.36, 37.37, 0, 0, 4.14
2019/07/20 13:19:00, 24.50, 24.36, 24.16, 37.33, 37.35, 0, 0, 4.14
2019/07/20 13:20:00, 24.50, 24.36, 24.18, 37.31, 37.34, 0, 0, 4.14
2019/07/20 13:21:00, 24.50, 24.38, 24.17, 37.26, 37.31, 0, 0, 4.14
2019/07/20 13:22:00, 24.50, 24.36, 24.18, 37.25, 37.30, 0, 0, 4.14
2019/07/20 13:23:00, 24.50, 24.35, 24.17, 37.25, 37.28, 0, 0, 4.14
2019/07/20 13:24:00, 24.50, 24.35, 24.19, 37.21, 37.28, 0, 0, 4.14
2019/07/20 13:25:00, 24.50, 24.36, 24.17, 37.23, 37.27, 0, 0, 4.14
2019/07/20 13:26:00, 24.50, 24.36, 24.19, 37.25, 37.28, 0, 0, 4.14
2019/07/20 13:27:00, 24.50, 24.36, 24.18, 37.24, 37.28, 0, 0, 4.14
2019/07/20 13:28:00, 24.50, 24.38, 24.18, 37.22, 37.26, 0, 0, 4.14
2019/07/20 13:29:00, 24.50, 24.38, 24.19, 37.27, 37.29, 0, 0, 4.14
2019/07/20 13:30:00, 24.50, 24.36, 24.19, 37.23, 37.30, 0, 0, 4.14
2019/07/20 13:31:00, 24.50, 24.39, 24.19, 37.22, 37.26, 0, 0, 4.14
2019/07/20 13:32:00, 24.50, 24.39, 24.19, 37.24, 37.28, 0, 0, 4.14
2019/07/20 13:33:00, 24.50, 24.39, 24.19, 37.27, 37.29, 0, 0, 4.14
2019/07/20 13:34:00, 24.50, 24.39, 24.17, 37.27, 37.28, 0, 0, 4.14
2019/07/20 13:35:00, 24.50, 24.40, 24.18, 37.29, 37.29, 0, 0, 4.14
2019/07/20 13:36:00, 24.50, 24.38, 24.20, 37.27, 37.30, 0, 0, 4.14
2019/07/20 13:37:00, 24.50, 24.39, 24.18, 37.25, 37.31, 0, 0, 4.14
2019/07/20 13:38:00, 24.50, 24.39, 24.20, 37.30, 37.31, 0, 0, 4.14
2019/07/20 13:39:00, 24.50, 24.40, 24.21, 37.33, 37.31, 0, 0, 4.14
2019/07/20 13:40:00, 24.50, 24.39, 24.18, 37.33, 37.35, 0, 0, 4.14
2019/07/20 13:41:00, 24.50, 24.36, 24.22, 37.30, 37.35, 0, 0, 4.14
2019/07/20 13:42:00, 24.50, 24.38, 24.22, 37.30, 37.36, 0, 0, 4.14
2019/07/20 13:43:00, 24.50, 24.40, 24.20, 37.33, 37.38, 0, 0, 4.14
2019/07/20 13:44:00, 24.50, 24.42, 24.22, 37.32, 37.38, 0, 0, 4.14
2019/07/20 13:45:00, 24.50, 24.39, 24.20, 37.33, 37.35, 0, 0, 4.14
2019/07/20 13:46:00, 24.50, 24.39, 24.21, 37.35, 37.38, 0, 0, 4.14
2019/07/20 13:47:00, 24.50, 24.42, 24.21, 37.37, 37.38, 0, 0, 4.14
2019/07/20 13:48:00, 24.50, 24.40, 24.22, 37.41, 37.42, 0, 0, 4.14
2019/07/20 13:49:00, 24.50, 24.43, 24.21, 37.37, 37.40, 0, 0, 4.14
2019/07/20 13:50:00, 24.50, 24.43, 24.22, 37.39, 37.40, 0, 0, 4.14
2019/07/20 13:51:00, 24.50, 24.40, 24.22, 37.43, 37.41, 0, 0, 4.14
2019/07/20 13:52:00, 24.50, 24.40, 24.23, 37.43, 37.43, 0, 0, 4.14
2019/07/20 13:53:00, 24.50, 24.42, 24.22, 37.40, 37.43, 0, 0, 4.14
2019/07/20 13:54:00, 24.50, 24.40, 24.22, 37.43, 37.43, 0, 0, 4.14
2019/07/20 13:55:00, 24.50, 24.40, 24.24, 37.43, 37.44, 0, 0, 4.14
2019/07/20 13:56:00, 24.50, 24.42, 24.21, 37.41, 37.44, 0, 0, 4.14
2019/07/20 13:57:00, 24.50, 24.40, 24.23, 37.46, 37.45, 0, 0, 4.14
2019/07/20 13:58:00, 24.50, 24.42, 24.24, 37.40, 37.47, 0, 0, 4.14
2019/07/20 13:59:00, 24.50, 24.43, 24.23, 37.44, 37.47, 0, 0, 4.14
2019/07/20 14:00:00, 24.50, 24.43, 24.23, 37.47, 37.47, 0, 0, 4.14
2019/07/20 14:01:00, 24.50, 24.42, 24.24, 37.44, 37.47, 0, 0, 4.14
2019/07/20 14:02:00, 24.50, 24.40, 24.23, 37.47, 37.51, 0, 0, 4.14
2019/07/20 14:03:00, 24.50, 24.43, 24.22, 37.50, 37.50, 0, 0, 4.14
2019/07/20 14:04:00, 24.50, 24.43, 24.23, 37.47, 37.48, 0, 0, 4.14
2019/07/20 14:05:00, 24.50, 24.42, 24.23, 37.47, 37.51, 0, 0, 4.14
2019/07/20 14:06:00, 24.50, 24.42, 24.25, 37.54, 37.52, 0, 0, 4.14
2019/07/20 14:07:00, 24.50, 24.44, 24.24, 37.54, 37.54, 0, 0, 4.14
2019/07/20 14:08:00, 24.50, 24.43, 24.23, 37.51, 37.55, 0, 0, 4.14
2019/07/20 14:09:00, 24.50, 24.42, 24.23, 37.52, 37.54, 0, 0, 4.14
2019/07/20 14:10:00, 24.50, 24.43, 24.25, 37.52, 37.56, 0, 0, 4.14
2019/07/20 14:11:00, 24.50, 24.40, 24.24, 37.56, 37.55, 0, 0, 4.14
2019/07/20 14:12:00, 24.50, 24.42, 24.23, 37.52, 37.56, 0, 0, 4.14
2019/07/20 14:13:00, 24.50, 24.42, 24.23, 37.55, 37.57, 0, 0, 4.14
2019/07/20 14:14:00, 24.50, 24.42, 24.25, 37.56, 37.58, 0, 0, 4.14
2019/07/20 14:15:00, 24.50, 24.42, 24.23, 37.62, 37.60, 0, 0, 4.14
2019/07/20 14:16:00, 24.50, 24.43, 24.22, 37.57, 37.60, 0, 0, 4.14
2019/07/20 14:17:00, 24.50, 24.43, 24.23, 37.56, 37.60, 0, 0, 4.14
2019/07/20 14:18:00, 24.50, 24.42, 24.22, 37.60, 37.62, 0, 0, 4.14
2019/07/20 14:19:00, 24.50, 24.42, 24.23, 37.64, 37.60, 0, 0, 4.14
2019/07/20 14:20:00, 24.50, 24.40, 24.23, 37.63, 37.62, 0, 0, 4.14
2019/07/20 14:21:00, 24.50, 24.43, 24.23, 37.62, 37.63, 0, 0, 4.14
2019/07/20 14:22:00, 24.50, 24.43, 24.23, 37.62, 37.63, 0, 0, 4.14
2019/07/20 14:23:00, 24.50, 24.43, 24.24, 37.64, 37.63, 0, 0, 4.14
2019/07/20 14:24:00, 24.50, 24.40, 24.22, 37.66, 37.65, 0, 0, 4.14
2019/07/20 14:25:00, 24.50, 24.42, 24.24, 37.62, 37.67, 0, 0, 4.14
2019/07/20 14:26:00, 24.50, 24.43, 24.23, 37.63, 37.66, 0, 0, 4.14
2019/07/20 14:27:00, 24.50, 24.42, 24.23, 37.62, 37.66, 0, 0, 4.14
2019/07/20 14:28:00, 24.50, 24.42, 24.22, 37.67, 37.67, 0, 0, 4.14
2019/07/20 14:29:00, 24.50, 24.36, 24.20, 37.68, 37.69, 0, 0, 4.14
2019/07/20 14:30:00, 24.50, 24.38, 24.19, 37.71, 37.72, 0, 0, 4.14
2019/07/20 14:31:00, 24.50, 24.40, 24.18, 37.75, 37.73, 0, 0, 4.14
2019/07/20 14:32:00, 24.50, 24.36, 24.19, 37.74, 37.76, 0, 0, 4.14
2019/07/20 14:33:00, 24.50, 24.36, 24.16, 37.80, 37.81, 0, 0, 4.14
2019/07/20 14:34:00, 24.50, 24.36, 24.16, 37.77, 37.83, 0, 0, 4.14
2019/07/20 14:35:00, 24.50, 24.35, 24.15, 37.87, 37.87, 0, 0, 4.14
2019/07/20 14:36:00, 24.50, 24.35, 24.13, 37.87, 37.87, 0, 0, 4.14
2019/07/20 14:37:00, 24.50, 24.33, 24.13, 37.91, 37.89, 0, 0, 4.14
2019/07/20 14:38:00, 24.50, 24.32, 24.13, 37.86, 37.88, 0, 0, 4.14
2019/07/20 14:39:00, 24.50, 24.32, 24.12, 37.86, 37.89, 0, 0, 4.14
2019/07/20 14:40:00, 24.50, 24.29, 24.10, 37.90, 37.90, 0, 0, 4.14
2019/07/20 14:41:00, 24.50, 24.31, 24.11, 37.92, 37.93, 0, 0, 4.14
2019/07/20 14:42:00, 24.50, 24.26, 24.08, 37.94, 37.93, 0, 0, 4.14
2019/07/20 14:43:00, 24.50, 24.27, 24.09, 37.95, 37.96, 0, 0, 4.14
2019/07/20 14:44:00, 24.50, 24.26, 24.09, 37.95, 37.96, 0, 0, 4.14
2019/07/20 14:45:00, 24.50, 24.26, 24.10, 37.99, 37.98, 0, 0, 4.14
2019/07/20 14:46:00, 24.50, 24.27, 24.07, 37.97, 37.99, 0, 0, 4.14
2019/07/20 14:47:00, 24.50, 24.25, 24.06, 38.00, 37.99, 0, 0, 4.14
2019/07/20 14:48:00, 24.50, 24.25, 24.05, 38.01, 37.99, 0, 0, 4.14
2019/07/20 14:49:00, 24.50, 24.25, 24.06, 38.00, 38.02, 0, 0, 4.14
2019/07/20 14:50:00, 24.50, 24.23, 24.04, 37.97, 38.02, 0, 0, 4.14
2019/07/20 14:51:00, 24.50, 24.25, 24.06, 38.00, 38.02, 0, 0, 4.14
2019/07/20 14:52:00, 24.50, 24.23, 24.06, 38.02, 38.02, 0, 0, 4.14
2019/07/20 14:53:00, 24.50, 24.23, 24.02, 38.01, 38.00, 0, 0, 4.14
2019/07/20 14:54:00, 24.50, 24.20, 24.02, 38.02, 38.04, 0, 0, 4.14
2019/07/20 14:55:00, 24.50, 24.23, 24.04, 38.06, 38.06, 0, 0, 4.14
2019/07/20 14:56:00, 24.50, 24.20, 24.02, 38.05, 38.05, 0, 0, 4.14
2019/07/20 14:57:00, 24.50, 24.22, 24.04, 38.02, 38.05, 0, 0, 4.14
2019/07/20 14:58:00, 24.50, 24.23, 24.00, 38.06, 38.02, 0, 0, 4.14
2019/07/20 14:59:00, 24.50, 24.22, 24.03, 38.01, 38.00, 0, 0, 4.14
2019/07/20 15:00:00, 24.50, 24.18, 24.01, 38.06, 38.05, 0, 0, 4.14
2019/07/20 15:01:00, 24.50, 24.20, 24.02, 38.02, 38.04, 0, 0, 4.14
2019/07/20 15:02:00, 24.50, 24.19, 24.03, 37.97, 38.01, 0, 0, 4.14
2019/07/20 15:03:00, 24.50, 24.20, 24.00, 38.01, 38.02, 0, 0, 4.14
2019/07/20 15:04:00, 24.50, 24.20, 24.01, 37.95, 37.99, 0, 0, 4.14
2019/07/20 15:05:00, 24.50, 24.18, 24.02, 37.97, 37.99, 0, 0, 4.14
2019/07/20 15:06:00, 24.50, 24.22, 24.02, 37.98, 37.97, 0, 0, 4.14
2019/07/20 15:07:00, 24.50, 24.20, 24.00, 37.97, 37.97, 0, 0, 4.14
2019/07/20 15:08:00, 24.50, 24.19, 24.01, 37.94, 37.97, 0, 0, 4.14
2019/07/20 15:09:00, 24.50, 24.20, 23.98, 37.95, 37.97, 0, 0, 4.14
2019/07/20 15:10:00, 24.50, 24.18, 24.00, 37.96, 37.97, 0, 0, 4.14
2019/07/20 15:11:00, 24.50, 24.18, 23.98, 37.95, 37.96, 0, 0, 4.14
2019/07/20 15:12:00, 24.50, 24.18, 24.00, 37.91, 37.97, 0, 0, 4.14
2019/07/20 15:13:00, 24.50, 24.16, 24.00, 37.96, 37.96, 0, 0, 4.14
2019/07/20 15:14:00, 24.50, 24.18, 23.97, 37.92, 37.96, 0, 0, 4.14
2019/07/20 15:15:00, 24.50, 24.16, 23.96, 37.90, 37.94, 0, 0, 4.14
2019/07/20 15:16:00, 24.50, 24.18, 23.97, 37.94, 37.96, 0, 0, 4.14
2019/07/20 15:17:00, 24.50, 24.16, 23.98, 37.87, 37.91, 0, 0, 4.14
2019/07/20 15:18:00, 24.50, 24.16, 23.97, 37.88, 37.91, 0, 0, 4.14
2019/07/20 15:19:00, 24.50, 24.16, 23.96, 37.90, 37.92, 0, 0, 4.14
2019/07/20 15:20:00, 24.50, 24.15, 23.96, 37.88, 37.92, 0, 0, 4.14
2019/07/20 15:21:00, 24.50, 24.14, 23.94, 37.87, 37.89, 0, 0, 4.14
2019/07/20 15:22:00, 24.50, 24.15, 23.96, 37.87, 37.87, 0, 0, 4.14
2019/07/20 15:23:00, 24.50, 24.15, 23.96, 37.90, 37.89, 0, 0, 4.14
2019/07/20 15:24:00, 24.50, 24.14, 23.95, 37.87, 37.88, 0, 0, 4.14
2019/07/20 15:25:00, 24.50, 24.15, 23.96, 37.81, 37.88, 0, 0, 4.14
2019/07/20 15:26:00, 24.50, 24.14, 23.95, 37.84, 37.84, 0, 0, 4.14
2019/07/20 15:27:00, 24.50, 24.15, 23.95, 37.87, 37.83, 0, 0, 4.14
2019/07/20 15:28:00, 24.50, 24.16, 23.95, 37.82, 37.86, 0, 0, 4.14
2019/07/20 15:29:00, 24.50, 24.14, 23.95, 37.83, 37.86, 0, 0, 4.14
2019/07/20 15:30:00, 24.50, 24.14, 23.95, 37.81, 37.84, 0, 0, 4.14
2019/07/20 15:31:00, 24.50, 24.12, 23.95, 37.80, 37.83, 0, 0, 4.14
2019/07/20 15:32:00, 24.50, 24.16, 23.95, 37.79, 37.82, 0, 0, 4.14
2019/07/20 15:33:00, 24.50, 24.14, 23.95, 37.81, 37.81, 0, 0, 4.14
2019/07/20 15:34:00, 24.50, 24.14, 23.94, 37.81, 37.83, 0, 0, 4.14
2019/07/20 15:35:00, 24.50, 24.12, 23.95, 37.84, 37.82, 0, 0, 4.14
2019/07/20 15:36:00, 24.50, 24.15, 23.95, 37.81, 37.83, 0, 0, 4.14
2019/07/20 15:37:00, 24.50, 24.14, 23.95, 37.77, 37.83, 0, 0, 4.14
2019/07/20 15:38:00, 24.50, 24.12, 23.94, 37.79, 37.80, 0, 0, 4.14
2019/07/20 15:39:00, 24.50, 24.12, 23.95, 37.77, 37.78, 0, 0, 4.14
2019/07/20 15:40:00, 24.50, 24.16, 23.92, 37.81, 37.81, 0, 0, 4.14
2019/07/20 15:41:00, 24.50, 24.12, 23.94, 37.76, 37.80, 0, 0, 4.14
2019/07/20 15:42:00, 24.25, 24.14, 23.94, 37.82, 37.83, 0, 0, 4.14
2019/07/20 15:43:00, 24.50, 24.11, 23.92, 37.74, 37.78, 0, 0, 4.14
2019/07/20 15:44:00, 24.50, 24.12, 23.93, 37.76, 37.78, 0, 0, 4.14
2019/07/20 15:45:00, 24.50, 24.14, 23.94, 37.76, 37.79, 0, 0, 4.14
2019/07/20 15:46:00, 24.25, 24.14, 23.93, 37.75, 37.78, 0, 0, 4.14
2019/07/20 15:47:00, 24.25, 24.12, 23.92, 37.78, 37.78, 0, 0, 4.14
2019/07/20 15:48:00, 24.25, 24.12, 23.92, 37.77, 37.76, 0, 0, 4.14
2019/07/20 15:49:00, 24.25, 24.11, 23.94, 37.78, 37.80, 0, 0, 4.14
2019/07/20 15:50:00, 24.25, 24.11, 23.92, 37.74, 37.78, 0, 0, 4.14
2019/07/20 15:51:00, 24.25, 24.12, 23.94, 37.76, 37.77, 0, 0, 4.14
2019/07/20 15:52:00, 24.25, 24.11, 23.91, 37.74, 37.74, 0, 0, 4.14
2019/07/20 15:53:00, 24.25, 24.08, 23.92, 37.70, 37.76, 0, 0, 4.14
2019/07/20 15:54:00, 24.25, 24.09, 23.92, 37.76, 37.73, 0, 0, 4.14
2019/07/20 15:55:00, 24.25, 24.14, 23.91, 37.73, 37.74, 0, 0, 4.14
2019/07/20 15:56:00, 24.25, 24.09, 23.92, 37.72, 37.74, 0, 0, 4.14
2019/07/20 15:57:00, 24.25, 24.12, 23.93, 37.70, 37.72, 0, 0, 4.14
2019/07/20 15:58:00, 24.25, 24.09, 23.92, 37.78, 37.73, 0, 0, 4.14
2019/07/20 15:59:00, 24.25, 24.09, 23.94, 37.70, 37.75, 0, 0, 4.14
2019/07/20 16:00:00, 24.25, 24.12, 23.91, 37.69, 37.71, 0, 0, 4.14
2019/07/20 16:01:00, 24.25, 24.11, 23.89, 37.75, 37.72, 0, 0, 4.14
2019/07/20 16:02:00, 24.25, 24.09, 23.92, 37.70, 37.70, 0, 0, 4.14
2019/07/20 16:03:00, 24.25, 24.11, 23.92, 37.70, 37.71, 0, 0, 4.14
2019/07/20 16:04:00, 24.25, 24.14, 23.93, 37.61, 37.68, 0, 0, 4.14
2019/07/20 16:05:00, 24.25, 24.09, 23.92, 37.66, 37.68, 0, 0, 4.14
2019/07/20 16:06:00, 24.25, 24.11, 23.92, 37.71, 37.68, 0, 0, 4.14
2019/07/20 16:07:00, 24.25, 24.09, 23.89, 37.69, 37.68, 0, 0, 4.14
2019/07/20 16:08:00, 24.25, 24.09, 23.92, 37.65, 37.68, 0, 0, 4.14
2019/07/20 16:09:00, 24.25, 24.11, 23.89, 37.65, 37.67, 0, 0, 4.14
2019/07/20 16:10:00, 24.25, 24.09, 23.91, 37.69, 37.67, 0, 0, 4.14
2019/07/20 16:11:00, 24.25, 24.09, 23.89, 37.69, 37.67, 0, 0, 4.14
2019/07/20 16:12:00, 24.25, 24.11, 23.89, 37.63, 37.67, 0, 0, 4.14
2019/07/20 16:13:00, 24.25, 24.09, 23.89, 37.65, 37.67, 0, 0, 4.14
2019/07/20 16:14:00, 24.25, 24.11, 23.90, 37.67, 37.64, 0, 0, 4.14
2019/07/20 16:15:00, 24.25, 24.07, 23.89, 37.58, 37.66, 0, 0, 4.14
2019/07/20 16:16:00, 24.25, 24.09, 23.90, 37.62, 37.64, 0, 0, 4.14
2019/07/20 16:17:00, 24.25, 24.08, 23.89, 37.64, 37.65, 0, 0, 4.14
2019/07/20 16:18:00, 24.25, 24.07, 23.89, 37.61, 37.64, 0, 0, 4.14
2019/07/20 16:19:00, 24.25, 24.09, 23.89, 37.62, 37.61, 0, 0, 4.14
2019/07/20 16:20:00, 24.25, 24.09, 23.87, 37.61, 37.66, 0, 0, 4.14
2019/07/20 16:21:00, 24.25, 24.07, 23.88, 37.59, 37.60, 0, 0, 4.14
2019/07/20 16:22:00, 24.25, 24.05, 23.88, 37.65, 37.63, 0, 0, 4.14
2019/07/20 16:23:00, 24.25, 24.09, 23.89, 37.62, 37.63, 0, 0, 4.14
2019/07/20 16:24:00, 24.25, 24.09, 23.88, 37.63, 37.64, 0, 0, 4.14
2019/07/20 16:25:00, 24.25, 24.08, 23.88, 37.59, 37.63, 0, 0, 4.14
2019/07/20 16:26:00, 24.25, 24.08, 23.88, 37.61, 37.60, 0, 0, 4.14
2019/07/20 16:27:00, 24.25, 24.07, 23.88, 37.58, 37.62, 0, 0, 4.14
2019/07/20 16:28:00, 24.25, 24.07, 23.87, 37.58, 37.63, 0, 0, 4.14
2019/07/20 16:29:00, 24.25, 24.08, 23.88, 37.62, 37.61, 0, 0, 4.14
2019/07/20 16:30:00, 24.25, 24.05, 23.86, 37.59, 37.60, 0, 0, 4.14
2019/07/20 16:31:00, 24.25, 24.11, 23.88, 37.61, 37.58, 0, 0, 4.14
2019/07/20 16:32:00, 24.25, 24.07, 23.86, 37.55, 37.59, 0, 0, 4.14
2019/07/20 16:33:00, 24.25, 24.07, 23.87, 37.55, 37.59, 0, 0, 4.14
2019/07/20 16:34:00, 24.25, 24.05, 23.90, 37.58, 37.57, 0, 0, 4.14
2019/07/20 16:35:00, 24.25, 24.08, 23.88, 37.58, 37.58, 0, 0, 4.14
2019/07/20 16:36:00, 24.25, 24.05, 23.89, 37.57, 37.60, 0, 0, 4.14
2019/07/20 16:37:00, 24.25, 24.07, 23.88, 37.58, 37.59, 0, 0, 4.14
2019/07/20 16:38:00, 24.25, 24.05, 23.87, 37.62, 37.58, 0, 0, 4.14
2019/07/20 16:39:00, 24.25, 24.07, 23.86, 37.58, 37.56, 0, 0, 4.14
2019/07/20 16:40:00, 24.25, 24.05, 23.84, 37.59, 37.58, 0, 0, 4.14
2019/07/20 16:41:00, 24.25, 24.05, 23.86, 37.58, 37.59, 0, 0, 4.14
2019/07/20 16:42:00, 24.25, 24.07, 23.83, 37.54, 37.59, 0, 0, 4.14
2019/07/20 16:43:00, 24.25, 24.05, 23.87, 37.54, 37.56, 0, 0, 4.14
2019/07/20 16:44:00, 24.25, 24.07, 23.87, 37.57, 37.57, 0, 0, 4.14
2019/07/20 16:45:00, 24.25, 24.07, 23.87, 37.55, 37.57, 0, 0, 4.14
2019/07/20 16:46:00, 24.25, 24.05, 23.87, 37.51, 37.54, 0, 0, 4.14
2019/07/20 16:47:00, 24.25, 24.07, 23.87, 37.50, 37.52, 0, 0, 4.14
2019/07/20 16:48:00, 24.25, 24.05, 23.88, 37.54, 37.52, 0, 0, 4.14
2019/07/20 16:49:00, 24.25, 24.07, 23.86, 37.49, 37.51, 0, 0, 4.14
2019/07/20 16:50:00, 24.25, 24.05, 23.86, 37.50, 37.51, 0, 0, 4.14
2019/07/20 16:51:00, 24.25, 24.05, 23.86, 37.46, 37.49, 0, 0, 4.14
2019/07/20 16:52:00, 24.25, 24.07, 23.87, 37.51, 37.50, 0, 0, 4.14
2019/07/20 16:53:00, 24.25, 24.04, 23.86, 37.46, 37.47, 0, 0, 4.14
2019/07/20 16:54:00, 24.25, 24.07, 23.86, 37.49, 37.47, 0, 0, 4.14
2019/07/20 16:55:00, 24.25, 24.05, 23.88, 37.46, 37.47, 0, 0, 4.14
2019/07/20 16:56:00, 24.25, 24.07, 23.87, 37.45, 37.47, 0, 0, 4.14
2019/07/20 16:57:00, 24.25, 24.04, 23.86, 37.43, 37.47, 0, 0, 4.14
2019/07/20 16:58:00, 24.25, 24.07, 23.87, 37.39, 37.43, 0, 0, 4.14
2019/07/20 16:59:00, 24.25, 24.07, 23.84, 37.44, 37.46, 0, 0, 4.14
2019/07/20 17:00:00, 24.25, 24.07, 23.87, 37.45, 37.44, 0, 0, 4.14
2019/07/20 17:01:00, 24.25, 24.05, 23.86, 37.41, 37.43, 0, 0, 4.14
2019/07/20 17:02:00, 24.25, 24.05, 23.86, 37.38, 37.44, 0, 0, 4.14
2019/07/20 17:03:00, 24.25, 24.05, 23.83, 37.39, 37.42, 0, 0, 4.14
2019/07/20 17:04:00, 24.25, 24.05, 23.84, 37.42, 37.44, 0, 0, 4.14
2019/07/20 17:05:00, 24.25, 24.05, 23.86, 37.43, 37.44, 0, 0, 4.14
2019/07/20 17:06:00, 24.25, 24.04, 23.86, 37.44, 37.43, 0, 0, 4.14
2019/07/20 17:07:00, 24.25, 24.05, 23.84, 37.39, 37.43, 0, 0, 4.14
2019/07/20 17:08:00, 24.25, 24.04, 23.83, 37.38, 37.38, 0, 0, 4.14
2019/07/20 17:09:00, 24.25, 24.05, 23.84, 37.35, 37.35, 0, 0, 4.14
2019/07/20 17:10:00, 24.25, 24.04, 23.86, 37.42, 37.41, 0, 0, 4.14
2019/07/20 17:11:00, 24.25, 24.05, 23.86, 37.35, 37.38, 0, 0, 4.14
2019/07/20 17:12:00, 24.25, 24.04, 23.87, 37.34, 37.36, 0, 0, 4.14
2019/07/20 17:13:00, 24.25, 24.02, 23.83, 37.35, 37.32, 0, 0, 4.14
2019/07/20 17:14:00, 24.25, 24.05, 23.86, 37.36, 37.33, 0, 0, 4.14
2019/07/20 17:15:00, 24.25, 24.04, 23.84, 37.30, 37.33, 0, 0, 4.14
2019/07/20 17:16:00, 24.25, 24.05, 23.88, 37.32, 37.33, 0, 0, 4.14
2019/07/20 17:17:00, 24.25, 24.04, 23.84, 37.27, 37.31, 0, 0, 4.14
2019/07/20 17:18:00, 24.25, 24.04, 23.84, 37.25, 37.29, 0, 0, 4.14
2019/07/20 17:19:00, 24.25, 24.02, 23.86, 37.24, 37.28, 0, 0, 4.14
2019/07/20 17:20:00, 24.25, 24.04, 23.84, 37.24, 37.26, 0, 0, 4.14
2019/07/20 17:21:00, 24.25, 24.04, 23.82, 37.23, 37.25, 0, 0, 4.14
2019/07/20 17:22:00, 24.25, 24.02, 23.86, 37.24, 37.24, 0, 0, 4.14
2019/07/20 17:23:00, 24.25, 24.02, 23.86, 37.25, 37.25, 0, 0, 4.14
2019/07/20 17:24:00, 24.25, 24.04, 23.86, 37.19, 37.23, 0, 0, 4.14
2019/07/20 17:25:00, 24.25, 24.04, 23.83, 37.22, 37.26, 0, 0, 4.14
2019/07/20 17:26:00, 24.25, 24.04, 23.86, 37.20, 37.23, 0, 0, 4.14
2019/07/20 17:27:00, 24.25, 24.01, 23.84, 37.22, 37.23, 0, 0, 4.14
2019/07/20 17:28:00, 24.25, 24.05, 23.83, 37.18, 37.21, 0, 0, 4.14
2019/07/20 17:29:00, 24.25, 24.04, 23.83, 37.18, 37.19, 0, 0, 4.14
2019/07/20 17:30:00, 24.25, 24.02, 23.82, 37.18, 37.21, 0, 0, 4.14
2019/07/20 17:31:00, 24.25, 24.04, 23.83, 37.20, 37.22, 0, 0, 4.14
2019/07/20 17:32:00, 24.25, 24.04, 23.83, 37.22, 37.23, 0, 0, 4.14
2019/07/20 17:33:00, 24.25, 24.02, 23.82, 37.18, 37.22, 0, 0, 4.14
2019/07/20 17:34:00, 24.25, 24.04, 23.83, 37.18, 37.19, 0, 0, 4.14
2019/07/20 17:35:00, 24.25, 24.04, 23.82, 37.15, 37.21, 0, 0, 4.14
2019/07/20 17:36:00, 24.25, 24.04, 23.82, 37.18, 37.20, 0, 0, 4.14
2019/07/20 17:37:00, 24.25, 24.02, 23.82, 37.19, 37.19, 0, 0, 4.14
2019/07/20 17:38:00, 24.25, 24.04, 23.82, 37.19, 37.18, 0, 0, 4.14
2019/07/20 17:39:00, 24.25, 24.02, 23.82, 37.13, 37.18, 0, 0, 4.14
2019/07/20 17:40:00, 24.25, 24.01, 23.82, 37.16, 37.18, 0, 0, 4.14
2019/07/20 17:41:00, 24.25, 24.02, 23.82, 37.15, 37.16, 0, 0, 4.14
2019/07/20 17:42:00, 24.25, 24.01, 23.80, 37.16, 37.14, 0, 0, 4.14
2019/07/20 17:43:00, 24.25, 24.02, 23.82, 37.16, 37.16, 0, 0, 4.14
2019/07/20 17:44:00, 24.25, 23.99, 23.82, 37.12, 37.15, 0, 0, 4.14
2019/07/20 17:45:00, 24.25, 24.02, 23.81, 37.12, 37.15, 0, 0, 4.14
2019/07/20 17:46:00, 24.25, 24.01, 23.81, 37.11, 37.16, 0, 0, 4.14
2019/07/20 17:47:00, 24.25, 24.04, 23.81, 37.09, 37.14, 0, 0, 4.14
2019/07/20 17:48:00, 24.25, 24.02, 23.82, 37.11, 37.13, 0, 0, 4.14
2019/07/20 17:49:00, 24.25, 23.99, 23.83, 37.13, 37.13, 0, 0, 4.14
2019/07/20 17:50:00, 24.25, 24.02, 23.82, 37.08, 37.12, 0, 0, 4.14
2019/07/20 17:51:00, 24.25, 24.02, 23.82, 37.09, 37.10, 0, 0, 4.14
2019/07/20 17:52:00, 24.25, 24.01, 23.83, 37.07, 37.12, 0, 0, 4.14
2019/07/20 17:53:00, 24.25, 24.04, 23.81, 37.12, 37.12, 0, 0, 4.14
2019/07/20 17:54:00, 24.25, 24.01, 23.82, 37.07, 37.11, 0, 0, 4.14
2019/07/20 17:55:00, 24.25, 24.02, 23.82, 37.07, 37.10, 0, 0, 4.14
2019/07/20 17:56:00, 24.25, 24.02, 23.82, 37.07, 37.08, 0, 0, 4.14
2019/07/20 17:57:00, 24.25, 24.02, 23.81, 37.08, 37.07, 0, 0, 4.14
2019/07/20 17:58:00, 24.25, 24.01, 23.81, 37.07, 37.08, 0, 0, 4.14
2019/07/20 17:59:00, 24.25, 23.99, 23.82, 37.05, 37.07, 0, 0, 4.14
2019/07/20 18:00:00, 24.25, 24.01, 23.80, 37.05, 37.06, 0, 0, 4.14
2019/07/20 18:01:00, 24.25, 24.02, 23.82, 37.00, 37.07, 0, 0, 4.14
2019/07/20 18:02:00, 24.25, 24.02, 23.82, 37.03, 37.05, 0, 0, 4.14
2019/07/20 18:03:00, 24.25, 24.02, 23.82, 37.03, 37.03, 0, 0, 4.14
2019/07/20 18:04:00, 24.25, 24.04, 23.84, 36.99, 37.03, 0, 0, 4.14
2019/07/20 18:05:00, 24.25, 24.02, 23.82, 37.01, 37.06, 0, 0, 4.14
2019/07/20 18:06:00, 24.25, 24.05, 23.87, 37.00, 37.02, 0, 0, 4.14
2019/07/20 18:07:00, 24.25, 24.04, 23.86, 37.00, 37.01, 0, 0, 4.14
2019/07/20 18:08:00, 24.25, 24.04, 23.88, 36.95, 36.99, 0, 0, 4.14
2019/07/20 18:09:00, 24.25, 24.08, 23.88, 36.90, 36.97, 0, 0, 4.14
2019/07/20 18:10:00, 24.25, 24.08, 23.88, 36.91, 36.95, 0, 0, 4.14
2019/07/20 18:11:00, 24.25, 24.07, 23.90, 36.92, 36.90, 0, 0, 4.14
2019/07/20 18:12:00, 24.25, 24.08, 23.92, 36.85, 36.88, 0, 0, 4.14
2019/07/20 18:13:00, 24.25, 24.11, 23.92, 36.82, 36.86, 0, 0, 4.14
2019/07/20 18:14:00, 24.25, 24.09, 23.93, 36.80, 36.83, 0, 0, 4.14
2019/07/20 18:15:00, 24.25, 24.12, 23.94, 36.80, 36.83, 0, 0, 4.14
2019/07/20 18:16:00, 24.25, 24.11, 23.93, 36.77, 36.79, 0, 0, 4.14
2019/07/20 18:17:00, 24.25, 24.15, 23.92, 36.74, 36.76, 0, 0, 4.14
2019/07/20 18:18:00, 24.25, 24.15, 23.94, 36.66, 36.74, 0, 0, 4.14
2019/07/20 18:19:00, 24.25, 24.14, 23.95, 36.76, 36.73, 0, 0, 4.14
2019/07/20 18:20:00, 24.25, 24.16, 23.95, 36.69, 36.73, 0, 0, 4.14
2019/07/20 18:21:00, 24.25, 24.15, 23.97, 36.64, 36.70, 0, 0, 4.14
2019/07/20 18:22:00, 24.25, 24.16, 23.93, 36.64, 36.67, 0, 0, 4.14
2019/07/20 18:23:00, 24.25, 24.18, 23.97, 36.64, 36.66, 0, 0, 4.14
2019/07/20 18:24:00, 24.25, 24.16, 23.97, 36.60, 36.65, 0, 0, 4.14
2019/07/20 18:25:00, 24.25, 24.18, 23.97, 36.62, 36.61, 0, 0, 4.14
2019/07/20 18:26:00, 24.25, 24.18, 23.97, 36.57, 36.63, 0, 0, 4.14
2019/07/20 18:27:00, 24.25, 24.18, 23.98, 36.55, 36.59, 0, 0, 4.14
2019/07/20 18:28:00, 24.25, 24.16, 24.02, 36.58, 36.57, 0, 0, 4.14
2019/07/20 18:29:00, 24.25, 24.20, 24.01, 36.51, 36.55, 0, 0, 4.14
2019/07/20 18:30:00, 24.25, 24.18, 24.00, 36.48, 36.53, 0, 0, 4.14
2019/07/20 18:31:00, 24.25, 24.19, 24.00, 36.48, 36.52, 0, 0, 4.14
2019/07/20 18:32:00, 24.25, 24.18, 23.98, 36.46, 36.50, 0, 0, 4.14
2019/07/20 18:33:00, 24.25, 24.20, 24.00, 36.47, 36.48, 0, 0, 4.14
2019/07/20 18:34:00, 24.25, 24.18, 24.02, 36.46, 36.46, 0, 0, 4.14
2019/07/20 18:35:00, 24.25, 24.19, 24.02, 36.44, 36.45, 0, 0, 4.14
2019/07/20 18:36:00, 24.25, 24.22, 24.03, 36.41, 36.44, 0, 0, 4.14
2019/07/20 18:37:00, 24.25, 24.22, 24.01, 36.45, 36.43, 0, 0, 4.14
2019/07/20 18:38:00, 24.25, 24.19, 24.03, 36.38, 36.41, 0, 0, 4.14
2019/07/20 18:39:00, 24.25, 24.20, 24.02, 36.33, 36.39, 0, 0, 4.14
2019/07/20 18:40:00, 24.25, 24.20, 24.01, 36.34, 36.37, 0, 0, 4.14
2019/07/20 18:41:00, 24.25, 24.20, 24.02, 36.31, 36.35, 0, 0, 4.14
2019/07/20 18:42:00, 24.25, 24.20, 24.01, 36.34, 36.35, 0, 0, 4.14
2019/07/20 18:43:00, 24.25, 24.22, 24.03, 36.33, 36.33, 0, 0, 4.14
2019/07/20 18:44:00, 24.25, 24.22, 24.02, 36.27, 36.28, 0, 0, 4.14
2019/07/20 18:45:00, 24.25, 24.22, 24.04, 36.22, 36.28, 0, 0, 4.14
2019/07/20 18:46:00, 24.25, 24.22, 24.04, 36.27, 36.26, 0, 0, 4.14
2019/07/20 18:47:00, 24.25, 24.22, 24.03, 36.18, 36.23, 0, 0, 4.14
2019/07/20 18:48:00, 24.25, 24.22, 24.03, 36.19, 36.22, 0, 0, 4.14
2019/07/20 18:49:00, 24.25, 24.23, 24.04, 36.21, 36.21, 0, 0, 4.14
2019/07/20 18:50:00, 24.25, 24.25, 24.03, 36.16, 36.19, 0, 0, 4.14
2019/07/20 18:51:00, 24.25, 24.23, 24.03, 36.12, 36.17, 0, 0, 4.14
2019/07/20 18:52:00, 24.25, 24.20, 24.04, 36.10, 36.14, 0, 0, 4.14
2019/07/20 18:53:00, 24.25, 24.25, 24.04, 36.13, 36.16, 0, 0, 4.14
2019/07/20 18:54:00, 24.25, 24.23, 24.03, 36.10, 36.12, 0, 0, 4.14
2019/07/20 18:55:00, 24.25, 24.22, 24.05, 36.09, 36.09, 0, 0, 4.14
2019/07/20 18:56:00, 24.25, 24.25, 24.07, 36.06, 36.06, 0, 0, 4.14
2019/07/20 18:57:00, 24.25, 24.23, 24.06, 36.02, 36.06, 0, 0, 4.14
2019/07/20 18:58:00, 24.25, 24.22, 24.03, 35.99, 36.03, 0, 0, 4.14
2019/07/20 18:59:00, 24.25, 24.22, 24.06, 35.98, 36.03, 0, 0, 4.14
2019/07/20 19:00:00, 24.25, 24.23, 24.05, 35.99, 36.01, 0, 0, 4.14
2019/07/20 19:01:00, 24.25, 24.23, 24.03, 35.97, 36.02, 0, 0, 4.14
2019/07/20 19:02:00, 24.25, 24.26, 24.05, 35.98, 35.98, 0, 0, 4.14
2019/07/20 19:03:00, 24.25, 24.25, 24.05, 35.89, 35.96, 0, 0, 4.14
2019/07/20 19:04:00, 24.25, 24.23, 24.05, 35.94, 35.96, 0, 0, 4.14
2019/07/20 19:05:00, 24.25, 24.25, 24.07, 35.89, 35.95, 0, 0, 4.14
2019/07/20 19:06:00, 24.25, 24.23, 24.06, 35.92, 35.92, 0, 0, 4.14
2019/07/20 19:07:00, 24.25, 24.25, 24.05, 35.84, 35.90, 0, 0, 4.14
2019/07/20 19:08:00, 24.25, 24.25, 24.06, 35.83, 35.86, 0, 0, 4.14
2019/07/20 19:09:00, 24.25, 24.25, 24.05, 35.84, 35.88, 0, 0, 4.14
2019/07/20 19:10:00, 24.25, 24.26, 24.05, 35.85, 35.83, 0, 0, 4.14
2019/07/20 19:11:00, 24.25, 24.26, 24.08, 35.82, 35.83, 0, 0, 4.14
2019/07/20 19:12:00, 24.25, 24.25, 24.05, 35.81, 35.83, 0, 0, 4.14
2019/07/20 19:13:00, 24.25, 24.26, 24.06, 35.82, 35.82, 0, 0, 4.14
2019/07/20 19:14:00, 24.25, 24.26, 24.04, 35.80, 35.79, 0, 0, 4.14
2019/07/20 19:15:00, 24.25, 24.26, 24.07, 35.80, 35.80, 0, 0, 4.14
2019/07/20 19:16:00, 24.25, 24.25, 24.07, 35.76, 35.77, 0, 0, 4.14
2019/07/20 19:17:00, 24.25, 24.27, 24.06, 35.78, 35.77, 0, 0, 4.14
2019/07/20 19:18:00, 24.25, 24.25, 24.06, 35.74, 35.75, 0, 0, 4.14
2019/07/20 19:19:00, 24.25, 24.25, 24.06, 35.71, 35.74, 0, 0, 4.14
2019/07/20 19:20:00, 24.25, 24.26, 24.06, 35.75, 35.75, 0, 0, 4.14
2019/07/20 19:21:00, 24.25, 24.26, 24.06, 35.65, 35.73, 0, 0, 4.14
2019/07/20 19:22:00, 24.25, 24.23, 24.06, 35.72, 35.72, 0, 0, 4.14
2019/07/20 19:23:00, 24.25, 24.26, 24.07, 35.69, 35.71, 0, 0, 4.14
2019/07/20 19:24:00, 24.25, 24.27, 24.08, 35.69, 35.73, 0, 0, 4.14
2019/07/20 19:25:00, 24.25, 24.27, 24.07, 35.69, 35.69, 0, 0, 4.14
2019/07/20 19:26:00, 24.25, 24.27, 24.06, 35.71, 35.69, 0, 0, 4.14
2019/07/20 19:27:00, 24.25, 24.26, 24.06, 35.64, 35.68, 0, 0, 4.14
2019/07/20 19:28:00, 24.25, 24.27, 24.07, 35.66, 35.67, 0, 0, 4.14
2019/07/20 19:29:00, 24.25, 24.27, 24.08, 35.66, 35.66, 0, 0, 4.14
2019/07/20 19:30:00, 24.25, 24.25, 24.08, 35.64, 35.64, 0, 0, 4.14
2019/07/20 19:31:00, 24.25, 24.25, 24.06, 35.61, 35.65, 0, 0, 4.14
2019/07/20 19:32:00, 24.25, 24.23, 24.07, 35.61, 35.65, 0, 0, 4.14
2019/07/20 19:33:00, 24.50, 24.27, 24.08, 35.62, 35.63, 0, 0, 4.14
2019/07/20 19:34:00, 24.25, 24.27, 24.06, 35.64, 35.64, 0, 0, 4.14
2019/07/20 19:35:00, 24.50, 24.26, 24.06, 35.64, 35.62, 0, 0, 4.14
2019/07/20 19:36:00, 24.50, 24.25, 24.08, 35.60, 35.60, 0, 0, 4.14
2019/07/20 19:37:00, 24.50, 24.26, 24.07, 35.56, 35.61, 0, 0, 4.14
2019/07/20 19:38:00, 24.50, 24.25, 24.06, 35.60, 35.58, 0, 0, 4.14
2019/07/20 19:39:00, 24.50, 24.25, 24.06, 35.58, 35.58, 0, 0, 4.14
2019/07/20 19:40:00, 24.50, 24.23, 24.07, 35.60, 35.60, 0, 0, 4.14
2019/07/20 19:41:00, 24.50, 24.26, 24.06, 35.59, 35.61, 0, 0, 4.14
2019/07/20 19:42:00, 24.50, 24.23, 24.06, 35.57, 35.59, 0, 0, 4.14
2019/07/20 19:43:00, 24.25, 24.25, 24.05, 35.61, 35.59, 0, 0, 4.14
2019/07/20 19:44:00, 24.50, 24.26, 24.07, 35.59, 35.58, 0, 0, 4.14
2019/07/20 19:45:00, 24.50, 24.25, 24.06, 35.56, 35.56, 0, 0, 4.14
2019/07/20 19:46:00, 24.50, 24.23, 24.05, 35.61, 35.58, 0, 0, 4.14
2019/07/20 19:47:00, 24.50, 24.23, 24.06, 35.56, 35.54, 0, 0, 4.14
2019/07/20 19:48:00, 24.50, 24.25, 24.06, 35.51, 35.56, 0, 0, 4.14
2019/07/20 19:49:00, 24.50, 24.23, 24.04, 35.51, 35.54, 0, 0, 4.14
2019/07/20 19:50:00, 24.50, 24.25, 24.07, 35.54, 35.54, 0, 0, 4.14
2019/07/20 19:51:00, 24.50, 24.23, 24.05, 35.54, 35.51, 0, 0, 4.14
2019/07/20 19:52:00, 24.50, 24.23, 24.06, 35.51, 35.51, 0, 0, 4.14
2019/07/20 19:53:00, 24.50, 24.22, 24.04, 35.51, 35.51, 0, 0, 4.14
2019/07/20 19:54:00, 24.50, 24.23, 24.04, 35.57, 35.52, 0, 0, 4.14
2019/07/20 19:55:00, 24.50, 24.23, 24.05, 35.50, 35.51, 0, 0, 4.14
2019/07/20 19:56:00, 24.50, 24.25, 24.05, 35.49, 35.51, 0, 0, 4.14
2019/07/20 19:57:00, 24.50, 24.23, 24.04, 35.49, 35.52, 0, 0, 4.14
2019/07/20 19:58:00, 24.50, 24.23, 24.05, 35.54, 35.52, 0, 0, 4.14
2019/07/20 19:59:00, 24.50, 24.22, 24.04, 35.53, 35.51, 0, 0, 4.14
2019/07/20 20:00:00, 24.50, 24.23, 24.04, 35.50, 35.49, 0, 0, 4.14
2019/07/20 20:01:00, 24.50, 24.23, 24.04, 35.50, 35.51, 0, 0, 4.14
2019/07/20 20:02:00, 24.50, 24.23, 24.04, 35.51, 35.51, 0, 0, 4.14
2019/07/20 20:03:00, 24.50, 24.22, 24.04, 35.52, 35.53, 0, 0, 4.14
2019/07/20 20:04:00, 24.50, 24.22, 24.03, 35.53, 35.51, 0, 0, 4.14
2019/07/20 20:05:00, 24.50, 24.25, 24.02, 35.51, 35.51, 0, 0, 4.14
2019/07/20 20:06:00, 24.50, 24.22, 24.02, 35.47, 35.51, 0, 0, 4.14
2019/07/20 20:07:00, 24.50, 24.22, 24.04, 35.50, 35.51, 0, 0, 4.14
2019/07/20 20:08:00, 24.50, 24.23, 24.03, 35.50, 35.49, 0, 0, 4.14
2019/07/20 20:09:00, 24.50, 24.23, 24.03, 35.45, 35.49, 0, 0, 4.14
2019/07/20 20:10:00, 24.50, 24.22, 24.02, 35.50, 35.50, 0, 0, 4.14
2019/07/20 20:11:00, 24.50, 24.20, 24.04, 35.49, 35.49, 0, 0, 4.14
2019/07/20 20:12:00, 24.50, 24.22, 24.03, 35.49, 35.48, 0, 0, 4.14
2019/07/20 20:13:00, 24.50, 24.22, 24.01, 35.53, 35.49, 0, 0, 4.14
2019/07/20 20:14:00, 24.50, 24.20, 24.02, 35.49, 35.49, 0, 0, 4.14
2019/07/20 20:15:00, 24.50, 24.22, 24.02, 35.46, 35.50, 0, 0, 4.14
2019/07/20 20:16:00, 24.50, 24.22, 24.00, 35.49, 35.49, 0, 0, 4.14
2019/07/20 20:17:00, 24.50, 24.20, 24.01, 35.45, 35.48, 0, 0, 4.14
2019/07/20 20:18:00, 24.50, 24.19, 24.01, 35.47, 35.47, 0, 0, 4.14
2019/07/20 20:19:00, 24.50, 24.20, 24.03, 35.46, 35.49, 0, 0, 4.14
2019/07/20 20:20:00, 24.50, 24.20, 24.02, 35.53, 35.47, 0, 0, 4.14
2019/07/20 20:21:00, 24.50, 24.20, 23.98, 35.50, 35.47, 0, 0, 4.14
2019/07/20 20:22:00, 24.50, 24.20, 24.01, 35.42, 35.48, 0, 0, 4.14
2019/07/20 20:23:00, 24.50, 24.20, 24.01, 35.45, 35.46, 0, 0, 4.14
2019/07/20 20:24:00, 24.50, 24.19, 24.01, 35.49, 35.47, 0, 0, 4.14
2019/07/20 20:25:00, 24.50, 24.19, 24.00, 35.48, 35.48, 0, 0, 4.14
2019/07/20 20:26:00, 24.50, 24.20, 24.00, 35.44, 35.49, 0, 0, 4.14
2019/07/20 20:27:00, 24.50, 24.19, 24.01, 35.47, 35.47, 0, 0, 4.14
2019/07/20 20:28:00, 24.50, 24.20, 24.01, 35.48, 35.47, 0, 0, 4.14
2019/07/20 20:29:00, 24.50, 24.18, 24.01, 35.47, 35.48, 0, 0, 4.14
2019/07/20 20:30:00, 24.50, 24.18, 24.01, 35.46, 35.48, 0, 0, 4.14
2019/07/20 20:31:00, 24.50, 24.19, 23.97, 35.49, 35.48, 0, 0, 4.14
2019/07/20 20:32:00, 24.50, 24.18, 24.01, 35.46, 35.48, 0, 0, 4.14
2019/07/20 20:33:00, 24.50, 24.18, 23.96, 35.48, 35.49, 0, 0, 4.14
2019/07/20 20:34:00, 24.50, 24.19, 23.97, 35.50, 35.50, 0, 0, 4.14
2019/07/20 20:35:00, 24.50, 24.18, 24.00, 35.51, 35.50, 0, 0, 4.14
2019/07/20 20:36:00, 24.25, 24.22, 24.00, 35.47, 35.49, 0, 0, 4.14
2019/07/20 20:37:00, 24.25, 24.18, 23.98, 35.51, 35.49, 0, 0, 4.14
2019/07/20 20:38:00, 24.25, 24.18, 24.01, 35.50, 35.50, 0, 0, 4.14
2019/07/20 20:39:00, 24.50, 24.18, 24.00, 35.48, 35.50, 0, 0, 4.14
2019/07/20 20:40:00, 24.50, 24.19, 23.97, 35.53, 35.50, 0, 0, 4.14
2019/07/20 20:41:00, 24.50, 24.18, 23.97, 35.50, 35.52, 0, 0, 4.14
2019/07/20 20:42:00, 24.50, 24.16, 23.98, 35.50, 35.51, 0, 0, 4.14
2019/07/20 20:43:00, 24.50, 24.16, 23.97, 35.48, 35.50, 0, 0, 4.14
2019/07/20 20:44:00, 24.50, 24.19, 23.95, 35.48, 35.50, 0, 0, 4.14
2019/07/20 20:45:00, 24.50, 24.16, 23.96, 35.51, 35.51, 0, 0, 4.14
2019/07/20 20:46:00, 24.25, 24.14, 23.97, 35.53, 35.52, 0, 0, 4.14
2019/07/20 20:47:00, 24.25, 24.15, 23.97, 35.52, 35.51, 0, 0, 4.14
2019/07/20 20:48:00, 24.25, 24.15, 23.98, 35.54, 35.54, 0, 0, 4.14
2019/07/20 20:49:00, 24.25, 24.18, 23.95, 35.54, 35.54, 0, 0, 4.14
2019/07/20 20:50:00, 24.25, 24.16, 23.95, 35.55, 35.54, 0, 0, 4.14
2019/07/20 20:51:00, 24.25, 24.15, 23.97, 35.57, 35.54, 0, 0, 4.14
2019/07/20 20:52:00, 24.25, 24.18, 23.97, 35.52, 35.56, 0, 0, 4.14
2019/07/20 20:53:00, 24.50, 24.15, 23.95, 35.56, 35.57, 0, 0, 4.14
2019/07/20 20:54:00, 24.25, 24.16, 23.95, 35.55, 35.58, 0, 0, 4.14
2019/07/20 20:55:00, 24.25, 24.16, 23.93, 35.57, 35.57, 0, 0, 4.14
2019/07/20 20:56:00, 24.25, 24.16, 23.95, 35.61, 35.58, 0, 0, 4.14
2019/07/20 20:57:00, 24.25, 24.18, 23.95, 35.63, 35.59, 0, 0, 4.14
2019/07/20 20:58:00, 24.25, 24.15, 23.94, 35.60, 35.60, 0, 0, 4.14
2019/07/20 20:59:00, 24.25, 24.15, 23.93, 35.63, 35.61, 0, 0, 4.14
2019/07/20 21:00:00, 24.25, 24.14, 23.94, 35.61, 35.64, 0, 0, 4.14
2019/07/20 21:01:00, 24.25, 24.15, 23.94, 35.61, 35.64, 0, 0, 4.14
2019/07/20 21:02:00, 24.25, 24.12, 23.93, 35.62, 35.64, 0, 0, 4.14
2019/07/20 21:03:00, 24.25, 24.12, 23.92, 35.68, 35.66, 0, 0, 4.14
2019/07/20 21:04:00, 24.25, 24.12, 23.92, 35.70, 35.68, 0, 0, 4.14
2019/07/20 21:05:00, 24.25, 24.12, 23.93, 35.68, 35.68, 0, 0, 4.14
2019/07/20 21:06:00, 24.25, 24.11, 23.94, 35.66, 35.71, 0, 0, 4.14
2019/07/20 21:07:00, 24.25, 24.12, 23.93, 35.73, 35.71, 0, 0, 4.14
2019/07/20 21:08:00, 24.25, 24.11, 23.92, 35.77, 35.73, 0, 0, 4.14
2019/07/20 21:09:00, 24.25, 24.11, 23.92, 35.79, 35.74, 0, 0, 4.14
2019/07/20 21:10:00, 24.25, 24.12, 23.92, 35.73, 35.76, 0, 0, 4.14
2019/07/20 21:11:00, 24.25, 24.09, 23.90, 35.82, 35.78, 0, 0, 4.14
2019/07/20 21:12:00, 24.25, 24.11, 23.91, 35.82, 35.80, 0, 0, 4.14
2019/07/20 21:13:00, 24.25, 24.08, 23.90, 35.84, 35.80, 0, 0, 4.14
2019/07/20 21:14:00, 24.25, 24.08, 23.88, 35.83, 35.82, 0, 0, 4.14
2019/07/20 21:15:00, 24.25, 24.09, 23.89, 35.86, 35.83, 0, 0, 4.14
2019/07/20 21:16:00, 24.25, 24.09, 23.87, 35.88, 35.84, 0, 0, 4.14
2019/07/20 21:17:00, 24.25, 24.08, 23.90, 35.89, 35.85, 0, 0, 4.14
2019/07/20 21:18:00, 24.25, 24.08, 23.90, 35.90, 35.89, 0, 0, 4.14
2019/07/20 21:19:00, 24.25, 24.08, 23.89, 35.97, 35.92, 0, 0, 4.14
2019/07/20 21:20:00, 24.25, 24.07, 23.89, 35.95, 35.93, 0, 0, 4.14
2019/07/20 21:21:00, 24.25, 24.08, 23.89, 35.97, 35.96, 0, 0, 4.14
2019/07/20 21:22:00, 24.25, 24.09, 23.88, 35.97, 35.96, 0, 0, 4.14
2019/07/20 21:23:00, 24.25, 24.09, 23.88, 36.03, 35.99, 0, 0, 4.14
2019/07/20 21:24:00, 24.25, 24.08, 23.87, 36.03, 36.02, 0, 0, 4.14
2019/07/20 21:25:00, 24.25, 24.07, 23.87, 36.07, 36.02, 0, 0, 4.14
2019/07/20 21:26:00, 24.25, 24.08, 23.87, 36.03, 36.06, 0, 0, 4.14
2019/07/20 21:27:00, 24.25, 24.08, 23.86, 36.08, 36.06, 0, 0, 4.14
2019/07/20 21:28:00, 24.25, 24.09, 23.84, 36.12, 36.10, 0, 0, 4.14
2019/07/20 21:29:00, 24.25, 24.07, 23.87, 36.10, 36.10, 0, 0, 4.14
2019/07/20 21:30:00, 24.25, 24.05, 23.86, 36.15, 36.14, 0, 0, 4.14
2019/07/20 21:31:00, 24.25, 24.08, 23.86, 36.15, 36.17, 0, 0, 4.14
2019/07/20 21:32:00, 24.25, 24.08, 23.87, 36.19, 36.18, 0, 0, 4.14
2019/07/20 21:33:00, 24.25, 24.07, 23.86, 36.20, 36.22, 0, 0, 4.14
2019/07/20 21:34:00, 24.25, 24.07, 23.86, 36.23, 36.22, 0, 0, 4.14
2019/07/20 21:35:00, 24.25, 24.07, 23.88, 36.30, 36.23, 0, 0, 4.14
2019/07/20 21:36:00, 24.25, 24.08, 23.87, 36.30, 36.27, 0, 0, 4.14
2019/07/20 21:37:00, 24.25, 24.07, 23.87, 36.31, 36.31, 0, 0, 4.14
2019/07/20 21:38:00, 24.25, 24.07, 23.86, 36.34, 36.32, 0, 0, 4.14
2019/07/20 21:39:00, 24.25, 24.05, 23.87, 36.37, 36.35, 0, 0, 4.14
2019/07/20 21:40:00, 24.25, 24.07, 23.87, 36.39, 36.38, 0, 0, 4.14
2019/07/20 21:41:00, 24.25, 24.05, 23.86, 36.38, 36.40, 0, 0, 4.14
2019/07/20 21:42:00, 24.25, 24.04, 23.86, 36.41, 36.41, 0, 0, 4.14
2019/07/20 21:43:00, 24.25, 24.05, 23.86, 36.44, 36.45, 0, 0, 4.14
2019/07/20 21:44:00, 24.25, 24.05, 23.84, 36.47, 36.45, 0, 0, 4.14
2019/07/20 21:45:00, 24.25, 24.04, 23.84, 36.48, 36.46, 0, 0, 4.14
2019/07/20 21:46:00, 24.25, 24.05, 23.86, 36.47, 36.48, 0, 0, 4.14
2019/07/20 21:47:00, 24.25, 24.04, 23.84, 36.51, 36.50, 0, 0, 4.14
2019/07/20 21:48:00, 24.25, 24.02, 23.82, 36.53, 36.52, 0, 0, 4.14
2019/07/20 21:49:00, 24.25, 24.02, 23.83, 36.59, 36.56, 0, 0, 4.14
2019/07/20 21:50:00, 24.25, 24.04, 23.83, 36.60, 36.58, 0, 0, 4.14
2019/07/20 21:51:00, 24.25, 24.01, 23.82, 36.60, 36.58, 0, 0, 4.14
2019/07/20 21:52:00, 24.25, 24.05, 23.82, 36.65, 36.62, 0, 0, 4.14
2019/07/20 21:53:00, 24.25, 24.01, 23.83, 36.64, 36.65, 0, 0, 4.14
2019/07/20 21:54:00, 24.25, 24.05, 23.83, 36.72, 36.67, 0, 0, 4.14
2019/07/20 21:55:00, 24.25, 24.02, 23.82, 36.71, 36.67, 0, 0, 4.14
2019/07/20 21:56:00, 24.25, 24.01, 23.81, 36.69, 36.70, 0, 0, 4.14
2019/07/20 21:57:00, 24.25, 24.02, 23.82, 36.79, 36.76, 0, 0, 4.14
2019/07/20 21:58:00, 24.25, 23.99, 23.80, 36.79, 36.78, 0, 0, 4.14
2019/07/20 21:59:00, 24.25, 23.98, 23.82, 36.80, 36.80, 0, 0, 4.14
2019/07/20 22:00:00, 24.25, 24.01, 23.82, 36.83, 36.82, 0, 0, 4.14
2019/07/20 22:01:00, 24.25, 23.99, 23.82, 36.84, 36.83, 0, 0, 4.14
2019/07/20 22:02:00, 24.25, 24.01, 23.82, 36.85, 36.86, 0, 0, 4.14
2019/07/20 22:03:00, 24.25, 23.98, 23.81, 36.88, 36.86, 0, 0, 4.14
2019/07/20 22:04:00, 24.25, 24.02, 23.82, 36.91, 36.92, 0, 0, 4.14
2019/07/20 22:05:00, 24.25, 24.02, 23.78, 36.93, 36.91, 0, 0, 4.14
2019/07/20 22:06:00, 24.25, 24.01, 23.80, 36.97, 36.95, 0, 0, 4.14
2019/07/20 22:07:00, 24.25, 23.99, 23.80, 37.03, 37.01, 0, 0, 4.14
2019/07/20 22:08:00, 24.25, 23.98, 23.80, 37.05, 37.01, 0, 0, 4.14
2019/07/20 22:09:00, 24.25, 23.98, 23.78, 37.09, 37.05, 0, 0, 4.14
2019/07/20 22:10:00, 24.25, 23.98, 23.81, 37.09, 37.08, 0, 0, 4.14
2019/07/20 22:11:00, 24.25, 23.99, 23.80, 37.12, 37.10, 0, 0, 4.14
2019/07/20 22:12:00, 24.25, 23.97, 23.79, 37.09, 37.11, 0, 0, 4.14
2019/07/20 22:13:00, 24.25, 23.99, 23.78, 37.14, 37.12, 0, 0, 4.14
2019/07/20 22:14:00, 24.25, 23.99, 23.78, 37.16, 37.15, 0, 0, 4.14
2019/07/20 22:15:00, 24.25, 23.98, 23.77, 37.19, 37.18, 0, 0, 4.14
2019/07/20 22:16:00, 24.25, 23.98, 23.77, 37.23, 37.20, 0, 0, 4.14
2019/07/20 22:17:00, 24.25, 23.98, 23.78, 37.23, 37.25, 0, 0, 4.14
2019/07/20 22:18:00, 24.25, 23.97, 23.79, 37.28, 37.27, 0, 0, 4.14
2019/07/20 22:19:00, 24.25, 23.98, 23.77, 37.29, 37.31, 0, 0, 4.14
2019/07/20 22:20:00, 24.25, 23.97, 23.76, 37.38, 37.32, 0, 0, 4.14
2019/07/20 22:21:00, 24.25, 23.95, 23.78, 37.33, 37.35, 0, 0, 4.14
2019/07/20 22:22:00, 24.25, 23.95, 23.76, 37.36, 37.37, 0, 0, 4.14
2019/07/20 22:23:00, 24.25, 23.94, 23.76, 37.38, 37.38, 0, 0, 4.14
2019/07/20 22:24:00, 24.25, 23.95, 23.76, 37.39, 37.39, 0, 0, 4.14
2019/07/20 22:25:00, 24.25, 23.97, 23.76, 37.44, 37.41, 0, 0, 4.14
2019/07/20 22:26:00, 24.25, 23.95, 23.76, 37.43, 37.46, 0, 0, 4.14
2019/07/20 22:27:00, 24.25, 23.95, 23.75, 37.47, 37.47, 0, 0, 4.14
2019/07/20 22:28:00, 24.25, 23.97, 23.74, 37.52, 37.51, 0, 0, 4.14
2019/07/20 22:29:00, 24.25, 23.94, 23.76, 37.50, 37.52, 0, 0, 4.14
2019/07/20 22:30:00, 24.25, 23.94, 23.74, 37.54, 37.56, 0, 0, 4.14
2019/07/20 22:31:00, 24.25, 23.95, 23.74, 37.59, 37.56, 0, 0, 4.14
2019/07/20 22:32:00, 24.25, 23.94, 23.75, 37.58, 37.55, 0, 0, 4.14
2019/07/20 22:33:00, 24.25, 23.94, 23.72, 37.61, 37.57, 0, 0, 4.14
2019/07/20 22:34:00, 24.25, 23.95, 23.73, 37.62, 37.60, 0, 0, 4.14
2019/07/20 22:35:00, 24.25, 23.94, 23.74, 37.63, 37.61, 0, 0, 4.14
2019/07/20 22:36:00, 24.25, 23.94, 23.73, 37.67, 37.64, 0, 0, 4.14
2019/07/20 22:37:00, 24.25, 23.92, 23.75, 37.63, 37.64, 0, 0, 4.14
2019/07/20 22:38:00, 24.25, 23.92, 23.73, 37.73, 37.64, 0, 0, 4.14
2019/07/20 22:39:00, 24.25, 23.92, 23.74, 37.73, 37.66, 0, 0, 4.14
2019/07/20 22:40:00, 24.25, 23.94, 23.73, 37.70, 37.70, 0, 0, 4.14
2019/07/20 22:41:00, 24.25, 23.91, 23.74, 37.75, 37.72, 0, 0, 4.14
2019/07/20 22:42:00, 24.25, 23.94, 23.72, 37.74, 37.72, 0, 0, 4.14
2019/07/20 22:43:00, 24.25, 23.94, 23.74, 37.75, 37.74, 0, 0, 4.14
2019/07/20 22:44:00, 24.25, 23.92, 23.74, 37.78, 37.76, 0, 0, 4.14
2019/07/20 22:45:00, 24.25, 23.92, 23.72, 37.74, 37.78, 0, 0, 4.14
2019/07/20 22:46:00, 24.25, 23.92, 23.72, 37.87, 37.80, 0, 0, 4.14
2019/07/20 22:47:00, 24.25, 23.92, 23.73, 37.81, 37.82, 0, 0, 4.14
2019/07/20 22:48:00, 24.25, 23.92, 23.73, 37.86, 37.83, 0, 0, 4.14
2019/07/20 22:49:00, 24.25, 23.91, 23.73, 37.83, 37.86, 0, 0, 4.14
2019/07/20 22:50:00, 24.25, 23.94, 23.69, 37.91, 37.87, 0, 0, 4.14
2019/07/20 22:51:00, 24.25, 23.92, 23.73, 37.92, 37.90, 0, 0, 4.14
2019/07/20 22:52:00, 24.25, 23.91, 23.71, 37.91, 37.90, 0, 0, 4.14
2019/07/20 22:53:00, 24.25, 23.91, 23.69, 37.94, 37.93, 0, 0, 4.14
2019/07/20 22:54:00, 24.25, 23.91, 23.71, 37.98, 37.94, 0, 0, 4.14
2019/07/20 22:55:00, 24.25, 23.92, 23.71, 37.96, 37.96, 0, 0, 4.14
2019/07/20 22:56:00, 24.25, 23.92, 23.69, 38.01, 37.98, 0, 0, 4.14
2019/07/20 22:57:00, 24.25, 23.91, 23.69, 38.01, 38.00, 0, 0, 4.14
2019/07/20 22:58:00, 24.25, 23.90, 23.71, 38.00, 38.02, 0, 0, 4.14
2019/07/20 22:59:00, 24.25, 23.90, 23.71, 38.07, 38.03, 0, 0, 4.14
2019/07/20 23:00:00, 24.25, 23.91, 23.69, 38.05, 38.05, 0, 0, 4.14
2019/07/20 23:01:00, 24.25, 23.87, 23.68, 38.12, 38.05, 0, 0, 4.14
2019/07/20 23:02:00, 24.25, 23.90, 23.69, 38.11, 38.08, 0, 0, 4.14
2019/07/20 23:03:00, 24.25, 23.87, 23.69, 38.12, 38.11, 0, 0, 4.14
2019/07/20 23:04:00, 24.25, 23.90, 23.68, 38.16, 38.11, 0, 0, 4.14
2019/07/20 23:05:00, 24.25, 23.88, 23.67, 38.14, 38.13, 0, 0, 4.14
2019/07/20 23:06:00, 24.25, 23.85, 23.68, 38.16, 38.15, 0, 0, 4.14
2019/07/20 23:07:00, 24.25, 23.85, 23.67, 38.21, 38.17, 0, 0, 4.14
2019/07/20 23:08:00, 24.25, 23.88, 23.67, 38.19, 38.18, 0, 0, 4.14
2019/07/20 23:09:00, 24.25, 23.88, 23.68, 38.22, 38.18, 0, 0, 4.14
2019/07/20 23:10:00, 24.25, 23.90, 23.67, 38.20, 38.20, 0, 0, 4.14
2019/07/20 23:11:00, 24.25, 23.87, 23.67, 38.24, 38.22, 0, 0, 4.14
2019/07/20 23:12:00, 24.25, 23.85, 23.67, 38.27, 38.24, 0, 0, 4.14
2019/07/20 23:13:00, 24.25, 23.84, 23.65, 38.28, 38.25, 0, 0, 4.14
2019/07/20 23:14:00, 24.25, 23.85, 23.66, 38.28, 38.29, 0, 0, 4.14
2019/07/20 23:15:00, 24.25, 23.85, 23.63, 38.33, 38.30, 0, 0, 4.14
2019/07/20 23:16:00, 24.25, 23.84, 23.66, 38.34, 38.33, 0, 0, 4.14
2019/07/20 23:17:00, 24.25, 23.85, 23.64, 38.33, 38.33, 0, 0, 4.14
2019/07/20 23:18:00, 24.25, 23.85, 23.65, 38.35, 38.34, 0, 0, 4.14
2019/07/20 23:19:00, 24.25, 23.84, 23.65, 38.41, 38.38, 0, 0, 4.14
2019/07/20 23:20:00, 24.25, 23.84, 23.65, 38.44, 38.41, 0, 0, 4.14
2019/07/20 23:21:00, 24.25, 23.84, 23.66, 38.44, 38.40, 0, 0, 4.14
2019/07/20 23:22:00, 24.25, 23.84, 23.61, 38.46, 38.41, 0, 0, 4.14
2019/07/20 23:23:00, 24.25, 23.85, 23.64, 38.46, 38.44, 0, 0, 4.14
2019/07/20 23:24:00, 24.25, 23.84, 23.64, 38.49, 38.44, 0, 0, 4.14
2019/07/20 23:25:00, 24.25, 23.84, 23.65, 38.44, 38.45, 0, 0, 4.14
2019/07/20 23:26:00, 24.25, 23.85, 23.63, 38.51, 38.47, 0, 0, 4.14
2019/07/20 23:27:00, 24.25, 23.83, 23.63, 38.54, 38.49, 0, 0, 4.14
2019/07/20 23:28:00, 24.25, 23.81, 23.62, 38.53, 38.50, 0, 0, 4.14
2019/07/20 23:29:00, 24.25, 23.83, 23.61, 38.56, 38.51, 0, 0, 4.14
2019/07/20 23:30:00, 24.25, 23.83, 23.63, 38.52, 38.54, 0, 0, 4.14
2019/07/20 23:31:00, 24.25, 23.83, 23.61, 38.54, 38.55, 0, 0, 4.14
2019/07/20 23:32:00, 24.25, 23.83, 23.59, 38.57, 38.55, 0, 0, 4.14
2019/07/20 23:33:00, 24.25, 23.80, 23.60, 38.62, 38.57, 0, 0, 4.14
2019/07/20 23:34:00, 24.25, 23.83, 23.61, 38.60, 38.60, 0, 0, 4.14
2019/07/20 23:35:00, 24.25, 23.80, 23.61, 38.60, 38.60, 0, 0, 4.14
2019/07/20 23:36:00, 24.25, 23.81, 23.60, 38.62, 38.60, 0, 0, 4.14
2019/07/20 23:37:00, 24.25, 23.83, 23.60, 38.64, 38.61, 0, 0, 4.14
2019/07/20 23:38:00, 24.00, 23.80, 23.60, 38.60, 38.62, 0, 0, 4.14
2019/07/20 23:39:00, 24.25, 23.80, 23.60, 38.66, 38.64, 0, 0, 4.14
2019/07/20 23:40:00, 24.00, 23.80, 23.60, 38.63, 38.62, 0, 0, 4.14
2019/07/20 23:41:00, 24.00, 23.80, 23.62, 38.65, 38.64, 0, 0, 4.14
2019/07/20 23:42:00, 24.25, 23.83, 23.60, 38.66, 38.66, 0, 0, 4.14
2019/07/20 23:43:00, 24.00, 23.80, 23.60, 38.70, 38.66, 0, 0, 4.14
2019/07/20 23:44:00, 24.00, 23.80, 23.59, 38.71, 38.69, 0, 0, 4.14
2019/07/20 23:45:00, 24.00, 23.81, 23.60, 38.71, 38.69, 0, 0, 4.14
2019/07/20 23:46:00, 24.00, 23.77, 23.60, 38.71, 38.69, 0, 0, 4.14
2019/07/20 23:47:00, 24.00, 23.77, 23.59, 38.75, 38.72, 0, 0, 4.14
