Data logger for tempereture and humidity.
Code, design, and soldering by Antti Mikkonen, a.mikkonen@iki.fi, 2019.
Based on open source projects and libraries. See source for details.
/home/ami/src/arduino/promini/logger_v8_ada/logger_v8_ada.ino
UTC time (year/month/date hour:minute:second), T RTC (C), T sht31 (C), T si7021 (C), RH sht31 (-), RH si7021 (-), heaterOn sht31 (bool),  heaterOn si7021 (bool), battery voltage (V)
2019/04/28 00:08:00, 23.75, 23.42, 23.22, 23.26, 21.35, 0, 0, 4.45
2019/04/28 00:09:00, 23.75, 23.39, 23.20, 23.30, 21.35, 0, 0, 4.45
2019/04/28 00:10:00, 23.75, 23.40, 23.21, 23.31, 21.35, 0, 0, 4.45
2019/04/28 00:11:00, 23.75, 23.39, 23.19, 23.28, 21.34, 0, 0, 4.45
2019/04/28 00:12:00, 23.75, 23.39, 23.21, 23.26, 21.34, 0, 0, 4.45
2019/04/28 00:13:00, 23.75, 23.37, 23.21, 23.31, 21.37, 0, 0, 4.45
2019/04/28 00:14:00, 23.75, 23.36, 23.19, 23.31, 21.35, 0, 0, 4.45
2019/04/28 00:15:00, 23.75, 23.40, 23.20, 23.28, 21.35, 0, 0, 4.45
2019/04/28 00:16:00, 23.75, 23.40, 23.19, 23.31, 21.37, 0, 0, 4.45
2019/04/28 00:17:00, 23.75, 23.40, 23.19, 23.31, 21.36, 0, 0, 4.45
2019/04/28 00:18:00, 23.75, 23.37, 23.19, 23.30, 21.38, 0, 0, 4.45
2019/04/28 00:19:00, 23.75, 23.37, 23.20, 23.28, 21.35, 0, 0, 4.45
2019/04/28 00:20:00, 23.75, 23.40, 23.20, 23.34, 21.38, 0, 0, 4.45
2019/04/28 00:21:00, 23.75, 23.37, 23.18, 23.31, 21.38, 0, 0, 4.45
2019/04/28 00:22:00, 23.75, 23.40, 23.19, 23.33, 21.40, 0, 0, 4.45
2019/04/28 00:23:00, 23.75, 23.39, 23.19, 23.31, 21.38, 0, 0, 4.45
2019/04/28 00:24:00, 23.75, 23.36, 23.18, 23.32, 21.39, 0, 0, 4.45
2019/04/28 00:25:00, 23.75, 23.37, 23.17, 23.34, 21.42, 0, 0, 4.45
2019/04/28 00:26:00, 23.75, 23.37, 23.18, 23.36, 21.40, 0, 0, 4.45
2019/04/28 00:27:00, 23.75, 23.39, 23.18, 23.34, 21.42, 0, 0, 4.45
2019/04/28 00:28:00, 23.75, 23.37, 23.18, 23.36, 21.42, 0, 0, 4.45
2019/04/28 00:29:00, 23.75, 23.37, 23.20, 23.39, 21.42, 0, 0, 4.45
2019/04/28 00:30:00, 23.75, 23.37, 23.18, 23.39, 21.44, 0, 0, 4.45
2019/04/28 00:31:00, 23.75, 23.36, 23.17, 23.37, 21.42, 0, 0, 4.45
2019/04/28 00:32:00, 23.75, 23.35, 23.17, 23.39, 21.43, 0, 0, 4.45
2019/04/28 00:33:00, 23.75, 23.36, 23.17, 23.40, 21.45, 0, 0, 4.45
2019/04/28 00:34:00, 23.75, 23.36, 23.18, 23.42, 21.43, 0, 0, 4.45
2019/04/28 00:35:00, 23.75, 23.37, 23.18, 23.37, 21.43, 0, 0, 4.45
2019/04/28 00:36:00, 23.75, 23.36, 23.19, 23.34, 21.45, 0, 0, 4.45
2019/04/28 00:37:00, 23.75, 23.36, 23.18, 23.42, 21.45, 0, 0, 4.45
2019/04/28 00:38:00, 23.75, 23.37, 23.18, 23.42, 21.45, 0, 0, 4.45
2019/04/28 00:39:00, 23.75, 23.36, 23.17, 23.42, 21.45, 0, 0, 4.45
2019/04/28 00:40:00, 23.75, 23.37, 23.16, 23.39, 21.48, 0, 0, 4.45
2019/04/28 00:41:00, 23.75, 23.37, 23.17, 23.36, 21.47, 0, 0, 4.45
2019/04/28 00:42:00, 23.75, 23.39, 23.18, 23.40, 21.45, 0, 0, 4.45
2019/04/28 00:43:00, 23.75, 23.37, 23.16, 23.42, 21.45, 0, 0, 4.45
2019/04/28 00:44:00, 23.75, 23.37, 23.17, 23.43, 21.46, 0, 0, 4.45
2019/04/28 00:45:00, 23.75, 23.37, 23.18, 23.42, 21.48, 0, 0, 4.45
2019/04/28 00:46:00, 23.75, 23.36, 23.18, 23.37, 21.46, 0, 0, 4.45
2019/04/28 00:47:00, 23.75, 23.39, 23.18, 23.39, 21.48, 0, 0, 4.45
2019/04/28 00:48:00, 23.75, 23.37, 23.19, 23.43, 21.48, 0, 0, 4.45
2019/04/28 00:49:00, 23.75, 23.36, 23.19, 23.41, 21.47, 0, 0, 4.45
2019/04/28 00:50:00, 23.75, 23.36, 23.19, 23.42, 21.48, 0, 0, 4.45
2019/04/28 00:51:00, 23.75, 23.36, 23.18, 23.43, 21.48, 0, 0, 4.45
2019/04/28 00:52:00, 23.75, 23.39, 23.17, 23.44, 21.49, 0, 0, 4.45
2019/04/28 00:53:00, 23.75, 23.36, 23.18, 23.42, 21.49, 0, 0, 4.45
2019/04/28 00:54:00, 23.75, 23.36, 23.16, 23.36, 21.48, 0, 0, 4.45
2019/04/28 00:55:00, 23.75, 23.37, 23.18, 23.43, 21.48, 0, 0, 4.45
2019/04/28 00:56:00, 23.75, 23.37, 23.19, 23.49, 21.51, 0, 0, 4.45
2019/04/28 00:57:00, 23.75, 23.37, 23.18, 23.43, 21.49, 0, 0, 4.45
2019/04/28 00:58:00, 23.75, 23.39, 23.17, 23.39, 21.50, 0, 0, 4.45
2019/04/28 00:59:00, 23.75, 23.36, 23.18, 23.42, 21.48, 0, 0, 4.45
2019/04/28 01:00:00, 23.75, 23.39, 23.18, 23.40, 21.49, 0, 0, 4.45
2019/04/28 01:01:00, 23.75, 23.39, 23.18, 23.43, 21.49, 0, 0, 4.45
2019/04/28 01:02:00, 23.75, 23.37, 23.18, 23.45, 21.51, 0, 0, 4.45
2019/04/28 01:03:00, 23.75, 23.37, 23.17, 23.51, 21.51, 0, 0, 4.45
2019/04/28 01:04:00, 23.75, 23.36, 23.19, 23.46, 21.51, 0, 0, 4.45
2019/04/28 01:05:00, 23.75, 23.37, 23.18, 23.46, 21.51, 0, 0, 4.45
2019/04/28 01:06:00, 23.75, 23.37, 23.19, 23.48, 21.53, 0, 0, 4.45
2019/04/28 01:07:00, 23.75, 23.39, 23.18, 23.43, 21.51, 0, 0, 4.45
2019/04/28 01:08:00, 23.75, 23.37, 23.17, 23.43, 21.52, 0, 0, 4.45
2019/04/28 01:09:00, 23.75, 23.37, 23.17, 23.44, 21.51, 0, 0, 4.45
2019/04/28 01:10:00, 23.75, 23.37, 23.18, 23.43, 21.51, 0, 0, 4.45
2019/04/28 01:11:00, 23.75, 23.37, 23.18, 23.46, 21.51, 0, 0, 4.45
2019/04/28 01:12:00, 23.75, 23.37, 23.17, 23.48, 21.52, 0, 0, 4.45
2019/04/28 01:13:00, 23.75, 23.37, 23.19, 23.46, 21.52, 0, 0, 4.45
2019/04/28 01:14:00, 23.75, 23.37, 23.18, 23.52, 21.52, 0, 0, 4.45
2019/04/28 01:15:00, 23.75, 23.36, 23.18, 23.46, 21.54, 0, 0, 4.45
2019/04/28 01:16:00, 23.75, 23.40, 23.16, 23.50, 21.54, 0, 0, 4.45
2019/04/28 01:17:00, 23.75, 23.37, 23.17, 23.50, 21.55, 0, 0, 4.45
2019/04/28 01:18:00, 23.75, 23.36, 23.18, 23.49, 21.54, 0, 0, 4.45
2019/04/28 01:19:00, 23.75, 23.37, 23.18, 23.48, 21.54, 0, 0, 4.45
2019/04/28 01:20:00, 23.75, 23.36, 23.17, 23.46, 21.54, 0, 0, 4.45
2019/04/28 01:21:00, 23.75, 23.39, 23.17, 23.47, 21.54, 0, 0, 4.45
2019/04/28 01:22:00, 23.75, 23.37, 23.17, 23.44, 21.53, 0, 0, 4.45
2019/04/28 01:23:00, 23.75, 23.39, 23.18, 23.47, 21.56, 0, 0, 4.45
2019/04/28 01:24:00, 23.75, 23.37, 23.17, 23.48, 21.54, 0, 0, 4.45
2019/04/28 01:25:00, 23.75, 23.36, 23.18, 23.52, 21.55, 0, 0, 4.45
2019/04/28 01:26:00, 23.75, 23.36, 23.17, 23.49, 21.55, 0, 0, 4.45
2019/04/28 01:27:00, 23.75, 23.35, 23.18, 23.48, 21.55, 0, 0, 4.45
2019/04/28 01:28:00, 23.75, 23.36, 23.18, 23.50, 21.54, 0, 0, 4.45
2019/04/28 01:29:00, 23.75, 23.37, 23.17, 23.46, 21.55, 0, 0, 4.45
2019/04/28 01:30:00, 23.75, 23.36, 23.17, 23.50, 21.55, 0, 0, 4.45
2019/04/28 01:31:00, 23.75, 23.40, 23.17, 23.51, 21.55, 0, 0, 4.45
2019/04/28 01:32:00, 23.75, 23.37, 23.18, 23.51, 21.55, 0, 0, 4.45
2019/04/28 01:33:00, 23.75, 23.36, 23.16, 23.50, 21.57, 0, 0, 4.45
2019/04/28 01:34:00, 23.75, 23.37, 23.18, 23.49, 21.56, 0, 0, 4.45
2019/04/28 01:35:00, 23.75, 23.37, 23.17, 23.46, 21.55, 0, 0, 4.45
2019/04/28 01:36:00, 23.75, 23.36, 23.16, 23.48, 21.56, 0, 0, 4.45
2019/04/28 01:37:00, 23.75, 23.39, 23.17, 23.54, 21.55, 0, 0, 4.45
2019/04/28 01:38:00, 23.75, 23.36, 23.17, 23.50, 21.57, 0, 0, 4.45
2019/04/28 01:39:00, 23.75, 23.36, 23.17, 23.52, 21.55, 0, 0, 4.45
2019/04/28 01:40:00, 23.75, 23.37, 23.19, 23.48, 21.56, 0, 0, 4.45
2019/04/28 01:41:00, 23.75, 23.37, 23.19, 23.50, 21.55, 0, 0, 4.45
2019/04/28 01:42:00, 23.75, 23.37, 23.18, 23.48, 21.54, 0, 0, 4.45
2019/04/28 01:43:00, 23.75, 23.37, 23.18, 23.46, 21.55, 0, 0, 4.45
2019/04/28 01:44:00, 23.75, 23.39, 23.18, 23.48, 21.54, 0, 0, 4.45
2019/04/28 01:45:00, 23.75, 23.39, 23.18, 23.45, 21.54, 0, 0, 4.45
2019/04/28 01:46:00, 23.75, 23.39, 23.17, 23.49, 21.54, 0, 0, 4.45
2019/04/28 01:47:00, 23.75, 23.39, 23.17, 23.46, 21.55, 0, 0, 4.45
2019/04/28 01:48:00, 23.75, 23.36, 23.17, 23.51, 21.55, 0, 0, 4.45
2019/04/28 01:49:00, 23.75, 23.39, 23.21, 23.46, 21.54, 0, 0, 4.45
2019/04/28 01:50:00, 23.75, 23.37, 23.16, 23.48, 21.55, 0, 0, 4.45
2019/04/28 01:51:00, 23.75, 23.37, 23.17, 23.49, 21.56, 0, 0, 4.45
2019/04/28 01:52:00, 23.75, 23.39, 23.18, 23.42, 21.54, 0, 0, 4.45
2019/04/28 01:53:00, 23.75, 23.37, 23.18, 23.46, 21.54, 0, 0, 4.45
2019/04/28 01:54:00, 23.75, 23.39, 23.19, 23.48, 21.54, 0, 0, 4.45
2019/04/28 01:55:00, 23.75, 23.39, 23.19, 23.44, 21.51, 0, 0, 4.45
2019/04/28 01:56:00, 23.75, 23.39, 23.17, 23.46, 21.51, 0, 0, 4.45
2019/04/28 01:57:00, 23.75, 23.39, 23.19, 23.46, 21.53, 0, 0, 4.45
2019/04/28 01:58:00, 23.75, 23.39, 23.18, 23.48, 21.54, 0, 0, 4.45
2019/04/28 01:59:00, 23.75, 23.40, 23.18, 23.51, 21.54, 0, 0, 4.45
2019/04/28 02:00:00, 23.75, 23.39, 23.19, 23.48, 21.54, 0, 0, 4.45
2019/04/28 02:01:00, 23.75, 23.39, 23.20, 23.48, 21.52, 0, 0, 4.45
2019/04/28 02:02:00, 23.75, 23.40, 23.17, 23.40, 21.54, 0, 0, 4.45
2019/04/28 02:03:00, 23.75, 23.40, 23.18, 23.43, 21.50, 0, 0, 4.45
2019/04/28 02:04:00, 23.75, 23.39, 23.19, 23.46, 21.53, 0, 0, 4.45
2019/04/28 02:05:00, 23.75, 23.37, 23.19, 23.48, 21.52, 0, 0, 4.45
2019/04/28 02:06:00, 23.75, 23.39, 23.18, 23.45, 21.50, 0, 0, 4.45
2019/04/28 02:07:00, 23.75, 23.39, 23.17, 23.44, 21.51, 0, 0, 4.45
2019/04/28 02:08:00, 23.75, 23.39, 23.17, 23.46, 21.51, 0, 0, 4.45
2019/04/28 02:09:00, 23.75, 23.39, 23.17, 23.42, 21.51, 0, 0, 4.45
2019/04/28 02:10:00, 23.75, 23.39, 23.18, 23.45, 21.51, 0, 0, 4.45
2019/04/28 02:11:00, 23.75, 23.39, 23.19, 23.48, 21.51, 0, 0, 4.45
2019/04/28 02:12:00, 23.75, 23.39, 23.18, 23.44, 21.50, 0, 0, 4.45
2019/04/28 02:13:00, 23.75, 23.39, 23.19, 23.46, 21.50, 0, 0, 4.45
2019/04/28 02:14:00, 23.75, 23.36, 23.18, 23.41, 21.49, 0, 0, 4.45
2019/04/28 02:15:00, 23.75, 23.37, 23.17, 23.43, 21.50, 0, 0, 4.45
2019/04/28 02:16:00, 23.75, 23.37, 23.18, 23.42, 21.50, 0, 0, 4.45
2019/04/28 02:17:00, 23.75, 23.37, 23.17, 23.43, 21.49, 0, 0, 4.45
2019/04/28 02:18:00, 23.75, 23.39, 23.17, 23.42, 21.48, 0, 0, 4.45
2019/04/28 02:19:00, 23.75, 23.36, 23.18, 23.37, 21.48, 0, 0, 4.45
2019/04/28 02:20:00, 23.75, 23.39, 23.17, 23.40, 21.48, 0, 0, 4.45
2019/04/28 02:21:00, 23.75, 23.37, 23.19, 23.39, 21.47, 0, 0, 4.45
2019/04/28 02:22:00, 23.75, 23.39, 23.18, 23.43, 21.47, 0, 0, 4.45
2019/04/28 02:23:00, 23.75, 23.40, 23.18, 23.36, 21.45, 0, 0, 4.45
2019/04/28 02:24:00, 23.75, 23.37, 23.19, 23.39, 21.45, 0, 0, 4.45
2019/04/28 02:25:00, 23.75, 23.35, 23.18, 23.42, 21.45, 0, 0, 4.45
2019/04/28 02:26:00, 23.75, 23.37, 23.16, 23.39, 21.45, 0, 0, 4.45
2019/04/28 02:27:00, 23.75, 23.37, 23.17, 23.39, 21.45, 0, 0, 4.45
2019/04/28 02:28:00, 23.75, 23.36, 23.17, 23.31, 21.42, 0, 0, 4.45
2019/04/28 02:29:00, 23.75, 23.36, 23.17, 23.32, 21.43, 0, 0, 4.45
2019/04/28 02:30:00, 23.75, 23.37, 23.17, 23.34, 21.43, 0, 0, 4.45
2019/04/28 02:31:00, 23.75, 23.36, 23.18, 23.36, 21.41, 0, 0, 4.45
2019/04/28 02:32:00, 23.75, 23.36, 23.16, 23.34, 21.41, 0, 0, 4.45
2019/04/28 02:33:00, 23.75, 23.36, 23.17, 23.32, 21.39, 0, 0, 4.45
2019/04/28 02:34:00, 23.75, 23.37, 23.16, 23.36, 21.38, 0, 0, 4.45
2019/04/28 02:35:00, 23.75, 23.35, 23.16, 23.26, 21.38, 0, 0, 4.45
2019/04/28 02:36:00, 23.75, 23.36, 23.18, 23.32, 21.37, 0, 0, 4.45
2019/04/28 02:37:00, 23.75, 23.36, 23.18, 23.29, 21.37, 0, 0, 4.45
2019/04/28 02:38:00, 23.75, 23.37, 23.16, 23.25, 21.38, 0, 0, 4.45
2019/04/28 02:39:00, 23.75, 23.37, 23.16, 23.32, 21.35, 0, 0, 4.45
2019/04/28 02:40:00, 23.75, 23.35, 23.16, 23.28, 21.34, 0, 0, 4.45
2019/04/28 02:41:00, 23.75, 23.37, 23.16, 23.21, 21.34, 0, 0, 4.45
2019/04/28 02:42:00, 23.75, 23.33, 23.16, 23.25, 21.32, 0, 0, 4.45
2019/04/28 02:43:00, 23.75, 23.33, 23.15, 23.27, 21.33, 0, 0, 4.45
2019/04/28 02:44:00, 23.75, 23.33, 23.16, 23.26, 21.32, 0, 0, 4.45
2019/04/28 02:45:00, 23.75, 23.35, 23.15, 23.26, 21.30, 0, 0, 4.45
2019/04/28 02:46:00, 23.75, 23.33, 23.16, 23.19, 21.29, 0, 0, 4.45
2019/04/28 02:47:00, 23.75, 23.36, 23.15, 23.16, 21.27, 0, 0, 4.45
2019/04/28 02:48:00, 23.75, 23.33, 23.14, 23.18, 21.28, 0, 0, 4.45
2019/04/28 02:49:00, 23.75, 23.35, 23.14, 23.21, 21.25, 0, 0, 4.45
2019/04/28 02:50:00, 23.75, 23.35, 23.13, 23.16, 21.25, 0, 0, 4.45
2019/04/28 02:51:00, 23.75, 23.36, 23.16, 23.21, 21.25, 0, 0, 4.45
2019/04/28 02:52:00, 23.75, 23.35, 23.16, 23.08, 21.23, 0, 0, 4.45
2019/04/28 02:53:00, 23.75, 23.35, 23.14, 23.15, 21.21, 0, 0, 4.45
2019/04/28 02:54:00, 23.75, 23.35, 23.15, 23.11, 21.19, 0, 0, 4.45
2019/04/28 02:55:00, 23.75, 23.35, 23.13, 23.08, 21.21, 0, 0, 4.45
2019/04/28 02:56:00, 23.75, 23.35, 23.15, 23.13, 21.19, 0, 0, 4.45
2019/04/28 02:57:00, 23.75, 23.35, 23.13, 23.13, 21.18, 0, 0, 4.45
2019/04/28 02:58:00, 23.75, 23.33, 23.16, 23.05, 21.16, 0, 0, 4.45
2019/04/28 02:59:00, 23.75, 23.33, 23.13, 23.05, 21.17, 0, 0, 4.45
2019/04/28 03:00:00, 23.75, 23.33, 23.14, 23.10, 21.14, 0, 0, 4.45
2019/04/28 03:01:00, 23.75, 23.33, 23.15, 23.08, 21.13, 0, 0, 4.45
2019/04/28 03:02:00, 23.75, 23.36, 23.13, 23.10, 21.13, 0, 0, 4.45
2019/04/28 03:03:00, 23.75, 23.33, 23.14, 22.95, 21.07, 0, 0, 4.45
2019/04/28 03:04:00, 23.75, 23.35, 23.18, 23.00, 21.09, 0, 0, 4.45
2019/04/28 03:05:00, 23.75, 23.33, 23.16, 22.98, 21.09, 0, 0, 4.45
2019/04/28 03:06:00, 23.75, 23.33, 23.15, 22.97, 21.08, 0, 0, 4.45
2019/04/28 03:07:00, 23.75, 23.35, 23.16, 22.98, 21.07, 0, 0, 4.45
2019/04/28 03:08:00, 23.75, 23.35, 23.13, 22.94, 21.05, 0, 0, 4.45
2019/04/28 03:09:00, 23.75, 23.36, 23.13, 22.95, 21.05, 0, 0, 4.45
2019/04/28 03:10:00, 23.75, 23.33, 23.16, 22.94, 21.04, 0, 0, 4.45
2019/04/28 03:11:00, 23.75, 23.33, 23.14, 22.95, 21.03, 0, 0, 4.45
2019/04/28 03:12:00, 23.75, 23.33, 23.14, 22.90, 21.03, 0, 0, 4.45
2019/04/28 03:13:00, 23.75, 23.36, 23.16, 22.90, 21.03, 0, 0, 4.45
2019/04/28 03:14:00, 23.75, 23.36, 23.16, 22.89, 21.00, 0, 0, 4.45
2019/04/28 03:15:00, 23.75, 23.32, 23.13, 22.91, 20.98, 0, 0, 4.45
2019/04/28 03:16:00, 23.75, 23.33, 23.15, 22.89, 21.00, 0, 0, 4.45
2019/04/28 03:17:00, 23.75, 23.33, 23.16, 22.89, 20.96, 0, 0, 4.45
2019/04/28 03:18:00, 23.75, 23.35, 23.15, 22.90, 20.97, 0, 0, 4.45
2019/04/28 03:19:00, 23.75, 23.33, 23.14, 22.85, 20.96, 0, 0, 4.45
2019/04/28 03:20:00, 23.75, 23.33, 23.13, 22.81, 20.96, 0, 0, 4.45
2019/04/28 03:21:00, 23.75, 23.33, 23.14, 22.84, 20.94, 0, 0, 4.45
2019/04/28 03:22:00, 23.75, 23.35, 23.14, 22.82, 20.93, 0, 0, 4.45
2019/04/28 03:23:00, 23.75, 23.33, 23.15, 22.82, 20.93, 0, 0, 4.45
2019/04/28 03:24:00, 23.75, 23.32, 23.14, 22.81, 20.93, 0, 0, 4.45
2019/04/28 03:25:00, 23.75, 23.33, 23.14, 22.77, 20.90, 0, 0, 4.45
2019/04/28 03:26:00, 23.75, 23.35, 23.15, 22.74, 20.88, 0, 0, 4.45
2019/04/28 03:27:00, 23.75, 23.35, 23.15, 22.79, 20.89, 0, 0, 4.45
2019/04/28 03:28:00, 23.75, 23.36, 23.13, 22.82, 20.89, 0, 0, 4.45
2019/04/28 03:29:00, 23.75, 23.33, 23.14, 22.69, 20.84, 0, 0, 4.45
2019/04/28 03:30:00, 23.75, 23.35, 23.15, 22.71, 20.84, 0, 0, 4.45
2019/04/28 03:31:00, 23.75, 23.33, 23.14, 22.76, 20.86, 0, 0, 4.45
2019/04/28 03:32:00, 23.75, 23.32, 23.15, 22.78, 20.84, 0, 0, 4.45
2019/04/28 03:33:00, 23.75, 23.35, 23.16, 22.76, 20.83, 0, 0, 4.45
2019/04/28 03:34:00, 23.75, 23.35, 23.16, 22.74, 20.83, 0, 0, 4.45
2019/04/28 03:35:00, 23.75, 23.35, 23.16, 22.69, 20.79, 0, 0, 4.45
2019/04/28 03:36:00, 23.75, 23.35, 23.17, 22.67, 20.78, 0, 0, 4.45
2019/04/28 03:37:00, 23.75, 23.35, 23.14, 22.74, 20.79, 0, 0, 4.45
2019/04/28 03:38:00, 23.75, 23.33, 23.16, 22.67, 20.77, 0, 0, 4.45
2019/04/28 03:39:00, 23.75, 23.35, 23.15, 22.63, 20.77, 0, 0, 4.45
2019/04/28 03:40:00, 23.75, 23.37, 23.16, 22.63, 20.75, 0, 0, 4.45
2019/04/28 03:41:00, 23.75, 23.35, 23.16, 22.61, 20.77, 0, 0, 4.45
2019/04/28 03:42:00, 23.75, 23.36, 23.15, 22.66, 20.75, 0, 0, 4.45
2019/04/28 03:43:00, 23.75, 23.33, 23.14, 22.60, 20.74, 0, 0, 4.45
2019/04/28 03:44:00, 23.75, 23.37, 23.15, 22.64, 20.74, 0, 0, 4.45
2019/04/28 03:45:00, 23.75, 23.35, 23.13, 22.58, 20.71, 0, 0, 4.45
2019/04/28 03:46:00, 23.75, 23.33, 23.17, 22.58, 20.68, 0, 0, 4.45
2019/04/28 03:47:00, 23.75, 23.35, 23.15, 22.60, 20.71, 0, 0, 4.45
2019/04/28 03:48:00, 23.75, 23.35, 23.15, 22.58, 20.70, 0, 0, 4.45
2019/04/28 03:49:00, 23.75, 23.33, 23.15, 22.58, 20.67, 0, 0, 4.45
2019/04/28 03:50:00, 23.75, 23.36, 23.14, 22.56, 20.68, 0, 0, 4.45
2019/04/28 03:51:00, 23.75, 23.35, 23.16, 22.56, 20.66, 0, 0, 4.45
2019/04/28 03:52:00, 23.75, 23.35, 23.13, 22.56, 20.66, 0, 0, 4.45
2019/04/28 03:53:00, 23.75, 23.35, 23.13, 22.55, 20.67, 0, 0, 4.45
2019/04/28 03:54:00, 23.75, 23.35, 23.16, 22.53, 20.66, 0, 0, 4.45
2019/04/28 03:55:00, 23.75, 23.35, 23.16, 22.51, 20.65, 0, 0, 4.45
2019/04/28 03:56:00, 23.75, 23.33, 23.15, 22.50, 20.63, 0, 0, 4.45
2019/04/28 03:57:00, 23.75, 23.35, 23.16, 22.50, 20.61, 0, 0, 4.45
2019/04/28 03:58:00, 23.75, 23.37, 23.15, 22.50, 20.60, 0, 0, 4.45
2019/04/28 03:59:00, 23.75, 23.36, 23.15, 22.47, 20.61, 0, 0, 4.45
2019/04/28 04:00:00, 23.75, 23.37, 23.16, 22.51, 20.61, 0, 0, 4.45
2019/04/28 04:01:00, 23.75, 23.35, 23.16, 22.45, 20.58, 0, 0, 4.45
2019/04/28 04:02:00, 23.75, 23.35, 23.16, 22.45, 20.58, 0, 0, 4.45
2019/04/28 04:03:00, 23.75, 23.33, 23.15, 22.47, 20.55, 0, 0, 4.45
2019/04/28 04:04:00, 23.75, 23.33, 23.15, 22.46, 20.56, 0, 0, 4.45
2019/04/28 04:05:00, 23.75, 23.35, 23.16, 22.47, 20.55, 0, 0, 4.45
2019/04/28 04:06:00, 23.75, 23.33, 23.14, 22.42, 20.55, 0, 0, 4.45
2019/04/28 04:07:00, 23.75, 23.35, 23.15, 22.43, 20.55, 0, 0, 4.45
2019/04/28 04:08:00, 23.75, 23.35, 23.15, 22.40, 20.55, 0, 0, 4.45
2019/04/28 04:09:00, 23.75, 23.33, 23.14, 22.43, 20.52, 0, 0, 4.45
2019/04/28 04:10:00, 23.75, 23.33, 23.15, 22.43, 20.53, 0, 0, 4.45
2019/04/28 04:11:00, 23.75, 23.35, 23.13, 22.40, 20.51, 0, 0, 4.45
2019/04/28 04:12:00, 23.75, 23.36, 23.13, 22.38, 20.51, 0, 0, 4.45
2019/04/28 04:13:00, 23.75, 23.35, 23.15, 22.38, 20.50, 0, 0, 4.45
2019/04/28 04:14:00, 23.75, 23.33, 23.12, 22.34, 20.48, 0, 0, 4.45
2019/04/28 04:15:00, 23.75, 23.33, 23.15, 22.33, 20.49, 0, 0, 4.45
2019/04/28 04:16:00, 23.75, 23.33, 23.13, 22.34, 20.48, 0, 0, 4.45
2019/04/28 04:17:00, 23.75, 23.33, 23.14, 22.38, 20.47, 0, 0, 4.45
2019/04/28 04:18:00, 23.75, 23.33, 23.15, 22.34, 20.46, 0, 0, 4.45
2019/04/28 04:19:00, 23.75, 23.36, 23.14, 22.27, 20.45, 0, 0, 4.45
2019/04/28 04:20:00, 23.75, 23.37, 23.16, 22.30, 20.45, 0, 0, 4.45
2019/04/28 04:21:00, 23.75, 23.35, 23.15, 22.30, 20.42, 0, 0, 4.45
2019/04/28 04:22:00, 23.75, 23.35, 23.16, 22.29, 20.42, 0, 0, 4.45
2019/04/28 04:23:00, 23.75, 23.32, 23.14, 22.26, 20.39, 0, 0, 4.45
2019/04/28 04:24:00, 23.75, 23.33, 23.13, 22.26, 20.39, 0, 0, 4.45
2019/04/28 04:25:00, 23.75, 23.35, 23.13, 22.24, 20.39, 0, 0, 4.45
2019/04/28 04:26:00, 23.75, 23.33, 23.13, 22.29, 20.38, 0, 0, 4.45
2019/04/28 04:27:00, 23.75, 23.37, 23.16, 22.24, 20.39, 0, 0, 4.45
2019/04/28 04:28:00, 23.75, 23.35, 23.15, 22.24, 20.39, 0, 0, 4.45
2019/04/28 04:29:00, 23.75, 23.33, 23.16, 22.22, 20.37, 0, 0, 4.45
2019/04/28 04:30:00, 23.75, 23.32, 23.14, 22.24, 20.38, 0, 0, 4.45
2019/04/28 04:31:00, 23.75, 23.32, 23.16, 22.27, 20.37, 0, 0, 4.45
2019/04/28 04:32:00, 23.75, 23.35, 23.15, 22.19, 20.35, 0, 0, 4.45
2019/04/28 04:33:00, 23.75, 23.35, 23.15, 22.21, 20.35, 0, 0, 4.45
2019/04/28 04:34:00, 23.75, 23.32, 23.14, 22.19, 20.33, 0, 0, 4.45
2019/04/28 04:35:00, 23.75, 23.33, 23.14, 22.17, 20.31, 0, 0, 4.45
2019/04/28 04:36:00, 23.75, 23.33, 23.14, 22.14, 20.30, 0, 0, 4.45
2019/04/28 04:37:00, 23.75, 23.35, 23.13, 22.17, 20.29, 0, 0, 4.45
2019/04/28 04:38:00, 23.75, 23.35, 23.14, 22.17, 20.29, 0, 0, 4.45
2019/04/28 04:39:00, 23.75, 23.33, 23.14, 22.16, 20.29, 0, 0, 4.45
2019/04/28 04:40:00, 23.75, 23.30, 23.12, 22.16, 20.28, 0, 0, 4.45
2019/04/28 04:41:00, 23.75, 23.33, 23.16, 22.14, 20.28, 0, 0, 4.45
2019/04/28 04:42:00, 23.75, 23.35, 23.13, 22.14, 20.29, 0, 0, 4.45
2019/04/28 04:43:00, 23.75, 23.33, 23.15, 22.11, 20.28, 0, 0, 4.45
2019/04/28 04:44:00, 23.75, 23.33, 23.14, 22.13, 20.26, 0, 0, 4.45
2019/04/28 04:45:00, 23.75, 23.33, 23.15, 22.11, 20.24, 0, 0, 4.45
2019/04/28 04:46:00, 23.75, 23.33, 23.13, 22.14, 20.25, 0, 0, 4.45
2019/04/28 04:47:00, 23.75, 23.33, 23.15, 22.06, 20.22, 0, 0, 4.45
2019/04/28 04:48:00, 23.75, 23.32, 23.15, 22.07, 20.21, 0, 0, 4.45
2019/04/28 04:49:00, 23.75, 23.33, 23.14, 22.08, 20.22, 0, 0, 4.45
2019/04/28 04:50:00, 23.75, 23.33, 23.13, 22.08, 20.22, 0, 0, 4.45
2019/04/28 04:51:00, 23.75, 23.33, 23.13, 22.09, 20.22, 0, 0, 4.45
2019/04/28 04:52:00, 23.75, 23.33, 23.12, 22.11, 20.22, 0, 0, 4.45
2019/04/28 04:53:00, 23.75, 23.33, 23.12, 22.02, 20.21, 0, 0, 4.45
2019/04/28 04:54:00, 23.75, 23.32, 23.15, 22.08, 20.17, 0, 0, 4.45
2019/04/28 04:55:00, 23.75, 23.32, 23.13, 22.05, 20.20, 0, 0, 4.45
2019/04/28 04:56:00, 23.75, 23.32, 23.14, 22.00, 20.18, 0, 0, 4.45
2019/04/28 04:57:00, 23.75, 23.33, 23.13, 21.98, 20.16, 0, 0, 4.45
2019/04/28 04:58:00, 23.75, 23.32, 23.13, 21.98, 20.15, 0, 0, 4.45
2019/04/28 04:59:00, 23.75, 23.33, 23.14, 22.00, 20.13, 0, 0, 4.45
2019/04/28 05:00:00, 23.75, 23.32, 23.12, 22.01, 20.13, 0, 0, 4.45
2019/04/28 05:01:00, 23.75, 23.32, 23.13, 22.02, 20.13, 0, 0, 4.45
2019/04/28 05:02:00, 23.75, 23.33, 23.13, 22.00, 20.13, 0, 0, 4.45
2019/04/28 05:03:00, 23.75, 23.33, 23.13, 22.00, 20.14, 0, 0, 4.45
2019/04/28 05:04:00, 23.75, 23.33, 23.13, 22.01, 20.13, 0, 0, 4.45
2019/04/28 05:05:00, 23.75, 23.33, 23.13, 21.98, 20.12, 0, 0, 4.45
2019/04/28 05:06:00, 23.75, 23.32, 23.14, 21.93, 20.09, 0, 0, 4.45
2019/04/28 05:07:00, 23.75, 23.32, 23.13, 21.95, 20.11, 0, 0, 4.45
2019/04/28 05:08:00, 23.75, 23.30, 23.12, 21.95, 20.09, 0, 0, 4.45
2019/04/28 05:09:00, 23.75, 23.30, 23.15, 21.93, 20.08, 0, 0, 4.45
2019/04/28 05:10:00, 23.75, 23.32, 23.13, 21.90, 20.07, 0, 0, 4.45
2019/04/28 05:11:00, 23.75, 23.33, 23.14, 21.90, 20.07, 0, 0, 4.45
2019/04/28 05:12:00, 23.75, 23.32, 23.12, 21.91, 20.05, 0, 0, 4.45
2019/04/28 05:13:00, 23.75, 23.33, 23.13, 21.93, 20.05, 0, 0, 4.45
2019/04/28 05:14:00, 23.75, 23.32, 23.15, 21.90, 20.04, 0, 0, 4.45
2019/04/28 05:15:00, 23.75, 23.33, 23.10, 21.83, 20.03, 0, 0, 4.45
2019/04/28 05:16:00, 23.75, 23.33, 23.14, 21.85, 20.03, 0, 0, 4.45
2019/04/28 05:17:00, 23.75, 23.30, 23.13, 21.88, 20.03, 0, 0, 4.45
2019/04/28 05:18:00, 23.75, 23.33, 23.13, 21.85, 20.03, 0, 0, 4.45
2019/04/28 05:19:00, 23.75, 23.30, 23.14, 21.88, 20.03, 0, 0, 4.45
2019/04/28 05:20:00, 23.75, 23.33, 23.13, 21.78, 20.00, 0, 0, 4.45
2019/04/28 05:21:00, 23.75, 23.30, 23.13, 21.88, 19.99, 0, 0, 4.45
2019/04/28 05:22:00, 23.75, 23.30, 23.10, 21.83, 20.01, 0, 0, 4.45
2019/04/28 05:23:00, 23.75, 23.30, 23.12, 21.82, 19.98, 0, 0, 4.45
2019/04/28 05:24:00, 23.75, 23.32, 23.12, 21.81, 19.99, 0, 0, 4.45
2019/04/28 05:25:00, 23.75, 23.30, 23.09, 21.81, 19.95, 0, 0, 4.45
2019/04/28 05:26:00, 23.75, 23.33, 23.12, 21.80, 19.93, 0, 0, 4.45
2019/04/28 05:27:00, 23.75, 23.32, 23.12, 21.80, 19.95, 0, 0, 4.45
2019/04/28 05:28:00, 23.75, 23.32, 23.10, 21.85, 19.95, 0, 0, 4.45
2019/04/28 05:29:00, 23.75, 23.33, 23.14, 21.78, 19.93, 0, 0, 4.45
2019/04/28 05:30:00, 23.75, 23.30, 23.09, 21.75, 19.93, 0, 0, 4.45
2019/04/28 05:31:00, 23.75, 23.30, 23.13, 21.78, 19.94, 0, 0, 4.45
2019/04/28 05:32:00, 23.75, 23.28, 23.13, 21.80, 19.93, 0, 0, 4.45
2019/04/28 05:33:00, 23.75, 23.33, 23.10, 21.77, 19.93, 0, 0, 4.45
2019/04/28 05:34:00, 23.75, 23.32, 23.10, 21.78, 19.90, 0, 0, 4.45
2019/04/28 05:35:00, 23.75, 23.30, 23.13, 21.75, 19.88, 0, 0, 4.45
2019/04/28 05:36:00, 23.75, 23.32, 23.10, 21.73, 19.87, 0, 0, 4.45
2019/04/28 05:37:00, 23.75, 23.32, 23.13, 21.72, 19.87, 0, 0, 4.45
2019/04/28 05:38:00, 23.75, 23.30, 23.12, 21.72, 19.86, 0, 0, 4.45
2019/04/28 05:39:00, 23.75, 23.32, 23.12, 21.73, 19.85, 0, 0, 4.45
2019/04/28 05:40:00, 23.75, 23.32, 23.10, 21.70, 19.84, 0, 0, 4.45
2019/04/28 05:41:00, 23.75, 23.32, 23.13, 21.69, 19.86, 0, 0, 4.45
2019/04/28 05:42:00, 23.75, 23.32, 23.13, 21.64, 19.83, 0, 0, 4.45
2019/04/28 05:43:00, 23.75, 23.32, 23.12, 21.73, 19.82, 0, 0, 4.45
2019/04/28 05:44:00, 23.75, 23.32, 23.13, 21.69, 19.80, 0, 0, 4.45
2019/04/28 05:45:00, 23.75, 23.32, 23.13, 21.62, 19.81, 0, 0, 4.45
2019/04/28 05:46:00, 23.75, 23.33, 23.12, 21.65, 19.81, 0, 0, 4.45
2019/04/28 05:47:00, 23.75, 23.32, 23.14, 21.64, 19.80, 0, 0, 4.45
2019/04/28 05:48:00, 23.75, 23.35, 23.14, 21.62, 19.79, 0, 0, 4.45
2019/04/28 05:49:00, 23.75, 23.32, 23.13, 21.59, 19.77, 0, 0, 4.45
2019/04/28 05:50:00, 23.75, 23.33, 23.13, 21.59, 19.77, 0, 0, 4.45
2019/04/28 05:51:00, 23.75, 23.33, 23.13, 21.62, 19.76, 0, 0, 4.45
2019/04/28 05:52:00, 23.75, 23.32, 23.13, 21.56, 19.75, 0, 0, 4.45
2019/04/28 05:53:00, 23.75, 23.32, 23.14, 21.61, 19.73, 0, 0, 4.45
2019/04/28 05:54:00, 23.75, 23.33, 23.15, 21.53, 19.74, 0, 0, 4.45
2019/04/28 05:55:00, 23.75, 23.33, 23.16, 21.51, 19.71, 0, 0, 4.45
2019/04/28 05:56:00, 23.75, 23.36, 23.14, 21.51, 19.68, 0, 0, 4.45
2019/04/28 05:57:00, 23.75, 23.30, 23.14, 21.52, 19.70, 0, 0, 4.45
2019/04/28 05:58:00, 23.75, 23.30, 23.15, 21.53, 19.70, 0, 0, 4.45
2019/04/28 05:59:00, 23.75, 23.35, 23.15, 21.49, 19.67, 0, 0, 4.45
2019/04/28 06:00:00, 23.75, 23.36, 23.14, 21.56, 19.68, 0, 0, 4.45
2019/04/28 06:01:00, 23.75, 23.36, 23.15, 21.48, 19.66, 0, 0, 4.45
2019/04/28 06:02:00, 23.75, 23.32, 23.16, 21.53, 19.69, 0, 0, 4.45
2019/04/28 06:03:00, 23.75, 23.33, 23.16, 21.49, 19.68, 0, 0, 4.45
2019/04/28 06:04:00, 23.75, 23.35, 23.13, 21.49, 19.66, 0, 0, 4.45
2019/04/28 06:05:00, 23.75, 23.35, 23.14, 21.54, 19.68, 0, 0, 4.45
2019/04/28 06:06:00, 23.75, 23.35, 23.17, 21.48, 19.65, 0, 0, 4.45
2019/04/28 06:07:00, 23.75, 23.35, 23.15, 21.46, 19.65, 0, 0, 4.45
2019/04/28 06:08:00, 23.75, 23.35, 23.15, 21.46, 19.64, 0, 0, 4.45
2019/04/28 06:09:00, 23.75, 23.33, 23.16, 21.44, 19.62, 0, 0, 4.45
2019/04/28 06:10:00, 23.75, 23.33, 23.18, 21.43, 19.62, 0, 0, 4.45
2019/04/28 06:11:00, 23.75, 23.37, 23.15, 21.44, 19.59, 0, 0, 4.45
2019/04/28 06:12:00, 23.75, 23.36, 23.16, 21.46, 19.58, 0, 0, 4.45
2019/04/28 06:13:00, 23.75, 23.36, 23.15, 21.40, 19.58, 0, 0, 4.45
2019/04/28 06:14:00, 23.75, 23.36, 23.17, 21.40, 19.58, 0, 0, 4.45
2019/04/28 06:15:00, 23.75, 23.35, 23.16, 21.40, 19.56, 0, 0, 4.45
2019/04/28 06:16:00, 23.75, 23.37, 23.16, 21.45, 19.55, 0, 0, 4.45
2019/04/28 06:17:00, 23.75, 23.37, 23.15, 21.41, 19.55, 0, 0, 4.45
2019/04/28 06:18:00, 23.75, 23.36, 23.17, 21.38, 19.56, 0, 0, 4.45
2019/04/28 06:19:00, 23.75, 23.35, 23.15, 21.35, 19.52, 0, 0, 4.45
2019/04/28 06:20:00, 23.75, 23.39, 23.18, 21.37, 19.54, 0, 0, 4.45
2019/04/28 06:21:00, 23.75, 23.36, 23.16, 21.38, 19.53, 0, 0, 4.45
2019/04/28 06:22:00, 23.75, 23.37, 23.17, 21.33, 19.52, 0, 0, 4.45
2019/04/28 06:23:00, 23.75, 23.37, 23.16, 21.35, 19.52, 0, 0, 4.45
2019/04/28 06:24:00, 23.75, 23.37, 23.18, 21.28, 19.50, 0, 0, 4.45
2019/04/28 06:25:00, 23.75, 23.39, 23.18, 21.30, 19.51, 0, 0, 4.45
2019/04/28 06:26:00, 23.75, 23.37, 23.19, 21.31, 19.48, 0, 0, 4.45
2019/04/28 06:27:00, 23.75, 23.37, 23.20, 21.37, 19.48, 0, 0, 4.45
2019/04/28 06:28:00, 23.75, 23.39, 23.19, 21.33, 19.47, 0, 0, 4.45
2019/04/28 06:29:00, 23.75, 23.40, 23.19, 21.24, 19.44, 0, 0, 4.45
2019/04/28 06:30:00, 23.75, 23.39, 23.17, 21.31, 19.44, 0, 0, 4.45
2019/04/28 06:31:00, 23.75, 23.39, 23.20, 21.29, 19.43, 0, 0, 4.45
2019/04/28 06:32:00, 23.75, 23.40, 23.20, 21.29, 19.44, 0, 0, 4.45
2019/04/28 06:33:00, 23.75, 23.40, 23.18, 21.20, 19.42, 0, 0, 4.45
2019/04/28 06:34:00, 23.75, 23.40, 23.19, 21.15, 19.42, 0, 0, 4.45
2019/04/28 06:35:00, 23.75, 23.40, 23.18, 21.24, 19.39, 0, 0, 4.45
2019/04/28 06:36:00, 23.75, 23.39, 23.17, 21.17, 19.37, 0, 0, 4.45
2019/04/28 06:37:00, 23.75, 23.39, 23.21, 21.26, 19.37, 0, 0, 4.45
2019/04/28 06:38:00, 23.75, 23.37, 23.18, 21.22, 19.37, 0, 0, 4.45
2019/04/28 06:39:00, 23.75, 23.40, 23.20, 21.13, 19.35, 0, 0, 4.45
2019/04/28 06:40:00, 23.75, 23.40, 23.21, 21.17, 19.32, 0, 0, 4.45
2019/04/28 06:41:00, 23.75, 23.37, 23.20, 21.14, 19.32, 0, 0, 4.45
2019/04/28 06:42:00, 23.75, 23.42, 23.21, 21.11, 19.32, 0, 0, 4.45
2019/04/28 06:43:00, 23.75, 23.42, 23.20, 21.06, 19.27, 0, 0, 4.45
2019/04/28 06:44:00, 23.75, 23.40, 23.19, 21.11, 19.28, 0, 0, 4.45
2019/04/28 06:45:00, 23.75, 23.37, 23.21, 21.15, 19.29, 0, 0, 4.45
2019/04/28 06:46:00, 23.75, 23.40, 23.20, 21.09, 19.28, 0, 0, 4.45
2019/04/28 06:47:00, 23.75, 23.40, 23.20, 21.09, 19.26, 0, 0, 4.45
2019/04/28 06:48:00, 23.75, 23.42, 23.22, 21.09, 19.24, 0, 0, 4.45
2019/04/28 06:49:00, 23.75, 23.43, 23.24, 21.03, 19.24, 0, 0, 4.45
2019/04/28 06:50:00, 23.75, 23.42, 23.23, 21.06, 19.23, 0, 0, 4.45
2019/04/28 06:51:00, 23.75, 23.44, 23.22, 21.08, 19.23, 0, 0, 4.45
2019/04/28 06:52:00, 23.75, 23.43, 23.23, 20.99, 19.21, 0, 0, 4.45
2019/04/28 06:53:00, 23.75, 23.43, 23.22, 21.06, 19.20, 0, 0, 4.45
2019/04/28 06:54:00, 23.75, 23.42, 23.22, 20.98, 19.17, 0, 0, 4.45
2019/04/28 06:55:00, 23.75, 23.43, 23.22, 20.95, 19.16, 0, 0, 4.45
2019/04/28 06:56:00, 23.75, 23.43, 23.23, 20.95, 19.16, 0, 0, 4.45
2019/04/28 06:57:00, 23.75, 23.44, 23.23, 20.92, 19.13, 0, 0, 4.45
2019/04/28 06:58:00, 23.75, 23.44, 23.24, 20.90, 19.12, 0, 0, 4.45
2019/04/28 06:59:00, 23.75, 23.44, 23.25, 20.95, 19.13, 0, 0, 4.45
2019/04/28 07:00:00, 23.75, 23.44, 23.28, 20.95, 19.08, 0, 0, 4.45
2019/04/28 07:01:00, 23.75, 23.43, 23.27, 20.88, 19.07, 0, 0, 4.45
2019/04/28 07:02:00, 23.75, 23.46, 23.25, 20.92, 19.07, 0, 0, 4.45
2019/04/28 07:03:00, 23.75, 23.46, 23.25, 20.95, 19.07, 0, 0, 4.45
2019/04/28 07:04:00, 23.75, 23.44, 23.27, 20.92, 19.06, 0, 0, 4.45
2019/04/28 07:05:00, 23.75, 23.47, 23.27, 20.90, 19.05, 0, 0, 4.45
2019/04/28 07:06:00, 23.75, 23.47, 23.27, 20.85, 19.05, 0, 0, 4.45
2019/04/28 07:07:00, 23.75, 23.47, 23.28, 20.82, 19.02, 0, 0, 4.45
2019/04/28 07:08:00, 23.75, 23.47, 23.28, 20.85, 19.00, 0, 0, 4.45
2019/04/28 07:09:00, 23.75, 23.49, 23.28, 20.79, 19.00, 0, 0, 4.45
2019/04/28 07:10:00, 23.75, 23.50, 23.30, 20.81, 18.97, 0, 0, 4.45
2019/04/28 07:11:00, 23.75, 23.52, 23.31, 20.77, 18.97, 0, 0, 4.45
2019/04/28 07:12:00, 23.75, 23.50, 23.31, 20.73, 18.94, 0, 0, 4.45
2019/04/28 07:13:00, 23.75, 23.50, 23.33, 20.71, 18.93, 0, 0, 4.45
2019/04/28 07:14:00, 23.75, 23.53, 23.34, 20.68, 18.92, 0, 0, 4.45
2019/04/28 07:15:00, 23.75, 23.53, 23.34, 20.71, 18.91, 0, 0, 4.45
2019/04/28 07:16:00, 23.75, 23.53, 23.35, 20.74, 18.90, 0, 0, 4.45
2019/04/28 07:17:00, 23.75, 23.54, 23.35, 20.66, 18.89, 0, 0, 4.45
2019/04/28 07:18:00, 23.75, 23.54, 23.37, 20.66, 18.87, 0, 0, 4.45
2019/04/28 07:19:00, 23.75, 23.56, 23.35, 20.65, 18.84, 0, 0, 4.45
2019/04/28 07:20:00, 23.75, 23.57, 23.37, 20.63, 18.83, 0, 0, 4.45
2019/04/28 07:21:00, 23.75, 23.60, 23.41, 20.62, 18.81, 0, 0, 4.45
2019/04/28 07:22:00, 23.75, 23.60, 23.42, 20.62, 18.81, 0, 0, 4.45
2019/04/28 07:23:00, 23.75, 23.60, 23.41, 20.59, 18.78, 0, 0, 4.45
2019/04/28 07:24:00, 23.75, 23.63, 23.44, 20.59, 18.77, 0, 0, 4.45
2019/04/28 07:25:00, 23.75, 23.63, 23.45, 20.54, 18.75, 0, 0, 4.45
2019/04/28 07:26:00, 23.75, 23.63, 23.45, 20.46, 18.72, 0, 0, 4.45
2019/04/28 07:27:00, 23.75, 23.65, 23.45, 20.44, 18.69, 0, 0, 4.45
2019/04/28 07:28:00, 23.75, 23.64, 23.49, 20.46, 18.66, 0, 0, 4.45
2019/04/28 07:29:00, 23.75, 23.65, 23.48, 20.46, 18.67, 0, 0, 4.45
2019/04/28 07:30:00, 24.00, 23.71, 23.49, 20.45, 18.65, 0, 0, 4.45
2019/04/28 07:31:00, 24.00, 23.71, 23.51, 20.40, 18.64, 0, 0, 4.45
2019/04/28 07:32:00, 24.00, 23.71, 23.52, 20.35, 18.59, 0, 0, 4.45
2019/04/28 07:33:00, 24.00, 23.73, 23.54, 20.33, 18.57, 0, 0, 4.45
2019/04/28 07:34:00, 24.00, 23.74, 23.56, 20.32, 18.54, 0, 0, 4.45
2019/04/28 07:35:00, 24.00, 23.76, 23.59, 20.32, 18.55, 0, 0, 4.45
2019/04/28 07:36:00, 24.00, 23.77, 23.58, 20.26, 18.53, 0, 0, 4.45
2019/04/28 07:37:00, 24.00, 23.79, 23.61, 20.29, 18.49, 0, 0, 4.45
2019/04/28 07:38:00, 24.00, 23.81, 23.61, 20.22, 18.47, 0, 0, 4.45
2019/04/28 07:39:00, 24.00, 23.81, 23.62, 20.24, 18.45, 0, 0, 4.45
2019/04/28 07:40:00, 24.00, 23.83, 23.64, 20.15, 18.40, 0, 0, 4.45
2019/04/28 07:41:00, 24.00, 23.83, 23.64, 20.18, 18.40, 0, 0, 4.45
2019/04/28 07:42:00, 24.00, 23.87, 23.67, 20.18, 18.37, 0, 0, 4.45
2019/04/28 07:43:00, 24.00, 23.84, 23.67, 20.13, 18.37, 0, 0, 4.45
2019/04/28 07:44:00, 24.00, 23.90, 23.71, 20.07, 18.34, 0, 0, 4.45
2019/04/28 07:45:00, 24.00, 23.88, 23.71, 20.09, 18.30, 0, 0, 4.45
2019/04/28 07:46:00, 24.00, 23.90, 23.73, 20.04, 18.31, 0, 0, 4.45
2019/04/28 07:47:00, 24.00, 23.90, 23.73, 20.07, 18.26, 0, 0, 4.45
2019/04/28 07:48:00, 24.00, 23.92, 23.74, 20.02, 18.26, 0, 0, 4.45
2019/04/28 07:49:00, 24.00, 23.91, 23.75, 20.01, 18.23, 0, 0, 4.45
2019/04/28 07:50:00, 24.00, 23.94, 23.77, 19.98, 18.21, 0, 0, 4.45
2019/04/28 07:51:00, 24.00, 23.98, 23.76, 19.94, 18.20, 0, 0, 4.45
2019/04/28 07:52:00, 24.00, 23.94, 23.78, 19.98, 18.19, 0, 0, 4.45
2019/04/28 07:53:00, 24.00, 23.97, 23.78, 19.90, 18.13, 0, 0, 4.45
2019/04/28 07:54:00, 24.00, 23.99, 23.82, 19.96, 18.13, 0, 0, 4.45
2019/04/28 07:55:00, 24.00, 23.98, 23.81, 19.85, 18.10, 0, 0, 4.45
2019/04/28 07:56:00, 24.00, 24.02, 23.84, 19.90, 18.08, 0, 0, 4.45
2019/04/28 07:57:00, 24.00, 24.01, 23.86, 19.85, 18.07, 0, 0, 4.45
2019/04/28 07:58:00, 24.00, 24.04, 23.86, 19.85, 18.04, 0, 0, 4.45
2019/04/28 07:59:00, 24.00, 24.05, 23.88, 19.77, 18.04, 0, 0, 4.45
2019/04/28 08:00:00, 24.00, 24.05, 23.87, 19.76, 18.01, 0, 0, 4.45
2019/04/28 08:01:00, 24.00, 24.05, 23.88, 19.81, 18.00, 0, 0, 4.45
2019/04/28 08:02:00, 24.00, 24.05, 23.90, 19.69, 17.98, 0, 0, 4.45
2019/04/28 08:03:00, 24.00, 24.09, 23.91, 19.77, 17.98, 0, 0, 4.45
2019/04/28 08:04:00, 24.00, 24.08, 23.91, 19.76, 17.97, 0, 0, 4.45
2019/04/28 08:05:00, 24.00, 24.14, 23.93, 19.74, 17.95, 0, 0, 4.45
2019/04/28 08:06:00, 24.00, 24.12, 23.94, 19.68, 17.92, 0, 0, 4.45
2019/04/28 08:07:00, 24.25, 24.15, 23.97, 19.63, 17.90, 0, 0, 4.45
2019/04/28 08:08:00, 24.25, 24.14, 23.96, 19.65, 17.88, 0, 0, 4.45
2019/04/28 08:09:00, 24.25, 24.16, 23.96, 19.60, 17.88, 0, 0, 4.45
2019/04/28 08:10:00, 24.25, 24.18, 23.98, 19.62, 17.85, 0, 0, 4.45
2019/04/28 08:11:00, 24.25, 24.16, 23.98, 19.60, 17.81, 0, 0, 4.45
2019/04/28 08:12:00, 24.25, 24.20, 23.98, 19.52, 17.78, 0, 0, 4.45
2019/04/28 08:13:00, 24.25, 24.20, 24.00, 19.55, 17.79, 0, 0, 4.45
2019/04/28 08:14:00, 24.25, 24.20, 24.04, 19.55, 17.79, 0, 0, 4.45
2019/04/28 08:15:00, 24.25, 24.20, 24.02, 19.46, 17.73, 0, 0, 4.45
2019/04/28 08:16:00, 24.25, 24.20, 24.02, 19.47, 17.71, 0, 0, 4.45
2019/04/28 08:17:00, 24.25, 24.22, 24.04, 19.51, 17.71, 0, 0, 4.45
2019/04/28 08:18:00, 24.25, 24.23, 24.04, 19.46, 17.69, 0, 0, 4.45
2019/04/28 08:19:00, 24.25, 24.23, 24.06, 19.42, 17.69, 0, 0, 4.45
2019/04/28 08:20:00, 24.25, 24.26, 24.08, 19.41, 17.68, 0, 0, 4.45
2019/04/28 08:21:00, 24.25, 24.25, 24.08, 19.39, 17.64, 0, 0, 4.45
2019/04/28 08:22:00, 24.25, 24.26, 24.08, 19.38, 17.61, 0, 0, 4.45
2019/04/28 08:23:00, 24.25, 24.26, 24.09, 19.35, 17.62, 0, 0, 4.45
2019/04/28 08:24:00, 24.25, 24.26, 24.10, 19.35, 17.62, 0, 0, 4.45
2019/04/28 08:25:00, 24.25, 24.29, 24.10, 19.38, 17.62, 0, 0, 4.45
2019/04/28 08:26:00, 24.25, 24.27, 24.11, 19.36, 17.59, 0, 0, 4.45
2019/04/28 08:27:00, 24.25, 24.31, 24.11, 19.30, 17.55, 0, 0, 4.45
2019/04/28 08:28:00, 24.25, 24.32, 24.13, 19.27, 17.55, 0, 0, 4.45
2019/04/28 08:29:00, 24.25, 24.32, 24.15, 19.29, 17.55, 0, 0, 4.45
2019/04/28 08:30:00, 24.25, 24.33, 24.13, 19.19, 17.51, 0, 0, 4.45
2019/04/28 08:31:00, 24.25, 24.32, 24.15, 19.20, 17.49, 0, 0, 4.45
2019/04/28 08:32:00, 24.25, 24.33, 24.15, 19.19, 17.47, 0, 0, 4.45
2019/04/28 08:33:00, 24.25, 24.36, 24.15, 19.19, 17.46, 0, 0, 4.44
2019/04/28 08:34:00, 24.25, 24.33, 24.17, 19.19, 17.46, 0, 0, 4.45
2019/04/28 08:35:00, 24.25, 24.38, 24.19, 19.22, 17.47, 0, 0, 4.45
2019/04/28 08:36:00, 24.25, 24.38, 24.17, 19.18, 17.43, 0, 0, 4.45
2019/04/28 08:37:00, 24.25, 24.40, 24.20, 19.09, 17.41, 0, 0, 4.45
2019/04/28 08:38:00, 24.25, 24.40, 24.21, 19.11, 17.38, 0, 0, 4.44
2019/04/28 08:39:00, 24.50, 24.39, 24.22, 19.11, 17.36, 0, 0, 4.45
2019/04/28 08:40:00, 24.50, 24.38, 24.23, 19.09, 17.36, 0, 0, 4.45
2019/04/28 08:41:00, 24.50, 24.42, 24.21, 19.08, 17.36, 0, 0, 4.45
2019/04/28 08:42:00, 24.50, 24.42, 24.23, 19.14, 17.35, 0, 0, 4.45
2019/04/28 08:43:00, 24.50, 24.40, 24.25, 19.02, 17.33, 0, 0, 4.45
2019/04/28 08:44:00, 24.50, 24.42, 24.23, 19.00, 17.33, 0, 0, 4.45
2019/04/28 08:45:00, 24.50, 24.42, 24.26, 19.05, 17.33, 0, 0, 4.45
2019/04/28 08:46:00, 24.50, 24.49, 24.26, 19.02, 17.30, 0, 0, 4.44
2019/04/28 08:47:00, 24.50, 24.44, 24.27, 18.98, 17.27, 0, 0, 4.45
2019/04/28 08:48:00, 24.50, 24.46, 24.27, 19.00, 17.23, 0, 0, 4.45
2019/04/28 08:49:00, 24.50, 24.44, 24.30, 19.00, 17.23, 0, 0, 4.45
2019/04/28 08:50:00, 24.50, 24.47, 24.27, 18.97, 17.23, 0, 0, 4.44
2019/04/28 08:51:00, 24.50, 24.49, 24.27, 18.90, 17.24, 0, 0, 4.45
2019/04/28 08:52:00, 24.50, 24.47, 24.30, 18.94, 17.22, 0, 0, 4.44
2019/04/28 08:53:00, 24.50, 24.49, 24.31, 18.92, 17.20, 0, 0, 4.45
2019/04/28 08:54:00, 24.50, 24.49, 24.30, 18.97, 17.20, 0, 0, 4.45
2019/04/28 08:55:00, 24.50, 24.49, 24.32, 18.94, 17.17, 0, 0, 4.45
2019/04/28 08:56:00, 24.50, 24.49, 24.33, 18.87, 17.15, 0, 0, 4.44
2019/04/28 08:57:00, 24.50, 24.53, 24.32, 18.89, 17.13, 0, 0, 4.45
2019/04/28 08:58:00, 24.50, 24.50, 24.34, 18.86, 17.12, 0, 0, 4.44
2019/04/28 08:59:00, 24.50, 24.52, 24.35, 18.82, 17.10, 0, 0, 4.45
2019/04/28 09:00:00, 24.50, 24.52, 24.33, 18.82, 17.09, 0, 0, 4.45
2019/04/28 09:01:00, 24.50, 24.52, 24.35, 18.81, 17.08, 0, 0, 4.45
2019/04/28 09:02:00, 24.50, 24.53, 24.34, 18.79, 17.07, 0, 0, 4.45
2019/04/28 09:03:00, 24.50, 24.52, 24.34, 18.78, 17.07, 0, 0, 4.45
2019/04/28 09:04:00, 24.50, 24.53, 24.35, 18.79, 17.08, 0, 0, 4.45
2019/04/28 09:05:00, 24.50, 24.53, 24.35, 18.76, 17.04, 0, 0, 4.44
2019/04/28 09:06:00, 24.50, 24.54, 24.35, 18.84, 17.04, 0, 0, 4.45
2019/04/28 09:07:00, 24.50, 24.56, 24.36, 18.81, 17.04, 0, 0, 4.45
2019/04/28 09:08:00, 24.50, 24.54, 24.37, 18.75, 17.04, 0, 0, 4.45
2019/04/28 09:09:00, 24.50, 24.56, 24.38, 18.75, 17.06, 0, 0, 4.45
2019/04/28 09:10:00, 24.50, 24.56, 24.38, 18.73, 17.01, 0, 0, 4.45
2019/04/28 09:11:00, 24.50, 24.56, 24.38, 18.73, 16.99, 0, 0, 4.45
2019/04/28 09:12:00, 24.50, 24.56, 24.40, 18.65, 16.97, 0, 0, 4.44
2019/04/28 09:13:00, 24.50, 24.57, 24.36, 18.65, 16.97, 0, 0, 4.45
2019/04/28 09:14:00, 24.50, 24.54, 24.36, 18.75, 16.96, 0, 0, 4.44
2019/04/28 09:15:00, 24.50, 24.59, 24.39, 18.73, 16.98, 0, 0, 4.44
2019/04/28 09:16:00, 24.50, 24.56, 24.37, 18.70, 16.95, 0, 0, 4.44
2019/04/28 09:17:00, 24.50, 24.57, 24.40, 18.67, 16.94, 0, 0, 4.44
2019/04/28 09:18:00, 24.50, 24.59, 24.39, 18.65, 16.92, 0, 0, 4.45
2019/04/28 09:19:00, 24.50, 24.57, 24.40, 18.60, 16.92, 0, 0, 4.44
2019/04/28 09:20:00, 24.50, 24.57, 24.40, 18.57, 16.88, 0, 0, 4.44
2019/04/28 09:21:00, 24.50, 24.57, 24.40, 18.55, 16.87, 0, 0, 4.45
2019/04/28 09:22:00, 24.75, 24.60, 24.41, 18.68, 16.91, 0, 0, 4.44
2019/04/28 09:23:00, 24.75, 24.60, 24.41, 18.60, 16.88, 0, 0, 4.45
2019/04/28 09:24:00, 24.75, 24.61, 24.42, 18.57, 16.86, 0, 0, 4.44
2019/04/28 09:25:00, 24.75, 24.60, 24.43, 18.52, 16.84, 0, 0, 4.45
2019/04/28 09:26:00, 24.75, 24.60, 24.42, 18.60, 16.85, 0, 0, 4.45
2019/04/28 09:27:00, 24.75, 24.61, 24.43, 18.55, 16.81, 0, 0, 4.44
2019/04/28 09:28:00, 24.75, 24.61, 24.42, 18.47, 16.81, 0, 0, 4.44
2019/04/28 09:29:00, 24.75, 24.60, 24.41, 18.59, 16.80, 0, 0, 4.45
2019/04/28 09:30:00, 24.75, 24.60, 24.40, 18.52, 16.78, 0, 0, 4.44
2019/04/28 09:31:00, 24.75, 24.60, 24.42, 18.50, 16.76, 0, 0, 4.44
2019/04/28 09:32:00, 24.75, 24.61, 24.43, 18.54, 16.79, 0, 0, 4.44
2019/04/28 09:33:00, 24.75, 24.60, 24.43, 18.49, 16.76, 0, 0, 4.44
2019/04/28 09:34:00, 24.75, 24.60, 24.43, 18.52, 16.77, 0, 0, 4.44
2019/04/28 09:35:00, 24.75, 24.60, 24.45, 18.42, 16.75, 0, 0, 4.44
2019/04/28 09:36:00, 24.75, 24.60, 24.45, 18.44, 16.74, 0, 0, 4.44
2019/04/28 09:37:00, 24.75, 24.61, 24.43, 18.42, 16.75, 0, 0, 4.44
2019/04/28 09:38:00, 24.75, 24.61, 24.43, 18.41, 16.73, 0, 0, 4.44
2019/04/28 09:39:00, 24.75, 24.61, 24.43, 18.46, 16.72, 0, 0, 4.44
2019/04/28 09:40:00, 24.75, 24.63, 24.46, 18.42, 16.69, 0, 0, 4.44
2019/04/28 09:41:00, 24.75, 24.64, 24.45, 18.48, 16.72, 0, 0, 4.44
2019/04/28 09:42:00, 24.75, 24.61, 24.46, 18.43, 16.69, 0, 0, 4.44
2019/04/28 09:43:00, 24.75, 24.61, 24.46, 18.39, 16.68, 0, 0, 4.44
2019/04/28 09:44:00, 24.75, 24.63, 24.46, 18.41, 16.68, 0, 0, 4.44
2019/04/28 09:45:00, 24.75, 24.64, 24.46, 18.43, 16.73, 0, 0, 4.44
2019/04/28 09:46:00, 24.75, 24.64, 24.46, 18.39, 16.70, 0, 0, 4.44
2019/04/28 09:47:00, 24.75, 24.63, 24.47, 18.43, 16.65, 0, 0, 4.44
2019/04/28 09:48:00, 24.75, 24.63, 24.46, 18.39, 16.64, 0, 0, 4.45
2019/04/28 09:49:00, 24.75, 24.64, 24.47, 18.39, 16.65, 0, 0, 4.44
2019/04/28 09:50:00, 24.75, 24.64, 24.46, 18.39, 16.63, 0, 0, 4.44
2019/04/28 09:51:00, 24.75, 24.63, 24.46, 18.33, 16.62, 0, 0, 4.44
2019/04/28 09:52:00, 24.75, 24.64, 24.46, 18.38, 16.61, 0, 0, 4.44
2019/04/28 09:53:00, 24.75, 24.63, 24.46, 18.35, 16.63, 0, 0, 4.44
2019/04/28 09:54:00, 24.75, 24.64, 24.49, 18.36, 16.60, 0, 0, 4.44
2019/04/28 09:55:00, 24.75, 24.64, 24.45, 18.33, 16.59, 0, 0, 4.44
2019/04/28 09:56:00, 24.75, 24.66, 24.47, 18.26, 16.56, 0, 0, 4.44
2019/04/28 09:57:00, 24.75, 24.66, 24.46, 18.33, 16.58, 0, 0, 4.44
2019/04/28 09:58:00, 24.75, 24.66, 24.48, 18.30, 16.59, 0, 0, 4.44
2019/04/28 09:59:00, 24.75, 24.67, 24.50, 18.28, 16.57, 0, 0, 4.45
2019/04/28 10:00:00, 24.75, 24.69, 24.50, 18.26, 16.52, 0, 0, 4.44
2019/04/28 10:01:00, 24.75, 24.66, 24.48, 18.25, 16.54, 0, 0, 4.44
2019/04/28 10:02:00, 24.75, 24.64, 24.49, 18.26, 16.54, 0, 0, 4.44
2019/04/28 10:03:00, 24.75, 24.64, 24.48, 18.23, 16.54, 0, 0, 4.44
2019/04/28 10:04:00, 24.75, 24.67, 24.49, 18.26, 16.52, 0, 0, 4.44
2019/04/28 10:05:00, 24.75, 24.69, 24.49, 18.23, 16.50, 0, 0, 4.44
2019/04/28 10:06:00, 24.75, 24.67, 24.49, 18.22, 16.49, 0, 0, 4.44
2019/04/28 10:07:00, 24.75, 24.66, 24.49, 18.25, 16.48, 0, 0, 4.44
2019/04/28 10:08:00, 24.75, 24.66, 24.49, 18.22, 16.49, 0, 0, 4.44
2019/04/28 10:09:00, 24.75, 24.64, 24.48, 18.21, 16.48, 0, 0, 4.44
2019/04/28 10:10:00, 24.75, 24.66, 24.47, 18.26, 16.48, 0, 0, 4.44
2019/04/28 10:11:00, 24.75, 24.66, 24.48, 18.25, 16.47, 0, 0, 4.44
2019/04/28 10:12:00, 24.75, 24.66, 24.48, 18.18, 16.45, 0, 0, 4.44
2019/04/28 10:13:00, 24.75, 24.64, 24.47, 18.18, 16.45, 0, 0, 4.44
2019/04/28 10:14:00, 24.75, 24.64, 24.48, 18.17, 16.45, 0, 0, 4.44
2019/04/28 10:15:00, 24.75, 24.64, 24.47, 18.15, 16.42, 0, 0, 4.44
2019/04/28 10:16:00, 24.75, 24.64, 24.50, 18.18, 16.46, 0, 0, 4.44
2019/04/28 10:17:00, 24.75, 24.66, 24.47, 18.12, 16.43, 0, 0, 4.44
2019/04/28 10:18:00, 24.75, 24.66, 24.46, 18.15, 16.40, 0, 0, 4.44
2019/04/28 10:19:00, 24.75, 24.67, 24.48, 18.14, 16.41, 0, 0, 4.44
2019/04/28 10:20:00, 24.75, 24.64, 24.48, 18.12, 16.36, 0, 0, 4.44
2019/04/28 10:21:00, 24.75, 24.64, 24.49, 18.10, 16.36, 0, 0, 4.44
2019/04/28 10:22:00, 24.75, 24.64, 24.48, 18.09, 16.33, 0, 0, 4.44
2019/04/28 10:23:00, 24.75, 24.64, 24.47, 18.07, 16.35, 0, 0, 4.44
2019/04/28 10:24:00, 24.75, 24.67, 24.50, 18.09, 16.36, 0, 0, 4.44
2019/04/28 10:25:00, 24.75, 24.64, 24.48, 18.09, 16.38, 0, 0, 4.44
2019/04/28 10:26:00, 24.75, 24.69, 24.49, 18.08, 16.36, 0, 0, 4.44
2019/04/28 10:27:00, 24.75, 24.66, 24.46, 18.05, 16.30, 0, 0, 4.44
2019/04/28 10:28:00, 24.75, 24.66, 24.48, 18.01, 16.32, 0, 0, 4.44
2019/04/28 10:29:00, 24.75, 24.66, 24.47, 18.00, 16.31, 0, 0, 4.44
2019/04/28 10:30:00, 24.75, 24.66, 24.47, 17.94, 16.30, 0, 0, 4.44
2019/04/28 10:31:00, 24.75, 24.64, 24.46, 17.96, 16.27, 0, 0, 4.44
2019/04/28 10:32:00, 24.75, 24.64, 24.47, 18.01, 16.27, 0, 0, 4.44
2019/04/28 10:33:00, 24.75, 24.64, 24.48, 18.02, 16.29, 0, 0, 4.44
2019/04/28 10:34:00, 24.75, 24.67, 24.48, 17.99, 16.27, 0, 0, 4.44
2019/04/28 10:35:00, 24.75, 24.66, 24.46, 17.91, 16.23, 0, 0, 4.44
2019/04/28 10:36:00, 24.75, 24.66, 24.43, 17.89, 16.21, 0, 0, 4.44
2019/04/28 10:37:00, 24.75, 24.63, 24.46, 17.86, 16.22, 0, 0, 4.44
2019/04/28 10:38:00, 24.75, 24.63, 24.48, 17.92, 16.20, 0, 0, 4.44
2019/04/28 10:39:00, 24.75, 24.66, 24.46, 17.92, 16.19, 0, 0, 4.44
2019/04/28 10:40:00, 24.75, 24.64, 24.46, 17.94, 16.20, 0, 0, 4.44
2019/04/28 10:41:00, 24.75, 24.60, 24.46, 17.86, 16.19, 0, 0, 4.44
2019/04/28 10:42:00, 24.75, 24.64, 24.45, 17.89, 16.18, 0, 0, 4.44
2019/04/28 10:43:00, 24.75, 24.66, 24.46, 17.91, 16.18, 0, 0, 4.44
2019/04/28 10:44:00, 24.75, 24.63, 24.46, 17.88, 16.18, 0, 0, 4.44
2019/04/28 10:45:00, 24.75, 24.60, 24.46, 17.89, 16.15, 0, 0, 4.44
2019/04/28 10:46:00, 24.75, 24.64, 24.47, 17.83, 16.17, 0, 0, 4.44
2019/04/28 10:47:00, 24.75, 24.64, 24.45, 17.91, 16.17, 0, 0, 4.44
2019/04/28 10:48:00, 24.75, 24.63, 24.46, 17.86, 16.17, 0, 0, 4.44
2019/04/28 10:49:00, 24.75, 24.63, 24.46, 17.83, 16.13, 0, 0, 4.44
2019/04/28 10:50:00, 24.75, 24.63, 24.43, 17.83, 16.11, 0, 0, 4.44
2019/04/28 10:51:00, 24.75, 24.63, 24.45, 17.76, 16.07, 0, 0, 4.44
2019/04/28 10:52:00, 24.75, 24.61, 24.46, 17.79, 16.09, 0, 0, 4.44
2019/04/28 10:53:00, 24.75, 24.64, 24.43, 17.86, 16.09, 0, 0, 4.44
2019/04/28 10:54:00, 24.75, 24.61, 24.45, 17.81, 16.07, 0, 0, 4.44
2019/04/28 10:55:00, 24.75, 24.61, 24.46, 17.79, 16.07, 0, 0, 4.44
2019/04/28 10:56:00, 24.75, 24.64, 24.46, 17.76, 16.07, 0, 0, 4.44
2019/04/28 10:57:00, 24.75, 24.64, 24.43, 17.76, 16.05, 0, 0, 4.44
2019/04/28 10:58:00, 24.75, 24.61, 24.43, 17.73, 16.02, 0, 0, 4.44
2019/04/28 10:59:00, 24.75, 24.61, 24.45, 17.74, 16.03, 0, 0, 4.44
2019/04/28 11:00:00, 24.75, 24.63, 24.41, 17.79, 16.05, 0, 0, 4.44
2019/04/28 11:01:00, 24.75, 24.61, 24.46, 17.79, 16.07, 0, 0, 4.44
2019/04/28 11:02:00, 24.75, 24.60, 24.43, 17.73, 16.04, 0, 0, 4.44
2019/04/28 11:03:00, 24.75, 24.63, 24.42, 17.74, 16.00, 0, 0, 4.44
2019/04/28 11:04:00, 24.75, 24.60, 24.42, 17.79, 16.01, 0, 0, 4.44
2019/04/28 11:05:00, 24.75, 24.60, 24.41, 17.71, 16.04, 0, 0, 4.44
2019/04/28 11:06:00, 24.75, 24.60, 24.45, 17.71, 16.01, 0, 0, 4.44
2019/04/28 11:07:00, 24.75, 24.61, 24.42, 17.68, 15.98, 0, 0, 4.44
2019/04/28 11:08:00, 24.75, 24.60, 24.40, 17.74, 15.99, 0, 0, 4.44
2019/04/28 11:09:00, 24.75, 24.60, 24.40, 17.71, 15.98, 0, 0, 4.44
2019/04/28 11:10:00, 24.75, 24.61, 24.40, 17.69, 15.98, 0, 0, 4.44
2019/04/28 11:11:00, 24.75, 24.57, 24.41, 17.73, 15.94, 0, 0, 4.44
2019/04/28 11:12:00, 24.75, 24.59, 24.42, 17.68, 15.98, 0, 0, 4.44
2019/04/28 11:13:00, 24.75, 24.57, 24.42, 17.71, 15.96, 0, 0, 4.44
2019/04/28 11:14:00, 24.75, 24.59, 24.40, 17.68, 15.95, 0, 0, 4.44
2019/04/28 11:15:00, 24.75, 24.60, 24.41, 17.69, 15.95, 0, 0, 4.44
2019/04/28 11:16:00, 24.75, 24.59, 24.40, 17.60, 15.92, 0, 0, 4.44
2019/04/28 11:17:00, 24.75, 24.60, 24.41, 17.64, 15.94, 0, 0, 4.44
2019/04/28 11:18:00, 24.75, 24.57, 24.40, 17.74, 15.96, 0, 0, 4.44
2019/04/28 11:19:00, 24.75, 24.57, 24.40, 17.56, 15.92, 0, 0, 4.44
2019/04/28 11:20:00, 24.75, 24.60, 24.40, 17.63, 15.91, 0, 0, 4.44
2019/04/28 11:21:00, 24.75, 24.57, 24.40, 17.58, 15.89, 0, 0, 4.44
2019/04/28 11:22:00, 24.75, 24.59, 24.40, 17.63, 15.89, 0, 0, 4.44
2019/04/28 11:23:00, 24.75, 24.56, 24.40, 17.64, 15.91, 0, 0, 4.44
2019/04/28 11:24:00, 24.75, 24.59, 24.39, 17.57, 15.86, 0, 0, 4.44
2019/04/28 11:25:00, 24.75, 24.59, 24.39, 17.56, 15.85, 0, 0, 4.44
2019/04/28 11:26:00, 24.75, 24.54, 24.38, 17.57, 15.86, 0, 0, 4.44
2019/04/28 11:27:00, 24.75, 24.56, 24.38, 17.48, 15.85, 0, 0, 4.44
2019/04/28 11:28:00, 24.75, 24.54, 24.35, 17.56, 15.84, 0, 0, 4.44
2019/04/28 11:29:00, 24.75, 24.57, 24.36, 17.61, 15.84, 0, 0, 4.44
2019/04/28 11:30:00, 24.75, 24.54, 24.36, 17.54, 15.85, 0, 0, 4.44
2019/04/28 11:31:00, 24.75, 24.56, 24.34, 17.53, 15.84, 0, 0, 4.44
2019/04/28 11:32:00, 24.75, 24.56, 24.37, 17.54, 15.83, 0, 0, 4.44
2019/04/28 11:33:00, 24.75, 24.56, 24.35, 17.56, 15.85, 0, 0, 4.44
2019/04/28 11:34:00, 24.75, 24.54, 24.36, 17.57, 15.84, 0, 0, 4.44
2019/04/28 11:35:00, 24.75, 24.54, 24.35, 17.57, 15.85, 0, 0, 4.44
2019/04/28 11:36:00, 24.75, 24.56, 24.36, 17.61, 15.87, 0, 0, 4.44
2019/04/28 11:37:00, 24.75, 24.54, 24.35, 17.59, 15.86, 0, 0, 4.44
2019/04/28 11:38:00, 24.75, 24.54, 24.34, 17.48, 15.81, 0, 0, 4.44
2019/04/28 11:39:00, 24.75, 24.52, 24.33, 17.56, 15.79, 0, 0, 4.44
2019/04/28 11:40:00, 24.75, 24.50, 24.34, 17.48, 15.78, 0, 0, 4.44
2019/04/28 11:41:00, 24.75, 24.52, 24.31, 17.56, 15.80, 0, 0, 4.44
2019/04/28 11:42:00, 24.75, 24.50, 24.33, 17.62, 15.85, 0, 0, 4.44
2019/04/28 11:43:00, 24.75, 24.53, 24.33, 17.60, 15.85, 0, 0, 4.44
2019/04/28 11:44:00, 24.75, 24.50, 24.32, 17.54, 15.85, 0, 0, 4.44
2019/04/28 11:45:00, 24.75, 24.49, 24.33, 17.49, 15.81, 0, 0, 4.44
2019/04/28 11:46:00, 24.75, 24.49, 24.32, 17.52, 15.82, 0, 0, 4.44
2019/04/28 11:47:00, 24.75, 24.49, 24.32, 17.48, 15.78, 0, 0, 4.44
2019/04/28 11:48:00, 24.75, 24.47, 24.31, 17.46, 15.78, 0, 0, 4.44
2019/04/28 11:49:00, 24.75, 24.49, 24.32, 17.49, 15.78, 0, 0, 4.44
2019/04/28 11:50:00, 24.75, 24.47, 24.31, 17.52, 15.76, 0, 0, 4.44
2019/04/28 11:51:00, 24.75, 24.47, 24.32, 17.54, 15.78, 0, 0, 4.44
2019/04/28 11:52:00, 24.75, 24.49, 24.32, 17.49, 15.78, 0, 0, 4.44
2019/04/28 11:53:00, 24.75, 24.52, 24.32, 17.51, 15.76, 0, 0, 4.44
2019/04/28 11:54:00, 24.75, 24.47, 24.31, 17.49, 15.74, 0, 0, 4.44
2019/04/28 11:55:00, 24.75, 24.47, 24.28, 17.56, 15.75, 0, 0, 4.44
2019/04/28 11:56:00, 24.75, 24.50, 24.31, 17.44, 15.75, 0, 0, 4.44
2019/04/28 11:57:00, 24.75, 24.49, 24.31, 17.48, 15.75, 0, 0, 4.44
2019/04/28 11:58:00, 24.75, 24.49, 24.32, 17.44, 15.72, 0, 0, 4.44
2019/04/28 11:59:00, 24.75, 24.50, 24.28, 17.44, 15.73, 0, 0, 4.44
2019/04/28 12:00:00, 24.75, 24.47, 24.30, 17.39, 15.72, 0, 0, 4.44
2019/04/28 12:01:00, 24.75, 24.50, 24.31, 17.49, 15.74, 0, 0, 4.44
2019/04/28 12:02:00, 24.75, 24.49, 24.30, 17.42, 15.72, 0, 0, 4.44
2019/04/28 12:03:00, 24.75, 24.50, 24.32, 17.39, 15.72, 0, 0, 4.44
2019/04/28 12:04:00, 24.75, 24.44, 24.31, 17.39, 15.70, 0, 0, 4.44
2019/04/28 12:05:00, 24.75, 24.46, 24.28, 17.39, 15.68, 0, 0, 4.44
2019/04/28 12:06:00, 24.75, 24.46, 24.28, 17.44, 15.68, 0, 0, 4.44
2019/04/28 12:07:00, 24.75, 24.44, 24.27, 17.42, 15.69, 0, 0, 4.44
2019/04/28 12:08:00, 24.75, 24.49, 24.28, 17.39, 15.68, 0, 0, 4.44
2019/04/28 12:09:00, 24.75, 24.47, 24.31, 17.39, 15.68, 0, 0, 4.44
2019/04/28 12:10:00, 24.75, 24.46, 24.28, 17.28, 15.65, 0, 0, 4.44
2019/04/28 12:11:00, 24.75, 24.46, 24.28, 17.39, 15.65, 0, 0, 4.44
2019/04/28 12:12:00, 24.75, 24.46, 24.27, 17.34, 15.65, 0, 0, 4.44
2019/04/28 12:13:00, 24.75, 24.43, 24.25, 17.44, 15.65, 0, 0, 4.44
2019/04/28 12:14:00, 24.75, 24.44, 24.25, 17.41, 15.67, 0, 0, 4.44
2019/04/28 12:15:00, 24.75, 24.44, 24.26, 17.37, 15.67, 0, 0, 4.44
2019/04/28 12:16:00, 24.75, 24.43, 24.27, 17.39, 15.66, 0, 0, 4.44
2019/04/28 12:17:00, 24.75, 24.44, 24.26, 17.36, 15.62, 0, 0, 4.44
2019/04/28 12:18:00, 24.75, 24.44, 24.26, 17.41, 15.64, 0, 0, 4.44
2019/04/28 12:19:00, 24.75, 24.43, 24.24, 17.39, 15.63, 0, 0, 4.44
2019/04/28 12:20:00, 24.75, 24.43, 24.25, 17.42, 15.65, 0, 0, 4.44
2019/04/28 12:21:00, 24.75, 24.46, 24.24, 17.41, 15.64, 0, 0, 4.44
2019/04/28 12:22:00, 24.75, 24.46, 24.24, 17.31, 15.64, 0, 0, 4.44
2019/04/28 12:23:00, 24.75, 24.42, 24.23, 17.31, 15.57, 0, 0, 4.44
2019/04/28 12:24:00, 24.75, 24.40, 24.23, 17.32, 15.59, 0, 0, 4.44
2019/04/28 12:25:00, 24.75, 24.40, 24.23, 17.32, 15.62, 0, 0, 4.44
2019/04/28 12:26:00, 24.75, 24.40, 24.23, 17.29, 15.59, 0, 0, 4.44
2019/04/28 12:27:00, 24.75, 24.43, 24.25, 17.31, 15.60, 0, 0, 4.44
2019/04/28 12:28:00, 24.75, 24.40, 24.24, 17.23, 15.58, 0, 0, 4.44
2019/04/28 12:29:00, 24.75, 24.39, 24.23, 17.30, 15.56, 0, 0, 4.44
2019/04/28 12:30:00, 24.75, 24.40, 24.21, 17.31, 15.59, 0, 0, 4.44
2019/04/28 12:31:00, 24.75, 24.40, 24.22, 17.28, 15.56, 0, 0, 4.44
2019/04/28 12:32:00, 24.75, 24.40, 24.21, 17.28, 15.57, 0, 0, 4.44
2019/04/28 12:33:00, 24.75, 24.42, 24.20, 17.28, 15.57, 0, 0, 4.44
2019/04/28 12:34:00, 24.75, 24.39, 24.21, 17.26, 15.53, 0, 0, 4.44
2019/04/28 12:35:00, 24.75, 24.39, 24.21, 17.34, 15.56, 0, 0, 4.44
2019/04/28 12:36:00, 24.75, 24.39, 24.19, 17.32, 15.56, 0, 0, 4.44
2019/04/28 12:37:00, 24.75, 24.39, 24.21, 17.24, 15.53, 0, 0, 4.44
2019/04/28 12:38:00, 24.75, 24.39, 24.19, 17.27, 15.53, 0, 0, 4.44
2019/04/28 12:39:00, 24.75, 24.39, 24.19, 17.27, 15.53, 0, 0, 4.44
2019/04/28 12:40:00, 24.75, 24.36, 24.20, 17.24, 15.54, 0, 0, 4.44
2019/04/28 12:41:00, 24.75, 24.40, 24.20, 17.23, 15.54, 0, 0, 4.44
2019/04/28 12:42:00, 24.75, 24.38, 24.20, 17.26, 15.53, 0, 0, 4.44
2019/04/28 12:43:00, 24.75, 24.36, 24.22, 17.26, 15.52, 0, 0, 4.44
2019/04/28 12:44:00, 24.75, 24.38, 24.19, 17.24, 15.50, 0, 0, 4.44
2019/04/28 12:45:00, 24.75, 24.38, 24.20, 17.19, 15.49, 0, 0, 4.44
2019/04/28 12:46:00, 24.75, 24.38, 24.20, 17.18, 15.47, 0, 0, 4.44
2019/04/28 12:47:00, 24.75, 24.35, 24.17, 17.25, 15.48, 0, 0, 4.44
2019/04/28 12:48:00, 24.75, 24.38, 24.19, 17.19, 15.51, 0, 0, 4.44
2019/04/28 12:49:00, 24.75, 24.36, 24.16, 17.21, 15.47, 0, 0, 4.44
2019/04/28 12:50:00, 24.75, 24.38, 24.17, 17.19, 15.46, 0, 0, 4.44
2019/04/28 12:51:00, 24.75, 24.36, 24.18, 17.24, 15.49, 0, 0, 4.44
2019/04/28 12:52:00, 24.75, 24.36, 24.16, 17.18, 15.47, 0, 0, 4.44
2019/04/28 12:53:00, 24.75, 24.36, 24.19, 17.21, 15.46, 0, 0, 4.44
2019/04/28 12:54:00, 24.75, 24.35, 24.19, 17.21, 15.46, 0, 0, 4.44
2019/04/28 12:55:00, 24.75, 24.38, 24.19, 17.11, 15.45, 0, 0, 4.44
2019/04/28 12:56:00, 24.75, 24.36, 24.18, 17.14, 15.44, 0, 0, 4.44
2019/04/28 12:57:00, 24.75, 24.35, 24.16, 17.19, 15.45, 0, 0, 4.44
2019/04/28 12:58:00, 24.75, 24.33, 24.18, 17.16, 15.45, 0, 0, 4.44
2019/04/28 12:59:00, 24.75, 24.35, 24.17, 17.14, 15.44, 0, 0, 4.44
2019/04/28 13:00:00, 24.75, 24.35, 24.16, 17.19, 15.46, 0, 0, 4.44
2019/04/28 13:01:00, 24.75, 24.35, 24.16, 17.23, 15.47, 0, 0, 4.44
2019/04/28 13:02:00, 24.75, 24.33, 24.16, 17.18, 15.46, 0, 0, 4.44
2019/04/28 13:03:00, 24.75, 24.36, 24.16, 17.21, 15.45, 0, 0, 4.44
2019/04/28 13:04:00, 24.75, 24.35, 24.16, 17.19, 15.46, 0, 0, 4.44
2019/04/28 13:05:00, 24.75, 24.35, 24.16, 17.16, 15.43, 0, 0, 4.44
2019/04/28 13:06:00, 24.75, 24.35, 24.13, 17.19, 15.43, 0, 0, 4.44
2019/04/28 13:07:00, 24.75, 24.33, 24.16, 17.18, 15.46, 0, 0, 4.44
2019/04/28 13:08:00, 24.75, 24.33, 24.17, 17.12, 15.45, 0, 0, 4.44
2019/04/28 13:09:00, 24.75, 24.32, 24.15, 17.19, 15.42, 0, 0, 4.44
2019/04/28 13:10:00, 24.75, 24.33, 24.16, 17.18, 15.44, 0, 0, 4.44
2019/04/28 13:11:00, 24.75, 24.33, 24.16, 17.18, 15.44, 0, 0, 4.44
2019/04/28 13:12:00, 24.75, 24.33, 24.16, 17.16, 15.43, 0, 0, 4.44
2019/04/28 13:13:00, 24.75, 24.35, 24.17, 17.19, 15.41, 0, 0, 4.44
2019/04/28 13:14:00, 24.75, 24.38, 24.16, 17.18, 15.40, 0, 0, 4.44
2019/04/28 13:15:00, 24.75, 24.33, 24.18, 17.16, 15.40, 0, 0, 4.44
2019/04/28 13:16:00, 24.75, 24.36, 24.16, 17.12, 15.41, 0, 0, 4.44
2019/04/28 13:17:00, 24.75, 24.33, 24.17, 17.16, 15.40, 0, 0, 4.44
2019/04/28 13:18:00, 24.75, 24.35, 24.13, 17.14, 15.40, 0, 0, 4.44
2019/04/28 13:19:00, 24.75, 24.32, 24.15, 17.16, 15.40, 0, 0, 4.44
2019/04/28 13:20:00, 24.75, 24.33, 24.17, 17.09, 15.40, 0, 0, 4.44
2019/04/28 13:21:00, 24.75, 24.39, 24.16, 17.09, 15.41, 0, 0, 4.44
2019/04/28 13:22:00, 24.75, 24.35, 24.15, 17.11, 15.39, 0, 0, 4.44
2019/04/28 13:23:00, 24.75, 24.35, 24.17, 17.14, 15.39, 0, 0, 4.44
2019/04/28 13:24:00, 24.75, 24.36, 24.17, 17.08, 15.37, 0, 0, 4.44
2019/04/28 13:25:00, 24.75, 24.35, 24.16, 17.14, 15.38, 0, 0, 4.44
2019/04/28 13:26:00, 24.75, 24.33, 24.16, 17.18, 15.39, 0, 0, 4.44
2019/04/28 13:27:00, 24.75, 24.36, 24.17, 17.12, 15.37, 0, 0, 4.44
2019/04/28 13:28:00, 24.75, 24.33, 24.15, 17.06, 15.36, 0, 0, 4.44
2019/04/28 13:29:00, 24.75, 24.35, 24.16, 17.09, 15.34, 0, 0, 4.44
2019/04/28 13:30:00, 24.75, 24.33, 24.16, 17.09, 15.35, 0, 0, 4.44
2019/04/28 13:31:00, 24.75, 24.33, 24.16, 17.09, 15.35, 0, 0, 4.44
2019/04/28 13:32:00, 24.75, 24.36, 24.16, 17.08, 15.34, 0, 0, 4.44
2019/04/28 13:33:00, 24.75, 24.35, 24.15, 17.07, 15.33, 0, 0, 4.44
2019/04/28 13:34:00, 24.75, 24.35, 24.16, 17.08, 15.36, 0, 0, 4.44
2019/04/28 13:35:00, 24.75, 24.35, 24.16, 17.06, 15.34, 0, 0, 4.44
2019/04/28 13:36:00, 24.75, 24.35, 24.16, 17.14, 15.34, 0, 0, 4.44
2019/04/28 13:37:00, 24.75, 24.35, 24.17, 17.08, 15.34, 0, 0, 4.44
2019/04/28 13:38:00, 24.75, 24.35, 24.16, 17.06, 15.33, 0, 0, 4.44
2019/04/28 13:39:00, 24.75, 24.36, 24.19, 17.05, 15.31, 0, 0, 4.44
2019/04/28 13:40:00, 24.75, 24.36, 24.17, 17.08, 15.32, 0, 0, 4.44
2019/04/28 13:41:00, 24.75, 24.36, 24.16, 17.06, 15.33, 0, 0, 4.44
2019/04/28 13:42:00, 24.75, 24.36, 24.17, 17.04, 15.33, 0, 0, 4.44
2019/04/28 13:43:00, 24.75, 24.35, 24.16, 17.08, 15.33, 0, 0, 4.44
2019/04/28 13:44:00, 24.75, 24.35, 24.16, 17.06, 15.32, 0, 0, 4.44
2019/04/28 13:45:00, 24.75, 24.35, 24.16, 17.05, 15.32, 0, 0, 4.44
2019/04/28 13:46:00, 24.75, 24.35, 24.17, 17.06, 15.32, 0, 0, 4.44
2019/04/28 13:47:00, 24.75, 24.35, 24.18, 17.11, 15.32, 0, 0, 4.44
2019/04/28 13:48:00, 24.75, 24.36, 24.17, 17.11, 15.33, 0, 0, 4.44
2019/04/28 13:49:00, 24.75, 24.36, 24.18, 17.11, 15.33, 0, 0, 4.44
2019/04/28 13:50:00, 24.75, 24.35, 24.18, 17.09, 15.33, 0, 0, 4.44
2019/04/28 13:51:00, 24.75, 24.36, 24.16, 17.08, 15.31, 0, 0, 4.44
2019/04/28 13:52:00, 24.75, 24.33, 24.19, 17.08, 15.31, 0, 0, 4.44
2019/04/28 13:53:00, 24.75, 24.36, 24.18, 17.09, 15.32, 0, 0, 4.44
2019/04/28 13:54:00, 24.75, 24.36, 24.16, 17.06, 15.33, 0, 0, 4.44
2019/04/28 13:55:00, 24.75, 24.35, 24.17, 17.05, 15.34, 0, 0, 4.44
2019/04/28 13:56:00, 24.75, 24.36, 24.17, 17.05, 15.32, 0, 0, 4.44
2019/04/28 13:57:00, 24.75, 24.38, 24.19, 17.06, 15.31, 0, 0, 4.44
2019/04/28 13:58:00, 24.75, 24.36, 24.19, 17.03, 15.33, 0, 0, 4.44
2019/04/28 13:59:00, 24.75, 24.39, 24.17, 17.07, 15.33, 0, 0, 4.44
2019/04/28 14:00:00, 24.75, 24.35, 24.19, 17.05, 15.30, 0, 0, 4.44
2019/04/28 14:01:00, 24.75, 24.39, 24.17, 17.06, 15.30, 0, 0, 4.44
2019/04/28 14:02:00, 24.75, 24.35, 24.18, 17.05, 15.30, 0, 0, 4.44
2019/04/28 14:03:00, 24.75, 24.38, 24.17, 17.06, 15.31, 0, 0, 4.44
2019/04/28 14:04:00, 24.75, 24.36, 24.17, 16.96, 15.27, 0, 0, 4.44
2019/04/28 14:05:00, 24.75, 24.36, 24.17, 17.06, 15.30, 0, 0, 4.44
2019/04/28 14:06:00, 24.75, 24.38, 24.19, 17.03, 15.30, 0, 0, 4.44
2019/04/28 14:07:00, 24.75, 24.36, 24.19, 17.06, 15.29, 0, 0, 4.44
2019/04/28 14:08:00, 24.75, 24.38, 24.19, 17.03, 15.30, 0, 0, 4.44
2019/04/28 14:09:00, 24.75, 24.38, 24.16, 17.01, 15.29, 0, 0, 4.44
2019/04/28 14:10:00, 24.75, 24.38, 24.18, 16.96, 15.26, 0, 0, 4.44
2019/04/28 14:11:00, 24.75, 24.38, 24.16, 17.05, 15.27, 0, 0, 4.44
2019/04/28 14:12:00, 24.75, 24.36, 24.18, 17.06, 15.28, 0, 0, 4.44
2019/04/28 14:13:00, 24.75, 24.38, 24.18, 16.98, 15.26, 0, 0, 4.44
2019/04/28 14:14:00, 24.75, 24.33, 24.17, 17.01, 15.27, 0, 0, 4.44
2019/04/28 14:15:00, 24.75, 24.36, 24.18, 16.98, 15.27, 0, 0, 4.44
2019/04/28 14:16:00, 24.75, 24.35, 24.19, 16.98, 15.26, 0, 0, 4.44
2019/04/28 14:17:00, 24.75, 24.33, 24.17, 17.06, 15.27, 0, 0, 4.44
2019/04/28 14:18:00, 24.75, 24.38, 24.19, 17.01, 15.27, 0, 0, 4.44
2019/04/28 14:19:00, 24.75, 24.38, 24.19, 16.92, 15.27, 0, 0, 4.44
2019/04/28 14:20:00, 24.75, 24.38, 24.18, 16.98, 15.25, 0, 0, 4.44
2019/04/28 14:21:00, 24.75, 24.36, 24.22, 17.01, 15.22, 0, 0, 4.44
2019/04/28 14:22:00, 24.75, 24.36, 24.19, 16.98, 15.23, 0, 0, 4.44
2019/04/28 14:23:00, 24.75, 24.36, 24.19, 16.96, 15.25, 0, 0, 4.44
2019/04/28 14:24:00, 24.75, 24.36, 24.19, 16.96, 15.20, 0, 0, 4.44
2019/04/28 14:25:00, 24.75, 24.36, 24.19, 16.90, 15.19, 0, 0, 4.44
2019/04/28 14:26:00, 24.75, 24.36, 24.18, 16.93, 15.20, 0, 0, 4.44
2019/04/28 14:27:00, 24.75, 24.36, 24.17, 16.93, 15.20, 0, 0, 4.44
2019/04/28 14:28:00, 24.75, 24.35, 24.16, 16.87, 15.17, 0, 0, 4.44
2019/04/28 14:29:00, 24.75, 24.36, 24.17, 16.88, 15.17, 0, 0, 4.44
2019/04/28 14:30:00, 24.75, 24.36, 24.16, 16.96, 15.20, 0, 0, 4.44
2019/04/28 14:31:00, 24.75, 24.33, 24.16, 16.88, 15.17, 0, 0, 4.44
2019/04/28 14:32:00, 24.75, 24.35, 24.17, 16.85, 15.17, 0, 0, 4.44
2019/04/28 14:33:00, 24.75, 24.35, 24.16, 16.80, 15.14, 0, 0, 4.44
2019/04/28 14:34:00, 24.75, 24.35, 24.17, 16.87, 15.15, 0, 0, 4.44
2019/04/28 14:35:00, 24.75, 24.33, 24.16, 16.87, 15.18, 0, 0, 4.44
2019/04/28 14:36:00, 24.75, 24.33, 24.16, 16.82, 15.13, 0, 0, 4.44
2019/04/28 14:37:00, 24.75, 24.35, 24.15, 16.87, 15.12, 0, 0, 4.44
2019/04/28 14:38:00, 24.75, 24.35, 24.17, 16.91, 15.14, 0, 0, 4.44
2019/04/28 14:39:00, 24.75, 24.33, 24.16, 16.87, 15.14, 0, 0, 4.44
2019/04/28 14:40:00, 24.75, 24.33, 24.16, 16.82, 15.10, 0, 0, 4.44
2019/04/28 14:41:00, 24.75, 24.33, 24.16, 16.87, 15.09, 0, 0, 4.44
2019/04/28 14:42:00, 24.75, 24.32, 24.16, 16.83, 15.11, 0, 0, 4.44
2019/04/28 14:43:00, 24.75, 24.32, 24.15, 16.78, 15.08, 0, 0, 4.44
2019/04/28 14:44:00, 24.75, 24.32, 24.15, 16.83, 15.07, 0, 0, 4.44
2019/04/28 14:45:00, 24.75, 24.32, 24.16, 16.78, 15.08, 0, 0, 4.44
2019/04/28 14:46:00, 24.75, 24.33, 24.16, 16.88, 15.09, 0, 0, 4.44
2019/04/28 14:47:00, 24.75, 24.33, 24.13, 16.82, 15.10, 0, 0, 4.44
2019/04/28 14:48:00, 24.75, 24.32, 24.15, 16.80, 15.08, 0, 0, 4.44
2019/04/28 14:49:00, 24.75, 24.31, 24.13, 16.82, 15.07, 0, 0, 4.44
2019/04/28 14:50:00, 24.75, 24.32, 24.15, 16.75, 15.05, 0, 0, 4.44
2019/04/28 14:51:00, 24.75, 24.33, 24.13, 16.73, 15.07, 0, 0, 4.44
2019/04/28 14:52:00, 24.75, 24.31, 24.13, 16.78, 15.04, 0, 0, 4.44
2019/04/28 14:53:00, 24.75, 24.29, 24.12, 16.78, 15.04, 0, 0, 4.44
2019/04/28 14:54:00, 24.75, 24.31, 24.12, 16.76, 15.04, 0, 0, 4.44
2019/04/28 14:55:00, 24.75, 24.29, 24.11, 16.72, 15.04, 0, 0, 4.44
2019/04/28 14:56:00, 24.75, 24.29, 24.13, 16.82, 15.04, 0, 0, 4.44
2019/04/28 14:57:00, 24.75, 24.32, 24.11, 16.73, 15.04, 0, 0, 4.44
2019/04/28 14:58:00, 24.75, 24.31, 24.10, 16.75, 15.02, 0, 0, 4.44
2019/04/28 14:59:00, 24.75, 24.29, 24.10, 16.78, 15.02, 0, 0, 4.44
2019/04/28 15:00:00, 24.75, 24.31, 24.11, 16.76, 15.01, 0, 0, 4.44
2019/04/28 15:01:00, 24.75, 24.32, 24.09, 16.72, 15.01, 0, 0, 4.44
2019/04/28 15:02:00, 24.75, 24.29, 24.10, 16.75, 15.02, 0, 0, 4.44
2019/04/28 15:03:00, 24.75, 24.27, 24.10, 16.78, 15.03, 0, 0, 4.44
2019/04/28 15:04:00, 24.75, 24.29, 24.12, 16.73, 15.01, 0, 0, 4.44
2019/04/28 15:05:00, 24.75, 24.29, 24.12, 16.71, 15.00, 0, 0, 4.44
2019/04/28 15:06:00, 24.75, 24.32, 24.11, 16.72, 14.98, 0, 0, 4.44
2019/04/28 15:07:00, 24.75, 24.32, 24.10, 16.70, 14.99, 0, 0, 4.44
2019/04/28 15:08:00, 24.75, 24.27, 24.13, 16.73, 15.00, 0, 0, 4.44
2019/04/28 15:09:00, 24.75, 24.31, 24.11, 16.70, 14.99, 0, 0, 4.44
2019/04/28 15:10:00, 24.75, 24.29, 24.11, 16.72, 14.98, 0, 0, 4.44
2019/04/28 15:11:00, 24.75, 24.27, 24.11, 16.64, 14.96, 0, 0, 4.44
2019/04/28 15:12:00, 24.75, 24.31, 24.10, 16.78, 14.98, 0, 0, 4.44
2019/04/28 15:13:00, 24.75, 24.29, 24.11, 16.71, 14.96, 0, 0, 4.44
2019/04/28 15:14:00, 24.75, 24.31, 24.10, 16.70, 14.98, 0, 0, 4.44
2019/04/28 15:15:00, 24.75, 24.26, 24.10, 16.73, 14.98, 0, 0, 4.44
2019/04/28 15:16:00, 24.75, 24.29, 24.11, 16.72, 14.98, 0, 0, 4.44
2019/04/28 15:17:00, 24.75, 24.31, 24.11, 16.70, 14.96, 0, 0, 4.44
2019/04/28 15:18:00, 24.75, 24.29, 24.10, 16.70, 14.96, 0, 0, 4.44
2019/04/28 15:19:00, 24.75, 24.29, 24.10, 16.73, 14.94, 0, 0, 4.44
2019/04/28 15:20:00, 24.75, 24.29, 24.09, 16.70, 14.97, 0, 0, 4.44
2019/04/28 15:21:00, 24.75, 24.26, 24.10, 16.68, 14.94, 0, 0, 4.44
2019/04/28 15:22:00, 24.75, 24.27, 24.10, 16.71, 14.95, 0, 0, 4.44
2019/04/28 15:23:00, 24.75, 24.29, 24.09, 16.62, 14.92, 0, 0, 4.44
2019/04/28 15:24:00, 24.75, 24.29, 24.09, 16.65, 14.95, 0, 0, 4.44
2019/04/28 15:25:00, 24.75, 24.25, 24.12, 16.68, 14.91, 0, 0, 4.44
2019/04/28 15:26:00, 24.75, 24.29, 24.10, 16.68, 14.90, 0, 0, 4.44
2019/04/28 15:27:00, 24.75, 24.25, 24.09, 16.63, 14.89, 0, 0, 4.44
2019/04/28 15:28:00, 24.75, 24.26, 24.08, 16.62, 14.89, 0, 0, 4.44
2019/04/28 15:29:00, 24.75, 24.27, 24.08, 16.63, 14.91, 0, 0, 4.44
2019/04/28 15:30:00, 24.75, 24.26, 24.09, 16.62, 14.88, 0, 0, 4.44
2019/04/28 15:31:00, 24.75, 24.25, 24.07, 16.64, 14.89, 0, 0, 4.44
2019/04/28 15:32:00, 24.75, 24.27, 24.10, 16.59, 14.89, 0, 0, 4.44
2019/04/28 15:33:00, 24.75, 24.29, 24.07, 16.64, 14.90, 0, 0, 4.44
2019/04/28 15:34:00, 24.75, 24.29, 24.08, 16.60, 14.88, 0, 0, 4.44
2019/04/28 15:35:00, 24.75, 24.29, 24.10, 16.62, 14.87, 0, 0, 4.44
2019/04/28 15:36:00, 24.75, 24.27, 24.07, 16.57, 14.86, 0, 0, 4.44
2019/04/28 15:37:00, 24.75, 24.27, 24.08, 16.57, 14.87, 0, 0, 4.44
2019/04/28 15:38:00, 24.75, 24.26, 24.08, 16.57, 14.85, 0, 0, 4.44
2019/04/28 15:39:00, 24.75, 24.23, 24.09, 16.53, 14.84, 0, 0, 4.44
2019/04/28 15:40:00, 24.75, 24.26, 24.06, 16.62, 14.85, 0, 0, 4.44
2019/04/28 15:41:00, 24.75, 24.26, 24.06, 16.54, 14.83, 0, 0, 4.44
2019/04/28 15:42:00, 24.75, 24.26, 24.05, 16.59, 14.85, 0, 0, 4.44
2019/04/28 15:43:00, 24.75, 24.25, 24.07, 16.63, 14.87, 0, 0, 4.44
2019/04/28 15:44:00, 24.50, 24.27, 24.07, 16.53, 14.82, 0, 0, 4.44
2019/04/28 15:45:00, 24.75, 24.26, 24.08, 16.59, 14.83, 0, 0, 4.44
2019/04/28 15:46:00, 24.75, 24.25, 24.09, 16.59, 14.82, 0, 0, 4.44
2019/04/28 15:47:00, 24.75, 24.25, 24.08, 16.50, 14.81, 0, 0, 4.44
2019/04/28 15:48:00, 24.50, 24.27, 24.09, 16.57, 14.82, 0, 0, 4.44
2019/04/28 15:49:00, 24.50, 24.26, 24.06, 16.54, 14.80, 0, 0, 4.44
2019/04/28 15:50:00, 24.75, 24.25, 24.07, 16.55, 14.83, 0, 0, 4.44
2019/04/28 15:51:00, 24.50, 24.26, 24.06, 16.57, 14.80, 0, 0, 4.44
2019/04/28 15:52:00, 24.50, 24.27, 24.08, 16.55, 14.81, 0, 0, 4.44
2019/04/28 15:53:00, 24.50, 24.25, 24.08, 16.52, 14.79, 0, 0, 4.44
2019/04/28 15:54:00, 24.50, 24.23, 24.07, 16.50, 14.81, 0, 0, 4.44
2019/04/28 15:55:00, 24.50, 24.26, 24.06, 16.59, 14.81, 0, 0, 4.44
2019/04/28 15:56:00, 24.50, 24.25, 24.08, 16.54, 14.82, 0, 0, 4.44
2019/04/28 15:57:00, 24.50, 24.26, 24.07, 16.59, 14.82, 0, 0, 4.44
2019/04/28 15:58:00, 24.50, 24.27, 24.08, 16.50, 14.82, 0, 0, 4.44
2019/04/28 15:59:00, 24.50, 24.26, 24.07, 16.54, 14.78, 0, 0, 4.44
2019/04/28 16:00:00, 24.50, 24.26, 24.06, 16.52, 14.79, 0, 0, 4.44
2019/04/28 16:01:00, 24.50, 24.26, 24.06, 16.50, 14.80, 0, 0, 4.44
2019/04/28 16:02:00, 24.50, 24.27, 24.06, 16.49, 14.78, 0, 0, 4.44
2019/04/28 16:03:00, 24.50, 24.25, 24.09, 16.54, 14.79, 0, 0, 4.44
2019/04/28 16:04:00, 24.50, 24.26, 24.09, 16.53, 14.78, 0, 0, 4.44
2019/04/28 16:05:00, 24.50, 24.26, 24.09, 16.50, 14.77, 0, 0, 4.44
2019/04/28 16:06:00, 24.50, 24.27, 24.07, 16.52, 14.78, 0, 0, 4.44
2019/04/28 16:07:00, 24.50, 24.26, 24.08, 16.49, 14.78, 0, 0, 4.44
2019/04/28 16:08:00, 24.50, 24.25, 24.07, 16.52, 14.75, 0, 0, 4.44
2019/04/28 16:09:00, 24.50, 24.25, 24.07, 16.52, 14.77, 0, 0, 4.44
2019/04/28 16:10:00, 24.50, 24.25, 24.09, 16.50, 14.77, 0, 0, 4.44
2019/04/28 16:11:00, 24.50, 24.26, 24.07, 16.55, 14.79, 0, 0, 4.44
2019/04/28 16:12:00, 24.50, 24.23, 24.08, 16.55, 14.78, 0, 0, 4.44
2019/04/28 16:13:00, 24.50, 24.25, 24.07, 16.50, 14.78, 0, 0, 4.44
2019/04/28 16:14:00, 24.50, 24.25, 24.07, 16.53, 14.75, 0, 0, 4.44
2019/04/28 16:15:00, 24.50, 24.25, 24.06, 16.52, 14.75, 0, 0, 4.44
2019/04/28 16:16:00, 24.50, 24.25, 24.06, 16.47, 14.75, 0, 0, 4.44
2019/04/28 16:17:00, 24.50, 24.25, 24.08, 16.55, 14.77, 0, 0, 4.44
2019/04/28 16:18:00, 24.50, 24.26, 24.07, 16.54, 14.75, 0, 0, 4.44
2019/04/28 16:19:00, 24.50, 24.23, 24.05, 16.52, 14.75, 0, 0, 4.44
2019/04/28 16:20:00, 24.50, 24.27, 24.09, 16.57, 14.76, 0, 0, 4.44
2019/04/28 16:21:00, 24.50, 24.26, 24.07, 16.47, 14.73, 0, 0, 4.44
2019/04/28 16:22:00, 24.50, 24.26, 24.07, 16.49, 14.75, 0, 0, 4.44
2019/04/28 16:23:00, 24.50, 24.25, 24.09, 16.44, 14.72, 0, 0, 4.44
2019/04/28 16:24:00, 24.50, 24.26, 24.07, 16.49, 14.72, 0, 0, 4.44
2019/04/28 16:25:00, 24.50, 24.26, 24.08, 16.51, 14.73, 0, 0, 4.44
2019/04/28 16:26:00, 24.50, 24.26, 24.08, 16.44, 14.72, 0, 0, 4.44
2019/04/28 16:27:00, 24.50, 24.26, 24.07, 16.49, 14.72, 0, 0, 4.44
2019/04/28 16:28:00, 24.50, 24.26, 24.06, 16.49, 14.71, 0, 0, 4.44
2019/04/28 16:29:00, 24.50, 24.26, 24.06, 16.47, 14.75, 0, 0, 4.44
2019/04/28 16:30:00, 24.50, 24.26, 24.06, 16.46, 14.72, 0, 0, 4.44
2019/04/28 16:31:00, 24.50, 24.26, 24.08, 16.42, 14.69, 0, 0, 4.44
2019/04/28 16:32:00, 24.50, 24.26, 24.08, 16.42, 14.70, 0, 0, 4.44
2019/04/28 16:33:00, 24.50, 24.23, 24.07, 16.41, 14.71, 0, 0, 4.44
2019/04/28 16:34:00, 24.50, 24.27, 24.09, 16.44, 14.72, 0, 0, 4.44
2019/04/28 16:35:00, 24.50, 24.26, 24.08, 16.44, 14.69, 0, 0, 4.44
2019/04/28 16:36:00, 24.50, 24.25, 24.06, 16.47, 14.69, 0, 0, 4.44
2019/04/28 16:37:00, 24.50, 24.26, 24.10, 16.44, 14.66, 0, 0, 4.44
2019/04/28 16:38:00, 24.50, 24.25, 24.07, 16.46, 14.67, 0, 0, 4.44
2019/04/28 16:39:00, 24.50, 24.26, 24.10, 16.42, 14.69, 0, 0, 4.44
2019/04/28 16:40:00, 24.50, 24.26, 24.07, 16.47, 14.70, 0, 0, 4.44
2019/04/28 16:41:00, 24.50, 24.27, 24.07, 16.47, 14.69, 0, 0, 4.44
2019/04/28 16:42:00, 24.50, 24.27, 24.07, 16.47, 14.70, 0, 0, 4.44
2019/04/28 16:43:00, 24.50, 24.25, 24.08, 16.37, 14.65, 0, 0, 4.44
2019/04/28 16:44:00, 24.50, 24.26, 24.08, 16.46, 14.66, 0, 0, 4.44
2019/04/28 16:45:00, 24.50, 24.27, 24.06, 16.46, 14.67, 0, 0, 4.44
2019/04/28 16:46:00, 24.50, 24.25, 24.09, 16.42, 14.66, 0, 0, 4.44
2019/04/28 16:47:00, 24.50, 24.25, 24.06, 16.41, 14.66, 0, 0, 4.44
2019/04/28 16:48:00, 24.50, 24.27, 24.06, 16.39, 14.66, 0, 0, 4.44
2019/04/28 16:49:00, 24.50, 24.23, 24.09, 16.39, 14.69, 0, 0, 4.44
2019/04/28 16:50:00, 24.50, 24.25, 24.05, 16.41, 14.62, 0, 0, 4.44
2019/04/28 16:51:00, 24.50, 24.27, 24.07, 16.41, 14.62, 0, 0, 4.44
2019/04/28 16:52:00, 24.50, 24.26, 24.08, 16.41, 14.61, 0, 0, 4.44
2019/04/28 16:53:00, 24.50, 24.26, 24.09, 16.34, 14.59, 0, 0, 4.44
2019/04/28 16:54:00, 24.50, 24.29, 24.08, 16.34, 14.62, 0, 0, 4.44
2019/04/28 16:55:00, 24.50, 24.26, 24.10, 16.37, 14.60, 0, 0, 4.44
2019/04/28 16:56:00, 24.50, 24.27, 24.08, 16.39, 14.62, 0, 0, 4.44
2019/04/28 16:57:00, 24.50, 24.27, 24.10, 16.36, 14.59, 0, 0, 4.44
2019/04/28 16:58:00, 24.50, 24.25, 24.06, 16.33, 14.60, 0, 0, 4.44
2019/04/28 16:59:00, 24.50, 24.25, 24.07, 16.33, 14.59, 0, 0, 4.44
2019/04/28 17:00:00, 24.50, 24.26, 24.08, 16.36, 14.58, 0, 0, 4.44
2019/04/28 17:01:00, 24.50, 24.25, 24.07, 16.37, 14.57, 0, 0, 4.44
2019/04/28 17:02:00, 24.50, 24.25, 24.05, 16.42, 14.57, 0, 0, 4.44
2019/04/28 17:03:00, 24.50, 24.26, 24.06, 16.31, 14.57, 0, 0, 4.44
2019/04/28 17:04:00, 24.50, 24.23, 24.06, 16.27, 14.56, 0, 0, 4.44
2019/04/28 17:05:00, 24.50, 24.26, 24.04, 16.23, 14.54, 0, 0, 4.44
2019/04/28 17:06:00, 24.50, 24.25, 24.07, 16.34, 14.57, 0, 0, 4.44
2019/04/28 17:07:00, 24.50, 24.25, 24.06, 16.33, 14.58, 0, 0, 4.44
2019/04/28 17:08:00, 24.50, 24.25, 24.06, 16.27, 14.56, 0, 0, 4.44
2019/04/28 17:09:00, 24.50, 24.22, 24.06, 16.29, 14.54, 0, 0, 4.44
2019/04/28 17:10:00, 24.50, 24.23, 24.05, 16.31, 14.55, 0, 0, 4.44
2019/04/28 17:11:00, 24.50, 24.22, 24.06, 16.33, 14.56, 0, 0, 4.44
2019/04/28 17:12:00, 24.50, 24.25, 24.06, 16.31, 14.57, 0, 0, 4.44
2019/04/28 17:13:00, 24.50, 24.26, 24.06, 16.33, 14.56, 0, 0, 4.44
2019/04/28 17:14:00, 24.50, 24.26, 24.06, 16.33, 14.56, 0, 0, 4.44
2019/04/28 17:15:00, 24.50, 24.25, 24.06, 16.28, 14.54, 0, 0, 4.44
2019/04/28 17:16:00, 24.50, 24.25, 24.05, 16.31, 14.53, 0, 0, 4.44
2019/04/28 17:17:00, 24.50, 24.25, 24.07, 16.31, 14.53, 0, 0, 4.44
2019/04/28 17:18:00, 24.50, 24.23, 24.05, 16.33, 14.55, 0, 0, 4.44
2019/04/28 17:19:00, 24.50, 24.25, 24.05, 16.36, 14.56, 0, 0, 4.44
2019/04/28 17:20:00, 24.50, 24.25, 24.06, 16.31, 14.56, 0, 0, 4.44
2019/04/28 17:21:00, 24.50, 24.26, 24.05, 16.29, 14.55, 0, 0, 4.44
2019/04/28 17:22:00, 24.50, 24.25, 24.04, 16.29, 14.55, 0, 0, 4.44
2019/04/28 17:23:00, 24.50, 24.23, 24.06, 16.28, 14.56, 0, 0, 4.44
2019/04/28 17:24:00, 24.50, 24.23, 24.05, 16.33, 14.56, 0, 0, 4.44
2019/04/28 17:25:00, 24.50, 24.23, 24.03, 16.34, 14.57, 0, 0, 4.44
2019/04/28 17:26:00, 24.50, 24.25, 24.05, 16.24, 14.55, 0, 0, 4.44
2019/04/28 17:27:00, 24.50, 24.23, 24.04, 16.27, 14.54, 0, 0, 4.44
2019/04/28 17:28:00, 24.50, 24.23, 24.04, 16.26, 14.55, 0, 0, 4.44
2019/04/28 17:29:00, 24.50, 24.23, 24.05, 16.27, 14.54, 0, 0, 4.44
2019/04/28 17:30:00, 24.50, 24.22, 24.04, 16.28, 14.54, 0, 0, 4.44
2019/04/28 17:31:00, 24.50, 24.22, 24.04, 16.29, 14.54, 0, 0, 4.44
2019/04/28 17:32:00, 24.50, 24.22, 24.05, 16.29, 14.55, 0, 0, 4.44
2019/04/28 17:33:00, 24.50, 24.25, 24.04, 16.26, 14.56, 0, 0, 4.44
2019/04/28 17:34:00, 24.50, 24.25, 24.04, 16.33, 14.56, 0, 0, 4.44
2019/04/28 17:35:00, 24.50, 24.19, 24.04, 16.36, 14.54, 0, 0, 4.44
2019/04/28 17:36:00, 24.50, 24.22, 24.05, 16.26, 14.53, 0, 0, 4.44
2019/04/28 17:37:00, 24.50, 24.22, 24.05, 16.27, 14.52, 0, 0, 4.44
2019/04/28 17:38:00, 24.50, 24.19, 24.04, 16.24, 14.52, 0, 0, 4.44
2019/04/28 17:39:00, 24.50, 24.22, 24.01, 16.27, 14.53, 0, 0, 4.44
2019/04/28 17:40:00, 24.50, 24.20, 24.02, 16.22, 14.53, 0, 0, 4.44
2019/04/28 17:41:00, 24.50, 24.25, 24.03, 16.27, 14.52, 0, 0, 4.44
2019/04/28 17:42:00, 24.50, 24.19, 24.02, 16.31, 14.50, 0, 0, 4.44
2019/04/28 17:43:00, 24.50, 24.22, 24.03, 16.26, 14.52, 0, 0, 4.44
2019/04/28 17:44:00, 24.50, 24.20, 24.04, 16.23, 14.50, 0, 0, 4.44
2019/04/28 17:45:00, 24.50, 24.22, 24.04, 16.29, 14.51, 0, 0, 4.44
2019/04/28 17:46:00, 24.50, 24.22, 24.03, 16.24, 14.53, 0, 0, 4.44
2019/04/28 17:47:00, 24.50, 24.20, 24.04, 16.23, 14.52, 0, 0, 4.44
2019/04/28 17:48:00, 24.50, 24.20, 24.04, 16.19, 14.49, 0, 0, 4.44
2019/04/28 17:49:00, 24.50, 24.22, 24.03, 16.29, 14.48, 0, 0, 4.44
2019/04/28 17:50:00, 24.50, 24.22, 24.04, 16.24, 14.48, 0, 0, 4.44
2019/04/28 17:51:00, 24.50, 24.22, 24.02, 16.16, 14.47, 0, 0, 4.44
2019/04/28 17:52:00, 24.50, 24.19, 24.00, 16.24, 14.46, 0, 0, 4.44
2019/04/28 17:53:00, 24.50, 24.19, 24.04, 16.24, 14.49, 0, 0, 4.44
2019/04/28 17:54:00, 24.50, 24.22, 24.02, 16.24, 14.47, 0, 0, 4.44
2019/04/28 17:55:00, 24.50, 24.20, 24.03, 16.19, 14.45, 0, 0, 4.44
2019/04/28 17:56:00, 24.50, 24.18, 24.02, 16.17, 14.44, 0, 0, 4.44
2019/04/28 17:57:00, 24.50, 24.20, 24.03, 16.21, 14.46, 0, 0, 4.44
2019/04/28 17:58:00, 24.50, 24.19, 24.00, 16.22, 14.43, 0, 0, 4.44
2019/04/28 17:59:00, 24.50, 24.22, 24.02, 16.19, 14.44, 0, 0, 4.44
2019/04/28 18:00:00, 24.50, 24.20, 24.04, 16.29, 14.47, 0, 0, 4.44
2019/04/28 18:01:00, 24.50, 24.20, 24.01, 16.19, 14.46, 0, 0, 4.44
2019/04/28 18:02:00, 24.50, 24.20, 24.01, 16.19, 14.44, 0, 0, 4.44
2019/04/28 18:03:00, 24.50, 24.18, 24.02, 16.19, 14.42, 0, 0, 4.44
2019/04/28 18:04:00, 24.50, 24.19, 24.01, 16.13, 14.44, 0, 0, 4.44
2019/04/28 18:05:00, 24.50, 24.19, 23.98, 16.16, 14.43, 0, 0, 4.44
2019/04/28 18:06:00, 24.50, 24.20, 24.00, 16.21, 14.43, 0, 0, 4.44
2019/04/28 18:07:00, 24.50, 24.19, 24.03, 16.11, 14.41, 0, 0, 4.44
2019/04/28 18:08:00, 24.50, 24.20, 24.02, 16.15, 14.43, 0, 0, 4.44
2019/04/28 18:09:00, 24.50, 24.20, 24.01, 16.14, 14.40, 0, 0, 4.44
2019/04/28 18:10:00, 24.50, 24.18, 24.00, 16.13, 14.41, 0, 0, 4.44
2019/04/28 18:11:00, 24.50, 24.20, 24.00, 16.17, 14.41, 0, 0, 4.44
2019/04/28 18:12:00, 24.50, 24.19, 24.01, 16.19, 14.40, 0, 0, 4.44
2019/04/28 18:13:00, 24.50, 24.20, 23.97, 16.13, 14.37, 0, 0, 4.44
2019/04/28 18:14:00, 24.50, 24.19, 24.00, 16.16, 14.37, 0, 0, 4.44
2019/04/28 18:15:00, 24.50, 24.20, 24.01, 16.13, 14.37, 0, 0, 4.44
2019/04/28 18:16:00, 24.50, 24.20, 24.00, 16.11, 14.37, 0, 0, 4.44
2019/04/28 18:17:00, 24.50, 24.16, 24.01, 16.11, 14.35, 0, 0, 4.44
2019/04/28 18:18:00, 24.50, 24.18, 24.00, 16.08, 14.36, 0, 0, 4.44
2019/04/28 18:19:00, 24.50, 24.18, 24.00, 16.13, 14.37, 0, 0, 4.44
2019/04/28 18:20:00, 24.50, 24.19, 24.01, 16.05, 14.36, 0, 0, 4.44
2019/04/28 18:21:00, 24.50, 24.16, 24.01, 16.11, 14.33, 0, 0, 4.44
2019/04/28 18:22:00, 24.50, 24.18, 23.97, 16.09, 14.35, 0, 0, 4.44
2019/04/28 18:23:00, 24.50, 24.15, 23.98, 16.14, 14.35, 0, 0, 4.44
2019/04/28 18:24:00, 24.50, 24.16, 23.97, 16.11, 14.33, 0, 0, 4.44
2019/04/28 18:25:00, 24.50, 24.18, 23.97, 16.09, 14.33, 0, 0, 4.44
2019/04/28 18:26:00, 24.50, 24.15, 23.97, 16.03, 14.33, 0, 0, 4.44
2019/04/28 18:27:00, 24.50, 24.16, 23.97, 16.09, 14.33, 0, 0, 4.44
2019/04/28 18:28:00, 24.50, 24.18, 23.97, 16.06, 14.33, 0, 0, 4.44
2019/04/28 18:29:00, 24.50, 24.16, 23.97, 16.05, 14.32, 0, 0, 4.44
2019/04/28 18:30:00, 24.50, 24.16, 23.97, 16.09, 14.32, 0, 0, 4.44
2019/04/28 18:31:00, 24.50, 24.15, 23.96, 16.09, 14.33, 0, 0, 4.44
2019/04/28 18:32:00, 24.50, 24.16, 23.97, 16.08, 14.33, 0, 0, 4.44
2019/04/28 18:33:00, 24.50, 24.16, 23.96, 16.08, 14.31, 0, 0, 4.44
2019/04/28 18:34:00, 24.50, 24.14, 23.96, 16.09, 14.30, 0, 0, 4.44
2019/04/28 18:35:00, 24.50, 24.18, 23.96, 16.09, 14.32, 0, 0, 4.44
2019/04/28 18:36:00, 24.50, 24.16, 23.96, 16.06, 14.33, 0, 0, 4.44
2019/04/28 18:37:00, 24.50, 24.14, 23.95, 16.06, 14.33, 0, 0, 4.44
2019/04/28 18:38:00, 24.50, 24.14, 23.97, 16.09, 14.33, 0, 0, 4.44
2019/04/28 18:39:00, 24.50, 24.14, 23.97, 16.08, 14.30, 0, 0, 4.44
2019/04/28 18:40:00, 24.50, 24.15, 23.96, 16.08, 14.30, 0, 0, 4.44
2019/04/28 18:41:00, 24.50, 24.15, 23.94, 16.06, 14.32, 0, 0, 4.44
2019/04/28 18:42:00, 24.50, 24.12, 23.92, 16.03, 14.30, 0, 0, 4.44
2019/04/28 18:43:00, 24.50, 24.15, 23.95, 16.06, 14.31, 0, 0, 4.44
2019/04/28 18:44:00, 24.50, 24.14, 23.94, 16.09, 14.30, 0, 0, 4.44
2019/04/28 18:45:00, 24.50, 24.12, 23.94, 16.03, 14.30, 0, 0, 4.44
2019/04/28 18:46:00, 24.50, 24.14, 23.95, 16.09, 14.30, 0, 0, 4.44
2019/04/28 18:47:00, 24.50, 24.12, 23.93, 16.06, 14.29, 0, 0, 4.44
2019/04/28 18:48:00, 24.50, 24.12, 23.95, 16.06, 14.30, 0, 0, 4.44
2019/04/28 18:49:00, 24.50, 24.09, 23.92, 16.06, 14.31, 0, 0, 4.44
2019/04/28 18:50:00, 24.50, 24.11, 23.94, 16.06, 14.33, 0, 0, 4.44
2019/04/28 18:51:00, 24.50, 24.14, 23.92, 16.02, 14.31, 0, 0, 4.44
2019/04/28 18:52:00, 24.50, 24.09, 23.92, 16.06, 14.29, 0, 0, 4.44
2019/04/28 18:53:00, 24.50, 24.11, 23.92, 16.07, 14.30, 0, 0, 4.44
2019/04/28 18:54:00, 24.50, 24.12, 23.90, 16.04, 14.27, 0, 0, 4.44
2019/04/28 18:55:00, 24.50, 24.12, 23.92, 16.04, 14.29, 0, 0, 4.44
2019/04/28 18:56:00, 24.50, 24.11, 23.93, 16.04, 14.27, 0, 0, 4.44
2019/04/28 18:57:00, 24.50, 24.11, 23.91, 16.01, 14.29, 0, 0, 4.44
2019/04/28 18:58:00, 24.50, 24.09, 23.90, 16.09, 14.30, 0, 0, 4.44
2019/04/28 18:59:00, 24.50, 24.08, 23.92, 16.09, 14.31, 0, 0, 4.44
2019/04/28 19:00:00, 24.50, 24.09, 23.92, 16.04, 14.30, 0, 0, 4.44
2019/04/28 19:01:00, 24.50, 24.09, 23.90, 16.06, 14.28, 0, 0, 4.44
2019/04/28 19:02:00, 24.50, 24.08, 23.91, 16.07, 14.29, 0, 0, 4.44
2019/04/28 19:03:00, 24.50, 24.11, 23.92, 16.02, 14.27, 0, 0, 4.44
2019/04/28 19:04:00, 24.50, 24.08, 23.90, 16.04, 14.29, 0, 0, 4.44
2019/04/28 19:05:00, 24.50, 24.09, 23.91, 16.02, 14.28, 0, 0, 4.44
2019/04/28 19:06:00, 24.50, 24.11, 23.89, 16.06, 14.28, 0, 0, 4.44
2019/04/28 19:07:00, 24.50, 24.09, 23.89, 16.05, 14.28, 0, 0, 4.44
2019/04/28 19:08:00, 24.50, 24.07, 23.88, 16.05, 14.29, 0, 0, 4.44
2019/04/28 19:09:00, 24.50, 24.08, 23.89, 16.04, 14.29, 0, 0, 4.44
2019/04/28 19:10:00, 24.50, 24.05, 23.90, 16.09, 14.27, 0, 0, 4.44
2019/04/28 19:11:00, 24.50, 24.09, 23.88, 16.02, 14.29, 0, 0, 4.44
2019/04/28 19:12:00, 24.50, 24.08, 23.88, 16.00, 14.28, 0, 0, 4.44
2019/04/28 19:13:00, 24.50, 24.08, 23.88, 16.00, 14.29, 0, 0, 4.44
2019/04/28 19:14:00, 24.50, 24.05, 23.88, 16.04, 14.28, 0, 0, 4.44
2019/04/28 19:15:00, 24.50, 24.07, 23.88, 15.98, 14.26, 0, 0, 4.44
2019/04/28 19:16:00, 24.50, 24.07, 23.89, 16.05, 14.27, 0, 0, 4.44
2019/04/28 19:17:00, 24.50, 24.07, 23.86, 16.02, 14.27, 0, 0, 4.44
2019/04/28 19:18:00, 24.50, 24.07, 23.89, 15.99, 14.27, 0, 0, 4.44
2019/04/28 19:19:00, 24.50, 24.07, 23.88, 15.97, 14.25, 0, 0, 4.44
2019/04/28 19:20:00, 24.50, 24.08, 23.86, 16.09, 14.25, 0, 0, 4.44
2019/04/28 19:21:00, 24.50, 24.08, 23.88, 15.99, 14.25, 0, 0, 4.44
2019/04/28 19:22:00, 24.50, 24.05, 23.84, 16.00, 14.25, 0, 0, 4.44
2019/04/28 19:23:00, 24.50, 24.05, 23.84, 16.04, 14.25, 0, 0, 4.44
2019/04/28 19:24:00, 24.50, 24.04, 23.86, 16.00, 14.24, 0, 0, 4.44
2019/04/28 19:25:00, 24.50, 24.04, 23.86, 16.00, 14.26, 0, 0, 4.44
2019/04/28 19:26:00, 24.50, 24.05, 23.84, 15.96, 14.24, 0, 0, 4.44
2019/04/28 19:27:00, 24.50, 24.04, 23.86, 15.94, 14.21, 0, 0, 4.44
2019/04/28 19:28:00, 24.50, 24.05, 23.86, 16.00, 14.20, 0, 0, 4.44
2019/04/28 19:29:00, 24.50, 24.05, 23.84, 15.97, 14.21, 0, 0, 4.44
2019/04/28 19:30:00, 24.50, 24.01, 23.84, 15.95, 14.21, 0, 0, 4.44
2019/04/28 19:31:00, 24.50, 24.02, 23.86, 16.00, 14.21, 0, 0, 4.44
2019/04/28 19:32:00, 24.50, 23.99, 23.82, 15.99, 14.19, 0, 0, 4.44
2019/04/28 19:33:00, 24.50, 24.02, 23.82, 15.97, 14.20, 0, 0, 4.44
2019/04/28 19:34:00, 24.50, 24.02, 23.82, 15.99, 14.20, 0, 0, 4.44
2019/04/28 19:35:00, 24.50, 23.98, 23.82, 15.89, 14.17, 0, 0, 4.44
2019/04/28 19:36:00, 24.50, 24.02, 23.82, 15.95, 14.18, 0, 0, 4.44
2019/04/28 19:37:00, 24.50, 24.01, 23.82, 15.95, 14.17, 0, 0, 4.44
2019/04/28 19:38:00, 24.50, 24.01, 23.82, 15.92, 14.17, 0, 0, 4.44
2019/04/28 19:39:00, 24.50, 24.01, 23.81, 16.00, 14.17, 0, 0, 4.44
2019/04/28 19:40:00, 24.50, 23.98, 23.80, 15.94, 14.17, 0, 0, 4.44
2019/04/28 19:41:00, 24.50, 23.99, 23.78, 15.95, 14.18, 0, 0, 4.44
2019/04/28 19:42:00, 24.50, 23.98, 23.79, 15.98, 14.20, 0, 0, 4.44
2019/04/28 19:43:00, 24.50, 23.98, 23.80, 15.98, 14.20, 0, 0, 4.44
2019/04/28 19:44:00, 24.50, 23.98, 23.78, 15.94, 14.21, 0, 0, 4.44
2019/04/28 19:45:00, 24.50, 23.98, 23.80, 15.97, 14.18, 0, 0, 4.44
2019/04/28 19:46:00, 24.50, 23.95, 23.76, 15.97, 14.18, 0, 0, 4.44
2019/04/28 19:47:00, 24.50, 23.97, 23.78, 15.92, 14.17, 0, 0, 4.44
2019/04/28 19:48:00, 24.50, 23.97, 23.79, 15.95, 14.18, 0, 0, 4.44
2019/04/28 19:49:00, 24.50, 23.95, 23.76, 15.92, 14.17, 0, 0, 4.44
2019/04/28 19:50:00, 24.50, 23.95, 23.78, 15.92, 14.15, 0, 0, 4.44
2019/04/28 19:51:00, 24.25, 23.94, 23.77, 15.87, 14.14, 0, 0, 4.44
2019/04/28 19:52:00, 24.25, 23.95, 23.78, 15.90, 14.14, 0, 0, 4.44
2019/04/28 19:53:00, 24.25, 23.94, 23.75, 15.86, 14.11, 0, 0, 4.44
2019/04/28 19:54:00, 24.25, 23.97, 23.79, 15.89, 14.11, 0, 0, 4.44
2019/04/28 19:55:00, 24.25, 23.97, 23.76, 15.90, 14.11, 0, 0, 4.44
2019/04/28 19:56:00, 24.25, 23.97, 23.76, 15.89, 14.11, 0, 0, 4.44
2019/04/28 19:57:00, 24.25, 23.97, 23.78, 15.85, 14.08, 0, 0, 4.44
2019/04/28 19:58:00, 24.25, 23.95, 23.74, 15.82, 14.08, 0, 0, 4.44
2019/04/28 19:59:00, 24.25, 23.94, 23.77, 15.85, 14.08, 0, 0, 4.44
2019/04/28 20:00:00, 24.25, 23.94, 23.75, 15.84, 14.08, 0, 0, 4.44
2019/04/28 20:01:00, 24.25, 23.92, 23.74, 15.84, 14.05, 0, 0, 4.44
2019/04/28 20:02:00, 24.25, 23.92, 23.75, 15.85, 14.05, 0, 0, 4.44
2019/04/28 20:03:00, 24.25, 23.92, 23.74, 15.80, 14.05, 0, 0, 4.44
2019/04/28 20:04:00, 24.25, 23.92, 23.72, 15.85, 14.05, 0, 0, 4.44
2019/04/28 20:05:00, 24.25, 23.91, 23.73, 15.80, 14.05, 0, 0, 4.44
2019/04/28 20:06:00, 24.25, 23.91, 23.71, 15.82, 14.05, 0, 0, 4.44
2019/04/28 20:07:00, 24.25, 23.91, 23.72, 15.77, 14.04, 0, 0, 4.44
2019/04/28 20:08:00, 24.25, 23.90, 23.72, 15.79, 14.03, 0, 0, 4.44
2019/04/28 20:09:00, 24.25, 23.88, 23.69, 15.79, 14.05, 0, 0, 4.44
2019/04/28 20:10:00, 24.25, 23.88, 23.71, 15.77, 14.03, 0, 0, 4.44
2019/04/28 20:11:00, 24.25, 23.92, 23.71, 15.84, 14.02, 0, 0, 4.44
2019/04/28 20:12:00, 24.25, 23.90, 23.69, 15.79, 14.01, 0, 0, 4.44
2019/04/28 20:13:00, 24.25, 23.92, 23.69, 15.79, 14.01, 0, 0, 4.44
2019/04/28 20:14:00, 24.25, 23.90, 23.68, 15.74, 13.99, 0, 0, 4.44
2019/04/28 20:15:00, 24.25, 23.88, 23.69, 15.75, 13.98, 0, 0, 4.44
2019/04/28 20:16:00, 24.25, 23.88, 23.72, 15.72, 13.97, 0, 0, 4.44
2019/04/28 20:17:00, 24.25, 23.88, 23.69, 15.67, 13.95, 0, 0, 4.44
2019/04/28 20:18:00, 24.25, 23.88, 23.69, 15.69, 13.94, 0, 0, 4.44
2019/04/28 20:19:00, 24.25, 23.88, 23.69, 15.72, 13.95, 0, 0, 4.44
2019/04/28 20:20:00, 24.25, 23.90, 23.67, 15.68, 13.93, 0, 0, 4.44
2019/04/28 20:21:00, 24.25, 23.88, 23.68, 15.68, 13.93, 0, 0, 4.44
2019/04/28 20:22:00, 24.25, 23.85, 23.66, 15.69, 13.94, 0, 0, 4.44
2019/04/28 20:23:00, 24.25, 23.88, 23.69, 15.67, 13.93, 0, 0, 4.44
2019/04/28 20:24:00, 24.25, 23.84, 23.66, 15.70, 13.92, 0, 0, 4.44
2019/04/28 20:25:00, 24.25, 23.85, 23.68, 15.64, 13.90, 0, 0, 4.44
2019/04/28 20:26:00, 24.25, 23.84, 23.66, 15.68, 13.89, 0, 0, 4.44
2019/04/28 20:27:00, 24.25, 23.87, 23.66, 15.62, 13.88, 0, 0, 4.44
2019/04/28 20:28:00, 24.25, 23.85, 23.64, 15.68, 13.88, 0, 0, 4.44
2019/04/28 20:29:00, 24.25, 23.87, 23.67, 15.63, 13.90, 0, 0, 4.44
2019/04/28 20:30:00, 24.25, 23.81, 23.65, 15.61, 13.89, 0, 0, 4.44
2019/04/28 20:31:00, 24.25, 23.83, 23.63, 15.63, 13.88, 0, 0, 4.44
2019/04/28 20:32:00, 24.25, 23.84, 23.65, 15.62, 13.89, 0, 0, 4.44
2019/04/28 20:33:00, 24.25, 23.84, 23.63, 15.64, 13.88, 0, 0, 4.44
2019/04/28 20:34:00, 24.25, 23.85, 23.65, 15.60, 13.86, 0, 0, 4.44
2019/04/28 20:35:00, 24.25, 23.84, 23.64, 15.62, 13.84, 0, 0, 4.44
2019/04/28 20:36:00, 24.25, 23.85, 23.63, 15.62, 13.85, 0, 0, 4.44
2019/04/28 20:37:00, 24.25, 23.84, 23.63, 15.62, 13.85, 0, 0, 4.44
2019/04/28 20:38:00, 24.25, 23.83, 23.63, 15.54, 13.83, 0, 0, 4.44
2019/04/28 20:39:00, 24.25, 23.81, 23.64, 15.62, 13.84, 0, 0, 4.44
2019/04/28 20:40:00, 24.25, 23.81, 23.63, 15.62, 13.83, 0, 0, 4.44
2019/04/28 20:41:00, 24.25, 23.81, 23.64, 15.57, 13.82, 0, 0, 4.44
2019/04/28 20:42:00, 24.25, 23.81, 23.63, 15.63, 13.83, 0, 0, 4.44
2019/04/28 20:43:00, 24.25, 23.81, 23.61, 15.60, 13.82, 0, 0, 4.44
2019/04/28 20:44:00, 24.25, 23.81, 23.63, 15.60, 13.81, 0, 0, 4.44
2019/04/28 20:45:00, 24.25, 23.80, 23.63, 15.62, 13.79, 0, 0, 4.44
2019/04/28 20:46:00, 24.25, 23.81, 23.63, 15.59, 13.80, 0, 0, 4.44
2019/04/28 20:47:00, 24.25, 23.81, 23.63, 15.56, 13.82, 0, 0, 4.44
2019/04/28 20:48:00, 24.25, 23.81, 23.61, 15.55, 13.82, 0, 0, 4.44
2019/04/28 20:49:00, 24.25, 23.80, 23.63, 15.50, 13.82, 0, 0, 4.44
2019/04/28 20:50:00, 24.25, 23.81, 23.60, 15.57, 13.80, 0, 0, 4.44
2019/04/28 20:51:00, 24.25, 23.80, 23.61, 15.57, 13.80, 0, 0, 4.44
2019/04/28 20:52:00, 24.25, 23.80, 23.62, 15.60, 13.82, 0, 0, 4.44
2019/04/28 20:53:00, 24.25, 23.80, 23.63, 15.62, 13.81, 0, 0, 4.44
2019/04/28 20:54:00, 24.25, 23.81, 23.63, 15.55, 13.82, 0, 0, 4.44
2019/04/28 20:55:00, 24.25, 23.81, 23.61, 15.55, 13.77, 0, 0, 4.44
2019/04/28 20:56:00, 24.25, 23.83, 23.60, 15.59, 13.79, 0, 0, 4.44
2019/04/28 20:57:00, 24.25, 23.81, 23.61, 15.54, 13.79, 0, 0, 4.44
2019/04/28 20:58:00, 24.25, 23.79, 23.61, 15.59, 13.79, 0, 0, 4.44
2019/04/28 20:59:00, 24.25, 23.79, 23.61, 15.60, 13.79, 0, 0, 4.44
2019/04/28 21:00:00, 24.25, 23.79, 23.60, 15.57, 13.79, 0, 0, 4.44
2019/04/28 21:01:00, 24.25, 23.79, 23.58, 15.52, 13.77, 0, 0, 4.44
2019/04/28 21:02:00, 24.25, 23.80, 23.60, 15.52, 13.76, 0, 0, 4.44
2019/04/28 21:03:00, 24.25, 23.79, 23.60, 15.59, 13.76, 0, 0, 4.44
2019/04/28 21:04:00, 24.25, 23.79, 23.60, 15.55, 13.76, 0, 0, 4.44
2019/04/28 21:05:00, 24.25, 23.77, 23.59, 15.57, 13.78, 0, 0, 4.44
2019/04/28 21:06:00, 24.25, 23.79, 23.58, 15.50, 13.76, 0, 0, 4.44
2019/04/28 21:07:00, 24.25, 23.79, 23.60, 15.57, 13.79, 0, 0, 4.44
2019/04/28 21:08:00, 24.25, 23.79, 23.59, 15.59, 13.78, 0, 0, 4.44
2019/04/28 21:09:00, 24.25, 23.79, 23.58, 15.55, 13.79, 0, 0, 4.44
2019/04/28 21:10:00, 24.25, 23.77, 23.58, 15.57, 13.77, 0, 0, 4.44
2019/04/28 21:11:00, 24.25, 23.74, 23.57, 15.60, 13.76, 0, 0, 4.44
2019/04/28 21:12:00, 24.25, 23.74, 23.56, 15.57, 13.77, 0, 0, 4.44
2019/04/28 21:13:00, 24.25, 23.76, 23.58, 15.57, 13.78, 0, 0, 4.44
2019/04/28 21:14:00, 24.25, 23.74, 23.57, 15.57, 13.79, 0, 0, 4.44
2019/04/28 21:15:00, 24.25, 23.76, 23.58, 15.57, 13.79, 0, 0, 4.44
2019/04/28 21:16:00, 24.25, 23.76, 23.56, 15.61, 13.79, 0, 0, 4.44
2019/04/28 21:17:00, 24.25, 23.74, 23.57, 15.58, 13.79, 0, 0, 4.44
2019/04/28 21:18:00, 24.25, 23.76, 23.54, 15.60, 13.79, 0, 0, 4.44
2019/04/28 21:19:00, 24.25, 23.76, 23.57, 15.50, 13.79, 0, 0, 4.44
2019/04/28 21:20:00, 24.25, 23.74, 23.57, 15.55, 13.76, 0, 0, 4.44
2019/04/28 21:21:00, 24.25, 23.76, 23.57, 15.58, 13.77, 0, 0, 4.44
2019/04/28 21:22:00, 24.25, 23.74, 23.54, 15.52, 13.78, 0, 0, 4.44
2019/04/28 21:23:00, 24.25, 23.74, 23.54, 15.63, 13.79, 0, 0, 4.44
2019/04/28 21:24:00, 24.25, 23.74, 23.56, 15.57, 13.77, 0, 0, 4.44
2019/04/28 21:25:00, 24.25, 23.74, 23.54, 15.60, 13.79, 0, 0, 4.44
2019/04/28 21:26:00, 24.25, 23.74, 23.54, 15.58, 13.81, 0, 0, 4.44
2019/04/28 21:27:00, 24.25, 23.76, 23.56, 15.58, 13.79, 0, 0, 4.44
2019/04/28 21:28:00, 24.25, 23.74, 23.54, 15.58, 13.78, 0, 0, 4.44
2019/04/28 21:29:00, 24.25, 23.76, 23.54, 15.57, 13.79, 0, 0, 4.44
2019/04/28 21:30:00, 24.25, 23.73, 23.53, 15.58, 13.79, 0, 0, 4.44
2019/04/28 21:31:00, 24.25, 23.74, 23.53, 15.60, 13.79, 0, 0, 4.44
2019/04/28 21:32:00, 24.25, 23.73, 23.53, 15.60, 13.79, 0, 0, 4.44
2019/04/28 21:33:00, 24.25, 23.73, 23.53, 15.60, 13.79, 0, 0, 4.44
2019/04/28 21:34:00, 24.25, 23.73, 23.52, 15.60, 13.79, 0, 0, 4.44
2019/04/28 21:35:00, 24.25, 23.73, 23.51, 15.60, 13.82, 0, 0, 4.44
2019/04/28 21:36:00, 24.25, 23.71, 23.51, 15.61, 13.82, 0, 0, 4.44
2019/04/28 21:37:00, 24.25, 23.71, 23.53, 15.58, 13.82, 0, 0, 4.44
2019/04/28 21:38:00, 24.25, 23.70, 23.51, 15.58, 13.80, 0, 0, 4.44
2019/04/28 21:39:00, 24.25, 23.71, 23.52, 15.63, 13.81, 0, 0, 4.44
2019/04/28 21:40:00, 24.25, 23.70, 23.51, 15.60, 13.82, 0, 0, 4.44
2019/04/28 21:41:00, 24.25, 23.71, 23.50, 15.58, 13.83, 0, 0, 4.44
2019/04/28 21:42:00, 24.25, 23.70, 23.52, 15.58, 13.82, 0, 0, 4.44
2019/04/28 21:43:00, 24.25, 23.70, 23.50, 15.61, 13.82, 0, 0, 4.44
2019/04/28 21:44:00, 24.00, 23.71, 23.50, 15.61, 13.82, 0, 0, 4.44
2019/04/28 21:45:00, 24.00, 23.68, 23.52, 15.56, 13.80, 0, 0, 4.44
2019/04/28 21:46:00, 24.00, 23.70, 23.50, 15.63, 13.78, 0, 0, 4.44
2019/04/28 21:47:00, 24.00, 23.68, 23.49, 15.60, 13.79, 0, 0, 4.44
2019/04/28 21:48:00, 24.00, 23.68, 23.50, 15.55, 13.80, 0, 0, 4.44
2019/04/28 21:49:00, 24.00, 23.70, 23.49, 15.55, 13.79, 0, 0, 4.44
2019/04/28 21:50:00, 24.00, 23.68, 23.49, 15.63, 13.80, 0, 0, 4.44
2019/04/28 21:51:00, 24.00, 23.67, 23.49, 15.58, 13.80, 0, 0, 4.44
2019/04/28 21:52:00, 24.00, 23.68, 23.49, 15.61, 13.82, 0, 0, 4.44
2019/04/28 21:53:00, 24.00, 23.70, 23.48, 15.61, 13.82, 0, 0, 4.44
2019/04/28 21:54:00, 24.00, 23.67, 23.50, 15.61, 13.81, 0, 0, 4.44
2019/04/28 21:55:00, 24.00, 23.67, 23.49, 15.58, 13.80, 0, 0, 4.44
2019/04/28 21:56:00, 24.00, 23.68, 23.48, 15.63, 13.80, 0, 0, 4.44
2019/04/28 21:57:00, 24.00, 23.67, 23.50, 15.64, 13.82, 0, 0, 4.44
2019/04/28 21:58:00, 24.00, 23.65, 23.47, 15.56, 13.79, 0, 0, 4.44
2019/04/28 21:59:00, 24.00, 23.68, 23.47, 15.64, 13.82, 0, 0, 4.44
2019/04/28 22:00:00, 24.00, 23.67, 23.47, 15.60, 13.82, 0, 0, 4.44
2019/04/28 22:01:00, 24.00, 23.64, 23.49, 15.58, 13.82, 0, 0, 4.44
2019/04/28 22:02:00, 24.00, 23.67, 23.47, 15.65, 13.84, 0, 0, 4.44
2019/04/28 22:03:00, 24.00, 23.67, 23.48, 15.61, 13.83, 0, 0, 4.44
2019/04/28 22:04:00, 24.00, 23.68, 23.49, 15.61, 13.83, 0, 0, 4.44
2019/04/28 22:05:00, 24.00, 23.65, 23.47, 15.61, 13.84, 0, 0, 4.44
2019/04/28 22:06:00, 24.00, 23.65, 23.46, 15.66, 13.83, 0, 0, 4.44
2019/04/28 22:07:00, 24.00, 23.64, 23.47, 15.66, 13.83, 0, 0, 4.44
2019/04/28 22:08:00, 24.00, 23.67, 23.47, 15.67, 13.84, 0, 0, 4.44
2019/04/28 22:09:00, 24.00, 23.65, 23.47, 15.68, 13.85, 0, 0, 4.44
2019/04/28 22:10:00, 24.00, 23.65, 23.46, 15.63, 13.85, 0, 0, 4.44
2019/04/28 22:11:00, 24.00, 23.65, 23.47, 15.62, 13.84, 0, 0, 4.44
2019/04/28 22:12:00, 24.00, 23.65, 23.44, 15.66, 13.86, 0, 0, 4.44
2019/04/28 22:13:00, 24.00, 23.65, 23.45, 15.64, 13.87, 0, 0, 4.44
2019/04/28 22:14:00, 24.00, 23.64, 23.46, 15.69, 13.85, 0, 0, 4.44
2019/04/28 22:15:00, 24.00, 23.64, 23.42, 15.66, 13.86, 0, 0, 4.44
2019/04/28 22:16:00, 24.00, 23.63, 23.45, 15.64, 13.88, 0, 0, 4.44
2019/04/28 22:17:00, 24.00, 23.64, 23.44, 15.64, 13.88, 0, 0, 4.44
2019/04/28 22:18:00, 24.00, 23.63, 23.45, 15.67, 13.89, 0, 0, 4.44
2019/04/28 22:19:00, 24.00, 23.64, 23.42, 15.66, 13.90, 0, 0, 4.44
2019/04/28 22:20:00, 24.00, 23.61, 23.42, 15.74, 13.91, 0, 0, 4.44
2019/04/28 22:21:00, 24.00, 23.61, 23.43, 15.74, 13.92, 0, 0, 4.44
2019/04/28 22:22:00, 24.00, 23.64, 23.43, 15.71, 13.92, 0, 0, 4.44
2019/04/28 22:23:00, 24.00, 23.61, 23.44, 15.79, 13.92, 0, 0, 4.44
2019/04/28 22:24:00, 24.00, 23.65, 23.44, 15.74, 13.92, 0, 0, 4.44
2019/04/28 22:25:00, 24.00, 23.63, 23.44, 15.71, 13.93, 0, 0, 4.44
2019/04/28 22:26:00, 24.00, 23.61, 23.44, 15.74, 13.93, 0, 0, 4.44
2019/04/28 22:27:00, 24.00, 23.61, 23.44, 15.74, 13.95, 0, 0, 4.44
2019/04/28 22:28:00, 24.00, 23.63, 23.43, 15.79, 13.96, 0, 0, 4.44
2019/04/28 22:29:00, 24.00, 23.63, 23.44, 15.79, 13.96, 0, 0, 4.44
2019/04/28 22:30:00, 24.00, 23.63, 23.44, 15.75, 13.96, 0, 0, 4.44
2019/04/28 22:31:00, 24.00, 23.63, 23.45, 15.80, 14.00, 0, 0, 4.44
2019/04/28 22:32:00, 24.00, 23.61, 23.42, 15.84, 14.01, 0, 0, 4.44
2019/04/28 22:33:00, 24.00, 23.63, 23.44, 15.82, 14.02, 0, 0, 4.44
2019/04/28 22:34:00, 24.00, 23.63, 23.43, 15.79, 14.03, 0, 0, 4.44
2019/04/28 22:35:00, 24.00, 23.61, 23.43, 15.79, 14.01, 0, 0, 4.44
2019/04/28 22:36:00, 24.00, 23.61, 23.41, 15.85, 14.04, 0, 0, 4.44
2019/04/28 22:37:00, 24.00, 23.63, 23.42, 15.87, 14.06, 0, 0, 4.44
2019/04/28 22:38:00, 24.00, 23.61, 23.38, 15.93, 14.07, 0, 0, 4.44
2019/04/28 22:39:00, 24.00, 23.61, 23.43, 15.84, 14.07, 0, 0, 4.44
2019/04/28 22:40:00, 24.00, 23.59, 23.41, 15.92, 14.09, 0, 0, 4.44
2019/04/28 22:41:00, 24.00, 23.61, 23.41, 15.88, 14.09, 0, 0, 4.44
2019/04/28 22:42:00, 24.00, 23.60, 23.41, 15.87, 14.10, 0, 0, 4.44
2019/04/28 22:43:00, 24.00, 23.59, 23.41, 15.93, 14.11, 0, 0, 4.44
2019/04/28 22:44:00, 24.00, 23.60, 23.41, 15.96, 14.14, 0, 0, 4.44
2019/04/28 22:45:00, 24.00, 23.61, 23.41, 15.98, 14.15, 0, 0, 4.44
2019/04/28 22:46:00, 24.00, 23.59, 23.41, 16.06, 14.17, 0, 0, 4.44
2019/04/28 22:47:00, 24.00, 23.59, 23.39, 16.00, 14.19, 0, 0, 4.44
2019/04/28 22:48:00, 24.00, 23.60, 23.39, 16.03, 14.20, 0, 0, 4.44
2019/04/28 22:49:00, 24.00, 23.60, 23.39, 15.95, 14.21, 0, 0, 4.44
2019/04/28 22:50:00, 24.00, 23.59, 23.39, 16.03, 14.21, 0, 0, 4.44
2019/04/28 22:51:00, 24.00, 23.59, 23.39, 16.03, 14.21, 0, 0, 4.44
2019/04/28 22:52:00, 24.00, 23.60, 23.39, 16.09, 14.24, 0, 0, 4.44
2019/04/28 22:53:00, 24.00, 23.56, 23.39, 16.04, 14.24, 0, 0, 4.44
2019/04/28 22:54:00, 24.00, 23.59, 23.39, 16.03, 14.24, 0, 0, 4.44
2019/04/28 22:55:00, 24.00, 23.59, 23.38, 16.04, 14.24, 0, 0, 4.44
2019/04/28 22:56:00, 24.00, 23.56, 23.39, 16.07, 14.25, 0, 0, 4.44
2019/04/28 22:57:00, 24.00, 23.60, 23.37, 16.01, 14.25, 0, 0, 4.44
2019/04/28 22:58:00, 24.00, 23.59, 23.39, 16.06, 14.25, 0, 0, 4.44
2019/04/28 22:59:00, 24.00, 23.59, 23.37, 16.04, 14.25, 0, 0, 4.44
2019/04/28 23:00:00, 24.00, 23.61, 23.39, 16.01, 14.25, 0, 0, 4.44
2019/04/28 23:01:00, 24.00, 23.59, 23.38, 16.06, 14.27, 0, 0, 4.44
2019/04/28 23:02:00, 24.00, 23.59, 23.39, 16.03, 14.27, 0, 0, 4.44
2019/04/28 23:03:00, 24.00, 23.60, 23.38, 16.09, 14.27, 0, 0, 4.44
2019/04/28 23:04:00, 24.00, 23.57, 23.38, 16.03, 14.26, 0, 0, 4.44
2019/04/28 23:05:00, 24.00, 23.59, 23.37, 16.11, 14.28, 0, 0, 4.44
2019/04/28 23:06:00, 24.00, 23.59, 23.38, 16.09, 14.29, 0, 0, 4.44
2019/04/28 23:07:00, 24.00, 23.57, 23.37, 16.07, 14.29, 0, 0, 4.44
2019/04/28 23:08:00, 24.00, 23.57, 23.37, 16.07, 14.30, 0, 0, 4.44
2019/04/28 23:09:00, 24.00, 23.57, 23.37, 16.04, 14.30, 0, 0, 4.44
2019/04/28 23:10:00, 24.00, 23.57, 23.36, 16.13, 14.32, 0, 0, 4.44
2019/04/28 23:11:00, 24.00, 23.59, 23.37, 16.11, 14.32, 0, 0, 4.44
2019/04/28 23:12:00, 24.00, 23.56, 23.39, 16.14, 14.34, 0, 0, 4.44
2019/04/28 23:13:00, 24.00, 23.57, 23.36, 16.20, 14.37, 0, 0, 4.44
2019/04/28 23:14:00, 24.00, 23.59, 23.38, 16.19, 14.36, 0, 0, 4.44
2019/04/28 23:15:00, 24.00, 23.59, 23.37, 16.19, 14.36, 0, 0, 4.44
2019/04/28 23:16:00, 24.00, 23.57, 23.38, 16.19, 14.37, 0, 0, 4.44
2019/04/28 23:17:00, 24.00, 23.57, 23.37, 16.20, 14.40, 0, 0, 4.44
2019/04/28 23:18:00, 24.00, 23.57, 23.36, 16.27, 14.40, 0, 0, 4.44
2019/04/28 23:19:00, 24.00, 23.57, 23.36, 16.24, 14.41, 0, 0, 4.44
2019/04/28 23:20:00, 24.00, 23.57, 23.37, 16.24, 14.43, 0, 0, 4.44
2019/04/28 23:21:00, 24.00, 23.54, 23.37, 16.27, 14.43, 0, 0, 4.44
2019/04/28 23:22:00, 24.00, 23.59, 23.37, 16.24, 14.46, 0, 0, 4.44
2019/04/28 23:23:00, 24.00, 23.59, 23.37, 16.29, 14.46, 0, 0, 4.44
2019/04/28 23:24:00, 24.00, 23.59, 23.39, 16.27, 14.46, 0, 0, 4.44
2019/04/28 23:25:00, 24.00, 23.56, 23.35, 16.27, 14.47, 0, 0, 4.44
2019/04/28 23:26:00, 24.00, 23.56, 23.37, 16.30, 14.47, 0, 0, 4.44
2019/04/28 23:27:00, 24.00, 23.57, 23.37, 16.27, 14.47, 0, 0, 4.44
2019/04/28 23:28:00, 24.00, 23.54, 23.36, 16.27, 14.46, 0, 0, 4.44
2019/04/28 23:29:00, 24.00, 23.54, 23.35, 16.32, 14.49, 0, 0, 4.44
2019/04/28 23:30:00, 24.00, 23.53, 23.35, 16.28, 14.47, 0, 0, 4.44
2019/04/28 23:31:00, 24.00, 23.57, 23.35, 16.27, 14.46, 0, 0, 4.44
2019/04/28 23:32:00, 24.00, 23.53, 23.34, 16.29, 14.46, 0, 0, 4.44
2019/04/28 23:33:00, 24.00, 23.54, 23.35, 16.25, 14.47, 0, 0, 4.44
2019/04/28 23:34:00, 24.00, 23.54, 23.33, 16.28, 14.48, 0, 0, 4.44
2019/04/28 23:35:00, 24.00, 23.53, 23.35, 16.25, 14.47, 0, 0, 4.44
2019/04/28 23:36:00, 24.00, 23.53, 23.34, 16.32, 14.48, 0, 0, 4.44
2019/04/28 23:37:00, 24.00, 23.53, 23.35, 16.24, 14.47, 0, 0, 4.44
2019/04/28 23:38:00, 24.00, 23.52, 23.35, 16.27, 14.46, 0, 0, 4.44
2019/04/28 23:39:00, 24.00, 23.56, 23.36, 16.24, 14.46, 0, 0, 4.44
2019/04/28 23:40:00, 24.00, 23.53, 23.35, 16.27, 14.46, 0, 0, 4.44
2019/04/28 23:41:00, 24.00, 23.52, 23.35, 16.27, 14.46, 0, 0, 4.44
2019/04/28 23:42:00, 24.00, 23.52, 23.35, 16.27, 14.46, 0, 0, 4.44
2019/04/28 23:43:00, 24.00, 23.56, 23.35, 16.25, 14.47, 0, 0, 4.44
2019/04/28 23:44:00, 24.00, 23.54, 23.35, 16.27, 14.46, 0, 0, 4.44
2019/04/28 23:45:00, 24.00, 23.54, 23.35, 16.29, 14.46, 0, 0, 4.44
2019/04/28 23:46:00, 24.00, 23.53, 23.35, 16.24, 14.48, 0, 0, 4.44
2019/04/28 23:47:00, 24.00, 23.54, 23.34, 16.28, 14.48, 0, 0, 4.44
