Data logger for tempereture and humidity.
Code, design, and soldering by Antti Mikkonen, a.mikkonen@iki.fi, 2019.
Based on open source projects and libraries. See source for details.
/home/ami/src/arduino/promini/logger_v8_ada/logger_v8_ada.ino
UTC time (year/month/date hour:minute:second), T RTC (C), T sht31 (C), T si7021 (C), RH sht31 (-), RH si7021 (-), heaterOn sht31 (bool),  heaterOn si7021 (bool), battery voltage (V)
2019/06/21 00:08:00, 23.75, 23.52, 23.31, 47.91, 47.29, 0, 0, 4.23
2019/06/21 00:09:00, 23.75, 23.53, 23.34, 47.93, 47.31, 0, 0, 4.23
2019/06/21 00:10:00, 23.75, 23.52, 23.34, 47.93, 47.31, 0, 0, 4.23
2019/06/21 00:11:00, 23.75, 23.54, 23.33, 47.94, 47.32, 0, 0, 4.23
2019/06/21 00:12:00, 23.75, 23.52, 23.33, 47.99, 47.35, 0, 0, 4.23
2019/06/21 00:13:00, 23.75, 23.54, 23.33, 48.00, 47.38, 0, 0, 4.23
2019/06/21 00:14:00, 23.75, 23.52, 23.34, 47.93, 47.34, 0, 0, 4.23
2019/06/21 00:15:00, 23.75, 23.53, 23.33, 47.97, 47.34, 0, 0, 4.23
2019/06/21 00:16:00, 23.75, 23.54, 23.34, 47.97, 47.39, 0, 0, 4.23
2019/06/21 00:17:00, 23.75, 23.54, 23.32, 48.02, 47.37, 0, 0, 4.23
2019/06/21 00:18:00, 23.75, 23.54, 23.32, 48.00, 47.36, 0, 0, 4.23
2019/06/21 00:19:00, 23.75, 23.53, 23.34, 48.03, 47.36, 0, 0, 4.23
2019/06/21 00:20:00, 23.75, 23.56, 23.33, 48.06, 47.41, 0, 0, 4.23
2019/06/21 00:21:00, 23.75, 23.53, 23.31, 48.04, 47.42, 0, 0, 4.23
2019/06/21 00:22:00, 23.75, 23.52, 23.33, 48.04, 47.41, 0, 0, 4.23
2019/06/21 00:23:00, 23.75, 23.50, 23.33, 48.06, 47.44, 0, 0, 4.23
2019/06/21 00:24:00, 23.75, 23.52, 23.31, 48.06, 47.45, 0, 0, 4.23
2019/06/21 00:25:00, 23.75, 23.50, 23.33, 48.11, 47.49, 0, 0, 4.23
2019/06/21 00:26:00, 23.75, 23.53, 23.32, 48.17, 47.52, 0, 0, 4.23
2019/06/21 00:27:00, 23.75, 23.53, 23.33, 48.14, 47.51, 0, 0, 4.23
2019/06/21 00:28:00, 23.75, 23.52, 23.30, 48.20, 47.53, 0, 0, 4.23
2019/06/21 00:29:00, 23.75, 23.50, 23.31, 48.12, 47.50, 0, 0, 4.23
2019/06/21 00:30:00, 23.75, 23.50, 23.32, 48.20, 47.50, 0, 0, 4.23
2019/06/21 00:31:00, 23.75, 23.50, 23.31, 48.20, 47.54, 0, 0, 4.23
2019/06/21 00:32:00, 23.75, 23.50, 23.32, 48.24, 47.56, 0, 0, 4.23
2019/06/21 00:33:00, 23.75, 23.52, 23.31, 48.22, 47.57, 0, 0, 4.23
2019/06/21 00:34:00, 23.75, 23.52, 23.29, 48.16, 47.53, 0, 0, 4.23
2019/06/21 00:35:00, 23.75, 23.50, 23.29, 48.28, 47.60, 0, 0, 4.23
2019/06/21 00:36:00, 23.75, 23.50, 23.30, 48.22, 47.58, 0, 0, 4.23
2019/06/21 00:37:00, 23.75, 23.50, 23.31, 48.31, 47.63, 0, 0, 4.23
2019/06/21 00:38:00, 23.75, 23.50, 23.32, 48.23, 47.61, 0, 0, 4.23
2019/06/21 00:39:00, 23.75, 23.52, 23.30, 48.21, 47.58, 0, 0, 4.23
2019/06/21 00:40:00, 23.75, 23.49, 23.31, 48.25, 47.60, 0, 0, 4.23
2019/06/21 00:41:00, 23.75, 23.49, 23.29, 48.25, 47.64, 0, 0, 4.23
2019/06/21 00:42:00, 23.75, 23.50, 23.28, 48.39, 47.67, 0, 0, 4.23
2019/06/21 00:43:00, 23.75, 23.50, 23.29, 48.35, 47.70, 0, 0, 4.23
2019/06/21 00:44:00, 23.75, 23.49, 23.29, 48.38, 47.70, 0, 0, 4.23
2019/06/21 00:45:00, 23.75, 23.49, 23.31, 48.32, 47.71, 0, 0, 4.23
2019/06/21 00:46:00, 23.75, 23.50, 23.31, 48.33, 47.70, 0, 0, 4.23
2019/06/21 00:47:00, 23.75, 23.49, 23.29, 48.31, 47.71, 0, 0, 4.23
2019/06/21 00:48:00, 23.75, 23.49, 23.29, 48.34, 47.71, 0, 0, 4.23
2019/06/21 00:49:00, 23.75, 23.50, 23.28, 48.32, 47.69, 0, 0, 4.23
2019/06/21 00:50:00, 23.75, 23.47, 23.29, 48.37, 47.72, 0, 0, 4.23
2019/06/21 00:51:00, 23.75, 23.50, 23.24, 48.34, 47.74, 0, 0, 4.23
2019/06/21 00:52:00, 23.75, 23.47, 23.28, 48.37, 47.74, 0, 0, 4.23
2019/06/21 00:53:00, 23.75, 23.47, 23.29, 48.42, 47.77, 0, 0, 4.23
2019/06/21 00:54:00, 23.75, 23.47, 23.28, 48.42, 47.80, 0, 0, 4.23
2019/06/21 00:55:00, 23.75, 23.46, 23.28, 48.44, 47.81, 0, 0, 4.23
2019/06/21 00:56:00, 23.75, 23.47, 23.27, 48.47, 47.83, 0, 0, 4.23
2019/06/21 00:57:00, 23.75, 23.43, 23.25, 48.49, 47.83, 0, 0, 4.23
2019/06/21 00:58:00, 23.75, 23.46, 23.25, 48.51, 47.86, 0, 0, 4.23
2019/06/21 00:59:00, 23.75, 23.46, 23.24, 48.53, 47.87, 0, 0, 4.23
2019/06/21 01:00:00, 23.75, 23.44, 23.25, 48.55, 47.92, 0, 0, 4.23
2019/06/21 01:01:00, 23.75, 23.44, 23.25, 48.57, 47.92, 0, 0, 4.23
2019/06/21 01:02:00, 23.75, 23.44, 23.25, 48.60, 47.94, 0, 0, 4.23
2019/06/21 01:03:00, 23.75, 23.44, 23.23, 48.61, 47.97, 0, 0, 4.23
2019/06/21 01:04:00, 23.75, 23.46, 23.21, 48.65, 48.00, 0, 0, 4.23
2019/06/21 01:05:00, 23.75, 23.43, 23.23, 48.62, 47.99, 0, 0, 4.23
2019/06/21 01:06:00, 23.75, 23.44, 23.22, 48.69, 48.01, 0, 0, 4.23
2019/06/21 01:07:00, 23.75, 23.43, 23.25, 48.67, 48.03, 0, 0, 4.23
2019/06/21 01:08:00, 23.75, 23.44, 23.24, 48.70, 48.03, 0, 0, 4.23
2019/06/21 01:09:00, 23.75, 23.43, 23.24, 48.73, 48.04, 0, 0, 4.23
2019/06/21 01:10:00, 23.75, 23.43, 23.22, 48.74, 48.08, 0, 0, 4.23
2019/06/21 01:11:00, 23.75, 23.43, 23.23, 48.77, 48.08, 0, 0, 4.23
2019/06/21 01:12:00, 23.75, 23.40, 23.23, 48.79, 48.10, 0, 0, 4.23
2019/06/21 01:13:00, 23.75, 23.42, 23.23, 48.81, 48.13, 0, 0, 4.23
2019/06/21 01:14:00, 23.75, 23.44, 23.22, 48.79, 48.13, 0, 0, 4.23
2019/06/21 01:15:00, 23.75, 23.42, 23.21, 48.82, 48.13, 0, 0, 4.23
2019/06/21 01:16:00, 23.75, 23.43, 23.20, 48.88, 48.19, 0, 0, 4.23
2019/06/21 01:17:00, 23.75, 23.43, 23.22, 48.85, 48.20, 0, 0, 4.23
2019/06/21 01:18:00, 23.75, 23.42, 23.23, 48.89, 48.19, 0, 0, 4.23
2019/06/21 01:19:00, 23.75, 23.40, 23.20, 48.87, 48.23, 0, 0, 4.23
2019/06/21 01:20:00, 23.75, 23.40, 23.19, 48.90, 48.23, 0, 0, 4.23
2019/06/21 01:21:00, 23.75, 23.43, 23.21, 48.98, 48.27, 0, 0, 4.23
2019/06/21 01:22:00, 23.75, 23.42, 23.21, 49.01, 48.29, 0, 0, 4.23
2019/06/21 01:23:00, 23.75, 23.42, 23.21, 48.99, 48.29, 0, 0, 4.23
2019/06/21 01:24:00, 23.75, 23.40, 23.22, 48.93, 48.30, 0, 0, 4.23
2019/06/21 01:25:00, 23.75, 23.40, 23.21, 49.01, 48.29, 0, 0, 4.23
2019/06/21 01:26:00, 23.75, 23.40, 23.20, 48.99, 48.32, 0, 0, 4.23
2019/06/21 01:27:00, 23.75, 23.40, 23.19, 48.96, 48.31, 0, 0, 4.23
2019/06/21 01:28:00, 23.75, 23.40, 23.22, 49.00, 48.31, 0, 0, 4.23
2019/06/21 01:29:00, 23.75, 23.39, 23.20, 48.97, 48.31, 0, 0, 4.23
2019/06/21 01:30:00, 23.75, 23.40, 23.21, 49.01, 48.35, 0, 0, 4.23
2019/06/21 01:31:00, 23.75, 23.42, 23.20, 49.00, 48.35, 0, 0, 4.23
2019/06/21 01:32:00, 23.75, 23.40, 23.20, 49.00, 48.34, 0, 0, 4.23
2019/06/21 01:33:00, 23.75, 23.37, 23.19, 48.95, 48.33, 0, 0, 4.23
2019/06/21 01:34:00, 23.75, 23.40, 23.19, 49.05, 48.33, 0, 0, 4.23
2019/06/21 01:35:00, 23.75, 23.39, 23.20, 49.03, 48.35, 0, 0, 4.23
2019/06/21 01:36:00, 23.75, 23.39, 23.18, 49.01, 48.34, 0, 0, 4.23
2019/06/21 01:37:00, 23.75, 23.40, 23.18, 49.02, 48.35, 0, 0, 4.23
2019/06/21 01:38:00, 23.75, 23.39, 23.16, 49.06, 48.36, 0, 0, 4.23
2019/06/21 01:39:00, 23.75, 23.36, 23.17, 49.04, 48.36, 0, 0, 4.23
2019/06/21 01:40:00, 23.75, 23.37, 23.16, 49.08, 48.38, 0, 0, 4.23
2019/06/21 01:41:00, 23.75, 23.37, 23.17, 49.08, 48.39, 0, 0, 4.23
2019/06/21 01:42:00, 23.75, 23.40, 23.18, 49.12, 48.40, 0, 0, 4.23
2019/06/21 01:43:00, 23.75, 23.40, 23.17, 49.10, 48.40, 0, 0, 4.23
2019/06/21 01:44:00, 23.75, 23.37, 23.18, 49.08, 48.41, 0, 0, 4.23
2019/06/21 01:45:00, 23.75, 23.37, 23.16, 49.09, 48.42, 0, 0, 4.23
2019/06/21 01:46:00, 23.75, 23.35, 23.17, 49.12, 48.45, 0, 0, 4.23
2019/06/21 01:47:00, 23.75, 23.36, 23.16, 49.13, 48.44, 0, 0, 4.23
2019/06/21 01:48:00, 23.75, 23.35, 23.16, 49.10, 48.46, 0, 0, 4.23
2019/06/21 01:49:00, 23.75, 23.33, 23.16, 49.15, 48.47, 0, 0, 4.23
2019/06/21 01:50:00, 23.75, 23.35, 23.15, 49.22, 48.49, 0, 0, 4.23
2019/06/21 01:51:00, 23.75, 23.32, 23.15, 49.18, 48.51, 0, 0, 4.23
2019/06/21 01:52:00, 23.75, 23.33, 23.14, 49.20, 48.52, 0, 0, 4.23
2019/06/21 01:53:00, 23.75, 23.35, 23.15, 49.19, 48.54, 0, 0, 4.23
2019/06/21 01:54:00, 23.75, 23.33, 23.12, 49.27, 48.55, 0, 0, 4.23
2019/06/21 01:55:00, 23.75, 23.33, 23.16, 49.29, 48.59, 0, 0, 4.23
2019/06/21 01:56:00, 23.75, 23.33, 23.13, 49.34, 48.62, 0, 0, 4.23
2019/06/21 01:57:00, 23.75, 23.32, 23.12, 49.37, 48.66, 0, 0, 4.23
2019/06/21 01:58:00, 23.75, 23.30, 23.10, 49.36, 48.65, 0, 0, 4.23
2019/06/21 01:59:00, 23.75, 23.30, 23.13, 49.38, 48.64, 0, 0, 4.23
2019/06/21 02:00:00, 23.75, 23.32, 23.10, 49.38, 48.67, 0, 0, 4.23
2019/06/21 02:01:00, 23.75, 23.32, 23.12, 49.39, 48.71, 0, 0, 4.23
2019/06/21 02:02:00, 23.75, 23.30, 23.10, 49.41, 48.72, 0, 0, 4.23
2019/06/21 02:03:00, 23.75, 23.32, 23.10, 49.43, 48.72, 0, 0, 4.23
2019/06/21 02:04:00, 23.75, 23.30, 23.10, 49.46, 48.74, 0, 0, 4.23
2019/06/21 02:05:00, 23.75, 23.32, 23.10, 49.48, 48.74, 0, 0, 4.23
2019/06/21 02:06:00, 23.75, 23.30, 23.09, 49.52, 48.78, 0, 0, 4.23
2019/06/21 02:07:00, 23.75, 23.32, 23.08, 49.56, 48.81, 0, 0, 4.23
2019/06/21 02:08:00, 23.75, 23.28, 23.09, 49.54, 48.81, 0, 0, 4.23
2019/06/21 02:09:00, 23.75, 23.28, 23.09, 49.56, 48.83, 0, 0, 4.23
2019/06/21 02:10:00, 23.75, 23.29, 23.07, 49.53, 48.84, 0, 0, 4.23
2019/06/21 02:11:00, 23.50, 23.28, 23.06, 49.53, 48.85, 0, 0, 4.23
2019/06/21 02:12:00, 23.50, 23.29, 23.09, 49.60, 48.86, 0, 0, 4.23
2019/06/21 02:13:00, 23.75, 23.28, 23.07, 49.59, 48.91, 0, 0, 4.23
2019/06/21 02:14:00, 23.75, 23.29, 23.08, 49.59, 48.90, 0, 0, 4.23
2019/06/21 02:15:00, 23.50, 23.29, 23.06, 49.62, 48.91, 0, 0, 4.23
2019/06/21 02:16:00, 23.50, 23.28, 23.07, 49.64, 48.93, 0, 0, 4.23
2019/06/21 02:17:00, 23.50, 23.30, 23.08, 49.66, 48.96, 0, 0, 4.23
2019/06/21 02:18:00, 23.50, 23.28, 23.08, 49.68, 48.98, 0, 0, 4.23
2019/06/21 02:19:00, 23.50, 23.28, 23.06, 49.70, 48.99, 0, 0, 4.23
2019/06/21 02:20:00, 23.50, 23.26, 23.07, 49.71, 49.00, 0, 0, 4.23
2019/06/21 02:21:00, 23.50, 23.26, 23.08, 49.69, 48.98, 0, 0, 4.23
2019/06/21 02:22:00, 23.50, 23.29, 23.09, 49.71, 49.00, 0, 0, 4.23
2019/06/21 02:23:00, 23.50, 23.29, 23.05, 49.67, 49.01, 0, 0, 4.23
2019/06/21 02:24:00, 23.50, 23.28, 23.05, 49.74, 49.05, 0, 0, 4.23
2019/06/21 02:25:00, 23.50, 23.25, 23.05, 49.82, 49.06, 0, 0, 4.23
2019/06/21 02:26:00, 23.50, 23.29, 23.06, 49.82, 49.09, 0, 0, 4.23
2019/06/21 02:27:00, 23.50, 23.29, 23.06, 49.82, 49.08, 0, 0, 4.23
2019/06/21 02:28:00, 23.50, 23.28, 23.05, 49.82, 49.09, 0, 0, 4.23
2019/06/21 02:29:00, 23.50, 23.26, 23.06, 49.82, 49.09, 0, 0, 4.23
2019/06/21 02:30:00, 23.50, 23.25, 23.04, 49.81, 49.09, 0, 0, 4.23
2019/06/21 02:31:00, 23.50, 23.26, 23.04, 49.88, 49.12, 0, 0, 4.23
2019/06/21 02:32:00, 23.50, 23.26, 23.05, 49.85, 49.13, 0, 0, 4.23
2019/06/21 02:33:00, 23.50, 23.24, 23.05, 49.85, 49.13, 0, 0, 4.23
2019/06/21 02:34:00, 23.50, 23.22, 23.03, 49.86, 49.14, 0, 0, 4.23
2019/06/21 02:35:00, 23.50, 23.24, 23.03, 49.88, 49.16, 0, 0, 4.23
2019/06/21 02:36:00, 23.50, 23.22, 23.03, 49.93, 49.16, 0, 0, 4.23
2019/06/21 02:37:00, 23.50, 23.24, 23.04, 49.95, 49.19, 0, 0, 4.23
2019/06/21 02:38:00, 23.50, 23.24, 23.05, 49.91, 49.21, 0, 0, 4.23
2019/06/21 02:39:00, 23.50, 23.24, 23.02, 49.94, 49.21, 0, 0, 4.23
2019/06/21 02:40:00, 23.50, 23.24, 23.02, 50.00, 49.23, 0, 0, 4.23
2019/06/21 02:41:00, 23.50, 23.22, 23.02, 50.00, 49.23, 0, 0, 4.23
2019/06/21 02:42:00, 23.50, 23.22, 23.02, 49.97, 49.25, 0, 0, 4.23
2019/06/21 02:43:00, 23.50, 23.22, 23.01, 50.03, 49.26, 0, 0, 4.23
2019/06/21 02:44:00, 23.50, 23.22, 23.00, 49.99, 49.28, 0, 0, 4.23
2019/06/21 02:45:00, 23.50, 23.22, 23.01, 49.99, 49.26, 0, 0, 4.23
2019/06/21 02:46:00, 23.50, 23.22, 23.02, 50.00, 49.25, 0, 0, 4.23
2019/06/21 02:47:00, 23.50, 23.24, 23.01, 50.03, 49.29, 0, 0, 4.23
2019/06/21 02:48:00, 23.50, 23.24, 23.00, 50.01, 49.27, 0, 0, 4.23
2019/06/21 02:49:00, 23.50, 23.22, 23.01, 50.03, 49.28, 0, 0, 4.23
2019/06/21 02:50:00, 23.50, 23.22, 23.03, 50.00, 49.29, 0, 0, 4.23
2019/06/21 02:51:00, 23.50, 23.24, 23.00, 50.03, 49.28, 0, 0, 4.23
2019/06/21 02:52:00, 23.50, 23.21, 23.00, 50.04, 49.29, 0, 0, 4.23
2019/06/21 02:53:00, 23.50, 23.22, 22.99, 50.03, 49.30, 0, 0, 4.23
2019/06/21 02:54:00, 23.50, 23.18, 22.99, 50.05, 49.33, 0, 0, 4.23
2019/06/21 02:55:00, 23.50, 23.18, 22.99, 50.08, 49.32, 0, 0, 4.23
2019/06/21 02:56:00, 23.50, 23.21, 22.99, 50.14, 49.38, 0, 0, 4.23
2019/06/21 02:57:00, 23.50, 23.19, 22.98, 50.10, 49.37, 0, 0, 4.23
2019/06/21 02:58:00, 23.50, 23.22, 23.00, 50.09, 49.35, 0, 0, 4.23
2019/06/21 02:59:00, 23.50, 23.21, 23.00, 50.13, 49.35, 0, 0, 4.23
2019/06/21 03:00:00, 23.50, 23.18, 23.00, 50.07, 49.37, 0, 0, 4.23
2019/06/21 03:01:00, 23.50, 23.19, 23.00, 50.08, 49.37, 0, 0, 4.23
2019/06/21 03:02:00, 23.50, 23.19, 22.99, 50.05, 49.34, 0, 0, 4.23
2019/06/21 03:03:00, 23.50, 23.18, 23.00, 50.09, 49.35, 0, 0, 4.23
2019/06/21 03:04:00, 23.50, 23.19, 22.99, 50.15, 49.37, 0, 0, 4.23
2019/06/21 03:05:00, 23.50, 23.19, 23.00, 50.14, 49.36, 0, 0, 4.23
2019/06/21 03:06:00, 23.50, 23.18, 22.99, 50.16, 49.39, 0, 0, 4.23
2019/06/21 03:07:00, 23.50, 23.21, 22.97, 50.19, 49.41, 0, 0, 4.23
2019/06/21 03:08:00, 23.50, 23.19, 22.97, 50.19, 49.42, 0, 0, 4.23
2019/06/21 03:09:00, 23.50, 23.18, 22.98, 50.19, 49.45, 0, 0, 4.23
2019/06/21 03:10:00, 23.50, 23.18, 22.95, 50.22, 49.48, 0, 0, 4.23
2019/06/21 03:11:00, 23.50, 23.15, 22.98, 50.20, 49.45, 0, 0, 4.23
2019/06/21 03:12:00, 23.50, 23.16, 22.98, 50.23, 49.48, 0, 0, 4.23
2019/06/21 03:13:00, 23.50, 23.16, 22.97, 50.27, 49.50, 0, 0, 4.23
2019/06/21 03:14:00, 23.50, 23.18, 22.97, 50.27, 49.51, 0, 0, 4.23
2019/06/21 03:15:00, 23.50, 23.18, 22.97, 50.29, 49.53, 0, 0, 4.23
2019/06/21 03:16:00, 23.50, 23.16, 22.97, 50.28, 49.53, 0, 0, 4.23
2019/06/21 03:17:00, 23.50, 23.16, 22.97, 50.34, 49.57, 0, 0, 4.23
2019/06/21 03:18:00, 23.50, 23.16, 22.94, 50.38, 49.58, 0, 0, 4.23
2019/06/21 03:19:00, 23.50, 23.16, 22.94, 50.34, 49.58, 0, 0, 4.23
2019/06/21 03:20:00, 23.50, 23.14, 22.93, 50.36, 49.61, 0, 0, 4.23
2019/06/21 03:21:00, 23.50, 23.12, 22.93, 50.40, 49.62, 0, 0, 4.23
2019/06/21 03:22:00, 23.50, 23.14, 22.93, 50.46, 49.67, 0, 0, 4.23
2019/06/21 03:23:00, 23.50, 23.14, 22.94, 50.42, 49.67, 0, 0, 4.23
2019/06/21 03:24:00, 23.50, 23.14, 22.92, 50.46, 49.67, 0, 0, 4.23
2019/06/21 03:25:00, 23.50, 23.14, 22.92, 50.51, 49.72, 0, 0, 4.23
2019/06/21 03:26:00, 23.50, 23.14, 22.94, 50.46, 49.73, 0, 0, 4.23
2019/06/21 03:27:00, 23.50, 23.15, 22.94, 50.44, 49.69, 0, 0, 4.23
2019/06/21 03:28:00, 23.50, 23.12, 22.94, 50.47, 49.70, 0, 0, 4.23
2019/06/21 03:29:00, 23.50, 23.15, 22.93, 50.47, 49.71, 0, 0, 4.23
2019/06/21 03:30:00, 23.50, 23.14, 22.92, 50.52, 49.71, 0, 0, 4.23
2019/06/21 03:31:00, 23.50, 23.14, 22.92, 50.50, 49.73, 0, 0, 4.23
2019/06/21 03:32:00, 23.50, 23.14, 22.91, 50.54, 49.74, 0, 0, 4.23
2019/06/21 03:33:00, 23.50, 23.15, 22.91, 50.55, 49.77, 0, 0, 4.23
2019/06/21 03:34:00, 23.50, 23.14, 22.93, 50.53, 49.79, 0, 0, 4.23
2019/06/21 03:35:00, 23.50, 23.12, 22.92, 50.60, 49.82, 0, 0, 4.23
2019/06/21 03:36:00, 23.50, 23.14, 22.93, 50.59, 49.80, 0, 0, 4.23
2019/06/21 03:37:00, 23.50, 23.12, 22.92, 50.58, 49.78, 0, 0, 4.23
2019/06/21 03:38:00, 23.50, 23.12, 22.91, 50.58, 49.78, 0, 0, 4.23
2019/06/21 03:39:00, 23.50, 23.11, 22.91, 50.62, 49.80, 0, 0, 4.23
2019/06/21 03:40:00, 23.50, 23.14, 22.92, 50.59, 49.83, 0, 0, 4.23
2019/06/21 03:41:00, 23.50, 23.14, 22.92, 50.61, 49.84, 0, 0, 4.23
2019/06/21 03:42:00, 23.50, 23.12, 22.91, 50.62, 49.83, 0, 0, 4.23
2019/06/21 03:43:00, 23.50, 23.11, 22.91, 50.60, 49.84, 0, 0, 4.23
2019/06/21 03:44:00, 23.50, 23.11, 22.93, 50.65, 49.88, 0, 0, 4.23
2019/06/21 03:45:00, 23.50, 23.11, 22.89, 50.66, 49.87, 0, 0, 4.23
2019/06/21 03:46:00, 23.50, 23.11, 22.93, 50.68, 49.92, 0, 0, 4.23
2019/06/21 03:47:00, 23.50, 23.11, 22.93, 50.71, 49.89, 0, 0, 4.23
2019/06/21 03:48:00, 23.50, 23.11, 22.91, 50.71, 49.93, 0, 0, 4.23
2019/06/21 03:49:00, 23.50, 23.12, 22.92, 50.71, 49.91, 0, 0, 4.23
2019/06/21 03:50:00, 23.50, 23.12, 22.93, 50.72, 49.92, 0, 0, 4.23
2019/06/21 03:51:00, 23.50, 23.11, 22.90, 50.71, 49.91, 0, 0, 4.23
2019/06/21 03:52:00, 23.50, 23.11, 22.91, 50.71, 49.90, 0, 0, 4.23
2019/06/21 03:53:00, 23.50, 23.12, 22.89, 50.75, 49.91, 0, 0, 4.23
2019/06/21 03:54:00, 23.50, 23.11, 22.90, 50.75, 49.95, 0, 0, 4.23
2019/06/21 03:55:00, 23.50, 23.08, 22.90, 50.77, 49.97, 0, 0, 4.23
2019/06/21 03:56:00, 23.50, 23.11, 22.89, 50.77, 49.96, 0, 0, 4.23
2019/06/21 03:57:00, 23.50, 23.11, 22.88, 50.83, 50.00, 0, 0, 4.23
2019/06/21 03:58:00, 23.50, 23.11, 22.91, 50.84, 50.00, 0, 0, 4.23
2019/06/21 03:59:00, 23.50, 23.11, 22.89, 50.80, 50.00, 0, 0, 4.23
2019/06/21 04:00:00, 23.50, 23.09, 22.89, 50.85, 50.00, 0, 0, 4.23
2019/06/21 04:01:00, 23.50, 23.11, 22.90, 50.80, 50.03, 0, 0, 4.23
2019/06/21 04:02:00, 23.50, 23.12, 22.90, 50.82, 50.02, 0, 0, 4.23
2019/06/21 04:03:00, 23.50, 23.09, 22.90, 50.88, 50.05, 0, 0, 4.23
2019/06/21 04:04:00, 23.50, 23.09, 22.89, 50.84, 50.05, 0, 0, 4.23
2019/06/21 04:05:00, 23.50, 23.09, 22.89, 50.87, 50.06, 0, 0, 4.23
2019/06/21 04:06:00, 23.50, 23.11, 22.89, 50.90, 50.08, 0, 0, 4.23
2019/06/21 04:07:00, 23.50, 23.06, 22.89, 50.89, 50.09, 0, 0, 4.23
2019/06/21 04:08:00, 23.50, 23.09, 22.89, 50.91, 50.12, 0, 0, 4.23
2019/06/21 04:09:00, 23.50, 23.09, 22.88, 50.91, 50.12, 0, 0, 4.23
2019/06/21 04:10:00, 23.50, 23.09, 22.89, 50.99, 50.12, 0, 0, 4.23
2019/06/21 04:11:00, 23.50, 23.08, 22.89, 50.94, 50.15, 0, 0, 4.23
2019/06/21 04:12:00, 23.50, 23.09, 22.87, 51.01, 50.19, 0, 0, 4.23
2019/06/21 04:13:00, 23.50, 23.08, 22.87, 51.03, 50.19, 0, 0, 4.23
2019/06/21 04:14:00, 23.50, 23.09, 22.86, 50.99, 50.20, 0, 0, 4.23
2019/06/21 04:15:00, 23.50, 23.06, 22.87, 51.02, 50.19, 0, 0, 4.23
2019/06/21 04:16:00, 23.50, 23.08, 22.87, 51.03, 50.20, 0, 0, 4.23
2019/06/21 04:17:00, 23.50, 23.06, 22.87, 51.05, 50.20, 0, 0, 4.23
2019/06/21 04:18:00, 23.50, 23.06, 22.87, 51.05, 50.24, 0, 0, 4.23
2019/06/21 04:19:00, 23.50, 23.06, 22.85, 51.05, 50.23, 0, 0, 4.23
2019/06/21 04:20:00, 23.50, 23.09, 22.87, 51.12, 50.25, 0, 0, 4.23
2019/06/21 04:21:00, 23.50, 23.08, 22.89, 51.06, 50.27, 0, 0, 4.23
2019/06/21 04:22:00, 23.50, 23.06, 22.87, 51.08, 50.25, 0, 0, 4.23
2019/06/21 04:23:00, 23.50, 23.09, 22.87, 51.09, 50.29, 0, 0, 4.23
2019/06/21 04:24:00, 23.50, 23.05, 22.88, 51.08, 50.30, 0, 0, 4.23
2019/06/21 04:25:00, 23.50, 23.06, 22.86, 51.13, 50.28, 0, 0, 4.23
2019/06/21 04:26:00, 23.25, 23.06, 22.88, 51.18, 50.35, 0, 0, 4.23
2019/06/21 04:27:00, 23.50, 23.06, 22.87, 51.08, 50.30, 0, 0, 4.23
2019/06/21 04:28:00, 23.50, 23.08, 22.85, 51.12, 50.28, 0, 0, 4.23
2019/06/21 04:29:00, 23.50, 23.08, 22.85, 51.13, 50.32, 0, 0, 4.23
2019/06/21 04:30:00, 23.50, 23.05, 22.87, 51.16, 50.35, 0, 0, 4.23
2019/06/21 04:31:00, 23.50, 23.03, 22.87, 51.20, 50.33, 0, 0, 4.23
2019/06/21 04:32:00, 23.50, 23.05, 22.85, 51.22, 50.36, 0, 0, 4.23
2019/06/21 04:33:00, 23.50, 23.05, 22.87, 51.20, 50.38, 0, 0, 4.23
2019/06/21 04:34:00, 23.50, 23.05, 22.88, 51.20, 50.37, 0, 0, 4.23
2019/06/21 04:35:00, 23.50, 23.05, 22.86, 51.24, 50.38, 0, 0, 4.23
2019/06/21 04:36:00, 23.25, 23.06, 22.87, 51.23, 50.40, 0, 0, 4.23
2019/06/21 04:37:00, 23.50, 23.03, 22.86, 51.24, 50.39, 0, 0, 4.23
2019/06/21 04:38:00, 23.25, 23.03, 22.85, 51.22, 50.40, 0, 0, 4.23
2019/06/21 04:39:00, 23.25, 23.05, 22.85, 51.32, 50.44, 0, 0, 4.23
2019/06/21 04:40:00, 23.25, 23.05, 22.83, 51.29, 50.46, 0, 0, 4.23
2019/06/21 04:41:00, 23.25, 23.05, 22.83, 51.30, 50.45, 0, 0, 4.23
2019/06/21 04:42:00, 23.25, 23.06, 22.84, 51.33, 50.46, 0, 0, 4.23
2019/06/21 04:43:00, 23.50, 23.05, 22.85, 51.32, 50.48, 0, 0, 4.23
2019/06/21 04:44:00, 23.25, 23.03, 22.84, 51.35, 50.48, 0, 0, 4.23
2019/06/21 04:45:00, 23.25, 23.02, 22.86, 51.33, 50.50, 0, 0, 4.23
2019/06/21 04:46:00, 23.25, 23.05, 22.85, 51.30, 50.49, 0, 0, 4.23
2019/06/21 04:47:00, 23.50, 23.03, 22.83, 51.35, 50.49, 0, 0, 4.23
2019/06/21 04:48:00, 23.25, 23.05, 22.83, 51.40, 50.52, 0, 0, 4.23
2019/06/21 04:49:00, 23.25, 23.03, 22.84, 51.38, 50.54, 0, 0, 4.23
2019/06/21 04:50:00, 23.25, 23.06, 22.85, 51.39, 50.54, 0, 0, 4.23
2019/06/21 04:51:00, 23.25, 23.05, 22.85, 51.37, 50.56, 0, 0, 4.23
2019/06/21 04:52:00, 23.25, 23.05, 22.85, 51.40, 50.55, 0, 0, 4.23
2019/06/21 04:53:00, 23.25, 23.03, 22.83, 51.42, 50.57, 0, 0, 4.23
2019/06/21 04:54:00, 23.25, 23.03, 22.83, 51.42, 50.58, 0, 0, 4.23
2019/06/21 04:55:00, 23.25, 23.05, 22.84, 51.41, 50.58, 0, 0, 4.23
2019/06/21 04:56:00, 23.25, 23.03, 22.85, 51.43, 50.57, 0, 0, 4.23
2019/06/21 04:57:00, 23.25, 23.03, 22.83, 51.47, 50.61, 0, 0, 4.23
2019/06/21 04:58:00, 23.25, 23.02, 22.83, 51.39, 50.59, 0, 0, 4.23
2019/06/21 04:59:00, 23.25, 23.06, 22.84, 51.48, 50.60, 0, 0, 4.23
2019/06/21 05:00:00, 23.25, 23.05, 22.85, 51.47, 50.64, 0, 0, 4.23
2019/06/21 05:01:00, 23.25, 23.03, 22.83, 51.46, 50.63, 0, 0, 4.23
2019/06/21 05:02:00, 23.25, 23.02, 22.84, 51.47, 50.62, 0, 0, 4.23
2019/06/21 05:03:00, 23.25, 23.05, 22.85, 51.48, 50.65, 0, 0, 4.23
2019/06/21 05:04:00, 23.25, 23.02, 22.83, 51.52, 50.66, 0, 0, 4.23
2019/06/21 05:05:00, 23.25, 23.05, 22.83, 51.56, 50.70, 0, 0, 4.23
2019/06/21 05:06:00, 23.25, 23.01, 22.86, 51.51, 50.70, 0, 0, 4.23
2019/06/21 05:07:00, 23.25, 23.01, 22.85, 51.53, 50.68, 0, 0, 4.23
2019/06/21 05:08:00, 23.25, 23.03, 22.82, 51.59, 50.67, 0, 0, 4.23
2019/06/21 05:09:00, 23.25, 23.02, 22.82, 51.54, 50.67, 0, 0, 4.23
2019/06/21 05:10:00, 23.25, 23.02, 22.84, 51.58, 50.70, 0, 0, 4.23
2019/06/21 05:11:00, 23.25, 23.02, 22.83, 51.63, 50.75, 0, 0, 4.23
2019/06/21 05:12:00, 23.25, 23.03, 22.82, 51.57, 50.73, 0, 0, 4.23
2019/06/21 05:13:00, 23.25, 23.05, 22.82, 51.58, 50.75, 0, 0, 4.23
2019/06/21 05:14:00, 23.25, 23.05, 22.85, 51.65, 50.77, 0, 0, 4.23
2019/06/21 05:15:00, 23.25, 23.06, 22.83, 51.63, 50.77, 0, 0, 4.23
2019/06/21 05:16:00, 23.25, 23.05, 22.83, 51.60, 50.75, 0, 0, 4.23
2019/06/21 05:17:00, 23.25, 23.05, 22.83, 51.58, 50.72, 0, 0, 4.23
2019/06/21 05:18:00, 23.25, 23.05, 22.84, 51.61, 50.73, 0, 0, 4.23
2019/06/21 05:19:00, 23.25, 23.02, 22.85, 51.62, 50.73, 0, 0, 4.23
2019/06/21 05:20:00, 23.25, 23.05, 22.85, 51.66, 50.78, 0, 0, 4.23
2019/06/21 05:21:00, 23.25, 23.02, 22.84, 51.68, 50.80, 0, 0, 4.23
2019/06/21 05:22:00, 23.25, 23.02, 22.85, 51.68, 50.80, 0, 0, 4.23
2019/06/21 05:23:00, 23.25, 23.03, 22.84, 51.67, 50.82, 0, 0, 4.23
2019/06/21 05:24:00, 23.25, 23.05, 22.83, 51.67, 50.80, 0, 0, 4.23
2019/06/21 05:25:00, 23.25, 23.03, 22.84, 51.66, 50.82, 0, 0, 4.23
2019/06/21 05:26:00, 23.25, 23.02, 22.82, 51.68, 50.83, 0, 0, 4.23
2019/06/21 05:27:00, 23.25, 23.03, 22.84, 51.76, 50.86, 0, 0, 4.23
2019/06/21 05:28:00, 23.25, 23.02, 22.84, 51.79, 50.89, 0, 0, 4.23
2019/06/21 05:29:00, 23.25, 23.03, 22.83, 51.79, 50.86, 0, 0, 4.23
2019/06/21 05:30:00, 23.25, 23.02, 22.85, 51.72, 50.86, 0, 0, 4.23
2019/06/21 05:31:00, 23.25, 23.05, 22.84, 51.75, 50.88, 0, 0, 4.23
2019/06/21 05:32:00, 23.25, 23.03, 22.83, 51.77, 50.86, 0, 0, 4.23
2019/06/21 05:33:00, 23.25, 23.05, 22.84, 51.74, 50.89, 0, 0, 4.23
2019/06/21 05:34:00, 23.25, 23.02, 22.84, 51.81, 50.90, 0, 0, 4.23
2019/06/21 05:35:00, 23.25, 23.01, 22.84, 51.71, 50.88, 0, 0, 4.23
2019/06/21 05:36:00, 23.25, 23.03, 22.83, 51.79, 50.91, 0, 0, 4.23
2019/06/21 05:37:00, 23.25, 23.02, 22.83, 51.76, 50.94, 0, 0, 4.23
2019/06/21 05:38:00, 23.25, 23.03, 22.83, 51.81, 50.93, 0, 0, 4.23
2019/06/21 05:39:00, 23.25, 23.01, 22.82, 51.83, 50.94, 0, 0, 4.23
2019/06/21 05:40:00, 23.25, 23.03, 22.82, 51.88, 50.96, 0, 0, 4.23
2019/06/21 05:41:00, 23.25, 23.03, 22.83, 51.87, 50.99, 0, 0, 4.23
2019/06/21 05:42:00, 23.25, 23.03, 22.84, 51.90, 51.01, 0, 0, 4.23
2019/06/21 05:43:00, 23.25, 23.02, 22.83, 51.83, 50.99, 0, 0, 4.23
2019/06/21 05:44:00, 23.25, 23.03, 22.83, 51.89, 51.02, 0, 0, 4.23
2019/06/21 05:45:00, 23.25, 23.02, 22.82, 51.93, 51.02, 0, 0, 4.23
2019/06/21 05:46:00, 23.25, 23.01, 22.83, 51.90, 51.03, 0, 0, 4.23
2019/06/21 05:47:00, 23.25, 23.02, 22.83, 51.92, 51.03, 0, 0, 4.23
2019/06/21 05:48:00, 23.25, 23.03, 22.80, 51.95, 51.04, 0, 0, 4.23
2019/06/21 05:49:00, 23.25, 23.03, 22.83, 51.94, 51.05, 0, 0, 4.23
2019/06/21 05:50:00, 23.25, 23.02, 22.85, 52.01, 51.09, 0, 0, 4.23
2019/06/21 05:51:00, 23.25, 23.05, 22.84, 52.00, 51.11, 0, 0, 4.23
2019/06/21 05:52:00, 23.25, 23.02, 22.84, 51.99, 51.11, 0, 0, 4.23
2019/06/21 05:53:00, 23.25, 23.03, 22.85, 52.01, 51.12, 0, 0, 4.23
2019/06/21 05:54:00, 23.25, 23.05, 22.83, 52.03, 51.12, 0, 0, 4.23
2019/06/21 05:55:00, 23.25, 23.06, 22.84, 52.03, 51.13, 0, 0, 4.23
2019/06/21 05:56:00, 23.25, 23.03, 22.85, 52.01, 51.14, 0, 0, 4.23
2019/06/21 05:57:00, 23.25, 23.03, 22.83, 52.04, 51.15, 0, 0, 4.23
2019/06/21 05:58:00, 23.25, 23.03, 22.83, 52.07, 51.15, 0, 0, 4.23
2019/06/21 05:59:00, 23.25, 23.03, 22.85, 52.06, 51.16, 0, 0, 4.23
2019/06/21 06:00:00, 23.25, 23.05, 22.86, 52.06, 51.16, 0, 0, 4.23
2019/06/21 06:01:00, 23.25, 23.05, 22.86, 52.04, 51.18, 0, 0, 4.23
2019/06/21 06:02:00, 23.25, 23.06, 22.87, 52.05, 51.18, 0, 0, 4.23
2019/06/21 06:03:00, 23.25, 23.08, 22.87, 52.06, 51.15, 0, 0, 4.23
2019/06/21 06:04:00, 23.25, 23.06, 22.86, 52.09, 51.16, 0, 0, 4.23
2019/06/21 06:05:00, 23.25, 23.06, 22.89, 52.09, 51.17, 0, 0, 4.23
2019/06/21 06:06:00, 23.25, 23.08, 22.90, 52.09, 51.18, 0, 0, 4.23
2019/06/21 06:07:00, 23.25, 23.09, 22.90, 52.07, 51.16, 0, 0, 4.23
2019/06/21 06:08:00, 23.25, 23.09, 22.90, 52.00, 51.14, 0, 0, 4.23
2019/06/21 06:09:00, 23.25, 23.09, 22.89, 52.01, 51.12, 0, 0, 4.23
2019/06/21 06:10:00, 23.25, 23.09, 22.90, 52.03, 51.12, 0, 0, 4.23
2019/06/21 06:11:00, 23.25, 23.11, 22.92, 52.03, 51.13, 0, 0, 4.23
2019/06/21 06:12:00, 23.25, 23.12, 22.92, 52.01, 51.09, 0, 0, 4.23
2019/06/21 06:13:00, 23.25, 23.14, 22.93, 52.04, 51.14, 0, 0, 4.23
2019/06/21 06:14:00, 23.25, 23.12, 22.93, 52.02, 51.12, 0, 0, 4.23
2019/06/21 06:15:00, 23.25, 23.15, 22.95, 52.04, 51.12, 0, 0, 4.23
2019/06/21 06:16:00, 23.25, 23.15, 22.93, 52.03, 51.14, 0, 0, 4.23
2019/06/21 06:17:00, 23.25, 23.15, 22.94, 51.99, 51.14, 0, 0, 4.23
2019/06/21 06:18:00, 23.25, 23.15, 22.98, 52.00, 51.06, 0, 0, 4.23
2019/06/21 06:19:00, 23.25, 23.16, 22.97, 51.96, 51.11, 0, 0, 4.23
2019/06/21 06:20:00, 23.25, 23.16, 22.97, 52.05, 51.13, 0, 0, 4.23
2019/06/21 06:21:00, 23.25, 23.19, 23.00, 51.99, 51.09, 0, 0, 4.23
2019/06/21 06:22:00, 23.25, 23.18, 22.99, 51.94, 51.07, 0, 0, 4.23
2019/06/21 06:23:00, 23.25, 23.19, 23.00, 52.05, 51.09, 0, 0, 4.23
2019/06/21 06:24:00, 23.25, 23.18, 22.99, 52.01, 51.09, 0, 0, 4.23
2019/06/21 06:25:00, 23.25, 23.21, 22.99, 51.98, 51.09, 0, 0, 4.23
2019/06/21 06:26:00, 23.25, 23.21, 23.00, 52.05, 51.12, 0, 0, 4.23
2019/06/21 06:27:00, 23.25, 23.22, 23.00, 52.01, 51.10, 0, 0, 4.23
2019/06/21 06:28:00, 23.25, 23.24, 23.01, 51.97, 51.12, 0, 0, 4.23
2019/06/21 06:29:00, 23.25, 23.22, 23.03, 52.03, 51.11, 0, 0, 4.23
2019/06/21 06:30:00, 23.50, 23.24, 23.03, 51.93, 51.07, 0, 0, 4.23
2019/06/21 06:31:00, 23.50, 23.24, 23.04, 51.95, 51.06, 0, 0, 4.23
2019/06/21 06:32:00, 23.50, 23.24, 23.04, 51.92, 51.07, 0, 0, 4.23
2019/06/21 06:33:00, 23.50, 23.25, 23.05, 51.97, 51.09, 0, 0, 4.23
2019/06/21 06:34:00, 23.50, 23.26, 23.06, 51.97, 51.07, 0, 0, 4.23
2019/06/21 06:35:00, 23.50, 23.26, 23.05, 52.00, 51.11, 0, 0, 4.23
2019/06/21 06:36:00, 23.50, 23.28, 23.06, 52.00, 51.11, 0, 0, 4.23
2019/06/21 06:37:00, 23.50, 23.29, 23.08, 51.98, 51.10, 0, 0, 4.23
2019/06/21 06:38:00, 23.50, 23.28, 23.09, 51.94, 51.09, 0, 0, 4.23
2019/06/21 06:39:00, 23.50, 23.32, 23.10, 51.98, 51.09, 0, 0, 4.23
2019/06/21 06:40:00, 23.50, 23.33, 23.09, 51.97, 51.09, 0, 0, 4.23
2019/06/21 06:41:00, 23.50, 23.32, 23.14, 51.85, 51.02, 0, 0, 4.23
2019/06/21 06:42:00, 23.50, 23.35, 23.14, 51.89, 51.02, 0, 0, 4.23
2019/06/21 06:43:00, 23.50, 23.36, 23.16, 51.99, 51.06, 0, 0, 4.23
2019/06/21 06:44:00, 23.50, 23.36, 23.18, 51.94, 51.06, 0, 0, 4.23
2019/06/21 06:45:00, 23.50, 23.39, 23.20, 51.90, 51.04, 0, 0, 4.23
2019/06/21 06:46:00, 23.50, 23.40, 23.19, 51.89, 50.99, 0, 0, 4.23
2019/06/21 06:47:00, 23.50, 23.40, 23.21, 51.90, 51.00, 0, 0, 4.23
2019/06/21 06:48:00, 23.50, 23.43, 23.25, 51.82, 50.99, 0, 0, 4.23
2019/06/21 06:49:00, 23.50, 23.44, 23.24, 51.76, 50.92, 0, 0, 4.23
2019/06/21 06:50:00, 23.50, 23.46, 23.27, 51.71, 50.87, 0, 0, 4.23
2019/06/21 06:51:00, 23.50, 23.49, 23.30, 51.81, 50.89, 0, 0, 4.23
2019/06/21 06:52:00, 23.50, 23.49, 23.31, 51.72, 50.88, 0, 0, 4.23
2019/06/21 06:53:00, 23.50, 23.49, 23.29, 51.68, 50.83, 0, 0, 4.23
2019/06/21 06:54:00, 23.50, 23.50, 23.32, 51.73, 50.82, 0, 0, 4.23
2019/06/21 06:55:00, 23.50, 23.52, 23.33, 51.62, 50.80, 0, 0, 4.23
2019/06/21 06:56:00, 23.50, 23.52, 23.32, 51.64, 50.78, 0, 0, 4.23
2019/06/21 06:57:00, 23.50, 23.52, 23.32, 51.67, 50.83, 0, 0, 4.23
2019/06/21 06:58:00, 23.50, 23.54, 23.34, 51.71, 50.82, 0, 0, 4.23
2019/06/21 06:59:00, 23.50, 23.53, 23.35, 51.65, 50.80, 0, 0, 4.23
2019/06/21 07:00:00, 23.50, 23.54, 23.35, 51.62, 50.78, 0, 0, 4.23
2019/06/21 07:01:00, 23.50, 23.54, 23.35, 51.67, 50.77, 0, 0, 4.23
2019/06/21 07:02:00, 23.50, 23.56, 23.38, 51.64, 50.77, 0, 0, 4.23
2019/06/21 07:03:00, 23.50, 23.57, 23.39, 51.66, 50.77, 0, 0, 4.23
2019/06/21 07:04:00, 23.50, 23.56, 23.37, 51.50, 50.75, 0, 0, 4.23
2019/06/21 07:05:00, 23.50, 23.56, 23.41, 51.61, 50.74, 0, 0, 4.23
2019/06/21 07:06:00, 23.50, 23.61, 23.37, 51.65, 50.78, 0, 0, 4.23
2019/06/21 07:07:00, 23.50, 23.61, 23.42, 51.61, 50.74, 0, 0, 4.23
2019/06/21 07:08:00, 23.50, 23.64, 23.44, 51.61, 50.75, 0, 0, 4.23
2019/06/21 07:09:00, 23.50, 23.65, 23.46, 51.57, 50.73, 0, 0, 4.23
2019/06/21 07:10:00, 23.50, 23.64, 23.48, 51.56, 50.69, 0, 0, 4.23
2019/06/21 07:11:00, 23.50, 23.65, 23.50, 51.49, 50.65, 0, 0, 4.23
2019/06/21 07:12:00, 23.50, 23.68, 23.50, 51.48, 50.61, 0, 0, 4.23
2019/06/21 07:13:00, 23.50, 23.68, 23.51, 51.44, 50.61, 0, 0, 4.23
2019/06/21 07:14:00, 23.75, 23.67, 23.50, 51.42, 50.61, 0, 0, 4.23
2019/06/21 07:15:00, 23.75, 23.68, 23.50, 51.45, 50.61, 0, 0, 4.23
2019/06/21 07:16:00, 23.75, 23.70, 23.50, 51.47, 50.65, 0, 0, 4.23
2019/06/21 07:17:00, 23.75, 23.71, 23.53, 51.52, 50.64, 0, 0, 4.23
2019/06/21 07:18:00, 23.75, 23.73, 23.52, 51.48, 50.64, 0, 0, 4.23
2019/06/21 07:19:00, 23.75, 23.71, 23.51, 51.47, 50.64, 0, 0, 4.23
2019/06/21 07:20:00, 23.75, 23.73, 23.52, 51.46, 50.63, 0, 0, 4.23
2019/06/21 07:21:00, 23.75, 23.71, 23.51, 51.52, 50.67, 0, 0, 4.23
2019/06/21 07:22:00, 23.75, 23.74, 23.54, 51.56, 50.70, 0, 0, 4.23
2019/06/21 07:23:00, 23.75, 23.74, 23.56, 51.48, 50.66, 0, 0, 4.23
2019/06/21 07:24:00, 23.75, 23.77, 23.59, 51.46, 50.63, 0, 0, 4.23
2019/06/21 07:25:00, 23.75, 23.79, 23.60, 51.47, 50.61, 0, 0, 4.23
2019/06/21 07:26:00, 23.75, 23.80, 23.60, 51.47, 50.62, 0, 0, 4.23
2019/06/21 07:27:00, 23.75, 23.80, 23.62, 51.43, 50.57, 0, 0, 4.23
2019/06/21 07:28:00, 23.75, 23.83, 23.62, 51.37, 50.54, 0, 0, 4.23
2019/06/21 07:29:00, 23.75, 23.83, 23.64, 51.36, 50.51, 0, 0, 4.23
2019/06/21 07:30:00, 23.75, 23.85, 23.63, 51.41, 50.54, 0, 0, 4.23
2019/06/21 07:31:00, 23.75, 23.84, 23.65, 51.35, 50.53, 0, 0, 4.23
2019/06/21 07:32:00, 23.75, 23.85, 23.64, 51.36, 50.47, 0, 0, 4.23
2019/06/21 07:33:00, 23.75, 23.81, 23.64, 51.48, 50.58, 0, 0, 4.23
2019/06/21 07:34:00, 23.75, 23.83, 23.63, 51.59, 50.67, 0, 0, 4.23
2019/06/21 07:35:00, 23.75, 23.81, 23.63, 51.59, 50.70, 0, 0, 4.23
2019/06/21 07:36:00, 23.75, 23.81, 23.63, 51.75, 50.78, 0, 0, 4.23
2019/06/21 07:37:00, 23.75, 23.79, 23.60, 51.76, 50.83, 0, 0, 4.23
2019/06/21 07:38:00, 23.75, 23.80, 23.60, 51.85, 50.93, 0, 0, 4.23
2019/06/21 07:39:00, 23.75, 23.80, 23.62, 51.94, 50.99, 0, 0, 4.23
2019/06/21 07:40:00, 23.75, 23.80, 23.62, 51.99, 51.07, 0, 0, 4.23
2019/06/21 07:41:00, 23.75, 23.80, 23.61, 52.13, 51.15, 0, 0, 4.23
2019/06/21 07:42:00, 23.75, 23.81, 23.64, 52.15, 51.18, 0, 0, 4.23
2019/06/21 07:43:00, 23.75, 23.80, 23.62, 52.14, 51.23, 0, 0, 4.23
2019/06/21 07:44:00, 23.75, 23.81, 23.62, 52.21, 51.29, 0, 0, 4.23
2019/06/21 07:45:00, 23.75, 23.83, 23.63, 52.30, 51.34, 0, 0, 4.23
2019/06/21 07:46:00, 23.75, 23.81, 23.63, 52.35, 51.37, 0, 0, 4.23
2019/06/21 07:47:00, 23.75, 23.81, 23.65, 52.37, 51.38, 0, 0, 4.23
2019/06/21 07:48:00, 23.75, 23.83, 23.63, 52.43, 51.46, 0, 0, 4.23
2019/06/21 07:49:00, 23.75, 23.84, 23.64, 52.46, 51.48, 0, 0, 4.23
2019/06/21 07:50:00, 23.75, 23.84, 23.65, 52.45, 51.52, 0, 0, 4.23
2019/06/21 07:51:00, 23.75, 23.84, 23.66, 52.50, 51.54, 0, 0, 4.23
2019/06/21 07:52:00, 23.75, 23.83, 23.66, 52.60, 51.60, 0, 0, 4.23
2019/06/21 07:53:00, 23.75, 23.87, 23.67, 52.56, 51.60, 0, 0, 4.23
2019/06/21 07:54:00, 23.75, 23.85, 23.67, 52.61, 51.61, 0, 0, 4.23
2019/06/21 07:55:00, 23.75, 23.87, 23.68, 52.65, 51.66, 0, 0, 4.23
2019/06/21 07:56:00, 23.75, 23.88, 23.69, 52.66, 51.68, 0, 0, 4.23
2019/06/21 07:57:00, 23.75, 23.87, 23.69, 52.70, 51.73, 0, 0, 4.23
2019/06/21 07:58:00, 23.75, 23.90, 23.69, 52.70, 51.72, 0, 0, 4.23
2019/06/21 07:59:00, 23.75, 23.88, 23.71, 52.73, 51.74, 0, 0, 4.23
2019/06/21 08:00:00, 23.75, 23.90, 23.73, 52.79, 51.79, 0, 0, 4.23
2019/06/21 08:01:00, 23.75, 23.90, 23.73, 52.82, 51.82, 0, 0, 4.23
2019/06/21 08:02:00, 23.75, 23.90, 23.74, 52.79, 51.83, 0, 0, 4.23
2019/06/21 08:03:00, 23.75, 23.91, 23.75, 52.82, 51.84, 0, 0, 4.23
2019/06/21 08:04:00, 23.75, 23.92, 23.73, 52.90, 51.88, 0, 0, 4.23
2019/06/21 08:05:00, 24.00, 23.92, 23.75, 52.93, 51.91, 0, 0, 4.23
2019/06/21 08:06:00, 23.75, 23.94, 23.75, 52.94, 51.94, 0, 0, 4.23
2019/06/21 08:07:00, 23.75, 23.95, 23.78, 52.92, 51.98, 0, 0, 4.23
2019/06/21 08:08:00, 24.00, 23.95, 23.78, 52.96, 51.96, 0, 0, 4.23
2019/06/21 08:09:00, 24.00, 23.99, 23.78, 53.02, 51.99, 0, 0, 4.23
2019/06/21 08:10:00, 24.00, 23.99, 23.80, 52.95, 52.00, 0, 0, 4.23
2019/06/21 08:11:00, 24.00, 23.98, 23.84, 53.03, 52.04, 0, 0, 4.23
2019/06/21 08:12:00, 24.00, 23.99, 23.83, 53.01, 52.00, 0, 0, 4.23
2019/06/21 08:13:00, 24.00, 24.02, 23.83, 53.03, 52.02, 0, 0, 4.23
2019/06/21 08:14:00, 24.00, 24.02, 23.84, 53.02, 52.02, 0, 0, 4.23
2019/06/21 08:15:00, 24.00, 24.05, 23.88, 53.07, 52.05, 0, 0, 4.23
2019/06/21 08:16:00, 24.00, 24.07, 23.89, 53.06, 52.08, 0, 0, 4.23
2019/06/21 08:17:00, 24.00, 24.05, 23.89, 53.06, 52.09, 0, 0, 4.23
2019/06/21 08:18:00, 24.00, 24.08, 23.89, 53.14, 52.11, 0, 0, 4.23
2019/06/21 08:19:00, 24.00, 24.08, 23.92, 53.09, 52.09, 0, 0, 4.23
2019/06/21 08:20:00, 24.00, 24.09, 23.92, 53.17, 52.12, 0, 0, 4.23
2019/06/21 08:21:00, 24.00, 24.09, 23.93, 53.18, 52.14, 0, 0, 4.23
2019/06/21 08:22:00, 24.00, 24.12, 23.93, 53.13, 52.17, 0, 0, 4.23
2019/06/21 08:23:00, 24.00, 24.14, 23.95, 53.19, 52.18, 0, 0, 4.23
2019/06/21 08:24:00, 24.00, 24.12, 23.95, 53.20, 52.18, 0, 0, 4.23
2019/06/21 08:25:00, 24.00, 24.15, 23.94, 53.23, 52.22, 0, 0, 4.23
2019/06/21 08:26:00, 24.00, 24.14, 23.96, 53.24, 52.24, 0, 0, 4.23
2019/06/21 08:27:00, 24.00, 24.12, 23.97, 53.33, 52.31, 0, 0, 4.23
2019/06/21 08:28:00, 24.00, 24.18, 23.98, 53.30, 52.30, 0, 0, 4.23
2019/06/21 08:29:00, 24.00, 24.16, 23.98, 53.38, 52.34, 0, 0, 4.23
2019/06/21 08:30:00, 24.00, 24.16, 23.97, 53.40, 52.36, 0, 0, 4.23
2019/06/21 08:31:00, 24.00, 24.15, 24.00, 53.33, 52.36, 0, 0, 4.23
2019/06/21 08:32:00, 24.00, 24.18, 23.98, 53.43, 52.44, 0, 0, 4.23
2019/06/21 08:33:00, 24.00, 24.18, 24.02, 53.48, 52.47, 0, 0, 4.23
2019/06/21 08:34:00, 24.00, 24.19, 24.02, 53.44, 52.42, 0, 0, 4.23
2019/06/21 08:35:00, 24.00, 24.18, 24.03, 53.55, 52.48, 0, 0, 4.23
2019/06/21 08:36:00, 24.00, 24.22, 24.04, 53.52, 52.48, 0, 0, 4.23
2019/06/21 08:37:00, 24.00, 24.22, 24.04, 53.55, 52.54, 0, 0, 4.23
2019/06/21 08:38:00, 24.00, 24.23, 24.04, 53.52, 52.51, 0, 0, 4.23
2019/06/21 08:39:00, 24.00, 24.25, 24.06, 53.58, 52.55, 0, 0, 4.23
2019/06/21 08:40:00, 24.00, 24.22, 24.08, 53.56, 52.57, 0, 0, 4.23
2019/06/21 08:41:00, 24.00, 24.23, 24.08, 53.59, 52.57, 0, 0, 4.23
2019/06/21 08:42:00, 24.00, 24.25, 24.09, 53.61, 52.57, 0, 0, 4.23
2019/06/21 08:43:00, 24.00, 24.26, 24.10, 53.62, 52.60, 0, 0, 4.23
2019/06/21 08:44:00, 24.00, 24.25, 24.09, 53.61, 52.57, 0, 0, 4.23
2019/06/21 08:45:00, 24.00, 24.27, 24.09, 53.60, 52.60, 0, 0, 4.23
2019/06/21 08:46:00, 24.00, 24.29, 24.07, 53.63, 52.63, 0, 0, 4.23
2019/06/21 08:47:00, 24.00, 24.25, 24.08, 53.61, 52.62, 0, 0, 4.23
2019/06/21 08:48:00, 24.00, 24.26, 24.08, 53.73, 52.70, 0, 0, 4.23
2019/06/21 08:49:00, 24.00, 24.25, 24.10, 53.78, 52.77, 0, 0, 4.23
2019/06/21 08:50:00, 24.25, 24.26, 24.10, 53.75, 52.74, 0, 0, 4.23
2019/06/21 08:51:00, 24.25, 24.27, 24.11, 53.73, 52.73, 0, 0, 4.23
2019/06/21 08:52:00, 24.25, 24.31, 24.12, 53.77, 52.74, 0, 0, 4.23
2019/06/21 08:53:00, 24.25, 24.26, 24.11, 53.83, 52.78, 0, 0, 4.23
2019/06/21 08:54:00, 24.25, 24.29, 24.10, 53.85, 52.79, 0, 0, 4.23
2019/06/21 08:55:00, 24.25, 24.29, 24.11, 53.83, 52.80, 0, 0, 4.23
2019/06/21 08:56:00, 24.25, 24.27, 24.11, 53.91, 52.83, 0, 0, 4.23
2019/06/21 08:57:00, 24.25, 24.27, 24.11, 53.83, 52.85, 0, 0, 4.23
2019/06/21 08:58:00, 24.25, 24.26, 24.10, 53.92, 52.90, 0, 0, 4.23
2019/06/21 08:59:00, 24.25, 24.27, 24.09, 53.94, 52.92, 0, 0, 4.23
2019/06/21 09:00:00, 24.25, 24.27, 24.09, 53.95, 52.91, 0, 0, 4.23
2019/06/21 09:01:00, 24.25, 24.29, 24.10, 53.96, 52.91, 0, 0, 4.23
2019/06/21 09:02:00, 24.25, 24.29, 24.11, 53.96, 52.92, 0, 0, 4.23
2019/06/21 09:03:00, 24.25, 24.26, 24.09, 53.96, 52.92, 0, 0, 4.23
2019/06/21 09:04:00, 24.25, 24.25, 24.11, 54.03, 52.96, 0, 0, 4.23
2019/06/21 09:05:00, 24.25, 24.26, 24.11, 54.05, 53.00, 0, 0, 4.23
2019/06/21 09:06:00, 24.25, 24.29, 24.12, 54.09, 53.03, 0, 0, 4.23
2019/06/21 09:07:00, 24.25, 24.31, 24.10, 54.06, 53.05, 0, 0, 4.23
2019/06/21 09:08:00, 24.25, 24.27, 24.12, 54.02, 52.97, 0, 0, 4.23
2019/06/21 09:09:00, 24.25, 24.27, 24.09, 54.05, 53.01, 0, 0, 4.23
2019/06/21 09:10:00, 24.25, 24.27, 24.10, 54.02, 53.00, 0, 0, 4.23
2019/06/21 09:11:00, 24.25, 24.27, 24.10, 54.09, 53.04, 0, 0, 4.23
2019/06/21 09:12:00, 24.25, 24.26, 24.05, 54.16, 53.10, 0, 0, 4.23
2019/06/21 09:13:00, 24.25, 24.27, 24.07, 54.20, 53.12, 0, 0, 4.23
2019/06/21 09:14:00, 24.25, 24.26, 24.08, 54.24, 53.20, 0, 0, 4.23
2019/06/21 09:15:00, 24.25, 24.26, 24.08, 54.29, 53.24, 0, 0, 4.23
2019/06/21 09:16:00, 24.25, 24.26, 24.08, 54.30, 53.24, 0, 0, 4.23
2019/06/21 09:17:00, 24.25, 24.23, 24.07, 54.29, 53.22, 0, 0, 4.23
2019/06/21 09:18:00, 24.25, 24.23, 24.05, 54.29, 53.26, 0, 0, 4.23
2019/06/21 09:19:00, 24.25, 24.22, 24.05, 54.36, 53.31, 0, 0, 4.23
2019/06/21 09:20:00, 24.25, 24.22, 24.04, 54.33, 53.32, 0, 0, 4.23
2019/06/21 09:21:00, 24.25, 24.20, 24.02, 54.37, 53.31, 0, 0, 4.23
2019/06/21 09:22:00, 24.25, 24.19, 24.02, 54.43, 53.34, 0, 0, 4.23
2019/06/21 09:23:00, 24.25, 24.20, 24.00, 54.41, 53.36, 0, 0, 4.23
2019/06/21 09:24:00, 24.25, 24.19, 24.01, 54.43, 53.40, 0, 0, 4.23
2019/06/21 09:25:00, 24.25, 24.18, 23.98, 54.53, 53.47, 0, 0, 4.23
2019/06/21 09:26:00, 24.25, 24.15, 23.97, 54.53, 53.49, 0, 0, 4.23
2019/06/21 09:27:00, 24.25, 24.14, 23.96, 54.61, 53.50, 0, 0, 4.23
2019/06/21 09:28:00, 24.25, 24.14, 23.95, 54.60, 53.53, 0, 0, 4.23
2019/06/21 09:29:00, 24.25, 24.14, 23.96, 54.67, 53.60, 0, 0, 4.23
2019/06/21 09:30:00, 24.25, 24.15, 23.93, 54.70, 53.64, 0, 0, 4.23
2019/06/21 09:31:00, 24.25, 24.11, 23.94, 54.74, 53.66, 0, 0, 4.23
2019/06/21 09:32:00, 24.25, 24.09, 23.91, 54.72, 53.66, 0, 0, 4.23
2019/06/21 09:33:00, 24.25, 24.07, 23.90, 54.79, 53.72, 0, 0, 4.23
2019/06/21 09:34:00, 24.25, 24.08, 23.89, 54.79, 53.75, 0, 0, 4.23
2019/06/21 09:35:00, 24.25, 24.05, 23.88, 54.84, 53.80, 0, 0, 4.23
2019/06/21 09:36:00, 24.25, 24.04, 23.89, 54.97, 53.89, 0, 0, 4.23
2019/06/21 09:37:00, 24.25, 24.05, 23.86, 54.95, 53.86, 0, 0, 4.23
2019/06/21 09:38:00, 24.25, 24.02, 23.83, 55.03, 53.95, 0, 0, 4.23
2019/06/21 09:39:00, 24.25, 24.01, 23.84, 55.10, 53.96, 0, 0, 4.23
2019/06/21 09:40:00, 24.25, 24.01, 23.83, 55.11, 54.02, 0, 0, 4.23
2019/06/21 09:41:00, 24.25, 24.01, 23.82, 55.14, 54.08, 0, 0, 4.23
2019/06/21 09:42:00, 24.25, 23.99, 23.79, 55.16, 54.06, 0, 0, 4.23
2019/06/21 09:43:00, 24.25, 23.98, 23.80, 55.21, 54.14, 0, 0, 4.23
2019/06/21 09:44:00, 24.25, 23.97, 23.81, 55.25, 54.18, 0, 0, 4.23
2019/06/21 09:45:00, 24.25, 23.98, 23.79, 55.32, 54.22, 0, 0, 4.23
2019/06/21 09:46:00, 24.25, 23.95, 23.76, 55.35, 54.27, 0, 0, 4.23
2019/06/21 09:47:00, 24.25, 23.95, 23.78, 55.43, 54.31, 0, 0, 4.23
2019/06/21 09:48:00, 24.25, 23.97, 23.75, 55.50, 54.35, 0, 0, 4.23
2019/06/21 09:49:00, 24.25, 23.92, 23.76, 55.48, 54.37, 0, 0, 4.23
2019/06/21 09:50:00, 24.25, 23.92, 23.73, 55.53, 54.42, 0, 0, 4.23
2019/06/21 09:51:00, 24.25, 23.92, 23.73, 55.58, 54.47, 0, 0, 4.23
2019/06/21 09:52:00, 24.25, 23.91, 23.72, 55.60, 54.49, 0, 0, 4.23
2019/06/21 09:53:00, 24.25, 23.88, 23.73, 55.62, 54.50, 0, 0, 4.23
2019/06/21 09:54:00, 24.25, 23.91, 23.73, 55.62, 54.53, 0, 0, 4.23
2019/06/21 09:55:00, 24.25, 23.88, 23.69, 55.72, 54.58, 0, 0, 4.23
2019/06/21 09:56:00, 24.25, 23.88, 23.68, 55.74, 54.63, 0, 0, 4.23
2019/06/21 09:57:00, 24.25, 23.88, 23.72, 55.78, 54.67, 0, 0, 4.23
2019/06/21 09:58:00, 24.25, 23.88, 23.69, 55.81, 54.72, 0, 0, 4.23
2019/06/21 09:59:00, 24.25, 23.87, 23.68, 55.82, 54.74, 0, 0, 4.23
2019/06/21 10:00:00, 24.25, 23.88, 23.69, 55.85, 54.76, 0, 0, 4.23
2019/06/21 10:01:00, 24.25, 23.88, 23.68, 55.87, 54.78, 0, 0, 4.23
2019/06/21 10:02:00, 24.25, 23.88, 23.68, 55.91, 54.79, 0, 0, 4.23
2019/06/21 10:03:00, 24.00, 23.88, 23.67, 55.97, 54.85, 0, 0, 4.23
2019/06/21 10:04:00, 24.25, 23.87, 23.67, 55.99, 54.88, 0, 0, 4.23
2019/06/21 10:05:00, 24.00, 23.85, 23.67, 55.98, 54.86, 0, 0, 4.23
2019/06/21 10:06:00, 24.00, 23.87, 23.67, 56.06, 54.91, 0, 0, 4.23
2019/06/21 10:07:00, 24.00, 23.84, 23.66, 56.06, 54.97, 0, 0, 4.23
2019/06/21 10:08:00, 24.00, 23.84, 23.65, 56.09, 54.98, 0, 0, 4.23
2019/06/21 10:09:00, 24.00, 23.84, 23.66, 56.15, 55.01, 0, 0, 4.23
2019/06/21 10:10:00, 24.00, 23.85, 23.65, 56.24, 55.08, 0, 0, 4.23
2019/06/21 10:11:00, 24.00, 23.85, 23.66, 56.21, 55.09, 0, 0, 4.23
2019/06/21 10:12:00, 24.00, 23.83, 23.65, 56.21, 55.11, 0, 0, 4.23
2019/06/21 10:13:00, 24.00, 23.84, 23.66, 56.29, 55.13, 0, 0, 4.23
2019/06/21 10:14:00, 24.00, 23.87, 23.65, 56.28, 55.18, 0, 0, 4.23
2019/06/21 10:15:00, 24.00, 23.84, 23.66, 56.36, 55.21, 0, 0, 4.23
2019/06/21 10:16:00, 24.00, 23.85, 23.66, 56.35, 55.24, 0, 0, 4.23
2019/06/21 10:17:00, 24.00, 23.85, 23.65, 56.41, 55.27, 0, 0, 4.23
2019/06/21 10:18:00, 24.00, 23.85, 23.66, 56.44, 55.29, 0, 0, 4.23
2019/06/21 10:19:00, 24.00, 23.84, 23.66, 56.43, 55.30, 0, 0, 4.23
2019/06/21 10:20:00, 24.00, 23.84, 23.65, 56.54, 55.35, 0, 0, 4.23
2019/06/21 10:21:00, 24.00, 23.87, 23.66, 56.50, 55.37, 0, 0, 4.23
2019/06/21 10:22:00, 24.00, 23.85, 23.67, 56.48, 55.33, 0, 0, 4.23
2019/06/21 10:23:00, 24.00, 23.85, 23.67, 56.46, 55.34, 0, 0, 4.23
2019/06/21 10:24:00, 24.00, 23.85, 23.66, 56.51, 55.34, 0, 0, 4.23
2019/06/21 10:25:00, 24.00, 23.85, 23.69, 56.47, 55.34, 0, 0, 4.23
2019/06/21 10:26:00, 24.00, 23.84, 23.66, 56.48, 55.34, 0, 0, 4.23
2019/06/21 10:27:00, 24.00, 23.85, 23.69, 56.51, 55.34, 0, 0, 4.23
2019/06/21 10:28:00, 24.00, 23.87, 23.68, 56.54, 55.37, 0, 0, 4.23
2019/06/21 10:29:00, 24.00, 23.87, 23.68, 56.54, 55.38, 0, 0, 4.23
2019/06/21 10:30:00, 24.00, 23.87, 23.69, 56.49, 55.34, 0, 0, 4.23
2019/06/21 10:31:00, 24.00, 23.87, 23.68, 56.59, 55.41, 0, 0, 4.23
2019/06/21 10:32:00, 24.00, 23.87, 23.69, 56.55, 55.41, 0, 0, 4.23
2019/06/21 10:33:00, 24.00, 23.87, 23.68, 56.56, 55.42, 0, 0, 4.23
2019/06/21 10:34:00, 24.00, 23.87, 23.71, 56.54, 55.44, 0, 0, 4.23
2019/06/21 10:35:00, 24.00, 23.88, 23.69, 56.59, 55.43, 0, 0, 4.23
2019/06/21 10:36:00, 24.00, 23.88, 23.69, 56.56, 55.45, 0, 0, 4.23
2019/06/21 10:37:00, 24.00, 23.90, 23.69, 56.59, 55.47, 0, 0, 4.23
2019/06/21 10:38:00, 24.00, 23.90, 23.72, 56.61, 55.46, 0, 0, 4.23
2019/06/21 10:39:00, 24.00, 23.88, 23.72, 56.61, 55.44, 0, 0, 4.23
2019/06/21 10:40:00, 24.00, 23.91, 23.72, 56.64, 55.46, 0, 0, 4.23
2019/06/21 10:41:00, 24.00, 23.88, 23.72, 56.57, 55.47, 0, 0, 4.23
2019/06/21 10:42:00, 24.00, 23.92, 23.73, 56.59, 55.46, 0, 0, 4.23
2019/06/21 10:43:00, 24.00, 23.92, 23.73, 56.60, 55.45, 0, 0, 4.23
2019/06/21 10:44:00, 24.00, 23.90, 23.72, 56.63, 55.47, 0, 0, 4.23
2019/06/21 10:45:00, 24.00, 23.91, 23.73, 56.57, 55.44, 0, 0, 4.23
2019/06/21 10:46:00, 24.00, 23.92, 23.73, 56.61, 55.46, 0, 0, 4.23
2019/06/21 10:47:00, 24.00, 23.92, 23.74, 56.59, 55.47, 0, 0, 4.23
2019/06/21 10:48:00, 24.00, 23.90, 23.72, 56.64, 55.49, 0, 0, 4.23
2019/06/21 10:49:00, 24.00, 23.92, 23.74, 56.62, 55.49, 0, 0, 4.23
2019/06/21 10:50:00, 24.00, 23.91, 23.76, 56.61, 55.46, 0, 0, 4.23
2019/06/21 10:51:00, 24.00, 23.92, 23.73, 56.61, 55.48, 0, 0, 4.23
2019/06/21 10:52:00, 24.00, 23.94, 23.73, 56.62, 55.46, 0, 0, 4.23
2019/06/21 10:53:00, 24.00, 23.94, 23.74, 56.62, 55.47, 0, 0, 4.23
2019/06/21 10:54:00, 24.00, 23.95, 23.77, 56.61, 55.46, 0, 0, 4.23
2019/06/21 10:55:00, 24.00, 23.94, 23.75, 56.59, 55.47, 0, 0, 4.23
2019/06/21 10:56:00, 24.00, 23.94, 23.73, 56.64, 55.49, 0, 0, 4.23
2019/06/21 10:57:00, 24.00, 23.94, 23.76, 56.62, 55.49, 0, 0, 4.23
2019/06/21 10:58:00, 24.00, 23.92, 23.77, 56.66, 55.51, 0, 0, 4.23
2019/06/21 10:59:00, 24.00, 23.92, 23.76, 56.63, 55.52, 0, 0, 4.23
2019/06/21 11:00:00, 24.00, 23.97, 23.76, 56.66, 55.50, 0, 0, 4.23
2019/06/21 11:01:00, 24.00, 23.97, 23.77, 56.67, 55.55, 0, 0, 4.23
2019/06/21 11:02:00, 24.00, 23.97, 23.77, 56.68, 55.53, 0, 0, 4.23
2019/06/21 11:03:00, 24.00, 23.97, 23.76, 56.72, 55.56, 0, 0, 4.23
2019/06/21 11:04:00, 24.00, 23.97, 23.77, 56.71, 55.55, 0, 0, 4.23
2019/06/21 11:05:00, 24.00, 23.98, 23.76, 56.62, 55.54, 0, 0, 4.23
2019/06/21 11:06:00, 24.00, 23.98, 23.80, 56.65, 55.53, 0, 0, 4.23
2019/06/21 11:07:00, 24.00, 23.97, 23.78, 56.69, 55.54, 0, 0, 4.23
2019/06/21 11:08:00, 24.00, 23.99, 23.80, 56.73, 55.54, 0, 0, 4.23
2019/06/21 11:09:00, 24.00, 23.97, 23.81, 56.73, 55.56, 0, 0, 4.23
2019/06/21 11:10:00, 24.00, 23.99, 23.79, 56.67, 55.57, 0, 0, 4.23
2019/06/21 11:11:00, 24.00, 23.99, 23.78, 56.68, 55.54, 0, 0, 4.23
2019/06/21 11:12:00, 24.00, 24.01, 23.81, 56.70, 55.56, 0, 0, 4.23
2019/06/21 11:13:00, 24.00, 23.98, 23.79, 56.70, 55.57, 0, 0, 4.23
2019/06/21 11:14:00, 24.00, 24.04, 23.81, 56.68, 55.56, 0, 0, 4.23
2019/06/21 11:15:00, 24.00, 23.99, 23.81, 56.71, 55.57, 0, 0, 4.23
2019/06/21 11:16:00, 24.00, 24.01, 23.81, 56.73, 55.59, 0, 0, 4.23
2019/06/21 11:17:00, 24.00, 24.01, 23.82, 56.74, 55.59, 0, 0, 4.23
2019/06/21 11:18:00, 24.00, 23.99, 23.81, 56.77, 55.60, 0, 0, 4.23
2019/06/21 11:19:00, 24.00, 23.99, 23.86, 56.77, 55.63, 0, 0, 4.23
2019/06/21 11:20:00, 24.00, 23.99, 23.82, 56.83, 55.66, 0, 0, 4.23
2019/06/21 11:21:00, 24.00, 24.01, 23.81, 56.82, 55.67, 0, 0, 4.23
2019/06/21 11:22:00, 24.00, 23.99, 23.83, 56.84, 55.70, 0, 0, 4.23
2019/06/21 11:23:00, 24.00, 23.99, 23.80, 56.87, 55.72, 0, 0, 4.23
2019/06/21 11:24:00, 24.00, 23.99, 23.83, 56.89, 55.74, 0, 0, 4.23
2019/06/21 11:25:00, 24.00, 23.99, 23.81, 56.89, 55.72, 0, 0, 4.23
2019/06/21 11:26:00, 24.00, 23.99, 23.80, 56.88, 55.75, 0, 0, 4.23
2019/06/21 11:27:00, 24.00, 23.99, 23.82, 56.92, 55.77, 0, 0, 4.23
2019/06/21 11:28:00, 24.00, 23.99, 23.81, 56.97, 55.81, 0, 0, 4.23
2019/06/21 11:29:00, 24.00, 23.99, 23.81, 56.99, 55.85, 0, 0, 4.23
2019/06/21 11:30:00, 24.00, 24.01, 23.81, 56.95, 55.83, 0, 0, 4.23
2019/06/21 11:31:00, 24.00, 24.01, 23.80, 56.95, 55.81, 0, 0, 4.23
2019/06/21 11:32:00, 24.00, 24.01, 23.82, 57.01, 55.82, 0, 0, 4.23
2019/06/21 11:33:00, 24.00, 24.02, 23.82, 56.96, 55.84, 0, 0, 4.23
2019/06/21 11:34:00, 24.00, 23.98, 23.80, 56.98, 55.80, 0, 0, 4.23
2019/06/21 11:35:00, 24.00, 23.99, 23.80, 57.00, 55.82, 0, 0, 4.23
2019/06/21 11:36:00, 24.00, 23.99, 23.82, 56.96, 55.82, 0, 0, 4.23
2019/06/21 11:37:00, 24.00, 23.99, 23.79, 57.02, 55.84, 0, 0, 4.23
2019/06/21 11:38:00, 24.00, 23.97, 23.81, 56.98, 55.84, 0, 0, 4.23
2019/06/21 11:39:00, 24.00, 23.98, 23.81, 56.98, 55.85, 0, 0, 4.23
2019/06/21 11:40:00, 24.00, 23.95, 23.79, 56.96, 55.83, 0, 0, 4.23
2019/06/21 11:41:00, 24.00, 23.98, 23.80, 56.97, 55.84, 0, 0, 4.23
2019/06/21 11:42:00, 24.00, 23.98, 23.79, 57.05, 55.85, 0, 0, 4.23
2019/06/21 11:43:00, 24.00, 23.99, 23.79, 57.00, 55.87, 0, 0, 4.23
2019/06/21 11:44:00, 24.00, 23.97, 23.78, 57.04, 55.89, 0, 0, 4.23
2019/06/21 11:45:00, 24.00, 23.95, 23.79, 57.04, 55.87, 0, 0, 4.23
2019/06/21 11:46:00, 24.00, 23.97, 23.78, 57.04, 55.89, 0, 0, 4.23
2019/06/21 11:47:00, 24.00, 23.97, 23.80, 57.09, 55.92, 0, 0, 4.23
2019/06/21 11:48:00, 24.00, 23.97, 23.79, 57.03, 55.89, 0, 0, 4.23
2019/06/21 11:49:00, 24.00, 23.98, 23.79, 57.09, 55.90, 0, 0, 4.23
2019/06/21 11:50:00, 24.00, 23.99, 23.78, 57.11, 55.95, 0, 0, 4.23
2019/06/21 11:51:00, 24.00, 23.97, 23.81, 57.07, 55.93, 0, 0, 4.23
2019/06/21 11:52:00, 24.00, 23.95, 23.78, 57.09, 55.91, 0, 0, 4.23
2019/06/21 11:53:00, 24.00, 23.97, 23.78, 57.07, 55.91, 0, 0, 4.23
2019/06/21 11:54:00, 24.00, 24.01, 23.80, 57.07, 55.91, 0, 0, 4.23
2019/06/21 11:55:00, 24.00, 23.98, 23.81, 57.09, 55.92, 0, 0, 4.23
2019/06/21 11:56:00, 24.25, 23.99, 23.79, 57.04, 55.88, 0, 0, 4.23
2019/06/21 11:57:00, 24.00, 23.97, 23.78, 57.05, 55.90, 0, 0, 4.23
2019/06/21 11:58:00, 24.00, 23.95, 23.80, 57.07, 55.92, 0, 0, 4.23
2019/06/21 11:59:00, 24.00, 23.98, 23.79, 57.09, 55.95, 0, 0, 4.23
2019/06/21 12:00:00, 24.00, 23.98, 23.79, 57.10, 55.92, 0, 0, 4.23
2019/06/21 12:01:00, 24.00, 23.98, 23.81, 57.13, 55.95, 0, 0, 4.23
2019/06/21 12:02:00, 24.00, 23.99, 23.79, 57.09, 55.96, 0, 0, 4.23
2019/06/21 12:03:00, 24.00, 23.99, 23.80, 57.07, 55.95, 0, 0, 4.23
2019/06/21 12:04:00, 24.00, 23.98, 23.80, 57.12, 55.96, 0, 0, 4.23
2019/06/21 12:05:00, 24.00, 23.98, 23.80, 57.06, 55.93, 0, 0, 4.23
2019/06/21 12:06:00, 24.00, 24.01, 23.82, 57.09, 55.97, 0, 0, 4.23
2019/06/21 12:07:00, 24.00, 23.99, 23.80, 57.09, 55.97, 0, 0, 4.23
2019/06/21 12:08:00, 24.00, 23.99, 23.80, 57.11, 55.97, 0, 0, 4.23
2019/06/21 12:09:00, 24.00, 23.98, 23.79, 57.14, 55.99, 0, 0, 4.23
2019/06/21 12:10:00, 24.00, 23.98, 23.81, 57.19, 56.02, 0, 0, 4.23
2019/06/21 12:11:00, 24.00, 23.98, 23.79, 57.17, 56.04, 0, 0, 4.23
2019/06/21 12:12:00, 24.00, 23.99, 23.81, 57.18, 56.01, 0, 0, 4.23
2019/06/21 12:13:00, 24.00, 24.01, 23.80, 57.17, 56.01, 0, 0, 4.23
2019/06/21 12:14:00, 24.00, 24.01, 23.82, 57.22, 56.05, 0, 0, 4.23
2019/06/21 12:15:00, 24.00, 23.99, 23.82, 57.22, 56.05, 0, 0, 4.23
2019/06/21 12:16:00, 24.00, 23.98, 23.81, 57.21, 56.06, 0, 0, 4.23
2019/06/21 12:17:00, 24.00, 23.99, 23.81, 57.20, 56.05, 0, 0, 4.23
2019/06/21 12:18:00, 24.00, 23.99, 23.80, 57.24, 56.07, 0, 0, 4.23
2019/06/21 12:19:00, 24.25, 23.99, 23.78, 57.24, 56.09, 0, 0, 4.23
2019/06/21 12:20:00, 24.25, 23.99, 23.80, 57.27, 56.10, 0, 0, 4.23
2019/06/21 12:21:00, 24.25, 23.98, 23.82, 57.28, 56.11, 0, 0, 4.23
2019/06/21 12:22:00, 24.00, 24.01, 23.81, 57.30, 56.14, 0, 0, 4.23
2019/06/21 12:23:00, 24.25, 24.01, 23.79, 57.25, 56.15, 0, 0, 4.23
2019/06/21 12:24:00, 24.00, 24.02, 23.82, 57.32, 56.14, 0, 0, 4.23
2019/06/21 12:25:00, 24.00, 23.99, 23.80, 57.36, 56.17, 0, 0, 4.23
2019/06/21 12:26:00, 24.00, 23.99, 23.81, 57.36, 56.17, 0, 0, 4.23
2019/06/21 12:27:00, 24.00, 23.98, 23.80, 57.35, 56.23, 0, 0, 4.23
2019/06/21 12:28:00, 24.25, 23.98, 23.82, 57.34, 56.22, 0, 0, 4.23
2019/06/21 12:29:00, 24.25, 23.99, 23.79, 57.39, 56.22, 0, 0, 4.23
2019/06/21 12:30:00, 24.00, 24.01, 23.79, 57.39, 56.23, 0, 0, 4.23
2019/06/21 12:31:00, 24.00, 24.01, 23.79, 57.40, 56.24, 0, 0, 4.23
2019/06/21 12:32:00, 24.00, 23.99, 23.78, 57.43, 56.26, 0, 0, 4.23
2019/06/21 12:33:00, 24.25, 23.97, 23.80, 57.50, 56.33, 0, 0, 4.23
2019/06/21 12:34:00, 24.25, 23.99, 23.78, 57.51, 56.32, 0, 0, 4.23
2019/06/21 12:35:00, 24.00, 23.98, 23.80, 57.48, 56.32, 0, 0, 4.23
2019/06/21 12:36:00, 24.25, 23.98, 23.80, 57.56, 56.33, 0, 0, 4.23
2019/06/21 12:37:00, 24.00, 23.95, 23.78, 57.58, 56.40, 0, 0, 4.23
2019/06/21 12:38:00, 24.00, 23.98, 23.79, 57.59, 56.42, 0, 0, 4.23
2019/06/21 12:39:00, 24.25, 23.98, 23.80, 57.57, 56.40, 0, 0, 4.23
2019/06/21 12:40:00, 24.00, 23.98, 23.82, 57.56, 56.42, 0, 0, 4.23
2019/06/21 12:41:00, 24.00, 23.98, 23.79, 57.60, 56.46, 0, 0, 4.23
2019/06/21 12:42:00, 24.00, 23.95, 23.80, 57.60, 56.43, 0, 0, 4.23
2019/06/21 12:43:00, 24.00, 23.99, 23.78, 57.64, 56.48, 0, 0, 4.23
2019/06/21 12:44:00, 24.25, 23.98, 23.78, 57.70, 56.49, 0, 0, 4.23
2019/06/21 12:45:00, 24.00, 23.98, 23.77, 57.68, 56.52, 0, 0, 4.23
2019/06/21 12:46:00, 24.25, 23.98, 23.78, 57.70, 56.53, 0, 0, 4.23
2019/06/21 12:47:00, 24.25, 23.97, 23.78, 57.74, 56.55, 0, 0, 4.23
2019/06/21 12:48:00, 24.00, 23.95, 23.78, 57.71, 56.56, 0, 0, 4.23
2019/06/21 12:49:00, 24.25, 23.98, 23.78, 57.77, 56.58, 0, 0, 4.23
2019/06/21 12:50:00, 24.00, 23.94, 23.77, 57.75, 56.56, 0, 0, 4.23
2019/06/21 12:51:00, 24.25, 23.95, 23.78, 57.77, 56.59, 0, 0, 4.23
2019/06/21 12:52:00, 24.00, 23.95, 23.76, 57.77, 56.59, 0, 0, 4.23
2019/06/21 12:53:00, 24.25, 23.97, 23.76, 57.80, 56.61, 0, 0, 4.23
2019/06/21 12:54:00, 24.25, 23.94, 23.76, 57.78, 56.60, 0, 0, 4.23
2019/06/21 12:55:00, 24.00, 23.94, 23.75, 57.77, 56.59, 0, 0, 4.23
2019/06/21 12:56:00, 24.25, 23.95, 23.76, 57.80, 56.62, 0, 0, 4.23
2019/06/21 12:57:00, 24.25, 23.95, 23.75, 57.83, 56.62, 0, 0, 4.23
2019/06/21 12:58:00, 24.25, 23.92, 23.76, 57.82, 56.64, 0, 0, 4.23
2019/06/21 12:59:00, 24.00, 23.94, 23.76, 57.80, 56.64, 0, 0, 4.23
2019/06/21 13:00:00, 24.00, 23.92, 23.74, 57.75, 56.60, 0, 0, 4.23
2019/06/21 13:01:00, 24.25, 23.92, 23.74, 57.80, 56.64, 0, 0, 4.23
2019/06/21 13:02:00, 24.00, 23.91, 23.73, 57.81, 56.62, 0, 0, 4.23
2019/06/21 13:03:00, 24.25, 23.91, 23.75, 57.82, 56.64, 0, 0, 4.23
2019/06/21 13:04:00, 24.00, 23.91, 23.73, 57.81, 56.64, 0, 0, 4.23
2019/06/21 13:05:00, 24.00, 23.91, 23.73, 57.82, 56.66, 0, 0, 4.23
2019/06/21 13:06:00, 24.00, 23.90, 23.72, 57.85, 56.66, 0, 0, 4.23
2019/06/21 13:07:00, 24.00, 23.91, 23.74, 57.81, 56.66, 0, 0, 4.23
2019/06/21 13:08:00, 24.00, 23.91, 23.73, 57.90, 56.69, 0, 0, 4.23
2019/06/21 13:09:00, 24.00, 23.92, 23.72, 57.93, 56.72, 0, 0, 4.23
2019/06/21 13:10:00, 24.00, 23.92, 23.72, 57.91, 56.75, 0, 0, 4.23
2019/06/21 13:11:00, 24.00, 23.90, 23.73, 57.98, 56.75, 0, 0, 4.23
2019/06/21 13:12:00, 24.00, 23.90, 23.74, 57.94, 56.76, 0, 0, 4.23
2019/06/21 13:13:00, 24.00, 23.92, 23.73, 57.97, 56.78, 0, 0, 4.23
2019/06/21 13:14:00, 24.00, 23.94, 23.74, 57.95, 56.76, 0, 0, 4.23
2019/06/21 13:15:00, 24.00, 23.94, 23.75, 57.97, 56.78, 0, 0, 4.23
2019/06/21 13:16:00, 24.00, 23.91, 23.73, 58.06, 56.82, 0, 0, 4.23
2019/06/21 13:17:00, 24.00, 23.91, 23.75, 58.04, 56.85, 0, 0, 4.23
2019/06/21 13:18:00, 24.00, 23.92, 23.74, 57.96, 56.80, 0, 0, 4.23
2019/06/21 13:19:00, 24.00, 23.95, 23.75, 57.98, 56.80, 0, 0, 4.23
2019/06/21 13:20:00, 24.00, 23.94, 23.75, 58.00, 56.83, 0, 0, 4.23
2019/06/21 13:21:00, 24.00, 23.92, 23.77, 58.02, 56.78, 0, 0, 4.23
2019/06/21 13:22:00, 24.00, 23.94, 23.75, 57.96, 56.76, 0, 0, 4.23
2019/06/21 13:23:00, 24.00, 23.92, 23.75, 57.97, 56.81, 0, 0, 4.23
2019/06/21 13:24:00, 24.00, 23.92, 23.75, 57.96, 56.79, 0, 0, 4.23
2019/06/21 13:25:00, 24.00, 23.92, 23.74, 57.95, 56.76, 0, 0, 4.23
2019/06/21 13:26:00, 24.00, 23.88, 23.74, 58.00, 56.82, 0, 0, 4.23
2019/06/21 13:27:00, 24.00, 23.92, 23.73, 57.94, 56.78, 0, 0, 4.23
2019/06/21 13:28:00, 24.00, 23.90, 23.73, 57.97, 56.78, 0, 0, 4.23
2019/06/21 13:29:00, 24.00, 23.91, 23.71, 57.95, 56.79, 0, 0, 4.23
2019/06/21 13:30:00, 24.00, 23.88, 23.71, 57.87, 56.71, 0, 0, 4.23
2019/06/21 13:31:00, 24.00, 23.88, 23.72, 57.90, 56.72, 0, 0, 4.23
2019/06/21 13:32:00, 24.00, 23.90, 23.72, 57.92, 56.75, 0, 0, 4.23
2019/06/21 13:33:00, 24.00, 23.88, 23.68, 57.97, 56.78, 0, 0, 4.23
2019/06/21 13:34:00, 24.00, 23.87, 23.68, 57.95, 56.78, 0, 0, 4.23
2019/06/21 13:35:00, 24.00, 23.88, 23.69, 57.92, 56.77, 0, 0, 4.23
2019/06/21 13:36:00, 24.00, 23.87, 23.68, 58.01, 56.80, 0, 0, 4.23
2019/06/21 13:37:00, 24.00, 23.84, 23.69, 57.93, 56.75, 0, 0, 4.23
2019/06/21 13:38:00, 24.00, 23.90, 23.68, 57.93, 56.77, 0, 0, 4.23
2019/06/21 13:39:00, 24.00, 23.88, 23.67, 57.95, 56.75, 0, 0, 4.23
2019/06/21 13:40:00, 24.00, 23.90, 23.68, 57.94, 56.76, 0, 0, 4.23
2019/06/21 13:41:00, 24.00, 23.88, 23.71, 57.93, 56.75, 0, 0, 4.23
2019/06/21 13:42:00, 24.00, 23.87, 23.69, 57.96, 56.80, 0, 0, 4.23
2019/06/21 13:43:00, 24.00, 23.88, 23.71, 57.94, 56.73, 0, 0, 4.23
2019/06/21 13:44:00, 24.00, 23.87, 23.69, 57.96, 56.75, 0, 0, 4.23
2019/06/21 13:45:00, 24.00, 23.90, 23.69, 58.01, 56.77, 0, 0, 4.23
2019/06/21 13:46:00, 24.00, 23.88, 23.71, 58.00, 56.79, 0, 0, 4.23
2019/06/21 13:47:00, 24.00, 23.90, 23.71, 57.93, 56.78, 0, 0, 4.23
2019/06/21 13:48:00, 24.00, 23.88, 23.69, 57.96, 56.78, 0, 0, 4.23
2019/06/21 13:49:00, 24.00, 23.88, 23.71, 57.95, 56.78, 0, 0, 4.23
2019/06/21 13:50:00, 24.00, 23.87, 23.69, 57.96, 56.80, 0, 0, 4.23
2019/06/21 13:51:00, 24.00, 23.87, 23.71, 58.00, 56.80, 0, 0, 4.23
2019/06/21 13:52:00, 24.00, 23.88, 23.72, 57.94, 56.80, 0, 0, 4.23
2019/06/21 13:53:00, 24.00, 23.90, 23.71, 58.00, 56.82, 0, 0, 4.23
2019/06/21 13:54:00, 24.00, 23.91, 23.72, 58.00, 56.82, 0, 0, 4.23
2019/06/21 13:55:00, 24.00, 23.88, 23.72, 57.87, 56.76, 0, 0, 4.23
2019/06/21 13:56:00, 24.00, 23.90, 23.73, 57.88, 56.75, 0, 0, 4.23
2019/06/21 13:57:00, 24.00, 23.90, 23.71, 57.98, 56.78, 0, 0, 4.23
2019/06/21 13:58:00, 24.00, 23.91, 23.73, 57.92, 56.77, 0, 0, 4.23
2019/06/21 13:59:00, 24.00, 23.88, 23.69, 58.00, 56.80, 0, 0, 4.23
2019/06/21 14:00:00, 24.00, 23.90, 23.71, 57.97, 56.79, 0, 0, 4.23
2019/06/21 14:01:00, 24.00, 23.90, 23.73, 57.88, 56.76, 0, 0, 4.23
2019/06/21 14:02:00, 24.00, 23.90, 23.71, 57.93, 56.78, 0, 0, 4.23
2019/06/21 14:03:00, 24.00, 23.90, 23.69, 57.93, 56.80, 0, 0, 4.23
2019/06/21 14:04:00, 24.00, 23.90, 23.69, 57.92, 56.77, 0, 0, 4.23
2019/06/21 14:05:00, 24.00, 23.87, 23.69, 57.91, 56.77, 0, 0, 4.23
2019/06/21 14:06:00, 24.00, 23.88, 23.71, 57.90, 56.75, 0, 0, 4.23
2019/06/21 14:07:00, 24.00, 23.88, 23.69, 57.83, 56.72, 0, 0, 4.23
2019/06/21 14:08:00, 24.00, 23.88, 23.71, 57.86, 56.71, 0, 0, 4.23
2019/06/21 14:09:00, 24.00, 23.88, 23.67, 57.91, 56.75, 0, 0, 4.23
2019/06/21 14:10:00, 24.00, 23.88, 23.69, 57.98, 56.80, 0, 0, 4.23
2019/06/21 14:11:00, 24.00, 23.88, 23.68, 58.05, 56.87, 0, 0, 4.23
2019/06/21 14:12:00, 24.00, 23.88, 23.68, 58.18, 56.98, 0, 0, 4.23
2019/06/21 14:13:00, 24.00, 23.88, 23.68, 58.32, 57.11, 0, 0, 4.23
2019/06/21 14:14:00, 24.00, 23.87, 23.68, 58.39, 57.20, 0, 0, 4.23
2019/06/21 14:15:00, 24.00, 23.88, 23.71, 58.50, 57.27, 0, 0, 4.23
2019/06/21 14:16:00, 24.00, 23.90, 23.69, 58.57, 57.40, 0, 0, 4.23
2019/06/21 14:17:00, 24.00, 23.90, 23.73, 58.69, 57.45, 0, 0, 4.23
2019/06/21 14:18:00, 24.00, 23.90, 23.69, 58.71, 57.49, 0, 0, 4.23
2019/06/21 14:19:00, 24.00, 23.87, 23.68, 58.71, 57.46, 0, 0, 4.23
2019/06/21 14:20:00, 24.00, 23.87, 23.69, 58.68, 57.46, 0, 0, 4.23
2019/06/21 14:21:00, 24.00, 23.87, 23.68, 58.65, 57.45, 0, 0, 4.23
2019/06/21 14:22:00, 24.00, 23.85, 23.67, 58.57, 57.42, 0, 0, 4.23
2019/06/21 14:23:00, 24.00, 23.84, 23.65, 58.63, 57.40, 0, 0, 4.23
2019/06/21 14:24:00, 24.00, 23.84, 23.66, 58.65, 57.44, 0, 0, 4.23
2019/06/21 14:25:00, 24.00, 23.88, 23.66, 58.65, 57.44, 0, 0, 4.23
2019/06/21 14:26:00, 24.00, 23.87, 23.66, 58.70, 57.47, 0, 0, 4.23
2019/06/21 14:27:00, 24.00, 23.84, 23.67, 58.70, 57.49, 0, 0, 4.23
2019/06/21 14:28:00, 24.00, 23.83, 23.65, 58.71, 57.49, 0, 0, 4.23
2019/06/21 14:29:00, 24.00, 23.85, 23.67, 58.71, 57.49, 0, 0, 4.23
2019/06/21 14:30:00, 24.00, 23.81, 23.66, 58.72, 57.53, 0, 0, 4.23
2019/06/21 14:31:00, 24.00, 23.84, 23.65, 58.78, 57.56, 0, 0, 4.23
2019/06/21 14:32:00, 24.00, 23.84, 23.64, 58.72, 57.54, 0, 0, 4.23
2019/06/21 14:33:00, 24.00, 23.84, 23.66, 58.80, 57.59, 0, 0, 4.23
2019/06/21 14:34:00, 24.00, 23.83, 23.64, 58.79, 57.60, 0, 0, 4.23
2019/06/21 14:35:00, 24.00, 23.85, 23.63, 58.87, 57.66, 0, 0, 4.23
2019/06/21 14:36:00, 24.00, 23.84, 23.62, 59.00, 57.74, 0, 0, 4.23
2019/06/21 14:37:00, 24.00, 23.81, 23.62, 59.16, 57.87, 0, 0, 4.23
2019/06/21 14:38:00, 24.00, 23.84, 23.63, 59.31, 57.97, 0, 0, 4.23
2019/06/21 14:39:00, 24.00, 23.83, 23.66, 59.47, 58.15, 0, 0, 4.23
2019/06/21 14:40:00, 24.00, 23.81, 23.63, 59.64, 58.29, 0, 0, 4.23
2019/06/21 14:41:00, 24.00, 23.83, 23.63, 59.79, 58.44, 0, 0, 4.23
2019/06/21 14:42:00, 24.00, 23.84, 23.63, 59.88, 58.55, 0, 0, 4.23
2019/06/21 14:43:00, 24.00, 23.83, 23.62, 60.04, 58.66, 0, 0, 4.23
2019/06/21 14:44:00, 24.00, 23.83, 23.64, 60.19, 58.76, 0, 0, 4.23
2019/06/21 14:45:00, 24.00, 23.81, 23.64, 60.20, 58.84, 0, 0, 4.23
2019/06/21 14:46:00, 24.00, 23.84, 23.64, 60.32, 58.89, 0, 0, 4.23
2019/06/21 14:47:00, 24.00, 23.83, 23.66, 60.39, 58.99, 0, 0, 4.23
2019/06/21 14:48:00, 24.00, 23.85, 23.66, 60.48, 59.07, 0, 0, 4.23
2019/06/21 14:49:00, 24.00, 23.84, 23.65, 60.52, 59.16, 0, 0, 4.23
2019/06/21 14:50:00, 24.00, 23.85, 23.66, 60.61, 59.20, 0, 0, 4.23
2019/06/21 14:51:00, 24.00, 23.88, 23.68, 60.73, 59.30, 0, 0, 4.23
2019/06/21 14:52:00, 24.00, 23.84, 23.65, 60.82, 59.40, 0, 0, 4.23
2019/06/21 14:53:00, 24.00, 23.84, 23.66, 60.87, 59.48, 0, 0, 4.23
2019/06/21 14:54:00, 24.00, 23.84, 23.66, 60.98, 59.55, 0, 0, 4.23
2019/06/21 14:55:00, 24.00, 23.85, 23.66, 61.02, 59.62, 0, 0, 4.23
2019/06/21 14:56:00, 24.00, 23.85, 23.66, 61.08, 59.69, 0, 0, 4.23
2019/06/21 14:57:00, 24.00, 23.85, 23.67, 61.16, 59.75, 0, 0, 4.23
2019/06/21 14:58:00, 24.00, 23.85, 23.68, 61.25, 59.84, 0, 0, 4.23
2019/06/21 14:59:00, 24.00, 23.88, 23.67, 61.37, 59.94, 0, 0, 4.23
2019/06/21 15:00:00, 24.00, 23.85, 23.68, 61.40, 59.98, 0, 0, 4.23
2019/06/21 15:01:00, 24.00, 23.87, 23.69, 61.49, 60.04, 0, 0, 4.23
2019/06/21 15:02:00, 24.00, 23.87, 23.71, 61.54, 60.10, 0, 0, 4.23
2019/06/21 15:03:00, 24.00, 23.90, 23.71, 61.60, 60.17, 0, 0, 4.23
2019/06/21 15:04:00, 24.00, 23.88, 23.71, 61.67, 60.23, 0, 0, 4.23
2019/06/21 15:05:00, 24.00, 23.90, 23.72, 61.75, 60.29, 0, 0, 4.23
2019/06/21 15:06:00, 24.00, 23.91, 23.73, 61.82, 60.39, 0, 0, 4.23
2019/06/21 15:07:00, 24.00, 23.91, 23.73, 61.84, 60.42, 0, 0, 4.23
2019/06/21 15:08:00, 24.00, 23.91, 23.74, 61.91, 60.47, 0, 0, 4.23
2019/06/21 15:09:00, 24.00, 23.92, 23.74, 61.98, 60.53, 0, 0, 4.23
2019/06/21 15:10:00, 24.00, 23.92, 23.73, 62.03, 60.58, 0, 0, 4.23
2019/06/21 15:11:00, 24.00, 23.91, 23.71, 62.02, 60.58, 0, 0, 4.23
2019/06/21 15:12:00, 24.00, 23.92, 23.75, 62.11, 60.61, 0, 0, 4.23
2019/06/21 15:13:00, 24.00, 23.94, 23.73, 62.11, 60.64, 0, 0, 4.23
2019/06/21 15:14:00, 24.00, 23.94, 23.74, 62.18, 60.70, 0, 0, 4.23
2019/06/21 15:15:00, 24.00, 23.91, 23.76, 62.16, 60.70, 0, 0, 4.23
2019/06/21 15:16:00, 24.00, 23.95, 23.75, 62.28, 60.78, 0, 0, 4.23
2019/06/21 15:17:00, 24.00, 23.95, 23.75, 62.34, 60.81, 0, 0, 4.23
2019/06/21 15:18:00, 24.00, 23.94, 23.75, 62.35, 60.85, 0, 0, 4.23
2019/06/21 15:19:00, 24.00, 23.95, 23.74, 62.36, 60.89, 0, 0, 4.23
2019/06/21 15:20:00, 24.00, 23.94, 23.74, 62.40, 60.90, 0, 0, 4.23
2019/06/21 15:21:00, 24.00, 23.94, 23.75, 62.44, 60.97, 0, 0, 4.23
2019/06/21 15:22:00, 24.00, 23.95, 23.76, 62.49, 60.99, 0, 0, 4.23
2019/06/21 15:23:00, 24.00, 23.95, 23.76, 62.53, 61.02, 0, 0, 4.23
2019/06/21 15:24:00, 24.00, 23.97, 23.76, 62.59, 61.08, 0, 0, 4.23
2019/06/21 15:25:00, 24.00, 23.95, 23.76, 62.54, 61.08, 0, 0, 4.23
2019/06/21 15:26:00, 24.00, 23.94, 23.77, 62.61, 61.09, 0, 0, 4.23
2019/06/21 15:27:00, 24.00, 23.95, 23.78, 62.66, 61.17, 0, 0, 4.23
2019/06/21 15:28:00, 24.00, 23.95, 23.75, 62.69, 61.20, 0, 0, 4.23
2019/06/21 15:29:00, 24.00, 23.94, 23.76, 62.73, 61.23, 0, 0, 4.23
2019/06/21 15:30:00, 24.00, 23.94, 23.76, 62.78, 61.29, 0, 0, 4.23
2019/06/21 15:31:00, 24.00, 23.95, 23.77, 62.80, 61.30, 0, 0, 4.23
2019/06/21 15:32:00, 24.25, 23.97, 23.76, 62.81, 61.31, 0, 0, 4.23
2019/06/21 15:33:00, 24.00, 23.98, 23.76, 62.81, 61.36, 0, 0, 4.23
2019/06/21 15:34:00, 24.25, 23.97, 23.78, 62.86, 61.37, 0, 0, 4.23
2019/06/21 15:35:00, 24.00, 23.97, 23.79, 62.89, 61.35, 0, 0, 4.23
2019/06/21 15:36:00, 24.00, 23.98, 23.81, 62.84, 61.37, 0, 0, 4.23
2019/06/21 15:37:00, 24.00, 23.99, 23.82, 62.89, 61.38, 0, 0, 4.23
2019/06/21 15:38:00, 24.25, 23.97, 23.81, 62.87, 61.39, 0, 0, 4.23
2019/06/21 15:39:00, 24.25, 23.98, 23.81, 62.90, 61.39, 0, 0, 4.23
2019/06/21 15:40:00, 24.25, 23.98, 23.80, 62.93, 61.45, 0, 0, 4.23
2019/06/21 15:41:00, 24.25, 23.98, 23.78, 62.92, 61.45, 0, 0, 4.23
2019/06/21 15:42:00, 24.25, 23.98, 23.77, 62.85, 61.43, 0, 0, 4.23
2019/06/21 15:43:00, 24.25, 23.98, 23.78, 62.88, 61.40, 0, 0, 4.23
2019/06/21 15:44:00, 24.25, 23.99, 23.79, 62.92, 61.41, 0, 0, 4.23
2019/06/21 15:45:00, 24.25, 23.98, 23.77, 62.86, 61.41, 0, 0, 4.23
2019/06/21 15:46:00, 24.25, 23.98, 23.78, 62.86, 61.39, 0, 0, 4.23
2019/06/21 15:47:00, 24.25, 23.98, 23.78, 62.80, 61.32, 0, 0, 4.23
2019/06/21 15:48:00, 24.25, 23.97, 23.79, 62.78, 61.30, 0, 0, 4.23
2019/06/21 15:49:00, 24.25, 23.99, 23.78, 62.67, 61.26, 0, 0, 4.23
2019/06/21 15:50:00, 24.25, 23.98, 23.78, 62.65, 61.22, 0, 0, 4.23
2019/06/21 15:51:00, 24.25, 23.99, 23.79, 62.65, 61.18, 0, 0, 4.23
2019/06/21 15:52:00, 24.25, 23.97, 23.79, 62.59, 61.16, 0, 0, 4.23
2019/06/21 15:53:00, 24.25, 24.01, 23.78, 62.60, 61.13, 0, 0, 4.23
2019/06/21 15:54:00, 24.25, 23.99, 23.78, 62.53, 61.11, 0, 0, 4.23
2019/06/21 15:55:00, 24.25, 23.98, 23.79, 62.52, 61.10, 0, 0, 4.23
2019/06/21 15:56:00, 24.25, 23.98, 23.79, 62.42, 61.01, 0, 0, 4.23
2019/06/21 15:57:00, 24.25, 23.95, 23.82, 62.36, 60.95, 0, 0, 4.23
2019/06/21 15:58:00, 24.25, 23.97, 23.79, 62.27, 60.87, 0, 0, 4.23
2019/06/21 15:59:00, 24.25, 23.98, 23.78, 62.16, 60.78, 0, 0, 4.23
2019/06/21 16:00:00, 24.25, 23.97, 23.81, 62.16, 60.77, 0, 0, 4.23
2019/06/21 16:01:00, 24.25, 23.98, 23.80, 62.15, 60.73, 0, 0, 4.23
2019/06/21 16:02:00, 24.25, 23.97, 23.78, 62.06, 60.66, 0, 0, 4.23
2019/06/21 16:03:00, 24.25, 23.97, 23.78, 61.92, 60.56, 0, 0, 4.23
2019/06/21 16:04:00, 24.25, 23.99, 23.79, 61.87, 60.52, 0, 0, 4.23
2019/06/21 16:05:00, 24.25, 23.97, 23.78, 61.75, 60.43, 0, 0, 4.23
2019/06/21 16:06:00, 24.25, 23.97, 23.80, 61.67, 60.36, 0, 0, 4.23
2019/06/21 16:07:00, 24.25, 23.98, 23.77, 61.67, 60.32, 0, 0, 4.23
2019/06/21 16:08:00, 24.25, 23.97, 23.80, 61.54, 60.20, 0, 0, 4.23
2019/06/21 16:09:00, 24.25, 23.98, 23.79, 61.49, 60.18, 0, 0, 4.23
2019/06/21 16:10:00, 24.25, 23.95, 23.80, 61.39, 60.10, 0, 0, 4.23
2019/06/21 16:11:00, 24.25, 23.97, 23.79, 61.37, 60.05, 0, 0, 4.23
2019/06/21 16:12:00, 24.25, 23.98, 23.78, 61.26, 59.93, 0, 0, 4.23
2019/06/21 16:13:00, 24.25, 23.94, 23.78, 61.22, 59.91, 0, 0, 4.23
2019/06/21 16:14:00, 24.25, 23.98, 23.77, 61.15, 59.84, 0, 0, 4.23
2019/06/21 16:15:00, 24.25, 23.94, 23.79, 61.11, 59.81, 0, 0, 4.23
2019/06/21 16:16:00, 24.25, 23.94, 23.78, 61.01, 59.74, 0, 0, 4.23
2019/06/21 16:17:00, 24.25, 23.97, 23.78, 60.93, 59.67, 0, 0, 4.23
2019/06/21 16:18:00, 24.25, 23.97, 23.78, 60.95, 59.65, 0, 0, 4.23
2019/06/21 16:19:00, 24.25, 23.95, 23.76, 60.92, 59.62, 0, 0, 4.23
2019/06/21 16:20:00, 24.25, 23.98, 23.78, 60.86, 59.56, 0, 0, 4.23
2019/06/21 16:21:00, 24.25, 23.97, 23.79, 60.84, 59.55, 0, 0, 4.23
2019/06/21 16:22:00, 24.25, 23.97, 23.77, 60.81, 59.49, 0, 0, 4.23
2019/06/21 16:23:00, 24.25, 23.95, 23.79, 60.80, 59.47, 0, 0, 4.23
2019/06/21 16:24:00, 24.25, 23.97, 23.81, 60.80, 59.45, 0, 0, 4.23
2019/06/21 16:25:00, 24.25, 23.98, 23.80, 60.72, 59.39, 0, 0, 4.23
2019/06/21 16:26:00, 24.25, 23.98, 23.79, 60.70, 59.36, 0, 0, 4.23
2019/06/21 16:27:00, 24.25, 23.97, 23.79, 60.63, 59.34, 0, 0, 4.23
2019/06/21 16:28:00, 24.25, 23.95, 23.79, 60.60, 59.30, 0, 0, 4.23
2019/06/21 16:29:00, 24.25, 23.97, 23.78, 60.53, 59.25, 0, 0, 4.23
2019/06/21 16:30:00, 24.25, 23.98, 23.77, 60.52, 59.24, 0, 0, 4.23
2019/06/21 16:31:00, 24.25, 23.98, 23.78, 60.48, 59.20, 0, 0, 4.23
2019/06/21 16:32:00, 24.25, 23.97, 23.76, 60.41, 59.13, 0, 0, 4.23
2019/06/21 16:33:00, 24.25, 23.95, 23.76, 60.36, 59.10, 0, 0, 4.23
2019/06/21 16:34:00, 24.25, 23.94, 23.75, 60.32, 59.04, 0, 0, 4.23
2019/06/21 16:35:00, 24.25, 23.94, 23.76, 60.27, 58.99, 0, 0, 4.23
2019/06/21 16:36:00, 24.25, 23.95, 23.77, 60.21, 58.95, 0, 0, 4.23
2019/06/21 16:37:00, 24.25, 23.95, 23.75, 60.14, 58.87, 0, 0, 4.23
2019/06/21 16:38:00, 24.25, 23.92, 23.73, 60.03, 58.81, 0, 0, 4.23
2019/06/21 16:39:00, 24.25, 23.95, 23.77, 60.04, 58.74, 0, 0, 4.23
2019/06/21 16:40:00, 24.25, 23.92, 23.76, 59.93, 58.71, 0, 0, 4.23
2019/06/21 16:41:00, 24.25, 23.94, 23.73, 59.89, 58.68, 0, 0, 4.23
2019/06/21 16:42:00, 24.25, 23.94, 23.73, 59.88, 58.67, 0, 0, 4.23
2019/06/21 16:43:00, 24.25, 23.94, 23.75, 59.87, 58.62, 0, 0, 4.23
2019/06/21 16:44:00, 24.25, 23.94, 23.73, 59.78, 58.60, 0, 0, 4.23
2019/06/21 16:45:00, 24.25, 23.95, 23.74, 59.69, 58.49, 0, 0, 4.23
2019/06/21 16:46:00, 24.25, 23.92, 23.73, 59.63, 58.42, 0, 0, 4.23
2019/06/21 16:47:00, 24.25, 23.92, 23.75, 59.60, 58.39, 0, 0, 4.23
2019/06/21 16:48:00, 24.25, 23.92, 23.74, 59.54, 58.40, 0, 0, 4.23
2019/06/21 16:49:00, 24.25, 23.94, 23.75, 59.46, 58.29, 0, 0, 4.23
2019/06/21 16:50:00, 24.25, 23.91, 23.73, 59.41, 58.24, 0, 0, 4.23
2019/06/21 16:51:00, 24.25, 23.92, 23.73, 59.40, 58.22, 0, 0, 4.23
2019/06/21 16:52:00, 24.25, 23.92, 23.75, 59.34, 58.16, 0, 0, 4.23
2019/06/21 16:53:00, 24.25, 23.92, 23.73, 59.29, 58.12, 0, 0, 4.23
2019/06/21 16:54:00, 24.25, 23.90, 23.72, 59.19, 58.04, 0, 0, 4.23
2019/06/21 16:55:00, 24.25, 23.90, 23.71, 59.15, 58.02, 0, 0, 4.23
2019/06/21 16:56:00, 24.25, 23.88, 23.73, 59.09, 57.98, 0, 0, 4.23
2019/06/21 16:57:00, 24.25, 23.90, 23.72, 59.12, 57.95, 0, 0, 4.23
2019/06/21 16:58:00, 24.25, 23.90, 23.72, 59.08, 57.90, 0, 0, 4.23
2019/06/21 16:59:00, 24.25, 23.88, 23.71, 58.97, 57.88, 0, 0, 4.23
2019/06/21 17:00:00, 24.25, 23.90, 23.69, 58.93, 57.82, 0, 0, 4.23
2019/06/21 17:01:00, 24.25, 23.90, 23.69, 58.87, 57.75, 0, 0, 4.23
2019/06/21 17:02:00, 24.25, 23.88, 23.69, 58.83, 57.73, 0, 0, 4.23
2019/06/21 17:03:00, 24.25, 23.88, 23.69, 58.77, 57.68, 0, 0, 4.23
2019/06/21 17:04:00, 24.25, 23.88, 23.68, 58.69, 57.62, 0, 0, 4.23
2019/06/21 17:05:00, 24.00, 23.85, 23.68, 58.65, 57.56, 0, 0, 4.23
2019/06/21 17:06:00, 24.25, 23.87, 23.68, 58.65, 57.52, 0, 0, 4.23
2019/06/21 17:07:00, 24.25, 23.87, 23.66, 58.60, 57.49, 0, 0, 4.23
2019/06/21 17:08:00, 24.00, 23.88, 23.69, 58.56, 57.46, 0, 0, 4.23
2019/06/21 17:09:00, 24.25, 23.88, 23.68, 58.47, 57.42, 0, 0, 4.23
2019/06/21 17:10:00, 24.25, 23.87, 23.68, 58.44, 57.36, 0, 0, 4.23
2019/06/21 17:11:00, 24.00, 23.88, 23.68, 58.40, 57.33, 0, 0, 4.23
2019/06/21 17:12:00, 24.00, 23.88, 23.67, 58.31, 57.29, 0, 0, 4.23
2019/06/21 17:13:00, 24.00, 23.87, 23.71, 58.31, 57.24, 0, 0, 4.23
2019/06/21 17:14:00, 24.00, 23.87, 23.68, 58.28, 57.21, 0, 0, 4.23
2019/06/21 17:15:00, 24.00, 23.85, 23.67, 58.22, 57.17, 0, 0, 4.23
2019/06/21 17:16:00, 24.00, 23.85, 23.68, 58.18, 57.12, 0, 0, 4.23
2019/06/21 17:17:00, 24.00, 23.87, 23.66, 58.11, 57.04, 0, 0, 4.23
2019/06/21 17:18:00, 24.00, 23.85, 23.66, 58.11, 57.05, 0, 0, 4.23
2019/06/21 17:19:00, 24.00, 23.85, 23.66, 58.03, 56.95, 0, 0, 4.23
2019/06/21 17:20:00, 24.00, 23.85, 23.66, 58.01, 56.95, 0, 0, 4.23
2019/06/21 17:21:00, 24.00, 23.87, 23.66, 57.94, 56.91, 0, 0, 4.23
2019/06/21 17:22:00, 24.00, 23.83, 23.64, 57.93, 56.87, 0, 0, 4.23
2019/06/21 17:23:00, 24.00, 23.85, 23.67, 57.83, 56.79, 0, 0, 4.23
2019/06/21 17:24:00, 24.00, 23.85, 23.65, 57.83, 56.77, 0, 0, 4.23
2019/06/21 17:25:00, 24.00, 23.84, 23.64, 57.74, 56.74, 0, 0, 4.23
2019/06/21 17:26:00, 24.00, 23.85, 23.63, 57.72, 56.71, 0, 0, 4.23
2019/06/21 17:27:00, 24.00, 23.83, 23.61, 57.61, 56.65, 0, 0, 4.23
2019/06/21 17:28:00, 24.00, 23.85, 23.65, 57.60, 56.59, 0, 0, 4.23
2019/06/21 17:29:00, 24.00, 23.84, 23.66, 57.56, 56.56, 0, 0, 4.23
2019/06/21 17:30:00, 24.00, 23.85, 23.66, 57.53, 56.50, 0, 0, 4.23
2019/06/21 17:31:00, 24.00, 23.85, 23.66, 57.48, 56.47, 0, 0, 4.23
2019/06/21 17:32:00, 24.00, 23.83, 23.64, 57.43, 56.43, 0, 0, 4.23
2019/06/21 17:33:00, 24.00, 23.84, 23.65, 57.39, 56.40, 0, 0, 4.23
2019/06/21 17:34:00, 24.00, 23.83, 23.63, 57.38, 56.35, 0, 0, 4.23
2019/06/21 17:35:00, 24.00, 23.81, 23.63, 57.31, 56.33, 0, 0, 4.23
2019/06/21 17:36:00, 24.00, 23.81, 23.64, 57.30, 56.31, 0, 0, 4.23
2019/06/21 17:37:00, 24.00, 23.83, 23.62, 57.24, 56.26, 0, 0, 4.23
2019/06/21 17:38:00, 24.00, 23.81, 23.62, 57.26, 56.24, 0, 0, 4.23
2019/06/21 17:39:00, 24.00, 23.83, 23.64, 57.19, 56.21, 0, 0, 4.23
2019/06/21 17:40:00, 24.00, 23.83, 23.63, 57.16, 56.21, 0, 0, 4.23
2019/06/21 17:41:00, 24.00, 23.80, 23.63, 57.09, 56.14, 0, 0, 4.23
2019/06/21 17:42:00, 24.00, 23.83, 23.63, 57.06, 56.08, 0, 0, 4.23
2019/06/21 17:43:00, 24.00, 23.81, 23.64, 57.01, 56.05, 0, 0, 4.23
2019/06/21 17:44:00, 24.00, 23.84, 23.64, 56.98, 56.02, 0, 0, 4.23
2019/06/21 17:45:00, 24.00, 23.84, 23.64, 56.91, 55.95, 0, 0, 4.23
2019/06/21 17:46:00, 24.00, 23.81, 23.62, 56.90, 55.94, 0, 0, 4.23
2019/06/21 17:47:00, 24.00, 23.81, 23.62, 56.85, 55.92, 0, 0, 4.23
2019/06/21 17:48:00, 24.00, 23.81, 23.63, 56.82, 55.88, 0, 0, 4.23
2019/06/21 17:49:00, 24.00, 23.80, 23.63, 56.76, 55.81, 0, 0, 4.23
2019/06/21 17:50:00, 24.00, 23.81, 23.62, 56.72, 55.79, 0, 0, 4.23
2019/06/21 17:51:00, 24.00, 23.81, 23.61, 56.66, 55.73, 0, 0, 4.23
2019/06/21 17:52:00, 24.00, 23.83, 23.61, 56.65, 55.71, 0, 0, 4.23
2019/06/21 17:53:00, 24.00, 23.80, 23.62, 56.59, 55.64, 0, 0, 4.23
2019/06/21 17:54:00, 24.00, 23.80, 23.61, 56.52, 55.61, 0, 0, 4.23
2019/06/21 17:55:00, 24.00, 23.81, 23.62, 56.47, 55.58, 0, 0, 4.23
2019/06/21 17:56:00, 24.00, 23.81, 23.61, 56.50, 55.54, 0, 0, 4.23
2019/06/21 17:57:00, 24.00, 23.79, 23.61, 56.41, 55.50, 0, 0, 4.23
2019/06/21 17:58:00, 24.00, 23.80, 23.63, 56.35, 55.44, 0, 0, 4.23
2019/06/21 17:59:00, 24.00, 23.81, 23.64, 56.29, 55.39, 0, 0, 4.23
2019/06/21 18:00:00, 24.00, 23.80, 23.63, 56.27, 55.36, 0, 0, 4.23
2019/06/21 18:01:00, 24.00, 23.81, 23.61, 56.20, 55.30, 0, 0, 4.23
2019/06/21 18:02:00, 24.00, 23.81, 23.61, 56.14, 55.24, 0, 0, 4.23
2019/06/21 18:03:00, 24.00, 23.80, 23.61, 56.07, 55.21, 0, 0, 4.23
2019/06/21 18:04:00, 24.00, 23.80, 23.61, 56.10, 55.20, 0, 0, 4.23
2019/06/21 18:05:00, 24.00, 23.80, 23.61, 56.06, 55.17, 0, 0, 4.23
2019/06/21 18:06:00, 24.00, 23.84, 23.65, 56.04, 55.13, 0, 0, 4.23
2019/06/21 18:07:00, 24.00, 23.84, 23.62, 55.97, 55.11, 0, 0, 4.23
2019/06/21 18:08:00, 24.00, 23.81, 23.63, 55.89, 55.04, 0, 0, 4.23
2019/06/21 18:09:00, 24.00, 23.80, 23.62, 55.88, 55.01, 0, 0, 4.23
2019/06/21 18:10:00, 24.00, 23.83, 23.63, 55.87, 54.96, 0, 0, 4.23
2019/06/21 18:11:00, 24.00, 23.81, 23.62, 55.87, 54.96, 0, 0, 4.23
2019/06/21 18:12:00, 24.00, 23.81, 23.63, 55.81, 54.94, 0, 0, 4.23
2019/06/21 18:13:00, 24.00, 23.81, 23.63, 55.77, 54.93, 0, 0, 4.23
2019/06/21 18:14:00, 24.00, 23.84, 23.63, 55.78, 54.89, 0, 0, 4.23
2019/06/21 18:15:00, 24.00, 23.84, 23.64, 55.77, 54.89, 0, 0, 4.23
2019/06/21 18:16:00, 24.00, 23.83, 23.64, 55.74, 54.84, 0, 0, 4.23
2019/06/21 18:17:00, 24.00, 23.83, 23.63, 55.69, 54.83, 0, 0, 4.23
2019/06/21 18:18:00, 24.00, 23.84, 23.64, 55.69, 54.80, 0, 0, 4.23
2019/06/21 18:19:00, 24.00, 23.83, 23.65, 55.66, 54.78, 0, 0, 4.23
2019/06/21 18:20:00, 24.00, 23.84, 23.65, 55.61, 54.76, 0, 0, 4.23
2019/06/21 18:21:00, 24.00, 23.84, 23.66, 55.59, 54.75, 0, 0, 4.23
2019/06/21 18:22:00, 24.00, 23.87, 23.67, 55.61, 54.72, 0, 0, 4.23
2019/06/21 18:23:00, 24.00, 23.85, 23.63, 55.57, 54.72, 0, 0, 4.23
2019/06/21 18:24:00, 24.00, 23.85, 23.66, 55.59, 54.73, 0, 0, 4.23
2019/06/21 18:25:00, 24.00, 23.84, 23.66, 55.49, 54.66, 0, 0, 4.23
2019/06/21 18:26:00, 24.00, 23.85, 23.65, 55.55, 54.68, 0, 0, 4.23
2019/06/21 18:27:00, 24.00, 23.85, 23.66, 55.52, 54.65, 0, 0, 4.23
2019/06/21 18:28:00, 24.00, 23.85, 23.66, 55.53, 54.65, 0, 0, 4.23
2019/06/21 18:29:00, 24.00, 23.87, 23.66, 55.51, 54.62, 0, 0, 4.23
2019/06/21 18:30:00, 24.00, 23.85, 23.67, 55.43, 54.60, 0, 0, 4.23
2019/06/21 18:31:00, 24.00, 23.87, 23.65, 55.45, 54.60, 0, 0, 4.23
2019/06/21 18:32:00, 24.00, 23.85, 23.66, 55.48, 54.58, 0, 0, 4.23
2019/06/21 18:33:00, 24.00, 23.88, 23.66, 55.47, 54.58, 0, 0, 4.23
2019/06/21 18:34:00, 24.00, 23.88, 23.67, 55.42, 54.56, 0, 0, 4.23
2019/06/21 18:35:00, 24.00, 23.90, 23.68, 55.39, 54.53, 0, 0, 4.23
2019/06/21 18:36:00, 24.00, 23.87, 23.68, 55.40, 54.52, 0, 0, 4.23
2019/06/21 18:37:00, 24.00, 23.87, 23.66, 55.39, 54.53, 0, 0, 4.23
2019/06/21 18:38:00, 24.00, 23.90, 23.66, 55.36, 54.50, 0, 0, 4.23
2019/06/21 18:39:00, 24.00, 23.87, 23.66, 55.34, 54.44, 0, 0, 4.23
2019/06/21 18:40:00, 24.00, 23.88, 23.66, 55.28, 54.44, 0, 0, 4.23
2019/06/21 18:41:00, 24.00, 23.88, 23.69, 55.26, 54.44, 0, 0, 4.23
2019/06/21 18:42:00, 24.00, 23.87, 23.67, 55.24, 54.39, 0, 0, 4.23
2019/06/21 18:43:00, 24.00, 23.84, 23.66, 55.25, 54.38, 0, 0, 4.23
2019/06/21 18:44:00, 24.00, 23.85, 23.68, 55.23, 54.37, 0, 0, 4.23
2019/06/21 18:45:00, 24.00, 23.85, 23.66, 55.20, 54.36, 0, 0, 4.23
2019/06/21 18:46:00, 24.00, 23.85, 23.67, 55.15, 54.34, 0, 0, 4.23
2019/06/21 18:47:00, 24.00, 23.85, 23.66, 55.14, 54.31, 0, 0, 4.23
2019/06/21 18:48:00, 24.00, 23.85, 23.66, 55.14, 54.27, 0, 0, 4.23
2019/06/21 18:49:00, 24.00, 23.85, 23.67, 55.15, 54.29, 0, 0, 4.23
2019/06/21 18:50:00, 24.00, 23.85, 23.69, 55.11, 54.28, 0, 0, 4.23
2019/06/21 18:51:00, 24.00, 23.85, 23.67, 55.09, 54.24, 0, 0, 4.23
2019/06/21 18:52:00, 24.00, 23.85, 23.67, 55.07, 54.24, 0, 0, 4.23
2019/06/21 18:53:00, 24.00, 23.87, 23.67, 55.02, 54.20, 0, 0, 4.23
2019/06/21 18:54:00, 24.00, 23.87, 23.68, 55.01, 54.15, 0, 0, 4.23
2019/06/21 18:55:00, 24.00, 23.87, 23.66, 54.94, 54.12, 0, 0, 4.23
2019/06/21 18:56:00, 24.00, 23.85, 23.66, 54.97, 54.10, 0, 0, 4.23
2019/06/21 18:57:00, 24.00, 23.87, 23.67, 54.93, 54.09, 0, 0, 4.23
2019/06/21 18:58:00, 24.00, 23.87, 23.67, 54.92, 54.10, 0, 0, 4.23
2019/06/21 18:59:00, 24.00, 23.87, 23.67, 54.90, 54.08, 0, 0, 4.23
2019/06/21 19:00:00, 24.00, 23.87, 23.67, 54.85, 54.05, 0, 0, 4.23
2019/06/21 19:01:00, 24.00, 23.85, 23.67, 54.85, 54.02, 0, 0, 4.23
2019/06/21 19:02:00, 24.00, 23.84, 23.66, 54.86, 54.04, 0, 0, 4.23
2019/06/21 19:03:00, 24.00, 23.85, 23.68, 54.84, 54.02, 0, 0, 4.23
2019/06/21 19:04:00, 24.00, 23.84, 23.68, 54.83, 53.99, 0, 0, 4.23
2019/06/21 19:05:00, 24.00, 23.85, 23.66, 54.77, 53.95, 0, 0, 4.23
2019/06/21 19:06:00, 24.00, 23.85, 23.66, 54.72, 53.93, 0, 0, 4.23
2019/06/21 19:07:00, 24.00, 23.85, 23.65, 54.72, 53.93, 0, 0, 4.23
2019/06/21 19:08:00, 24.00, 23.88, 23.66, 54.73, 53.92, 0, 0, 4.23
2019/06/21 19:09:00, 24.00, 23.84, 23.68, 54.72, 53.88, 0, 0, 4.23
2019/06/21 19:10:00, 24.00, 23.84, 23.68, 54.66, 53.86, 0, 0, 4.23
2019/06/21 19:11:00, 24.00, 23.85, 23.65, 54.66, 53.86, 0, 0, 4.23
2019/06/21 19:12:00, 24.00, 23.87, 23.66, 54.68, 53.82, 0, 0, 4.23
2019/06/21 19:13:00, 24.00, 23.85, 23.65, 54.56, 53.79, 0, 0, 4.23
2019/06/21 19:14:00, 24.00, 23.85, 23.64, 54.55, 53.79, 0, 0, 4.23
2019/06/21 19:15:00, 24.00, 23.87, 23.66, 54.57, 53.76, 0, 0, 4.23
2019/06/21 19:16:00, 24.00, 23.87, 23.64, 54.54, 53.73, 0, 0, 4.23
2019/06/21 19:17:00, 24.00, 23.84, 23.65, 54.54, 53.74, 0, 0, 4.23
2019/06/21 19:18:00, 24.00, 23.84, 23.67, 54.51, 53.71, 0, 0, 4.23
2019/06/21 19:19:00, 24.00, 23.85, 23.66, 54.45, 53.67, 0, 0, 4.23
2019/06/21 19:20:00, 24.00, 23.85, 23.65, 54.42, 53.63, 0, 0, 4.23
2019/06/21 19:21:00, 24.00, 23.83, 23.64, 54.45, 53.66, 0, 0, 4.23
2019/06/21 19:22:00, 24.00, 23.85, 23.63, 54.37, 53.58, 0, 0, 4.23
2019/06/21 19:23:00, 24.00, 23.85, 23.65, 54.33, 53.56, 0, 0, 4.23
2019/06/21 19:24:00, 24.00, 23.83, 23.65, 54.35, 53.53, 0, 0, 4.23
2019/06/21 19:25:00, 24.00, 23.85, 23.63, 54.32, 53.57, 0, 0, 4.23
2019/06/21 19:26:00, 24.00, 23.84, 23.64, 54.28, 53.52, 0, 0, 4.23
2019/06/21 19:27:00, 24.00, 23.83, 23.64, 54.28, 53.52, 0, 0, 4.23
2019/06/21 19:28:00, 24.00, 23.83, 23.62, 54.23, 53.50, 0, 0, 4.23
2019/06/21 19:29:00, 24.00, 23.81, 23.63, 54.25, 53.47, 0, 0, 4.23
2019/06/21 19:30:00, 24.00, 23.81, 23.62, 54.21, 53.45, 0, 0, 4.23
2019/06/21 19:31:00, 24.00, 23.83, 23.63, 54.19, 53.42, 0, 0, 4.23
2019/06/21 19:32:00, 24.00, 23.83, 23.62, 54.14, 53.36, 0, 0, 4.23
2019/06/21 19:33:00, 24.00, 23.81, 23.62, 54.12, 53.36, 0, 0, 4.23
2019/06/21 19:34:00, 24.00, 23.83, 23.61, 54.08, 53.34, 0, 0, 4.23
2019/06/21 19:35:00, 24.00, 23.81, 23.61, 54.15, 53.37, 0, 0, 4.23
2019/06/21 19:36:00, 24.00, 23.81, 23.61, 54.07, 53.34, 0, 0, 4.23
2019/06/21 19:37:00, 24.00, 23.83, 23.61, 54.05, 53.30, 0, 0, 4.23
2019/06/21 19:38:00, 24.00, 23.81, 23.61, 54.05, 53.28, 0, 0, 4.23
2019/06/21 19:39:00, 24.00, 23.81, 23.61, 54.00, 53.27, 0, 0, 4.23
2019/06/21 19:40:00, 24.00, 23.81, 23.61, 54.01, 53.25, 0, 0, 4.23
2019/06/21 19:41:00, 24.00, 23.83, 23.60, 53.99, 53.25, 0, 0, 4.23
2019/06/21 19:42:00, 24.00, 23.80, 23.62, 53.93, 53.18, 0, 0, 4.23
2019/06/21 19:43:00, 24.00, 23.79, 23.61, 53.87, 53.16, 0, 0, 4.23
2019/06/21 19:44:00, 24.00, 23.81, 23.60, 53.89, 53.15, 0, 0, 4.23
2019/06/21 19:45:00, 24.00, 23.79, 23.58, 53.88, 53.12, 0, 0, 4.23
2019/06/21 19:46:00, 24.00, 23.80, 23.57, 53.88, 53.12, 0, 0, 4.23
2019/06/21 19:47:00, 24.00, 23.79, 23.60, 53.86, 53.13, 0, 0, 4.23
2019/06/21 19:48:00, 24.00, 23.79, 23.59, 53.84, 53.12, 0, 0, 4.23
2019/06/21 19:49:00, 24.00, 23.79, 23.58, 53.84, 53.08, 0, 0, 4.23
2019/06/21 19:50:00, 24.00, 23.77, 23.57, 53.79, 53.06, 0, 0, 4.23
2019/06/21 19:51:00, 24.00, 23.79, 23.58, 53.79, 53.05, 0, 0, 4.23
2019/06/21 19:52:00, 24.00, 23.79, 23.60, 53.75, 53.01, 0, 0, 4.23
2019/06/21 19:53:00, 24.00, 23.79, 23.58, 53.73, 53.01, 0, 0, 4.23
2019/06/21 19:54:00, 24.00, 23.76, 23.57, 53.73, 52.99, 0, 0, 4.23
2019/06/21 19:55:00, 24.00, 23.77, 23.58, 53.69, 52.95, 0, 0, 4.23
2019/06/21 19:56:00, 24.00, 23.77, 23.59, 53.66, 52.94, 0, 0, 4.23
2019/06/21 19:57:00, 24.00, 23.76, 23.54, 53.63, 52.91, 0, 0, 4.23
2019/06/21 19:58:00, 24.00, 23.79, 23.58, 53.67, 52.91, 0, 0, 4.23
2019/06/21 19:59:00, 24.00, 23.74, 23.54, 53.64, 52.86, 0, 0, 4.23
2019/06/21 20:00:00, 24.00, 23.76, 23.56, 53.66, 52.89, 0, 0, 4.23
2019/06/21 20:01:00, 24.00, 23.79, 23.56, 53.56, 52.83, 0, 0, 4.23
2019/06/21 20:02:00, 24.00, 23.77, 23.56, 53.55, 52.86, 0, 0, 4.23
2019/06/21 20:03:00, 24.00, 23.77, 23.57, 53.55, 52.82, 0, 0, 4.23
2019/06/21 20:04:00, 24.00, 23.77, 23.57, 53.50, 52.79, 0, 0, 4.23
2019/06/21 20:05:00, 24.00, 23.77, 23.54, 53.45, 52.72, 0, 0, 4.23
2019/06/21 20:06:00, 24.00, 23.77, 23.54, 53.42, 52.70, 0, 0, 4.23
2019/06/21 20:07:00, 24.00, 23.74, 23.57, 53.43, 52.73, 0, 0, 4.23
2019/06/21 20:08:00, 24.00, 23.73, 23.56, 53.43, 52.69, 0, 0, 4.23
2019/06/21 20:09:00, 24.00, 23.76, 23.54, 53.33, 52.64, 0, 0, 4.23
2019/06/21 20:10:00, 24.00, 23.76, 23.53, 53.44, 52.64, 0, 0, 4.23
2019/06/21 20:11:00, 24.00, 23.74, 23.57, 53.35, 52.65, 0, 0, 4.23
2019/06/21 20:12:00, 24.00, 23.74, 23.53, 53.36, 52.61, 0, 0, 4.23
2019/06/21 20:13:00, 24.00, 23.76, 23.54, 53.27, 52.58, 0, 0, 4.23
2019/06/21 20:14:00, 24.00, 23.74, 23.53, 53.23, 52.52, 0, 0, 4.23
2019/06/21 20:15:00, 24.00, 23.71, 23.52, 53.25, 52.53, 0, 0, 4.23
2019/06/21 20:16:00, 24.00, 23.73, 23.54, 53.20, 52.47, 0, 0, 4.23
2019/06/21 20:17:00, 24.00, 23.73, 23.51, 53.19, 52.47, 0, 0, 4.23
2019/06/21 20:18:00, 24.00, 23.76, 23.53, 53.18, 52.47, 0, 0, 4.23
2019/06/21 20:19:00, 24.00, 23.71, 23.51, 53.18, 52.47, 0, 0, 4.23
2019/06/21 20:20:00, 24.00, 23.73, 23.54, 53.14, 52.44, 0, 0, 4.23
2019/06/21 20:21:00, 24.00, 23.71, 23.52, 53.14, 52.41, 0, 0, 4.23
2019/06/21 20:22:00, 24.00, 23.71, 23.51, 53.10, 52.38, 0, 0, 4.23
2019/06/21 20:23:00, 24.00, 23.73, 23.50, 53.06, 52.38, 0, 0, 4.23
2019/06/21 20:24:00, 24.00, 23.68, 23.49, 53.06, 52.37, 0, 0, 4.23
2019/06/21 20:25:00, 24.00, 23.70, 23.49, 53.09, 52.34, 0, 0, 4.23
2019/06/21 20:26:00, 24.00, 23.70, 23.49, 53.03, 52.31, 0, 0, 4.23
2019/06/21 20:27:00, 24.00, 23.71, 23.50, 52.99, 52.29, 0, 0, 4.23
2019/06/21 20:28:00, 24.00, 23.70, 23.50, 52.95, 52.28, 0, 0, 4.23
2019/06/21 20:29:00, 24.00, 23.70, 23.50, 52.89, 52.23, 0, 0, 4.23
2019/06/21 20:30:00, 24.00, 23.68, 23.48, 52.95, 52.23, 0, 0, 4.23
2019/06/21 20:31:00, 24.00, 23.70, 23.48, 52.92, 52.20, 0, 0, 4.23
2019/06/21 20:32:00, 24.00, 23.70, 23.49, 52.89, 52.20, 0, 0, 4.23
2019/06/21 20:33:00, 24.00, 23.67, 23.48, 52.90, 52.18, 0, 0, 4.23
2019/06/21 20:34:00, 24.00, 23.68, 23.47, 52.83, 52.15, 0, 0, 4.23
2019/06/21 20:35:00, 24.00, 23.68, 23.47, 52.79, 52.09, 0, 0, 4.23
2019/06/21 20:36:00, 24.00, 23.67, 23.47, 52.82, 52.11, 0, 0, 4.23
2019/06/21 20:37:00, 24.00, 23.67, 23.48, 52.79, 52.08, 0, 0, 4.23
2019/06/21 20:38:00, 24.00, 23.68, 23.48, 52.80, 52.10, 0, 0, 4.23
2019/06/21 20:39:00, 24.00, 23.67, 23.47, 52.75, 52.05, 0, 0, 4.23
2019/06/21 20:40:00, 24.00, 23.67, 23.47, 52.72, 52.01, 0, 0, 4.23
2019/06/21 20:41:00, 24.00, 23.65, 23.44, 52.67, 51.99, 0, 0, 4.23
2019/06/21 20:42:00, 24.00, 23.68, 23.47, 52.65, 51.98, 0, 0, 4.23
2019/06/21 20:43:00, 24.00, 23.67, 23.46, 52.67, 51.98, 0, 0, 4.23
2019/06/21 20:44:00, 24.00, 23.67, 23.44, 52.65, 51.94, 0, 0, 4.23
2019/06/21 20:45:00, 24.00, 23.67, 23.45, 52.60, 51.90, 0, 0, 4.23
2019/06/21 20:46:00, 24.00, 23.67, 23.46, 52.59, 51.92, 0, 0, 4.23
2019/06/21 20:47:00, 24.00, 23.64, 23.44, 52.59, 51.90, 0, 0, 4.23
2019/06/21 20:48:00, 24.00, 23.64, 23.45, 52.53, 51.86, 0, 0, 4.23
2019/06/21 20:49:00, 24.00, 23.65, 23.44, 52.55, 51.84, 0, 0, 4.23
2019/06/21 20:50:00, 24.00, 23.65, 23.44, 52.54, 51.83, 0, 0, 4.23
2019/06/21 20:51:00, 24.00, 23.65, 23.43, 52.47, 51.80, 0, 0, 4.23
2019/06/21 20:52:00, 24.00, 23.67, 23.45, 52.45, 51.80, 0, 0, 4.23
2019/06/21 20:53:00, 24.00, 23.64, 23.47, 52.41, 51.76, 0, 0, 4.23
2019/06/21 20:54:00, 24.00, 23.64, 23.45, 52.43, 51.75, 0, 0, 4.23
2019/06/21 20:55:00, 24.00, 23.63, 23.47, 52.38, 51.68, 0, 0, 4.23
2019/06/21 20:56:00, 24.00, 23.63, 23.46, 52.34, 51.67, 0, 0, 4.23
2019/06/21 20:57:00, 24.00, 23.61, 23.43, 52.27, 51.62, 0, 0, 4.23
2019/06/21 20:58:00, 24.00, 23.64, 23.44, 52.27, 51.58, 0, 0, 4.23
2019/06/21 20:59:00, 24.00, 23.63, 23.44, 52.28, 51.60, 0, 0, 4.23
2019/06/21 21:00:00, 24.00, 23.63, 23.45, 52.23, 51.56, 0, 0, 4.23
2019/06/21 21:01:00, 24.00, 23.64, 23.41, 52.27, 51.55, 0, 0, 4.23
2019/06/21 21:02:00, 24.00, 23.61, 23.41, 52.21, 51.52, 0, 0, 4.23
2019/06/21 21:03:00, 24.00, 23.63, 23.42, 52.14, 51.50, 0, 0, 4.23
2019/06/21 21:04:00, 24.00, 23.61, 23.43, 52.09, 51.47, 0, 0, 4.23
2019/06/21 21:05:00, 24.00, 23.63, 23.42, 52.08, 51.41, 0, 0, 4.23
2019/06/21 21:06:00, 24.00, 23.61, 23.43, 52.03, 51.38, 0, 0, 4.23
2019/06/21 21:07:00, 24.00, 23.61, 23.41, 52.00, 51.35, 0, 0, 4.23
2019/06/21 21:08:00, 24.00, 23.61, 23.42, 51.96, 51.31, 0, 0, 4.23
2019/06/21 21:09:00, 24.00, 23.59, 23.41, 51.94, 51.29, 0, 0, 4.23
2019/06/21 21:10:00, 24.00, 23.60, 23.41, 51.89, 51.27, 0, 0, 4.23
2019/06/21 21:11:00, 24.00, 23.60, 23.42, 51.85, 51.22, 0, 0, 4.23
2019/06/21 21:12:00, 24.00, 23.59, 23.41, 51.82, 51.20, 0, 0, 4.23
2019/06/21 21:13:00, 24.00, 23.59, 23.38, 51.76, 51.12, 0, 0, 4.23
2019/06/21 21:14:00, 24.00, 23.60, 23.39, 51.74, 51.10, 0, 0, 4.23
2019/06/21 21:15:00, 23.75, 23.61, 23.37, 51.67, 51.06, 0, 0, 4.23
2019/06/21 21:16:00, 24.00, 23.60, 23.38, 51.66, 51.04, 0, 0, 4.23
2019/06/21 21:17:00, 24.00, 23.59, 23.38, 51.63, 51.02, 0, 0, 4.23
2019/06/21 21:18:00, 23.75, 23.59, 23.41, 51.56, 50.95, 0, 0, 4.23
2019/06/21 21:19:00, 24.00, 23.60, 23.38, 51.54, 50.93, 0, 0, 4.23
2019/06/21 21:20:00, 23.75, 23.59, 23.39, 51.51, 50.90, 0, 0, 4.23
2019/06/21 21:21:00, 23.75, 23.60, 23.39, 51.47, 50.83, 0, 0, 4.23
2019/06/21 21:22:00, 23.75, 23.57, 23.41, 51.43, 50.80, 0, 0, 4.23
2019/06/21 21:23:00, 23.75, 23.60, 23.38, 51.39, 50.78, 0, 0, 4.23
2019/06/21 21:24:00, 23.75, 23.57, 23.37, 51.36, 50.78, 0, 0, 4.23
2019/06/21 21:25:00, 23.75, 23.57, 23.38, 51.30, 50.72, 0, 0, 4.23
2019/06/21 21:26:00, 23.75, 23.60, 23.38, 51.29, 50.70, 0, 0, 4.23
2019/06/21 21:27:00, 23.75, 23.57, 23.37, 51.25, 50.65, 0, 0, 4.23
2019/06/21 21:28:00, 23.75, 23.57, 23.37, 51.22, 50.64, 0, 0, 4.23
2019/06/21 21:29:00, 23.75, 23.57, 23.37, 51.12, 50.57, 0, 0, 4.23
2019/06/21 21:30:00, 23.75, 23.59, 23.38, 51.12, 50.54, 0, 0, 4.23
2019/06/21 21:31:00, 23.75, 23.57, 23.38, 51.07, 50.48, 0, 0, 4.23
2019/06/21 21:32:00, 23.75, 23.59, 23.38, 50.98, 50.47, 0, 0, 4.23
2019/06/21 21:33:00, 23.75, 23.59, 23.37, 50.98, 50.44, 0, 0, 4.23
2019/06/21 21:34:00, 23.75, 23.57, 23.38, 50.98, 50.40, 0, 0, 4.23
2019/06/21 21:35:00, 23.75, 23.57, 23.37, 50.89, 50.34, 0, 0, 4.23
2019/06/21 21:36:00, 23.75, 23.57, 23.35, 50.89, 50.32, 0, 0, 4.23
2019/06/21 21:37:00, 23.75, 23.59, 23.36, 50.86, 50.29, 0, 0, 4.23
2019/06/21 21:38:00, 23.75, 23.57, 23.36, 50.79, 50.25, 0, 0, 4.23
2019/06/21 21:39:00, 23.75, 23.56, 23.35, 50.84, 50.25, 0, 0, 4.23
2019/06/21 21:40:00, 23.75, 23.57, 23.35, 50.73, 50.22, 0, 0, 4.23
2019/06/21 21:41:00, 23.75, 23.57, 23.37, 50.67, 50.15, 0, 0, 4.23
2019/06/21 21:42:00, 23.75, 23.56, 23.35, 50.65, 50.15, 0, 0, 4.23
2019/06/21 21:43:00, 23.75, 23.57, 23.36, 50.64, 50.11, 0, 0, 4.23
2019/06/21 21:44:00, 23.75, 23.54, 23.34, 50.58, 50.04, 0, 0, 4.23
2019/06/21 21:45:00, 23.75, 23.56, 23.35, 50.54, 50.03, 0, 0, 4.23
2019/06/21 21:46:00, 23.75, 23.57, 23.35, 50.53, 50.00, 0, 0, 4.23
2019/06/21 21:47:00, 23.75, 23.54, 23.33, 50.41, 49.93, 0, 0, 4.23
2019/06/21 21:48:00, 23.75, 23.56, 23.33, 50.47, 49.91, 0, 0, 4.23
2019/06/21 21:49:00, 23.75, 23.56, 23.32, 50.38, 49.86, 0, 0, 4.23
2019/06/21 21:50:00, 23.75, 23.56, 23.32, 50.32, 49.85, 0, 0, 4.23
2019/06/21 21:51:00, 23.75, 23.56, 23.35, 50.28, 49.80, 0, 0, 4.23
2019/06/21 21:52:00, 23.75, 23.53, 23.34, 50.21, 49.74, 0, 0, 4.23
2019/06/21 21:53:00, 23.75, 23.54, 23.32, 50.17, 49.70, 0, 0, 4.23
2019/06/21 21:54:00, 23.75, 23.53, 23.33, 50.15, 49.64, 0, 0, 4.23
2019/06/21 21:55:00, 23.75, 23.53, 23.32, 50.10, 49.61, 0, 0, 4.23
2019/06/21 21:56:00, 23.75, 23.53, 23.32, 50.06, 49.58, 0, 0, 4.23
2019/06/21 21:57:00, 23.75, 23.53, 23.34, 50.02, 49.61, 0, 0, 4.23
2019/06/21 21:58:00, 23.75, 23.53, 23.34, 50.01, 49.55, 0, 0, 4.23
2019/06/21 21:59:00, 23.75, 23.54, 23.34, 49.98, 49.51, 0, 0, 4.23
2019/06/21 22:00:00, 23.75, 23.57, 23.35, 49.83, 49.41, 0, 0, 4.23
2019/06/21 22:01:00, 23.75, 23.56, 23.35, 49.76, 49.31, 0, 0, 4.23
2019/06/21 22:02:00, 23.75, 23.57, 23.36, 49.72, 49.25, 0, 0, 4.23
2019/06/21 22:03:00, 23.75, 23.57, 23.37, 49.73, 49.24, 0, 0, 4.23
2019/06/21 22:04:00, 23.75, 23.59, 23.37, 49.63, 49.19, 0, 0, 4.23
2019/06/21 22:05:00, 23.75, 23.57, 23.39, 49.61, 49.17, 0, 0, 4.23
2019/06/21 22:06:00, 23.75, 23.59, 23.36, 49.57, 49.15, 0, 0, 4.23
2019/06/21 22:07:00, 23.75, 23.60, 23.41, 49.54, 49.09, 0, 0, 4.23
2019/06/21 22:08:00, 23.75, 23.60, 23.39, 49.49, 49.06, 0, 0, 4.23
2019/06/21 22:09:00, 23.75, 23.63, 23.41, 49.43, 49.03, 0, 0, 4.23
2019/06/21 22:10:00, 23.75, 23.61, 23.42, 49.42, 49.00, 0, 0, 4.23
2019/06/21 22:11:00, 23.75, 23.60, 23.41, 49.41, 48.96, 0, 0, 4.23
2019/06/21 22:12:00, 23.75, 23.60, 23.42, 49.32, 48.87, 0, 0, 4.23
2019/06/21 22:13:00, 23.75, 23.61, 23.42, 49.23, 48.85, 0, 0, 4.23
2019/06/21 22:14:00, 23.75, 23.61, 23.41, 49.20, 48.80, 0, 0, 4.23
2019/06/21 22:15:00, 23.75, 23.61, 23.41, 49.14, 48.74, 0, 0, 4.23
2019/06/21 22:16:00, 23.75, 23.63, 23.44, 49.15, 48.71, 0, 0, 4.23
2019/06/21 22:17:00, 23.75, 23.61, 23.43, 49.09, 48.65, 0, 0, 4.23
2019/06/21 22:18:00, 23.75, 23.63, 23.41, 49.01, 48.61, 0, 0, 4.23
2019/06/21 22:19:00, 23.75, 23.63, 23.43, 48.93, 48.56, 0, 0, 4.23
2019/06/21 22:20:00, 23.75, 23.63, 23.42, 48.87, 48.51, 0, 0, 4.23
2019/06/21 22:21:00, 23.75, 23.63, 23.43, 48.78, 48.43, 0, 0, 4.23
2019/06/21 22:22:00, 23.75, 23.63, 23.44, 48.77, 48.38, 0, 0, 4.23
2019/06/21 22:23:00, 23.75, 23.63, 23.44, 48.71, 48.32, 0, 0, 4.23
2019/06/21 22:24:00, 23.75, 23.64, 23.41, 48.69, 48.31, 0, 0, 4.23
2019/06/21 22:25:00, 23.75, 23.64, 23.41, 48.61, 48.26, 0, 0, 4.23
2019/06/21 22:26:00, 23.75, 23.63, 23.43, 48.57, 48.21, 0, 0, 4.23
2019/06/21 22:27:00, 23.75, 23.63, 23.44, 48.47, 48.15, 0, 0, 4.23
2019/06/21 22:28:00, 23.75, 23.65, 23.42, 48.48, 48.08, 0, 0, 4.23
2019/06/21 22:29:00, 23.75, 23.63, 23.45, 48.44, 48.06, 0, 0, 4.23
2019/06/21 22:30:00, 23.75, 23.63, 23.43, 48.39, 48.03, 0, 0, 4.23
2019/06/21 22:31:00, 23.75, 23.61, 23.46, 48.30, 47.96, 0, 0, 4.23
2019/06/21 22:32:00, 23.75, 23.63, 23.41, 48.26, 47.89, 0, 0, 4.23
2019/06/21 22:33:00, 23.75, 23.63, 23.45, 48.19, 47.84, 0, 0, 4.23
2019/06/21 22:34:00, 23.75, 23.64, 23.45, 48.15, 47.81, 0, 0, 4.23
2019/06/21 22:35:00, 23.75, 23.63, 23.42, 48.11, 47.76, 0, 0, 4.23
2019/06/21 22:36:00, 23.75, 23.61, 23.43, 48.09, 47.73, 0, 0, 4.23
2019/06/21 22:37:00, 23.75, 23.64, 23.45, 47.99, 47.68, 0, 0, 4.23
2019/06/21 22:38:00, 23.75, 23.61, 23.43, 47.96, 47.61, 0, 0, 4.23
2019/06/21 22:39:00, 23.75, 23.61, 23.41, 47.89, 47.60, 0, 0, 4.23
2019/06/21 22:40:00, 23.75, 23.61, 23.42, 47.86, 47.52, 0, 0, 4.23
2019/06/21 22:41:00, 23.75, 23.64, 23.43, 47.84, 47.49, 0, 0, 4.23
2019/06/21 22:42:00, 23.75, 23.63, 23.43, 47.77, 47.46, 0, 0, 4.23
2019/06/21 22:43:00, 23.75, 23.63, 23.41, 47.76, 47.42, 0, 0, 4.23
2019/06/21 22:44:00, 23.75, 23.63, 23.41, 47.65, 47.39, 0, 0, 4.23
2019/06/21 22:45:00, 23.75, 23.61, 23.43, 47.69, 47.34, 0, 0, 4.23
2019/06/21 22:46:00, 23.75, 23.64, 23.42, 47.59, 47.29, 0, 0, 4.23
2019/06/21 22:47:00, 23.75, 23.64, 23.42, 47.53, 47.21, 0, 0, 4.23
2019/06/21 22:48:00, 23.75, 23.64, 23.42, 47.48, 47.21, 0, 0, 4.23
2019/06/21 22:49:00, 23.75, 23.63, 23.42, 47.49, 47.19, 0, 0, 4.23
2019/06/21 22:50:00, 23.75, 23.60, 23.42, 47.43, 47.13, 0, 0, 4.23
2019/06/21 22:51:00, 23.75, 23.61, 23.42, 47.43, 47.09, 0, 0, 4.23
2019/06/21 22:52:00, 23.75, 23.63, 23.43, 47.40, 47.07, 0, 0, 4.23
2019/06/21 22:53:00, 23.75, 23.61, 23.41, 47.38, 47.04, 0, 0, 4.23
2019/06/21 22:54:00, 23.75, 23.61, 23.41, 47.30, 47.00, 0, 0, 4.23
2019/06/21 22:55:00, 23.75, 23.63, 23.39, 47.26, 46.98, 0, 0, 4.23
2019/06/21 22:56:00, 23.75, 23.61, 23.41, 47.25, 46.93, 0, 0, 4.23
2019/06/21 22:57:00, 23.75, 23.61, 23.43, 47.26, 46.93, 0, 0, 4.23
2019/06/21 22:58:00, 23.75, 23.61, 23.41, 47.18, 46.89, 0, 0, 4.23
2019/06/21 22:59:00, 23.75, 23.60, 23.39, 47.13, 46.85, 0, 0, 4.23
2019/06/21 23:00:00, 23.75, 23.61, 23.39, 47.16, 46.82, 0, 0, 4.23
2019/06/21 23:01:00, 23.75, 23.59, 23.39, 47.08, 46.81, 0, 0, 4.23
2019/06/21 23:02:00, 23.75, 23.60, 23.41, 47.06, 46.77, 0, 0, 4.23
2019/06/21 23:03:00, 23.75, 23.59, 23.39, 47.01, 46.74, 0, 0, 4.23
2019/06/21 23:04:00, 23.75, 23.60, 23.39, 46.97, 46.70, 0, 0, 4.23
2019/06/21 23:05:00, 23.75, 23.60, 23.38, 46.97, 46.66, 0, 0, 4.23
2019/06/21 23:06:00, 23.75, 23.59, 23.38, 46.96, 46.66, 0, 0, 4.23
2019/06/21 23:07:00, 23.75, 23.59, 23.37, 46.93, 46.64, 0, 0, 4.23
2019/06/21 23:08:00, 23.75, 23.57, 23.35, 46.95, 46.61, 0, 0, 4.23
2019/06/21 23:09:00, 23.75, 23.60, 23.35, 46.90, 46.61, 0, 0, 4.23
2019/06/21 23:10:00, 23.75, 23.57, 23.36, 46.83, 46.56, 0, 0, 4.23
2019/06/21 23:11:00, 23.75, 23.57, 23.37, 46.84, 46.56, 0, 0, 4.23
2019/06/21 23:12:00, 23.75, 23.59, 23.36, 46.81, 46.52, 0, 0, 4.23
2019/06/21 23:13:00, 23.75, 23.59, 23.35, 46.75, 46.49, 0, 0, 4.23
2019/06/21 23:14:00, 23.75, 23.57, 23.36, 46.73, 46.45, 0, 0, 4.23
2019/06/21 23:15:00, 23.75, 23.59, 23.37, 46.77, 46.44, 0, 0, 4.23
2019/06/21 23:16:00, 23.75, 23.57, 23.35, 46.73, 46.43, 0, 0, 4.23
2019/06/21 23:17:00, 23.75, 23.59, 23.36, 46.69, 46.39, 0, 0, 4.23
2019/06/21 23:18:00, 23.75, 23.57, 23.35, 46.63, 46.37, 0, 0, 4.23
2019/06/21 23:19:00, 23.75, 23.54, 23.35, 46.62, 46.33, 0, 0, 4.23
2019/06/21 23:20:00, 23.75, 23.56, 23.35, 46.63, 46.32, 0, 0, 4.23
2019/06/21 23:21:00, 23.75, 23.54, 23.35, 46.62, 46.31, 0, 0, 4.23
2019/06/21 23:22:00, 23.75, 23.56, 23.36, 46.57, 46.28, 0, 0, 4.23
2019/06/21 23:23:00, 23.75, 23.56, 23.33, 46.49, 46.25, 0, 0, 4.23
2019/06/21 23:24:00, 23.75, 23.54, 23.34, 46.46, 46.21, 0, 0, 4.23
2019/06/21 23:25:00, 23.75, 23.54, 23.32, 46.48, 46.24, 0, 0, 4.23
2019/06/21 23:26:00, 23.75, 23.53, 23.34, 46.46, 46.21, 0, 0, 4.23
2019/06/21 23:27:00, 23.75, 23.54, 23.33, 46.46, 46.20, 0, 0, 4.23
2019/06/21 23:28:00, 23.75, 23.54, 23.33, 46.43, 46.17, 0, 0, 4.23
2019/06/21 23:29:00, 23.75, 23.54, 23.32, 46.44, 46.15, 0, 0, 4.23
2019/06/21 23:30:00, 23.75, 23.53, 23.32, 46.46, 46.16, 0, 0, 4.23
2019/06/21 23:31:00, 23.75, 23.53, 23.32, 46.37, 46.13, 0, 0, 4.23
2019/06/21 23:32:00, 23.75, 23.53, 23.32, 46.33, 46.10, 0, 0, 4.23
2019/06/21 23:33:00, 23.75, 23.52, 23.32, 46.37, 46.09, 0, 0, 4.23
2019/06/21 23:34:00, 23.75, 23.54, 23.32, 46.32, 46.06, 0, 0, 4.23
2019/06/21 23:35:00, 23.75, 23.52, 23.32, 46.30, 46.03, 0, 0, 4.23
2019/06/21 23:36:00, 23.75, 23.54, 23.32, 46.27, 46.00, 0, 0, 4.23
2019/06/21 23:37:00, 23.75, 23.53, 23.34, 46.23, 45.97, 0, 0, 4.23
2019/06/21 23:38:00, 23.75, 23.56, 23.32, 46.26, 45.95, 0, 0, 4.23
2019/06/21 23:39:00, 23.75, 23.52, 23.33, 46.21, 45.91, 0, 0, 4.23
2019/06/21 23:40:00, 23.75, 23.52, 23.31, 46.21, 45.92, 0, 0, 4.23
2019/06/21 23:41:00, 23.75, 23.53, 23.32, 46.22, 45.93, 0, 0, 4.23
2019/06/21 23:42:00, 23.75, 23.53, 23.30, 46.18, 45.91, 0, 0, 4.23
2019/06/21 23:43:00, 23.75, 23.53, 23.31, 46.07, 45.83, 0, 0, 4.23
2019/06/21 23:44:00, 23.75, 23.53, 23.31, 46.09, 45.82, 0, 0, 4.23
2019/06/21 23:45:00, 23.75, 23.50, 23.32, 46.04, 45.85, 0, 0, 4.23
2019/06/21 23:46:00, 23.75, 23.52, 23.31, 46.09, 45.83, 0, 0, 4.23
2019/06/21 23:47:00, 23.75, 23.49, 23.28, 46.10, 45.81, 0, 0, 4.23
