Data logger for tempereture and humidity.
Code, design, and soldering by Antti Mikkonen, a.mikkonen@iki.fi, 2019.
Based on open source projects and libraries. See source for details.
/home/ami/src/arduino/promini/logger_v8_ada/logger_v8_ada.ino
UTC time (year/month/date hour:minute:second), T RTC (C), T sht31 (C), T si7021 (C), RH sht31 (-), RH si7021 (-), heaterOn sht31 (bool),  heaterOn si7021 (bool), battery voltage (V)
2019/06/03 00:08:00, 24.25, 23.99, 23.78, 24.18, 23.06, 0, 0, 4.27
2019/06/03 00:09:00, 24.25, 23.99, 23.78, 24.34, 23.12, 0, 0, 4.27
2019/06/03 00:10:00, 24.25, 24.01, 23.78, 24.27, 23.12, 0, 0, 4.27
2019/06/03 00:11:00, 24.25, 23.98, 23.79, 24.33, 23.15, 0, 0, 4.27
2019/06/03 00:12:00, 24.25, 23.99, 23.80, 24.33, 23.12, 0, 0, 4.27
2019/06/03 00:13:00, 24.25, 24.02, 23.81, 24.31, 23.12, 0, 0, 4.27
2019/06/03 00:14:00, 24.25, 24.01, 23.81, 24.22, 23.05, 0, 0, 4.27
2019/06/03 00:15:00, 24.25, 23.98, 23.76, 24.29, 23.06, 0, 0, 4.27
2019/06/03 00:16:00, 24.25, 23.98, 23.76, 24.34, 23.16, 0, 0, 4.27
2019/06/03 00:17:00, 24.25, 23.95, 23.75, 24.31, 23.14, 0, 0, 4.27
2019/06/03 00:18:00, 24.25, 23.94, 23.73, 24.32, 23.14, 0, 0, 4.27
2019/06/03 00:19:00, 24.25, 23.92, 23.72, 24.47, 23.21, 0, 0, 4.27
2019/06/03 00:20:00, 24.25, 23.92, 23.69, 24.41, 23.25, 0, 0, 4.27
2019/06/03 00:21:00, 24.25, 23.92, 23.71, 24.39, 23.22, 0, 0, 4.27
2019/06/03 00:22:00, 24.25, 23.90, 23.69, 24.48, 23.25, 0, 0, 4.27
2019/06/03 00:23:00, 24.25, 23.92, 23.71, 24.51, 23.30, 0, 0, 4.27
2019/06/03 00:24:00, 24.25, 23.91, 23.69, 24.47, 23.25, 0, 0, 4.27
2019/06/03 00:25:00, 24.25, 23.91, 23.72, 24.41, 23.25, 0, 0, 4.27
2019/06/03 00:26:00, 24.25, 23.91, 23.72, 24.43, 23.25, 0, 0, 4.27
2019/06/03 00:27:00, 24.25, 23.91, 23.73, 24.45, 23.25, 0, 0, 4.27
2019/06/03 00:28:00, 24.25, 23.90, 23.69, 24.47, 23.27, 0, 0, 4.27
2019/06/03 00:29:00, 24.25, 23.91, 23.73, 24.48, 23.31, 0, 0, 4.27
2019/06/03 00:30:00, 24.25, 23.95, 23.74, 24.39, 23.27, 0, 0, 4.27
2019/06/03 00:31:00, 24.25, 23.95, 23.75, 24.51, 23.27, 0, 0, 4.27
2019/06/03 00:32:00, 24.25, 23.95, 23.73, 24.44, 23.25, 0, 0, 4.27
2019/06/03 00:33:00, 24.25, 23.94, 23.75, 24.53, 23.29, 0, 0, 4.27
2019/06/03 00:34:00, 24.25, 23.95, 23.74, 24.50, 23.29, 0, 0, 4.27
2019/06/03 00:35:00, 24.25, 23.94, 23.76, 24.44, 23.28, 0, 0, 4.27
2019/06/03 00:36:00, 24.25, 23.95, 23.76, 24.44, 23.27, 0, 0, 4.27
2019/06/03 00:37:00, 24.25, 23.94, 23.75, 24.40, 23.26, 0, 0, 4.27
2019/06/03 00:38:00, 24.25, 23.92, 23.72, 24.48, 23.26, 0, 0, 4.27
2019/06/03 00:39:00, 24.25, 23.94, 23.75, 24.51, 23.38, 0, 0, 4.27
2019/06/03 00:40:00, 24.25, 23.98, 23.77, 24.47, 23.31, 0, 0, 4.27
2019/06/03 00:41:00, 24.25, 23.94, 23.76, 24.44, 23.24, 0, 0, 4.27
2019/06/03 00:42:00, 24.25, 23.92, 23.73, 24.48, 23.24, 0, 0, 4.27
2019/06/03 00:43:00, 24.25, 23.92, 23.73, 24.51, 23.32, 0, 0, 4.27
2019/06/03 00:44:00, 24.25, 23.95, 23.75, 24.66, 23.40, 0, 0, 4.27
2019/06/03 00:45:00, 24.25, 23.92, 23.74, 24.47, 23.30, 0, 0, 4.27
2019/06/03 00:46:00, 24.25, 23.91, 23.74, 24.53, 23.31, 0, 0, 4.27
2019/06/03 00:47:00, 24.25, 23.92, 23.75, 24.51, 23.35, 0, 0, 4.27
2019/06/03 00:48:00, 24.25, 23.91, 23.72, 24.64, 23.35, 0, 0, 4.27
2019/06/03 00:49:00, 24.25, 23.94, 23.74, 24.57, 23.41, 0, 0, 4.27
2019/06/03 00:50:00, 24.25, 23.97, 23.78, 24.51, 23.38, 0, 0, 4.27
2019/06/03 00:51:00, 24.25, 23.94, 23.74, 24.50, 23.31, 0, 0, 4.27
2019/06/03 00:52:00, 24.25, 23.95, 23.74, 24.63, 23.36, 0, 0, 4.27
2019/06/03 00:53:00, 24.25, 23.95, 23.75, 24.56, 23.38, 0, 0, 4.27
2019/06/03 00:54:00, 24.25, 23.99, 23.76, 24.57, 23.41, 0, 0, 4.27
2019/06/03 00:55:00, 24.25, 24.01, 23.79, 24.50, 23.36, 0, 0, 4.27
2019/06/03 00:56:00, 24.25, 24.04, 23.81, 24.46, 23.30, 0, 0, 4.27
2019/06/03 00:57:00, 24.25, 24.04, 23.84, 24.48, 23.28, 0, 0, 4.27
2019/06/03 00:58:00, 24.25, 24.07, 23.84, 24.42, 23.28, 0, 0, 4.27
2019/06/03 00:59:00, 24.25, 24.08, 23.88, 24.42, 23.23, 0, 0, 4.27
2019/06/03 01:00:00, 24.25, 24.09, 23.87, 24.45, 23.25, 0, 0, 4.27
2019/06/03 01:01:00, 24.25, 24.11, 23.91, 24.42, 23.22, 0, 0, 4.27
2019/06/03 01:02:00, 24.25, 24.12, 23.93, 24.39, 23.22, 0, 0, 4.27
2019/06/03 01:03:00, 24.25, 24.11, 23.91, 24.36, 23.18, 0, 0, 4.27
2019/06/03 01:04:00, 24.25, 24.11, 23.92, 24.35, 23.19, 0, 0, 4.27
2019/06/03 01:05:00, 24.25, 24.12, 23.93, 24.36, 23.19, 0, 0, 4.27
2019/06/03 01:06:00, 24.25, 24.14, 23.94, 24.41, 23.19, 0, 0, 4.27
2019/06/03 01:07:00, 24.25, 24.14, 23.91, 24.35, 23.15, 0, 0, 4.27
2019/06/03 01:08:00, 24.25, 24.14, 23.94, 24.41, 23.19, 0, 0, 4.27
2019/06/03 01:09:00, 24.25, 24.14, 23.95, 24.38, 23.19, 0, 0, 4.27
2019/06/03 01:10:00, 24.25, 24.15, 23.96, 24.38, 23.19, 0, 0, 4.27
2019/06/03 01:11:00, 24.25, 24.15, 23.95, 24.37, 23.18, 0, 0, 4.27
2019/06/03 01:12:00, 24.25, 24.14, 23.94, 24.38, 23.20, 0, 0, 4.27
2019/06/03 01:13:00, 24.25, 24.12, 23.94, 24.37, 23.21, 0, 0, 4.27
2019/06/03 01:14:00, 24.25, 24.14, 23.92, 24.32, 23.19, 0, 0, 4.27
2019/06/03 01:15:00, 24.25, 24.15, 23.93, 24.44, 23.22, 0, 0, 4.27
2019/06/03 01:16:00, 24.25, 24.14, 23.95, 24.44, 23.23, 0, 0, 4.27
2019/06/03 01:17:00, 24.25, 24.15, 23.94, 24.41, 23.23, 0, 0, 4.27
2019/06/03 01:18:00, 24.25, 24.14, 23.93, 24.41, 23.23, 0, 0, 4.27
2019/06/03 01:19:00, 24.25, 24.15, 23.95, 24.38, 23.22, 0, 0, 4.27
2019/06/03 01:20:00, 24.25, 24.14, 23.95, 24.37, 23.22, 0, 0, 4.27
2019/06/03 01:21:00, 24.25, 24.16, 23.95, 24.43, 23.21, 0, 0, 4.27
2019/06/03 01:22:00, 24.25, 24.18, 23.97, 24.40, 23.22, 0, 0, 4.27
2019/06/03 01:23:00, 24.25, 24.16, 23.95, 24.35, 23.20, 0, 0, 4.27
2019/06/03 01:24:00, 24.25, 24.15, 23.95, 24.40, 23.20, 0, 0, 4.27
2019/06/03 01:25:00, 24.25, 24.16, 23.95, 24.41, 23.22, 0, 0, 4.27
2019/06/03 01:26:00, 24.25, 24.16, 23.96, 24.44, 23.22, 0, 0, 4.27
2019/06/03 01:27:00, 24.25, 24.16, 23.93, 24.37, 23.21, 0, 0, 4.27
2019/06/03 01:28:00, 24.25, 24.14, 23.95, 24.44, 23.26, 0, 0, 4.27
2019/06/03 01:29:00, 24.25, 24.16, 23.95, 24.41, 23.22, 0, 0, 4.27
2019/06/03 01:30:00, 24.25, 24.16, 23.95, 24.41, 23.22, 0, 0, 4.27
2019/06/03 01:31:00, 24.25, 24.18, 23.96, 24.43, 23.26, 0, 0, 4.27
2019/06/03 01:32:00, 24.25, 24.16, 23.97, 24.40, 23.25, 0, 0, 4.27
2019/06/03 01:33:00, 24.25, 24.14, 23.97, 24.40, 23.24, 0, 0, 4.27
2019/06/03 01:34:00, 24.25, 24.16, 23.94, 24.37, 23.23, 0, 0, 4.27
2019/06/03 01:35:00, 24.25, 24.15, 23.93, 24.32, 23.22, 0, 0, 4.27
2019/06/03 01:36:00, 24.25, 24.16, 23.95, 24.47, 23.27, 0, 0, 4.27
2019/06/03 01:37:00, 24.25, 24.15, 23.97, 24.49, 23.28, 0, 0, 4.27
2019/06/03 01:38:00, 24.25, 24.15, 23.94, 24.43, 23.25, 0, 0, 4.27
2019/06/03 01:39:00, 24.25, 24.16, 23.94, 24.44, 23.28, 0, 0, 4.27
2019/06/03 01:40:00, 24.25, 24.16, 23.97, 24.43, 23.24, 0, 0, 4.27
2019/06/03 01:41:00, 24.25, 24.16, 23.96, 24.47, 23.28, 0, 0, 4.27
2019/06/03 01:42:00, 24.25, 24.15, 23.97, 24.43, 23.28, 0, 0, 4.27
2019/06/03 01:43:00, 24.25, 24.16, 23.97, 24.47, 23.27, 0, 0, 4.27
2019/06/03 01:44:00, 24.25, 24.15, 23.97, 24.44, 23.23, 0, 0, 4.27
2019/06/03 01:45:00, 24.25, 24.16, 23.95, 24.50, 23.22, 0, 0, 4.27
2019/06/03 01:46:00, 24.25, 24.16, 23.96, 24.44, 23.27, 0, 0, 4.27
2019/06/03 01:47:00, 24.25, 24.16, 23.95, 24.47, 23.30, 0, 0, 4.27
2019/06/03 01:48:00, 24.25, 24.16, 23.97, 24.50, 23.31, 0, 0, 4.27
2019/06/03 01:49:00, 24.25, 24.16, 23.97, 24.47, 23.30, 0, 0, 4.27
2019/06/03 01:50:00, 24.25, 24.18, 23.96, 24.43, 23.27, 0, 0, 4.27
2019/06/03 01:51:00, 24.25, 24.15, 23.93, 24.40, 23.22, 0, 0, 4.27
2019/06/03 01:52:00, 24.25, 24.12, 23.95, 24.49, 23.29, 0, 0, 4.27
2019/06/03 01:53:00, 24.25, 24.15, 23.95, 24.53, 23.31, 0, 0, 4.27
2019/06/03 01:54:00, 24.25, 24.15, 23.96, 24.48, 23.31, 0, 0, 4.27
2019/06/03 01:55:00, 24.25, 24.15, 23.94, 24.50, 23.29, 0, 0, 4.27
2019/06/03 01:56:00, 24.25, 24.15, 23.95, 24.51, 23.32, 0, 0, 4.27
2019/06/03 01:57:00, 24.25, 24.16, 23.95, 24.46, 23.30, 0, 0, 4.27
2019/06/03 01:58:00, 24.25, 24.15, 23.95, 24.49, 23.32, 0, 0, 4.27
2019/06/03 01:59:00, 24.25, 24.16, 23.96, 24.45, 23.31, 0, 0, 4.27
2019/06/03 02:00:00, 24.25, 24.18, 23.94, 24.49, 23.28, 0, 0, 4.27
2019/06/03 02:01:00, 24.25, 24.19, 23.95, 24.47, 23.30, 0, 0, 4.27
2019/06/03 02:02:00, 24.25, 24.16, 23.97, 24.49, 23.31, 0, 0, 4.27
2019/06/03 02:03:00, 24.25, 24.16, 23.97, 24.50, 23.33, 0, 0, 4.27
2019/06/03 02:04:00, 24.25, 24.18, 23.97, 24.44, 23.33, 0, 0, 4.27
2019/06/03 02:05:00, 24.25, 24.16, 23.97, 24.51, 23.33, 0, 0, 4.27
2019/06/03 02:06:00, 24.25, 24.16, 23.94, 24.47, 23.28, 0, 0, 4.27
2019/06/03 02:07:00, 24.25, 24.16, 23.93, 24.48, 23.33, 0, 0, 4.27
2019/06/03 02:08:00, 24.25, 24.16, 23.94, 24.47, 23.32, 0, 0, 4.27
2019/06/03 02:09:00, 24.25, 24.15, 23.92, 24.57, 23.33, 0, 0, 4.27
2019/06/03 02:10:00, 24.25, 24.15, 23.94, 24.55, 23.36, 0, 0, 4.27
2019/06/03 02:11:00, 24.25, 24.14, 23.93, 24.56, 23.39, 0, 0, 4.27
2019/06/03 02:12:00, 24.25, 24.18, 23.94, 24.56, 23.39, 0, 0, 4.27
2019/06/03 02:13:00, 24.25, 24.15, 23.95, 24.54, 23.35, 0, 0, 4.27
2019/06/03 02:14:00, 24.25, 24.18, 23.95, 24.53, 23.37, 0, 0, 4.27
2019/06/03 02:15:00, 24.25, 24.16, 23.95, 24.54, 23.38, 0, 0, 4.27
2019/06/03 02:16:00, 24.25, 24.16, 23.95, 24.54, 23.38, 0, 0, 4.27
2019/06/03 02:17:00, 24.25, 24.18, 23.97, 24.50, 23.35, 0, 0, 4.27
2019/06/03 02:18:00, 24.25, 24.16, 23.95, 24.50, 23.33, 0, 0, 4.27
2019/06/03 02:19:00, 24.25, 24.15, 23.97, 24.55, 23.35, 0, 0, 4.27
2019/06/03 02:20:00, 24.25, 24.16, 23.95, 24.59, 23.38, 0, 0, 4.27
2019/06/03 02:21:00, 24.25, 24.14, 23.95, 24.50, 23.32, 0, 0, 4.27
2019/06/03 02:22:00, 24.25, 24.16, 23.94, 24.54, 23.38, 0, 0, 4.27
2019/06/03 02:23:00, 24.25, 24.18, 23.95, 24.49, 23.35, 0, 0, 4.27
2019/06/03 02:24:00, 24.25, 24.16, 23.92, 24.54, 23.35, 0, 0, 4.27
2019/06/03 02:25:00, 24.25, 24.15, 23.93, 24.47, 23.34, 0, 0, 4.27
2019/06/03 02:26:00, 24.25, 24.14, 23.93, 24.56, 23.38, 0, 0, 4.27
2019/06/03 02:27:00, 24.25, 24.16, 23.96, 24.59, 23.40, 0, 0, 4.27
2019/06/03 02:28:00, 24.25, 24.15, 23.95, 24.53, 23.40, 0, 0, 4.27
2019/06/03 02:29:00, 24.25, 24.16, 23.95, 24.46, 23.35, 0, 0, 4.27
2019/06/03 02:30:00, 24.25, 24.15, 23.94, 24.53, 23.33, 0, 0, 4.27
2019/06/03 02:31:00, 24.25, 24.14, 23.95, 24.57, 23.40, 0, 0, 4.27
2019/06/03 02:32:00, 24.25, 24.16, 23.93, 24.59, 23.39, 0, 0, 4.27
2019/06/03 02:33:00, 24.25, 24.15, 23.96, 24.66, 23.43, 0, 0, 4.27
2019/06/03 02:34:00, 24.25, 24.14, 23.95, 24.59, 23.42, 0, 0, 4.27
2019/06/03 02:35:00, 24.25, 24.15, 23.95, 24.59, 23.40, 0, 0, 4.27
2019/06/03 02:36:00, 24.25, 24.15, 23.94, 24.54, 23.38, 0, 0, 4.27
2019/06/03 02:37:00, 24.25, 24.12, 23.91, 24.63, 23.41, 0, 0, 4.27
2019/06/03 02:38:00, 24.25, 24.12, 23.95, 24.61, 23.41, 0, 0, 4.27
2019/06/03 02:39:00, 24.25, 24.12, 23.93, 24.57, 23.40, 0, 0, 4.27
2019/06/03 02:40:00, 24.25, 24.11, 23.92, 24.59, 23.39, 0, 0, 4.27
2019/06/03 02:41:00, 24.25, 24.12, 23.90, 24.60, 23.42, 0, 0, 4.27
2019/06/03 02:42:00, 24.25, 24.14, 23.93, 24.65, 23.47, 0, 0, 4.27
2019/06/03 02:43:00, 24.25, 24.11, 23.93, 24.50, 23.41, 0, 0, 4.27
2019/06/03 02:44:00, 24.25, 24.12, 23.92, 24.58, 23.46, 0, 0, 4.27
2019/06/03 02:45:00, 24.25, 24.14, 23.92, 24.63, 23.41, 0, 0, 4.27
2019/06/03 02:46:00, 24.25, 24.11, 23.92, 24.59, 23.44, 0, 0, 4.27
2019/06/03 02:47:00, 24.25, 24.11, 23.88, 24.61, 23.40, 0, 0, 4.27
2019/06/03 02:48:00, 24.25, 24.09, 23.89, 24.63, 23.46, 0, 0, 4.27
2019/06/03 02:49:00, 24.25, 24.05, 23.89, 24.64, 23.44, 0, 0, 4.27
2019/06/03 02:50:00, 24.25, 24.09, 23.88, 24.65, 23.47, 0, 0, 4.27
2019/06/03 02:51:00, 24.25, 24.05, 23.84, 24.64, 23.44, 0, 0, 4.27
2019/06/03 02:52:00, 24.25, 24.08, 23.83, 24.73, 23.57, 0, 0, 4.27
2019/06/03 02:53:00, 24.25, 24.05, 23.84, 24.70, 23.55, 0, 0, 4.27
2019/06/03 02:54:00, 24.25, 24.04, 23.82, 24.67, 23.49, 0, 0, 4.27
2019/06/03 02:55:00, 24.25, 24.07, 23.84, 24.78, 23.57, 0, 0, 4.27
2019/06/03 02:56:00, 24.25, 24.07, 23.82, 24.70, 23.54, 0, 0, 4.27
2019/06/03 02:57:00, 24.25, 24.05, 23.84, 24.73, 23.52, 0, 0, 4.27
2019/06/03 02:58:00, 24.25, 24.05, 23.84, 24.76, 23.55, 0, 0, 4.27
2019/06/03 02:59:00, 24.25, 24.08, 23.87, 24.64, 23.57, 0, 0, 4.27
2019/06/03 03:00:00, 24.25, 24.05, 23.84, 24.61, 23.47, 0, 0, 4.27
2019/06/03 03:01:00, 24.25, 24.04, 23.81, 24.80, 23.54, 0, 0, 4.27
2019/06/03 03:02:00, 24.25, 24.04, 23.84, 24.78, 23.60, 0, 0, 4.27
2019/06/03 03:03:00, 24.25, 24.04, 23.83, 24.77, 23.60, 0, 0, 4.27
2019/06/03 03:04:00, 24.25, 24.05, 23.82, 24.77, 23.60, 0, 0, 4.27
2019/06/03 03:05:00, 24.25, 24.02, 23.83, 24.73, 23.57, 0, 0, 4.27
2019/06/03 03:06:00, 24.25, 24.02, 23.81, 24.66, 23.47, 0, 0, 4.27
2019/06/03 03:07:00, 24.25, 24.01, 23.78, 24.81, 23.61, 0, 0, 4.27
2019/06/03 03:08:00, 24.25, 24.01, 23.79, 24.77, 23.62, 0, 0, 4.27
2019/06/03 03:09:00, 24.25, 23.99, 23.81, 24.76, 23.62, 0, 0, 4.27
2019/06/03 03:10:00, 24.25, 24.01, 23.78, 24.81, 23.66, 0, 0, 4.27
2019/06/03 03:11:00, 24.25, 23.99, 23.80, 24.78, 23.63, 0, 0, 4.27
2019/06/03 03:12:00, 24.25, 23.99, 23.81, 24.87, 23.65, 0, 0, 4.27
2019/06/03 03:13:00, 24.25, 23.98, 23.79, 24.87, 23.62, 0, 0, 4.27
2019/06/03 03:14:00, 24.25, 23.98, 23.80, 24.78, 23.64, 0, 0, 4.27
2019/06/03 03:15:00, 24.25, 23.98, 23.80, 24.93, 23.67, 0, 0, 4.27
2019/06/03 03:16:00, 24.25, 24.01, 23.82, 24.80, 23.64, 0, 0, 4.27
2019/06/03 03:17:00, 24.25, 23.99, 23.81, 24.74, 23.57, 0, 0, 4.27
2019/06/03 03:18:00, 24.25, 23.99, 23.79, 24.82, 23.62, 0, 0, 4.27
2019/06/03 03:19:00, 24.25, 23.99, 23.79, 24.79, 23.64, 0, 0, 4.27
2019/06/03 03:20:00, 24.25, 23.99, 23.81, 24.90, 23.68, 0, 0, 4.27
2019/06/03 03:21:00, 24.25, 23.99, 23.80, 24.71, 23.57, 0, 0, 4.27
2019/06/03 03:22:00, 24.25, 23.97, 23.77, 24.93, 23.61, 0, 0, 4.27
2019/06/03 03:23:00, 24.25, 23.98, 23.80, 24.86, 23.69, 0, 0, 4.27
2019/06/03 03:24:00, 24.25, 23.98, 23.77, 24.90, 23.66, 0, 0, 4.27
2019/06/03 03:25:00, 24.25, 23.98, 23.78, 24.88, 23.68, 0, 0, 4.27
2019/06/03 03:26:00, 24.25, 23.98, 23.75, 24.82, 23.65, 0, 0, 4.27
2019/06/03 03:27:00, 24.25, 23.94, 23.78, 24.98, 23.75, 0, 0, 4.27
2019/06/03 03:28:00, 24.25, 23.99, 23.78, 24.88, 23.70, 0, 0, 4.27
2019/06/03 03:29:00, 24.25, 23.94, 23.75, 24.97, 23.72, 0, 0, 4.27
2019/06/03 03:30:00, 24.25, 23.97, 23.76, 24.92, 23.75, 0, 0, 4.27
2019/06/03 03:31:00, 24.25, 23.97, 23.77, 24.88, 23.73, 0, 0, 4.27
2019/06/03 03:32:00, 24.25, 23.98, 23.81, 24.87, 23.73, 0, 0, 4.27
2019/06/03 03:33:00, 24.25, 23.99, 23.81, 24.86, 23.65, 0, 0, 4.27
2019/06/03 03:34:00, 24.25, 24.02, 23.84, 24.83, 23.67, 0, 0, 4.27
2019/06/03 03:35:00, 24.25, 24.05, 23.86, 24.73, 23.62, 0, 0, 4.27
2019/06/03 03:36:00, 24.25, 24.08, 23.86, 24.80, 23.60, 0, 0, 4.27
2019/06/03 03:37:00, 24.25, 24.09, 23.89, 24.74, 23.60, 0, 0, 4.27
2019/06/03 03:38:00, 24.25, 24.08, 23.90, 24.71, 23.57, 0, 0, 4.27
2019/06/03 03:39:00, 24.25, 24.09, 23.90, 24.66, 23.51, 0, 0, 4.27
2019/06/03 03:40:00, 24.25, 24.09, 23.91, 24.70, 23.54, 0, 0, 4.27
2019/06/03 03:41:00, 24.25, 24.09, 23.90, 24.70, 23.51, 0, 0, 4.27
2019/06/03 03:42:00, 24.25, 24.11, 23.91, 24.69, 23.50, 0, 0, 4.27
2019/06/03 03:43:00, 24.25, 24.12, 23.89, 24.75, 23.53, 0, 0, 4.27
2019/06/03 03:44:00, 24.25, 24.11, 23.91, 24.69, 23.51, 0, 0, 4.27
2019/06/03 03:45:00, 24.25, 24.14, 23.90, 24.67, 23.51, 0, 0, 4.27
2019/06/03 03:46:00, 24.25, 24.11, 23.91, 24.61, 23.48, 0, 0, 4.27
2019/06/03 03:47:00, 24.25, 24.09, 23.89, 24.67, 23.51, 0, 0, 4.27
2019/06/03 03:48:00, 24.25, 24.11, 23.90, 24.70, 23.52, 0, 0, 4.27
2019/06/03 03:49:00, 24.25, 24.12, 23.92, 24.64, 23.51, 0, 0, 4.27
2019/06/03 03:50:00, 24.25, 24.11, 23.91, 24.67, 23.52, 0, 0, 4.27
2019/06/03 03:51:00, 24.25, 24.12, 23.93, 24.69, 23.53, 0, 0, 4.27
2019/06/03 03:52:00, 24.25, 24.12, 23.92, 24.73, 23.50, 0, 0, 4.27
2019/06/03 03:53:00, 24.25, 24.11, 23.91, 24.70, 23.53, 0, 0, 4.27
2019/06/03 03:54:00, 24.25, 24.14, 23.93, 24.72, 23.56, 0, 0, 4.27
2019/06/03 03:55:00, 24.25, 24.11, 23.93, 24.70, 23.54, 0, 0, 4.27
2019/06/03 03:56:00, 24.25, 24.15, 23.93, 24.72, 23.54, 0, 0, 4.27
2019/06/03 03:57:00, 24.25, 24.14, 23.93, 24.69, 23.54, 0, 0, 4.27
2019/06/03 03:58:00, 24.25, 24.16, 23.95, 24.66, 23.54, 0, 0, 4.27
2019/06/03 03:59:00, 24.25, 24.16, 23.93, 24.72, 23.53, 0, 0, 4.27
2019/06/03 04:00:00, 24.25, 24.12, 23.94, 24.67, 23.51, 0, 0, 4.27
2019/06/03 04:01:00, 24.25, 24.14, 23.94, 24.65, 23.48, 0, 0, 4.27
2019/06/03 04:02:00, 24.25, 24.12, 23.90, 24.73, 23.51, 0, 0, 4.27
2019/06/03 04:03:00, 24.25, 24.11, 23.91, 24.71, 23.54, 0, 0, 4.27
2019/06/03 04:04:00, 24.25, 24.12, 23.91, 24.73, 23.54, 0, 0, 4.27
2019/06/03 04:05:00, 24.25, 24.11, 23.90, 24.76, 23.55, 0, 0, 4.27
2019/06/03 04:06:00, 24.25, 24.09, 23.90, 24.79, 23.58, 0, 0, 4.27
2019/06/03 04:07:00, 24.25, 24.12, 23.93, 24.82, 23.61, 0, 0, 4.27
2019/06/03 04:08:00, 24.25, 24.11, 23.90, 24.73, 23.57, 0, 0, 4.27
2019/06/03 04:09:00, 24.25, 24.11, 23.91, 24.67, 23.54, 0, 0, 4.27
2019/06/03 04:10:00, 24.25, 24.09, 23.88, 24.76, 23.60, 0, 0, 4.27
2019/06/03 04:11:00, 24.25, 24.09, 23.91, 24.73, 23.60, 0, 0, 4.27
2019/06/03 04:12:00, 24.25, 24.11, 23.88, 24.73, 23.58, 0, 0, 4.27
2019/06/03 04:13:00, 24.25, 24.11, 23.89, 24.83, 23.62, 0, 0, 4.27
2019/06/03 04:14:00, 24.25, 24.12, 23.90, 24.83, 23.65, 0, 0, 4.27
2019/06/03 04:15:00, 24.25, 24.12, 23.92, 24.79, 23.64, 0, 0, 4.27
2019/06/03 04:16:00, 24.25, 24.14, 23.93, 24.82, 23.62, 0, 0, 4.27
2019/06/03 04:17:00, 24.25, 24.14, 23.92, 24.77, 23.61, 0, 0, 4.27
2019/06/03 04:18:00, 24.25, 24.14, 23.92, 24.75, 23.60, 0, 0, 4.27
2019/06/03 04:19:00, 24.25, 24.14, 23.92, 24.75, 23.60, 0, 0, 4.27
2019/06/03 04:20:00, 24.25, 24.15, 23.94, 24.79, 23.59, 0, 0, 4.27
2019/06/03 04:21:00, 24.25, 24.15, 23.93, 24.81, 23.60, 0, 0, 4.27
2019/06/03 04:22:00, 24.25, 24.12, 23.92, 24.72, 23.59, 0, 0, 4.27
2019/06/03 04:23:00, 24.25, 24.12, 23.92, 24.79, 23.60, 0, 0, 4.27
2019/06/03 04:24:00, 24.25, 24.14, 23.94, 24.81, 23.61, 0, 0, 4.27
2019/06/03 04:25:00, 24.25, 24.15, 23.95, 24.76, 23.62, 0, 0, 4.27
2019/06/03 04:26:00, 24.25, 24.15, 23.97, 24.75, 23.59, 0, 0, 4.27
2019/06/03 04:27:00, 24.25, 24.14, 23.94, 24.72, 23.56, 0, 0, 4.27
2019/06/03 04:28:00, 24.25, 24.14, 23.95, 24.73, 23.55, 0, 0, 4.27
2019/06/03 04:29:00, 24.25, 24.15, 23.94, 24.76, 23.58, 0, 0, 4.27
2019/06/03 04:30:00, 24.25, 24.15, 23.95, 24.79, 23.57, 0, 0, 4.27
2019/06/03 04:31:00, 24.25, 24.18, 23.96, 24.78, 23.58, 0, 0, 4.27
2019/06/03 04:32:00, 24.25, 24.18, 23.95, 24.76, 23.58, 0, 0, 4.27
2019/06/03 04:33:00, 24.25, 24.16, 23.96, 24.76, 23.57, 0, 0, 4.27
2019/06/03 04:34:00, 24.25, 24.18, 23.96, 24.73, 23.56, 0, 0, 4.27
2019/06/03 04:35:00, 24.25, 24.16, 23.96, 24.71, 23.57, 0, 0, 4.27
2019/06/03 04:36:00, 24.25, 24.18, 23.96, 24.78, 23.56, 0, 0, 4.27
2019/06/03 04:37:00, 24.25, 24.20, 23.97, 24.75, 23.55, 0, 0, 4.27
2019/06/03 04:38:00, 24.25, 24.19, 23.98, 24.72, 23.55, 0, 0, 4.27
2019/06/03 04:39:00, 24.25, 24.18, 24.00, 24.77, 23.59, 0, 0, 4.27
2019/06/03 04:40:00, 24.25, 24.22, 23.98, 24.75, 23.57, 0, 0, 4.27
2019/06/03 04:41:00, 24.25, 24.19, 24.01, 24.72, 23.55, 0, 0, 4.27
2019/06/03 04:42:00, 24.25, 24.19, 24.00, 24.74, 23.57, 0, 0, 4.27
2019/06/03 04:43:00, 24.25, 24.22, 23.97, 24.69, 23.55, 0, 0, 4.27
2019/06/03 04:44:00, 24.25, 24.19, 24.01, 24.72, 23.53, 0, 0, 4.27
2019/06/03 04:45:00, 24.25, 24.19, 24.01, 24.71, 23.53, 0, 0, 4.27
2019/06/03 04:46:00, 24.25, 24.20, 23.98, 24.71, 23.54, 0, 0, 4.27
2019/06/03 04:47:00, 24.25, 24.22, 24.00, 24.71, 23.56, 0, 0, 4.27
2019/06/03 04:48:00, 24.25, 24.19, 24.01, 24.75, 23.57, 0, 0, 4.27
2019/06/03 04:49:00, 24.25, 24.19, 24.01, 24.75, 23.56, 0, 0, 4.27
2019/06/03 04:50:00, 24.25, 24.20, 24.03, 24.74, 23.55, 0, 0, 4.27
2019/06/03 04:51:00, 24.25, 24.22, 24.01, 24.72, 23.53, 0, 0, 4.27
2019/06/03 04:52:00, 24.25, 24.20, 24.00, 24.69, 23.56, 0, 0, 4.27
2019/06/03 04:53:00, 24.25, 24.20, 24.01, 24.72, 23.56, 0, 0, 4.27
2019/06/03 04:54:00, 24.25, 24.19, 24.00, 24.74, 23.57, 0, 0, 4.27
2019/06/03 04:55:00, 24.25, 24.19, 23.97, 24.78, 23.58, 0, 0, 4.27
2019/06/03 04:56:00, 24.25, 24.19, 23.97, 24.80, 23.61, 0, 0, 4.27
2019/06/03 04:57:00, 24.25, 24.20, 23.97, 24.75, 23.60, 0, 0, 4.27
2019/06/03 04:58:00, 24.25, 24.19, 24.01, 24.78, 23.60, 0, 0, 4.27
2019/06/03 04:59:00, 24.25, 24.20, 23.98, 24.77, 23.60, 0, 0, 4.27
2019/06/03 05:00:00, 24.25, 24.19, 24.00, 24.77, 23.61, 0, 0, 4.27
2019/06/03 05:01:00, 24.25, 24.22, 24.03, 24.74, 23.60, 0, 0, 4.27
2019/06/03 05:02:00, 24.25, 24.20, 24.02, 24.78, 23.58, 0, 0, 4.27
2019/06/03 05:03:00, 24.25, 24.23, 24.03, 24.69, 23.57, 0, 0, 4.27
2019/06/03 05:04:00, 24.25, 24.22, 24.01, 24.77, 23.57, 0, 0, 4.27
2019/06/03 05:05:00, 24.25, 24.22, 24.03, 24.74, 23.55, 0, 0, 4.27
2019/06/03 05:06:00, 24.25, 24.25, 24.04, 24.76, 23.57, 0, 0, 4.27
2019/06/03 05:07:00, 24.25, 24.23, 24.03, 24.71, 23.52, 0, 0, 4.27
2019/06/03 05:08:00, 24.25, 24.23, 24.04, 24.77, 23.57, 0, 0, 4.27
2019/06/03 05:09:00, 24.25, 24.25, 24.02, 24.75, 23.57, 0, 0, 4.27
2019/06/03 05:10:00, 24.25, 24.20, 24.05, 24.71, 23.54, 0, 0, 4.27
2019/06/03 05:11:00, 24.25, 24.23, 24.03, 24.70, 23.53, 0, 0, 4.27
2019/06/03 05:12:00, 24.25, 24.25, 24.03, 24.74, 23.55, 0, 0, 4.27
2019/06/03 05:13:00, 24.25, 24.23, 24.03, 24.71, 23.54, 0, 0, 4.27
2019/06/03 05:14:00, 24.25, 24.25, 24.03, 24.64, 23.51, 0, 0, 4.27
2019/06/03 05:15:00, 24.25, 24.23, 24.04, 24.65, 23.57, 0, 0, 4.27
2019/06/03 05:16:00, 24.25, 24.25, 24.03, 24.77, 23.55, 0, 0, 4.27
2019/06/03 05:17:00, 24.25, 24.23, 24.04, 24.77, 23.57, 0, 0, 4.27
2019/06/03 05:18:00, 24.25, 24.26, 24.07, 24.76, 23.57, 0, 0, 4.27
2019/06/03 05:19:00, 24.25, 24.23, 24.06, 24.68, 23.50, 0, 0, 4.27
2019/06/03 05:20:00, 24.25, 24.25, 24.04, 24.71, 23.58, 0, 0, 4.27
2019/06/03 05:21:00, 24.25, 24.23, 24.04, 24.72, 23.54, 0, 0, 4.27
2019/06/03 05:22:00, 24.25, 24.26, 24.04, 24.76, 23.59, 0, 0, 4.27
2019/06/03 05:23:00, 24.25, 24.25, 24.04, 24.76, 23.58, 0, 0, 4.27
2019/06/03 05:24:00, 24.25, 24.25, 24.05, 24.70, 23.57, 0, 0, 4.27
2019/06/03 05:25:00, 24.25, 24.26, 24.06, 24.76, 23.59, 0, 0, 4.27
2019/06/03 05:26:00, 24.25, 24.25, 24.06, 24.68, 23.56, 0, 0, 4.27
2019/06/03 05:27:00, 24.25, 24.23, 24.04, 24.74, 23.59, 0, 0, 4.27
2019/06/03 05:28:00, 24.25, 24.25, 24.04, 24.74, 23.57, 0, 0, 4.27
2019/06/03 05:29:00, 24.25, 24.27, 24.04, 24.77, 23.57, 0, 0, 4.27
2019/06/03 05:30:00, 24.25, 24.22, 24.05, 24.78, 23.61, 0, 0, 4.27
2019/06/03 05:31:00, 24.25, 24.27, 24.06, 24.73, 23.61, 0, 0, 4.27
2019/06/03 05:32:00, 24.25, 24.26, 24.07, 24.74, 23.58, 0, 0, 4.27
2019/06/03 05:33:00, 24.25, 24.26, 24.06, 24.76, 23.60, 0, 0, 4.27
2019/06/03 05:34:00, 24.25, 24.26, 24.07, 24.71, 23.61, 0, 0, 4.27
2019/06/03 05:35:00, 24.25, 24.26, 24.06, 24.80, 23.60, 0, 0, 4.27
2019/06/03 05:36:00, 24.25, 24.27, 24.06, 24.78, 23.61, 0, 0, 4.27
2019/06/03 05:37:00, 24.25, 24.23, 24.06, 24.82, 23.63, 0, 0, 4.27
2019/06/03 05:38:00, 24.25, 24.22, 24.03, 24.84, 23.65, 0, 0, 4.27
2019/06/03 05:39:00, 24.25, 24.25, 24.04, 24.89, 23.71, 0, 0, 4.27
2019/06/03 05:40:00, 24.25, 24.23, 24.04, 24.80, 23.68, 0, 0, 4.27
2019/06/03 05:41:00, 24.25, 24.19, 24.03, 24.82, 23.63, 0, 0, 4.27
2019/06/03 05:42:00, 24.25, 24.22, 24.03, 24.90, 23.77, 0, 0, 4.27
2019/06/03 05:43:00, 24.25, 24.20, 24.02, 24.90, 23.71, 0, 0, 4.27
2019/06/03 05:44:00, 24.25, 24.20, 24.01, 24.96, 23.74, 0, 0, 4.27
2019/06/03 05:45:00, 24.25, 24.22, 24.03, 24.93, 23.76, 0, 0, 4.27
2019/06/03 05:46:00, 24.25, 24.25, 24.06, 24.90, 23.76, 0, 0, 4.27
2019/06/03 05:47:00, 24.25, 24.23, 24.04, 24.77, 23.67, 0, 0, 4.27
2019/06/03 05:48:00, 24.25, 24.23, 24.04, 24.93, 23.70, 0, 0, 4.27
2019/06/03 05:49:00, 24.25, 24.23, 24.03, 24.89, 23.70, 0, 0, 4.27
2019/06/03 05:50:00, 24.25, 24.22, 24.01, 24.96, 23.76, 0, 0, 4.27
2019/06/03 05:51:00, 24.25, 24.25, 24.04, 24.99, 23.78, 0, 0, 4.27
2019/06/03 05:52:00, 24.25, 24.23, 24.05, 24.87, 23.73, 0, 0, 4.27
2019/06/03 05:53:00, 24.25, 24.25, 24.04, 24.95, 23.73, 0, 0, 4.27
2019/06/03 05:54:00, 24.25, 24.23, 24.04, 24.94, 23.76, 0, 0, 4.27
2019/06/03 05:55:00, 24.25, 24.22, 24.06, 24.93, 23.74, 0, 0, 4.27
2019/06/03 05:56:00, 24.25, 24.25, 24.06, 24.98, 23.76, 0, 0, 4.27
2019/06/03 05:57:00, 24.25, 24.25, 24.06, 24.87, 23.71, 0, 0, 4.27
2019/06/03 05:58:00, 24.25, 24.23, 24.02, 24.94, 23.73, 0, 0, 4.27
2019/06/03 05:59:00, 24.25, 24.25, 24.02, 24.94, 23.77, 0, 0, 4.27
2019/06/03 06:00:00, 24.25, 24.26, 24.04, 25.04, 23.85, 0, 0, 4.27
2019/06/03 06:01:00, 24.25, 24.25, 24.05, 24.93, 23.80, 0, 0, 4.27
2019/06/03 06:02:00, 24.25, 24.26, 24.06, 24.86, 23.77, 0, 0, 4.27
2019/06/03 06:03:00, 24.25, 24.26, 24.05, 24.96, 23.73, 0, 0, 4.27
2019/06/03 06:04:00, 24.25, 24.25, 24.06, 24.94, 23.77, 0, 0, 4.27
2019/06/03 06:05:00, 24.50, 24.26, 24.07, 24.90, 23.76, 0, 0, 4.27
2019/06/03 06:06:00, 24.25, 24.27, 24.07, 24.85, 23.72, 0, 0, 4.27
2019/06/03 06:07:00, 24.25, 24.29, 24.09, 24.91, 23.73, 0, 0, 4.27
2019/06/03 06:08:00, 24.50, 24.31, 24.08, 24.94, 23.76, 0, 0, 4.27
2019/06/03 06:09:00, 24.25, 24.32, 24.12, 24.85, 23.73, 0, 0, 4.27
2019/06/03 06:10:00, 24.25, 24.31, 24.10, 24.92, 23.69, 0, 0, 4.27
2019/06/03 06:11:00, 24.50, 24.31, 24.11, 24.89, 23.72, 0, 0, 4.27
2019/06/03 06:12:00, 24.50, 24.31, 24.12, 24.86, 23.69, 0, 0, 4.27
2019/06/03 06:13:00, 24.25, 24.32, 24.10, 24.88, 23.70, 0, 0, 4.27
2019/06/03 06:14:00, 24.50, 24.32, 24.11, 24.88, 23.72, 0, 0, 4.27
2019/06/03 06:15:00, 24.50, 24.31, 24.12, 24.92, 23.73, 0, 0, 4.27
2019/06/03 06:16:00, 24.50, 24.31, 24.11, 24.92, 23.73, 0, 0, 4.27
2019/06/03 06:17:00, 24.50, 24.32, 24.12, 24.85, 23.70, 0, 0, 4.27
2019/06/03 06:18:00, 24.50, 24.32, 24.12, 24.91, 23.72, 0, 0, 4.27
2019/06/03 06:19:00, 24.50, 24.32, 24.13, 24.92, 23.73, 0, 0, 4.27
2019/06/03 06:20:00, 24.50, 24.32, 24.10, 24.85, 23.71, 0, 0, 4.27
2019/06/03 06:21:00, 24.50, 24.32, 24.12, 24.84, 23.71, 0, 0, 4.27
2019/06/03 06:22:00, 24.50, 24.32, 24.11, 24.88, 23.72, 0, 0, 4.27
2019/06/03 06:23:00, 24.50, 24.33, 24.11, 24.93, 23.74, 0, 0, 4.27
2019/06/03 06:24:00, 24.50, 24.32, 24.12, 24.89, 23.74, 0, 0, 4.27
2019/06/03 06:25:00, 24.50, 24.33, 24.13, 24.89, 23.72, 0, 0, 4.27
2019/06/03 06:26:00, 24.50, 24.33, 24.13, 24.94, 23.74, 0, 0, 4.27
2019/06/03 06:27:00, 24.50, 24.32, 24.11, 24.89, 23.75, 0, 0, 4.27
2019/06/03 06:28:00, 24.50, 24.33, 24.13, 24.89, 23.73, 0, 0, 4.27
2019/06/03 06:29:00, 24.50, 24.29, 24.13, 24.91, 23.73, 0, 0, 4.27
2019/06/03 06:30:00, 24.50, 24.31, 24.13, 24.92, 23.73, 0, 0, 4.27
2019/06/03 06:31:00, 24.50, 24.31, 24.12, 24.92, 23.73, 0, 0, 4.27
2019/06/03 06:32:00, 24.50, 24.33, 24.11, 24.91, 23.76, 0, 0, 4.27
2019/06/03 06:33:00, 24.50, 24.35, 24.13, 24.93, 23.74, 0, 0, 4.27
2019/06/03 06:34:00, 24.50, 24.35, 24.13, 24.95, 23.76, 0, 0, 4.27
2019/06/03 06:35:00, 24.50, 24.33, 24.13, 24.95, 23.73, 0, 0, 4.27
2019/06/03 06:36:00, 24.50, 24.32, 24.13, 24.93, 23.76, 0, 0, 4.27
2019/06/03 06:37:00, 24.50, 24.36, 24.18, 24.91, 23.76, 0, 0, 4.27
2019/06/03 06:38:00, 24.50, 24.35, 24.17, 24.87, 23.76, 0, 0, 4.27
2019/06/03 06:39:00, 24.50, 24.39, 24.18, 24.91, 23.75, 0, 0, 4.27
2019/06/03 06:40:00, 24.50, 24.40, 24.21, 24.93, 23.73, 0, 0, 4.27
2019/06/03 06:41:00, 24.50, 24.40, 24.23, 24.75, 23.68, 0, 0, 4.27
2019/06/03 06:42:00, 24.50, 24.42, 24.21, 24.93, 23.71, 0, 0, 4.27
2019/06/03 06:43:00, 24.50, 24.43, 24.26, 24.86, 23.70, 0, 0, 4.27
2019/06/03 06:44:00, 24.50, 24.42, 24.25, 24.89, 23.67, 0, 0, 4.27
2019/06/03 06:45:00, 24.50, 24.47, 24.28, 24.87, 23.66, 0, 0, 4.27
2019/06/03 06:46:00, 24.50, 24.49, 24.28, 24.82, 23.66, 0, 0, 4.27
2019/06/03 06:47:00, 24.50, 24.50, 24.32, 24.80, 23.64, 0, 0, 4.27
2019/06/03 06:48:00, 24.50, 24.50, 24.32, 24.82, 23.59, 0, 0, 4.27
2019/06/03 06:49:00, 24.50, 24.50, 24.32, 24.78, 23.60, 0, 0, 4.27
2019/06/03 06:50:00, 24.50, 24.50, 24.34, 24.82, 23.64, 0, 0, 4.27
2019/06/03 06:51:00, 24.50, 24.52, 24.34, 24.73, 23.60, 0, 0, 4.27
2019/06/03 06:52:00, 24.50, 24.53, 24.33, 24.77, 23.57, 0, 0, 4.27
2019/06/03 06:53:00, 24.50, 24.52, 24.33, 24.82, 23.60, 0, 0, 4.27
2019/06/03 06:54:00, 24.50, 24.50, 24.33, 24.79, 23.61, 0, 0, 4.27
2019/06/03 06:55:00, 24.50, 24.49, 24.31, 24.80, 23.64, 0, 0, 4.27
2019/06/03 06:56:00, 24.50, 24.50, 24.33, 24.82, 23.62, 0, 0, 4.27
2019/06/03 06:57:00, 24.50, 24.53, 24.32, 24.82, 23.66, 0, 0, 4.27
2019/06/03 06:58:00, 24.50, 24.50, 24.34, 24.85, 23.69, 0, 0, 4.27
2019/06/03 06:59:00, 24.50, 24.52, 24.35, 24.88, 23.68, 0, 0, 4.27
2019/06/03 07:00:00, 24.50, 24.53, 24.34, 24.76, 23.64, 0, 0, 4.27
2019/06/03 07:01:00, 24.50, 24.52, 24.34, 24.79, 23.65, 0, 0, 4.27
2019/06/03 07:02:00, 24.50, 24.56, 24.36, 24.85, 23.64, 0, 0, 4.27
2019/06/03 07:03:00, 24.50, 24.54, 24.38, 24.79, 23.64, 0, 0, 4.27
2019/06/03 07:04:00, 24.50, 24.57, 24.37, 24.85, 23.64, 0, 0, 4.27
2019/06/03 07:05:00, 24.50, 24.59, 24.40, 24.79, 23.64, 0, 0, 4.27
2019/06/03 07:06:00, 24.50, 24.59, 24.42, 24.83, 23.62, 0, 0, 4.27
2019/06/03 07:07:00, 24.50, 24.60, 24.42, 24.80, 23.64, 0, 0, 4.27
2019/06/03 07:08:00, 24.50, 24.61, 24.43, 24.78, 23.58, 0, 0, 4.27
2019/06/03 07:09:00, 24.50, 24.63, 24.46, 24.77, 23.60, 0, 0, 4.27
2019/06/03 07:10:00, 24.50, 24.66, 24.47, 24.70, 23.56, 0, 0, 4.27
2019/06/03 07:11:00, 24.75, 24.67, 24.50, 24.71, 23.56, 0, 0, 4.27
2019/06/03 07:12:00, 24.75, 24.67, 24.49, 24.74, 23.52, 0, 0, 4.27
2019/06/03 07:13:00, 24.75, 24.69, 24.51, 24.70, 23.51, 0, 0, 4.27
2019/06/03 07:14:00, 24.75, 24.70, 24.52, 24.73, 23.52, 0, 0, 4.27
2019/06/03 07:15:00, 24.75, 24.71, 24.52, 24.75, 23.51, 0, 0, 4.27
2019/06/03 07:16:00, 24.75, 24.70, 24.52, 24.69, 23.50, 0, 0, 4.27
2019/06/03 07:17:00, 24.75, 24.70, 24.52, 24.60, 23.46, 0, 0, 4.27
2019/06/03 07:18:00, 24.75, 24.69, 24.50, 24.70, 23.49, 0, 0, 4.27
2019/06/03 07:19:00, 24.75, 24.70, 24.50, 24.79, 23.63, 0, 0, 4.27
2019/06/03 07:20:00, 24.75, 24.71, 24.54, 24.78, 23.57, 0, 0, 4.27
2019/06/03 07:21:00, 24.75, 24.73, 24.58, 24.70, 23.54, 0, 0, 4.27
2019/06/03 07:22:00, 24.75, 24.77, 24.58, 24.69, 23.52, 0, 0, 4.27
2019/06/03 07:23:00, 24.75, 24.77, 24.62, 24.62, 23.51, 0, 0, 4.27
2019/06/03 07:24:00, 24.75, 24.80, 24.63, 24.69, 23.49, 0, 0, 4.27
2019/06/03 07:25:00, 24.75, 24.81, 24.64, 24.55, 23.46, 0, 0, 4.27
2019/06/03 07:26:00, 24.75, 24.84, 24.65, 24.68, 23.45, 0, 0, 4.27
2019/06/03 07:27:00, 24.75, 24.87, 24.67, 24.59, 23.42, 0, 0, 4.27
2019/06/03 07:28:00, 24.75, 24.85, 24.69, 24.58, 23.38, 0, 0, 4.27
2019/06/03 07:29:00, 24.75, 24.87, 24.71, 24.55, 23.38, 0, 0, 4.27
2019/06/03 07:30:00, 24.75, 24.89, 24.71, 24.54, 23.35, 0, 0, 4.27
2019/06/03 07:31:00, 24.75, 24.88, 24.71, 24.49, 23.31, 0, 0, 4.27
2019/06/03 07:32:00, 24.75, 24.93, 24.75, 24.58, 23.35, 0, 0, 4.27
2019/06/03 07:33:00, 24.75, 24.94, 24.77, 24.58, 23.36, 0, 0, 4.27
2019/06/03 07:34:00, 24.75, 24.94, 24.77, 24.48, 23.33, 0, 0, 4.27
2019/06/03 07:35:00, 24.75, 24.94, 24.77, 24.48, 23.30, 0, 0, 4.27
2019/06/03 07:36:00, 24.75, 24.95, 24.79, 24.45, 23.28, 0, 0, 4.27
2019/06/03 07:37:00, 24.75, 24.95, 24.77, 24.41, 23.25, 0, 0, 4.27
2019/06/03 07:38:00, 24.75, 25.00, 24.82, 24.37, 23.24, 0, 0, 4.27
2019/06/03 07:39:00, 24.75, 25.00, 24.80, 24.38, 23.21, 0, 0, 4.27
2019/06/03 07:40:00, 24.75, 24.98, 24.80, 24.39, 23.18, 0, 0, 4.27
2019/06/03 07:41:00, 24.75, 25.00, 24.81, 24.31, 23.15, 0, 0, 4.27
2019/06/03 07:42:00, 24.75, 24.97, 24.79, 24.34, 23.14, 0, 0, 4.27
2019/06/03 07:43:00, 24.75, 24.98, 24.83, 24.33, 23.15, 0, 0, 4.27
2019/06/03 07:44:00, 25.00, 25.02, 24.84, 24.29, 23.09, 0, 0, 4.27
2019/06/03 07:45:00, 25.00, 25.01, 24.82, 24.27, 23.05, 0, 0, 4.27
2019/06/03 07:46:00, 25.00, 25.02, 24.82, 24.18, 23.02, 0, 0, 4.27
2019/06/03 07:47:00, 25.00, 25.04, 24.84, 24.13, 23.01, 0, 0, 4.27
2019/06/03 07:48:00, 25.00, 25.04, 24.84, 24.12, 22.94, 0, 0, 4.27
2019/06/03 07:49:00, 25.00, 25.04, 24.85, 24.12, 22.90, 0, 0, 4.27
2019/06/03 07:50:00, 25.00, 25.04, 24.86, 24.09, 22.94, 0, 0, 4.27
2019/06/03 07:51:00, 25.00, 25.06, 24.87, 24.06, 22.87, 0, 0, 4.27
2019/06/03 07:52:00, 25.00, 25.05, 24.89, 24.02, 22.85, 0, 0, 4.27
2019/06/03 07:53:00, 25.00, 25.06, 24.91, 23.97, 22.83, 0, 0, 4.27
2019/06/03 07:54:00, 25.00, 25.04, 24.87, 24.01, 22.80, 0, 0, 4.27
2019/06/03 07:55:00, 25.00, 25.04, 24.86, 23.95, 22.77, 0, 0, 4.27
2019/06/03 07:56:00, 25.00, 25.02, 24.84, 23.93, 22.74, 0, 0, 4.27
2019/06/03 07:57:00, 25.00, 25.05, 24.83, 23.97, 22.78, 0, 0, 4.27
2019/06/03 07:58:00, 25.00, 25.00, 24.83, 24.05, 22.83, 0, 0, 4.27
2019/06/03 07:59:00, 25.00, 25.00, 24.81, 24.03, 22.83, 0, 0, 4.27
2019/06/03 08:00:00, 25.00, 24.98, 24.82, 24.00, 22.80, 0, 0, 4.27
2019/06/03 08:01:00, 25.00, 24.98, 24.79, 24.06, 22.83, 0, 0, 4.27
2019/06/03 08:02:00, 25.00, 24.97, 24.78, 23.98, 22.80, 0, 0, 4.27
2019/06/03 08:03:00, 25.00, 24.98, 24.77, 24.04, 22.83, 0, 0, 4.27
2019/06/03 08:04:00, 25.00, 24.97, 24.78, 24.07, 22.84, 0, 0, 4.27
2019/06/03 08:05:00, 25.00, 24.95, 24.78, 24.06, 22.83, 0, 0, 4.27
2019/06/03 08:06:00, 25.00, 24.95, 24.77, 24.03, 22.84, 0, 0, 4.27
2019/06/03 08:07:00, 25.00, 24.91, 24.76, 24.07, 22.83, 0, 0, 4.27
2019/06/03 08:08:00, 25.00, 24.93, 24.75, 24.04, 22.83, 0, 0, 4.27
2019/06/03 08:09:00, 25.00, 24.93, 24.75, 24.06, 22.84, 0, 0, 4.27
2019/06/03 08:10:00, 25.00, 24.91, 24.71, 24.10, 22.89, 0, 0, 4.27
2019/06/03 08:11:00, 25.00, 24.93, 24.71, 24.13, 22.88, 0, 0, 4.27
2019/06/03 08:12:00, 25.00, 24.88, 24.71, 24.08, 22.90, 0, 0, 4.27
2019/06/03 08:13:00, 25.00, 24.84, 24.70, 24.08, 22.92, 0, 0, 4.27
2019/06/03 08:14:00, 25.00, 24.85, 24.69, 24.11, 22.92, 0, 0, 4.27
2019/06/03 08:15:00, 25.00, 24.85, 24.68, 24.20, 22.94, 0, 0, 4.27
2019/06/03 08:16:00, 25.00, 24.82, 24.69, 24.13, 22.93, 0, 0, 4.27
2019/06/03 08:17:00, 25.00, 24.82, 24.65, 24.21, 22.96, 0, 0, 4.27
2019/06/03 08:18:00, 25.00, 24.78, 24.64, 24.15, 22.96, 0, 0, 4.27
2019/06/03 08:19:00, 25.00, 24.78, 24.61, 24.18, 22.99, 0, 0, 4.27
2019/06/03 08:20:00, 25.00, 24.77, 24.62, 24.33, 23.06, 0, 0, 4.27
2019/06/03 08:21:00, 25.00, 24.75, 24.60, 24.31, 23.12, 0, 0, 4.27
2019/06/03 08:22:00, 25.00, 24.74, 24.57, 24.25, 23.09, 0, 0, 4.27
2019/06/03 08:23:00, 25.00, 24.74, 24.55, 24.29, 23.06, 0, 0, 4.27
2019/06/03 08:24:00, 25.00, 24.70, 24.53, 24.36, 23.14, 0, 0, 4.27
2019/06/03 08:25:00, 25.00, 24.67, 24.50, 24.30, 23.14, 0, 0, 4.27
2019/06/03 08:26:00, 25.00, 24.64, 24.49, 24.34, 23.15, 0, 0, 4.27
2019/06/03 08:27:00, 25.00, 24.64, 24.46, 24.42, 23.19, 0, 0, 4.27
2019/06/03 08:28:00, 25.00, 24.66, 24.43, 24.50, 23.25, 0, 0, 4.27
2019/06/03 08:29:00, 25.00, 24.61, 24.45, 24.53, 23.33, 0, 0, 4.27
2019/06/03 08:30:00, 25.00, 24.60, 24.43, 24.55, 23.33, 0, 0, 4.27
2019/06/03 08:31:00, 25.00, 24.59, 24.42, 24.57, 23.35, 0, 0, 4.27
2019/06/03 08:32:00, 25.00, 24.57, 24.43, 24.55, 23.37, 0, 0, 4.27
2019/06/03 08:33:00, 25.00, 24.59, 24.42, 24.55, 23.38, 0, 0, 4.27
2019/06/03 08:34:00, 25.00, 24.59, 24.41, 24.66, 23.43, 0, 0, 4.27
2019/06/03 08:35:00, 25.00, 24.61, 24.43, 24.60, 23.44, 0, 0, 4.27
2019/06/03 08:36:00, 25.00, 24.61, 24.43, 24.56, 23.36, 0, 0, 4.27
2019/06/03 08:37:00, 25.00, 24.60, 24.42, 24.58, 23.36, 0, 0, 4.27
2019/06/03 08:38:00, 25.00, 24.61, 24.42, 24.62, 23.36, 0, 0, 4.27
2019/06/03 08:39:00, 25.00, 24.59, 24.42, 24.56, 23.37, 0, 0, 4.27
2019/06/03 08:40:00, 25.00, 24.57, 24.40, 24.68, 23.38, 0, 0, 4.27
2019/06/03 08:41:00, 25.00, 24.59, 24.39, 24.75, 23.51, 0, 0, 4.27
2019/06/03 08:42:00, 25.00, 24.57, 24.40, 24.62, 23.44, 0, 0, 4.27
2019/06/03 08:43:00, 25.00, 24.59, 24.40, 24.66, 23.45, 0, 0, 4.27
2019/06/03 08:44:00, 24.75, 24.59, 24.38, 24.69, 23.47, 0, 0, 4.27
2019/06/03 08:45:00, 25.00, 24.59, 24.39, 24.68, 23.49, 0, 0, 4.27
2019/06/03 08:46:00, 25.00, 24.57, 24.41, 24.74, 23.50, 0, 0, 4.27
2019/06/03 08:47:00, 24.75, 24.63, 24.42, 24.69, 23.47, 0, 0, 4.27
2019/06/03 08:48:00, 24.75, 24.63, 24.46, 24.65, 23.48, 0, 0, 4.27
2019/06/03 08:49:00, 25.00, 24.64, 24.48, 24.61, 23.41, 0, 0, 4.27
2019/06/03 08:50:00, 24.75, 24.64, 24.49, 24.61, 23.40, 0, 0, 4.27
2019/06/03 08:51:00, 25.00, 24.66, 24.49, 24.62, 23.40, 0, 0, 4.27
2019/06/03 08:52:00, 25.00, 24.64, 24.48, 24.61, 23.38, 0, 0, 4.27
2019/06/03 08:53:00, 25.00, 24.66, 24.45, 24.61, 23.41, 0, 0, 4.27
2019/06/03 08:54:00, 24.75, 24.66, 24.46, 24.65, 23.43, 0, 0, 4.27
2019/06/03 08:55:00, 24.75, 24.64, 24.47, 24.70, 23.49, 0, 0, 4.27
2019/06/03 08:56:00, 24.75, 24.66, 24.46, 24.64, 23.44, 0, 0, 4.27
2019/06/03 08:57:00, 24.75, 24.63, 24.48, 24.67, 23.46, 0, 0, 4.27
2019/06/03 08:58:00, 24.75, 24.64, 24.48, 24.68, 23.48, 0, 0, 4.27
2019/06/03 08:59:00, 25.00, 24.70, 24.50, 24.76, 23.54, 0, 0, 4.27
2019/06/03 09:00:00, 25.00, 24.67, 24.51, 24.67, 23.51, 0, 0, 4.27
2019/06/03 09:01:00, 25.00, 24.66, 24.50, 24.64, 23.44, 0, 0, 4.27
2019/06/03 09:02:00, 25.00, 24.67, 24.50, 24.73, 23.47, 0, 0, 4.27
2019/06/03 09:03:00, 25.00, 24.69, 24.53, 24.64, 23.49, 0, 0, 4.27
2019/06/03 09:04:00, 25.00, 24.69, 24.50, 24.64, 23.40, 0, 0, 4.27
2019/06/03 09:05:00, 25.00, 24.69, 24.52, 24.70, 23.48, 0, 0, 4.27
2019/06/03 09:06:00, 25.00, 24.67, 24.51, 24.70, 23.49, 0, 0, 4.27
2019/06/03 09:07:00, 25.00, 24.70, 24.51, 24.70, 23.51, 0, 0, 4.27
2019/06/03 09:08:00, 24.75, 24.69, 24.49, 24.70, 23.51, 0, 0, 4.27
2019/06/03 09:09:00, 25.00, 24.70, 24.50, 24.74, 23.51, 0, 0, 4.27
2019/06/03 09:10:00, 25.00, 24.70, 24.51, 24.77, 23.56, 0, 0, 4.27
2019/06/03 09:11:00, 25.00, 24.70, 24.52, 24.71, 23.54, 0, 0, 4.27
2019/06/03 09:12:00, 25.00, 24.69, 24.51, 24.64, 23.47, 0, 0, 4.27
2019/06/03 09:13:00, 25.00, 24.67, 24.50, 24.68, 23.44, 0, 0, 4.27
2019/06/03 09:14:00, 25.00, 24.67, 24.48, 24.78, 23.55, 0, 0, 4.27
2019/06/03 09:15:00, 25.00, 24.64, 24.48, 24.80, 23.58, 0, 0, 4.27
2019/06/03 09:16:00, 25.00, 24.66, 24.48, 24.80, 23.59, 0, 0, 4.27
2019/06/03 09:17:00, 25.00, 24.67, 24.49, 24.85, 23.59, 0, 0, 4.27
2019/06/03 09:18:00, 25.00, 24.69, 24.51, 24.83, 23.64, 0, 0, 4.27
2019/06/03 09:19:00, 25.00, 24.70, 24.52, 24.76, 23.61, 0, 0, 4.27
2019/06/03 09:20:00, 25.00, 24.73, 24.54, 24.79, 23.59, 0, 0, 4.27
2019/06/03 09:21:00, 25.00, 24.71, 24.56, 24.70, 23.57, 0, 0, 4.27
2019/06/03 09:22:00, 25.00, 24.71, 24.55, 24.75, 23.53, 0, 0, 4.27
2019/06/03 09:23:00, 25.00, 24.74, 24.54, 24.70, 23.54, 0, 0, 4.27
2019/06/03 09:24:00, 25.00, 24.75, 24.54, 24.70, 23.55, 0, 0, 4.27
2019/06/03 09:25:00, 25.00, 24.71, 24.54, 24.72, 23.52, 0, 0, 4.27
2019/06/03 09:26:00, 25.00, 24.71, 24.54, 24.75, 23.54, 0, 0, 4.27
2019/06/03 09:27:00, 25.00, 24.70, 24.52, 24.70, 23.55, 0, 0, 4.27
2019/06/03 09:28:00, 25.00, 24.67, 24.52, 24.73, 23.51, 0, 0, 4.27
2019/06/03 09:29:00, 25.00, 24.67, 24.52, 24.86, 23.61, 0, 0, 4.27
2019/06/03 09:30:00, 25.00, 24.71, 24.51, 24.79, 23.64, 0, 0, 4.27
2019/06/03 09:31:00, 25.00, 24.69, 24.52, 24.80, 23.61, 0, 0, 4.27
2019/06/03 09:32:00, 25.00, 24.70, 24.52, 24.83, 23.63, 0, 0, 4.27
2019/06/03 09:33:00, 25.00, 24.69, 24.51, 24.76, 23.58, 0, 0, 4.27
2019/06/03 09:34:00, 25.00, 24.69, 24.50, 24.81, 23.57, 0, 0, 4.27
2019/06/03 09:35:00, 25.00, 24.69, 24.48, 24.86, 23.67, 0, 0, 4.27
2019/06/03 09:36:00, 25.00, 24.69, 24.52, 24.83, 23.69, 0, 0, 4.27
2019/06/03 09:37:00, 25.00, 24.74, 24.53, 24.89, 23.70, 0, 0, 4.27
2019/06/03 09:38:00, 25.00, 24.73, 24.54, 24.81, 23.66, 0, 0, 4.27
2019/06/03 09:39:00, 25.00, 24.74, 24.55, 24.76, 23.61, 0, 0, 4.27
2019/06/03 09:40:00, 25.00, 24.75, 24.58, 24.81, 23.58, 0, 0, 4.27
2019/06/03 09:41:00, 25.00, 24.74, 24.56, 24.77, 23.59, 0, 0, 4.27
2019/06/03 09:42:00, 25.00, 24.75, 24.56, 24.81, 23.59, 0, 0, 4.27
2019/06/03 09:43:00, 25.00, 24.74, 24.56, 24.78, 23.58, 0, 0, 4.27
2019/06/03 09:44:00, 25.00, 24.75, 24.55, 24.84, 23.59, 0, 0, 4.27
2019/06/03 09:45:00, 25.00, 24.71, 24.54, 24.79, 23.59, 0, 0, 4.27
2019/06/03 09:46:00, 25.00, 24.73, 24.55, 24.91, 23.67, 0, 0, 4.27
2019/06/03 09:47:00, 25.00, 24.77, 24.57, 24.91, 23.71, 0, 0, 4.27
2019/06/03 09:48:00, 25.00, 24.74, 24.55, 24.81, 23.67, 0, 0, 4.27
2019/06/03 09:49:00, 25.00, 24.77, 24.58, 24.82, 23.63, 0, 0, 4.27
2019/06/03 09:50:00, 25.00, 24.75, 24.58, 24.88, 23.67, 0, 0, 4.27
2019/06/03 09:51:00, 25.00, 24.77, 24.58, 24.85, 23.64, 0, 0, 4.27
2019/06/03 09:52:00, 25.00, 24.77, 24.60, 24.82, 23.64, 0, 0, 4.27
2019/06/03 09:53:00, 25.00, 24.77, 24.61, 24.78, 23.63, 0, 0, 4.27
2019/06/03 09:54:00, 25.00, 24.77, 24.58, 24.79, 23.60, 0, 0, 4.27
2019/06/03 09:55:00, 25.00, 24.78, 24.61, 24.82, 23.60, 0, 0, 4.27
2019/06/03 09:56:00, 25.00, 24.78, 24.61, 24.81, 23.60, 0, 0, 4.27
2019/06/03 09:57:00, 25.00, 24.78, 24.62, 24.74, 23.60, 0, 0, 4.27
2019/06/03 09:58:00, 25.00, 24.80, 24.61, 24.74, 23.56, 0, 0, 4.27
2019/06/03 09:59:00, 25.00, 24.77, 24.61, 24.76, 23.54, 0, 0, 4.27
2019/06/03 10:00:00, 25.00, 24.78, 24.63, 24.72, 23.57, 0, 0, 4.27
2019/06/03 10:01:00, 25.00, 24.78, 24.63, 24.72, 23.54, 0, 0, 4.27
2019/06/03 10:02:00, 25.00, 24.77, 24.61, 24.71, 23.54, 0, 0, 4.27
2019/06/03 10:03:00, 25.00, 24.78, 24.61, 24.75, 23.54, 0, 0, 4.27
2019/06/03 10:04:00, 25.00, 24.77, 24.58, 24.65, 23.47, 0, 0, 4.27
2019/06/03 10:05:00, 25.00, 24.74, 24.56, 24.70, 23.50, 0, 0, 4.27
2019/06/03 10:06:00, 25.00, 24.74, 24.55, 24.66, 23.51, 0, 0, 4.27
2019/06/03 10:07:00, 25.00, 24.74, 24.56, 24.70, 23.51, 0, 0, 4.27
2019/06/03 10:08:00, 25.00, 24.73, 24.55, 24.73, 23.54, 0, 0, 4.27
2019/06/03 10:09:00, 25.00, 24.73, 24.56, 24.76, 23.53, 0, 0, 4.27
2019/06/03 10:10:00, 25.00, 24.75, 24.55, 24.73, 23.55, 0, 0, 4.27
2019/06/03 10:11:00, 25.00, 24.74, 24.55, 24.79, 23.58, 0, 0, 4.27
2019/06/03 10:12:00, 25.00, 24.75, 24.55, 24.69, 23.56, 0, 0, 4.27
2019/06/03 10:13:00, 25.00, 24.71, 24.54, 24.70, 23.54, 0, 0, 4.27
2019/06/03 10:14:00, 25.00, 24.71, 24.55, 24.69, 23.48, 0, 0, 4.27
2019/06/03 10:15:00, 25.00, 24.73, 24.55, 24.72, 23.50, 0, 0, 4.27
2019/06/03 10:16:00, 25.00, 24.71, 24.53, 24.69, 23.47, 0, 0, 4.27
2019/06/03 10:17:00, 25.00, 24.73, 24.54, 24.60, 23.38, 0, 0, 4.27
2019/06/03 10:18:00, 25.00, 24.70, 24.52, 24.64, 23.41, 0, 0, 4.27
2019/06/03 10:19:00, 25.00, 24.66, 24.49, 24.57, 23.36, 0, 0, 4.27
2019/06/03 10:20:00, 25.00, 24.70, 24.50, 24.67, 23.45, 0, 0, 4.27
2019/06/03 10:21:00, 25.00, 24.67, 24.50, 24.68, 23.48, 0, 0, 4.27
2019/06/03 10:22:00, 25.00, 24.69, 24.50, 24.70, 23.51, 0, 0, 4.27
2019/06/03 10:23:00, 25.00, 24.69, 24.51, 24.69, 23.50, 0, 0, 4.27
2019/06/03 10:24:00, 25.00, 24.69, 24.48, 24.55, 23.43, 0, 0, 4.27
2019/06/03 10:25:00, 25.00, 24.64, 24.48, 24.57, 23.38, 0, 0, 4.27
2019/06/03 10:26:00, 25.00, 24.66, 24.45, 24.64, 23.39, 0, 0, 4.27
2019/06/03 10:27:00, 25.00, 24.63, 24.43, 24.71, 23.44, 0, 0, 4.27
2019/06/03 10:28:00, 25.00, 24.63, 24.46, 24.68, 23.51, 0, 0, 4.27
2019/06/03 10:29:00, 25.00, 24.61, 24.46, 24.69, 23.46, 0, 0, 4.27
2019/06/03 10:30:00, 25.00, 24.61, 24.42, 24.65, 23.47, 0, 0, 4.27
2019/06/03 10:31:00, 25.00, 24.60, 24.40, 24.74, 23.46, 0, 0, 4.27
2019/06/03 10:32:00, 25.00, 24.60, 24.42, 24.76, 23.51, 0, 0, 4.27
2019/06/03 10:33:00, 25.00, 24.61, 24.40, 24.78, 23.54, 0, 0, 4.27
2019/06/03 10:34:00, 25.00, 24.59, 24.42, 24.75, 23.56, 0, 0, 4.27
2019/06/03 10:35:00, 25.00, 24.57, 24.42, 24.75, 23.53, 0, 0, 4.27
2019/06/03 10:36:00, 25.00, 24.61, 24.42, 24.81, 23.60, 0, 0, 4.27
2019/06/03 10:37:00, 25.00, 24.61, 24.43, 24.84, 23.63, 0, 0, 4.27
2019/06/03 10:38:00, 25.00, 24.60, 24.42, 24.84, 23.62, 0, 0, 4.27
2019/06/03 10:39:00, 25.00, 24.60, 24.41, 24.78, 23.60, 0, 0, 4.27
2019/06/03 10:40:00, 25.00, 24.60, 24.41, 24.82, 23.60, 0, 0, 4.27
2019/06/03 10:41:00, 25.00, 24.59, 24.40, 24.73, 23.57, 0, 0, 4.27
2019/06/03 10:42:00, 25.00, 24.59, 24.41, 24.84, 23.57, 0, 0, 4.27
2019/06/03 10:43:00, 25.00, 24.59, 24.41, 24.76, 23.54, 0, 0, 4.27
2019/06/03 10:44:00, 25.00, 24.59, 24.42, 24.72, 23.49, 0, 0, 4.27
2019/06/03 10:45:00, 25.00, 24.60, 24.40, 24.65, 23.49, 0, 0, 4.27
2019/06/03 10:46:00, 25.00, 24.59, 24.40, 24.68, 23.47, 0, 0, 4.27
2019/06/03 10:47:00, 25.00, 24.57, 24.38, 24.66, 23.47, 0, 0, 4.27
2019/06/03 10:48:00, 25.00, 24.56, 24.39, 24.65, 23.48, 0, 0, 4.27
2019/06/03 10:49:00, 25.00, 24.53, 24.36, 24.67, 23.47, 0, 0, 4.27
2019/06/03 10:50:00, 25.00, 24.56, 24.37, 24.71, 23.50, 0, 0, 4.27
2019/06/03 10:51:00, 25.00, 24.56, 24.35, 24.66, 23.49, 0, 0, 4.27
2019/06/03 10:52:00, 25.00, 24.56, 24.38, 24.69, 23.54, 0, 0, 4.27
2019/06/03 10:53:00, 25.00, 24.56, 24.39, 24.71, 23.54, 0, 0, 4.27
2019/06/03 10:54:00, 25.00, 24.57, 24.37, 24.76, 23.54, 0, 0, 4.27
2019/06/03 10:55:00, 25.00, 24.53, 24.39, 24.75, 23.56, 0, 0, 4.27
2019/06/03 10:56:00, 25.00, 24.56, 24.37, 24.74, 23.54, 0, 0, 4.27
2019/06/03 10:57:00, 25.00, 24.54, 24.36, 24.79, 23.57, 0, 0, 4.27
2019/06/03 10:58:00, 25.00, 24.57, 24.37, 24.84, 23.58, 0, 0, 4.27
2019/06/03 10:59:00, 25.00, 24.53, 24.36, 24.75, 23.60, 0, 0, 4.27
2019/06/03 11:00:00, 25.00, 24.52, 24.36, 24.80, 23.58, 0, 0, 4.27
2019/06/03 11:01:00, 25.00, 24.50, 24.35, 24.84, 23.63, 0, 0, 4.27
2019/06/03 11:02:00, 25.00, 24.53, 24.34, 24.83, 23.64, 0, 0, 4.27
2019/06/03 11:03:00, 25.00, 24.53, 24.35, 24.85, 23.65, 0, 0, 4.27
2019/06/03 11:04:00, 25.00, 24.53, 24.35, 24.77, 23.59, 0, 0, 4.27
2019/06/03 11:05:00, 25.00, 24.50, 24.33, 24.86, 23.62, 0, 0, 4.27
2019/06/03 11:06:00, 25.00, 24.53, 24.33, 24.85, 23.65, 0, 0, 4.27
2019/06/03 11:07:00, 25.00, 24.52, 24.35, 24.88, 23.65, 0, 0, 4.27
2019/06/03 11:08:00, 25.00, 24.53, 24.35, 24.82, 23.64, 0, 0, 4.27
2019/06/03 11:09:00, 25.00, 24.53, 24.35, 24.74, 23.61, 0, 0, 4.27
2019/06/03 11:10:00, 25.00, 24.54, 24.37, 24.79, 23.61, 0, 0, 4.27
2019/06/03 11:11:00, 25.00, 24.53, 24.34, 24.80, 23.60, 0, 0, 4.27
2019/06/03 11:12:00, 25.00, 24.50, 24.35, 24.76, 23.57, 0, 0, 4.27
2019/06/03 11:13:00, 25.00, 24.53, 24.35, 24.74, 23.57, 0, 0, 4.27
2019/06/03 11:14:00, 25.00, 24.52, 24.35, 24.74, 23.57, 0, 0, 4.27
2019/06/03 11:15:00, 25.00, 24.53, 24.34, 24.76, 23.54, 0, 0, 4.27
2019/06/03 11:16:00, 25.00, 24.50, 24.34, 24.74, 23.57, 0, 0, 4.27
2019/06/03 11:17:00, 25.00, 24.53, 24.35, 24.74, 23.57, 0, 0, 4.27
2019/06/03 11:18:00, 25.00, 24.52, 24.34, 24.76, 23.57, 0, 0, 4.27
2019/06/03 11:19:00, 25.00, 24.52, 24.34, 24.76, 23.57, 0, 0, 4.27
2019/06/03 11:20:00, 24.75, 24.54, 24.35, 24.78, 23.58, 0, 0, 4.27
2019/06/03 11:21:00, 24.75, 24.53, 24.35, 24.76, 23.58, 0, 0, 4.27
2019/06/03 11:22:00, 25.00, 24.52, 24.32, 24.82, 23.58, 0, 0, 4.27
2019/06/03 11:23:00, 25.00, 24.52, 24.34, 24.78, 23.60, 0, 0, 4.27
2019/06/03 11:24:00, 25.00, 24.52, 24.34, 24.83, 23.62, 0, 0, 4.27
2019/06/03 11:25:00, 25.00, 24.52, 24.35, 24.78, 23.61, 0, 0, 4.27
2019/06/03 11:26:00, 25.00, 24.53, 24.36, 24.84, 23.65, 0, 0, 4.27
2019/06/03 11:27:00, 25.00, 24.53, 24.35, 24.83, 23.67, 0, 0, 4.27
2019/06/03 11:28:00, 25.00, 24.53, 24.37, 24.88, 23.66, 0, 0, 4.27
2019/06/03 11:29:00, 25.00, 24.56, 24.37, 24.79, 23.64, 0, 0, 4.27
2019/06/03 11:30:00, 24.75, 24.53, 24.34, 24.79, 23.60, 0, 0, 4.27
2019/06/03 11:31:00, 24.75, 24.53, 24.35, 24.83, 23.65, 0, 0, 4.27
2019/06/03 11:32:00, 25.00, 24.53, 24.35, 24.85, 23.69, 0, 0, 4.27
2019/06/03 11:33:00, 25.00, 24.53, 24.35, 24.89, 23.67, 0, 0, 4.27
2019/06/03 11:34:00, 25.00, 24.49, 24.33, 24.92, 23.68, 0, 0, 4.27
2019/06/03 11:35:00, 25.00, 24.54, 24.34, 24.94, 23.71, 0, 0, 4.27
2019/06/03 11:36:00, 25.00, 24.53, 24.33, 25.00, 23.78, 0, 0, 4.27
2019/06/03 11:37:00, 25.00, 24.53, 24.34, 24.98, 23.73, 0, 0, 4.27
2019/06/03 11:38:00, 25.00, 24.52, 24.35, 24.98, 23.77, 0, 0, 4.27
2019/06/03 11:39:00, 24.75, 24.53, 24.34, 24.96, 23.77, 0, 0, 4.27
2019/06/03 11:40:00, 24.75, 24.54, 24.36, 24.95, 23.73, 0, 0, 4.27
2019/06/03 11:41:00, 24.75, 24.53, 24.36, 25.00, 23.77, 0, 0, 4.27
2019/06/03 11:42:00, 24.75, 24.53, 24.37, 25.01, 23.79, 0, 0, 4.27
2019/06/03 11:43:00, 24.75, 24.56, 24.37, 25.01, 23.80, 0, 0, 4.27
2019/06/03 11:44:00, 24.75, 24.53, 24.36, 25.03, 23.80, 0, 0, 4.27
2019/06/03 11:45:00, 25.00, 24.53, 24.36, 25.07, 23.86, 0, 0, 4.27
2019/06/03 11:46:00, 25.00, 24.56, 24.36, 25.17, 23.92, 0, 0, 4.27
2019/06/03 11:47:00, 24.75, 24.53, 24.36, 25.13, 23.93, 0, 0, 4.27
2019/06/03 11:48:00, 24.75, 24.54, 24.34, 25.17, 23.95, 0, 0, 4.27
2019/06/03 11:49:00, 24.75, 24.52, 24.34, 25.09, 23.90, 0, 0, 4.27
2019/06/03 11:50:00, 24.75, 24.53, 24.35, 25.13, 23.92, 0, 0, 4.27
2019/06/03 11:51:00, 24.75, 24.54, 24.35, 25.14, 23.93, 0, 0, 4.27
2019/06/03 11:52:00, 24.75, 24.53, 24.34, 25.10, 23.91, 0, 0, 4.27
2019/06/03 11:53:00, 24.75, 24.52, 24.33, 25.13, 23.89, 0, 0, 4.27
2019/06/03 11:54:00, 24.75, 24.53, 24.35, 25.09, 23.89, 0, 0, 4.27
2019/06/03 11:55:00, 24.75, 24.56, 24.37, 25.14, 23.90, 0, 0, 4.27
2019/06/03 11:56:00, 24.75, 24.54, 24.36, 25.07, 23.89, 0, 0, 4.27
2019/06/03 11:57:00, 24.75, 24.56, 24.35, 25.13, 23.89, 0, 0, 4.27
2019/06/03 11:58:00, 24.75, 24.56, 24.38, 25.05, 23.87, 0, 0, 4.27
2019/06/03 11:59:00, 25.00, 24.56, 24.38, 25.07, 23.87, 0, 0, 4.27
2019/06/03 12:00:00, 24.75, 24.57, 24.40, 25.03, 23.86, 0, 0, 4.27
2019/06/03 12:01:00, 25.00, 24.57, 24.39, 25.07, 23.87, 0, 0, 4.27
2019/06/03 12:02:00, 24.75, 24.59, 24.39, 25.06, 23.86, 0, 0, 4.27
2019/06/03 12:03:00, 24.75, 24.59, 24.39, 25.09, 23.89, 0, 0, 4.27
2019/06/03 12:04:00, 24.75, 24.57, 24.38, 25.01, 23.89, 0, 0, 4.27
2019/06/03 12:05:00, 24.75, 24.56, 24.37, 25.13, 23.93, 0, 0, 4.27
2019/06/03 12:06:00, 24.75, 24.59, 24.39, 25.10, 23.93, 0, 0, 4.27
2019/06/03 12:07:00, 24.75, 24.54, 24.39, 25.13, 23.92, 0, 0, 4.27
2019/06/03 12:08:00, 24.75, 24.54, 24.37, 25.11, 23.93, 0, 0, 4.27
2019/06/03 12:09:00, 24.75, 24.54, 24.35, 25.19, 23.96, 0, 0, 4.27
2019/06/03 12:10:00, 24.75, 24.56, 24.37, 25.19, 23.98, 0, 0, 4.27
2019/06/03 12:11:00, 24.75, 24.52, 24.36, 25.22, 24.00, 0, 0, 4.27
2019/06/03 12:12:00, 24.75, 24.53, 24.36, 25.16, 23.99, 0, 0, 4.27
2019/06/03 12:13:00, 24.75, 24.54, 24.37, 25.16, 23.99, 0, 0, 4.27
2019/06/03 12:14:00, 24.75, 24.52, 24.34, 25.23, 24.00, 0, 0, 4.27
2019/06/03 12:15:00, 24.75, 24.53, 24.34, 25.13, 24.00, 0, 0, 4.27
2019/06/03 12:16:00, 24.75, 24.53, 24.35, 25.22, 24.01, 0, 0, 4.27
2019/06/03 12:17:00, 24.75, 24.52, 24.33, 25.23, 23.99, 0, 0, 4.27
2019/06/03 12:18:00, 24.75, 24.49, 24.34, 25.27, 24.05, 0, 0, 4.27
2019/06/03 12:19:00, 24.75, 24.50, 24.33, 25.30, 24.09, 0, 0, 4.27
2019/06/03 12:20:00, 24.75, 24.50, 24.32, 25.26, 24.08, 0, 0, 4.27
2019/06/03 12:21:00, 24.75, 24.50, 24.32, 25.30, 24.09, 0, 0, 4.27
2019/06/03 12:22:00, 24.75, 24.52, 24.33, 25.30, 24.08, 0, 0, 4.27
2019/06/03 12:23:00, 24.75, 24.52, 24.32, 25.23, 24.06, 0, 0, 4.27
2019/06/03 12:24:00, 24.75, 24.47, 24.32, 25.26, 24.06, 0, 0, 4.27
2019/06/03 12:25:00, 24.75, 24.50, 24.31, 25.25, 24.05, 0, 0, 4.27
2019/06/03 12:26:00, 24.75, 24.50, 24.31, 25.29, 24.09, 0, 0, 4.27
2019/06/03 12:27:00, 24.75, 24.49, 24.32, 25.27, 24.08, 0, 0, 4.27
2019/06/03 12:28:00, 24.75, 24.47, 24.30, 25.26, 24.07, 0, 0, 4.27
2019/06/03 12:29:00, 24.75, 24.47, 24.30, 25.30, 24.08, 0, 0, 4.27
2019/06/03 12:30:00, 24.75, 24.46, 24.27, 25.28, 24.12, 0, 0, 4.27
2019/06/03 12:31:00, 24.75, 24.46, 24.28, 25.31, 24.14, 0, 0, 4.27
2019/06/03 12:32:00, 24.75, 24.47, 24.30, 25.36, 24.16, 0, 0, 4.27
2019/06/03 12:33:00, 24.75, 24.47, 24.27, 25.32, 24.13, 0, 0, 4.27
2019/06/03 12:34:00, 24.75, 24.47, 24.27, 25.34, 24.18, 0, 0, 4.27
2019/06/03 12:35:00, 24.75, 24.47, 24.28, 25.39, 24.18, 0, 0, 4.27
2019/06/03 12:36:00, 24.75, 24.47, 24.31, 25.36, 24.18, 0, 0, 4.27
2019/06/03 12:37:00, 24.75, 24.50, 24.30, 25.38, 24.18, 0, 0, 4.27
2019/06/03 12:38:00, 24.75, 24.49, 24.32, 25.30, 24.19, 0, 0, 4.27
2019/06/03 12:39:00, 24.75, 24.50, 24.30, 25.40, 24.20, 0, 0, 4.27
2019/06/03 12:40:00, 24.75, 24.50, 24.30, 25.39, 24.20, 0, 0, 4.27
2019/06/03 12:41:00, 24.75, 24.46, 24.28, 25.43, 24.21, 0, 0, 4.27
2019/06/03 12:42:00, 24.75, 24.47, 24.28, 25.48, 24.27, 0, 0, 4.27
2019/06/03 12:43:00, 24.75, 24.47, 24.28, 25.44, 24.29, 0, 0, 4.27
2019/06/03 12:44:00, 24.75, 24.46, 24.27, 25.49, 24.28, 0, 0, 4.27
2019/06/03 12:45:00, 24.75, 24.46, 24.27, 25.48, 24.28, 0, 0, 4.27
2019/06/03 12:46:00, 24.75, 24.44, 24.26, 25.50, 24.31, 0, 0, 4.27
2019/06/03 12:47:00, 24.75, 24.49, 24.25, 25.52, 24.34, 0, 0, 4.27
2019/06/03 12:48:00, 24.75, 24.44, 24.26, 25.54, 24.34, 0, 0, 4.27
2019/06/03 12:49:00, 24.75, 24.44, 24.27, 25.55, 24.37, 0, 0, 4.27
2019/06/03 12:50:00, 24.75, 24.46, 24.25, 25.61, 24.41, 0, 0, 4.27
2019/06/03 12:51:00, 24.75, 24.44, 24.26, 25.58, 24.40, 0, 0, 4.27
2019/06/03 12:52:00, 24.75, 24.46, 24.27, 25.62, 24.41, 0, 0, 4.27
2019/06/03 12:53:00, 24.75, 24.47, 24.26, 25.65, 24.43, 0, 0, 4.27
2019/06/03 12:54:00, 24.75, 24.49, 24.27, 25.68, 24.45, 0, 0, 4.27
2019/06/03 12:55:00, 24.75, 24.46, 24.27, 25.65, 24.47, 0, 0, 4.27
2019/06/03 12:56:00, 24.75, 24.44, 24.27, 25.68, 24.47, 0, 0, 4.27
2019/06/03 12:57:00, 24.75, 24.46, 24.28, 25.65, 24.47, 0, 0, 4.27
2019/06/03 12:58:00, 24.75, 24.47, 24.31, 25.70, 24.49, 0, 0, 4.27
2019/06/03 12:59:00, 24.75, 24.49, 24.32, 25.65, 24.50, 0, 0, 4.27
2019/06/03 13:00:00, 24.75, 24.49, 24.32, 25.67, 24.48, 0, 0, 4.27
2019/06/03 13:01:00, 24.75, 24.50, 24.32, 25.68, 24.49, 0, 0, 4.27
2019/06/03 13:02:00, 24.75, 24.52, 24.33, 25.71, 24.52, 0, 0, 4.27
2019/06/03 13:03:00, 24.75, 24.49, 24.31, 25.70, 24.51, 0, 0, 4.27
2019/06/03 13:04:00, 24.75, 24.50, 24.33, 25.71, 24.50, 0, 0, 4.27
2019/06/03 13:05:00, 24.75, 24.53, 24.33, 25.71, 24.52, 0, 0, 4.27
2019/06/03 13:06:00, 24.75, 24.53, 24.34, 25.71, 24.54, 0, 0, 4.27
2019/06/03 13:07:00, 24.75, 24.50, 24.34, 25.72, 24.53, 0, 0, 4.27
2019/06/03 13:08:00, 24.75, 24.50, 24.33, 25.83, 24.58, 0, 0, 4.27
2019/06/03 13:09:00, 24.75, 24.50, 24.33, 25.90, 24.67, 0, 0, 4.27
2019/06/03 13:10:00, 24.75, 24.52, 24.35, 25.92, 24.70, 0, 0, 4.27
2019/06/03 13:11:00, 24.75, 24.53, 24.35, 25.95, 24.73, 0, 0, 4.27
2019/06/03 13:12:00, 24.75, 24.56, 24.35, 25.94, 24.73, 0, 0, 4.27
2019/06/03 13:13:00, 24.75, 24.54, 24.39, 25.98, 24.76, 0, 0, 4.27
2019/06/03 13:14:00, 24.75, 24.56, 24.39, 25.96, 24.76, 0, 0, 4.27
2019/06/03 13:15:00, 24.75, 24.56, 24.39, 25.96, 24.76, 0, 0, 4.27
2019/06/03 13:16:00, 24.75, 24.57, 24.40, 25.91, 24.76, 0, 0, 4.27
2019/06/03 13:17:00, 24.75, 24.56, 24.40, 25.94, 24.76, 0, 0, 4.27
2019/06/03 13:18:00, 24.75, 24.59, 24.43, 25.97, 24.77, 0, 0, 4.27
2019/06/03 13:19:00, 24.75, 24.60, 24.42, 25.96, 24.76, 0, 0, 4.27
2019/06/03 13:20:00, 24.75, 24.60, 24.42, 25.98, 24.79, 0, 0, 4.27
2019/06/03 13:21:00, 24.75, 24.61, 24.41, 25.98, 24.80, 0, 0, 4.27
2019/06/03 13:22:00, 24.75, 24.61, 24.45, 25.98, 24.81, 0, 0, 4.27
2019/06/03 13:23:00, 24.75, 24.60, 24.43, 26.00, 24.83, 0, 0, 4.27
2019/06/03 13:24:00, 24.75, 24.61, 24.45, 26.06, 24.83, 0, 0, 4.27
2019/06/03 13:25:00, 24.75, 24.61, 24.46, 26.02, 24.86, 0, 0, 4.27
2019/06/03 13:26:00, 24.75, 24.64, 24.46, 26.06, 24.87, 0, 0, 4.27
2019/06/03 13:27:00, 24.75, 24.61, 24.43, 26.05, 24.86, 0, 0, 4.27
2019/06/03 13:28:00, 24.75, 24.61, 24.43, 26.02, 24.85, 0, 0, 4.27
2019/06/03 13:29:00, 24.75, 24.64, 24.43, 26.08, 24.88, 0, 0, 4.27
2019/06/03 13:30:00, 24.75, 24.63, 24.45, 26.09, 24.89, 0, 0, 4.27
2019/06/03 13:31:00, 24.75, 24.61, 24.46, 26.12, 24.93, 0, 0, 4.27
2019/06/03 13:32:00, 24.75, 24.61, 24.43, 26.10, 24.92, 0, 0, 4.27
2019/06/03 13:33:00, 24.75, 24.61, 24.43, 26.13, 24.94, 0, 0, 4.27
2019/06/03 13:34:00, 24.75, 24.63, 24.45, 26.15, 24.98, 0, 0, 4.27
2019/06/03 13:35:00, 24.75, 24.60, 24.42, 26.15, 24.98, 0, 0, 4.27
2019/06/03 13:36:00, 24.75, 24.61, 24.42, 26.22, 25.05, 0, 0, 4.27
2019/06/03 13:37:00, 24.75, 24.59, 24.41, 26.22, 25.06, 0, 0, 4.27
2019/06/03 13:38:00, 24.75, 24.57, 24.41, 26.28, 25.09, 0, 0, 4.27
2019/06/03 13:39:00, 24.75, 24.60, 24.42, 26.30, 25.12, 0, 0, 4.27
2019/06/03 13:40:00, 24.75, 24.61, 24.42, 26.28, 25.14, 0, 0, 4.27
2019/06/03 13:41:00, 24.75, 24.60, 24.42, 26.33, 25.15, 0, 0, 4.27
2019/06/03 13:42:00, 24.75, 24.60, 24.45, 26.31, 25.16, 0, 0, 4.27
2019/06/03 13:43:00, 24.75, 24.60, 24.41, 26.37, 25.18, 0, 0, 4.27
2019/06/03 13:44:00, 24.75, 24.59, 24.41, 26.41, 25.25, 0, 0, 4.27
2019/06/03 13:45:00, 24.75, 24.61, 24.43, 26.49, 25.30, 0, 0, 4.27
2019/06/03 13:46:00, 24.75, 24.59, 24.43, 26.51, 25.34, 0, 0, 4.27
2019/06/03 13:47:00, 24.75, 24.63, 24.43, 26.53, 25.37, 0, 0, 4.27
2019/06/03 13:48:00, 24.75, 24.59, 24.42, 26.59, 25.41, 0, 0, 4.27
2019/06/03 13:49:00, 24.75, 24.60, 24.43, 26.65, 25.47, 0, 0, 4.27
2019/06/03 13:50:00, 24.75, 24.61, 24.41, 26.62, 25.44, 0, 0, 4.27
2019/06/03 13:51:00, 24.75, 24.63, 24.43, 26.68, 25.47, 0, 0, 4.27
2019/06/03 13:52:00, 24.75, 24.61, 24.43, 26.71, 25.51, 0, 0, 4.27
2019/06/03 13:53:00, 24.75, 24.60, 24.42, 26.66, 25.49, 0, 0, 4.27
2019/06/03 13:54:00, 24.75, 24.60, 24.42, 26.78, 25.50, 0, 0, 4.27
2019/06/03 13:55:00, 24.75, 24.59, 24.42, 26.73, 25.52, 0, 0, 4.27
2019/06/03 13:56:00, 24.75, 24.61, 24.39, 26.71, 25.53, 0, 0, 4.27
2019/06/03 13:57:00, 24.75, 24.61, 24.43, 26.71, 25.57, 0, 0, 4.27
2019/06/03 13:58:00, 24.75, 24.59, 24.42, 26.69, 25.56, 0, 0, 4.27
2019/06/03 13:59:00, 24.75, 24.59, 24.40, 26.66, 25.53, 0, 0, 4.27
2019/06/03 14:00:00, 24.75, 24.57, 24.41, 26.77, 25.57, 0, 0, 4.27
2019/06/03 14:01:00, 24.75, 24.60, 24.43, 26.81, 25.60, 0, 0, 4.27
2019/06/03 14:02:00, 24.75, 24.61, 24.40, 26.81, 25.65, 0, 0, 4.27
2019/06/03 14:03:00, 24.75, 24.64, 24.43, 26.88, 25.69, 0, 0, 4.27
2019/06/03 14:04:00, 25.00, 24.59, 24.41, 26.87, 25.69, 0, 0, 4.27
2019/06/03 14:05:00, 24.75, 24.60, 24.40, 26.84, 25.66, 0, 0, 4.27
2019/06/03 14:06:00, 24.75, 24.59, 24.42, 26.87, 25.67, 0, 0, 4.27
2019/06/03 14:07:00, 24.75, 24.60, 24.40, 26.82, 25.69, 0, 0, 4.27
2019/06/03 14:08:00, 24.75, 24.61, 24.40, 26.91, 25.70, 0, 0, 4.27
2019/06/03 14:09:00, 24.75, 24.60, 24.41, 26.87, 25.72, 0, 0, 4.27
2019/06/03 14:10:00, 24.75, 24.60, 24.40, 26.94, 25.74, 0, 0, 4.27
2019/06/03 14:11:00, 25.00, 24.59, 24.42, 26.91, 25.76, 0, 0, 4.27
2019/06/03 14:12:00, 24.75, 24.61, 24.43, 26.93, 25.77, 0, 0, 4.27
2019/06/03 14:13:00, 25.00, 24.61, 24.45, 26.94, 25.76, 0, 0, 4.27
2019/06/03 14:14:00, 24.75, 24.63, 24.45, 26.97, 25.78, 0, 0, 4.27
2019/06/03 14:15:00, 24.75, 24.61, 24.43, 26.91, 25.74, 0, 0, 4.27
2019/06/03 14:16:00, 24.75, 24.61, 24.43, 26.95, 25.74, 0, 0, 4.27
2019/06/03 14:17:00, 24.75, 24.61, 24.42, 26.94, 25.76, 0, 0, 4.27
2019/06/03 14:18:00, 25.00, 24.63, 24.43, 26.97, 25.80, 0, 0, 4.27
2019/06/03 14:19:00, 25.00, 24.57, 24.41, 27.09, 25.84, 0, 0, 4.27
2019/06/03 14:20:00, 24.75, 24.61, 24.41, 27.07, 25.87, 0, 0, 4.27
2019/06/03 14:21:00, 25.00, 24.57, 24.41, 27.04, 25.88, 0, 0, 4.27
2019/06/03 14:22:00, 24.75, 24.61, 24.42, 27.07, 25.87, 0, 0, 4.27
2019/06/03 14:23:00, 24.75, 24.60, 24.40, 27.11, 25.89, 0, 0, 4.27
2019/06/03 14:24:00, 25.00, 24.60, 24.41, 27.12, 25.93, 0, 0, 4.27
2019/06/03 14:25:00, 25.00, 24.59, 24.40, 27.13, 25.97, 0, 0, 4.27
2019/06/03 14:26:00, 25.00, 24.60, 24.42, 27.13, 26.00, 0, 0, 4.27
2019/06/03 14:27:00, 24.75, 24.60, 24.41, 27.13, 25.99, 0, 0, 4.27
2019/06/03 14:28:00, 25.00, 24.57, 24.41, 27.17, 26.00, 0, 0, 4.27
2019/06/03 14:29:00, 24.75, 24.60, 24.42, 27.19, 26.00, 0, 0, 4.27
2019/06/03 14:30:00, 24.75, 24.60, 24.43, 27.25, 26.07, 0, 0, 4.27
2019/06/03 14:31:00, 25.00, 24.59, 24.42, 27.26, 26.08, 0, 0, 4.27
2019/06/03 14:32:00, 25.00, 24.60, 24.41, 27.23, 26.10, 0, 0, 4.27
2019/06/03 14:33:00, 25.00, 24.57, 24.41, 27.28, 26.11, 0, 0, 4.27
2019/06/03 14:34:00, 25.00, 24.59, 24.43, 27.32, 26.14, 0, 0, 4.27
2019/06/03 14:35:00, 24.75, 24.61, 24.40, 27.35, 26.18, 0, 0, 4.27
2019/06/03 14:36:00, 25.00, 24.61, 24.43, 27.34, 26.21, 0, 0, 4.27
2019/06/03 14:37:00, 25.00, 24.59, 24.43, 27.38, 26.24, 0, 0, 4.27
2019/06/03 14:38:00, 24.75, 24.57, 24.41, 27.42, 26.26, 0, 0, 4.27
2019/06/03 14:39:00, 24.75, 24.61, 24.42, 27.44, 26.30, 0, 0, 4.27
2019/06/03 14:40:00, 25.00, 24.60, 24.42, 27.51, 26.33, 0, 0, 4.27
2019/06/03 14:41:00, 25.00, 24.61, 24.42, 27.48, 26.34, 0, 0, 4.27
2019/06/03 14:42:00, 25.00, 24.60, 24.40, 27.53, 26.34, 0, 0, 4.27
2019/06/03 14:43:00, 25.00, 24.60, 24.43, 27.56, 26.38, 0, 0, 4.27
2019/06/03 14:44:00, 25.00, 24.60, 24.42, 27.62, 26.40, 0, 0, 4.27
2019/06/03 14:45:00, 24.75, 24.60, 24.42, 27.59, 26.43, 0, 0, 4.27
2019/06/03 14:46:00, 25.00, 24.60, 24.41, 27.59, 26.44, 0, 0, 4.27
2019/06/03 14:47:00, 25.00, 24.61, 24.43, 27.62, 26.49, 0, 0, 4.27
2019/06/03 14:48:00, 25.00, 24.60, 24.41, 27.65, 26.51, 0, 0, 4.27
2019/06/03 14:49:00, 25.00, 24.61, 24.42, 27.64, 26.49, 0, 0, 4.27
2019/06/03 14:50:00, 25.00, 24.61, 24.41, 27.64, 26.47, 0, 0, 4.27
2019/06/03 14:51:00, 25.00, 24.60, 24.42, 27.66, 26.52, 0, 0, 4.27
2019/06/03 14:52:00, 25.00, 24.60, 24.43, 27.75, 26.60, 0, 0, 4.27
2019/06/03 14:53:00, 25.00, 24.59, 24.41, 27.79, 26.59, 0, 0, 4.27
2019/06/03 14:54:00, 25.00, 24.61, 24.43, 27.81, 26.64, 0, 0, 4.27
2019/06/03 14:55:00, 25.00, 24.61, 24.45, 27.75, 26.60, 0, 0, 4.27
2019/06/03 14:56:00, 25.00, 24.61, 24.43, 27.74, 26.59, 0, 0, 4.27
2019/06/03 14:57:00, 25.00, 24.60, 24.40, 27.75, 26.59, 0, 0, 4.27
2019/06/03 14:58:00, 24.75, 24.61, 24.42, 27.75, 26.60, 0, 0, 4.27
2019/06/03 14:59:00, 25.00, 24.60, 24.40, 27.81, 26.63, 0, 0, 4.27
2019/06/03 15:00:00, 25.00, 24.61, 24.41, 27.78, 26.66, 0, 0, 4.27
2019/06/03 15:01:00, 25.00, 24.61, 24.40, 27.79, 26.66, 0, 0, 4.27
2019/06/03 15:02:00, 25.00, 24.60, 24.41, 27.85, 26.66, 0, 0, 4.27
2019/06/03 15:03:00, 24.75, 24.57, 24.39, 27.85, 26.68, 0, 0, 4.27
2019/06/03 15:04:00, 25.00, 24.59, 24.39, 27.83, 26.69, 0, 0, 4.27
2019/06/03 15:05:00, 25.00, 24.59, 24.41, 27.90, 26.71, 0, 0, 4.27
2019/06/03 15:06:00, 25.00, 24.57, 24.40, 27.82, 26.69, 0, 0, 4.27
2019/06/03 15:07:00, 25.00, 24.59, 24.41, 27.93, 26.73, 0, 0, 4.27
2019/06/03 15:08:00, 25.00, 24.63, 24.38, 27.84, 26.73, 0, 0, 4.27
2019/06/03 15:09:00, 25.00, 24.57, 24.41, 27.83, 26.70, 0, 0, 4.27
2019/06/03 15:10:00, 24.75, 24.59, 24.42, 27.86, 26.69, 0, 0, 4.27
2019/06/03 15:11:00, 25.00, 24.59, 24.41, 27.88, 26.72, 0, 0, 4.27
2019/06/03 15:12:00, 25.00, 24.60, 24.41, 27.94, 26.72, 0, 0, 4.27
2019/06/03 15:13:00, 25.00, 24.59, 24.41, 27.95, 26.74, 0, 0, 4.27
2019/06/03 15:14:00, 25.00, 24.60, 24.42, 27.95, 26.78, 0, 0, 4.27
2019/06/03 15:15:00, 25.00, 24.60, 24.40, 27.95, 26.77, 0, 0, 4.27
2019/06/03 15:16:00, 25.00, 24.59, 24.40, 28.04, 26.85, 0, 0, 4.27
2019/06/03 15:17:00, 25.00, 24.60, 24.43, 27.98, 26.86, 0, 0, 4.27
2019/06/03 15:18:00, 25.00, 24.61, 24.41, 28.01, 26.88, 0, 0, 4.27
2019/06/03 15:19:00, 25.00, 24.61, 24.43, 28.07, 26.87, 0, 0, 4.27
2019/06/03 15:20:00, 25.00, 24.59, 24.42, 28.01, 26.85, 0, 0, 4.27
2019/06/03 15:21:00, 25.00, 24.60, 24.43, 28.07, 26.92, 0, 0, 4.27
2019/06/03 15:22:00, 25.00, 24.60, 24.42, 28.10, 26.92, 0, 0, 4.27
2019/06/03 15:23:00, 25.00, 24.60, 24.42, 28.09, 26.95, 0, 0, 4.27
2019/06/03 15:24:00, 25.00, 24.61, 24.43, 28.15, 26.96, 0, 0, 4.27
2019/06/03 15:25:00, 25.00, 24.61, 24.43, 28.06, 26.98, 0, 0, 4.27
2019/06/03 15:26:00, 25.00, 24.61, 24.45, 28.12, 26.94, 0, 0, 4.27
2019/06/03 15:27:00, 25.00, 24.63, 24.43, 28.10, 26.92, 0, 0, 4.27
2019/06/03 15:28:00, 25.00, 24.61, 24.46, 28.13, 26.95, 0, 0, 4.27
2019/06/03 15:29:00, 25.00, 24.59, 24.46, 28.07, 26.95, 0, 0, 4.27
2019/06/03 15:30:00, 25.00, 24.60, 24.42, 28.10, 26.94, 0, 0, 4.27
2019/06/03 15:31:00, 25.00, 24.60, 24.42, 28.16, 26.98, 0, 0, 4.27
2019/06/03 15:32:00, 25.00, 24.61, 24.42, 28.13, 26.97, 0, 0, 4.27
2019/06/03 15:33:00, 25.00, 24.64, 24.45, 28.04, 26.94, 0, 0, 4.27
2019/06/03 15:34:00, 25.00, 24.63, 24.46, 28.07, 26.94, 0, 0, 4.27
2019/06/03 15:35:00, 25.00, 24.63, 24.47, 28.10, 26.92, 0, 0, 4.27
2019/06/03 15:36:00, 25.00, 24.64, 24.45, 28.12, 26.92, 0, 0, 4.27
2019/06/03 15:37:00, 25.00, 24.64, 24.46, 28.09, 26.95, 0, 0, 4.27
2019/06/03 15:38:00, 25.00, 24.64, 24.46, 28.09, 26.92, 0, 0, 4.27
2019/06/03 15:39:00, 25.00, 24.66, 24.46, 28.07, 26.91, 0, 0, 4.27
2019/06/03 15:40:00, 25.00, 24.64, 24.48, 28.10, 26.94, 0, 0, 4.27
2019/06/03 15:41:00, 25.00, 24.66, 24.49, 28.06, 26.95, 0, 0, 4.27
2019/06/03 15:42:00, 25.00, 24.66, 24.50, 28.03, 26.92, 0, 0, 4.27
2019/06/03 15:43:00, 25.00, 24.69, 24.50, 28.05, 26.89, 0, 0, 4.27
2019/06/03 15:44:00, 25.00, 24.67, 24.52, 28.01, 26.87, 0, 0, 4.27
2019/06/03 15:45:00, 25.00, 24.69, 24.50, 27.99, 26.82, 0, 0, 4.27
2019/06/03 15:46:00, 25.00, 24.69, 24.49, 27.95, 26.82, 0, 0, 4.27
2019/06/03 15:47:00, 25.00, 24.69, 24.51, 27.90, 26.79, 0, 0, 4.27
2019/06/03 15:48:00, 25.00, 24.69, 24.50, 27.87, 26.76, 0, 0, 4.27
2019/06/03 15:49:00, 25.00, 24.69, 24.50, 27.95, 26.77, 0, 0, 4.27
2019/06/03 15:50:00, 25.00, 24.67, 24.50, 27.93, 26.76, 0, 0, 4.27
2019/06/03 15:51:00, 25.00, 24.67, 24.50, 27.85, 26.74, 0, 0, 4.27
2019/06/03 15:52:00, 25.00, 24.69, 24.51, 27.89, 26.75, 0, 0, 4.27
2019/06/03 15:53:00, 25.00, 24.66, 24.52, 27.89, 26.72, 0, 0, 4.27
2019/06/03 15:54:00, 25.00, 24.69, 24.50, 27.82, 26.73, 0, 0, 4.27
2019/06/03 15:55:00, 25.00, 24.70, 24.51, 27.81, 26.71, 0, 0, 4.27
2019/06/03 15:56:00, 25.00, 24.67, 24.51, 27.86, 26.69, 0, 0, 4.27
2019/06/03 15:57:00, 25.00, 24.70, 24.52, 27.81, 26.71, 0, 0, 4.27
2019/06/03 15:58:00, 25.00, 24.69, 24.50, 27.85, 26.67, 0, 0, 4.27
2019/06/03 15:59:00, 25.00, 24.70, 24.51, 27.80, 26.67, 0, 0, 4.27
2019/06/03 16:00:00, 25.00, 24.69, 24.54, 27.80, 26.68, 0, 0, 4.27
2019/06/03 16:01:00, 25.00, 24.69, 24.52, 27.87, 26.67, 0, 0, 4.27
2019/06/03 16:02:00, 25.00, 24.69, 24.52, 27.77, 26.64, 0, 0, 4.27
2019/06/03 16:03:00, 25.00, 24.67, 24.50, 27.79, 26.67, 0, 0, 4.27
2019/06/03 16:04:00, 25.00, 24.70, 24.52, 27.79, 26.66, 0, 0, 4.27
2019/06/03 16:05:00, 25.00, 24.73, 24.53, 27.86, 26.66, 0, 0, 4.27
2019/06/03 16:06:00, 25.00, 24.70, 24.52, 27.80, 26.66, 0, 0, 4.27
2019/06/03 16:07:00, 25.00, 24.69, 24.51, 27.85, 26.67, 0, 0, 4.27
2019/06/03 16:08:00, 25.00, 24.70, 24.51, 27.80, 26.69, 0, 0, 4.27
2019/06/03 16:09:00, 25.00, 24.70, 24.53, 27.77, 26.66, 0, 0, 4.27
2019/06/03 16:10:00, 25.00, 24.69, 24.53, 27.73, 26.61, 0, 0, 4.27
2019/06/03 16:11:00, 25.00, 24.69, 24.49, 27.74, 26.56, 0, 0, 4.27
2019/06/03 16:12:00, 25.00, 24.66, 24.48, 27.71, 26.59, 0, 0, 4.27
2019/06/03 16:13:00, 25.00, 24.66, 24.48, 27.74, 26.60, 0, 0, 4.27
2019/06/03 16:14:00, 25.00, 24.63, 24.46, 27.71, 26.61, 0, 0, 4.27
2019/06/03 16:15:00, 25.00, 24.64, 24.45, 27.72, 26.62, 0, 0, 4.27
2019/06/03 16:16:00, 25.00, 24.61, 24.41, 27.72, 26.57, 0, 0, 4.27
2019/06/03 16:17:00, 25.00, 24.57, 24.39, 27.70, 26.60, 0, 0, 4.27
2019/06/03 16:18:00, 25.00, 24.57, 24.38, 27.80, 26.66, 0, 0, 4.27
2019/06/03 16:19:00, 25.00, 24.56, 24.34, 27.88, 26.69, 0, 0, 4.27
2019/06/03 16:20:00, 25.00, 24.54, 24.35, 27.85, 26.69, 0, 0, 4.27
2019/06/03 16:21:00, 25.00, 24.56, 24.37, 27.85, 26.69, 0, 0, 4.27
2019/06/03 16:22:00, 25.00, 24.52, 24.36, 27.79, 26.65, 0, 0, 4.27
2019/06/03 16:23:00, 25.00, 24.53, 24.36, 27.87, 26.66, 0, 0, 4.27
2019/06/03 16:24:00, 25.00, 24.52, 24.33, 27.78, 26.65, 0, 0, 4.27
2019/06/03 16:25:00, 25.00, 24.50, 24.32, 27.80, 26.61, 0, 0, 4.27
2019/06/03 16:26:00, 25.00, 24.50, 24.33, 27.83, 26.64, 0, 0, 4.27
2019/06/03 16:27:00, 25.00, 24.47, 24.30, 27.85, 26.67, 0, 0, 4.27
2019/06/03 16:28:00, 25.00, 24.49, 24.31, 27.77, 26.69, 0, 0, 4.27
2019/06/03 16:29:00, 25.00, 24.47, 24.30, 27.80, 26.67, 0, 0, 4.27
2019/06/03 16:30:00, 25.00, 24.46, 24.27, 27.81, 26.69, 0, 0, 4.27
2019/06/03 16:31:00, 25.00, 24.46, 24.26, 27.88, 26.68, 0, 0, 4.27
2019/06/03 16:32:00, 25.00, 24.44, 24.25, 27.94, 26.74, 0, 0, 4.27
2019/06/03 16:33:00, 24.75, 24.44, 24.25, 27.83, 26.75, 0, 0, 4.27
2019/06/03 16:34:00, 24.75, 24.44, 24.24, 27.84, 26.69, 0, 0, 4.27
2019/06/03 16:35:00, 24.75, 24.42, 24.22, 27.88, 26.70, 0, 0, 4.27
2019/06/03 16:36:00, 24.75, 24.39, 24.19, 27.98, 26.77, 0, 0, 4.27
2019/06/03 16:37:00, 24.75, 24.39, 24.21, 27.95, 26.80, 0, 0, 4.27
2019/06/03 16:38:00, 24.75, 24.39, 24.22, 27.95, 26.81, 0, 0, 4.27
2019/06/03 16:39:00, 24.75, 24.40, 24.20, 27.92, 26.81, 0, 0, 4.27
2019/06/03 16:40:00, 24.75, 24.36, 24.17, 27.95, 26.79, 0, 0, 4.27
2019/06/03 16:41:00, 24.75, 24.38, 24.16, 27.93, 26.79, 0, 0, 4.27
2019/06/03 16:42:00, 24.75, 24.35, 24.18, 27.98, 26.82, 0, 0, 4.27
2019/06/03 16:43:00, 24.75, 24.36, 24.17, 27.99, 26.83, 0, 0, 4.27
2019/06/03 16:44:00, 24.75, 24.35, 24.19, 27.96, 26.81, 0, 0, 4.27
2019/06/03 16:45:00, 24.75, 24.33, 24.16, 27.89, 26.76, 0, 0, 4.27
2019/06/03 16:46:00, 24.75, 24.33, 24.16, 27.96, 26.76, 0, 0, 4.27
2019/06/03 16:47:00, 24.75, 24.32, 24.15, 27.95, 26.77, 0, 0, 4.27
2019/06/03 16:48:00, 24.75, 24.35, 24.18, 27.99, 26.76, 0, 0, 4.27
2019/06/03 16:49:00, 24.75, 24.33, 24.16, 27.88, 26.75, 0, 0, 4.27
2019/06/03 16:50:00, 24.75, 24.33, 24.15, 27.83, 26.71, 0, 0, 4.27
2019/06/03 16:51:00, 24.75, 24.32, 24.12, 27.87, 26.69, 0, 0, 4.27
2019/06/03 16:52:00, 24.75, 24.31, 24.12, 27.96, 26.74, 0, 0, 4.27
2019/06/03 16:53:00, 24.75, 24.31, 24.11, 27.93, 26.76, 0, 0, 4.27
2019/06/03 16:54:00, 24.75, 24.29, 24.11, 27.92, 26.78, 0, 0, 4.27
2019/06/03 16:55:00, 24.75, 24.29, 24.11, 27.87, 26.69, 0, 0, 4.27
2019/06/03 16:56:00, 24.75, 24.26, 24.12, 27.90, 26.73, 0, 0, 4.27
2019/06/03 16:57:00, 24.75, 24.31, 24.15, 27.83, 26.72, 0, 0, 4.27
2019/06/03 16:58:00, 24.75, 24.29, 24.11, 27.82, 26.66, 0, 0, 4.27
2019/06/03 16:59:00, 24.75, 24.27, 24.08, 27.88, 26.68, 0, 0, 4.27
2019/06/03 17:00:00, 24.75, 24.26, 24.08, 27.84, 26.70, 0, 0, 4.27
2019/06/03 17:01:00, 24.75, 24.25, 24.07, 27.82, 26.66, 0, 0, 4.27
2019/06/03 17:02:00, 24.75, 24.25, 24.07, 27.85, 26.69, 0, 0, 4.27
2019/06/03 17:03:00, 24.75, 24.20, 24.06, 27.88, 26.72, 0, 0, 4.27
2019/06/03 17:04:00, 24.75, 24.20, 24.05, 27.89, 26.76, 0, 0, 4.27
2019/06/03 17:05:00, 24.75, 24.23, 24.03, 28.01, 26.81, 0, 0, 4.27
2019/06/03 17:06:00, 24.75, 24.25, 24.05, 28.04, 26.85, 0, 0, 4.27
2019/06/03 17:07:00, 24.75, 24.25, 24.06, 27.98, 26.85, 0, 0, 4.27
2019/06/03 17:08:00, 24.75, 24.26, 24.06, 27.96, 26.79, 0, 0, 4.27
2019/06/03 17:09:00, 24.75, 24.29, 24.09, 27.87, 26.75, 0, 0, 4.27
2019/06/03 17:10:00, 24.75, 24.29, 24.10, 27.82, 26.70, 0, 0, 4.27
2019/06/03 17:11:00, 24.75, 24.31, 24.12, 27.76, 26.66, 0, 0, 4.27
2019/06/03 17:12:00, 24.75, 24.31, 24.12, 27.77, 26.63, 0, 0, 4.27
2019/06/03 17:13:00, 24.75, 24.31, 24.11, 27.74, 26.61, 0, 0, 4.27
2019/06/03 17:14:00, 24.75, 24.33, 24.15, 27.76, 26.62, 0, 0, 4.27
2019/06/03 17:15:00, 24.75, 24.33, 24.13, 27.72, 26.61, 0, 0, 4.27
2019/06/03 17:16:00, 24.75, 24.33, 24.13, 27.73, 26.57, 0, 0, 4.27
2019/06/03 17:17:00, 24.75, 24.35, 24.18, 27.65, 26.56, 0, 0, 4.27
2019/06/03 17:18:00, 24.75, 24.35, 24.17, 27.66, 26.55, 0, 0, 4.27
2019/06/03 17:19:00, 24.75, 24.36, 24.16, 27.67, 26.50, 0, 0, 4.27
2019/06/03 17:20:00, 24.75, 24.35, 24.17, 27.66, 26.50, 0, 0, 4.27
2019/06/03 17:21:00, 24.75, 24.36, 24.19, 27.60, 26.50, 0, 0, 4.27
2019/06/03 17:22:00, 24.75, 24.35, 24.18, 27.61, 26.47, 0, 0, 4.27
2019/06/03 17:23:00, 24.75, 24.39, 24.19, 27.60, 26.47, 0, 0, 4.27
2019/06/03 17:24:00, 24.75, 24.38, 24.19, 27.53, 26.44, 0, 0, 4.27
2019/06/03 17:25:00, 24.75, 24.39, 24.21, 27.57, 26.41, 0, 0, 4.27
2019/06/03 17:26:00, 24.75, 24.39, 24.20, 27.57, 26.40, 0, 0, 4.27
2019/06/03 17:27:00, 24.75, 24.39, 24.20, 27.53, 26.39, 0, 0, 4.27
2019/06/03 17:28:00, 24.75, 24.39, 24.22, 27.53, 26.35, 0, 0, 4.27
2019/06/03 17:29:00, 24.75, 24.40, 24.21, 27.54, 26.38, 0, 0, 4.27
2019/06/03 17:30:00, 24.75, 24.39, 24.20, 27.46, 26.36, 0, 0, 4.27
2019/06/03 17:31:00, 24.75, 24.39, 24.20, 27.53, 26.35, 0, 0, 4.27
2019/06/03 17:32:00, 24.75, 24.42, 24.21, 27.50, 26.34, 0, 0, 4.27
2019/06/03 17:33:00, 24.75, 24.42, 24.24, 27.43, 26.35, 0, 0, 4.27
2019/06/03 17:34:00, 24.75, 24.42, 24.22, 27.46, 26.32, 0, 0, 4.27
2019/06/03 17:35:00, 24.75, 24.43, 24.25, 27.42, 26.31, 0, 0, 4.27
2019/06/03 17:36:00, 24.75, 24.40, 24.23, 27.41, 26.29, 0, 0, 4.27
2019/06/03 17:37:00, 24.75, 24.40, 24.26, 27.44, 26.29, 0, 0, 4.27
2019/06/03 17:38:00, 24.75, 24.40, 24.24, 27.38, 26.27, 0, 0, 4.27
2019/06/03 17:39:00, 24.75, 24.40, 24.23, 27.35, 26.24, 0, 0, 4.27
2019/06/03 17:40:00, 24.75, 24.43, 24.24, 27.40, 26.25, 0, 0, 4.27
2019/06/03 17:41:00, 24.75, 24.43, 24.25, 27.35, 26.24, 0, 0, 4.27
2019/06/03 17:42:00, 24.75, 24.42, 24.24, 27.40, 26.23, 0, 0, 4.27
2019/06/03 17:43:00, 24.75, 24.44, 24.23, 27.34, 26.21, 0, 0, 4.27
2019/06/03 17:44:00, 24.75, 24.40, 24.23, 27.34, 26.23, 0, 0, 4.27
2019/06/03 17:45:00, 24.75, 24.42, 24.23, 27.35, 26.21, 0, 0, 4.27
2019/06/03 17:46:00, 24.75, 24.43, 24.24, 27.35, 26.21, 0, 0, 4.27
2019/06/03 17:47:00, 24.75, 24.44, 24.24, 27.32, 26.16, 0, 0, 4.27
2019/06/03 17:48:00, 24.75, 24.42, 24.23, 27.31, 26.18, 0, 0, 4.27
2019/06/03 17:49:00, 24.75, 24.44, 24.24, 27.30, 26.18, 0, 0, 4.27
2019/06/03 17:50:00, 24.75, 24.42, 24.24, 27.30, 26.17, 0, 0, 4.27
2019/06/03 17:51:00, 24.75, 24.43, 24.25, 27.34, 26.15, 0, 0, 4.27
2019/06/03 17:52:00, 24.75, 24.44, 24.25, 27.34, 26.14, 0, 0, 4.27
2019/06/03 17:53:00, 24.75, 24.42, 24.24, 27.24, 26.12, 0, 0, 4.27
2019/06/03 17:54:00, 24.75, 24.42, 24.25, 27.31, 26.14, 0, 0, 4.27
2019/06/03 17:55:00, 24.75, 24.43, 24.24, 27.27, 26.13, 0, 0, 4.27
2019/06/03 17:56:00, 24.75, 24.42, 24.25, 27.25, 26.14, 0, 0, 4.27
2019/06/03 17:57:00, 24.75, 24.43, 24.25, 27.24, 26.12, 0, 0, 4.27
2019/06/03 17:58:00, 24.75, 24.43, 24.26, 27.28, 26.11, 0, 0, 4.27
2019/06/03 17:59:00, 24.75, 24.43, 24.25, 27.22, 26.12, 0, 0, 4.27
2019/06/03 18:00:00, 24.75, 24.42, 24.24, 27.30, 26.15, 0, 0, 4.27
2019/06/03 18:01:00, 24.75, 24.43, 24.24, 27.32, 26.15, 0, 0, 4.27
2019/06/03 18:02:00, 24.75, 24.44, 24.24, 27.31, 26.15, 0, 0, 4.27
2019/06/03 18:03:00, 24.75, 24.43, 24.25, 27.34, 26.14, 0, 0, 4.27
2019/06/03 18:04:00, 24.75, 24.44, 24.26, 27.31, 26.17, 0, 0, 4.27
2019/06/03 18:05:00, 24.75, 24.42, 24.25, 27.37, 26.17, 0, 0, 4.27
2019/06/03 18:06:00, 24.75, 24.43, 24.25, 27.31, 26.18, 0, 0, 4.27
2019/06/03 18:07:00, 24.75, 24.42, 24.23, 27.32, 26.17, 0, 0, 4.27
2019/06/03 18:08:00, 24.75, 24.43, 24.26, 27.31, 26.19, 0, 0, 4.27
2019/06/03 18:09:00, 24.75, 24.46, 24.26, 27.35, 26.21, 0, 0, 4.27
2019/06/03 18:10:00, 24.75, 24.43, 24.27, 27.37, 26.21, 0, 0, 4.27
2019/06/03 18:11:00, 24.75, 24.44, 24.26, 27.34, 26.21, 0, 0, 4.27
2019/06/03 18:12:00, 24.75, 24.43, 24.26, 27.40, 26.21, 0, 0, 4.27
2019/06/03 18:13:00, 24.75, 24.44, 24.27, 27.37, 26.21, 0, 0, 4.27
2019/06/03 18:14:00, 24.75, 24.43, 24.27, 27.34, 26.21, 0, 0, 4.27
2019/06/03 18:15:00, 24.75, 24.46, 24.26, 27.37, 26.23, 0, 0, 4.27
2019/06/03 18:16:00, 24.75, 24.46, 24.27, 27.36, 26.23, 0, 0, 4.27
2019/06/03 18:17:00, 24.75, 24.44, 24.30, 27.40, 26.23, 0, 0, 4.27
2019/06/03 18:18:00, 24.75, 24.49, 24.28, 27.37, 26.24, 0, 0, 4.27
2019/06/03 18:19:00, 24.75, 24.46, 24.27, 27.38, 26.23, 0, 0, 4.27
2019/06/03 18:20:00, 24.75, 24.46, 24.28, 27.42, 26.25, 0, 0, 4.27
2019/06/03 18:21:00, 24.75, 24.46, 24.31, 27.43, 26.25, 0, 0, 4.27
2019/06/03 18:22:00, 24.75, 24.47, 24.30, 27.37, 26.26, 0, 0, 4.27
2019/06/03 18:23:00, 24.75, 24.47, 24.27, 27.35, 26.25, 0, 0, 4.27
2019/06/03 18:24:00, 24.75, 24.47, 24.27, 27.41, 26.27, 0, 0, 4.27
2019/06/03 18:25:00, 24.75, 24.50, 24.30, 27.43, 26.29, 0, 0, 4.27
2019/06/03 18:26:00, 24.75, 24.47, 24.28, 27.40, 26.30, 0, 0, 4.27
2019/06/03 18:27:00, 24.75, 24.47, 24.27, 27.41, 26.30, 0, 0, 4.27
2019/06/03 18:28:00, 24.75, 24.46, 24.28, 27.50, 26.31, 0, 0, 4.27
2019/06/03 18:29:00, 24.75, 24.47, 24.27, 27.47, 26.34, 0, 0, 4.27
2019/06/03 18:30:00, 24.75, 24.47, 24.28, 27.47, 26.32, 0, 0, 4.27
2019/06/03 18:31:00, 24.75, 24.44, 24.28, 27.51, 26.34, 0, 0, 4.27
2019/06/03 18:32:00, 24.75, 24.47, 24.27, 27.49, 26.35, 0, 0, 4.27
2019/06/03 18:33:00, 24.75, 24.47, 24.28, 27.47, 26.36, 0, 0, 4.27
2019/06/03 18:34:00, 24.75, 24.46, 24.27, 27.50, 26.34, 0, 0, 4.27
2019/06/03 18:35:00, 24.75, 24.50, 24.30, 27.51, 26.35, 0, 0, 4.27
2019/06/03 18:36:00, 24.75, 24.46, 24.27, 27.52, 26.35, 0, 0, 4.27
2019/06/03 18:37:00, 24.75, 24.46, 24.27, 27.50, 26.35, 0, 0, 4.27
2019/06/03 18:38:00, 24.75, 24.46, 24.27, 27.52, 26.35, 0, 0, 4.27
2019/06/03 18:39:00, 24.75, 24.47, 24.28, 27.50, 26.36, 0, 0, 4.27
2019/06/03 18:40:00, 24.75, 24.46, 24.28, 27.53, 26.37, 0, 0, 4.27
2019/06/03 18:41:00, 24.75, 24.44, 24.28, 27.55, 26.38, 0, 0, 4.27
2019/06/03 18:42:00, 24.75, 24.46, 24.27, 27.55, 26.38, 0, 0, 4.27
2019/06/03 18:43:00, 24.75, 24.47, 24.27, 27.51, 26.37, 0, 0, 4.27
2019/06/03 18:44:00, 24.75, 24.46, 24.27, 27.49, 26.36, 0, 0, 4.27
2019/06/03 18:45:00, 24.75, 24.44, 24.27, 27.51, 26.36, 0, 0, 4.27
2019/06/03 18:46:00, 24.75, 24.44, 24.26, 27.52, 26.37, 0, 0, 4.27
2019/06/03 18:47:00, 24.75, 24.47, 24.27, 27.47, 26.36, 0, 0, 4.27
2019/06/03 18:48:00, 24.75, 24.46, 24.26, 27.50, 26.36, 0, 0, 4.27
2019/06/03 18:49:00, 24.75, 24.43, 24.25, 27.49, 26.35, 0, 0, 4.27
2019/06/03 18:50:00, 24.75, 24.42, 24.26, 27.49, 26.34, 0, 0, 4.27
2019/06/03 18:51:00, 24.75, 24.44, 24.25, 27.49, 26.35, 0, 0, 4.27
2019/06/03 18:52:00, 24.75, 24.44, 24.27, 27.53, 26.37, 0, 0, 4.27
2019/06/03 18:53:00, 24.75, 24.42, 24.25, 27.47, 26.33, 0, 0, 4.27
2019/06/03 18:54:00, 24.75, 24.43, 24.24, 27.50, 26.34, 0, 0, 4.27
2019/06/03 18:55:00, 24.75, 24.43, 24.24, 27.46, 26.32, 0, 0, 4.27
2019/06/03 18:56:00, 24.75, 24.40, 24.20, 27.48, 26.34, 0, 0, 4.27
2019/06/03 18:57:00, 24.75, 24.43, 24.25, 27.47, 26.31, 0, 0, 4.27
2019/06/03 18:58:00, 24.75, 24.40, 24.22, 27.42, 26.33, 0, 0, 4.27
2019/06/03 18:59:00, 24.75, 24.40, 24.23, 27.46, 26.31, 0, 0, 4.27
2019/06/03 19:00:00, 24.75, 24.42, 24.23, 27.45, 26.31, 0, 0, 4.27
2019/06/03 19:01:00, 24.75, 24.43, 24.23, 27.42, 26.28, 0, 0, 4.27
2019/06/03 19:02:00, 24.75, 24.42, 24.25, 27.44, 26.27, 0, 0, 4.27
2019/06/03 19:03:00, 24.75, 24.39, 24.22, 27.40, 26.25, 0, 0, 4.27
2019/06/03 19:04:00, 24.75, 24.40, 24.21, 27.39, 26.24, 0, 0, 4.27
2019/06/03 19:05:00, 24.75, 24.42, 24.20, 27.42, 26.24, 0, 0, 4.27
2019/06/03 19:06:00, 24.75, 24.39, 24.21, 27.38, 26.24, 0, 0, 4.27
2019/06/03 19:07:00, 24.75, 24.39, 24.18, 27.35, 26.24, 0, 0, 4.27
2019/06/03 19:08:00, 24.75, 24.39, 24.21, 27.35, 26.21, 0, 0, 4.27
2019/06/03 19:09:00, 24.75, 24.35, 24.18, 27.33, 26.22, 0, 0, 4.27
2019/06/03 19:10:00, 24.75, 24.38, 24.19, 27.35, 26.22, 0, 0, 4.27
2019/06/03 19:11:00, 24.75, 24.36, 24.18, 27.35, 26.21, 0, 0, 4.27
2019/06/03 19:12:00, 24.75, 24.36, 24.19, 27.30, 26.20, 0, 0, 4.27
2019/06/03 19:13:00, 24.75, 24.35, 24.17, 27.30, 26.18, 0, 0, 4.27
2019/06/03 19:14:00, 24.75, 24.33, 24.17, 27.33, 26.18, 0, 0, 4.27
2019/06/03 19:15:00, 24.75, 24.35, 24.17, 27.36, 26.20, 0, 0, 4.27
2019/06/03 19:16:00, 24.75, 24.35, 24.16, 27.34, 26.21, 0, 0, 4.27
2019/06/03 19:17:00, 24.75, 24.33, 24.13, 27.36, 26.24, 0, 0, 4.27
2019/06/03 19:18:00, 24.75, 24.33, 24.16, 27.40, 26.24, 0, 0, 4.27
2019/06/03 19:19:00, 24.75, 24.33, 24.13, 27.43, 26.27, 0, 0, 4.27
2019/06/03 19:20:00, 24.75, 24.31, 24.12, 27.42, 26.31, 0, 0, 4.27
2019/06/03 19:21:00, 24.75, 24.32, 24.13, 27.49, 26.32, 0, 0, 4.27
2019/06/03 19:22:00, 24.75, 24.32, 24.13, 27.45, 26.32, 0, 0, 4.27
2019/06/03 19:23:00, 24.75, 24.31, 24.10, 27.52, 26.34, 0, 0, 4.27
2019/06/03 19:24:00, 24.75, 24.31, 24.10, 27.53, 26.38, 0, 0, 4.27
2019/06/03 19:25:00, 24.75, 24.31, 24.12, 27.55, 26.41, 0, 0, 4.27
2019/06/03 19:26:00, 24.75, 24.29, 24.11, 27.58, 26.44, 0, 0, 4.27
2019/06/03 19:27:00, 24.75, 24.31, 24.10, 27.61, 26.44, 0, 0, 4.27
2019/06/03 19:28:00, 24.75, 24.29, 24.10, 27.56, 26.44, 0, 0, 4.27
2019/06/03 19:29:00, 24.75, 24.29, 24.09, 27.61, 26.44, 0, 0, 4.27
2019/06/03 19:30:00, 24.75, 24.26, 24.12, 27.59, 26.45, 0, 0, 4.27
2019/06/03 19:31:00, 24.75, 24.29, 24.09, 27.62, 26.47, 0, 0, 4.27
2019/06/03 19:32:00, 24.75, 24.25, 24.07, 27.60, 26.48, 0, 0, 4.27
2019/06/03 19:33:00, 24.75, 24.27, 24.08, 27.68, 26.51, 0, 0, 4.27
2019/06/03 19:34:00, 24.75, 24.25, 24.09, 27.68, 26.51, 0, 0, 4.27
2019/06/03 19:35:00, 24.50, 24.25, 24.07, 27.69, 26.53, 0, 0, 4.27
2019/06/03 19:36:00, 24.75, 24.26, 24.08, 27.72, 26.57, 0, 0, 4.27
2019/06/03 19:37:00, 24.75, 24.26, 24.08, 27.75, 26.60, 0, 0, 4.27
2019/06/03 19:38:00, 24.50, 24.23, 24.07, 27.81, 26.60, 0, 0, 4.27
2019/06/03 19:39:00, 24.50, 24.27, 24.07, 27.81, 26.66, 0, 0, 4.27
2019/06/03 19:40:00, 24.50, 24.25, 24.08, 27.87, 26.69, 0, 0, 4.27
2019/06/03 19:41:00, 24.50, 24.26, 24.07, 27.91, 26.71, 0, 0, 4.27
2019/06/03 19:42:00, 24.50, 24.26, 24.05, 27.94, 26.78, 0, 0, 4.27
2019/06/03 19:43:00, 24.50, 24.25, 24.06, 27.98, 26.82, 0, 0, 4.27
2019/06/03 19:44:00, 24.50, 24.26, 24.06, 27.96, 26.84, 0, 0, 4.27
2019/06/03 19:45:00, 24.50, 24.25, 24.07, 28.06, 26.89, 0, 0, 4.27
2019/06/03 19:46:00, 24.50, 24.25, 24.05, 28.04, 26.93, 0, 0, 4.27
2019/06/03 19:47:00, 24.50, 24.25, 24.05, 28.10, 26.98, 0, 0, 4.27
2019/06/03 19:48:00, 24.50, 24.25, 24.05, 28.14, 27.00, 0, 0, 4.27
2019/06/03 19:49:00, 24.50, 24.23, 24.04, 28.24, 27.04, 0, 0, 4.27
2019/06/03 19:50:00, 24.50, 24.25, 24.06, 28.26, 27.09, 0, 0, 4.27
2019/06/03 19:51:00, 24.50, 24.23, 24.03, 28.32, 27.13, 0, 0, 4.27
2019/06/03 19:52:00, 24.50, 24.23, 24.05, 28.36, 27.19, 0, 0, 4.27
2019/06/03 19:53:00, 24.50, 24.23, 24.04, 28.38, 27.21, 0, 0, 4.27
2019/06/03 19:54:00, 24.50, 24.23, 24.03, 28.40, 27.24, 0, 0, 4.27
2019/06/03 19:55:00, 24.50, 24.20, 24.04, 28.47, 27.31, 0, 0, 4.27
2019/06/03 19:56:00, 24.50, 24.20, 24.03, 28.51, 27.34, 0, 0, 4.27
2019/06/03 19:57:00, 24.50, 24.22, 24.02, 28.58, 27.37, 0, 0, 4.27
2019/06/03 19:58:00, 24.50, 24.20, 24.01, 28.52, 27.39, 0, 0, 4.27
2019/06/03 19:59:00, 24.50, 24.20, 24.01, 28.60, 27.44, 0, 0, 4.27
2019/06/03 20:00:00, 24.50, 24.19, 24.00, 28.64, 27.50, 0, 0, 4.27
2019/06/03 20:01:00, 24.50, 24.18, 23.98, 28.76, 27.55, 0, 0, 4.27
2019/06/03 20:02:00, 24.50, 24.19, 23.98, 28.78, 27.59, 0, 0, 4.27
2019/06/03 20:03:00, 24.50, 24.18, 23.98, 28.85, 27.65, 0, 0, 4.27
2019/06/03 20:04:00, 24.50, 24.18, 24.00, 28.80, 27.64, 0, 0, 4.27
2019/06/03 20:05:00, 24.50, 24.18, 23.98, 28.89, 27.69, 0, 0, 4.27
2019/06/03 20:06:00, 24.50, 24.16, 23.97, 28.92, 27.72, 0, 0, 4.27
2019/06/03 20:07:00, 24.50, 24.19, 23.98, 28.94, 27.77, 0, 0, 4.27
2019/06/03 20:08:00, 24.50, 24.18, 23.96, 28.98, 27.81, 0, 0, 4.27
2019/06/03 20:09:00, 24.50, 24.16, 24.00, 29.08, 27.88, 0, 0, 4.27
2019/06/03 20:10:00, 24.50, 24.18, 23.96, 29.06, 27.89, 0, 0, 4.27
2019/06/03 20:11:00, 24.50, 24.16, 23.97, 29.09, 27.93, 0, 0, 4.27
2019/06/03 20:12:00, 24.50, 24.16, 23.97, 29.17, 27.98, 0, 0, 4.27
2019/06/03 20:13:00, 24.50, 24.18, 24.00, 29.17, 27.99, 0, 0, 4.27
2019/06/03 20:14:00, 24.50, 24.18, 23.98, 29.18, 28.01, 0, 0, 4.27
2019/06/03 20:15:00, 24.50, 24.16, 23.95, 29.23, 28.02, 0, 0, 4.27
2019/06/03 20:16:00, 24.50, 24.19, 23.97, 29.28, 28.07, 0, 0, 4.27
2019/06/03 20:17:00, 24.50, 24.16, 23.96, 29.32, 28.13, 0, 0, 4.27
2019/06/03 20:18:00, 24.50, 24.16, 23.96, 29.31, 28.14, 0, 0, 4.27
2019/06/03 20:19:00, 24.50, 24.14, 23.97, 29.40, 28.18, 0, 0, 4.27
2019/06/03 20:20:00, 24.50, 24.16, 23.97, 29.43, 28.22, 0, 0, 4.27
2019/06/03 20:21:00, 24.50, 24.16, 24.00, 29.43, 28.27, 0, 0, 4.27
2019/06/03 20:22:00, 24.50, 24.19, 23.97, 29.50, 28.28, 0, 0, 4.27
2019/06/03 20:23:00, 24.50, 24.16, 23.96, 29.55, 28.31, 0, 0, 4.27
2019/06/03 20:24:00, 24.50, 24.18, 24.01, 29.58, 28.38, 0, 0, 4.27
2019/06/03 20:25:00, 24.50, 24.18, 23.97, 29.55, 28.40, 0, 0, 4.27
2019/06/03 20:26:00, 24.50, 24.18, 23.97, 29.65, 28.43, 0, 0, 4.27
2019/06/03 20:27:00, 24.50, 24.18, 23.98, 29.67, 28.45, 0, 0, 4.27
2019/06/03 20:28:00, 24.50, 24.19, 23.97, 29.65, 28.49, 0, 0, 4.27
2019/06/03 20:29:00, 24.50, 24.18, 23.97, 29.73, 28.51, 0, 0, 4.27
2019/06/03 20:30:00, 24.50, 24.18, 23.96, 29.70, 28.54, 0, 0, 4.27
2019/06/03 20:31:00, 24.50, 24.18, 23.97, 29.78, 28.58, 0, 0, 4.27
2019/06/03 20:32:00, 24.50, 24.19, 24.00, 29.77, 28.60, 0, 0, 4.27
2019/06/03 20:33:00, 24.50, 24.20, 23.97, 29.75, 28.61, 0, 0, 4.27
2019/06/03 20:34:00, 24.50, 24.18, 24.00, 29.77, 28.60, 0, 0, 4.27
2019/06/03 20:35:00, 24.50, 24.18, 24.00, 29.84, 28.65, 0, 0, 4.27
2019/06/03 20:36:00, 24.50, 24.19, 23.98, 29.81, 28.67, 0, 0, 4.27
2019/06/03 20:37:00, 24.50, 24.18, 24.01, 29.89, 28.72, 0, 0, 4.27
2019/06/03 20:38:00, 24.50, 24.19, 24.00, 29.92, 28.74, 0, 0, 4.27
2019/06/03 20:39:00, 24.50, 24.16, 23.98, 29.96, 28.75, 0, 0, 4.27
2019/06/03 20:40:00, 24.50, 24.19, 23.98, 29.98, 28.75, 0, 0, 4.27
2019/06/03 20:41:00, 24.50, 24.20, 23.98, 30.01, 28.80, 0, 0, 4.27
2019/06/03 20:42:00, 24.50, 24.19, 24.01, 30.05, 28.81, 0, 0, 4.27
2019/06/03 20:43:00, 24.50, 24.18, 24.00, 29.99, 28.81, 0, 0, 4.27
2019/06/03 20:44:00, 24.50, 24.19, 24.00, 30.05, 28.84, 0, 0, 4.27
2019/06/03 20:45:00, 24.50, 24.18, 24.01, 30.03, 28.87, 0, 0, 4.27
2019/06/03 20:46:00, 24.50, 24.16, 23.97, 30.04, 28.87, 0, 0, 4.27
2019/06/03 20:47:00, 24.50, 24.22, 23.98, 30.00, 28.88, 0, 0, 4.27
2019/06/03 20:48:00, 24.50, 24.18, 24.01, 30.06, 28.88, 0, 0, 4.27
2019/06/03 20:49:00, 24.50, 24.18, 24.00, 30.09, 28.91, 0, 0, 4.27
2019/06/03 20:50:00, 24.50, 24.16, 24.00, 30.12, 28.91, 0, 0, 4.27
2019/06/03 20:51:00, 24.50, 24.19, 24.01, 30.12, 28.91, 0, 0, 4.27
2019/06/03 20:52:00, 24.50, 24.19, 23.98, 30.12, 28.94, 0, 0, 4.27
2019/06/03 20:53:00, 24.50, 24.19, 24.01, 30.12, 28.95, 0, 0, 4.27
2019/06/03 20:54:00, 24.50, 24.19, 24.00, 30.12, 28.93, 0, 0, 4.27
2019/06/03 20:55:00, 24.50, 24.19, 23.97, 30.06, 28.91, 0, 0, 4.27
2019/06/03 20:56:00, 24.50, 24.18, 24.01, 30.14, 28.92, 0, 0, 4.27
2019/06/03 20:57:00, 24.50, 24.18, 24.00, 30.12, 28.94, 0, 0, 4.27
2019/06/03 20:58:00, 24.50, 24.18, 23.98, 30.15, 28.95, 0, 0, 4.27
2019/06/03 20:59:00, 24.50, 24.19, 24.00, 30.12, 28.93, 0, 0, 4.27
2019/06/03 21:00:00, 24.50, 24.19, 24.01, 30.12, 28.96, 0, 0, 4.27
2019/06/03 21:01:00, 24.50, 24.18, 23.97, 30.15, 28.97, 0, 0, 4.27
2019/06/03 21:02:00, 24.50, 24.19, 24.00, 30.13, 28.97, 0, 0, 4.27
2019/06/03 21:03:00, 24.50, 24.19, 23.97, 30.11, 28.95, 0, 0, 4.27
2019/06/03 21:04:00, 24.50, 24.16, 23.97, 30.12, 28.92, 0, 0, 4.27
2019/06/03 21:05:00, 24.50, 24.19, 23.97, 30.11, 28.93, 0, 0, 4.27
2019/06/03 21:06:00, 24.50, 24.16, 23.98, 30.11, 28.91, 0, 0, 4.27
2019/06/03 21:07:00, 24.50, 24.19, 23.98, 30.08, 28.91, 0, 0, 4.27
2019/06/03 21:08:00, 24.50, 24.18, 23.98, 30.00, 28.88, 0, 0, 4.27
2019/06/03 21:09:00, 24.50, 24.19, 23.96, 30.03, 28.88, 0, 0, 4.27
2019/06/03 21:10:00, 24.50, 24.18, 23.97, 30.05, 28.87, 0, 0, 4.27
2019/06/03 21:11:00, 24.50, 24.16, 23.97, 30.06, 28.85, 0, 0, 4.27
2019/06/03 21:12:00, 24.50, 24.16, 23.97, 30.09, 28.86, 0, 0, 4.27
2019/06/03 21:13:00, 24.50, 24.16, 23.96, 30.03, 28.84, 0, 0, 4.27
2019/06/03 21:14:00, 24.50, 24.15, 23.94, 30.03, 28.83, 0, 0, 4.27
2019/06/03 21:15:00, 24.50, 24.16, 23.95, 29.99, 28.80, 0, 0, 4.27
2019/06/03 21:16:00, 24.50, 24.14, 23.97, 29.97, 28.80, 0, 0, 4.27
2019/06/03 21:17:00, 24.50, 24.14, 23.95, 29.93, 28.78, 0, 0, 4.27
2019/06/03 21:18:00, 24.50, 24.14, 23.95, 29.93, 28.75, 0, 0, 4.27
2019/06/03 21:19:00, 24.50, 24.12, 23.93, 29.97, 28.79, 0, 0, 4.27
2019/06/03 21:20:00, 24.50, 24.12, 23.93, 29.97, 28.76, 0, 0, 4.27
2019/06/03 21:21:00, 24.50, 24.14, 23.92, 29.93, 28.77, 0, 0, 4.27
2019/06/03 21:22:00, 24.50, 24.11, 23.94, 29.93, 28.76, 0, 0, 4.27
2019/06/03 21:23:00, 24.50, 24.11, 23.92, 29.94, 28.76, 0, 0, 4.27
2019/06/03 21:24:00, 24.50, 24.12, 23.92, 29.93, 28.75, 0, 0, 4.27
2019/06/03 21:25:00, 24.50, 24.12, 23.92, 29.88, 28.73, 0, 0, 4.27
2019/06/03 21:26:00, 24.50, 24.09, 23.91, 29.85, 28.74, 0, 0, 4.27
2019/06/03 21:27:00, 24.50, 24.09, 23.91, 29.91, 28.72, 0, 0, 4.27
2019/06/03 21:28:00, 24.50, 24.09, 23.90, 29.85, 28.73, 0, 0, 4.27
2019/06/03 21:29:00, 24.50, 24.09, 23.89, 29.91, 28.73, 0, 0, 4.27
2019/06/03 21:30:00, 24.50, 24.09, 23.90, 29.87, 28.72, 0, 0, 4.27
2019/06/03 21:31:00, 24.50, 24.09, 23.88, 29.86, 28.72, 0, 0, 4.27
2019/06/03 21:32:00, 24.50, 24.09, 23.89, 29.85, 28.72, 0, 0, 4.27
2019/06/03 21:33:00, 24.50, 24.09, 23.87, 29.89, 28.70, 0, 0, 4.27
2019/06/03 21:34:00, 24.50, 24.09, 23.89, 29.82, 28.70, 0, 0, 4.27
2019/06/03 21:35:00, 24.50, 24.08, 23.88, 29.85, 28.69, 0, 0, 4.27
2019/06/03 21:36:00, 24.50, 24.08, 23.86, 29.88, 28.70, 0, 0, 4.27
2019/06/03 21:37:00, 24.50, 24.07, 23.89, 29.88, 28.72, 0, 0, 4.27
2019/06/03 21:38:00, 24.50, 24.08, 23.90, 29.89, 28.71, 0, 0, 4.27
2019/06/03 21:39:00, 24.50, 24.07, 23.88, 29.85, 28.72, 0, 0, 4.27
2019/06/03 21:40:00, 24.50, 24.05, 23.88, 29.89, 28.72, 0, 0, 4.27
2019/06/03 21:41:00, 24.50, 24.07, 23.88, 29.83, 28.69, 0, 0, 4.27
2019/06/03 21:42:00, 24.50, 24.08, 23.86, 29.85, 28.69, 0, 0, 4.27
2019/06/03 21:43:00, 24.50, 24.07, 23.87, 29.82, 28.71, 0, 0, 4.27
2019/06/03 21:44:00, 24.50, 24.05, 23.86, 29.85, 28.69, 0, 0, 4.27
2019/06/03 21:45:00, 24.50, 24.04, 23.86, 29.82, 28.69, 0, 0, 4.27
2019/06/03 21:46:00, 24.50, 24.07, 23.86, 29.79, 28.69, 0, 0, 4.27
2019/06/03 21:47:00, 24.50, 24.04, 23.83, 29.82, 28.69, 0, 0, 4.27
2019/06/03 21:48:00, 24.50, 24.07, 23.83, 29.88, 28.68, 0, 0, 4.27
2019/06/03 21:49:00, 24.50, 24.04, 23.84, 29.83, 28.69, 0, 0, 4.27
2019/06/03 21:50:00, 24.50, 24.04, 23.84, 29.80, 28.66, 0, 0, 4.27
2019/06/03 21:51:00, 24.50, 24.04, 23.86, 29.82, 28.68, 0, 0, 4.27
2019/06/03 21:52:00, 24.50, 24.04, 23.83, 29.82, 28.68, 0, 0, 4.27
2019/06/03 21:53:00, 24.50, 24.04, 23.83, 29.88, 28.67, 0, 0, 4.27
2019/06/03 21:54:00, 24.50, 24.01, 23.83, 29.80, 28.68, 0, 0, 4.27
2019/06/03 21:55:00, 24.50, 24.01, 23.84, 29.82, 28.66, 0, 0, 4.27
2019/06/03 21:56:00, 24.50, 24.04, 23.82, 29.83, 28.66, 0, 0, 4.27
2019/06/03 21:57:00, 24.50, 24.01, 23.81, 29.80, 28.66, 0, 0, 4.27
2019/06/03 21:58:00, 24.50, 24.02, 23.81, 29.77, 28.66, 0, 0, 4.27
2019/06/03 21:59:00, 24.50, 24.01, 23.82, 29.76, 28.63, 0, 0, 4.27
2019/06/03 22:00:00, 24.50, 24.01, 23.81, 29.81, 28.64, 0, 0, 4.27
2019/06/03 22:01:00, 24.50, 24.01, 23.80, 29.76, 28.62, 0, 0, 4.27
2019/06/03 22:02:00, 24.50, 24.02, 23.80, 29.75, 28.66, 0, 0, 4.27
2019/06/03 22:03:00, 24.50, 23.99, 23.81, 29.82, 28.66, 0, 0, 4.27
2019/06/03 22:04:00, 24.50, 23.99, 23.82, 29.88, 28.66, 0, 0, 4.27
2019/06/03 22:05:00, 24.50, 24.02, 23.81, 29.84, 28.66, 0, 0, 4.27
2019/06/03 22:06:00, 24.50, 24.01, 23.80, 29.80, 28.66, 0, 0, 4.27
2019/06/03 22:07:00, 24.50, 23.98, 23.78, 29.82, 28.66, 0, 0, 4.27
2019/06/03 22:08:00, 24.50, 24.01, 23.81, 29.83, 28.65, 0, 0, 4.27
2019/06/03 22:09:00, 24.50, 23.98, 23.79, 29.84, 28.66, 0, 0, 4.27
2019/06/03 22:10:00, 24.50, 23.99, 23.81, 29.84, 28.66, 0, 0, 4.27
2019/06/03 22:11:00, 24.50, 24.01, 23.80, 29.81, 28.68, 0, 0, 4.27
2019/06/03 22:12:00, 24.50, 23.99, 23.81, 29.80, 28.66, 0, 0, 4.27
2019/06/03 22:13:00, 24.50, 23.98, 23.79, 29.82, 28.66, 0, 0, 4.27
2019/06/03 22:14:00, 24.50, 23.98, 23.80, 29.84, 28.66, 0, 0, 4.27
2019/06/03 22:15:00, 24.50, 23.98, 23.79, 29.83, 28.67, 0, 0, 4.27
2019/06/03 22:16:00, 24.50, 23.98, 23.77, 29.82, 28.66, 0, 0, 4.27
2019/06/03 22:17:00, 24.50, 23.97, 23.78, 29.80, 28.66, 0, 0, 4.27
2019/06/03 22:18:00, 24.50, 23.98, 23.78, 29.84, 28.66, 0, 0, 4.27
2019/06/03 22:19:00, 24.50, 23.98, 23.80, 29.78, 28.65, 0, 0, 4.27
2019/06/03 22:20:00, 24.50, 23.98, 23.78, 29.81, 28.66, 0, 0, 4.27
2019/06/03 22:21:00, 24.50, 23.97, 23.78, 29.86, 28.68, 0, 0, 4.27
2019/06/03 22:22:00, 24.50, 23.98, 23.78, 29.83, 28.66, 0, 0, 4.27
2019/06/03 22:23:00, 24.50, 23.98, 23.78, 29.88, 28.67, 0, 0, 4.27
2019/06/03 22:24:00, 24.50, 23.99, 23.79, 29.87, 28.69, 0, 0, 4.27
2019/06/03 22:25:00, 24.50, 23.99, 23.79, 29.88, 28.69, 0, 0, 4.27
2019/06/03 22:26:00, 24.50, 23.99, 23.80, 29.82, 28.66, 0, 0, 4.27
2019/06/03 22:27:00, 24.50, 23.97, 23.77, 29.78, 28.66, 0, 0, 4.27
2019/06/03 22:28:00, 24.50, 23.97, 23.78, 29.80, 28.66, 0, 0, 4.27
2019/06/03 22:29:00, 24.50, 23.98, 23.78, 29.78, 28.66, 0, 0, 4.27
2019/06/03 22:30:00, 24.50, 23.97, 23.78, 29.82, 28.63, 0, 0, 4.27
2019/06/03 22:31:00, 24.50, 23.98, 23.78, 29.80, 28.66, 0, 0, 4.27
2019/06/03 22:32:00, 24.50, 23.98, 23.78, 29.80, 28.64, 0, 0, 4.27
2019/06/03 22:33:00, 24.50, 23.97, 23.78, 29.77, 28.62, 0, 0, 4.27
2019/06/03 22:34:00, 24.50, 23.98, 23.77, 29.78, 28.64, 0, 0, 4.27
2019/06/03 22:35:00, 24.50, 23.98, 23.78, 29.77, 28.61, 0, 0, 4.27
2019/06/03 22:36:00, 24.50, 23.98, 23.76, 29.81, 28.62, 0, 0, 4.27
2019/06/03 22:37:00, 24.50, 23.95, 23.78, 29.81, 28.63, 0, 0, 4.27
2019/06/03 22:38:00, 24.50, 23.95, 23.78, 29.75, 28.60, 0, 0, 4.27
2019/06/03 22:39:00, 24.50, 23.95, 23.77, 29.80, 28.59, 0, 0, 4.27
2019/06/03 22:40:00, 24.50, 23.95, 23.77, 29.74, 28.59, 0, 0, 4.27
2019/06/03 22:41:00, 24.50, 23.95, 23.78, 29.74, 28.58, 0, 0, 4.27
2019/06/03 22:42:00, 24.50, 23.97, 23.77, 29.68, 28.56, 0, 0, 4.27
2019/06/03 22:43:00, 24.50, 23.97, 23.77, 29.72, 28.56, 0, 0, 4.27
2019/06/03 22:44:00, 24.50, 23.98, 23.78, 29.77, 28.56, 0, 0, 4.27
2019/06/03 22:45:00, 24.50, 23.98, 23.78, 29.69, 28.53, 0, 0, 4.27
2019/06/03 22:46:00, 24.50, 23.99, 23.76, 29.63, 28.51, 0, 0, 4.27
2019/06/03 22:47:00, 24.50, 23.98, 23.78, 29.65, 28.50, 0, 0, 4.27
2019/06/03 22:48:00, 24.50, 23.98, 23.78, 29.66, 28.50, 0, 0, 4.27
2019/06/03 22:49:00, 24.50, 23.98, 23.78, 29.61, 28.50, 0, 0, 4.27
2019/06/03 22:50:00, 24.50, 23.99, 23.78, 29.61, 28.49, 0, 0, 4.27
2019/06/03 22:51:00, 24.50, 23.95, 23.78, 29.62, 28.47, 0, 0, 4.27
2019/06/03 22:52:00, 24.50, 23.99, 23.78, 29.56, 28.44, 0, 0, 4.27
2019/06/03 22:53:00, 24.50, 23.98, 23.79, 29.61, 28.46, 0, 0, 4.27
2019/06/03 22:54:00, 24.50, 23.98, 23.79, 29.59, 28.43, 0, 0, 4.27
2019/06/03 22:55:00, 24.50, 23.97, 23.77, 29.61, 28.42, 0, 0, 4.27
2019/06/03 22:56:00, 24.50, 23.98, 23.77, 29.56, 28.42, 0, 0, 4.27
2019/06/03 22:57:00, 24.50, 23.98, 23.79, 29.48, 28.37, 0, 0, 4.27
2019/06/03 22:58:00, 24.50, 23.98, 23.78, 29.56, 28.39, 0, 0, 4.27
2019/06/03 22:59:00, 24.50, 23.98, 23.78, 29.56, 28.40, 0, 0, 4.27
2019/06/03 23:00:00, 24.50, 23.95, 23.78, 29.52, 28.37, 0, 0, 4.27
2019/06/03 23:01:00, 24.50, 23.98, 23.78, 29.50, 28.36, 0, 0, 4.27
2019/06/03 23:02:00, 24.50, 23.95, 23.78, 29.46, 28.36, 0, 0, 4.27
2019/06/03 23:03:00, 24.50, 23.99, 23.78, 29.50, 28.36, 0, 0, 4.27
2019/06/03 23:04:00, 24.50, 23.98, 23.76, 29.49, 28.31, 0, 0, 4.27
2019/06/03 23:05:00, 24.50, 23.98, 23.77, 29.46, 28.33, 0, 0, 4.27
2019/06/03 23:06:00, 24.50, 23.98, 23.78, 29.49, 28.34, 0, 0, 4.27
2019/06/03 23:07:00, 24.50, 23.99, 23.78, 29.52, 28.33, 0, 0, 4.27
2019/06/03 23:08:00, 24.50, 23.98, 23.77, 29.46, 28.31, 0, 0, 4.27
2019/06/03 23:09:00, 24.50, 24.01, 23.78, 29.41, 28.27, 0, 0, 4.27
2019/06/03 23:10:00, 24.50, 23.98, 23.77, 29.46, 28.30, 0, 0, 4.27
2019/06/03 23:11:00, 24.50, 23.99, 23.78, 29.39, 28.31, 0, 0, 4.27
2019/06/03 23:12:00, 24.50, 23.98, 23.78, 29.44, 28.30, 0, 0, 4.27
2019/06/03 23:13:00, 24.50, 23.97, 23.77, 29.44, 28.27, 0, 0, 4.27
2019/06/03 23:14:00, 24.50, 23.97, 23.76, 29.47, 28.30, 0, 0, 4.27
2019/06/03 23:15:00, 24.50, 23.98, 23.78, 29.41, 28.27, 0, 0, 4.27
2019/06/03 23:16:00, 24.50, 23.97, 23.77, 29.44, 28.26, 0, 0, 4.27
2019/06/03 23:17:00, 24.50, 23.95, 23.77, 29.43, 28.28, 0, 0, 4.27
2019/06/03 23:18:00, 24.50, 23.97, 23.78, 29.49, 28.30, 0, 0, 4.27
2019/06/03 23:19:00, 24.50, 23.98, 23.78, 29.46, 28.30, 0, 0, 4.27
2019/06/03 23:20:00, 24.50, 23.95, 23.78, 29.41, 28.26, 0, 0, 4.27
2019/06/03 23:21:00, 24.50, 23.97, 23.76, 29.40, 28.25, 0, 0, 4.27
2019/06/03 23:22:00, 24.50, 23.98, 23.76, 29.42, 28.27, 0, 0, 4.27
2019/06/03 23:23:00, 24.50, 23.95, 23.77, 29.44, 28.28, 0, 0, 4.27
2019/06/03 23:24:00, 24.50, 23.97, 23.75, 29.43, 28.29, 0, 0, 4.27
2019/06/03 23:25:00, 24.50, 23.97, 23.76, 29.39, 28.26, 0, 0, 4.27
2019/06/03 23:26:00, 24.50, 23.94, 23.75, 29.37, 28.27, 0, 0, 4.27
2019/06/03 23:27:00, 24.50, 23.95, 23.75, 29.40, 28.27, 0, 0, 4.27
2019/06/03 23:28:00, 24.50, 23.95, 23.76, 29.38, 28.24, 0, 0, 4.27
2019/06/03 23:29:00, 24.50, 23.95, 23.77, 29.43, 28.26, 0, 0, 4.27
2019/06/03 23:30:00, 24.50, 23.94, 23.75, 29.44, 28.29, 0, 0, 4.27
2019/06/03 23:31:00, 24.50, 23.92, 23.75, 29.41, 28.26, 0, 0, 4.27
2019/06/03 23:32:00, 24.50, 23.92, 23.73, 29.39, 28.26, 0, 0, 4.27
2019/06/03 23:33:00, 24.50, 23.94, 23.74, 29.45, 28.28, 0, 0, 4.27
2019/06/03 23:34:00, 24.50, 23.97, 23.73, 29.49, 28.30, 0, 0, 4.27
2019/06/03 23:35:00, 24.50, 23.97, 23.74, 29.41, 28.28, 0, 0, 4.27
2019/06/03 23:36:00, 24.50, 23.95, 23.76, 29.41, 28.27, 0, 0, 4.27
2019/06/03 23:37:00, 24.50, 23.94, 23.75, 29.41, 28.26, 0, 0, 4.27
2019/06/03 23:38:00, 24.50, 23.92, 23.75, 29.39, 28.27, 0, 0, 4.27
2019/06/03 23:39:00, 24.50, 23.95, 23.76, 29.40, 28.24, 0, 0, 4.27
2019/06/03 23:40:00, 24.50, 23.95, 23.75, 29.43, 28.24, 0, 0, 4.27
2019/06/03 23:41:00, 24.50, 23.94, 23.74, 29.41, 28.24, 0, 0, 4.27
2019/06/03 23:42:00, 24.50, 23.92, 23.74, 29.37, 28.23, 0, 0, 4.27
2019/06/03 23:43:00, 24.50, 23.92, 23.73, 29.39, 28.23, 0, 0, 4.27
2019/06/03 23:44:00, 24.50, 23.94, 23.75, 29.39, 28.27, 0, 0, 4.27
2019/06/03 23:45:00, 24.25, 23.90, 23.73, 29.39, 28.25, 0, 0, 4.27
2019/06/03 23:46:00, 24.50, 23.94, 23.73, 29.43, 28.26, 0, 0, 4.27
2019/06/03 23:47:00, 24.25, 23.91, 23.74, 29.45, 28.28, 0, 0, 4.27
