Data logger for tempereture and humidity.
Code, design, and soldering by Antti Mikkonen, a.mikkonen@iki.fi, 2019.
Based on open source projects and libraries. See source for details.
/home/ami/src/arduino/promini/logger_v8_ada/logger_v8_ada.ino
UTC time (year/month/date hour:minute:second), T RTC (C), T sht31 (C), T si7021 (C), RH sht31 (-), RH si7021 (-), heaterOn sht31 (bool),  heaterOn si7021 (bool), battery voltage (V)
2019/06/24 00:08:00, 23.50, 23.22, 23.03, 32.46, 32.20, 0, 0, 4.22
2019/06/24 00:09:00, 23.50, 23.25, 23.02, 32.43, 32.20, 0, 0, 4.22
2019/06/24 00:10:00, 23.50, 23.24, 23.02, 32.46, 32.19, 0, 0, 4.22
2019/06/24 00:11:00, 23.50, 23.21, 23.00, 32.44, 32.20, 0, 0, 4.22
2019/06/24 00:12:00, 23.50, 23.21, 23.02, 32.50, 32.22, 0, 0, 4.22
2019/06/24 00:13:00, 23.50, 23.24, 23.01, 32.48, 32.24, 0, 0, 4.22
2019/06/24 00:14:00, 23.50, 23.21, 23.02, 32.54, 32.26, 0, 0, 4.22
2019/06/24 00:15:00, 23.50, 23.21, 23.00, 32.50, 32.26, 0, 0, 4.22
2019/06/24 00:16:00, 23.50, 23.21, 23.00, 32.54, 32.29, 0, 0, 4.22
2019/06/24 00:17:00, 23.50, 23.21, 23.00, 32.54, 32.28, 0, 0, 4.22
2019/06/24 00:18:00, 23.50, 23.19, 22.97, 32.56, 32.31, 0, 0, 4.22
2019/06/24 00:19:00, 23.50, 23.19, 22.98, 32.59, 32.33, 0, 0, 4.22
2019/06/24 00:20:00, 23.50, 23.21, 22.98, 32.62, 32.35, 0, 0, 4.22
2019/06/24 00:21:00, 23.50, 23.21, 22.98, 32.62, 32.36, 0, 0, 4.22
2019/06/24 00:22:00, 23.50, 23.19, 22.97, 32.62, 32.34, 0, 0, 4.22
2019/06/24 00:23:00, 23.50, 23.18, 22.97, 32.64, 32.37, 0, 0, 4.22
2019/06/24 00:24:00, 23.50, 23.19, 22.94, 32.63, 32.37, 0, 0, 4.22
2019/06/24 00:25:00, 23.50, 23.16, 22.95, 32.66, 32.39, 0, 0, 4.22
2019/06/24 00:26:00, 23.50, 23.16, 22.94, 32.70, 32.42, 0, 0, 4.22
2019/06/24 00:27:00, 23.50, 23.16, 22.97, 32.69, 32.42, 0, 0, 4.22
2019/06/24 00:28:00, 23.50, 23.16, 22.94, 32.66, 32.43, 0, 0, 4.22
2019/06/24 00:29:00, 23.50, 23.15, 22.95, 32.69, 32.42, 0, 0, 4.22
2019/06/24 00:30:00, 23.50, 23.16, 22.95, 32.76, 32.47, 0, 0, 4.22
2019/06/24 00:31:00, 23.50, 23.16, 22.97, 32.72, 32.47, 0, 0, 4.22
2019/06/24 00:32:00, 23.50, 23.15, 22.95, 32.73, 32.50, 0, 0, 4.22
2019/06/24 00:33:00, 23.50, 23.15, 22.93, 32.76, 32.52, 0, 0, 4.22
2019/06/24 00:34:00, 23.50, 23.14, 22.94, 32.77, 32.52, 0, 0, 4.22
2019/06/24 00:35:00, 23.50, 23.15, 22.93, 32.74, 32.52, 0, 0, 4.22
2019/06/24 00:36:00, 23.50, 23.14, 22.92, 32.77, 32.54, 0, 0, 4.22
2019/06/24 00:37:00, 23.50, 23.15, 22.91, 32.80, 32.54, 0, 0, 4.22
2019/06/24 00:38:00, 23.50, 23.16, 22.93, 32.83, 32.55, 0, 0, 4.22
2019/06/24 00:39:00, 23.50, 23.12, 22.91, 32.77, 32.58, 0, 0, 4.22
2019/06/24 00:40:00, 23.50, 23.14, 22.92, 32.92, 32.59, 0, 0, 4.22
2019/06/24 00:41:00, 23.50, 23.14, 22.91, 32.87, 32.60, 0, 0, 4.22
2019/06/24 00:42:00, 23.50, 23.14, 22.92, 32.90, 32.60, 0, 0, 4.22
2019/06/24 00:43:00, 23.50, 23.12, 22.90, 32.89, 32.63, 0, 0, 4.22
2019/06/24 00:44:00, 23.50, 23.12, 22.92, 32.89, 32.65, 0, 0, 4.22
2019/06/24 00:45:00, 23.50, 23.12, 22.88, 32.83, 32.63, 0, 0, 4.22
2019/06/24 00:46:00, 23.50, 23.12, 22.89, 32.93, 32.67, 0, 0, 4.22
2019/06/24 00:47:00, 23.50, 23.11, 22.89, 32.91, 32.66, 0, 0, 4.22
2019/06/24 00:48:00, 23.50, 23.14, 22.89, 32.90, 32.65, 0, 0, 4.22
2019/06/24 00:49:00, 23.50, 23.09, 22.88, 32.97, 32.68, 0, 0, 4.22
2019/06/24 00:50:00, 23.50, 23.11, 22.89, 32.96, 32.71, 0, 0, 4.22
2019/06/24 00:51:00, 23.50, 23.11, 22.89, 32.99, 32.70, 0, 0, 4.22
2019/06/24 00:52:00, 23.50, 23.09, 22.89, 32.99, 32.74, 0, 0, 4.22
2019/06/24 00:53:00, 23.50, 23.09, 22.88, 33.00, 32.74, 0, 0, 4.22
2019/06/24 00:54:00, 23.50, 23.09, 22.88, 33.06, 32.76, 0, 0, 4.22
2019/06/24 00:55:00, 23.50, 23.09, 22.88, 33.05, 32.76, 0, 0, 4.22
2019/06/24 00:56:00, 23.50, 23.08, 22.88, 33.06, 32.79, 0, 0, 4.22
2019/06/24 00:57:00, 23.50, 23.09, 22.87, 33.06, 32.79, 0, 0, 4.22
2019/06/24 00:58:00, 23.50, 23.09, 22.85, 33.06, 32.80, 0, 0, 4.22
2019/06/24 00:59:00, 23.50, 23.06, 22.86, 33.16, 32.82, 0, 0, 4.22
2019/06/24 01:00:00, 23.50, 23.08, 22.85, 33.10, 32.83, 0, 0, 4.22
2019/06/24 01:01:00, 23.50, 23.06, 22.86, 33.09, 32.82, 0, 0, 4.22
2019/06/24 01:02:00, 23.50, 23.06, 22.84, 33.10, 32.87, 0, 0, 4.22
2019/06/24 01:03:00, 23.50, 23.05, 22.85, 33.13, 32.87, 0, 0, 4.22
2019/06/24 01:04:00, 23.50, 23.08, 22.85, 33.21, 32.88, 0, 0, 4.22
2019/06/24 01:05:00, 23.50, 23.08, 22.86, 33.19, 32.92, 0, 0, 4.22
2019/06/24 01:06:00, 23.50, 23.05, 22.86, 33.23, 32.93, 0, 0, 4.22
2019/06/24 01:07:00, 23.50, 23.06, 22.86, 33.17, 32.92, 0, 0, 4.22
2019/06/24 01:08:00, 23.50, 23.08, 22.85, 33.22, 32.93, 0, 0, 4.22
2019/06/24 01:09:00, 23.50, 23.08, 22.86, 33.22, 32.94, 0, 0, 4.22
2019/06/24 01:10:00, 23.50, 23.06, 22.83, 33.31, 32.97, 0, 0, 4.22
2019/06/24 01:11:00, 23.50, 23.06, 22.83, 33.22, 32.98, 0, 0, 4.22
2019/06/24 01:12:00, 23.50, 23.03, 22.83, 33.25, 33.01, 0, 0, 4.22
2019/06/24 01:13:00, 23.50, 23.05, 22.83, 33.35, 33.03, 0, 0, 4.22
2019/06/24 01:14:00, 23.50, 23.06, 22.82, 33.26, 33.04, 0, 0, 4.22
2019/06/24 01:15:00, 23.50, 23.05, 22.84, 33.32, 33.03, 0, 0, 4.22
2019/06/24 01:16:00, 23.50, 23.05, 22.83, 33.32, 33.06, 0, 0, 4.22
2019/06/24 01:17:00, 23.50, 23.05, 22.83, 33.27, 33.07, 0, 0, 4.22
2019/06/24 01:18:00, 23.50, 23.03, 22.83, 33.36, 33.10, 0, 0, 4.22
2019/06/24 01:19:00, 23.50, 23.03, 22.82, 33.39, 33.09, 0, 0, 4.22
2019/06/24 01:20:00, 23.50, 23.05, 22.82, 33.35, 33.08, 0, 0, 4.22
2019/06/24 01:21:00, 23.50, 23.05, 22.82, 33.37, 33.12, 0, 0, 4.22
2019/06/24 01:22:00, 23.50, 23.03, 22.80, 33.42, 33.14, 0, 0, 4.22
2019/06/24 01:23:00, 23.50, 23.02, 22.82, 33.45, 33.16, 0, 0, 4.22
2019/06/24 01:24:00, 23.50, 23.03, 22.82, 33.39, 33.17, 0, 0, 4.22
2019/06/24 01:25:00, 23.50, 23.03, 22.79, 33.45, 33.16, 0, 0, 4.22
2019/06/24 01:26:00, 23.50, 23.01, 22.80, 33.44, 33.16, 0, 0, 4.22
2019/06/24 01:27:00, 23.50, 23.01, 22.80, 33.39, 33.16, 0, 0, 4.22
2019/06/24 01:28:00, 23.50, 23.01, 22.80, 33.46, 33.19, 0, 0, 4.22
2019/06/24 01:29:00, 23.50, 22.99, 22.78, 33.48, 33.20, 0, 0, 4.22
2019/06/24 01:30:00, 23.50, 22.99, 22.79, 33.48, 33.21, 0, 0, 4.22
2019/06/24 01:31:00, 23.50, 22.99, 22.79, 33.48, 33.19, 0, 0, 4.22
2019/06/24 01:32:00, 23.50, 22.99, 22.78, 33.56, 33.23, 0, 0, 4.22
2019/06/24 01:33:00, 23.50, 23.01, 22.78, 33.56, 33.22, 0, 0, 4.22
2019/06/24 01:34:00, 23.50, 22.99, 22.80, 33.52, 33.23, 0, 0, 4.22
2019/06/24 01:35:00, 23.50, 22.99, 22.77, 33.52, 33.23, 0, 0, 4.22
2019/06/24 01:36:00, 23.50, 22.99, 22.78, 33.52, 33.24, 0, 0, 4.22
2019/06/24 01:37:00, 23.50, 23.01, 22.78, 33.55, 33.25, 0, 0, 4.22
2019/06/24 01:38:00, 23.50, 22.99, 22.78, 33.48, 33.24, 0, 0, 4.22
2019/06/24 01:39:00, 23.50, 22.99, 22.78, 33.57, 33.26, 0, 0, 4.22
2019/06/24 01:40:00, 23.50, 23.01, 22.76, 33.62, 33.27, 0, 0, 4.22
2019/06/24 01:41:00, 23.50, 22.98, 22.78, 33.62, 33.29, 0, 0, 4.22
2019/06/24 01:42:00, 23.50, 22.98, 22.77, 33.61, 33.30, 0, 0, 4.22
2019/06/24 01:43:00, 23.50, 22.98, 22.76, 33.65, 33.32, 0, 0, 4.22
2019/06/24 01:44:00, 23.50, 22.98, 22.77, 33.59, 33.32, 0, 0, 4.22
2019/06/24 01:45:00, 23.50, 22.98, 22.74, 33.65, 33.31, 0, 0, 4.22
2019/06/24 01:46:00, 23.50, 22.99, 22.75, 33.62, 33.32, 0, 0, 4.22
2019/06/24 01:47:00, 23.50, 22.97, 22.75, 33.68, 33.35, 0, 0, 4.22
2019/06/24 01:48:00, 23.50, 22.99, 22.74, 33.72, 33.36, 0, 0, 4.22
2019/06/24 01:49:00, 23.25, 22.95, 22.75, 33.71, 33.36, 0, 0, 4.22
2019/06/24 01:50:00, 23.25, 22.97, 22.75, 33.75, 33.42, 0, 0, 4.22
2019/06/24 01:51:00, 23.25, 22.97, 22.74, 33.71, 33.39, 0, 0, 4.22
2019/06/24 01:52:00, 23.50, 22.95, 22.75, 33.74, 33.40, 0, 0, 4.22
2019/06/24 01:53:00, 23.25, 22.94, 22.75, 33.69, 33.39, 0, 0, 4.22
2019/06/24 01:54:00, 23.25, 22.98, 22.75, 33.71, 33.42, 0, 0, 4.22
2019/06/24 01:55:00, 23.25, 22.92, 22.73, 33.75, 33.40, 0, 0, 4.22
2019/06/24 01:56:00, 23.50, 22.95, 22.74, 33.73, 33.42, 0, 0, 4.22
2019/06/24 01:57:00, 23.25, 22.94, 22.74, 33.76, 33.47, 0, 0, 4.22
2019/06/24 01:58:00, 23.25, 22.94, 22.75, 33.76, 33.45, 0, 0, 4.22
2019/06/24 01:59:00, 23.25, 22.92, 22.72, 33.75, 33.45, 0, 0, 4.22
2019/06/24 02:00:00, 23.25, 22.94, 22.71, 33.75, 33.47, 0, 0, 4.22
2019/06/24 02:01:00, 23.25, 22.94, 22.71, 33.78, 33.49, 0, 0, 4.22
2019/06/24 02:02:00, 23.25, 22.94, 22.71, 33.82, 33.51, 0, 0, 4.22
2019/06/24 02:03:00, 23.25, 22.94, 22.71, 33.82, 33.51, 0, 0, 4.22
2019/06/24 02:04:00, 23.25, 22.92, 22.72, 33.84, 33.52, 0, 0, 4.22
2019/06/24 02:05:00, 23.25, 22.94, 22.71, 33.82, 33.51, 0, 0, 4.22
2019/06/24 02:06:00, 23.25, 22.94, 22.73, 33.86, 33.52, 0, 0, 4.22
2019/06/24 02:07:00, 23.25, 22.91, 22.72, 33.84, 33.50, 0, 0, 4.22
2019/06/24 02:08:00, 23.25, 22.90, 22.71, 33.79, 33.49, 0, 0, 4.22
2019/06/24 02:09:00, 23.25, 22.91, 22.69, 33.83, 33.50, 0, 0, 4.22
2019/06/24 02:10:00, 23.25, 22.91, 22.70, 33.83, 33.52, 0, 0, 4.22
2019/06/24 02:11:00, 23.25, 22.90, 22.70, 33.85, 33.53, 0, 0, 4.22
2019/06/24 02:12:00, 23.25, 22.88, 22.69, 33.88, 33.55, 0, 0, 4.22
2019/06/24 02:13:00, 23.25, 22.90, 22.68, 33.87, 33.56, 0, 0, 4.22
2019/06/24 02:14:00, 23.25, 22.90, 22.67, 33.84, 33.57, 0, 0, 4.22
2019/06/24 02:15:00, 23.25, 22.90, 22.68, 33.86, 33.57, 0, 0, 4.22
2019/06/24 02:16:00, 23.25, 22.88, 22.70, 33.88, 33.58, 0, 0, 4.22
2019/06/24 02:17:00, 23.25, 22.88, 22.68, 33.89, 33.58, 0, 0, 4.22
2019/06/24 02:18:00, 23.25, 22.92, 22.69, 33.91, 33.59, 0, 0, 4.22
2019/06/24 02:19:00, 23.25, 22.90, 22.69, 33.87, 33.56, 0, 0, 4.22
2019/06/24 02:20:00, 23.25, 22.88, 22.69, 33.89, 33.58, 0, 0, 4.22
2019/06/24 02:21:00, 23.25, 22.87, 22.67, 33.88, 33.59, 0, 0, 4.22
2019/06/24 02:22:00, 23.25, 22.90, 22.69, 33.89, 33.59, 0, 0, 4.22
2019/06/24 02:23:00, 23.25, 22.90, 22.67, 33.94, 33.61, 0, 0, 4.22
2019/06/24 02:24:00, 23.25, 22.88, 22.68, 33.99, 33.64, 0, 0, 4.22
2019/06/24 02:25:00, 23.25, 22.88, 22.68, 33.98, 33.64, 0, 0, 4.22
2019/06/24 02:26:00, 23.25, 22.88, 22.65, 33.93, 33.64, 0, 0, 4.22
2019/06/24 02:27:00, 23.25, 22.88, 22.65, 33.98, 33.64, 0, 0, 4.22
2019/06/24 02:28:00, 23.25, 22.90, 22.67, 33.96, 33.64, 0, 0, 4.22
2019/06/24 02:29:00, 23.25, 22.90, 22.68, 33.96, 33.65, 0, 0, 4.22
2019/06/24 02:30:00, 23.25, 22.87, 22.67, 33.95, 33.68, 0, 0, 4.22
2019/06/24 02:31:00, 23.25, 22.87, 22.67, 34.00, 33.67, 0, 0, 4.22
2019/06/24 02:32:00, 23.25, 22.85, 22.65, 33.97, 33.65, 0, 0, 4.22
2019/06/24 02:33:00, 23.25, 22.88, 22.67, 33.93, 33.66, 0, 0, 4.22
2019/06/24 02:34:00, 23.25, 22.85, 22.64, 34.00, 33.68, 0, 0, 4.22
2019/06/24 02:35:00, 23.25, 22.87, 22.64, 33.97, 33.68, 0, 0, 4.22
2019/06/24 02:36:00, 23.25, 22.85, 22.63, 34.01, 33.68, 0, 0, 4.22
2019/06/24 02:37:00, 23.25, 22.84, 22.64, 34.00, 33.70, 0, 0, 4.22
2019/06/24 02:38:00, 23.25, 22.85, 22.64, 34.00, 33.71, 0, 0, 4.22
2019/06/24 02:39:00, 23.25, 22.87, 22.61, 34.00, 33.71, 0, 0, 4.22
2019/06/24 02:40:00, 23.25, 22.84, 22.64, 34.02, 33.71, 0, 0, 4.22
2019/06/24 02:41:00, 23.25, 22.84, 22.63, 34.02, 33.73, 0, 0, 4.22
2019/06/24 02:42:00, 23.25, 22.85, 22.62, 34.05, 33.72, 0, 0, 4.22
2019/06/24 02:43:00, 23.25, 22.84, 22.62, 34.03, 33.74, 0, 0, 4.22
2019/06/24 02:44:00, 23.25, 22.85, 22.62, 34.02, 33.73, 0, 0, 4.22
2019/06/24 02:45:00, 23.25, 22.84, 22.63, 34.02, 33.73, 0, 0, 4.22
2019/06/24 02:46:00, 23.25, 22.85, 22.62, 34.07, 33.74, 0, 0, 4.22
2019/06/24 02:47:00, 23.25, 22.84, 22.61, 34.09, 33.76, 0, 0, 4.22
2019/06/24 02:48:00, 23.25, 22.81, 22.63, 34.06, 33.76, 0, 0, 4.22
2019/06/24 02:49:00, 23.25, 22.82, 22.60, 34.07, 33.77, 0, 0, 4.22
2019/06/24 02:50:00, 23.25, 22.81, 22.60, 34.09, 33.79, 0, 0, 4.22
2019/06/24 02:51:00, 23.25, 22.84, 22.61, 34.10, 33.81, 0, 0, 4.22
2019/06/24 02:52:00, 23.25, 22.81, 22.59, 34.10, 33.81, 0, 0, 4.22
2019/06/24 02:53:00, 23.25, 22.81, 22.60, 34.09, 33.79, 0, 0, 4.22
2019/06/24 02:54:00, 23.25, 22.81, 22.60, 34.14, 33.81, 0, 0, 4.22
2019/06/24 02:55:00, 23.25, 22.80, 22.58, 34.14, 33.78, 0, 0, 4.22
2019/06/24 02:56:00, 23.25, 22.82, 22.60, 34.09, 33.81, 0, 0, 4.22
2019/06/24 02:57:00, 23.25, 22.82, 22.61, 34.15, 33.83, 0, 0, 4.22
2019/06/24 02:58:00, 23.25, 22.80, 22.58, 34.14, 33.83, 0, 0, 4.22
2019/06/24 02:59:00, 23.25, 22.81, 22.60, 34.13, 33.83, 0, 0, 4.22
2019/06/24 03:00:00, 23.25, 22.81, 22.59, 34.10, 33.81, 0, 0, 4.22
2019/06/24 03:01:00, 23.25, 22.81, 22.59, 34.15, 33.83, 0, 0, 4.22
2019/06/24 03:02:00, 23.25, 22.81, 22.58, 34.18, 33.84, 0, 0, 4.22
2019/06/24 03:03:00, 23.25, 22.78, 22.58, 34.16, 33.86, 0, 0, 4.22
2019/06/24 03:04:00, 23.25, 22.82, 22.59, 34.14, 33.86, 0, 0, 4.22
2019/06/24 03:05:00, 23.25, 22.80, 22.57, 34.10, 33.82, 0, 0, 4.22
2019/06/24 03:06:00, 23.25, 22.80, 22.60, 34.20, 33.85, 0, 0, 4.22
2019/06/24 03:07:00, 23.25, 22.81, 22.56, 34.14, 33.85, 0, 0, 4.22
2019/06/24 03:08:00, 23.25, 22.80, 22.58, 34.11, 33.85, 0, 0, 4.22
2019/06/24 03:09:00, 23.25, 22.80, 22.59, 34.11, 33.83, 0, 0, 4.22
2019/06/24 03:10:00, 23.25, 22.80, 22.59, 34.18, 33.86, 0, 0, 4.22
2019/06/24 03:11:00, 23.25, 22.77, 22.57, 34.18, 33.85, 0, 0, 4.22
2019/06/24 03:12:00, 23.25, 22.78, 22.56, 34.18, 33.88, 0, 0, 4.22
2019/06/24 03:13:00, 23.25, 22.80, 22.57, 34.16, 33.87, 0, 0, 4.22
2019/06/24 03:14:00, 23.25, 22.78, 22.58, 34.16, 33.86, 0, 0, 4.22
2019/06/24 03:15:00, 23.25, 22.78, 22.57, 34.15, 33.85, 0, 0, 4.22
2019/06/24 03:16:00, 23.25, 22.77, 22.58, 34.16, 33.87, 0, 0, 4.22
2019/06/24 03:17:00, 23.25, 22.75, 22.56, 34.20, 33.89, 0, 0, 4.22
2019/06/24 03:18:00, 23.25, 22.80, 22.55, 34.23, 33.93, 0, 0, 4.22
2019/06/24 03:19:00, 23.25, 22.77, 22.58, 34.23, 33.92, 0, 0, 4.22
2019/06/24 03:20:00, 23.25, 22.75, 22.55, 34.20, 33.93, 0, 0, 4.22
2019/06/24 03:21:00, 23.25, 22.77, 22.54, 34.17, 33.92, 0, 0, 4.22
2019/06/24 03:22:00, 23.25, 22.78, 22.54, 34.24, 33.90, 0, 0, 4.22
2019/06/24 03:23:00, 23.25, 22.77, 22.56, 34.23, 33.90, 0, 0, 4.22
2019/06/24 03:24:00, 23.25, 22.78, 22.56, 34.20, 33.89, 0, 0, 4.22
2019/06/24 03:25:00, 23.25, 22.77, 22.56, 34.20, 33.92, 0, 0, 4.22
2019/06/24 03:26:00, 23.25, 22.77, 22.55, 34.21, 33.93, 0, 0, 4.22
2019/06/24 03:27:00, 23.25, 22.78, 22.56, 34.25, 33.95, 0, 0, 4.22
2019/06/24 03:28:00, 23.25, 22.75, 22.57, 34.23, 33.94, 0, 0, 4.22
2019/06/24 03:29:00, 23.25, 22.78, 22.54, 34.19, 33.90, 0, 0, 4.22
2019/06/24 03:30:00, 23.25, 22.75, 22.54, 34.23, 33.92, 0, 0, 4.22
2019/06/24 03:31:00, 23.25, 22.77, 22.54, 34.24, 33.93, 0, 0, 4.22
2019/06/24 03:32:00, 23.25, 22.77, 22.53, 34.24, 33.96, 0, 0, 4.22
2019/06/24 03:33:00, 23.25, 22.74, 22.57, 34.24, 33.96, 0, 0, 4.22
2019/06/24 03:34:00, 23.25, 22.75, 22.54, 34.22, 33.94, 0, 0, 4.22
2019/06/24 03:35:00, 23.25, 22.78, 22.55, 34.23, 33.95, 0, 0, 4.22
2019/06/24 03:36:00, 23.25, 22.75, 22.51, 34.20, 33.95, 0, 0, 4.22
2019/06/24 03:37:00, 23.25, 22.75, 22.54, 34.27, 33.96, 0, 0, 4.22
2019/06/24 03:38:00, 23.25, 22.74, 22.53, 34.27, 33.96, 0, 0, 4.22
2019/06/24 03:39:00, 23.25, 22.73, 22.53, 34.26, 33.96, 0, 0, 4.22
2019/06/24 03:40:00, 23.25, 22.73, 22.55, 34.30, 33.98, 0, 0, 4.22
2019/06/24 03:41:00, 23.25, 22.74, 22.54, 34.28, 33.97, 0, 0, 4.22
2019/06/24 03:42:00, 23.25, 22.74, 22.53, 34.20, 33.93, 0, 0, 4.22
2019/06/24 03:43:00, 23.25, 22.74, 22.54, 34.21, 33.94, 0, 0, 4.22
2019/06/24 03:44:00, 23.25, 22.73, 22.51, 34.24, 33.95, 0, 0, 4.22
2019/06/24 03:45:00, 23.25, 22.73, 22.51, 34.28, 33.95, 0, 0, 4.22
2019/06/24 03:46:00, 23.25, 22.74, 22.54, 34.27, 33.95, 0, 0, 4.22
2019/06/24 03:47:00, 23.25, 22.74, 22.54, 34.25, 33.97, 0, 0, 4.22
2019/06/24 03:48:00, 23.25, 22.71, 22.51, 34.21, 33.96, 0, 0, 4.22
2019/06/24 03:49:00, 23.25, 22.73, 22.50, 34.25, 33.92, 0, 0, 4.22
2019/06/24 03:50:00, 23.25, 22.71, 22.51, 34.24, 33.95, 0, 0, 4.22
2019/06/24 03:51:00, 23.25, 22.73, 22.51, 34.24, 33.93, 0, 0, 4.22
2019/06/24 03:52:00, 23.25, 22.71, 22.50, 34.20, 33.95, 0, 0, 4.22
2019/06/24 03:53:00, 23.25, 22.73, 22.50, 34.25, 33.97, 0, 0, 4.22
2019/06/24 03:54:00, 23.25, 22.73, 22.50, 34.33, 34.00, 0, 0, 4.22
2019/06/24 03:55:00, 23.25, 22.71, 22.50, 34.28, 34.00, 0, 0, 4.22
2019/06/24 03:56:00, 23.25, 22.70, 22.50, 34.26, 33.98, 0, 0, 4.22
2019/06/24 03:57:00, 23.25, 22.70, 22.49, 34.28, 33.98, 0, 0, 4.22
2019/06/24 03:58:00, 23.25, 22.70, 22.49, 34.29, 33.98, 0, 0, 4.22
2019/06/24 03:59:00, 23.25, 22.71, 22.51, 34.25, 33.99, 0, 0, 4.22
2019/06/24 04:00:00, 23.25, 22.71, 22.49, 34.33, 34.02, 0, 0, 4.22
2019/06/24 04:01:00, 23.25, 22.69, 22.50, 34.35, 34.01, 0, 0, 4.22
2019/06/24 04:02:00, 23.25, 22.71, 22.50, 34.27, 34.00, 0, 0, 4.22
2019/06/24 04:03:00, 23.25, 22.73, 22.51, 34.29, 34.00, 0, 0, 4.22
2019/06/24 04:04:00, 23.00, 22.73, 22.48, 34.28, 34.00, 0, 0, 4.22
2019/06/24 04:05:00, 23.25, 22.69, 22.49, 34.25, 33.96, 0, 0, 4.22
2019/06/24 04:06:00, 23.00, 22.70, 22.50, 34.28, 33.98, 0, 0, 4.22
2019/06/24 04:07:00, 23.25, 22.70, 22.48, 34.27, 33.97, 0, 0, 4.22
2019/06/24 04:08:00, 23.25, 22.73, 22.48, 34.24, 33.97, 0, 0, 4.22
2019/06/24 04:09:00, 23.25, 22.71, 22.49, 34.29, 33.97, 0, 0, 4.22
2019/06/24 04:10:00, 23.25, 22.70, 22.49, 34.25, 33.97, 0, 0, 4.22
2019/06/24 04:11:00, 23.00, 22.70, 22.50, 34.22, 33.97, 0, 0, 4.22
2019/06/24 04:12:00, 23.00, 22.69, 22.48, 34.24, 33.95, 0, 0, 4.22
2019/06/24 04:13:00, 23.25, 22.73, 22.50, 34.25, 33.96, 0, 0, 4.22
2019/06/24 04:14:00, 23.00, 22.70, 22.48, 34.20, 33.96, 0, 0, 4.22
2019/06/24 04:15:00, 23.00, 22.71, 22.47, 34.25, 33.96, 0, 0, 4.22
2019/06/24 04:16:00, 23.00, 22.71, 22.48, 34.25, 33.97, 0, 0, 4.22
2019/06/24 04:17:00, 23.00, 22.70, 22.48, 34.22, 33.97, 0, 0, 4.22
2019/06/24 04:18:00, 23.00, 22.71, 22.48, 34.22, 33.97, 0, 0, 4.22
2019/06/24 04:19:00, 23.00, 22.71, 22.49, 34.25, 33.94, 0, 0, 4.22
2019/06/24 04:20:00, 23.00, 22.71, 22.48, 34.25, 33.96, 0, 0, 4.22
2019/06/24 04:21:00, 23.00, 22.69, 22.48, 34.33, 33.97, 0, 0, 4.22
2019/06/24 04:22:00, 23.00, 22.70, 22.50, 34.26, 34.00, 0, 0, 4.22
2019/06/24 04:23:00, 23.00, 22.71, 22.48, 34.29, 33.99, 0, 0, 4.22
2019/06/24 04:24:00, 23.00, 22.71, 22.49, 34.29, 33.99, 0, 0, 4.22
2019/06/24 04:25:00, 23.00, 22.71, 22.48, 34.29, 33.97, 0, 0, 4.22
2019/06/24 04:26:00, 23.00, 22.71, 22.49, 34.24, 33.97, 0, 0, 4.22
2019/06/24 04:27:00, 23.00, 22.71, 22.49, 34.27, 33.98, 0, 0, 4.22
2019/06/24 04:28:00, 23.00, 22.73, 22.48, 34.26, 33.99, 0, 0, 4.22
2019/06/24 04:29:00, 23.00, 22.70, 22.47, 34.24, 33.98, 0, 0, 4.22
2019/06/24 04:30:00, 23.00, 22.69, 22.48, 34.21, 33.94, 0, 0, 4.22
2019/06/24 04:31:00, 23.00, 22.71, 22.47, 34.26, 33.98, 0, 0, 4.22
2019/06/24 04:32:00, 23.00, 22.70, 22.48, 34.26, 33.95, 0, 0, 4.22
2019/06/24 04:33:00, 23.00, 22.71, 22.49, 34.24, 33.97, 0, 0, 4.22
2019/06/24 04:34:00, 23.00, 22.67, 22.47, 34.24, 33.94, 0, 0, 4.22
2019/06/24 04:35:00, 23.00, 22.69, 22.47, 34.27, 33.97, 0, 0, 4.22
2019/06/24 04:36:00, 23.00, 22.69, 22.49, 34.27, 33.99, 0, 0, 4.22
2019/06/24 04:37:00, 23.00, 22.70, 22.47, 34.24, 33.99, 0, 0, 4.22
2019/06/24 04:38:00, 23.00, 22.67, 22.48, 34.26, 34.00, 0, 0, 4.22
2019/06/24 04:39:00, 23.00, 22.67, 22.47, 34.26, 34.00, 0, 0, 4.22
2019/06/24 04:40:00, 23.00, 22.67, 22.47, 34.36, 34.04, 0, 0, 4.22
2019/06/24 04:41:00, 23.00, 22.70, 22.47, 34.35, 34.06, 0, 0, 4.22
2019/06/24 04:42:00, 23.00, 22.70, 22.48, 34.32, 34.07, 0, 0, 4.22
2019/06/24 04:43:00, 23.00, 22.71, 22.47, 34.34, 34.03, 0, 0, 4.22
2019/06/24 04:44:00, 23.00, 22.69, 22.47, 34.31, 34.06, 0, 0, 4.22
2019/06/24 04:45:00, 23.00, 22.69, 22.47, 34.30, 34.02, 0, 0, 4.22
2019/06/24 04:46:00, 23.00, 22.69, 22.47, 34.29, 34.03, 0, 0, 4.22
2019/06/24 04:47:00, 23.00, 22.71, 22.45, 34.31, 34.03, 0, 0, 4.22
2019/06/24 04:48:00, 23.00, 22.70, 22.48, 34.31, 34.05, 0, 0, 4.22
2019/06/24 04:49:00, 23.00, 22.66, 22.47, 34.30, 34.03, 0, 0, 4.22
2019/06/24 04:50:00, 23.00, 22.66, 22.47, 34.31, 34.03, 0, 0, 4.22
2019/06/24 04:51:00, 23.00, 22.69, 22.47, 34.29, 34.02, 0, 0, 4.22
2019/06/24 04:52:00, 23.00, 22.69, 22.47, 34.29, 34.02, 0, 0, 4.22
2019/06/24 04:53:00, 23.00, 22.67, 22.47, 34.34, 34.03, 0, 0, 4.22
2019/06/24 04:54:00, 23.00, 22.70, 22.47, 34.33, 34.06, 0, 0, 4.22
2019/06/24 04:55:00, 23.00, 22.70, 22.48, 34.32, 34.04, 0, 0, 4.22
2019/06/24 04:56:00, 23.00, 22.70, 22.49, 34.33, 34.04, 0, 0, 4.22
2019/06/24 04:57:00, 23.00, 22.70, 22.48, 34.35, 34.05, 0, 0, 4.22
2019/06/24 04:58:00, 23.00, 22.67, 22.46, 34.30, 34.03, 0, 0, 4.22
2019/06/24 04:59:00, 23.00, 22.69, 22.46, 34.35, 34.08, 0, 0, 4.22
2019/06/24 05:00:00, 23.00, 22.70, 22.48, 34.37, 34.08, 0, 0, 4.22
2019/06/24 05:01:00, 23.00, 22.67, 22.46, 34.38, 34.06, 0, 0, 4.22
2019/06/24 05:02:00, 23.00, 22.67, 22.47, 34.37, 34.10, 0, 0, 4.22
2019/06/24 05:03:00, 23.00, 22.69, 22.47, 34.38, 34.09, 0, 0, 4.22
2019/06/24 05:04:00, 23.00, 22.67, 22.45, 34.35, 34.09, 0, 0, 4.22
2019/06/24 05:05:00, 23.00, 22.69, 22.46, 34.39, 34.10, 0, 0, 4.22
2019/06/24 05:06:00, 23.00, 22.70, 22.46, 34.39, 34.10, 0, 0, 4.22
2019/06/24 05:07:00, 23.00, 22.69, 22.47, 34.38, 34.09, 0, 0, 4.22
2019/06/24 05:08:00, 23.00, 22.66, 22.46, 34.39, 34.11, 0, 0, 4.22
2019/06/24 05:09:00, 23.00, 22.69, 22.46, 34.38, 34.08, 0, 0, 4.22
2019/06/24 05:10:00, 23.00, 22.71, 22.47, 34.37, 34.11, 0, 0, 4.22
2019/06/24 05:11:00, 23.00, 22.69, 22.49, 34.39, 34.12, 0, 0, 4.22
2019/06/24 05:12:00, 23.00, 22.67, 22.46, 34.42, 34.15, 0, 0, 4.22
2019/06/24 05:13:00, 23.00, 22.69, 22.47, 34.42, 34.14, 0, 0, 4.22
2019/06/24 05:14:00, 23.00, 22.67, 22.46, 34.41, 34.11, 0, 0, 4.22
2019/06/24 05:15:00, 23.00, 22.70, 22.48, 34.42, 34.12, 0, 0, 4.22
2019/06/24 05:16:00, 23.00, 22.70, 22.48, 34.41, 34.13, 0, 0, 4.22
2019/06/24 05:17:00, 23.00, 22.67, 22.47, 34.46, 34.13, 0, 0, 4.22
2019/06/24 05:18:00, 23.00, 22.70, 22.47, 34.42, 34.13, 0, 0, 4.22
2019/06/24 05:19:00, 23.00, 22.70, 22.47, 34.43, 34.12, 0, 0, 4.22
2019/06/24 05:20:00, 23.00, 22.69, 22.47, 34.43, 34.16, 0, 0, 4.22
2019/06/24 05:21:00, 23.00, 22.69, 22.49, 34.44, 34.15, 0, 0, 4.22
2019/06/24 05:22:00, 23.00, 22.70, 22.49, 34.40, 34.15, 0, 0, 4.22
2019/06/24 05:23:00, 23.00, 22.70, 22.48, 34.44, 34.12, 0, 0, 4.22
2019/06/24 05:24:00, 23.00, 22.70, 22.47, 34.46, 34.13, 0, 0, 4.22
2019/06/24 05:25:00, 23.00, 22.70, 22.48, 34.42, 34.13, 0, 0, 4.22
2019/06/24 05:26:00, 23.00, 22.70, 22.46, 34.43, 34.14, 0, 0, 4.22
2019/06/24 05:27:00, 23.00, 22.67, 22.46, 34.39, 34.14, 0, 0, 4.22
2019/06/24 05:28:00, 23.00, 22.70, 22.50, 34.46, 34.16, 0, 0, 4.22
2019/06/24 05:29:00, 23.00, 22.70, 22.47, 34.39, 34.13, 0, 0, 4.22
2019/06/24 05:30:00, 23.00, 22.69, 22.49, 34.42, 34.16, 0, 0, 4.22
2019/06/24 05:31:00, 23.00, 22.70, 22.48, 34.44, 34.16, 0, 0, 4.22
2019/06/24 05:32:00, 23.00, 22.70, 22.49, 34.39, 34.16, 0, 0, 4.22
2019/06/24 05:33:00, 23.00, 22.70, 22.49, 34.49, 34.19, 0, 0, 4.22
2019/06/24 05:34:00, 23.00, 22.69, 22.46, 34.47, 34.18, 0, 0, 4.22
2019/06/24 05:35:00, 23.00, 22.69, 22.47, 34.47, 34.19, 0, 0, 4.22
2019/06/24 05:36:00, 23.00, 22.70, 22.50, 34.41, 34.17, 0, 0, 4.22
2019/06/24 05:37:00, 23.00, 22.70, 22.46, 34.44, 34.16, 0, 0, 4.22
2019/06/24 05:38:00, 23.00, 22.70, 22.48, 34.46, 34.18, 0, 0, 4.22
2019/06/24 05:39:00, 23.00, 22.66, 22.48, 34.47, 34.17, 0, 0, 4.22
2019/06/24 05:40:00, 23.00, 22.67, 22.46, 34.47, 34.18, 0, 0, 4.22
2019/06/24 05:41:00, 23.00, 22.69, 22.45, 34.53, 34.19, 0, 0, 4.22
2019/06/24 05:42:00, 23.00, 22.67, 22.46, 34.49, 34.21, 0, 0, 4.22
2019/06/24 05:43:00, 23.00, 22.69, 22.47, 34.50, 34.23, 0, 0, 4.22
2019/06/24 05:44:00, 23.00, 22.70, 22.47, 34.54, 34.24, 0, 0, 4.22
2019/06/24 05:45:00, 23.00, 22.69, 22.47, 34.49, 34.25, 0, 0, 4.22
2019/06/24 05:46:00, 23.00, 22.69, 22.47, 34.55, 34.22, 0, 0, 4.22
2019/06/24 05:47:00, 23.00, 22.67, 22.48, 34.53, 34.24, 0, 0, 4.22
2019/06/24 05:48:00, 23.00, 22.70, 22.48, 34.55, 34.22, 0, 0, 4.22
2019/06/24 05:49:00, 23.00, 22.69, 22.48, 34.59, 34.26, 0, 0, 4.22
2019/06/24 05:50:00, 23.00, 22.70, 22.47, 34.63, 34.29, 0, 0, 4.22
2019/06/24 05:51:00, 23.00, 22.70, 22.49, 34.58, 34.29, 0, 0, 4.22
2019/06/24 05:52:00, 23.00, 22.69, 22.49, 34.54, 34.28, 0, 0, 4.22
2019/06/24 05:53:00, 23.00, 22.74, 22.49, 34.59, 34.29, 0, 0, 4.22
2019/06/24 05:54:00, 23.00, 22.73, 22.48, 34.58, 34.29, 0, 0, 4.22
2019/06/24 05:55:00, 23.00, 22.73, 22.50, 34.58, 34.29, 0, 0, 4.22
2019/06/24 05:56:00, 23.00, 22.71, 22.51, 34.59, 34.29, 0, 0, 4.22
2019/06/24 05:57:00, 23.00, 22.71, 22.51, 34.53, 34.28, 0, 0, 4.22
2019/06/24 05:58:00, 23.00, 22.74, 22.53, 34.61, 34.31, 0, 0, 4.22
2019/06/24 05:59:00, 23.00, 22.74, 22.56, 34.57, 34.31, 0, 0, 4.22
2019/06/24 06:00:00, 23.00, 22.74, 22.53, 34.57, 34.27, 0, 0, 4.22
2019/06/24 06:01:00, 23.00, 22.77, 22.54, 34.54, 34.26, 0, 0, 4.22
2019/06/24 06:02:00, 23.00, 22.75, 22.58, 34.51, 34.27, 0, 0, 4.22
2019/06/24 06:03:00, 23.00, 22.77, 22.57, 34.49, 34.25, 0, 0, 4.22
2019/06/24 06:04:00, 23.00, 22.80, 22.56, 34.51, 34.24, 0, 0, 4.22
2019/06/24 06:05:00, 23.00, 22.80, 22.58, 34.51, 34.24, 0, 0, 4.22
2019/06/24 06:06:00, 23.00, 22.80, 22.60, 34.48, 34.23, 0, 0, 4.22
2019/06/24 06:07:00, 23.00, 22.78, 22.59, 34.48, 34.22, 0, 0, 4.22
2019/06/24 06:08:00, 23.00, 22.80, 22.60, 34.47, 34.22, 0, 0, 4.22
2019/06/24 06:09:00, 23.00, 22.81, 22.59, 34.50, 34.22, 0, 0, 4.22
2019/06/24 06:10:00, 23.00, 22.84, 22.60, 34.51, 34.21, 0, 0, 4.22
2019/06/24 06:11:00, 23.00, 22.82, 22.60, 34.51, 34.22, 0, 0, 4.22
2019/06/24 06:12:00, 23.00, 22.84, 22.62, 34.51, 34.21, 0, 0, 4.22
2019/06/24 06:13:00, 23.00, 22.81, 22.63, 34.55, 34.22, 0, 0, 4.22
2019/06/24 06:14:00, 23.00, 22.84, 22.63, 34.46, 34.20, 0, 0, 4.22
2019/06/24 06:15:00, 23.00, 22.84, 22.67, 34.44, 34.19, 0, 0, 4.22
2019/06/24 06:16:00, 23.00, 22.88, 22.65, 34.48, 34.18, 0, 0, 4.22
2019/06/24 06:17:00, 23.00, 22.88, 22.65, 34.51, 34.17, 0, 0, 4.22
2019/06/24 06:18:00, 23.00, 22.88, 22.68, 34.49, 34.18, 0, 0, 4.22
2019/06/24 06:19:00, 23.00, 22.87, 22.67, 34.47, 34.16, 0, 0, 4.22
2019/06/24 06:20:00, 23.00, 22.90, 22.68, 34.45, 34.19, 0, 0, 4.22
2019/06/24 06:21:00, 23.00, 22.88, 22.68, 34.47, 34.19, 0, 0, 4.22
2019/06/24 06:22:00, 23.00, 22.90, 22.70, 34.43, 34.14, 0, 0, 4.22
2019/06/24 06:23:00, 23.00, 22.91, 22.69, 34.44, 34.14, 0, 0, 4.22
2019/06/24 06:24:00, 23.25, 22.94, 22.71, 34.41, 34.13, 0, 0, 4.22
2019/06/24 06:25:00, 23.25, 22.92, 22.71, 34.39, 34.12, 0, 0, 4.22
2019/06/24 06:26:00, 23.25, 22.91, 22.72, 34.38, 34.11, 0, 0, 4.22
2019/06/24 06:27:00, 23.25, 22.94, 22.72, 34.37, 34.10, 0, 0, 4.22
2019/06/24 06:28:00, 23.25, 22.94, 22.72, 34.38, 34.09, 0, 0, 4.22
2019/06/24 06:29:00, 23.25, 22.95, 22.76, 34.38, 34.10, 0, 0, 4.22
2019/06/24 06:30:00, 23.25, 22.97, 22.75, 34.37, 34.10, 0, 0, 4.22
2019/06/24 06:31:00, 23.25, 22.94, 22.74, 34.37, 34.10, 0, 0, 4.22
2019/06/24 06:32:00, 23.25, 22.95, 22.75, 34.38, 34.09, 0, 0, 4.22
2019/06/24 06:33:00, 23.25, 22.95, 22.75, 34.36, 34.10, 0, 0, 4.22
2019/06/24 06:34:00, 23.25, 22.97, 22.76, 34.32, 34.08, 0, 0, 4.22
2019/06/24 06:35:00, 23.25, 22.97, 22.76, 34.36, 34.06, 0, 0, 4.22
2019/06/24 06:36:00, 23.25, 22.97, 22.78, 34.32, 34.07, 0, 0, 4.22
2019/06/24 06:37:00, 23.25, 22.98, 22.76, 34.38, 34.07, 0, 0, 4.22
2019/06/24 06:38:00, 23.25, 22.98, 22.78, 34.38, 34.08, 0, 0, 4.22
2019/06/24 06:39:00, 23.25, 22.98, 22.78, 34.37, 34.08, 0, 0, 4.22
2019/06/24 06:40:00, 23.25, 23.01, 22.79, 34.32, 34.08, 0, 0, 4.22
2019/06/24 06:41:00, 23.25, 23.02, 22.77, 34.36, 34.06, 0, 0, 4.22
2019/06/24 06:42:00, 23.25, 23.01, 22.80, 34.40, 34.06, 0, 0, 4.22
2019/06/24 06:43:00, 23.25, 23.02, 22.83, 34.36, 34.04, 0, 0, 4.22
2019/06/24 06:44:00, 23.25, 23.05, 22.84, 34.32, 34.04, 0, 0, 4.22
2019/06/24 06:45:00, 23.25, 23.03, 22.87, 34.31, 34.04, 0, 0, 4.22
2019/06/24 06:46:00, 23.25, 23.08, 22.89, 34.37, 34.02, 0, 0, 4.22
2019/06/24 06:47:00, 23.25, 23.09, 22.89, 34.25, 33.98, 0, 0, 4.22
2019/06/24 06:48:00, 23.25, 23.12, 22.91, 34.27, 33.95, 0, 0, 4.22
2019/06/24 06:49:00, 23.25, 23.14, 22.97, 34.24, 33.94, 0, 0, 4.22
2019/06/24 06:50:00, 23.25, 23.16, 22.95, 34.20, 33.91, 0, 0, 4.22
2019/06/24 06:51:00, 23.25, 23.19, 23.00, 34.21, 33.89, 0, 0, 4.22
2019/06/24 06:52:00, 23.25, 23.22, 23.01, 34.15, 33.84, 0, 0, 4.22
2019/06/24 06:53:00, 23.25, 23.22, 23.03, 34.12, 33.82, 0, 0, 4.22
2019/06/24 06:54:00, 23.25, 23.21, 23.02, 34.06, 33.78, 0, 0, 4.22
2019/06/24 06:55:00, 23.25, 23.25, 23.04, 34.06, 33.75, 0, 0, 4.22
2019/06/24 06:56:00, 23.25, 23.28, 23.07, 34.02, 33.75, 0, 0, 4.22
2019/06/24 06:57:00, 23.25, 23.28, 23.05, 34.02, 33.73, 0, 0, 4.22
2019/06/24 06:58:00, 23.25, 23.29, 23.08, 34.02, 33.73, 0, 0, 4.22
2019/06/24 06:59:00, 23.25, 23.32, 23.10, 34.02, 33.73, 0, 0, 4.22
2019/06/24 07:00:00, 23.25, 23.33, 23.10, 34.04, 33.71, 0, 0, 4.22
2019/06/24 07:01:00, 23.25, 23.33, 23.13, 33.99, 33.69, 0, 0, 4.22
2019/06/24 07:02:00, 23.25, 23.33, 23.14, 34.03, 33.68, 0, 0, 4.22
2019/06/24 07:03:00, 23.25, 23.33, 23.13, 34.02, 33.66, 0, 0, 4.22
2019/06/24 07:04:00, 23.25, 23.33, 23.14, 34.02, 33.68, 0, 0, 4.22
2019/06/24 07:05:00, 23.25, 23.36, 23.15, 34.00, 33.68, 0, 0, 4.22
2019/06/24 07:06:00, 23.25, 23.37, 23.17, 34.02, 33.69, 0, 0, 4.22
2019/06/24 07:07:00, 23.25, 23.37, 23.18, 33.98, 33.68, 0, 0, 4.22
2019/06/24 07:08:00, 23.25, 23.36, 23.19, 34.00, 33.68, 0, 0, 4.22
2019/06/24 07:09:00, 23.25, 23.40, 23.21, 34.00, 33.69, 0, 0, 4.22
2019/06/24 07:10:00, 23.25, 23.44, 23.23, 33.97, 33.67, 0, 0, 4.22
2019/06/24 07:11:00, 23.25, 23.43, 23.25, 33.97, 33.65, 0, 0, 4.22
2019/06/24 07:12:00, 23.50, 23.47, 23.30, 33.92, 33.63, 0, 0, 4.22
2019/06/24 07:13:00, 23.50, 23.46, 23.30, 33.92, 33.62, 0, 0, 4.22
2019/06/24 07:14:00, 23.50, 23.50, 23.30, 33.92, 33.58, 0, 0, 4.22
2019/06/24 07:15:00, 23.50, 23.52, 23.32, 33.86, 33.57, 0, 0, 4.22
2019/06/24 07:16:00, 23.50, 23.52, 23.34, 33.85, 33.55, 0, 0, 4.22
2019/06/24 07:17:00, 23.50, 23.53, 23.35, 33.90, 33.55, 0, 0, 4.22
2019/06/24 07:18:00, 23.50, 23.59, 23.36, 33.85, 33.55, 0, 0, 4.22
2019/06/24 07:19:00, 23.50, 23.59, 23.37, 33.85, 33.54, 0, 0, 4.22
2019/06/24 07:20:00, 23.50, 23.57, 23.39, 33.87, 33.52, 0, 0, 4.22
2019/06/24 07:21:00, 23.50, 23.59, 23.41, 33.84, 33.49, 0, 0, 4.22
2019/06/24 07:22:00, 23.50, 23.60, 23.44, 33.81, 33.48, 0, 0, 4.22
2019/06/24 07:23:00, 23.50, 23.61, 23.43, 33.77, 33.47, 0, 0, 4.22
2019/06/24 07:24:00, 23.50, 23.64, 23.45, 33.74, 33.45, 0, 0, 4.22
2019/06/24 07:25:00, 23.50, 23.64, 23.47, 33.80, 33.46, 0, 0, 4.22
2019/06/24 07:26:00, 23.50, 23.64, 23.47, 33.77, 33.43, 0, 0, 4.22
2019/06/24 07:27:00, 23.50, 23.68, 23.49, 33.76, 33.45, 0, 0, 4.22
2019/06/24 07:28:00, 23.50, 23.68, 23.50, 33.78, 33.45, 0, 0, 4.22
2019/06/24 07:29:00, 23.50, 23.71, 23.52, 33.81, 33.45, 0, 0, 4.22
2019/06/24 07:30:00, 23.50, 23.73, 23.54, 33.78, 33.42, 0, 0, 4.22
2019/06/24 07:31:00, 23.50, 23.74, 23.54, 33.72, 33.40, 0, 0, 4.22
2019/06/24 07:32:00, 23.50, 23.74, 23.57, 33.72, 33.40, 0, 0, 4.22
2019/06/24 07:33:00, 23.50, 23.76, 23.58, 33.74, 33.37, 0, 0, 4.22
2019/06/24 07:34:00, 23.50, 23.76, 23.60, 33.70, 33.36, 0, 0, 4.22
2019/06/24 07:35:00, 23.50, 23.76, 23.60, 33.77, 33.36, 0, 0, 4.22
2019/06/24 07:36:00, 23.50, 23.79, 23.59, 33.76, 33.40, 0, 0, 4.22
2019/06/24 07:37:00, 23.50, 23.81, 23.62, 33.76, 33.41, 0, 0, 4.22
2019/06/24 07:38:00, 23.50, 23.80, 23.62, 33.74, 33.40, 0, 0, 4.22
2019/06/24 07:39:00, 23.50, 23.83, 23.61, 33.79, 33.40, 0, 0, 4.22
2019/06/24 07:40:00, 23.50, 23.83, 23.61, 33.71, 33.39, 0, 0, 4.22
2019/06/24 07:41:00, 23.75, 23.85, 23.65, 33.79, 33.42, 0, 0, 4.22
2019/06/24 07:42:00, 23.75, 23.83, 23.66, 33.77, 33.45, 0, 0, 4.22
2019/06/24 07:43:00, 23.50, 23.87, 23.69, 33.82, 33.44, 0, 0, 4.22
2019/06/24 07:44:00, 23.75, 23.90, 23.68, 33.88, 33.55, 0, 0, 4.22
2019/06/24 07:45:00, 23.75, 23.88, 23.69, 33.82, 33.49, 0, 0, 4.22
2019/06/24 07:46:00, 23.75, 23.88, 23.71, 33.85, 33.52, 0, 0, 4.22
2019/06/24 07:47:00, 23.75, 23.90, 23.72, 33.85, 33.52, 0, 0, 4.22
2019/06/24 07:48:00, 23.75, 23.90, 23.73, 33.92, 33.58, 0, 0, 4.22
2019/06/24 07:49:00, 23.75, 23.91, 23.74, 33.90, 33.58, 0, 0, 4.22
2019/06/24 07:50:00, 23.75, 23.94, 23.74, 33.93, 33.58, 0, 0, 4.22
2019/06/24 07:51:00, 23.75, 23.97, 23.77, 34.05, 33.64, 0, 0, 4.22
2019/06/24 07:52:00, 23.75, 23.95, 23.77, 34.03, 33.68, 0, 0, 4.22
2019/06/24 07:53:00, 23.75, 23.95, 23.78, 34.05, 33.72, 0, 0, 4.22
2019/06/24 07:54:00, 23.75, 23.99, 23.79, 34.05, 33.74, 0, 0, 4.22
2019/06/24 07:55:00, 23.75, 23.98, 23.81, 34.06, 33.71, 0, 0, 4.22
2019/06/24 07:56:00, 23.75, 23.98, 23.81, 34.09, 33.77, 0, 0, 4.22
2019/06/24 07:57:00, 23.75, 24.01, 23.82, 34.11, 33.79, 0, 0, 4.22
2019/06/24 07:58:00, 23.75, 24.02, 23.84, 34.11, 33.77, 0, 0, 4.22
2019/06/24 07:59:00, 23.75, 24.01, 23.86, 34.05, 33.76, 0, 0, 4.22
2019/06/24 08:00:00, 23.75, 24.02, 23.84, 34.15, 33.80, 0, 0, 4.22
2019/06/24 08:01:00, 23.75, 24.07, 23.83, 34.12, 33.84, 0, 0, 4.22
2019/06/24 08:02:00, 23.75, 24.08, 23.89, 34.18, 33.83, 0, 0, 4.22
2019/06/24 08:03:00, 23.75, 24.04, 23.87, 34.20, 33.85, 0, 0, 4.22
2019/06/24 08:04:00, 23.75, 24.05, 23.88, 34.20, 33.87, 0, 0, 4.22
2019/06/24 08:05:00, 23.75, 24.07, 23.90, 34.16, 33.84, 0, 0, 4.22
2019/06/24 08:06:00, 23.75, 24.07, 23.91, 34.19, 33.87, 0, 0, 4.22
2019/06/24 08:07:00, 23.75, 24.08, 23.90, 34.23, 33.89, 0, 0, 4.22
2019/06/24 08:08:00, 23.75, 24.09, 23.90, 34.27, 33.93, 0, 0, 4.22
2019/06/24 08:09:00, 23.75, 24.08, 23.90, 34.26, 33.93, 0, 0, 4.22
2019/06/24 08:10:00, 23.75, 24.09, 23.93, 34.29, 33.95, 0, 0, 4.22
2019/06/24 08:11:00, 23.75, 24.09, 23.93, 34.31, 33.97, 0, 0, 4.22
2019/06/24 08:12:00, 23.75, 24.11, 23.93, 34.30, 33.97, 0, 0, 4.22
2019/06/24 08:13:00, 23.75, 24.12, 23.94, 34.32, 34.00, 0, 0, 4.22
2019/06/24 08:14:00, 23.75, 24.12, 23.93, 34.36, 34.00, 0, 0, 4.22
2019/06/24 08:15:00, 24.00, 24.11, 23.95, 34.37, 34.00, 0, 0, 4.22
2019/06/24 08:16:00, 24.00, 24.14, 23.95, 34.36, 34.05, 0, 0, 4.22
2019/06/24 08:17:00, 24.00, 24.12, 23.95, 34.34, 34.03, 0, 0, 4.22
2019/06/24 08:18:00, 24.00, 24.15, 23.96, 34.40, 34.05, 0, 0, 4.22
2019/06/24 08:19:00, 24.00, 24.14, 23.97, 34.37, 34.06, 0, 0, 4.22
2019/06/24 08:20:00, 24.00, 24.16, 23.97, 34.41, 34.06, 0, 0, 4.22
2019/06/24 08:21:00, 24.00, 24.16, 24.02, 34.43, 34.09, 0, 0, 4.22
2019/06/24 08:22:00, 24.00, 24.15, 23.98, 34.35, 34.04, 0, 0, 4.22
2019/06/24 08:23:00, 24.00, 24.15, 24.00, 34.41, 34.08, 0, 0, 4.22
2019/06/24 08:24:00, 24.00, 24.18, 24.00, 34.44, 34.11, 0, 0, 4.22
2019/06/24 08:25:00, 24.00, 24.18, 24.00, 34.46, 34.10, 0, 0, 4.22
2019/06/24 08:26:00, 24.00, 24.20, 24.03, 34.42, 34.09, 0, 0, 4.22
2019/06/24 08:27:00, 24.00, 24.18, 24.03, 34.36, 34.10, 0, 0, 4.22
2019/06/24 08:28:00, 24.00, 24.20, 24.04, 34.38, 34.05, 0, 0, 4.22
2019/06/24 08:29:00, 24.00, 24.20, 24.05, 34.45, 34.08, 0, 0, 4.22
2019/06/24 08:30:00, 24.00, 24.22, 24.07, 34.44, 34.13, 0, 0, 4.22
2019/06/24 08:31:00, 24.00, 24.20, 24.06, 34.49, 34.15, 0, 0, 4.22
2019/06/24 08:32:00, 24.00, 24.23, 24.05, 34.54, 34.15, 0, 0, 4.22
2019/06/24 08:33:00, 24.00, 24.22, 24.07, 34.50, 34.17, 0, 0, 4.22
2019/06/24 08:34:00, 24.00, 24.26, 24.09, 34.50, 34.17, 0, 0, 4.22
2019/06/24 08:35:00, 24.00, 24.25, 24.04, 34.49, 34.16, 0, 0, 4.22
2019/06/24 08:36:00, 24.00, 24.25, 24.07, 34.46, 34.14, 0, 0, 4.22
2019/06/24 08:37:00, 24.00, 24.25, 24.07, 34.49, 34.14, 0, 0, 4.22
2019/06/24 08:38:00, 24.00, 24.25, 24.08, 34.50, 34.16, 0, 0, 4.22
2019/06/24 08:39:00, 24.00, 24.26, 24.09, 34.53, 34.16, 0, 0, 4.22
2019/06/24 08:40:00, 24.00, 24.25, 24.07, 34.49, 34.17, 0, 0, 4.22
2019/06/24 08:41:00, 24.00, 24.25, 24.08, 34.48, 34.16, 0, 0, 4.22
2019/06/24 08:42:00, 24.00, 24.26, 24.09, 34.47, 34.16, 0, 0, 4.22
2019/06/24 08:43:00, 24.00, 24.26, 24.09, 34.49, 34.16, 0, 0, 4.22
2019/06/24 08:44:00, 24.00, 24.26, 24.11, 34.46, 34.17, 0, 0, 4.22
2019/06/24 08:45:00, 24.00, 24.27, 24.11, 34.50, 34.19, 0, 0, 4.22
2019/06/24 08:46:00, 24.00, 24.29, 24.10, 34.48, 34.16, 0, 0, 4.22
2019/06/24 08:47:00, 24.00, 24.27, 24.11, 34.52, 34.17, 0, 0, 4.22
2019/06/24 08:48:00, 24.00, 24.27, 24.11, 34.49, 34.16, 0, 0, 4.22
2019/06/24 08:49:00, 24.00, 24.29, 24.11, 34.56, 34.22, 0, 0, 4.22
2019/06/24 08:50:00, 24.00, 24.27, 24.13, 34.51, 34.19, 0, 0, 4.22
2019/06/24 08:51:00, 24.00, 24.31, 24.13, 34.54, 34.19, 0, 0, 4.22
2019/06/24 08:52:00, 24.00, 24.31, 24.11, 34.51, 34.19, 0, 0, 4.22
2019/06/24 08:53:00, 24.00, 24.32, 24.12, 34.52, 34.18, 0, 0, 4.22
2019/06/24 08:54:00, 24.00, 24.31, 24.13, 34.52, 34.22, 0, 0, 4.22
2019/06/24 08:55:00, 24.00, 24.31, 24.13, 34.54, 34.20, 0, 0, 4.22
2019/06/24 08:56:00, 24.00, 24.32, 24.12, 34.60, 34.26, 0, 0, 4.22
2019/06/24 08:57:00, 24.00, 24.29, 24.16, 34.60, 34.26, 0, 0, 4.22
2019/06/24 08:58:00, 24.00, 24.31, 24.13, 34.63, 34.31, 0, 0, 4.22
2019/06/24 08:59:00, 24.25, 24.32, 24.16, 34.63, 34.26, 0, 0, 4.22
2019/06/24 09:00:00, 24.00, 24.31, 24.15, 34.63, 34.29, 0, 0, 4.22
2019/06/24 09:01:00, 24.25, 24.33, 24.15, 34.61, 34.29, 0, 0, 4.22
2019/06/24 09:02:00, 24.25, 24.35, 24.16, 34.64, 34.31, 0, 0, 4.22
2019/06/24 09:03:00, 24.25, 24.33, 24.15, 34.67, 34.35, 0, 0, 4.22
2019/06/24 09:04:00, 24.25, 24.36, 24.17, 34.67, 34.35, 0, 0, 4.22
2019/06/24 09:05:00, 24.25, 24.33, 24.17, 34.70, 34.35, 0, 0, 4.22
2019/06/24 09:06:00, 24.25, 24.36, 24.16, 34.70, 34.35, 0, 0, 4.22
2019/06/24 09:07:00, 24.25, 24.35, 24.17, 34.70, 34.36, 0, 0, 4.22
2019/06/24 09:08:00, 24.25, 24.33, 24.17, 34.79, 34.41, 0, 0, 4.22
2019/06/24 09:09:00, 24.25, 24.35, 24.18, 34.78, 34.45, 0, 0, 4.22
2019/06/24 09:10:00, 24.25, 24.33, 24.17, 34.84, 34.45, 0, 0, 4.22
2019/06/24 09:11:00, 24.25, 24.36, 24.17, 34.78, 34.44, 0, 0, 4.22
2019/06/24 09:12:00, 24.25, 24.32, 24.18, 34.85, 34.45, 0, 0, 4.22
2019/06/24 09:13:00, 24.25, 24.35, 24.17, 34.86, 34.54, 0, 0, 4.22
2019/06/24 09:14:00, 24.25, 24.35, 24.19, 34.97, 34.59, 0, 0, 4.22
2019/06/24 09:15:00, 24.25, 24.35, 24.18, 34.95, 34.61, 0, 0, 4.22
2019/06/24 09:16:00, 24.25, 24.33, 24.17, 34.98, 34.61, 0, 0, 4.22
2019/06/24 09:17:00, 24.25, 24.35, 24.16, 35.02, 34.69, 0, 0, 4.22
2019/06/24 09:18:00, 24.25, 24.36, 24.19, 35.08, 34.73, 0, 0, 4.22
2019/06/24 09:19:00, 24.25, 24.36, 24.18, 35.10, 34.73, 0, 0, 4.22
2019/06/24 09:20:00, 24.25, 24.35, 24.19, 35.14, 34.76, 0, 0, 4.22
2019/06/24 09:21:00, 24.25, 24.38, 24.19, 35.10, 34.82, 0, 0, 4.22
2019/06/24 09:22:00, 24.25, 24.35, 24.18, 35.24, 34.86, 0, 0, 4.22
2019/06/24 09:23:00, 24.25, 24.35, 24.19, 35.26, 34.90, 0, 0, 4.22
2019/06/24 09:24:00, 24.25, 24.39, 24.19, 35.23, 34.91, 0, 0, 4.22
2019/06/24 09:25:00, 24.25, 24.36, 24.20, 35.30, 34.95, 0, 0, 4.22
2019/06/24 09:26:00, 24.25, 24.38, 24.19, 35.22, 34.91, 0, 0, 4.22
2019/06/24 09:27:00, 24.25, 24.38, 24.20, 35.19, 34.87, 0, 0, 4.22
2019/06/24 09:28:00, 24.25, 24.36, 24.19, 35.24, 34.90, 0, 0, 4.22
2019/06/24 09:29:00, 24.25, 24.38, 24.19, 35.26, 34.93, 0, 0, 4.22
2019/06/24 09:30:00, 24.25, 24.36, 24.21, 35.22, 34.90, 0, 0, 4.22
2019/06/24 09:31:00, 24.25, 24.38, 24.21, 35.21, 34.92, 0, 0, 4.22
2019/06/24 09:32:00, 24.25, 24.40, 24.20, 35.19, 34.88, 0, 0, 4.22
2019/06/24 09:33:00, 24.25, 24.36, 24.21, 35.19, 34.87, 0, 0, 4.22
2019/06/24 09:34:00, 24.25, 24.36, 24.22, 35.18, 34.87, 0, 0, 4.22
2019/06/24 09:35:00, 24.25, 24.36, 24.20, 35.23, 34.87, 0, 0, 4.22
2019/06/24 09:36:00, 24.25, 24.35, 24.21, 35.17, 34.89, 0, 0, 4.22
2019/06/24 09:37:00, 24.25, 24.39, 24.21, 35.30, 34.94, 0, 0, 4.22
2019/06/24 09:38:00, 24.25, 24.39, 24.20, 35.19, 34.92, 0, 0, 4.22
2019/06/24 09:39:00, 24.25, 24.39, 24.22, 35.33, 34.94, 0, 0, 4.22
2019/06/24 09:40:00, 24.25, 24.39, 24.21, 35.37, 34.98, 0, 0, 4.22
2019/06/24 09:41:00, 24.25, 24.36, 24.23, 35.34, 35.00, 0, 0, 4.22
2019/06/24 09:42:00, 24.25, 24.39, 24.22, 35.35, 35.00, 0, 0, 4.22
2019/06/24 09:43:00, 24.25, 24.38, 24.21, 35.35, 35.01, 0, 0, 4.22
2019/06/24 09:44:00, 24.25, 24.39, 24.22, 35.35, 35.03, 0, 0, 4.22
2019/06/24 09:45:00, 24.25, 24.38, 24.22, 35.38, 35.03, 0, 0, 4.22
2019/06/24 09:46:00, 24.25, 24.39, 24.23, 35.35, 35.03, 0, 0, 4.22
2019/06/24 09:47:00, 24.25, 24.38, 24.21, 35.30, 35.00, 0, 0, 4.22
2019/06/24 09:48:00, 24.25, 24.39, 24.22, 35.29, 34.98, 0, 0, 4.22
2019/06/24 09:49:00, 24.25, 24.39, 24.22, 35.32, 35.00, 0, 0, 4.22
2019/06/24 09:50:00, 24.25, 24.39, 24.22, 35.30, 34.97, 0, 0, 4.22
2019/06/24 09:51:00, 24.25, 24.38, 24.23, 35.29, 34.96, 0, 0, 4.22
2019/06/24 09:52:00, 24.25, 24.38, 24.22, 35.29, 34.95, 0, 0, 4.22
2019/06/24 09:53:00, 24.25, 24.40, 24.22, 35.30, 34.95, 0, 0, 4.22
2019/06/24 09:54:00, 24.25, 24.38, 24.22, 35.28, 34.93, 0, 0, 4.22
2019/06/24 09:55:00, 24.25, 24.40, 24.20, 35.23, 34.92, 0, 0, 4.22
2019/06/24 09:56:00, 24.25, 24.38, 24.24, 35.25, 34.93, 0, 0, 4.22
2019/06/24 09:57:00, 24.25, 24.40, 24.20, 35.22, 34.89, 0, 0, 4.22
2019/06/24 09:58:00, 24.25, 24.38, 24.20, 35.22, 34.92, 0, 0, 4.22
2019/06/24 09:59:00, 24.25, 24.36, 24.22, 35.26, 34.90, 0, 0, 4.22
2019/06/24 10:00:00, 24.25, 24.39, 24.21, 35.28, 34.90, 0, 0, 4.22
2019/06/24 10:01:00, 24.25, 24.39, 24.21, 35.28, 34.91, 0, 0, 4.22
2019/06/24 10:02:00, 24.25, 24.36, 24.23, 35.19, 34.90, 0, 0, 4.22
2019/06/24 10:03:00, 24.25, 24.40, 24.23, 35.24, 34.87, 0, 0, 4.22
2019/06/24 10:04:00, 24.25, 24.39, 24.23, 35.16, 34.87, 0, 0, 4.22
2019/06/24 10:05:00, 24.25, 24.40, 24.23, 35.19, 34.86, 0, 0, 4.22
2019/06/24 10:06:00, 24.25, 24.40, 24.23, 35.17, 34.87, 0, 0, 4.22
2019/06/24 10:07:00, 24.25, 24.40, 24.23, 35.16, 34.84, 0, 0, 4.22
2019/06/24 10:08:00, 24.25, 24.42, 24.23, 35.13, 34.83, 0, 0, 4.22
2019/06/24 10:09:00, 24.25, 24.42, 24.23, 35.23, 34.84, 0, 0, 4.22
2019/06/24 10:10:00, 24.25, 24.40, 24.24, 35.19, 34.87, 0, 0, 4.22
2019/06/24 10:11:00, 24.25, 24.40, 24.23, 35.24, 34.89, 0, 0, 4.22
2019/06/24 10:12:00, 24.25, 24.43, 24.22, 35.20, 34.86, 0, 0, 4.22
2019/06/24 10:13:00, 24.25, 24.40, 24.22, 35.20, 34.86, 0, 0, 4.22
2019/06/24 10:14:00, 24.25, 24.39, 24.23, 35.23, 34.90, 0, 0, 4.22
2019/06/24 10:15:00, 24.25, 24.40, 24.23, 35.27, 34.93, 0, 0, 4.22
2019/06/24 10:16:00, 24.25, 24.42, 24.23, 35.29, 34.99, 0, 0, 4.22
2019/06/24 10:17:00, 24.25, 24.42, 24.21, 35.25, 34.95, 0, 0, 4.22
2019/06/24 10:18:00, 24.25, 24.42, 24.25, 35.23, 34.93, 0, 0, 4.22
2019/06/24 10:19:00, 24.25, 24.42, 24.25, 35.29, 34.96, 0, 0, 4.22
2019/06/24 10:20:00, 24.25, 24.42, 24.23, 35.30, 34.98, 0, 0, 4.22
2019/06/24 10:21:00, 24.25, 24.42, 24.23, 35.35, 34.99, 0, 0, 4.22
2019/06/24 10:22:00, 24.25, 24.40, 24.23, 35.36, 35.01, 0, 0, 4.22
2019/06/24 10:23:00, 24.25, 24.39, 24.24, 35.37, 35.06, 0, 0, 4.22
2019/06/24 10:24:00, 24.25, 24.42, 24.22, 35.40, 35.07, 0, 0, 4.22
2019/06/24 10:25:00, 24.25, 24.38, 24.22, 35.38, 35.08, 0, 0, 4.22
2019/06/24 10:26:00, 24.25, 24.40, 24.22, 35.36, 35.09, 0, 0, 4.22
2019/06/24 10:27:00, 24.25, 24.40, 24.23, 35.41, 35.13, 0, 0, 4.22
2019/06/24 10:28:00, 24.25, 24.40, 24.23, 35.45, 35.16, 0, 0, 4.22
2019/06/24 10:29:00, 24.25, 24.39, 24.21, 35.41, 35.11, 0, 0, 4.22
2019/06/24 10:30:00, 24.25, 24.40, 24.20, 35.38, 35.13, 0, 0, 4.22
2019/06/24 10:31:00, 24.25, 24.39, 24.22, 35.47, 35.14, 0, 0, 4.22
2019/06/24 10:32:00, 24.25, 24.40, 24.23, 35.40, 35.10, 0, 0, 4.22
2019/06/24 10:33:00, 24.25, 24.39, 24.22, 35.33, 35.05, 0, 0, 4.22
2019/06/24 10:34:00, 24.25, 24.38, 24.22, 35.37, 35.08, 0, 0, 4.22
2019/06/24 10:35:00, 24.25, 24.39, 24.22, 35.34, 35.05, 0, 0, 4.22
2019/06/24 10:36:00, 24.25, 24.40, 24.20, 35.32, 35.04, 0, 0, 4.22
2019/06/24 10:37:00, 24.25, 24.39, 24.23, 35.29, 34.98, 0, 0, 4.22
2019/06/24 10:38:00, 24.25, 24.38, 24.21, 35.22, 34.93, 0, 0, 4.22
2019/06/24 10:39:00, 24.25, 24.38, 24.19, 35.13, 34.85, 0, 0, 4.22
2019/06/24 10:40:00, 24.25, 24.35, 24.20, 35.10, 34.80, 0, 0, 4.22
2019/06/24 10:41:00, 24.25, 24.38, 24.21, 35.08, 34.77, 0, 0, 4.22
2019/06/24 10:42:00, 24.25, 24.38, 24.19, 34.98, 34.64, 0, 0, 4.22
2019/06/24 10:43:00, 24.25, 24.35, 24.19, 34.90, 34.58, 0, 0, 4.22
2019/06/24 10:44:00, 24.25, 24.36, 24.18, 34.84, 34.56, 0, 0, 4.22
2019/06/24 10:45:00, 24.25, 24.36, 24.16, 34.87, 34.54, 0, 0, 4.22
2019/06/24 10:46:00, 24.25, 24.33, 24.16, 34.82, 34.48, 0, 0, 4.22
2019/06/24 10:47:00, 24.25, 24.35, 24.16, 34.78, 34.46, 0, 0, 4.22
2019/06/24 10:48:00, 24.25, 24.32, 24.16, 34.78, 34.43, 0, 0, 4.22
2019/06/24 10:49:00, 24.25, 24.35, 24.15, 34.75, 34.41, 0, 0, 4.22
2019/06/24 10:50:00, 24.25, 24.31, 24.15, 34.68, 34.37, 0, 0, 4.22
2019/06/24 10:51:00, 24.25, 24.31, 24.13, 34.68, 34.36, 0, 0, 4.22
2019/06/24 10:52:00, 24.25, 24.29, 24.13, 34.63, 34.32, 0, 0, 4.22
2019/06/24 10:53:00, 24.25, 24.29, 24.12, 34.63, 34.32, 0, 0, 4.22
2019/06/24 10:54:00, 24.25, 24.29, 24.12, 34.59, 34.32, 0, 0, 4.22
2019/06/24 10:55:00, 24.25, 24.29, 24.13, 34.60, 34.30, 0, 0, 4.22
2019/06/24 10:56:00, 24.25, 24.31, 24.12, 34.51, 34.29, 0, 0, 4.22
2019/06/24 10:57:00, 24.25, 24.27, 24.11, 34.55, 34.23, 0, 0, 4.22
2019/06/24 10:58:00, 24.25, 24.27, 24.10, 34.51, 34.22, 0, 0, 4.22
2019/06/24 10:59:00, 24.25, 24.27, 24.10, 34.48, 34.16, 0, 0, 4.22
2019/06/24 11:00:00, 24.25, 24.27, 24.10, 34.45, 34.16, 0, 0, 4.22
2019/06/24 11:01:00, 24.25, 24.26, 24.09, 34.45, 34.16, 0, 0, 4.22
2019/06/24 11:02:00, 24.25, 24.29, 24.10, 34.45, 34.15, 0, 0, 4.22
2019/06/24 11:03:00, 24.25, 24.27, 24.09, 34.40, 34.11, 0, 0, 4.22
2019/06/24 11:04:00, 24.25, 24.27, 24.10, 34.39, 34.09, 0, 0, 4.22
2019/06/24 11:05:00, 24.25, 24.27, 24.10, 34.37, 34.07, 0, 0, 4.22
2019/06/24 11:06:00, 24.25, 24.29, 24.09, 34.30, 34.06, 0, 0, 4.22
2019/06/24 11:07:00, 24.25, 24.27, 24.08, 34.35, 34.03, 0, 0, 4.22
2019/06/24 11:08:00, 24.25, 24.27, 24.07, 34.29, 34.03, 0, 0, 4.22
2019/06/24 11:09:00, 24.25, 24.25, 24.10, 34.30, 34.02, 0, 0, 4.22
2019/06/24 11:10:00, 24.25, 24.23, 24.06, 34.24, 33.96, 0, 0, 4.22
2019/06/24 11:11:00, 24.25, 24.25, 24.07, 34.30, 34.01, 0, 0, 4.22
2019/06/24 11:12:00, 24.25, 24.26, 24.08, 34.26, 33.97, 0, 0, 4.22
2019/06/24 11:13:00, 24.25, 24.25, 24.08, 34.24, 33.95, 0, 0, 4.22
2019/06/24 11:14:00, 24.25, 24.27, 24.08, 34.27, 33.96, 0, 0, 4.22
2019/06/24 11:15:00, 24.25, 24.26, 24.08, 34.29, 33.97, 0, 0, 4.22
2019/06/24 11:16:00, 24.25, 24.27, 24.07, 34.18, 33.93, 0, 0, 4.22
2019/06/24 11:17:00, 24.25, 24.26, 24.06, 34.17, 33.90, 0, 0, 4.22
2019/06/24 11:18:00, 24.25, 24.26, 24.07, 34.20, 33.90, 0, 0, 4.22
2019/06/24 11:19:00, 24.25, 24.25, 24.07, 34.20, 33.91, 0, 0, 4.22
2019/06/24 11:20:00, 24.25, 24.26, 24.06, 34.25, 33.92, 0, 0, 4.22
2019/06/24 11:21:00, 24.25, 24.25, 24.08, 34.24, 33.93, 0, 0, 4.22
2019/06/24 11:22:00, 24.25, 24.26, 24.06, 34.27, 33.95, 0, 0, 4.22
2019/06/24 11:23:00, 24.25, 24.27, 24.06, 34.26, 33.93, 0, 0, 4.22
2019/06/24 11:24:00, 24.25, 24.23, 24.06, 34.26, 33.93, 0, 0, 4.22
2019/06/24 11:25:00, 24.25, 24.22, 24.07, 34.24, 33.95, 0, 0, 4.22
2019/06/24 11:26:00, 24.25, 24.23, 24.07, 34.25, 33.93, 0, 0, 4.22
2019/06/24 11:27:00, 24.25, 24.25, 24.05, 34.21, 33.95, 0, 0, 4.22
2019/06/24 11:28:00, 24.25, 24.23, 24.05, 34.22, 33.93, 0, 0, 4.22
2019/06/24 11:29:00, 24.25, 24.20, 24.05, 34.22, 33.93, 0, 0, 4.22
2019/06/24 11:30:00, 24.25, 24.22, 24.05, 34.22, 33.93, 0, 0, 4.22
2019/06/24 11:31:00, 24.25, 24.22, 24.06, 34.26, 33.93, 0, 0, 4.22
2019/06/24 11:32:00, 24.25, 24.23, 24.03, 34.27, 33.95, 0, 0, 4.22
2019/06/24 11:33:00, 24.25, 24.22, 24.04, 34.22, 33.95, 0, 0, 4.22
2019/06/24 11:34:00, 24.25, 24.22, 24.04, 34.27, 33.94, 0, 0, 4.22
2019/06/24 11:35:00, 24.25, 24.22, 24.05, 34.26, 33.97, 0, 0, 4.22
2019/06/24 11:36:00, 24.25, 24.23, 24.03, 34.24, 33.95, 0, 0, 4.22
2019/06/24 11:37:00, 24.25, 24.22, 24.03, 34.26, 33.93, 0, 0, 4.22
2019/06/24 11:38:00, 24.25, 24.20, 24.04, 34.31, 33.96, 0, 0, 4.22
2019/06/24 11:39:00, 24.25, 24.22, 24.01, 34.23, 33.93, 0, 0, 4.22
2019/06/24 11:40:00, 24.25, 24.20, 24.04, 34.23, 33.95, 0, 0, 4.22
2019/06/24 11:41:00, 24.25, 24.18, 24.04, 34.19, 33.88, 0, 0, 4.22
2019/06/24 11:42:00, 24.25, 24.19, 24.02, 34.16, 33.89, 0, 0, 4.22
2019/06/24 11:43:00, 24.25, 24.22, 24.02, 34.15, 33.87, 0, 0, 4.22
2019/06/24 11:44:00, 24.25, 24.18, 24.01, 34.18, 33.86, 0, 0, 4.22
2019/06/24 11:45:00, 24.25, 24.18, 24.01, 34.18, 33.84, 0, 0, 4.22
2019/06/24 11:46:00, 24.25, 24.19, 24.03, 34.12, 33.81, 0, 0, 4.22
2019/06/24 11:47:00, 24.25, 24.18, 24.01, 34.07, 33.80, 0, 0, 4.22
2019/06/24 11:48:00, 24.25, 24.18, 24.01, 34.03, 33.72, 0, 0, 4.22
2019/06/24 11:49:00, 24.25, 24.19, 24.01, 34.07, 33.71, 0, 0, 4.22
2019/06/24 11:50:00, 24.25, 24.19, 24.00, 33.94, 33.66, 0, 0, 4.22
2019/06/24 11:51:00, 24.25, 24.18, 24.02, 33.89, 33.62, 0, 0, 4.22
2019/06/24 11:52:00, 24.25, 24.19, 24.01, 33.91, 33.61, 0, 0, 4.22
2019/06/24 11:53:00, 24.25, 24.18, 24.02, 33.88, 33.56, 0, 0, 4.22
2019/06/24 11:54:00, 24.25, 24.20, 24.01, 33.81, 33.49, 0, 0, 4.22
2019/06/24 11:55:00, 24.25, 24.16, 24.01, 33.79, 33.45, 0, 0, 4.22
2019/06/24 11:56:00, 24.25, 24.19, 24.00, 33.74, 33.45, 0, 0, 4.22
2019/06/24 11:57:00, 24.25, 24.18, 23.98, 33.70, 33.39, 0, 0, 4.22
2019/06/24 11:58:00, 24.25, 24.15, 24.00, 33.67, 33.35, 0, 0, 4.22
2019/06/24 11:59:00, 24.25, 24.18, 24.00, 33.61, 33.34, 0, 0, 4.22
2019/06/24 12:00:00, 24.25, 24.18, 23.97, 33.58, 33.32, 0, 0, 4.22
2019/06/24 12:01:00, 24.25, 24.18, 23.98, 33.53, 33.27, 0, 0, 4.22
2019/06/24 12:02:00, 24.25, 24.18, 23.98, 33.50, 33.25, 0, 0, 4.22
2019/06/24 12:03:00, 24.25, 24.18, 23.98, 33.48, 33.22, 0, 0, 4.22
2019/06/24 12:04:00, 24.25, 24.15, 23.98, 33.41, 33.17, 0, 0, 4.22
2019/06/24 12:05:00, 24.25, 24.18, 24.00, 33.41, 33.14, 0, 0, 4.22
2019/06/24 12:06:00, 24.25, 24.16, 23.98, 33.42, 33.14, 0, 0, 4.22
2019/06/24 12:07:00, 24.25, 24.15, 23.96, 33.38, 33.08, 0, 0, 4.22
2019/06/24 12:08:00, 24.25, 24.16, 23.96, 33.38, 33.07, 0, 0, 4.22
2019/06/24 12:09:00, 24.25, 24.15, 23.96, 33.32, 33.06, 0, 0, 4.22
2019/06/24 12:10:00, 24.25, 24.16, 23.97, 33.30, 33.05, 0, 0, 4.22
2019/06/24 12:11:00, 24.25, 24.16, 23.98, 33.26, 33.03, 0, 0, 4.22
2019/06/24 12:12:00, 24.25, 24.15, 23.97, 33.28, 32.99, 0, 0, 4.22
2019/06/24 12:13:00, 24.25, 24.16, 23.97, 33.27, 33.00, 0, 0, 4.22
2019/06/24 12:14:00, 24.25, 24.15, 23.97, 33.21, 32.95, 0, 0, 4.22
2019/06/24 12:15:00, 24.25, 24.16, 23.96, 33.17, 32.93, 0, 0, 4.22
2019/06/24 12:16:00, 24.25, 24.16, 24.00, 33.13, 32.90, 0, 0, 4.22
2019/06/24 12:17:00, 24.25, 24.18, 23.97, 33.15, 32.86, 0, 0, 4.22
2019/06/24 12:18:00, 24.25, 24.15, 23.98, 33.06, 32.83, 0, 0, 4.22
2019/06/24 12:19:00, 24.25, 24.15, 23.98, 33.07, 32.80, 0, 0, 4.22
2019/06/24 12:20:00, 24.25, 24.16, 23.98, 33.01, 32.77, 0, 0, 4.22
2019/06/24 12:21:00, 24.25, 24.14, 23.97, 33.01, 32.76, 0, 0, 4.22
2019/06/24 12:22:00, 24.25, 24.15, 23.96, 32.95, 32.74, 0, 0, 4.22
2019/06/24 12:23:00, 24.25, 24.15, 23.96, 32.93, 32.70, 0, 0, 4.22
2019/06/24 12:24:00, 24.25, 24.15, 23.96, 32.98, 32.69, 0, 0, 4.22
2019/06/24 12:25:00, 24.25, 24.16, 23.96, 32.85, 32.68, 0, 0, 4.22
2019/06/24 12:26:00, 24.25, 24.15, 23.95, 32.88, 32.63, 0, 0, 4.22
2019/06/24 12:27:00, 24.25, 24.15, 23.97, 32.85, 32.59, 0, 0, 4.22
2019/06/24 12:28:00, 24.25, 24.15, 23.95, 32.85, 32.61, 0, 0, 4.22
2019/06/24 12:29:00, 24.25, 24.14, 23.97, 32.84, 32.61, 0, 0, 4.22
2019/06/24 12:30:00, 24.25, 24.15, 23.97, 32.79, 32.58, 0, 0, 4.22
2019/06/24 12:31:00, 24.25, 24.15, 23.95, 32.80, 32.56, 0, 0, 4.22
2019/06/24 12:32:00, 24.25, 24.14, 23.95, 32.80, 32.55, 0, 0, 4.22
2019/06/24 12:33:00, 24.25, 24.12, 23.96, 32.76, 32.52, 0, 0, 4.22
2019/06/24 12:34:00, 24.25, 24.12, 23.97, 32.75, 32.52, 0, 0, 4.22
2019/06/24 12:35:00, 24.25, 24.14, 23.95, 32.75, 32.54, 0, 0, 4.22
2019/06/24 12:36:00, 24.25, 24.15, 23.95, 32.75, 32.51, 0, 0, 4.22
2019/06/24 12:37:00, 24.25, 24.15, 23.94, 32.78, 32.49, 0, 0, 4.22
2019/06/24 12:38:00, 24.25, 24.14, 23.93, 32.72, 32.49, 0, 0, 4.22
2019/06/24 12:39:00, 24.25, 24.14, 23.92, 32.67, 32.45, 0, 0, 4.22
2019/06/24 12:40:00, 24.25, 24.11, 23.92, 32.64, 32.42, 0, 0, 4.22
2019/06/24 12:41:00, 24.25, 24.11, 23.92, 32.58, 32.36, 0, 0, 4.22
2019/06/24 12:42:00, 24.25, 24.12, 23.91, 32.55, 32.35, 0, 0, 4.22
2019/06/24 12:43:00, 24.25, 24.12, 23.92, 32.63, 32.36, 0, 0, 4.22
2019/06/24 12:44:00, 24.25, 24.12, 23.93, 32.58, 32.36, 0, 0, 4.22
2019/06/24 12:45:00, 24.25, 24.12, 23.93, 32.55, 32.35, 0, 0, 4.22
2019/06/24 12:46:00, 24.25, 24.09, 23.93, 32.57, 32.34, 0, 0, 4.22
2019/06/24 12:47:00, 24.25, 24.11, 23.93, 32.55, 32.34, 0, 0, 4.22
2019/06/24 12:48:00, 24.25, 24.12, 23.92, 32.57, 32.36, 0, 0, 4.22
2019/06/24 12:49:00, 24.25, 24.14, 23.91, 32.55, 32.36, 0, 0, 4.22
2019/06/24 12:50:00, 24.25, 24.14, 23.94, 32.63, 32.36, 0, 0, 4.22
2019/06/24 12:51:00, 24.25, 24.12, 23.93, 32.61, 32.36, 0, 0, 4.22
2019/06/24 12:52:00, 24.25, 24.12, 23.92, 32.52, 32.34, 0, 0, 4.22
2019/06/24 12:53:00, 24.25, 24.12, 23.92, 32.58, 32.34, 0, 0, 4.22
2019/06/24 12:54:00, 24.25, 24.11, 23.92, 32.58, 32.34, 0, 0, 4.22
2019/06/24 12:55:00, 24.25, 24.14, 23.92, 32.57, 32.33, 0, 0, 4.22
2019/06/24 12:56:00, 24.25, 24.11, 23.93, 32.57, 32.31, 0, 0, 4.22
2019/06/24 12:57:00, 24.25, 24.11, 23.92, 32.55, 32.31, 0, 0, 4.22
2019/06/24 12:58:00, 24.25, 24.12, 23.91, 32.52, 32.33, 0, 0, 4.22
2019/06/24 12:59:00, 24.25, 24.09, 23.94, 32.52, 32.31, 0, 0, 4.22
2019/06/24 13:00:00, 24.25, 24.12, 23.92, 32.48, 32.29, 0, 0, 4.22
2019/06/24 13:01:00, 24.25, 24.11, 23.94, 32.50, 32.26, 0, 0, 4.22
2019/06/24 13:02:00, 24.25, 24.14, 23.92, 32.45, 32.25, 0, 0, 4.22
2019/06/24 13:03:00, 24.25, 24.11, 23.93, 32.46, 32.23, 0, 0, 4.22
2019/06/24 13:04:00, 24.25, 24.12, 23.92, 32.46, 32.24, 0, 0, 4.22
2019/06/24 13:05:00, 24.25, 24.11, 23.93, 32.45, 32.25, 0, 0, 4.22
2019/06/24 13:06:00, 24.25, 24.11, 23.92, 32.52, 32.23, 0, 0, 4.22
2019/06/24 13:07:00, 24.25, 24.15, 23.92, 32.50, 32.23, 0, 0, 4.22
2019/06/24 13:08:00, 24.25, 24.12, 23.93, 32.54, 32.23, 0, 0, 4.22
2019/06/24 13:09:00, 24.25, 24.12, 23.93, 32.47, 32.27, 0, 0, 4.22
2019/06/24 13:10:00, 24.25, 24.14, 23.92, 32.50, 32.23, 0, 0, 4.22
2019/06/24 13:11:00, 24.25, 24.12, 23.96, 32.47, 32.21, 0, 0, 4.22
2019/06/24 13:12:00, 24.25, 24.12, 23.95, 32.48, 32.22, 0, 0, 4.22
2019/06/24 13:13:00, 24.25, 24.15, 23.96, 32.47, 32.21, 0, 0, 4.22
2019/06/24 13:14:00, 24.25, 24.12, 23.96, 32.41, 32.20, 0, 0, 4.22
2019/06/24 13:15:00, 24.25, 24.14, 23.97, 32.46, 32.19, 0, 0, 4.22
2019/06/24 13:16:00, 24.25, 24.14, 23.96, 32.40, 32.19, 0, 0, 4.22
2019/06/24 13:17:00, 24.25, 24.15, 23.96, 32.35, 32.17, 0, 0, 4.22
2019/06/24 13:18:00, 24.25, 24.16, 23.97, 32.38, 32.16, 0, 0, 4.22
2019/06/24 13:19:00, 24.25, 24.18, 23.97, 32.41, 32.17, 0, 0, 4.22
2019/06/24 13:20:00, 24.25, 24.16, 23.97, 32.45, 32.22, 0, 0, 4.22
2019/06/24 13:21:00, 24.25, 24.15, 23.97, 32.44, 32.21, 0, 0, 4.22
2019/06/24 13:22:00, 24.25, 24.16, 24.00, 32.46, 32.23, 0, 0, 4.22
2019/06/24 13:23:00, 24.25, 24.16, 23.96, 32.48, 32.23, 0, 0, 4.22
2019/06/24 13:24:00, 24.25, 24.15, 23.96, 32.46, 32.25, 0, 0, 4.22
2019/06/24 13:25:00, 24.25, 24.16, 23.97, 32.51, 32.24, 0, 0, 4.22
2019/06/24 13:26:00, 24.25, 24.16, 24.01, 32.47, 32.22, 0, 0, 4.22
2019/06/24 13:27:00, 24.25, 24.16, 23.97, 32.43, 32.20, 0, 0, 4.22
2019/06/24 13:28:00, 24.25, 24.18, 23.98, 32.38, 32.18, 0, 0, 4.22
2019/06/24 13:29:00, 24.25, 24.19, 23.97, 32.35, 32.16, 0, 0, 4.22
2019/06/24 13:30:00, 24.25, 24.18, 23.98, 32.41, 32.14, 0, 0, 4.22
2019/06/24 13:31:00, 24.25, 24.18, 23.97, 32.34, 32.13, 0, 0, 4.22
2019/06/24 13:32:00, 24.25, 24.16, 24.00, 32.34, 32.11, 0, 0, 4.22
2019/06/24 13:33:00, 24.25, 24.16, 24.00, 32.34, 32.13, 0, 0, 4.22
2019/06/24 13:34:00, 24.25, 24.19, 24.01, 32.31, 32.11, 0, 0, 4.22
2019/06/24 13:35:00, 24.25, 24.18, 24.00, 32.20, 32.05, 0, 0, 4.22
2019/06/24 13:36:00, 24.25, 24.19, 24.00, 32.25, 32.04, 0, 0, 4.22
2019/06/24 13:37:00, 24.25, 24.18, 24.02, 32.22, 32.01, 0, 0, 4.22
2019/06/24 13:38:00, 24.25, 24.19, 24.02, 32.18, 32.00, 0, 0, 4.22
2019/06/24 13:39:00, 24.25, 24.20, 24.01, 32.19, 32.00, 0, 0, 4.22
2019/06/24 13:40:00, 24.25, 24.18, 24.01, 32.19, 31.97, 0, 0, 4.22
2019/06/24 13:41:00, 24.25, 24.22, 24.01, 32.22, 31.97, 0, 0, 4.22
2019/06/24 13:42:00, 24.25, 24.20, 24.02, 32.15, 31.94, 0, 0, 4.22
2019/06/24 13:43:00, 24.25, 24.19, 24.02, 32.11, 31.93, 0, 0, 4.22
2019/06/24 13:44:00, 24.25, 24.18, 23.98, 32.09, 31.91, 0, 0, 4.22
2019/06/24 13:45:00, 24.25, 24.18, 24.01, 32.06, 31.91, 0, 0, 4.22
2019/06/24 13:46:00, 24.25, 24.19, 24.01, 32.15, 31.92, 0, 0, 4.22
2019/06/24 13:47:00, 24.25, 24.19, 24.00, 32.16, 31.92, 0, 0, 4.22
2019/06/24 13:48:00, 24.25, 24.19, 23.97, 32.10, 31.89, 0, 0, 4.22
2019/06/24 13:49:00, 24.25, 24.20, 24.00, 32.15, 31.91, 0, 0, 4.22
2019/06/24 13:50:00, 24.25, 24.19, 24.01, 32.09, 31.88, 0, 0, 4.22
2019/06/24 13:51:00, 24.25, 24.19, 24.00, 32.06, 31.84, 0, 0, 4.22
2019/06/24 13:52:00, 24.25, 24.19, 24.02, 32.03, 31.82, 0, 0, 4.22
2019/06/24 13:53:00, 24.25, 24.20, 24.02, 31.99, 31.81, 0, 0, 4.22
2019/06/24 13:54:00, 24.25, 24.22, 24.00, 31.97, 31.78, 0, 0, 4.22
2019/06/24 13:55:00, 24.25, 24.15, 23.98, 31.96, 31.72, 0, 0, 4.22
2019/06/24 13:56:00, 24.25, 24.19, 23.98, 31.99, 31.75, 0, 0, 4.22
2019/06/24 13:57:00, 24.25, 24.16, 24.00, 31.94, 31.75, 0, 0, 4.22
2019/06/24 13:58:00, 24.25, 24.18, 23.97, 31.92, 31.71, 0, 0, 4.22
2019/06/24 13:59:00, 24.25, 24.16, 23.96, 31.89, 31.71, 0, 0, 4.22
2019/06/24 14:00:00, 24.25, 24.14, 23.96, 31.84, 31.68, 0, 0, 4.22
2019/06/24 14:01:00, 24.25, 24.15, 23.97, 31.85, 31.66, 0, 0, 4.22
2019/06/24 14:02:00, 24.25, 24.15, 23.97, 31.84, 31.63, 0, 0, 4.22
2019/06/24 14:03:00, 24.25, 24.15, 23.96, 31.79, 31.60, 0, 0, 4.22
2019/06/24 14:04:00, 24.25, 24.14, 23.95, 31.73, 31.54, 0, 0, 4.22
2019/06/24 14:05:00, 24.25, 24.16, 23.96, 31.72, 31.52, 0, 0, 4.22
2019/06/24 14:06:00, 24.25, 24.15, 23.97, 31.66, 31.49, 0, 0, 4.22
2019/06/24 14:07:00, 24.25, 24.16, 23.96, 31.65, 31.45, 0, 0, 4.22
2019/06/24 14:08:00, 24.25, 24.15, 23.95, 31.60, 31.41, 0, 0, 4.22
2019/06/24 14:09:00, 24.25, 24.12, 23.94, 31.60, 31.42, 0, 0, 4.22
2019/06/24 14:10:00, 24.25, 24.16, 23.97, 31.59, 31.39, 0, 0, 4.22
2019/06/24 14:11:00, 24.25, 24.14, 23.96, 31.53, 31.36, 0, 0, 4.22
2019/06/24 14:12:00, 24.25, 24.15, 23.94, 31.50, 31.35, 0, 0, 4.22
2019/06/24 14:13:00, 24.25, 24.12, 23.93, 31.53, 31.34, 0, 0, 4.22
2019/06/24 14:14:00, 24.25, 24.16, 23.92, 31.53, 31.33, 0, 0, 4.22
2019/06/24 14:15:00, 24.25, 24.12, 23.94, 31.49, 31.32, 0, 0, 4.22
2019/06/24 14:16:00, 24.25, 24.12, 23.95, 31.48, 31.30, 0, 0, 4.22
2019/06/24 14:17:00, 24.25, 24.12, 23.92, 31.48, 31.29, 0, 0, 4.22
2019/06/24 14:18:00, 24.25, 24.09, 23.92, 31.46, 31.27, 0, 0, 4.22
2019/06/24 14:19:00, 24.25, 24.11, 23.92, 31.42, 31.26, 0, 0, 4.22
2019/06/24 14:20:00, 24.25, 24.12, 23.93, 31.42, 31.22, 0, 0, 4.22
2019/06/24 14:21:00, 24.25, 24.14, 23.95, 31.38, 31.21, 0, 0, 4.22
2019/06/24 14:22:00, 24.25, 24.12, 23.92, 31.34, 31.18, 0, 0, 4.22
2019/06/24 14:23:00, 24.25, 24.12, 23.93, 31.29, 31.13, 0, 0, 4.22
2019/06/24 14:24:00, 24.25, 24.12, 23.91, 31.26, 31.10, 0, 0, 4.22
2019/06/24 14:25:00, 24.25, 24.11, 23.90, 31.23, 31.07, 0, 0, 4.22
2019/06/24 14:26:00, 24.25, 24.14, 23.94, 31.29, 31.08, 0, 0, 4.22
2019/06/24 14:27:00, 24.25, 24.14, 23.95, 31.25, 31.06, 0, 0, 4.22
2019/06/24 14:28:00, 24.25, 24.14, 23.93, 31.19, 31.02, 0, 0, 4.22
2019/06/24 14:29:00, 24.25, 24.15, 23.93, 31.19, 30.99, 0, 0, 4.22
2019/06/24 14:30:00, 24.25, 24.15, 23.94, 31.19, 30.99, 0, 0, 4.22
2019/06/24 14:31:00, 24.25, 24.12, 23.93, 31.08, 30.94, 0, 0, 4.22
2019/06/24 14:32:00, 24.25, 24.14, 23.94, 31.04, 30.93, 0, 0, 4.22
2019/06/24 14:33:00, 24.25, 24.14, 23.93, 31.10, 30.90, 0, 0, 4.22
2019/06/24 14:34:00, 24.25, 24.15, 23.96, 31.03, 30.88, 0, 0, 4.22
2019/06/24 14:35:00, 24.25, 24.15, 23.95, 31.04, 30.88, 0, 0, 4.22
2019/06/24 14:36:00, 24.25, 24.15, 23.97, 31.02, 30.85, 0, 0, 4.22
2019/06/24 14:37:00, 24.25, 24.16, 23.93, 31.00, 30.82, 0, 0, 4.22
2019/06/24 14:38:00, 24.25, 24.16, 23.96, 31.02, 30.80, 0, 0, 4.22
2019/06/24 14:39:00, 24.25, 24.16, 23.96, 31.06, 30.83, 0, 0, 4.22
2019/06/24 14:40:00, 24.25, 24.15, 23.98, 31.06, 30.84, 0, 0, 4.22
2019/06/24 14:41:00, 24.25, 24.16, 23.97, 30.93, 30.81, 0, 0, 4.22
2019/06/24 14:42:00, 24.25, 24.16, 23.97, 30.97, 30.79, 0, 0, 4.22
2019/06/24 14:43:00, 24.25, 24.18, 23.98, 30.99, 30.76, 0, 0, 4.22
2019/06/24 14:44:00, 24.25, 24.18, 23.97, 30.89, 30.75, 0, 0, 4.22
2019/06/24 14:45:00, 24.25, 24.16, 23.98, 30.87, 30.68, 0, 0, 4.22
2019/06/24 14:46:00, 24.25, 24.19, 23.96, 30.87, 30.68, 0, 0, 4.22
2019/06/24 14:47:00, 24.25, 24.19, 23.97, 30.83, 30.65, 0, 0, 4.22
2019/06/24 14:48:00, 24.25, 24.16, 24.00, 30.84, 30.65, 0, 0, 4.22
2019/06/24 14:49:00, 24.25, 24.15, 23.98, 30.80, 30.62, 0, 0, 4.22
2019/06/24 14:50:00, 24.25, 24.18, 23.95, 30.81, 30.62, 0, 0, 4.22
2019/06/24 14:51:00, 24.25, 24.16, 23.97, 30.75, 30.57, 0, 0, 4.22
2019/06/24 14:52:00, 24.25, 24.18, 23.97, 30.74, 30.56, 0, 0, 4.22
2019/06/24 14:53:00, 24.25, 24.16, 23.97, 30.65, 30.54, 0, 0, 4.22
2019/06/24 14:54:00, 24.25, 24.15, 23.97, 30.74, 30.54, 0, 0, 4.22
2019/06/24 14:55:00, 24.25, 24.18, 23.97, 30.68, 30.54, 0, 0, 4.22
2019/06/24 14:56:00, 24.25, 24.18, 23.95, 30.74, 30.51, 0, 0, 4.22
2019/06/24 14:57:00, 24.25, 24.19, 23.95, 30.61, 30.51, 0, 0, 4.22
2019/06/24 14:58:00, 24.25, 24.15, 23.97, 30.65, 30.50, 0, 0, 4.22
2019/06/24 14:59:00, 24.25, 24.16, 23.97, 30.62, 30.47, 0, 0, 4.22
2019/06/24 15:00:00, 24.25, 24.16, 23.97, 30.64, 30.46, 0, 0, 4.22
2019/06/24 15:01:00, 24.25, 24.16, 23.96, 30.62, 30.45, 0, 0, 4.22
2019/06/24 15:02:00, 24.25, 24.15, 23.97, 30.65, 30.44, 0, 0, 4.22
2019/06/24 15:03:00, 24.25, 24.18, 23.97, 30.56, 30.40, 0, 0, 4.22
2019/06/24 15:04:00, 24.25, 24.16, 23.95, 30.59, 30.40, 0, 0, 4.22
2019/06/24 15:05:00, 24.25, 24.19, 23.97, 30.53, 30.40, 0, 0, 4.22
2019/06/24 15:06:00, 24.25, 24.15, 23.97, 30.59, 30.43, 0, 0, 4.22
2019/06/24 15:07:00, 24.25, 24.19, 23.96, 30.58, 30.39, 0, 0, 4.22
2019/06/24 15:08:00, 24.25, 24.18, 24.00, 30.59, 30.36, 0, 0, 4.22
2019/06/24 15:09:00, 24.25, 24.18, 24.01, 30.51, 30.35, 0, 0, 4.22
2019/06/24 15:10:00, 24.25, 24.19, 24.01, 30.51, 30.32, 0, 0, 4.22
2019/06/24 15:11:00, 24.25, 24.18, 23.98, 30.49, 30.31, 0, 0, 4.22
2019/06/24 15:12:00, 24.25, 24.18, 24.00, 30.47, 30.28, 0, 0, 4.22
2019/06/24 15:13:00, 24.25, 24.18, 23.98, 30.43, 30.27, 0, 0, 4.22
2019/06/24 15:14:00, 24.25, 24.18, 23.98, 30.39, 30.23, 0, 0, 4.22
2019/06/24 15:15:00, 24.25, 24.16, 23.97, 30.45, 30.23, 0, 0, 4.22
2019/06/24 15:16:00, 24.25, 24.18, 23.97, 30.41, 30.22, 0, 0, 4.22
2019/06/24 15:17:00, 24.25, 24.15, 23.97, 30.36, 30.19, 0, 0, 4.22
2019/06/24 15:18:00, 24.25, 24.18, 23.96, 30.41, 30.18, 0, 0, 4.22
2019/06/24 15:19:00, 24.25, 24.16, 23.97, 30.34, 30.19, 0, 0, 4.22
2019/06/24 15:20:00, 24.25, 24.19, 23.97, 30.34, 30.17, 0, 0, 4.22
2019/06/24 15:21:00, 24.25, 24.16, 23.97, 30.37, 30.18, 0, 0, 4.22
2019/06/24 15:22:00, 24.25, 24.16, 23.97, 30.33, 30.15, 0, 0, 4.22
2019/06/24 15:23:00, 24.25, 24.18, 23.98, 30.28, 30.14, 0, 0, 4.22
2019/06/24 15:24:00, 24.25, 24.15, 23.97, 30.28, 30.09, 0, 0, 4.22
2019/06/24 15:25:00, 24.25, 24.18, 23.98, 30.23, 30.08, 0, 0, 4.22
2019/06/24 15:26:00, 24.25, 24.18, 23.97, 30.25, 30.07, 0, 0, 4.22
2019/06/24 15:27:00, 24.25, 24.16, 23.98, 30.22, 30.07, 0, 0, 4.22
2019/06/24 15:28:00, 24.25, 24.18, 23.98, 30.24, 30.05, 0, 0, 4.22
2019/06/24 15:29:00, 24.25, 24.16, 24.00, 30.17, 30.04, 0, 0, 4.22
2019/06/24 15:30:00, 24.25, 24.20, 23.97, 30.18, 30.01, 0, 0, 4.22
2019/06/24 15:31:00, 24.25, 24.19, 23.98, 30.21, 29.98, 0, 0, 4.22
2019/06/24 15:32:00, 24.25, 24.15, 23.98, 30.12, 29.98, 0, 0, 4.22
2019/06/24 15:33:00, 24.25, 24.18, 23.98, 30.12, 29.95, 0, 0, 4.22
2019/06/24 15:34:00, 24.25, 24.18, 24.00, 30.14, 29.94, 0, 0, 4.22
2019/06/24 15:35:00, 24.25, 24.20, 23.97, 30.09, 29.91, 0, 0, 4.22
2019/06/24 15:36:00, 24.25, 24.18, 24.00, 30.06, 29.93, 0, 0, 4.22
2019/06/24 15:37:00, 24.25, 24.19, 23.98, 30.11, 29.91, 0, 0, 4.22
2019/06/24 15:38:00, 24.25, 24.19, 24.01, 30.09, 29.91, 0, 0, 4.22
2019/06/24 15:39:00, 24.25, 24.20, 24.00, 30.04, 29.89, 0, 0, 4.22
2019/06/24 15:40:00, 24.25, 24.18, 24.00, 30.05, 29.88, 0, 0, 4.22
2019/06/24 15:41:00, 24.25, 24.19, 24.00, 29.95, 29.85, 0, 0, 4.22
2019/06/24 15:42:00, 24.25, 24.16, 23.98, 29.96, 29.83, 0, 0, 4.22
2019/06/24 15:43:00, 24.25, 24.16, 23.98, 29.95, 29.78, 0, 0, 4.22
2019/06/24 15:44:00, 24.25, 24.19, 24.00, 29.92, 29.75, 0, 0, 4.22
2019/06/24 15:45:00, 24.25, 24.19, 24.00, 29.93, 29.75, 0, 0, 4.22
2019/06/24 15:46:00, 24.25, 24.19, 23.97, 29.95, 29.76, 0, 0, 4.22
2019/06/24 15:47:00, 24.25, 24.20, 24.01, 29.90, 29.75, 0, 0, 4.22
2019/06/24 15:48:00, 24.25, 24.18, 23.98, 29.92, 29.74, 0, 0, 4.22
2019/06/24 15:49:00, 24.25, 24.18, 23.98, 29.92, 29.73, 0, 0, 4.22
2019/06/24 15:50:00, 24.25, 24.18, 24.01, 29.84, 29.71, 0, 0, 4.22
2019/06/24 15:51:00, 24.25, 24.22, 24.01, 29.86, 29.70, 0, 0, 4.22
2019/06/24 15:52:00, 24.25, 24.19, 24.01, 29.83, 29.68, 0, 0, 4.22
2019/06/24 15:53:00, 24.25, 24.19, 24.01, 29.82, 29.68, 0, 0, 4.22
2019/06/24 15:54:00, 24.25, 24.19, 24.01, 29.86, 29.68, 0, 0, 4.22
2019/06/24 15:55:00, 24.25, 24.18, 24.01, 29.76, 29.67, 0, 0, 4.22
2019/06/24 15:56:00, 24.25, 24.19, 23.98, 29.84, 29.65, 0, 0, 4.22
2019/06/24 15:57:00, 24.25, 24.18, 23.98, 29.79, 29.64, 0, 0, 4.22
2019/06/24 15:58:00, 24.25, 24.18, 24.02, 29.78, 29.61, 0, 0, 4.22
2019/06/24 15:59:00, 24.25, 24.19, 23.97, 29.74, 29.61, 0, 0, 4.22
2019/06/24 16:00:00, 24.25, 24.20, 24.01, 29.79, 29.59, 0, 0, 4.22
2019/06/24 16:01:00, 24.25, 24.20, 23.98, 29.74, 29.57, 0, 0, 4.22
2019/06/24 16:02:00, 24.25, 24.20, 23.98, 29.76, 29.56, 0, 0, 4.22
2019/06/24 16:03:00, 24.25, 24.19, 24.01, 29.70, 29.57, 0, 0, 4.22
2019/06/24 16:04:00, 24.25, 24.18, 24.00, 29.76, 29.55, 0, 0, 4.22
2019/06/24 16:05:00, 24.25, 24.19, 24.03, 29.71, 29.55, 0, 0, 4.22
2019/06/24 16:06:00, 24.25, 24.18, 24.02, 29.70, 29.54, 0, 0, 4.22
2019/06/24 16:07:00, 24.25, 24.19, 24.01, 29.67, 29.53, 0, 0, 4.22
2019/06/24 16:08:00, 24.25, 24.16, 24.02, 29.70, 29.54, 0, 0, 4.22
2019/06/24 16:09:00, 24.25, 24.22, 24.01, 29.70, 29.53, 0, 0, 4.22
2019/06/24 16:10:00, 24.25, 24.19, 24.01, 29.71, 29.55, 0, 0, 4.22
2019/06/24 16:11:00, 24.25, 24.18, 24.01, 29.76, 29.52, 0, 0, 4.22
2019/06/24 16:12:00, 24.25, 24.20, 24.00, 29.74, 29.55, 0, 0, 4.22
2019/06/24 16:13:00, 24.25, 24.20, 24.01, 29.73, 29.53, 0, 0, 4.22
2019/06/24 16:14:00, 24.25, 24.22, 24.01, 29.70, 29.54, 0, 0, 4.22
2019/06/24 16:15:00, 24.25, 24.20, 24.01, 29.71, 29.54, 0, 0, 4.22
2019/06/24 16:16:00, 24.25, 24.20, 24.01, 29.73, 29.53, 0, 0, 4.22
2019/06/24 16:17:00, 24.25, 24.18, 23.98, 29.74, 29.56, 0, 0, 4.22
2019/06/24 16:18:00, 24.25, 24.18, 24.01, 29.77, 29.55, 0, 0, 4.22
2019/06/24 16:19:00, 24.25, 24.20, 24.01, 29.71, 29.57, 0, 0, 4.22
2019/06/24 16:20:00, 24.25, 24.22, 24.03, 29.73, 29.59, 0, 0, 4.22
2019/06/24 16:21:00, 24.25, 24.20, 24.02, 29.76, 29.59, 0, 0, 4.22
2019/06/24 16:22:00, 24.25, 24.20, 24.01, 29.76, 29.60, 0, 0, 4.22
2019/06/24 16:23:00, 24.25, 24.25, 24.03, 29.83, 29.62, 0, 0, 4.22
2019/06/24 16:24:00, 24.25, 24.23, 24.01, 29.74, 29.62, 0, 0, 4.22
2019/06/24 16:25:00, 24.25, 24.22, 24.03, 29.79, 29.62, 0, 0, 4.22
2019/06/24 16:26:00, 24.25, 24.20, 24.04, 29.80, 29.62, 0, 0, 4.22
2019/06/24 16:27:00, 24.25, 24.23, 24.03, 29.82, 29.63, 0, 0, 4.22
2019/06/24 16:28:00, 24.25, 24.20, 24.05, 29.80, 29.64, 0, 0, 4.22
2019/06/24 16:29:00, 24.25, 24.20, 24.05, 29.82, 29.64, 0, 0, 4.22
2019/06/24 16:30:00, 24.25, 24.23, 24.03, 29.83, 29.65, 0, 0, 4.22
2019/06/24 16:31:00, 24.25, 24.25, 24.03, 29.85, 29.66, 0, 0, 4.22
2019/06/24 16:32:00, 24.25, 24.20, 24.03, 29.86, 29.67, 0, 0, 4.22
2019/06/24 16:33:00, 24.25, 24.23, 24.04, 29.85, 29.69, 0, 0, 4.22
2019/06/24 16:34:00, 24.25, 24.23, 24.06, 29.86, 29.69, 0, 0, 4.22
2019/06/24 16:35:00, 24.25, 24.23, 24.05, 29.91, 29.72, 0, 0, 4.22
2019/06/24 16:36:00, 24.25, 24.25, 24.04, 29.92, 29.73, 0, 0, 4.22
2019/06/24 16:37:00, 24.25, 24.25, 24.04, 29.86, 29.74, 0, 0, 4.22
2019/06/24 16:38:00, 24.25, 24.25, 24.05, 29.89, 29.73, 0, 0, 4.22
2019/06/24 16:39:00, 24.25, 24.23, 24.05, 29.89, 29.72, 0, 0, 4.22
2019/06/24 16:40:00, 24.25, 24.23, 24.04, 29.93, 29.75, 0, 0, 4.22
2019/06/24 16:41:00, 24.25, 24.22, 24.05, 29.98, 29.76, 0, 0, 4.22
2019/06/24 16:42:00, 24.25, 24.23, 24.06, 29.95, 29.76, 0, 0, 4.22
2019/06/24 16:43:00, 24.25, 24.26, 24.07, 30.01, 29.77, 0, 0, 4.22
2019/06/24 16:44:00, 24.25, 24.23, 24.06, 29.99, 29.80, 0, 0, 4.22
2019/06/24 16:45:00, 24.25, 24.23, 24.06, 29.94, 29.80, 0, 0, 4.22
2019/06/24 16:46:00, 24.25, 24.25, 24.07, 30.00, 29.78, 0, 0, 4.22
2019/06/24 16:47:00, 24.25, 24.23, 24.05, 29.98, 29.78, 0, 0, 4.22
2019/06/24 16:48:00, 24.25, 24.23, 24.06, 29.98, 29.80, 0, 0, 4.22
2019/06/24 16:49:00, 24.25, 24.25, 24.05, 29.94, 29.80, 0, 0, 4.22
2019/06/24 16:50:00, 24.25, 24.26, 24.09, 29.98, 29.78, 0, 0, 4.22
2019/06/24 16:51:00, 24.25, 24.26, 24.06, 30.01, 29.78, 0, 0, 4.22
2019/06/24 16:52:00, 24.25, 24.25, 24.07, 29.97, 29.75, 0, 0, 4.22
2019/06/24 16:53:00, 24.25, 24.25, 24.06, 29.92, 29.77, 0, 0, 4.22
2019/06/24 16:54:00, 24.25, 24.23, 24.06, 29.97, 29.79, 0, 0, 4.22
2019/06/24 16:55:00, 24.25, 24.23, 24.05, 29.97, 29.77, 0, 0, 4.22
2019/06/24 16:56:00, 24.25, 24.22, 24.06, 29.97, 29.78, 0, 0, 4.22
2019/06/24 16:57:00, 24.25, 24.25, 24.05, 29.95, 29.78, 0, 0, 4.22
2019/06/24 16:58:00, 24.25, 24.23, 24.07, 29.98, 29.78, 0, 0, 4.22
2019/06/24 16:59:00, 24.25, 24.25, 24.05, 30.02, 29.81, 0, 0, 4.22
2019/06/24 17:00:00, 24.25, 24.25, 24.04, 29.96, 29.80, 0, 0, 4.22
2019/06/24 17:01:00, 24.25, 24.22, 24.03, 30.02, 29.82, 0, 0, 4.22
2019/06/24 17:02:00, 24.25, 24.20, 24.03, 30.01, 29.82, 0, 0, 4.22
2019/06/24 17:03:00, 24.25, 24.20, 24.04, 30.04, 29.82, 0, 0, 4.22
2019/06/24 17:04:00, 24.25, 24.23, 24.04, 30.04, 29.82, 0, 0, 4.22
2019/06/24 17:05:00, 24.25, 24.20, 24.03, 29.98, 29.79, 0, 0, 4.22
2019/06/24 17:06:00, 24.25, 24.22, 24.01, 30.01, 29.80, 0, 0, 4.22
2019/06/24 17:07:00, 24.25, 24.19, 24.03, 30.01, 29.79, 0, 0, 4.22
2019/06/24 17:08:00, 24.25, 24.22, 24.04, 29.89, 29.79, 0, 0, 4.22
2019/06/24 17:09:00, 24.25, 24.22, 24.03, 29.93, 29.79, 0, 0, 4.22
2019/06/24 17:10:00, 24.25, 24.23, 24.05, 29.95, 29.79, 0, 0, 4.22
2019/06/24 17:11:00, 24.25, 24.20, 24.04, 29.95, 29.78, 0, 0, 4.22
2019/06/24 17:12:00, 24.25, 24.20, 24.01, 29.98, 29.78, 0, 0, 4.22
2019/06/24 17:13:00, 24.25, 24.25, 24.03, 29.95, 29.78, 0, 0, 4.22
2019/06/24 17:14:00, 24.25, 24.22, 24.04, 30.01, 29.77, 0, 0, 4.22
2019/06/24 17:15:00, 24.25, 24.20, 24.06, 29.94, 29.77, 0, 0, 4.22
2019/06/24 17:16:00, 24.25, 24.23, 24.04, 29.95, 29.78, 0, 0, 4.22
2019/06/24 17:17:00, 24.25, 24.22, 24.02, 29.96, 29.79, 0, 0, 4.22
2019/06/24 17:18:00, 24.25, 24.22, 24.03, 29.97, 29.78, 0, 0, 4.22
2019/06/24 17:19:00, 24.25, 24.20, 24.04, 29.95, 29.80, 0, 0, 4.22
2019/06/24 17:20:00, 24.25, 24.23, 24.04, 29.99, 29.82, 0, 0, 4.22
2019/06/24 17:21:00, 24.25, 24.25, 24.05, 29.98, 29.80, 0, 0, 4.22
2019/06/24 17:22:00, 24.25, 24.23, 24.04, 30.02, 29.81, 0, 0, 4.22
2019/06/24 17:23:00, 24.25, 24.26, 24.06, 29.99, 29.80, 0, 0, 4.22
2019/06/24 17:24:00, 24.25, 24.22, 24.03, 29.95, 29.79, 0, 0, 4.22
2019/06/24 17:25:00, 24.25, 24.22, 24.05, 30.01, 29.78, 0, 0, 4.22
2019/06/24 17:26:00, 24.25, 24.23, 24.02, 29.99, 29.79, 0, 0, 4.22
2019/06/24 17:27:00, 24.25, 24.22, 24.02, 29.97, 29.78, 0, 0, 4.22
2019/06/24 17:28:00, 24.25, 24.22, 24.04, 30.00, 29.78, 0, 0, 4.22
2019/06/24 17:29:00, 24.25, 24.22, 24.03, 29.98, 29.78, 0, 0, 4.22
2019/06/24 17:30:00, 24.25, 24.22, 24.01, 29.96, 29.80, 0, 0, 4.22
2019/06/24 17:31:00, 24.25, 24.22, 24.02, 30.01, 29.81, 0, 0, 4.22
2019/06/24 17:32:00, 24.25, 24.22, 24.02, 30.02, 29.83, 0, 0, 4.22
2019/06/24 17:33:00, 24.25, 24.20, 24.03, 30.04, 29.84, 0, 0, 4.22
2019/06/24 17:34:00, 24.25, 24.20, 24.02, 30.04, 29.86, 0, 0, 4.22
2019/06/24 17:35:00, 24.25, 24.20, 24.04, 30.01, 29.88, 0, 0, 4.22
2019/06/24 17:36:00, 24.25, 24.20, 24.01, 30.04, 29.86, 0, 0, 4.22
2019/06/24 17:37:00, 24.25, 24.19, 24.02, 30.01, 29.86, 0, 0, 4.22
2019/06/24 17:38:00, 24.50, 24.20, 23.98, 29.99, 29.84, 0, 0, 4.22
2019/06/24 17:39:00, 24.25, 24.19, 23.97, 30.04, 29.85, 0, 0, 4.22
2019/06/24 17:40:00, 24.25, 24.16, 24.00, 29.99, 29.83, 0, 0, 4.22
2019/06/24 17:41:00, 24.25, 24.18, 24.01, 30.06, 29.84, 0, 0, 4.22
2019/06/24 17:42:00, 24.25, 24.16, 24.00, 30.00, 29.82, 0, 0, 4.22
2019/06/24 17:43:00, 24.25, 24.19, 23.98, 29.97, 29.82, 0, 0, 4.22
2019/06/24 17:44:00, 24.25, 24.19, 23.96, 30.01, 29.82, 0, 0, 4.22
2019/06/24 17:45:00, 24.25, 24.16, 23.98, 30.02, 29.79, 0, 0, 4.22
2019/06/24 17:46:00, 24.25, 24.18, 24.00, 29.99, 29.79, 0, 0, 4.22
2019/06/24 17:47:00, 24.25, 24.20, 24.01, 29.98, 29.78, 0, 0, 4.22
2019/06/24 17:48:00, 24.25, 24.18, 23.98, 29.99, 29.79, 0, 0, 4.22
2019/06/24 17:49:00, 24.25, 24.16, 24.01, 29.93, 29.78, 0, 0, 4.22
2019/06/24 17:50:00, 24.25, 24.18, 23.95, 29.96, 29.77, 0, 0, 4.22
2019/06/24 17:51:00, 24.25, 24.18, 23.96, 30.00, 29.80, 0, 0, 4.22
2019/06/24 17:52:00, 24.25, 24.18, 24.00, 30.02, 29.84, 0, 0, 4.22
2019/06/24 17:53:00, 24.25, 24.20, 23.97, 30.04, 29.83, 0, 0, 4.22
2019/06/24 17:54:00, 24.25, 24.19, 23.98, 30.01, 29.82, 0, 0, 4.22
2019/06/24 17:55:00, 24.25, 24.19, 24.00, 30.00, 29.84, 0, 0, 4.22
2019/06/24 17:56:00, 24.25, 24.18, 23.97, 30.00, 29.80, 0, 0, 4.22
2019/06/24 17:57:00, 24.25, 24.19, 23.98, 29.99, 29.79, 0, 0, 4.22
2019/06/24 17:58:00, 24.25, 24.16, 24.01, 30.03, 29.81, 0, 0, 4.22
2019/06/24 17:59:00, 24.25, 24.20, 24.00, 29.96, 29.80, 0, 0, 4.22
2019/06/24 18:00:00, 24.25, 24.19, 23.98, 29.96, 29.79, 0, 0, 4.22
2019/06/24 18:01:00, 24.25, 24.18, 23.98, 30.02, 29.78, 0, 0, 4.22
2019/06/24 18:02:00, 24.25, 24.18, 24.00, 29.99, 29.78, 0, 0, 4.22
2019/06/24 18:03:00, 24.25, 24.16, 23.97, 30.02, 29.78, 0, 0, 4.22
2019/06/24 18:04:00, 24.25, 24.18, 23.98, 29.98, 29.78, 0, 0, 4.22
2019/06/24 18:05:00, 24.25, 24.15, 23.98, 30.02, 29.80, 0, 0, 4.22
2019/06/24 18:06:00, 24.25, 24.18, 23.97, 29.97, 29.79, 0, 0, 4.22
2019/06/24 18:07:00, 24.25, 24.18, 23.98, 29.97, 29.79, 0, 0, 4.22
2019/06/24 18:08:00, 24.25, 24.16, 23.96, 29.92, 29.73, 0, 0, 4.22
2019/06/24 18:09:00, 24.25, 24.15, 23.97, 29.93, 29.74, 0, 0, 4.22
2019/06/24 18:10:00, 24.25, 24.18, 23.97, 29.89, 29.73, 0, 0, 4.22
2019/06/24 18:11:00, 24.25, 24.20, 24.00, 29.92, 29.73, 0, 0, 4.22
2019/06/24 18:12:00, 24.25, 24.19, 23.97, 29.93, 29.71, 0, 0, 4.22
2019/06/24 18:13:00, 24.25, 24.19, 23.98, 29.86, 29.69, 0, 0, 4.22
2019/06/24 18:14:00, 24.25, 24.19, 23.98, 29.84, 29.66, 0, 0, 4.22
2019/06/24 18:15:00, 24.25, 24.19, 24.00, 29.84, 29.66, 0, 0, 4.22
2019/06/24 18:16:00, 24.25, 24.20, 23.97, 29.84, 29.65, 0, 0, 4.22
2019/06/24 18:17:00, 24.25, 24.18, 23.98, 29.89, 29.65, 0, 0, 4.22
2019/06/24 18:18:00, 24.25, 24.18, 24.00, 29.83, 29.65, 0, 0, 4.22
2019/06/24 18:19:00, 24.25, 24.18, 23.98, 29.84, 29.65, 0, 0, 4.22
2019/06/24 18:20:00, 24.25, 24.20, 24.01, 29.84, 29.64, 0, 0, 4.22
2019/06/24 18:21:00, 24.25, 24.20, 23.98, 29.93, 29.66, 0, 0, 4.22
2019/06/24 18:22:00, 24.25, 24.19, 24.00, 29.81, 29.65, 0, 0, 4.22
2019/06/24 18:23:00, 24.25, 24.19, 24.00, 29.86, 29.64, 0, 0, 4.22
2019/06/24 18:24:00, 24.25, 24.19, 24.01, 29.86, 29.63, 0, 0, 4.22
2019/06/24 18:25:00, 24.25, 24.20, 24.00, 29.86, 29.63, 0, 0, 4.22
2019/06/24 18:26:00, 24.25, 24.20, 24.01, 29.86, 29.64, 0, 0, 4.22
2019/06/24 18:27:00, 24.25, 24.22, 24.00, 29.84, 29.65, 0, 0, 4.22
2019/06/24 18:28:00, 24.25, 24.19, 24.00, 29.83, 29.65, 0, 0, 4.22
2019/06/24 18:29:00, 24.25, 24.22, 24.03, 29.88, 29.64, 0, 0, 4.22
2019/06/24 18:30:00, 24.25, 24.20, 24.02, 29.82, 29.65, 0, 0, 4.22
2019/06/24 18:31:00, 24.25, 24.20, 24.02, 29.80, 29.62, 0, 0, 4.22
2019/06/24 18:32:00, 24.25, 24.19, 24.01, 29.80, 29.60, 0, 0, 4.22
2019/06/24 18:33:00, 24.25, 24.20, 24.03, 29.80, 29.60, 0, 0, 4.22
2019/06/24 18:34:00, 24.25, 24.19, 24.01, 29.79, 29.59, 0, 0, 4.22
2019/06/24 18:35:00, 24.25, 24.23, 24.01, 29.77, 29.61, 0, 0, 4.22
2019/06/24 18:36:00, 24.25, 24.23, 24.02, 29.79, 29.59, 0, 0, 4.22
2019/06/24 18:37:00, 24.25, 24.23, 24.04, 29.77, 29.59, 0, 0, 4.22
2019/06/24 18:38:00, 24.25, 24.23, 24.04, 29.80, 29.59, 0, 0, 4.22
2019/06/24 18:39:00, 24.25, 24.20, 24.02, 29.79, 29.62, 0, 0, 4.22
2019/06/24 18:40:00, 24.25, 24.22, 24.04, 29.77, 29.61, 0, 0, 4.22
2019/06/24 18:41:00, 24.25, 24.23, 24.04, 29.83, 29.62, 0, 0, 4.22
2019/06/24 18:42:00, 24.25, 24.23, 24.04, 29.79, 29.63, 0, 0, 4.22
2019/06/24 18:43:00, 24.25, 24.23, 24.03, 29.80, 29.63, 0, 0, 4.22
2019/06/24 18:44:00, 24.25, 24.23, 24.04, 29.83, 29.63, 0, 0, 4.22
2019/06/24 18:45:00, 24.25, 24.20, 24.04, 29.82, 29.62, 0, 0, 4.22
2019/06/24 18:46:00, 24.25, 24.22, 24.04, 29.83, 29.62, 0, 0, 4.22
2019/06/24 18:47:00, 24.25, 24.22, 24.05, 29.83, 29.62, 0, 0, 4.22
2019/06/24 18:48:00, 24.25, 24.22, 24.04, 29.85, 29.65, 0, 0, 4.22
2019/06/24 18:49:00, 24.25, 24.22, 24.06, 29.88, 29.66, 0, 0, 4.22
2019/06/24 18:50:00, 24.25, 24.25, 24.02, 29.89, 29.69, 0, 0, 4.22
2019/06/24 18:51:00, 24.25, 24.23, 24.03, 29.88, 29.68, 0, 0, 4.22
2019/06/24 18:52:00, 24.25, 24.25, 24.04, 29.88, 29.68, 0, 0, 4.22
2019/06/24 18:53:00, 24.25, 24.23, 24.04, 29.86, 29.69, 0, 0, 4.22
2019/06/24 18:54:00, 24.25, 24.20, 24.01, 29.89, 29.69, 0, 0, 4.22
2019/06/24 18:55:00, 24.50, 24.22, 24.04, 29.91, 29.69, 0, 0, 4.22
2019/06/24 18:56:00, 24.50, 24.22, 24.04, 29.93, 29.71, 0, 0, 4.22
2019/06/24 18:57:00, 24.25, 24.22, 24.04, 29.91, 29.72, 0, 0, 4.22
2019/06/24 18:58:00, 24.25, 24.19, 24.05, 29.89, 29.70, 0, 0, 4.22
2019/06/24 18:59:00, 24.25, 24.20, 24.01, 29.86, 29.68, 0, 0, 4.22
2019/06/24 19:00:00, 24.25, 24.20, 24.04, 29.92, 29.69, 0, 0, 4.22
2019/06/24 19:01:00, 24.25, 24.23, 24.04, 29.92, 29.71, 0, 0, 4.22
2019/06/24 19:02:00, 24.25, 24.23, 24.02, 29.90, 29.72, 0, 0, 4.22
2019/06/24 19:03:00, 24.50, 24.23, 24.06, 29.93, 29.73, 0, 0, 4.22
2019/06/24 19:04:00, 24.25, 24.23, 24.05, 29.95, 29.72, 0, 0, 4.22
2019/06/24 19:05:00, 24.25, 24.22, 24.05, 29.95, 29.72, 0, 0, 4.22
2019/06/24 19:06:00, 24.50, 24.20, 24.04, 29.98, 29.73, 0, 0, 4.22
2019/06/24 19:07:00, 24.25, 24.23, 24.04, 29.92, 29.72, 0, 0, 4.22
2019/06/24 19:08:00, 24.25, 24.22, 24.02, 29.93, 29.75, 0, 0, 4.22
2019/06/24 19:09:00, 24.25, 24.23, 24.02, 29.95, 29.77, 0, 0, 4.22
2019/06/24 19:10:00, 24.50, 24.22, 24.03, 29.98, 29.77, 0, 0, 4.22
2019/06/24 19:11:00, 24.50, 24.23, 24.02, 30.01, 29.78, 0, 0, 4.22
2019/06/24 19:12:00, 24.50, 24.22, 24.02, 29.98, 29.78, 0, 0, 4.22
2019/06/24 19:13:00, 24.25, 24.19, 24.03, 29.99, 29.80, 0, 0, 4.22
2019/06/24 19:14:00, 24.25, 24.22, 24.04, 29.99, 29.81, 0, 0, 4.22
2019/06/24 19:15:00, 24.25, 24.22, 24.03, 30.01, 29.82, 0, 0, 4.22
2019/06/24 19:16:00, 24.25, 24.22, 24.03, 30.04, 29.83, 0, 0, 4.22
2019/06/24 19:17:00, 24.50, 24.22, 24.03, 29.98, 29.82, 0, 0, 4.22
2019/06/24 19:18:00, 24.50, 24.20, 24.04, 30.05, 29.83, 0, 0, 4.22
2019/06/24 19:19:00, 24.25, 24.22, 24.03, 30.05, 29.83, 0, 0, 4.22
2019/06/24 19:20:00, 24.50, 24.20, 24.03, 30.08, 29.84, 0, 0, 4.22
2019/06/24 19:21:00, 24.50, 24.23, 24.01, 30.02, 29.86, 0, 0, 4.22
2019/06/24 19:22:00, 24.25, 24.23, 24.04, 30.05, 29.86, 0, 0, 4.22
2019/06/24 19:23:00, 24.25, 24.20, 24.03, 30.07, 29.87, 0, 0, 4.22
2019/06/24 19:24:00, 24.50, 24.20, 24.02, 30.07, 29.88, 0, 0, 4.22
2019/06/24 19:25:00, 24.25, 24.19, 24.00, 30.09, 29.90, 0, 0, 4.22
2019/06/24 19:26:00, 24.25, 24.19, 24.01, 30.11, 29.89, 0, 0, 4.22
2019/06/24 19:27:00, 24.25, 24.20, 24.01, 30.09, 29.89, 0, 0, 4.22
2019/06/24 19:28:00, 24.50, 24.20, 24.01, 30.14, 29.90, 0, 0, 4.22
2019/06/24 19:29:00, 24.50, 24.18, 24.03, 30.14, 29.91, 0, 0, 4.22
2019/06/24 19:30:00, 24.50, 24.19, 24.00, 30.15, 29.93, 0, 0, 4.22
2019/06/24 19:31:00, 24.25, 24.20, 23.98, 30.12, 29.92, 0, 0, 4.22
2019/06/24 19:32:00, 24.25, 24.19, 23.98, 30.12, 29.94, 0, 0, 4.22
2019/06/24 19:33:00, 24.25, 24.19, 23.98, 30.18, 29.94, 0, 0, 4.22
2019/06/24 19:34:00, 24.25, 24.16, 24.00, 30.20, 29.95, 0, 0, 4.22
2019/06/24 19:35:00, 24.25, 24.19, 23.98, 30.17, 29.97, 0, 0, 4.22
2019/06/24 19:36:00, 24.50, 24.19, 24.00, 30.17, 29.97, 0, 0, 4.22
2019/06/24 19:37:00, 24.50, 24.18, 23.97, 30.18, 29.98, 0, 0, 4.22
2019/06/24 19:38:00, 24.25, 24.19, 23.97, 30.20, 29.98, 0, 0, 4.22
2019/06/24 19:39:00, 24.25, 24.19, 24.02, 30.20, 30.01, 0, 0, 4.22
2019/06/24 19:40:00, 24.25, 24.19, 23.97, 30.27, 30.01, 0, 0, 4.22
2019/06/24 19:41:00, 24.25, 24.16, 23.98, 30.24, 30.01, 0, 0, 4.22
2019/06/24 19:42:00, 24.50, 24.18, 23.97, 30.25, 30.01, 0, 0, 4.22
2019/06/24 19:43:00, 24.25, 24.19, 23.98, 30.26, 30.03, 0, 0, 4.22
2019/06/24 19:44:00, 24.25, 24.18, 23.97, 30.24, 30.03, 0, 0, 4.22
2019/06/24 19:45:00, 24.50, 24.16, 23.97, 30.27, 30.06, 0, 0, 4.22
2019/06/24 19:46:00, 24.25, 24.16, 24.00, 30.28, 30.07, 0, 0, 4.22
2019/06/24 19:47:00, 24.25, 24.16, 23.95, 30.28, 30.07, 0, 0, 4.22
2019/06/24 19:48:00, 24.25, 24.16, 23.97, 30.30, 30.08, 0, 0, 4.22
2019/06/24 19:49:00, 24.25, 24.16, 23.96, 30.36, 30.10, 0, 0, 4.22
2019/06/24 19:50:00, 24.25, 24.18, 23.96, 30.37, 30.10, 0, 0, 4.22
2019/06/24 19:51:00, 24.25, 24.14, 23.97, 30.36, 30.12, 0, 0, 4.22
2019/06/24 19:52:00, 24.25, 24.16, 23.96, 30.35, 30.13, 0, 0, 4.22
2019/06/24 19:53:00, 24.25, 24.16, 23.95, 30.37, 30.16, 0, 0, 4.22
2019/06/24 19:54:00, 24.25, 24.12, 23.93, 30.38, 30.17, 0, 0, 4.22
2019/06/24 19:55:00, 24.25, 24.16, 23.94, 30.40, 30.19, 0, 0, 4.22
2019/06/24 19:56:00, 24.25, 24.14, 23.95, 30.44, 30.20, 0, 0, 4.22
2019/06/24 19:57:00, 24.25, 24.14, 23.94, 30.46, 30.22, 0, 0, 4.22
2019/06/24 19:58:00, 24.25, 24.15, 23.94, 30.41, 30.24, 0, 0, 4.22
2019/06/24 19:59:00, 24.25, 24.12, 23.94, 30.47, 30.27, 0, 0, 4.22
2019/06/24 20:00:00, 24.25, 24.11, 23.93, 30.48, 30.27, 0, 0, 4.22
2019/06/24 20:01:00, 24.25, 24.12, 23.93, 30.50, 30.30, 0, 0, 4.22
2019/06/24 20:02:00, 24.25, 24.11, 23.93, 30.53, 30.30, 0, 0, 4.22
2019/06/24 20:03:00, 24.25, 24.09, 23.92, 30.53, 30.32, 0, 0, 4.22
2019/06/24 20:04:00, 24.25, 24.11, 23.92, 30.52, 30.32, 0, 0, 4.22
2019/06/24 20:05:00, 24.25, 24.14, 23.92, 30.56, 30.34, 0, 0, 4.22
2019/06/24 20:06:00, 24.25, 24.12, 23.92, 30.58, 30.35, 0, 0, 4.22
2019/06/24 20:07:00, 24.25, 24.14, 23.90, 30.60, 30.37, 0, 0, 4.22
2019/06/24 20:08:00, 24.25, 24.08, 23.92, 30.58, 30.39, 0, 0, 4.22
2019/06/24 20:09:00, 24.25, 24.07, 23.90, 30.63, 30.39, 0, 0, 4.22
2019/06/24 20:10:00, 24.25, 24.09, 23.89, 30.62, 30.40, 0, 0, 4.22
2019/06/24 20:11:00, 24.25, 24.09, 23.89, 30.64, 30.42, 0, 0, 4.22
2019/06/24 20:12:00, 24.25, 24.09, 23.90, 30.64, 30.43, 0, 0, 4.22
2019/06/24 20:13:00, 24.25, 24.09, 23.88, 30.62, 30.43, 0, 0, 4.22
2019/06/24 20:14:00, 24.25, 24.09, 23.89, 30.67, 30.45, 0, 0, 4.22
2019/06/24 20:15:00, 24.25, 24.11, 23.90, 30.66, 30.46, 0, 0, 4.22
2019/06/24 20:16:00, 24.25, 24.08, 23.89, 30.69, 30.47, 0, 0, 4.22
2019/06/24 20:17:00, 24.25, 24.08, 23.88, 30.74, 30.49, 0, 0, 4.22
2019/06/24 20:18:00, 24.25, 24.09, 23.88, 30.69, 30.49, 0, 0, 4.22
2019/06/24 20:19:00, 24.25, 24.07, 23.89, 30.69, 30.49, 0, 0, 4.22
2019/06/24 20:20:00, 24.25, 24.07, 23.87, 30.71, 30.52, 0, 0, 4.22
2019/06/24 20:21:00, 24.25, 24.07, 23.88, 30.69, 30.52, 0, 0, 4.22
2019/06/24 20:22:00, 24.25, 24.09, 23.88, 30.73, 30.54, 0, 0, 4.22
2019/06/24 20:23:00, 24.25, 24.09, 23.87, 30.74, 30.56, 0, 0, 4.22
2019/06/24 20:24:00, 24.25, 24.07, 23.87, 30.73, 30.55, 0, 0, 4.22
2019/06/24 20:25:00, 24.25, 24.07, 23.86, 30.76, 30.56, 0, 0, 4.22
2019/06/24 20:26:00, 24.25, 24.05, 23.87, 30.82, 30.57, 0, 0, 4.22
2019/06/24 20:27:00, 24.25, 24.07, 23.86, 30.78, 30.57, 0, 0, 4.22
2019/06/24 20:28:00, 24.25, 24.05, 23.87, 30.80, 30.58, 0, 0, 4.22
2019/06/24 20:29:00, 24.25, 24.05, 23.87, 30.77, 30.56, 0, 0, 4.22
2019/06/24 20:30:00, 24.25, 24.02, 23.87, 30.85, 30.59, 0, 0, 4.22
2019/06/24 20:31:00, 24.25, 24.05, 23.86, 30.82, 30.61, 0, 0, 4.22
2019/06/24 20:32:00, 24.25, 24.08, 23.86, 30.79, 30.62, 0, 0, 4.22
2019/06/24 20:33:00, 24.25, 24.05, 23.86, 30.86, 30.62, 0, 0, 4.22
2019/06/24 20:34:00, 24.25, 24.05, 23.83, 30.88, 30.64, 0, 0, 4.22
2019/06/24 20:35:00, 24.25, 24.04, 23.83, 30.86, 30.65, 0, 0, 4.22
2019/06/24 20:36:00, 24.25, 24.05, 23.84, 30.84, 30.66, 0, 0, 4.22
2019/06/24 20:37:00, 24.25, 24.04, 23.84, 30.83, 30.65, 0, 0, 4.22
2019/06/24 20:38:00, 24.25, 24.04, 23.84, 30.89, 30.65, 0, 0, 4.22
2019/06/24 20:39:00, 24.25, 24.07, 23.82, 30.91, 30.70, 0, 0, 4.22
2019/06/24 20:40:00, 24.25, 24.04, 23.82, 30.90, 30.69, 0, 0, 4.22
2019/06/24 20:41:00, 24.25, 24.02, 23.83, 30.96, 30.68, 0, 0, 4.22
2019/06/24 20:42:00, 24.25, 24.04, 23.82, 30.93, 30.72, 0, 0, 4.22
2019/06/24 20:43:00, 24.25, 24.04, 23.84, 31.00, 30.72, 0, 0, 4.22
2019/06/24 20:44:00, 24.25, 24.02, 23.82, 31.00, 30.75, 0, 0, 4.22
2019/06/24 20:45:00, 24.25, 24.02, 23.81, 30.97, 30.75, 0, 0, 4.22
2019/06/24 20:46:00, 24.25, 24.05, 23.81, 31.02, 30.77, 0, 0, 4.22
2019/06/24 20:47:00, 24.25, 24.02, 23.80, 31.03, 30.78, 0, 0, 4.22
2019/06/24 20:48:00, 24.25, 24.01, 23.81, 31.03, 30.80, 0, 0, 4.22
2019/06/24 20:49:00, 24.25, 24.01, 23.81, 31.06, 30.82, 0, 0, 4.22
2019/06/24 20:50:00, 24.25, 24.01, 23.80, 31.06, 30.84, 0, 0, 4.22
2019/06/24 20:51:00, 24.25, 23.99, 23.78, 31.11, 30.86, 0, 0, 4.22
2019/06/24 20:52:00, 24.25, 23.99, 23.79, 31.12, 30.88, 0, 0, 4.22
2019/06/24 20:53:00, 24.25, 23.99, 23.78, 31.15, 30.90, 0, 0, 4.22
2019/06/24 20:54:00, 24.25, 23.97, 23.78, 31.18, 30.92, 0, 0, 4.22
2019/06/24 20:55:00, 24.25, 24.01, 23.78, 31.18, 30.94, 0, 0, 4.22
2019/06/24 20:56:00, 24.25, 23.99, 23.78, 31.25, 30.96, 0, 0, 4.22
2019/06/24 20:57:00, 24.25, 23.98, 23.76, 31.18, 30.98, 0, 0, 4.22
2019/06/24 20:58:00, 24.25, 24.01, 23.77, 31.27, 30.98, 0, 0, 4.22
2019/06/24 20:59:00, 24.25, 23.97, 23.77, 31.24, 31.01, 0, 0, 4.22
2019/06/24 21:00:00, 24.25, 23.97, 23.78, 31.25, 31.04, 0, 0, 4.22
2019/06/24 21:01:00, 24.25, 23.98, 23.78, 31.26, 31.05, 0, 0, 4.22
2019/06/24 21:02:00, 24.25, 23.97, 23.77, 31.32, 31.06, 0, 0, 4.22
2019/06/24 21:03:00, 24.25, 23.97, 23.76, 31.32, 31.07, 0, 0, 4.22
2019/06/24 21:04:00, 24.25, 23.97, 23.76, 31.32, 31.08, 0, 0, 4.22
2019/06/24 21:05:00, 24.25, 23.95, 23.76, 31.34, 31.10, 0, 0, 4.22
2019/06/24 21:06:00, 24.25, 23.95, 23.76, 31.35, 31.13, 0, 0, 4.22
2019/06/24 21:07:00, 24.25, 23.95, 23.76, 31.35, 31.11, 0, 0, 4.22
2019/06/24 21:08:00, 24.25, 23.94, 23.76, 31.37, 31.14, 0, 0, 4.22
2019/06/24 21:09:00, 24.25, 23.95, 23.73, 31.40, 31.14, 0, 0, 4.22
2019/06/24 21:10:00, 24.25, 23.95, 23.75, 31.43, 31.14, 0, 0, 4.22
2019/06/24 21:11:00, 24.25, 23.94, 23.73, 31.42, 31.17, 0, 0, 4.22
2019/06/24 21:12:00, 24.25, 23.94, 23.74, 31.43, 31.17, 0, 0, 4.22
2019/06/24 21:13:00, 24.25, 23.94, 23.71, 31.45, 31.20, 0, 0, 4.22
2019/06/24 21:14:00, 24.25, 23.92, 23.72, 31.48, 31.22, 0, 0, 4.22
2019/06/24 21:15:00, 24.25, 23.92, 23.72, 31.52, 31.23, 0, 0, 4.22
2019/06/24 21:16:00, 24.25, 23.92, 23.72, 31.49, 31.25, 0, 0, 4.22
2019/06/24 21:17:00, 24.25, 23.91, 23.71, 31.53, 31.28, 0, 0, 4.22
2019/06/24 21:18:00, 24.25, 23.90, 23.71, 31.51, 31.27, 0, 0, 4.22
2019/06/24 21:19:00, 24.25, 23.90, 23.69, 31.51, 31.30, 0, 0, 4.22
2019/06/24 21:20:00, 24.25, 23.91, 23.69, 31.55, 31.30, 0, 0, 4.22
2019/06/24 21:21:00, 24.25, 23.90, 23.69, 31.58, 31.33, 0, 0, 4.22
2019/06/24 21:22:00, 24.25, 23.92, 23.69, 31.56, 31.32, 0, 0, 4.22
2019/06/24 21:23:00, 24.25, 23.91, 23.71, 31.61, 31.34, 0, 0, 4.22
2019/06/24 21:24:00, 24.25, 23.91, 23.71, 31.61, 31.36, 0, 0, 4.22
2019/06/24 21:25:00, 24.25, 23.90, 23.69, 31.58, 31.36, 0, 0, 4.22
2019/06/24 21:26:00, 24.25, 23.88, 23.66, 31.67, 31.36, 0, 0, 4.22
2019/06/24 21:27:00, 24.25, 23.88, 23.68, 31.67, 31.39, 0, 0, 4.22
2019/06/24 21:28:00, 24.25, 23.90, 23.67, 31.61, 31.36, 0, 0, 4.22
2019/06/24 21:29:00, 24.25, 23.90, 23.68, 31.61, 31.37, 0, 0, 4.22
2019/06/24 21:30:00, 24.25, 23.88, 23.69, 31.68, 31.38, 0, 0, 4.22
2019/06/24 21:31:00, 24.25, 23.88, 23.67, 31.69, 31.42, 0, 0, 4.22
2019/06/24 21:32:00, 24.25, 23.85, 23.66, 31.68, 31.43, 0, 0, 4.22
2019/06/24 21:33:00, 24.25, 23.87, 23.65, 31.65, 31.41, 0, 0, 4.22
2019/06/24 21:34:00, 24.25, 23.85, 23.65, 31.66, 31.45, 0, 0, 4.22
2019/06/24 21:35:00, 24.25, 23.84, 23.63, 31.66, 31.46, 0, 0, 4.22
2019/06/24 21:36:00, 24.25, 23.83, 23.61, 31.69, 31.47, 0, 0, 4.22
2019/06/24 21:37:00, 24.25, 23.81, 23.62, 31.69, 31.46, 0, 0, 4.22
2019/06/24 21:38:00, 24.25, 23.83, 23.65, 31.78, 31.49, 0, 0, 4.22
2019/06/24 21:39:00, 24.25, 23.84, 23.62, 31.75, 31.50, 0, 0, 4.22
2019/06/24 21:40:00, 24.25, 23.84, 23.62, 31.79, 31.50, 0, 0, 4.22
2019/06/24 21:41:00, 24.25, 23.84, 23.62, 31.76, 31.52, 0, 0, 4.22
2019/06/24 21:42:00, 24.25, 23.84, 23.60, 31.81, 31.52, 0, 0, 4.22
2019/06/24 21:43:00, 24.25, 23.83, 23.61, 31.75, 31.52, 0, 0, 4.22
2019/06/24 21:44:00, 24.25, 23.81, 23.59, 31.78, 31.52, 0, 0, 4.22
2019/06/24 21:45:00, 24.25, 23.80, 23.61, 31.81, 31.55, 0, 0, 4.22
2019/06/24 21:46:00, 24.25, 23.83, 23.61, 31.78, 31.55, 0, 0, 4.22
2019/06/24 21:47:00, 24.25, 23.80, 23.60, 31.83, 31.55, 0, 0, 4.22
2019/06/24 21:48:00, 24.25, 23.80, 23.61, 31.85, 31.53, 0, 0, 4.22
2019/06/24 21:49:00, 24.25, 23.79, 23.59, 31.81, 31.56, 0, 0, 4.22
2019/06/24 21:50:00, 24.25, 23.79, 23.59, 31.77, 31.55, 0, 0, 4.22
2019/06/24 21:51:00, 24.25, 23.80, 23.56, 31.80, 31.56, 0, 0, 4.22
2019/06/24 21:52:00, 24.25, 23.79, 23.57, 31.81, 31.58, 0, 0, 4.22
2019/06/24 21:53:00, 24.25, 23.77, 23.57, 31.86, 31.59, 0, 0, 4.22
2019/06/24 21:54:00, 24.25, 23.77, 23.56, 31.83, 31.59, 0, 0, 4.22
2019/06/24 21:55:00, 24.25, 23.77, 23.54, 31.83, 31.60, 0, 0, 4.22
2019/06/24 21:56:00, 24.25, 23.77, 23.56, 31.80, 31.59, 0, 0, 4.22
2019/06/24 21:57:00, 24.25, 23.76, 23.54, 31.88, 31.59, 0, 0, 4.22
2019/06/24 21:58:00, 24.25, 23.76, 23.57, 31.85, 31.60, 0, 0, 4.22
2019/06/24 21:59:00, 24.25, 23.76, 23.54, 31.85, 31.60, 0, 0, 4.22
2019/06/24 22:00:00, 24.25, 23.76, 23.52, 31.86, 31.62, 0, 0, 4.22
2019/06/24 22:01:00, 24.25, 23.73, 23.56, 31.89, 31.62, 0, 0, 4.22
2019/06/24 22:02:00, 24.25, 23.76, 23.53, 31.90, 31.64, 0, 0, 4.22
2019/06/24 22:03:00, 24.00, 23.71, 23.52, 31.87, 31.62, 0, 0, 4.22
2019/06/24 22:04:00, 24.00, 23.74, 23.54, 31.81, 31.62, 0, 0, 4.22
2019/06/24 22:05:00, 24.00, 23.73, 23.49, 31.92, 31.65, 0, 0, 4.22
2019/06/24 22:06:00, 24.00, 23.74, 23.51, 31.89, 31.65, 0, 0, 4.22
2019/06/24 22:07:00, 24.00, 23.73, 23.50, 31.87, 31.67, 0, 0, 4.22
2019/06/24 22:08:00, 24.00, 23.71, 23.51, 31.92, 31.68, 0, 0, 4.22
2019/06/24 22:09:00, 24.00, 23.71, 23.51, 31.93, 31.68, 0, 0, 4.22
2019/06/24 22:10:00, 24.00, 23.70, 23.48, 31.91, 31.68, 0, 0, 4.22
2019/06/24 22:11:00, 24.00, 23.70, 23.48, 31.91, 31.70, 0, 0, 4.22
2019/06/24 22:12:00, 24.00, 23.67, 23.46, 31.96, 31.68, 0, 0, 4.22
2019/06/24 22:13:00, 24.00, 23.70, 23.49, 31.97, 31.70, 0, 0, 4.22
2019/06/24 22:14:00, 24.00, 23.68, 23.47, 31.99, 31.70, 0, 0, 4.22
2019/06/24 22:15:00, 24.00, 23.70, 23.47, 31.99, 31.71, 0, 0, 4.22
2019/06/24 22:16:00, 24.00, 23.68, 23.46, 31.99, 31.72, 0, 0, 4.22
2019/06/24 22:17:00, 24.00, 23.68, 23.47, 32.00, 31.73, 0, 0, 4.22
2019/06/24 22:18:00, 24.00, 23.68, 23.48, 32.01, 31.75, 0, 0, 4.22
2019/06/24 22:19:00, 24.00, 23.67, 23.48, 32.00, 31.74, 0, 0, 4.22
2019/06/24 22:20:00, 24.00, 23.68, 23.46, 32.03, 31.75, 0, 0, 4.22
2019/06/24 22:21:00, 24.00, 23.67, 23.47, 32.00, 31.78, 0, 0, 4.22
2019/06/24 22:22:00, 24.00, 23.65, 23.46, 32.00, 31.77, 0, 0, 4.22
2019/06/24 22:23:00, 24.00, 23.67, 23.47, 32.03, 31.77, 0, 0, 4.22
2019/06/24 22:24:00, 24.00, 23.65, 23.45, 32.04, 31.76, 0, 0, 4.22
2019/06/24 22:25:00, 24.00, 23.68, 23.46, 32.07, 31.77, 0, 0, 4.22
2019/06/24 22:26:00, 24.00, 23.65, 23.44, 32.01, 31.78, 0, 0, 4.22
2019/06/24 22:27:00, 24.00, 23.64, 23.45, 32.04, 31.78, 0, 0, 4.22
2019/06/24 22:28:00, 24.00, 23.64, 23.43, 32.07, 31.79, 0, 0, 4.22
2019/06/24 22:29:00, 24.00, 23.63, 23.46, 32.03, 31.77, 0, 0, 4.22
2019/06/24 22:30:00, 24.00, 23.65, 23.43, 32.04, 31.78, 0, 0, 4.22
2019/06/24 22:31:00, 24.00, 23.67, 23.46, 32.04, 31.80, 0, 0, 4.22
2019/06/24 22:32:00, 24.00, 23.61, 23.44, 32.07, 31.81, 0, 0, 4.22
2019/06/24 22:33:00, 24.00, 23.65, 23.45, 32.04, 31.80, 0, 0, 4.22
2019/06/24 22:34:00, 24.00, 23.64, 23.45, 32.03, 31.79, 0, 0, 4.22
2019/06/24 22:35:00, 24.00, 23.65, 23.44, 32.04, 31.81, 0, 0, 4.22
2019/06/24 22:36:00, 24.00, 23.65, 23.45, 32.07, 31.81, 0, 0, 4.22
2019/06/24 22:37:00, 24.00, 23.64, 23.44, 32.07, 31.83, 0, 0, 4.22
2019/06/24 22:38:00, 24.00, 23.65, 23.41, 32.07, 31.84, 0, 0, 4.22
2019/06/24 22:39:00, 24.00, 23.63, 23.43, 32.05, 31.80, 0, 0, 4.22
2019/06/24 22:40:00, 24.00, 23.64, 23.43, 32.11, 31.82, 0, 0, 4.22
2019/06/24 22:41:00, 24.00, 23.63, 23.42, 32.08, 31.88, 0, 0, 4.22
2019/06/24 22:42:00, 24.00, 23.64, 23.43, 32.10, 31.86, 0, 0, 4.22
2019/06/24 22:43:00, 24.00, 23.63, 23.41, 32.10, 31.84, 0, 0, 4.22
2019/06/24 22:44:00, 24.00, 23.65, 23.43, 32.07, 31.85, 0, 0, 4.22
2019/06/24 22:45:00, 24.00, 23.64, 23.42, 32.08, 31.83, 0, 0, 4.22
2019/06/24 22:46:00, 24.00, 23.63, 23.42, 32.10, 31.83, 0, 0, 4.22
2019/06/24 22:47:00, 24.00, 23.60, 23.39, 32.10, 31.84, 0, 0, 4.22
2019/06/24 22:48:00, 24.00, 23.64, 23.41, 32.14, 31.85, 0, 0, 4.22
2019/06/24 22:49:00, 24.00, 23.61, 23.41, 32.10, 31.87, 0, 0, 4.22
2019/06/24 22:50:00, 24.00, 23.60, 23.42, 32.07, 31.83, 0, 0, 4.22
2019/06/24 22:51:00, 24.00, 23.60, 23.41, 32.09, 31.85, 0, 0, 4.22
2019/06/24 22:52:00, 24.00, 23.63, 23.41, 32.13, 31.88, 0, 0, 4.22
2019/06/24 22:53:00, 24.00, 23.61, 23.41, 32.10, 31.87, 0, 0, 4.22
2019/06/24 22:54:00, 24.00, 23.60, 23.38, 32.17, 31.87, 0, 0, 4.22
2019/06/24 22:55:00, 24.00, 23.60, 23.41, 32.17, 31.88, 0, 0, 4.22
2019/06/24 22:56:00, 24.00, 23.63, 23.41, 32.15, 31.89, 0, 0, 4.22
2019/06/24 22:57:00, 24.00, 23.63, 23.41, 32.13, 31.91, 0, 0, 4.22
2019/06/24 22:58:00, 24.00, 23.61, 23.41, 32.13, 31.91, 0, 0, 4.22
2019/06/24 22:59:00, 24.00, 23.57, 23.41, 32.15, 31.87, 0, 0, 4.22
2019/06/24 23:00:00, 24.00, 23.60, 23.41, 32.11, 31.87, 0, 0, 4.22
2019/06/24 23:01:00, 24.00, 23.60, 23.38, 32.17, 31.89, 0, 0, 4.22
2019/06/24 23:02:00, 24.00, 23.63, 23.42, 32.10, 31.87, 0, 0, 4.22
2019/06/24 23:03:00, 24.00, 23.60, 23.41, 32.13, 31.90, 0, 0, 4.22
2019/06/24 23:04:00, 24.00, 23.61, 23.42, 32.14, 31.91, 0, 0, 4.22
2019/06/24 23:05:00, 24.00, 23.60, 23.41, 32.14, 31.87, 0, 0, 4.22
2019/06/24 23:06:00, 24.00, 23.60, 23.41, 32.14, 31.90, 0, 0, 4.22
2019/06/24 23:07:00, 24.00, 23.61, 23.37, 32.17, 31.89, 0, 0, 4.22
2019/06/24 23:08:00, 24.00, 23.61, 23.38, 32.13, 31.90, 0, 0, 4.22
2019/06/24 23:09:00, 24.00, 23.59, 23.41, 32.14, 31.91, 0, 0, 4.22
2019/06/24 23:10:00, 24.00, 23.60, 23.38, 32.11, 31.90, 0, 0, 4.22
2019/06/24 23:11:00, 24.00, 23.61, 23.39, 32.11, 31.87, 0, 0, 4.22
2019/06/24 23:12:00, 24.00, 23.60, 23.38, 32.17, 31.90, 0, 0, 4.22
2019/06/24 23:13:00, 24.00, 23.60, 23.37, 32.17, 31.91, 0, 0, 4.22
2019/06/24 23:14:00, 24.00, 23.60, 23.39, 32.21, 31.94, 0, 0, 4.22
2019/06/24 23:15:00, 24.00, 23.59, 23.38, 32.20, 31.94, 0, 0, 4.22
2019/06/24 23:16:00, 24.00, 23.59, 23.37, 32.19, 31.95, 0, 0, 4.22
2019/06/24 23:17:00, 24.00, 23.59, 23.38, 32.20, 31.93, 0, 0, 4.22
2019/06/24 23:18:00, 24.00, 23.57, 23.37, 32.18, 31.93, 0, 0, 4.22
2019/06/24 23:19:00, 24.00, 23.60, 23.37, 32.14, 31.93, 0, 0, 4.22
2019/06/24 23:20:00, 24.00, 23.59, 23.37, 32.18, 31.91, 0, 0, 4.22
2019/06/24 23:21:00, 24.00, 23.59, 23.38, 32.20, 31.93, 0, 0, 4.22
2019/06/24 23:22:00, 24.00, 23.59, 23.36, 32.18, 31.91, 0, 0, 4.22
2019/06/24 23:23:00, 24.00, 23.57, 23.36, 32.17, 31.91, 0, 0, 4.22
2019/06/24 23:24:00, 24.00, 23.56, 23.36, 32.19, 31.91, 0, 0, 4.22
2019/06/24 23:25:00, 24.00, 23.56, 23.35, 32.18, 31.92, 0, 0, 4.22
2019/06/24 23:26:00, 24.00, 23.54, 23.33, 32.14, 31.92, 0, 0, 4.22
2019/06/24 23:27:00, 24.00, 23.56, 23.34, 32.18, 31.95, 0, 0, 4.22
2019/06/24 23:28:00, 24.00, 23.57, 23.34, 32.21, 31.95, 0, 0, 4.22
2019/06/24 23:29:00, 24.00, 23.56, 23.33, 32.24, 31.96, 0, 0, 4.22
2019/06/24 23:30:00, 24.00, 23.54, 23.33, 32.22, 31.96, 0, 0, 4.22
2019/06/24 23:31:00, 24.00, 23.56, 23.32, 32.25, 31.97, 0, 0, 4.22
2019/06/24 23:32:00, 24.00, 23.54, 23.35, 32.23, 31.96, 0, 0, 4.22
2019/06/24 23:33:00, 24.00, 23.53, 23.34, 32.19, 31.95, 0, 0, 4.22
2019/06/24 23:34:00, 24.00, 23.54, 23.33, 32.24, 31.93, 0, 0, 4.22
2019/06/24 23:35:00, 24.00, 23.54, 23.35, 32.18, 31.93, 0, 0, 4.22
2019/06/24 23:36:00, 24.00, 23.56, 23.32, 32.19, 31.96, 0, 0, 4.22
2019/06/24 23:37:00, 24.00, 23.56, 23.33, 32.19, 31.94, 0, 0, 4.22
2019/06/24 23:38:00, 24.00, 23.53, 23.33, 32.21, 31.94, 0, 0, 4.22
2019/06/24 23:39:00, 24.00, 23.53, 23.32, 32.16, 31.94, 0, 0, 4.22
2019/06/24 23:40:00, 24.00, 23.52, 23.34, 32.19, 31.94, 0, 0, 4.22
2019/06/24 23:41:00, 24.00, 23.56, 23.32, 32.21, 31.96, 0, 0, 4.22
2019/06/24 23:42:00, 24.00, 23.52, 23.30, 32.20, 31.96, 0, 0, 4.22
2019/06/24 23:43:00, 23.75, 23.50, 23.31, 32.28, 31.97, 0, 0, 4.22
2019/06/24 23:44:00, 24.00, 23.50, 23.29, 32.31, 32.00, 0, 0, 4.22
2019/06/24 23:45:00, 24.00, 23.50, 23.29, 32.29, 32.01, 0, 0, 4.22
2019/06/24 23:46:00, 24.00, 23.46, 23.28, 32.28, 32.02, 0, 0, 4.22
2019/06/24 23:47:00, 23.75, 23.47, 23.28, 32.29, 32.03, 0, 0, 4.22
