Data logger for tempereture and humidity.
Code, design, and soldering by Antti Mikkonen, a.mikkonen@iki.fi, 2019.
Based on open source projects and libraries. See source for details.
/home/ami/src/arduino/promini/logger_v8_ada/logger_v8_ada.ino
UTC time (year/month/date hour:minute:second), T RTC (C), T sht31 (C), T si7021 (C), RH sht31 (-), RH si7021 (-), heaterOn sht31 (bool),  heaterOn si7021 (bool), battery voltage (V)
2019/05/05 00:08:00, 24.50, 23.77, 23.56, 18.94, 17.14, 0, 0, 4.39
2019/05/05 00:09:00, 24.50, 23.77, 23.57, 18.94, 17.17, 0, 0, 4.39
2019/05/05 00:10:00, 24.50, 23.76, 23.58, 18.86, 17.15, 0, 0, 4.39
2019/05/05 00:11:00, 24.50, 23.74, 23.59, 18.92, 17.18, 0, 0, 4.39
2019/05/05 00:12:00, 24.50, 23.76, 23.54, 18.89, 17.13, 0, 0, 4.39
2019/05/05 00:13:00, 24.50, 23.74, 23.56, 18.89, 17.15, 0, 0, 4.39
2019/05/05 00:14:00, 24.50, 23.76, 23.58, 18.94, 17.15, 0, 0, 4.39
2019/05/05 00:15:00, 24.50, 23.74, 23.54, 18.84, 17.13, 0, 0, 4.39
2019/05/05 00:16:00, 24.50, 23.76, 23.57, 18.89, 17.15, 0, 0, 4.39
2019/05/05 00:17:00, 24.50, 23.76, 23.56, 18.84, 17.12, 0, 0, 4.39
2019/05/05 00:18:00, 24.50, 23.74, 23.54, 18.86, 17.13, 0, 0, 4.39
2019/05/05 00:19:00, 24.50, 23.73, 23.52, 18.87, 17.16, 0, 0, 4.39
2019/05/05 00:20:00, 24.50, 23.73, 23.53, 18.94, 17.18, 0, 0, 4.39
2019/05/05 00:21:00, 24.50, 23.76, 23.54, 18.94, 17.17, 0, 0, 4.39
2019/05/05 00:22:00, 24.50, 23.73, 23.50, 18.94, 17.17, 0, 0, 4.39
2019/05/05 00:23:00, 24.50, 23.74, 23.52, 18.86, 17.16, 0, 0, 4.39
2019/05/05 00:24:00, 24.50, 23.73, 23.54, 18.89, 17.12, 0, 0, 4.39
2019/05/05 00:25:00, 24.50, 23.74, 23.54, 18.87, 17.15, 0, 0, 4.39
2019/05/05 00:26:00, 24.50, 23.73, 23.56, 18.84, 17.12, 0, 0, 4.39
2019/05/05 00:27:00, 24.50, 23.79, 23.57, 18.87, 17.11, 0, 0, 4.39
2019/05/05 00:28:00, 24.50, 23.79, 23.57, 18.80, 17.07, 0, 0, 4.39
2019/05/05 00:29:00, 24.25, 23.77, 23.58, 18.73, 17.05, 0, 0, 4.39
2019/05/05 00:30:00, 24.50, 23.77, 23.58, 18.78, 17.05, 0, 0, 4.39
2019/05/05 00:31:00, 24.50, 23.76, 23.60, 18.81, 17.05, 0, 0, 4.39
2019/05/05 00:32:00, 24.50, 23.79, 23.61, 18.75, 17.03, 0, 0, 4.39
2019/05/05 00:33:00, 24.50, 23.79, 23.61, 18.88, 17.05, 0, 0, 4.39
2019/05/05 00:34:00, 24.50, 23.79, 23.59, 18.80, 17.05, 0, 0, 4.39
2019/05/05 00:35:00, 24.50, 23.79, 23.57, 18.73, 17.01, 0, 0, 4.39
2019/05/05 00:36:00, 24.25, 23.77, 23.58, 18.73, 17.00, 0, 0, 4.39
2019/05/05 00:37:00, 24.25, 23.77, 23.57, 18.75, 17.03, 0, 0, 4.39
2019/05/05 00:38:00, 24.50, 23.74, 23.57, 18.71, 17.01, 0, 0, 4.39
2019/05/05 00:39:00, 24.25, 23.73, 23.57, 18.75, 17.02, 0, 0, 4.39
2019/05/05 00:40:00, 24.25, 23.76, 23.54, 18.80, 17.05, 0, 0, 4.39
2019/05/05 00:41:00, 24.25, 23.76, 23.57, 18.78, 17.06, 0, 0, 4.39
2019/05/05 00:42:00, 24.50, 23.74, 23.57, 18.76, 17.04, 0, 0, 4.39
2019/05/05 00:43:00, 24.25, 23.74, 23.58, 18.76, 17.00, 0, 0, 4.39
2019/05/05 00:44:00, 24.25, 23.76, 23.60, 18.80, 17.05, 0, 0, 4.39
2019/05/05 00:45:00, 24.25, 23.79, 23.61, 18.78, 17.03, 0, 0, 4.39
2019/05/05 00:46:00, 24.50, 23.77, 23.59, 18.80, 17.00, 0, 0, 4.39
2019/05/05 00:47:00, 24.25, 23.77, 23.60, 18.69, 17.01, 0, 0, 4.39
2019/05/05 00:48:00, 24.25, 23.79, 23.59, 18.77, 17.01, 0, 0, 4.39
2019/05/05 00:49:00, 24.25, 23.79, 23.59, 18.68, 16.99, 0, 0, 4.39
2019/05/05 00:50:00, 24.50, 23.79, 23.58, 18.73, 17.01, 0, 0, 4.39
2019/05/05 00:51:00, 24.25, 23.76, 23.57, 18.76, 16.99, 0, 0, 4.39
2019/05/05 00:52:00, 24.25, 23.77, 23.57, 18.78, 17.07, 0, 0, 4.39
2019/05/05 00:53:00, 24.25, 23.77, 23.56, 18.75, 17.03, 0, 0, 4.39
2019/05/05 00:54:00, 24.25, 23.79, 23.58, 18.76, 17.01, 0, 0, 4.39
2019/05/05 00:55:00, 24.25, 23.74, 23.56, 18.76, 17.02, 0, 0, 4.39
2019/05/05 00:56:00, 24.25, 23.74, 23.52, 18.83, 17.07, 0, 0, 4.39
2019/05/05 00:57:00, 24.25, 23.74, 23.58, 18.81, 17.05, 0, 0, 4.39
2019/05/05 00:58:00, 24.25, 23.76, 23.54, 18.80, 17.05, 0, 0, 4.39
2019/05/05 00:59:00, 24.25, 23.74, 23.56, 18.84, 17.05, 0, 0, 4.39
2019/05/05 01:00:00, 24.25, 23.77, 23.57, 18.71, 17.06, 0, 0, 4.39
2019/05/05 01:01:00, 24.25, 23.76, 23.56, 18.80, 17.06, 0, 0, 4.39
2019/05/05 01:02:00, 24.25, 23.77, 23.54, 18.86, 17.07, 0, 0, 4.39
2019/05/05 01:03:00, 24.25, 23.76, 23.57, 18.78, 17.09, 0, 0, 4.39
2019/05/05 01:04:00, 24.25, 23.77, 23.57, 18.85, 17.10, 0, 0, 4.39
2019/05/05 01:05:00, 24.25, 23.76, 23.58, 18.85, 17.08, 0, 0, 4.39
2019/05/05 01:06:00, 24.25, 23.76, 23.56, 18.81, 17.08, 0, 0, 4.39
2019/05/05 01:07:00, 24.25, 23.76, 23.57, 18.86, 17.09, 0, 0, 4.39
2019/05/05 01:08:00, 24.25, 23.77, 23.54, 18.87, 17.10, 0, 0, 4.39
2019/05/05 01:09:00, 24.25, 23.79, 23.57, 18.87, 17.09, 0, 0, 4.39
2019/05/05 01:10:00, 24.25, 23.76, 23.59, 18.86, 17.10, 0, 0, 4.39
2019/05/05 01:11:00, 24.25, 23.77, 23.58, 18.91, 17.10, 0, 0, 4.39
2019/05/05 01:12:00, 24.25, 23.77, 23.58, 18.85, 17.12, 0, 0, 4.39
2019/05/05 01:13:00, 24.25, 23.77, 23.59, 18.85, 17.10, 0, 0, 4.39
2019/05/05 01:14:00, 24.25, 23.77, 23.58, 18.86, 17.11, 0, 0, 4.39
2019/05/05 01:15:00, 24.25, 23.80, 23.57, 18.86, 17.11, 0, 0, 4.39
2019/05/05 01:16:00, 24.25, 23.76, 23.57, 18.88, 17.10, 0, 0, 4.39
2019/05/05 01:17:00, 24.25, 23.76, 23.57, 18.87, 17.11, 0, 0, 4.39
2019/05/05 01:18:00, 24.25, 23.77, 23.58, 18.83, 17.13, 0, 0, 4.39
2019/05/05 01:19:00, 24.25, 23.76, 23.58, 18.91, 17.16, 0, 0, 4.39
2019/05/05 01:20:00, 24.25, 23.77, 23.60, 18.91, 17.17, 0, 0, 4.39
2019/05/05 01:21:00, 24.25, 23.77, 23.58, 18.90, 17.15, 0, 0, 4.39
2019/05/05 01:22:00, 24.25, 23.77, 23.59, 18.85, 17.11, 0, 0, 4.39
2019/05/05 01:23:00, 24.25, 23.74, 23.54, 18.91, 17.14, 0, 0, 4.39
2019/05/05 01:24:00, 24.25, 23.76, 23.57, 18.91, 17.17, 0, 0, 4.39
2019/05/05 01:25:00, 24.25, 23.77, 23.57, 18.83, 17.16, 0, 0, 4.39
2019/05/05 01:26:00, 24.25, 23.74, 23.54, 18.94, 17.19, 0, 0, 4.39
2019/05/05 01:27:00, 24.25, 23.77, 23.56, 18.92, 17.19, 0, 0, 4.39
2019/05/05 01:28:00, 24.25, 23.77, 23.57, 18.87, 17.16, 0, 0, 4.39
2019/05/05 01:29:00, 24.25, 23.77, 23.57, 18.96, 17.20, 0, 0, 4.39
2019/05/05 01:30:00, 24.25, 23.76, 23.58, 18.91, 17.17, 0, 0, 4.39
2019/05/05 01:31:00, 24.25, 23.76, 23.57, 18.97, 17.17, 0, 0, 4.39
2019/05/05 01:32:00, 24.25, 23.76, 23.58, 18.96, 17.18, 0, 0, 4.39
2019/05/05 01:33:00, 24.25, 23.76, 23.57, 18.99, 17.19, 0, 0, 4.39
2019/05/05 01:34:00, 24.25, 23.74, 23.57, 18.91, 17.20, 0, 0, 4.39
2019/05/05 01:35:00, 24.25, 23.74, 23.54, 18.94, 17.20, 0, 0, 4.39
2019/05/05 01:36:00, 24.25, 23.74, 23.53, 19.02, 17.22, 0, 0, 4.39
2019/05/05 01:37:00, 24.25, 23.73, 23.54, 18.97, 17.23, 0, 0, 4.39
2019/05/05 01:38:00, 24.25, 23.76, 23.57, 18.99, 17.26, 0, 0, 4.39
2019/05/05 01:39:00, 24.25, 23.79, 23.56, 19.04, 17.26, 0, 0, 4.39
2019/05/05 01:40:00, 24.25, 23.76, 23.54, 18.99, 17.23, 0, 0, 4.39
2019/05/05 01:41:00, 24.25, 23.73, 23.54, 19.05, 17.26, 0, 0, 4.39
2019/05/05 01:42:00, 24.25, 23.74, 23.54, 18.99, 17.27, 0, 0, 4.39
2019/05/05 01:43:00, 24.25, 23.71, 23.51, 18.99, 17.26, 0, 0, 4.39
2019/05/05 01:44:00, 24.25, 23.74, 23.53, 19.04, 17.31, 0, 0, 4.39
2019/05/05 01:45:00, 24.25, 23.74, 23.54, 19.04, 17.29, 0, 0, 4.39
2019/05/05 01:46:00, 24.25, 23.76, 23.57, 19.04, 17.27, 0, 0, 4.39
2019/05/05 01:47:00, 24.25, 23.73, 23.54, 19.01, 17.27, 0, 0, 4.39
2019/05/05 01:48:00, 24.25, 23.71, 23.51, 19.09, 17.31, 0, 0, 4.39
2019/05/05 01:49:00, 24.25, 23.73, 23.53, 19.05, 17.35, 0, 0, 4.39
2019/05/05 01:50:00, 24.25, 23.73, 23.54, 19.12, 17.33, 0, 0, 4.39
2019/05/05 01:51:00, 24.25, 23.74, 23.54, 19.02, 17.33, 0, 0, 4.39
2019/05/05 01:52:00, 24.25, 23.76, 23.57, 19.01, 17.30, 0, 0, 4.39
2019/05/05 01:53:00, 24.25, 23.77, 23.56, 19.04, 17.28, 0, 0, 4.39
2019/05/05 01:54:00, 24.25, 23.76, 23.54, 19.04, 17.31, 0, 0, 4.39
2019/05/05 01:55:00, 24.25, 23.76, 23.57, 19.00, 17.29, 0, 0, 4.39
2019/05/05 01:56:00, 24.25, 23.74, 23.52, 19.02, 17.30, 0, 0, 4.39
2019/05/05 01:57:00, 24.25, 23.74, 23.54, 19.07, 17.30, 0, 0, 4.39
2019/05/05 01:58:00, 24.25, 23.74, 23.54, 19.09, 17.31, 0, 0, 4.39
2019/05/05 01:59:00, 24.25, 23.76, 23.56, 19.07, 17.33, 0, 0, 4.39
2019/05/05 02:00:00, 24.25, 23.77, 23.56, 19.09, 17.37, 0, 0, 4.39
2019/05/05 02:01:00, 24.25, 23.76, 23.56, 19.09, 17.36, 0, 0, 4.39
2019/05/05 02:02:00, 24.25, 23.74, 23.56, 19.04, 17.32, 0, 0, 4.39
2019/05/05 02:03:00, 24.25, 23.73, 23.52, 19.09, 17.33, 0, 0, 4.39
2019/05/05 02:04:00, 24.25, 23.73, 23.54, 19.10, 17.36, 0, 0, 4.39
2019/05/05 02:05:00, 24.25, 23.71, 23.54, 19.09, 17.34, 0, 0, 4.39
2019/05/05 02:06:00, 24.25, 23.71, 23.53, 19.05, 17.34, 0, 0, 4.39
2019/05/05 02:07:00, 24.25, 23.71, 23.53, 19.15, 17.33, 0, 0, 4.39
2019/05/05 02:08:00, 24.25, 23.71, 23.52, 19.09, 17.35, 0, 0, 4.39
2019/05/05 02:09:00, 24.25, 23.71, 23.53, 19.15, 17.38, 0, 0, 4.39
2019/05/05 02:10:00, 24.25, 23.68, 23.53, 19.12, 17.35, 0, 0, 4.39
2019/05/05 02:11:00, 24.25, 23.68, 23.47, 19.11, 17.38, 0, 0, 4.39
2019/05/05 02:12:00, 24.25, 23.68, 23.50, 19.20, 17.43, 0, 0, 4.39
2019/05/05 02:13:00, 24.25, 23.70, 23.50, 19.12, 17.42, 0, 0, 4.39
2019/05/05 02:14:00, 24.25, 23.71, 23.50, 19.23, 17.43, 0, 0, 4.39
2019/05/05 02:15:00, 24.25, 23.71, 23.50, 19.16, 17.43, 0, 0, 4.39
2019/05/05 02:16:00, 24.25, 23.74, 23.54, 19.15, 17.41, 0, 0, 4.39
2019/05/05 02:17:00, 24.25, 23.73, 23.54, 19.10, 17.39, 0, 0, 4.39
2019/05/05 02:18:00, 24.25, 23.73, 23.53, 19.10, 17.36, 0, 0, 4.39
2019/05/05 02:19:00, 24.25, 23.73, 23.50, 19.15, 17.38, 0, 0, 4.39
2019/05/05 02:20:00, 24.25, 23.73, 23.52, 19.12, 17.38, 0, 0, 4.39
2019/05/05 02:21:00, 24.25, 23.73, 23.54, 19.20, 17.42, 0, 0, 4.39
2019/05/05 02:22:00, 24.25, 23.73, 23.54, 19.18, 17.41, 0, 0, 4.39
2019/05/05 02:23:00, 24.25, 23.73, 23.56, 19.15, 17.41, 0, 0, 4.39
2019/05/05 02:24:00, 24.25, 23.73, 23.56, 19.12, 17.38, 0, 0, 4.39
2019/05/05 02:25:00, 24.25, 23.76, 23.58, 19.12, 17.37, 0, 0, 4.39
2019/05/05 02:26:00, 24.25, 23.77, 23.53, 19.05, 17.33, 0, 0, 4.39
2019/05/05 02:27:00, 24.25, 23.71, 23.51, 19.15, 17.36, 0, 0, 4.39
2019/05/05 02:28:00, 24.25, 23.73, 23.52, 19.18, 17.42, 0, 0, 4.39
2019/05/05 02:29:00, 24.25, 23.71, 23.49, 19.12, 17.40, 0, 0, 4.39
2019/05/05 02:30:00, 24.25, 23.71, 23.50, 19.15, 17.41, 0, 0, 4.39
2019/05/05 02:31:00, 24.25, 23.70, 23.49, 19.16, 17.41, 0, 0, 4.39
2019/05/05 02:32:00, 24.25, 23.68, 23.50, 19.15, 17.42, 0, 0, 4.39
2019/05/05 02:33:00, 24.25, 23.67, 23.49, 19.18, 17.42, 0, 0, 4.39
2019/05/05 02:34:00, 24.25, 23.67, 23.46, 19.13, 17.42, 0, 0, 4.39
2019/05/05 02:35:00, 24.25, 23.67, 23.46, 19.26, 17.47, 0, 0, 4.39
2019/05/05 02:36:00, 24.25, 23.65, 23.47, 19.21, 17.46, 0, 0, 4.39
2019/05/05 02:37:00, 24.25, 23.64, 23.45, 19.23, 17.46, 0, 0, 4.39
2019/05/05 02:38:00, 24.25, 23.64, 23.45, 19.18, 17.49, 0, 0, 4.39
2019/05/05 02:39:00, 24.25, 23.67, 23.45, 19.23, 17.49, 0, 0, 4.39
2019/05/05 02:40:00, 24.25, 23.64, 23.50, 19.21, 17.48, 0, 0, 4.39
2019/05/05 02:41:00, 24.25, 23.68, 23.49, 19.21, 17.46, 0, 0, 4.39
2019/05/05 02:42:00, 24.25, 23.65, 23.48, 19.16, 17.48, 0, 0, 4.39
2019/05/05 02:43:00, 24.25, 23.67, 23.49, 19.24, 17.45, 0, 0, 4.39
2019/05/05 02:44:00, 24.25, 23.67, 23.47, 19.20, 17.46, 0, 0, 4.39
2019/05/05 02:45:00, 24.25, 23.67, 23.47, 19.18, 17.46, 0, 0, 4.39
2019/05/05 02:46:00, 24.25, 23.67, 23.48, 19.28, 17.47, 0, 0, 4.39
2019/05/05 02:47:00, 24.25, 23.67, 23.50, 19.18, 17.45, 0, 0, 4.39
2019/05/05 02:48:00, 24.25, 23.67, 23.50, 19.21, 17.46, 0, 0, 4.39
2019/05/05 02:49:00, 24.25, 23.68, 23.49, 19.20, 17.44, 0, 0, 4.39
2019/05/05 02:50:00, 24.25, 23.70, 23.50, 19.15, 17.42, 0, 0, 4.39
2019/05/05 02:51:00, 24.25, 23.70, 23.50, 19.13, 17.39, 0, 0, 4.39
2019/05/05 02:52:00, 24.25, 23.64, 23.48, 19.20, 17.42, 0, 0, 4.39
2019/05/05 02:53:00, 24.25, 23.68, 23.49, 19.15, 17.43, 0, 0, 4.39
2019/05/05 02:54:00, 24.25, 23.70, 23.49, 19.18, 17.41, 0, 0, 4.39
2019/05/05 02:55:00, 24.25, 23.68, 23.50, 19.16, 17.42, 0, 0, 4.39
2019/05/05 02:56:00, 24.25, 23.68, 23.49, 19.21, 17.44, 0, 0, 4.39
2019/05/05 02:57:00, 24.25, 23.67, 23.49, 19.13, 17.42, 0, 0, 4.39
2019/05/05 02:58:00, 24.25, 23.68, 23.49, 19.16, 17.42, 0, 0, 4.39
2019/05/05 02:59:00, 24.25, 23.70, 23.50, 19.18, 17.45, 0, 0, 4.39
2019/05/05 03:00:00, 24.25, 23.67, 23.50, 19.13, 17.42, 0, 0, 4.39
2019/05/05 03:01:00, 24.25, 23.73, 23.53, 19.13, 17.41, 0, 0, 4.39
2019/05/05 03:02:00, 24.25, 23.70, 23.50, 19.18, 17.39, 0, 0, 4.39
2019/05/05 03:03:00, 24.25, 23.73, 23.51, 19.10, 17.40, 0, 0, 4.39
2019/05/05 03:04:00, 24.25, 23.73, 23.51, 19.13, 17.37, 0, 0, 4.39
2019/05/05 03:05:00, 24.25, 23.70, 23.49, 19.13, 17.38, 0, 0, 4.39
2019/05/05 03:06:00, 24.25, 23.73, 23.50, 19.12, 17.39, 0, 0, 4.39
2019/05/05 03:07:00, 24.25, 23.68, 23.50, 19.10, 17.36, 0, 0, 4.39
2019/05/05 03:08:00, 24.25, 23.71, 23.51, 19.12, 17.36, 0, 0, 4.39
2019/05/05 03:09:00, 24.25, 23.71, 23.53, 19.08, 17.39, 0, 0, 4.39
2019/05/05 03:10:00, 24.25, 23.71, 23.53, 19.07, 17.35, 0, 0, 4.39
2019/05/05 03:11:00, 24.25, 23.70, 23.50, 19.09, 17.33, 0, 0, 4.39
2019/05/05 03:12:00, 24.25, 23.71, 23.50, 19.07, 17.37, 0, 0, 4.39
2019/05/05 03:13:00, 24.25, 23.70, 23.51, 19.10, 17.36, 0, 0, 4.39
2019/05/05 03:14:00, 24.25, 23.70, 23.51, 19.05, 17.33, 0, 0, 4.39
2019/05/05 03:15:00, 24.25, 23.73, 23.53, 19.09, 17.37, 0, 0, 4.39
2019/05/05 03:16:00, 24.25, 23.73, 23.53, 19.07, 17.35, 0, 0, 4.39
2019/05/05 03:17:00, 24.25, 23.71, 23.53, 19.09, 17.33, 0, 0, 4.39
2019/05/05 03:18:00, 24.25, 23.73, 23.51, 19.04, 17.28, 0, 0, 4.39
2019/05/05 03:19:00, 24.25, 23.73, 23.53, 19.07, 17.30, 0, 0, 4.39
2019/05/05 03:20:00, 24.25, 23.71, 23.53, 19.13, 17.33, 0, 0, 4.39
2019/05/05 03:21:00, 24.25, 23.68, 23.50, 18.92, 17.26, 0, 0, 4.39
2019/05/05 03:22:00, 24.25, 23.68, 23.49, 19.03, 17.28, 0, 0, 4.39
2019/05/05 03:23:00, 24.25, 23.68, 23.48, 19.07, 17.30, 0, 0, 4.39
2019/05/05 03:24:00, 24.25, 23.68, 23.50, 19.08, 17.31, 0, 0, 4.39
2019/05/05 03:25:00, 24.25, 23.70, 23.50, 19.08, 17.34, 0, 0, 4.39
2019/05/05 03:26:00, 24.25, 23.70, 23.50, 19.03, 17.30, 0, 0, 4.39
2019/05/05 03:27:00, 24.25, 23.67, 23.48, 18.97, 17.28, 0, 0, 4.39
2019/05/05 03:28:00, 24.25, 23.67, 23.50, 19.10, 17.30, 0, 0, 4.39
2019/05/05 03:29:00, 24.25, 23.70, 23.50, 19.02, 17.32, 0, 0, 4.39
2019/05/05 03:30:00, 24.25, 23.70, 23.51, 19.03, 17.30, 0, 0, 4.39
2019/05/05 03:31:00, 24.25, 23.71, 23.50, 19.02, 17.25, 0, 0, 4.39
2019/05/05 03:32:00, 24.25, 23.71, 23.50, 18.98, 17.27, 0, 0, 4.39
2019/05/05 03:33:00, 24.25, 23.70, 23.50, 19.00, 17.26, 0, 0, 4.39
2019/05/05 03:34:00, 24.25, 23.71, 23.49, 19.02, 17.26, 0, 0, 4.39
2019/05/05 03:35:00, 24.25, 23.70, 23.50, 18.95, 17.23, 0, 0, 4.39
2019/05/05 03:36:00, 24.25, 23.70, 23.49, 19.02, 17.26, 0, 0, 4.39
2019/05/05 03:37:00, 24.25, 23.70, 23.50, 18.96, 17.25, 0, 0, 4.39
2019/05/05 03:38:00, 24.25, 23.71, 23.52, 18.97, 17.23, 0, 0, 4.39
2019/05/05 03:39:00, 24.25, 23.68, 23.50, 18.84, 17.18, 0, 0, 4.39
2019/05/05 03:40:00, 24.25, 23.68, 23.47, 19.00, 17.20, 0, 0, 4.39
2019/05/05 03:41:00, 24.25, 23.67, 23.48, 18.97, 17.21, 0, 0, 4.39
2019/05/05 03:42:00, 24.25, 23.68, 23.49, 19.00, 17.24, 0, 0, 4.39
2019/05/05 03:43:00, 24.25, 23.70, 23.49, 18.98, 17.25, 0, 0, 4.39
2019/05/05 03:44:00, 24.25, 23.70, 23.52, 18.98, 17.22, 0, 0, 4.39
2019/05/05 03:45:00, 24.25, 23.70, 23.52, 18.94, 17.19, 0, 0, 4.39
2019/05/05 03:46:00, 24.25, 23.71, 23.52, 18.86, 17.16, 0, 0, 4.39
2019/05/05 03:47:00, 24.25, 23.73, 23.53, 18.87, 17.14, 0, 0, 4.39
2019/05/05 03:48:00, 24.25, 23.70, 23.50, 18.87, 17.13, 0, 0, 4.39
2019/05/05 03:49:00, 24.25, 23.71, 23.50, 18.87, 17.14, 0, 0, 4.39
2019/05/05 03:50:00, 24.25, 23.68, 23.51, 18.87, 17.13, 0, 0, 4.39
2019/05/05 03:51:00, 24.25, 23.70, 23.50, 18.84, 17.11, 0, 0, 4.39
2019/05/05 03:52:00, 24.25, 23.73, 23.50, 18.84, 17.14, 0, 0, 4.39
2019/05/05 03:53:00, 24.25, 23.68, 23.49, 18.81, 17.10, 0, 0, 4.39
2019/05/05 03:54:00, 24.25, 23.67, 23.50, 18.86, 17.10, 0, 0, 4.39
2019/05/05 03:55:00, 24.25, 23.71, 23.50, 18.91, 17.12, 0, 0, 4.39
2019/05/05 03:56:00, 24.25, 23.70, 23.48, 18.87, 17.12, 0, 0, 4.39
2019/05/05 03:57:00, 24.25, 23.67, 23.47, 18.82, 17.07, 0, 0, 4.39
2019/05/05 03:58:00, 24.25, 23.67, 23.49, 18.89, 17.10, 0, 0, 4.39
2019/05/05 03:59:00, 24.25, 23.65, 23.48, 18.84, 17.12, 0, 0, 4.39
2019/05/05 04:00:00, 24.25, 23.67, 23.46, 18.84, 17.10, 0, 0, 4.39
2019/05/05 04:01:00, 24.25, 23.65, 23.46, 18.86, 17.10, 0, 0, 4.39
2019/05/05 04:02:00, 24.25, 23.67, 23.48, 18.80, 17.10, 0, 0, 4.39
2019/05/05 04:03:00, 24.25, 23.68, 23.47, 18.80, 17.08, 0, 0, 4.39
2019/05/05 04:04:00, 24.25, 23.63, 23.45, 18.76, 17.03, 0, 0, 4.39
2019/05/05 04:05:00, 24.25, 23.65, 23.43, 18.93, 17.10, 0, 0, 4.39
2019/05/05 04:06:00, 24.25, 23.65, 23.46, 18.84, 17.07, 0, 0, 4.39
2019/05/05 04:07:00, 24.25, 23.65, 23.45, 18.76, 17.07, 0, 0, 4.39
2019/05/05 04:08:00, 24.25, 23.64, 23.45, 18.80, 17.05, 0, 0, 4.39
2019/05/05 04:09:00, 24.25, 23.65, 23.46, 18.77, 17.03, 0, 0, 4.39
2019/05/05 04:10:00, 24.25, 23.64, 23.45, 18.81, 17.06, 0, 0, 4.39
2019/05/05 04:11:00, 24.25, 23.67, 23.47, 18.79, 17.07, 0, 0, 4.39
2019/05/05 04:12:00, 24.25, 23.65, 23.46, 18.74, 17.04, 0, 0, 4.39
2019/05/05 04:13:00, 24.25, 23.67, 23.47, 18.74, 17.01, 0, 0, 4.39
2019/05/05 04:14:00, 24.25, 23.67, 23.45, 18.74, 17.01, 0, 0, 4.39
2019/05/05 04:15:00, 24.25, 23.65, 23.46, 18.77, 17.01, 0, 0, 4.39
2019/05/05 04:16:00, 24.25, 23.67, 23.47, 18.71, 16.99, 0, 0, 4.39
2019/05/05 04:17:00, 24.25, 23.64, 23.44, 18.71, 16.99, 0, 0, 4.39
2019/05/05 04:18:00, 24.25, 23.61, 23.44, 18.75, 17.00, 0, 0, 4.39
2019/05/05 04:19:00, 24.25, 23.63, 23.45, 18.75, 17.02, 0, 0, 4.39
2019/05/05 04:20:00, 24.25, 23.63, 23.46, 18.74, 17.02, 0, 0, 4.39
2019/05/05 04:21:00, 24.25, 23.61, 23.44, 18.72, 17.01, 0, 0, 4.39
2019/05/05 04:22:00, 24.25, 23.64, 23.43, 18.75, 17.00, 0, 0, 4.39
2019/05/05 04:23:00, 24.25, 23.63, 23.41, 18.75, 17.01, 0, 0, 4.39
2019/05/05 04:24:00, 24.25, 23.63, 23.45, 18.75, 17.01, 0, 0, 4.39
2019/05/05 04:25:00, 24.25, 23.64, 23.44, 18.62, 16.95, 0, 0, 4.39
2019/05/05 04:26:00, 24.25, 23.61, 23.43, 18.67, 16.96, 0, 0, 4.39
2019/05/05 04:27:00, 24.25, 23.63, 23.44, 18.72, 16.98, 0, 0, 4.39
2019/05/05 04:28:00, 24.25, 23.63, 23.43, 18.77, 17.01, 0, 0, 4.39
2019/05/05 04:29:00, 24.25, 23.65, 23.45, 18.69, 16.99, 0, 0, 4.39
2019/05/05 04:30:00, 24.25, 23.63, 23.42, 18.64, 16.94, 0, 0, 4.39
2019/05/05 04:31:00, 24.25, 23.64, 23.44, 18.77, 16.97, 0, 0, 4.39
2019/05/05 04:32:00, 24.25, 23.61, 23.42, 18.69, 16.94, 0, 0, 4.39
2019/05/05 04:33:00, 24.25, 23.61, 23.42, 18.69, 16.93, 0, 0, 4.39
2019/05/05 04:34:00, 24.25, 23.63, 23.45, 18.62, 16.93, 0, 0, 4.39
2019/05/05 04:35:00, 24.25, 23.61, 23.39, 18.59, 16.91, 0, 0, 4.39
2019/05/05 04:36:00, 24.25, 23.60, 23.41, 18.69, 16.94, 0, 0, 4.39
2019/05/05 04:37:00, 24.25, 23.63, 23.41, 18.69, 16.94, 0, 0, 4.39
2019/05/05 04:38:00, 24.25, 23.61, 23.44, 18.61, 16.93, 0, 0, 4.39
2019/05/05 04:39:00, 24.25, 23.63, 23.44, 18.59, 16.89, 0, 0, 4.39
2019/05/05 04:40:00, 24.25, 23.63, 23.41, 18.66, 16.89, 0, 0, 4.39
2019/05/05 04:41:00, 24.25, 23.64, 23.43, 18.61, 16.87, 0, 0, 4.39
2019/05/05 04:42:00, 24.25, 23.63, 23.44, 18.61, 16.88, 0, 0, 4.39
2019/05/05 04:43:00, 24.25, 23.61, 23.44, 18.66, 16.90, 0, 0, 4.39
2019/05/05 04:44:00, 24.25, 23.63, 23.41, 18.61, 16.90, 0, 0, 4.39
2019/05/05 04:45:00, 24.25, 23.64, 23.44, 18.53, 16.83, 0, 0, 4.39
2019/05/05 04:46:00, 24.25, 23.61, 23.41, 18.61, 16.89, 0, 0, 4.39
2019/05/05 04:47:00, 24.25, 23.63, 23.41, 18.59, 16.88, 0, 0, 4.39
2019/05/05 04:48:00, 24.25, 23.63, 23.43, 18.51, 16.85, 0, 0, 4.39
2019/05/05 04:49:00, 24.25, 23.61, 23.42, 18.61, 16.85, 0, 0, 4.39
2019/05/05 04:50:00, 24.25, 23.60, 23.41, 18.61, 16.85, 0, 0, 4.39
2019/05/05 04:51:00, 24.25, 23.60, 23.38, 18.59, 16.85, 0, 0, 4.39
2019/05/05 04:52:00, 24.25, 23.61, 23.41, 18.59, 16.85, 0, 0, 4.39
2019/05/05 04:53:00, 24.25, 23.61, 23.42, 18.56, 16.85, 0, 0, 4.39
2019/05/05 04:54:00, 24.25, 23.60, 23.42, 18.50, 16.80, 0, 0, 4.39
2019/05/05 04:55:00, 24.25, 23.63, 23.42, 18.59, 16.82, 0, 0, 4.39
2019/05/05 04:56:00, 24.25, 23.63, 23.42, 18.56, 16.83, 0, 0, 4.39
2019/05/05 04:57:00, 24.25, 23.60, 23.38, 18.50, 16.79, 0, 0, 4.39
2019/05/05 04:58:00, 24.25, 23.59, 23.38, 18.55, 16.81, 0, 0, 4.39
2019/05/05 04:59:00, 24.25, 23.59, 23.39, 18.55, 16.81, 0, 0, 4.39
2019/05/05 05:00:00, 24.25, 23.59, 23.39, 18.56, 16.84, 0, 0, 4.39
2019/05/05 05:01:00, 24.25, 23.57, 23.38, 18.54, 16.81, 0, 0, 4.39
2019/05/05 05:02:00, 24.25, 23.57, 23.37, 18.59, 16.81, 0, 0, 4.39
2019/05/05 05:03:00, 24.25, 23.57, 23.37, 18.52, 16.78, 0, 0, 4.39
2019/05/05 05:04:00, 24.25, 23.57, 23.37, 18.49, 16.82, 0, 0, 4.39
2019/05/05 05:05:00, 24.25, 23.54, 23.35, 18.55, 16.79, 0, 0, 4.39
2019/05/05 05:06:00, 24.25, 23.54, 23.34, 18.59, 16.82, 0, 0, 4.39
2019/05/05 05:07:00, 24.25, 23.54, 23.33, 18.51, 16.81, 0, 0, 4.39
2019/05/05 05:08:00, 24.25, 23.56, 23.35, 18.52, 16.78, 0, 0, 4.39
2019/05/05 05:09:00, 24.25, 23.50, 23.35, 18.59, 16.81, 0, 0, 4.39
2019/05/05 05:10:00, 24.25, 23.56, 23.36, 18.52, 16.83, 0, 0, 4.39
2019/05/05 05:11:00, 24.25, 23.59, 23.36, 18.55, 16.81, 0, 0, 4.39
2019/05/05 05:12:00, 24.25, 23.56, 23.34, 18.48, 16.77, 0, 0, 4.39
2019/05/05 05:13:00, 24.25, 23.57, 23.36, 18.53, 16.78, 0, 0, 4.39
2019/05/05 05:14:00, 24.25, 23.59, 23.38, 18.53, 16.77, 0, 0, 4.39
2019/05/05 05:15:00, 24.25, 23.56, 23.39, 18.39, 16.74, 0, 0, 4.39
2019/05/05 05:16:00, 24.25, 23.59, 23.37, 18.48, 16.75, 0, 0, 4.39
2019/05/05 05:17:00, 24.25, 23.61, 23.39, 18.46, 16.75, 0, 0, 4.39
2019/05/05 05:18:00, 24.25, 23.60, 23.41, 18.41, 16.67, 0, 0, 4.39
2019/05/05 05:19:00, 24.25, 23.59, 23.37, 18.46, 16.68, 0, 0, 4.39
2019/05/05 05:20:00, 24.25, 23.57, 23.37, 18.44, 16.72, 0, 0, 4.39
2019/05/05 05:21:00, 24.25, 23.59, 23.38, 18.43, 16.70, 0, 0, 4.39
2019/05/05 05:22:00, 24.25, 23.59, 23.38, 18.36, 16.69, 0, 0, 4.39
2019/05/05 05:23:00, 24.25, 23.57, 23.39, 18.33, 16.65, 0, 0, 4.39
2019/05/05 05:24:00, 24.25, 23.57, 23.37, 18.43, 16.68, 0, 0, 4.39
2019/05/05 05:25:00, 24.25, 23.57, 23.41, 18.39, 16.72, 0, 0, 4.39
2019/05/05 05:26:00, 24.25, 23.60, 23.39, 18.38, 16.69, 0, 0, 4.39
2019/05/05 05:27:00, 24.25, 23.61, 23.41, 18.41, 16.67, 0, 0, 4.39
2019/05/05 05:28:00, 24.25, 23.60, 23.42, 18.32, 16.68, 0, 0, 4.39
2019/05/05 05:29:00, 24.25, 23.57, 23.38, 18.35, 16.64, 0, 0, 4.39
2019/05/05 05:30:00, 24.25, 23.57, 23.39, 18.36, 16.61, 0, 0, 4.39
2019/05/05 05:31:00, 24.25, 23.57, 23.39, 18.41, 16.65, 0, 0, 4.39
2019/05/05 05:32:00, 24.25, 23.61, 23.37, 18.43, 16.71, 0, 0, 4.39
2019/05/05 05:33:00, 24.25, 23.60, 23.39, 18.32, 16.65, 0, 0, 4.39
2019/05/05 05:34:00, 24.25, 23.60, 23.42, 18.37, 16.61, 0, 0, 4.39
2019/05/05 05:35:00, 24.25, 23.60, 23.42, 18.28, 16.61, 0, 0, 4.39
2019/05/05 05:36:00, 24.25, 23.63, 23.43, 18.38, 16.62, 0, 0, 4.39
2019/05/05 05:37:00, 24.25, 23.61, 23.43, 18.30, 16.58, 0, 0, 4.39
2019/05/05 05:38:00, 24.25, 23.60, 23.42, 18.28, 16.56, 0, 0, 4.39
2019/05/05 05:39:00, 24.25, 23.63, 23.43, 18.28, 16.57, 0, 0, 4.39
2019/05/05 05:40:00, 24.25, 23.64, 23.42, 18.22, 16.54, 0, 0, 4.39
2019/05/05 05:41:00, 24.25, 23.65, 23.44, 18.22, 16.54, 0, 0, 4.39
2019/05/05 05:42:00, 24.25, 23.63, 23.41, 18.32, 16.53, 0, 0, 4.39
2019/05/05 05:43:00, 24.25, 23.60, 23.41, 18.32, 16.55, 0, 0, 4.39
2019/05/05 05:44:00, 24.25, 23.60, 23.41, 18.20, 16.50, 0, 0, 4.39
2019/05/05 05:45:00, 24.25, 23.59, 23.39, 18.30, 16.56, 0, 0, 4.39
2019/05/05 05:46:00, 24.25, 23.60, 23.41, 18.27, 16.54, 0, 0, 4.39
2019/05/05 05:47:00, 24.25, 23.59, 23.41, 18.27, 16.54, 0, 0, 4.39
2019/05/05 05:48:00, 24.25, 23.59, 23.41, 18.26, 16.54, 0, 0, 4.39
2019/05/05 05:49:00, 24.25, 23.59, 23.38, 18.30, 16.56, 0, 0, 4.39
2019/05/05 05:50:00, 24.25, 23.61, 23.39, 18.28, 16.53, 0, 0, 4.39
2019/05/05 05:51:00, 24.25, 23.61, 23.39, 18.28, 16.52, 0, 0, 4.39
2019/05/05 05:52:00, 24.25, 23.60, 23.41, 18.30, 16.54, 0, 0, 4.39
2019/05/05 05:53:00, 24.25, 23.59, 23.41, 18.18, 16.48, 0, 0, 4.39
2019/05/05 05:54:00, 24.25, 23.60, 23.39, 18.24, 16.54, 0, 0, 4.39
2019/05/05 05:55:00, 24.25, 23.61, 23.38, 18.25, 16.50, 0, 0, 4.39
2019/05/05 05:56:00, 24.25, 23.61, 23.41, 18.27, 16.52, 0, 0, 4.39
2019/05/05 05:57:00, 24.25, 23.60, 23.38, 18.17, 16.48, 0, 0, 4.39
2019/05/05 05:58:00, 24.25, 23.59, 23.39, 18.19, 16.48, 0, 0, 4.39
2019/05/05 05:59:00, 24.25, 23.59, 23.39, 18.26, 16.49, 0, 0, 4.39
2019/05/05 06:00:00, 24.25, 23.59, 23.39, 18.27, 16.49, 0, 0, 4.39
2019/05/05 06:01:00, 24.25, 23.61, 23.41, 18.24, 16.50, 0, 0, 4.39
2019/05/05 06:02:00, 24.25, 23.60, 23.42, 18.22, 16.49, 0, 0, 4.39
2019/05/05 06:03:00, 24.25, 23.59, 23.43, 18.20, 16.46, 0, 0, 4.39
2019/05/05 06:04:00, 24.25, 23.61, 23.43, 18.20, 16.48, 0, 0, 4.39
2019/05/05 06:05:00, 24.25, 23.64, 23.43, 18.19, 16.46, 0, 0, 4.39
2019/05/05 06:06:00, 24.25, 23.61, 23.43, 18.17, 16.43, 0, 0, 4.39
2019/05/05 06:07:00, 24.25, 23.61, 23.42, 18.20, 16.47, 0, 0, 4.39
2019/05/05 06:08:00, 24.25, 23.60, 23.43, 18.19, 16.44, 0, 0, 4.39
2019/05/05 06:09:00, 24.25, 23.61, 23.41, 18.09, 16.42, 0, 0, 4.39
2019/05/05 06:10:00, 24.25, 23.60, 23.39, 18.17, 16.41, 0, 0, 4.39
2019/05/05 06:11:00, 24.25, 23.60, 23.42, 18.20, 16.46, 0, 0, 4.39
2019/05/05 06:12:00, 24.25, 23.60, 23.41, 18.14, 16.42, 0, 0, 4.39
2019/05/05 06:13:00, 24.25, 23.57, 23.39, 18.20, 16.43, 0, 0, 4.39
2019/05/05 06:14:00, 24.25, 23.63, 23.41, 18.19, 16.46, 0, 0, 4.39
2019/05/05 06:15:00, 24.25, 23.60, 23.41, 18.14, 16.43, 0, 0, 4.39
2019/05/05 06:16:00, 24.25, 23.59, 23.39, 18.17, 16.43, 0, 0, 4.39
2019/05/05 06:17:00, 24.25, 23.59, 23.39, 18.23, 16.43, 0, 0, 4.39
2019/05/05 06:18:00, 24.25, 23.60, 23.41, 18.14, 16.43, 0, 0, 4.39
2019/05/05 06:19:00, 24.25, 23.61, 23.39, 18.14, 16.44, 0, 0, 4.39
2019/05/05 06:20:00, 24.25, 23.61, 23.41, 18.14, 16.41, 0, 0, 4.39
2019/05/05 06:21:00, 24.25, 23.60, 23.42, 18.19, 16.42, 0, 0, 4.39
2019/05/05 06:22:00, 24.25, 23.60, 23.44, 18.14, 16.43, 0, 0, 4.39
2019/05/05 06:23:00, 24.25, 23.63, 23.44, 18.11, 16.41, 0, 0, 4.39
2019/05/05 06:24:00, 24.25, 23.64, 23.43, 18.19, 16.39, 0, 0, 4.39
2019/05/05 06:25:00, 24.25, 23.63, 23.42, 18.15, 16.37, 0, 0, 4.39
2019/05/05 06:26:00, 24.25, 23.63, 23.45, 18.19, 16.41, 0, 0, 4.39
2019/05/05 06:27:00, 24.25, 23.64, 23.44, 18.12, 16.40, 0, 0, 4.39
2019/05/05 06:28:00, 24.25, 23.63, 23.45, 18.14, 16.39, 0, 0, 4.39
2019/05/05 06:29:00, 24.25, 23.64, 23.45, 18.14, 16.37, 0, 0, 4.39
2019/05/05 06:30:00, 24.25, 23.63, 23.44, 18.12, 16.39, 0, 0, 4.39
2019/05/05 06:31:00, 24.25, 23.63, 23.43, 18.12, 16.39, 0, 0, 4.39
2019/05/05 06:32:00, 24.25, 23.61, 23.44, 18.07, 16.38, 0, 0, 4.39
2019/05/05 06:33:00, 24.25, 23.61, 23.44, 18.11, 16.39, 0, 0, 4.39
2019/05/05 06:34:00, 24.25, 23.64, 23.45, 18.14, 16.40, 0, 0, 4.39
2019/05/05 06:35:00, 24.25, 23.64, 23.45, 18.12, 16.41, 0, 0, 4.39
2019/05/05 06:36:00, 24.25, 23.67, 23.49, 18.13, 16.41, 0, 0, 4.39
2019/05/05 06:37:00, 24.25, 23.68, 23.47, 18.00, 16.36, 0, 0, 4.38
2019/05/05 06:38:00, 24.25, 23.67, 23.47, 18.11, 16.36, 0, 0, 4.39
2019/05/05 06:39:00, 24.25, 23.64, 23.47, 18.11, 16.35, 0, 0, 4.39
2019/05/05 06:40:00, 24.25, 23.65, 23.46, 18.16, 16.39, 0, 0, 4.39
2019/05/05 06:41:00, 24.25, 23.71, 23.49, 18.11, 16.38, 0, 0, 4.39
2019/05/05 06:42:00, 24.25, 23.68, 23.49, 18.06, 16.39, 0, 0, 4.39
2019/05/05 06:43:00, 24.25, 23.70, 23.50, 18.08, 16.37, 0, 0, 4.39
2019/05/05 06:44:00, 24.25, 23.70, 23.50, 18.01, 16.32, 0, 0, 4.39
2019/05/05 06:45:00, 24.25, 23.68, 23.50, 18.09, 16.36, 0, 0, 4.39
2019/05/05 06:46:00, 24.25, 23.70, 23.49, 18.04, 16.34, 0, 0, 4.39
2019/05/05 06:47:00, 24.25, 23.70, 23.51, 18.06, 16.35, 0, 0, 4.39
2019/05/05 06:48:00, 24.25, 23.70, 23.51, 18.06, 16.36, 0, 0, 4.39
2019/05/05 06:49:00, 24.25, 23.74, 23.52, 18.10, 16.36, 0, 0, 4.39
2019/05/05 06:50:00, 24.25, 23.71, 23.57, 18.11, 16.35, 0, 0, 4.39
2019/05/05 06:51:00, 24.25, 23.74, 23.54, 18.03, 16.33, 0, 0, 4.39
2019/05/05 06:52:00, 24.25, 23.74, 23.58, 18.06, 16.33, 0, 0, 4.39
2019/05/05 06:53:00, 24.25, 23.76, 23.57, 18.03, 16.30, 0, 0, 4.39
2019/05/05 06:54:00, 24.25, 23.74, 23.54, 18.06, 16.32, 0, 0, 4.39
2019/05/05 06:55:00, 24.25, 23.73, 23.54, 18.00, 16.31, 0, 0, 4.39
2019/05/05 06:56:00, 24.25, 23.73, 23.57, 18.08, 16.34, 0, 0, 4.39
2019/05/05 06:57:00, 24.25, 23.76, 23.57, 18.08, 16.36, 0, 0, 4.38
2019/05/05 06:58:00, 24.25, 23.76, 23.56, 18.03, 16.33, 0, 0, 4.39
2019/05/05 06:59:00, 24.25, 23.74, 23.52, 18.11, 16.36, 0, 0, 4.39
2019/05/05 07:00:00, 24.25, 23.74, 23.56, 18.08, 16.37, 0, 0, 4.39
2019/05/05 07:01:00, 24.25, 23.74, 23.58, 18.08, 16.35, 0, 0, 4.39
2019/05/05 07:02:00, 24.25, 23.76, 23.58, 18.05, 16.33, 0, 0, 4.38
2019/05/05 07:03:00, 24.25, 23.76, 23.56, 18.10, 16.32, 0, 0, 4.39
2019/05/05 07:04:00, 24.25, 23.77, 23.56, 18.07, 16.34, 0, 0, 4.39
2019/05/05 07:05:00, 24.25, 23.77, 23.57, 18.06, 16.34, 0, 0, 4.38
2019/05/05 07:06:00, 24.25, 23.74, 23.57, 18.05, 16.36, 0, 0, 4.39
2019/05/05 07:07:00, 24.25, 23.76, 23.57, 18.08, 16.33, 0, 0, 4.39
2019/05/05 07:08:00, 24.25, 23.70, 23.53, 18.08, 16.33, 0, 0, 4.39
2019/05/05 07:09:00, 24.25, 23.73, 23.52, 18.11, 16.36, 0, 0, 4.39
2019/05/05 07:10:00, 24.25, 23.74, 23.57, 18.13, 16.39, 0, 0, 4.39
2019/05/05 07:11:00, 24.25, 23.74, 23.54, 18.10, 16.38, 0, 0, 4.38
2019/05/05 07:12:00, 24.25, 23.76, 23.57, 18.10, 16.38, 0, 0, 4.39
2019/05/05 07:13:00, 24.25, 23.74, 23.53, 18.10, 16.36, 0, 0, 4.39
2019/05/05 07:14:00, 24.25, 23.74, 23.57, 18.10, 16.37, 0, 0, 4.39
2019/05/05 07:15:00, 24.25, 23.76, 23.54, 18.03, 16.36, 0, 0, 4.39
2019/05/05 07:16:00, 24.25, 23.73, 23.56, 18.03, 16.33, 0, 0, 4.38
2019/05/05 07:17:00, 24.25, 23.74, 23.54, 18.11, 16.36, 0, 0, 4.39
2019/05/05 07:18:00, 24.25, 23.74, 23.50, 18.05, 16.37, 0, 0, 4.39
2019/05/05 07:19:00, 24.25, 23.74, 23.51, 18.05, 16.39, 0, 0, 4.39
2019/05/05 07:20:00, 24.25, 23.73, 23.52, 18.15, 16.37, 0, 0, 4.39
2019/05/05 07:21:00, 24.25, 23.71, 23.53, 18.01, 16.37, 0, 0, 4.39
2019/05/05 07:22:00, 24.25, 23.71, 23.56, 18.15, 16.34, 0, 0, 4.38
2019/05/05 07:23:00, 24.25, 23.74, 23.53, 18.08, 16.39, 0, 0, 4.39
2019/05/05 07:24:00, 24.25, 23.73, 23.54, 18.05, 16.35, 0, 0, 4.38
2019/05/05 07:25:00, 24.25, 23.73, 23.53, 18.15, 16.37, 0, 0, 4.39
2019/05/05 07:26:00, 24.25, 23.73, 23.53, 18.08, 16.38, 0, 0, 4.39
2019/05/05 07:27:00, 24.25, 23.74, 23.51, 18.08, 16.36, 0, 0, 4.39
2019/05/05 07:28:00, 24.25, 23.73, 23.54, 18.13, 16.38, 0, 0, 4.38
2019/05/05 07:29:00, 24.25, 23.73, 23.52, 18.03, 16.36, 0, 0, 4.39
2019/05/05 07:30:00, 24.25, 23.73, 23.52, 18.03, 16.34, 0, 0, 4.38
2019/05/05 07:31:00, 24.25, 23.71, 23.51, 18.08, 16.35, 0, 0, 4.38
2019/05/05 07:32:00, 24.25, 23.71, 23.51, 18.11, 16.37, 0, 0, 4.39
2019/05/05 07:33:00, 24.25, 23.71, 23.51, 18.13, 16.41, 0, 0, 4.38
2019/05/05 07:34:00, 24.25, 23.68, 23.51, 18.03, 16.36, 0, 0, 4.38
2019/05/05 07:35:00, 24.25, 23.68, 23.50, 18.13, 16.38, 0, 0, 4.39
2019/05/05 07:36:00, 24.25, 23.71, 23.52, 18.09, 16.40, 0, 0, 4.38
2019/05/05 07:37:00, 24.25, 23.70, 23.48, 18.08, 16.37, 0, 0, 4.38
2019/05/05 07:38:00, 24.25, 23.68, 23.49, 18.17, 16.41, 0, 0, 4.39
2019/05/05 07:39:00, 24.25, 23.71, 23.47, 18.09, 16.39, 0, 0, 4.38
2019/05/05 07:40:00, 24.25, 23.68, 23.49, 18.17, 16.39, 0, 0, 4.38
2019/05/05 07:41:00, 24.25, 23.70, 23.51, 18.19, 16.43, 0, 0, 4.39
2019/05/05 07:42:00, 24.25, 23.70, 23.49, 18.16, 16.39, 0, 0, 4.39
2019/05/05 07:43:00, 24.25, 23.68, 23.50, 18.11, 16.41, 0, 0, 4.38
2019/05/05 07:44:00, 24.25, 23.73, 23.51, 18.11, 16.40, 0, 0, 4.39
2019/05/05 07:45:00, 24.25, 23.74, 23.51, 18.13, 16.40, 0, 0, 4.39
2019/05/05 07:46:00, 24.25, 23.73, 23.56, 18.15, 16.37, 0, 0, 4.38
2019/05/05 07:47:00, 24.25, 23.76, 23.58, 18.08, 16.38, 0, 0, 4.38
2019/05/05 07:48:00, 24.25, 23.76, 23.57, 18.11, 16.36, 0, 0, 4.38
2019/05/05 07:49:00, 24.25, 23.79, 23.62, 17.99, 16.33, 0, 0, 4.38
2019/05/05 07:50:00, 24.25, 23.81, 23.62, 18.03, 16.32, 0, 0, 4.38
2019/05/05 07:51:00, 24.25, 23.85, 23.64, 18.10, 16.32, 0, 0, 4.38
2019/05/05 07:52:00, 24.25, 23.88, 23.71, 17.99, 16.30, 0, 0, 4.38
2019/05/05 07:53:00, 24.25, 23.91, 23.74, 17.94, 16.25, 0, 0, 4.38
2019/05/05 07:54:00, 24.25, 23.92, 23.77, 17.91, 16.23, 0, 0, 4.38
2019/05/05 07:55:00, 24.25, 23.94, 23.76, 17.85, 16.16, 0, 0, 4.38
2019/05/05 07:56:00, 24.25, 23.97, 23.78, 17.92, 16.17, 0, 0, 4.39
2019/05/05 07:57:00, 24.25, 23.99, 23.81, 17.79, 16.17, 0, 0, 4.38
2019/05/05 07:58:00, 24.25, 23.99, 23.82, 17.88, 16.14, 0, 0, 4.38
2019/05/05 07:59:00, 24.25, 24.02, 23.86, 17.82, 16.14, 0, 0, 4.38
2019/05/05 08:00:00, 24.25, 24.01, 23.83, 17.81, 16.10, 0, 0, 4.38
2019/05/05 08:01:00, 24.25, 24.04, 23.86, 17.84, 16.14, 0, 0, 4.38
2019/05/05 08:02:00, 24.25, 24.07, 23.90, 17.81, 16.12, 0, 0, 4.38
2019/05/05 08:03:00, 24.25, 24.08, 23.91, 17.79, 16.10, 0, 0, 4.38
2019/05/05 08:04:00, 24.25, 24.08, 23.89, 17.76, 16.07, 0, 0, 4.38
2019/05/05 08:05:00, 24.50, 24.12, 23.91, 17.76, 16.09, 0, 0, 4.39
2019/05/05 08:06:00, 24.50, 24.14, 23.98, 17.78, 16.08, 0, 0, 4.38
2019/05/05 08:07:00, 24.50, 24.16, 23.97, 17.76, 16.06, 0, 0, 4.38
2019/05/05 08:08:00, 24.50, 24.18, 24.00, 17.70, 16.04, 0, 0, 4.38
2019/05/05 08:09:00, 24.50, 24.16, 24.01, 17.70, 16.01, 0, 0, 4.38
2019/05/05 08:10:00, 24.50, 24.22, 24.04, 17.67, 16.00, 0, 0, 4.38
2019/05/05 08:11:00, 24.50, 24.23, 24.05, 17.67, 16.00, 0, 0, 4.38
2019/05/05 08:12:00, 24.50, 24.25, 24.07, 17.62, 15.98, 0, 0, 4.39
2019/05/05 08:13:00, 24.50, 24.27, 24.09, 17.62, 15.94, 0, 0, 4.38
2019/05/05 08:14:00, 24.50, 24.26, 24.10, 17.62, 15.94, 0, 0, 4.38
2019/05/05 08:15:00, 24.50, 24.31, 24.11, 17.65, 15.94, 0, 0, 4.39
2019/05/05 08:16:00, 24.50, 24.32, 24.15, 17.59, 15.91, 0, 0, 4.38
2019/05/05 08:17:00, 24.50, 24.35, 24.18, 17.60, 15.90, 0, 0, 4.38
2019/05/05 08:18:00, 24.50, 24.36, 24.19, 17.58, 15.88, 0, 0, 4.38
2019/05/05 08:19:00, 24.50, 24.39, 24.22, 17.57, 15.88, 0, 0, 4.38
2019/05/05 08:20:00, 24.50, 24.38, 24.21, 17.52, 15.83, 0, 0, 4.38
2019/05/05 08:21:00, 24.50, 24.42, 24.24, 17.58, 15.87, 0, 0, 4.38
2019/05/05 08:22:00, 24.50, 24.40, 24.24, 17.62, 15.88, 0, 0, 4.38
2019/05/05 08:23:00, 24.50, 24.44, 24.27, 17.54, 15.87, 0, 0, 4.38
2019/05/05 08:24:00, 24.50, 24.44, 24.30, 17.52, 15.85, 0, 0, 4.38
2019/05/05 08:25:00, 24.50, 24.44, 24.30, 17.51, 15.81, 0, 0, 4.38
2019/05/05 08:26:00, 24.50, 24.50, 24.32, 17.47, 15.82, 0, 0, 4.38
2019/05/05 08:27:00, 24.50, 24.47, 24.32, 17.51, 15.81, 0, 0, 4.38
2019/05/05 08:28:00, 24.50, 24.52, 24.35, 17.51, 15.82, 0, 0, 4.38
2019/05/05 08:29:00, 24.50, 24.54, 24.38, 17.49, 15.79, 0, 0, 4.38
2019/05/05 08:30:00, 24.50, 24.52, 24.37, 17.46, 15.79, 0, 0, 4.38
2019/05/05 08:31:00, 24.50, 24.56, 24.37, 17.45, 15.78, 0, 0, 4.38
2019/05/05 08:32:00, 24.50, 24.56, 24.39, 17.46, 15.75, 0, 0, 4.38
2019/05/05 08:33:00, 24.50, 24.56, 24.40, 17.41, 15.78, 0, 0, 4.38
2019/05/05 08:34:00, 24.50, 24.57, 24.40, 17.50, 15.78, 0, 0, 4.38
2019/05/05 08:35:00, 24.75, 24.57, 24.40, 17.51, 15.76, 0, 0, 4.38
2019/05/05 08:36:00, 24.75, 24.59, 24.39, 17.47, 15.78, 0, 0, 4.38
2019/05/05 08:37:00, 24.75, 24.60, 24.43, 17.50, 15.77, 0, 0, 4.38
2019/05/05 08:38:00, 24.75, 24.63, 24.46, 17.50, 15.78, 0, 0, 4.38
2019/05/05 08:39:00, 24.75, 24.63, 24.47, 17.45, 15.80, 0, 0, 4.38
2019/05/05 08:40:00, 24.75, 24.63, 24.50, 17.42, 15.76, 0, 0, 4.38
2019/05/05 08:41:00, 24.75, 24.66, 24.50, 17.45, 15.77, 0, 0, 4.38
2019/05/05 08:42:00, 24.75, 24.64, 24.51, 17.44, 15.75, 0, 0, 4.38
2019/05/05 08:43:00, 24.75, 24.67, 24.49, 17.44, 15.72, 0, 0, 4.38
2019/05/05 08:44:00, 24.75, 24.69, 24.53, 17.44, 15.77, 0, 0, 4.38
2019/05/05 08:45:00, 24.75, 24.69, 24.52, 17.44, 15.75, 0, 0, 4.38
2019/05/05 08:46:00, 24.75, 24.70, 24.53, 17.47, 15.75, 0, 0, 4.38
2019/05/05 08:47:00, 24.75, 24.73, 24.55, 17.37, 15.75, 0, 0, 4.38
2019/05/05 08:48:00, 24.75, 24.73, 24.58, 17.39, 15.74, 0, 0, 4.38
2019/05/05 08:49:00, 24.75, 24.75, 24.58, 17.43, 15.75, 0, 0, 4.38
2019/05/05 08:50:00, 24.75, 24.77, 24.60, 17.44, 15.74, 0, 0, 4.38
2019/05/05 08:51:00, 24.75, 24.77, 24.61, 17.39, 15.75, 0, 0, 4.38
2019/05/05 08:52:00, 24.75, 24.77, 24.61, 17.36, 15.73, 0, 0, 4.38
2019/05/05 08:53:00, 24.75, 24.77, 24.60, 17.41, 15.73, 0, 0, 4.38
2019/05/05 08:54:00, 24.75, 24.80, 24.62, 17.43, 15.76, 0, 0, 4.38
2019/05/05 08:55:00, 24.75, 24.78, 24.63, 17.41, 15.76, 0, 0, 4.38
2019/05/05 08:56:00, 24.75, 24.78, 24.64, 17.46, 15.75, 0, 0, 4.38
2019/05/05 08:57:00, 24.75, 24.81, 24.63, 17.41, 15.76, 0, 0, 4.38
2019/05/05 08:58:00, 24.75, 24.80, 24.63, 17.45, 15.74, 0, 0, 4.38
2019/05/05 08:59:00, 24.75, 24.81, 24.64, 17.43, 15.77, 0, 0, 4.38
2019/05/05 09:00:00, 24.75, 24.81, 24.64, 17.45, 15.75, 0, 0, 4.38
2019/05/05 09:01:00, 24.75, 24.81, 24.66, 17.46, 15.76, 0, 0, 4.38
2019/05/05 09:02:00, 24.75, 24.85, 24.68, 17.50, 15.82, 0, 0, 4.38
2019/05/05 09:03:00, 24.75, 24.84, 24.67, 17.50, 15.78, 0, 0, 4.38
2019/05/05 09:04:00, 24.75, 24.84, 24.69, 17.51, 15.79, 0, 0, 4.38
2019/05/05 09:05:00, 24.75, 24.84, 24.68, 17.48, 15.78, 0, 0, 4.38
2019/05/05 09:06:00, 25.00, 24.84, 24.67, 17.48, 15.79, 0, 0, 4.38
2019/05/05 09:07:00, 25.00, 24.87, 24.68, 17.46, 15.79, 0, 0, 4.38
2019/05/05 09:08:00, 25.00, 24.82, 24.68, 17.48, 15.78, 0, 0, 4.38
2019/05/05 09:09:00, 25.00, 24.85, 24.69, 17.56, 15.83, 0, 0, 4.38
2019/05/05 09:10:00, 25.00, 24.85, 24.69, 17.58, 15.84, 0, 0, 4.38
2019/05/05 09:11:00, 25.00, 24.84, 24.69, 17.51, 15.84, 0, 0, 4.38
2019/05/05 09:12:00, 25.00, 24.87, 24.69, 17.53, 15.88, 0, 0, 4.38
2019/05/05 09:13:00, 25.00, 24.88, 24.70, 17.56, 15.87, 0, 0, 4.38
2019/05/05 09:14:00, 25.00, 24.87, 24.69, 17.51, 15.87, 0, 0, 4.38
2019/05/05 09:15:00, 25.00, 24.88, 24.70, 17.58, 15.88, 0, 0, 4.38
2019/05/05 09:16:00, 25.00, 24.87, 24.71, 17.56, 15.88, 0, 0, 4.38
2019/05/05 09:17:00, 25.00, 24.89, 24.70, 17.63, 15.89, 0, 0, 4.38
2019/05/05 09:18:00, 25.00, 24.91, 24.75, 17.57, 15.88, 0, 0, 4.38
2019/05/05 09:19:00, 25.00, 24.88, 24.76, 17.58, 15.86, 0, 0, 4.38
2019/05/05 09:20:00, 25.00, 24.89, 24.75, 17.63, 15.89, 0, 0, 4.38
2019/05/05 09:21:00, 25.00, 24.89, 24.75, 17.55, 15.88, 0, 0, 4.38
2019/05/05 09:22:00, 25.00, 24.93, 24.75, 17.58, 15.90, 0, 0, 4.38
2019/05/05 09:23:00, 25.00, 24.89, 24.74, 17.62, 15.90, 0, 0, 4.38
2019/05/05 09:24:00, 25.00, 24.91, 24.74, 17.58, 15.92, 0, 0, 4.38
2019/05/05 09:25:00, 25.00, 24.91, 24.74, 17.57, 15.90, 0, 0, 4.38
2019/05/05 09:26:00, 25.00, 24.91, 24.75, 17.61, 15.94, 0, 0, 4.38
2019/05/05 09:27:00, 25.00, 24.91, 24.76, 17.60, 15.94, 0, 0, 4.38
2019/05/05 09:28:00, 25.00, 24.95, 24.77, 17.65, 15.93, 0, 0, 4.38
2019/05/05 09:29:00, 25.00, 24.94, 24.78, 17.66, 15.94, 0, 0, 4.38
2019/05/05 09:30:00, 25.00, 24.93, 24.77, 17.63, 15.96, 0, 0, 4.38
2019/05/05 09:31:00, 25.00, 24.94, 24.78, 17.62, 15.97, 0, 0, 4.38
2019/05/05 09:32:00, 25.00, 24.95, 24.79, 17.66, 15.97, 0, 0, 4.38
2019/05/05 09:33:00, 25.00, 24.97, 24.77, 17.63, 15.97, 0, 0, 4.38
2019/05/05 09:34:00, 25.00, 24.94, 24.80, 17.68, 15.98, 0, 0, 4.38
2019/05/05 09:35:00, 25.00, 24.95, 24.79, 17.65, 15.95, 0, 0, 4.38
2019/05/05 09:36:00, 25.00, 24.95, 24.80, 17.66, 16.00, 0, 0, 4.38
2019/05/05 09:37:00, 25.00, 24.95, 24.79, 17.68, 15.99, 0, 0, 4.38
2019/05/05 09:38:00, 25.00, 24.97, 24.79, 17.71, 16.02, 0, 0, 4.38
2019/05/05 09:39:00, 25.00, 24.97, 24.79, 17.66, 16.01, 0, 0, 4.38
2019/05/05 09:40:00, 25.00, 24.94, 24.79, 17.70, 16.02, 0, 0, 4.38
2019/05/05 09:41:00, 25.00, 25.00, 24.79, 17.68, 16.03, 0, 0, 4.38
2019/05/05 09:42:00, 25.00, 24.97, 24.80, 17.73, 16.04, 0, 0, 4.38
2019/05/05 09:43:00, 25.00, 24.97, 24.79, 17.72, 16.04, 0, 0, 4.38
2019/05/05 09:44:00, 25.00, 24.97, 24.80, 17.75, 16.04, 0, 0, 4.38
2019/05/05 09:45:00, 25.00, 24.97, 24.79, 17.78, 16.06, 0, 0, 4.38
2019/05/05 09:46:00, 25.00, 24.97, 24.80, 17.76, 16.07, 0, 0, 4.38
2019/05/05 09:47:00, 25.00, 24.97, 24.79, 17.81, 16.06, 0, 0, 4.38
2019/05/05 09:48:00, 25.00, 25.00, 24.82, 17.81, 16.13, 0, 0, 4.38
2019/05/05 09:49:00, 25.00, 24.94, 24.79, 17.73, 16.06, 0, 0, 4.38
2019/05/05 09:50:00, 25.00, 25.00, 24.82, 17.78, 16.08, 0, 0, 4.38
2019/05/05 09:51:00, 25.00, 25.00, 24.79, 17.80, 16.12, 0, 0, 4.38
2019/05/05 09:52:00, 25.00, 24.98, 24.82, 17.80, 16.14, 0, 0, 4.38
2019/05/05 09:53:00, 25.00, 25.01, 24.83, 17.83, 16.11, 0, 0, 4.38
2019/05/05 09:54:00, 25.25, 25.02, 24.83, 17.86, 16.13, 0, 0, 4.38
2019/05/05 09:55:00, 25.25, 25.01, 24.84, 17.80, 16.14, 0, 0, 4.38
2019/05/05 09:56:00, 25.25, 25.02, 24.86, 17.77, 16.11, 0, 0, 4.38
2019/05/05 09:57:00, 25.25, 25.02, 24.84, 17.76, 16.09, 0, 0, 4.38
2019/05/05 09:58:00, 25.25, 25.02, 24.82, 17.80, 16.13, 0, 0, 4.38
2019/05/05 09:59:00, 25.25, 24.98, 24.83, 17.81, 16.10, 0, 0, 4.38
2019/05/05 10:00:00, 25.25, 25.01, 24.83, 17.81, 16.16, 0, 0, 4.38
2019/05/05 10:01:00, 25.25, 25.02, 24.83, 17.75, 16.14, 0, 0, 4.38
2019/05/05 10:02:00, 25.25, 25.00, 24.84, 17.83, 16.12, 0, 0, 4.38
2019/05/05 10:03:00, 25.25, 25.04, 24.83, 17.78, 16.12, 0, 0, 4.38
2019/05/05 10:04:00, 25.25, 25.01, 24.84, 17.80, 16.14, 0, 0, 4.38
2019/05/05 10:05:00, 25.25, 25.01, 24.83, 17.77, 16.10, 0, 0, 4.38
2019/05/05 10:06:00, 25.25, 24.98, 24.82, 17.86, 16.14, 0, 0, 4.38
2019/05/05 10:07:00, 25.25, 25.01, 24.82, 17.86, 16.16, 0, 0, 4.38
2019/05/05 10:08:00, 25.25, 24.98, 24.83, 17.85, 16.17, 0, 0, 4.38
2019/05/05 10:09:00, 25.25, 25.02, 24.83, 17.83, 16.16, 0, 0, 4.38
2019/05/05 10:10:00, 25.25, 25.02, 24.85, 17.88, 16.17, 0, 0, 4.38
2019/05/05 10:11:00, 25.25, 24.98, 24.82, 17.80, 16.14, 0, 0, 4.38
2019/05/05 10:12:00, 25.25, 25.01, 24.83, 17.86, 16.18, 0, 0, 4.38
2019/05/05 10:13:00, 25.25, 25.00, 24.82, 17.87, 16.17, 0, 0, 4.38
2019/05/05 10:14:00, 25.25, 25.04, 24.84, 17.87, 16.17, 0, 0, 4.38
2019/05/05 10:15:00, 25.25, 25.02, 24.84, 17.83, 16.17, 0, 0, 4.38
2019/05/05 10:16:00, 25.25, 25.02, 24.83, 17.91, 16.17, 0, 0, 4.38
2019/05/05 10:17:00, 25.25, 25.01, 24.84, 17.90, 16.18, 0, 0, 4.38
2019/05/05 10:18:00, 25.25, 25.04, 24.84, 17.83, 16.17, 0, 0, 4.38
2019/05/05 10:19:00, 25.25, 25.04, 24.83, 17.87, 16.15, 0, 0, 4.38
2019/05/05 10:20:00, 25.25, 25.04, 24.86, 17.90, 16.22, 0, 0, 4.38
2019/05/05 10:21:00, 25.25, 25.01, 24.86, 17.83, 16.17, 0, 0, 4.38
2019/05/05 10:22:00, 25.25, 25.02, 24.84, 17.85, 16.17, 0, 0, 4.38
2019/05/05 10:23:00, 25.25, 25.02, 24.85, 17.88, 16.17, 0, 0, 4.38
2019/05/05 10:24:00, 25.25, 25.02, 24.86, 17.88, 16.20, 0, 0, 4.38
2019/05/05 10:25:00, 25.25, 25.02, 24.83, 17.90, 16.20, 0, 0, 4.38
2019/05/05 10:26:00, 25.25, 25.04, 24.83, 17.83, 16.16, 0, 0, 4.38
2019/05/05 10:27:00, 25.25, 25.02, 24.83, 17.90, 16.18, 0, 0, 4.38
2019/05/05 10:28:00, 25.25, 25.01, 24.85, 17.83, 16.20, 0, 0, 4.38
2019/05/05 10:29:00, 25.25, 24.98, 24.84, 17.90, 16.20, 0, 0, 4.38
2019/05/05 10:30:00, 25.25, 25.01, 24.83, 17.85, 16.21, 0, 0, 4.38
2019/05/05 10:31:00, 25.25, 25.01, 24.83, 17.86, 16.20, 0, 0, 4.38
2019/05/05 10:32:00, 25.25, 25.01, 24.81, 17.91, 16.19, 0, 0, 4.38
2019/05/05 10:33:00, 25.25, 25.00, 24.82, 17.91, 16.23, 0, 0, 4.38
2019/05/05 10:34:00, 25.25, 25.01, 24.81, 17.90, 16.23, 0, 0, 4.38
2019/05/05 10:35:00, 25.25, 25.01, 24.83, 17.93, 16.23, 0, 0, 4.38
2019/05/05 10:36:00, 25.25, 25.00, 24.82, 17.91, 16.25, 0, 0, 4.38
2019/05/05 10:37:00, 25.25, 25.02, 24.83, 17.93, 16.23, 0, 0, 4.38
2019/05/05 10:38:00, 25.25, 25.01, 24.83, 17.90, 16.20, 0, 0, 4.38
2019/05/05 10:39:00, 25.25, 25.01, 24.83, 17.93, 16.23, 0, 0, 4.38
2019/05/05 10:40:00, 25.25, 25.01, 24.84, 17.95, 16.23, 0, 0, 4.38
2019/05/05 10:41:00, 25.25, 25.01, 24.85, 17.91, 16.24, 0, 0, 4.38
2019/05/05 10:42:00, 25.25, 25.01, 24.84, 17.91, 16.24, 0, 0, 4.38
2019/05/05 10:43:00, 25.25, 25.04, 24.85, 17.87, 16.23, 0, 0, 4.38
2019/05/05 10:44:00, 25.25, 25.01, 24.84, 17.85, 16.20, 0, 0, 4.38
2019/05/05 10:45:00, 25.25, 25.04, 24.82, 17.90, 16.18, 0, 0, 4.38
2019/05/05 10:46:00, 25.25, 25.04, 24.83, 17.86, 16.20, 0, 0, 4.38
2019/05/05 10:47:00, 25.25, 25.04, 24.82, 17.93, 16.20, 0, 0, 4.38
2019/05/05 10:48:00, 25.25, 25.00, 24.83, 17.91, 16.23, 0, 0, 4.38
2019/05/05 10:49:00, 25.25, 25.00, 24.84, 17.98, 16.24, 0, 0, 4.38
2019/05/05 10:50:00, 25.25, 25.01, 24.83, 17.88, 16.23, 0, 0, 4.38
2019/05/05 10:51:00, 25.25, 25.01, 24.82, 17.94, 16.24, 0, 0, 4.38
2019/05/05 10:52:00, 25.25, 25.01, 24.82, 17.91, 16.26, 0, 0, 4.38
2019/05/05 10:53:00, 25.25, 25.00, 24.81, 17.98, 16.26, 0, 0, 4.38
2019/05/05 10:54:00, 25.25, 25.01, 24.80, 17.96, 16.24, 0, 0, 4.38
2019/05/05 10:55:00, 25.25, 24.98, 24.83, 17.94, 16.25, 0, 0, 4.38
2019/05/05 10:56:00, 25.25, 24.98, 24.81, 17.96, 16.23, 0, 0, 4.38
2019/05/05 10:57:00, 25.25, 24.97, 24.79, 17.94, 16.27, 0, 0, 4.38
2019/05/05 10:58:00, 25.25, 24.97, 24.79, 17.98, 16.27, 0, 0, 4.38
2019/05/05 10:59:00, 25.25, 24.98, 24.78, 18.02, 16.27, 0, 0, 4.38
2019/05/05 11:00:00, 25.25, 24.97, 24.79, 18.02, 16.28, 0, 0, 4.38
2019/05/05 11:01:00, 25.25, 24.98, 24.80, 18.04, 16.32, 0, 0, 4.38
2019/05/05 11:02:00, 25.25, 24.95, 24.79, 17.96, 16.32, 0, 0, 4.38
2019/05/05 11:03:00, 25.25, 24.97, 24.79, 18.04, 16.33, 0, 0, 4.38
2019/05/05 11:04:00, 25.25, 24.94, 24.78, 18.05, 16.33, 0, 0, 4.38
2019/05/05 11:05:00, 25.25, 24.91, 24.78, 18.07, 16.33, 0, 0, 4.38
2019/05/05 11:06:00, 25.25, 24.89, 24.74, 18.05, 16.39, 0, 0, 4.38
2019/05/05 11:07:00, 25.25, 24.93, 24.75, 18.17, 16.41, 0, 0, 4.38
2019/05/05 11:08:00, 25.25, 24.91, 24.74, 18.12, 16.44, 0, 0, 4.38
2019/05/05 11:09:00, 25.25, 24.93, 24.76, 18.12, 16.43, 0, 0, 4.38
2019/05/05 11:10:00, 25.25, 24.91, 24.74, 18.08, 16.39, 0, 0, 4.38
2019/05/05 11:11:00, 25.25, 24.93, 24.74, 18.13, 16.43, 0, 0, 4.38
2019/05/05 11:12:00, 25.25, 24.89, 24.71, 18.18, 16.44, 0, 0, 4.38
2019/05/05 11:13:00, 25.25, 24.89, 24.75, 18.22, 16.45, 0, 0, 4.38
2019/05/05 11:14:00, 25.25, 24.87, 24.68, 18.15, 16.43, 0, 0, 4.38
2019/05/05 11:15:00, 25.25, 24.85, 24.69, 18.24, 16.48, 0, 0, 4.38
2019/05/05 11:16:00, 25.25, 24.85, 24.69, 18.26, 16.50, 0, 0, 4.38
2019/05/05 11:17:00, 25.25, 24.87, 24.70, 18.16, 16.52, 0, 0, 4.38
2019/05/05 11:18:00, 25.25, 24.84, 24.69, 18.16, 16.49, 0, 0, 4.38
2019/05/05 11:19:00, 25.25, 24.82, 24.66, 18.16, 16.49, 0, 0, 4.38
2019/05/05 11:20:00, 25.25, 24.85, 24.68, 18.21, 16.50, 0, 0, 4.38
2019/05/05 11:21:00, 25.25, 24.84, 24.68, 18.28, 16.54, 0, 0, 4.38
2019/05/05 11:22:00, 25.25, 24.85, 24.68, 18.29, 16.54, 0, 0, 4.38
2019/05/05 11:23:00, 25.25, 24.82, 24.68, 18.21, 16.50, 0, 0, 4.38
2019/05/05 11:24:00, 25.25, 24.84, 24.63, 18.21, 16.49, 0, 0, 4.38
2019/05/05 11:25:00, 25.25, 24.81, 24.64, 18.21, 16.53, 0, 0, 4.38
2019/05/05 11:26:00, 25.25, 24.81, 24.63, 18.22, 16.57, 0, 0, 4.38
2019/05/05 11:27:00, 25.25, 24.81, 24.65, 18.26, 16.59, 0, 0, 4.38
2019/05/05 11:28:00, 25.25, 24.80, 24.63, 18.24, 16.56, 0, 0, 4.38
2019/05/05 11:29:00, 25.25, 24.84, 24.66, 18.31, 16.59, 0, 0, 4.38
2019/05/05 11:30:00, 25.25, 24.85, 24.68, 18.21, 16.59, 0, 0, 4.38
2019/05/05 11:31:00, 25.25, 24.85, 24.68, 18.28, 16.56, 0, 0, 4.38
2019/05/05 11:32:00, 25.25, 24.87, 24.69, 18.26, 16.59, 0, 0, 4.38
2019/05/05 11:33:00, 25.25, 24.85, 24.70, 18.21, 16.55, 0, 0, 4.38
2019/05/05 11:34:00, 25.25, 24.87, 24.68, 18.29, 16.55, 0, 0, 4.38
2019/05/05 11:35:00, 25.25, 24.82, 24.64, 18.21, 16.55, 0, 0, 4.38
2019/05/05 11:36:00, 25.25, 24.82, 24.65, 18.32, 16.59, 0, 0, 4.38
2019/05/05 11:37:00, 25.25, 24.81, 24.63, 18.31, 16.61, 0, 0, 4.38
2019/05/05 11:38:00, 25.25, 24.84, 24.68, 18.40, 16.65, 0, 0, 4.38
2019/05/05 11:39:00, 25.25, 24.81, 24.65, 18.36, 16.63, 0, 0, 4.38
2019/05/05 11:40:00, 25.25, 24.82, 24.62, 18.37, 16.63, 0, 0, 4.38
2019/05/05 11:41:00, 25.25, 24.80, 24.64, 18.37, 16.65, 0, 0, 4.38
2019/05/05 11:42:00, 25.25, 24.81, 24.64, 18.36, 16.65, 0, 0, 4.38
2019/05/05 11:43:00, 25.25, 24.81, 24.65, 18.32, 16.67, 0, 0, 4.38
2019/05/05 11:44:00, 25.25, 24.84, 24.66, 18.42, 16.68, 0, 0, 4.38
2019/05/05 11:45:00, 25.25, 24.84, 24.66, 18.34, 16.65, 0, 0, 4.38
2019/05/05 11:46:00, 25.25, 24.82, 24.66, 18.31, 16.65, 0, 0, 4.38
2019/05/05 11:47:00, 25.25, 24.81, 24.65, 18.37, 16.62, 0, 0, 4.38
2019/05/05 11:48:00, 25.25, 24.82, 24.67, 18.39, 16.65, 0, 0, 4.38
2019/05/05 11:49:00, 25.25, 24.84, 24.66, 18.37, 16.65, 0, 0, 4.38
2019/05/05 11:50:00, 25.25, 24.85, 24.69, 18.38, 16.67, 0, 0, 4.38
2019/05/05 11:51:00, 25.25, 24.85, 24.67, 18.31, 16.64, 0, 0, 4.38
2019/05/05 11:52:00, 25.25, 24.82, 24.67, 18.36, 16.63, 0, 0, 4.38
2019/05/05 11:53:00, 25.25, 24.84, 24.68, 18.36, 16.65, 0, 0, 4.38
2019/05/05 11:54:00, 25.25, 24.85, 24.66, 18.39, 16.66, 0, 0, 4.38
2019/05/05 11:55:00, 25.25, 24.82, 24.67, 18.40, 16.68, 0, 0, 4.38
2019/05/05 11:56:00, 25.25, 24.81, 24.68, 18.40, 16.68, 0, 0, 4.38
2019/05/05 11:57:00, 25.25, 24.82, 24.66, 18.45, 16.68, 0, 0, 4.38
2019/05/05 11:58:00, 25.25, 24.81, 24.66, 18.44, 16.69, 0, 0, 4.38
2019/05/05 11:59:00, 25.25, 24.84, 24.64, 18.39, 16.71, 0, 0, 4.38
2019/05/05 12:00:00, 25.25, 24.80, 24.63, 18.40, 16.71, 0, 0, 4.38
2019/05/05 12:01:00, 25.25, 24.84, 24.66, 18.49, 16.75, 0, 0, 4.38
2019/05/05 12:02:00, 25.25, 24.85, 24.68, 18.45, 16.74, 0, 0, 4.38
2019/05/05 12:03:00, 25.25, 24.85, 24.68, 18.40, 16.73, 0, 0, 4.38
2019/05/05 12:04:00, 25.25, 24.87, 24.69, 18.47, 16.75, 0, 0, 4.38
2019/05/05 12:05:00, 25.25, 24.82, 24.68, 18.38, 16.69, 0, 0, 4.38
2019/05/05 12:06:00, 25.25, 24.84, 24.67, 18.39, 16.69, 0, 0, 4.38
2019/05/05 12:07:00, 25.25, 24.85, 24.69, 18.49, 16.72, 0, 0, 4.38
2019/05/05 12:08:00, 25.25, 24.87, 24.68, 18.45, 16.74, 0, 0, 4.38
2019/05/05 12:09:00, 25.25, 24.84, 24.67, 18.41, 16.71, 0, 0, 4.38
2019/05/05 12:10:00, 25.25, 24.84, 24.68, 18.44, 16.72, 0, 0, 4.38
2019/05/05 12:11:00, 25.25, 24.87, 24.67, 18.44, 16.73, 0, 0, 4.38
2019/05/05 12:12:00, 25.25, 24.81, 24.69, 18.46, 16.74, 0, 0, 4.38
2019/05/05 12:13:00, 25.25, 24.87, 24.68, 18.42, 16.74, 0, 0, 4.38
2019/05/05 12:14:00, 25.25, 24.84, 24.68, 18.42, 16.71, 0, 0, 4.38
2019/05/05 12:15:00, 25.25, 24.84, 24.68, 18.41, 16.72, 0, 0, 4.38
2019/05/05 12:16:00, 25.25, 24.84, 24.67, 18.42, 16.74, 0, 0, 4.38
2019/05/05 12:17:00, 25.25, 24.82, 24.68, 18.49, 16.74, 0, 0, 4.38
2019/05/05 12:18:00, 25.25, 24.82, 24.66, 18.50, 16.75, 0, 0, 4.38
2019/05/05 12:19:00, 25.25, 24.84, 24.65, 18.49, 16.77, 0, 0, 4.38
2019/05/05 12:20:00, 25.25, 24.84, 24.67, 18.47, 16.79, 0, 0, 4.38
2019/05/05 12:21:00, 25.25, 24.84, 24.65, 18.52, 16.78, 0, 0, 4.38
2019/05/05 12:22:00, 25.25, 24.84, 24.67, 18.49, 16.76, 0, 0, 4.38
2019/05/05 12:23:00, 25.25, 24.82, 24.68, 18.42, 16.75, 0, 0, 4.38
2019/05/05 12:24:00, 25.25, 24.87, 24.68, 18.41, 16.73, 0, 0, 4.38
2019/05/05 12:25:00, 25.25, 24.84, 24.67, 18.37, 16.72, 0, 0, 4.38
2019/05/05 12:26:00, 25.25, 24.84, 24.65, 18.41, 16.75, 0, 0, 4.38
2019/05/05 12:27:00, 25.25, 24.84, 24.70, 18.51, 16.78, 0, 0, 4.38
2019/05/05 12:28:00, 25.25, 24.89, 24.70, 18.51, 16.78, 0, 0, 4.38
2019/05/05 12:29:00, 25.25, 24.89, 24.70, 18.44, 16.73, 0, 0, 4.38
2019/05/05 12:30:00, 25.25, 24.88, 24.75, 18.49, 16.75, 0, 0, 4.38
2019/05/05 12:31:00, 25.25, 24.94, 24.75, 18.48, 16.76, 0, 0, 4.38
2019/05/05 12:32:00, 25.25, 24.93, 24.76, 18.46, 16.76, 0, 0, 4.38
2019/05/05 12:33:00, 25.25, 24.89, 24.77, 18.43, 16.72, 0, 0, 4.38
2019/05/05 12:34:00, 25.25, 24.91, 24.75, 18.43, 16.73, 0, 0, 4.38
2019/05/05 12:35:00, 25.25, 24.93, 24.75, 18.46, 16.75, 0, 0, 4.38
2019/05/05 12:36:00, 25.25, 24.94, 24.77, 18.48, 16.75, 0, 0, 4.38
2019/05/05 12:37:00, 25.25, 24.95, 24.77, 18.46, 16.72, 0, 0, 4.38
2019/05/05 12:38:00, 25.25, 24.93, 24.76, 18.34, 16.69, 0, 0, 4.38
2019/05/05 12:39:00, 25.25, 24.94, 24.76, 18.41, 16.75, 0, 0, 4.38
2019/05/05 12:40:00, 25.25, 24.95, 24.78, 18.46, 16.76, 0, 0, 4.38
2019/05/05 12:41:00, 25.25, 24.93, 24.75, 18.43, 16.72, 0, 0, 4.38
2019/05/05 12:42:00, 25.25, 24.93, 24.76, 18.46, 16.74, 0, 0, 4.38
2019/05/05 12:43:00, 25.25, 24.91, 24.72, 18.41, 16.72, 0, 0, 4.38
2019/05/05 12:44:00, 25.25, 24.94, 24.75, 18.49, 16.75, 0, 0, 4.38
2019/05/05 12:45:00, 25.25, 24.94, 24.77, 18.51, 16.80, 0, 0, 4.38
2019/05/05 12:46:00, 25.25, 24.91, 24.75, 18.54, 16.82, 0, 0, 4.38
2019/05/05 12:47:00, 25.25, 24.93, 24.75, 18.51, 16.80, 0, 0, 4.38
2019/05/05 12:48:00, 25.25, 24.88, 24.71, 18.52, 16.81, 0, 0, 4.38
2019/05/05 12:49:00, 25.25, 24.91, 24.71, 18.49, 16.81, 0, 0, 4.38
2019/05/05 12:50:00, 25.25, 24.89, 24.72, 18.49, 16.82, 0, 0, 4.38
2019/05/05 12:51:00, 25.25, 24.89, 24.74, 18.54, 16.82, 0, 0, 4.38
2019/05/05 12:52:00, 25.25, 24.88, 24.69, 18.44, 16.81, 0, 0, 4.38
2019/05/05 12:53:00, 25.25, 24.88, 24.69, 18.45, 16.77, 0, 0, 4.38
2019/05/05 12:54:00, 25.25, 24.89, 24.68, 18.51, 16.79, 0, 0, 4.38
2019/05/05 12:55:00, 25.25, 24.87, 24.70, 18.51, 16.81, 0, 0, 4.38
2019/05/05 12:56:00, 25.25, 24.87, 24.67, 18.39, 16.77, 0, 0, 4.38
2019/05/05 12:57:00, 25.25, 24.82, 24.66, 18.44, 16.80, 0, 0, 4.38
2019/05/05 12:58:00, 25.25, 24.85, 24.66, 18.52, 16.79, 0, 0, 4.38
2019/05/05 12:59:00, 25.25, 24.84, 24.68, 18.54, 16.81, 0, 0, 4.38
2019/05/05 13:00:00, 25.25, 24.85, 24.68, 18.59, 16.85, 0, 0, 4.38
2019/05/05 13:01:00, 25.25, 24.82, 24.64, 18.42, 16.78, 0, 0, 4.38
2019/05/05 13:02:00, 25.25, 24.82, 24.64, 18.57, 16.82, 0, 0, 4.38
2019/05/05 13:03:00, 25.25, 24.82, 24.63, 18.49, 16.83, 0, 0, 4.38
2019/05/05 13:04:00, 25.25, 24.80, 24.64, 18.52, 16.83, 0, 0, 4.38
2019/05/05 13:05:00, 25.25, 24.82, 24.63, 18.49, 16.80, 0, 0, 4.38
2019/05/05 13:06:00, 25.25, 24.84, 24.64, 18.55, 16.81, 0, 0, 4.38
2019/05/05 13:07:00, 25.25, 24.81, 24.65, 18.52, 16.81, 0, 0, 4.38
2019/05/05 13:08:00, 25.25, 24.84, 24.65, 18.44, 16.78, 0, 0, 4.38
2019/05/05 13:09:00, 25.25, 24.80, 24.63, 18.47, 16.79, 0, 0, 4.38
2019/05/05 13:10:00, 25.25, 24.78, 24.63, 18.48, 16.84, 0, 0, 4.38
2019/05/05 13:11:00, 25.25, 24.81, 24.68, 18.55, 16.85, 0, 0, 4.38
2019/05/05 13:12:00, 25.25, 24.84, 24.67, 18.55, 16.83, 0, 0, 4.38
2019/05/05 13:13:00, 25.25, 24.84, 24.68, 18.45, 16.81, 0, 0, 4.38
2019/05/05 13:14:00, 25.25, 24.81, 24.64, 18.53, 16.79, 0, 0, 4.38
2019/05/05 13:15:00, 25.25, 24.85, 24.66, 18.53, 16.83, 0, 0, 4.38
2019/05/05 13:16:00, 25.25, 24.82, 24.68, 18.51, 16.83, 0, 0, 4.38
2019/05/05 13:17:00, 25.25, 24.87, 24.69, 18.47, 16.81, 0, 0, 4.38
2019/05/05 13:18:00, 25.25, 24.85, 24.68, 18.44, 16.78, 0, 0, 4.38
2019/05/05 13:19:00, 25.25, 24.88, 24.71, 18.52, 16.79, 0, 0, 4.38
2019/05/05 13:20:00, 25.25, 24.88, 24.72, 18.49, 16.80, 0, 0, 4.38
2019/05/05 13:21:00, 25.25, 24.87, 24.70, 18.41, 16.76, 0, 0, 4.38
2019/05/05 13:22:00, 25.25, 24.91, 24.72, 18.52, 16.79, 0, 0, 4.38
2019/05/05 13:23:00, 25.25, 24.89, 24.72, 18.44, 16.75, 0, 0, 4.38
2019/05/05 13:24:00, 25.25, 24.87, 24.70, 18.42, 16.75, 0, 0, 4.38
2019/05/05 13:25:00, 25.25, 24.88, 24.69, 18.42, 16.73, 0, 0, 4.38
2019/05/05 13:26:00, 25.25, 24.87, 24.74, 18.47, 16.75, 0, 0, 4.38
2019/05/05 13:27:00, 25.25, 24.87, 24.71, 18.42, 16.75, 0, 0, 4.38
2019/05/05 13:28:00, 25.25, 24.87, 24.72, 18.36, 16.71, 0, 0, 4.38
2019/05/05 13:29:00, 25.25, 24.87, 24.71, 18.33, 16.68, 0, 0, 4.38
2019/05/05 13:30:00, 25.25, 24.89, 24.72, 18.36, 16.65, 0, 0, 4.38
2019/05/05 13:31:00, 25.25, 24.85, 24.67, 18.31, 16.65, 0, 0, 4.38
2019/05/05 13:32:00, 25.25, 24.84, 24.66, 18.29, 16.68, 0, 0, 4.38
2019/05/05 13:33:00, 25.25, 24.87, 24.71, 18.41, 16.68, 0, 0, 4.38
2019/05/05 13:34:00, 25.25, 24.85, 24.68, 18.36, 16.63, 0, 0, 4.38
2019/05/05 13:35:00, 25.25, 24.85, 24.66, 18.31, 16.61, 0, 0, 4.38
2019/05/05 13:36:00, 25.25, 24.82, 24.67, 18.34, 16.63, 0, 0, 4.38
2019/05/05 13:37:00, 25.25, 24.84, 24.68, 18.34, 16.63, 0, 0, 4.38
2019/05/05 13:38:00, 25.25, 24.84, 24.65, 18.40, 16.63, 0, 0, 4.38
2019/05/05 13:39:00, 25.25, 24.80, 24.63, 18.31, 16.61, 0, 0, 4.38
2019/05/05 13:40:00, 25.25, 24.81, 24.64, 18.32, 16.63, 0, 0, 4.38
2019/05/05 13:41:00, 25.25, 24.80, 24.68, 18.33, 16.64, 0, 0, 4.38
2019/05/05 13:42:00, 25.25, 24.85, 24.65, 18.36, 16.64, 0, 0, 4.38
2019/05/05 13:43:00, 25.25, 24.84, 24.65, 18.27, 16.60, 0, 0, 4.38
2019/05/05 13:44:00, 25.25, 24.80, 24.64, 18.27, 16.59, 0, 0, 4.38
2019/05/05 13:45:00, 25.25, 24.82, 24.62, 18.32, 16.60, 0, 0, 4.38
2019/05/05 13:46:00, 25.25, 24.81, 24.62, 18.29, 16.61, 0, 0, 4.38
2019/05/05 13:47:00, 25.25, 24.81, 24.62, 18.34, 16.59, 0, 0, 4.38
2019/05/05 13:48:00, 25.25, 24.81, 24.62, 18.32, 16.64, 0, 0, 4.38
2019/05/05 13:49:00, 25.25, 24.81, 24.64, 18.31, 16.62, 0, 0, 4.38
2019/05/05 13:50:00, 25.25, 24.82, 24.65, 18.31, 16.62, 0, 0, 4.38
2019/05/05 13:51:00, 25.25, 24.80, 24.62, 18.26, 16.59, 0, 0, 4.38
2019/05/05 13:52:00, 25.25, 24.81, 24.62, 18.29, 16.59, 0, 0, 4.38
2019/05/05 13:53:00, 25.25, 24.78, 24.61, 18.31, 16.60, 0, 0, 4.38
2019/05/05 13:54:00, 25.25, 24.80, 24.61, 18.29, 16.65, 0, 0, 4.38
2019/05/05 13:55:00, 25.25, 24.80, 24.61, 18.31, 16.64, 0, 0, 4.38
2019/05/05 13:56:00, 25.25, 24.80, 24.63, 18.31, 16.62, 0, 0, 4.38
2019/05/05 13:57:00, 25.25, 24.80, 24.62, 18.32, 16.64, 0, 0, 4.38
2019/05/05 13:58:00, 25.25, 24.74, 24.61, 18.30, 16.62, 0, 0, 4.38
2019/05/05 13:59:00, 25.25, 24.77, 24.60, 18.35, 16.65, 0, 0, 4.38
2019/05/05 14:00:00, 25.25, 24.77, 24.60, 18.39, 16.66, 0, 0, 4.38
2019/05/05 14:01:00, 25.25, 24.77, 24.60, 18.39, 16.63, 0, 0, 4.38
2019/05/05 14:02:00, 25.25, 24.77, 24.58, 18.37, 16.64, 0, 0, 4.38
2019/05/05 14:03:00, 25.25, 24.75, 24.58, 18.39, 16.66, 0, 0, 4.38
2019/05/05 14:04:00, 25.25, 24.75, 24.56, 18.33, 16.64, 0, 0, 4.38
2019/05/05 14:05:00, 25.25, 24.77, 24.56, 18.39, 16.67, 0, 0, 4.38
2019/05/05 14:06:00, 25.25, 24.74, 24.56, 18.32, 16.62, 0, 0, 4.38
2019/05/05 14:07:00, 25.25, 24.73, 24.52, 18.33, 16.65, 0, 0, 4.38
2019/05/05 14:08:00, 25.25, 24.71, 24.54, 18.40, 16.68, 0, 0, 4.38
2019/05/05 14:09:00, 25.25, 24.71, 24.52, 18.37, 16.68, 0, 0, 4.38
2019/05/05 14:10:00, 25.25, 24.71, 24.53, 18.46, 16.71, 0, 0, 4.38
2019/05/05 14:11:00, 25.25, 24.71, 24.52, 18.43, 16.74, 0, 0, 4.38
2019/05/05 14:12:00, 25.25, 24.70, 24.53, 18.55, 16.77, 0, 0, 4.38
2019/05/05 14:13:00, 25.25, 24.70, 24.53, 18.44, 16.76, 0, 0, 4.38
2019/05/05 14:14:00, 25.25, 24.70, 24.55, 18.48, 16.80, 0, 0, 4.38
2019/05/05 14:15:00, 25.25, 24.71, 24.53, 18.58, 16.86, 0, 0, 4.38
2019/05/05 14:16:00, 25.25, 24.69, 24.52, 18.58, 16.86, 0, 0, 4.38
2019/05/05 14:17:00, 25.25, 24.70, 24.52, 18.68, 16.94, 0, 0, 4.38
2019/05/05 14:18:00, 25.25, 24.71, 24.51, 18.72, 16.98, 0, 0, 4.38
2019/05/05 14:19:00, 25.25, 24.67, 24.51, 18.77, 16.98, 0, 0, 4.38
2019/05/05 14:20:00, 25.25, 24.70, 24.51, 18.72, 17.01, 0, 0, 4.38
2019/05/05 14:21:00, 25.25, 24.71, 24.52, 18.72, 17.04, 0, 0, 4.38
2019/05/05 14:22:00, 25.25, 24.69, 24.50, 18.79, 17.01, 0, 0, 4.38
2019/05/05 14:23:00, 25.25, 24.67, 24.50, 18.80, 17.07, 0, 0, 4.38
2019/05/05 14:24:00, 25.25, 24.70, 24.50, 18.75, 17.07, 0, 0, 4.38
2019/05/05 14:25:00, 25.25, 24.69, 24.49, 18.80, 17.10, 0, 0, 4.38
2019/05/05 14:26:00, 25.25, 24.69, 24.50, 18.86, 17.14, 0, 0, 4.38
2019/05/05 14:27:00, 25.25, 24.67, 24.50, 18.90, 17.17, 0, 0, 4.38
2019/05/05 14:28:00, 25.25, 24.67, 24.48, 18.83, 17.17, 0, 0, 4.38
2019/05/05 14:29:00, 25.25, 24.67, 24.51, 18.98, 17.19, 0, 0, 4.38
2019/05/05 14:30:00, 25.25, 24.63, 24.48, 18.95, 17.20, 0, 0, 4.38
2019/05/05 14:31:00, 25.25, 24.66, 24.49, 19.03, 17.26, 0, 0, 4.38
2019/05/05 14:32:00, 25.25, 24.67, 24.49, 18.98, 17.30, 0, 0, 4.38
2019/05/05 14:33:00, 25.25, 24.70, 24.50, 19.06, 17.30, 0, 0, 4.38
2019/05/05 14:34:00, 25.25, 24.66, 24.49, 19.14, 17.40, 0, 0, 4.38
2019/05/05 14:35:00, 25.25, 24.67, 24.50, 19.09, 17.40, 0, 0, 4.38
2019/05/05 14:36:00, 25.25, 24.67, 24.50, 19.06, 17.37, 0, 0, 4.38
2019/05/05 14:37:00, 25.25, 24.69, 24.51, 19.23, 17.43, 0, 0, 4.38
2019/05/05 14:38:00, 25.25, 24.66, 24.50, 19.15, 17.46, 0, 0, 4.38
2019/05/05 14:39:00, 25.25, 24.69, 24.49, 19.22, 17.46, 0, 0, 4.38
2019/05/05 14:40:00, 25.25, 24.69, 24.50, 19.34, 17.53, 0, 0, 4.38
2019/05/05 14:41:00, 25.25, 24.69, 24.50, 19.24, 17.50, 0, 0, 4.38
2019/05/05 14:42:00, 25.25, 24.67, 24.50, 19.23, 17.51, 0, 0, 4.38
2019/05/05 14:43:00, 25.25, 24.66, 24.50, 19.27, 17.51, 0, 0, 4.38
2019/05/05 14:44:00, 25.25, 24.69, 24.50, 19.32, 17.54, 0, 0, 4.38
2019/05/05 14:45:00, 25.25, 24.70, 24.54, 19.32, 17.59, 0, 0, 4.38
2019/05/05 14:46:00, 25.25, 24.71, 24.52, 19.33, 17.57, 0, 0, 4.38
2019/05/05 14:47:00, 25.25, 24.71, 24.54, 19.26, 17.57, 0, 0, 4.38
2019/05/05 14:48:00, 25.25, 24.70, 24.55, 19.26, 17.56, 0, 0, 4.38
2019/05/05 14:49:00, 25.25, 24.73, 24.55, 19.34, 17.60, 0, 0, 4.38
2019/05/05 14:50:00, 25.25, 24.74, 24.56, 19.28, 17.58, 0, 0, 4.38
2019/05/05 14:51:00, 25.25, 24.74, 24.55, 19.39, 17.62, 0, 0, 4.38
2019/05/05 14:52:00, 25.25, 24.71, 24.55, 19.36, 17.61, 0, 0, 4.38
2019/05/05 14:53:00, 25.25, 24.74, 24.55, 19.31, 17.63, 0, 0, 4.38
2019/05/05 14:54:00, 25.25, 24.71, 24.55, 19.36, 17.63, 0, 0, 4.38
2019/05/05 14:55:00, 25.25, 24.70, 24.53, 19.40, 17.67, 0, 0, 4.38
2019/05/05 14:56:00, 25.25, 24.71, 24.54, 19.44, 17.69, 0, 0, 4.38
2019/05/05 14:57:00, 25.25, 24.74, 24.57, 19.44, 17.72, 0, 0, 4.38
2019/05/05 14:58:00, 25.25, 24.73, 24.56, 19.45, 17.71, 0, 0, 4.38
2019/05/05 14:59:00, 25.25, 24.71, 24.55, 19.45, 17.67, 0, 0, 4.38
2019/05/05 15:00:00, 25.25, 24.70, 24.53, 19.49, 17.71, 0, 0, 4.38
2019/05/05 15:01:00, 25.25, 24.71, 24.51, 19.47, 17.71, 0, 0, 4.38
2019/05/05 15:02:00, 25.25, 24.69, 24.52, 19.50, 17.75, 0, 0, 4.38
2019/05/05 15:03:00, 25.25, 24.69, 24.50, 19.53, 17.77, 0, 0, 4.38
2019/05/05 15:04:00, 25.25, 24.69, 24.51, 19.60, 17.82, 0, 0, 4.38
2019/05/05 15:05:00, 25.25, 24.70, 24.51, 19.58, 17.79, 0, 0, 4.38
2019/05/05 15:06:00, 25.25, 24.70, 24.50, 19.58, 17.81, 0, 0, 4.38
2019/05/05 15:07:00, 25.25, 24.67, 24.50, 19.58, 17.84, 0, 0, 4.38
2019/05/05 15:08:00, 25.25, 24.70, 24.51, 19.60, 17.82, 0, 0, 4.38
2019/05/05 15:09:00, 25.25, 24.69, 24.50, 19.55, 17.82, 0, 0, 4.38
2019/05/05 15:10:00, 25.25, 24.67, 24.50, 19.55, 17.80, 0, 0, 4.38
2019/05/05 15:11:00, 25.25, 24.66, 24.49, 19.58, 17.83, 0, 0, 4.38
2019/05/05 15:12:00, 25.25, 24.66, 24.49, 19.66, 17.90, 0, 0, 4.38
2019/05/05 15:13:00, 25.25, 24.66, 24.46, 19.58, 17.86, 0, 0, 4.38
2019/05/05 15:14:00, 25.25, 24.66, 24.47, 19.56, 17.85, 0, 0, 4.38
2019/05/05 15:15:00, 25.25, 24.66, 24.46, 19.63, 17.86, 0, 0, 4.38
2019/05/05 15:16:00, 25.25, 24.66, 24.51, 19.56, 17.88, 0, 0, 4.38
2019/05/05 15:17:00, 25.25, 24.67, 24.50, 19.55, 17.84, 0, 0, 4.38
2019/05/05 15:18:00, 25.25, 24.64, 24.49, 19.60, 17.85, 0, 0, 4.38
2019/05/05 15:19:00, 25.25, 24.64, 24.47, 19.62, 17.84, 0, 0, 4.38
2019/05/05 15:20:00, 25.25, 24.64, 24.49, 19.58, 17.84, 0, 0, 4.38
2019/05/05 15:21:00, 25.25, 24.64, 24.50, 19.53, 17.84, 0, 0, 4.38
2019/05/05 15:22:00, 25.25, 24.67, 24.49, 19.56, 17.84, 0, 0, 4.38
2019/05/05 15:23:00, 25.25, 24.67, 24.49, 19.58, 17.88, 0, 0, 4.38
2019/05/05 15:24:00, 25.25, 24.67, 24.50, 19.62, 17.87, 0, 0, 4.38
2019/05/05 15:25:00, 25.25, 24.67, 24.51, 19.63, 17.85, 0, 0, 4.38
2019/05/05 15:26:00, 25.25, 24.69, 24.52, 19.62, 17.86, 0, 0, 4.38
2019/05/05 15:27:00, 25.25, 24.69, 24.52, 19.60, 17.87, 0, 0, 4.38
2019/05/05 15:28:00, 25.25, 24.71, 24.52, 19.49, 17.79, 0, 0, 4.38
2019/05/05 15:29:00, 25.25, 24.66, 24.50, 19.50, 17.79, 0, 0, 4.38
2019/05/05 15:30:00, 25.25, 24.67, 24.48, 19.55, 17.79, 0, 0, 4.38
2019/05/05 15:31:00, 25.25, 24.64, 24.50, 19.52, 17.80, 0, 0, 4.38
2019/05/05 15:32:00, 25.25, 24.64, 24.47, 19.55, 17.83, 0, 0, 4.38
2019/05/05 15:33:00, 25.25, 24.67, 24.49, 19.56, 17.83, 0, 0, 4.38
2019/05/05 15:34:00, 25.25, 24.64, 24.49, 19.55, 17.84, 0, 0, 4.38
2019/05/05 15:35:00, 25.25, 24.66, 24.46, 19.50, 17.78, 0, 0, 4.38
2019/05/05 15:36:00, 25.25, 24.64, 24.43, 19.53, 17.78, 0, 0, 4.38
2019/05/05 15:37:00, 25.25, 24.64, 24.46, 19.50, 17.80, 0, 0, 4.38
2019/05/05 15:38:00, 25.25, 24.64, 24.49, 19.58, 17.83, 0, 0, 4.38
2019/05/05 15:39:00, 25.25, 24.67, 24.47, 19.58, 17.82, 0, 0, 4.38
2019/05/05 15:40:00, 25.25, 24.69, 24.46, 19.50, 17.81, 0, 0, 4.38
2019/05/05 15:41:00, 25.25, 24.64, 24.46, 19.56, 17.77, 0, 0, 4.38
2019/05/05 15:42:00, 25.25, 24.63, 24.43, 19.48, 17.76, 0, 0, 4.38
2019/05/05 15:43:00, 25.25, 24.61, 24.45, 19.53, 17.77, 0, 0, 4.38
2019/05/05 15:44:00, 25.25, 24.60, 24.42, 19.46, 17.77, 0, 0, 4.38
2019/05/05 15:45:00, 25.25, 24.60, 24.41, 19.51, 17.78, 0, 0, 4.38
2019/05/05 15:46:00, 25.25, 24.61, 24.43, 19.55, 17.81, 0, 0, 4.38
2019/05/05 15:47:00, 25.25, 24.61, 24.43, 19.55, 17.79, 0, 0, 4.38
2019/05/05 15:48:00, 25.25, 24.59, 24.43, 19.48, 17.78, 0, 0, 4.38
2019/05/05 15:49:00, 25.25, 24.63, 24.46, 19.51, 17.77, 0, 0, 4.38
2019/05/05 15:50:00, 25.25, 24.67, 24.48, 19.48, 17.77, 0, 0, 4.38
2019/05/05 15:51:00, 25.25, 24.66, 24.49, 19.44, 17.74, 0, 0, 4.38
2019/05/05 15:52:00, 25.25, 24.66, 24.48, 19.39, 17.70, 0, 0, 4.38
2019/05/05 15:53:00, 25.25, 24.67, 24.47, 19.50, 17.71, 0, 0, 4.38
2019/05/05 15:54:00, 25.25, 24.67, 24.51, 19.37, 17.71, 0, 0, 4.38
2019/05/05 15:55:00, 25.25, 24.66, 24.50, 19.35, 17.65, 0, 0, 4.38
2019/05/05 15:56:00, 25.25, 24.67, 24.47, 19.37, 17.65, 0, 0, 4.38
2019/05/05 15:57:00, 25.25, 24.66, 24.46, 19.34, 17.65, 0, 0, 4.38
2019/05/05 15:58:00, 25.25, 24.63, 24.47, 19.37, 17.64, 0, 0, 4.38
2019/05/05 15:59:00, 25.25, 24.64, 24.46, 19.35, 17.65, 0, 0, 4.38
2019/05/05 16:00:00, 25.25, 24.64, 24.43, 19.38, 17.65, 0, 0, 4.38
2019/05/05 16:01:00, 25.25, 24.66, 24.48, 19.44, 17.66, 0, 0, 4.38
2019/05/05 16:02:00, 25.25, 24.64, 24.43, 19.32, 17.61, 0, 0, 4.38
2019/05/05 16:03:00, 25.25, 24.67, 24.48, 19.40, 17.63, 0, 0, 4.38
2019/05/05 16:04:00, 25.25, 24.66, 24.46, 19.32, 17.60, 0, 0, 4.38
2019/05/05 16:05:00, 25.25, 24.61, 24.43, 19.34, 17.59, 0, 0, 4.38
2019/05/05 16:06:00, 25.25, 24.63, 24.47, 19.32, 17.61, 0, 0, 4.38
2019/05/05 16:07:00, 25.25, 24.64, 24.43, 19.30, 17.61, 0, 0, 4.38
2019/05/05 16:08:00, 25.25, 24.61, 24.43, 19.34, 17.63, 0, 0, 4.38
2019/05/05 16:09:00, 25.25, 24.61, 24.41, 19.32, 17.59, 0, 0, 4.38
2019/05/05 16:10:00, 25.25, 24.61, 24.41, 19.27, 17.56, 0, 0, 4.38
2019/05/05 16:11:00, 25.25, 24.61, 24.45, 19.32, 17.59, 0, 0, 4.38
2019/05/05 16:12:00, 25.25, 24.61, 24.45, 19.24, 17.55, 0, 0, 4.38
2019/05/05 16:13:00, 25.25, 24.61, 24.42, 19.30, 17.56, 0, 0, 4.38
2019/05/05 16:14:00, 25.25, 24.60, 24.40, 19.24, 17.53, 0, 0, 4.38
2019/05/05 16:15:00, 25.25, 24.60, 24.42, 19.35, 17.58, 0, 0, 4.38
2019/05/05 16:16:00, 25.25, 24.56, 24.40, 19.37, 17.59, 0, 0, 4.38
2019/05/05 16:17:00, 25.25, 24.57, 24.39, 19.25, 17.55, 0, 0, 4.38
2019/05/05 16:18:00, 25.25, 24.59, 24.39, 19.28, 17.58, 0, 0, 4.38
2019/05/05 16:19:00, 25.25, 24.57, 24.37, 19.26, 17.56, 0, 0, 4.38
2019/05/05 16:20:00, 25.25, 24.59, 24.38, 19.28, 17.55, 0, 0, 4.38
2019/05/05 16:21:00, 25.25, 24.59, 24.40, 19.35, 17.59, 0, 0, 4.38
2019/05/05 16:22:00, 25.25, 24.57, 24.42, 19.32, 17.61, 0, 0, 4.38
2019/05/05 16:23:00, 25.25, 24.57, 24.39, 19.27, 17.58, 0, 0, 4.38
2019/05/05 16:24:00, 25.25, 24.59, 24.38, 19.30, 17.56, 0, 0, 4.38
2019/05/05 16:25:00, 25.25, 24.57, 24.37, 19.33, 17.59, 0, 0, 4.38
2019/05/05 16:26:00, 25.25, 24.60, 24.40, 19.25, 17.58, 0, 0, 4.38
2019/05/05 16:27:00, 25.25, 24.57, 24.37, 19.28, 17.55, 0, 0, 4.38
2019/05/05 16:28:00, 25.25, 24.54, 24.36, 19.22, 17.55, 0, 0, 4.38
2019/05/05 16:29:00, 25.25, 24.56, 24.40, 19.35, 17.62, 0, 0, 4.38
2019/05/05 16:30:00, 25.25, 24.57, 24.37, 19.28, 17.57, 0, 0, 4.38
2019/05/05 16:31:00, 25.25, 24.53, 24.37, 19.26, 17.59, 0, 0, 4.38
2019/05/05 16:32:00, 25.25, 24.54, 24.37, 19.30, 17.58, 0, 0, 4.38
2019/05/05 16:33:00, 25.25, 24.54, 24.35, 19.27, 17.56, 0, 0, 4.38
2019/05/05 16:34:00, 25.25, 24.56, 24.34, 19.23, 17.52, 0, 0, 4.38
2019/05/05 16:35:00, 25.25, 24.53, 24.34, 19.31, 17.56, 0, 0, 4.38
2019/05/05 16:36:00, 25.25, 24.53, 24.35, 19.31, 17.61, 0, 0, 4.38
2019/05/05 16:37:00, 25.00, 24.54, 24.37, 19.26, 17.59, 0, 0, 4.38
2019/05/05 16:38:00, 25.00, 24.50, 24.32, 19.14, 17.51, 0, 0, 4.38
2019/05/05 16:39:00, 25.25, 24.50, 24.33, 19.26, 17.51, 0, 0, 4.38
2019/05/05 16:40:00, 25.00, 24.53, 24.35, 19.23, 17.57, 0, 0, 4.38
2019/05/05 16:41:00, 25.00, 24.50, 24.34, 19.25, 17.52, 0, 0, 4.38
2019/05/05 16:42:00, 25.00, 24.52, 24.32, 19.20, 17.50, 0, 0, 4.38
2019/05/05 16:43:00, 25.00, 24.53, 24.34, 19.21, 17.49, 0, 0, 4.38
2019/05/05 16:44:00, 25.00, 24.49, 24.33, 19.13, 17.42, 0, 0, 4.38
2019/05/05 16:45:00, 25.00, 24.49, 24.32, 19.13, 17.42, 0, 0, 4.38
2019/05/05 16:46:00, 25.00, 24.49, 24.30, 19.13, 17.42, 0, 0, 4.38
2019/05/05 16:47:00, 25.00, 24.47, 24.26, 19.13, 17.42, 0, 0, 4.38
2019/05/05 16:48:00, 25.00, 24.47, 24.26, 19.05, 17.39, 0, 0, 4.38
2019/05/05 16:49:00, 25.00, 24.44, 24.26, 19.11, 17.41, 0, 0, 4.38
2019/05/05 16:50:00, 25.00, 24.42, 24.24, 19.13, 17.40, 0, 0, 4.38
2019/05/05 16:51:00, 25.00, 24.42, 24.23, 19.16, 17.41, 0, 0, 4.38
2019/05/05 16:52:00, 25.00, 24.42, 24.23, 19.08, 17.39, 0, 0, 4.38
2019/05/05 16:53:00, 25.00, 24.42, 24.23, 19.16, 17.40, 0, 0, 4.38
2019/05/05 16:54:00, 25.00, 24.42, 24.24, 19.09, 17.39, 0, 0, 4.38
2019/05/05 16:55:00, 25.00, 24.42, 24.24, 19.08, 17.37, 0, 0, 4.38
2019/05/05 16:56:00, 25.00, 24.39, 24.22, 19.08, 17.35, 0, 0, 4.38
2019/05/05 16:57:00, 25.00, 24.38, 24.20, 19.08, 17.33, 0, 0, 4.38
2019/05/05 16:58:00, 25.00, 24.36, 24.20, 19.04, 17.35, 0, 0, 4.38
2019/05/05 16:59:00, 25.00, 24.39, 24.20, 19.04, 17.36, 0, 0, 4.38
2019/05/05 17:00:00, 25.00, 24.39, 24.17, 19.06, 17.36, 0, 0, 4.38
2019/05/05 17:01:00, 25.00, 24.38, 24.19, 19.06, 17.35, 0, 0, 4.38
2019/05/05 17:02:00, 25.00, 24.38, 24.19, 19.04, 17.34, 0, 0, 4.38
2019/05/05 17:03:00, 25.00, 24.39, 24.17, 19.02, 17.33, 0, 0, 4.38
2019/05/05 17:04:00, 25.00, 24.36, 24.16, 19.02, 17.30, 0, 0, 4.38
2019/05/05 17:05:00, 25.00, 24.32, 24.16, 19.01, 17.30, 0, 0, 4.38
2019/05/05 17:06:00, 25.00, 24.33, 24.11, 19.01, 17.30, 0, 0, 4.38
2019/05/05 17:07:00, 25.00, 24.27, 24.13, 19.07, 17.34, 0, 0, 4.38
2019/05/05 17:08:00, 25.00, 24.31, 24.09, 18.96, 17.33, 0, 0, 4.38
2019/05/05 17:09:00, 25.00, 24.27, 24.10, 19.04, 17.33, 0, 0, 4.38
2019/05/05 17:10:00, 25.00, 24.29, 24.08, 19.06, 17.32, 0, 0, 4.38
2019/05/05 17:11:00, 25.00, 24.32, 24.08, 19.02, 17.35, 0, 0, 4.38
2019/05/05 17:12:00, 25.00, 24.26, 24.09, 19.01, 17.32, 0, 0, 4.38
2019/05/05 17:13:00, 25.00, 24.31, 24.10, 19.06, 17.34, 0, 0, 4.38
2019/05/05 17:14:00, 25.00, 24.31, 24.11, 19.09, 17.35, 0, 0, 4.38
2019/05/05 17:15:00, 25.00, 24.32, 24.16, 19.04, 17.33, 0, 0, 4.38
2019/05/05 17:16:00, 25.00, 24.32, 24.15, 19.01, 17.32, 0, 0, 4.38
2019/05/05 17:17:00, 25.00, 24.35, 24.19, 18.98, 17.29, 0, 0, 4.38
2019/05/05 17:18:00, 25.00, 24.35, 24.18, 18.98, 17.24, 0, 0, 4.38
2019/05/05 17:19:00, 25.00, 24.33, 24.17, 18.99, 17.26, 0, 0, 4.38
2019/05/05 17:20:00, 25.00, 24.38, 24.19, 19.01, 17.25, 0, 0, 4.38
2019/05/05 17:21:00, 25.00, 24.36, 24.19, 18.95, 17.23, 0, 0, 4.38
2019/05/05 17:22:00, 25.00, 24.39, 24.19, 18.96, 17.22, 0, 0, 4.38
2019/05/05 17:23:00, 25.00, 24.36, 24.20, 18.86, 17.23, 0, 0, 4.38
2019/05/05 17:24:00, 25.00, 24.39, 24.18, 18.93, 17.20, 0, 0, 4.38
2019/05/05 17:25:00, 25.00, 24.35, 24.20, 18.89, 17.21, 0, 0, 4.38
2019/05/05 17:26:00, 25.00, 24.36, 24.18, 18.88, 17.20, 0, 0, 4.38
2019/05/05 17:27:00, 25.00, 24.36, 24.16, 18.89, 17.20, 0, 0, 4.38
2019/05/05 17:28:00, 25.00, 24.36, 24.19, 18.91, 17.20, 0, 0, 4.38
2019/05/05 17:29:00, 25.00, 24.35, 24.18, 18.96, 17.20, 0, 0, 4.38
2019/05/05 17:30:00, 25.00, 24.36, 24.18, 18.88, 17.20, 0, 0, 4.38
2019/05/05 17:31:00, 25.00, 24.35, 24.17, 18.93, 17.20, 0, 0, 4.38
2019/05/05 17:32:00, 25.00, 24.36, 24.19, 18.89, 17.20, 0, 0, 4.38
2019/05/05 17:33:00, 25.00, 24.35, 24.17, 18.95, 17.20, 0, 0, 4.38
2019/05/05 17:34:00, 25.00, 24.33, 24.16, 18.90, 17.20, 0, 0, 4.38
2019/05/05 17:35:00, 25.00, 24.32, 24.18, 18.91, 17.20, 0, 0, 4.38
2019/05/05 17:36:00, 25.00, 24.32, 24.16, 18.93, 17.22, 0, 0, 4.38
2019/05/05 17:37:00, 25.00, 24.33, 24.13, 18.93, 17.23, 0, 0, 4.38
2019/05/05 17:38:00, 25.00, 24.33, 24.15, 18.91, 17.23, 0, 0, 4.38
2019/05/05 17:39:00, 25.00, 24.35, 24.16, 18.96, 17.23, 0, 0, 4.38
2019/05/05 17:40:00, 25.00, 24.36, 24.13, 18.93, 17.22, 0, 0, 4.38
2019/05/05 17:41:00, 25.00, 24.36, 24.17, 18.91, 17.25, 0, 0, 4.38
2019/05/05 17:42:00, 25.00, 24.33, 24.15, 18.94, 17.25, 0, 0, 4.38
2019/05/05 17:43:00, 25.00, 24.33, 24.16, 18.94, 17.26, 0, 0, 4.38
2019/05/05 17:44:00, 25.00, 24.33, 24.13, 19.02, 17.28, 0, 0, 4.38
2019/05/05 17:45:00, 25.00, 24.32, 24.13, 19.04, 17.27, 0, 0, 4.38
2019/05/05 17:46:00, 25.00, 24.32, 24.12, 19.01, 17.33, 0, 0, 4.38
2019/05/05 17:47:00, 25.00, 24.31, 24.13, 19.06, 17.33, 0, 0, 4.38
2019/05/05 17:48:00, 25.00, 24.32, 24.13, 19.19, 17.36, 0, 0, 4.38
2019/05/05 17:49:00, 25.00, 24.33, 24.15, 19.10, 17.36, 0, 0, 4.38
2019/05/05 17:50:00, 25.00, 24.32, 24.13, 19.09, 17.39, 0, 0, 4.38
2019/05/05 17:51:00, 25.00, 24.31, 24.10, 19.12, 17.39, 0, 0, 4.38
2019/05/05 17:52:00, 24.75, 24.31, 24.15, 19.12, 17.43, 0, 0, 4.38
2019/05/05 17:53:00, 24.75, 24.31, 24.12, 19.12, 17.45, 0, 0, 4.38
2019/05/05 17:54:00, 24.75, 24.31, 24.11, 19.24, 17.46, 0, 0, 4.38
2019/05/05 17:55:00, 24.75, 24.31, 24.13, 19.20, 17.48, 0, 0, 4.38
2019/05/05 17:56:00, 24.75, 24.32, 24.12, 19.22, 17.50, 0, 0, 4.38
2019/05/05 17:57:00, 24.75, 24.32, 24.11, 19.22, 17.51, 0, 0, 4.38
2019/05/05 17:58:00, 24.75, 24.31, 24.13, 19.27, 17.53, 0, 0, 4.38
2019/05/05 17:59:00, 24.75, 24.27, 24.11, 19.27, 17.53, 0, 0, 4.38
2019/05/05 18:00:00, 24.75, 24.29, 24.11, 19.30, 17.57, 0, 0, 4.38
2019/05/05 18:01:00, 24.75, 24.27, 24.09, 19.33, 17.60, 0, 0, 4.38
2019/05/05 18:02:00, 24.75, 24.26, 24.10, 19.31, 17.61, 0, 0, 4.38
2019/05/05 18:03:00, 24.75, 24.27, 24.09, 19.36, 17.61, 0, 0, 4.38
2019/05/05 18:04:00, 24.75, 24.27, 24.10, 19.36, 17.63, 0, 0, 4.38
2019/05/05 18:05:00, 24.75, 24.27, 24.07, 19.40, 17.66, 0, 0, 4.38
2019/05/05 18:06:00, 24.75, 24.27, 24.05, 19.44, 17.68, 0, 0, 4.38
2019/05/05 18:07:00, 24.75, 24.27, 24.09, 19.40, 17.68, 0, 0, 4.38
2019/05/05 18:08:00, 24.75, 24.26, 24.08, 19.48, 17.68, 0, 0, 4.38
2019/05/05 18:09:00, 24.75, 24.25, 24.09, 19.44, 17.71, 0, 0, 4.38
2019/05/05 18:10:00, 24.75, 24.27, 24.08, 19.46, 17.72, 0, 0, 4.38
2019/05/05 18:11:00, 24.75, 24.27, 24.08, 19.43, 17.73, 0, 0, 4.38
2019/05/05 18:12:00, 24.75, 24.25, 24.10, 19.51, 17.74, 0, 0, 4.38
2019/05/05 18:13:00, 24.75, 24.26, 24.09, 19.51, 17.76, 0, 0, 4.38
2019/05/05 18:14:00, 24.75, 24.27, 24.08, 19.56, 17.79, 0, 0, 4.38
2019/05/05 18:15:00, 24.75, 24.27, 24.10, 19.53, 17.78, 0, 0, 4.38
2019/05/05 18:16:00, 24.75, 24.26, 24.08, 19.53, 17.78, 0, 0, 4.38
2019/05/05 18:17:00, 24.75, 24.27, 24.08, 19.51, 17.79, 0, 0, 4.38
2019/05/05 18:18:00, 24.75, 24.29, 24.08, 19.59, 17.81, 0, 0, 4.38
2019/05/05 18:19:00, 24.75, 24.27, 24.10, 19.53, 17.83, 0, 0, 4.38
2019/05/05 18:20:00, 24.75, 24.26, 24.10, 19.49, 17.84, 0, 0, 4.38
2019/05/05 18:21:00, 24.75, 24.27, 24.08, 19.57, 17.84, 0, 0, 4.38
2019/05/05 18:22:00, 24.75, 24.26, 24.07, 19.60, 17.88, 0, 0, 4.38
2019/05/05 18:23:00, 24.75, 24.25, 24.07, 19.62, 17.89, 0, 0, 4.38
2019/05/05 18:24:00, 24.75, 24.23, 24.06, 19.60, 17.91, 0, 0, 4.38
2019/05/05 18:25:00, 24.75, 24.23, 24.05, 19.68, 17.93, 0, 0, 4.38
2019/05/05 18:26:00, 24.75, 24.22, 24.05, 19.72, 17.96, 0, 0, 4.38
2019/05/05 18:27:00, 24.75, 24.25, 24.05, 19.67, 17.97, 0, 0, 4.38
2019/05/05 18:28:00, 24.75, 24.23, 24.04, 19.67, 17.98, 0, 0, 4.38
2019/05/05 18:29:00, 24.75, 24.22, 24.05, 19.75, 18.00, 0, 0, 4.38
2019/05/05 18:30:00, 24.75, 24.25, 24.06, 19.78, 18.00, 0, 0, 4.38
2019/05/05 18:31:00, 24.75, 24.23, 24.05, 19.80, 18.03, 0, 0, 4.38
2019/05/05 18:32:00, 24.75, 24.22, 24.05, 19.77, 18.04, 0, 0, 4.38
2019/05/05 18:33:00, 24.75, 24.22, 24.04, 19.77, 18.02, 0, 0, 4.38
2019/05/05 18:34:00, 24.75, 24.23, 24.07, 19.77, 18.04, 0, 0, 4.38
2019/05/05 18:35:00, 24.75, 24.25, 24.06, 19.78, 18.03, 0, 0, 4.38
2019/05/05 18:36:00, 24.75, 24.25, 24.06, 19.78, 18.04, 0, 0, 4.38
2019/05/05 18:37:00, 24.75, 24.25, 24.06, 19.82, 18.04, 0, 0, 4.38
2019/05/05 18:38:00, 24.75, 24.25, 24.06, 19.75, 18.04, 0, 0, 4.38
2019/05/05 18:39:00, 24.75, 24.23, 24.04, 19.78, 18.07, 0, 0, 4.38
2019/05/05 18:40:00, 24.75, 24.23, 24.03, 19.80, 18.07, 0, 0, 4.38
2019/05/05 18:41:00, 24.75, 24.25, 24.04, 19.83, 18.10, 0, 0, 4.38
2019/05/05 18:42:00, 24.75, 24.23, 24.04, 19.82, 18.08, 0, 0, 4.38
2019/05/05 18:43:00, 24.75, 24.20, 24.03, 19.83, 18.11, 0, 0, 4.38
2019/05/05 18:44:00, 24.75, 24.22, 24.04, 19.95, 18.13, 0, 0, 4.38
2019/05/05 18:45:00, 24.75, 24.22, 24.03, 19.93, 18.15, 0, 0, 4.38
2019/05/05 18:46:00, 24.75, 24.23, 24.05, 19.89, 18.15, 0, 0, 4.38
2019/05/05 18:47:00, 24.75, 24.23, 24.03, 19.93, 18.16, 0, 0, 4.38
2019/05/05 18:48:00, 24.75, 24.20, 24.02, 19.96, 18.16, 0, 0, 4.38
2019/05/05 18:49:00, 24.75, 24.23, 24.04, 19.94, 18.17, 0, 0, 4.38
2019/05/05 18:50:00, 24.75, 24.20, 24.02, 19.96, 18.19, 0, 0, 4.38
2019/05/05 18:51:00, 24.75, 24.20, 24.04, 19.96, 18.20, 0, 0, 4.38
2019/05/05 18:52:00, 24.75, 24.18, 23.98, 20.02, 18.22, 0, 0, 4.38
2019/05/05 18:53:00, 24.75, 24.18, 24.01, 19.96, 18.25, 0, 0, 4.38
2019/05/05 18:54:00, 24.75, 24.19, 24.01, 20.01, 18.26, 0, 0, 4.38
2019/05/05 18:55:00, 24.75, 24.18, 24.01, 20.04, 18.26, 0, 0, 4.38
2019/05/05 18:56:00, 24.75, 24.15, 24.01, 20.04, 18.26, 0, 0, 4.38
2019/05/05 18:57:00, 24.75, 24.19, 24.01, 20.02, 18.28, 0, 0, 4.38
2019/05/05 18:58:00, 24.75, 24.19, 24.00, 20.10, 18.31, 0, 0, 4.38
2019/05/05 18:59:00, 24.75, 24.16, 23.98, 20.07, 18.29, 0, 0, 4.38
2019/05/05 19:00:00, 24.75, 24.16, 24.01, 20.10, 18.30, 0, 0, 4.38
2019/05/05 19:01:00, 24.75, 24.18, 23.97, 20.04, 18.32, 0, 0, 4.38
2019/05/05 19:02:00, 24.75, 24.15, 23.97, 20.12, 18.35, 0, 0, 4.38
2019/05/05 19:03:00, 24.75, 24.20, 23.97, 20.09, 18.36, 0, 0, 4.38
2019/05/05 19:04:00, 24.75, 24.15, 23.97, 20.13, 18.39, 0, 0, 4.38
2019/05/05 19:05:00, 24.75, 24.16, 24.00, 20.10, 18.38, 0, 0, 4.38
2019/05/05 19:06:00, 24.75, 24.15, 23.97, 20.17, 18.40, 0, 0, 4.38
2019/05/05 19:07:00, 24.75, 24.16, 23.97, 20.15, 18.42, 0, 0, 4.38
2019/05/05 19:08:00, 24.75, 24.14, 23.95, 20.21, 18.41, 0, 0, 4.38
2019/05/05 19:09:00, 24.75, 24.14, 23.95, 20.18, 18.42, 0, 0, 4.38
2019/05/05 19:10:00, 24.75, 24.12, 23.92, 20.24, 18.46, 0, 0, 4.38
2019/05/05 19:11:00, 24.75, 24.12, 23.94, 20.23, 18.47, 0, 0, 4.38
2019/05/05 19:12:00, 24.75, 24.09, 23.94, 20.24, 18.49, 0, 0, 4.38
2019/05/05 19:13:00, 24.75, 24.14, 23.95, 20.26, 18.47, 0, 0, 4.38
2019/05/05 19:14:00, 24.75, 24.14, 23.95, 20.24, 18.50, 0, 0, 4.38
2019/05/05 19:15:00, 24.75, 24.14, 23.94, 20.31, 18.50, 0, 0, 4.38
2019/05/05 19:16:00, 24.75, 24.12, 23.95, 20.26, 18.50, 0, 0, 4.38
2019/05/05 19:17:00, 24.75, 24.12, 23.95, 20.28, 18.51, 0, 0, 4.38
2019/05/05 19:18:00, 24.75, 24.14, 23.95, 20.26, 18.51, 0, 0, 4.38
2019/05/05 19:19:00, 24.75, 24.12, 23.95, 20.30, 18.52, 0, 0, 4.38
2019/05/05 19:20:00, 24.75, 24.12, 23.95, 20.28, 18.51, 0, 0, 4.38
2019/05/05 19:21:00, 24.75, 24.14, 23.97, 20.26, 18.52, 0, 0, 4.38
2019/05/05 19:22:00, 24.75, 24.12, 23.95, 20.26, 18.53, 0, 0, 4.38
2019/05/05 19:23:00, 24.75, 24.14, 23.95, 20.31, 18.55, 0, 0, 4.38
2019/05/05 19:24:00, 24.75, 24.14, 23.96, 20.31, 18.54, 0, 0, 4.38
2019/05/05 19:25:00, 24.75, 24.12, 23.94, 20.28, 18.52, 0, 0, 4.38
2019/05/05 19:26:00, 24.75, 24.14, 23.93, 20.36, 18.54, 0, 0, 4.38
2019/05/05 19:27:00, 24.75, 24.14, 23.92, 20.30, 18.54, 0, 0, 4.38
2019/05/05 19:28:00, 24.75, 24.12, 23.95, 20.26, 18.52, 0, 0, 4.38
2019/05/05 19:29:00, 24.75, 24.15, 23.96, 20.31, 18.55, 0, 0, 4.38
2019/05/05 19:30:00, 24.75, 24.15, 23.95, 20.34, 18.56, 0, 0, 4.38
2019/05/05 19:31:00, 24.75, 24.14, 23.96, 20.34, 18.56, 0, 0, 4.38
2019/05/05 19:32:00, 24.75, 24.15, 23.94, 20.31, 18.56, 0, 0, 4.38
2019/05/05 19:33:00, 24.75, 24.15, 23.95, 20.35, 18.57, 0, 0, 4.38
2019/05/05 19:34:00, 24.75, 24.14, 23.95, 20.31, 18.55, 0, 0, 4.38
2019/05/05 19:35:00, 24.75, 24.14, 23.96, 20.33, 18.56, 0, 0, 4.38
2019/05/05 19:36:00, 24.75, 24.15, 23.94, 20.39, 18.55, 0, 0, 4.38
2019/05/05 19:37:00, 24.75, 24.15, 23.96, 20.34, 18.57, 0, 0, 4.38
2019/05/05 19:38:00, 24.75, 24.15, 23.98, 20.36, 18.58, 0, 0, 4.38
2019/05/05 19:39:00, 24.75, 24.14, 23.94, 20.33, 18.55, 0, 0, 4.38
2019/05/05 19:40:00, 24.75, 24.12, 23.96, 20.36, 18.56, 0, 0, 4.38
2019/05/05 19:41:00, 24.75, 24.16, 23.94, 20.39, 18.56, 0, 0, 4.38
2019/05/05 19:42:00, 24.75, 24.15, 23.94, 20.26, 18.55, 0, 0, 4.38
2019/05/05 19:43:00, 24.75, 24.14, 23.96, 20.28, 18.52, 0, 0, 4.38
2019/05/05 19:44:00, 24.75, 24.15, 23.96, 20.31, 18.55, 0, 0, 4.38
2019/05/05 19:45:00, 24.75, 24.15, 23.97, 20.33, 18.54, 0, 0, 4.38
2019/05/05 19:46:00, 24.75, 24.15, 23.95, 20.33, 18.58, 0, 0, 4.38
2019/05/05 19:47:00, 24.75, 24.15, 23.98, 20.30, 18.54, 0, 0, 4.38
2019/05/05 19:48:00, 24.75, 24.14, 23.95, 20.30, 18.54, 0, 0, 4.38
2019/05/05 19:49:00, 24.75, 24.15, 23.95, 20.36, 18.55, 0, 0, 4.38
2019/05/05 19:50:00, 24.75, 24.15, 23.94, 20.33, 18.55, 0, 0, 4.38
2019/05/05 19:51:00, 24.75, 24.15, 23.95, 20.28, 18.56, 0, 0, 4.38
2019/05/05 19:52:00, 24.75, 24.15, 23.95, 20.34, 18.56, 0, 0, 4.38
2019/05/05 19:53:00, 24.75, 24.14, 23.96, 20.36, 18.55, 0, 0, 4.38
2019/05/05 19:54:00, 24.75, 24.15, 23.97, 20.30, 18.55, 0, 0, 4.38
2019/05/05 19:55:00, 24.75, 24.12, 23.96, 20.33, 18.55, 0, 0, 4.38
2019/05/05 19:56:00, 24.75, 24.14, 23.95, 20.33, 18.53, 0, 0, 4.38
2019/05/05 19:57:00, 24.75, 24.14, 23.94, 20.27, 18.53, 0, 0, 4.38
2019/05/05 19:58:00, 24.75, 24.11, 23.93, 20.30, 18.52, 0, 0, 4.38
2019/05/05 19:59:00, 24.75, 24.14, 23.93, 20.28, 18.53, 0, 0, 4.38
2019/05/05 20:00:00, 24.75, 24.14, 23.92, 20.34, 18.52, 0, 0, 4.38
2019/05/05 20:01:00, 24.75, 24.11, 23.94, 20.29, 18.50, 0, 0, 4.38
2019/05/05 20:02:00, 24.75, 24.12, 23.95, 20.26, 18.52, 0, 0, 4.38
2019/05/05 20:03:00, 24.75, 24.12, 23.94, 20.30, 18.48, 0, 0, 4.38
2019/05/05 20:04:00, 24.75, 24.11, 23.92, 20.23, 18.46, 0, 0, 4.38
2019/05/05 20:05:00, 24.75, 24.12, 23.92, 20.20, 18.46, 0, 0, 4.38
2019/05/05 20:06:00, 24.75, 24.12, 23.92, 20.21, 18.46, 0, 0, 4.38
2019/05/05 20:07:00, 24.75, 24.11, 23.92, 20.20, 18.42, 0, 0, 4.38
2019/05/05 20:08:00, 24.75, 24.12, 23.94, 20.20, 18.43, 0, 0, 4.38
2019/05/05 20:09:00, 24.75, 24.12, 23.92, 20.12, 18.39, 0, 0, 4.38
2019/05/05 20:10:00, 24.75, 24.11, 23.94, 20.13, 18.40, 0, 0, 4.38
2019/05/05 20:11:00, 24.75, 24.11, 23.92, 20.08, 18.36, 0, 0, 4.38
2019/05/05 20:12:00, 24.75, 24.07, 23.88, 20.13, 18.36, 0, 0, 4.38
2019/05/05 20:13:00, 24.75, 24.07, 23.87, 20.16, 18.38, 0, 0, 4.38
2019/05/05 20:14:00, 24.75, 24.08, 23.86, 20.11, 18.38, 0, 0, 4.38
2019/05/05 20:15:00, 24.75, 24.07, 23.86, 20.10, 18.36, 0, 0, 4.38
2019/05/05 20:16:00, 24.75, 24.04, 23.84, 20.10, 18.36, 0, 0, 4.38
2019/05/05 20:17:00, 24.75, 24.02, 23.82, 20.06, 18.33, 0, 0, 4.38
2019/05/05 20:18:00, 24.75, 24.01, 23.82, 20.09, 18.38, 0, 0, 4.38
2019/05/05 20:19:00, 24.50, 24.01, 23.81, 20.08, 18.36, 0, 0, 4.38
2019/05/05 20:20:00, 24.75, 23.98, 23.79, 20.12, 18.34, 0, 0, 4.38
2019/05/05 20:21:00, 24.75, 24.01, 23.80, 20.11, 18.34, 0, 0, 4.38
2019/05/05 20:22:00, 24.50, 23.99, 23.78, 20.11, 18.34, 0, 0, 4.38
2019/05/05 20:23:00, 24.50, 23.98, 23.80, 20.07, 18.33, 0, 0, 4.38
2019/05/05 20:24:00, 24.50, 24.01, 23.81, 20.03, 18.29, 0, 0, 4.38
2019/05/05 20:25:00, 24.50, 23.97, 23.79, 20.01, 18.23, 0, 0, 4.38
2019/05/05 20:26:00, 24.50, 23.97, 23.79, 19.96, 18.26, 0, 0, 4.38
2019/05/05 20:27:00, 24.50, 23.97, 23.76, 19.94, 18.23, 0, 0, 4.38
2019/05/05 20:28:00, 24.50, 23.94, 23.73, 19.98, 18.24, 0, 0, 4.38
2019/05/05 20:29:00, 24.50, 23.95, 23.74, 20.01, 18.28, 0, 0, 4.38
2019/05/05 20:30:00, 24.50, 23.91, 23.73, 19.92, 18.20, 0, 0, 4.38
2019/05/05 20:31:00, 24.50, 23.91, 23.71, 19.96, 18.22, 0, 0, 4.38
2019/05/05 20:32:00, 24.50, 23.94, 23.72, 19.91, 18.22, 0, 0, 4.38
2019/05/05 20:33:00, 24.50, 23.90, 23.72, 19.89, 18.19, 0, 0, 4.38
2019/05/05 20:34:00, 24.50, 23.91, 23.71, 19.91, 18.16, 0, 0, 4.38
2019/05/05 20:35:00, 24.50, 23.91, 23.69, 19.89, 18.17, 0, 0, 4.38
2019/05/05 20:36:00, 24.50, 23.87, 23.67, 19.84, 18.14, 0, 0, 4.38
2019/05/05 20:37:00, 24.50, 23.90, 23.68, 19.89, 18.13, 0, 0, 4.38
2019/05/05 20:38:00, 24.50, 23.88, 23.72, 19.87, 18.14, 0, 0, 4.38
2019/05/05 20:39:00, 24.50, 23.91, 23.71, 19.81, 18.12, 0, 0, 4.38
2019/05/05 20:40:00, 24.50, 23.87, 23.68, 19.81, 18.07, 0, 0, 4.38
2019/05/05 20:41:00, 24.50, 23.87, 23.68, 19.76, 18.06, 0, 0, 4.38
2019/05/05 20:42:00, 24.50, 23.88, 23.66, 19.78, 18.04, 0, 0, 4.38
2019/05/05 20:43:00, 24.50, 23.88, 23.68, 19.76, 18.03, 0, 0, 4.38
2019/05/05 20:44:00, 24.50, 23.85, 23.67, 19.74, 18.01, 0, 0, 4.38
2019/05/05 20:45:00, 24.50, 23.87, 23.66, 19.74, 17.98, 0, 0, 4.38
2019/05/05 20:46:00, 24.50, 23.85, 23.66, 19.73, 17.98, 0, 0, 4.38
2019/05/05 20:47:00, 24.50, 23.84, 23.65, 19.64, 17.98, 0, 0, 4.38
2019/05/05 20:48:00, 24.50, 23.85, 23.64, 19.74, 17.97, 0, 0, 4.38
2019/05/05 20:49:00, 24.50, 23.87, 23.67, 19.69, 17.97, 0, 0, 4.38
2019/05/05 20:50:00, 24.50, 23.84, 23.63, 19.68, 17.92, 0, 0, 4.38
2019/05/05 20:51:00, 24.50, 23.84, 23.64, 19.71, 17.94, 0, 0, 4.38
2019/05/05 20:52:00, 24.50, 23.83, 23.64, 19.68, 17.92, 0, 0, 4.38
2019/05/05 20:53:00, 24.50, 23.83, 23.63, 19.56, 17.89, 0, 0, 4.38
2019/05/05 20:54:00, 24.50, 23.83, 23.64, 19.59, 17.87, 0, 0, 4.38
2019/05/05 20:55:00, 24.50, 23.83, 23.64, 19.50, 17.86, 0, 0, 4.38
2019/05/05 20:56:00, 24.50, 23.84, 23.64, 19.59, 17.86, 0, 0, 4.38
2019/05/05 20:57:00, 24.50, 23.81, 23.63, 19.56, 17.85, 0, 0, 4.38
2019/05/05 20:58:00, 24.50, 23.81, 23.63, 19.56, 17.83, 0, 0, 4.38
2019/05/05 20:59:00, 24.50, 23.83, 23.61, 19.64, 17.85, 0, 0, 4.38
2019/05/05 21:00:00, 24.50, 23.83, 23.60, 19.55, 17.84, 0, 0, 4.38
2019/05/05 21:01:00, 24.50, 23.80, 23.62, 19.63, 17.84, 0, 0, 4.38
2019/05/05 21:02:00, 24.50, 23.83, 23.62, 19.51, 17.81, 0, 0, 4.38
2019/05/05 21:03:00, 24.50, 23.80, 23.60, 19.53, 17.78, 0, 0, 4.38
2019/05/05 21:04:00, 24.50, 23.79, 23.60, 19.46, 17.75, 0, 0, 4.38
2019/05/05 21:05:00, 24.50, 23.79, 23.59, 19.53, 17.74, 0, 0, 4.38
2019/05/05 21:06:00, 24.50, 23.81, 23.62, 19.54, 17.81, 0, 0, 4.38
2019/05/05 21:07:00, 24.50, 23.81, 23.60, 19.48, 17.76, 0, 0, 4.38
2019/05/05 21:08:00, 24.50, 23.81, 23.60, 19.43, 17.74, 0, 0, 4.38
2019/05/05 21:09:00, 24.50, 23.81, 23.62, 19.48, 17.71, 0, 0, 4.38
2019/05/05 21:10:00, 24.50, 23.80, 23.60, 19.40, 17.71, 0, 0, 4.38
2019/05/05 21:11:00, 24.50, 23.80, 23.60, 19.45, 17.71, 0, 0, 4.38
2019/05/05 21:12:00, 24.50, 23.79, 23.60, 19.46, 17.71, 0, 0, 4.38
2019/05/05 21:13:00, 24.50, 23.80, 23.60, 19.43, 17.71, 0, 0, 4.38
2019/05/05 21:14:00, 24.50, 23.79, 23.60, 19.41, 17.71, 0, 0, 4.38
2019/05/05 21:15:00, 24.50, 23.80, 23.60, 19.45, 17.68, 0, 0, 4.38
2019/05/05 21:16:00, 24.50, 23.81, 23.60, 19.45, 17.68, 0, 0, 4.38
2019/05/05 21:17:00, 24.50, 23.79, 23.60, 19.43, 17.69, 0, 0, 4.38
2019/05/05 21:18:00, 24.50, 23.79, 23.60, 19.43, 17.70, 0, 0, 4.38
2019/05/05 21:19:00, 24.50, 23.77, 23.60, 19.45, 17.70, 0, 0, 4.38
2019/05/05 21:20:00, 24.50, 23.77, 23.57, 19.41, 17.66, 0, 0, 4.38
2019/05/05 21:21:00, 24.50, 23.79, 23.59, 19.41, 17.66, 0, 0, 4.38
2019/05/05 21:22:00, 24.50, 23.77, 23.56, 19.41, 17.66, 0, 0, 4.38
2019/05/05 21:23:00, 24.50, 23.76, 23.54, 19.43, 17.68, 0, 0, 4.38
2019/05/05 21:24:00, 24.50, 23.76, 23.54, 19.48, 17.69, 0, 0, 4.38
2019/05/05 21:25:00, 24.50, 23.76, 23.54, 19.36, 17.68, 0, 0, 4.38
2019/05/05 21:26:00, 24.50, 23.73, 23.56, 19.43, 17.70, 0, 0, 4.38
2019/05/05 21:27:00, 24.50, 23.76, 23.52, 19.41, 17.68, 0, 0, 4.38
2019/05/05 21:28:00, 24.50, 23.73, 23.52, 19.44, 17.69, 0, 0, 4.38
2019/05/05 21:29:00, 24.50, 23.71, 23.53, 19.45, 17.68, 0, 0, 4.38
2019/05/05 21:30:00, 24.50, 23.74, 23.53, 19.38, 17.67, 0, 0, 4.38
2019/05/05 21:31:00, 24.25, 23.70, 23.53, 19.41, 17.65, 0, 0, 4.38
2019/05/05 21:32:00, 24.50, 23.71, 23.51, 19.47, 17.70, 0, 0, 4.38
2019/05/05 21:33:00, 24.25, 23.71, 23.50, 19.45, 17.71, 0, 0, 4.38
2019/05/05 21:34:00, 24.50, 23.70, 23.50, 19.44, 17.71, 0, 0, 4.38
2019/05/05 21:35:00, 24.50, 23.71, 23.50, 19.44, 17.68, 0, 0, 4.38
2019/05/05 21:36:00, 24.25, 23.68, 23.49, 19.41, 17.71, 0, 0, 4.38
2019/05/05 21:37:00, 24.25, 23.71, 23.50, 19.39, 17.68, 0, 0, 4.38
2019/05/05 21:38:00, 24.25, 23.68, 23.49, 19.44, 17.69, 0, 0, 4.38
2019/05/05 21:39:00, 24.25, 23.71, 23.50, 19.49, 17.69, 0, 0, 4.38
2019/05/05 21:40:00, 24.25, 23.70, 23.49, 19.36, 17.68, 0, 0, 4.38
2019/05/05 21:41:00, 24.25, 23.68, 23.50, 19.39, 17.68, 0, 0, 4.38
2019/05/05 21:42:00, 24.25, 23.68, 23.48, 19.42, 17.66, 0, 0, 4.38
2019/05/05 21:43:00, 24.25, 23.70, 23.50, 19.42, 17.68, 0, 0, 4.38
2019/05/05 21:44:00, 24.25, 23.68, 23.48, 19.37, 17.65, 0, 0, 4.38
2019/05/05 21:45:00, 24.25, 23.67, 23.49, 19.45, 17.68, 0, 0, 4.38
2019/05/05 21:46:00, 24.25, 23.67, 23.46, 19.47, 17.70, 0, 0, 4.38
2019/05/05 21:47:00, 24.25, 23.65, 23.48, 19.44, 17.68, 0, 0, 4.38
2019/05/05 21:48:00, 24.25, 23.67, 23.47, 19.47, 17.68, 0, 0, 4.38
2019/05/05 21:49:00, 24.25, 23.67, 23.47, 19.39, 17.69, 0, 0, 4.38
2019/05/05 21:50:00, 24.25, 23.65, 23.48, 19.45, 17.68, 0, 0, 4.38
2019/05/05 21:51:00, 24.25, 23.68, 23.48, 19.44, 17.71, 0, 0, 4.38
2019/05/05 21:52:00, 24.25, 23.67, 23.49, 19.37, 17.66, 0, 0, 4.38
2019/05/05 21:53:00, 24.25, 23.67, 23.47, 19.39, 17.65, 0, 0, 4.38
2019/05/05 21:54:00, 24.25, 23.70, 23.48, 19.44, 17.66, 0, 0, 4.38
2019/05/05 21:55:00, 24.25, 23.67, 23.47, 19.39, 17.66, 0, 0, 4.38
2019/05/05 21:56:00, 24.25, 23.70, 23.49, 19.39, 17.67, 0, 0, 4.38
2019/05/05 21:57:00, 24.25, 23.68, 23.46, 19.36, 17.65, 0, 0, 4.38
2019/05/05 21:58:00, 24.25, 23.67, 23.49, 19.41, 17.65, 0, 0, 4.38
2019/05/05 21:59:00, 24.25, 23.68, 23.48, 19.39, 17.65, 0, 0, 4.38
2019/05/05 22:00:00, 24.25, 23.67, 23.47, 19.36, 17.63, 0, 0, 4.38
2019/05/05 22:01:00, 24.25, 23.67, 23.45, 19.39, 17.65, 0, 0, 4.38
2019/05/05 22:02:00, 24.25, 23.67, 23.49, 19.39, 17.65, 0, 0, 4.38
2019/05/05 22:03:00, 24.25, 23.63, 23.45, 19.40, 17.63, 0, 0, 4.38
2019/05/05 22:04:00, 24.25, 23.65, 23.47, 19.32, 17.65, 0, 0, 4.38
2019/05/05 22:05:00, 24.25, 23.63, 23.45, 19.34, 17.63, 0, 0, 4.38
2019/05/05 22:06:00, 24.25, 23.64, 23.45, 19.42, 17.65, 0, 0, 4.38
2019/05/05 22:07:00, 24.25, 23.65, 23.45, 19.39, 17.68, 0, 0, 4.38
2019/05/05 22:08:00, 24.25, 23.63, 23.45, 19.37, 17.65, 0, 0, 4.38
2019/05/05 22:09:00, 24.25, 23.64, 23.46, 19.37, 17.65, 0, 0, 4.38
2019/05/05 22:10:00, 24.25, 23.65, 23.44, 19.37, 17.65, 0, 0, 4.38
2019/05/05 22:11:00, 24.25, 23.65, 23.45, 19.34, 17.65, 0, 0, 4.38
2019/05/05 22:12:00, 24.25, 23.64, 23.44, 19.42, 17.67, 0, 0, 4.38
2019/05/05 22:13:00, 24.25, 23.63, 23.41, 19.44, 17.67, 0, 0, 4.38
2019/05/05 22:14:00, 24.25, 23.63, 23.43, 19.44, 17.68, 0, 0, 4.38
2019/05/05 22:15:00, 24.25, 23.60, 23.44, 19.44, 17.69, 0, 0, 4.38
2019/05/05 22:16:00, 24.25, 23.65, 23.42, 19.35, 17.68, 0, 0, 4.38
2019/05/05 22:17:00, 24.25, 23.61, 23.43, 19.40, 17.67, 0, 0, 4.38
2019/05/05 22:18:00, 24.25, 23.63, 23.44, 19.42, 17.67, 0, 0, 4.38
2019/05/05 22:19:00, 24.25, 23.63, 23.46, 19.42, 17.65, 0, 0, 4.38
2019/05/05 22:20:00, 24.25, 23.61, 23.45, 19.37, 17.60, 0, 0, 4.38
2019/05/05 22:21:00, 24.25, 23.61, 23.43, 19.39, 17.66, 0, 0, 4.38
2019/05/05 22:22:00, 24.25, 23.61, 23.45, 19.44, 17.67, 0, 0, 4.38
2019/05/05 22:23:00, 24.25, 23.63, 23.42, 19.37, 17.64, 0, 0, 4.38
2019/05/05 22:24:00, 24.25, 23.60, 23.42, 19.31, 17.60, 0, 0, 4.38
2019/05/05 22:25:00, 24.25, 23.59, 23.41, 19.42, 17.63, 0, 0, 4.38
2019/05/05 22:26:00, 24.25, 23.60, 23.41, 19.42, 17.67, 0, 0, 4.38
2019/05/05 22:27:00, 24.25, 23.60, 23.39, 19.48, 17.68, 0, 0, 4.38
2019/05/05 22:28:00, 24.25, 23.60, 23.41, 19.31, 17.65, 0, 0, 4.38
2019/05/05 22:29:00, 24.25, 23.59, 23.41, 19.40, 17.63, 0, 0, 4.38
2019/05/05 22:30:00, 24.25, 23.59, 23.41, 19.35, 17.61, 0, 0, 4.38
2019/05/05 22:31:00, 24.25, 23.59, 23.37, 19.35, 17.60, 0, 0, 4.38
2019/05/05 22:32:00, 24.25, 23.59, 23.38, 19.42, 17.63, 0, 0, 4.38
2019/05/05 22:33:00, 24.25, 23.59, 23.38, 19.38, 17.65, 0, 0, 4.38
2019/05/05 22:34:00, 24.25, 23.57, 23.37, 19.43, 17.64, 0, 0, 4.38
2019/05/05 22:35:00, 24.25, 23.57, 23.37, 19.32, 17.65, 0, 0, 4.38
2019/05/05 22:36:00, 24.25, 23.59, 23.37, 19.37, 17.65, 0, 0, 4.38
2019/05/05 22:37:00, 24.25, 23.57, 23.36, 19.35, 17.62, 0, 0, 4.38
2019/05/05 22:38:00, 24.25, 23.56, 23.37, 19.30, 17.62, 0, 0, 4.38
2019/05/05 22:39:00, 24.25, 23.56, 23.38, 19.32, 17.64, 0, 0, 4.38
2019/05/05 22:40:00, 24.25, 23.56, 23.36, 19.40, 17.64, 0, 0, 4.38
2019/05/05 22:41:00, 24.25, 23.59, 23.37, 19.40, 17.65, 0, 0, 4.38
2019/05/05 22:42:00, 24.25, 23.59, 23.36, 19.40, 17.61, 0, 0, 4.38
2019/05/05 22:43:00, 24.25, 23.57, 23.36, 19.37, 17.62, 0, 0, 4.38
2019/05/05 22:44:00, 24.25, 23.57, 23.37, 19.40, 17.64, 0, 0, 4.38
2019/05/05 22:45:00, 24.25, 23.57, 23.38, 19.32, 17.61, 0, 0, 4.38
2019/05/05 22:46:00, 24.25, 23.57, 23.38, 19.30, 17.61, 0, 0, 4.38
2019/05/05 22:47:00, 24.25, 23.59, 23.39, 19.34, 17.60, 0, 0, 4.38
2019/05/05 22:48:00, 24.25, 23.56, 23.39, 19.29, 17.59, 0, 0, 4.38
2019/05/05 22:49:00, 24.25, 23.57, 23.37, 19.33, 17.59, 0, 0, 4.38
2019/05/05 22:50:00, 24.25, 23.57, 23.36, 19.30, 17.57, 0, 0, 4.38
2019/05/05 22:51:00, 24.25, 23.56, 23.35, 19.31, 17.58, 0, 0, 4.38
2019/05/05 22:52:00, 24.25, 23.54, 23.37, 19.35, 17.63, 0, 0, 4.38
2019/05/05 22:53:00, 24.25, 23.54, 23.35, 19.33, 17.59, 0, 0, 4.38
2019/05/05 22:54:00, 24.25, 23.54, 23.36, 19.40, 17.62, 0, 0, 4.38
2019/05/05 22:55:00, 24.25, 23.56, 23.35, 19.37, 17.64, 0, 0, 4.38
2019/05/05 22:56:00, 24.25, 23.54, 23.34, 19.35, 17.59, 0, 0, 4.38
2019/05/05 22:57:00, 24.25, 23.54, 23.35, 19.30, 17.59, 0, 0, 4.38
2019/05/05 22:58:00, 24.25, 23.56, 23.35, 19.31, 17.61, 0, 0, 4.38
2019/05/05 22:59:00, 24.25, 23.57, 23.36, 19.33, 17.55, 0, 0, 4.38
2019/05/05 23:00:00, 24.25, 23.56, 23.36, 19.37, 17.58, 0, 0, 4.38
2019/05/05 23:01:00, 24.25, 23.57, 23.38, 19.24, 17.57, 0, 0, 4.38
2019/05/05 23:02:00, 24.25, 23.54, 23.35, 19.25, 17.53, 0, 0, 4.38
2019/05/05 23:03:00, 24.25, 23.57, 23.35, 19.35, 17.58, 0, 0, 4.38
2019/05/05 23:04:00, 24.25, 23.54, 23.34, 19.32, 17.55, 0, 0, 4.38
2019/05/05 23:05:00, 24.25, 23.54, 23.35, 19.35, 17.57, 0, 0, 4.38
2019/05/05 23:06:00, 24.25, 23.59, 23.36, 19.32, 17.57, 0, 0, 4.38
2019/05/05 23:07:00, 24.25, 23.56, 23.38, 19.27, 17.57, 0, 0, 4.38
2019/05/05 23:08:00, 24.25, 23.57, 23.36, 19.29, 17.53, 0, 0, 4.38
2019/05/05 23:09:00, 24.25, 23.56, 23.35, 19.32, 17.55, 0, 0, 4.38
2019/05/05 23:10:00, 24.25, 23.59, 23.36, 19.25, 17.55, 0, 0, 4.38
2019/05/05 23:11:00, 24.25, 23.56, 23.35, 19.24, 17.52, 0, 0, 4.38
2019/05/05 23:12:00, 24.25, 23.56, 23.37, 19.30, 17.52, 0, 0, 4.38
2019/05/05 23:13:00, 24.25, 23.56, 23.35, 19.24, 17.55, 0, 0, 4.38
2019/05/05 23:14:00, 24.25, 23.57, 23.36, 19.25, 17.51, 0, 0, 4.38
2019/05/05 23:15:00, 24.25, 23.56, 23.35, 19.30, 17.55, 0, 0, 4.38
2019/05/05 23:16:00, 24.25, 23.57, 23.36, 19.24, 17.51, 0, 0, 4.38
2019/05/05 23:17:00, 24.25, 23.57, 23.38, 19.27, 17.51, 0, 0, 4.38
2019/05/05 23:18:00, 24.25, 23.53, 23.34, 19.24, 17.52, 0, 0, 4.38
2019/05/05 23:19:00, 24.25, 23.59, 23.37, 19.29, 17.54, 0, 0, 4.38
2019/05/05 23:20:00, 24.25, 23.59, 23.35, 19.29, 17.53, 0, 0, 4.38
2019/05/05 23:21:00, 24.25, 23.56, 23.37, 19.19, 17.51, 0, 0, 4.38
2019/05/05 23:22:00, 24.25, 23.57, 23.36, 19.25, 17.53, 0, 0, 4.38
2019/05/05 23:23:00, 24.25, 23.56, 23.36, 19.27, 17.51, 0, 0, 4.38
2019/05/05 23:24:00, 24.25, 23.57, 23.37, 19.30, 17.52, 0, 0, 4.38
2019/05/05 23:25:00, 24.25, 23.59, 23.37, 19.24, 17.50, 0, 0, 4.38
2019/05/05 23:26:00, 24.25, 23.59, 23.37, 19.22, 17.51, 0, 0, 4.38
2019/05/05 23:27:00, 24.25, 23.59, 23.37, 19.20, 17.47, 0, 0, 4.38
2019/05/05 23:28:00, 24.25, 23.56, 23.38, 19.22, 17.50, 0, 0, 4.38
2019/05/05 23:29:00, 24.25, 23.59, 23.37, 19.27, 17.50, 0, 0, 4.38
2019/05/05 23:30:00, 24.25, 23.56, 23.36, 19.25, 17.51, 0, 0, 4.38
2019/05/05 23:31:00, 24.25, 23.57, 23.37, 19.27, 17.52, 0, 0, 4.38
2019/05/05 23:32:00, 24.25, 23.54, 23.36, 19.27, 17.52, 0, 0, 4.38
2019/05/05 23:33:00, 24.25, 23.56, 23.37, 19.27, 17.52, 0, 0, 4.38
2019/05/05 23:34:00, 24.25, 23.57, 23.36, 19.25, 17.50, 0, 0, 4.38
2019/05/05 23:35:00, 24.00, 23.57, 23.35, 19.22, 17.52, 0, 0, 4.38
2019/05/05 23:36:00, 24.25, 23.53, 23.34, 19.31, 17.52, 0, 0, 4.38
2019/05/05 23:37:00, 24.25, 23.54, 23.33, 19.27, 17.55, 0, 0, 4.38
2019/05/05 23:38:00, 24.25, 23.54, 23.35, 19.22, 17.56, 0, 0, 4.38
2019/05/05 23:39:00, 24.00, 23.53, 23.35, 19.29, 17.52, 0, 0, 4.38
2019/05/05 23:40:00, 24.25, 23.53, 23.35, 19.19, 17.53, 0, 0, 4.38
2019/05/05 23:41:00, 24.25, 23.54, 23.34, 19.33, 17.54, 0, 0, 4.38
2019/05/05 23:42:00, 24.00, 23.54, 23.35, 19.30, 17.59, 0, 0, 4.38
2019/05/05 23:43:00, 24.00, 23.54, 23.33, 19.27, 17.56, 0, 0, 4.38
2019/05/05 23:44:00, 24.00, 23.54, 23.34, 19.25, 17.55, 0, 0, 4.38
2019/05/05 23:45:00, 24.00, 23.54, 23.34, 19.31, 17.56, 0, 0, 4.38
2019/05/05 23:46:00, 24.00, 23.53, 23.36, 19.29, 17.56, 0, 0, 4.38
2019/05/05 23:47:00, 24.00, 23.53, 23.35, 19.25, 17.53, 0, 0, 4.38
