Data logger for tempereture and humidity.
Code, design, and soldering by Antti Mikkonen, a.mikkonen@iki.fi, 2019.
Based on open source projects and libraries. See source for details.
/home/ami/src/arduino/promini/logger_v8_ada/logger_v8_ada.ino
UTC time (year/month/date hour:minute:second), T RTC (C), T sht31 (C), T si7021 (C), RH sht31 (-), RH si7021 (-), heaterOn sht31 (bool),  heaterOn si7021 (bool), battery voltage (V)
2019/07/18 00:08:00, 23.25, 22.99, 22.76, 46.56, 46.26, 0, 0, 4.15
2019/07/18 00:09:00, 23.25, 22.98, 22.76, 46.52, 46.27, 0, 0, 4.15
2019/07/18 00:10:00, 23.25, 22.97, 22.77, 46.56, 46.28, 0, 0, 4.15
2019/07/18 00:11:00, 23.25, 23.01, 22.74, 46.61, 46.31, 0, 0, 4.15
2019/07/18 00:12:00, 23.25, 22.98, 22.76, 46.58, 46.31, 0, 0, 4.15
2019/07/18 00:13:00, 23.25, 22.95, 22.76, 46.58, 46.33, 0, 0, 4.15
2019/07/18 00:14:00, 23.25, 22.95, 22.76, 46.61, 46.29, 0, 0, 4.15
2019/07/18 00:15:00, 23.25, 22.95, 22.74, 46.61, 46.33, 0, 0, 4.15
2019/07/18 00:16:00, 23.25, 22.95, 22.74, 46.66, 46.35, 0, 0, 4.15
2019/07/18 00:17:00, 23.25, 22.95, 22.75, 46.66, 46.39, 0, 0, 4.15
2019/07/18 00:18:00, 23.25, 22.95, 22.76, 46.64, 46.39, 0, 0, 4.15
2019/07/18 00:19:00, 23.25, 22.97, 22.76, 46.73, 46.40, 0, 0, 4.15
2019/07/18 00:20:00, 23.25, 22.95, 22.74, 46.70, 46.40, 0, 0, 4.15
2019/07/18 00:21:00, 23.25, 22.95, 22.75, 46.71, 46.39, 0, 0, 4.15
2019/07/18 00:22:00, 23.25, 22.97, 22.75, 46.73, 46.40, 0, 0, 4.15
2019/07/18 00:23:00, 23.25, 22.94, 22.75, 46.72, 46.44, 0, 0, 4.15
2019/07/18 00:24:00, 23.25, 22.95, 22.74, 46.70, 46.42, 0, 0, 4.15
2019/07/18 00:25:00, 23.25, 22.94, 22.75, 46.72, 46.43, 0, 0, 4.15
2019/07/18 00:26:00, 23.25, 22.94, 22.76, 46.71, 46.42, 0, 0, 4.15
2019/07/18 00:27:00, 23.25, 22.95, 22.75, 46.72, 46.42, 0, 0, 4.15
2019/07/18 00:28:00, 23.25, 22.94, 22.73, 46.76, 46.43, 0, 0, 4.15
2019/07/18 00:29:00, 23.25, 22.95, 22.74, 46.73, 46.42, 0, 0, 4.16
2019/07/18 00:30:00, 23.25, 22.92, 22.75, 46.75, 46.45, 0, 0, 4.15
2019/07/18 00:31:00, 23.25, 22.92, 22.72, 46.79, 46.49, 0, 0, 4.15
2019/07/18 00:32:00, 23.25, 22.94, 22.73, 46.78, 46.47, 0, 0, 4.15
2019/07/18 00:33:00, 23.25, 22.90, 22.73, 46.84, 46.51, 0, 0, 4.15
2019/07/18 00:34:00, 23.25, 22.94, 22.72, 46.79, 46.50, 0, 0, 4.15
2019/07/18 00:35:00, 23.25, 22.92, 22.72, 46.86, 46.54, 0, 0, 4.15
2019/07/18 00:36:00, 23.25, 22.92, 22.73, 46.85, 46.55, 0, 0, 4.15
2019/07/18 00:37:00, 23.25, 22.92, 22.73, 46.80, 46.55, 0, 0, 4.15
2019/07/18 00:38:00, 23.25, 22.91, 22.71, 46.82, 46.54, 0, 0, 4.15
2019/07/18 00:39:00, 23.25, 22.94, 22.72, 46.84, 46.55, 0, 0, 4.15
2019/07/18 00:40:00, 23.25, 22.92, 22.71, 46.86, 46.57, 0, 0, 4.15
2019/07/18 00:41:00, 23.25, 22.91, 22.70, 46.87, 46.57, 0, 0, 4.15
2019/07/18 00:42:00, 23.25, 22.92, 22.69, 46.85, 46.56, 0, 0, 4.15
2019/07/18 00:43:00, 23.25, 22.91, 22.70, 46.89, 46.58, 0, 0, 4.15
2019/07/18 00:44:00, 23.25, 22.94, 22.71, 46.91, 46.61, 0, 0, 4.15
2019/07/18 00:45:00, 23.25, 22.92, 22.69, 46.87, 46.61, 0, 0, 4.15
2019/07/18 00:46:00, 23.25, 22.90, 22.71, 46.89, 46.59, 0, 0, 4.15
2019/07/18 00:47:00, 23.25, 22.88, 22.69, 46.90, 46.59, 0, 0, 4.15
2019/07/18 00:48:00, 23.25, 22.90, 22.70, 46.87, 46.61, 0, 0, 4.16
2019/07/18 00:49:00, 23.25, 22.91, 22.68, 46.95, 46.59, 0, 0, 4.15
2019/07/18 00:50:00, 23.25, 22.91, 22.68, 46.95, 46.64, 0, 0, 4.15
2019/07/18 00:51:00, 23.25, 22.88, 22.67, 46.91, 46.64, 0, 0, 4.15
2019/07/18 00:52:00, 23.25, 22.90, 22.69, 46.97, 46.65, 0, 0, 4.15
2019/07/18 00:53:00, 23.25, 22.88, 22.69, 46.99, 46.66, 0, 0, 4.15
2019/07/18 00:54:00, 23.25, 22.90, 22.67, 46.95, 46.68, 0, 0, 4.15
2019/07/18 00:55:00, 23.25, 22.88, 22.67, 47.04, 46.67, 0, 0, 4.15
2019/07/18 00:56:00, 23.25, 22.90, 22.65, 46.97, 46.71, 0, 0, 4.15
2019/07/18 00:57:00, 23.25, 22.90, 22.68, 46.98, 46.70, 0, 0, 4.15
2019/07/18 00:58:00, 23.25, 22.88, 22.68, 46.95, 46.67, 0, 0, 4.15
2019/07/18 00:59:00, 23.25, 22.88, 22.68, 46.98, 46.70, 0, 0, 4.15
2019/07/18 01:00:00, 23.25, 22.88, 22.65, 46.99, 46.71, 0, 0, 4.15
2019/07/18 01:01:00, 23.25, 22.87, 22.68, 47.01, 46.72, 0, 0, 4.15
2019/07/18 01:02:00, 23.25, 22.87, 22.65, 47.04, 46.71, 0, 0, 4.15
2019/07/18 01:03:00, 23.25, 22.87, 22.64, 47.02, 46.73, 0, 0, 4.15
2019/07/18 01:04:00, 23.25, 22.85, 22.65, 47.05, 46.72, 0, 0, 4.15
2019/07/18 01:05:00, 23.25, 22.87, 22.68, 47.00, 46.75, 0, 0, 4.15
2019/07/18 01:06:00, 23.25, 22.85, 22.64, 47.03, 46.71, 0, 0, 4.15
2019/07/18 01:07:00, 23.25, 22.87, 22.63, 47.04, 46.74, 0, 0, 4.15
2019/07/18 01:08:00, 23.25, 22.88, 22.63, 47.06, 46.74, 0, 0, 4.15
2019/07/18 01:09:00, 23.25, 22.85, 22.63, 47.06, 46.73, 0, 0, 4.15
2019/07/18 01:10:00, 23.25, 22.85, 22.64, 47.09, 46.78, 0, 0, 4.15
2019/07/18 01:11:00, 23.25, 22.85, 22.64, 47.06, 46.78, 0, 0, 4.15
2019/07/18 01:12:00, 23.25, 22.85, 22.63, 47.11, 46.78, 0, 0, 4.15
2019/07/18 01:13:00, 23.25, 22.84, 22.67, 47.08, 46.80, 0, 0, 4.15
2019/07/18 01:14:00, 23.25, 22.84, 22.61, 47.13, 46.81, 0, 0, 4.15
2019/07/18 01:15:00, 23.25, 22.82, 22.64, 47.07, 46.79, 0, 0, 4.15
2019/07/18 01:16:00, 23.25, 22.85, 22.63, 47.11, 46.79, 0, 0, 4.15
2019/07/18 01:17:00, 23.25, 22.84, 22.63, 47.07, 46.80, 0, 0, 4.15
2019/07/18 01:18:00, 23.25, 22.85, 22.64, 47.07, 46.80, 0, 0, 4.15
2019/07/18 01:19:00, 23.25, 22.87, 22.62, 47.04, 46.79, 0, 0, 4.15
2019/07/18 01:20:00, 23.25, 22.85, 22.64, 47.08, 46.79, 0, 0, 4.15
2019/07/18 01:21:00, 23.25, 22.81, 22.63, 47.15, 46.84, 0, 0, 4.15
2019/07/18 01:22:00, 23.25, 22.84, 22.61, 47.14, 46.84, 0, 0, 4.15
2019/07/18 01:23:00, 23.25, 22.82, 22.61, 47.18, 46.86, 0, 0, 4.15
2019/07/18 01:24:00, 23.25, 22.84, 22.63, 47.17, 46.84, 0, 0, 4.15
2019/07/18 01:25:00, 23.25, 22.82, 22.60, 47.12, 46.84, 0, 0, 4.15
2019/07/18 01:26:00, 23.25, 22.81, 22.60, 47.16, 46.83, 0, 0, 4.15
2019/07/18 01:27:00, 23.25, 22.81, 22.60, 47.18, 46.84, 0, 0, 4.15
2019/07/18 01:28:00, 23.25, 22.80, 22.60, 47.20, 46.87, 0, 0, 4.15
2019/07/18 01:29:00, 23.25, 22.84, 22.60, 47.19, 46.89, 0, 0, 4.15
2019/07/18 01:30:00, 23.25, 22.81, 22.59, 47.14, 46.87, 0, 0, 4.15
2019/07/18 01:31:00, 23.25, 22.80, 22.60, 47.20, 46.89, 0, 0, 4.15
2019/07/18 01:32:00, 23.25, 22.81, 22.58, 47.18, 46.87, 0, 0, 4.15
2019/07/18 01:33:00, 23.25, 22.81, 22.59, 47.24, 46.90, 0, 0, 4.15
2019/07/18 01:34:00, 23.25, 22.78, 22.59, 47.20, 46.92, 0, 0, 4.15
2019/07/18 01:35:00, 23.25, 22.80, 22.60, 47.22, 46.91, 0, 0, 4.15
2019/07/18 01:36:00, 23.25, 22.81, 22.59, 47.21, 46.94, 0, 0, 4.15
2019/07/18 01:37:00, 23.25, 22.80, 22.58, 47.26, 46.94, 0, 0, 4.15
2019/07/18 01:38:00, 23.25, 22.80, 22.58, 47.21, 46.94, 0, 0, 4.15
2019/07/18 01:39:00, 23.25, 22.81, 22.60, 47.27, 46.95, 0, 0, 4.15
2019/07/18 01:40:00, 23.25, 22.78, 22.59, 47.21, 46.94, 0, 0, 4.15
2019/07/18 01:41:00, 23.25, 22.77, 22.60, 47.29, 46.96, 0, 0, 4.15
2019/07/18 01:42:00, 23.25, 22.78, 22.58, 47.26, 46.97, 0, 0, 4.15
2019/07/18 01:43:00, 23.25, 22.80, 22.58, 47.28, 46.97, 0, 0, 4.15
2019/07/18 01:44:00, 23.25, 22.81, 22.57, 47.21, 46.94, 0, 0, 4.15
2019/07/18 01:45:00, 23.25, 22.80, 22.58, 47.22, 46.90, 0, 0, 4.15
2019/07/18 01:46:00, 23.25, 22.78, 22.57, 47.30, 46.95, 0, 0, 4.15
2019/07/18 01:47:00, 23.25, 22.78, 22.57, 47.26, 46.97, 0, 0, 4.15
2019/07/18 01:48:00, 23.25, 22.78, 22.58, 47.27, 46.97, 0, 0, 4.15
2019/07/18 01:49:00, 23.25, 22.77, 22.56, 47.26, 46.95, 0, 0, 4.15
2019/07/18 01:50:00, 23.25, 22.80, 22.58, 47.29, 46.97, 0, 0, 4.16
2019/07/18 01:51:00, 23.25, 22.80, 22.59, 47.26, 46.97, 0, 0, 4.15
2019/07/18 01:52:00, 23.25, 22.78, 22.57, 47.24, 46.97, 0, 0, 4.15
2019/07/18 01:53:00, 23.25, 22.77, 22.57, 47.26, 46.97, 0, 0, 4.15
2019/07/18 01:54:00, 23.25, 22.80, 22.57, 47.31, 47.00, 0, 0, 4.15
2019/07/18 01:55:00, 23.25, 22.78, 22.56, 47.33, 46.97, 0, 0, 4.15
2019/07/18 01:56:00, 23.25, 22.78, 22.55, 47.29, 46.97, 0, 0, 4.15
2019/07/18 01:57:00, 23.25, 22.75, 22.58, 47.32, 46.99, 0, 0, 4.15
2019/07/18 01:58:00, 23.25, 22.78, 22.56, 47.29, 46.99, 0, 0, 4.15
2019/07/18 01:59:00, 23.25, 22.74, 22.58, 47.33, 46.99, 0, 0, 4.15
2019/07/18 02:00:00, 23.25, 22.75, 22.56, 47.34, 47.00, 0, 0, 4.15
2019/07/18 02:01:00, 23.25, 22.75, 22.54, 47.29, 46.98, 0, 0, 4.15
2019/07/18 02:02:00, 23.25, 22.77, 22.54, 47.34, 47.00, 0, 0, 4.15
2019/07/18 02:03:00, 23.25, 22.75, 22.56, 47.34, 47.02, 0, 0, 4.15
2019/07/18 02:04:00, 23.25, 22.74, 22.54, 47.36, 47.02, 0, 0, 4.15
2019/07/18 02:05:00, 23.25, 22.74, 22.54, 47.35, 47.04, 0, 0, 4.15
2019/07/18 02:06:00, 23.25, 22.74, 22.53, 47.35, 47.04, 0, 0, 4.15
2019/07/18 02:07:00, 23.25, 22.74, 22.54, 47.41, 47.05, 0, 0, 4.15
2019/07/18 02:08:00, 23.25, 22.74, 22.53, 47.39, 47.04, 0, 0, 4.15
2019/07/18 02:09:00, 23.25, 22.73, 22.53, 47.36, 47.06, 0, 0, 4.15
2019/07/18 02:10:00, 23.25, 22.74, 22.54, 47.39, 47.06, 0, 0, 4.15
2019/07/18 02:11:00, 23.25, 22.73, 22.53, 47.39, 47.05, 0, 0, 4.15
2019/07/18 02:12:00, 23.25, 22.74, 22.53, 47.40, 47.06, 0, 0, 4.15
2019/07/18 02:13:00, 23.25, 22.71, 22.51, 47.30, 47.04, 0, 0, 4.15
2019/07/18 02:14:00, 23.25, 22.74, 22.54, 47.36, 47.07, 0, 0, 4.15
2019/07/18 02:15:00, 23.00, 22.70, 22.54, 47.42, 47.09, 0, 0, 4.15
2019/07/18 02:16:00, 23.25, 22.73, 22.54, 47.41, 47.10, 0, 0, 4.15
2019/07/18 02:17:00, 23.25, 22.74, 22.50, 47.39, 47.11, 0, 0, 4.15
2019/07/18 02:18:00, 23.00, 22.73, 22.51, 47.40, 47.06, 0, 0, 4.15
2019/07/18 02:19:00, 23.00, 22.74, 22.51, 47.35, 47.06, 0, 0, 4.15
2019/07/18 02:20:00, 23.00, 22.70, 22.51, 47.34, 47.04, 0, 0, 4.15
2019/07/18 02:21:00, 23.00, 22.71, 22.50, 47.39, 47.07, 0, 0, 4.15
2019/07/18 02:22:00, 23.00, 22.74, 22.50, 47.36, 47.07, 0, 0, 4.15
2019/07/18 02:23:00, 23.00, 22.73, 22.51, 47.42, 47.10, 0, 0, 4.15
2019/07/18 02:24:00, 23.00, 22.71, 22.50, 47.44, 47.10, 0, 0, 4.15
2019/07/18 02:25:00, 23.00, 22.71, 22.50, 47.39, 47.07, 0, 0, 4.15
2019/07/18 02:26:00, 23.00, 22.71, 22.48, 47.34, 47.07, 0, 0, 4.15
2019/07/18 02:27:00, 23.00, 22.70, 22.49, 47.38, 47.06, 0, 0, 4.15
2019/07/18 02:28:00, 23.00, 22.70, 22.49, 47.37, 47.07, 0, 0, 4.15
2019/07/18 02:29:00, 23.00, 22.73, 22.49, 47.43, 47.09, 0, 0, 4.15
2019/07/18 02:30:00, 23.00, 22.71, 22.48, 47.40, 47.10, 0, 0, 4.15
2019/07/18 02:31:00, 23.00, 22.70, 22.47, 47.42, 47.10, 0, 0, 4.15
2019/07/18 02:32:00, 23.00, 22.73, 22.50, 47.43, 47.14, 0, 0, 4.15
2019/07/18 02:33:00, 23.00, 22.74, 22.49, 47.42, 47.11, 0, 0, 4.15
2019/07/18 02:34:00, 23.00, 22.70, 22.50, 47.46, 47.11, 0, 0, 4.15
2019/07/18 02:35:00, 23.00, 22.71, 22.48, 47.43, 47.12, 0, 0, 4.15
2019/07/18 02:36:00, 23.00, 22.71, 22.50, 47.36, 47.07, 0, 0, 4.15
2019/07/18 02:37:00, 23.00, 22.70, 22.50, 47.37, 47.07, 0, 0, 4.15
2019/07/18 02:38:00, 23.00, 22.69, 22.49, 47.36, 47.10, 0, 0, 4.15
2019/07/18 02:39:00, 23.00, 22.71, 22.49, 47.40, 47.09, 0, 0, 4.15
2019/07/18 02:40:00, 23.00, 22.70, 22.48, 47.37, 47.10, 0, 0, 4.15
2019/07/18 02:41:00, 23.00, 22.70, 22.49, 47.38, 47.07, 0, 0, 4.15
2019/07/18 02:42:00, 23.00, 22.73, 22.48, 47.38, 47.07, 0, 0, 4.15
2019/07/18 02:43:00, 23.00, 22.71, 22.50, 47.38, 47.09, 0, 0, 4.15
2019/07/18 02:44:00, 23.00, 22.70, 22.47, 47.48, 47.14, 0, 0, 4.15
2019/07/18 02:45:00, 23.00, 22.73, 22.47, 47.40, 47.13, 0, 0, 4.15
2019/07/18 02:46:00, 23.00, 22.70, 22.48, 47.44, 47.14, 0, 0, 4.15
2019/07/18 02:47:00, 23.00, 22.69, 22.49, 47.46, 47.13, 0, 0, 4.15
2019/07/18 02:48:00, 23.00, 22.70, 22.50, 47.44, 47.15, 0, 0, 4.15
2019/07/18 02:49:00, 23.00, 22.70, 22.49, 47.43, 47.13, 0, 0, 4.15
2019/07/18 02:50:00, 23.00, 22.71, 22.48, 47.46, 47.14, 0, 0, 4.15
2019/07/18 02:51:00, 23.00, 22.70, 22.49, 47.44, 47.16, 0, 0, 4.15
2019/07/18 02:52:00, 23.00, 22.71, 22.47, 47.47, 47.14, 0, 0, 4.15
2019/07/18 02:53:00, 23.00, 22.69, 22.47, 47.43, 47.14, 0, 0, 4.15
2019/07/18 02:54:00, 23.00, 22.73, 22.49, 47.43, 47.13, 0, 0, 4.15
2019/07/18 02:55:00, 23.00, 22.70, 22.49, 47.46, 47.14, 0, 0, 4.15
2019/07/18 02:56:00, 23.00, 22.69, 22.47, 47.40, 47.13, 0, 0, 4.15
2019/07/18 02:57:00, 23.00, 22.70, 22.48, 47.43, 47.16, 0, 0, 4.15
2019/07/18 02:58:00, 23.00, 22.67, 22.47, 47.43, 47.12, 0, 0, 4.15
2019/07/18 02:59:00, 23.00, 22.69, 22.48, 47.46, 47.13, 0, 0, 4.15
2019/07/18 03:00:00, 23.00, 22.70, 22.49, 47.45, 47.16, 0, 0, 4.15
2019/07/18 03:01:00, 23.00, 22.71, 22.47, 47.41, 47.15, 0, 0, 4.15
2019/07/18 03:02:00, 23.00, 22.70, 22.48, 47.37, 47.09, 0, 0, 4.15
2019/07/18 03:03:00, 23.00, 22.67, 22.47, 47.41, 47.09, 0, 0, 4.15
2019/07/18 03:04:00, 23.00, 22.70, 22.46, 47.38, 47.08, 0, 0, 4.15
2019/07/18 03:05:00, 23.00, 22.69, 22.48, 47.42, 47.10, 0, 0, 4.15
2019/07/18 03:06:00, 23.00, 22.69, 22.48, 47.44, 47.12, 0, 0, 4.15
2019/07/18 03:07:00, 23.00, 22.67, 22.46, 47.41, 47.12, 0, 0, 4.15
2019/07/18 03:08:00, 23.00, 22.67, 22.46, 47.48, 47.15, 0, 0, 4.15
2019/07/18 03:09:00, 23.00, 22.66, 22.45, 47.45, 47.16, 0, 0, 4.15
2019/07/18 03:10:00, 23.00, 22.70, 22.47, 47.45, 47.18, 0, 0, 4.15
2019/07/18 03:11:00, 23.00, 22.69, 22.47, 47.49, 47.17, 0, 0, 4.15
2019/07/18 03:12:00, 23.00, 22.67, 22.47, 47.46, 47.16, 0, 0, 4.15
2019/07/18 03:13:00, 23.00, 22.66, 22.47, 47.45, 47.13, 0, 0, 4.15
2019/07/18 03:14:00, 23.00, 22.69, 22.45, 47.46, 47.12, 0, 0, 4.15
2019/07/18 03:15:00, 23.00, 22.66, 22.44, 47.43, 47.12, 0, 0, 4.15
2019/07/18 03:16:00, 23.00, 22.64, 22.47, 47.49, 47.15, 0, 0, 4.15
2019/07/18 03:17:00, 23.00, 22.64, 22.45, 47.48, 47.19, 0, 0, 4.15
2019/07/18 03:18:00, 23.00, 22.66, 22.45, 47.46, 47.16, 0, 0, 4.15
2019/07/18 03:19:00, 23.00, 22.64, 22.44, 47.44, 47.16, 0, 0, 4.15
2019/07/18 03:20:00, 23.00, 22.67, 22.45, 47.46, 47.16, 0, 0, 4.15
2019/07/18 03:21:00, 23.00, 22.66, 22.44, 47.49, 47.15, 0, 0, 4.15
2019/07/18 03:22:00, 23.00, 22.66, 22.45, 47.49, 47.17, 0, 0, 4.15
2019/07/18 03:23:00, 23.00, 22.66, 22.44, 47.46, 47.19, 0, 0, 4.15
2019/07/18 03:24:00, 23.00, 22.66, 22.44, 47.45, 47.16, 0, 0, 4.15
2019/07/18 03:25:00, 23.00, 22.64, 22.43, 47.48, 47.16, 0, 0, 4.15
2019/07/18 03:26:00, 23.00, 22.66, 22.43, 47.49, 47.19, 0, 0, 4.15
2019/07/18 03:27:00, 23.00, 22.66, 22.43, 47.44, 47.15, 0, 0, 4.15
2019/07/18 03:28:00, 23.00, 22.64, 22.44, 47.45, 47.16, 0, 0, 4.15
2019/07/18 03:29:00, 23.00, 22.62, 22.43, 47.46, 47.16, 0, 0, 4.15
2019/07/18 03:30:00, 23.00, 22.64, 22.44, 47.46, 47.17, 0, 0, 4.15
2019/07/18 03:31:00, 23.00, 22.66, 22.44, 47.49, 47.20, 0, 0, 4.15
2019/07/18 03:32:00, 23.00, 22.64, 22.43, 47.49, 47.18, 0, 0, 4.15
2019/07/18 03:33:00, 23.00, 22.64, 22.43, 47.46, 47.19, 0, 0, 4.15
2019/07/18 03:34:00, 23.00, 22.64, 22.43, 47.49, 47.17, 0, 0, 4.15
2019/07/18 03:35:00, 23.00, 22.63, 22.43, 47.48, 47.19, 0, 0, 4.15
2019/07/18 03:36:00, 23.00, 22.63, 22.41, 47.47, 47.18, 0, 0, 4.15
2019/07/18 03:37:00, 23.00, 22.63, 22.41, 47.45, 47.19, 0, 0, 4.15
2019/07/18 03:38:00, 23.00, 22.64, 22.42, 47.48, 47.19, 0, 0, 4.15
2019/07/18 03:39:00, 23.00, 22.63, 22.42, 47.50, 47.21, 0, 0, 4.15
2019/07/18 03:40:00, 23.00, 22.62, 22.40, 47.52, 47.21, 0, 0, 4.15
2019/07/18 03:41:00, 23.00, 22.63, 22.42, 47.49, 47.20, 0, 0, 4.15
2019/07/18 03:42:00, 23.00, 22.62, 22.41, 47.51, 47.22, 0, 0, 4.15
2019/07/18 03:43:00, 23.00, 22.62, 22.42, 47.49, 47.19, 0, 0, 4.15
2019/07/18 03:44:00, 23.00, 22.62, 22.43, 47.48, 47.17, 0, 0, 4.15
2019/07/18 03:45:00, 23.00, 22.60, 22.39, 47.48, 47.19, 0, 0, 4.15
2019/07/18 03:46:00, 23.00, 22.60, 22.39, 47.49, 47.22, 0, 0, 4.15
2019/07/18 03:47:00, 23.00, 22.63, 22.41, 47.51, 47.19, 0, 0, 4.15
2019/07/18 03:48:00, 23.00, 22.63, 22.40, 47.53, 47.19, 0, 0, 4.15
2019/07/18 03:49:00, 23.00, 22.62, 22.39, 47.48, 47.18, 0, 0, 4.15
2019/07/18 03:50:00, 23.00, 22.62, 22.39, 47.54, 47.20, 0, 0, 4.15
2019/07/18 03:51:00, 23.00, 22.62, 22.41, 47.53, 47.21, 0, 0, 4.15
2019/07/18 03:52:00, 23.00, 22.60, 22.41, 47.52, 47.23, 0, 0, 4.15
2019/07/18 03:53:00, 23.00, 22.59, 22.41, 47.49, 47.20, 0, 0, 4.15
2019/07/18 03:54:00, 23.00, 22.60, 22.41, 47.54, 47.22, 0, 0, 4.15
2019/07/18 03:55:00, 23.00, 22.62, 22.38, 47.52, 47.23, 0, 0, 4.15
2019/07/18 03:56:00, 23.00, 22.62, 22.38, 47.55, 47.25, 0, 0, 4.15
2019/07/18 03:57:00, 23.00, 22.63, 22.39, 47.53, 47.26, 0, 0, 4.15
2019/07/18 03:58:00, 23.00, 22.60, 22.40, 47.49, 47.22, 0, 0, 4.15
2019/07/18 03:59:00, 23.00, 22.63, 22.39, 47.49, 47.22, 0, 0, 4.15
2019/07/18 04:00:00, 23.00, 22.59, 22.36, 47.53, 47.22, 0, 0, 4.15
2019/07/18 04:01:00, 23.00, 22.60, 22.36, 47.45, 47.18, 0, 0, 4.15
2019/07/18 04:02:00, 23.00, 22.60, 22.38, 47.45, 47.16, 0, 0, 4.15
2019/07/18 04:03:00, 23.00, 22.57, 22.38, 47.52, 47.22, 0, 0, 4.15
2019/07/18 04:04:00, 23.00, 22.59, 22.38, 47.54, 47.23, 0, 0, 4.15
2019/07/18 04:05:00, 23.00, 22.57, 22.39, 47.56, 47.23, 0, 0, 4.15
2019/07/18 04:06:00, 23.00, 22.59, 22.38, 47.54, 47.25, 0, 0, 4.15
2019/07/18 04:07:00, 23.00, 22.57, 22.36, 47.60, 47.26, 0, 0, 4.15
2019/07/18 04:08:00, 23.00, 22.60, 22.38, 47.61, 47.26, 0, 0, 4.15
2019/07/18 04:09:00, 23.00, 22.59, 22.36, 47.52, 47.26, 0, 0, 4.15
2019/07/18 04:10:00, 23.00, 22.57, 22.35, 47.52, 47.23, 0, 0, 4.15
2019/07/18 04:11:00, 23.00, 22.59, 22.39, 47.54, 47.23, 0, 0, 4.15
2019/07/18 04:12:00, 23.00, 22.57, 22.35, 47.52, 47.23, 0, 0, 4.15
2019/07/18 04:13:00, 23.00, 22.59, 22.36, 47.53, 47.23, 0, 0, 4.15
2019/07/18 04:14:00, 23.00, 22.59, 22.34, 47.57, 47.26, 0, 0, 4.15
2019/07/18 04:15:00, 23.00, 22.57, 22.34, 47.60, 47.26, 0, 0, 4.15
2019/07/18 04:16:00, 23.00, 22.56, 22.36, 47.61, 47.29, 0, 0, 4.15
2019/07/18 04:17:00, 23.00, 22.56, 22.34, 47.60, 47.29, 0, 0, 4.15
2019/07/18 04:18:00, 23.00, 22.53, 22.34, 47.52, 47.25, 0, 0, 4.15
2019/07/18 04:19:00, 23.00, 22.57, 22.34, 47.57, 47.25, 0, 0, 4.15
2019/07/18 04:20:00, 23.00, 22.57, 22.34, 47.56, 47.27, 0, 0, 4.15
2019/07/18 04:21:00, 23.00, 22.57, 22.36, 47.56, 47.25, 0, 0, 4.15
2019/07/18 04:22:00, 23.00, 22.54, 22.34, 47.53, 47.23, 0, 0, 4.15
2019/07/18 04:23:00, 23.00, 22.59, 22.34, 47.52, 47.21, 0, 0, 4.15
2019/07/18 04:24:00, 23.00, 22.56, 22.34, 47.62, 47.26, 0, 0, 4.15
2019/07/18 04:25:00, 23.00, 22.57, 22.34, 47.54, 47.27, 0, 0, 4.15
2019/07/18 04:26:00, 23.00, 22.56, 22.34, 47.57, 47.26, 0, 0, 4.15
2019/07/18 04:27:00, 23.00, 22.56, 22.34, 47.54, 47.25, 0, 0, 4.15
2019/07/18 04:28:00, 23.00, 22.56, 22.34, 47.57, 47.25, 0, 0, 4.15
2019/07/18 04:29:00, 23.00, 22.56, 22.34, 47.55, 47.23, 0, 0, 4.15
2019/07/18 04:30:00, 23.00, 22.54, 22.35, 47.52, 47.23, 0, 0, 4.15
2019/07/18 04:31:00, 23.00, 22.56, 22.34, 47.53, 47.26, 0, 0, 4.15
2019/07/18 04:32:00, 23.00, 22.54, 22.36, 47.57, 47.26, 0, 0, 4.15
2019/07/18 04:33:00, 23.00, 22.59, 22.34, 47.57, 47.25, 0, 0, 4.15
2019/07/18 04:34:00, 23.00, 22.56, 22.35, 47.55, 47.28, 0, 0, 4.15
2019/07/18 04:35:00, 23.00, 22.57, 22.35, 47.53, 47.25, 0, 0, 4.15
2019/07/18 04:36:00, 23.00, 22.56, 22.34, 47.51, 47.22, 0, 0, 4.15
2019/07/18 04:37:00, 23.00, 22.57, 22.35, 47.56, 47.23, 0, 0, 4.15
2019/07/18 04:38:00, 23.00, 22.56, 22.33, 47.45, 47.20, 0, 0, 4.15
2019/07/18 04:39:00, 23.00, 22.57, 22.32, 47.56, 47.23, 0, 0, 4.15
2019/07/18 04:40:00, 23.00, 22.56, 22.34, 47.52, 47.21, 0, 0, 4.15
2019/07/18 04:41:00, 23.00, 22.57, 22.34, 47.55, 47.23, 0, 0, 4.15
2019/07/18 04:42:00, 23.00, 22.54, 22.33, 47.49, 47.23, 0, 0, 4.15
2019/07/18 04:43:00, 23.00, 22.56, 22.34, 47.51, 47.25, 0, 0, 4.15
2019/07/18 04:44:00, 23.00, 22.56, 22.34, 47.52, 47.21, 0, 0, 4.15
2019/07/18 04:45:00, 23.00, 22.54, 22.35, 47.50, 47.23, 0, 0, 4.15
2019/07/18 04:46:00, 23.00, 22.57, 22.36, 47.52, 47.23, 0, 0, 4.15
2019/07/18 04:47:00, 23.00, 22.57, 22.34, 47.50, 47.22, 0, 0, 4.15
2019/07/18 04:48:00, 23.00, 22.57, 22.34, 47.52, 47.23, 0, 0, 4.15
2019/07/18 04:49:00, 23.00, 22.53, 22.34, 47.53, 47.23, 0, 0, 4.15
2019/07/18 04:50:00, 23.00, 22.56, 22.34, 47.51, 47.23, 0, 0, 4.15
2019/07/18 04:51:00, 23.00, 22.56, 22.33, 47.48, 47.23, 0, 0, 4.15
2019/07/18 04:52:00, 23.00, 22.53, 22.34, 47.55, 47.23, 0, 0, 4.15
2019/07/18 04:53:00, 23.00, 22.53, 22.33, 47.52, 47.23, 0, 0, 4.15
2019/07/18 04:54:00, 23.00, 22.57, 22.35, 47.53, 47.24, 0, 0, 4.15
2019/07/18 04:55:00, 23.00, 22.56, 22.32, 47.56, 47.23, 0, 0, 4.15
2019/07/18 04:56:00, 23.00, 22.57, 22.36, 47.53, 47.23, 0, 0, 4.15
2019/07/18 04:57:00, 23.00, 22.56, 22.36, 47.50, 47.23, 0, 0, 4.15
2019/07/18 04:58:00, 23.00, 22.57, 22.35, 47.49, 47.21, 0, 0, 4.15
2019/07/18 04:59:00, 23.00, 22.56, 22.35, 47.49, 47.20, 0, 0, 4.15
2019/07/18 05:00:00, 23.00, 22.59, 22.34, 47.48, 47.21, 0, 0, 4.15
2019/07/18 05:01:00, 23.00, 22.56, 22.34, 47.48, 47.17, 0, 0, 4.15
2019/07/18 05:02:00, 23.00, 22.56, 22.34, 47.51, 47.16, 0, 0, 4.15
2019/07/18 05:03:00, 23.00, 22.57, 22.36, 47.50, 47.18, 0, 0, 4.15
2019/07/18 05:04:00, 23.00, 22.56, 22.34, 47.51, 47.21, 0, 0, 4.15
2019/07/18 05:05:00, 23.00, 22.56, 22.34, 47.48, 47.19, 0, 0, 4.15
2019/07/18 05:06:00, 23.00, 22.56, 22.33, 47.55, 47.22, 0, 0, 4.15
2019/07/18 05:07:00, 23.00, 22.54, 22.34, 47.55, 47.24, 0, 0, 4.15
2019/07/18 05:08:00, 23.00, 22.59, 22.35, 47.49, 47.23, 0, 0, 4.15
2019/07/18 05:09:00, 23.00, 22.56, 22.36, 47.43, 47.23, 0, 0, 4.15
2019/07/18 05:10:00, 23.00, 22.56, 22.35, 47.50, 47.21, 0, 0, 4.15
2019/07/18 05:11:00, 23.00, 22.57, 22.38, 47.46, 47.19, 0, 0, 4.15
2019/07/18 05:12:00, 23.00, 22.57, 22.34, 47.50, 47.19, 0, 0, 4.15
2019/07/18 05:13:00, 23.00, 22.57, 22.35, 47.47, 47.19, 0, 0, 4.15
2019/07/18 05:14:00, 23.00, 22.54, 22.34, 47.50, 47.21, 0, 0, 4.15
2019/07/18 05:15:00, 23.00, 22.54, 22.34, 47.45, 47.16, 0, 0, 4.15
2019/07/18 05:16:00, 23.00, 22.53, 22.35, 47.47, 47.19, 0, 0, 4.15
2019/07/18 05:17:00, 23.00, 22.54, 22.34, 47.49, 47.18, 0, 0, 4.15
2019/07/18 05:18:00, 23.00, 22.57, 22.36, 47.43, 47.16, 0, 0, 4.15
2019/07/18 05:19:00, 23.00, 22.59, 22.35, 47.51, 47.21, 0, 0, 4.15
2019/07/18 05:20:00, 23.00, 22.56, 22.34, 47.51, 47.19, 0, 0, 4.15
2019/07/18 05:21:00, 23.00, 22.54, 22.35, 47.46, 47.19, 0, 0, 4.15
2019/07/18 05:22:00, 23.00, 22.57, 22.36, 47.46, 47.18, 0, 0, 4.15
2019/07/18 05:23:00, 23.00, 22.57, 22.34, 47.42, 47.16, 0, 0, 4.15
2019/07/18 05:24:00, 23.00, 22.59, 22.34, 47.43, 47.14, 0, 0, 4.15
2019/07/18 05:25:00, 23.00, 22.57, 22.34, 47.46, 47.16, 0, 0, 4.15
2019/07/18 05:26:00, 23.00, 22.59, 22.36, 47.47, 47.18, 0, 0, 4.15
2019/07/18 05:27:00, 23.00, 22.59, 22.34, 47.50, 47.21, 0, 0, 4.15
2019/07/18 05:28:00, 23.00, 22.56, 22.35, 47.51, 47.18, 0, 0, 4.15
2019/07/18 05:29:00, 23.00, 22.56, 22.36, 47.52, 47.21, 0, 0, 4.15
2019/07/18 05:30:00, 23.00, 22.59, 22.34, 47.46, 47.21, 0, 0, 4.15
2019/07/18 05:31:00, 23.00, 22.57, 22.35, 47.47, 47.19, 0, 0, 4.15
2019/07/18 05:32:00, 23.00, 22.57, 22.36, 47.41, 47.14, 0, 0, 4.15
2019/07/18 05:33:00, 23.00, 22.57, 22.36, 47.44, 47.21, 0, 0, 4.15
2019/07/18 05:34:00, 23.00, 22.56, 22.34, 47.49, 47.20, 0, 0, 4.15
2019/07/18 05:35:00, 23.00, 22.54, 22.36, 47.48, 47.18, 0, 0, 4.15
2019/07/18 05:36:00, 23.00, 22.57, 22.35, 47.51, 47.21, 0, 0, 4.15
2019/07/18 05:37:00, 23.00, 22.59, 22.35, 47.49, 47.18, 0, 0, 4.15
2019/07/18 05:38:00, 23.00, 22.57, 22.38, 47.49, 47.18, 0, 0, 4.15
2019/07/18 05:39:00, 23.00, 22.57, 22.34, 47.49, 47.22, 0, 0, 4.15
2019/07/18 05:40:00, 23.00, 22.57, 22.36, 47.46, 47.16, 0, 0, 4.15
2019/07/18 05:41:00, 23.00, 22.56, 22.38, 47.41, 47.16, 0, 0, 4.15
2019/07/18 05:42:00, 23.00, 22.57, 22.38, 47.51, 47.18, 0, 0, 4.15
2019/07/18 05:43:00, 23.00, 22.57, 22.38, 47.46, 47.19, 0, 0, 4.15
2019/07/18 05:44:00, 23.00, 22.59, 22.38, 47.46, 47.18, 0, 0, 4.15
2019/07/18 05:45:00, 23.00, 22.59, 22.36, 47.50, 47.17, 0, 0, 4.15
2019/07/18 05:46:00, 23.00, 22.62, 22.36, 47.42, 47.14, 0, 0, 4.15
2019/07/18 05:47:00, 23.00, 22.59, 22.36, 47.50, 47.18, 0, 0, 4.15
2019/07/18 05:48:00, 23.00, 22.59, 22.35, 47.46, 47.18, 0, 0, 4.15
2019/07/18 05:49:00, 23.00, 22.59, 22.35, 47.48, 47.16, 0, 0, 4.15
2019/07/18 05:50:00, 23.00, 22.57, 22.39, 47.43, 47.18, 0, 0, 4.15
2019/07/18 05:51:00, 23.00, 22.57, 22.35, 47.48, 47.17, 0, 0, 4.15
2019/07/18 05:52:00, 23.00, 22.60, 22.38, 47.54, 47.18, 0, 0, 4.15
2019/07/18 05:53:00, 23.00, 22.60, 22.38, 47.47, 47.19, 0, 0, 4.15
2019/07/18 05:54:00, 23.00, 22.57, 22.39, 47.48, 47.19, 0, 0, 4.15
2019/07/18 05:55:00, 23.00, 22.60, 22.39, 47.46, 47.18, 0, 0, 4.15
2019/07/18 05:56:00, 23.00, 22.59, 22.39, 47.52, 47.19, 0, 0, 4.15
2019/07/18 05:57:00, 23.00, 22.59, 22.41, 47.49, 47.19, 0, 0, 4.15
2019/07/18 05:58:00, 23.00, 22.59, 22.39, 47.49, 47.17, 0, 0, 4.15
2019/07/18 05:59:00, 23.00, 22.62, 22.39, 47.42, 47.16, 0, 0, 4.15
2019/07/18 06:00:00, 23.00, 22.62, 22.41, 47.44, 47.14, 0, 0, 4.15
2019/07/18 06:01:00, 23.00, 22.62, 22.40, 47.51, 47.18, 0, 0, 4.15
2019/07/18 06:02:00, 23.00, 22.60, 22.40, 47.44, 47.16, 0, 0, 4.15
2019/07/18 06:03:00, 23.00, 22.60, 22.40, 47.43, 47.16, 0, 0, 4.15
2019/07/18 06:04:00, 23.00, 22.62, 22.41, 47.42, 47.15, 0, 0, 4.15
2019/07/18 06:05:00, 23.00, 22.62, 22.39, 47.48, 47.17, 0, 0, 4.15
2019/07/18 06:06:00, 23.00, 22.63, 22.41, 47.48, 47.19, 0, 0, 4.15
2019/07/18 06:07:00, 23.00, 22.63, 22.40, 47.48, 47.19, 0, 0, 4.15
2019/07/18 06:08:00, 23.00, 22.60, 22.41, 47.49, 47.16, 0, 0, 4.15
2019/07/18 06:09:00, 23.00, 22.64, 22.41, 47.48, 47.16, 0, 0, 4.15
2019/07/18 06:10:00, 23.00, 22.63, 22.41, 47.49, 47.16, 0, 0, 4.15
2019/07/18 06:11:00, 23.00, 22.64, 22.40, 47.48, 47.15, 0, 0, 4.15
2019/07/18 06:12:00, 23.00, 22.60, 22.41, 47.44, 47.13, 0, 0, 4.15
2019/07/18 06:13:00, 23.00, 22.63, 22.41, 47.46, 47.16, 0, 0, 4.15
2019/07/18 06:14:00, 23.00, 22.63, 22.41, 47.52, 47.19, 0, 0, 4.15
2019/07/18 06:15:00, 23.00, 22.62, 22.42, 47.44, 47.19, 0, 0, 4.15
2019/07/18 06:16:00, 23.00, 22.63, 22.42, 47.46, 47.17, 0, 0, 4.15
2019/07/18 06:17:00, 23.00, 22.64, 22.41, 47.50, 47.17, 0, 0, 4.15
2019/07/18 06:18:00, 23.00, 22.63, 22.44, 47.46, 47.16, 0, 0, 4.15
2019/07/18 06:19:00, 23.00, 22.64, 22.42, 47.51, 47.18, 0, 0, 4.15
2019/07/18 06:20:00, 23.00, 22.66, 22.44, 47.52, 47.16, 0, 0, 4.15
2019/07/18 06:21:00, 23.00, 22.66, 22.44, 47.48, 47.18, 0, 0, 4.15
2019/07/18 06:22:00, 23.00, 22.63, 22.42, 47.46, 47.18, 0, 0, 4.15
2019/07/18 06:23:00, 23.00, 22.63, 22.44, 47.51, 47.20, 0, 0, 4.15
2019/07/18 06:24:00, 23.00, 22.63, 22.43, 47.49, 47.19, 0, 0, 4.15
2019/07/18 06:25:00, 23.00, 22.64, 22.44, 47.51, 47.20, 0, 0, 4.15
2019/07/18 06:26:00, 23.00, 22.64, 22.44, 47.49, 47.19, 0, 0, 4.15
2019/07/18 06:27:00, 23.00, 22.64, 22.43, 47.49, 47.19, 0, 0, 4.15
2019/07/18 06:28:00, 23.00, 22.64, 22.43, 47.42, 47.19, 0, 0, 4.15
2019/07/18 06:29:00, 23.00, 22.66, 22.45, 47.51, 47.21, 0, 0, 4.15
2019/07/18 06:30:00, 23.00, 22.66, 22.44, 47.47, 47.21, 0, 0, 4.15
2019/07/18 06:31:00, 23.00, 22.66, 22.45, 47.52, 47.23, 0, 0, 4.15
2019/07/18 06:32:00, 23.00, 22.67, 22.45, 47.50, 47.20, 0, 0, 4.15
2019/07/18 06:33:00, 23.00, 22.66, 22.44, 47.48, 47.16, 0, 0, 4.15
2019/07/18 06:34:00, 23.00, 22.69, 22.45, 47.44, 47.19, 0, 0, 4.15
2019/07/18 06:35:00, 23.00, 22.70, 22.45, 47.45, 47.19, 0, 0, 4.15
2019/07/18 06:36:00, 23.00, 22.67, 22.47, 47.48, 47.21, 0, 0, 4.15
2019/07/18 06:37:00, 23.00, 22.67, 22.45, 47.48, 47.20, 0, 0, 4.15
2019/07/18 06:38:00, 23.00, 22.67, 22.48, 47.50, 47.21, 0, 0, 4.15
2019/07/18 06:39:00, 23.00, 22.69, 22.49, 47.49, 47.20, 0, 0, 4.15
2019/07/18 06:40:00, 23.00, 22.67, 22.47, 47.49, 47.21, 0, 0, 4.15
2019/07/18 06:41:00, 23.00, 22.70, 22.48, 47.49, 47.19, 0, 0, 4.15
2019/07/18 06:42:00, 23.00, 22.69, 22.48, 47.51, 47.19, 0, 0, 4.15
2019/07/18 06:43:00, 23.00, 22.70, 22.50, 47.49, 47.18, 0, 0, 4.15
2019/07/18 06:44:00, 23.00, 22.69, 22.50, 47.52, 47.19, 0, 0, 4.15
2019/07/18 06:45:00, 23.00, 22.73, 22.50, 47.49, 47.19, 0, 0, 4.15
2019/07/18 06:46:00, 23.00, 22.74, 22.54, 47.47, 47.18, 0, 0, 4.15
2019/07/18 06:47:00, 23.00, 22.74, 22.54, 47.47, 47.17, 0, 0, 4.15
2019/07/18 06:48:00, 23.00, 22.75, 22.55, 47.44, 47.16, 0, 0, 4.15
2019/07/18 06:49:00, 23.00, 22.77, 22.55, 47.41, 47.13, 0, 0, 4.15
2019/07/18 06:50:00, 23.00, 22.75, 22.57, 47.41, 47.15, 0, 0, 4.15
2019/07/18 06:51:00, 23.00, 22.78, 22.58, 47.41, 47.10, 0, 0, 4.15
2019/07/18 06:52:00, 23.00, 22.80, 22.60, 47.37, 47.07, 0, 0, 4.15
2019/07/18 06:53:00, 23.00, 22.81, 22.61, 47.36, 47.06, 0, 0, 4.15
2019/07/18 06:54:00, 23.00, 22.80, 22.61, 47.32, 47.03, 0, 0, 4.15
2019/07/18 06:55:00, 23.00, 22.82, 22.62, 47.31, 47.00, 0, 0, 4.15
2019/07/18 06:56:00, 23.00, 22.84, 22.64, 47.32, 47.00, 0, 0, 4.15
2019/07/18 06:57:00, 23.00, 22.84, 22.64, 47.27, 46.98, 0, 0, 4.15
2019/07/18 06:58:00, 23.00, 22.85, 22.63, 47.28, 46.97, 0, 0, 4.15
2019/07/18 06:59:00, 23.00, 22.85, 22.68, 47.27, 46.97, 0, 0, 4.15
2019/07/18 07:00:00, 23.00, 22.87, 22.65, 47.27, 46.96, 0, 0, 4.15
2019/07/18 07:01:00, 23.00, 22.87, 22.65, 47.25, 46.95, 0, 0, 4.15
2019/07/18 07:02:00, 23.00, 22.88, 22.64, 47.23, 46.95, 0, 0, 4.15
2019/07/18 07:03:00, 23.00, 22.87, 22.68, 47.24, 46.96, 0, 0, 4.15
2019/07/18 07:04:00, 23.00, 22.88, 22.70, 47.23, 46.97, 0, 0, 4.15
2019/07/18 07:05:00, 23.00, 22.90, 22.67, 47.25, 46.95, 0, 0, 4.15
2019/07/18 07:06:00, 23.00, 22.91, 22.70, 47.20, 46.94, 0, 0, 4.15
2019/07/18 07:07:00, 23.00, 22.91, 22.70, 47.20, 46.94, 0, 0, 4.15
2019/07/18 07:08:00, 23.00, 22.90, 22.73, 47.19, 46.90, 0, 0, 4.15
2019/07/18 07:09:00, 23.00, 22.92, 22.73, 47.17, 46.91, 0, 0, 4.15
2019/07/18 07:10:00, 23.00, 22.95, 22.75, 47.17, 46.90, 0, 0, 4.15
2019/07/18 07:11:00, 23.00, 22.98, 22.74, 47.18, 46.87, 0, 0, 4.15
2019/07/18 07:12:00, 23.00, 22.95, 22.79, 47.08, 46.83, 0, 0, 4.15
2019/07/18 07:13:00, 23.00, 22.98, 22.79, 47.09, 46.81, 0, 0, 4.15
2019/07/18 07:14:00, 23.00, 23.01, 22.79, 47.06, 46.79, 0, 0, 4.15
2019/07/18 07:15:00, 23.00, 23.01, 22.82, 47.02, 46.75, 0, 0, 4.15
2019/07/18 07:16:00, 23.00, 23.01, 22.82, 47.00, 46.74, 0, 0, 4.15
2019/07/18 07:17:00, 23.00, 23.03, 22.82, 46.96, 46.72, 0, 0, 4.15
2019/07/18 07:18:00, 23.00, 23.03, 22.83, 47.01, 46.70, 0, 0, 4.15
2019/07/18 07:19:00, 23.00, 23.03, 22.84, 47.06, 46.71, 0, 0, 4.15
2019/07/18 07:20:00, 23.25, 23.06, 22.87, 46.97, 46.68, 0, 0, 4.15
2019/07/18 07:21:00, 23.25, 23.06, 22.89, 46.92, 46.66, 0, 0, 4.15
2019/07/18 07:22:00, 23.25, 23.09, 22.91, 46.95, 46.62, 0, 0, 4.15
2019/07/18 07:23:00, 23.25, 23.11, 22.90, 46.90, 46.60, 0, 0, 4.15
2019/07/18 07:24:00, 23.25, 23.11, 22.93, 46.86, 46.60, 0, 0, 4.15
2019/07/18 07:25:00, 23.25, 23.12, 22.92, 46.85, 46.57, 0, 0, 4.15
2019/07/18 07:26:00, 23.25, 23.14, 22.94, 46.86, 46.55, 0, 0, 4.15
2019/07/18 07:27:00, 23.25, 23.15, 22.94, 46.82, 46.55, 0, 0, 4.15
2019/07/18 07:28:00, 23.25, 23.15, 22.97, 46.82, 46.50, 0, 0, 4.15
2019/07/18 07:29:00, 23.25, 23.18, 22.97, 46.78, 46.47, 0, 0, 4.15
2019/07/18 07:30:00, 23.25, 23.19, 22.98, 46.77, 46.46, 0, 0, 4.15
2019/07/18 07:31:00, 23.25, 23.22, 23.00, 46.73, 46.45, 0, 0, 4.15
2019/07/18 07:32:00, 23.25, 23.21, 23.01, 46.74, 46.42, 0, 0, 4.15
2019/07/18 07:33:00, 23.25, 23.22, 23.02, 46.64, 46.43, 0, 0, 4.15
2019/07/18 07:34:00, 23.25, 23.22, 23.03, 46.76, 46.47, 0, 0, 4.15
2019/07/18 07:35:00, 23.25, 23.25, 23.04, 46.73, 46.43, 0, 0, 4.15
2019/07/18 07:36:00, 23.25, 23.25, 23.04, 46.73, 46.45, 0, 0, 4.15
2019/07/18 07:37:00, 23.25, 23.26, 23.04, 46.70, 46.42, 0, 0, 4.15
2019/07/18 07:38:00, 23.25, 23.28, 23.08, 46.77, 46.49, 0, 0, 4.15
2019/07/18 07:39:00, 23.25, 23.32, 23.08, 46.75, 46.49, 0, 0, 4.15
2019/07/18 07:40:00, 23.25, 23.28, 23.12, 46.72, 46.46, 0, 0, 4.15
2019/07/18 07:41:00, 23.25, 23.30, 23.14, 46.70, 46.41, 0, 0, 4.15
2019/07/18 07:42:00, 23.25, 23.29, 23.14, 46.68, 46.38, 0, 0, 4.15
2019/07/18 07:43:00, 23.25, 23.33, 23.13, 46.65, 46.36, 0, 0, 4.15
2019/07/18 07:44:00, 23.25, 23.35, 23.16, 46.60, 46.34, 0, 0, 4.15
2019/07/18 07:45:00, 23.25, 23.35, 23.16, 46.61, 46.34, 0, 0, 4.15
2019/07/18 07:46:00, 23.25, 23.36, 23.17, 46.68, 46.34, 0, 0, 4.15
2019/07/18 07:47:00, 23.25, 23.37, 23.18, 46.63, 46.34, 0, 0, 4.15
2019/07/18 07:48:00, 23.25, 23.39, 23.19, 46.65, 46.34, 0, 0, 4.15
2019/07/18 07:49:00, 23.25, 23.42, 23.19, 46.70, 46.38, 0, 0, 4.15
2019/07/18 07:50:00, 23.25, 23.43, 23.23, 46.66, 46.35, 0, 0, 4.15
2019/07/18 07:51:00, 23.25, 23.43, 23.25, 46.62, 46.37, 0, 0, 4.15
2019/07/18 07:52:00, 23.25, 23.43, 23.24, 46.66, 46.36, 0, 0, 4.15
2019/07/18 07:53:00, 23.25, 23.46, 23.25, 46.70, 46.37, 0, 0, 4.15
2019/07/18 07:54:00, 23.25, 23.46, 23.28, 46.69, 46.39, 0, 0, 4.15
2019/07/18 07:55:00, 23.25, 23.50, 23.29, 46.69, 46.39, 0, 0, 4.15
2019/07/18 07:56:00, 23.25, 23.49, 23.32, 46.69, 46.39, 0, 0, 4.15
2019/07/18 07:57:00, 23.50, 23.46, 23.32, 46.68, 46.37, 0, 0, 4.15
2019/07/18 07:58:00, 23.50, 23.52, 23.32, 46.70, 46.35, 0, 0, 4.15
2019/07/18 07:59:00, 23.50, 23.49, 23.31, 46.60, 46.35, 0, 0, 4.15
2019/07/18 08:00:00, 23.50, 23.50, 23.33, 46.67, 46.33, 0, 0, 4.15
2019/07/18 08:01:00, 23.50, 23.52, 23.32, 46.67, 46.36, 0, 0, 4.15
2019/07/18 08:02:00, 23.50, 23.56, 23.34, 46.70, 46.42, 0, 0, 4.15
2019/07/18 08:03:00, 23.50, 23.56, 23.36, 46.69, 46.40, 0, 0, 4.15
2019/07/18 08:04:00, 23.50, 23.56, 23.38, 46.64, 46.36, 0, 0, 4.15
2019/07/18 08:05:00, 23.50, 23.57, 23.38, 46.64, 46.33, 0, 0, 4.15
2019/07/18 08:06:00, 23.50, 23.59, 23.37, 46.64, 46.32, 0, 0, 4.15
2019/07/18 08:07:00, 23.50, 23.61, 23.42, 46.56, 46.27, 0, 0, 4.15
2019/07/18 08:08:00, 23.50, 23.59, 23.42, 46.48, 46.23, 0, 0, 4.15
2019/07/18 08:09:00, 23.50, 23.59, 23.42, 46.60, 46.30, 0, 0, 4.15
2019/07/18 08:10:00, 23.50, 23.60, 23.44, 46.55, 46.29, 0, 0, 4.15
2019/07/18 08:11:00, 23.50, 23.63, 23.44, 46.62, 46.29, 0, 0, 4.15
2019/07/18 08:12:00, 23.50, 23.64, 23.43, 46.60, 46.29, 0, 0, 4.15
2019/07/18 08:13:00, 23.50, 23.63, 23.47, 46.59, 46.33, 0, 0, 4.15
2019/07/18 08:14:00, 23.50, 23.64, 23.45, 46.58, 46.29, 0, 0, 4.15
2019/07/18 08:15:00, 23.50, 23.65, 23.47, 46.57, 46.27, 0, 0, 4.15
2019/07/18 08:16:00, 23.50, 23.65, 23.48, 46.63, 46.29, 0, 0, 4.15
2019/07/18 08:17:00, 23.50, 23.67, 23.48, 46.62, 46.29, 0, 0, 4.15
2019/07/18 08:18:00, 23.50, 23.67, 23.50, 46.69, 46.44, 0, 0, 4.15
2019/07/18 08:19:00, 23.50, 23.68, 23.52, 46.69, 46.40, 0, 0, 4.15
2019/07/18 08:20:00, 23.50, 23.70, 23.49, 46.68, 46.36, 0, 0, 4.15
2019/07/18 08:21:00, 23.50, 23.68, 23.51, 46.67, 46.34, 0, 0, 4.15
2019/07/18 08:22:00, 23.50, 23.68, 23.52, 46.66, 46.32, 0, 0, 4.15
2019/07/18 08:23:00, 23.50, 23.70, 23.54, 46.66, 46.33, 0, 0, 4.15
2019/07/18 08:24:00, 23.50, 23.70, 23.52, 46.60, 46.32, 0, 0, 4.15
2019/07/18 08:25:00, 23.50, 23.70, 23.54, 46.63, 46.29, 0, 0, 4.15
2019/07/18 08:26:00, 23.50, 23.71, 23.54, 46.63, 46.28, 0, 0, 4.15
2019/07/18 08:27:00, 23.50, 23.71, 23.56, 46.61, 46.29, 0, 0, 4.15
2019/07/18 08:28:00, 23.50, 23.73, 23.58, 46.61, 46.28, 0, 0, 4.15
2019/07/18 08:29:00, 23.50, 23.71, 23.57, 46.62, 46.28, 0, 0, 4.15
2019/07/18 08:30:00, 23.50, 23.74, 23.58, 46.60, 46.28, 0, 0, 4.15
2019/07/18 08:31:00, 23.50, 23.73, 23.58, 46.56, 46.24, 0, 0, 4.15
2019/07/18 08:32:00, 23.50, 23.77, 23.59, 46.63, 46.29, 0, 0, 4.15
2019/07/18 08:33:00, 23.50, 23.79, 23.61, 46.60, 46.27, 0, 0, 4.15
2019/07/18 08:34:00, 23.50, 23.80, 23.60, 46.62, 46.25, 0, 0, 4.15
2019/07/18 08:35:00, 23.50, 23.79, 23.61, 46.55, 46.25, 0, 0, 4.15
2019/07/18 08:36:00, 23.75, 23.80, 23.64, 46.67, 46.33, 0, 0, 4.15
2019/07/18 08:37:00, 23.75, 23.80, 23.64, 46.60, 46.33, 0, 0, 4.15
2019/07/18 08:38:00, 23.75, 23.81, 23.66, 46.59, 46.26, 0, 0, 4.15
2019/07/18 08:39:00, 23.75, 23.83, 23.64, 46.57, 46.23, 0, 0, 4.15
2019/07/18 08:40:00, 23.75, 23.81, 23.65, 46.57, 46.20, 0, 0, 4.15
2019/07/18 08:41:00, 23.75, 23.85, 23.64, 46.60, 46.22, 0, 0, 4.15
2019/07/18 08:42:00, 23.75, 23.81, 23.66, 46.55, 46.23, 0, 0, 4.15
2019/07/18 08:43:00, 23.75, 23.83, 23.66, 46.60, 46.23, 0, 0, 4.15
2019/07/18 08:44:00, 23.75, 23.83, 23.66, 46.54, 46.22, 0, 0, 4.15
2019/07/18 08:45:00, 23.75, 23.87, 23.66, 46.59, 46.24, 0, 0, 4.15
2019/07/18 08:46:00, 23.75, 23.84, 23.69, 46.57, 46.23, 0, 0, 4.15
2019/07/18 08:47:00, 23.75, 23.87, 23.68, 46.53, 46.21, 0, 0, 4.15
2019/07/18 08:48:00, 23.75, 23.85, 23.69, 46.57, 46.23, 0, 0, 4.15
2019/07/18 08:49:00, 23.75, 23.84, 23.69, 46.58, 46.24, 0, 0, 4.15
2019/07/18 08:50:00, 23.75, 23.85, 23.67, 46.54, 46.20, 0, 0, 4.15
2019/07/18 08:51:00, 23.75, 23.90, 23.68, 46.63, 46.26, 0, 0, 4.15
2019/07/18 08:52:00, 23.75, 23.88, 23.71, 46.59, 46.25, 0, 0, 4.15
2019/07/18 08:53:00, 23.75, 23.88, 23.75, 46.54, 46.20, 0, 0, 4.15
2019/07/18 08:54:00, 23.75, 23.90, 23.74, 46.55, 46.20, 0, 0, 4.15
2019/07/18 08:55:00, 23.75, 23.90, 23.73, 46.54, 46.18, 0, 0, 4.15
2019/07/18 08:56:00, 23.75, 23.90, 23.73, 46.56, 46.22, 0, 0, 4.15
2019/07/18 08:57:00, 23.75, 23.91, 23.74, 46.55, 46.18, 0, 0, 4.15
2019/07/18 08:58:00, 23.75, 23.91, 23.76, 46.53, 46.21, 0, 0, 4.15
2019/07/18 08:59:00, 23.75, 23.92, 23.76, 46.53, 46.16, 0, 0, 4.15
2019/07/18 09:00:00, 23.75, 23.92, 23.76, 46.43, 46.13, 0, 0, 4.15
2019/07/18 09:01:00, 23.75, 23.94, 23.75, 46.45, 46.10, 0, 0, 4.15
2019/07/18 09:02:00, 23.75, 23.92, 23.78, 46.52, 46.16, 0, 0, 4.15
2019/07/18 09:03:00, 23.75, 23.92, 23.77, 46.45, 46.16, 0, 0, 4.15
2019/07/18 09:04:00, 23.75, 23.95, 23.76, 46.51, 46.13, 0, 0, 4.15
2019/07/18 09:05:00, 23.75, 23.92, 23.76, 46.46, 46.15, 0, 0, 4.15
2019/07/18 09:06:00, 23.75, 23.97, 23.76, 46.45, 46.13, 0, 0, 4.15
2019/07/18 09:07:00, 23.75, 23.97, 23.78, 46.48, 46.12, 0, 0, 4.15
2019/07/18 09:08:00, 23.75, 23.94, 23.78, 46.39, 46.11, 0, 0, 4.15
2019/07/18 09:09:00, 23.75, 23.95, 23.77, 46.42, 46.13, 0, 0, 4.15
2019/07/18 09:10:00, 23.75, 23.95, 23.79, 46.48, 46.13, 0, 0, 4.15
2019/07/18 09:11:00, 23.75, 23.97, 23.79, 46.41, 46.10, 0, 0, 4.15
2019/07/18 09:12:00, 23.75, 23.97, 23.79, 46.42, 46.09, 0, 0, 4.15
2019/07/18 09:13:00, 23.75, 23.99, 23.79, 46.43, 46.10, 0, 0, 4.15
2019/07/18 09:14:00, 23.75, 23.95, 23.80, 46.41, 46.10, 0, 0, 4.15
2019/07/18 09:15:00, 23.75, 23.95, 23.79, 46.35, 46.08, 0, 0, 4.15
2019/07/18 09:16:00, 23.75, 23.97, 23.81, 46.43, 46.10, 0, 0, 4.15
2019/07/18 09:17:00, 23.75, 23.97, 23.81, 46.41, 46.09, 0, 0, 4.15
2019/07/18 09:18:00, 23.75, 23.98, 23.79, 46.37, 46.06, 0, 0, 4.15
2019/07/18 09:19:00, 23.75, 23.98, 23.81, 46.30, 46.04, 0, 0, 4.15
2019/07/18 09:20:00, 23.75, 23.98, 23.83, 46.30, 46.00, 0, 0, 4.15
2019/07/18 09:21:00, 23.75, 23.98, 23.83, 46.30, 45.96, 0, 0, 4.15
2019/07/18 09:22:00, 23.75, 24.01, 23.83, 46.26, 45.97, 0, 0, 4.15
2019/07/18 09:23:00, 23.75, 24.01, 23.82, 46.27, 45.94, 0, 0, 4.15
2019/07/18 09:24:00, 23.75, 23.99, 23.86, 46.26, 45.94, 0, 0, 4.15
2019/07/18 09:25:00, 23.75, 24.01, 23.83, 46.26, 45.94, 0, 0, 4.15
2019/07/18 09:26:00, 23.75, 24.02, 23.84, 46.26, 45.94, 0, 0, 4.15
2019/07/18 09:27:00, 23.75, 23.98, 23.83, 46.25, 45.93, 0, 0, 4.15
2019/07/18 09:28:00, 23.75, 24.01, 23.84, 46.21, 45.91, 0, 0, 4.15
2019/07/18 09:29:00, 23.75, 24.02, 23.86, 46.19, 45.87, 0, 0, 4.15
2019/07/18 09:30:00, 23.75, 24.01, 23.86, 46.17, 45.85, 0, 0, 4.15
2019/07/18 09:31:00, 23.75, 24.04, 23.86, 46.15, 45.86, 0, 0, 4.15
2019/07/18 09:32:00, 24.00, 24.05, 23.84, 46.16, 45.84, 0, 0, 4.15
2019/07/18 09:33:00, 23.75, 24.01, 23.83, 46.11, 45.84, 0, 0, 4.15
2019/07/18 09:34:00, 23.75, 24.02, 23.86, 46.17, 45.86, 0, 0, 4.15
2019/07/18 09:35:00, 24.00, 24.04, 23.86, 46.18, 45.83, 0, 0, 4.15
2019/07/18 09:36:00, 24.00, 24.04, 23.87, 46.09, 45.82, 0, 0, 4.15
2019/07/18 09:37:00, 24.00, 24.04, 23.88, 46.18, 45.82, 0, 0, 4.15
2019/07/18 09:38:00, 24.00, 24.02, 23.88, 46.12, 45.81, 0, 0, 4.15
2019/07/18 09:39:00, 24.00, 24.05, 23.88, 46.12, 45.79, 0, 0, 4.15
2019/07/18 09:40:00, 24.00, 24.07, 23.88, 46.10, 45.78, 0, 0, 4.15
2019/07/18 09:41:00, 24.00, 24.08, 23.88, 46.09, 45.78, 0, 0, 4.15
2019/07/18 09:42:00, 24.00, 24.08, 23.89, 46.08, 45.76, 0, 0, 4.15
2019/07/18 09:43:00, 24.00, 24.07, 23.91, 46.11, 45.77, 0, 0, 4.15
2019/07/18 09:44:00, 24.00, 24.09, 23.92, 46.05, 45.77, 0, 0, 4.15
2019/07/18 09:45:00, 24.00, 24.05, 23.90, 46.08, 45.75, 0, 0, 4.15
2019/07/18 09:46:00, 24.00, 24.09, 23.92, 46.11, 45.79, 0, 0, 4.15
2019/07/18 09:47:00, 24.00, 24.08, 23.92, 46.10, 45.78, 0, 0, 4.15
2019/07/18 09:48:00, 24.00, 24.07, 23.92, 46.06, 45.77, 0, 0, 4.15
2019/07/18 09:49:00, 24.00, 24.09, 23.91, 46.13, 45.78, 0, 0, 4.15
2019/07/18 09:50:00, 24.00, 24.07, 23.91, 46.17, 45.80, 0, 0, 4.15
2019/07/18 09:51:00, 24.00, 24.12, 23.95, 46.15, 45.83, 0, 0, 4.15
2019/07/18 09:52:00, 24.00, 24.09, 23.93, 46.20, 45.84, 0, 0, 4.15
2019/07/18 09:53:00, 24.00, 24.08, 23.92, 46.20, 45.86, 0, 0, 4.15
2019/07/18 09:54:00, 24.00, 24.08, 23.93, 46.21, 45.84, 0, 0, 4.15
2019/07/18 09:55:00, 24.00, 24.12, 23.93, 46.19, 45.83, 0, 0, 4.15
2019/07/18 09:56:00, 24.00, 24.08, 23.94, 46.14, 45.80, 0, 0, 4.15
2019/07/18 09:57:00, 24.00, 24.11, 23.93, 46.17, 45.83, 0, 0, 4.15
2019/07/18 09:58:00, 24.00, 24.09, 23.95, 46.11, 45.81, 0, 0, 4.15
2019/07/18 09:59:00, 24.00, 24.12, 23.94, 46.13, 45.82, 0, 0, 4.15
2019/07/18 10:00:00, 24.00, 24.12, 23.95, 46.10, 45.80, 0, 0, 4.15
2019/07/18 10:01:00, 24.00, 24.12, 23.95, 46.09, 45.78, 0, 0, 4.15
2019/07/18 10:02:00, 24.00, 24.11, 23.95, 46.11, 45.79, 0, 0, 4.15
2019/07/18 10:03:00, 24.00, 24.14, 23.98, 46.10, 45.78, 0, 0, 4.15
2019/07/18 10:04:00, 24.00, 24.12, 23.95, 46.11, 45.75, 0, 0, 4.15
2019/07/18 10:05:00, 24.00, 24.14, 23.98, 46.09, 45.76, 0, 0, 4.15
2019/07/18 10:06:00, 24.00, 24.11, 23.95, 46.06, 45.73, 0, 0, 4.15
2019/07/18 10:07:00, 24.00, 24.16, 23.98, 46.06, 45.74, 0, 0, 4.15
2019/07/18 10:08:00, 24.00, 24.14, 23.97, 45.99, 45.71, 0, 0, 4.15
2019/07/18 10:09:00, 24.00, 24.14, 23.97, 45.99, 45.71, 0, 0, 4.15
2019/07/18 10:10:00, 24.00, 24.14, 23.97, 46.00, 45.71, 0, 0, 4.15
2019/07/18 10:11:00, 24.00, 24.12, 23.97, 46.02, 45.72, 0, 0, 4.15
2019/07/18 10:12:00, 24.00, 24.15, 23.97, 45.99, 45.66, 0, 0, 4.15
2019/07/18 10:13:00, 24.00, 24.14, 23.95, 45.99, 45.70, 0, 0, 4.15
2019/07/18 10:14:00, 24.00, 24.15, 23.96, 46.02, 45.71, 0, 0, 4.15
2019/07/18 10:15:00, 24.00, 24.14, 23.96, 46.04, 45.71, 0, 0, 4.15
2019/07/18 10:16:00, 24.00, 24.16, 23.98, 46.04, 45.72, 0, 0, 4.15
2019/07/18 10:17:00, 24.00, 24.14, 23.98, 45.90, 45.62, 0, 0, 4.15
2019/07/18 10:18:00, 24.00, 24.15, 24.01, 45.98, 45.62, 0, 0, 4.15
2019/07/18 10:19:00, 24.00, 24.18, 24.00, 45.92, 45.61, 0, 0, 4.15
2019/07/18 10:20:00, 24.00, 24.15, 24.02, 45.92, 45.63, 0, 0, 4.15
2019/07/18 10:21:00, 24.00, 24.19, 24.00, 45.87, 45.59, 0, 0, 4.15
2019/07/18 10:22:00, 24.00, 24.19, 24.01, 45.86, 45.57, 0, 0, 4.15
2019/07/18 10:23:00, 24.00, 24.16, 24.04, 45.88, 45.55, 0, 0, 4.15
2019/07/18 10:24:00, 24.00, 24.16, 24.03, 45.86, 45.56, 0, 0, 4.15
2019/07/18 10:25:00, 24.00, 24.20, 24.02, 45.87, 45.53, 0, 0, 4.15
2019/07/18 10:26:00, 24.00, 24.20, 24.02, 45.82, 45.53, 0, 0, 4.15
2019/07/18 10:27:00, 24.00, 24.19, 24.01, 45.79, 45.51, 0, 0, 4.15
2019/07/18 10:28:00, 24.00, 24.19, 24.04, 45.84, 45.52, 0, 0, 4.15
2019/07/18 10:29:00, 24.00, 24.20, 24.03, 45.86, 45.53, 0, 0, 4.15
2019/07/18 10:30:00, 24.00, 24.20, 24.03, 45.84, 45.54, 0, 0, 4.15
2019/07/18 10:31:00, 24.00, 24.22, 24.05, 45.81, 45.53, 0, 0, 4.15
2019/07/18 10:32:00, 24.00, 24.22, 24.06, 45.75, 45.47, 0, 0, 4.15
2019/07/18 10:33:00, 24.00, 24.22, 24.05, 45.75, 45.49, 0, 0, 4.15
2019/07/18 10:34:00, 24.00, 24.20, 24.04, 45.76, 45.43, 0, 0, 4.15
2019/07/18 10:35:00, 24.00, 24.22, 24.04, 45.77, 45.46, 0, 0, 4.15
2019/07/18 10:36:00, 24.00, 24.22, 24.08, 45.76, 45.44, 0, 0, 4.15
2019/07/18 10:37:00, 24.00, 24.22, 24.06, 45.71, 45.43, 0, 0, 4.15
2019/07/18 10:38:00, 24.00, 24.22, 24.06, 45.64, 45.37, 0, 0, 4.15
2019/07/18 10:39:00, 24.00, 24.20, 24.05, 45.61, 45.35, 0, 0, 4.15
2019/07/18 10:40:00, 24.00, 24.22, 24.05, 45.64, 45.35, 0, 0, 4.15
2019/07/18 10:41:00, 24.00, 24.23, 24.05, 45.66, 45.34, 0, 0, 4.15
2019/07/18 10:42:00, 24.00, 24.22, 24.07, 45.58, 45.32, 0, 0, 4.15
2019/07/18 10:43:00, 24.00, 24.26, 24.07, 45.60, 45.30, 0, 0, 4.15
2019/07/18 10:44:00, 24.00, 24.25, 24.06, 45.61, 45.32, 0, 0, 4.15
2019/07/18 10:45:00, 24.00, 24.26, 24.06, 45.61, 45.33, 0, 0, 4.15
2019/07/18 10:46:00, 24.00, 24.23, 24.08, 45.59, 45.33, 0, 0, 4.15
2019/07/18 10:47:00, 24.00, 24.23, 24.09, 45.58, 45.27, 0, 0, 4.15
2019/07/18 10:48:00, 24.25, 24.25, 24.07, 45.48, 45.22, 0, 0, 4.15
2019/07/18 10:49:00, 24.25, 24.25, 24.07, 45.45, 45.19, 0, 0, 4.15
2019/07/18 10:50:00, 24.00, 24.25, 24.08, 45.40, 45.14, 0, 0, 4.15
2019/07/18 10:51:00, 24.25, 24.25, 24.08, 45.41, 45.12, 0, 0, 4.15
2019/07/18 10:52:00, 24.25, 24.26, 24.08, 45.36, 45.11, 0, 0, 4.15
2019/07/18 10:53:00, 24.00, 24.26, 24.09, 45.38, 45.12, 0, 0, 4.15
2019/07/18 10:54:00, 24.25, 24.29, 24.10, 45.38, 45.10, 0, 0, 4.15
2019/07/18 10:55:00, 24.25, 24.29, 24.08, 45.40, 45.08, 0, 0, 4.15
2019/07/18 10:56:00, 24.25, 24.26, 24.12, 45.33, 45.04, 0, 0, 4.15
2019/07/18 10:57:00, 24.25, 24.31, 24.11, 45.28, 45.02, 0, 0, 4.15
2019/07/18 10:58:00, 24.25, 24.29, 24.12, 45.33, 45.02, 0, 0, 4.15
2019/07/18 10:59:00, 24.25, 24.27, 24.11, 45.27, 45.02, 0, 0, 4.15
2019/07/18 11:00:00, 24.25, 24.29, 24.12, 45.22, 44.98, 0, 0, 4.15
2019/07/18 11:01:00, 24.25, 24.29, 24.12, 45.16, 44.91, 0, 0, 4.15
2019/07/18 11:02:00, 24.25, 24.29, 24.11, 45.26, 45.00, 0, 0, 4.15
2019/07/18 11:03:00, 24.25, 24.27, 24.12, 45.33, 44.99, 0, 0, 4.15
2019/07/18 11:04:00, 24.25, 24.29, 24.12, 45.31, 45.01, 0, 0, 4.15
2019/07/18 11:05:00, 24.25, 24.32, 24.11, 45.25, 45.00, 0, 0, 4.15
2019/07/18 11:06:00, 24.25, 24.27, 24.13, 45.27, 44.97, 0, 0, 4.15
2019/07/18 11:07:00, 24.25, 24.31, 24.12, 45.29, 44.98, 0, 0, 4.15
2019/07/18 11:08:00, 24.25, 24.29, 24.15, 45.28, 45.00, 0, 0, 4.15
2019/07/18 11:09:00, 24.25, 24.31, 24.13, 45.26, 44.97, 0, 0, 4.15
2019/07/18 11:10:00, 24.25, 24.31, 24.12, 45.20, 44.93, 0, 0, 4.15
2019/07/18 11:11:00, 24.25, 24.29, 24.12, 45.20, 44.93, 0, 0, 4.15
2019/07/18 11:12:00, 24.25, 24.31, 24.13, 45.18, 44.89, 0, 0, 4.15
2019/07/18 11:13:00, 24.25, 24.31, 24.15, 45.16, 44.88, 0, 0, 4.15
2019/07/18 11:14:00, 24.25, 24.31, 24.15, 45.09, 44.81, 0, 0, 4.15
2019/07/18 11:15:00, 24.25, 24.32, 24.13, 45.02, 44.76, 0, 0, 4.15
2019/07/18 11:16:00, 24.25, 24.29, 24.13, 44.98, 44.74, 0, 0, 4.15
2019/07/18 11:17:00, 24.25, 24.32, 24.11, 44.96, 44.69, 0, 0, 4.15
2019/07/18 11:18:00, 24.25, 24.29, 24.13, 44.91, 44.65, 0, 0, 4.15
2019/07/18 11:19:00, 24.25, 24.27, 24.12, 44.86, 44.65, 0, 0, 4.15
2019/07/18 11:20:00, 24.25, 24.29, 24.11, 44.85, 44.60, 0, 0, 4.15
2019/07/18 11:21:00, 24.25, 24.31, 24.12, 44.83, 44.59, 0, 0, 4.15
2019/07/18 11:22:00, 24.25, 24.27, 24.11, 44.79, 44.55, 0, 0, 4.15
2019/07/18 11:23:00, 24.25, 24.29, 24.10, 44.73, 44.46, 0, 0, 4.15
2019/07/18 11:24:00, 24.25, 24.26, 24.11, 44.75, 44.49, 0, 0, 4.15
2019/07/18 11:25:00, 24.25, 24.27, 24.12, 44.74, 44.51, 0, 0, 4.15
2019/07/18 11:26:00, 24.25, 24.29, 24.12, 44.78, 44.51, 0, 0, 4.15
2019/07/18 11:27:00, 24.25, 24.29, 24.10, 44.70, 44.48, 0, 0, 4.15
2019/07/18 11:28:00, 24.25, 24.27, 24.11, 44.73, 44.48, 0, 0, 4.15
2019/07/18 11:29:00, 24.25, 24.27, 24.13, 44.71, 44.43, 0, 0, 4.15
2019/07/18 11:30:00, 24.25, 24.27, 24.10, 44.66, 44.38, 0, 0, 4.15
2019/07/18 11:31:00, 24.25, 24.29, 24.10, 44.66, 44.41, 0, 0, 4.15
2019/07/18 11:32:00, 24.25, 24.27, 24.10, 44.67, 44.39, 0, 0, 4.15
2019/07/18 11:33:00, 24.25, 24.29, 24.10, 44.66, 44.36, 0, 0, 4.15
2019/07/18 11:34:00, 24.25, 24.31, 24.13, 44.68, 44.39, 0, 0, 4.15
2019/07/18 11:35:00, 24.25, 24.31, 24.12, 44.57, 44.35, 0, 0, 4.15
2019/07/18 11:36:00, 24.25, 24.27, 24.11, 44.59, 44.31, 0, 0, 4.15
2019/07/18 11:37:00, 24.25, 24.27, 24.11, 44.59, 44.33, 0, 0, 4.15
2019/07/18 11:38:00, 24.25, 24.31, 24.13, 44.56, 44.29, 0, 0, 4.15
2019/07/18 11:39:00, 24.25, 24.26, 24.11, 44.51, 44.27, 0, 0, 4.15
2019/07/18 11:40:00, 24.25, 24.29, 24.11, 44.51, 44.26, 0, 0, 4.15
2019/07/18 11:41:00, 24.25, 24.29, 24.10, 44.44, 44.20, 0, 0, 4.15
2019/07/18 11:42:00, 24.25, 24.31, 24.11, 44.44, 44.18, 0, 0, 4.15
2019/07/18 11:43:00, 24.25, 24.27, 24.12, 44.46, 44.14, 0, 0, 4.15
2019/07/18 11:44:00, 24.25, 24.27, 24.10, 44.39, 44.14, 0, 0, 4.15
2019/07/18 11:45:00, 24.25, 24.29, 24.11, 44.37, 44.12, 0, 0, 4.15
2019/07/18 11:46:00, 24.25, 24.29, 24.10, 44.34, 44.12, 0, 0, 4.15
2019/07/18 11:47:00, 24.25, 24.29, 24.10, 44.36, 44.10, 0, 0, 4.15
2019/07/18 11:48:00, 24.25, 24.29, 24.09, 44.31, 44.07, 0, 0, 4.15
2019/07/18 11:49:00, 24.25, 24.27, 24.10, 44.36, 44.09, 0, 0, 4.15
2019/07/18 11:50:00, 24.25, 24.29, 24.10, 44.40, 44.10, 0, 0, 4.15
2019/07/18 11:51:00, 24.25, 24.26, 24.12, 44.35, 44.12, 0, 0, 4.15
2019/07/18 11:52:00, 24.25, 24.27, 24.10, 44.37, 44.12, 0, 0, 4.15
2019/07/18 11:53:00, 24.25, 24.27, 24.11, 44.35, 44.12, 0, 0, 4.15
2019/07/18 11:54:00, 24.25, 24.27, 24.10, 44.34, 44.08, 0, 0, 4.15
2019/07/18 11:55:00, 24.25, 24.26, 24.10, 44.28, 44.04, 0, 0, 4.15
2019/07/18 11:56:00, 24.25, 24.26, 24.10, 44.27, 44.03, 0, 0, 4.15
2019/07/18 11:57:00, 24.25, 24.27, 24.08, 44.27, 44.04, 0, 0, 4.15
2019/07/18 11:58:00, 24.25, 24.29, 24.10, 44.20, 43.98, 0, 0, 4.15
2019/07/18 11:59:00, 24.25, 24.26, 24.10, 44.24, 43.99, 0, 0, 4.15
2019/07/18 12:00:00, 24.25, 24.26, 24.11, 44.18, 43.98, 0, 0, 4.15
2019/07/18 12:01:00, 24.25, 24.26, 24.11, 44.19, 43.96, 0, 0, 4.15
2019/07/18 12:02:00, 24.25, 24.29, 24.10, 44.20, 43.94, 0, 0, 4.15
2019/07/18 12:03:00, 24.25, 24.29, 24.10, 44.16, 43.91, 0, 0, 4.15
2019/07/18 12:04:00, 24.25, 24.31, 24.09, 44.17, 43.91, 0, 0, 4.15
2019/07/18 12:05:00, 24.25, 24.27, 24.11, 44.17, 43.94, 0, 0, 4.15
2019/07/18 12:06:00, 24.25, 24.26, 24.11, 44.12, 43.90, 0, 0, 4.15
2019/07/18 12:07:00, 24.25, 24.27, 24.08, 44.13, 43.92, 0, 0, 4.15
2019/07/18 12:08:00, 24.25, 24.29, 24.10, 44.12, 43.86, 0, 0, 4.15
2019/07/18 12:09:00, 24.25, 24.29, 24.09, 44.14, 43.90, 0, 0, 4.15
2019/07/18 12:10:00, 24.25, 24.29, 24.10, 44.06, 43.86, 0, 0, 4.15
2019/07/18 12:11:00, 24.25, 24.31, 24.10, 44.06, 43.82, 0, 0, 4.15
2019/07/18 12:12:00, 24.25, 24.27, 24.11, 44.09, 43.87, 0, 0, 4.15
2019/07/18 12:13:00, 24.25, 24.27, 24.10, 44.08, 43.88, 0, 0, 4.15
2019/07/18 12:14:00, 24.25, 24.27, 24.12, 44.08, 43.85, 0, 0, 4.15
2019/07/18 12:15:00, 24.25, 24.27, 24.11, 44.10, 43.88, 0, 0, 4.15
2019/07/18 12:16:00, 24.25, 24.27, 24.10, 44.05, 43.83, 0, 0, 4.15
2019/07/18 12:17:00, 24.25, 24.27, 24.10, 44.07, 43.82, 0, 0, 4.15
2019/07/18 12:18:00, 24.25, 24.29, 24.10, 44.05, 43.81, 0, 0, 4.15
2019/07/18 12:19:00, 24.25, 24.29, 24.10, 44.04, 43.79, 0, 0, 4.15
2019/07/18 12:20:00, 24.25, 24.27, 24.09, 43.99, 43.79, 0, 0, 4.15
2019/07/18 12:21:00, 24.25, 24.26, 24.09, 44.03, 43.77, 0, 0, 4.15
2019/07/18 12:22:00, 24.25, 24.29, 24.11, 43.97, 43.77, 0, 0, 4.15
2019/07/18 12:23:00, 24.25, 24.31, 24.10, 43.92, 43.72, 0, 0, 4.15
2019/07/18 12:24:00, 24.25, 24.27, 24.10, 43.90, 43.69, 0, 0, 4.15
2019/07/18 12:25:00, 24.25, 24.29, 24.11, 43.86, 43.63, 0, 0, 4.15
2019/07/18 12:26:00, 24.25, 24.31, 24.11, 43.86, 43.63, 0, 0, 4.15
2019/07/18 12:27:00, 24.25, 24.26, 24.10, 43.86, 43.63, 0, 0, 4.15
2019/07/18 12:28:00, 24.25, 24.27, 24.10, 43.87, 43.62, 0, 0, 4.15
2019/07/18 12:29:00, 24.25, 24.29, 24.11, 43.92, 43.64, 0, 0, 4.15
2019/07/18 12:30:00, 24.25, 24.29, 24.11, 43.83, 43.58, 0, 0, 4.15
2019/07/18 12:31:00, 24.25, 24.32, 24.12, 43.85, 43.62, 0, 0, 4.15
2019/07/18 12:32:00, 24.25, 24.31, 24.11, 43.80, 43.60, 0, 0, 4.15
2019/07/18 12:33:00, 24.25, 24.29, 24.11, 43.75, 43.56, 0, 0, 4.15
2019/07/18 12:34:00, 24.25, 24.29, 24.10, 43.75, 43.55, 0, 0, 4.15
2019/07/18 12:35:00, 24.25, 24.29, 24.10, 43.78, 43.53, 0, 0, 4.15
2019/07/18 12:36:00, 24.25, 24.29, 24.12, 43.75, 43.52, 0, 0, 4.15
2019/07/18 12:37:00, 24.25, 24.31, 24.11, 43.75, 43.53, 0, 0, 4.15
2019/07/18 12:38:00, 24.25, 24.31, 24.12, 43.69, 43.49, 0, 0, 4.15
2019/07/18 12:39:00, 24.25, 24.29, 24.11, 43.64, 43.43, 0, 0, 4.15
2019/07/18 12:40:00, 24.25, 24.31, 24.11, 43.66, 43.42, 0, 0, 4.15
2019/07/18 12:41:00, 24.25, 24.29, 24.10, 43.61, 43.37, 0, 0, 4.15
2019/07/18 12:42:00, 24.25, 24.31, 24.13, 43.61, 43.34, 0, 0, 4.15
2019/07/18 12:43:00, 24.25, 24.31, 24.12, 43.57, 43.37, 0, 0, 4.15
2019/07/18 12:44:00, 24.25, 24.29, 24.10, 43.55, 43.29, 0, 0, 4.15
2019/07/18 12:45:00, 24.25, 24.27, 24.10, 43.53, 43.30, 0, 0, 4.15
2019/07/18 12:46:00, 24.25, 24.29, 24.11, 43.48, 43.27, 0, 0, 4.15
2019/07/18 12:47:00, 24.25, 24.29, 24.13, 43.47, 43.27, 0, 0, 4.15
2019/07/18 12:48:00, 24.25, 24.31, 24.11, 43.45, 43.25, 0, 0, 4.15
2019/07/18 12:49:00, 24.25, 24.29, 24.11, 43.42, 43.23, 0, 0, 4.15
2019/07/18 12:50:00, 24.25, 24.29, 24.13, 43.45, 43.19, 0, 0, 4.15
2019/07/18 12:51:00, 24.25, 24.29, 24.10, 43.37, 43.16, 0, 0, 4.15
2019/07/18 12:52:00, 24.25, 24.29, 24.11, 43.34, 43.14, 0, 0, 4.15
2019/07/18 12:53:00, 24.25, 24.27, 24.11, 43.37, 43.14, 0, 0, 4.15
2019/07/18 12:54:00, 24.25, 24.27, 24.13, 43.39, 43.17, 0, 0, 4.15
2019/07/18 12:55:00, 24.25, 24.31, 24.13, 43.39, 43.14, 0, 0, 4.15
2019/07/18 12:56:00, 24.25, 24.32, 24.13, 43.37, 43.10, 0, 0, 4.15
2019/07/18 12:57:00, 24.25, 24.31, 24.13, 43.36, 43.12, 0, 0, 4.15
2019/07/18 12:58:00, 24.25, 24.31, 24.13, 43.33, 43.11, 0, 0, 4.15
2019/07/18 12:59:00, 24.25, 24.31, 24.13, 43.33, 43.10, 0, 0, 4.15
2019/07/18 13:00:00, 24.25, 24.31, 24.12, 43.25, 43.06, 0, 0, 4.15
2019/07/18 13:01:00, 24.25, 24.33, 24.12, 43.26, 43.03, 0, 0, 4.15
2019/07/18 13:02:00, 24.25, 24.35, 24.15, 43.28, 43.01, 0, 0, 4.15
2019/07/18 13:03:00, 24.25, 24.32, 24.13, 43.18, 43.01, 0, 0, 4.15
2019/07/18 13:04:00, 24.25, 24.32, 24.13, 43.19, 42.98, 0, 0, 4.15
2019/07/18 13:05:00, 24.25, 24.31, 24.15, 43.21, 43.00, 0, 0, 4.15
2019/07/18 13:06:00, 24.25, 24.33, 24.13, 43.22, 43.01, 0, 0, 4.15
2019/07/18 13:07:00, 24.25, 24.33, 24.15, 43.24, 43.00, 0, 0, 4.15
2019/07/18 13:08:00, 24.25, 24.33, 24.13, 43.16, 42.98, 0, 0, 4.15
2019/07/18 13:09:00, 24.25, 24.33, 24.16, 43.20, 42.97, 0, 0, 4.15
2019/07/18 13:10:00, 24.25, 24.32, 24.13, 43.16, 42.95, 0, 0, 4.15
2019/07/18 13:11:00, 24.25, 24.33, 24.13, 43.21, 42.96, 0, 0, 4.15
2019/07/18 13:12:00, 24.25, 24.33, 24.16, 43.10, 42.95, 0, 0, 4.15
2019/07/18 13:13:00, 24.25, 24.33, 24.16, 43.09, 42.88, 0, 0, 4.15
2019/07/18 13:14:00, 24.25, 24.32, 24.16, 43.02, 42.84, 0, 0, 4.15
2019/07/18 13:15:00, 24.25, 24.33, 24.16, 43.03, 42.82, 0, 0, 4.15
2019/07/18 13:16:00, 24.25, 24.32, 24.16, 43.00, 42.82, 0, 0, 4.15
2019/07/18 13:17:00, 24.25, 24.33, 24.16, 43.04, 42.85, 0, 0, 4.15
2019/07/18 13:18:00, 24.25, 24.33, 24.16, 43.01, 42.83, 0, 0, 4.15
2019/07/18 13:19:00, 24.25, 24.32, 24.16, 42.98, 42.78, 0, 0, 4.15
2019/07/18 13:20:00, 24.50, 24.33, 24.15, 42.99, 42.77, 0, 0, 4.15
2019/07/18 13:21:00, 24.50, 24.35, 24.16, 42.97, 42.80, 0, 0, 4.15
2019/07/18 13:22:00, 24.50, 24.35, 24.13, 42.93, 42.78, 0, 0, 4.15
2019/07/18 13:23:00, 24.50, 24.33, 24.17, 42.98, 42.75, 0, 0, 4.15
2019/07/18 13:24:00, 24.50, 24.35, 24.18, 42.89, 42.75, 0, 0, 4.15
2019/07/18 13:25:00, 24.50, 24.33, 24.16, 42.93, 42.74, 0, 0, 4.15
2019/07/18 13:26:00, 24.50, 24.35, 24.17, 42.89, 42.72, 0, 0, 4.15
2019/07/18 13:27:00, 24.50, 24.33, 24.16, 42.85, 42.70, 0, 0, 4.15
2019/07/18 13:28:00, 24.50, 24.32, 24.15, 42.89, 42.70, 0, 0, 4.15
2019/07/18 13:29:00, 24.50, 24.35, 24.16, 42.96, 42.72, 0, 0, 4.15
2019/07/18 13:30:00, 24.50, 24.35, 24.17, 42.93, 42.69, 0, 0, 4.15
2019/07/18 13:31:00, 24.50, 24.38, 24.18, 42.87, 42.72, 0, 0, 4.15
2019/07/18 13:32:00, 24.50, 24.36, 24.17, 42.83, 42.65, 0, 0, 4.15
2019/07/18 13:33:00, 24.50, 24.36, 24.18, 42.85, 42.62, 0, 0, 4.15
2019/07/18 13:34:00, 24.50, 24.35, 24.19, 42.77, 42.61, 0, 0, 4.15
2019/07/18 13:35:00, 24.50, 24.35, 24.18, 42.79, 42.62, 0, 0, 4.15
2019/07/18 13:36:00, 24.50, 24.36, 24.19, 42.72, 42.57, 0, 0, 4.15
2019/07/18 13:37:00, 24.50, 24.36, 24.17, 42.71, 42.53, 0, 0, 4.15
2019/07/18 13:38:00, 24.50, 24.36, 24.18, 42.68, 42.53, 0, 0, 4.15
2019/07/18 13:39:00, 24.50, 24.35, 24.17, 42.76, 42.55, 0, 0, 4.15
2019/07/18 13:40:00, 24.50, 24.35, 24.16, 42.72, 42.55, 0, 0, 4.15
2019/07/18 13:41:00, 24.50, 24.36, 24.16, 42.71, 42.52, 0, 0, 4.15
2019/07/18 13:42:00, 24.50, 24.36, 24.19, 42.71, 42.54, 0, 0, 4.15
2019/07/18 13:43:00, 24.50, 24.38, 24.18, 42.69, 42.52, 0, 0, 4.15
2019/07/18 13:44:00, 24.50, 24.35, 24.19, 42.65, 42.47, 0, 0, 4.15
2019/07/18 13:45:00, 24.50, 24.36, 24.19, 42.55, 42.43, 0, 0, 4.15
2019/07/18 13:46:00, 24.50, 24.36, 24.19, 42.53, 42.40, 0, 0, 4.15
2019/07/18 13:47:00, 24.50, 24.36, 24.18, 42.57, 42.40, 0, 0, 4.15
2019/07/18 13:48:00, 24.50, 24.35, 24.17, 42.55, 42.37, 0, 0, 4.15
2019/07/18 13:49:00, 24.50, 24.35, 24.18, 42.48, 42.33, 0, 0, 4.15
2019/07/18 13:50:00, 24.50, 24.35, 24.19, 42.45, 42.31, 0, 0, 4.15
2019/07/18 13:51:00, 24.50, 24.36, 24.19, 42.49, 42.32, 0, 0, 4.15
2019/07/18 13:52:00, 24.50, 24.36, 24.18, 42.39, 42.26, 0, 0, 4.15
2019/07/18 13:53:00, 24.50, 24.35, 24.17, 42.28, 42.18, 0, 0, 4.15
2019/07/18 13:54:00, 24.50, 24.35, 24.16, 42.22, 42.13, 0, 0, 4.15
2019/07/18 13:55:00, 24.50, 24.32, 24.16, 42.21, 42.08, 0, 0, 4.15
2019/07/18 13:56:00, 24.50, 24.33, 24.16, 42.22, 42.08, 0, 0, 4.15
2019/07/18 13:57:00, 24.50, 24.31, 24.13, 42.13, 42.01, 0, 0, 4.15
2019/07/18 13:58:00, 24.50, 24.33, 24.11, 42.19, 42.05, 0, 0, 4.15
2019/07/18 13:59:00, 24.50, 24.31, 24.11, 42.15, 42.06, 0, 0, 4.15
2019/07/18 14:00:00, 24.50, 24.27, 24.10, 42.15, 41.99, 0, 0, 4.15
2019/07/18 14:01:00, 24.50, 24.25, 24.06, 42.11, 42.02, 0, 0, 4.15
2019/07/18 14:02:00, 24.50, 24.27, 24.10, 42.18, 42.01, 0, 0, 4.15
2019/07/18 14:03:00, 24.50, 24.26, 24.07, 42.19, 42.01, 0, 0, 4.15
2019/07/18 14:04:00, 24.50, 24.25, 24.07, 42.12, 42.01, 0, 0, 4.15
2019/07/18 14:05:00, 24.50, 24.23, 24.07, 42.08, 41.96, 0, 0, 4.15
2019/07/18 14:06:00, 24.50, 24.22, 24.04, 41.97, 41.87, 0, 0, 4.15
2019/07/18 14:07:00, 24.50, 24.23, 24.04, 42.05, 41.92, 0, 0, 4.15
2019/07/18 14:08:00, 24.50, 24.20, 24.03, 42.09, 41.94, 0, 0, 4.15
2019/07/18 14:09:00, 24.50, 24.23, 24.05, 42.02, 41.92, 0, 0, 4.15
2019/07/18 14:10:00, 24.50, 24.20, 24.01, 42.05, 41.89, 0, 0, 4.15
2019/07/18 14:11:00, 24.50, 24.22, 24.01, 42.01, 41.88, 0, 0, 4.15
2019/07/18 14:12:00, 24.50, 24.19, 24.01, 42.04, 41.92, 0, 0, 4.15
2019/07/18 14:13:00, 24.50, 24.19, 24.03, 42.04, 41.92, 0, 0, 4.15
2019/07/18 14:14:00, 24.50, 24.18, 23.98, 41.98, 41.88, 0, 0, 4.15
2019/07/18 14:15:00, 24.50, 24.18, 24.00, 41.95, 41.86, 0, 0, 4.15
2019/07/18 14:16:00, 24.50, 24.19, 24.00, 41.99, 41.86, 0, 0, 4.15
2019/07/18 14:17:00, 24.50, 24.16, 23.95, 41.92, 41.79, 0, 0, 4.15
2019/07/18 14:18:00, 24.50, 24.16, 23.97, 41.91, 41.79, 0, 0, 4.15
2019/07/18 14:19:00, 24.50, 24.14, 23.95, 41.92, 41.80, 0, 0, 4.15
2019/07/18 14:20:00, 24.50, 24.14, 23.94, 41.88, 41.76, 0, 0, 4.15
2019/07/18 14:21:00, 24.50, 24.11, 23.96, 41.90, 41.76, 0, 0, 4.15
2019/07/18 14:22:00, 24.50, 24.11, 23.93, 41.83, 41.72, 0, 0, 4.15
2019/07/18 14:23:00, 24.25, 24.11, 23.94, 41.85, 41.74, 0, 0, 4.15
2019/07/18 14:24:00, 24.25, 24.09, 23.92, 41.84, 41.74, 0, 0, 4.15
2019/07/18 14:25:00, 24.25, 24.09, 23.91, 41.78, 41.69, 0, 0, 4.15
2019/07/18 14:26:00, 24.25, 24.08, 23.91, 41.81, 41.68, 0, 0, 4.15
2019/07/18 14:27:00, 24.25, 24.07, 23.88, 41.77, 41.67, 0, 0, 4.15
2019/07/18 14:28:00, 24.25, 24.09, 23.88, 41.85, 41.69, 0, 0, 4.15
2019/07/18 14:29:00, 24.25, 24.05, 23.89, 41.78, 41.69, 0, 0, 4.15
2019/07/18 14:30:00, 24.25, 24.05, 23.88, 41.78, 41.67, 0, 0, 4.15
2019/07/18 14:31:00, 24.25, 24.05, 23.87, 41.74, 41.64, 0, 0, 4.15
2019/07/18 14:32:00, 24.25, 24.05, 23.87, 41.79, 41.66, 0, 0, 4.15
2019/07/18 14:33:00, 24.25, 24.05, 23.87, 41.64, 41.59, 0, 0, 4.15
2019/07/18 14:34:00, 24.25, 24.04, 23.86, 41.66, 41.56, 0, 0, 4.15
2019/07/18 14:35:00, 24.25, 24.04, 23.84, 41.58, 41.50, 0, 0, 4.15
2019/07/18 14:36:00, 24.25, 24.02, 23.84, 41.53, 41.45, 0, 0, 4.15
2019/07/18 14:37:00, 24.25, 24.01, 23.86, 41.43, 41.39, 0, 0, 4.15
2019/07/18 14:38:00, 24.25, 23.99, 23.82, 41.37, 41.34, 0, 0, 4.15
2019/07/18 14:39:00, 24.25, 23.99, 23.80, 41.37, 41.33, 0, 0, 4.15
2019/07/18 14:40:00, 24.25, 24.01, 23.82, 41.37, 41.28, 0, 0, 4.15
2019/07/18 14:41:00, 24.25, 23.97, 23.78, 41.28, 41.21, 0, 0, 4.15
2019/07/18 14:42:00, 24.25, 23.98, 23.80, 41.30, 41.21, 0, 0, 4.15
2019/07/18 14:43:00, 24.25, 23.97, 23.80, 41.22, 41.18, 0, 0, 4.15
2019/07/18 14:44:00, 24.25, 23.97, 23.81, 41.20, 41.15, 0, 0, 4.15
2019/07/18 14:45:00, 24.25, 23.98, 23.80, 41.17, 41.13, 0, 0, 4.15
2019/07/18 14:46:00, 24.25, 23.97, 23.79, 41.14, 41.07, 0, 0, 4.15
2019/07/18 14:47:00, 24.25, 23.97, 23.79, 41.18, 41.08, 0, 0, 4.15
2019/07/18 14:48:00, 24.25, 23.97, 23.79, 41.12, 41.05, 0, 0, 4.15
2019/07/18 14:49:00, 24.25, 23.94, 23.80, 41.09, 41.04, 0, 0, 4.15
2019/07/18 14:50:00, 24.25, 23.94, 23.76, 41.05, 40.96, 0, 0, 4.15
2019/07/18 14:51:00, 24.25, 23.95, 23.77, 41.02, 40.98, 0, 0, 4.15
2019/07/18 14:52:00, 24.25, 23.94, 23.76, 41.02, 40.93, 0, 0, 4.15
2019/07/18 14:53:00, 24.25, 23.95, 23.73, 41.01, 40.93, 0, 0, 4.15
2019/07/18 14:54:00, 24.25, 23.94, 23.74, 40.96, 40.89, 0, 0, 4.15
2019/07/18 14:55:00, 24.25, 23.94, 23.74, 40.94, 40.89, 0, 0, 4.15
2019/07/18 14:56:00, 24.25, 23.90, 23.73, 40.93, 40.85, 0, 0, 4.15
2019/07/18 14:57:00, 24.25, 23.91, 23.74, 40.88, 40.85, 0, 0, 4.15
2019/07/18 14:58:00, 24.25, 23.91, 23.72, 40.91, 40.82, 0, 0, 4.15
2019/07/18 14:59:00, 24.25, 23.90, 23.72, 40.84, 40.79, 0, 0, 4.15
2019/07/18 15:00:00, 24.25, 23.91, 23.72, 40.75, 40.73, 0, 0, 4.15
2019/07/18 15:01:00, 24.25, 23.88, 23.71, 40.75, 40.69, 0, 0, 4.15
2019/07/18 15:02:00, 24.25, 23.90, 23.73, 40.71, 40.63, 0, 0, 4.15
2019/07/18 15:03:00, 24.25, 23.88, 23.69, 40.71, 40.63, 0, 0, 4.15
2019/07/18 15:04:00, 24.25, 23.91, 23.71, 40.76, 40.67, 0, 0, 4.15
2019/07/18 15:05:00, 24.25, 23.92, 23.74, 40.74, 40.64, 0, 0, 4.15
2019/07/18 15:06:00, 24.25, 23.94, 23.76, 40.68, 40.64, 0, 0, 4.15
2019/07/18 15:07:00, 24.25, 23.95, 23.76, 40.63, 40.62, 0, 0, 4.15
2019/07/18 15:08:00, 24.25, 23.98, 23.78, 40.59, 40.56, 0, 0, 4.15
2019/07/18 15:09:00, 24.25, 23.98, 23.78, 40.57, 40.53, 0, 0, 4.15
2019/07/18 15:10:00, 24.25, 23.97, 23.80, 40.53, 40.50, 0, 0, 4.15
2019/07/18 15:11:00, 24.25, 23.98, 23.78, 40.47, 40.42, 0, 0, 4.15
2019/07/18 15:12:00, 24.25, 24.01, 23.79, 40.34, 40.35, 0, 0, 4.15
2019/07/18 15:13:00, 24.25, 23.99, 23.80, 40.30, 40.31, 0, 0, 4.15
2019/07/18 15:14:00, 24.25, 24.01, 23.82, 40.28, 40.26, 0, 0, 4.15
2019/07/18 15:15:00, 24.25, 24.01, 23.81, 40.25, 40.22, 0, 0, 4.15
2019/07/18 15:16:00, 24.25, 24.01, 23.83, 40.22, 40.21, 0, 0, 4.15
2019/07/18 15:17:00, 24.25, 24.04, 23.82, 40.21, 40.21, 0, 0, 4.15
2019/07/18 15:18:00, 24.25, 24.01, 23.84, 40.16, 40.17, 0, 0, 4.15
2019/07/18 15:19:00, 24.25, 24.05, 23.86, 40.16, 40.14, 0, 0, 4.15
2019/07/18 15:20:00, 24.25, 24.04, 23.84, 40.16, 40.11, 0, 0, 4.15
2019/07/18 15:21:00, 24.25, 24.05, 23.87, 40.14, 40.08, 0, 0, 4.15
2019/07/18 15:22:00, 24.25, 24.05, 23.86, 40.03, 40.04, 0, 0, 4.15
2019/07/18 15:23:00, 24.25, 24.04, 23.87, 40.07, 40.03, 0, 0, 4.15
2019/07/18 15:24:00, 24.25, 24.05, 23.87, 40.07, 40.07, 0, 0, 4.15
2019/07/18 15:25:00, 24.25, 24.05, 23.87, 40.06, 40.05, 0, 0, 4.15
2019/07/18 15:26:00, 24.25, 24.09, 23.91, 40.02, 40.00, 0, 0, 4.15
2019/07/18 15:27:00, 24.25, 24.09, 23.91, 39.97, 39.95, 0, 0, 4.15
2019/07/18 15:28:00, 24.25, 24.09, 23.91, 39.96, 39.95, 0, 0, 4.15
2019/07/18 15:29:00, 24.25, 24.11, 23.92, 39.97, 39.95, 0, 0, 4.15
2019/07/18 15:30:00, 24.25, 24.11, 23.92, 39.94, 39.95, 0, 0, 4.15
2019/07/18 15:31:00, 24.25, 24.11, 23.92, 39.96, 39.90, 0, 0, 4.15
2019/07/18 15:32:00, 24.25, 24.11, 23.92, 39.89, 39.92, 0, 0, 4.15
2019/07/18 15:33:00, 24.25, 24.12, 23.93, 39.89, 39.89, 0, 0, 4.15
2019/07/18 15:34:00, 24.25, 24.09, 23.91, 39.87, 39.86, 0, 0, 4.15
2019/07/18 15:35:00, 24.25, 24.12, 23.94, 39.84, 39.85, 0, 0, 4.15
2019/07/18 15:36:00, 24.25, 24.12, 23.94, 39.87, 39.83, 0, 0, 4.15
2019/07/18 15:37:00, 24.25, 24.14, 23.94, 39.82, 39.80, 0, 0, 4.15
2019/07/18 15:38:00, 24.25, 24.11, 23.93, 39.79, 39.79, 0, 0, 4.15
2019/07/18 15:39:00, 24.25, 24.12, 23.92, 39.74, 39.76, 0, 0, 4.15
2019/07/18 15:40:00, 24.25, 24.12, 23.95, 39.76, 39.73, 0, 0, 4.15
2019/07/18 15:41:00, 24.25, 24.11, 23.94, 39.76, 39.74, 0, 0, 4.15
2019/07/18 15:42:00, 24.25, 24.12, 23.95, 39.71, 39.66, 0, 0, 4.15
2019/07/18 15:43:00, 24.25, 24.12, 23.95, 39.69, 39.68, 0, 0, 4.15
2019/07/18 15:44:00, 24.25, 24.14, 23.95, 39.67, 39.66, 0, 0, 4.15
2019/07/18 15:45:00, 24.25, 24.12, 23.95, 39.68, 39.66, 0, 0, 4.15
2019/07/18 15:46:00, 24.25, 24.14, 23.93, 39.68, 39.65, 0, 0, 4.15
2019/07/18 15:47:00, 24.25, 24.15, 23.93, 39.64, 39.61, 0, 0, 4.15
2019/07/18 15:48:00, 24.25, 24.12, 23.97, 39.61, 39.63, 0, 0, 4.15
2019/07/18 15:49:00, 24.25, 24.14, 23.95, 39.65, 39.60, 0, 0, 4.15
2019/07/18 15:50:00, 24.25, 24.14, 23.95, 39.60, 39.58, 0, 0, 4.15
2019/07/18 15:51:00, 24.25, 24.15, 23.95, 39.59, 39.60, 0, 0, 4.15
2019/07/18 15:52:00, 24.25, 24.15, 23.97, 39.54, 39.56, 0, 0, 4.15
2019/07/18 15:53:00, 24.25, 24.14, 23.95, 39.52, 39.57, 0, 0, 4.15
2019/07/18 15:54:00, 24.25, 24.14, 23.95, 39.56, 39.53, 0, 0, 4.15
2019/07/18 15:55:00, 24.25, 24.16, 23.96, 39.48, 39.48, 0, 0, 4.15
2019/07/18 15:56:00, 24.25, 24.14, 23.98, 39.48, 39.47, 0, 0, 4.15
2019/07/18 15:57:00, 24.25, 24.15, 23.95, 39.47, 39.47, 0, 0, 4.15
2019/07/18 15:58:00, 24.25, 24.15, 23.95, 39.43, 39.45, 0, 0, 4.15
2019/07/18 15:59:00, 24.25, 24.15, 23.98, 39.38, 39.44, 0, 0, 4.15
2019/07/18 16:00:00, 24.25, 24.15, 23.97, 39.35, 39.35, 0, 0, 4.15
2019/07/18 16:01:00, 24.25, 24.15, 23.97, 39.35, 39.37, 0, 0, 4.15
2019/07/18 16:02:00, 24.25, 24.16, 23.95, 39.32, 39.34, 0, 0, 4.15
2019/07/18 16:03:00, 24.25, 24.16, 23.97, 39.39, 39.34, 0, 0, 4.15
2019/07/18 16:04:00, 24.25, 24.15, 24.01, 39.34, 39.34, 0, 0, 4.15
2019/07/18 16:05:00, 24.25, 24.16, 24.01, 39.27, 39.31, 0, 0, 4.15
2019/07/18 16:06:00, 24.25, 24.16, 23.97, 39.24, 39.27, 0, 0, 4.15
2019/07/18 16:07:00, 24.25, 24.16, 23.97, 39.26, 39.25, 0, 0, 4.15
2019/07/18 16:08:00, 24.25, 24.19, 24.01, 39.23, 39.24, 0, 0, 4.15
2019/07/18 16:09:00, 24.25, 24.18, 23.98, 39.19, 39.21, 0, 0, 4.15
2019/07/18 16:10:00, 24.25, 24.16, 23.98, 39.15, 39.18, 0, 0, 4.15
2019/07/18 16:11:00, 24.25, 24.15, 24.00, 39.12, 39.15, 0, 0, 4.15
2019/07/18 16:12:00, 24.25, 24.16, 23.97, 39.11, 39.14, 0, 0, 4.15
2019/07/18 16:13:00, 24.25, 24.15, 24.00, 39.08, 39.12, 0, 0, 4.15
2019/07/18 16:14:00, 24.25, 24.19, 23.96, 39.07, 39.05, 0, 0, 4.15
2019/07/18 16:15:00, 24.25, 24.19, 23.98, 39.03, 39.04, 0, 0, 4.15
2019/07/18 16:16:00, 24.25, 24.18, 24.00, 38.98, 39.02, 0, 0, 4.15
2019/07/18 16:17:00, 24.25, 24.16, 23.98, 38.94, 38.98, 0, 0, 4.15
2019/07/18 16:18:00, 24.25, 24.18, 23.97, 38.98, 38.99, 0, 0, 4.15
2019/07/18 16:19:00, 24.25, 24.19, 23.98, 38.94, 38.98, 0, 0, 4.15
2019/07/18 16:20:00, 24.25, 24.16, 24.01, 38.89, 38.92, 0, 0, 4.15
2019/07/18 16:21:00, 24.25, 24.22, 24.01, 38.89, 38.92, 0, 0, 4.15
2019/07/18 16:22:00, 24.25, 24.18, 24.00, 38.84, 38.88, 0, 0, 4.15
2019/07/18 16:23:00, 24.25, 24.15, 24.00, 38.90, 38.87, 0, 0, 4.15
2019/07/18 16:24:00, 24.25, 24.18, 24.00, 38.79, 38.81, 0, 0, 4.15
2019/07/18 16:25:00, 24.25, 24.15, 23.97, 38.76, 38.77, 0, 0, 4.15
2019/07/18 16:26:00, 24.25, 24.15, 23.96, 38.76, 38.77, 0, 0, 4.15
2019/07/18 16:27:00, 24.25, 24.15, 23.95, 38.76, 38.77, 0, 0, 4.15
2019/07/18 16:28:00, 24.25, 24.12, 23.93, 38.75, 38.78, 0, 0, 4.15
2019/07/18 16:29:00, 24.25, 24.11, 23.95, 38.76, 38.79, 0, 0, 4.15
2019/07/18 16:30:00, 24.25, 24.12, 23.92, 38.78, 38.79, 0, 0, 4.15
2019/07/18 16:31:00, 24.25, 24.09, 23.92, 38.77, 38.77, 0, 0, 4.15
2019/07/18 16:32:00, 24.25, 24.11, 23.92, 38.74, 38.76, 0, 0, 4.15
2019/07/18 16:33:00, 24.25, 24.12, 23.91, 38.70, 38.73, 0, 0, 4.15
2019/07/18 16:34:00, 24.25, 24.08, 23.92, 38.74, 38.73, 0, 0, 4.15
2019/07/18 16:35:00, 24.25, 24.08, 23.91, 38.69, 38.72, 0, 0, 4.15
2019/07/18 16:36:00, 24.25, 24.08, 23.89, 38.73, 38.71, 0, 0, 4.15
2019/07/18 16:37:00, 24.25, 24.07, 23.89, 38.67, 38.73, 0, 0, 4.15
2019/07/18 16:38:00, 24.25, 24.08, 23.90, 38.70, 38.73, 0, 0, 4.15
2019/07/18 16:39:00, 24.25, 24.05, 23.91, 38.70, 38.74, 0, 0, 4.15
2019/07/18 16:40:00, 24.25, 24.07, 23.88, 38.73, 38.75, 0, 0, 4.15
2019/07/18 16:41:00, 24.25, 24.08, 23.88, 38.71, 38.73, 0, 0, 4.15
2019/07/18 16:42:00, 24.25, 24.07, 23.89, 38.73, 38.73, 0, 0, 4.15
2019/07/18 16:43:00, 24.25, 24.04, 23.88, 38.68, 38.73, 0, 0, 4.15
2019/07/18 16:44:00, 24.25, 24.04, 23.88, 38.68, 38.70, 0, 0, 4.15
2019/07/18 16:45:00, 24.25, 24.05, 23.87, 38.67, 38.70, 0, 0, 4.15
2019/07/18 16:46:00, 24.25, 24.07, 23.86, 38.59, 38.68, 0, 0, 4.15
2019/07/18 16:47:00, 24.25, 24.04, 23.87, 38.62, 38.66, 0, 0, 4.15
2019/07/18 16:48:00, 24.25, 24.05, 23.87, 38.63, 38.63, 0, 0, 4.15
2019/07/18 16:49:00, 24.25, 24.04, 23.87, 38.58, 38.63, 0, 0, 4.15
2019/07/18 16:50:00, 24.25, 24.02, 23.86, 38.56, 38.61, 0, 0, 4.15
2019/07/18 16:51:00, 24.25, 24.02, 23.86, 38.55, 38.58, 0, 0, 4.15
2019/07/18 16:52:00, 24.25, 24.05, 23.86, 38.50, 38.54, 0, 0, 4.15
2019/07/18 16:53:00, 24.25, 24.04, 23.84, 38.48, 38.52, 0, 0, 4.15
2019/07/18 16:54:00, 24.25, 24.04, 23.84, 38.42, 38.50, 0, 0, 4.15
2019/07/18 16:55:00, 24.25, 24.02, 23.82, 38.44, 38.47, 0, 0, 4.15
2019/07/18 16:56:00, 24.25, 24.02, 23.83, 38.45, 38.48, 0, 0, 4.15
2019/07/18 16:57:00, 24.25, 24.01, 23.82, 38.44, 38.46, 0, 0, 4.15
2019/07/18 16:58:00, 24.25, 23.99, 23.82, 38.44, 38.50, 0, 0, 4.15
2019/07/18 16:59:00, 24.25, 24.02, 23.83, 38.45, 38.47, 0, 0, 4.15
2019/07/18 17:00:00, 24.25, 24.01, 23.83, 38.40, 38.44, 0, 0, 4.15
2019/07/18 17:01:00, 24.25, 24.04, 23.82, 38.40, 38.43, 0, 0, 4.15
2019/07/18 17:02:00, 24.25, 24.02, 23.83, 38.38, 38.38, 0, 0, 4.15
2019/07/18 17:03:00, 24.25, 24.01, 23.81, 38.36, 38.38, 0, 0, 4.15
2019/07/18 17:04:00, 24.25, 24.02, 23.80, 38.39, 38.37, 0, 0, 4.15
2019/07/18 17:05:00, 24.25, 23.99, 23.83, 38.29, 38.34, 0, 0, 4.15
2019/07/18 17:06:00, 24.25, 23.99, 23.82, 38.27, 38.29, 0, 0, 4.15
2019/07/18 17:07:00, 24.25, 24.02, 23.81, 38.23, 38.31, 0, 0, 4.15
2019/07/18 17:08:00, 24.25, 24.01, 23.82, 38.21, 38.27, 0, 0, 4.15
2019/07/18 17:09:00, 24.25, 24.01, 23.81, 38.21, 38.25, 0, 0, 4.15
2019/07/18 17:10:00, 24.25, 23.99, 23.80, 38.21, 38.23, 0, 0, 4.15
2019/07/18 17:11:00, 24.25, 24.01, 23.81, 38.11, 38.18, 0, 0, 4.15
2019/07/18 17:12:00, 24.25, 23.99, 23.79, 38.09, 38.14, 0, 0, 4.15
2019/07/18 17:13:00, 24.25, 23.99, 23.80, 38.05, 38.10, 0, 0, 4.15
2019/07/18 17:14:00, 24.25, 24.01, 23.80, 38.06, 38.09, 0, 0, 4.15
2019/07/18 17:15:00, 24.25, 23.99, 23.79, 38.04, 38.09, 0, 0, 4.15
2019/07/18 17:16:00, 24.25, 23.98, 23.80, 38.00, 38.05, 0, 0, 4.15
2019/07/18 17:17:00, 24.25, 23.97, 23.78, 38.01, 38.08, 0, 0, 4.15
2019/07/18 17:18:00, 24.25, 23.97, 23.80, 38.03, 38.09, 0, 0, 4.15
2019/07/18 17:19:00, 24.25, 23.98, 23.82, 38.02, 38.06, 0, 0, 4.15
2019/07/18 17:20:00, 24.25, 23.97, 23.78, 37.97, 38.03, 0, 0, 4.15
2019/07/18 17:21:00, 24.25, 23.95, 23.78, 38.00, 38.01, 0, 0, 4.15
2019/07/18 17:22:00, 24.25, 23.98, 23.78, 37.95, 37.99, 0, 0, 4.15
2019/07/18 17:23:00, 24.25, 23.97, 23.78, 37.92, 37.96, 0, 0, 4.15
2019/07/18 17:24:00, 24.25, 23.97, 23.77, 37.91, 37.96, 0, 0, 4.15
2019/07/18 17:25:00, 24.25, 23.95, 23.77, 37.94, 37.96, 0, 0, 4.15
2019/07/18 17:26:00, 24.25, 23.97, 23.81, 37.89, 37.94, 0, 0, 4.15
2019/07/18 17:27:00, 24.25, 23.95, 23.79, 37.83, 37.93, 0, 0, 4.15
2019/07/18 17:28:00, 24.25, 23.97, 23.77, 37.84, 37.89, 0, 0, 4.15
2019/07/18 17:29:00, 24.25, 23.97, 23.78, 37.82, 37.88, 0, 0, 4.15
2019/07/18 17:30:00, 24.25, 23.97, 23.77, 37.79, 37.85, 0, 0, 4.15
2019/07/18 17:31:00, 24.25, 23.97, 23.76, 37.79, 37.83, 0, 0, 4.15
2019/07/18 17:32:00, 24.25, 23.95, 23.78, 37.75, 37.81, 0, 0, 4.15
2019/07/18 17:33:00, 24.25, 23.95, 23.76, 37.73, 37.79, 0, 0, 4.15
2019/07/18 17:34:00, 24.25, 23.95, 23.75, 37.70, 37.76, 0, 0, 4.15
2019/07/18 17:35:00, 24.25, 23.95, 23.75, 37.67, 37.75, 0, 0, 4.15
2019/07/18 17:36:00, 24.25, 23.95, 23.76, 37.70, 37.72, 0, 0, 4.15
2019/07/18 17:37:00, 24.25, 23.94, 23.78, 37.63, 37.68, 0, 0, 4.15
2019/07/18 17:38:00, 24.25, 23.94, 23.76, 37.62, 37.69, 0, 0, 4.15
2019/07/18 17:39:00, 24.25, 23.97, 23.76, 37.55, 37.64, 0, 0, 4.15
2019/07/18 17:40:00, 24.25, 23.92, 23.74, 37.59, 37.64, 0, 0, 4.15
2019/07/18 17:41:00, 24.25, 23.95, 23.76, 37.54, 37.57, 0, 0, 4.15
2019/07/18 17:42:00, 24.25, 23.94, 23.75, 37.51, 37.55, 0, 0, 4.15
2019/07/18 17:43:00, 24.25, 23.94, 23.75, 37.51, 37.54, 0, 0, 4.15
2019/07/18 17:44:00, 24.25, 23.97, 23.74, 37.49, 37.54, 0, 0, 4.15
2019/07/18 17:45:00, 24.25, 23.94, 23.76, 37.49, 37.53, 0, 0, 4.15
2019/07/18 17:46:00, 24.25, 23.94, 23.74, 37.43, 37.51, 0, 0, 4.15
2019/07/18 17:47:00, 24.25, 23.95, 23.74, 37.45, 37.47, 0, 0, 4.15
2019/07/18 17:48:00, 24.25, 23.92, 23.74, 37.42, 37.44, 0, 0, 4.15
2019/07/18 17:49:00, 24.00, 23.95, 23.76, 37.43, 37.44, 0, 0, 4.15
2019/07/18 17:50:00, 24.25, 23.94, 23.74, 37.34, 37.41, 0, 0, 4.15
2019/07/18 17:51:00, 24.25, 23.94, 23.73, 37.34, 37.40, 0, 0, 4.15
2019/07/18 17:52:00, 24.25, 23.92, 23.72, 37.35, 37.39, 0, 0, 4.15
2019/07/18 17:53:00, 24.25, 23.91, 23.73, 37.32, 37.38, 0, 0, 4.15
2019/07/18 17:54:00, 24.25, 23.91, 23.73, 37.28, 37.37, 0, 0, 4.15
2019/07/18 17:55:00, 24.25, 23.92, 23.74, 37.35, 37.35, 0, 0, 4.15
2019/07/18 17:56:00, 24.00, 23.92, 23.73, 37.31, 37.35, 0, 0, 4.15
2019/07/18 17:57:00, 24.00, 23.92, 23.72, 37.30, 37.33, 0, 0, 4.15
2019/07/18 17:58:00, 24.00, 23.91, 23.71, 37.26, 37.29, 0, 0, 4.15
2019/07/18 17:59:00, 24.00, 23.91, 23.73, 37.23, 37.28, 0, 0, 4.15
2019/07/18 18:00:00, 24.00, 23.92, 23.74, 37.23, 37.25, 0, 0, 4.15
2019/07/18 18:01:00, 24.00, 23.91, 23.72, 37.24, 37.25, 0, 0, 4.15
2019/07/18 18:02:00, 24.00, 23.90, 23.73, 37.18, 37.28, 0, 0, 4.15
2019/07/18 18:03:00, 24.00, 23.91, 23.73, 37.22, 37.24, 0, 0, 4.15
2019/07/18 18:04:00, 24.00, 23.91, 23.72, 37.14, 37.23, 0, 0, 4.15
2019/07/18 18:05:00, 24.00, 23.91, 23.73, 37.15, 37.19, 0, 0, 4.15
2019/07/18 18:06:00, 24.00, 23.91, 23.73, 37.15, 37.19, 0, 0, 4.15
2019/07/18 18:07:00, 24.00, 23.94, 23.72, 37.18, 37.19, 0, 0, 4.15
2019/07/18 18:08:00, 24.00, 23.92, 23.73, 37.08, 37.19, 0, 0, 4.15
2019/07/18 18:09:00, 24.00, 23.90, 23.72, 37.15, 37.19, 0, 0, 4.15
2019/07/18 18:10:00, 24.00, 23.92, 23.75, 37.10, 37.18, 0, 0, 4.15
2019/07/18 18:11:00, 24.00, 23.92, 23.73, 37.10, 37.16, 0, 0, 4.15
2019/07/18 18:12:00, 24.00, 23.95, 23.75, 37.06, 37.15, 0, 0, 4.15
2019/07/18 18:13:00, 24.00, 23.91, 23.75, 37.08, 37.13, 0, 0, 4.15
2019/07/18 18:14:00, 24.00, 23.94, 23.75, 37.07, 37.12, 0, 0, 4.15
2019/07/18 18:15:00, 24.00, 23.95, 23.74, 37.08, 37.13, 0, 0, 4.15
2019/07/18 18:16:00, 24.00, 23.95, 23.75, 37.08, 37.12, 0, 0, 4.15
2019/07/18 18:17:00, 24.00, 23.95, 23.74, 37.02, 37.11, 0, 0, 4.15
2019/07/18 18:18:00, 24.00, 23.92, 23.75, 37.07, 37.12, 0, 0, 4.15
2019/07/18 18:19:00, 24.00, 23.95, 23.76, 37.08, 37.10, 0, 0, 4.15
2019/07/18 18:20:00, 24.00, 23.95, 23.76, 37.07, 37.09, 0, 0, 4.15
2019/07/18 18:21:00, 24.00, 23.95, 23.76, 37.08, 37.10, 0, 0, 4.15
2019/07/18 18:22:00, 24.00, 23.95, 23.74, 37.02, 37.10, 0, 0, 4.15
2019/07/18 18:23:00, 24.00, 23.95, 23.76, 37.02, 37.09, 0, 0, 4.15
2019/07/18 18:24:00, 24.00, 23.95, 23.76, 37.06, 37.09, 0, 0, 4.15
2019/07/18 18:25:00, 24.00, 23.97, 23.75, 37.05, 37.09, 0, 0, 4.15
2019/07/18 18:26:00, 24.00, 23.94, 23.77, 37.06, 37.09, 0, 0, 4.15
2019/07/18 18:27:00, 24.00, 23.97, 23.76, 37.01, 37.07, 0, 0, 4.15
2019/07/18 18:28:00, 24.00, 23.94, 23.77, 36.98, 37.07, 0, 0, 4.15
2019/07/18 18:29:00, 24.00, 23.92, 23.76, 37.02, 37.06, 0, 0, 4.15
2019/07/18 18:30:00, 24.00, 23.94, 23.76, 36.99, 37.05, 0, 0, 4.15
2019/07/18 18:31:00, 24.00, 23.95, 23.77, 37.02, 37.03, 0, 0, 4.15
2019/07/18 18:32:00, 24.00, 23.95, 23.76, 36.90, 37.02, 0, 0, 4.15
2019/07/18 18:33:00, 24.00, 23.95, 23.75, 37.01, 37.02, 0, 0, 4.15
2019/07/18 18:34:00, 24.00, 23.97, 23.78, 36.97, 37.02, 0, 0, 4.15
2019/07/18 18:35:00, 24.00, 23.97, 23.76, 36.91, 36.99, 0, 0, 4.15
2019/07/18 18:36:00, 24.00, 23.95, 23.78, 36.99, 37.00, 0, 0, 4.15
2019/07/18 18:37:00, 24.00, 23.95, 23.76, 36.90, 36.98, 0, 0, 4.15
2019/07/18 18:38:00, 24.00, 23.97, 23.78, 36.91, 36.95, 0, 0, 4.15
2019/07/18 18:39:00, 24.00, 23.94, 23.78, 36.89, 36.96, 0, 0, 4.15
2019/07/18 18:40:00, 24.00, 23.97, 23.77, 36.91, 36.94, 0, 0, 4.15
2019/07/18 18:41:00, 24.00, 23.97, 23.77, 36.91, 36.96, 0, 0, 4.15
2019/07/18 18:42:00, 24.00, 23.97, 23.76, 36.90, 36.93, 0, 0, 4.15
2019/07/18 18:43:00, 24.00, 23.95, 23.77, 36.85, 36.92, 0, 0, 4.15
2019/07/18 18:44:00, 24.00, 23.97, 23.76, 36.91, 36.91, 0, 0, 4.15
2019/07/18 18:45:00, 24.25, 23.94, 23.76, 36.85, 36.91, 0, 0, 4.15
2019/07/18 18:46:00, 24.00, 23.95, 23.75, 36.86, 36.90, 0, 0, 4.15
2019/07/18 18:47:00, 24.00, 23.97, 23.75, 36.85, 36.87, 0, 0, 4.15
2019/07/18 18:48:00, 24.00, 23.95, 23.77, 36.81, 36.86, 0, 0, 4.15
2019/07/18 18:49:00, 24.00, 23.95, 23.77, 36.81, 36.84, 0, 0, 4.15
2019/07/18 18:50:00, 24.00, 23.98, 23.78, 36.78, 36.83, 0, 0, 4.15
2019/07/18 18:51:00, 24.00, 23.95, 23.78, 36.74, 36.81, 0, 0, 4.15
2019/07/18 18:52:00, 24.00, 23.97, 23.76, 36.74, 36.77, 0, 0, 4.15
2019/07/18 18:53:00, 24.00, 23.95, 23.78, 36.71, 36.78, 0, 0, 4.15
2019/07/18 18:54:00, 24.25, 23.95, 23.75, 36.73, 36.75, 0, 0, 4.15
2019/07/18 18:55:00, 24.00, 23.94, 23.77, 36.69, 36.76, 0, 0, 4.15
2019/07/18 18:56:00, 24.00, 23.95, 23.76, 36.68, 36.73, 0, 0, 4.15
2019/07/18 18:57:00, 24.25, 23.97, 23.75, 36.68, 36.73, 0, 0, 4.15
2019/07/18 18:58:00, 24.25, 23.95, 23.78, 36.66, 36.71, 0, 0, 4.15
2019/07/18 18:59:00, 24.25, 23.95, 23.78, 36.64, 36.69, 0, 0, 4.15
2019/07/18 19:00:00, 24.00, 23.95, 23.76, 36.61, 36.67, 0, 0, 4.15
2019/07/18 19:01:00, 24.25, 23.95, 23.76, 36.58, 36.64, 0, 0, 4.15
2019/07/18 19:02:00, 24.25, 23.97, 23.76, 36.54, 36.64, 0, 0, 4.15
2019/07/18 19:03:00, 24.00, 23.97, 23.77, 36.59, 36.62, 0, 0, 4.15
2019/07/18 19:04:00, 24.25, 23.95, 23.76, 36.57, 36.60, 0, 0, 4.15
2019/07/18 19:05:00, 24.25, 23.97, 23.76, 36.55, 36.59, 0, 0, 4.15
2019/07/18 19:06:00, 24.00, 23.95, 23.77, 36.51, 36.56, 0, 0, 4.15
2019/07/18 19:07:00, 24.00, 23.95, 23.76, 36.53, 36.56, 0, 0, 4.15
2019/07/18 19:08:00, 24.00, 23.97, 23.75, 36.53, 36.54, 0, 0, 4.15
2019/07/18 19:09:00, 24.25, 23.97, 23.74, 36.45, 36.53, 0, 0, 4.15
2019/07/18 19:10:00, 24.00, 23.94, 23.77, 36.46, 36.53, 0, 0, 4.15
2019/07/18 19:11:00, 24.00, 23.97, 23.76, 36.46, 36.51, 0, 0, 4.15
2019/07/18 19:12:00, 24.00, 23.95, 23.76, 36.43, 36.49, 0, 0, 4.15
2019/07/18 19:13:00, 24.00, 23.94, 23.76, 36.38, 36.46, 0, 0, 4.15
2019/07/18 19:14:00, 24.00, 23.95, 23.76, 36.38, 36.43, 0, 0, 4.15
2019/07/18 19:15:00, 24.25, 23.95, 23.76, 36.41, 36.41, 0, 0, 4.15
2019/07/18 19:16:00, 24.25, 23.95, 23.76, 36.35, 36.40, 0, 0, 4.15
2019/07/18 19:17:00, 24.00, 23.94, 23.76, 36.34, 36.37, 0, 0, 4.15
2019/07/18 19:18:00, 24.25, 23.95, 23.75, 36.32, 36.37, 0, 0, 4.15
2019/07/18 19:19:00, 24.00, 23.94, 23.76, 36.27, 36.33, 0, 0, 4.15
2019/07/18 19:20:00, 24.00, 23.95, 23.75, 36.30, 36.33, 0, 0, 4.15
2019/07/18 19:21:00, 24.00, 23.94, 23.75, 36.23, 36.30, 0, 0, 4.15
2019/07/18 19:22:00, 24.00, 23.95, 23.74, 36.26, 36.27, 0, 0, 4.15
2019/07/18 19:23:00, 24.25, 23.95, 23.75, 36.21, 36.24, 0, 0, 4.15
2019/07/18 19:24:00, 24.00, 23.95, 23.73, 36.20, 36.23, 0, 0, 4.15
2019/07/18 19:25:00, 24.00, 23.95, 23.74, 36.17, 36.20, 0, 0, 4.15
2019/07/18 19:26:00, 24.00, 23.95, 23.76, 36.14, 36.19, 0, 0, 4.15
2019/07/18 19:27:00, 24.00, 23.97, 23.74, 36.12, 36.20, 0, 0, 4.15
2019/07/18 19:28:00, 24.00, 23.95, 23.75, 36.09, 36.18, 0, 0, 4.15
2019/07/18 19:29:00, 24.00, 23.95, 23.76, 36.14, 36.17, 0, 0, 4.15
2019/07/18 19:30:00, 24.25, 23.95, 23.75, 36.09, 36.14, 0, 0, 4.15
2019/07/18 19:31:00, 24.00, 23.95, 23.75, 36.13, 36.16, 0, 0, 4.15
2019/07/18 19:32:00, 24.25, 23.92, 23.73, 36.09, 36.12, 0, 0, 4.15
2019/07/18 19:33:00, 24.00, 23.94, 23.74, 36.10, 36.10, 0, 0, 4.15
2019/07/18 19:34:00, 24.00, 23.92, 23.74, 36.09, 36.12, 0, 0, 4.15
2019/07/18 19:35:00, 24.00, 23.92, 23.73, 36.10, 36.13, 0, 0, 4.15
2019/07/18 19:36:00, 24.00, 23.92, 23.72, 36.06, 36.09, 0, 0, 4.15
2019/07/18 19:37:00, 24.00, 23.92, 23.73, 36.10, 36.08, 0, 0, 4.15
2019/07/18 19:38:00, 24.00, 23.91, 23.73, 36.07, 36.06, 0, 0, 4.15
2019/07/18 19:39:00, 24.00, 23.92, 23.73, 36.03, 36.06, 0, 0, 4.15
2019/07/18 19:40:00, 24.00, 23.91, 23.73, 35.99, 36.06, 0, 0, 4.15
2019/07/18 19:41:00, 24.00, 23.91, 23.72, 36.00, 36.03, 0, 0, 4.15
2019/07/18 19:42:00, 24.00, 23.91, 23.73, 35.98, 36.01, 0, 0, 4.15
2019/07/18 19:43:00, 24.00, 23.92, 23.73, 36.00, 36.01, 0, 0, 4.15
2019/07/18 19:44:00, 24.00, 23.90, 23.71, 35.96, 36.01, 0, 0, 4.15
2019/07/18 19:45:00, 24.00, 23.91, 23.71, 35.96, 35.99, 0, 0, 4.15
2019/07/18 19:46:00, 24.00, 23.91, 23.73, 35.94, 35.98, 0, 0, 4.15
2019/07/18 19:47:00, 24.00, 23.91, 23.74, 35.96, 35.98, 0, 0, 4.15
2019/07/18 19:48:00, 24.00, 23.91, 23.73, 35.92, 35.94, 0, 0, 4.15
2019/07/18 19:49:00, 24.00, 23.91, 23.72, 35.90, 35.94, 0, 0, 4.15
2019/07/18 19:50:00, 24.00, 23.90, 23.72, 35.92, 35.92, 0, 0, 4.15
2019/07/18 19:51:00, 24.00, 23.91, 23.73, 35.87, 35.92, 0, 0, 4.15
2019/07/18 19:52:00, 24.00, 23.91, 23.69, 35.83, 35.90, 0, 0, 4.15
2019/07/18 19:53:00, 24.00, 23.91, 23.69, 35.82, 35.89, 0, 0, 4.15
2019/07/18 19:54:00, 24.00, 23.90, 23.71, 35.86, 35.88, 0, 0, 4.15
2019/07/18 19:55:00, 24.00, 23.90, 23.71, 35.83, 35.85, 0, 0, 4.15
2019/07/18 19:56:00, 24.00, 23.90, 23.69, 35.84, 35.85, 0, 0, 4.15
2019/07/18 19:57:00, 24.00, 23.88, 23.69, 35.80, 35.84, 0, 0, 4.15
2019/07/18 19:58:00, 24.00, 23.91, 23.69, 35.83, 35.83, 0, 0, 4.15
2019/07/18 19:59:00, 24.00, 23.92, 23.68, 35.77, 35.82, 0, 0, 4.15
2019/07/18 20:00:00, 24.00, 23.90, 23.69, 35.79, 35.84, 0, 0, 4.15
2019/07/18 20:01:00, 24.00, 23.91, 23.68, 35.82, 35.83, 0, 0, 4.15
2019/07/18 20:02:00, 24.00, 23.91, 23.68, 35.79, 35.80, 0, 0, 4.15
2019/07/18 20:03:00, 24.00, 23.87, 23.71, 35.79, 35.82, 0, 0, 4.15
2019/07/18 20:04:00, 24.00, 23.90, 23.69, 35.79, 35.81, 0, 0, 4.15
2019/07/18 20:05:00, 24.00, 23.88, 23.69, 35.76, 35.81, 0, 0, 4.15
2019/07/18 20:06:00, 24.00, 23.88, 23.67, 35.74, 35.80, 0, 0, 4.15
2019/07/18 20:07:00, 24.00, 23.88, 23.69, 35.77, 35.80, 0, 0, 4.15
2019/07/18 20:08:00, 24.00, 23.88, 23.66, 35.79, 35.80, 0, 0, 4.15
2019/07/18 20:09:00, 24.00, 23.85, 23.65, 35.76, 35.78, 0, 0, 4.15
2019/07/18 20:10:00, 24.00, 23.88, 23.66, 35.72, 35.80, 0, 0, 4.15
2019/07/18 20:11:00, 24.00, 23.90, 23.67, 35.73, 35.78, 0, 0, 4.15
2019/07/18 20:12:00, 24.00, 23.85, 23.67, 35.81, 35.80, 0, 0, 4.15
2019/07/18 20:13:00, 24.00, 23.87, 23.68, 35.74, 35.79, 0, 0, 4.15
2019/07/18 20:14:00, 24.00, 23.87, 23.65, 35.78, 35.81, 0, 0, 4.15
2019/07/18 20:15:00, 24.00, 23.85, 23.66, 35.80, 35.80, 0, 0, 4.15
2019/07/18 20:16:00, 24.00, 23.87, 23.65, 35.80, 35.81, 0, 0, 4.15
2019/07/18 20:17:00, 24.00, 23.84, 23.64, 35.81, 35.83, 0, 0, 4.15
2019/07/18 20:18:00, 24.00, 23.85, 23.65, 35.80, 35.82, 0, 0, 4.15
2019/07/18 20:19:00, 24.00, 23.85, 23.65, 35.83, 35.83, 0, 0, 4.15
2019/07/18 20:20:00, 24.00, 23.85, 23.66, 35.80, 35.84, 0, 0, 4.15
2019/07/18 20:21:00, 24.00, 23.85, 23.65, 35.82, 35.86, 0, 0, 4.15
2019/07/18 20:22:00, 24.00, 23.83, 23.63, 35.82, 35.87, 0, 0, 4.15
2019/07/18 20:23:00, 24.00, 23.83, 23.64, 35.81, 35.87, 0, 0, 4.15
2019/07/18 20:24:00, 24.00, 23.85, 23.64, 35.82, 35.87, 0, 0, 4.15
2019/07/18 20:25:00, 24.00, 23.84, 23.63, 35.88, 35.89, 0, 0, 4.15
2019/07/18 20:26:00, 24.00, 23.85, 23.64, 35.85, 35.87, 0, 0, 4.15
2019/07/18 20:27:00, 24.00, 23.83, 23.63, 35.88, 35.90, 0, 0, 4.15
2019/07/18 20:28:00, 24.00, 23.87, 23.62, 35.90, 35.91, 0, 0, 4.15
2019/07/18 20:29:00, 24.00, 23.83, 23.63, 35.86, 35.93, 0, 0, 4.15
2019/07/18 20:30:00, 24.00, 23.81, 23.63, 35.90, 35.93, 0, 0, 4.15
2019/07/18 20:31:00, 24.00, 23.81, 23.60, 35.93, 35.92, 0, 0, 4.15
2019/07/18 20:32:00, 24.00, 23.85, 23.63, 35.90, 35.91, 0, 0, 4.15
2019/07/18 20:33:00, 24.00, 23.83, 23.60, 35.92, 35.96, 0, 0, 4.15
2019/07/18 20:34:00, 24.00, 23.81, 23.63, 35.93, 35.94, 0, 0, 4.15
2019/07/18 20:35:00, 24.00, 23.81, 23.62, 35.94, 35.93, 0, 0, 4.15
2019/07/18 20:36:00, 24.00, 23.81, 23.61, 35.94, 35.96, 0, 0, 4.15
2019/07/18 20:37:00, 24.00, 23.81, 23.61, 35.93, 35.94, 0, 0, 4.15
2019/07/18 20:38:00, 24.00, 23.79, 23.60, 35.89, 35.96, 0, 0, 4.15
2019/07/18 20:39:00, 24.00, 23.79, 23.60, 35.90, 35.96, 0, 0, 4.15
2019/07/18 20:40:00, 24.00, 23.80, 23.59, 35.90, 35.96, 0, 0, 4.15
2019/07/18 20:41:00, 24.00, 23.77, 23.59, 35.90, 35.96, 0, 0, 4.15
2019/07/18 20:42:00, 24.00, 23.81, 23.59, 35.91, 35.95, 0, 0, 4.15
2019/07/18 20:43:00, 24.00, 23.79, 23.60, 35.93, 35.96, 0, 0, 4.15
2019/07/18 20:44:00, 24.00, 23.80, 23.59, 35.90, 35.93, 0, 0, 4.15
2019/07/18 20:45:00, 24.00, 23.77, 23.60, 35.91, 35.93, 0, 0, 4.15
2019/07/18 20:46:00, 24.00, 23.77, 23.58, 35.91, 35.92, 0, 0, 4.15
2019/07/18 20:47:00, 24.00, 23.76, 23.57, 35.95, 35.94, 0, 0, 4.15
2019/07/18 20:48:00, 24.00, 23.79, 23.57, 35.92, 35.95, 0, 0, 4.15
2019/07/18 20:49:00, 24.00, 23.77, 23.57, 35.88, 35.95, 0, 0, 4.15
2019/07/18 20:50:00, 24.00, 23.74, 23.58, 35.94, 35.96, 0, 0, 4.15
2019/07/18 20:51:00, 24.00, 23.77, 23.57, 35.94, 35.94, 0, 0, 4.15
2019/07/18 20:52:00, 24.00, 23.77, 23.57, 35.94, 35.96, 0, 0, 4.15
2019/07/18 20:53:00, 24.00, 23.76, 23.54, 35.94, 35.95, 0, 0, 4.15
2019/07/18 20:54:00, 24.00, 23.76, 23.57, 35.92, 35.96, 0, 0, 4.15
2019/07/18 20:55:00, 24.00, 23.76, 23.54, 35.92, 35.96, 0, 0, 4.15
2019/07/18 20:56:00, 24.00, 23.77, 23.54, 35.91, 35.96, 0, 0, 4.15
2019/07/18 20:57:00, 24.00, 23.74, 23.56, 35.96, 35.97, 0, 0, 4.15
2019/07/18 20:58:00, 24.00, 23.76, 23.57, 35.95, 35.98, 0, 0, 4.15
2019/07/18 20:59:00, 24.00, 23.77, 23.56, 35.96, 36.00, 0, 0, 4.15
2019/07/18 21:00:00, 24.00, 23.74, 23.52, 35.97, 35.99, 0, 0, 4.15
2019/07/18 21:01:00, 24.00, 23.74, 23.53, 35.93, 35.99, 0, 0, 4.15
2019/07/18 21:02:00, 24.00, 23.73, 23.52, 35.96, 36.00, 0, 0, 4.15
2019/07/18 21:03:00, 24.00, 23.71, 23.53, 36.00, 36.02, 0, 0, 4.15
2019/07/18 21:04:00, 24.00, 23.74, 23.53, 35.97, 36.03, 0, 0, 4.15
2019/07/18 21:05:00, 24.00, 23.71, 23.51, 35.96, 36.03, 0, 0, 4.15
2019/07/18 21:06:00, 24.00, 23.74, 23.51, 36.00, 36.05, 0, 0, 4.15
2019/07/18 21:07:00, 24.00, 23.71, 23.50, 36.00, 36.05, 0, 0, 4.15
2019/07/18 21:08:00, 24.00, 23.73, 23.51, 36.01, 36.06, 0, 0, 4.15
2019/07/18 21:09:00, 24.00, 23.70, 23.51, 36.07, 36.06, 0, 0, 4.15
2019/07/18 21:10:00, 24.00, 23.70, 23.49, 36.05, 36.06, 0, 0, 4.15
2019/07/18 21:11:00, 24.00, 23.70, 23.49, 36.01, 36.06, 0, 0, 4.15
2019/07/18 21:12:00, 24.00, 23.71, 23.48, 36.02, 36.06, 0, 0, 4.15
2019/07/18 21:13:00, 24.00, 23.67, 23.50, 36.04, 36.08, 0, 0, 4.15
2019/07/18 21:14:00, 24.00, 23.70, 23.49, 36.06, 36.08, 0, 0, 4.15
2019/07/18 21:15:00, 24.00, 23.71, 23.49, 36.05, 36.09, 0, 0, 4.15
2019/07/18 21:16:00, 24.00, 23.67, 23.48, 36.07, 36.09, 0, 0, 4.15
2019/07/18 21:17:00, 24.00, 23.68, 23.49, 36.07, 36.11, 0, 0, 4.15
2019/07/18 21:18:00, 24.00, 23.70, 23.48, 36.06, 36.12, 0, 0, 4.15
2019/07/18 21:19:00, 24.00, 23.67, 23.50, 36.07, 36.11, 0, 0, 4.15
2019/07/18 21:20:00, 24.00, 23.68, 23.48, 36.07, 36.11, 0, 0, 4.15
2019/07/18 21:21:00, 24.00, 23.67, 23.48, 36.10, 36.12, 0, 0, 4.15
2019/07/18 21:22:00, 24.00, 23.68, 23.47, 36.13, 36.13, 0, 0, 4.15
2019/07/18 21:23:00, 24.00, 23.68, 23.46, 36.14, 36.16, 0, 0, 4.15
2019/07/18 21:24:00, 24.00, 23.67, 23.47, 36.18, 36.16, 0, 0, 4.15
2019/07/18 21:25:00, 24.00, 23.67, 23.47, 36.13, 36.19, 0, 0, 4.15
2019/07/18 21:26:00, 24.00, 23.67, 23.44, 36.14, 36.19, 0, 0, 4.15
2019/07/18 21:27:00, 24.00, 23.67, 23.47, 36.15, 36.19, 0, 0, 4.15
2019/07/18 21:28:00, 24.00, 23.67, 23.45, 36.18, 36.19, 0, 0, 4.15
2019/07/18 21:29:00, 24.00, 23.65, 23.45, 36.19, 36.22, 0, 0, 4.15
2019/07/18 21:30:00, 24.00, 23.65, 23.44, 36.19, 36.20, 0, 0, 4.15
2019/07/18 21:31:00, 24.00, 23.67, 23.44, 36.18, 36.22, 0, 0, 4.15
2019/07/18 21:32:00, 24.00, 23.65, 23.45, 36.16, 36.22, 0, 0, 4.15
2019/07/18 21:33:00, 24.00, 23.64, 23.45, 36.19, 36.23, 0, 0, 4.15
2019/07/18 21:34:00, 24.00, 23.64, 23.44, 36.18, 36.24, 0, 0, 4.15
2019/07/18 21:35:00, 24.00, 23.61, 23.44, 36.21, 36.25, 0, 0, 4.15
2019/07/18 21:36:00, 24.00, 23.63, 23.44, 36.22, 36.26, 0, 0, 4.15
2019/07/18 21:37:00, 24.00, 23.65, 23.45, 36.24, 36.26, 0, 0, 4.15
2019/07/18 21:38:00, 24.00, 23.63, 23.45, 36.23, 36.28, 0, 0, 4.15
2019/07/18 21:39:00, 24.00, 23.63, 23.43, 36.27, 36.30, 0, 0, 4.15
2019/07/18 21:40:00, 24.00, 23.63, 23.45, 36.26, 36.30, 0, 0, 4.15
2019/07/18 21:41:00, 24.00, 23.64, 23.45, 36.27, 36.29, 0, 0, 4.15
2019/07/18 21:42:00, 24.00, 23.64, 23.43, 36.28, 36.32, 0, 0, 4.15
2019/07/18 21:43:00, 24.00, 23.63, 23.44, 36.33, 36.33, 0, 0, 4.15
2019/07/18 21:44:00, 24.00, 23.64, 23.42, 36.32, 36.35, 0, 0, 4.15
2019/07/18 21:45:00, 24.00, 23.63, 23.41, 36.32, 36.35, 0, 0, 4.15
2019/07/18 21:46:00, 24.00, 23.61, 23.41, 36.31, 36.37, 0, 0, 4.15
2019/07/18 21:47:00, 24.00, 23.63, 23.43, 36.37, 36.38, 0, 0, 4.15
2019/07/18 21:48:00, 24.00, 23.61, 23.43, 36.32, 36.38, 0, 0, 4.15
2019/07/18 21:49:00, 24.00, 23.61, 23.41, 36.37, 36.39, 0, 0, 4.15
2019/07/18 21:50:00, 24.00, 23.63, 23.41, 36.34, 36.41, 0, 0, 4.15
2019/07/18 21:51:00, 24.00, 23.60, 23.41, 36.36, 36.41, 0, 0, 4.15
2019/07/18 21:52:00, 24.00, 23.61, 23.39, 36.38, 36.40, 0, 0, 4.15
2019/07/18 21:53:00, 24.00, 23.61, 23.41, 36.44, 36.43, 0, 0, 4.15
2019/07/18 21:54:00, 24.00, 23.59, 23.37, 36.42, 36.46, 0, 0, 4.15
2019/07/18 21:55:00, 24.00, 23.60, 23.39, 36.42, 36.45, 0, 0, 4.15
2019/07/18 21:56:00, 24.00, 23.60, 23.38, 36.45, 36.47, 0, 0, 4.15
2019/07/18 21:57:00, 24.00, 23.57, 23.41, 36.50, 36.48, 0, 0, 4.15
2019/07/18 21:58:00, 24.00, 23.57, 23.39, 36.45, 36.50, 0, 0, 4.15
2019/07/18 21:59:00, 24.00, 23.60, 23.37, 36.45, 36.51, 0, 0, 4.15
2019/07/18 22:00:00, 24.00, 23.59, 23.37, 36.48, 36.51, 0, 0, 4.15
2019/07/18 22:01:00, 24.00, 23.57, 23.36, 36.53, 36.53, 0, 0, 4.15
2019/07/18 22:02:00, 24.00, 23.59, 23.37, 36.48, 36.54, 0, 0, 4.15
2019/07/18 22:03:00, 24.00, 23.59, 23.37, 36.49, 36.56, 0, 0, 4.15
2019/07/18 22:04:00, 24.00, 23.57, 23.35, 36.53, 36.57, 0, 0, 4.15
2019/07/18 22:05:00, 24.00, 23.57, 23.35, 36.52, 36.57, 0, 0, 4.15
2019/07/18 22:06:00, 24.00, 23.60, 23.37, 36.54, 36.57, 0, 0, 4.15
2019/07/18 22:07:00, 24.00, 23.54, 23.34, 36.57, 36.57, 0, 0, 4.15
2019/07/18 22:08:00, 24.00, 23.57, 23.37, 36.60, 36.61, 0, 0, 4.15
2019/07/18 22:09:00, 24.00, 23.57, 23.36, 36.61, 36.63, 0, 0, 4.15
2019/07/18 22:10:00, 24.00, 23.56, 23.35, 36.59, 36.64, 0, 0, 4.15
2019/07/18 22:11:00, 24.00, 23.54, 23.35, 36.62, 36.65, 0, 0, 4.15
2019/07/18 22:12:00, 23.75, 23.57, 23.36, 36.59, 36.64, 0, 0, 4.15
2019/07/18 22:13:00, 23.75, 23.53, 23.33, 36.62, 36.65, 0, 0, 4.15
2019/07/18 22:14:00, 23.75, 23.57, 23.34, 36.62, 36.66, 0, 0, 4.15
2019/07/18 22:15:00, 24.00, 23.54, 23.34, 36.65, 36.67, 0, 0, 4.15
2019/07/18 22:16:00, 23.75, 23.56, 23.34, 36.67, 36.70, 0, 0, 4.15
2019/07/18 22:17:00, 23.75, 23.53, 23.35, 36.67, 36.70, 0, 0, 4.15
2019/07/18 22:18:00, 23.75, 23.56, 23.33, 36.70, 36.70, 0, 0, 4.15
2019/07/18 22:19:00, 23.75, 23.53, 23.32, 36.71, 36.71, 0, 0, 4.15
2019/07/18 22:20:00, 23.75, 23.52, 23.32, 36.72, 36.73, 0, 0, 4.15
2019/07/18 22:21:00, 23.75, 23.53, 23.33, 36.70, 36.73, 0, 0, 4.15
2019/07/18 22:22:00, 23.75, 23.53, 23.33, 36.71, 36.76, 0, 0, 4.15
2019/07/18 22:23:00, 23.75, 23.52, 23.32, 36.78, 36.76, 0, 0, 4.15
2019/07/18 22:24:00, 23.75, 23.53, 23.33, 36.74, 36.77, 0, 0, 4.15
2019/07/18 22:25:00, 23.75, 23.54, 23.31, 36.78, 36.77, 0, 0, 4.15
2019/07/18 22:26:00, 23.75, 23.50, 23.32, 36.72, 36.77, 0, 0, 4.15
2019/07/18 22:27:00, 23.75, 23.50, 23.31, 36.74, 36.80, 0, 0, 4.15
2019/07/18 22:28:00, 23.75, 23.50, 23.31, 36.75, 36.80, 0, 0, 4.15
2019/07/18 22:29:00, 23.75, 23.52, 23.32, 36.79, 36.80, 0, 0, 4.15
2019/07/18 22:30:00, 23.75, 23.52, 23.30, 36.82, 36.83, 0, 0, 4.15
2019/07/18 22:31:00, 23.75, 23.52, 23.31, 36.84, 36.85, 0, 0, 4.15
2019/07/18 22:32:00, 23.75, 23.52, 23.29, 36.83, 36.85, 0, 0, 4.15
2019/07/18 22:33:00, 23.75, 23.50, 23.30, 36.83, 36.86, 0, 0, 4.15
2019/07/18 22:34:00, 23.75, 23.49, 23.29, 36.84, 36.86, 0, 0, 4.15
2019/07/18 22:35:00, 23.75, 23.49, 23.30, 36.83, 36.88, 0, 0, 4.15
2019/07/18 22:36:00, 23.75, 23.49, 23.29, 36.91, 36.90, 0, 0, 4.15
2019/07/18 22:37:00, 23.75, 23.52, 23.28, 36.89, 36.91, 0, 0, 4.15
2019/07/18 22:38:00, 23.75, 23.49, 23.28, 36.89, 36.93, 0, 0, 4.15
2019/07/18 22:39:00, 23.75, 23.49, 23.27, 36.95, 36.93, 0, 0, 4.15
2019/07/18 22:40:00, 23.75, 23.50, 23.29, 36.92, 36.96, 0, 0, 4.15
2019/07/18 22:41:00, 23.75, 23.47, 23.28, 36.92, 36.94, 0, 0, 4.15
2019/07/18 22:42:00, 23.75, 23.47, 23.28, 36.94, 36.96, 0, 0, 4.15
2019/07/18 22:43:00, 23.75, 23.49, 23.28, 36.95, 36.97, 0, 0, 4.15
2019/07/18 22:44:00, 23.75, 23.49, 23.28, 36.97, 36.99, 0, 0, 4.15
2019/07/18 22:45:00, 23.75, 23.46, 23.27, 36.97, 36.99, 0, 0, 4.15
2019/07/18 22:46:00, 23.75, 23.46, 23.24, 37.01, 37.03, 0, 0, 4.15
2019/07/18 22:47:00, 23.75, 23.46, 23.27, 37.00, 37.03, 0, 0, 4.15
2019/07/18 22:48:00, 23.75, 23.46, 23.25, 37.03, 37.02, 0, 0, 4.15
2019/07/18 22:49:00, 23.75, 23.49, 23.23, 37.03, 37.05, 0, 0, 4.15
2019/07/18 22:50:00, 23.75, 23.44, 23.25, 36.98, 37.04, 0, 0, 4.15
2019/07/18 22:51:00, 23.75, 23.46, 23.24, 37.05, 37.04, 0, 0, 4.15
2019/07/18 22:52:00, 23.75, 23.44, 23.25, 37.03, 37.04, 0, 0, 4.15
2019/07/18 22:53:00, 23.75, 23.44, 23.25, 37.03, 37.05, 0, 0, 4.15
2019/07/18 22:54:00, 23.75, 23.43, 23.23, 37.04, 37.07, 0, 0, 4.15
2019/07/18 22:55:00, 23.75, 23.43, 23.24, 37.00, 37.07, 0, 0, 4.15
2019/07/18 22:56:00, 23.75, 23.44, 23.25, 37.05, 37.06, 0, 0, 4.15
2019/07/18 22:57:00, 23.75, 23.44, 23.24, 37.07, 37.07, 0, 0, 4.15
2019/07/18 22:58:00, 23.75, 23.44, 23.23, 37.08, 37.07, 0, 0, 4.15
2019/07/18 22:59:00, 23.75, 23.43, 23.21, 37.06, 37.08, 0, 0, 4.15
2019/07/18 23:00:00, 23.75, 23.42, 23.22, 37.03, 37.07, 0, 0, 4.15
2019/07/18 23:01:00, 23.75, 23.43, 23.22, 37.09, 37.09, 0, 0, 4.15
2019/07/18 23:02:00, 23.75, 23.44, 23.20, 37.14, 37.10, 0, 0, 4.15
2019/07/18 23:03:00, 23.75, 23.42, 23.22, 37.09, 37.14, 0, 0, 4.15
2019/07/18 23:04:00, 23.75, 23.42, 23.21, 37.12, 37.14, 0, 0, 4.15
2019/07/18 23:05:00, 23.75, 23.40, 23.21, 37.14, 37.15, 0, 0, 4.15
2019/07/18 23:06:00, 23.75, 23.42, 23.18, 37.11, 37.16, 0, 0, 4.15
2019/07/18 23:07:00, 23.75, 23.37, 23.19, 37.12, 37.15, 0, 0, 4.15
2019/07/18 23:08:00, 23.75, 23.39, 23.18, 37.17, 37.14, 0, 0, 4.15
2019/07/18 23:09:00, 23.75, 23.39, 23.19, 37.12, 37.14, 0, 0, 4.15
2019/07/18 23:10:00, 23.75, 23.42, 23.21, 37.17, 37.14, 0, 0, 4.15
2019/07/18 23:11:00, 23.75, 23.40, 23.20, 37.14, 37.16, 0, 0, 4.15
2019/07/18 23:12:00, 23.75, 23.42, 23.18, 37.15, 37.15, 0, 0, 4.15
2019/07/18 23:13:00, 23.75, 23.37, 23.19, 37.17, 37.18, 0, 0, 4.15
2019/07/18 23:14:00, 23.75, 23.39, 23.18, 37.18, 37.18, 0, 0, 4.15
2019/07/18 23:15:00, 23.75, 23.42, 23.19, 37.09, 37.14, 0, 0, 4.15
2019/07/18 23:16:00, 23.75, 23.40, 23.18, 37.14, 37.16, 0, 0, 4.15
2019/07/18 23:17:00, 23.75, 23.37, 23.16, 37.15, 37.19, 0, 0, 4.15
2019/07/18 23:18:00, 23.75, 23.37, 23.20, 37.16, 37.18, 0, 0, 4.15
2019/07/18 23:19:00, 23.75, 23.37, 23.17, 37.15, 37.19, 0, 0, 4.15
2019/07/18 23:20:00, 23.75, 23.40, 23.16, 37.15, 37.20, 0, 0, 4.15
2019/07/18 23:21:00, 23.75, 23.35, 23.16, 37.15, 37.19, 0, 0, 4.15
2019/07/18 23:22:00, 23.75, 23.39, 23.18, 37.15, 37.19, 0, 0, 4.15
2019/07/18 23:23:00, 23.75, 23.36, 23.16, 37.16, 37.21, 0, 0, 4.15
2019/07/18 23:24:00, 23.75, 23.37, 23.15, 37.16, 37.20, 0, 0, 4.15
2019/07/18 23:25:00, 23.75, 23.36, 23.17, 37.18, 37.21, 0, 0, 4.15
2019/07/18 23:26:00, 23.75, 23.36, 23.16, 37.19, 37.23, 0, 0, 4.15
2019/07/18 23:27:00, 23.75, 23.35, 23.14, 37.19, 37.21, 0, 0, 4.15
2019/07/18 23:28:00, 23.75, 23.37, 23.16, 37.19, 37.22, 0, 0, 4.15
2019/07/18 23:29:00, 23.75, 23.36, 23.14, 37.20, 37.26, 0, 0, 4.15
2019/07/18 23:30:00, 23.75, 23.36, 23.16, 37.23, 37.24, 0, 0, 4.15
2019/07/18 23:31:00, 23.75, 23.35, 23.15, 37.25, 37.25, 0, 0, 4.15
2019/07/18 23:32:00, 23.75, 23.35, 23.14, 37.21, 37.24, 0, 0, 4.15
2019/07/18 23:33:00, 23.75, 23.35, 23.13, 37.24, 37.25, 0, 0, 4.15
2019/07/18 23:34:00, 23.75, 23.36, 23.15, 37.25, 37.26, 0, 0, 4.15
2019/07/18 23:35:00, 23.75, 23.33, 23.12, 37.28, 37.27, 0, 0, 4.15
2019/07/18 23:36:00, 23.75, 23.32, 23.10, 37.25, 37.27, 0, 0, 4.15
2019/07/18 23:37:00, 23.75, 23.32, 23.13, 37.26, 37.28, 0, 0, 4.15
2019/07/18 23:38:00, 23.75, 23.33, 23.13, 37.29, 37.28, 0, 0, 4.15
2019/07/18 23:39:00, 23.75, 23.35, 23.14, 37.26, 37.30, 0, 0, 4.15
2019/07/18 23:40:00, 23.75, 23.32, 23.10, 37.26, 37.28, 0, 0, 4.15
2019/07/18 23:41:00, 23.75, 23.33, 23.12, 37.26, 37.28, 0, 0, 4.15
2019/07/18 23:42:00, 23.75, 23.32, 23.13, 37.26, 37.30, 0, 0, 4.15
2019/07/18 23:43:00, 23.75, 23.30, 23.10, 37.28, 37.28, 0, 0, 4.15
2019/07/18 23:44:00, 23.75, 23.32, 23.12, 37.25, 37.31, 0, 0, 4.15
2019/07/18 23:45:00, 23.75, 23.33, 23.09, 37.31, 37.32, 0, 0, 4.15
2019/07/18 23:46:00, 23.75, 23.32, 23.10, 37.33, 37.35, 0, 0, 4.15
2019/07/18 23:47:00, 23.75, 23.29, 23.10, 37.36, 37.34, 0, 0, 4.15
