Data logger for tempereture and humidity.
Code, design, and soldering by Antti Mikkonen, a.mikkonen@iki.fi, 2019.
Based on open source projects and libraries. See source for details.
/home/ami/src/arduino/promini/logger_v8_ada/logger_v8_ada.ino
UTC time (year/month/date hour:minute:second), T RTC (C), T sht31 (C), T si7021 (C), RH sht31 (-), RH si7021 (-), heaterOn sht31 (bool),  heaterOn si7021 (bool), battery voltage (V)
2019/04/22 00:08:00, 23.75, 23.63, 23.45, 17.08, 15.20, 0, 0, 4.53
2019/04/22 00:09:00, 23.75, 23.67, 23.44, 17.17, 15.21, 0, 0, 4.53
2019/04/22 00:10:00, 23.75, 23.64, 23.47, 17.10, 15.20, 0, 0, 4.53
2019/04/22 00:11:00, 23.75, 23.64, 23.47, 17.13, 15.22, 0, 0, 4.53
2019/04/22 00:12:00, 23.75, 23.64, 23.47, 17.18, 15.23, 0, 0, 4.53
2019/04/22 00:13:00, 23.75, 23.64, 23.44, 17.17, 15.24, 0, 0, 4.53
2019/04/22 00:14:00, 23.75, 23.63, 23.46, 17.17, 15.25, 0, 0, 4.53
2019/04/22 00:15:00, 23.75, 23.64, 23.45, 17.23, 15.27, 0, 0, 4.53
2019/04/22 00:16:00, 23.75, 23.64, 23.45, 17.23, 15.27, 0, 0, 4.53
2019/04/22 00:17:00, 23.75, 23.63, 23.46, 17.21, 15.27, 0, 0, 4.53
2019/04/22 00:18:00, 23.75, 23.65, 23.47, 17.23, 15.27, 0, 0, 4.53
2019/04/22 00:19:00, 23.75, 23.64, 23.45, 17.25, 15.28, 0, 0, 4.53
2019/04/22 00:20:00, 23.75, 23.64, 23.45, 17.23, 15.29, 0, 0, 4.53
2019/04/22 00:21:00, 23.75, 23.65, 23.46, 17.25, 15.31, 0, 0, 4.53
2019/04/22 00:22:00, 23.75, 23.64, 23.45, 17.28, 15.32, 0, 0, 4.53
2019/04/22 00:23:00, 23.75, 23.65, 23.46, 17.26, 15.33, 0, 0, 4.53
2019/04/22 00:24:00, 23.75, 23.64, 23.46, 17.30, 15.32, 0, 0, 4.53
2019/04/22 00:25:00, 23.75, 23.67, 23.45, 17.28, 15.33, 0, 0, 4.53
2019/04/22 00:26:00, 23.75, 23.63, 23.47, 17.30, 15.34, 0, 0, 4.53
2019/04/22 00:27:00, 23.75, 23.64, 23.46, 17.26, 15.34, 0, 0, 4.53
2019/04/22 00:28:00, 23.75, 23.64, 23.47, 17.35, 15.36, 0, 0, 4.53
2019/04/22 00:29:00, 23.75, 23.65, 23.46, 17.26, 15.36, 0, 0, 4.53
2019/04/22 00:30:00, 23.75, 23.64, 23.45, 17.31, 15.37, 0, 0, 4.53
2019/04/22 00:31:00, 23.75, 23.65, 23.46, 17.36, 15.40, 0, 0, 4.53
2019/04/22 00:32:00, 23.75, 23.65, 23.47, 17.31, 15.40, 0, 0, 4.53
2019/04/22 00:33:00, 23.75, 23.65, 23.46, 17.31, 15.40, 0, 0, 4.53
2019/04/22 00:34:00, 23.75, 23.64, 23.47, 17.34, 15.42, 0, 0, 4.53
2019/04/22 00:35:00, 23.75, 23.65, 23.44, 17.33, 15.41, 0, 0, 4.53
2019/04/22 00:36:00, 23.75, 23.65, 23.45, 17.34, 15.43, 0, 0, 4.53
2019/04/22 00:37:00, 23.75, 23.63, 23.45, 17.36, 15.44, 0, 0, 4.53
2019/04/22 00:38:00, 23.75, 23.64, 23.47, 17.38, 15.46, 0, 0, 4.53
2019/04/22 00:39:00, 23.75, 23.64, 23.47, 17.41, 15.46, 0, 0, 4.53
2019/04/22 00:40:00, 23.75, 23.64, 23.45, 17.44, 15.49, 0, 0, 4.53
2019/04/22 00:41:00, 23.75, 23.63, 23.47, 17.46, 15.49, 0, 0, 4.53
2019/04/22 00:42:00, 23.75, 23.63, 23.47, 17.49, 15.49, 0, 0, 4.53
2019/04/22 00:43:00, 23.75, 23.63, 23.45, 17.44, 15.52, 0, 0, 4.53
2019/04/22 00:44:00, 23.75, 23.63, 23.45, 17.47, 15.53, 0, 0, 4.53
2019/04/22 00:45:00, 23.75, 23.63, 23.46, 17.46, 15.55, 0, 0, 4.53
2019/04/22 00:46:00, 23.75, 23.61, 23.46, 17.51, 15.56, 0, 0, 4.53
2019/04/22 00:47:00, 23.75, 23.63, 23.44, 17.47, 15.57, 0, 0, 4.53
2019/04/22 00:48:00, 23.75, 23.63, 23.45, 17.52, 15.58, 0, 0, 4.53
2019/04/22 00:49:00, 23.75, 23.65, 23.46, 17.54, 15.59, 0, 0, 4.53
2019/04/22 00:50:00, 23.75, 23.61, 23.44, 17.57, 15.59, 0, 0, 4.53
2019/04/22 00:51:00, 23.75, 23.63, 23.44, 17.57, 15.59, 0, 0, 4.53
2019/04/22 00:52:00, 23.75, 23.64, 23.44, 17.57, 15.64, 0, 0, 4.53
2019/04/22 00:53:00, 23.75, 23.63, 23.45, 17.59, 15.66, 0, 0, 4.53
2019/04/22 00:54:00, 23.75, 23.63, 23.43, 17.57, 15.68, 0, 0, 4.53
2019/04/22 00:55:00, 23.75, 23.63, 23.44, 17.62, 15.67, 0, 0, 4.53
2019/04/22 00:56:00, 23.75, 23.61, 23.45, 17.65, 15.67, 0, 0, 4.53
2019/04/22 00:57:00, 23.75, 23.63, 23.43, 17.61, 15.69, 0, 0, 4.53
2019/04/22 00:58:00, 23.75, 23.63, 23.43, 17.65, 15.70, 0, 0, 4.53
2019/04/22 00:59:00, 23.75, 23.61, 23.42, 17.65, 15.70, 0, 0, 4.53
2019/04/22 01:00:00, 23.50, 23.61, 23.44, 17.61, 15.71, 0, 0, 4.53
2019/04/22 01:01:00, 23.75, 23.61, 23.42, 17.62, 15.72, 0, 0, 4.53
2019/04/22 01:02:00, 23.75, 23.61, 23.42, 17.72, 15.74, 0, 0, 4.53
2019/04/22 01:03:00, 23.75, 23.61, 23.44, 17.72, 15.74, 0, 0, 4.53
2019/04/22 01:04:00, 23.75, 23.63, 23.44, 17.72, 15.76, 0, 0, 4.53
2019/04/22 01:05:00, 23.75, 23.63, 23.41, 17.70, 15.78, 0, 0, 4.53
2019/04/22 01:06:00, 23.50, 23.63, 23.42, 17.72, 15.79, 0, 0, 4.53
2019/04/22 01:07:00, 23.75, 23.60, 23.44, 17.73, 15.78, 0, 0, 4.53
2019/04/22 01:08:00, 23.75, 23.61, 23.42, 17.75, 15.80, 0, 0, 4.53
2019/04/22 01:09:00, 23.50, 23.63, 23.45, 17.77, 15.82, 0, 0, 4.53
2019/04/22 01:10:00, 23.50, 23.59, 23.42, 17.68, 15.83, 0, 0, 4.53
2019/04/22 01:11:00, 23.75, 23.60, 23.43, 17.85, 15.83, 0, 0, 4.53
2019/04/22 01:12:00, 23.50, 23.59, 23.43, 17.81, 15.86, 0, 0, 4.53
2019/04/22 01:13:00, 23.50, 23.61, 23.42, 17.81, 15.86, 0, 0, 4.53
2019/04/22 01:14:00, 23.50, 23.60, 23.42, 17.89, 15.87, 0, 0, 4.53
2019/04/22 01:15:00, 23.50, 23.60, 23.42, 17.85, 15.88, 0, 0, 4.53
2019/04/22 01:16:00, 23.50, 23.60, 23.44, 17.85, 15.90, 0, 0, 4.53
2019/04/22 01:17:00, 23.50, 23.60, 23.44, 17.86, 15.90, 0, 0, 4.53
2019/04/22 01:18:00, 23.50, 23.60, 23.44, 17.88, 15.91, 0, 0, 4.53
2019/04/22 01:19:00, 23.50, 23.61, 23.42, 17.90, 15.91, 0, 0, 4.53
2019/04/22 01:20:00, 23.50, 23.60, 23.42, 17.91, 15.92, 0, 0, 4.53
2019/04/22 01:21:00, 23.50, 23.57, 23.42, 17.93, 15.94, 0, 0, 4.53
2019/04/22 01:22:00, 23.50, 23.60, 23.41, 17.91, 15.96, 0, 0, 4.53
2019/04/22 01:23:00, 23.50, 23.60, 23.43, 17.97, 15.98, 0, 0, 4.53
2019/04/22 01:24:00, 23.50, 23.59, 23.43, 17.93, 15.97, 0, 0, 4.53
2019/04/22 01:25:00, 23.50, 23.60, 23.42, 17.97, 15.99, 0, 0, 4.53
2019/04/22 01:26:00, 23.50, 23.57, 23.41, 18.01, 16.01, 0, 0, 4.53
2019/04/22 01:27:00, 23.50, 23.61, 23.41, 17.99, 16.01, 0, 0, 4.53
2019/04/22 01:28:00, 23.50, 23.59, 23.41, 17.99, 16.02, 0, 0, 4.53
2019/04/22 01:29:00, 23.50, 23.60, 23.39, 17.94, 16.04, 0, 0, 4.53
2019/04/22 01:30:00, 23.50, 23.61, 23.41, 18.02, 16.06, 0, 0, 4.53
2019/04/22 01:31:00, 23.50, 23.57, 23.39, 18.09, 16.07, 0, 0, 4.53
2019/04/22 01:32:00, 23.50, 23.59, 23.42, 18.06, 16.08, 0, 0, 4.53
2019/04/22 01:33:00, 23.50, 23.59, 23.42, 18.06, 16.10, 0, 0, 4.53
2019/04/22 01:34:00, 23.50, 23.59, 23.43, 18.04, 16.09, 0, 0, 4.53
2019/04/22 01:35:00, 23.50, 23.60, 23.43, 18.09, 16.11, 0, 0, 4.53
2019/04/22 01:36:00, 23.50, 23.59, 23.41, 18.12, 16.13, 0, 0, 4.53
2019/04/22 01:37:00, 23.50, 23.60, 23.42, 18.09, 16.10, 0, 0, 4.53
2019/04/22 01:38:00, 23.50, 23.60, 23.41, 18.09, 16.14, 0, 0, 4.53
2019/04/22 01:39:00, 23.50, 23.60, 23.41, 18.11, 16.14, 0, 0, 4.53
2019/04/22 01:40:00, 23.50, 23.59, 23.41, 18.10, 16.15, 0, 0, 4.53
2019/04/22 01:41:00, 23.50, 23.61, 23.41, 18.17, 16.18, 0, 0, 4.53
2019/04/22 01:42:00, 23.50, 23.59, 23.43, 18.19, 16.18, 0, 0, 4.53
2019/04/22 01:43:00, 23.50, 23.61, 23.41, 18.14, 16.18, 0, 0, 4.53
2019/04/22 01:44:00, 23.50, 23.59, 23.41, 18.17, 16.20, 0, 0, 4.53
2019/04/22 01:45:00, 23.50, 23.60, 23.39, 18.17, 16.22, 0, 0, 4.53
2019/04/22 01:46:00, 23.50, 23.60, 23.42, 18.23, 16.21, 0, 0, 4.53
2019/04/22 01:47:00, 23.50, 23.60, 23.42, 18.25, 16.23, 0, 0, 4.53
2019/04/22 01:48:00, 23.50, 23.59, 23.43, 18.20, 16.27, 0, 0, 4.53
2019/04/22 01:49:00, 23.50, 23.59, 23.42, 18.23, 16.24, 0, 0, 4.53
2019/04/22 01:50:00, 23.50, 23.60, 23.38, 18.28, 16.27, 0, 0, 4.53
2019/04/22 01:51:00, 23.50, 23.59, 23.39, 18.30, 16.28, 0, 0, 4.53
2019/04/22 01:52:00, 23.50, 23.57, 23.38, 18.28, 16.30, 0, 0, 4.53
2019/04/22 01:53:00, 23.50, 23.59, 23.39, 18.33, 16.32, 0, 0, 4.53
2019/04/22 01:54:00, 23.50, 23.59, 23.41, 18.30, 16.33, 0, 0, 4.53
2019/04/22 01:55:00, 23.50, 23.59, 23.41, 18.28, 16.32, 0, 0, 4.53
2019/04/22 01:56:00, 23.50, 23.60, 23.41, 18.35, 16.35, 0, 0, 4.53
2019/04/22 01:57:00, 23.50, 23.60, 23.41, 18.31, 16.36, 0, 0, 4.53
2019/04/22 01:58:00, 23.50, 23.59, 23.41, 18.35, 16.36, 0, 0, 4.53
2019/04/22 01:59:00, 23.50, 23.59, 23.38, 18.30, 16.38, 0, 0, 4.53
2019/04/22 02:00:00, 23.50, 23.60, 23.39, 18.37, 16.38, 0, 0, 4.53
2019/04/22 02:01:00, 23.50, 23.59, 23.41, 18.38, 16.39, 0, 0, 4.53
2019/04/22 02:02:00, 23.50, 23.57, 23.39, 18.34, 16.39, 0, 0, 4.53
2019/04/22 02:03:00, 23.50, 23.57, 23.41, 18.44, 16.42, 0, 0, 4.53
2019/04/22 02:04:00, 23.50, 23.57, 23.42, 18.39, 16.45, 0, 0, 4.53
2019/04/22 02:05:00, 23.50, 23.56, 23.39, 18.41, 16.45, 0, 0, 4.53
2019/04/22 02:06:00, 23.50, 23.59, 23.41, 18.46, 16.47, 0, 0, 4.53
2019/04/22 02:07:00, 23.50, 23.60, 23.41, 18.46, 16.48, 0, 0, 4.53
2019/04/22 02:08:00, 23.50, 23.59, 23.41, 18.41, 16.47, 0, 0, 4.53
2019/04/22 02:09:00, 23.50, 23.56, 23.41, 18.43, 16.47, 0, 0, 4.53
2019/04/22 02:10:00, 23.50, 23.57, 23.39, 18.44, 16.49, 0, 0, 4.53
2019/04/22 02:11:00, 23.50, 23.60, 23.39, 18.49, 16.51, 0, 0, 4.53
2019/04/22 02:12:00, 23.50, 23.59, 23.38, 18.44, 16.52, 0, 0, 4.53
2019/04/22 02:13:00, 23.50, 23.60, 23.37, 18.54, 16.53, 0, 0, 4.53
2019/04/22 02:14:00, 23.50, 23.60, 23.41, 18.44, 16.56, 0, 0, 4.53
2019/04/22 02:15:00, 23.50, 23.59, 23.41, 18.50, 16.58, 0, 0, 4.53
2019/04/22 02:16:00, 23.50, 23.59, 23.41, 18.51, 16.57, 0, 0, 4.53
2019/04/22 02:17:00, 23.50, 23.59, 23.39, 18.53, 16.58, 0, 0, 4.53
2019/04/22 02:18:00, 23.50, 23.57, 23.41, 18.53, 16.56, 0, 0, 4.53
2019/04/22 02:19:00, 23.50, 23.61, 23.41, 18.56, 16.59, 0, 0, 4.53
2019/04/22 02:20:00, 23.50, 23.60, 23.39, 18.56, 16.62, 0, 0, 4.53
2019/04/22 02:21:00, 23.50, 23.59, 23.39, 18.54, 16.62, 0, 0, 4.53
2019/04/22 02:22:00, 23.50, 23.57, 23.38, 18.50, 16.59, 0, 0, 4.53
2019/04/22 02:23:00, 23.50, 23.60, 23.37, 18.59, 16.59, 0, 0, 4.53
2019/04/22 02:24:00, 23.50, 23.57, 23.38, 18.62, 16.65, 0, 0, 4.53
2019/04/22 02:25:00, 23.50, 23.59, 23.39, 18.64, 16.68, 0, 0, 4.53
2019/04/22 02:26:00, 23.50, 23.60, 23.41, 18.61, 16.69, 0, 0, 4.53
2019/04/22 02:27:00, 23.50, 23.57, 23.41, 18.64, 16.70, 0, 0, 4.53
2019/04/22 02:28:00, 23.50, 23.57, 23.39, 18.66, 16.68, 0, 0, 4.53
2019/04/22 02:29:00, 23.50, 23.59, 23.39, 18.66, 16.70, 0, 0, 4.53
2019/04/22 02:30:00, 23.50, 23.59, 23.38, 18.70, 16.70, 0, 0, 4.53
2019/04/22 02:31:00, 23.50, 23.59, 23.39, 18.67, 16.72, 0, 0, 4.53
2019/04/22 02:32:00, 23.50, 23.57, 23.38, 18.72, 16.72, 0, 0, 4.53
2019/04/22 02:33:00, 23.50, 23.59, 23.41, 18.73, 16.77, 0, 0, 4.53
2019/04/22 02:34:00, 23.50, 23.59, 23.39, 18.72, 16.78, 0, 0, 4.53
2019/04/22 02:35:00, 23.50, 23.56, 23.41, 18.79, 16.77, 0, 0, 4.53
2019/04/22 02:36:00, 23.50, 23.57, 23.38, 18.69, 16.77, 0, 0, 4.53
2019/04/22 02:37:00, 23.50, 23.59, 23.41, 18.75, 16.79, 0, 0, 4.53
2019/04/22 02:38:00, 23.50, 23.56, 23.38, 18.79, 16.79, 0, 0, 4.53
2019/04/22 02:39:00, 23.50, 23.57, 23.37, 18.77, 16.81, 0, 0, 4.53
2019/04/22 02:40:00, 23.50, 23.59, 23.37, 18.77, 16.81, 0, 0, 4.53
2019/04/22 02:41:00, 23.50, 23.56, 23.37, 18.83, 16.81, 0, 0, 4.53
2019/04/22 02:42:00, 23.50, 23.56, 23.38, 18.85, 16.83, 0, 0, 4.53
2019/04/22 02:43:00, 23.50, 23.56, 23.38, 18.85, 16.86, 0, 0, 4.53
2019/04/22 02:44:00, 23.50, 23.56, 23.38, 18.83, 16.86, 0, 0, 4.53
2019/04/22 02:45:00, 23.50, 23.59, 23.37, 18.85, 16.86, 0, 0, 4.53
2019/04/22 02:46:00, 23.50, 23.57, 23.38, 18.88, 16.89, 0, 0, 4.53
2019/04/22 02:47:00, 23.50, 23.56, 23.37, 18.83, 16.88, 0, 0, 4.53
2019/04/22 02:48:00, 23.50, 23.57, 23.38, 18.91, 16.91, 0, 0, 4.53
2019/04/22 02:49:00, 23.50, 23.59, 23.41, 18.90, 16.91, 0, 0, 4.53
2019/04/22 02:50:00, 23.50, 23.59, 23.39, 18.91, 16.96, 0, 0, 4.53
2019/04/22 02:51:00, 23.50, 23.56, 23.38, 18.88, 16.92, 0, 0, 4.53
2019/04/22 02:52:00, 23.50, 23.57, 23.36, 18.93, 16.93, 0, 0, 4.53
2019/04/22 02:53:00, 23.50, 23.57, 23.36, 18.96, 16.98, 0, 0, 4.53
2019/04/22 02:54:00, 23.50, 23.54, 23.38, 18.99, 16.98, 0, 0, 4.53
2019/04/22 02:55:00, 23.50, 23.56, 23.37, 19.01, 16.97, 0, 0, 4.53
2019/04/22 02:56:00, 23.50, 23.57, 23.37, 19.03, 17.01, 0, 0, 4.53
2019/04/22 02:57:00, 23.50, 23.54, 23.35, 18.94, 17.00, 0, 0, 4.53
2019/04/22 02:58:00, 23.50, 23.56, 23.35, 18.99, 17.04, 0, 0, 4.53
2019/04/22 02:59:00, 23.50, 23.56, 23.37, 19.01, 17.05, 0, 0, 4.53
2019/04/22 03:00:00, 23.50, 23.54, 23.35, 18.96, 17.01, 0, 0, 4.53
2019/04/22 03:01:00, 23.50, 23.57, 23.35, 19.07, 17.04, 0, 0, 4.53
2019/04/22 03:02:00, 23.50, 23.53, 23.38, 19.04, 17.08, 0, 0, 4.53
2019/04/22 03:03:00, 23.50, 23.54, 23.35, 19.04, 17.07, 0, 0, 4.53
2019/04/22 03:04:00, 23.50, 23.54, 23.37, 19.09, 17.11, 0, 0, 4.53
2019/04/22 03:05:00, 23.50, 23.56, 23.36, 19.11, 17.12, 0, 0, 4.53
2019/04/22 03:06:00, 23.50, 23.56, 23.37, 19.06, 17.10, 0, 0, 4.53
2019/04/22 03:07:00, 23.50, 23.57, 23.36, 19.08, 17.11, 0, 0, 4.53
2019/04/22 03:08:00, 23.50, 23.54, 23.37, 19.06, 17.10, 0, 0, 4.53
2019/04/22 03:09:00, 23.50, 23.57, 23.39, 19.04, 17.09, 0, 0, 4.53
2019/04/22 03:10:00, 23.50, 23.59, 23.39, 19.11, 17.10, 0, 0, 4.53
2019/04/22 03:11:00, 23.50, 23.57, 23.39, 19.13, 17.10, 0, 0, 4.53
2019/04/22 03:12:00, 23.50, 23.57, 23.39, 19.08, 17.12, 0, 0, 4.53
2019/04/22 03:13:00, 23.50, 23.60, 23.38, 19.11, 17.14, 0, 0, 4.53
2019/04/22 03:14:00, 23.50, 23.57, 23.43, 19.13, 17.13, 0, 0, 4.53
2019/04/22 03:15:00, 23.50, 23.60, 23.43, 19.11, 17.14, 0, 0, 4.53
2019/04/22 03:16:00, 23.50, 23.60, 23.42, 19.11, 17.14, 0, 0, 4.53
2019/04/22 03:17:00, 23.50, 23.60, 23.43, 19.11, 17.14, 0, 0, 4.53
2019/04/22 03:18:00, 23.50, 23.59, 23.41, 19.11, 17.14, 0, 0, 4.53
2019/04/22 03:19:00, 23.50, 23.61, 23.41, 19.14, 17.15, 0, 0, 4.53
2019/04/22 03:20:00, 23.50, 23.59, 23.42, 19.16, 17.16, 0, 0, 4.53
2019/04/22 03:21:00, 23.50, 23.60, 23.41, 19.16, 17.17, 0, 0, 4.53
2019/04/22 03:22:00, 23.50, 23.60, 23.41, 19.19, 17.18, 0, 0, 4.53
2019/04/22 03:23:00, 23.50, 23.59, 23.42, 19.21, 17.20, 0, 0, 4.53
2019/04/22 03:24:00, 23.50, 23.59, 23.41, 19.19, 17.20, 0, 0, 4.53
2019/04/22 03:25:00, 23.50, 23.57, 23.41, 19.20, 17.21, 0, 0, 4.53
2019/04/22 03:26:00, 23.50, 23.59, 23.43, 19.20, 17.22, 0, 0, 4.53
2019/04/22 03:27:00, 23.50, 23.60, 23.41, 19.29, 17.23, 0, 0, 4.53
2019/04/22 03:28:00, 23.50, 23.60, 23.41, 19.26, 17.26, 0, 0, 4.53
2019/04/22 03:29:00, 23.50, 23.59, 23.42, 19.26, 17.26, 0, 0, 4.53
2019/04/22 03:30:00, 23.50, 23.60, 23.43, 19.26, 17.26, 0, 0, 4.53
2019/04/22 03:31:00, 23.50, 23.59, 23.42, 19.22, 17.26, 0, 0, 4.53
2019/04/22 03:32:00, 23.50, 23.57, 23.42, 19.27, 17.28, 0, 0, 4.53
2019/04/22 03:33:00, 23.50, 23.60, 23.41, 19.27, 17.30, 0, 0, 4.53
2019/04/22 03:34:00, 23.50, 23.60, 23.42, 19.29, 17.30, 0, 0, 4.53
2019/04/22 03:35:00, 23.50, 23.57, 23.42, 19.27, 17.31, 0, 0, 4.53
2019/04/22 03:36:00, 23.50, 23.60, 23.41, 19.27, 17.33, 0, 0, 4.53
2019/04/22 03:37:00, 23.50, 23.60, 23.39, 19.35, 17.35, 0, 0, 4.53
2019/04/22 03:38:00, 23.50, 23.60, 23.41, 19.30, 17.36, 0, 0, 4.53
2019/04/22 03:39:00, 23.50, 23.60, 23.39, 19.34, 17.36, 0, 0, 4.53
2019/04/22 03:40:00, 23.50, 23.60, 23.42, 19.37, 17.37, 0, 0, 4.53
2019/04/22 03:41:00, 23.50, 23.61, 23.41, 19.34, 17.37, 0, 0, 4.53
2019/04/22 03:42:00, 23.50, 23.57, 23.38, 19.37, 17.39, 0, 0, 4.53
2019/04/22 03:43:00, 23.50, 23.59, 23.41, 19.37, 17.40, 0, 0, 4.53
2019/04/22 03:44:00, 23.50, 23.59, 23.42, 19.42, 17.40, 0, 0, 4.53
2019/04/22 03:45:00, 23.50, 23.60, 23.39, 19.42, 17.42, 0, 0, 4.53
2019/04/22 03:46:00, 23.50, 23.57, 23.41, 19.40, 17.42, 0, 0, 4.53
2019/04/22 03:47:00, 23.50, 23.59, 23.41, 19.44, 17.43, 0, 0, 4.53
2019/04/22 03:48:00, 23.50, 23.56, 23.39, 19.43, 17.45, 0, 0, 4.53
2019/04/22 03:49:00, 23.50, 23.57, 23.39, 19.45, 17.48, 0, 0, 4.53
2019/04/22 03:50:00, 23.50, 23.59, 23.39, 19.43, 17.48, 0, 0, 4.53
2019/04/22 03:51:00, 23.50, 23.57, 23.42, 19.38, 17.47, 0, 0, 4.53
2019/04/22 03:52:00, 23.50, 23.57, 23.41, 19.47, 17.47, 0, 0, 4.53
2019/04/22 03:53:00, 23.50, 23.59, 23.39, 19.51, 17.48, 0, 0, 4.53
2019/04/22 03:54:00, 23.50, 23.59, 23.39, 19.48, 17.49, 0, 0, 4.53
2019/04/22 03:55:00, 23.50, 23.59, 23.41, 19.48, 17.51, 0, 0, 4.53
2019/04/22 03:56:00, 23.50, 23.60, 23.39, 19.55, 17.52, 0, 0, 4.53
2019/04/22 03:57:00, 23.50, 23.60, 23.38, 19.48, 17.53, 0, 0, 4.53
2019/04/22 03:58:00, 23.50, 23.57, 23.39, 19.48, 17.53, 0, 0, 4.53
2019/04/22 03:59:00, 23.50, 23.60, 23.41, 19.53, 17.54, 0, 0, 4.53
2019/04/22 04:00:00, 23.50, 23.59, 23.41, 19.51, 17.56, 0, 0, 4.53
2019/04/22 04:01:00, 23.50, 23.59, 23.42, 19.55, 17.55, 0, 0, 4.53
2019/04/22 04:02:00, 23.50, 23.57, 23.39, 19.58, 17.56, 0, 0, 4.53
2019/04/22 04:03:00, 23.50, 23.59, 23.39, 19.58, 17.56, 0, 0, 4.53
2019/04/22 04:04:00, 23.50, 23.57, 23.42, 19.58, 17.59, 0, 0, 4.53
2019/04/22 04:05:00, 23.50, 23.57, 23.41, 19.55, 17.60, 0, 0, 4.53
2019/04/22 04:06:00, 23.50, 23.59, 23.41, 19.58, 17.60, 0, 0, 4.53
2019/04/22 04:07:00, 23.50, 23.59, 23.41, 19.56, 17.60, 0, 0, 4.53
2019/04/22 04:08:00, 23.50, 23.59, 23.38, 19.58, 17.62, 0, 0, 4.53
2019/04/22 04:09:00, 23.50, 23.59, 23.39, 19.60, 17.63, 0, 0, 4.53
2019/04/22 04:10:00, 23.50, 23.57, 23.39, 19.61, 17.64, 0, 0, 4.53
2019/04/22 04:11:00, 23.50, 23.59, 23.38, 19.64, 17.63, 0, 0, 4.53
2019/04/22 04:12:00, 23.50, 23.59, 23.39, 19.64, 17.66, 0, 0, 4.53
2019/04/22 04:13:00, 23.50, 23.59, 23.41, 19.64, 17.66, 0, 0, 4.53
2019/04/22 04:14:00, 23.50, 23.57, 23.41, 19.63, 17.67, 0, 0, 4.53
2019/04/22 04:15:00, 23.50, 23.56, 23.38, 19.63, 17.68, 0, 0, 4.53
2019/04/22 04:16:00, 23.50, 23.59, 23.39, 19.68, 17.67, 0, 0, 4.53
2019/04/22 04:17:00, 23.50, 23.59, 23.39, 19.66, 17.68, 0, 0, 4.53
2019/04/22 04:18:00, 23.50, 23.59, 23.41, 19.67, 17.68, 0, 0, 4.53
2019/04/22 04:19:00, 23.50, 23.56, 23.38, 19.64, 17.71, 0, 0, 4.53
2019/04/22 04:20:00, 23.50, 23.57, 23.38, 19.66, 17.69, 0, 0, 4.53
2019/04/22 04:21:00, 23.50, 23.57, 23.38, 19.74, 17.71, 0, 0, 4.53
2019/04/22 04:22:00, 23.50, 23.57, 23.39, 19.69, 17.73, 0, 0, 4.53
2019/04/22 04:23:00, 23.50, 23.59, 23.39, 19.69, 17.74, 0, 0, 4.53
2019/04/22 04:24:00, 23.50, 23.59, 23.37, 19.69, 17.72, 0, 0, 4.53
2019/04/22 04:25:00, 23.50, 23.56, 23.39, 19.71, 17.72, 0, 0, 4.53
2019/04/22 04:26:00, 23.50, 23.57, 23.37, 19.72, 17.75, 0, 0, 4.53
2019/04/22 04:27:00, 23.50, 23.57, 23.38, 19.71, 17.77, 0, 0, 4.53
2019/04/22 04:28:00, 23.50, 23.57, 23.37, 19.76, 17.78, 0, 0, 4.53
2019/04/22 04:29:00, 23.50, 23.57, 23.37, 19.76, 17.79, 0, 0, 4.53
2019/04/22 04:30:00, 23.50, 23.54, 23.39, 19.74, 17.78, 0, 0, 4.53
2019/04/22 04:31:00, 23.50, 23.59, 23.42, 19.80, 17.81, 0, 0, 4.53
2019/04/22 04:32:00, 23.50, 23.60, 23.38, 19.79, 17.81, 0, 0, 4.53
2019/04/22 04:33:00, 23.50, 23.57, 23.39, 19.78, 17.78, 0, 0, 4.53
2019/04/22 04:34:00, 23.50, 23.57, 23.41, 19.82, 17.81, 0, 0, 4.53
2019/04/22 04:35:00, 23.50, 23.59, 23.42, 19.78, 17.80, 0, 0, 4.53
2019/04/22 04:36:00, 23.50, 23.57, 23.38, 19.78, 17.82, 0, 0, 4.53
2019/04/22 04:37:00, 23.50, 23.59, 23.39, 19.79, 17.81, 0, 0, 4.53
2019/04/22 04:38:00, 23.50, 23.60, 23.41, 19.80, 17.82, 0, 0, 4.53
2019/04/22 04:39:00, 23.50, 23.59, 23.39, 19.79, 17.83, 0, 0, 4.53
2019/04/22 04:40:00, 23.50, 23.59, 23.38, 19.82, 17.84, 0, 0, 4.53
2019/04/22 04:41:00, 23.50, 23.57, 23.38, 19.81, 17.84, 0, 0, 4.53
2019/04/22 04:42:00, 23.50, 23.61, 23.43, 19.80, 17.85, 0, 0, 4.53
2019/04/22 04:43:00, 23.50, 23.60, 23.42, 19.78, 17.86, 0, 0, 4.53
2019/04/22 04:44:00, 23.50, 23.60, 23.38, 19.92, 17.85, 0, 0, 4.53
2019/04/22 04:45:00, 23.50, 23.59, 23.38, 19.81, 17.86, 0, 0, 4.53
2019/04/22 04:46:00, 23.50, 23.60, 23.41, 19.81, 17.86, 0, 0, 4.53
2019/04/22 04:47:00, 23.50, 23.60, 23.41, 19.85, 17.88, 0, 0, 4.53
2019/04/22 04:48:00, 23.50, 23.59, 23.41, 19.89, 17.90, 0, 0, 4.53
2019/04/22 04:49:00, 23.50, 23.56, 23.41, 19.92, 17.89, 0, 0, 4.53
2019/04/22 04:50:00, 23.50, 23.57, 23.41, 19.84, 17.89, 0, 0, 4.53
2019/04/22 04:51:00, 23.50, 23.57, 23.41, 19.89, 17.90, 0, 0, 4.53
2019/04/22 04:52:00, 23.50, 23.60, 23.37, 19.89, 17.91, 0, 0, 4.53
2019/04/22 04:53:00, 23.50, 23.57, 23.41, 19.92, 17.93, 0, 0, 4.53
2019/04/22 04:54:00, 23.50, 23.60, 23.39, 19.95, 17.92, 0, 0, 4.53
2019/04/22 04:55:00, 23.50, 23.60, 23.39, 19.92, 17.94, 0, 0, 4.53
2019/04/22 04:56:00, 23.50, 23.57, 23.41, 19.94, 17.94, 0, 0, 4.53
2019/04/22 04:57:00, 23.50, 23.61, 23.39, 19.89, 17.94, 0, 0, 4.53
2019/04/22 04:58:00, 23.50, 23.60, 23.41, 20.00, 17.95, 0, 0, 4.53
2019/04/22 04:59:00, 23.50, 23.61, 23.41, 19.92, 17.95, 0, 0, 4.53
2019/04/22 05:00:00, 23.50, 23.60, 23.42, 19.95, 17.97, 0, 0, 4.53
2019/04/22 05:01:00, 23.50, 23.57, 23.41, 19.92, 17.94, 0, 0, 4.53
2019/04/22 05:02:00, 23.50, 23.60, 23.39, 20.00, 17.99, 0, 0, 4.53
2019/04/22 05:03:00, 23.50, 23.60, 23.41, 20.00, 17.99, 0, 0, 4.53
2019/04/22 05:04:00, 23.50, 23.59, 23.38, 19.97, 17.97, 0, 0, 4.53
2019/04/22 05:05:00, 23.50, 23.59, 23.41, 20.03, 18.00, 0, 0, 4.53
2019/04/22 05:06:00, 23.50, 23.59, 23.41, 19.98, 18.00, 0, 0, 4.53
2019/04/22 05:07:00, 23.50, 23.59, 23.41, 19.99, 18.01, 0, 0, 4.53
2019/04/22 05:08:00, 23.50, 23.59, 23.39, 20.00, 18.03, 0, 0, 4.53
2019/04/22 05:09:00, 23.50, 23.60, 23.38, 20.00, 18.05, 0, 0, 4.53
2019/04/22 05:10:00, 23.50, 23.61, 23.41, 20.02, 18.06, 0, 0, 4.53
2019/04/22 05:11:00, 23.50, 23.60, 23.39, 20.03, 18.05, 0, 0, 4.53
2019/04/22 05:12:00, 23.50, 23.59, 23.42, 20.03, 18.04, 0, 0, 4.53
2019/04/22 05:13:00, 23.50, 23.59, 23.39, 20.00, 18.05, 0, 0, 4.53
2019/04/22 05:14:00, 23.50, 23.57, 23.39, 20.02, 18.06, 0, 0, 4.53
2019/04/22 05:15:00, 23.50, 23.60, 23.41, 20.02, 18.06, 0, 0, 4.53
2019/04/22 05:16:00, 23.50, 23.60, 23.41, 20.05, 18.06, 0, 0, 4.53
2019/04/22 05:17:00, 23.50, 23.59, 23.41, 20.07, 18.07, 0, 0, 4.53
2019/04/22 05:18:00, 23.50, 23.61, 23.41, 20.11, 18.10, 0, 0, 4.53
2019/04/22 05:19:00, 23.50, 23.59, 23.38, 20.08, 18.09, 0, 0, 4.53
2019/04/22 05:20:00, 23.50, 23.60, 23.41, 20.16, 18.11, 0, 0, 4.53
2019/04/22 05:21:00, 23.50, 23.56, 23.39, 20.10, 18.13, 0, 0, 4.53
2019/04/22 05:22:00, 23.50, 23.59, 23.39, 20.20, 18.14, 0, 0, 4.53
2019/04/22 05:23:00, 23.50, 23.59, 23.39, 20.16, 18.16, 0, 0, 4.53
2019/04/22 05:24:00, 23.50, 23.56, 23.38, 20.18, 18.16, 0, 0, 4.53
2019/04/22 05:25:00, 23.50, 23.56, 23.37, 20.18, 18.21, 0, 0, 4.53
2019/04/22 05:26:00, 23.50, 23.59, 23.39, 20.18, 18.20, 0, 0, 4.53
2019/04/22 05:27:00, 23.50, 23.57, 23.39, 20.11, 18.18, 0, 0, 4.53
2019/04/22 05:28:00, 23.50, 23.56, 23.39, 20.19, 18.16, 0, 0, 4.53
2019/04/22 05:29:00, 23.50, 23.57, 23.37, 20.23, 18.20, 0, 0, 4.53
2019/04/22 05:30:00, 23.50, 23.56, 23.38, 20.23, 18.23, 0, 0, 4.53
2019/04/22 05:31:00, 23.50, 23.59, 23.39, 20.21, 18.22, 0, 0, 4.53
2019/04/22 05:32:00, 23.50, 23.57, 23.41, 20.18, 18.21, 0, 0, 4.53
2019/04/22 05:33:00, 23.50, 23.60, 23.43, 20.18, 18.22, 0, 0, 4.53
2019/04/22 05:34:00, 23.50, 23.59, 23.41, 20.24, 18.20, 0, 0, 4.53
2019/04/22 05:35:00, 23.50, 23.59, 23.39, 20.24, 18.21, 0, 0, 4.53
2019/04/22 05:36:00, 23.50, 23.57, 23.41, 20.20, 18.22, 0, 0, 4.53
2019/04/22 05:37:00, 23.50, 23.61, 23.41, 20.23, 18.23, 0, 0, 4.53
2019/04/22 05:38:00, 23.50, 23.60, 23.42, 20.23, 18.23, 0, 0, 4.53
2019/04/22 05:39:00, 23.50, 23.59, 23.42, 20.26, 18.25, 0, 0, 4.53
2019/04/22 05:40:00, 23.50, 23.60, 23.42, 20.23, 18.23, 0, 0, 4.53
2019/04/22 05:41:00, 23.50, 23.60, 23.41, 20.18, 18.24, 0, 0, 4.53
2019/04/22 05:42:00, 23.50, 23.60, 23.41, 20.29, 18.23, 0, 0, 4.53
2019/04/22 05:43:00, 23.50, 23.57, 23.43, 20.23, 18.25, 0, 0, 4.53
2019/04/22 05:44:00, 23.50, 23.61, 23.43, 20.23, 18.26, 0, 0, 4.53
2019/04/22 05:45:00, 23.50, 23.60, 23.39, 20.18, 18.26, 0, 0, 4.53
2019/04/22 05:46:00, 23.50, 23.61, 23.41, 20.31, 18.26, 0, 0, 4.53
2019/04/22 05:47:00, 23.50, 23.59, 23.42, 20.28, 18.27, 0, 0, 4.53
2019/04/22 05:48:00, 23.50, 23.59, 23.41, 20.29, 18.29, 0, 0, 4.53
2019/04/22 05:49:00, 23.50, 23.60, 23.42, 20.31, 18.31, 0, 0, 4.53
2019/04/22 05:50:00, 23.50, 23.57, 23.41, 20.29, 18.31, 0, 0, 4.53
2019/04/22 05:51:00, 23.50, 23.59, 23.42, 20.29, 18.29, 0, 0, 4.53
2019/04/22 05:52:00, 23.50, 23.61, 23.41, 20.34, 18.29, 0, 0, 4.53
2019/04/22 05:53:00, 23.50, 23.59, 23.41, 20.32, 18.31, 0, 0, 4.53
2019/04/22 05:54:00, 23.75, 23.60, 23.41, 20.29, 18.33, 0, 0, 4.53
2019/04/22 05:55:00, 23.50, 23.61, 23.39, 20.31, 18.33, 0, 0, 4.52
2019/04/22 05:56:00, 23.50, 23.60, 23.43, 20.39, 18.33, 0, 0, 4.52
2019/04/22 05:57:00, 23.50, 23.60, 23.42, 20.36, 18.34, 0, 0, 4.53
2019/04/22 05:58:00, 23.75, 23.60, 23.39, 20.32, 18.35, 0, 0, 4.53
2019/04/22 05:59:00, 23.50, 23.60, 23.39, 20.39, 18.36, 0, 0, 4.53
2019/04/22 06:00:00, 23.50, 23.59, 23.42, 20.39, 18.38, 0, 0, 4.52
2019/04/22 06:01:00, 23.50, 23.59, 23.42, 20.32, 18.36, 0, 0, 4.53
2019/04/22 06:02:00, 23.50, 23.59, 23.42, 20.39, 18.38, 0, 0, 4.52
2019/04/22 06:03:00, 23.50, 23.59, 23.39, 20.39, 18.39, 0, 0, 4.52
2019/04/22 06:04:00, 23.50, 23.57, 23.41, 20.39, 18.39, 0, 0, 4.52
2019/04/22 06:05:00, 23.50, 23.57, 23.38, 20.41, 18.39, 0, 0, 4.53
2019/04/22 06:06:00, 23.50, 23.59, 23.39, 20.34, 18.39, 0, 0, 4.52
2019/04/22 06:07:00, 23.50, 23.59, 23.43, 20.41, 18.40, 0, 0, 4.53
2019/04/22 06:08:00, 23.50, 23.59, 23.41, 20.47, 18.43, 0, 0, 4.53
2019/04/22 06:09:00, 23.50, 23.57, 23.41, 20.42, 18.41, 0, 0, 4.53
2019/04/22 06:10:00, 23.50, 23.59, 23.42, 20.45, 18.45, 0, 0, 4.53
2019/04/22 06:11:00, 23.50, 23.57, 23.41, 20.45, 18.42, 0, 0, 4.53
2019/04/22 06:12:00, 23.50, 23.61, 23.41, 20.45, 18.45, 0, 0, 4.53
2019/04/22 06:13:00, 23.50, 23.57, 23.39, 20.52, 18.46, 0, 0, 4.53
2019/04/22 06:14:00, 23.50, 23.60, 23.38, 20.49, 18.48, 0, 0, 4.52
2019/04/22 06:15:00, 23.50, 23.56, 23.39, 20.47, 18.47, 0, 0, 4.52
2019/04/22 06:16:00, 23.50, 23.59, 23.41, 20.44, 18.48, 0, 0, 4.52
2019/04/22 06:17:00, 23.50, 23.59, 23.38, 20.41, 18.47, 0, 0, 4.52
2019/04/22 06:18:00, 23.50, 23.59, 23.41, 20.50, 18.50, 0, 0, 4.52
2019/04/22 06:19:00, 23.50, 23.57, 23.39, 20.49, 18.51, 0, 0, 4.53
2019/04/22 06:20:00, 23.50, 23.59, 23.39, 20.54, 18.51, 0, 0, 4.52
2019/04/22 06:21:00, 23.50, 23.60, 23.39, 20.47, 18.50, 0, 0, 4.53
2019/04/22 06:22:00, 23.50, 23.56, 23.37, 20.52, 18.50, 0, 0, 4.53
2019/04/22 06:23:00, 23.50, 23.59, 23.39, 20.58, 18.54, 0, 0, 4.53
2019/04/22 06:24:00, 23.50, 23.57, 23.38, 20.57, 18.56, 0, 0, 4.52
2019/04/22 06:25:00, 23.50, 23.59, 23.38, 20.60, 18.57, 0, 0, 4.52
2019/04/22 06:26:00, 23.50, 23.57, 23.37, 20.55, 18.57, 0, 0, 4.52
2019/04/22 06:27:00, 23.50, 23.57, 23.37, 20.50, 18.57, 0, 0, 4.52
2019/04/22 06:28:00, 23.50, 23.56, 23.37, 20.58, 18.59, 0, 0, 4.52
2019/04/22 06:29:00, 23.50, 23.59, 23.38, 20.60, 18.58, 0, 0, 4.53
2019/04/22 06:30:00, 23.50, 23.59, 23.38, 20.63, 18.58, 0, 0, 4.52
2019/04/22 06:31:00, 23.50, 23.57, 23.37, 20.58, 18.58, 0, 0, 4.52
2019/04/22 06:32:00, 23.50, 23.56, 23.37, 20.63, 18.61, 0, 0, 4.52
2019/04/22 06:33:00, 23.50, 23.56, 23.37, 20.56, 18.61, 0, 0, 4.52
2019/04/22 06:34:00, 23.50, 23.59, 23.39, 20.62, 18.63, 0, 0, 4.52
2019/04/22 06:35:00, 23.50, 23.59, 23.39, 20.62, 18.61, 0, 0, 4.52
2019/04/22 06:36:00, 23.50, 23.56, 23.41, 20.62, 18.63, 0, 0, 4.52
2019/04/22 06:37:00, 23.50, 23.56, 23.37, 20.63, 18.62, 0, 0, 4.52
2019/04/22 06:38:00, 23.50, 23.57, 23.37, 20.63, 18.65, 0, 0, 4.52
2019/04/22 06:39:00, 23.50, 23.59, 23.37, 20.66, 18.65, 0, 0, 4.52
2019/04/22 06:40:00, 23.50, 23.57, 23.35, 20.70, 18.67, 0, 0, 4.52
2019/04/22 06:41:00, 23.50, 23.57, 23.37, 20.68, 18.66, 0, 0, 4.52
2019/04/22 06:42:00, 23.50, 23.59, 23.36, 20.70, 18.67, 0, 0, 4.52
2019/04/22 06:43:00, 23.50, 23.56, 23.38, 20.70, 18.68, 0, 0, 4.53
2019/04/22 06:44:00, 23.50, 23.59, 23.38, 20.66, 18.68, 0, 0, 4.52
2019/04/22 06:45:00, 23.50, 23.59, 23.41, 20.66, 18.70, 0, 0, 4.52
2019/04/22 06:46:00, 23.50, 23.57, 23.39, 20.70, 18.70, 0, 0, 4.52
2019/04/22 06:47:00, 23.50, 23.60, 23.41, 20.75, 18.70, 0, 0, 4.52
2019/04/22 06:48:00, 23.50, 23.59, 23.41, 20.68, 18.70, 0, 0, 4.53
2019/04/22 06:49:00, 23.50, 23.57, 23.38, 20.71, 18.71, 0, 0, 4.52
2019/04/22 06:50:00, 23.50, 23.56, 23.37, 20.75, 18.71, 0, 0, 4.52
2019/04/22 06:51:00, 23.50, 23.56, 23.41, 20.71, 18.74, 0, 0, 4.52
2019/04/22 06:52:00, 23.50, 23.57, 23.39, 20.75, 18.74, 0, 0, 4.52
2019/04/22 06:53:00, 23.50, 23.57, 23.37, 20.71, 18.72, 0, 0, 4.52
2019/04/22 06:54:00, 23.50, 23.57, 23.38, 20.76, 18.74, 0, 0, 4.52
2019/04/22 06:55:00, 23.50, 23.57, 23.38, 20.71, 18.76, 0, 0, 4.52
2019/04/22 06:56:00, 23.50, 23.56, 23.39, 20.78, 18.78, 0, 0, 4.52
2019/04/22 06:57:00, 23.50, 23.56, 23.39, 20.76, 18.79, 0, 0, 4.52
2019/04/22 06:58:00, 23.50, 23.56, 23.39, 20.78, 18.81, 0, 0, 4.52
2019/04/22 06:59:00, 23.50, 23.57, 23.37, 20.74, 18.80, 0, 0, 4.52
2019/04/22 07:00:00, 23.50, 23.56, 23.38, 20.81, 18.80, 0, 0, 4.52
2019/04/22 07:01:00, 23.50, 23.59, 23.39, 20.78, 18.82, 0, 0, 4.52
2019/04/22 07:02:00, 23.50, 23.59, 23.37, 20.71, 18.81, 0, 0, 4.52
2019/04/22 07:03:00, 23.50, 23.57, 23.37, 20.80, 18.80, 0, 0, 4.52
2019/04/22 07:04:00, 23.50, 23.59, 23.38, 20.83, 18.81, 0, 0, 4.52
2019/04/22 07:05:00, 23.50, 23.57, 23.41, 20.86, 18.84, 0, 0, 4.52
2019/04/22 07:06:00, 23.50, 23.54, 23.37, 20.84, 18.83, 0, 0, 4.52
2019/04/22 07:07:00, 23.50, 23.57, 23.39, 20.84, 18.84, 0, 0, 4.52
2019/04/22 07:08:00, 23.50, 23.59, 23.38, 20.86, 18.84, 0, 0, 4.52
2019/04/22 07:09:00, 23.50, 23.56, 23.39, 20.80, 18.84, 0, 0, 4.53
2019/04/22 07:10:00, 23.50, 23.59, 23.41, 20.81, 18.83, 0, 0, 4.52
2019/04/22 07:11:00, 23.50, 23.56, 23.38, 20.84, 18.84, 0, 0, 4.52
2019/04/22 07:12:00, 23.50, 23.57, 23.41, 20.83, 18.84, 0, 0, 4.52
2019/04/22 07:13:00, 23.50, 23.60, 23.39, 20.86, 18.83, 0, 0, 4.52
2019/04/22 07:14:00, 23.50, 23.57, 23.41, 20.88, 18.85, 0, 0, 4.52
2019/04/22 07:15:00, 23.50, 23.61, 23.41, 20.88, 18.87, 0, 0, 4.52
2019/04/22 07:16:00, 23.50, 23.60, 23.41, 20.85, 18.87, 0, 0, 4.52
2019/04/22 07:17:00, 23.50, 23.61, 23.42, 20.85, 18.87, 0, 0, 4.52
2019/04/22 07:18:00, 23.50, 23.59, 23.41, 20.81, 18.86, 0, 0, 4.52
2019/04/22 07:19:00, 23.50, 23.61, 23.41, 20.84, 18.85, 0, 0, 4.52
2019/04/22 07:20:00, 23.50, 23.57, 23.41, 20.85, 18.86, 0, 0, 4.52
2019/04/22 07:21:00, 23.50, 23.59, 23.41, 20.86, 18.88, 0, 0, 4.52
2019/04/22 07:22:00, 23.50, 23.61, 23.43, 20.86, 18.87, 0, 0, 4.52
2019/04/22 07:23:00, 23.50, 23.59, 23.42, 20.88, 18.87, 0, 0, 4.52
2019/04/22 07:24:00, 23.50, 23.60, 23.42, 20.94, 18.89, 0, 0, 4.52
2019/04/22 07:25:00, 23.50, 23.60, 23.41, 20.88, 18.88, 0, 0, 4.52
2019/04/22 07:26:00, 23.50, 23.60, 23.43, 20.91, 18.89, 0, 0, 4.52
2019/04/22 07:27:00, 23.50, 23.63, 23.42, 20.88, 18.87, 0, 0, 4.52
2019/04/22 07:28:00, 23.50, 23.60, 23.42, 20.85, 18.87, 0, 0, 4.52
2019/04/22 07:29:00, 23.50, 23.61, 23.41, 20.91, 18.89, 0, 0, 4.52
2019/04/22 07:30:00, 23.50, 23.57, 23.42, 20.88, 18.88, 0, 0, 4.52
2019/04/22 07:31:00, 23.50, 23.60, 23.42, 20.92, 18.90, 0, 0, 4.52
2019/04/22 07:32:00, 23.50, 23.60, 23.42, 20.93, 18.90, 0, 0, 4.52
2019/04/22 07:33:00, 23.50, 23.60, 23.41, 20.92, 18.90, 0, 0, 4.52
2019/04/22 07:34:00, 23.50, 23.59, 23.43, 20.93, 18.91, 0, 0, 4.52
2019/04/22 07:35:00, 23.50, 23.60, 23.41, 20.89, 18.90, 0, 0, 4.52
2019/04/22 07:36:00, 23.50, 23.60, 23.41, 20.96, 18.91, 0, 0, 4.52
2019/04/22 07:37:00, 23.50, 23.60, 23.42, 20.94, 18.94, 0, 0, 4.52
2019/04/22 07:38:00, 23.50, 23.59, 23.41, 20.91, 18.92, 0, 0, 4.52
2019/04/22 07:39:00, 23.50, 23.54, 23.38, 20.96, 18.92, 0, 0, 4.52
2019/04/22 07:40:00, 23.50, 23.54, 23.37, 21.02, 18.97, 0, 0, 4.52
2019/04/22 07:41:00, 23.50, 23.56, 23.37, 21.13, 19.04, 0, 0, 4.52
2019/04/22 07:42:00, 23.50, 23.56, 23.36, 21.03, 19.06, 0, 0, 4.52
2019/04/22 07:43:00, 23.50, 23.56, 23.37, 21.05, 19.04, 0, 0, 4.52
2019/04/22 07:44:00, 23.50, 23.56, 23.37, 21.10, 19.06, 0, 0, 4.52
2019/04/22 07:45:00, 23.50, 23.59, 23.36, 21.15, 19.05, 0, 0, 4.52
2019/04/22 07:46:00, 23.50, 23.56, 23.36, 21.10, 19.07, 0, 0, 4.52
2019/04/22 07:47:00, 23.50, 23.56, 23.36, 21.09, 19.09, 0, 0, 4.52
2019/04/22 07:48:00, 23.50, 23.54, 23.35, 21.09, 19.07, 0, 0, 4.52
2019/04/22 07:49:00, 23.50, 23.53, 23.33, 21.18, 19.11, 0, 0, 4.52
2019/04/22 07:50:00, 23.50, 23.56, 23.35, 21.16, 19.14, 0, 0, 4.52
2019/04/22 07:51:00, 23.50, 23.52, 23.36, 21.12, 19.15, 0, 0, 4.52
2019/04/22 07:52:00, 23.50, 23.53, 23.33, 21.18, 19.13, 0, 0, 4.52
2019/04/22 07:53:00, 23.50, 23.52, 23.35, 21.15, 19.16, 0, 0, 4.52
2019/04/22 07:54:00, 23.50, 23.52, 23.36, 21.20, 19.16, 0, 0, 4.52
2019/04/22 07:55:00, 23.50, 23.52, 23.34, 21.23, 19.16, 0, 0, 4.52
2019/04/22 07:56:00, 23.50, 23.50, 23.32, 21.23, 19.19, 0, 0, 4.52
2019/04/22 07:57:00, 23.50, 23.52, 23.32, 21.26, 19.23, 0, 0, 4.52
2019/04/22 07:58:00, 23.50, 23.52, 23.32, 21.15, 19.18, 0, 0, 4.52
2019/04/22 07:59:00, 23.50, 23.52, 23.32, 21.34, 19.21, 0, 0, 4.52
2019/04/22 08:00:00, 23.50, 23.53, 23.33, 21.21, 19.21, 0, 0, 4.52
2019/04/22 08:01:00, 23.50, 23.47, 23.29, 21.18, 19.23, 0, 0, 4.52
2019/04/22 08:02:00, 23.50, 23.49, 23.30, 21.34, 19.23, 0, 0, 4.52
2019/04/22 08:03:00, 23.50, 23.49, 23.31, 21.31, 19.27, 0, 0, 4.52
2019/04/22 08:04:00, 23.50, 23.50, 23.30, 21.29, 19.29, 0, 0, 4.52
2019/04/22 08:05:00, 23.50, 23.46, 23.29, 21.36, 19.29, 0, 0, 4.52
2019/04/22 08:06:00, 23.50, 23.47, 23.30, 21.31, 19.32, 0, 0, 4.52
2019/04/22 08:07:00, 23.50, 23.50, 23.28, 21.34, 19.30, 0, 0, 4.52
2019/04/22 08:08:00, 23.50, 23.49, 23.30, 21.34, 19.32, 0, 0, 4.52
2019/04/22 08:09:00, 23.50, 23.50, 23.31, 21.31, 19.32, 0, 0, 4.52
2019/04/22 08:10:00, 23.50, 23.49, 23.30, 21.36, 19.32, 0, 0, 4.52
2019/04/22 08:11:00, 23.50, 23.50, 23.30, 21.32, 19.32, 0, 0, 4.52
2019/04/22 08:12:00, 23.50, 23.49, 23.32, 21.36, 19.33, 0, 0, 4.52
2019/04/22 08:13:00, 23.50, 23.52, 23.31, 21.40, 19.32, 0, 0, 4.52
2019/04/22 08:14:00, 23.50, 23.49, 23.30, 21.42, 19.35, 0, 0, 4.52
2019/04/22 08:15:00, 23.50, 23.47, 23.29, 21.44, 19.34, 0, 0, 4.52
2019/04/22 08:16:00, 23.50, 23.47, 23.32, 21.40, 19.39, 0, 0, 4.52
2019/04/22 08:17:00, 23.50, 23.50, 23.32, 21.42, 19.39, 0, 0, 4.52
2019/04/22 08:18:00, 23.50, 23.52, 23.32, 21.44, 19.39, 0, 0, 4.52
2019/04/22 08:19:00, 23.50, 23.53, 23.32, 21.47, 19.39, 0, 0, 4.52
2019/04/22 08:20:00, 23.50, 23.50, 23.31, 21.47, 19.37, 0, 0, 4.52
2019/04/22 08:21:00, 23.50, 23.50, 23.34, 21.50, 19.42, 0, 0, 4.52
2019/04/22 08:22:00, 23.50, 23.53, 23.34, 21.46, 19.41, 0, 0, 4.52
2019/04/22 08:23:00, 23.50, 23.52, 23.33, 21.46, 19.41, 0, 0, 4.52
2019/04/22 08:24:00, 23.50, 23.53, 23.34, 21.46, 19.39, 0, 0, 4.52
2019/04/22 08:25:00, 23.50, 23.50, 23.31, 21.50, 19.43, 0, 0, 4.52
2019/04/22 08:26:00, 23.50, 23.50, 23.30, 21.52, 19.48, 0, 0, 4.52
2019/04/22 08:27:00, 23.50, 23.50, 23.32, 21.50, 19.47, 0, 0, 4.52
2019/04/22 08:28:00, 23.50, 23.50, 23.32, 21.60, 19.48, 0, 0, 4.52
2019/04/22 08:29:00, 23.50, 23.52, 23.32, 21.52, 19.50, 0, 0, 4.52
2019/04/22 08:30:00, 23.50, 23.53, 23.31, 21.57, 19.51, 0, 0, 4.52
2019/04/22 08:31:00, 23.50, 23.50, 23.31, 21.54, 19.48, 0, 0, 4.52
2019/04/22 08:32:00, 23.50, 23.52, 23.31, 21.50, 19.49, 0, 0, 4.52
2019/04/22 08:33:00, 23.50, 23.52, 23.32, 21.57, 19.52, 0, 0, 4.52
2019/04/22 08:34:00, 23.50, 23.47, 23.31, 21.49, 19.48, 0, 0, 4.52
2019/04/22 08:35:00, 23.50, 23.50, 23.31, 21.60, 19.55, 0, 0, 4.52
2019/04/22 08:36:00, 23.50, 23.49, 23.30, 21.57, 19.55, 0, 0, 4.52
2019/04/22 08:37:00, 23.50, 23.47, 23.30, 21.62, 19.59, 0, 0, 4.52
2019/04/22 08:38:00, 23.50, 23.50, 23.31, 21.62, 19.60, 0, 0, 4.52
2019/04/22 08:39:00, 23.50, 23.47, 23.29, 21.68, 19.61, 0, 0, 4.52
2019/04/22 08:40:00, 23.50, 23.49, 23.29, 21.68, 19.61, 0, 0, 4.52
2019/04/22 08:41:00, 23.50, 23.46, 23.29, 21.65, 19.64, 0, 0, 4.52
2019/04/22 08:42:00, 23.50, 23.44, 23.29, 21.76, 19.67, 0, 0, 4.52
2019/04/22 08:43:00, 23.50, 23.50, 23.30, 21.76, 19.68, 0, 0, 4.52
2019/04/22 08:44:00, 23.50, 23.49, 23.32, 21.76, 19.69, 0, 0, 4.52
2019/04/22 08:45:00, 23.50, 23.49, 23.29, 21.75, 19.68, 0, 0, 4.52
2019/04/22 08:46:00, 23.50, 23.49, 23.28, 21.73, 19.71, 0, 0, 4.52
2019/04/22 08:47:00, 23.50, 23.49, 23.31, 21.73, 19.70, 0, 0, 4.52
2019/04/22 08:48:00, 23.50, 23.47, 23.29, 21.73, 19.70, 0, 0, 4.52
2019/04/22 08:49:00, 23.50, 23.52, 23.34, 21.83, 19.71, 0, 0, 4.52
2019/04/22 08:50:00, 23.50, 23.52, 23.30, 21.78, 19.73, 0, 0, 4.52
2019/04/22 08:51:00, 23.50, 23.53, 23.31, 21.73, 19.74, 0, 0, 4.52
2019/04/22 08:52:00, 23.50, 23.52, 23.33, 21.75, 19.69, 0, 0, 4.52
2019/04/22 08:53:00, 23.50, 23.49, 23.31, 21.78, 19.74, 0, 0, 4.52
2019/04/22 08:54:00, 23.50, 23.53, 23.30, 21.80, 19.76, 0, 0, 4.52
2019/04/22 08:55:00, 23.50, 23.50, 23.31, 21.81, 19.75, 0, 0, 4.52
2019/04/22 08:56:00, 23.50, 23.52, 23.31, 21.83, 19.77, 0, 0, 4.52
2019/04/22 08:57:00, 23.50, 23.52, 23.33, 21.78, 19.77, 0, 0, 4.52
2019/04/22 08:58:00, 23.50, 23.49, 23.33, 21.86, 19.77, 0, 0, 4.52
2019/04/22 08:59:00, 23.50, 23.52, 23.30, 21.80, 19.79, 0, 0, 4.52
2019/04/22 09:00:00, 23.50, 23.49, 23.29, 21.89, 19.78, 0, 0, 4.52
2019/04/22 09:01:00, 23.50, 23.50, 23.31, 21.91, 19.84, 0, 0, 4.52
2019/04/22 09:02:00, 23.50, 23.47, 23.28, 21.84, 19.81, 0, 0, 4.52
2019/04/22 09:03:00, 23.50, 23.47, 23.28, 21.89, 19.85, 0, 0, 4.52
2019/04/22 09:04:00, 23.50, 23.47, 23.29, 21.92, 19.87, 0, 0, 4.52
2019/04/22 09:05:00, 23.50, 23.46, 23.27, 21.97, 19.88, 0, 0, 4.52
2019/04/22 09:06:00, 23.50, 23.49, 23.29, 21.92, 19.90, 0, 0, 4.52
2019/04/22 09:07:00, 23.50, 23.46, 23.31, 22.02, 19.92, 0, 0, 4.52
2019/04/22 09:08:00, 23.50, 23.46, 23.27, 21.91, 19.91, 0, 0, 4.52
2019/04/22 09:09:00, 23.50, 23.46, 23.29, 22.00, 19.93, 0, 0, 4.52
2019/04/22 09:10:00, 23.50, 23.46, 23.28, 22.00, 19.99, 0, 0, 4.52
2019/04/22 09:11:00, 23.50, 23.49, 23.27, 22.00, 19.98, 0, 0, 4.52
2019/04/22 09:12:00, 23.50, 23.50, 23.28, 21.97, 19.99, 0, 0, 4.52
2019/04/22 09:13:00, 23.50, 23.49, 23.29, 22.04, 20.00, 0, 0, 4.52
2019/04/22 09:14:00, 23.50, 23.49, 23.28, 22.03, 19.97, 0, 0, 4.52
2019/04/22 09:15:00, 23.50, 23.49, 23.28, 22.07, 20.00, 0, 0, 4.52
2019/04/22 09:16:00, 23.50, 23.49, 23.30, 22.02, 20.01, 0, 0, 4.52
2019/04/22 09:17:00, 23.50, 23.46, 23.30, 22.04, 20.01, 0, 0, 4.52
2019/04/22 09:18:00, 23.50, 23.47, 23.31, 22.05, 20.01, 0, 0, 4.52
2019/04/22 09:19:00, 23.50, 23.49, 23.30, 22.07, 20.03, 0, 0, 4.52
2019/04/22 09:20:00, 23.50, 23.50, 23.32, 22.09, 20.05, 0, 0, 4.52
2019/04/22 09:21:00, 23.50, 23.50, 23.32, 22.12, 20.06, 0, 0, 4.52
2019/04/22 09:22:00, 23.50, 23.52, 23.33, 22.09, 20.03, 0, 0, 4.52
2019/04/22 09:23:00, 23.50, 23.54, 23.35, 22.09, 20.04, 0, 0, 4.52
2019/04/22 09:24:00, 23.50, 23.54, 23.35, 22.01, 20.02, 0, 0, 4.52
2019/04/22 09:25:00, 23.50, 23.56, 23.36, 22.07, 20.02, 0, 0, 4.52
2019/04/22 09:26:00, 23.50, 23.57, 23.36, 22.11, 20.01, 0, 0, 4.52
2019/04/22 09:27:00, 23.50, 23.54, 23.36, 22.06, 20.02, 0, 0, 4.52
2019/04/22 09:28:00, 23.50, 23.56, 23.37, 22.06, 20.05, 0, 0, 4.52
2019/04/22 09:29:00, 23.50, 23.57, 23.36, 22.09, 20.03, 0, 0, 4.52
2019/04/22 09:30:00, 23.50, 23.60, 23.37, 22.11, 20.08, 0, 0, 4.52
2019/04/22 09:31:00, 23.50, 23.57, 23.39, 22.14, 20.06, 0, 0, 4.52
2019/04/22 09:32:00, 23.50, 23.59, 23.38, 22.11, 20.06, 0, 0, 4.52
2019/04/22 09:33:00, 23.50, 23.60, 23.41, 22.19, 20.09, 0, 0, 4.52
2019/04/22 09:34:00, 23.50, 23.60, 23.38, 22.11, 20.06, 0, 0, 4.52
2019/04/22 09:35:00, 23.50, 23.60, 23.41, 22.17, 20.08, 0, 0, 4.52
2019/04/22 09:36:00, 23.50, 23.59, 23.41, 22.14, 20.08, 0, 0, 4.52
2019/04/22 09:37:00, 23.50, 23.60, 23.41, 22.19, 20.11, 0, 0, 4.52
2019/04/22 09:38:00, 23.50, 23.61, 23.39, 22.16, 20.11, 0, 0, 4.52
2019/04/22 09:39:00, 23.50, 23.57, 23.41, 22.17, 20.13, 0, 0, 4.52
2019/04/22 09:40:00, 23.50, 23.57, 23.41, 22.19, 20.13, 0, 0, 4.52
2019/04/22 09:41:00, 23.50, 23.59, 23.41, 22.21, 20.13, 0, 0, 4.52
2019/04/22 09:42:00, 23.50, 23.61, 23.41, 22.19, 20.15, 0, 0, 4.52
2019/04/22 09:43:00, 23.50, 23.63, 23.41, 22.16, 20.16, 0, 0, 4.52
2019/04/22 09:44:00, 23.50, 23.61, 23.38, 22.22, 20.15, 0, 0, 4.52
2019/04/22 09:45:00, 23.50, 23.59, 23.43, 22.22, 20.17, 0, 0, 4.52
2019/04/22 09:46:00, 23.50, 23.63, 23.43, 22.13, 20.14, 0, 0, 4.52
2019/04/22 09:47:00, 23.50, 23.60, 23.44, 22.22, 20.15, 0, 0, 4.52
2019/04/22 09:48:00, 23.50, 23.60, 23.43, 22.21, 20.16, 0, 0, 4.52
2019/04/22 09:49:00, 23.50, 23.63, 23.44, 22.22, 20.17, 0, 0, 4.52
2019/04/22 09:50:00, 23.50, 23.61, 23.45, 22.16, 20.12, 0, 0, 4.52
2019/04/22 09:51:00, 23.50, 23.63, 23.43, 22.26, 20.20, 0, 0, 4.52
2019/04/22 09:52:00, 23.50, 23.61, 23.43, 22.24, 20.17, 0, 0, 4.52
2019/04/22 09:53:00, 23.50, 23.61, 23.42, 22.24, 20.17, 0, 0, 4.52
2019/04/22 09:54:00, 23.50, 23.63, 23.45, 22.24, 20.19, 0, 0, 4.52
2019/04/22 09:55:00, 23.50, 23.60, 23.41, 22.14, 20.16, 0, 0, 4.52
2019/04/22 09:56:00, 23.50, 23.60, 23.42, 22.30, 20.19, 0, 0, 4.52
2019/04/22 09:57:00, 23.50, 23.61, 23.43, 22.35, 20.25, 0, 0, 4.52
2019/04/22 09:58:00, 23.50, 23.61, 23.42, 22.35, 20.28, 0, 0, 4.52
2019/04/22 09:59:00, 23.50, 23.61, 23.44, 22.29, 20.22, 0, 0, 4.52
2019/04/22 10:00:00, 23.50, 23.61, 23.44, 22.29, 20.26, 0, 0, 4.52
2019/04/22 10:01:00, 23.50, 23.63, 23.45, 22.29, 20.22, 0, 0, 4.52
2019/04/22 10:02:00, 23.50, 23.63, 23.45, 22.33, 20.25, 0, 0, 4.52
2019/04/22 10:03:00, 23.50, 23.63, 23.46, 22.24, 20.21, 0, 0, 4.52
2019/04/22 10:04:00, 23.75, 23.65, 23.46, 22.26, 20.22, 0, 0, 4.52
2019/04/22 10:05:00, 23.50, 23.65, 23.46, 22.33, 20.23, 0, 0, 4.52
2019/04/22 10:06:00, 23.50, 23.65, 23.47, 22.24, 20.20, 0, 0, 4.52
2019/04/22 10:07:00, 23.75, 23.64, 23.46, 22.31, 20.24, 0, 0, 4.52
2019/04/22 10:08:00, 23.75, 23.67, 23.47, 22.33, 20.25, 0, 0, 4.52
2019/04/22 10:09:00, 23.75, 23.65, 23.46, 22.28, 20.21, 0, 0, 4.52
2019/04/22 10:10:00, 23.50, 23.64, 23.46, 22.26, 20.25, 0, 0, 4.52
2019/04/22 10:11:00, 23.75, 23.64, 23.45, 22.31, 20.21, 0, 0, 4.52
2019/04/22 10:12:00, 23.50, 23.65, 23.47, 22.33, 20.27, 0, 0, 4.52
2019/04/22 10:13:00, 23.75, 23.65, 23.47, 22.34, 20.28, 0, 0, 4.52
2019/04/22 10:14:00, 23.50, 23.65, 23.46, 22.24, 20.23, 0, 0, 4.52
2019/04/22 10:15:00, 23.75, 23.65, 23.47, 22.29, 20.24, 0, 0, 4.52
2019/04/22 10:16:00, 23.75, 23.68, 23.49, 22.31, 20.22, 0, 0, 4.52
2019/04/22 10:17:00, 23.75, 23.68, 23.50, 22.26, 20.22, 0, 0, 4.52
2019/04/22 10:18:00, 23.75, 23.67, 23.48, 22.23, 20.21, 0, 0, 4.52
2019/04/22 10:19:00, 23.75, 23.67, 23.50, 22.22, 20.17, 0, 0, 4.52
2019/04/22 10:20:00, 23.75, 23.70, 23.51, 22.26, 20.19, 0, 0, 4.52
2019/04/22 10:21:00, 23.75, 23.68, 23.51, 22.24, 20.22, 0, 0, 4.52
2019/04/22 10:22:00, 23.75, 23.68, 23.49, 22.18, 20.17, 0, 0, 4.52
2019/04/22 10:23:00, 23.75, 23.67, 23.50, 22.20, 20.16, 0, 0, 4.52
2019/04/22 10:24:00, 23.75, 23.67, 23.48, 22.22, 20.14, 0, 0, 4.52
2019/04/22 10:25:00, 23.75, 23.67, 23.49, 22.22, 20.16, 0, 0, 4.52
2019/04/22 10:26:00, 23.75, 23.68, 23.49, 22.20, 20.18, 0, 0, 4.52
2019/04/22 10:27:00, 23.75, 23.67, 23.49, 22.20, 20.16, 0, 0, 4.52
2019/04/22 10:28:00, 23.75, 23.67, 23.50, 22.13, 20.16, 0, 0, 4.52
2019/04/22 10:29:00, 23.75, 23.68, 23.50, 22.20, 20.14, 0, 0, 4.52
2019/04/22 10:30:00, 23.75, 23.68, 23.50, 22.18, 20.16, 0, 0, 4.52
2019/04/22 10:31:00, 23.75, 23.70, 23.50, 22.15, 20.13, 0, 0, 4.52
2019/04/22 10:32:00, 23.75, 23.70, 23.50, 22.15, 20.16, 0, 0, 4.52
2019/04/22 10:33:00, 23.75, 23.68, 23.51, 22.18, 20.13, 0, 0, 4.52
2019/04/22 10:34:00, 23.75, 23.70, 23.50, 22.13, 20.12, 0, 0, 4.52
2019/04/22 10:35:00, 23.75, 23.68, 23.50, 22.10, 20.09, 0, 0, 4.52
2019/04/22 10:36:00, 23.75, 23.70, 23.49, 22.20, 20.11, 0, 0, 4.52
2019/04/22 10:37:00, 23.75, 23.68, 23.50, 22.13, 20.15, 0, 0, 4.52
2019/04/22 10:38:00, 23.75, 23.68, 23.50, 22.20, 20.16, 0, 0, 4.52
2019/04/22 10:39:00, 23.75, 23.67, 23.49, 22.15, 20.11, 0, 0, 4.52
2019/04/22 10:40:00, 23.75, 23.70, 23.47, 22.20, 20.13, 0, 0, 4.52
2019/04/22 10:41:00, 23.75, 23.67, 23.50, 22.18, 20.14, 0, 0, 4.52
2019/04/22 10:42:00, 23.75, 23.65, 23.50, 22.20, 20.16, 0, 0, 4.52
2019/04/22 10:43:00, 23.75, 23.67, 23.50, 22.13, 20.15, 0, 0, 4.52
2019/04/22 10:44:00, 23.75, 23.70, 23.52, 22.18, 20.14, 0, 0, 4.52
2019/04/22 10:45:00, 23.75, 23.68, 23.50, 22.12, 20.13, 0, 0, 4.52
2019/04/22 10:46:00, 23.75, 23.68, 23.51, 22.10, 20.09, 0, 0, 4.52
2019/04/22 10:47:00, 23.75, 23.68, 23.50, 22.10, 20.10, 0, 0, 4.52
2019/04/22 10:48:00, 23.75, 23.68, 23.49, 22.13, 20.12, 0, 0, 4.52
2019/04/22 10:49:00, 23.75, 23.73, 23.54, 22.18, 20.14, 0, 0, 4.52
2019/04/22 10:50:00, 23.75, 23.71, 23.51, 22.13, 20.10, 0, 0, 4.52
2019/04/22 10:51:00, 23.75, 23.70, 23.51, 22.10, 20.07, 0, 0, 4.52
2019/04/22 10:52:00, 23.75, 23.70, 23.51, 22.09, 20.06, 0, 0, 4.52
2019/04/22 10:53:00, 23.75, 23.71, 23.52, 22.13, 20.09, 0, 0, 4.52
2019/04/22 10:54:00, 23.75, 23.70, 23.50, 22.12, 20.08, 0, 0, 4.52
2019/04/22 10:55:00, 23.75, 23.70, 23.51, 22.08, 20.08, 0, 0, 4.52
2019/04/22 10:56:00, 23.75, 23.71, 23.50, 22.04, 20.06, 0, 0, 4.52
2019/04/22 10:57:00, 23.75, 23.68, 23.51, 22.05, 20.07, 0, 0, 4.52
2019/04/22 10:58:00, 23.75, 23.70, 23.50, 22.10, 20.09, 0, 0, 4.52
2019/04/22 10:59:00, 23.75, 23.70, 23.51, 22.10, 20.10, 0, 0, 4.52
2019/04/22 11:00:00, 23.75, 23.70, 23.51, 22.07, 20.06, 0, 0, 4.52
2019/04/22 11:01:00, 23.75, 23.71, 23.52, 22.02, 20.05, 0, 0, 4.52
2019/04/22 11:02:00, 23.75, 23.70, 23.51, 22.08, 20.08, 0, 0, 4.52
2019/04/22 11:03:00, 23.75, 23.70, 23.53, 22.07, 20.05, 0, 0, 4.52
2019/04/22 11:04:00, 23.75, 23.71, 23.51, 22.10, 20.03, 0, 0, 4.52
2019/04/22 11:05:00, 23.75, 23.71, 23.51, 22.08, 20.04, 0, 0, 4.52
2019/04/22 11:06:00, 23.75, 23.68, 23.50, 22.07, 20.02, 0, 0, 4.52
2019/04/22 11:07:00, 23.75, 23.70, 23.49, 22.02, 20.04, 0, 0, 4.52
2019/04/22 11:08:00, 23.75, 23.68, 23.50, 21.99, 20.03, 0, 0, 4.52
2019/04/22 11:09:00, 23.75, 23.68, 23.51, 22.05, 20.02, 0, 0, 4.52
2019/04/22 11:10:00, 23.75, 23.68, 23.51, 22.00, 20.01, 0, 0, 4.52
2019/04/22 11:11:00, 23.75, 23.67, 23.48, 22.04, 20.00, 0, 0, 4.52
2019/04/22 11:12:00, 23.75, 23.70, 23.51, 22.10, 20.03, 0, 0, 4.52
2019/04/22 11:13:00, 23.75, 23.70, 23.50, 22.02, 20.02, 0, 0, 4.52
2019/04/22 11:14:00, 23.75, 23.67, 23.50, 21.99, 20.00, 0, 0, 4.52
2019/04/22 11:15:00, 23.75, 23.71, 23.51, 22.05, 20.02, 0, 0, 4.52
2019/04/22 11:16:00, 23.75, 23.68, 23.50, 21.97, 19.98, 0, 0, 4.52
2019/04/22 11:17:00, 23.75, 23.68, 23.50, 22.00, 19.97, 0, 0, 4.52
2019/04/22 11:18:00, 23.75, 23.67, 23.50, 22.04, 20.01, 0, 0, 4.52
2019/04/22 11:19:00, 23.75, 23.68, 23.48, 22.07, 20.03, 0, 0, 4.52
2019/04/22 11:20:00, 23.75, 23.67, 23.48, 21.98, 20.02, 0, 0, 4.52
2019/04/22 11:21:00, 23.75, 23.68, 23.48, 22.05, 20.04, 0, 0, 4.52
2019/04/22 11:22:00, 23.75, 23.68, 23.50, 22.05, 20.07, 0, 0, 4.52
2019/04/22 11:23:00, 23.75, 23.71, 23.50, 22.05, 20.05, 0, 0, 4.52
2019/04/22 11:24:00, 23.75, 23.71, 23.50, 22.08, 20.03, 0, 0, 4.52
2019/04/22 11:25:00, 23.75, 23.70, 23.50, 22.07, 20.04, 0, 0, 4.52
2019/04/22 11:26:00, 23.75, 23.71, 23.51, 22.10, 20.02, 0, 0, 4.52
2019/04/22 11:27:00, 23.75, 23.70, 23.52, 22.08, 20.04, 0, 0, 4.52
2019/04/22 11:28:00, 23.75, 23.71, 23.51, 22.07, 20.03, 0, 0, 4.52
2019/04/22 11:29:00, 23.75, 23.73, 23.51, 22.04, 20.04, 0, 0, 4.52
2019/04/22 11:30:00, 23.75, 23.70, 23.50, 21.99, 20.00, 0, 0, 4.52
2019/04/22 11:31:00, 23.75, 23.70, 23.51, 22.05, 20.03, 0, 0, 4.52
2019/04/22 11:32:00, 23.75, 23.70, 23.50, 22.08, 20.04, 0, 0, 4.52
2019/04/22 11:33:00, 23.75, 23.73, 23.51, 22.02, 20.04, 0, 0, 4.52
2019/04/22 11:34:00, 23.75, 23.71, 23.53, 22.02, 20.00, 0, 0, 4.52
2019/04/22 11:35:00, 23.75, 23.70, 23.54, 22.02, 20.03, 0, 0, 4.52
2019/04/22 11:36:00, 23.75, 23.71, 23.54, 22.04, 20.04, 0, 0, 4.52
2019/04/22 11:37:00, 23.75, 23.71, 23.52, 22.07, 20.06, 0, 0, 4.52
2019/04/22 11:38:00, 23.75, 23.73, 23.52, 22.10, 20.04, 0, 0, 4.52
2019/04/22 11:39:00, 23.75, 23.74, 23.53, 22.09, 20.05, 0, 0, 4.52
2019/04/22 11:40:00, 23.75, 23.71, 23.54, 22.04, 20.03, 0, 0, 4.52
2019/04/22 11:41:00, 23.75, 23.71, 23.54, 22.04, 20.05, 0, 0, 4.52
2019/04/22 11:42:00, 23.75, 23.70, 23.53, 22.05, 20.03, 0, 0, 4.52
2019/04/22 11:43:00, 23.75, 23.73, 23.51, 22.10, 20.02, 0, 0, 4.52
2019/04/22 11:44:00, 23.75, 23.71, 23.54, 22.15, 20.07, 0, 0, 4.52
2019/04/22 11:45:00, 23.75, 23.74, 23.54, 22.10, 20.06, 0, 0, 4.52
2019/04/22 11:46:00, 23.75, 23.71, 23.53, 22.07, 20.04, 0, 0, 4.52
2019/04/22 11:47:00, 23.75, 23.71, 23.54, 22.05, 20.06, 0, 0, 4.52
2019/04/22 11:48:00, 23.75, 23.71, 23.54, 22.02, 20.03, 0, 0, 4.52
2019/04/22 11:49:00, 23.75, 23.71, 23.54, 22.11, 20.04, 0, 0, 4.52
2019/04/22 11:50:00, 23.75, 23.74, 23.52, 22.02, 20.03, 0, 0, 4.52
2019/04/22 11:51:00, 23.75, 23.71, 23.54, 22.09, 20.01, 0, 0, 4.52
2019/04/22 11:52:00, 23.75, 23.74, 23.54, 21.99, 20.00, 0, 0, 4.52
2019/04/22 11:53:00, 23.75, 23.73, 23.54, 22.00, 20.02, 0, 0, 4.52
2019/04/22 11:54:00, 23.75, 23.76, 23.53, 22.02, 20.00, 0, 0, 4.52
2019/04/22 11:55:00, 23.75, 23.73, 23.54, 22.00, 20.00, 0, 0, 4.52
2019/04/22 11:56:00, 23.75, 23.73, 23.53, 22.00, 19.96, 0, 0, 4.52
2019/04/22 11:57:00, 23.75, 23.71, 23.53, 22.02, 20.00, 0, 0, 4.52
2019/04/22 11:58:00, 23.75, 23.74, 23.56, 22.02, 20.00, 0, 0, 4.52
2019/04/22 11:59:00, 23.75, 23.76, 23.54, 21.97, 19.99, 0, 0, 4.52
2019/04/22 12:00:00, 23.75, 23.74, 23.54, 21.97, 19.93, 0, 0, 4.52
2019/04/22 12:01:00, 23.75, 23.74, 23.56, 21.93, 19.91, 0, 0, 4.52
2019/04/22 12:02:00, 23.75, 23.74, 23.56, 21.88, 19.90, 0, 0, 4.52
2019/04/22 12:03:00, 23.75, 23.73, 23.53, 21.84, 19.87, 0, 0, 4.52
2019/04/22 12:04:00, 23.75, 23.73, 23.54, 21.81, 19.84, 0, 0, 4.52
2019/04/22 12:05:00, 23.75, 23.71, 23.57, 21.83, 19.80, 0, 0, 4.52
2019/04/22 12:06:00, 23.75, 23.71, 23.53, 21.73, 19.73, 0, 0, 4.52
2019/04/22 12:07:00, 23.75, 23.73, 23.53, 21.83, 19.77, 0, 0, 4.52
2019/04/22 12:08:00, 23.75, 23.73, 23.53, 21.76, 19.76, 0, 0, 4.52
2019/04/22 12:09:00, 23.75, 23.74, 23.53, 21.78, 19.76, 0, 0, 4.52
2019/04/22 12:10:00, 23.75, 23.71, 23.54, 21.73, 19.74, 0, 0, 4.52
2019/04/22 12:11:00, 23.75, 23.71, 23.54, 21.68, 19.71, 0, 0, 4.52
2019/04/22 12:12:00, 23.75, 23.73, 23.54, 21.67, 19.68, 0, 0, 4.52
2019/04/22 12:13:00, 23.75, 23.70, 23.54, 21.70, 19.64, 0, 0, 4.52
2019/04/22 12:14:00, 23.75, 23.70, 23.51, 21.57, 19.58, 0, 0, 4.52
2019/04/22 12:15:00, 23.75, 23.70, 23.51, 21.57, 19.56, 0, 0, 4.52
2019/04/22 12:16:00, 23.75, 23.70, 23.50, 21.59, 19.59, 0, 0, 4.52
2019/04/22 12:17:00, 23.75, 23.67, 23.49, 21.63, 19.59, 0, 0, 4.52
2019/04/22 12:18:00, 23.75, 23.70, 23.50, 21.60, 19.60, 0, 0, 4.52
2019/04/22 12:19:00, 23.75, 23.71, 23.49, 21.53, 19.58, 0, 0, 4.52
2019/04/22 12:20:00, 23.75, 23.67, 23.48, 21.58, 19.56, 0, 0, 4.52
2019/04/22 12:21:00, 23.75, 23.71, 23.49, 21.57, 19.57, 0, 0, 4.52
2019/04/22 12:22:00, 23.75, 23.68, 23.50, 21.57, 19.55, 0, 0, 4.52
2019/04/22 12:23:00, 23.75, 23.70, 23.49, 21.51, 19.50, 0, 0, 4.52
2019/04/22 12:24:00, 23.75, 23.70, 23.48, 21.50, 19.52, 0, 0, 4.52
2019/04/22 12:25:00, 23.75, 23.67, 23.48, 21.42, 19.46, 0, 0, 4.52
2019/04/22 12:26:00, 23.75, 23.67, 23.47, 21.50, 19.47, 0, 0, 4.52
2019/04/22 12:27:00, 23.75, 23.65, 23.47, 21.42, 19.45, 0, 0, 4.52
2019/04/22 12:28:00, 23.75, 23.65, 23.47, 21.46, 19.43, 0, 0, 4.52
2019/04/22 12:29:00, 23.75, 23.67, 23.46, 21.46, 19.43, 0, 0, 4.52
2019/04/22 12:30:00, 23.75, 23.67, 23.47, 21.39, 19.40, 0, 0, 4.52
2019/04/22 12:31:00, 23.75, 23.68, 23.48, 21.44, 19.40, 0, 0, 4.52
2019/04/22 12:32:00, 23.75, 23.68, 23.47, 21.37, 19.39, 0, 0, 4.52
2019/04/22 12:33:00, 23.75, 23.65, 23.48, 21.40, 19.37, 0, 0, 4.52
2019/04/22 12:34:00, 23.75, 23.65, 23.47, 21.29, 19.32, 0, 0, 4.52
2019/04/22 12:35:00, 23.75, 23.65, 23.48, 21.26, 19.30, 0, 0, 4.52
2019/04/22 12:36:00, 23.75, 23.63, 23.47, 21.27, 19.31, 0, 0, 4.52
2019/04/22 12:37:00, 23.75, 23.61, 23.45, 21.32, 19.33, 0, 0, 4.52
2019/04/22 12:38:00, 23.75, 23.64, 23.47, 21.30, 19.36, 0, 0, 4.52
2019/04/22 12:39:00, 23.75, 23.65, 23.47, 21.29, 19.33, 0, 0, 4.52
2019/04/22 12:40:00, 23.75, 23.65, 23.48, 21.30, 19.32, 0, 0, 4.52
2019/04/22 12:41:00, 23.75, 23.64, 23.48, 21.29, 19.30, 0, 0, 4.52
2019/04/22 12:42:00, 23.75, 23.64, 23.46, 21.22, 19.26, 0, 0, 4.52
2019/04/22 12:43:00, 23.75, 23.65, 23.45, 21.21, 19.28, 0, 0, 4.52
2019/04/22 12:44:00, 23.75, 23.61, 23.45, 21.32, 19.26, 0, 0, 4.52
2019/04/22 12:45:00, 23.75, 23.65, 23.45, 21.21, 19.26, 0, 0, 4.52
2019/04/22 12:46:00, 23.75, 23.65, 23.45, 21.24, 19.23, 0, 0, 4.52
2019/04/22 12:47:00, 23.75, 23.67, 23.47, 21.24, 19.25, 0, 0, 4.52
2019/04/22 12:48:00, 23.75, 23.65, 23.46, 21.22, 19.23, 0, 0, 4.52
2019/04/22 12:49:00, 23.75, 23.65, 23.45, 21.19, 19.22, 0, 0, 4.52
2019/04/22 12:50:00, 23.75, 23.65, 23.47, 21.17, 19.23, 0, 0, 4.52
2019/04/22 12:51:00, 23.75, 23.67, 23.47, 21.15, 19.19, 0, 0, 4.52
2019/04/22 12:52:00, 23.75, 23.67, 23.47, 21.21, 19.19, 0, 0, 4.52
2019/04/22 12:53:00, 23.75, 23.65, 23.47, 21.22, 19.20, 0, 0, 4.52
2019/04/22 12:54:00, 23.75, 23.67, 23.48, 21.22, 19.20, 0, 0, 4.52
2019/04/22 12:55:00, 23.75, 23.67, 23.48, 21.19, 19.19, 0, 0, 4.52
2019/04/22 12:56:00, 23.75, 23.70, 23.50, 21.18, 19.19, 0, 0, 4.52
2019/04/22 12:57:00, 23.75, 23.67, 23.49, 21.06, 19.13, 0, 0, 4.52
2019/04/22 12:58:00, 23.75, 23.64, 23.46, 21.13, 19.11, 0, 0, 4.52
2019/04/22 12:59:00, 23.75, 23.64, 23.49, 21.14, 19.17, 0, 0, 4.52
2019/04/22 13:00:00, 23.75, 23.67, 23.48, 21.14, 19.16, 0, 0, 4.52
2019/04/22 13:01:00, 23.75, 23.67, 23.49, 21.16, 19.18, 0, 0, 4.52
2019/04/22 13:02:00, 23.75, 23.68, 23.50, 21.15, 19.19, 0, 0, 4.52
2019/04/22 13:03:00, 23.75, 23.68, 23.50, 21.13, 19.18, 0, 0, 4.52
2019/04/22 13:04:00, 23.75, 23.70, 23.52, 21.16, 19.17, 0, 0, 4.52
2019/04/22 13:05:00, 23.75, 23.70, 23.51, 21.13, 19.13, 0, 0, 4.52
2019/04/22 13:06:00, 23.75, 23.70, 23.52, 21.14, 19.16, 0, 0, 4.52
2019/04/22 13:07:00, 23.75, 23.71, 23.51, 21.13, 19.16, 0, 0, 4.52
2019/04/22 13:08:00, 23.75, 23.68, 23.52, 21.14, 19.16, 0, 0, 4.52
2019/04/22 13:09:00, 23.75, 23.70, 23.52, 21.14, 19.16, 0, 0, 4.52
2019/04/22 13:10:00, 23.75, 23.73, 23.54, 21.15, 19.15, 0, 0, 4.52
2019/04/22 13:11:00, 23.75, 23.74, 23.52, 21.13, 19.12, 0, 0, 4.52
2019/04/22 13:12:00, 23.75, 23.73, 23.53, 21.03, 19.08, 0, 0, 4.52
2019/04/22 13:13:00, 23.75, 23.74, 23.52, 21.15, 19.11, 0, 0, 4.52
2019/04/22 13:14:00, 23.75, 23.74, 23.53, 21.08, 19.09, 0, 0, 4.52
2019/04/22 13:15:00, 23.75, 23.73, 23.54, 21.06, 19.10, 0, 0, 4.52
2019/04/22 13:16:00, 23.75, 23.73, 23.53, 21.11, 19.12, 0, 0, 4.52
2019/04/22 13:17:00, 23.75, 23.70, 23.54, 21.06, 19.11, 0, 0, 4.52
2019/04/22 13:18:00, 23.75, 23.74, 23.53, 21.10, 19.12, 0, 0, 4.52
2019/04/22 13:19:00, 23.75, 23.71, 23.54, 21.10, 19.10, 0, 0, 4.52
2019/04/22 13:20:00, 23.75, 23.71, 23.52, 21.10, 19.10, 0, 0, 4.52
2019/04/22 13:21:00, 23.75, 23.73, 23.54, 21.03, 19.09, 0, 0, 4.52
2019/04/22 13:22:00, 23.75, 23.73, 23.53, 21.08, 19.09, 0, 0, 4.52
2019/04/22 13:23:00, 23.75, 23.74, 23.54, 21.02, 19.07, 0, 0, 4.52
2019/04/22 13:24:00, 23.75, 23.73, 23.53, 21.06, 19.07, 0, 0, 4.52
2019/04/22 13:25:00, 23.75, 23.74, 23.54, 21.05, 19.08, 0, 0, 4.52
2019/04/22 13:26:00, 23.75, 23.74, 23.54, 21.08, 19.07, 0, 0, 4.52
2019/04/22 13:27:00, 23.75, 23.73, 23.53, 21.03, 19.06, 0, 0, 4.52
2019/04/22 13:28:00, 23.75, 23.71, 23.52, 21.03, 19.07, 0, 0, 4.52
2019/04/22 13:29:00, 23.75, 23.73, 23.54, 20.98, 19.07, 0, 0, 4.52
2019/04/22 13:30:00, 23.75, 23.76, 23.56, 21.06, 19.07, 0, 0, 4.52
2019/04/22 13:31:00, 23.75, 23.74, 23.53, 21.02, 19.07, 0, 0, 4.52
2019/04/22 13:32:00, 23.75, 23.74, 23.54, 21.02, 19.06, 0, 0, 4.52
2019/04/22 13:33:00, 23.75, 23.73, 23.56, 21.02, 19.07, 0, 0, 4.52
2019/04/22 13:34:00, 23.75, 23.74, 23.54, 21.02, 19.06, 0, 0, 4.52
2019/04/22 13:35:00, 23.75, 23.74, 23.57, 21.04, 19.03, 0, 0, 4.52
2019/04/22 13:36:00, 23.75, 23.74, 23.57, 21.00, 19.03, 0, 0, 4.52
2019/04/22 13:37:00, 23.75, 23.73, 23.59, 21.02, 19.03, 0, 0, 4.52
2019/04/22 13:38:00, 23.75, 23.77, 23.57, 21.04, 19.03, 0, 0, 4.52
2019/04/22 13:39:00, 23.75, 23.76, 23.56, 21.04, 19.04, 0, 0, 4.52
2019/04/22 13:40:00, 23.75, 23.76, 23.57, 21.03, 19.03, 0, 0, 4.52
2019/04/22 13:41:00, 23.75, 23.77, 23.59, 20.98, 19.02, 0, 0, 4.52
2019/04/22 13:42:00, 23.75, 23.76, 23.56, 21.08, 19.03, 0, 0, 4.52
2019/04/22 13:43:00, 23.75, 23.74, 23.57, 20.97, 19.04, 0, 0, 4.52
2019/04/22 13:44:00, 23.75, 23.76, 23.57, 21.00, 19.04, 0, 0, 4.52
2019/04/22 13:45:00, 23.75, 23.76, 23.57, 21.04, 19.03, 0, 0, 4.52
2019/04/22 13:46:00, 23.75, 23.76, 23.58, 21.02, 19.03, 0, 0, 4.52
2019/04/22 13:47:00, 23.75, 23.74, 23.58, 21.03, 19.04, 0, 0, 4.52
2019/04/22 13:48:00, 23.75, 23.77, 23.58, 21.02, 19.03, 0, 0, 4.52
2019/04/22 13:49:00, 23.75, 23.77, 23.57, 21.03, 19.06, 0, 0, 4.52
2019/04/22 13:50:00, 23.75, 23.76, 23.57, 21.02, 19.03, 0, 0, 4.52
2019/04/22 13:51:00, 23.75, 23.76, 23.57, 21.04, 19.03, 0, 0, 4.52
2019/04/22 13:52:00, 23.75, 23.76, 23.57, 21.00, 19.07, 0, 0, 4.52
2019/04/22 13:53:00, 23.75, 23.76, 23.57, 21.02, 19.06, 0, 0, 4.52
2019/04/22 13:54:00, 23.75, 23.76, 23.56, 21.00, 19.04, 0, 0, 4.52
2019/04/22 13:55:00, 23.75, 23.77, 23.57, 21.05, 19.04, 0, 0, 4.52
2019/04/22 13:56:00, 23.75, 23.76, 23.57, 21.02, 19.06, 0, 0, 4.52
2019/04/22 13:57:00, 23.75, 23.76, 23.57, 21.02, 19.07, 0, 0, 4.52
2019/04/22 13:58:00, 23.75, 23.76, 23.57, 21.02, 19.04, 0, 0, 4.52
2019/04/22 13:59:00, 23.75, 23.76, 23.57, 21.04, 19.03, 0, 0, 4.52
2019/04/22 14:00:00, 23.75, 23.77, 23.58, 21.05, 19.04, 0, 0, 4.52
2019/04/22 14:01:00, 23.75, 23.79, 23.57, 20.98, 19.03, 0, 0, 4.52
2019/04/22 14:02:00, 23.75, 23.76, 23.57, 21.00, 19.01, 0, 0, 4.52
2019/04/22 14:03:00, 23.75, 23.77, 23.57, 20.97, 19.03, 0, 0, 4.52
2019/04/22 14:04:00, 23.75, 23.76, 23.57, 21.05, 19.03, 0, 0, 4.52
2019/04/22 14:05:00, 23.75, 23.76, 23.58, 21.05, 19.07, 0, 0, 4.52
2019/04/22 14:06:00, 23.75, 23.76, 23.57, 21.05, 19.06, 0, 0, 4.52
2019/04/22 14:07:00, 23.75, 23.76, 23.56, 21.03, 19.07, 0, 0, 4.52
2019/04/22 14:08:00, 23.75, 23.76, 23.57, 21.07, 19.09, 0, 0, 4.52
2019/04/22 14:09:00, 23.75, 23.76, 23.58, 21.10, 19.10, 0, 0, 4.52
2019/04/22 14:10:00, 23.75, 23.74, 23.59, 21.08, 19.10, 0, 0, 4.52
2019/04/22 14:11:00, 23.75, 23.76, 23.57, 21.10, 19.12, 0, 0, 4.52
2019/04/22 14:12:00, 23.75, 23.76, 23.57, 21.08, 19.13, 0, 0, 4.52
2019/04/22 14:13:00, 23.75, 23.76, 23.57, 21.10, 19.14, 0, 0, 4.52
2019/04/22 14:14:00, 23.75, 23.77, 23.57, 21.15, 19.14, 0, 0, 4.52
2019/04/22 14:15:00, 23.75, 23.76, 23.58, 21.13, 19.15, 0, 0, 4.52
2019/04/22 14:16:00, 23.75, 23.77, 23.57, 21.15, 19.17, 0, 0, 4.52
2019/04/22 14:17:00, 23.75, 23.77, 23.56, 21.16, 19.16, 0, 0, 4.52
2019/04/22 14:18:00, 23.75, 23.76, 23.58, 21.20, 19.19, 0, 0, 4.52
2019/04/22 14:19:00, 23.75, 23.76, 23.58, 21.18, 19.19, 0, 0, 4.52
2019/04/22 14:20:00, 23.75, 23.76, 23.58, 21.21, 19.21, 0, 0, 4.52
2019/04/22 14:21:00, 23.75, 23.79, 23.58, 21.21, 19.21, 0, 0, 4.52
2019/04/22 14:22:00, 23.75, 23.77, 23.57, 21.23, 19.20, 0, 0, 4.52
2019/04/22 14:23:00, 23.75, 23.77, 23.57, 21.21, 19.25, 0, 0, 4.52
2019/04/22 14:24:00, 23.75, 23.77, 23.57, 21.23, 19.23, 0, 0, 4.52
2019/04/22 14:25:00, 23.75, 23.77, 23.57, 21.21, 19.26, 0, 0, 4.52
2019/04/22 14:26:00, 23.75, 23.76, 23.57, 21.24, 19.23, 0, 0, 4.52
2019/04/22 14:27:00, 23.75, 23.76, 23.58, 21.26, 19.25, 0, 0, 4.52
2019/04/22 14:28:00, 23.75, 23.76, 23.57, 21.26, 19.28, 0, 0, 4.52
2019/04/22 14:29:00, 23.75, 23.76, 23.59, 21.25, 19.26, 0, 0, 4.52
2019/04/22 14:30:00, 23.75, 23.77, 23.57, 21.23, 19.26, 0, 0, 4.52
2019/04/22 14:31:00, 23.75, 23.76, 23.57, 21.26, 19.26, 0, 0, 4.52
2019/04/22 14:32:00, 23.75, 23.79, 23.57, 21.25, 19.23, 0, 0, 4.52
2019/04/22 14:33:00, 23.75, 23.76, 23.57, 21.26, 19.24, 0, 0, 4.52
2019/04/22 14:34:00, 23.75, 23.76, 23.57, 21.26, 19.26, 0, 0, 4.52
2019/04/22 14:35:00, 23.75, 23.76, 23.57, 21.21, 19.23, 0, 0, 4.52
2019/04/22 14:36:00, 23.75, 23.76, 23.57, 21.16, 19.22, 0, 0, 4.52
2019/04/22 14:37:00, 23.75, 23.76, 23.57, 21.18, 19.20, 0, 0, 4.52
2019/04/22 14:38:00, 23.75, 23.74, 23.59, 21.20, 19.18, 0, 0, 4.52
2019/04/22 14:39:00, 23.75, 23.74, 23.57, 21.16, 19.20, 0, 0, 4.52
2019/04/22 14:40:00, 23.75, 23.73, 23.56, 21.18, 19.18, 0, 0, 4.52
2019/04/22 14:41:00, 23.75, 23.77, 23.56, 21.13, 19.13, 0, 0, 4.52
2019/04/22 14:42:00, 23.75, 23.76, 23.54, 21.13, 19.14, 0, 0, 4.52
2019/04/22 14:43:00, 23.75, 23.77, 23.57, 21.10, 19.14, 0, 0, 4.52
2019/04/22 14:44:00, 23.75, 23.74, 23.56, 21.08, 19.12, 0, 0, 4.52
2019/04/22 14:45:00, 23.75, 23.76, 23.58, 21.10, 19.11, 0, 0, 4.52
2019/04/22 14:46:00, 23.75, 23.76, 23.57, 21.07, 19.07, 0, 0, 4.52
2019/04/22 14:47:00, 23.75, 23.77, 23.57, 21.06, 19.07, 0, 0, 4.52
2019/04/22 14:48:00, 23.75, 23.73, 23.56, 20.98, 19.03, 0, 0, 4.52
2019/04/22 14:49:00, 23.75, 23.76, 23.57, 21.02, 19.03, 0, 0, 4.52
2019/04/22 14:50:00, 23.75, 23.74, 23.53, 20.97, 19.04, 0, 0, 4.52
2019/04/22 14:51:00, 23.75, 23.77, 23.57, 21.02, 19.03, 0, 0, 4.52
2019/04/22 14:52:00, 23.75, 23.74, 23.57, 21.07, 19.01, 0, 0, 4.52
2019/04/22 14:53:00, 23.75, 23.74, 23.54, 20.97, 18.99, 0, 0, 4.52
2019/04/22 14:54:00, 23.75, 23.76, 23.57, 20.93, 18.98, 0, 0, 4.52
2019/04/22 14:55:00, 23.75, 23.73, 23.56, 20.90, 18.97, 0, 0, 4.52
2019/04/22 14:56:00, 23.75, 23.76, 23.56, 20.90, 18.95, 0, 0, 4.52
2019/04/22 14:57:00, 23.75, 23.74, 23.54, 20.93, 18.94, 0, 0, 4.52
2019/04/22 14:58:00, 23.75, 23.74, 23.58, 20.97, 18.98, 0, 0, 4.52
2019/04/22 14:59:00, 23.75, 23.76, 23.56, 20.95, 18.97, 0, 0, 4.52
2019/04/22 15:00:00, 23.75, 23.74, 23.56, 20.87, 18.94, 0, 0, 4.52
2019/04/22 15:01:00, 23.75, 23.74, 23.54, 20.90, 18.92, 0, 0, 4.52
2019/04/22 15:02:00, 23.75, 23.76, 23.56, 20.89, 18.92, 0, 0, 4.52
2019/04/22 15:03:00, 23.75, 23.77, 23.58, 20.89, 18.92, 0, 0, 4.52
2019/04/22 15:04:00, 23.75, 23.74, 23.58, 20.87, 18.92, 0, 0, 4.52
2019/04/22 15:05:00, 23.75, 23.74, 23.54, 20.87, 18.92, 0, 0, 4.52
2019/04/22 15:06:00, 23.75, 23.76, 23.57, 20.89, 18.93, 0, 0, 4.52
2019/04/22 15:07:00, 23.75, 23.76, 23.56, 20.91, 18.94, 0, 0, 4.52
2019/04/22 15:08:00, 23.75, 23.77, 23.58, 20.87, 18.95, 0, 0, 4.52
2019/04/22 15:09:00, 23.75, 23.77, 23.58, 20.91, 18.94, 0, 0, 4.52
2019/04/22 15:10:00, 23.75, 23.76, 23.57, 20.90, 18.96, 0, 0, 4.52
2019/04/22 15:11:00, 23.75, 23.79, 23.57, 20.95, 18.94, 0, 0, 4.52
2019/04/22 15:12:00, 23.75, 23.77, 23.57, 20.99, 18.96, 0, 0, 4.52
2019/04/22 15:13:00, 23.75, 23.77, 23.58, 20.93, 18.97, 0, 0, 4.52
2019/04/22 15:14:00, 23.75, 23.76, 23.58, 20.94, 18.99, 0, 0, 4.52
2019/04/22 15:15:00, 23.75, 23.77, 23.60, 20.98, 18.97, 0, 0, 4.52
2019/04/22 15:16:00, 23.75, 23.76, 23.59, 20.95, 19.01, 0, 0, 4.52
2019/04/22 15:17:00, 23.75, 23.79, 23.57, 20.95, 19.03, 0, 0, 4.52
2019/04/22 15:18:00, 23.75, 23.79, 23.59, 20.98, 19.02, 0, 0, 4.52
2019/04/22 15:19:00, 23.75, 23.76, 23.60, 21.02, 19.02, 0, 0, 4.52
2019/04/22 15:20:00, 23.75, 23.79, 23.61, 21.02, 19.02, 0, 0, 4.52
2019/04/22 15:21:00, 23.75, 23.79, 23.60, 21.04, 19.03, 0, 0, 4.52
2019/04/22 15:22:00, 23.75, 23.79, 23.60, 21.00, 19.03, 0, 0, 4.52
2019/04/22 15:23:00, 23.75, 23.77, 23.60, 21.04, 19.06, 0, 0, 4.52
2019/04/22 15:24:00, 23.75, 23.80, 23.60, 21.02, 19.07, 0, 0, 4.52
2019/04/22 15:25:00, 23.75, 23.77, 23.59, 21.02, 19.07, 0, 0, 4.52
2019/04/22 15:26:00, 23.75, 23.77, 23.59, 21.10, 19.07, 0, 0, 4.52
2019/04/22 15:27:00, 23.75, 23.77, 23.59, 21.10, 19.10, 0, 0, 4.52
2019/04/22 15:28:00, 23.75, 23.79, 23.60, 21.08, 19.10, 0, 0, 4.52
2019/04/22 15:29:00, 23.75, 23.80, 23.60, 21.08, 19.10, 0, 0, 4.52
2019/04/22 15:30:00, 23.75, 23.77, 23.60, 21.13, 19.13, 0, 0, 4.52
2019/04/22 15:31:00, 23.75, 23.77, 23.60, 21.08, 19.14, 0, 0, 4.52
2019/04/22 15:32:00, 23.75, 23.79, 23.60, 21.10, 19.11, 0, 0, 4.52
2019/04/22 15:33:00, 23.75, 23.76, 23.59, 21.15, 19.12, 0, 0, 4.52
2019/04/22 15:34:00, 23.75, 23.76, 23.58, 21.13, 19.16, 0, 0, 4.52
2019/04/22 15:35:00, 23.75, 23.77, 23.57, 21.11, 19.15, 0, 0, 4.52
2019/04/22 15:36:00, 23.75, 23.76, 23.58, 21.13, 19.16, 0, 0, 4.52
2019/04/22 15:37:00, 23.75, 23.77, 23.58, 21.16, 19.16, 0, 0, 4.52
2019/04/22 15:38:00, 23.75, 23.79, 23.59, 21.15, 19.17, 0, 0, 4.52
2019/04/22 15:39:00, 23.75, 23.76, 23.60, 21.15, 19.17, 0, 0, 4.52
2019/04/22 15:40:00, 23.75, 23.77, 23.57, 21.16, 19.18, 0, 0, 4.52
2019/04/22 15:41:00, 23.75, 23.77, 23.57, 21.15, 19.17, 0, 0, 4.52
2019/04/22 15:42:00, 23.75, 23.77, 23.58, 21.16, 19.19, 0, 0, 4.52
2019/04/22 15:43:00, 23.75, 23.77, 23.60, 21.15, 19.19, 0, 0, 4.52
2019/04/22 15:44:00, 23.75, 23.77, 23.58, 21.16, 19.16, 0, 0, 4.52
2019/04/22 15:45:00, 23.75, 23.79, 23.58, 21.16, 19.17, 0, 0, 4.52
2019/04/22 15:46:00, 23.75, 23.76, 23.60, 21.18, 19.19, 0, 0, 4.52
2019/04/22 15:47:00, 23.75, 23.79, 23.60, 21.18, 19.19, 0, 0, 4.52
2019/04/22 15:48:00, 23.75, 23.76, 23.59, 21.18, 19.20, 0, 0, 4.52
2019/04/22 15:49:00, 23.75, 23.77, 23.60, 21.18, 19.19, 0, 0, 4.52
2019/04/22 15:50:00, 23.75, 23.77, 23.59, 21.15, 19.20, 0, 0, 4.52
2019/04/22 15:51:00, 23.75, 23.76, 23.59, 21.20, 19.21, 0, 0, 4.52
2019/04/22 15:52:00, 23.75, 23.77, 23.60, 21.23, 19.23, 0, 0, 4.52
2019/04/22 15:53:00, 23.75, 23.77, 23.58, 21.20, 19.23, 0, 0, 4.52
2019/04/22 15:54:00, 23.75, 23.77, 23.60, 21.18, 19.21, 0, 0, 4.52
2019/04/22 15:55:00, 23.75, 23.80, 23.58, 21.23, 19.23, 0, 0, 4.52
2019/04/22 15:56:00, 23.75, 23.79, 23.59, 21.23, 19.20, 0, 0, 4.52
2019/04/22 15:57:00, 23.75, 23.79, 23.58, 21.23, 19.21, 0, 0, 4.52
2019/04/22 15:58:00, 23.75, 23.77, 23.60, 21.21, 19.20, 0, 0, 4.52
2019/04/22 15:59:00, 23.75, 23.76, 23.61, 21.15, 19.19, 0, 0, 4.52
2019/04/22 16:00:00, 23.75, 23.79, 23.60, 21.18, 19.19, 0, 0, 4.52
2019/04/22 16:01:00, 23.75, 23.79, 23.59, 21.16, 19.20, 0, 0, 4.52
2019/04/22 16:02:00, 23.75, 23.77, 23.61, 21.20, 19.16, 0, 0, 4.52
2019/04/22 16:03:00, 23.75, 23.79, 23.58, 21.20, 19.20, 0, 0, 4.52
2019/04/22 16:04:00, 23.75, 23.77, 23.59, 21.15, 19.18, 0, 0, 4.52
2019/04/22 16:05:00, 23.75, 23.76, 23.59, 21.16, 19.18, 0, 0, 4.52
2019/04/22 16:06:00, 23.75, 23.77, 23.60, 21.13, 19.18, 0, 0, 4.52
2019/04/22 16:07:00, 23.75, 23.79, 23.59, 21.12, 19.17, 0, 0, 4.52
2019/04/22 16:08:00, 23.75, 23.80, 23.60, 21.18, 19.15, 0, 0, 4.52
2019/04/22 16:09:00, 23.75, 23.79, 23.60, 21.18, 19.16, 0, 0, 4.52
2019/04/22 16:10:00, 23.75, 23.79, 23.60, 21.12, 19.16, 0, 0, 4.52
2019/04/22 16:11:00, 23.75, 23.76, 23.60, 21.13, 19.18, 0, 0, 4.52
2019/04/22 16:12:00, 23.75, 23.79, 23.61, 21.15, 19.16, 0, 0, 4.52
2019/04/22 16:13:00, 23.75, 23.80, 23.60, 21.15, 19.16, 0, 0, 4.52
2019/04/22 16:14:00, 23.75, 23.80, 23.60, 21.12, 19.16, 0, 0, 4.52
2019/04/22 16:15:00, 23.75, 23.79, 23.59, 21.12, 19.16, 0, 0, 4.52
2019/04/22 16:16:00, 23.75, 23.80, 23.58, 21.15, 19.18, 0, 0, 4.52
2019/04/22 16:17:00, 23.75, 23.77, 23.59, 21.18, 19.18, 0, 0, 4.52
2019/04/22 16:18:00, 23.75, 23.79, 23.60, 21.15, 19.17, 0, 0, 4.52
2019/04/22 16:19:00, 23.75, 23.79, 23.58, 21.16, 19.16, 0, 0, 4.52
2019/04/22 16:20:00, 23.75, 23.77, 23.62, 21.15, 19.19, 0, 0, 4.52
2019/04/22 16:21:00, 23.75, 23.77, 23.60, 21.18, 19.19, 0, 0, 4.52
2019/04/22 16:22:00, 23.75, 23.77, 23.60, 21.16, 19.19, 0, 0, 4.52
2019/04/22 16:23:00, 23.75, 23.77, 23.60, 21.16, 19.20, 0, 0, 4.52
2019/04/22 16:24:00, 23.75, 23.79, 23.60, 21.15, 19.19, 0, 0, 4.52
2019/04/22 16:25:00, 23.75, 23.79, 23.61, 21.15, 19.20, 0, 0, 4.52
2019/04/22 16:26:00, 23.75, 23.79, 23.59, 21.21, 19.23, 0, 0, 4.52
2019/04/22 16:27:00, 23.75, 23.79, 23.60, 21.20, 19.22, 0, 0, 4.52
2019/04/22 16:28:00, 23.75, 23.77, 23.59, 21.23, 19.21, 0, 0, 4.52
2019/04/22 16:29:00, 23.75, 23.79, 23.59, 21.28, 19.24, 0, 0, 4.52
2019/04/22 16:30:00, 23.75, 23.77, 23.59, 21.24, 19.24, 0, 0, 4.52
2019/04/22 16:31:00, 23.75, 23.77, 23.58, 21.28, 19.26, 0, 0, 4.52
2019/04/22 16:32:00, 23.75, 23.77, 23.60, 21.31, 19.27, 0, 0, 4.52
2019/04/22 16:33:00, 23.75, 23.79, 23.59, 21.28, 19.29, 0, 0, 4.52
2019/04/22 16:34:00, 23.75, 23.77, 23.59, 21.36, 19.32, 0, 0, 4.52
2019/04/22 16:35:00, 23.75, 23.76, 23.58, 21.31, 19.33, 0, 0, 4.52
2019/04/22 16:36:00, 23.75, 23.77, 23.60, 21.31, 19.36, 0, 0, 4.52
2019/04/22 16:37:00, 23.75, 23.77, 23.59, 21.33, 19.36, 0, 0, 4.52
2019/04/22 16:38:00, 23.75, 23.77, 23.57, 21.41, 19.38, 0, 0, 4.52
2019/04/22 16:39:00, 23.75, 23.77, 23.58, 21.36, 19.39, 0, 0, 4.52
2019/04/22 16:40:00, 23.75, 23.79, 23.57, 21.44, 19.42, 0, 0, 4.52
2019/04/22 16:41:00, 23.75, 23.79, 23.58, 21.47, 19.44, 0, 0, 4.52
2019/04/22 16:42:00, 23.75, 23.77, 23.58, 21.52, 19.48, 0, 0, 4.52
2019/04/22 16:43:00, 23.75, 23.77, 23.58, 21.51, 19.47, 0, 0, 4.52
2019/04/22 16:44:00, 23.75, 23.76, 23.57, 21.51, 19.48, 0, 0, 4.52
2019/04/22 16:45:00, 23.75, 23.77, 23.59, 21.54, 19.52, 0, 0, 4.52
2019/04/22 16:46:00, 23.75, 23.79, 23.60, 21.54, 19.53, 0, 0, 4.52
2019/04/22 16:47:00, 23.75, 23.77, 23.57, 21.51, 19.54, 0, 0, 4.52
2019/04/22 16:48:00, 23.75, 23.77, 23.59, 21.50, 19.52, 0, 0, 4.52
2019/04/22 16:49:00, 23.75, 23.77, 23.58, 21.57, 19.54, 0, 0, 4.52
2019/04/22 16:50:00, 23.75, 23.77, 23.57, 21.60, 19.56, 0, 0, 4.52
2019/04/22 16:51:00, 23.75, 23.76, 23.57, 21.60, 19.56, 0, 0, 4.52
2019/04/22 16:52:00, 23.75, 23.76, 23.57, 21.60, 19.56, 0, 0, 4.52
2019/04/22 16:53:00, 23.75, 23.76, 23.57, 21.60, 19.56, 0, 0, 4.52
2019/04/22 16:54:00, 23.75, 23.74, 23.58, 21.58, 19.58, 0, 0, 4.52
2019/04/22 16:55:00, 23.75, 23.74, 23.57, 21.60, 19.58, 0, 0, 4.52
2019/04/22 16:56:00, 23.75, 23.74, 23.56, 21.62, 19.58, 0, 0, 4.52
2019/04/22 16:57:00, 23.75, 23.76, 23.56, 21.62, 19.58, 0, 0, 4.52
2019/04/22 16:58:00, 23.75, 23.74, 23.57, 21.62, 19.57, 0, 0, 4.52
2019/04/22 16:59:00, 23.75, 23.74, 23.56, 21.62, 19.58, 0, 0, 4.52
2019/04/22 17:00:00, 23.75, 23.74, 23.53, 21.63, 19.58, 0, 0, 4.52
2019/04/22 17:01:00, 23.75, 23.76, 23.56, 21.57, 19.59, 0, 0, 4.52
2019/04/22 17:02:00, 23.75, 23.73, 23.53, 21.58, 19.58, 0, 0, 4.52
2019/04/22 17:03:00, 23.75, 23.70, 23.54, 21.58, 19.59, 0, 0, 4.52
2019/04/22 17:04:00, 23.75, 23.73, 23.53, 21.57, 19.58, 0, 0, 4.52
2019/04/22 17:05:00, 23.75, 23.73, 23.54, 21.60, 19.59, 0, 0, 4.52
2019/04/22 17:06:00, 23.75, 23.74, 23.54, 21.58, 19.58, 0, 0, 4.52
2019/04/22 17:07:00, 23.75, 23.73, 23.53, 21.62, 19.58, 0, 0, 4.52
2019/04/22 17:08:00, 23.75, 23.73, 23.54, 21.58, 19.57, 0, 0, 4.52
2019/04/22 17:09:00, 23.75, 23.73, 23.53, 21.60, 19.58, 0, 0, 4.52
2019/04/22 17:10:00, 23.75, 23.71, 23.56, 21.63, 19.57, 0, 0, 4.52
2019/04/22 17:11:00, 23.75, 23.70, 23.52, 21.63, 19.58, 0, 0, 4.52
2019/04/22 17:12:00, 23.75, 23.73, 23.51, 21.63, 19.57, 0, 0, 4.52
2019/04/22 17:13:00, 23.75, 23.70, 23.51, 21.58, 19.57, 0, 0, 4.52
2019/04/22 17:14:00, 23.75, 23.70, 23.52, 21.53, 19.58, 0, 0, 4.52
2019/04/22 17:15:00, 23.75, 23.68, 23.51, 21.55, 19.57, 0, 0, 4.52
2019/04/22 17:16:00, 23.75, 23.70, 23.53, 21.55, 19.55, 0, 0, 4.52
2019/04/22 17:17:00, 23.75, 23.70, 23.51, 21.53, 19.55, 0, 0, 4.52
2019/04/22 17:18:00, 23.75, 23.71, 23.51, 21.53, 19.52, 0, 0, 4.52
2019/04/22 17:19:00, 23.75, 23.70, 23.53, 21.55, 19.52, 0, 0, 4.52
2019/04/22 17:20:00, 23.75, 23.70, 23.52, 21.53, 19.52, 0, 0, 4.52
2019/04/22 17:21:00, 23.75, 23.68, 23.51, 21.50, 19.52, 0, 0, 4.52
2019/04/22 17:22:00, 23.75, 23.68, 23.53, 21.53, 19.49, 0, 0, 4.52
2019/04/22 17:23:00, 23.75, 23.68, 23.50, 21.44, 19.48, 0, 0, 4.52
2019/04/22 17:24:00, 23.75, 23.68, 23.49, 21.47, 19.48, 0, 0, 4.52
2019/04/22 17:25:00, 23.75, 23.67, 23.48, 21.47, 19.48, 0, 0, 4.52
2019/04/22 17:26:00, 23.75, 23.67, 23.49, 21.48, 19.47, 0, 0, 4.52
2019/04/22 17:27:00, 23.75, 23.67, 23.50, 21.48, 19.48, 0, 0, 4.52
2019/04/22 17:28:00, 23.75, 23.68, 23.49, 21.48, 19.47, 0, 0, 4.52
2019/04/22 17:29:00, 23.75, 23.65, 23.49, 21.43, 19.48, 0, 0, 4.52
2019/04/22 17:30:00, 23.75, 23.65, 23.50, 21.43, 19.47, 0, 0, 4.52
2019/04/22 17:31:00, 23.75, 23.67, 23.49, 21.48, 19.45, 0, 0, 4.52
2019/04/22 17:32:00, 23.75, 23.65, 23.50, 21.48, 19.47, 0, 0, 4.52
2019/04/22 17:33:00, 23.75, 23.68, 23.48, 21.48, 19.45, 0, 0, 4.52
2019/04/22 17:34:00, 23.75, 23.67, 23.48, 21.46, 19.46, 0, 0, 4.52
2019/04/22 17:35:00, 23.75, 23.70, 23.49, 21.42, 19.46, 0, 0, 4.52
2019/04/22 17:36:00, 23.75, 23.67, 23.48, 21.46, 19.46, 0, 0, 4.52
2019/04/22 17:37:00, 23.75, 23.68, 23.47, 21.48, 19.46, 0, 0, 4.52
2019/04/22 17:38:00, 23.75, 23.68, 23.50, 21.53, 19.48, 0, 0, 4.52
2019/04/22 17:39:00, 23.75, 23.67, 23.48, 21.47, 19.48, 0, 0, 4.52
2019/04/22 17:40:00, 23.75, 23.68, 23.48, 21.48, 19.48, 0, 0, 4.52
2019/04/22 17:41:00, 23.75, 23.64, 23.48, 21.50, 19.48, 0, 0, 4.52
2019/04/22 17:42:00, 23.75, 23.68, 23.47, 21.48, 19.48, 0, 0, 4.52
2019/04/22 17:43:00, 23.75, 23.67, 23.48, 21.51, 19.48, 0, 0, 4.52
2019/04/22 17:44:00, 23.75, 23.68, 23.47, 21.50, 19.49, 0, 0, 4.52
2019/04/22 17:45:00, 23.75, 23.67, 23.48, 21.45, 19.48, 0, 0, 4.52
2019/04/22 17:46:00, 23.75, 23.67, 23.47, 21.51, 19.49, 0, 0, 4.52
2019/04/22 17:47:00, 23.75, 23.67, 23.47, 21.48, 19.49, 0, 0, 4.52
2019/04/22 17:48:00, 23.75, 23.65, 23.48, 21.50, 19.48, 0, 0, 4.52
2019/04/22 17:49:00, 23.75, 23.68, 23.47, 21.53, 19.51, 0, 0, 4.52
2019/04/22 17:50:00, 23.75, 23.67, 23.47, 21.51, 19.52, 0, 0, 4.52
2019/04/22 17:51:00, 23.75, 23.65, 23.48, 21.51, 19.51, 0, 0, 4.52
2019/04/22 17:52:00, 23.75, 23.65, 23.49, 21.55, 19.51, 0, 0, 4.52
2019/04/22 17:53:00, 23.75, 23.68, 23.48, 21.55, 19.52, 0, 0, 4.52
2019/04/22 17:54:00, 23.75, 23.67, 23.48, 21.50, 19.53, 0, 0, 4.52
2019/04/22 17:55:00, 23.75, 23.67, 23.47, 21.53, 19.52, 0, 0, 4.52
2019/04/22 17:56:00, 23.75, 23.68, 23.48, 21.48, 19.51, 0, 0, 4.52
2019/04/22 17:57:00, 23.75, 23.67, 23.47, 21.58, 19.53, 0, 0, 4.52
2019/04/22 17:58:00, 23.75, 23.67, 23.47, 21.53, 19.52, 0, 0, 4.52
2019/04/22 17:59:00, 23.75, 23.67, 23.46, 21.50, 19.51, 0, 0, 4.52
2019/04/22 18:00:00, 23.75, 23.65, 23.47, 21.53, 19.54, 0, 0, 4.52
2019/04/22 18:01:00, 23.75, 23.65, 23.47, 21.53, 19.52, 0, 0, 4.52
2019/04/22 18:02:00, 23.75, 23.64, 23.48, 21.56, 19.52, 0, 0, 4.52
2019/04/22 18:03:00, 23.75, 23.64, 23.48, 21.55, 19.52, 0, 0, 4.52
2019/04/22 18:04:00, 23.75, 23.64, 23.47, 21.58, 19.55, 0, 0, 4.52
2019/04/22 18:05:00, 23.75, 23.61, 23.47, 21.59, 19.54, 0, 0, 4.52
2019/04/22 18:06:00, 23.75, 23.65, 23.47, 21.55, 19.55, 0, 0, 4.52
2019/04/22 18:07:00, 23.75, 23.65, 23.47, 21.61, 19.54, 0, 0, 4.52
2019/04/22 18:08:00, 23.75, 23.65, 23.44, 21.58, 19.55, 0, 0, 4.52
2019/04/22 18:09:00, 23.75, 23.61, 23.46, 21.51, 19.56, 0, 0, 4.52
2019/04/22 18:10:00, 23.75, 23.63, 23.47, 21.59, 19.55, 0, 0, 4.52
2019/04/22 18:11:00, 23.75, 23.65, 23.48, 21.56, 19.56, 0, 0, 4.52
2019/04/22 18:12:00, 23.75, 23.65, 23.46, 21.63, 19.57, 0, 0, 4.52
2019/04/22 18:13:00, 23.75, 23.65, 23.47, 21.64, 19.55, 0, 0, 4.52
2019/04/22 18:14:00, 23.75, 23.65, 23.48, 21.57, 19.58, 0, 0, 4.52
2019/04/22 18:15:00, 23.75, 23.68, 23.48, 21.58, 19.58, 0, 0, 4.52
2019/04/22 18:16:00, 23.75, 23.68, 23.47, 21.61, 19.56, 0, 0, 4.52
2019/04/22 18:17:00, 23.75, 23.68, 23.48, 21.56, 19.57, 0, 0, 4.52
2019/04/22 18:18:00, 23.75, 23.65, 23.48, 21.61, 19.58, 0, 0, 4.52
2019/04/22 18:19:00, 23.75, 23.67, 23.50, 21.61, 19.58, 0, 0, 4.52
2019/04/22 18:20:00, 23.75, 23.67, 23.48, 21.66, 19.61, 0, 0, 4.52
2019/04/22 18:21:00, 23.75, 23.64, 23.47, 21.61, 19.59, 0, 0, 4.52
2019/04/22 18:22:00, 23.75, 23.68, 23.49, 21.63, 19.62, 0, 0, 4.52
2019/04/22 18:23:00, 23.75, 23.70, 23.49, 21.66, 19.62, 0, 0, 4.52
2019/04/22 18:24:00, 23.75, 23.65, 23.49, 21.61, 19.61, 0, 0, 4.52
2019/04/22 18:25:00, 23.75, 23.67, 23.49, 21.68, 19.62, 0, 0, 4.52
2019/04/22 18:26:00, 23.75, 23.68, 23.49, 21.61, 19.60, 0, 0, 4.52
2019/04/22 18:27:00, 23.75, 23.68, 23.50, 21.66, 19.61, 0, 0, 4.52
2019/04/22 18:28:00, 23.75, 23.65, 23.50, 21.59, 19.64, 0, 0, 4.52
2019/04/22 18:29:00, 23.75, 23.67, 23.49, 21.68, 19.64, 0, 0, 4.52
2019/04/22 18:30:00, 23.75, 23.67, 23.48, 21.61, 19.66, 0, 0, 4.52
2019/04/22 18:31:00, 23.75, 23.68, 23.49, 21.69, 19.65, 0, 0, 4.52
2019/04/22 18:32:00, 23.75, 23.67, 23.50, 21.66, 19.66, 0, 0, 4.52
2019/04/22 18:33:00, 23.75, 23.70, 23.49, 21.68, 19.65, 0, 0, 4.52
2019/04/22 18:34:00, 23.75, 23.68, 23.50, 21.66, 19.65, 0, 0, 4.52
2019/04/22 18:35:00, 23.75, 23.65, 23.49, 21.66, 19.69, 0, 0, 4.52
2019/04/22 18:36:00, 23.75, 23.68, 23.47, 21.73, 19.68, 0, 0, 4.52
2019/04/22 18:37:00, 23.75, 23.70, 23.50, 21.74, 19.68, 0, 0, 4.52
2019/04/22 18:38:00, 23.75, 23.68, 23.49, 21.68, 19.69, 0, 0, 4.52
2019/04/22 18:39:00, 23.75, 23.70, 23.49, 21.76, 19.71, 0, 0, 4.52
2019/04/22 18:40:00, 23.75, 23.70, 23.51, 21.74, 19.71, 0, 0, 4.52
2019/04/22 18:41:00, 23.75, 23.68, 23.49, 21.73, 19.70, 0, 0, 4.52
2019/04/22 18:42:00, 23.75, 23.68, 23.50, 21.74, 19.74, 0, 0, 4.52
2019/04/22 18:43:00, 23.75, 23.68, 23.49, 21.74, 19.73, 0, 0, 4.52
2019/04/22 18:44:00, 23.75, 23.67, 23.50, 21.78, 19.74, 0, 0, 4.52
2019/04/22 18:45:00, 23.75, 23.70, 23.50, 21.73, 19.74, 0, 0, 4.52
2019/04/22 18:46:00, 23.75, 23.68, 23.51, 21.74, 19.77, 0, 0, 4.52
2019/04/22 18:47:00, 23.75, 23.68, 23.50, 21.76, 19.77, 0, 0, 4.52
2019/04/22 18:48:00, 23.75, 23.70, 23.51, 21.84, 19.77, 0, 0, 4.52
2019/04/22 18:49:00, 23.75, 23.70, 23.50, 21.82, 19.78, 0, 0, 4.52
2019/04/22 18:50:00, 23.75, 23.68, 23.53, 21.87, 19.80, 0, 0, 4.52
2019/04/22 18:51:00, 23.75, 23.68, 23.51, 21.82, 19.81, 0, 0, 4.52
2019/04/22 18:52:00, 23.75, 23.68, 23.53, 21.81, 19.83, 0, 0, 4.52
2019/04/22 18:53:00, 23.75, 23.68, 23.52, 21.87, 19.84, 0, 0, 4.52
2019/04/22 18:54:00, 23.75, 23.70, 23.51, 21.87, 19.84, 0, 0, 4.52
2019/04/22 18:55:00, 23.75, 23.71, 23.51, 21.92, 19.87, 0, 0, 4.52
2019/04/22 18:56:00, 23.75, 23.71, 23.50, 21.87, 19.88, 0, 0, 4.52
2019/04/22 18:57:00, 23.75, 23.70, 23.49, 21.95, 19.90, 0, 0, 4.52
2019/04/22 18:58:00, 23.75, 23.71, 23.53, 21.99, 19.92, 0, 0, 4.52
2019/04/22 18:59:00, 23.75, 23.71, 23.54, 21.94, 19.93, 0, 0, 4.52
2019/04/22 19:00:00, 23.75, 23.71, 23.52, 21.99, 19.95, 0, 0, 4.52
2019/04/22 19:01:00, 23.75, 23.70, 23.51, 21.96, 19.96, 0, 0, 4.52
2019/04/22 19:02:00, 23.75, 23.71, 23.52, 22.00, 19.99, 0, 0, 4.52
2019/04/22 19:03:00, 23.75, 23.70, 23.53, 22.04, 19.99, 0, 0, 4.52
2019/04/22 19:04:00, 23.75, 23.71, 23.52, 22.07, 20.00, 0, 0, 4.52
2019/04/22 19:05:00, 23.75, 23.73, 23.52, 22.04, 20.04, 0, 0, 4.52
2019/04/22 19:06:00, 23.75, 23.70, 23.54, 22.05, 20.04, 0, 0, 4.52
2019/04/22 19:07:00, 23.75, 23.73, 23.53, 22.09, 20.06, 0, 0, 4.52
2019/04/22 19:08:00, 23.75, 23.73, 23.52, 22.12, 20.07, 0, 0, 4.52
2019/04/22 19:09:00, 23.75, 23.73, 23.54, 22.08, 20.09, 0, 0, 4.52
2019/04/22 19:10:00, 23.75, 23.71, 23.51, 22.16, 20.10, 0, 0, 4.52
2019/04/22 19:11:00, 23.75, 23.73, 23.52, 22.23, 20.13, 0, 0, 4.52
2019/04/22 19:12:00, 23.75, 23.70, 23.54, 22.17, 20.14, 0, 0, 4.52
2019/04/22 19:13:00, 23.75, 23.73, 23.52, 22.23, 20.16, 0, 0, 4.52
2019/04/22 19:14:00, 23.75, 23.71, 23.53, 22.23, 20.19, 0, 0, 4.52
2019/04/22 19:15:00, 23.75, 23.71, 23.51, 22.27, 20.19, 0, 0, 4.52
2019/04/22 19:16:00, 23.75, 23.70, 23.51, 22.23, 20.21, 0, 0, 4.52
2019/04/22 19:17:00, 23.75, 23.71, 23.53, 22.28, 20.23, 0, 0, 4.52
2019/04/22 19:18:00, 23.75, 23.70, 23.53, 22.31, 20.24, 0, 0, 4.52
2019/04/22 19:19:00, 23.75, 23.74, 23.51, 22.31, 20.27, 0, 0, 4.52
2019/04/22 19:20:00, 23.75, 23.71, 23.54, 22.29, 20.27, 0, 0, 4.52
2019/04/22 19:21:00, 23.75, 23.70, 23.57, 22.33, 20.28, 0, 0, 4.52
2019/04/22 19:22:00, 23.75, 23.73, 23.54, 22.39, 20.29, 0, 0, 4.52
2019/04/22 19:23:00, 23.75, 23.73, 23.52, 22.36, 20.30, 0, 0, 4.52
2019/04/22 19:24:00, 23.75, 23.68, 23.53, 22.36, 20.32, 0, 0, 4.52
2019/04/22 19:25:00, 23.75, 23.70, 23.52, 22.36, 20.35, 0, 0, 4.52
2019/04/22 19:26:00, 23.75, 23.70, 23.51, 22.41, 20.35, 0, 0, 4.52
2019/04/22 19:27:00, 23.75, 23.71, 23.53, 22.45, 20.36, 0, 0, 4.52
2019/04/22 19:28:00, 23.75, 23.71, 23.53, 22.42, 20.37, 0, 0, 4.52
2019/04/22 19:29:00, 23.75, 23.71, 23.53, 22.41, 20.40, 0, 0, 4.52
2019/04/22 19:30:00, 23.75, 23.70, 23.51, 22.41, 20.39, 0, 0, 4.52
2019/04/22 19:31:00, 23.75, 23.70, 23.52, 22.43, 20.40, 0, 0, 4.52
2019/04/22 19:32:00, 23.75, 23.70, 23.50, 22.47, 20.42, 0, 0, 4.52
2019/04/22 19:33:00, 23.75, 23.71, 23.50, 22.47, 20.42, 0, 0, 4.52
2019/04/22 19:34:00, 23.75, 23.68, 23.50, 22.49, 20.44, 0, 0, 4.52
2019/04/22 19:35:00, 23.75, 23.70, 23.50, 22.49, 20.44, 0, 0, 4.52
2019/04/22 19:36:00, 23.75, 23.70, 23.51, 22.52, 20.45, 0, 0, 4.52
2019/04/22 19:37:00, 23.75, 23.68, 23.50, 22.49, 20.47, 0, 0, 4.52
2019/04/22 19:38:00, 23.75, 23.70, 23.51, 22.52, 20.47, 0, 0, 4.52
2019/04/22 19:39:00, 23.75, 23.68, 23.50, 22.52, 20.47, 0, 0, 4.52
2019/04/22 19:40:00, 23.75, 23.68, 23.50, 22.60, 20.48, 0, 0, 4.52
2019/04/22 19:41:00, 23.75, 23.70, 23.50, 22.60, 20.51, 0, 0, 4.52
2019/04/22 19:42:00, 23.75, 23.68, 23.50, 22.54, 20.51, 0, 0, 4.52
2019/04/22 19:43:00, 23.75, 23.68, 23.49, 22.51, 20.51, 0, 0, 4.52
2019/04/22 19:44:00, 23.75, 23.68, 23.53, 22.59, 20.51, 0, 0, 4.52
2019/04/22 19:45:00, 23.75, 23.70, 23.48, 22.62, 20.53, 0, 0, 4.52
2019/04/22 19:46:00, 23.75, 23.68, 23.49, 22.63, 20.56, 0, 0, 4.52
2019/04/22 19:47:00, 23.75, 23.68, 23.50, 22.62, 20.53, 0, 0, 4.52
2019/04/22 19:48:00, 23.75, 23.67, 23.50, 22.63, 20.53, 0, 0, 4.52
2019/04/22 19:49:00, 23.75, 23.67, 23.48, 22.62, 20.55, 0, 0, 4.52
2019/04/22 19:50:00, 23.75, 23.67, 23.49, 22.60, 20.55, 0, 0, 4.52
2019/04/22 19:51:00, 23.75, 23.68, 23.49, 22.65, 20.58, 0, 0, 4.52
2019/04/22 19:52:00, 23.75, 23.64, 23.50, 22.70, 20.58, 0, 0, 4.52
2019/04/22 19:53:00, 23.75, 23.65, 23.50, 22.67, 20.58, 0, 0, 4.52
2019/04/22 19:54:00, 23.75, 23.67, 23.47, 22.68, 20.59, 0, 0, 4.52
2019/04/22 19:55:00, 23.75, 23.70, 23.48, 22.68, 20.63, 0, 0, 4.52
2019/04/22 19:56:00, 23.75, 23.67, 23.48, 22.71, 20.62, 0, 0, 4.52
2019/04/22 19:57:00, 23.75, 23.67, 23.50, 22.72, 20.62, 0, 0, 4.52
2019/04/22 19:58:00, 23.75, 23.68, 23.47, 22.70, 20.62, 0, 0, 4.52
2019/04/22 19:59:00, 23.75, 23.67, 23.47, 22.70, 20.64, 0, 0, 4.52
2019/04/22 20:00:00, 23.75, 23.64, 23.47, 22.72, 20.66, 0, 0, 4.52
2019/04/22 20:01:00, 23.75, 23.67, 23.48, 22.76, 20.65, 0, 0, 4.52
2019/04/22 20:02:00, 23.75, 23.67, 23.48, 22.73, 20.66, 0, 0, 4.52
2019/04/22 20:03:00, 23.75, 23.67, 23.46, 22.75, 20.67, 0, 0, 4.52
2019/04/22 20:04:00, 23.75, 23.65, 23.47, 22.73, 20.67, 0, 0, 4.52
2019/04/22 20:05:00, 23.75, 23.65, 23.48, 22.71, 20.68, 0, 0, 4.52
2019/04/22 20:06:00, 23.75, 23.65, 23.46, 22.80, 20.68, 0, 0, 4.52
2019/04/22 20:07:00, 23.75, 23.65, 23.47, 22.71, 20.68, 0, 0, 4.52
2019/04/22 20:08:00, 23.75, 23.65, 23.49, 22.76, 20.70, 0, 0, 4.52
2019/04/22 20:09:00, 23.75, 23.64, 23.46, 22.76, 20.70, 0, 0, 4.52
2019/04/22 20:10:00, 23.75, 23.64, 23.46, 22.73, 20.70, 0, 0, 4.52
2019/04/22 20:11:00, 23.75, 23.65, 23.46, 22.75, 20.69, 0, 0, 4.52
2019/04/22 20:12:00, 23.75, 23.64, 23.47, 22.76, 20.71, 0, 0, 4.52
2019/04/22 20:13:00, 23.75, 23.65, 23.46, 22.79, 20.69, 0, 0, 4.52
2019/04/22 20:14:00, 23.75, 23.64, 23.46, 22.82, 20.71, 0, 0, 4.52
2019/04/22 20:15:00, 23.75, 23.63, 23.49, 22.78, 20.73, 0, 0, 4.52
2019/04/22 20:16:00, 23.75, 23.64, 23.47, 22.80, 20.72, 0, 0, 4.52
2019/04/22 20:17:00, 23.75, 23.63, 23.46, 22.84, 20.74, 0, 0, 4.52
2019/04/22 20:18:00, 23.75, 23.64, 23.46, 22.81, 20.74, 0, 0, 4.52
2019/04/22 20:19:00, 23.75, 23.64, 23.46, 22.76, 20.73, 0, 0, 4.52
2019/04/22 20:20:00, 23.75, 23.64, 23.45, 22.81, 20.74, 0, 0, 4.52
2019/04/22 20:21:00, 23.75, 23.63, 23.46, 22.79, 20.74, 0, 0, 4.52
2019/04/22 20:22:00, 23.75, 23.63, 23.45, 22.81, 20.77, 0, 0, 4.52
2019/04/22 20:23:00, 23.75, 23.64, 23.47, 22.78, 20.74, 0, 0, 4.52
2019/04/22 20:24:00, 23.75, 23.65, 23.45, 22.86, 20.77, 0, 0, 4.52
2019/04/22 20:25:00, 23.75, 23.64, 23.45, 22.83, 20.76, 0, 0, 4.52
2019/04/22 20:26:00, 23.75, 23.63, 23.46, 22.81, 20.77, 0, 0, 4.52
2019/04/22 20:27:00, 23.75, 23.64, 23.46, 22.81, 20.77, 0, 0, 4.52
2019/04/22 20:28:00, 23.75, 23.63, 23.45, 22.81, 20.77, 0, 0, 4.52
2019/04/22 20:29:00, 23.75, 23.61, 23.45, 22.89, 20.79, 0, 0, 4.52
2019/04/22 20:30:00, 23.75, 23.64, 23.44, 22.91, 20.80, 0, 0, 4.52
2019/04/22 20:31:00, 23.75, 23.63, 23.45, 22.83, 20.80, 0, 0, 4.52
2019/04/22 20:32:00, 23.75, 23.63, 23.45, 22.84, 20.79, 0, 0, 4.52
2019/04/22 20:33:00, 23.75, 23.64, 23.46, 22.89, 20.80, 0, 0, 4.52
2019/04/22 20:34:00, 23.75, 23.64, 23.46, 22.89, 20.81, 0, 0, 4.52
2019/04/22 20:35:00, 23.75, 23.61, 23.44, 22.87, 20.80, 0, 0, 4.52
2019/04/22 20:36:00, 23.75, 23.63, 23.44, 22.92, 20.81, 0, 0, 4.52
2019/04/22 20:37:00, 23.75, 23.63, 23.43, 22.82, 20.82, 0, 0, 4.52
2019/04/22 20:38:00, 23.75, 23.60, 23.43, 22.86, 20.81, 0, 0, 4.52
2019/04/22 20:39:00, 23.75, 23.63, 23.43, 22.89, 20.81, 0, 0, 4.52
2019/04/22 20:40:00, 23.50, 23.61, 23.43, 22.86, 20.84, 0, 0, 4.52
2019/04/22 20:41:00, 23.50, 23.61, 23.44, 22.82, 20.84, 0, 0, 4.52
2019/04/22 20:42:00, 23.75, 23.59, 23.42, 22.84, 20.84, 0, 0, 4.52
2019/04/22 20:43:00, 23.75, 23.60, 23.43, 22.89, 20.85, 0, 0, 4.52
2019/04/22 20:44:00, 23.75, 23.61, 23.45, 22.94, 20.85, 0, 0, 4.52
2019/04/22 20:45:00, 23.50, 23.61, 23.41, 22.92, 20.84, 0, 0, 4.52
2019/04/22 20:46:00, 23.50, 23.61, 23.42, 22.97, 20.86, 0, 0, 4.52
2019/04/22 20:47:00, 23.50, 23.60, 23.43, 22.95, 20.86, 0, 0, 4.52
2019/04/22 20:48:00, 23.50, 23.60, 23.42, 22.95, 20.87, 0, 0, 4.52
2019/04/22 20:49:00, 23.50, 23.60, 23.43, 22.95, 20.87, 0, 0, 4.52
2019/04/22 20:50:00, 23.50, 23.59, 23.41, 22.95, 20.90, 0, 0, 4.52
2019/04/22 20:51:00, 23.75, 23.59, 23.43, 22.98, 20.88, 0, 0, 4.52
2019/04/22 20:52:00, 23.50, 23.60, 23.42, 22.94, 20.90, 0, 0, 4.52
2019/04/22 20:53:00, 23.50, 23.60, 23.43, 22.97, 20.90, 0, 0, 4.52
2019/04/22 20:54:00, 23.50, 23.60, 23.42, 22.95, 20.91, 0, 0, 4.52
2019/04/22 20:55:00, 23.50, 23.60, 23.41, 22.95, 20.90, 0, 0, 4.52
2019/04/22 20:56:00, 23.50, 23.60, 23.41, 23.00, 20.91, 0, 0, 4.52
2019/04/22 20:57:00, 23.50, 23.57, 23.41, 22.98, 20.92, 0, 0, 4.52
2019/04/22 20:58:00, 23.50, 23.60, 23.41, 23.05, 20.93, 0, 0, 4.52
2019/04/22 20:59:00, 23.50, 23.60, 23.41, 23.00, 20.93, 0, 0, 4.52
2019/04/22 21:00:00, 23.50, 23.60, 23.41, 23.03, 20.95, 0, 0, 4.52
2019/04/22 21:01:00, 23.50, 23.60, 23.39, 23.02, 20.96, 0, 0, 4.52
2019/04/22 21:02:00, 23.50, 23.61, 23.41, 23.05, 20.96, 0, 0, 4.52
2019/04/22 21:03:00, 23.50, 23.59, 23.41, 23.08, 20.97, 0, 0, 4.52
2019/04/22 21:04:00, 23.50, 23.59, 23.41, 23.03, 20.97, 0, 0, 4.52
2019/04/22 21:05:00, 23.50, 23.57, 23.39, 23.08, 20.98, 0, 0, 4.52
2019/04/22 21:06:00, 23.50, 23.59, 23.41, 23.10, 21.00, 0, 0, 4.52
2019/04/22 21:07:00, 23.50, 23.59, 23.39, 23.08, 21.00, 0, 0, 4.52
2019/04/22 21:08:00, 23.50, 23.59, 23.39, 23.08, 21.00, 0, 0, 4.52
2019/04/22 21:09:00, 23.50, 23.56, 23.39, 23.10, 21.01, 0, 0, 4.52
2019/04/22 21:10:00, 23.50, 23.56, 23.42, 23.10, 21.01, 0, 0, 4.52
2019/04/22 21:11:00, 23.50, 23.57, 23.38, 23.11, 21.03, 0, 0, 4.52
2019/04/22 21:12:00, 23.50, 23.57, 23.38, 23.10, 21.03, 0, 0, 4.52
2019/04/22 21:13:00, 23.50, 23.59, 23.41, 23.10, 21.03, 0, 0, 4.52
2019/04/22 21:14:00, 23.50, 23.56, 23.36, 23.16, 21.05, 0, 0, 4.52
2019/04/22 21:15:00, 23.50, 23.56, 23.37, 23.16, 21.06, 0, 0, 4.52
2019/04/22 21:16:00, 23.50, 23.59, 23.37, 23.11, 21.06, 0, 0, 4.52
2019/04/22 21:17:00, 23.50, 23.56, 23.37, 23.16, 21.07, 0, 0, 4.52
2019/04/22 21:18:00, 23.50, 23.57, 23.39, 23.13, 21.06, 0, 0, 4.52
2019/04/22 21:19:00, 23.50, 23.56, 23.37, 23.18, 21.08, 0, 0, 4.52
2019/04/22 21:20:00, 23.50, 23.56, 23.37, 23.16, 21.09, 0, 0, 4.52
2019/04/22 21:21:00, 23.50, 23.57, 23.36, 23.24, 21.09, 0, 0, 4.52
2019/04/22 21:22:00, 23.50, 23.56, 23.41, 23.19, 21.09, 0, 0, 4.52
2019/04/22 21:23:00, 23.50, 23.54, 23.37, 23.22, 21.11, 0, 0, 4.52
2019/04/22 21:24:00, 23.50, 23.59, 23.37, 23.19, 21.12, 0, 0, 4.52
2019/04/22 21:25:00, 23.50, 23.57, 23.37, 23.21, 21.14, 0, 0, 4.52
2019/04/22 21:26:00, 23.50, 23.53, 23.35, 23.21, 21.13, 0, 0, 4.52
2019/04/22 21:27:00, 23.50, 23.56, 23.38, 23.22, 21.14, 0, 0, 4.52
2019/04/22 21:28:00, 23.50, 23.54, 23.35, 23.24, 21.15, 0, 0, 4.52
2019/04/22 21:29:00, 23.50, 23.53, 23.36, 23.27, 21.15, 0, 0, 4.52
2019/04/22 21:30:00, 23.50, 23.57, 23.36, 23.26, 21.15, 0, 0, 4.52
2019/04/22 21:31:00, 23.50, 23.56, 23.37, 23.26, 21.18, 0, 0, 4.52
2019/04/22 21:32:00, 23.50, 23.54, 23.36, 23.27, 21.19, 0, 0, 4.52
2019/04/22 21:33:00, 23.50, 23.53, 23.35, 23.26, 21.18, 0, 0, 4.52
2019/04/22 21:34:00, 23.50, 23.53, 23.36, 23.29, 21.19, 0, 0, 4.52
2019/04/22 21:35:00, 23.50, 23.52, 23.36, 23.27, 21.18, 0, 0, 4.52
2019/04/22 21:36:00, 23.50, 23.53, 23.35, 23.30, 21.21, 0, 0, 4.52
2019/04/22 21:37:00, 23.50, 23.56, 23.36, 23.27, 21.22, 0, 0, 4.52
2019/04/22 21:38:00, 23.50, 23.54, 23.35, 23.30, 21.20, 0, 0, 4.52
2019/04/22 21:39:00, 23.50, 23.53, 23.35, 23.32, 21.23, 0, 0, 4.52
2019/04/22 21:40:00, 23.50, 23.53, 23.35, 23.32, 21.23, 0, 0, 4.52
2019/04/22 21:41:00, 23.50, 23.53, 23.33, 23.29, 21.25, 0, 0, 4.52
2019/04/22 21:42:00, 23.50, 23.54, 23.34, 23.34, 21.25, 0, 0, 4.52
2019/04/22 21:43:00, 23.50, 23.54, 23.32, 23.34, 21.25, 0, 0, 4.52
2019/04/22 21:44:00, 23.50, 23.54, 23.34, 23.37, 21.26, 0, 0, 4.52
2019/04/22 21:45:00, 23.50, 23.52, 23.33, 23.36, 21.27, 0, 0, 4.52
2019/04/22 21:46:00, 23.50, 23.53, 23.35, 23.40, 21.29, 0, 0, 4.52
2019/04/22 21:47:00, 23.50, 23.53, 23.35, 23.38, 21.28, 0, 0, 4.52
2019/04/22 21:48:00, 23.50, 23.52, 23.34, 23.40, 21.29, 0, 0, 4.52
2019/04/22 21:49:00, 23.50, 23.53, 23.35, 23.38, 21.29, 0, 0, 4.52
2019/04/22 21:50:00, 23.50, 23.53, 23.35, 23.35, 21.29, 0, 0, 4.52
2019/04/22 21:51:00, 23.50, 23.52, 23.33, 23.38, 21.29, 0, 0, 4.52
2019/04/22 21:52:00, 23.50, 23.52, 23.34, 23.38, 21.30, 0, 0, 4.52
2019/04/22 21:53:00, 23.50, 23.53, 23.33, 23.41, 21.30, 0, 0, 4.52
2019/04/22 21:54:00, 23.50, 23.52, 23.33, 23.40, 21.32, 0, 0, 4.52
2019/04/22 21:55:00, 23.50, 23.52, 23.33, 23.46, 21.34, 0, 0, 4.52
2019/04/22 21:56:00, 23.50, 23.50, 23.32, 23.37, 21.33, 0, 0, 4.52
2019/04/22 21:57:00, 23.50, 23.52, 23.32, 23.40, 21.32, 0, 0, 4.52
2019/04/22 21:58:00, 23.50, 23.50, 23.33, 23.40, 21.32, 0, 0, 4.52
2019/04/22 21:59:00, 23.50, 23.53, 23.34, 23.44, 21.34, 0, 0, 4.52
2019/04/22 22:00:00, 23.50, 23.50, 23.30, 23.41, 21.34, 0, 0, 4.52
2019/04/22 22:01:00, 23.50, 23.50, 23.34, 23.44, 21.32, 0, 0, 4.52
2019/04/22 22:02:00, 23.50, 23.52, 23.32, 23.45, 21.35, 0, 0, 4.52
2019/04/22 22:03:00, 23.50, 23.50, 23.31, 23.46, 21.35, 0, 0, 4.52
2019/04/22 22:04:00, 23.50, 23.50, 23.34, 23.41, 21.35, 0, 0, 4.52
2019/04/22 22:05:00, 23.50, 23.50, 23.33, 23.44, 21.37, 0, 0, 4.52
2019/04/22 22:06:00, 23.50, 23.50, 23.32, 23.44, 21.35, 0, 0, 4.52
2019/04/22 22:07:00, 23.50, 23.52, 23.31, 23.46, 21.40, 0, 0, 4.52
2019/04/22 22:08:00, 23.50, 23.50, 23.31, 23.48, 21.38, 0, 0, 4.52
2019/04/22 22:09:00, 23.50, 23.50, 23.32, 23.44, 21.38, 0, 0, 4.52
2019/04/22 22:10:00, 23.50, 23.50, 23.30, 23.48, 21.40, 0, 0, 4.52
2019/04/22 22:11:00, 23.50, 23.50, 23.31, 23.50, 21.40, 0, 0, 4.52
2019/04/22 22:12:00, 23.50, 23.50, 23.31, 23.43, 21.40, 0, 0, 4.52
2019/04/22 22:13:00, 23.50, 23.47, 23.31, 23.44, 21.40, 0, 0, 4.52
2019/04/22 22:14:00, 23.50, 23.49, 23.32, 23.49, 21.38, 0, 0, 4.52
2019/04/22 22:15:00, 23.50, 23.47, 23.31, 23.51, 21.42, 0, 0, 4.52
2019/04/22 22:16:00, 23.50, 23.49, 23.31, 23.53, 21.42, 0, 0, 4.52
2019/04/22 22:17:00, 23.50, 23.49, 23.31, 23.51, 21.45, 0, 0, 4.52
2019/04/22 22:18:00, 23.50, 23.49, 23.30, 23.48, 21.44, 0, 0, 4.52
2019/04/22 22:19:00, 23.50, 23.49, 23.31, 23.54, 21.45, 0, 0, 4.52
2019/04/22 22:20:00, 23.50, 23.47, 23.29, 23.56, 21.46, 0, 0, 4.52
2019/04/22 22:21:00, 23.50, 23.47, 23.28, 23.57, 21.45, 0, 0, 4.52
2019/04/22 22:22:00, 23.50, 23.47, 23.32, 23.59, 21.46, 0, 0, 4.52
2019/04/22 22:23:00, 23.50, 23.49, 23.30, 23.57, 21.46, 0, 0, 4.52
2019/04/22 22:24:00, 23.50, 23.49, 23.32, 23.59, 21.50, 0, 0, 4.52
2019/04/22 22:25:00, 23.50, 23.47, 23.28, 23.61, 21.51, 0, 0, 4.52
2019/04/22 22:26:00, 23.50, 23.49, 23.29, 23.60, 21.52, 0, 0, 4.52
2019/04/22 22:27:00, 23.50, 23.46, 23.28, 23.60, 21.54, 0, 0, 4.52
2019/04/22 22:28:00, 23.50, 23.47, 23.30, 23.62, 21.52, 0, 0, 4.52
2019/04/22 22:29:00, 23.50, 23.47, 23.28, 23.62, 21.57, 0, 0, 4.52
2019/04/22 22:30:00, 23.50, 23.46, 23.28, 23.61, 21.56, 0, 0, 4.52
2019/04/22 22:31:00, 23.50, 23.47, 23.29, 23.63, 21.56, 0, 0, 4.52
2019/04/22 22:32:00, 23.50, 23.46, 23.30, 23.61, 21.56, 0, 0, 4.52
2019/04/22 22:33:00, 23.50, 23.47, 23.28, 23.61, 21.58, 0, 0, 4.52
2019/04/22 22:34:00, 23.50, 23.47, 23.28, 23.69, 21.58, 0, 0, 4.52
2019/04/22 22:35:00, 23.50, 23.47, 23.28, 23.72, 21.58, 0, 0, 4.52
2019/04/22 22:36:00, 23.50, 23.47, 23.28, 23.66, 21.58, 0, 0, 4.52
2019/04/22 22:37:00, 23.50, 23.47, 23.28, 23.72, 21.61, 0, 0, 4.52
2019/04/22 22:38:00, 23.50, 23.49, 23.28, 23.70, 21.61, 0, 0, 4.52
2019/04/22 22:39:00, 23.50, 23.46, 23.28, 23.69, 21.63, 0, 0, 4.52
2019/04/22 22:40:00, 23.50, 23.47, 23.29, 23.69, 21.62, 0, 0, 4.52
2019/04/22 22:41:00, 23.50, 23.46, 23.27, 23.69, 21.64, 0, 0, 4.52
2019/04/22 22:42:00, 23.50, 23.49, 23.29, 23.72, 21.65, 0, 0, 4.52
2019/04/22 22:43:00, 23.50, 23.44, 23.28, 23.69, 21.64, 0, 0, 4.52
2019/04/22 22:44:00, 23.50, 23.49, 23.28, 23.70, 21.64, 0, 0, 4.52
2019/04/22 22:45:00, 23.50, 23.47, 23.29, 23.72, 21.67, 0, 0, 4.52
2019/04/22 22:46:00, 23.50, 23.47, 23.27, 23.70, 21.64, 0, 0, 4.52
2019/04/22 22:47:00, 23.50, 23.44, 23.28, 23.71, 21.65, 0, 0, 4.52
2019/04/22 22:48:00, 23.50, 23.46, 23.27, 23.75, 21.67, 0, 0, 4.52
2019/04/22 22:49:00, 23.50, 23.43, 23.30, 23.72, 21.67, 0, 0, 4.52
2019/04/22 22:50:00, 23.50, 23.46, 23.28, 23.70, 21.68, 0, 0, 4.52
2019/04/22 22:51:00, 23.50, 23.47, 23.25, 23.75, 21.68, 0, 0, 4.52
2019/04/22 22:52:00, 23.50, 23.47, 23.27, 23.76, 21.68, 0, 0, 4.52
2019/04/22 22:53:00, 23.50, 23.44, 23.27, 23.82, 21.69, 0, 0, 4.52
2019/04/22 22:54:00, 23.50, 23.47, 23.28, 23.79, 21.71, 0, 0, 4.52
2019/04/22 22:55:00, 23.50, 23.44, 23.29, 23.72, 21.70, 0, 0, 4.52
2019/04/22 22:56:00, 23.50, 23.46, 23.28, 23.80, 21.70, 0, 0, 4.52
2019/04/22 22:57:00, 23.50, 23.44, 23.25, 23.81, 21.72, 0, 0, 4.52
2019/04/22 22:58:00, 23.50, 23.46, 23.28, 23.83, 21.74, 0, 0, 4.52
2019/04/22 22:59:00, 23.50, 23.46, 23.28, 23.82, 21.74, 0, 0, 4.52
2019/04/22 23:00:00, 23.50, 23.49, 23.28, 23.85, 21.77, 0, 0, 4.52
2019/04/22 23:01:00, 23.50, 23.46, 23.28, 23.79, 21.76, 0, 0, 4.52
2019/04/22 23:02:00, 23.50, 23.44, 23.28, 23.77, 21.75, 0, 0, 4.52
2019/04/22 23:03:00, 23.50, 23.44, 23.27, 23.83, 21.77, 0, 0, 4.52
2019/04/22 23:04:00, 23.50, 23.46, 23.25, 23.87, 21.79, 0, 0, 4.52
2019/04/22 23:05:00, 23.50, 23.46, 23.24, 23.85, 21.78, 0, 0, 4.52
2019/04/22 23:06:00, 23.50, 23.44, 23.25, 23.89, 21.78, 0, 0, 4.52
2019/04/22 23:07:00, 23.50, 23.46, 23.27, 23.88, 21.78, 0, 0, 4.52
2019/04/22 23:08:00, 23.50, 23.44, 23.25, 23.89, 21.80, 0, 0, 4.52
2019/04/22 23:09:00, 23.50, 23.44, 23.28, 23.85, 21.80, 0, 0, 4.52
2019/04/22 23:10:00, 23.50, 23.44, 23.27, 23.85, 21.80, 0, 0, 4.52
2019/04/22 23:11:00, 23.50, 23.43, 23.25, 23.89, 21.84, 0, 0, 4.52
2019/04/22 23:12:00, 23.50, 23.46, 23.25, 23.95, 21.85, 0, 0, 4.52
2019/04/22 23:13:00, 23.50, 23.44, 23.28, 23.92, 21.85, 0, 0, 4.52
2019/04/22 23:14:00, 23.50, 23.44, 23.28, 23.83, 21.85, 0, 0, 4.52
2019/04/22 23:15:00, 23.50, 23.47, 23.29, 23.92, 21.84, 0, 0, 4.52
2019/04/22 23:16:00, 23.50, 23.44, 23.27, 23.95, 21.86, 0, 0, 4.52
2019/04/22 23:17:00, 23.50, 23.43, 23.27, 23.92, 21.84, 0, 0, 4.52
2019/04/22 23:18:00, 23.50, 23.44, 23.24, 23.97, 21.90, 0, 0, 4.52
2019/04/22 23:19:00, 23.50, 23.42, 23.24, 23.95, 21.89, 0, 0, 4.52
2019/04/22 23:20:00, 23.50, 23.42, 23.24, 23.95, 21.89, 0, 0, 4.52
2019/04/22 23:21:00, 23.50, 23.43, 23.25, 24.02, 21.93, 0, 0, 4.52
2019/04/22 23:22:00, 23.50, 23.42, 23.24, 23.95, 21.93, 0, 0, 4.52
2019/04/22 23:23:00, 23.50, 23.42, 23.23, 23.99, 21.93, 0, 0, 4.52
2019/04/22 23:24:00, 23.50, 23.46, 23.25, 23.93, 21.92, 0, 0, 4.52
2019/04/22 23:25:00, 23.50, 23.40, 23.25, 24.01, 21.93, 0, 0, 4.52
2019/04/22 23:26:00, 23.50, 23.42, 23.24, 23.96, 21.93, 0, 0, 4.52
2019/04/22 23:27:00, 23.50, 23.43, 23.23, 24.02, 21.94, 0, 0, 4.52
2019/04/22 23:28:00, 23.50, 23.43, 23.25, 24.07, 21.95, 0, 0, 4.52
2019/04/22 23:29:00, 23.50, 23.40, 23.22, 24.03, 21.95, 0, 0, 4.52
2019/04/22 23:30:00, 23.50, 23.40, 23.21, 24.03, 21.98, 0, 0, 4.52
2019/04/22 23:31:00, 23.50, 23.40, 23.23, 24.06, 21.98, 0, 0, 4.52
2019/04/22 23:32:00, 23.50, 23.42, 23.21, 24.09, 21.99, 0, 0, 4.52
2019/04/22 23:33:00, 23.50, 23.43, 23.22, 24.07, 22.02, 0, 0, 4.52
2019/04/22 23:34:00, 23.50, 23.40, 23.22, 24.05, 22.00, 0, 0, 4.52
2019/04/22 23:35:00, 23.50, 23.44, 23.24, 24.05, 21.99, 0, 0, 4.52
2019/04/22 23:36:00, 23.50, 23.43, 23.22, 24.05, 21.99, 0, 0, 4.52
2019/04/22 23:37:00, 23.50, 23.42, 23.25, 23.99, 21.99, 0, 0, 4.52
2019/04/22 23:38:00, 23.50, 23.42, 23.23, 24.07, 21.96, 0, 0, 4.52
2019/04/22 23:39:00, 23.50, 23.42, 23.23, 24.02, 21.99, 0, 0, 4.52
2019/04/22 23:40:00, 23.50, 23.43, 23.24, 24.03, 21.99, 0, 0, 4.52
2019/04/22 23:41:00, 23.50, 23.46, 23.23, 24.04, 21.99, 0, 0, 4.52
2019/04/22 23:42:00, 23.50, 23.44, 23.24, 24.07, 21.97, 0, 0, 4.52
2019/04/22 23:43:00, 23.50, 23.43, 23.25, 24.02, 21.99, 0, 0, 4.52
2019/04/22 23:44:00, 23.50, 23.43, 23.24, 24.03, 21.99, 0, 0, 4.52
2019/04/22 23:45:00, 23.50, 23.44, 23.24, 24.02, 22.00, 0, 0, 4.52
2019/04/22 23:46:00, 23.50, 23.43, 23.25, 24.04, 21.98, 0, 0, 4.52
2019/04/22 23:47:00, 23.50, 23.42, 23.24, 24.04, 21.99, 0, 0, 4.52
