Data logger for tempereture and humidity.
Code, design, and soldering by Antti Mikkonen, a.mikkonen@iki.fi, 2019.
Based on open source projects and libraries. See source for details.
/home/ami/src/arduino/promini/logger_v8_ada/logger_v8_ada.ino
UTC time (year/month/date hour:minute:second), T RTC (C), T sht31 (C), T si7021 (C), RH sht31 (-), RH si7021 (-), heaterOn sht31 (bool),  heaterOn si7021 (bool), battery voltage (V)
2019/05/31 00:08:00, 24.25, 23.68, 23.48, 21.44, 20.22, 0, 0, 4.28
2019/05/31 00:09:00, 24.25, 23.68, 23.50, 21.45, 20.22, 0, 0, 4.28
2019/05/31 00:10:00, 24.25, 23.70, 23.47, 21.43, 20.22, 0, 0, 4.28
2019/05/31 00:11:00, 24.25, 23.67, 23.47, 21.48, 20.22, 0, 0, 4.28
2019/05/31 00:12:00, 24.25, 23.65, 23.46, 21.50, 20.26, 0, 0, 4.28
2019/05/31 00:13:00, 24.25, 23.65, 23.46, 21.50, 20.26, 0, 0, 4.28
2019/05/31 00:14:00, 24.25, 23.64, 23.46, 21.51, 20.25, 0, 0, 4.28
2019/05/31 00:15:00, 24.25, 23.64, 23.46, 21.55, 20.30, 0, 0, 4.28
2019/05/31 00:16:00, 24.00, 23.67, 23.45, 21.53, 20.29, 0, 0, 4.28
2019/05/31 00:17:00, 24.00, 23.63, 23.45, 21.53, 20.29, 0, 0, 4.28
2019/05/31 00:18:00, 24.00, 23.65, 23.46, 21.55, 20.32, 0, 0, 4.28
2019/05/31 00:19:00, 24.00, 23.63, 23.44, 21.50, 20.29, 0, 0, 4.28
2019/05/31 00:20:00, 24.00, 23.63, 23.44, 21.58, 20.35, 0, 0, 4.28
2019/05/31 00:21:00, 24.00, 23.63, 23.45, 21.59, 20.34, 0, 0, 4.28
2019/05/31 00:22:00, 24.00, 23.64, 23.44, 21.58, 20.32, 0, 0, 4.28
2019/05/31 00:23:00, 24.00, 23.60, 23.43, 21.50, 20.29, 0, 0, 4.28
2019/05/31 00:24:00, 24.00, 23.61, 23.43, 21.53, 20.32, 0, 0, 4.28
2019/05/31 00:25:00, 24.00, 23.63, 23.43, 21.64, 20.35, 0, 0, 4.28
2019/05/31 00:26:00, 24.00, 23.61, 23.42, 21.61, 20.32, 0, 0, 4.28
2019/05/31 00:27:00, 24.00, 23.63, 23.43, 21.61, 20.35, 0, 0, 4.28
2019/05/31 00:28:00, 24.00, 23.59, 23.41, 21.65, 20.36, 0, 0, 4.28
2019/05/31 00:29:00, 24.00, 23.61, 23.41, 21.57, 20.37, 0, 0, 4.28
2019/05/31 00:30:00, 24.00, 23.59, 23.41, 21.61, 20.41, 0, 0, 4.28
2019/05/31 00:31:00, 24.00, 23.60, 23.41, 21.64, 20.39, 0, 0, 4.28
2019/05/31 00:32:00, 24.00, 23.59, 23.41, 21.62, 20.35, 0, 0, 4.28
2019/05/31 00:33:00, 24.00, 23.61, 23.37, 21.61, 20.34, 0, 0, 4.28
2019/05/31 00:34:00, 24.00, 23.59, 23.39, 21.72, 20.41, 0, 0, 4.28
2019/05/31 00:35:00, 24.00, 23.59, 23.39, 21.67, 20.43, 0, 0, 4.28
2019/05/31 00:36:00, 24.00, 23.57, 23.41, 21.61, 20.37, 0, 0, 4.28
2019/05/31 00:37:00, 24.00, 23.59, 23.39, 21.67, 20.41, 0, 0, 4.28
2019/05/31 00:38:00, 24.00, 23.59, 23.41, 21.62, 20.42, 0, 0, 4.28
2019/05/31 00:39:00, 24.00, 23.57, 23.39, 21.69, 20.41, 0, 0, 4.28
2019/05/31 00:40:00, 24.00, 23.57, 23.39, 21.67, 20.41, 0, 0, 4.28
2019/05/31 00:41:00, 24.00, 23.56, 23.35, 21.69, 20.42, 0, 0, 4.28
2019/05/31 00:42:00, 24.00, 23.59, 23.37, 21.61, 20.44, 0, 0, 4.28
2019/05/31 00:43:00, 24.00, 23.57, 23.39, 21.69, 20.45, 0, 0, 4.28
2019/05/31 00:44:00, 24.00, 23.60, 23.38, 21.70, 20.47, 0, 0, 4.28
2019/05/31 00:45:00, 24.00, 23.57, 23.39, 21.69, 20.46, 0, 0, 4.28
2019/05/31 00:46:00, 24.00, 23.59, 23.37, 21.70, 20.41, 0, 0, 4.28
2019/05/31 00:47:00, 24.00, 23.56, 23.38, 21.61, 20.42, 0, 0, 4.28
2019/05/31 00:48:00, 24.00, 23.57, 23.37, 21.70, 20.45, 0, 0, 4.28
2019/05/31 00:49:00, 24.00, 23.57, 23.35, 21.72, 20.45, 0, 0, 4.28
2019/05/31 00:50:00, 24.00, 23.54, 23.35, 21.73, 20.46, 0, 0, 4.28
2019/05/31 00:51:00, 24.00, 23.54, 23.35, 21.73, 20.48, 0, 0, 4.28
2019/05/31 00:52:00, 24.00, 23.56, 23.36, 21.75, 20.51, 0, 0, 4.28
2019/05/31 00:53:00, 24.00, 23.54, 23.35, 21.89, 20.57, 0, 0, 4.28
2019/05/31 00:54:00, 24.00, 23.56, 23.34, 21.81, 20.55, 0, 0, 4.28
2019/05/31 00:55:00, 24.00, 23.56, 23.35, 21.78, 20.55, 0, 0, 4.28
2019/05/31 00:56:00, 24.00, 23.54, 23.34, 21.73, 20.49, 0, 0, 4.28
2019/05/31 00:57:00, 24.00, 23.56, 23.37, 21.78, 20.54, 0, 0, 4.28
2019/05/31 00:58:00, 24.00, 23.57, 23.35, 21.80, 20.55, 0, 0, 4.28
2019/05/31 00:59:00, 24.00, 23.57, 23.38, 21.77, 20.55, 0, 0, 4.28
2019/05/31 01:00:00, 24.00, 23.57, 23.37, 21.78, 20.52, 0, 0, 4.28
2019/05/31 01:01:00, 24.00, 23.59, 23.36, 21.83, 20.54, 0, 0, 4.28
2019/05/31 01:02:00, 24.00, 23.63, 23.41, 21.79, 20.60, 0, 0, 4.28
2019/05/31 01:03:00, 24.00, 23.65, 23.44, 21.71, 20.50, 0, 0, 4.28
2019/05/31 01:04:00, 24.00, 23.70, 23.47, 21.64, 20.44, 0, 0, 4.28
2019/05/31 01:05:00, 24.00, 23.71, 23.47, 21.62, 20.35, 0, 0, 4.28
2019/05/31 01:06:00, 24.00, 23.68, 23.50, 21.57, 20.37, 0, 0, 4.28
2019/05/31 01:07:00, 24.00, 23.70, 23.50, 21.65, 20.37, 0, 0, 4.28
2019/05/31 01:08:00, 24.00, 23.74, 23.52, 21.62, 20.42, 0, 0, 4.28
2019/05/31 01:09:00, 24.00, 23.76, 23.54, 21.60, 20.41, 0, 0, 4.28
2019/05/31 01:10:00, 24.00, 23.77, 23.57, 21.51, 20.34, 0, 0, 4.28
2019/05/31 01:11:00, 24.00, 23.76, 23.58, 21.60, 20.37, 0, 0, 4.28
2019/05/31 01:12:00, 24.00, 23.81, 23.57, 21.65, 20.35, 0, 0, 4.28
2019/05/31 01:13:00, 24.00, 23.79, 23.58, 21.54, 20.32, 0, 0, 4.28
2019/05/31 01:14:00, 24.00, 23.79, 23.56, 21.62, 20.39, 0, 0, 4.28
2019/05/31 01:15:00, 24.00, 23.81, 23.60, 21.61, 20.39, 0, 0, 4.28
2019/05/31 01:16:00, 24.00, 23.80, 23.60, 21.57, 20.35, 0, 0, 4.28
2019/05/31 01:17:00, 24.00, 23.81, 23.63, 21.59, 20.36, 0, 0, 4.28
2019/05/31 01:18:00, 24.00, 23.84, 23.62, 21.51, 20.35, 0, 0, 4.28
2019/05/31 01:19:00, 24.00, 23.84, 23.63, 21.53, 20.36, 0, 0, 4.28
2019/05/31 01:20:00, 24.00, 23.85, 23.64, 21.62, 20.36, 0, 0, 4.28
2019/05/31 01:21:00, 24.00, 23.84, 23.64, 21.51, 20.32, 0, 0, 4.28
2019/05/31 01:22:00, 24.00, 23.87, 23.66, 21.56, 20.35, 0, 0, 4.28
2019/05/31 01:23:00, 24.00, 23.87, 23.66, 21.49, 20.31, 0, 0, 4.28
2019/05/31 01:24:00, 24.00, 23.91, 23.68, 21.53, 20.32, 0, 0, 4.28
2019/05/31 01:25:00, 24.00, 23.91, 23.67, 21.53, 20.32, 0, 0, 4.28
2019/05/31 01:26:00, 24.00, 23.88, 23.66, 21.54, 20.33, 0, 0, 4.28
2019/05/31 01:27:00, 24.00, 23.88, 23.66, 21.51, 20.34, 0, 0, 4.28
2019/05/31 01:28:00, 24.00, 23.88, 23.69, 21.54, 20.37, 0, 0, 4.28
2019/05/31 01:29:00, 24.00, 23.90, 23.69, 21.56, 20.34, 0, 0, 4.28
2019/05/31 01:30:00, 24.00, 23.91, 23.71, 21.61, 20.38, 0, 0, 4.28
2019/05/31 01:31:00, 24.00, 23.92, 23.67, 21.55, 20.36, 0, 0, 4.28
2019/05/31 01:32:00, 24.00, 23.92, 23.69, 21.59, 20.39, 0, 0, 4.28
2019/05/31 01:33:00, 24.00, 23.91, 23.69, 21.55, 20.35, 0, 0, 4.28
2019/05/31 01:34:00, 24.00, 23.91, 23.72, 21.57, 20.39, 0, 0, 4.28
2019/05/31 01:35:00, 24.00, 23.90, 23.68, 21.51, 20.34, 0, 0, 4.28
2019/05/31 01:36:00, 24.00, 23.91, 23.69, 21.64, 20.42, 0, 0, 4.28
2019/05/31 01:37:00, 24.00, 23.91, 23.71, 21.66, 20.39, 0, 0, 4.28
2019/05/31 01:38:00, 24.00, 23.92, 23.72, 21.63, 20.42, 0, 0, 4.28
2019/05/31 01:39:00, 24.00, 23.94, 23.75, 21.58, 20.42, 0, 0, 4.28
2019/05/31 01:40:00, 24.00, 23.94, 23.75, 21.68, 20.39, 0, 0, 4.28
2019/05/31 01:41:00, 24.00, 23.94, 23.72, 21.65, 20.40, 0, 0, 4.28
2019/05/31 01:42:00, 24.00, 23.94, 23.71, 21.66, 20.41, 0, 0, 4.28
2019/05/31 01:43:00, 24.00, 23.95, 23.74, 21.66, 20.43, 0, 0, 4.28
2019/05/31 01:44:00, 24.00, 23.97, 23.76, 21.60, 20.42, 0, 0, 4.28
2019/05/31 01:45:00, 24.00, 23.95, 23.76, 21.65, 20.43, 0, 0, 4.28
2019/05/31 01:46:00, 24.00, 23.97, 23.76, 21.68, 20.43, 0, 0, 4.28
2019/05/31 01:47:00, 24.00, 23.97, 23.74, 21.69, 20.45, 0, 0, 4.28
2019/05/31 01:48:00, 24.00, 23.97, 23.74, 21.71, 20.49, 0, 0, 4.28
2019/05/31 01:49:00, 24.00, 23.95, 23.73, 21.68, 20.45, 0, 0, 4.28
2019/05/31 01:50:00, 24.00, 23.97, 23.76, 21.76, 20.51, 0, 0, 4.28
2019/05/31 01:51:00, 24.00, 23.94, 23.76, 21.73, 20.51, 0, 0, 4.28
2019/05/31 01:52:00, 24.00, 23.95, 23.75, 21.71, 20.51, 0, 0, 4.28
2019/05/31 01:53:00, 24.00, 23.97, 23.76, 21.75, 20.52, 0, 0, 4.28
2019/05/31 01:54:00, 24.00, 23.99, 23.76, 21.76, 20.52, 0, 0, 4.28
2019/05/31 01:55:00, 24.00, 23.95, 23.74, 21.68, 20.49, 0, 0, 4.28
2019/05/31 01:56:00, 24.00, 23.94, 23.74, 21.71, 20.53, 0, 0, 4.28
2019/05/31 01:57:00, 24.00, 23.95, 23.73, 21.75, 20.56, 0, 0, 4.28
2019/05/31 01:58:00, 24.25, 23.94, 23.75, 21.73, 20.56, 0, 0, 4.28
2019/05/31 01:59:00, 24.25, 23.95, 23.73, 21.82, 20.55, 0, 0, 4.28
2019/05/31 02:00:00, 24.00, 23.94, 23.74, 21.78, 20.58, 0, 0, 4.28
2019/05/31 02:01:00, 24.00, 23.95, 23.73, 21.79, 20.58, 0, 0, 4.28
2019/05/31 02:02:00, 24.25, 23.92, 23.72, 21.75, 20.58, 0, 0, 4.28
2019/05/31 02:03:00, 24.25, 23.97, 23.72, 21.83, 20.58, 0, 0, 4.28
2019/05/31 02:04:00, 24.25, 23.91, 23.68, 21.81, 20.58, 0, 0, 4.28
2019/05/31 02:05:00, 24.25, 23.90, 23.66, 21.90, 20.64, 0, 0, 4.28
2019/05/31 02:06:00, 24.25, 23.92, 23.69, 21.84, 20.67, 0, 0, 4.28
2019/05/31 02:07:00, 24.00, 23.92, 23.71, 21.89, 20.68, 0, 0, 4.28
2019/05/31 02:08:00, 24.25, 23.94, 23.72, 21.89, 20.67, 0, 0, 4.28
2019/05/31 02:09:00, 24.25, 23.91, 23.73, 21.81, 20.62, 0, 0, 4.28
2019/05/31 02:10:00, 24.25, 23.91, 23.68, 21.87, 20.65, 0, 0, 4.28
2019/05/31 02:11:00, 24.25, 23.91, 23.71, 21.90, 20.70, 0, 0, 4.28
2019/05/31 02:12:00, 24.00, 23.94, 23.69, 21.84, 20.64, 0, 0, 4.28
2019/05/31 02:13:00, 24.25, 23.92, 23.71, 21.87, 20.69, 0, 0, 4.28
2019/05/31 02:14:00, 24.25, 23.92, 23.71, 21.86, 20.65, 0, 0, 4.28
2019/05/31 02:15:00, 24.25, 23.92, 23.72, 21.92, 20.65, 0, 0, 4.28
2019/05/31 02:16:00, 24.25, 23.94, 23.73, 21.87, 20.68, 0, 0, 4.28
2019/05/31 02:17:00, 24.25, 23.94, 23.74, 21.92, 20.69, 0, 0, 4.28
2019/05/31 02:18:00, 24.25, 23.97, 23.75, 21.89, 20.66, 0, 0, 4.28
2019/05/31 02:19:00, 24.25, 23.94, 23.75, 21.88, 20.61, 0, 0, 4.28
2019/05/31 02:20:00, 24.25, 23.95, 23.73, 21.83, 20.63, 0, 0, 4.28
2019/05/31 02:21:00, 24.25, 23.95, 23.73, 21.87, 20.67, 0, 0, 4.28
2019/05/31 02:22:00, 24.25, 23.95, 23.71, 21.79, 20.66, 0, 0, 4.28
2019/05/31 02:23:00, 24.25, 23.95, 23.71, 21.89, 20.67, 0, 0, 4.28
2019/05/31 02:24:00, 24.25, 23.94, 23.72, 21.89, 20.69, 0, 0, 4.28
2019/05/31 02:25:00, 24.25, 23.94, 23.71, 21.94, 20.68, 0, 0, 4.28
2019/05/31 02:26:00, 24.25, 23.95, 23.73, 21.91, 20.69, 0, 0, 4.28
2019/05/31 02:27:00, 24.25, 23.95, 23.75, 21.92, 20.69, 0, 0, 4.28
2019/05/31 02:28:00, 24.25, 23.97, 23.76, 21.92, 20.70, 0, 0, 4.28
2019/05/31 02:29:00, 24.25, 23.97, 23.75, 21.86, 20.64, 0, 0, 4.28
2019/05/31 02:30:00, 24.25, 23.98, 23.73, 21.91, 20.67, 0, 0, 4.28
2019/05/31 02:31:00, 24.25, 23.97, 23.72, 21.87, 20.64, 0, 0, 4.28
2019/05/31 02:32:00, 24.25, 23.94, 23.72, 21.94, 20.67, 0, 0, 4.28
2019/05/31 02:33:00, 24.25, 23.92, 23.72, 21.94, 20.72, 0, 0, 4.28
2019/05/31 02:34:00, 24.25, 23.88, 23.72, 21.86, 20.67, 0, 0, 4.28
2019/05/31 02:35:00, 24.25, 23.85, 23.66, 21.93, 20.67, 0, 0, 4.28
2019/05/31 02:36:00, 24.25, 23.81, 23.62, 22.08, 20.77, 0, 0, 4.28
2019/05/31 02:37:00, 24.25, 23.81, 23.59, 22.12, 20.86, 0, 0, 4.28
2019/05/31 02:38:00, 24.25, 23.80, 23.59, 22.11, 20.90, 0, 0, 4.28
2019/05/31 02:39:00, 24.25, 23.79, 23.57, 22.12, 20.89, 0, 0, 4.28
2019/05/31 02:40:00, 24.25, 23.77, 23.57, 22.18, 20.93, 0, 0, 4.28
2019/05/31 02:41:00, 24.25, 23.73, 23.51, 22.22, 20.92, 0, 0, 4.28
2019/05/31 02:42:00, 24.25, 23.70, 23.51, 22.24, 20.99, 0, 0, 4.28
2019/05/31 02:43:00, 24.25, 23.65, 23.48, 22.38, 21.06, 0, 0, 4.28
2019/05/31 02:44:00, 24.00, 23.65, 23.46, 22.44, 21.09, 0, 0, 4.28
2019/05/31 02:45:00, 24.00, 23.63, 23.45, 22.37, 21.09, 0, 0, 4.28
2019/05/31 02:46:00, 24.00, 23.64, 23.43, 22.37, 21.12, 0, 0, 4.28
2019/05/31 02:47:00, 24.00, 23.63, 23.43, 22.55, 21.20, 0, 0, 4.28
2019/05/31 02:48:00, 24.00, 23.60, 23.41, 22.48, 21.16, 0, 0, 4.28
2019/05/31 02:49:00, 24.00, 23.63, 23.42, 22.44, 21.24, 0, 0, 4.28
2019/05/31 02:50:00, 24.00, 23.63, 23.44, 22.42, 21.20, 0, 0, 4.28
2019/05/31 02:51:00, 24.00, 23.59, 23.41, 22.39, 21.14, 0, 0, 4.28
2019/05/31 02:52:00, 24.00, 23.59, 23.39, 22.47, 21.18, 0, 0, 4.28
2019/05/31 02:53:00, 24.00, 23.57, 23.39, 22.53, 21.25, 0, 0, 4.28
2019/05/31 02:54:00, 24.00, 23.60, 23.38, 22.55, 21.31, 0, 0, 4.28
2019/05/31 02:55:00, 24.00, 23.56, 23.37, 22.50, 21.26, 0, 0, 4.28
2019/05/31 02:56:00, 24.00, 23.60, 23.39, 22.63, 21.35, 0, 0, 4.28
2019/05/31 02:57:00, 24.00, 23.59, 23.39, 22.60, 21.30, 0, 0, 4.28
2019/05/31 02:58:00, 24.00, 23.57, 23.36, 22.60, 21.32, 0, 0, 4.28
2019/05/31 02:59:00, 24.00, 23.59, 23.35, 22.68, 21.35, 0, 0, 4.28
2019/05/31 03:00:00, 24.00, 23.56, 23.34, 22.62, 21.35, 0, 0, 4.28
2019/05/31 03:01:00, 24.00, 23.54, 23.36, 22.76, 21.39, 0, 0, 4.28
2019/05/31 03:02:00, 24.00, 23.57, 23.37, 22.66, 21.40, 0, 0, 4.28
2019/05/31 03:03:00, 24.00, 23.59, 23.36, 22.76, 21.45, 0, 0, 4.28
2019/05/31 03:04:00, 24.00, 23.57, 23.37, 22.84, 21.50, 0, 0, 4.28
2019/05/31 03:05:00, 24.00, 23.60, 23.38, 22.81, 21.49, 0, 0, 4.28
2019/05/31 03:06:00, 24.00, 23.61, 23.42, 22.71, 21.49, 0, 0, 4.28
2019/05/31 03:07:00, 24.00, 23.65, 23.46, 22.70, 21.45, 0, 0, 4.28
2019/05/31 03:08:00, 24.00, 23.71, 23.48, 22.67, 21.43, 0, 0, 4.28
2019/05/31 03:09:00, 24.00, 23.71, 23.52, 22.65, 21.40, 0, 0, 4.28
2019/05/31 03:10:00, 24.00, 23.73, 23.56, 22.67, 21.38, 0, 0, 4.28
2019/05/31 03:11:00, 24.00, 23.74, 23.53, 22.65, 21.42, 0, 0, 4.28
2019/05/31 03:12:00, 24.00, 23.79, 23.59, 22.64, 21.42, 0, 0, 4.28
2019/05/31 03:13:00, 24.00, 23.80, 23.60, 22.63, 21.40, 0, 0, 4.28
2019/05/31 03:14:00, 24.00, 23.83, 23.58, 22.64, 21.40, 0, 0, 4.28
2019/05/31 03:15:00, 24.00, 23.81, 23.60, 22.64, 21.43, 0, 0, 4.28
2019/05/31 03:16:00, 24.00, 23.81, 23.61, 22.72, 21.47, 0, 0, 4.28
2019/05/31 03:17:00, 24.00, 23.81, 23.60, 22.79, 21.48, 0, 0, 4.28
2019/05/31 03:18:00, 24.00, 23.80, 23.56, 22.95, 21.60, 0, 0, 4.28
2019/05/31 03:19:00, 24.00, 23.80, 23.56, 22.92, 21.69, 0, 0, 4.28
2019/05/31 03:20:00, 24.00, 23.80, 23.60, 22.90, 21.64, 0, 0, 4.28
2019/05/31 03:21:00, 24.00, 23.83, 23.60, 22.92, 21.72, 0, 0, 4.28
2019/05/31 03:22:00, 24.00, 23.81, 23.63, 22.95, 21.72, 0, 0, 4.28
2019/05/31 03:23:00, 24.00, 23.85, 23.63, 22.95, 21.70, 0, 0, 4.28
2019/05/31 03:24:00, 24.00, 23.87, 23.65, 22.97, 21.70, 0, 0, 4.28
2019/05/31 03:25:00, 24.00, 23.85, 23.65, 22.95, 21.71, 0, 0, 4.28
2019/05/31 03:26:00, 24.00, 23.85, 23.68, 22.99, 21.71, 0, 0, 4.28
2019/05/31 03:27:00, 24.00, 23.88, 23.66, 22.97, 21.74, 0, 0, 4.28
2019/05/31 03:28:00, 24.00, 23.88, 23.69, 23.10, 21.80, 0, 0, 4.28
2019/05/31 03:29:00, 24.00, 23.91, 23.67, 23.12, 21.83, 0, 0, 4.28
2019/05/31 03:30:00, 24.00, 23.90, 23.68, 23.15, 21.85, 0, 0, 4.28
2019/05/31 03:31:00, 24.00, 23.92, 23.71, 23.07, 21.89, 0, 0, 4.28
2019/05/31 03:32:00, 24.00, 23.92, 23.71, 23.20, 21.89, 0, 0, 4.28
2019/05/31 03:33:00, 24.00, 23.91, 23.69, 23.27, 21.94, 0, 0, 4.28
2019/05/31 03:34:00, 24.00, 23.91, 23.73, 23.27, 21.97, 0, 0, 4.28
2019/05/31 03:35:00, 24.00, 23.91, 23.69, 23.35, 22.03, 0, 0, 4.28
2019/05/31 03:36:00, 24.00, 23.94, 23.72, 23.32, 22.03, 0, 0, 4.28
2019/05/31 03:37:00, 24.00, 23.92, 23.72, 23.36, 22.06, 0, 0, 4.28
2019/05/31 03:38:00, 24.00, 23.92, 23.74, 23.36, 22.07, 0, 0, 4.28
2019/05/31 03:39:00, 24.00, 23.97, 23.72, 23.43, 22.11, 0, 0, 4.28
2019/05/31 03:40:00, 24.00, 23.94, 23.75, 23.46, 22.16, 0, 0, 4.28
2019/05/31 03:41:00, 24.00, 23.95, 23.76, 23.50, 22.18, 0, 0, 4.28
2019/05/31 03:42:00, 24.00, 23.97, 23.76, 23.53, 22.20, 0, 0, 4.28
2019/05/31 03:43:00, 24.00, 23.95, 23.76, 23.50, 22.25, 0, 0, 4.28
2019/05/31 03:44:00, 24.00, 23.94, 23.74, 23.58, 22.25, 0, 0, 4.28
2019/05/31 03:45:00, 24.00, 23.95, 23.73, 23.65, 22.35, 0, 0, 4.28
2019/05/31 03:46:00, 24.00, 23.95, 23.73, 23.70, 22.43, 0, 0, 4.28
2019/05/31 03:47:00, 24.00, 23.97, 23.76, 23.72, 22.46, 0, 0, 4.28
2019/05/31 03:48:00, 24.25, 23.95, 23.77, 23.77, 22.44, 0, 0, 4.28
2019/05/31 03:49:00, 24.00, 23.97, 23.76, 23.77, 22.48, 0, 0, 4.28
2019/05/31 03:50:00, 24.00, 23.98, 23.76, 23.79, 22.51, 0, 0, 4.28
2019/05/31 03:51:00, 24.25, 23.97, 23.76, 23.84, 22.54, 0, 0, 4.28
2019/05/31 03:52:00, 24.00, 23.98, 23.77, 23.91, 22.64, 0, 0, 4.28
2019/05/31 03:53:00, 24.00, 23.97, 23.77, 23.97, 22.67, 0, 0, 4.28
2019/05/31 03:54:00, 24.00, 23.98, 23.77, 23.93, 22.67, 0, 0, 4.28
2019/05/31 03:55:00, 24.00, 23.98, 23.78, 24.00, 22.70, 0, 0, 4.28
2019/05/31 03:56:00, 24.25, 24.02, 23.77, 24.03, 22.74, 0, 0, 4.28
2019/05/31 03:57:00, 24.25, 23.98, 23.76, 24.07, 22.80, 0, 0, 4.28
2019/05/31 03:58:00, 24.25, 23.99, 23.78, 24.11, 22.83, 0, 0, 4.28
2019/05/31 03:59:00, 24.25, 23.98, 23.79, 24.11, 22.84, 0, 0, 4.28
2019/05/31 04:00:00, 24.25, 23.99, 23.80, 24.09, 22.84, 0, 0, 4.28
2019/05/31 04:01:00, 24.25, 24.01, 23.80, 24.19, 22.90, 0, 0, 4.28
2019/05/31 04:02:00, 24.25, 24.02, 23.80, 24.18, 22.93, 0, 0, 4.28
2019/05/31 04:03:00, 24.25, 24.04, 23.80, 24.20, 22.95, 0, 0, 4.28
2019/05/31 04:04:00, 24.25, 23.99, 23.82, 24.16, 22.96, 0, 0, 4.28
2019/05/31 04:05:00, 24.25, 24.04, 23.81, 24.27, 23.00, 0, 0, 4.28
2019/05/31 04:06:00, 24.25, 24.04, 23.84, 24.30, 23.04, 0, 0, 4.28
2019/05/31 04:07:00, 24.25, 24.04, 23.83, 24.29, 23.06, 0, 0, 4.28
2019/05/31 04:08:00, 24.25, 24.05, 23.83, 24.34, 23.09, 0, 0, 4.28
2019/05/31 04:09:00, 24.25, 24.05, 23.84, 24.36, 23.09, 0, 0, 4.28
2019/05/31 04:10:00, 24.25, 24.04, 23.86, 24.44, 23.14, 0, 0, 4.28
2019/05/31 04:11:00, 24.25, 24.05, 23.87, 24.30, 23.12, 0, 0, 4.28
2019/05/31 04:12:00, 24.25, 23.98, 23.75, 24.43, 23.11, 0, 0, 4.28
2019/05/31 04:13:00, 24.25, 23.98, 23.75, 24.73, 23.45, 0, 0, 4.28
2019/05/31 04:14:00, 24.25, 23.99, 23.78, 24.73, 23.49, 0, 0, 4.28
2019/05/31 04:15:00, 24.25, 23.99, 23.79, 24.72, 23.50, 0, 0, 4.28
2019/05/31 04:16:00, 24.25, 24.02, 23.81, 24.68, 23.47, 0, 0, 4.28
2019/05/31 04:17:00, 24.25, 24.02, 23.82, 24.65, 23.45, 0, 0, 4.28
2019/05/31 04:18:00, 24.25, 24.01, 23.82, 24.72, 23.47, 0, 0, 4.28
2019/05/31 04:19:00, 24.25, 24.04, 23.83, 24.72, 23.51, 0, 0, 4.28
2019/05/31 04:20:00, 24.25, 24.02, 23.83, 24.80, 23.55, 0, 0, 4.28
2019/05/31 04:21:00, 24.25, 24.04, 23.86, 24.78, 23.54, 0, 0, 4.28
2019/05/31 04:22:00, 24.25, 24.07, 23.84, 24.76, 23.54, 0, 0, 4.28
2019/05/31 04:23:00, 24.25, 24.04, 23.86, 24.84, 23.61, 0, 0, 4.28
2019/05/31 04:24:00, 24.25, 24.05, 23.87, 24.86, 23.61, 0, 0, 4.28
2019/05/31 04:25:00, 24.25, 24.07, 23.86, 24.85, 23.64, 0, 0, 4.28
2019/05/31 04:26:00, 24.25, 24.08, 23.88, 24.89, 23.66, 0, 0, 4.28
2019/05/31 04:27:00, 24.25, 24.07, 23.88, 24.92, 23.68, 0, 0, 4.28
2019/05/31 04:28:00, 24.25, 24.09, 23.88, 24.93, 23.72, 0, 0, 4.28
2019/05/31 04:29:00, 24.25, 24.11, 23.89, 24.95, 23.75, 0, 0, 4.28
2019/05/31 04:30:00, 24.25, 24.09, 23.88, 24.97, 23.76, 0, 0, 4.28
2019/05/31 04:31:00, 24.25, 24.09, 23.87, 25.01, 23.80, 0, 0, 4.28
2019/05/31 04:32:00, 24.25, 24.09, 23.88, 25.07, 23.88, 0, 0, 4.28
2019/05/31 04:33:00, 24.25, 24.09, 23.90, 25.10, 23.89, 0, 0, 4.28
2019/05/31 04:34:00, 24.25, 24.11, 23.90, 25.13, 23.88, 0, 0, 4.28
2019/05/31 04:35:00, 24.25, 24.08, 23.90, 25.16, 23.92, 0, 0, 4.28
2019/05/31 04:36:00, 24.25, 24.08, 23.88, 25.13, 23.93, 0, 0, 4.28
2019/05/31 04:37:00, 24.25, 24.11, 23.90, 25.22, 24.01, 0, 0, 4.28
2019/05/31 04:38:00, 24.25, 24.11, 23.90, 25.18, 23.98, 0, 0, 4.28
2019/05/31 04:39:00, 24.25, 24.09, 23.90, 25.23, 24.03, 0, 0, 4.28
2019/05/31 04:40:00, 24.25, 24.08, 23.90, 25.27, 24.06, 0, 0, 4.28
2019/05/31 04:41:00, 24.25, 24.11, 23.87, 25.11, 24.00, 0, 0, 4.28
2019/05/31 04:42:00, 24.25, 24.09, 23.87, 25.46, 24.18, 0, 0, 4.28
2019/05/31 04:43:00, 24.25, 24.07, 23.87, 25.40, 24.20, 0, 0, 4.28
2019/05/31 04:44:00, 24.25, 24.07, 23.88, 25.40, 24.19, 0, 0, 4.28
2019/05/31 04:45:00, 24.25, 24.09, 23.91, 25.43, 24.19, 0, 0, 4.28
2019/05/31 04:46:00, 24.25, 24.09, 23.90, 25.43, 24.25, 0, 0, 4.28
2019/05/31 04:47:00, 24.25, 24.11, 23.91, 25.42, 24.24, 0, 0, 4.28
2019/05/31 04:48:00, 24.25, 24.11, 23.92, 25.49, 24.27, 0, 0, 4.28
2019/05/31 04:49:00, 24.25, 24.14, 23.91, 25.51, 24.30, 0, 0, 4.28
2019/05/31 04:50:00, 24.25, 24.11, 23.89, 25.54, 24.31, 0, 0, 4.28
2019/05/31 04:51:00, 24.25, 24.12, 23.92, 25.57, 24.31, 0, 0, 4.28
2019/05/31 04:52:00, 24.25, 24.11, 23.90, 25.55, 24.34, 0, 0, 4.28
2019/05/31 04:53:00, 24.25, 24.14, 23.92, 25.60, 24.39, 0, 0, 4.28
2019/05/31 04:54:00, 24.25, 24.12, 23.92, 25.66, 24.44, 0, 0, 4.28
2019/05/31 04:55:00, 24.25, 24.12, 23.92, 25.61, 24.41, 0, 0, 4.28
2019/05/31 04:56:00, 24.25, 24.14, 23.92, 25.66, 24.47, 0, 0, 4.28
2019/05/31 04:57:00, 24.25, 24.11, 23.91, 25.72, 24.49, 0, 0, 4.28
2019/05/31 04:58:00, 24.25, 24.15, 23.91, 25.74, 24.51, 0, 0, 4.28
2019/05/31 04:59:00, 24.25, 24.12, 23.92, 25.70, 24.47, 0, 0, 4.28
2019/05/31 05:00:00, 24.25, 24.14, 23.94, 25.77, 24.50, 0, 0, 4.28
2019/05/31 05:01:00, 24.25, 24.11, 23.92, 25.71, 24.54, 0, 0, 4.28
2019/05/31 05:02:00, 24.25, 24.12, 23.91, 25.79, 24.58, 0, 0, 4.28
2019/05/31 05:03:00, 24.25, 24.14, 23.92, 25.88, 24.63, 0, 0, 4.28
2019/05/31 05:04:00, 24.25, 24.14, 23.92, 25.86, 24.70, 0, 0, 4.28
2019/05/31 05:05:00, 24.25, 24.12, 23.94, 25.89, 24.69, 0, 0, 4.28
2019/05/31 05:06:00, 24.25, 24.16, 23.95, 25.85, 24.67, 0, 0, 4.28
2019/05/31 05:07:00, 24.25, 24.16, 23.94, 25.98, 24.70, 0, 0, 4.28
2019/05/31 05:08:00, 24.25, 24.14, 23.95, 25.83, 24.70, 0, 0, 4.28
2019/05/31 05:09:00, 24.25, 24.15, 23.94, 25.88, 24.67, 0, 0, 4.28
2019/05/31 05:10:00, 24.25, 24.14, 23.94, 25.95, 24.71, 0, 0, 4.28
2019/05/31 05:11:00, 24.25, 24.14, 23.92, 25.92, 24.77, 0, 0, 4.28
2019/05/31 05:12:00, 24.25, 24.15, 23.94, 25.98, 24.79, 0, 0, 4.28
2019/05/31 05:13:00, 24.25, 24.14, 23.94, 25.95, 24.78, 0, 0, 4.28
2019/05/31 05:14:00, 24.25, 24.14, 23.94, 26.01, 24.83, 0, 0, 4.28
2019/05/31 05:15:00, 24.25, 24.16, 23.94, 26.11, 24.87, 0, 0, 4.28
2019/05/31 05:16:00, 24.25, 24.14, 23.93, 26.20, 24.95, 0, 0, 4.28
2019/05/31 05:17:00, 24.25, 24.14, 23.93, 26.16, 24.94, 0, 0, 4.28
2019/05/31 05:18:00, 24.25, 24.14, 23.95, 26.14, 24.96, 0, 0, 4.28
2019/05/31 05:19:00, 24.25, 24.15, 23.95, 26.11, 24.96, 0, 0, 4.28
2019/05/31 05:20:00, 24.25, 24.15, 23.92, 26.18, 25.02, 0, 0, 4.28
2019/05/31 05:21:00, 24.25, 24.14, 23.92, 26.21, 25.03, 0, 0, 4.28
2019/05/31 05:22:00, 24.25, 24.15, 23.93, 26.22, 25.04, 0, 0, 4.28
2019/05/31 05:23:00, 24.25, 24.15, 23.93, 26.19, 25.04, 0, 0, 4.28
2019/05/31 05:24:00, 24.25, 24.14, 23.94, 26.23, 25.08, 0, 0, 4.28
2019/05/31 05:25:00, 24.25, 24.15, 23.94, 26.27, 25.08, 0, 0, 4.28
2019/05/31 05:26:00, 24.25, 24.14, 23.92, 26.27, 25.10, 0, 0, 4.28
2019/05/31 05:27:00, 24.25, 24.12, 23.92, 26.30, 25.06, 0, 0, 4.28
2019/05/31 05:28:00, 24.25, 24.12, 23.93, 26.49, 25.26, 0, 0, 4.28
2019/05/31 05:29:00, 24.25, 24.12, 23.91, 26.42, 25.27, 0, 0, 4.28
2019/05/31 05:30:00, 24.25, 24.12, 23.92, 26.42, 25.21, 0, 0, 4.28
2019/05/31 05:31:00, 24.25, 24.14, 23.92, 26.48, 25.25, 0, 0, 4.28
2019/05/31 05:32:00, 24.25, 24.12, 23.91, 26.41, 25.26, 0, 0, 4.28
2019/05/31 05:33:00, 24.25, 24.15, 23.92, 26.47, 25.29, 0, 0, 4.28
2019/05/31 05:34:00, 24.25, 24.12, 23.92, 26.51, 25.28, 0, 0, 4.28
2019/05/31 05:35:00, 24.25, 24.14, 23.93, 26.48, 25.29, 0, 0, 4.28
2019/05/31 05:36:00, 24.25, 24.14, 23.93, 26.49, 25.34, 0, 0, 4.28
2019/05/31 05:37:00, 24.25, 24.14, 23.92, 26.63, 25.40, 0, 0, 4.28
2019/05/31 05:38:00, 24.25, 24.11, 23.91, 26.58, 25.42, 0, 0, 4.28
2019/05/31 05:39:00, 24.25, 24.11, 23.92, 26.58, 25.43, 0, 0, 4.28
2019/05/31 05:40:00, 24.25, 24.11, 23.92, 26.67, 25.43, 0, 0, 4.28
2019/05/31 05:41:00, 24.25, 24.12, 23.95, 26.58, 25.44, 0, 0, 4.28
2019/05/31 05:42:00, 24.25, 24.14, 23.93, 26.64, 25.47, 0, 0, 4.28
2019/05/31 05:43:00, 24.25, 24.14, 23.91, 26.66, 25.47, 0, 0, 4.28
2019/05/31 05:44:00, 24.25, 24.15, 23.92, 26.65, 25.47, 0, 0, 4.28
2019/05/31 05:45:00, 24.25, 24.12, 23.93, 26.66, 25.48, 0, 0, 4.28
2019/05/31 05:46:00, 24.25, 24.12, 23.93, 26.68, 25.50, 0, 0, 4.28
2019/05/31 05:47:00, 24.25, 24.15, 23.93, 26.70, 25.53, 0, 0, 4.28
2019/05/31 05:48:00, 24.25, 24.14, 23.93, 26.76, 25.59, 0, 0, 4.28
2019/05/31 05:49:00, 24.25, 24.14, 23.91, 26.76, 25.60, 0, 0, 4.28
2019/05/31 05:50:00, 24.25, 24.11, 23.92, 26.83, 25.63, 0, 0, 4.28
2019/05/31 05:51:00, 24.25, 24.14, 23.93, 26.87, 25.69, 0, 0, 4.28
2019/05/31 05:52:00, 24.25, 24.14, 23.92, 26.89, 25.69, 0, 0, 4.28
2019/05/31 05:53:00, 24.25, 24.14, 23.93, 26.83, 25.67, 0, 0, 4.28
2019/05/31 05:54:00, 24.25, 24.14, 23.94, 26.96, 25.73, 0, 0, 4.28
2019/05/31 05:55:00, 24.25, 24.15, 23.93, 26.90, 25.76, 0, 0, 4.28
2019/05/31 05:56:00, 24.25, 24.15, 23.93, 26.83, 25.70, 0, 0, 4.28
2019/05/31 05:57:00, 24.25, 24.14, 23.93, 26.92, 25.73, 0, 0, 4.28
2019/05/31 05:58:00, 24.25, 24.12, 23.95, 26.99, 25.79, 0, 0, 4.28
2019/05/31 05:59:00, 24.25, 24.15, 23.94, 26.98, 25.80, 0, 0, 4.28
2019/05/31 06:00:00, 24.25, 24.14, 23.95, 27.04, 25.85, 0, 0, 4.28
2019/05/31 06:01:00, 24.25, 24.12, 23.94, 26.92, 25.79, 0, 0, 4.28
2019/05/31 06:02:00, 24.25, 24.14, 23.94, 26.95, 25.79, 0, 0, 4.28
2019/05/31 06:03:00, 24.25, 24.15, 23.95, 26.99, 25.85, 0, 0, 4.28
2019/05/31 06:04:00, 24.25, 24.15, 23.95, 27.07, 25.89, 0, 0, 4.28
2019/05/31 06:05:00, 24.25, 24.12, 23.94, 27.08, 25.92, 0, 0, 4.28
2019/05/31 06:06:00, 24.25, 24.12, 23.94, 27.14, 25.95, 0, 0, 4.28
2019/05/31 06:07:00, 24.25, 24.14, 23.93, 27.26, 25.99, 0, 0, 4.28
2019/05/31 06:08:00, 24.25, 24.14, 23.93, 27.18, 25.99, 0, 0, 4.28
2019/05/31 06:09:00, 24.25, 24.14, 23.92, 27.26, 26.03, 0, 0, 4.28
2019/05/31 06:10:00, 24.25, 24.14, 23.92, 27.18, 26.08, 0, 0, 4.28
2019/05/31 06:11:00, 24.25, 24.12, 23.91, 27.27, 26.10, 0, 0, 4.28
2019/05/31 06:12:00, 24.25, 24.14, 23.90, 27.22, 26.09, 0, 0, 4.28
2019/05/31 06:13:00, 24.25, 24.15, 23.93, 27.24, 26.09, 0, 0, 4.28
2019/05/31 06:14:00, 24.25, 24.09, 23.91, 27.31, 26.13, 0, 0, 4.28
2019/05/31 06:15:00, 24.25, 24.12, 23.94, 27.27, 26.14, 0, 0, 4.28
2019/05/31 06:16:00, 24.25, 24.14, 23.93, 27.32, 26.13, 0, 0, 4.28
2019/05/31 06:17:00, 24.25, 24.14, 23.90, 27.40, 26.20, 0, 0, 4.28
2019/05/31 06:18:00, 24.25, 24.12, 23.92, 27.37, 26.18, 0, 0, 4.28
2019/05/31 06:19:00, 24.25, 24.11, 23.92, 27.33, 26.22, 0, 0, 4.28
2019/05/31 06:20:00, 24.25, 24.12, 23.90, 27.46, 26.30, 0, 0, 4.28
2019/05/31 06:21:00, 24.25, 24.14, 23.91, 27.49, 26.33, 0, 0, 4.28
2019/05/31 06:22:00, 24.25, 24.11, 23.90, 27.53, 26.35, 0, 0, 4.28
2019/05/31 06:23:00, 24.25, 24.11, 23.89, 27.52, 26.40, 0, 0, 4.28
2019/05/31 06:24:00, 24.25, 24.09, 23.89, 27.38, 26.31, 0, 0, 4.28
2019/05/31 06:25:00, 24.25, 24.08, 23.87, 27.66, 26.42, 0, 0, 4.28
2019/05/31 06:26:00, 24.25, 24.07, 23.89, 27.59, 26.48, 0, 0, 4.28
2019/05/31 06:27:00, 24.25, 24.08, 23.89, 27.59, 26.46, 0, 0, 4.28
2019/05/31 06:28:00, 24.25, 24.11, 23.89, 27.66, 26.51, 0, 0, 4.28
2019/05/31 06:29:00, 24.25, 24.09, 23.87, 27.60, 26.48, 0, 0, 4.28
2019/05/31 06:30:00, 24.25, 24.08, 23.88, 27.74, 26.56, 0, 0, 4.28
2019/05/31 06:31:00, 24.25, 24.08, 23.88, 27.68, 26.51, 0, 0, 4.28
2019/05/31 06:32:00, 24.25, 24.08, 23.88, 27.76, 26.62, 0, 0, 4.28
2019/05/31 06:33:00, 24.25, 24.08, 23.87, 27.78, 26.60, 0, 0, 4.28
2019/05/31 06:34:00, 24.25, 24.09, 23.89, 27.80, 26.63, 0, 0, 4.28
2019/05/31 06:35:00, 24.25, 24.07, 23.88, 27.74, 26.60, 0, 0, 4.28
2019/05/31 06:36:00, 24.25, 24.07, 23.86, 27.78, 26.65, 0, 0, 4.28
2019/05/31 06:37:00, 24.25, 24.04, 23.82, 27.94, 26.66, 0, 0, 4.28
2019/05/31 06:38:00, 24.25, 24.05, 23.84, 27.98, 26.80, 0, 0, 4.28
2019/05/31 06:39:00, 24.25, 24.01, 23.80, 27.94, 26.73, 0, 0, 4.28
2019/05/31 06:40:00, 24.25, 24.01, 23.82, 27.98, 26.87, 0, 0, 4.28
2019/05/31 06:41:00, 24.25, 23.98, 23.80, 27.99, 26.81, 0, 0, 4.28
2019/05/31 06:42:00, 24.25, 23.95, 23.77, 28.09, 26.89, 0, 0, 4.28
2019/05/31 06:43:00, 24.25, 23.92, 23.74, 28.16, 26.97, 0, 0, 4.28
2019/05/31 06:44:00, 24.25, 23.90, 23.72, 28.23, 27.03, 0, 0, 4.28
2019/05/31 06:45:00, 24.25, 23.90, 23.68, 28.38, 27.12, 0, 0, 4.28
2019/05/31 06:46:00, 24.25, 23.90, 23.71, 28.41, 27.21, 0, 0, 4.28
2019/05/31 06:47:00, 24.25, 23.92, 23.74, 28.40, 27.24, 0, 0, 4.28
2019/05/31 06:48:00, 24.25, 23.95, 23.74, 28.21, 27.13, 0, 0, 4.28
2019/05/31 06:49:00, 24.25, 23.94, 23.77, 28.27, 27.09, 0, 0, 4.28
2019/05/31 06:50:00, 24.25, 23.95, 23.75, 28.23, 27.08, 0, 0, 4.28
2019/05/31 06:51:00, 24.25, 23.94, 23.71, 28.27, 27.11, 0, 0, 4.28
2019/05/31 06:52:00, 24.25, 23.91, 23.72, 28.31, 27.15, 0, 0, 4.28
2019/05/31 06:53:00, 24.25, 23.90, 23.67, 28.44, 27.21, 0, 0, 4.28
2019/05/31 06:54:00, 24.25, 23.88, 23.65, 28.50, 27.32, 0, 0, 4.28
2019/05/31 06:55:00, 24.25, 23.85, 23.66, 28.57, 27.34, 0, 0, 4.28
2019/05/31 06:56:00, 24.25, 23.85, 23.64, 28.69, 27.43, 0, 0, 4.28
2019/05/31 06:57:00, 24.25, 23.81, 23.64, 28.57, 27.41, 0, 0, 4.28
2019/05/31 06:58:00, 24.25, 23.83, 23.63, 28.70, 27.47, 0, 0, 4.28
2019/05/31 06:59:00, 24.25, 23.85, 23.66, 28.76, 27.59, 0, 0, 4.28
2019/05/31 07:00:00, 24.25, 23.88, 23.67, 28.67, 27.52, 0, 0, 4.28
2019/05/31 07:01:00, 24.25, 23.91, 23.69, 28.63, 27.42, 0, 0, 4.28
2019/05/31 07:02:00, 24.25, 23.95, 23.74, 28.46, 27.40, 0, 0, 4.28
2019/05/31 07:03:00, 24.25, 23.91, 23.69, 28.44, 27.27, 0, 0, 4.28
2019/05/31 07:04:00, 24.25, 23.87, 23.65, 28.70, 27.43, 0, 0, 4.28
2019/05/31 07:05:00, 24.25, 23.90, 23.68, 28.81, 27.62, 0, 0, 4.28
2019/05/31 07:06:00, 24.25, 23.87, 23.69, 28.70, 27.53, 0, 0, 4.28
2019/05/31 07:07:00, 24.25, 23.87, 23.67, 28.69, 27.55, 0, 0, 4.28
2019/05/31 07:08:00, 24.25, 23.88, 23.68, 28.89, 27.69, 0, 0, 4.28
2019/05/31 07:09:00, 24.25, 23.88, 23.71, 28.85, 27.62, 0, 0, 4.28
2019/05/31 07:10:00, 24.25, 23.94, 23.73, 28.83, 27.66, 0, 0, 4.28
2019/05/31 07:11:00, 24.25, 23.97, 23.76, 28.69, 27.59, 0, 0, 4.28
2019/05/31 07:12:00, 24.25, 23.99, 23.78, 28.64, 27.53, 0, 0, 4.28
2019/05/31 07:13:00, 24.25, 23.98, 23.81, 28.64, 27.47, 0, 0, 4.28
2019/05/31 07:14:00, 24.25, 24.02, 23.80, 28.71, 27.52, 0, 0, 4.28
2019/05/31 07:15:00, 24.25, 24.01, 23.82, 28.70, 27.54, 0, 0, 4.28
2019/05/31 07:16:00, 24.25, 24.02, 23.84, 28.70, 27.53, 0, 0, 4.28
2019/05/31 07:17:00, 24.25, 24.04, 23.83, 28.60, 27.47, 0, 0, 4.28
2019/05/31 07:18:00, 24.25, 24.05, 23.87, 28.66, 27.50, 0, 0, 4.28
2019/05/31 07:19:00, 24.25, 24.07, 23.84, 28.66, 27.51, 0, 0, 4.28
2019/05/31 07:20:00, 24.25, 24.05, 23.84, 28.63, 27.53, 0, 0, 4.28
2019/05/31 07:21:00, 24.25, 24.02, 23.81, 28.85, 27.56, 0, 0, 4.28
2019/05/31 07:22:00, 24.25, 24.05, 23.83, 28.79, 27.66, 0, 0, 4.28
2019/05/31 07:23:00, 24.25, 24.04, 23.82, 28.80, 27.66, 0, 0, 4.28
2019/05/31 07:24:00, 24.25, 24.04, 23.82, 28.80, 27.67, 0, 0, 4.28
2019/05/31 07:25:00, 24.25, 24.05, 23.86, 28.88, 27.66, 0, 0, 4.28
2019/05/31 07:26:00, 24.25, 24.07, 23.84, 28.85, 27.71, 0, 0, 4.28
2019/05/31 07:27:00, 24.25, 24.07, 23.86, 28.85, 27.68, 0, 0, 4.28
2019/05/31 07:28:00, 24.25, 24.09, 23.87, 28.78, 27.68, 0, 0, 4.28
2019/05/31 07:29:00, 24.25, 24.09, 23.87, 28.87, 27.70, 0, 0, 4.28
2019/05/31 07:30:00, 24.25, 24.08, 23.88, 28.81, 27.67, 0, 0, 4.28
2019/05/31 07:31:00, 24.25, 24.08, 23.89, 28.79, 27.66, 0, 0, 4.28
2019/05/31 07:32:00, 24.25, 24.09, 23.89, 28.82, 27.70, 0, 0, 4.28
2019/05/31 07:33:00, 24.25, 24.09, 23.89, 28.96, 27.75, 0, 0, 4.28
2019/05/31 07:34:00, 24.25, 24.05, 23.87, 29.03, 27.76, 0, 0, 4.28
2019/05/31 07:35:00, 24.25, 24.04, 23.84, 29.01, 27.87, 0, 0, 4.28
2019/05/31 07:36:00, 24.25, 24.01, 23.78, 29.20, 28.00, 0, 0, 4.28
2019/05/31 07:37:00, 24.25, 23.97, 23.78, 29.42, 28.18, 0, 0, 4.28
2019/05/31 07:38:00, 24.25, 23.98, 23.78, 29.40, 28.27, 0, 0, 4.28
2019/05/31 07:39:00, 24.25, 23.95, 23.74, 29.43, 28.19, 0, 0, 4.28
2019/05/31 07:40:00, 24.25, 23.97, 23.75, 29.58, 28.37, 0, 0, 4.28
2019/05/31 07:41:00, 24.25, 23.94, 23.76, 29.61, 28.40, 0, 0, 4.28
2019/05/31 07:42:00, 24.25, 23.94, 23.77, 29.77, 28.48, 0, 0, 4.28
2019/05/31 07:43:00, 24.25, 23.99, 23.78, 29.80, 28.65, 0, 0, 4.28
2019/05/31 07:44:00, 24.25, 24.01, 23.79, 29.82, 28.58, 0, 0, 4.28
2019/05/31 07:45:00, 24.25, 23.94, 23.77, 29.62, 28.46, 0, 0, 4.28
2019/05/31 07:46:00, 24.25, 23.97, 23.76, 29.84, 28.62, 0, 0, 4.28
2019/05/31 07:47:00, 24.25, 23.90, 23.71, 29.95, 28.64, 0, 0, 4.28
2019/05/31 07:48:00, 24.25, 23.88, 23.66, 30.01, 28.79, 0, 0, 4.28
2019/05/31 07:49:00, 24.25, 23.84, 23.64, 30.26, 28.96, 0, 0, 4.28
2019/05/31 07:50:00, 24.25, 23.83, 23.63, 30.24, 29.07, 0, 0, 4.28
2019/05/31 07:51:00, 24.25, 23.80, 23.60, 30.16, 29.00, 0, 0, 4.28
2019/05/31 07:52:00, 24.25, 23.76, 23.58, 30.57, 29.13, 0, 0, 4.28
2019/05/31 07:53:00, 24.25, 23.77, 23.57, 30.60, 29.22, 0, 0, 4.28
2019/05/31 07:54:00, 24.25, 23.77, 23.59, 30.41, 29.23, 0, 0, 4.28
2019/05/31 07:55:00, 24.25, 23.76, 23.57, 30.47, 29.28, 0, 0, 4.28
2019/05/31 07:56:00, 24.25, 23.77, 23.57, 30.57, 29.30, 0, 0, 4.28
2019/05/31 07:57:00, 24.25, 23.76, 23.57, 30.41, 29.21, 0, 0, 4.28
2019/05/31 07:58:00, 24.25, 23.76, 23.59, 30.59, 29.33, 0, 0, 4.28
2019/05/31 07:59:00, 24.25, 23.79, 23.60, 30.50, 29.33, 0, 0, 4.28
2019/05/31 08:00:00, 24.25, 23.81, 23.62, 30.51, 29.31, 0, 0, 4.28
2019/05/31 08:01:00, 24.25, 23.80, 23.59, 30.53, 29.27, 0, 0, 4.28
2019/05/31 08:02:00, 24.25, 23.83, 23.63, 30.46, 29.32, 0, 0, 4.28
2019/05/31 08:03:00, 24.25, 23.83, 23.66, 30.53, 29.35, 0, 0, 4.28
2019/05/31 08:04:00, 24.25, 23.84, 23.63, 30.46, 29.24, 0, 0, 4.28
2019/05/31 08:05:00, 24.25, 23.84, 23.67, 30.75, 29.36, 0, 0, 4.28
2019/05/31 08:06:00, 24.25, 23.90, 23.71, 30.47, 29.35, 0, 0, 4.28
2019/05/31 08:07:00, 24.25, 23.91, 23.74, 30.29, 29.15, 0, 0, 4.28
2019/05/31 08:08:00, 24.25, 23.90, 23.75, 30.47, 29.20, 0, 0, 4.28
2019/05/31 08:09:00, 24.25, 23.95, 23.77, 30.47, 29.24, 0, 0, 4.28
2019/05/31 08:10:00, 24.25, 23.98, 23.81, 30.65, 29.34, 0, 0, 4.28
2019/05/31 08:11:00, 24.25, 24.01, 23.86, 30.37, 29.30, 0, 0, 4.28
2019/05/31 08:12:00, 24.25, 24.04, 23.84, 30.26, 29.06, 0, 0, 4.28
2019/05/31 08:13:00, 24.25, 24.04, 23.88, 30.26, 29.07, 0, 0, 4.28
2019/05/31 08:14:00, 24.25, 24.08, 23.90, 30.38, 29.13, 0, 0, 4.28
2019/05/31 08:15:00, 24.25, 24.08, 23.91, 30.31, 29.04, 0, 0, 4.28
2019/05/31 08:16:00, 24.25, 24.12, 23.93, 30.17, 29.07, 0, 0, 4.28
2019/05/31 08:17:00, 24.25, 24.12, 23.93, 30.24, 28.98, 0, 0, 4.28
2019/05/31 08:18:00, 24.25, 24.12, 23.92, 30.21, 29.01, 0, 0, 4.28
2019/05/31 08:19:00, 24.25, 24.14, 23.95, 30.28, 29.06, 0, 0, 4.28
2019/05/31 08:20:00, 24.25, 24.15, 23.95, 30.36, 29.15, 0, 0, 4.28
2019/05/31 08:21:00, 24.25, 24.16, 23.97, 30.21, 29.08, 0, 0, 4.28
2019/05/31 08:22:00, 24.25, 24.19, 23.97, 30.24, 28.99, 0, 0, 4.28
2019/05/31 08:23:00, 24.25, 24.20, 24.03, 30.27, 29.08, 0, 0, 4.28
2019/05/31 08:24:00, 24.25, 24.23, 24.04, 30.33, 29.12, 0, 0, 4.28
2019/05/31 08:25:00, 24.25, 24.20, 24.04, 30.17, 29.00, 0, 0, 4.28
2019/05/31 08:26:00, 24.25, 24.23, 24.06, 30.19, 29.04, 0, 0, 4.28
2019/05/31 08:27:00, 24.25, 24.27, 24.07, 30.26, 29.02, 0, 0, 4.28
2019/05/31 08:28:00, 24.25, 24.29, 24.11, 30.16, 29.01, 0, 0, 4.28
2019/05/31 08:29:00, 24.25, 24.32, 24.13, 30.18, 28.97, 0, 0, 4.28
2019/05/31 08:30:00, 24.25, 24.32, 24.15, 29.96, 28.85, 0, 0, 4.28
2019/05/31 08:31:00, 24.25, 24.33, 24.16, 30.09, 28.88, 0, 0, 4.28
2019/05/31 08:32:00, 24.25, 24.33, 24.13, 29.93, 28.75, 0, 0, 4.28
2019/05/31 08:33:00, 24.25, 24.32, 24.15, 30.07, 28.85, 0, 0, 4.28
2019/05/31 08:34:00, 24.25, 24.35, 24.16, 30.15, 28.90, 0, 0, 4.28
2019/05/31 08:35:00, 24.25, 24.38, 24.16, 30.07, 28.88, 0, 0, 4.28
2019/05/31 08:36:00, 24.25, 24.39, 24.21, 29.97, 28.82, 0, 0, 4.28
2019/05/31 08:37:00, 24.25, 24.40, 24.22, 30.04, 28.82, 0, 0, 4.28
2019/05/31 08:38:00, 24.25, 24.43, 24.24, 29.95, 28.78, 0, 0, 4.28
2019/05/31 08:39:00, 24.25, 24.46, 24.27, 29.79, 28.69, 0, 0, 4.28
2019/05/31 08:40:00, 24.50, 24.47, 24.26, 29.68, 28.55, 0, 0, 4.28
2019/05/31 08:41:00, 24.50, 24.47, 24.30, 29.62, 28.56, 0, 0, 4.28
2019/05/31 08:42:00, 24.50, 24.47, 24.28, 29.84, 28.59, 0, 0, 4.28
2019/05/31 08:43:00, 24.50, 24.49, 24.31, 29.78, 28.59, 0, 0, 4.28
2019/05/31 08:44:00, 24.50, 24.46, 24.32, 29.72, 28.55, 0, 0, 4.28
2019/05/31 08:45:00, 24.50, 24.50, 24.34, 29.62, 28.53, 0, 0, 4.28
2019/05/31 08:46:00, 24.50, 24.54, 24.35, 29.66, 28.48, 0, 0, 4.28
2019/05/31 08:47:00, 24.50, 24.53, 24.37, 29.46, 28.40, 0, 0, 4.28
2019/05/31 08:48:00, 24.50, 24.52, 24.32, 29.60, 28.31, 0, 0, 4.28
2019/05/31 08:49:00, 24.50, 24.52, 24.35, 29.79, 28.57, 0, 0, 4.28
2019/05/31 08:50:00, 24.50, 24.57, 24.38, 29.61, 28.50, 0, 0, 4.28
2019/05/31 08:51:00, 24.50, 24.60, 24.41, 29.51, 28.37, 0, 0, 4.28
2019/05/31 08:52:00, 24.50, 24.60, 24.43, 29.45, 28.29, 0, 0, 4.28
2019/05/31 08:53:00, 24.50, 24.63, 24.46, 29.32, 28.18, 0, 0, 4.28
2019/05/31 08:54:00, 24.50, 24.63, 24.47, 29.31, 28.16, 0, 0, 4.28
2019/05/31 08:55:00, 24.50, 24.63, 24.46, 29.37, 28.18, 0, 0, 4.28
2019/05/31 08:56:00, 24.50, 24.64, 24.47, 29.18, 28.03, 0, 0, 4.28
2019/05/31 08:57:00, 24.50, 24.64, 24.43, 29.28, 28.05, 0, 0, 4.28
2019/05/31 08:58:00, 24.50, 24.61, 24.45, 29.21, 28.04, 0, 0, 4.28
2019/05/31 08:59:00, 24.50, 24.66, 24.48, 29.34, 28.17, 0, 0, 4.28
2019/05/31 09:00:00, 24.50, 24.64, 24.46, 29.19, 28.04, 0, 0, 4.28
2019/05/31 09:01:00, 24.50, 24.69, 24.49, 29.13, 27.98, 0, 0, 4.28
2019/05/31 09:02:00, 24.50, 24.69, 24.52, 29.05, 27.94, 0, 0, 4.28
2019/05/31 09:03:00, 24.50, 24.70, 24.51, 29.12, 27.93, 0, 0, 4.28
2019/05/31 09:04:00, 24.50, 24.71, 24.50, 29.08, 27.92, 0, 0, 4.28
2019/05/31 09:05:00, 24.50, 24.74, 24.51, 29.02, 27.84, 0, 0, 4.28
2019/05/31 09:06:00, 24.50, 24.73, 24.52, 28.96, 27.79, 0, 0, 4.28
2019/05/31 09:07:00, 24.50, 24.74, 24.53, 28.98, 27.84, 0, 0, 4.28
2019/05/31 09:08:00, 24.50, 24.75, 24.57, 28.94, 27.80, 0, 0, 4.28
2019/05/31 09:09:00, 24.50, 24.73, 24.58, 28.82, 27.70, 0, 0, 4.28
2019/05/31 09:10:00, 24.50, 24.73, 24.56, 28.73, 27.64, 0, 0, 4.28
2019/05/31 09:11:00, 24.50, 24.71, 24.55, 28.83, 27.57, 0, 0, 4.28
2019/05/31 09:12:00, 24.50, 24.73, 24.54, 28.80, 27.66, 0, 0, 4.28
2019/05/31 09:13:00, 24.50, 24.73, 24.55, 28.82, 27.70, 0, 0, 4.28
2019/05/31 09:14:00, 24.50, 24.75, 24.58, 28.76, 27.65, 0, 0, 4.28
2019/05/31 09:15:00, 24.50, 24.75, 24.58, 28.64, 27.57, 0, 0, 4.28
2019/05/31 09:16:00, 24.75, 24.77, 24.58, 28.70, 27.53, 0, 0, 4.28
2019/05/31 09:17:00, 24.75, 24.74, 24.55, 28.48, 27.43, 0, 0, 4.28
2019/05/31 09:18:00, 24.75, 24.74, 24.56, 28.76, 27.54, 0, 0, 4.28
2019/05/31 09:19:00, 24.75, 24.77, 24.60, 28.57, 27.52, 0, 0, 4.28
2019/05/31 09:20:00, 24.75, 24.80, 24.60, 28.65, 27.44, 0, 0, 4.28
2019/05/31 09:21:00, 24.75, 24.77, 24.61, 28.51, 27.37, 0, 0, 4.28
2019/05/31 09:22:00, 24.75, 24.77, 24.63, 28.56, 27.43, 0, 0, 4.28
2019/05/31 09:23:00, 24.75, 24.80, 24.62, 28.55, 27.40, 0, 0, 4.28
2019/05/31 09:24:00, 24.75, 24.81, 24.64, 28.62, 27.39, 0, 0, 4.28
2019/05/31 09:25:00, 24.75, 24.81, 24.64, 28.41, 27.31, 0, 0, 4.28
2019/05/31 09:26:00, 24.75, 24.84, 24.67, 28.45, 27.33, 0, 0, 4.28
2019/05/31 09:27:00, 24.75, 24.81, 24.64, 28.37, 27.21, 0, 0, 4.28
2019/05/31 09:28:00, 24.75, 24.81, 24.63, 28.44, 27.34, 0, 0, 4.28
2019/05/31 09:29:00, 24.75, 24.84, 24.65, 28.50, 27.36, 0, 0, 4.28
2019/05/31 09:30:00, 24.75, 24.85, 24.67, 28.47, 27.37, 0, 0, 4.28
2019/05/31 09:31:00, 24.75, 24.85, 24.70, 28.39, 27.27, 0, 0, 4.28
2019/05/31 09:32:00, 24.75, 24.88, 24.72, 28.35, 27.22, 0, 0, 4.28
2019/05/31 09:33:00, 24.75, 24.89, 24.71, 28.30, 27.15, 0, 0, 4.28
2019/05/31 09:34:00, 24.75, 24.88, 24.70, 28.18, 27.11, 0, 0, 4.28
2019/05/31 09:35:00, 24.75, 24.89, 24.70, 28.40, 27.23, 0, 0, 4.28
2019/05/31 09:36:00, 24.75, 24.88, 24.71, 28.20, 27.14, 0, 0, 4.28
2019/05/31 09:37:00, 24.75, 24.88, 24.70, 28.35, 27.14, 0, 0, 4.28
2019/05/31 09:38:00, 24.75, 24.89, 24.70, 28.17, 27.11, 0, 0, 4.28
2019/05/31 09:39:00, 24.75, 24.87, 24.70, 28.30, 27.11, 0, 0, 4.28
2019/05/31 09:40:00, 24.75, 24.88, 24.68, 28.27, 27.10, 0, 0, 4.28
2019/05/31 09:41:00, 24.75, 24.87, 24.68, 28.23, 27.08, 0, 0, 4.28
2019/05/31 09:42:00, 24.75, 24.89, 24.70, 28.24, 27.11, 0, 0, 4.28
2019/05/31 09:43:00, 24.75, 24.89, 24.74, 28.20, 27.09, 0, 0, 4.28
2019/05/31 09:44:00, 24.75, 24.91, 24.74, 28.13, 26.99, 0, 0, 4.28
2019/05/31 09:45:00, 24.75, 24.88, 24.71, 28.09, 26.92, 0, 0, 4.28
2019/05/31 09:46:00, 24.75, 24.94, 24.71, 28.04, 26.93, 0, 0, 4.28
2019/05/31 09:47:00, 24.75, 24.91, 24.74, 28.01, 26.91, 0, 0, 4.28
2019/05/31 09:48:00, 24.75, 24.94, 24.75, 27.91, 26.82, 0, 0, 4.28
2019/05/31 09:49:00, 24.75, 24.93, 24.77, 27.88, 26.78, 0, 0, 4.28
2019/05/31 09:50:00, 24.75, 24.95, 24.79, 27.77, 26.68, 0, 0, 4.28
2019/05/31 09:51:00, 24.75, 24.93, 24.77, 27.55, 26.56, 0, 0, 4.28
2019/05/31 09:52:00, 24.75, 24.94, 24.76, 27.70, 26.54, 0, 0, 4.28
2019/05/31 09:53:00, 24.75, 24.95, 24.77, 27.67, 26.56, 0, 0, 4.28
2019/05/31 09:54:00, 24.75, 24.94, 24.76, 27.58, 26.47, 0, 0, 4.28
2019/05/31 09:55:00, 24.75, 24.93, 24.75, 27.61, 26.41, 0, 0, 4.28
2019/05/31 09:56:00, 24.75, 24.91, 24.75, 27.61, 26.50, 0, 0, 4.28
2019/05/31 09:57:00, 24.75, 24.94, 24.75, 27.55, 26.46, 0, 0, 4.28
2019/05/31 09:58:00, 24.75, 24.95, 24.78, 27.41, 26.38, 0, 0, 4.28
2019/05/31 09:59:00, 24.75, 24.97, 24.75, 27.39, 26.27, 0, 0, 4.28
2019/05/31 10:00:00, 24.75, 24.95, 24.78, 27.31, 26.25, 0, 0, 4.28
2019/05/31 10:01:00, 24.75, 24.95, 24.76, 27.41, 26.21, 0, 0, 4.28
2019/05/31 10:02:00, 24.75, 24.95, 24.79, 27.25, 26.27, 0, 0, 4.28
2019/05/31 10:03:00, 25.00, 24.94, 24.76, 27.29, 26.11, 0, 0, 4.28
2019/05/31 10:04:00, 25.00, 24.94, 24.75, 27.35, 26.15, 0, 0, 4.28
2019/05/31 10:05:00, 25.00, 24.94, 24.75, 27.23, 26.15, 0, 0, 4.28
2019/05/31 10:06:00, 25.00, 24.91, 24.72, 27.26, 26.07, 0, 0, 4.28
2019/05/31 10:07:00, 25.00, 24.93, 24.74, 27.17, 26.04, 0, 0, 4.28
2019/05/31 10:08:00, 25.00, 24.93, 24.76, 27.16, 26.03, 0, 0, 4.28
2019/05/31 10:09:00, 25.00, 24.93, 24.77, 27.04, 25.95, 0, 0, 4.28
2019/05/31 10:10:00, 25.00, 24.93, 24.75, 26.99, 25.90, 0, 0, 4.28
2019/05/31 10:11:00, 25.00, 24.94, 24.76, 26.96, 25.86, 0, 0, 4.28
2019/05/31 10:12:00, 25.00, 24.94, 24.75, 26.88, 25.81, 0, 0, 4.28
2019/05/31 10:13:00, 25.00, 24.91, 24.75, 26.96, 25.79, 0, 0, 4.28
2019/05/31 10:14:00, 25.00, 24.89, 24.74, 26.94, 25.77, 0, 0, 4.28
2019/05/31 10:15:00, 25.00, 24.88, 24.74, 26.74, 25.70, 0, 0, 4.28
2019/05/31 10:16:00, 25.00, 24.93, 24.71, 26.86, 25.70, 0, 0, 4.28
2019/05/31 10:17:00, 25.00, 24.88, 24.72, 26.77, 25.66, 0, 0, 4.28
2019/05/31 10:18:00, 25.00, 24.91, 24.70, 26.82, 25.64, 0, 0, 4.28
2019/05/31 10:19:00, 25.00, 24.91, 24.72, 26.69, 25.60, 0, 0, 4.28
2019/05/31 10:20:00, 25.00, 24.89, 24.75, 26.73, 25.58, 0, 0, 4.28
2019/05/31 10:21:00, 25.00, 24.91, 24.71, 26.70, 25.53, 0, 0, 4.28
2019/05/31 10:22:00, 25.00, 24.91, 24.74, 26.58, 25.47, 0, 0, 4.28
2019/05/31 10:23:00, 25.00, 24.89, 24.72, 26.60, 25.45, 0, 0, 4.28
2019/05/31 10:24:00, 25.00, 24.88, 24.72, 26.51, 25.41, 0, 0, 4.28
2019/05/31 10:25:00, 25.00, 24.93, 24.71, 26.27, 25.31, 0, 0, 4.28
2019/05/31 10:26:00, 25.00, 24.91, 24.74, 26.52, 25.44, 0, 0, 4.28
2019/05/31 10:27:00, 25.00, 24.93, 24.75, 26.48, 25.35, 0, 0, 4.28
2019/05/31 10:28:00, 25.00, 24.95, 24.79, 26.41, 25.29, 0, 0, 4.28
2019/05/31 10:29:00, 25.00, 24.94, 24.77, 26.23, 25.13, 0, 0, 4.28
2019/05/31 10:30:00, 25.00, 24.97, 24.80, 26.25, 25.13, 0, 0, 4.28
2019/05/31 10:31:00, 25.00, 24.94, 24.77, 26.05, 24.93, 0, 0, 4.28
2019/05/31 10:32:00, 25.00, 24.97, 24.79, 26.38, 25.15, 0, 0, 4.28
2019/05/31 10:33:00, 25.00, 24.93, 24.77, 26.14, 25.02, 0, 0, 4.28
2019/05/31 10:34:00, 25.00, 24.94, 24.79, 26.28, 25.07, 0, 0, 4.28
2019/05/31 10:35:00, 25.00, 24.95, 24.82, 26.17, 25.05, 0, 0, 4.28
2019/05/31 10:36:00, 25.00, 24.97, 24.81, 26.10, 24.97, 0, 0, 4.28
2019/05/31 10:37:00, 25.00, 24.98, 24.82, 26.00, 24.90, 0, 0, 4.28
2019/05/31 10:38:00, 25.00, 25.00, 24.81, 26.12, 24.92, 0, 0, 4.28
2019/05/31 10:39:00, 25.00, 25.01, 24.83, 25.95, 24.92, 0, 0, 4.28
2019/05/31 10:40:00, 25.00, 25.02, 24.84, 26.05, 24.86, 0, 0, 4.28
2019/05/31 10:41:00, 25.00, 25.01, 24.83, 25.93, 24.79, 0, 0, 4.28
2019/05/31 10:42:00, 25.00, 24.97, 24.79, 25.85, 24.73, 0, 0, 4.28
2019/05/31 10:43:00, 25.00, 24.98, 24.79, 26.17, 24.92, 0, 0, 4.28
2019/05/31 10:44:00, 25.00, 25.01, 24.82, 26.05, 24.94, 0, 0, 4.28
2019/05/31 10:45:00, 25.00, 25.08, 24.89, 25.91, 24.82, 0, 0, 4.28
2019/05/31 10:46:00, 25.00, 25.08, 24.90, 25.86, 24.76, 0, 0, 4.28
2019/05/31 10:47:00, 25.00, 25.09, 24.90, 25.79, 24.67, 0, 0, 4.28
2019/05/31 10:48:00, 25.00, 25.09, 24.89, 25.81, 24.62, 0, 0, 4.28
2019/05/31 10:49:00, 25.00, 25.09, 24.90, 25.76, 24.63, 0, 0, 4.28
2019/05/31 10:50:00, 25.00, 25.09, 24.92, 25.77, 24.61, 0, 0, 4.28
2019/05/31 10:51:00, 25.00, 25.09, 24.91, 25.61, 24.55, 0, 0, 4.28
2019/05/31 10:52:00, 25.00, 25.08, 24.90, 25.65, 24.51, 0, 0, 4.28
2019/05/31 10:53:00, 25.00, 25.11, 24.92, 25.73, 24.51, 0, 0, 4.28
2019/05/31 10:54:00, 25.00, 25.09, 24.91, 25.57, 24.47, 0, 0, 4.28
2019/05/31 10:55:00, 25.00, 25.11, 24.93, 25.65, 24.47, 0, 0, 4.28
2019/05/31 10:56:00, 25.00, 25.08, 24.89, 25.51, 24.41, 0, 0, 4.28
2019/05/31 10:57:00, 25.00, 25.05, 24.86, 25.71, 24.44, 0, 0, 4.28
2019/05/31 10:58:00, 25.00, 25.08, 24.89, 25.65, 24.51, 0, 0, 4.28
2019/05/31 10:59:00, 25.00, 25.06, 24.90, 25.69, 24.53, 0, 0, 4.28
2019/05/31 11:00:00, 25.00, 25.11, 24.90, 25.49, 24.44, 0, 0, 4.28
2019/05/31 11:01:00, 25.00, 25.08, 24.89, 25.53, 24.40, 0, 0, 4.28
2019/05/31 11:02:00, 25.00, 25.06, 24.89, 25.57, 24.41, 0, 0, 4.28
2019/05/31 11:03:00, 25.00, 25.08, 24.89, 25.43, 24.30, 0, 0, 4.28
2019/05/31 11:04:00, 25.00, 25.08, 24.91, 25.48, 24.34, 0, 0, 4.28
2019/05/31 11:05:00, 25.00, 25.06, 24.92, 25.45, 24.28, 0, 0, 4.28
2019/05/31 11:06:00, 25.00, 25.12, 24.92, 25.42, 24.28, 0, 0, 4.28
2019/05/31 11:07:00, 25.00, 25.09, 24.92, 25.33, 24.18, 0, 0, 4.28
2019/05/31 11:08:00, 25.00, 25.12, 24.93, 25.25, 24.12, 0, 0, 4.28
2019/05/31 11:09:00, 25.00, 25.12, 24.93, 25.23, 24.12, 0, 0, 4.28
2019/05/31 11:10:00, 25.00, 25.12, 24.93, 25.17, 24.11, 0, 0, 4.28
2019/05/31 11:11:00, 25.00, 25.11, 24.92, 25.22, 24.07, 0, 0, 4.28
2019/05/31 11:12:00, 25.00, 25.12, 24.93, 25.20, 24.05, 0, 0, 4.28
2019/05/31 11:13:00, 25.00, 25.12, 24.94, 25.26, 24.09, 0, 0, 4.28
2019/05/31 11:14:00, 25.00, 25.09, 24.93, 25.23, 24.03, 0, 0, 4.28
2019/05/31 11:15:00, 25.00, 25.12, 24.90, 25.16, 24.00, 0, 0, 4.28
2019/05/31 11:16:00, 25.00, 25.11, 24.94, 25.22, 24.06, 0, 0, 4.28
2019/05/31 11:17:00, 25.00, 25.14, 24.94, 25.22, 24.04, 0, 0, 4.28
2019/05/31 11:18:00, 25.00, 25.12, 24.97, 25.13, 24.02, 0, 0, 4.28
2019/05/31 11:19:00, 25.00, 25.15, 24.95, 25.09, 23.99, 0, 0, 4.28
2019/05/31 11:20:00, 25.00, 25.11, 24.94, 25.08, 23.89, 0, 0, 4.28
2019/05/31 11:21:00, 25.00, 25.06, 24.89, 25.21, 23.99, 0, 0, 4.28
2019/05/31 11:22:00, 25.00, 25.09, 24.90, 25.14, 24.06, 0, 0, 4.28
2019/05/31 11:23:00, 25.00, 25.06, 24.86, 25.11, 23.94, 0, 0, 4.28
2019/05/31 11:24:00, 25.25, 25.08, 24.90, 25.21, 24.04, 0, 0, 4.28
2019/05/31 11:25:00, 25.25, 25.12, 24.94, 25.07, 23.96, 0, 0, 4.28
2019/05/31 11:26:00, 25.00, 25.11, 24.93, 25.05, 23.94, 0, 0, 4.28
2019/05/31 11:27:00, 25.25, 25.16, 24.94, 25.01, 23.91, 0, 0, 4.28
2019/05/31 11:28:00, 25.25, 25.12, 24.95, 25.00, 23.84, 0, 0, 4.28
2019/05/31 11:29:00, 25.25, 25.16, 24.95, 24.88, 23.80, 0, 0, 4.28
2019/05/31 11:30:00, 25.25, 25.15, 24.94, 24.91, 23.70, 0, 0, 4.28
2019/05/31 11:31:00, 25.25, 25.16, 24.93, 24.98, 23.79, 0, 0, 4.28
2019/05/31 11:32:00, 25.25, 25.14, 24.96, 24.97, 23.83, 0, 0, 4.28
2019/05/31 11:33:00, 25.25, 25.18, 24.98, 24.88, 23.75, 0, 0, 4.28
2019/05/31 11:34:00, 25.25, 25.15, 25.00, 24.91, 23.76, 0, 0, 4.28
2019/05/31 11:35:00, 25.25, 25.19, 24.99, 24.84, 23.67, 0, 0, 4.28
2019/05/31 11:36:00, 25.25, 25.19, 24.99, 24.79, 23.67, 0, 0, 4.28
2019/05/31 11:37:00, 25.25, 25.16, 24.98, 24.76, 23.60, 0, 0, 4.28
2019/05/31 11:38:00, 25.25, 25.18, 24.99, 24.82, 23.66, 0, 0, 4.28
2019/05/31 11:39:00, 25.25, 25.19, 25.00, 24.79, 23.64, 0, 0, 4.28
2019/05/31 11:40:00, 25.25, 25.22, 25.01, 24.75, 23.63, 0, 0, 4.28
2019/05/31 11:41:00, 25.25, 25.21, 25.02, 24.71, 23.53, 0, 0, 4.28
2019/05/31 11:42:00, 25.25, 25.19, 25.00, 24.72, 23.53, 0, 0, 4.28
2019/05/31 11:43:00, 25.25, 25.23, 24.99, 24.69, 23.49, 0, 0, 4.28
2019/05/31 11:44:00, 25.25, 25.21, 25.00, 24.52, 23.47, 0, 0, 4.28
2019/05/31 11:45:00, 25.25, 25.15, 24.96, 24.57, 23.40, 0, 0, 4.28
2019/05/31 11:46:00, 25.25, 25.15, 24.95, 24.78, 23.51, 0, 0, 4.28
2019/05/31 11:47:00, 25.25, 25.15, 24.94, 24.62, 23.51, 0, 0, 4.28
2019/05/31 11:48:00, 25.25, 25.12, 24.94, 24.54, 23.44, 0, 0, 4.28
2019/05/31 11:49:00, 25.25, 25.12, 24.94, 24.54, 23.44, 0, 0, 4.28
2019/05/31 11:50:00, 25.25, 25.11, 24.92, 24.54, 23.36, 0, 0, 4.28
2019/05/31 11:51:00, 25.25, 25.15, 24.92, 24.64, 23.47, 0, 0, 4.28
2019/05/31 11:52:00, 25.25, 25.11, 24.92, 24.51, 23.35, 0, 0, 4.28
2019/05/31 11:53:00, 25.25, 25.12, 24.92, 24.60, 23.40, 0, 0, 4.28
2019/05/31 11:54:00, 25.25, 25.12, 24.92, 24.58, 23.41, 0, 0, 4.28
2019/05/31 11:55:00, 25.25, 25.12, 24.93, 24.41, 23.28, 0, 0, 4.28
2019/05/31 11:56:00, 25.25, 25.12, 24.93, 24.57, 23.38, 0, 0, 4.28
2019/05/31 11:57:00, 25.25, 25.16, 24.97, 24.66, 23.44, 0, 0, 4.28
2019/05/31 11:58:00, 25.25, 25.18, 24.98, 24.56, 23.40, 0, 0, 4.28
2019/05/31 11:59:00, 25.25, 25.16, 24.96, 24.50, 23.34, 0, 0, 4.28
2019/05/31 12:00:00, 25.25, 25.18, 24.97, 24.51, 23.32, 0, 0, 4.28
2019/05/31 12:01:00, 25.25, 25.15, 24.95, 24.46, 23.33, 0, 0, 4.28
2019/05/31 12:02:00, 25.25, 25.12, 24.94, 24.50, 23.29, 0, 0, 4.28
2019/05/31 12:03:00, 25.25, 25.11, 24.93, 24.33, 23.28, 0, 0, 4.28
2019/05/31 12:04:00, 25.25, 25.12, 24.92, 24.42, 23.24, 0, 0, 4.28
2019/05/31 12:05:00, 25.25, 25.14, 24.92, 24.45, 23.26, 0, 0, 4.28
2019/05/31 12:06:00, 25.25, 25.12, 24.92, 24.28, 23.17, 0, 0, 4.28
2019/05/31 12:07:00, 25.25, 25.08, 24.87, 24.27, 23.10, 0, 0, 4.28
2019/05/31 12:08:00, 25.25, 25.06, 24.87, 24.39, 23.19, 0, 0, 4.28
2019/05/31 12:09:00, 25.25, 25.05, 24.91, 24.51, 23.29, 0, 0, 4.28
2019/05/31 12:10:00, 25.25, 25.09, 24.90, 24.35, 23.19, 0, 0, 4.28
2019/05/31 12:11:00, 25.25, 25.05, 24.89, 24.40, 23.15, 0, 0, 4.28
2019/05/31 12:12:00, 25.25, 25.05, 24.89, 24.34, 23.20, 0, 0, 4.28
2019/05/31 12:13:00, 25.25, 25.05, 24.87, 24.31, 23.15, 0, 0, 4.28
2019/05/31 12:14:00, 25.25, 25.11, 24.89, 24.32, 23.12, 0, 0, 4.28
2019/05/31 12:15:00, 25.25, 25.12, 24.91, 24.26, 23.08, 0, 0, 4.28
2019/05/31 12:16:00, 25.25, 25.11, 24.89, 24.29, 23.03, 0, 0, 4.28
2019/05/31 12:17:00, 25.25, 25.14, 24.91, 24.14, 22.99, 0, 0, 4.28
2019/05/31 12:18:00, 25.25, 25.11, 24.89, 24.18, 22.95, 0, 0, 4.28
2019/05/31 12:19:00, 25.25, 25.08, 24.89, 24.29, 23.03, 0, 0, 4.28
2019/05/31 12:20:00, 25.25, 25.06, 24.91, 24.22, 23.07, 0, 0, 4.28
2019/05/31 12:21:00, 25.25, 25.11, 24.89, 24.20, 23.02, 0, 0, 4.28
2019/05/31 12:22:00, 25.25, 25.09, 24.92, 24.24, 23.04, 0, 0, 4.28
2019/05/31 12:23:00, 25.25, 25.12, 24.90, 24.11, 22.93, 0, 0, 4.28
2019/05/31 12:24:00, 25.25, 25.11, 24.92, 24.13, 22.96, 0, 0, 4.28
2019/05/31 12:25:00, 25.25, 25.12, 24.94, 24.04, 22.93, 0, 0, 4.28
2019/05/31 12:26:00, 25.25, 25.09, 24.90, 24.14, 22.92, 0, 0, 4.28
2019/05/31 12:27:00, 25.25, 25.09, 24.92, 24.07, 22.93, 0, 0, 4.28
2019/05/31 12:28:00, 25.25, 25.08, 24.92, 24.14, 22.88, 0, 0, 4.28
2019/05/31 12:29:00, 25.25, 25.09, 24.92, 24.10, 22.92, 0, 0, 4.28
2019/05/31 12:30:00, 25.25, 25.12, 24.92, 24.05, 22.80, 0, 0, 4.28
2019/05/31 12:31:00, 25.25, 25.14, 24.92, 24.05, 22.86, 0, 0, 4.28
2019/05/31 12:32:00, 25.25, 25.11, 24.94, 24.01, 22.80, 0, 0, 4.28
2019/05/31 12:33:00, 25.25, 25.15, 24.96, 24.11, 22.87, 0, 0, 4.28
2019/05/31 12:34:00, 25.25, 25.19, 24.97, 23.97, 22.83, 0, 0, 4.28
2019/05/31 12:35:00, 25.25, 25.15, 24.94, 24.11, 22.84, 0, 0, 4.28
2019/05/31 12:36:00, 25.25, 25.16, 24.97, 24.14, 22.94, 0, 0, 4.28
2019/05/31 12:37:00, 25.25, 25.18, 24.97, 24.04, 22.90, 0, 0, 4.28
2019/05/31 12:38:00, 25.25, 25.19, 24.98, 23.97, 22.83, 0, 0, 4.28
2019/05/31 12:39:00, 25.25, 25.18, 24.99, 23.90, 22.76, 0, 0, 4.28
2019/05/31 12:40:00, 25.25, 25.18, 25.02, 23.85, 22.69, 0, 0, 4.28
2019/05/31 12:41:00, 25.25, 25.21, 24.99, 23.79, 22.59, 0, 0, 4.28
2019/05/31 12:42:00, 25.25, 25.19, 24.98, 23.72, 22.55, 0, 0, 4.28
2019/05/31 12:43:00, 25.25, 25.21, 24.98, 23.78, 22.55, 0, 0, 4.28
2019/05/31 12:44:00, 25.25, 25.18, 24.99, 23.73, 22.54, 0, 0, 4.28
2019/05/31 12:45:00, 25.25, 25.21, 25.00, 23.71, 22.54, 0, 0, 4.28
2019/05/31 12:46:00, 25.25, 25.18, 24.99, 23.69, 22.48, 0, 0, 4.28
2019/05/31 12:47:00, 25.25, 25.19, 25.01, 23.69, 22.48, 0, 0, 4.28
2019/05/31 12:48:00, 25.25, 25.21, 24.98, 23.72, 22.50, 0, 0, 4.28
2019/05/31 12:49:00, 25.25, 25.19, 24.99, 23.71, 22.54, 0, 0, 4.28
2019/05/31 12:50:00, 25.25, 25.21, 25.00, 23.71, 22.50, 0, 0, 4.28
2019/05/31 12:51:00, 25.25, 25.21, 25.02, 23.69, 22.45, 0, 0, 4.28
2019/05/31 12:52:00, 25.25, 25.21, 25.02, 23.56, 22.38, 0, 0, 4.28
2019/05/31 12:53:00, 25.25, 25.22, 25.01, 23.50, 22.33, 0, 0, 4.28
2019/05/31 12:54:00, 25.25, 25.23, 25.01, 23.58, 22.35, 0, 0, 4.28
2019/05/31 12:55:00, 25.25, 25.22, 25.04, 23.47, 22.28, 0, 0, 4.28
2019/05/31 12:56:00, 25.25, 25.23, 25.04, 23.37, 22.22, 0, 0, 4.28
2019/05/31 12:57:00, 25.25, 25.22, 25.04, 23.36, 22.16, 0, 0, 4.28
2019/05/31 12:58:00, 25.25, 25.19, 24.99, 23.39, 22.16, 0, 0, 4.28
2019/05/31 12:59:00, 25.25, 25.18, 24.98, 23.37, 22.20, 0, 0, 4.28
2019/05/31 13:00:00, 25.25, 25.22, 24.98, 23.52, 22.25, 0, 0, 4.28
2019/05/31 13:01:00, 25.25, 25.21, 25.02, 23.44, 22.24, 0, 0, 4.28
2019/05/31 13:02:00, 25.25, 25.19, 24.99, 23.26, 22.11, 0, 0, 4.28
2019/05/31 13:03:00, 25.25, 25.21, 24.98, 23.45, 22.16, 0, 0, 4.28
2019/05/31 13:04:00, 25.25, 25.19, 25.04, 23.54, 22.26, 0, 0, 4.28
2019/05/31 13:05:00, 25.25, 25.19, 25.02, 23.45, 22.23, 0, 0, 4.28
2019/05/31 13:06:00, 25.25, 25.19, 25.04, 23.34, 22.20, 0, 0, 4.28
2019/05/31 13:07:00, 25.25, 25.23, 25.02, 23.36, 22.17, 0, 0, 4.28
2019/05/31 13:08:00, 25.25, 25.23, 25.06, 23.34, 22.15, 0, 0, 4.28
2019/05/31 13:09:00, 25.25, 25.26, 25.06, 23.25, 22.07, 0, 0, 4.28
2019/05/31 13:10:00, 25.50, 25.28, 25.08, 23.23, 22.06, 0, 0, 4.28
2019/05/31 13:11:00, 25.25, 25.22, 25.02, 23.12, 21.96, 0, 0, 4.28
2019/05/31 13:12:00, 25.50, 25.23, 25.01, 23.23, 21.96, 0, 0, 4.28
2019/05/31 13:13:00, 25.50, 25.19, 24.99, 23.21, 21.99, 0, 0, 4.28
2019/05/31 13:14:00, 25.50, 25.16, 24.98, 23.22, 21.99, 0, 0, 4.28
2019/05/31 13:15:00, 25.50, 25.16, 24.95, 23.17, 21.96, 0, 0, 4.28
2019/05/31 13:16:00, 25.50, 25.11, 24.87, 23.22, 22.03, 0, 0, 4.28
2019/05/31 13:17:00, 25.50, 25.04, 24.82, 23.28, 22.07, 0, 0, 4.28
2019/05/31 13:18:00, 25.25, 24.97, 24.78, 23.41, 22.16, 0, 0, 4.28
2019/05/31 13:19:00, 25.25, 24.91, 24.75, 23.45, 22.22, 0, 0, 4.28
2019/05/31 13:20:00, 25.25, 24.88, 24.71, 23.52, 22.28, 0, 0, 4.28
2019/05/31 13:21:00, 25.25, 24.88, 24.67, 23.46, 22.22, 0, 0, 4.28
2019/05/31 13:22:00, 25.25, 24.81, 24.65, 23.52, 22.27, 0, 0, 4.28
2019/05/31 13:23:00, 25.25, 24.81, 24.63, 23.56, 22.32, 0, 0, 4.28
2019/05/31 13:24:00, 25.25, 24.81, 24.63, 23.63, 22.35, 0, 0, 4.28
2019/05/31 13:25:00, 25.25, 24.77, 24.60, 23.59, 22.36, 0, 0, 4.28
2019/05/31 13:26:00, 25.25, 24.77, 24.58, 23.56, 22.30, 0, 0, 4.28
2019/05/31 13:27:00, 25.25, 24.80, 24.57, 23.56, 22.35, 0, 0, 4.28
2019/05/31 13:28:00, 25.25, 24.77, 24.60, 23.62, 22.36, 0, 0, 4.28
2019/05/31 13:29:00, 25.25, 24.77, 24.62, 23.56, 22.35, 0, 0, 4.28
2019/05/31 13:30:00, 25.25, 24.78, 24.58, 23.62, 22.31, 0, 0, 4.28
2019/05/31 13:31:00, 25.25, 24.78, 24.60, 23.46, 22.25, 0, 0, 4.28
2019/05/31 13:32:00, 25.25, 24.75, 24.58, 23.54, 22.25, 0, 0, 4.28
2019/05/31 13:33:00, 25.25, 24.75, 24.57, 23.45, 22.27, 0, 0, 4.28
2019/05/31 13:34:00, 25.25, 24.75, 24.56, 23.50, 22.27, 0, 0, 4.28
2019/05/31 13:35:00, 25.25, 24.73, 24.56, 23.45, 22.23, 0, 0, 4.28
2019/05/31 13:36:00, 25.25, 24.71, 24.55, 23.54, 22.28, 0, 0, 4.28
2019/05/31 13:37:00, 25.25, 24.70, 24.55, 23.52, 22.26, 0, 0, 4.28
2019/05/31 13:38:00, 25.25, 24.71, 24.52, 23.51, 22.23, 0, 0, 4.28
2019/05/31 13:39:00, 25.25, 24.69, 24.48, 23.54, 22.28, 0, 0, 4.28
2019/05/31 13:40:00, 25.25, 24.64, 24.46, 23.61, 22.30, 0, 0, 4.28
2019/05/31 13:41:00, 25.25, 24.64, 24.45, 23.62, 22.34, 0, 0, 4.28
2019/05/31 13:42:00, 25.25, 24.63, 24.47, 23.63, 22.37, 0, 0, 4.28
2019/05/31 13:43:00, 25.25, 24.64, 24.46, 23.62, 22.38, 0, 0, 4.28
2019/05/31 13:44:00, 25.25, 24.61, 24.45, 23.68, 22.38, 0, 0, 4.28
2019/05/31 13:45:00, 25.25, 24.61, 24.47, 23.63, 22.39, 0, 0, 4.28
2019/05/31 13:46:00, 25.25, 24.61, 24.45, 23.61, 22.36, 0, 0, 4.28
2019/05/31 13:47:00, 25.25, 24.61, 24.41, 23.59, 22.37, 0, 0, 4.28
2019/05/31 13:48:00, 25.25, 24.61, 24.42, 23.74, 22.44, 0, 0, 4.28
2019/05/31 13:49:00, 25.25, 24.63, 24.46, 23.71, 22.46, 0, 0, 4.28
2019/05/31 13:50:00, 25.25, 24.63, 24.46, 23.61, 22.40, 0, 0, 4.28
2019/05/31 13:51:00, 25.25, 24.60, 24.41, 23.50, 22.31, 0, 0, 4.28
2019/05/31 13:52:00, 25.25, 24.61, 24.41, 23.50, 22.28, 0, 0, 4.28
2019/05/31 13:53:00, 25.25, 24.60, 24.43, 23.55, 22.32, 0, 0, 4.28
2019/05/31 13:54:00, 25.25, 24.57, 24.41, 23.52, 22.28, 0, 0, 4.28
2019/05/31 13:55:00, 25.00, 24.60, 24.41, 23.47, 22.27, 0, 0, 4.28
2019/05/31 13:56:00, 25.00, 24.57, 24.38, 23.50, 22.24, 0, 0, 4.28
2019/05/31 13:57:00, 25.00, 24.63, 24.42, 23.44, 22.28, 0, 0, 4.28
2019/05/31 13:58:00, 25.00, 24.64, 24.46, 23.43, 22.23, 0, 0, 4.28
2019/05/31 13:59:00, 25.00, 24.66, 24.46, 23.43, 22.19, 0, 0, 4.28
2019/05/31 14:00:00, 25.00, 24.66, 24.50, 23.42, 22.18, 0, 0, 4.28
2019/05/31 14:01:00, 25.00, 24.66, 24.49, 23.40, 22.12, 0, 0, 4.28
2019/05/31 14:02:00, 25.00, 24.67, 24.49, 23.30, 22.06, 0, 0, 4.28
2019/05/31 14:03:00, 25.00, 24.61, 24.46, 23.12, 21.96, 0, 0, 4.28
2019/05/31 14:04:00, 25.00, 24.57, 24.40, 23.22, 21.99, 0, 0, 4.28
2019/05/31 14:05:00, 25.00, 24.54, 24.35, 23.23, 21.99, 0, 0, 4.28
2019/05/31 14:06:00, 25.00, 24.52, 24.34, 23.34, 22.09, 0, 0, 4.28
2019/05/31 14:07:00, 25.00, 24.50, 24.32, 23.29, 22.06, 0, 0, 4.28
2019/05/31 14:08:00, 25.00, 24.47, 24.27, 23.32, 22.06, 0, 0, 4.28
2019/05/31 14:09:00, 25.00, 24.47, 24.30, 23.45, 22.16, 0, 0, 4.28
2019/05/31 14:10:00, 25.00, 24.46, 24.27, 23.32, 22.09, 0, 0, 4.28
2019/05/31 14:11:00, 25.00, 24.44, 24.25, 23.27, 22.06, 0, 0, 4.28
2019/05/31 14:12:00, 25.00, 24.43, 24.25, 23.38, 22.09, 0, 0, 4.28
2019/05/31 14:13:00, 25.00, 24.46, 24.27, 23.42, 22.18, 0, 0, 4.28
2019/05/31 14:14:00, 25.00, 24.49, 24.30, 23.39, 22.16, 0, 0, 4.28
2019/05/31 14:15:00, 25.00, 24.47, 24.32, 23.36, 22.10, 0, 0, 4.28
2019/05/31 14:16:00, 25.00, 24.52, 24.33, 23.34, 22.11, 0, 0, 4.28
2019/05/31 14:17:00, 25.00, 24.54, 24.36, 23.31, 22.06, 0, 0, 4.28
2019/05/31 14:18:00, 25.00, 24.57, 24.39, 23.25, 22.00, 0, 0, 4.28
2019/05/31 14:19:00, 25.00, 24.59, 24.41, 23.20, 21.96, 0, 0, 4.28
2019/05/31 14:20:00, 25.00, 24.61, 24.43, 23.14, 21.92, 0, 0, 4.28
2019/05/31 14:21:00, 25.00, 24.66, 24.49, 23.04, 21.87, 0, 0, 4.28
2019/05/31 14:22:00, 25.00, 24.69, 24.48, 23.00, 21.83, 0, 0, 4.28
2019/05/31 14:23:00, 25.00, 24.67, 24.50, 22.94, 21.80, 0, 0, 4.28
2019/05/31 14:24:00, 25.00, 24.69, 24.52, 22.98, 21.75, 0, 0, 4.28
2019/05/31 14:25:00, 25.00, 24.71, 24.54, 22.97, 21.74, 0, 0, 4.28
2019/05/31 14:26:00, 25.00, 24.73, 24.55, 22.88, 21.73, 0, 0, 4.28
2019/05/31 14:27:00, 25.00, 24.74, 24.56, 22.92, 21.67, 0, 0, 4.28
2019/05/31 14:28:00, 25.00, 24.75, 24.60, 22.85, 21.66, 0, 0, 4.28
2019/05/31 14:29:00, 25.00, 24.77, 24.60, 22.81, 21.63, 0, 0, 4.28
2019/05/31 14:30:00, 25.00, 24.78, 24.62, 22.84, 21.62, 0, 0, 4.28
2019/05/31 14:31:00, 25.00, 24.80, 24.58, 22.86, 21.60, 0, 0, 4.28
2019/05/31 14:32:00, 25.00, 24.80, 24.62, 22.82, 21.58, 0, 0, 4.28
2019/05/31 14:33:00, 25.00, 24.77, 24.63, 22.81, 21.59, 0, 0, 4.28
2019/05/31 14:34:00, 25.00, 24.80, 24.63, 22.71, 21.53, 0, 0, 4.28
2019/05/31 14:35:00, 25.00, 24.82, 24.65, 22.71, 21.51, 0, 0, 4.28
2019/05/31 14:36:00, 25.00, 24.82, 24.65, 22.65, 21.47, 0, 0, 4.28
2019/05/31 14:37:00, 25.00, 24.82, 24.65, 22.63, 21.44, 0, 0, 4.28
2019/05/31 14:38:00, 25.00, 24.84, 24.64, 22.58, 21.40, 0, 0, 4.28
2019/05/31 14:39:00, 25.00, 24.84, 24.66, 22.55, 21.36, 0, 0, 4.28
2019/05/31 14:40:00, 25.00, 24.82, 24.68, 22.54, 21.34, 0, 0, 4.28
2019/05/31 14:41:00, 25.00, 24.84, 24.67, 22.52, 21.33, 0, 0, 4.28
2019/05/31 14:42:00, 25.00, 24.85, 24.67, 22.47, 21.30, 0, 0, 4.28
2019/05/31 14:43:00, 25.00, 24.81, 24.67, 22.50, 21.29, 0, 0, 4.28
2019/05/31 14:44:00, 25.00, 24.85, 24.66, 22.45, 21.28, 0, 0, 4.28
2019/05/31 14:45:00, 25.00, 24.84, 24.64, 22.44, 21.28, 0, 0, 4.28
2019/05/31 14:46:00, 25.00, 24.87, 24.65, 22.44, 21.26, 0, 0, 4.28
2019/05/31 14:47:00, 25.00, 24.85, 24.68, 22.39, 21.25, 0, 0, 4.28
2019/05/31 14:48:00, 25.00, 24.85, 24.67, 22.42, 21.23, 0, 0, 4.28
2019/05/31 14:49:00, 25.00, 24.85, 24.67, 22.42, 21.20, 0, 0, 4.28
2019/05/31 14:50:00, 25.00, 24.85, 24.69, 22.31, 21.15, 0, 0, 4.28
2019/05/31 14:51:00, 25.00, 24.87, 24.67, 22.29, 21.13, 0, 0, 4.28
2019/05/31 14:52:00, 25.00, 24.85, 24.69, 22.21, 21.06, 0, 0, 4.28
2019/05/31 14:53:00, 25.00, 24.87, 24.67, 22.16, 21.06, 0, 0, 4.28
2019/05/31 14:54:00, 25.00, 24.85, 24.68, 22.16, 21.02, 0, 0, 4.28
2019/05/31 14:55:00, 25.00, 24.88, 24.69, 22.13, 21.00, 0, 0, 4.28
2019/05/31 14:56:00, 25.00, 24.87, 24.69, 22.08, 20.95, 0, 0, 4.28
2019/05/31 14:57:00, 25.00, 24.84, 24.67, 22.15, 20.93, 0, 0, 4.28
2019/05/31 14:58:00, 25.00, 24.84, 24.68, 22.11, 20.93, 0, 0, 4.28
2019/05/31 14:59:00, 25.00, 24.84, 24.65, 22.03, 20.87, 0, 0, 4.28
2019/05/31 15:00:00, 25.00, 24.84, 24.66, 22.06, 20.90, 0, 0, 4.28
2019/05/31 15:01:00, 25.00, 24.87, 24.67, 22.05, 20.87, 0, 0, 4.28
2019/05/31 15:02:00, 25.00, 24.87, 24.70, 21.98, 20.85, 0, 0, 4.28
2019/05/31 15:03:00, 25.00, 24.85, 24.68, 21.95, 20.79, 0, 0, 4.28
2019/05/31 15:04:00, 25.00, 24.84, 24.68, 21.95, 20.77, 0, 0, 4.28
2019/05/31 15:05:00, 25.00, 24.85, 24.68, 21.89, 20.76, 0, 0, 4.28
2019/05/31 15:06:00, 25.00, 24.85, 24.69, 21.96, 20.75, 0, 0, 4.28
2019/05/31 15:07:00, 25.00, 24.85, 24.67, 21.87, 20.73, 0, 0, 4.28
2019/05/31 15:08:00, 25.00, 24.85, 24.68, 21.79, 20.68, 0, 0, 4.28
2019/05/31 15:09:00, 25.00, 24.84, 24.67, 21.84, 20.70, 0, 0, 4.28
2019/05/31 15:10:00, 25.00, 24.84, 24.67, 21.80, 20.66, 0, 0, 4.28
2019/05/31 15:11:00, 25.00, 24.85, 24.69, 21.80, 20.67, 0, 0, 4.28
2019/05/31 15:12:00, 25.00, 24.87, 24.68, 21.76, 20.67, 0, 0, 4.28
2019/05/31 15:13:00, 25.00, 24.85, 24.68, 21.82, 20.62, 0, 0, 4.28
2019/05/31 15:14:00, 25.00, 24.87, 24.68, 21.80, 20.61, 0, 0, 4.28
2019/05/31 15:15:00, 25.00, 24.87, 24.69, 21.79, 20.61, 0, 0, 4.28
2019/05/31 15:16:00, 25.00, 24.88, 24.70, 21.76, 20.62, 0, 0, 4.28
2019/05/31 15:17:00, 25.00, 24.88, 24.69, 21.69, 20.59, 0, 0, 4.28
2019/05/31 15:18:00, 25.00, 24.84, 24.69, 21.71, 20.55, 0, 0, 4.28
2019/05/31 15:19:00, 25.00, 24.88, 24.71, 21.76, 20.55, 0, 0, 4.28
2019/05/31 15:20:00, 25.00, 24.87, 24.68, 21.72, 20.56, 0, 0, 4.28
2019/05/31 15:21:00, 25.00, 24.85, 24.66, 21.71, 20.56, 0, 0, 4.28
2019/05/31 15:22:00, 25.00, 24.87, 24.68, 21.74, 20.54, 0, 0, 4.28
2019/05/31 15:23:00, 25.00, 24.85, 24.68, 21.64, 20.52, 0, 0, 4.28
2019/05/31 15:24:00, 25.00, 24.88, 24.67, 21.71, 20.52, 0, 0, 4.28
2019/05/31 15:25:00, 25.00, 24.88, 24.68, 21.66, 20.51, 0, 0, 4.28
2019/05/31 15:26:00, 25.00, 24.85, 24.66, 21.68, 20.50, 0, 0, 4.28
2019/05/31 15:27:00, 25.00, 24.85, 24.65, 21.66, 20.51, 0, 0, 4.28
2019/05/31 15:28:00, 25.00, 24.82, 24.66, 21.63, 20.48, 0, 0, 4.28
2019/05/31 15:29:00, 25.00, 24.87, 24.68, 21.63, 20.49, 0, 0, 4.28
2019/05/31 15:30:00, 25.00, 24.85, 24.67, 21.63, 20.45, 0, 0, 4.28
2019/05/31 15:31:00, 25.00, 24.87, 24.67, 21.63, 20.46, 0, 0, 4.28
2019/05/31 15:32:00, 25.00, 24.87, 24.67, 21.64, 20.48, 0, 0, 4.28
2019/05/31 15:33:00, 25.00, 24.85, 24.67, 21.56, 20.43, 0, 0, 4.28
2019/05/31 15:34:00, 25.00, 24.85, 24.65, 21.58, 20.43, 0, 0, 4.28
2019/05/31 15:35:00, 25.00, 24.84, 24.65, 21.61, 20.45, 0, 0, 4.28
2019/05/31 15:36:00, 25.00, 24.84, 24.65, 21.61, 20.45, 0, 0, 4.28
2019/05/31 15:37:00, 25.00, 24.82, 24.65, 21.54, 20.43, 0, 0, 4.28
2019/05/31 15:38:00, 25.00, 24.85, 24.65, 21.54, 20.39, 0, 0, 4.28
2019/05/31 15:39:00, 25.00, 24.85, 24.65, 21.56, 20.38, 0, 0, 4.28
2019/05/31 15:40:00, 25.00, 24.85, 24.66, 21.56, 20.39, 0, 0, 4.28
2019/05/31 15:41:00, 25.00, 24.84, 24.65, 21.53, 20.37, 0, 0, 4.28
2019/05/31 15:42:00, 25.00, 24.84, 24.65, 21.53, 20.37, 0, 0, 4.28
2019/05/31 15:43:00, 25.00, 24.85, 24.65, 21.44, 20.34, 0, 0, 4.28
2019/05/31 15:44:00, 25.00, 24.81, 24.65, 21.48, 20.31, 0, 0, 4.28
2019/05/31 15:45:00, 25.00, 24.80, 24.63, 21.49, 20.32, 0, 0, 4.28
2019/05/31 15:46:00, 25.00, 24.81, 24.66, 21.46, 20.32, 0, 0, 4.28
2019/05/31 15:47:00, 25.00, 24.81, 24.63, 21.45, 20.28, 0, 0, 4.28
2019/05/31 15:48:00, 25.00, 24.85, 24.67, 21.38, 20.28, 0, 0, 4.28
2019/05/31 15:49:00, 25.00, 24.84, 24.66, 21.36, 20.25, 0, 0, 4.28
2019/05/31 15:50:00, 25.00, 24.84, 24.66, 21.43, 20.26, 0, 0, 4.28
2019/05/31 15:51:00, 25.00, 24.82, 24.66, 21.38, 20.24, 0, 0, 4.28
2019/05/31 15:52:00, 25.00, 24.84, 24.64, 21.41, 20.22, 0, 0, 4.28
2019/05/31 15:53:00, 25.00, 24.84, 24.67, 21.36, 20.19, 0, 0, 4.28
2019/05/31 15:54:00, 25.00, 24.82, 24.68, 21.37, 20.22, 0, 0, 4.28
2019/05/31 15:55:00, 25.00, 24.85, 24.67, 21.35, 20.21, 0, 0, 4.28
2019/05/31 15:56:00, 25.00, 24.88, 24.68, 21.35, 20.23, 0, 0, 4.28
2019/05/31 15:57:00, 25.00, 24.85, 24.68, 21.29, 20.15, 0, 0, 4.28
2019/05/31 15:58:00, 25.00, 24.87, 24.68, 21.33, 20.19, 0, 0, 4.28
2019/05/31 15:59:00, 25.00, 24.88, 24.67, 21.29, 20.16, 0, 0, 4.28
2019/05/31 16:00:00, 25.00, 24.84, 24.67, 21.29, 20.13, 0, 0, 4.28
2019/05/31 16:01:00, 25.00, 24.85, 24.66, 21.29, 20.13, 0, 0, 4.28
2019/05/31 16:02:00, 25.00, 24.85, 24.67, 21.27, 20.11, 0, 0, 4.28
2019/05/31 16:03:00, 25.00, 24.85, 24.68, 21.17, 20.07, 0, 0, 4.28
2019/05/31 16:04:00, 25.00, 24.84, 24.65, 21.20, 20.04, 0, 0, 4.28
2019/05/31 16:05:00, 25.00, 24.82, 24.64, 21.23, 20.10, 0, 0, 4.28
2019/05/31 16:06:00, 25.00, 24.84, 24.66, 21.23, 20.07, 0, 0, 4.28
2019/05/31 16:07:00, 25.00, 24.82, 24.67, 21.28, 20.07, 0, 0, 4.28
2019/05/31 16:08:00, 25.00, 24.82, 24.68, 21.20, 20.09, 0, 0, 4.28
2019/05/31 16:09:00, 25.00, 24.87, 24.67, 21.25, 20.10, 0, 0, 4.28
2019/05/31 16:10:00, 25.00, 24.84, 24.65, 21.23, 20.09, 0, 0, 4.28
2019/05/31 16:11:00, 25.00, 24.84, 24.66, 21.25, 20.06, 0, 0, 4.28
2019/05/31 16:12:00, 25.00, 24.84, 24.67, 21.17, 20.06, 0, 0, 4.28
2019/05/31 16:13:00, 25.00, 24.87, 24.68, 21.19, 20.04, 0, 0, 4.28
2019/05/31 16:14:00, 25.00, 24.87, 24.68, 21.19, 20.05, 0, 0, 4.28
2019/05/31 16:15:00, 25.00, 24.87, 24.68, 21.27, 20.01, 0, 0, 4.28
2019/05/31 16:16:00, 25.00, 24.87, 24.68, 21.22, 20.00, 0, 0, 4.28
2019/05/31 16:17:00, 25.00, 24.84, 24.67, 21.14, 20.01, 0, 0, 4.28
2019/05/31 16:18:00, 25.00, 24.82, 24.68, 21.11, 20.00, 0, 0, 4.28
2019/05/31 16:19:00, 25.00, 24.87, 24.68, 21.17, 20.03, 0, 0, 4.28
2019/05/31 16:20:00, 25.00, 24.85, 24.68, 21.12, 20.00, 0, 0, 4.28
2019/05/31 16:21:00, 25.00, 24.85, 24.68, 21.14, 20.00, 0, 0, 4.28
2019/05/31 16:22:00, 25.00, 24.85, 24.67, 21.15, 19.99, 0, 0, 4.28
2019/05/31 16:23:00, 25.00, 24.85, 24.67, 21.19, 19.98, 0, 0, 4.28
2019/05/31 16:24:00, 25.00, 24.84, 24.65, 21.11, 19.98, 0, 0, 4.28
2019/05/31 16:25:00, 25.00, 24.84, 24.64, 21.15, 19.97, 0, 0, 4.28
2019/05/31 16:26:00, 25.00, 24.85, 24.65, 21.11, 20.01, 0, 0, 4.28
2019/05/31 16:27:00, 25.00, 24.85, 24.66, 21.19, 20.00, 0, 0, 4.28
2019/05/31 16:28:00, 25.00, 24.84, 24.67, 21.14, 19.99, 0, 0, 4.28
2019/05/31 16:29:00, 25.00, 24.84, 24.66, 21.09, 19.97, 0, 0, 4.28
2019/05/31 16:30:00, 25.00, 24.85, 24.67, 21.14, 19.98, 0, 0, 4.28
2019/05/31 16:31:00, 25.00, 24.85, 24.67, 21.11, 19.98, 0, 0, 4.28
2019/05/31 16:32:00, 25.00, 24.88, 24.68, 21.11, 19.97, 0, 0, 4.28
2019/05/31 16:33:00, 25.00, 24.87, 24.67, 21.04, 19.94, 0, 0, 4.28
2019/05/31 16:34:00, 25.00, 24.87, 24.68, 21.09, 19.94, 0, 0, 4.28
2019/05/31 16:35:00, 25.00, 24.85, 24.69, 21.06, 19.91, 0, 0, 4.28
2019/05/31 16:36:00, 25.00, 24.82, 24.68, 21.01, 19.91, 0, 0, 4.28
2019/05/31 16:37:00, 25.00, 24.87, 24.67, 21.02, 19.89, 0, 0, 4.28
2019/05/31 16:38:00, 25.00, 24.84, 24.69, 20.97, 19.83, 0, 0, 4.28
2019/05/31 16:39:00, 25.00, 24.84, 24.68, 20.96, 19.83, 0, 0, 4.28
2019/05/31 16:40:00, 25.00, 24.84, 24.68, 20.97, 19.84, 0, 0, 4.28
2019/05/31 16:41:00, 25.00, 24.87, 24.67, 20.94, 19.82, 0, 0, 4.28
2019/05/31 16:42:00, 25.00, 24.85, 24.68, 20.98, 19.81, 0, 0, 4.28
2019/05/31 16:43:00, 25.00, 24.87, 24.67, 20.94, 19.82, 0, 0, 4.28
2019/05/31 16:44:00, 25.00, 24.87, 24.69, 20.98, 19.80, 0, 0, 4.28
2019/05/31 16:45:00, 25.00, 24.85, 24.67, 20.91, 19.81, 0, 0, 4.28
2019/05/31 16:46:00, 25.00, 24.87, 24.67, 20.89, 19.77, 0, 0, 4.28
2019/05/31 16:47:00, 25.00, 24.87, 24.68, 20.88, 19.74, 0, 0, 4.28
2019/05/31 16:48:00, 25.00, 24.84, 24.68, 20.86, 19.68, 0, 0, 4.28
2019/05/31 16:49:00, 25.00, 24.84, 24.67, 20.81, 19.68, 0, 0, 4.28
2019/05/31 16:50:00, 25.00, 24.84, 24.70, 20.81, 19.70, 0, 0, 4.28
2019/05/31 16:51:00, 25.00, 24.85, 24.69, 20.80, 19.65, 0, 0, 4.28
2019/05/31 16:52:00, 25.00, 24.84, 24.68, 20.80, 19.65, 0, 0, 4.28
2019/05/31 16:53:00, 25.00, 24.88, 24.68, 20.85, 19.67, 0, 0, 4.28
2019/05/31 16:54:00, 25.00, 24.85, 24.69, 20.80, 19.63, 0, 0, 4.28
2019/05/31 16:55:00, 25.00, 24.85, 24.69, 20.70, 19.58, 0, 0, 4.28
2019/05/31 16:56:00, 25.00, 24.88, 24.68, 20.72, 19.55, 0, 0, 4.28
2019/05/31 16:57:00, 25.00, 24.87, 24.70, 20.75, 19.58, 0, 0, 4.28
2019/05/31 16:58:00, 25.00, 24.87, 24.69, 20.72, 19.55, 0, 0, 4.28
2019/05/31 16:59:00, 25.00, 24.88, 24.70, 20.70, 19.54, 0, 0, 4.28
2019/05/31 17:00:00, 25.00, 24.87, 24.71, 20.69, 19.55, 0, 0, 4.28
2019/05/31 17:01:00, 25.00, 24.87, 24.71, 20.67, 19.54, 0, 0, 4.28
2019/05/31 17:02:00, 25.00, 24.88, 24.70, 20.65, 19.51, 0, 0, 4.28
2019/05/31 17:03:00, 25.00, 24.85, 24.70, 20.65, 19.51, 0, 0, 4.28
2019/05/31 17:04:00, 25.00, 24.88, 24.68, 20.67, 19.50, 0, 0, 4.28
2019/05/31 17:05:00, 25.00, 24.85, 24.67, 20.62, 19.49, 0, 0, 4.28
2019/05/31 17:06:00, 25.00, 24.84, 24.68, 20.67, 19.49, 0, 0, 4.28
2019/05/31 17:07:00, 25.00, 24.87, 24.68, 20.67, 19.49, 0, 0, 4.28
2019/05/31 17:08:00, 25.00, 24.85, 24.69, 20.68, 19.49, 0, 0, 4.28
2019/05/31 17:09:00, 25.00, 24.87, 24.70, 20.64, 19.48, 0, 0, 4.28
2019/05/31 17:10:00, 25.00, 24.85, 24.68, 20.64, 19.47, 0, 0, 4.28
2019/05/31 17:11:00, 25.00, 24.85, 24.70, 20.62, 19.48, 0, 0, 4.28
2019/05/31 17:12:00, 25.00, 24.87, 24.69, 20.57, 19.47, 0, 0, 4.28
2019/05/31 17:13:00, 25.00, 24.88, 24.68, 20.62, 19.45, 0, 0, 4.28
2019/05/31 17:14:00, 25.00, 24.88, 24.69, 20.60, 19.44, 0, 0, 4.28
2019/05/31 17:15:00, 25.00, 24.87, 24.69, 20.57, 19.44, 0, 0, 4.28
2019/05/31 17:16:00, 25.00, 24.87, 24.70, 20.62, 19.42, 0, 0, 4.28
2019/05/31 17:17:00, 25.00, 24.87, 24.69, 20.62, 19.42, 0, 0, 4.28
2019/05/31 17:18:00, 25.00, 24.88, 24.68, 20.46, 19.39, 0, 0, 4.28
2019/05/31 17:19:00, 25.00, 24.85, 24.68, 20.54, 19.38, 0, 0, 4.28
2019/05/31 17:20:00, 25.00, 24.87, 24.68, 20.52, 19.39, 0, 0, 4.28
2019/05/31 17:21:00, 25.00, 24.88, 24.67, 20.52, 19.38, 0, 0, 4.28
2019/05/31 17:22:00, 25.00, 24.85, 24.67, 20.47, 19.36, 0, 0, 4.28
2019/05/31 17:23:00, 25.00, 24.84, 24.65, 20.48, 19.37, 0, 0, 4.28
2019/05/31 17:24:00, 25.00, 24.84, 24.64, 20.60, 19.42, 0, 0, 4.28
2019/05/31 17:25:00, 25.00, 24.82, 24.64, 20.57, 19.41, 0, 0, 4.28
2019/05/31 17:26:00, 25.00, 24.82, 24.65, 20.52, 19.41, 0, 0, 4.28
2019/05/31 17:27:00, 25.00, 24.84, 24.65, 20.53, 19.40, 0, 0, 4.28
2019/05/31 17:28:00, 25.00, 24.82, 24.66, 20.53, 19.37, 0, 0, 4.28
2019/05/31 17:29:00, 25.00, 24.81, 24.64, 20.55, 19.38, 0, 0, 4.28
2019/05/31 17:30:00, 25.00, 24.81, 24.63, 20.53, 19.39, 0, 0, 4.28
2019/05/31 17:31:00, 25.00, 24.81, 24.66, 20.52, 19.38, 0, 0, 4.28
2019/05/31 17:32:00, 25.00, 24.82, 24.62, 20.50, 19.35, 0, 0, 4.28
2019/05/31 17:33:00, 25.00, 24.80, 24.64, 20.48, 19.34, 0, 0, 4.28
2019/05/31 17:34:00, 25.00, 24.81, 24.62, 20.47, 19.35, 0, 0, 4.28
2019/05/31 17:35:00, 25.00, 24.80, 24.62, 20.44, 19.33, 0, 0, 4.28
2019/05/31 17:36:00, 25.00, 24.80, 24.63, 20.48, 19.32, 0, 0, 4.28
2019/05/31 17:37:00, 25.00, 24.80, 24.61, 20.53, 19.33, 0, 0, 4.28
2019/05/31 17:38:00, 25.00, 24.78, 24.61, 20.43, 19.32, 0, 0, 4.28
2019/05/31 17:39:00, 25.00, 24.78, 24.60, 20.40, 19.31, 0, 0, 4.28
2019/05/31 17:40:00, 25.00, 24.81, 24.60, 20.45, 19.32, 0, 0, 4.28
2019/05/31 17:41:00, 25.00, 24.78, 24.58, 20.50, 19.31, 0, 0, 4.28
2019/05/31 17:42:00, 25.00, 24.78, 24.61, 20.47, 19.32, 0, 0, 4.28
2019/05/31 17:43:00, 25.00, 24.80, 24.61, 20.45, 19.29, 0, 0, 4.28
2019/05/31 17:44:00, 25.00, 24.78, 24.58, 20.45, 19.30, 0, 0, 4.28
2019/05/31 17:45:00, 25.00, 24.77, 24.58, 20.47, 19.29, 0, 0, 4.28
2019/05/31 17:46:00, 25.00, 24.78, 24.60, 20.42, 19.32, 0, 0, 4.28
2019/05/31 17:47:00, 25.00, 24.80, 24.63, 20.43, 19.32, 0, 0, 4.28
2019/05/31 17:48:00, 25.00, 24.78, 24.62, 20.40, 19.26, 0, 0, 4.28
2019/05/31 17:49:00, 25.00, 24.78, 24.63, 20.37, 19.27, 0, 0, 4.28
2019/05/31 17:50:00, 25.00, 24.77, 24.60, 20.29, 19.24, 0, 0, 4.28
2019/05/31 17:51:00, 25.00, 24.75, 24.61, 20.39, 19.23, 0, 0, 4.28
2019/05/31 17:52:00, 25.00, 24.78, 24.58, 20.37, 19.25, 0, 0, 4.28
2019/05/31 17:53:00, 25.00, 24.77, 24.57, 20.42, 19.26, 0, 0, 4.28
2019/05/31 17:54:00, 25.00, 24.77, 24.57, 20.37, 19.27, 0, 0, 4.28
2019/05/31 17:55:00, 25.00, 24.77, 24.56, 20.42, 19.27, 0, 0, 4.28
2019/05/31 17:56:00, 25.00, 24.75, 24.57, 20.40, 19.26, 0, 0, 4.28
2019/05/31 17:57:00, 25.00, 24.77, 24.58, 20.42, 19.28, 0, 0, 4.28
2019/05/31 17:58:00, 25.00, 24.78, 24.58, 20.43, 19.27, 0, 0, 4.28
2019/05/31 17:59:00, 25.00, 24.77, 24.56, 20.37, 19.27, 0, 0, 4.28
2019/05/31 18:00:00, 25.00, 24.74, 24.56, 20.38, 19.26, 0, 0, 4.28
2019/05/31 18:01:00, 25.00, 24.73, 24.54, 20.42, 19.24, 0, 0, 4.28
2019/05/31 18:02:00, 25.00, 24.74, 24.54, 20.37, 19.27, 0, 0, 4.28
2019/05/31 18:03:00, 25.00, 24.74, 24.56, 20.42, 19.27, 0, 0, 4.28
2019/05/31 18:04:00, 25.00, 24.75, 24.58, 20.39, 19.26, 0, 0, 4.28
2019/05/31 18:05:00, 25.00, 24.75, 24.56, 20.32, 19.23, 0, 0, 4.28
2019/05/31 18:06:00, 25.00, 24.75, 24.56, 20.40, 19.23, 0, 0, 4.28
2019/05/31 18:07:00, 25.00, 24.77, 24.61, 20.40, 19.26, 0, 0, 4.28
2019/05/31 18:08:00, 25.00, 24.78, 24.58, 20.40, 19.23, 0, 0, 4.28
2019/05/31 18:09:00, 25.00, 24.78, 24.60, 20.37, 19.21, 0, 0, 4.28
2019/05/31 18:10:00, 25.00, 24.78, 24.62, 20.34, 19.24, 0, 0, 4.28
2019/05/31 18:11:00, 25.00, 24.77, 24.58, 20.37, 19.23, 0, 0, 4.28
2019/05/31 18:12:00, 25.00, 24.77, 24.60, 20.43, 19.24, 0, 0, 4.28
2019/05/31 18:13:00, 25.00, 24.78, 24.58, 20.43, 19.26, 0, 0, 4.28
2019/05/31 18:14:00, 25.00, 24.80, 24.61, 20.44, 19.26, 0, 0, 4.28
2019/05/31 18:15:00, 25.00, 24.78, 24.63, 20.42, 19.26, 0, 0, 4.28
2019/05/31 18:16:00, 25.00, 24.80, 24.63, 20.42, 19.29, 0, 0, 4.28
2019/05/31 18:17:00, 25.00, 24.82, 24.65, 20.37, 19.28, 0, 0, 4.28
2019/05/31 18:18:00, 25.00, 24.80, 24.63, 20.40, 19.29, 0, 0, 4.28
2019/05/31 18:19:00, 25.00, 24.81, 24.64, 20.48, 19.29, 0, 0, 4.28
2019/05/31 18:20:00, 25.00, 24.81, 24.65, 20.45, 19.29, 0, 0, 4.28
2019/05/31 18:21:00, 25.00, 24.81, 24.64, 20.40, 19.27, 0, 0, 4.28
2019/05/31 18:22:00, 25.00, 24.80, 24.65, 20.42, 19.27, 0, 0, 4.28
2019/05/31 18:23:00, 25.00, 24.80, 24.62, 20.40, 19.29, 0, 0, 4.28
2019/05/31 18:24:00, 25.00, 24.84, 24.62, 20.52, 19.33, 0, 0, 4.28
2019/05/31 18:25:00, 25.00, 24.81, 24.65, 20.45, 19.33, 0, 0, 4.28
2019/05/31 18:26:00, 25.00, 24.84, 24.65, 20.47, 19.32, 0, 0, 4.28
2019/05/31 18:27:00, 25.00, 24.82, 24.67, 20.47, 19.32, 0, 0, 4.28
2019/05/31 18:28:00, 25.00, 24.82, 24.67, 20.47, 19.33, 0, 0, 4.28
2019/05/31 18:29:00, 25.00, 24.85, 24.66, 20.45, 19.33, 0, 0, 4.28
2019/05/31 18:30:00, 25.00, 24.84, 24.67, 20.42, 19.30, 0, 0, 4.28
2019/05/31 18:31:00, 25.00, 24.81, 24.65, 20.42, 19.29, 0, 0, 4.28
2019/05/31 18:32:00, 25.00, 24.84, 24.65, 20.49, 19.31, 0, 0, 4.28
2019/05/31 18:33:00, 25.00, 24.82, 24.65, 20.50, 19.33, 0, 0, 4.28
2019/05/31 18:34:00, 25.00, 24.84, 24.65, 20.54, 19.34, 0, 0, 4.28
2019/05/31 18:35:00, 25.00, 24.82, 24.64, 20.49, 19.36, 0, 0, 4.28
2019/05/31 18:36:00, 25.00, 24.85, 24.65, 20.54, 19.36, 0, 0, 4.28
2019/05/31 18:37:00, 25.00, 24.84, 24.66, 20.55, 19.36, 0, 0, 4.28
2019/05/31 18:38:00, 25.00, 24.85, 24.67, 20.44, 19.34, 0, 0, 4.28
2019/05/31 18:39:00, 25.00, 24.87, 24.68, 20.49, 19.33, 0, 0, 4.28
2019/05/31 18:40:00, 25.00, 24.85, 24.65, 20.42, 19.31, 0, 0, 4.28
2019/05/31 18:41:00, 25.00, 24.84, 24.67, 20.49, 19.34, 0, 0, 4.28
2019/05/31 18:42:00, 25.00, 24.85, 24.66, 20.49, 19.33, 0, 0, 4.28
2019/05/31 18:43:00, 25.00, 24.85, 24.64, 20.49, 19.34, 0, 0, 4.28
2019/05/31 18:44:00, 25.00, 24.81, 24.65, 20.52, 19.34, 0, 0, 4.28
2019/05/31 18:45:00, 25.00, 24.84, 24.65, 20.52, 19.36, 0, 0, 4.28
2019/05/31 18:46:00, 25.00, 24.85, 24.67, 20.47, 19.36, 0, 0, 4.28
2019/05/31 18:47:00, 25.00, 24.87, 24.67, 20.54, 19.35, 0, 0, 4.28
2019/05/31 18:48:00, 25.00, 24.84, 24.68, 20.49, 19.32, 0, 0, 4.28
2019/05/31 18:49:00, 25.00, 24.85, 24.66, 20.49, 19.33, 0, 0, 4.28
2019/05/31 18:50:00, 25.00, 24.85, 24.65, 20.49, 19.36, 0, 0, 4.28
2019/05/31 18:51:00, 25.00, 24.82, 24.64, 20.46, 19.36, 0, 0, 4.28
2019/05/31 18:52:00, 25.00, 24.84, 24.65, 20.47, 19.34, 0, 0, 4.28
2019/05/31 18:53:00, 25.00, 24.81, 24.66, 20.47, 19.34, 0, 0, 4.28
2019/05/31 18:54:00, 25.00, 24.84, 24.63, 20.45, 19.33, 0, 0, 4.28
2019/05/31 18:55:00, 25.00, 24.84, 24.64, 20.44, 19.34, 0, 0, 4.28
2019/05/31 18:56:00, 25.00, 24.84, 24.64, 20.52, 19.34, 0, 0, 4.28
2019/05/31 18:57:00, 25.00, 24.85, 24.67, 20.44, 19.32, 0, 0, 4.28
2019/05/31 18:58:00, 25.00, 24.85, 24.67, 20.49, 19.31, 0, 0, 4.28
2019/05/31 18:59:00, 25.00, 24.85, 24.65, 20.44, 19.29, 0, 0, 4.28
2019/05/31 19:00:00, 25.00, 24.87, 24.66, 20.45, 19.28, 0, 0, 4.28
2019/05/31 19:01:00, 25.00, 24.84, 24.68, 20.42, 19.27, 0, 0, 4.28
2019/05/31 19:02:00, 25.00, 24.87, 24.67, 20.45, 19.26, 0, 0, 4.28
2019/05/31 19:03:00, 25.00, 24.85, 24.66, 20.42, 19.27, 0, 0, 4.28
2019/05/31 19:04:00, 25.00, 24.84, 24.66, 20.42, 19.27, 0, 0, 4.28
2019/05/31 19:05:00, 25.00, 24.88, 24.68, 20.46, 19.29, 0, 0, 4.28
2019/05/31 19:06:00, 25.00, 24.87, 24.68, 20.39, 19.26, 0, 0, 4.28
2019/05/31 19:07:00, 25.00, 24.85, 24.70, 20.36, 19.25, 0, 0, 4.28
2019/05/31 19:08:00, 25.00, 24.85, 24.68, 20.37, 19.26, 0, 0, 4.28
2019/05/31 19:09:00, 25.00, 24.82, 24.68, 20.33, 19.23, 0, 0, 4.28
2019/05/31 19:10:00, 25.00, 24.88, 24.66, 20.34, 19.21, 0, 0, 4.28
2019/05/31 19:11:00, 25.00, 24.85, 24.66, 20.37, 19.21, 0, 0, 4.28
2019/05/31 19:12:00, 25.00, 24.82, 24.68, 20.37, 19.20, 0, 0, 4.28
2019/05/31 19:13:00, 25.00, 24.85, 24.66, 20.33, 19.19, 0, 0, 4.28
2019/05/31 19:14:00, 25.00, 24.84, 24.68, 20.40, 19.23, 0, 0, 4.28
2019/05/31 19:15:00, 25.00, 24.84, 24.67, 20.36, 19.22, 0, 0, 4.28
2019/05/31 19:16:00, 25.00, 24.84, 24.66, 20.42, 19.23, 0, 0, 4.28
2019/05/31 19:17:00, 25.00, 24.82, 24.65, 20.42, 19.24, 0, 0, 4.28
2019/05/31 19:18:00, 25.00, 24.82, 24.64, 20.32, 19.21, 0, 0, 4.28
2019/05/31 19:19:00, 25.00, 24.84, 24.65, 20.37, 19.21, 0, 0, 4.28
2019/05/31 19:20:00, 25.00, 24.87, 24.63, 20.37, 19.22, 0, 0, 4.28
2019/05/31 19:21:00, 25.00, 24.82, 24.63, 20.42, 19.23, 0, 0, 4.28
2019/05/31 19:22:00, 25.00, 24.84, 24.65, 20.35, 19.26, 0, 0, 4.28
2019/05/31 19:23:00, 25.00, 24.84, 24.65, 20.37, 19.23, 0, 0, 4.28
2019/05/31 19:24:00, 25.00, 24.84, 24.63, 20.36, 19.23, 0, 0, 4.28
2019/05/31 19:25:00, 25.00, 24.81, 24.63, 20.37, 19.22, 0, 0, 4.28
2019/05/31 19:26:00, 25.00, 24.81, 24.62, 20.31, 19.21, 0, 0, 4.28
2019/05/31 19:27:00, 25.00, 24.82, 24.64, 20.39, 19.23, 0, 0, 4.28
2019/05/31 19:28:00, 25.00, 24.80, 24.62, 20.35, 19.23, 0, 0, 4.28
2019/05/31 19:29:00, 25.00, 24.80, 24.60, 20.34, 19.22, 0, 0, 4.28
2019/05/31 19:30:00, 25.00, 24.80, 24.61, 20.39, 19.24, 0, 0, 4.28
2019/05/31 19:31:00, 25.00, 24.80, 24.58, 20.27, 19.19, 0, 0, 4.28
2019/05/31 19:32:00, 25.00, 24.80, 24.58, 20.32, 19.20, 0, 0, 4.28
2019/05/31 19:33:00, 25.00, 24.77, 24.56, 20.27, 19.20, 0, 0, 4.28
2019/05/31 19:34:00, 25.00, 24.75, 24.56, 20.27, 19.17, 0, 0, 4.28
2019/05/31 19:35:00, 25.00, 24.73, 24.54, 20.30, 19.16, 0, 0, 4.28
2019/05/31 19:36:00, 25.00, 24.73, 24.54, 20.33, 19.18, 0, 0, 4.28
2019/05/31 19:37:00, 25.00, 24.71, 24.53, 20.30, 19.19, 0, 0, 4.28
2019/05/31 19:38:00, 25.00, 24.71, 24.53, 20.27, 19.14, 0, 0, 4.28
2019/05/31 19:39:00, 25.00, 24.73, 24.52, 20.25, 19.12, 0, 0, 4.28
2019/05/31 19:40:00, 25.00, 24.70, 24.50, 20.23, 19.12, 0, 0, 4.28
2019/05/31 19:41:00, 25.00, 24.71, 24.51, 20.25, 19.10, 0, 0, 4.28
2019/05/31 19:42:00, 25.00, 24.71, 24.51, 20.17, 19.07, 0, 0, 4.28
2019/05/31 19:43:00, 25.00, 24.69, 24.50, 20.17, 19.04, 0, 0, 4.28
2019/05/31 19:44:00, 25.00, 24.70, 24.51, 20.15, 19.05, 0, 0, 4.28
2019/05/31 19:45:00, 25.00, 24.69, 24.48, 20.18, 19.03, 0, 0, 4.28
2019/05/31 19:46:00, 25.00, 24.67, 24.47, 20.16, 19.03, 0, 0, 4.28
2019/05/31 19:47:00, 25.00, 24.70, 24.48, 20.21, 19.02, 0, 0, 4.28
2019/05/31 19:48:00, 25.00, 24.67, 24.48, 20.10, 19.00, 0, 0, 4.28
2019/05/31 19:49:00, 25.00, 24.69, 24.47, 20.18, 19.01, 0, 0, 4.28
2019/05/31 19:50:00, 25.00, 24.66, 24.47, 20.13, 19.00, 0, 0, 4.28
2019/05/31 19:51:00, 25.00, 24.63, 24.46, 20.16, 19.02, 0, 0, 4.28
2019/05/31 19:52:00, 25.00, 24.64, 24.46, 20.20, 19.00, 0, 0, 4.28
2019/05/31 19:53:00, 25.00, 24.64, 24.45, 20.18, 19.00, 0, 0, 4.28
2019/05/31 19:54:00, 25.00, 24.63, 24.45, 20.16, 19.01, 0, 0, 4.28
2019/05/31 19:55:00, 25.00, 24.61, 24.41, 20.15, 19.00, 0, 0, 4.28
2019/05/31 19:56:00, 25.00, 24.63, 24.43, 20.20, 18.99, 0, 0, 4.28
2019/05/31 19:57:00, 25.00, 24.60, 24.41, 20.16, 19.00, 0, 0, 4.28
2019/05/31 19:58:00, 25.00, 24.61, 24.40, 20.10, 18.97, 0, 0, 4.28
2019/05/31 19:59:00, 25.00, 24.60, 24.40, 20.08, 18.97, 0, 0, 4.28
2019/05/31 20:00:00, 25.00, 24.56, 24.38, 20.11, 18.98, 0, 0, 4.28
2019/05/31 20:01:00, 25.00, 24.57, 24.37, 20.10, 18.97, 0, 0, 4.28
2019/05/31 20:02:00, 25.00, 24.54, 24.36, 20.13, 19.00, 0, 0, 4.28
2019/05/31 20:03:00, 25.00, 24.56, 24.36, 20.13, 19.00, 0, 0, 4.28
2019/05/31 20:04:00, 25.00, 24.56, 24.40, 20.16, 18.98, 0, 0, 4.28
2019/05/31 20:05:00, 25.00, 24.56, 24.36, 20.18, 19.00, 0, 0, 4.28
2019/05/31 20:06:00, 25.00, 24.54, 24.37, 20.11, 18.98, 0, 0, 4.28
2019/05/31 20:07:00, 25.00, 24.56, 24.36, 20.13, 19.00, 0, 0, 4.28
2019/05/31 20:08:00, 25.00, 24.56, 24.34, 20.11, 18.97, 0, 0, 4.28
2019/05/31 20:09:00, 25.00, 24.53, 24.34, 20.12, 18.97, 0, 0, 4.28
2019/05/31 20:10:00, 25.00, 24.54, 24.33, 20.17, 18.97, 0, 0, 4.28
2019/05/31 20:11:00, 25.00, 24.52, 24.34, 20.09, 18.97, 0, 0, 4.28
2019/05/31 20:12:00, 25.00, 24.50, 24.31, 20.16, 18.98, 0, 0, 4.28
2019/05/31 20:13:00, 25.00, 24.52, 24.33, 20.14, 18.97, 0, 0, 4.28
2019/05/31 20:14:00, 25.00, 24.50, 24.34, 20.09, 18.99, 0, 0, 4.28
2019/05/31 20:15:00, 25.00, 24.53, 24.32, 20.11, 19.00, 0, 0, 4.28
2019/05/31 20:16:00, 25.00, 24.50, 24.32, 20.19, 18.97, 0, 0, 4.28
2019/05/31 20:17:00, 25.00, 24.50, 24.30, 20.06, 18.94, 0, 0, 4.28
2019/05/31 20:18:00, 25.00, 24.50, 24.30, 20.14, 18.97, 0, 0, 4.28
2019/05/31 20:19:00, 25.00, 24.49, 24.31, 20.12, 18.99, 0, 0, 4.28
2019/05/31 20:20:00, 25.00, 24.49, 24.31, 20.12, 18.97, 0, 0, 4.28
2019/05/31 20:21:00, 25.00, 24.49, 24.26, 20.12, 18.97, 0, 0, 4.28
2019/05/31 20:22:00, 25.00, 24.47, 24.26, 20.17, 18.96, 0, 0, 4.28
2019/05/31 20:23:00, 25.00, 24.46, 24.25, 20.09, 18.96, 0, 0, 4.28
2019/05/31 20:24:00, 25.00, 24.47, 24.25, 20.10, 18.97, 0, 0, 4.28
2019/05/31 20:25:00, 25.00, 24.46, 24.27, 20.06, 18.92, 0, 0, 4.28
2019/05/31 20:26:00, 25.00, 24.46, 24.27, 20.10, 18.97, 0, 0, 4.28
2019/05/31 20:27:00, 25.00, 24.43, 24.23, 20.05, 18.97, 0, 0, 4.28
2019/05/31 20:28:00, 25.00, 24.44, 24.25, 20.12, 18.97, 0, 0, 4.28
2019/05/31 20:29:00, 25.00, 24.43, 24.25, 20.15, 18.95, 0, 0, 4.28
2019/05/31 20:30:00, 25.00, 24.43, 24.23, 20.10, 18.95, 0, 0, 4.28
2019/05/31 20:31:00, 25.00, 24.42, 24.24, 20.17, 18.97, 0, 0, 4.28
2019/05/31 20:32:00, 25.00, 24.42, 24.23, 20.04, 18.95, 0, 0, 4.28
2019/05/31 20:33:00, 25.00, 24.40, 24.22, 20.07, 18.97, 0, 0, 4.28
2019/05/31 20:34:00, 25.00, 24.43, 24.21, 20.12, 18.98, 0, 0, 4.28
2019/05/31 20:35:00, 25.00, 24.40, 24.22, 20.17, 19.00, 0, 0, 4.28
2019/05/31 20:36:00, 25.00, 24.40, 24.20, 20.18, 19.00, 0, 0, 4.28
2019/05/31 20:37:00, 25.00, 24.39, 24.20, 20.21, 19.01, 0, 0, 4.28
2019/05/31 20:38:00, 25.00, 24.40, 24.20, 20.12, 19.01, 0, 0, 4.28
2019/05/31 20:39:00, 25.00, 24.38, 24.17, 20.21, 19.01, 0, 0, 4.28
2019/05/31 20:40:00, 24.75, 24.38, 24.19, 20.20, 19.02, 0, 0, 4.28
2019/05/31 20:41:00, 24.75, 24.39, 24.20, 20.17, 19.01, 0, 0, 4.28
2019/05/31 20:42:00, 24.75, 24.39, 24.19, 20.10, 19.00, 0, 0, 4.28
2019/05/31 20:43:00, 24.75, 24.39, 24.19, 20.12, 18.99, 0, 0, 4.28
2019/05/31 20:44:00, 24.75, 24.42, 24.20, 20.20, 18.98, 0, 0, 4.28
2019/05/31 20:45:00, 24.75, 24.39, 24.19, 20.13, 18.97, 0, 0, 4.28
2019/05/31 20:46:00, 24.75, 24.42, 24.20, 20.07, 18.97, 0, 0, 4.28
2019/05/31 20:47:00, 24.75, 24.40, 24.20, 20.08, 18.94, 0, 0, 4.28
2019/05/31 20:48:00, 24.75, 24.39, 24.21, 20.05, 18.90, 0, 0, 4.28
2019/05/31 20:49:00, 24.75, 24.40, 24.18, 20.00, 18.92, 0, 0, 4.28
2019/05/31 20:50:00, 24.75, 24.40, 24.20, 20.12, 18.93, 0, 0, 4.28
2019/05/31 20:51:00, 24.75, 24.40, 24.19, 20.03, 18.95, 0, 0, 4.28
2019/05/31 20:52:00, 24.75, 24.40, 24.19, 20.12, 18.93, 0, 0, 4.28
2019/05/31 20:53:00, 24.75, 24.39, 24.19, 20.10, 18.94, 0, 0, 4.28
2019/05/31 20:54:00, 24.75, 24.38, 24.19, 20.12, 18.94, 0, 0, 4.28
2019/05/31 20:55:00, 24.75, 24.39, 24.18, 20.07, 18.90, 0, 0, 4.28
2019/05/31 20:56:00, 24.75, 24.36, 24.17, 20.10, 18.92, 0, 0, 4.28
2019/05/31 20:57:00, 24.75, 24.36, 24.17, 20.08, 18.92, 0, 0, 4.28
2019/05/31 20:58:00, 24.75, 24.36, 24.16, 20.08, 18.89, 0, 0, 4.28
2019/05/31 20:59:00, 24.75, 24.36, 24.13, 20.10, 18.93, 0, 0, 4.28
2019/05/31 21:00:00, 24.75, 24.35, 24.15, 20.13, 18.94, 0, 0, 4.28
2019/05/31 21:01:00, 24.75, 24.35, 24.12, 20.14, 18.94, 0, 0, 4.28
2019/05/31 21:02:00, 24.75, 24.33, 24.17, 20.11, 18.94, 0, 0, 4.28
2019/05/31 21:03:00, 24.75, 24.35, 24.16, 20.11, 18.94, 0, 0, 4.28
2019/05/31 21:04:00, 24.75, 24.33, 24.13, 20.08, 18.90, 0, 0, 4.28
2019/05/31 21:05:00, 24.75, 24.35, 24.16, 20.02, 18.87, 0, 0, 4.28
2019/05/31 21:06:00, 24.75, 24.33, 24.15, 20.07, 18.89, 0, 0, 4.28
2019/05/31 21:07:00, 24.75, 24.36, 24.16, 20.08, 18.90, 0, 0, 4.28
2019/05/31 21:08:00, 24.75, 24.38, 24.16, 20.00, 18.87, 0, 0, 4.28
2019/05/31 21:09:00, 24.75, 24.38, 24.15, 20.03, 18.87, 0, 0, 4.28
2019/05/31 21:10:00, 24.75, 24.33, 24.15, 20.07, 18.87, 0, 0, 4.28
2019/05/31 21:11:00, 24.75, 24.36, 24.15, 20.03, 18.89, 0, 0, 4.28
2019/05/31 21:12:00, 24.75, 24.35, 24.16, 19.99, 18.85, 0, 0, 4.28
2019/05/31 21:13:00, 24.75, 24.33, 24.13, 19.97, 18.83, 0, 0, 4.28
2019/05/31 21:14:00, 24.75, 24.33, 24.13, 19.97, 18.86, 0, 0, 4.28
2019/05/31 21:15:00, 24.75, 24.31, 24.12, 20.01, 18.87, 0, 0, 4.28
2019/05/31 21:16:00, 24.75, 24.32, 24.13, 20.08, 18.89, 0, 0, 4.28
2019/05/31 21:17:00, 24.75, 24.33, 24.13, 20.07, 18.90, 0, 0, 4.28
2019/05/31 21:18:00, 24.75, 24.33, 24.16, 20.02, 18.87, 0, 0, 4.28
2019/05/31 21:19:00, 24.75, 24.32, 24.12, 19.95, 18.83, 0, 0, 4.28
2019/05/31 21:20:00, 24.75, 24.31, 24.12, 19.98, 18.87, 0, 0, 4.28
2019/05/31 21:21:00, 24.75, 24.32, 24.12, 20.00, 18.84, 0, 0, 4.28
2019/05/31 21:22:00, 24.75, 24.33, 24.13, 20.00, 18.83, 0, 0, 4.28
2019/05/31 21:23:00, 24.75, 24.31, 24.11, 19.96, 18.84, 0, 0, 4.28
2019/05/31 21:24:00, 24.75, 24.31, 24.11, 20.03, 18.84, 0, 0, 4.28
2019/05/31 21:25:00, 24.75, 24.31, 24.10, 20.00, 18.85, 0, 0, 4.28
2019/05/31 21:26:00, 24.75, 24.29, 24.08, 20.06, 18.87, 0, 0, 4.28
2019/05/31 21:27:00, 24.75, 24.27, 24.08, 20.08, 18.88, 0, 0, 4.28
2019/05/31 21:28:00, 24.75, 24.31, 24.07, 20.00, 18.87, 0, 0, 4.28
2019/05/31 21:29:00, 24.75, 24.29, 24.06, 20.06, 18.87, 0, 0, 4.28
2019/05/31 21:30:00, 24.75, 24.26, 24.06, 20.01, 18.89, 0, 0, 4.28
2019/05/31 21:31:00, 24.75, 24.26, 24.06, 19.98, 18.87, 0, 0, 4.28
2019/05/31 21:32:00, 24.75, 24.26, 24.07, 20.04, 18.87, 0, 0, 4.28
2019/05/31 21:33:00, 24.75, 24.27, 24.09, 20.01, 18.85, 0, 0, 4.28
2019/05/31 21:34:00, 24.75, 24.26, 24.07, 20.06, 18.87, 0, 0, 4.28
2019/05/31 21:35:00, 24.75, 24.27, 24.08, 20.07, 18.88, 0, 0, 4.28
2019/05/31 21:36:00, 24.75, 24.26, 24.06, 20.06, 18.86, 0, 0, 4.28
2019/05/31 21:37:00, 24.75, 24.25, 24.06, 20.04, 18.85, 0, 0, 4.28
2019/05/31 21:38:00, 24.75, 24.25, 24.06, 19.96, 18.86, 0, 0, 4.28
2019/05/31 21:39:00, 24.75, 24.23, 24.04, 20.06, 18.88, 0, 0, 4.28
2019/05/31 21:40:00, 24.75, 24.25, 24.07, 20.09, 18.90, 0, 0, 4.28
2019/05/31 21:41:00, 24.75, 24.22, 24.04, 20.01, 18.89, 0, 0, 4.28
2019/05/31 21:42:00, 24.75, 24.23, 24.02, 19.99, 18.89, 0, 0, 4.28
2019/05/31 21:43:00, 24.75, 24.22, 24.04, 20.06, 18.89, 0, 0, 4.28
2019/05/31 21:44:00, 24.75, 24.22, 24.03, 20.12, 18.91, 0, 0, 4.28
2019/05/31 21:45:00, 24.75, 24.22, 24.02, 20.07, 18.91, 0, 0, 4.28
2019/05/31 21:46:00, 24.75, 24.20, 24.01, 20.06, 18.87, 0, 0, 4.28
2019/05/31 21:47:00, 24.75, 24.19, 24.04, 20.01, 18.89, 0, 0, 4.28
2019/05/31 21:48:00, 24.75, 24.22, 24.01, 20.14, 18.94, 0, 0, 4.28
2019/05/31 21:49:00, 24.75, 24.22, 24.02, 20.09, 18.93, 0, 0, 4.28
2019/05/31 21:50:00, 24.75, 24.18, 24.01, 20.12, 18.92, 0, 0, 4.28
2019/05/31 21:51:00, 24.75, 24.20, 24.02, 20.15, 18.94, 0, 0, 4.28
2019/05/31 21:52:00, 24.75, 24.19, 24.01, 20.06, 18.92, 0, 0, 4.28
2019/05/31 21:53:00, 24.75, 24.18, 24.00, 20.07, 18.90, 0, 0, 4.28
2019/05/31 21:54:00, 24.75, 24.16, 23.98, 20.09, 18.91, 0, 0, 4.28
2019/05/31 21:55:00, 24.75, 24.15, 23.98, 20.20, 18.96, 0, 0, 4.28
2019/05/31 21:56:00, 24.75, 24.18, 23.97, 20.13, 18.97, 0, 0, 4.28
2019/05/31 21:57:00, 24.75, 24.19, 23.97, 20.14, 18.97, 0, 0, 4.28
2019/05/31 21:58:00, 24.75, 24.16, 23.97, 20.14, 18.97, 0, 0, 4.28
2019/05/31 21:59:00, 24.75, 24.15, 24.00, 20.18, 18.97, 0, 0, 4.28
2019/05/31 22:00:00, 24.75, 24.14, 23.98, 20.10, 18.94, 0, 0, 4.28
2019/05/31 22:01:00, 24.75, 24.14, 23.97, 20.15, 18.97, 0, 0, 4.28
2019/05/31 22:02:00, 24.75, 24.14, 23.96, 20.15, 18.98, 0, 0, 4.28
2019/05/31 22:03:00, 24.75, 24.14, 23.94, 20.12, 18.99, 0, 0, 4.28
2019/05/31 22:04:00, 24.50, 24.14, 23.93, 20.20, 19.03, 0, 0, 4.28
2019/05/31 22:05:00, 24.50, 24.14, 23.94, 20.18, 18.99, 0, 0, 4.28
2019/05/31 22:06:00, 24.50, 24.15, 23.95, 20.18, 19.01, 0, 0, 4.28
2019/05/31 22:07:00, 24.50, 24.12, 23.96, 20.21, 19.01, 0, 0, 4.28
2019/05/31 22:08:00, 24.50, 24.15, 23.95, 20.24, 19.02, 0, 0, 4.28
2019/05/31 22:09:00, 24.50, 24.16, 23.96, 20.22, 19.01, 0, 0, 4.28
2019/05/31 22:10:00, 24.50, 24.14, 23.95, 20.23, 19.03, 0, 0, 4.28
2019/05/31 22:11:00, 24.50, 24.14, 23.96, 20.20, 19.02, 0, 0, 4.28
2019/05/31 22:12:00, 24.50, 24.16, 23.94, 20.21, 19.00, 0, 0, 4.28
2019/05/31 22:13:00, 24.50, 24.16, 23.94, 20.24, 19.03, 0, 0, 4.28
2019/05/31 22:14:00, 24.50, 24.14, 23.97, 20.25, 19.03, 0, 0, 4.28
2019/05/31 22:15:00, 24.50, 24.14, 23.94, 20.18, 19.03, 0, 0, 4.28
2019/05/31 22:16:00, 24.50, 24.11, 23.94, 20.17, 19.04, 0, 0, 4.28
2019/05/31 22:17:00, 24.50, 24.15, 23.96, 20.18, 19.03, 0, 0, 4.28
2019/05/31 22:18:00, 24.50, 24.14, 23.95, 20.23, 19.07, 0, 0, 4.28
2019/05/31 22:19:00, 24.50, 24.14, 23.96, 20.24, 19.05, 0, 0, 4.28
2019/05/31 22:20:00, 24.50, 24.15, 23.94, 20.24, 19.07, 0, 0, 4.28
2019/05/31 22:21:00, 24.50, 24.12, 23.94, 20.20, 19.07, 0, 0, 4.28
2019/05/31 22:22:00, 24.50, 24.14, 23.94, 20.31, 19.08, 0, 0, 4.28
2019/05/31 22:23:00, 24.50, 24.12, 23.94, 20.23, 19.09, 0, 0, 4.28
2019/05/31 22:24:00, 24.50, 24.11, 23.94, 20.26, 19.07, 0, 0, 4.28
2019/05/31 22:25:00, 24.50, 24.09, 23.92, 20.23, 19.07, 0, 0, 4.28
2019/05/31 22:26:00, 24.50, 24.11, 23.93, 20.26, 19.10, 0, 0, 4.28
2019/05/31 22:27:00, 24.50, 24.11, 23.92, 20.34, 19.13, 0, 0, 4.28
2019/05/31 22:28:00, 24.50, 24.11, 23.93, 20.31, 19.13, 0, 0, 4.28
2019/05/31 22:29:00, 24.50, 24.11, 23.92, 20.28, 19.11, 0, 0, 4.28
2019/05/31 22:30:00, 24.50, 24.12, 23.93, 20.28, 19.12, 0, 0, 4.28
2019/05/31 22:31:00, 24.50, 24.11, 23.93, 20.33, 19.12, 0, 0, 4.28
2019/05/31 22:32:00, 24.50, 24.09, 23.89, 20.24, 19.12, 0, 0, 4.28
2019/05/31 22:33:00, 24.50, 24.09, 23.90, 20.34, 19.13, 0, 0, 4.28
2019/05/31 22:34:00, 24.50, 24.08, 23.92, 20.31, 19.16, 0, 0, 4.28
2019/05/31 22:35:00, 24.50, 24.11, 23.91, 20.29, 19.13, 0, 0, 4.28
2019/05/31 22:36:00, 24.50, 24.11, 23.91, 20.33, 19.16, 0, 0, 4.28
2019/05/31 22:37:00, 24.50, 24.11, 23.91, 20.34, 19.15, 0, 0, 4.28
2019/05/31 22:38:00, 24.50, 24.09, 23.90, 20.36, 19.15, 0, 0, 4.28
2019/05/31 22:39:00, 24.50, 24.12, 23.92, 20.33, 19.16, 0, 0, 4.28
2019/05/31 22:40:00, 24.50, 24.11, 23.90, 20.36, 19.14, 0, 0, 4.28
2019/05/31 22:41:00, 24.50, 24.11, 23.92, 20.37, 19.17, 0, 0, 4.28
2019/05/31 22:42:00, 24.50, 24.08, 23.91, 20.36, 19.15, 0, 0, 4.28
2019/05/31 22:43:00, 24.50, 24.09, 23.90, 20.36, 19.16, 0, 0, 4.28
2019/05/31 22:44:00, 24.50, 24.08, 23.90, 20.37, 19.19, 0, 0, 4.28
2019/05/31 22:45:00, 24.50, 24.08, 23.89, 20.41, 19.18, 0, 0, 4.28
2019/05/31 22:46:00, 24.50, 24.08, 23.91, 20.41, 19.22, 0, 0, 4.28
2019/05/31 22:47:00, 24.50, 24.08, 23.90, 20.35, 19.19, 0, 0, 4.28
2019/05/31 22:48:00, 24.50, 24.08, 23.91, 20.39, 19.18, 0, 0, 4.28
2019/05/31 22:49:00, 24.50, 24.11, 23.89, 20.44, 19.19, 0, 0, 4.28
2019/05/31 22:50:00, 24.50, 24.08, 23.91, 20.47, 19.19, 0, 0, 4.28
2019/05/31 22:51:00, 24.50, 24.07, 23.87, 20.37, 19.19, 0, 0, 4.28
2019/05/31 22:52:00, 24.50, 24.07, 23.87, 20.45, 19.23, 0, 0, 4.28
2019/05/31 22:53:00, 24.50, 24.08, 23.87, 20.47, 19.26, 0, 0, 4.28
2019/05/31 22:54:00, 24.50, 24.08, 23.88, 20.50, 19.29, 0, 0, 4.28
2019/05/31 22:55:00, 24.50, 24.09, 23.90, 20.47, 19.23, 0, 0, 4.28
2019/05/31 22:56:00, 24.50, 24.07, 23.88, 20.47, 19.26, 0, 0, 4.28
2019/05/31 22:57:00, 24.50, 24.11, 23.91, 20.49, 19.29, 0, 0, 4.28
2019/05/31 22:58:00, 24.50, 24.08, 23.89, 20.37, 19.25, 0, 0, 4.28
2019/05/31 22:59:00, 24.50, 24.09, 23.88, 20.50, 19.29, 0, 0, 4.28
2019/05/31 23:00:00, 24.50, 24.09, 23.89, 20.46, 19.27, 0, 0, 4.28
2019/05/31 23:01:00, 24.50, 24.07, 23.90, 20.45, 19.24, 0, 0, 4.28
2019/05/31 23:02:00, 24.50, 24.09, 23.90, 20.55, 19.33, 0, 0, 4.28
2019/05/31 23:03:00, 24.50, 24.08, 23.91, 20.47, 19.28, 0, 0, 4.28
2019/05/31 23:04:00, 24.50, 24.08, 23.90, 20.48, 19.30, 0, 0, 4.28
2019/05/31 23:05:00, 24.50, 24.08, 23.93, 20.54, 19.30, 0, 0, 4.28
2019/05/31 23:06:00, 24.50, 24.07, 23.89, 20.50, 19.29, 0, 0, 4.28
2019/05/31 23:07:00, 24.50, 24.07, 23.90, 20.52, 19.32, 0, 0, 4.28
2019/05/31 23:08:00, 24.50, 24.09, 23.89, 20.47, 19.32, 0, 0, 4.28
2019/05/31 23:09:00, 24.50, 24.08, 23.89, 20.55, 19.34, 0, 0, 4.28
2019/05/31 23:10:00, 24.50, 24.07, 23.88, 20.57, 19.35, 0, 0, 4.28
2019/05/31 23:11:00, 24.50, 24.04, 23.87, 20.53, 19.36, 0, 0, 4.28
2019/05/31 23:12:00, 24.50, 24.05, 23.88, 20.57, 19.37, 0, 0, 4.28
2019/05/31 23:13:00, 24.50, 24.02, 23.84, 20.61, 19.42, 0, 0, 4.28
2019/05/31 23:14:00, 24.50, 24.04, 23.86, 20.58, 19.42, 0, 0, 4.28
2019/05/31 23:15:00, 24.50, 24.02, 23.84, 20.70, 19.42, 0, 0, 4.28
2019/05/31 23:16:00, 24.50, 24.04, 23.82, 20.71, 19.45, 0, 0, 4.28
2019/05/31 23:17:00, 24.50, 24.01, 23.82, 20.72, 19.48, 0, 0, 4.28
2019/05/31 23:18:00, 24.50, 23.99, 23.83, 20.72, 19.51, 0, 0, 4.28
2019/05/31 23:19:00, 24.50, 23.99, 23.80, 20.79, 19.53, 0, 0, 4.28
2019/05/31 23:20:00, 24.50, 23.99, 23.82, 20.77, 19.57, 0, 0, 4.28
2019/05/31 23:21:00, 24.50, 23.99, 23.81, 20.86, 19.58, 0, 0, 4.28
2019/05/31 23:22:00, 24.50, 23.97, 23.79, 20.76, 19.58, 0, 0, 4.28
2019/05/31 23:23:00, 24.50, 23.98, 23.80, 20.84, 19.61, 0, 0, 4.28
2019/05/31 23:24:00, 24.50, 23.97, 23.78, 20.90, 19.61, 0, 0, 4.28
2019/05/31 23:25:00, 24.50, 23.98, 23.82, 20.92, 19.68, 0, 0, 4.28
2019/05/31 23:26:00, 24.50, 24.01, 23.79, 20.79, 19.65, 0, 0, 4.28
2019/05/31 23:27:00, 24.50, 23.97, 23.80, 20.87, 19.67, 0, 0, 4.28
2019/05/31 23:28:00, 24.50, 23.97, 23.78, 20.92, 19.70, 0, 0, 4.28
2019/05/31 23:29:00, 24.50, 23.98, 23.79, 20.90, 19.71, 0, 0, 4.28
2019/05/31 23:30:00, 24.50, 23.97, 23.79, 20.93, 19.71, 0, 0, 4.28
2019/05/31 23:31:00, 24.25, 23.95, 23.76, 20.98, 19.74, 0, 0, 4.28
2019/05/31 23:32:00, 24.50, 23.94, 23.76, 21.03, 19.76, 0, 0, 4.28
2019/05/31 23:33:00, 24.50, 23.94, 23.75, 21.03, 19.80, 0, 0, 4.28
2019/05/31 23:34:00, 24.25, 23.94, 23.76, 21.08, 19.83, 0, 0, 4.28
2019/05/31 23:35:00, 24.25, 23.97, 23.77, 21.03, 19.86, 0, 0, 4.28
2019/05/31 23:36:00, 24.25, 23.92, 23.79, 21.16, 19.88, 0, 0, 4.28
2019/05/31 23:37:00, 24.25, 23.95, 23.79, 21.13, 19.87, 0, 0, 4.28
2019/05/31 23:38:00, 24.25, 23.97, 23.78, 21.13, 19.88, 0, 0, 4.28
2019/05/31 23:39:00, 24.25, 23.97, 23.80, 21.11, 19.88, 0, 0, 4.28
2019/05/31 23:40:00, 24.25, 23.99, 23.80, 21.16, 19.90, 0, 0, 4.28
2019/05/31 23:41:00, 24.25, 24.02, 23.83, 21.18, 19.92, 0, 0, 4.28
2019/05/31 23:42:00, 24.25, 24.05, 23.86, 21.12, 19.90, 0, 0, 4.28
2019/05/31 23:43:00, 24.25, 24.05, 23.88, 21.15, 19.90, 0, 0, 4.28
2019/05/31 23:44:00, 24.25, 24.09, 23.92, 21.09, 19.89, 0, 0, 4.28
2019/05/31 23:45:00, 24.25, 24.09, 23.92, 21.07, 19.83, 0, 0, 4.28
2019/05/31 23:46:00, 24.25, 24.11, 23.91, 21.04, 19.84, 0, 0, 4.28
2019/05/31 23:47:00, 24.25, 24.09, 23.92, 21.02, 19.82, 0, 0, 4.28
