Data logger for tempereture and humidity.
Code, design, and soldering by Antti Mikkonen, a.mikkonen@iki.fi, 2019.
Based on open source projects and libraries. See source for details.
/home/ami/src/arduino/promini/logger_v8_ada/logger_v8_ada.ino
UTC time (year/month/date hour:minute:second), T RTC (C), T sht31 (C), T si7021 (C), RH sht31 (-), RH si7021 (-), heaterOn sht31 (bool),  heaterOn si7021 (bool), battery voltage (V)
2019/06/05 00:08:00, 24.50, 24.11, 23.92, 39.36, 38.28, 0, 0, 4.26
2019/06/05 00:09:00, 24.50, 24.11, 23.92, 39.37, 38.31, 0, 0, 4.26
2019/06/05 00:10:00, 24.50, 24.11, 23.93, 39.38, 38.31, 0, 0, 4.26
2019/06/05 00:11:00, 24.50, 24.09, 23.89, 39.28, 38.24, 0, 0, 4.26
2019/06/05 00:12:00, 24.50, 24.07, 23.89, 39.33, 38.26, 0, 0, 4.26
2019/06/05 00:13:00, 24.50, 24.11, 23.89, 39.42, 38.31, 0, 0, 4.26
2019/06/05 00:14:00, 24.50, 24.12, 23.90, 39.42, 38.34, 0, 0, 4.26
2019/06/05 00:15:00, 24.50, 24.09, 23.90, 39.41, 38.33, 0, 0, 4.26
2019/06/05 00:16:00, 24.50, 24.07, 23.88, 39.43, 38.36, 0, 0, 4.26
2019/06/05 00:17:00, 24.50, 24.08, 23.89, 39.42, 38.35, 0, 0, 4.26
2019/06/05 00:18:00, 24.50, 24.08, 23.89, 39.39, 38.33, 0, 0, 4.26
2019/06/05 00:19:00, 24.50, 24.07, 23.88, 39.54, 38.38, 0, 0, 4.26
2019/06/05 00:20:00, 24.50, 24.09, 23.88, 39.46, 38.44, 0, 0, 4.26
2019/06/05 00:21:00, 24.50, 24.05, 23.88, 39.54, 38.41, 0, 0, 4.26
2019/06/05 00:22:00, 24.50, 24.05, 23.88, 39.43, 38.39, 0, 0, 4.26
2019/06/05 00:23:00, 24.50, 24.07, 23.87, 39.53, 38.44, 0, 0, 4.26
2019/06/05 00:24:00, 24.50, 24.08, 23.88, 39.46, 38.41, 0, 0, 4.26
2019/06/05 00:25:00, 24.50, 24.08, 23.87, 39.44, 38.41, 0, 0, 4.26
2019/06/05 00:26:00, 24.50, 24.07, 23.86, 39.51, 38.46, 0, 0, 4.26
2019/06/05 00:27:00, 24.50, 24.02, 23.87, 39.50, 38.43, 0, 0, 4.26
2019/06/05 00:28:00, 24.50, 24.05, 23.84, 39.51, 38.46, 0, 0, 4.26
2019/06/05 00:29:00, 24.50, 24.04, 23.84, 39.53, 38.48, 0, 0, 4.26
2019/06/05 00:30:00, 24.50, 24.04, 23.84, 39.56, 38.51, 0, 0, 4.26
2019/06/05 00:31:00, 24.50, 24.04, 23.88, 39.60, 38.53, 0, 0, 4.26
2019/06/05 00:32:00, 24.50, 24.02, 23.84, 39.58, 38.52, 0, 0, 4.26
2019/06/05 00:33:00, 24.50, 24.05, 23.84, 39.57, 38.50, 0, 0, 4.26
2019/06/05 00:34:00, 24.50, 24.05, 23.84, 39.60, 38.47, 0, 0, 4.26
2019/06/05 00:35:00, 24.50, 24.08, 23.84, 39.59, 38.50, 0, 0, 4.26
2019/06/05 00:36:00, 24.50, 24.07, 23.87, 39.63, 38.52, 0, 0, 4.26
2019/06/05 00:37:00, 24.50, 24.05, 23.87, 39.58, 38.49, 0, 0, 4.26
2019/06/05 00:38:00, 24.50, 24.05, 23.83, 39.60, 38.50, 0, 0, 4.26
2019/06/05 00:39:00, 24.50, 24.04, 23.86, 39.66, 38.50, 0, 0, 4.26
2019/06/05 00:40:00, 24.50, 24.02, 23.84, 39.64, 38.51, 0, 0, 4.26
2019/06/05 00:41:00, 24.50, 24.05, 23.83, 39.65, 38.54, 0, 0, 4.26
2019/06/05 00:42:00, 24.50, 24.04, 23.87, 39.64, 38.56, 0, 0, 4.26
2019/06/05 00:43:00, 24.50, 24.04, 23.86, 39.64, 38.57, 0, 0, 4.26
2019/06/05 00:44:00, 24.50, 24.02, 23.84, 39.59, 38.50, 0, 0, 4.26
2019/06/05 00:45:00, 24.50, 24.05, 23.82, 39.63, 38.51, 0, 0, 4.26
2019/06/05 00:46:00, 24.50, 24.01, 23.82, 39.71, 38.55, 0, 0, 4.26
2019/06/05 00:47:00, 24.50, 24.04, 23.83, 39.65, 38.56, 0, 0, 4.26
2019/06/05 00:48:00, 24.50, 24.02, 23.83, 39.68, 38.54, 0, 0, 4.26
2019/06/05 00:49:00, 24.50, 24.02, 23.86, 39.71, 38.57, 0, 0, 4.26
2019/06/05 00:50:00, 24.50, 24.02, 23.84, 39.64, 38.57, 0, 0, 4.26
2019/06/05 00:51:00, 24.50, 24.02, 23.84, 39.68, 38.57, 0, 0, 4.26
2019/06/05 00:52:00, 24.50, 24.04, 23.82, 39.71, 38.62, 0, 0, 4.26
2019/06/05 00:53:00, 24.50, 24.04, 23.84, 39.72, 38.61, 0, 0, 4.26
2019/06/05 00:54:00, 24.50, 24.02, 23.83, 39.65, 38.57, 0, 0, 4.26
2019/06/05 00:55:00, 24.50, 24.04, 23.83, 39.67, 38.56, 0, 0, 4.26
2019/06/05 00:56:00, 24.50, 24.01, 23.83, 39.64, 38.55, 0, 0, 4.26
2019/06/05 00:57:00, 24.50, 24.02, 23.84, 39.70, 38.63, 0, 0, 4.26
2019/06/05 00:58:00, 24.50, 24.04, 23.81, 39.66, 38.61, 0, 0, 4.26
2019/06/05 00:59:00, 24.50, 23.99, 23.81, 39.69, 38.60, 0, 0, 4.26
2019/06/05 01:00:00, 24.50, 24.01, 23.82, 39.71, 38.63, 0, 0, 4.26
2019/06/05 01:01:00, 24.50, 23.99, 23.82, 39.71, 38.63, 0, 0, 4.26
2019/06/05 01:02:00, 24.50, 24.01, 23.82, 39.68, 38.61, 0, 0, 4.26
2019/06/05 01:03:00, 24.50, 24.02, 23.81, 39.68, 38.60, 0, 0, 4.26
2019/06/05 01:04:00, 24.50, 23.98, 23.81, 39.76, 38.65, 0, 0, 4.26
2019/06/05 01:05:00, 24.50, 23.99, 23.81, 39.77, 38.69, 0, 0, 4.26
2019/06/05 01:06:00, 24.50, 23.98, 23.79, 39.81, 38.68, 0, 0, 4.26
2019/06/05 01:07:00, 24.50, 23.95, 23.79, 39.78, 38.70, 0, 0, 4.26
2019/06/05 01:08:00, 24.50, 23.97, 23.77, 39.82, 38.73, 0, 0, 4.26
2019/06/05 01:09:00, 24.50, 23.95, 23.76, 39.86, 38.76, 0, 0, 4.26
2019/06/05 01:10:00, 24.50, 23.97, 23.77, 39.93, 38.74, 0, 0, 4.26
2019/06/05 01:11:00, 24.50, 23.97, 23.77, 39.85, 38.79, 0, 0, 4.26
2019/06/05 01:12:00, 24.50, 23.97, 23.78, 39.82, 38.73, 0, 0, 4.26
2019/06/05 01:13:00, 24.50, 23.92, 23.78, 39.83, 38.73, 0, 0, 4.26
2019/06/05 01:14:00, 24.50, 23.97, 23.78, 39.90, 38.78, 0, 0, 4.26
2019/06/05 01:15:00, 24.50, 23.97, 23.75, 39.92, 38.78, 0, 0, 4.26
2019/06/05 01:16:00, 24.50, 23.94, 23.75, 39.83, 38.79, 0, 0, 4.26
2019/06/05 01:17:00, 24.50, 23.94, 23.76, 39.85, 38.79, 0, 0, 4.26
2019/06/05 01:18:00, 24.50, 23.94, 23.77, 39.89, 38.78, 0, 0, 4.26
2019/06/05 01:19:00, 24.50, 23.92, 23.76, 39.92, 38.79, 0, 0, 4.26
2019/06/05 01:20:00, 24.50, 23.92, 23.74, 39.91, 38.83, 0, 0, 4.26
2019/06/05 01:21:00, 24.50, 23.91, 23.73, 39.94, 38.84, 0, 0, 4.26
2019/06/05 01:22:00, 24.50, 23.95, 23.75, 39.91, 38.83, 0, 0, 4.26
2019/06/05 01:23:00, 24.50, 23.92, 23.74, 39.95, 38.82, 0, 0, 4.26
2019/06/05 01:24:00, 24.50, 23.92, 23.74, 39.92, 38.82, 0, 0, 4.26
2019/06/05 01:25:00, 24.50, 23.95, 23.75, 39.99, 38.89, 0, 0, 4.26
2019/06/05 01:26:00, 24.50, 23.92, 23.74, 39.93, 38.84, 0, 0, 4.26
2019/06/05 01:27:00, 24.50, 23.95, 23.74, 39.94, 38.84, 0, 0, 4.26
2019/06/05 01:28:00, 24.25, 23.95, 23.76, 39.95, 38.86, 0, 0, 4.26
2019/06/05 01:29:00, 24.25, 23.94, 23.76, 39.98, 38.84, 0, 0, 4.26
2019/06/05 01:30:00, 24.25, 23.94, 23.73, 39.99, 38.88, 0, 0, 4.26
2019/06/05 01:31:00, 24.25, 23.91, 23.76, 39.99, 38.89, 0, 0, 4.26
2019/06/05 01:32:00, 24.50, 23.94, 23.76, 39.98, 38.86, 0, 0, 4.26
2019/06/05 01:33:00, 24.25, 23.92, 23.75, 39.96, 38.86, 0, 0, 4.26
2019/06/05 01:34:00, 24.25, 23.92, 23.73, 39.94, 38.86, 0, 0, 4.26
2019/06/05 01:35:00, 24.50, 23.92, 23.76, 40.00, 38.89, 0, 0, 4.26
2019/06/05 01:36:00, 24.25, 23.94, 23.72, 39.96, 38.86, 0, 0, 4.26
2019/06/05 01:37:00, 24.50, 23.95, 23.76, 39.95, 38.86, 0, 0, 4.26
2019/06/05 01:38:00, 24.25, 23.91, 23.75, 39.97, 38.85, 0, 0, 4.26
2019/06/05 01:39:00, 24.25, 23.92, 23.72, 40.04, 38.88, 0, 0, 4.26
2019/06/05 01:40:00, 24.25, 23.92, 23.73, 40.00, 38.89, 0, 0, 4.26
2019/06/05 01:41:00, 24.25, 23.90, 23.73, 40.02, 38.90, 0, 0, 4.26
2019/06/05 01:42:00, 24.25, 23.94, 23.72, 40.07, 38.92, 0, 0, 4.26
2019/06/05 01:43:00, 24.25, 23.92, 23.72, 40.08, 38.95, 0, 0, 4.26
2019/06/05 01:44:00, 24.25, 23.94, 23.73, 40.07, 38.98, 0, 0, 4.26
2019/06/05 01:45:00, 24.25, 23.91, 23.73, 40.11, 38.94, 0, 0, 4.26
2019/06/05 01:46:00, 24.25, 23.94, 23.73, 40.03, 38.95, 0, 0, 4.26
2019/06/05 01:47:00, 24.25, 23.91, 23.74, 40.02, 38.91, 0, 0, 4.26
2019/06/05 01:48:00, 24.25, 23.94, 23.73, 40.04, 38.93, 0, 0, 4.26
2019/06/05 01:49:00, 24.25, 23.91, 23.73, 40.08, 38.96, 0, 0, 4.26
2019/06/05 01:50:00, 24.25, 23.92, 23.73, 40.07, 38.97, 0, 0, 4.26
2019/06/05 01:51:00, 24.25, 23.92, 23.72, 40.06, 39.01, 0, 0, 4.26
2019/06/05 01:52:00, 24.25, 23.90, 23.74, 40.11, 38.99, 0, 0, 4.26
2019/06/05 01:53:00, 24.25, 23.90, 23.73, 40.09, 38.99, 0, 0, 4.26
2019/06/05 01:54:00, 24.25, 23.92, 23.71, 40.07, 38.99, 0, 0, 4.26
2019/06/05 01:55:00, 24.25, 23.90, 23.72, 40.18, 39.02, 0, 0, 4.26
2019/06/05 01:56:00, 24.25, 23.94, 23.69, 40.11, 39.05, 0, 0, 4.26
2019/06/05 01:57:00, 24.25, 23.92, 23.73, 40.12, 39.02, 0, 0, 4.26
2019/06/05 01:58:00, 24.25, 23.92, 23.72, 40.15, 39.01, 0, 0, 4.26
2019/06/05 01:59:00, 24.25, 23.90, 23.73, 40.16, 39.03, 0, 0, 4.26
2019/06/05 02:00:00, 24.25, 23.91, 23.72, 40.15, 39.04, 0, 0, 4.26
2019/06/05 02:01:00, 24.25, 23.92, 23.73, 40.12, 39.05, 0, 0, 4.26
2019/06/05 02:02:00, 24.25, 23.90, 23.71, 40.16, 39.05, 0, 0, 4.26
2019/06/05 02:03:00, 24.25, 23.88, 23.72, 40.23, 39.08, 0, 0, 4.26
2019/06/05 02:04:00, 24.25, 23.91, 23.71, 40.18, 39.08, 0, 0, 4.26
2019/06/05 02:05:00, 24.25, 23.92, 23.69, 40.16, 39.05, 0, 0, 4.26
2019/06/05 02:06:00, 24.25, 23.90, 23.71, 40.12, 39.05, 0, 0, 4.26
2019/06/05 02:07:00, 24.25, 23.90, 23.72, 40.18, 39.07, 0, 0, 4.26
2019/06/05 02:08:00, 24.25, 23.88, 23.71, 40.19, 39.06, 0, 0, 4.26
2019/06/05 02:09:00, 24.25, 23.91, 23.71, 40.20, 39.07, 0, 0, 4.26
2019/06/05 02:10:00, 24.25, 23.90, 23.71, 40.25, 39.13, 0, 0, 4.26
2019/06/05 02:11:00, 24.25, 23.92, 23.72, 40.16, 39.06, 0, 0, 4.26
2019/06/05 02:12:00, 24.25, 23.88, 23.72, 40.20, 39.09, 0, 0, 4.26
2019/06/05 02:13:00, 24.25, 23.88, 23.69, 40.19, 39.09, 0, 0, 4.26
2019/06/05 02:14:00, 24.25, 23.92, 23.73, 40.23, 39.12, 0, 0, 4.26
2019/06/05 02:15:00, 24.25, 23.92, 23.72, 40.20, 39.13, 0, 0, 4.26
2019/06/05 02:16:00, 24.25, 23.90, 23.73, 40.19, 39.13, 0, 0, 4.26
2019/06/05 02:17:00, 24.25, 23.91, 23.69, 40.14, 39.07, 0, 0, 4.26
2019/06/05 02:18:00, 24.25, 23.91, 23.72, 40.19, 39.10, 0, 0, 4.26
2019/06/05 02:19:00, 24.25, 23.91, 23.69, 40.20, 39.10, 0, 0, 4.26
2019/06/05 02:20:00, 24.25, 23.88, 23.69, 40.21, 39.11, 0, 0, 4.26
2019/06/05 02:21:00, 24.25, 23.90, 23.71, 40.24, 39.14, 0, 0, 4.26
2019/06/05 02:22:00, 24.25, 23.88, 23.69, 40.28, 39.15, 0, 0, 4.26
2019/06/05 02:23:00, 24.25, 23.90, 23.68, 40.25, 39.15, 0, 0, 4.26
2019/06/05 02:24:00, 24.25, 23.91, 23.71, 40.22, 39.17, 0, 0, 4.26
2019/06/05 02:25:00, 24.25, 23.90, 23.69, 40.28, 39.14, 0, 0, 4.26
2019/06/05 02:26:00, 24.25, 23.88, 23.69, 40.23, 39.13, 0, 0, 4.26
2019/06/05 02:27:00, 24.25, 23.87, 23.67, 40.25, 39.13, 0, 0, 4.26
2019/06/05 02:28:00, 24.25, 23.88, 23.67, 40.26, 39.16, 0, 0, 4.26
2019/06/05 02:29:00, 24.25, 23.88, 23.67, 40.29, 39.17, 0, 0, 4.26
2019/06/05 02:30:00, 24.25, 23.88, 23.69, 40.26, 39.15, 0, 0, 4.26
2019/06/05 02:31:00, 24.25, 23.87, 23.67, 40.26, 39.15, 0, 0, 4.26
2019/06/05 02:32:00, 24.25, 23.87, 23.66, 40.33, 39.19, 0, 0, 4.26
2019/06/05 02:33:00, 24.25, 23.87, 23.66, 40.36, 39.21, 0, 0, 4.26
2019/06/05 02:34:00, 24.25, 23.87, 23.67, 40.32, 39.22, 0, 0, 4.26
2019/06/05 02:35:00, 24.25, 23.85, 23.65, 40.30, 39.20, 0, 0, 4.26
2019/06/05 02:36:00, 24.25, 23.85, 23.65, 40.34, 39.22, 0, 0, 4.26
2019/06/05 02:37:00, 24.25, 23.85, 23.65, 40.41, 39.27, 0, 0, 4.26
2019/06/05 02:38:00, 24.25, 23.85, 23.66, 40.34, 39.27, 0, 0, 4.26
2019/06/05 02:39:00, 24.25, 23.85, 23.66, 40.36, 39.24, 0, 0, 4.26
2019/06/05 02:40:00, 24.25, 23.87, 23.66, 40.33, 39.26, 0, 0, 4.26
2019/06/05 02:41:00, 24.25, 23.84, 23.66, 40.36, 39.25, 0, 0, 4.26
2019/06/05 02:42:00, 24.25, 23.84, 23.66, 40.38, 39.28, 0, 0, 4.26
2019/06/05 02:43:00, 24.25, 23.85, 23.65, 40.41, 39.31, 0, 0, 4.26
2019/06/05 02:44:00, 24.25, 23.85, 23.66, 40.36, 39.28, 0, 0, 4.26
2019/06/05 02:45:00, 24.25, 23.87, 23.67, 40.37, 39.24, 0, 0, 4.26
2019/06/05 02:46:00, 24.25, 23.84, 23.65, 40.36, 39.31, 0, 0, 4.26
2019/06/05 02:47:00, 24.25, 23.88, 23.66, 40.42, 39.29, 0, 0, 4.26
2019/06/05 02:48:00, 24.25, 23.85, 23.66, 40.45, 39.30, 0, 0, 4.26
2019/06/05 02:49:00, 24.25, 23.88, 23.66, 40.29, 39.21, 0, 0, 4.26
2019/06/05 02:50:00, 24.25, 23.85, 23.64, 40.32, 39.24, 0, 0, 4.26
2019/06/05 02:51:00, 24.25, 23.88, 23.66, 40.33, 39.24, 0, 0, 4.26
2019/06/05 02:52:00, 24.25, 23.84, 23.66, 40.38, 39.28, 0, 0, 4.26
2019/06/05 02:53:00, 24.25, 23.85, 23.65, 40.32, 39.25, 0, 0, 4.26
2019/06/05 02:54:00, 24.25, 23.84, 23.67, 40.42, 39.28, 0, 0, 4.26
2019/06/05 02:55:00, 24.25, 23.83, 23.64, 40.39, 39.29, 0, 0, 4.26
2019/06/05 02:56:00, 24.25, 23.85, 23.66, 40.43, 39.36, 0, 0, 4.26
2019/06/05 02:57:00, 24.25, 23.83, 23.64, 40.39, 39.28, 0, 0, 4.26
2019/06/05 02:58:00, 24.25, 23.87, 23.64, 40.38, 39.28, 0, 0, 4.26
2019/06/05 02:59:00, 24.25, 23.84, 23.64, 40.42, 39.31, 0, 0, 4.26
2019/06/05 03:00:00, 24.25, 23.83, 23.63, 40.43, 39.32, 0, 0, 4.26
2019/06/05 03:01:00, 24.25, 23.81, 23.62, 40.47, 39.35, 0, 0, 4.26
2019/06/05 03:02:00, 24.25, 23.81, 23.62, 40.46, 39.35, 0, 0, 4.26
2019/06/05 03:03:00, 24.25, 23.83, 23.63, 40.47, 39.36, 0, 0, 4.26
2019/06/05 03:04:00, 24.25, 23.83, 23.63, 40.50, 39.38, 0, 0, 4.26
2019/06/05 03:05:00, 24.25, 23.84, 23.63, 40.47, 39.37, 0, 0, 4.26
2019/06/05 03:06:00, 24.25, 23.83, 23.64, 40.39, 39.35, 0, 0, 4.26
2019/06/05 03:07:00, 24.25, 23.83, 23.63, 40.54, 39.37, 0, 0, 4.26
2019/06/05 03:08:00, 24.25, 23.83, 23.62, 40.48, 39.38, 0, 0, 4.26
2019/06/05 03:09:00, 24.25, 23.83, 23.64, 40.55, 39.41, 0, 0, 4.26
2019/06/05 03:10:00, 24.25, 23.83, 23.64, 40.45, 39.37, 0, 0, 4.26
2019/06/05 03:11:00, 24.25, 23.80, 23.63, 40.43, 39.34, 0, 0, 4.26
2019/06/05 03:12:00, 24.25, 23.83, 23.63, 40.47, 39.36, 0, 0, 4.26
2019/06/05 03:13:00, 24.25, 23.84, 23.63, 40.46, 39.36, 0, 0, 4.26
2019/06/05 03:14:00, 24.25, 23.84, 23.61, 40.42, 39.31, 0, 0, 4.26
2019/06/05 03:15:00, 24.25, 23.81, 23.62, 40.45, 39.34, 0, 0, 4.26
2019/06/05 03:16:00, 24.25, 23.83, 23.63, 40.50, 39.35, 0, 0, 4.26
2019/06/05 03:17:00, 24.25, 23.83, 23.62, 40.46, 39.37, 0, 0, 4.26
2019/06/05 03:18:00, 24.25, 23.80, 23.62, 40.52, 39.36, 0, 0, 4.26
2019/06/05 03:19:00, 24.25, 23.81, 23.63, 40.51, 39.38, 0, 0, 4.26
2019/06/05 03:20:00, 24.25, 23.81, 23.61, 40.54, 39.38, 0, 0, 4.26
2019/06/05 03:21:00, 24.25, 23.80, 23.61, 40.52, 39.41, 0, 0, 4.26
2019/06/05 03:22:00, 24.25, 23.80, 23.62, 40.55, 39.38, 0, 0, 4.26
2019/06/05 03:23:00, 24.25, 23.81, 23.62, 40.45, 39.36, 0, 0, 4.26
2019/06/05 03:24:00, 24.25, 23.83, 23.62, 40.47, 39.37, 0, 0, 4.26
2019/06/05 03:25:00, 24.25, 23.81, 23.60, 40.41, 39.35, 0, 0, 4.26
2019/06/05 03:26:00, 24.25, 23.79, 23.61, 40.48, 39.37, 0, 0, 4.26
2019/06/05 03:27:00, 24.25, 23.81, 23.62, 40.51, 39.38, 0, 0, 4.26
2019/06/05 03:28:00, 24.25, 23.80, 23.60, 40.50, 39.41, 0, 0, 4.26
2019/06/05 03:29:00, 24.25, 23.80, 23.61, 40.50, 39.37, 0, 0, 4.26
2019/06/05 03:30:00, 24.25, 23.79, 23.60, 40.46, 39.37, 0, 0, 4.26
2019/06/05 03:31:00, 24.25, 23.81, 23.60, 40.54, 39.41, 0, 0, 4.26
2019/06/05 03:32:00, 24.25, 23.80, 23.61, 40.52, 39.42, 0, 0, 4.26
2019/06/05 03:33:00, 24.25, 23.79, 23.61, 40.62, 39.47, 0, 0, 4.26
2019/06/05 03:34:00, 24.25, 23.79, 23.60, 40.46, 39.42, 0, 0, 4.26
2019/06/05 03:35:00, 24.25, 23.81, 23.60, 40.54, 39.43, 0, 0, 4.26
2019/06/05 03:36:00, 24.25, 23.81, 23.61, 40.51, 39.43, 0, 0, 4.26
2019/06/05 03:37:00, 24.25, 23.81, 23.62, 40.54, 39.42, 0, 0, 4.26
2019/06/05 03:38:00, 24.25, 23.77, 23.61, 40.54, 39.41, 0, 0, 4.26
2019/06/05 03:39:00, 24.25, 23.80, 23.60, 40.50, 39.41, 0, 0, 4.26
2019/06/05 03:40:00, 24.25, 23.79, 23.60, 40.59, 39.47, 0, 0, 4.26
2019/06/05 03:41:00, 24.25, 23.81, 23.62, 40.54, 39.44, 0, 0, 4.26
2019/06/05 03:42:00, 24.25, 23.79, 23.59, 40.53, 39.42, 0, 0, 4.26
2019/06/05 03:43:00, 24.25, 23.80, 23.60, 40.56, 39.44, 0, 0, 4.26
2019/06/05 03:44:00, 24.25, 23.80, 23.59, 40.54, 39.42, 0, 0, 4.26
2019/06/05 03:45:00, 24.25, 23.80, 23.59, 40.54, 39.42, 0, 0, 4.26
2019/06/05 03:46:00, 24.25, 23.79, 23.60, 40.56, 39.44, 0, 0, 4.26
2019/06/05 03:47:00, 24.25, 23.80, 23.60, 40.57, 39.46, 0, 0, 4.26
2019/06/05 03:48:00, 24.25, 23.80, 23.58, 40.55, 39.44, 0, 0, 4.26
2019/06/05 03:49:00, 24.25, 23.79, 23.58, 40.55, 39.44, 0, 0, 4.26
2019/06/05 03:50:00, 24.25, 23.77, 23.61, 40.52, 39.41, 0, 0, 4.26
2019/06/05 03:51:00, 24.25, 23.79, 23.59, 40.55, 39.44, 0, 0, 4.26
2019/06/05 03:52:00, 24.25, 23.79, 23.59, 40.56, 39.43, 0, 0, 4.26
2019/06/05 03:53:00, 24.25, 23.80, 23.59, 40.55, 39.43, 0, 0, 4.26
2019/06/05 03:54:00, 24.25, 23.81, 23.57, 40.63, 39.47, 0, 0, 4.26
2019/06/05 03:55:00, 24.25, 23.77, 23.58, 40.57, 39.48, 0, 0, 4.26
2019/06/05 03:56:00, 24.25, 23.77, 23.58, 40.64, 39.48, 0, 0, 4.26
2019/06/05 03:57:00, 24.25, 23.79, 23.59, 40.63, 39.50, 0, 0, 4.26
2019/06/05 03:58:00, 24.25, 23.80, 23.60, 40.58, 39.48, 0, 0, 4.26
2019/06/05 03:59:00, 24.25, 23.80, 23.60, 40.54, 39.44, 0, 0, 4.26
2019/06/05 04:00:00, 24.25, 23.79, 23.61, 40.56, 39.46, 0, 0, 4.26
2019/06/05 04:01:00, 24.25, 23.80, 23.59, 40.55, 39.46, 0, 0, 4.26
2019/06/05 04:02:00, 24.25, 23.79, 23.58, 40.67, 39.50, 0, 0, 4.26
2019/06/05 04:03:00, 24.25, 23.77, 23.59, 40.61, 39.50, 0, 0, 4.26
2019/06/05 04:04:00, 24.25, 23.79, 23.60, 40.60, 39.48, 0, 0, 4.26
2019/06/05 04:05:00, 24.25, 23.79, 23.59, 40.59, 39.50, 0, 0, 4.26
2019/06/05 04:06:00, 24.25, 23.80, 23.59, 40.56, 39.47, 0, 0, 4.26
2019/06/05 04:07:00, 24.25, 23.79, 23.58, 40.61, 39.47, 0, 0, 4.26
2019/06/05 04:08:00, 24.25, 23.79, 23.59, 40.68, 39.53, 0, 0, 4.26
2019/06/05 04:09:00, 24.25, 23.81, 23.60, 40.67, 39.53, 0, 0, 4.26
2019/06/05 04:10:00, 24.25, 23.77, 23.59, 40.67, 39.49, 0, 0, 4.26
2019/06/05 04:11:00, 24.25, 23.80, 23.59, 40.67, 39.51, 0, 0, 4.26
2019/06/05 04:12:00, 24.25, 23.77, 23.60, 40.61, 39.51, 0, 0, 4.26
2019/06/05 04:13:00, 24.25, 23.79, 23.57, 40.61, 39.48, 0, 0, 4.26
2019/06/05 04:14:00, 24.25, 23.77, 23.59, 40.68, 39.52, 0, 0, 4.26
2019/06/05 04:15:00, 24.25, 23.79, 23.59, 40.65, 39.53, 0, 0, 4.26
2019/06/05 04:16:00, 24.25, 23.77, 23.58, 40.61, 39.53, 0, 0, 4.26
2019/06/05 04:17:00, 24.25, 23.76, 23.58, 40.68, 39.51, 0, 0, 4.26
2019/06/05 04:18:00, 24.25, 23.76, 23.59, 40.65, 39.54, 0, 0, 4.26
2019/06/05 04:19:00, 24.25, 23.79, 23.57, 40.66, 39.54, 0, 0, 4.26
2019/06/05 04:20:00, 24.25, 23.74, 23.59, 40.66, 39.55, 0, 0, 4.26
2019/06/05 04:21:00, 24.25, 23.77, 23.57, 40.67, 39.53, 0, 0, 4.26
2019/06/05 04:22:00, 24.25, 23.74, 23.60, 40.68, 39.51, 0, 0, 4.26
2019/06/05 04:23:00, 24.25, 23.77, 23.60, 40.70, 39.53, 0, 0, 4.26
2019/06/05 04:24:00, 24.25, 23.76, 23.57, 40.71, 39.53, 0, 0, 4.26
2019/06/05 04:25:00, 24.25, 23.77, 23.58, 40.72, 39.54, 0, 0, 4.26
2019/06/05 04:26:00, 24.25, 23.76, 23.56, 40.70, 39.56, 0, 0, 4.26
2019/06/05 04:27:00, 24.25, 23.77, 23.56, 40.69, 39.55, 0, 0, 4.26
2019/06/05 04:28:00, 24.25, 23.74, 23.58, 40.72, 39.56, 0, 0, 4.26
2019/06/05 04:29:00, 24.25, 23.79, 23.57, 40.69, 39.58, 0, 0, 4.26
2019/06/05 04:30:00, 24.25, 23.76, 23.57, 40.69, 39.57, 0, 0, 4.26
2019/06/05 04:31:00, 24.25, 23.77, 23.58, 40.73, 39.57, 0, 0, 4.26
2019/06/05 04:32:00, 24.25, 23.77, 23.60, 40.73, 39.60, 0, 0, 4.26
2019/06/05 04:33:00, 24.25, 23.77, 23.57, 40.76, 39.60, 0, 0, 4.26
2019/06/05 04:34:00, 24.25, 23.76, 23.57, 40.68, 39.57, 0, 0, 4.26
2019/06/05 04:35:00, 24.25, 23.80, 23.57, 40.65, 39.58, 0, 0, 4.26
2019/06/05 04:36:00, 24.25, 23.77, 23.59, 40.72, 39.55, 0, 0, 4.26
2019/06/05 04:37:00, 24.25, 23.77, 23.57, 40.73, 39.60, 0, 0, 4.26
2019/06/05 04:38:00, 24.25, 23.76, 23.58, 40.72, 39.57, 0, 0, 4.26
2019/06/05 04:39:00, 24.25, 23.76, 23.57, 40.76, 39.60, 0, 0, 4.26
2019/06/05 04:40:00, 24.25, 23.77, 23.58, 40.81, 39.66, 0, 0, 4.26
2019/06/05 04:41:00, 24.25, 23.76, 23.57, 40.76, 39.63, 0, 0, 4.26
2019/06/05 04:42:00, 24.25, 23.76, 23.58, 40.81, 39.66, 0, 0, 4.26
2019/06/05 04:43:00, 24.25, 23.76, 23.57, 40.77, 39.66, 0, 0, 4.26
2019/06/05 04:44:00, 24.25, 23.77, 23.58, 40.77, 39.65, 0, 0, 4.26
2019/06/05 04:45:00, 24.25, 23.79, 23.57, 40.74, 39.65, 0, 0, 4.26
2019/06/05 04:46:00, 24.25, 23.77, 23.57, 40.80, 39.66, 0, 0, 4.26
2019/06/05 04:47:00, 24.25, 23.79, 23.58, 40.76, 39.65, 0, 0, 4.26
2019/06/05 04:48:00, 24.25, 23.76, 23.58, 40.79, 39.63, 0, 0, 4.26
2019/06/05 04:49:00, 24.25, 23.77, 23.57, 40.80, 39.65, 0, 0, 4.26
2019/06/05 04:50:00, 24.25, 23.76, 23.58, 40.83, 39.66, 0, 0, 4.26
2019/06/05 04:51:00, 24.25, 23.76, 23.56, 40.83, 39.66, 0, 0, 4.26
2019/06/05 04:52:00, 24.25, 23.76, 23.59, 40.81, 39.70, 0, 0, 4.26
2019/06/05 04:53:00, 24.25, 23.76, 23.58, 40.83, 39.68, 0, 0, 4.26
2019/06/05 04:54:00, 24.25, 23.77, 23.58, 40.73, 39.63, 0, 0, 4.26
2019/06/05 04:55:00, 24.25, 23.77, 23.58, 40.76, 39.66, 0, 0, 4.26
2019/06/05 04:56:00, 24.25, 23.77, 23.59, 40.81, 39.65, 0, 0, 4.26
2019/06/05 04:57:00, 24.25, 23.79, 23.57, 40.84, 39.67, 0, 0, 4.26
2019/06/05 04:58:00, 24.25, 23.76, 23.56, 40.83, 39.70, 0, 0, 4.26
2019/06/05 04:59:00, 24.25, 23.79, 23.59, 40.84, 39.71, 0, 0, 4.26
2019/06/05 05:00:00, 24.25, 23.77, 23.59, 40.83, 39.71, 0, 0, 4.26
2019/06/05 05:01:00, 24.25, 23.77, 23.59, 40.77, 39.67, 0, 0, 4.26
2019/06/05 05:02:00, 24.25, 23.79, 23.60, 40.82, 39.64, 0, 0, 4.26
2019/06/05 05:03:00, 24.25, 23.77, 23.58, 40.76, 39.65, 0, 0, 4.26
2019/06/05 05:04:00, 24.25, 23.76, 23.58, 40.83, 39.68, 0, 0, 4.26
2019/06/05 05:05:00, 24.25, 23.76, 23.57, 40.87, 39.70, 0, 0, 4.26
2019/06/05 05:06:00, 24.25, 23.76, 23.59, 40.85, 39.70, 0, 0, 4.26
2019/06/05 05:07:00, 24.25, 23.77, 23.56, 40.81, 39.72, 0, 0, 4.26
2019/06/05 05:08:00, 24.25, 23.76, 23.59, 40.91, 39.72, 0, 0, 4.26
2019/06/05 05:09:00, 24.25, 23.76, 23.58, 40.89, 39.76, 0, 0, 4.26
2019/06/05 05:10:00, 24.25, 23.76, 23.59, 40.86, 39.73, 0, 0, 4.26
2019/06/05 05:11:00, 24.25, 23.77, 23.60, 40.92, 39.76, 0, 0, 4.26
2019/06/05 05:12:00, 24.25, 23.74, 23.57, 40.94, 39.76, 0, 0, 4.26
2019/06/05 05:13:00, 24.25, 23.76, 23.58, 40.89, 39.74, 0, 0, 4.26
2019/06/05 05:14:00, 24.25, 23.76, 23.54, 40.94, 39.82, 0, 0, 4.26
2019/06/05 05:15:00, 24.25, 23.77, 23.57, 40.88, 39.76, 0, 0, 4.26
2019/06/05 05:16:00, 24.25, 23.79, 23.58, 40.96, 39.78, 0, 0, 4.26
2019/06/05 05:17:00, 24.25, 23.79, 23.58, 40.95, 39.82, 0, 0, 4.26
2019/06/05 05:18:00, 24.25, 23.79, 23.58, 40.88, 39.81, 0, 0, 4.26
2019/06/05 05:19:00, 24.25, 23.79, 23.57, 40.85, 39.73, 0, 0, 4.26
2019/06/05 05:20:00, 24.25, 23.80, 23.60, 40.96, 39.79, 0, 0, 4.26
2019/06/05 05:21:00, 24.25, 23.80, 23.58, 40.88, 39.77, 0, 0, 4.26
2019/06/05 05:22:00, 24.25, 23.76, 23.58, 40.95, 39.78, 0, 0, 4.26
2019/06/05 05:23:00, 24.25, 23.77, 23.58, 40.91, 39.81, 0, 0, 4.26
2019/06/05 05:24:00, 24.25, 23.79, 23.57, 40.99, 39.83, 0, 0, 4.26
2019/06/05 05:25:00, 24.25, 23.77, 23.57, 40.96, 39.85, 0, 0, 4.26
2019/06/05 05:26:00, 24.25, 23.80, 23.57, 40.96, 39.83, 0, 0, 4.26
2019/06/05 05:27:00, 24.25, 23.79, 23.59, 40.99, 39.89, 0, 0, 4.26
2019/06/05 05:28:00, 24.25, 23.80, 23.59, 40.98, 39.83, 0, 0, 4.26
2019/06/05 05:29:00, 24.25, 23.80, 23.61, 40.97, 39.83, 0, 0, 4.26
2019/06/05 05:30:00, 24.25, 23.81, 23.62, 40.95, 39.86, 0, 0, 4.26
2019/06/05 05:31:00, 24.25, 23.80, 23.60, 40.87, 39.75, 0, 0, 4.26
2019/06/05 05:32:00, 24.25, 23.80, 23.58, 40.95, 39.80, 0, 0, 4.26
2019/06/05 05:33:00, 24.25, 23.81, 23.58, 40.95, 39.80, 0, 0, 4.26
2019/06/05 05:34:00, 24.25, 23.80, 23.60, 40.99, 39.83, 0, 0, 4.26
2019/06/05 05:35:00, 24.25, 23.79, 23.60, 41.01, 39.87, 0, 0, 4.26
2019/06/05 05:36:00, 24.25, 23.80, 23.61, 41.06, 39.88, 0, 0, 4.26
2019/06/05 05:37:00, 24.25, 23.81, 23.62, 41.00, 39.85, 0, 0, 4.26
2019/06/05 05:38:00, 24.25, 23.84, 23.61, 40.96, 39.85, 0, 0, 4.26
2019/06/05 05:39:00, 24.25, 23.80, 23.63, 40.90, 39.79, 0, 0, 4.26
2019/06/05 05:40:00, 24.25, 23.81, 23.62, 40.91, 39.79, 0, 0, 4.26
2019/06/05 05:41:00, 24.25, 23.84, 23.63, 40.95, 39.83, 0, 0, 4.26
2019/06/05 05:42:00, 24.25, 23.83, 23.61, 40.99, 39.84, 0, 0, 4.26
2019/06/05 05:43:00, 24.25, 23.80, 23.63, 40.98, 39.87, 0, 0, 4.26
2019/06/05 05:44:00, 24.25, 23.83, 23.61, 41.03, 39.86, 0, 0, 4.26
2019/06/05 05:45:00, 24.25, 23.80, 23.64, 40.98, 39.82, 0, 0, 4.26
2019/06/05 05:46:00, 24.25, 23.81, 23.65, 40.95, 39.85, 0, 0, 4.26
2019/06/05 05:47:00, 24.25, 23.83, 23.60, 40.99, 39.85, 0, 0, 4.26
2019/06/05 05:48:00, 24.25, 23.81, 23.63, 41.03, 39.87, 0, 0, 4.26
2019/06/05 05:49:00, 24.25, 23.80, 23.62, 40.96, 39.87, 0, 0, 4.26
2019/06/05 05:50:00, 24.25, 23.83, 23.63, 40.99, 39.86, 0, 0, 4.26
2019/06/05 05:51:00, 24.25, 23.83, 23.62, 40.98, 39.86, 0, 0, 4.26
2019/06/05 05:52:00, 24.25, 23.81, 23.61, 41.00, 39.89, 0, 0, 4.26
2019/06/05 05:53:00, 24.25, 23.80, 23.63, 41.04, 39.91, 0, 0, 4.26
2019/06/05 05:54:00, 24.25, 23.81, 23.63, 41.08, 39.95, 0, 0, 4.26
2019/06/05 05:55:00, 24.25, 23.81, 23.62, 41.11, 39.93, 0, 0, 4.26
2019/06/05 05:56:00, 24.25, 23.83, 23.64, 41.11, 39.95, 0, 0, 4.26
2019/06/05 05:57:00, 24.25, 23.84, 23.65, 41.09, 40.01, 0, 0, 4.26
2019/06/05 05:58:00, 24.25, 23.83, 23.62, 41.07, 39.95, 0, 0, 4.26
2019/06/05 05:59:00, 24.25, 23.83, 23.64, 41.10, 39.91, 0, 0, 4.26
2019/06/05 06:00:00, 24.25, 23.84, 23.64, 41.10, 39.96, 0, 0, 4.26
2019/06/05 06:01:00, 24.25, 23.84, 23.63, 41.11, 39.98, 0, 0, 4.26
2019/06/05 06:02:00, 24.25, 23.83, 23.64, 41.08, 39.94, 0, 0, 4.26
2019/06/05 06:03:00, 24.25, 23.84, 23.63, 41.08, 39.95, 0, 0, 4.26
2019/06/05 06:04:00, 24.25, 23.88, 23.65, 41.14, 39.95, 0, 0, 4.26
2019/06/05 06:05:00, 24.25, 23.85, 23.66, 41.17, 39.97, 0, 0, 4.26
2019/06/05 06:06:00, 24.25, 23.88, 23.67, 41.14, 39.97, 0, 0, 4.26
2019/06/05 06:07:00, 24.25, 23.85, 23.65, 40.98, 39.91, 0, 0, 4.26
2019/06/05 06:08:00, 24.25, 23.85, 23.66, 41.06, 39.91, 0, 0, 4.26
2019/06/05 06:09:00, 24.25, 23.88, 23.66, 41.08, 39.96, 0, 0, 4.26
2019/06/05 06:10:00, 24.25, 23.88, 23.65, 41.08, 39.95, 0, 0, 4.26
2019/06/05 06:11:00, 24.25, 23.88, 23.68, 41.14, 39.96, 0, 0, 4.26
2019/06/05 06:12:00, 24.25, 23.88, 23.66, 41.06, 39.95, 0, 0, 4.26
2019/06/05 06:13:00, 24.25, 23.88, 23.68, 41.15, 39.98, 0, 0, 4.26
2019/06/05 06:14:00, 24.25, 23.85, 23.68, 41.12, 39.98, 0, 0, 4.26
2019/06/05 06:15:00, 24.25, 23.87, 23.68, 41.14, 40.01, 0, 0, 4.26
2019/06/05 06:16:00, 24.25, 23.88, 23.68, 41.12, 40.00, 0, 0, 4.26
2019/06/05 06:17:00, 24.25, 23.88, 23.67, 41.13, 39.99, 0, 0, 4.26
2019/06/05 06:18:00, 24.25, 23.88, 23.69, 41.09, 39.98, 0, 0, 4.26
2019/06/05 06:19:00, 24.25, 23.88, 23.69, 41.13, 39.98, 0, 0, 4.26
2019/06/05 06:20:00, 24.25, 23.91, 23.69, 41.15, 40.00, 0, 0, 4.26
2019/06/05 06:21:00, 24.25, 23.91, 23.72, 41.15, 39.98, 0, 0, 4.26
2019/06/05 06:22:00, 24.25, 23.91, 23.69, 41.10, 39.96, 0, 0, 4.26
2019/06/05 06:23:00, 24.25, 23.88, 23.72, 41.15, 39.94, 0, 0, 4.26
2019/06/05 06:24:00, 24.25, 23.94, 23.71, 41.14, 39.99, 0, 0, 4.26
2019/06/05 06:25:00, 24.25, 23.91, 23.72, 41.11, 39.98, 0, 0, 4.26
2019/06/05 06:26:00, 24.25, 23.91, 23.73, 41.10, 39.95, 0, 0, 4.26
2019/06/05 06:27:00, 24.25, 23.92, 23.73, 41.12, 39.98, 0, 0, 4.26
2019/06/05 06:28:00, 24.25, 23.92, 23.72, 41.24, 40.04, 0, 0, 4.26
2019/06/05 06:29:00, 24.25, 23.92, 23.73, 41.19, 40.05, 0, 0, 4.26
2019/06/05 06:30:00, 24.25, 23.91, 23.72, 41.17, 40.01, 0, 0, 4.26
2019/06/05 06:31:00, 24.25, 23.91, 23.73, 41.15, 40.02, 0, 0, 4.26
2019/06/05 06:32:00, 24.25, 23.94, 23.73, 41.19, 40.03, 0, 0, 4.26
2019/06/05 06:33:00, 24.25, 23.92, 23.74, 41.18, 40.02, 0, 0, 4.26
2019/06/05 06:34:00, 24.25, 23.90, 23.76, 41.22, 40.04, 0, 0, 4.26
2019/06/05 06:35:00, 24.25, 23.92, 23.73, 41.22, 40.05, 0, 0, 4.26
2019/06/05 06:36:00, 24.25, 23.94, 23.73, 41.18, 40.07, 0, 0, 4.26
2019/06/05 06:37:00, 24.25, 23.95, 23.74, 41.23, 40.07, 0, 0, 4.26
2019/06/05 06:38:00, 24.25, 23.95, 23.78, 41.22, 40.08, 0, 0, 4.26
2019/06/05 06:39:00, 24.25, 23.95, 23.77, 41.25, 40.09, 0, 0, 4.26
2019/06/05 06:40:00, 24.25, 23.98, 23.78, 41.27, 40.08, 0, 0, 4.26
2019/06/05 06:41:00, 24.25, 23.99, 23.81, 41.24, 40.07, 0, 0, 4.26
2019/06/05 06:42:00, 24.25, 24.02, 23.82, 41.20, 40.02, 0, 0, 4.26
2019/06/05 06:43:00, 24.25, 24.01, 23.80, 41.16, 40.02, 0, 0, 4.26
2019/06/05 06:44:00, 24.25, 23.99, 23.80, 41.19, 40.01, 0, 0, 4.26
2019/06/05 06:45:00, 24.25, 23.99, 23.81, 41.24, 40.05, 0, 0, 4.26
2019/06/05 06:46:00, 24.25, 24.01, 23.81, 41.22, 40.07, 0, 0, 4.26
2019/06/05 06:47:00, 24.25, 23.99, 23.83, 41.26, 40.09, 0, 0, 4.26
2019/06/05 06:48:00, 24.25, 24.01, 23.81, 41.29, 40.10, 0, 0, 4.26
2019/06/05 06:49:00, 24.25, 23.99, 23.82, 41.28, 40.12, 0, 0, 4.26
2019/06/05 06:50:00, 24.25, 24.02, 23.82, 41.31, 40.15, 0, 0, 4.26
2019/06/05 06:51:00, 24.25, 24.01, 23.80, 41.31, 40.16, 0, 0, 4.26
2019/06/05 06:52:00, 24.25, 23.99, 23.82, 41.33, 40.16, 0, 0, 4.26
2019/06/05 06:53:00, 24.25, 23.99, 23.81, 41.32, 40.18, 0, 0, 4.26
2019/06/05 06:54:00, 24.25, 23.99, 23.82, 41.37, 40.19, 0, 0, 4.26
2019/06/05 06:55:00, 24.25, 23.99, 23.79, 41.36, 40.18, 0, 0, 4.26
2019/06/05 06:56:00, 24.25, 24.01, 23.82, 41.44, 40.20, 0, 0, 4.26
2019/06/05 06:57:00, 24.25, 24.01, 23.82, 41.37, 40.22, 0, 0, 4.26
2019/06/05 06:58:00, 24.25, 24.01, 23.81, 41.39, 40.22, 0, 0, 4.26
2019/06/05 06:59:00, 24.25, 23.99, 23.80, 41.33, 40.22, 0, 0, 4.26
2019/06/05 07:00:00, 24.25, 24.02, 23.82, 41.40, 40.24, 0, 0, 4.26
2019/06/05 07:01:00, 24.25, 24.04, 23.82, 41.40, 40.23, 0, 0, 4.26
2019/06/05 07:02:00, 24.25, 24.01, 23.82, 41.36, 40.22, 0, 0, 4.26
2019/06/05 07:03:00, 24.25, 23.99, 23.81, 41.42, 40.26, 0, 0, 4.26
2019/06/05 07:04:00, 24.25, 23.99, 23.81, 41.46, 40.27, 0, 0, 4.26
2019/06/05 07:05:00, 24.25, 24.01, 23.82, 41.49, 40.30, 0, 0, 4.26
2019/06/05 07:06:00, 24.25, 24.02, 23.83, 41.42, 40.30, 0, 0, 4.26
2019/06/05 07:07:00, 24.25, 24.04, 23.82, 41.48, 40.30, 0, 0, 4.26
2019/06/05 07:08:00, 24.25, 24.01, 23.84, 41.46, 40.31, 0, 0, 4.26
2019/06/05 07:09:00, 24.25, 24.04, 23.83, 41.48, 40.29, 0, 0, 4.26
2019/06/05 07:10:00, 24.25, 24.02, 23.82, 41.45, 40.32, 0, 0, 4.26
2019/06/05 07:11:00, 24.25, 24.04, 23.83, 41.44, 40.29, 0, 0, 4.26
2019/06/05 07:12:00, 24.25, 24.02, 23.83, 41.49, 40.30, 0, 0, 4.26
2019/06/05 07:13:00, 24.25, 24.02, 23.82, 41.53, 40.34, 0, 0, 4.26
2019/06/05 07:14:00, 24.25, 24.02, 23.83, 41.56, 40.35, 0, 0, 4.26
2019/06/05 07:15:00, 24.25, 24.01, 23.84, 41.52, 40.37, 0, 0, 4.26
2019/06/05 07:16:00, 24.25, 24.04, 23.82, 41.56, 40.37, 0, 0, 4.26
2019/06/05 07:17:00, 24.25, 24.04, 23.83, 41.59, 40.40, 0, 0, 4.26
2019/06/05 07:18:00, 24.25, 24.04, 23.84, 41.56, 40.40, 0, 0, 4.26
2019/06/05 07:19:00, 24.25, 24.01, 23.84, 41.56, 40.37, 0, 0, 4.26
2019/06/05 07:20:00, 24.25, 24.04, 23.82, 41.52, 40.41, 0, 0, 4.26
2019/06/05 07:21:00, 24.25, 24.02, 23.82, 41.56, 40.41, 0, 0, 4.26
2019/06/05 07:22:00, 24.25, 24.02, 23.86, 41.60, 40.42, 0, 0, 4.26
2019/06/05 07:23:00, 24.25, 24.04, 23.86, 41.65, 40.44, 0, 0, 4.26
2019/06/05 07:24:00, 24.25, 24.05, 23.83, 41.53, 40.40, 0, 0, 4.26
2019/06/05 07:25:00, 24.25, 24.04, 23.86, 41.60, 40.44, 0, 0, 4.26
2019/06/05 07:26:00, 24.25, 24.04, 23.86, 41.60, 40.41, 0, 0, 4.26
2019/06/05 07:27:00, 24.25, 24.04, 23.86, 41.52, 40.41, 0, 0, 4.26
2019/06/05 07:28:00, 24.25, 24.05, 23.86, 41.62, 40.44, 0, 0, 4.26
2019/06/05 07:29:00, 24.25, 24.07, 23.87, 41.63, 40.44, 0, 0, 4.26
2019/06/05 07:30:00, 24.25, 24.04, 23.90, 41.64, 40.48, 0, 0, 4.26
2019/06/05 07:31:00, 24.25, 24.05, 23.87, 41.55, 40.43, 0, 0, 4.26
2019/06/05 07:32:00, 24.25, 24.05, 23.87, 41.58, 40.41, 0, 0, 4.26
2019/06/05 07:33:00, 24.25, 24.07, 23.88, 41.63, 40.48, 0, 0, 4.26
2019/06/05 07:34:00, 24.25, 24.07, 23.87, 41.70, 40.53, 0, 0, 4.26
2019/06/05 07:35:00, 24.25, 24.08, 23.86, 41.72, 40.53, 0, 0, 4.26
2019/06/05 07:36:00, 24.25, 24.05, 23.86, 41.71, 40.55, 0, 0, 4.26
2019/06/05 07:37:00, 24.25, 24.02, 23.86, 41.76, 40.56, 0, 0, 4.26
2019/06/05 07:38:00, 24.25, 24.02, 23.83, 41.85, 40.62, 0, 0, 4.26
2019/06/05 07:39:00, 24.25, 24.01, 23.82, 41.88, 40.69, 0, 0, 4.26
2019/06/05 07:40:00, 24.25, 23.99, 23.83, 41.95, 40.73, 0, 0, 4.26
2019/06/05 07:41:00, 24.25, 23.99, 23.82, 42.03, 40.76, 0, 0, 4.26
2019/06/05 07:42:00, 24.25, 24.01, 23.81, 42.00, 40.82, 0, 0, 4.26
2019/06/05 07:43:00, 24.25, 24.02, 23.80, 42.12, 40.87, 0, 0, 4.26
2019/06/05 07:44:00, 24.25, 23.99, 23.81, 42.12, 40.89, 0, 0, 4.26
2019/06/05 07:45:00, 24.25, 23.99, 23.82, 42.12, 40.89, 0, 0, 4.26
2019/06/05 07:46:00, 24.25, 23.98, 23.79, 42.13, 40.92, 0, 0, 4.26
2019/06/05 07:47:00, 24.25, 23.98, 23.77, 42.18, 40.92, 0, 0, 4.26
2019/06/05 07:48:00, 24.25, 23.99, 23.82, 42.20, 40.97, 0, 0, 4.26
2019/06/05 07:49:00, 24.25, 23.98, 23.81, 42.24, 40.98, 0, 0, 4.26
2019/06/05 07:50:00, 24.25, 23.98, 23.78, 42.38, 41.08, 0, 0, 4.26
2019/06/05 07:51:00, 24.25, 23.99, 23.80, 42.37, 41.14, 0, 0, 4.26
2019/06/05 07:52:00, 24.25, 23.99, 23.79, 42.37, 41.15, 0, 0, 4.26
2019/06/05 07:53:00, 24.25, 23.99, 23.81, 42.39, 41.15, 0, 0, 4.26
2019/06/05 07:54:00, 24.25, 23.99, 23.81, 42.34, 41.14, 0, 0, 4.26
2019/06/05 07:55:00, 24.25, 23.98, 23.80, 42.35, 41.14, 0, 0, 4.26
2019/06/05 07:56:00, 24.25, 23.99, 23.81, 42.36, 41.14, 0, 0, 4.26
2019/06/05 07:57:00, 24.25, 23.99, 23.82, 42.41, 41.20, 0, 0, 4.26
2019/06/05 07:58:00, 24.25, 23.99, 23.83, 42.44, 41.20, 0, 0, 4.26
2019/06/05 07:59:00, 24.25, 23.99, 23.84, 42.49, 41.21, 0, 0, 4.26
2019/06/05 08:00:00, 24.25, 24.04, 23.84, 42.44, 41.24, 0, 0, 4.26
2019/06/05 08:01:00, 24.25, 24.02, 23.82, 42.50, 41.25, 0, 0, 4.26
2019/06/05 08:02:00, 24.25, 24.02, 23.83, 42.49, 41.22, 0, 0, 4.26
2019/06/05 08:03:00, 24.25, 24.04, 23.83, 42.47, 41.25, 0, 0, 4.26
2019/06/05 08:04:00, 24.25, 24.02, 23.83, 42.43, 41.21, 0, 0, 4.26
2019/06/05 08:05:00, 24.25, 24.02, 23.84, 42.61, 41.28, 0, 0, 4.26
2019/06/05 08:06:00, 24.25, 24.04, 23.84, 42.55, 41.31, 0, 0, 4.26
2019/06/05 08:07:00, 24.25, 24.02, 23.86, 42.46, 41.26, 0, 0, 4.26
2019/06/05 08:08:00, 24.25, 24.01, 23.86, 42.53, 41.24, 0, 0, 4.26
2019/06/05 08:09:00, 24.25, 24.02, 23.86, 42.56, 41.31, 0, 0, 4.26
2019/06/05 08:10:00, 24.25, 24.01, 23.82, 42.62, 41.36, 0, 0, 4.26
2019/06/05 08:11:00, 24.25, 24.02, 23.81, 42.70, 41.43, 0, 0, 4.26
2019/06/05 08:12:00, 24.25, 24.01, 23.84, 42.77, 41.46, 0, 0, 4.26
2019/06/05 08:13:00, 24.25, 24.05, 23.86, 42.69, 41.48, 0, 0, 4.26
2019/06/05 08:14:00, 24.25, 24.04, 23.86, 42.86, 41.56, 0, 0, 4.26
2019/06/05 08:15:00, 24.25, 24.09, 23.88, 42.78, 41.54, 0, 0, 4.26
2019/06/05 08:16:00, 24.25, 24.05, 23.86, 42.67, 41.43, 0, 0, 4.26
2019/06/05 08:17:00, 24.50, 24.09, 23.90, 42.87, 41.54, 0, 0, 4.26
2019/06/05 08:18:00, 24.50, 24.08, 23.91, 43.01, 41.62, 0, 0, 4.26
2019/06/05 08:19:00, 24.50, 24.11, 23.91, 42.99, 41.70, 0, 0, 4.26
2019/06/05 08:20:00, 24.50, 24.09, 23.91, 43.04, 41.74, 0, 0, 4.26
2019/06/05 08:21:00, 24.50, 24.11, 23.92, 43.06, 41.78, 0, 0, 4.26
2019/06/05 08:22:00, 24.25, 24.08, 23.92, 43.13, 41.79, 0, 0, 4.26
2019/06/05 08:23:00, 24.25, 24.11, 23.91, 43.15, 41.84, 0, 0, 4.26
2019/06/05 08:24:00, 24.50, 24.12, 23.93, 43.17, 41.85, 0, 0, 4.26
2019/06/05 08:25:00, 24.50, 24.11, 23.94, 43.08, 41.84, 0, 0, 4.26
2019/06/05 08:26:00, 24.25, 24.11, 23.94, 43.04, 41.79, 0, 0, 4.26
2019/06/05 08:27:00, 24.50, 24.12, 23.94, 43.00, 41.75, 0, 0, 4.26
2019/06/05 08:28:00, 24.50, 24.12, 23.95, 43.02, 41.76, 0, 0, 4.26
2019/06/05 08:29:00, 24.50, 24.15, 23.94, 43.07, 41.77, 0, 0, 4.26
2019/06/05 08:30:00, 24.50, 24.15, 23.95, 43.04, 41.75, 0, 0, 4.26
2019/06/05 08:31:00, 24.50, 24.16, 23.95, 43.01, 41.77, 0, 0, 4.26
2019/06/05 08:32:00, 24.50, 24.15, 23.94, 43.02, 41.74, 0, 0, 4.26
2019/06/05 08:33:00, 24.50, 24.16, 24.00, 42.99, 41.76, 0, 0, 4.26
2019/06/05 08:34:00, 24.50, 24.18, 23.98, 43.05, 41.75, 0, 0, 4.26
2019/06/05 08:35:00, 24.50, 24.19, 24.01, 43.05, 41.77, 0, 0, 4.26
2019/06/05 08:36:00, 24.50, 24.19, 24.02, 43.02, 41.76, 0, 0, 4.26
2019/06/05 08:37:00, 24.50, 24.22, 24.02, 42.98, 41.73, 0, 0, 4.26
2019/06/05 08:38:00, 24.50, 24.23, 24.03, 42.99, 41.74, 0, 0, 4.26
2019/06/05 08:39:00, 24.50, 24.22, 24.06, 42.96, 41.69, 0, 0, 4.26
2019/06/05 08:40:00, 24.50, 24.23, 24.06, 42.89, 41.66, 0, 0, 4.26
2019/06/05 08:41:00, 24.50, 24.22, 24.05, 42.97, 41.68, 0, 0, 4.26
2019/06/05 08:42:00, 24.50, 24.23, 24.06, 42.97, 41.71, 0, 0, 4.26
2019/06/05 08:43:00, 24.50, 24.23, 24.07, 43.04, 41.72, 0, 0, 4.26
2019/06/05 08:44:00, 24.50, 24.29, 24.08, 42.97, 41.70, 0, 0, 4.26
2019/06/05 08:45:00, 24.50, 24.29, 24.12, 42.94, 41.66, 0, 0, 4.26
2019/06/05 08:46:00, 24.50, 24.29, 24.13, 42.90, 41.64, 0, 0, 4.26
2019/06/05 08:47:00, 24.50, 24.32, 24.16, 42.93, 41.64, 0, 0, 4.26
2019/06/05 08:48:00, 24.50, 24.31, 24.16, 42.97, 41.71, 0, 0, 4.26
2019/06/05 08:49:00, 24.50, 24.32, 24.16, 42.88, 41.65, 0, 0, 4.26
2019/06/05 08:50:00, 24.50, 24.32, 24.15, 42.86, 41.58, 0, 0, 4.26
2019/06/05 08:51:00, 24.50, 24.33, 24.17, 42.94, 41.61, 0, 0, 4.26
2019/06/05 08:52:00, 24.50, 24.36, 24.17, 42.92, 41.63, 0, 0, 4.26
2019/06/05 08:53:00, 24.50, 24.36, 24.20, 42.91, 41.65, 0, 0, 4.26
2019/06/05 08:54:00, 24.50, 24.38, 24.20, 42.96, 41.65, 0, 0, 4.26
2019/06/05 08:55:00, 24.50, 24.38, 24.22, 42.96, 41.62, 0, 0, 4.26
2019/06/05 08:56:00, 24.50, 24.40, 24.21, 42.97, 41.67, 0, 0, 4.26
2019/06/05 08:57:00, 24.50, 24.42, 24.25, 42.76, 41.54, 0, 0, 4.26
2019/06/05 08:58:00, 24.50, 24.42, 24.26, 42.91, 41.61, 0, 0, 4.26
2019/06/05 08:59:00, 24.50, 24.40, 24.26, 42.97, 41.65, 0, 0, 4.26
2019/06/05 09:00:00, 24.50, 24.43, 24.26, 42.91, 41.66, 0, 0, 4.26
2019/06/05 09:01:00, 24.50, 24.43, 24.27, 43.01, 41.68, 0, 0, 4.26
2019/06/05 09:02:00, 24.50, 24.43, 24.25, 43.01, 41.72, 0, 0, 4.26
2019/06/05 09:03:00, 24.50, 24.46, 24.27, 43.01, 41.74, 0, 0, 4.26
2019/06/05 09:04:00, 24.50, 24.49, 24.30, 43.03, 41.74, 0, 0, 4.26
2019/06/05 09:05:00, 24.50, 24.46, 24.30, 42.98, 41.72, 0, 0, 4.26
2019/06/05 09:06:00, 24.50, 24.49, 24.30, 42.95, 41.69, 0, 0, 4.26
2019/06/05 09:07:00, 24.50, 24.46, 24.28, 42.99, 41.70, 0, 0, 4.26
2019/06/05 09:08:00, 24.50, 24.46, 24.28, 42.97, 41.70, 0, 0, 4.26
2019/06/05 09:09:00, 24.50, 24.46, 24.27, 43.01, 41.72, 0, 0, 4.26
2019/06/05 09:10:00, 24.50, 24.44, 24.25, 43.11, 41.76, 0, 0, 4.26
2019/06/05 09:11:00, 24.50, 24.44, 24.30, 43.03, 41.78, 0, 0, 4.26
2019/06/05 09:12:00, 24.50, 24.47, 24.28, 43.03, 41.76, 0, 0, 4.26
2019/06/05 09:13:00, 24.50, 24.47, 24.28, 42.95, 41.70, 0, 0, 4.26
2019/06/05 09:14:00, 24.50, 24.49, 24.28, 43.01, 41.71, 0, 0, 4.26
2019/06/05 09:15:00, 24.50, 24.49, 24.28, 42.97, 41.71, 0, 0, 4.26
2019/06/05 09:16:00, 24.50, 24.47, 24.30, 42.96, 41.66, 0, 0, 4.26
2019/06/05 09:17:00, 24.50, 24.46, 24.32, 42.92, 41.66, 0, 0, 4.26
2019/06/05 09:18:00, 24.50, 24.49, 24.30, 42.92, 41.66, 0, 0, 4.26
2019/06/05 09:19:00, 24.50, 24.49, 24.32, 42.84, 41.63, 0, 0, 4.26
2019/06/05 09:20:00, 24.50, 24.50, 24.33, 42.87, 41.60, 0, 0, 4.26
2019/06/05 09:21:00, 24.50, 24.50, 24.35, 42.91, 41.62, 0, 0, 4.26
2019/06/05 09:22:00, 24.50, 24.54, 24.35, 42.86, 41.57, 0, 0, 4.26
2019/06/05 09:23:00, 24.75, 24.53, 24.37, 42.79, 41.56, 0, 0, 4.26
2019/06/05 09:24:00, 24.50, 24.53, 24.36, 42.70, 41.46, 0, 0, 4.26
2019/06/05 09:25:00, 24.50, 24.53, 24.37, 42.70, 41.49, 0, 0, 4.26
2019/06/05 09:26:00, 24.75, 24.54, 24.38, 42.70, 41.44, 0, 0, 4.26
2019/06/05 09:27:00, 24.75, 24.56, 24.37, 42.72, 41.47, 0, 0, 4.26
2019/06/05 09:28:00, 24.75, 24.54, 24.37, 42.60, 41.40, 0, 0, 4.26
2019/06/05 09:29:00, 24.75, 24.54, 24.40, 42.61, 41.37, 0, 0, 4.26
2019/06/05 09:30:00, 24.75, 24.56, 24.40, 42.65, 41.37, 0, 0, 4.26
2019/06/05 09:31:00, 24.75, 24.54, 24.40, 42.57, 41.34, 0, 0, 4.26
2019/06/05 09:32:00, 24.75, 24.59, 24.40, 42.59, 41.32, 0, 0, 4.26
2019/06/05 09:33:00, 24.75, 24.57, 24.41, 42.59, 41.32, 0, 0, 4.26
2019/06/05 09:34:00, 24.75, 24.57, 24.40, 42.52, 41.27, 0, 0, 4.26
2019/06/05 09:35:00, 24.75, 24.59, 24.40, 42.45, 41.24, 0, 0, 4.26
2019/06/05 09:36:00, 24.75, 24.57, 24.42, 42.53, 41.24, 0, 0, 4.26
2019/06/05 09:37:00, 24.75, 24.60, 24.43, 42.44, 41.24, 0, 0, 4.26
2019/06/05 09:38:00, 24.75, 24.59, 24.45, 42.38, 41.19, 0, 0, 4.26
2019/06/05 09:39:00, 24.75, 24.61, 24.46, 42.40, 41.18, 0, 0, 4.26
2019/06/05 09:40:00, 24.75, 24.64, 24.47, 42.34, 41.12, 0, 0, 4.26
2019/06/05 09:41:00, 24.75, 24.63, 24.45, 42.35, 41.09, 0, 0, 4.26
2019/06/05 09:42:00, 24.75, 24.64, 24.48, 42.40, 41.12, 0, 0, 4.26
2019/06/05 09:43:00, 24.75, 24.66, 24.48, 42.30, 41.11, 0, 0, 4.26
2019/06/05 09:44:00, 24.75, 24.66, 24.49, 42.34, 41.07, 0, 0, 4.26
2019/06/05 09:45:00, 24.75, 24.67, 24.48, 42.38, 41.12, 0, 0, 4.26
2019/06/05 09:46:00, 24.75, 24.67, 24.50, 42.34, 41.11, 0, 0, 4.26
2019/06/05 09:47:00, 24.75, 24.69, 24.50, 42.37, 41.13, 0, 0, 4.26
2019/06/05 09:48:00, 24.75, 24.64, 24.50, 42.37, 41.12, 0, 0, 4.26
2019/06/05 09:49:00, 24.75, 24.66, 24.50, 42.41, 41.18, 0, 0, 4.26
2019/06/05 09:50:00, 24.75, 24.67, 24.51, 42.36, 41.13, 0, 0, 4.26
2019/06/05 09:51:00, 24.75, 24.67, 24.53, 42.36, 41.11, 0, 0, 4.26
2019/06/05 09:52:00, 24.75, 24.67, 24.54, 42.43, 41.14, 0, 0, 4.26
2019/06/05 09:53:00, 24.75, 24.70, 24.52, 42.40, 41.14, 0, 0, 4.26
2019/06/05 09:54:00, 24.75, 24.69, 24.52, 42.39, 41.14, 0, 0, 4.26
2019/06/05 09:55:00, 24.75, 24.70, 24.55, 42.34, 41.13, 0, 0, 4.26
2019/06/05 09:56:00, 24.75, 24.71, 24.54, 42.34, 41.10, 0, 0, 4.26
2019/06/05 09:57:00, 24.75, 24.73, 24.55, 42.31, 41.11, 0, 0, 4.26
2019/06/05 09:58:00, 24.75, 24.73, 24.58, 42.25, 41.08, 0, 0, 4.26
2019/06/05 09:59:00, 24.75, 24.74, 24.57, 42.27, 41.05, 0, 0, 4.26
2019/06/05 10:00:00, 24.75, 24.75, 24.56, 42.33, 41.08, 0, 0, 4.26
2019/06/05 10:01:00, 24.75, 24.75, 24.57, 42.31, 41.02, 0, 0, 4.26
2019/06/05 10:02:00, 24.75, 24.77, 24.58, 42.25, 41.02, 0, 0, 4.26
2019/06/05 10:03:00, 24.75, 24.74, 24.60, 42.17, 40.95, 0, 0, 4.26
2019/06/05 10:04:00, 24.75, 24.75, 24.61, 42.12, 40.92, 0, 0, 4.26
2019/06/05 10:05:00, 24.75, 24.78, 24.63, 42.09, 40.92, 0, 0, 4.26
2019/06/05 10:06:00, 24.75, 24.78, 24.63, 42.07, 40.89, 0, 0, 4.26
2019/06/05 10:07:00, 24.75, 24.77, 24.62, 41.96, 40.80, 0, 0, 4.26
2019/06/05 10:08:00, 24.75, 24.80, 24.63, 42.02, 40.81, 0, 0, 4.26
2019/06/05 10:09:00, 24.75, 24.81, 24.62, 41.98, 40.81, 0, 0, 4.26
2019/06/05 10:10:00, 24.75, 24.81, 24.64, 41.96, 40.75, 0, 0, 4.26
2019/06/05 10:11:00, 24.75, 24.81, 24.64, 41.89, 40.72, 0, 0, 4.26
2019/06/05 10:12:00, 24.75, 24.81, 24.64, 41.86, 40.69, 0, 0, 4.26
2019/06/05 10:13:00, 24.75, 24.80, 24.65, 41.73, 40.59, 0, 0, 4.26
2019/06/05 10:14:00, 24.75, 24.80, 24.65, 41.78, 40.56, 0, 0, 4.26
2019/06/05 10:15:00, 24.75, 24.80, 24.65, 41.70, 40.56, 0, 0, 4.26
2019/06/05 10:16:00, 24.75, 24.82, 24.65, 41.72, 40.53, 0, 0, 4.26
2019/06/05 10:17:00, 24.75, 24.81, 24.65, 41.62, 40.47, 0, 0, 4.26
2019/06/05 10:18:00, 24.75, 24.81, 24.67, 41.58, 40.44, 0, 0, 4.26
2019/06/05 10:19:00, 24.75, 24.85, 24.68, 41.56, 40.41, 0, 0, 4.26
2019/06/05 10:20:00, 24.75, 24.84, 24.66, 41.47, 40.33, 0, 0, 4.26
2019/06/05 10:21:00, 24.75, 24.84, 24.66, 41.37, 40.26, 0, 0, 4.26
2019/06/05 10:22:00, 24.75, 24.82, 24.68, 41.26, 40.15, 0, 0, 4.26
2019/06/05 10:23:00, 24.75, 24.85, 24.67, 41.15, 40.04, 0, 0, 4.26
2019/06/05 10:24:00, 24.75, 24.82, 24.67, 41.12, 40.00, 0, 0, 4.26
2019/06/05 10:25:00, 25.00, 24.82, 24.65, 41.08, 39.93, 0, 0, 4.26
2019/06/05 10:26:00, 25.00, 24.84, 24.65, 41.00, 39.89, 0, 0, 4.26
2019/06/05 10:27:00, 25.00, 24.81, 24.65, 40.93, 39.84, 0, 0, 4.26
2019/06/05 10:28:00, 25.00, 24.82, 24.65, 40.87, 39.78, 0, 0, 4.26
2019/06/05 10:29:00, 25.00, 24.82, 24.66, 40.87, 39.73, 0, 0, 4.26
2019/06/05 10:30:00, 25.00, 24.82, 24.65, 40.78, 39.70, 0, 0, 4.26
2019/06/05 10:31:00, 25.00, 24.81, 24.65, 40.66, 39.61, 0, 0, 4.26
2019/06/05 10:32:00, 25.00, 24.82, 24.65, 40.70, 39.57, 0, 0, 4.26
2019/06/05 10:33:00, 25.00, 24.81, 24.65, 40.54, 39.50, 0, 0, 4.26
2019/06/05 10:34:00, 25.00, 24.80, 24.65, 40.58, 39.46, 0, 0, 4.26
2019/06/05 10:35:00, 25.00, 24.80, 24.65, 40.52, 39.46, 0, 0, 4.26
2019/06/05 10:36:00, 25.00, 24.78, 24.65, 40.49, 39.41, 0, 0, 4.26
2019/06/05 10:37:00, 25.00, 24.78, 24.62, 40.51, 39.37, 0, 0, 4.26
2019/06/05 10:38:00, 25.00, 24.80, 24.64, 40.54, 39.41, 0, 0, 4.26
2019/06/05 10:39:00, 25.00, 24.78, 24.62, 40.40, 39.32, 0, 0, 4.26
2019/06/05 10:40:00, 25.00, 24.78, 24.62, 40.38, 39.31, 0, 0, 4.26
2019/06/05 10:41:00, 25.00, 24.78, 24.62, 40.47, 39.32, 0, 0, 4.26
2019/06/05 10:42:00, 25.00, 24.80, 24.63, 40.36, 39.33, 0, 0, 4.26
2019/06/05 10:43:00, 25.00, 24.78, 24.62, 40.46, 39.32, 0, 0, 4.26
2019/06/05 10:44:00, 25.00, 24.81, 24.64, 40.39, 39.31, 0, 0, 4.26
2019/06/05 10:45:00, 25.00, 24.80, 24.63, 40.36, 39.29, 0, 0, 4.26
2019/06/05 10:46:00, 25.00, 24.80, 24.64, 40.45, 39.31, 0, 0, 4.26
2019/06/05 10:47:00, 25.00, 24.82, 24.64, 40.44, 39.31, 0, 0, 4.26
2019/06/05 10:48:00, 25.00, 24.80, 24.64, 40.46, 39.32, 0, 0, 4.26
2019/06/05 10:49:00, 25.00, 24.80, 24.62, 40.46, 39.34, 0, 0, 4.26
2019/06/05 10:50:00, 25.00, 24.81, 24.64, 40.53, 39.41, 0, 0, 4.26
2019/06/05 10:51:00, 25.00, 24.78, 24.63, 40.51, 39.37, 0, 0, 4.26
2019/06/05 10:52:00, 25.00, 24.77, 24.62, 40.46, 39.38, 0, 0, 4.26
2019/06/05 10:53:00, 25.00, 24.78, 24.62, 40.52, 39.36, 0, 0, 4.26
2019/06/05 10:54:00, 25.00, 24.80, 24.62, 40.54, 39.42, 0, 0, 4.26
2019/06/05 10:55:00, 25.00, 24.77, 24.62, 40.53, 39.43, 0, 0, 4.26
2019/06/05 10:56:00, 25.00, 24.78, 24.61, 40.51, 39.42, 0, 0, 4.26
2019/06/05 10:57:00, 25.00, 24.78, 24.61, 40.54, 39.45, 0, 0, 4.26
2019/06/05 10:58:00, 25.00, 24.78, 24.60, 40.50, 39.45, 0, 0, 4.26
2019/06/05 10:59:00, 25.00, 24.78, 24.61, 40.52, 39.41, 0, 0, 4.26
2019/06/05 11:00:00, 25.00, 24.77, 24.62, 40.50, 39.41, 0, 0, 4.26
2019/06/05 11:01:00, 25.00, 24.77, 24.60, 40.44, 39.38, 0, 0, 4.26
2019/06/05 11:02:00, 25.00, 24.77, 24.60, 40.47, 39.36, 0, 0, 4.26
2019/06/05 11:03:00, 25.00, 24.73, 24.58, 40.50, 39.37, 0, 0, 4.26
2019/06/05 11:04:00, 25.00, 24.74, 24.56, 40.51, 39.35, 0, 0, 4.26
2019/06/05 11:05:00, 25.00, 24.73, 24.55, 40.40, 39.36, 0, 0, 4.26
2019/06/05 11:06:00, 25.00, 24.74, 24.56, 40.45, 39.32, 0, 0, 4.26
2019/06/05 11:07:00, 25.00, 24.73, 24.56, 40.52, 39.39, 0, 0, 4.26
2019/06/05 11:08:00, 25.00, 24.71, 24.56, 40.52, 39.39, 0, 0, 4.26
2019/06/05 11:09:00, 25.00, 24.71, 24.55, 40.41, 39.33, 0, 0, 4.26
2019/06/05 11:10:00, 25.00, 24.73, 24.57, 40.45, 39.37, 0, 0, 4.26
2019/06/05 11:11:00, 25.00, 24.70, 24.55, 40.48, 39.37, 0, 0, 4.26
2019/06/05 11:12:00, 25.00, 24.73, 24.55, 40.42, 39.34, 0, 0, 4.26
2019/06/05 11:13:00, 25.00, 24.74, 24.56, 40.44, 39.35, 0, 0, 4.26
2019/06/05 11:14:00, 25.00, 24.74, 24.55, 40.41, 39.32, 0, 0, 4.26
2019/06/05 11:15:00, 25.00, 24.74, 24.55, 40.40, 39.31, 0, 0, 4.26
2019/06/05 11:16:00, 25.00, 24.73, 24.57, 40.39, 39.28, 0, 0, 4.26
2019/06/05 11:17:00, 25.00, 24.74, 24.56, 40.52, 39.35, 0, 0, 4.26
2019/06/05 11:18:00, 25.00, 24.74, 24.56, 40.40, 39.28, 0, 0, 4.26
2019/06/05 11:19:00, 25.00, 24.74, 24.56, 40.40, 39.30, 0, 0, 4.26
2019/06/05 11:20:00, 25.00, 24.73, 24.56, 40.35, 39.26, 0, 0, 4.26
2019/06/05 11:21:00, 25.00, 24.70, 24.53, 40.38, 39.26, 0, 0, 4.26
2019/06/05 11:22:00, 25.00, 24.71, 24.54, 40.42, 39.31, 0, 0, 4.26
2019/06/05 11:23:00, 25.00, 24.69, 24.52, 40.38, 39.24, 0, 0, 4.26
2019/06/05 11:24:00, 25.00, 24.66, 24.50, 40.29, 39.24, 0, 0, 4.26
2019/06/05 11:25:00, 25.00, 24.64, 24.47, 40.37, 39.24, 0, 0, 4.26
2019/06/05 11:26:00, 25.00, 24.63, 24.45, 40.46, 39.35, 0, 0, 4.26
2019/06/05 11:27:00, 25.00, 24.64, 24.45, 40.60, 39.42, 0, 0, 4.26
2019/06/05 11:28:00, 25.00, 24.66, 24.49, 40.52, 39.40, 0, 0, 4.26
2019/06/05 11:29:00, 25.00, 24.69, 24.50, 40.54, 39.39, 0, 0, 4.26
2019/06/05 11:30:00, 25.00, 24.66, 24.52, 40.41, 39.37, 0, 0, 4.26
2019/06/05 11:31:00, 25.00, 24.71, 24.55, 40.44, 39.31, 0, 0, 4.26
2019/06/05 11:32:00, 25.00, 24.75, 24.58, 40.32, 39.26, 0, 0, 4.26
2019/06/05 11:33:00, 25.00, 24.75, 24.58, 40.27, 39.20, 0, 0, 4.26
2019/06/05 11:34:00, 25.00, 24.78, 24.61, 40.41, 39.29, 0, 0, 4.26
2019/06/05 11:35:00, 25.00, 24.81, 24.65, 40.63, 39.46, 0, 0, 4.26
2019/06/05 11:36:00, 25.00, 24.82, 24.63, 40.67, 39.53, 0, 0, 4.26
2019/06/05 11:37:00, 25.00, 24.81, 24.64, 40.63, 39.50, 0, 0, 4.26
2019/06/05 11:38:00, 25.00, 24.81, 24.64, 40.50, 39.42, 0, 0, 4.26
2019/06/05 11:39:00, 25.00, 24.82, 24.64, 40.53, 39.41, 0, 0, 4.26
2019/06/05 11:40:00, 25.00, 24.80, 24.65, 40.50, 39.41, 0, 0, 4.26
2019/06/05 11:41:00, 25.00, 24.81, 24.65, 40.52, 39.40, 0, 0, 4.26
2019/06/05 11:42:00, 25.00, 24.80, 24.64, 40.50, 39.44, 0, 0, 4.26
2019/06/05 11:43:00, 25.00, 24.81, 24.62, 40.45, 39.32, 0, 0, 4.26
2019/06/05 11:44:00, 25.00, 24.80, 24.62, 40.49, 39.37, 0, 0, 4.26
2019/06/05 11:45:00, 25.00, 24.80, 24.62, 40.43, 39.35, 0, 0, 4.26
2019/06/05 11:46:00, 25.00, 24.78, 24.62, 40.39, 39.37, 0, 0, 4.26
2019/06/05 11:47:00, 25.00, 24.75, 24.58, 40.51, 39.34, 0, 0, 4.26
2019/06/05 11:48:00, 25.00, 24.78, 24.60, 40.45, 39.34, 0, 0, 4.26
2019/06/05 11:49:00, 25.00, 24.75, 24.57, 40.29, 39.27, 0, 0, 4.26
2019/06/05 11:50:00, 25.00, 24.75, 24.58, 40.36, 39.31, 0, 0, 4.26
2019/06/05 11:51:00, 25.00, 24.74, 24.56, 40.33, 39.20, 0, 0, 4.26
2019/06/05 11:52:00, 25.00, 24.70, 24.52, 40.33, 39.24, 0, 0, 4.26
2019/06/05 11:53:00, 25.00, 24.70, 24.52, 40.45, 39.30, 0, 0, 4.26
2019/06/05 11:54:00, 25.00, 24.67, 24.51, 40.42, 39.28, 0, 0, 4.26
2019/06/05 11:55:00, 25.00, 24.66, 24.49, 40.40, 39.25, 0, 0, 4.26
2019/06/05 11:56:00, 25.00, 24.63, 24.46, 40.43, 39.31, 0, 0, 4.26
2019/06/05 11:57:00, 25.00, 24.63, 24.45, 40.48, 39.37, 0, 0, 4.26
2019/06/05 11:58:00, 25.00, 24.61, 24.45, 40.40, 39.32, 0, 0, 4.26
2019/06/05 11:59:00, 25.00, 24.59, 24.41, 40.59, 39.37, 0, 0, 4.26
2019/06/05 12:00:00, 25.00, 24.59, 24.42, 40.45, 39.37, 0, 0, 4.26
2019/06/05 12:01:00, 25.00, 24.59, 24.42, 40.48, 39.35, 0, 0, 4.26
2019/06/05 12:02:00, 25.00, 24.57, 24.41, 40.42, 39.30, 0, 0, 4.26
2019/06/05 12:03:00, 25.00, 24.61, 24.42, 40.46, 39.34, 0, 0, 4.26
2019/06/05 12:04:00, 25.00, 24.61, 24.45, 40.35, 39.34, 0, 0, 4.26
2019/06/05 12:05:00, 25.00, 24.63, 24.46, 40.30, 39.24, 0, 0, 4.26
2019/06/05 12:06:00, 25.00, 24.66, 24.50, 40.28, 39.20, 0, 0, 4.26
2019/06/05 12:07:00, 25.00, 24.64, 24.48, 40.22, 39.13, 0, 0, 4.26
2019/06/05 12:08:00, 25.00, 24.64, 24.45, 40.39, 39.19, 0, 0, 4.26
2019/06/05 12:09:00, 25.00, 24.64, 24.47, 40.37, 39.35, 0, 0, 4.26
2019/06/05 12:10:00, 25.00, 24.67, 24.48, 40.26, 39.25, 0, 0, 4.26
2019/06/05 12:11:00, 25.00, 24.64, 24.48, 40.23, 39.14, 0, 0, 4.26
2019/06/05 12:12:00, 25.00, 24.66, 24.47, 40.38, 39.27, 0, 0, 4.26
2019/06/05 12:13:00, 25.00, 24.61, 24.45, 40.18, 39.12, 0, 0, 4.26
2019/06/05 12:14:00, 25.00, 24.57, 24.43, 40.28, 39.15, 0, 0, 4.26
2019/06/05 12:15:00, 25.00, 24.59, 24.41, 40.30, 39.19, 0, 0, 4.26
2019/06/05 12:16:00, 25.00, 24.59, 24.40, 40.37, 39.26, 0, 0, 4.26
2019/06/05 12:17:00, 25.00, 24.56, 24.40, 40.35, 39.21, 0, 0, 4.26
2019/06/05 12:18:00, 25.00, 24.54, 24.37, 40.45, 39.31, 0, 0, 4.26
2019/06/05 12:19:00, 25.00, 24.56, 24.38, 40.51, 39.37, 0, 0, 4.26
2019/06/05 12:20:00, 25.00, 24.59, 24.40, 40.29, 39.34, 0, 0, 4.26
2019/06/05 12:21:00, 25.00, 24.53, 24.36, 40.35, 39.21, 0, 0, 4.26
2019/06/05 12:22:00, 25.00, 24.50, 24.36, 40.37, 39.31, 0, 0, 4.26
2019/06/05 12:23:00, 25.00, 24.50, 24.34, 40.52, 39.35, 0, 0, 4.26
2019/06/05 12:24:00, 25.00, 24.53, 24.34, 40.61, 39.43, 0, 0, 4.26
2019/06/05 12:25:00, 25.00, 24.50, 24.32, 40.48, 39.42, 0, 0, 4.26
2019/06/05 12:26:00, 25.00, 24.49, 24.32, 40.55, 39.44, 0, 0, 4.26
2019/06/05 12:27:00, 25.00, 24.49, 24.30, 40.61, 39.47, 0, 0, 4.26
2019/06/05 12:28:00, 25.00, 24.44, 24.28, 40.62, 39.50, 0, 0, 4.26
2019/06/05 12:29:00, 25.00, 24.46, 24.28, 40.60, 39.50, 0, 0, 4.26
2019/06/05 12:30:00, 25.00, 24.47, 24.27, 40.52, 39.45, 0, 0, 4.26
2019/06/05 12:31:00, 25.00, 24.44, 24.25, 40.57, 39.47, 0, 0, 4.26
2019/06/05 12:32:00, 25.00, 24.46, 24.28, 40.54, 39.45, 0, 0, 4.26
2019/06/05 12:33:00, 25.00, 24.50, 24.28, 40.50, 39.40, 0, 0, 4.26
2019/06/05 12:34:00, 25.00, 24.47, 24.31, 40.46, 39.34, 0, 0, 4.26
2019/06/05 12:35:00, 24.75, 24.50, 24.34, 40.44, 39.35, 0, 0, 4.26
2019/06/05 12:36:00, 24.75, 24.49, 24.33, 40.39, 39.28, 0, 0, 4.26
2019/06/05 12:37:00, 24.75, 24.50, 24.32, 40.39, 39.28, 0, 0, 4.26
2019/06/05 12:38:00, 24.75, 24.49, 24.31, 40.41, 39.31, 0, 0, 4.26
2019/06/05 12:39:00, 24.75, 24.50, 24.32, 40.50, 39.34, 0, 0, 4.26
2019/06/05 12:40:00, 24.75, 24.47, 24.27, 40.48, 39.39, 0, 0, 4.26
2019/06/05 12:41:00, 24.75, 24.46, 24.30, 40.48, 39.41, 0, 0, 4.26
2019/06/05 12:42:00, 24.75, 24.44, 24.31, 40.52, 39.41, 0, 0, 4.26
2019/06/05 12:43:00, 24.75, 24.50, 24.32, 40.50, 39.39, 0, 0, 4.26
2019/06/05 12:44:00, 24.75, 24.49, 24.31, 40.64, 39.44, 0, 0, 4.26
2019/06/05 12:45:00, 24.75, 24.49, 24.28, 40.52, 39.47, 0, 0, 4.26
2019/06/05 12:46:00, 24.75, 24.49, 24.30, 40.52, 39.41, 0, 0, 4.26
2019/06/05 12:47:00, 24.75, 24.50, 24.32, 40.53, 39.43, 0, 0, 4.26
2019/06/05 12:48:00, 24.75, 24.50, 24.33, 40.52, 39.44, 0, 0, 4.26
2019/06/05 12:49:00, 24.75, 24.52, 24.32, 40.52, 39.44, 0, 0, 4.26
2019/06/05 12:50:00, 24.75, 24.47, 24.32, 40.60, 39.47, 0, 0, 4.26
2019/06/05 12:51:00, 24.75, 24.50, 24.32, 40.59, 39.48, 0, 0, 4.26
2019/06/05 12:52:00, 24.75, 24.50, 24.33, 40.64, 39.52, 0, 0, 4.26
2019/06/05 12:53:00, 24.75, 24.50, 24.31, 40.68, 39.57, 0, 0, 4.26
2019/06/05 12:54:00, 24.75, 24.50, 24.28, 40.71, 39.57, 0, 0, 4.26
2019/06/05 12:55:00, 24.75, 24.52, 24.32, 40.74, 39.63, 0, 0, 4.26
2019/06/05 12:56:00, 24.75, 24.52, 24.33, 40.72, 39.60, 0, 0, 4.26
2019/06/05 12:57:00, 24.75, 24.54, 24.35, 40.68, 39.57, 0, 0, 4.26
2019/06/05 12:58:00, 24.75, 24.56, 24.33, 40.72, 39.61, 0, 0, 4.26
2019/06/05 12:59:00, 24.75, 24.50, 24.32, 40.77, 39.65, 0, 0, 4.26
2019/06/05 13:00:00, 24.75, 24.50, 24.32, 40.93, 39.77, 0, 0, 4.26
2019/06/05 13:01:00, 24.75, 24.50, 24.32, 41.05, 39.87, 0, 0, 4.26
2019/06/05 13:02:00, 24.75, 24.49, 24.30, 41.02, 39.89, 0, 0, 4.26
2019/06/05 13:03:00, 24.75, 24.49, 24.32, 41.03, 39.89, 0, 0, 4.26
2019/06/05 13:04:00, 24.75, 24.50, 24.32, 41.01, 39.86, 0, 0, 4.26
2019/06/05 13:05:00, 24.75, 24.50, 24.33, 40.99, 39.84, 0, 0, 4.26
2019/06/05 13:06:00, 24.75, 24.52, 24.35, 40.87, 39.81, 0, 0, 4.26
2019/06/05 13:07:00, 24.75, 24.53, 24.35, 40.90, 39.78, 0, 0, 4.26
2019/06/05 13:08:00, 24.75, 24.54, 24.34, 40.86, 39.77, 0, 0, 4.26
2019/06/05 13:09:00, 24.75, 24.54, 24.32, 40.90, 39.79, 0, 0, 4.26
2019/06/05 13:10:00, 24.75, 24.52, 24.34, 40.98, 39.82, 0, 0, 4.26
2019/06/05 13:11:00, 24.75, 24.56, 24.37, 40.83, 39.81, 0, 0, 4.26
2019/06/05 13:12:00, 24.75, 24.54, 24.37, 40.84, 39.74, 0, 0, 4.26
2019/06/05 13:13:00, 24.75, 24.54, 24.37, 40.90, 39.77, 0, 0, 4.26
2019/06/05 13:14:00, 24.75, 24.56, 24.37, 40.98, 39.80, 0, 0, 4.26
2019/06/05 13:15:00, 24.75, 24.56, 24.36, 40.95, 39.82, 0, 0, 4.26
2019/06/05 13:16:00, 24.75, 24.57, 24.37, 40.97, 39.82, 0, 0, 4.26
2019/06/05 13:17:00, 24.75, 24.59, 24.41, 40.97, 39.82, 0, 0, 4.26
2019/06/05 13:18:00, 24.75, 24.54, 24.39, 40.94, 39.81, 0, 0, 4.26
2019/06/05 13:19:00, 24.75, 24.59, 24.40, 40.92, 39.80, 0, 0, 4.26
2019/06/05 13:20:00, 24.75, 24.57, 24.41, 40.99, 39.85, 0, 0, 4.26
2019/06/05 13:21:00, 24.75, 24.57, 24.41, 40.90, 39.78, 0, 0, 4.26
2019/06/05 13:22:00, 24.75, 24.59, 24.43, 40.99, 39.82, 0, 0, 4.26
2019/06/05 13:23:00, 24.75, 24.61, 24.43, 40.88, 39.79, 0, 0, 4.26
2019/06/05 13:24:00, 24.75, 24.63, 24.45, 40.93, 39.79, 0, 0, 4.26
2019/06/05 13:25:00, 24.75, 24.66, 24.49, 40.95, 39.79, 0, 0, 4.26
2019/06/05 13:26:00, 24.75, 24.67, 24.49, 40.82, 39.72, 0, 0, 4.26
2019/06/05 13:27:00, 24.75, 24.66, 24.49, 40.79, 39.69, 0, 0, 4.26
2019/06/05 13:28:00, 24.75, 24.70, 24.50, 40.75, 39.67, 0, 0, 4.26
2019/06/05 13:29:00, 24.75, 24.69, 24.49, 40.74, 39.63, 0, 0, 4.26
2019/06/05 13:30:00, 24.75, 24.67, 24.50, 40.78, 39.65, 0, 0, 4.26
2019/06/05 13:31:00, 25.00, 24.67, 24.50, 40.71, 39.59, 0, 0, 4.26
2019/06/05 13:32:00, 24.75, 24.64, 24.46, 40.80, 39.65, 0, 0, 4.26
2019/06/05 13:33:00, 25.00, 24.60, 24.42, 40.92, 39.76, 0, 0, 4.26
2019/06/05 13:34:00, 24.75, 24.60, 24.41, 40.90, 39.75, 0, 0, 4.26
2019/06/05 13:35:00, 24.75, 24.60, 24.42, 41.03, 39.88, 0, 0, 4.26
2019/06/05 13:36:00, 24.75, 24.57, 24.41, 40.90, 39.81, 0, 0, 4.26
2019/06/05 13:37:00, 24.75, 24.59, 24.43, 40.94, 39.85, 0, 0, 4.26
2019/06/05 13:38:00, 24.75, 24.59, 24.40, 40.93, 39.83, 0, 0, 4.26
2019/06/05 13:39:00, 24.75, 24.59, 24.41, 41.01, 39.90, 0, 0, 4.26
2019/06/05 13:40:00, 25.00, 24.57, 24.39, 41.08, 39.91, 0, 0, 4.26
2019/06/05 13:41:00, 24.75, 24.60, 24.41, 41.18, 40.02, 0, 0, 4.26
2019/06/05 13:42:00, 24.75, 24.57, 24.39, 41.16, 40.01, 0, 0, 4.26
2019/06/05 13:43:00, 25.00, 24.53, 24.39, 41.14, 40.03, 0, 0, 4.26
2019/06/05 13:44:00, 24.75, 24.57, 24.39, 41.26, 40.10, 0, 0, 4.26
2019/06/05 13:45:00, 24.75, 24.56, 24.37, 41.31, 40.14, 0, 0, 4.26
2019/06/05 13:46:00, 24.75, 24.56, 24.38, 41.30, 40.18, 0, 0, 4.26
2019/06/05 13:47:00, 25.00, 24.54, 24.37, 41.37, 40.18, 0, 0, 4.26
2019/06/05 13:48:00, 24.75, 24.57, 24.37, 41.41, 40.21, 0, 0, 4.26
2019/06/05 13:49:00, 24.75, 24.56, 24.37, 41.55, 40.31, 0, 0, 4.26
2019/06/05 13:50:00, 24.75, 24.56, 24.40, 41.48, 40.30, 0, 0, 4.26
2019/06/05 13:51:00, 24.75, 24.56, 24.38, 41.55, 40.34, 0, 0, 4.26
2019/06/05 13:52:00, 24.75, 24.57, 24.38, 41.50, 40.33, 0, 0, 4.26
2019/06/05 13:53:00, 25.00, 24.56, 24.37, 41.52, 40.44, 0, 0, 4.26
2019/06/05 13:54:00, 24.75, 24.57, 24.39, 41.59, 40.46, 0, 0, 4.26
2019/06/05 13:55:00, 24.75, 24.56, 24.38, 41.60, 40.40, 0, 0, 4.26
2019/06/05 13:56:00, 24.75, 24.59, 24.41, 41.71, 40.52, 0, 0, 4.26
2019/06/05 13:57:00, 25.00, 24.56, 24.39, 41.77, 40.53, 0, 0, 4.26
2019/06/05 13:58:00, 25.00, 24.59, 24.40, 41.75, 40.54, 0, 0, 4.26
2019/06/05 13:59:00, 25.00, 24.56, 24.38, 41.64, 40.46, 0, 0, 4.26
2019/06/05 14:00:00, 25.00, 24.54, 24.38, 41.80, 40.56, 0, 0, 4.26
2019/06/05 14:01:00, 25.00, 24.56, 24.35, 42.05, 40.82, 0, 0, 4.26
2019/06/05 14:02:00, 25.00, 24.54, 24.35, 42.09, 40.85, 0, 0, 4.26
2019/06/05 14:03:00, 25.00, 24.59, 24.37, 41.87, 40.76, 0, 0, 4.26
2019/06/05 14:04:00, 25.00, 24.57, 24.39, 41.92, 40.70, 0, 0, 4.26
2019/06/05 14:05:00, 25.00, 24.56, 24.38, 41.77, 40.63, 0, 0, 4.26
2019/06/05 14:06:00, 25.00, 24.54, 24.35, 42.00, 40.73, 0, 0, 4.26
2019/06/05 14:07:00, 24.75, 24.53, 24.35, 42.11, 40.86, 0, 0, 4.26
2019/06/05 14:08:00, 25.00, 24.53, 24.34, 42.19, 40.98, 0, 0, 4.26
2019/06/05 14:09:00, 24.75, 24.52, 24.34, 42.21, 40.95, 0, 0, 4.26
2019/06/05 14:10:00, 24.75, 24.47, 24.31, 42.25, 41.00, 0, 0, 4.26
2019/06/05 14:11:00, 24.75, 24.46, 24.31, 42.27, 41.05, 0, 0, 4.26
2019/06/05 14:12:00, 24.75, 24.49, 24.28, 42.34, 41.03, 0, 0, 4.26
2019/06/05 14:13:00, 24.75, 24.49, 24.30, 42.29, 41.12, 0, 0, 4.26
2019/06/05 14:14:00, 24.75, 24.46, 24.31, 42.41, 41.14, 0, 0, 4.26
2019/06/05 14:15:00, 24.75, 24.46, 24.31, 42.41, 41.11, 0, 0, 4.26
2019/06/05 14:16:00, 24.75, 24.49, 24.28, 42.33, 41.09, 0, 0, 4.26
2019/06/05 14:17:00, 24.75, 24.43, 24.27, 42.36, 41.11, 0, 0, 4.26
2019/06/05 14:18:00, 24.75, 24.43, 24.28, 42.42, 41.17, 0, 0, 4.26
2019/06/05 14:19:00, 24.75, 24.44, 24.24, 42.47, 41.18, 0, 0, 4.26
2019/06/05 14:20:00, 24.75, 24.42, 24.25, 42.50, 41.26, 0, 0, 4.26
2019/06/05 14:21:00, 24.75, 24.40, 24.25, 42.66, 41.37, 0, 0, 4.26
2019/06/05 14:22:00, 24.75, 24.42, 24.23, 42.71, 41.43, 0, 0, 4.26
2019/06/05 14:23:00, 24.75, 24.39, 24.21, 42.66, 41.38, 0, 0, 4.26
2019/06/05 14:24:00, 24.75, 24.39, 24.22, 42.74, 41.44, 0, 0, 4.26
2019/06/05 14:25:00, 24.75, 24.39, 24.20, 42.76, 41.50, 0, 0, 4.26
2019/06/05 14:26:00, 24.75, 24.39, 24.21, 42.74, 41.52, 0, 0, 4.26
2019/06/05 14:27:00, 24.75, 24.38, 24.22, 42.78, 41.51, 0, 0, 4.26
2019/06/05 14:28:00, 24.75, 24.39, 24.22, 42.69, 41.47, 0, 0, 4.26
2019/06/05 14:29:00, 24.75, 24.42, 24.22, 42.70, 41.44, 0, 0, 4.26
2019/06/05 14:30:00, 24.75, 24.39, 24.21, 42.66, 41.44, 0, 0, 4.26
2019/06/05 14:31:00, 24.75, 24.39, 24.22, 42.86, 41.56, 0, 0, 4.26
2019/06/05 14:32:00, 24.75, 24.40, 24.19, 42.82, 41.55, 0, 0, 4.26
2019/06/05 14:33:00, 24.75, 24.39, 24.20, 42.80, 41.56, 0, 0, 4.26
2019/06/05 14:34:00, 24.75, 24.36, 24.19, 42.76, 41.57, 0, 0, 4.26
2019/06/05 14:35:00, 24.75, 24.38, 24.22, 42.96, 41.63, 0, 0, 4.26
2019/06/05 14:36:00, 24.75, 24.38, 24.20, 42.97, 41.67, 0, 0, 4.26
2019/06/05 14:37:00, 24.75, 24.35, 24.17, 42.95, 41.69, 0, 0, 4.26
2019/06/05 14:38:00, 24.75, 24.33, 24.18, 43.04, 41.76, 0, 0, 4.26
2019/06/05 14:39:00, 24.75, 24.35, 24.17, 43.05, 41.83, 0, 0, 4.26
2019/06/05 14:40:00, 24.75, 24.38, 24.23, 44.38, 42.80, 0, 0, 4.26
2019/06/05 14:41:00, 24.75, 24.40, 24.23, 43.43, 42.33, 0, 0, 4.26
2019/06/05 14:42:00, 24.75, 24.44, 24.26, 43.32, 42.08, 0, 0, 4.26
2019/06/05 14:43:00, 24.75, 24.46, 24.27, 43.20, 41.92, 0, 0, 4.26
2019/06/05 14:44:00, 24.75, 24.49, 24.31, 43.15, 41.89, 0, 0, 4.26
2019/06/05 14:45:00, 24.75, 24.52, 24.33, 43.07, 41.82, 0, 0, 4.26
2019/06/05 14:46:00, 24.75, 24.54, 24.35, 43.01, 41.76, 0, 0, 4.26
2019/06/05 14:47:00, 24.75, 24.56, 24.37, 42.98, 41.72, 0, 0, 4.26
2019/06/05 14:48:00, 24.75, 24.57, 24.39, 43.07, 41.77, 0, 0, 4.26
2019/06/05 14:49:00, 24.75, 24.59, 24.41, 43.07, 41.77, 0, 0, 4.26
2019/06/05 14:50:00, 24.75, 24.59, 24.39, 43.03, 41.77, 0, 0, 4.26
2019/06/05 14:51:00, 24.75, 24.60, 24.41, 43.05, 41.79, 0, 0, 4.26
2019/06/05 14:52:00, 24.75, 24.61, 24.46, 42.97, 41.72, 0, 0, 4.26
2019/06/05 14:53:00, 24.75, 24.63, 24.43, 43.00, 41.76, 0, 0, 4.26
2019/06/05 14:54:00, 24.75, 24.61, 24.43, 43.03, 41.78, 0, 0, 4.26
2019/06/05 14:55:00, 24.75, 24.61, 24.46, 43.06, 41.78, 0, 0, 4.26
2019/06/05 14:56:00, 24.75, 24.63, 24.46, 43.06, 41.82, 0, 0, 4.26
2019/06/05 14:57:00, 24.75, 24.64, 24.46, 43.14, 41.83, 0, 0, 4.26
2019/06/05 14:58:00, 24.75, 24.61, 24.43, 43.13, 41.87, 0, 0, 4.26
2019/06/05 14:59:00, 24.75, 24.63, 24.46, 43.18, 41.88, 0, 0, 4.26
2019/06/05 15:00:00, 24.75, 24.63, 24.46, 43.14, 41.89, 0, 0, 4.26
2019/06/05 15:01:00, 24.75, 24.63, 24.45, 43.19, 41.91, 0, 0, 4.26
2019/06/05 15:02:00, 24.75, 24.60, 24.42, 43.28, 41.95, 0, 0, 4.26
2019/06/05 15:03:00, 24.75, 24.60, 24.43, 43.38, 42.09, 0, 0, 4.26
2019/06/05 15:04:00, 24.75, 24.61, 24.42, 43.35, 42.07, 0, 0, 4.26
2019/06/05 15:05:00, 24.75, 24.57, 24.40, 43.40, 42.10, 0, 0, 4.26
2019/06/05 15:06:00, 24.75, 24.59, 24.41, 43.55, 42.18, 0, 0, 4.26
2019/06/05 15:07:00, 24.75, 24.59, 24.42, 43.53, 42.24, 0, 0, 4.26
2019/06/05 15:08:00, 24.75, 24.57, 24.39, 43.60, 42.27, 0, 0, 4.26
2019/06/05 15:09:00, 24.75, 24.57, 24.40, 43.59, 42.31, 0, 0, 4.26
2019/06/05 15:10:00, 24.75, 24.59, 24.39, 43.63, 42.30, 0, 0, 4.26
2019/06/05 15:11:00, 24.75, 24.59, 24.40, 43.69, 42.35, 0, 0, 4.26
2019/06/05 15:12:00, 24.75, 24.59, 24.40, 43.65, 42.33, 0, 0, 4.26
2019/06/05 15:13:00, 24.75, 24.53, 24.38, 43.69, 42.37, 0, 0, 4.26
2019/06/05 15:14:00, 24.75, 24.54, 24.35, 43.73, 42.43, 0, 0, 4.26
2019/06/05 15:15:00, 24.75, 24.53, 24.34, 43.83, 42.53, 0, 0, 4.26
2019/06/05 15:16:00, 24.75, 24.50, 24.33, 43.81, 42.52, 0, 0, 4.26
2019/06/05 15:17:00, 24.75, 24.50, 24.33, 43.85, 42.56, 0, 0, 4.26
2019/06/05 15:18:00, 24.75, 24.50, 24.34, 43.97, 42.66, 0, 0, 4.26
2019/06/05 15:19:00, 24.75, 24.49, 24.31, 43.97, 42.69, 0, 0, 4.26
2019/06/05 15:20:00, 24.75, 24.49, 24.30, 44.03, 42.72, 0, 0, 4.26
2019/06/05 15:21:00, 24.75, 24.49, 24.33, 44.11, 42.74, 0, 0, 4.26
2019/06/05 15:22:00, 24.75, 24.49, 24.31, 44.07, 42.80, 0, 0, 4.26
2019/06/05 15:23:00, 24.75, 24.49, 24.32, 44.25, 42.93, 0, 0, 4.26
2019/06/05 15:24:00, 24.75, 24.52, 24.33, 44.15, 42.86, 0, 0, 4.26
2019/06/05 15:25:00, 24.75, 24.50, 24.32, 44.06, 42.75, 0, 0, 4.26
2019/06/05 15:26:00, 24.75, 24.50, 24.32, 44.23, 42.85, 0, 0, 4.26
2019/06/05 15:27:00, 24.75, 24.50, 24.34, 44.24, 42.93, 0, 0, 4.26
2019/06/05 15:28:00, 24.75, 24.53, 24.33, 44.29, 42.95, 0, 0, 4.26
2019/06/05 15:29:00, 24.75, 24.52, 24.33, 44.37, 43.03, 0, 0, 4.26
2019/06/05 15:30:00, 24.75, 24.54, 24.35, 44.35, 43.04, 0, 0, 4.26
2019/06/05 15:31:00, 24.75, 24.53, 24.37, 44.33, 43.05, 0, 0, 4.26
2019/06/05 15:32:00, 24.75, 24.53, 24.37, 44.32, 43.03, 0, 0, 4.26
2019/06/05 15:33:00, 24.75, 24.53, 24.35, 44.38, 43.09, 0, 0, 4.26
2019/06/05 15:34:00, 24.75, 24.52, 24.33, 44.35, 43.04, 0, 0, 4.26
2019/06/05 15:35:00, 24.75, 24.50, 24.33, 44.39, 43.11, 0, 0, 4.26
2019/06/05 15:36:00, 24.75, 24.49, 24.34, 44.54, 43.17, 0, 0, 4.26
2019/06/05 15:37:00, 24.75, 24.50, 24.32, 44.48, 43.14, 0, 0, 4.26
2019/06/05 15:38:00, 24.75, 24.47, 24.32, 44.51, 43.18, 0, 0, 4.26
2019/06/05 15:39:00, 24.75, 24.49, 24.30, 44.58, 43.21, 0, 0, 4.26
2019/06/05 15:40:00, 24.75, 24.47, 24.27, 44.65, 43.30, 0, 0, 4.26
2019/06/05 15:41:00, 24.75, 24.44, 24.26, 44.69, 43.33, 0, 0, 4.26
2019/06/05 15:42:00, 24.75, 24.46, 24.26, 44.80, 43.45, 0, 0, 4.26
2019/06/05 15:43:00, 24.75, 24.46, 24.27, 44.90, 43.55, 0, 0, 4.26
2019/06/05 15:44:00, 24.75, 24.46, 24.27, 44.95, 43.59, 0, 0, 4.26
2019/06/05 15:45:00, 24.75, 24.44, 24.28, 45.01, 43.68, 0, 0, 4.26
2019/06/05 15:46:00, 24.75, 24.46, 24.31, 44.98, 43.66, 0, 0, 4.26
2019/06/05 15:47:00, 24.75, 24.49, 24.30, 45.11, 43.72, 0, 0, 4.26
2019/06/05 15:48:00, 24.75, 24.50, 24.31, 45.10, 43.75, 0, 0, 4.26
2019/06/05 15:49:00, 24.75, 24.49, 24.28, 45.17, 43.81, 0, 0, 4.26
2019/06/05 15:50:00, 24.75, 24.49, 24.32, 45.12, 43.79, 0, 0, 4.26
2019/06/05 15:51:00, 24.75, 24.49, 24.31, 45.22, 43.81, 0, 0, 4.26
2019/06/05 15:52:00, 24.75, 24.50, 24.32, 45.20, 43.87, 0, 0, 4.26
2019/06/05 15:53:00, 24.75, 24.50, 24.31, 45.15, 43.82, 0, 0, 4.26
2019/06/05 15:54:00, 24.75, 24.49, 24.33, 45.19, 43.81, 0, 0, 4.26
2019/06/05 15:55:00, 24.75, 24.52, 24.30, 45.19, 43.88, 0, 0, 4.26
2019/06/05 15:56:00, 24.75, 24.47, 24.31, 45.09, 43.84, 0, 0, 4.26
2019/06/05 15:57:00, 24.75, 24.47, 24.28, 45.20, 43.87, 0, 0, 4.26
2019/06/05 15:58:00, 24.75, 24.46, 24.31, 45.34, 43.91, 0, 0, 4.26
2019/06/05 15:59:00, 24.75, 24.49, 24.32, 45.31, 43.98, 0, 0, 4.26
2019/06/05 16:00:00, 24.75, 24.52, 24.27, 45.32, 43.99, 0, 0, 4.26
2019/06/05 16:01:00, 24.75, 24.49, 24.31, 45.32, 44.01, 0, 0, 4.26
2019/06/05 16:02:00, 24.75, 24.50, 24.32, 45.31, 44.00, 0, 0, 4.26
2019/06/05 16:03:00, 24.75, 24.53, 24.34, 45.31, 44.00, 0, 0, 4.26
2019/06/05 16:04:00, 24.75, 24.52, 24.34, 45.25, 43.96, 0, 0, 4.26
2019/06/05 16:05:00, 24.75, 24.52, 24.34, 45.32, 43.96, 0, 0, 4.26
2019/06/05 16:06:00, 24.75, 24.50, 24.33, 45.28, 44.00, 0, 0, 4.26
2019/06/05 16:07:00, 24.75, 24.50, 24.32, 45.34, 44.01, 0, 0, 4.26
2019/06/05 16:08:00, 24.75, 24.52, 24.33, 45.43, 44.07, 0, 0, 4.26
2019/06/05 16:09:00, 24.75, 24.53, 24.35, 45.45, 44.10, 0, 0, 4.26
2019/06/05 16:10:00, 24.75, 24.53, 24.34, 45.37, 44.09, 0, 0, 4.26
2019/06/05 16:11:00, 24.75, 24.53, 24.34, 45.44, 44.10, 0, 0, 4.26
2019/06/05 16:12:00, 24.75, 24.53, 24.37, 45.51, 44.20, 0, 0, 4.26
2019/06/05 16:13:00, 24.75, 24.53, 24.37, 45.52, 44.18, 0, 0, 4.26
2019/06/05 16:14:00, 24.75, 24.57, 24.38, 45.41, 44.15, 0, 0, 4.26
2019/06/05 16:15:00, 24.75, 24.54, 24.36, 45.28, 44.06, 0, 0, 4.26
2019/06/05 16:16:00, 24.75, 24.54, 24.35, 45.43, 44.04, 0, 0, 4.26
2019/06/05 16:17:00, 24.75, 24.54, 24.36, 45.47, 44.13, 0, 0, 4.26
2019/06/05 16:18:00, 24.75, 24.53, 24.37, 45.77, 44.39, 0, 0, 4.26
2019/06/05 16:19:00, 24.75, 24.54, 24.37, 45.73, 44.39, 0, 0, 4.26
2019/06/05 16:20:00, 24.75, 24.53, 24.36, 45.67, 44.37, 0, 0, 4.26
2019/06/05 16:21:00, 24.75, 24.54, 24.36, 45.67, 44.36, 0, 0, 4.26
2019/06/05 16:22:00, 24.75, 24.56, 24.38, 45.64, 44.34, 0, 0, 4.26
2019/06/05 16:23:00, 24.75, 24.56, 24.39, 45.85, 44.42, 0, 0, 4.26
2019/06/05 16:24:00, 24.75, 24.59, 24.37, 45.64, 44.36, 0, 0, 4.26
2019/06/05 16:25:00, 24.75, 24.59, 24.42, 45.71, 44.40, 0, 0, 4.26
2019/06/05 16:26:00, 24.75, 24.59, 24.39, 45.61, 44.31, 0, 0, 4.26
2019/06/05 16:27:00, 24.75, 24.59, 24.39, 45.57, 44.30, 0, 0, 4.26
2019/06/05 16:28:00, 24.75, 24.60, 24.42, 45.54, 44.26, 0, 0, 4.26
2019/06/05 16:29:00, 24.75, 24.59, 24.43, 45.52, 44.24, 0, 0, 4.26
2019/06/05 16:30:00, 24.75, 24.63, 24.43, 45.51, 44.23, 0, 0, 4.26
2019/06/05 16:31:00, 24.75, 24.61, 24.46, 45.54, 44.27, 0, 0, 4.26
2019/06/05 16:32:00, 24.75, 24.64, 24.45, 45.61, 44.27, 0, 0, 4.26
2019/06/05 16:33:00, 24.75, 24.64, 24.43, 45.53, 44.28, 0, 0, 4.26
2019/06/05 16:34:00, 24.75, 24.66, 24.46, 45.68, 44.30, 0, 0, 4.26
2019/06/05 16:35:00, 24.75, 24.64, 24.48, 45.66, 44.34, 0, 0, 4.26
2019/06/05 16:36:00, 24.75, 24.69, 24.46, 45.62, 44.36, 0, 0, 4.26
2019/06/05 16:37:00, 24.75, 24.66, 24.47, 45.64, 44.33, 0, 0, 4.26
2019/06/05 16:38:00, 24.75, 24.66, 24.47, 45.65, 44.36, 0, 0, 4.26
2019/06/05 16:39:00, 24.75, 24.64, 24.48, 45.70, 44.36, 0, 0, 4.26
2019/06/05 16:40:00, 25.00, 24.64, 24.49, 45.70, 44.40, 0, 0, 4.26
2019/06/05 16:41:00, 25.00, 24.66, 24.50, 45.77, 44.40, 0, 0, 4.26
2019/06/05 16:42:00, 24.75, 24.67, 24.46, 45.65, 44.36, 0, 0, 4.26
2019/06/05 16:43:00, 24.75, 24.66, 24.46, 45.66, 44.36, 0, 0, 4.26
2019/06/05 16:44:00, 25.00, 24.61, 24.43, 45.71, 44.38, 0, 0, 4.26
2019/06/05 16:45:00, 25.00, 24.63, 24.42, 45.75, 44.44, 0, 0, 4.26
2019/06/05 16:46:00, 25.00, 24.61, 24.42, 45.84, 44.52, 0, 0, 4.26
2019/06/05 16:47:00, 25.00, 24.61, 24.45, 45.92, 44.60, 0, 0, 4.26
2019/06/05 16:48:00, 25.00, 24.61, 24.43, 45.81, 44.57, 0, 0, 4.26
2019/06/05 16:49:00, 25.00, 24.64, 24.48, 45.81, 44.51, 0, 0, 4.26
2019/06/05 16:50:00, 25.00, 24.64, 24.45, 45.78, 44.49, 0, 0, 4.26
2019/06/05 16:51:00, 25.00, 24.61, 24.43, 45.76, 44.50, 0, 0, 4.26
2019/06/05 16:52:00, 25.00, 24.61, 24.42, 45.81, 44.52, 0, 0, 4.26
2019/06/05 16:53:00, 25.00, 24.60, 24.41, 45.88, 44.58, 0, 0, 4.26
2019/06/05 16:54:00, 25.00, 24.61, 24.42, 45.94, 44.63, 0, 0, 4.26
2019/06/05 16:55:00, 25.00, 24.63, 24.40, 45.86, 44.60, 0, 0, 4.26
2019/06/05 16:56:00, 25.00, 24.59, 24.41, 45.93, 44.60, 0, 0, 4.26
2019/06/05 16:57:00, 25.00, 24.57, 24.38, 45.98, 44.66, 0, 0, 4.26
2019/06/05 16:58:00, 24.75, 24.57, 24.36, 46.14, 44.79, 0, 0, 4.26
2019/06/05 16:59:00, 25.00, 24.54, 24.38, 46.15, 44.84, 0, 0, 4.26
2019/06/05 17:00:00, 25.00, 24.56, 24.38, 46.19, 44.86, 0, 0, 4.26
2019/06/05 17:01:00, 25.00, 24.54, 24.36, 46.17, 44.88, 0, 0, 4.26
2019/06/05 17:02:00, 24.75, 24.56, 24.37, 46.18, 44.88, 0, 0, 4.26
2019/06/05 17:03:00, 25.00, 24.54, 24.37, 46.19, 44.91, 0, 0, 4.26
2019/06/05 17:04:00, 25.00, 24.54, 24.36, 46.29, 44.92, 0, 0, 4.26
2019/06/05 17:05:00, 25.00, 24.53, 24.37, 46.26, 44.97, 0, 0, 4.26
2019/06/05 17:06:00, 25.00, 24.54, 24.37, 46.34, 45.00, 0, 0, 4.26
2019/06/05 17:07:00, 24.75, 24.52, 24.36, 46.39, 45.02, 0, 0, 4.26
2019/06/05 17:08:00, 24.75, 24.53, 24.37, 46.42, 45.10, 0, 0, 4.26
2019/06/05 17:09:00, 24.75, 24.56, 24.37, 46.38, 45.03, 0, 0, 4.26
2019/06/05 17:10:00, 24.75, 24.57, 24.40, 46.38, 45.07, 0, 0, 4.26
2019/06/05 17:11:00, 24.75, 24.59, 24.39, 46.30, 45.02, 0, 0, 4.26
2019/06/05 17:12:00, 25.00, 24.61, 24.40, 46.28, 44.97, 0, 0, 4.26
2019/06/05 17:13:00, 25.00, 24.59, 24.41, 46.26, 44.97, 0, 0, 4.26
2019/06/05 17:14:00, 25.00, 24.60, 24.42, 46.29, 44.96, 0, 0, 4.26
2019/06/05 17:15:00, 25.00, 24.61, 24.42, 46.32, 44.98, 0, 0, 4.26
2019/06/05 17:16:00, 25.00, 24.60, 24.41, 46.28, 44.98, 0, 0, 4.26
2019/06/05 17:17:00, 25.00, 24.63, 24.45, 46.24, 44.96, 0, 0, 4.26
2019/06/05 17:18:00, 25.00, 24.63, 24.46, 46.30, 44.96, 0, 0, 4.26
2019/06/05 17:19:00, 25.00, 24.63, 24.45, 46.25, 44.95, 0, 0, 4.26
2019/06/05 17:20:00, 25.00, 24.66, 24.46, 46.25, 44.94, 0, 0, 4.26
2019/06/05 17:21:00, 25.00, 24.66, 24.49, 46.25, 44.95, 0, 0, 4.26
2019/06/05 17:22:00, 25.00, 24.67, 24.48, 46.17, 44.91, 0, 0, 4.26
2019/06/05 17:23:00, 25.00, 24.66, 24.48, 46.22, 44.93, 0, 0, 4.26
2019/06/05 17:24:00, 25.00, 24.69, 24.48, 46.21, 44.91, 0, 0, 4.26
2019/06/05 17:25:00, 25.00, 24.67, 24.48, 46.24, 44.96, 0, 0, 4.26
2019/06/05 17:26:00, 25.00, 24.67, 24.46, 46.22, 44.94, 0, 0, 4.26
2019/06/05 17:27:00, 25.00, 24.64, 24.46, 46.32, 45.00, 0, 0, 4.26
2019/06/05 17:28:00, 25.00, 24.63, 24.46, 46.37, 45.07, 0, 0, 4.26
2019/06/05 17:29:00, 25.00, 24.61, 24.42, 46.41, 45.11, 0, 0, 4.26
2019/06/05 17:30:00, 25.00, 24.63, 24.41, 46.53, 45.20, 0, 0, 4.26
2019/06/05 17:31:00, 25.00, 24.60, 24.41, 46.59, 45.23, 0, 0, 4.26
2019/06/05 17:32:00, 25.00, 24.59, 24.40, 46.64, 45.30, 0, 0, 4.26
2019/06/05 17:33:00, 25.00, 24.60, 24.42, 46.64, 45.33, 0, 0, 4.26
2019/06/05 17:34:00, 25.00, 24.60, 24.40, 46.67, 45.33, 0, 0, 4.26
2019/06/05 17:35:00, 25.00, 24.59, 24.41, 46.66, 45.37, 0, 0, 4.26
2019/06/05 17:36:00, 25.00, 24.60, 24.39, 46.69, 45.34, 0, 0, 4.26
2019/06/05 17:37:00, 25.00, 24.57, 24.40, 46.76, 45.41, 0, 0, 4.26
2019/06/05 17:38:00, 25.00, 24.57, 24.39, 46.79, 45.46, 0, 0, 4.26
2019/06/05 17:39:00, 25.00, 24.57, 24.39, 46.82, 45.50, 0, 0, 4.26
2019/06/05 17:40:00, 25.00, 24.56, 24.37, 46.93, 45.57, 0, 0, 4.26
2019/06/05 17:41:00, 25.00, 24.56, 24.34, 46.96, 45.62, 0, 0, 4.26
2019/06/05 17:42:00, 25.00, 24.54, 24.36, 47.01, 45.64, 0, 0, 4.26
2019/06/05 17:43:00, 25.00, 24.52, 24.36, 47.05, 45.71, 0, 0, 4.26
2019/06/05 17:44:00, 25.00, 24.54, 24.34, 47.16, 45.75, 0, 0, 4.26
2019/06/05 17:45:00, 25.00, 24.56, 24.35, 47.13, 45.78, 0, 0, 4.26
2019/06/05 17:46:00, 25.00, 24.56, 24.37, 47.16, 45.85, 0, 0, 4.26
2019/06/05 17:47:00, 25.00, 24.56, 24.38, 47.09, 45.80, 0, 0, 4.26
2019/06/05 17:48:00, 25.00, 24.56, 24.37, 47.18, 45.79, 0, 0, 4.26
2019/06/05 17:49:00, 25.00, 24.57, 24.37, 47.11, 45.80, 0, 0, 4.26
2019/06/05 17:50:00, 25.00, 24.54, 24.36, 47.17, 45.81, 0, 0, 4.26
2019/06/05 17:51:00, 25.00, 24.57, 24.37, 47.25, 45.90, 0, 0, 4.26
2019/06/05 17:52:00, 25.00, 24.52, 24.34, 47.25, 45.91, 0, 0, 4.26
2019/06/05 17:53:00, 25.00, 24.53, 24.37, 47.39, 46.00, 0, 0, 4.26
2019/06/05 17:54:00, 25.00, 24.50, 24.35, 47.41, 46.04, 0, 0, 4.26
2019/06/05 17:55:00, 25.00, 24.52, 24.35, 47.45, 46.08, 0, 0, 4.26
2019/06/05 17:56:00, 25.00, 24.50, 24.34, 47.55, 46.17, 0, 0, 4.26
2019/06/05 17:57:00, 25.00, 24.52, 24.32, 47.57, 46.20, 0, 0, 4.26
2019/06/05 17:58:00, 25.00, 24.50, 24.33, 47.58, 46.25, 0, 0, 4.26
2019/06/05 17:59:00, 25.00, 24.52, 24.33, 47.61, 46.24, 0, 0, 4.26
2019/06/05 18:00:00, 25.00, 24.52, 24.32, 47.70, 46.29, 0, 0, 4.26
2019/06/05 18:01:00, 25.00, 24.50, 24.31, 47.75, 46.35, 0, 0, 4.26
2019/06/05 18:02:00, 25.00, 24.52, 24.33, 47.87, 46.45, 0, 0, 4.26
2019/06/05 18:03:00, 25.00, 24.50, 24.35, 47.89, 46.45, 0, 0, 4.26
2019/06/05 18:04:00, 25.00, 24.53, 24.33, 47.72, 46.39, 0, 0, 4.26
2019/06/05 18:05:00, 25.00, 24.53, 24.34, 47.76, 46.40, 0, 0, 4.26
2019/06/05 18:06:00, 25.00, 24.54, 24.37, 47.72, 46.39, 0, 0, 4.26
2019/06/05 18:07:00, 25.00, 24.53, 24.37, 47.75, 46.39, 0, 0, 4.26
2019/06/05 18:08:00, 25.00, 24.56, 24.36, 47.75, 46.36, 0, 0, 4.26
2019/06/05 18:09:00, 25.00, 24.56, 24.38, 47.66, 46.34, 0, 0, 4.26
2019/06/05 18:10:00, 25.00, 24.57, 24.38, 47.60, 46.26, 0, 0, 4.26
2019/06/05 18:11:00, 25.00, 24.59, 24.38, 47.53, 46.23, 0, 0, 4.26
2019/06/05 18:12:00, 25.00, 24.56, 24.39, 47.60, 46.25, 0, 0, 4.26
2019/06/05 18:13:00, 25.00, 24.56, 24.39, 47.58, 46.26, 0, 0, 4.26
2019/06/05 18:14:00, 25.00, 24.56, 24.38, 47.56, 46.26, 0, 0, 4.26
2019/06/05 18:15:00, 25.00, 24.57, 24.36, 47.64, 46.26, 0, 0, 4.26
2019/06/05 18:16:00, 25.00, 24.56, 24.35, 47.64, 46.26, 0, 0, 4.26
2019/06/05 18:17:00, 25.00, 24.56, 24.37, 47.60, 46.26, 0, 0, 4.26
2019/06/05 18:18:00, 25.00, 24.56, 24.38, 47.62, 46.29, 0, 0, 4.26
2019/06/05 18:19:00, 25.00, 24.57, 24.36, 47.74, 46.36, 0, 0, 4.26
2019/06/05 18:20:00, 25.00, 24.63, 24.39, 47.65, 46.32, 0, 0, 4.26
2019/06/05 18:21:00, 25.00, 24.56, 24.41, 47.67, 46.30, 0, 0, 4.26
2019/06/05 18:22:00, 25.00, 24.59, 24.40, 47.65, 46.29, 0, 0, 4.26
2019/06/05 18:23:00, 25.00, 24.61, 24.43, 47.59, 46.29, 0, 0, 4.26
2019/06/05 18:24:00, 25.00, 24.63, 24.45, 47.63, 46.28, 0, 0, 4.26
2019/06/05 18:25:00, 25.00, 24.59, 24.42, 47.61, 46.26, 0, 0, 4.26
2019/06/05 18:26:00, 25.00, 24.61, 24.43, 47.57, 46.24, 0, 0, 4.26
2019/06/05 18:27:00, 25.00, 24.61, 24.43, 47.57, 46.26, 0, 0, 4.26
2019/06/05 18:28:00, 25.00, 24.63, 24.45, 47.65, 46.29, 0, 0, 4.26
2019/06/05 18:29:00, 25.00, 24.66, 24.47, 47.64, 46.29, 0, 0, 4.26
2019/06/05 18:30:00, 25.00, 24.67, 24.47, 47.62, 46.29, 0, 0, 4.26
2019/06/05 18:31:00, 25.00, 24.70, 24.50, 47.59, 46.26, 0, 0, 4.26
2019/06/05 18:32:00, 25.00, 24.70, 24.50, 47.55, 46.22, 0, 0, 4.26
2019/06/05 18:33:00, 25.00, 24.67, 24.51, 47.56, 46.21, 0, 0, 4.26
2019/06/05 18:34:00, 25.00, 24.67, 24.52, 47.47, 46.18, 0, 0, 4.26
2019/06/05 18:35:00, 25.00, 24.69, 24.51, 47.52, 46.18, 0, 0, 4.26
2019/06/05 18:36:00, 25.00, 24.71, 24.51, 47.49, 46.17, 0, 0, 4.26
2019/06/05 18:37:00, 25.00, 24.70, 24.52, 47.50, 46.18, 0, 0, 4.26
2019/06/05 18:38:00, 25.00, 24.73, 24.52, 47.55, 46.17, 0, 0, 4.26
2019/06/05 18:39:00, 25.00, 24.73, 24.52, 47.54, 46.21, 0, 0, 4.26
2019/06/05 18:40:00, 25.00, 24.71, 24.55, 47.55, 46.22, 0, 0, 4.26
2019/06/05 18:41:00, 25.00, 24.73, 24.53, 47.50, 46.17, 0, 0, 4.26
2019/06/05 18:42:00, 25.00, 24.71, 24.54, 47.55, 46.22, 0, 0, 4.26
2019/06/05 18:43:00, 25.00, 24.74, 24.55, 47.51, 46.16, 0, 0, 4.26
2019/06/05 18:44:00, 25.00, 24.74, 24.56, 47.44, 46.18, 0, 0, 4.26
2019/06/05 18:45:00, 25.00, 24.75, 24.56, 47.43, 46.13, 0, 0, 4.26
2019/06/05 18:46:00, 25.00, 24.74, 24.57, 47.42, 46.11, 0, 0, 4.26
2019/06/05 18:47:00, 25.00, 24.77, 24.57, 47.38, 46.07, 0, 0, 4.26
2019/06/05 18:48:00, 25.00, 24.77, 24.56, 47.35, 46.04, 0, 0, 4.26
2019/06/05 18:49:00, 25.00, 24.77, 24.56, 47.38, 46.07, 0, 0, 4.26
2019/06/05 18:50:00, 25.00, 24.78, 24.60, 47.41, 46.09, 0, 0, 4.26
2019/06/05 18:51:00, 25.00, 24.77, 24.58, 47.37, 46.10, 0, 0, 4.26
2019/06/05 18:52:00, 25.00, 24.77, 24.61, 47.33, 46.06, 0, 0, 4.26
2019/06/05 18:53:00, 25.00, 24.75, 24.58, 47.32, 46.01, 0, 0, 4.26
2019/06/05 18:54:00, 25.00, 24.77, 24.60, 47.36, 46.03, 0, 0, 4.26
2019/06/05 18:55:00, 25.00, 24.77, 24.57, 47.32, 46.05, 0, 0, 4.26
2019/06/05 18:56:00, 25.00, 24.78, 24.60, 47.31, 46.03, 0, 0, 4.26
2019/06/05 18:57:00, 25.00, 24.78, 24.60, 47.30, 45.99, 0, 0, 4.26
2019/06/05 18:58:00, 25.00, 24.77, 24.58, 47.32, 46.07, 0, 0, 4.26
2019/06/05 18:59:00, 25.00, 24.80, 24.58, 47.27, 46.01, 0, 0, 4.26
2019/06/05 19:00:00, 25.00, 24.78, 24.61, 47.26, 45.97, 0, 0, 4.26
2019/06/05 19:01:00, 25.00, 24.80, 24.61, 47.20, 45.95, 0, 0, 4.26
2019/06/05 19:02:00, 25.00, 24.80, 24.60, 47.27, 45.97, 0, 0, 4.26
2019/06/05 19:03:00, 25.00, 24.78, 24.61, 47.20, 45.92, 0, 0, 4.26
2019/06/05 19:04:00, 25.00, 24.78, 24.58, 47.14, 45.89, 0, 0, 4.26
2019/06/05 19:05:00, 25.00, 24.80, 24.62, 47.13, 45.84, 0, 0, 4.26
2019/06/05 19:06:00, 25.00, 24.78, 24.62, 47.11, 45.83, 0, 0, 4.26
2019/06/05 19:07:00, 25.00, 24.78, 24.61, 47.10, 45.84, 0, 0, 4.26
2019/06/05 19:08:00, 25.00, 24.80, 24.62, 47.12, 45.84, 0, 0, 4.26
2019/06/05 19:09:00, 25.00, 24.81, 24.61, 47.06, 45.78, 0, 0, 4.26
2019/06/05 19:10:00, 25.00, 24.80, 24.62, 46.99, 45.70, 0, 0, 4.26
2019/06/05 19:11:00, 25.00, 24.81, 24.62, 47.03, 45.76, 0, 0, 4.26
2019/06/05 19:12:00, 25.00, 24.80, 24.62, 46.97, 45.72, 0, 0, 4.26
2019/06/05 19:13:00, 25.00, 24.82, 24.64, 46.95, 45.68, 0, 0, 4.26
2019/06/05 19:14:00, 25.00, 24.81, 24.63, 46.91, 45.64, 0, 0, 4.26
2019/06/05 19:15:00, 25.00, 24.82, 24.63, 46.85, 45.55, 0, 0, 4.26
2019/06/05 19:16:00, 25.00, 24.80, 24.63, 46.85, 45.55, 0, 0, 4.26
2019/06/05 19:17:00, 25.00, 24.81, 24.62, 46.86, 45.56, 0, 0, 4.26
2019/06/05 19:18:00, 25.00, 24.81, 24.63, 46.82, 45.55, 0, 0, 4.26
2019/06/05 19:19:00, 25.00, 24.80, 24.64, 46.79, 45.55, 0, 0, 4.26
2019/06/05 19:20:00, 25.00, 24.81, 24.62, 46.81, 45.53, 0, 0, 4.26
2019/06/05 19:21:00, 25.00, 24.80, 24.60, 46.75, 45.51, 0, 0, 4.26
2019/06/05 19:22:00, 25.00, 24.78, 24.61, 46.73, 45.49, 0, 0, 4.26
2019/06/05 19:23:00, 25.00, 24.82, 24.62, 46.73, 45.50, 0, 0, 4.26
2019/06/05 19:24:00, 25.00, 24.80, 24.63, 46.68, 45.48, 0, 0, 4.26
2019/06/05 19:25:00, 25.00, 24.81, 24.61, 46.74, 45.46, 0, 0, 4.26
2019/06/05 19:26:00, 25.00, 24.81, 24.62, 46.67, 45.43, 0, 0, 4.26
2019/06/05 19:27:00, 25.00, 24.80, 24.65, 46.70, 45.43, 0, 0, 4.26
2019/06/05 19:28:00, 25.00, 24.81, 24.62, 46.61, 45.38, 0, 0, 4.26
2019/06/05 19:29:00, 25.00, 24.82, 24.62, 46.57, 45.36, 0, 0, 4.26
2019/06/05 19:30:00, 25.00, 24.81, 24.64, 46.54, 45.33, 0, 0, 4.26
2019/06/05 19:31:00, 25.00, 24.80, 24.60, 46.52, 45.29, 0, 0, 4.26
2019/06/05 19:32:00, 25.00, 24.77, 24.61, 46.58, 45.33, 0, 0, 4.26
2019/06/05 19:33:00, 25.00, 24.77, 24.60, 46.55, 45.31, 0, 0, 4.26
2019/06/05 19:34:00, 25.00, 24.78, 24.58, 46.57, 45.33, 0, 0, 4.26
2019/06/05 19:35:00, 25.00, 24.80, 24.57, 46.55, 45.36, 0, 0, 4.26
2019/06/05 19:36:00, 25.00, 24.80, 24.58, 46.59, 45.30, 0, 0, 4.26
2019/06/05 19:37:00, 25.00, 24.75, 24.58, 46.63, 45.32, 0, 0, 4.26
2019/06/05 19:38:00, 25.00, 24.78, 24.57, 46.53, 45.33, 0, 0, 4.26
2019/06/05 19:39:00, 25.00, 24.80, 24.58, 46.58, 45.28, 0, 0, 4.26
2019/06/05 19:40:00, 25.25, 24.77, 24.61, 46.49, 45.27, 0, 0, 4.26
2019/06/05 19:41:00, 25.00, 24.78, 24.58, 46.53, 45.26, 0, 0, 4.26
2019/06/05 19:42:00, 25.00, 24.77, 24.60, 46.53, 45.23, 0, 0, 4.26
2019/06/05 19:43:00, 25.00, 24.78, 24.61, 46.51, 45.26, 0, 0, 4.26
2019/06/05 19:44:00, 25.00, 24.80, 24.62, 46.48, 45.23, 0, 0, 4.26
2019/06/05 19:45:00, 25.00, 24.77, 24.61, 46.41, 45.20, 0, 0, 4.26
2019/06/05 19:46:00, 25.00, 24.81, 24.62, 46.47, 45.23, 0, 0, 4.26
2019/06/05 19:47:00, 25.00, 24.80, 24.62, 46.47, 45.17, 0, 0, 4.26
2019/06/05 19:48:00, 25.00, 24.81, 24.62, 46.43, 45.17, 0, 0, 4.26
2019/06/05 19:49:00, 25.25, 24.81, 24.64, 46.41, 45.19, 0, 0, 4.26
2019/06/05 19:50:00, 25.00, 24.84, 24.62, 46.36, 45.12, 0, 0, 4.26
2019/06/05 19:51:00, 25.00, 24.82, 24.65, 46.37, 45.13, 0, 0, 4.26
2019/06/05 19:52:00, 25.25, 24.82, 24.65, 46.28, 45.06, 0, 0, 4.26
2019/06/05 19:53:00, 25.25, 24.82, 24.66, 46.27, 45.07, 0, 0, 4.26
2019/06/05 19:54:00, 25.25, 24.81, 24.63, 46.29, 45.09, 0, 0, 4.26
2019/06/05 19:55:00, 25.25, 24.82, 24.66, 46.28, 45.07, 0, 0, 4.26
2019/06/05 19:56:00, 25.25, 24.84, 24.65, 46.25, 45.05, 0, 0, 4.26
2019/06/05 19:57:00, 25.25, 24.85, 24.66, 46.26, 45.06, 0, 0, 4.26
2019/06/05 19:58:00, 25.25, 24.82, 24.64, 46.21, 45.04, 0, 0, 4.26
2019/06/05 19:59:00, 25.25, 24.81, 24.65, 46.21, 45.00, 0, 0, 4.26
2019/06/05 20:00:00, 25.25, 24.82, 24.64, 46.21, 44.98, 0, 0, 4.26
2019/06/05 20:01:00, 25.25, 24.82, 24.65, 46.26, 45.02, 0, 0, 4.26
2019/06/05 20:02:00, 25.25, 24.82, 24.63, 46.22, 45.04, 0, 0, 4.26
2019/06/05 20:03:00, 25.25, 24.82, 24.62, 46.18, 44.97, 0, 0, 4.26
2019/06/05 20:04:00, 25.25, 24.82, 24.63, 46.19, 44.97, 0, 0, 4.26
2019/06/05 20:05:00, 25.25, 24.80, 24.64, 46.21, 44.97, 0, 0, 4.26
2019/06/05 20:06:00, 25.25, 24.81, 24.63, 46.21, 45.00, 0, 0, 4.26
2019/06/05 20:07:00, 25.25, 24.82, 24.63, 46.20, 44.97, 0, 0, 4.26
2019/06/05 20:08:00, 25.25, 24.82, 24.62, 46.18, 44.95, 0, 0, 4.26
2019/06/05 20:09:00, 25.25, 24.80, 24.62, 46.14, 44.96, 0, 0, 4.26
2019/06/05 20:10:00, 25.25, 24.81, 24.64, 46.20, 44.96, 0, 0, 4.26
2019/06/05 20:11:00, 25.25, 24.84, 24.63, 46.19, 44.97, 0, 0, 4.26
2019/06/05 20:12:00, 25.25, 24.82, 24.64, 46.20, 44.98, 0, 0, 4.26
2019/06/05 20:13:00, 25.25, 24.80, 24.63, 46.17, 44.97, 0, 0, 4.26
2019/06/05 20:14:00, 25.25, 24.84, 24.62, 46.19, 44.94, 0, 0, 4.26
2019/06/05 20:15:00, 25.25, 24.82, 24.65, 46.19, 44.95, 0, 0, 4.26
2019/06/05 20:16:00, 25.25, 24.82, 24.65, 46.18, 44.94, 0, 0, 4.26
2019/06/05 20:17:00, 25.25, 24.82, 24.63, 46.09, 44.90, 0, 0, 4.26
2019/06/05 20:18:00, 25.25, 24.84, 24.65, 46.17, 44.92, 0, 0, 4.26
2019/06/05 20:19:00, 25.25, 24.85, 24.65, 46.10, 44.93, 0, 0, 4.26
2019/06/05 20:20:00, 25.25, 24.82, 24.65, 46.04, 44.84, 0, 0, 4.26
2019/06/05 20:21:00, 25.25, 24.82, 24.63, 46.18, 44.89, 0, 0, 4.26
2019/06/05 20:22:00, 25.25, 24.84, 24.65, 46.09, 44.88, 0, 0, 4.26
2019/06/05 20:23:00, 25.25, 24.82, 24.65, 46.14, 44.88, 0, 0, 4.26
2019/06/05 20:24:00, 25.25, 24.84, 24.62, 46.16, 44.91, 0, 0, 4.26
2019/06/05 20:25:00, 25.25, 24.84, 24.62, 46.11, 44.92, 0, 0, 4.26
2019/06/05 20:26:00, 25.25, 24.82, 24.63, 46.10, 44.89, 0, 0, 4.26
2019/06/05 20:27:00, 25.25, 24.85, 24.63, 46.10, 44.88, 0, 0, 4.26
2019/06/05 20:28:00, 25.25, 24.84, 24.63, 46.18, 44.91, 0, 0, 4.26
2019/06/05 20:29:00, 25.25, 24.81, 24.63, 46.08, 44.89, 0, 0, 4.26
2019/06/05 20:30:00, 25.25, 24.81, 24.62, 46.14, 44.88, 0, 0, 4.26
2019/06/05 20:31:00, 25.25, 24.82, 24.64, 46.13, 44.91, 0, 0, 4.26
2019/06/05 20:32:00, 25.25, 24.81, 24.62, 46.14, 44.91, 0, 0, 4.26
2019/06/05 20:33:00, 25.25, 24.80, 24.63, 46.16, 44.92, 0, 0, 4.26
2019/06/05 20:34:00, 25.25, 24.81, 24.63, 46.10, 44.91, 0, 0, 4.26
2019/06/05 20:35:00, 25.25, 24.78, 24.62, 46.15, 44.93, 0, 0, 4.26
2019/06/05 20:36:00, 25.25, 24.78, 24.63, 46.13, 44.94, 0, 0, 4.26
2019/06/05 20:37:00, 25.25, 24.77, 24.63, 46.16, 44.91, 0, 0, 4.26
2019/06/05 20:38:00, 25.25, 24.80, 24.62, 46.12, 44.91, 0, 0, 4.26
2019/06/05 20:39:00, 25.25, 24.78, 24.61, 46.11, 44.91, 0, 0, 4.26
2019/06/05 20:40:00, 25.25, 24.78, 24.61, 46.20, 44.97, 0, 0, 4.26
2019/06/05 20:41:00, 25.25, 24.80, 24.60, 46.25, 45.01, 0, 0, 4.26
2019/06/05 20:42:00, 25.25, 24.78, 24.58, 46.26, 45.01, 0, 0, 4.26
2019/06/05 20:43:00, 25.25, 24.77, 24.58, 46.19, 44.99, 0, 0, 4.26
2019/06/05 20:44:00, 25.25, 24.78, 24.57, 46.28, 45.05, 0, 0, 4.26
2019/06/05 20:45:00, 25.25, 24.77, 24.58, 46.27, 45.07, 0, 0, 4.26
2019/06/05 20:46:00, 25.25, 24.78, 24.57, 46.26, 45.04, 0, 0, 4.26
2019/06/05 20:47:00, 25.25, 24.80, 24.58, 46.28, 45.07, 0, 0, 4.26
2019/06/05 20:48:00, 25.25, 24.74, 24.56, 46.18, 44.97, 0, 0, 4.26
2019/06/05 20:49:00, 25.25, 24.74, 24.56, 46.23, 44.98, 0, 0, 4.26
2019/06/05 20:50:00, 25.25, 24.75, 24.55, 46.34, 45.07, 0, 0, 4.26
2019/06/05 20:51:00, 25.25, 24.73, 24.51, 46.34, 45.11, 0, 0, 4.26
2019/06/05 20:52:00, 25.25, 24.71, 24.50, 46.36, 45.16, 0, 0, 4.26
2019/06/05 20:53:00, 25.25, 24.70, 24.50, 46.52, 45.25, 0, 0, 4.26
2019/06/05 20:54:00, 25.25, 24.69, 24.49, 46.47, 45.30, 0, 0, 4.26
2019/06/05 20:55:00, 25.25, 24.66, 24.47, 46.49, 45.29, 0, 0, 4.26
2019/06/05 20:56:00, 25.25, 24.67, 24.47, 46.60, 45.32, 0, 0, 4.26
2019/06/05 20:57:00, 25.25, 24.66, 24.45, 46.63, 45.39, 0, 0, 4.26
2019/06/05 20:58:00, 25.25, 24.66, 24.45, 46.58, 45.40, 0, 0, 4.26
2019/06/05 20:59:00, 25.25, 24.63, 24.46, 46.68, 45.46, 0, 0, 4.26
2019/06/05 21:00:00, 25.25, 24.63, 24.43, 46.68, 45.43, 0, 0, 4.26
2019/06/05 21:01:00, 25.25, 24.63, 24.42, 46.64, 45.42, 0, 0, 4.26
2019/06/05 21:02:00, 25.25, 24.61, 24.40, 46.67, 45.43, 0, 0, 4.26
2019/06/05 21:03:00, 25.00, 24.57, 24.38, 46.72, 45.47, 0, 0, 4.26
2019/06/05 21:04:00, 25.00, 24.54, 24.36, 46.74, 45.49, 0, 0, 4.26
2019/06/05 21:05:00, 25.00, 24.56, 24.34, 46.80, 45.54, 0, 0, 4.26
2019/06/05 21:06:00, 25.00, 24.53, 24.34, 46.80, 45.54, 0, 0, 4.26
2019/06/05 21:07:00, 25.00, 24.52, 24.32, 46.83, 45.57, 0, 0, 4.26
2019/06/05 21:08:00, 25.00, 24.50, 24.32, 46.95, 45.65, 0, 0, 4.26
2019/06/05 21:09:00, 25.00, 24.47, 24.30, 46.92, 45.68, 0, 0, 4.26
2019/06/05 21:10:00, 25.00, 24.49, 24.28, 46.94, 45.73, 0, 0, 4.26
2019/06/05 21:11:00, 25.00, 24.47, 24.26, 47.04, 45.76, 0, 0, 4.26
2019/06/05 21:12:00, 25.00, 24.47, 24.25, 47.04, 45.75, 0, 0, 4.26
2019/06/05 21:13:00, 25.00, 24.42, 24.26, 47.06, 45.79, 0, 0, 4.26
2019/06/05 21:14:00, 25.00, 24.43, 24.23, 47.10, 45.83, 0, 0, 4.26
2019/06/05 21:15:00, 25.00, 24.43, 24.24, 47.14, 45.85, 0, 0, 4.26
2019/06/05 21:16:00, 25.00, 24.40, 24.22, 47.19, 45.90, 0, 0, 4.26
2019/06/05 21:17:00, 25.00, 24.43, 24.20, 47.19, 45.92, 0, 0, 4.26
2019/06/05 21:18:00, 25.00, 24.39, 24.20, 47.21, 45.91, 0, 0, 4.26
2019/06/05 21:19:00, 25.00, 24.38, 24.19, 47.24, 45.97, 0, 0, 4.26
2019/06/05 21:20:00, 25.00, 24.38, 24.19, 47.31, 45.98, 0, 0, 4.26
2019/06/05 21:21:00, 25.00, 24.38, 24.17, 47.27, 46.00, 0, 0, 4.26
2019/06/05 21:22:00, 25.00, 24.36, 24.18, 47.28, 46.00, 0, 0, 4.26
2019/06/05 21:23:00, 25.00, 24.36, 24.17, 47.34, 46.04, 0, 0, 4.26
2019/06/05 21:24:00, 25.00, 24.33, 24.16, 47.33, 46.08, 0, 0, 4.26
2019/06/05 21:25:00, 25.00, 24.33, 24.15, 47.40, 46.13, 0, 0, 4.26
2019/06/05 21:26:00, 25.00, 24.35, 24.13, 47.34, 46.10, 0, 0, 4.26
2019/06/05 21:27:00, 25.00, 24.31, 24.16, 47.44, 46.13, 0, 0, 4.26
2019/06/05 21:28:00, 25.00, 24.31, 24.12, 47.41, 46.16, 0, 0, 4.26
2019/06/05 21:29:00, 25.00, 24.32, 24.12, 47.49, 46.20, 0, 0, 4.26
2019/06/05 21:30:00, 25.00, 24.31, 24.13, 47.52, 46.23, 0, 0, 4.26
2019/06/05 21:31:00, 25.00, 24.31, 24.10, 47.57, 46.28, 0, 0, 4.26
2019/06/05 21:32:00, 25.00, 24.27, 24.11, 47.49, 46.26, 0, 0, 4.26
2019/06/05 21:33:00, 25.00, 24.26, 24.06, 47.62, 46.31, 0, 0, 4.26
2019/06/05 21:34:00, 25.00, 24.27, 24.10, 47.62, 46.33, 0, 0, 4.26
2019/06/05 21:35:00, 25.00, 24.27, 24.09, 47.64, 46.35, 0, 0, 4.26
2019/06/05 21:36:00, 25.00, 24.27, 24.08, 47.64, 46.34, 0, 0, 4.26
2019/06/05 21:37:00, 25.00, 24.26, 24.07, 47.69, 46.37, 0, 0, 4.26
2019/06/05 21:38:00, 25.00, 24.29, 24.06, 47.66, 46.39, 0, 0, 4.26
2019/06/05 21:39:00, 24.75, 24.26, 24.06, 47.70, 46.41, 0, 0, 4.26
2019/06/05 21:40:00, 24.75, 24.25, 24.06, 47.73, 46.46, 0, 0, 4.26
2019/06/05 21:41:00, 24.75, 24.25, 24.04, 47.78, 46.46, 0, 0, 4.26
2019/06/05 21:42:00, 24.75, 24.25, 24.06, 47.70, 46.47, 0, 0, 4.26
2019/06/05 21:43:00, 24.75, 24.22, 24.02, 47.78, 46.49, 0, 0, 4.26
2019/06/05 21:44:00, 24.75, 24.20, 24.03, 47.78, 46.50, 0, 0, 4.26
2019/06/05 21:45:00, 24.75, 24.22, 24.02, 47.82, 46.55, 0, 0, 4.26
2019/06/05 21:46:00, 24.75, 24.22, 24.04, 47.84, 46.55, 0, 0, 4.26
2019/06/05 21:47:00, 24.75, 24.22, 24.03, 47.84, 46.56, 0, 0, 4.26
2019/06/05 21:48:00, 24.75, 24.25, 24.02, 47.90, 46.58, 0, 0, 4.26
2019/06/05 21:49:00, 24.75, 24.20, 24.03, 47.87, 46.61, 0, 0, 4.26
2019/06/05 21:50:00, 24.75, 24.19, 24.01, 47.87, 46.62, 0, 0, 4.26
2019/06/05 21:51:00, 24.75, 24.20, 24.01, 47.97, 46.67, 0, 0, 4.26
2019/06/05 21:52:00, 24.75, 24.18, 24.00, 47.95, 46.66, 0, 0, 4.26
2019/06/05 21:53:00, 24.75, 24.18, 23.98, 48.02, 46.70, 0, 0, 4.26
2019/06/05 21:54:00, 24.75, 24.18, 23.97, 48.01, 46.75, 0, 0, 4.26
2019/06/05 21:55:00, 24.75, 24.18, 23.98, 48.03, 46.71, 0, 0, 4.26
2019/06/05 21:56:00, 24.75, 24.16, 23.97, 48.06, 46.77, 0, 0, 4.26
2019/06/05 21:57:00, 24.75, 24.15, 23.97, 48.08, 46.76, 0, 0, 4.26
2019/06/05 21:58:00, 24.75, 24.16, 23.97, 48.05, 46.77, 0, 0, 4.26
2019/06/05 21:59:00, 24.75, 24.15, 23.95, 48.11, 46.83, 0, 0, 4.26
2019/06/05 22:00:00, 24.75, 24.18, 23.94, 48.14, 46.84, 0, 0, 4.26
2019/06/05 22:01:00, 24.75, 24.15, 23.95, 48.16, 46.85, 0, 0, 4.26
2019/06/05 22:02:00, 24.75, 24.12, 23.95, 48.14, 46.87, 0, 0, 4.26
2019/06/05 22:03:00, 24.75, 24.14, 23.94, 48.17, 46.88, 0, 0, 4.26
2019/06/05 22:04:00, 24.75, 24.14, 23.93, 48.21, 46.93, 0, 0, 4.26
2019/06/05 22:05:00, 24.75, 24.14, 23.93, 48.21, 46.94, 0, 0, 4.26
2019/06/05 22:06:00, 24.75, 24.15, 23.95, 48.31, 46.97, 0, 0, 4.26
2019/06/05 22:07:00, 24.75, 24.14, 23.94, 48.27, 46.96, 0, 0, 4.26
2019/06/05 22:08:00, 24.75, 24.14, 23.92, 48.23, 46.97, 0, 0, 4.26
2019/06/05 22:09:00, 24.75, 24.14, 23.92, 48.25, 46.96, 0, 0, 4.26
2019/06/05 22:10:00, 24.75, 24.12, 23.93, 48.31, 46.96, 0, 0, 4.26
2019/06/05 22:11:00, 24.75, 24.14, 23.94, 48.30, 46.97, 0, 0, 4.26
2019/06/05 22:12:00, 24.75, 24.15, 23.92, 48.28, 46.96, 0, 0, 4.26
2019/06/05 22:13:00, 24.75, 24.12, 23.92, 48.30, 46.99, 0, 0, 4.26
2019/06/05 22:14:00, 24.75, 24.12, 23.93, 48.26, 46.99, 0, 0, 4.26
2019/06/05 22:15:00, 24.75, 24.14, 23.91, 48.33, 47.02, 0, 0, 4.26
2019/06/05 22:16:00, 24.75, 24.09, 23.91, 48.40, 47.05, 0, 0, 4.26
2019/06/05 22:17:00, 24.75, 24.08, 23.90, 48.35, 47.03, 0, 0, 4.26
2019/06/05 22:18:00, 24.75, 24.08, 23.92, 48.39, 47.10, 0, 0, 4.26
2019/06/05 22:19:00, 24.75, 24.09, 23.90, 48.41, 47.08, 0, 0, 4.26
2019/06/05 22:20:00, 24.75, 24.07, 23.88, 48.38, 47.08, 0, 0, 4.26
2019/06/05 22:21:00, 24.75, 24.09, 23.89, 48.38, 47.08, 0, 0, 4.26
2019/06/05 22:22:00, 24.75, 24.08, 23.90, 48.36, 47.11, 0, 0, 4.26
2019/06/05 22:23:00, 24.75, 24.09, 23.89, 48.42, 47.10, 0, 0, 4.26
2019/06/05 22:24:00, 24.50, 24.09, 23.89, 48.36, 47.08, 0, 0, 4.26
2019/06/05 22:25:00, 24.75, 24.07, 23.88, 48.46, 47.11, 0, 0, 4.26
2019/06/05 22:26:00, 24.50, 24.09, 23.88, 48.38, 47.11, 0, 0, 4.26
2019/06/05 22:27:00, 24.50, 24.07, 23.88, 48.43, 47.11, 0, 0, 4.26
2019/06/05 22:28:00, 24.50, 24.07, 23.88, 48.41, 47.11, 0, 0, 4.26
2019/06/05 22:29:00, 24.50, 24.07, 23.87, 48.46, 47.13, 0, 0, 4.26
2019/06/05 22:30:00, 24.50, 24.08, 23.87, 48.45, 47.16, 0, 0, 4.26
2019/06/05 22:31:00, 24.50, 24.05, 23.87, 48.44, 47.16, 0, 0, 4.26
2019/06/05 22:32:00, 24.50, 24.07, 23.86, 48.40, 47.12, 0, 0, 4.26
2019/06/05 22:33:00, 24.50, 24.08, 23.87, 48.43, 47.16, 0, 0, 4.26
2019/06/05 22:34:00, 24.50, 24.04, 23.86, 48.43, 47.16, 0, 0, 4.26
2019/06/05 22:35:00, 24.50, 24.04, 23.84, 48.45, 47.16, 0, 0, 4.26
2019/06/05 22:36:00, 24.50, 24.04, 23.86, 48.44, 47.16, 0, 0, 4.26
2019/06/05 22:37:00, 24.50, 24.07, 23.86, 48.50, 47.19, 0, 0, 4.26
2019/06/05 22:38:00, 24.50, 24.02, 23.86, 48.45, 47.16, 0, 0, 4.26
2019/06/05 22:39:00, 24.50, 24.08, 23.87, 48.50, 47.17, 0, 0, 4.26
2019/06/05 22:40:00, 24.50, 24.04, 23.84, 48.47, 47.16, 0, 0, 4.26
2019/06/05 22:41:00, 24.50, 24.04, 23.82, 48.50, 47.17, 0, 0, 4.26
2019/06/05 22:42:00, 24.50, 24.01, 23.86, 48.45, 47.17, 0, 0, 4.26
2019/06/05 22:43:00, 24.50, 24.05, 23.82, 48.50, 47.19, 0, 0, 4.26
2019/06/05 22:44:00, 24.50, 24.04, 23.83, 48.52, 47.19, 0, 0, 4.26
2019/06/05 22:45:00, 24.50, 24.01, 23.82, 48.49, 47.21, 0, 0, 4.26
2019/06/05 22:46:00, 24.50, 24.01, 23.82, 48.51, 47.19, 0, 0, 4.26
2019/06/05 22:47:00, 24.50, 24.01, 23.83, 48.47, 47.21, 0, 0, 4.26
2019/06/05 22:48:00, 24.50, 24.02, 23.81, 48.59, 47.25, 0, 0, 4.26
2019/06/05 22:49:00, 24.50, 24.02, 23.82, 48.48, 47.25, 0, 0, 4.26
2019/06/05 22:50:00, 24.50, 24.02, 23.81, 48.53, 47.23, 0, 0, 4.26
2019/06/05 22:51:00, 24.50, 24.02, 23.82, 48.55, 47.25, 0, 0, 4.26
2019/06/05 22:52:00, 24.50, 24.02, 23.82, 48.57, 47.26, 0, 0, 4.26
2019/06/05 22:53:00, 24.50, 24.02, 23.84, 48.57, 47.26, 0, 0, 4.26
2019/06/05 22:54:00, 24.50, 24.04, 23.83, 48.49, 47.18, 0, 0, 4.26
2019/06/05 22:55:00, 24.50, 24.04, 23.88, 48.45, 47.16, 0, 0, 4.26
2019/06/05 22:56:00, 24.50, 24.05, 23.88, 48.42, 47.16, 0, 0, 4.26
2019/06/05 22:57:00, 24.50, 24.08, 23.90, 48.38, 47.11, 0, 0, 4.26
2019/06/05 22:58:00, 24.50, 24.09, 23.89, 48.33, 47.06, 0, 0, 4.26
2019/06/05 22:59:00, 24.50, 24.12, 23.91, 48.24, 47.04, 0, 0, 4.26
2019/06/05 23:00:00, 24.50, 24.14, 23.92, 48.23, 46.99, 0, 0, 4.26
2019/06/05 23:01:00, 24.50, 24.14, 23.94, 48.18, 46.95, 0, 0, 4.26
2019/06/05 23:02:00, 24.50, 24.12, 23.95, 48.16, 46.91, 0, 0, 4.26
2019/06/05 23:03:00, 24.50, 24.15, 23.94, 48.13, 46.86, 0, 0, 4.26
2019/06/05 23:04:00, 24.50, 24.14, 23.94, 48.12, 46.88, 0, 0, 4.26
2019/06/05 23:05:00, 24.50, 24.16, 23.96, 48.16, 46.89, 0, 0, 4.26
2019/06/05 23:06:00, 24.50, 24.16, 23.95, 48.12, 46.89, 0, 0, 4.26
2019/06/05 23:07:00, 24.50, 24.16, 23.95, 48.11, 46.84, 0, 0, 4.26
2019/06/05 23:08:00, 24.50, 24.14, 23.95, 48.11, 46.83, 0, 0, 4.26
2019/06/05 23:09:00, 24.50, 24.18, 23.96, 48.11, 46.81, 0, 0, 4.26
2019/06/05 23:10:00, 24.50, 24.18, 23.97, 48.02, 46.82, 0, 0, 4.26
2019/06/05 23:11:00, 24.50, 24.16, 23.97, 48.03, 46.79, 0, 0, 4.26
2019/06/05 23:12:00, 24.50, 24.19, 23.98, 48.02, 46.79, 0, 0, 4.26
2019/06/05 23:13:00, 24.50, 24.20, 23.98, 47.97, 46.75, 0, 0, 4.26
2019/06/05 23:14:00, 24.50, 24.18, 24.01, 47.96, 46.74, 0, 0, 4.26
2019/06/05 23:15:00, 24.50, 24.18, 24.01, 47.98, 46.73, 0, 0, 4.26
2019/06/05 23:16:00, 24.50, 24.20, 23.98, 48.05, 46.80, 0, 0, 4.26
2019/06/05 23:17:00, 24.50, 24.23, 24.01, 47.98, 46.73, 0, 0, 4.26
2019/06/05 23:18:00, 24.50, 24.19, 24.01, 47.95, 46.72, 0, 0, 4.26
2019/06/05 23:19:00, 24.50, 24.20, 24.01, 47.98, 46.74, 0, 0, 4.26
2019/06/05 23:20:00, 24.50, 24.20, 24.04, 47.95, 46.72, 0, 0, 4.26
2019/06/05 23:21:00, 24.50, 24.22, 24.01, 47.90, 46.68, 0, 0, 4.26
2019/06/05 23:22:00, 24.50, 24.23, 24.02, 47.95, 46.69, 0, 0, 4.26
2019/06/05 23:23:00, 24.50, 24.22, 24.02, 47.89, 46.65, 0, 0, 4.26
2019/06/05 23:24:00, 24.50, 24.23, 24.01, 47.86, 46.68, 0, 0, 4.26
2019/06/05 23:25:00, 24.50, 24.22, 24.02, 47.95, 46.70, 0, 0, 4.26
2019/06/05 23:26:00, 24.50, 24.20, 24.03, 47.90, 46.70, 0, 0, 4.26
2019/06/05 23:27:00, 24.50, 24.22, 24.02, 47.87, 46.65, 0, 0, 4.26
2019/06/05 23:28:00, 24.50, 24.23, 24.03, 47.89, 46.65, 0, 0, 4.26
2019/06/05 23:29:00, 24.50, 24.20, 24.01, 47.85, 46.64, 0, 0, 4.26
2019/06/05 23:30:00, 24.50, 24.20, 24.00, 47.83, 46.61, 0, 0, 4.26
2019/06/05 23:31:00, 24.50, 24.22, 23.98, 47.89, 46.60, 0, 0, 4.26
2019/06/05 23:32:00, 24.50, 24.22, 24.00, 47.87, 46.64, 0, 0, 4.26
2019/06/05 23:33:00, 24.50, 24.20, 24.01, 47.85, 46.65, 0, 0, 4.26
2019/06/05 23:34:00, 24.50, 24.22, 24.00, 47.87, 46.65, 0, 0, 4.26
2019/06/05 23:35:00, 24.50, 24.19, 24.02, 47.84, 46.62, 0, 0, 4.26
2019/06/05 23:36:00, 24.50, 24.20, 24.01, 47.89, 46.64, 0, 0, 4.26
2019/06/05 23:37:00, 24.50, 24.22, 24.00, 47.88, 46.65, 0, 0, 4.26
2019/06/05 23:38:00, 24.50, 24.19, 24.02, 47.89, 46.63, 0, 0, 4.26
2019/06/05 23:39:00, 24.50, 24.22, 24.01, 47.91, 46.64, 0, 0, 4.26
2019/06/05 23:40:00, 24.50, 24.20, 24.01, 47.82, 46.62, 0, 0, 4.26
2019/06/05 23:41:00, 24.50, 24.19, 24.02, 47.85, 46.61, 0, 0, 4.26
2019/06/05 23:42:00, 24.50, 24.19, 24.03, 47.85, 46.61, 0, 0, 4.26
2019/06/05 23:43:00, 24.50, 24.22, 24.02, 47.83, 46.63, 0, 0, 4.26
2019/06/05 23:44:00, 24.50, 24.22, 24.01, 47.79, 46.58, 0, 0, 4.26
2019/06/05 23:45:00, 24.50, 24.20, 24.02, 47.86, 46.60, 0, 0, 4.26
2019/06/05 23:46:00, 24.50, 24.20, 24.00, 47.87, 46.61, 0, 0, 4.26
2019/06/05 23:47:00, 24.50, 24.22, 24.02, 47.82, 46.58, 0, 0, 4.26
