Data logger for tempereture and humidity.
Code, design, and soldering by Antti Mikkonen, a.mikkonen@iki.fi, 2019.
Based on open source projects and libraries. See source for details.
/home/ami/src/arduino/promini/logger_v8_ada/logger_v8_ada.ino
UTC time (year/month/date hour:minute:second), T RTC (C), T sht31 (C), T si7021 (C), RH sht31 (-), RH si7021 (-), heaterOn sht31 (bool),  heaterOn si7021 (bool), battery voltage (V)
2019/06/11 00:08:00, 24.25, 23.84, 23.62, 34.35, 33.77, 0, 0, 4.25
2019/06/11 00:09:00, 24.25, 23.81, 23.62, 34.37, 33.77, 0, 0, 4.25
2019/06/11 00:10:00, 24.25, 23.83, 23.61, 34.38, 33.81, 0, 0, 4.25
2019/06/11 00:11:00, 24.25, 23.84, 23.62, 34.39, 33.81, 0, 0, 4.25
2019/06/11 00:12:00, 24.25, 23.81, 23.61, 34.40, 33.82, 0, 0, 4.25
2019/06/11 00:13:00, 24.25, 23.80, 23.59, 34.39, 33.82, 0, 0, 4.25
2019/06/11 00:14:00, 24.25, 23.80, 23.60, 34.42, 33.85, 0, 0, 4.25
2019/06/11 00:15:00, 24.25, 23.81, 23.60, 34.47, 33.87, 0, 0, 4.25
2019/06/11 00:16:00, 24.25, 23.81, 23.59, 34.47, 33.88, 0, 0, 4.25
2019/06/11 00:17:00, 24.25, 23.81, 23.59, 34.45, 33.88, 0, 0, 4.25
2019/06/11 00:18:00, 24.25, 23.81, 23.59, 34.43, 33.88, 0, 0, 4.25
2019/06/11 00:19:00, 24.25, 23.80, 23.60, 34.47, 33.92, 0, 0, 4.25
2019/06/11 00:20:00, 24.25, 23.80, 23.58, 34.47, 33.90, 0, 0, 4.25
2019/06/11 00:21:00, 24.25, 23.80, 23.60, 34.47, 33.92, 0, 0, 4.25
2019/06/11 00:22:00, 24.25, 23.79, 23.61, 34.54, 33.94, 0, 0, 4.25
2019/06/11 00:23:00, 24.25, 23.79, 23.60, 34.50, 33.93, 0, 0, 4.25
2019/06/11 00:24:00, 24.25, 23.77, 23.57, 34.55, 33.96, 0, 0, 4.25
2019/06/11 00:25:00, 24.25, 23.77, 23.58, 34.57, 33.98, 0, 0, 4.25
2019/06/11 00:26:00, 24.25, 23.79, 23.57, 34.58, 33.98, 0, 0, 4.25
2019/06/11 00:27:00, 24.25, 23.80, 23.57, 34.55, 34.00, 0, 0, 4.25
2019/06/11 00:28:00, 24.25, 23.79, 23.59, 34.59, 34.00, 0, 0, 4.25
2019/06/11 00:29:00, 24.25, 23.79, 23.58, 34.58, 34.00, 0, 0, 4.25
2019/06/11 00:30:00, 24.25, 23.77, 23.56, 34.62, 34.03, 0, 0, 4.25
2019/06/11 00:31:00, 24.25, 23.77, 23.57, 34.63, 34.06, 0, 0, 4.25
2019/06/11 00:32:00, 24.25, 23.77, 23.56, 34.62, 34.05, 0, 0, 4.25
2019/06/11 00:33:00, 24.25, 23.77, 23.57, 34.71, 34.07, 0, 0, 4.25
2019/06/11 00:34:00, 24.25, 23.79, 23.56, 34.65, 34.08, 0, 0, 4.25
2019/06/11 00:35:00, 24.25, 23.79, 23.59, 34.64, 34.10, 0, 0, 4.25
2019/06/11 00:36:00, 24.25, 23.76, 23.57, 34.67, 34.10, 0, 0, 4.25
2019/06/11 00:37:00, 24.25, 23.77, 23.56, 34.70, 34.12, 0, 0, 4.25
2019/06/11 00:38:00, 24.25, 23.74, 23.54, 34.72, 34.15, 0, 0, 4.25
2019/06/11 00:39:00, 24.25, 23.77, 23.56, 34.70, 34.14, 0, 0, 4.25
2019/06/11 00:40:00, 24.25, 23.74, 23.54, 34.76, 34.16, 0, 0, 4.25
2019/06/11 00:41:00, 24.25, 23.77, 23.56, 34.80, 34.17, 0, 0, 4.25
2019/06/11 00:42:00, 24.25, 23.79, 23.53, 34.80, 34.18, 0, 0, 4.25
2019/06/11 00:43:00, 24.25, 23.74, 23.56, 34.78, 34.19, 0, 0, 4.25
2019/06/11 00:44:00, 24.25, 23.76, 23.54, 34.84, 34.21, 0, 0, 4.25
2019/06/11 00:45:00, 24.25, 23.76, 23.57, 34.80, 34.21, 0, 0, 4.25
2019/06/11 00:46:00, 24.25, 23.74, 23.54, 34.83, 34.22, 0, 0, 4.25
2019/06/11 00:47:00, 24.25, 23.74, 23.53, 34.81, 34.23, 0, 0, 4.25
2019/06/11 00:48:00, 24.25, 23.73, 23.56, 34.87, 34.27, 0, 0, 4.25
2019/06/11 00:49:00, 24.25, 23.74, 23.56, 34.87, 34.25, 0, 0, 4.25
2019/06/11 00:50:00, 24.25, 23.77, 23.52, 34.89, 34.27, 0, 0, 4.25
2019/06/11 00:51:00, 24.25, 23.73, 23.54, 34.87, 34.28, 0, 0, 4.25
2019/06/11 00:52:00, 24.25, 23.76, 23.53, 34.90, 34.31, 0, 0, 4.25
2019/06/11 00:53:00, 24.25, 23.74, 23.51, 34.91, 34.29, 0, 0, 4.25
2019/06/11 00:54:00, 24.25, 23.73, 23.52, 34.88, 34.30, 0, 0, 4.25
2019/06/11 00:55:00, 24.25, 23.76, 23.51, 34.91, 34.33, 0, 0, 4.25
2019/06/11 00:56:00, 24.25, 23.76, 23.52, 34.93, 34.33, 0, 0, 4.25
2019/06/11 00:57:00, 24.25, 23.74, 23.51, 34.93, 34.36, 0, 0, 4.25
2019/06/11 00:58:00, 24.25, 23.70, 23.50, 34.96, 34.38, 0, 0, 4.25
2019/06/11 00:59:00, 24.25, 23.73, 23.52, 35.00, 34.39, 0, 0, 4.25
2019/06/11 01:00:00, 24.25, 23.71, 23.50, 35.01, 34.40, 0, 0, 4.25
2019/06/11 01:01:00, 24.25, 23.71, 23.50, 35.02, 34.40, 0, 0, 4.25
2019/06/11 01:02:00, 24.25, 23.70, 23.52, 34.99, 34.40, 0, 0, 4.25
2019/06/11 01:03:00, 24.25, 23.73, 23.52, 35.06, 34.42, 0, 0, 4.25
2019/06/11 01:04:00, 24.25, 23.71, 23.49, 35.04, 34.42, 0, 0, 4.25
2019/06/11 01:05:00, 24.25, 23.73, 23.51, 35.02, 34.45, 0, 0, 4.25
2019/06/11 01:06:00, 24.25, 23.74, 23.50, 35.11, 34.45, 0, 0, 4.25
2019/06/11 01:07:00, 24.25, 23.70, 23.50, 35.02, 34.47, 0, 0, 4.25
2019/06/11 01:08:00, 24.25, 23.70, 23.49, 35.05, 34.49, 0, 0, 4.25
2019/06/11 01:09:00, 24.25, 23.71, 23.48, 35.14, 34.48, 0, 0, 4.25
2019/06/11 01:10:00, 24.25, 23.73, 23.51, 35.10, 34.49, 0, 0, 4.25
2019/06/11 01:11:00, 24.25, 23.70, 23.48, 35.08, 34.51, 0, 0, 4.25
2019/06/11 01:12:00, 24.25, 23.70, 23.49, 35.13, 34.53, 0, 0, 4.25
2019/06/11 01:13:00, 24.25, 23.68, 23.50, 35.10, 34.54, 0, 0, 4.25
2019/06/11 01:14:00, 24.25, 23.71, 23.50, 35.13, 34.57, 0, 0, 4.25
2019/06/11 01:15:00, 24.25, 23.68, 23.47, 35.20, 34.57, 0, 0, 4.25
2019/06/11 01:16:00, 24.00, 23.68, 23.48, 35.18, 34.59, 0, 0, 4.25
2019/06/11 01:17:00, 24.25, 23.68, 23.48, 35.14, 34.58, 0, 0, 4.25
2019/06/11 01:18:00, 24.00, 23.70, 23.47, 35.20, 34.61, 0, 0, 4.25
2019/06/11 01:19:00, 24.25, 23.68, 23.48, 35.22, 34.61, 0, 0, 4.25
2019/06/11 01:20:00, 24.00, 23.68, 23.48, 35.23, 34.64, 0, 0, 4.25
2019/06/11 01:21:00, 24.00, 23.70, 23.47, 35.22, 34.65, 0, 0, 4.25
2019/06/11 01:22:00, 24.00, 23.68, 23.49, 35.23, 34.67, 0, 0, 4.25
2019/06/11 01:23:00, 24.25, 23.68, 23.47, 35.25, 34.68, 0, 0, 4.25
2019/06/11 01:24:00, 24.00, 23.70, 23.48, 35.26, 34.67, 0, 0, 4.25
2019/06/11 01:25:00, 24.00, 23.70, 23.50, 35.23, 34.68, 0, 0, 4.25
2019/06/11 01:26:00, 24.00, 23.65, 23.47, 35.31, 34.71, 0, 0, 4.25
2019/06/11 01:27:00, 24.00, 23.68, 23.47, 35.30, 34.74, 0, 0, 4.25
2019/06/11 01:28:00, 24.00, 23.65, 23.47, 35.36, 34.72, 0, 0, 4.25
2019/06/11 01:29:00, 24.00, 23.67, 23.47, 35.42, 34.74, 0, 0, 4.25
2019/06/11 01:30:00, 24.00, 23.67, 23.45, 35.38, 34.76, 0, 0, 4.25
2019/06/11 01:31:00, 24.00, 23.67, 23.47, 35.34, 34.77, 0, 0, 4.25
2019/06/11 01:32:00, 24.00, 23.67, 23.45, 35.42, 34.80, 0, 0, 4.25
2019/06/11 01:33:00, 24.00, 23.67, 23.45, 35.41, 34.81, 0, 0, 4.25
2019/06/11 01:34:00, 24.00, 23.67, 23.47, 35.38, 34.83, 0, 0, 4.25
2019/06/11 01:35:00, 24.00, 23.68, 23.47, 35.41, 34.84, 0, 0, 4.25
2019/06/11 01:36:00, 24.00, 23.68, 23.45, 35.44, 34.86, 0, 0, 4.25
2019/06/11 01:37:00, 24.00, 23.70, 23.45, 35.46, 34.88, 0, 0, 4.25
2019/06/11 01:38:00, 24.00, 23.65, 23.45, 35.46, 34.86, 0, 0, 4.25
2019/06/11 01:39:00, 24.00, 23.67, 23.46, 35.44, 34.90, 0, 0, 4.25
2019/06/11 01:40:00, 24.00, 23.67, 23.45, 35.50, 34.92, 0, 0, 4.25
2019/06/11 01:41:00, 24.00, 23.65, 23.45, 35.51, 34.92, 0, 0, 4.25
2019/06/11 01:42:00, 24.00, 23.63, 23.45, 35.54, 34.95, 0, 0, 4.25
2019/06/11 01:43:00, 24.00, 23.63, 23.45, 35.56, 34.96, 0, 0, 4.25
2019/06/11 01:44:00, 24.00, 23.65, 23.46, 35.56, 34.96, 0, 0, 4.25
2019/06/11 01:45:00, 24.00, 23.63, 23.45, 35.56, 34.97, 0, 0, 4.25
2019/06/11 01:46:00, 24.00, 23.65, 23.44, 35.56, 34.98, 0, 0, 4.25
2019/06/11 01:47:00, 24.00, 23.63, 23.45, 35.59, 35.00, 0, 0, 4.25
2019/06/11 01:48:00, 24.00, 23.64, 23.43, 35.62, 35.02, 0, 0, 4.25
2019/06/11 01:49:00, 24.00, 23.63, 23.45, 35.55, 35.02, 0, 0, 4.25
2019/06/11 01:50:00, 24.00, 23.65, 23.46, 35.61, 35.02, 0, 0, 4.25
2019/06/11 01:51:00, 24.00, 23.64, 23.45, 35.59, 35.03, 0, 0, 4.25
2019/06/11 01:52:00, 24.00, 23.64, 23.44, 35.62, 35.05, 0, 0, 4.25
2019/06/11 01:53:00, 24.00, 23.64, 23.43, 35.68, 35.06, 0, 0, 4.25
2019/06/11 01:54:00, 24.00, 23.64, 23.44, 35.63, 35.08, 0, 0, 4.25
2019/06/11 01:55:00, 24.00, 23.63, 23.45, 35.67, 35.09, 0, 0, 4.25
2019/06/11 01:56:00, 24.00, 23.63, 23.45, 35.68, 35.09, 0, 0, 4.25
2019/06/11 01:57:00, 24.00, 23.63, 23.43, 35.67, 35.10, 0, 0, 4.25
2019/06/11 01:58:00, 24.00, 23.63, 23.45, 35.69, 35.09, 0, 0, 4.25
2019/06/11 01:59:00, 24.00, 23.61, 23.41, 35.67, 35.10, 0, 0, 4.25
2019/06/11 02:00:00, 24.00, 23.64, 23.42, 35.76, 35.14, 0, 0, 4.25
2019/06/11 02:01:00, 24.00, 23.60, 23.42, 35.72, 35.13, 0, 0, 4.25
2019/06/11 02:02:00, 24.00, 23.61, 23.43, 35.75, 35.16, 0, 0, 4.25
2019/06/11 02:03:00, 24.00, 23.63, 23.41, 35.75, 35.16, 0, 0, 4.25
2019/06/11 02:04:00, 24.00, 23.63, 23.43, 35.79, 35.18, 0, 0, 4.25
2019/06/11 02:05:00, 24.00, 23.61, 23.42, 35.73, 35.18, 0, 0, 4.25
2019/06/11 02:06:00, 24.00, 23.61, 23.41, 35.76, 35.19, 0, 0, 4.25
2019/06/11 02:07:00, 24.00, 23.60, 23.39, 35.80, 35.16, 0, 0, 4.25
2019/06/11 02:08:00, 24.00, 23.64, 23.39, 35.72, 35.20, 0, 0, 4.25
2019/06/11 02:09:00, 24.00, 23.61, 23.38, 35.78, 35.21, 0, 0, 4.25
2019/06/11 02:10:00, 24.00, 23.59, 23.39, 35.84, 35.23, 0, 0, 4.25
2019/06/11 02:11:00, 24.00, 23.61, 23.41, 35.87, 35.23, 0, 0, 4.25
2019/06/11 02:12:00, 24.00, 23.59, 23.39, 35.83, 35.26, 0, 0, 4.25
2019/06/11 02:13:00, 24.00, 23.61, 23.39, 35.84, 35.25, 0, 0, 4.25
2019/06/11 02:14:00, 24.00, 23.63, 23.38, 35.83, 35.28, 0, 0, 4.25
2019/06/11 02:15:00, 24.00, 23.60, 23.39, 35.85, 35.28, 0, 0, 4.25
2019/06/11 02:16:00, 24.00, 23.60, 23.39, 35.92, 35.29, 0, 0, 4.25
2019/06/11 02:17:00, 24.00, 23.59, 23.37, 35.92, 35.31, 0, 0, 4.25
2019/06/11 02:18:00, 24.00, 23.59, 23.38, 35.88, 35.29, 0, 0, 4.25
2019/06/11 02:19:00, 24.00, 23.59, 23.41, 35.85, 35.30, 0, 0, 4.25
2019/06/11 02:20:00, 24.00, 23.60, 23.41, 35.89, 35.32, 0, 0, 4.25
2019/06/11 02:21:00, 24.00, 23.59, 23.39, 35.93, 35.31, 0, 0, 4.25
2019/06/11 02:22:00, 24.00, 23.60, 23.39, 35.92, 35.33, 0, 0, 4.25
2019/06/11 02:23:00, 24.00, 23.60, 23.37, 35.97, 35.35, 0, 0, 4.25
2019/06/11 02:24:00, 24.00, 23.60, 23.38, 35.92, 35.35, 0, 0, 4.25
2019/06/11 02:25:00, 24.00, 23.59, 23.37, 35.93, 35.37, 0, 0, 4.25
2019/06/11 02:26:00, 24.00, 23.60, 23.36, 35.89, 35.35, 0, 0, 4.25
2019/06/11 02:27:00, 24.00, 23.60, 23.39, 35.96, 35.38, 0, 0, 4.25
2019/06/11 02:28:00, 24.00, 23.59, 23.37, 35.97, 35.38, 0, 0, 4.25
2019/06/11 02:29:00, 24.00, 23.59, 23.37, 35.97, 35.39, 0, 0, 4.25
2019/06/11 02:30:00, 24.00, 23.56, 23.35, 36.01, 35.41, 0, 0, 4.25
2019/06/11 02:31:00, 24.00, 23.57, 23.36, 36.00, 35.42, 0, 0, 4.25
2019/06/11 02:32:00, 24.00, 23.57, 23.38, 36.01, 35.44, 0, 0, 4.25
2019/06/11 02:33:00, 24.00, 23.59, 23.37, 36.02, 35.45, 0, 0, 4.25
2019/06/11 02:34:00, 24.00, 23.57, 23.37, 36.01, 35.45, 0, 0, 4.25
2019/06/11 02:35:00, 24.00, 23.60, 23.37, 36.03, 35.46, 0, 0, 4.25
2019/06/11 02:36:00, 24.00, 23.57, 23.36, 36.04, 35.48, 0, 0, 4.25
2019/06/11 02:37:00, 24.00, 23.56, 23.35, 36.04, 35.49, 0, 0, 4.25
2019/06/11 02:38:00, 24.00, 23.57, 23.36, 36.06, 35.50, 0, 0, 4.25
2019/06/11 02:39:00, 24.00, 23.57, 23.35, 36.06, 35.49, 0, 0, 4.25
2019/06/11 02:40:00, 24.00, 23.57, 23.34, 36.05, 35.48, 0, 0, 4.25
2019/06/11 02:41:00, 24.00, 23.54, 23.34, 36.10, 35.49, 0, 0, 4.25
2019/06/11 02:42:00, 24.00, 23.54, 23.35, 36.07, 35.52, 0, 0, 4.25
2019/06/11 02:43:00, 24.00, 23.54, 23.35, 36.14, 35.52, 0, 0, 4.25
2019/06/11 02:44:00, 24.00, 23.57, 23.34, 36.10, 35.54, 0, 0, 4.25
2019/06/11 02:45:00, 24.00, 23.56, 23.34, 36.10, 35.53, 0, 0, 4.25
2019/06/11 02:46:00, 24.00, 23.57, 23.35, 36.16, 35.56, 0, 0, 4.25
2019/06/11 02:47:00, 24.00, 23.53, 23.33, 36.12, 35.55, 0, 0, 4.25
2019/06/11 02:48:00, 24.00, 23.54, 23.34, 36.17, 35.58, 0, 0, 4.25
2019/06/11 02:49:00, 24.00, 23.53, 23.34, 36.17, 35.58, 0, 0, 4.25
2019/06/11 02:50:00, 24.00, 23.54, 23.34, 36.18, 35.58, 0, 0, 4.25
2019/06/11 02:51:00, 24.00, 23.53, 23.33, 36.17, 35.60, 0, 0, 4.25
2019/06/11 02:52:00, 24.00, 23.54, 23.33, 36.18, 35.61, 0, 0, 4.25
2019/06/11 02:53:00, 24.00, 23.52, 23.34, 36.17, 35.61, 0, 0, 4.25
2019/06/11 02:54:00, 24.00, 23.53, 23.35, 36.22, 35.61, 0, 0, 4.25
2019/06/11 02:55:00, 24.00, 23.52, 23.35, 36.20, 35.64, 0, 0, 4.25
2019/06/11 02:56:00, 24.00, 23.53, 23.32, 36.20, 35.65, 0, 0, 4.25
2019/06/11 02:57:00, 24.00, 23.54, 23.33, 36.22, 35.64, 0, 0, 4.25
2019/06/11 02:58:00, 24.00, 23.53, 23.31, 36.25, 35.67, 0, 0, 4.25
2019/06/11 02:59:00, 24.00, 23.52, 23.32, 36.23, 35.67, 0, 0, 4.25
2019/06/11 03:00:00, 24.00, 23.53, 23.32, 36.27, 35.67, 0, 0, 4.25
2019/06/11 03:01:00, 24.00, 23.50, 23.32, 36.31, 35.71, 0, 0, 4.25
2019/06/11 03:02:00, 24.00, 23.54, 23.31, 36.30, 35.70, 0, 0, 4.25
2019/06/11 03:03:00, 24.00, 23.52, 23.31, 36.28, 35.71, 0, 0, 4.25
2019/06/11 03:04:00, 24.00, 23.52, 23.31, 36.25, 35.73, 0, 0, 4.25
2019/06/11 03:05:00, 24.00, 23.53, 23.32, 36.28, 35.70, 0, 0, 4.25
2019/06/11 03:06:00, 24.00, 23.52, 23.31, 36.28, 35.72, 0, 0, 4.25
2019/06/11 03:07:00, 24.00, 23.53, 23.30, 36.32, 35.74, 0, 0, 4.25
2019/06/11 03:08:00, 24.00, 23.49, 23.30, 36.30, 35.74, 0, 0, 4.25
2019/06/11 03:09:00, 24.00, 23.52, 23.30, 36.31, 35.76, 0, 0, 4.25
2019/06/11 03:10:00, 24.00, 23.47, 23.28, 36.32, 35.77, 0, 0, 4.25
2019/06/11 03:11:00, 24.00, 23.50, 23.31, 36.32, 35.77, 0, 0, 4.25
2019/06/11 03:12:00, 24.00, 23.52, 23.29, 36.33, 35.77, 0, 0, 4.25
2019/06/11 03:13:00, 24.00, 23.49, 23.29, 36.35, 35.77, 0, 0, 4.25
2019/06/11 03:14:00, 24.00, 23.47, 23.29, 36.35, 35.79, 0, 0, 4.25
2019/06/11 03:15:00, 24.00, 23.52, 23.30, 36.35, 35.81, 0, 0, 4.25
2019/06/11 03:16:00, 24.00, 23.50, 23.28, 36.39, 35.80, 0, 0, 4.25
2019/06/11 03:17:00, 24.00, 23.49, 23.28, 36.37, 35.80, 0, 0, 4.25
2019/06/11 03:18:00, 24.00, 23.50, 23.28, 36.39, 35.80, 0, 0, 4.25
2019/06/11 03:19:00, 24.00, 23.47, 23.30, 36.37, 35.83, 0, 0, 4.25
2019/06/11 03:20:00, 24.00, 23.49, 23.28, 36.44, 35.86, 0, 0, 4.25
2019/06/11 03:21:00, 24.00, 23.49, 23.30, 36.40, 35.85, 0, 0, 4.25
2019/06/11 03:22:00, 24.00, 23.50, 23.27, 36.38, 35.84, 0, 0, 4.25
2019/06/11 03:23:00, 24.00, 23.47, 23.25, 36.43, 35.86, 0, 0, 4.25
2019/06/11 03:24:00, 24.00, 23.47, 23.28, 36.43, 35.88, 0, 0, 4.25
2019/06/11 03:25:00, 24.00, 23.49, 23.25, 36.43, 35.88, 0, 0, 4.25
2019/06/11 03:26:00, 24.00, 23.47, 23.28, 36.45, 35.90, 0, 0, 4.25
2019/06/11 03:27:00, 24.00, 23.47, 23.27, 36.47, 35.90, 0, 0, 4.25
2019/06/11 03:28:00, 24.00, 23.47, 23.23, 36.43, 35.90, 0, 0, 4.25
2019/06/11 03:29:00, 24.00, 23.46, 23.27, 36.45, 35.90, 0, 0, 4.25
2019/06/11 03:30:00, 24.00, 23.47, 23.27, 36.48, 35.93, 0, 0, 4.25
2019/06/11 03:31:00, 24.00, 23.49, 23.28, 36.48, 35.92, 0, 0, 4.25
2019/06/11 03:32:00, 24.00, 23.46, 23.24, 36.45, 35.91, 0, 0, 4.25
2019/06/11 03:33:00, 24.00, 23.47, 23.27, 36.48, 35.92, 0, 0, 4.25
2019/06/11 03:34:00, 24.00, 23.47, 23.27, 36.50, 35.93, 0, 0, 4.25
2019/06/11 03:35:00, 24.00, 23.47, 23.27, 36.49, 35.96, 0, 0, 4.25
2019/06/11 03:36:00, 24.00, 23.46, 23.25, 36.45, 35.94, 0, 0, 4.25
2019/06/11 03:37:00, 24.00, 23.47, 23.25, 36.53, 35.96, 0, 0, 4.25
2019/06/11 03:38:00, 24.00, 23.46, 23.25, 36.50, 35.96, 0, 0, 4.25
2019/06/11 03:39:00, 24.00, 23.44, 23.25, 36.59, 35.96, 0, 0, 4.25
2019/06/11 03:40:00, 24.00, 23.47, 23.25, 36.52, 35.99, 0, 0, 4.25
2019/06/11 03:41:00, 24.00, 23.44, 23.25, 36.56, 35.99, 0, 0, 4.25
2019/06/11 03:42:00, 24.00, 23.47, 23.24, 36.57, 35.99, 0, 0, 4.25
2019/06/11 03:43:00, 24.00, 23.47, 23.25, 36.58, 36.01, 0, 0, 4.25
2019/06/11 03:44:00, 24.00, 23.46, 23.22, 36.60, 36.02, 0, 0, 4.25
2019/06/11 03:45:00, 24.00, 23.42, 23.23, 36.61, 36.03, 0, 0, 4.25
2019/06/11 03:46:00, 24.00, 23.44, 23.25, 36.61, 36.03, 0, 0, 4.25
2019/06/11 03:47:00, 24.00, 23.47, 23.23, 36.61, 36.06, 0, 0, 4.25
2019/06/11 03:48:00, 24.00, 23.43, 23.22, 36.65, 36.06, 0, 0, 4.25
2019/06/11 03:49:00, 24.00, 23.43, 23.23, 36.62, 36.05, 0, 0, 4.25
2019/06/11 03:50:00, 24.00, 23.46, 23.24, 36.58, 36.06, 0, 0, 4.25
2019/06/11 03:51:00, 24.00, 23.43, 23.23, 36.61, 36.06, 0, 0, 4.25
2019/06/11 03:52:00, 24.00, 23.44, 23.22, 36.69, 36.08, 0, 0, 4.25
2019/06/11 03:53:00, 24.00, 23.43, 23.22, 36.63, 36.09, 0, 0, 4.25
2019/06/11 03:54:00, 24.00, 23.46, 23.23, 36.68, 36.12, 0, 0, 4.25
2019/06/11 03:55:00, 24.00, 23.42, 23.25, 36.65, 36.11, 0, 0, 4.25
2019/06/11 03:56:00, 24.00, 23.46, 23.23, 36.68, 36.12, 0, 0, 4.25
2019/06/11 03:57:00, 24.00, 23.44, 23.23, 36.71, 36.12, 0, 0, 4.25
2019/06/11 03:58:00, 24.00, 23.46, 23.22, 36.70, 36.12, 0, 0, 4.25
2019/06/11 03:59:00, 24.00, 23.42, 23.22, 36.70, 36.13, 0, 0, 4.25
2019/06/11 04:00:00, 24.00, 23.44, 23.22, 36.69, 36.15, 0, 0, 4.25
2019/06/11 04:01:00, 24.00, 23.43, 23.22, 36.74, 36.17, 0, 0, 4.25
2019/06/11 04:02:00, 24.00, 23.44, 23.21, 36.73, 36.18, 0, 0, 4.25
2019/06/11 04:03:00, 24.00, 23.43, 23.22, 36.71, 36.16, 0, 0, 4.25
2019/06/11 04:04:00, 24.00, 23.42, 23.22, 36.79, 36.19, 0, 0, 4.25
2019/06/11 04:05:00, 24.00, 23.43, 23.22, 36.76, 36.21, 0, 0, 4.25
2019/06/11 04:06:00, 24.00, 23.44, 23.21, 36.80, 36.21, 0, 0, 4.25
2019/06/11 04:07:00, 23.75, 23.43, 23.22, 36.78, 36.22, 0, 0, 4.25
2019/06/11 04:08:00, 23.75, 23.42, 23.18, 36.79, 36.22, 0, 0, 4.25
2019/06/11 04:09:00, 23.75, 23.40, 23.19, 36.75, 36.24, 0, 0, 4.25
2019/06/11 04:10:00, 23.75, 23.39, 23.18, 36.81, 36.26, 0, 0, 4.25
2019/06/11 04:11:00, 23.75, 23.42, 23.20, 36.84, 36.26, 0, 0, 4.25
2019/06/11 04:12:00, 23.75, 23.40, 23.19, 36.86, 36.28, 0, 0, 4.25
2019/06/11 04:13:00, 23.75, 23.39, 23.18, 36.88, 36.32, 0, 0, 4.25
2019/06/11 04:14:00, 23.75, 23.39, 23.18, 36.91, 36.34, 0, 0, 4.25
2019/06/11 04:15:00, 23.75, 23.42, 23.18, 36.91, 36.35, 0, 0, 4.25
2019/06/11 04:16:00, 23.75, 23.39, 23.18, 36.92, 36.35, 0, 0, 4.25
2019/06/11 04:17:00, 23.75, 23.40, 23.18, 36.94, 36.35, 0, 0, 4.25
2019/06/11 04:18:00, 23.75, 23.39, 23.18, 36.92, 36.38, 0, 0, 4.25
2019/06/11 04:19:00, 23.75, 23.42, 23.19, 36.90, 36.35, 0, 0, 4.25
2019/06/11 04:20:00, 23.75, 23.40, 23.18, 36.91, 36.35, 0, 0, 4.25
2019/06/11 04:21:00, 23.75, 23.42, 23.18, 36.91, 36.35, 0, 0, 4.25
2019/06/11 04:22:00, 23.75, 23.40, 23.19, 36.95, 36.38, 0, 0, 4.25
2019/06/11 04:23:00, 23.75, 23.39, 23.18, 36.94, 36.37, 0, 0, 4.25
2019/06/11 04:24:00, 23.75, 23.40, 23.18, 36.95, 36.39, 0, 0, 4.25
2019/06/11 04:25:00, 23.75, 23.39, 23.21, 36.96, 36.38, 0, 0, 4.25
2019/06/11 04:26:00, 23.75, 23.40, 23.18, 36.95, 36.39, 0, 0, 4.25
2019/06/11 04:27:00, 23.75, 23.40, 23.20, 36.97, 36.38, 0, 0, 4.25
2019/06/11 04:28:00, 23.75, 23.37, 23.20, 36.95, 36.39, 0, 0, 4.25
2019/06/11 04:29:00, 23.75, 23.40, 23.21, 36.93, 36.40, 0, 0, 4.25
2019/06/11 04:30:00, 23.75, 23.39, 23.21, 36.96, 36.40, 0, 0, 4.25
2019/06/11 04:31:00, 23.75, 23.39, 23.18, 36.96, 36.41, 0, 0, 4.25
2019/06/11 04:32:00, 23.75, 23.39, 23.19, 36.98, 36.40, 0, 0, 4.25
2019/06/11 04:33:00, 23.75, 23.39, 23.18, 37.01, 36.42, 0, 0, 4.25
2019/06/11 04:34:00, 23.75, 23.40, 23.18, 36.98, 36.41, 0, 0, 4.25
2019/06/11 04:35:00, 23.75, 23.39, 23.19, 37.01, 36.42, 0, 0, 4.25
2019/06/11 04:36:00, 23.75, 23.44, 23.18, 36.98, 36.44, 0, 0, 4.25
2019/06/11 04:37:00, 23.75, 23.40, 23.21, 36.99, 36.41, 0, 0, 4.25
2019/06/11 04:38:00, 23.75, 23.39, 23.19, 36.99, 36.44, 0, 0, 4.25
2019/06/11 04:39:00, 23.75, 23.42, 23.19, 36.98, 36.42, 0, 0, 4.25
2019/06/11 04:40:00, 23.75, 23.40, 23.20, 36.94, 36.41, 0, 0, 4.25
2019/06/11 04:41:00, 23.75, 23.40, 23.19, 36.99, 36.44, 0, 0, 4.25
2019/06/11 04:42:00, 23.75, 23.42, 23.20, 36.97, 36.44, 0, 0, 4.25
2019/06/11 04:43:00, 23.75, 23.40, 23.22, 37.02, 36.43, 0, 0, 4.25
2019/06/11 04:44:00, 23.75, 23.43, 23.18, 36.97, 36.45, 0, 0, 4.25
2019/06/11 04:45:00, 23.75, 23.42, 23.19, 37.01, 36.45, 0, 0, 4.25
2019/06/11 04:46:00, 23.75, 23.39, 23.18, 37.04, 36.44, 0, 0, 4.25
2019/06/11 04:47:00, 23.75, 23.39, 23.19, 37.02, 36.48, 0, 0, 4.25
2019/06/11 04:48:00, 23.75, 23.40, 23.18, 37.01, 36.46, 0, 0, 4.25
2019/06/11 04:49:00, 23.75, 23.39, 23.19, 36.99, 36.49, 0, 0, 4.25
2019/06/11 04:50:00, 23.75, 23.39, 23.19, 37.01, 36.48, 0, 0, 4.25
2019/06/11 04:51:00, 23.75, 23.40, 23.18, 37.06, 36.51, 0, 0, 4.25
2019/06/11 04:52:00, 23.75, 23.40, 23.18, 37.04, 36.49, 0, 0, 4.25
2019/06/11 04:53:00, 23.75, 23.40, 23.18, 37.06, 36.51, 0, 0, 4.25
2019/06/11 04:54:00, 23.75, 23.40, 23.18, 37.06, 36.48, 0, 0, 4.25
2019/06/11 04:55:00, 23.75, 23.39, 23.18, 37.06, 36.51, 0, 0, 4.25
2019/06/11 04:56:00, 23.75, 23.40, 23.18, 37.07, 36.51, 0, 0, 4.25
2019/06/11 04:57:00, 23.75, 23.42, 23.19, 37.04, 36.51, 0, 0, 4.25
2019/06/11 04:58:00, 23.75, 23.40, 23.18, 37.09, 36.52, 0, 0, 4.25
2019/06/11 04:59:00, 23.75, 23.37, 23.19, 37.16, 36.54, 0, 0, 4.25
2019/06/11 05:00:00, 23.75, 23.40, 23.16, 37.07, 36.55, 0, 0, 4.25
2019/06/11 05:01:00, 23.75, 23.39, 23.19, 37.10, 36.55, 0, 0, 4.25
2019/06/11 05:02:00, 23.75, 23.39, 23.17, 37.14, 36.54, 0, 0, 4.25
2019/06/11 05:03:00, 23.75, 23.37, 23.19, 37.14, 36.54, 0, 0, 4.25
2019/06/11 05:04:00, 23.75, 23.39, 23.18, 37.15, 36.56, 0, 0, 4.25
2019/06/11 05:05:00, 23.75, 23.37, 23.18, 37.15, 36.57, 0, 0, 4.25
2019/06/11 05:06:00, 23.75, 23.39, 23.18, 37.10, 36.57, 0, 0, 4.25
2019/06/11 05:07:00, 23.75, 23.37, 23.17, 37.15, 36.57, 0, 0, 4.25
2019/06/11 05:08:00, 23.75, 23.39, 23.18, 37.16, 36.57, 0, 0, 4.25
2019/06/11 05:09:00, 23.75, 23.40, 23.16, 37.14, 36.57, 0, 0, 4.25
2019/06/11 05:10:00, 23.75, 23.39, 23.18, 37.14, 36.58, 0, 0, 4.25
2019/06/11 05:11:00, 23.75, 23.40, 23.18, 37.11, 36.57, 0, 0, 4.25
2019/06/11 05:12:00, 23.75, 23.39, 23.18, 37.15, 36.57, 0, 0, 4.25
2019/06/11 05:13:00, 23.75, 23.40, 23.18, 37.17, 36.61, 0, 0, 4.25
2019/06/11 05:14:00, 23.75, 23.39, 23.17, 37.18, 36.58, 0, 0, 4.25
2019/06/11 05:15:00, 23.75, 23.37, 23.16, 37.18, 36.58, 0, 0, 4.25
2019/06/11 05:16:00, 23.75, 23.39, 23.19, 37.18, 36.60, 0, 0, 4.25
2019/06/11 05:17:00, 23.75, 23.39, 23.18, 37.15, 36.57, 0, 0, 4.25
2019/06/11 05:18:00, 23.75, 23.37, 23.17, 37.15, 36.61, 0, 0, 4.25
2019/06/11 05:19:00, 23.75, 23.39, 23.17, 37.19, 36.63, 0, 0, 4.25
2019/06/11 05:20:00, 23.75, 23.39, 23.21, 37.20, 36.64, 0, 0, 4.25
2019/06/11 05:21:00, 23.75, 23.42, 23.18, 37.19, 36.62, 0, 0, 4.25
2019/06/11 05:22:00, 23.75, 23.36, 23.17, 37.12, 36.61, 0, 0, 4.25
2019/06/11 05:23:00, 23.75, 23.39, 23.18, 37.18, 36.61, 0, 0, 4.25
2019/06/11 05:24:00, 23.75, 23.37, 23.18, 37.16, 36.63, 0, 0, 4.25
2019/06/11 05:25:00, 23.75, 23.39, 23.18, 37.22, 36.62, 0, 0, 4.25
2019/06/11 05:26:00, 23.75, 23.42, 23.20, 37.22, 36.64, 0, 0, 4.25
2019/06/11 05:27:00, 23.75, 23.37, 23.18, 37.20, 36.62, 0, 0, 4.25
2019/06/11 05:28:00, 23.75, 23.39, 23.20, 37.23, 36.64, 0, 0, 4.25
2019/06/11 05:29:00, 23.75, 23.39, 23.20, 37.23, 36.64, 0, 0, 4.25
2019/06/11 05:30:00, 23.75, 23.40, 23.20, 37.19, 36.64, 0, 0, 4.25
2019/06/11 05:31:00, 23.75, 23.40, 23.18, 37.20, 36.65, 0, 0, 4.25
2019/06/11 05:32:00, 23.75, 23.39, 23.20, 37.19, 36.64, 0, 0, 4.25
2019/06/11 05:33:00, 23.75, 23.39, 23.18, 37.23, 36.68, 0, 0, 4.25
2019/06/11 05:34:00, 23.75, 23.39, 23.19, 37.25, 36.68, 0, 0, 4.25
2019/06/11 05:35:00, 23.75, 23.40, 23.18, 37.23, 36.67, 0, 0, 4.25
2019/06/11 05:36:00, 23.75, 23.39, 23.17, 37.22, 36.66, 0, 0, 4.25
2019/06/11 05:37:00, 23.75, 23.39, 23.18, 37.22, 36.69, 0, 0, 4.25
2019/06/11 05:38:00, 23.75, 23.39, 23.19, 37.30, 36.69, 0, 0, 4.25
2019/06/11 05:39:00, 23.75, 23.39, 23.18, 37.24, 36.70, 0, 0, 4.25
2019/06/11 05:40:00, 23.75, 23.40, 23.18, 37.24, 36.70, 0, 0, 4.25
2019/06/11 05:41:00, 23.75, 23.37, 23.16, 37.27, 36.72, 0, 0, 4.25
2019/06/11 05:42:00, 23.75, 23.37, 23.17, 37.23, 36.71, 0, 0, 4.25
2019/06/11 05:43:00, 23.75, 23.36, 23.18, 37.27, 36.72, 0, 0, 4.25
2019/06/11 05:44:00, 23.75, 23.39, 23.18, 37.31, 36.74, 0, 0, 4.25
2019/06/11 05:45:00, 23.75, 23.39, 23.20, 37.30, 36.71, 0, 0, 4.25
2019/06/11 05:46:00, 23.75, 23.36, 23.15, 37.32, 36.77, 0, 0, 4.25
2019/06/11 05:47:00, 23.75, 23.37, 23.17, 37.35, 36.77, 0, 0, 4.25
2019/06/11 05:48:00, 23.75, 23.39, 23.17, 37.28, 36.77, 0, 0, 4.25
2019/06/11 05:49:00, 23.75, 23.39, 23.19, 37.33, 36.79, 0, 0, 4.25
2019/06/11 05:50:00, 23.75, 23.37, 23.18, 37.37, 36.77, 0, 0, 4.25
2019/06/11 05:51:00, 23.75, 23.39, 23.16, 37.36, 36.80, 0, 0, 4.25
2019/06/11 05:52:00, 23.75, 23.37, 23.17, 37.38, 36.81, 0, 0, 4.25
2019/06/11 05:53:00, 23.75, 23.37, 23.18, 37.40, 36.82, 0, 0, 4.25
2019/06/11 05:54:00, 23.75, 23.36, 23.17, 37.35, 36.83, 0, 0, 4.25
2019/06/11 05:55:00, 23.75, 23.40, 23.17, 37.39, 36.83, 0, 0, 4.25
2019/06/11 05:56:00, 23.75, 23.37, 23.18, 37.43, 36.82, 0, 0, 4.25
2019/06/11 05:57:00, 23.75, 23.37, 23.19, 37.35, 36.83, 0, 0, 4.25
2019/06/11 05:58:00, 23.75, 23.43, 23.16, 37.40, 36.85, 0, 0, 4.25
2019/06/11 05:59:00, 23.75, 23.40, 23.18, 37.36, 36.84, 0, 0, 4.25
2019/06/11 06:00:00, 23.75, 23.39, 23.20, 37.41, 36.84, 0, 0, 4.25
2019/06/11 06:01:00, 23.75, 23.42, 23.21, 37.39, 36.83, 0, 0, 4.25
2019/06/11 06:02:00, 23.75, 23.42, 23.20, 37.39, 36.83, 0, 0, 4.25
2019/06/11 06:03:00, 23.75, 23.43, 23.20, 37.39, 36.83, 0, 0, 4.25
2019/06/11 06:04:00, 23.75, 23.43, 23.22, 37.39, 36.84, 0, 0, 4.25
2019/06/11 06:05:00, 23.75, 23.42, 23.23, 37.41, 36.85, 0, 0, 4.25
2019/06/11 06:06:00, 23.75, 23.43, 23.23, 37.39, 36.83, 0, 0, 4.25
2019/06/11 06:07:00, 23.75, 23.44, 23.24, 37.37, 36.84, 0, 0, 4.25
2019/06/11 06:08:00, 23.75, 23.46, 23.25, 37.41, 36.86, 0, 0, 4.25
2019/06/11 06:09:00, 23.75, 23.49, 23.25, 37.42, 36.85, 0, 0, 4.25
2019/06/11 06:10:00, 23.75, 23.47, 23.25, 37.36, 36.83, 0, 0, 4.25
2019/06/11 06:11:00, 23.75, 23.47, 23.27, 37.39, 36.81, 0, 0, 4.25
2019/06/11 06:12:00, 23.75, 23.46, 23.28, 37.45, 36.82, 0, 0, 4.25
2019/06/11 06:13:00, 23.75, 23.47, 23.25, 37.37, 36.82, 0, 0, 4.25
2019/06/11 06:14:00, 23.75, 23.50, 23.28, 37.40, 36.82, 0, 0, 4.25
2019/06/11 06:15:00, 23.75, 23.47, 23.29, 37.41, 36.81, 0, 0, 4.25
2019/06/11 06:16:00, 23.75, 23.50, 23.28, 37.47, 36.82, 0, 0, 4.25
2019/06/11 06:17:00, 23.75, 23.52, 23.30, 37.37, 36.83, 0, 0, 4.25
2019/06/11 06:18:00, 23.75, 23.50, 23.31, 37.40, 36.84, 0, 0, 4.25
2019/06/11 06:19:00, 23.75, 23.52, 23.31, 37.37, 36.86, 0, 0, 4.25
2019/06/11 06:20:00, 23.75, 23.52, 23.31, 37.40, 36.85, 0, 0, 4.25
2019/06/11 06:21:00, 23.75, 23.53, 23.33, 37.36, 36.83, 0, 0, 4.25
2019/06/11 06:22:00, 23.75, 23.54, 23.33, 37.40, 36.82, 0, 0, 4.25
2019/06/11 06:23:00, 23.75, 23.53, 23.33, 37.38, 36.83, 0, 0, 4.25
2019/06/11 06:24:00, 23.75, 23.54, 23.34, 37.40, 36.83, 0, 0, 4.25
2019/06/11 06:25:00, 23.75, 23.56, 23.34, 37.38, 36.85, 0, 0, 4.25
2019/06/11 06:26:00, 23.75, 23.57, 23.35, 37.41, 36.86, 0, 0, 4.25
2019/06/11 06:27:00, 23.75, 23.56, 23.37, 37.37, 36.83, 0, 0, 4.25
2019/06/11 06:28:00, 23.75, 23.54, 23.36, 37.41, 36.80, 0, 0, 4.25
2019/06/11 06:29:00, 23.75, 23.59, 23.37, 37.41, 36.82, 0, 0, 4.25
2019/06/11 06:30:00, 23.75, 23.59, 23.37, 37.44, 36.85, 0, 0, 4.25
2019/06/11 06:31:00, 23.75, 23.57, 23.37, 37.40, 36.84, 0, 0, 4.25
2019/06/11 06:32:00, 23.75, 23.59, 23.37, 37.37, 36.83, 0, 0, 4.25
2019/06/11 06:33:00, 23.75, 23.59, 23.41, 37.38, 36.83, 0, 0, 4.25
2019/06/11 06:34:00, 23.75, 23.57, 23.38, 37.44, 36.84, 0, 0, 4.25
2019/06/11 06:35:00, 23.75, 23.60, 23.39, 37.45, 36.86, 0, 0, 4.25
2019/06/11 06:36:00, 23.75, 23.61, 23.41, 37.41, 36.86, 0, 0, 4.25
2019/06/11 06:37:00, 23.75, 23.60, 23.43, 37.41, 36.88, 0, 0, 4.25
2019/06/11 06:38:00, 23.75, 23.64, 23.43, 37.38, 36.86, 0, 0, 4.25
2019/06/11 06:39:00, 23.75, 23.63, 23.43, 37.43, 36.87, 0, 0, 4.25
2019/06/11 06:40:00, 24.00, 23.64, 23.45, 37.43, 36.86, 0, 0, 4.25
2019/06/11 06:41:00, 24.00, 23.68, 23.47, 37.40, 36.83, 0, 0, 4.25
2019/06/11 06:42:00, 24.00, 23.67, 23.46, 37.41, 36.84, 0, 0, 4.25
2019/06/11 06:43:00, 24.00, 23.71, 23.49, 37.37, 36.81, 0, 0, 4.25
2019/06/11 06:44:00, 24.00, 23.68, 23.51, 37.37, 36.80, 0, 0, 4.25
2019/06/11 06:45:00, 24.00, 23.73, 23.54, 37.33, 36.79, 0, 0, 4.25
2019/06/11 06:46:00, 24.00, 23.76, 23.56, 37.29, 36.75, 0, 0, 4.25
2019/06/11 06:47:00, 24.00, 23.77, 23.57, 37.28, 36.74, 0, 0, 4.25
2019/06/11 06:48:00, 24.00, 23.77, 23.57, 37.24, 36.69, 0, 0, 4.25
2019/06/11 06:49:00, 24.00, 23.81, 23.59, 37.28, 36.67, 0, 0, 4.25
2019/06/11 06:50:00, 24.00, 23.81, 23.63, 37.18, 36.67, 0, 0, 4.25
2019/06/11 06:51:00, 24.00, 23.83, 23.64, 37.21, 36.65, 0, 0, 4.25
2019/06/11 06:52:00, 24.00, 23.81, 23.64, 37.22, 36.63, 0, 0, 4.25
2019/06/11 06:53:00, 24.00, 23.84, 23.65, 37.18, 36.62, 0, 0, 4.25
2019/06/11 06:54:00, 24.00, 23.85, 23.66, 37.15, 36.60, 0, 0, 4.25
2019/06/11 06:55:00, 24.00, 23.84, 23.67, 37.16, 36.61, 0, 0, 4.25
2019/06/11 06:56:00, 24.00, 23.88, 23.67, 37.17, 36.58, 0, 0, 4.25
2019/06/11 06:57:00, 24.00, 23.88, 23.67, 37.19, 36.60, 0, 0, 4.25
2019/06/11 06:58:00, 24.00, 23.87, 23.67, 37.14, 36.59, 0, 0, 4.25
2019/06/11 06:59:00, 24.00, 23.91, 23.66, 37.13, 36.59, 0, 0, 4.25
2019/06/11 07:00:00, 24.00, 23.91, 23.71, 37.18, 36.59, 0, 0, 4.25
2019/06/11 07:01:00, 24.00, 23.90, 23.72, 37.14, 36.59, 0, 0, 4.25
2019/06/11 07:02:00, 24.00, 23.92, 23.72, 37.15, 36.59, 0, 0, 4.25
2019/06/11 07:03:00, 24.00, 23.94, 23.75, 37.18, 36.59, 0, 0, 4.25
2019/06/11 07:04:00, 24.00, 23.97, 23.76, 37.10, 36.57, 0, 0, 4.25
2019/06/11 07:05:00, 24.00, 23.98, 23.78, 37.13, 36.55, 0, 0, 4.25
2019/06/11 07:06:00, 24.00, 23.99, 23.78, 37.05, 36.54, 0, 0, 4.25
2019/06/11 07:07:00, 24.00, 23.99, 23.83, 37.03, 36.50, 0, 0, 4.25
2019/06/11 07:08:00, 24.00, 24.04, 23.82, 37.03, 36.46, 0, 0, 4.25
2019/06/11 07:09:00, 24.00, 24.04, 23.86, 37.03, 36.47, 0, 0, 4.25
2019/06/11 07:10:00, 24.00, 24.07, 23.87, 36.97, 36.44, 0, 0, 4.25
2019/06/11 07:11:00, 24.00, 24.05, 23.89, 36.98, 36.44, 0, 0, 4.25
2019/06/11 07:12:00, 24.00, 24.09, 23.88, 37.01, 36.44, 0, 0, 4.25
2019/06/11 07:13:00, 24.00, 24.11, 23.93, 36.98, 36.40, 0, 0, 4.25
2019/06/11 07:14:00, 24.00, 24.12, 23.94, 36.93, 36.36, 0, 0, 4.25
2019/06/11 07:15:00, 24.00, 24.14, 23.95, 36.92, 36.36, 0, 0, 4.25
2019/06/11 07:16:00, 24.00, 24.15, 23.97, 36.93, 36.35, 0, 0, 4.25
2019/06/11 07:17:00, 24.00, 24.16, 24.00, 36.86, 36.30, 0, 0, 4.25
2019/06/11 07:18:00, 24.25, 24.19, 24.01, 36.89, 36.28, 0, 0, 4.25
2019/06/11 07:19:00, 24.25, 24.19, 24.02, 36.82, 36.28, 0, 0, 4.25
2019/06/11 07:20:00, 24.25, 24.22, 24.03, 36.85, 36.24, 0, 0, 4.25
2019/06/11 07:21:00, 24.25, 24.23, 24.04, 36.78, 36.22, 0, 0, 4.25
2019/06/11 07:22:00, 24.25, 24.25, 24.07, 36.80, 36.24, 0, 0, 4.25
2019/06/11 07:23:00, 24.25, 24.25, 24.06, 36.78, 36.20, 0, 0, 4.25
2019/06/11 07:24:00, 24.25, 24.27, 24.07, 36.76, 36.19, 0, 0, 4.25
2019/06/11 07:25:00, 24.25, 24.27, 24.09, 36.71, 36.14, 0, 0, 4.25
2019/06/11 07:26:00, 24.25, 24.27, 24.07, 36.72, 36.16, 0, 0, 4.25
2019/06/11 07:27:00, 24.25, 24.26, 24.10, 36.75, 36.16, 0, 0, 4.25
2019/06/11 07:28:00, 24.25, 24.29, 24.12, 36.76, 36.20, 0, 0, 4.25
2019/06/11 07:29:00, 24.25, 24.32, 24.13, 36.74, 36.17, 0, 0, 4.25
2019/06/11 07:30:00, 24.25, 24.32, 24.17, 36.74, 36.18, 0, 0, 4.25
2019/06/11 07:31:00, 24.25, 24.35, 24.17, 36.75, 36.17, 0, 0, 4.25
2019/06/11 07:32:00, 24.25, 24.35, 24.19, 36.74, 36.16, 0, 0, 4.25
2019/06/11 07:33:00, 24.25, 24.39, 24.21, 36.84, 36.22, 0, 0, 4.25
2019/06/11 07:34:00, 24.25, 24.39, 24.22, 36.77, 36.22, 0, 0, 4.25
2019/06/11 07:35:00, 24.25, 24.40, 24.23, 36.84, 36.20, 0, 0, 4.25
2019/06/11 07:36:00, 24.25, 24.42, 24.23, 36.79, 36.22, 0, 0, 4.25
2019/06/11 07:37:00, 24.25, 24.43, 24.25, 36.84, 36.23, 0, 0, 4.25
2019/06/11 07:38:00, 24.25, 24.44, 24.25, 36.86, 36.27, 0, 0, 4.25
2019/06/11 07:39:00, 24.25, 24.44, 24.26, 36.87, 36.26, 0, 0, 4.25
2019/06/11 07:40:00, 24.25, 24.46, 24.26, 36.85, 36.26, 0, 0, 4.25
2019/06/11 07:41:00, 24.25, 24.49, 24.30, 36.85, 36.26, 0, 0, 4.25
2019/06/11 07:42:00, 24.25, 24.49, 24.31, 36.89, 36.26, 0, 0, 4.25
2019/06/11 07:43:00, 24.25, 24.47, 24.31, 36.87, 36.31, 0, 0, 4.25
2019/06/11 07:44:00, 24.25, 24.53, 24.32, 36.90, 36.31, 0, 0, 4.25
2019/06/11 07:45:00, 24.25, 24.49, 24.33, 36.88, 36.26, 0, 0, 4.25
2019/06/11 07:46:00, 24.25, 24.54, 24.32, 36.85, 36.27, 0, 0, 4.25
2019/06/11 07:47:00, 24.25, 24.54, 24.35, 36.91, 36.30, 0, 0, 4.25
2019/06/11 07:48:00, 24.25, 24.56, 24.37, 36.87, 36.28, 0, 0, 4.25
2019/06/11 07:49:00, 24.25, 24.57, 24.39, 36.85, 36.26, 0, 0, 4.25
2019/06/11 07:50:00, 24.25, 24.56, 24.38, 36.83, 36.26, 0, 0, 4.25
2019/06/11 07:51:00, 24.50, 24.56, 24.40, 36.82, 36.23, 0, 0, 4.25
2019/06/11 07:52:00, 24.50, 24.60, 24.43, 36.90, 36.28, 0, 0, 4.25
2019/06/11 07:53:00, 24.50, 24.61, 24.43, 36.79, 36.24, 0, 0, 4.25
2019/06/11 07:54:00, 24.50, 24.61, 24.45, 36.87, 36.23, 0, 0, 4.25
2019/06/11 07:55:00, 24.50, 24.61, 24.45, 36.86, 36.24, 0, 0, 4.25
2019/06/11 07:56:00, 24.50, 24.63, 24.46, 36.88, 36.29, 0, 0, 4.25
2019/06/11 07:57:00, 24.50, 24.67, 24.48, 36.88, 36.30, 0, 0, 4.25
2019/06/11 07:58:00, 24.50, 24.70, 24.50, 36.91, 36.31, 0, 0, 4.25
2019/06/11 07:59:00, 24.50, 24.70, 24.53, 36.91, 36.30, 0, 0, 4.25
2019/06/11 08:00:00, 24.50, 24.70, 24.52, 36.76, 36.22, 0, 0, 4.25
2019/06/11 08:01:00, 24.50, 24.74, 24.55, 36.83, 36.22, 0, 0, 4.25
2019/06/11 08:02:00, 24.50, 24.73, 24.58, 36.78, 36.25, 0, 0, 4.25
2019/06/11 08:03:00, 24.50, 24.75, 24.60, 36.76, 36.13, 0, 0, 4.25
2019/06/11 08:04:00, 24.50, 24.80, 24.63, 36.83, 36.16, 0, 0, 4.25
2019/06/11 08:05:00, 24.50, 24.82, 24.65, 36.80, 36.16, 0, 0, 4.25
2019/06/11 08:06:00, 24.50, 24.84, 24.67, 36.74, 36.16, 0, 0, 4.25
2019/06/11 08:07:00, 24.50, 24.87, 24.68, 36.73, 36.10, 0, 0, 4.25
2019/06/11 08:08:00, 24.50, 24.85, 24.69, 36.69, 36.09, 0, 0, 4.25
2019/06/11 08:09:00, 24.50, 24.88, 24.72, 36.69, 36.08, 0, 0, 4.25
2019/06/11 08:10:00, 24.50, 24.88, 24.70, 36.67, 36.06, 0, 0, 4.25
2019/06/11 08:11:00, 24.50, 24.89, 24.74, 36.70, 36.09, 0, 0, 4.25
2019/06/11 08:12:00, 24.50, 24.91, 24.75, 36.68, 36.06, 0, 0, 4.25
2019/06/11 08:13:00, 24.50, 24.88, 24.71, 36.66, 36.05, 0, 0, 4.25
2019/06/11 08:14:00, 24.50, 24.91, 24.75, 36.70, 36.09, 0, 0, 4.25
2019/06/11 08:15:00, 24.50, 24.91, 24.74, 36.70, 36.11, 0, 0, 4.25
2019/06/11 08:16:00, 24.50, 24.89, 24.74, 36.76, 36.16, 0, 0, 4.25
2019/06/11 08:17:00, 24.75, 24.93, 24.77, 36.81, 36.19, 0, 0, 4.25
2019/06/11 08:18:00, 24.75, 24.93, 24.75, 36.73, 36.19, 0, 0, 4.25
2019/06/11 08:19:00, 24.75, 24.93, 24.75, 36.87, 36.19, 0, 0, 4.25
2019/06/11 08:20:00, 24.75, 24.91, 24.75, 36.84, 36.27, 0, 0, 4.25
2019/06/11 08:21:00, 24.75, 24.95, 24.77, 36.84, 36.26, 0, 0, 4.25
2019/06/11 08:22:00, 24.75, 24.93, 24.77, 36.81, 36.23, 0, 0, 4.25
2019/06/11 08:23:00, 24.75, 24.94, 24.77, 36.84, 36.22, 0, 0, 4.25
2019/06/11 08:24:00, 24.75, 24.94, 24.79, 36.87, 36.29, 0, 0, 4.25
2019/06/11 08:25:00, 24.75, 24.94, 24.78, 36.85, 36.26, 0, 0, 4.25
2019/06/11 08:26:00, 24.75, 24.95, 24.79, 36.86, 36.23, 0, 0, 4.25
2019/06/11 08:27:00, 24.75, 24.98, 24.79, 36.82, 36.22, 0, 0, 4.25
2019/06/11 08:28:00, 24.75, 24.97, 24.79, 36.82, 36.22, 0, 0, 4.25
2019/06/11 08:29:00, 24.75, 24.98, 24.81, 36.80, 36.21, 0, 0, 4.25
2019/06/11 08:30:00, 24.75, 24.97, 24.81, 36.82, 36.22, 0, 0, 4.25
2019/06/11 08:31:00, 24.75, 24.97, 24.80, 36.82, 36.22, 0, 0, 4.25
2019/06/11 08:32:00, 24.75, 24.97, 24.80, 36.80, 36.19, 0, 0, 4.25
2019/06/11 08:33:00, 24.75, 24.97, 24.78, 36.83, 36.22, 0, 0, 4.25
2019/06/11 08:34:00, 24.75, 24.97, 24.81, 36.74, 36.19, 0, 0, 4.25
2019/06/11 08:35:00, 24.75, 24.98, 24.79, 36.86, 36.22, 0, 0, 4.25
2019/06/11 08:36:00, 24.75, 24.97, 24.82, 36.87, 36.27, 0, 0, 4.25
2019/06/11 08:37:00, 24.75, 24.98, 24.81, 36.79, 36.25, 0, 0, 4.25
2019/06/11 08:38:00, 24.75, 24.98, 24.82, 36.87, 36.26, 0, 0, 4.25
2019/06/11 08:39:00, 24.75, 24.97, 24.82, 36.87, 36.29, 0, 0, 4.25
2019/06/11 08:40:00, 24.75, 24.98, 24.83, 36.90, 36.28, 0, 0, 4.25
2019/06/11 08:41:00, 24.75, 25.02, 24.85, 36.83, 36.26, 0, 0, 4.25
2019/06/11 08:42:00, 24.75, 25.04, 24.82, 36.84, 36.27, 0, 0, 4.25
2019/06/11 08:43:00, 24.75, 25.02, 24.85, 36.82, 36.26, 0, 0, 4.25
2019/06/11 08:44:00, 24.75, 25.02, 24.86, 36.82, 36.25, 0, 0, 4.25
2019/06/11 08:45:00, 24.75, 25.04, 24.86, 36.81, 36.21, 0, 0, 4.25
2019/06/11 08:46:00, 24.75, 25.05, 24.86, 36.76, 36.20, 0, 0, 4.25
2019/06/11 08:47:00, 24.75, 25.04, 24.89, 36.86, 36.25, 0, 0, 4.25
2019/06/11 08:48:00, 24.75, 25.06, 24.87, 36.86, 36.23, 0, 0, 4.25
2019/06/11 08:49:00, 24.75, 25.06, 24.87, 36.84, 36.25, 0, 0, 4.25
2019/06/11 08:50:00, 24.75, 25.08, 24.89, 36.82, 36.25, 0, 0, 4.25
2019/06/11 08:51:00, 24.75, 25.06, 24.89, 36.82, 36.22, 0, 0, 4.25
2019/06/11 08:52:00, 24.75, 25.08, 24.89, 36.88, 36.25, 0, 0, 4.25
2019/06/11 08:53:00, 24.75, 25.09, 24.90, 36.88, 36.30, 0, 0, 4.25
2019/06/11 08:54:00, 25.00, 25.08, 24.90, 36.81, 36.22, 0, 0, 4.25
2019/06/11 08:55:00, 25.00, 25.06, 24.89, 36.85, 36.22, 0, 0, 4.25
2019/06/11 08:56:00, 25.00, 25.08, 24.92, 36.87, 36.28, 0, 0, 4.25
2019/06/11 08:57:00, 25.00, 25.09, 24.94, 36.93, 36.32, 0, 0, 4.25
2019/06/11 08:58:00, 25.00, 25.12, 24.93, 36.83, 36.25, 0, 0, 4.25
2019/06/11 08:59:00, 25.00, 25.08, 24.93, 36.86, 36.21, 0, 0, 4.25
2019/06/11 09:00:00, 25.00, 25.11, 24.92, 36.87, 36.25, 0, 0, 4.25
2019/06/11 09:01:00, 25.00, 25.12, 24.94, 36.79, 36.23, 0, 0, 4.25
2019/06/11 09:02:00, 25.00, 25.12, 24.95, 36.86, 36.20, 0, 0, 4.25
2019/06/11 09:03:00, 25.00, 25.12, 24.95, 36.90, 36.22, 0, 0, 4.25
2019/06/11 09:04:00, 25.00, 25.14, 24.98, 36.81, 36.19, 0, 0, 4.25
2019/06/11 09:05:00, 25.00, 25.15, 24.97, 36.81, 36.19, 0, 0, 4.25
2019/06/11 09:06:00, 25.00, 25.18, 25.00, 36.80, 36.19, 0, 0, 4.25
2019/06/11 09:07:00, 25.00, 25.16, 24.99, 36.79, 36.16, 0, 0, 4.25
2019/06/11 09:08:00, 25.00, 25.19, 25.00, 36.73, 36.14, 0, 0, 4.25
2019/06/11 09:09:00, 25.00, 25.19, 25.00, 36.79, 36.14, 0, 0, 4.25
2019/06/11 09:10:00, 25.00, 25.19, 25.00, 36.73, 36.12, 0, 0, 4.25
2019/06/11 09:11:00, 25.00, 25.19, 25.04, 36.79, 36.16, 0, 0, 4.25
2019/06/11 09:12:00, 25.00, 25.21, 25.02, 36.81, 36.14, 0, 0, 4.25
2019/06/11 09:13:00, 25.00, 25.18, 25.05, 36.73, 36.13, 0, 0, 4.25
2019/06/11 09:14:00, 25.00, 25.23, 25.04, 36.73, 36.12, 0, 0, 4.25
2019/06/11 09:15:00, 25.00, 25.19, 25.05, 36.71, 36.06, 0, 0, 4.25
2019/06/11 09:16:00, 25.00, 25.21, 25.04, 36.71, 36.09, 0, 0, 4.25
2019/06/11 09:17:00, 25.00, 25.23, 25.07, 36.75, 36.16, 0, 0, 4.25
2019/06/11 09:18:00, 25.00, 25.25, 25.07, 36.77, 36.18, 0, 0, 4.25
2019/06/11 09:19:00, 25.00, 25.23, 25.05, 36.79, 36.15, 0, 0, 4.25
2019/06/11 09:20:00, 25.00, 25.23, 25.09, 36.76, 36.16, 0, 0, 4.25
2019/06/11 09:21:00, 25.00, 25.25, 25.09, 36.77, 36.16, 0, 0, 4.25
2019/06/11 09:22:00, 25.00, 25.25, 25.09, 36.74, 36.14, 0, 0, 4.25
2019/06/11 09:23:00, 25.00, 25.23, 25.09, 36.74, 36.12, 0, 0, 4.25
2019/06/11 09:24:00, 25.00, 25.25, 25.09, 36.76, 36.15, 0, 0, 4.25
2019/06/11 09:25:00, 25.00, 25.28, 25.11, 36.83, 36.19, 0, 0, 4.25
2019/06/11 09:26:00, 25.00, 25.25, 25.09, 36.75, 36.13, 0, 0, 4.25
2019/06/11 09:27:00, 25.00, 25.26, 25.09, 36.82, 36.16, 0, 0, 4.25
2019/06/11 09:28:00, 25.00, 25.26, 25.09, 36.79, 36.17, 0, 0, 4.25
2019/06/11 09:29:00, 25.00, 25.23, 25.09, 36.83, 36.18, 0, 0, 4.25
2019/06/11 09:30:00, 25.00, 25.23, 25.08, 36.83, 36.20, 0, 0, 4.25
2019/06/11 09:31:00, 25.00, 25.26, 25.07, 36.86, 36.22, 0, 0, 4.25
2019/06/11 09:32:00, 25.00, 25.25, 25.05, 36.94, 36.28, 0, 0, 4.25
2019/06/11 09:33:00, 25.00, 25.26, 25.06, 36.95, 36.32, 0, 0, 4.25
2019/06/11 09:34:00, 25.00, 25.21, 25.04, 36.96, 36.34, 0, 0, 4.25
2019/06/11 09:35:00, 25.00, 25.19, 25.04, 36.93, 36.36, 0, 0, 4.25
2019/06/11 09:36:00, 25.00, 25.18, 25.00, 37.08, 36.44, 0, 0, 4.25
2019/06/11 09:37:00, 25.00, 25.15, 24.98, 37.14, 36.49, 0, 0, 4.25
2019/06/11 09:38:00, 25.00, 25.18, 24.98, 37.17, 36.54, 0, 0, 4.25
2019/06/11 09:39:00, 25.00, 25.14, 24.96, 37.21, 36.58, 0, 0, 4.25
2019/06/11 09:40:00, 25.00, 25.14, 24.95, 37.29, 36.64, 0, 0, 4.25
2019/06/11 09:41:00, 25.00, 25.11, 24.95, 37.36, 36.69, 0, 0, 4.25
2019/06/11 09:42:00, 25.00, 25.11, 24.97, 37.25, 36.67, 0, 0, 4.25
2019/06/11 09:43:00, 25.00, 25.11, 24.95, 37.29, 36.64, 0, 0, 4.25
2019/06/11 09:44:00, 25.00, 25.11, 24.94, 37.35, 36.68, 0, 0, 4.25
2019/06/11 09:45:00, 25.00, 25.11, 24.90, 37.32, 36.68, 0, 0, 4.25
2019/06/11 09:46:00, 25.00, 25.09, 24.92, 37.34, 36.73, 0, 0, 4.25
2019/06/11 09:47:00, 25.00, 25.09, 24.92, 37.31, 36.70, 0, 0, 4.25
2019/06/11 09:48:00, 25.00, 25.06, 24.91, 37.35, 36.71, 0, 0, 4.25
2019/06/11 09:49:00, 25.00, 25.09, 24.91, 37.42, 36.77, 0, 0, 4.25
2019/06/11 09:50:00, 25.00, 25.09, 24.92, 37.36, 36.77, 0, 0, 4.25
2019/06/11 09:51:00, 25.00, 25.08, 24.92, 37.35, 36.75, 0, 0, 4.25
2019/06/11 09:52:00, 25.00, 25.08, 24.95, 37.37, 36.79, 0, 0, 4.25
2019/06/11 09:53:00, 25.00, 25.12, 24.92, 37.35, 36.73, 0, 0, 4.25
2019/06/11 09:54:00, 25.00, 25.09, 24.92, 37.45, 36.78, 0, 0, 4.25
2019/06/11 09:55:00, 25.00, 25.09, 24.92, 37.46, 36.84, 0, 0, 4.25
2019/06/11 09:56:00, 25.00, 25.09, 24.91, 37.47, 36.83, 0, 0, 4.25
2019/06/11 09:57:00, 25.00, 25.09, 24.90, 37.47, 36.85, 0, 0, 4.25
2019/06/11 09:58:00, 25.00, 25.11, 24.92, 37.46, 36.85, 0, 0, 4.25
2019/06/11 09:59:00, 25.00, 25.08, 24.92, 37.51, 36.89, 0, 0, 4.25
2019/06/11 10:00:00, 25.00, 25.06, 24.90, 37.51, 36.88, 0, 0, 4.25
2019/06/11 10:01:00, 25.00, 25.06, 24.89, 37.61, 36.91, 0, 0, 4.25
2019/06/11 10:02:00, 25.00, 25.04, 24.87, 37.57, 36.93, 0, 0, 4.25
2019/06/11 10:03:00, 25.00, 25.04, 24.85, 37.54, 36.96, 0, 0, 4.25
2019/06/11 10:04:00, 25.00, 25.02, 24.86, 37.60, 36.99, 0, 0, 4.25
2019/06/11 10:05:00, 25.00, 25.01, 24.85, 37.61, 36.99, 0, 0, 4.25
2019/06/11 10:06:00, 25.00, 25.00, 24.85, 37.64, 36.99, 0, 0, 4.25
2019/06/11 10:07:00, 25.00, 25.01, 24.84, 37.61, 37.00, 0, 0, 4.25
2019/06/11 10:08:00, 25.00, 25.01, 24.81, 37.61, 36.99, 0, 0, 4.25
2019/06/11 10:09:00, 25.00, 24.98, 24.83, 37.62, 37.02, 0, 0, 4.25
2019/06/11 10:10:00, 25.00, 25.00, 24.82, 37.63, 37.03, 0, 0, 4.25
2019/06/11 10:11:00, 25.00, 24.98, 24.81, 37.66, 37.02, 0, 0, 4.25
2019/06/11 10:12:00, 25.00, 25.00, 24.83, 37.74, 37.09, 0, 0, 4.25
2019/06/11 10:13:00, 25.00, 24.98, 24.81, 37.73, 37.09, 0, 0, 4.25
2019/06/11 10:14:00, 25.00, 24.98, 24.81, 37.76, 37.10, 0, 0, 4.25
2019/06/11 10:15:00, 25.00, 24.95, 24.82, 37.79, 37.14, 0, 0, 4.25
2019/06/11 10:16:00, 25.00, 24.97, 24.79, 37.79, 37.15, 0, 0, 4.25
2019/06/11 10:17:00, 25.00, 24.98, 24.79, 37.86, 37.19, 0, 0, 4.25
2019/06/11 10:18:00, 25.00, 24.95, 24.79, 37.87, 37.21, 0, 0, 4.25
2019/06/11 10:19:00, 25.00, 24.94, 24.78, 37.86, 37.23, 0, 0, 4.25
2019/06/11 10:20:00, 25.00, 24.93, 24.79, 37.92, 37.28, 0, 0, 4.25
2019/06/11 10:21:00, 25.00, 24.95, 24.77, 37.92, 37.29, 0, 0, 4.25
2019/06/11 10:22:00, 25.00, 24.89, 24.77, 37.91, 37.31, 0, 0, 4.25
2019/06/11 10:23:00, 25.00, 24.95, 24.79, 37.97, 37.34, 0, 0, 4.25
2019/06/11 10:24:00, 25.00, 24.93, 24.77, 37.90, 37.29, 0, 0, 4.25
2019/06/11 10:25:00, 25.00, 24.91, 24.76, 37.96, 37.31, 0, 0, 4.25
2019/06/11 10:26:00, 25.00, 24.91, 24.79, 37.86, 37.31, 0, 0, 4.25
2019/06/11 10:27:00, 25.00, 24.91, 24.75, 37.86, 37.27, 0, 0, 4.25
2019/06/11 10:28:00, 25.00, 24.91, 24.75, 37.93, 37.29, 0, 0, 4.25
2019/06/11 10:29:00, 25.00, 24.93, 24.74, 37.95, 37.29, 0, 0, 4.25
2019/06/11 10:30:00, 25.00, 24.91, 24.74, 37.85, 37.27, 0, 0, 4.25
2019/06/11 10:31:00, 25.00, 24.88, 24.74, 37.86, 37.28, 0, 0, 4.25
2019/06/11 10:32:00, 25.00, 24.89, 24.75, 37.88, 37.27, 0, 0, 4.25
2019/06/11 10:33:00, 25.00, 24.88, 24.72, 37.86, 37.27, 0, 0, 4.25
2019/06/11 10:34:00, 25.00, 24.88, 24.72, 37.89, 37.26, 0, 0, 4.25
2019/06/11 10:35:00, 25.00, 24.88, 24.72, 37.86, 37.25, 0, 0, 4.25
2019/06/11 10:36:00, 25.00, 24.88, 24.75, 37.84, 37.23, 0, 0, 4.25
2019/06/11 10:37:00, 25.00, 24.87, 24.70, 37.82, 37.22, 0, 0, 4.25
2019/06/11 10:38:00, 25.00, 24.87, 24.70, 37.82, 37.22, 0, 0, 4.25
2019/06/11 10:39:00, 25.00, 24.87, 24.70, 37.73, 37.17, 0, 0, 4.25
2019/06/11 10:40:00, 25.00, 24.87, 24.68, 37.80, 37.17, 0, 0, 4.25
2019/06/11 10:41:00, 25.00, 24.84, 24.69, 37.77, 37.19, 0, 0, 4.25
2019/06/11 10:42:00, 25.00, 24.84, 24.68, 37.78, 37.18, 0, 0, 4.25
2019/06/11 10:43:00, 25.00, 24.84, 24.69, 37.78, 37.15, 0, 0, 4.25
2019/06/11 10:44:00, 25.00, 24.85, 24.69, 37.79, 37.13, 0, 0, 4.25
2019/06/11 10:45:00, 25.00, 24.84, 24.68, 37.71, 37.12, 0, 0, 4.25
2019/06/11 10:46:00, 25.00, 24.84, 24.69, 37.66, 37.08, 0, 0, 4.25
2019/06/11 10:47:00, 25.00, 24.82, 24.66, 37.70, 37.06, 0, 0, 4.25
2019/06/11 10:48:00, 25.00, 24.84, 24.66, 37.76, 37.09, 0, 0, 4.25
2019/06/11 10:49:00, 25.00, 24.84, 24.68, 37.74, 37.10, 0, 0, 4.25
2019/06/11 10:50:00, 25.00, 24.82, 24.65, 37.67, 37.07, 0, 0, 4.25
2019/06/11 10:51:00, 25.00, 24.82, 24.66, 37.72, 37.06, 0, 0, 4.25
2019/06/11 10:52:00, 25.00, 24.81, 24.67, 37.70, 37.09, 0, 0, 4.25
2019/06/11 10:53:00, 25.00, 24.78, 24.66, 37.68, 37.07, 0, 0, 4.25
2019/06/11 10:54:00, 25.00, 24.81, 24.65, 37.70, 37.07, 0, 0, 4.25
2019/06/11 10:55:00, 25.00, 24.80, 24.64, 37.66, 37.04, 0, 0, 4.25
2019/06/11 10:56:00, 25.00, 24.81, 24.64, 37.68, 37.04, 0, 0, 4.25
2019/06/11 10:57:00, 25.00, 24.81, 24.62, 37.68, 37.06, 0, 0, 4.25
2019/06/11 10:58:00, 25.00, 24.81, 24.64, 37.70, 37.09, 0, 0, 4.25
2019/06/11 10:59:00, 25.00, 24.80, 24.64, 37.61, 37.04, 0, 0, 4.25
2019/06/11 11:00:00, 25.00, 24.80, 24.64, 37.56, 36.99, 0, 0, 4.25
2019/06/11 11:01:00, 25.00, 24.81, 24.62, 37.51, 36.90, 0, 0, 4.25
2019/06/11 11:02:00, 25.00, 24.77, 24.62, 37.44, 36.88, 0, 0, 4.25
2019/06/11 11:03:00, 25.00, 24.77, 24.61, 37.53, 36.88, 0, 0, 4.25
2019/06/11 11:04:00, 25.00, 24.77, 24.62, 37.57, 36.93, 0, 0, 4.25
2019/06/11 11:05:00, 25.00, 24.77, 24.58, 37.42, 36.85, 0, 0, 4.25
2019/06/11 11:06:00, 25.00, 24.77, 24.61, 37.41, 36.79, 0, 0, 4.25
2019/06/11 11:07:00, 25.00, 24.75, 24.58, 37.36, 36.76, 0, 0, 4.25
2019/06/11 11:08:00, 25.00, 24.80, 24.58, 37.26, 36.72, 0, 0, 4.25
2019/06/11 11:09:00, 25.00, 24.74, 24.60, 37.30, 36.70, 0, 0, 4.25
2019/06/11 11:10:00, 25.00, 24.74, 24.60, 37.25, 36.68, 0, 0, 4.25
2019/06/11 11:11:00, 25.00, 24.74, 24.58, 37.18, 36.64, 0, 0, 4.25
2019/06/11 11:12:00, 25.00, 24.77, 24.58, 37.21, 36.65, 0, 0, 4.25
2019/06/11 11:13:00, 25.00, 24.75, 24.58, 37.21, 36.64, 0, 0, 4.25
2019/06/11 11:14:00, 25.00, 24.75, 24.58, 37.14, 36.56, 0, 0, 4.25
2019/06/11 11:15:00, 25.00, 24.75, 24.58, 37.17, 36.57, 0, 0, 4.25
2019/06/11 11:16:00, 25.00, 24.75, 24.57, 37.11, 36.54, 0, 0, 4.25
2019/06/11 11:17:00, 25.00, 24.77, 24.57, 37.09, 36.47, 0, 0, 4.25
2019/06/11 11:18:00, 25.00, 24.74, 24.58, 37.06, 36.50, 0, 0, 4.25
2019/06/11 11:19:00, 25.00, 24.74, 24.60, 37.10, 36.51, 0, 0, 4.25
2019/06/11 11:20:00, 25.00, 24.75, 24.58, 37.07, 36.48, 0, 0, 4.25
2019/06/11 11:21:00, 25.00, 24.75, 24.58, 37.08, 36.48, 0, 0, 4.25
2019/06/11 11:22:00, 25.00, 24.74, 24.58, 36.99, 36.43, 0, 0, 4.25
2019/06/11 11:23:00, 25.00, 24.74, 24.58, 37.03, 36.42, 0, 0, 4.25
2019/06/11 11:24:00, 25.00, 24.74, 24.57, 36.98, 36.41, 0, 0, 4.25
2019/06/11 11:25:00, 25.00, 24.74, 24.58, 37.01, 36.42, 0, 0, 4.25
2019/06/11 11:26:00, 25.00, 24.71, 24.57, 37.05, 36.38, 0, 0, 4.25
2019/06/11 11:27:00, 25.00, 24.74, 24.58, 37.03, 36.39, 0, 0, 4.25
2019/06/11 11:28:00, 25.00, 24.75, 24.55, 36.99, 36.40, 0, 0, 4.25
2019/06/11 11:29:00, 25.00, 24.71, 24.55, 36.87, 36.36, 0, 0, 4.25
2019/06/11 11:30:00, 25.00, 24.73, 24.57, 36.91, 36.33, 0, 0, 4.25
2019/06/11 11:31:00, 25.00, 24.74, 24.56, 36.86, 36.28, 0, 0, 4.25
2019/06/11 11:32:00, 24.75, 24.70, 24.55, 36.84, 36.25, 0, 0, 4.25
2019/06/11 11:33:00, 24.75, 24.71, 24.55, 36.86, 36.27, 0, 0, 4.25
2019/06/11 11:34:00, 25.00, 24.69, 24.52, 36.82, 36.23, 0, 0, 4.25
2019/06/11 11:35:00, 24.75, 24.69, 24.52, 36.86, 36.25, 0, 0, 4.25
2019/06/11 11:36:00, 25.00, 24.69, 24.51, 36.84, 36.25, 0, 0, 4.25
2019/06/11 11:37:00, 25.00, 24.69, 24.51, 36.91, 36.32, 0, 0, 4.25
2019/06/11 11:38:00, 25.00, 24.69, 24.53, 36.92, 36.32, 0, 0, 4.25
2019/06/11 11:39:00, 25.00, 24.69, 24.52, 36.92, 36.33, 0, 0, 4.25
2019/06/11 11:40:00, 24.75, 24.70, 24.51, 36.94, 36.35, 0, 0, 4.25
2019/06/11 11:41:00, 24.75, 24.70, 24.52, 36.91, 36.33, 0, 0, 4.25
2019/06/11 11:42:00, 24.75, 24.70, 24.52, 36.98, 36.35, 0, 0, 4.25
2019/06/11 11:43:00, 24.75, 24.73, 24.51, 36.98, 36.36, 0, 0, 4.25
2019/06/11 11:44:00, 24.75, 24.71, 24.54, 36.95, 36.38, 0, 0, 4.25
2019/06/11 11:45:00, 24.75, 24.69, 24.53, 36.95, 36.37, 0, 0, 4.25
2019/06/11 11:46:00, 24.75, 24.70, 24.53, 36.93, 36.33, 0, 0, 4.25
2019/06/11 11:47:00, 24.75, 24.67, 24.50, 36.92, 36.33, 0, 0, 4.25
2019/06/11 11:48:00, 24.75, 24.67, 24.51, 36.92, 36.32, 0, 0, 4.25
2019/06/11 11:49:00, 24.75, 24.70, 24.50, 36.96, 36.35, 0, 0, 4.25
2019/06/11 11:50:00, 24.75, 24.66, 24.49, 37.00, 36.38, 0, 0, 4.25
2019/06/11 11:51:00, 24.75, 24.66, 24.48, 36.98, 36.37, 0, 0, 4.25
2019/06/11 11:52:00, 24.75, 24.64, 24.47, 36.97, 36.36, 0, 0, 4.25
2019/06/11 11:53:00, 24.75, 24.64, 24.47, 36.97, 36.38, 0, 0, 4.25
2019/06/11 11:54:00, 24.75, 24.64, 24.46, 36.97, 36.39, 0, 0, 4.25
2019/06/11 11:55:00, 24.75, 24.61, 24.46, 37.01, 36.42, 0, 0, 4.25
2019/06/11 11:56:00, 24.75, 24.60, 24.43, 37.03, 36.41, 0, 0, 4.25
2019/06/11 11:57:00, 24.75, 24.61, 24.43, 36.99, 36.44, 0, 0, 4.25
2019/06/11 11:58:00, 24.75, 24.61, 24.42, 37.02, 36.43, 0, 0, 4.25
2019/06/11 11:59:00, 24.75, 24.59, 24.43, 37.02, 36.44, 0, 0, 4.25
2019/06/11 12:00:00, 24.75, 24.63, 24.43, 37.13, 36.51, 0, 0, 4.25
2019/06/11 12:01:00, 24.75, 24.63, 24.42, 37.12, 36.55, 0, 0, 4.25
2019/06/11 12:02:00, 24.75, 24.60, 24.41, 37.17, 36.55, 0, 0, 4.25
2019/06/11 12:03:00, 24.75, 24.59, 24.41, 37.22, 36.59, 0, 0, 4.25
2019/06/11 12:04:00, 24.75, 24.57, 24.41, 37.25, 36.67, 0, 0, 4.25
2019/06/11 12:05:00, 24.75, 24.61, 24.42, 37.29, 36.70, 0, 0, 4.25
2019/06/11 12:06:00, 24.75, 24.60, 24.43, 37.30, 36.70, 0, 0, 4.25
2019/06/11 12:07:00, 24.75, 24.61, 24.43, 37.31, 36.73, 0, 0, 4.25
2019/06/11 12:08:00, 24.75, 24.59, 24.42, 37.36, 36.76, 0, 0, 4.25
2019/06/11 12:09:00, 24.75, 24.59, 24.41, 37.37, 36.79, 0, 0, 4.25
2019/06/11 12:10:00, 24.75, 24.57, 24.40, 37.40, 36.84, 0, 0, 4.25
2019/06/11 12:11:00, 24.75, 24.59, 24.40, 37.50, 36.86, 0, 0, 4.25
2019/06/11 12:12:00, 24.75, 24.57, 24.42, 37.55, 36.93, 0, 0, 4.25
2019/06/11 12:13:00, 24.75, 24.56, 24.39, 37.52, 36.95, 0, 0, 4.25
2019/06/11 12:14:00, 24.75, 24.57, 24.40, 37.58, 37.00, 0, 0, 4.25
2019/06/11 12:15:00, 24.75, 24.57, 24.39, 37.59, 37.01, 0, 0, 4.25
2019/06/11 12:16:00, 24.75, 24.56, 24.39, 37.59, 37.04, 0, 0, 4.25
2019/06/11 12:17:00, 24.75, 24.56, 24.37, 37.68, 37.05, 0, 0, 4.25
2019/06/11 12:18:00, 24.75, 24.56, 24.37, 37.68, 37.06, 0, 0, 4.25
2019/06/11 12:19:00, 24.75, 24.56, 24.36, 37.67, 37.09, 0, 0, 4.25
2019/06/11 12:20:00, 24.75, 24.53, 24.37, 37.76, 37.12, 0, 0, 4.25
2019/06/11 12:21:00, 24.75, 24.54, 24.39, 37.72, 37.17, 0, 0, 4.25
2019/06/11 12:22:00, 24.75, 24.56, 24.38, 37.75, 37.15, 0, 0, 4.25
2019/06/11 12:23:00, 24.75, 24.54, 24.37, 37.72, 37.17, 0, 0, 4.25
2019/06/11 12:24:00, 24.75, 24.52, 24.37, 37.80, 37.17, 0, 0, 4.25
2019/06/11 12:25:00, 24.75, 24.53, 24.35, 37.75, 37.16, 0, 0, 4.25
2019/06/11 12:26:00, 24.75, 24.52, 24.35, 37.84, 37.22, 0, 0, 4.25
2019/06/11 12:27:00, 24.75, 24.53, 24.34, 37.81, 37.22, 0, 0, 4.25
2019/06/11 12:28:00, 24.75, 24.50, 24.34, 37.82, 37.23, 0, 0, 4.25
2019/06/11 12:29:00, 24.75, 24.54, 24.34, 37.87, 37.25, 0, 0, 4.25
2019/06/11 12:30:00, 24.75, 24.53, 24.35, 37.92, 37.28, 0, 0, 4.25
2019/06/11 12:31:00, 24.75, 24.54, 24.35, 37.87, 37.28, 0, 0, 4.25
2019/06/11 12:32:00, 24.75, 24.53, 24.33, 37.91, 37.28, 0, 0, 4.25
2019/06/11 12:33:00, 24.75, 24.52, 24.36, 37.95, 37.35, 0, 0, 4.25
2019/06/11 12:34:00, 24.75, 24.54, 24.36, 37.88, 37.31, 0, 0, 4.25
2019/06/11 12:35:00, 24.75, 24.53, 24.34, 37.93, 37.33, 0, 0, 4.25
2019/06/11 12:36:00, 24.75, 24.54, 24.37, 38.05, 37.39, 0, 0, 4.25
2019/06/11 12:37:00, 24.75, 24.52, 24.34, 38.04, 37.43, 0, 0, 4.25
2019/06/11 12:38:00, 24.75, 24.50, 24.33, 38.01, 37.39, 0, 0, 4.25
2019/06/11 12:39:00, 24.75, 24.50, 24.32, 38.02, 37.41, 0, 0, 4.25
2019/06/11 12:40:00, 24.75, 24.50, 24.33, 37.98, 37.43, 0, 0, 4.25
2019/06/11 12:41:00, 24.75, 24.52, 24.34, 38.03, 37.44, 0, 0, 4.25
2019/06/11 12:42:00, 24.75, 24.52, 24.32, 38.01, 37.47, 0, 0, 4.25
2019/06/11 12:43:00, 24.75, 24.53, 24.34, 38.11, 37.47, 0, 0, 4.25
2019/06/11 12:44:00, 24.75, 24.53, 24.35, 38.11, 37.51, 0, 0, 4.25
2019/06/11 12:45:00, 24.75, 24.52, 24.33, 38.05, 37.51, 0, 0, 4.25
2019/06/11 12:46:00, 24.75, 24.54, 24.34, 38.17, 37.51, 0, 0, 4.25
2019/06/11 12:47:00, 24.75, 24.53, 24.34, 38.13, 37.54, 0, 0, 4.25
2019/06/11 12:48:00, 24.75, 24.53, 24.35, 38.17, 37.54, 0, 0, 4.25
2019/06/11 12:49:00, 24.75, 24.53, 24.35, 38.20, 37.57, 0, 0, 4.25
2019/06/11 12:50:00, 24.75, 24.54, 24.39, 38.22, 37.57, 0, 0, 4.25
2019/06/11 12:51:00, 24.75, 24.59, 24.36, 38.15, 37.56, 0, 0, 4.25
2019/06/11 12:52:00, 24.75, 24.54, 24.36, 38.16, 37.56, 0, 0, 4.25
2019/06/11 12:53:00, 24.75, 24.57, 24.36, 38.15, 37.56, 0, 0, 4.25
2019/06/11 12:54:00, 24.75, 24.54, 24.39, 38.14, 37.57, 0, 0, 4.25
2019/06/11 12:55:00, 24.75, 24.56, 24.40, 38.19, 37.54, 0, 0, 4.25
2019/06/11 12:56:00, 24.75, 24.57, 24.39, 38.19, 37.57, 0, 0, 4.25
2019/06/11 12:57:00, 24.75, 24.57, 24.39, 38.27, 37.64, 0, 0, 4.25
2019/06/11 12:58:00, 24.75, 24.59, 24.40, 38.23, 37.64, 0, 0, 4.25
2019/06/11 12:59:00, 24.75, 24.57, 24.38, 38.17, 37.62, 0, 0, 4.25
2019/06/11 13:00:00, 24.75, 24.57, 24.40, 38.24, 37.64, 0, 0, 4.25
2019/06/11 13:01:00, 24.75, 24.60, 24.40, 38.25, 37.64, 0, 0, 4.25
2019/06/11 13:02:00, 24.75, 24.59, 24.40, 38.30, 37.66, 0, 0, 4.25
2019/06/11 13:03:00, 24.75, 24.59, 24.40, 38.17, 37.58, 0, 0, 4.25
2019/06/11 13:04:00, 24.75, 24.60, 24.41, 38.18, 37.59, 0, 0, 4.25
2019/06/11 13:05:00, 24.75, 24.59, 24.41, 38.15, 37.60, 0, 0, 4.25
2019/06/11 13:06:00, 24.75, 24.59, 24.40, 38.18, 37.58, 0, 0, 4.25
2019/06/11 13:07:00, 24.75, 24.59, 24.41, 38.12, 37.56, 0, 0, 4.25
2019/06/11 13:08:00, 24.75, 24.59, 24.39, 38.10, 37.50, 0, 0, 4.25
2019/06/11 13:09:00, 24.75, 24.59, 24.39, 38.03, 37.47, 0, 0, 4.25
2019/06/11 13:10:00, 24.75, 24.60, 24.37, 38.03, 37.44, 0, 0, 4.25
2019/06/11 13:11:00, 24.75, 24.56, 24.37, 38.01, 37.43, 0, 0, 4.25
2019/06/11 13:12:00, 24.75, 24.53, 24.39, 37.98, 37.41, 0, 0, 4.25
2019/06/11 13:13:00, 24.75, 24.56, 24.38, 38.03, 37.41, 0, 0, 4.25
2019/06/11 13:14:00, 24.75, 24.57, 24.40, 38.03, 37.39, 0, 0, 4.25
2019/06/11 13:15:00, 24.75, 24.57, 24.39, 37.92, 37.37, 0, 0, 4.25
2019/06/11 13:16:00, 24.75, 24.56, 24.38, 37.91, 37.32, 0, 0, 4.25
2019/06/11 13:17:00, 24.75, 24.57, 24.39, 37.96, 37.35, 0, 0, 4.25
2019/06/11 13:18:00, 24.75, 24.57, 24.40, 37.97, 37.38, 0, 0, 4.25
2019/06/11 13:19:00, 24.75, 24.61, 24.39, 37.94, 37.38, 0, 0, 4.25
2019/06/11 13:20:00, 24.75, 24.56, 24.40, 37.96, 37.38, 0, 0, 4.25
2019/06/11 13:21:00, 24.75, 24.57, 24.41, 37.98, 37.41, 0, 0, 4.25
2019/06/11 13:22:00, 24.75, 24.59, 24.41, 38.02, 37.43, 0, 0, 4.25
2019/06/11 13:23:00, 24.75, 24.59, 24.40, 37.98, 37.39, 0, 0, 4.25
2019/06/11 13:24:00, 24.75, 24.60, 24.39, 38.02, 37.40, 0, 0, 4.25
2019/06/11 13:25:00, 24.75, 24.57, 24.40, 37.95, 37.37, 0, 0, 4.25
2019/06/11 13:26:00, 24.75, 24.57, 24.41, 37.99, 37.40, 0, 0, 4.25
2019/06/11 13:27:00, 24.75, 24.57, 24.40, 38.02, 37.42, 0, 0, 4.25
2019/06/11 13:28:00, 24.75, 24.59, 24.40, 37.97, 37.40, 0, 0, 4.25
2019/06/11 13:29:00, 24.75, 24.59, 24.39, 37.92, 37.34, 0, 0, 4.25
2019/06/11 13:30:00, 24.75, 24.56, 24.37, 37.99, 37.36, 0, 0, 4.25
2019/06/11 13:31:00, 24.75, 24.59, 24.38, 37.95, 37.35, 0, 0, 4.25
2019/06/11 13:32:00, 24.75, 24.57, 24.39, 37.91, 37.31, 0, 0, 4.25
2019/06/11 13:33:00, 24.75, 24.54, 24.39, 37.91, 37.29, 0, 0, 4.25
2019/06/11 13:34:00, 24.75, 24.59, 24.38, 37.84, 37.27, 0, 0, 4.25
2019/06/11 13:35:00, 24.75, 24.59, 24.35, 37.86, 37.23, 0, 0, 4.25
2019/06/11 13:36:00, 24.75, 24.56, 24.39, 37.77, 37.23, 0, 0, 4.25
2019/06/11 13:37:00, 24.75, 24.57, 24.38, 37.84, 37.24, 0, 0, 4.25
2019/06/11 13:38:00, 24.75, 24.57, 24.38, 37.79, 37.24, 0, 0, 4.25
2019/06/11 13:39:00, 24.75, 24.56, 24.39, 37.71, 37.16, 0, 0, 4.25
2019/06/11 13:40:00, 24.75, 24.56, 24.39, 37.78, 37.18, 0, 0, 4.25
2019/06/11 13:41:00, 24.75, 24.59, 24.40, 37.81, 37.24, 0, 0, 4.25
2019/06/11 13:42:00, 24.75, 24.60, 24.39, 37.74, 37.17, 0, 0, 4.25
2019/06/11 13:43:00, 24.75, 24.59, 24.38, 37.74, 37.17, 0, 0, 4.25
2019/06/11 13:44:00, 24.75, 24.56, 24.39, 37.73, 37.14, 0, 0, 4.25
2019/06/11 13:45:00, 24.75, 24.57, 24.40, 37.68, 37.11, 0, 0, 4.25
2019/06/11 13:46:00, 24.75, 24.57, 24.39, 37.67, 37.09, 0, 0, 4.25
2019/06/11 13:47:00, 24.75, 24.59, 24.38, 37.60, 37.07, 0, 0, 4.25
2019/06/11 13:48:00, 24.75, 24.59, 24.40, 37.62, 37.05, 0, 0, 4.25
2019/06/11 13:49:00, 24.75, 24.57, 24.40, 37.58, 37.02, 0, 0, 4.25
2019/06/11 13:50:00, 24.75, 24.57, 24.41, 37.64, 37.02, 0, 0, 4.25
2019/06/11 13:51:00, 24.75, 24.57, 24.40, 37.63, 37.02, 0, 0, 4.25
2019/06/11 13:52:00, 24.75, 24.59, 24.40, 37.55, 36.99, 0, 0, 4.25
2019/06/11 13:53:00, 24.75, 24.63, 24.41, 37.54, 36.93, 0, 0, 4.25
2019/06/11 13:54:00, 24.75, 24.60, 24.40, 37.51, 36.95, 0, 0, 4.25
2019/06/11 13:55:00, 24.75, 24.60, 24.41, 37.57, 36.98, 0, 0, 4.25
2019/06/11 13:56:00, 24.75, 24.60, 24.42, 37.57, 37.01, 0, 0, 4.25
2019/06/11 13:57:00, 24.75, 24.63, 24.43, 37.58, 36.99, 0, 0, 4.25
2019/06/11 13:58:00, 24.75, 24.60, 24.42, 37.55, 36.99, 0, 0, 4.25
2019/06/11 13:59:00, 24.75, 24.60, 24.45, 37.61, 37.02, 0, 0, 4.25
2019/06/11 14:00:00, 24.75, 24.63, 24.43, 37.58, 36.99, 0, 0, 4.25
2019/06/11 14:01:00, 24.75, 24.60, 24.46, 37.56, 36.96, 0, 0, 4.25
2019/06/11 14:02:00, 24.75, 24.61, 24.46, 37.58, 37.01, 0, 0, 4.25
2019/06/11 14:03:00, 24.75, 24.61, 24.45, 37.56, 36.97, 0, 0, 4.25
2019/06/11 14:04:00, 24.75, 24.61, 24.43, 37.58, 36.98, 0, 0, 4.25
2019/06/11 14:05:00, 24.75, 24.61, 24.46, 37.54, 36.96, 0, 0, 4.25
2019/06/11 14:06:00, 24.75, 24.63, 24.43, 37.49, 36.92, 0, 0, 4.25
2019/06/11 14:07:00, 24.75, 24.63, 24.46, 37.44, 36.86, 0, 0, 4.25
2019/06/11 14:08:00, 24.75, 24.64, 24.46, 37.39, 36.83, 0, 0, 4.25
2019/06/11 14:09:00, 24.75, 24.60, 24.43, 37.42, 36.83, 0, 0, 4.25
2019/06/11 14:10:00, 24.75, 24.61, 24.45, 37.45, 36.85, 0, 0, 4.25
2019/06/11 14:11:00, 24.75, 24.63, 24.46, 37.42, 36.84, 0, 0, 4.25
2019/06/11 14:12:00, 24.75, 24.61, 24.46, 37.44, 36.85, 0, 0, 4.25
2019/06/11 14:13:00, 24.75, 24.64, 24.46, 37.32, 36.81, 0, 0, 4.25
2019/06/11 14:14:00, 24.75, 24.63, 24.46, 37.29, 36.73, 0, 0, 4.25
2019/06/11 14:15:00, 24.75, 24.61, 24.46, 37.33, 36.77, 0, 0, 4.25
2019/06/11 14:16:00, 24.75, 24.61, 24.46, 37.30, 36.73, 0, 0, 4.25
2019/06/11 14:17:00, 24.75, 24.63, 24.46, 37.25, 36.67, 0, 0, 4.25
2019/06/11 14:18:00, 24.75, 24.66, 24.46, 37.22, 36.64, 0, 0, 4.25
2019/06/11 14:19:00, 24.75, 24.63, 24.42, 37.25, 36.68, 0, 0, 4.25
2019/06/11 14:20:00, 24.75, 24.64, 24.45, 37.22, 36.64, 0, 0, 4.25
2019/06/11 14:21:00, 24.75, 24.63, 24.45, 37.26, 36.66, 0, 0, 4.25
2019/06/11 14:22:00, 24.75, 24.64, 24.43, 37.20, 36.62, 0, 0, 4.25
2019/06/11 14:23:00, 24.75, 24.64, 24.46, 37.17, 36.60, 0, 0, 4.25
2019/06/11 14:24:00, 24.75, 24.63, 24.46, 37.11, 36.55, 0, 0, 4.25
2019/06/11 14:25:00, 24.75, 24.64, 24.46, 37.17, 36.55, 0, 0, 4.25
2019/06/11 14:26:00, 24.75, 24.63, 24.47, 37.10, 36.53, 0, 0, 4.25
2019/06/11 14:27:00, 24.75, 24.64, 24.47, 37.09, 36.51, 0, 0, 4.25
2019/06/11 14:28:00, 24.75, 24.61, 24.43, 37.06, 36.50, 0, 0, 4.25
2019/06/11 14:29:00, 24.75, 24.60, 24.46, 37.05, 36.48, 0, 0, 4.25
2019/06/11 14:30:00, 24.75, 24.61, 24.45, 37.01, 36.44, 0, 0, 4.25
2019/06/11 14:31:00, 24.75, 24.61, 24.43, 37.03, 36.44, 0, 0, 4.25
2019/06/11 14:32:00, 24.75, 24.60, 24.42, 37.02, 36.44, 0, 0, 4.25
2019/06/11 14:33:00, 24.75, 24.61, 24.41, 36.99, 36.41, 0, 0, 4.25
2019/06/11 14:34:00, 24.75, 24.60, 24.43, 36.97, 36.39, 0, 0, 4.25
2019/06/11 14:35:00, 24.75, 24.59, 24.41, 36.92, 36.36, 0, 0, 4.25
2019/06/11 14:36:00, 24.75, 24.60, 24.43, 36.90, 36.33, 0, 0, 4.25
2019/06/11 14:37:00, 24.75, 24.59, 24.42, 36.90, 36.35, 0, 0, 4.25
2019/06/11 14:38:00, 24.75, 24.59, 24.39, 36.96, 36.38, 0, 0, 4.25
2019/06/11 14:39:00, 24.75, 24.60, 24.39, 36.95, 36.37, 0, 0, 4.25
2019/06/11 14:40:00, 24.75, 24.56, 24.40, 36.96, 36.37, 0, 0, 4.25
2019/06/11 14:41:00, 24.75, 24.59, 24.43, 36.96, 36.41, 0, 0, 4.25
2019/06/11 14:42:00, 24.75, 24.59, 24.40, 36.94, 36.35, 0, 0, 4.25
2019/06/11 14:43:00, 24.75, 24.59, 24.39, 36.99, 36.37, 0, 0, 4.25
2019/06/11 14:44:00, 24.75, 24.56, 24.39, 37.02, 36.41, 0, 0, 4.25
2019/06/11 14:45:00, 24.75, 24.57, 24.40, 36.99, 36.38, 0, 0, 4.25
2019/06/11 14:46:00, 24.75, 24.57, 24.38, 36.95, 36.38, 0, 0, 4.25
2019/06/11 14:47:00, 24.75, 24.57, 24.37, 36.98, 36.38, 0, 0, 4.25
2019/06/11 14:48:00, 24.75, 24.57, 24.38, 36.98, 36.37, 0, 0, 4.25
2019/06/11 14:49:00, 24.75, 24.57, 24.38, 37.03, 36.44, 0, 0, 4.25
2019/06/11 14:50:00, 24.75, 24.56, 24.41, 37.07, 36.46, 0, 0, 4.25
2019/06/11 14:51:00, 24.75, 24.57, 24.40, 37.19, 36.59, 0, 0, 4.25
2019/06/11 14:52:00, 24.75, 24.60, 24.40, 37.24, 36.62, 0, 0, 4.25
2019/06/11 14:53:00, 24.75, 24.60, 24.42, 37.20, 36.64, 0, 0, 4.25
2019/06/11 14:54:00, 24.75, 24.57, 24.43, 37.22, 36.64, 0, 0, 4.25
2019/06/11 14:55:00, 24.75, 24.60, 24.42, 37.11, 36.64, 0, 0, 4.25
2019/06/11 14:56:00, 24.75, 24.59, 24.42, 37.13, 36.57, 0, 0, 4.25
2019/06/11 14:57:00, 24.75, 24.60, 24.40, 37.09, 36.51, 0, 0, 4.25
2019/06/11 14:58:00, 24.75, 24.60, 24.42, 37.07, 36.50, 0, 0, 4.25
2019/06/11 14:59:00, 24.75, 24.59, 24.40, 37.07, 36.45, 0, 0, 4.25
2019/06/11 15:00:00, 24.75, 24.59, 24.41, 37.02, 36.46, 0, 0, 4.25
2019/06/11 15:01:00, 24.75, 24.59, 24.40, 36.99, 36.44, 0, 0, 4.25
2019/06/11 15:02:00, 24.75, 24.57, 24.40, 36.92, 36.37, 0, 0, 4.25
2019/06/11 15:03:00, 24.75, 24.59, 24.40, 36.85, 36.33, 0, 0, 4.25
2019/06/11 15:04:00, 24.75, 24.59, 24.40, 36.83, 36.31, 0, 0, 4.25
2019/06/11 15:05:00, 24.75, 24.56, 24.40, 36.81, 36.26, 0, 0, 4.25
2019/06/11 15:06:00, 24.75, 24.57, 24.40, 36.78, 36.21, 0, 0, 4.25
2019/06/11 15:07:00, 24.75, 24.56, 24.39, 36.68, 36.16, 0, 0, 4.25
2019/06/11 15:08:00, 24.75, 24.56, 24.37, 36.72, 36.12, 0, 0, 4.25
2019/06/11 15:09:00, 24.75, 24.56, 24.39, 36.72, 36.12, 0, 0, 4.25
2019/06/11 15:10:00, 24.75, 24.56, 24.38, 36.64, 36.08, 0, 0, 4.25
2019/06/11 15:11:00, 24.75, 24.57, 24.38, 36.66, 36.06, 0, 0, 4.25
2019/06/11 15:12:00, 24.75, 24.57, 24.37, 36.63, 36.08, 0, 0, 4.25
2019/06/11 15:13:00, 24.75, 24.57, 24.39, 36.62, 36.07, 0, 0, 4.25
2019/06/11 15:14:00, 24.75, 24.57, 24.41, 36.58, 36.03, 0, 0, 4.25
2019/06/11 15:15:00, 24.75, 24.59, 24.40, 36.56, 35.99, 0, 0, 4.25
2019/06/11 15:16:00, 24.75, 24.59, 24.43, 36.54, 35.96, 0, 0, 4.25
2019/06/11 15:17:00, 24.75, 24.59, 24.38, 36.50, 35.92, 0, 0, 4.25
2019/06/11 15:18:00, 24.75, 24.59, 24.43, 36.46, 35.91, 0, 0, 4.25
2019/06/11 15:19:00, 24.75, 24.59, 24.41, 36.42, 35.87, 0, 0, 4.25
2019/06/11 15:20:00, 24.75, 24.61, 24.42, 36.41, 35.84, 0, 0, 4.25
2019/06/11 15:21:00, 24.75, 24.60, 24.39, 36.41, 35.83, 0, 0, 4.25
2019/06/11 15:22:00, 24.75, 24.59, 24.40, 36.41, 35.84, 0, 0, 4.25
2019/06/11 15:23:00, 24.75, 24.60, 24.41, 36.44, 35.82, 0, 0, 4.25
2019/06/11 15:24:00, 24.75, 24.60, 24.42, 36.40, 35.80, 0, 0, 4.25
2019/06/11 15:25:00, 24.75, 24.61, 24.43, 36.42, 35.78, 0, 0, 4.25
2019/06/11 15:26:00, 24.75, 24.61, 24.42, 36.36, 35.80, 0, 0, 4.25
2019/06/11 15:27:00, 24.75, 24.61, 24.46, 36.34, 35.78, 0, 0, 4.25
2019/06/11 15:28:00, 24.75, 24.60, 24.42, 36.33, 35.77, 0, 0, 4.25
2019/06/11 15:29:00, 24.75, 24.61, 24.42, 36.33, 35.76, 0, 0, 4.25
2019/06/11 15:30:00, 24.75, 24.61, 24.43, 36.28, 35.74, 0, 0, 4.25
2019/06/11 15:31:00, 24.75, 24.63, 24.43, 36.34, 35.74, 0, 0, 4.25
2019/06/11 15:32:00, 24.75, 24.60, 24.43, 36.27, 35.71, 0, 0, 4.25
2019/06/11 15:33:00, 24.75, 24.61, 24.43, 36.28, 35.68, 0, 0, 4.25
2019/06/11 15:34:00, 24.75, 24.60, 24.41, 36.26, 35.69, 0, 0, 4.25
2019/06/11 15:35:00, 24.75, 24.60, 24.43, 36.22, 35.65, 0, 0, 4.25
2019/06/11 15:36:00, 24.75, 24.63, 24.43, 36.23, 35.62, 0, 0, 4.25
2019/06/11 15:37:00, 24.75, 24.61, 24.43, 36.23, 35.64, 0, 0, 4.25
2019/06/11 15:38:00, 24.75, 24.63, 24.42, 36.22, 35.64, 0, 0, 4.25
2019/06/11 15:39:00, 24.75, 24.61, 24.43, 36.16, 35.61, 0, 0, 4.25
2019/06/11 15:40:00, 24.75, 24.63, 24.45, 36.10, 35.56, 0, 0, 4.25
2019/06/11 15:41:00, 24.75, 24.61, 24.43, 36.09, 35.53, 0, 0, 4.25
2019/06/11 15:42:00, 24.75, 24.61, 24.45, 36.14, 35.53, 0, 0, 4.25
2019/06/11 15:43:00, 24.75, 24.61, 24.42, 36.10, 35.53, 0, 0, 4.25
2019/06/11 15:44:00, 24.75, 24.63, 24.42, 36.09, 35.52, 0, 0, 4.25
2019/06/11 15:45:00, 24.75, 24.61, 24.42, 36.07, 35.50, 0, 0, 4.25
2019/06/11 15:46:00, 24.75, 24.63, 24.43, 36.11, 35.50, 0, 0, 4.25
2019/06/11 15:47:00, 24.75, 24.63, 24.43, 36.05, 35.48, 0, 0, 4.25
2019/06/11 15:48:00, 24.75, 24.61, 24.45, 36.03, 35.44, 0, 0, 4.25
2019/06/11 15:49:00, 24.75, 24.63, 24.43, 35.98, 35.42, 0, 0, 4.25
2019/06/11 15:50:00, 24.75, 24.64, 24.45, 35.98, 35.41, 0, 0, 4.25
2019/06/11 15:51:00, 24.75, 24.61, 24.43, 35.95, 35.37, 0, 0, 4.25
2019/06/11 15:52:00, 24.75, 24.63, 24.42, 35.89, 35.35, 0, 0, 4.25
2019/06/11 15:53:00, 24.75, 24.60, 24.45, 35.89, 35.35, 0, 0, 4.25
2019/06/11 15:54:00, 24.75, 24.61, 24.43, 35.95, 35.34, 0, 0, 4.25
2019/06/11 15:55:00, 24.75, 24.61, 24.41, 35.94, 35.38, 0, 0, 4.25
2019/06/11 15:56:00, 24.75, 24.63, 24.43, 35.90, 35.35, 0, 0, 4.25
2019/06/11 15:57:00, 24.75, 24.61, 24.41, 35.86, 35.30, 0, 0, 4.25
2019/06/11 15:58:00, 24.75, 24.60, 24.43, 35.88, 35.28, 0, 0, 4.25
2019/06/11 15:59:00, 24.75, 24.61, 24.42, 35.87, 35.32, 0, 0, 4.25
2019/06/11 16:00:00, 24.75, 24.63, 24.42, 35.86, 35.29, 0, 0, 4.25
2019/06/11 16:01:00, 24.75, 24.60, 24.41, 35.83, 35.26, 0, 0, 4.25
2019/06/11 16:02:00, 24.75, 24.61, 24.43, 35.82, 35.24, 0, 0, 4.25
2019/06/11 16:03:00, 24.75, 24.63, 24.41, 35.78, 35.19, 0, 0, 4.25
2019/06/11 16:04:00, 24.75, 24.61, 24.42, 35.78, 35.22, 0, 0, 4.25
2019/06/11 16:05:00, 24.75, 24.60, 24.42, 35.77, 35.22, 0, 0, 4.25
2019/06/11 16:06:00, 24.75, 24.60, 24.43, 35.77, 35.19, 0, 0, 4.25
2019/06/11 16:07:00, 24.75, 24.60, 24.40, 35.77, 35.20, 0, 0, 4.25
2019/06/11 16:08:00, 24.75, 24.59, 24.43, 35.73, 35.17, 0, 0, 4.25
2019/06/11 16:09:00, 24.75, 24.59, 24.42, 35.79, 35.19, 0, 0, 4.25
2019/06/11 16:10:00, 24.75, 24.60, 24.42, 35.70, 35.17, 0, 0, 4.25
2019/06/11 16:11:00, 24.75, 24.60, 24.41, 35.78, 35.19, 0, 0, 4.25
2019/06/11 16:12:00, 24.75, 24.60, 24.43, 35.79, 35.19, 0, 0, 4.25
2019/06/11 16:13:00, 24.75, 24.60, 24.43, 35.76, 35.19, 0, 0, 4.25
2019/06/11 16:14:00, 24.75, 24.60, 24.39, 35.78, 35.21, 0, 0, 4.25
2019/06/11 16:15:00, 24.75, 24.61, 24.41, 35.80, 35.20, 0, 0, 4.25
2019/06/11 16:16:00, 24.75, 24.57, 24.43, 35.72, 35.17, 0, 0, 4.25
2019/06/11 16:17:00, 24.75, 24.57, 24.38, 35.79, 35.18, 0, 0, 4.25
2019/06/11 16:18:00, 24.75, 24.60, 24.41, 35.78, 35.19, 0, 0, 4.25
2019/06/11 16:19:00, 24.75, 24.59, 24.40, 35.76, 35.17, 0, 0, 4.25
2019/06/11 16:20:00, 24.75, 24.60, 24.41, 35.77, 35.17, 0, 0, 4.25
2019/06/11 16:21:00, 24.75, 24.59, 24.40, 35.74, 35.15, 0, 0, 4.25
2019/06/11 16:22:00, 24.75, 24.59, 24.39, 35.68, 35.12, 0, 0, 4.25
2019/06/11 16:23:00, 24.75, 24.59, 24.42, 35.71, 35.09, 0, 0, 4.25
2019/06/11 16:24:00, 24.75, 24.59, 24.40, 35.66, 35.12, 0, 0, 4.25
2019/06/11 16:25:00, 24.75, 24.59, 24.41, 35.71, 35.13, 0, 0, 4.25
2019/06/11 16:26:00, 24.75, 24.57, 24.38, 35.73, 35.13, 0, 0, 4.25
2019/06/11 16:27:00, 24.75, 24.57, 24.39, 35.72, 35.12, 0, 0, 4.25
2019/06/11 16:28:00, 24.75, 24.57, 24.38, 35.68, 35.09, 0, 0, 4.25
2019/06/11 16:29:00, 24.75, 24.59, 24.37, 35.66, 35.08, 0, 0, 4.25
2019/06/11 16:30:00, 24.75, 24.57, 24.39, 35.64, 35.08, 0, 0, 4.25
2019/06/11 16:31:00, 24.75, 24.56, 24.37, 35.63, 35.03, 0, 0, 4.25
2019/06/11 16:32:00, 24.75, 24.57, 24.39, 35.63, 35.06, 0, 0, 4.25
2019/06/11 16:33:00, 24.75, 24.56, 24.38, 35.64, 35.04, 0, 0, 4.25
2019/06/11 16:34:00, 24.75, 24.57, 24.38, 35.59, 35.03, 0, 0, 4.25
2019/06/11 16:35:00, 24.75, 24.59, 24.38, 35.60, 35.03, 0, 0, 4.25
2019/06/11 16:36:00, 24.75, 24.54, 24.38, 35.57, 35.01, 0, 0, 4.25
2019/06/11 16:37:00, 24.75, 24.56, 24.35, 35.56, 35.00, 0, 0, 4.25
2019/06/11 16:38:00, 24.75, 24.57, 24.37, 35.60, 35.00, 0, 0, 4.25
2019/06/11 16:39:00, 24.75, 24.56, 24.34, 35.56, 34.99, 0, 0, 4.25
2019/06/11 16:40:00, 24.75, 24.54, 24.36, 35.61, 35.00, 0, 0, 4.25
2019/06/11 16:41:00, 24.75, 24.53, 24.36, 35.60, 35.00, 0, 0, 4.25
2019/06/11 16:42:00, 24.75, 24.52, 24.36, 35.60, 35.02, 0, 0, 4.25
2019/06/11 16:43:00, 24.75, 24.53, 24.36, 35.57, 34.99, 0, 0, 4.25
2019/06/11 16:44:00, 24.75, 24.53, 24.36, 35.57, 34.99, 0, 0, 4.25
2019/06/11 16:45:00, 24.75, 24.53, 24.35, 35.55, 34.99, 0, 0, 4.25
2019/06/11 16:46:00, 24.75, 24.53, 24.34, 35.52, 34.95, 0, 0, 4.25
2019/06/11 16:47:00, 24.75, 24.53, 24.34, 35.50, 34.93, 0, 0, 4.25
2019/06/11 16:48:00, 24.75, 24.52, 24.34, 35.50, 34.92, 0, 0, 4.25
2019/06/11 16:49:00, 24.75, 24.53, 24.32, 35.48, 34.89, 0, 0, 4.25
2019/06/11 16:50:00, 24.75, 24.52, 24.35, 35.46, 34.89, 0, 0, 4.25
2019/06/11 16:51:00, 24.75, 24.52, 24.32, 35.49, 34.87, 0, 0, 4.25
2019/06/11 16:52:00, 24.75, 24.52, 24.34, 35.46, 34.89, 0, 0, 4.25
2019/06/11 16:53:00, 24.75, 24.49, 24.33, 35.45, 34.87, 0, 0, 4.25
2019/06/11 16:54:00, 24.75, 24.50, 24.34, 35.52, 34.85, 0, 0, 4.25
2019/06/11 16:55:00, 24.75, 24.52, 24.34, 35.42, 34.84, 0, 0, 4.25
2019/06/11 16:56:00, 24.75, 24.50, 24.34, 35.44, 34.83, 0, 0, 4.25
2019/06/11 16:57:00, 24.75, 24.50, 24.33, 35.37, 34.81, 0, 0, 4.25
2019/06/11 16:58:00, 24.75, 24.53, 24.34, 35.42, 34.82, 0, 0, 4.25
2019/06/11 16:59:00, 24.75, 24.52, 24.34, 35.39, 34.80, 0, 0, 4.25
2019/06/11 17:00:00, 24.75, 24.52, 24.33, 35.41, 34.81, 0, 0, 4.25
2019/06/11 17:01:00, 24.75, 24.50, 24.32, 35.38, 34.80, 0, 0, 4.25
2019/06/11 17:02:00, 24.75, 24.49, 24.33, 35.44, 34.82, 0, 0, 4.25
2019/06/11 17:03:00, 24.75, 24.52, 24.33, 35.41, 34.81, 0, 0, 4.25
2019/06/11 17:04:00, 24.75, 24.49, 24.34, 35.35, 34.80, 0, 0, 4.25
2019/06/11 17:05:00, 24.75, 24.52, 24.32, 35.41, 34.80, 0, 0, 4.25
2019/06/11 17:06:00, 24.75, 24.52, 24.34, 35.41, 34.79, 0, 0, 4.25
2019/06/11 17:07:00, 24.75, 24.50, 24.34, 35.37, 34.75, 0, 0, 4.25
2019/06/11 17:08:00, 24.75, 24.52, 24.33, 35.37, 34.77, 0, 0, 4.25
2019/06/11 17:09:00, 24.75, 24.53, 24.33, 35.28, 34.71, 0, 0, 4.25
2019/06/11 17:10:00, 24.75, 24.50, 24.34, 35.34, 34.72, 0, 0, 4.25
2019/06/11 17:11:00, 24.75, 24.49, 24.32, 35.29, 34.73, 0, 0, 4.25
2019/06/11 17:12:00, 24.75, 24.50, 24.33, 35.38, 34.72, 0, 0, 4.25
2019/06/11 17:13:00, 24.75, 24.50, 24.32, 35.35, 34.74, 0, 0, 4.25
2019/06/11 17:14:00, 24.75, 24.50, 24.34, 35.38, 34.77, 0, 0, 4.25
2019/06/11 17:15:00, 24.75, 24.52, 24.33, 35.39, 34.80, 0, 0, 4.25
2019/06/11 17:16:00, 24.75, 24.50, 24.33, 35.41, 34.77, 0, 0, 4.25
2019/06/11 17:17:00, 24.75, 24.53, 24.35, 35.33, 34.77, 0, 0, 4.25
2019/06/11 17:18:00, 24.75, 24.52, 24.33, 35.35, 34.77, 0, 0, 4.25
2019/06/11 17:19:00, 24.75, 24.52, 24.34, 35.33, 34.74, 0, 0, 4.25
2019/06/11 17:20:00, 24.75, 24.52, 24.32, 35.33, 34.74, 0, 0, 4.25
2019/06/11 17:21:00, 24.75, 24.49, 24.34, 35.31, 34.71, 0, 0, 4.25
2019/06/11 17:22:00, 24.75, 24.50, 24.32, 35.31, 34.74, 0, 0, 4.25
2019/06/11 17:23:00, 24.75, 24.50, 24.34, 35.33, 34.72, 0, 0, 4.25
2019/06/11 17:24:00, 24.75, 24.50, 24.33, 35.30, 34.72, 0, 0, 4.25
2019/06/11 17:25:00, 24.75, 24.53, 24.35, 35.24, 34.67, 0, 0, 4.25
2019/06/11 17:26:00, 24.75, 24.50, 24.34, 35.29, 34.67, 0, 0, 4.25
2019/06/11 17:27:00, 24.75, 24.52, 24.34, 35.25, 34.65, 0, 0, 4.25
2019/06/11 17:28:00, 24.75, 24.53, 24.34, 35.18, 34.62, 0, 0, 4.25
2019/06/11 17:29:00, 24.75, 24.52, 24.34, 35.18, 34.61, 0, 0, 4.25
2019/06/11 17:30:00, 24.75, 24.50, 24.33, 35.20, 34.61, 0, 0, 4.25
2019/06/11 17:31:00, 24.75, 24.52, 24.32, 35.18, 34.59, 0, 0, 4.25
2019/06/11 17:32:00, 24.75, 24.50, 24.35, 35.18, 34.58, 0, 0, 4.25
2019/06/11 17:33:00, 24.75, 24.52, 24.34, 35.18, 34.58, 0, 0, 4.25
2019/06/11 17:34:00, 24.75, 24.52, 24.34, 35.20, 34.59, 0, 0, 4.25
2019/06/11 17:35:00, 24.75, 24.49, 24.34, 35.14, 34.55, 0, 0, 4.25
2019/06/11 17:36:00, 24.75, 24.52, 24.32, 35.09, 34.51, 0, 0, 4.25
2019/06/11 17:37:00, 24.75, 24.47, 24.30, 35.13, 34.51, 0, 0, 4.25
2019/06/11 17:38:00, 24.75, 24.47, 24.27, 35.07, 34.49, 0, 0, 4.25
2019/06/11 17:39:00, 24.75, 24.44, 24.25, 35.13, 34.52, 0, 0, 4.25
2019/06/11 17:40:00, 24.75, 24.44, 24.26, 35.14, 34.52, 0, 0, 4.25
2019/06/11 17:41:00, 24.75, 24.39, 24.24, 35.22, 34.55, 0, 0, 4.25
2019/06/11 17:42:00, 24.75, 24.40, 24.24, 35.19, 34.58, 0, 0, 4.25
2019/06/11 17:43:00, 24.75, 24.40, 24.21, 35.20, 34.59, 0, 0, 4.25
2019/06/11 17:44:00, 24.75, 24.40, 24.20, 35.22, 34.57, 0, 0, 4.25
2019/06/11 17:45:00, 24.75, 24.38, 24.19, 35.23, 34.58, 0, 0, 4.25
2019/06/11 17:46:00, 24.75, 24.35, 24.17, 35.19, 34.58, 0, 0, 4.25
2019/06/11 17:47:00, 24.75, 24.38, 24.17, 35.22, 34.61, 0, 0, 4.25
2019/06/11 17:48:00, 24.75, 24.33, 24.16, 35.21, 34.61, 0, 0, 4.25
2019/06/11 17:49:00, 24.75, 24.32, 24.15, 35.24, 34.61, 0, 0, 4.25
2019/06/11 17:50:00, 24.75, 24.32, 24.13, 35.22, 34.62, 0, 0, 4.25
2019/06/11 17:51:00, 24.75, 24.32, 24.13, 35.19, 34.63, 0, 0, 4.25
2019/06/11 17:52:00, 24.75, 24.32, 24.13, 35.20, 34.64, 0, 0, 4.25
2019/06/11 17:53:00, 24.75, 24.31, 24.12, 35.23, 34.64, 0, 0, 4.25
2019/06/11 17:54:00, 24.75, 24.31, 24.13, 35.28, 34.66, 0, 0, 4.25
2019/06/11 17:55:00, 24.75, 24.31, 24.11, 35.28, 34.67, 0, 0, 4.25
2019/06/11 17:56:00, 24.75, 24.27, 24.10, 35.32, 34.70, 0, 0, 4.25
2019/06/11 17:57:00, 24.75, 24.31, 24.11, 35.33, 34.70, 0, 0, 4.25
2019/06/11 17:58:00, 24.50, 24.27, 24.10, 35.28, 34.70, 0, 0, 4.25
2019/06/11 17:59:00, 24.50, 24.26, 24.08, 35.36, 34.69, 0, 0, 4.25
2019/06/11 18:00:00, 24.50, 24.29, 24.10, 35.29, 34.72, 0, 0, 4.25
2019/06/11 18:01:00, 24.50, 24.26, 24.09, 35.32, 34.72, 0, 0, 4.25
2019/06/11 18:02:00, 24.50, 24.27, 24.08, 35.29, 34.74, 0, 0, 4.25
2019/06/11 18:03:00, 24.50, 24.27, 24.08, 35.36, 34.75, 0, 0, 4.25
2019/06/11 18:04:00, 24.50, 24.27, 24.07, 35.37, 34.75, 0, 0, 4.25
2019/06/11 18:05:00, 24.50, 24.26, 24.05, 35.37, 34.78, 0, 0, 4.25
2019/06/11 18:06:00, 24.50, 24.29, 24.08, 35.41, 34.79, 0, 0, 4.25
2019/06/11 18:07:00, 24.50, 24.29, 24.08, 35.35, 34.79, 0, 0, 4.25
2019/06/11 18:08:00, 24.50, 24.27, 24.10, 35.35, 34.80, 0, 0, 4.25
2019/06/11 18:09:00, 24.50, 24.27, 24.09, 35.41, 34.82, 0, 0, 4.25
2019/06/11 18:10:00, 24.50, 24.29, 24.08, 35.39, 34.80, 0, 0, 4.25
2019/06/11 18:11:00, 24.50, 24.26, 24.09, 35.41, 34.79, 0, 0, 4.25
2019/06/11 18:12:00, 24.50, 24.29, 24.10, 35.40, 34.80, 0, 0, 4.25
2019/06/11 18:13:00, 24.50, 24.29, 24.11, 35.39, 34.79, 0, 0, 4.25
2019/06/11 18:14:00, 24.50, 24.31, 24.10, 35.43, 34.82, 0, 0, 4.25
2019/06/11 18:15:00, 24.50, 24.31, 24.12, 35.45, 34.85, 0, 0, 4.25
2019/06/11 18:16:00, 24.50, 24.32, 24.15, 35.43, 34.81, 0, 0, 4.25
2019/06/11 18:17:00, 24.50, 24.33, 24.12, 35.42, 34.84, 0, 0, 4.25
2019/06/11 18:18:00, 24.50, 24.36, 24.18, 35.43, 34.84, 0, 0, 4.25
2019/06/11 18:19:00, 24.50, 24.35, 24.18, 35.41, 34.81, 0, 0, 4.25
2019/06/11 18:20:00, 24.50, 24.39, 24.21, 35.43, 34.81, 0, 0, 4.25
2019/06/11 18:21:00, 24.50, 24.40, 24.23, 35.47, 34.84, 0, 0, 4.25
2019/06/11 18:22:00, 24.50, 24.43, 24.25, 35.60, 34.93, 0, 0, 4.25
2019/06/11 18:23:00, 24.50, 24.47, 24.30, 35.55, 34.97, 0, 0, 4.25
2019/06/11 18:24:00, 24.50, 24.54, 24.34, 35.50, 34.96, 0, 0, 4.25
2019/06/11 18:25:00, 24.50, 24.57, 24.37, 35.53, 34.96, 0, 0, 4.25
2019/06/11 18:26:00, 24.50, 24.57, 24.40, 35.56, 34.94, 0, 0, 4.25
2019/06/11 18:27:00, 24.50, 24.59, 24.41, 35.43, 34.85, 0, 0, 4.25
2019/06/11 18:28:00, 24.75, 24.61, 24.43, 35.38, 34.80, 0, 0, 4.25
2019/06/11 18:29:00, 24.75, 24.61, 24.43, 35.34, 34.75, 0, 0, 4.25
2019/06/11 18:30:00, 24.75, 24.63, 24.46, 35.26, 34.70, 0, 0, 4.25
2019/06/11 18:31:00, 24.75, 24.66, 24.46, 35.21, 34.66, 0, 0, 4.25
2019/06/11 18:32:00, 24.75, 24.66, 24.47, 35.17, 34.61, 0, 0, 4.25
2019/06/11 18:33:00, 24.75, 24.67, 24.51, 35.14, 34.59, 0, 0, 4.25
2019/06/11 18:34:00, 24.75, 24.70, 24.50, 35.22, 34.58, 0, 0, 4.25
2019/06/11 18:35:00, 24.75, 24.67, 24.52, 35.15, 34.56, 0, 0, 4.25
2019/06/11 18:36:00, 24.75, 24.73, 24.51, 35.13, 34.54, 0, 0, 4.25
2019/06/11 18:37:00, 24.75, 24.73, 24.52, 35.14, 34.57, 0, 0, 4.25
2019/06/11 18:38:00, 24.75, 24.73, 24.55, 35.17, 34.55, 0, 0, 4.25
2019/06/11 18:39:00, 24.75, 24.74, 24.56, 35.12, 34.53, 0, 0, 4.25
2019/06/11 18:40:00, 24.75, 24.74, 24.56, 35.08, 34.52, 0, 0, 4.25
2019/06/11 18:41:00, 24.75, 24.75, 24.58, 35.10, 34.51, 0, 0, 4.25
2019/06/11 18:42:00, 24.75, 24.77, 24.57, 35.12, 34.51, 0, 0, 4.25
2019/06/11 18:43:00, 24.75, 24.78, 24.60, 35.03, 34.48, 0, 0, 4.25
2019/06/11 18:44:00, 24.75, 24.80, 24.58, 35.02, 34.44, 0, 0, 4.25
2019/06/11 18:45:00, 24.75, 24.78, 24.61, 35.03, 34.45, 0, 0, 4.25
2019/06/11 18:46:00, 24.75, 24.78, 24.58, 35.01, 34.42, 0, 0, 4.25
2019/06/11 18:47:00, 24.75, 24.81, 24.61, 34.96, 34.37, 0, 0, 4.25
2019/06/11 18:48:00, 24.75, 24.81, 24.62, 34.94, 34.36, 0, 0, 4.25
2019/06/11 18:49:00, 24.75, 24.80, 24.61, 34.86, 34.29, 0, 0, 4.25
2019/06/11 18:50:00, 24.75, 24.81, 24.62, 34.86, 34.27, 0, 0, 4.25
2019/06/11 18:51:00, 24.75, 24.82, 24.64, 34.88, 34.26, 0, 0, 4.25
2019/06/11 18:52:00, 24.75, 24.78, 24.64, 34.89, 34.29, 0, 0, 4.25
2019/06/11 18:53:00, 24.75, 24.81, 24.65, 34.85, 34.26, 0, 0, 4.25
2019/06/11 18:54:00, 24.75, 24.84, 24.65, 34.83, 34.26, 0, 0, 4.25
2019/06/11 18:55:00, 24.75, 24.82, 24.65, 34.80, 34.25, 0, 0, 4.25
2019/06/11 18:56:00, 24.75, 24.82, 24.66, 34.79, 34.24, 0, 0, 4.25
2019/06/11 18:57:00, 24.75, 24.82, 24.65, 34.70, 34.19, 0, 0, 4.25
2019/06/11 18:58:00, 24.75, 24.84, 24.67, 34.76, 34.17, 0, 0, 4.25
2019/06/11 18:59:00, 24.75, 24.85, 24.66, 34.64, 34.13, 0, 0, 4.25
2019/06/11 19:00:00, 25.00, 24.85, 24.69, 34.65, 34.12, 0, 0, 4.25
2019/06/11 19:01:00, 24.75, 24.87, 24.67, 34.67, 34.13, 0, 0, 4.25
2019/06/11 19:02:00, 25.00, 24.87, 24.68, 34.63, 34.09, 0, 0, 4.25
2019/06/11 19:03:00, 25.00, 24.87, 24.68, 34.65, 34.10, 0, 0, 4.25
2019/06/11 19:04:00, 25.00, 24.84, 24.67, 34.67, 34.07, 0, 0, 4.25
2019/06/11 19:05:00, 25.00, 24.87, 24.68, 34.68, 34.07, 0, 0, 4.25
2019/06/11 19:06:00, 25.00, 24.85, 24.67, 34.68, 34.10, 0, 0, 4.25
2019/06/11 19:07:00, 25.00, 24.88, 24.68, 34.71, 34.16, 0, 0, 4.25
2019/06/11 19:08:00, 25.00, 24.88, 24.68, 34.71, 34.15, 0, 0, 4.25
2019/06/11 19:09:00, 25.00, 24.88, 24.68, 34.66, 34.11, 0, 0, 4.25
2019/06/11 19:10:00, 25.00, 24.88, 24.70, 34.66, 34.13, 0, 0, 4.25
2019/06/11 19:11:00, 25.00, 24.87, 24.69, 34.64, 34.07, 0, 0, 4.25
2019/06/11 19:12:00, 25.00, 24.88, 24.68, 34.63, 34.03, 0, 0, 4.25
2019/06/11 19:13:00, 25.00, 24.89, 24.69, 34.63, 34.04, 0, 0, 4.25
2019/06/11 19:14:00, 25.00, 24.87, 24.70, 34.62, 34.06, 0, 0, 4.25
2019/06/11 19:15:00, 25.00, 24.89, 24.68, 34.62, 34.05, 0, 0, 4.25
2019/06/11 19:16:00, 25.00, 24.88, 24.70, 34.62, 34.06, 0, 0, 4.25
2019/06/11 19:17:00, 25.00, 24.89, 24.70, 34.58, 34.02, 0, 0, 4.25
2019/06/11 19:18:00, 25.00, 24.88, 24.69, 34.59, 33.98, 0, 0, 4.25
2019/06/11 19:19:00, 25.00, 24.89, 24.69, 34.60, 34.02, 0, 0, 4.25
2019/06/11 19:20:00, 25.00, 24.89, 24.68, 34.59, 34.03, 0, 0, 4.25
2019/06/11 19:21:00, 25.00, 24.88, 24.68, 34.56, 33.97, 0, 0, 4.25
2019/06/11 19:22:00, 25.00, 24.87, 24.68, 34.55, 34.00, 0, 0, 4.25
2019/06/11 19:23:00, 25.00, 24.87, 24.70, 34.59, 34.02, 0, 0, 4.25
2019/06/11 19:24:00, 25.00, 24.89, 24.70, 34.55, 33.98, 0, 0, 4.25
2019/06/11 19:25:00, 25.00, 24.88, 24.72, 34.56, 33.97, 0, 0, 4.25
2019/06/11 19:26:00, 25.00, 24.89, 24.72, 34.54, 33.98, 0, 0, 4.25
2019/06/11 19:27:00, 25.00, 24.91, 24.74, 34.55, 33.96, 0, 0, 4.25
2019/06/11 19:28:00, 25.00, 24.89, 24.71, 34.56, 33.99, 0, 0, 4.25
2019/06/11 19:29:00, 25.00, 24.91, 24.71, 34.58, 33.99, 0, 0, 4.25
2019/06/11 19:30:00, 25.00, 24.88, 24.70, 34.63, 34.02, 0, 0, 4.25
2019/06/11 19:31:00, 25.00, 24.89, 24.72, 34.59, 34.03, 0, 0, 4.25
2019/06/11 19:32:00, 25.00, 24.89, 24.70, 34.62, 34.03, 0, 0, 4.25
2019/06/11 19:33:00, 25.00, 24.89, 24.74, 34.58, 34.00, 0, 0, 4.25
2019/06/11 19:34:00, 25.00, 24.89, 24.70, 34.56, 33.97, 0, 0, 4.25
2019/06/11 19:35:00, 25.00, 24.88, 24.72, 34.54, 33.99, 0, 0, 4.25
2019/06/11 19:36:00, 25.00, 24.89, 24.70, 34.54, 33.98, 0, 0, 4.25
2019/06/11 19:37:00, 25.00, 24.91, 24.72, 34.53, 34.00, 0, 0, 4.25
2019/06/11 19:38:00, 25.00, 24.89, 24.74, 34.46, 33.90, 0, 0, 4.25
2019/06/11 19:39:00, 25.00, 24.89, 24.71, 34.55, 33.93, 0, 0, 4.25
2019/06/11 19:40:00, 25.00, 24.93, 24.72, 34.47, 33.91, 0, 0, 4.25
2019/06/11 19:41:00, 25.00, 24.91, 24.72, 34.42, 33.87, 0, 0, 4.25
2019/06/11 19:42:00, 25.00, 24.94, 24.75, 34.45, 33.86, 0, 0, 4.25
2019/06/11 19:43:00, 25.00, 24.91, 24.72, 34.36, 33.81, 0, 0, 4.25
2019/06/11 19:44:00, 25.00, 24.91, 24.74, 34.29, 33.72, 0, 0, 4.25
2019/06/11 19:45:00, 25.00, 24.89, 24.74, 34.32, 33.72, 0, 0, 4.25
2019/06/11 19:46:00, 25.00, 24.89, 24.70, 34.27, 33.71, 0, 0, 4.25
2019/06/11 19:47:00, 25.00, 24.91, 24.71, 34.35, 33.75, 0, 0, 4.25
2019/06/11 19:48:00, 25.00, 24.89, 24.70, 34.32, 33.74, 0, 0, 4.25
2019/06/11 19:49:00, 25.00, 24.88, 24.70, 34.31, 33.74, 0, 0, 4.25
2019/06/11 19:50:00, 25.00, 24.89, 24.70, 34.35, 33.74, 0, 0, 4.25
2019/06/11 19:51:00, 25.00, 24.88, 24.69, 34.33, 33.76, 0, 0, 4.25
2019/06/11 19:52:00, 25.00, 24.88, 24.70, 34.35, 33.76, 0, 0, 4.25
2019/06/11 19:53:00, 25.00, 24.88, 24.70, 34.36, 33.74, 0, 0, 4.25
2019/06/11 19:54:00, 25.00, 24.88, 24.70, 34.30, 33.74, 0, 0, 4.25
2019/06/11 19:55:00, 25.00, 24.89, 24.70, 34.20, 33.64, 0, 0, 4.25
2019/06/11 19:56:00, 25.00, 24.88, 24.68, 34.12, 33.55, 0, 0, 4.25
2019/06/11 19:57:00, 25.00, 24.87, 24.67, 34.19, 33.57, 0, 0, 4.25
2019/06/11 19:58:00, 25.00, 24.85, 24.68, 34.21, 33.56, 0, 0, 4.25
2019/06/11 19:59:00, 25.00, 24.85, 24.68, 34.22, 33.65, 0, 0, 4.25
2019/06/11 20:00:00, 25.00, 24.84, 24.68, 34.13, 33.58, 0, 0, 4.25
2019/06/11 20:01:00, 25.00, 24.85, 24.66, 34.19, 33.57, 0, 0, 4.25
2019/06/11 20:02:00, 25.00, 24.85, 24.65, 34.20, 33.60, 0, 0, 4.25
2019/06/11 20:03:00, 25.00, 24.82, 24.67, 34.24, 33.62, 0, 0, 4.25
2019/06/11 20:04:00, 25.00, 24.88, 24.65, 34.24, 33.66, 0, 0, 4.25
2019/06/11 20:05:00, 25.00, 24.85, 24.69, 34.16, 33.61, 0, 0, 4.25
2019/06/11 20:06:00, 25.00, 24.84, 24.64, 34.22, 33.57, 0, 0, 4.25
2019/06/11 20:07:00, 25.00, 24.82, 24.65, 34.17, 33.55, 0, 0, 4.25
2019/06/11 20:08:00, 25.00, 24.82, 24.63, 34.14, 33.58, 0, 0, 4.25
2019/06/11 20:09:00, 25.00, 24.80, 24.65, 34.11, 33.53, 0, 0, 4.25
2019/06/11 20:10:00, 25.00, 24.81, 24.65, 34.17, 33.57, 0, 0, 4.25
2019/06/11 20:11:00, 25.00, 24.82, 24.63, 34.18, 33.58, 0, 0, 4.25
2019/06/11 20:12:00, 25.00, 24.82, 24.62, 34.16, 33.52, 0, 0, 4.25
2019/06/11 20:13:00, 25.00, 24.78, 24.61, 34.10, 33.49, 0, 0, 4.25
2019/06/11 20:14:00, 25.00, 24.80, 24.61, 34.07, 33.48, 0, 0, 4.25
2019/06/11 20:15:00, 25.00, 24.80, 24.62, 34.03, 33.43, 0, 0, 4.25
2019/06/11 20:16:00, 25.00, 24.80, 24.57, 33.91, 33.36, 0, 0, 4.25
2019/06/11 20:17:00, 25.00, 24.81, 24.62, 33.99, 33.40, 0, 0, 4.25
2019/06/11 20:18:00, 25.00, 24.75, 24.62, 33.97, 33.39, 0, 0, 4.25
2019/06/11 20:19:00, 25.00, 24.78, 24.58, 34.00, 33.40, 0, 0, 4.25
2019/06/11 20:20:00, 25.00, 24.78, 24.60, 33.98, 33.42, 0, 0, 4.25
2019/06/11 20:21:00, 25.00, 24.78, 24.60, 33.98, 33.39, 0, 0, 4.25
2019/06/11 20:22:00, 25.00, 24.78, 24.58, 33.93, 33.38, 0, 0, 4.25
2019/06/11 20:23:00, 25.00, 24.75, 24.56, 33.96, 33.38, 0, 0, 4.25
2019/06/11 20:24:00, 25.00, 24.78, 24.58, 33.92, 33.36, 0, 0, 4.25
2019/06/11 20:25:00, 25.00, 24.77, 24.55, 34.02, 33.41, 0, 0, 4.25
2019/06/11 20:26:00, 25.00, 24.81, 24.60, 33.88, 33.36, 0, 0, 4.25
2019/06/11 20:27:00, 25.00, 24.80, 24.58, 33.73, 33.19, 0, 0, 4.25
2019/06/11 20:28:00, 25.00, 24.77, 24.60, 33.75, 33.15, 0, 0, 4.25
2019/06/11 20:29:00, 25.00, 24.77, 24.58, 33.67, 33.11, 0, 0, 4.25
2019/06/11 20:30:00, 25.00, 24.80, 24.62, 33.70, 33.13, 0, 0, 4.25
2019/06/11 20:31:00, 25.00, 24.78, 24.60, 33.66, 33.08, 0, 0, 4.25
2019/06/11 20:32:00, 25.00, 24.77, 24.57, 33.58, 33.03, 0, 0, 4.25
2019/06/11 20:33:00, 25.00, 24.77, 24.57, 33.63, 33.05, 0, 0, 4.25
2019/06/11 20:34:00, 25.00, 24.75, 24.57, 33.64, 33.09, 0, 0, 4.25
2019/06/11 20:35:00, 25.00, 24.75, 24.57, 33.69, 33.11, 0, 0, 4.25
2019/06/11 20:36:00, 25.00, 24.75, 24.56, 33.68, 33.11, 0, 0, 4.25
2019/06/11 20:37:00, 25.00, 24.78, 24.53, 33.57, 33.03, 0, 0, 4.25
2019/06/11 20:38:00, 25.00, 24.74, 24.56, 33.62, 33.02, 0, 0, 4.25
2019/06/11 20:39:00, 25.00, 24.73, 24.55, 33.62, 33.04, 0, 0, 4.25
2019/06/11 20:40:00, 25.00, 24.74, 24.55, 33.58, 33.02, 0, 0, 4.25
2019/06/11 20:41:00, 25.00, 24.73, 24.53, 33.52, 32.94, 0, 0, 4.25
2019/06/11 20:42:00, 25.00, 24.70, 24.53, 33.55, 32.97, 0, 0, 4.25
2019/06/11 20:43:00, 25.00, 24.70, 24.53, 33.56, 33.00, 0, 0, 4.25
2019/06/11 20:44:00, 25.00, 24.71, 24.51, 33.43, 32.91, 0, 0, 4.25
2019/06/11 20:45:00, 25.00, 24.74, 24.52, 33.49, 32.95, 0, 0, 4.25
2019/06/11 20:46:00, 25.00, 24.73, 24.52, 33.40, 32.88, 0, 0, 4.25
2019/06/11 20:47:00, 25.00, 24.71, 24.53, 33.31, 32.81, 0, 0, 4.25
2019/06/11 20:48:00, 25.00, 24.69, 24.50, 33.31, 32.73, 0, 0, 4.25
2019/06/11 20:49:00, 25.00, 24.69, 24.51, 33.38, 32.76, 0, 0, 4.25
2019/06/11 20:50:00, 25.00, 24.70, 24.51, 33.40, 32.83, 0, 0, 4.25
2019/06/11 20:51:00, 25.00, 24.70, 24.53, 33.46, 32.87, 0, 0, 4.25
2019/06/11 20:52:00, 25.00, 24.71, 24.53, 33.42, 32.87, 0, 0, 4.25
2019/06/11 20:53:00, 25.00, 24.73, 24.52, 33.34, 32.81, 0, 0, 4.25
2019/06/11 20:54:00, 25.00, 24.70, 24.52, 33.11, 32.65, 0, 0, 4.25
2019/06/11 20:55:00, 25.00, 24.69, 24.49, 33.09, 32.56, 0, 0, 4.25
2019/06/11 20:56:00, 25.00, 24.70, 24.50, 33.05, 32.55, 0, 0, 4.25
2019/06/11 20:57:00, 25.00, 24.69, 24.50, 33.09, 32.55, 0, 0, 4.25
2019/06/11 20:58:00, 25.00, 24.66, 24.48, 33.00, 32.55, 0, 0, 4.25
2019/06/11 20:59:00, 25.00, 24.67, 24.49, 33.13, 32.52, 0, 0, 4.25
2019/06/11 21:00:00, 25.00, 24.67, 24.46, 33.13, 32.61, 0, 0, 4.25
2019/06/11 21:01:00, 25.00, 24.64, 24.46, 33.18, 32.60, 0, 0, 4.25
2019/06/11 21:02:00, 25.00, 24.66, 24.46, 33.18, 32.64, 0, 0, 4.25
2019/06/11 21:03:00, 25.00, 24.63, 24.48, 33.17, 32.62, 0, 0, 4.25
2019/06/11 21:04:00, 25.00, 24.66, 24.45, 33.13, 32.63, 0, 0, 4.25
2019/06/11 21:05:00, 25.00, 24.69, 24.47, 33.15, 32.61, 0, 0, 4.25
2019/06/11 21:06:00, 25.00, 24.64, 24.47, 33.03, 32.54, 0, 0, 4.25
2019/06/11 21:07:00, 25.00, 24.64, 24.46, 32.95, 32.42, 0, 0, 4.25
2019/06/11 21:08:00, 25.00, 24.63, 24.48, 32.97, 32.45, 0, 0, 4.25
2019/06/11 21:09:00, 25.00, 24.64, 24.45, 32.95, 32.40, 0, 0, 4.25
2019/06/11 21:10:00, 25.00, 24.64, 24.45, 32.95, 32.46, 0, 0, 4.25
2019/06/11 21:11:00, 25.00, 24.60, 24.45, 32.97, 32.42, 0, 0, 4.25
2019/06/11 21:12:00, 25.00, 24.63, 24.45, 32.83, 32.36, 0, 0, 4.25
2019/06/11 21:13:00, 25.00, 24.63, 24.43, 32.83, 32.29, 0, 0, 4.25
2019/06/11 21:14:00, 25.00, 24.61, 24.43, 32.88, 32.32, 0, 0, 4.25
2019/06/11 21:15:00, 25.00, 24.61, 24.40, 32.89, 32.34, 0, 0, 4.25
2019/06/11 21:16:00, 25.00, 24.61, 24.43, 32.83, 32.33, 0, 0, 4.25
2019/06/11 21:17:00, 25.00, 24.59, 24.39, 32.83, 32.29, 0, 0, 4.25
2019/06/11 21:18:00, 25.00, 24.60, 24.40, 32.77, 32.31, 0, 0, 4.25
2019/06/11 21:19:00, 25.00, 24.56, 24.37, 32.83, 32.28, 0, 0, 4.25
2019/06/11 21:20:00, 25.00, 24.59, 24.37, 32.93, 32.35, 0, 0, 4.25
2019/06/11 21:21:00, 25.00, 24.57, 24.37, 32.87, 32.33, 0, 0, 4.25
2019/06/11 21:22:00, 25.00, 24.57, 24.36, 32.77, 32.26, 0, 0, 4.25
2019/06/11 21:23:00, 25.00, 24.57, 24.35, 32.66, 32.18, 0, 0, 4.25
2019/06/11 21:24:00, 25.00, 24.54, 24.35, 32.81, 32.25, 0, 0, 4.25
2019/06/11 21:25:00, 25.00, 24.53, 24.33, 32.75, 32.21, 0, 0, 4.25
2019/06/11 21:26:00, 25.00, 24.53, 24.33, 32.81, 32.26, 0, 0, 4.25
2019/06/11 21:27:00, 25.00, 24.54, 24.31, 32.84, 32.29, 0, 0, 4.25
2019/06/11 21:28:00, 25.00, 24.50, 24.33, 32.85, 32.32, 0, 0, 4.25
2019/06/11 21:29:00, 25.00, 24.53, 24.34, 33.02, 32.36, 0, 0, 4.25
2019/06/11 21:30:00, 25.00, 24.50, 24.33, 32.92, 32.39, 0, 0, 4.25
2019/06/11 21:31:00, 25.00, 24.50, 24.31, 32.94, 32.35, 0, 0, 4.25
2019/06/11 21:32:00, 25.00, 24.50, 24.30, 32.92, 32.37, 0, 0, 4.25
2019/06/11 21:33:00, 25.00, 24.47, 24.27, 32.92, 32.36, 0, 0, 4.25
2019/06/11 21:34:00, 25.00, 24.52, 24.31, 32.91, 32.36, 0, 0, 4.25
2019/06/11 21:35:00, 25.00, 24.49, 24.27, 32.92, 32.35, 0, 0, 4.25
2019/06/11 21:36:00, 25.00, 24.49, 24.26, 32.91, 32.36, 0, 0, 4.25
2019/06/11 21:37:00, 25.00, 24.47, 24.25, 32.86, 32.36, 0, 0, 4.25
2019/06/11 21:38:00, 25.00, 24.47, 24.27, 32.85, 32.34, 0, 0, 4.25
2019/06/11 21:39:00, 25.00, 24.44, 24.27, 32.92, 32.36, 0, 0, 4.25
2019/06/11 21:40:00, 25.00, 24.47, 24.26, 32.92, 32.38, 0, 0, 4.25
2019/06/11 21:41:00, 25.00, 24.44, 24.25, 32.92, 32.37, 0, 0, 4.25
2019/06/11 21:42:00, 25.00, 24.46, 24.23, 32.89, 32.33, 0, 0, 4.25
2019/06/11 21:43:00, 25.00, 24.42, 24.22, 32.86, 32.32, 0, 0, 4.25
2019/06/11 21:44:00, 25.00, 24.42, 24.20, 32.89, 32.35, 0, 0, 4.25
2019/06/11 21:45:00, 25.00, 24.42, 24.21, 32.89, 32.34, 0, 0, 4.25
2019/06/11 21:46:00, 25.00, 24.36, 24.18, 32.87, 32.34, 0, 0, 4.25
2019/06/11 21:47:00, 25.00, 24.35, 24.17, 32.87, 32.33, 0, 0, 4.25
2019/06/11 21:48:00, 25.00, 24.35, 24.16, 32.87, 32.34, 0, 0, 4.25
2019/06/11 21:49:00, 24.75, 24.32, 24.13, 32.91, 32.36, 0, 0, 4.25
2019/06/11 21:50:00, 24.75, 24.33, 24.13, 32.93, 32.36, 0, 0, 4.25
2019/06/11 21:51:00, 24.75, 24.32, 24.11, 32.88, 32.35, 0, 0, 4.25
2019/06/11 21:52:00, 24.75, 24.33, 24.10, 32.84, 32.33, 0, 0, 4.25
2019/06/11 21:53:00, 24.75, 24.31, 24.11, 32.82, 32.31, 0, 0, 4.25
2019/06/11 21:54:00, 24.75, 24.29, 24.07, 32.76, 32.29, 0, 0, 4.25
2019/06/11 21:55:00, 24.75, 24.27, 24.07, 32.82, 32.29, 0, 0, 4.25
2019/06/11 21:56:00, 24.75, 24.26, 24.06, 32.80, 32.28, 0, 0, 4.25
2019/06/11 21:57:00, 24.75, 24.26, 24.06, 32.79, 32.28, 0, 0, 4.25
2019/06/11 21:58:00, 24.75, 24.23, 24.05, 32.81, 32.26, 0, 0, 4.25
2019/06/11 21:59:00, 24.75, 24.25, 24.05, 32.75, 32.26, 0, 0, 4.25
2019/06/11 22:00:00, 24.75, 24.22, 24.02, 32.75, 32.23, 0, 0, 4.25
2019/06/11 22:01:00, 24.75, 24.22, 24.02, 32.75, 32.25, 0, 0, 4.25
2019/06/11 22:02:00, 24.75, 24.22, 24.02, 32.77, 32.23, 0, 0, 4.25
2019/06/11 22:03:00, 24.75, 24.20, 24.02, 32.77, 32.22, 0, 0, 4.25
2019/06/11 22:04:00, 24.75, 24.18, 23.98, 32.77, 32.22, 0, 0, 4.25
2019/06/11 22:05:00, 24.75, 24.20, 24.00, 32.78, 32.20, 0, 0, 4.25
2019/06/11 22:06:00, 24.75, 24.16, 23.98, 32.79, 32.25, 0, 0, 4.25
2019/06/11 22:07:00, 24.75, 24.20, 23.98, 32.79, 32.22, 0, 0, 4.25
2019/06/11 22:08:00, 24.75, 24.18, 23.97, 32.78, 32.23, 0, 0, 4.25
2019/06/11 22:09:00, 24.75, 24.16, 23.97, 32.78, 32.20, 0, 0, 4.25
2019/06/11 22:10:00, 24.75, 24.16, 23.95, 32.69, 32.17, 0, 0, 4.25
2019/06/11 22:11:00, 24.75, 24.15, 23.95, 32.72, 32.20, 0, 0, 4.25
2019/06/11 22:12:00, 24.75, 24.15, 23.94, 32.72, 32.18, 0, 0, 4.25
2019/06/11 22:13:00, 24.75, 24.15, 23.94, 32.66, 32.19, 0, 0, 4.25
2019/06/11 22:14:00, 24.75, 24.14, 23.92, 32.72, 32.23, 0, 0, 4.25
2019/06/11 22:15:00, 24.75, 24.11, 23.93, 32.73, 32.23, 0, 0, 4.25
2019/06/11 22:16:00, 24.75, 24.12, 23.93, 32.76, 32.24, 0, 0, 4.25
2019/06/11 22:17:00, 24.75, 24.12, 23.92, 32.76, 32.23, 0, 0, 4.25
2019/06/11 22:18:00, 24.75, 24.12, 23.93, 32.76, 32.25, 0, 0, 4.25
2019/06/11 22:19:00, 24.75, 24.11, 23.93, 32.78, 32.26, 0, 0, 4.25
2019/06/11 22:20:00, 24.75, 24.11, 23.92, 32.76, 32.23, 0, 0, 4.25
2019/06/11 22:21:00, 24.75, 24.12, 23.90, 32.76, 32.24, 0, 0, 4.25
2019/06/11 22:22:00, 24.75, 24.09, 23.89, 32.67, 32.25, 0, 0, 4.25
2019/06/11 22:23:00, 24.75, 24.12, 23.91, 32.76, 32.23, 0, 0, 4.25
2019/06/11 22:24:00, 24.75, 24.09, 23.90, 32.77, 32.23, 0, 0, 4.25
2019/06/11 22:25:00, 24.75, 24.09, 23.90, 32.73, 32.20, 0, 0, 4.25
2019/06/11 22:26:00, 24.75, 24.08, 23.89, 32.71, 32.21, 0, 0, 4.25
2019/06/11 22:27:00, 24.75, 24.08, 23.89, 32.74, 32.20, 0, 0, 4.25
2019/06/11 22:28:00, 24.75, 24.09, 23.90, 32.70, 32.20, 0, 0, 4.25
2019/06/11 22:29:00, 24.50, 24.09, 23.87, 32.74, 32.20, 0, 0, 4.25
2019/06/11 22:30:00, 24.50, 24.08, 23.86, 32.70, 32.16, 0, 0, 4.25
2019/06/11 22:31:00, 24.50, 24.07, 23.86, 32.69, 32.17, 0, 0, 4.25
2019/06/11 22:32:00, 24.50, 24.07, 23.88, 32.67, 32.15, 0, 0, 4.25
2019/06/11 22:33:00, 24.50, 24.05, 23.87, 32.66, 32.14, 0, 0, 4.25
2019/06/11 22:34:00, 24.50, 24.07, 23.83, 32.62, 32.14, 0, 0, 4.25
2019/06/11 22:35:00, 24.50, 24.05, 23.86, 32.66, 32.13, 0, 0, 4.25
2019/06/11 22:36:00, 24.50, 24.05, 23.87, 32.62, 32.11, 0, 0, 4.25
2019/06/11 22:37:00, 24.50, 24.05, 23.84, 32.58, 32.07, 0, 0, 4.25
2019/06/11 22:38:00, 24.50, 24.02, 23.82, 32.56, 32.07, 0, 0, 4.25
2019/06/11 22:39:00, 24.50, 24.02, 23.82, 32.55, 32.06, 0, 0, 4.25
2019/06/11 22:40:00, 24.50, 24.02, 23.82, 32.54, 32.03, 0, 0, 4.25
2019/06/11 22:41:00, 24.50, 24.01, 23.82, 32.54, 32.04, 0, 0, 4.25
2019/06/11 22:42:00, 24.50, 24.04, 23.83, 32.52, 32.04, 0, 0, 4.25
2019/06/11 22:43:00, 24.50, 24.01, 23.82, 32.49, 32.00, 0, 0, 4.25
2019/06/11 22:44:00, 24.50, 24.04, 23.80, 32.50, 32.00, 0, 0, 4.25
2019/06/11 22:45:00, 24.50, 24.01, 23.82, 32.49, 32.01, 0, 0, 4.25
2019/06/11 22:46:00, 24.50, 24.01, 23.81, 32.50, 31.97, 0, 0, 4.25
2019/06/11 22:47:00, 24.50, 24.01, 23.81, 32.46, 31.94, 0, 0, 4.25
2019/06/11 22:48:00, 24.50, 23.99, 23.79, 32.44, 31.94, 0, 0, 4.25
2019/06/11 22:49:00, 24.50, 23.98, 23.78, 32.37, 31.90, 0, 0, 4.25
2019/06/11 22:50:00, 24.50, 24.01, 23.79, 32.37, 31.87, 0, 0, 4.25
2019/06/11 22:51:00, 24.50, 23.98, 23.80, 32.33, 31.84, 0, 0, 4.25
2019/06/11 22:52:00, 24.50, 23.98, 23.77, 32.39, 31.85, 0, 0, 4.25
2019/06/11 22:53:00, 24.50, 23.95, 23.78, 32.32, 31.82, 0, 0, 4.25
2019/06/11 22:54:00, 24.50, 23.98, 23.78, 32.31, 31.82, 0, 0, 4.25
2019/06/11 22:55:00, 24.50, 23.95, 23.76, 32.29, 31.78, 0, 0, 4.25
2019/06/11 22:56:00, 24.50, 23.99, 23.77, 32.36, 31.80, 0, 0, 4.25
2019/06/11 22:57:00, 24.50, 23.97, 23.76, 32.31, 31.78, 0, 0, 4.25
2019/06/11 22:58:00, 24.50, 23.97, 23.78, 32.28, 31.75, 0, 0, 4.25
2019/06/11 22:59:00, 24.50, 23.99, 23.76, 32.23, 31.74, 0, 0, 4.25
2019/06/11 23:00:00, 24.50, 23.97, 23.75, 32.20, 31.71, 0, 0, 4.25
2019/06/11 23:01:00, 24.50, 23.95, 23.75, 32.17, 31.66, 0, 0, 4.25
2019/06/11 23:02:00, 24.50, 23.95, 23.74, 32.14, 31.65, 0, 0, 4.25
2019/06/11 23:03:00, 24.50, 23.95, 23.74, 32.17, 31.65, 0, 0, 4.25
2019/06/11 23:04:00, 24.50, 23.95, 23.75, 32.14, 31.66, 0, 0, 4.25
2019/06/11 23:05:00, 24.50, 23.92, 23.74, 32.08, 31.62, 0, 0, 4.25
2019/06/11 23:06:00, 24.50, 23.94, 23.73, 32.16, 31.62, 0, 0, 4.25
2019/06/11 23:07:00, 24.50, 23.94, 23.74, 32.04, 31.57, 0, 0, 4.25
2019/06/11 23:08:00, 24.50, 23.94, 23.73, 32.08, 31.57, 0, 0, 4.25
2019/06/11 23:09:00, 24.50, 23.94, 23.73, 32.01, 31.52, 0, 0, 4.25
2019/06/11 23:10:00, 24.50, 23.92, 23.73, 32.01, 31.52, 0, 0, 4.25
2019/06/11 23:11:00, 24.50, 23.90, 23.72, 31.94, 31.47, 0, 0, 4.25
2019/06/11 23:12:00, 24.50, 23.91, 23.73, 31.89, 31.41, 0, 0, 4.25
2019/06/11 23:13:00, 24.50, 23.91, 23.71, 31.89, 31.41, 0, 0, 4.25
2019/06/11 23:14:00, 24.50, 23.92, 23.73, 31.89, 31.37, 0, 0, 4.25
2019/06/11 23:15:00, 24.50, 23.90, 23.71, 31.86, 31.36, 0, 0, 4.25
2019/06/11 23:16:00, 24.50, 23.91, 23.72, 31.86, 31.34, 0, 0, 4.25
2019/06/11 23:17:00, 24.50, 23.91, 23.69, 31.83, 31.34, 0, 0, 4.25
2019/06/11 23:18:00, 24.50, 23.91, 23.69, 31.85, 31.33, 0, 0, 4.25
2019/06/11 23:19:00, 24.50, 23.91, 23.68, 31.80, 31.30, 0, 0, 4.25
2019/06/11 23:20:00, 24.25, 23.91, 23.69, 31.80, 31.27, 0, 0, 4.25
2019/06/11 23:21:00, 24.25, 23.88, 23.67, 31.74, 31.27, 0, 0, 4.25
2019/06/11 23:22:00, 24.50, 23.90, 23.71, 31.71, 31.25, 0, 0, 4.25
2019/06/11 23:23:00, 24.25, 23.90, 23.69, 31.73, 31.23, 0, 0, 4.25
2019/06/11 23:24:00, 24.25, 23.88, 23.68, 31.68, 31.21, 0, 0, 4.25
2019/06/11 23:25:00, 24.25, 23.88, 23.67, 31.67, 31.16, 0, 0, 4.25
2019/06/11 23:26:00, 24.25, 23.88, 23.66, 31.58, 31.12, 0, 0, 4.25
2019/06/11 23:27:00, 24.25, 23.88, 23.68, 31.61, 31.10, 0, 0, 4.25
2019/06/11 23:28:00, 24.25, 23.85, 23.67, 31.52, 31.06, 0, 0, 4.25
2019/06/11 23:29:00, 24.25, 23.88, 23.66, 31.56, 31.07, 0, 0, 4.25
2019/06/11 23:30:00, 24.25, 23.87, 23.67, 31.56, 31.07, 0, 0, 4.25
2019/06/11 23:31:00, 24.25, 23.87, 23.64, 31.50, 31.04, 0, 0, 4.25
2019/06/11 23:32:00, 24.25, 23.85, 23.65, 31.46, 31.00, 0, 0, 4.25
2019/06/11 23:33:00, 24.25, 23.85, 23.66, 31.47, 31.00, 0, 0, 4.25
2019/06/11 23:34:00, 24.25, 23.83, 23.63, 31.47, 30.99, 0, 0, 4.25
2019/06/11 23:35:00, 24.25, 23.87, 23.63, 31.40, 30.94, 0, 0, 4.25
2019/06/11 23:36:00, 24.25, 23.85, 23.64, 31.37, 30.90, 0, 0, 4.25
2019/06/11 23:37:00, 24.25, 23.84, 23.64, 31.36, 30.89, 0, 0, 4.25
2019/06/11 23:38:00, 24.25, 23.83, 23.64, 31.31, 30.86, 0, 0, 4.25
2019/06/11 23:39:00, 24.25, 23.84, 23.63, 31.31, 30.87, 0, 0, 4.25
2019/06/11 23:40:00, 24.25, 23.84, 23.63, 31.30, 30.85, 0, 0, 4.25
2019/06/11 23:41:00, 24.25, 23.84, 23.63, 31.30, 30.81, 0, 0, 4.25
2019/06/11 23:42:00, 24.25, 23.85, 23.64, 31.27, 30.79, 0, 0, 4.25
2019/06/11 23:43:00, 24.25, 23.84, 23.63, 31.24, 30.76, 0, 0, 4.25
2019/06/11 23:44:00, 24.25, 23.83, 23.63, 31.22, 30.77, 0, 0, 4.25
2019/06/11 23:45:00, 24.25, 23.84, 23.63, 31.16, 30.70, 0, 0, 4.25
2019/06/11 23:46:00, 24.25, 23.85, 23.62, 31.16, 30.65, 0, 0, 4.25
2019/06/11 23:47:00, 24.25, 23.81, 23.63, 31.12, 30.63, 0, 0, 4.25
