Data logger for tempereture and humidity.
Code, design, and soldering by Antti Mikkonen, a.mikkonen@iki.fi, 2019.
Based on open source projects and libraries. See source for details.
/home/ami/src/arduino/promini/logger_v8_ada/logger_v8_ada.ino
UTC time (year/month/date hour:minute:second), T RTC (C), T sht31 (C), T si7021 (C), RH sht31 (-), RH si7021 (-), heaterOn sht31 (bool),  heaterOn si7021 (bool), battery voltage (V)
2019/07/22 00:08:00, 24.25, 24.01, 23.80, 39.83, 39.77, 0, 0, 4.14
2019/07/22 00:09:00, 24.25, 23.99, 23.78, 39.82, 39.77, 0, 0, 4.14
2019/07/22 00:10:00, 24.25, 24.01, 23.77, 39.84, 39.79, 0, 0, 4.14
2019/07/22 00:11:00, 24.25, 23.99, 23.79, 39.90, 39.81, 0, 0, 4.14
2019/07/22 00:12:00, 24.25, 23.98, 23.78, 39.88, 39.83, 0, 0, 4.14
2019/07/22 00:13:00, 24.25, 24.01, 23.77, 39.89, 39.86, 0, 0, 4.14
2019/07/22 00:14:00, 24.25, 23.97, 23.80, 39.89, 39.83, 0, 0, 4.14
2019/07/22 00:15:00, 24.25, 23.99, 23.80, 39.91, 39.85, 0, 0, 4.14
2019/07/22 00:16:00, 24.25, 23.98, 23.77, 39.93, 39.85, 0, 0, 4.14
2019/07/22 00:17:00, 24.25, 23.97, 23.78, 39.92, 39.85, 0, 0, 4.14
2019/07/22 00:18:00, 24.25, 23.99, 23.78, 39.94, 39.89, 0, 0, 4.14
2019/07/22 00:19:00, 24.25, 23.98, 23.77, 39.95, 39.88, 0, 0, 4.14
2019/07/22 00:20:00, 24.25, 23.98, 23.77, 39.96, 39.89, 0, 0, 4.14
2019/07/22 00:21:00, 24.25, 23.99, 23.79, 39.92, 39.89, 0, 0, 4.14
2019/07/22 00:22:00, 24.25, 23.97, 23.76, 39.98, 39.92, 0, 0, 4.14
2019/07/22 00:23:00, 24.25, 23.95, 23.77, 40.00, 39.92, 0, 0, 4.14
2019/07/22 00:24:00, 24.25, 23.95, 23.77, 39.98, 39.92, 0, 0, 4.14
2019/07/22 00:25:00, 24.25, 23.98, 23.76, 40.02, 39.92, 0, 0, 4.14
2019/07/22 00:26:00, 24.25, 23.95, 23.77, 40.03, 39.95, 0, 0, 4.14
2019/07/22 00:27:00, 24.25, 23.95, 23.76, 40.01, 39.95, 0, 0, 4.14
2019/07/22 00:28:00, 24.25, 23.99, 23.76, 40.06, 39.95, 0, 0, 4.14
2019/07/22 00:29:00, 24.25, 23.97, 23.76, 40.03, 39.96, 0, 0, 4.14
2019/07/22 00:30:00, 24.25, 23.95, 23.76, 40.06, 40.00, 0, 0, 4.14
2019/07/22 00:31:00, 24.25, 23.97, 23.76, 40.06, 39.98, 0, 0, 4.14
2019/07/22 00:32:00, 24.25, 23.95, 23.75, 40.07, 40.01, 0, 0, 4.14
2019/07/22 00:33:00, 24.25, 23.95, 23.76, 40.09, 40.02, 0, 0, 4.14
2019/07/22 00:34:00, 24.25, 23.95, 23.76, 40.09, 40.02, 0, 0, 4.14
2019/07/22 00:35:00, 24.25, 23.97, 23.75, 40.13, 40.02, 0, 0, 4.14
2019/07/22 00:36:00, 24.25, 23.94, 23.74, 40.13, 40.04, 0, 0, 4.14
2019/07/22 00:37:00, 24.25, 23.97, 23.75, 40.13, 40.05, 0, 0, 4.14
2019/07/22 00:38:00, 24.25, 23.94, 23.74, 40.18, 40.05, 0, 0, 4.14
2019/07/22 00:39:00, 24.25, 23.92, 23.72, 40.16, 40.07, 0, 0, 4.14
2019/07/22 00:40:00, 24.25, 23.94, 23.75, 40.15, 40.08, 0, 0, 4.14
2019/07/22 00:41:00, 24.25, 23.95, 23.74, 40.18, 40.08, 0, 0, 4.14
2019/07/22 00:42:00, 24.25, 23.94, 23.74, 40.18, 40.10, 0, 0, 4.14
2019/07/22 00:43:00, 24.25, 23.95, 23.74, 40.14, 40.11, 0, 0, 4.14
2019/07/22 00:44:00, 24.25, 23.91, 23.74, 40.15, 40.11, 0, 0, 4.14
2019/07/22 00:45:00, 24.25, 23.92, 23.73, 40.19, 40.12, 0, 0, 4.14
2019/07/22 00:46:00, 24.25, 23.94, 23.73, 40.22, 40.13, 0, 0, 4.14
2019/07/22 00:47:00, 24.25, 23.94, 23.73, 40.23, 40.16, 0, 0, 4.14
2019/07/22 00:48:00, 24.25, 23.94, 23.72, 40.22, 40.16, 0, 0, 4.14
2019/07/22 00:49:00, 24.25, 23.92, 23.72, 40.30, 40.18, 0, 0, 4.14
2019/07/22 00:50:00, 24.25, 23.95, 23.73, 40.27, 40.18, 0, 0, 4.14
2019/07/22 00:51:00, 24.25, 23.94, 23.74, 40.34, 40.21, 0, 0, 4.14
2019/07/22 00:52:00, 24.25, 23.92, 23.72, 40.28, 40.21, 0, 0, 4.14
2019/07/22 00:53:00, 24.25, 23.92, 23.71, 40.28, 40.22, 0, 0, 4.14
2019/07/22 00:54:00, 24.25, 23.91, 23.72, 40.32, 40.24, 0, 0, 4.14
2019/07/22 00:55:00, 24.25, 23.91, 23.72, 40.35, 40.27, 0, 0, 4.14
2019/07/22 00:56:00, 24.25, 23.91, 23.72, 40.38, 40.27, 0, 0, 4.14
2019/07/22 00:57:00, 24.25, 23.91, 23.71, 40.36, 40.25, 0, 0, 4.14
2019/07/22 00:58:00, 24.25, 23.92, 23.69, 40.36, 40.28, 0, 0, 4.14
2019/07/22 00:59:00, 24.25, 23.91, 23.69, 40.36, 40.28, 0, 0, 4.14
2019/07/22 01:00:00, 24.25, 23.91, 23.71, 40.37, 40.31, 0, 0, 4.14
2019/07/22 01:01:00, 24.25, 23.90, 23.71, 40.39, 40.31, 0, 0, 4.14
2019/07/22 01:02:00, 24.25, 23.90, 23.71, 40.39, 40.31, 0, 0, 4.14
2019/07/22 01:03:00, 24.25, 23.90, 23.69, 40.41, 40.35, 0, 0, 4.14
2019/07/22 01:04:00, 24.25, 23.91, 23.67, 40.42, 40.34, 0, 0, 4.14
2019/07/22 01:05:00, 24.25, 23.90, 23.69, 40.43, 40.35, 0, 0, 4.14
2019/07/22 01:06:00, 24.25, 23.88, 23.71, 40.44, 40.37, 0, 0, 4.14
2019/07/22 01:07:00, 24.25, 23.90, 23.69, 40.48, 40.39, 0, 0, 4.14
2019/07/22 01:08:00, 24.25, 23.88, 23.67, 40.48, 40.41, 0, 0, 4.14
2019/07/22 01:09:00, 24.25, 23.90, 23.69, 40.48, 40.40, 0, 0, 4.14
2019/07/22 01:10:00, 24.25, 23.88, 23.68, 40.53, 40.45, 0, 0, 4.14
2019/07/22 01:11:00, 24.25, 23.90, 23.67, 40.52, 40.43, 0, 0, 4.14
2019/07/22 01:12:00, 24.25, 23.90, 23.68, 40.51, 40.44, 0, 0, 4.14
2019/07/22 01:13:00, 24.25, 23.88, 23.66, 40.59, 40.49, 0, 0, 4.14
2019/07/22 01:14:00, 24.25, 23.88, 23.69, 40.55, 40.47, 0, 0, 4.14
2019/07/22 01:15:00, 24.25, 23.90, 23.66, 40.60, 40.51, 0, 0, 4.14
2019/07/22 01:16:00, 24.25, 23.87, 23.66, 40.58, 40.50, 0, 0, 4.14
2019/07/22 01:17:00, 24.25, 23.88, 23.69, 40.55, 40.52, 0, 0, 4.14
2019/07/22 01:18:00, 24.25, 23.90, 23.67, 40.64, 40.51, 0, 0, 4.14
2019/07/22 01:19:00, 24.25, 23.87, 23.68, 40.64, 40.53, 0, 0, 4.14
2019/07/22 01:20:00, 24.25, 23.90, 23.66, 40.62, 40.53, 0, 0, 4.14
2019/07/22 01:21:00, 24.25, 23.88, 23.68, 40.61, 40.54, 0, 0, 4.14
2019/07/22 01:22:00, 24.25, 23.87, 23.64, 40.66, 40.56, 0, 0, 4.14
2019/07/22 01:23:00, 24.25, 23.90, 23.66, 40.70, 40.58, 0, 0, 4.14
2019/07/22 01:24:00, 24.25, 23.87, 23.66, 40.65, 40.60, 0, 0, 4.14
2019/07/22 01:25:00, 24.25, 23.87, 23.66, 40.71, 40.60, 0, 0, 4.14
2019/07/22 01:26:00, 24.25, 23.88, 23.67, 40.71, 40.62, 0, 0, 4.14
2019/07/22 01:27:00, 24.25, 23.88, 23.65, 40.72, 40.61, 0, 0, 4.14
2019/07/22 01:28:00, 24.25, 23.85, 23.65, 40.73, 40.64, 0, 0, 4.14
2019/07/22 01:29:00, 24.25, 23.87, 23.66, 40.72, 40.63, 0, 0, 4.14
2019/07/22 01:30:00, 24.25, 23.88, 23.66, 40.77, 40.66, 0, 0, 4.14
2019/07/22 01:31:00, 24.25, 23.87, 23.66, 40.77, 40.66, 0, 0, 4.14
2019/07/22 01:32:00, 24.25, 23.85, 23.66, 40.78, 40.68, 0, 0, 4.14
2019/07/22 01:33:00, 24.25, 23.85, 23.65, 40.76, 40.69, 0, 0, 4.14
2019/07/22 01:34:00, 24.25, 23.85, 23.66, 40.73, 40.69, 0, 0, 4.14
2019/07/22 01:35:00, 24.25, 23.84, 23.65, 40.76, 40.69, 0, 0, 4.14
2019/07/22 01:36:00, 24.25, 23.87, 23.67, 40.82, 40.72, 0, 0, 4.14
2019/07/22 01:37:00, 24.25, 23.84, 23.66, 40.81, 40.74, 0, 0, 4.14
2019/07/22 01:38:00, 24.25, 23.85, 23.65, 40.86, 40.74, 0, 0, 4.14
2019/07/22 01:39:00, 24.25, 23.84, 23.66, 40.83, 40.75, 0, 0, 4.14
2019/07/22 01:40:00, 24.25, 23.85, 23.64, 40.85, 40.75, 0, 0, 4.14
2019/07/22 01:41:00, 24.25, 23.87, 23.65, 40.86, 40.76, 0, 0, 4.14
2019/07/22 01:42:00, 24.25, 23.84, 23.63, 40.89, 40.77, 0, 0, 4.14
2019/07/22 01:43:00, 24.25, 23.84, 23.64, 40.86, 40.79, 0, 0, 4.14
2019/07/22 01:44:00, 24.25, 23.84, 23.64, 40.91, 40.79, 0, 0, 4.14
2019/07/22 01:45:00, 24.25, 23.84, 23.62, 40.95, 40.81, 0, 0, 4.14
2019/07/22 01:46:00, 24.25, 23.85, 23.65, 40.93, 40.82, 0, 0, 4.14
2019/07/22 01:47:00, 24.25, 23.84, 23.63, 40.94, 40.81, 0, 0, 4.14
2019/07/22 01:48:00, 24.25, 23.84, 23.63, 40.93, 40.79, 0, 0, 4.14
2019/07/22 01:49:00, 24.25, 23.85, 23.64, 40.93, 40.82, 0, 0, 4.14
2019/07/22 01:50:00, 24.25, 23.83, 23.64, 40.95, 40.84, 0, 0, 4.14
2019/07/22 01:51:00, 24.25, 23.85, 23.65, 40.95, 40.87, 0, 0, 4.14
2019/07/22 01:52:00, 24.25, 23.84, 23.64, 40.98, 40.85, 0, 0, 4.14
2019/07/22 01:53:00, 24.25, 23.85, 23.63, 41.02, 40.86, 0, 0, 4.14
2019/07/22 01:54:00, 24.25, 23.83, 23.64, 40.96, 40.88, 0, 0, 4.14
2019/07/22 01:55:00, 24.25, 23.83, 23.62, 41.01, 40.88, 0, 0, 4.14
2019/07/22 01:56:00, 24.25, 23.83, 23.62, 41.01, 40.91, 0, 0, 4.14
2019/07/22 01:57:00, 24.25, 23.81, 23.63, 41.06, 40.90, 0, 0, 4.14
2019/07/22 01:58:00, 24.25, 23.84, 23.64, 41.01, 40.92, 0, 0, 4.14
2019/07/22 01:59:00, 24.25, 23.83, 23.62, 41.05, 40.92, 0, 0, 4.14
2019/07/22 02:00:00, 24.25, 23.84, 23.63, 41.06, 40.92, 0, 0, 4.14
2019/07/22 02:01:00, 24.25, 23.83, 23.62, 41.05, 40.95, 0, 0, 4.14
2019/07/22 02:02:00, 24.25, 23.84, 23.61, 41.06, 40.95, 0, 0, 4.14
2019/07/22 02:03:00, 24.00, 23.83, 23.60, 41.12, 40.98, 0, 0, 4.14
2019/07/22 02:04:00, 24.25, 23.81, 23.61, 41.14, 40.98, 0, 0, 4.14
2019/07/22 02:05:00, 24.25, 23.81, 23.62, 41.09, 41.00, 0, 0, 4.14
2019/07/22 02:06:00, 24.25, 23.83, 23.61, 41.13, 41.01, 0, 0, 4.14
2019/07/22 02:07:00, 24.25, 23.81, 23.60, 41.12, 41.01, 0, 0, 4.14
2019/07/22 02:08:00, 24.25, 23.83, 23.61, 41.12, 41.05, 0, 0, 4.14
2019/07/22 02:09:00, 24.25, 23.83, 23.60, 41.15, 41.04, 0, 0, 4.14
2019/07/22 02:10:00, 24.00, 23.80, 23.63, 41.17, 41.06, 0, 0, 4.14
2019/07/22 02:11:00, 24.25, 23.81, 23.61, 41.21, 41.05, 0, 0, 4.14
2019/07/22 02:12:00, 24.00, 23.81, 23.62, 41.22, 41.08, 0, 0, 4.14
2019/07/22 02:13:00, 24.00, 23.81, 23.60, 41.21, 41.09, 0, 0, 4.14
2019/07/22 02:14:00, 24.25, 23.80, 23.61, 41.25, 41.10, 0, 0, 4.14
2019/07/22 02:15:00, 24.00, 23.81, 23.61, 41.22, 41.12, 0, 0, 4.14
2019/07/22 02:16:00, 24.00, 23.83, 23.62, 41.22, 41.12, 0, 0, 4.14
2019/07/22 02:17:00, 24.00, 23.81, 23.60, 41.22, 41.13, 0, 0, 4.14
2019/07/22 02:18:00, 24.00, 23.80, 23.60, 41.28, 41.12, 0, 0, 4.14
2019/07/22 02:19:00, 24.00, 23.80, 23.60, 41.30, 41.14, 0, 0, 4.14
2019/07/22 02:20:00, 24.00, 23.79, 23.60, 41.33, 41.18, 0, 0, 4.14
2019/07/22 02:21:00, 24.00, 23.79, 23.59, 41.29, 41.16, 0, 0, 4.14
2019/07/22 02:22:00, 24.00, 23.80, 23.59, 41.32, 41.20, 0, 0, 4.14
2019/07/22 02:23:00, 24.00, 23.80, 23.58, 41.35, 41.21, 0, 0, 4.14
2019/07/22 02:24:00, 24.00, 23.80, 23.58, 41.33, 41.24, 0, 0, 4.14
2019/07/22 02:25:00, 24.00, 23.79, 23.59, 41.35, 41.24, 0, 0, 4.14
2019/07/22 02:26:00, 24.00, 23.81, 23.60, 41.38, 41.24, 0, 0, 4.14
2019/07/22 02:27:00, 24.00, 23.79, 23.60, 41.36, 41.24, 0, 0, 4.14
2019/07/22 02:28:00, 24.00, 23.79, 23.58, 41.31, 41.25, 0, 0, 4.14
2019/07/22 02:29:00, 24.00, 23.79, 23.58, 41.32, 41.23, 0, 0, 4.14
2019/07/22 02:30:00, 24.00, 23.79, 23.60, 41.40, 41.27, 0, 0, 4.14
2019/07/22 02:31:00, 24.00, 23.77, 23.58, 41.41, 41.26, 0, 0, 4.14
2019/07/22 02:32:00, 24.00, 23.80, 23.59, 41.40, 41.28, 0, 0, 4.14
2019/07/22 02:33:00, 24.00, 23.77, 23.57, 41.40, 41.27, 0, 0, 4.14
2019/07/22 02:34:00, 24.00, 23.80, 23.58, 41.41, 41.30, 0, 0, 4.14
2019/07/22 02:35:00, 24.00, 23.77, 23.57, 41.43, 41.30, 0, 0, 4.14
2019/07/22 02:36:00, 24.00, 23.79, 23.59, 41.36, 41.30, 0, 0, 4.14
2019/07/22 02:37:00, 24.00, 23.80, 23.59, 41.43, 41.30, 0, 0, 4.14
2019/07/22 02:38:00, 24.00, 23.77, 23.59, 41.41, 41.30, 0, 0, 4.14
2019/07/22 02:39:00, 24.00, 23.77, 23.56, 41.41, 41.29, 0, 0, 4.14
2019/07/22 02:40:00, 24.00, 23.80, 23.60, 41.40, 41.27, 0, 0, 4.14
2019/07/22 02:41:00, 24.00, 23.77, 23.56, 41.43, 41.29, 0, 0, 4.14
2019/07/22 02:42:00, 24.00, 23.77, 23.54, 41.41, 41.29, 0, 0, 4.14
2019/07/22 02:43:00, 24.00, 23.77, 23.56, 41.47, 41.30, 0, 0, 4.14
2019/07/22 02:44:00, 24.00, 23.76, 23.57, 41.36, 41.29, 0, 0, 4.14
2019/07/22 02:45:00, 24.00, 23.79, 23.57, 41.49, 41.31, 0, 0, 4.14
2019/07/22 02:46:00, 24.00, 23.77, 23.57, 41.48, 41.31, 0, 0, 4.14
2019/07/22 02:47:00, 24.00, 23.76, 23.57, 41.44, 41.31, 0, 0, 4.14
2019/07/22 02:48:00, 24.00, 23.76, 23.58, 41.47, 41.33, 0, 0, 4.14
2019/07/22 02:49:00, 24.00, 23.76, 23.56, 41.48, 41.31, 0, 0, 4.14
2019/07/22 02:50:00, 24.00, 23.76, 23.54, 41.47, 41.34, 0, 0, 4.14
2019/07/22 02:51:00, 24.00, 23.76, 23.57, 41.49, 41.34, 0, 0, 4.14
2019/07/22 02:52:00, 24.00, 23.76, 23.53, 41.47, 41.34, 0, 0, 4.14
2019/07/22 02:53:00, 24.00, 23.74, 23.56, 41.46, 41.33, 0, 0, 4.14
2019/07/22 02:54:00, 24.00, 23.74, 23.56, 41.45, 41.36, 0, 0, 4.14
2019/07/22 02:55:00, 24.00, 23.77, 23.57, 41.46, 41.34, 0, 0, 4.14
2019/07/22 02:56:00, 24.00, 23.74, 23.54, 41.48, 41.38, 0, 0, 4.14
2019/07/22 02:57:00, 24.00, 23.76, 23.54, 41.49, 41.38, 0, 0, 4.14
2019/07/22 02:58:00, 24.00, 23.73, 23.53, 41.47, 41.37, 0, 0, 4.14
2019/07/22 02:59:00, 24.00, 23.74, 23.54, 41.53, 41.37, 0, 0, 4.14
2019/07/22 03:00:00, 24.00, 23.74, 23.54, 41.53, 41.39, 0, 0, 4.14
2019/07/22 03:01:00, 24.00, 23.77, 23.54, 41.55, 41.41, 0, 0, 4.14
2019/07/22 03:02:00, 24.00, 23.71, 23.54, 41.54, 41.43, 0, 0, 4.14
2019/07/22 03:03:00, 24.00, 23.73, 23.53, 41.58, 41.43, 0, 0, 4.14
2019/07/22 03:04:00, 24.00, 23.74, 23.56, 41.56, 41.43, 0, 0, 4.14
2019/07/22 03:05:00, 24.00, 23.73, 23.52, 41.55, 41.43, 0, 0, 4.14
2019/07/22 03:06:00, 24.00, 23.74, 23.53, 41.55, 41.43, 0, 0, 4.14
2019/07/22 03:07:00, 24.00, 23.73, 23.53, 41.52, 41.43, 0, 0, 4.14
2019/07/22 03:08:00, 24.00, 23.73, 23.50, 41.58, 41.43, 0, 0, 4.14
2019/07/22 03:09:00, 24.00, 23.74, 23.52, 41.59, 41.46, 0, 0, 4.14
2019/07/22 03:10:00, 24.00, 23.74, 23.51, 41.64, 41.47, 0, 0, 4.14
2019/07/22 03:11:00, 24.00, 23.74, 23.53, 41.62, 41.47, 0, 0, 4.14
2019/07/22 03:12:00, 24.00, 23.74, 23.54, 41.61, 41.50, 0, 0, 4.14
2019/07/22 03:13:00, 24.00, 23.76, 23.52, 41.63, 41.49, 0, 0, 4.14
2019/07/22 03:14:00, 24.00, 23.74, 23.52, 41.66, 41.49, 0, 0, 4.14
2019/07/22 03:15:00, 24.00, 23.73, 23.50, 41.65, 41.50, 0, 0, 4.14
2019/07/22 03:16:00, 24.00, 23.73, 23.49, 41.63, 41.49, 0, 0, 4.14
2019/07/22 03:17:00, 24.00, 23.73, 23.50, 41.65, 41.50, 0, 0, 4.14
2019/07/22 03:18:00, 24.00, 23.73, 23.51, 41.67, 41.53, 0, 0, 4.14
2019/07/22 03:19:00, 24.00, 23.71, 23.51, 41.62, 41.51, 0, 0, 4.14
2019/07/22 03:20:00, 24.00, 23.73, 23.51, 41.65, 41.53, 0, 0, 4.14
2019/07/22 03:21:00, 24.00, 23.71, 23.49, 41.66, 41.53, 0, 0, 4.14
2019/07/22 03:22:00, 24.00, 23.70, 23.51, 41.66, 41.53, 0, 0, 4.14
2019/07/22 03:23:00, 24.00, 23.70, 23.51, 41.69, 41.53, 0, 0, 4.14
2019/07/22 03:24:00, 24.00, 23.71, 23.49, 41.75, 41.57, 0, 0, 4.14
2019/07/22 03:25:00, 24.00, 23.71, 23.51, 41.72, 41.58, 0, 0, 4.14
2019/07/22 03:26:00, 24.00, 23.68, 23.50, 41.70, 41.57, 0, 0, 4.14
2019/07/22 03:27:00, 24.00, 23.73, 23.51, 41.72, 41.58, 0, 0, 4.14
2019/07/22 03:28:00, 24.00, 23.70, 23.50, 41.71, 41.59, 0, 0, 4.14
2019/07/22 03:29:00, 24.00, 23.71, 23.50, 41.72, 41.56, 0, 0, 4.14
2019/07/22 03:30:00, 24.00, 23.70, 23.50, 41.71, 41.57, 0, 0, 4.14
2019/07/22 03:31:00, 24.00, 23.71, 23.51, 41.70, 41.56, 0, 0, 4.14
2019/07/22 03:32:00, 24.00, 23.71, 23.50, 41.68, 41.57, 0, 0, 4.14
2019/07/22 03:33:00, 24.00, 23.73, 23.50, 41.72, 41.59, 0, 0, 4.14
2019/07/22 03:34:00, 24.00, 23.71, 23.50, 41.71, 41.59, 0, 0, 4.14
2019/07/22 03:35:00, 24.00, 23.73, 23.50, 41.74, 41.61, 0, 0, 4.14
2019/07/22 03:36:00, 24.00, 23.73, 23.50, 41.79, 41.64, 0, 0, 4.14
2019/07/22 03:37:00, 24.00, 23.70, 23.50, 41.75, 41.64, 0, 0, 4.14
2019/07/22 03:38:00, 24.00, 23.70, 23.49, 41.77, 41.65, 0, 0, 4.14
2019/07/22 03:39:00, 24.00, 23.71, 23.49, 41.83, 41.63, 0, 0, 4.14
2019/07/22 03:40:00, 24.00, 23.71, 23.51, 41.79, 41.65, 0, 0, 4.14
2019/07/22 03:41:00, 24.00, 23.70, 23.50, 41.82, 41.66, 0, 0, 4.14
2019/07/22 03:42:00, 24.00, 23.70, 23.48, 41.85, 41.67, 0, 0, 4.14
2019/07/22 03:43:00, 24.00, 23.70, 23.49, 41.82, 41.68, 0, 0, 4.14
2019/07/22 03:44:00, 24.00, 23.70, 23.47, 41.84, 41.69, 0, 0, 4.14
2019/07/22 03:45:00, 24.00, 23.70, 23.49, 41.86, 41.69, 0, 0, 4.14
2019/07/22 03:46:00, 24.00, 23.71, 23.48, 41.84, 41.69, 0, 0, 4.14
2019/07/22 03:47:00, 24.00, 23.68, 23.50, 41.82, 41.72, 0, 0, 4.14
2019/07/22 03:48:00, 24.00, 23.71, 23.50, 41.92, 41.69, 0, 0, 4.14
2019/07/22 03:49:00, 24.00, 23.71, 23.47, 41.83, 41.69, 0, 0, 4.14
2019/07/22 03:50:00, 24.00, 23.68, 23.47, 41.88, 41.72, 0, 0, 4.14
2019/07/22 03:51:00, 24.00, 23.70, 23.47, 41.87, 41.74, 0, 0, 4.14
2019/07/22 03:52:00, 24.00, 23.68, 23.47, 41.87, 41.75, 0, 0, 4.14
2019/07/22 03:53:00, 24.00, 23.68, 23.48, 41.90, 41.73, 0, 0, 4.14
2019/07/22 03:54:00, 24.00, 23.70, 23.48, 41.90, 41.75, 0, 0, 4.14
2019/07/22 03:55:00, 24.00, 23.70, 23.48, 41.95, 41.76, 0, 0, 4.14
2019/07/22 03:56:00, 24.00, 23.67, 23.47, 41.91, 41.76, 0, 0, 4.14
2019/07/22 03:57:00, 24.00, 23.67, 23.48, 41.95, 41.79, 0, 0, 4.14
2019/07/22 03:58:00, 24.00, 23.68, 23.48, 41.93, 41.79, 0, 0, 4.14
2019/07/22 03:59:00, 24.00, 23.68, 23.47, 41.96, 41.81, 0, 0, 4.14
2019/07/22 04:00:00, 24.00, 23.64, 23.47, 41.97, 41.82, 0, 0, 4.14
2019/07/22 04:01:00, 24.00, 23.65, 23.47, 42.00, 41.82, 0, 0, 4.14
2019/07/22 04:02:00, 24.00, 23.67, 23.47, 41.96, 41.83, 0, 0, 4.14
2019/07/22 04:03:00, 24.00, 23.68, 23.47, 42.00, 41.85, 0, 0, 4.14
2019/07/22 04:04:00, 24.00, 23.67, 23.45, 42.03, 41.85, 0, 0, 4.14
2019/07/22 04:05:00, 24.00, 23.64, 23.46, 42.03, 41.88, 0, 0, 4.14
2019/07/22 04:06:00, 24.00, 23.68, 23.45, 42.02, 41.88, 0, 0, 4.14
2019/07/22 04:07:00, 24.00, 23.68, 23.46, 42.04, 41.88, 0, 0, 4.14
2019/07/22 04:08:00, 24.00, 23.67, 23.47, 42.05, 41.89, 0, 0, 4.14
2019/07/22 04:09:00, 24.00, 23.65, 23.45, 42.04, 41.90, 0, 0, 4.14
2019/07/22 04:10:00, 24.00, 23.67, 23.47, 42.05, 41.89, 0, 0, 4.14
2019/07/22 04:11:00, 24.00, 23.65, 23.44, 42.07, 41.90, 0, 0, 4.14
2019/07/22 04:12:00, 24.00, 23.65, 23.44, 42.07, 41.91, 0, 0, 4.14
2019/07/22 04:13:00, 24.00, 23.65, 23.46, 42.08, 41.93, 0, 0, 4.14
2019/07/22 04:14:00, 24.00, 23.67, 23.45, 42.08, 41.93, 0, 0, 4.14
2019/07/22 04:15:00, 24.00, 23.63, 23.45, 42.09, 41.95, 0, 0, 4.14
2019/07/22 04:16:00, 24.00, 23.67, 23.45, 42.11, 41.97, 0, 0, 4.14
2019/07/22 04:17:00, 24.00, 23.68, 23.45, 42.08, 41.95, 0, 0, 4.14
2019/07/22 04:18:00, 24.00, 23.67, 23.46, 42.12, 41.95, 0, 0, 4.14
2019/07/22 04:19:00, 24.00, 23.65, 23.45, 42.14, 41.97, 0, 0, 4.14
2019/07/22 04:20:00, 24.00, 23.67, 23.45, 42.13, 41.97, 0, 0, 4.14
2019/07/22 04:21:00, 24.00, 23.61, 23.45, 42.18, 41.98, 0, 0, 4.14
2019/07/22 04:22:00, 24.00, 23.67, 23.44, 42.19, 41.98, 0, 0, 4.14
2019/07/22 04:23:00, 24.00, 23.63, 23.45, 42.16, 41.98, 0, 0, 4.14
2019/07/22 04:24:00, 24.00, 23.64, 23.44, 42.17, 42.01, 0, 0, 4.14
2019/07/22 04:25:00, 24.00, 23.64, 23.43, 42.21, 42.03, 0, 0, 4.14
2019/07/22 04:26:00, 24.00, 23.67, 23.44, 42.20, 42.02, 0, 0, 4.14
2019/07/22 04:27:00, 24.00, 23.64, 23.41, 42.16, 42.03, 0, 0, 4.14
2019/07/22 04:28:00, 24.00, 23.61, 23.43, 42.25, 42.05, 0, 0, 4.14
2019/07/22 04:29:00, 24.00, 23.63, 23.44, 42.24, 42.06, 0, 0, 4.14
2019/07/22 04:30:00, 24.00, 23.63, 23.44, 42.22, 42.08, 0, 0, 4.14
2019/07/22 04:31:00, 24.00, 23.65, 23.43, 42.24, 42.05, 0, 0, 4.14
2019/07/22 04:32:00, 24.00, 23.60, 23.44, 42.25, 42.08, 0, 0, 4.14
2019/07/22 04:33:00, 24.00, 23.63, 23.42, 42.23, 42.07, 0, 0, 4.14
2019/07/22 04:34:00, 24.00, 23.63, 23.42, 42.24, 42.08, 0, 0, 4.14
2019/07/22 04:35:00, 24.00, 23.63, 23.41, 42.27, 42.10, 0, 0, 4.14
2019/07/22 04:36:00, 24.00, 23.61, 23.41, 42.28, 42.11, 0, 0, 4.14
2019/07/22 04:37:00, 24.00, 23.63, 23.41, 42.30, 42.10, 0, 0, 4.14
2019/07/22 04:38:00, 24.00, 23.60, 23.41, 42.24, 42.11, 0, 0, 4.14
2019/07/22 04:39:00, 24.00, 23.61, 23.42, 42.33, 42.12, 0, 0, 4.14
2019/07/22 04:40:00, 24.00, 23.60, 23.43, 42.30, 42.11, 0, 0, 4.14
2019/07/22 04:41:00, 24.00, 23.60, 23.41, 42.29, 42.11, 0, 0, 4.14
2019/07/22 04:42:00, 24.00, 23.60, 23.41, 42.29, 42.12, 0, 0, 4.14
2019/07/22 04:43:00, 24.00, 23.61, 23.41, 42.29, 42.13, 0, 0, 4.14
2019/07/22 04:44:00, 24.00, 23.63, 23.41, 42.30, 42.12, 0, 0, 4.14
2019/07/22 04:45:00, 24.00, 23.61, 23.42, 42.33, 42.12, 0, 0, 4.14
2019/07/22 04:46:00, 24.00, 23.61, 23.41, 42.31, 42.14, 0, 0, 4.14
2019/07/22 04:47:00, 24.00, 23.60, 23.39, 42.34, 42.14, 0, 0, 4.14
2019/07/22 04:48:00, 24.00, 23.60, 23.36, 42.30, 42.16, 0, 0, 4.14
2019/07/22 04:49:00, 24.00, 23.59, 23.41, 42.37, 42.17, 0, 0, 4.14
2019/07/22 04:50:00, 24.00, 23.59, 23.41, 42.38, 42.19, 0, 0, 4.14
2019/07/22 04:51:00, 24.00, 23.59, 23.39, 42.42, 42.23, 0, 0, 4.14
2019/07/22 04:52:00, 24.00, 23.59, 23.38, 42.39, 42.22, 0, 0, 4.14
2019/07/22 04:53:00, 24.00, 23.59, 23.37, 42.38, 42.22, 0, 0, 4.14
2019/07/22 04:54:00, 24.00, 23.60, 23.37, 42.43, 42.22, 0, 0, 4.14
2019/07/22 04:55:00, 24.00, 23.60, 23.39, 42.46, 42.22, 0, 0, 4.14
2019/07/22 04:56:00, 24.00, 23.60, 23.38, 42.45, 42.23, 0, 0, 4.14
2019/07/22 04:57:00, 24.00, 23.59, 23.38, 42.43, 42.25, 0, 0, 4.14
2019/07/22 04:58:00, 24.00, 23.60, 23.41, 42.47, 42.24, 0, 0, 4.14
2019/07/22 04:59:00, 24.00, 23.59, 23.35, 42.47, 42.27, 0, 0, 4.14
2019/07/22 05:00:00, 24.00, 23.56, 23.37, 42.52, 42.30, 0, 0, 4.14
2019/07/22 05:01:00, 24.00, 23.59, 23.38, 42.50, 42.32, 0, 0, 4.14
2019/07/22 05:02:00, 24.00, 23.56, 23.37, 42.56, 42.33, 0, 0, 4.14
2019/07/22 05:03:00, 24.00, 23.59, 23.37, 42.53, 42.33, 0, 0, 4.14
2019/07/22 05:04:00, 24.00, 23.59, 23.35, 42.55, 42.36, 0, 0, 4.14
2019/07/22 05:05:00, 24.00, 23.57, 23.35, 42.53, 42.37, 0, 0, 4.14
2019/07/22 05:06:00, 24.00, 23.54, 23.37, 42.56, 42.37, 0, 0, 4.14
2019/07/22 05:07:00, 24.00, 23.56, 23.38, 42.61, 42.40, 0, 0, 4.14
2019/07/22 05:08:00, 24.00, 23.59, 23.35, 42.68, 42.43, 0, 0, 4.14
2019/07/22 05:09:00, 24.00, 23.56, 23.36, 42.68, 42.45, 0, 0, 4.14
2019/07/22 05:10:00, 24.00, 23.56, 23.37, 42.65, 42.48, 0, 0, 4.14
2019/07/22 05:11:00, 24.00, 23.57, 23.37, 42.73, 42.53, 0, 0, 4.14
2019/07/22 05:12:00, 24.00, 23.57, 23.35, 42.76, 42.55, 0, 0, 4.14
2019/07/22 05:13:00, 24.00, 23.54, 23.33, 42.80, 42.57, 0, 0, 4.14
2019/07/22 05:14:00, 24.00, 23.57, 23.36, 42.73, 42.57, 0, 0, 4.14
2019/07/22 05:15:00, 24.00, 23.56, 23.35, 42.78, 42.56, 0, 0, 4.14
2019/07/22 05:16:00, 24.00, 23.59, 23.36, 42.78, 42.56, 0, 0, 4.14
2019/07/22 05:17:00, 24.00, 23.54, 23.35, 42.80, 42.56, 0, 0, 4.14
2019/07/22 05:18:00, 24.00, 23.56, 23.36, 42.81, 42.59, 0, 0, 4.14
2019/07/22 05:19:00, 24.00, 23.59, 23.35, 42.85, 42.64, 0, 0, 4.14
2019/07/22 05:20:00, 24.00, 23.56, 23.35, 42.88, 42.66, 0, 0, 4.14
2019/07/22 05:21:00, 24.00, 23.53, 23.35, 42.89, 42.68, 0, 0, 4.14
2019/07/22 05:22:00, 24.00, 23.56, 23.34, 42.89, 42.69, 0, 0, 4.14
2019/07/22 05:23:00, 24.00, 23.56, 23.37, 42.96, 42.73, 0, 0, 4.14
2019/07/22 05:24:00, 24.00, 23.56, 23.34, 42.92, 42.73, 0, 0, 4.14
2019/07/22 05:25:00, 24.00, 23.54, 23.35, 42.96, 42.73, 0, 0, 4.14
2019/07/22 05:26:00, 24.00, 23.57, 23.35, 43.04, 42.78, 0, 0, 4.14
2019/07/22 05:27:00, 24.00, 23.56, 23.35, 43.00, 42.78, 0, 0, 4.14
2019/07/22 05:28:00, 24.00, 23.56, 23.34, 43.03, 42.79, 0, 0, 4.14
2019/07/22 05:29:00, 24.00, 23.57, 23.34, 43.04, 42.81, 0, 0, 4.14
2019/07/22 05:30:00, 24.00, 23.53, 23.35, 43.14, 42.86, 0, 0, 4.14
2019/07/22 05:31:00, 24.00, 23.56, 23.34, 43.09, 42.88, 0, 0, 4.14
2019/07/22 05:32:00, 24.00, 23.54, 23.35, 43.12, 42.89, 0, 0, 4.14
2019/07/22 05:33:00, 24.00, 23.54, 23.32, 43.13, 42.91, 0, 0, 4.14
2019/07/22 05:34:00, 24.00, 23.54, 23.33, 43.24, 42.97, 0, 0, 4.14
2019/07/22 05:35:00, 24.00, 23.54, 23.35, 43.29, 43.00, 0, 0, 4.14
2019/07/22 05:36:00, 24.00, 23.53, 23.35, 43.29, 43.03, 0, 0, 4.14
2019/07/22 05:37:00, 24.00, 23.54, 23.34, 43.29, 43.04, 0, 0, 4.14
2019/07/22 05:38:00, 24.00, 23.53, 23.35, 43.32, 43.06, 0, 0, 4.14
2019/07/22 05:39:00, 24.00, 23.54, 23.35, 43.34, 43.08, 0, 0, 4.14
2019/07/22 05:40:00, 24.00, 23.54, 23.34, 43.34, 43.10, 0, 0, 4.14
2019/07/22 05:41:00, 24.00, 23.54, 23.35, 43.37, 43.13, 0, 0, 4.14
2019/07/22 05:42:00, 24.00, 23.54, 23.33, 43.39, 43.13, 0, 0, 4.14
2019/07/22 05:43:00, 24.00, 23.54, 23.35, 43.43, 43.14, 0, 0, 4.14
2019/07/22 05:44:00, 24.00, 23.56, 23.36, 43.42, 43.14, 0, 0, 4.14
2019/07/22 05:45:00, 24.00, 23.54, 23.37, 43.46, 43.17, 0, 0, 4.14
2019/07/22 05:46:00, 24.00, 23.54, 23.34, 43.49, 43.22, 0, 0, 4.14
2019/07/22 05:47:00, 24.00, 23.56, 23.35, 43.49, 43.24, 0, 0, 4.14
2019/07/22 05:48:00, 24.00, 23.54, 23.33, 43.54, 43.26, 0, 0, 4.14
2019/07/22 05:49:00, 24.00, 23.56, 23.34, 43.55, 43.30, 0, 0, 4.14
2019/07/22 05:50:00, 24.00, 23.57, 23.34, 43.58, 43.34, 0, 0, 4.14
2019/07/22 05:51:00, 24.00, 23.56, 23.35, 43.54, 43.31, 0, 0, 4.14
2019/07/22 05:52:00, 24.00, 23.53, 23.35, 43.59, 43.33, 0, 0, 4.14
2019/07/22 05:53:00, 24.00, 23.56, 23.36, 43.63, 43.36, 0, 0, 4.14
2019/07/22 05:54:00, 24.00, 23.56, 23.35, 43.63, 43.37, 0, 0, 4.14
2019/07/22 05:55:00, 24.00, 23.56, 23.34, 43.64, 43.40, 0, 0, 4.14
2019/07/22 05:56:00, 24.00, 23.57, 23.35, 43.65, 43.40, 0, 0, 4.14
2019/07/22 05:57:00, 24.00, 23.56, 23.36, 43.69, 43.43, 0, 0, 4.14
2019/07/22 05:58:00, 24.00, 23.56, 23.36, 43.73, 43.46, 0, 0, 4.14
2019/07/22 05:59:00, 24.00, 23.54, 23.36, 43.70, 43.45, 0, 0, 4.14
2019/07/22 06:00:00, 24.00, 23.57, 23.34, 43.70, 43.45, 0, 0, 4.14
2019/07/22 06:01:00, 24.00, 23.56, 23.36, 43.74, 43.46, 0, 0, 4.14
2019/07/22 06:02:00, 24.00, 23.56, 23.36, 43.74, 43.49, 0, 0, 4.14
2019/07/22 06:03:00, 24.00, 23.57, 23.33, 43.81, 43.54, 0, 0, 4.14
2019/07/22 06:04:00, 23.75, 23.59, 23.35, 43.79, 43.53, 0, 0, 4.14
2019/07/22 06:05:00, 24.00, 23.57, 23.36, 43.84, 43.57, 0, 0, 4.14
2019/07/22 06:06:00, 24.00, 23.57, 23.37, 43.81, 43.56, 0, 0, 4.14
2019/07/22 06:07:00, 24.00, 23.59, 23.36, 43.83, 43.60, 0, 0, 4.14
2019/07/22 06:08:00, 24.00, 23.59, 23.37, 43.86, 43.60, 0, 0, 4.14
2019/07/22 06:09:00, 24.00, 23.56, 23.35, 43.88, 43.59, 0, 0, 4.14
2019/07/22 06:10:00, 24.00, 23.54, 23.37, 43.90, 43.61, 0, 0, 4.14
2019/07/22 06:11:00, 24.00, 23.57, 23.37, 43.85, 43.62, 0, 0, 4.14
2019/07/22 06:12:00, 24.00, 23.59, 23.39, 43.89, 43.60, 0, 0, 4.14
2019/07/22 06:13:00, 24.00, 23.57, 23.37, 43.89, 43.63, 0, 0, 4.14
2019/07/22 06:14:00, 24.00, 23.57, 23.36, 43.88, 43.64, 0, 0, 4.14
2019/07/22 06:15:00, 24.00, 23.59, 23.37, 43.88, 43.62, 0, 0, 4.14
2019/07/22 06:16:00, 24.00, 23.59, 23.39, 43.91, 43.64, 0, 0, 4.14
2019/07/22 06:17:00, 24.00, 23.59, 23.37, 43.94, 43.68, 0, 0, 4.14
2019/07/22 06:18:00, 24.00, 23.63, 23.38, 43.90, 43.68, 0, 0, 4.14
2019/07/22 06:19:00, 24.00, 23.60, 23.38, 43.90, 43.66, 0, 0, 4.14
2019/07/22 06:20:00, 24.00, 23.59, 23.39, 43.99, 43.69, 0, 0, 4.14
2019/07/22 06:21:00, 24.00, 23.59, 23.38, 43.96, 43.74, 0, 0, 4.14
2019/07/22 06:22:00, 24.00, 23.57, 23.38, 44.02, 43.74, 0, 0, 4.14
2019/07/22 06:23:00, 24.00, 23.61, 23.39, 44.00, 43.73, 0, 0, 4.14
2019/07/22 06:24:00, 24.00, 23.61, 23.41, 44.00, 43.75, 0, 0, 4.14
2019/07/22 06:25:00, 24.00, 23.59, 23.39, 44.03, 43.77, 0, 0, 4.14
2019/07/22 06:26:00, 24.00, 23.59, 23.41, 44.04, 43.77, 0, 0, 4.14
2019/07/22 06:27:00, 24.00, 23.60, 23.41, 44.05, 43.78, 0, 0, 4.14
2019/07/22 06:28:00, 24.00, 23.61, 23.41, 44.05, 43.81, 0, 0, 4.14
2019/07/22 06:29:00, 24.00, 23.60, 23.39, 44.06, 43.81, 0, 0, 4.14
2019/07/22 06:30:00, 24.00, 23.60, 23.42, 44.10, 43.83, 0, 0, 4.14
2019/07/22 06:31:00, 24.00, 23.60, 23.41, 44.09, 43.84, 0, 0, 4.14
2019/07/22 06:32:00, 24.00, 23.63, 23.38, 44.09, 43.86, 0, 0, 4.14
2019/07/22 06:33:00, 24.00, 23.60, 23.41, 44.09, 43.87, 0, 0, 4.14
2019/07/22 06:34:00, 24.00, 23.60, 23.41, 44.12, 43.86, 0, 0, 4.14
2019/07/22 06:35:00, 24.00, 23.61, 23.41, 44.16, 43.89, 0, 0, 4.14
2019/07/22 06:36:00, 24.00, 23.61, 23.41, 44.15, 43.88, 0, 0, 4.14
2019/07/22 06:37:00, 24.00, 23.61, 23.39, 44.17, 43.91, 0, 0, 4.14
2019/07/22 06:38:00, 24.00, 23.64, 23.42, 44.17, 43.93, 0, 0, 4.14
2019/07/22 06:39:00, 24.00, 23.63, 23.41, 44.19, 43.93, 0, 0, 4.14
2019/07/22 06:40:00, 24.00, 23.61, 23.43, 44.16, 43.94, 0, 0, 4.14
2019/07/22 06:41:00, 24.00, 23.67, 23.45, 44.17, 43.93, 0, 0, 4.14
2019/07/22 06:42:00, 24.00, 23.63, 23.45, 44.17, 43.94, 0, 0, 4.14
2019/07/22 06:43:00, 24.00, 23.67, 23.47, 44.23, 43.94, 0, 0, 4.14
2019/07/22 06:44:00, 24.00, 23.65, 23.46, 44.25, 43.94, 0, 0, 4.14
2019/07/22 06:45:00, 24.00, 23.65, 23.47, 44.15, 43.94, 0, 0, 4.14
2019/07/22 06:46:00, 24.00, 23.68, 23.46, 44.21, 43.94, 0, 0, 4.14
2019/07/22 06:47:00, 24.00, 23.67, 23.50, 44.22, 43.94, 0, 0, 4.14
2019/07/22 06:48:00, 24.00, 23.70, 23.50, 44.23, 43.94, 0, 0, 4.14
2019/07/22 06:49:00, 24.00, 23.71, 23.51, 44.23, 43.94, 0, 0, 4.14
2019/07/22 06:50:00, 24.00, 23.71, 23.52, 44.15, 43.91, 0, 0, 4.14
2019/07/22 06:51:00, 24.00, 23.74, 23.51, 44.14, 43.90, 0, 0, 4.14
2019/07/22 06:52:00, 24.00, 23.73, 23.51, 44.13, 43.87, 0, 0, 4.14
2019/07/22 06:53:00, 24.00, 23.71, 23.51, 44.12, 43.88, 0, 0, 4.14
2019/07/22 06:54:00, 24.00, 23.73, 23.54, 44.14, 43.88, 0, 0, 4.14
2019/07/22 06:55:00, 24.00, 23.76, 23.54, 44.10, 43.88, 0, 0, 4.14
2019/07/22 06:56:00, 24.00, 23.74, 23.53, 44.16, 43.91, 0, 0, 4.14
2019/07/22 06:57:00, 24.00, 23.74, 23.56, 44.14, 43.90, 0, 0, 4.14
2019/07/22 06:58:00, 24.00, 23.74, 23.54, 44.17, 43.90, 0, 0, 4.14
2019/07/22 06:59:00, 24.00, 23.74, 23.57, 44.20, 43.92, 0, 0, 4.14
2019/07/22 07:00:00, 24.00, 23.79, 23.57, 44.15, 43.93, 0, 0, 4.14
2019/07/22 07:01:00, 24.00, 23.77, 23.57, 44.17, 43.93, 0, 0, 4.14
2019/07/22 07:02:00, 24.00, 23.79, 23.57, 44.18, 43.94, 0, 0, 4.14
2019/07/22 07:03:00, 24.00, 23.76, 23.56, 44.15, 43.91, 0, 0, 4.14
2019/07/22 07:04:00, 24.00, 23.79, 23.58, 44.20, 43.92, 0, 0, 4.14
2019/07/22 07:05:00, 24.00, 23.79, 23.58, 44.22, 43.94, 0, 0, 4.14
2019/07/22 07:06:00, 24.00, 23.77, 23.61, 44.18, 43.96, 0, 0, 4.14
2019/07/22 07:07:00, 24.00, 23.81, 23.60, 44.18, 43.94, 0, 0, 4.14
2019/07/22 07:08:00, 24.00, 23.83, 23.63, 44.17, 43.91, 0, 0, 4.14
2019/07/22 07:09:00, 24.00, 23.84, 23.63, 44.19, 43.91, 0, 0, 4.14
2019/07/22 07:10:00, 24.00, 23.84, 23.65, 44.16, 43.91, 0, 0, 4.14
2019/07/22 07:11:00, 24.00, 23.87, 23.67, 44.12, 43.88, 0, 0, 4.14
2019/07/22 07:12:00, 24.00, 23.88, 23.67, 44.15, 43.88, 0, 0, 4.14
2019/07/22 07:13:00, 24.00, 23.90, 23.69, 44.17, 43.89, 0, 0, 4.14
2019/07/22 07:14:00, 24.00, 23.88, 23.68, 44.11, 43.86, 0, 0, 4.14
2019/07/22 07:15:00, 24.00, 23.90, 23.71, 44.11, 43.86, 0, 0, 4.14
2019/07/22 07:16:00, 24.00, 23.90, 23.73, 44.09, 43.84, 0, 0, 4.14
2019/07/22 07:17:00, 24.00, 23.91, 23.74, 44.11, 43.84, 0, 0, 4.14
2019/07/22 07:18:00, 24.00, 23.94, 23.74, 44.06, 43.84, 0, 0, 4.14
2019/07/22 07:19:00, 24.00, 23.92, 23.74, 44.10, 43.81, 0, 0, 4.14
2019/07/22 07:20:00, 24.00, 23.95, 23.74, 44.11, 43.85, 0, 0, 4.14
2019/07/22 07:21:00, 24.00, 23.94, 23.73, 44.09, 43.82, 0, 0, 4.14
2019/07/22 07:22:00, 24.00, 23.94, 23.75, 44.10, 43.81, 0, 0, 4.14
2019/07/22 07:23:00, 24.00, 23.97, 23.75, 44.12, 43.85, 0, 0, 4.14
2019/07/22 07:24:00, 24.00, 23.97, 23.77, 44.10, 43.85, 0, 0, 4.14
2019/07/22 07:25:00, 24.00, 23.95, 23.77, 44.10, 43.83, 0, 0, 4.14
2019/07/22 07:26:00, 24.00, 23.95, 23.78, 44.13, 43.85, 0, 0, 4.14
2019/07/22 07:27:00, 24.00, 23.97, 23.77, 44.13, 43.86, 0, 0, 4.14
2019/07/22 07:28:00, 24.00, 23.98, 23.80, 44.04, 43.81, 0, 0, 4.14
2019/07/22 07:29:00, 24.00, 23.99, 23.80, 44.11, 43.81, 0, 0, 4.14
2019/07/22 07:30:00, 24.00, 24.01, 23.82, 44.15, 43.85, 0, 0, 4.14
2019/07/22 07:31:00, 24.00, 24.01, 23.83, 44.16, 43.86, 0, 0, 4.14
2019/07/22 07:32:00, 24.00, 24.01, 23.83, 44.17, 43.88, 0, 0, 4.14
2019/07/22 07:33:00, 24.00, 24.02, 23.84, 44.25, 43.98, 0, 0, 4.14
2019/07/22 07:34:00, 24.00, 24.05, 23.84, 44.25, 43.97, 0, 0, 4.14
2019/07/22 07:35:00, 24.00, 24.05, 23.87, 44.29, 43.99, 0, 0, 4.14
2019/07/22 07:36:00, 24.00, 24.08, 23.88, 44.30, 44.00, 0, 0, 4.14
2019/07/22 07:37:00, 24.00, 24.08, 23.88, 44.39, 44.08, 0, 0, 4.14
2019/07/22 07:38:00, 24.00, 24.08, 23.89, 44.45, 44.13, 0, 0, 4.14
2019/07/22 07:39:00, 24.00, 24.08, 23.90, 44.49, 44.16, 0, 0, 4.14
2019/07/22 07:40:00, 24.00, 24.11, 23.91, 44.48, 44.22, 0, 0, 4.14
2019/07/22 07:41:00, 24.00, 24.09, 23.92, 44.50, 44.22, 0, 0, 4.14
2019/07/22 07:42:00, 24.00, 24.09, 23.91, 44.49, 44.19, 0, 0, 4.14
2019/07/22 07:43:00, 24.00, 24.12, 23.92, 44.50, 44.20, 0, 0, 4.14
2019/07/22 07:44:00, 24.25, 24.11, 23.94, 44.55, 44.25, 0, 0, 4.14
2019/07/22 07:45:00, 24.00, 24.12, 23.94, 44.55, 44.28, 0, 0, 4.14
2019/07/22 07:46:00, 24.25, 24.15, 23.96, 44.53, 44.25, 0, 0, 4.14
2019/07/22 07:47:00, 24.25, 24.15, 23.97, 44.56, 44.23, 0, 0, 4.14
2019/07/22 07:48:00, 24.25, 24.16, 23.98, 44.57, 44.23, 0, 0, 4.14
2019/07/22 07:49:00, 24.25, 24.19, 24.00, 44.53, 44.26, 0, 0, 4.14
2019/07/22 07:50:00, 24.25, 24.22, 24.02, 44.57, 44.28, 0, 0, 4.14
2019/07/22 07:51:00, 24.25, 24.20, 24.02, 44.57, 44.29, 0, 0, 4.14
2019/07/22 07:52:00, 24.25, 24.22, 24.03, 44.66, 44.30, 0, 0, 4.14
2019/07/22 07:53:00, 24.25, 24.25, 24.01, 44.77, 44.39, 0, 0, 4.14
2019/07/22 07:54:00, 24.25, 24.22, 24.06, 44.87, 44.55, 0, 0, 4.14
2019/07/22 07:55:00, 24.25, 24.23, 24.05, 44.87, 44.53, 0, 0, 4.14
2019/07/22 07:56:00, 24.25, 24.25, 24.09, 44.91, 44.62, 0, 0, 4.14
2019/07/22 07:57:00, 24.25, 24.26, 24.08, 44.97, 44.65, 0, 0, 4.14
2019/07/22 07:58:00, 24.25, 24.26, 24.09, 45.00, 44.67, 0, 0, 4.14
2019/07/22 07:59:00, 24.25, 24.27, 24.10, 44.94, 44.63, 0, 0, 4.14
2019/07/22 08:00:00, 24.25, 24.27, 24.10, 44.99, 44.67, 0, 0, 4.14
2019/07/22 08:01:00, 24.25, 24.27, 24.12, 44.96, 44.64, 0, 0, 4.14
2019/07/22 08:02:00, 24.25, 24.29, 24.13, 45.01, 44.70, 0, 0, 4.14
2019/07/22 08:03:00, 24.25, 24.29, 24.11, 45.10, 44.76, 0, 0, 4.14
2019/07/22 08:04:00, 24.25, 24.31, 24.15, 45.11, 44.79, 0, 0, 4.14
2019/07/22 08:05:00, 24.25, 24.32, 24.16, 45.23, 44.86, 0, 0, 4.14
2019/07/22 08:06:00, 24.25, 24.33, 24.15, 45.14, 44.85, 0, 0, 4.14
2019/07/22 08:07:00, 24.25, 24.33, 24.15, 45.29, 44.92, 0, 0, 4.14
2019/07/22 08:08:00, 24.25, 24.35, 24.17, 45.30, 44.95, 0, 0, 4.14
2019/07/22 08:09:00, 24.25, 24.32, 24.19, 45.35, 45.04, 0, 0, 4.14
2019/07/22 08:10:00, 24.25, 24.35, 24.17, 45.31, 45.00, 0, 0, 4.14
2019/07/22 08:11:00, 24.25, 24.35, 24.19, 45.31, 44.97, 0, 0, 4.14
2019/07/22 08:12:00, 24.25, 24.38, 24.18, 45.33, 45.01, 0, 0, 4.14
2019/07/22 08:13:00, 24.25, 24.38, 24.17, 45.32, 45.03, 0, 0, 4.14
2019/07/22 08:14:00, 24.25, 24.38, 24.19, 45.43, 45.07, 0, 0, 4.14
2019/07/22 08:15:00, 24.25, 24.38, 24.20, 45.44, 45.12, 0, 0, 4.14
2019/07/22 08:16:00, 24.25, 24.38, 24.20, 45.41, 45.11, 0, 0, 4.14
2019/07/22 08:17:00, 24.25, 24.38, 24.20, 45.49, 45.15, 0, 0, 4.14
2019/07/22 08:18:00, 24.25, 24.38, 24.24, 45.50, 45.20, 0, 0, 4.14
2019/07/22 08:19:00, 24.25, 24.42, 24.24, 45.51, 45.18, 0, 0, 4.14
2019/07/22 08:20:00, 24.25, 24.39, 24.23, 45.47, 45.16, 0, 0, 4.14
2019/07/22 08:21:00, 24.25, 24.43, 24.23, 45.51, 45.17, 0, 0, 4.14
2019/07/22 08:22:00, 24.25, 24.42, 24.25, 45.49, 45.18, 0, 0, 4.14
2019/07/22 08:23:00, 24.25, 24.43, 24.25, 45.50, 45.15, 0, 0, 4.14
2019/07/22 08:24:00, 24.25, 24.44, 24.25, 45.57, 45.20, 0, 0, 4.14
2019/07/22 08:25:00, 24.25, 24.43, 24.27, 45.59, 45.27, 0, 0, 4.14
2019/07/22 08:26:00, 24.25, 24.46, 24.30, 45.59, 45.30, 0, 0, 4.14
2019/07/22 08:27:00, 24.25, 24.46, 24.27, 45.57, 45.26, 0, 0, 4.14
2019/07/22 08:28:00, 24.25, 24.47, 24.27, 45.57, 45.23, 0, 0, 4.14
2019/07/22 08:29:00, 24.25, 24.47, 24.32, 45.54, 45.26, 0, 0, 4.14
2019/07/22 08:30:00, 24.50, 24.47, 24.32, 45.62, 45.26, 0, 0, 4.14
2019/07/22 08:31:00, 24.50, 24.52, 24.30, 45.57, 45.26, 0, 0, 4.14
2019/07/22 08:32:00, 24.50, 24.49, 24.30, 45.57, 45.25, 0, 0, 4.14
2019/07/22 08:33:00, 24.50, 24.49, 24.32, 45.56, 45.26, 0, 0, 4.14
2019/07/22 08:34:00, 24.50, 24.49, 24.33, 45.58, 45.25, 0, 0, 4.14
2019/07/22 08:35:00, 24.50, 24.49, 24.34, 45.55, 45.26, 0, 0, 4.14
2019/07/22 08:36:00, 24.50, 24.52, 24.33, 45.58, 45.23, 0, 0, 4.14
2019/07/22 08:37:00, 24.50, 24.52, 24.33, 45.57, 45.28, 0, 0, 4.14
2019/07/22 08:38:00, 24.50, 24.50, 24.35, 45.61, 45.28, 0, 0, 4.14
2019/07/22 08:39:00, 24.50, 24.52, 24.35, 45.61, 45.26, 0, 0, 4.14
2019/07/22 08:40:00, 24.50, 24.53, 24.34, 45.60, 45.30, 0, 0, 4.14
2019/07/22 08:41:00, 24.50, 24.53, 24.36, 45.58, 45.28, 0, 0, 4.14
2019/07/22 08:42:00, 24.50, 24.54, 24.37, 45.58, 45.25, 0, 0, 4.14
2019/07/22 08:43:00, 24.50, 24.56, 24.39, 45.55, 45.20, 0, 0, 4.14
2019/07/22 08:44:00, 24.50, 24.56, 24.38, 45.45, 45.16, 0, 0, 4.14
2019/07/22 08:45:00, 24.50, 24.59, 24.38, 45.49, 45.17, 0, 0, 4.14
2019/07/22 08:46:00, 24.50, 24.59, 24.41, 45.40, 45.07, 0, 0, 4.14
2019/07/22 08:47:00, 24.50, 24.59, 24.40, 45.45, 45.07, 0, 0, 4.14
2019/07/22 08:48:00, 24.50, 24.59, 24.41, 45.35, 45.04, 0, 0, 4.14
2019/07/22 08:49:00, 24.50, 24.63, 24.43, 45.37, 45.05, 0, 0, 4.14
2019/07/22 08:50:00, 24.50, 24.63, 24.43, 45.31, 45.00, 0, 0, 4.14
2019/07/22 08:51:00, 24.50, 24.61, 24.46, 45.21, 44.92, 0, 0, 4.14
2019/07/22 08:52:00, 24.50, 24.66, 24.46, 45.11, 44.84, 0, 0, 4.14
2019/07/22 08:53:00, 24.50, 24.64, 24.48, 45.02, 44.75, 0, 0, 4.14
2019/07/22 08:54:00, 24.50, 24.66, 24.46, 44.98, 44.67, 0, 0, 4.14
2019/07/22 08:55:00, 24.50, 24.66, 24.49, 44.94, 44.67, 0, 0, 4.14
2019/07/22 08:56:00, 24.50, 24.64, 24.45, 44.92, 44.64, 0, 0, 4.14
2019/07/22 08:57:00, 24.50, 24.64, 24.46, 44.98, 44.67, 0, 0, 4.14
2019/07/22 08:58:00, 24.50, 24.66, 24.48, 44.96, 44.65, 0, 0, 4.14
2019/07/22 08:59:00, 24.50, 24.64, 24.48, 44.90, 44.58, 0, 0, 4.14
2019/07/22 09:00:00, 24.50, 24.66, 24.50, 44.80, 44.56, 0, 0, 4.14
2019/07/22 09:01:00, 24.50, 24.64, 24.48, 44.85, 44.52, 0, 0, 4.14
2019/07/22 09:02:00, 24.50, 24.67, 24.47, 44.88, 44.55, 0, 0, 4.14
2019/07/22 09:03:00, 24.50, 24.67, 24.50, 44.83, 44.52, 0, 0, 4.14
2019/07/22 09:04:00, 24.50, 24.66, 24.49, 44.79, 44.46, 0, 0, 4.14
2019/07/22 09:05:00, 24.50, 24.66, 24.49, 44.77, 44.47, 0, 0, 4.14
2019/07/22 09:06:00, 24.50, 24.64, 24.51, 44.85, 44.52, 0, 0, 4.14
2019/07/22 09:07:00, 24.50, 24.69, 24.51, 44.90, 44.52, 0, 0, 4.14
2019/07/22 09:08:00, 24.50, 24.64, 24.51, 44.79, 44.49, 0, 0, 4.14
2019/07/22 09:09:00, 24.50, 24.66, 24.50, 44.80, 44.49, 0, 0, 4.14
2019/07/22 09:10:00, 24.50, 24.67, 24.52, 44.80, 44.48, 0, 0, 4.14
2019/07/22 09:11:00, 24.50, 24.69, 24.52, 44.80, 44.49, 0, 0, 4.14
2019/07/22 09:12:00, 24.50, 24.69, 24.52, 44.81, 44.51, 0, 0, 4.14
2019/07/22 09:13:00, 24.50, 24.69, 24.50, 44.87, 44.54, 0, 0, 4.14
2019/07/22 09:14:00, 24.50, 24.71, 24.52, 44.86, 44.56, 0, 0, 4.14
2019/07/22 09:15:00, 24.50, 24.67, 24.54, 44.81, 44.53, 0, 0, 4.14
2019/07/22 09:16:00, 24.50, 24.70, 24.52, 44.91, 44.56, 0, 0, 4.14
2019/07/22 09:17:00, 24.50, 24.69, 24.52, 44.90, 44.58, 0, 0, 4.14
2019/07/22 09:18:00, 24.50, 24.69, 24.54, 44.88, 44.56, 0, 0, 4.14
2019/07/22 09:19:00, 24.50, 24.70, 24.53, 44.89, 44.57, 0, 0, 4.14
2019/07/22 09:20:00, 24.50, 24.69, 24.53, 44.83, 44.53, 0, 0, 4.14
2019/07/22 09:21:00, 24.50, 24.71, 24.54, 44.85, 44.54, 0, 0, 4.14
2019/07/22 09:22:00, 24.50, 24.70, 24.53, 44.84, 44.53, 0, 0, 4.14
2019/07/22 09:23:00, 24.50, 24.70, 24.52, 44.80, 44.52, 0, 0, 4.14
2019/07/22 09:24:00, 24.50, 24.70, 24.54, 44.76, 44.51, 0, 0, 4.14
2019/07/22 09:25:00, 24.50, 24.69, 24.53, 44.84, 44.54, 0, 0, 4.14
2019/07/22 09:26:00, 24.50, 24.71, 24.55, 44.76, 44.47, 0, 0, 4.14
2019/07/22 09:27:00, 24.50, 24.73, 24.56, 44.79, 44.49, 0, 0, 4.14
2019/07/22 09:28:00, 24.75, 24.71, 24.55, 44.75, 44.46, 0, 0, 4.14
2019/07/22 09:29:00, 24.75, 24.70, 24.53, 44.80, 44.46, 0, 0, 4.14
2019/07/22 09:30:00, 24.50, 24.70, 24.57, 44.77, 44.44, 0, 0, 4.14
2019/07/22 09:31:00, 24.50, 24.71, 24.55, 44.73, 44.43, 0, 0, 4.14
2019/07/22 09:32:00, 24.75, 24.73, 24.55, 44.74, 44.41, 0, 0, 4.14
2019/07/22 09:33:00, 24.75, 24.73, 24.55, 44.76, 44.41, 0, 0, 4.14
2019/07/22 09:34:00, 24.75, 24.75, 24.56, 44.75, 44.43, 0, 0, 4.14
2019/07/22 09:35:00, 24.75, 24.74, 24.55, 44.71, 44.40, 0, 0, 4.14
2019/07/22 09:36:00, 24.75, 24.73, 24.56, 44.67, 44.36, 0, 0, 4.14
2019/07/22 09:37:00, 24.75, 24.73, 24.56, 44.67, 44.38, 0, 0, 4.14
2019/07/22 09:38:00, 24.75, 24.73, 24.57, 44.73, 44.38, 0, 0, 4.14
2019/07/22 09:39:00, 24.75, 24.74, 24.57, 44.64, 44.37, 0, 0, 4.14
2019/07/22 09:40:00, 24.75, 24.75, 24.58, 44.63, 44.32, 0, 0, 4.14
2019/07/22 09:41:00, 24.75, 24.77, 24.58, 44.69, 44.35, 0, 0, 4.14
2019/07/22 09:42:00, 24.75, 24.75, 24.57, 44.62, 44.33, 0, 0, 4.14
2019/07/22 09:43:00, 24.75, 24.77, 24.60, 44.64, 44.32, 0, 0, 4.14
2019/07/22 09:44:00, 24.75, 24.75, 24.60, 44.61, 44.31, 0, 0, 4.14
2019/07/22 09:45:00, 24.75, 24.74, 24.62, 44.65, 44.32, 0, 0, 4.14
2019/07/22 09:46:00, 24.75, 24.78, 24.61, 44.61, 44.30, 0, 0, 4.14
2019/07/22 09:47:00, 24.75, 24.75, 24.61, 44.59, 44.30, 0, 0, 4.14
2019/07/22 09:48:00, 24.75, 24.78, 24.60, 44.67, 44.34, 0, 0, 4.14
2019/07/22 09:49:00, 24.75, 24.77, 24.61, 44.64, 44.33, 0, 0, 4.14
2019/07/22 09:50:00, 24.75, 24.75, 24.61, 44.64, 44.29, 0, 0, 4.14
2019/07/22 09:51:00, 24.75, 24.80, 24.62, 44.64, 44.33, 0, 0, 4.14
2019/07/22 09:52:00, 24.75, 24.80, 24.62, 44.55, 44.29, 0, 0, 4.14
2019/07/22 09:53:00, 24.75, 24.77, 24.63, 44.56, 44.25, 0, 0, 4.14
2019/07/22 09:54:00, 24.75, 24.78, 24.62, 44.52, 44.23, 0, 0, 4.14
2019/07/22 09:55:00, 24.75, 24.80, 24.62, 44.56, 44.27, 0, 0, 4.14
2019/07/22 09:56:00, 24.75, 24.78, 24.64, 44.56, 44.27, 0, 0, 4.14
2019/07/22 09:57:00, 24.75, 24.80, 24.61, 44.62, 44.30, 0, 0, 4.14
2019/07/22 09:58:00, 24.75, 24.80, 24.62, 44.62, 44.30, 0, 0, 4.14
2019/07/22 09:59:00, 24.75, 24.81, 24.64, 44.63, 44.33, 0, 0, 4.14
2019/07/22 10:00:00, 24.75, 24.81, 24.63, 44.62, 44.33, 0, 0, 4.14
2019/07/22 10:01:00, 24.75, 24.80, 24.62, 44.61, 44.31, 0, 0, 4.14
2019/07/22 10:02:00, 24.75, 24.84, 24.63, 44.58, 44.32, 0, 0, 4.14
2019/07/22 10:03:00, 24.75, 24.80, 24.64, 44.61, 44.32, 0, 0, 4.14
2019/07/22 10:04:00, 24.75, 24.78, 24.63, 44.61, 44.33, 0, 0, 4.14
2019/07/22 10:05:00, 24.75, 24.78, 24.63, 44.64, 44.32, 0, 0, 4.14
2019/07/22 10:06:00, 24.75, 24.80, 24.65, 44.64, 44.35, 0, 0, 4.14
2019/07/22 10:07:00, 24.75, 24.82, 24.65, 44.61, 44.33, 0, 0, 4.14
2019/07/22 10:08:00, 24.75, 24.82, 24.67, 44.62, 44.31, 0, 0, 4.14
2019/07/22 10:09:00, 24.75, 24.81, 24.65, 44.57, 44.29, 0, 0, 4.14
2019/07/22 10:10:00, 24.75, 24.80, 24.65, 44.58, 44.27, 0, 0, 4.14
2019/07/22 10:11:00, 24.75, 24.81, 24.65, 44.55, 44.26, 0, 0, 4.14
2019/07/22 10:12:00, 24.75, 24.82, 24.66, 44.54, 44.23, 0, 0, 4.14
2019/07/22 10:13:00, 24.75, 24.80, 24.66, 44.55, 44.26, 0, 0, 4.14
2019/07/22 10:14:00, 24.75, 24.80, 24.64, 44.60, 44.27, 0, 0, 4.14
2019/07/22 10:15:00, 24.75, 24.81, 24.66, 44.60, 44.27, 0, 0, 4.14
2019/07/22 10:16:00, 24.75, 24.78, 24.65, 44.52, 44.23, 0, 0, 4.14
2019/07/22 10:17:00, 24.75, 24.77, 24.62, 44.63, 44.30, 0, 0, 4.14
2019/07/22 10:18:00, 24.75, 24.75, 24.62, 44.57, 44.27, 0, 0, 4.14
2019/07/22 10:19:00, 24.75, 24.75, 24.60, 44.65, 44.33, 0, 0, 4.14
2019/07/22 10:20:00, 24.75, 24.74, 24.58, 44.65, 44.33, 0, 0, 4.14
2019/07/22 10:21:00, 24.75, 24.74, 24.55, 44.65, 44.36, 0, 0, 4.14
2019/07/22 10:22:00, 24.75, 24.73, 24.56, 44.80, 44.48, 0, 0, 4.14
2019/07/22 10:23:00, 24.75, 24.73, 24.54, 44.75, 44.44, 0, 0, 4.14
2019/07/22 10:24:00, 24.75, 24.70, 24.54, 44.76, 44.46, 0, 0, 4.14
2019/07/22 10:25:00, 24.75, 24.69, 24.52, 44.83, 44.53, 0, 0, 4.14
2019/07/22 10:26:00, 24.75, 24.69, 24.52, 44.80, 44.50, 0, 0, 4.14
2019/07/22 10:27:00, 24.75, 24.69, 24.50, 44.85, 44.54, 0, 0, 4.14
2019/07/22 10:28:00, 24.75, 24.69, 24.50, 44.91, 44.59, 0, 0, 4.14
2019/07/22 10:29:00, 24.75, 24.69, 24.52, 44.86, 44.53, 0, 0, 4.14
2019/07/22 10:30:00, 24.75, 24.66, 24.50, 44.87, 44.56, 0, 0, 4.14
2019/07/22 10:31:00, 24.75, 24.66, 24.48, 44.92, 44.59, 0, 0, 4.14
2019/07/22 10:32:00, 24.75, 24.66, 24.48, 44.90, 44.60, 0, 0, 4.14
2019/07/22 10:33:00, 24.75, 24.63, 24.49, 44.90, 44.59, 0, 0, 4.14
2019/07/22 10:34:00, 24.75, 24.61, 24.43, 44.96, 44.62, 0, 0, 4.14
2019/07/22 10:35:00, 24.75, 24.61, 24.43, 45.03, 44.67, 0, 0, 4.14
2019/07/22 10:36:00, 24.75, 24.60, 24.43, 45.02, 44.70, 0, 0, 4.14
2019/07/22 10:37:00, 24.75, 24.59, 24.42, 44.99, 44.70, 0, 0, 4.14
2019/07/22 10:38:00, 24.75, 24.57, 24.40, 45.10, 44.77, 0, 0, 4.14
2019/07/22 10:39:00, 24.75, 24.56, 24.39, 45.12, 44.78, 0, 0, 4.14
2019/07/22 10:40:00, 24.75, 24.56, 24.39, 45.15, 44.84, 0, 0, 4.14
2019/07/22 10:41:00, 24.75, 24.56, 24.37, 45.14, 44.82, 0, 0, 4.14
2019/07/22 10:42:00, 24.75, 24.52, 24.39, 45.22, 44.86, 0, 0, 4.14
2019/07/22 10:43:00, 24.75, 24.56, 24.36, 45.11, 44.82, 0, 0, 4.14
2019/07/22 10:44:00, 24.75, 24.50, 24.36, 45.15, 44.82, 0, 0, 4.14
2019/07/22 10:45:00, 24.75, 24.52, 24.36, 45.18, 44.84, 0, 0, 4.14
2019/07/22 10:46:00, 24.75, 24.50, 24.33, 45.22, 44.89, 0, 0, 4.14
2019/07/22 10:47:00, 24.75, 24.50, 24.32, 45.24, 44.93, 0, 0, 4.14
2019/07/22 10:48:00, 24.75, 24.46, 24.28, 45.33, 44.97, 0, 0, 4.14
2019/07/22 10:49:00, 24.75, 24.46, 24.31, 45.25, 45.01, 0, 0, 4.14
2019/07/22 10:50:00, 24.75, 24.47, 24.31, 45.29, 45.00, 0, 0, 4.14
2019/07/22 10:51:00, 24.75, 24.44, 24.32, 45.28, 44.98, 0, 0, 4.14
2019/07/22 10:52:00, 24.75, 24.44, 24.30, 45.29, 44.97, 0, 0, 4.14
2019/07/22 10:53:00, 24.75, 24.46, 24.26, 45.27, 44.97, 0, 0, 4.14
2019/07/22 10:54:00, 24.75, 24.43, 24.27, 45.31, 44.97, 0, 0, 4.14
2019/07/22 10:55:00, 24.75, 24.44, 24.24, 45.31, 45.00, 0, 0, 4.14
2019/07/22 10:56:00, 24.75, 24.40, 24.25, 45.31, 45.01, 0, 0, 4.14
2019/07/22 10:57:00, 24.75, 24.42, 24.23, 45.32, 45.04, 0, 0, 4.14
2019/07/22 10:58:00, 24.75, 24.39, 24.23, 45.38, 45.04, 0, 0, 4.14
2019/07/22 10:59:00, 24.50, 24.38, 24.21, 45.34, 45.03, 0, 0, 4.14
2019/07/22 11:00:00, 24.50, 24.39, 24.20, 45.34, 45.03, 0, 0, 4.14
2019/07/22 11:01:00, 24.50, 24.38, 24.19, 45.34, 45.04, 0, 0, 4.14
2019/07/22 11:02:00, 24.50, 24.36, 24.19, 45.35, 45.02, 0, 0, 4.14
2019/07/22 11:03:00, 24.50, 24.36, 24.17, 45.30, 45.03, 0, 0, 4.14
2019/07/22 11:04:00, 24.50, 24.35, 24.17, 45.35, 45.09, 0, 0, 4.14
2019/07/22 11:05:00, 24.50, 24.36, 24.17, 45.31, 45.01, 0, 0, 4.14
2019/07/22 11:06:00, 24.50, 24.35, 24.20, 45.31, 45.01, 0, 0, 4.14
2019/07/22 11:07:00, 24.50, 24.32, 24.17, 45.26, 44.97, 0, 0, 4.14
2019/07/22 11:08:00, 24.50, 24.33, 24.18, 45.30, 45.01, 0, 0, 4.14
2019/07/22 11:09:00, 24.50, 24.35, 24.17, 45.22, 44.94, 0, 0, 4.14
2019/07/22 11:10:00, 24.50, 24.32, 24.16, 45.20, 44.89, 0, 0, 4.14
2019/07/22 11:11:00, 24.50, 24.35, 24.17, 45.20, 44.91, 0, 0, 4.14
2019/07/22 11:12:00, 24.50, 24.33, 24.16, 45.22, 44.94, 0, 0, 4.14
2019/07/22 11:13:00, 24.50, 24.36, 24.18, 45.19, 44.89, 0, 0, 4.14
2019/07/22 11:14:00, 24.50, 24.36, 24.18, 45.18, 44.89, 0, 0, 4.14
2019/07/22 11:15:00, 24.50, 24.36, 24.18, 45.16, 44.88, 0, 0, 4.14
2019/07/22 11:16:00, 24.50, 24.35, 24.18, 45.12, 44.80, 0, 0, 4.14
2019/07/22 11:17:00, 24.50, 24.38, 24.19, 45.07, 44.78, 0, 0, 4.14
2019/07/22 11:18:00, 24.50, 24.40, 24.19, 45.04, 44.72, 0, 0, 4.14
2019/07/22 11:19:00, 24.50, 24.35, 24.20, 45.02, 44.77, 0, 0, 4.14
2019/07/22 11:20:00, 24.50, 24.36, 24.19, 45.07, 44.78, 0, 0, 4.14
2019/07/22 11:21:00, 24.50, 24.38, 24.19, 45.05, 44.75, 0, 0, 4.14
2019/07/22 11:22:00, 24.50, 24.39, 24.19, 45.05, 44.72, 0, 0, 4.14
2019/07/22 11:23:00, 24.50, 24.36, 24.19, 44.97, 44.72, 0, 0, 4.14
2019/07/22 11:24:00, 24.50, 24.38, 24.20, 44.96, 44.67, 0, 0, 4.14
2019/07/22 11:25:00, 24.50, 24.38, 24.18, 44.97, 44.71, 0, 0, 4.14
2019/07/22 11:26:00, 24.50, 24.38, 24.18, 44.97, 44.68, 0, 0, 4.14
2019/07/22 11:27:00, 24.50, 24.39, 24.20, 44.96, 44.69, 0, 0, 4.14
2019/07/22 11:28:00, 24.50, 24.39, 24.19, 44.93, 44.66, 0, 0, 4.14
2019/07/22 11:29:00, 24.50, 24.38, 24.21, 44.96, 44.72, 0, 0, 4.14
2019/07/22 11:30:00, 24.50, 24.39, 24.21, 45.02, 44.72, 0, 0, 4.14
2019/07/22 11:31:00, 24.50, 24.39, 24.19, 44.95, 44.64, 0, 0, 4.14
2019/07/22 11:32:00, 24.50, 24.38, 24.19, 45.01, 44.71, 0, 0, 4.14
2019/07/22 11:33:00, 24.50, 24.38, 24.20, 44.95, 44.68, 0, 0, 4.14
2019/07/22 11:34:00, 24.50, 24.36, 24.19, 44.97, 44.68, 0, 0, 4.14
2019/07/22 11:35:00, 24.50, 24.38, 24.19, 44.90, 44.65, 0, 0, 4.14
2019/07/22 11:36:00, 24.50, 24.36, 24.20, 45.00, 44.68, 0, 0, 4.14
2019/07/22 11:37:00, 24.50, 24.35, 24.19, 44.89, 44.65, 0, 0, 4.14
2019/07/22 11:38:00, 24.50, 24.36, 24.18, 44.96, 44.66, 0, 0, 4.14
2019/07/22 11:39:00, 24.50, 24.36, 24.18, 44.95, 44.66, 0, 0, 4.14
2019/07/22 11:40:00, 24.50, 24.35, 24.17, 45.00, 44.72, 0, 0, 4.14
2019/07/22 11:41:00, 24.50, 24.33, 24.16, 44.98, 44.72, 0, 0, 4.14
2019/07/22 11:42:00, 24.50, 24.36, 24.18, 45.00, 44.72, 0, 0, 4.14
2019/07/22 11:43:00, 24.50, 24.35, 24.18, 45.00, 44.71, 0, 0, 4.14
2019/07/22 11:44:00, 24.50, 24.33, 24.17, 45.05, 44.74, 0, 0, 4.14
2019/07/22 11:45:00, 24.50, 24.33, 24.15, 45.02, 44.72, 0, 0, 4.14
2019/07/22 11:46:00, 24.50, 24.35, 24.15, 45.08, 44.75, 0, 0, 4.14
2019/07/22 11:47:00, 24.50, 24.33, 24.16, 45.07, 44.78, 0, 0, 4.14
2019/07/22 11:48:00, 24.50, 24.38, 24.17, 45.06, 44.73, 0, 0, 4.14
2019/07/22 11:49:00, 24.50, 24.33, 24.17, 45.06, 44.76, 0, 0, 4.14
2019/07/22 11:50:00, 24.50, 24.36, 24.16, 45.10, 44.78, 0, 0, 4.14
2019/07/22 11:51:00, 24.50, 24.32, 24.13, 45.11, 44.81, 0, 0, 4.14
2019/07/22 11:52:00, 24.50, 24.35, 24.15, 45.22, 44.91, 0, 0, 4.14
2019/07/22 11:53:00, 24.50, 24.31, 24.15, 45.20, 44.88, 0, 0, 4.14
2019/07/22 11:54:00, 24.50, 24.33, 24.18, 45.18, 44.84, 0, 0, 4.14
2019/07/22 11:55:00, 24.50, 24.33, 24.15, 45.15, 44.85, 0, 0, 4.14
2019/07/22 11:56:00, 24.50, 24.35, 24.15, 45.24, 44.89, 0, 0, 4.14
2019/07/22 11:57:00, 24.50, 24.31, 24.16, 45.29, 44.96, 0, 0, 4.14
2019/07/22 11:58:00, 24.50, 24.33, 24.16, 45.32, 44.99, 0, 0, 4.14
2019/07/22 11:59:00, 24.50, 24.33, 24.16, 45.30, 45.01, 0, 0, 4.14
2019/07/22 12:00:00, 24.50, 24.33, 24.16, 45.27, 45.02, 0, 0, 4.14
2019/07/22 12:01:00, 24.50, 24.35, 24.18, 45.30, 44.98, 0, 0, 4.14
2019/07/22 12:02:00, 24.50, 24.32, 24.13, 45.31, 45.01, 0, 0, 4.14
2019/07/22 12:03:00, 24.50, 24.33, 24.13, 45.37, 45.07, 0, 0, 4.14
2019/07/22 12:04:00, 24.50, 24.33, 24.13, 45.37, 45.05, 0, 0, 4.14
2019/07/22 12:05:00, 24.50, 24.33, 24.16, 45.37, 45.08, 0, 0, 4.14
2019/07/22 12:06:00, 24.50, 24.33, 24.16, 45.34, 45.05, 0, 0, 4.14
2019/07/22 12:07:00, 24.50, 24.33, 24.16, 45.33, 45.05, 0, 0, 4.14
2019/07/22 12:08:00, 24.50, 24.33, 24.13, 45.34, 45.05, 0, 0, 4.14
2019/07/22 12:09:00, 24.50, 24.33, 24.13, 45.35, 45.04, 0, 0, 4.14
2019/07/22 12:10:00, 24.50, 24.35, 24.15, 45.32, 45.05, 0, 0, 4.14
2019/07/22 12:11:00, 24.50, 24.33, 24.13, 45.31, 45.02, 0, 0, 4.14
2019/07/22 12:12:00, 24.50, 24.32, 24.15, 45.30, 45.04, 0, 0, 4.14
2019/07/22 12:13:00, 24.50, 24.32, 24.13, 45.28, 45.01, 0, 0, 4.14
2019/07/22 12:14:00, 24.50, 24.33, 24.16, 45.36, 45.05, 0, 0, 4.14
2019/07/22 12:15:00, 24.50, 24.31, 24.13, 45.32, 45.05, 0, 0, 4.14
2019/07/22 12:16:00, 24.50, 24.31, 24.13, 45.34, 45.04, 0, 0, 4.14
2019/07/22 12:17:00, 24.50, 24.32, 24.12, 45.30, 45.01, 0, 0, 4.14
2019/07/22 12:18:00, 24.50, 24.31, 24.13, 45.29, 45.05, 0, 0, 4.14
2019/07/22 12:19:00, 24.50, 24.32, 24.12, 45.32, 45.04, 0, 0, 4.14
2019/07/22 12:20:00, 24.50, 24.31, 24.12, 45.33, 45.07, 0, 0, 4.14
2019/07/22 12:21:00, 24.50, 24.32, 24.11, 45.31, 45.07, 0, 0, 4.14
2019/07/22 12:22:00, 24.50, 24.29, 24.12, 45.28, 45.05, 0, 0, 4.14
2019/07/22 12:23:00, 24.50, 24.26, 24.10, 45.34, 45.04, 0, 0, 4.14
2019/07/22 12:24:00, 24.50, 24.27, 24.11, 45.30, 45.07, 0, 0, 4.14
2019/07/22 12:25:00, 24.50, 24.27, 24.08, 45.33, 45.07, 0, 0, 4.14
2019/07/22 12:26:00, 24.50, 24.27, 24.10, 45.35, 45.07, 0, 0, 4.14
2019/07/22 12:27:00, 24.50, 24.27, 24.09, 45.34, 45.08, 0, 0, 4.14
2019/07/22 12:28:00, 24.50, 24.26, 24.10, 45.38, 45.06, 0, 0, 4.14
2019/07/22 12:29:00, 24.50, 24.27, 24.08, 45.34, 45.07, 0, 0, 4.14
2019/07/22 12:30:00, 24.50, 24.27, 24.10, 45.35, 45.08, 0, 0, 4.14
2019/07/22 12:31:00, 24.50, 24.26, 24.08, 45.41, 45.10, 0, 0, 4.14
2019/07/22 12:32:00, 24.50, 24.25, 24.08, 45.44, 45.13, 0, 0, 4.14
2019/07/22 12:33:00, 24.50, 24.27, 24.09, 45.44, 45.15, 0, 0, 4.14
2019/07/22 12:34:00, 24.50, 24.27, 24.08, 45.38, 45.12, 0, 0, 4.14
2019/07/22 12:35:00, 24.50, 24.27, 24.08, 45.46, 45.12, 0, 0, 4.14
2019/07/22 12:36:00, 24.50, 24.27, 24.08, 45.41, 45.14, 0, 0, 4.14
2019/07/22 12:37:00, 24.50, 24.27, 24.09, 45.40, 45.14, 0, 0, 4.14
2019/07/22 12:38:00, 24.50, 24.29, 24.09, 45.39, 45.10, 0, 0, 4.14
2019/07/22 12:39:00, 24.50, 24.27, 24.07, 45.38, 45.13, 0, 0, 4.14
2019/07/22 12:40:00, 24.50, 24.26, 24.08, 45.38, 45.11, 0, 0, 4.14
2019/07/22 12:41:00, 24.50, 24.26, 24.09, 45.39, 45.10, 0, 0, 4.14
2019/07/22 12:42:00, 24.50, 24.27, 24.07, 45.38, 45.11, 0, 0, 4.14
2019/07/22 12:43:00, 24.50, 24.26, 24.08, 45.42, 45.12, 0, 0, 4.14
2019/07/22 12:44:00, 24.50, 24.26, 24.06, 45.47, 45.16, 0, 0, 4.14
2019/07/22 12:45:00, 24.50, 24.26, 24.06, 45.42, 45.13, 0, 0, 4.14
2019/07/22 12:46:00, 24.50, 24.26, 24.07, 45.46, 45.15, 0, 0, 4.14
2019/07/22 12:47:00, 24.50, 24.25, 24.06, 45.43, 45.14, 0, 0, 4.14
2019/07/22 12:48:00, 24.50, 24.23, 24.03, 45.47, 45.20, 0, 0, 4.14
2019/07/22 12:49:00, 24.50, 24.22, 24.04, 45.51, 45.20, 0, 0, 4.14
2019/07/22 12:50:00, 24.50, 24.22, 24.03, 45.56, 45.23, 0, 0, 4.14
2019/07/22 12:51:00, 24.50, 24.22, 24.03, 45.55, 45.26, 0, 0, 4.14
2019/07/22 12:52:00, 24.50, 24.23, 24.04, 45.54, 45.21, 0, 0, 4.14
2019/07/22 12:53:00, 24.50, 24.23, 24.04, 45.54, 45.26, 0, 0, 4.14
2019/07/22 12:54:00, 24.50, 24.20, 24.02, 45.54, 45.30, 0, 0, 4.14
2019/07/22 12:55:00, 24.50, 24.23, 24.03, 45.55, 45.23, 0, 0, 4.14
2019/07/22 12:56:00, 24.50, 24.20, 24.03, 45.60, 45.30, 0, 0, 4.14
2019/07/22 12:57:00, 24.50, 24.22, 24.02, 45.66, 45.32, 0, 0, 4.14
2019/07/22 12:58:00, 24.50, 24.20, 24.03, 45.55, 45.31, 0, 0, 4.14
2019/07/22 12:59:00, 24.50, 24.19, 24.02, 45.59, 45.33, 0, 0, 4.14
2019/07/22 13:00:00, 24.50, 24.22, 24.04, 45.60, 45.36, 0, 0, 4.14
2019/07/22 13:01:00, 24.50, 24.20, 24.04, 45.64, 45.36, 0, 0, 4.14
2019/07/22 13:02:00, 24.50, 24.22, 24.03, 45.62, 45.31, 0, 0, 4.14
2019/07/22 13:03:00, 24.50, 24.22, 24.05, 45.62, 45.32, 0, 0, 4.14
2019/07/22 13:04:00, 24.50, 24.25, 24.03, 45.60, 45.32, 0, 0, 4.14
2019/07/22 13:05:00, 24.50, 24.22, 24.04, 45.58, 45.30, 0, 0, 4.14
2019/07/22 13:06:00, 24.50, 24.20, 24.04, 45.59, 45.34, 0, 0, 4.14
2019/07/22 13:07:00, 24.50, 24.22, 24.05, 45.67, 45.36, 0, 0, 4.14
2019/07/22 13:08:00, 24.50, 24.20, 24.02, 45.64, 45.35, 0, 0, 4.14
2019/07/22 13:09:00, 24.50, 24.20, 24.01, 45.68, 45.39, 0, 0, 4.14
2019/07/22 13:10:00, 24.50, 24.20, 24.00, 45.72, 45.39, 0, 0, 4.14
2019/07/22 13:11:00, 24.50, 24.19, 24.01, 45.69, 45.43, 0, 0, 4.14
2019/07/22 13:12:00, 24.50, 24.19, 24.01, 45.66, 45.39, 0, 0, 4.14
2019/07/22 13:13:00, 24.50, 24.19, 24.01, 45.67, 45.38, 0, 0, 4.14
2019/07/22 13:14:00, 24.50, 24.19, 24.01, 45.62, 45.35, 0, 0, 4.14
2019/07/22 13:15:00, 24.50, 24.16, 23.97, 45.64, 45.36, 0, 0, 4.14
2019/07/22 13:16:00, 24.50, 24.18, 23.97, 45.72, 45.41, 0, 0, 4.14
2019/07/22 13:17:00, 24.50, 24.16, 23.98, 45.66, 45.38, 0, 0, 4.14
2019/07/22 13:18:00, 24.50, 24.16, 24.00, 45.64, 45.37, 0, 0, 4.14
2019/07/22 13:19:00, 24.50, 24.18, 24.00, 45.63, 45.39, 0, 0, 4.14
2019/07/22 13:20:00, 24.50, 24.18, 24.01, 45.69, 45.41, 0, 0, 4.14
2019/07/22 13:21:00, 24.25, 24.16, 23.97, 45.72, 45.41, 0, 0, 4.14
2019/07/22 13:22:00, 24.50, 24.18, 23.97, 45.72, 45.45, 0, 0, 4.14
2019/07/22 13:23:00, 24.50, 24.19, 24.00, 45.72, 45.42, 0, 0, 4.14
2019/07/22 13:24:00, 24.25, 24.18, 24.01, 45.66, 45.39, 0, 0, 4.14
2019/07/22 13:25:00, 24.50, 24.18, 23.98, 45.68, 45.40, 0, 0, 4.14
2019/07/22 13:26:00, 24.50, 24.16, 23.97, 45.63, 45.37, 0, 0, 4.14
2019/07/22 13:27:00, 24.25, 24.16, 23.98, 45.63, 45.35, 0, 0, 4.14
2019/07/22 13:28:00, 24.25, 24.16, 24.00, 45.67, 45.36, 0, 0, 4.14
2019/07/22 13:29:00, 24.25, 24.19, 23.98, 45.64, 45.36, 0, 0, 4.14
2019/07/22 13:30:00, 24.25, 24.18, 23.98, 45.60, 45.32, 0, 0, 4.14
2019/07/22 13:31:00, 24.25, 24.16, 23.96, 45.57, 45.30, 0, 0, 4.14
2019/07/22 13:32:00, 24.25, 24.18, 23.97, 45.60, 45.30, 0, 0, 4.14
2019/07/22 13:33:00, 24.25, 24.14, 23.97, 45.61, 45.33, 0, 0, 4.14
2019/07/22 13:34:00, 24.25, 24.14, 23.95, 45.65, 45.36, 0, 0, 4.14
2019/07/22 13:35:00, 24.25, 24.15, 23.95, 45.78, 45.43, 0, 0, 4.14
2019/07/22 13:36:00, 24.25, 24.16, 23.98, 45.78, 45.49, 0, 0, 4.14
2019/07/22 13:37:00, 24.25, 24.18, 24.00, 45.87, 45.57, 0, 0, 4.14
2019/07/22 13:38:00, 24.25, 24.19, 24.01, 45.83, 45.54, 0, 0, 4.14
2019/07/22 13:39:00, 24.25, 24.19, 24.01, 45.82, 45.55, 0, 0, 4.14
2019/07/22 13:40:00, 24.25, 24.15, 23.98, 45.83, 45.54, 0, 0, 4.14
2019/07/22 13:41:00, 24.25, 24.19, 24.00, 45.87, 45.57, 0, 0, 4.14
2019/07/22 13:42:00, 24.25, 24.19, 24.02, 45.94, 45.65, 0, 0, 4.14
2019/07/22 13:43:00, 24.25, 24.20, 24.04, 45.90, 45.62, 0, 0, 4.14
2019/07/22 13:44:00, 24.50, 24.22, 24.04, 45.83, 45.56, 0, 0, 4.14
2019/07/22 13:45:00, 24.50, 24.23, 24.03, 45.86, 45.54, 0, 0, 4.14
2019/07/22 13:46:00, 24.50, 24.22, 24.03, 45.92, 45.62, 0, 0, 4.14
2019/07/22 13:47:00, 24.50, 24.25, 24.07, 45.87, 45.58, 0, 0, 4.14
2019/07/22 13:48:00, 24.50, 24.25, 24.07, 45.78, 45.52, 0, 0, 4.14
2019/07/22 13:49:00, 24.50, 24.23, 24.07, 45.76, 45.49, 0, 0, 4.14
2019/07/22 13:50:00, 24.50, 24.26, 24.08, 45.78, 45.48, 0, 0, 4.14
2019/07/22 13:51:00, 24.50, 24.26, 24.08, 45.76, 45.46, 0, 0, 4.14
2019/07/22 13:52:00, 24.50, 24.26, 24.07, 45.79, 45.49, 0, 0, 4.14
2019/07/22 13:53:00, 24.50, 24.27, 24.07, 45.69, 45.39, 0, 0, 4.14
2019/07/22 13:54:00, 24.50, 24.27, 24.09, 45.80, 45.42, 0, 0, 4.14
2019/07/22 13:55:00, 24.50, 24.29, 24.12, 45.81, 45.52, 0, 0, 4.14
2019/07/22 13:56:00, 24.50, 24.29, 24.10, 45.69, 45.42, 0, 0, 4.14
2019/07/22 13:57:00, 24.50, 24.31, 24.10, 45.70, 45.44, 0, 0, 4.14
2019/07/22 13:58:00, 24.50, 24.29, 24.12, 45.59, 45.33, 0, 0, 4.14
2019/07/22 13:59:00, 24.50, 24.31, 24.12, 45.56, 45.28, 0, 0, 4.14
2019/07/22 14:00:00, 24.50, 24.29, 24.13, 45.60, 45.28, 0, 0, 4.14
2019/07/22 14:01:00, 24.50, 24.32, 24.13, 45.58, 45.26, 0, 0, 4.14
2019/07/22 14:02:00, 24.50, 24.31, 24.13, 45.53, 45.26, 0, 0, 4.14
2019/07/22 14:03:00, 24.50, 24.32, 24.15, 45.56, 45.28, 0, 0, 4.14
2019/07/22 14:04:00, 24.50, 24.32, 24.13, 45.53, 45.24, 0, 0, 4.14
2019/07/22 14:05:00, 24.50, 24.32, 24.15, 45.36, 45.13, 0, 0, 4.14
2019/07/22 14:06:00, 24.50, 24.32, 24.16, 45.31, 45.06, 0, 0, 4.14
2019/07/22 14:07:00, 24.50, 24.29, 24.13, 45.34, 45.06, 0, 0, 4.14
2019/07/22 14:08:00, 24.50, 24.32, 24.12, 45.31, 45.05, 0, 0, 4.14
2019/07/22 14:09:00, 24.50, 24.31, 24.15, 45.35, 45.07, 0, 0, 4.14
2019/07/22 14:10:00, 24.50, 24.32, 24.13, 45.44, 45.13, 0, 0, 4.14
2019/07/22 14:11:00, 24.50, 24.32, 24.16, 45.37, 45.06, 0, 0, 4.14
2019/07/22 14:12:00, 24.50, 24.32, 24.13, 45.47, 45.17, 0, 0, 4.14
2019/07/22 14:13:00, 24.50, 24.32, 24.13, 45.45, 45.17, 0, 0, 4.14
2019/07/22 14:14:00, 24.50, 24.33, 24.17, 45.43, 45.16, 0, 0, 4.14
2019/07/22 14:15:00, 24.50, 24.38, 24.18, 45.41, 45.16, 0, 0, 4.14
2019/07/22 14:16:00, 24.50, 24.38, 24.18, 45.45, 45.17, 0, 0, 4.14
2019/07/22 14:17:00, 24.50, 24.38, 24.18, 45.41, 45.10, 0, 0, 4.14
2019/07/22 14:18:00, 24.50, 24.39, 24.21, 45.33, 45.07, 0, 0, 4.14
2019/07/22 14:19:00, 24.50, 24.39, 24.21, 45.34, 45.07, 0, 0, 4.14
2019/07/22 14:20:00, 24.50, 24.40, 24.21, 45.28, 45.01, 0, 0, 4.14
2019/07/22 14:21:00, 24.50, 24.40, 24.22, 45.27, 45.02, 0, 0, 4.14
2019/07/22 14:22:00, 24.50, 24.43, 24.23, 45.23, 44.96, 0, 0, 4.14
2019/07/22 14:23:00, 24.50, 24.40, 24.23, 45.17, 44.88, 0, 0, 4.14
2019/07/22 14:24:00, 24.50, 24.43, 24.24, 45.16, 44.87, 0, 0, 4.14
2019/07/22 14:25:00, 24.50, 24.43, 24.23, 45.14, 44.88, 0, 0, 4.14
2019/07/22 14:26:00, 24.50, 24.42, 24.25, 45.17, 44.91, 0, 0, 4.14
2019/07/22 14:27:00, 24.50, 24.43, 24.24, 45.18, 44.88, 0, 0, 4.14
2019/07/22 14:28:00, 24.50, 24.44, 24.25, 45.18, 44.91, 0, 0, 4.14
2019/07/22 14:29:00, 24.50, 24.44, 24.24, 45.15, 44.87, 0, 0, 4.14
2019/07/22 14:30:00, 24.50, 24.44, 24.27, 45.09, 44.81, 0, 0, 4.14
2019/07/22 14:31:00, 24.50, 24.43, 24.25, 45.06, 44.78, 0, 0, 4.14
2019/07/22 14:32:00, 24.50, 24.43, 24.25, 45.05, 44.79, 0, 0, 4.14
2019/07/22 14:33:00, 24.50, 24.44, 24.26, 45.10, 44.83, 0, 0, 4.14
2019/07/22 14:34:00, 24.50, 24.40, 24.24, 45.08, 44.78, 0, 0, 4.14
2019/07/22 14:35:00, 24.50, 24.42, 24.24, 44.99, 44.75, 0, 0, 4.14
2019/07/22 14:36:00, 24.50, 24.42, 24.26, 45.03, 44.74, 0, 0, 4.14
2019/07/22 14:37:00, 24.50, 24.44, 24.26, 45.06, 44.75, 0, 0, 4.14
2019/07/22 14:38:00, 24.50, 24.43, 24.26, 45.12, 44.78, 0, 0, 4.14
2019/07/22 14:39:00, 24.50, 24.43, 24.25, 45.03, 44.75, 0, 0, 4.14
2019/07/22 14:40:00, 24.50, 24.44, 24.24, 45.00, 44.73, 0, 0, 4.14
2019/07/22 14:41:00, 24.50, 24.43, 24.24, 44.98, 44.72, 0, 0, 4.14
2019/07/22 14:42:00, 24.50, 24.40, 24.25, 44.99, 44.74, 0, 0, 4.14
2019/07/22 14:43:00, 24.50, 24.43, 24.25, 44.96, 44.72, 0, 0, 4.14
2019/07/22 14:44:00, 24.50, 24.42, 24.26, 45.00, 44.74, 0, 0, 4.14
2019/07/22 14:45:00, 24.50, 24.43, 24.25, 44.99, 44.68, 0, 0, 4.14
2019/07/22 14:46:00, 24.50, 24.43, 24.25, 44.95, 44.66, 0, 0, 4.14
2019/07/22 14:47:00, 24.50, 24.43, 24.24, 44.93, 44.65, 0, 0, 4.14
2019/07/22 14:48:00, 24.50, 24.44, 24.26, 44.99, 44.68, 0, 0, 4.14
2019/07/22 14:49:00, 24.50, 24.43, 24.26, 44.89, 44.66, 0, 0, 4.14
2019/07/22 14:50:00, 24.50, 24.46, 24.24, 44.86, 44.59, 0, 0, 4.14
2019/07/22 14:51:00, 24.50, 24.44, 24.26, 44.83, 44.57, 0, 0, 4.14
2019/07/22 14:52:00, 24.50, 24.43, 24.27, 44.85, 44.58, 0, 0, 4.14
2019/07/22 14:53:00, 24.50, 24.44, 24.26, 44.84, 44.57, 0, 0, 4.14
2019/07/22 14:54:00, 24.50, 24.42, 24.25, 44.83, 44.58, 0, 0, 4.14
2019/07/22 14:55:00, 24.50, 24.44, 24.24, 44.82, 44.59, 0, 0, 4.14
2019/07/22 14:56:00, 24.50, 24.43, 24.25, 44.86, 44.56, 0, 0, 4.14
2019/07/22 14:57:00, 24.50, 24.42, 24.24, 44.81, 44.56, 0, 0, 4.14
2019/07/22 14:58:00, 24.50, 24.42, 24.24, 44.72, 44.51, 0, 0, 4.14
2019/07/22 14:59:00, 24.50, 24.43, 24.24, 44.84, 44.52, 0, 0, 4.14
2019/07/22 15:00:00, 24.50, 24.40, 24.25, 44.79, 44.54, 0, 0, 4.14
2019/07/22 15:01:00, 24.50, 24.40, 24.25, 44.77, 44.52, 0, 0, 4.14
2019/07/22 15:02:00, 24.50, 24.40, 24.23, 44.79, 44.54, 0, 0, 4.14
2019/07/22 15:03:00, 24.50, 24.39, 24.22, 44.77, 44.54, 0, 0, 4.14
2019/07/22 15:04:00, 24.50, 24.39, 24.23, 44.79, 44.52, 0, 0, 4.14
2019/07/22 15:05:00, 24.50, 24.39, 24.23, 44.80, 44.52, 0, 0, 4.14
2019/07/22 15:06:00, 24.50, 24.39, 24.19, 44.75, 44.50, 0, 0, 4.14
2019/07/22 15:07:00, 24.50, 24.40, 24.18, 44.81, 44.52, 0, 0, 4.14
2019/07/22 15:08:00, 24.50, 24.39, 24.20, 44.82, 44.57, 0, 0, 4.14
2019/07/22 15:09:00, 24.50, 24.36, 24.18, 44.79, 44.54, 0, 0, 4.14
2019/07/22 15:10:00, 24.50, 24.36, 24.20, 44.82, 44.54, 0, 0, 4.14
2019/07/22 15:11:00, 24.50, 24.38, 24.19, 44.80, 44.56, 0, 0, 4.14
2019/07/22 15:12:00, 24.50, 24.39, 24.19, 44.84, 44.59, 0, 0, 4.14
2019/07/22 15:13:00, 24.50, 24.38, 24.18, 44.90, 44.64, 0, 0, 4.14
2019/07/22 15:14:00, 24.50, 24.38, 24.20, 44.95, 44.67, 0, 0, 4.14
2019/07/22 15:15:00, 24.50, 24.36, 24.20, 44.99, 44.70, 0, 0, 4.14
2019/07/22 15:16:00, 24.50, 24.38, 24.20, 45.07, 44.79, 0, 0, 4.14
2019/07/22 15:17:00, 24.50, 24.39, 24.18, 45.12, 44.84, 0, 0, 4.14
2019/07/22 15:18:00, 24.50, 24.39, 24.19, 45.16, 44.90, 0, 0, 4.14
2019/07/22 15:19:00, 24.50, 24.38, 24.18, 45.18, 44.92, 0, 0, 4.14
2019/07/22 15:20:00, 24.50, 24.38, 24.20, 45.29, 45.01, 0, 0, 4.14
2019/07/22 15:21:00, 24.50, 24.39, 24.21, 45.26, 44.98, 0, 0, 4.14
2019/07/22 15:22:00, 24.50, 24.40, 24.20, 45.27, 44.96, 0, 0, 4.14
2019/07/22 15:23:00, 24.50, 24.39, 24.21, 45.33, 45.01, 0, 0, 4.14
2019/07/22 15:24:00, 24.50, 24.38, 24.21, 45.30, 45.05, 0, 0, 4.14
2019/07/22 15:25:00, 24.50, 24.39, 24.20, 45.43, 45.12, 0, 0, 4.14
2019/07/22 15:26:00, 24.50, 24.38, 24.18, 45.44, 45.17, 0, 0, 4.14
2019/07/22 15:27:00, 24.50, 24.35, 24.20, 45.52, 45.21, 0, 0, 4.14
2019/07/22 15:28:00, 24.50, 24.38, 24.19, 45.59, 45.30, 0, 0, 4.14
2019/07/22 15:29:00, 24.50, 24.38, 24.16, 45.62, 45.32, 0, 0, 4.14
2019/07/22 15:30:00, 24.50, 24.35, 24.15, 45.65, 45.32, 0, 0, 4.14
2019/07/22 15:31:00, 24.50, 24.32, 24.16, 45.72, 45.42, 0, 0, 4.14
2019/07/22 15:32:00, 24.50, 24.33, 24.15, 45.76, 45.45, 0, 0, 4.14
2019/07/22 15:33:00, 24.50, 24.35, 24.15, 45.78, 45.52, 0, 0, 4.14
2019/07/22 15:34:00, 24.50, 24.33, 24.15, 45.88, 45.55, 0, 0, 4.14
2019/07/22 15:35:00, 24.50, 24.32, 24.15, 45.87, 45.59, 0, 0, 4.14
2019/07/22 15:36:00, 24.50, 24.33, 24.13, 45.90, 45.58, 0, 0, 4.14
2019/07/22 15:37:00, 24.50, 24.32, 24.12, 45.96, 45.62, 0, 0, 4.14
2019/07/22 15:38:00, 24.50, 24.32, 24.13, 46.01, 45.75, 0, 0, 4.14
2019/07/22 15:39:00, 24.50, 24.32, 24.13, 45.98, 45.71, 0, 0, 4.14
2019/07/22 15:40:00, 24.50, 24.31, 24.13, 46.02, 45.72, 0, 0, 4.14
2019/07/22 15:41:00, 24.50, 24.31, 24.13, 46.00, 45.75, 0, 0, 4.14
2019/07/22 15:42:00, 24.50, 24.29, 24.11, 46.12, 45.78, 0, 0, 4.14
2019/07/22 15:43:00, 24.50, 24.32, 24.10, 46.10, 45.81, 0, 0, 4.14
2019/07/22 15:44:00, 24.50, 24.31, 24.13, 46.19, 45.88, 0, 0, 4.14
2019/07/22 15:45:00, 24.50, 24.31, 24.11, 46.15, 45.87, 0, 0, 4.14
2019/07/22 15:46:00, 24.50, 24.29, 24.11, 46.17, 45.88, 0, 0, 4.14
2019/07/22 15:47:00, 24.50, 24.29, 24.10, 46.26, 45.97, 0, 0, 4.14
2019/07/22 15:48:00, 24.50, 24.31, 24.09, 46.31, 46.01, 0, 0, 4.14
2019/07/22 15:49:00, 24.50, 24.27, 24.09, 46.34, 46.06, 0, 0, 4.14
2019/07/22 15:50:00, 24.50, 24.26, 24.10, 46.37, 46.05, 0, 0, 4.14
2019/07/22 15:51:00, 24.50, 24.26, 24.09, 46.35, 46.07, 0, 0, 4.14
2019/07/22 15:52:00, 24.50, 24.27, 24.07, 46.44, 46.14, 0, 0, 4.14
2019/07/22 15:53:00, 24.50, 24.26, 24.10, 46.41, 46.12, 0, 0, 4.14
2019/07/22 15:54:00, 24.50, 24.27, 24.06, 46.44, 46.13, 0, 0, 4.14
2019/07/22 15:55:00, 24.50, 24.27, 24.07, 46.46, 46.15, 0, 0, 4.14
2019/07/22 15:56:00, 24.50, 24.25, 24.06, 46.47, 46.20, 0, 0, 4.14
2019/07/22 15:57:00, 24.50, 24.23, 24.05, 46.60, 46.27, 0, 0, 4.14
2019/07/22 15:58:00, 24.50, 24.23, 24.06, 46.61, 46.32, 0, 0, 4.14
2019/07/22 15:59:00, 24.50, 24.22, 24.04, 46.63, 46.33, 0, 0, 4.14
2019/07/22 16:00:00, 24.50, 24.23, 24.02, 46.80, 46.39, 0, 0, 4.14
2019/07/22 16:01:00, 24.50, 24.23, 24.02, 46.75, 46.42, 0, 0, 4.14
2019/07/22 16:02:00, 24.50, 24.20, 24.01, 46.81, 46.47, 0, 0, 4.14
2019/07/22 16:03:00, 24.50, 24.20, 24.02, 46.86, 46.52, 0, 0, 4.14
2019/07/22 16:04:00, 24.50, 24.20, 24.00, 46.93, 46.59, 0, 0, 4.14
2019/07/22 16:05:00, 24.50, 24.18, 24.00, 46.91, 46.61, 0, 0, 4.14
2019/07/22 16:06:00, 24.50, 24.18, 24.00, 46.97, 46.63, 0, 0, 4.14
2019/07/22 16:07:00, 24.50, 24.16, 24.00, 47.00, 46.65, 0, 0, 4.14
2019/07/22 16:08:00, 24.50, 24.18, 23.98, 47.02, 46.68, 0, 0, 4.14
2019/07/22 16:09:00, 24.50, 24.18, 23.98, 47.04, 46.70, 0, 0, 4.14
2019/07/22 16:10:00, 24.50, 24.16, 23.97, 47.09, 46.77, 0, 0, 4.14
2019/07/22 16:11:00, 24.50, 24.15, 23.96, 47.08, 46.76, 0, 0, 4.14
2019/07/22 16:12:00, 24.50, 24.16, 23.95, 47.13, 46.80, 0, 0, 4.14
2019/07/22 16:13:00, 24.50, 24.16, 23.96, 47.22, 46.90, 0, 0, 4.14
2019/07/22 16:14:00, 24.50, 24.15, 23.96, 47.32, 46.96, 0, 0, 4.14
2019/07/22 16:15:00, 24.50, 24.16, 23.97, 47.42, 47.04, 0, 0, 4.14
2019/07/22 16:16:00, 24.50, 24.15, 23.97, 47.51, 47.13, 0, 0, 4.14
2019/07/22 16:17:00, 24.50, 24.12, 23.96, 47.62, 47.22, 0, 0, 4.14
2019/07/22 16:18:00, 24.50, 24.15, 23.95, 47.66, 47.27, 0, 0, 4.14
2019/07/22 16:19:00, 24.50, 24.15, 23.97, 47.71, 47.32, 0, 0, 4.14
2019/07/22 16:20:00, 24.50, 24.15, 23.98, 47.68, 47.34, 0, 0, 4.14
2019/07/22 16:21:00, 24.50, 24.16, 23.97, 47.73, 47.34, 0, 0, 4.14
2019/07/22 16:22:00, 24.50, 24.16, 23.95, 47.68, 47.35, 0, 0, 4.14
2019/07/22 16:23:00, 24.50, 24.15, 23.96, 47.77, 47.38, 0, 0, 4.14
2019/07/22 16:24:00, 24.50, 24.12, 23.96, 47.83, 47.43, 0, 0, 4.14
2019/07/22 16:25:00, 24.50, 24.14, 23.97, 47.84, 47.48, 0, 0, 4.14
2019/07/22 16:26:00, 24.50, 24.12, 23.95, 47.88, 47.47, 0, 0, 4.14
2019/07/22 16:27:00, 24.50, 24.15, 23.97, 47.90, 47.50, 0, 0, 4.14
2019/07/22 16:28:00, 24.50, 24.14, 23.95, 47.92, 47.53, 0, 0, 4.14
2019/07/22 16:29:00, 24.50, 24.14, 23.95, 47.96, 47.57, 0, 0, 4.14
2019/07/22 16:30:00, 24.50, 24.14, 23.95, 47.89, 47.54, 0, 0, 4.14
2019/07/22 16:31:00, 24.50, 24.12, 23.94, 47.97, 47.58, 0, 0, 4.14
2019/07/22 16:32:00, 24.50, 24.15, 23.96, 47.94, 47.55, 0, 0, 4.14
2019/07/22 16:33:00, 24.50, 24.16, 23.95, 47.96, 47.56, 0, 0, 4.14
2019/07/22 16:34:00, 24.50, 24.14, 23.95, 47.94, 47.52, 0, 0, 4.14
2019/07/22 16:35:00, 24.50, 24.15, 23.96, 47.88, 47.52, 0, 0, 4.14
2019/07/22 16:36:00, 24.50, 24.14, 23.97, 47.87, 47.48, 0, 0, 4.14
2019/07/22 16:37:00, 24.50, 24.15, 23.95, 47.85, 47.48, 0, 0, 4.14
2019/07/22 16:38:00, 24.50, 24.15, 24.00, 47.82, 47.48, 0, 0, 4.14
2019/07/22 16:39:00, 24.50, 24.16, 23.97, 47.73, 47.37, 0, 0, 4.14
2019/07/22 16:40:00, 24.50, 24.16, 23.95, 47.69, 47.33, 0, 0, 4.14
2019/07/22 16:41:00, 24.50, 24.18, 23.97, 47.67, 47.32, 0, 0, 4.14
2019/07/22 16:42:00, 24.50, 24.15, 24.00, 47.65, 47.29, 0, 0, 4.14
2019/07/22 16:43:00, 24.50, 24.16, 23.97, 47.60, 47.27, 0, 0, 4.14
2019/07/22 16:44:00, 24.50, 24.18, 23.97, 47.62, 47.29, 0, 0, 4.14
2019/07/22 16:45:00, 24.50, 24.15, 23.97, 47.65, 47.30, 0, 0, 4.14
2019/07/22 16:46:00, 24.50, 24.16, 23.97, 47.64, 47.29, 0, 0, 4.14
2019/07/22 16:47:00, 24.50, 24.18, 23.98, 47.72, 47.37, 0, 0, 4.14
2019/07/22 16:48:00, 24.50, 24.15, 23.97, 47.72, 47.32, 0, 0, 4.14
2019/07/22 16:49:00, 24.50, 24.18, 24.02, 47.75, 47.43, 0, 0, 4.14
2019/07/22 16:50:00, 24.50, 24.18, 24.01, 47.60, 47.32, 0, 0, 4.14
2019/07/22 16:51:00, 24.50, 24.20, 24.02, 47.55, 47.23, 0, 0, 4.14
2019/07/22 16:52:00, 24.50, 24.19, 24.00, 47.60, 47.23, 0, 0, 4.14
2019/07/22 16:53:00, 24.50, 24.19, 24.01, 47.61, 47.27, 0, 0, 4.14
2019/07/22 16:54:00, 24.50, 24.18, 23.98, 47.64, 47.28, 0, 0, 4.14
2019/07/22 16:55:00, 24.50, 24.16, 24.00, 47.66, 47.28, 0, 0, 4.14
2019/07/22 16:56:00, 24.50, 24.18, 24.00, 47.71, 47.36, 0, 0, 4.14
2019/07/22 16:57:00, 24.50, 24.18, 24.00, 47.72, 47.35, 0, 0, 4.14
2019/07/22 16:58:00, 24.50, 24.18, 23.98, 47.73, 47.40, 0, 0, 4.14
2019/07/22 16:59:00, 24.50, 24.20, 24.00, 47.69, 47.36, 0, 0, 4.14
2019/07/22 17:00:00, 24.50, 24.19, 24.01, 47.67, 47.32, 0, 0, 4.14
2019/07/22 17:01:00, 24.50, 24.19, 24.00, 47.59, 47.28, 0, 0, 4.14
2019/07/22 17:02:00, 24.50, 24.20, 24.00, 47.60, 47.29, 0, 0, 4.14
2019/07/22 17:03:00, 24.50, 24.20, 24.01, 47.59, 47.26, 0, 0, 4.14
2019/07/22 17:04:00, 24.50, 24.22, 24.03, 47.63, 47.26, 0, 0, 4.14
2019/07/22 17:05:00, 24.50, 24.19, 24.01, 47.64, 47.30, 0, 0, 4.14
2019/07/22 17:06:00, 24.50, 24.20, 24.01, 47.66, 47.32, 0, 0, 4.14
2019/07/22 17:07:00, 24.50, 24.19, 24.03, 47.69, 47.35, 0, 0, 4.14
2019/07/22 17:08:00, 24.50, 24.22, 24.02, 47.76, 47.38, 0, 0, 4.14
2019/07/22 17:09:00, 24.50, 24.19, 24.01, 47.80, 47.44, 0, 0, 4.14
2019/07/22 17:10:00, 24.50, 24.22, 24.04, 47.81, 47.48, 0, 0, 4.14
2019/07/22 17:11:00, 24.50, 24.22, 24.04, 47.89, 47.54, 0, 0, 4.14
2019/07/22 17:12:00, 24.50, 24.20, 24.04, 47.94, 47.58, 0, 0, 4.14
2019/07/22 17:13:00, 24.50, 24.22, 24.03, 47.96, 47.58, 0, 0, 4.14
2019/07/22 17:14:00, 24.50, 24.23, 24.03, 48.02, 47.64, 0, 0, 4.14
2019/07/22 17:15:00, 24.50, 24.20, 24.04, 48.05, 47.65, 0, 0, 4.14
2019/07/22 17:16:00, 24.50, 24.25, 24.03, 48.05, 47.66, 0, 0, 4.14
2019/07/22 17:17:00, 24.50, 24.22, 24.04, 48.02, 47.70, 0, 0, 4.14
2019/07/22 17:18:00, 24.50, 24.23, 24.02, 48.06, 47.69, 0, 0, 4.14
2019/07/22 17:19:00, 24.50, 24.22, 24.04, 48.07, 47.71, 0, 0, 4.14
2019/07/22 17:20:00, 24.50, 24.22, 24.04, 48.06, 47.73, 0, 0, 4.14
2019/07/22 17:21:00, 24.50, 24.22, 24.02, 48.13, 47.76, 0, 0, 4.14
2019/07/22 17:22:00, 24.50, 24.20, 24.03, 48.14, 47.76, 0, 0, 4.14
2019/07/22 17:23:00, 24.50, 24.23, 24.04, 48.17, 47.78, 0, 0, 4.14
2019/07/22 17:24:00, 24.50, 24.23, 24.02, 48.13, 47.78, 0, 0, 4.14
2019/07/22 17:25:00, 24.50, 24.22, 24.04, 48.12, 47.79, 0, 0, 4.14
2019/07/22 17:26:00, 24.50, 24.22, 24.01, 48.13, 47.81, 0, 0, 4.14
2019/07/22 17:27:00, 24.50, 24.22, 24.03, 48.16, 47.81, 0, 0, 4.14
2019/07/22 17:28:00, 24.50, 24.22, 24.03, 48.16, 47.83, 0, 0, 4.14
2019/07/22 17:29:00, 24.50, 24.23, 24.02, 48.20, 47.84, 0, 0, 4.14
2019/07/22 17:30:00, 24.50, 24.23, 24.03, 48.22, 47.84, 0, 0, 4.14
2019/07/22 17:31:00, 24.50, 24.22, 24.03, 48.17, 47.84, 0, 0, 4.14
2019/07/22 17:32:00, 24.50, 24.20, 24.04, 48.18, 47.81, 0, 0, 4.14
2019/07/22 17:33:00, 24.50, 24.22, 24.03, 48.14, 47.80, 0, 0, 4.14
2019/07/22 17:34:00, 24.50, 24.22, 24.04, 48.07, 47.78, 0, 0, 4.14
2019/07/22 17:35:00, 24.50, 24.19, 24.01, 48.13, 47.76, 0, 0, 4.14
2019/07/22 17:36:00, 24.50, 24.19, 24.02, 48.06, 47.74, 0, 0, 4.14
2019/07/22 17:37:00, 24.50, 24.20, 24.02, 48.08, 47.73, 0, 0, 4.14
2019/07/22 17:38:00, 24.50, 24.20, 24.02, 48.09, 47.71, 0, 0, 4.14
2019/07/22 17:39:00, 24.50, 24.19, 24.01, 48.05, 47.71, 0, 0, 4.14
2019/07/22 17:40:00, 24.50, 24.20, 24.01, 47.96, 47.64, 0, 0, 4.14
2019/07/22 17:41:00, 24.50, 24.19, 24.01, 47.92, 47.61, 0, 0, 4.14
2019/07/22 17:42:00, 24.50, 24.19, 24.02, 47.84, 47.58, 0, 0, 4.14
2019/07/22 17:43:00, 24.50, 24.19, 24.01, 47.89, 47.57, 0, 0, 4.14
2019/07/22 17:44:00, 24.50, 24.19, 24.00, 47.83, 47.54, 0, 0, 4.14
2019/07/22 17:45:00, 24.50, 24.20, 24.00, 47.75, 47.48, 0, 0, 4.14
2019/07/22 17:46:00, 24.50, 24.19, 24.01, 47.77, 47.45, 0, 0, 4.14
2019/07/22 17:47:00, 24.50, 24.19, 24.00, 47.76, 47.40, 0, 0, 4.14
2019/07/22 17:48:00, 24.50, 24.19, 24.00, 47.67, 47.36, 0, 0, 4.14
2019/07/22 17:49:00, 24.50, 24.19, 23.98, 47.64, 47.33, 0, 0, 4.14
2019/07/22 17:50:00, 24.50, 24.20, 24.00, 47.60, 47.31, 0, 0, 4.14
2019/07/22 17:51:00, 24.50, 24.18, 24.00, 47.59, 47.29, 0, 0, 4.14
2019/07/22 17:52:00, 24.50, 24.18, 23.98, 47.54, 47.25, 0, 0, 4.14
2019/07/22 17:53:00, 24.50, 24.16, 24.00, 47.49, 47.23, 0, 0, 4.14
2019/07/22 17:54:00, 24.50, 24.16, 23.98, 47.51, 47.19, 0, 0, 4.14
2019/07/22 17:55:00, 24.50, 24.19, 23.97, 47.44, 47.16, 0, 0, 4.14
2019/07/22 17:56:00, 24.50, 24.16, 24.01, 47.43, 47.13, 0, 0, 4.14
2019/07/22 17:57:00, 24.50, 24.16, 23.98, 47.42, 47.12, 0, 0, 4.14
2019/07/22 17:58:00, 24.50, 24.18, 23.98, 47.40, 47.09, 0, 0, 4.14
2019/07/22 17:59:00, 24.50, 24.16, 23.97, 47.32, 47.07, 0, 0, 4.14
2019/07/22 18:00:00, 24.50, 24.14, 23.97, 47.37, 47.04, 0, 0, 4.14
2019/07/22 18:01:00, 24.50, 24.15, 23.96, 47.30, 47.03, 0, 0, 4.14
2019/07/22 18:02:00, 24.50, 24.15, 23.95, 47.35, 46.99, 0, 0, 4.14
2019/07/22 18:03:00, 24.50, 24.16, 23.97, 47.27, 46.97, 0, 0, 4.14
2019/07/22 18:04:00, 24.50, 24.18, 23.97, 47.27, 46.97, 0, 0, 4.14
2019/07/22 18:05:00, 24.50, 24.18, 23.95, 47.19, 46.94, 0, 0, 4.14
2019/07/22 18:06:00, 24.50, 24.16, 23.97, 47.23, 46.94, 0, 0, 4.14
2019/07/22 18:07:00, 24.50, 24.16, 23.97, 47.17, 46.94, 0, 0, 4.14
2019/07/22 18:08:00, 24.50, 24.15, 23.97, 47.18, 46.91, 0, 0, 4.14
2019/07/22 18:09:00, 24.50, 24.18, 23.97, 47.20, 46.92, 0, 0, 4.14
2019/07/22 18:10:00, 24.50, 24.16, 24.00, 47.18, 46.90, 0, 0, 4.14
2019/07/22 18:11:00, 24.50, 24.18, 23.96, 47.20, 46.90, 0, 0, 4.14
2019/07/22 18:12:00, 24.50, 24.16, 23.96, 47.17, 46.90, 0, 0, 4.14
2019/07/22 18:13:00, 24.50, 24.18, 24.00, 47.17, 46.90, 0, 0, 4.14
2019/07/22 18:14:00, 24.50, 24.18, 23.97, 47.12, 46.85, 0, 0, 4.14
2019/07/22 18:15:00, 24.50, 24.18, 23.98, 47.11, 46.84, 0, 0, 4.14
2019/07/22 18:16:00, 24.50, 24.15, 23.97, 47.11, 46.84, 0, 0, 4.14
2019/07/22 18:17:00, 24.50, 24.15, 24.00, 47.15, 46.81, 0, 0, 4.14
2019/07/22 18:18:00, 24.50, 24.19, 23.97, 47.15, 46.82, 0, 0, 4.14
2019/07/22 18:19:00, 24.50, 24.16, 23.97, 47.09, 46.80, 0, 0, 4.14
2019/07/22 18:20:00, 24.50, 24.16, 23.98, 47.10, 46.79, 0, 0, 4.14
2019/07/22 18:21:00, 24.50, 24.19, 23.98, 47.07, 46.81, 0, 0, 4.14
2019/07/22 18:22:00, 24.50, 24.18, 23.96, 47.09, 46.81, 0, 0, 4.14
2019/07/22 18:23:00, 24.50, 24.16, 23.97, 47.09, 46.81, 0, 0, 4.14
2019/07/22 18:24:00, 24.50, 24.16, 23.97, 47.07, 46.79, 0, 0, 4.14
2019/07/22 18:25:00, 24.50, 24.18, 23.97, 47.09, 46.80, 0, 0, 4.14
2019/07/22 18:26:00, 24.50, 24.18, 23.97, 47.06, 46.80, 0, 0, 4.14
2019/07/22 18:27:00, 24.50, 24.18, 23.98, 47.12, 46.79, 0, 0, 4.14
2019/07/22 18:28:00, 24.50, 24.18, 24.01, 47.10, 46.80, 0, 0, 4.14
2019/07/22 18:29:00, 24.50, 24.18, 23.97, 47.10, 46.78, 0, 0, 4.14
2019/07/22 18:30:00, 24.50, 24.18, 23.98, 47.09, 46.80, 0, 0, 4.14
2019/07/22 18:31:00, 24.50, 24.18, 24.00, 47.11, 46.81, 0, 0, 4.14
2019/07/22 18:32:00, 24.50, 24.15, 23.98, 47.12, 46.81, 0, 0, 4.14
2019/07/22 18:33:00, 24.50, 24.18, 24.00, 47.06, 46.80, 0, 0, 4.14
2019/07/22 18:34:00, 24.50, 24.18, 23.98, 47.07, 46.78, 0, 0, 4.14
2019/07/22 18:35:00, 24.50, 24.16, 23.97, 47.09, 46.80, 0, 0, 4.14
2019/07/22 18:36:00, 24.50, 24.18, 23.98, 47.10, 46.81, 0, 0, 4.14
2019/07/22 18:37:00, 24.50, 24.16, 24.00, 47.11, 46.79, 0, 0, 4.14
2019/07/22 18:38:00, 24.50, 24.18, 24.00, 47.09, 46.78, 0, 0, 4.14
2019/07/22 18:39:00, 24.50, 24.16, 23.98, 47.11, 46.81, 0, 0, 4.14
2019/07/22 18:40:00, 24.50, 24.18, 23.97, 47.11, 46.81, 0, 0, 4.14
2019/07/22 18:41:00, 24.50, 24.18, 24.00, 47.06, 46.78, 0, 0, 4.14
2019/07/22 18:42:00, 24.50, 24.18, 23.96, 47.04, 46.77, 0, 0, 4.14
2019/07/22 18:43:00, 24.50, 24.16, 23.97, 46.99, 46.74, 0, 0, 4.14
2019/07/22 18:44:00, 24.50, 24.16, 23.96, 47.06, 46.74, 0, 0, 4.14
2019/07/22 18:45:00, 24.50, 24.18, 23.97, 47.06, 46.74, 0, 0, 4.14
2019/07/22 18:46:00, 24.50, 24.18, 23.95, 46.97, 46.73, 0, 0, 4.14
2019/07/22 18:47:00, 24.50, 24.15, 23.96, 47.00, 46.71, 0, 0, 4.14
2019/07/22 18:48:00, 24.50, 24.15, 23.96, 46.97, 46.70, 0, 0, 4.14
2019/07/22 18:49:00, 24.50, 24.18, 23.96, 47.00, 46.68, 0, 0, 4.14
2019/07/22 18:50:00, 24.50, 24.16, 23.97, 46.96, 46.66, 0, 0, 4.14
2019/07/22 18:51:00, 24.50, 24.16, 23.96, 46.92, 46.65, 0, 0, 4.14
2019/07/22 18:52:00, 24.50, 24.16, 23.96, 46.90, 46.64, 0, 0, 4.14
2019/07/22 18:53:00, 24.25, 24.16, 23.97, 46.93, 46.64, 0, 0, 4.14
2019/07/22 18:54:00, 24.50, 24.15, 23.96, 46.88, 46.61, 0, 0, 4.14
2019/07/22 18:55:00, 24.50, 24.15, 23.95, 46.89, 46.60, 0, 0, 4.14
2019/07/22 18:56:00, 24.50, 24.16, 23.97, 46.85, 46.61, 0, 0, 4.14
2019/07/22 18:57:00, 24.50, 24.15, 23.97, 46.86, 46.58, 0, 0, 4.14
2019/07/22 18:58:00, 24.50, 24.15, 23.96, 46.85, 46.56, 0, 0, 4.14
2019/07/22 18:59:00, 24.50, 24.15, 23.97, 46.85, 46.57, 0, 0, 4.14
2019/07/22 19:00:00, 24.50, 24.15, 23.95, 46.83, 46.57, 0, 0, 4.14
2019/07/22 19:01:00, 24.50, 24.15, 23.92, 46.79, 46.53, 0, 0, 4.14
2019/07/22 19:02:00, 24.50, 24.18, 23.97, 46.83, 46.54, 0, 0, 4.14
2019/07/22 19:03:00, 24.50, 24.18, 23.96, 46.80, 46.52, 0, 0, 4.14
2019/07/22 19:04:00, 24.25, 24.15, 23.95, 46.79, 46.52, 0, 0, 4.14
2019/07/22 19:05:00, 24.25, 24.15, 23.95, 46.79, 46.51, 0, 0, 4.14
2019/07/22 19:06:00, 24.25, 24.15, 23.97, 46.79, 46.50, 0, 0, 4.14
2019/07/22 19:07:00, 24.25, 24.18, 23.96, 46.76, 46.49, 0, 0, 4.14
2019/07/22 19:08:00, 24.25, 24.16, 23.95, 46.75, 46.49, 0, 0, 4.14
2019/07/22 19:09:00, 24.25, 24.14, 23.96, 46.75, 46.50, 0, 0, 4.14
2019/07/22 19:10:00, 24.50, 24.15, 23.95, 46.74, 46.48, 0, 0, 4.14
2019/07/22 19:11:00, 24.50, 24.15, 23.96, 46.73, 46.46, 0, 0, 4.14
2019/07/22 19:12:00, 24.25, 24.14, 23.96, 46.79, 46.47, 0, 0, 4.14
2019/07/22 19:13:00, 24.25, 24.15, 23.95, 46.76, 46.47, 0, 0, 4.14
2019/07/22 19:14:00, 24.50, 24.14, 23.94, 46.71, 46.46, 0, 0, 4.14
2019/07/22 19:15:00, 24.25, 24.15, 23.95, 46.68, 46.47, 0, 0, 4.14
2019/07/22 19:16:00, 24.50, 24.15, 23.97, 46.72, 46.43, 0, 0, 4.14
2019/07/22 19:17:00, 24.25, 24.12, 23.94, 46.74, 46.46, 0, 0, 4.14
2019/07/22 19:18:00, 24.25, 24.18, 23.95, 46.72, 46.46, 0, 0, 4.14
2019/07/22 19:19:00, 24.50, 24.14, 23.95, 46.74, 46.47, 0, 0, 4.14
2019/07/22 19:20:00, 24.25, 24.15, 23.95, 46.74, 46.45, 0, 0, 4.14
2019/07/22 19:21:00, 24.25, 24.15, 23.97, 46.72, 46.45, 0, 0, 4.14
2019/07/22 19:22:00, 24.25, 24.14, 23.95, 46.70, 46.45, 0, 0, 4.14
2019/07/22 19:23:00, 24.25, 24.15, 23.95, 46.74, 46.45, 0, 0, 4.14
2019/07/22 19:24:00, 24.25, 24.12, 23.94, 46.74, 46.47, 0, 0, 4.14
2019/07/22 19:25:00, 24.25, 24.14, 23.94, 46.75, 46.50, 0, 0, 4.14
2019/07/22 19:26:00, 24.25, 24.14, 23.95, 46.76, 46.47, 0, 0, 4.14
2019/07/22 19:27:00, 24.25, 24.14, 23.95, 46.75, 46.49, 0, 0, 4.14
2019/07/22 19:28:00, 24.25, 24.12, 23.94, 46.76, 46.49, 0, 0, 4.14
2019/07/22 19:29:00, 24.25, 24.12, 23.95, 46.76, 46.50, 0, 0, 4.14
2019/07/22 19:30:00, 24.25, 24.12, 23.94, 46.75, 46.51, 0, 0, 4.14
2019/07/22 19:31:00, 24.25, 24.12, 23.94, 46.77, 46.51, 0, 0, 4.14
2019/07/22 19:32:00, 24.25, 24.14, 23.94, 46.79, 46.52, 0, 0, 4.14
2019/07/22 19:33:00, 24.25, 24.14, 23.94, 46.78, 46.52, 0, 0, 4.14
2019/07/22 19:34:00, 24.25, 24.11, 23.94, 46.75, 46.51, 0, 0, 4.14
2019/07/22 19:35:00, 24.25, 24.12, 23.95, 46.80, 46.51, 0, 0, 4.14
2019/07/22 19:36:00, 24.25, 24.12, 23.94, 46.82, 46.52, 0, 0, 4.14
2019/07/22 19:37:00, 24.25, 24.14, 23.93, 46.79, 46.52, 0, 0, 4.14
2019/07/22 19:38:00, 24.25, 24.14, 23.95, 46.88, 46.53, 0, 0, 4.14
2019/07/22 19:39:00, 24.25, 24.12, 23.96, 46.80, 46.55, 0, 0, 4.14
2019/07/22 19:40:00, 24.25, 24.14, 23.95, 46.81, 46.57, 0, 0, 4.14
2019/07/22 19:41:00, 24.25, 24.14, 23.94, 46.86, 46.56, 0, 0, 4.14
2019/07/22 19:42:00, 24.25, 24.14, 23.92, 46.88, 46.59, 0, 0, 4.14
2019/07/22 19:43:00, 24.25, 24.14, 23.93, 46.88, 46.60, 0, 0, 4.14
2019/07/22 19:44:00, 24.25, 24.12, 23.92, 46.93, 46.61, 0, 0, 4.14
2019/07/22 19:45:00, 24.25, 24.12, 23.93, 46.91, 46.64, 0, 0, 4.14
2019/07/22 19:46:00, 24.25, 24.14, 23.93, 46.95, 46.62, 0, 0, 4.14
2019/07/22 19:47:00, 24.25, 24.12, 23.93, 46.93, 46.64, 0, 0, 4.14
2019/07/22 19:48:00, 24.25, 24.12, 23.95, 46.94, 46.66, 0, 0, 4.14
2019/07/22 19:49:00, 24.25, 24.15, 23.92, 46.98, 46.67, 0, 0, 4.14
2019/07/22 19:50:00, 24.25, 24.12, 23.94, 46.98, 46.68, 0, 0, 4.14
2019/07/22 19:51:00, 24.25, 24.11, 23.92, 46.98, 46.69, 0, 0, 4.14
2019/07/22 19:52:00, 24.25, 24.14, 23.93, 47.00, 46.71, 0, 0, 4.14
2019/07/22 19:53:00, 24.25, 24.12, 23.93, 47.02, 46.74, 0, 0, 4.14
2019/07/22 19:54:00, 24.25, 24.12, 23.94, 47.04, 46.78, 0, 0, 4.14
2019/07/22 19:55:00, 24.25, 24.12, 23.92, 47.04, 46.75, 0, 0, 4.14
2019/07/22 19:56:00, 24.25, 24.14, 23.94, 47.03, 46.77, 0, 0, 4.14
2019/07/22 19:57:00, 24.25, 24.12, 23.94, 47.04, 46.78, 0, 0, 4.14
2019/07/22 19:58:00, 24.25, 24.12, 23.90, 47.08, 46.78, 0, 0, 4.14
2019/07/22 19:59:00, 24.25, 24.12, 23.92, 47.06, 46.81, 0, 0, 4.14
2019/07/22 20:00:00, 24.25, 24.12, 23.91, 47.11, 46.81, 0, 0, 4.14
2019/07/22 20:01:00, 24.25, 24.14, 23.92, 47.17, 46.83, 0, 0, 4.14
2019/07/22 20:02:00, 24.25, 24.12, 23.92, 47.15, 46.87, 0, 0, 4.14
2019/07/22 20:03:00, 24.25, 24.12, 23.94, 47.18, 46.87, 0, 0, 4.14
2019/07/22 20:04:00, 24.25, 24.12, 23.93, 47.21, 46.90, 0, 0, 4.14
2019/07/22 20:05:00, 24.25, 24.12, 23.92, 47.17, 46.90, 0, 0, 4.14
2019/07/22 20:06:00, 24.25, 24.12, 23.93, 47.19, 46.94, 0, 0, 4.14
2019/07/22 20:07:00, 24.25, 24.12, 23.92, 47.22, 46.94, 0, 0, 4.14
2019/07/22 20:08:00, 24.25, 24.11, 23.91, 47.25, 46.96, 0, 0, 4.14
2019/07/22 20:09:00, 24.25, 24.12, 23.92, 47.28, 46.98, 0, 0, 4.14
2019/07/22 20:10:00, 24.25, 24.11, 23.91, 47.29, 46.99, 0, 0, 4.14
2019/07/22 20:11:00, 24.25, 24.14, 23.90, 47.33, 47.00, 0, 0, 4.14
2019/07/22 20:12:00, 24.25, 24.09, 23.91, 47.33, 47.02, 0, 0, 4.14
2019/07/22 20:13:00, 24.25, 24.09, 23.92, 47.33, 47.04, 0, 0, 4.14
2019/07/22 20:14:00, 24.25, 24.11, 23.92, 47.33, 47.06, 0, 0, 4.14
2019/07/22 20:15:00, 24.25, 24.11, 23.92, 47.36, 47.07, 0, 0, 4.14
2019/07/22 20:16:00, 24.25, 24.11, 23.90, 47.43, 47.10, 0, 0, 4.14
2019/07/22 20:17:00, 24.25, 24.12, 23.91, 47.42, 47.11, 0, 0, 4.14
2019/07/22 20:18:00, 24.25, 24.08, 23.89, 47.42, 47.12, 0, 0, 4.14
2019/07/22 20:19:00, 24.25, 24.09, 23.90, 47.45, 47.14, 0, 0, 4.14
2019/07/22 20:20:00, 24.25, 24.11, 23.91, 47.47, 47.16, 0, 0, 4.14
2019/07/22 20:21:00, 24.25, 24.09, 23.89, 47.47, 47.19, 0, 0, 4.14
2019/07/22 20:22:00, 24.25, 24.09, 23.89, 47.49, 47.19, 0, 0, 4.14
2019/07/22 20:23:00, 24.25, 24.08, 23.93, 47.49, 47.21, 0, 0, 4.14
2019/07/22 20:24:00, 24.25, 24.12, 23.89, 47.59, 47.21, 0, 0, 4.14
2019/07/22 20:25:00, 24.25, 24.09, 23.89, 47.55, 47.24, 0, 0, 4.14
2019/07/22 20:26:00, 24.25, 24.08, 23.91, 47.61, 47.26, 0, 0, 4.14
2019/07/22 20:27:00, 24.25, 24.09, 23.90, 47.60, 47.27, 0, 0, 4.14
2019/07/22 20:28:00, 24.25, 24.08, 23.91, 47.60, 47.30, 0, 0, 4.14
2019/07/22 20:29:00, 24.25, 24.09, 23.88, 47.65, 47.31, 0, 0, 4.14
2019/07/22 20:30:00, 24.25, 24.09, 23.89, 47.67, 47.34, 0, 0, 4.14
2019/07/22 20:31:00, 24.25, 24.11, 23.90, 47.67, 47.35, 0, 0, 4.14
2019/07/22 20:32:00, 24.25, 24.09, 23.89, 47.72, 47.38, 0, 0, 4.14
2019/07/22 20:33:00, 24.25, 24.08, 23.88, 47.75, 47.39, 0, 0, 4.14
2019/07/22 20:34:00, 24.25, 24.09, 23.90, 47.72, 47.42, 0, 0, 4.14
2019/07/22 20:35:00, 24.25, 24.11, 23.90, 47.79, 47.42, 0, 0, 4.14
2019/07/22 20:36:00, 24.25, 24.11, 23.90, 47.76, 47.46, 0, 0, 4.14
2019/07/22 20:37:00, 24.25, 24.11, 23.89, 47.82, 47.45, 0, 0, 4.14
2019/07/22 20:38:00, 24.25, 24.11, 23.89, 47.81, 47.49, 0, 0, 4.14
2019/07/22 20:39:00, 24.25, 24.08, 23.88, 47.82, 47.48, 0, 0, 4.14
2019/07/22 20:40:00, 24.25, 24.08, 23.88, 47.87, 47.52, 0, 0, 4.14
2019/07/22 20:41:00, 24.25, 24.09, 23.88, 47.87, 47.55, 0, 0, 4.14
2019/07/22 20:42:00, 24.25, 24.11, 23.88, 47.89, 47.56, 0, 0, 4.14
2019/07/22 20:43:00, 24.25, 24.09, 23.88, 47.90, 47.56, 0, 0, 4.14
2019/07/22 20:44:00, 24.25, 24.08, 23.89, 47.90, 47.60, 0, 0, 4.14
2019/07/22 20:45:00, 24.25, 24.08, 23.88, 47.95, 47.60, 0, 0, 4.14
2019/07/22 20:46:00, 24.25, 24.09, 23.89, 47.93, 47.63, 0, 0, 4.14
2019/07/22 20:47:00, 24.25, 24.09, 23.88, 48.02, 47.64, 0, 0, 4.14
2019/07/22 20:48:00, 24.25, 24.08, 23.88, 47.99, 47.67, 0, 0, 4.14
2019/07/22 20:49:00, 24.25, 24.07, 23.88, 48.03, 47.67, 0, 0, 4.14
2019/07/22 20:50:00, 24.25, 24.08, 23.87, 48.09, 47.71, 0, 0, 4.14
2019/07/22 20:51:00, 24.25, 24.07, 23.87, 48.05, 47.74, 0, 0, 4.14
2019/07/22 20:52:00, 24.25, 24.08, 23.86, 48.10, 47.76, 0, 0, 4.14
2019/07/22 20:53:00, 24.25, 24.07, 23.88, 48.10, 47.78, 0, 0, 4.14
2019/07/22 20:54:00, 24.25, 24.07, 23.87, 48.17, 47.81, 0, 0, 4.14
2019/07/22 20:55:00, 24.25, 24.07, 23.90, 48.16, 47.83, 0, 0, 4.14
2019/07/22 20:56:00, 24.25, 24.08, 23.88, 48.19, 47.82, 0, 0, 4.14
2019/07/22 20:57:00, 24.25, 24.08, 23.88, 48.21, 47.86, 0, 0, 4.14
2019/07/22 20:58:00, 24.25, 24.07, 23.88, 48.20, 47.87, 0, 0, 4.14
2019/07/22 20:59:00, 24.25, 24.07, 23.88, 48.23, 47.87, 0, 0, 4.14
2019/07/22 21:00:00, 24.25, 24.08, 23.86, 48.27, 47.90, 0, 0, 4.14
2019/07/22 21:01:00, 24.25, 24.07, 23.87, 48.28, 47.94, 0, 0, 4.14
2019/07/22 21:02:00, 24.25, 24.07, 23.86, 48.38, 47.96, 0, 0, 4.14
2019/07/22 21:03:00, 24.25, 24.05, 23.86, 48.32, 47.97, 0, 0, 4.14
2019/07/22 21:04:00, 24.25, 24.07, 23.87, 48.37, 47.99, 0, 0, 4.14
2019/07/22 21:05:00, 24.25, 24.07, 23.87, 48.35, 47.99, 0, 0, 4.14
2019/07/22 21:06:00, 24.25, 24.07, 23.88, 48.35, 48.02, 0, 0, 4.14
2019/07/22 21:07:00, 24.25, 24.07, 23.87, 48.44, 48.06, 0, 0, 4.14
2019/07/22 21:08:00, 24.25, 24.05, 23.86, 48.44, 48.06, 0, 0, 4.14
2019/07/22 21:09:00, 24.25, 24.05, 23.83, 48.44, 48.10, 0, 0, 4.14
2019/07/22 21:10:00, 24.25, 24.05, 23.86, 48.49, 48.12, 0, 0, 4.14
2019/07/22 21:11:00, 24.25, 24.07, 23.88, 48.49, 48.13, 0, 0, 4.14
2019/07/22 21:12:00, 24.25, 24.04, 23.83, 48.50, 48.13, 0, 0, 4.14
2019/07/22 21:13:00, 24.25, 24.04, 23.84, 48.54, 48.17, 0, 0, 4.14
2019/07/22 21:14:00, 24.25, 24.04, 23.86, 48.56, 48.19, 0, 0, 4.14
2019/07/22 21:15:00, 24.25, 24.05, 23.86, 48.54, 48.19, 0, 0, 4.14
2019/07/22 21:16:00, 24.25, 24.04, 23.88, 48.59, 48.19, 0, 0, 4.14
2019/07/22 21:17:00, 24.25, 24.05, 23.87, 48.60, 48.24, 0, 0, 4.14
2019/07/22 21:18:00, 24.25, 24.05, 23.86, 48.60, 48.26, 0, 0, 4.14
2019/07/22 21:19:00, 24.25, 24.04, 23.87, 48.68, 48.27, 0, 0, 4.14
2019/07/22 21:20:00, 24.25, 24.04, 23.86, 48.63, 48.29, 0, 0, 4.14
2019/07/22 21:21:00, 24.25, 24.04, 23.84, 48.67, 48.30, 0, 0, 4.14
2019/07/22 21:22:00, 24.25, 24.02, 23.83, 48.71, 48.31, 0, 0, 4.14
2019/07/22 21:23:00, 24.25, 24.05, 23.84, 48.75, 48.34, 0, 0, 4.14
2019/07/22 21:24:00, 24.25, 24.05, 23.83, 48.78, 48.38, 0, 0, 4.14
2019/07/22 21:25:00, 24.25, 24.05, 23.84, 48.76, 48.39, 0, 0, 4.14
2019/07/22 21:26:00, 24.25, 24.04, 23.83, 48.80, 48.43, 0, 0, 4.14
2019/07/22 21:27:00, 24.25, 24.04, 23.83, 48.82, 48.43, 0, 0, 4.14
2019/07/22 21:28:00, 24.25, 24.04, 23.86, 48.86, 48.45, 0, 0, 4.14
2019/07/22 21:29:00, 24.25, 24.02, 23.84, 48.88, 48.50, 0, 0, 4.14
2019/07/22 21:30:00, 24.25, 24.02, 23.83, 48.90, 48.48, 0, 0, 4.14
2019/07/22 21:31:00, 24.25, 24.01, 23.84, 48.95, 48.51, 0, 0, 4.14
2019/07/22 21:32:00, 24.25, 24.02, 23.82, 48.95, 48.55, 0, 0, 4.14
2019/07/22 21:33:00, 24.25, 24.02, 23.82, 48.94, 48.55, 0, 0, 4.14
2019/07/22 21:34:00, 24.25, 24.04, 23.83, 48.97, 48.58, 0, 0, 4.14
2019/07/22 21:35:00, 24.25, 23.99, 23.82, 48.97, 48.59, 0, 0, 4.14
2019/07/22 21:36:00, 24.25, 24.02, 23.82, 49.03, 48.61, 0, 0, 4.14
2019/07/22 21:37:00, 24.25, 24.01, 23.82, 49.03, 48.64, 0, 0, 4.14
2019/07/22 21:38:00, 24.25, 24.02, 23.80, 49.04, 48.64, 0, 0, 4.14
2019/07/22 21:39:00, 24.25, 24.02, 23.83, 49.04, 48.67, 0, 0, 4.14
2019/07/22 21:40:00, 24.25, 24.02, 23.83, 49.12, 48.69, 0, 0, 4.14
2019/07/22 21:41:00, 24.25, 24.02, 23.82, 49.11, 48.71, 0, 0, 4.14
2019/07/22 21:42:00, 24.25, 23.99, 23.81, 49.12, 48.72, 0, 0, 4.14
2019/07/22 21:43:00, 24.25, 24.01, 23.82, 49.12, 48.74, 0, 0, 4.14
2019/07/22 21:44:00, 24.25, 24.02, 23.81, 49.20, 48.77, 0, 0, 4.14
2019/07/22 21:45:00, 24.25, 24.02, 23.80, 49.23, 48.79, 0, 0, 4.14
2019/07/22 21:46:00, 24.25, 24.02, 23.81, 49.19, 48.80, 0, 0, 4.14
2019/07/22 21:47:00, 24.25, 23.99, 23.80, 49.19, 48.84, 0, 0, 4.14
2019/07/22 21:48:00, 24.25, 23.98, 23.82, 49.24, 48.81, 0, 0, 4.14
2019/07/22 21:49:00, 24.25, 24.01, 23.80, 49.27, 48.88, 0, 0, 4.14
2019/07/22 21:50:00, 24.25, 24.01, 23.81, 49.25, 48.89, 0, 0, 4.14
2019/07/22 21:51:00, 24.25, 24.01, 23.78, 49.29, 48.91, 0, 0, 4.14
2019/07/22 21:52:00, 24.25, 23.99, 23.81, 49.31, 48.91, 0, 0, 4.14
2019/07/22 21:53:00, 24.25, 23.99, 23.80, 49.36, 48.93, 0, 0, 4.14
2019/07/22 21:54:00, 24.25, 24.02, 23.80, 49.36, 48.94, 0, 0, 4.14
2019/07/22 21:55:00, 24.25, 24.01, 23.79, 49.37, 48.98, 0, 0, 4.14
2019/07/22 21:56:00, 24.25, 23.98, 23.79, 49.40, 48.98, 0, 0, 4.14
2019/07/22 21:57:00, 24.25, 23.97, 23.80, 49.42, 49.03, 0, 0, 4.14
2019/07/22 21:58:00, 24.25, 23.98, 23.79, 49.45, 49.03, 0, 0, 4.14
2019/07/22 21:59:00, 24.25, 24.01, 23.79, 49.48, 49.05, 0, 0, 4.14
2019/07/22 22:00:00, 24.25, 23.99, 23.79, 49.49, 49.10, 0, 0, 4.14
2019/07/22 22:01:00, 24.25, 23.98, 23.79, 49.51, 49.08, 0, 0, 4.14
2019/07/22 22:02:00, 24.25, 24.01, 23.79, 49.50, 49.11, 0, 0, 4.14
2019/07/22 22:03:00, 24.25, 23.98, 23.77, 49.57, 49.13, 0, 0, 4.14
2019/07/22 22:04:00, 24.25, 24.01, 23.77, 49.57, 49.16, 0, 0, 4.14
2019/07/22 22:05:00, 24.25, 23.98, 23.78, 49.61, 49.19, 0, 0, 4.14
2019/07/22 22:06:00, 24.25, 24.01, 23.79, 49.64, 49.19, 0, 0, 4.14
2019/07/22 22:07:00, 24.25, 23.99, 23.78, 49.66, 49.19, 0, 0, 4.14
2019/07/22 22:08:00, 24.25, 23.98, 23.79, 49.64, 49.21, 0, 0, 4.14
2019/07/22 22:09:00, 24.25, 23.97, 23.79, 49.66, 49.25, 0, 0, 4.14
2019/07/22 22:10:00, 24.25, 23.98, 23.76, 49.69, 49.26, 0, 0, 4.14
2019/07/22 22:11:00, 24.25, 23.98, 23.77, 49.72, 49.30, 0, 0, 4.14
2019/07/22 22:12:00, 24.25, 23.98, 23.79, 49.76, 49.32, 0, 0, 4.14
2019/07/22 22:13:00, 24.25, 23.97, 23.79, 49.75, 49.33, 0, 0, 4.14
2019/07/22 22:14:00, 24.25, 23.97, 23.78, 49.76, 49.35, 0, 0, 4.14
2019/07/22 22:15:00, 24.25, 23.97, 23.78, 49.81, 49.37, 0, 0, 4.14
2019/07/22 22:16:00, 24.25, 23.99, 23.78, 49.84, 49.39, 0, 0, 4.14
2019/07/22 22:17:00, 24.25, 23.98, 23.77, 49.84, 49.43, 0, 0, 4.14
2019/07/22 22:18:00, 24.25, 23.98, 23.76, 49.83, 49.41, 0, 0, 4.14
2019/07/22 22:19:00, 24.25, 23.99, 23.74, 49.88, 49.44, 0, 0, 4.14
2019/07/22 22:20:00, 24.25, 23.97, 23.76, 49.89, 49.45, 0, 0, 4.14
2019/07/22 22:21:00, 24.25, 23.97, 23.77, 49.90, 49.46, 0, 0, 4.14
2019/07/22 22:22:00, 24.25, 23.97, 23.76, 49.94, 49.50, 0, 0, 4.14
2019/07/22 22:23:00, 24.25, 23.95, 23.74, 49.92, 49.50, 0, 0, 4.14
2019/07/22 22:24:00, 24.25, 23.95, 23.76, 49.99, 49.50, 0, 0, 4.14
2019/07/22 22:25:00, 24.25, 23.95, 23.75, 50.00, 49.54, 0, 0, 4.14
2019/07/22 22:26:00, 24.25, 23.95, 23.75, 50.01, 49.54, 0, 0, 4.14
2019/07/22 22:27:00, 24.25, 23.97, 23.76, 50.01, 49.58, 0, 0, 4.14
2019/07/22 22:28:00, 24.25, 23.97, 23.75, 50.05, 49.60, 0, 0, 4.14
2019/07/22 22:29:00, 24.25, 23.94, 23.73, 50.06, 49.61, 0, 0, 4.14
2019/07/22 22:30:00, 24.25, 23.97, 23.75, 50.09, 49.61, 0, 0, 4.14
2019/07/22 22:31:00, 24.25, 23.95, 23.75, 50.10, 49.61, 0, 0, 4.14
2019/07/22 22:32:00, 24.25, 23.95, 23.74, 50.07, 49.64, 0, 0, 4.14
2019/07/22 22:33:00, 24.25, 23.95, 23.75, 50.09, 49.64, 0, 0, 4.14
2019/07/22 22:34:00, 24.25, 23.94, 23.75, 50.14, 49.64, 0, 0, 4.14
2019/07/22 22:35:00, 24.25, 23.92, 23.76, 50.12, 49.67, 0, 0, 4.14
2019/07/22 22:36:00, 24.25, 23.94, 23.74, 50.17, 49.70, 0, 0, 4.14
2019/07/22 22:37:00, 24.25, 23.95, 23.75, 50.20, 49.73, 0, 0, 4.14
2019/07/22 22:38:00, 24.25, 23.94, 23.74, 50.24, 49.75, 0, 0, 4.14
2019/07/22 22:39:00, 24.25, 23.92, 23.74, 50.22, 49.74, 0, 0, 4.14
2019/07/22 22:40:00, 24.25, 23.92, 23.73, 50.22, 49.77, 0, 0, 4.14
2019/07/22 22:41:00, 24.25, 23.95, 23.73, 50.21, 49.76, 0, 0, 4.14
2019/07/22 22:42:00, 24.25, 23.91, 23.73, 50.27, 49.77, 0, 0, 4.14
2019/07/22 22:43:00, 24.25, 23.90, 23.73, 50.23, 49.77, 0, 0, 4.14
2019/07/22 22:44:00, 24.25, 23.91, 23.72, 50.24, 49.80, 0, 0, 4.14
2019/07/22 22:45:00, 24.25, 23.91, 23.71, 50.31, 49.84, 0, 0, 4.14
2019/07/22 22:46:00, 24.25, 23.90, 23.72, 50.32, 49.86, 0, 0, 4.14
2019/07/22 22:47:00, 24.25, 23.91, 23.72, 50.35, 49.86, 0, 0, 4.14
2019/07/22 22:48:00, 24.25, 23.92, 23.72, 50.36, 49.90, 0, 0, 4.14
2019/07/22 22:49:00, 24.25, 23.91, 23.71, 50.42, 49.91, 0, 0, 4.14
2019/07/22 22:50:00, 24.25, 23.91, 23.71, 50.44, 49.94, 0, 0, 4.14
2019/07/22 22:51:00, 24.25, 23.91, 23.69, 50.41, 49.94, 0, 0, 4.14
2019/07/22 22:52:00, 24.25, 23.90, 23.69, 50.44, 49.96, 0, 0, 4.14
2019/07/22 22:53:00, 24.25, 23.91, 23.72, 50.44, 49.97, 0, 0, 4.14
2019/07/22 22:54:00, 24.25, 23.90, 23.69, 50.42, 49.97, 0, 0, 4.14
2019/07/22 22:55:00, 24.25, 23.92, 23.69, 50.47, 50.00, 0, 0, 4.14
2019/07/22 22:56:00, 24.25, 23.90, 23.69, 50.46, 49.99, 0, 0, 4.14
2019/07/22 22:57:00, 24.25, 23.85, 23.71, 50.49, 50.00, 0, 0, 4.14
2019/07/22 22:58:00, 24.25, 23.90, 23.68, 50.49, 50.00, 0, 0, 4.14
2019/07/22 22:59:00, 24.25, 23.88, 23.68, 50.53, 50.03, 0, 0, 4.14
2019/07/22 23:00:00, 24.25, 23.88, 23.69, 50.50, 50.05, 0, 0, 4.14
2019/07/22 23:01:00, 24.25, 23.87, 23.68, 50.58, 50.06, 0, 0, 4.14
2019/07/22 23:02:00, 24.25, 23.88, 23.68, 50.51, 50.07, 0, 0, 4.14
2019/07/22 23:03:00, 24.25, 23.88, 23.66, 50.61, 50.08, 0, 0, 4.14
2019/07/22 23:04:00, 24.25, 23.87, 23.66, 50.58, 50.11, 0, 0, 4.14
2019/07/22 23:05:00, 24.25, 23.88, 23.67, 50.57, 50.11, 0, 0, 4.14
2019/07/22 23:06:00, 24.25, 23.88, 23.66, 50.58, 50.13, 0, 0, 4.14
2019/07/22 23:07:00, 24.25, 23.85, 23.66, 50.62, 50.12, 0, 0, 4.14
2019/07/22 23:08:00, 24.25, 23.88, 23.67, 50.62, 50.12, 0, 0, 4.14
2019/07/22 23:09:00, 24.25, 23.87, 23.66, 50.61, 50.12, 0, 0, 4.14
2019/07/22 23:10:00, 24.25, 23.85, 23.65, 50.65, 50.14, 0, 0, 4.14
2019/07/22 23:11:00, 24.25, 23.87, 23.65, 50.69, 50.19, 0, 0, 4.14
2019/07/22 23:12:00, 24.25, 23.85, 23.65, 50.69, 50.19, 0, 0, 4.14
2019/07/22 23:13:00, 24.25, 23.85, 23.67, 50.69, 50.19, 0, 0, 4.14
2019/07/22 23:14:00, 24.25, 23.85, 23.66, 50.71, 50.19, 0, 0, 4.14
2019/07/22 23:15:00, 24.25, 23.85, 23.65, 50.72, 50.22, 0, 0, 4.14
2019/07/22 23:16:00, 24.25, 23.84, 23.65, 50.74, 50.22, 0, 0, 4.14
2019/07/22 23:17:00, 24.25, 23.85, 23.64, 50.74, 50.22, 0, 0, 4.14
2019/07/22 23:18:00, 24.25, 23.87, 23.63, 50.78, 50.25, 0, 0, 4.14
2019/07/22 23:19:00, 24.25, 23.83, 23.63, 50.76, 50.24, 0, 0, 4.14
2019/07/22 23:20:00, 24.25, 23.85, 23.63, 50.71, 50.24, 0, 0, 4.14
2019/07/22 23:21:00, 24.25, 23.85, 23.64, 50.76, 50.29, 0, 0, 4.14
2019/07/22 23:22:00, 24.25, 23.85, 23.65, 50.82, 50.30, 0, 0, 4.14
2019/07/22 23:23:00, 24.25, 23.83, 23.64, 50.85, 50.31, 0, 0, 4.14
2019/07/22 23:24:00, 24.25, 23.87, 23.63, 50.83, 50.32, 0, 0, 4.14
2019/07/22 23:25:00, 24.25, 23.84, 23.64, 50.85, 50.35, 0, 0, 4.14
2019/07/22 23:26:00, 24.25, 23.85, 23.65, 50.83, 50.32, 0, 0, 4.14
2019/07/22 23:27:00, 24.25, 23.83, 23.61, 50.84, 50.33, 0, 0, 4.14
2019/07/22 23:28:00, 24.25, 23.84, 23.63, 50.84, 50.32, 0, 0, 4.14
2019/07/22 23:29:00, 24.25, 23.83, 23.62, 50.82, 50.35, 0, 0, 4.14
2019/07/22 23:30:00, 24.25, 23.83, 23.62, 50.86, 50.36, 0, 0, 4.14
2019/07/22 23:31:00, 24.25, 23.81, 23.62, 50.85, 50.37, 0, 0, 4.14
2019/07/22 23:32:00, 24.25, 23.81, 23.61, 50.86, 50.37, 0, 0, 4.14
2019/07/22 23:33:00, 24.25, 23.80, 23.62, 50.90, 50.36, 0, 0, 4.14
2019/07/22 23:34:00, 24.25, 23.83, 23.60, 50.89, 50.37, 0, 0, 4.14
2019/07/22 23:35:00, 24.25, 23.81, 23.63, 50.85, 50.38, 0, 0, 4.14
2019/07/22 23:36:00, 24.25, 23.81, 23.61, 50.92, 50.38, 0, 0, 4.14
2019/07/22 23:37:00, 24.25, 23.80, 23.60, 50.87, 50.37, 0, 0, 4.14
2019/07/22 23:38:00, 24.25, 23.81, 23.60, 50.89, 50.38, 0, 0, 4.14
2019/07/22 23:39:00, 24.25, 23.81, 23.61, 50.89, 50.38, 0, 0, 4.14
2019/07/22 23:40:00, 24.25, 23.80, 23.60, 50.91, 50.39, 0, 0, 4.14
2019/07/22 23:41:00, 24.25, 23.79, 23.60, 50.88, 50.38, 0, 0, 4.14
2019/07/22 23:42:00, 24.25, 23.80, 23.60, 50.89, 50.40, 0, 0, 4.14
2019/07/22 23:43:00, 24.25, 23.83, 23.59, 50.91, 50.40, 0, 0, 4.14
2019/07/22 23:44:00, 24.25, 23.81, 23.59, 50.93, 50.42, 0, 0, 4.14
2019/07/22 23:45:00, 24.25, 23.80, 23.60, 50.88, 50.39, 0, 0, 4.14
2019/07/22 23:46:00, 24.25, 23.80, 23.59, 50.89, 50.38, 0, 0, 4.14
2019/07/22 23:47:00, 24.25, 23.81, 23.59, 50.92, 50.38, 0, 0, 4.14
