Data logger for tempereture and humidity.
Code, design, and soldering by Antti Mikkonen, a.mikkonen@iki.fi, 2019.
Based on open source projects and libraries. See source for details.
/home/ami/src/arduino/promini/logger_v8_ada/logger_v8_ada.ino
UTC time (year/month/date hour:minute:second), T RTC (C), T sht31 (C), T si7021 (C), RH sht31 (-), RH si7021 (-), heaterOn sht31 (bool),  heaterOn si7021 (bool), battery voltage (V)
2019/05/27 00:08:00, 23.75, 23.28, 23.07, 35.15, 33.90, 0, 0, 4.29
2019/05/27 00:09:00, 23.75, 23.25, 23.06, 35.18, 33.89, 0, 0, 4.29
2019/05/27 00:10:00, 23.75, 23.26, 23.06, 35.15, 33.90, 0, 0, 4.29
2019/05/27 00:11:00, 23.75, 23.25, 23.06, 35.18, 33.90, 0, 0, 4.29
2019/05/27 00:12:00, 23.75, 23.26, 23.07, 35.15, 33.90, 0, 0, 4.29
2019/05/27 00:13:00, 23.75, 23.25, 23.06, 35.13, 33.88, 0, 0, 4.29
2019/05/27 00:14:00, 23.75, 23.26, 23.06, 35.14, 33.90, 0, 0, 4.29
2019/05/27 00:15:00, 23.75, 23.24, 23.05, 35.17, 33.88, 0, 0, 4.29
2019/05/27 00:16:00, 23.75, 23.26, 23.07, 35.10, 33.87, 0, 0, 4.29
2019/05/27 00:17:00, 23.75, 23.26, 23.05, 35.14, 33.88, 0, 0, 4.29
2019/05/27 00:18:00, 23.75, 23.22, 23.03, 35.17, 33.90, 0, 0, 4.29
2019/05/27 00:19:00, 23.75, 23.24, 23.01, 35.15, 33.92, 0, 0, 4.29
2019/05/27 00:20:00, 23.75, 23.22, 23.02, 35.20, 33.93, 0, 0, 4.29
2019/05/27 00:21:00, 23.75, 23.24, 23.04, 35.16, 33.93, 0, 0, 4.29
2019/05/27 00:22:00, 23.75, 23.22, 23.02, 35.23, 33.93, 0, 0, 4.29
2019/05/27 00:23:00, 23.75, 23.24, 23.04, 35.22, 33.95, 0, 0, 4.29
2019/05/27 00:24:00, 23.75, 23.24, 23.03, 35.19, 33.92, 0, 0, 4.29
2019/05/27 00:25:00, 23.75, 23.24, 23.02, 35.19, 33.90, 0, 0, 4.29
2019/05/27 00:26:00, 23.75, 23.24, 23.03, 35.15, 33.92, 0, 0, 4.29
2019/05/27 00:27:00, 23.75, 23.22, 23.04, 35.17, 33.92, 0, 0, 4.29
2019/05/27 00:28:00, 23.75, 23.21, 23.02, 35.20, 33.94, 0, 0, 4.29
2019/05/27 00:29:00, 23.75, 23.25, 23.04, 35.18, 33.93, 0, 0, 4.29
2019/05/27 00:30:00, 23.75, 23.24, 23.03, 35.17, 33.93, 0, 0, 4.29
2019/05/27 00:31:00, 23.75, 23.24, 23.03, 35.18, 33.91, 0, 0, 4.29
2019/05/27 00:32:00, 23.75, 23.22, 23.02, 35.17, 33.96, 0, 0, 4.29
2019/05/27 00:33:00, 23.75, 23.24, 23.01, 35.19, 33.93, 0, 0, 4.29
2019/05/27 00:34:00, 23.75, 23.24, 23.01, 35.26, 33.97, 0, 0, 4.29
2019/05/27 00:35:00, 23.75, 23.22, 23.03, 35.18, 33.98, 0, 0, 4.29
2019/05/27 00:36:00, 23.75, 23.24, 23.04, 35.15, 33.94, 0, 0, 4.29
2019/05/27 00:37:00, 23.75, 23.21, 23.03, 35.17, 33.93, 0, 0, 4.29
2019/05/27 00:38:00, 23.75, 23.21, 23.00, 35.16, 33.93, 0, 0, 4.29
2019/05/27 00:39:00, 23.75, 23.19, 23.00, 35.20, 33.93, 0, 0, 4.29
2019/05/27 00:40:00, 23.75, 23.22, 23.03, 35.20, 33.95, 0, 0, 4.29
2019/05/27 00:41:00, 23.75, 23.21, 23.02, 35.19, 33.93, 0, 0, 4.29
2019/05/27 00:42:00, 23.75, 23.21, 23.02, 35.21, 33.94, 0, 0, 4.29
2019/05/27 00:43:00, 23.75, 23.22, 23.01, 35.20, 33.96, 0, 0, 4.29
2019/05/27 00:44:00, 23.75, 23.22, 23.02, 35.15, 33.93, 0, 0, 4.29
2019/05/27 00:45:00, 23.75, 23.22, 23.02, 35.20, 33.94, 0, 0, 4.29
2019/05/27 00:46:00, 23.75, 23.24, 23.01, 35.19, 33.97, 0, 0, 4.29
2019/05/27 00:47:00, 23.75, 23.24, 23.01, 35.19, 33.96, 0, 0, 4.29
2019/05/27 00:48:00, 23.75, 23.21, 23.01, 35.17, 33.92, 0, 0, 4.29
2019/05/27 00:49:00, 23.75, 23.21, 23.01, 35.19, 33.93, 0, 0, 4.29
2019/05/27 00:50:00, 23.75, 23.22, 23.01, 35.15, 33.93, 0, 0, 4.29
2019/05/27 00:51:00, 23.75, 23.24, 23.02, 35.22, 33.95, 0, 0, 4.29
2019/05/27 00:52:00, 23.75, 23.22, 23.03, 35.16, 33.93, 0, 0, 4.29
2019/05/27 00:53:00, 23.75, 23.24, 23.02, 35.17, 33.93, 0, 0, 4.29
2019/05/27 00:54:00, 23.75, 23.21, 23.02, 35.18, 33.92, 0, 0, 4.29
2019/05/27 00:55:00, 23.75, 23.24, 23.04, 35.15, 33.93, 0, 0, 4.29
2019/05/27 00:56:00, 23.75, 23.22, 23.05, 35.17, 33.92, 0, 0, 4.29
2019/05/27 00:57:00, 23.75, 23.24, 23.02, 35.15, 33.92, 0, 0, 4.29
2019/05/27 00:58:00, 23.75, 23.25, 23.00, 35.22, 33.93, 0, 0, 4.29
2019/05/27 00:59:00, 23.75, 23.24, 23.01, 35.16, 33.94, 0, 0, 4.29
2019/05/27 01:00:00, 23.75, 23.24, 23.02, 35.21, 33.96, 0, 0, 4.29
2019/05/27 01:01:00, 23.75, 23.22, 23.01, 35.15, 33.93, 0, 0, 4.29
2019/05/27 01:02:00, 23.75, 23.21, 23.01, 35.18, 33.93, 0, 0, 4.29
2019/05/27 01:03:00, 23.75, 23.22, 23.03, 35.20, 33.95, 0, 0, 4.29
2019/05/27 01:04:00, 23.75, 23.24, 23.02, 35.19, 33.94, 0, 0, 4.29
2019/05/27 01:05:00, 23.75, 23.22, 23.00, 35.21, 33.93, 0, 0, 4.29
2019/05/27 01:06:00, 23.75, 23.24, 23.03, 35.19, 33.95, 0, 0, 4.29
2019/05/27 01:07:00, 23.75, 23.24, 23.01, 35.21, 33.94, 0, 0, 4.29
2019/05/27 01:08:00, 23.75, 23.22, 23.03, 35.19, 33.91, 0, 0, 4.29
2019/05/27 01:09:00, 23.75, 23.22, 23.00, 35.13, 33.88, 0, 0, 4.29
2019/05/27 01:10:00, 23.75, 23.22, 23.02, 35.20, 33.90, 0, 0, 4.29
2019/05/27 01:11:00, 23.75, 23.24, 23.02, 35.17, 33.93, 0, 0, 4.29
2019/05/27 01:12:00, 23.75, 23.21, 23.01, 35.18, 33.95, 0, 0, 4.29
2019/05/27 01:13:00, 23.75, 23.21, 23.01, 35.21, 33.95, 0, 0, 4.29
2019/05/27 01:14:00, 23.75, 23.19, 23.01, 35.17, 33.96, 0, 0, 4.29
2019/05/27 01:15:00, 23.75, 23.22, 23.00, 35.22, 33.93, 0, 0, 4.29
2019/05/27 01:16:00, 23.75, 23.21, 23.00, 35.21, 33.93, 0, 0, 4.29
2019/05/27 01:17:00, 23.75, 23.21, 23.00, 35.19, 33.94, 0, 0, 4.29
2019/05/27 01:18:00, 23.75, 23.19, 23.00, 35.20, 33.94, 0, 0, 4.29
2019/05/27 01:19:00, 23.75, 23.19, 22.99, 35.19, 33.96, 0, 0, 4.29
2019/05/27 01:20:00, 23.75, 23.19, 22.97, 35.25, 33.97, 0, 0, 4.29
2019/05/27 01:21:00, 23.75, 23.21, 22.98, 35.23, 33.99, 0, 0, 4.29
2019/05/27 01:22:00, 23.75, 23.21, 23.00, 35.25, 33.98, 0, 0, 4.29
2019/05/27 01:23:00, 23.75, 23.19, 23.01, 35.20, 33.97, 0, 0, 4.29
2019/05/27 01:24:00, 23.75, 23.19, 23.01, 35.23, 33.95, 0, 0, 4.29
2019/05/27 01:25:00, 23.75, 23.21, 22.99, 35.21, 33.95, 0, 0, 4.29
2019/05/27 01:26:00, 23.75, 23.19, 22.97, 35.16, 33.96, 0, 0, 4.29
2019/05/27 01:27:00, 23.75, 23.19, 22.99, 35.21, 33.99, 0, 0, 4.29
2019/05/27 01:28:00, 23.75, 23.16, 22.97, 35.20, 33.98, 0, 0, 4.29
2019/05/27 01:29:00, 23.75, 23.18, 22.97, 35.25, 34.00, 0, 0, 4.29
2019/05/27 01:30:00, 23.75, 23.18, 22.95, 35.24, 34.00, 0, 0, 4.29
2019/05/27 01:31:00, 23.75, 23.18, 22.95, 35.20, 34.01, 0, 0, 4.29
2019/05/27 01:32:00, 23.75, 23.21, 23.00, 35.27, 34.00, 0, 0, 4.29
2019/05/27 01:33:00, 23.75, 23.21, 23.01, 35.28, 34.00, 0, 0, 4.29
2019/05/27 01:34:00, 23.75, 23.19, 23.00, 35.27, 33.98, 0, 0, 4.29
2019/05/27 01:35:00, 23.75, 23.18, 22.99, 35.19, 33.97, 0, 0, 4.29
2019/05/27 01:36:00, 23.75, 23.19, 22.99, 35.19, 33.98, 0, 0, 4.29
2019/05/27 01:37:00, 23.75, 23.18, 23.01, 35.27, 34.00, 0, 0, 4.29
2019/05/27 01:38:00, 23.75, 23.21, 22.99, 35.20, 33.97, 0, 0, 4.29
2019/05/27 01:39:00, 23.75, 23.19, 23.01, 35.24, 33.97, 0, 0, 4.29
2019/05/27 01:40:00, 23.75, 23.22, 23.00, 35.17, 33.96, 0, 0, 4.29
2019/05/27 01:41:00, 23.75, 23.22, 23.01, 35.17, 33.94, 0, 0, 4.29
2019/05/27 01:42:00, 23.75, 23.19, 22.98, 35.21, 33.94, 0, 0, 4.29
2019/05/27 01:43:00, 23.75, 23.19, 23.00, 35.23, 33.98, 0, 0, 4.29
2019/05/27 01:44:00, 23.75, 23.18, 22.98, 35.20, 33.97, 0, 0, 4.29
2019/05/27 01:45:00, 23.75, 23.21, 23.00, 35.23, 33.98, 0, 0, 4.29
2019/05/27 01:46:00, 23.75, 23.19, 23.01, 35.17, 33.97, 0, 0, 4.29
2019/05/27 01:47:00, 23.75, 23.18, 22.98, 35.21, 33.97, 0, 0, 4.29
2019/05/27 01:48:00, 23.75, 23.19, 22.97, 35.21, 33.97, 0, 0, 4.29
2019/05/27 01:49:00, 23.75, 23.19, 22.98, 35.20, 34.00, 0, 0, 4.29
2019/05/27 01:50:00, 23.75, 23.19, 23.01, 35.26, 33.97, 0, 0, 4.29
2019/05/27 01:51:00, 23.75, 23.21, 23.01, 35.20, 33.96, 0, 0, 4.29
2019/05/27 01:52:00, 23.75, 23.22, 22.99, 35.17, 33.94, 0, 0, 4.29
2019/05/27 01:53:00, 23.75, 23.21, 22.97, 35.18, 33.94, 0, 0, 4.29
2019/05/27 01:54:00, 23.75, 23.18, 22.99, 35.19, 33.95, 0, 0, 4.29
2019/05/27 01:55:00, 23.75, 23.19, 23.00, 35.23, 33.98, 0, 0, 4.29
2019/05/27 01:56:00, 23.75, 23.19, 23.00, 35.27, 34.00, 0, 0, 4.29
2019/05/27 01:57:00, 23.75, 23.21, 22.99, 35.23, 34.00, 0, 0, 4.29
2019/05/27 01:58:00, 23.75, 23.21, 23.00, 35.24, 33.96, 0, 0, 4.29
2019/05/27 01:59:00, 23.75, 23.22, 23.00, 35.20, 33.95, 0, 0, 4.29
2019/05/27 02:00:00, 23.75, 23.21, 22.99, 35.23, 33.96, 0, 0, 4.29
2019/05/27 02:01:00, 23.75, 23.21, 23.00, 35.21, 33.97, 0, 0, 4.29
2019/05/27 02:02:00, 23.75, 23.22, 23.02, 35.23, 33.96, 0, 0, 4.29
2019/05/27 02:03:00, 23.75, 23.21, 23.02, 35.17, 33.93, 0, 0, 4.29
2019/05/27 02:04:00, 23.75, 23.21, 23.01, 35.23, 33.96, 0, 0, 4.29
2019/05/27 02:05:00, 23.75, 23.21, 23.02, 35.20, 33.92, 0, 0, 4.29
2019/05/27 02:06:00, 23.75, 23.19, 23.00, 35.17, 33.96, 0, 0, 4.29
2019/05/27 02:07:00, 23.75, 23.18, 22.99, 35.19, 33.97, 0, 0, 4.29
2019/05/27 02:08:00, 23.75, 23.16, 22.99, 35.20, 33.99, 0, 0, 4.29
2019/05/27 02:09:00, 23.75, 23.18, 22.98, 35.17, 34.00, 0, 0, 4.29
2019/05/27 02:10:00, 23.75, 23.19, 22.97, 35.27, 34.00, 0, 0, 4.29
2019/05/27 02:11:00, 23.75, 23.18, 23.00, 35.27, 34.03, 0, 0, 4.29
2019/05/27 02:12:00, 23.75, 23.21, 23.00, 35.24, 34.00, 0, 0, 4.29
2019/05/27 02:13:00, 23.75, 23.16, 22.98, 35.20, 33.95, 0, 0, 4.29
2019/05/27 02:14:00, 23.75, 23.15, 22.97, 35.29, 34.01, 0, 0, 4.29
2019/05/27 02:15:00, 23.75, 23.15, 22.98, 35.24, 34.00, 0, 0, 4.29
2019/05/27 02:16:00, 23.75, 23.18, 22.97, 35.28, 34.03, 0, 0, 4.29
2019/05/27 02:17:00, 23.75, 23.18, 22.97, 35.29, 34.01, 0, 0, 4.29
2019/05/27 02:18:00, 23.75, 23.19, 22.99, 35.28, 34.01, 0, 0, 4.29
2019/05/27 02:19:00, 23.75, 23.19, 22.97, 35.24, 34.00, 0, 0, 4.29
2019/05/27 02:20:00, 23.75, 23.18, 22.98, 35.29, 34.02, 0, 0, 4.29
2019/05/27 02:21:00, 23.75, 23.15, 22.95, 35.30, 34.03, 0, 0, 4.29
2019/05/27 02:22:00, 23.75, 23.15, 22.95, 35.24, 34.03, 0, 0, 4.29
2019/05/27 02:23:00, 23.75, 23.18, 22.95, 35.26, 34.03, 0, 0, 4.29
2019/05/27 02:24:00, 23.75, 23.15, 22.91, 35.28, 34.02, 0, 0, 4.29
2019/05/27 02:25:00, 23.75, 23.14, 22.91, 35.33, 34.08, 0, 0, 4.29
2019/05/27 02:26:00, 23.75, 23.14, 22.93, 35.33, 34.07, 0, 0, 4.29
2019/05/27 02:27:00, 23.75, 23.14, 22.92, 35.27, 34.06, 0, 0, 4.29
2019/05/27 02:28:00, 23.75, 23.15, 22.91, 35.33, 34.08, 0, 0, 4.29
2019/05/27 02:29:00, 23.75, 23.12, 22.92, 35.33, 34.09, 0, 0, 4.29
2019/05/27 02:30:00, 23.75, 23.12, 22.89, 35.35, 34.09, 0, 0, 4.29
2019/05/27 02:31:00, 23.75, 23.12, 22.91, 35.40, 34.11, 0, 0, 4.29
2019/05/27 02:32:00, 23.75, 23.14, 22.91, 35.35, 34.14, 0, 0, 4.29
2019/05/27 02:33:00, 23.75, 23.15, 22.94, 35.38, 34.13, 0, 0, 4.29
2019/05/27 02:34:00, 23.75, 23.16, 22.95, 35.33, 34.09, 0, 0, 4.29
2019/05/27 02:35:00, 23.75, 23.15, 22.94, 35.32, 34.06, 0, 0, 4.29
2019/05/27 02:36:00, 23.75, 23.18, 22.95, 35.26, 34.05, 0, 0, 4.29
2019/05/27 02:37:00, 23.75, 23.18, 22.97, 35.26, 34.01, 0, 0, 4.29
2019/05/27 02:38:00, 23.75, 23.16, 22.97, 35.24, 34.02, 0, 0, 4.29
2019/05/27 02:39:00, 23.75, 23.16, 22.97, 35.28, 34.00, 0, 0, 4.29
2019/05/27 02:40:00, 23.75, 23.19, 22.98, 35.24, 34.01, 0, 0, 4.29
2019/05/27 02:41:00, 23.75, 23.19, 23.00, 35.23, 33.99, 0, 0, 4.29
2019/05/27 02:42:00, 23.75, 23.18, 22.98, 35.20, 33.97, 0, 0, 4.29
2019/05/27 02:43:00, 23.75, 23.18, 23.00, 35.27, 33.97, 0, 0, 4.29
2019/05/27 02:44:00, 23.75, 23.22, 23.03, 35.19, 33.95, 0, 0, 4.29
2019/05/27 02:45:00, 23.75, 23.22, 23.00, 35.17, 33.94, 0, 0, 4.29
2019/05/27 02:46:00, 23.75, 23.19, 23.00, 35.17, 33.97, 0, 0, 4.29
2019/05/27 02:47:00, 23.75, 23.19, 22.98, 35.19, 33.96, 0, 0, 4.29
2019/05/27 02:48:00, 23.75, 23.19, 22.98, 35.24, 33.97, 0, 0, 4.29
2019/05/27 02:49:00, 23.75, 23.21, 23.00, 35.20, 33.95, 0, 0, 4.29
2019/05/27 02:50:00, 23.75, 23.18, 22.99, 35.19, 33.95, 0, 0, 4.29
2019/05/27 02:51:00, 23.75, 23.21, 22.99, 35.20, 33.98, 0, 0, 4.29
2019/05/27 02:52:00, 23.75, 23.18, 23.00, 35.20, 33.95, 0, 0, 4.29
2019/05/27 02:53:00, 23.75, 23.21, 23.00, 35.20, 33.97, 0, 0, 4.29
2019/05/27 02:54:00, 23.75, 23.19, 23.00, 35.17, 33.96, 0, 0, 4.29
2019/05/27 02:55:00, 23.75, 23.19, 23.00, 35.20, 33.93, 0, 0, 4.29
2019/05/27 02:56:00, 23.75, 23.19, 22.99, 35.21, 33.96, 0, 0, 4.29
2019/05/27 02:57:00, 23.75, 23.22, 23.01, 35.18, 33.94, 0, 0, 4.29
2019/05/27 02:58:00, 23.75, 23.22, 23.01, 35.21, 33.94, 0, 0, 4.29
2019/05/27 02:59:00, 23.75, 23.22, 23.02, 35.16, 33.94, 0, 0, 4.29
2019/05/27 03:00:00, 23.75, 23.22, 23.01, 35.18, 33.90, 0, 0, 4.29
2019/05/27 03:01:00, 23.75, 23.21, 23.00, 35.17, 33.92, 0, 0, 4.29
2019/05/27 03:02:00, 23.75, 23.21, 22.99, 35.16, 33.92, 0, 0, 4.29
2019/05/27 03:03:00, 23.75, 23.19, 23.00, 35.15, 33.92, 0, 0, 4.29
2019/05/27 03:04:00, 23.75, 23.19, 23.00, 35.20, 33.95, 0, 0, 4.29
2019/05/27 03:05:00, 23.75, 23.22, 23.03, 35.12, 33.93, 0, 0, 4.29
2019/05/27 03:06:00, 23.75, 23.21, 23.01, 35.17, 33.91, 0, 0, 4.29
2019/05/27 03:07:00, 23.75, 23.21, 23.01, 35.15, 33.93, 0, 0, 4.29
2019/05/27 03:08:00, 23.75, 23.21, 23.00, 35.17, 33.90, 0, 0, 4.29
2019/05/27 03:09:00, 23.75, 23.19, 22.99, 35.19, 33.92, 0, 0, 4.29
2019/05/27 03:10:00, 23.75, 23.18, 23.00, 35.21, 33.95, 0, 0, 4.29
2019/05/27 03:11:00, 23.75, 23.21, 22.99, 35.23, 33.94, 0, 0, 4.29
2019/05/27 03:12:00, 23.75, 23.19, 22.99, 35.20, 33.94, 0, 0, 4.29
2019/05/27 03:13:00, 23.75, 23.22, 23.00, 35.19, 33.93, 0, 0, 4.29
2019/05/27 03:14:00, 23.75, 23.21, 22.99, 35.19, 33.93, 0, 0, 4.29
2019/05/27 03:15:00, 23.75, 23.21, 23.01, 35.17, 33.92, 0, 0, 4.29
2019/05/27 03:16:00, 23.75, 23.22, 23.02, 35.19, 33.93, 0, 0, 4.29
2019/05/27 03:17:00, 23.75, 23.22, 23.01, 35.15, 33.93, 0, 0, 4.29
2019/05/27 03:18:00, 23.75, 23.21, 23.00, 35.15, 33.92, 0, 0, 4.29
2019/05/27 03:19:00, 23.75, 23.21, 23.01, 35.12, 33.90, 0, 0, 4.29
2019/05/27 03:20:00, 23.75, 23.21, 23.01, 35.15, 33.93, 0, 0, 4.29
2019/05/27 03:21:00, 23.75, 23.21, 23.01, 35.16, 33.92, 0, 0, 4.29
2019/05/27 03:22:00, 23.75, 23.22, 23.02, 35.20, 33.91, 0, 0, 4.29
2019/05/27 03:23:00, 23.75, 23.19, 23.00, 35.19, 33.92, 0, 0, 4.29
2019/05/27 03:24:00, 23.75, 23.24, 23.01, 35.11, 33.88, 0, 0, 4.29
2019/05/27 03:25:00, 23.75, 23.19, 23.02, 35.12, 33.88, 0, 0, 4.29
2019/05/27 03:26:00, 23.75, 23.19, 22.98, 35.16, 33.91, 0, 0, 4.29
2019/05/27 03:27:00, 23.75, 23.19, 22.99, 35.17, 33.92, 0, 0, 4.29
2019/05/27 03:28:00, 23.75, 23.19, 23.00, 35.21, 33.93, 0, 0, 4.29
2019/05/27 03:29:00, 23.75, 23.19, 23.02, 35.20, 33.93, 0, 0, 4.29
2019/05/27 03:30:00, 23.75, 23.19, 22.99, 35.17, 33.94, 0, 0, 4.29
2019/05/27 03:31:00, 23.75, 23.21, 23.02, 35.20, 33.93, 0, 0, 4.29
2019/05/27 03:32:00, 23.75, 23.19, 22.99, 35.19, 33.95, 0, 0, 4.29
2019/05/27 03:33:00, 23.75, 23.21, 22.98, 35.17, 33.93, 0, 0, 4.29
2019/05/27 03:34:00, 23.75, 23.21, 22.97, 35.20, 33.93, 0, 0, 4.29
2019/05/27 03:35:00, 23.75, 23.16, 22.99, 35.20, 33.93, 0, 0, 4.29
2019/05/27 03:36:00, 23.75, 23.16, 23.00, 35.21, 33.94, 0, 0, 4.29
2019/05/27 03:37:00, 23.75, 23.18, 22.97, 35.20, 33.94, 0, 0, 4.29
2019/05/27 03:38:00, 23.75, 23.21, 22.99, 35.19, 33.93, 0, 0, 4.29
2019/05/27 03:39:00, 23.75, 23.21, 23.00, 35.21, 33.94, 0, 0, 4.29
2019/05/27 03:40:00, 23.75, 23.19, 23.00, 35.19, 33.92, 0, 0, 4.29
2019/05/27 03:41:00, 23.75, 23.21, 23.00, 35.16, 33.91, 0, 0, 4.29
2019/05/27 03:42:00, 23.75, 23.21, 23.02, 35.19, 33.91, 0, 0, 4.29
2019/05/27 03:43:00, 23.75, 23.22, 23.01, 35.16, 33.90, 0, 0, 4.29
2019/05/27 03:44:00, 23.75, 23.22, 23.01, 35.17, 33.92, 0, 0, 4.29
2019/05/27 03:45:00, 23.75, 23.19, 22.99, 35.17, 33.92, 0, 0, 4.29
2019/05/27 03:46:00, 23.75, 23.18, 23.00, 35.17, 33.89, 0, 0, 4.29
2019/05/27 03:47:00, 23.75, 23.19, 23.00, 35.24, 33.95, 0, 0, 4.29
2019/05/27 03:48:00, 23.75, 23.19, 23.00, 35.23, 33.97, 0, 0, 4.29
2019/05/27 03:49:00, 23.75, 23.19, 22.97, 35.19, 33.95, 0, 0, 4.29
2019/05/27 03:50:00, 23.75, 23.18, 23.00, 35.20, 33.94, 0, 0, 4.29
2019/05/27 03:51:00, 23.75, 23.18, 23.00, 35.21, 33.94, 0, 0, 4.29
2019/05/27 03:52:00, 23.75, 23.19, 23.00, 35.19, 33.93, 0, 0, 4.29
2019/05/27 03:53:00, 23.75, 23.16, 23.00, 35.16, 33.93, 0, 0, 4.29
2019/05/27 03:54:00, 23.75, 23.18, 23.01, 35.19, 33.93, 0, 0, 4.29
2019/05/27 03:55:00, 23.75, 23.21, 23.00, 35.22, 33.92, 0, 0, 4.29
2019/05/27 03:56:00, 23.75, 23.19, 23.00, 35.23, 33.96, 0, 0, 4.29
2019/05/27 03:57:00, 23.75, 23.19, 23.01, 35.19, 33.96, 0, 0, 4.29
2019/05/27 03:58:00, 23.75, 23.22, 23.01, 35.20, 33.93, 0, 0, 4.29
2019/05/27 03:59:00, 23.75, 23.19, 23.01, 35.19, 33.94, 0, 0, 4.29
2019/05/27 04:00:00, 23.75, 23.19, 23.02, 35.20, 33.94, 0, 0, 4.29
2019/05/27 04:01:00, 23.75, 23.19, 23.00, 35.20, 33.93, 0, 0, 4.29
2019/05/27 04:02:00, 23.75, 23.19, 22.99, 35.17, 33.93, 0, 0, 4.29
2019/05/27 04:03:00, 23.75, 23.21, 22.99, 35.20, 33.94, 0, 0, 4.29
2019/05/27 04:04:00, 23.75, 23.16, 22.95, 35.20, 33.94, 0, 0, 4.29
2019/05/27 04:05:00, 23.75, 23.19, 22.99, 35.21, 33.97, 0, 0, 4.29
2019/05/27 04:06:00, 23.75, 23.19, 22.98, 35.26, 34.00, 0, 0, 4.29
2019/05/27 04:07:00, 23.75, 23.18, 22.98, 35.21, 33.98, 0, 0, 4.29
2019/05/27 04:08:00, 23.75, 23.18, 22.98, 35.24, 33.97, 0, 0, 4.29
2019/05/27 04:09:00, 23.75, 23.21, 22.99, 35.23, 33.99, 0, 0, 4.29
2019/05/27 04:10:00, 23.75, 23.19, 22.94, 35.21, 33.95, 0, 0, 4.29
2019/05/27 04:11:00, 23.75, 23.19, 22.98, 35.21, 33.97, 0, 0, 4.29
2019/05/27 04:12:00, 23.75, 23.18, 22.97, 35.24, 33.97, 0, 0, 4.29
2019/05/27 04:13:00, 23.75, 23.16, 22.99, 35.21, 33.97, 0, 0, 4.29
2019/05/27 04:14:00, 23.75, 23.16, 22.98, 35.25, 34.00, 0, 0, 4.29
2019/05/27 04:15:00, 23.75, 23.21, 22.98, 35.24, 33.99, 0, 0, 4.29
2019/05/27 04:16:00, 23.75, 23.19, 22.97, 35.26, 33.98, 0, 0, 4.29
2019/05/27 04:17:00, 23.75, 23.18, 22.99, 35.26, 33.99, 0, 0, 4.29
2019/05/27 04:18:00, 23.75, 23.19, 22.98, 35.24, 33.97, 0, 0, 4.29
2019/05/27 04:19:00, 23.75, 23.19, 22.97, 35.26, 33.98, 0, 0, 4.29
2019/05/27 04:20:00, 23.75, 23.19, 22.98, 35.27, 33.97, 0, 0, 4.29
2019/05/27 04:21:00, 23.75, 23.18, 22.97, 35.24, 33.97, 0, 0, 4.29
2019/05/27 04:22:00, 23.75, 23.19, 22.99, 35.21, 33.97, 0, 0, 4.29
2019/05/27 04:23:00, 23.75, 23.16, 22.94, 35.24, 33.98, 0, 0, 4.29
2019/05/27 04:24:00, 23.75, 23.16, 22.95, 35.28, 34.01, 0, 0, 4.29
2019/05/27 04:25:00, 23.75, 23.16, 22.97, 35.28, 34.04, 0, 0, 4.29
2019/05/27 04:26:00, 23.75, 23.18, 22.97, 35.26, 34.03, 0, 0, 4.29
2019/05/27 04:27:00, 23.75, 23.16, 22.97, 35.30, 34.06, 0, 0, 4.29
2019/05/27 04:28:00, 23.75, 23.15, 22.97, 35.29, 34.03, 0, 0, 4.29
2019/05/27 04:29:00, 23.75, 23.16, 22.97, 35.26, 34.03, 0, 0, 4.29
2019/05/27 04:30:00, 23.75, 23.19, 22.95, 35.25, 34.03, 0, 0, 4.29
2019/05/27 04:31:00, 23.75, 23.19, 23.01, 35.19, 33.98, 0, 0, 4.29
2019/05/27 04:32:00, 23.75, 23.18, 22.97, 35.25, 33.98, 0, 0, 4.29
2019/05/27 04:33:00, 23.75, 23.18, 22.97, 35.22, 34.00, 0, 0, 4.29
2019/05/27 04:34:00, 23.75, 23.21, 22.98, 35.27, 33.98, 0, 0, 4.29
2019/05/27 04:35:00, 23.75, 23.19, 22.97, 35.24, 34.00, 0, 0, 4.29
2019/05/27 04:36:00, 23.75, 23.15, 22.97, 35.21, 33.99, 0, 0, 4.29
2019/05/27 04:37:00, 23.75, 23.19, 22.98, 35.20, 34.00, 0, 0, 4.29
2019/05/27 04:38:00, 23.75, 23.18, 23.00, 35.20, 34.00, 0, 0, 4.29
2019/05/27 04:39:00, 23.75, 23.18, 23.01, 35.19, 33.97, 0, 0, 4.29
2019/05/27 04:40:00, 23.75, 23.19, 22.95, 35.24, 34.00, 0, 0, 4.29
2019/05/27 04:41:00, 23.75, 23.21, 22.99, 35.21, 34.00, 0, 0, 4.29
2019/05/27 04:42:00, 23.75, 23.19, 23.00, 35.21, 33.99, 0, 0, 4.29
2019/05/27 04:43:00, 23.75, 23.18, 22.99, 35.28, 33.97, 0, 0, 4.29
2019/05/27 04:44:00, 23.75, 23.21, 23.00, 35.23, 33.99, 0, 0, 4.29
2019/05/27 04:45:00, 23.75, 23.21, 23.00, 35.23, 33.98, 0, 0, 4.29
2019/05/27 04:46:00, 23.75, 23.21, 22.99, 35.17, 33.98, 0, 0, 4.29
2019/05/27 04:47:00, 23.75, 23.19, 23.00, 35.21, 33.95, 0, 0, 4.29
2019/05/27 04:48:00, 23.75, 23.19, 23.00, 35.19, 33.93, 0, 0, 4.29
2019/05/27 04:49:00, 23.75, 23.18, 23.00, 35.25, 33.97, 0, 0, 4.29
2019/05/27 04:50:00, 23.75, 23.19, 23.00, 35.23, 33.98, 0, 0, 4.29
2019/05/27 04:51:00, 23.75, 23.15, 22.97, 35.26, 33.99, 0, 0, 4.29
2019/05/27 04:52:00, 23.75, 23.16, 22.95, 35.24, 34.03, 0, 0, 4.29
2019/05/27 04:53:00, 23.75, 23.18, 22.98, 35.25, 34.03, 0, 0, 4.29
2019/05/27 04:54:00, 23.75, 23.16, 22.93, 35.28, 34.03, 0, 0, 4.29
2019/05/27 04:55:00, 23.75, 23.16, 22.97, 35.30, 34.04, 0, 0, 4.29
2019/05/27 04:56:00, 23.75, 23.18, 22.97, 35.32, 34.04, 0, 0, 4.29
2019/05/27 04:57:00, 23.75, 23.16, 22.95, 35.28, 34.05, 0, 0, 4.29
2019/05/27 04:58:00, 23.75, 23.18, 22.97, 35.32, 34.04, 0, 0, 4.29
2019/05/27 04:59:00, 23.75, 23.18, 22.94, 35.22, 34.03, 0, 0, 4.29
2019/05/27 05:00:00, 23.75, 23.15, 22.94, 35.28, 34.05, 0, 0, 4.29
2019/05/27 05:01:00, 23.75, 23.16, 22.94, 35.34, 34.06, 0, 0, 4.29
2019/05/27 05:02:00, 23.75, 23.16, 22.98, 35.35, 34.07, 0, 0, 4.29
2019/05/27 05:03:00, 23.75, 23.18, 22.97, 35.32, 34.06, 0, 0, 4.29
2019/05/27 05:04:00, 23.75, 23.19, 22.97, 35.24, 34.03, 0, 0, 4.29
2019/05/27 05:05:00, 23.75, 23.18, 22.97, 35.24, 34.01, 0, 0, 4.29
2019/05/27 05:06:00, 23.75, 23.18, 22.97, 35.24, 34.02, 0, 0, 4.29
2019/05/27 05:07:00, 23.75, 23.15, 22.95, 35.29, 34.05, 0, 0, 4.29
2019/05/27 05:08:00, 23.75, 23.15, 22.93, 35.28, 34.05, 0, 0, 4.29
2019/05/27 05:09:00, 23.75, 23.18, 22.95, 35.33, 34.06, 0, 0, 4.29
2019/05/27 05:10:00, 23.75, 23.18, 22.95, 35.33, 34.08, 0, 0, 4.29
2019/05/27 05:11:00, 23.75, 23.18, 22.95, 35.30, 34.09, 0, 0, 4.29
2019/05/27 05:12:00, 23.75, 23.16, 22.97, 35.30, 34.05, 0, 0, 4.29
2019/05/27 05:13:00, 23.75, 23.16, 22.93, 35.29, 34.05, 0, 0, 4.29
2019/05/27 05:14:00, 23.75, 23.14, 22.95, 35.32, 34.06, 0, 0, 4.29
2019/05/27 05:15:00, 23.75, 23.15, 22.93, 35.28, 34.04, 0, 0, 4.29
2019/05/27 05:16:00, 23.75, 23.15, 22.93, 35.38, 34.16, 0, 0, 4.29
2019/05/27 05:17:00, 23.75, 23.14, 22.94, 35.37, 34.13, 0, 0, 4.29
2019/05/27 05:18:00, 23.75, 23.14, 22.93, 35.40, 34.13, 0, 0, 4.29
2019/05/27 05:19:00, 23.75, 23.16, 22.94, 35.31, 34.10, 0, 0, 4.29
2019/05/27 05:20:00, 23.75, 23.15, 22.94, 35.32, 34.07, 0, 0, 4.29
2019/05/27 05:21:00, 23.75, 23.12, 22.93, 35.32, 34.06, 0, 0, 4.29
2019/05/27 05:22:00, 23.75, 23.15, 22.93, 35.37, 34.10, 0, 0, 4.29
2019/05/27 05:23:00, 23.75, 23.12, 22.93, 35.41, 34.14, 0, 0, 4.29
2019/05/27 05:24:00, 23.75, 23.16, 22.93, 35.37, 34.12, 0, 0, 4.29
2019/05/27 05:25:00, 23.75, 23.15, 22.93, 35.38, 34.16, 0, 0, 4.29
2019/05/27 05:26:00, 23.75, 23.12, 22.92, 35.35, 34.13, 0, 0, 4.29
2019/05/27 05:27:00, 23.75, 23.16, 22.91, 35.39, 34.16, 0, 0, 4.29
2019/05/27 05:28:00, 23.75, 23.12, 22.92, 35.35, 34.15, 0, 0, 4.29
2019/05/27 05:29:00, 23.75, 23.09, 22.93, 35.35, 34.14, 0, 0, 4.29
2019/05/27 05:30:00, 23.75, 23.12, 22.91, 35.41, 34.16, 0, 0, 4.29
2019/05/27 05:31:00, 23.75, 23.12, 22.92, 35.43, 34.13, 0, 0, 4.29
2019/05/27 05:32:00, 23.75, 23.09, 22.90, 35.41, 34.19, 0, 0, 4.29
2019/05/27 05:33:00, 23.75, 23.14, 22.89, 35.37, 34.16, 0, 0, 4.29
2019/05/27 05:34:00, 23.75, 23.14, 22.93, 35.45, 34.18, 0, 0, 4.29
2019/05/27 05:35:00, 23.75, 23.12, 22.92, 35.35, 34.14, 0, 0, 4.29
2019/05/27 05:36:00, 23.75, 23.14, 22.95, 35.41, 34.15, 0, 0, 4.29
2019/05/27 05:37:00, 23.75, 23.15, 22.93, 35.39, 34.13, 0, 0, 4.29
2019/05/27 05:38:00, 23.75, 23.16, 22.95, 35.34, 34.12, 0, 0, 4.29
2019/05/27 05:39:00, 23.75, 23.19, 22.95, 35.37, 34.13, 0, 0, 4.29
2019/05/27 05:40:00, 23.75, 23.16, 22.97, 35.33, 34.10, 0, 0, 4.29
2019/05/27 05:41:00, 23.75, 23.18, 22.97, 35.29, 34.09, 0, 0, 4.29
2019/05/27 05:42:00, 23.75, 23.15, 22.97, 35.33, 34.07, 0, 0, 4.29
2019/05/27 05:43:00, 23.75, 23.18, 22.95, 35.31, 34.09, 0, 0, 4.29
2019/05/27 05:44:00, 23.75, 23.16, 22.99, 35.33, 34.08, 0, 0, 4.29
2019/05/27 05:45:00, 23.75, 23.19, 22.99, 35.32, 34.10, 0, 0, 4.29
2019/05/27 05:46:00, 23.75, 23.16, 23.00, 35.25, 34.05, 0, 0, 4.29
2019/05/27 05:47:00, 23.75, 23.19, 22.98, 35.28, 34.05, 0, 0, 4.29
2019/05/27 05:48:00, 23.75, 23.19, 22.99, 35.28, 34.06, 0, 0, 4.29
2019/05/27 05:49:00, 23.75, 23.18, 23.00, 35.32, 34.08, 0, 0, 4.29
2019/05/27 05:50:00, 23.75, 23.21, 22.99, 35.30, 34.06, 0, 0, 4.29
2019/05/27 05:51:00, 23.75, 23.21, 23.00, 35.29, 34.06, 0, 0, 4.29
2019/05/27 05:52:00, 23.75, 23.21, 22.99, 35.33, 34.07, 0, 0, 4.29
2019/05/27 05:53:00, 23.75, 23.19, 22.98, 35.28, 34.05, 0, 0, 4.29
2019/05/27 05:54:00, 23.75, 23.18, 23.00, 35.28, 34.06, 0, 0, 4.29
2019/05/27 05:55:00, 23.75, 23.21, 23.00, 35.28, 34.04, 0, 0, 4.29
2019/05/27 05:56:00, 23.75, 23.21, 22.99, 35.28, 34.05, 0, 0, 4.29
2019/05/27 05:57:00, 23.75, 23.21, 23.02, 35.31, 34.03, 0, 0, 4.29
2019/05/27 05:58:00, 23.75, 23.21, 23.02, 35.28, 34.06, 0, 0, 4.29
2019/05/27 05:59:00, 23.75, 23.19, 22.98, 35.28, 34.04, 0, 0, 4.29
2019/05/27 06:00:00, 23.75, 23.18, 23.02, 35.27, 34.04, 0, 0, 4.29
2019/05/27 06:01:00, 23.75, 23.21, 23.00, 35.29, 34.05, 0, 0, 4.29
2019/05/27 06:02:00, 23.75, 23.22, 23.01, 35.28, 34.06, 0, 0, 4.29
2019/05/27 06:03:00, 23.75, 23.19, 23.00, 35.24, 34.01, 0, 0, 4.29
2019/05/27 06:04:00, 23.75, 23.18, 23.00, 35.27, 34.02, 0, 0, 4.29
2019/05/27 06:05:00, 23.75, 23.19, 22.98, 35.31, 34.06, 0, 0, 4.29
2019/05/27 06:06:00, 23.75, 23.19, 23.01, 35.33, 34.08, 0, 0, 4.29
2019/05/27 06:07:00, 23.75, 23.24, 23.00, 35.29, 34.06, 0, 0, 4.29
2019/05/27 06:08:00, 23.75, 23.22, 23.00, 35.32, 34.05, 0, 0, 4.29
2019/05/27 06:09:00, 23.75, 23.21, 23.00, 35.27, 34.06, 0, 0, 4.29
2019/05/27 06:10:00, 23.75, 23.21, 23.00, 35.27, 34.03, 0, 0, 4.29
2019/05/27 06:11:00, 23.75, 23.19, 23.01, 35.28, 34.06, 0, 0, 4.29
2019/05/27 06:12:00, 23.75, 23.21, 23.01, 35.29, 34.05, 0, 0, 4.29
2019/05/27 06:13:00, 23.75, 23.21, 23.03, 35.28, 34.05, 0, 0, 4.29
2019/05/27 06:14:00, 23.75, 23.24, 23.00, 35.25, 34.02, 0, 0, 4.29
2019/05/27 06:15:00, 23.75, 23.21, 22.99, 35.27, 34.04, 0, 0, 4.29
2019/05/27 06:16:00, 23.75, 23.22, 23.01, 35.28, 34.06, 0, 0, 4.29
2019/05/27 06:17:00, 23.75, 23.19, 23.00, 35.28, 34.06, 0, 0, 4.29
2019/05/27 06:18:00, 23.75, 23.21, 23.00, 35.29, 34.06, 0, 0, 4.29
2019/05/27 06:19:00, 23.75, 23.19, 23.00, 35.28, 34.08, 0, 0, 4.29
2019/05/27 06:20:00, 23.75, 23.19, 22.99, 35.32, 34.09, 0, 0, 4.29
2019/05/27 06:21:00, 23.75, 23.19, 23.00, 35.32, 34.10, 0, 0, 4.29
2019/05/27 06:22:00, 23.75, 23.19, 22.98, 35.32, 34.10, 0, 0, 4.29
2019/05/27 06:23:00, 23.75, 23.19, 23.00, 35.36, 34.10, 0, 0, 4.29
2019/05/27 06:24:00, 23.75, 23.22, 23.02, 35.33, 34.10, 0, 0, 4.29
2019/05/27 06:25:00, 23.75, 23.19, 23.02, 35.32, 34.09, 0, 0, 4.29
2019/05/27 06:26:00, 23.75, 23.18, 23.01, 35.28, 34.03, 0, 0, 4.29
2019/05/27 06:27:00, 23.75, 23.19, 23.02, 35.31, 34.06, 0, 0, 4.29
2019/05/27 06:28:00, 23.75, 23.19, 23.01, 35.28, 34.06, 0, 0, 4.29
2019/05/27 06:29:00, 23.75, 23.22, 23.00, 35.32, 34.07, 0, 0, 4.29
2019/05/27 06:30:00, 23.75, 23.21, 23.01, 35.29, 34.10, 0, 0, 4.29
2019/05/27 06:31:00, 23.75, 23.21, 23.01, 35.33, 34.06, 0, 0, 4.29
2019/05/27 06:32:00, 23.75, 23.19, 23.00, 35.31, 34.10, 0, 0, 4.29
2019/05/27 06:33:00, 23.75, 23.21, 23.00, 35.31, 34.07, 0, 0, 4.29
2019/05/27 06:34:00, 23.75, 23.19, 23.01, 35.32, 34.07, 0, 0, 4.29
2019/05/27 06:35:00, 23.75, 23.22, 23.02, 35.34, 34.07, 0, 0, 4.29
2019/05/27 06:36:00, 23.75, 23.24, 23.02, 35.30, 34.07, 0, 0, 4.29
2019/05/27 06:37:00, 23.75, 23.22, 23.01, 35.27, 34.07, 0, 0, 4.29
2019/05/27 06:38:00, 23.75, 23.21, 23.00, 35.34, 34.06, 0, 0, 4.29
2019/05/27 06:39:00, 23.75, 23.22, 23.01, 35.31, 34.08, 0, 0, 4.29
2019/05/27 06:40:00, 23.75, 23.21, 23.01, 35.33, 34.08, 0, 0, 4.29
2019/05/27 06:41:00, 23.75, 23.19, 22.98, 35.27, 34.05, 0, 0, 4.29
2019/05/27 06:42:00, 23.75, 23.19, 22.97, 35.39, 34.11, 0, 0, 4.29
2019/05/27 06:43:00, 23.75, 23.21, 22.99, 35.36, 34.12, 0, 0, 4.29
2019/05/27 06:44:00, 23.75, 23.19, 22.99, 35.36, 34.13, 0, 0, 4.29
2019/05/27 06:45:00, 23.75, 23.18, 23.00, 35.32, 34.11, 0, 0, 4.29
2019/05/27 06:46:00, 23.75, 23.19, 22.97, 35.38, 34.14, 0, 0, 4.29
2019/05/27 06:47:00, 23.75, 23.18, 22.98, 35.39, 34.15, 0, 0, 4.29
2019/05/27 06:48:00, 23.75, 23.19, 22.97, 35.37, 34.17, 0, 0, 4.29
2019/05/27 06:49:00, 23.75, 23.18, 22.98, 35.36, 34.15, 0, 0, 4.29
2019/05/27 06:50:00, 23.75, 23.18, 22.98, 35.39, 34.15, 0, 0, 4.29
2019/05/27 06:51:00, 23.75, 23.18, 22.98, 35.39, 34.16, 0, 0, 4.29
2019/05/27 06:52:00, 23.75, 23.16, 22.99, 35.36, 34.15, 0, 0, 4.29
2019/05/27 06:53:00, 23.75, 23.18, 22.99, 35.39, 34.15, 0, 0, 4.29
2019/05/27 06:54:00, 23.75, 23.19, 22.97, 35.44, 34.16, 0, 0, 4.29
2019/05/27 06:55:00, 23.75, 23.19, 23.00, 35.37, 34.15, 0, 0, 4.29
2019/05/27 06:56:00, 23.75, 23.19, 23.00, 35.39, 34.16, 0, 0, 4.29
2019/05/27 06:57:00, 23.75, 23.19, 22.97, 35.40, 34.15, 0, 0, 4.29
2019/05/27 06:58:00, 23.75, 23.19, 23.01, 35.33, 34.13, 0, 0, 4.29
2019/05/27 06:59:00, 23.75, 23.18, 22.99, 35.39, 34.13, 0, 0, 4.29
2019/05/27 07:00:00, 23.75, 23.21, 23.00, 35.43, 34.11, 0, 0, 4.29
2019/05/27 07:01:00, 23.75, 23.21, 23.01, 35.35, 34.10, 0, 0, 4.29
2019/05/27 07:02:00, 23.75, 23.21, 22.99, 35.35, 34.11, 0, 0, 4.29
2019/05/27 07:03:00, 23.75, 23.24, 23.00, 35.39, 34.10, 0, 0, 4.29
2019/05/27 07:04:00, 23.75, 23.22, 22.99, 35.33, 34.09, 0, 0, 4.29
2019/05/27 07:05:00, 23.75, 23.16, 22.99, 35.37, 34.14, 0, 0, 4.29
2019/05/27 07:06:00, 23.75, 23.18, 22.98, 35.32, 34.12, 0, 0, 4.29
2019/05/27 07:07:00, 23.75, 23.18, 22.97, 35.43, 34.17, 0, 0, 4.29
2019/05/27 07:08:00, 23.75, 23.19, 23.01, 35.44, 34.17, 0, 0, 4.29
2019/05/27 07:09:00, 23.75, 23.22, 22.99, 35.32, 34.12, 0, 0, 4.29
2019/05/27 07:10:00, 23.75, 23.18, 22.98, 35.37, 34.13, 0, 0, 4.29
2019/05/27 07:11:00, 23.75, 23.16, 22.99, 35.37, 34.14, 0, 0, 4.29
2019/05/27 07:12:00, 23.75, 23.19, 22.99, 35.36, 34.14, 0, 0, 4.29
2019/05/27 07:13:00, 23.75, 23.18, 23.00, 35.36, 34.14, 0, 0, 4.29
2019/05/27 07:14:00, 23.75, 23.18, 22.99, 35.33, 34.15, 0, 0, 4.29
2019/05/27 07:15:00, 23.75, 23.18, 22.97, 35.35, 34.16, 0, 0, 4.29
2019/05/27 07:16:00, 23.75, 23.21, 22.97, 35.40, 34.16, 0, 0, 4.29
2019/05/27 07:17:00, 23.75, 23.18, 22.99, 35.39, 34.13, 0, 0, 4.29
2019/05/27 07:18:00, 23.75, 23.21, 23.00, 35.41, 34.13, 0, 0, 4.29
2019/05/27 07:19:00, 23.75, 23.19, 22.99, 35.43, 34.14, 0, 0, 4.29
2019/05/27 07:20:00, 23.75, 23.21, 22.97, 35.39, 34.16, 0, 0, 4.29
2019/05/27 07:21:00, 23.75, 23.18, 23.00, 35.37, 34.17, 0, 0, 4.29
2019/05/27 07:22:00, 23.75, 23.18, 22.98, 35.39, 34.13, 0, 0, 4.29
2019/05/27 07:23:00, 23.75, 23.19, 22.98, 35.40, 34.18, 0, 0, 4.29
2019/05/27 07:24:00, 23.75, 23.19, 22.98, 35.40, 34.16, 0, 0, 4.29
2019/05/27 07:25:00, 23.75, 23.18, 22.98, 35.39, 34.16, 0, 0, 4.29
2019/05/27 07:26:00, 23.75, 23.15, 22.97, 35.41, 34.19, 0, 0, 4.29
2019/05/27 07:27:00, 23.75, 23.18, 22.99, 35.37, 34.15, 0, 0, 4.29
2019/05/27 07:28:00, 23.75, 23.18, 22.97, 35.41, 34.19, 0, 0, 4.29
2019/05/27 07:29:00, 23.75, 23.19, 22.97, 35.42, 34.17, 0, 0, 4.29
2019/05/27 07:30:00, 23.75, 23.21, 22.98, 35.37, 34.15, 0, 0, 4.29
2019/05/27 07:31:00, 23.75, 23.15, 22.97, 35.41, 34.17, 0, 0, 4.29
2019/05/27 07:32:00, 23.75, 23.16, 22.97, 35.40, 34.17, 0, 0, 4.29
2019/05/27 07:33:00, 23.75, 23.19, 22.98, 35.44, 34.21, 0, 0, 4.29
2019/05/27 07:34:00, 23.75, 23.18, 22.98, 35.44, 34.22, 0, 0, 4.29
2019/05/27 07:35:00, 23.75, 23.19, 22.97, 35.44, 34.21, 0, 0, 4.29
2019/05/27 07:36:00, 23.75, 23.18, 23.00, 35.46, 34.19, 0, 0, 4.29
2019/05/27 07:37:00, 23.75, 23.18, 23.01, 35.48, 34.18, 0, 0, 4.29
2019/05/27 07:38:00, 23.75, 23.19, 22.99, 35.42, 34.16, 0, 0, 4.29
2019/05/27 07:39:00, 23.75, 23.19, 22.99, 35.44, 34.18, 0, 0, 4.29
2019/05/27 07:40:00, 23.75, 23.18, 22.98, 35.40, 34.15, 0, 0, 4.29
2019/05/27 07:41:00, 23.75, 23.19, 22.94, 35.46, 34.23, 0, 0, 4.29
2019/05/27 07:42:00, 23.75, 23.16, 22.95, 35.49, 34.24, 0, 0, 4.29
2019/05/27 07:43:00, 23.75, 23.16, 22.94, 35.46, 34.21, 0, 0, 4.29
2019/05/27 07:44:00, 23.75, 23.16, 22.97, 35.49, 34.26, 0, 0, 4.29
2019/05/27 07:45:00, 23.75, 23.16, 22.93, 35.57, 34.29, 0, 0, 4.29
2019/05/27 07:46:00, 23.75, 23.16, 22.93, 35.54, 34.29, 0, 0, 4.29
2019/05/27 07:47:00, 23.75, 23.14, 22.93, 35.55, 34.32, 0, 0, 4.29
2019/05/27 07:48:00, 23.75, 23.12, 22.91, 35.61, 34.35, 0, 0, 4.29
2019/05/27 07:49:00, 23.75, 23.12, 22.93, 35.61, 34.39, 0, 0, 4.29
2019/05/27 07:50:00, 23.75, 23.12, 22.93, 35.62, 34.35, 0, 0, 4.29
2019/05/27 07:51:00, 23.75, 23.14, 22.92, 35.62, 34.39, 0, 0, 4.29
2019/05/27 07:52:00, 23.75, 23.14, 22.91, 35.66, 34.39, 0, 0, 4.29
2019/05/27 07:53:00, 23.75, 23.14, 22.93, 35.58, 34.39, 0, 0, 4.29
2019/05/27 07:54:00, 23.75, 23.12, 22.93, 35.66, 34.39, 0, 0, 4.29
2019/05/27 07:55:00, 23.75, 23.15, 22.93, 35.62, 34.40, 0, 0, 4.29
2019/05/27 07:56:00, 23.75, 23.15, 22.92, 35.65, 34.39, 0, 0, 4.29
2019/05/27 07:57:00, 23.75, 23.15, 22.91, 35.63, 34.39, 0, 0, 4.29
2019/05/27 07:58:00, 23.75, 23.15, 22.93, 35.66, 34.41, 0, 0, 4.29
2019/05/27 07:59:00, 23.75, 23.11, 22.94, 35.62, 34.38, 0, 0, 4.29
2019/05/27 08:00:00, 23.75, 23.12, 22.92, 35.70, 34.39, 0, 0, 4.29
2019/05/27 08:01:00, 23.75, 23.11, 22.91, 35.66, 34.42, 0, 0, 4.29
2019/05/27 08:02:00, 23.75, 23.08, 22.88, 35.69, 34.45, 0, 0, 4.29
2019/05/27 08:03:00, 23.75, 23.09, 22.88, 35.73, 34.48, 0, 0, 4.29
2019/05/27 08:04:00, 23.75, 23.06, 22.91, 35.71, 34.48, 0, 0, 4.29
2019/05/27 08:05:00, 23.75, 23.09, 22.90, 35.72, 34.46, 0, 0, 4.29
2019/05/27 08:06:00, 23.75, 23.11, 22.89, 35.75, 34.49, 0, 0, 4.29
2019/05/27 08:07:00, 23.75, 23.12, 22.90, 35.78, 34.52, 0, 0, 4.29
2019/05/27 08:08:00, 23.75, 23.11, 22.90, 35.72, 34.52, 0, 0, 4.29
2019/05/27 08:09:00, 23.75, 23.11, 22.90, 35.74, 34.48, 0, 0, 4.29
2019/05/27 08:10:00, 23.75, 23.09, 22.91, 35.78, 34.52, 0, 0, 4.29
2019/05/27 08:11:00, 23.75, 23.11, 22.91, 35.75, 34.51, 0, 0, 4.29
2019/05/27 08:12:00, 23.75, 23.14, 22.93, 35.73, 34.51, 0, 0, 4.29
2019/05/27 08:13:00, 23.75, 23.12, 22.94, 35.73, 34.48, 0, 0, 4.29
2019/05/27 08:14:00, 23.75, 23.15, 22.95, 35.73, 34.49, 0, 0, 4.29
2019/05/27 08:15:00, 23.75, 23.15, 22.94, 35.74, 34.46, 0, 0, 4.29
2019/05/27 08:16:00, 23.75, 23.16, 22.95, 35.71, 34.46, 0, 0, 4.29
2019/05/27 08:17:00, 23.75, 23.15, 22.95, 35.73, 34.47, 0, 0, 4.29
2019/05/27 08:18:00, 23.75, 23.15, 22.94, 35.73, 34.48, 0, 0, 4.29
2019/05/27 08:19:00, 23.75, 23.15, 22.95, 35.77, 34.52, 0, 0, 4.29
2019/05/27 08:20:00, 23.75, 23.16, 22.97, 35.74, 34.51, 0, 0, 4.29
2019/05/27 08:21:00, 23.75, 23.16, 22.97, 35.79, 34.52, 0, 0, 4.29
2019/05/27 08:22:00, 23.75, 23.14, 22.95, 35.73, 34.48, 0, 0, 4.29
2019/05/27 08:23:00, 23.75, 23.16, 22.95, 35.78, 34.48, 0, 0, 4.29
2019/05/27 08:24:00, 23.75, 23.16, 22.93, 35.85, 34.55, 0, 0, 4.29
2019/05/27 08:25:00, 23.75, 23.15, 22.95, 35.81, 34.54, 0, 0, 4.29
2019/05/27 08:26:00, 23.75, 23.16, 22.98, 35.81, 34.55, 0, 0, 4.29
2019/05/27 08:27:00, 23.75, 23.16, 22.98, 35.80, 34.52, 0, 0, 4.29
2019/05/27 08:28:00, 23.75, 23.18, 23.00, 35.79, 34.55, 0, 0, 4.29
2019/05/27 08:29:00, 23.75, 23.19, 22.98, 35.77, 34.55, 0, 0, 4.29
2019/05/27 08:30:00, 23.75, 23.19, 22.99, 35.82, 34.56, 0, 0, 4.29
2019/05/27 08:31:00, 23.75, 23.18, 22.97, 35.71, 34.51, 0, 0, 4.29
2019/05/27 08:32:00, 23.75, 23.18, 22.98, 35.81, 34.54, 0, 0, 4.29
2019/05/27 08:33:00, 23.75, 23.15, 23.00, 35.88, 34.59, 0, 0, 4.29
2019/05/27 08:34:00, 23.75, 23.18, 22.98, 35.82, 34.58, 0, 0, 4.29
2019/05/27 08:35:00, 23.75, 23.18, 22.97, 35.81, 34.58, 0, 0, 4.29
2019/05/27 08:36:00, 23.75, 23.16, 22.95, 35.86, 34.60, 0, 0, 4.29
2019/05/27 08:37:00, 23.75, 23.15, 22.94, 35.94, 34.65, 0, 0, 4.29
2019/05/27 08:38:00, 23.75, 23.16, 22.97, 35.96, 34.71, 0, 0, 4.29
2019/05/27 08:39:00, 23.75, 23.18, 22.98, 35.94, 34.68, 0, 0, 4.29
2019/05/27 08:40:00, 23.75, 23.19, 22.98, 35.94, 34.70, 0, 0, 4.29
2019/05/27 08:41:00, 23.75, 23.19, 23.00, 35.96, 34.68, 0, 0, 4.29
2019/05/27 08:42:00, 23.75, 23.19, 23.00, 35.96, 34.67, 0, 0, 4.29
2019/05/27 08:43:00, 23.75, 23.16, 23.00, 35.92, 34.65, 0, 0, 4.29
2019/05/27 08:44:00, 23.75, 23.19, 23.00, 36.00, 34.71, 0, 0, 4.29
2019/05/27 08:45:00, 23.75, 23.21, 22.99, 36.00, 34.72, 0, 0, 4.29
2019/05/27 08:46:00, 23.75, 23.18, 22.98, 35.98, 34.75, 0, 0, 4.29
2019/05/27 08:47:00, 23.75, 23.18, 22.98, 36.03, 34.77, 0, 0, 4.29
2019/05/27 08:48:00, 23.75, 23.18, 22.97, 36.00, 34.73, 0, 0, 4.29
2019/05/27 08:49:00, 23.75, 23.19, 22.98, 36.05, 34.78, 0, 0, 4.29
2019/05/27 08:50:00, 23.75, 23.18, 22.97, 36.11, 34.85, 0, 0, 4.29
2019/05/27 08:51:00, 23.75, 23.18, 22.97, 36.09, 34.85, 0, 0, 4.29
2019/05/27 08:52:00, 23.75, 23.14, 22.97, 36.06, 34.84, 0, 0, 4.29
2019/05/27 08:53:00, 23.75, 23.16, 22.94, 36.09, 34.84, 0, 0, 4.29
2019/05/27 08:54:00, 23.75, 23.14, 22.94, 36.16, 34.88, 0, 0, 4.29
2019/05/27 08:55:00, 23.75, 23.14, 22.97, 36.12, 34.93, 0, 0, 4.29
2019/05/27 08:56:00, 23.75, 23.16, 22.97, 36.20, 34.92, 0, 0, 4.29
2019/05/27 08:57:00, 23.75, 23.16, 22.98, 36.17, 34.91, 0, 0, 4.29
2019/05/27 08:58:00, 23.75, 23.16, 22.97, 36.14, 34.91, 0, 0, 4.29
2019/05/27 08:59:00, 23.75, 23.18, 22.99, 36.13, 34.89, 0, 0, 4.29
2019/05/27 09:00:00, 23.75, 23.18, 22.99, 36.13, 34.87, 0, 0, 4.29
2019/05/27 09:01:00, 23.75, 23.19, 23.01, 36.15, 34.89, 0, 0, 4.29
2019/05/27 09:02:00, 23.75, 23.19, 23.00, 36.08, 34.84, 0, 0, 4.29
2019/05/27 09:03:00, 23.75, 23.19, 23.01, 36.04, 34.84, 0, 0, 4.29
2019/05/27 09:04:00, 23.75, 23.19, 23.01, 36.12, 34.86, 0, 0, 4.29
2019/05/27 09:05:00, 23.75, 23.16, 22.97, 36.05, 34.83, 0, 0, 4.29
2019/05/27 09:06:00, 23.75, 23.15, 22.94, 36.15, 34.90, 0, 0, 4.29
2019/05/27 09:07:00, 23.75, 23.16, 22.97, 36.18, 34.95, 0, 0, 4.29
2019/05/27 09:08:00, 23.75, 23.14, 22.94, 36.11, 34.90, 0, 0, 4.29
2019/05/27 09:09:00, 23.75, 23.15, 22.94, 36.18, 34.90, 0, 0, 4.29
2019/05/27 09:10:00, 23.75, 23.16, 22.95, 36.17, 34.92, 0, 0, 4.29
2019/05/27 09:11:00, 23.75, 23.12, 22.92, 36.02, 34.88, 0, 0, 4.29
2019/05/27 09:12:00, 23.75, 23.11, 22.92, 36.20, 34.92, 0, 0, 4.29
2019/05/27 09:13:00, 23.75, 23.12, 22.92, 36.28, 35.01, 0, 0, 4.29
2019/05/27 09:14:00, 23.75, 23.11, 22.93, 36.26, 35.01, 0, 0, 4.29
2019/05/27 09:15:00, 23.75, 23.12, 22.93, 36.26, 35.03, 0, 0, 4.29
2019/05/27 09:16:00, 23.75, 23.14, 22.95, 36.22, 34.98, 0, 0, 4.29
2019/05/27 09:17:00, 23.75, 23.12, 22.94, 36.21, 34.94, 0, 0, 4.29
2019/05/27 09:18:00, 23.75, 23.15, 22.95, 36.21, 34.95, 0, 0, 4.29
2019/05/27 09:19:00, 23.75, 23.16, 22.97, 36.20, 34.98, 0, 0, 4.29
2019/05/27 09:20:00, 23.75, 23.14, 22.97, 36.20, 34.95, 0, 0, 4.29
2019/05/27 09:21:00, 23.75, 23.16, 22.93, 36.22, 34.95, 0, 0, 4.29
2019/05/27 09:22:00, 23.75, 23.15, 22.95, 36.23, 35.00, 0, 0, 4.29
2019/05/27 09:23:00, 23.75, 23.14, 22.93, 36.20, 34.93, 0, 0, 4.29
2019/05/27 09:24:00, 23.75, 23.16, 22.97, 36.20, 34.97, 0, 0, 4.29
2019/05/27 09:25:00, 23.75, 23.15, 22.97, 36.17, 34.94, 0, 0, 4.29
2019/05/27 09:26:00, 23.75, 23.16, 22.97, 36.20, 34.94, 0, 0, 4.29
2019/05/27 09:27:00, 23.75, 23.14, 22.95, 36.22, 34.96, 0, 0, 4.29
2019/05/27 09:28:00, 23.75, 23.16, 22.98, 36.43, 35.17, 0, 0, 4.29
2019/05/27 09:29:00, 23.75, 23.19, 23.00, 36.22, 35.05, 0, 0, 4.29
2019/05/27 09:30:00, 23.75, 23.19, 23.03, 36.29, 35.03, 0, 0, 4.29
2019/05/27 09:31:00, 23.75, 23.24, 23.05, 36.27, 35.03, 0, 0, 4.29
2019/05/27 09:32:00, 23.75, 23.24, 23.03, 36.28, 35.02, 0, 0, 4.29
2019/05/27 09:33:00, 23.75, 23.26, 23.06, 36.27, 35.05, 0, 0, 4.29
2019/05/27 09:34:00, 23.75, 23.25, 23.06, 36.25, 35.01, 0, 0, 4.29
2019/05/27 09:35:00, 23.75, 23.25, 23.06, 36.16, 34.91, 0, 0, 4.29
2019/05/27 09:36:00, 23.75, 23.24, 23.05, 36.24, 34.95, 0, 0, 4.29
2019/05/27 09:37:00, 23.75, 23.21, 23.03, 36.27, 35.00, 0, 0, 4.29
2019/05/27 09:38:00, 23.75, 23.24, 23.01, 36.36, 35.07, 0, 0, 4.29
2019/05/27 09:39:00, 23.75, 23.21, 23.03, 36.33, 35.07, 0, 0, 4.29
2019/05/27 09:40:00, 23.75, 23.25, 23.05, 36.36, 35.09, 0, 0, 4.29
2019/05/27 09:41:00, 23.75, 23.22, 23.04, 36.31, 35.03, 0, 0, 4.29
2019/05/27 09:42:00, 23.75, 23.24, 23.05, 36.35, 35.09, 0, 0, 4.29
2019/05/27 09:43:00, 23.75, 23.24, 23.05, 36.33, 35.07, 0, 0, 4.29
2019/05/27 09:44:00, 23.75, 23.24, 23.06, 36.38, 35.16, 0, 0, 4.29
2019/05/27 09:45:00, 23.75, 23.28, 23.08, 36.39, 35.09, 0, 0, 4.29
2019/05/27 09:46:00, 23.75, 23.26, 23.07, 36.30, 35.06, 0, 0, 4.29
2019/05/27 09:47:00, 23.75, 23.25, 23.06, 36.37, 35.09, 0, 0, 4.29
2019/05/27 09:48:00, 23.75, 23.29, 23.09, 36.39, 35.13, 0, 0, 4.29
2019/05/27 09:49:00, 23.75, 23.26, 23.08, 36.22, 34.99, 0, 0, 4.29
2019/05/27 09:50:00, 23.75, 23.28, 23.08, 36.27, 35.00, 0, 0, 4.29
2019/05/27 09:51:00, 23.75, 23.28, 23.07, 36.33, 35.03, 0, 0, 4.29
2019/05/27 09:52:00, 23.75, 23.30, 23.10, 36.57, 35.18, 0, 0, 4.29
2019/05/27 09:53:00, 23.75, 23.35, 23.16, 36.32, 35.15, 0, 0, 4.29
2019/05/27 09:54:00, 23.75, 23.32, 23.13, 36.20, 34.93, 0, 0, 4.29
2019/05/27 09:55:00, 23.75, 23.29, 23.12, 36.30, 34.99, 0, 0, 4.29
2019/05/27 09:56:00, 23.75, 23.33, 23.15, 36.40, 35.13, 0, 0, 4.29
2019/05/27 09:57:00, 23.75, 23.33, 23.16, 36.36, 35.13, 0, 0, 4.29
2019/05/27 09:58:00, 23.75, 23.35, 23.17, 36.28, 35.03, 0, 0, 4.29
2019/05/27 09:59:00, 23.75, 23.33, 23.16, 36.27, 34.98, 0, 0, 4.29
2019/05/27 10:00:00, 23.75, 23.33, 23.17, 36.31, 35.03, 0, 0, 4.29
2019/05/27 10:01:00, 23.75, 23.37, 23.17, 36.36, 35.09, 0, 0, 4.29
2019/05/27 10:02:00, 23.75, 23.37, 23.17, 36.31, 35.09, 0, 0, 4.29
2019/05/27 10:03:00, 23.75, 23.35, 23.16, 36.31, 35.04, 0, 0, 4.29
2019/05/27 10:04:00, 23.75, 23.36, 23.19, 36.34, 35.07, 0, 0, 4.29
2019/05/27 10:05:00, 23.75, 23.39, 23.18, 36.22, 35.02, 0, 0, 4.29
2019/05/27 10:06:00, 23.75, 23.37, 23.20, 36.27, 35.01, 0, 0, 4.29
2019/05/27 10:07:00, 23.75, 23.36, 23.16, 36.31, 35.02, 0, 0, 4.29
2019/05/27 10:08:00, 23.75, 23.37, 23.17, 36.39, 35.11, 0, 0, 4.29
2019/05/27 10:09:00, 23.75, 23.37, 23.18, 36.33, 35.13, 0, 0, 4.29
2019/05/27 10:10:00, 23.75, 23.40, 23.20, 36.43, 35.09, 0, 0, 4.29
2019/05/27 10:11:00, 23.75, 23.40, 23.21, 36.33, 35.11, 0, 0, 4.29
2019/05/27 10:12:00, 23.75, 23.43, 23.25, 36.37, 35.15, 0, 0, 4.29
2019/05/27 10:13:00, 23.75, 23.47, 23.28, 36.34, 35.09, 0, 0, 4.29
2019/05/27 10:14:00, 23.75, 23.49, 23.29, 36.16, 35.00, 0, 0, 4.29
2019/05/27 10:15:00, 23.75, 23.46, 23.27, 36.11, 34.93, 0, 0, 4.29
2019/05/27 10:16:00, 23.75, 23.49, 23.30, 36.26, 34.93, 0, 0, 4.29
2019/05/27 10:17:00, 23.75, 23.49, 23.30, 36.11, 34.90, 0, 0, 4.29
2019/05/27 10:18:00, 23.75, 23.50, 23.32, 36.28, 34.99, 0, 0, 4.29
2019/05/27 10:19:00, 23.75, 23.53, 23.35, 36.25, 35.00, 0, 0, 4.29
2019/05/27 10:20:00, 23.75, 23.50, 23.33, 36.02, 34.81, 0, 0, 4.29
2019/05/27 10:21:00, 23.75, 23.53, 23.33, 36.23, 34.94, 0, 0, 4.29
2019/05/27 10:22:00, 23.75, 23.57, 23.38, 36.22, 34.95, 0, 0, 4.29
2019/05/27 10:23:00, 23.75, 23.59, 23.39, 36.16, 34.91, 0, 0, 4.29
2019/05/27 10:24:00, 23.75, 23.59, 23.37, 35.94, 34.77, 0, 0, 4.29
2019/05/27 10:25:00, 24.00, 23.56, 23.36, 35.99, 34.72, 0, 0, 4.29
2019/05/27 10:26:00, 24.00, 23.52, 23.34, 36.02, 34.74, 0, 0, 4.29
2019/05/27 10:27:00, 24.00, 23.53, 23.34, 36.12, 34.86, 0, 0, 4.29
2019/05/27 10:28:00, 24.00, 23.53, 23.32, 36.10, 34.84, 0, 0, 4.29
2019/05/27 10:29:00, 24.00, 23.53, 23.33, 36.23, 34.90, 0, 0, 4.29
2019/05/27 10:30:00, 24.00, 23.57, 23.38, 36.29, 35.06, 0, 0, 4.29
2019/05/27 10:31:00, 24.00, 23.59, 23.41, 36.12, 34.88, 0, 0, 4.29
2019/05/27 10:32:00, 24.00, 23.57, 23.38, 35.97, 34.77, 0, 0, 4.29
2019/05/27 10:33:00, 24.00, 23.56, 23.37, 35.96, 34.74, 0, 0, 4.29
2019/05/27 10:34:00, 24.00, 23.56, 23.37, 36.06, 34.80, 0, 0, 4.29
2019/05/27 10:35:00, 24.00, 23.59, 23.38, 36.09, 34.85, 0, 0, 4.29
2019/05/27 10:36:00, 24.00, 23.54, 23.37, 35.98, 34.80, 0, 0, 4.29
2019/05/27 10:37:00, 24.00, 23.59, 23.41, 36.13, 34.93, 0, 0, 4.29
2019/05/27 10:38:00, 24.00, 23.57, 23.41, 36.05, 34.81, 0, 0, 4.29
2019/05/27 10:39:00, 24.00, 23.57, 23.41, 36.17, 34.86, 0, 0, 4.29
2019/05/27 10:40:00, 24.00, 23.60, 23.41, 36.04, 34.83, 0, 0, 4.29
2019/05/27 10:41:00, 24.00, 23.61, 23.44, 36.04, 34.83, 0, 0, 4.29
2019/05/27 10:42:00, 24.00, 23.61, 23.47, 36.07, 34.83, 0, 0, 4.29
2019/05/27 10:43:00, 24.00, 23.67, 23.47, 36.07, 34.83, 0, 0, 4.29
2019/05/27 10:44:00, 24.00, 23.70, 23.47, 35.94, 34.75, 0, 0, 4.29
2019/05/27 10:45:00, 24.00, 23.70, 23.49, 35.88, 34.64, 0, 0, 4.29
2019/05/27 10:46:00, 24.00, 23.70, 23.53, 36.05, 34.86, 0, 0, 4.29
2019/05/27 10:47:00, 24.00, 23.68, 23.50, 35.97, 34.70, 0, 0, 4.29
2019/05/27 10:48:00, 24.00, 23.70, 23.48, 35.88, 34.70, 0, 0, 4.29
2019/05/27 10:49:00, 24.00, 23.65, 23.47, 35.91, 34.60, 0, 0, 4.29
2019/05/27 10:50:00, 24.00, 23.70, 23.50, 35.95, 34.74, 0, 0, 4.29
2019/05/27 10:51:00, 24.00, 23.70, 23.50, 35.92, 34.66, 0, 0, 4.29
2019/05/27 10:52:00, 24.00, 23.71, 23.51, 35.90, 34.67, 0, 0, 4.29
2019/05/27 10:53:00, 24.00, 23.71, 23.52, 35.90, 34.62, 0, 0, 4.29
2019/05/27 10:54:00, 24.00, 23.73, 23.54, 35.79, 34.64, 0, 0, 4.29
2019/05/27 10:55:00, 24.00, 23.74, 23.54, 35.85, 34.58, 0, 0, 4.29
2019/05/27 10:56:00, 24.00, 23.74, 23.56, 35.81, 34.55, 0, 0, 4.29
2019/05/27 10:57:00, 24.00, 23.73, 23.54, 35.80, 34.54, 0, 0, 4.29
2019/05/27 10:58:00, 24.00, 23.76, 23.54, 35.72, 34.47, 0, 0, 4.29
2019/05/27 10:59:00, 24.00, 23.71, 23.52, 35.69, 34.48, 0, 0, 4.29
2019/05/27 11:00:00, 24.00, 23.68, 23.49, 35.74, 34.51, 0, 0, 4.29
2019/05/27 11:01:00, 24.00, 23.65, 23.47, 35.77, 34.51, 0, 0, 4.29
2019/05/27 11:02:00, 24.00, 23.70, 23.48, 35.81, 34.55, 0, 0, 4.29
2019/05/27 11:03:00, 24.00, 23.68, 23.47, 35.66, 34.47, 0, 0, 4.29
2019/05/27 11:04:00, 24.00, 23.67, 23.46, 35.77, 34.51, 0, 0, 4.29
2019/05/27 11:05:00, 24.00, 23.67, 23.47, 35.77, 34.52, 0, 0, 4.29
2019/05/27 11:06:00, 24.00, 23.67, 23.49, 35.67, 34.49, 0, 0, 4.29
2019/05/27 11:07:00, 24.00, 23.65, 23.48, 35.70, 34.42, 0, 0, 4.29
2019/05/27 11:08:00, 24.00, 23.67, 23.45, 35.67, 34.42, 0, 0, 4.29
2019/05/27 11:09:00, 24.00, 23.65, 23.49, 35.70, 34.40, 0, 0, 4.29
2019/05/27 11:10:00, 24.00, 23.68, 23.49, 35.71, 34.44, 0, 0, 4.29
2019/05/27 11:11:00, 24.00, 23.67, 23.48, 35.64, 34.42, 0, 0, 4.29
2019/05/27 11:12:00, 24.00, 23.64, 23.46, 35.60, 34.37, 0, 0, 4.29
2019/05/27 11:13:00, 24.00, 23.64, 23.46, 35.58, 34.35, 0, 0, 4.29
2019/05/27 11:14:00, 24.00, 23.65, 23.47, 35.82, 34.49, 0, 0, 4.29
2019/05/27 11:15:00, 24.00, 23.65, 23.47, 35.70, 34.50, 0, 0, 4.29
2019/05/27 11:16:00, 24.00, 23.65, 23.47, 35.68, 34.39, 0, 0, 4.29
2019/05/27 11:17:00, 24.00, 23.67, 23.48, 35.66, 34.39, 0, 0, 4.29
2019/05/27 11:18:00, 24.00, 23.67, 23.46, 35.65, 34.41, 0, 0, 4.29
2019/05/27 11:19:00, 24.00, 23.68, 23.46, 35.73, 34.42, 0, 0, 4.29
2019/05/27 11:20:00, 24.00, 23.67, 23.45, 35.63, 34.37, 0, 0, 4.29
2019/05/27 11:21:00, 24.00, 23.67, 23.47, 35.79, 34.48, 0, 0, 4.29
2019/05/27 11:22:00, 24.00, 23.65, 23.46, 35.66, 34.48, 0, 0, 4.29
2019/05/27 11:23:00, 24.00, 23.65, 23.48, 35.68, 34.42, 0, 0, 4.29
2019/05/27 11:24:00, 24.00, 23.67, 23.48, 35.65, 34.41, 0, 0, 4.29
2019/05/27 11:25:00, 24.00, 23.70, 23.50, 35.68, 34.45, 0, 0, 4.29
2019/05/27 11:26:00, 24.00, 23.67, 23.51, 35.60, 34.39, 0, 0, 4.29
2019/05/27 11:27:00, 24.00, 23.68, 23.50, 35.58, 34.37, 0, 0, 4.29
2019/05/27 11:28:00, 24.00, 23.70, 23.49, 35.54, 34.35, 0, 0, 4.29
2019/05/27 11:29:00, 24.00, 23.67, 23.48, 35.65, 34.38, 0, 0, 4.29
2019/05/27 11:30:00, 24.00, 23.67, 23.48, 35.67, 34.41, 0, 0, 4.29
2019/05/27 11:31:00, 24.00, 23.67, 23.48, 35.65, 34.41, 0, 0, 4.29
2019/05/27 11:32:00, 24.00, 23.68, 23.47, 35.66, 34.42, 0, 0, 4.29
2019/05/27 11:33:00, 24.00, 23.64, 23.47, 35.58, 34.39, 0, 0, 4.29
2019/05/27 11:34:00, 24.00, 23.70, 23.46, 35.71, 34.43, 0, 0, 4.29
2019/05/27 11:35:00, 24.00, 23.67, 23.46, 35.63, 34.42, 0, 0, 4.29
2019/05/27 11:36:00, 24.00, 23.64, 23.47, 35.62, 34.42, 0, 0, 4.29
2019/05/27 11:37:00, 24.00, 23.67, 23.44, 35.59, 34.31, 0, 0, 4.29
2019/05/27 11:38:00, 24.00, 23.64, 23.46, 35.78, 34.45, 0, 0, 4.29
2019/05/27 11:39:00, 24.00, 23.65, 23.47, 35.74, 34.54, 0, 0, 4.29
2019/05/27 11:40:00, 24.00, 23.61, 23.45, 35.71, 34.42, 0, 0, 4.29
2019/05/27 11:41:00, 24.00, 23.63, 23.44, 35.68, 34.47, 0, 0, 4.29
2019/05/27 11:42:00, 24.00, 23.64, 23.45, 35.72, 34.51, 0, 0, 4.29
2019/05/27 11:43:00, 24.00, 23.65, 23.47, 35.68, 34.46, 0, 0, 4.29
2019/05/27 11:44:00, 24.00, 23.67, 23.47, 35.79, 34.48, 0, 0, 4.29
2019/05/27 11:45:00, 24.00, 23.67, 23.48, 35.69, 34.43, 0, 0, 4.29
2019/05/27 11:46:00, 24.00, 23.67, 23.47, 35.75, 34.47, 0, 0, 4.29
2019/05/27 11:47:00, 24.00, 23.67, 23.48, 35.71, 34.46, 0, 0, 4.29
2019/05/27 11:48:00, 24.00, 23.67, 23.47, 35.65, 34.42, 0, 0, 4.29
2019/05/27 11:49:00, 24.00, 23.68, 23.46, 35.61, 34.41, 0, 0, 4.29
2019/05/27 11:50:00, 24.00, 23.65, 23.46, 35.68, 34.44, 0, 0, 4.29
2019/05/27 11:51:00, 24.00, 23.65, 23.45, 35.68, 34.45, 0, 0, 4.29
2019/05/27 11:52:00, 24.00, 23.64, 23.45, 35.64, 34.41, 0, 0, 4.29
2019/05/27 11:53:00, 24.00, 23.64, 23.44, 35.72, 34.48, 0, 0, 4.29
2019/05/27 11:54:00, 24.00, 23.64, 23.43, 35.75, 34.55, 0, 0, 4.29
2019/05/27 11:55:00, 24.00, 23.63, 23.44, 35.73, 34.51, 0, 0, 4.29
2019/05/27 11:56:00, 24.00, 23.64, 23.45, 35.71, 34.48, 0, 0, 4.29
2019/05/27 11:57:00, 24.00, 23.63, 23.45, 35.76, 34.51, 0, 0, 4.29
2019/05/27 11:58:00, 24.00, 23.64, 23.45, 35.70, 34.48, 0, 0, 4.29
2019/05/27 11:59:00, 24.25, 23.64, 23.46, 35.67, 34.45, 0, 0, 4.29
2019/05/27 12:00:00, 24.00, 23.65, 23.47, 35.70, 34.44, 0, 0, 4.29
2019/05/27 12:01:00, 24.00, 23.71, 23.50, 35.69, 34.45, 0, 0, 4.29
2019/05/27 12:02:00, 24.25, 23.71, 23.50, 35.65, 34.42, 0, 0, 4.29
2019/05/27 12:03:00, 24.25, 23.73, 23.53, 36.00, 34.62, 0, 0, 4.29
2019/05/27 12:04:00, 24.25, 23.74, 23.52, 35.83, 34.57, 0, 0, 4.29
2019/05/27 12:05:00, 24.25, 23.76, 23.56, 35.83, 34.61, 0, 0, 4.29
2019/05/27 12:06:00, 24.25, 23.76, 23.58, 35.54, 34.37, 0, 0, 4.29
2019/05/27 12:07:00, 24.25, 23.74, 23.57, 35.53, 34.35, 0, 0, 4.29
2019/05/27 12:08:00, 24.25, 23.74, 23.56, 35.55, 34.28, 0, 0, 4.29
2019/05/27 12:09:00, 24.25, 23.74, 23.54, 35.52, 34.34, 0, 0, 4.29
2019/05/27 12:10:00, 24.25, 23.74, 23.54, 35.52, 34.29, 0, 0, 4.29
2019/05/27 12:11:00, 24.25, 23.73, 23.52, 35.50, 34.28, 0, 0, 4.29
2019/05/27 12:12:00, 24.25, 23.71, 23.52, 35.55, 34.28, 0, 0, 4.29
2019/05/27 12:13:00, 24.25, 23.71, 23.50, 35.53, 34.29, 0, 0, 4.29
2019/05/27 12:14:00, 24.25, 23.71, 23.52, 35.65, 34.37, 0, 0, 4.29
2019/05/27 12:15:00, 24.25, 23.70, 23.52, 35.58, 34.35, 0, 0, 4.29
2019/05/27 12:16:00, 24.25, 23.68, 23.50, 35.58, 34.32, 0, 0, 4.29
2019/05/27 12:17:00, 24.25, 23.70, 23.50, 35.62, 34.29, 0, 0, 4.29
2019/05/27 12:18:00, 24.25, 23.65, 23.49, 35.62, 34.38, 0, 0, 4.29
2019/05/27 12:19:00, 24.25, 23.68, 23.48, 35.63, 34.35, 0, 0, 4.29
2019/05/27 12:20:00, 24.25, 23.67, 23.48, 35.65, 34.41, 0, 0, 4.29
2019/05/27 12:21:00, 24.25, 23.64, 23.47, 35.77, 34.48, 0, 0, 4.29
2019/05/27 12:22:00, 24.25, 23.64, 23.47, 35.71, 34.48, 0, 0, 4.29
2019/05/27 12:23:00, 24.25, 23.67, 23.47, 35.70, 34.45, 0, 0, 4.29
2019/05/27 12:24:00, 24.25, 23.64, 23.45, 35.75, 34.46, 0, 0, 4.29
2019/05/27 12:25:00, 24.25, 23.65, 23.47, 35.74, 34.48, 0, 0, 4.29
2019/05/27 12:26:00, 24.25, 23.65, 23.46, 35.74, 34.45, 0, 0, 4.29
2019/05/27 12:27:00, 24.25, 23.65, 23.47, 35.70, 34.48, 0, 0, 4.29
2019/05/27 12:28:00, 24.25, 23.67, 23.48, 35.73, 34.48, 0, 0, 4.29
2019/05/27 12:29:00, 24.25, 23.67, 23.50, 35.86, 34.62, 0, 0, 4.29
2019/05/27 12:30:00, 24.25, 23.68, 23.49, 35.74, 34.57, 0, 0, 4.29
2019/05/27 12:31:00, 24.25, 23.70, 23.52, 35.73, 34.51, 0, 0, 4.29
2019/05/27 12:32:00, 24.25, 23.71, 23.51, 35.78, 34.55, 0, 0, 4.29
2019/05/27 12:33:00, 24.25, 23.70, 23.52, 36.01, 34.66, 0, 0, 4.29
2019/05/27 12:34:00, 24.25, 23.73, 23.53, 35.81, 34.62, 0, 0, 4.29
2019/05/27 12:35:00, 24.25, 23.74, 23.54, 35.75, 34.55, 0, 0, 4.29
2019/05/27 12:36:00, 24.25, 23.73, 23.54, 35.72, 34.44, 0, 0, 4.29
2019/05/27 12:37:00, 24.25, 23.73, 23.54, 35.85, 34.55, 0, 0, 4.28
2019/05/27 12:38:00, 24.25, 23.77, 23.56, 35.85, 34.64, 0, 0, 4.29
2019/05/27 12:39:00, 24.25, 23.80, 23.60, 35.88, 34.64, 0, 0, 4.29
2019/05/27 12:40:00, 24.25, 23.79, 23.60, 35.78, 34.55, 0, 0, 4.29
2019/05/27 12:41:00, 24.25, 23.80, 23.60, 35.73, 34.45, 0, 0, 4.29
2019/05/27 12:42:00, 24.25, 23.81, 23.61, 35.72, 34.46, 0, 0, 4.29
2019/05/27 12:43:00, 24.25, 23.80, 23.59, 35.73, 34.48, 0, 0, 4.29
2019/05/27 12:44:00, 24.25, 23.77, 23.59, 35.82, 34.53, 0, 0, 4.29
2019/05/27 12:45:00, 24.25, 23.81, 23.62, 35.81, 34.58, 0, 0, 4.29
2019/05/27 12:46:00, 24.25, 23.81, 23.61, 35.89, 34.66, 0, 0, 4.28
2019/05/27 12:47:00, 24.25, 23.88, 23.68, 35.83, 34.64, 0, 0, 4.29
2019/05/27 12:48:00, 24.25, 23.87, 23.67, 35.74, 34.57, 0, 0, 4.29
2019/05/27 12:49:00, 24.25, 23.91, 23.69, 35.73, 34.54, 0, 0, 4.29
2019/05/27 12:50:00, 24.25, 23.92, 23.73, 35.70, 34.51, 0, 0, 4.29
2019/05/27 12:51:00, 24.25, 23.94, 23.76, 35.73, 34.48, 0, 0, 4.29
2019/05/27 12:52:00, 24.25, 23.98, 23.77, 35.71, 34.49, 0, 0, 4.29
2019/05/27 12:53:00, 24.25, 24.02, 23.82, 35.57, 34.39, 0, 0, 4.29
2019/05/27 12:54:00, 24.25, 24.04, 23.83, 35.59, 34.31, 0, 0, 4.29
2019/05/27 12:55:00, 24.25, 24.05, 23.84, 35.64, 34.37, 0, 0, 4.29
2019/05/27 12:56:00, 24.25, 24.05, 23.86, 35.57, 34.37, 0, 0, 4.29
2019/05/27 12:57:00, 24.25, 24.07, 23.86, 35.58, 34.37, 0, 0, 4.29
2019/05/27 12:58:00, 24.25, 24.07, 23.88, 35.60, 34.36, 0, 0, 4.29
2019/05/27 12:59:00, 24.25, 24.11, 23.90, 35.55, 34.39, 0, 0, 4.29
2019/05/27 13:00:00, 24.25, 24.11, 23.90, 35.56, 34.32, 0, 0, 4.29
2019/05/27 13:01:00, 24.25, 24.12, 23.93, 35.60, 34.40, 0, 0, 4.28
2019/05/27 13:02:00, 24.25, 24.12, 23.95, 35.50, 34.29, 0, 0, 4.29
2019/05/27 13:03:00, 24.25, 24.15, 23.95, 35.52, 34.29, 0, 0, 4.29
2019/05/27 13:04:00, 24.25, 24.12, 23.94, 35.46, 34.26, 0, 0, 4.29
2019/05/27 13:05:00, 24.25, 24.14, 23.95, 35.46, 34.29, 0, 0, 4.29
2019/05/27 13:06:00, 24.25, 24.12, 23.95, 35.50, 34.27, 0, 0, 4.29
2019/05/27 13:07:00, 24.25, 24.12, 23.96, 35.53, 34.27, 0, 0, 4.29
2019/05/27 13:08:00, 24.25, 24.12, 23.92, 35.57, 34.29, 0, 0, 4.29
2019/05/27 13:09:00, 24.25, 24.11, 23.95, 35.60, 34.35, 0, 0, 4.29
2019/05/27 13:10:00, 24.25, 24.09, 23.91, 35.48, 34.29, 0, 0, 4.29
2019/05/27 13:11:00, 24.25, 24.07, 23.88, 35.61, 34.33, 0, 0, 4.29
2019/05/27 13:12:00, 24.50, 24.02, 23.83, 35.60, 34.35, 0, 0, 4.29
2019/05/27 13:13:00, 24.50, 24.02, 23.81, 35.71, 34.43, 0, 0, 4.29
2019/05/27 13:14:00, 24.25, 23.98, 23.77, 35.79, 34.49, 0, 0, 4.29
2019/05/27 13:15:00, 24.25, 23.95, 23.73, 35.82, 34.58, 0, 0, 4.29
2019/05/27 13:16:00, 24.25, 23.92, 23.73, 35.89, 34.61, 0, 0, 4.29
2019/05/27 13:17:00, 24.50, 23.88, 23.69, 35.91, 34.66, 0, 0, 4.29
2019/05/27 13:18:00, 24.25, 23.84, 23.64, 36.01, 34.76, 0, 0, 4.29
2019/05/27 13:19:00, 24.25, 23.83, 23.63, 36.13, 34.84, 0, 0, 4.28
2019/05/27 13:20:00, 24.25, 23.79, 23.60, 36.11, 34.87, 0, 0, 4.28
2019/05/27 13:21:00, 24.25, 23.80, 23.60, 36.14, 34.89, 0, 0, 4.29
2019/05/27 13:22:00, 24.25, 23.79, 23.59, 36.20, 34.96, 0, 0, 4.29
2019/05/27 13:23:00, 24.25, 23.79, 23.59, 36.29, 35.03, 0, 0, 4.29
2019/05/27 13:24:00, 24.25, 23.77, 23.58, 36.23, 34.97, 0, 0, 4.29
2019/05/27 13:25:00, 24.25, 23.77, 23.58, 36.24, 34.96, 0, 0, 4.29
2019/05/27 13:26:00, 24.25, 23.76, 23.57, 36.26, 35.04, 0, 0, 4.29
2019/05/27 13:27:00, 24.25, 23.77, 23.58, 36.24, 35.01, 0, 0, 4.28
2019/05/27 13:28:00, 24.25, 23.74, 23.54, 36.19, 34.95, 0, 0, 4.29
2019/05/27 13:29:00, 24.25, 23.74, 23.54, 36.23, 34.95, 0, 0, 4.29
2019/05/27 13:30:00, 24.25, 23.71, 23.54, 36.23, 34.98, 0, 0, 4.29
2019/05/27 13:31:00, 24.25, 23.71, 23.53, 36.27, 35.02, 0, 0, 4.29
2019/05/27 13:32:00, 24.25, 23.73, 23.56, 36.22, 34.99, 0, 0, 4.29
2019/05/27 13:33:00, 24.25, 23.73, 23.52, 36.16, 34.92, 0, 0, 4.29
2019/05/27 13:34:00, 24.25, 23.73, 23.52, 36.21, 34.93, 0, 0, 4.29
2019/05/27 13:35:00, 24.25, 23.74, 23.54, 36.16, 34.91, 0, 0, 4.29
2019/05/27 13:36:00, 24.25, 23.70, 23.50, 36.13, 34.93, 0, 0, 4.28
2019/05/27 13:37:00, 24.25, 23.70, 23.49, 36.18, 34.95, 0, 0, 4.29
2019/05/27 13:38:00, 24.25, 23.68, 23.48, 36.31, 34.97, 0, 0, 4.29
2019/05/27 13:39:00, 24.25, 23.68, 23.47, 36.20, 34.97, 0, 0, 4.29
2019/05/27 13:40:00, 24.25, 23.68, 23.50, 36.34, 35.04, 0, 0, 4.29
2019/05/27 13:41:00, 24.25, 23.68, 23.48, 36.19, 34.99, 0, 0, 4.29
2019/05/27 13:42:00, 24.25, 23.67, 23.47, 36.21, 34.98, 0, 0, 4.29
2019/05/27 13:43:00, 24.25, 23.68, 23.46, 36.27, 35.03, 0, 0, 4.29
2019/05/27 13:44:00, 24.25, 23.65, 23.45, 36.22, 35.03, 0, 0, 4.29
2019/05/27 13:45:00, 24.25, 23.64, 23.44, 36.31, 35.06, 0, 0, 4.29
2019/05/27 13:46:00, 24.25, 23.65, 23.43, 36.27, 35.07, 0, 0, 4.29
2019/05/27 13:47:00, 24.25, 23.65, 23.45, 36.41, 35.09, 0, 0, 4.29
2019/05/27 13:48:00, 24.25, 23.67, 23.45, 36.30, 35.06, 0, 0, 4.29
2019/05/27 13:49:00, 24.25, 23.67, 23.47, 36.26, 35.03, 0, 0, 4.29
2019/05/27 13:50:00, 24.25, 23.67, 23.47, 36.26, 35.01, 0, 0, 4.29
2019/05/27 13:51:00, 24.25, 23.65, 23.45, 36.15, 34.96, 0, 0, 4.29
2019/05/27 13:52:00, 24.25, 23.65, 23.47, 36.33, 35.00, 0, 0, 4.29
2019/05/27 13:53:00, 24.25, 23.67, 23.48, 36.25, 35.00, 0, 0, 4.28
2019/05/27 13:54:00, 24.25, 23.68, 23.50, 36.18, 34.95, 0, 0, 4.28
2019/05/27 13:55:00, 24.25, 23.71, 23.50, 36.13, 34.87, 0, 0, 4.28
2019/05/27 13:56:00, 24.25, 23.70, 23.53, 36.02, 34.82, 0, 0, 4.29
2019/05/27 13:57:00, 24.25, 23.74, 23.54, 36.03, 34.77, 0, 0, 4.29
2019/05/27 13:58:00, 24.25, 23.73, 23.53, 35.93, 34.70, 0, 0, 4.29
2019/05/27 13:59:00, 24.25, 23.70, 23.54, 35.94, 34.71, 0, 0, 4.29
2019/05/27 14:00:00, 24.25, 23.71, 23.53, 35.85, 34.62, 0, 0, 4.29
2019/05/27 14:01:00, 24.25, 23.71, 23.52, 35.94, 34.67, 0, 0, 4.29
2019/05/27 14:02:00, 24.25, 23.71, 23.52, 35.89, 34.67, 0, 0, 4.29
2019/05/27 14:03:00, 24.25, 23.71, 23.50, 35.86, 34.65, 0, 0, 4.29
2019/05/27 14:04:00, 24.25, 23.70, 23.47, 35.80, 34.59, 0, 0, 4.28
2019/05/27 14:05:00, 24.25, 23.70, 23.48, 35.81, 34.57, 0, 0, 4.28
2019/05/27 14:06:00, 24.25, 23.70, 23.51, 35.88, 34.61, 0, 0, 4.29
2019/05/27 14:07:00, 24.25, 23.68, 23.50, 35.75, 34.55, 0, 0, 4.29
2019/05/27 14:08:00, 24.25, 23.70, 23.51, 35.74, 34.52, 0, 0, 4.29
2019/05/27 14:09:00, 24.25, 23.70, 23.51, 35.74, 34.49, 0, 0, 4.29
2019/05/27 14:10:00, 24.25, 23.68, 23.50, 35.73, 34.47, 0, 0, 4.29
2019/05/27 14:11:00, 24.25, 23.71, 23.50, 35.76, 34.53, 0, 0, 4.29
2019/05/27 14:12:00, 24.25, 23.70, 23.53, 35.76, 34.52, 0, 0, 4.29
2019/05/27 14:13:00, 24.25, 23.71, 23.51, 35.71, 34.48, 0, 0, 4.29
2019/05/27 14:14:00, 24.25, 23.70, 23.53, 35.81, 34.55, 0, 0, 4.29
2019/05/27 14:15:00, 24.25, 23.71, 23.50, 35.80, 34.56, 0, 0, 4.29
2019/05/27 14:16:00, 24.25, 23.71, 23.51, 35.86, 34.61, 0, 0, 4.28
2019/05/27 14:17:00, 24.25, 23.71, 23.50, 35.86, 34.60, 0, 0, 4.28
2019/05/27 14:18:00, 24.25, 23.70, 23.48, 35.82, 34.61, 0, 0, 4.29
2019/05/27 14:19:00, 24.25, 23.70, 23.48, 35.89, 34.65, 0, 0, 4.29
2019/05/27 14:20:00, 24.25, 23.68, 23.49, 35.92, 34.67, 0, 0, 4.29
2019/05/27 14:21:00, 24.25, 23.70, 23.51, 35.90, 34.64, 0, 0, 4.29
2019/05/27 14:22:00, 24.25, 23.68, 23.48, 35.84, 34.62, 0, 0, 4.28
2019/05/27 14:23:00, 24.25, 23.68, 23.51, 35.98, 34.70, 0, 0, 4.29
2019/05/27 14:24:00, 24.25, 23.73, 23.53, 35.97, 34.68, 0, 0, 4.29
2019/05/27 14:25:00, 24.25, 23.70, 23.50, 35.88, 34.62, 0, 0, 4.29
2019/05/27 14:26:00, 24.25, 23.70, 23.50, 35.93, 34.66, 0, 0, 4.28
2019/05/27 14:27:00, 24.25, 23.68, 23.49, 35.86, 34.64, 0, 0, 4.28
2019/05/27 14:28:00, 24.25, 23.70, 23.50, 35.86, 34.66, 0, 0, 4.29
2019/05/27 14:29:00, 24.25, 23.68, 23.48, 35.89, 34.64, 0, 0, 4.29
2019/05/27 14:30:00, 24.25, 23.65, 23.49, 35.93, 34.67, 0, 0, 4.29
2019/05/27 14:31:00, 24.25, 23.68, 23.50, 35.99, 34.74, 0, 0, 4.29
2019/05/27 14:32:00, 24.25, 23.71, 23.51, 35.97, 34.72, 0, 0, 4.29
2019/05/27 14:33:00, 24.25, 23.70, 23.50, 35.91, 34.67, 0, 0, 4.29
2019/05/27 14:34:00, 24.25, 23.68, 23.52, 35.99, 34.74, 0, 0, 4.29
2019/05/27 14:35:00, 24.25, 23.70, 23.50, 35.96, 34.74, 0, 0, 4.29
2019/05/27 14:36:00, 24.25, 23.68, 23.50, 35.95, 34.70, 0, 0, 4.29
2019/05/27 14:37:00, 24.25, 23.67, 23.50, 36.05, 34.76, 0, 0, 4.29
2019/05/27 14:38:00, 24.25, 23.68, 23.50, 36.02, 34.78, 0, 0, 4.28
2019/05/27 14:39:00, 24.25, 23.70, 23.50, 36.03, 34.77, 0, 0, 4.29
2019/05/27 14:40:00, 24.25, 23.68, 23.48, 36.10, 34.84, 0, 0, 4.29
2019/05/27 14:41:00, 24.25, 23.70, 23.50, 36.09, 34.84, 0, 0, 4.29
2019/05/27 14:42:00, 24.25, 23.70, 23.52, 36.09, 34.83, 0, 0, 4.29
2019/05/27 14:43:00, 24.25, 23.68, 23.52, 36.10, 34.83, 0, 0, 4.29
2019/05/27 14:44:00, 24.25, 23.71, 23.53, 36.13, 34.86, 0, 0, 4.29
2019/05/27 14:45:00, 24.25, 23.68, 23.52, 36.04, 34.80, 0, 0, 4.28
2019/05/27 14:46:00, 24.25, 23.70, 23.51, 36.05, 34.80, 0, 0, 4.29
2019/05/27 14:47:00, 24.25, 23.70, 23.53, 36.05, 34.82, 0, 0, 4.29
2019/05/27 14:48:00, 24.25, 23.68, 23.51, 36.00, 34.80, 0, 0, 4.29
2019/05/27 14:49:00, 24.25, 23.67, 23.48, 35.99, 34.78, 0, 0, 4.29
2019/05/27 14:50:00, 24.25, 23.67, 23.48, 36.09, 34.84, 0, 0, 4.29
2019/05/27 14:51:00, 24.25, 23.65, 23.47, 36.10, 34.87, 0, 0, 4.28
2019/05/27 14:52:00, 24.25, 23.67, 23.45, 36.18, 34.93, 0, 0, 4.29
2019/05/27 14:53:00, 24.25, 23.68, 23.47, 36.14, 34.90, 0, 0, 4.29
2019/05/27 14:54:00, 24.25, 23.65, 23.45, 36.14, 34.90, 0, 0, 4.29
2019/05/27 14:55:00, 24.25, 23.63, 23.47, 36.26, 34.98, 0, 0, 4.28
2019/05/27 14:56:00, 24.25, 23.68, 23.48, 36.15, 34.96, 0, 0, 4.29
2019/05/27 14:57:00, 24.25, 23.64, 23.47, 36.12, 34.91, 0, 0, 4.29
2019/05/27 14:58:00, 24.25, 23.65, 23.49, 36.21, 34.94, 0, 0, 4.29
2019/05/27 14:59:00, 24.25, 23.70, 23.49, 36.22, 34.96, 0, 0, 4.29
2019/05/27 15:00:00, 24.25, 23.68, 23.50, 36.11, 34.90, 0, 0, 4.29
2019/05/27 15:01:00, 24.25, 23.67, 23.50, 36.08, 34.81, 0, 0, 4.29
2019/05/27 15:02:00, 24.25, 23.64, 23.46, 36.11, 34.88, 0, 0, 4.29
2019/05/27 15:03:00, 24.25, 23.67, 23.46, 36.11, 34.93, 0, 0, 4.29
2019/05/27 15:04:00, 24.25, 23.64, 23.46, 36.12, 34.87, 0, 0, 4.29
2019/05/27 15:05:00, 24.25, 23.67, 23.46, 36.15, 34.88, 0, 0, 4.29
2019/05/27 15:06:00, 24.25, 23.67, 23.48, 36.11, 34.89, 0, 0, 4.29
2019/05/27 15:07:00, 24.25, 23.65, 23.48, 36.10, 34.87, 0, 0, 4.29
2019/05/27 15:08:00, 24.25, 23.67, 23.47, 36.13, 34.87, 0, 0, 4.29
2019/05/27 15:09:00, 24.25, 23.65, 23.47, 36.15, 34.87, 0, 0, 4.29
2019/05/27 15:10:00, 24.25, 23.67, 23.47, 36.11, 34.87, 0, 0, 4.29
2019/05/27 15:11:00, 24.25, 23.70, 23.51, 36.14, 34.89, 0, 0, 4.28
2019/05/27 15:12:00, 24.25, 23.68, 23.51, 36.11, 34.87, 0, 0, 4.29
2019/05/27 15:13:00, 24.25, 23.68, 23.53, 36.04, 34.81, 0, 0, 4.29
2019/05/27 15:14:00, 24.25, 23.68, 23.48, 36.05, 34.81, 0, 0, 4.29
2019/05/27 15:15:00, 24.25, 23.70, 23.50, 36.11, 34.87, 0, 0, 4.29
2019/05/27 15:16:00, 24.25, 23.71, 23.50, 36.18, 34.93, 0, 0, 4.29
2019/05/27 15:17:00, 24.25, 23.71, 23.51, 36.16, 34.90, 0, 0, 4.29
2019/05/27 15:18:00, 24.25, 23.68, 23.50, 36.13, 34.87, 0, 0, 4.29
2019/05/27 15:19:00, 24.25, 23.70, 23.50, 36.10, 34.88, 0, 0, 4.29
2019/05/27 15:20:00, 24.25, 23.68, 23.46, 36.17, 34.89, 0, 0, 4.28
2019/05/27 15:21:00, 24.25, 23.67, 23.50, 36.26, 34.99, 0, 0, 4.29
2019/05/27 15:22:00, 24.25, 23.65, 23.48, 36.26, 35.03, 0, 0, 4.29
2019/05/27 15:23:00, 24.25, 23.71, 23.50, 36.35, 35.09, 0, 0, 4.29
2019/05/27 15:24:00, 24.25, 23.70, 23.50, 36.29, 35.08, 0, 0, 4.28
2019/05/27 15:25:00, 24.25, 23.67, 23.50, 36.33, 35.08, 0, 0, 4.28
2019/05/27 15:26:00, 24.25, 23.70, 23.48, 36.29, 35.06, 0, 0, 4.29
2019/05/27 15:27:00, 24.25, 23.70, 23.50, 36.26, 35.06, 0, 0, 4.29
2019/05/27 15:28:00, 24.25, 23.70, 23.49, 36.36, 35.11, 0, 0, 4.29
2019/05/27 15:29:00, 24.25, 23.67, 23.50, 36.41, 35.14, 0, 0, 4.29
2019/05/27 15:30:00, 24.25, 23.68, 23.50, 36.42, 35.19, 0, 0, 4.28
2019/05/27 15:31:00, 24.25, 23.70, 23.50, 36.39, 35.17, 0, 0, 4.29
2019/05/27 15:32:00, 24.25, 23.73, 23.50, 36.42, 35.20, 0, 0, 4.29
2019/05/27 15:33:00, 24.25, 23.68, 23.53, 36.36, 35.13, 0, 0, 4.28
2019/05/27 15:34:00, 24.25, 23.71, 23.53, 36.38, 35.14, 0, 0, 4.29
2019/05/27 15:35:00, 24.25, 23.74, 23.56, 36.59, 35.30, 0, 0, 4.28
2019/05/27 15:36:00, 24.25, 23.76, 23.56, 36.48, 35.25, 0, 0, 4.29
2019/05/27 15:37:00, 24.25, 23.77, 23.59, 36.43, 35.18, 0, 0, 4.29
2019/05/27 15:38:00, 24.25, 23.77, 23.60, 36.35, 35.10, 0, 0, 4.29
2019/05/27 15:39:00, 24.25, 23.79, 23.58, 36.35, 35.12, 0, 0, 4.28
2019/05/27 15:40:00, 24.25, 23.79, 23.58, 36.44, 35.20, 0, 0, 4.29
2019/05/27 15:41:00, 24.25, 23.80, 23.58, 36.38, 35.15, 0, 0, 4.28
2019/05/27 15:42:00, 24.25, 23.81, 23.62, 36.38, 35.15, 0, 0, 4.29
2019/05/27 15:43:00, 24.25, 23.79, 23.61, 36.30, 35.09, 0, 0, 4.29
2019/05/27 15:44:00, 24.25, 23.80, 23.60, 36.38, 35.15, 0, 0, 4.28
2019/05/27 15:45:00, 24.25, 23.83, 23.63, 36.31, 35.12, 0, 0, 4.28
2019/05/27 15:46:00, 24.25, 23.83, 23.58, 36.25, 35.00, 0, 0, 4.29
2019/05/27 15:47:00, 24.25, 23.83, 23.61, 36.26, 35.05, 0, 0, 4.28
2019/05/27 15:48:00, 24.25, 23.81, 23.61, 36.31, 35.08, 0, 0, 4.28
2019/05/27 15:49:00, 24.25, 23.84, 23.60, 36.20, 34.96, 0, 0, 4.29
2019/05/27 15:50:00, 24.25, 23.80, 23.61, 36.18, 34.95, 0, 0, 4.28
2019/05/27 15:51:00, 24.25, 23.81, 23.60, 36.18, 34.96, 0, 0, 4.28
2019/05/27 15:52:00, 24.25, 23.81, 23.63, 36.26, 34.97, 0, 0, 4.29
2019/05/27 15:53:00, 24.25, 23.81, 23.62, 36.23, 35.00, 0, 0, 4.29
2019/05/27 15:54:00, 24.25, 23.80, 23.63, 36.15, 34.92, 0, 0, 4.29
2019/05/27 15:55:00, 24.25, 23.81, 23.62, 36.12, 34.93, 0, 0, 4.29
2019/05/27 15:56:00, 24.25, 23.83, 23.62, 36.05, 34.84, 0, 0, 4.28
2019/05/27 15:57:00, 24.25, 23.83, 23.62, 36.07, 34.80, 0, 0, 4.29
2019/05/27 15:58:00, 24.25, 23.83, 23.63, 36.06, 34.84, 0, 0, 4.28
2019/05/27 15:59:00, 24.25, 23.81, 23.63, 36.01, 34.80, 0, 0, 4.28
2019/05/27 16:00:00, 24.25, 23.85, 23.64, 36.01, 34.77, 0, 0, 4.28
2019/05/27 16:01:00, 24.25, 23.84, 23.64, 35.95, 34.74, 0, 0, 4.28
2019/05/27 16:02:00, 24.25, 23.84, 23.65, 35.91, 34.71, 0, 0, 4.29
2019/05/27 16:03:00, 24.25, 23.83, 23.66, 35.90, 34.67, 0, 0, 4.28
2019/05/27 16:04:00, 24.25, 23.84, 23.66, 35.92, 34.67, 0, 0, 4.28
2019/05/27 16:05:00, 24.25, 23.85, 23.66, 35.92, 34.65, 0, 0, 4.28
2019/05/27 16:06:00, 24.25, 23.85, 23.64, 35.92, 34.67, 0, 0, 4.28
2019/05/27 16:07:00, 24.25, 23.85, 23.66, 35.89, 34.64, 0, 0, 4.29
2019/05/27 16:08:00, 24.25, 23.85, 23.67, 35.91, 34.67, 0, 0, 4.29
2019/05/27 16:09:00, 24.25, 23.87, 23.66, 35.88, 34.63, 0, 0, 4.29
2019/05/27 16:10:00, 24.25, 23.85, 23.67, 35.91, 34.63, 0, 0, 4.29
2019/05/27 16:11:00, 24.25, 23.85, 23.67, 35.92, 34.67, 0, 0, 4.28
2019/05/27 16:12:00, 24.25, 23.85, 23.67, 35.89, 34.66, 0, 0, 4.28
2019/05/27 16:13:00, 24.25, 23.87, 23.66, 35.80, 34.58, 0, 0, 4.28
2019/05/27 16:14:00, 24.25, 23.83, 23.64, 36.02, 34.72, 0, 0, 4.28
2019/05/27 16:15:00, 24.25, 23.84, 23.66, 36.03, 34.77, 0, 0, 4.28
2019/05/27 16:16:00, 24.25, 23.85, 23.67, 35.92, 34.71, 0, 0, 4.29
2019/05/27 16:17:00, 24.25, 23.87, 23.67, 35.85, 34.64, 0, 0, 4.29
2019/05/27 16:18:00, 24.25, 23.88, 23.67, 35.84, 34.61, 0, 0, 4.29
2019/05/27 16:19:00, 24.25, 23.85, 23.67, 35.77, 34.59, 0, 0, 4.29
2019/05/27 16:20:00, 24.25, 23.84, 23.65, 35.84, 34.57, 0, 0, 4.29
2019/05/27 16:21:00, 24.25, 23.88, 23.68, 35.86, 34.58, 0, 0, 4.28
2019/05/27 16:22:00, 24.25, 23.85, 23.65, 35.87, 34.58, 0, 0, 4.28
2019/05/27 16:23:00, 24.25, 23.87, 23.67, 35.81, 34.57, 0, 0, 4.28
2019/05/27 16:24:00, 24.25, 23.87, 23.68, 35.85, 34.57, 0, 0, 4.29
2019/05/27 16:25:00, 24.25, 23.87, 23.67, 35.88, 34.63, 0, 0, 4.28
2019/05/27 16:26:00, 24.25, 23.90, 23.68, 35.87, 34.61, 0, 0, 4.28
2019/05/27 16:27:00, 24.25, 23.85, 23.67, 35.80, 34.58, 0, 0, 4.28
2019/05/27 16:28:00, 24.25, 23.88, 23.69, 35.85, 34.61, 0, 0, 4.29
2019/05/27 16:29:00, 24.25, 23.85, 23.65, 35.78, 34.58, 0, 0, 4.29
2019/05/27 16:30:00, 24.25, 23.85, 23.65, 35.89, 34.61, 0, 0, 4.28
2019/05/27 16:31:00, 24.25, 23.87, 23.64, 35.83, 34.64, 0, 0, 4.29
2019/05/27 16:32:00, 24.25, 23.85, 23.68, 35.94, 34.71, 0, 0, 4.29
2019/05/27 16:33:00, 24.25, 23.84, 23.67, 35.97, 34.71, 0, 0, 4.29
2019/05/27 16:34:00, 24.25, 23.85, 23.68, 35.96, 34.71, 0, 0, 4.28
2019/05/27 16:35:00, 24.25, 23.88, 23.68, 35.95, 34.71, 0, 0, 4.28
2019/05/27 16:36:00, 24.25, 23.88, 23.69, 35.95, 34.69, 0, 0, 4.29
2019/05/27 16:37:00, 24.25, 23.88, 23.69, 35.92, 34.70, 0, 0, 4.28
2019/05/27 16:38:00, 24.25, 23.88, 23.71, 35.93, 34.68, 0, 0, 4.28
2019/05/27 16:39:00, 24.25, 23.90, 23.71, 35.92, 34.69, 0, 0, 4.28
2019/05/27 16:40:00, 24.25, 23.85, 23.67, 35.90, 34.68, 0, 0, 4.28
2019/05/27 16:41:00, 24.25, 23.85, 23.66, 35.99, 34.72, 0, 0, 4.28
2019/05/27 16:42:00, 24.25, 23.85, 23.66, 36.05, 34.80, 0, 0, 4.28
2019/05/27 16:43:00, 24.25, 23.87, 23.69, 36.05, 34.81, 0, 0, 4.28
2019/05/27 16:44:00, 24.25, 23.88, 23.69, 36.06, 34.82, 0, 0, 4.28
2019/05/27 16:45:00, 24.25, 23.87, 23.67, 36.04, 34.79, 0, 0, 4.28
2019/05/27 16:46:00, 24.25, 23.88, 23.69, 36.06, 34.80, 0, 0, 4.29
2019/05/27 16:47:00, 24.25, 23.90, 23.67, 35.99, 34.79, 0, 0, 4.29
2019/05/27 16:48:00, 24.25, 23.87, 23.69, 35.97, 34.77, 0, 0, 4.29
2019/05/27 16:49:00, 24.25, 23.87, 23.69, 36.00, 34.78, 0, 0, 4.28
2019/05/27 16:50:00, 24.25, 23.87, 23.71, 35.96, 34.71, 0, 0, 4.28
2019/05/27 16:51:00, 24.25, 23.85, 23.66, 35.91, 34.66, 0, 0, 4.28
2019/05/27 16:52:00, 24.25, 23.85, 23.66, 35.92, 34.67, 0, 0, 4.28
2019/05/27 16:53:00, 24.25, 23.87, 23.67, 35.95, 34.71, 0, 0, 4.28
2019/05/27 16:54:00, 24.25, 23.85, 23.67, 35.97, 34.73, 0, 0, 4.28
2019/05/27 16:55:00, 24.25, 23.88, 23.66, 35.91, 34.67, 0, 0, 4.28
2019/05/27 16:56:00, 24.25, 23.87, 23.68, 35.84, 34.64, 0, 0, 4.28
2019/05/27 16:57:00, 24.25, 23.85, 23.68, 35.87, 34.61, 0, 0, 4.28
2019/05/27 16:58:00, 24.25, 23.88, 23.68, 35.85, 34.61, 0, 0, 4.28
2019/05/27 16:59:00, 24.25, 23.87, 23.67, 35.73, 34.53, 0, 0, 4.28
2019/05/27 17:00:00, 24.25, 23.87, 23.69, 35.73, 34.51, 0, 0, 4.28
2019/05/27 17:01:00, 24.25, 23.87, 23.66, 35.75, 34.49, 0, 0, 4.29
2019/05/27 17:02:00, 24.25, 23.85, 23.66, 35.76, 34.50, 0, 0, 4.28
2019/05/27 17:03:00, 24.25, 23.84, 23.65, 35.64, 34.45, 0, 0, 4.28
2019/05/27 17:04:00, 24.25, 23.84, 23.61, 35.61, 34.38, 0, 0, 4.28
2019/05/27 17:05:00, 24.25, 23.81, 23.62, 35.58, 34.38, 0, 0, 4.28
2019/05/27 17:06:00, 24.25, 23.81, 23.61, 35.67, 34.39, 0, 0, 4.28
2019/05/27 17:07:00, 24.25, 23.83, 23.63, 35.74, 34.48, 0, 0, 4.28
2019/05/27 17:08:00, 24.25, 23.81, 23.63, 35.66, 34.42, 0, 0, 4.28
2019/05/27 17:09:00, 24.25, 23.83, 23.61, 35.62, 34.36, 0, 0, 4.29
2019/05/27 17:10:00, 24.25, 23.80, 23.60, 35.57, 34.33, 0, 0, 4.28
2019/05/27 17:11:00, 24.25, 23.80, 23.60, 35.56, 34.32, 0, 0, 4.28
2019/05/27 17:12:00, 24.25, 23.81, 23.60, 35.58, 34.34, 0, 0, 4.29
2019/05/27 17:13:00, 24.25, 23.80, 23.62, 35.51, 34.26, 0, 0, 4.29
2019/05/27 17:14:00, 24.25, 23.81, 23.60, 35.47, 34.26, 0, 0, 4.29
2019/05/27 17:15:00, 24.25, 23.79, 23.60, 35.45, 34.20, 0, 0, 4.28
2019/05/27 17:16:00, 24.25, 23.80, 23.62, 35.47, 34.19, 0, 0, 4.29
2019/05/27 17:17:00, 24.25, 23.80, 23.61, 35.39, 34.18, 0, 0, 4.28
2019/05/27 17:18:00, 24.25, 23.81, 23.62, 35.41, 34.15, 0, 0, 4.28
2019/05/27 17:19:00, 24.25, 23.81, 23.60, 35.30, 34.06, 0, 0, 4.29
2019/05/27 17:20:00, 24.25, 23.77, 23.59, 35.21, 34.00, 0, 0, 4.28
2019/05/27 17:21:00, 24.25, 23.77, 23.57, 35.23, 34.01, 0, 0, 4.28
2019/05/27 17:22:00, 24.25, 23.74, 23.56, 35.25, 34.05, 0, 0, 4.28
2019/05/27 17:23:00, 24.25, 23.77, 23.54, 35.29, 34.06, 0, 0, 4.28
2019/05/27 17:24:00, 24.25, 23.73, 23.54, 35.28, 34.04, 0, 0, 4.28
2019/05/27 17:25:00, 24.25, 23.73, 23.54, 35.27, 34.03, 0, 0, 4.28
2019/05/27 17:26:00, 24.25, 23.74, 23.56, 35.17, 33.97, 0, 0, 4.28
2019/05/27 17:27:00, 24.25, 23.73, 23.51, 35.16, 33.93, 0, 0, 4.29
2019/05/27 17:28:00, 24.25, 23.74, 23.53, 35.23, 33.98, 0, 0, 4.28
2019/05/27 17:29:00, 24.25, 23.71, 23.52, 35.13, 33.91, 0, 0, 4.28
2019/05/27 17:30:00, 24.25, 23.71, 23.53, 35.11, 33.90, 0, 0, 4.29
2019/05/27 17:31:00, 24.25, 23.74, 23.54, 35.12, 33.90, 0, 0, 4.28
2019/05/27 17:32:00, 24.25, 23.74, 23.56, 35.13, 33.88, 0, 0, 4.29
2019/05/27 17:33:00, 24.25, 23.76, 23.56, 35.02, 33.87, 0, 0, 4.28
2019/05/27 17:34:00, 24.25, 23.74, 23.52, 35.08, 33.85, 0, 0, 4.28
2019/05/27 17:35:00, 24.25, 23.71, 23.53, 35.03, 33.81, 0, 0, 4.29
2019/05/27 17:36:00, 24.25, 23.70, 23.50, 35.01, 33.75, 0, 0, 4.28
2019/05/27 17:37:00, 24.25, 23.70, 23.47, 35.06, 33.86, 0, 0, 4.29
2019/05/27 17:38:00, 24.25, 23.71, 23.50, 35.09, 33.87, 0, 0, 4.28
2019/05/27 17:39:00, 24.25, 23.67, 23.50, 35.06, 33.83, 0, 0, 4.28
2019/05/27 17:40:00, 24.25, 23.68, 23.47, 35.05, 33.79, 0, 0, 4.29
2019/05/27 17:41:00, 24.25, 23.68, 23.48, 35.07, 33.82, 0, 0, 4.28
2019/05/27 17:42:00, 24.25, 23.65, 23.48, 35.07, 33.85, 0, 0, 4.28
2019/05/27 17:43:00, 24.25, 23.70, 23.47, 35.05, 33.80, 0, 0, 4.28
2019/05/27 17:44:00, 24.25, 23.65, 23.47, 35.02, 33.79, 0, 0, 4.28
2019/05/27 17:45:00, 24.25, 23.67, 23.47, 35.01, 33.79, 0, 0, 4.28
2019/05/27 17:46:00, 24.25, 23.67, 23.46, 35.05, 33.77, 0, 0, 4.28
2019/05/27 17:47:00, 24.25, 23.67, 23.46, 34.95, 33.69, 0, 0, 4.28
2019/05/27 17:48:00, 24.25, 23.64, 23.46, 34.91, 33.67, 0, 0, 4.28
2019/05/27 17:49:00, 24.25, 23.65, 23.47, 34.98, 33.71, 0, 0, 4.29
2019/05/27 17:50:00, 24.25, 23.67, 23.47, 34.97, 33.71, 0, 0, 4.28
2019/05/27 17:51:00, 24.25, 23.67, 23.47, 34.81, 33.65, 0, 0, 4.28
2019/05/27 17:52:00, 24.25, 23.67, 23.47, 34.86, 33.62, 0, 0, 4.29
2019/05/27 17:53:00, 24.25, 23.67, 23.48, 34.83, 33.60, 0, 0, 4.28
2019/05/27 17:54:00, 24.25, 23.67, 23.48, 34.82, 33.60, 0, 0, 4.28
2019/05/27 17:55:00, 24.25, 23.68, 23.50, 34.81, 33.56, 0, 0, 4.28
2019/05/27 17:56:00, 24.25, 23.64, 23.45, 34.71, 33.46, 0, 0, 4.28
2019/05/27 17:57:00, 24.25, 23.64, 23.46, 34.79, 33.52, 0, 0, 4.28
2019/05/27 17:58:00, 24.25, 23.65, 23.47, 34.85, 33.56, 0, 0, 4.28
2019/05/27 17:59:00, 24.25, 23.67, 23.45, 34.78, 33.57, 0, 0, 4.28
2019/05/27 18:00:00, 24.25, 23.65, 23.47, 34.77, 33.54, 0, 0, 4.28
2019/05/27 18:01:00, 24.25, 23.67, 23.45, 34.72, 33.48, 0, 0, 4.28
2019/05/27 18:02:00, 24.25, 23.64, 23.44, 34.77, 33.51, 0, 0, 4.28
2019/05/27 18:03:00, 24.25, 23.64, 23.43, 34.80, 33.55, 0, 0, 4.28
2019/05/27 18:04:00, 24.25, 23.61, 23.44, 34.82, 33.60, 0, 0, 4.28
2019/05/27 18:05:00, 24.25, 23.65, 23.45, 34.90, 33.61, 0, 0, 4.28
2019/05/27 18:06:00, 24.25, 23.65, 23.48, 34.88, 33.62, 0, 0, 4.28
2019/05/27 18:07:00, 24.25, 23.67, 23.47, 34.86, 33.63, 0, 0, 4.29
2019/05/27 18:08:00, 24.25, 23.65, 23.49, 34.81, 33.58, 0, 0, 4.28
2019/05/27 18:09:00, 24.25, 23.67, 23.50, 34.83, 33.54, 0, 0, 4.29
2019/05/27 18:10:00, 24.25, 23.68, 23.49, 34.77, 33.56, 0, 0, 4.28
2019/05/27 18:11:00, 24.25, 23.71, 23.50, 34.74, 33.52, 0, 0, 4.28
2019/05/27 18:12:00, 24.25, 23.73, 23.53, 34.78, 33.55, 0, 0, 4.28
2019/05/27 18:13:00, 24.25, 23.71, 23.54, 34.80, 33.52, 0, 0, 4.28
2019/05/27 18:14:00, 24.25, 23.70, 23.54, 34.74, 33.50, 0, 0, 4.28
2019/05/27 18:15:00, 24.25, 23.73, 23.56, 34.76, 33.51, 0, 0, 4.28
2019/05/27 18:16:00, 24.25, 23.74, 23.56, 34.74, 33.50, 0, 0, 4.28
2019/05/27 18:17:00, 24.25, 23.76, 23.57, 34.73, 33.49, 0, 0, 4.28
2019/05/27 18:18:00, 24.25, 23.79, 23.57, 34.75, 33.45, 0, 0, 4.29
2019/05/27 18:19:00, 24.25, 23.74, 23.56, 34.68, 33.45, 0, 0, 4.28
2019/05/27 18:20:00, 24.25, 23.74, 23.54, 34.72, 33.45, 0, 0, 4.28
2019/05/27 18:21:00, 24.25, 23.74, 23.57, 34.73, 33.45, 0, 0, 4.28
2019/05/27 18:22:00, 24.25, 23.73, 23.57, 34.76, 33.47, 0, 0, 4.28
2019/05/27 18:23:00, 24.25, 23.74, 23.58, 34.68, 33.45, 0, 0, 4.28
2019/05/27 18:24:00, 24.25, 23.77, 23.57, 34.75, 33.47, 0, 0, 4.28
2019/05/27 18:25:00, 24.25, 23.76, 23.58, 34.71, 33.48, 0, 0, 4.28
2019/05/27 18:26:00, 24.25, 23.79, 23.58, 34.67, 33.45, 0, 0, 4.28
2019/05/27 18:27:00, 24.25, 23.77, 23.58, 34.65, 33.42, 0, 0, 4.28
2019/05/27 18:28:00, 24.25, 23.76, 23.57, 34.71, 33.43, 0, 0, 4.28
2019/05/27 18:29:00, 24.25, 23.77, 23.58, 34.72, 33.48, 0, 0, 4.28
2019/05/27 18:30:00, 24.25, 23.77, 23.57, 34.72, 33.44, 0, 0, 4.29
2019/05/27 18:31:00, 24.25, 23.74, 23.56, 34.69, 33.43, 0, 0, 4.28
2019/05/27 18:32:00, 24.25, 23.77, 23.57, 34.75, 33.44, 0, 0, 4.28
2019/05/27 18:33:00, 24.25, 23.79, 23.57, 34.64, 33.42, 0, 0, 4.28
2019/05/27 18:34:00, 24.25, 23.74, 23.57, 34.70, 33.45, 0, 0, 4.28
2019/05/27 18:35:00, 24.25, 23.76, 23.57, 34.72, 33.47, 0, 0, 4.28
2019/05/27 18:36:00, 24.25, 23.74, 23.57, 34.74, 33.45, 0, 0, 4.28
2019/05/27 18:37:00, 24.25, 23.77, 23.59, 34.64, 33.45, 0, 0, 4.28
2019/05/27 18:38:00, 24.25, 23.76, 23.57, 34.68, 33.42, 0, 0, 4.28
2019/05/27 18:39:00, 24.25, 23.79, 23.58, 34.65, 33.40, 0, 0, 4.28
2019/05/27 18:40:00, 24.25, 23.77, 23.59, 34.67, 33.42, 0, 0, 4.28
2019/05/27 18:41:00, 24.25, 23.79, 23.58, 34.67, 33.40, 0, 0, 4.28
2019/05/27 18:42:00, 24.25, 23.77, 23.58, 34.64, 33.40, 0, 0, 4.28
2019/05/27 18:43:00, 24.25, 23.79, 23.59, 34.68, 33.40, 0, 0, 4.28
2019/05/27 18:44:00, 24.25, 23.79, 23.58, 34.64, 33.39, 0, 0, 4.28
2019/05/27 18:45:00, 24.25, 23.77, 23.57, 34.63, 33.36, 0, 0, 4.28
2019/05/27 18:46:00, 24.25, 23.77, 23.58, 34.72, 33.42, 0, 0, 4.29
2019/05/27 18:47:00, 24.25, 23.80, 23.58, 34.63, 33.40, 0, 0, 4.28
2019/05/27 18:48:00, 24.25, 23.80, 23.59, 34.71, 33.40, 0, 0, 4.29
2019/05/27 18:49:00, 24.25, 23.77, 23.58, 34.62, 33.34, 0, 0, 4.28
2019/05/27 18:50:00, 24.25, 23.79, 23.57, 34.65, 33.36, 0, 0, 4.28
2019/05/27 18:51:00, 24.25, 23.76, 23.57, 34.59, 33.35, 0, 0, 4.28
2019/05/27 18:52:00, 24.25, 23.79, 23.60, 34.67, 33.37, 0, 0, 4.28
2019/05/27 18:53:00, 24.25, 23.79, 23.57, 34.63, 33.38, 0, 0, 4.28
2019/05/27 18:54:00, 24.25, 23.77, 23.58, 34.71, 33.39, 0, 0, 4.29
2019/05/27 18:55:00, 24.25, 23.77, 23.58, 34.64, 33.39, 0, 0, 4.28
2019/05/27 18:56:00, 24.25, 23.77, 23.60, 34.60, 33.37, 0, 0, 4.28
2019/05/27 18:57:00, 24.25, 23.79, 23.59, 34.66, 33.39, 0, 0, 4.28
2019/05/27 18:58:00, 24.25, 23.79, 23.58, 34.60, 33.37, 0, 0, 4.28
2019/05/27 18:59:00, 24.25, 23.79, 23.60, 34.67, 33.37, 0, 0, 4.28
2019/05/27 19:00:00, 24.25, 23.77, 23.59, 34.63, 33.39, 0, 0, 4.28
2019/05/27 19:01:00, 24.25, 23.79, 23.60, 34.63, 33.39, 0, 0, 4.28
2019/05/27 19:02:00, 24.25, 23.79, 23.58, 34.64, 33.39, 0, 0, 4.28
2019/05/27 19:03:00, 24.25, 23.79, 23.60, 34.70, 33.40, 0, 0, 4.28
2019/05/27 19:04:00, 24.25, 23.80, 23.57, 34.62, 33.39, 0, 0, 4.28
2019/05/27 19:05:00, 24.25, 23.77, 23.59, 34.62, 33.35, 0, 0, 4.28
2019/05/27 19:06:00, 24.25, 23.77, 23.60, 34.62, 33.37, 0, 0, 4.28
2019/05/27 19:07:00, 24.25, 23.79, 23.60, 34.66, 33.41, 0, 0, 4.28
2019/05/27 19:08:00, 24.25, 23.77, 23.60, 34.60, 33.37, 0, 0, 4.28
2019/05/27 19:09:00, 24.25, 23.79, 23.61, 34.62, 33.36, 0, 0, 4.29
2019/05/27 19:10:00, 24.25, 23.79, 23.58, 34.62, 33.37, 0, 0, 4.28
2019/05/27 19:11:00, 24.25, 23.79, 23.59, 34.60, 33.37, 0, 0, 4.28
2019/05/27 19:12:00, 24.25, 23.74, 23.58, 34.56, 33.36, 0, 0, 4.28
2019/05/27 19:13:00, 24.25, 23.77, 23.59, 34.65, 33.34, 0, 0, 4.28
2019/05/27 19:14:00, 24.25, 23.79, 23.58, 34.56, 33.35, 0, 0, 4.28
2019/05/27 19:15:00, 24.25, 23.76, 23.59, 34.60, 33.34, 0, 0, 4.28
2019/05/27 19:16:00, 24.25, 23.77, 23.59, 34.58, 33.35, 0, 0, 4.28
2019/05/27 19:17:00, 24.25, 23.77, 23.60, 34.63, 33.37, 0, 0, 4.28
2019/05/27 19:18:00, 24.25, 23.79, 23.59, 34.55, 33.36, 0, 0, 4.28
2019/05/27 19:19:00, 24.25, 23.77, 23.59, 34.55, 33.34, 0, 0, 4.28
2019/05/27 19:20:00, 24.25, 23.80, 23.60, 34.58, 33.32, 0, 0, 4.28
2019/05/27 19:21:00, 24.25, 23.79, 23.60, 34.60, 33.33, 0, 0, 4.28
2019/05/27 19:22:00, 24.25, 23.79, 23.60, 34.54, 33.33, 0, 0, 4.28
2019/05/27 19:23:00, 24.25, 23.79, 23.60, 34.52, 33.30, 0, 0, 4.28
2019/05/27 19:24:00, 24.25, 23.79, 23.59, 34.62, 33.36, 0, 0, 4.28
2019/05/27 19:25:00, 24.25, 23.80, 23.59, 34.53, 33.31, 0, 0, 4.28
2019/05/27 19:26:00, 24.25, 23.80, 23.58, 34.62, 33.34, 0, 0, 4.28
2019/05/27 19:27:00, 24.25, 23.77, 23.58, 34.55, 33.36, 0, 0, 4.28
2019/05/27 19:28:00, 24.25, 23.79, 23.58, 34.66, 33.34, 0, 0, 4.28
2019/05/27 19:29:00, 24.25, 23.79, 23.59, 34.63, 33.36, 0, 0, 4.28
2019/05/27 19:30:00, 24.25, 23.79, 23.60, 34.62, 33.36, 0, 0, 4.28
2019/05/27 19:31:00, 24.25, 23.81, 23.61, 34.55, 33.36, 0, 0, 4.28
2019/05/27 19:32:00, 24.25, 23.79, 23.61, 34.60, 33.35, 0, 0, 4.28
2019/05/27 19:33:00, 24.25, 23.79, 23.60, 34.63, 33.36, 0, 0, 4.28
2019/05/27 19:34:00, 24.25, 23.76, 23.54, 34.54, 33.30, 0, 0, 4.28
2019/05/27 19:35:00, 24.25, 23.76, 23.56, 34.67, 33.37, 0, 0, 4.28
2019/05/27 19:36:00, 24.25, 23.74, 23.57, 34.73, 33.48, 0, 0, 4.28
2019/05/27 19:37:00, 24.25, 23.74, 23.58, 34.78, 33.50, 0, 0, 4.28
2019/05/27 19:38:00, 24.25, 23.77, 23.57, 34.71, 33.43, 0, 0, 4.28
2019/05/27 19:39:00, 24.25, 23.77, 23.59, 34.65, 33.40, 0, 0, 4.28
2019/05/27 19:40:00, 24.25, 23.76, 23.59, 34.67, 33.42, 0, 0, 4.28
2019/05/27 19:41:00, 24.25, 23.77, 23.60, 34.67, 33.40, 0, 0, 4.28
2019/05/27 19:42:00, 24.25, 23.79, 23.60, 34.66, 33.38, 0, 0, 4.28
2019/05/27 19:43:00, 24.25, 23.77, 23.59, 34.60, 33.39, 0, 0, 4.28
2019/05/27 19:44:00, 24.25, 23.80, 23.59, 34.63, 33.37, 0, 0, 4.28
2019/05/27 19:45:00, 24.25, 23.79, 23.59, 34.67, 33.37, 0, 0, 4.28
2019/05/27 19:46:00, 24.25, 23.77, 23.57, 34.59, 33.37, 0, 0, 4.28
2019/05/27 19:47:00, 24.25, 23.76, 23.58, 34.69, 33.38, 0, 0, 4.28
2019/05/27 19:48:00, 24.25, 23.76, 23.57, 34.64, 33.38, 0, 0, 4.28
2019/05/27 19:49:00, 24.25, 23.79, 23.58, 34.70, 33.41, 0, 0, 4.28
2019/05/27 19:50:00, 24.25, 23.77, 23.59, 34.67, 33.42, 0, 0, 4.28
2019/05/27 19:51:00, 24.25, 23.79, 23.58, 34.63, 33.37, 0, 0, 4.28
2019/05/27 19:52:00, 24.25, 23.77, 23.57, 34.67, 33.39, 0, 0, 4.28
2019/05/27 19:53:00, 24.25, 23.77, 23.57, 34.63, 33.39, 0, 0, 4.28
2019/05/27 19:54:00, 24.25, 23.73, 23.54, 34.70, 33.42, 0, 0, 4.28
2019/05/27 19:55:00, 24.25, 23.76, 23.57, 34.69, 33.42, 0, 0, 4.28
2019/05/27 19:56:00, 24.25, 23.76, 23.57, 34.69, 33.41, 0, 0, 4.28
2019/05/27 19:57:00, 24.25, 23.77, 23.56, 34.65, 33.39, 0, 0, 4.28
2019/05/27 19:58:00, 24.25, 23.74, 23.56, 34.70, 33.38, 0, 0, 4.28
2019/05/27 19:59:00, 24.25, 23.76, 23.56, 34.68, 33.39, 0, 0, 4.28
2019/05/27 20:00:00, 24.25, 23.76, 23.54, 34.64, 33.40, 0, 0, 4.28
2019/05/27 20:01:00, 24.25, 23.71, 23.57, 34.64, 33.38, 0, 0, 4.28
2019/05/27 20:02:00, 24.25, 23.74, 23.57, 34.71, 33.40, 0, 0, 4.28
2019/05/27 20:03:00, 24.25, 23.77, 23.56, 34.65, 33.39, 0, 0, 4.28
2019/05/27 20:04:00, 24.25, 23.77, 23.57, 34.70, 33.40, 0, 0, 4.28
2019/05/27 20:05:00, 24.25, 23.77, 23.56, 34.64, 33.39, 0, 0, 4.28
2019/05/27 20:06:00, 24.25, 23.74, 23.56, 34.64, 33.38, 0, 0, 4.29
2019/05/27 20:07:00, 24.25, 23.77, 23.56, 34.60, 33.36, 0, 0, 4.28
2019/05/27 20:08:00, 24.25, 23.74, 23.54, 34.65, 33.37, 0, 0, 4.28
2019/05/27 20:09:00, 24.25, 23.76, 23.54, 34.65, 33.38, 0, 0, 4.28
2019/05/27 20:10:00, 24.25, 23.76, 23.56, 34.64, 33.37, 0, 0, 4.28
2019/05/27 20:11:00, 24.25, 23.73, 23.56, 34.68, 33.36, 0, 0, 4.28
2019/05/27 20:12:00, 24.25, 23.73, 23.52, 34.60, 33.38, 0, 0, 4.28
2019/05/27 20:13:00, 24.25, 23.73, 23.54, 34.61, 33.35, 0, 0, 4.28
2019/05/27 20:14:00, 24.25, 23.74, 23.53, 34.70, 33.40, 0, 0, 4.28
2019/05/27 20:15:00, 24.25, 23.74, 23.52, 34.73, 33.39, 0, 0, 4.28
2019/05/27 20:16:00, 24.25, 23.70, 23.51, 34.72, 33.45, 0, 0, 4.28
2019/05/27 20:17:00, 24.25, 23.73, 23.53, 34.69, 33.42, 0, 0, 4.28
2019/05/27 20:18:00, 24.25, 23.71, 23.51, 34.61, 33.38, 0, 0, 4.28
2019/05/27 20:19:00, 24.25, 23.71, 23.51, 34.69, 33.40, 0, 0, 4.28
2019/05/27 20:20:00, 24.25, 23.71, 23.49, 34.77, 33.45, 0, 0, 4.28
2019/05/27 20:21:00, 24.25, 23.68, 23.50, 34.78, 33.48, 0, 0, 4.28
2019/05/27 20:22:00, 24.25, 23.68, 23.50, 34.77, 33.46, 0, 0, 4.28
2019/05/27 20:23:00, 24.25, 23.68, 23.50, 34.74, 33.48, 0, 0, 4.28
2019/05/27 20:24:00, 24.25, 23.70, 23.51, 34.71, 33.44, 0, 0, 4.28
2019/05/27 20:25:00, 24.25, 23.67, 23.49, 34.81, 33.50, 0, 0, 4.28
2019/05/27 20:26:00, 24.25, 23.70, 23.50, 34.76, 33.49, 0, 0, 4.28
2019/05/27 20:27:00, 24.25, 23.68, 23.52, 34.74, 33.45, 0, 0, 4.28
2019/05/27 20:28:00, 24.25, 23.68, 23.50, 34.79, 33.47, 0, 0, 4.28
2019/05/27 20:29:00, 24.25, 23.70, 23.50, 34.73, 33.46, 0, 0, 4.28
2019/05/27 20:30:00, 24.25, 23.70, 23.47, 34.77, 33.50, 0, 0, 4.28
2019/05/27 20:31:00, 24.25, 23.68, 23.49, 34.74, 33.52, 0, 0, 4.28
2019/05/27 20:32:00, 24.25, 23.68, 23.49, 34.77, 33.50, 0, 0, 4.28
2019/05/27 20:33:00, 24.00, 23.68, 23.45, 34.76, 33.48, 0, 0, 4.28
2019/05/27 20:34:00, 24.00, 23.67, 23.50, 34.82, 33.54, 0, 0, 4.28
2019/05/27 20:35:00, 24.00, 23.64, 23.45, 34.79, 33.54, 0, 0, 4.28
2019/05/27 20:36:00, 24.25, 23.65, 23.48, 34.82, 33.57, 0, 0, 4.28
2019/05/27 20:37:00, 24.00, 23.65, 23.48, 34.85, 33.56, 0, 0, 4.28
2019/05/27 20:38:00, 24.25, 23.67, 23.48, 34.82, 33.57, 0, 0, 4.28
2019/05/27 20:39:00, 24.00, 23.67, 23.49, 34.81, 33.55, 0, 0, 4.28
2019/05/27 20:40:00, 24.00, 23.67, 23.47, 34.83, 33.55, 0, 0, 4.28
2019/05/27 20:41:00, 24.00, 23.64, 23.47, 34.83, 33.55, 0, 0, 4.28
2019/05/27 20:42:00, 24.00, 23.65, 23.47, 34.81, 33.54, 0, 0, 4.28
2019/05/27 20:43:00, 24.00, 23.65, 23.47, 34.83, 33.56, 0, 0, 4.28
2019/05/27 20:44:00, 24.00, 23.64, 23.47, 34.81, 33.56, 0, 0, 4.28
2019/05/27 20:45:00, 24.00, 23.65, 23.48, 34.79, 33.53, 0, 0, 4.28
2019/05/27 20:46:00, 24.00, 23.63, 23.46, 34.83, 33.55, 0, 0, 4.28
2019/05/27 20:47:00, 24.00, 23.64, 23.49, 34.85, 33.58, 0, 0, 4.28
2019/05/27 20:48:00, 24.00, 23.67, 23.47, 34.90, 33.60, 0, 0, 4.28
2019/05/27 20:49:00, 24.00, 23.67, 23.45, 34.87, 33.61, 0, 0, 4.28
2019/05/27 20:50:00, 24.00, 23.63, 23.44, 34.87, 33.61, 0, 0, 4.28
2019/05/27 20:51:00, 24.00, 23.64, 23.45, 34.86, 33.58, 0, 0, 4.29
2019/05/27 20:52:00, 24.00, 23.63, 23.46, 34.85, 33.59, 0, 0, 4.28
2019/05/27 20:53:00, 24.00, 23.61, 23.45, 34.86, 33.60, 0, 0, 4.28
2019/05/27 20:54:00, 24.00, 23.61, 23.44, 34.90, 33.62, 0, 0, 4.28
2019/05/27 20:55:00, 24.00, 23.61, 23.44, 34.99, 33.67, 0, 0, 4.28
2019/05/27 20:56:00, 24.00, 23.63, 23.43, 34.88, 33.66, 0, 0, 4.28
2019/05/27 20:57:00, 24.00, 23.60, 23.41, 34.95, 33.68, 0, 0, 4.28
2019/05/27 20:58:00, 24.00, 23.61, 23.42, 34.92, 33.69, 0, 0, 4.28
2019/05/27 20:59:00, 24.00, 23.64, 23.45, 35.03, 33.71, 0, 0, 4.29
2019/05/27 21:00:00, 24.00, 23.61, 23.43, 34.96, 33.74, 0, 0, 4.28
2019/05/27 21:01:00, 24.00, 23.61, 23.44, 34.93, 33.71, 0, 0, 4.28
2019/05/27 21:02:00, 24.00, 23.61, 23.43, 34.99, 33.70, 0, 0, 4.28
2019/05/27 21:03:00, 24.00, 23.60, 23.43, 35.03, 33.72, 0, 0, 4.28
2019/05/27 21:04:00, 24.00, 23.61, 23.41, 35.00, 33.72, 0, 0, 4.29
2019/05/27 21:05:00, 24.00, 23.61, 23.43, 35.00, 33.73, 0, 0, 4.28
2019/05/27 21:06:00, 24.00, 23.60, 23.44, 35.03, 33.75, 0, 0, 4.28
2019/05/27 21:07:00, 24.00, 23.61, 23.41, 35.04, 33.77, 0, 0, 4.28
2019/05/27 21:08:00, 24.00, 23.59, 23.41, 35.00, 33.77, 0, 0, 4.28
2019/05/27 21:09:00, 24.00, 23.59, 23.42, 35.05, 33.78, 0, 0, 4.29
2019/05/27 21:10:00, 24.00, 23.60, 23.38, 35.12, 33.81, 0, 0, 4.28
2019/05/27 21:11:00, 24.00, 23.57, 23.39, 35.11, 33.87, 0, 0, 4.28
2019/05/27 21:12:00, 24.00, 23.59, 23.37, 35.06, 33.84, 0, 0, 4.28
2019/05/27 21:13:00, 24.00, 23.54, 23.36, 35.11, 33.83, 0, 0, 4.28
2019/05/27 21:14:00, 24.00, 23.54, 23.35, 35.18, 33.89, 0, 0, 4.28
2019/05/27 21:15:00, 24.00, 23.56, 23.35, 35.20, 33.93, 0, 0, 4.28
2019/05/27 21:16:00, 24.00, 23.56, 23.37, 35.18, 33.92, 0, 0, 4.28
2019/05/27 21:17:00, 24.00, 23.56, 23.35, 35.18, 33.87, 0, 0, 4.28
2019/05/27 21:18:00, 24.00, 23.56, 23.34, 35.20, 33.93, 0, 0, 4.28
2019/05/27 21:19:00, 24.00, 23.53, 23.35, 35.23, 33.95, 0, 0, 4.28
2019/05/27 21:20:00, 24.00, 23.52, 23.32, 35.23, 33.98, 0, 0, 4.28
2019/05/27 21:21:00, 24.00, 23.53, 23.34, 35.26, 34.00, 0, 0, 4.28
2019/05/27 21:22:00, 24.00, 23.53, 23.33, 35.23, 33.99, 0, 0, 4.28
2019/05/27 21:23:00, 24.00, 23.50, 23.32, 35.26, 33.98, 0, 0, 4.28
2019/05/27 21:24:00, 24.00, 23.50, 23.32, 35.31, 34.06, 0, 0, 4.28
2019/05/27 21:25:00, 24.00, 23.49, 23.28, 35.31, 34.05, 0, 0, 4.28
2019/05/27 21:26:00, 24.00, 23.50, 23.31, 35.31, 34.10, 0, 0, 4.28
2019/05/27 21:27:00, 24.00, 23.47, 23.29, 35.32, 34.07, 0, 0, 4.28
2019/05/27 21:28:00, 24.00, 23.47, 23.29, 35.30, 34.09, 0, 0, 4.28
2019/05/27 21:29:00, 24.00, 23.46, 23.24, 35.39, 34.13, 0, 0, 4.28
2019/05/27 21:30:00, 24.00, 23.44, 23.22, 35.44, 34.20, 0, 0, 4.28
2019/05/27 21:31:00, 24.00, 23.43, 23.25, 35.46, 34.23, 0, 0, 4.28
2019/05/27 21:32:00, 24.00, 23.44, 23.21, 35.52, 34.26, 0, 0, 4.28
2019/05/27 21:33:00, 24.00, 23.42, 23.23, 35.52, 34.27, 0, 0, 4.28
2019/05/27 21:34:00, 24.00, 23.42, 23.23, 35.51, 34.27, 0, 0, 4.28
2019/05/27 21:35:00, 24.00, 23.44, 23.22, 35.50, 34.26, 0, 0, 4.28
2019/05/27 21:36:00, 24.00, 23.40, 23.22, 35.54, 34.27, 0, 0, 4.28
2019/05/27 21:37:00, 24.00, 23.40, 23.19, 35.53, 34.29, 0, 0, 4.28
2019/05/27 21:38:00, 24.00, 23.39, 23.20, 35.58, 34.34, 0, 0, 4.28
2019/05/27 21:39:00, 24.00, 23.39, 23.18, 35.63, 34.39, 0, 0, 4.28
2019/05/27 21:40:00, 24.00, 23.37, 23.17, 35.64, 34.42, 0, 0, 4.28
2019/05/27 21:41:00, 24.00, 23.37, 23.18, 35.57, 34.39, 0, 0, 4.28
2019/05/27 21:42:00, 24.00, 23.39, 23.18, 35.61, 34.39, 0, 0, 4.28
2019/05/27 21:43:00, 24.00, 23.39, 23.18, 35.59, 34.39, 0, 0, 4.28
2019/05/27 21:44:00, 24.00, 23.37, 23.17, 35.66, 34.39, 0, 0, 4.28
2019/05/27 21:45:00, 24.00, 23.39, 23.18, 35.66, 34.42, 0, 0, 4.28
2019/05/27 21:46:00, 24.00, 23.36, 23.18, 35.67, 34.40, 0, 0, 4.28
2019/05/27 21:47:00, 24.00, 23.36, 23.17, 35.66, 34.44, 0, 0, 4.28
2019/05/27 21:48:00, 24.00, 23.39, 23.16, 35.68, 34.47, 0, 0, 4.28
2019/05/27 21:49:00, 24.00, 23.37, 23.18, 35.66, 34.42, 0, 0, 4.29
2019/05/27 21:50:00, 24.00, 23.36, 23.17, 35.64, 34.43, 0, 0, 4.28
2019/05/27 21:51:00, 24.00, 23.37, 23.19, 35.68, 34.45, 0, 0, 4.28
2019/05/27 21:52:00, 24.00, 23.37, 23.19, 35.71, 34.44, 0, 0, 4.28
2019/05/27 21:53:00, 24.00, 23.40, 23.20, 35.59, 34.39, 0, 0, 4.28
2019/05/27 21:54:00, 24.00, 23.36, 23.20, 35.68, 34.41, 0, 0, 4.28
2019/05/27 21:55:00, 24.00, 23.42, 23.22, 35.61, 34.39, 0, 0, 4.28
2019/05/27 21:56:00, 24.00, 23.40, 23.21, 35.59, 34.37, 0, 0, 4.28
2019/05/27 21:57:00, 24.00, 23.43, 23.21, 35.65, 34.36, 0, 0, 4.28
2019/05/27 21:58:00, 24.00, 23.39, 23.20, 35.60, 34.36, 0, 0, 4.28
2019/05/27 21:59:00, 24.00, 23.42, 23.23, 35.65, 34.40, 0, 0, 4.28
2019/05/27 22:00:00, 24.00, 23.39, 23.20, 35.61, 34.38, 0, 0, 4.28
2019/05/27 22:01:00, 24.00, 23.43, 23.21, 35.63, 34.41, 0, 0, 4.28
2019/05/27 22:02:00, 24.00, 23.42, 23.22, 35.58, 34.36, 0, 0, 4.28
2019/05/27 22:03:00, 24.00, 23.42, 23.20, 35.63, 34.37, 0, 0, 4.28
2019/05/27 22:04:00, 24.00, 23.40, 23.20, 35.65, 34.41, 0, 0, 4.28
2019/05/27 22:05:00, 24.00, 23.40, 23.21, 35.67, 34.41, 0, 0, 4.28
2019/05/27 22:06:00, 24.00, 23.37, 23.20, 35.62, 34.39, 0, 0, 4.28
2019/05/27 22:07:00, 24.00, 23.39, 23.18, 35.63, 34.36, 0, 0, 4.28
2019/05/27 22:08:00, 24.00, 23.40, 23.19, 35.68, 34.43, 0, 0, 4.28
2019/05/27 22:09:00, 24.00, 23.37, 23.18, 35.68, 34.43, 0, 0, 4.28
2019/05/27 22:10:00, 24.00, 23.39, 23.20, 35.73, 34.48, 0, 0, 4.28
2019/05/27 22:11:00, 24.00, 23.39, 23.18, 35.71, 34.45, 0, 0, 4.28
2019/05/27 22:12:00, 24.00, 23.40, 23.23, 35.65, 34.43, 0, 0, 4.28
2019/05/27 22:13:00, 24.00, 23.42, 23.20, 35.63, 34.41, 0, 0, 4.28
2019/05/27 22:14:00, 24.00, 23.42, 23.22, 35.66, 34.43, 0, 0, 4.28
2019/05/27 22:15:00, 24.00, 23.42, 23.21, 35.63, 34.39, 0, 0, 4.28
2019/05/27 22:16:00, 24.00, 23.40, 23.22, 35.62, 34.41, 0, 0, 4.28
2019/05/27 22:17:00, 24.00, 23.42, 23.19, 35.65, 34.39, 0, 0, 4.28
2019/05/27 22:18:00, 24.00, 23.39, 23.21, 35.66, 34.41, 0, 0, 4.28
2019/05/27 22:19:00, 24.00, 23.39, 23.21, 35.69, 34.41, 0, 0, 4.28
2019/05/27 22:20:00, 24.00, 23.37, 23.19, 35.66, 34.41, 0, 0, 4.28
2019/05/27 22:21:00, 24.00, 23.37, 23.19, 35.72, 34.47, 0, 0, 4.28
2019/05/27 22:22:00, 24.00, 23.39, 23.21, 35.72, 34.48, 0, 0, 4.28
2019/05/27 22:23:00, 24.00, 23.39, 23.20, 35.68, 34.43, 0, 0, 4.28
2019/05/27 22:24:00, 24.00, 23.40, 23.21, 35.66, 34.45, 0, 0, 4.28
2019/05/27 22:25:00, 24.00, 23.42, 23.20, 35.70, 34.42, 0, 0, 4.28
2019/05/27 22:26:00, 24.00, 23.39, 23.20, 35.68, 34.44, 0, 0, 4.28
2019/05/27 22:27:00, 24.00, 23.43, 23.20, 35.67, 34.42, 0, 0, 4.28
2019/05/27 22:28:00, 24.00, 23.37, 23.20, 35.71, 34.45, 0, 0, 4.28
2019/05/27 22:29:00, 24.00, 23.39, 23.18, 35.74, 34.45, 0, 0, 4.28
2019/05/27 22:30:00, 24.00, 23.39, 23.20, 35.67, 34.46, 0, 0, 4.28
2019/05/27 22:31:00, 24.00, 23.42, 23.20, 35.67, 34.46, 0, 0, 4.28
2019/05/27 22:32:00, 24.00, 23.39, 23.16, 35.70, 34.45, 0, 0, 4.29
2019/05/27 22:33:00, 24.00, 23.39, 23.18, 35.66, 34.47, 0, 0, 4.28
2019/05/27 22:34:00, 24.00, 23.36, 23.17, 35.71, 34.45, 0, 0, 4.28
2019/05/27 22:35:00, 24.00, 23.37, 23.17, 35.83, 34.51, 0, 0, 4.28
2019/05/27 22:36:00, 24.00, 23.35, 23.13, 35.73, 34.51, 0, 0, 4.28
2019/05/27 22:37:00, 24.00, 23.33, 23.12, 35.77, 34.52, 0, 0, 4.28
2019/05/27 22:38:00, 24.00, 23.30, 23.12, 35.84, 34.58, 0, 0, 4.28
2019/05/27 22:39:00, 24.00, 23.29, 23.09, 35.90, 34.64, 0, 0, 4.28
2019/05/27 22:40:00, 24.00, 23.32, 23.10, 35.88, 34.64, 0, 0, 4.28
2019/05/27 22:41:00, 24.00, 23.33, 23.14, 35.92, 34.68, 0, 0, 4.28
2019/05/27 22:42:00, 24.00, 23.33, 23.13, 35.88, 34.64, 0, 0, 4.28
2019/05/27 22:43:00, 23.75, 23.32, 23.15, 35.87, 34.61, 0, 0, 4.28
2019/05/27 22:44:00, 24.00, 23.33, 23.14, 35.80, 34.55, 0, 0, 4.28
2019/05/27 22:45:00, 24.00, 23.32, 23.12, 35.77, 34.53, 0, 0, 4.28
2019/05/27 22:46:00, 23.75, 23.35, 23.16, 35.83, 34.58, 0, 0, 4.28
2019/05/27 22:47:00, 23.75, 23.35, 23.14, 35.77, 34.59, 0, 0, 4.28
2019/05/27 22:48:00, 23.75, 23.33, 23.14, 35.81, 34.58, 0, 0, 4.28
2019/05/27 22:49:00, 23.75, 23.33, 23.13, 35.85, 34.62, 0, 0, 4.28
2019/05/27 22:50:00, 23.75, 23.35, 23.16, 35.84, 34.60, 0, 0, 4.28
2019/05/27 22:51:00, 23.75, 23.35, 23.14, 35.81, 34.58, 0, 0, 4.28
2019/05/27 22:52:00, 24.00, 23.32, 23.10, 35.84, 34.57, 0, 0, 4.28
2019/05/27 22:53:00, 23.75, 23.30, 23.13, 35.91, 34.62, 0, 0, 4.28
2019/05/27 22:54:00, 23.75, 23.33, 23.13, 35.83, 34.62, 0, 0, 4.28
2019/05/27 22:55:00, 23.75, 23.36, 23.16, 35.88, 34.62, 0, 0, 4.28
2019/05/27 22:56:00, 23.75, 23.33, 23.15, 35.84, 34.61, 0, 0, 4.28
2019/05/27 22:57:00, 23.75, 23.33, 23.13, 35.77, 34.57, 0, 0, 4.28
2019/05/27 22:58:00, 23.75, 23.32, 23.12, 35.82, 34.59, 0, 0, 4.28
2019/05/27 22:59:00, 23.75, 23.30, 23.10, 35.86, 34.61, 0, 0, 4.28
2019/05/27 23:00:00, 23.75, 23.30, 23.13, 35.93, 34.66, 0, 0, 4.28
2019/05/27 23:01:00, 23.75, 23.35, 23.13, 35.88, 34.64, 0, 0, 4.28
2019/05/27 23:02:00, 23.75, 23.32, 23.13, 35.97, 34.67, 0, 0, 4.28
2019/05/27 23:03:00, 23.75, 23.30, 23.09, 35.88, 34.61, 0, 0, 4.28
2019/05/27 23:04:00, 23.75, 23.30, 23.08, 35.90, 34.65, 0, 0, 4.28
2019/05/27 23:05:00, 23.75, 23.29, 23.08, 35.88, 34.65, 0, 0, 4.28
2019/05/27 23:06:00, 23.75, 23.26, 23.03, 35.94, 34.70, 0, 0, 4.28
2019/05/27 23:07:00, 23.75, 23.28, 23.07, 35.97, 34.74, 0, 0, 4.28
2019/05/27 23:08:00, 23.75, 23.30, 23.07, 36.06, 34.78, 0, 0, 4.28
2019/05/27 23:09:00, 23.75, 23.28, 23.07, 35.98, 34.77, 0, 0, 4.28
2019/05/27 23:10:00, 23.75, 23.28, 23.08, 35.93, 34.67, 0, 0, 4.28
2019/05/27 23:11:00, 23.75, 23.28, 23.07, 35.99, 34.74, 0, 0, 4.28
2019/05/27 23:12:00, 23.75, 23.26, 23.06, 35.98, 34.74, 0, 0, 4.28
2019/05/27 23:13:00, 23.75, 23.25, 23.06, 35.98, 34.74, 0, 0, 4.28
2019/05/27 23:14:00, 23.75, 23.24, 23.03, 36.03, 34.78, 0, 0, 4.28
2019/05/27 23:15:00, 23.75, 23.25, 23.04, 36.10, 34.81, 0, 0, 4.28
2019/05/27 23:16:00, 23.75, 23.26, 23.06, 36.04, 34.79, 0, 0, 4.28
2019/05/27 23:17:00, 23.75, 23.26, 23.03, 36.03, 34.77, 0, 0, 4.28
2019/05/27 23:18:00, 23.75, 23.25, 23.05, 35.99, 34.76, 0, 0, 4.28
2019/05/27 23:19:00, 23.75, 23.25, 23.05, 36.02, 34.79, 0, 0, 4.28
2019/05/27 23:20:00, 23.75, 23.24, 23.01, 36.03, 34.78, 0, 0, 4.28
2019/05/27 23:21:00, 23.75, 23.22, 23.00, 36.12, 34.85, 0, 0, 4.28
2019/05/27 23:22:00, 23.75, 23.21, 23.00, 36.08, 34.88, 0, 0, 4.28
2019/05/27 23:23:00, 23.75, 23.19, 23.02, 36.06, 34.84, 0, 0, 4.28
2019/05/27 23:24:00, 23.75, 23.22, 23.01, 36.07, 34.87, 0, 0, 4.28
2019/05/27 23:25:00, 23.75, 23.19, 23.01, 36.11, 34.88, 0, 0, 4.28
2019/05/27 23:26:00, 23.75, 23.22, 23.00, 36.11, 34.92, 0, 0, 4.28
2019/05/27 23:27:00, 23.75, 23.21, 23.00, 36.15, 34.88, 0, 0, 4.28
2019/05/27 23:28:00, 23.75, 23.19, 23.00, 36.08, 34.86, 0, 0, 4.28
2019/05/27 23:29:00, 23.75, 23.19, 22.99, 36.13, 34.91, 0, 0, 4.28
2019/05/27 23:30:00, 23.75, 23.18, 22.98, 36.12, 34.91, 0, 0, 4.28
2019/05/27 23:31:00, 23.75, 23.18, 22.97, 36.17, 34.93, 0, 0, 4.28
2019/05/27 23:32:00, 23.75, 23.19, 22.97, 36.18, 34.96, 0, 0, 4.28
2019/05/27 23:33:00, 23.75, 23.15, 22.97, 36.16, 34.95, 0, 0, 4.28
2019/05/27 23:34:00, 23.75, 23.16, 22.98, 36.17, 34.96, 0, 0, 4.28
2019/05/27 23:35:00, 23.75, 23.18, 22.97, 36.22, 34.97, 0, 0, 4.28
2019/05/27 23:36:00, 23.75, 23.19, 22.95, 36.17, 34.96, 0, 0, 4.28
2019/05/27 23:37:00, 23.75, 23.16, 22.94, 36.21, 34.98, 0, 0, 4.28
2019/05/27 23:38:00, 23.75, 23.18, 22.94, 36.25, 35.04, 0, 0, 4.28
2019/05/27 23:39:00, 23.75, 23.16, 22.94, 36.25, 35.03, 0, 0, 4.28
2019/05/27 23:40:00, 23.75, 23.16, 22.95, 36.27, 35.03, 0, 0, 4.28
2019/05/27 23:41:00, 23.75, 23.16, 22.93, 36.26, 35.03, 0, 0, 4.28
2019/05/27 23:42:00, 23.75, 23.15, 22.97, 36.25, 35.03, 0, 0, 4.28
2019/05/27 23:43:00, 23.75, 23.16, 22.93, 36.23, 34.96, 0, 0, 4.28
2019/05/27 23:44:00, 23.75, 23.15, 22.97, 36.28, 35.01, 0, 0, 4.28
2019/05/27 23:45:00, 23.75, 23.15, 22.95, 36.26, 35.02, 0, 0, 4.28
2019/05/27 23:46:00, 23.75, 23.15, 22.97, 36.29, 35.03, 0, 0, 4.28
2019/05/27 23:47:00, 23.75, 23.15, 22.94, 36.23, 35.01, 0, 0, 4.28
