Data logger for tempereture and humidity.
Code, design, and soldering by Antti Mikkonen, a.mikkonen@iki.fi, 2019.
Based on open source projects and libraries. See source for details.
/home/ami/src/arduino/promini/logger_v8_ada/logger_v8_ada.ino
UTC time (year/month/date hour:minute:second), T RTC (C), T sht31 (C), T si7021 (C), RH sht31 (-), RH si7021 (-), heaterOn sht31 (bool),  heaterOn si7021 (bool), battery voltage (V)
2019/04/27 00:08:00, 24.00, 23.59, 23.41, 27.05, 25.21, 0, 0, 4.46
2019/04/27 00:09:00, 24.00, 23.59, 23.38, 27.05, 25.21, 0, 0, 4.46
2019/04/27 00:10:00, 24.00, 23.59, 23.39, 27.08, 25.23, 0, 0, 4.46
2019/04/27 00:11:00, 24.00, 23.60, 23.37, 27.10, 25.22, 0, 0, 4.46
2019/04/27 00:12:00, 24.00, 23.59, 23.38, 27.10, 25.21, 0, 0, 4.46
2019/04/27 00:13:00, 24.00, 23.59, 23.39, 27.10, 25.23, 0, 0, 4.46
2019/04/27 00:14:00, 24.00, 23.57, 23.37, 27.08, 25.23, 0, 0, 4.46
2019/04/27 00:15:00, 24.00, 23.59, 23.38, 27.11, 25.23, 0, 0, 4.46
2019/04/27 00:16:00, 24.00, 23.57, 23.38, 27.07, 25.23, 0, 0, 4.46
2019/04/27 00:17:00, 24.00, 23.59, 23.38, 27.07, 25.23, 0, 0, 4.46
2019/04/27 00:18:00, 24.00, 23.59, 23.37, 27.02, 25.21, 0, 0, 4.46
2019/04/27 00:19:00, 24.00, 23.59, 23.37, 27.17, 25.26, 0, 0, 4.46
2019/04/27 00:20:00, 24.00, 23.57, 23.36, 27.10, 25.25, 0, 0, 4.46
2019/04/27 00:21:00, 24.00, 23.57, 23.38, 27.07, 25.25, 0, 0, 4.46
2019/04/27 00:22:00, 24.00, 23.59, 23.37, 27.10, 25.27, 0, 0, 4.46
2019/04/27 00:23:00, 24.00, 23.56, 23.39, 27.11, 25.30, 0, 0, 4.46
2019/04/27 00:24:00, 24.00, 23.56, 23.37, 27.08, 25.26, 0, 0, 4.46
2019/04/27 00:25:00, 24.00, 23.57, 23.36, 27.08, 25.25, 0, 0, 4.46
2019/04/27 00:26:00, 24.00, 23.57, 23.35, 27.11, 25.28, 0, 0, 4.46
2019/04/27 00:27:00, 24.00, 23.56, 23.38, 27.10, 25.26, 0, 0, 4.46
2019/04/27 00:28:00, 24.00, 23.54, 23.36, 27.15, 25.30, 0, 0, 4.46
2019/04/27 00:29:00, 24.00, 23.54, 23.37, 27.11, 25.28, 0, 0, 4.46
2019/04/27 00:30:00, 24.00, 23.54, 23.35, 27.12, 25.28, 0, 0, 4.46
2019/04/27 00:31:00, 24.00, 23.54, 23.35, 27.18, 25.28, 0, 0, 4.46
2019/04/27 00:32:00, 24.00, 23.56, 23.37, 27.14, 25.29, 0, 0, 4.46
2019/04/27 00:33:00, 24.00, 23.59, 23.37, 27.14, 25.30, 0, 0, 4.46
2019/04/27 00:34:00, 24.00, 23.54, 23.37, 27.11, 25.27, 0, 0, 4.46
2019/04/27 00:35:00, 24.00, 23.57, 23.37, 27.15, 25.28, 0, 0, 4.46
2019/04/27 00:36:00, 24.00, 23.57, 23.36, 27.20, 25.31, 0, 0, 4.46
2019/04/27 00:37:00, 24.00, 23.56, 23.37, 27.17, 25.33, 0, 0, 4.46
2019/04/27 00:38:00, 24.00, 23.57, 23.36, 27.08, 25.30, 0, 0, 4.46
2019/04/27 00:39:00, 24.00, 23.57, 23.36, 27.12, 25.30, 0, 0, 4.46
2019/04/27 00:40:00, 24.00, 23.56, 23.34, 27.15, 25.29, 0, 0, 4.46
2019/04/27 00:41:00, 24.00, 23.56, 23.36, 27.12, 25.27, 0, 0, 4.46
2019/04/27 00:42:00, 24.00, 23.54, 23.37, 27.12, 25.28, 0, 0, 4.46
2019/04/27 00:43:00, 24.00, 23.57, 23.37, 27.12, 25.29, 0, 0, 4.46
2019/04/27 00:44:00, 24.00, 23.56, 23.37, 27.15, 25.31, 0, 0, 4.46
2019/04/27 00:45:00, 24.00, 23.54, 23.39, 27.12, 25.32, 0, 0, 4.46
2019/04/27 00:46:00, 24.00, 23.59, 23.38, 27.12, 25.30, 0, 0, 4.46
2019/04/27 00:47:00, 24.00, 23.59, 23.38, 27.07, 25.27, 0, 0, 4.46
2019/04/27 00:48:00, 24.00, 23.60, 23.37, 27.07, 25.26, 0, 0, 4.46
2019/04/27 00:49:00, 24.00, 23.57, 23.39, 27.12, 25.25, 0, 0, 4.46
2019/04/27 00:50:00, 24.00, 23.59, 23.37, 27.04, 25.26, 0, 0, 4.46
2019/04/27 00:51:00, 24.00, 23.56, 23.38, 27.10, 25.28, 0, 0, 4.46
2019/04/27 00:52:00, 24.00, 23.59, 23.38, 27.12, 25.28, 0, 0, 4.46
2019/04/27 00:53:00, 24.00, 23.57, 23.38, 27.05, 25.26, 0, 0, 4.46
2019/04/27 00:54:00, 24.00, 23.57, 23.37, 27.05, 25.24, 0, 0, 4.46
2019/04/27 00:55:00, 24.00, 23.59, 23.37, 27.11, 25.25, 0, 0, 4.46
2019/04/27 00:56:00, 24.00, 23.56, 23.37, 27.11, 25.25, 0, 0, 4.46
2019/04/27 00:57:00, 24.00, 23.57, 23.37, 27.04, 25.26, 0, 0, 4.46
2019/04/27 00:58:00, 24.00, 23.59, 23.35, 27.08, 25.26, 0, 0, 4.46
2019/04/27 00:59:00, 24.00, 23.57, 23.37, 27.12, 25.27, 0, 0, 4.46
2019/04/27 01:00:00, 24.00, 23.57, 23.37, 27.14, 25.27, 0, 0, 4.46
2019/04/27 01:01:00, 24.00, 23.56, 23.37, 27.11, 25.26, 0, 0, 4.46
2019/04/27 01:02:00, 24.00, 23.57, 23.36, 27.15, 25.30, 0, 0, 4.46
2019/04/27 01:03:00, 24.00, 23.59, 23.36, 27.11, 25.27, 0, 0, 4.46
2019/04/27 01:04:00, 24.00, 23.56, 23.38, 27.15, 25.28, 0, 0, 4.46
2019/04/27 01:05:00, 24.00, 23.56, 23.41, 27.08, 25.26, 0, 0, 4.46
2019/04/27 01:06:00, 24.00, 23.57, 23.38, 27.06, 25.26, 0, 0, 4.46
2019/04/27 01:07:00, 24.00, 23.54, 23.36, 27.12, 25.25, 0, 0, 4.46
2019/04/27 01:08:00, 24.00, 23.57, 23.36, 27.11, 25.26, 0, 0, 4.46
2019/04/27 01:09:00, 24.00, 23.57, 23.37, 27.08, 25.26, 0, 0, 4.46
2019/04/27 01:10:00, 24.00, 23.57, 23.36, 27.08, 25.27, 0, 0, 4.46
2019/04/27 01:11:00, 24.00, 23.59, 23.37, 27.11, 25.26, 0, 0, 4.46
2019/04/27 01:12:00, 24.00, 23.57, 23.38, 27.08, 25.26, 0, 0, 4.46
2019/04/27 01:13:00, 24.00, 23.57, 23.38, 27.12, 25.30, 0, 0, 4.46
2019/04/27 01:14:00, 24.00, 23.59, 23.38, 27.11, 25.28, 0, 0, 4.46
2019/04/27 01:15:00, 24.00, 23.57, 23.38, 27.12, 25.28, 0, 0, 4.46
2019/04/27 01:16:00, 24.00, 23.59, 23.38, 27.11, 25.26, 0, 0, 4.46
2019/04/27 01:17:00, 24.00, 23.56, 23.36, 27.12, 25.28, 0, 0, 4.46
2019/04/27 01:18:00, 24.00, 23.57, 23.37, 27.07, 25.26, 0, 0, 4.46
2019/04/27 01:19:00, 24.00, 23.56, 23.37, 27.15, 25.26, 0, 0, 4.46
2019/04/27 01:20:00, 24.00, 23.57, 23.35, 27.18, 25.30, 0, 0, 4.46
2019/04/27 01:21:00, 24.00, 23.57, 23.37, 27.11, 25.29, 0, 0, 4.46
2019/04/27 01:22:00, 24.00, 23.57, 23.38, 27.12, 25.30, 0, 0, 4.46
2019/04/27 01:23:00, 24.00, 23.59, 23.37, 27.10, 25.27, 0, 0, 4.46
2019/04/27 01:24:00, 24.00, 23.56, 23.36, 27.08, 25.25, 0, 0, 4.46
2019/04/27 01:25:00, 24.00, 23.56, 23.35, 27.11, 25.28, 0, 0, 4.46
2019/04/27 01:26:00, 24.00, 23.56, 23.37, 27.24, 25.34, 0, 0, 4.46
2019/04/27 01:27:00, 24.00, 23.54, 23.36, 27.15, 25.31, 0, 0, 4.46
2019/04/27 01:28:00, 24.00, 23.54, 23.35, 27.21, 25.34, 0, 0, 4.46
2019/04/27 01:29:00, 24.00, 23.56, 23.37, 27.11, 25.31, 0, 0, 4.46
2019/04/27 01:30:00, 24.00, 23.54, 23.35, 27.12, 25.32, 0, 0, 4.46
2019/04/27 01:31:00, 24.00, 23.54, 23.37, 27.15, 25.32, 0, 0, 4.46
2019/04/27 01:32:00, 24.00, 23.56, 23.37, 27.14, 25.32, 0, 0, 4.46
2019/04/27 01:33:00, 24.00, 23.56, 23.35, 27.15, 25.34, 0, 0, 4.46
2019/04/27 01:34:00, 24.00, 23.56, 23.35, 27.15, 25.33, 0, 0, 4.46
2019/04/27 01:35:00, 24.00, 23.53, 23.35, 27.22, 25.37, 0, 0, 4.46
2019/04/27 01:36:00, 24.00, 23.56, 23.35, 27.22, 25.36, 0, 0, 4.46
2019/04/27 01:37:00, 24.00, 23.54, 23.34, 27.17, 25.36, 0, 0, 4.46
2019/04/27 01:38:00, 24.00, 23.52, 23.33, 27.20, 25.35, 0, 0, 4.46
2019/04/27 01:39:00, 24.00, 23.53, 23.33, 27.20, 25.35, 0, 0, 4.46
2019/04/27 01:40:00, 24.00, 23.53, 23.34, 27.21, 25.37, 0, 0, 4.46
2019/04/27 01:41:00, 24.00, 23.53, 23.34, 27.19, 25.34, 0, 0, 4.46
2019/04/27 01:42:00, 24.00, 23.54, 23.34, 27.12, 25.36, 0, 0, 4.46
2019/04/27 01:43:00, 24.00, 23.54, 23.32, 27.21, 25.36, 0, 0, 4.46
2019/04/27 01:44:00, 24.00, 23.54, 23.35, 27.18, 25.37, 0, 0, 4.46
2019/04/27 01:45:00, 24.00, 23.53, 23.32, 27.18, 25.39, 0, 0, 4.46
2019/04/27 01:46:00, 24.00, 23.54, 23.34, 27.25, 25.39, 0, 0, 4.46
2019/04/27 01:47:00, 24.00, 23.53, 23.35, 27.14, 25.37, 0, 0, 4.46
2019/04/27 01:48:00, 24.00, 23.54, 23.34, 27.14, 25.36, 0, 0, 4.46
2019/04/27 01:49:00, 24.00, 23.52, 23.33, 27.18, 25.34, 0, 0, 4.46
2019/04/27 01:50:00, 24.00, 23.52, 23.33, 27.22, 25.35, 0, 0, 4.46
2019/04/27 01:51:00, 24.00, 23.52, 23.33, 27.19, 25.37, 0, 0, 4.46
2019/04/27 01:52:00, 24.00, 23.52, 23.30, 27.20, 25.37, 0, 0, 4.46
2019/04/27 01:53:00, 24.00, 23.53, 23.34, 27.22, 25.37, 0, 0, 4.46
2019/04/27 01:54:00, 24.00, 23.52, 23.32, 27.16, 25.38, 0, 0, 4.46
2019/04/27 01:55:00, 24.00, 23.52, 23.31, 27.22, 25.35, 0, 0, 4.46
2019/04/27 01:56:00, 24.00, 23.52, 23.32, 27.19, 25.38, 0, 0, 4.46
2019/04/27 01:57:00, 24.00, 23.53, 23.31, 27.27, 25.39, 0, 0, 4.46
2019/04/27 01:58:00, 24.00, 23.53, 23.32, 27.21, 25.40, 0, 0, 4.46
2019/04/27 01:59:00, 24.00, 23.52, 23.32, 27.19, 25.37, 0, 0, 4.46
2019/04/27 02:00:00, 24.00, 23.52, 23.35, 27.18, 25.37, 0, 0, 4.46
2019/04/27 02:01:00, 24.00, 23.50, 23.33, 27.15, 25.35, 0, 0, 4.46
2019/04/27 02:02:00, 24.00, 23.52, 23.33, 27.21, 25.37, 0, 0, 4.46
2019/04/27 02:03:00, 24.00, 23.50, 23.34, 27.22, 25.37, 0, 0, 4.46
2019/04/27 02:04:00, 24.00, 23.53, 23.32, 27.19, 25.38, 0, 0, 4.46
2019/04/27 02:05:00, 24.00, 23.50, 23.32, 27.19, 25.37, 0, 0, 4.46
2019/04/27 02:06:00, 24.00, 23.52, 23.33, 27.25, 25.37, 0, 0, 4.46
2019/04/27 02:07:00, 24.00, 23.50, 23.31, 27.24, 25.37, 0, 0, 4.46
2019/04/27 02:08:00, 24.00, 23.52, 23.31, 27.24, 25.40, 0, 0, 4.46
2019/04/27 02:09:00, 24.00, 23.52, 23.31, 27.26, 25.38, 0, 0, 4.46
2019/04/27 02:10:00, 24.00, 23.50, 23.32, 27.22, 25.43, 0, 0, 4.46
2019/04/27 02:11:00, 24.00, 23.49, 23.32, 27.22, 25.38, 0, 0, 4.46
2019/04/27 02:12:00, 24.00, 23.52, 23.32, 27.19, 25.39, 0, 0, 4.46
2019/04/27 02:13:00, 24.00, 23.50, 23.32, 27.24, 25.40, 0, 0, 4.46
2019/04/27 02:14:00, 24.00, 23.52, 23.32, 27.21, 25.41, 0, 0, 4.46
2019/04/27 02:15:00, 24.00, 23.52, 23.31, 27.21, 25.39, 0, 0, 4.46
2019/04/27 02:16:00, 24.00, 23.49, 23.30, 27.22, 25.37, 0, 0, 4.46
2019/04/27 02:17:00, 24.00, 23.50, 23.33, 27.28, 25.42, 0, 0, 4.46
2019/04/27 02:18:00, 24.00, 23.53, 23.32, 27.21, 25.41, 0, 0, 4.46
2019/04/27 02:19:00, 24.00, 23.50, 23.31, 27.22, 25.39, 0, 0, 4.46
2019/04/27 02:20:00, 24.00, 23.50, 23.31, 27.29, 25.41, 0, 0, 4.46
2019/04/27 02:21:00, 24.00, 23.54, 23.30, 27.22, 25.41, 0, 0, 4.46
2019/04/27 02:22:00, 24.00, 23.50, 23.31, 27.25, 25.41, 0, 0, 4.46
2019/04/27 02:23:00, 24.00, 23.50, 23.30, 27.18, 25.39, 0, 0, 4.46
2019/04/27 02:24:00, 24.00, 23.52, 23.31, 27.19, 25.39, 0, 0, 4.46
2019/04/27 02:25:00, 24.00, 23.49, 23.32, 27.21, 25.41, 0, 0, 4.46
2019/04/27 02:26:00, 24.00, 23.52, 23.32, 27.22, 25.41, 0, 0, 4.46
2019/04/27 02:27:00, 24.00, 23.52, 23.31, 27.27, 25.40, 0, 0, 4.46
2019/04/27 02:28:00, 24.00, 23.49, 23.32, 27.27, 25.41, 0, 0, 4.46
2019/04/27 02:29:00, 24.00, 23.50, 23.31, 27.25, 25.41, 0, 0, 4.46
2019/04/27 02:30:00, 24.00, 23.50, 23.31, 27.22, 25.42, 0, 0, 4.46
2019/04/27 02:31:00, 24.00, 23.49, 23.31, 27.28, 25.42, 0, 0, 4.46
2019/04/27 02:32:00, 24.00, 23.52, 23.32, 27.21, 25.41, 0, 0, 4.46
2019/04/27 02:33:00, 24.00, 23.50, 23.31, 27.24, 25.41, 0, 0, 4.46
2019/04/27 02:34:00, 24.00, 23.49, 23.30, 27.22, 25.41, 0, 0, 4.46
2019/04/27 02:35:00, 24.00, 23.50, 23.31, 27.29, 25.41, 0, 0, 4.46
2019/04/27 02:36:00, 24.00, 23.49, 23.30, 27.28, 25.43, 0, 0, 4.46
2019/04/27 02:37:00, 24.00, 23.50, 23.32, 27.21, 25.40, 0, 0, 4.46
2019/04/27 02:38:00, 24.00, 23.52, 23.33, 27.27, 25.42, 0, 0, 4.46
2019/04/27 02:39:00, 24.00, 23.50, 23.32, 27.22, 25.41, 0, 0, 4.46
2019/04/27 02:40:00, 24.00, 23.50, 23.30, 27.27, 25.40, 0, 0, 4.46
2019/04/27 02:41:00, 24.00, 23.52, 23.32, 27.24, 25.41, 0, 0, 4.46
2019/04/27 02:42:00, 24.00, 23.49, 23.32, 27.22, 25.39, 0, 0, 4.46
2019/04/27 02:43:00, 24.00, 23.52, 23.32, 27.26, 25.37, 0, 0, 4.46
2019/04/27 02:44:00, 24.00, 23.52, 23.30, 27.20, 25.39, 0, 0, 4.46
2019/04/27 02:45:00, 24.00, 23.50, 23.30, 27.34, 25.42, 0, 0, 4.46
2019/04/27 02:46:00, 24.00, 23.50, 23.31, 27.22, 25.41, 0, 0, 4.46
2019/04/27 02:47:00, 24.00, 23.49, 23.32, 27.25, 25.41, 0, 0, 4.46
2019/04/27 02:48:00, 24.00, 23.52, 23.30, 27.28, 25.40, 0, 0, 4.46
2019/04/27 02:49:00, 24.00, 23.52, 23.31, 27.21, 25.39, 0, 0, 4.46
2019/04/27 02:50:00, 24.00, 23.50, 23.32, 27.21, 25.38, 0, 0, 4.46
2019/04/27 02:51:00, 24.00, 23.50, 23.32, 27.22, 25.37, 0, 0, 4.46
2019/04/27 02:52:00, 24.00, 23.50, 23.32, 27.19, 25.41, 0, 0, 4.46
2019/04/27 02:53:00, 24.00, 23.53, 23.32, 27.22, 25.37, 0, 0, 4.46
2019/04/27 02:54:00, 24.00, 23.50, 23.32, 27.21, 25.35, 0, 0, 4.46
2019/04/27 02:55:00, 24.00, 23.52, 23.30, 27.19, 25.33, 0, 0, 4.46
2019/04/27 02:56:00, 24.00, 23.52, 23.31, 27.19, 25.37, 0, 0, 4.46
2019/04/27 02:57:00, 24.00, 23.50, 23.30, 27.16, 25.35, 0, 0, 4.46
2019/04/27 02:58:00, 24.00, 23.52, 23.31, 27.18, 25.37, 0, 0, 4.46
2019/04/27 02:59:00, 24.00, 23.52, 23.32, 27.21, 25.35, 0, 0, 4.46
2019/04/27 03:00:00, 24.00, 23.50, 23.32, 27.15, 25.34, 0, 0, 4.46
2019/04/27 03:01:00, 24.00, 23.50, 23.31, 27.19, 25.37, 0, 0, 4.46
2019/04/27 03:02:00, 24.00, 23.50, 23.32, 27.19, 25.36, 0, 0, 4.46
2019/04/27 03:03:00, 24.00, 23.53, 23.32, 27.20, 25.37, 0, 0, 4.46
2019/04/27 03:04:00, 24.00, 23.50, 23.31, 27.18, 25.34, 0, 0, 4.46
2019/04/27 03:05:00, 24.00, 23.50, 23.30, 27.12, 25.34, 0, 0, 4.46
2019/04/27 03:06:00, 24.00, 23.52, 23.29, 27.15, 25.34, 0, 0, 4.46
2019/04/27 03:07:00, 24.00, 23.52, 23.32, 27.13, 25.32, 0, 0, 4.46
2019/04/27 03:08:00, 24.00, 23.47, 23.29, 27.16, 25.31, 0, 0, 4.46
2019/04/27 03:09:00, 24.00, 23.49, 23.29, 27.18, 25.34, 0, 0, 4.46
2019/04/27 03:10:00, 24.00, 23.49, 23.31, 27.17, 25.36, 0, 0, 4.46
2019/04/27 03:11:00, 24.00, 23.49, 23.28, 27.18, 25.37, 0, 0, 4.46
2019/04/27 03:12:00, 24.00, 23.50, 23.28, 27.13, 25.31, 0, 0, 4.46
2019/04/27 03:13:00, 24.00, 23.47, 23.25, 27.19, 25.36, 0, 0, 4.46
2019/04/27 03:14:00, 24.00, 23.47, 23.28, 27.21, 25.37, 0, 0, 4.46
2019/04/27 03:15:00, 24.00, 23.47, 23.28, 27.17, 25.37, 0, 0, 4.46
2019/04/27 03:16:00, 24.00, 23.49, 23.28, 27.20, 25.38, 0, 0, 4.46
2019/04/27 03:17:00, 24.00, 23.49, 23.28, 27.16, 25.37, 0, 0, 4.46
2019/04/27 03:18:00, 24.00, 23.47, 23.31, 27.15, 25.34, 0, 0, 4.46
2019/04/27 03:19:00, 24.00, 23.46, 23.27, 27.17, 25.34, 0, 0, 4.46
2019/04/27 03:20:00, 24.00, 23.49, 23.28, 27.19, 25.34, 0, 0, 4.46
2019/04/27 03:21:00, 24.00, 23.47, 23.28, 27.19, 25.34, 0, 0, 4.46
2019/04/27 03:22:00, 24.00, 23.49, 23.28, 27.15, 25.35, 0, 0, 4.46
2019/04/27 03:23:00, 24.00, 23.44, 23.27, 27.20, 25.34, 0, 0, 4.46
2019/04/27 03:24:00, 24.00, 23.47, 23.24, 27.17, 25.35, 0, 0, 4.46
2019/04/27 03:25:00, 24.00, 23.44, 23.28, 27.17, 25.33, 0, 0, 4.46
2019/04/27 03:26:00, 24.00, 23.46, 23.27, 27.13, 25.33, 0, 0, 4.46
2019/04/27 03:27:00, 24.00, 23.47, 23.28, 27.11, 25.33, 0, 0, 4.46
2019/04/27 03:28:00, 24.00, 23.47, 23.27, 27.19, 25.34, 0, 0, 4.46
2019/04/27 03:29:00, 24.00, 23.46, 23.28, 27.13, 25.34, 0, 0, 4.46
2019/04/27 03:30:00, 24.00, 23.47, 23.28, 27.15, 25.33, 0, 0, 4.46
2019/04/27 03:31:00, 24.00, 23.47, 23.28, 27.17, 25.32, 0, 0, 4.46
2019/04/27 03:32:00, 24.00, 23.49, 23.28, 27.16, 25.34, 0, 0, 4.46
2019/04/27 03:33:00, 24.00, 23.49, 23.25, 27.15, 25.31, 0, 0, 4.46
2019/04/27 03:34:00, 24.00, 23.46, 23.27, 27.15, 25.33, 0, 0, 4.46
2019/04/27 03:35:00, 24.00, 23.47, 23.31, 27.13, 25.31, 0, 0, 4.46
2019/04/27 03:36:00, 24.00, 23.46, 23.28, 27.11, 25.29, 0, 0, 4.46
2019/04/27 03:37:00, 24.00, 23.46, 23.27, 27.10, 25.31, 0, 0, 4.46
2019/04/27 03:38:00, 23.75, 23.46, 23.25, 27.15, 25.29, 0, 0, 4.46
2019/04/27 03:39:00, 24.00, 23.44, 23.25, 27.08, 25.31, 0, 0, 4.46
2019/04/27 03:40:00, 23.75, 23.46, 23.27, 27.16, 25.30, 0, 0, 4.46
2019/04/27 03:41:00, 24.00, 23.43, 23.25, 27.11, 25.30, 0, 0, 4.46
2019/04/27 03:42:00, 24.00, 23.44, 23.25, 27.17, 25.33, 0, 0, 4.46
2019/04/27 03:43:00, 23.75, 23.43, 23.24, 27.15, 25.32, 0, 0, 4.46
2019/04/27 03:44:00, 23.75, 23.44, 23.25, 27.15, 25.34, 0, 0, 4.46
2019/04/27 03:45:00, 23.75, 23.42, 23.25, 27.13, 25.31, 0, 0, 4.46
2019/04/27 03:46:00, 23.75, 23.43, 23.24, 27.11, 25.31, 0, 0, 4.46
2019/04/27 03:47:00, 23.75, 23.46, 23.25, 27.10, 25.31, 0, 0, 4.46
2019/04/27 03:48:00, 23.75, 23.44, 23.24, 27.13, 25.31, 0, 0, 4.46
2019/04/27 03:49:00, 24.00, 23.46, 23.27, 27.13, 25.32, 0, 0, 4.46
2019/04/27 03:50:00, 23.75, 23.43, 23.24, 27.06, 25.31, 0, 0, 4.46
2019/04/27 03:51:00, 23.75, 23.46, 23.21, 27.10, 25.30, 0, 0, 4.46
2019/04/27 03:52:00, 23.75, 23.40, 23.24, 27.13, 25.34, 0, 0, 4.46
2019/04/27 03:53:00, 23.75, 23.44, 23.23, 27.13, 25.31, 0, 0, 4.46
2019/04/27 03:54:00, 23.75, 23.43, 23.25, 27.19, 25.31, 0, 0, 4.46
2019/04/27 03:55:00, 23.75, 23.44, 23.24, 27.15, 25.34, 0, 0, 4.46
2019/04/27 03:56:00, 23.75, 23.43, 23.29, 27.10, 25.33, 0, 0, 4.46
2019/04/27 03:57:00, 23.75, 23.42, 23.24, 27.06, 25.30, 0, 0, 4.46
2019/04/27 03:58:00, 23.75, 23.44, 23.25, 27.06, 25.28, 0, 0, 4.46
2019/04/27 03:59:00, 23.75, 23.44, 23.23, 27.07, 25.31, 0, 0, 4.46
2019/04/27 04:00:00, 23.75, 23.44, 23.25, 27.16, 25.30, 0, 0, 4.46
2019/04/27 04:01:00, 23.75, 23.43, 23.24, 27.13, 25.31, 0, 0, 4.46
2019/04/27 04:02:00, 23.75, 23.43, 23.24, 27.08, 25.28, 0, 0, 4.46
2019/04/27 04:03:00, 23.75, 23.44, 23.23, 27.11, 25.29, 0, 0, 4.46
2019/04/27 04:04:00, 23.75, 23.43, 23.24, 27.11, 25.29, 0, 0, 4.46
2019/04/27 04:05:00, 23.75, 23.42, 23.24, 27.13, 25.30, 0, 0, 4.46
2019/04/27 04:06:00, 23.75, 23.46, 23.22, 27.14, 25.30, 0, 0, 4.46
2019/04/27 04:07:00, 23.75, 23.44, 23.25, 27.10, 25.26, 0, 0, 4.46
2019/04/27 04:08:00, 23.75, 23.46, 23.24, 27.08, 25.26, 0, 0, 4.46
2019/04/27 04:09:00, 23.75, 23.46, 23.27, 27.14, 25.27, 0, 0, 4.46
2019/04/27 04:10:00, 23.75, 23.42, 23.24, 27.07, 25.27, 0, 0, 4.46
2019/04/27 04:11:00, 23.75, 23.44, 23.24, 27.08, 25.25, 0, 0, 4.46
2019/04/27 04:12:00, 23.75, 23.44, 23.23, 27.11, 25.27, 0, 0, 4.46
2019/04/27 04:13:00, 23.75, 23.46, 23.25, 27.07, 25.25, 0, 0, 4.46
2019/04/27 04:14:00, 23.75, 23.46, 23.25, 27.06, 25.22, 0, 0, 4.46
2019/04/27 04:15:00, 23.75, 23.47, 23.27, 27.08, 25.23, 0, 0, 4.46
2019/04/27 04:16:00, 23.75, 23.46, 23.25, 27.09, 25.24, 0, 0, 4.46
2019/04/27 04:17:00, 23.75, 23.46, 23.24, 27.07, 25.23, 0, 0, 4.46
2019/04/27 04:18:00, 23.75, 23.47, 23.25, 27.06, 25.23, 0, 0, 4.46
2019/04/27 04:19:00, 23.75, 23.43, 23.25, 27.10, 25.23, 0, 0, 4.46
2019/04/27 04:20:00, 23.75, 23.46, 23.24, 27.04, 25.22, 0, 0, 4.46
2019/04/27 04:21:00, 23.75, 23.44, 23.24, 27.06, 25.22, 0, 0, 4.46
2019/04/27 04:22:00, 23.75, 23.44, 23.22, 27.04, 25.24, 0, 0, 4.46
2019/04/27 04:23:00, 23.75, 23.44, 23.27, 27.07, 25.25, 0, 0, 4.46
2019/04/27 04:24:00, 23.75, 23.44, 23.25, 27.04, 25.25, 0, 0, 4.46
2019/04/27 04:25:00, 23.75, 23.44, 23.24, 27.09, 25.23, 0, 0, 4.46
2019/04/27 04:26:00, 23.75, 23.43, 23.25, 27.03, 25.21, 0, 0, 4.46
2019/04/27 04:27:00, 23.75, 23.47, 23.27, 27.07, 25.22, 0, 0, 4.46
2019/04/27 04:28:00, 23.75, 23.43, 23.25, 27.06, 25.23, 0, 0, 4.46
2019/04/27 04:29:00, 23.75, 23.44, 23.23, 27.07, 25.21, 0, 0, 4.46
2019/04/27 04:30:00, 23.75, 23.44, 23.23, 27.07, 25.24, 0, 0, 4.46
2019/04/27 04:31:00, 23.75, 23.44, 23.24, 27.06, 25.23, 0, 0, 4.46
2019/04/27 04:32:00, 23.75, 23.46, 23.23, 27.04, 25.23, 0, 0, 4.46
2019/04/27 04:33:00, 23.75, 23.43, 23.23, 27.04, 25.24, 0, 0, 4.46
2019/04/27 04:34:00, 23.75, 23.44, 23.24, 27.06, 25.26, 0, 0, 4.46
2019/04/27 04:35:00, 23.75, 23.43, 23.24, 27.03, 25.24, 0, 0, 4.46
2019/04/27 04:36:00, 23.75, 23.44, 23.22, 27.06, 25.23, 0, 0, 4.46
2019/04/27 04:37:00, 23.75, 23.44, 23.24, 27.06, 25.25, 0, 0, 4.46
2019/04/27 04:38:00, 23.75, 23.46, 23.25, 27.08, 25.28, 0, 0, 4.46
2019/04/27 04:39:00, 23.75, 23.44, 23.23, 27.07, 25.24, 0, 0, 4.46
2019/04/27 04:40:00, 23.75, 23.43, 23.23, 27.06, 25.23, 0, 0, 4.46
2019/04/27 04:41:00, 23.75, 23.44, 23.23, 27.07, 25.28, 0, 0, 4.46
2019/04/27 04:42:00, 23.75, 23.46, 23.22, 27.06, 25.26, 0, 0, 4.46
2019/04/27 04:43:00, 23.75, 23.44, 23.24, 27.10, 25.26, 0, 0, 4.46
2019/04/27 04:44:00, 23.75, 23.40, 23.24, 27.08, 25.26, 0, 0, 4.46
2019/04/27 04:45:00, 23.75, 23.43, 23.20, 27.08, 25.28, 0, 0, 4.46
2019/04/27 04:46:00, 23.75, 23.40, 23.22, 27.17, 25.30, 0, 0, 4.46
2019/04/27 04:47:00, 23.75, 23.44, 23.22, 27.17, 25.32, 0, 0, 4.46
2019/04/27 04:48:00, 23.75, 23.46, 23.21, 27.08, 25.29, 0, 0, 4.46
2019/04/27 04:49:00, 23.75, 23.42, 23.22, 27.11, 25.30, 0, 0, 4.46
2019/04/27 04:50:00, 23.75, 23.43, 23.23, 27.13, 25.31, 0, 0, 4.46
2019/04/27 04:51:00, 23.75, 23.43, 23.22, 27.13, 25.30, 0, 0, 4.46
2019/04/27 04:52:00, 23.75, 23.43, 23.23, 27.13, 25.29, 0, 0, 4.46
2019/04/27 04:53:00, 23.75, 23.40, 23.23, 27.11, 25.31, 0, 0, 4.46
2019/04/27 04:54:00, 23.75, 23.42, 23.22, 27.20, 25.33, 0, 0, 4.46
2019/04/27 04:55:00, 23.75, 23.43, 23.23, 27.16, 25.32, 0, 0, 4.46
2019/04/27 04:56:00, 23.75, 23.40, 23.22, 27.13, 25.31, 0, 0, 4.46
2019/04/27 04:57:00, 23.75, 23.43, 23.23, 27.10, 25.29, 0, 0, 4.46
2019/04/27 04:58:00, 23.75, 23.44, 23.23, 27.11, 25.29, 0, 0, 4.46
2019/04/27 04:59:00, 23.75, 23.43, 23.24, 27.13, 25.29, 0, 0, 4.46
2019/04/27 05:00:00, 23.75, 23.43, 23.23, 27.13, 25.30, 0, 0, 4.46
2019/04/27 05:01:00, 23.75, 23.43, 23.24, 27.10, 25.30, 0, 0, 4.46
2019/04/27 05:02:00, 23.75, 23.43, 23.22, 27.08, 25.29, 0, 0, 4.46
2019/04/27 05:03:00, 23.75, 23.44, 23.24, 27.16, 25.30, 0, 0, 4.46
2019/04/27 05:04:00, 23.75, 23.43, 23.24, 27.15, 25.32, 0, 0, 4.46
2019/04/27 05:05:00, 23.75, 23.46, 23.24, 27.07, 25.29, 0, 0, 4.46
2019/04/27 05:06:00, 23.75, 23.44, 23.23, 27.16, 25.28, 0, 0, 4.46
2019/04/27 05:07:00, 23.75, 23.43, 23.23, 27.11, 25.28, 0, 0, 4.46
2019/04/27 05:08:00, 23.75, 23.43, 23.22, 27.14, 25.30, 0, 0, 4.46
2019/04/27 05:09:00, 23.75, 23.43, 23.24, 27.14, 25.33, 0, 0, 4.46
2019/04/27 05:10:00, 23.75, 23.42, 23.23, 27.08, 25.28, 0, 0, 4.46
2019/04/27 05:11:00, 23.75, 23.42, 23.23, 27.10, 25.25, 0, 0, 4.46
2019/04/27 05:12:00, 23.75, 23.43, 23.20, 27.10, 25.30, 0, 0, 4.46
2019/04/27 05:13:00, 23.75, 23.43, 23.22, 27.17, 25.31, 0, 0, 4.46
2019/04/27 05:14:00, 23.75, 23.40, 23.21, 27.06, 25.32, 0, 0, 4.46
2019/04/27 05:15:00, 23.75, 23.39, 23.21, 27.08, 25.30, 0, 0, 4.46
2019/04/27 05:16:00, 23.75, 23.42, 23.21, 27.12, 25.30, 0, 0, 4.46
2019/04/27 05:17:00, 23.75, 23.42, 23.21, 27.13, 25.30, 0, 0, 4.46
2019/04/27 05:18:00, 23.75, 23.40, 23.22, 27.16, 25.29, 0, 0, 4.46
2019/04/27 05:19:00, 23.75, 23.39, 23.21, 27.13, 25.29, 0, 0, 4.46
2019/04/27 05:20:00, 23.75, 23.43, 23.23, 27.14, 25.29, 0, 0, 4.46
2019/04/27 05:21:00, 23.75, 23.42, 23.21, 27.11, 25.31, 0, 0, 4.46
2019/04/27 05:22:00, 23.75, 23.43, 23.23, 27.10, 25.31, 0, 0, 4.46
2019/04/27 05:23:00, 23.75, 23.43, 23.22, 27.11, 25.28, 0, 0, 4.46
2019/04/27 05:24:00, 23.75, 23.42, 23.22, 27.06, 25.25, 0, 0, 4.46
2019/04/27 05:25:00, 23.75, 23.42, 23.23, 27.11, 25.27, 0, 0, 4.46
2019/04/27 05:26:00, 23.75, 23.43, 23.22, 27.04, 25.26, 0, 0, 4.46
2019/04/27 05:27:00, 23.75, 23.42, 23.22, 27.04, 25.23, 0, 0, 4.46
2019/04/27 05:28:00, 23.75, 23.43, 23.23, 27.08, 25.27, 0, 0, 4.46
2019/04/27 05:29:00, 23.75, 23.43, 23.22, 27.11, 25.26, 0, 0, 4.46
2019/04/27 05:30:00, 23.75, 23.43, 23.21, 27.07, 25.22, 0, 0, 4.46
2019/04/27 05:31:00, 23.75, 23.43, 23.22, 27.05, 25.23, 0, 0, 4.46
2019/04/27 05:32:00, 23.75, 23.42, 23.19, 27.08, 25.25, 0, 0, 4.46
2019/04/27 05:33:00, 23.75, 23.42, 23.22, 27.10, 25.27, 0, 0, 4.46
2019/04/27 05:34:00, 23.75, 23.37, 23.22, 27.05, 25.22, 0, 0, 4.46
2019/04/27 05:35:00, 23.75, 23.40, 23.21, 27.04, 25.25, 0, 0, 4.46
2019/04/27 05:36:00, 23.75, 23.42, 23.20, 27.02, 25.25, 0, 0, 4.46
2019/04/27 05:37:00, 23.75, 23.39, 23.20, 27.01, 25.21, 0, 0, 4.46
2019/04/27 05:38:00, 23.75, 23.43, 23.19, 27.06, 25.24, 0, 0, 4.46
2019/04/27 05:39:00, 23.75, 23.40, 23.22, 27.08, 25.25, 0, 0, 4.46
2019/04/27 05:40:00, 23.75, 23.43, 23.23, 27.01, 25.23, 0, 0, 4.46
2019/04/27 05:41:00, 23.75, 23.44, 23.22, 27.02, 25.21, 0, 0, 4.46
2019/04/27 05:42:00, 23.75, 23.43, 23.22, 27.00, 25.21, 0, 0, 4.46
2019/04/27 05:43:00, 23.75, 23.40, 23.22, 27.06, 25.18, 0, 0, 4.46
2019/04/27 05:44:00, 23.75, 23.42, 23.21, 27.02, 25.18, 0, 0, 4.46
2019/04/27 05:45:00, 23.75, 23.43, 23.22, 26.98, 25.20, 0, 0, 4.46
2019/04/27 05:46:00, 23.75, 23.43, 23.22, 27.03, 25.18, 0, 0, 4.46
2019/04/27 05:47:00, 23.75, 23.42, 23.23, 27.07, 25.21, 0, 0, 4.46
2019/04/27 05:48:00, 23.75, 23.40, 23.22, 27.00, 25.22, 0, 0, 4.46
2019/04/27 05:49:00, 23.75, 23.42, 23.22, 26.98, 25.16, 0, 0, 4.46
2019/04/27 05:50:00, 23.75, 23.42, 23.22, 27.00, 25.17, 0, 0, 4.46
2019/04/27 05:51:00, 23.75, 23.42, 23.22, 26.98, 25.17, 0, 0, 4.46
2019/04/27 05:52:00, 23.75, 23.42, 23.21, 26.98, 25.18, 0, 0, 4.46
2019/04/27 05:53:00, 23.75, 23.43, 23.23, 27.01, 25.18, 0, 0, 4.46
2019/04/27 05:54:00, 23.75, 23.42, 23.22, 26.98, 25.17, 0, 0, 4.46
2019/04/27 05:55:00, 23.75, 23.40, 23.22, 27.01, 25.20, 0, 0, 4.46
2019/04/27 05:56:00, 23.75, 23.40, 23.21, 27.06, 25.20, 0, 0, 4.46
2019/04/27 05:57:00, 23.75, 23.42, 23.19, 27.03, 25.21, 0, 0, 4.46
2019/04/27 05:58:00, 23.75, 23.40, 23.21, 27.00, 25.18, 0, 0, 4.46
2019/04/27 05:59:00, 23.75, 23.40, 23.21, 27.04, 25.20, 0, 0, 4.46
2019/04/27 06:00:00, 23.75, 23.40, 23.20, 26.96, 25.18, 0, 0, 4.46
2019/04/27 06:01:00, 23.75, 23.40, 23.22, 26.94, 25.17, 0, 0, 4.46
2019/04/27 06:02:00, 23.75, 23.42, 23.21, 27.02, 25.17, 0, 0, 4.46
2019/04/27 06:03:00, 23.75, 23.42, 23.21, 27.04, 25.17, 0, 0, 4.46
2019/04/27 06:04:00, 23.75, 23.40, 23.21, 26.97, 25.18, 0, 0, 4.46
2019/04/27 06:05:00, 23.75, 23.40, 23.22, 26.99, 25.17, 0, 0, 4.46
2019/04/27 06:06:00, 23.75, 23.43, 23.22, 26.95, 25.17, 0, 0, 4.46
2019/04/27 06:07:00, 23.75, 23.40, 23.20, 26.99, 25.17, 0, 0, 4.46
2019/04/27 06:08:00, 23.75, 23.40, 23.21, 27.02, 25.18, 0, 0, 4.46
2019/04/27 06:09:00, 23.75, 23.44, 23.21, 27.01, 25.20, 0, 0, 4.46
2019/04/27 06:10:00, 23.75, 23.42, 23.20, 26.94, 25.15, 0, 0, 4.46
2019/04/27 06:11:00, 23.75, 23.42, 23.21, 26.95, 25.16, 0, 0, 4.46
2019/04/27 06:12:00, 23.75, 23.42, 23.20, 26.95, 25.15, 0, 0, 4.46
2019/04/27 06:13:00, 23.75, 23.42, 23.20, 26.98, 25.17, 0, 0, 4.46
2019/04/27 06:14:00, 23.75, 23.42, 23.22, 27.01, 25.18, 0, 0, 4.46
2019/04/27 06:15:00, 23.75, 23.42, 23.22, 26.98, 25.17, 0, 0, 4.46
2019/04/27 06:16:00, 23.75, 23.43, 23.22, 26.98, 25.17, 0, 0, 4.46
2019/04/27 06:17:00, 23.75, 23.44, 23.22, 26.98, 25.17, 0, 0, 4.46
2019/04/27 06:18:00, 23.75, 23.44, 23.22, 26.96, 25.15, 0, 0, 4.46
2019/04/27 06:19:00, 23.75, 23.44, 23.22, 26.98, 25.15, 0, 0, 4.46
2019/04/27 06:20:00, 23.75, 23.44, 23.23, 26.97, 25.15, 0, 0, 4.46
2019/04/27 06:21:00, 23.75, 23.43, 23.23, 27.00, 25.15, 0, 0, 4.46
2019/04/27 06:22:00, 23.75, 23.44, 23.22, 26.95, 25.11, 0, 0, 4.46
2019/04/27 06:23:00, 23.75, 23.42, 23.22, 26.97, 25.11, 0, 0, 4.46
2019/04/27 06:24:00, 23.75, 23.43, 23.23, 26.94, 25.12, 0, 0, 4.46
2019/04/27 06:25:00, 23.75, 23.44, 23.25, 26.94, 25.12, 0, 0, 4.46
2019/04/27 06:26:00, 23.75, 23.40, 23.22, 26.97, 25.12, 0, 0, 4.46
2019/04/27 06:27:00, 23.75, 23.42, 23.23, 26.94, 25.14, 0, 0, 4.46
2019/04/27 06:28:00, 23.75, 23.43, 23.21, 26.91, 25.13, 0, 0, 4.46
2019/04/27 06:29:00, 23.75, 23.42, 23.23, 26.95, 25.13, 0, 0, 4.46
2019/04/27 06:30:00, 23.75, 23.42, 23.23, 26.91, 25.12, 0, 0, 4.46
2019/04/27 06:31:00, 23.75, 23.42, 23.22, 26.93, 25.14, 0, 0, 4.46
2019/04/27 06:32:00, 23.75, 23.43, 23.23, 26.98, 25.12, 0, 0, 4.46
2019/04/27 06:33:00, 23.75, 23.40, 23.23, 26.95, 25.14, 0, 0, 4.46
2019/04/27 06:34:00, 23.75, 23.42, 23.23, 26.97, 25.12, 0, 0, 4.46
2019/04/27 06:35:00, 23.75, 23.40, 23.24, 26.92, 25.10, 0, 0, 4.46
2019/04/27 06:36:00, 23.75, 23.43, 23.23, 26.88, 25.08, 0, 0, 4.46
2019/04/27 06:37:00, 23.75, 23.44, 23.24, 26.91, 25.10, 0, 0, 4.46
2019/04/27 06:38:00, 23.75, 23.47, 23.23, 26.92, 25.08, 0, 0, 4.46
2019/04/27 06:39:00, 23.75, 23.43, 23.23, 26.90, 25.07, 0, 0, 4.46
2019/04/27 06:40:00, 23.75, 23.43, 23.24, 26.97, 25.13, 0, 0, 4.46
2019/04/27 06:41:00, 23.75, 23.46, 23.27, 26.87, 25.11, 0, 0, 4.46
2019/04/27 06:42:00, 23.75, 23.46, 23.25, 26.90, 25.06, 0, 0, 4.46
2019/04/27 06:43:00, 23.75, 23.47, 23.25, 26.90, 25.06, 0, 0, 4.46
2019/04/27 06:44:00, 23.75, 23.44, 23.28, 26.88, 25.06, 0, 0, 4.46
2019/04/27 06:45:00, 23.75, 23.46, 23.28, 26.85, 25.03, 0, 0, 4.46
2019/04/27 06:46:00, 23.75, 23.47, 23.25, 26.88, 25.05, 0, 0, 4.46
2019/04/27 06:47:00, 23.75, 23.46, 23.25, 26.90, 25.04, 0, 0, 4.46
2019/04/27 06:48:00, 23.75, 23.49, 23.27, 26.86, 25.06, 0, 0, 4.46
2019/04/27 06:49:00, 23.75, 23.46, 23.25, 26.84, 25.03, 0, 0, 4.46
2019/04/27 06:50:00, 23.75, 23.46, 23.25, 26.79, 25.05, 0, 0, 4.46
2019/04/27 06:51:00, 23.75, 23.47, 23.28, 26.87, 25.05, 0, 0, 4.46
2019/04/27 06:52:00, 23.75, 23.46, 23.28, 26.82, 25.05, 0, 0, 4.46
2019/04/27 06:53:00, 23.75, 23.47, 23.28, 26.85, 25.03, 0, 0, 4.46
2019/04/27 06:54:00, 23.75, 23.47, 23.28, 26.84, 25.02, 0, 0, 4.46
2019/04/27 06:55:00, 23.75, 23.49, 23.28, 26.82, 25.00, 0, 0, 4.46
2019/04/27 06:56:00, 23.75, 23.49, 23.28, 26.87, 25.02, 0, 0, 4.46
2019/04/27 06:57:00, 23.75, 23.49, 23.28, 26.79, 25.00, 0, 0, 4.46
2019/04/27 06:58:00, 23.75, 23.49, 23.28, 26.82, 24.99, 0, 0, 4.46
2019/04/27 06:59:00, 23.75, 23.47, 23.28, 26.81, 24.98, 0, 0, 4.46
2019/04/27 07:00:00, 23.75, 23.46, 23.28, 26.88, 24.99, 0, 0, 4.46
2019/04/27 07:01:00, 23.75, 23.49, 23.29, 26.78, 24.96, 0, 0, 4.46
2019/04/27 07:02:00, 23.75, 23.47, 23.28, 26.79, 24.97, 0, 0, 4.46
2019/04/27 07:03:00, 23.75, 23.49, 23.28, 26.81, 24.95, 0, 0, 4.46
2019/04/27 07:04:00, 23.75, 23.49, 23.28, 26.76, 24.97, 0, 0, 4.46
2019/04/27 07:05:00, 23.75, 23.49, 23.29, 26.79, 24.96, 0, 0, 4.46
2019/04/27 07:06:00, 23.75, 23.52, 23.28, 26.77, 24.97, 0, 0, 4.46
2019/04/27 07:07:00, 23.75, 23.47, 23.29, 26.81, 24.97, 0, 0, 4.46
2019/04/27 07:08:00, 23.75, 23.47, 23.28, 26.78, 24.97, 0, 0, 4.46
2019/04/27 07:09:00, 23.75, 23.49, 23.30, 26.72, 24.96, 0, 0, 4.46
2019/04/27 07:10:00, 23.75, 23.49, 23.30, 26.83, 24.98, 0, 0, 4.46
2019/04/27 07:11:00, 23.75, 23.44, 23.29, 26.74, 24.93, 0, 0, 4.46
2019/04/27 07:12:00, 23.75, 23.47, 23.27, 26.72, 24.92, 0, 0, 4.46
2019/04/27 07:13:00, 23.75, 23.49, 23.29, 26.79, 24.94, 0, 0, 4.46
2019/04/27 07:14:00, 23.75, 23.47, 23.29, 26.72, 24.92, 0, 0, 4.46
2019/04/27 07:15:00, 23.75, 23.47, 23.31, 26.80, 24.94, 0, 0, 4.46
2019/04/27 07:16:00, 23.75, 23.49, 23.31, 26.72, 24.92, 0, 0, 4.46
2019/04/27 07:17:00, 23.75, 23.50, 23.29, 26.74, 24.89, 0, 0, 4.46
2019/04/27 07:18:00, 23.75, 23.50, 23.30, 26.77, 24.92, 0, 0, 4.46
2019/04/27 07:19:00, 23.75, 23.47, 23.29, 26.74, 24.92, 0, 0, 4.46
2019/04/27 07:20:00, 23.75, 23.49, 23.30, 26.77, 24.92, 0, 0, 4.46
2019/04/27 07:21:00, 23.75, 23.47, 23.30, 26.71, 24.95, 0, 0, 4.46
2019/04/27 07:22:00, 23.75, 23.49, 23.31, 26.72, 24.93, 0, 0, 4.46
2019/04/27 07:23:00, 23.75, 23.49, 23.29, 26.78, 24.89, 0, 0, 4.46
2019/04/27 07:24:00, 23.75, 23.53, 23.32, 26.72, 24.89, 0, 0, 4.46
2019/04/27 07:25:00, 23.75, 23.49, 23.32, 26.72, 24.88, 0, 0, 4.46
2019/04/27 07:26:00, 23.75, 23.49, 23.28, 26.69, 24.88, 0, 0, 4.46
2019/04/27 07:27:00, 23.75, 23.50, 23.29, 26.71, 24.90, 0, 0, 4.46
2019/04/27 07:28:00, 23.75, 23.50, 23.30, 26.72, 24.90, 0, 0, 4.46
2019/04/27 07:29:00, 23.75, 23.49, 23.28, 26.71, 24.92, 0, 0, 4.46
2019/04/27 07:30:00, 23.75, 23.50, 23.30, 26.72, 24.90, 0, 0, 4.46
2019/04/27 07:31:00, 23.75, 23.49, 23.31, 26.75, 24.89, 0, 0, 4.46
2019/04/27 07:32:00, 23.75, 23.50, 23.32, 26.75, 24.89, 0, 0, 4.46
2019/04/27 07:33:00, 23.75, 23.50, 23.33, 26.73, 24.89, 0, 0, 4.46
2019/04/27 07:34:00, 23.75, 23.50, 23.32, 26.69, 24.89, 0, 0, 4.46
2019/04/27 07:35:00, 23.75, 23.49, 23.33, 26.68, 24.88, 0, 0, 4.46
2019/04/27 07:36:00, 23.75, 23.52, 23.31, 26.69, 24.86, 0, 0, 4.46
2019/04/27 07:37:00, 23.75, 23.50, 23.31, 26.72, 24.86, 0, 0, 4.46
2019/04/27 07:38:00, 23.75, 23.50, 23.31, 26.71, 24.86, 0, 0, 4.46
2019/04/27 07:39:00, 23.75, 23.52, 23.31, 26.72, 24.86, 0, 0, 4.46
2019/04/27 07:40:00, 23.75, 23.49, 23.32, 26.72, 24.89, 0, 0, 4.46
2019/04/27 07:41:00, 23.75, 23.52, 23.30, 26.66, 24.88, 0, 0, 4.46
2019/04/27 07:42:00, 23.75, 23.50, 23.31, 26.66, 24.88, 0, 0, 4.46
2019/04/27 07:43:00, 23.75, 23.49, 23.32, 26.71, 24.89, 0, 0, 4.46
2019/04/27 07:44:00, 23.75, 23.50, 23.33, 26.72, 24.90, 0, 0, 4.46
2019/04/27 07:45:00, 23.75, 23.52, 23.34, 26.67, 24.88, 0, 0, 4.46
2019/04/27 07:46:00, 23.75, 23.53, 23.34, 26.68, 24.85, 0, 0, 4.46
2019/04/27 07:47:00, 23.75, 23.52, 23.34, 26.62, 24.86, 0, 0, 4.46
2019/04/27 07:48:00, 23.75, 23.52, 23.34, 26.69, 24.84, 0, 0, 4.46
2019/04/27 07:49:00, 23.75, 23.52, 23.33, 26.68, 24.86, 0, 0, 4.46
2019/04/27 07:50:00, 23.75, 23.52, 23.34, 26.64, 24.83, 0, 0, 4.46
2019/04/27 07:51:00, 23.75, 23.53, 23.32, 26.74, 24.87, 0, 0, 4.46
2019/04/27 07:52:00, 23.75, 23.52, 23.33, 26.67, 24.87, 0, 0, 4.46
2019/04/27 07:53:00, 23.75, 23.53, 23.32, 26.71, 24.89, 0, 0, 4.46
2019/04/27 07:54:00, 23.75, 23.52, 23.35, 26.67, 24.86, 0, 0, 4.46
2019/04/27 07:55:00, 23.75, 23.52, 23.33, 26.70, 24.86, 0, 0, 4.46
2019/04/27 07:56:00, 23.75, 23.53, 23.33, 26.65, 24.85, 0, 0, 4.46
2019/04/27 07:57:00, 23.75, 23.54, 23.34, 26.68, 24.86, 0, 0, 4.46
2019/04/27 07:58:00, 23.75, 23.54, 23.33, 26.70, 24.87, 0, 0, 4.46
2019/04/27 07:59:00, 23.75, 23.54, 23.35, 26.65, 24.87, 0, 0, 4.46
2019/04/27 08:00:00, 23.75, 23.54, 23.33, 26.70, 24.86, 0, 0, 4.46
2019/04/27 08:01:00, 23.75, 23.53, 23.33, 26.75, 24.87, 0, 0, 4.46
2019/04/27 08:02:00, 23.75, 23.52, 23.34, 26.75, 24.88, 0, 0, 4.46
2019/04/27 08:03:00, 23.75, 23.53, 23.34, 26.70, 24.88, 0, 0, 4.46
2019/04/27 08:04:00, 23.75, 23.53, 23.35, 26.71, 24.90, 0, 0, 4.46
2019/04/27 08:05:00, 24.00, 23.54, 23.35, 26.70, 24.89, 0, 0, 4.46
2019/04/27 08:06:00, 23.75, 23.56, 23.35, 26.73, 24.89, 0, 0, 4.46
2019/04/27 08:07:00, 23.75, 23.54, 23.35, 26.77, 24.89, 0, 0, 4.46
2019/04/27 08:08:00, 23.75, 23.54, 23.35, 26.67, 24.89, 0, 0, 4.46
2019/04/27 08:09:00, 23.75, 23.56, 23.36, 26.73, 24.87, 0, 0, 4.46
2019/04/27 08:10:00, 24.00, 23.54, 23.37, 26.73, 24.89, 0, 0, 4.46
2019/04/27 08:11:00, 24.00, 23.57, 23.37, 26.74, 24.87, 0, 0, 4.46
2019/04/27 08:12:00, 24.00, 23.59, 23.35, 26.67, 24.89, 0, 0, 4.46
2019/04/27 08:13:00, 24.00, 23.57, 23.37, 26.71, 24.88, 0, 0, 4.46
2019/04/27 08:14:00, 24.00, 23.56, 23.39, 26.72, 24.87, 0, 0, 4.46
2019/04/27 08:15:00, 24.00, 23.57, 23.37, 26.70, 24.88, 0, 0, 4.46
2019/04/27 08:16:00, 24.00, 23.59, 23.37, 26.70, 24.89, 0, 0, 4.46
2019/04/27 08:17:00, 24.00, 23.57, 23.38, 26.70, 24.90, 0, 0, 4.46
2019/04/27 08:18:00, 24.00, 23.59, 23.39, 26.68, 24.87, 0, 0, 4.46
2019/04/27 08:19:00, 24.00, 23.60, 23.39, 26.72, 24.88, 0, 0, 4.46
2019/04/27 08:20:00, 24.00, 23.61, 23.38, 26.76, 24.91, 0, 0, 4.46
2019/04/27 08:21:00, 24.00, 23.59, 23.38, 26.71, 24.87, 0, 0, 4.46
2019/04/27 08:22:00, 24.00, 23.57, 23.39, 26.72, 24.88, 0, 0, 4.46
2019/04/27 08:23:00, 24.00, 23.59, 23.38, 26.73, 24.89, 0, 0, 4.46
2019/04/27 08:24:00, 24.00, 23.59, 23.39, 26.77, 24.90, 0, 0, 4.46
2019/04/27 08:25:00, 24.00, 23.59, 23.42, 26.76, 24.90, 0, 0, 4.46
2019/04/27 08:26:00, 24.00, 23.59, 23.41, 26.72, 24.90, 0, 0, 4.46
2019/04/27 08:27:00, 24.00, 23.60, 23.41, 26.70, 24.89, 0, 0, 4.46
2019/04/27 08:28:00, 24.00, 23.61, 23.42, 26.72, 24.89, 0, 0, 4.46
2019/04/27 08:29:00, 24.00, 23.60, 23.43, 26.72, 24.90, 0, 0, 4.46
2019/04/27 08:30:00, 24.00, 23.59, 23.42, 26.72, 24.89, 0, 0, 4.46
2019/04/27 08:31:00, 24.00, 23.59, 23.42, 26.73, 24.89, 0, 0, 4.46
2019/04/27 08:32:00, 24.00, 23.60, 23.42, 26.68, 24.87, 0, 0, 4.46
2019/04/27 08:33:00, 24.00, 23.60, 23.39, 26.75, 24.88, 0, 0, 4.46
2019/04/27 08:34:00, 24.00, 23.60, 23.41, 26.76, 24.92, 0, 0, 4.46
2019/04/27 08:35:00, 24.00, 23.61, 23.42, 26.73, 24.94, 0, 0, 4.46
2019/04/27 08:36:00, 24.00, 23.63, 23.41, 26.73, 24.92, 0, 0, 4.46
2019/04/27 08:37:00, 24.00, 23.61, 23.41, 26.75, 24.95, 0, 0, 4.46
2019/04/27 08:38:00, 24.00, 23.63, 23.43, 26.76, 24.94, 0, 0, 4.46
2019/04/27 08:39:00, 24.00, 23.61, 23.44, 26.78, 24.95, 0, 0, 4.46
2019/04/27 08:40:00, 24.00, 23.63, 23.44, 26.77, 24.93, 0, 0, 4.46
2019/04/27 08:41:00, 24.00, 23.65, 23.45, 26.78, 24.95, 0, 0, 4.46
2019/04/27 08:42:00, 24.00, 23.61, 23.44, 26.75, 24.91, 0, 0, 4.46
2019/04/27 08:43:00, 24.00, 23.63, 23.44, 26.78, 24.94, 0, 0, 4.46
2019/04/27 08:44:00, 24.00, 23.63, 23.43, 26.79, 24.92, 0, 0, 4.46
2019/04/27 08:45:00, 24.00, 23.63, 23.42, 26.76, 24.95, 0, 0, 4.46
2019/04/27 08:46:00, 24.00, 23.63, 23.44, 26.82, 24.96, 0, 0, 4.46
2019/04/27 08:47:00, 24.00, 23.63, 23.44, 26.78, 24.95, 0, 0, 4.46
2019/04/27 08:48:00, 24.00, 23.61, 23.44, 26.78, 24.93, 0, 0, 4.46
2019/04/27 08:49:00, 24.00, 23.63, 23.44, 26.76, 24.94, 0, 0, 4.46
2019/04/27 08:50:00, 24.00, 23.63, 23.44, 26.78, 24.94, 0, 0, 4.46
2019/04/27 08:51:00, 24.00, 23.64, 23.43, 26.75, 24.97, 0, 0, 4.46
2019/04/27 08:52:00, 24.00, 23.61, 23.45, 26.76, 24.97, 0, 0, 4.46
2019/04/27 08:53:00, 24.00, 23.63, 23.44, 26.82, 24.99, 0, 0, 4.46
2019/04/27 08:54:00, 24.00, 23.64, 23.44, 26.81, 24.98, 0, 0, 4.46
2019/04/27 08:55:00, 24.00, 23.63, 23.45, 26.84, 24.97, 0, 0, 4.46
2019/04/27 08:56:00, 24.00, 23.63, 23.47, 26.76, 24.99, 0, 0, 4.46
2019/04/27 08:57:00, 24.00, 23.64, 23.47, 26.84, 24.99, 0, 0, 4.46
2019/04/27 08:58:00, 24.00, 23.67, 23.47, 26.77, 24.99, 0, 0, 4.46
2019/04/27 08:59:00, 24.00, 23.68, 23.47, 26.79, 24.97, 0, 0, 4.46
2019/04/27 09:00:00, 24.00, 23.68, 23.47, 26.81, 24.94, 0, 0, 4.46
2019/04/27 09:01:00, 24.00, 23.68, 23.50, 26.84, 24.97, 0, 0, 4.46
2019/04/27 09:02:00, 24.00, 23.71, 23.53, 26.74, 24.96, 0, 0, 4.46
2019/04/27 09:03:00, 24.00, 23.71, 23.51, 26.78, 24.96, 0, 0, 4.46
2019/04/27 09:04:00, 24.00, 23.71, 23.52, 26.73, 24.93, 0, 0, 4.46
2019/04/27 09:05:00, 24.00, 23.74, 23.56, 26.76, 24.92, 0, 0, 4.46
2019/04/27 09:06:00, 24.00, 23.76, 23.57, 26.74, 24.92, 0, 0, 4.46
2019/04/27 09:07:00, 24.00, 23.77, 23.60, 26.74, 24.91, 0, 0, 4.46
2019/04/27 09:08:00, 24.00, 23.76, 23.59, 26.72, 24.88, 0, 0, 4.46
2019/04/27 09:09:00, 24.00, 23.80, 23.58, 26.73, 24.89, 0, 0, 4.46
2019/04/27 09:10:00, 24.00, 23.79, 23.63, 26.76, 24.90, 0, 0, 4.46
2019/04/27 09:11:00, 24.00, 23.81, 23.61, 26.69, 24.86, 0, 0, 4.46
2019/04/27 09:12:00, 24.00, 23.81, 23.64, 26.73, 24.87, 0, 0, 4.46
2019/04/27 09:13:00, 24.00, 23.84, 23.63, 26.72, 24.87, 0, 0, 4.46
2019/04/27 09:14:00, 24.00, 23.84, 23.66, 26.70, 24.89, 0, 0, 4.46
2019/04/27 09:15:00, 24.00, 23.85, 23.65, 26.69, 24.85, 0, 0, 4.46
2019/04/27 09:16:00, 24.00, 23.87, 23.66, 26.68, 24.86, 0, 0, 4.46
2019/04/27 09:17:00, 24.00, 23.87, 23.67, 26.69, 24.85, 0, 0, 4.46
2019/04/27 09:18:00, 24.00, 23.87, 23.69, 26.75, 24.89, 0, 0, 4.46
2019/04/27 09:19:00, 24.00, 23.88, 23.71, 26.75, 24.88, 0, 0, 4.46
2019/04/27 09:20:00, 24.00, 23.90, 23.71, 26.69, 24.86, 0, 0, 4.46
2019/04/27 09:21:00, 24.00, 23.91, 23.71, 26.70, 24.87, 0, 0, 4.46
2019/04/27 09:22:00, 24.00, 23.92, 23.74, 26.61, 24.86, 0, 0, 4.46
2019/04/27 09:23:00, 24.00, 23.95, 23.73, 26.70, 24.84, 0, 0, 4.46
2019/04/27 09:24:00, 24.00, 23.97, 23.76, 26.68, 24.83, 0, 0, 4.46
2019/04/27 09:25:00, 24.00, 23.94, 23.76, 26.70, 24.84, 0, 0, 4.46
2019/04/27 09:26:00, 24.00, 23.97, 23.76, 26.66, 24.84, 0, 0, 4.46
2019/04/27 09:27:00, 24.00, 23.97, 23.77, 26.67, 24.86, 0, 0, 4.46
2019/04/27 09:28:00, 24.00, 23.98, 23.78, 26.63, 24.86, 0, 0, 4.46
2019/04/27 09:29:00, 24.00, 23.98, 23.79, 26.67, 24.86, 0, 0, 4.46
2019/04/27 09:30:00, 24.00, 23.99, 23.79, 26.66, 24.86, 0, 0, 4.46
2019/04/27 09:31:00, 24.00, 24.01, 23.81, 26.69, 24.87, 0, 0, 4.46
2019/04/27 09:32:00, 24.00, 23.99, 23.82, 26.70, 24.85, 0, 0, 4.46
2019/04/27 09:33:00, 24.00, 24.01, 23.83, 26.74, 24.89, 0, 0, 4.46
2019/04/27 09:34:00, 24.00, 24.01, 23.82, 26.76, 24.93, 0, 0, 4.46
2019/04/27 09:35:00, 24.25, 24.02, 23.84, 26.73, 24.93, 0, 0, 4.46
2019/04/27 09:36:00, 24.00, 24.02, 23.86, 26.73, 24.95, 0, 0, 4.46
2019/04/27 09:37:00, 24.25, 24.02, 23.86, 26.68, 24.88, 0, 0, 4.46
2019/04/27 09:38:00, 24.25, 24.02, 23.86, 26.78, 24.91, 0, 0, 4.46
2019/04/27 09:39:00, 24.25, 24.02, 23.86, 26.82, 24.96, 0, 0, 4.46
2019/04/27 09:40:00, 24.25, 24.08, 23.91, 26.78, 24.96, 0, 0, 4.46
2019/04/27 09:41:00, 24.25, 24.08, 23.88, 26.75, 24.95, 0, 0, 4.46
2019/04/27 09:42:00, 24.25, 24.07, 23.91, 26.78, 24.95, 0, 0, 4.46
2019/04/27 09:43:00, 24.25, 24.11, 23.91, 26.80, 24.96, 0, 0, 4.46
2019/04/27 09:44:00, 24.25, 24.12, 23.92, 26.75, 24.96, 0, 0, 4.46
2019/04/27 09:45:00, 24.25, 24.09, 23.93, 26.76, 24.92, 0, 0, 4.46
2019/04/27 09:46:00, 24.25, 24.11, 23.93, 26.83, 24.96, 0, 0, 4.46
2019/04/27 09:47:00, 24.25, 24.11, 23.94, 26.80, 24.96, 0, 0, 4.46
2019/04/27 09:48:00, 24.25, 24.14, 23.94, 26.82, 24.96, 0, 0, 4.46
2019/04/27 09:49:00, 24.25, 24.15, 23.96, 26.83, 24.96, 0, 0, 4.46
2019/04/27 09:50:00, 24.25, 24.15, 23.96, 26.79, 24.96, 0, 0, 4.46
2019/04/27 09:51:00, 24.25, 24.16, 23.96, 26.80, 24.98, 0, 0, 4.46
2019/04/27 09:52:00, 24.25, 24.15, 24.00, 26.79, 24.99, 0, 0, 4.46
2019/04/27 09:53:00, 24.25, 24.15, 24.01, 26.74, 24.98, 0, 0, 4.46
2019/04/27 09:54:00, 24.25, 24.20, 24.00, 26.82, 24.99, 0, 0, 4.46
2019/04/27 09:55:00, 24.25, 24.19, 24.01, 26.76, 24.99, 0, 0, 4.46
2019/04/27 09:56:00, 24.25, 24.18, 23.98, 26.85, 25.02, 0, 0, 4.46
2019/04/27 09:57:00, 24.25, 24.18, 24.02, 26.82, 25.00, 0, 0, 4.46
2019/04/27 09:58:00, 24.25, 24.20, 24.02, 26.86, 25.02, 0, 0, 4.46
2019/04/27 09:59:00, 24.25, 24.22, 24.06, 26.81, 24.99, 0, 0, 4.46
2019/04/27 10:00:00, 24.25, 24.22, 24.05, 26.88, 25.00, 0, 0, 4.46
2019/04/27 10:01:00, 24.25, 24.23, 24.07, 26.81, 25.01, 0, 0, 4.46
2019/04/27 10:02:00, 24.25, 24.25, 24.07, 26.81, 24.98, 0, 0, 4.46
2019/04/27 10:03:00, 24.25, 24.23, 24.06, 26.87, 25.01, 0, 0, 4.46
2019/04/27 10:04:00, 24.25, 24.25, 24.06, 26.80, 24.99, 0, 0, 4.46
2019/04/27 10:05:00, 24.25, 24.25, 24.06, 26.80, 25.00, 0, 0, 4.46
2019/04/27 10:06:00, 24.25, 24.25, 24.07, 26.83, 25.00, 0, 0, 4.46
2019/04/27 10:07:00, 24.25, 24.25, 24.10, 26.83, 25.01, 0, 0, 4.46
2019/04/27 10:08:00, 24.25, 24.26, 24.09, 26.80, 24.99, 0, 0, 4.46
2019/04/27 10:09:00, 24.25, 24.29, 24.09, 26.84, 24.97, 0, 0, 4.46
2019/04/27 10:10:00, 24.25, 24.29, 24.10, 26.83, 25.00, 0, 0, 4.46
2019/04/27 10:11:00, 24.25, 24.27, 24.10, 26.83, 24.98, 0, 0, 4.46
2019/04/27 10:12:00, 24.25, 24.29, 24.12, 26.81, 24.98, 0, 0, 4.46
2019/04/27 10:13:00, 24.25, 24.29, 24.11, 26.80, 24.99, 0, 0, 4.46
2019/04/27 10:14:00, 24.25, 24.32, 24.13, 26.80, 24.99, 0, 0, 4.46
2019/04/27 10:15:00, 24.25, 24.27, 24.13, 26.80, 24.99, 0, 0, 4.46
2019/04/27 10:16:00, 24.25, 24.31, 24.11, 26.86, 24.99, 0, 0, 4.46
2019/04/27 10:17:00, 24.25, 24.27, 24.16, 26.77, 24.99, 0, 0, 4.46
2019/04/27 10:18:00, 24.25, 24.31, 24.13, 26.84, 24.99, 0, 0, 4.46
2019/04/27 10:19:00, 24.25, 24.31, 24.12, 26.82, 25.04, 0, 0, 4.46
2019/04/27 10:20:00, 24.25, 24.32, 24.13, 26.80, 25.02, 0, 0, 4.46
2019/04/27 10:21:00, 24.50, 24.29, 24.11, 26.83, 24.99, 0, 0, 4.46
2019/04/27 10:22:00, 24.50, 24.32, 24.13, 26.84, 25.04, 0, 0, 4.46
2019/04/27 10:23:00, 24.50, 24.31, 24.13, 26.84, 25.03, 0, 0, 4.46
2019/04/27 10:24:00, 24.50, 24.29, 24.11, 26.83, 25.01, 0, 0, 4.46
2019/04/27 10:25:00, 24.50, 24.31, 24.12, 26.92, 25.05, 0, 0, 4.46
2019/04/27 10:26:00, 24.50, 24.29, 24.13, 26.87, 25.04, 0, 0, 4.46
2019/04/27 10:27:00, 24.50, 24.31, 24.13, 26.87, 25.07, 0, 0, 4.46
2019/04/27 10:28:00, 24.50, 24.31, 24.13, 26.84, 25.02, 0, 0, 4.46
2019/04/27 10:29:00, 24.50, 24.32, 24.13, 26.84, 25.02, 0, 0, 4.46
2019/04/27 10:30:00, 24.50, 24.29, 24.13, 26.80, 25.01, 0, 0, 4.46
2019/04/27 10:31:00, 24.50, 24.32, 24.11, 26.81, 25.01, 0, 0, 4.46
2019/04/27 10:32:00, 24.50, 24.32, 24.13, 26.82, 25.01, 0, 0, 4.46
2019/04/27 10:33:00, 24.50, 24.32, 24.12, 26.79, 25.02, 0, 0, 4.46
2019/04/27 10:34:00, 24.50, 24.32, 24.13, 26.79, 25.01, 0, 0, 4.46
2019/04/27 10:35:00, 24.50, 24.33, 24.15, 26.80, 24.99, 0, 0, 4.46
2019/04/27 10:36:00, 24.50, 24.29, 24.13, 26.74, 24.98, 0, 0, 4.46
2019/04/27 10:37:00, 24.50, 24.32, 24.15, 26.76, 24.97, 0, 0, 4.46
2019/04/27 10:38:00, 24.50, 24.31, 24.13, 26.77, 24.97, 0, 0, 4.46
2019/04/27 10:39:00, 24.50, 24.33, 24.13, 26.82, 24.97, 0, 0, 4.46
2019/04/27 10:40:00, 24.50, 24.32, 24.12, 26.74, 24.96, 0, 0, 4.46
2019/04/27 10:41:00, 24.50, 24.32, 24.16, 26.80, 24.94, 0, 0, 4.46
2019/04/27 10:42:00, 24.50, 24.33, 24.15, 26.76, 24.92, 0, 0, 4.46
2019/04/27 10:43:00, 24.50, 24.33, 24.16, 26.71, 24.91, 0, 0, 4.46
2019/04/27 10:44:00, 24.50, 24.33, 24.16, 26.70, 24.89, 0, 0, 4.46
2019/04/27 10:45:00, 24.50, 24.35, 24.13, 26.70, 24.88, 0, 0, 4.46
2019/04/27 10:46:00, 24.50, 24.36, 24.16, 26.70, 24.86, 0, 0, 4.46
2019/04/27 10:47:00, 24.50, 24.33, 24.16, 26.65, 24.83, 0, 0, 4.46
2019/04/27 10:48:00, 24.50, 24.32, 24.16, 26.65, 24.83, 0, 0, 4.46
2019/04/27 10:49:00, 24.50, 24.32, 24.12, 26.60, 24.80, 0, 0, 4.46
2019/04/27 10:50:00, 24.50, 24.32, 24.12, 26.65, 24.79, 0, 0, 4.46
2019/04/27 10:51:00, 24.50, 24.31, 24.15, 26.61, 24.76, 0, 0, 4.46
2019/04/27 10:52:00, 24.50, 24.32, 24.13, 26.59, 24.76, 0, 0, 4.46
2019/04/27 10:53:00, 24.50, 24.32, 24.13, 26.55, 24.76, 0, 0, 4.46
2019/04/27 10:54:00, 24.50, 24.32, 24.15, 26.55, 24.76, 0, 0, 4.46
2019/04/27 10:55:00, 24.50, 24.35, 24.16, 26.51, 24.73, 0, 0, 4.46
2019/04/27 10:56:00, 24.50, 24.33, 24.13, 26.52, 24.69, 0, 0, 4.46
2019/04/27 10:57:00, 24.50, 24.32, 24.15, 26.46, 24.66, 0, 0, 4.46
2019/04/27 10:58:00, 24.50, 24.32, 24.13, 26.46, 24.66, 0, 0, 4.46
2019/04/27 10:59:00, 24.50, 24.32, 24.15, 26.42, 24.63, 0, 0, 4.46
2019/04/27 11:00:00, 24.50, 24.32, 24.13, 26.42, 24.62, 0, 0, 4.46
2019/04/27 11:01:00, 24.50, 24.31, 24.16, 26.39, 24.59, 0, 0, 4.46
2019/04/27 11:02:00, 24.50, 24.32, 24.12, 26.33, 24.56, 0, 0, 4.46
2019/04/27 11:03:00, 24.50, 24.33, 24.13, 26.33, 24.54, 0, 0, 4.46
2019/04/27 11:04:00, 24.50, 24.32, 24.13, 26.36, 24.53, 0, 0, 4.46
2019/04/27 11:05:00, 24.50, 24.31, 24.15, 26.32, 24.53, 0, 0, 4.46
2019/04/27 11:06:00, 24.50, 24.35, 24.16, 26.30, 24.49, 0, 0, 4.46
2019/04/27 11:07:00, 24.50, 24.31, 24.13, 26.26, 24.45, 0, 0, 4.46
2019/04/27 11:08:00, 24.50, 24.31, 24.15, 26.29, 24.44, 0, 0, 4.46
2019/04/27 11:09:00, 24.50, 24.31, 24.11, 26.24, 24.44, 0, 0, 4.46
2019/04/27 11:10:00, 24.50, 24.32, 24.11, 26.21, 24.42, 0, 0, 4.46
2019/04/27 11:11:00, 24.50, 24.31, 24.13, 26.23, 24.40, 0, 0, 4.46
2019/04/27 11:12:00, 24.50, 24.27, 24.12, 26.14, 24.36, 0, 0, 4.46
2019/04/27 11:13:00, 24.50, 24.31, 24.11, 26.18, 24.38, 0, 0, 4.46
2019/04/27 11:14:00, 24.50, 24.31, 24.12, 26.21, 24.38, 0, 0, 4.46
2019/04/27 11:15:00, 24.50, 24.32, 24.13, 26.14, 24.33, 0, 0, 4.46
2019/04/27 11:16:00, 24.50, 24.32, 24.10, 26.15, 24.31, 0, 0, 4.46
2019/04/27 11:17:00, 24.50, 24.29, 24.10, 26.09, 24.32, 0, 0, 4.46
2019/04/27 11:18:00, 24.50, 24.31, 24.12, 26.12, 24.28, 0, 0, 4.46
2019/04/27 11:19:00, 24.50, 24.31, 24.13, 26.09, 24.28, 0, 0, 4.46
2019/04/27 11:20:00, 24.50, 24.29, 24.12, 26.08, 24.22, 0, 0, 4.46
2019/04/27 11:21:00, 24.50, 24.32, 24.12, 26.04, 24.25, 0, 0, 4.46
2019/04/27 11:22:00, 24.50, 24.29, 24.13, 26.02, 24.23, 0, 0, 4.46
2019/04/27 11:23:00, 24.50, 24.32, 24.11, 26.02, 24.21, 0, 0, 4.46
2019/04/27 11:24:00, 24.50, 24.27, 24.13, 25.98, 24.18, 0, 0, 4.46
2019/04/27 11:25:00, 24.50, 24.31, 24.11, 25.95, 24.16, 0, 0, 4.46
2019/04/27 11:26:00, 24.50, 24.29, 24.10, 25.98, 24.17, 0, 0, 4.46
2019/04/27 11:27:00, 24.50, 24.31, 24.11, 25.92, 24.16, 0, 0, 4.46
2019/04/27 11:28:00, 24.50, 24.27, 24.12, 25.95, 24.13, 0, 0, 4.46
2019/04/27 11:29:00, 24.50, 24.31, 24.11, 25.93, 24.12, 0, 0, 4.46
2019/04/27 11:30:00, 24.50, 24.27, 24.09, 25.95, 24.09, 0, 0, 4.46
2019/04/27 11:31:00, 24.50, 24.26, 24.10, 25.90, 24.10, 0, 0, 4.46
2019/04/27 11:32:00, 24.50, 24.27, 24.11, 25.89, 24.09, 0, 0, 4.46
2019/04/27 11:33:00, 24.50, 24.27, 24.09, 25.90, 24.08, 0, 0, 4.46
2019/04/27 11:34:00, 24.50, 24.27, 24.09, 25.92, 24.05, 0, 0, 4.46
2019/04/27 11:35:00, 24.50, 24.27, 24.08, 25.84, 24.03, 0, 0, 4.46
2019/04/27 11:36:00, 24.50, 24.31, 24.10, 25.81, 24.02, 0, 0, 4.46
2019/04/27 11:37:00, 24.50, 24.27, 24.08, 25.86, 24.01, 0, 0, 4.46
2019/04/27 11:38:00, 24.50, 24.27, 24.10, 25.86, 23.99, 0, 0, 4.46
2019/04/27 11:39:00, 24.50, 24.29, 24.12, 25.83, 23.99, 0, 0, 4.46
2019/04/27 11:40:00, 24.50, 24.26, 24.10, 25.74, 23.97, 0, 0, 4.46
2019/04/27 11:41:00, 24.50, 24.26, 24.09, 25.79, 23.96, 0, 0, 4.46
2019/04/27 11:42:00, 24.50, 24.27, 24.09, 25.77, 23.94, 0, 0, 4.46
2019/04/27 11:43:00, 24.50, 24.27, 24.10, 25.73, 23.91, 0, 0, 4.46
2019/04/27 11:44:00, 24.50, 24.29, 24.10, 25.73, 23.91, 0, 0, 4.46
2019/04/27 11:45:00, 24.50, 24.25, 24.09, 25.74, 23.90, 0, 0, 4.46
2019/04/27 11:46:00, 24.50, 24.26, 24.08, 25.68, 23.89, 0, 0, 4.46
2019/04/27 11:47:00, 24.50, 24.27, 24.06, 25.73, 23.88, 0, 0, 4.46
2019/04/27 11:48:00, 24.50, 24.27, 24.09, 25.71, 23.88, 0, 0, 4.46
2019/04/27 11:49:00, 24.50, 24.25, 24.07, 25.65, 23.87, 0, 0, 4.46
2019/04/27 11:50:00, 24.50, 24.25, 24.10, 25.67, 23.86, 0, 0, 4.46
2019/04/27 11:51:00, 24.50, 24.26, 24.07, 25.71, 23.85, 0, 0, 4.46
2019/04/27 11:52:00, 24.50, 24.26, 24.09, 25.61, 23.83, 0, 0, 4.46
2019/04/27 11:53:00, 24.50, 24.25, 24.08, 25.59, 23.80, 0, 0, 4.46
2019/04/27 11:54:00, 24.50, 24.25, 24.06, 25.63, 23.80, 0, 0, 4.46
2019/04/27 11:55:00, 24.50, 24.25, 24.06, 25.63, 23.77, 0, 0, 4.46
2019/04/27 11:56:00, 24.50, 24.23, 24.06, 25.61, 23.77, 0, 0, 4.46
2019/04/27 11:57:00, 24.50, 24.26, 24.06, 25.59, 23.76, 0, 0, 4.46
2019/04/27 11:58:00, 24.50, 24.26, 24.06, 25.55, 23.75, 0, 0, 4.46
2019/04/27 11:59:00, 24.50, 24.20, 24.04, 25.59, 23.73, 0, 0, 4.46
2019/04/27 12:00:00, 24.50, 24.22, 24.05, 25.58, 23.76, 0, 0, 4.46
2019/04/27 12:01:00, 24.50, 24.22, 24.06, 25.53, 23.73, 0, 0, 4.46
2019/04/27 12:02:00, 24.50, 24.23, 24.06, 25.56, 23.73, 0, 0, 4.46
2019/04/27 12:03:00, 24.50, 24.20, 24.02, 25.53, 23.71, 0, 0, 4.46
2019/04/27 12:04:00, 24.50, 24.23, 24.03, 25.53, 23.73, 0, 0, 4.46
2019/04/27 12:05:00, 24.50, 24.23, 24.02, 25.52, 23.71, 0, 0, 4.46
2019/04/27 12:06:00, 24.50, 24.22, 24.05, 25.47, 23.70, 0, 0, 4.46
2019/04/27 12:07:00, 24.50, 24.22, 24.05, 25.52, 23.69, 0, 0, 4.46
2019/04/27 12:08:00, 24.50, 24.22, 24.01, 25.50, 23.70, 0, 0, 4.46
2019/04/27 12:09:00, 24.50, 24.22, 24.03, 25.54, 23.67, 0, 0, 4.46
2019/04/27 12:10:00, 24.50, 24.20, 24.01, 25.47, 23.68, 0, 0, 4.46
2019/04/27 12:11:00, 24.50, 24.19, 24.04, 25.46, 23.67, 0, 0, 4.46
2019/04/27 12:12:00, 24.50, 24.22, 24.03, 25.52, 23.66, 0, 0, 4.46
2019/04/27 12:13:00, 24.50, 24.20, 24.03, 25.47, 23.64, 0, 0, 4.46
2019/04/27 12:14:00, 24.50, 24.22, 24.01, 25.46, 23.65, 0, 0, 4.46
2019/04/27 12:15:00, 24.50, 24.19, 24.02, 25.44, 23.62, 0, 0, 4.46
2019/04/27 12:16:00, 24.50, 24.20, 24.04, 25.44, 23.62, 0, 0, 4.46
2019/04/27 12:17:00, 24.50, 24.20, 24.01, 25.43, 23.64, 0, 0, 4.46
2019/04/27 12:18:00, 24.50, 24.19, 24.01, 25.37, 23.61, 0, 0, 4.46
2019/04/27 12:19:00, 24.50, 24.20, 24.03, 25.44, 23.58, 0, 0, 4.46
2019/04/27 12:20:00, 24.50, 24.18, 24.01, 25.38, 23.59, 0, 0, 4.46
2019/04/27 12:21:00, 24.50, 24.20, 24.02, 25.35, 23.57, 0, 0, 4.46
2019/04/27 12:22:00, 24.50, 24.19, 24.03, 25.38, 23.56, 0, 0, 4.46
2019/04/27 12:23:00, 24.50, 24.20, 24.02, 25.38, 23.57, 0, 0, 4.46
2019/04/27 12:24:00, 24.50, 24.19, 24.01, 25.30, 23.56, 0, 0, 4.46
2019/04/27 12:25:00, 24.50, 24.20, 24.02, 25.38, 23.55, 0, 0, 4.46
2019/04/27 12:26:00, 24.50, 24.19, 24.02, 25.35, 23.53, 0, 0, 4.46
2019/04/27 12:27:00, 24.50, 24.20, 24.02, 25.31, 23.51, 0, 0, 4.46
2019/04/27 12:28:00, 24.50, 24.20, 24.00, 25.31, 23.51, 0, 0, 4.46
2019/04/27 12:29:00, 24.50, 24.18, 24.03, 25.32, 23.51, 0, 0, 4.46
2019/04/27 12:30:00, 24.50, 24.20, 24.01, 25.34, 23.50, 0, 0, 4.46
2019/04/27 12:31:00, 24.50, 24.20, 24.01, 25.32, 23.48, 0, 0, 4.46
2019/04/27 12:32:00, 24.50, 24.18, 24.01, 25.30, 23.47, 0, 0, 4.46
2019/04/27 12:33:00, 24.50, 24.22, 24.01, 25.31, 23.47, 0, 0, 4.46
2019/04/27 12:34:00, 24.50, 24.20, 24.02, 25.26, 23.46, 0, 0, 4.46
2019/04/27 12:35:00, 24.50, 24.16, 24.04, 25.31, 23.45, 0, 0, 4.46
2019/04/27 12:36:00, 24.50, 24.18, 24.01, 25.30, 23.45, 0, 0, 4.46
2019/04/27 12:37:00, 24.50, 24.19, 24.03, 25.28, 23.45, 0, 0, 4.46
2019/04/27 12:38:00, 24.50, 24.20, 24.00, 25.24, 23.44, 0, 0, 4.46
2019/04/27 12:39:00, 24.50, 24.18, 24.02, 25.22, 23.43, 0, 0, 4.46
2019/04/27 12:40:00, 24.50, 24.20, 24.02, 25.25, 23.43, 0, 0, 4.46
2019/04/27 12:41:00, 24.50, 24.22, 24.03, 25.24, 23.43, 0, 0, 4.46
2019/04/27 12:42:00, 24.50, 24.20, 24.02, 25.24, 23.42, 0, 0, 4.46
2019/04/27 12:43:00, 24.50, 24.20, 24.03, 25.22, 23.41, 0, 0, 4.46
2019/04/27 12:44:00, 24.50, 24.20, 24.01, 25.20, 23.40, 0, 0, 4.46
2019/04/27 12:45:00, 24.50, 24.19, 24.00, 25.18, 23.38, 0, 0, 4.46
2019/04/27 12:46:00, 24.50, 24.18, 24.01, 25.19, 23.38, 0, 0, 4.46
2019/04/27 12:47:00, 24.50, 24.19, 24.00, 25.20, 23.38, 0, 0, 4.46
2019/04/27 12:48:00, 24.50, 24.16, 24.00, 25.19, 23.38, 0, 0, 4.46
2019/04/27 12:49:00, 24.50, 24.18, 23.98, 25.18, 23.39, 0, 0, 4.46
2019/04/27 12:50:00, 24.50, 24.19, 24.01, 25.20, 23.38, 0, 0, 4.46
2019/04/27 12:51:00, 24.50, 24.18, 24.00, 25.20, 23.38, 0, 0, 4.46
2019/04/27 12:52:00, 24.50, 24.19, 24.01, 25.22, 23.38, 0, 0, 4.46
2019/04/27 12:53:00, 24.50, 24.19, 24.01, 25.19, 23.36, 0, 0, 4.46
2019/04/27 12:54:00, 24.50, 24.19, 24.00, 25.22, 23.35, 0, 0, 4.46
2019/04/27 12:55:00, 24.50, 24.18, 24.00, 25.19, 23.35, 0, 0, 4.46
2019/04/27 12:56:00, 24.50, 24.20, 24.01, 25.16, 23.35, 0, 0, 4.46
2019/04/27 12:57:00, 24.50, 24.16, 24.00, 25.18, 23.35, 0, 0, 4.46
2019/04/27 12:58:00, 24.50, 24.18, 24.00, 25.16, 23.34, 0, 0, 4.46
2019/04/27 12:59:00, 24.50, 24.16, 23.98, 25.19, 23.35, 0, 0, 4.46
2019/04/27 13:00:00, 24.50, 24.19, 23.97, 25.15, 23.33, 0, 0, 4.46
2019/04/27 13:01:00, 24.50, 24.19, 24.00, 25.13, 23.33, 0, 0, 4.46
2019/04/27 13:02:00, 24.50, 24.15, 24.00, 25.14, 23.32, 0, 0, 4.46
2019/04/27 13:03:00, 24.50, 24.18, 24.00, 25.16, 23.31, 0, 0, 4.46
2019/04/27 13:04:00, 24.50, 24.19, 24.00, 25.14, 23.31, 0, 0, 4.46
2019/04/27 13:05:00, 24.50, 24.16, 23.98, 25.04, 23.28, 0, 0, 4.46
2019/04/27 13:06:00, 24.50, 24.19, 23.98, 25.16, 23.26, 0, 0, 4.46
2019/04/27 13:07:00, 24.50, 24.16, 24.00, 25.12, 23.26, 0, 0, 4.46
2019/04/27 13:08:00, 24.50, 24.18, 23.98, 25.07, 23.25, 0, 0, 4.46
2019/04/27 13:09:00, 24.50, 24.15, 23.97, 25.03, 23.23, 0, 0, 4.46
2019/04/27 13:10:00, 24.50, 24.16, 23.97, 25.05, 23.22, 0, 0, 4.46
2019/04/27 13:11:00, 24.50, 24.16, 23.95, 25.04, 23.24, 0, 0, 4.46
2019/04/27 13:12:00, 24.50, 24.16, 23.95, 25.06, 23.22, 0, 0, 4.46
2019/04/27 13:13:00, 24.50, 24.16, 23.97, 25.06, 23.22, 0, 0, 4.46
2019/04/27 13:14:00, 24.50, 24.16, 23.97, 25.03, 23.20, 0, 0, 4.46
2019/04/27 13:15:00, 24.50, 24.16, 24.00, 25.04, 23.19, 0, 0, 4.46
2019/04/27 13:16:00, 24.50, 24.15, 23.98, 25.01, 23.19, 0, 0, 4.46
2019/04/27 13:17:00, 24.50, 24.15, 24.00, 25.04, 23.17, 0, 0, 4.46
2019/04/27 13:18:00, 24.50, 24.18, 23.97, 24.98, 23.17, 0, 0, 4.46
2019/04/27 13:19:00, 24.50, 24.12, 23.96, 25.03, 23.16, 0, 0, 4.46
2019/04/27 13:20:00, 24.50, 24.16, 23.97, 25.00, 23.15, 0, 0, 4.46
2019/04/27 13:21:00, 24.50, 24.15, 23.96, 25.01, 23.15, 0, 0, 4.46
2019/04/27 13:22:00, 24.50, 24.15, 23.95, 24.97, 23.13, 0, 0, 4.46
2019/04/27 13:23:00, 24.50, 24.14, 23.96, 24.97, 23.15, 0, 0, 4.46
2019/04/27 13:24:00, 24.50, 24.15, 23.94, 24.95, 23.13, 0, 0, 4.46
2019/04/27 13:25:00, 24.50, 24.16, 23.93, 24.98, 23.13, 0, 0, 4.46
2019/04/27 13:26:00, 24.50, 24.14, 23.93, 24.93, 23.13, 0, 0, 4.46
2019/04/27 13:27:00, 24.50, 24.14, 23.94, 24.93, 23.12, 0, 0, 4.46
2019/04/27 13:28:00, 24.50, 24.14, 23.93, 25.01, 23.14, 0, 0, 4.46
2019/04/27 13:29:00, 24.50, 24.14, 23.92, 25.03, 23.13, 0, 0, 4.46
2019/04/27 13:30:00, 24.50, 24.14, 23.91, 24.97, 23.12, 0, 0, 4.46
2019/04/27 13:31:00, 24.50, 24.11, 23.94, 24.89, 23.11, 0, 0, 4.46
2019/04/27 13:32:00, 24.50, 24.11, 23.91, 24.95, 23.09, 0, 0, 4.46
2019/04/27 13:33:00, 24.50, 24.11, 23.92, 24.89, 23.09, 0, 0, 4.46
2019/04/27 13:34:00, 24.50, 24.09, 23.89, 24.89, 23.09, 0, 0, 4.46
2019/04/27 13:35:00, 24.50, 24.09, 23.92, 24.94, 23.09, 0, 0, 4.46
2019/04/27 13:36:00, 24.50, 24.12, 23.93, 24.91, 23.11, 0, 0, 4.46
2019/04/27 13:37:00, 24.50, 24.15, 23.95, 24.88, 23.09, 0, 0, 4.46
2019/04/27 13:38:00, 24.50, 24.11, 23.95, 24.94, 23.04, 0, 0, 4.46
2019/04/27 13:39:00, 24.50, 24.15, 23.95, 24.89, 23.06, 0, 0, 4.46
2019/04/27 13:40:00, 24.50, 24.12, 23.95, 24.87, 23.05, 0, 0, 4.46
2019/04/27 13:41:00, 24.50, 24.11, 23.96, 24.84, 23.01, 0, 0, 4.46
2019/04/27 13:42:00, 24.50, 24.12, 23.93, 24.81, 22.97, 0, 0, 4.46
2019/04/27 13:43:00, 24.50, 24.09, 23.94, 24.82, 22.99, 0, 0, 4.46
2019/04/27 13:44:00, 24.50, 24.11, 23.94, 24.81, 23.00, 0, 0, 4.46
2019/04/27 13:45:00, 24.50, 24.12, 23.95, 24.86, 22.98, 0, 0, 4.46
2019/04/27 13:46:00, 24.50, 24.15, 23.95, 24.82, 22.99, 0, 0, 4.46
2019/04/27 13:47:00, 24.50, 24.12, 23.94, 24.78, 22.96, 0, 0, 4.46
2019/04/27 13:48:00, 24.50, 24.14, 23.92, 24.79, 22.96, 0, 0, 4.46
2019/04/27 13:49:00, 24.50, 24.12, 23.94, 24.81, 22.95, 0, 0, 4.46
2019/04/27 13:50:00, 24.50, 24.14, 23.93, 24.77, 22.93, 0, 0, 4.46
2019/04/27 13:51:00, 24.50, 24.14, 23.95, 24.71, 22.93, 0, 0, 4.46
2019/04/27 13:52:00, 24.50, 24.14, 23.96, 24.81, 22.92, 0, 0, 4.46
2019/04/27 13:53:00, 24.50, 24.12, 23.96, 24.73, 22.90, 0, 0, 4.46
2019/04/27 13:54:00, 24.50, 24.14, 23.97, 24.67, 22.89, 0, 0, 4.46
2019/04/27 13:55:00, 24.50, 24.14, 23.93, 24.69, 22.87, 0, 0, 4.46
2019/04/27 13:56:00, 24.50, 24.15, 23.96, 24.69, 22.88, 0, 0, 4.46
2019/04/27 13:57:00, 24.50, 24.14, 23.93, 24.69, 22.83, 0, 0, 4.46
2019/04/27 13:58:00, 24.50, 24.15, 23.93, 24.69, 22.83, 0, 0, 4.46
2019/04/27 13:59:00, 24.50, 24.12, 23.95, 24.64, 22.82, 0, 0, 4.46
2019/04/27 14:00:00, 24.50, 24.12, 23.94, 24.57, 22.78, 0, 0, 4.46
2019/04/27 14:01:00, 24.50, 24.12, 23.95, 24.65, 22.79, 0, 0, 4.46
2019/04/27 14:02:00, 24.50, 24.12, 23.95, 24.65, 22.80, 0, 0, 4.46
2019/04/27 14:03:00, 24.50, 24.15, 23.95, 24.64, 22.78, 0, 0, 4.46
2019/04/27 14:04:00, 24.50, 24.12, 23.95, 24.61, 22.77, 0, 0, 4.46
2019/04/27 14:05:00, 24.50, 24.14, 23.95, 24.60, 22.75, 0, 0, 4.46
2019/04/27 14:06:00, 24.50, 24.11, 23.95, 24.63, 22.74, 0, 0, 4.46
2019/04/27 14:07:00, 24.50, 24.15, 23.96, 24.59, 22.73, 0, 0, 4.46
2019/04/27 14:08:00, 24.50, 24.15, 23.95, 24.57, 22.70, 0, 0, 4.46
2019/04/27 14:09:00, 24.50, 24.15, 23.95, 24.51, 22.70, 0, 0, 4.46
2019/04/27 14:10:00, 24.50, 24.12, 23.94, 24.52, 22.71, 0, 0, 4.46
2019/04/27 14:11:00, 24.50, 24.12, 23.95, 24.56, 22.69, 0, 0, 4.46
2019/04/27 14:12:00, 24.50, 24.15, 23.94, 24.51, 22.68, 0, 0, 4.46
2019/04/27 14:13:00, 24.50, 24.15, 23.92, 24.52, 22.67, 0, 0, 4.46
2019/04/27 14:14:00, 24.50, 24.14, 23.95, 24.51, 22.67, 0, 0, 4.46
2019/04/27 14:15:00, 24.50, 24.12, 23.96, 24.47, 22.64, 0, 0, 4.46
2019/04/27 14:16:00, 24.50, 24.12, 23.93, 24.53, 22.62, 0, 0, 4.46
2019/04/27 14:17:00, 24.50, 24.14, 23.95, 24.50, 22.63, 0, 0, 4.46
2019/04/27 14:18:00, 24.50, 24.16, 23.96, 24.47, 22.63, 0, 0, 4.46
2019/04/27 14:19:00, 24.50, 24.14, 23.95, 24.47, 22.61, 0, 0, 4.46
2019/04/27 14:20:00, 24.50, 24.15, 23.95, 24.45, 22.57, 0, 0, 4.46
2019/04/27 14:21:00, 24.50, 24.15, 23.95, 24.39, 22.59, 0, 0, 4.46
2019/04/27 14:22:00, 24.50, 24.15, 23.97, 24.47, 22.57, 0, 0, 4.46
2019/04/27 14:23:00, 24.50, 24.14, 23.94, 24.44, 22.55, 0, 0, 4.46
2019/04/27 14:24:00, 24.50, 24.16, 23.96, 24.41, 22.54, 0, 0, 4.46
2019/04/27 14:25:00, 24.50, 24.15, 23.95, 24.41, 22.54, 0, 0, 4.46
2019/04/27 14:26:00, 24.50, 24.15, 23.96, 24.39, 22.52, 0, 0, 4.46
2019/04/27 14:27:00, 24.50, 24.15, 23.95, 24.36, 22.49, 0, 0, 4.46
2019/04/27 14:28:00, 24.50, 24.16, 23.95, 24.32, 22.46, 0, 0, 4.46
2019/04/27 14:29:00, 24.50, 24.15, 23.96, 24.34, 22.46, 0, 0, 4.46
2019/04/27 14:30:00, 24.50, 24.14, 23.95, 24.31, 22.44, 0, 0, 4.46
2019/04/27 14:31:00, 24.50, 24.15, 23.97, 24.25, 22.42, 0, 0, 4.46
2019/04/27 14:32:00, 24.50, 24.15, 23.95, 24.34, 22.44, 0, 0, 4.46
2019/04/27 14:33:00, 24.50, 24.15, 23.97, 24.28, 22.41, 0, 0, 4.46
2019/04/27 14:34:00, 24.50, 24.14, 23.97, 24.28, 22.41, 0, 0, 4.46
2019/04/27 14:35:00, 24.50, 24.15, 23.96, 24.31, 22.40, 0, 0, 4.46
2019/04/27 14:36:00, 24.50, 24.15, 23.95, 24.26, 22.41, 0, 0, 4.46
2019/04/27 14:37:00, 24.50, 24.16, 23.95, 24.25, 22.39, 0, 0, 4.46
2019/04/27 14:38:00, 24.50, 24.15, 23.95, 24.22, 22.38, 0, 0, 4.46
2019/04/27 14:39:00, 24.50, 24.16, 23.96, 24.21, 22.38, 0, 0, 4.46
2019/04/27 14:40:00, 24.50, 24.15, 23.95, 24.22, 22.35, 0, 0, 4.46
2019/04/27 14:41:00, 24.50, 24.15, 23.97, 24.19, 22.34, 0, 0, 4.46
2019/04/27 14:42:00, 24.50, 24.12, 23.97, 24.15, 22.33, 0, 0, 4.46
2019/04/27 14:43:00, 24.50, 24.15, 23.97, 24.16, 22.32, 0, 0, 4.46
2019/04/27 14:44:00, 24.50, 24.14, 23.97, 24.19, 22.32, 0, 0, 4.46
2019/04/27 14:45:00, 24.50, 24.14, 23.95, 24.10, 22.27, 0, 0, 4.46
2019/04/27 14:46:00, 24.50, 24.12, 23.96, 24.16, 22.28, 0, 0, 4.46
2019/04/27 14:47:00, 24.50, 24.15, 23.96, 24.12, 22.28, 0, 0, 4.46
2019/04/27 14:48:00, 24.50, 24.12, 23.95, 24.15, 22.25, 0, 0, 4.46
2019/04/27 14:49:00, 24.50, 24.11, 23.93, 24.10, 22.24, 0, 0, 4.46
2019/04/27 14:50:00, 24.50, 24.12, 23.94, 24.13, 22.23, 0, 0, 4.46
2019/04/27 14:51:00, 24.50, 24.09, 23.95, 24.10, 22.23, 0, 0, 4.46
2019/04/27 14:52:00, 24.50, 24.09, 23.94, 24.01, 22.21, 0, 0, 4.46
2019/04/27 14:53:00, 24.50, 24.12, 23.92, 24.04, 22.21, 0, 0, 4.46
2019/04/27 14:54:00, 24.50, 24.11, 23.92, 24.01, 22.16, 0, 0, 4.46
2019/04/27 14:55:00, 24.50, 24.09, 23.91, 24.02, 22.16, 0, 0, 4.46
2019/04/27 14:56:00, 24.50, 24.11, 23.91, 24.00, 22.17, 0, 0, 4.46
2019/04/27 14:57:00, 24.50, 24.12, 23.91, 24.06, 22.16, 0, 0, 4.46
2019/04/27 14:58:00, 24.50, 24.11, 23.92, 24.01, 22.14, 0, 0, 4.46
2019/04/27 14:59:00, 24.50, 24.12, 23.92, 24.00, 22.16, 0, 0, 4.46
2019/04/27 15:00:00, 24.50, 24.11, 23.93, 23.94, 22.13, 0, 0, 4.46
2019/04/27 15:01:00, 24.50, 24.11, 23.91, 23.98, 22.10, 0, 0, 4.46
2019/04/27 15:02:00, 24.50, 24.12, 23.92, 23.97, 22.09, 0, 0, 4.46
2019/04/27 15:03:00, 24.50, 24.09, 23.92, 24.01, 22.08, 0, 0, 4.46
2019/04/27 15:04:00, 24.50, 24.11, 23.92, 23.94, 22.08, 0, 0, 4.46
2019/04/27 15:05:00, 24.50, 24.12, 23.91, 23.92, 22.05, 0, 0, 4.46
2019/04/27 15:06:00, 24.50, 24.11, 23.92, 23.94, 22.06, 0, 0, 4.46
2019/04/27 15:07:00, 24.50, 24.11, 23.91, 23.92, 22.05, 0, 0, 4.46
2019/04/27 15:08:00, 24.50, 24.11, 23.92, 23.88, 22.03, 0, 0, 4.46
2019/04/27 15:09:00, 24.50, 24.11, 23.90, 23.91, 22.02, 0, 0, 4.46
2019/04/27 15:10:00, 24.50, 24.09, 23.93, 23.92, 22.01, 0, 0, 4.46
2019/04/27 15:11:00, 24.50, 24.12, 23.92, 23.85, 22.00, 0, 0, 4.46
2019/04/27 15:12:00, 24.50, 24.09, 23.93, 23.84, 21.99, 0, 0, 4.46
2019/04/27 15:13:00, 24.50, 24.11, 23.92, 23.85, 21.98, 0, 0, 4.46
2019/04/27 15:14:00, 24.50, 24.11, 23.92, 23.80, 21.93, 0, 0, 4.46
2019/04/27 15:15:00, 24.50, 24.11, 23.94, 23.84, 21.96, 0, 0, 4.46
2019/04/27 15:16:00, 24.50, 24.11, 23.93, 23.85, 21.93, 0, 0, 4.46
2019/04/27 15:17:00, 24.50, 24.09, 23.93, 23.79, 21.89, 0, 0, 4.46
2019/04/27 15:18:00, 24.50, 24.11, 23.92, 23.76, 21.89, 0, 0, 4.46
2019/04/27 15:19:00, 24.50, 24.11, 23.91, 23.75, 21.87, 0, 0, 4.46
2019/04/27 15:20:00, 24.50, 24.11, 23.91, 23.76, 21.85, 0, 0, 4.46
2019/04/27 15:21:00, 24.50, 24.09, 23.91, 23.70, 21.84, 0, 0, 4.46
2019/04/27 15:22:00, 24.50, 24.12, 23.93, 23.72, 21.81, 0, 0, 4.46
2019/04/27 15:23:00, 24.50, 24.09, 23.94, 23.72, 21.81, 0, 0, 4.46
2019/04/27 15:24:00, 24.50, 24.11, 23.92, 23.66, 21.80, 0, 0, 4.46
2019/04/27 15:25:00, 24.50, 24.08, 23.92, 23.64, 21.77, 0, 0, 4.46
2019/04/27 15:26:00, 24.50, 24.08, 23.90, 23.64, 21.77, 0, 0, 4.46
2019/04/27 15:27:00, 24.50, 24.09, 23.92, 23.67, 21.76, 0, 0, 4.46
2019/04/27 15:28:00, 24.50, 24.11, 23.92, 23.64, 21.76, 0, 0, 4.46
2019/04/27 15:29:00, 24.50, 24.09, 23.92, 23.66, 21.76, 0, 0, 4.46
2019/04/27 15:30:00, 24.50, 24.11, 23.90, 23.68, 21.76, 0, 0, 4.46
2019/04/27 15:31:00, 24.50, 24.09, 23.92, 23.59, 21.73, 0, 0, 4.46
2019/04/27 15:32:00, 24.50, 24.11, 23.91, 23.60, 21.72, 0, 0, 4.46
2019/04/27 15:33:00, 24.50, 24.11, 23.92, 23.59, 21.73, 0, 0, 4.46
2019/04/27 15:34:00, 24.50, 24.09, 23.90, 23.59, 21.67, 0, 0, 4.46
2019/04/27 15:35:00, 24.50, 24.11, 23.92, 23.60, 21.69, 0, 0, 4.46
2019/04/27 15:36:00, 24.50, 24.09, 23.93, 23.60, 21.68, 0, 0, 4.46
2019/04/27 15:37:00, 24.50, 24.12, 23.92, 23.57, 21.65, 0, 0, 4.46
2019/04/27 15:38:00, 24.50, 24.09, 23.93, 23.53, 21.65, 0, 0, 4.46
2019/04/27 15:39:00, 24.50, 24.09, 23.91, 23.50, 21.64, 0, 0, 4.46
2019/04/27 15:40:00, 24.50, 24.09, 23.92, 23.54, 21.61, 0, 0, 4.46
2019/04/27 15:41:00, 24.50, 24.11, 23.92, 23.45, 21.60, 0, 0, 4.46
2019/04/27 15:42:00, 24.50, 24.11, 23.93, 23.47, 21.58, 0, 0, 4.46
2019/04/27 15:43:00, 24.50, 24.09, 23.92, 23.47, 21.58, 0, 0, 4.46
2019/04/27 15:44:00, 24.50, 24.09, 23.91, 23.44, 21.56, 0, 0, 4.46
2019/04/27 15:45:00, 24.50, 24.11, 23.93, 23.44, 21.54, 0, 0, 4.46
2019/04/27 15:46:00, 24.50, 24.11, 23.92, 23.41, 21.54, 0, 0, 4.46
2019/04/27 15:47:00, 24.50, 24.08, 23.90, 23.39, 21.53, 0, 0, 4.46
2019/04/27 15:48:00, 24.50, 24.12, 23.91, 23.37, 21.51, 0, 0, 4.46
2019/04/27 15:49:00, 24.50, 24.12, 23.92, 23.41, 21.50, 0, 0, 4.46
2019/04/27 15:50:00, 24.50, 24.08, 23.91, 23.41, 21.46, 0, 0, 4.46
2019/04/27 15:51:00, 24.50, 24.09, 23.91, 23.35, 21.47, 0, 0, 4.46
2019/04/27 15:52:00, 24.50, 24.12, 23.92, 23.37, 21.44, 0, 0, 4.46
2019/04/27 15:53:00, 24.50, 24.11, 23.91, 23.35, 21.44, 0, 0, 4.46
2019/04/27 15:54:00, 24.50, 24.08, 23.92, 23.30, 21.42, 0, 0, 4.46
2019/04/27 15:55:00, 24.50, 24.11, 23.92, 23.26, 21.40, 0, 0, 4.46
2019/04/27 15:56:00, 24.50, 24.09, 23.94, 23.28, 21.39, 0, 0, 4.46
2019/04/27 15:57:00, 24.50, 24.09, 23.90, 23.25, 21.38, 0, 0, 4.46
2019/04/27 15:58:00, 24.50, 24.11, 23.92, 23.25, 21.37, 0, 0, 4.46
2019/04/27 15:59:00, 24.50, 24.08, 23.92, 23.23, 21.35, 0, 0, 4.46
2019/04/27 16:00:00, 24.50, 24.12, 23.93, 23.20, 21.35, 0, 0, 4.46
2019/04/27 16:01:00, 24.50, 24.09, 23.92, 23.16, 21.34, 0, 0, 4.46
2019/04/27 16:02:00, 24.50, 24.12, 23.93, 23.17, 21.32, 0, 0, 4.46
2019/04/27 16:03:00, 24.50, 24.09, 23.92, 23.15, 21.29, 0, 0, 4.46
2019/04/27 16:04:00, 24.50, 24.12, 23.93, 23.15, 21.30, 0, 0, 4.46
2019/04/27 16:05:00, 24.50, 24.08, 23.92, 23.14, 21.27, 0, 0, 4.46
2019/04/27 16:06:00, 24.50, 24.09, 23.91, 23.15, 21.25, 0, 0, 4.46
2019/04/27 16:07:00, 24.50, 24.12, 23.92, 23.20, 21.27, 0, 0, 4.46
2019/04/27 16:08:00, 24.50, 24.12, 23.91, 23.17, 21.25, 0, 0, 4.46
2019/04/27 16:09:00, 24.50, 24.12, 23.95, 23.14, 21.25, 0, 0, 4.46
2019/04/27 16:10:00, 24.50, 24.14, 23.94, 23.10, 21.22, 0, 0, 4.46
2019/04/27 16:11:00, 24.50, 24.11, 23.92, 23.05, 21.22, 0, 0, 4.46
2019/04/27 16:12:00, 24.50, 24.15, 23.93, 23.08, 21.22, 0, 0, 4.46
2019/04/27 16:13:00, 24.50, 24.12, 23.93, 22.97, 21.18, 0, 0, 4.46
2019/04/27 16:14:00, 24.50, 24.09, 23.91, 23.07, 21.16, 0, 0, 4.46
2019/04/27 16:15:00, 24.50, 24.12, 23.92, 23.02, 21.16, 0, 0, 4.46
2019/04/27 16:16:00, 24.50, 24.11, 23.92, 23.02, 21.13, 0, 0, 4.46
2019/04/27 16:17:00, 24.50, 24.11, 23.92, 22.96, 21.12, 0, 0, 4.46
2019/04/27 16:18:00, 24.50, 24.12, 23.92, 22.92, 21.10, 0, 0, 4.46
2019/04/27 16:19:00, 24.50, 24.11, 23.92, 22.99, 21.10, 0, 0, 4.46
2019/04/27 16:20:00, 24.50, 24.14, 23.92, 22.96, 21.06, 0, 0, 4.46
2019/04/27 16:21:00, 24.50, 24.09, 23.93, 22.97, 21.08, 0, 0, 4.46
2019/04/27 16:22:00, 24.50, 24.12, 23.93, 22.84, 21.05, 0, 0, 4.46
2019/04/27 16:23:00, 24.50, 24.11, 23.93, 22.89, 21.05, 0, 0, 4.46
2019/04/27 16:24:00, 24.50, 24.11, 23.92, 22.91, 21.02, 0, 0, 4.46
2019/04/27 16:25:00, 24.50, 24.11, 23.92, 22.91, 21.03, 0, 0, 4.46
2019/04/27 16:26:00, 24.50, 24.09, 23.92, 22.86, 21.03, 0, 0, 4.46
2019/04/27 16:27:00, 24.50, 24.11, 23.94, 22.84, 21.00, 0, 0, 4.46
2019/04/27 16:28:00, 24.50, 24.09, 23.91, 22.92, 21.00, 0, 0, 4.46
2019/04/27 16:29:00, 24.50, 24.09, 23.93, 22.83, 20.95, 0, 0, 4.46
2019/04/27 16:30:00, 24.50, 24.09, 23.90, 22.76, 20.97, 0, 0, 4.46
2019/04/27 16:31:00, 24.50, 24.08, 23.93, 22.78, 20.93, 0, 0, 4.46
2019/04/27 16:32:00, 24.50, 24.09, 23.90, 22.76, 20.90, 0, 0, 4.46
2019/04/27 16:33:00, 24.50, 24.07, 23.90, 22.76, 20.90, 0, 0, 4.46
2019/04/27 16:34:00, 24.50, 24.07, 23.91, 22.78, 20.92, 0, 0, 4.46
2019/04/27 16:35:00, 24.50, 24.08, 23.89, 22.69, 20.87, 0, 0, 4.46
2019/04/27 16:36:00, 24.50, 24.08, 23.88, 22.72, 20.86, 0, 0, 4.46
2019/04/27 16:37:00, 24.50, 24.07, 23.87, 22.72, 20.84, 0, 0, 4.46
2019/04/27 16:38:00, 24.50, 24.05, 23.87, 22.67, 20.83, 0, 0, 4.46
2019/04/27 16:39:00, 24.50, 24.05, 23.89, 22.69, 20.85, 0, 0, 4.46
2019/04/27 16:40:00, 24.50, 24.07, 23.86, 22.60, 20.80, 0, 0, 4.46
2019/04/27 16:41:00, 24.50, 24.04, 23.87, 22.60, 20.80, 0, 0, 4.46
2019/04/27 16:42:00, 24.50, 24.05, 23.87, 22.60, 20.77, 0, 0, 4.46
2019/04/27 16:43:00, 24.50, 24.05, 23.84, 22.60, 20.77, 0, 0, 4.46
2019/04/27 16:44:00, 24.50, 24.05, 23.86, 22.63, 20.75, 0, 0, 4.46
2019/04/27 16:45:00, 24.50, 24.04, 23.83, 22.56, 20.72, 0, 0, 4.46
2019/04/27 16:46:00, 24.50, 24.04, 23.83, 22.61, 20.73, 0, 0, 4.46
2019/04/27 16:47:00, 24.50, 24.01, 23.83, 22.54, 20.74, 0, 0, 4.46
2019/04/27 16:48:00, 24.50, 24.04, 23.82, 22.56, 20.71, 0, 0, 4.46
2019/04/27 16:49:00, 24.50, 24.02, 23.84, 22.54, 20.71, 0, 0, 4.46
2019/04/27 16:50:00, 24.25, 24.05, 23.86, 22.53, 20.67, 0, 0, 4.46
2019/04/27 16:51:00, 24.50, 24.04, 23.84, 22.54, 20.68, 0, 0, 4.46
2019/04/27 16:52:00, 24.50, 24.04, 23.84, 22.58, 20.67, 0, 0, 4.46
2019/04/27 16:53:00, 24.50, 24.04, 23.83, 22.42, 20.65, 0, 0, 4.46
2019/04/27 16:54:00, 24.50, 24.02, 23.82, 22.45, 20.63, 0, 0, 4.46
2019/04/27 16:55:00, 24.50, 24.02, 23.82, 22.50, 20.63, 0, 0, 4.46
2019/04/27 16:56:00, 24.50, 24.02, 23.82, 22.46, 20.61, 0, 0, 4.46
2019/04/27 16:57:00, 24.50, 24.01, 23.83, 22.45, 20.61, 0, 0, 4.46
2019/04/27 16:58:00, 24.25, 24.01, 23.82, 22.42, 20.57, 0, 0, 4.46
2019/04/27 16:59:00, 24.50, 24.04, 23.83, 22.42, 20.55, 0, 0, 4.46
2019/04/27 17:00:00, 24.50, 24.02, 23.83, 22.36, 20.53, 0, 0, 4.46
2019/04/27 17:01:00, 24.25, 24.02, 23.82, 22.36, 20.52, 0, 0, 4.46
2019/04/27 17:02:00, 24.50, 23.99, 23.82, 22.30, 20.49, 0, 0, 4.46
2019/04/27 17:03:00, 24.25, 24.04, 23.82, 22.30, 20.46, 0, 0, 4.46
2019/04/27 17:04:00, 24.25, 24.01, 23.82, 22.27, 20.46, 0, 0, 4.46
2019/04/27 17:05:00, 24.25, 24.02, 23.82, 22.19, 20.43, 0, 0, 4.46
2019/04/27 17:06:00, 24.50, 24.02, 23.81, 22.24, 20.39, 0, 0, 4.46
2019/04/27 17:07:00, 24.25, 24.02, 23.81, 22.20, 20.39, 0, 0, 4.46
2019/04/27 17:08:00, 24.25, 24.04, 23.82, 22.22, 20.36, 0, 0, 4.46
2019/04/27 17:09:00, 24.25, 24.02, 23.82, 22.16, 20.32, 0, 0, 4.46
2019/04/27 17:10:00, 24.25, 23.98, 23.83, 22.19, 20.32, 0, 0, 4.46
2019/04/27 17:11:00, 24.25, 24.02, 23.82, 22.11, 20.32, 0, 0, 4.46
2019/04/27 17:12:00, 24.25, 24.01, 23.82, 22.13, 20.26, 0, 0, 4.46
2019/04/27 17:13:00, 24.25, 24.04, 23.84, 22.09, 20.26, 0, 0, 4.46
2019/04/27 17:14:00, 24.25, 24.01, 23.83, 22.18, 20.29, 0, 0, 4.46
2019/04/27 17:15:00, 24.25, 24.02, 23.81, 22.06, 20.24, 0, 0, 4.46
2019/04/27 17:16:00, 24.25, 24.01, 23.84, 22.06, 20.22, 0, 0, 4.46
2019/04/27 17:17:00, 24.25, 24.02, 23.83, 22.01, 20.21, 0, 0, 4.46
2019/04/27 17:18:00, 24.25, 24.01, 23.83, 21.99, 20.19, 0, 0, 4.46
2019/04/27 17:19:00, 24.25, 24.02, 23.81, 22.02, 20.17, 0, 0, 4.46
2019/04/27 17:20:00, 24.25, 23.99, 23.81, 21.99, 20.16, 0, 0, 4.46
2019/04/27 17:21:00, 24.25, 24.02, 23.83, 21.93, 20.13, 0, 0, 4.46
2019/04/27 17:22:00, 24.25, 24.01, 23.83, 21.96, 20.15, 0, 0, 4.46
2019/04/27 17:23:00, 24.25, 23.99, 23.81, 21.96, 20.11, 0, 0, 4.46
2019/04/27 17:24:00, 24.25, 24.01, 23.82, 21.91, 20.11, 0, 0, 4.46
2019/04/27 17:25:00, 24.25, 24.04, 23.82, 21.88, 20.06, 0, 0, 4.46
2019/04/27 17:26:00, 24.25, 24.01, 23.82, 21.96, 20.06, 0, 0, 4.46
2019/04/27 17:27:00, 24.25, 24.04, 23.86, 21.96, 20.10, 0, 0, 4.46
2019/04/27 17:28:00, 24.25, 24.04, 23.84, 21.89, 20.04, 0, 0, 4.46
2019/04/27 17:29:00, 24.25, 24.04, 23.82, 21.91, 20.06, 0, 0, 4.46
2019/04/27 17:30:00, 24.25, 24.02, 23.82, 21.81, 20.03, 0, 0, 4.46
2019/04/27 17:31:00, 24.25, 24.02, 23.83, 21.77, 19.97, 0, 0, 4.46
2019/04/27 17:32:00, 24.25, 24.02, 23.83, 21.75, 19.96, 0, 0, 4.46
2019/04/27 17:33:00, 24.25, 24.02, 23.83, 21.86, 20.01, 0, 0, 4.46
2019/04/27 17:34:00, 24.25, 24.02, 23.86, 21.78, 20.01, 0, 0, 4.46
2019/04/27 17:35:00, 24.25, 24.04, 23.86, 21.80, 19.97, 0, 0, 4.46
2019/04/27 17:36:00, 24.25, 24.02, 23.84, 21.80, 19.97, 0, 0, 4.46
2019/04/27 17:37:00, 24.25, 24.04, 23.87, 21.75, 19.95, 0, 0, 4.46
2019/04/27 17:38:00, 24.25, 24.04, 23.86, 21.65, 19.88, 0, 0, 4.46
2019/04/27 17:39:00, 24.25, 24.04, 23.84, 21.67, 19.87, 0, 0, 4.46
2019/04/27 17:40:00, 24.25, 24.02, 23.83, 21.70, 19.87, 0, 0, 4.46
2019/04/27 17:41:00, 24.25, 24.04, 23.84, 21.65, 19.85, 0, 0, 4.46
2019/04/27 17:42:00, 24.25, 24.02, 23.84, 21.65, 19.86, 0, 0, 4.46
2019/04/27 17:43:00, 24.25, 24.04, 23.83, 21.68, 19.87, 0, 0, 4.46
2019/04/27 17:44:00, 24.25, 24.05, 23.84, 21.72, 19.90, 0, 0, 4.46
2019/04/27 17:45:00, 24.25, 24.04, 23.86, 21.62, 19.85, 0, 0, 4.46
2019/04/27 17:46:00, 24.25, 24.04, 23.83, 21.62, 19.81, 0, 0, 4.46
2019/04/27 17:47:00, 24.25, 24.02, 23.86, 21.62, 19.81, 0, 0, 4.46
2019/04/27 17:48:00, 24.25, 24.02, 23.82, 21.60, 19.82, 0, 0, 4.46
2019/04/27 17:49:00, 24.25, 24.04, 23.83, 21.57, 19.77, 0, 0, 4.46
2019/04/27 17:50:00, 24.25, 24.01, 23.84, 21.55, 19.76, 0, 0, 4.46
2019/04/27 17:51:00, 24.25, 24.02, 23.82, 21.57, 19.77, 0, 0, 4.46
2019/04/27 17:52:00, 24.25, 24.01, 23.84, 21.57, 19.75, 0, 0, 4.46
2019/04/27 17:53:00, 24.25, 24.04, 23.83, 21.58, 19.74, 0, 0, 4.46
2019/04/27 17:54:00, 24.25, 24.04, 23.83, 21.59, 19.74, 0, 0, 4.46
2019/04/27 17:55:00, 24.25, 24.01, 23.83, 21.54, 19.73, 0, 0, 4.46
2019/04/27 17:56:00, 24.25, 24.02, 23.80, 21.59, 19.72, 0, 0, 4.46
2019/04/27 17:57:00, 24.25, 24.02, 23.82, 21.52, 19.69, 0, 0, 4.46
2019/04/27 17:58:00, 24.25, 24.01, 23.83, 21.51, 19.69, 0, 0, 4.46
2019/04/27 17:59:00, 24.25, 24.02, 23.83, 21.51, 19.68, 0, 0, 4.46
2019/04/27 18:00:00, 24.25, 23.99, 23.82, 21.52, 19.66, 0, 0, 4.46
2019/04/27 18:01:00, 24.25, 24.02, 23.83, 21.44, 19.65, 0, 0, 4.46
2019/04/27 18:02:00, 24.25, 24.01, 23.82, 21.39, 19.63, 0, 0, 4.46
2019/04/27 18:03:00, 24.25, 24.04, 23.82, 21.42, 19.60, 0, 0, 4.46
2019/04/27 18:04:00, 24.25, 24.04, 23.81, 21.44, 19.61, 0, 0, 4.46
2019/04/27 18:05:00, 24.25, 24.01, 23.83, 21.41, 19.65, 0, 0, 4.46
2019/04/27 18:06:00, 24.25, 24.01, 23.81, 21.39, 19.58, 0, 0, 4.46
2019/04/27 18:07:00, 24.25, 24.01, 23.82, 21.37, 19.58, 0, 0, 4.46
2019/04/27 18:08:00, 24.25, 24.01, 23.82, 21.37, 19.58, 0, 0, 4.46
2019/04/27 18:09:00, 24.25, 24.02, 23.83, 21.36, 19.55, 0, 0, 4.46
2019/04/27 18:10:00, 24.25, 24.02, 23.83, 21.36, 19.53, 0, 0, 4.46
2019/04/27 18:11:00, 24.25, 24.02, 23.82, 21.39, 19.55, 0, 0, 4.46
2019/04/27 18:12:00, 24.25, 24.02, 23.81, 21.30, 19.52, 0, 0, 4.46
2019/04/27 18:13:00, 24.25, 24.02, 23.83, 21.31, 19.52, 0, 0, 4.46
2019/04/27 18:14:00, 24.25, 23.99, 23.82, 21.26, 19.48, 0, 0, 4.46
2019/04/27 18:15:00, 24.25, 24.01, 23.82, 21.28, 19.48, 0, 0, 4.46
2019/04/27 18:16:00, 24.25, 24.01, 23.82, 21.24, 19.46, 0, 0, 4.46
2019/04/27 18:17:00, 24.25, 24.02, 23.82, 21.26, 19.44, 0, 0, 4.46
2019/04/27 18:18:00, 24.25, 24.01, 23.81, 21.28, 19.45, 0, 0, 4.46
2019/04/27 18:19:00, 24.25, 24.02, 23.82, 21.16, 19.42, 0, 0, 4.46
2019/04/27 18:20:00, 24.25, 24.04, 23.83, 21.20, 19.39, 0, 0, 4.46
2019/04/27 18:21:00, 24.25, 23.99, 23.83, 21.21, 19.38, 0, 0, 4.46
2019/04/27 18:22:00, 24.25, 24.02, 23.81, 21.20, 19.42, 0, 0, 4.46
2019/04/27 18:23:00, 24.25, 24.04, 23.80, 21.15, 19.37, 0, 0, 4.46
2019/04/27 18:24:00, 24.25, 24.01, 23.82, 21.13, 19.35, 0, 0, 4.46
2019/04/27 18:25:00, 24.25, 24.02, 23.83, 21.16, 19.33, 0, 0, 4.46
2019/04/27 18:26:00, 24.25, 24.02, 23.82, 21.20, 19.38, 0, 0, 4.46
2019/04/27 18:27:00, 24.25, 24.01, 23.81, 21.04, 19.32, 0, 0, 4.46
2019/04/27 18:28:00, 24.25, 24.01, 23.82, 21.03, 19.29, 0, 0, 4.46
2019/04/27 18:29:00, 24.25, 24.02, 23.81, 21.13, 19.30, 0, 0, 4.46
2019/04/27 18:30:00, 24.25, 23.99, 23.80, 21.05, 19.27, 0, 0, 4.46
2019/04/27 18:31:00, 24.25, 23.98, 23.79, 21.08, 19.26, 0, 0, 4.46
2019/04/27 18:32:00, 24.25, 23.99, 23.80, 21.03, 19.24, 0, 0, 4.46
2019/04/27 18:33:00, 24.25, 23.99, 23.82, 21.11, 19.26, 0, 0, 4.46
2019/04/27 18:34:00, 24.25, 23.98, 23.80, 21.00, 19.23, 0, 0, 4.46
2019/04/27 18:35:00, 24.25, 23.99, 23.79, 21.03, 19.22, 0, 0, 4.46
2019/04/27 18:36:00, 24.25, 23.99, 23.80, 21.00, 19.23, 0, 0, 4.46
2019/04/27 18:37:00, 24.25, 23.98, 23.79, 20.93, 19.19, 0, 0, 4.46
2019/04/27 18:38:00, 24.25, 23.98, 23.79, 21.06, 19.23, 0, 0, 4.46
2019/04/27 18:39:00, 24.25, 23.98, 23.79, 21.00, 19.22, 0, 0, 4.46
2019/04/27 18:40:00, 24.25, 23.99, 23.79, 21.00, 19.17, 0, 0, 4.46
2019/04/27 18:41:00, 24.25, 23.98, 23.77, 20.86, 19.15, 0, 0, 4.46
2019/04/27 18:42:00, 24.25, 23.98, 23.79, 20.92, 19.16, 0, 0, 4.46
2019/04/27 18:43:00, 24.25, 23.97, 23.79, 20.92, 19.13, 0, 0, 4.45
2019/04/27 18:44:00, 24.25, 23.98, 23.78, 20.88, 19.13, 0, 0, 4.45
2019/04/27 18:45:00, 24.25, 23.98, 23.77, 20.88, 19.12, 0, 0, 4.46
2019/04/27 18:46:00, 24.25, 23.97, 23.77, 20.87, 19.08, 0, 0, 4.45
2019/04/27 18:47:00, 24.25, 23.98, 23.78, 20.88, 19.07, 0, 0, 4.46
2019/04/27 18:48:00, 24.25, 23.98, 23.76, 20.90, 19.09, 0, 0, 4.46
2019/04/27 18:49:00, 24.25, 23.97, 23.77, 20.92, 19.07, 0, 0, 4.46
2019/04/27 18:50:00, 24.25, 23.98, 23.78, 20.88, 19.07, 0, 0, 4.46
2019/04/27 18:51:00, 24.25, 23.98, 23.76, 20.84, 19.06, 0, 0, 4.46
2019/04/27 18:52:00, 24.25, 23.94, 23.77, 20.90, 19.05, 0, 0, 4.45
2019/04/27 18:53:00, 24.25, 23.98, 23.76, 20.90, 19.05, 0, 0, 4.46
2019/04/27 18:54:00, 24.25, 23.94, 23.79, 20.93, 19.08, 0, 0, 4.46
2019/04/27 18:55:00, 24.25, 23.98, 23.77, 20.79, 19.03, 0, 0, 4.45
2019/04/27 18:56:00, 24.25, 23.95, 23.76, 20.81, 19.01, 0, 0, 4.46
2019/04/27 18:57:00, 24.25, 23.95, 23.75, 20.76, 19.00, 0, 0, 4.46
2019/04/27 18:58:00, 24.25, 23.95, 23.77, 20.74, 18.97, 0, 0, 4.46
2019/04/27 18:59:00, 24.25, 23.95, 23.74, 20.79, 18.97, 0, 0, 4.46
2019/04/27 19:00:00, 24.25, 23.97, 23.75, 20.78, 18.98, 0, 0, 4.45
2019/04/27 19:01:00, 24.25, 23.95, 23.77, 20.79, 19.00, 0, 0, 4.45
2019/04/27 19:02:00, 24.25, 23.98, 23.76, 20.79, 18.96, 0, 0, 4.45
2019/04/27 19:03:00, 24.25, 23.94, 23.77, 20.67, 18.93, 0, 0, 4.46
2019/04/27 19:04:00, 24.25, 23.94, 23.74, 20.75, 18.95, 0, 0, 4.45
2019/04/27 19:05:00, 24.25, 23.94, 23.75, 20.79, 18.97, 0, 0, 4.45
2019/04/27 19:06:00, 24.25, 23.95, 23.76, 20.72, 18.92, 0, 0, 4.45
2019/04/27 19:07:00, 24.25, 23.95, 23.76, 20.72, 18.94, 0, 0, 4.46
2019/04/27 19:08:00, 24.25, 23.95, 23.74, 20.69, 18.90, 0, 0, 4.46
2019/04/27 19:09:00, 24.25, 23.92, 23.75, 20.70, 18.88, 0, 0, 4.46
2019/04/27 19:10:00, 24.25, 23.95, 23.73, 20.67, 18.87, 0, 0, 4.46
2019/04/27 19:11:00, 24.25, 23.94, 23.73, 20.74, 18.90, 0, 0, 4.46
2019/04/27 19:12:00, 24.25, 23.92, 23.73, 20.70, 18.90, 0, 0, 4.45
2019/04/27 19:13:00, 24.25, 23.92, 23.73, 20.74, 18.89, 0, 0, 4.46
2019/04/27 19:14:00, 24.25, 23.95, 23.74, 20.74, 18.90, 0, 0, 4.46
2019/04/27 19:15:00, 24.25, 23.92, 23.74, 20.70, 18.88, 0, 0, 4.46
2019/04/27 19:16:00, 24.25, 23.95, 23.74, 20.62, 18.87, 0, 0, 4.46
2019/04/27 19:17:00, 24.25, 23.95, 23.74, 20.67, 18.85, 0, 0, 4.46
2019/04/27 19:18:00, 24.25, 23.94, 23.75, 20.67, 18.89, 0, 0, 4.46
2019/04/27 19:19:00, 24.25, 23.92, 23.75, 20.70, 18.87, 0, 0, 4.45
2019/04/27 19:20:00, 24.25, 23.92, 23.73, 20.64, 18.87, 0, 0, 4.46
2019/04/27 19:21:00, 24.25, 23.92, 23.75, 20.65, 18.89, 0, 0, 4.46
2019/04/27 19:22:00, 24.25, 23.92, 23.73, 20.64, 18.84, 0, 0, 4.45
2019/04/27 19:23:00, 24.25, 23.92, 23.72, 20.57, 18.81, 0, 0, 4.45
2019/04/27 19:24:00, 24.25, 23.91, 23.72, 20.65, 18.86, 0, 0, 4.45
2019/04/27 19:25:00, 24.25, 23.92, 23.73, 20.69, 18.87, 0, 0, 4.45
2019/04/27 19:26:00, 24.25, 23.91, 23.72, 20.62, 18.87, 0, 0, 4.45
2019/04/27 19:27:00, 24.25, 23.90, 23.73, 20.64, 18.87, 0, 0, 4.46
2019/04/27 19:28:00, 24.25, 23.91, 23.73, 20.69, 18.88, 0, 0, 4.46
2019/04/27 19:29:00, 24.25, 23.91, 23.73, 20.61, 18.88, 0, 0, 4.45
2019/04/27 19:30:00, 24.25, 23.88, 23.72, 20.61, 18.84, 0, 0, 4.46
2019/04/27 19:31:00, 24.25, 23.91, 23.71, 20.65, 18.86, 0, 0, 4.45
2019/04/27 19:32:00, 24.25, 23.92, 23.68, 20.67, 18.87, 0, 0, 4.46
2019/04/27 19:33:00, 24.25, 23.88, 23.68, 20.67, 18.87, 0, 0, 4.46
2019/04/27 19:34:00, 24.25, 23.90, 23.68, 20.67, 18.89, 0, 0, 4.45
2019/04/27 19:35:00, 24.25, 23.88, 23.71, 20.69, 18.90, 0, 0, 4.45
2019/04/27 19:36:00, 24.25, 23.88, 23.69, 20.69, 18.90, 0, 0, 4.46
2019/04/27 19:37:00, 24.25, 23.88, 23.68, 20.65, 18.86, 0, 0, 4.45
2019/04/27 19:38:00, 24.25, 23.87, 23.69, 20.72, 18.90, 0, 0, 4.45
2019/04/27 19:39:00, 24.25, 23.91, 23.67, 20.70, 18.91, 0, 0, 4.45
2019/04/27 19:40:00, 24.25, 23.90, 23.71, 20.74, 18.93, 0, 0, 4.45
2019/04/27 19:41:00, 24.25, 23.90, 23.72, 20.72, 18.92, 0, 0, 4.45
2019/04/27 19:42:00, 24.25, 23.90, 23.71, 20.70, 18.94, 0, 0, 4.45
2019/04/27 19:43:00, 24.25, 23.91, 23.72, 20.74, 18.90, 0, 0, 4.46
2019/04/27 19:44:00, 24.25, 23.91, 23.69, 20.65, 18.90, 0, 0, 4.45
2019/04/27 19:45:00, 24.25, 23.90, 23.69, 20.70, 18.90, 0, 0, 4.46
2019/04/27 19:46:00, 24.25, 23.90, 23.72, 20.67, 18.90, 0, 0, 4.45
2019/04/27 19:47:00, 24.25, 23.90, 23.72, 20.70, 18.90, 0, 0, 4.45
2019/04/27 19:48:00, 24.25, 23.88, 23.71, 20.72, 18.88, 0, 0, 4.45
2019/04/27 19:49:00, 24.25, 23.87, 23.71, 20.73, 18.88, 0, 0, 4.46
2019/04/27 19:50:00, 24.25, 23.90, 23.68, 20.70, 18.90, 0, 0, 4.46
2019/04/27 19:51:00, 24.25, 23.88, 23.68, 20.69, 18.90, 0, 0, 4.46
2019/04/27 19:52:00, 24.25, 23.87, 23.69, 20.62, 18.88, 0, 0, 4.45
2019/04/27 19:53:00, 24.25, 23.87, 23.68, 20.70, 18.90, 0, 0, 4.46
2019/04/27 19:54:00, 24.25, 23.88, 23.69, 20.69, 18.91, 0, 0, 4.45
2019/04/27 19:55:00, 24.25, 23.88, 23.69, 20.67, 18.91, 0, 0, 4.46
2019/04/27 19:56:00, 24.25, 23.87, 23.68, 20.72, 18.92, 0, 0, 4.45
2019/04/27 19:57:00, 24.25, 23.87, 23.69, 20.72, 18.91, 0, 0, 4.46
2019/04/27 19:58:00, 24.25, 23.87, 23.69, 20.70, 18.90, 0, 0, 4.45
2019/04/27 19:59:00, 24.25, 23.85, 23.67, 20.67, 18.90, 0, 0, 4.45
2019/04/27 20:00:00, 24.25, 23.84, 23.68, 20.68, 18.91, 0, 0, 4.45
2019/04/27 20:01:00, 24.25, 23.87, 23.67, 20.70, 18.90, 0, 0, 4.45
2019/04/27 20:02:00, 24.25, 23.87, 23.68, 20.69, 18.90, 0, 0, 4.46
2019/04/27 20:03:00, 24.25, 23.87, 23.66, 20.64, 18.90, 0, 0, 4.45
2019/04/27 20:04:00, 24.25, 23.87, 23.64, 20.70, 18.90, 0, 0, 4.45
2019/04/27 20:05:00, 24.25, 23.83, 23.65, 20.70, 18.90, 0, 0, 4.45
2019/04/27 20:06:00, 24.25, 23.87, 23.65, 20.73, 18.91, 0, 0, 4.45
2019/04/27 20:07:00, 24.25, 23.85, 23.66, 20.72, 18.91, 0, 0, 4.45
2019/04/27 20:08:00, 24.25, 23.85, 23.65, 20.78, 18.91, 0, 0, 4.45
2019/04/27 20:09:00, 24.25, 23.83, 23.66, 20.76, 18.91, 0, 0, 4.46
2019/04/27 20:10:00, 24.25, 23.84, 23.64, 20.72, 18.93, 0, 0, 4.45
2019/04/27 20:11:00, 24.25, 23.85, 23.64, 20.78, 18.94, 0, 0, 4.45
2019/04/27 20:12:00, 24.25, 23.83, 23.66, 20.75, 18.92, 0, 0, 4.46
2019/04/27 20:13:00, 24.25, 23.85, 23.63, 20.73, 18.92, 0, 0, 4.45
2019/04/27 20:14:00, 24.25, 23.81, 23.65, 20.78, 18.94, 0, 0, 4.45
2019/04/27 20:15:00, 24.25, 23.83, 23.65, 20.76, 18.97, 0, 0, 4.45
2019/04/27 20:16:00, 24.25, 23.83, 23.65, 20.78, 18.97, 0, 0, 4.45
2019/04/27 20:17:00, 24.25, 23.83, 23.64, 20.80, 18.97, 0, 0, 4.45
2019/04/27 20:18:00, 24.25, 23.83, 23.64, 20.78, 18.97, 0, 0, 4.45
2019/04/27 20:19:00, 24.25, 23.81, 23.60, 20.80, 18.99, 0, 0, 4.45
2019/04/27 20:20:00, 24.25, 23.83, 23.65, 20.86, 19.00, 0, 0, 4.45
2019/04/27 20:21:00, 24.25, 23.83, 23.61, 20.80, 19.03, 0, 0, 4.45
2019/04/27 20:22:00, 24.25, 23.81, 23.60, 20.86, 19.04, 0, 0, 4.45
2019/04/27 20:23:00, 24.25, 23.84, 23.61, 20.86, 19.03, 0, 0, 4.45
2019/04/27 20:24:00, 24.25, 23.83, 23.62, 20.87, 19.05, 0, 0, 4.46
2019/04/27 20:25:00, 24.25, 23.77, 23.61, 20.91, 19.09, 0, 0, 4.45
2019/04/27 20:26:00, 24.25, 23.79, 23.60, 20.92, 19.07, 0, 0, 4.45
2019/04/27 20:27:00, 24.25, 23.79, 23.60, 20.81, 19.08, 0, 0, 4.45
2019/04/27 20:28:00, 24.25, 23.77, 23.60, 20.92, 19.07, 0, 0, 4.45
2019/04/27 20:29:00, 24.25, 23.80, 23.59, 20.97, 19.12, 0, 0, 4.45
2019/04/27 20:30:00, 24.25, 23.77, 23.60, 20.95, 19.10, 0, 0, 4.45
2019/04/27 20:31:00, 24.25, 23.81, 23.59, 20.92, 19.13, 0, 0, 4.45
2019/04/27 20:32:00, 24.25, 23.80, 23.59, 21.02, 19.13, 0, 0, 4.45
2019/04/27 20:33:00, 24.25, 23.79, 23.60, 20.97, 19.12, 0, 0, 4.45
2019/04/27 20:34:00, 24.25, 23.74, 23.57, 20.97, 19.14, 0, 0, 4.45
2019/04/27 20:35:00, 24.25, 23.76, 23.57, 20.97, 19.14, 0, 0, 4.45
2019/04/27 20:36:00, 24.25, 23.77, 23.58, 20.98, 19.16, 0, 0, 4.45
2019/04/27 20:37:00, 24.25, 23.76, 23.57, 21.07, 19.17, 0, 0, 4.45
2019/04/27 20:38:00, 24.25, 23.76, 23.57, 20.97, 19.18, 0, 0, 4.45
2019/04/27 20:39:00, 24.25, 23.77, 23.56, 21.05, 19.19, 0, 0, 4.45
2019/04/27 20:40:00, 24.25, 23.77, 23.57, 21.07, 19.20, 0, 0, 4.45
2019/04/27 20:41:00, 24.25, 23.74, 23.54, 21.00, 19.20, 0, 0, 4.45
2019/04/27 20:42:00, 24.25, 23.74, 23.56, 21.00, 19.20, 0, 0, 4.45
2019/04/27 20:43:00, 24.25, 23.74, 23.54, 21.06, 19.23, 0, 0, 4.45
2019/04/27 20:44:00, 24.25, 23.73, 23.53, 21.08, 19.25, 0, 0, 4.45
2019/04/27 20:45:00, 24.25, 23.73, 23.53, 21.06, 19.24, 0, 0, 4.45
2019/04/27 20:46:00, 24.25, 23.74, 23.52, 21.06, 19.24, 0, 0, 4.45
2019/04/27 20:47:00, 24.25, 23.73, 23.53, 21.08, 19.27, 0, 0, 4.45
2019/04/27 20:48:00, 24.25, 23.73, 23.51, 21.11, 19.29, 0, 0, 4.45
2019/04/27 20:49:00, 24.00, 23.71, 23.50, 21.06, 19.29, 0, 0, 4.45
2019/04/27 20:50:00, 24.00, 23.71, 23.51, 21.06, 19.27, 0, 0, 4.45
2019/04/27 20:51:00, 24.00, 23.68, 23.51, 21.11, 19.30, 0, 0, 4.45
2019/04/27 20:52:00, 24.00, 23.68, 23.49, 21.11, 19.32, 0, 0, 4.45
2019/04/27 20:53:00, 24.00, 23.68, 23.48, 21.14, 19.32, 0, 0, 4.45
2019/04/27 20:54:00, 24.00, 23.70, 23.50, 21.16, 19.34, 0, 0, 4.45
2019/04/27 20:55:00, 24.00, 23.68, 23.47, 21.19, 19.33, 0, 0, 4.45
2019/04/27 20:56:00, 24.00, 23.65, 23.48, 21.16, 19.33, 0, 0, 4.45
2019/04/27 20:57:00, 24.00, 23.65, 23.47, 21.19, 19.35, 0, 0, 4.45
2019/04/27 20:58:00, 24.00, 23.65, 23.47, 21.17, 19.35, 0, 0, 4.45
2019/04/27 20:59:00, 24.00, 23.64, 23.46, 21.17, 19.37, 0, 0, 4.45
2019/04/27 21:00:00, 24.00, 23.65, 23.48, 21.22, 19.37, 0, 0, 4.45
2019/04/27 21:01:00, 24.00, 23.65, 23.44, 21.22, 19.36, 0, 0, 4.45
2019/04/27 21:02:00, 24.00, 23.65, 23.45, 21.22, 19.38, 0, 0, 4.45
2019/04/27 21:03:00, 24.00, 23.64, 23.47, 21.24, 19.36, 0, 0, 4.45
2019/04/27 21:04:00, 24.00, 23.64, 23.43, 21.25, 19.37, 0, 0, 4.45
2019/04/27 21:05:00, 24.00, 23.63, 23.45, 21.25, 19.41, 0, 0, 4.45
2019/04/27 21:06:00, 24.00, 23.61, 23.41, 21.22, 19.40, 0, 0, 4.45
2019/04/27 21:07:00, 24.00, 23.61, 23.41, 21.24, 19.40, 0, 0, 4.45
2019/04/27 21:08:00, 24.00, 23.60, 23.42, 21.19, 19.40, 0, 0, 4.45
2019/04/27 21:09:00, 24.00, 23.63, 23.44, 21.22, 19.41, 0, 0, 4.45
2019/04/27 21:10:00, 24.00, 23.59, 23.41, 21.21, 19.40, 0, 0, 4.45
2019/04/27 21:11:00, 24.00, 23.61, 23.42, 21.25, 19.42, 0, 0, 4.45
2019/04/27 21:12:00, 24.00, 23.61, 23.42, 21.28, 19.42, 0, 0, 4.45
2019/04/27 21:13:00, 24.00, 23.57, 23.39, 21.27, 19.41, 0, 0, 4.45
2019/04/27 21:14:00, 24.00, 23.59, 23.39, 21.22, 19.42, 0, 0, 4.45
2019/04/27 21:15:00, 24.00, 23.57, 23.41, 21.32, 19.40, 0, 0, 4.45
2019/04/27 21:16:00, 24.00, 23.57, 23.38, 21.25, 19.42, 0, 0, 4.45
2019/04/27 21:17:00, 24.00, 23.59, 23.41, 21.30, 19.42, 0, 0, 4.45
2019/04/27 21:18:00, 24.00, 23.59, 23.39, 21.31, 19.42, 0, 0, 4.45
2019/04/27 21:19:00, 24.00, 23.57, 23.39, 21.25, 19.42, 0, 0, 4.45
2019/04/27 21:20:00, 24.00, 23.59, 23.36, 21.30, 19.45, 0, 0, 4.45
2019/04/27 21:21:00, 24.00, 23.56, 23.38, 21.27, 19.44, 0, 0, 4.45
2019/04/27 21:22:00, 24.00, 23.57, 23.37, 21.31, 19.43, 0, 0, 4.45
2019/04/27 21:23:00, 24.00, 23.56, 23.33, 21.26, 19.44, 0, 0, 4.45
2019/04/27 21:24:00, 24.00, 23.57, 23.35, 21.31, 19.44, 0, 0, 4.45
2019/04/27 21:25:00, 24.00, 23.57, 23.37, 21.30, 19.45, 0, 0, 4.45
2019/04/27 21:26:00, 24.00, 23.54, 23.36, 21.25, 19.46, 0, 0, 4.45
2019/04/27 21:27:00, 24.00, 23.54, 23.35, 21.31, 19.47, 0, 0, 4.45
2019/04/27 21:28:00, 24.00, 23.56, 23.34, 21.28, 19.45, 0, 0, 4.45
2019/04/27 21:29:00, 24.00, 23.56, 23.36, 21.31, 19.48, 0, 0, 4.45
2019/04/27 21:30:00, 24.00, 23.54, 23.35, 21.36, 19.48, 0, 0, 4.45
2019/04/27 21:31:00, 24.00, 23.54, 23.35, 21.30, 19.46, 0, 0, 4.45
2019/04/27 21:32:00, 24.00, 23.54, 23.33, 21.36, 19.49, 0, 0, 4.45
2019/04/27 21:33:00, 24.00, 23.52, 23.34, 21.36, 19.48, 0, 0, 4.45
2019/04/27 21:34:00, 24.00, 23.54, 23.34, 21.32, 19.48, 0, 0, 4.45
2019/04/27 21:35:00, 24.00, 23.56, 23.33, 21.33, 19.48, 0, 0, 4.45
2019/04/27 21:36:00, 24.00, 23.56, 23.35, 21.31, 19.51, 0, 0, 4.45
2019/04/27 21:37:00, 24.00, 23.52, 23.34, 21.33, 19.49, 0, 0, 4.45
2019/04/27 21:38:00, 24.00, 23.53, 23.35, 21.36, 19.50, 0, 0, 4.45
2019/04/27 21:39:00, 24.00, 23.54, 23.35, 21.36, 19.50, 0, 0, 4.45
2019/04/27 21:40:00, 24.00, 23.52, 23.32, 21.36, 19.51, 0, 0, 4.45
2019/04/27 21:41:00, 24.00, 23.53, 23.32, 21.34, 19.52, 0, 0, 4.45
2019/04/27 21:42:00, 24.00, 23.54, 23.31, 21.39, 19.52, 0, 0, 4.45
2019/04/27 21:43:00, 24.00, 23.52, 23.32, 21.36, 19.52, 0, 0, 4.45
2019/04/27 21:44:00, 24.00, 23.50, 23.33, 21.38, 19.52, 0, 0, 4.45
2019/04/27 21:45:00, 24.00, 23.52, 23.33, 21.36, 19.52, 0, 0, 4.45
2019/04/27 21:46:00, 24.00, 23.52, 23.32, 21.37, 19.52, 0, 0, 4.45
2019/04/27 21:47:00, 24.00, 23.50, 23.32, 21.39, 19.52, 0, 0, 4.45
2019/04/27 21:48:00, 24.00, 23.50, 23.34, 21.39, 19.52, 0, 0, 4.45
2019/04/27 21:49:00, 24.00, 23.50, 23.30, 21.47, 19.54, 0, 0, 4.45
2019/04/27 21:50:00, 24.00, 23.50, 23.32, 21.37, 19.55, 0, 0, 4.45
2019/04/27 21:51:00, 24.00, 23.49, 23.30, 21.46, 19.55, 0, 0, 4.45
2019/04/27 21:52:00, 24.00, 23.50, 23.31, 21.44, 19.55, 0, 0, 4.45
2019/04/27 21:53:00, 24.00, 23.52, 23.32, 21.46, 19.58, 0, 0, 4.45
2019/04/27 21:54:00, 24.00, 23.49, 23.30, 21.45, 19.58, 0, 0, 4.45
2019/04/27 21:55:00, 24.00, 23.52, 23.31, 21.47, 19.59, 0, 0, 4.45
2019/04/27 21:56:00, 24.00, 23.50, 23.31, 21.47, 19.61, 0, 0, 4.45
2019/04/27 21:57:00, 24.00, 23.49, 23.31, 21.46, 19.61, 0, 0, 4.45
2019/04/27 21:58:00, 24.00, 23.50, 23.29, 21.52, 19.61, 0, 0, 4.45
2019/04/27 21:59:00, 24.00, 23.50, 23.31, 21.49, 19.64, 0, 0, 4.45
2019/04/27 22:00:00, 24.00, 23.49, 23.29, 21.44, 19.65, 0, 0, 4.45
2019/04/27 22:01:00, 24.00, 23.47, 23.29, 21.52, 19.65, 0, 0, 4.45
2019/04/27 22:02:00, 24.00, 23.49, 23.29, 21.52, 19.65, 0, 0, 4.45
2019/04/27 22:03:00, 24.00, 23.47, 23.31, 21.50, 19.68, 0, 0, 4.45
2019/04/27 22:04:00, 24.00, 23.49, 23.30, 21.57, 19.69, 0, 0, 4.45
2019/04/27 22:05:00, 24.00, 23.47, 23.28, 21.55, 19.70, 0, 0, 4.45
2019/04/27 22:06:00, 24.00, 23.46, 23.27, 21.60, 19.71, 0, 0, 4.45
2019/04/27 22:07:00, 24.00, 23.46, 23.25, 21.58, 19.73, 0, 0, 4.45
2019/04/27 22:08:00, 24.00, 23.47, 23.28, 21.60, 19.74, 0, 0, 4.45
2019/04/27 22:09:00, 24.00, 23.44, 23.27, 21.60, 19.76, 0, 0, 4.45
2019/04/27 22:10:00, 24.00, 23.49, 23.29, 21.60, 19.78, 0, 0, 4.45
2019/04/27 22:11:00, 24.00, 23.47, 23.25, 21.66, 19.77, 0, 0, 4.45
2019/04/27 22:12:00, 24.00, 23.47, 23.28, 21.65, 19.79, 0, 0, 4.45
2019/04/27 22:13:00, 24.00, 23.47, 23.28, 21.65, 19.79, 0, 0, 4.45
2019/04/27 22:14:00, 24.00, 23.50, 23.28, 21.66, 19.82, 0, 0, 4.45
2019/04/27 22:15:00, 24.00, 23.49, 23.30, 21.67, 19.83, 0, 0, 4.45
2019/04/27 22:16:00, 24.00, 23.47, 23.28, 21.68, 19.83, 0, 0, 4.45
2019/04/27 22:17:00, 24.00, 23.46, 23.28, 21.73, 19.84, 0, 0, 4.45
2019/04/27 22:18:00, 24.00, 23.49, 23.25, 21.71, 19.85, 0, 0, 4.45
2019/04/27 22:19:00, 24.00, 23.46, 23.25, 21.73, 19.88, 0, 0, 4.45
2019/04/27 22:20:00, 24.00, 23.47, 23.28, 21.74, 19.89, 0, 0, 4.45
2019/04/27 22:21:00, 24.00, 23.46, 23.28, 21.78, 19.90, 0, 0, 4.45
2019/04/27 22:22:00, 24.00, 23.46, 23.28, 21.79, 19.93, 0, 0, 4.45
2019/04/27 22:23:00, 24.00, 23.47, 23.27, 21.84, 19.93, 0, 0, 4.45
2019/04/27 22:24:00, 23.75, 23.46, 23.29, 21.84, 19.96, 0, 0, 4.45
2019/04/27 22:25:00, 23.75, 23.46, 23.28, 21.86, 19.97, 0, 0, 4.45
2019/04/27 22:26:00, 23.75, 23.47, 23.28, 21.89, 20.00, 0, 0, 4.45
2019/04/27 22:27:00, 23.75, 23.47, 23.27, 21.89, 20.03, 0, 0, 4.45
2019/04/27 22:28:00, 23.75, 23.47, 23.25, 21.94, 20.03, 0, 0, 4.45
2019/04/27 22:29:00, 23.75, 23.46, 23.29, 21.96, 20.06, 0, 0, 4.45
2019/04/27 22:30:00, 23.75, 23.44, 23.28, 21.96, 20.08, 0, 0, 4.45
2019/04/27 22:31:00, 23.75, 23.49, 23.27, 22.00, 20.09, 0, 0, 4.45
2019/04/27 22:32:00, 23.75, 23.46, 23.25, 22.02, 20.11, 0, 0, 4.45
2019/04/27 22:33:00, 23.75, 23.49, 23.28, 22.02, 20.13, 0, 0, 4.45
2019/04/27 22:34:00, 23.75, 23.47, 23.27, 22.03, 20.15, 0, 0, 4.45
2019/04/27 22:35:00, 23.75, 23.46, 23.27, 22.00, 20.15, 0, 0, 4.45
2019/04/27 22:36:00, 23.75, 23.47, 23.28, 22.10, 20.16, 0, 0, 4.45
2019/04/27 22:37:00, 23.75, 23.46, 23.25, 22.07, 20.19, 0, 0, 4.45
2019/04/27 22:38:00, 23.75, 23.47, 23.24, 22.13, 20.21, 0, 0, 4.45
2019/04/27 22:39:00, 23.75, 23.44, 23.27, 22.12, 20.22, 0, 0, 4.45
2019/04/27 22:40:00, 23.75, 23.46, 23.25, 22.12, 20.26, 0, 0, 4.45
2019/04/27 22:41:00, 23.75, 23.43, 23.24, 22.16, 20.26, 0, 0, 4.45
2019/04/27 22:42:00, 23.75, 23.46, 23.27, 22.15, 20.27, 0, 0, 4.45
2019/04/27 22:43:00, 23.75, 23.46, 23.25, 22.15, 20.30, 0, 0, 4.45
2019/04/27 22:44:00, 23.75, 23.44, 23.27, 22.18, 20.31, 0, 0, 4.45
2019/04/27 22:45:00, 23.75, 23.46, 23.27, 22.25, 20.31, 0, 0, 4.45
2019/04/27 22:46:00, 23.75, 23.44, 23.25, 22.23, 20.33, 0, 0, 4.45
2019/04/27 22:47:00, 23.75, 23.47, 23.27, 22.25, 20.34, 0, 0, 4.45
2019/04/27 22:48:00, 23.75, 23.46, 23.27, 22.25, 20.36, 0, 0, 4.45
2019/04/27 22:49:00, 23.75, 23.43, 23.24, 22.29, 20.35, 0, 0, 4.45
2019/04/27 22:50:00, 23.75, 23.46, 23.27, 22.28, 20.38, 0, 0, 4.45
2019/04/27 22:51:00, 23.75, 23.44, 23.25, 22.31, 20.42, 0, 0, 4.45
2019/04/27 22:52:00, 23.75, 23.47, 23.25, 22.34, 20.44, 0, 0, 4.45
2019/04/27 22:53:00, 23.75, 23.46, 23.25, 22.36, 20.45, 0, 0, 4.45
2019/04/27 22:54:00, 23.75, 23.43, 23.24, 22.41, 20.48, 0, 0, 4.45
2019/04/27 22:55:00, 23.75, 23.43, 23.23, 22.38, 20.48, 0, 0, 4.45
2019/04/27 22:56:00, 23.75, 23.46, 23.27, 22.41, 20.51, 0, 0, 4.45
2019/04/27 22:57:00, 23.75, 23.46, 23.23, 22.44, 20.53, 0, 0, 4.45
2019/04/27 22:58:00, 23.75, 23.44, 23.23, 22.49, 20.55, 0, 0, 4.45
2019/04/27 22:59:00, 23.75, 23.44, 23.23, 22.45, 20.56, 0, 0, 4.45
2019/04/27 23:00:00, 23.75, 23.44, 23.23, 22.50, 20.56, 0, 0, 4.45
2019/04/27 23:01:00, 23.75, 23.42, 23.25, 22.47, 20.58, 0, 0, 4.45
2019/04/27 23:02:00, 23.75, 23.43, 23.24, 22.54, 20.59, 0, 0, 4.45
2019/04/27 23:03:00, 23.75, 23.43, 23.23, 22.50, 20.63, 0, 0, 4.45
2019/04/27 23:04:00, 23.75, 23.46, 23.25, 22.54, 20.61, 0, 0, 4.45
2019/04/27 23:05:00, 23.75, 23.46, 23.24, 22.57, 20.64, 0, 0, 4.45
2019/04/27 23:06:00, 23.75, 23.43, 23.24, 22.54, 20.66, 0, 0, 4.45
2019/04/27 23:07:00, 23.75, 23.44, 23.23, 22.59, 20.68, 0, 0, 4.45
2019/04/27 23:08:00, 23.75, 23.44, 23.24, 22.55, 20.69, 0, 0, 4.45
2019/04/27 23:09:00, 23.75, 23.44, 23.25, 22.61, 20.71, 0, 0, 4.45
2019/04/27 23:10:00, 23.75, 23.43, 23.23, 22.67, 20.71, 0, 0, 4.45
2019/04/27 23:11:00, 23.75, 23.43, 23.22, 22.67, 20.73, 0, 0, 4.45
2019/04/27 23:12:00, 23.75, 23.44, 23.24, 22.65, 20.76, 0, 0, 4.45
2019/04/27 23:13:00, 23.75, 23.44, 23.25, 22.65, 20.76, 0, 0, 4.45
2019/04/27 23:14:00, 23.75, 23.44, 23.27, 22.70, 20.77, 0, 0, 4.45
2019/04/27 23:15:00, 23.75, 23.44, 23.25, 22.73, 20.77, 0, 0, 4.45
2019/04/27 23:16:00, 23.75, 23.44, 23.24, 22.72, 20.80, 0, 0, 4.45
2019/04/27 23:17:00, 23.75, 23.44, 23.23, 22.75, 20.81, 0, 0, 4.45
2019/04/27 23:18:00, 23.75, 23.44, 23.23, 22.75, 20.83, 0, 0, 4.45
2019/04/27 23:19:00, 23.75, 23.46, 23.24, 22.78, 20.84, 0, 0, 4.45
2019/04/27 23:20:00, 23.75, 23.42, 23.23, 22.76, 20.84, 0, 0, 4.45
2019/04/27 23:21:00, 23.75, 23.43, 23.22, 22.78, 20.87, 0, 0, 4.45
2019/04/27 23:22:00, 23.75, 23.42, 23.24, 22.83, 20.88, 0, 0, 4.45
2019/04/27 23:23:00, 23.75, 23.44, 23.24, 22.83, 20.89, 0, 0, 4.45
2019/04/27 23:24:00, 23.75, 23.44, 23.22, 22.88, 20.90, 0, 0, 4.45
2019/04/27 23:25:00, 23.75, 23.44, 23.24, 22.88, 20.91, 0, 0, 4.45
2019/04/27 23:26:00, 23.75, 23.43, 23.23, 22.89, 20.93, 0, 0, 4.45
2019/04/27 23:27:00, 23.75, 23.43, 23.22, 22.86, 20.94, 0, 0, 4.45
2019/04/27 23:28:00, 23.75, 23.42, 23.24, 22.88, 20.94, 0, 0, 4.45
2019/04/27 23:29:00, 23.75, 23.43, 23.24, 22.89, 20.96, 0, 0, 4.45
2019/04/27 23:30:00, 23.75, 23.43, 23.23, 22.86, 20.97, 0, 0, 4.45
2019/04/27 23:31:00, 23.75, 23.42, 23.22, 22.94, 20.97, 0, 0, 4.45
2019/04/27 23:32:00, 23.75, 23.42, 23.22, 23.01, 20.98, 0, 0, 4.45
2019/04/27 23:33:00, 23.75, 23.43, 23.22, 22.94, 21.02, 0, 0, 4.45
2019/04/27 23:34:00, 23.75, 23.42, 23.22, 22.96, 21.01, 0, 0, 4.45
2019/04/27 23:35:00, 23.75, 23.42, 23.22, 22.94, 21.03, 0, 0, 4.45
2019/04/27 23:36:00, 23.75, 23.40, 23.22, 22.97, 21.04, 0, 0, 4.45
2019/04/27 23:37:00, 23.75, 23.43, 23.23, 22.99, 21.06, 0, 0, 4.45
2019/04/27 23:38:00, 23.75, 23.42, 23.22, 23.00, 21.07, 0, 0, 4.45
2019/04/27 23:39:00, 23.75, 23.43, 23.22, 23.02, 21.07, 0, 0, 4.45
2019/04/27 23:40:00, 23.75, 23.43, 23.24, 23.03, 21.08, 0, 0, 4.45
2019/04/27 23:41:00, 23.75, 23.42, 23.23, 23.01, 21.07, 0, 0, 4.45
2019/04/27 23:42:00, 23.75, 23.43, 23.22, 22.99, 21.09, 0, 0, 4.45
2019/04/27 23:43:00, 23.75, 23.42, 23.22, 23.05, 21.11, 0, 0, 4.45
2019/04/27 23:44:00, 23.75, 23.42, 23.22, 23.02, 21.11, 0, 0, 4.45
2019/04/27 23:45:00, 23.75, 23.42, 23.22, 23.07, 21.13, 0, 0, 4.45
2019/04/27 23:46:00, 23.75, 23.40, 23.22, 23.07, 21.14, 0, 0, 4.45
2019/04/27 23:47:00, 23.75, 23.42, 23.22, 23.04, 21.14, 0, 0, 4.45
