Data logger for tempereture and humidity.
Code, design, and soldering by Antti Mikkonen, a.mikkonen@iki.fi, 2019.
Based on open source projects and libraries. See source for details.
/home/ami/src/arduino/promini/logger_v8_ada/logger_v8_ada.ino
UTC time (year/month/date hour:minute:second), T RTC (C), T sht31 (C), T si7021 (C), RH sht31 (-), RH si7021 (-), heaterOn sht31 (bool),  heaterOn si7021 (bool), battery voltage (V)
2019/05/10 00:08:00, 24.00, 23.56, 23.37, 19.42, 17.71, 0, 0, 4.35
2019/05/10 00:09:00, 24.00, 23.56, 23.37, 19.45, 17.70, 0, 0, 4.36
2019/05/10 00:10:00, 24.00, 23.57, 23.35, 19.47, 17.71, 0, 0, 4.35
2019/05/10 00:11:00, 24.00, 23.56, 23.36, 19.42, 17.72, 0, 0, 4.35
2019/05/10 00:12:00, 24.00, 23.54, 23.36, 19.42, 17.70, 0, 0, 4.35
2019/05/10 00:13:00, 24.00, 23.56, 23.35, 19.43, 17.71, 0, 0, 4.35
2019/05/10 00:14:00, 24.00, 23.57, 23.35, 19.46, 17.72, 0, 0, 4.36
2019/05/10 00:15:00, 24.00, 23.53, 23.36, 19.48, 17.72, 0, 0, 4.35
2019/05/10 00:16:00, 24.00, 23.54, 23.36, 19.38, 17.71, 0, 0, 4.35
2019/05/10 00:17:00, 24.00, 23.54, 23.35, 19.45, 17.72, 0, 0, 4.36
2019/05/10 00:18:00, 24.00, 23.53, 23.35, 19.43, 17.74, 0, 0, 4.35
2019/05/10 00:19:00, 24.00, 23.56, 23.36, 19.50, 17.75, 0, 0, 4.35
2019/05/10 00:20:00, 24.00, 23.56, 23.36, 19.46, 17.73, 0, 0, 4.35
2019/05/10 00:21:00, 24.00, 23.54, 23.37, 19.48, 17.73, 0, 0, 4.35
2019/05/10 00:22:00, 24.00, 23.54, 23.36, 19.49, 17.75, 0, 0, 4.35
2019/05/10 00:23:00, 24.00, 23.56, 23.34, 19.40, 17.75, 0, 0, 4.36
2019/05/10 00:24:00, 24.00, 23.54, 23.35, 19.48, 17.75, 0, 0, 4.35
2019/05/10 00:25:00, 24.00, 23.54, 23.33, 19.49, 17.76, 0, 0, 4.35
2019/05/10 00:26:00, 24.00, 23.53, 23.35, 19.45, 17.77, 0, 0, 4.36
2019/05/10 00:27:00, 24.00, 23.56, 23.35, 19.45, 17.76, 0, 0, 4.35
2019/05/10 00:28:00, 24.00, 23.53, 23.34, 19.53, 17.75, 0, 0, 4.36
2019/05/10 00:29:00, 24.00, 23.52, 23.35, 19.49, 17.78, 0, 0, 4.36
2019/05/10 00:30:00, 24.00, 23.56, 23.33, 19.43, 17.78, 0, 0, 4.35
2019/05/10 00:31:00, 24.00, 23.54, 23.35, 19.53, 17.78, 0, 0, 4.36
2019/05/10 00:32:00, 24.00, 23.54, 23.35, 19.51, 17.78, 0, 0, 4.36
2019/05/10 00:33:00, 24.00, 23.53, 23.33, 19.51, 17.78, 0, 0, 4.35
2019/05/10 00:34:00, 24.00, 23.54, 23.34, 19.50, 17.79, 0, 0, 4.35
2019/05/10 00:35:00, 24.00, 23.56, 23.34, 19.45, 17.78, 0, 0, 4.35
2019/05/10 00:36:00, 24.00, 23.53, 23.34, 19.46, 17.78, 0, 0, 4.35
2019/05/10 00:37:00, 24.00, 23.52, 23.33, 19.51, 17.81, 0, 0, 4.35
2019/05/10 00:38:00, 24.00, 23.53, 23.34, 19.48, 17.81, 0, 0, 4.36
2019/05/10 00:39:00, 24.00, 23.53, 23.34, 19.51, 17.80, 0, 0, 4.35
2019/05/10 00:40:00, 24.00, 23.52, 23.35, 19.49, 17.81, 0, 0, 4.36
2019/05/10 00:41:00, 24.00, 23.53, 23.33, 19.50, 17.81, 0, 0, 4.35
2019/05/10 00:42:00, 24.00, 23.52, 23.34, 19.51, 17.83, 0, 0, 4.35
2019/05/10 00:43:00, 24.00, 23.50, 23.34, 19.49, 17.82, 0, 0, 4.35
2019/05/10 00:44:00, 24.00, 23.53, 23.35, 19.53, 17.82, 0, 0, 4.36
2019/05/10 00:45:00, 24.00, 23.53, 23.35, 19.54, 17.84, 0, 0, 4.35
2019/05/10 00:46:00, 24.00, 23.54, 23.34, 19.54, 17.83, 0, 0, 4.35
2019/05/10 00:47:00, 24.00, 23.54, 23.35, 19.58, 17.83, 0, 0, 4.35
2019/05/10 00:48:00, 24.00, 23.53, 23.35, 19.55, 17.84, 0, 0, 4.36
2019/05/10 00:49:00, 24.00, 23.53, 23.33, 19.51, 17.83, 0, 0, 4.35
2019/05/10 00:50:00, 24.00, 23.53, 23.33, 19.58, 17.84, 0, 0, 4.35
2019/05/10 00:51:00, 24.00, 23.54, 23.32, 19.58, 17.86, 0, 0, 4.36
2019/05/10 00:52:00, 24.00, 23.52, 23.34, 19.58, 17.85, 0, 0, 4.35
2019/05/10 00:53:00, 24.00, 23.52, 23.34, 19.56, 17.84, 0, 0, 4.36
2019/05/10 00:54:00, 24.00, 23.52, 23.34, 19.57, 17.86, 0, 0, 4.35
2019/05/10 00:55:00, 24.00, 23.53, 23.34, 19.53, 17.85, 0, 0, 4.36
2019/05/10 00:56:00, 24.00, 23.53, 23.33, 19.61, 17.87, 0, 0, 4.35
2019/05/10 00:57:00, 24.00, 23.52, 23.33, 19.56, 17.88, 0, 0, 4.35
2019/05/10 00:58:00, 24.00, 23.56, 23.33, 19.59, 17.88, 0, 0, 4.35
2019/05/10 00:59:00, 24.00, 23.52, 23.33, 19.56, 17.86, 0, 0, 4.35
2019/05/10 01:00:00, 24.00, 23.52, 23.34, 19.56, 17.89, 0, 0, 4.35
2019/05/10 01:01:00, 24.00, 23.54, 23.33, 19.61, 17.88, 0, 0, 4.36
2019/05/10 01:02:00, 24.00, 23.53, 23.33, 19.58, 17.89, 0, 0, 4.35
2019/05/10 01:03:00, 24.00, 23.53, 23.33, 19.61, 17.90, 0, 0, 4.35
2019/05/10 01:04:00, 24.00, 23.52, 23.32, 19.62, 17.88, 0, 0, 4.35
2019/05/10 01:05:00, 24.00, 23.53, 23.34, 19.59, 17.89, 0, 0, 4.35
2019/05/10 01:06:00, 24.00, 23.54, 23.32, 19.59, 17.88, 0, 0, 4.35
2019/05/10 01:07:00, 24.00, 23.53, 23.35, 19.59, 17.89, 0, 0, 4.35
2019/05/10 01:08:00, 24.00, 23.53, 23.35, 19.61, 17.91, 0, 0, 4.35
2019/05/10 01:09:00, 24.00, 23.52, 23.35, 19.61, 17.90, 0, 0, 4.35
2019/05/10 01:10:00, 24.00, 23.53, 23.33, 19.67, 17.89, 0, 0, 4.36
2019/05/10 01:11:00, 24.00, 23.54, 23.34, 19.58, 17.91, 0, 0, 4.35
2019/05/10 01:12:00, 24.00, 23.52, 23.33, 19.59, 17.91, 0, 0, 4.36
2019/05/10 01:13:00, 24.00, 23.53, 23.33, 19.57, 17.91, 0, 0, 4.35
2019/05/10 01:14:00, 24.00, 23.53, 23.32, 19.62, 17.91, 0, 0, 4.35
2019/05/10 01:15:00, 24.00, 23.52, 23.34, 19.69, 17.95, 0, 0, 4.35
2019/05/10 01:16:00, 24.00, 23.50, 23.32, 19.67, 17.94, 0, 0, 4.35
2019/05/10 01:17:00, 24.00, 23.52, 23.32, 19.66, 17.95, 0, 0, 4.35
2019/05/10 01:18:00, 24.00, 23.50, 23.33, 19.69, 17.96, 0, 0, 4.35
2019/05/10 01:19:00, 24.00, 23.53, 23.32, 19.66, 17.94, 0, 0, 4.35
2019/05/10 01:20:00, 24.00, 23.52, 23.33, 19.69, 17.95, 0, 0, 4.35
2019/05/10 01:21:00, 24.00, 23.50, 23.33, 19.67, 17.97, 0, 0, 4.35
2019/05/10 01:22:00, 24.00, 23.52, 23.32, 19.72, 17.94, 0, 0, 4.35
2019/05/10 01:23:00, 24.00, 23.49, 23.32, 19.69, 17.97, 0, 0, 4.35
2019/05/10 01:24:00, 24.00, 23.50, 23.32, 19.69, 17.99, 0, 0, 4.35
2019/05/10 01:25:00, 24.00, 23.52, 23.32, 19.70, 17.98, 0, 0, 4.35
2019/05/10 01:26:00, 24.00, 23.52, 23.32, 19.69, 18.00, 0, 0, 4.35
2019/05/10 01:27:00, 24.00, 23.49, 23.34, 19.67, 18.00, 0, 0, 4.35
2019/05/10 01:28:00, 24.00, 23.52, 23.31, 19.72, 18.00, 0, 0, 4.35
2019/05/10 01:29:00, 24.00, 23.52, 23.30, 19.70, 17.99, 0, 0, 4.35
2019/05/10 01:30:00, 24.00, 23.50, 23.33, 19.72, 18.00, 0, 0, 4.35
2019/05/10 01:31:00, 24.00, 23.49, 23.33, 19.72, 18.00, 0, 0, 4.36
2019/05/10 01:32:00, 24.00, 23.50, 23.33, 19.77, 18.00, 0, 0, 4.36
2019/05/10 01:33:00, 24.00, 23.53, 23.32, 19.74, 18.02, 0, 0, 4.35
2019/05/10 01:34:00, 24.00, 23.52, 23.32, 19.74, 18.04, 0, 0, 4.35
2019/05/10 01:35:00, 24.00, 23.52, 23.31, 19.71, 18.02, 0, 0, 4.35
2019/05/10 01:36:00, 24.00, 23.50, 23.32, 19.74, 18.04, 0, 0, 4.35
2019/05/10 01:37:00, 24.00, 23.52, 23.32, 19.74, 18.03, 0, 0, 4.35
2019/05/10 01:38:00, 24.00, 23.53, 23.32, 19.75, 18.04, 0, 0, 4.35
2019/05/10 01:39:00, 24.00, 23.50, 23.31, 19.77, 18.03, 0, 0, 4.35
2019/05/10 01:40:00, 24.00, 23.53, 23.32, 19.79, 18.04, 0, 0, 4.35
2019/05/10 01:41:00, 24.00, 23.52, 23.32, 19.82, 18.04, 0, 0, 4.35
2019/05/10 01:42:00, 24.00, 23.52, 23.30, 19.74, 18.04, 0, 0, 4.35
2019/05/10 01:43:00, 24.00, 23.50, 23.32, 19.77, 18.05, 0, 0, 4.35
2019/05/10 01:44:00, 24.00, 23.52, 23.32, 19.80, 18.05, 0, 0, 4.35
2019/05/10 01:45:00, 24.00, 23.50, 23.31, 19.74, 18.06, 0, 0, 4.35
2019/05/10 01:46:00, 24.00, 23.50, 23.30, 19.74, 18.06, 0, 0, 4.35
2019/05/10 01:47:00, 24.00, 23.50, 23.32, 19.82, 18.07, 0, 0, 4.35
2019/05/10 01:48:00, 24.00, 23.49, 23.31, 19.75, 18.07, 0, 0, 4.35
2019/05/10 01:49:00, 24.00, 23.52, 23.31, 19.77, 18.07, 0, 0, 4.35
2019/05/10 01:50:00, 24.00, 23.47, 23.30, 19.82, 18.08, 0, 0, 4.35
2019/05/10 01:51:00, 24.00, 23.50, 23.29, 19.83, 18.08, 0, 0, 4.35
2019/05/10 01:52:00, 24.00, 23.49, 23.30, 19.77, 18.08, 0, 0, 4.35
2019/05/10 01:53:00, 24.00, 23.49, 23.30, 19.82, 18.09, 0, 0, 4.35
2019/05/10 01:54:00, 24.00, 23.49, 23.29, 19.86, 18.08, 0, 0, 4.35
2019/05/10 01:55:00, 24.00, 23.50, 23.30, 19.83, 18.10, 0, 0, 4.35
2019/05/10 01:56:00, 24.00, 23.49, 23.29, 19.82, 18.11, 0, 0, 4.35
2019/05/10 01:57:00, 24.00, 23.49, 23.29, 19.80, 18.10, 0, 0, 4.35
2019/05/10 01:58:00, 24.00, 23.50, 23.31, 19.83, 18.11, 0, 0, 4.35
2019/05/10 01:59:00, 24.00, 23.47, 23.31, 19.85, 18.11, 0, 0, 4.35
2019/05/10 02:00:00, 24.00, 23.49, 23.28, 19.85, 18.10, 0, 0, 4.35
2019/05/10 02:01:00, 24.00, 23.49, 23.32, 19.90, 18.13, 0, 0, 4.35
2019/05/10 02:02:00, 24.00, 23.50, 23.31, 19.88, 18.13, 0, 0, 4.35
2019/05/10 02:03:00, 24.00, 23.49, 23.30, 19.88, 18.13, 0, 0, 4.35
2019/05/10 02:04:00, 24.00, 23.49, 23.31, 19.85, 18.13, 0, 0, 4.35
2019/05/10 02:05:00, 24.00, 23.47, 23.30, 19.88, 18.11, 0, 0, 4.35
2019/05/10 02:06:00, 24.00, 23.49, 23.29, 19.85, 18.15, 0, 0, 4.35
2019/05/10 02:07:00, 24.00, 23.49, 23.29, 19.88, 18.14, 0, 0, 4.35
2019/05/10 02:08:00, 24.00, 23.49, 23.30, 19.83, 18.13, 0, 0, 4.35
2019/05/10 02:09:00, 24.00, 23.47, 23.30, 19.83, 18.13, 0, 0, 4.35
2019/05/10 02:10:00, 24.00, 23.50, 23.30, 19.86, 18.13, 0, 0, 4.35
2019/05/10 02:11:00, 24.00, 23.50, 23.31, 19.83, 18.13, 0, 0, 4.35
2019/05/10 02:12:00, 24.00, 23.47, 23.31, 19.88, 18.13, 0, 0, 4.35
2019/05/10 02:13:00, 24.00, 23.50, 23.28, 19.86, 18.13, 0, 0, 4.35
2019/05/10 02:14:00, 24.00, 23.47, 23.31, 19.83, 18.12, 0, 0, 4.35
2019/05/10 02:15:00, 24.00, 23.49, 23.28, 19.85, 18.13, 0, 0, 4.35
2019/05/10 02:16:00, 24.00, 23.49, 23.30, 19.80, 18.13, 0, 0, 4.35
2019/05/10 02:17:00, 24.00, 23.50, 23.30, 19.88, 18.13, 0, 0, 4.35
2019/05/10 02:18:00, 24.00, 23.49, 23.30, 19.86, 18.14, 0, 0, 4.35
2019/05/10 02:19:00, 24.00, 23.50, 23.30, 19.82, 18.13, 0, 0, 4.35
2019/05/10 02:20:00, 24.00, 23.49, 23.34, 19.85, 18.15, 0, 0, 4.35
2019/05/10 02:21:00, 24.00, 23.50, 23.28, 19.86, 18.14, 0, 0, 4.35
2019/05/10 02:22:00, 24.00, 23.47, 23.32, 19.95, 18.15, 0, 0, 4.35
2019/05/10 02:23:00, 24.00, 23.49, 23.31, 19.88, 18.15, 0, 0, 4.35
2019/05/10 02:24:00, 24.00, 23.47, 23.28, 19.85, 18.16, 0, 0, 4.35
2019/05/10 02:25:00, 24.00, 23.49, 23.30, 19.85, 18.15, 0, 0, 4.35
2019/05/10 02:26:00, 24.00, 23.49, 23.29, 19.93, 18.16, 0, 0, 4.35
2019/05/10 02:27:00, 24.00, 23.49, 23.30, 19.88, 18.16, 0, 0, 4.35
2019/05/10 02:28:00, 24.00, 23.47, 23.30, 19.90, 18.15, 0, 0, 4.35
2019/05/10 02:29:00, 24.00, 23.47, 23.28, 19.88, 18.13, 0, 0, 4.35
2019/05/10 02:30:00, 24.00, 23.49, 23.29, 19.90, 18.16, 0, 0, 4.35
2019/05/10 02:31:00, 24.00, 23.49, 23.28, 19.85, 18.17, 0, 0, 4.35
2019/05/10 02:32:00, 24.00, 23.49, 23.30, 19.88, 18.16, 0, 0, 4.35
2019/05/10 02:33:00, 24.00, 23.46, 23.28, 19.85, 18.15, 0, 0, 4.35
2019/05/10 02:34:00, 24.00, 23.47, 23.30, 19.86, 18.15, 0, 0, 4.35
2019/05/10 02:35:00, 24.00, 23.46, 23.31, 19.90, 18.15, 0, 0, 4.35
2019/05/10 02:36:00, 24.00, 23.49, 23.29, 19.90, 18.16, 0, 0, 4.35
2019/05/10 02:37:00, 24.00, 23.49, 23.28, 19.85, 18.15, 0, 0, 4.35
2019/05/10 02:38:00, 24.00, 23.46, 23.28, 19.88, 18.16, 0, 0, 4.35
2019/05/10 02:39:00, 24.00, 23.46, 23.27, 19.86, 18.16, 0, 0, 4.35
2019/05/10 02:40:00, 24.00, 23.46, 23.25, 19.85, 18.17, 0, 0, 4.35
2019/05/10 02:41:00, 24.00, 23.47, 23.29, 19.83, 18.16, 0, 0, 4.35
2019/05/10 02:42:00, 24.00, 23.47, 23.27, 19.86, 18.15, 0, 0, 4.35
2019/05/10 02:43:00, 24.00, 23.46, 23.27, 19.93, 18.16, 0, 0, 4.35
2019/05/10 02:44:00, 24.00, 23.44, 23.27, 19.90, 18.17, 0, 0, 4.35
2019/05/10 02:45:00, 24.00, 23.46, 23.29, 19.93, 18.16, 0, 0, 4.35
2019/05/10 02:46:00, 24.00, 23.49, 23.28, 19.88, 18.17, 0, 0, 4.35
2019/05/10 02:47:00, 24.00, 23.46, 23.25, 19.83, 18.14, 0, 0, 4.35
2019/05/10 02:48:00, 24.00, 23.46, 23.25, 19.90, 18.16, 0, 0, 4.35
2019/05/10 02:49:00, 24.00, 23.46, 23.28, 19.90, 18.16, 0, 0, 4.35
2019/05/10 02:50:00, 24.00, 23.44, 23.25, 19.91, 18.16, 0, 0, 4.35
2019/05/10 02:51:00, 24.00, 23.47, 23.27, 19.90, 18.16, 0, 0, 4.35
2019/05/10 02:52:00, 24.00, 23.44, 23.25, 19.86, 18.16, 0, 0, 4.35
2019/05/10 02:53:00, 24.00, 23.46, 23.27, 19.91, 18.14, 0, 0, 4.35
2019/05/10 02:54:00, 24.00, 23.47, 23.28, 19.88, 18.16, 0, 0, 4.35
2019/05/10 02:55:00, 24.00, 23.46, 23.28, 19.86, 18.14, 0, 0, 4.35
2019/05/10 02:56:00, 24.00, 23.46, 23.29, 19.86, 18.13, 0, 0, 4.35
2019/05/10 02:57:00, 24.00, 23.46, 23.27, 19.85, 18.13, 0, 0, 4.35
2019/05/10 02:58:00, 24.00, 23.49, 23.25, 19.83, 18.14, 0, 0, 4.35
2019/05/10 02:59:00, 24.00, 23.44, 23.25, 19.83, 18.14, 0, 0, 4.35
2019/05/10 03:00:00, 24.00, 23.44, 23.25, 19.83, 18.14, 0, 0, 4.35
2019/05/10 03:01:00, 24.00, 23.44, 23.25, 19.88, 18.13, 0, 0, 4.35
2019/05/10 03:02:00, 24.00, 23.46, 23.25, 19.90, 18.13, 0, 0, 4.35
2019/05/10 03:03:00, 24.00, 23.44, 23.25, 19.88, 18.13, 0, 0, 4.35
2019/05/10 03:04:00, 24.00, 23.44, 23.27, 19.88, 18.11, 0, 0, 4.35
2019/05/10 03:05:00, 24.00, 23.43, 23.25, 19.83, 18.13, 0, 0, 4.35
2019/05/10 03:06:00, 24.00, 23.44, 23.27, 19.86, 18.10, 0, 0, 4.35
2019/05/10 03:07:00, 24.00, 23.43, 23.28, 19.82, 18.13, 0, 0, 4.35
2019/05/10 03:08:00, 24.00, 23.44, 23.25, 19.78, 18.11, 0, 0, 4.35
2019/05/10 03:09:00, 24.00, 23.44, 23.24, 19.83, 18.12, 0, 0, 4.35
2019/05/10 03:10:00, 24.00, 23.43, 23.25, 19.85, 18.11, 0, 0, 4.35
2019/05/10 03:11:00, 24.00, 23.42, 23.25, 19.80, 18.11, 0, 0, 4.35
2019/05/10 03:12:00, 24.00, 23.46, 23.27, 19.83, 18.10, 0, 0, 4.35
2019/05/10 03:13:00, 24.00, 23.43, 23.25, 19.86, 18.10, 0, 0, 4.35
2019/05/10 03:14:00, 24.00, 23.46, 23.24, 19.81, 18.10, 0, 0, 4.35
2019/05/10 03:15:00, 24.00, 23.43, 23.27, 19.80, 18.09, 0, 0, 4.35
2019/05/10 03:16:00, 24.00, 23.44, 23.28, 19.83, 18.10, 0, 0, 4.35
2019/05/10 03:17:00, 24.00, 23.46, 23.27, 19.81, 18.08, 0, 0, 4.35
2019/05/10 03:18:00, 24.00, 23.47, 23.25, 19.81, 18.07, 0, 0, 4.35
2019/05/10 03:19:00, 24.00, 23.46, 23.25, 19.86, 18.07, 0, 0, 4.35
2019/05/10 03:20:00, 24.00, 23.42, 23.24, 19.80, 18.08, 0, 0, 4.35
2019/05/10 03:21:00, 24.00, 23.42, 23.23, 19.80, 18.09, 0, 0, 4.35
2019/05/10 03:22:00, 24.00, 23.43, 23.25, 19.88, 18.09, 0, 0, 4.35
2019/05/10 03:23:00, 24.00, 23.43, 23.23, 19.84, 18.07, 0, 0, 4.35
2019/05/10 03:24:00, 24.00, 23.42, 23.24, 19.80, 18.08, 0, 0, 4.35
2019/05/10 03:25:00, 24.00, 23.42, 23.23, 19.86, 18.08, 0, 0, 4.35
2019/05/10 03:26:00, 24.00, 23.43, 23.22, 19.76, 18.07, 0, 0, 4.35
2019/05/10 03:27:00, 24.00, 23.44, 23.27, 19.83, 18.07, 0, 0, 4.35
2019/05/10 03:28:00, 24.00, 23.44, 23.24, 19.78, 18.07, 0, 0, 4.35
2019/05/10 03:29:00, 24.00, 23.43, 23.24, 19.76, 18.07, 0, 0, 4.35
2019/05/10 03:30:00, 24.00, 23.46, 23.23, 19.78, 18.06, 0, 0, 4.35
2019/05/10 03:31:00, 24.00, 23.44, 23.24, 19.84, 18.05, 0, 0, 4.35
2019/05/10 03:32:00, 24.00, 23.42, 23.25, 19.73, 18.05, 0, 0, 4.35
2019/05/10 03:33:00, 24.00, 23.44, 23.24, 19.76, 18.05, 0, 0, 4.35
2019/05/10 03:34:00, 24.00, 23.42, 23.25, 19.78, 18.04, 0, 0, 4.35
2019/05/10 03:35:00, 24.00, 23.42, 23.23, 19.73, 18.05, 0, 0, 4.35
2019/05/10 03:36:00, 24.00, 23.42, 23.22, 19.78, 18.04, 0, 0, 4.35
2019/05/10 03:37:00, 24.00, 23.42, 23.23, 19.76, 18.05, 0, 0, 4.35
2019/05/10 03:38:00, 24.00, 23.42, 23.23, 19.80, 18.06, 0, 0, 4.35
2019/05/10 03:39:00, 24.00, 23.42, 23.23, 19.80, 18.06, 0, 0, 4.35
2019/05/10 03:40:00, 24.00, 23.40, 23.22, 19.75, 18.04, 0, 0, 4.35
2019/05/10 03:41:00, 24.00, 23.42, 23.23, 19.73, 18.03, 0, 0, 4.35
2019/05/10 03:42:00, 24.00, 23.42, 23.24, 19.76, 18.03, 0, 0, 4.35
2019/05/10 03:43:00, 24.00, 23.42, 23.23, 19.76, 18.04, 0, 0, 4.35
2019/05/10 03:44:00, 24.00, 23.42, 23.22, 19.75, 18.03, 0, 0, 4.35
2019/05/10 03:45:00, 24.00, 23.44, 23.23, 19.72, 18.03, 0, 0, 4.35
2019/05/10 03:46:00, 24.00, 23.44, 23.23, 19.77, 18.02, 0, 0, 4.35
2019/05/10 03:47:00, 24.00, 23.42, 23.22, 19.72, 18.02, 0, 0, 4.35
2019/05/10 03:48:00, 24.00, 23.43, 23.21, 19.73, 18.04, 0, 0, 4.35
2019/05/10 03:49:00, 24.00, 23.43, 23.25, 19.72, 18.00, 0, 0, 4.35
2019/05/10 03:50:00, 24.00, 23.40, 23.25, 19.72, 18.01, 0, 0, 4.35
2019/05/10 03:51:00, 24.00, 23.43, 23.24, 19.73, 18.01, 0, 0, 4.35
2019/05/10 03:52:00, 24.00, 23.46, 23.25, 19.72, 18.01, 0, 0, 4.35
2019/05/10 03:53:00, 24.00, 23.44, 23.25, 19.69, 18.00, 0, 0, 4.35
2019/05/10 03:54:00, 24.00, 23.44, 23.25, 19.70, 17.99, 0, 0, 4.35
2019/05/10 03:55:00, 24.00, 23.42, 23.23, 19.67, 17.99, 0, 0, 4.35
2019/05/10 03:56:00, 24.00, 23.43, 23.25, 19.73, 18.00, 0, 0, 4.35
2019/05/10 03:57:00, 24.00, 23.42, 23.23, 19.67, 18.00, 0, 0, 4.35
2019/05/10 03:58:00, 24.00, 23.42, 23.23, 19.72, 17.99, 0, 0, 4.35
2019/05/10 03:59:00, 24.00, 23.42, 23.23, 19.72, 18.00, 0, 0, 4.35
2019/05/10 04:00:00, 24.00, 23.42, 23.24, 19.73, 18.00, 0, 0, 4.35
2019/05/10 04:01:00, 24.00, 23.42, 23.24, 19.70, 17.99, 0, 0, 4.35
2019/05/10 04:02:00, 24.00, 23.43, 23.23, 19.72, 17.98, 0, 0, 4.35
2019/05/10 04:03:00, 24.00, 23.43, 23.23, 19.68, 17.99, 0, 0, 4.35
2019/05/10 04:04:00, 24.00, 23.44, 23.23, 19.70, 17.98, 0, 0, 4.35
2019/05/10 04:05:00, 24.00, 23.44, 23.24, 19.72, 17.98, 0, 0, 4.35
2019/05/10 04:06:00, 24.00, 23.43, 23.28, 19.68, 17.99, 0, 0, 4.35
2019/05/10 04:07:00, 24.00, 23.43, 23.23, 19.68, 17.97, 0, 0, 4.35
2019/05/10 04:08:00, 24.00, 23.42, 23.23, 19.68, 17.97, 0, 0, 4.35
2019/05/10 04:09:00, 24.00, 23.43, 23.23, 19.68, 17.97, 0, 0, 4.35
2019/05/10 04:10:00, 24.00, 23.43, 23.24, 19.70, 17.99, 0, 0, 4.35
2019/05/10 04:11:00, 24.00, 23.42, 23.23, 19.72, 17.97, 0, 0, 4.35
2019/05/10 04:12:00, 24.00, 23.42, 23.24, 19.70, 17.97, 0, 0, 4.35
2019/05/10 04:13:00, 24.00, 23.43, 23.22, 19.68, 17.97, 0, 0, 4.35
2019/05/10 04:14:00, 24.00, 23.46, 23.22, 19.70, 17.98, 0, 0, 4.35
2019/05/10 04:15:00, 24.00, 23.43, 23.23, 19.67, 17.99, 0, 0, 4.35
2019/05/10 04:16:00, 24.00, 23.44, 23.25, 19.63, 17.97, 0, 0, 4.35
2019/05/10 04:17:00, 24.00, 23.43, 23.25, 19.68, 17.96, 0, 0, 4.35
2019/05/10 04:18:00, 24.00, 23.43, 23.28, 19.67, 17.97, 0, 0, 4.35
2019/05/10 04:19:00, 24.00, 23.46, 23.25, 19.65, 17.97, 0, 0, 4.35
2019/05/10 04:20:00, 24.00, 23.44, 23.24, 19.63, 17.98, 0, 0, 4.35
2019/05/10 04:21:00, 24.00, 23.43, 23.25, 19.67, 17.97, 0, 0, 4.35
2019/05/10 04:22:00, 24.00, 23.46, 23.24, 19.65, 17.98, 0, 0, 4.35
2019/05/10 04:23:00, 24.00, 23.44, 23.25, 19.65, 17.96, 0, 0, 4.35
2019/05/10 04:24:00, 24.00, 23.46, 23.25, 19.63, 17.96, 0, 0, 4.35
2019/05/10 04:25:00, 24.00, 23.44, 23.21, 19.68, 17.97, 0, 0, 4.35
2019/05/10 04:26:00, 24.00, 23.44, 23.24, 19.63, 17.95, 0, 0, 4.35
2019/05/10 04:27:00, 24.00, 23.43, 23.25, 19.67, 17.97, 0, 0, 4.35
2019/05/10 04:28:00, 24.00, 23.44, 23.25, 19.68, 17.98, 0, 0, 4.35
2019/05/10 04:29:00, 24.00, 23.44, 23.24, 19.65, 17.96, 0, 0, 4.35
2019/05/10 04:30:00, 24.00, 23.46, 23.24, 19.72, 17.95, 0, 0, 4.35
2019/05/10 04:31:00, 24.00, 23.43, 23.25, 19.70, 17.97, 0, 0, 4.35
2019/05/10 04:32:00, 24.00, 23.43, 23.24, 19.67, 17.95, 0, 0, 4.35
2019/05/10 04:33:00, 24.00, 23.46, 23.25, 19.65, 17.96, 0, 0, 4.35
2019/05/10 04:34:00, 24.00, 23.44, 23.25, 19.68, 17.95, 0, 0, 4.35
2019/05/10 04:35:00, 24.00, 23.43, 23.25, 19.72, 17.97, 0, 0, 4.35
2019/05/10 04:36:00, 24.00, 23.43, 23.24, 19.68, 17.97, 0, 0, 4.35
2019/05/10 04:37:00, 24.00, 23.43, 23.24, 19.70, 17.97, 0, 0, 4.35
2019/05/10 04:38:00, 24.00, 23.44, 23.25, 19.68, 17.97, 0, 0, 4.35
2019/05/10 04:39:00, 24.00, 23.44, 23.24, 19.68, 17.97, 0, 0, 4.35
2019/05/10 04:40:00, 24.00, 23.43, 23.25, 19.67, 17.97, 0, 0, 4.35
2019/05/10 04:41:00, 24.00, 23.43, 23.27, 19.70, 17.97, 0, 0, 4.35
2019/05/10 04:42:00, 24.00, 23.44, 23.27, 19.65, 17.97, 0, 0, 4.35
2019/05/10 04:43:00, 24.00, 23.46, 23.25, 19.70, 17.97, 0, 0, 4.35
2019/05/10 04:44:00, 24.00, 23.43, 23.24, 19.63, 17.97, 0, 0, 4.35
2019/05/10 04:45:00, 24.00, 23.46, 23.27, 19.67, 17.96, 0, 0, 4.35
2019/05/10 04:46:00, 24.00, 23.43, 23.25, 19.63, 17.98, 0, 0, 4.35
2019/05/10 04:47:00, 24.00, 23.44, 23.25, 19.70, 17.96, 0, 0, 4.35
2019/05/10 04:48:00, 24.00, 23.44, 23.23, 19.68, 17.96, 0, 0, 4.35
2019/05/10 04:49:00, 24.00, 23.46, 23.25, 19.63, 17.97, 0, 0, 4.35
2019/05/10 04:50:00, 24.00, 23.44, 23.25, 19.68, 17.97, 0, 0, 4.35
2019/05/10 04:51:00, 24.00, 23.42, 23.24, 19.67, 17.95, 0, 0, 4.35
2019/05/10 04:52:00, 24.00, 23.44, 23.25, 19.68, 17.97, 0, 0, 4.35
2019/05/10 04:53:00, 24.00, 23.46, 23.24, 19.70, 17.96, 0, 0, 4.35
2019/05/10 04:54:00, 24.00, 23.43, 23.25, 19.72, 17.96, 0, 0, 4.35
2019/05/10 04:55:00, 24.00, 23.44, 23.23, 19.65, 17.96, 0, 0, 4.35
2019/05/10 04:56:00, 24.00, 23.47, 23.25, 19.68, 17.94, 0, 0, 4.35
2019/05/10 04:57:00, 24.00, 23.47, 23.22, 19.67, 17.95, 0, 0, 4.35
2019/05/10 04:58:00, 24.00, 23.46, 23.28, 19.68, 17.95, 0, 0, 4.35
2019/05/10 04:59:00, 24.00, 23.43, 23.24, 19.63, 17.94, 0, 0, 4.35
2019/05/10 05:00:00, 24.00, 23.44, 23.25, 19.67, 17.95, 0, 0, 4.35
2019/05/10 05:01:00, 24.00, 23.46, 23.24, 19.65, 17.95, 0, 0, 4.35
2019/05/10 05:02:00, 24.00, 23.44, 23.22, 19.65, 17.97, 0, 0, 4.35
2019/05/10 05:03:00, 24.00, 23.44, 23.25, 19.65, 17.96, 0, 0, 4.35
2019/05/10 05:04:00, 24.00, 23.44, 23.25, 19.67, 17.96, 0, 0, 4.35
2019/05/10 05:05:00, 24.00, 23.42, 23.24, 19.67, 17.95, 0, 0, 4.35
2019/05/10 05:06:00, 24.00, 23.43, 23.23, 19.68, 17.95, 0, 0, 4.35
2019/05/10 05:07:00, 24.00, 23.46, 23.25, 19.67, 17.94, 0, 0, 4.35
2019/05/10 05:08:00, 24.00, 23.44, 23.23, 19.67, 17.95, 0, 0, 4.35
2019/05/10 05:09:00, 24.00, 23.46, 23.25, 19.67, 17.96, 0, 0, 4.35
2019/05/10 05:10:00, 24.00, 23.42, 23.24, 19.72, 17.95, 0, 0, 4.35
2019/05/10 05:11:00, 24.00, 23.43, 23.24, 19.67, 17.96, 0, 0, 4.35
2019/05/10 05:12:00, 24.00, 23.43, 23.23, 19.72, 17.97, 0, 0, 4.35
2019/05/10 05:13:00, 24.00, 23.46, 23.24, 19.68, 17.95, 0, 0, 4.35
2019/05/10 05:14:00, 24.00, 23.46, 23.25, 19.65, 17.94, 0, 0, 4.35
2019/05/10 05:15:00, 24.00, 23.43, 23.23, 19.68, 17.95, 0, 0, 4.35
2019/05/10 05:16:00, 24.00, 23.46, 23.25, 19.65, 17.94, 0, 0, 4.35
2019/05/10 05:17:00, 24.00, 23.43, 23.27, 19.67, 17.94, 0, 0, 4.35
2019/05/10 05:18:00, 24.00, 23.44, 23.25, 19.67, 17.95, 0, 0, 4.35
2019/05/10 05:19:00, 24.00, 23.43, 23.23, 19.65, 17.94, 0, 0, 4.35
2019/05/10 05:20:00, 24.00, 23.42, 23.22, 19.65, 17.95, 0, 0, 4.35
2019/05/10 05:21:00, 24.00, 23.44, 23.24, 19.65, 17.97, 0, 0, 4.35
2019/05/10 05:22:00, 24.00, 23.43, 23.27, 19.65, 17.96, 0, 0, 4.35
2019/05/10 05:23:00, 24.00, 23.43, 23.25, 19.68, 17.96, 0, 0, 4.35
2019/05/10 05:24:00, 24.00, 23.44, 23.23, 19.70, 17.94, 0, 0, 4.35
2019/05/10 05:25:00, 24.00, 23.43, 23.22, 19.67, 17.94, 0, 0, 4.35
2019/05/10 05:26:00, 24.00, 23.40, 23.24, 19.68, 17.96, 0, 0, 4.35
2019/05/10 05:27:00, 24.00, 23.43, 23.24, 19.68, 17.96, 0, 0, 4.35
2019/05/10 05:28:00, 24.00, 23.43, 23.24, 19.72, 17.94, 0, 0, 4.35
2019/05/10 05:29:00, 24.00, 23.42, 23.25, 19.67, 17.94, 0, 0, 4.35
2019/05/10 05:30:00, 24.00, 23.43, 23.24, 19.67, 17.94, 0, 0, 4.35
2019/05/10 05:31:00, 24.00, 23.43, 23.24, 19.67, 17.94, 0, 0, 4.35
2019/05/10 05:32:00, 24.00, 23.43, 23.24, 19.63, 17.94, 0, 0, 4.35
2019/05/10 05:33:00, 24.00, 23.43, 23.24, 19.68, 17.95, 0, 0, 4.35
2019/05/10 05:34:00, 24.00, 23.44, 23.23, 19.68, 17.94, 0, 0, 4.35
2019/05/10 05:35:00, 24.00, 23.46, 23.23, 19.60, 17.97, 0, 0, 4.35
2019/05/10 05:36:00, 24.00, 23.43, 23.24, 19.63, 17.96, 0, 0, 4.35
2019/05/10 05:37:00, 24.00, 23.46, 23.25, 19.67, 17.95, 0, 0, 4.35
2019/05/10 05:38:00, 24.00, 23.43, 23.25, 19.63, 17.94, 0, 0, 4.35
2019/05/10 05:39:00, 24.00, 23.44, 23.25, 19.72, 17.93, 0, 0, 4.35
2019/05/10 05:40:00, 24.00, 23.46, 23.25, 19.68, 17.95, 0, 0, 4.35
2019/05/10 05:41:00, 24.00, 23.46, 23.25, 19.67, 17.95, 0, 0, 4.35
2019/05/10 05:42:00, 24.00, 23.44, 23.25, 19.65, 17.95, 0, 0, 4.35
2019/05/10 05:43:00, 24.00, 23.46, 23.24, 19.67, 17.94, 0, 0, 4.35
2019/05/10 05:44:00, 24.00, 23.47, 23.25, 19.62, 17.94, 0, 0, 4.35
2019/05/10 05:45:00, 24.00, 23.44, 23.24, 19.67, 17.94, 0, 0, 4.35
2019/05/10 05:46:00, 24.00, 23.46, 23.28, 19.63, 17.95, 0, 0, 4.35
2019/05/10 05:47:00, 24.00, 23.46, 23.23, 19.65, 17.94, 0, 0, 4.35
2019/05/10 05:48:00, 24.00, 23.46, 23.27, 19.65, 17.95, 0, 0, 4.35
2019/05/10 05:49:00, 24.00, 23.47, 23.28, 19.72, 17.95, 0, 0, 4.35
2019/05/10 05:50:00, 24.00, 23.47, 23.28, 19.70, 17.96, 0, 0, 4.35
2019/05/10 05:51:00, 24.00, 23.46, 23.27, 19.63, 17.95, 0, 0, 4.35
2019/05/10 05:52:00, 24.00, 23.44, 23.29, 19.65, 17.95, 0, 0, 4.35
2019/05/10 05:53:00, 24.00, 23.47, 23.28, 19.67, 17.95, 0, 0, 4.35
2019/05/10 05:54:00, 24.00, 23.46, 23.27, 19.63, 17.95, 0, 0, 4.35
2019/05/10 05:55:00, 24.00, 23.46, 23.28, 19.67, 17.95, 0, 0, 4.35
2019/05/10 05:56:00, 24.00, 23.47, 23.28, 19.65, 17.94, 0, 0, 4.35
2019/05/10 05:57:00, 24.00, 23.47, 23.29, 19.65, 17.94, 0, 0, 4.35
2019/05/10 05:58:00, 24.00, 23.46, 23.28, 19.67, 17.96, 0, 0, 4.35
2019/05/10 05:59:00, 24.00, 23.46, 23.30, 19.62, 17.94, 0, 0, 4.35
2019/05/10 06:00:00, 24.00, 23.47, 23.30, 19.62, 17.94, 0, 0, 4.35
2019/05/10 06:01:00, 24.00, 23.47, 23.31, 19.65, 17.95, 0, 0, 4.35
2019/05/10 06:02:00, 24.00, 23.49, 23.29, 19.65, 17.94, 0, 0, 4.35
2019/05/10 06:03:00, 24.00, 23.47, 23.29, 19.67, 17.93, 0, 0, 4.35
2019/05/10 06:04:00, 24.00, 23.49, 23.29, 19.69, 17.94, 0, 0, 4.35
2019/05/10 06:05:00, 24.00, 23.44, 23.29, 19.67, 17.94, 0, 0, 4.35
2019/05/10 06:06:00, 24.00, 23.49, 23.29, 19.64, 17.94, 0, 0, 4.35
2019/05/10 06:07:00, 24.00, 23.47, 23.29, 19.64, 17.94, 0, 0, 4.35
2019/05/10 06:08:00, 24.00, 23.49, 23.29, 19.72, 17.94, 0, 0, 4.35
2019/05/10 06:09:00, 24.00, 23.47, 23.31, 19.69, 17.94, 0, 0, 4.35
2019/05/10 06:10:00, 24.00, 23.50, 23.31, 19.70, 17.95, 0, 0, 4.35
2019/05/10 06:11:00, 24.00, 23.52, 23.31, 19.70, 17.97, 0, 0, 4.35
2019/05/10 06:12:00, 24.00, 23.50, 23.31, 19.72, 17.97, 0, 0, 4.35
2019/05/10 06:13:00, 24.00, 23.47, 23.30, 19.72, 17.95, 0, 0, 4.35
2019/05/10 06:14:00, 24.00, 23.49, 23.31, 19.66, 17.94, 0, 0, 4.35
2019/05/10 06:15:00, 24.00, 23.52, 23.31, 19.67, 17.95, 0, 0, 4.35
2019/05/10 06:16:00, 24.00, 23.50, 23.31, 19.64, 17.96, 0, 0, 4.35
2019/05/10 06:17:00, 24.00, 23.52, 23.31, 19.69, 17.94, 0, 0, 4.35
2019/05/10 06:18:00, 24.00, 23.50, 23.32, 19.67, 17.94, 0, 0, 4.35
2019/05/10 06:19:00, 24.00, 23.50, 23.32, 19.66, 17.95, 0, 0, 4.35
2019/05/10 06:20:00, 24.00, 23.52, 23.32, 19.62, 17.94, 0, 0, 4.35
2019/05/10 06:21:00, 24.00, 23.50, 23.32, 19.69, 17.95, 0, 0, 4.35
2019/05/10 06:22:00, 24.00, 23.50, 23.32, 19.62, 17.95, 0, 0, 4.35
2019/05/10 06:23:00, 24.00, 23.50, 23.33, 19.69, 17.94, 0, 0, 4.35
2019/05/10 06:24:00, 24.00, 23.50, 23.31, 19.72, 17.94, 0, 0, 4.35
2019/05/10 06:25:00, 24.00, 23.50, 23.32, 19.66, 17.94, 0, 0, 4.35
2019/05/10 06:26:00, 24.00, 23.53, 23.31, 19.67, 17.96, 0, 0, 4.35
2019/05/10 06:27:00, 24.00, 23.50, 23.33, 19.66, 17.97, 0, 0, 4.35
2019/05/10 06:28:00, 24.00, 23.52, 23.34, 19.67, 17.96, 0, 0, 4.35
2019/05/10 06:29:00, 24.00, 23.52, 23.33, 19.64, 17.96, 0, 0, 4.35
2019/05/10 06:30:00, 24.00, 23.50, 23.34, 19.71, 17.96, 0, 0, 4.35
2019/05/10 06:31:00, 24.00, 23.50, 23.35, 19.71, 17.95, 0, 0, 4.35
2019/05/10 06:32:00, 24.00, 23.53, 23.34, 19.64, 17.95, 0, 0, 4.35
2019/05/10 06:33:00, 24.00, 23.54, 23.35, 19.67, 17.96, 0, 0, 4.35
2019/05/10 06:34:00, 24.00, 23.53, 23.35, 19.62, 17.94, 0, 0, 4.35
2019/05/10 06:35:00, 24.00, 23.53, 23.36, 19.69, 17.97, 0, 0, 4.35
2019/05/10 06:36:00, 24.00, 23.52, 23.35, 19.67, 17.94, 0, 0, 4.35
2019/05/10 06:37:00, 24.00, 23.53, 23.35, 19.67, 17.95, 0, 0, 4.35
2019/05/10 06:38:00, 24.00, 23.53, 23.36, 19.66, 17.94, 0, 0, 4.35
2019/05/10 06:39:00, 24.00, 23.56, 23.35, 19.66, 17.94, 0, 0, 4.35
2019/05/10 06:40:00, 24.00, 23.56, 23.35, 19.66, 17.96, 0, 0, 4.35
2019/05/10 06:41:00, 24.00, 23.54, 23.34, 19.64, 17.97, 0, 0, 4.35
2019/05/10 06:42:00, 24.00, 23.57, 23.36, 19.67, 17.97, 0, 0, 4.35
2019/05/10 06:43:00, 24.00, 23.54, 23.36, 19.76, 17.97, 0, 0, 4.35
2019/05/10 06:44:00, 24.00, 23.53, 23.37, 19.71, 17.95, 0, 0, 4.35
2019/05/10 06:45:00, 24.00, 23.56, 23.37, 19.62, 17.96, 0, 0, 4.35
2019/05/10 06:46:00, 24.00, 23.56, 23.36, 19.64, 17.96, 0, 0, 4.35
2019/05/10 06:47:00, 24.00, 23.56, 23.36, 19.66, 17.94, 0, 0, 4.35
2019/05/10 06:48:00, 24.00, 23.56, 23.36, 19.71, 17.94, 0, 0, 4.35
2019/05/10 06:49:00, 24.00, 23.54, 23.36, 19.67, 17.96, 0, 0, 4.35
2019/05/10 06:50:00, 24.00, 23.54, 23.37, 19.67, 17.97, 0, 0, 4.35
2019/05/10 06:51:00, 24.00, 23.56, 23.35, 19.67, 17.96, 0, 0, 4.35
2019/05/10 06:52:00, 24.00, 23.56, 23.38, 19.67, 17.96, 0, 0, 4.35
2019/05/10 06:53:00, 24.00, 23.54, 23.36, 19.67, 17.96, 0, 0, 4.35
2019/05/10 06:54:00, 24.00, 23.56, 23.36, 19.74, 17.99, 0, 0, 4.35
2019/05/10 06:55:00, 24.00, 23.57, 23.38, 19.67, 17.97, 0, 0, 4.35
2019/05/10 06:56:00, 24.00, 23.57, 23.39, 19.69, 17.98, 0, 0, 4.35
2019/05/10 06:57:00, 24.00, 23.56, 23.37, 19.67, 17.97, 0, 0, 4.35
2019/05/10 06:58:00, 24.00, 23.57, 23.39, 19.73, 17.98, 0, 0, 4.35
2019/05/10 06:59:00, 24.00, 23.57, 23.38, 19.73, 17.98, 0, 0, 4.35
2019/05/10 07:00:00, 24.00, 23.57, 23.37, 19.74, 17.99, 0, 0, 4.35
2019/05/10 07:01:00, 24.00, 23.56, 23.38, 19.69, 17.98, 0, 0, 4.35
2019/05/10 07:02:00, 24.00, 23.57, 23.38, 19.64, 17.99, 0, 0, 4.35
2019/05/10 07:03:00, 24.00, 23.57, 23.37, 19.66, 17.97, 0, 0, 4.35
2019/05/10 07:04:00, 24.00, 23.56, 23.38, 19.76, 17.99, 0, 0, 4.35
2019/05/10 07:05:00, 24.00, 23.59, 23.38, 19.69, 17.98, 0, 0, 4.35
2019/05/10 07:06:00, 24.00, 23.57, 23.41, 19.71, 17.98, 0, 0, 4.35
2019/05/10 07:07:00, 24.00, 23.56, 23.38, 19.74, 18.00, 0, 0, 4.35
2019/05/10 07:08:00, 24.00, 23.57, 23.42, 19.69, 17.99, 0, 0, 4.35
2019/05/10 07:09:00, 24.00, 23.56, 23.41, 19.72, 18.00, 0, 0, 4.35
2019/05/10 07:10:00, 24.00, 23.59, 23.38, 19.71, 18.00, 0, 0, 4.35
2019/05/10 07:11:00, 24.00, 23.57, 23.41, 19.71, 18.00, 0, 0, 4.35
2019/05/10 07:12:00, 24.00, 23.60, 23.41, 19.71, 18.01, 0, 0, 4.35
2019/05/10 07:13:00, 24.00, 23.59, 23.41, 19.73, 18.00, 0, 0, 4.35
2019/05/10 07:14:00, 24.00, 23.59, 23.41, 19.73, 18.02, 0, 0, 4.35
2019/05/10 07:15:00, 24.00, 23.60, 23.41, 19.74, 18.00, 0, 0, 4.35
2019/05/10 07:16:00, 24.00, 23.59, 23.41, 19.74, 18.01, 0, 0, 4.35
2019/05/10 07:17:00, 24.00, 23.61, 23.42, 19.68, 18.01, 0, 0, 4.35
2019/05/10 07:18:00, 24.00, 23.60, 23.39, 19.76, 18.01, 0, 0, 4.35
2019/05/10 07:19:00, 24.00, 23.59, 23.42, 19.71, 18.02, 0, 0, 4.35
2019/05/10 07:20:00, 24.00, 23.60, 23.39, 19.76, 18.04, 0, 0, 4.35
2019/05/10 07:21:00, 24.00, 23.59, 23.41, 19.78, 18.03, 0, 0, 4.35
2019/05/10 07:22:00, 24.00, 23.60, 23.41, 19.78, 18.05, 0, 0, 4.35
2019/05/10 07:23:00, 24.00, 23.60, 23.42, 19.78, 18.04, 0, 0, 4.35
2019/05/10 07:24:00, 24.00, 23.61, 23.41, 19.74, 18.04, 0, 0, 4.35
2019/05/10 07:25:00, 24.00, 23.59, 23.41, 19.79, 18.05, 0, 0, 4.35
2019/05/10 07:26:00, 24.00, 23.60, 23.41, 19.78, 18.06, 0, 0, 4.35
2019/05/10 07:27:00, 24.00, 23.59, 23.42, 19.73, 18.06, 0, 0, 4.35
2019/05/10 07:28:00, 24.00, 23.61, 23.43, 19.78, 18.06, 0, 0, 4.35
2019/05/10 07:29:00, 24.00, 23.60, 23.45, 19.78, 18.07, 0, 0, 4.35
2019/05/10 07:30:00, 24.00, 23.61, 23.44, 19.83, 18.07, 0, 0, 4.35
2019/05/10 07:31:00, 24.00, 23.61, 23.43, 19.71, 18.07, 0, 0, 4.35
2019/05/10 07:32:00, 24.00, 23.63, 23.39, 19.79, 18.06, 0, 0, 4.35
2019/05/10 07:33:00, 24.00, 23.63, 23.45, 19.71, 18.07, 0, 0, 4.35
2019/05/10 07:34:00, 24.00, 23.63, 23.45, 19.82, 18.07, 0, 0, 4.35
2019/05/10 07:35:00, 24.00, 23.63, 23.45, 19.80, 18.07, 0, 0, 4.35
2019/05/10 07:36:00, 24.00, 23.64, 23.45, 19.83, 18.07, 0, 0, 4.35
2019/05/10 07:37:00, 24.00, 23.65, 23.44, 19.81, 18.10, 0, 0, 4.35
2019/05/10 07:38:00, 24.00, 23.61, 23.45, 19.87, 18.10, 0, 0, 4.35
2019/05/10 07:39:00, 24.00, 23.63, 23.46, 19.83, 18.13, 0, 0, 4.35
2019/05/10 07:40:00, 24.00, 23.63, 23.44, 19.89, 18.15, 0, 0, 4.35
2019/05/10 07:41:00, 24.00, 23.65, 23.45, 19.91, 18.17, 0, 0, 4.35
2019/05/10 07:42:00, 24.00, 23.64, 23.45, 19.94, 18.19, 0, 0, 4.35
2019/05/10 07:43:00, 24.00, 23.61, 23.45, 19.89, 18.20, 0, 0, 4.35
2019/05/10 07:44:00, 24.00, 23.63, 23.45, 19.96, 18.21, 0, 0, 4.35
2019/05/10 07:45:00, 24.00, 23.63, 23.45, 19.99, 18.24, 0, 0, 4.35
2019/05/10 07:46:00, 24.00, 23.64, 23.44, 19.96, 18.25, 0, 0, 4.35
2019/05/10 07:47:00, 24.00, 23.63, 23.46, 20.01, 18.26, 0, 0, 4.35
2019/05/10 07:48:00, 24.00, 23.64, 23.44, 20.00, 18.30, 0, 0, 4.35
2019/05/10 07:49:00, 24.00, 23.64, 23.46, 20.07, 18.31, 0, 0, 4.35
2019/05/10 07:50:00, 24.00, 23.65, 23.46, 20.07, 18.31, 0, 0, 4.35
2019/05/10 07:51:00, 24.00, 23.64, 23.47, 20.02, 18.32, 0, 0, 4.35
2019/05/10 07:52:00, 24.00, 23.64, 23.47, 20.12, 18.36, 0, 0, 4.35
2019/05/10 07:53:00, 24.00, 23.67, 23.48, 20.14, 18.38, 0, 0, 4.35
2019/05/10 07:54:00, 24.00, 23.64, 23.47, 20.01, 18.35, 0, 0, 4.35
2019/05/10 07:55:00, 24.00, 23.67, 23.49, 20.09, 18.37, 0, 0, 4.35
2019/05/10 07:56:00, 24.00, 23.67, 23.50, 20.14, 18.38, 0, 0, 4.35
2019/05/10 07:57:00, 24.00, 23.67, 23.50, 20.15, 18.40, 0, 0, 4.35
2019/05/10 07:58:00, 24.00, 23.68, 23.50, 20.15, 18.40, 0, 0, 4.35
2019/05/10 07:59:00, 24.00, 23.68, 23.48, 20.20, 18.42, 0, 0, 4.35
2019/05/10 08:00:00, 24.00, 23.70, 23.51, 20.20, 18.45, 0, 0, 4.35
2019/05/10 08:01:00, 24.00, 23.70, 23.50, 20.20, 18.47, 0, 0, 4.35
2019/05/10 08:02:00, 24.00, 23.70, 23.50, 20.23, 18.49, 0, 0, 4.35
2019/05/10 08:03:00, 24.00, 23.70, 23.48, 20.25, 18.48, 0, 0, 4.35
2019/05/10 08:04:00, 24.00, 23.68, 23.50, 20.22, 18.52, 0, 0, 4.35
2019/05/10 08:05:00, 24.00, 23.68, 23.51, 20.36, 18.54, 0, 0, 4.35
2019/05/10 08:06:00, 24.00, 23.68, 23.50, 20.32, 18.55, 0, 0, 4.35
2019/05/10 08:07:00, 24.00, 23.70, 23.52, 20.33, 18.56, 0, 0, 4.35
2019/05/10 08:08:00, 24.00, 23.71, 23.53, 20.28, 18.56, 0, 0, 4.35
2019/05/10 08:09:00, 24.00, 23.70, 23.53, 20.33, 18.56, 0, 0, 4.35
2019/05/10 08:10:00, 24.00, 23.71, 23.54, 20.30, 18.58, 0, 0, 4.35
2019/05/10 08:11:00, 24.00, 23.74, 23.53, 20.30, 18.58, 0, 0, 4.35
2019/05/10 08:12:00, 24.00, 23.76, 23.58, 20.30, 18.58, 0, 0, 4.35
2019/05/10 08:13:00, 24.00, 23.76, 23.56, 20.27, 18.56, 0, 0, 4.35
2019/05/10 08:14:00, 24.00, 23.76, 23.54, 20.32, 18.58, 0, 0, 4.35
2019/05/10 08:15:00, 24.00, 23.76, 23.57, 20.37, 18.58, 0, 0, 4.35
2019/05/10 08:16:00, 24.00, 23.76, 23.58, 20.35, 18.60, 0, 0, 4.35
2019/05/10 08:17:00, 24.25, 23.74, 23.57, 20.35, 18.62, 0, 0, 4.35
2019/05/10 08:18:00, 24.00, 23.76, 23.57, 20.39, 18.61, 0, 0, 4.35
2019/05/10 08:19:00, 24.25, 23.77, 23.57, 20.40, 18.65, 0, 0, 4.35
2019/05/10 08:20:00, 24.25, 23.77, 23.59, 20.37, 18.66, 0, 0, 4.35
2019/05/10 08:21:00, 24.25, 23.79, 23.57, 20.42, 18.66, 0, 0, 4.35
2019/05/10 08:22:00, 24.25, 23.76, 23.58, 20.42, 18.65, 0, 0, 4.35
2019/05/10 08:23:00, 24.25, 23.79, 23.58, 20.45, 18.71, 0, 0, 4.35
2019/05/10 08:24:00, 24.25, 23.77, 23.58, 20.48, 18.74, 0, 0, 4.35
2019/05/10 08:25:00, 24.25, 23.76, 23.59, 20.50, 18.76, 0, 0, 4.35
2019/05/10 08:26:00, 24.25, 23.77, 23.60, 20.51, 18.80, 0, 0, 4.35
2019/05/10 08:27:00, 24.25, 23.77, 23.60, 20.51, 18.78, 0, 0, 4.35
2019/05/10 08:28:00, 24.25, 23.79, 23.59, 20.58, 18.81, 0, 0, 4.35
2019/05/10 08:29:00, 24.25, 23.79, 23.59, 20.56, 18.81, 0, 0, 4.35
2019/05/10 08:30:00, 24.25, 23.79, 23.57, 20.56, 18.84, 0, 0, 4.35
2019/05/10 08:31:00, 24.25, 23.81, 23.59, 20.61, 18.84, 0, 0, 4.35
2019/05/10 08:32:00, 24.25, 23.80, 23.61, 20.60, 18.87, 0, 0, 4.35
2019/05/10 08:33:00, 24.25, 23.80, 23.60, 20.65, 18.90, 0, 0, 4.35
2019/05/10 08:34:00, 24.25, 23.80, 23.64, 20.66, 18.90, 0, 0, 4.35
2019/05/10 08:35:00, 24.25, 23.80, 23.60, 20.66, 18.91, 0, 0, 4.35
2019/05/10 08:36:00, 24.25, 23.80, 23.61, 20.68, 18.91, 0, 0, 4.35
2019/05/10 08:37:00, 24.25, 23.80, 23.61, 20.65, 18.93, 0, 0, 4.35
2019/05/10 08:38:00, 24.25, 23.79, 23.62, 20.71, 18.94, 0, 0, 4.35
2019/05/10 08:39:00, 24.25, 23.83, 23.63, 20.66, 18.97, 0, 0, 4.35
2019/05/10 08:40:00, 24.25, 23.83, 23.62, 20.70, 18.98, 0, 0, 4.35
2019/05/10 08:41:00, 24.25, 23.81, 23.62, 20.65, 18.97, 0, 0, 4.35
2019/05/10 08:42:00, 24.25, 23.80, 23.64, 20.71, 18.97, 0, 0, 4.35
2019/05/10 08:43:00, 24.25, 23.81, 23.63, 20.70, 18.97, 0, 0, 4.35
2019/05/10 08:44:00, 24.25, 23.83, 23.64, 20.76, 19.00, 0, 0, 4.35
2019/05/10 08:45:00, 24.25, 23.81, 23.63, 20.80, 19.02, 0, 0, 4.35
2019/05/10 08:46:00, 24.25, 23.81, 23.62, 20.81, 19.03, 0, 0, 4.35
2019/05/10 08:47:00, 24.25, 23.80, 23.63, 20.75, 19.05, 0, 0, 4.35
2019/05/10 08:48:00, 24.25, 23.81, 23.64, 20.86, 19.07, 0, 0, 4.35
2019/05/10 08:49:00, 24.25, 23.84, 23.63, 20.83, 19.09, 0, 0, 4.35
2019/05/10 08:50:00, 24.25, 23.83, 23.64, 20.83, 19.09, 0, 0, 4.35
2019/05/10 08:51:00, 24.25, 23.83, 23.64, 20.84, 19.10, 0, 0, 4.35
2019/05/10 08:52:00, 24.25, 23.85, 23.66, 20.88, 19.09, 0, 0, 4.35
2019/05/10 08:53:00, 24.25, 23.84, 23.64, 20.85, 19.11, 0, 0, 4.35
2019/05/10 08:54:00, 24.25, 23.84, 23.67, 20.91, 19.14, 0, 0, 4.35
2019/05/10 08:55:00, 24.25, 23.84, 23.66, 20.94, 19.13, 0, 0, 4.35
2019/05/10 08:56:00, 24.25, 23.84, 23.67, 20.89, 19.13, 0, 0, 4.35
2019/05/10 08:57:00, 24.25, 23.88, 23.67, 20.93, 19.15, 0, 0, 4.35
2019/05/10 08:58:00, 24.25, 23.87, 23.67, 20.93, 19.15, 0, 0, 4.35
2019/05/10 08:59:00, 24.25, 23.84, 23.67, 20.93, 19.16, 0, 0, 4.35
2019/05/10 09:00:00, 24.25, 23.85, 23.66, 20.91, 19.15, 0, 0, 4.35
2019/05/10 09:01:00, 24.25, 23.84, 23.66, 20.88, 19.16, 0, 0, 4.35
2019/05/10 09:02:00, 24.25, 23.87, 23.66, 20.93, 19.19, 0, 0, 4.35
2019/05/10 09:03:00, 24.25, 23.87, 23.71, 20.94, 19.19, 0, 0, 4.35
2019/05/10 09:04:00, 24.25, 23.90, 23.67, 20.96, 19.21, 0, 0, 4.35
2019/05/10 09:05:00, 24.25, 23.88, 23.69, 20.98, 19.24, 0, 0, 4.35
2019/05/10 09:06:00, 24.25, 23.87, 23.68, 21.01, 19.24, 0, 0, 4.35
2019/05/10 09:07:00, 24.25, 23.88, 23.69, 21.01, 19.27, 0, 0, 4.35
2019/05/10 09:08:00, 24.25, 23.91, 23.72, 20.99, 19.26, 0, 0, 4.35
2019/05/10 09:09:00, 24.25, 23.90, 23.73, 21.01, 19.28, 0, 0, 4.35
2019/05/10 09:10:00, 24.25, 23.90, 23.73, 21.03, 19.29, 0, 0, 4.35
2019/05/10 09:11:00, 24.25, 23.90, 23.73, 21.06, 19.29, 0, 0, 4.35
2019/05/10 09:12:00, 24.25, 23.94, 23.76, 21.11, 19.32, 0, 0, 4.35
2019/05/10 09:13:00, 24.25, 23.94, 23.77, 21.14, 19.35, 0, 0, 4.35
2019/05/10 09:14:00, 24.25, 23.91, 23.75, 21.01, 19.32, 0, 0, 4.35
2019/05/10 09:15:00, 24.25, 23.95, 23.77, 21.23, 19.39, 0, 0, 4.35
2019/05/10 09:16:00, 24.25, 23.95, 23.77, 21.27, 19.44, 0, 0, 4.35
2019/05/10 09:17:00, 24.25, 23.95, 23.79, 21.31, 19.55, 0, 0, 4.35
2019/05/10 09:18:00, 24.25, 23.95, 23.77, 21.41, 19.58, 0, 0, 4.35
2019/05/10 09:19:00, 24.25, 23.97, 23.79, 21.41, 19.61, 0, 0, 4.35
2019/05/10 09:20:00, 24.25, 23.99, 23.82, 21.37, 19.63, 0, 0, 4.35
2019/05/10 09:21:00, 24.25, 23.99, 23.79, 21.32, 19.61, 0, 0, 4.35
2019/05/10 09:22:00, 24.25, 23.98, 23.83, 21.39, 19.63, 0, 0, 4.35
2019/05/10 09:23:00, 24.25, 23.97, 23.81, 21.41, 19.65, 0, 0, 4.35
2019/05/10 09:24:00, 24.25, 23.98, 23.82, 21.44, 19.64, 0, 0, 4.35
2019/05/10 09:25:00, 24.25, 23.98, 23.81, 21.49, 19.63, 0, 0, 4.35
2019/05/10 09:26:00, 24.25, 23.98, 23.79, 21.47, 19.65, 0, 0, 4.35
2019/05/10 09:27:00, 24.25, 23.98, 23.80, 21.50, 19.68, 0, 0, 4.35
2019/05/10 09:28:00, 24.25, 23.98, 23.80, 21.50, 19.72, 0, 0, 4.35
2019/05/10 09:29:00, 24.25, 23.97, 23.81, 21.52, 19.74, 0, 0, 4.35
2019/05/10 09:30:00, 24.25, 23.99, 23.82, 21.57, 19.74, 0, 0, 4.35
2019/05/10 09:31:00, 24.25, 23.98, 23.82, 21.60, 19.77, 0, 0, 4.35
2019/05/10 09:32:00, 24.25, 23.99, 23.83, 21.62, 19.82, 0, 0, 4.35
2019/05/10 09:33:00, 24.25, 24.01, 23.80, 21.63, 19.84, 0, 0, 4.35
2019/05/10 09:34:00, 24.25, 23.98, 23.82, 21.70, 19.88, 0, 0, 4.35
2019/05/10 09:35:00, 24.25, 24.02, 23.83, 21.65, 19.90, 0, 0, 4.35
2019/05/10 09:36:00, 24.25, 24.02, 23.87, 21.73, 19.91, 0, 0, 4.35
2019/05/10 09:37:00, 24.25, 24.04, 23.87, 21.77, 19.92, 0, 0, 4.35
2019/05/10 09:38:00, 24.25, 24.04, 23.88, 21.70, 19.90, 0, 0, 4.35
2019/05/10 09:39:00, 24.25, 24.07, 23.89, 21.77, 19.95, 0, 0, 4.35
2019/05/10 09:40:00, 24.25, 24.02, 23.86, 21.78, 19.95, 0, 0, 4.35
2019/05/10 09:41:00, 24.25, 24.07, 23.92, 21.85, 20.04, 0, 0, 4.35
2019/05/10 09:42:00, 24.25, 24.09, 23.90, 21.85, 20.08, 0, 0, 4.35
2019/05/10 09:43:00, 24.25, 24.09, 23.93, 21.84, 20.05, 0, 0, 4.35
2019/05/10 09:44:00, 24.25, 24.08, 23.94, 21.80, 20.01, 0, 0, 4.35
2019/05/10 09:45:00, 24.25, 24.14, 23.96, 21.85, 20.03, 0, 0, 4.35
2019/05/10 09:46:00, 24.50, 24.16, 23.98, 21.90, 20.08, 0, 0, 4.35
2019/05/10 09:47:00, 24.50, 24.15, 23.98, 21.86, 20.07, 0, 0, 4.35
2019/05/10 09:48:00, 24.50, 24.18, 24.01, 21.86, 20.07, 0, 0, 4.35
2019/05/10 09:49:00, 24.50, 24.15, 23.98, 21.83, 20.02, 0, 0, 4.35
2019/05/10 09:50:00, 24.50, 24.16, 24.00, 21.89, 20.06, 0, 0, 4.35
2019/05/10 09:51:00, 24.50, 24.18, 24.02, 21.87, 20.11, 0, 0, 4.35
2019/05/10 09:52:00, 24.50, 24.19, 24.02, 21.84, 20.08, 0, 0, 4.35
2019/05/10 09:53:00, 24.50, 24.19, 24.01, 21.84, 20.06, 0, 0, 4.35
2019/05/10 09:54:00, 24.50, 24.19, 24.03, 21.97, 20.13, 0, 0, 4.35
2019/05/10 09:55:00, 24.50, 24.20, 24.04, 22.02, 20.19, 0, 0, 4.35
2019/05/10 09:56:00, 24.50, 24.22, 24.04, 21.92, 20.17, 0, 0, 4.35
2019/05/10 09:57:00, 24.50, 24.22, 24.04, 21.97, 20.13, 0, 0, 4.35
2019/05/10 09:58:00, 24.50, 24.22, 24.04, 21.97, 20.16, 0, 0, 4.35
2019/05/10 09:59:00, 24.50, 24.20, 24.06, 22.01, 20.20, 0, 0, 4.35
2019/05/10 10:00:00, 24.50, 24.23, 24.05, 22.02, 20.23, 0, 0, 4.35
2019/05/10 10:01:00, 24.50, 24.22, 24.05, 22.04, 20.21, 0, 0, 4.35
2019/05/10 10:02:00, 24.50, 24.25, 24.06, 22.10, 20.27, 0, 0, 4.35
2019/05/10 10:03:00, 24.50, 24.26, 24.07, 22.07, 20.29, 0, 0, 4.35
2019/05/10 10:04:00, 24.50, 24.25, 24.09, 22.06, 20.27, 0, 0, 4.35
2019/05/10 10:05:00, 24.50, 24.25, 24.08, 22.06, 20.28, 0, 0, 4.35
2019/05/10 10:06:00, 24.50, 24.26, 24.08, 22.07, 20.28, 0, 0, 4.35
2019/05/10 10:07:00, 24.50, 24.27, 24.09, 22.09, 20.32, 0, 0, 4.35
2019/05/10 10:08:00, 24.50, 24.29, 24.10, 22.16, 20.34, 0, 0, 4.35
2019/05/10 10:09:00, 24.50, 24.26, 24.10, 22.10, 20.31, 0, 0, 4.35
2019/05/10 10:10:00, 24.50, 24.27, 24.11, 22.21, 20.37, 0, 0, 4.35
2019/05/10 10:11:00, 24.50, 24.29, 24.10, 22.17, 20.35, 0, 0, 4.35
2019/05/10 10:12:00, 24.50, 24.29, 24.13, 22.18, 20.35, 0, 0, 4.35
2019/05/10 10:13:00, 24.50, 24.32, 24.13, 22.21, 20.39, 0, 0, 4.35
2019/05/10 10:14:00, 24.50, 24.31, 24.13, 22.11, 20.40, 0, 0, 4.35
2019/05/10 10:15:00, 24.50, 24.29, 24.12, 22.16, 20.33, 0, 0, 4.35
2019/05/10 10:16:00, 24.50, 24.27, 24.12, 22.20, 20.39, 0, 0, 4.35
2019/05/10 10:17:00, 24.50, 24.29, 24.10, 22.32, 20.45, 0, 0, 4.35
2019/05/10 10:18:00, 24.50, 24.29, 24.12, 22.29, 20.50, 0, 0, 4.35
2019/05/10 10:19:00, 24.50, 24.27, 24.10, 22.30, 20.47, 0, 0, 4.35
2019/05/10 10:20:00, 24.50, 24.29, 24.11, 22.35, 20.54, 0, 0, 4.35
2019/05/10 10:21:00, 24.50, 24.32, 24.13, 22.37, 20.56, 0, 0, 4.35
2019/05/10 10:22:00, 24.50, 24.31, 24.16, 22.34, 20.55, 0, 0, 4.35
2019/05/10 10:23:00, 24.50, 24.32, 24.15, 22.34, 20.56, 0, 0, 4.35
2019/05/10 10:24:00, 24.50, 24.33, 24.16, 22.33, 20.54, 0, 0, 4.35
2019/05/10 10:25:00, 24.50, 24.36, 24.16, 22.29, 20.52, 0, 0, 4.35
2019/05/10 10:26:00, 24.50, 24.35, 24.16, 22.32, 20.50, 0, 0, 4.35
2019/05/10 10:27:00, 24.50, 24.32, 24.17, 22.35, 20.54, 0, 0, 4.35
2019/05/10 10:28:00, 24.50, 24.32, 24.13, 22.31, 20.54, 0, 0, 4.35
2019/05/10 10:29:00, 24.50, 24.29, 24.11, 22.29, 20.53, 0, 0, 4.35
2019/05/10 10:30:00, 24.50, 24.31, 24.13, 22.38, 20.56, 0, 0, 4.35
2019/05/10 10:31:00, 24.50, 24.31, 24.15, 22.50, 20.64, 0, 0, 4.35
2019/05/10 10:32:00, 24.50, 24.33, 24.16, 22.50, 20.67, 0, 0, 4.35
2019/05/10 10:33:00, 24.50, 24.33, 24.16, 22.42, 20.65, 0, 0, 4.35
2019/05/10 10:34:00, 24.50, 24.33, 24.13, 22.44, 20.64, 0, 0, 4.35
2019/05/10 10:35:00, 24.50, 24.29, 24.16, 22.44, 20.61, 0, 0, 4.35
2019/05/10 10:36:00, 24.50, 24.32, 24.15, 22.43, 20.65, 0, 0, 4.35
2019/05/10 10:37:00, 24.50, 24.31, 24.15, 22.53, 20.70, 0, 0, 4.35
2019/05/10 10:38:00, 24.50, 24.32, 24.16, 22.51, 20.69, 0, 0, 4.35
2019/05/10 10:39:00, 24.75, 24.35, 24.16, 22.53, 20.73, 0, 0, 4.35
2019/05/10 10:40:00, 24.50, 24.35, 24.17, 22.47, 20.71, 0, 0, 4.35
2019/05/10 10:41:00, 24.75, 24.35, 24.17, 22.47, 20.67, 0, 0, 4.35
2019/05/10 10:42:00, 24.75, 24.32, 24.13, 22.45, 20.63, 0, 0, 4.35
2019/05/10 10:43:00, 24.75, 24.33, 24.16, 22.58, 20.74, 0, 0, 4.35
2019/05/10 10:44:00, 24.75, 24.31, 24.15, 22.50, 20.68, 0, 0, 4.35
2019/05/10 10:45:00, 24.75, 24.33, 24.15, 22.50, 20.72, 0, 0, 4.35
2019/05/10 10:46:00, 24.75, 24.35, 24.16, 22.56, 20.74, 0, 0, 4.35
2019/05/10 10:47:00, 24.75, 24.36, 24.19, 22.53, 20.75, 0, 0, 4.35
2019/05/10 10:48:00, 24.75, 24.33, 24.17, 22.55, 20.74, 0, 0, 4.35
2019/05/10 10:49:00, 24.75, 24.35, 24.17, 22.61, 20.78, 0, 0, 4.35
2019/05/10 10:50:00, 24.75, 24.35, 24.19, 22.55, 20.74, 0, 0, 4.35
2019/05/10 10:51:00, 24.75, 24.36, 24.17, 22.60, 20.75, 0, 0, 4.35
2019/05/10 10:52:00, 24.75, 24.35, 24.18, 22.67, 20.79, 0, 0, 4.35
2019/05/10 10:53:00, 24.75, 24.33, 24.19, 22.60, 20.81, 0, 0, 4.35
2019/05/10 10:54:00, 24.75, 24.33, 24.19, 22.65, 20.82, 0, 0, 4.35
2019/05/10 10:55:00, 24.75, 24.35, 24.16, 22.65, 20.80, 0, 0, 4.35
2019/05/10 10:56:00, 24.75, 24.35, 24.17, 22.63, 20.82, 0, 0, 4.35
2019/05/10 10:57:00, 24.75, 24.33, 24.17, 22.68, 20.84, 0, 0, 4.35
2019/05/10 10:58:00, 24.75, 24.35, 24.16, 22.71, 20.87, 0, 0, 4.35
2019/05/10 10:59:00, 24.75, 24.35, 24.15, 22.79, 20.90, 0, 0, 4.35
2019/05/10 11:00:00, 24.75, 24.35, 24.17, 22.81, 20.94, 0, 0, 4.35
2019/05/10 11:01:00, 24.75, 24.29, 24.13, 22.81, 20.98, 0, 0, 4.35
2019/05/10 11:02:00, 24.75, 24.33, 24.12, 22.86, 21.01, 0, 0, 4.35
2019/05/10 11:03:00, 24.75, 24.32, 24.11, 22.92, 21.07, 0, 0, 4.35
2019/05/10 11:04:00, 24.75, 24.32, 24.13, 22.94, 21.09, 0, 0, 4.35
2019/05/10 11:05:00, 24.75, 24.31, 24.13, 22.94, 21.09, 0, 0, 4.35
2019/05/10 11:06:00, 24.75, 24.27, 24.13, 22.92, 21.11, 0, 0, 4.35
2019/05/10 11:07:00, 24.75, 24.29, 24.13, 23.00, 21.19, 0, 0, 4.35
2019/05/10 11:08:00, 24.75, 24.31, 24.11, 23.02, 21.20, 0, 0, 4.35
2019/05/10 11:09:00, 24.75, 24.35, 24.16, 23.23, 21.32, 0, 0, 4.35
2019/05/10 11:10:00, 24.75, 24.35, 24.16, 23.14, 21.28, 0, 0, 4.35
2019/05/10 11:11:00, 24.75, 24.38, 24.17, 23.05, 21.23, 0, 0, 4.35
2019/05/10 11:12:00, 24.75, 24.33, 24.18, 22.98, 21.17, 0, 0, 4.35
2019/05/10 11:13:00, 24.75, 24.35, 24.18, 23.17, 21.32, 0, 0, 4.35
2019/05/10 11:14:00, 24.75, 24.36, 24.18, 23.30, 21.41, 0, 0, 4.35
2019/05/10 11:15:00, 24.75, 24.36, 24.18, 23.28, 21.40, 0, 0, 4.35
2019/05/10 11:16:00, 24.75, 24.33, 24.16, 23.27, 21.39, 0, 0, 4.35
2019/05/10 11:17:00, 24.75, 24.35, 24.19, 23.25, 21.42, 0, 0, 4.35
2019/05/10 11:18:00, 24.75, 24.36, 24.20, 23.28, 21.43, 0, 0, 4.35
2019/05/10 11:19:00, 24.75, 24.36, 24.17, 23.20, 21.36, 0, 0, 4.35
2019/05/10 11:20:00, 24.75, 24.32, 24.17, 23.48, 21.47, 0, 0, 4.35
2019/05/10 11:21:00, 24.75, 24.35, 24.17, 23.28, 21.46, 0, 0, 4.35
2019/05/10 11:22:00, 24.75, 24.35, 24.17, 23.33, 21.48, 0, 0, 4.35
2019/05/10 11:23:00, 24.75, 24.38, 24.17, 23.35, 21.51, 0, 0, 4.35
2019/05/10 11:24:00, 24.75, 24.39, 24.21, 23.38, 21.52, 0, 0, 4.35
2019/05/10 11:25:00, 24.75, 24.38, 24.20, 23.22, 21.42, 0, 0, 4.35
2019/05/10 11:26:00, 24.75, 24.40, 24.23, 23.30, 21.46, 0, 0, 4.35
2019/05/10 11:27:00, 24.75, 24.40, 24.24, 23.28, 21.44, 0, 0, 4.35
2019/05/10 11:28:00, 24.75, 24.40, 24.22, 23.43, 21.50, 0, 0, 4.35
2019/05/10 11:29:00, 24.75, 24.38, 24.20, 23.38, 21.55, 0, 0, 4.35
2019/05/10 11:30:00, 24.75, 24.38, 24.21, 23.33, 21.52, 0, 0, 4.35
2019/05/10 11:31:00, 24.75, 24.39, 24.21, 23.35, 21.52, 0, 0, 4.35
2019/05/10 11:32:00, 24.75, 24.39, 24.21, 23.35, 21.52, 0, 0, 4.35
2019/05/10 11:33:00, 24.75, 24.38, 24.19, 23.36, 21.52, 0, 0, 4.35
2019/05/10 11:34:00, 24.75, 24.38, 24.20, 23.33, 21.52, 0, 0, 4.35
2019/05/10 11:35:00, 24.75, 24.38, 24.21, 23.36, 21.53, 0, 0, 4.35
2019/05/10 11:36:00, 24.75, 24.39, 24.23, 23.50, 21.60, 0, 0, 4.35
2019/05/10 11:37:00, 24.75, 24.46, 24.26, 23.52, 21.69, 0, 0, 4.35
2019/05/10 11:38:00, 24.75, 24.49, 24.31, 23.54, 21.67, 0, 0, 4.35
2019/05/10 11:39:00, 24.75, 24.54, 24.36, 23.41, 21.61, 0, 0, 4.35
2019/05/10 11:40:00, 24.75, 24.56, 24.38, 23.31, 21.54, 0, 0, 4.35
2019/05/10 11:41:00, 24.75, 24.60, 24.42, 23.23, 21.45, 0, 0, 4.35
2019/05/10 11:42:00, 24.75, 24.64, 24.48, 23.19, 21.42, 0, 0, 4.35
2019/05/10 11:43:00, 24.75, 24.63, 24.50, 23.06, 21.33, 0, 0, 4.35
2019/05/10 11:44:00, 24.75, 24.70, 24.52, 23.08, 21.28, 0, 0, 4.35
2019/05/10 11:45:00, 24.75, 24.74, 24.55, 23.06, 21.28, 0, 0, 4.35
2019/05/10 11:46:00, 24.75, 24.74, 24.56, 22.99, 21.24, 0, 0, 4.35
2019/05/10 11:47:00, 25.00, 24.75, 24.55, 23.00, 21.19, 0, 0, 4.35
2019/05/10 11:48:00, 25.00, 24.78, 24.56, 23.05, 21.25, 0, 0, 4.35
2019/05/10 11:49:00, 25.00, 24.75, 24.56, 23.23, 21.27, 0, 0, 4.35
2019/05/10 11:50:00, 25.00, 24.82, 24.63, 23.30, 21.54, 0, 0, 4.35
2019/05/10 11:51:00, 25.00, 24.88, 24.67, 23.12, 21.41, 0, 0, 4.35
2019/05/10 11:52:00, 25.00, 24.88, 24.67, 23.24, 21.36, 0, 0, 4.35
2019/05/10 11:53:00, 25.00, 24.93, 24.67, 23.32, 21.35, 0, 0, 4.35
2019/05/10 11:54:00, 25.00, 24.85, 24.67, 23.09, 21.35, 0, 0, 4.35
2019/05/10 11:55:00, 25.00, 24.78, 24.61, 22.99, 21.25, 0, 0, 4.35
2019/05/10 11:56:00, 25.00, 24.71, 24.52, 23.14, 21.28, 0, 0, 4.35
2019/05/10 11:57:00, 25.00, 24.64, 24.47, 23.21, 21.42, 0, 0, 4.35
2019/05/10 11:58:00, 25.00, 24.64, 24.45, 23.33, 21.48, 0, 0, 4.35
2019/05/10 11:59:00, 25.00, 24.61, 24.42, 23.47, 21.58, 0, 0, 4.35
2019/05/10 12:00:00, 25.00, 24.60, 24.40, 23.47, 21.60, 0, 0, 4.35
2019/05/10 12:01:00, 25.00, 24.57, 24.41, 23.56, 21.67, 0, 0, 4.35
2019/05/10 12:02:00, 25.00, 24.54, 24.37, 23.53, 21.70, 0, 0, 4.35
2019/05/10 12:03:00, 25.00, 24.53, 24.36, 23.57, 21.69, 0, 0, 4.35
2019/05/10 12:04:00, 25.00, 24.52, 24.32, 23.59, 21.77, 0, 0, 4.35
2019/05/10 12:05:00, 25.00, 24.52, 24.33, 23.56, 21.78, 0, 0, 4.35
2019/05/10 12:06:00, 25.00, 24.50, 24.32, 23.57, 21.76, 0, 0, 4.35
2019/05/10 12:07:00, 25.00, 24.50, 24.34, 23.55, 21.74, 0, 0, 4.35
2019/05/10 12:08:00, 25.00, 24.50, 24.31, 23.73, 21.83, 0, 0, 4.35
2019/05/10 12:09:00, 25.00, 24.52, 24.32, 23.70, 21.90, 0, 0, 4.35
2019/05/10 12:10:00, 25.00, 24.49, 24.34, 23.63, 21.84, 0, 0, 4.35
2019/05/10 12:11:00, 25.00, 24.52, 24.35, 23.72, 21.87, 0, 0, 4.35
2019/05/10 12:12:00, 25.00, 24.54, 24.35, 23.73, 21.88, 0, 0, 4.35
2019/05/10 12:13:00, 25.00, 24.56, 24.38, 23.71, 21.92, 0, 0, 4.35
2019/05/10 12:14:00, 25.00, 24.56, 24.38, 23.75, 21.90, 0, 0, 4.35
2019/05/10 12:15:00, 25.00, 24.56, 24.39, 23.73, 21.91, 0, 0, 4.35
2019/05/10 12:16:00, 25.00, 24.57, 24.39, 23.76, 21.93, 0, 0, 4.35
2019/05/10 12:17:00, 25.00, 24.57, 24.38, 23.74, 21.95, 0, 0, 4.35
2019/05/10 12:18:00, 25.00, 24.59, 24.38, 23.73, 21.95, 0, 0, 4.35
2019/05/10 12:19:00, 25.00, 24.57, 24.37, 23.79, 21.95, 0, 0, 4.35
2019/05/10 12:20:00, 25.00, 24.57, 24.39, 23.77, 21.96, 0, 0, 4.35
2019/05/10 12:21:00, 25.00, 24.59, 24.42, 23.84, 22.01, 0, 0, 4.35
2019/05/10 12:22:00, 25.00, 24.60, 24.40, 23.79, 21.99, 0, 0, 4.35
2019/05/10 12:23:00, 25.00, 24.64, 24.45, 23.90, 22.06, 0, 0, 4.35
2019/05/10 12:24:00, 25.00, 24.66, 24.48, 23.75, 22.02, 0, 0, 4.35
2019/05/10 12:25:00, 25.00, 24.67, 24.47, 23.87, 22.01, 0, 0, 4.35
2019/05/10 12:26:00, 25.00, 24.69, 24.51, 23.81, 22.06, 0, 0, 4.35
2019/05/10 12:27:00, 25.00, 24.70, 24.52, 23.83, 22.03, 0, 0, 4.35
2019/05/10 12:28:00, 25.00, 24.71, 24.52, 23.88, 22.06, 0, 0, 4.35
2019/05/10 12:29:00, 25.00, 24.74, 24.55, 23.78, 22.05, 0, 0, 4.35
2019/05/10 12:30:00, 25.00, 24.77, 24.56, 23.81, 22.00, 0, 0, 4.35
2019/05/10 12:31:00, 25.00, 24.75, 24.57, 23.91, 22.06, 0, 0, 4.35
2019/05/10 12:32:00, 25.00, 24.78, 24.60, 23.91, 22.08, 0, 0, 4.35
2019/05/10 12:33:00, 25.00, 24.78, 24.58, 23.84, 22.03, 0, 0, 4.35
2019/05/10 12:34:00, 25.00, 24.75, 24.58, 23.93, 22.06, 0, 0, 4.35
2019/05/10 12:35:00, 25.00, 24.74, 24.55, 23.90, 22.07, 0, 0, 4.35
2019/05/10 12:36:00, 25.00, 24.74, 24.57, 24.01, 22.16, 0, 0, 4.35
2019/05/10 12:37:00, 25.00, 24.75, 24.57, 24.16, 22.24, 0, 0, 4.35
2019/05/10 12:38:00, 25.00, 24.75, 24.57, 24.03, 22.27, 0, 0, 4.35
2019/05/10 12:39:00, 25.00, 24.77, 24.55, 24.01, 22.22, 0, 0, 4.35
2019/05/10 12:40:00, 25.00, 24.75, 24.57, 24.01, 22.25, 0, 0, 4.35
2019/05/10 12:41:00, 25.00, 24.74, 24.55, 24.04, 22.25, 0, 0, 4.35
2019/05/10 12:42:00, 25.00, 24.73, 24.52, 24.02, 22.19, 0, 0, 4.35
2019/05/10 12:43:00, 25.00, 24.73, 24.55, 24.17, 22.29, 0, 0, 4.35
2019/05/10 12:44:00, 25.00, 24.73, 24.54, 24.24, 22.40, 0, 0, 4.35
2019/05/10 12:45:00, 25.00, 24.73, 24.54, 24.20, 22.41, 0, 0, 4.35
2019/05/10 12:46:00, 25.00, 24.73, 24.55, 24.22, 22.39, 0, 0, 4.35
2019/05/10 12:47:00, 25.00, 24.73, 24.53, 24.28, 22.46, 0, 0, 4.35
2019/05/10 12:48:00, 25.00, 24.70, 24.53, 24.29, 22.46, 0, 0, 4.35
2019/05/10 12:49:00, 25.00, 24.66, 24.49, 24.26, 22.42, 0, 0, 4.35
2019/05/10 12:50:00, 25.00, 24.66, 24.50, 24.34, 22.48, 0, 0, 4.35
2019/05/10 12:51:00, 25.25, 24.66, 24.46, 24.28, 22.51, 0, 0, 4.35
2019/05/10 12:52:00, 25.00, 24.66, 24.46, 24.47, 22.62, 0, 0, 4.35
2019/05/10 12:53:00, 25.00, 24.66, 24.50, 24.43, 22.64, 0, 0, 4.35
2019/05/10 12:54:00, 25.25, 24.70, 24.52, 24.48, 22.73, 0, 0, 4.35
2019/05/10 12:55:00, 25.25, 24.70, 24.51, 24.44, 22.67, 0, 0, 4.35
2019/05/10 12:56:00, 25.25, 24.70, 24.52, 24.45, 22.64, 0, 0, 4.35
2019/05/10 12:57:00, 25.25, 24.73, 24.54, 24.47, 22.65, 0, 0, 4.35
2019/05/10 12:58:00, 25.25, 24.71, 24.53, 24.38, 22.61, 0, 0, 4.35
2019/05/10 12:59:00, 25.25, 24.71, 24.53, 24.43, 22.62, 0, 0, 4.35
2019/05/10 13:00:00, 25.25, 24.69, 24.52, 24.51, 22.71, 0, 0, 4.35
2019/05/10 13:01:00, 25.25, 24.71, 24.52, 24.49, 22.71, 0, 0, 4.35
2019/05/10 13:02:00, 25.25, 24.70, 24.52, 24.49, 22.75, 0, 0, 4.35
2019/05/10 13:03:00, 25.25, 24.70, 24.48, 24.52, 22.73, 0, 0, 4.35
2019/05/10 13:04:00, 25.25, 24.70, 24.52, 24.51, 22.76, 0, 0, 4.35
2019/05/10 13:05:00, 25.25, 24.70, 24.50, 24.57, 22.79, 0, 0, 4.35
2019/05/10 13:06:00, 25.25, 24.69, 24.48, 24.62, 22.80, 0, 0, 4.35
2019/05/10 13:07:00, 25.25, 24.69, 24.50, 24.61, 22.83, 0, 0, 4.35
2019/05/10 13:08:00, 25.25, 24.69, 24.49, 24.70, 22.86, 0, 0, 4.35
2019/05/10 13:09:00, 25.25, 24.73, 24.55, 24.72, 22.93, 0, 0, 4.35
2019/05/10 13:10:00, 25.25, 24.71, 24.53, 24.67, 22.92, 0, 0, 4.35
2019/05/10 13:11:00, 25.25, 24.71, 24.53, 24.83, 22.94, 0, 0, 4.35
2019/05/10 13:12:00, 25.25, 24.73, 24.52, 24.79, 22.98, 0, 0, 4.35
2019/05/10 13:13:00, 25.25, 24.74, 24.57, 24.78, 22.97, 0, 0, 4.35
2019/05/10 13:14:00, 25.25, 24.74, 24.57, 24.73, 22.97, 0, 0, 4.35
2019/05/10 13:15:00, 25.25, 24.77, 24.57, 24.76, 22.98, 0, 0, 4.35
2019/05/10 13:16:00, 25.25, 24.71, 24.56, 24.76, 22.98, 0, 0, 4.35
2019/05/10 13:17:00, 25.25, 24.73, 24.53, 24.76, 22.97, 0, 0, 4.35
2019/05/10 13:18:00, 25.25, 24.71, 24.53, 24.81, 23.02, 0, 0, 4.35
2019/05/10 13:19:00, 25.25, 24.73, 24.55, 24.82, 23.07, 0, 0, 4.35
2019/05/10 13:20:00, 25.25, 24.73, 24.54, 24.86, 23.06, 0, 0, 4.35
2019/05/10 13:21:00, 25.25, 24.73, 24.53, 24.83, 23.06, 0, 0, 4.35
2019/05/10 13:22:00, 25.25, 24.73, 24.55, 24.95, 23.15, 0, 0, 4.35
2019/05/10 13:23:00, 25.25, 24.73, 24.55, 24.95, 23.19, 0, 0, 4.35
2019/05/10 13:24:00, 25.25, 24.73, 24.55, 24.94, 23.15, 0, 0, 4.35
2019/05/10 13:25:00, 25.25, 24.71, 24.55, 24.94, 23.15, 0, 0, 4.35
2019/05/10 13:26:00, 25.25, 24.70, 24.53, 24.89, 23.12, 0, 0, 4.35
2019/05/10 13:27:00, 25.25, 24.70, 24.51, 24.98, 23.15, 0, 0, 4.35
2019/05/10 13:28:00, 25.25, 24.71, 24.51, 24.99, 23.23, 0, 0, 4.35
2019/05/10 13:29:00, 25.25, 24.70, 24.50, 25.08, 23.25, 0, 0, 4.35
2019/05/10 13:30:00, 25.25, 24.73, 24.54, 25.02, 23.30, 0, 0, 4.35
2019/05/10 13:31:00, 25.25, 24.71, 24.51, 24.95, 23.24, 0, 0, 4.35
2019/05/10 13:32:00, 25.25, 24.73, 24.54, 25.01, 23.27, 0, 0, 4.35
2019/05/10 13:33:00, 25.25, 24.71, 24.52, 24.93, 23.20, 0, 0, 4.35
2019/05/10 13:34:00, 25.25, 24.70, 24.50, 24.97, 23.19, 0, 0, 4.35
2019/05/10 13:35:00, 25.25, 24.71, 24.52, 25.04, 23.26, 0, 0, 4.35
2019/05/10 13:36:00, 25.25, 24.71, 24.54, 24.99, 23.27, 0, 0, 4.35
2019/05/10 13:37:00, 25.25, 24.69, 24.50, 24.97, 23.21, 0, 0, 4.35
2019/05/10 13:38:00, 25.25, 24.73, 24.52, 25.05, 23.25, 0, 0, 4.35
2019/05/10 13:39:00, 25.25, 24.70, 24.53, 24.98, 23.27, 0, 0, 4.35
2019/05/10 13:40:00, 25.25, 24.73, 24.55, 25.00, 23.23, 0, 0, 4.35
2019/05/10 13:41:00, 25.25, 24.75, 24.58, 25.04, 23.24, 0, 0, 4.35
2019/05/10 13:42:00, 25.25, 24.74, 24.58, 25.04, 23.24, 0, 0, 4.35
2019/05/10 13:43:00, 25.25, 24.75, 24.60, 25.03, 23.27, 0, 0, 4.35
2019/05/10 13:44:00, 25.25, 24.74, 24.60, 25.03, 23.21, 0, 0, 4.35
2019/05/10 13:45:00, 25.25, 24.75, 24.57, 25.10, 23.34, 0, 0, 4.35
2019/05/10 13:46:00, 25.25, 24.71, 24.56, 25.05, 23.28, 0, 0, 4.35
2019/05/10 13:47:00, 25.25, 24.71, 24.55, 25.14, 23.39, 0, 0, 4.35
2019/05/10 13:48:00, 25.25, 24.69, 24.52, 25.17, 23.40, 0, 0, 4.35
2019/05/10 13:49:00, 25.25, 24.66, 24.47, 25.31, 23.49, 0, 0, 4.35
2019/05/10 13:50:00, 25.25, 24.67, 24.47, 25.36, 23.57, 0, 0, 4.35
2019/05/10 13:51:00, 25.25, 24.69, 24.50, 25.36, 23.56, 0, 0, 4.35
2019/05/10 13:52:00, 25.25, 24.66, 24.46, 25.30, 23.57, 0, 0, 4.35
2019/05/10 13:53:00, 25.25, 24.66, 24.49, 25.34, 23.58, 0, 0, 4.35
2019/05/10 13:54:00, 25.25, 24.70, 24.51, 25.40, 23.63, 0, 0, 4.35
2019/05/10 13:55:00, 25.25, 24.69, 24.52, 25.36, 23.65, 0, 0, 4.35
2019/05/10 13:56:00, 25.25, 24.71, 24.52, 25.45, 23.65, 0, 0, 4.35
2019/05/10 13:57:00, 25.25, 24.71, 24.52, 25.39, 23.64, 0, 0, 4.35
2019/05/10 13:58:00, 25.25, 24.70, 24.53, 25.36, 23.62, 0, 0, 4.35
2019/05/10 13:59:00, 25.25, 24.70, 24.53, 25.41, 23.63, 0, 0, 4.35
2019/05/10 14:00:00, 25.25, 24.67, 24.50, 25.47, 23.67, 0, 0, 4.35
2019/05/10 14:01:00, 25.25, 24.67, 24.48, 25.54, 23.75, 0, 0, 4.35
2019/05/10 14:02:00, 25.25, 24.67, 24.51, 25.48, 23.76, 0, 0, 4.35
2019/05/10 14:03:00, 25.25, 24.70, 24.50, 25.54, 23.74, 0, 0, 4.35
2019/05/10 14:04:00, 25.25, 24.69, 24.52, 25.51, 23.76, 0, 0, 4.35
2019/05/10 14:05:00, 25.25, 24.73, 24.52, 25.49, 23.74, 0, 0, 4.35
2019/05/10 14:06:00, 25.25, 24.69, 24.53, 25.49, 23.73, 0, 0, 4.35
2019/05/10 14:07:00, 25.25, 24.69, 24.50, 25.57, 23.77, 0, 0, 4.35
2019/05/10 14:08:00, 25.25, 24.69, 24.50, 25.64, 23.83, 0, 0, 4.35
2019/05/10 14:09:00, 25.25, 24.67, 24.50, 25.62, 23.89, 0, 0, 4.35
2019/05/10 14:10:00, 25.25, 24.70, 24.50, 25.77, 23.96, 0, 0, 4.35
2019/05/10 14:11:00, 25.25, 24.70, 24.52, 25.76, 23.98, 0, 0, 4.35
2019/05/10 14:12:00, 25.25, 24.66, 24.48, 25.80, 24.02, 0, 0, 4.35
2019/05/10 14:13:00, 25.25, 24.66, 24.48, 25.78, 24.05, 0, 0, 4.35
2019/05/10 14:14:00, 25.25, 24.63, 24.46, 25.84, 24.07, 0, 0, 4.35
2019/05/10 14:15:00, 25.25, 24.61, 24.46, 25.93, 24.15, 0, 0, 4.35
2019/05/10 14:16:00, 25.25, 24.61, 24.43, 25.94, 24.16, 0, 0, 4.35
2019/05/10 14:17:00, 25.25, 24.60, 24.43, 26.00, 24.18, 0, 0, 4.35
2019/05/10 14:18:00, 25.25, 24.59, 24.43, 26.08, 24.25, 0, 0, 4.35
2019/05/10 14:19:00, 25.25, 24.61, 24.45, 25.97, 24.27, 0, 0, 4.35
2019/05/10 14:20:00, 25.25, 24.61, 24.45, 25.99, 24.29, 0, 0, 4.35
2019/05/10 14:21:00, 25.25, 24.63, 24.45, 26.09, 24.27, 0, 0, 4.35
2019/05/10 14:22:00, 25.25, 24.60, 24.43, 26.06, 24.29, 0, 0, 4.35
2019/05/10 14:23:00, 25.25, 24.61, 24.43, 26.09, 24.32, 0, 0, 4.35
2019/05/10 14:24:00, 25.25, 24.61, 24.43, 26.13, 24.33, 0, 0, 4.35
2019/05/10 14:25:00, 25.25, 24.59, 24.42, 26.12, 24.33, 0, 0, 4.35
2019/05/10 14:26:00, 25.25, 24.59, 24.42, 26.16, 24.36, 0, 0, 4.35
2019/05/10 14:27:00, 25.25, 24.59, 24.40, 26.10, 24.38, 0, 0, 4.35
2019/05/10 14:28:00, 25.25, 24.59, 24.40, 26.18, 24.41, 0, 0, 4.35
2019/05/10 14:29:00, 25.25, 24.59, 24.40, 26.22, 24.42, 0, 0, 4.35
2019/05/10 14:30:00, 25.25, 24.56, 24.41, 26.26, 24.50, 0, 0, 4.35
2019/05/10 14:31:00, 25.25, 24.57, 24.38, 26.29, 24.53, 0, 0, 4.35
2019/05/10 14:32:00, 25.25, 24.57, 24.38, 26.35, 24.55, 0, 0, 4.35
2019/05/10 14:33:00, 25.25, 24.54, 24.42, 26.38, 24.59, 0, 0, 4.35
2019/05/10 14:34:00, 25.00, 24.53, 24.37, 26.35, 24.60, 0, 0, 4.35
2019/05/10 14:35:00, 25.25, 24.54, 24.36, 26.45, 24.69, 0, 0, 4.35
2019/05/10 14:36:00, 25.00, 24.54, 24.37, 26.42, 24.69, 0, 0, 4.35
2019/05/10 14:37:00, 25.25, 24.54, 24.37, 26.45, 24.64, 0, 0, 4.35
2019/05/10 14:38:00, 25.00, 24.54, 24.36, 26.41, 24.67, 0, 0, 4.35
2019/05/10 14:39:00, 25.00, 24.53, 24.36, 26.50, 24.68, 0, 0, 4.35
2019/05/10 14:40:00, 25.00, 24.53, 24.35, 26.52, 24.72, 0, 0, 4.35
2019/05/10 14:41:00, 25.00, 24.53, 24.36, 26.54, 24.76, 0, 0, 4.35
2019/05/10 14:42:00, 25.00, 24.50, 24.34, 26.61, 24.79, 0, 0, 4.35
2019/05/10 14:43:00, 25.00, 24.56, 24.35, 26.55, 24.79, 0, 0, 4.35
2019/05/10 14:44:00, 25.00, 24.53, 24.35, 26.54, 24.81, 0, 0, 4.35
2019/05/10 14:45:00, 25.00, 24.53, 24.35, 26.54, 24.80, 0, 0, 4.35
2019/05/10 14:46:00, 25.00, 24.54, 24.37, 26.57, 24.81, 0, 0, 4.35
2019/05/10 14:47:00, 25.00, 24.53, 24.35, 26.57, 24.84, 0, 0, 4.35
2019/05/10 14:48:00, 25.00, 24.53, 24.34, 26.59, 24.83, 0, 0, 4.35
2019/05/10 14:49:00, 25.00, 24.53, 24.34, 26.63, 24.84, 0, 0, 4.35
2019/05/10 14:50:00, 25.00, 24.53, 24.33, 26.55, 24.84, 0, 0, 4.35
2019/05/10 14:51:00, 25.00, 24.49, 24.34, 26.63, 24.86, 0, 0, 4.35
2019/05/10 14:52:00, 25.00, 24.47, 24.32, 26.68, 24.90, 0, 0, 4.35
2019/05/10 14:53:00, 25.00, 24.47, 24.30, 26.74, 24.92, 0, 0, 4.35
2019/05/10 14:54:00, 25.00, 24.46, 24.27, 26.77, 24.99, 0, 0, 4.35
2019/05/10 14:55:00, 25.00, 24.44, 24.31, 27.03, 25.17, 0, 0, 4.35
2019/05/10 14:56:00, 25.00, 24.44, 24.27, 26.93, 25.19, 0, 0, 4.35
2019/05/10 14:57:00, 25.00, 24.49, 24.32, 26.89, 25.18, 0, 0, 4.35
2019/05/10 14:58:00, 25.00, 24.47, 24.32, 26.84, 25.12, 0, 0, 4.35
2019/05/10 14:59:00, 25.00, 24.53, 24.33, 26.93, 25.14, 0, 0, 4.35
2019/05/10 15:00:00, 25.00, 24.53, 24.35, 26.79, 25.09, 0, 0, 4.35
2019/05/10 15:01:00, 25.00, 24.53, 24.37, 26.77, 25.05, 0, 0, 4.35
2019/05/10 15:02:00, 25.00, 24.53, 24.36, 26.77, 25.03, 0, 0, 4.35
2019/05/10 15:03:00, 25.00, 24.56, 24.38, 26.76, 25.05, 0, 0, 4.35
2019/05/10 15:04:00, 25.00, 24.54, 24.37, 26.75, 25.01, 0, 0, 4.35
2019/05/10 15:05:00, 25.00, 24.59, 24.42, 26.73, 25.03, 0, 0, 4.35
2019/05/10 15:06:00, 25.00, 24.64, 24.46, 26.71, 25.00, 0, 0, 4.35
2019/05/10 15:07:00, 25.00, 24.64, 24.48, 26.62, 24.93, 0, 0, 4.35
2019/05/10 15:08:00, 25.00, 24.67, 24.49, 26.58, 24.93, 0, 0, 4.35
2019/05/10 15:09:00, 25.00, 24.70, 24.50, 26.60, 24.89, 0, 0, 4.35
2019/05/10 15:10:00, 25.00, 24.67, 24.50, 26.58, 24.86, 0, 0, 4.35
2019/05/10 15:11:00, 25.00, 24.64, 24.49, 26.78, 24.88, 0, 0, 4.35
2019/05/10 15:12:00, 25.00, 24.64, 24.48, 26.77, 25.08, 0, 0, 4.35
2019/05/10 15:13:00, 25.00, 24.64, 24.47, 26.84, 25.06, 0, 0, 4.35
2019/05/10 15:14:00, 25.00, 24.66, 24.48, 26.73, 25.02, 0, 0, 4.35
2019/05/10 15:15:00, 25.00, 24.67, 24.48, 26.90, 25.07, 0, 0, 4.35
2019/05/10 15:16:00, 25.00, 24.69, 24.50, 26.74, 25.08, 0, 0, 4.35
2019/05/10 15:17:00, 25.00, 24.69, 24.50, 26.71, 25.01, 0, 0, 4.35
2019/05/10 15:18:00, 25.00, 24.67, 24.50, 26.71, 24.99, 0, 0, 4.35
2019/05/10 15:19:00, 25.00, 24.69, 24.50, 26.68, 24.96, 0, 0, 4.35
2019/05/10 15:20:00, 25.00, 24.70, 24.52, 26.73, 25.00, 0, 0, 4.35
2019/05/10 15:21:00, 25.00, 24.69, 24.51, 26.64, 24.99, 0, 0, 4.35
2019/05/10 15:22:00, 25.00, 24.71, 24.51, 26.66, 24.96, 0, 0, 4.35
2019/05/10 15:23:00, 25.25, 24.69, 24.51, 26.70, 24.96, 0, 0, 4.35
2019/05/10 15:24:00, 25.25, 24.66, 24.50, 26.67, 24.96, 0, 0, 4.35
2019/05/10 15:25:00, 25.25, 24.69, 24.49, 26.71, 24.99, 0, 0, 4.35
2019/05/10 15:26:00, 25.25, 24.66, 24.46, 26.78, 25.02, 0, 0, 4.35
2019/05/10 15:27:00, 25.25, 24.64, 24.48, 27.02, 25.21, 0, 0, 4.35
2019/05/10 15:28:00, 25.25, 24.70, 24.52, 27.02, 25.28, 0, 0, 4.35
2019/05/10 15:29:00, 25.25, 24.71, 24.52, 26.78, 25.13, 0, 0, 4.35
2019/05/10 15:30:00, 25.25, 24.77, 24.56, 26.72, 25.08, 0, 0, 4.35
2019/05/10 15:31:00, 25.25, 24.81, 24.58, 26.81, 25.12, 0, 0, 4.35
2019/05/10 15:32:00, 25.25, 24.82, 24.63, 26.63, 24.99, 0, 0, 4.35
2019/05/10 15:33:00, 25.25, 24.84, 24.62, 26.74, 25.05, 0, 0, 4.35
2019/05/10 15:34:00, 25.25, 24.85, 24.65, 26.61, 24.96, 0, 0, 4.35
2019/05/10 15:35:00, 25.25, 24.88, 24.68, 26.62, 24.92, 0, 0, 4.35
2019/05/10 15:36:00, 25.25, 24.88, 24.68, 26.69, 24.98, 0, 0, 4.35
2019/05/10 15:37:00, 25.25, 24.89, 24.70, 26.86, 25.11, 0, 0, 4.35
2019/05/10 15:38:00, 25.25, 24.93, 24.75, 26.77, 25.13, 0, 0, 4.35
2019/05/10 15:39:00, 25.25, 24.94, 24.77, 26.92, 25.19, 0, 0, 4.35
2019/05/10 15:40:00, 25.25, 25.00, 24.80, 26.81, 25.24, 0, 0, 4.35
2019/05/10 15:41:00, 25.25, 25.01, 24.80, 26.94, 25.21, 0, 0, 4.35
2019/05/10 15:42:00, 25.25, 25.05, 24.85, 26.89, 25.23, 0, 0, 4.35
2019/05/10 15:43:00, 25.25, 25.05, 24.86, 26.58, 25.01, 0, 0, 4.35
2019/05/10 15:44:00, 25.25, 25.06, 24.86, 26.60, 24.95, 0, 0, 4.35
2019/05/10 15:45:00, 25.25, 25.08, 24.86, 26.62, 24.88, 0, 0, 4.35
2019/05/10 15:46:00, 25.25, 25.08, 24.86, 26.52, 24.92, 0, 0, 4.35
2019/05/10 15:47:00, 25.25, 25.05, 24.86, 26.67, 24.89, 0, 0, 4.35
2019/05/10 15:48:00, 25.25, 25.08, 24.86, 26.67, 25.01, 0, 0, 4.35
2019/05/10 15:49:00, 25.25, 25.06, 24.86, 26.68, 24.98, 0, 0, 4.35
2019/05/10 15:50:00, 25.25, 25.09, 24.87, 26.60, 24.91, 0, 0, 4.35
2019/05/10 15:51:00, 25.25, 25.04, 24.86, 26.50, 24.87, 0, 0, 4.35
2019/05/10 15:52:00, 25.25, 25.01, 24.82, 26.63, 24.92, 0, 0, 4.35
2019/05/10 15:53:00, 25.25, 24.95, 24.78, 26.85, 25.02, 0, 0, 4.35
2019/05/10 15:54:00, 25.25, 24.95, 24.77, 26.88, 25.15, 0, 0, 4.35
2019/05/10 15:55:00, 25.25, 24.94, 24.76, 26.89, 25.19, 0, 0, 4.35
2019/05/10 15:56:00, 25.25, 24.91, 24.71, 26.89, 25.18, 0, 0, 4.35
2019/05/10 15:57:00, 25.25, 24.94, 24.74, 27.00, 25.24, 0, 0, 4.35
2019/05/10 15:58:00, 25.25, 24.91, 24.72, 26.93, 25.25, 0, 0, 4.35
2019/05/10 15:59:00, 25.25, 24.87, 24.67, 26.92, 25.19, 0, 0, 4.35
2019/05/10 16:00:00, 25.25, 24.87, 24.67, 26.96, 25.25, 0, 0, 4.35
2019/05/10 16:01:00, 25.25, 24.84, 24.65, 27.05, 25.31, 0, 0, 4.35
2019/05/10 16:02:00, 25.25, 24.87, 24.68, 27.04, 25.36, 0, 0, 4.35
2019/05/10 16:03:00, 25.25, 24.81, 24.65, 26.96, 25.28, 0, 0, 4.35
2019/05/10 16:04:00, 25.25, 24.81, 24.65, 26.99, 25.29, 0, 0, 4.35
2019/05/10 16:05:00, 25.25, 24.82, 24.66, 27.10, 25.33, 0, 0, 4.35
2019/05/10 16:06:00, 25.25, 24.80, 24.62, 27.03, 25.34, 0, 0, 4.35
2019/05/10 16:07:00, 25.25, 24.80, 24.62, 27.04, 25.37, 0, 0, 4.35
2019/05/10 16:08:00, 25.25, 24.81, 24.64, 27.08, 25.37, 0, 0, 4.35
2019/05/10 16:09:00, 25.25, 24.84, 24.63, 27.21, 25.44, 0, 0, 4.35
2019/05/10 16:10:00, 25.25, 24.82, 24.63, 27.11, 25.43, 0, 0, 4.35
2019/05/10 16:11:00, 25.25, 24.80, 24.63, 27.07, 25.40, 0, 0, 4.35
2019/05/10 16:12:00, 25.25, 24.82, 24.65, 27.09, 25.41, 0, 0, 4.35
2019/05/10 16:13:00, 25.25, 24.82, 24.65, 27.10, 25.39, 0, 0, 4.35
2019/05/10 16:14:00, 25.25, 24.85, 24.65, 27.09, 25.40, 0, 0, 4.35
2019/05/10 16:15:00, 25.25, 24.85, 24.64, 27.05, 25.36, 0, 0, 4.35
2019/05/10 16:16:00, 25.25, 24.84, 24.65, 27.05, 25.34, 0, 0, 4.35
2019/05/10 16:17:00, 25.25, 24.82, 24.64, 27.15, 25.39, 0, 0, 4.35
2019/05/10 16:18:00, 25.25, 24.81, 24.64, 27.10, 25.42, 0, 0, 4.35
2019/05/10 16:19:00, 25.25, 24.80, 24.62, 27.04, 25.44, 0, 0, 4.35
2019/05/10 16:20:00, 25.25, 24.81, 24.64, 27.10, 25.40, 0, 0, 4.35
2019/05/10 16:21:00, 25.25, 24.81, 24.63, 27.17, 25.44, 0, 0, 4.35
2019/05/10 16:22:00, 25.25, 24.82, 24.66, 27.15, 25.49, 0, 0, 4.35
2019/05/10 16:23:00, 25.25, 24.82, 24.63, 27.17, 25.45, 0, 0, 4.35
2019/05/10 16:24:00, 25.25, 24.80, 24.63, 27.15, 25.47, 0, 0, 4.35
2019/05/10 16:25:00, 25.25, 24.80, 24.62, 27.22, 25.51, 0, 0, 4.35
2019/05/10 16:26:00, 25.25, 24.77, 24.60, 27.19, 25.51, 0, 0, 4.35
2019/05/10 16:27:00, 25.25, 24.78, 24.60, 27.31, 25.56, 0, 0, 4.35
2019/05/10 16:28:00, 25.25, 24.74, 24.57, 27.29, 25.57, 0, 0, 4.35
2019/05/10 16:29:00, 25.25, 24.73, 24.52, 27.42, 25.65, 0, 0, 4.35
2019/05/10 16:30:00, 25.25, 24.69, 24.51, 27.48, 25.74, 0, 0, 4.35
2019/05/10 16:31:00, 25.25, 24.70, 24.50, 27.65, 25.82, 0, 0, 4.35
2019/05/10 16:32:00, 25.25, 24.66, 24.49, 27.69, 26.01, 0, 0, 4.35
2019/05/10 16:33:00, 25.25, 24.66, 24.48, 27.62, 25.92, 0, 0, 4.35
2019/05/10 16:34:00, 25.25, 24.64, 24.46, 27.60, 25.92, 0, 0, 4.35
2019/05/10 16:35:00, 25.25, 24.63, 24.43, 27.64, 25.95, 0, 0, 4.35
2019/05/10 16:36:00, 25.25, 24.59, 24.43, 27.72, 25.98, 0, 0, 4.35
2019/05/10 16:37:00, 25.25, 24.59, 24.41, 27.88, 26.17, 0, 0, 4.35
2019/05/10 16:38:00, 25.25, 24.63, 24.41, 27.91, 26.19, 0, 0, 4.35
2019/05/10 16:39:00, 25.25, 24.63, 24.46, 27.82, 26.19, 0, 0, 4.35
2019/05/10 16:40:00, 25.25, 24.67, 24.47, 27.78, 26.11, 0, 0, 4.35
2019/05/10 16:41:00, 25.25, 24.69, 24.48, 27.71, 26.04, 0, 0, 4.35
2019/05/10 16:42:00, 25.25, 24.69, 24.48, 27.71, 26.02, 0, 0, 4.35
2019/05/10 16:43:00, 25.25, 24.70, 24.50, 27.73, 25.98, 0, 0, 4.35
2019/05/10 16:44:00, 25.25, 24.70, 24.52, 27.69, 26.00, 0, 0, 4.35
2019/05/10 16:45:00, 25.25, 24.73, 24.53, 27.70, 25.99, 0, 0, 4.35
2019/05/10 16:46:00, 25.25, 24.71, 24.55, 27.65, 26.00, 0, 0, 4.35
2019/05/10 16:47:00, 25.25, 24.71, 24.54, 27.67, 26.02, 0, 0, 4.35
2019/05/10 16:48:00, 25.25, 24.74, 24.53, 27.75, 26.03, 0, 0, 4.35
2019/05/10 16:49:00, 25.25, 24.74, 24.55, 27.76, 26.02, 0, 0, 4.35
2019/05/10 16:50:00, 25.25, 24.74, 24.56, 27.73, 26.06, 0, 0, 4.35
2019/05/10 16:51:00, 25.25, 24.77, 24.57, 27.72, 26.04, 0, 0, 4.35
2019/05/10 16:52:00, 25.25, 24.74, 24.56, 27.73, 26.03, 0, 0, 4.35
2019/05/10 16:53:00, 25.25, 24.75, 24.56, 27.70, 26.01, 0, 0, 4.35
2019/05/10 16:54:00, 25.25, 24.75, 24.57, 27.67, 26.05, 0, 0, 4.35
2019/05/10 16:55:00, 25.25, 24.75, 24.58, 27.77, 26.07, 0, 0, 4.35
2019/05/10 16:56:00, 25.25, 24.77, 24.55, 27.72, 26.07, 0, 0, 4.35
2019/05/10 16:57:00, 25.25, 24.75, 24.55, 27.77, 26.08, 0, 0, 4.35
2019/05/10 16:58:00, 25.25, 24.74, 24.55, 27.86, 26.09, 0, 0, 4.35
2019/05/10 16:59:00, 25.25, 24.74, 24.55, 27.83, 26.11, 0, 0, 4.35
2019/05/10 17:00:00, 25.25, 24.70, 24.53, 27.86, 26.14, 0, 0, 4.35
2019/05/10 17:01:00, 25.25, 24.73, 24.53, 27.89, 26.16, 0, 0, 4.35
2019/05/10 17:02:00, 25.25, 24.71, 24.53, 27.88, 26.18, 0, 0, 4.35
2019/05/10 17:03:00, 25.25, 24.70, 24.50, 27.92, 26.19, 0, 0, 4.35
2019/05/10 17:04:00, 25.25, 24.70, 24.52, 28.02, 26.31, 0, 0, 4.35
2019/05/10 17:05:00, 25.25, 24.71, 24.50, 28.02, 26.32, 0, 0, 4.35
2019/05/10 17:06:00, 25.25, 24.69, 24.51, 27.96, 26.31, 0, 0, 4.35
2019/05/10 17:07:00, 25.25, 24.67, 24.50, 28.02, 26.31, 0, 0, 4.35
2019/05/10 17:08:00, 25.25, 24.67, 24.48, 28.08, 26.34, 0, 0, 4.35
2019/05/10 17:09:00, 25.25, 24.67, 24.49, 28.07, 26.35, 0, 0, 4.35
2019/05/10 17:10:00, 25.25, 24.66, 24.48, 28.11, 26.42, 0, 0, 4.35
2019/05/10 17:11:00, 25.25, 24.66, 24.48, 28.15, 26.41, 0, 0, 4.35
2019/05/10 17:12:00, 25.25, 24.67, 24.48, 28.09, 26.43, 0, 0, 4.35
2019/05/10 17:13:00, 25.25, 24.64, 24.50, 28.15, 26.44, 0, 0, 4.35
2019/05/10 17:14:00, 25.25, 24.66, 24.46, 28.21, 26.45, 0, 0, 4.35
2019/05/10 17:15:00, 25.25, 24.66, 24.46, 28.15, 26.46, 0, 0, 4.35
2019/05/10 17:16:00, 25.25, 24.66, 24.47, 28.22, 26.48, 0, 0, 4.35
2019/05/10 17:17:00, 25.25, 24.63, 24.45, 28.25, 26.53, 0, 0, 4.35
2019/05/10 17:18:00, 25.25, 24.64, 24.47, 28.29, 26.55, 0, 0, 4.35
2019/05/10 17:19:00, 25.25, 24.66, 24.48, 28.53, 26.66, 0, 0, 4.35
2019/05/10 17:20:00, 25.25, 24.67, 24.50, 28.46, 26.76, 0, 0, 4.35
2019/05/10 17:21:00, 25.25, 24.70, 24.50, 28.39, 26.71, 0, 0, 4.35
2019/05/10 17:22:00, 25.25, 24.70, 24.50, 28.70, 26.98, 0, 0, 4.35
2019/05/10 17:23:00, 25.25, 24.69, 24.49, 28.61, 26.91, 0, 0, 4.35
2019/05/10 17:24:00, 25.25, 24.67, 24.48, 28.44, 26.81, 0, 0, 4.35
2019/05/10 17:25:00, 25.25, 24.63, 24.45, 28.53, 26.82, 0, 0, 4.35
2019/05/10 17:26:00, 25.25, 24.61, 24.42, 28.49, 26.79, 0, 0, 4.35
2019/05/10 17:27:00, 25.25, 24.59, 24.43, 28.56, 26.81, 0, 0, 4.35
2019/05/10 17:28:00, 25.25, 24.59, 24.40, 28.54, 26.85, 0, 0, 4.35
2019/05/10 17:29:00, 25.25, 24.57, 24.42, 28.54, 26.85, 0, 0, 4.35
2019/05/10 17:30:00, 25.25, 24.57, 24.40, 28.64, 26.89, 0, 0, 4.35
2019/05/10 17:31:00, 25.25, 24.56, 24.39, 28.64, 26.93, 0, 0, 4.35
2019/05/10 17:32:00, 25.25, 24.57, 24.37, 28.67, 26.96, 0, 0, 4.35
2019/05/10 17:33:00, 25.25, 24.53, 24.39, 28.70, 26.98, 0, 0, 4.35
2019/05/10 17:34:00, 25.25, 24.53, 24.37, 28.71, 27.04, 0, 0, 4.35
2019/05/10 17:35:00, 25.25, 24.52, 24.35, 28.83, 27.06, 0, 0, 4.35
2019/05/10 17:36:00, 25.25, 24.50, 24.35, 28.82, 27.08, 0, 0, 4.35
2019/05/10 17:37:00, 25.25, 24.53, 24.34, 28.77, 27.08, 0, 0, 4.35
2019/05/10 17:38:00, 25.25, 24.52, 24.32, 28.89, 27.13, 0, 0, 4.35
2019/05/10 17:39:00, 25.25, 24.49, 24.32, 28.96, 27.20, 0, 0, 4.35
2019/05/10 17:40:00, 25.25, 24.50, 24.30, 28.93, 27.22, 0, 0, 4.35
2019/05/10 17:41:00, 25.25, 24.50, 24.33, 29.00, 27.27, 0, 0, 4.35
2019/05/10 17:42:00, 25.25, 24.49, 24.32, 28.99, 27.29, 0, 0, 4.35
2019/05/10 17:43:00, 25.25, 24.49, 24.28, 29.03, 27.30, 0, 0, 4.35
2019/05/10 17:44:00, 25.25, 24.47, 24.30, 29.05, 27.33, 0, 0, 4.35
2019/05/10 17:45:00, 25.25, 24.46, 24.31, 29.10, 27.36, 0, 0, 4.35
2019/05/10 17:46:00, 25.25, 24.46, 24.30, 29.12, 27.40, 0, 0, 4.35
2019/05/10 17:47:00, 25.00, 24.46, 24.28, 29.15, 27.42, 0, 0, 4.35
2019/05/10 17:48:00, 25.00, 24.46, 24.27, 29.16, 27.41, 0, 0, 4.35
2019/05/10 17:49:00, 25.00, 24.46, 24.27, 29.17, 27.45, 0, 0, 4.35
2019/05/10 17:50:00, 25.00, 24.44, 24.26, 29.27, 27.47, 0, 0, 4.35
2019/05/10 17:51:00, 25.00, 24.47, 24.27, 29.26, 27.50, 0, 0, 4.35
2019/05/10 17:52:00, 25.00, 24.43, 24.26, 29.27, 27.52, 0, 0, 4.35
2019/05/10 17:53:00, 25.00, 24.44, 24.28, 29.26, 27.53, 0, 0, 4.35
2019/05/10 17:54:00, 25.00, 24.44, 24.25, 29.23, 27.54, 0, 0, 4.35
2019/05/10 17:55:00, 25.00, 24.44, 24.27, 29.29, 27.56, 0, 0, 4.35
2019/05/10 17:56:00, 25.00, 24.43, 24.26, 29.29, 27.57, 0, 0, 4.35
2019/05/10 17:57:00, 25.00, 24.43, 24.25, 29.37, 27.63, 0, 0, 4.35
2019/05/10 17:58:00, 25.00, 24.43, 24.23, 29.38, 27.63, 0, 0, 4.35
2019/05/10 17:59:00, 25.00, 24.40, 24.22, 29.48, 27.70, 0, 0, 4.35
2019/05/10 18:00:00, 25.00, 24.42, 24.23, 29.49, 27.73, 0, 0, 4.35
2019/05/10 18:01:00, 25.00, 24.40, 24.22, 29.53, 27.76, 0, 0, 4.35
2019/05/10 18:02:00, 25.00, 24.40, 24.23, 29.53, 27.75, 0, 0, 4.35
2019/05/10 18:03:00, 25.00, 24.40, 24.22, 29.48, 27.78, 0, 0, 4.35
2019/05/10 18:04:00, 25.00, 24.39, 24.22, 29.49, 27.78, 0, 0, 4.35
2019/05/10 18:05:00, 25.00, 24.38, 24.23, 29.55, 27.82, 0, 0, 4.35
2019/05/10 18:06:00, 25.00, 24.36, 24.20, 29.49, 27.77, 0, 0, 4.35
2019/05/10 18:07:00, 25.00, 24.35, 24.20, 29.51, 27.79, 0, 0, 4.35
2019/05/10 18:08:00, 25.00, 24.38, 24.20, 29.49, 27.79, 0, 0, 4.35
2019/05/10 18:09:00, 25.00, 24.36, 24.18, 29.51, 27.78, 0, 0, 4.35
2019/05/10 18:10:00, 25.00, 24.36, 24.21, 29.51, 27.78, 0, 0, 4.35
2019/05/10 18:11:00, 25.00, 24.38, 24.19, 29.45, 27.75, 0, 0, 4.35
2019/05/10 18:12:00, 25.00, 24.35, 24.20, 29.42, 27.76, 0, 0, 4.35
2019/05/10 18:13:00, 25.00, 24.35, 24.20, 29.48, 27.72, 0, 0, 4.35
2019/05/10 18:14:00, 25.00, 24.38, 24.18, 29.48, 27.76, 0, 0, 4.35
2019/05/10 18:15:00, 25.00, 24.35, 24.18, 29.45, 27.75, 0, 0, 4.35
2019/05/10 18:16:00, 25.00, 24.35, 24.18, 29.40, 27.74, 0, 0, 4.35
2019/05/10 18:17:00, 25.00, 24.36, 24.17, 29.42, 27.73, 0, 0, 4.35
2019/05/10 18:18:00, 25.00, 24.36, 24.19, 29.42, 27.69, 0, 0, 4.35
2019/05/10 18:19:00, 25.00, 24.35, 24.18, 29.45, 27.69, 0, 0, 4.35
2019/05/10 18:20:00, 25.00, 24.35, 24.19, 29.45, 27.72, 0, 0, 4.35
2019/05/10 18:21:00, 25.00, 24.35, 24.19, 29.36, 27.69, 0, 0, 4.35
2019/05/10 18:22:00, 25.00, 24.38, 24.19, 29.39, 27.67, 0, 0, 4.35
2019/05/10 18:23:00, 25.00, 24.36, 24.18, 29.39, 27.67, 0, 0, 4.35
2019/05/10 18:24:00, 25.00, 24.36, 24.20, 29.40, 27.65, 0, 0, 4.35
2019/05/10 18:25:00, 25.00, 24.40, 24.20, 29.42, 27.68, 0, 0, 4.35
2019/05/10 18:26:00, 25.00, 24.38, 24.22, 29.30, 27.64, 0, 0, 4.35
2019/05/10 18:27:00, 25.00, 24.36, 24.19, 29.34, 27.62, 0, 0, 4.35
2019/05/10 18:28:00, 25.00, 24.38, 24.20, 29.36, 27.61, 0, 0, 4.35
2019/05/10 18:29:00, 25.00, 24.36, 24.20, 29.36, 27.63, 0, 0, 4.35
2019/05/10 18:30:00, 25.00, 24.38, 24.19, 29.39, 27.63, 0, 0, 4.35
2019/05/10 18:31:00, 25.00, 24.36, 24.19, 29.32, 27.63, 0, 0, 4.35
2019/05/10 18:32:00, 25.00, 24.36, 24.19, 29.42, 27.63, 0, 0, 4.35
2019/05/10 18:33:00, 25.00, 24.36, 24.18, 29.39, 27.67, 0, 0, 4.35
2019/05/10 18:34:00, 25.00, 24.38, 24.20, 29.32, 27.63, 0, 0, 4.35
2019/05/10 18:35:00, 25.00, 24.36, 24.20, 29.36, 27.62, 0, 0, 4.35
2019/05/10 18:36:00, 25.00, 24.38, 24.19, 29.36, 27.61, 0, 0, 4.35
2019/05/10 18:37:00, 25.00, 24.39, 24.17, 29.32, 27.63, 0, 0, 4.35
2019/05/10 18:38:00, 25.00, 24.35, 24.19, 29.34, 27.66, 0, 0, 4.35
2019/05/10 18:39:00, 25.00, 24.36, 24.20, 29.40, 27.63, 0, 0, 4.35
2019/05/10 18:40:00, 25.00, 24.38, 24.19, 29.32, 27.65, 0, 0, 4.35
2019/05/10 18:41:00, 25.00, 24.36, 24.19, 29.30, 27.64, 0, 0, 4.35
2019/05/10 18:42:00, 25.00, 24.35, 24.19, 29.42, 27.66, 0, 0, 4.35
2019/05/10 18:43:00, 25.00, 24.36, 24.20, 29.36, 27.66, 0, 0, 4.35
2019/05/10 18:44:00, 25.00, 24.36, 24.18, 29.45, 27.69, 0, 0, 4.35
2019/05/10 18:45:00, 25.00, 24.33, 24.19, 29.40, 27.65, 0, 0, 4.35
2019/05/10 18:46:00, 25.00, 24.35, 24.16, 29.41, 27.66, 0, 0, 4.35
2019/05/10 18:47:00, 25.00, 24.35, 24.18, 29.37, 27.66, 0, 0, 4.35
2019/05/10 18:48:00, 25.00, 24.33, 24.18, 29.34, 27.65, 0, 0, 4.35
2019/05/10 18:49:00, 25.00, 24.36, 24.18, 29.32, 27.62, 0, 0, 4.35
2019/05/10 18:50:00, 25.00, 24.38, 24.17, 29.33, 27.60, 0, 0, 4.35
2019/05/10 18:51:00, 25.00, 24.33, 24.19, 29.37, 27.63, 0, 0, 4.35
2019/05/10 18:52:00, 25.00, 24.35, 24.17, 29.37, 27.65, 0, 0, 4.35
2019/05/10 18:53:00, 25.00, 24.36, 24.15, 29.39, 27.67, 0, 0, 4.35
2019/05/10 18:54:00, 25.00, 24.36, 24.16, 29.37, 27.66, 0, 0, 4.35
2019/05/10 18:55:00, 25.00, 24.36, 24.16, 29.36, 27.65, 0, 0, 4.35
2019/05/10 18:56:00, 25.00, 24.33, 24.17, 29.37, 27.66, 0, 0, 4.35
2019/05/10 18:57:00, 25.00, 24.33, 24.17, 29.36, 27.64, 0, 0, 4.35
2019/05/10 18:58:00, 25.00, 24.36, 24.16, 29.36, 27.66, 0, 0, 4.35
2019/05/10 18:59:00, 25.00, 24.33, 24.16, 29.34, 27.64, 0, 0, 4.35
2019/05/10 19:00:00, 25.00, 24.36, 24.16, 29.39, 27.65, 0, 0, 4.35
2019/05/10 19:01:00, 25.00, 24.35, 24.16, 29.28, 27.63, 0, 0, 4.35
2019/05/10 19:02:00, 25.00, 24.33, 24.16, 29.40, 27.63, 0, 0, 4.35
2019/05/10 19:03:00, 25.00, 24.35, 24.16, 29.36, 27.66, 0, 0, 4.35
2019/05/10 19:04:00, 25.00, 24.35, 24.16, 29.32, 27.66, 0, 0, 4.35
2019/05/10 19:05:00, 25.00, 24.35, 24.16, 29.37, 27.66, 0, 0, 4.35
2019/05/10 19:06:00, 25.00, 24.32, 24.15, 29.39, 27.66, 0, 0, 4.35
2019/05/10 19:07:00, 24.75, 24.31, 24.16, 29.39, 27.66, 0, 0, 4.35
2019/05/10 19:08:00, 24.75, 24.33, 24.17, 29.34, 27.66, 0, 0, 4.35
2019/05/10 19:09:00, 24.75, 24.32, 24.16, 29.42, 27.66, 0, 0, 4.35
2019/05/10 19:10:00, 24.75, 24.33, 24.16, 29.36, 27.66, 0, 0, 4.35
2019/05/10 19:11:00, 24.75, 24.31, 24.15, 29.43, 27.66, 0, 0, 4.35
2019/05/10 19:12:00, 24.75, 24.32, 24.16, 29.43, 27.68, 0, 0, 4.35
2019/05/10 19:13:00, 24.75, 24.32, 24.13, 29.37, 27.69, 0, 0, 4.35
2019/05/10 19:14:00, 24.75, 24.32, 24.13, 29.40, 27.68, 0, 0, 4.35
2019/05/10 19:15:00, 24.75, 24.31, 24.15, 29.33, 27.66, 0, 0, 4.35
2019/05/10 19:16:00, 24.75, 24.32, 24.15, 29.37, 27.66, 0, 0, 4.35
2019/05/10 19:17:00, 24.75, 24.31, 24.15, 29.38, 27.65, 0, 0, 4.35
2019/05/10 19:18:00, 24.75, 24.31, 24.12, 29.38, 27.69, 0, 0, 4.35
2019/05/10 19:19:00, 24.75, 24.32, 24.16, 29.36, 27.68, 0, 0, 4.35
2019/05/10 19:20:00, 24.75, 24.32, 24.15, 29.40, 27.68, 0, 0, 4.35
2019/05/10 19:21:00, 24.75, 24.29, 24.13, 29.39, 27.69, 0, 0, 4.35
2019/05/10 19:22:00, 24.75, 24.31, 24.13, 29.43, 27.69, 0, 0, 4.35
2019/05/10 19:23:00, 24.75, 24.31, 24.15, 29.37, 27.69, 0, 0, 4.35
2019/05/10 19:24:00, 24.75, 24.33, 24.13, 29.41, 27.66, 0, 0, 4.35
2019/05/10 19:25:00, 24.75, 24.32, 24.10, 29.41, 27.66, 0, 0, 4.35
2019/05/10 19:26:00, 24.75, 24.31, 24.11, 29.40, 27.70, 0, 0, 4.35
2019/05/10 19:27:00, 24.75, 24.31, 24.12, 29.43, 27.69, 0, 0, 4.35
2019/05/10 19:28:00, 24.75, 24.31, 24.13, 29.43, 27.69, 0, 0, 4.35
2019/05/10 19:29:00, 24.75, 24.31, 24.12, 29.44, 27.72, 0, 0, 4.35
2019/05/10 19:30:00, 24.75, 24.27, 24.10, 29.44, 27.72, 0, 0, 4.35
2019/05/10 19:31:00, 24.75, 24.27, 24.12, 29.47, 27.76, 0, 0, 4.35
2019/05/10 19:32:00, 24.75, 24.29, 24.11, 29.43, 27.76, 0, 0, 4.35
2019/05/10 19:33:00, 24.75, 24.27, 24.08, 29.44, 27.75, 0, 0, 4.35
2019/05/10 19:34:00, 24.75, 24.29, 24.09, 29.46, 27.73, 0, 0, 4.35
2019/05/10 19:35:00, 24.75, 24.29, 24.09, 29.43, 27.74, 0, 0, 4.35
2019/05/10 19:36:00, 24.75, 24.27, 24.10, 29.51, 27.76, 0, 0, 4.35
2019/05/10 19:37:00, 24.75, 24.26, 24.10, 29.46, 27.78, 0, 0, 4.35
2019/05/10 19:38:00, 24.75, 24.27, 24.07, 29.53, 27.77, 0, 0, 4.35
2019/05/10 19:39:00, 24.75, 24.27, 24.09, 29.50, 27.76, 0, 0, 4.35
2019/05/10 19:40:00, 24.75, 24.26, 24.09, 29.43, 27.76, 0, 0, 4.35
2019/05/10 19:41:00, 24.75, 24.27, 24.09, 29.46, 27.75, 0, 0, 4.35
2019/05/10 19:42:00, 24.75, 24.29, 24.09, 29.48, 27.76, 0, 0, 4.35
2019/05/10 19:43:00, 24.75, 24.25, 24.10, 29.47, 27.78, 0, 0, 4.35
2019/05/10 19:44:00, 24.75, 24.29, 24.08, 29.47, 27.76, 0, 0, 4.35
2019/05/10 19:45:00, 24.75, 24.27, 24.06, 29.45, 27.79, 0, 0, 4.35
2019/05/10 19:46:00, 24.75, 24.25, 24.09, 29.51, 27.77, 0, 0, 4.35
2019/05/10 19:47:00, 24.75, 24.26, 24.09, 29.55, 27.82, 0, 0, 4.35
2019/05/10 19:48:00, 24.75, 24.26, 24.08, 29.50, 27.80, 0, 0, 4.35
2019/05/10 19:49:00, 24.75, 24.25, 24.06, 29.53, 27.80, 0, 0, 4.35
2019/05/10 19:50:00, 24.75, 24.23, 24.08, 29.53, 27.80, 0, 0, 4.35
2019/05/10 19:51:00, 24.75, 24.26, 24.08, 29.55, 27.83, 0, 0, 4.35
2019/05/10 19:52:00, 24.75, 24.27, 24.07, 29.56, 27.80, 0, 0, 4.35
2019/05/10 19:53:00, 24.75, 24.25, 24.07, 29.58, 27.79, 0, 0, 4.35
2019/05/10 19:54:00, 24.75, 24.25, 24.08, 29.50, 27.82, 0, 0, 4.35
2019/05/10 19:55:00, 24.75, 24.27, 24.06, 29.53, 27.80, 0, 0, 4.35
2019/05/10 19:56:00, 24.75, 24.26, 24.09, 29.54, 27.80, 0, 0, 4.35
2019/05/10 19:57:00, 24.75, 24.25, 24.07, 29.53, 27.80, 0, 0, 4.35
2019/05/10 19:58:00, 24.75, 24.25, 24.06, 29.51, 27.82, 0, 0, 4.35
2019/05/10 19:59:00, 24.75, 24.25, 24.07, 29.50, 27.82, 0, 0, 4.35
2019/05/10 20:00:00, 24.75, 24.26, 24.06, 29.54, 27.82, 0, 0, 4.35
2019/05/10 20:01:00, 24.75, 24.25, 24.06, 29.51, 27.82, 0, 0, 4.35
2019/05/10 20:02:00, 24.75, 24.23, 24.06, 29.50, 27.81, 0, 0, 4.35
2019/05/10 20:03:00, 24.75, 24.22, 24.04, 29.55, 27.82, 0, 0, 4.35
2019/05/10 20:04:00, 24.75, 24.25, 24.07, 29.54, 27.84, 0, 0, 4.35
2019/05/10 20:05:00, 24.75, 24.26, 24.06, 29.54, 27.84, 0, 0, 4.35
2019/05/10 20:06:00, 24.75, 24.25, 24.06, 29.59, 27.85, 0, 0, 4.35
2019/05/10 20:07:00, 24.75, 24.23, 24.06, 29.55, 27.85, 0, 0, 4.35
2019/05/10 20:08:00, 24.75, 24.25, 24.05, 29.57, 27.86, 0, 0, 4.35
2019/05/10 20:09:00, 24.75, 24.22, 24.06, 29.55, 27.86, 0, 0, 4.35
2019/05/10 20:10:00, 24.75, 24.23, 24.05, 29.57, 27.86, 0, 0, 4.35
2019/05/10 20:11:00, 24.75, 24.23, 24.04, 29.69, 27.86, 0, 0, 4.35
2019/05/10 20:12:00, 24.75, 24.20, 24.03, 29.60, 27.85, 0, 0, 4.35
2019/05/10 20:13:00, 24.75, 24.23, 24.05, 29.63, 27.87, 0, 0, 4.35
2019/05/10 20:14:00, 24.75, 24.23, 24.04, 29.55, 27.85, 0, 0, 4.35
2019/05/10 20:15:00, 24.75, 24.20, 24.05, 29.60, 27.86, 0, 0, 4.35
2019/05/10 20:16:00, 24.75, 24.25, 24.04, 29.54, 27.88, 0, 0, 4.35
2019/05/10 20:17:00, 24.75, 24.23, 24.05, 29.57, 27.87, 0, 0, 4.35
2019/05/10 20:18:00, 24.75, 24.20, 24.05, 29.54, 27.86, 0, 0, 4.35
2019/05/10 20:19:00, 24.75, 24.19, 24.05, 29.50, 27.85, 0, 0, 4.35
2019/05/10 20:20:00, 24.75, 24.22, 24.04, 29.60, 27.88, 0, 0, 4.35
2019/05/10 20:21:00, 24.75, 24.20, 24.04, 29.61, 27.87, 0, 0, 4.35
2019/05/10 20:22:00, 24.75, 24.22, 24.04, 29.60, 27.88, 0, 0, 4.35
2019/05/10 20:23:00, 24.75, 24.19, 24.04, 29.54, 27.88, 0, 0, 4.35
2019/05/10 20:24:00, 24.75, 24.23, 24.04, 29.63, 27.93, 0, 0, 4.35
2019/05/10 20:25:00, 24.75, 24.19, 24.02, 29.58, 27.90, 0, 0, 4.35
2019/05/10 20:26:00, 24.75, 24.20, 24.04, 29.58, 27.93, 0, 0, 4.35
2019/05/10 20:27:00, 24.75, 24.20, 23.98, 29.63, 27.92, 0, 0, 4.35
2019/05/10 20:28:00, 24.75, 24.19, 24.02, 29.63, 27.94, 0, 0, 4.35
2019/05/10 20:29:00, 24.75, 24.22, 24.03, 29.64, 27.90, 0, 0, 4.35
2019/05/10 20:30:00, 24.75, 24.20, 24.02, 29.61, 27.92, 0, 0, 4.35
2019/05/10 20:31:00, 24.75, 24.19, 24.02, 29.64, 27.93, 0, 0, 4.35
2019/05/10 20:32:00, 24.75, 24.22, 24.02, 29.64, 27.92, 0, 0, 4.35
2019/05/10 20:33:00, 24.75, 24.19, 24.02, 29.57, 27.92, 0, 0, 4.35
2019/05/10 20:34:00, 24.75, 24.20, 24.03, 29.58, 27.91, 0, 0, 4.35
2019/05/10 20:35:00, 24.75, 24.19, 24.03, 29.61, 27.92, 0, 0, 4.35
2019/05/10 20:36:00, 24.75, 24.19, 24.02, 29.58, 27.93, 0, 0, 4.35
2019/05/10 20:37:00, 24.75, 24.16, 24.01, 29.68, 27.92, 0, 0, 4.35
2019/05/10 20:38:00, 24.75, 24.20, 24.01, 29.65, 27.95, 0, 0, 4.35
2019/05/10 20:39:00, 24.75, 24.18, 24.03, 29.64, 27.96, 0, 0, 4.35
2019/05/10 20:40:00, 24.75, 24.20, 24.01, 29.61, 27.92, 0, 0, 4.35
2019/05/10 20:41:00, 24.75, 24.20, 24.02, 29.64, 27.95, 0, 0, 4.35
2019/05/10 20:42:00, 24.75, 24.19, 24.01, 29.70, 27.96, 0, 0, 4.35
2019/05/10 20:43:00, 24.75, 24.19, 24.01, 29.70, 27.97, 0, 0, 4.35
2019/05/10 20:44:00, 24.75, 24.19, 24.02, 29.65, 27.96, 0, 0, 4.35
2019/05/10 20:45:00, 24.75, 24.18, 24.03, 29.59, 27.95, 0, 0, 4.35
2019/05/10 20:46:00, 24.75, 24.20, 24.01, 29.67, 27.95, 0, 0, 4.35
2019/05/10 20:47:00, 24.75, 24.19, 24.00, 29.64, 27.96, 0, 0, 4.35
2019/05/10 20:48:00, 24.75, 24.18, 24.01, 29.70, 27.98, 0, 0, 4.35
2019/05/10 20:49:00, 24.75, 24.15, 24.00, 29.65, 27.96, 0, 0, 4.35
2019/05/10 20:50:00, 24.75, 24.16, 24.00, 29.70, 27.99, 0, 0, 4.35
2019/05/10 20:51:00, 24.75, 24.19, 24.01, 29.67, 27.99, 0, 0, 4.35
2019/05/10 20:52:00, 24.75, 24.16, 24.01, 29.71, 27.99, 0, 0, 4.35
2019/05/10 20:53:00, 24.75, 24.18, 24.00, 29.70, 28.01, 0, 0, 4.35
2019/05/10 20:54:00, 24.75, 24.19, 24.00, 29.70, 28.01, 0, 0, 4.35
2019/05/10 20:55:00, 24.75, 24.16, 23.98, 29.71, 28.03, 0, 0, 4.35
2019/05/10 20:56:00, 24.75, 24.18, 23.97, 29.77, 28.04, 0, 0, 4.35
2019/05/10 20:57:00, 24.75, 24.16, 23.98, 29.72, 28.02, 0, 0, 4.35
2019/05/10 20:58:00, 24.75, 24.16, 23.98, 29.78, 28.04, 0, 0, 4.35
2019/05/10 20:59:00, 24.75, 24.18, 23.96, 29.80, 28.04, 0, 0, 4.35
2019/05/10 21:00:00, 24.75, 24.16, 23.96, 29.77, 28.06, 0, 0, 4.35
2019/05/10 21:01:00, 24.75, 24.16, 23.98, 29.78, 28.07, 0, 0, 4.35
2019/05/10 21:02:00, 24.75, 24.18, 23.97, 29.81, 28.05, 0, 0, 4.35
2019/05/10 21:03:00, 24.75, 24.16, 23.97, 29.80, 28.10, 0, 0, 4.35
2019/05/10 21:04:00, 24.75, 24.15, 24.00, 29.74, 28.08, 0, 0, 4.35
2019/05/10 21:05:00, 24.75, 24.18, 23.98, 29.72, 28.08, 0, 0, 4.35
2019/05/10 21:06:00, 24.75, 24.16, 24.01, 29.74, 28.08, 0, 0, 4.35
2019/05/10 21:07:00, 24.75, 24.15, 24.01, 29.80, 28.06, 0, 0, 4.35
2019/05/10 21:08:00, 24.75, 24.19, 23.97, 29.81, 28.08, 0, 0, 4.35
2019/05/10 21:09:00, 24.75, 24.18, 23.98, 29.77, 28.08, 0, 0, 4.35
2019/05/10 21:10:00, 24.75, 24.18, 23.98, 29.83, 28.09, 0, 0, 4.35
2019/05/10 21:11:00, 24.75, 24.15, 23.98, 29.81, 28.10, 0, 0, 4.35
2019/05/10 21:12:00, 24.75, 24.16, 23.97, 29.80, 28.11, 0, 0, 4.35
2019/05/10 21:13:00, 24.75, 24.16, 23.97, 29.81, 28.11, 0, 0, 4.35
2019/05/10 21:14:00, 24.75, 24.15, 23.96, 29.84, 28.12, 0, 0, 4.35
2019/05/10 21:15:00, 24.75, 24.14, 23.97, 29.81, 28.14, 0, 0, 4.35
2019/05/10 21:16:00, 24.75, 24.14, 23.97, 29.87, 28.13, 0, 0, 4.35
2019/05/10 21:17:00, 24.75, 24.14, 23.96, 29.91, 28.17, 0, 0, 4.35
2019/05/10 21:18:00, 24.75, 24.14, 23.96, 29.84, 28.17, 0, 0, 4.35
2019/05/10 21:19:00, 24.75, 24.14, 23.95, 29.88, 28.19, 0, 0, 4.35
2019/05/10 21:20:00, 24.75, 24.11, 23.95, 29.90, 28.19, 0, 0, 4.35
2019/05/10 21:21:00, 24.75, 24.14, 23.95, 29.91, 28.20, 0, 0, 4.35
2019/05/10 21:22:00, 24.75, 24.12, 23.95, 29.87, 28.20, 0, 0, 4.35
2019/05/10 21:23:00, 24.75, 24.14, 23.95, 29.88, 28.21, 0, 0, 4.35
2019/05/10 21:24:00, 24.75, 24.14, 23.95, 29.94, 28.21, 0, 0, 4.35
2019/05/10 21:25:00, 24.75, 24.12, 23.95, 29.91, 28.22, 0, 0, 4.35
2019/05/10 21:26:00, 24.75, 24.14, 23.93, 29.94, 28.22, 0, 0, 4.35
2019/05/10 21:27:00, 24.75, 24.12, 23.96, 29.97, 28.24, 0, 0, 4.35
2019/05/10 21:28:00, 24.75, 24.11, 23.96, 29.95, 28.25, 0, 0, 4.35
2019/05/10 21:29:00, 24.75, 24.14, 23.95, 29.96, 28.25, 0, 0, 4.35
2019/05/10 21:30:00, 24.75, 24.14, 23.95, 29.96, 28.26, 0, 0, 4.35
2019/05/10 21:31:00, 24.75, 24.14, 23.95, 29.96, 28.27, 0, 0, 4.35
2019/05/10 21:32:00, 24.75, 24.11, 23.94, 30.02, 28.30, 0, 0, 4.35
2019/05/10 21:33:00, 24.75, 24.12, 23.94, 29.99, 28.31, 0, 0, 4.35
2019/05/10 21:34:00, 24.75, 24.12, 23.93, 30.00, 28.31, 0, 0, 4.35
2019/05/10 21:35:00, 24.75, 24.14, 23.95, 30.02, 28.30, 0, 0, 4.35
2019/05/10 21:36:00, 24.75, 24.14, 23.94, 29.99, 28.26, 0, 0, 4.35
2019/05/10 21:37:00, 24.75, 24.11, 23.94, 30.03, 28.30, 0, 0, 4.35
2019/05/10 21:38:00, 24.75, 24.12, 23.92, 30.04, 28.30, 0, 0, 4.35
2019/05/10 21:39:00, 24.75, 24.08, 23.92, 30.03, 28.33, 0, 0, 4.35
2019/05/10 21:40:00, 24.75, 24.12, 23.90, 30.09, 28.35, 0, 0, 4.35
2019/05/10 21:41:00, 24.75, 24.09, 23.93, 30.09, 28.40, 0, 0, 4.35
2019/05/10 21:42:00, 24.75, 24.09, 23.91, 30.11, 28.37, 0, 0, 4.35
2019/05/10 21:43:00, 24.75, 24.09, 23.92, 30.07, 28.37, 0, 0, 4.35
2019/05/10 21:44:00, 24.75, 24.09, 23.92, 30.09, 28.37, 0, 0, 4.35
2019/05/10 21:45:00, 24.75, 24.12, 23.91, 30.10, 28.37, 0, 0, 4.35
2019/05/10 21:46:00, 24.50, 24.09, 23.92, 30.13, 28.40, 0, 0, 4.35
2019/05/10 21:47:00, 24.75, 24.11, 23.92, 30.15, 28.40, 0, 0, 4.35
2019/05/10 21:48:00, 24.50, 24.11, 23.92, 30.10, 28.40, 0, 0, 4.35
2019/05/10 21:49:00, 24.50, 24.12, 23.92, 30.12, 28.37, 0, 0, 4.35
2019/05/10 21:50:00, 24.75, 24.09, 23.91, 30.07, 28.41, 0, 0, 4.35
2019/05/10 21:51:00, 24.75, 24.12, 23.92, 30.15, 28.41, 0, 0, 4.35
2019/05/10 21:52:00, 24.50, 24.09, 23.94, 30.15, 28.43, 0, 0, 4.35
2019/05/10 21:53:00, 24.50, 24.09, 23.95, 30.13, 28.45, 0, 0, 4.35
2019/05/10 21:54:00, 24.50, 24.11, 23.93, 30.17, 28.43, 0, 0, 4.35
2019/05/10 21:55:00, 24.50, 24.11, 23.93, 30.17, 28.43, 0, 0, 4.35
2019/05/10 21:56:00, 24.50, 24.11, 23.93, 30.15, 28.46, 0, 0, 4.35
2019/05/10 21:57:00, 24.50, 24.09, 23.92, 30.13, 28.42, 0, 0, 4.35
2019/05/10 21:58:00, 24.50, 24.09, 23.91, 30.13, 28.47, 0, 0, 4.35
2019/05/10 21:59:00, 24.50, 24.09, 23.93, 30.22, 28.45, 0, 0, 4.35
2019/05/10 22:00:00, 24.50, 24.11, 23.92, 30.15, 28.46, 0, 0, 4.35
2019/05/10 22:01:00, 24.50, 24.08, 23.90, 30.16, 28.50, 0, 0, 4.35
2019/05/10 22:02:00, 24.50, 24.08, 23.89, 30.19, 28.50, 0, 0, 4.35
2019/05/10 22:03:00, 24.50, 24.09, 23.91, 30.19, 28.50, 0, 0, 4.35
2019/05/10 22:04:00, 24.50, 24.09, 23.92, 30.23, 28.51, 0, 0, 4.35
2019/05/10 22:05:00, 24.50, 24.09, 23.92, 30.20, 28.47, 0, 0, 4.35
2019/05/10 22:06:00, 24.50, 24.08, 23.91, 30.20, 28.50, 0, 0, 4.35
2019/05/10 22:07:00, 24.50, 24.11, 23.90, 30.26, 28.53, 0, 0, 4.35
2019/05/10 22:08:00, 24.50, 24.09, 23.91, 30.22, 28.53, 0, 0, 4.35
2019/05/10 22:09:00, 24.50, 24.07, 23.93, 30.28, 28.53, 0, 0, 4.35
2019/05/10 22:10:00, 24.50, 24.09, 23.90, 30.33, 28.58, 0, 0, 4.35
2019/05/10 22:11:00, 24.50, 24.11, 23.92, 30.26, 28.56, 0, 0, 4.35
2019/05/10 22:12:00, 24.50, 24.09, 23.91, 30.28, 28.55, 0, 0, 4.35
2019/05/10 22:13:00, 24.50, 24.11, 23.91, 30.27, 28.56, 0, 0, 4.35
2019/05/10 22:14:00, 24.50, 24.07, 23.91, 30.28, 28.56, 0, 0, 4.35
2019/05/10 22:15:00, 24.50, 24.08, 23.90, 30.27, 28.59, 0, 0, 4.35
2019/05/10 22:16:00, 24.50, 24.08, 23.91, 30.33, 28.61, 0, 0, 4.35
2019/05/10 22:17:00, 24.50, 24.05, 23.92, 30.34, 28.60, 0, 0, 4.35
2019/05/10 22:18:00, 24.50, 24.07, 23.89, 30.35, 28.62, 0, 0, 4.35
2019/05/10 22:19:00, 24.50, 24.11, 23.89, 30.29, 28.63, 0, 0, 4.35
2019/05/10 22:20:00, 24.50, 24.07, 23.90, 30.36, 28.62, 0, 0, 4.35
2019/05/10 22:21:00, 24.50, 24.08, 23.89, 30.38, 28.64, 0, 0, 4.35
2019/05/10 22:22:00, 24.50, 24.07, 23.89, 30.42, 28.66, 0, 0, 4.35
2019/05/10 22:23:00, 24.50, 24.07, 23.87, 30.32, 28.66, 0, 0, 4.35
2019/05/10 22:24:00, 24.50, 24.07, 23.88, 30.39, 28.69, 0, 0, 4.35
2019/05/10 22:25:00, 24.50, 24.07, 23.88, 30.42, 28.69, 0, 0, 4.35
2019/05/10 22:26:00, 24.50, 24.05, 23.89, 30.36, 28.69, 0, 0, 4.35
2019/05/10 22:27:00, 24.50, 24.07, 23.89, 30.42, 28.71, 0, 0, 4.35
2019/05/10 22:28:00, 24.50, 24.07, 23.91, 30.33, 28.69, 0, 0, 4.35
2019/05/10 22:29:00, 24.50, 24.07, 23.89, 30.39, 28.69, 0, 0, 4.35
2019/05/10 22:30:00, 24.50, 24.08, 23.89, 30.45, 28.69, 0, 0, 4.35
2019/05/10 22:31:00, 24.50, 24.07, 23.89, 30.45, 28.72, 0, 0, 4.35
2019/05/10 22:32:00, 24.50, 24.07, 23.88, 30.40, 28.71, 0, 0, 4.35
2019/05/10 22:33:00, 24.50, 24.08, 23.90, 30.38, 28.70, 0, 0, 4.35
2019/05/10 22:34:00, 24.50, 24.07, 23.90, 30.43, 28.72, 0, 0, 4.35
2019/05/10 22:35:00, 24.50, 24.04, 23.87, 30.43, 28.73, 0, 0, 4.35
2019/05/10 22:36:00, 24.50, 24.04, 23.90, 30.54, 28.79, 0, 0, 4.35
2019/05/10 22:37:00, 24.50, 24.04, 23.89, 30.51, 28.79, 0, 0, 4.35
2019/05/10 22:38:00, 24.50, 24.07, 23.88, 30.46, 28.77, 0, 0, 4.35
2019/05/10 22:39:00, 24.50, 24.04, 23.90, 30.46, 28.75, 0, 0, 4.35
2019/05/10 22:40:00, 24.50, 24.04, 23.89, 30.49, 28.78, 0, 0, 4.35
2019/05/10 22:41:00, 24.50, 24.05, 23.89, 30.49, 28.77, 0, 0, 4.35
2019/05/10 22:42:00, 24.50, 24.07, 23.88, 30.48, 28.79, 0, 0, 4.35
2019/05/10 22:43:00, 24.50, 24.05, 23.88, 30.48, 28.75, 0, 0, 4.35
2019/05/10 22:44:00, 24.50, 24.05, 23.88, 30.49, 28.75, 0, 0, 4.35
2019/05/10 22:45:00, 24.50, 24.05, 23.88, 30.49, 28.77, 0, 0, 4.35
2019/05/10 22:46:00, 24.50, 24.05, 23.87, 30.48, 28.80, 0, 0, 4.35
2019/05/10 22:47:00, 24.50, 24.05, 23.88, 30.49, 28.79, 0, 0, 4.35
2019/05/10 22:48:00, 24.50, 24.07, 23.89, 30.43, 28.79, 0, 0, 4.35
2019/05/10 22:49:00, 24.50, 24.07, 23.88, 30.51, 28.79, 0, 0, 4.35
2019/05/10 22:50:00, 24.50, 24.05, 23.88, 30.51, 28.81, 0, 0, 4.35
2019/05/10 22:51:00, 24.50, 24.04, 23.87, 30.54, 28.82, 0, 0, 4.35
2019/05/10 22:52:00, 24.50, 24.04, 23.86, 30.49, 28.80, 0, 0, 4.35
2019/05/10 22:53:00, 24.50, 24.05, 23.87, 30.54, 28.82, 0, 0, 4.35
2019/05/10 22:54:00, 24.50, 24.05, 23.88, 30.51, 28.83, 0, 0, 4.35
2019/05/10 22:55:00, 24.50, 24.05, 23.86, 30.54, 28.83, 0, 0, 4.35
2019/05/10 22:56:00, 24.50, 24.07, 23.89, 30.55, 28.85, 0, 0, 4.35
2019/05/10 22:57:00, 24.50, 24.04, 23.88, 30.57, 28.82, 0, 0, 4.35
2019/05/10 22:58:00, 24.50, 24.05, 23.87, 30.57, 28.85, 0, 0, 4.35
2019/05/10 22:59:00, 24.50, 24.04, 23.87, 30.60, 28.83, 0, 0, 4.35
2019/05/10 23:00:00, 24.50, 24.07, 23.88, 30.52, 28.83, 0, 0, 4.35
2019/05/10 23:01:00, 24.50, 24.04, 23.88, 30.52, 28.84, 0, 0, 4.35
2019/05/10 23:02:00, 24.50, 24.07, 23.88, 30.51, 28.84, 0, 0, 4.35
2019/05/10 23:03:00, 24.50, 24.07, 23.88, 30.58, 28.85, 0, 0, 4.35
2019/05/10 23:04:00, 24.50, 24.05, 23.88, 30.57, 28.86, 0, 0, 4.35
2019/05/10 23:05:00, 24.50, 24.07, 23.87, 30.52, 28.86, 0, 0, 4.35
2019/05/10 23:06:00, 24.50, 24.07, 23.89, 30.55, 28.85, 0, 0, 4.35
2019/05/10 23:07:00, 24.50, 24.05, 23.88, 30.63, 28.87, 0, 0, 4.35
2019/05/10 23:08:00, 24.50, 24.05, 23.89, 30.56, 28.88, 0, 0, 4.35
2019/05/10 23:09:00, 24.50, 24.05, 23.87, 30.60, 28.88, 0, 0, 4.35
2019/05/10 23:10:00, 24.50, 24.04, 23.87, 30.61, 28.89, 0, 0, 4.35
2019/05/10 23:11:00, 24.50, 24.05, 23.87, 30.61, 28.89, 0, 0, 4.35
2019/05/10 23:12:00, 24.50, 24.05, 23.88, 30.63, 28.90, 0, 0, 4.35
2019/05/10 23:13:00, 24.50, 24.04, 23.88, 30.55, 28.89, 0, 0, 4.35
2019/05/10 23:14:00, 24.50, 24.05, 23.87, 30.60, 28.89, 0, 0, 4.35
2019/05/10 23:15:00, 24.50, 24.05, 23.87, 30.64, 28.93, 0, 0, 4.35
2019/05/10 23:16:00, 24.50, 24.04, 23.89, 30.70, 28.95, 0, 0, 4.35
2019/05/10 23:17:00, 24.50, 24.04, 23.87, 30.71, 28.95, 0, 0, 4.35
2019/05/10 23:18:00, 24.50, 24.04, 23.86, 30.69, 28.95, 0, 0, 4.35
2019/05/10 23:19:00, 24.50, 24.05, 23.86, 30.65, 28.95, 0, 0, 4.35
2019/05/10 23:20:00, 24.50, 24.04, 23.88, 30.65, 28.96, 0, 0, 4.35
2019/05/10 23:21:00, 24.50, 24.04, 23.86, 30.60, 28.95, 0, 0, 4.35
2019/05/10 23:22:00, 24.50, 24.05, 23.86, 30.67, 28.97, 0, 0, 4.35
2019/05/10 23:23:00, 24.50, 24.07, 23.88, 30.67, 28.98, 0, 0, 4.35
2019/05/10 23:24:00, 24.50, 24.05, 23.88, 30.68, 28.95, 0, 0, 4.35
2019/05/10 23:25:00, 24.50, 24.05, 23.87, 30.70, 28.96, 0, 0, 4.35
2019/05/10 23:26:00, 24.50, 24.05, 23.87, 30.69, 28.98, 0, 0, 4.35
2019/05/10 23:27:00, 24.50, 24.05, 23.87, 30.71, 29.02, 0, 0, 4.35
2019/05/10 23:28:00, 24.50, 24.05, 23.87, 30.64, 29.01, 0, 0, 4.35
2019/05/10 23:29:00, 24.50, 24.05, 23.87, 30.68, 28.99, 0, 0, 4.35
2019/05/10 23:30:00, 24.50, 24.08, 23.88, 30.71, 28.98, 0, 0, 4.35
2019/05/10 23:31:00, 24.50, 24.05, 23.86, 30.69, 29.01, 0, 0, 4.35
2019/05/10 23:32:00, 24.50, 24.05, 23.87, 30.73, 28.99, 0, 0, 4.35
2019/05/10 23:33:00, 24.50, 24.02, 23.86, 30.71, 29.01, 0, 0, 4.35
2019/05/10 23:34:00, 24.50, 24.02, 23.86, 30.67, 29.00, 0, 0, 4.35
2019/05/10 23:35:00, 24.50, 24.05, 23.84, 30.71, 29.04, 0, 0, 4.35
2019/05/10 23:36:00, 24.50, 24.04, 23.88, 30.79, 29.04, 0, 0, 4.35
2019/05/10 23:37:00, 24.50, 24.05, 23.87, 30.73, 29.04, 0, 0, 4.35
2019/05/10 23:38:00, 24.50, 24.05, 23.86, 30.79, 29.04, 0, 0, 4.35
2019/05/10 23:39:00, 24.50, 24.02, 23.84, 30.80, 29.08, 0, 0, 4.35
2019/05/10 23:40:00, 24.50, 24.01, 23.84, 30.74, 29.08, 0, 0, 4.35
2019/05/10 23:41:00, 24.50, 24.05, 23.83, 30.80, 29.07, 0, 0, 4.35
2019/05/10 23:42:00, 24.50, 24.02, 23.88, 30.77, 29.07, 0, 0, 4.35
2019/05/10 23:43:00, 24.50, 24.04, 23.84, 30.74, 29.08, 0, 0, 4.35
2019/05/10 23:44:00, 24.50, 24.02, 23.86, 30.77, 29.12, 0, 0, 4.35
2019/05/10 23:45:00, 24.50, 24.02, 23.84, 30.86, 29.13, 0, 0, 4.35
2019/05/10 23:46:00, 24.50, 24.04, 23.86, 30.81, 29.11, 0, 0, 4.35
2019/05/10 23:47:00, 24.50, 24.04, 23.86, 30.81, 29.11, 0, 0, 4.35
