Data logger for tempereture and humidity.
Code, design, and soldering by Antti Mikkonen, a.mikkonen@iki.fi, 2019.
Based on open source projects and libraries. See source for details.
/home/ami/src/arduino/promini/logger_v8_ada/logger_v8_ada.ino
UTC time (year/month/date hour:minute:second), T RTC (C), T sht31 (C), T si7021 (C), RH sht31 (-), RH si7021 (-), heaterOn sht31 (bool),  heaterOn si7021 (bool), battery voltage (V)
2019/07/01 00:08:00, 23.75, 23.42, 23.19, 38.28, 37.93, 0, 0, 4.20
2019/07/01 00:09:00, 23.75, 23.39, 23.19, 38.25, 37.96, 0, 0, 4.20
2019/07/01 00:10:00, 23.75, 23.40, 23.18, 38.30, 37.97, 0, 0, 4.20
2019/07/01 00:11:00, 23.75, 23.40, 23.18, 38.31, 38.01, 0, 0, 4.20
2019/07/01 00:12:00, 23.75, 23.37, 23.16, 38.35, 38.04, 0, 0, 4.20
2019/07/01 00:13:00, 23.75, 23.39, 23.19, 38.40, 38.08, 0, 0, 4.20
2019/07/01 00:14:00, 23.75, 23.40, 23.18, 38.36, 38.10, 0, 0, 4.20
2019/07/01 00:15:00, 23.75, 23.39, 23.18, 38.41, 38.10, 0, 0, 4.20
2019/07/01 00:16:00, 23.75, 23.39, 23.18, 38.40, 38.14, 0, 0, 4.20
2019/07/01 00:17:00, 23.75, 23.40, 23.19, 38.44, 38.14, 0, 0, 4.20
2019/07/01 00:18:00, 23.75, 23.40, 23.19, 38.45, 38.15, 0, 0, 4.20
2019/07/01 00:19:00, 23.75, 23.39, 23.17, 38.45, 38.16, 0, 0, 4.20
2019/07/01 00:20:00, 23.75, 23.39, 23.18, 38.47, 38.19, 0, 0, 4.20
2019/07/01 00:21:00, 23.75, 23.37, 23.17, 38.49, 38.21, 0, 0, 4.20
2019/07/01 00:22:00, 23.75, 23.37, 23.18, 38.51, 38.25, 0, 0, 4.20
2019/07/01 00:23:00, 23.75, 23.37, 23.18, 38.56, 38.24, 0, 0, 4.20
2019/07/01 00:24:00, 23.75, 23.37, 23.16, 38.55, 38.27, 0, 0, 4.20
2019/07/01 00:25:00, 23.75, 23.37, 23.17, 38.56, 38.28, 0, 0, 4.20
2019/07/01 00:26:00, 23.75, 23.40, 23.18, 38.64, 38.31, 0, 0, 4.20
2019/07/01 00:27:00, 23.75, 23.37, 23.15, 38.59, 38.32, 0, 0, 4.20
2019/07/01 00:28:00, 23.75, 23.39, 23.15, 38.68, 38.34, 0, 0, 4.20
2019/07/01 00:29:00, 23.75, 23.37, 23.14, 38.65, 38.38, 0, 0, 4.20
2019/07/01 00:30:00, 23.75, 23.37, 23.16, 38.73, 38.40, 0, 0, 4.20
2019/07/01 00:31:00, 23.75, 23.36, 23.16, 38.78, 38.42, 0, 0, 4.20
2019/07/01 00:32:00, 23.75, 23.35, 23.16, 38.76, 38.44, 0, 0, 4.20
2019/07/01 00:33:00, 23.75, 23.35, 23.16, 38.84, 38.50, 0, 0, 4.20
2019/07/01 00:34:00, 23.75, 23.37, 23.17, 38.78, 38.50, 0, 0, 4.20
2019/07/01 00:35:00, 23.75, 23.36, 23.16, 38.81, 38.50, 0, 0, 4.20
2019/07/01 00:36:00, 23.75, 23.37, 23.15, 38.84, 38.52, 0, 0, 4.20
2019/07/01 00:37:00, 23.75, 23.35, 23.16, 38.88, 38.55, 0, 0, 4.20
2019/07/01 00:38:00, 23.75, 23.35, 23.14, 38.86, 38.56, 0, 0, 4.20
2019/07/01 00:39:00, 23.75, 23.35, 23.16, 38.92, 38.58, 0, 0, 4.20
2019/07/01 00:40:00, 23.75, 23.36, 23.17, 38.91, 38.60, 0, 0, 4.20
2019/07/01 00:41:00, 23.75, 23.36, 23.15, 38.94, 38.63, 0, 0, 4.20
2019/07/01 00:42:00, 23.75, 23.36, 23.13, 38.97, 38.63, 0, 0, 4.20
2019/07/01 00:43:00, 23.75, 23.35, 23.15, 38.93, 38.65, 0, 0, 4.20
2019/07/01 00:44:00, 23.75, 23.33, 23.15, 38.97, 38.67, 0, 0, 4.20
2019/07/01 00:45:00, 23.75, 23.35, 23.14, 39.02, 38.69, 0, 0, 4.20
2019/07/01 00:46:00, 23.75, 23.33, 23.15, 39.00, 38.70, 0, 0, 4.20
2019/07/01 00:47:00, 23.75, 23.35, 23.14, 39.01, 38.73, 0, 0, 4.20
2019/07/01 00:48:00, 23.75, 23.32, 23.13, 39.05, 38.74, 0, 0, 4.20
2019/07/01 00:49:00, 23.75, 23.33, 23.12, 39.10, 38.78, 0, 0, 4.20
2019/07/01 00:50:00, 23.75, 23.32, 23.13, 39.11, 38.81, 0, 0, 4.20
2019/07/01 00:51:00, 23.75, 23.32, 23.15, 39.10, 38.83, 0, 0, 4.20
2019/07/01 00:52:00, 23.75, 23.32, 23.12, 39.17, 38.82, 0, 0, 4.20
2019/07/01 00:53:00, 23.75, 23.30, 23.13, 39.11, 38.83, 0, 0, 4.20
2019/07/01 00:54:00, 23.75, 23.35, 23.10, 39.18, 38.86, 0, 0, 4.20
2019/07/01 00:55:00, 23.75, 23.33, 23.13, 39.20, 38.91, 0, 0, 4.20
2019/07/01 00:56:00, 23.75, 23.32, 23.09, 39.20, 38.89, 0, 0, 4.20
2019/07/01 00:57:00, 23.75, 23.32, 23.09, 39.19, 38.90, 0, 0, 4.20
2019/07/01 00:58:00, 23.75, 23.32, 23.10, 39.19, 38.91, 0, 0, 4.20
2019/07/01 00:59:00, 23.75, 23.30, 23.12, 39.25, 38.95, 0, 0, 4.20
2019/07/01 01:00:00, 23.75, 23.33, 23.10, 39.27, 38.97, 0, 0, 4.20
2019/07/01 01:01:00, 23.75, 23.30, 23.12, 39.31, 39.01, 0, 0, 4.20
2019/07/01 01:02:00, 23.75, 23.30, 23.12, 39.34, 39.02, 0, 0, 4.20
2019/07/01 01:03:00, 23.75, 23.33, 23.12, 39.35, 39.04, 0, 0, 4.20
2019/07/01 01:04:00, 23.75, 23.30, 23.10, 39.39, 39.07, 0, 0, 4.20
2019/07/01 01:05:00, 23.75, 23.30, 23.08, 39.35, 39.04, 0, 0, 4.20
2019/07/01 01:06:00, 23.75, 23.30, 23.08, 39.38, 39.07, 0, 0, 4.20
2019/07/01 01:07:00, 23.75, 23.29, 23.09, 39.40, 39.09, 0, 0, 4.20
2019/07/01 01:08:00, 23.75, 23.30, 23.09, 39.38, 39.09, 0, 0, 4.20
2019/07/01 01:09:00, 23.75, 23.30, 23.09, 39.38, 39.08, 0, 0, 4.20
2019/07/01 01:10:00, 23.75, 23.29, 23.09, 39.42, 39.11, 0, 0, 4.20
2019/07/01 01:11:00, 23.75, 23.29, 23.09, 39.44, 39.11, 0, 0, 4.20
2019/07/01 01:12:00, 23.75, 23.30, 23.09, 39.45, 39.16, 0, 0, 4.20
2019/07/01 01:13:00, 23.75, 23.30, 23.07, 39.51, 39.18, 0, 0, 4.20
2019/07/01 01:14:00, 23.75, 23.28, 23.08, 39.53, 39.22, 0, 0, 4.20
2019/07/01 01:15:00, 23.75, 23.28, 23.07, 39.52, 39.19, 0, 0, 4.20
2019/07/01 01:16:00, 23.75, 23.26, 23.09, 39.60, 39.23, 0, 0, 4.20
2019/07/01 01:17:00, 23.75, 23.30, 23.09, 39.56, 39.24, 0, 0, 4.20
2019/07/01 01:18:00, 23.75, 23.28, 23.07, 39.56, 39.26, 0, 0, 4.20
2019/07/01 01:19:00, 23.75, 23.28, 23.08, 39.59, 39.24, 0, 0, 4.20
2019/07/01 01:20:00, 23.75, 23.26, 23.07, 39.56, 39.27, 0, 0, 4.20
2019/07/01 01:21:00, 23.75, 23.29, 23.06, 39.67, 39.31, 0, 0, 4.20
2019/07/01 01:22:00, 23.75, 23.28, 23.08, 39.63, 39.31, 0, 0, 4.20
2019/07/01 01:23:00, 23.75, 23.29, 23.06, 39.65, 39.32, 0, 0, 4.20
2019/07/01 01:24:00, 23.75, 23.29, 23.06, 39.69, 39.34, 0, 0, 4.20
2019/07/01 01:25:00, 23.75, 23.28, 23.05, 39.67, 39.35, 0, 0, 4.20
2019/07/01 01:26:00, 23.75, 23.28, 23.06, 39.71, 39.38, 0, 0, 4.20
2019/07/01 01:27:00, 23.75, 23.26, 23.06, 39.71, 39.39, 0, 0, 4.20
2019/07/01 01:28:00, 23.75, 23.28, 23.06, 39.70, 39.40, 0, 0, 4.20
2019/07/01 01:29:00, 23.75, 23.28, 23.05, 39.80, 39.42, 0, 0, 4.20
2019/07/01 01:30:00, 23.75, 23.28, 23.06, 39.80, 39.46, 0, 0, 4.20
2019/07/01 01:31:00, 23.75, 23.28, 23.05, 39.82, 39.46, 0, 0, 4.20
2019/07/01 01:32:00, 23.75, 23.28, 23.07, 39.87, 39.50, 0, 0, 4.20
2019/07/01 01:33:00, 23.75, 23.26, 23.05, 39.84, 39.52, 0, 0, 4.20
2019/07/01 01:34:00, 23.75, 23.25, 23.04, 39.82, 39.50, 0, 0, 4.20
2019/07/01 01:35:00, 23.75, 23.26, 23.05, 39.84, 39.49, 0, 0, 4.20
2019/07/01 01:36:00, 23.75, 23.25, 23.03, 39.84, 39.53, 0, 0, 4.20
2019/07/01 01:37:00, 23.75, 23.26, 23.04, 39.90, 39.56, 0, 0, 4.20
2019/07/01 01:38:00, 23.75, 23.24, 23.05, 39.93, 39.59, 0, 0, 4.20
2019/07/01 01:39:00, 23.75, 23.24, 23.04, 39.98, 39.60, 0, 0, 4.20
2019/07/01 01:40:00, 23.75, 23.26, 23.05, 39.94, 39.60, 0, 0, 4.20
2019/07/01 01:41:00, 23.75, 23.26, 23.04, 40.00, 39.61, 0, 0, 4.20
2019/07/01 01:42:00, 23.75, 23.26, 23.03, 39.96, 39.61, 0, 0, 4.20
2019/07/01 01:43:00, 23.75, 23.26, 23.02, 39.97, 39.64, 0, 0, 4.20
2019/07/01 01:44:00, 23.75, 23.25, 23.05, 40.00, 39.65, 0, 0, 4.20
2019/07/01 01:45:00, 23.75, 23.26, 23.03, 40.01, 39.66, 0, 0, 4.20
2019/07/01 01:46:00, 23.75, 23.22, 23.04, 39.98, 39.67, 0, 0, 4.20
2019/07/01 01:47:00, 23.75, 23.25, 23.04, 40.00, 39.68, 0, 0, 4.20
2019/07/01 01:48:00, 23.75, 23.25, 23.04, 40.02, 39.67, 0, 0, 4.20
2019/07/01 01:49:00, 23.75, 23.24, 23.03, 40.00, 39.70, 0, 0, 4.20
2019/07/01 01:50:00, 23.75, 23.22, 23.02, 40.02, 39.70, 0, 0, 4.20
2019/07/01 01:51:00, 23.75, 23.25, 23.02, 40.08, 39.72, 0, 0, 4.20
2019/07/01 01:52:00, 23.75, 23.24, 23.03, 40.07, 39.73, 0, 0, 4.20
2019/07/01 01:53:00, 23.75, 23.24, 23.00, 40.07, 39.73, 0, 0, 4.20
2019/07/01 01:54:00, 23.75, 23.25, 23.02, 40.09, 39.76, 0, 0, 4.20
2019/07/01 01:55:00, 23.75, 23.22, 23.03, 40.10, 39.77, 0, 0, 4.20
2019/07/01 01:56:00, 23.75, 23.21, 23.03, 40.12, 39.77, 0, 0, 4.20
2019/07/01 01:57:00, 23.75, 23.25, 23.03, 40.10, 39.79, 0, 0, 4.20
2019/07/01 01:58:00, 23.75, 23.22, 23.02, 40.15, 39.82, 0, 0, 4.20
2019/07/01 01:59:00, 23.50, 23.22, 23.02, 40.11, 39.80, 0, 0, 4.20
2019/07/01 02:00:00, 23.75, 23.24, 23.03, 40.07, 39.77, 0, 0, 4.20
2019/07/01 02:01:00, 23.75, 23.24, 23.02, 40.13, 39.77, 0, 0, 4.20
2019/07/01 02:02:00, 23.75, 23.22, 23.02, 40.14, 39.78, 0, 0, 4.20
2019/07/01 02:03:00, 23.75, 23.22, 23.00, 40.10, 39.79, 0, 0, 4.20
2019/07/01 02:04:00, 23.50, 23.24, 23.03, 40.13, 39.78, 0, 0, 4.20
2019/07/01 02:05:00, 23.50, 23.24, 23.03, 40.11, 39.79, 0, 0, 4.20
2019/07/01 02:06:00, 23.50, 23.24, 23.00, 40.10, 39.77, 0, 0, 4.20
2019/07/01 02:07:00, 23.50, 23.22, 23.01, 40.12, 39.79, 0, 0, 4.20
2019/07/01 02:08:00, 23.75, 23.19, 23.02, 40.13, 39.79, 0, 0, 4.20
2019/07/01 02:09:00, 23.50, 23.19, 23.01, 40.13, 39.82, 0, 0, 4.20
2019/07/01 02:10:00, 23.50, 23.21, 23.01, 40.14, 39.81, 0, 0, 4.20
2019/07/01 02:11:00, 23.50, 23.21, 23.00, 40.17, 39.82, 0, 0, 4.20
2019/07/01 02:12:00, 23.50, 23.21, 23.00, 40.14, 39.82, 0, 0, 4.20
2019/07/01 02:13:00, 23.50, 23.19, 22.99, 40.19, 39.82, 0, 0, 4.20
2019/07/01 02:14:00, 23.50, 23.21, 22.99, 40.16, 39.82, 0, 0, 4.20
2019/07/01 02:15:00, 23.50, 23.22, 23.01, 40.20, 39.84, 0, 0, 4.20
2019/07/01 02:16:00, 23.50, 23.22, 23.00, 40.15, 39.82, 0, 0, 4.20
2019/07/01 02:17:00, 23.50, 23.19, 23.01, 40.18, 39.82, 0, 0, 4.20
2019/07/01 02:18:00, 23.50, 23.19, 22.99, 40.18, 39.85, 0, 0, 4.20
2019/07/01 02:19:00, 23.50, 23.21, 22.97, 40.15, 39.82, 0, 0, 4.20
2019/07/01 02:20:00, 23.50, 23.22, 23.01, 40.18, 39.82, 0, 0, 4.20
2019/07/01 02:21:00, 23.50, 23.19, 22.99, 40.15, 39.85, 0, 0, 4.20
2019/07/01 02:22:00, 23.50, 23.21, 22.99, 40.16, 39.84, 0, 0, 4.20
2019/07/01 02:23:00, 23.50, 23.19, 23.00, 40.16, 39.84, 0, 0, 4.20
2019/07/01 02:24:00, 23.50, 23.21, 22.99, 40.19, 39.82, 0, 0, 4.20
2019/07/01 02:25:00, 23.50, 23.21, 22.99, 40.20, 39.84, 0, 0, 4.20
2019/07/01 02:26:00, 23.50, 23.19, 22.98, 40.15, 39.86, 0, 0, 4.20
2019/07/01 02:27:00, 23.50, 23.22, 22.97, 40.18, 39.86, 0, 0, 4.20
2019/07/01 02:28:00, 23.50, 23.21, 22.99, 40.16, 39.82, 0, 0, 4.20
2019/07/01 02:29:00, 23.50, 23.19, 22.99, 40.16, 39.83, 0, 0, 4.20
2019/07/01 02:30:00, 23.50, 23.19, 22.99, 40.19, 39.82, 0, 0, 4.20
2019/07/01 02:31:00, 23.50, 23.18, 22.98, 40.19, 39.84, 0, 0, 4.20
2019/07/01 02:32:00, 23.50, 23.18, 22.98, 40.16, 39.83, 0, 0, 4.20
2019/07/01 02:33:00, 23.50, 23.19, 22.94, 40.16, 39.86, 0, 0, 4.20
2019/07/01 02:34:00, 23.50, 23.21, 22.99, 40.23, 39.86, 0, 0, 4.20
2019/07/01 02:35:00, 23.50, 23.18, 22.98, 40.24, 39.86, 0, 0, 4.20
2019/07/01 02:36:00, 23.50, 23.21, 22.98, 40.23, 39.89, 0, 0, 4.20
2019/07/01 02:37:00, 23.50, 23.18, 22.95, 40.24, 39.90, 0, 0, 4.20
2019/07/01 02:38:00, 23.50, 23.18, 22.95, 40.16, 39.86, 0, 0, 4.20
2019/07/01 02:39:00, 23.50, 23.18, 22.99, 40.19, 39.88, 0, 0, 4.20
2019/07/01 02:40:00, 23.50, 23.19, 22.95, 40.21, 39.89, 0, 0, 4.20
2019/07/01 02:41:00, 23.50, 23.18, 22.97, 40.20, 39.91, 0, 0, 4.20
2019/07/01 02:42:00, 23.50, 23.16, 22.99, 40.21, 39.86, 0, 0, 4.20
2019/07/01 02:43:00, 23.50, 23.19, 22.97, 40.25, 39.87, 0, 0, 4.20
2019/07/01 02:44:00, 23.50, 23.19, 22.98, 40.24, 39.87, 0, 0, 4.20
2019/07/01 02:45:00, 23.50, 23.18, 22.95, 40.25, 39.91, 0, 0, 4.20
2019/07/01 02:46:00, 23.50, 23.16, 22.99, 40.24, 39.92, 0, 0, 4.20
2019/07/01 02:47:00, 23.50, 23.18, 22.97, 40.26, 39.92, 0, 0, 4.20
2019/07/01 02:48:00, 23.50, 23.19, 22.95, 40.26, 39.92, 0, 0, 4.20
2019/07/01 02:49:00, 23.50, 23.16, 22.94, 40.23, 39.92, 0, 0, 4.20
2019/07/01 02:50:00, 23.50, 23.18, 22.94, 40.24, 39.94, 0, 0, 4.20
2019/07/01 02:51:00, 23.50, 23.12, 22.94, 40.27, 39.95, 0, 0, 4.20
2019/07/01 02:52:00, 23.50, 23.15, 22.94, 40.29, 39.93, 0, 0, 4.20
2019/07/01 02:53:00, 23.50, 23.16, 22.94, 40.28, 39.97, 0, 0, 4.20
2019/07/01 02:54:00, 23.50, 23.15, 22.93, 40.35, 40.00, 0, 0, 4.20
2019/07/01 02:55:00, 23.50, 23.16, 22.93, 40.33, 39.99, 0, 0, 4.20
2019/07/01 02:56:00, 23.50, 23.18, 22.93, 40.30, 39.98, 0, 0, 4.20
2019/07/01 02:57:00, 23.50, 23.15, 22.93, 40.31, 39.98, 0, 0, 4.20
2019/07/01 02:58:00, 23.50, 23.15, 22.94, 40.34, 40.01, 0, 0, 4.20
2019/07/01 02:59:00, 23.50, 23.18, 22.93, 40.33, 40.02, 0, 0, 4.20
2019/07/01 03:00:00, 23.50, 23.14, 22.95, 40.34, 40.01, 0, 0, 4.20
2019/07/01 03:01:00, 23.50, 23.15, 22.92, 40.36, 40.02, 0, 0, 4.20
2019/07/01 03:02:00, 23.50, 23.14, 22.93, 40.36, 40.03, 0, 0, 4.20
2019/07/01 03:03:00, 23.50, 23.14, 22.92, 40.34, 40.03, 0, 0, 4.20
2019/07/01 03:04:00, 23.50, 23.14, 22.93, 40.34, 40.04, 0, 0, 4.20
2019/07/01 03:05:00, 23.50, 23.15, 22.94, 40.41, 40.05, 0, 0, 4.20
2019/07/01 03:06:00, 23.50, 23.15, 22.92, 40.39, 40.06, 0, 0, 4.20
2019/07/01 03:07:00, 23.50, 23.14, 22.90, 40.39, 40.08, 0, 0, 4.20
2019/07/01 03:08:00, 23.50, 23.15, 22.91, 40.41, 40.06, 0, 0, 4.20
2019/07/01 03:09:00, 23.50, 23.11, 22.91, 40.38, 40.06, 0, 0, 4.20
2019/07/01 03:10:00, 23.50, 23.12, 22.89, 40.45, 40.08, 0, 0, 4.20
2019/07/01 03:11:00, 23.50, 23.12, 22.91, 40.45, 40.09, 0, 0, 4.20
2019/07/01 03:12:00, 23.50, 23.14, 22.92, 40.46, 40.11, 0, 0, 4.20
2019/07/01 03:13:00, 23.50, 23.14, 22.93, 40.40, 40.08, 0, 0, 4.20
2019/07/01 03:14:00, 23.50, 23.14, 22.92, 40.40, 40.07, 0, 0, 4.20
2019/07/01 03:15:00, 23.50, 23.09, 22.90, 40.41, 40.06, 0, 0, 4.20
2019/07/01 03:16:00, 23.50, 23.11, 22.91, 40.37, 40.06, 0, 0, 4.20
2019/07/01 03:17:00, 23.50, 23.12, 22.91, 40.39, 40.08, 0, 0, 4.20
2019/07/01 03:18:00, 23.50, 23.12, 22.90, 40.41, 40.08, 0, 0, 4.20
2019/07/01 03:19:00, 23.50, 23.12, 22.92, 40.39, 40.09, 0, 0, 4.20
2019/07/01 03:20:00, 23.50, 23.14, 22.88, 40.38, 40.08, 0, 0, 4.20
2019/07/01 03:21:00, 23.50, 23.11, 22.91, 40.37, 40.04, 0, 0, 4.20
2019/07/01 03:22:00, 23.50, 23.09, 22.90, 40.38, 40.05, 0, 0, 4.20
2019/07/01 03:23:00, 23.50, 23.12, 22.90, 40.34, 40.06, 0, 0, 4.20
2019/07/01 03:24:00, 23.50, 23.09, 22.89, 40.35, 40.05, 0, 0, 4.20
2019/07/01 03:25:00, 23.50, 23.12, 22.91, 40.42, 40.04, 0, 0, 4.20
2019/07/01 03:26:00, 23.50, 23.14, 22.89, 40.35, 40.04, 0, 0, 4.20
2019/07/01 03:27:00, 23.50, 23.11, 22.90, 40.35, 40.05, 0, 0, 4.20
2019/07/01 03:28:00, 23.50, 23.12, 22.90, 40.39, 40.04, 0, 0, 4.20
2019/07/01 03:29:00, 23.50, 23.08, 22.90, 40.38, 40.05, 0, 0, 4.20
2019/07/01 03:30:00, 23.50, 23.09, 22.89, 40.36, 40.06, 0, 0, 4.20
2019/07/01 03:31:00, 23.50, 23.09, 22.89, 40.40, 40.09, 0, 0, 4.20
2019/07/01 03:32:00, 23.50, 23.11, 22.87, 40.39, 40.06, 0, 0, 4.20
2019/07/01 03:33:00, 23.50, 23.08, 22.86, 40.34, 40.05, 0, 0, 4.20
2019/07/01 03:34:00, 23.50, 23.06, 22.87, 40.42, 40.06, 0, 0, 4.20
2019/07/01 03:35:00, 23.50, 23.09, 22.87, 40.42, 40.06, 0, 0, 4.20
2019/07/01 03:36:00, 23.50, 23.08, 22.87, 40.42, 40.08, 0, 0, 4.20
2019/07/01 03:37:00, 23.50, 23.08, 22.87, 40.40, 40.07, 0, 0, 4.20
2019/07/01 03:38:00, 23.50, 23.08, 22.88, 40.46, 40.09, 0, 0, 4.20
2019/07/01 03:39:00, 23.50, 23.12, 22.88, 40.42, 40.09, 0, 0, 4.20
2019/07/01 03:40:00, 23.50, 23.06, 22.87, 40.44, 40.11, 0, 0, 4.20
2019/07/01 03:41:00, 23.50, 23.09, 22.87, 40.50, 40.11, 0, 0, 4.20
2019/07/01 03:42:00, 23.50, 23.09, 22.87, 40.44, 40.11, 0, 0, 4.20
2019/07/01 03:43:00, 23.50, 23.08, 22.87, 40.47, 40.12, 0, 0, 4.20
2019/07/01 03:44:00, 23.50, 23.08, 22.88, 40.46, 40.11, 0, 0, 4.20
2019/07/01 03:45:00, 23.50, 23.09, 22.86, 40.45, 40.13, 0, 0, 4.20
2019/07/01 03:46:00, 23.50, 23.05, 22.87, 40.41, 40.14, 0, 0, 4.20
2019/07/01 03:47:00, 23.50, 23.06, 22.86, 40.46, 40.12, 0, 0, 4.20
2019/07/01 03:48:00, 23.50, 23.06, 22.86, 40.47, 40.12, 0, 0, 4.20
2019/07/01 03:49:00, 23.50, 23.03, 22.84, 40.52, 40.16, 0, 0, 4.20
2019/07/01 03:50:00, 23.50, 23.05, 22.85, 40.53, 40.18, 0, 0, 4.20
2019/07/01 03:51:00, 23.50, 23.06, 22.86, 40.53, 40.21, 0, 0, 4.20
2019/07/01 03:52:00, 23.50, 23.08, 22.84, 40.49, 40.21, 0, 0, 4.20
2019/07/01 03:53:00, 23.50, 23.05, 22.82, 40.52, 40.18, 0, 0, 4.20
2019/07/01 03:54:00, 23.50, 23.05, 22.84, 40.53, 40.22, 0, 0, 4.20
2019/07/01 03:55:00, 23.50, 23.05, 22.83, 40.53, 40.20, 0, 0, 4.20
2019/07/01 03:56:00, 23.50, 23.03, 22.86, 40.55, 40.22, 0, 0, 4.20
2019/07/01 03:57:00, 23.50, 23.03, 22.84, 40.57, 40.24, 0, 0, 4.20
2019/07/01 03:58:00, 23.50, 23.03, 22.83, 40.58, 40.24, 0, 0, 4.20
2019/07/01 03:59:00, 23.50, 23.03, 22.85, 40.56, 40.24, 0, 0, 4.20
2019/07/01 04:00:00, 23.50, 23.06, 22.83, 40.58, 40.24, 0, 0, 4.20
2019/07/01 04:01:00, 23.50, 23.03, 22.83, 40.58, 40.24, 0, 0, 4.20
2019/07/01 04:02:00, 23.50, 23.05, 22.84, 40.57, 40.24, 0, 0, 4.20
2019/07/01 04:03:00, 23.50, 23.01, 22.83, 40.57, 40.23, 0, 0, 4.20
2019/07/01 04:04:00, 23.50, 23.05, 22.84, 40.58, 40.24, 0, 0, 4.20
2019/07/01 04:05:00, 23.50, 23.02, 22.83, 40.62, 40.28, 0, 0, 4.20
2019/07/01 04:06:00, 23.50, 23.05, 22.83, 40.68, 40.31, 0, 0, 4.20
2019/07/01 04:07:00, 23.50, 23.02, 22.83, 40.61, 40.27, 0, 0, 4.20
2019/07/01 04:08:00, 23.50, 23.01, 22.82, 40.66, 40.28, 0, 0, 4.20
2019/07/01 04:09:00, 23.50, 23.02, 22.83, 40.73, 40.33, 0, 0, 4.20
2019/07/01 04:10:00, 23.50, 23.05, 22.79, 40.69, 40.34, 0, 0, 4.20
2019/07/01 04:11:00, 23.50, 23.01, 22.80, 40.66, 40.34, 0, 0, 4.20
2019/07/01 04:12:00, 23.50, 22.99, 22.79, 40.73, 40.36, 0, 0, 4.20
2019/07/01 04:13:00, 23.50, 23.02, 22.80, 40.74, 40.37, 0, 0, 4.20
2019/07/01 04:14:00, 23.50, 23.02, 22.80, 40.77, 40.39, 0, 0, 4.20
2019/07/01 04:15:00, 23.50, 23.01, 22.80, 40.74, 40.37, 0, 0, 4.20
2019/07/01 04:16:00, 23.50, 23.03, 22.79, 40.72, 40.40, 0, 0, 4.20
2019/07/01 04:17:00, 23.50, 22.99, 22.80, 40.78, 40.39, 0, 0, 4.20
2019/07/01 04:18:00, 23.50, 23.01, 22.80, 40.75, 40.39, 0, 0, 4.20
2019/07/01 04:19:00, 23.50, 22.99, 22.78, 40.74, 40.42, 0, 0, 4.20
2019/07/01 04:20:00, 23.50, 23.01, 22.79, 40.76, 40.44, 0, 0, 4.20
2019/07/01 04:21:00, 23.50, 23.01, 22.80, 40.78, 40.41, 0, 0, 4.20
2019/07/01 04:22:00, 23.50, 22.98, 22.80, 40.89, 40.48, 0, 0, 4.20
2019/07/01 04:23:00, 23.50, 22.99, 22.80, 40.77, 40.46, 0, 0, 4.20
2019/07/01 04:24:00, 23.50, 22.99, 22.79, 40.82, 40.50, 0, 0, 4.20
2019/07/01 04:25:00, 23.50, 22.99, 22.79, 40.83, 40.53, 0, 0, 4.20
2019/07/01 04:26:00, 23.50, 22.99, 22.77, 40.85, 40.49, 0, 0, 4.20
2019/07/01 04:27:00, 23.50, 23.01, 22.78, 40.85, 40.49, 0, 0, 4.20
2019/07/01 04:28:00, 23.50, 22.99, 22.78, 40.85, 40.50, 0, 0, 4.20
2019/07/01 04:29:00, 23.50, 22.99, 22.76, 40.85, 40.51, 0, 0, 4.20
2019/07/01 04:30:00, 23.50, 22.98, 22.76, 40.83, 40.50, 0, 0, 4.20
2019/07/01 04:31:00, 23.50, 22.99, 22.76, 40.90, 40.55, 0, 0, 4.20
2019/07/01 04:32:00, 23.50, 22.99, 22.77, 41.01, 40.58, 0, 0, 4.20
2019/07/01 04:33:00, 23.50, 22.99, 22.77, 40.91, 40.54, 0, 0, 4.20
2019/07/01 04:34:00, 23.50, 22.98, 22.76, 40.94, 40.59, 0, 0, 4.20
2019/07/01 04:35:00, 23.50, 22.98, 22.77, 40.98, 40.60, 0, 0, 4.20
2019/07/01 04:36:00, 23.50, 22.98, 22.77, 40.92, 40.62, 0, 0, 4.20
2019/07/01 04:37:00, 23.50, 22.99, 22.76, 41.00, 40.63, 0, 0, 4.20
2019/07/01 04:38:00, 23.50, 22.97, 22.75, 41.03, 40.66, 0, 0, 4.20
2019/07/01 04:39:00, 23.50, 22.99, 22.76, 41.04, 40.67, 0, 0, 4.20
2019/07/01 04:40:00, 23.50, 22.99, 22.75, 41.04, 40.69, 0, 0, 4.20
2019/07/01 04:41:00, 23.50, 22.95, 22.75, 40.99, 40.66, 0, 0, 4.20
2019/07/01 04:42:00, 23.50, 22.97, 22.74, 41.04, 40.69, 0, 0, 4.20
2019/07/01 04:43:00, 23.50, 22.98, 22.75, 41.04, 40.68, 0, 0, 4.20
2019/07/01 04:44:00, 23.50, 22.97, 22.75, 41.04, 40.71, 0, 0, 4.20
2019/07/01 04:45:00, 23.50, 22.98, 22.77, 41.12, 40.73, 0, 0, 4.20
2019/07/01 04:46:00, 23.50, 22.98, 22.75, 41.01, 40.69, 0, 0, 4.20
2019/07/01 04:47:00, 23.50, 22.95, 22.74, 41.04, 40.72, 0, 0, 4.20
2019/07/01 04:48:00, 23.50, 22.97, 22.76, 41.08, 40.76, 0, 0, 4.20
2019/07/01 04:49:00, 23.50, 22.95, 22.76, 41.11, 40.76, 0, 0, 4.20
2019/07/01 04:50:00, 23.50, 22.98, 22.75, 41.12, 40.77, 0, 0, 4.20
2019/07/01 04:51:00, 23.25, 22.98, 22.76, 41.11, 40.76, 0, 0, 4.20
2019/07/01 04:52:00, 23.25, 22.97, 22.74, 41.13, 40.77, 0, 0, 4.20
2019/07/01 04:53:00, 23.50, 22.94, 22.74, 41.14, 40.79, 0, 0, 4.20
2019/07/01 04:54:00, 23.25, 22.95, 22.74, 41.12, 40.78, 0, 0, 4.20
2019/07/01 04:55:00, 23.25, 22.95, 22.76, 41.17, 40.79, 0, 0, 4.20
2019/07/01 04:56:00, 23.50, 22.97, 22.75, 41.16, 40.80, 0, 0, 4.20
2019/07/01 04:57:00, 23.50, 22.95, 22.75, 41.22, 40.85, 0, 0, 4.20
2019/07/01 04:58:00, 23.25, 22.97, 22.74, 41.20, 40.83, 0, 0, 4.20
2019/07/01 04:59:00, 23.25, 22.94, 22.73, 41.23, 40.85, 0, 0, 4.20
2019/07/01 05:00:00, 23.25, 22.97, 22.76, 41.28, 40.89, 0, 0, 4.20
2019/07/01 05:01:00, 23.25, 22.97, 22.74, 41.24, 40.87, 0, 0, 4.20
2019/07/01 05:02:00, 23.25, 22.97, 22.76, 41.26, 40.88, 0, 0, 4.20
2019/07/01 05:03:00, 23.25, 22.97, 22.74, 41.27, 40.91, 0, 0, 4.20
2019/07/01 05:04:00, 23.50, 22.98, 22.75, 41.25, 40.91, 0, 0, 4.20
2019/07/01 05:05:00, 23.50, 22.95, 22.74, 41.26, 40.88, 0, 0, 4.20
2019/07/01 05:06:00, 23.25, 22.97, 22.74, 41.20, 40.89, 0, 0, 4.20
2019/07/01 05:07:00, 23.25, 22.95, 22.76, 41.32, 40.92, 0, 0, 4.20
2019/07/01 05:08:00, 23.25, 22.98, 22.76, 41.34, 40.93, 0, 0, 4.20
2019/07/01 05:09:00, 23.25, 22.97, 22.74, 41.29, 40.92, 0, 0, 4.20
2019/07/01 05:10:00, 23.25, 22.97, 22.74, 41.39, 40.96, 0, 0, 4.20
2019/07/01 05:11:00, 23.25, 22.97, 22.73, 41.32, 40.98, 0, 0, 4.20
2019/07/01 05:12:00, 23.25, 22.94, 22.74, 41.32, 40.98, 0, 0, 4.20
2019/07/01 05:13:00, 23.25, 22.95, 22.74, 41.39, 40.98, 0, 0, 4.20
2019/07/01 05:14:00, 23.25, 22.94, 22.74, 41.41, 41.01, 0, 0, 4.20
2019/07/01 05:15:00, 23.25, 22.97, 22.74, 41.45, 41.05, 0, 0, 4.20
2019/07/01 05:16:00, 23.25, 22.97, 22.75, 41.48, 41.08, 0, 0, 4.20
2019/07/01 05:17:00, 23.25, 22.97, 22.74, 41.48, 41.07, 0, 0, 4.20
2019/07/01 05:18:00, 23.25, 22.95, 22.72, 41.53, 41.08, 0, 0, 4.20
2019/07/01 05:19:00, 23.25, 22.94, 22.74, 41.52, 41.14, 0, 0, 4.20
2019/07/01 05:20:00, 23.25, 22.94, 22.75, 41.49, 41.11, 0, 0, 4.20
2019/07/01 05:21:00, 23.25, 22.95, 22.73, 41.51, 41.11, 0, 0, 4.20
2019/07/01 05:22:00, 23.25, 22.94, 22.73, 41.52, 41.14, 0, 0, 4.20
2019/07/01 05:23:00, 23.25, 22.97, 22.75, 41.55, 41.15, 0, 0, 4.20
2019/07/01 05:24:00, 23.25, 22.97, 22.74, 41.57, 41.18, 0, 0, 4.20
2019/07/01 05:25:00, 23.25, 22.97, 22.74, 41.57, 41.19, 0, 0, 4.20
2019/07/01 05:26:00, 23.25, 22.97, 22.73, 41.58, 41.19, 0, 0, 4.20
2019/07/01 05:27:00, 23.25, 22.94, 22.75, 41.60, 41.19, 0, 0, 4.20
2019/07/01 05:28:00, 23.25, 22.97, 22.74, 41.65, 41.22, 0, 0, 4.20
2019/07/01 05:29:00, 23.25, 22.97, 22.74, 41.63, 41.21, 0, 0, 4.20
2019/07/01 05:30:00, 23.25, 22.97, 22.73, 41.58, 41.21, 0, 0, 4.20
2019/07/01 05:31:00, 23.25, 22.97, 22.75, 41.64, 41.24, 0, 0, 4.20
2019/07/01 05:32:00, 23.25, 22.97, 22.73, 41.68, 41.27, 0, 0, 4.20
2019/07/01 05:33:00, 23.25, 22.97, 22.75, 41.72, 41.31, 0, 0, 4.20
2019/07/01 05:34:00, 23.25, 22.95, 22.74, 41.68, 41.32, 0, 0, 4.20
2019/07/01 05:35:00, 23.25, 22.97, 22.73, 41.71, 41.33, 0, 0, 4.20
2019/07/01 05:36:00, 23.25, 22.95, 22.74, 41.74, 41.32, 0, 0, 4.20
2019/07/01 05:37:00, 23.25, 22.94, 22.74, 41.65, 41.33, 0, 0, 4.20
2019/07/01 05:38:00, 23.25, 22.95, 22.75, 41.74, 41.35, 0, 0, 4.20
2019/07/01 05:39:00, 23.25, 22.97, 22.76, 41.78, 41.37, 0, 0, 4.20
2019/07/01 05:40:00, 23.25, 22.97, 22.74, 41.78, 41.37, 0, 0, 4.20
2019/07/01 05:41:00, 23.25, 22.98, 22.75, 41.81, 41.41, 0, 0, 4.20
2019/07/01 05:42:00, 23.25, 22.97, 22.75, 41.88, 41.44, 0, 0, 4.20
2019/07/01 05:43:00, 23.25, 22.97, 22.74, 41.87, 41.43, 0, 0, 4.20
2019/07/01 05:44:00, 23.25, 22.97, 22.76, 41.87, 41.47, 0, 0, 4.20
2019/07/01 05:45:00, 23.25, 22.97, 22.76, 41.92, 41.48, 0, 0, 4.20
2019/07/01 05:46:00, 23.25, 22.95, 22.74, 41.91, 41.48, 0, 0, 4.20
2019/07/01 05:47:00, 23.25, 22.97, 22.74, 41.95, 41.50, 0, 0, 4.20
2019/07/01 05:48:00, 23.25, 22.92, 22.75, 41.92, 41.50, 0, 0, 4.20
2019/07/01 05:49:00, 23.25, 22.94, 22.75, 41.92, 41.53, 0, 0, 4.20
2019/07/01 05:50:00, 23.25, 22.95, 22.76, 41.98, 41.56, 0, 0, 4.20
2019/07/01 05:51:00, 23.25, 22.95, 22.75, 41.98, 41.57, 0, 0, 4.20
2019/07/01 05:52:00, 23.25, 22.97, 22.75, 42.01, 41.59, 0, 0, 4.20
2019/07/01 05:53:00, 23.25, 22.97, 22.75, 42.04, 41.63, 0, 0, 4.20
2019/07/01 05:54:00, 23.25, 22.97, 22.74, 42.06, 41.64, 0, 0, 4.20
2019/07/01 05:55:00, 23.25, 22.97, 22.76, 42.04, 41.62, 0, 0, 4.20
2019/07/01 05:56:00, 23.25, 22.97, 22.75, 42.05, 41.63, 0, 0, 4.20
2019/07/01 05:57:00, 23.25, 22.94, 22.74, 42.05, 41.65, 0, 0, 4.20
2019/07/01 05:58:00, 23.25, 22.97, 22.75, 42.07, 41.68, 0, 0, 4.20
2019/07/01 05:59:00, 23.25, 22.97, 22.77, 42.10, 41.71, 0, 0, 4.20
2019/07/01 06:00:00, 23.25, 22.98, 22.75, 42.15, 41.73, 0, 0, 4.20
2019/07/01 06:01:00, 23.25, 23.01, 22.76, 42.18, 41.73, 0, 0, 4.20
2019/07/01 06:02:00, 23.25, 22.98, 22.76, 42.18, 41.76, 0, 0, 4.20
2019/07/01 06:03:00, 23.25, 23.01, 22.77, 42.19, 41.76, 0, 0, 4.20
2019/07/01 06:04:00, 23.25, 22.98, 22.78, 42.18, 41.76, 0, 0, 4.20
2019/07/01 06:05:00, 23.25, 23.01, 22.79, 42.15, 41.79, 0, 0, 4.20
2019/07/01 06:06:00, 23.25, 22.99, 22.78, 42.22, 41.79, 0, 0, 4.20
2019/07/01 06:07:00, 23.25, 22.99, 22.79, 42.25, 41.83, 0, 0, 4.20
2019/07/01 06:08:00, 23.25, 23.01, 22.80, 42.26, 41.82, 0, 0, 4.20
2019/07/01 06:09:00, 23.25, 23.02, 22.83, 42.29, 41.81, 0, 0, 4.20
2019/07/01 06:10:00, 23.25, 22.99, 22.80, 42.25, 41.84, 0, 0, 4.20
2019/07/01 06:11:00, 23.25, 23.02, 22.83, 42.27, 41.85, 0, 0, 4.20
2019/07/01 06:12:00, 23.25, 23.02, 22.83, 42.27, 41.82, 0, 0, 4.20
2019/07/01 06:13:00, 23.25, 23.03, 22.84, 42.27, 41.85, 0, 0, 4.20
2019/07/01 06:14:00, 23.25, 23.05, 22.83, 42.31, 41.86, 0, 0, 4.20
2019/07/01 06:15:00, 23.25, 23.03, 22.84, 42.29, 41.86, 0, 0, 4.20
2019/07/01 06:16:00, 23.25, 23.06, 22.83, 42.31, 41.85, 0, 0, 4.20
2019/07/01 06:17:00, 23.25, 23.03, 22.85, 42.34, 41.88, 0, 0, 4.20
2019/07/01 06:18:00, 23.25, 23.05, 22.85, 42.35, 41.92, 0, 0, 4.20
2019/07/01 06:19:00, 23.25, 23.05, 22.86, 42.34, 41.94, 0, 0, 4.20
2019/07/01 06:20:00, 23.25, 23.08, 22.85, 42.40, 41.95, 0, 0, 4.20
2019/07/01 06:21:00, 23.25, 23.06, 22.87, 42.41, 41.98, 0, 0, 4.20
2019/07/01 06:22:00, 23.25, 23.08, 22.86, 42.40, 41.98, 0, 0, 4.20
2019/07/01 06:23:00, 23.25, 23.06, 22.88, 42.41, 41.98, 0, 0, 4.20
2019/07/01 06:24:00, 23.25, 23.09, 22.86, 42.45, 42.00, 0, 0, 4.20
2019/07/01 06:25:00, 23.25, 23.08, 22.88, 42.49, 42.02, 0, 0, 4.20
2019/07/01 06:26:00, 23.25, 23.08, 22.88, 42.41, 42.02, 0, 0, 4.20
2019/07/01 06:27:00, 23.25, 23.08, 22.89, 42.52, 42.01, 0, 0, 4.20
2019/07/01 06:28:00, 23.25, 23.09, 22.88, 42.48, 42.03, 0, 0, 4.20
2019/07/01 06:29:00, 23.25, 23.08, 22.89, 42.49, 42.06, 0, 0, 4.20
2019/07/01 06:30:00, 23.50, 23.09, 22.90, 42.53, 42.08, 0, 0, 4.20
2019/07/01 06:31:00, 23.50, 23.11, 22.90, 42.58, 42.08, 0, 0, 4.20
2019/07/01 06:32:00, 23.50, 23.11, 22.89, 42.55, 42.11, 0, 0, 4.20
2019/07/01 06:33:00, 23.50, 23.12, 22.90, 42.59, 42.13, 0, 0, 4.20
2019/07/01 06:34:00, 23.50, 23.14, 22.93, 42.61, 42.17, 0, 0, 4.20
2019/07/01 06:35:00, 23.50, 23.12, 22.90, 42.72, 42.21, 0, 0, 4.20
2019/07/01 06:36:00, 23.50, 23.12, 22.92, 42.71, 42.21, 0, 0, 4.20
2019/07/01 06:37:00, 23.50, 23.15, 22.93, 42.72, 42.24, 0, 0, 4.20
2019/07/01 06:38:00, 23.50, 23.14, 22.91, 42.67, 42.24, 0, 0, 4.20
2019/07/01 06:39:00, 23.50, 23.12, 22.92, 42.72, 42.25, 0, 0, 4.20
2019/07/01 06:40:00, 23.50, 23.15, 22.94, 42.72, 42.25, 0, 0, 4.20
2019/07/01 06:41:00, 23.50, 23.16, 22.95, 42.70, 42.27, 0, 0, 4.20
2019/07/01 06:42:00, 23.50, 23.16, 22.93, 42.77, 42.28, 0, 0, 4.20
2019/07/01 06:43:00, 23.50, 23.18, 22.94, 42.77, 42.27, 0, 0, 4.20
2019/07/01 06:44:00, 23.50, 23.18, 22.99, 42.79, 42.27, 0, 0, 4.20
2019/07/01 06:45:00, 23.50, 23.22, 23.01, 42.74, 42.27, 0, 0, 4.20
2019/07/01 06:46:00, 23.50, 23.22, 23.00, 42.76, 42.30, 0, 0, 4.20
2019/07/01 06:47:00, 23.50, 23.24, 23.04, 42.73, 42.29, 0, 0, 4.20
2019/07/01 06:48:00, 23.50, 23.26, 23.05, 42.77, 42.27, 0, 0, 4.20
2019/07/01 06:49:00, 23.50, 23.28, 23.05, 42.77, 42.25, 0, 0, 4.20
2019/07/01 06:50:00, 23.50, 23.29, 23.08, 42.74, 42.26, 0, 0, 4.20
2019/07/01 06:51:00, 23.50, 23.29, 23.09, 42.70, 42.24, 0, 0, 4.20
2019/07/01 06:52:00, 23.50, 23.30, 23.10, 42.69, 42.21, 0, 0, 4.20
2019/07/01 06:53:00, 23.50, 23.33, 23.12, 42.65, 42.21, 0, 0, 4.20
2019/07/01 06:54:00, 23.50, 23.33, 23.15, 42.68, 42.20, 0, 0, 4.20
2019/07/01 06:55:00, 23.50, 23.33, 23.15, 42.65, 42.22, 0, 0, 4.20
2019/07/01 06:56:00, 23.50, 23.35, 23.13, 42.66, 42.19, 0, 0, 4.20
2019/07/01 06:57:00, 23.50, 23.35, 23.14, 42.67, 42.20, 0, 0, 4.20
2019/07/01 06:58:00, 23.50, 23.37, 23.15, 42.69, 42.24, 0, 0, 4.20
2019/07/01 06:59:00, 23.50, 23.36, 23.16, 42.66, 42.24, 0, 0, 4.20
2019/07/01 07:00:00, 23.50, 23.33, 23.18, 42.73, 42.26, 0, 0, 4.20
2019/07/01 07:01:00, 23.50, 23.36, 23.17, 42.69, 42.24, 0, 0, 4.20
2019/07/01 07:02:00, 23.50, 23.36, 23.18, 42.69, 42.27, 0, 0, 4.20
2019/07/01 07:03:00, 23.50, 23.39, 23.18, 42.75, 42.29, 0, 0, 4.20
2019/07/01 07:04:00, 23.50, 23.39, 23.19, 42.81, 42.30, 0, 0, 4.20
2019/07/01 07:05:00, 23.50, 23.40, 23.20, 42.82, 42.33, 0, 0, 4.20
2019/07/01 07:06:00, 23.50, 23.42, 23.21, 42.80, 42.33, 0, 0, 4.20
2019/07/01 07:07:00, 23.50, 23.43, 23.23, 42.79, 42.36, 0, 0, 4.20
2019/07/01 07:08:00, 23.50, 23.46, 23.25, 42.81, 42.37, 0, 0, 4.20
2019/07/01 07:09:00, 23.50, 23.47, 23.27, 42.80, 42.33, 0, 0, 4.20
2019/07/01 07:10:00, 23.50, 23.52, 23.27, 42.82, 42.37, 0, 0, 4.20
2019/07/01 07:11:00, 23.50, 23.47, 23.29, 42.78, 42.33, 0, 0, 4.20
2019/07/01 07:12:00, 23.50, 23.49, 23.31, 42.81, 42.33, 0, 0, 4.20
2019/07/01 07:13:00, 23.50, 23.50, 23.32, 42.77, 42.29, 0, 0, 4.20
2019/07/01 07:14:00, 23.50, 23.54, 23.33, 42.78, 42.31, 0, 0, 4.20
2019/07/01 07:15:00, 23.50, 23.52, 23.35, 42.81, 42.33, 0, 0, 4.20
2019/07/01 07:16:00, 23.50, 23.56, 23.36, 42.84, 42.37, 0, 0, 4.20
2019/07/01 07:17:00, 23.50, 23.57, 23.37, 42.81, 42.34, 0, 0, 4.20
2019/07/01 07:18:00, 23.50, 23.59, 23.39, 42.79, 42.33, 0, 0, 4.20
2019/07/01 07:19:00, 23.50, 23.60, 23.41, 42.81, 42.33, 0, 0, 4.20
2019/07/01 07:20:00, 23.50, 23.60, 23.42, 42.85, 42.36, 0, 0, 4.20
2019/07/01 07:21:00, 23.50, 23.61, 23.44, 42.81, 42.33, 0, 0, 4.20
2019/07/01 07:22:00, 23.50, 23.63, 23.44, 42.80, 42.37, 0, 0, 4.20
2019/07/01 07:23:00, 23.50, 23.64, 23.45, 42.82, 42.35, 0, 0, 4.20
2019/07/01 07:24:00, 23.75, 23.61, 23.45, 42.85, 42.39, 0, 0, 4.20
2019/07/01 07:25:00, 23.75, 23.64, 23.45, 42.81, 42.33, 0, 0, 4.20
2019/07/01 07:26:00, 23.75, 23.64, 23.43, 42.89, 42.40, 0, 0, 4.20
2019/07/01 07:27:00, 23.75, 23.67, 23.47, 42.88, 42.44, 0, 0, 4.20
2019/07/01 07:28:00, 23.75, 23.67, 23.47, 42.95, 42.45, 0, 0, 4.20
2019/07/01 07:29:00, 23.75, 23.68, 23.49, 42.91, 42.42, 0, 0, 4.20
2019/07/01 07:30:00, 23.75, 23.70, 23.50, 42.96, 42.47, 0, 0, 4.20
2019/07/01 07:31:00, 23.75, 23.68, 23.50, 42.87, 42.44, 0, 0, 4.20
2019/07/01 07:32:00, 23.75, 23.74, 23.50, 42.94, 42.43, 0, 0, 4.20
2019/07/01 07:33:00, 23.75, 23.73, 23.53, 43.01, 42.49, 0, 0, 4.20
2019/07/01 07:34:00, 23.75, 23.76, 23.56, 43.02, 42.50, 0, 0, 4.20
2019/07/01 07:35:00, 23.75, 23.77, 23.57, 43.02, 42.53, 0, 0, 4.20
2019/07/01 07:36:00, 23.75, 23.79, 23.57, 43.14, 42.57, 0, 0, 4.20
2019/07/01 07:37:00, 23.75, 23.79, 23.60, 43.14, 42.62, 0, 0, 4.20
2019/07/01 07:38:00, 23.75, 23.80, 23.60, 43.17, 42.65, 0, 0, 4.20
2019/07/01 07:39:00, 23.75, 23.80, 23.60, 43.22, 42.70, 0, 0, 4.20
2019/07/01 07:40:00, 23.75, 23.80, 23.61, 43.37, 42.81, 0, 0, 4.20
2019/07/01 07:41:00, 23.75, 23.80, 23.64, 43.39, 42.84, 0, 0, 4.20
2019/07/01 07:42:00, 23.75, 23.81, 23.63, 43.46, 42.93, 0, 0, 4.20
2019/07/01 07:43:00, 23.75, 23.83, 23.63, 43.50, 42.95, 0, 0, 4.20
2019/07/01 07:44:00, 23.75, 23.83, 23.65, 43.54, 42.98, 0, 0, 4.20
2019/07/01 07:45:00, 23.75, 23.83, 23.66, 43.66, 43.07, 0, 0, 4.20
2019/07/01 07:46:00, 23.75, 23.81, 23.66, 43.64, 43.08, 0, 0, 4.20
2019/07/01 07:47:00, 23.75, 23.83, 23.63, 43.70, 43.14, 0, 0, 4.20
2019/07/01 07:48:00, 23.75, 23.81, 23.63, 43.79, 43.22, 0, 0, 4.20
2019/07/01 07:49:00, 23.75, 23.83, 23.63, 43.83, 43.26, 0, 0, 4.20
2019/07/01 07:50:00, 23.75, 23.84, 23.64, 43.93, 43.39, 0, 0, 4.20
2019/07/01 07:51:00, 23.75, 23.81, 23.66, 43.97, 43.41, 0, 0, 4.20
2019/07/01 07:52:00, 23.75, 23.83, 23.64, 43.98, 43.44, 0, 0, 4.20
2019/07/01 07:53:00, 23.75, 23.83, 23.66, 44.10, 43.50, 0, 0, 4.20
2019/07/01 07:54:00, 23.75, 23.87, 23.66, 44.17, 43.57, 0, 0, 4.20
2019/07/01 07:55:00, 23.75, 23.87, 23.67, 44.09, 43.61, 0, 0, 4.20
2019/07/01 07:56:00, 23.75, 23.85, 23.67, 44.20, 43.64, 0, 0, 4.20
2019/07/01 07:57:00, 23.75, 23.87, 23.69, 44.25, 43.70, 0, 0, 4.20
2019/07/01 07:58:00, 23.75, 23.90, 23.66, 44.31, 43.75, 0, 0, 4.20
2019/07/01 07:59:00, 23.75, 23.88, 23.69, 44.29, 43.78, 0, 0, 4.20
2019/07/01 08:00:00, 23.75, 23.88, 23.71, 44.44, 43.85, 0, 0, 4.20
2019/07/01 08:01:00, 23.75, 23.91, 23.72, 44.41, 43.87, 0, 0, 4.20
2019/07/01 08:02:00, 23.75, 23.90, 23.73, 44.48, 43.88, 0, 0, 4.20
2019/07/01 08:03:00, 23.75, 23.84, 23.69, 44.52, 43.95, 0, 0, 4.20
2019/07/01 08:04:00, 23.75, 23.90, 23.71, 44.60, 44.03, 0, 0, 4.20
2019/07/01 08:05:00, 23.75, 23.90, 23.71, 44.64, 44.10, 0, 0, 4.20
2019/07/01 08:06:00, 24.00, 23.90, 23.72, 44.62, 44.08, 0, 0, 4.20
2019/07/01 08:07:00, 23.75, 23.90, 23.74, 44.75, 44.19, 0, 0, 4.20
2019/07/01 08:08:00, 24.00, 23.92, 23.73, 44.79, 44.21, 0, 0, 4.20
2019/07/01 08:09:00, 24.00, 23.91, 23.71, 44.79, 44.20, 0, 0, 4.20
2019/07/01 08:10:00, 24.00, 23.91, 23.74, 44.89, 44.29, 0, 0, 4.20
2019/07/01 08:11:00, 24.00, 23.94, 23.75, 44.93, 44.33, 0, 0, 4.20
2019/07/01 08:12:00, 24.00, 23.92, 23.77, 44.95, 44.38, 0, 0, 4.20
2019/07/01 08:13:00, 24.00, 23.94, 23.78, 45.01, 44.43, 0, 0, 4.20
2019/07/01 08:14:00, 24.00, 23.97, 23.79, 45.03, 44.44, 0, 0, 4.20
2019/07/01 08:15:00, 24.00, 23.95, 23.78, 45.02, 44.43, 0, 0, 4.20
2019/07/01 08:16:00, 24.00, 23.97, 23.80, 45.06, 44.47, 0, 0, 4.20
2019/07/01 08:17:00, 24.00, 23.97, 23.77, 45.06, 44.49, 0, 0, 4.20
2019/07/01 08:18:00, 24.00, 23.97, 23.78, 45.18, 44.56, 0, 0, 4.20
2019/07/01 08:19:00, 24.00, 23.97, 23.79, 45.18, 44.62, 0, 0, 4.20
2019/07/01 08:20:00, 24.00, 23.97, 23.80, 45.22, 44.66, 0, 0, 4.20
2019/07/01 08:21:00, 24.00, 23.98, 23.82, 45.31, 44.68, 0, 0, 4.20
2019/07/01 08:22:00, 24.00, 23.99, 23.79, 45.35, 44.74, 0, 0, 4.20
2019/07/01 08:23:00, 24.00, 23.99, 23.81, 45.36, 44.81, 0, 0, 4.20
2019/07/01 08:24:00, 24.00, 24.01, 23.82, 45.34, 44.80, 0, 0, 4.20
2019/07/01 08:25:00, 24.00, 23.99, 23.81, 45.34, 44.78, 0, 0, 4.20
2019/07/01 08:26:00, 24.00, 24.01, 23.80, 45.47, 44.85, 0, 0, 4.20
2019/07/01 08:27:00, 24.00, 24.04, 23.83, 45.48, 44.92, 0, 0, 4.20
2019/07/01 08:28:00, 24.00, 24.01, 23.82, 45.46, 44.88, 0, 0, 4.20
2019/07/01 08:29:00, 24.00, 24.02, 23.82, 45.54, 44.97, 0, 0, 4.20
2019/07/01 08:30:00, 24.00, 24.04, 23.86, 45.65, 45.03, 0, 0, 4.20
2019/07/01 08:31:00, 24.00, 24.02, 23.86, 45.60, 45.03, 0, 0, 4.20
2019/07/01 08:32:00, 24.00, 24.02, 23.84, 45.67, 45.09, 0, 0, 4.20
2019/07/01 08:33:00, 24.00, 24.02, 23.86, 45.70, 45.09, 0, 0, 4.20
2019/07/01 08:34:00, 24.00, 24.07, 23.88, 45.78, 45.13, 0, 0, 4.20
2019/07/01 08:35:00, 24.00, 24.05, 23.87, 45.78, 45.23, 0, 0, 4.20
2019/07/01 08:36:00, 24.00, 24.05, 23.88, 45.76, 45.23, 0, 0, 4.20
2019/07/01 08:37:00, 24.00, 24.07, 23.88, 45.76, 45.18, 0, 0, 4.20
2019/07/01 08:38:00, 24.00, 24.05, 23.88, 45.98, 45.30, 0, 0, 4.20
2019/07/01 08:39:00, 24.00, 24.08, 23.90, 45.96, 45.37, 0, 0, 4.20
2019/07/01 08:40:00, 24.00, 24.09, 23.89, 46.00, 45.40, 0, 0, 4.20
2019/07/01 08:41:00, 24.00, 24.07, 23.90, 46.06, 45.44, 0, 0, 4.20
2019/07/01 08:42:00, 24.00, 24.08, 23.90, 45.98, 45.41, 0, 0, 4.20
2019/07/01 08:43:00, 24.00, 24.09, 23.90, 46.06, 45.48, 0, 0, 4.20
2019/07/01 08:44:00, 24.00, 24.09, 23.92, 46.15, 45.55, 0, 0, 4.20
2019/07/01 08:45:00, 24.00, 24.11, 23.94, 46.17, 45.57, 0, 0, 4.20
2019/07/01 08:46:00, 24.00, 24.11, 23.93, 46.21, 45.59, 0, 0, 4.20
2019/07/01 08:47:00, 24.00, 24.11, 23.95, 46.30, 45.67, 0, 0, 4.20
2019/07/01 08:48:00, 24.00, 24.12, 23.94, 46.27, 45.68, 0, 0, 4.20
2019/07/01 08:49:00, 24.00, 24.11, 23.95, 46.29, 45.68, 0, 0, 4.20
2019/07/01 08:50:00, 24.00, 24.12, 23.94, 46.31, 45.71, 0, 0, 4.20
2019/07/01 08:51:00, 24.00, 24.12, 23.93, 46.35, 45.75, 0, 0, 4.20
2019/07/01 08:52:00, 24.00, 24.12, 23.95, 46.38, 45.76, 0, 0, 4.20
2019/07/01 08:53:00, 24.00, 24.12, 23.96, 46.44, 45.83, 0, 0, 4.20
2019/07/01 08:54:00, 24.00, 24.15, 23.96, 46.43, 45.84, 0, 0, 4.20
2019/07/01 08:55:00, 24.00, 24.15, 23.97, 46.41, 45.81, 0, 0, 4.20
2019/07/01 08:56:00, 24.00, 24.16, 23.98, 46.40, 45.81, 0, 0, 4.20
2019/07/01 08:57:00, 24.00, 24.15, 23.97, 46.48, 45.86, 0, 0, 4.20
2019/07/01 08:58:00, 24.00, 24.16, 23.98, 46.43, 45.88, 0, 0, 4.20
2019/07/01 08:59:00, 24.00, 24.19, 24.00, 46.52, 45.93, 0, 0, 4.20
2019/07/01 09:00:00, 24.00, 24.18, 24.02, 46.48, 45.91, 0, 0, 4.20
2019/07/01 09:01:00, 24.25, 24.18, 24.01, 46.54, 45.95, 0, 0, 4.20
2019/07/01 09:02:00, 24.00, 24.18, 24.03, 46.60, 45.98, 0, 0, 4.20
2019/07/01 09:03:00, 24.25, 24.19, 24.03, 46.63, 46.04, 0, 0, 4.20
2019/07/01 09:04:00, 24.25, 24.20, 24.01, 46.65, 46.07, 0, 0, 4.20
2019/07/01 09:05:00, 24.25, 24.20, 24.04, 46.68, 46.09, 0, 0, 4.20
2019/07/01 09:06:00, 24.25, 24.22, 24.03, 46.73, 46.09, 0, 0, 4.20
2019/07/01 09:07:00, 24.25, 24.22, 24.02, 46.70, 46.11, 0, 0, 4.20
2019/07/01 09:08:00, 24.25, 24.22, 24.03, 46.73, 46.15, 0, 0, 4.20
2019/07/01 09:09:00, 24.25, 24.20, 24.03, 46.73, 46.13, 0, 0, 4.20
2019/07/01 09:10:00, 24.25, 24.23, 24.04, 46.76, 46.16, 0, 0, 4.20
2019/07/01 09:11:00, 24.25, 24.23, 24.03, 46.79, 46.18, 0, 0, 4.20
2019/07/01 09:12:00, 24.25, 24.22, 24.06, 46.76, 46.20, 0, 0, 4.20
2019/07/01 09:13:00, 24.25, 24.25, 24.06, 46.84, 46.24, 0, 0, 4.20
2019/07/01 09:14:00, 24.25, 24.25, 24.06, 46.84, 46.22, 0, 0, 4.20
2019/07/01 09:15:00, 24.25, 24.25, 24.06, 46.84, 46.22, 0, 0, 4.20
2019/07/01 09:16:00, 24.25, 24.25, 24.06, 46.89, 46.29, 0, 0, 4.20
2019/07/01 09:17:00, 24.25, 24.23, 24.07, 46.93, 46.27, 0, 0, 4.20
2019/07/01 09:18:00, 24.25, 24.23, 24.08, 46.96, 46.33, 0, 0, 4.20
2019/07/01 09:19:00, 24.25, 24.25, 24.08, 46.99, 46.38, 0, 0, 4.20
2019/07/01 09:20:00, 24.25, 24.26, 24.06, 46.95, 46.36, 0, 0, 4.20
2019/07/01 09:21:00, 24.25, 24.26, 24.06, 46.85, 46.28, 0, 0, 4.20
2019/07/01 09:22:00, 24.25, 24.26, 24.06, 46.92, 46.27, 0, 0, 4.20
2019/07/01 09:23:00, 24.25, 24.25, 24.08, 47.03, 46.38, 0, 0, 4.20
2019/07/01 09:24:00, 24.25, 24.23, 24.08, 47.07, 46.44, 0, 0, 4.20
2019/07/01 09:25:00, 24.25, 24.25, 24.09, 46.99, 46.40, 0, 0, 4.20
2019/07/01 09:26:00, 24.25, 24.25, 24.08, 47.00, 46.39, 0, 0, 4.20
2019/07/01 09:27:00, 24.25, 24.26, 24.08, 47.08, 46.45, 0, 0, 4.20
2019/07/01 09:28:00, 24.25, 24.26, 24.06, 47.11, 46.52, 0, 0, 4.20
2019/07/01 09:29:00, 24.25, 24.26, 24.07, 47.16, 46.53, 0, 0, 4.20
2019/07/01 09:30:00, 24.25, 24.25, 24.09, 47.22, 46.58, 0, 0, 4.20
2019/07/01 09:31:00, 24.25, 24.26, 24.10, 47.23, 46.61, 0, 0, 4.20
2019/07/01 09:32:00, 24.25, 24.25, 24.10, 47.22, 46.60, 0, 0, 4.20
2019/07/01 09:33:00, 24.25, 24.27, 24.08, 47.27, 46.64, 0, 0, 4.20
2019/07/01 09:34:00, 24.25, 24.31, 24.10, 47.25, 46.61, 0, 0, 4.20
2019/07/01 09:35:00, 24.25, 24.29, 24.10, 47.27, 46.61, 0, 0, 4.20
2019/07/01 09:36:00, 24.25, 24.27, 24.10, 47.27, 46.63, 0, 0, 4.20
2019/07/01 09:37:00, 24.25, 24.25, 24.09, 47.32, 46.65, 0, 0, 4.20
2019/07/01 09:38:00, 24.25, 24.26, 24.09, 47.34, 46.72, 0, 0, 4.20
2019/07/01 09:39:00, 24.25, 24.27, 24.09, 47.41, 46.74, 0, 0, 4.20
2019/07/01 09:40:00, 24.25, 24.29, 24.10, 47.37, 46.73, 0, 0, 4.20
2019/07/01 09:41:00, 24.25, 24.25, 24.09, 47.44, 46.79, 0, 0, 4.20
2019/07/01 09:42:00, 24.25, 24.27, 24.11, 47.51, 46.86, 0, 0, 4.20
2019/07/01 09:43:00, 24.25, 24.27, 24.10, 47.50, 46.87, 0, 0, 4.20
2019/07/01 09:44:00, 24.25, 24.27, 24.10, 47.57, 46.88, 0, 0, 4.20
2019/07/01 09:45:00, 24.25, 24.26, 24.06, 47.63, 46.97, 0, 0, 4.20
2019/07/01 09:46:00, 24.25, 24.26, 24.07, 47.63, 47.00, 0, 0, 4.20
2019/07/01 09:47:00, 24.25, 24.25, 24.09, 47.66, 47.00, 0, 0, 4.20
2019/07/01 09:48:00, 24.25, 24.23, 24.07, 47.63, 46.99, 0, 0, 4.20
2019/07/01 09:49:00, 24.25, 24.23, 24.06, 47.62, 47.00, 0, 0, 4.20
2019/07/01 09:50:00, 24.25, 24.22, 24.04, 47.63, 47.02, 0, 0, 4.20
2019/07/01 09:51:00, 24.25, 24.22, 24.05, 47.70, 47.09, 0, 0, 4.20
2019/07/01 09:52:00, 24.25, 24.23, 24.05, 47.79, 47.12, 0, 0, 4.20
2019/07/01 09:53:00, 24.25, 24.22, 24.04, 47.79, 47.15, 0, 0, 4.20
2019/07/01 09:54:00, 24.25, 24.22, 24.04, 47.87, 47.20, 0, 0, 4.20
2019/07/01 09:55:00, 24.25, 24.22, 24.02, 47.90, 47.24, 0, 0, 4.20
2019/07/01 09:56:00, 24.25, 24.22, 24.03, 47.93, 47.27, 0, 0, 4.20
2019/07/01 09:57:00, 24.25, 24.19, 24.02, 47.96, 47.30, 0, 0, 4.20
2019/07/01 09:58:00, 24.25, 24.16, 24.02, 48.06, 47.33, 0, 0, 4.20
2019/07/01 09:59:00, 24.25, 24.16, 23.98, 48.09, 47.40, 0, 0, 4.20
2019/07/01 10:00:00, 24.25, 24.15, 24.01, 48.18, 47.50, 0, 0, 4.20
2019/07/01 10:01:00, 24.25, 24.15, 23.97, 48.24, 47.52, 0, 0, 4.20
2019/07/01 10:02:00, 24.25, 24.16, 23.97, 48.23, 47.58, 0, 0, 4.20
2019/07/01 10:03:00, 24.25, 24.14, 23.97, 48.34, 47.64, 0, 0, 4.20
2019/07/01 10:04:00, 24.25, 24.12, 23.96, 48.45, 47.72, 0, 0, 4.20
2019/07/01 10:05:00, 24.25, 24.12, 23.95, 48.46, 47.77, 0, 0, 4.20
2019/07/01 10:06:00, 24.25, 24.12, 23.95, 48.50, 47.78, 0, 0, 4.20
2019/07/01 10:07:00, 24.25, 24.14, 23.95, 48.51, 47.82, 0, 0, 4.20
2019/07/01 10:08:00, 24.25, 24.11, 23.94, 48.53, 47.84, 0, 0, 4.20
2019/07/01 10:09:00, 24.25, 24.14, 23.93, 48.57, 47.90, 0, 0, 4.20
2019/07/01 10:10:00, 24.25, 24.12, 23.94, 48.61, 47.90, 0, 0, 4.20
2019/07/01 10:11:00, 24.25, 24.08, 23.91, 48.71, 47.97, 0, 0, 4.20
2019/07/01 10:12:00, 24.25, 24.08, 23.93, 48.76, 48.03, 0, 0, 4.20
2019/07/01 10:13:00, 24.25, 24.11, 23.92, 48.80, 48.08, 0, 0, 4.20
2019/07/01 10:14:00, 24.25, 24.09, 23.92, 48.88, 48.18, 0, 0, 4.20
2019/07/01 10:15:00, 24.25, 24.09, 23.91, 48.86, 48.19, 0, 0, 4.20
2019/07/01 10:16:00, 24.25, 24.08, 23.90, 48.93, 48.23, 0, 0, 4.20
2019/07/01 10:17:00, 24.25, 24.09, 23.90, 48.91, 48.24, 0, 0, 4.20
2019/07/01 10:18:00, 24.25, 24.08, 23.92, 48.97, 48.26, 0, 0, 4.20
2019/07/01 10:19:00, 24.25, 24.07, 23.89, 48.94, 48.26, 0, 0, 4.20
2019/07/01 10:20:00, 24.25, 24.07, 23.88, 49.08, 48.32, 0, 0, 4.20
2019/07/01 10:21:00, 24.25, 24.07, 23.88, 49.07, 48.35, 0, 0, 4.20
2019/07/01 10:22:00, 24.25, 24.07, 23.88, 49.06, 48.39, 0, 0, 4.20
2019/07/01 10:23:00, 24.25, 24.07, 23.86, 49.14, 48.43, 0, 0, 4.20
2019/07/01 10:24:00, 24.25, 24.02, 23.88, 49.17, 48.46, 0, 0, 4.20
2019/07/01 10:25:00, 24.25, 24.04, 23.86, 49.17, 48.49, 0, 0, 4.20
2019/07/01 10:26:00, 24.25, 24.02, 23.86, 49.22, 48.52, 0, 0, 4.20
2019/07/01 10:27:00, 24.25, 24.05, 23.87, 49.19, 48.49, 0, 0, 4.20
2019/07/01 10:28:00, 24.25, 24.02, 23.82, 49.19, 48.48, 0, 0, 4.20
2019/07/01 10:29:00, 24.25, 24.01, 23.86, 49.27, 48.53, 0, 0, 4.20
2019/07/01 10:30:00, 24.25, 24.04, 23.83, 49.24, 48.53, 0, 0, 4.20
2019/07/01 10:31:00, 24.25, 24.02, 23.84, 49.24, 48.53, 0, 0, 4.20
2019/07/01 10:32:00, 24.25, 24.01, 23.83, 49.31, 48.60, 0, 0, 4.20
2019/07/01 10:33:00, 24.25, 24.02, 23.84, 49.31, 48.58, 0, 0, 4.20
2019/07/01 10:34:00, 24.25, 24.01, 23.82, 49.32, 48.58, 0, 0, 4.20
2019/07/01 10:35:00, 24.25, 24.01, 23.82, 49.36, 48.63, 0, 0, 4.20
2019/07/01 10:36:00, 24.25, 24.01, 23.82, 49.31, 48.64, 0, 0, 4.20
2019/07/01 10:37:00, 24.25, 23.99, 23.83, 49.37, 48.68, 0, 0, 4.20
2019/07/01 10:38:00, 24.25, 24.02, 23.80, 49.39, 48.69, 0, 0, 4.20
2019/07/01 10:39:00, 24.25, 23.99, 23.82, 49.46, 48.74, 0, 0, 4.20
2019/07/01 10:40:00, 24.25, 24.01, 23.82, 49.39, 48.71, 0, 0, 4.20
2019/07/01 10:41:00, 24.25, 24.01, 23.81, 49.44, 48.74, 0, 0, 4.20
2019/07/01 10:42:00, 24.25, 24.01, 23.81, 49.44, 48.77, 0, 0, 4.20
2019/07/01 10:43:00, 24.25, 23.99, 23.80, 49.46, 48.76, 0, 0, 4.20
2019/07/01 10:44:00, 24.25, 24.02, 23.80, 49.57, 48.81, 0, 0, 4.20
2019/07/01 10:45:00, 24.25, 24.01, 23.80, 49.48, 48.80, 0, 0, 4.20
2019/07/01 10:46:00, 24.25, 24.01, 23.79, 49.49, 48.79, 0, 0, 4.20
2019/07/01 10:47:00, 24.25, 23.97, 23.77, 49.49, 48.80, 0, 0, 4.20
2019/07/01 10:48:00, 24.25, 23.98, 23.79, 49.59, 48.87, 0, 0, 4.20
2019/07/01 10:49:00, 24.25, 23.97, 23.78, 49.60, 48.90, 0, 0, 4.20
2019/07/01 10:50:00, 24.25, 23.97, 23.78, 49.56, 48.84, 0, 0, 4.20
2019/07/01 10:51:00, 24.25, 23.97, 23.76, 49.67, 48.88, 0, 0, 4.20
2019/07/01 10:52:00, 24.25, 23.95, 23.75, 49.53, 48.87, 0, 0, 4.20
2019/07/01 10:53:00, 24.25, 23.97, 23.78, 49.66, 48.91, 0, 0, 4.20
2019/07/01 10:54:00, 24.25, 23.98, 23.78, 49.62, 48.93, 0, 0, 4.20
2019/07/01 10:55:00, 24.25, 23.98, 23.76, 49.67, 48.96, 0, 0, 4.20
2019/07/01 10:56:00, 24.25, 23.95, 23.76, 49.70, 48.97, 0, 0, 4.20
2019/07/01 10:57:00, 24.25, 23.97, 23.78, 49.74, 49.03, 0, 0, 4.20
2019/07/01 10:58:00, 24.25, 23.99, 23.77, 49.76, 49.06, 0, 0, 4.20
2019/07/01 10:59:00, 24.25, 23.98, 23.80, 49.73, 49.03, 0, 0, 4.20
2019/07/01 11:00:00, 24.25, 23.98, 23.78, 49.71, 49.00, 0, 0, 4.20
2019/07/01 11:01:00, 24.25, 23.97, 23.78, 49.75, 49.01, 0, 0, 4.20
2019/07/01 11:02:00, 24.25, 23.98, 23.78, 49.81, 49.07, 0, 0, 4.20
2019/07/01 11:03:00, 24.25, 23.98, 23.79, 49.76, 49.08, 0, 0, 4.20
2019/07/01 11:04:00, 24.25, 23.98, 23.77, 49.72, 49.03, 0, 0, 4.20
2019/07/01 11:05:00, 24.25, 23.97, 23.79, 49.70, 49.03, 0, 0, 4.20
2019/07/01 11:06:00, 24.25, 23.98, 23.77, 49.71, 49.03, 0, 0, 4.20
2019/07/01 11:07:00, 24.25, 23.94, 23.76, 49.78, 49.06, 0, 0, 4.20
2019/07/01 11:08:00, 24.25, 23.97, 23.78, 49.83, 49.07, 0, 0, 4.20
2019/07/01 11:09:00, 24.25, 23.97, 23.76, 49.84, 49.12, 0, 0, 4.20
2019/07/01 11:10:00, 24.25, 23.98, 23.77, 49.78, 49.09, 0, 0, 4.20
2019/07/01 11:11:00, 24.25, 23.98, 23.78, 49.81, 49.07, 0, 0, 4.20
2019/07/01 11:12:00, 24.25, 23.97, 23.76, 49.78, 49.09, 0, 0, 4.20
2019/07/01 11:13:00, 24.25, 23.98, 23.77, 49.77, 49.09, 0, 0, 4.20
2019/07/01 11:14:00, 24.25, 23.97, 23.78, 49.81, 49.09, 0, 0, 4.20
2019/07/01 11:15:00, 24.25, 23.97, 23.77, 49.78, 49.06, 0, 0, 4.20
2019/07/01 11:16:00, 24.25, 23.95, 23.78, 49.81, 49.09, 0, 0, 4.20
2019/07/01 11:17:00, 24.25, 23.95, 23.75, 49.80, 49.09, 0, 0, 4.20
2019/07/01 11:18:00, 24.25, 23.95, 23.78, 49.79, 49.10, 0, 0, 4.20
2019/07/01 11:19:00, 24.25, 23.92, 23.77, 49.81, 49.06, 0, 0, 4.20
2019/07/01 11:20:00, 24.25, 23.97, 23.78, 49.82, 49.09, 0, 0, 4.20
2019/07/01 11:21:00, 24.25, 23.98, 23.78, 49.88, 49.11, 0, 0, 4.20
2019/07/01 11:22:00, 24.25, 23.97, 23.78, 49.82, 49.14, 0, 0, 4.20
2019/07/01 11:23:00, 24.25, 23.95, 23.76, 49.77, 49.09, 0, 0, 4.20
2019/07/01 11:24:00, 24.25, 23.94, 23.76, 49.79, 49.08, 0, 0, 4.20
2019/07/01 11:25:00, 24.25, 23.94, 23.76, 49.76, 49.12, 0, 0, 4.20
2019/07/01 11:26:00, 24.25, 23.98, 23.77, 49.84, 49.12, 0, 0, 4.20
2019/07/01 11:27:00, 24.25, 23.95, 23.77, 49.75, 49.09, 0, 0, 4.20
2019/07/01 11:28:00, 24.25, 23.95, 23.77, 49.78, 49.09, 0, 0, 4.20
2019/07/01 11:29:00, 24.25, 23.98, 23.75, 49.78, 49.11, 0, 0, 4.20
2019/07/01 11:30:00, 24.25, 23.94, 23.77, 49.72, 49.09, 0, 0, 4.20
2019/07/01 11:31:00, 24.25, 23.95, 23.77, 49.74, 49.07, 0, 0, 4.20
2019/07/01 11:32:00, 24.25, 23.95, 23.76, 49.79, 49.07, 0, 0, 4.20
2019/07/01 11:33:00, 24.25, 23.97, 23.77, 49.78, 49.07, 0, 0, 4.20
2019/07/01 11:34:00, 24.25, 23.95, 23.75, 49.78, 49.08, 0, 0, 4.20
2019/07/01 11:35:00, 24.25, 23.95, 23.75, 49.69, 49.03, 0, 0, 4.20
2019/07/01 11:36:00, 24.25, 23.94, 23.77, 49.74, 49.05, 0, 0, 4.20
2019/07/01 11:37:00, 24.25, 23.95, 23.77, 49.78, 49.06, 0, 0, 4.20
2019/07/01 11:38:00, 24.25, 23.94, 23.75, 49.74, 49.05, 0, 0, 4.20
2019/07/01 11:39:00, 24.25, 23.94, 23.76, 49.77, 49.04, 0, 0, 4.20
2019/07/01 11:40:00, 24.25, 23.92, 23.75, 49.73, 49.03, 0, 0, 4.20
2019/07/01 11:41:00, 24.25, 23.94, 23.77, 49.72, 49.03, 0, 0, 4.20
2019/07/01 11:42:00, 24.25, 23.95, 23.76, 49.77, 49.09, 0, 0, 4.20
2019/07/01 11:43:00, 24.25, 23.98, 23.75, 49.79, 49.12, 0, 0, 4.20
2019/07/01 11:44:00, 24.25, 23.94, 23.75, 49.81, 49.09, 0, 0, 4.20
2019/07/01 11:45:00, 24.25, 23.95, 23.76, 49.77, 49.08, 0, 0, 4.20
2019/07/01 11:46:00, 24.25, 23.95, 23.75, 49.78, 49.10, 0, 0, 4.20
2019/07/01 11:47:00, 24.25, 23.97, 23.75, 49.79, 49.12, 0, 0, 4.20
2019/07/01 11:48:00, 24.25, 23.95, 23.78, 49.76, 49.08, 0, 0, 4.20
2019/07/01 11:49:00, 24.25, 23.97, 23.76, 49.75, 49.09, 0, 0, 4.20
2019/07/01 11:50:00, 24.25, 23.97, 23.78, 49.72, 49.04, 0, 0, 4.20
2019/07/01 11:51:00, 24.25, 24.01, 23.77, 49.73, 49.04, 0, 0, 4.20
2019/07/01 11:52:00, 24.25, 23.97, 23.79, 49.67, 49.03, 0, 0, 4.20
2019/07/01 11:53:00, 24.25, 23.97, 23.77, 49.72, 49.03, 0, 0, 4.20
2019/07/01 11:54:00, 24.25, 23.98, 23.78, 49.73, 49.05, 0, 0, 4.20
2019/07/01 11:55:00, 24.25, 23.98, 23.79, 49.66, 49.00, 0, 0, 4.20
2019/07/01 11:56:00, 24.25, 23.98, 23.78, 49.74, 49.00, 0, 0, 4.20
2019/07/01 11:57:00, 24.25, 23.99, 23.78, 49.64, 49.00, 0, 0, 4.20
2019/07/01 11:58:00, 24.25, 23.98, 23.80, 49.65, 48.97, 0, 0, 4.20
2019/07/01 11:59:00, 24.25, 23.95, 23.78, 49.67, 48.96, 0, 0, 4.20
2019/07/01 12:00:00, 24.25, 23.98, 23.80, 49.66, 48.97, 0, 0, 4.20
2019/07/01 12:01:00, 24.25, 23.97, 23.81, 49.65, 48.96, 0, 0, 4.20
2019/07/01 12:02:00, 24.25, 23.97, 23.79, 49.65, 48.98, 0, 0, 4.20
2019/07/01 12:03:00, 24.25, 23.97, 23.79, 49.65, 48.95, 0, 0, 4.20
2019/07/01 12:04:00, 24.25, 23.97, 23.78, 49.60, 48.95, 0, 0, 4.20
2019/07/01 12:05:00, 24.25, 24.01, 23.81, 49.61, 48.96, 0, 0, 4.20
2019/07/01 12:06:00, 24.25, 23.97, 23.80, 49.61, 48.95, 0, 0, 4.20
2019/07/01 12:07:00, 24.25, 23.99, 23.80, 49.63, 48.93, 0, 0, 4.20
2019/07/01 12:08:00, 24.25, 23.99, 23.80, 49.62, 48.94, 0, 0, 4.20
2019/07/01 12:09:00, 24.25, 23.99, 23.82, 49.54, 48.91, 0, 0, 4.20
2019/07/01 12:10:00, 24.25, 23.99, 23.81, 49.58, 48.88, 0, 0, 4.20
2019/07/01 12:11:00, 24.25, 24.01, 23.81, 49.59, 48.91, 0, 0, 4.20
2019/07/01 12:12:00, 24.25, 24.01, 23.80, 49.56, 48.90, 0, 0, 4.20
2019/07/01 12:13:00, 24.25, 23.99, 23.80, 49.63, 48.90, 0, 0, 4.20
2019/07/01 12:14:00, 24.25, 24.02, 23.83, 49.51, 48.88, 0, 0, 4.20
2019/07/01 12:15:00, 24.25, 24.01, 23.82, 49.60, 48.88, 0, 0, 4.20
2019/07/01 12:16:00, 24.25, 24.01, 23.82, 49.49, 48.85, 0, 0, 4.20
2019/07/01 12:17:00, 24.25, 24.02, 23.82, 49.46, 48.81, 0, 0, 4.20
2019/07/01 12:18:00, 24.25, 24.02, 23.83, 49.42, 48.80, 0, 0, 4.20
2019/07/01 12:19:00, 24.25, 24.02, 23.82, 49.40, 48.77, 0, 0, 4.20
2019/07/01 12:20:00, 24.25, 24.02, 23.86, 49.40, 48.75, 0, 0, 4.20
2019/07/01 12:21:00, 24.25, 24.04, 23.84, 49.36, 48.74, 0, 0, 4.20
2019/07/01 12:22:00, 24.25, 24.05, 23.86, 49.30, 48.71, 0, 0, 4.20
2019/07/01 12:23:00, 24.25, 24.05, 23.84, 49.30, 48.67, 0, 0, 4.20
2019/07/01 12:24:00, 24.25, 24.04, 23.84, 49.24, 48.65, 0, 0, 4.20
2019/07/01 12:25:00, 24.25, 24.05, 23.82, 49.27, 48.64, 0, 0, 4.20
2019/07/01 12:26:00, 24.25, 24.05, 23.86, 49.25, 48.62, 0, 0, 4.20
2019/07/01 12:27:00, 24.25, 24.02, 23.87, 49.16, 48.59, 0, 0, 4.20
2019/07/01 12:28:00, 24.25, 24.05, 23.88, 49.18, 48.55, 0, 0, 4.20
2019/07/01 12:29:00, 24.25, 24.04, 23.86, 49.21, 48.57, 0, 0, 4.20
2019/07/01 12:30:00, 24.25, 24.05, 23.86, 49.14, 48.55, 0, 0, 4.20
2019/07/01 12:31:00, 24.25, 24.05, 23.87, 49.08, 48.47, 0, 0, 4.20
2019/07/01 12:32:00, 24.25, 24.07, 23.88, 49.00, 48.42, 0, 0, 4.20
2019/07/01 12:33:00, 24.25, 24.07, 23.88, 48.93, 48.35, 0, 0, 4.20
2019/07/01 12:34:00, 24.25, 24.07, 23.88, 48.92, 48.30, 0, 0, 4.20
2019/07/01 12:35:00, 24.25, 24.07, 23.90, 48.89, 48.29, 0, 0, 4.20
2019/07/01 12:36:00, 24.25, 24.08, 23.89, 48.83, 48.25, 0, 0, 4.20
2019/07/01 12:37:00, 24.25, 24.08, 23.91, 48.77, 48.22, 0, 0, 4.20
2019/07/01 12:38:00, 24.25, 24.09, 23.90, 48.76, 48.18, 0, 0, 4.20
2019/07/01 12:39:00, 24.25, 24.09, 23.89, 48.71, 48.13, 0, 0, 4.20
2019/07/01 12:40:00, 24.25, 24.09, 23.91, 48.62, 48.03, 0, 0, 4.20
2019/07/01 12:41:00, 24.25, 24.09, 23.91, 48.60, 48.03, 0, 0, 4.20
2019/07/01 12:42:00, 24.25, 24.08, 23.91, 48.53, 47.95, 0, 0, 4.20
2019/07/01 12:43:00, 24.25, 24.11, 23.91, 48.42, 47.90, 0, 0, 4.20
2019/07/01 12:44:00, 24.25, 24.09, 23.91, 48.37, 47.82, 0, 0, 4.20
2019/07/01 12:45:00, 24.25, 24.11, 23.89, 48.35, 47.78, 0, 0, 4.20
2019/07/01 12:46:00, 24.25, 24.09, 23.91, 48.30, 47.72, 0, 0, 4.20
2019/07/01 12:47:00, 24.25, 24.09, 23.90, 48.26, 47.68, 0, 0, 4.20
2019/07/01 12:48:00, 24.25, 24.09, 23.91, 48.26, 47.68, 0, 0, 4.20
2019/07/01 12:49:00, 24.25, 24.11, 23.90, 48.09, 47.58, 0, 0, 4.20
2019/07/01 12:50:00, 24.25, 24.09, 23.91, 48.08, 47.53, 0, 0, 4.20
2019/07/01 12:51:00, 24.25, 24.14, 23.93, 47.99, 47.48, 0, 0, 4.20
2019/07/01 12:52:00, 24.25, 24.12, 23.94, 47.96, 47.41, 0, 0, 4.20
2019/07/01 12:53:00, 24.25, 24.09, 23.91, 47.86, 47.35, 0, 0, 4.20
2019/07/01 12:54:00, 24.25, 24.15, 23.91, 47.80, 47.26, 0, 0, 4.20
2019/07/01 12:55:00, 24.25, 24.11, 23.94, 47.77, 47.24, 0, 0, 4.20
2019/07/01 12:56:00, 24.25, 24.11, 23.93, 47.67, 47.18, 0, 0, 4.20
2019/07/01 12:57:00, 24.25, 24.11, 23.91, 47.63, 47.14, 0, 0, 4.20
2019/07/01 12:58:00, 24.25, 24.12, 23.91, 47.59, 47.08, 0, 0, 4.20
2019/07/01 12:59:00, 24.25, 24.12, 23.90, 47.51, 47.03, 0, 0, 4.20
2019/07/01 13:00:00, 24.25, 24.11, 23.89, 47.54, 47.00, 0, 0, 4.20
2019/07/01 13:01:00, 24.25, 24.09, 23.91, 47.49, 47.00, 0, 0, 4.20
2019/07/01 13:02:00, 24.25, 24.12, 23.91, 47.46, 46.97, 0, 0, 4.20
2019/07/01 13:03:00, 24.25, 24.11, 23.90, 47.42, 46.90, 0, 0, 4.20
2019/07/01 13:04:00, 24.25, 24.09, 23.91, 47.34, 46.82, 0, 0, 4.20
2019/07/01 13:05:00, 24.25, 24.11, 23.92, 47.30, 46.78, 0, 0, 4.20
2019/07/01 13:06:00, 24.25, 24.11, 23.89, 47.25, 46.75, 0, 0, 4.20
2019/07/01 13:07:00, 24.25, 24.11, 23.91, 47.17, 46.70, 0, 0, 4.20
2019/07/01 13:08:00, 24.25, 24.09, 23.92, 47.11, 46.65, 0, 0, 4.20
2019/07/01 13:09:00, 24.25, 24.09, 23.91, 47.05, 46.59, 0, 0, 4.20
2019/07/01 13:10:00, 24.25, 24.08, 23.91, 46.98, 46.52, 0, 0, 4.20
2019/07/01 13:11:00, 24.25, 24.11, 23.91, 46.94, 46.49, 0, 0, 4.20
2019/07/01 13:12:00, 24.25, 24.08, 23.92, 46.91, 46.46, 0, 0, 4.20
2019/07/01 13:13:00, 24.25, 24.09, 23.90, 46.84, 46.37, 0, 0, 4.20
2019/07/01 13:14:00, 24.25, 24.11, 23.91, 46.79, 46.33, 0, 0, 4.20
2019/07/01 13:15:00, 24.25, 24.12, 23.93, 46.74, 46.27, 0, 0, 4.20
2019/07/01 13:16:00, 24.25, 24.14, 23.95, 46.70, 46.23, 0, 0, 4.20
2019/07/01 13:17:00, 24.25, 24.12, 23.93, 46.66, 46.19, 0, 0, 4.20
2019/07/01 13:18:00, 24.25, 24.14, 23.94, 46.54, 46.12, 0, 0, 4.20
2019/07/01 13:19:00, 24.25, 24.16, 23.95, 46.48, 46.05, 0, 0, 4.20
2019/07/01 13:20:00, 24.25, 24.16, 23.97, 46.41, 45.97, 0, 0, 4.20
2019/07/01 13:21:00, 24.25, 24.12, 23.95, 46.37, 45.92, 0, 0, 4.20
2019/07/01 13:22:00, 24.25, 24.15, 23.95, 46.29, 45.85, 0, 0, 4.20
2019/07/01 13:23:00, 24.25, 24.15, 23.96, 46.21, 45.79, 0, 0, 4.20
2019/07/01 13:24:00, 24.25, 24.14, 23.96, 46.22, 45.73, 0, 0, 4.20
2019/07/01 13:25:00, 24.25, 24.15, 23.95, 46.11, 45.68, 0, 0, 4.20
2019/07/01 13:26:00, 24.25, 24.16, 23.98, 46.03, 45.64, 0, 0, 4.20
2019/07/01 13:27:00, 24.25, 24.16, 23.95, 45.99, 45.55, 0, 0, 4.20
2019/07/01 13:28:00, 24.25, 24.16, 23.97, 45.86, 45.51, 0, 0, 4.20
2019/07/01 13:29:00, 24.25, 24.16, 23.95, 45.81, 45.41, 0, 0, 4.20
2019/07/01 13:30:00, 24.25, 24.18, 23.97, 45.82, 45.37, 0, 0, 4.20
2019/07/01 13:31:00, 24.25, 24.18, 23.97, 45.70, 45.30, 0, 0, 4.20
2019/07/01 13:32:00, 24.25, 24.15, 23.97, 45.66, 45.25, 0, 0, 4.20
2019/07/01 13:33:00, 24.25, 24.18, 23.97, 45.61, 45.16, 0, 0, 4.20
2019/07/01 13:34:00, 24.25, 24.16, 23.96, 45.54, 45.12, 0, 0, 4.20
2019/07/01 13:35:00, 24.25, 24.15, 23.97, 45.49, 45.04, 0, 0, 4.20
2019/07/01 13:36:00, 24.25, 24.16, 23.96, 45.41, 45.00, 0, 0, 4.20
2019/07/01 13:37:00, 24.25, 24.18, 23.96, 45.33, 44.94, 0, 0, 4.20
2019/07/01 13:38:00, 24.25, 24.18, 23.98, 45.27, 44.89, 0, 0, 4.20
2019/07/01 13:39:00, 24.25, 24.16, 23.97, 45.29, 44.84, 0, 0, 4.20
2019/07/01 13:40:00, 24.25, 24.18, 23.97, 45.17, 44.75, 0, 0, 4.20
2019/07/01 13:41:00, 24.25, 24.15, 23.97, 45.09, 44.69, 0, 0, 4.20
2019/07/01 13:42:00, 24.25, 24.15, 23.97, 45.00, 44.61, 0, 0, 4.20
2019/07/01 13:43:00, 24.25, 24.16, 23.96, 44.96, 44.54, 0, 0, 4.20
2019/07/01 13:44:00, 24.25, 24.15, 23.96, 44.92, 44.49, 0, 0, 4.20
2019/07/01 13:45:00, 24.25, 24.16, 23.95, 44.83, 44.45, 0, 0, 4.20
2019/07/01 13:46:00, 24.25, 24.18, 23.96, 44.80, 44.36, 0, 0, 4.20
2019/07/01 13:47:00, 24.25, 24.16, 23.98, 44.68, 44.31, 0, 0, 4.20
2019/07/01 13:48:00, 24.25, 24.14, 23.97, 44.69, 44.27, 0, 0, 4.20
2019/07/01 13:49:00, 24.25, 24.19, 23.97, 44.58, 44.19, 0, 0, 4.20
2019/07/01 13:50:00, 24.25, 24.16, 23.96, 44.50, 44.13, 0, 0, 4.20
2019/07/01 13:51:00, 24.25, 24.19, 23.98, 44.47, 44.10, 0, 0, 4.20
2019/07/01 13:52:00, 24.25, 24.18, 24.00, 44.42, 44.02, 0, 0, 4.20
2019/07/01 13:53:00, 24.25, 24.19, 24.00, 44.35, 43.94, 0, 0, 4.20
2019/07/01 13:54:00, 24.25, 24.20, 24.01, 44.27, 43.89, 0, 0, 4.20
2019/07/01 13:55:00, 24.25, 24.16, 23.98, 44.18, 43.81, 0, 0, 4.20
2019/07/01 13:56:00, 24.25, 24.18, 23.98, 44.14, 43.76, 0, 0, 4.20
2019/07/01 13:57:00, 24.25, 24.20, 24.01, 44.11, 43.74, 0, 0, 4.20
2019/07/01 13:58:00, 24.25, 24.18, 24.00, 44.07, 43.73, 0, 0, 4.20
2019/07/01 13:59:00, 24.25, 24.18, 24.02, 43.97, 43.62, 0, 0, 4.20
2019/07/01 14:00:00, 24.25, 24.19, 24.00, 43.95, 43.57, 0, 0, 4.20
2019/07/01 14:01:00, 24.25, 24.19, 24.01, 43.93, 43.52, 0, 0, 4.20
2019/07/01 14:02:00, 24.25, 24.19, 24.01, 43.86, 43.49, 0, 0, 4.20
2019/07/01 14:03:00, 24.25, 24.19, 24.01, 43.85, 43.43, 0, 0, 4.20
2019/07/01 14:04:00, 24.25, 24.20, 24.01, 43.77, 43.41, 0, 0, 4.20
2019/07/01 14:05:00, 24.25, 24.18, 24.01, 43.70, 43.32, 0, 0, 4.20
2019/07/01 14:06:00, 24.25, 24.19, 24.01, 43.64, 43.28, 0, 0, 4.20
2019/07/01 14:07:00, 24.25, 24.19, 24.01, 43.61, 43.25, 0, 0, 4.20
2019/07/01 14:08:00, 24.25, 24.18, 24.01, 43.55, 43.19, 0, 0, 4.20
2019/07/01 14:09:00, 24.25, 24.20, 24.01, 43.51, 43.14, 0, 0, 4.20
2019/07/01 14:10:00, 24.25, 24.19, 24.01, 43.47, 43.09, 0, 0, 4.20
2019/07/01 14:11:00, 24.25, 24.20, 24.01, 43.45, 43.05, 0, 0, 4.20
2019/07/01 14:12:00, 24.25, 24.20, 24.02, 43.38, 43.00, 0, 0, 4.20
2019/07/01 14:13:00, 24.25, 24.19, 24.01, 43.29, 42.97, 0, 0, 4.20
2019/07/01 14:14:00, 24.25, 24.20, 24.01, 43.22, 42.91, 0, 0, 4.20
2019/07/01 14:15:00, 24.25, 24.20, 24.01, 43.23, 42.83, 0, 0, 4.20
2019/07/01 14:16:00, 24.25, 24.20, 24.03, 43.13, 42.78, 0, 0, 4.20
2019/07/01 14:17:00, 24.25, 24.22, 24.02, 43.09, 42.73, 0, 0, 4.20
2019/07/01 14:18:00, 24.25, 24.20, 24.01, 43.06, 42.69, 0, 0, 4.20
2019/07/01 14:19:00, 24.25, 24.20, 24.03, 42.99, 42.62, 0, 0, 4.20
2019/07/01 14:20:00, 24.25, 24.20, 24.01, 42.89, 42.56, 0, 0, 4.20
2019/07/01 14:21:00, 24.25, 24.23, 24.02, 42.86, 42.50, 0, 0, 4.20
2019/07/01 14:22:00, 24.25, 24.22, 24.03, 42.77, 42.43, 0, 0, 4.20
2019/07/01 14:23:00, 24.25, 24.22, 24.03, 42.72, 42.41, 0, 0, 4.20
2019/07/01 14:24:00, 24.25, 24.19, 24.02, 42.62, 42.33, 0, 0, 4.20
2019/07/01 14:25:00, 24.25, 24.20, 24.03, 42.57, 42.28, 0, 0, 4.20
2019/07/01 14:26:00, 24.25, 24.19, 24.03, 42.57, 42.22, 0, 0, 4.20
2019/07/01 14:27:00, 24.25, 24.23, 24.03, 42.51, 42.21, 0, 0, 4.20
2019/07/01 14:28:00, 24.25, 24.20, 24.01, 42.37, 42.14, 0, 0, 4.20
2019/07/01 14:29:00, 24.25, 24.16, 24.01, 42.41, 42.07, 0, 0, 4.20
2019/07/01 14:30:00, 24.25, 24.20, 24.00, 42.26, 41.99, 0, 0, 4.20
2019/07/01 14:31:00, 24.25, 24.22, 24.03, 42.25, 41.92, 0, 0, 4.20
2019/07/01 14:32:00, 24.25, 24.20, 24.03, 42.16, 41.88, 0, 0, 4.20
2019/07/01 14:33:00, 24.25, 24.22, 24.01, 42.13, 41.83, 0, 0, 4.20
2019/07/01 14:34:00, 24.25, 24.20, 24.00, 42.06, 41.77, 0, 0, 4.20
2019/07/01 14:35:00, 24.25, 24.20, 24.00, 42.03, 41.73, 0, 0, 4.20
2019/07/01 14:36:00, 24.25, 24.19, 24.03, 41.98, 41.69, 0, 0, 4.20
2019/07/01 14:37:00, 24.25, 24.20, 24.02, 41.91, 41.67, 0, 0, 4.20
2019/07/01 14:38:00, 24.25, 24.19, 24.00, 41.87, 41.62, 0, 0, 4.20
2019/07/01 14:39:00, 24.25, 24.20, 24.00, 41.85, 41.57, 0, 0, 4.20
2019/07/01 14:40:00, 24.25, 24.19, 24.01, 41.77, 41.51, 0, 0, 4.20
2019/07/01 14:41:00, 24.25, 24.19, 24.00, 41.74, 41.47, 0, 0, 4.20
2019/07/01 14:42:00, 24.25, 24.19, 24.00, 41.73, 41.46, 0, 0, 4.20
2019/07/01 14:43:00, 24.25, 24.18, 24.00, 41.74, 41.43, 0, 0, 4.20
2019/07/01 14:44:00, 24.25, 24.19, 23.97, 41.69, 41.40, 0, 0, 4.20
2019/07/01 14:45:00, 24.25, 24.22, 24.01, 41.58, 41.34, 0, 0, 4.20
2019/07/01 14:46:00, 24.25, 24.18, 24.00, 41.50, 41.24, 0, 0, 4.20
2019/07/01 14:47:00, 24.25, 24.18, 23.98, 41.34, 41.14, 0, 0, 4.20
2019/07/01 14:48:00, 24.25, 24.18, 23.97, 41.23, 41.03, 0, 0, 4.20
2019/07/01 14:49:00, 24.25, 24.15, 23.97, 41.23, 40.98, 0, 0, 4.20
2019/07/01 14:50:00, 24.25, 24.16, 23.95, 41.15, 40.93, 0, 0, 4.20
2019/07/01 14:51:00, 24.25, 24.14, 23.94, 41.07, 40.85, 0, 0, 4.20
2019/07/01 14:52:00, 24.25, 24.12, 23.92, 40.99, 40.79, 0, 0, 4.20
2019/07/01 14:53:00, 24.25, 24.12, 23.93, 40.96, 40.75, 0, 0, 4.20
2019/07/01 14:54:00, 24.25, 24.11, 23.91, 40.91, 40.73, 0, 0, 4.20
2019/07/01 14:55:00, 24.25, 24.08, 23.89, 40.86, 40.68, 0, 0, 4.20
2019/07/01 14:56:00, 24.25, 24.07, 23.87, 40.90, 40.64, 0, 0, 4.20
2019/07/01 14:57:00, 24.25, 24.07, 23.87, 40.91, 40.66, 0, 0, 4.20
2019/07/01 14:58:00, 24.25, 24.07, 23.86, 40.90, 40.64, 0, 0, 4.20
2019/07/01 14:59:00, 24.25, 24.02, 23.83, 40.82, 40.60, 0, 0, 4.20
2019/07/01 15:00:00, 24.25, 24.02, 23.83, 40.80, 40.58, 0, 0, 4.20
2019/07/01 15:01:00, 24.25, 23.99, 23.79, 40.80, 40.57, 0, 0, 4.20
2019/07/01 15:02:00, 24.25, 23.98, 23.78, 40.81, 40.55, 0, 0, 4.20
2019/07/01 15:03:00, 24.25, 23.97, 23.78, 40.76, 40.56, 0, 0, 4.20
2019/07/01 15:04:00, 24.25, 23.98, 23.78, 40.69, 40.49, 0, 0, 4.20
2019/07/01 15:05:00, 24.25, 23.97, 23.75, 40.67, 40.47, 0, 0, 4.20
2019/07/01 15:06:00, 24.25, 23.95, 23.74, 40.59, 40.40, 0, 0, 4.20
2019/07/01 15:07:00, 24.25, 23.92, 23.73, 40.64, 40.39, 0, 0, 4.20
2019/07/01 15:08:00, 24.25, 23.91, 23.71, 40.61, 40.37, 0, 0, 4.20
2019/07/01 15:09:00, 24.25, 23.90, 23.69, 40.56, 40.35, 0, 0, 4.20
2019/07/01 15:10:00, 24.25, 23.90, 23.68, 40.53, 40.34, 0, 0, 4.20
2019/07/01 15:11:00, 24.25, 23.87, 23.67, 40.52, 40.31, 0, 0, 4.20
2019/07/01 15:12:00, 24.25, 23.85, 23.69, 40.49, 40.28, 0, 0, 4.20
2019/07/01 15:13:00, 24.25, 23.87, 23.65, 40.41, 40.25, 0, 0, 4.20
2019/07/01 15:14:00, 24.25, 23.84, 23.66, 40.34, 40.18, 0, 0, 4.20
2019/07/01 15:15:00, 24.25, 23.84, 23.64, 40.33, 40.11, 0, 0, 4.20
2019/07/01 15:16:00, 24.25, 23.84, 23.66, 40.23, 40.08, 0, 0, 4.20
2019/07/01 15:17:00, 24.25, 23.81, 23.65, 40.22, 40.04, 0, 0, 4.20
2019/07/01 15:18:00, 24.25, 23.80, 23.61, 40.20, 40.02, 0, 0, 4.20
2019/07/01 15:19:00, 24.25, 23.83, 23.61, 40.15, 39.94, 0, 0, 4.20
2019/07/01 15:20:00, 24.25, 23.79, 23.60, 40.07, 39.89, 0, 0, 4.20
2019/07/01 15:21:00, 24.25, 23.81, 23.60, 40.02, 39.87, 0, 0, 4.20
2019/07/01 15:22:00, 24.25, 23.77, 23.58, 40.03, 39.85, 0, 0, 4.20
2019/07/01 15:23:00, 24.25, 23.77, 23.58, 39.96, 39.79, 0, 0, 4.20
2019/07/01 15:24:00, 24.25, 23.76, 23.57, 39.90, 39.73, 0, 0, 4.20
2019/07/01 15:25:00, 24.25, 23.74, 23.57, 39.92, 39.70, 0, 0, 4.20
2019/07/01 15:26:00, 24.25, 23.77, 23.54, 39.93, 39.71, 0, 0, 4.20
2019/07/01 15:27:00, 24.25, 23.76, 23.57, 39.93, 39.70, 0, 0, 4.20
2019/07/01 15:28:00, 24.25, 23.76, 23.54, 39.93, 39.71, 0, 0, 4.20
2019/07/01 15:29:00, 24.25, 23.77, 23.57, 39.87, 39.70, 0, 0, 4.20
2019/07/01 15:30:00, 24.25, 23.77, 23.56, 39.91, 39.67, 0, 0, 4.20
2019/07/01 15:31:00, 24.25, 23.76, 23.56, 39.87, 39.67, 0, 0, 4.20
2019/07/01 15:32:00, 24.25, 23.74, 23.54, 39.87, 39.65, 0, 0, 4.20
2019/07/01 15:33:00, 24.00, 23.76, 23.54, 39.87, 39.65, 0, 0, 4.20
2019/07/01 15:34:00, 24.25, 23.74, 23.54, 39.90, 39.65, 0, 0, 4.20
2019/07/01 15:35:00, 24.00, 23.76, 23.56, 39.87, 39.64, 0, 0, 4.20
2019/07/01 15:36:00, 24.25, 23.74, 23.54, 39.84, 39.64, 0, 0, 4.20
2019/07/01 15:37:00, 24.25, 23.76, 23.54, 39.85, 39.65, 0, 0, 4.20
2019/07/01 15:38:00, 24.00, 23.77, 23.57, 39.87, 39.63, 0, 0, 4.20
2019/07/01 15:39:00, 24.00, 23.74, 23.54, 39.85, 39.62, 0, 0, 4.20
2019/07/01 15:40:00, 24.00, 23.76, 23.56, 39.78, 39.60, 0, 0, 4.20
2019/07/01 15:41:00, 24.00, 23.74, 23.54, 39.76, 39.60, 0, 0, 4.20
2019/07/01 15:42:00, 24.00, 23.74, 23.54, 39.74, 39.57, 0, 0, 4.20
2019/07/01 15:43:00, 24.00, 23.73, 23.54, 39.76, 39.56, 0, 0, 4.20
2019/07/01 15:44:00, 24.00, 23.74, 23.51, 39.77, 39.57, 0, 0, 4.20
2019/07/01 15:45:00, 24.00, 23.73, 23.51, 39.81, 39.59, 0, 0, 4.20
2019/07/01 15:46:00, 24.00, 23.71, 23.51, 39.78, 39.60, 0, 0, 4.20
2019/07/01 15:47:00, 24.00, 23.73, 23.51, 39.77, 39.57, 0, 0, 4.20
2019/07/01 15:48:00, 24.00, 23.73, 23.51, 39.76, 39.57, 0, 0, 4.20
2019/07/01 15:49:00, 24.00, 23.73, 23.53, 39.70, 39.53, 0, 0, 4.20
2019/07/01 15:50:00, 24.00, 23.71, 23.51, 39.69, 39.53, 0, 0, 4.20
2019/07/01 15:51:00, 24.00, 23.73, 23.53, 39.75, 39.54, 0, 0, 4.20
2019/07/01 15:52:00, 24.00, 23.68, 23.53, 39.80, 39.50, 0, 0, 4.20
2019/07/01 15:53:00, 24.00, 23.71, 23.52, 39.73, 39.52, 0, 0, 4.20
2019/07/01 15:54:00, 24.00, 23.68, 23.51, 39.70, 39.50, 0, 0, 4.20
2019/07/01 15:55:00, 24.00, 23.73, 23.51, 39.74, 39.51, 0, 0, 4.20
2019/07/01 15:56:00, 24.00, 23.74, 23.52, 39.74, 39.52, 0, 0, 4.20
2019/07/01 15:57:00, 24.00, 23.71, 23.51, 39.70, 39.48, 0, 0, 4.20
2019/07/01 15:58:00, 24.00, 23.73, 23.53, 39.65, 39.45, 0, 0, 4.20
2019/07/01 15:59:00, 24.00, 23.71, 23.50, 39.65, 39.46, 0, 0, 4.20
2019/07/01 16:00:00, 24.00, 23.71, 23.53, 39.63, 39.45, 0, 0, 4.20
2019/07/01 16:01:00, 24.00, 23.71, 23.53, 39.70, 39.43, 0, 0, 4.20
2019/07/01 16:02:00, 24.00, 23.70, 23.52, 39.62, 39.43, 0, 0, 4.20
2019/07/01 16:03:00, 24.00, 23.71, 23.50, 39.66, 39.43, 0, 0, 4.20
2019/07/01 16:04:00, 24.00, 23.73, 23.52, 39.61, 39.43, 0, 0, 4.20
2019/07/01 16:05:00, 24.00, 23.70, 23.50, 39.57, 39.39, 0, 0, 4.20
2019/07/01 16:06:00, 24.00, 23.73, 23.50, 39.59, 39.40, 0, 0, 4.20
2019/07/01 16:07:00, 24.00, 23.71, 23.51, 39.55, 39.38, 0, 0, 4.20
2019/07/01 16:08:00, 24.00, 23.71, 23.48, 39.53, 39.36, 0, 0, 4.20
2019/07/01 16:09:00, 24.00, 23.68, 23.49, 39.54, 39.33, 0, 0, 4.20
2019/07/01 16:10:00, 24.00, 23.71, 23.50, 39.50, 39.33, 0, 0, 4.20
2019/07/01 16:11:00, 24.00, 23.68, 23.47, 39.46, 39.30, 0, 0, 4.20
2019/07/01 16:12:00, 24.00, 23.70, 23.52, 39.47, 39.28, 0, 0, 4.20
2019/07/01 16:13:00, 24.00, 23.67, 23.49, 39.43, 39.28, 0, 0, 4.20
2019/07/01 16:14:00, 24.00, 23.71, 23.50, 39.44, 39.28, 0, 0, 4.20
2019/07/01 16:15:00, 24.00, 23.65, 23.48, 39.38, 39.22, 0, 0, 4.20
2019/07/01 16:16:00, 24.00, 23.71, 23.48, 39.39, 39.18, 0, 0, 4.20
2019/07/01 16:17:00, 24.00, 23.68, 23.49, 39.32, 39.19, 0, 0, 4.20
2019/07/01 16:18:00, 24.00, 23.67, 23.48, 39.36, 39.17, 0, 0, 4.20
2019/07/01 16:19:00, 24.00, 23.67, 23.47, 39.35, 39.15, 0, 0, 4.20
2019/07/01 16:20:00, 24.00, 23.67, 23.48, 39.24, 39.10, 0, 0, 4.20
2019/07/01 16:21:00, 24.00, 23.65, 23.47, 39.17, 39.06, 0, 0, 4.20
2019/07/01 16:22:00, 24.00, 23.65, 23.45, 39.25, 39.02, 0, 0, 4.20
2019/07/01 16:23:00, 24.00, 23.65, 23.45, 39.16, 39.01, 0, 0, 4.20
2019/07/01 16:24:00, 24.00, 23.64, 23.45, 39.09, 38.96, 0, 0, 4.20
2019/07/01 16:25:00, 24.00, 23.63, 23.46, 39.05, 38.94, 0, 0, 4.20
2019/07/01 16:26:00, 24.00, 23.63, 23.44, 39.05, 38.88, 0, 0, 4.20
2019/07/01 16:27:00, 24.00, 23.61, 23.44, 39.05, 38.87, 0, 0, 4.20
2019/07/01 16:28:00, 24.00, 23.63, 23.42, 38.93, 38.76, 0, 0, 4.20
2019/07/01 16:29:00, 24.00, 23.61, 23.41, 38.99, 38.78, 0, 0, 4.20
2019/07/01 16:30:00, 24.00, 23.63, 23.42, 38.90, 38.75, 0, 0, 4.20
2019/07/01 16:31:00, 24.00, 23.61, 23.42, 38.85, 38.72, 0, 0, 4.20
2019/07/01 16:32:00, 24.00, 23.61, 23.41, 38.92, 38.72, 0, 0, 4.20
2019/07/01 16:33:00, 24.00, 23.61, 23.44, 38.78, 38.68, 0, 0, 4.20
2019/07/01 16:34:00, 24.00, 23.61, 23.46, 38.85, 38.65, 0, 0, 4.20
2019/07/01 16:35:00, 24.00, 23.67, 23.45, 38.83, 38.67, 0, 0, 4.20
2019/07/01 16:36:00, 24.00, 23.68, 23.47, 38.74, 38.60, 0, 0, 4.20
2019/07/01 16:37:00, 24.00, 23.68, 23.49, 38.71, 38.55, 0, 0, 4.20
2019/07/01 16:38:00, 24.00, 23.74, 23.51, 38.68, 38.51, 0, 0, 4.20
2019/07/01 16:39:00, 24.00, 23.71, 23.52, 38.64, 38.46, 0, 0, 4.20
2019/07/01 16:40:00, 24.00, 23.74, 23.54, 38.65, 38.44, 0, 0, 4.20
2019/07/01 16:41:00, 24.00, 23.76, 23.56, 38.57, 38.41, 0, 0, 4.20
2019/07/01 16:42:00, 24.00, 23.76, 23.54, 38.53, 38.38, 0, 0, 4.20
2019/07/01 16:43:00, 24.00, 23.76, 23.60, 38.53, 38.34, 0, 0, 4.20
2019/07/01 16:44:00, 24.00, 23.79, 23.58, 38.44, 38.32, 0, 0, 4.20
2019/07/01 16:45:00, 24.00, 23.79, 23.60, 38.40, 38.28, 0, 0, 4.20
2019/07/01 16:46:00, 24.00, 23.79, 23.59, 38.35, 38.24, 0, 0, 4.20
2019/07/01 16:47:00, 24.00, 23.80, 23.60, 38.32, 38.19, 0, 0, 4.20
2019/07/01 16:48:00, 24.00, 23.81, 23.60, 38.33, 38.15, 0, 0, 4.20
2019/07/01 16:49:00, 24.00, 23.83, 23.62, 38.27, 38.12, 0, 0, 4.20
2019/07/01 16:50:00, 24.00, 23.83, 23.61, 38.27, 38.10, 0, 0, 4.20
2019/07/01 16:51:00, 24.00, 23.84, 23.63, 38.22, 38.07, 0, 0, 4.20
2019/07/01 16:52:00, 24.00, 23.84, 23.62, 38.13, 38.05, 0, 0, 4.20
2019/07/01 16:53:00, 24.00, 23.85, 23.63, 38.14, 38.00, 0, 0, 4.20
2019/07/01 16:54:00, 24.00, 23.85, 23.65, 38.14, 38.00, 0, 0, 4.20
2019/07/01 16:55:00, 24.00, 23.81, 23.63, 38.09, 37.96, 0, 0, 4.20
2019/07/01 16:56:00, 24.00, 23.84, 23.65, 38.06, 37.91, 0, 0, 4.20
2019/07/01 16:57:00, 24.00, 23.84, 23.63, 38.04, 37.91, 0, 0, 4.20
2019/07/01 16:58:00, 24.00, 23.85, 23.65, 38.04, 37.89, 0, 0, 4.20
2019/07/01 16:59:00, 24.00, 23.88, 23.66, 38.03, 37.85, 0, 0, 4.20
2019/07/01 17:00:00, 24.00, 23.87, 23.68, 38.02, 37.85, 0, 0, 4.20
2019/07/01 17:01:00, 24.00, 23.85, 23.66, 37.93, 37.81, 0, 0, 4.20
2019/07/01 17:02:00, 24.00, 23.88, 23.68, 37.96, 37.80, 0, 0, 4.20
2019/07/01 17:03:00, 24.00, 23.88, 23.68, 37.96, 37.80, 0, 0, 4.20
2019/07/01 17:04:00, 24.00, 23.85, 23.68, 37.96, 37.76, 0, 0, 4.20
2019/07/01 17:05:00, 24.00, 23.87, 23.65, 37.91, 37.77, 0, 0, 4.20
2019/07/01 17:06:00, 24.00, 23.87, 23.71, 37.91, 37.75, 0, 0, 4.20
2019/07/01 17:07:00, 24.00, 23.88, 23.67, 37.92, 37.74, 0, 0, 4.20
2019/07/01 17:08:00, 24.00, 23.88, 23.69, 37.96, 37.76, 0, 0, 4.20
2019/07/01 17:09:00, 24.00, 23.87, 23.69, 37.95, 37.78, 0, 0, 4.20
2019/07/01 17:10:00, 24.00, 23.87, 23.68, 37.89, 37.76, 0, 0, 4.20
2019/07/01 17:11:00, 24.00, 23.88, 23.68, 37.91, 37.75, 0, 0, 4.20
2019/07/01 17:12:00, 24.00, 23.88, 23.69, 37.88, 37.76, 0, 0, 4.20
2019/07/01 17:13:00, 24.00, 23.88, 23.67, 37.92, 37.76, 0, 0, 4.20
2019/07/01 17:14:00, 24.00, 23.90, 23.71, 37.91, 37.77, 0, 0, 4.20
2019/07/01 17:15:00, 24.00, 23.88, 23.69, 37.90, 37.74, 0, 0, 4.20
2019/07/01 17:16:00, 24.00, 23.90, 23.69, 37.90, 37.74, 0, 0, 4.20
2019/07/01 17:17:00, 24.00, 23.90, 23.69, 37.92, 37.72, 0, 0, 4.20
2019/07/01 17:18:00, 24.00, 23.88, 23.68, 37.90, 37.74, 0, 0, 4.20
2019/07/01 17:19:00, 24.00, 23.88, 23.67, 37.88, 37.73, 0, 0, 4.20
2019/07/01 17:20:00, 24.00, 23.87, 23.67, 37.90, 37.73, 0, 0, 4.20
2019/07/01 17:21:00, 24.00, 23.88, 23.68, 37.90, 37.73, 0, 0, 4.20
2019/07/01 17:22:00, 24.00, 23.88, 23.69, 37.90, 37.73, 0, 0, 4.20
2019/07/01 17:23:00, 24.00, 23.90, 23.69, 37.92, 37.74, 0, 0, 4.20
2019/07/01 17:24:00, 24.00, 23.87, 23.69, 37.94, 37.75, 0, 0, 4.20
2019/07/01 17:25:00, 24.00, 23.88, 23.69, 37.91, 37.74, 0, 0, 4.20
2019/07/01 17:26:00, 24.00, 23.91, 23.69, 37.88, 37.73, 0, 0, 4.20
2019/07/01 17:27:00, 24.00, 23.90, 23.69, 37.86, 37.74, 0, 0, 4.20
2019/07/01 17:28:00, 24.00, 23.88, 23.69, 37.92, 37.72, 0, 0, 4.20
2019/07/01 17:29:00, 24.00, 23.91, 23.67, 37.90, 37.75, 0, 0, 4.20
2019/07/01 17:30:00, 24.00, 23.91, 23.68, 37.91, 37.75, 0, 0, 4.20
2019/07/01 17:31:00, 24.00, 23.88, 23.68, 37.87, 37.76, 0, 0, 4.20
2019/07/01 17:32:00, 24.00, 23.90, 23.72, 37.91, 37.75, 0, 0, 4.20
2019/07/01 17:33:00, 24.00, 23.90, 23.69, 37.93, 37.75, 0, 0, 4.20
2019/07/01 17:34:00, 24.00, 23.91, 23.68, 37.92, 37.76, 0, 0, 4.20
2019/07/01 17:35:00, 24.00, 23.91, 23.71, 37.90, 37.76, 0, 0, 4.20
2019/07/01 17:36:00, 24.00, 23.91, 23.71, 37.92, 37.77, 0, 0, 4.20
2019/07/01 17:37:00, 24.00, 23.90, 23.69, 37.94, 37.74, 0, 0, 4.20
2019/07/01 17:38:00, 24.00, 23.88, 23.68, 37.92, 37.77, 0, 0, 4.20
2019/07/01 17:39:00, 24.00, 23.91, 23.69, 37.92, 37.76, 0, 0, 4.20
2019/07/01 17:40:00, 24.00, 23.91, 23.71, 37.92, 37.76, 0, 0, 4.20
2019/07/01 17:41:00, 24.00, 23.90, 23.72, 37.94, 37.77, 0, 0, 4.20
2019/07/01 17:42:00, 24.00, 23.92, 23.71, 37.91, 37.76, 0, 0, 4.20
2019/07/01 17:43:00, 24.00, 23.91, 23.72, 37.96, 37.80, 0, 0, 4.20
2019/07/01 17:44:00, 24.00, 23.92, 23.71, 37.94, 37.79, 0, 0, 4.20
2019/07/01 17:45:00, 24.00, 23.90, 23.71, 37.95, 37.80, 0, 0, 4.20
2019/07/01 17:46:00, 24.00, 23.91, 23.72, 37.98, 37.80, 0, 0, 4.20
2019/07/01 17:47:00, 24.00, 23.91, 23.72, 37.96, 37.79, 0, 0, 4.20
2019/07/01 17:48:00, 24.00, 23.90, 23.73, 37.97, 37.80, 0, 0, 4.20
2019/07/01 17:49:00, 24.00, 23.91, 23.71, 37.93, 37.79, 0, 0, 4.20
2019/07/01 17:50:00, 24.00, 23.88, 23.69, 37.95, 37.80, 0, 0, 4.20
2019/07/01 17:51:00, 24.00, 23.90, 23.68, 37.99, 37.81, 0, 0, 4.20
2019/07/01 17:52:00, 24.00, 23.91, 23.69, 37.99, 37.81, 0, 0, 4.20
2019/07/01 17:53:00, 24.00, 23.90, 23.69, 38.00, 37.80, 0, 0, 4.20
2019/07/01 17:54:00, 24.00, 23.88, 23.68, 37.95, 37.81, 0, 0, 4.20
2019/07/01 17:55:00, 24.00, 23.88, 23.69, 37.97, 37.79, 0, 0, 4.20
2019/07/01 17:56:00, 24.00, 23.88, 23.69, 37.97, 37.80, 0, 0, 4.20
2019/07/01 17:57:00, 24.00, 23.88, 23.69, 37.93, 37.76, 0, 0, 4.20
2019/07/01 17:58:00, 24.00, 23.87, 23.69, 37.94, 37.76, 0, 0, 4.20
2019/07/01 17:59:00, 24.00, 23.88, 23.69, 37.91, 37.78, 0, 0, 4.20
2019/07/01 18:00:00, 24.00, 23.92, 23.71, 37.90, 37.75, 0, 0, 4.20
2019/07/01 18:01:00, 24.00, 23.90, 23.73, 37.92, 37.74, 0, 0, 4.20
2019/07/01 18:02:00, 24.00, 23.91, 23.72, 37.89, 37.72, 0, 0, 4.20
2019/07/01 18:03:00, 24.00, 23.90, 23.69, 37.84, 37.70, 0, 0, 4.20
2019/07/01 18:04:00, 24.00, 23.88, 23.69, 37.81, 37.70, 0, 0, 4.20
2019/07/01 18:05:00, 24.00, 23.90, 23.68, 37.87, 37.68, 0, 0, 4.20
2019/07/01 18:06:00, 24.00, 23.91, 23.69, 37.80, 37.68, 0, 0, 4.20
2019/07/01 18:07:00, 24.00, 23.91, 23.69, 37.84, 37.67, 0, 0, 4.20
2019/07/01 18:08:00, 24.00, 23.90, 23.68, 37.81, 37.64, 0, 0, 4.20
2019/07/01 18:09:00, 24.00, 23.88, 23.71, 37.80, 37.67, 0, 0, 4.20
2019/07/01 18:10:00, 24.00, 23.90, 23.69, 37.84, 37.66, 0, 0, 4.20
2019/07/01 18:11:00, 24.00, 23.92, 23.71, 37.81, 37.66, 0, 0, 4.20
2019/07/01 18:12:00, 24.00, 23.88, 23.67, 37.81, 37.65, 0, 0, 4.20
2019/07/01 18:13:00, 24.00, 23.90, 23.69, 37.81, 37.64, 0, 0, 4.20
2019/07/01 18:14:00, 24.00, 23.90, 23.69, 37.79, 37.67, 0, 0, 4.20
2019/07/01 18:15:00, 24.00, 23.91, 23.67, 37.79, 37.65, 0, 0, 4.20
2019/07/01 18:16:00, 24.00, 23.90, 23.69, 37.85, 37.64, 0, 0, 4.20
2019/07/01 18:17:00, 24.00, 23.90, 23.71, 37.76, 37.63, 0, 0, 4.20
2019/07/01 18:18:00, 24.00, 23.88, 23.69, 37.77, 37.63, 0, 0, 4.20
2019/07/01 18:19:00, 24.00, 23.90, 23.71, 37.75, 37.59, 0, 0, 4.20
2019/07/01 18:20:00, 24.00, 23.91, 23.69, 37.75, 37.60, 0, 0, 4.20
2019/07/01 18:21:00, 24.00, 23.88, 23.69, 37.78, 37.59, 0, 0, 4.20
2019/07/01 18:22:00, 24.00, 23.90, 23.71, 37.72, 37.57, 0, 0, 4.20
2019/07/01 18:23:00, 24.00, 23.92, 23.69, 37.74, 37.58, 0, 0, 4.20
2019/07/01 18:24:00, 24.00, 23.90, 23.72, 37.71, 37.55, 0, 0, 4.20
2019/07/01 18:25:00, 24.00, 23.90, 23.72, 37.68, 37.55, 0, 0, 4.20
2019/07/01 18:26:00, 24.00, 23.92, 23.71, 37.70, 37.54, 0, 0, 4.20
2019/07/01 18:27:00, 24.00, 23.92, 23.73, 37.66, 37.53, 0, 0, 4.20
2019/07/01 18:28:00, 24.00, 23.91, 23.71, 37.67, 37.51, 0, 0, 4.20
2019/07/01 18:29:00, 24.00, 23.91, 23.72, 37.67, 37.50, 0, 0, 4.20
2019/07/01 18:30:00, 24.00, 23.90, 23.72, 37.66, 37.49, 0, 0, 4.20
2019/07/01 18:31:00, 24.00, 23.92, 23.74, 37.63, 37.48, 0, 0, 4.20
2019/07/01 18:32:00, 24.00, 23.92, 23.73, 37.60, 37.47, 0, 0, 4.20
2019/07/01 18:33:00, 24.00, 23.91, 23.73, 37.61, 37.46, 0, 0, 4.20
2019/07/01 18:34:00, 24.00, 23.92, 23.73, 37.60, 37.47, 0, 0, 4.20
2019/07/01 18:35:00, 24.00, 23.92, 23.72, 37.58, 37.44, 0, 0, 4.20
2019/07/01 18:36:00, 24.00, 23.91, 23.71, 37.57, 37.42, 0, 0, 4.20
2019/07/01 18:37:00, 24.00, 23.91, 23.69, 37.59, 37.41, 0, 0, 4.20
2019/07/01 18:38:00, 24.00, 23.91, 23.71, 37.55, 37.41, 0, 0, 4.20
2019/07/01 18:39:00, 24.00, 23.91, 23.71, 37.51, 37.41, 0, 0, 4.20
2019/07/01 18:40:00, 24.00, 23.91, 23.71, 37.56, 37.39, 0, 0, 4.20
2019/07/01 18:41:00, 24.00, 23.91, 23.68, 37.56, 37.37, 0, 0, 4.20
2019/07/01 18:42:00, 24.00, 23.91, 23.72, 37.54, 37.38, 0, 0, 4.20
2019/07/01 18:43:00, 24.00, 23.91, 23.72, 37.51, 37.37, 0, 0, 4.20
2019/07/01 18:44:00, 24.00, 23.91, 23.69, 37.46, 37.33, 0, 0, 4.20
2019/07/01 18:45:00, 24.00, 23.90, 23.71, 37.50, 37.32, 0, 0, 4.20
2019/07/01 18:46:00, 24.00, 23.88, 23.72, 37.45, 37.29, 0, 0, 4.20
2019/07/01 18:47:00, 24.00, 23.88, 23.69, 37.45, 37.31, 0, 0, 4.20
2019/07/01 18:48:00, 24.00, 23.90, 23.72, 37.47, 37.28, 0, 0, 4.20
2019/07/01 18:49:00, 24.00, 23.90, 23.71, 37.43, 37.28, 0, 0, 4.20
2019/07/01 18:50:00, 24.00, 23.90, 23.71, 37.45, 37.28, 0, 0, 4.20
2019/07/01 18:51:00, 24.00, 23.88, 23.69, 37.37, 37.28, 0, 0, 4.20
2019/07/01 18:52:00, 24.00, 23.90, 23.68, 37.42, 37.25, 0, 0, 4.20
2019/07/01 18:53:00, 24.00, 23.90, 23.69, 37.43, 37.25, 0, 0, 4.20
2019/07/01 18:54:00, 24.00, 23.91, 23.73, 37.32, 37.24, 0, 0, 4.20
2019/07/01 18:55:00, 24.00, 23.90, 23.71, 37.32, 37.22, 0, 0, 4.20
2019/07/01 18:56:00, 24.00, 23.91, 23.69, 37.37, 37.21, 0, 0, 4.20
2019/07/01 18:57:00, 24.00, 23.92, 23.69, 37.35, 37.19, 0, 0, 4.20
2019/07/01 18:58:00, 24.00, 23.90, 23.73, 37.37, 37.21, 0, 0, 4.20
2019/07/01 18:59:00, 24.00, 23.90, 23.69, 37.31, 37.19, 0, 0, 4.20
2019/07/01 19:00:00, 24.00, 23.91, 23.72, 37.36, 37.19, 0, 0, 4.20
2019/07/01 19:01:00, 24.00, 23.87, 23.72, 37.34, 37.18, 0, 0, 4.20
2019/07/01 19:02:00, 24.00, 23.91, 23.71, 37.34, 37.15, 0, 0, 4.20
2019/07/01 19:03:00, 24.00, 23.88, 23.69, 37.34, 37.15, 0, 0, 4.20
2019/07/01 19:04:00, 24.00, 23.90, 23.69, 37.31, 37.15, 0, 0, 4.20
2019/07/01 19:05:00, 24.00, 23.91, 23.66, 37.34, 37.14, 0, 0, 4.20
2019/07/01 19:06:00, 24.00, 23.90, 23.69, 37.30, 37.12, 0, 0, 4.20
2019/07/01 19:07:00, 24.00, 23.91, 23.68, 37.32, 37.12, 0, 0, 4.20
2019/07/01 19:08:00, 24.00, 23.91, 23.69, 37.27, 37.14, 0, 0, 4.20
2019/07/01 19:09:00, 24.00, 23.88, 23.67, 37.32, 37.12, 0, 0, 4.20
2019/07/01 19:10:00, 24.00, 23.88, 23.68, 37.29, 37.12, 0, 0, 4.20
2019/07/01 19:11:00, 24.00, 23.90, 23.71, 37.28, 37.12, 0, 0, 4.20
2019/07/01 19:12:00, 24.00, 23.87, 23.67, 37.27, 37.10, 0, 0, 4.20
2019/07/01 19:13:00, 24.00, 23.87, 23.68, 37.34, 37.10, 0, 0, 4.20
2019/07/01 19:14:00, 24.00, 23.88, 23.68, 37.25, 37.09, 0, 0, 4.20
2019/07/01 19:15:00, 24.00, 23.87, 23.67, 37.29, 37.10, 0, 0, 4.20
2019/07/01 19:16:00, 24.00, 23.90, 23.68, 37.26, 37.09, 0, 0, 4.20
2019/07/01 19:17:00, 24.00, 23.87, 23.68, 37.27, 37.09, 0, 0, 4.20
2019/07/01 19:18:00, 24.00, 23.85, 23.68, 37.24, 37.08, 0, 0, 4.20
2019/07/01 19:19:00, 24.00, 23.90, 23.66, 37.28, 37.07, 0, 0, 4.20
2019/07/01 19:20:00, 24.00, 23.87, 23.68, 37.27, 37.09, 0, 0, 4.20
2019/07/01 19:21:00, 24.00, 23.90, 23.68, 37.27, 37.06, 0, 0, 4.20
2019/07/01 19:22:00, 24.00, 23.88, 23.67, 37.25, 37.08, 0, 0, 4.20
2019/07/01 19:23:00, 24.00, 23.88, 23.67, 37.27, 37.06, 0, 0, 4.20
2019/07/01 19:24:00, 24.00, 23.88, 23.66, 37.24, 37.06, 0, 0, 4.20
2019/07/01 19:25:00, 24.00, 23.85, 23.68, 37.23, 37.08, 0, 0, 4.20
2019/07/01 19:26:00, 24.00, 23.88, 23.68, 37.22, 37.07, 0, 0, 4.20
2019/07/01 19:27:00, 24.00, 23.87, 23.67, 37.24, 37.08, 0, 0, 4.20
2019/07/01 19:28:00, 24.00, 23.87, 23.67, 37.23, 37.05, 0, 0, 4.20
2019/07/01 19:29:00, 24.00, 23.90, 23.66, 37.21, 37.06, 0, 0, 4.20
2019/07/01 19:30:00, 24.00, 23.85, 23.65, 37.22, 37.06, 0, 0, 4.20
2019/07/01 19:31:00, 24.00, 23.88, 23.65, 37.24, 37.06, 0, 0, 4.20
2019/07/01 19:32:00, 24.00, 23.85, 23.66, 37.18, 37.06, 0, 0, 4.20
2019/07/01 19:33:00, 24.00, 23.88, 23.65, 37.21, 37.05, 0, 0, 4.20
2019/07/01 19:34:00, 24.00, 23.87, 23.65, 37.25, 37.03, 0, 0, 4.20
2019/07/01 19:35:00, 24.00, 23.84, 23.65, 37.21, 37.05, 0, 0, 4.20
2019/07/01 19:36:00, 24.00, 23.85, 23.66, 37.17, 37.05, 0, 0, 4.20
2019/07/01 19:37:00, 24.00, 23.84, 23.65, 37.18, 37.02, 0, 0, 4.20
2019/07/01 19:38:00, 24.00, 23.87, 23.67, 37.21, 37.02, 0, 0, 4.20
2019/07/01 19:39:00, 24.00, 23.87, 23.65, 37.18, 37.03, 0, 0, 4.20
2019/07/01 19:40:00, 24.00, 23.85, 23.65, 37.18, 37.04, 0, 0, 4.20
2019/07/01 19:41:00, 24.00, 23.84, 23.65, 37.17, 37.02, 0, 0, 4.20
2019/07/01 19:42:00, 24.00, 23.84, 23.65, 37.18, 37.00, 0, 0, 4.20
2019/07/01 19:43:00, 24.00, 23.84, 23.64, 37.18, 36.98, 0, 0, 4.20
2019/07/01 19:44:00, 24.00, 23.84, 23.65, 37.14, 36.98, 0, 0, 4.20
2019/07/01 19:45:00, 24.00, 23.84, 23.66, 37.16, 36.98, 0, 0, 4.20
2019/07/01 19:46:00, 24.00, 23.84, 23.63, 37.13, 36.96, 0, 0, 4.20
2019/07/01 19:47:00, 24.00, 23.83, 23.64, 37.13, 36.99, 0, 0, 4.20
2019/07/01 19:48:00, 24.00, 23.84, 23.64, 37.13, 36.96, 0, 0, 4.20
2019/07/01 19:49:00, 24.00, 23.83, 23.63, 37.12, 36.99, 0, 0, 4.20
2019/07/01 19:50:00, 24.00, 23.84, 23.64, 37.17, 36.97, 0, 0, 4.20
2019/07/01 19:51:00, 24.00, 23.83, 23.64, 37.12, 36.96, 0, 0, 4.20
2019/07/01 19:52:00, 24.00, 23.81, 23.64, 37.12, 36.95, 0, 0, 4.20
2019/07/01 19:53:00, 24.00, 23.84, 23.63, 37.10, 36.94, 0, 0, 4.20
2019/07/01 19:54:00, 24.00, 23.83, 23.63, 37.10, 36.95, 0, 0, 4.20
2019/07/01 19:55:00, 24.00, 23.84, 23.64, 37.12, 36.92, 0, 0, 4.20
2019/07/01 19:56:00, 24.00, 23.81, 23.63, 37.06, 36.93, 0, 0, 4.20
2019/07/01 19:57:00, 24.00, 23.83, 23.63, 37.12, 36.93, 0, 0, 4.20
2019/07/01 19:58:00, 24.00, 23.83, 23.61, 37.10, 36.92, 0, 0, 4.20
2019/07/01 19:59:00, 24.00, 23.83, 23.62, 37.09, 36.93, 0, 0, 4.20
2019/07/01 20:00:00, 24.00, 23.81, 23.61, 37.10, 36.94, 0, 0, 4.20
2019/07/01 20:01:00, 24.00, 23.84, 23.63, 37.13, 36.95, 0, 0, 4.20
2019/07/01 20:02:00, 24.00, 23.83, 23.65, 37.14, 36.93, 0, 0, 4.20
2019/07/01 20:03:00, 24.00, 23.84, 23.62, 37.09, 36.94, 0, 0, 4.20
2019/07/01 20:04:00, 24.00, 23.80, 23.63, 37.07, 36.94, 0, 0, 4.20
2019/07/01 20:05:00, 24.00, 23.81, 23.62, 37.07, 36.94, 0, 0, 4.20
2019/07/01 20:06:00, 24.00, 23.81, 23.63, 37.07, 36.93, 0, 0, 4.20
2019/07/01 20:07:00, 24.00, 23.84, 23.63, 37.10, 36.94, 0, 0, 4.20
2019/07/01 20:08:00, 24.00, 23.81, 23.62, 37.09, 36.95, 0, 0, 4.20
2019/07/01 20:09:00, 24.00, 23.83, 23.63, 37.14, 36.96, 0, 0, 4.20
2019/07/01 20:10:00, 24.00, 23.83, 23.63, 37.15, 36.97, 0, 0, 4.20
2019/07/01 20:11:00, 24.00, 23.83, 23.62, 37.10, 36.97, 0, 0, 4.20
2019/07/01 20:12:00, 24.00, 23.79, 23.60, 37.14, 36.96, 0, 0, 4.20
2019/07/01 20:13:00, 24.00, 23.79, 23.60, 37.14, 36.96, 0, 0, 4.20
2019/07/01 20:14:00, 24.00, 23.80, 23.61, 37.14, 36.96, 0, 0, 4.20
2019/07/01 20:15:00, 24.00, 23.80, 23.60, 37.13, 36.96, 0, 0, 4.20
2019/07/01 20:16:00, 24.00, 23.79, 23.59, 37.13, 36.96, 0, 0, 4.20
2019/07/01 20:17:00, 24.00, 23.79, 23.62, 37.11, 36.95, 0, 0, 4.20
2019/07/01 20:18:00, 24.00, 23.80, 23.59, 37.11, 36.96, 0, 0, 4.20
2019/07/01 20:19:00, 24.00, 23.81, 23.61, 37.10, 36.94, 0, 0, 4.20
2019/07/01 20:20:00, 24.00, 23.79, 23.60, 37.15, 36.93, 0, 0, 4.20
2019/07/01 20:21:00, 24.00, 23.79, 23.60, 37.14, 36.95, 0, 0, 4.20
2019/07/01 20:22:00, 24.00, 23.79, 23.60, 37.11, 36.93, 0, 0, 4.20
2019/07/01 20:23:00, 24.00, 23.81, 23.60, 37.11, 36.93, 0, 0, 4.20
2019/07/01 20:24:00, 24.00, 23.80, 23.59, 37.10, 36.92, 0, 0, 4.20
2019/07/01 20:25:00, 24.00, 23.80, 23.59, 37.07, 36.93, 0, 0, 4.20
2019/07/01 20:26:00, 24.00, 23.80, 23.59, 37.07, 36.90, 0, 0, 4.20
2019/07/01 20:27:00, 24.00, 23.79, 23.60, 37.06, 36.90, 0, 0, 4.20
2019/07/01 20:28:00, 24.00, 23.80, 23.60, 37.09, 36.90, 0, 0, 4.20
2019/07/01 20:29:00, 24.00, 23.79, 23.60, 37.08, 36.88, 0, 0, 4.20
2019/07/01 20:30:00, 24.00, 23.81, 23.59, 37.07, 36.89, 0, 0, 4.20
2019/07/01 20:31:00, 24.00, 23.77, 23.57, 37.06, 36.87, 0, 0, 4.20
2019/07/01 20:32:00, 24.00, 23.80, 23.59, 37.02, 36.87, 0, 0, 4.20
2019/07/01 20:33:00, 24.00, 23.80, 23.60, 37.02, 36.86, 0, 0, 4.20
2019/07/01 20:34:00, 24.00, 23.80, 23.57, 37.04, 36.86, 0, 0, 4.20
2019/07/01 20:35:00, 24.00, 23.77, 23.57, 37.02, 36.83, 0, 0, 4.20
2019/07/01 20:36:00, 24.00, 23.77, 23.57, 36.98, 36.83, 0, 0, 4.20
2019/07/01 20:37:00, 24.00, 23.77, 23.58, 36.96, 36.83, 0, 0, 4.20
2019/07/01 20:38:00, 24.00, 23.76, 23.59, 36.99, 36.83, 0, 0, 4.20
2019/07/01 20:39:00, 24.00, 23.76, 23.59, 37.00, 36.80, 0, 0, 4.20
2019/07/01 20:40:00, 24.00, 23.77, 23.58, 36.96, 36.80, 0, 0, 4.20
2019/07/01 20:41:00, 24.00, 23.79, 23.58, 36.92, 36.80, 0, 0, 4.20
2019/07/01 20:42:00, 24.00, 23.76, 23.57, 36.95, 36.80, 0, 0, 4.20
2019/07/01 20:43:00, 24.00, 23.76, 23.57, 36.97, 36.80, 0, 0, 4.20
2019/07/01 20:44:00, 24.00, 23.77, 23.54, 36.93, 36.77, 0, 0, 4.20
2019/07/01 20:45:00, 24.00, 23.77, 23.57, 36.93, 36.77, 0, 0, 4.20
2019/07/01 20:46:00, 24.00, 23.76, 23.56, 36.92, 36.77, 0, 0, 4.20
2019/07/01 20:47:00, 24.00, 23.76, 23.57, 36.93, 36.77, 0, 0, 4.20
2019/07/01 20:48:00, 24.00, 23.77, 23.56, 36.98, 36.77, 0, 0, 4.20
2019/07/01 20:49:00, 24.00, 23.76, 23.54, 36.92, 36.74, 0, 0, 4.20
2019/07/01 20:50:00, 24.00, 23.74, 23.53, 36.91, 36.73, 0, 0, 4.20
2019/07/01 20:51:00, 24.00, 23.77, 23.54, 36.88, 36.72, 0, 0, 4.20
2019/07/01 20:52:00, 24.00, 23.73, 23.54, 36.88, 36.72, 0, 0, 4.20
2019/07/01 20:53:00, 24.00, 23.74, 23.53, 36.92, 36.71, 0, 0, 4.20
2019/07/01 20:54:00, 24.00, 23.73, 23.54, 36.91, 36.72, 0, 0, 4.20
2019/07/01 20:55:00, 24.00, 23.77, 23.52, 36.89, 36.72, 0, 0, 4.20
2019/07/01 20:56:00, 24.00, 23.76, 23.53, 36.87, 36.72, 0, 0, 4.20
2019/07/01 20:57:00, 24.00, 23.74, 23.54, 36.87, 36.70, 0, 0, 4.20
2019/07/01 20:58:00, 24.00, 23.76, 23.53, 36.87, 36.71, 0, 0, 4.20
2019/07/01 20:59:00, 24.00, 23.74, 23.51, 36.91, 36.71, 0, 0, 4.20
2019/07/01 21:00:00, 24.00, 23.73, 23.53, 36.88, 36.70, 0, 0, 4.20
2019/07/01 21:01:00, 24.00, 23.73, 23.54, 36.86, 36.70, 0, 0, 4.20
2019/07/01 21:02:00, 24.00, 23.74, 23.51, 36.81, 36.68, 0, 0, 4.20
2019/07/01 21:03:00, 24.00, 23.73, 23.51, 36.83, 36.68, 0, 0, 4.20
2019/07/01 21:04:00, 24.00, 23.74, 23.52, 36.87, 36.69, 0, 0, 4.20
2019/07/01 21:05:00, 24.00, 23.74, 23.52, 36.85, 36.68, 0, 0, 4.20
2019/07/01 21:06:00, 24.00, 23.73, 23.52, 36.85, 36.68, 0, 0, 4.20
2019/07/01 21:07:00, 24.00, 23.71, 23.51, 36.86, 36.69, 0, 0, 4.20
2019/07/01 21:08:00, 24.00, 23.74, 23.52, 36.82, 36.67, 0, 0, 4.20
2019/07/01 21:09:00, 24.00, 23.74, 23.51, 36.84, 36.70, 0, 0, 4.20
2019/07/01 21:10:00, 24.00, 23.73, 23.51, 36.89, 36.70, 0, 0, 4.20
2019/07/01 21:11:00, 24.00, 23.74, 23.52, 36.91, 36.70, 0, 0, 4.20
2019/07/01 21:12:00, 24.00, 23.71, 23.52, 36.85, 36.69, 0, 0, 4.20
2019/07/01 21:13:00, 24.00, 23.73, 23.51, 36.84, 36.67, 0, 0, 4.20
2019/07/01 21:14:00, 24.00, 23.73, 23.51, 36.80, 36.68, 0, 0, 4.20
2019/07/01 21:15:00, 24.00, 23.71, 23.52, 36.82, 36.68, 0, 0, 4.20
2019/07/01 21:16:00, 24.00, 23.71, 23.53, 36.85, 36.67, 0, 0, 4.20
2019/07/01 21:17:00, 24.00, 23.73, 23.50, 36.82, 36.66, 0, 0, 4.20
2019/07/01 21:18:00, 24.00, 23.70, 23.49, 36.83, 36.66, 0, 0, 4.20
2019/07/01 21:19:00, 24.00, 23.71, 23.49, 36.83, 36.65, 0, 0, 4.20
2019/07/01 21:20:00, 24.00, 23.71, 23.49, 36.84, 36.66, 0, 0, 4.20
2019/07/01 21:21:00, 24.00, 23.70, 23.51, 36.82, 36.66, 0, 0, 4.20
2019/07/01 21:22:00, 24.00, 23.70, 23.50, 36.83, 36.67, 0, 0, 4.20
2019/07/01 21:23:00, 24.00, 23.71, 23.48, 36.82, 36.66, 0, 0, 4.20
2019/07/01 21:24:00, 24.00, 23.70, 23.50, 36.85, 36.66, 0, 0, 4.20
2019/07/01 21:25:00, 24.00, 23.71, 23.50, 36.85, 36.67, 0, 0, 4.20
2019/07/01 21:26:00, 24.00, 23.71, 23.49, 36.85, 36.66, 0, 0, 4.20
2019/07/01 21:27:00, 24.00, 23.68, 23.49, 36.81, 36.67, 0, 0, 4.20
2019/07/01 21:28:00, 24.00, 23.70, 23.50, 36.87, 36.65, 0, 0, 4.20
2019/07/01 21:29:00, 24.00, 23.68, 23.47, 36.86, 36.69, 0, 0, 4.20
2019/07/01 21:30:00, 24.00, 23.70, 23.48, 36.86, 36.66, 0, 0, 4.20
2019/07/01 21:31:00, 24.00, 23.68, 23.50, 36.86, 36.65, 0, 0, 4.20
2019/07/01 21:32:00, 24.00, 23.68, 23.47, 36.86, 36.69, 0, 0, 4.20
2019/07/01 21:33:00, 24.00, 23.68, 23.49, 36.87, 36.67, 0, 0, 4.20
2019/07/01 21:34:00, 24.00, 23.68, 23.48, 36.90, 36.67, 0, 0, 4.20
2019/07/01 21:35:00, 24.00, 23.68, 23.48, 36.87, 36.68, 0, 0, 4.20
2019/07/01 21:36:00, 24.00, 23.68, 23.47, 36.86, 36.68, 0, 0, 4.20
2019/07/01 21:37:00, 24.00, 23.67, 23.47, 36.86, 36.68, 0, 0, 4.20
2019/07/01 21:38:00, 24.00, 23.67, 23.47, 36.85, 36.68, 0, 0, 4.20
2019/07/01 21:39:00, 24.00, 23.70, 23.47, 36.87, 36.70, 0, 0, 4.20
2019/07/01 21:40:00, 24.00, 23.68, 23.47, 36.87, 36.70, 0, 0, 4.20
2019/07/01 21:41:00, 24.00, 23.67, 23.45, 36.87, 36.67, 0, 0, 4.20
2019/07/01 21:42:00, 24.00, 23.67, 23.45, 36.87, 36.70, 0, 0, 4.20
2019/07/01 21:43:00, 24.00, 23.68, 23.47, 36.87, 36.71, 0, 0, 4.20
2019/07/01 21:44:00, 24.00, 23.67, 23.45, 36.86, 36.68, 0, 0, 4.20
2019/07/01 21:45:00, 24.00, 23.64, 23.46, 36.87, 36.70, 0, 0, 4.20
2019/07/01 21:46:00, 24.00, 23.65, 23.45, 36.88, 36.71, 0, 0, 4.20
2019/07/01 21:47:00, 24.00, 23.64, 23.45, 36.86, 36.70, 0, 0, 4.20
2019/07/01 21:48:00, 24.00, 23.64, 23.45, 36.86, 36.69, 0, 0, 4.20
2019/07/01 21:49:00, 24.00, 23.63, 23.45, 36.90, 36.70, 0, 0, 4.20
2019/07/01 21:50:00, 24.00, 23.64, 23.46, 36.87, 36.70, 0, 0, 4.20
2019/07/01 21:51:00, 24.00, 23.64, 23.45, 36.84, 36.73, 0, 0, 4.20
2019/07/01 21:52:00, 24.00, 23.65, 23.45, 36.92, 36.73, 0, 0, 4.20
2019/07/01 21:53:00, 24.00, 23.63, 23.45, 36.90, 36.72, 0, 0, 4.20
2019/07/01 21:54:00, 24.00, 23.65, 23.45, 36.91, 36.73, 0, 0, 4.20
2019/07/01 21:55:00, 24.00, 23.64, 23.43, 36.86, 36.71, 0, 0, 4.20
2019/07/01 21:56:00, 24.00, 23.65, 23.43, 36.90, 36.72, 0, 0, 4.20
2019/07/01 21:57:00, 24.00, 23.63, 23.42, 36.92, 36.73, 0, 0, 4.20
2019/07/01 21:58:00, 24.00, 23.63, 23.42, 36.96, 36.76, 0, 0, 4.20
2019/07/01 21:59:00, 24.00, 23.61, 23.44, 36.92, 36.75, 0, 0, 4.20
2019/07/01 22:00:00, 24.00, 23.61, 23.43, 36.91, 36.74, 0, 0, 4.20
2019/07/01 22:01:00, 24.00, 23.64, 23.41, 36.93, 36.75, 0, 0, 4.20
2019/07/01 22:02:00, 24.00, 23.63, 23.42, 36.93, 36.73, 0, 0, 4.20
2019/07/01 22:03:00, 24.00, 23.60, 23.42, 36.90, 36.74, 0, 0, 4.20
2019/07/01 22:04:00, 24.00, 23.60, 23.41, 36.92, 36.75, 0, 0, 4.20
2019/07/01 22:05:00, 24.00, 23.63, 23.42, 36.92, 36.74, 0, 0, 4.20
2019/07/01 22:06:00, 24.00, 23.59, 23.41, 36.93, 36.74, 0, 0, 4.20
2019/07/01 22:07:00, 24.00, 23.61, 23.41, 36.91, 36.75, 0, 0, 4.20
2019/07/01 22:08:00, 24.00, 23.63, 23.41, 36.97, 36.76, 0, 0, 4.20
2019/07/01 22:09:00, 24.00, 23.60, 23.38, 36.93, 36.77, 0, 0, 4.20
2019/07/01 22:10:00, 24.00, 23.59, 23.41, 36.92, 36.73, 0, 0, 4.20
2019/07/01 22:11:00, 24.00, 23.60, 23.41, 36.96, 36.76, 0, 0, 4.20
2019/07/01 22:12:00, 24.00, 23.59, 23.38, 36.97, 36.76, 0, 0, 4.20
2019/07/01 22:13:00, 24.00, 23.63, 23.41, 36.93, 36.76, 0, 0, 4.20
2019/07/01 22:14:00, 24.00, 23.57, 23.37, 36.93, 36.77, 0, 0, 4.20
2019/07/01 22:15:00, 24.00, 23.57, 23.37, 36.94, 36.77, 0, 0, 4.20
2019/07/01 22:16:00, 24.00, 23.59, 23.37, 37.03, 36.78, 0, 0, 4.20
2019/07/01 22:17:00, 24.00, 23.60, 23.37, 36.97, 36.78, 0, 0, 4.20
2019/07/01 22:18:00, 24.00, 23.59, 23.37, 36.97, 36.78, 0, 0, 4.20
2019/07/01 22:19:00, 24.00, 23.57, 23.36, 37.02, 36.78, 0, 0, 4.20
2019/07/01 22:20:00, 24.00, 23.57, 23.37, 36.94, 36.78, 0, 0, 4.20
2019/07/01 22:21:00, 24.00, 23.57, 23.37, 36.97, 36.78, 0, 0, 4.20
2019/07/01 22:22:00, 24.00, 23.57, 23.36, 36.98, 36.78, 0, 0, 4.20
2019/07/01 22:23:00, 24.00, 23.54, 23.36, 36.97, 36.80, 0, 0, 4.20
2019/07/01 22:24:00, 24.00, 23.56, 23.35, 37.01, 36.77, 0, 0, 4.20
2019/07/01 22:25:00, 23.75, 23.56, 23.36, 36.94, 36.80, 0, 0, 4.20
2019/07/01 22:26:00, 24.00, 23.54, 23.33, 36.96, 36.80, 0, 0, 4.20
2019/07/01 22:27:00, 24.00, 23.54, 23.34, 36.94, 36.77, 0, 0, 4.20
2019/07/01 22:28:00, 23.75, 23.54, 23.35, 36.96, 36.79, 0, 0, 4.20
2019/07/01 22:29:00, 24.00, 23.54, 23.35, 36.99, 36.80, 0, 0, 4.20
2019/07/01 22:30:00, 23.75, 23.53, 23.34, 36.99, 36.80, 0, 0, 4.20
2019/07/01 22:31:00, 23.75, 23.56, 23.33, 36.98, 36.79, 0, 0, 4.20
2019/07/01 22:32:00, 23.75, 23.53, 23.32, 36.95, 36.80, 0, 0, 4.20
2019/07/01 22:33:00, 23.75, 23.56, 23.31, 36.95, 36.78, 0, 0, 4.20
2019/07/01 22:34:00, 23.75, 23.53, 23.32, 37.01, 36.80, 0, 0, 4.20
2019/07/01 22:35:00, 24.00, 23.53, 23.32, 36.98, 36.82, 0, 0, 4.20
2019/07/01 22:36:00, 23.75, 23.52, 23.34, 36.99, 36.80, 0, 0, 4.20
2019/07/01 22:37:00, 23.75, 23.53, 23.31, 37.01, 36.80, 0, 0, 4.20
2019/07/01 22:38:00, 23.75, 23.53, 23.30, 37.01, 36.80, 0, 0, 4.20
2019/07/01 22:39:00, 23.75, 23.52, 23.32, 36.96, 36.78, 0, 0, 4.20
2019/07/01 22:40:00, 23.75, 23.50, 23.33, 36.98, 36.79, 0, 0, 4.20
2019/07/01 22:41:00, 23.75, 23.53, 23.31, 36.95, 36.80, 0, 0, 4.20
2019/07/01 22:42:00, 23.75, 23.50, 23.30, 36.94, 36.79, 0, 0, 4.20
2019/07/01 22:43:00, 23.75, 23.50, 23.32, 36.99, 36.77, 0, 0, 4.20
2019/07/01 22:44:00, 23.75, 23.50, 23.28, 36.93, 36.78, 0, 0, 4.20
2019/07/01 22:45:00, 23.75, 23.49, 23.31, 36.98, 36.77, 0, 0, 4.20
2019/07/01 22:46:00, 23.75, 23.49, 23.30, 36.96, 36.79, 0, 0, 4.20
2019/07/01 22:47:00, 23.75, 23.50, 23.31, 36.96, 36.77, 0, 0, 4.20
2019/07/01 22:48:00, 23.75, 23.52, 23.27, 36.95, 36.78, 0, 0, 4.20
2019/07/01 22:49:00, 23.75, 23.49, 23.28, 36.96, 36.77, 0, 0, 4.20
2019/07/01 22:50:00, 23.75, 23.49, 23.29, 36.92, 36.77, 0, 0, 4.20
2019/07/01 22:51:00, 23.75, 23.49, 23.30, 36.93, 36.74, 0, 0, 4.20
2019/07/01 22:52:00, 23.75, 23.50, 23.28, 36.94, 36.73, 0, 0, 4.20
2019/07/01 22:53:00, 23.75, 23.47, 23.28, 36.92, 36.75, 0, 0, 4.20
2019/07/01 22:54:00, 23.75, 23.47, 23.25, 36.98, 36.77, 0, 0, 4.20
2019/07/01 22:55:00, 23.75, 23.47, 23.27, 36.97, 36.77, 0, 0, 4.20
2019/07/01 22:56:00, 23.75, 23.46, 23.25, 36.93, 36.77, 0, 0, 4.20
2019/07/01 22:57:00, 23.75, 23.47, 23.25, 36.94, 36.76, 0, 0, 4.20
2019/07/01 22:58:00, 23.75, 23.44, 23.27, 36.92, 36.75, 0, 0, 4.20
2019/07/01 22:59:00, 23.75, 23.47, 23.25, 36.96, 36.75, 0, 0, 4.20
2019/07/01 23:00:00, 23.75, 23.47, 23.25, 36.93, 36.74, 0, 0, 4.20
2019/07/01 23:01:00, 23.75, 23.44, 23.25, 36.94, 36.77, 0, 0, 4.20
2019/07/01 23:02:00, 23.75, 23.44, 23.24, 36.89, 36.73, 0, 0, 4.20
2019/07/01 23:03:00, 23.75, 23.43, 23.24, 36.93, 36.73, 0, 0, 4.20
2019/07/01 23:04:00, 23.75, 23.44, 23.25, 36.93, 36.74, 0, 0, 4.20
2019/07/01 23:05:00, 23.75, 23.43, 23.23, 36.93, 36.74, 0, 0, 4.20
2019/07/01 23:06:00, 23.75, 23.46, 23.23, 36.98, 36.77, 0, 0, 4.20
2019/07/01 23:07:00, 23.75, 23.44, 23.23, 36.92, 36.77, 0, 0, 4.20
2019/07/01 23:08:00, 23.75, 23.44, 23.21, 36.97, 36.77, 0, 0, 4.20
2019/07/01 23:09:00, 23.75, 23.40, 23.23, 36.91, 36.79, 0, 0, 4.20
2019/07/01 23:10:00, 23.75, 23.43, 23.23, 36.98, 36.79, 0, 0, 4.20
2019/07/01 23:11:00, 23.75, 23.40, 23.23, 37.02, 36.80, 0, 0, 4.20
2019/07/01 23:12:00, 23.75, 23.44, 23.22, 36.97, 36.80, 0, 0, 4.20
2019/07/01 23:13:00, 23.75, 23.44, 23.22, 37.02, 36.84, 0, 0, 4.20
2019/07/01 23:14:00, 23.75, 23.42, 23.22, 37.03, 36.83, 0, 0, 4.20
2019/07/01 23:15:00, 23.75, 23.40, 23.22, 36.98, 36.85, 0, 0, 4.20
2019/07/01 23:16:00, 23.75, 23.39, 23.22, 37.04, 36.87, 0, 0, 4.20
2019/07/01 23:17:00, 23.75, 23.43, 23.19, 37.06, 36.85, 0, 0, 4.20
2019/07/01 23:18:00, 23.75, 23.42, 23.22, 37.07, 36.90, 0, 0, 4.20
2019/07/01 23:19:00, 23.75, 23.42, 23.18, 37.06, 36.90, 0, 0, 4.20
2019/07/01 23:20:00, 23.75, 23.40, 23.19, 37.09, 36.90, 0, 0, 4.20
2019/07/01 23:21:00, 23.75, 23.43, 23.18, 37.11, 36.92, 0, 0, 4.20
2019/07/01 23:22:00, 23.75, 23.42, 23.21, 37.18, 36.95, 0, 0, 4.20
2019/07/01 23:23:00, 23.75, 23.42, 23.19, 37.18, 36.96, 0, 0, 4.20
2019/07/01 23:24:00, 23.75, 23.39, 23.18, 37.18, 36.96, 0, 0, 4.20
2019/07/01 23:25:00, 23.75, 23.39, 23.20, 37.19, 36.98, 0, 0, 4.20
2019/07/01 23:26:00, 23.75, 23.37, 23.18, 37.20, 37.02, 0, 0, 4.20
2019/07/01 23:27:00, 23.75, 23.40, 23.17, 37.24, 37.04, 0, 0, 4.20
2019/07/01 23:28:00, 23.75, 23.40, 23.16, 37.20, 37.06, 0, 0, 4.20
2019/07/01 23:29:00, 23.75, 23.39, 23.20, 37.27, 37.06, 0, 0, 4.20
2019/07/01 23:30:00, 23.75, 23.37, 23.18, 37.26, 37.07, 0, 0, 4.20
2019/07/01 23:31:00, 23.75, 23.37, 23.18, 37.29, 37.09, 0, 0, 4.20
2019/07/01 23:32:00, 23.75, 23.37, 23.16, 37.29, 37.10, 0, 0, 4.20
2019/07/01 23:33:00, 23.75, 23.37, 23.16, 37.28, 37.13, 0, 0, 4.20
2019/07/01 23:34:00, 23.75, 23.39, 23.18, 37.34, 37.14, 0, 0, 4.20
2019/07/01 23:35:00, 23.75, 23.37, 23.16, 37.37, 37.16, 0, 0, 4.20
2019/07/01 23:36:00, 23.75, 23.39, 23.17, 37.37, 37.17, 0, 0, 4.20
2019/07/01 23:37:00, 23.75, 23.36, 23.16, 37.41, 37.20, 0, 0, 4.20
2019/07/01 23:38:00, 23.75, 23.37, 23.16, 37.44, 37.24, 0, 0, 4.20
2019/07/01 23:39:00, 23.75, 23.37, 23.16, 37.44, 37.24, 0, 0, 4.20
2019/07/01 23:40:00, 23.75, 23.36, 23.15, 37.48, 37.26, 0, 0, 4.20
2019/07/01 23:41:00, 23.75, 23.36, 23.16, 37.49, 37.26, 0, 0, 4.20
2019/07/01 23:42:00, 23.75, 23.37, 23.16, 37.52, 37.30, 0, 0, 4.20
2019/07/01 23:43:00, 23.75, 23.36, 23.14, 37.48, 37.31, 0, 0, 4.20
2019/07/01 23:44:00, 23.75, 23.35, 23.15, 37.55, 37.35, 0, 0, 4.20
2019/07/01 23:45:00, 23.75, 23.35, 23.16, 37.56, 37.36, 0, 0, 4.20
2019/07/01 23:46:00, 23.75, 23.35, 23.14, 37.57, 37.38, 0, 0, 4.20
2019/07/01 23:47:00, 23.75, 23.36, 23.14, 37.56, 37.38, 0, 0, 4.20
