Data logger for tempereture and humidity.
Code, design, and soldering by Antti Mikkonen, a.mikkonen@iki.fi, 2019.
Based on open source projects and libraries. See source for details.
/home/ami/src/arduino/promini/logger_v8_ada/logger_v8_ada.ino
UTC time (year/month/date hour:minute:second), T RTC (C), T sht31 (C), T si7021 (C), RH sht31 (-), RH si7021 (-), heaterOn sht31 (bool),  heaterOn si7021 (bool), battery voltage (V)
2019/06/16 00:08:00, 23.75, 23.52, 23.28, 43.45, 42.76, 0, 0, 4.24
2019/06/16 00:09:00, 23.75, 23.50, 23.30, 43.51, 42.78, 0, 0, 4.24
2019/06/16 00:10:00, 23.75, 23.52, 23.29, 43.50, 42.80, 0, 0, 4.24
2019/06/16 00:11:00, 23.75, 23.50, 23.30, 43.43, 42.75, 0, 0, 4.24
2019/06/16 00:12:00, 23.75, 23.52, 23.30, 43.51, 42.78, 0, 0, 4.24
2019/06/16 00:13:00, 23.75, 23.50, 23.28, 43.47, 42.76, 0, 0, 4.24
2019/06/16 00:14:00, 23.75, 23.50, 23.31, 43.43, 42.75, 0, 0, 4.24
2019/06/16 00:15:00, 23.75, 23.52, 23.29, 43.40, 42.72, 0, 0, 4.24
2019/06/16 00:16:00, 23.75, 23.50, 23.31, 43.40, 42.71, 0, 0, 4.24
2019/06/16 00:17:00, 23.75, 23.50, 23.29, 43.44, 42.72, 0, 0, 4.24
2019/06/16 00:18:00, 23.75, 23.52, 23.29, 43.49, 42.75, 0, 0, 4.24
2019/06/16 00:19:00, 23.75, 23.52, 23.27, 43.43, 42.75, 0, 0, 4.24
2019/06/16 00:20:00, 23.75, 23.50, 23.27, 43.50, 42.77, 0, 0, 4.24
2019/06/16 00:21:00, 23.75, 23.49, 23.28, 43.44, 42.72, 0, 0, 4.24
2019/06/16 00:22:00, 23.75, 23.46, 23.24, 43.48, 42.76, 0, 0, 4.24
2019/06/16 00:23:00, 23.75, 23.49, 23.25, 43.47, 42.77, 0, 0, 4.24
2019/06/16 00:24:00, 23.75, 23.49, 23.28, 43.46, 42.77, 0, 0, 4.24
2019/06/16 00:25:00, 23.75, 23.47, 23.27, 43.45, 42.80, 0, 0, 4.24
2019/06/16 00:26:00, 23.75, 23.47, 23.27, 43.41, 42.75, 0, 0, 4.24
2019/06/16 00:27:00, 23.75, 23.47, 23.28, 43.45, 42.75, 0, 0, 4.24
2019/06/16 00:28:00, 23.75, 23.46, 23.27, 43.38, 42.73, 0, 0, 4.24
2019/06/16 00:29:00, 23.75, 23.49, 23.23, 43.44, 42.73, 0, 0, 4.24
2019/06/16 00:30:00, 23.75, 23.49, 23.24, 43.48, 42.77, 0, 0, 4.24
2019/06/16 00:31:00, 23.75, 23.49, 23.25, 43.43, 42.72, 0, 0, 4.24
2019/06/16 00:32:00, 23.75, 23.47, 23.25, 43.45, 42.70, 0, 0, 4.24
2019/06/16 00:33:00, 23.75, 23.49, 23.25, 43.39, 42.70, 0, 0, 4.24
2019/06/16 00:34:00, 23.75, 23.46, 23.23, 43.41, 42.72, 0, 0, 4.24
2019/06/16 00:35:00, 23.75, 23.49, 23.27, 43.40, 42.70, 0, 0, 4.24
2019/06/16 00:36:00, 23.75, 23.47, 23.27, 43.42, 42.71, 0, 0, 4.24
2019/06/16 00:37:00, 23.75, 23.49, 23.25, 43.32, 42.66, 0, 0, 4.24
2019/06/16 00:38:00, 23.75, 23.47, 23.25, 43.31, 42.68, 0, 0, 4.24
2019/06/16 00:39:00, 23.75, 23.46, 23.25, 43.40, 42.66, 0, 0, 4.24
2019/06/16 00:40:00, 23.75, 23.49, 23.25, 43.41, 42.69, 0, 0, 4.24
2019/06/16 00:41:00, 23.75, 23.46, 23.23, 43.37, 42.66, 0, 0, 4.24
2019/06/16 00:42:00, 23.75, 23.49, 23.25, 43.39, 42.66, 0, 0, 4.24
2019/06/16 00:43:00, 23.75, 23.46, 23.24, 43.36, 42.67, 0, 0, 4.24
2019/06/16 00:44:00, 23.75, 23.46, 23.24, 43.29, 42.66, 0, 0, 4.24
2019/06/16 00:45:00, 23.75, 23.44, 23.24, 43.38, 42.65, 0, 0, 4.24
2019/06/16 00:46:00, 23.75, 23.46, 23.22, 43.37, 42.67, 0, 0, 4.24
2019/06/16 00:47:00, 23.75, 23.46, 23.24, 43.36, 42.66, 0, 0, 4.24
2019/06/16 00:48:00, 23.75, 23.47, 23.24, 43.32, 42.67, 0, 0, 4.24
2019/06/16 00:49:00, 23.75, 23.46, 23.24, 43.37, 42.65, 0, 0, 4.24
2019/06/16 00:50:00, 23.75, 23.46, 23.27, 43.38, 42.65, 0, 0, 4.24
2019/06/16 00:51:00, 23.75, 23.44, 23.23, 43.36, 42.65, 0, 0, 4.24
2019/06/16 00:52:00, 23.75, 23.47, 23.23, 43.33, 42.66, 0, 0, 4.24
2019/06/16 00:53:00, 23.75, 23.44, 23.28, 43.32, 42.62, 0, 0, 4.24
2019/06/16 00:54:00, 23.75, 23.46, 23.25, 43.31, 42.61, 0, 0, 4.24
2019/06/16 00:55:00, 23.75, 23.46, 23.28, 43.38, 42.63, 0, 0, 4.24
2019/06/16 00:56:00, 23.75, 23.44, 23.25, 43.30, 42.59, 0, 0, 4.24
2019/06/16 00:57:00, 23.75, 23.44, 23.25, 43.28, 42.60, 0, 0, 4.24
2019/06/16 00:58:00, 23.75, 23.46, 23.24, 43.28, 42.59, 0, 0, 4.24
2019/06/16 00:59:00, 23.75, 23.46, 23.22, 43.22, 42.54, 0, 0, 4.24
2019/06/16 01:00:00, 23.75, 23.47, 23.25, 43.30, 42.59, 0, 0, 4.24
2019/06/16 01:01:00, 23.75, 23.46, 23.25, 43.19, 42.54, 0, 0, 4.24
2019/06/16 01:02:00, 23.75, 23.46, 23.27, 43.27, 42.54, 0, 0, 4.24
2019/06/16 01:03:00, 23.75, 23.47, 23.25, 43.23, 42.53, 0, 0, 4.24
2019/06/16 01:04:00, 23.75, 23.47, 23.27, 43.23, 42.54, 0, 0, 4.24
2019/06/16 01:05:00, 23.75, 23.47, 23.25, 43.20, 42.54, 0, 0, 4.24
2019/06/16 01:06:00, 23.75, 23.47, 23.27, 43.20, 42.52, 0, 0, 4.24
2019/06/16 01:07:00, 23.75, 23.49, 23.28, 43.17, 42.50, 0, 0, 4.24
2019/06/16 01:08:00, 23.75, 23.47, 23.24, 43.17, 42.51, 0, 0, 4.24
2019/06/16 01:09:00, 23.75, 23.47, 23.27, 43.20, 42.53, 0, 0, 4.24
2019/06/16 01:10:00, 23.75, 23.47, 23.27, 43.19, 42.54, 0, 0, 4.24
2019/06/16 01:11:00, 23.75, 23.46, 23.25, 43.08, 42.46, 0, 0, 4.24
2019/06/16 01:12:00, 23.75, 23.49, 23.25, 43.15, 42.44, 0, 0, 4.24
2019/06/16 01:13:00, 23.75, 23.49, 23.27, 43.14, 42.46, 0, 0, 4.24
2019/06/16 01:14:00, 23.75, 23.46, 23.23, 43.16, 42.46, 0, 0, 4.24
2019/06/16 01:15:00, 23.75, 23.46, 23.24, 43.18, 42.51, 0, 0, 4.24
2019/06/16 01:16:00, 23.75, 23.47, 23.27, 43.11, 42.45, 0, 0, 4.24
2019/06/16 01:17:00, 23.75, 23.44, 23.25, 43.10, 42.43, 0, 0, 4.24
2019/06/16 01:18:00, 23.75, 23.47, 23.24, 43.12, 42.44, 0, 0, 4.24
2019/06/16 01:19:00, 23.75, 23.46, 23.25, 43.17, 42.43, 0, 0, 4.24
2019/06/16 01:20:00, 23.75, 23.46, 23.25, 43.12, 42.45, 0, 0, 4.24
2019/06/16 01:21:00, 23.75, 23.47, 23.25, 43.12, 42.43, 0, 0, 4.24
2019/06/16 01:22:00, 23.75, 23.46, 23.25, 43.14, 42.44, 0, 0, 4.24
2019/06/16 01:23:00, 23.75, 23.46, 23.25, 43.14, 42.44, 0, 0, 4.24
2019/06/16 01:24:00, 23.75, 23.44, 23.27, 43.11, 42.42, 0, 0, 4.24
2019/06/16 01:25:00, 23.75, 23.46, 23.23, 42.99, 42.37, 0, 0, 4.24
2019/06/16 01:26:00, 23.75, 23.46, 23.24, 43.07, 42.37, 0, 0, 4.24
2019/06/16 01:27:00, 23.75, 23.46, 23.24, 43.07, 42.36, 0, 0, 4.24
2019/06/16 01:28:00, 23.75, 23.43, 23.24, 43.04, 42.40, 0, 0, 4.24
2019/06/16 01:29:00, 23.75, 23.46, 23.23, 43.04, 42.40, 0, 0, 4.24
2019/06/16 01:30:00, 23.75, 23.44, 23.24, 43.07, 42.37, 0, 0, 4.24
2019/06/16 01:31:00, 23.75, 23.44, 23.22, 43.00, 42.33, 0, 0, 4.24
2019/06/16 01:32:00, 23.75, 23.43, 23.22, 43.05, 42.38, 0, 0, 4.24
2019/06/16 01:33:00, 23.75, 23.43, 23.20, 43.11, 42.40, 0, 0, 4.24
2019/06/16 01:34:00, 23.75, 23.43, 23.22, 43.05, 42.40, 0, 0, 4.24
2019/06/16 01:35:00, 23.75, 23.43, 23.23, 43.05, 42.40, 0, 0, 4.24
2019/06/16 01:36:00, 23.75, 23.44, 23.21, 43.08, 42.40, 0, 0, 4.24
2019/06/16 01:37:00, 23.75, 23.44, 23.22, 43.01, 42.34, 0, 0, 4.24
2019/06/16 01:38:00, 23.75, 23.44, 23.22, 43.00, 42.33, 0, 0, 4.24
2019/06/16 01:39:00, 23.75, 23.44, 23.22, 43.10, 42.40, 0, 0, 4.24
2019/06/16 01:40:00, 23.75, 23.44, 23.25, 43.01, 42.36, 0, 0, 4.24
2019/06/16 01:41:00, 23.75, 23.44, 23.22, 42.96, 42.30, 0, 0, 4.24
2019/06/16 01:42:00, 23.75, 23.44, 23.22, 43.04, 42.32, 0, 0, 4.24
2019/06/16 01:43:00, 23.75, 23.43, 23.22, 43.03, 42.34, 0, 0, 4.24
2019/06/16 01:44:00, 23.75, 23.44, 23.23, 42.97, 42.31, 0, 0, 4.24
2019/06/16 01:45:00, 23.75, 23.44, 23.22, 42.99, 42.32, 0, 0, 4.24
2019/06/16 01:46:00, 23.75, 23.47, 23.23, 43.04, 42.32, 0, 0, 4.24
2019/06/16 01:47:00, 23.75, 23.46, 23.24, 42.99, 42.32, 0, 0, 4.24
2019/06/16 01:48:00, 23.75, 23.44, 23.25, 42.99, 42.30, 0, 0, 4.24
2019/06/16 01:49:00, 23.75, 23.47, 23.24, 42.96, 42.30, 0, 0, 4.24
2019/06/16 01:50:00, 23.75, 23.44, 23.23, 42.97, 42.28, 0, 0, 4.24
2019/06/16 01:51:00, 23.75, 23.44, 23.22, 42.89, 42.23, 0, 0, 4.24
2019/06/16 01:52:00, 23.75, 23.46, 23.22, 42.87, 42.26, 0, 0, 4.24
2019/06/16 01:53:00, 23.75, 23.44, 23.22, 43.00, 42.31, 0, 0, 4.24
2019/06/16 01:54:00, 23.75, 23.44, 23.22, 42.98, 42.32, 0, 0, 4.24
2019/06/16 01:55:00, 23.75, 23.44, 23.24, 42.89, 42.24, 0, 0, 4.24
2019/06/16 01:56:00, 23.75, 23.43, 23.23, 42.87, 42.24, 0, 0, 4.24
2019/06/16 01:57:00, 23.75, 23.46, 23.22, 42.96, 42.24, 0, 0, 4.24
2019/06/16 01:58:00, 23.75, 23.44, 23.22, 42.93, 42.27, 0, 0, 4.24
2019/06/16 01:59:00, 23.75, 23.46, 23.22, 42.92, 42.24, 0, 0, 4.24
2019/06/16 02:00:00, 23.75, 23.46, 23.24, 42.91, 42.22, 0, 0, 4.24
2019/06/16 02:01:00, 23.75, 23.46, 23.23, 42.94, 42.25, 0, 0, 4.24
2019/06/16 02:02:00, 23.75, 23.47, 23.24, 42.94, 42.25, 0, 0, 4.24
2019/06/16 02:03:00, 23.75, 23.44, 23.24, 42.89, 42.22, 0, 0, 4.24
2019/06/16 02:04:00, 23.75, 23.44, 23.24, 42.81, 42.20, 0, 0, 4.24
2019/06/16 02:05:00, 23.75, 23.47, 23.23, 42.80, 42.15, 0, 0, 4.24
2019/06/16 02:06:00, 23.75, 23.46, 23.25, 42.75, 42.15, 0, 0, 4.24
2019/06/16 02:07:00, 23.75, 23.44, 23.25, 42.75, 42.11, 0, 0, 4.24
2019/06/16 02:08:00, 23.75, 23.46, 23.25, 42.81, 42.13, 0, 0, 4.24
2019/06/16 02:09:00, 23.75, 23.46, 23.25, 42.88, 42.20, 0, 0, 4.24
2019/06/16 02:10:00, 23.75, 23.46, 23.25, 42.80, 42.16, 0, 0, 4.24
2019/06/16 02:11:00, 23.75, 23.49, 23.24, 42.71, 42.10, 0, 0, 4.24
2019/06/16 02:12:00, 23.75, 23.46, 23.25, 42.77, 42.10, 0, 0, 4.24
2019/06/16 02:13:00, 23.75, 23.46, 23.22, 42.74, 42.11, 0, 0, 4.24
2019/06/16 02:14:00, 23.75, 23.46, 23.23, 42.89, 42.18, 0, 0, 4.24
2019/06/16 02:15:00, 23.75, 23.44, 23.23, 42.79, 42.13, 0, 0, 4.24
2019/06/16 02:16:00, 23.75, 23.46, 23.25, 42.75, 42.14, 0, 0, 4.24
2019/06/16 02:17:00, 23.75, 23.49, 23.24, 42.78, 42.13, 0, 0, 4.24
2019/06/16 02:18:00, 23.75, 23.47, 23.25, 42.79, 42.14, 0, 0, 4.24
2019/06/16 02:19:00, 23.75, 23.44, 23.25, 42.69, 42.10, 0, 0, 4.24
2019/06/16 02:20:00, 23.75, 23.47, 23.24, 42.75, 42.10, 0, 0, 4.24
2019/06/16 02:21:00, 23.75, 23.46, 23.25, 42.72, 42.11, 0, 0, 4.24
2019/06/16 02:22:00, 23.75, 23.47, 23.27, 42.74, 42.09, 0, 0, 4.24
2019/06/16 02:23:00, 23.75, 23.46, 23.27, 42.74, 42.07, 0, 0, 4.24
2019/06/16 02:24:00, 23.75, 23.47, 23.28, 42.76, 42.09, 0, 0, 4.24
2019/06/16 02:25:00, 23.75, 23.47, 23.27, 42.64, 42.03, 0, 0, 4.24
2019/06/16 02:26:00, 23.75, 23.47, 23.23, 42.75, 42.04, 0, 0, 4.24
2019/06/16 02:27:00, 23.75, 23.44, 23.22, 42.75, 42.04, 0, 0, 4.24
2019/06/16 02:28:00, 23.75, 23.44, 23.23, 42.78, 42.12, 0, 0, 4.24
2019/06/16 02:29:00, 23.75, 23.44, 23.23, 42.71, 42.10, 0, 0, 4.24
2019/06/16 02:30:00, 23.75, 23.43, 23.23, 42.70, 42.07, 0, 0, 4.24
2019/06/16 02:31:00, 23.75, 23.47, 23.24, 42.74, 42.08, 0, 0, 4.24
2019/06/16 02:32:00, 23.75, 23.46, 23.23, 42.71, 42.04, 0, 0, 4.24
2019/06/16 02:33:00, 23.75, 23.44, 23.22, 42.67, 41.99, 0, 0, 4.24
2019/06/16 02:34:00, 23.75, 23.46, 23.25, 42.65, 41.99, 0, 0, 4.24
2019/06/16 02:35:00, 23.75, 23.44, 23.23, 42.68, 42.04, 0, 0, 4.24
2019/06/16 02:36:00, 23.75, 23.46, 23.24, 42.69, 42.03, 0, 0, 4.24
2019/06/16 02:37:00, 23.75, 23.44, 23.23, 42.67, 42.01, 0, 0, 4.24
2019/06/16 02:38:00, 23.75, 23.44, 23.22, 42.67, 42.05, 0, 0, 4.24
2019/06/16 02:39:00, 23.75, 23.44, 23.24, 42.66, 41.96, 0, 0, 4.24
2019/06/16 02:40:00, 23.75, 23.44, 23.23, 42.56, 41.94, 0, 0, 4.24
2019/06/16 02:41:00, 23.75, 23.46, 23.23, 42.64, 42.00, 0, 0, 4.24
2019/06/16 02:42:00, 23.75, 23.46, 23.21, 42.60, 42.00, 0, 0, 4.24
2019/06/16 02:43:00, 23.75, 23.47, 23.22, 42.64, 42.00, 0, 0, 4.24
2019/06/16 02:44:00, 23.75, 23.46, 23.22, 42.55, 41.94, 0, 0, 4.24
2019/06/16 02:45:00, 23.75, 23.46, 23.22, 42.64, 41.96, 0, 0, 4.24
2019/06/16 02:46:00, 23.75, 23.43, 23.21, 42.64, 41.99, 0, 0, 4.24
2019/06/16 02:47:00, 23.75, 23.44, 23.21, 42.62, 41.98, 0, 0, 4.24
2019/06/16 02:48:00, 23.75, 23.43, 23.23, 42.63, 41.99, 0, 0, 4.24
2019/06/16 02:49:00, 23.75, 23.43, 23.22, 42.67, 41.98, 0, 0, 4.24
2019/06/16 02:50:00, 23.75, 23.44, 23.22, 42.72, 42.01, 0, 0, 4.24
2019/06/16 02:51:00, 23.75, 23.44, 23.23, 42.59, 41.98, 0, 0, 4.24
2019/06/16 02:52:00, 23.75, 23.43, 23.22, 42.56, 41.95, 0, 0, 4.24
2019/06/16 02:53:00, 23.75, 23.44, 23.22, 42.60, 41.95, 0, 0, 4.24
2019/06/16 02:54:00, 23.75, 23.43, 23.24, 42.61, 41.97, 0, 0, 4.24
2019/06/16 02:55:00, 23.75, 23.43, 23.20, 42.61, 41.99, 0, 0, 4.24
2019/06/16 02:56:00, 23.75, 23.46, 23.22, 42.70, 42.01, 0, 0, 4.24
2019/06/16 02:57:00, 23.75, 23.46, 23.21, 42.58, 41.94, 0, 0, 4.24
2019/06/16 02:58:00, 23.75, 23.44, 23.22, 42.59, 41.95, 0, 0, 4.24
2019/06/16 02:59:00, 23.75, 23.47, 23.22, 42.60, 41.94, 0, 0, 4.24
2019/06/16 03:00:00, 23.75, 23.43, 23.22, 42.56, 41.92, 0, 0, 4.24
2019/06/16 03:01:00, 23.75, 23.43, 23.22, 42.52, 41.88, 0, 0, 4.24
2019/06/16 03:02:00, 23.75, 23.44, 23.23, 42.61, 41.96, 0, 0, 4.24
2019/06/16 03:03:00, 23.75, 23.43, 23.22, 42.59, 41.92, 0, 0, 4.24
2019/06/16 03:04:00, 23.75, 23.46, 23.24, 42.52, 41.93, 0, 0, 4.24
2019/06/16 03:05:00, 23.75, 23.46, 23.22, 42.50, 41.88, 0, 0, 4.24
2019/06/16 03:06:00, 23.75, 23.44, 23.24, 42.50, 41.91, 0, 0, 4.24
2019/06/16 03:07:00, 23.75, 23.44, 23.24, 42.49, 41.87, 0, 0, 4.24
2019/06/16 03:08:00, 23.75, 23.42, 23.23, 42.52, 41.86, 0, 0, 4.24
2019/06/16 03:09:00, 23.75, 23.42, 23.22, 42.52, 41.88, 0, 0, 4.24
2019/06/16 03:10:00, 23.75, 23.42, 23.22, 42.50, 41.89, 0, 0, 4.24
2019/06/16 03:11:00, 23.75, 23.46, 23.23, 42.58, 41.90, 0, 0, 4.24
2019/06/16 03:12:00, 23.75, 23.43, 23.22, 42.53, 41.92, 0, 0, 4.24
2019/06/16 03:13:00, 23.75, 23.44, 23.22, 42.56, 41.94, 0, 0, 4.24
2019/06/16 03:14:00, 23.75, 23.42, 23.21, 42.53, 41.90, 0, 0, 4.24
2019/06/16 03:15:00, 23.75, 23.43, 23.21, 42.53, 41.92, 0, 0, 4.24
2019/06/16 03:16:00, 23.75, 23.42, 23.19, 42.58, 41.94, 0, 0, 4.24
2019/06/16 03:17:00, 23.75, 23.44, 23.20, 42.59, 41.93, 0, 0, 4.24
2019/06/16 03:18:00, 23.75, 23.42, 23.23, 42.55, 41.94, 0, 0, 4.24
2019/06/16 03:19:00, 23.75, 23.43, 23.22, 42.57, 41.95, 0, 0, 4.24
2019/06/16 03:20:00, 23.75, 23.43, 23.19, 42.57, 41.95, 0, 0, 4.24
2019/06/16 03:21:00, 23.75, 23.43, 23.21, 42.55, 41.92, 0, 0, 4.24
2019/06/16 03:22:00, 23.75, 23.42, 23.20, 42.61, 41.93, 0, 0, 4.24
2019/06/16 03:23:00, 23.75, 23.40, 23.21, 42.58, 41.96, 0, 0, 4.24
2019/06/16 03:24:00, 23.75, 23.42, 23.22, 42.56, 41.92, 0, 0, 4.24
2019/06/16 03:25:00, 23.75, 23.44, 23.22, 42.55, 41.91, 0, 0, 4.24
2019/06/16 03:26:00, 23.75, 23.42, 23.21, 42.62, 41.94, 0, 0, 4.24
2019/06/16 03:27:00, 23.75, 23.43, 23.23, 42.59, 41.96, 0, 0, 4.24
2019/06/16 03:28:00, 23.75, 23.43, 23.23, 42.56, 41.88, 0, 0, 4.24
2019/06/16 03:29:00, 23.75, 23.43, 23.22, 42.50, 41.85, 0, 0, 4.24
2019/06/16 03:30:00, 23.75, 23.46, 23.22, 42.51, 41.85, 0, 0, 4.24
2019/06/16 03:31:00, 23.75, 23.43, 23.22, 42.44, 41.84, 0, 0, 4.24
2019/06/16 03:32:00, 23.75, 23.44, 23.24, 42.51, 41.88, 0, 0, 4.24
2019/06/16 03:33:00, 23.75, 23.46, 23.22, 42.57, 41.86, 0, 0, 4.24
2019/06/16 03:34:00, 23.75, 23.46, 23.23, 42.48, 41.86, 0, 0, 4.24
2019/06/16 03:35:00, 23.75, 23.44, 23.23, 42.46, 41.82, 0, 0, 4.24
2019/06/16 03:36:00, 23.75, 23.43, 23.23, 42.40, 41.79, 0, 0, 4.24
2019/06/16 03:37:00, 23.75, 23.43, 23.23, 42.47, 41.81, 0, 0, 4.24
2019/06/16 03:38:00, 23.75, 23.46, 23.23, 42.45, 41.82, 0, 0, 4.24
2019/06/16 03:39:00, 23.75, 23.42, 23.22, 42.53, 41.83, 0, 0, 4.24
2019/06/16 03:40:00, 23.75, 23.44, 23.23, 42.51, 41.87, 0, 0, 4.24
2019/06/16 03:41:00, 23.75, 23.44, 23.20, 42.48, 41.84, 0, 0, 4.24
2019/06/16 03:42:00, 23.75, 23.43, 23.23, 42.45, 41.85, 0, 0, 4.24
2019/06/16 03:43:00, 23.75, 23.43, 23.24, 42.46, 41.86, 0, 0, 4.24
2019/06/16 03:44:00, 23.75, 23.46, 23.24, 42.44, 41.83, 0, 0, 4.24
2019/06/16 03:45:00, 23.75, 23.46, 23.22, 42.41, 41.79, 0, 0, 4.24
2019/06/16 03:46:00, 23.75, 23.46, 23.22, 42.41, 41.78, 0, 0, 4.24
2019/06/16 03:47:00, 23.75, 23.44, 23.22, 42.43, 41.80, 0, 0, 4.24
2019/06/16 03:48:00, 23.75, 23.44, 23.22, 42.42, 41.82, 0, 0, 4.24
2019/06/16 03:49:00, 23.75, 23.46, 23.22, 42.44, 41.80, 0, 0, 4.24
2019/06/16 03:50:00, 23.75, 23.44, 23.24, 42.41, 41.79, 0, 0, 4.24
2019/06/16 03:51:00, 23.75, 23.42, 23.24, 42.39, 41.75, 0, 0, 4.24
2019/06/16 03:52:00, 23.75, 23.44, 23.22, 42.40, 41.76, 0, 0, 4.24
2019/06/16 03:53:00, 23.75, 23.44, 23.22, 42.39, 41.79, 0, 0, 4.24
2019/06/16 03:54:00, 23.75, 23.46, 23.23, 42.49, 41.82, 0, 0, 4.24
2019/06/16 03:55:00, 23.75, 23.44, 23.22, 42.44, 41.82, 0, 0, 4.24
2019/06/16 03:56:00, 23.75, 23.44, 23.23, 42.39, 41.76, 0, 0, 4.24
2019/06/16 03:57:00, 23.75, 23.46, 23.22, 42.41, 41.78, 0, 0, 4.24
2019/06/16 03:58:00, 23.75, 23.42, 23.24, 42.39, 41.76, 0, 0, 4.24
2019/06/16 03:59:00, 23.75, 23.44, 23.22, 42.41, 41.79, 0, 0, 4.24
2019/06/16 04:00:00, 23.75, 23.46, 23.22, 42.37, 41.77, 0, 0, 4.24
2019/06/16 04:01:00, 23.75, 23.44, 23.24, 42.46, 41.79, 0, 0, 4.24
2019/06/16 04:02:00, 23.75, 23.44, 23.22, 42.48, 41.79, 0, 0, 4.24
2019/06/16 04:03:00, 23.75, 23.43, 23.22, 42.39, 41.72, 0, 0, 4.24
2019/06/16 04:04:00, 23.75, 23.47, 23.25, 42.41, 41.76, 0, 0, 4.24
2019/06/16 04:05:00, 23.75, 23.44, 23.22, 42.35, 41.73, 0, 0, 4.24
2019/06/16 04:06:00, 23.75, 23.44, 23.22, 42.34, 41.76, 0, 0, 4.24
2019/06/16 04:07:00, 23.75, 23.44, 23.23, 42.39, 41.74, 0, 0, 4.24
2019/06/16 04:08:00, 23.75, 23.43, 23.24, 42.39, 41.75, 0, 0, 4.24
2019/06/16 04:09:00, 23.75, 23.46, 23.24, 42.43, 41.75, 0, 0, 4.24
2019/06/16 04:10:00, 23.75, 23.47, 23.24, 42.39, 41.78, 0, 0, 4.24
2019/06/16 04:11:00, 23.75, 23.47, 23.25, 42.39, 41.77, 0, 0, 4.24
2019/06/16 04:12:00, 23.75, 23.46, 23.27, 42.39, 41.77, 0, 0, 4.24
2019/06/16 04:13:00, 23.75, 23.46, 23.24, 42.40, 41.73, 0, 0, 4.24
2019/06/16 04:14:00, 23.75, 23.47, 23.25, 42.30, 41.69, 0, 0, 4.24
2019/06/16 04:15:00, 23.75, 23.46, 23.25, 42.36, 41.71, 0, 0, 4.24
2019/06/16 04:16:00, 23.75, 23.49, 23.25, 42.32, 41.72, 0, 0, 4.24
2019/06/16 04:17:00, 23.75, 23.47, 23.25, 42.40, 41.72, 0, 0, 4.24
2019/06/16 04:18:00, 23.75, 23.47, 23.25, 42.35, 41.73, 0, 0, 4.24
2019/06/16 04:19:00, 23.75, 23.46, 23.25, 42.41, 41.72, 0, 0, 4.24
2019/06/16 04:20:00, 23.75, 23.47, 23.25, 42.30, 41.72, 0, 0, 4.24
2019/06/16 04:21:00, 23.75, 23.47, 23.24, 42.34, 41.71, 0, 0, 4.24
2019/06/16 04:22:00, 23.75, 23.46, 23.28, 42.34, 41.73, 0, 0, 4.24
2019/06/16 04:23:00, 23.75, 23.46, 23.24, 42.36, 41.72, 0, 0, 4.24
2019/06/16 04:24:00, 23.75, 23.46, 23.25, 42.44, 41.76, 0, 0, 4.24
2019/06/16 04:25:00, 23.75, 23.44, 23.23, 42.34, 41.75, 0, 0, 4.24
2019/06/16 04:26:00, 23.75, 23.47, 23.25, 42.39, 41.79, 0, 0, 4.24
2019/06/16 04:27:00, 23.75, 23.44, 23.27, 42.43, 41.80, 0, 0, 4.24
2019/06/16 04:28:00, 23.75, 23.44, 23.25, 42.43, 41.79, 0, 0, 4.24
2019/06/16 04:29:00, 23.75, 23.46, 23.25, 42.36, 41.73, 0, 0, 4.24
2019/06/16 04:30:00, 23.75, 23.47, 23.25, 42.39, 41.75, 0, 0, 4.24
2019/06/16 04:31:00, 23.75, 23.46, 23.25, 42.39, 41.78, 0, 0, 4.24
2019/06/16 04:32:00, 23.75, 23.49, 23.25, 42.34, 41.72, 0, 0, 4.24
2019/06/16 04:33:00, 23.75, 23.44, 23.25, 42.36, 41.75, 0, 0, 4.24
2019/06/16 04:34:00, 23.75, 23.46, 23.25, 42.41, 41.76, 0, 0, 4.24
2019/06/16 04:35:00, 23.75, 23.47, 23.25, 42.39, 41.76, 0, 0, 4.24
2019/06/16 04:36:00, 23.75, 23.47, 23.23, 42.36, 41.77, 0, 0, 4.24
2019/06/16 04:37:00, 23.75, 23.47, 23.24, 42.32, 41.73, 0, 0, 4.24
2019/06/16 04:38:00, 23.75, 23.46, 23.25, 42.32, 41.70, 0, 0, 4.24
2019/06/16 04:39:00, 23.75, 23.46, 23.24, 42.28, 41.69, 0, 0, 4.24
2019/06/16 04:40:00, 23.75, 23.46, 23.24, 42.37, 41.73, 0, 0, 4.24
2019/06/16 04:41:00, 23.75, 23.44, 23.24, 42.36, 41.73, 0, 0, 4.24
2019/06/16 04:42:00, 23.75, 23.47, 23.24, 42.37, 41.73, 0, 0, 4.24
2019/06/16 04:43:00, 23.75, 23.46, 23.23, 42.32, 41.72, 0, 0, 4.24
2019/06/16 04:44:00, 23.75, 23.46, 23.24, 42.34, 41.70, 0, 0, 4.24
2019/06/16 04:45:00, 23.75, 23.44, 23.25, 42.40, 41.76, 0, 0, 4.24
2019/06/16 04:46:00, 23.75, 23.46, 23.24, 42.36, 41.72, 0, 0, 4.24
2019/06/16 04:47:00, 23.75, 23.44, 23.23, 42.35, 41.71, 0, 0, 4.24
2019/06/16 04:48:00, 23.75, 23.44, 23.22, 42.41, 41.76, 0, 0, 4.24
2019/06/16 04:49:00, 23.75, 23.44, 23.22, 42.46, 41.78, 0, 0, 4.24
2019/06/16 04:50:00, 23.75, 23.43, 23.22, 42.40, 41.80, 0, 0, 4.24
2019/06/16 04:51:00, 23.75, 23.42, 23.20, 42.41, 41.78, 0, 0, 4.24
2019/06/16 04:52:00, 23.75, 23.44, 23.22, 42.44, 41.79, 0, 0, 4.24
2019/06/16 04:53:00, 23.75, 23.44, 23.22, 42.48, 41.76, 0, 0, 4.24
2019/06/16 04:54:00, 23.75, 23.46, 23.22, 42.44, 41.79, 0, 0, 4.24
2019/06/16 04:55:00, 23.75, 23.46, 23.25, 42.39, 41.76, 0, 0, 4.24
2019/06/16 04:56:00, 23.75, 23.44, 23.23, 42.37, 41.75, 0, 0, 4.24
2019/06/16 04:57:00, 23.75, 23.42, 23.23, 42.52, 41.80, 0, 0, 4.24
2019/06/16 04:58:00, 23.75, 23.46, 23.22, 42.39, 41.75, 0, 0, 4.24
2019/06/16 04:59:00, 23.75, 23.44, 23.24, 42.37, 41.72, 0, 0, 4.24
2019/06/16 05:00:00, 23.75, 23.46, 23.22, 42.43, 41.76, 0, 0, 4.24
2019/06/16 05:01:00, 23.75, 23.44, 23.23, 42.44, 41.79, 0, 0, 4.24
2019/06/16 05:02:00, 23.75, 23.46, 23.21, 42.41, 41.79, 0, 0, 4.24
2019/06/16 05:03:00, 23.75, 23.44, 23.23, 42.39, 41.72, 0, 0, 4.24
2019/06/16 05:04:00, 23.75, 23.43, 23.22, 42.39, 41.74, 0, 0, 4.24
2019/06/16 05:05:00, 23.75, 23.43, 23.23, 42.36, 41.73, 0, 0, 4.24
2019/06/16 05:06:00, 23.75, 23.44, 23.21, 42.40, 41.76, 0, 0, 4.24
2019/06/16 05:07:00, 23.75, 23.42, 23.22, 42.40, 41.75, 0, 0, 4.24
2019/06/16 05:08:00, 23.75, 23.43, 23.24, 42.41, 41.79, 0, 0, 4.24
2019/06/16 05:09:00, 23.75, 23.44, 23.23, 42.39, 41.76, 0, 0, 4.24
2019/06/16 05:10:00, 23.75, 23.43, 23.22, 42.37, 41.76, 0, 0, 4.24
2019/06/16 05:11:00, 23.75, 23.43, 23.22, 42.40, 41.76, 0, 0, 4.24
2019/06/16 05:12:00, 23.75, 23.42, 23.21, 42.42, 41.79, 0, 0, 4.24
2019/06/16 05:13:00, 23.75, 23.43, 23.22, 42.45, 41.78, 0, 0, 4.24
2019/06/16 05:14:00, 23.75, 23.43, 23.22, 42.45, 41.82, 0, 0, 4.24
2019/06/16 05:15:00, 23.75, 23.43, 23.21, 42.43, 41.82, 0, 0, 4.24
2019/06/16 05:16:00, 23.75, 23.43, 23.22, 42.46, 41.82, 0, 0, 4.24
2019/06/16 05:17:00, 23.75, 23.43, 23.21, 42.41, 41.76, 0, 0, 4.24
2019/06/16 05:18:00, 23.75, 23.42, 23.22, 42.45, 41.81, 0, 0, 4.24
2019/06/16 05:19:00, 23.75, 23.44, 23.22, 42.40, 41.79, 0, 0, 4.24
2019/06/16 05:20:00, 23.75, 23.42, 23.21, 42.47, 41.79, 0, 0, 4.24
2019/06/16 05:21:00, 23.75, 23.43, 23.21, 42.45, 41.78, 0, 0, 4.24
2019/06/16 05:22:00, 23.75, 23.44, 23.22, 42.48, 41.80, 0, 0, 4.24
2019/06/16 05:23:00, 23.75, 23.42, 23.21, 42.45, 41.82, 0, 0, 4.24
2019/06/16 05:24:00, 23.75, 23.44, 23.22, 42.42, 41.80, 0, 0, 4.24
2019/06/16 05:25:00, 23.75, 23.42, 23.22, 42.47, 41.79, 0, 0, 4.24
2019/06/16 05:26:00, 23.75, 23.42, 23.21, 42.48, 41.82, 0, 0, 4.24
2019/06/16 05:27:00, 23.75, 23.40, 23.19, 42.53, 41.85, 0, 0, 4.24
2019/06/16 05:28:00, 23.75, 23.40, 23.22, 42.49, 41.85, 0, 0, 4.24
2019/06/16 05:29:00, 23.75, 23.42, 23.22, 42.48, 41.84, 0, 0, 4.24
2019/06/16 05:30:00, 23.75, 23.42, 23.22, 42.53, 41.85, 0, 0, 4.24
2019/06/16 05:31:00, 23.75, 23.44, 23.20, 42.45, 41.84, 0, 0, 4.24
2019/06/16 05:32:00, 23.75, 23.44, 23.20, 42.53, 41.84, 0, 0, 4.24
2019/06/16 05:33:00, 23.75, 23.42, 23.20, 42.49, 41.86, 0, 0, 4.24
2019/06/16 05:34:00, 23.75, 23.44, 23.19, 42.58, 41.85, 0, 0, 4.24
2019/06/16 05:35:00, 23.75, 23.40, 23.19, 42.56, 41.90, 0, 0, 4.24
2019/06/16 05:36:00, 23.75, 23.43, 23.21, 42.56, 41.89, 0, 0, 4.24
2019/06/16 05:37:00, 23.75, 23.40, 23.21, 42.57, 41.89, 0, 0, 4.24
2019/06/16 05:38:00, 23.75, 23.43, 23.22, 42.59, 41.92, 0, 0, 4.24
2019/06/16 05:39:00, 23.75, 23.43, 23.23, 42.52, 41.87, 0, 0, 4.24
2019/06/16 05:40:00, 23.75, 23.43, 23.21, 42.55, 41.88, 0, 0, 4.24
2019/06/16 05:41:00, 23.75, 23.43, 23.21, 42.57, 41.92, 0, 0, 4.24
2019/06/16 05:42:00, 23.75, 23.46, 23.21, 42.51, 41.90, 0, 0, 4.24
2019/06/16 05:43:00, 23.75, 23.44, 23.23, 42.52, 41.90, 0, 0, 4.24
2019/06/16 05:44:00, 23.75, 23.44, 23.23, 42.55, 41.91, 0, 0, 4.24
2019/06/16 05:45:00, 23.75, 23.43, 23.22, 42.57, 41.92, 0, 0, 4.24
2019/06/16 05:46:00, 23.75, 23.42, 23.22, 42.57, 41.92, 0, 0, 4.24
2019/06/16 05:47:00, 23.75, 23.43, 23.22, 42.62, 41.97, 0, 0, 4.24
2019/06/16 05:48:00, 23.75, 23.44, 23.22, 42.57, 41.93, 0, 0, 4.24
2019/06/16 05:49:00, 23.75, 23.43, 23.22, 42.55, 41.90, 0, 0, 4.24
2019/06/16 05:50:00, 23.75, 23.43, 23.21, 42.61, 41.94, 0, 0, 4.24
2019/06/16 05:51:00, 23.75, 23.42, 23.23, 42.68, 41.96, 0, 0, 4.24
2019/06/16 05:52:00, 23.75, 23.43, 23.23, 42.62, 41.96, 0, 0, 4.24
2019/06/16 05:53:00, 23.75, 23.44, 23.23, 42.56, 41.97, 0, 0, 4.24
2019/06/16 05:54:00, 23.75, 23.43, 23.24, 42.61, 41.96, 0, 0, 4.24
2019/06/16 05:55:00, 23.75, 23.46, 23.20, 42.68, 41.99, 0, 0, 4.24
2019/06/16 05:56:00, 23.75, 23.44, 23.23, 42.64, 41.99, 0, 0, 4.24
2019/06/16 05:57:00, 23.75, 23.46, 23.25, 42.64, 42.00, 0, 0, 4.24
2019/06/16 05:58:00, 23.75, 23.47, 23.27, 42.62, 41.97, 0, 0, 4.24
2019/06/16 05:59:00, 23.75, 23.49, 23.25, 42.55, 41.93, 0, 0, 4.24
2019/06/16 06:00:00, 23.75, 23.49, 23.28, 42.61, 41.92, 0, 0, 4.24
2019/06/16 06:01:00, 23.75, 23.47, 23.28, 42.65, 41.96, 0, 0, 4.24
2019/06/16 06:02:00, 23.75, 23.52, 23.30, 42.63, 41.96, 0, 0, 4.24
2019/06/16 06:03:00, 23.75, 23.52, 23.31, 42.62, 41.91, 0, 0, 4.24
2019/06/16 06:04:00, 23.75, 23.52, 23.30, 42.62, 41.95, 0, 0, 4.24
2019/06/16 06:05:00, 23.75, 23.52, 23.32, 42.57, 41.91, 0, 0, 4.24
2019/06/16 06:06:00, 23.75, 23.53, 23.31, 42.54, 41.94, 0, 0, 4.24
2019/06/16 06:07:00, 23.75, 23.53, 23.32, 42.57, 41.92, 0, 0, 4.24
2019/06/16 06:08:00, 23.75, 23.53, 23.32, 42.59, 41.93, 0, 0, 4.24
2019/06/16 06:09:00, 23.75, 23.56, 23.32, 42.62, 41.95, 0, 0, 4.24
2019/06/16 06:10:00, 23.75, 23.56, 23.34, 42.58, 41.95, 0, 0, 4.24
2019/06/16 06:11:00, 23.75, 23.53, 23.35, 42.57, 41.89, 0, 0, 4.24
2019/06/16 06:12:00, 23.75, 23.56, 23.35, 42.61, 41.95, 0, 0, 4.24
2019/06/16 06:13:00, 23.75, 23.54, 23.35, 42.53, 41.95, 0, 0, 4.24
2019/06/16 06:14:00, 23.75, 23.57, 23.34, 42.57, 41.94, 0, 0, 4.24
2019/06/16 06:15:00, 23.75, 23.53, 23.34, 42.71, 41.99, 0, 0, 4.24
2019/06/16 06:16:00, 23.75, 23.57, 23.35, 42.59, 41.95, 0, 0, 4.24
2019/06/16 06:17:00, 23.75, 23.56, 23.33, 42.61, 41.92, 0, 0, 4.24
2019/06/16 06:18:00, 23.75, 23.57, 23.34, 42.64, 41.96, 0, 0, 4.24
2019/06/16 06:19:00, 23.75, 23.57, 23.35, 42.71, 41.99, 0, 0, 4.24
2019/06/16 06:20:00, 23.75, 23.54, 23.34, 42.73, 41.99, 0, 0, 4.24
2019/06/16 06:21:00, 23.75, 23.57, 23.34, 42.76, 42.08, 0, 0, 4.24
2019/06/16 06:22:00, 23.75, 23.56, 23.36, 42.76, 42.05, 0, 0, 4.24
2019/06/16 06:23:00, 23.75, 23.54, 23.37, 42.69, 42.07, 0, 0, 4.24
2019/06/16 06:24:00, 23.75, 23.57, 23.36, 42.78, 42.08, 0, 0, 4.24
2019/06/16 06:25:00, 23.75, 23.54, 23.36, 42.73, 42.06, 0, 0, 4.24
2019/06/16 06:26:00, 23.75, 23.56, 23.36, 42.72, 42.08, 0, 0, 4.24
2019/06/16 06:27:00, 23.75, 23.57, 23.37, 42.76, 42.08, 0, 0, 4.24
2019/06/16 06:28:00, 23.75, 23.57, 23.37, 42.75, 42.07, 0, 0, 4.24
2019/06/16 06:29:00, 23.75, 23.59, 23.36, 42.76, 42.08, 0, 0, 4.24
2019/06/16 06:30:00, 23.75, 23.59, 23.37, 42.78, 42.09, 0, 0, 4.24
2019/06/16 06:31:00, 23.75, 23.57, 23.35, 42.78, 42.10, 0, 0, 4.24
2019/06/16 06:32:00, 23.75, 23.59, 23.36, 42.78, 42.13, 0, 0, 4.24
2019/06/16 06:33:00, 23.75, 23.59, 23.39, 42.79, 42.12, 0, 0, 4.24
2019/06/16 06:34:00, 23.75, 23.59, 23.39, 42.77, 42.11, 0, 0, 4.24
2019/06/16 06:35:00, 23.75, 23.61, 23.37, 42.78, 42.08, 0, 0, 4.24
2019/06/16 06:36:00, 23.75, 23.61, 23.39, 42.81, 42.14, 0, 0, 4.24
2019/06/16 06:37:00, 23.75, 23.61, 23.39, 42.75, 42.09, 0, 0, 4.24
2019/06/16 06:38:00, 23.75, 23.61, 23.39, 42.79, 42.11, 0, 0, 4.24
2019/06/16 06:39:00, 23.75, 23.63, 23.41, 42.81, 42.11, 0, 0, 4.24
2019/06/16 06:40:00, 23.75, 23.63, 23.42, 42.82, 42.12, 0, 0, 4.24
2019/06/16 06:41:00, 23.75, 23.64, 23.45, 42.80, 42.12, 0, 0, 4.24
2019/06/16 06:42:00, 23.75, 23.67, 23.45, 42.83, 42.11, 0, 0, 4.24
2019/06/16 06:43:00, 23.75, 23.67, 23.49, 42.83, 42.12, 0, 0, 4.24
2019/06/16 06:44:00, 23.75, 23.70, 23.47, 42.75, 42.07, 0, 0, 4.24
2019/06/16 06:45:00, 23.75, 23.70, 23.51, 42.75, 42.08, 0, 0, 4.24
2019/06/16 06:46:00, 23.75, 23.73, 23.53, 42.66, 42.04, 0, 0, 4.24
2019/06/16 06:47:00, 23.75, 23.76, 23.54, 42.65, 42.01, 0, 0, 4.24
2019/06/16 06:48:00, 23.75, 23.76, 23.58, 42.64, 41.98, 0, 0, 4.24
2019/06/16 06:49:00, 23.75, 23.79, 23.58, 42.61, 41.95, 0, 0, 4.24
2019/06/16 06:50:00, 23.75, 23.79, 23.59, 42.55, 41.91, 0, 0, 4.24
2019/06/16 06:51:00, 23.75, 23.83, 23.63, 42.54, 41.88, 0, 0, 4.24
2019/06/16 06:52:00, 23.75, 23.83, 23.62, 42.54, 41.88, 0, 0, 4.24
2019/06/16 06:53:00, 23.75, 23.84, 23.63, 42.51, 41.84, 0, 0, 4.24
2019/06/16 06:54:00, 23.75, 23.85, 23.66, 42.51, 41.86, 0, 0, 4.24
2019/06/16 06:55:00, 23.75, 23.87, 23.64, 42.54, 41.84, 0, 0, 4.24
2019/06/16 06:56:00, 23.75, 23.87, 23.66, 42.49, 41.84, 0, 0, 4.24
2019/06/16 06:57:00, 23.75, 23.88, 23.67, 42.49, 41.83, 0, 0, 4.24
2019/06/16 06:58:00, 23.75, 23.87, 23.69, 42.40, 41.80, 0, 0, 4.24
2019/06/16 06:59:00, 24.00, 23.90, 23.71, 42.44, 41.81, 0, 0, 4.24
2019/06/16 07:00:00, 24.00, 23.88, 23.71, 42.44, 41.81, 0, 0, 4.24
2019/06/16 07:01:00, 24.00, 23.91, 23.67, 42.49, 41.81, 0, 0, 4.24
2019/06/16 07:02:00, 24.00, 23.90, 23.73, 42.51, 41.82, 0, 0, 4.24
2019/06/16 07:03:00, 24.00, 23.90, 23.73, 42.51, 41.83, 0, 0, 4.24
2019/06/16 07:04:00, 24.00, 23.91, 23.73, 42.51, 41.83, 0, 0, 4.24
2019/06/16 07:05:00, 24.00, 23.92, 23.74, 42.48, 41.82, 0, 0, 4.24
2019/06/16 07:06:00, 24.00, 23.94, 23.76, 42.47, 41.81, 0, 0, 4.24
2019/06/16 07:07:00, 24.00, 23.95, 23.75, 42.53, 41.82, 0, 0, 4.24
2019/06/16 07:08:00, 24.00, 23.98, 23.79, 42.47, 41.82, 0, 0, 4.24
2019/06/16 07:09:00, 24.00, 23.98, 23.80, 42.42, 41.77, 0, 0, 4.24
2019/06/16 07:10:00, 24.00, 24.01, 23.82, 42.37, 41.72, 0, 0, 4.24
2019/06/16 07:11:00, 24.00, 24.04, 23.83, 42.40, 41.70, 0, 0, 4.24
2019/06/16 07:12:00, 24.00, 24.02, 23.86, 42.32, 41.69, 0, 0, 4.24
2019/06/16 07:13:00, 24.00, 24.05, 23.89, 42.36, 41.69, 0, 0, 4.24
2019/06/16 07:14:00, 24.00, 24.07, 23.91, 42.29, 41.66, 0, 0, 4.24
2019/06/16 07:15:00, 24.00, 24.09, 23.91, 42.33, 41.63, 0, 0, 4.24
2019/06/16 07:16:00, 24.00, 24.08, 23.89, 42.29, 41.61, 0, 0, 4.24
2019/06/16 07:17:00, 24.00, 24.08, 23.92, 42.25, 41.60, 0, 0, 4.24
2019/06/16 07:18:00, 24.00, 24.12, 23.93, 42.31, 41.61, 0, 0, 4.24
2019/06/16 07:19:00, 24.00, 24.11, 23.94, 42.24, 41.57, 0, 0, 4.24
2019/06/16 07:20:00, 24.00, 24.14, 23.94, 42.25, 41.56, 0, 0, 4.24
2019/06/16 07:21:00, 24.00, 24.14, 23.96, 42.18, 41.53, 0, 0, 4.24
2019/06/16 07:22:00, 24.00, 24.18, 23.98, 42.19, 41.51, 0, 0, 4.24
2019/06/16 07:23:00, 24.00, 24.16, 24.02, 42.17, 41.49, 0, 0, 4.24
2019/06/16 07:24:00, 24.00, 24.19, 24.01, 42.15, 41.49, 0, 0, 4.24
2019/06/16 07:25:00, 24.00, 24.20, 24.03, 42.14, 41.48, 0, 0, 4.24
2019/06/16 07:26:00, 24.00, 24.20, 24.04, 42.20, 41.47, 0, 0, 4.24
2019/06/16 07:27:00, 24.00, 24.23, 24.03, 42.09, 41.43, 0, 0, 4.24
2019/06/16 07:28:00, 24.00, 24.25, 24.07, 42.06, 41.43, 0, 0, 4.24
2019/06/16 07:29:00, 24.00, 24.22, 24.06, 42.11, 41.42, 0, 0, 4.24
2019/06/16 07:30:00, 24.00, 24.23, 24.06, 42.11, 41.42, 0, 0, 4.24
2019/06/16 07:31:00, 24.00, 24.26, 24.07, 42.12, 41.40, 0, 0, 4.24
2019/06/16 07:32:00, 24.00, 24.26, 24.11, 42.03, 41.38, 0, 0, 4.24
2019/06/16 07:33:00, 24.25, 24.27, 24.09, 42.04, 41.36, 0, 0, 4.24
2019/06/16 07:34:00, 24.25, 24.32, 24.12, 42.01, 41.34, 0, 0, 4.24
2019/06/16 07:35:00, 24.25, 24.29, 24.09, 42.01, 41.32, 0, 0, 4.24
2019/06/16 07:36:00, 24.25, 24.32, 24.12, 42.03, 41.33, 0, 0, 4.24
2019/06/16 07:37:00, 24.25, 24.32, 24.13, 41.98, 41.33, 0, 0, 4.24
2019/06/16 07:38:00, 24.25, 24.29, 24.12, 41.97, 41.29, 0, 0, 4.24
2019/06/16 07:39:00, 24.25, 24.33, 24.16, 41.94, 41.27, 0, 0, 4.24
2019/06/16 07:40:00, 24.25, 24.33, 24.13, 41.94, 41.24, 0, 0, 4.24
2019/06/16 07:41:00, 24.25, 24.33, 24.16, 41.92, 41.24, 0, 0, 4.24
2019/06/16 07:42:00, 24.25, 24.33, 24.18, 41.91, 41.25, 0, 0, 4.24
2019/06/16 07:43:00, 24.25, 24.36, 24.19, 41.88, 41.24, 0, 0, 4.24
2019/06/16 07:44:00, 24.25, 24.35, 24.20, 41.87, 41.19, 0, 0, 4.24
2019/06/16 07:45:00, 24.25, 24.40, 24.22, 41.83, 41.18, 0, 0, 4.24
2019/06/16 07:46:00, 24.25, 24.40, 24.22, 41.81, 41.16, 0, 0, 4.24
2019/06/16 07:47:00, 24.25, 24.42, 24.24, 41.79, 41.12, 0, 0, 4.24
2019/06/16 07:48:00, 24.25, 24.43, 24.24, 41.77, 41.09, 0, 0, 4.24
2019/06/16 07:49:00, 24.25, 24.42, 24.25, 41.74, 41.08, 0, 0, 4.24
2019/06/16 07:50:00, 24.25, 24.43, 24.23, 41.78, 41.08, 0, 0, 4.24
2019/06/16 07:51:00, 24.25, 24.43, 24.25, 41.71, 41.07, 0, 0, 4.24
2019/06/16 07:52:00, 24.25, 24.44, 24.27, 41.70, 41.05, 0, 0, 4.24
2019/06/16 07:53:00, 24.25, 24.43, 24.27, 41.64, 41.05, 0, 0, 4.24
2019/06/16 07:54:00, 24.25, 24.43, 24.27, 41.68, 41.01, 0, 0, 4.24
2019/06/16 07:55:00, 24.25, 24.46, 24.30, 41.68, 41.03, 0, 0, 4.24
2019/06/16 07:56:00, 24.25, 24.46, 24.31, 41.68, 41.01, 0, 0, 4.24
2019/06/16 07:57:00, 24.25, 24.49, 24.31, 41.65, 40.98, 0, 0, 4.24
2019/06/16 07:58:00, 24.25, 24.47, 24.33, 41.66, 40.95, 0, 0, 4.24
2019/06/16 07:59:00, 24.25, 24.49, 24.32, 41.59, 40.95, 0, 0, 4.24
2019/06/16 08:00:00, 24.25, 24.50, 24.32, 41.63, 40.91, 0, 0, 4.24
2019/06/16 08:01:00, 24.25, 24.47, 24.35, 41.56, 40.92, 0, 0, 4.24
2019/06/16 08:02:00, 24.25, 24.50, 24.34, 41.56, 40.92, 0, 0, 4.24
2019/06/16 08:03:00, 24.25, 24.52, 24.34, 41.59, 40.92, 0, 0, 4.24
2019/06/16 08:04:00, 24.25, 24.53, 24.37, 41.50, 40.90, 0, 0, 4.24
2019/06/16 08:05:00, 24.25, 24.53, 24.36, 41.55, 40.89, 0, 0, 4.24
2019/06/16 08:06:00, 24.25, 24.54, 24.35, 41.44, 40.82, 0, 0, 4.24
2019/06/16 08:07:00, 24.25, 24.54, 24.37, 41.45, 40.83, 0, 0, 4.24
2019/06/16 08:08:00, 24.25, 24.53, 24.38, 41.54, 40.84, 0, 0, 4.24
2019/06/16 08:09:00, 24.25, 24.53, 24.37, 41.51, 40.84, 0, 0, 4.24
2019/06/16 08:10:00, 24.25, 24.56, 24.38, 41.46, 40.82, 0, 0, 4.24
2019/06/16 08:11:00, 24.50, 24.56, 24.37, 41.43, 40.80, 0, 0, 4.24
2019/06/16 08:12:00, 24.50, 24.59, 24.38, 41.44, 40.80, 0, 0, 4.24
2019/06/16 08:13:00, 24.50, 24.53, 24.40, 41.50, 40.82, 0, 0, 4.24
2019/06/16 08:14:00, 24.50, 24.59, 24.40, 41.47, 40.81, 0, 0, 4.24
2019/06/16 08:15:00, 24.50, 24.54, 24.40, 41.46, 40.80, 0, 0, 4.24
2019/06/16 08:16:00, 24.50, 24.59, 24.40, 41.41, 40.75, 0, 0, 4.24
2019/06/16 08:17:00, 24.50, 24.60, 24.42, 41.41, 40.76, 0, 0, 4.24
2019/06/16 08:18:00, 24.50, 24.60, 24.42, 41.37, 40.71, 0, 0, 4.24
2019/06/16 08:19:00, 24.50, 24.60, 24.41, 41.34, 40.71, 0, 0, 4.24
2019/06/16 08:20:00, 24.50, 24.59, 24.43, 41.34, 40.69, 0, 0, 4.24
2019/06/16 08:21:00, 24.50, 24.59, 24.43, 41.37, 40.72, 0, 0, 4.24
2019/06/16 08:22:00, 24.50, 24.61, 24.43, 41.37, 40.71, 0, 0, 4.24
2019/06/16 08:23:00, 24.50, 24.61, 24.40, 41.36, 40.66, 0, 0, 4.24
2019/06/16 08:24:00, 24.50, 24.61, 24.43, 41.37, 40.69, 0, 0, 4.24
2019/06/16 08:25:00, 24.50, 24.60, 24.43, 41.33, 40.69, 0, 0, 4.24
2019/06/16 08:26:00, 24.50, 24.61, 24.46, 41.35, 40.66, 0, 0, 4.24
2019/06/16 08:27:00, 24.50, 24.63, 24.46, 41.35, 40.67, 0, 0, 4.24
2019/06/16 08:28:00, 24.50, 24.60, 24.45, 41.24, 40.60, 0, 0, 4.24
2019/06/16 08:29:00, 24.50, 24.63, 24.47, 41.30, 40.66, 0, 0, 4.24
2019/06/16 08:30:00, 24.50, 24.63, 24.45, 41.28, 40.64, 0, 0, 4.24
2019/06/16 08:31:00, 24.50, 24.63, 24.46, 41.24, 40.60, 0, 0, 4.24
2019/06/16 08:32:00, 24.50, 24.61, 24.46, 41.33, 40.63, 0, 0, 4.24
2019/06/16 08:33:00, 24.50, 24.64, 24.48, 41.27, 40.62, 0, 0, 4.24
2019/06/16 08:34:00, 24.50, 24.66, 24.46, 41.24, 40.57, 0, 0, 4.24
2019/06/16 08:35:00, 24.50, 24.66, 24.47, 41.27, 40.60, 0, 0, 4.24
2019/06/16 08:36:00, 24.50, 24.66, 24.48, 41.17, 40.53, 0, 0, 4.24
2019/06/16 08:37:00, 24.50, 24.66, 24.48, 41.21, 40.51, 0, 0, 4.24
2019/06/16 08:38:00, 24.50, 24.63, 24.49, 41.24, 40.57, 0, 0, 4.24
2019/06/16 08:39:00, 24.50, 24.64, 24.49, 41.21, 40.55, 0, 0, 4.24
2019/06/16 08:40:00, 24.50, 24.64, 24.49, 41.17, 40.54, 0, 0, 4.24
2019/06/16 08:41:00, 24.50, 24.66, 24.48, 41.21, 40.56, 0, 0, 4.24
2019/06/16 08:42:00, 24.50, 24.67, 24.48, 41.15, 40.54, 0, 0, 4.24
2019/06/16 08:43:00, 24.50, 24.66, 24.50, 41.19, 40.50, 0, 0, 4.24
2019/06/16 08:44:00, 24.50, 24.67, 24.49, 41.12, 40.51, 0, 0, 4.24
2019/06/16 08:45:00, 24.50, 24.66, 24.51, 41.18, 40.51, 0, 0, 4.24
2019/06/16 08:46:00, 24.50, 24.67, 24.50, 41.12, 40.51, 0, 0, 4.24
2019/06/16 08:47:00, 24.50, 24.69, 24.50, 41.09, 40.47, 0, 0, 4.24
2019/06/16 08:48:00, 24.50, 24.66, 24.51, 41.17, 40.50, 0, 0, 4.24
2019/06/16 08:49:00, 24.50, 24.69, 24.50, 41.13, 40.47, 0, 0, 4.24
2019/06/16 08:50:00, 24.50, 24.69, 24.53, 41.12, 40.46, 0, 0, 4.24
2019/06/16 08:51:00, 24.50, 24.66, 24.51, 41.10, 40.46, 0, 0, 4.24
2019/06/16 08:52:00, 24.50, 24.69, 24.52, 41.10, 40.47, 0, 0, 4.24
2019/06/16 08:53:00, 24.50, 24.70, 24.53, 41.14, 40.48, 0, 0, 4.24
2019/06/16 08:54:00, 24.50, 24.70, 24.53, 41.06, 40.47, 0, 0, 4.24
2019/06/16 08:55:00, 24.50, 24.70, 24.54, 41.02, 40.44, 0, 0, 4.24
2019/06/16 08:56:00, 24.50, 24.70, 24.53, 41.08, 40.44, 0, 0, 4.24
2019/06/16 08:57:00, 24.50, 24.70, 24.53, 41.08, 40.41, 0, 0, 4.24
2019/06/16 08:58:00, 24.50, 24.70, 24.54, 41.01, 40.41, 0, 0, 4.24
2019/06/16 08:59:00, 24.50, 24.71, 24.54, 41.04, 40.40, 0, 0, 4.24
2019/06/16 09:00:00, 24.50, 24.70, 24.54, 41.08, 40.42, 0, 0, 4.24
2019/06/16 09:01:00, 24.50, 24.70, 24.55, 41.08, 40.44, 0, 0, 4.24
2019/06/16 09:02:00, 24.50, 24.69, 24.55, 41.09, 40.43, 0, 0, 4.24
2019/06/16 09:03:00, 24.50, 24.70, 24.53, 41.06, 40.44, 0, 0, 4.24
2019/06/16 09:04:00, 24.50, 24.71, 24.55, 41.06, 40.44, 0, 0, 4.24
2019/06/16 09:05:00, 24.50, 24.74, 24.56, 41.01, 40.40, 0, 0, 4.24
2019/06/16 09:06:00, 24.50, 24.69, 24.55, 41.04, 40.39, 0, 0, 4.24
2019/06/16 09:07:00, 24.50, 24.73, 24.54, 41.06, 40.42, 0, 0, 4.24
2019/06/16 09:08:00, 24.75, 24.70, 24.54, 41.09, 40.44, 0, 0, 4.24
2019/06/16 09:09:00, 24.50, 24.70, 24.54, 41.08, 40.43, 0, 0, 4.24
2019/06/16 09:10:00, 24.75, 24.70, 24.53, 41.12, 40.44, 0, 0, 4.24
2019/06/16 09:11:00, 24.50, 24.71, 24.55, 41.05, 40.44, 0, 0, 4.24
2019/06/16 09:12:00, 24.50, 24.74, 24.56, 41.09, 40.44, 0, 0, 4.24
2019/06/16 09:13:00, 24.50, 24.73, 24.55, 41.06, 40.44, 0, 0, 4.24
2019/06/16 09:14:00, 24.75, 24.73, 24.53, 41.02, 40.39, 0, 0, 4.24
2019/06/16 09:15:00, 24.75, 24.73, 24.55, 41.08, 40.42, 0, 0, 4.24
2019/06/16 09:16:00, 24.75, 24.71, 24.56, 41.08, 40.42, 0, 0, 4.24
2019/06/16 09:17:00, 24.75, 24.74, 24.55, 41.08, 40.42, 0, 0, 4.24
2019/06/16 09:18:00, 24.75, 24.73, 24.57, 41.04, 40.42, 0, 0, 4.24
2019/06/16 09:19:00, 24.75, 24.73, 24.57, 41.00, 40.36, 0, 0, 4.24
2019/06/16 09:20:00, 24.75, 24.71, 24.55, 41.04, 40.40, 0, 0, 4.24
2019/06/16 09:21:00, 24.75, 24.73, 24.54, 41.10, 40.46, 0, 0, 4.24
2019/06/16 09:22:00, 24.75, 24.73, 24.57, 41.05, 40.44, 0, 0, 4.24
2019/06/16 09:23:00, 24.75, 24.71, 24.55, 41.09, 40.42, 0, 0, 4.24
2019/06/16 09:24:00, 24.75, 24.73, 24.55, 41.10, 40.43, 0, 0, 4.24
2019/06/16 09:25:00, 24.75, 24.71, 24.57, 41.12, 40.46, 0, 0, 4.24
2019/06/16 09:26:00, 24.75, 24.73, 24.55, 41.08, 40.44, 0, 0, 4.24
2019/06/16 09:27:00, 24.75, 24.73, 24.55, 41.05, 40.45, 0, 0, 4.24
2019/06/16 09:28:00, 24.75, 24.74, 24.57, 41.03, 40.43, 0, 0, 4.24
2019/06/16 09:29:00, 24.75, 24.73, 24.58, 41.08, 40.44, 0, 0, 4.24
2019/06/16 09:30:00, 24.75, 24.73, 24.57, 41.09, 40.43, 0, 0, 4.24
2019/06/16 09:31:00, 24.75, 24.73, 24.56, 41.04, 40.44, 0, 0, 4.24
2019/06/16 09:32:00, 24.75, 24.74, 24.56, 41.08, 40.44, 0, 0, 4.24
2019/06/16 09:33:00, 24.75, 24.73, 24.55, 41.04, 40.44, 0, 0, 4.24
2019/06/16 09:34:00, 24.75, 24.74, 24.56, 41.02, 40.43, 0, 0, 4.24
2019/06/16 09:35:00, 24.75, 24.74, 24.55, 41.06, 40.42, 0, 0, 4.24
2019/06/16 09:36:00, 24.75, 24.74, 24.56, 41.11, 40.47, 0, 0, 4.24
2019/06/16 09:37:00, 24.75, 24.73, 24.57, 41.10, 40.46, 0, 0, 4.24
2019/06/16 09:38:00, 24.75, 24.73, 24.58, 41.04, 40.44, 0, 0, 4.24
2019/06/16 09:39:00, 24.75, 24.74, 24.56, 41.13, 40.49, 0, 0, 4.24
2019/06/16 09:40:00, 24.75, 24.74, 24.57, 41.15, 40.48, 0, 0, 4.24
2019/06/16 09:41:00, 24.75, 24.75, 24.58, 41.15, 40.50, 0, 0, 4.24
2019/06/16 09:42:00, 24.75, 24.75, 24.62, 41.19, 40.50, 0, 0, 4.24
2019/06/16 09:43:00, 24.75, 24.78, 24.61, 41.12, 40.50, 0, 0, 4.24
2019/06/16 09:44:00, 24.75, 24.78, 24.62, 41.06, 40.43, 0, 0, 4.24
2019/06/16 09:45:00, 24.75, 24.80, 24.63, 41.06, 40.40, 0, 0, 4.24
2019/06/16 09:46:00, 24.75, 24.80, 24.65, 41.02, 40.41, 0, 0, 4.24
2019/06/16 09:47:00, 24.75, 24.82, 24.64, 41.04, 40.39, 0, 0, 4.24
2019/06/16 09:48:00, 24.75, 24.82, 24.66, 40.89, 40.34, 0, 0, 4.24
2019/06/16 09:49:00, 24.75, 24.84, 24.68, 40.96, 40.29, 0, 0, 4.24
2019/06/16 09:50:00, 24.75, 24.84, 24.67, 40.87, 40.28, 0, 0, 4.24
2019/06/16 09:51:00, 24.75, 24.85, 24.68, 40.92, 40.29, 0, 0, 4.24
2019/06/16 09:52:00, 24.75, 24.85, 24.70, 40.95, 40.27, 0, 0, 4.24
2019/06/16 09:53:00, 24.75, 24.85, 24.70, 40.92, 40.27, 0, 0, 4.24
2019/06/16 09:54:00, 24.75, 24.87, 24.74, 40.94, 40.28, 0, 0, 4.24
2019/06/16 09:55:00, 24.75, 24.87, 24.70, 40.86, 40.24, 0, 0, 4.24
2019/06/16 09:56:00, 24.75, 24.89, 24.70, 40.83, 40.21, 0, 0, 4.24
2019/06/16 09:57:00, 24.75, 24.85, 24.72, 40.88, 40.24, 0, 0, 4.24
2019/06/16 09:58:00, 24.75, 24.89, 24.70, 40.80, 40.18, 0, 0, 4.24
2019/06/16 09:59:00, 24.75, 24.89, 24.76, 40.81, 40.19, 0, 0, 4.24
2019/06/16 10:00:00, 24.75, 24.89, 24.75, 40.82, 40.21, 0, 0, 4.24
2019/06/16 10:01:00, 24.75, 24.88, 24.74, 40.87, 40.21, 0, 0, 4.24
2019/06/16 10:02:00, 24.75, 24.88, 24.76, 40.86, 40.23, 0, 0, 4.24
2019/06/16 10:03:00, 24.75, 24.94, 24.76, 40.78, 40.18, 0, 0, 4.24
2019/06/16 10:04:00, 24.75, 24.93, 24.76, 40.74, 40.15, 0, 0, 4.24
2019/06/16 10:05:00, 24.75, 24.91, 24.75, 40.73, 40.11, 0, 0, 4.24
2019/06/16 10:06:00, 24.75, 24.91, 24.75, 40.74, 40.15, 0, 0, 4.24
2019/06/16 10:07:00, 24.75, 24.94, 24.77, 40.81, 40.15, 0, 0, 4.24
2019/06/16 10:08:00, 24.75, 24.93, 24.79, 40.76, 40.15, 0, 0, 4.24
2019/06/16 10:09:00, 24.75, 24.94, 24.76, 40.68, 40.08, 0, 0, 4.24
2019/06/16 10:10:00, 24.75, 24.94, 24.78, 40.78, 40.12, 0, 0, 4.24
2019/06/16 10:11:00, 24.75, 24.95, 24.79, 40.78, 40.15, 0, 0, 4.24
2019/06/16 10:12:00, 24.75, 24.98, 24.79, 40.78, 40.16, 0, 0, 4.24
2019/06/16 10:13:00, 24.75, 24.97, 24.79, 40.73, 40.13, 0, 0, 4.24
2019/06/16 10:14:00, 24.75, 24.97, 24.78, 40.70, 40.09, 0, 0, 4.24
2019/06/16 10:15:00, 24.75, 24.98, 24.79, 40.76, 40.12, 0, 0, 4.24
2019/06/16 10:16:00, 24.75, 24.98, 24.83, 40.74, 40.14, 0, 0, 4.24
2019/06/16 10:17:00, 24.75, 25.00, 24.83, 40.69, 40.10, 0, 0, 4.24
2019/06/16 10:18:00, 24.75, 25.00, 24.84, 40.67, 40.02, 0, 0, 4.24
2019/06/16 10:19:00, 24.75, 24.98, 24.81, 40.63, 40.02, 0, 0, 4.24
2019/06/16 10:20:00, 24.75, 25.00, 24.82, 40.69, 40.08, 0, 0, 4.24
2019/06/16 10:21:00, 24.75, 24.98, 24.84, 40.74, 40.11, 0, 0, 4.24
2019/06/16 10:22:00, 24.75, 25.01, 24.83, 40.65, 40.09, 0, 0, 4.24
2019/06/16 10:23:00, 24.75, 25.00, 24.80, 40.70, 40.09, 0, 0, 4.24
2019/06/16 10:24:00, 25.00, 25.00, 24.83, 40.79, 40.11, 0, 0, 4.24
2019/06/16 10:25:00, 25.00, 25.02, 24.82, 40.79, 40.20, 0, 0, 4.24
2019/06/16 10:26:00, 25.00, 25.01, 24.83, 40.78, 40.12, 0, 0, 4.24
2019/06/16 10:27:00, 25.00, 25.00, 24.83, 40.75, 40.12, 0, 0, 4.24
2019/06/16 10:28:00, 25.00, 25.00, 24.83, 40.71, 40.14, 0, 0, 4.24
2019/06/16 10:29:00, 25.00, 25.00, 24.79, 40.75, 40.14, 0, 0, 4.24
2019/06/16 10:30:00, 25.00, 25.00, 24.83, 40.87, 40.23, 0, 0, 4.24
2019/06/16 10:31:00, 25.00, 25.02, 24.84, 40.82, 40.22, 0, 0, 4.24
2019/06/16 10:32:00, 25.00, 25.02, 24.82, 40.91, 40.24, 0, 0, 4.24
2019/06/16 10:33:00, 25.00, 25.02, 24.83, 40.81, 40.20, 0, 0, 4.24
2019/06/16 10:34:00, 25.00, 25.01, 24.86, 40.90, 40.23, 0, 0, 4.24
2019/06/16 10:35:00, 25.00, 25.01, 24.85, 40.82, 40.20, 0, 0, 4.24
2019/06/16 10:36:00, 25.00, 25.00, 24.83, 40.87, 40.24, 0, 0, 4.24
2019/06/16 10:37:00, 25.00, 25.02, 24.82, 40.90, 40.27, 0, 0, 4.24
2019/06/16 10:38:00, 25.00, 25.01, 24.82, 40.89, 40.27, 0, 0, 4.24
2019/06/16 10:39:00, 25.00, 25.00, 24.84, 40.90, 40.26, 0, 0, 4.24
2019/06/16 10:40:00, 25.00, 25.02, 24.86, 40.91, 40.26, 0, 0, 4.24
2019/06/16 10:41:00, 25.00, 25.01, 24.86, 40.91, 40.31, 0, 0, 4.24
2019/06/16 10:42:00, 25.00, 25.05, 24.84, 40.95, 40.30, 0, 0, 4.24
2019/06/16 10:43:00, 25.00, 25.04, 24.87, 40.90, 40.29, 0, 0, 4.24
2019/06/16 10:44:00, 25.00, 25.05, 24.85, 40.91, 40.27, 0, 0, 4.24
2019/06/16 10:45:00, 25.00, 25.05, 24.89, 40.90, 40.30, 0, 0, 4.24
2019/06/16 10:46:00, 25.00, 25.04, 24.89, 40.90, 40.28, 0, 0, 4.24
2019/06/16 10:47:00, 25.00, 25.06, 24.87, 40.96, 40.31, 0, 0, 4.24
2019/06/16 10:48:00, 25.00, 25.04, 24.90, 40.89, 40.29, 0, 0, 4.24
2019/06/16 10:49:00, 25.00, 25.06, 24.87, 40.95, 40.31, 0, 0, 4.24
2019/06/16 10:50:00, 25.00, 25.08, 24.89, 40.99, 40.31, 0, 0, 4.24
2019/06/16 10:51:00, 25.00, 25.04, 24.87, 40.94, 40.33, 0, 0, 4.24
2019/06/16 10:52:00, 25.00, 25.06, 24.87, 41.01, 40.34, 0, 0, 4.24
2019/06/16 10:53:00, 25.00, 25.05, 24.86, 40.99, 40.34, 0, 0, 4.24
2019/06/16 10:54:00, 25.00, 25.05, 24.89, 41.04, 40.37, 0, 0, 4.24
2019/06/16 10:55:00, 25.00, 25.05, 24.89, 41.04, 40.39, 0, 0, 4.24
2019/06/16 10:56:00, 25.00, 25.02, 24.87, 41.04, 40.38, 0, 0, 4.24
2019/06/16 10:57:00, 25.00, 25.06, 24.87, 41.12, 40.44, 0, 0, 4.24
2019/06/16 10:58:00, 25.00, 25.04, 24.87, 41.08, 40.45, 0, 0, 4.24
2019/06/16 10:59:00, 25.00, 25.05, 24.86, 41.15, 40.48, 0, 0, 4.24
2019/06/16 11:00:00, 25.00, 25.05, 24.87, 41.13, 40.50, 0, 0, 4.24
2019/06/16 11:01:00, 25.00, 25.04, 24.89, 41.18, 40.50, 0, 0, 4.24
2019/06/16 11:02:00, 25.00, 25.06, 24.89, 41.12, 40.49, 0, 0, 4.24
2019/06/16 11:03:00, 25.00, 25.05, 24.89, 41.13, 40.51, 0, 0, 4.24
2019/06/16 11:04:00, 25.00, 25.05, 24.86, 41.13, 40.52, 0, 0, 4.24
2019/06/16 11:05:00, 25.00, 25.06, 24.86, 41.19, 40.53, 0, 0, 4.24
2019/06/16 11:06:00, 25.00, 25.05, 24.91, 41.16, 40.53, 0, 0, 4.24
2019/06/16 11:07:00, 25.00, 25.05, 24.89, 41.20, 40.52, 0, 0, 4.24
2019/06/16 11:08:00, 25.00, 25.06, 24.86, 41.19, 40.53, 0, 0, 4.24
2019/06/16 11:09:00, 25.00, 25.05, 24.86, 41.17, 40.52, 0, 0, 4.24
2019/06/16 11:10:00, 25.00, 25.06, 24.87, 41.16, 40.53, 0, 0, 4.24
2019/06/16 11:11:00, 25.00, 25.08, 24.87, 41.17, 40.49, 0, 0, 4.24
2019/06/16 11:12:00, 25.00, 25.06, 24.89, 41.12, 40.47, 0, 0, 4.24
2019/06/16 11:13:00, 25.00, 25.06, 24.90, 41.20, 40.51, 0, 0, 4.24
2019/06/16 11:14:00, 25.00, 25.06, 24.89, 41.15, 40.51, 0, 0, 4.24
2019/06/16 11:15:00, 25.00, 25.06, 24.86, 41.14, 40.52, 0, 0, 4.24
2019/06/16 11:16:00, 25.00, 25.06, 24.86, 41.14, 40.50, 0, 0, 4.24
2019/06/16 11:17:00, 25.00, 25.08, 24.89, 41.23, 40.56, 0, 0, 4.24
2019/06/16 11:18:00, 25.00, 25.08, 24.89, 41.27, 40.62, 0, 0, 4.24
2019/06/16 11:19:00, 25.00, 25.06, 24.89, 41.24, 40.63, 0, 0, 4.24
2019/06/16 11:20:00, 25.00, 25.08, 24.89, 41.30, 40.64, 0, 0, 4.24
2019/06/16 11:21:00, 25.00, 25.05, 24.89, 41.28, 40.63, 0, 0, 4.24
2019/06/16 11:22:00, 25.00, 25.08, 24.91, 41.29, 40.65, 0, 0, 4.24
2019/06/16 11:23:00, 25.00, 25.08, 24.91, 41.28, 40.63, 0, 0, 4.24
2019/06/16 11:24:00, 25.00, 25.09, 24.89, 41.28, 40.63, 0, 0, 4.24
2019/06/16 11:25:00, 25.00, 25.05, 24.90, 41.31, 40.65, 0, 0, 4.24
2019/06/16 11:26:00, 25.00, 25.06, 24.89, 41.27, 40.63, 0, 0, 4.24
2019/06/16 11:27:00, 25.00, 25.04, 24.86, 41.37, 40.66, 0, 0, 4.24
2019/06/16 11:28:00, 25.00, 25.05, 24.86, 41.36, 40.69, 0, 0, 4.24
2019/06/16 11:29:00, 25.00, 25.02, 24.89, 41.37, 40.71, 0, 0, 4.24
2019/06/16 11:30:00, 25.00, 25.05, 24.89, 41.43, 40.76, 0, 0, 4.24
2019/06/16 11:31:00, 25.00, 25.04, 24.89, 41.43, 40.73, 0, 0, 4.24
2019/06/16 11:32:00, 25.00, 25.05, 24.87, 41.39, 40.75, 0, 0, 4.24
2019/06/16 11:33:00, 25.00, 25.08, 24.89, 41.42, 40.77, 0, 0, 4.24
2019/06/16 11:34:00, 25.00, 25.05, 24.89, 41.40, 40.76, 0, 0, 4.24
2019/06/16 11:35:00, 25.00, 25.08, 24.91, 41.41, 40.76, 0, 0, 4.24
2019/06/16 11:36:00, 25.00, 25.06, 24.92, 41.41, 40.74, 0, 0, 4.24
2019/06/16 11:37:00, 25.00, 25.08, 24.89, 41.37, 40.73, 0, 0, 4.24
2019/06/16 11:38:00, 25.00, 25.08, 24.90, 41.41, 40.73, 0, 0, 4.24
2019/06/16 11:39:00, 25.00, 25.09, 24.87, 41.42, 40.77, 0, 0, 4.24
2019/06/16 11:40:00, 25.00, 25.06, 24.89, 41.44, 40.76, 0, 0, 4.24
2019/06/16 11:41:00, 25.00, 25.08, 24.89, 41.40, 40.76, 0, 0, 4.24
2019/06/16 11:42:00, 25.00, 25.08, 24.85, 41.47, 40.77, 0, 0, 4.24
2019/06/16 11:43:00, 25.00, 25.06, 24.87, 41.47, 40.79, 0, 0, 4.24
2019/06/16 11:44:00, 25.00, 25.08, 24.90, 41.55, 40.87, 0, 0, 4.24
2019/06/16 11:45:00, 25.00, 25.04, 24.86, 41.39, 40.79, 0, 0, 4.24
2019/06/16 11:46:00, 25.00, 25.05, 24.86, 41.28, 40.67, 0, 0, 4.24
2019/06/16 11:47:00, 25.00, 25.05, 24.87, 41.45, 40.76, 0, 0, 4.24
2019/06/16 11:48:00, 25.00, 25.05, 24.86, 41.38, 40.77, 0, 0, 4.24
2019/06/16 11:49:00, 25.00, 25.05, 24.89, 41.40, 40.73, 0, 0, 4.24
2019/06/16 11:50:00, 25.00, 25.04, 24.86, 41.40, 40.75, 0, 0, 4.24
2019/06/16 11:51:00, 25.00, 25.05, 24.85, 41.38, 40.76, 0, 0, 4.24
2019/06/16 11:52:00, 25.00, 25.01, 24.83, 41.41, 40.73, 0, 0, 4.24
2019/06/16 11:53:00, 25.00, 25.02, 24.87, 41.42, 40.76, 0, 0, 4.24
2019/06/16 11:54:00, 25.00, 25.02, 24.83, 41.47, 40.81, 0, 0, 4.24
2019/06/16 11:55:00, 25.00, 25.00, 24.83, 41.47, 40.83, 0, 0, 4.24
2019/06/16 11:56:00, 25.00, 25.00, 24.85, 41.54, 40.87, 0, 0, 4.24
2019/06/16 11:57:00, 25.00, 25.01, 24.84, 41.53, 40.89, 0, 0, 4.24
2019/06/16 11:58:00, 25.00, 25.01, 24.84, 41.49, 40.82, 0, 0, 4.24
2019/06/16 11:59:00, 25.00, 25.04, 24.84, 41.60, 40.89, 0, 0, 4.24
2019/06/16 12:00:00, 25.00, 25.01, 24.84, 41.52, 40.89, 0, 0, 4.24
2019/06/16 12:01:00, 25.00, 25.02, 24.84, 41.50, 40.84, 0, 0, 4.24
2019/06/16 12:02:00, 25.00, 25.00, 24.84, 41.47, 40.84, 0, 0, 4.24
2019/06/16 12:03:00, 25.00, 25.01, 24.81, 41.48, 40.83, 0, 0, 4.24
2019/06/16 12:04:00, 25.00, 25.00, 24.79, 41.53, 40.88, 0, 0, 4.24
2019/06/16 12:05:00, 25.00, 24.98, 24.80, 41.58, 40.90, 0, 0, 4.24
2019/06/16 12:06:00, 25.00, 24.95, 24.80, 41.66, 40.99, 0, 0, 4.24
2019/06/16 12:07:00, 25.00, 24.97, 24.79, 41.64, 40.95, 0, 0, 4.24
2019/06/16 12:08:00, 25.00, 24.95, 24.76, 41.60, 40.95, 0, 0, 4.24
2019/06/16 12:09:00, 25.00, 24.93, 24.75, 41.64, 40.98, 0, 0, 4.24
2019/06/16 12:10:00, 25.00, 24.88, 24.74, 41.66, 40.98, 0, 0, 4.24
2019/06/16 12:11:00, 25.00, 24.88, 24.69, 41.78, 41.08, 0, 0, 4.24
2019/06/16 12:12:00, 25.00, 24.89, 24.69, 41.86, 41.18, 0, 0, 4.24
2019/06/16 12:13:00, 25.00, 24.89, 24.70, 41.81, 41.15, 0, 0, 4.24
2019/06/16 12:14:00, 25.00, 24.91, 24.71, 41.84, 41.16, 0, 0, 4.24
2019/06/16 12:15:00, 25.00, 24.93, 24.70, 41.85, 41.15, 0, 0, 4.24
2019/06/16 12:16:00, 25.00, 24.89, 24.72, 41.81, 41.11, 0, 0, 4.24
2019/06/16 12:17:00, 25.00, 24.88, 24.74, 41.89, 41.18, 0, 0, 4.24
2019/06/16 12:18:00, 25.00, 24.88, 24.69, 41.84, 41.16, 0, 0, 4.24
2019/06/16 12:19:00, 25.00, 24.88, 24.71, 41.85, 41.18, 0, 0, 4.24
2019/06/16 12:20:00, 25.00, 24.91, 24.72, 41.87, 41.17, 0, 0, 4.24
2019/06/16 12:21:00, 25.00, 24.88, 24.71, 41.83, 41.15, 0, 0, 4.24
2019/06/16 12:22:00, 25.00, 24.89, 24.70, 41.79, 41.14, 0, 0, 4.24
2019/06/16 12:23:00, 25.00, 24.89, 24.70, 41.82, 41.11, 0, 0, 4.24
2019/06/16 12:24:00, 25.00, 24.88, 24.70, 41.78, 41.13, 0, 0, 4.24
2019/06/16 12:25:00, 25.00, 24.89, 24.72, 41.77, 41.11, 0, 0, 4.24
2019/06/16 12:26:00, 25.00, 24.88, 24.71, 41.77, 41.08, 0, 0, 4.24
2019/06/16 12:27:00, 25.00, 24.89, 24.70, 41.78, 41.14, 0, 0, 4.24
2019/06/16 12:28:00, 25.00, 24.88, 24.70, 41.82, 41.13, 0, 0, 4.24
2019/06/16 12:29:00, 25.00, 24.88, 24.72, 41.83, 41.14, 0, 0, 4.24
2019/06/16 12:30:00, 25.00, 24.88, 24.69, 41.78, 41.10, 0, 0, 4.24
2019/06/16 12:31:00, 25.00, 24.88, 24.70, 41.79, 41.13, 0, 0, 4.24
2019/06/16 12:32:00, 25.00, 24.87, 24.71, 41.70, 41.08, 0, 0, 4.24
2019/06/16 12:33:00, 25.00, 24.87, 24.67, 41.71, 41.02, 0, 0, 4.24
2019/06/16 12:34:00, 25.00, 24.84, 24.66, 41.72, 41.07, 0, 0, 4.24
2019/06/16 12:35:00, 25.00, 24.84, 24.68, 41.77, 41.06, 0, 0, 4.24
2019/06/16 12:36:00, 25.00, 24.87, 24.65, 41.87, 41.16, 0, 0, 4.24
2019/06/16 12:37:00, 25.00, 24.84, 24.68, 41.75, 41.11, 0, 0, 4.24
2019/06/16 12:38:00, 25.00, 24.85, 24.68, 41.71, 41.08, 0, 0, 4.24
2019/06/16 12:39:00, 25.00, 24.82, 24.66, 41.69, 41.01, 0, 0, 4.24
2019/06/16 12:40:00, 25.00, 24.84, 24.67, 41.72, 41.07, 0, 0, 4.24
2019/06/16 12:41:00, 25.00, 24.81, 24.68, 41.64, 41.03, 0, 0, 4.24
2019/06/16 12:42:00, 25.00, 24.84, 24.66, 41.71, 41.05, 0, 0, 4.24
2019/06/16 12:43:00, 25.00, 24.84, 24.67, 41.67, 41.03, 0, 0, 4.24
2019/06/16 12:44:00, 25.00, 24.85, 24.67, 41.58, 40.95, 0, 0, 4.24
2019/06/16 12:45:00, 25.00, 24.85, 24.69, 41.71, 41.00, 0, 0, 4.24
2019/06/16 12:46:00, 25.00, 24.84, 24.67, 41.60, 40.98, 0, 0, 4.24
2019/06/16 12:47:00, 25.00, 24.82, 24.66, 41.56, 40.93, 0, 0, 4.24
2019/06/16 12:48:00, 25.00, 24.81, 24.65, 41.55, 40.95, 0, 0, 4.24
2019/06/16 12:49:00, 25.00, 24.82, 24.63, 41.60, 40.95, 0, 0, 4.24
2019/06/16 12:50:00, 25.00, 24.80, 24.62, 41.55, 40.95, 0, 0, 4.24
2019/06/16 12:51:00, 25.00, 24.80, 24.62, 41.61, 40.95, 0, 0, 4.24
2019/06/16 12:52:00, 25.00, 24.77, 24.58, 41.77, 41.03, 0, 0, 4.24
2019/06/16 12:53:00, 25.00, 24.77, 24.58, 41.77, 41.11, 0, 0, 4.24
2019/06/16 12:54:00, 25.00, 24.75, 24.60, 41.90, 41.18, 0, 0, 4.24
2019/06/16 12:55:00, 25.00, 24.78, 24.60, 41.84, 41.20, 0, 0, 4.24
2019/06/16 12:56:00, 25.00, 24.77, 24.60, 41.87, 41.20, 0, 0, 4.24
2019/06/16 12:57:00, 25.00, 24.77, 24.58, 41.77, 41.17, 0, 0, 4.24
2019/06/16 12:58:00, 25.00, 24.77, 24.58, 41.78, 41.14, 0, 0, 4.24
2019/06/16 12:59:00, 25.00, 24.75, 24.58, 41.83, 41.16, 0, 0, 4.24
2019/06/16 13:00:00, 25.00, 24.73, 24.56, 41.84, 41.16, 0, 0, 4.24
2019/06/16 13:01:00, 25.00, 24.74, 24.55, 41.96, 41.22, 0, 0, 4.24
2019/06/16 13:02:00, 25.00, 24.74, 24.57, 41.99, 41.27, 0, 0, 4.24
2019/06/16 13:03:00, 25.00, 24.75, 24.55, 41.86, 41.25, 0, 0, 4.24
2019/06/16 13:04:00, 25.00, 24.73, 24.56, 41.87, 41.22, 0, 0, 4.24
2019/06/16 13:05:00, 25.00, 24.73, 24.56, 41.93, 41.25, 0, 0, 4.24
2019/06/16 13:06:00, 25.00, 24.75, 24.55, 42.07, 41.34, 0, 0, 4.24
2019/06/16 13:07:00, 25.00, 24.75, 24.58, 41.99, 41.30, 0, 0, 4.24
2019/06/16 13:08:00, 25.00, 24.77, 24.58, 41.85, 41.23, 0, 0, 4.24
2019/06/16 13:09:00, 25.00, 24.78, 24.60, 41.87, 41.18, 0, 0, 4.24
2019/06/16 13:10:00, 25.00, 24.75, 24.61, 41.80, 41.16, 0, 0, 4.24
2019/06/16 13:11:00, 25.00, 24.80, 24.58, 41.80, 41.18, 0, 0, 4.24
2019/06/16 13:12:00, 25.00, 24.77, 24.61, 41.85, 41.18, 0, 0, 4.24
2019/06/16 13:13:00, 25.00, 24.80, 24.62, 41.78, 41.15, 0, 0, 4.24
2019/06/16 13:14:00, 25.00, 24.78, 24.62, 41.77, 41.14, 0, 0, 4.24
2019/06/16 13:15:00, 25.00, 24.78, 24.64, 41.77, 41.13, 0, 0, 4.24
2019/06/16 13:16:00, 25.00, 24.84, 24.65, 41.77, 41.14, 0, 0, 4.24
2019/06/16 13:17:00, 25.00, 24.82, 24.64, 41.77, 41.14, 0, 0, 4.24
2019/06/16 13:18:00, 25.00, 24.82, 24.65, 41.64, 41.03, 0, 0, 4.24
2019/06/16 13:19:00, 25.00, 24.82, 24.65, 41.80, 41.11, 0, 0, 4.24
2019/06/16 13:20:00, 25.00, 24.84, 24.65, 41.73, 41.05, 0, 0, 4.24
2019/06/16 13:21:00, 25.00, 24.85, 24.66, 41.82, 41.13, 0, 0, 4.24
2019/06/16 13:22:00, 25.00, 24.85, 24.67, 41.74, 41.08, 0, 0, 4.24
2019/06/16 13:23:00, 25.00, 24.84, 24.67, 41.69, 41.05, 0, 0, 4.24
2019/06/16 13:24:00, 25.00, 24.87, 24.65, 41.75, 41.08, 0, 0, 4.24
2019/06/16 13:25:00, 25.00, 24.85, 24.66, 41.74, 41.10, 0, 0, 4.24
2019/06/16 13:26:00, 25.00, 24.88, 24.67, 41.66, 41.05, 0, 0, 4.24
2019/06/16 13:27:00, 25.00, 24.84, 24.67, 41.68, 41.02, 0, 0, 4.24
2019/06/16 13:28:00, 25.00, 24.85, 24.68, 41.67, 41.03, 0, 0, 4.24
2019/06/16 13:29:00, 25.00, 24.84, 24.65, 41.76, 41.08, 0, 0, 4.24
2019/06/16 13:30:00, 25.00, 24.81, 24.67, 41.78, 41.14, 0, 0, 4.24
2019/06/16 13:31:00, 25.00, 24.81, 24.63, 41.84, 41.18, 0, 0, 4.24
2019/06/16 13:32:00, 25.00, 24.81, 24.61, 41.90, 41.23, 0, 0, 4.24
2019/06/16 13:33:00, 25.00, 24.78, 24.61, 41.94, 41.24, 0, 0, 4.24
2019/06/16 13:34:00, 25.00, 24.78, 24.61, 41.90, 41.26, 0, 0, 4.24
2019/06/16 13:35:00, 25.00, 24.78, 24.58, 41.98, 41.28, 0, 0, 4.24
2019/06/16 13:36:00, 25.00, 24.78, 24.60, 42.07, 41.39, 0, 0, 4.24
2019/06/16 13:37:00, 25.00, 24.77, 24.60, 41.97, 41.32, 0, 0, 4.24
2019/06/16 13:38:00, 25.00, 24.77, 24.58, 42.06, 41.35, 0, 0, 4.24
2019/06/16 13:39:00, 25.00, 24.77, 24.60, 41.99, 41.35, 0, 0, 4.24
2019/06/16 13:40:00, 25.00, 24.80, 24.61, 42.01, 41.35, 0, 0, 4.24
2019/06/16 13:41:00, 25.00, 24.80, 24.62, 41.93, 41.28, 0, 0, 4.24
2019/06/16 13:42:00, 25.00, 24.78, 24.61, 41.82, 41.18, 0, 0, 4.24
2019/06/16 13:43:00, 25.00, 24.78, 24.61, 41.89, 41.22, 0, 0, 4.24
2019/06/16 13:44:00, 25.00, 24.77, 24.60, 41.93, 41.27, 0, 0, 4.24
2019/06/16 13:45:00, 25.00, 24.77, 24.58, 41.96, 41.25, 0, 0, 4.24
2019/06/16 13:46:00, 25.00, 24.78, 24.57, 41.95, 41.24, 0, 0, 4.24
2019/06/16 13:47:00, 25.00, 24.77, 24.58, 41.93, 41.27, 0, 0, 4.24
2019/06/16 13:48:00, 25.00, 24.71, 24.57, 41.87, 41.24, 0, 0, 4.24
2019/06/16 13:49:00, 25.00, 24.73, 24.57, 42.00, 41.28, 0, 0, 4.24
2019/06/16 13:50:00, 25.00, 24.74, 24.55, 42.10, 41.39, 0, 0, 4.24
2019/06/16 13:51:00, 25.00, 24.74, 24.57, 42.14, 41.41, 0, 0, 4.24
2019/06/16 13:52:00, 25.00, 24.74, 24.56, 42.04, 41.37, 0, 0, 4.24
2019/06/16 13:53:00, 25.00, 24.77, 24.60, 42.04, 41.36, 0, 0, 4.24
2019/06/16 13:54:00, 25.00, 24.77, 24.58, 41.99, 41.32, 0, 0, 4.24
2019/06/16 13:55:00, 25.00, 24.77, 24.58, 41.98, 41.33, 0, 0, 4.24
2019/06/16 13:56:00, 25.00, 24.78, 24.58, 41.97, 41.30, 0, 0, 4.24
2019/06/16 13:57:00, 25.00, 24.81, 24.63, 41.98, 41.31, 0, 0, 4.24
2019/06/16 13:58:00, 25.00, 24.80, 24.62, 42.01, 41.35, 0, 0, 4.24
2019/06/16 13:59:00, 25.00, 24.80, 24.62, 41.97, 41.34, 0, 0, 4.24
2019/06/16 14:00:00, 25.00, 24.80, 24.62, 42.05, 41.32, 0, 0, 4.24
2019/06/16 14:01:00, 25.00, 24.81, 24.64, 41.97, 41.29, 0, 0, 4.24
2019/06/16 14:02:00, 25.00, 24.80, 24.64, 41.94, 41.27, 0, 0, 4.24
2019/06/16 14:03:00, 25.00, 24.80, 24.63, 42.02, 41.30, 0, 0, 4.24
2019/06/16 14:04:00, 25.00, 24.82, 24.65, 42.04, 41.37, 0, 0, 4.24
2019/06/16 14:05:00, 25.00, 24.84, 24.67, 41.98, 41.34, 0, 0, 4.24
2019/06/16 14:06:00, 25.00, 24.84, 24.67, 41.96, 41.30, 0, 0, 4.24
2019/06/16 14:07:00, 25.00, 24.85, 24.66, 41.96, 41.31, 0, 0, 4.24
2019/06/16 14:08:00, 25.00, 24.84, 24.66, 42.00, 41.30, 0, 0, 4.24
2019/06/16 14:09:00, 25.00, 24.84, 24.66, 42.09, 41.37, 0, 0, 4.24
2019/06/16 14:10:00, 25.00, 24.85, 24.66, 42.07, 41.40, 0, 0, 4.24
2019/06/16 14:11:00, 25.00, 24.82, 24.69, 42.04, 41.40, 0, 0, 4.24
2019/06/16 14:12:00, 25.00, 24.84, 24.69, 42.13, 41.38, 0, 0, 4.24
2019/06/16 14:13:00, 25.00, 24.89, 24.70, 42.10, 41.45, 0, 0, 4.24
2019/06/16 14:14:00, 25.00, 24.89, 24.71, 42.02, 41.39, 0, 0, 4.24
2019/06/16 14:15:00, 25.00, 24.91, 24.72, 41.99, 41.36, 0, 0, 4.24
2019/06/16 14:16:00, 25.00, 24.91, 24.70, 41.97, 41.34, 0, 0, 4.24
2019/06/16 14:17:00, 25.00, 24.89, 24.71, 42.04, 41.37, 0, 0, 4.24
2019/06/16 14:18:00, 25.00, 24.93, 24.70, 42.02, 41.37, 0, 0, 4.24
2019/06/16 14:19:00, 25.00, 24.93, 24.72, 42.05, 41.37, 0, 0, 4.24
2019/06/16 14:20:00, 25.00, 24.91, 24.75, 42.04, 41.38, 0, 0, 4.24
2019/06/16 14:21:00, 25.00, 24.93, 24.76, 42.03, 41.37, 0, 0, 4.24
2019/06/16 14:22:00, 25.00, 24.95, 24.75, 42.00, 41.35, 0, 0, 4.24
2019/06/16 14:23:00, 25.00, 24.93, 24.75, 42.07, 41.35, 0, 0, 4.24
2019/06/16 14:24:00, 25.00, 24.94, 24.77, 41.98, 41.34, 0, 0, 4.24
2019/06/16 14:25:00, 25.00, 24.95, 24.78, 41.96, 41.29, 0, 0, 4.24
2019/06/16 14:26:00, 25.00, 24.98, 24.78, 41.94, 41.27, 0, 0, 4.24
2019/06/16 14:27:00, 25.00, 25.01, 24.79, 41.98, 41.27, 0, 0, 4.24
2019/06/16 14:28:00, 25.00, 25.02, 24.80, 41.86, 41.26, 0, 0, 4.24
2019/06/16 14:29:00, 25.00, 24.98, 24.81, 41.89, 41.23, 0, 0, 4.24
2019/06/16 14:30:00, 25.00, 25.00, 24.80, 41.90, 41.23, 0, 0, 4.24
2019/06/16 14:31:00, 25.00, 25.02, 24.82, 41.90, 41.22, 0, 0, 4.24
2019/06/16 14:32:00, 25.00, 25.00, 24.83, 41.86, 41.20, 0, 0, 4.24
2019/06/16 14:33:00, 25.00, 25.04, 24.83, 41.82, 41.18, 0, 0, 4.24
2019/06/16 14:34:00, 25.00, 25.02, 24.84, 41.78, 41.16, 0, 0, 4.24
2019/06/16 14:35:00, 25.25, 25.04, 24.85, 41.80, 41.15, 0, 0, 4.24
2019/06/16 14:36:00, 25.00, 25.05, 24.84, 41.76, 41.12, 0, 0, 4.24
2019/06/16 14:37:00, 25.25, 25.04, 24.85, 41.73, 41.08, 0, 0, 4.24
2019/06/16 14:38:00, 25.25, 25.04, 24.87, 41.71, 41.07, 0, 0, 4.24
2019/06/16 14:39:00, 25.25, 25.02, 24.86, 41.69, 41.08, 0, 0, 4.24
2019/06/16 14:40:00, 25.25, 25.05, 24.86, 41.68, 41.05, 0, 0, 4.24
2019/06/16 14:41:00, 25.25, 25.04, 24.86, 41.65, 41.04, 0, 0, 4.24
2019/06/16 14:42:00, 25.25, 25.05, 24.87, 41.72, 41.07, 0, 0, 4.24
2019/06/16 14:43:00, 25.25, 25.01, 24.86, 41.71, 41.05, 0, 0, 4.24
2019/06/16 14:44:00, 25.25, 25.02, 24.85, 41.77, 41.07, 0, 0, 4.24
2019/06/16 14:45:00, 25.25, 25.01, 24.83, 41.72, 41.08, 0, 0, 4.24
2019/06/16 14:46:00, 25.25, 25.01, 24.83, 41.75, 41.08, 0, 0, 4.24
2019/06/16 14:47:00, 25.25, 25.01, 24.82, 41.71, 41.05, 0, 0, 4.24
2019/06/16 14:48:00, 25.25, 25.00, 24.81, 41.70, 41.09, 0, 0, 4.24
2019/06/16 14:49:00, 25.25, 25.04, 24.83, 41.71, 41.09, 0, 0, 4.24
2019/06/16 14:50:00, 25.25, 25.00, 24.79, 41.81, 41.16, 0, 0, 4.24
2019/06/16 14:51:00, 25.25, 25.00, 24.80, 41.83, 41.18, 0, 0, 4.24
2019/06/16 14:52:00, 25.25, 25.01, 24.81, 41.83, 41.16, 0, 0, 4.24
2019/06/16 14:53:00, 25.25, 25.02, 24.84, 41.81, 41.17, 0, 0, 4.24
2019/06/16 14:54:00, 25.25, 25.01, 24.82, 41.78, 41.16, 0, 0, 4.24
2019/06/16 14:55:00, 25.25, 25.01, 24.80, 41.85, 41.14, 0, 0, 4.24
2019/06/16 14:56:00, 25.25, 24.98, 24.78, 41.81, 41.18, 0, 0, 4.24
2019/06/16 14:57:00, 25.25, 24.95, 24.80, 41.82, 41.19, 0, 0, 4.24
2019/06/16 14:58:00, 25.25, 24.97, 24.81, 41.83, 41.17, 0, 0, 4.24
2019/06/16 14:59:00, 25.25, 24.95, 24.79, 41.80, 41.14, 0, 0, 4.24
2019/06/16 15:00:00, 25.25, 24.94, 24.80, 41.80, 41.13, 0, 0, 4.24
2019/06/16 15:01:00, 25.25, 24.98, 24.78, 41.87, 41.19, 0, 0, 4.24
2019/06/16 15:02:00, 25.25, 24.95, 24.79, 41.86, 41.22, 0, 0, 4.24
2019/06/16 15:03:00, 25.25, 24.95, 24.77, 41.92, 41.21, 0, 0, 4.24
2019/06/16 15:04:00, 25.25, 24.97, 24.78, 41.91, 41.22, 0, 0, 4.24
2019/06/16 15:05:00, 25.25, 24.97, 24.80, 41.86, 41.22, 0, 0, 4.24
2019/06/16 15:06:00, 25.25, 25.00, 24.79, 41.92, 41.22, 0, 0, 4.24
2019/06/16 15:07:00, 25.25, 25.00, 24.80, 41.88, 41.23, 0, 0, 4.24
2019/06/16 15:08:00, 25.25, 24.98, 24.81, 41.82, 41.17, 0, 0, 4.24
2019/06/16 15:09:00, 25.25, 24.97, 24.80, 41.80, 41.17, 0, 0, 4.24
2019/06/16 15:10:00, 25.25, 25.01, 24.83, 41.82, 41.15, 0, 0, 4.24
2019/06/16 15:11:00, 25.25, 24.95, 24.79, 41.76, 41.12, 0, 0, 4.24
2019/06/16 15:12:00, 25.25, 24.98, 24.78, 41.87, 41.17, 0, 0, 4.24
2019/06/16 15:13:00, 25.25, 24.98, 24.79, 41.86, 41.21, 0, 0, 4.24
2019/06/16 15:14:00, 25.25, 24.98, 24.80, 41.92, 41.27, 0, 0, 4.24
2019/06/16 15:15:00, 25.25, 24.97, 24.81, 41.94, 41.26, 0, 0, 4.24
2019/06/16 15:16:00, 25.25, 24.98, 24.82, 41.95, 41.29, 0, 0, 4.24
2019/06/16 15:17:00, 25.25, 24.97, 24.79, 41.92, 41.24, 0, 0, 4.24
2019/06/16 15:18:00, 25.25, 25.01, 24.79, 41.92, 41.24, 0, 0, 4.24
2019/06/16 15:19:00, 25.25, 24.97, 24.80, 41.87, 41.23, 0, 0, 4.24
2019/06/16 15:20:00, 25.25, 24.98, 24.81, 41.88, 41.22, 0, 0, 4.24
2019/06/16 15:21:00, 25.25, 25.01, 24.80, 41.87, 41.22, 0, 0, 4.24
2019/06/16 15:22:00, 25.25, 25.00, 24.80, 41.90, 41.23, 0, 0, 4.24
2019/06/16 15:23:00, 25.25, 24.98, 24.81, 41.91, 41.24, 0, 0, 4.24
2019/06/16 15:24:00, 25.25, 25.00, 24.79, 41.87, 41.23, 0, 0, 4.24
2019/06/16 15:25:00, 25.25, 25.01, 24.81, 41.90, 41.25, 0, 0, 4.24
2019/06/16 15:26:00, 25.25, 25.02, 24.81, 41.82, 41.19, 0, 0, 4.24
2019/06/16 15:27:00, 25.25, 25.01, 24.81, 41.79, 41.13, 0, 0, 4.24
2019/06/16 15:28:00, 25.25, 25.01, 24.82, 41.72, 41.08, 0, 0, 4.24
2019/06/16 15:29:00, 25.25, 25.00, 24.81, 41.71, 41.08, 0, 0, 4.24
2019/06/16 15:30:00, 25.25, 25.00, 24.82, 41.77, 41.11, 0, 0, 4.24
2019/06/16 15:31:00, 25.25, 25.01, 24.81, 41.85, 41.16, 0, 0, 4.24
2019/06/16 15:32:00, 25.25, 25.01, 24.80, 41.78, 41.16, 0, 0, 4.24
2019/06/16 15:33:00, 25.25, 24.98, 24.82, 41.78, 41.13, 0, 0, 4.24
2019/06/16 15:34:00, 25.25, 24.98, 24.79, 41.81, 41.16, 0, 0, 4.24
2019/06/16 15:35:00, 25.25, 24.98, 24.81, 41.86, 41.19, 0, 0, 4.24
2019/06/16 15:36:00, 25.25, 25.00, 24.82, 41.86, 41.18, 0, 0, 4.24
2019/06/16 15:37:00, 25.25, 24.98, 24.80, 41.75, 41.13, 0, 0, 4.24
2019/06/16 15:38:00, 25.25, 24.98, 24.81, 41.80, 41.14, 0, 0, 4.24
2019/06/16 15:39:00, 25.25, 24.98, 24.79, 41.85, 41.18, 0, 0, 4.24
2019/06/16 15:40:00, 25.25, 24.98, 24.81, 41.80, 41.18, 0, 0, 4.24
2019/06/16 15:41:00, 25.25, 24.97, 24.79, 41.83, 41.18, 0, 0, 4.24
2019/06/16 15:42:00, 25.25, 24.97, 24.79, 41.79, 41.11, 0, 0, 4.24
2019/06/16 15:43:00, 25.25, 24.97, 24.78, 41.71, 41.10, 0, 0, 4.24
2019/06/16 15:44:00, 25.25, 24.97, 24.77, 41.76, 41.11, 0, 0, 4.24
2019/06/16 15:45:00, 25.25, 24.93, 24.76, 41.80, 41.16, 0, 0, 4.24
2019/06/16 15:46:00, 25.25, 24.95, 24.77, 41.88, 41.24, 0, 0, 4.24
2019/06/16 15:47:00, 25.25, 24.93, 24.77, 41.89, 41.25, 0, 0, 4.24
2019/06/16 15:48:00, 25.25, 24.95, 24.78, 41.91, 41.26, 0, 0, 4.24
2019/06/16 15:49:00, 25.25, 24.97, 24.78, 41.88, 41.24, 0, 0, 4.24
2019/06/16 15:50:00, 25.25, 24.95, 24.77, 41.87, 41.21, 0, 0, 4.24
2019/06/16 15:51:00, 25.25, 24.95, 24.76, 41.91, 41.22, 0, 0, 4.24
2019/06/16 15:52:00, 25.25, 24.95, 24.77, 41.95, 41.26, 0, 0, 4.24
2019/06/16 15:53:00, 25.25, 24.95, 24.77, 41.98, 41.31, 0, 0, 4.24
2019/06/16 15:54:00, 25.25, 24.93, 24.76, 42.01, 41.35, 0, 0, 4.24
2019/06/16 15:55:00, 25.25, 24.93, 24.76, 42.04, 41.37, 0, 0, 4.24
2019/06/16 15:56:00, 25.25, 24.93, 24.74, 42.04, 41.39, 0, 0, 4.24
2019/06/16 15:57:00, 25.25, 24.94, 24.75, 42.10, 41.40, 0, 0, 4.24
2019/06/16 15:58:00, 25.25, 24.93, 24.76, 42.04, 41.38, 0, 0, 4.24
2019/06/16 15:59:00, 25.25, 24.91, 24.74, 42.01, 41.30, 0, 0, 4.24
2019/06/16 16:00:00, 25.25, 24.89, 24.70, 42.06, 41.37, 0, 0, 4.24
2019/06/16 16:01:00, 25.25, 24.91, 24.70, 42.21, 41.46, 0, 0, 4.24
2019/06/16 16:02:00, 25.25, 24.88, 24.72, 42.10, 41.47, 0, 0, 4.24
2019/06/16 16:03:00, 25.25, 24.87, 24.68, 42.15, 41.43, 0, 0, 4.24
2019/06/16 16:04:00, 25.25, 24.88, 24.68, 42.16, 41.45, 0, 0, 4.24
2019/06/16 16:05:00, 25.25, 24.85, 24.70, 42.35, 41.56, 0, 0, 4.24
2019/06/16 16:06:00, 25.25, 24.88, 24.70, 42.38, 41.66, 0, 0, 4.24
2019/06/16 16:07:00, 25.25, 24.89, 24.70, 42.30, 41.63, 0, 0, 4.24
2019/06/16 16:08:00, 25.25, 24.89, 24.72, 42.29, 41.60, 0, 0, 4.24
2019/06/16 16:09:00, 25.25, 24.95, 24.75, 42.26, 41.56, 0, 0, 4.24
2019/06/16 16:10:00, 25.25, 24.94, 24.77, 42.17, 41.54, 0, 0, 4.24
2019/06/16 16:11:00, 25.25, 24.94, 24.76, 42.13, 41.53, 0, 0, 4.24
2019/06/16 16:12:00, 25.25, 24.95, 24.78, 42.20, 41.48, 0, 0, 4.24
2019/06/16 16:13:00, 25.25, 24.98, 24.77, 42.19, 41.48, 0, 0, 4.24
2019/06/16 16:14:00, 25.25, 24.97, 24.79, 42.14, 41.49, 0, 0, 4.24
2019/06/16 16:15:00, 25.25, 24.97, 24.78, 42.19, 41.43, 0, 0, 4.24
2019/06/16 16:16:00, 25.25, 24.95, 24.79, 42.06, 41.43, 0, 0, 4.24
2019/06/16 16:17:00, 25.25, 24.97, 24.77, 42.13, 41.43, 0, 0, 4.24
2019/06/16 16:18:00, 25.25, 25.01, 24.80, 42.12, 41.43, 0, 0, 4.24
2019/06/16 16:19:00, 25.25, 24.98, 24.80, 42.10, 41.44, 0, 0, 4.24
2019/06/16 16:20:00, 25.25, 25.01, 24.79, 42.07, 41.43, 0, 0, 4.24
2019/06/16 16:21:00, 25.25, 25.00, 24.81, 41.98, 41.38, 0, 0, 4.24
2019/06/16 16:22:00, 25.25, 24.98, 24.79, 41.99, 41.34, 0, 0, 4.24
2019/06/16 16:23:00, 25.25, 24.98, 24.79, 42.07, 41.39, 0, 0, 4.24
2019/06/16 16:24:00, 25.25, 25.00, 24.82, 42.09, 41.43, 0, 0, 4.24
2019/06/16 16:25:00, 25.25, 25.00, 24.79, 42.03, 41.40, 0, 0, 4.24
2019/06/16 16:26:00, 25.25, 24.97, 24.81, 42.15, 41.46, 0, 0, 4.24
2019/06/16 16:27:00, 25.25, 24.98, 24.80, 42.07, 41.42, 0, 0, 4.24
2019/06/16 16:28:00, 25.25, 24.97, 24.82, 42.09, 41.43, 0, 0, 4.24
2019/06/16 16:29:00, 25.25, 24.98, 24.81, 42.10, 41.40, 0, 0, 4.24
2019/06/16 16:30:00, 25.25, 25.00, 24.81, 42.13, 41.43, 0, 0, 4.24
2019/06/16 16:31:00, 25.25, 24.98, 24.81, 42.18, 41.45, 0, 0, 4.24
2019/06/16 16:32:00, 25.25, 24.95, 24.80, 42.13, 41.44, 0, 0, 4.24
2019/06/16 16:33:00, 25.25, 24.97, 24.81, 42.10, 41.45, 0, 0, 4.24
2019/06/16 16:34:00, 25.25, 24.97, 24.80, 42.15, 41.44, 0, 0, 4.24
2019/06/16 16:35:00, 25.25, 25.00, 24.81, 42.20, 41.53, 0, 0, 4.24
2019/06/16 16:36:00, 25.25, 25.00, 24.83, 42.17, 41.53, 0, 0, 4.24
2019/06/16 16:37:00, 25.25, 25.00, 24.83, 42.13, 41.47, 0, 0, 4.24
2019/06/16 16:38:00, 25.25, 25.01, 24.83, 42.14, 41.44, 0, 0, 4.24
2019/06/16 16:39:00, 25.25, 25.02, 24.82, 42.07, 41.41, 0, 0, 4.24
2019/06/16 16:40:00, 25.25, 25.02, 24.82, 42.06, 41.39, 0, 0, 4.24
2019/06/16 16:41:00, 25.25, 25.02, 24.83, 42.03, 41.37, 0, 0, 4.24
2019/06/16 16:42:00, 25.25, 25.01, 24.83, 42.07, 41.40, 0, 0, 4.24
2019/06/16 16:43:00, 25.25, 24.98, 24.80, 42.15, 41.44, 0, 0, 4.24
2019/06/16 16:44:00, 25.25, 24.98, 24.79, 42.18, 41.49, 0, 0, 4.24
2019/06/16 16:45:00, 25.25, 25.01, 24.78, 42.12, 41.46, 0, 0, 4.24
2019/06/16 16:46:00, 25.25, 24.97, 24.77, 42.19, 41.50, 0, 0, 4.24
2019/06/16 16:47:00, 25.25, 24.95, 24.77, 42.12, 41.47, 0, 0, 4.24
2019/06/16 16:48:00, 25.25, 24.94, 24.77, 42.19, 41.48, 0, 0, 4.24
2019/06/16 16:49:00, 25.25, 24.95, 24.79, 42.18, 41.53, 0, 0, 4.24
2019/06/16 16:50:00, 25.25, 24.94, 24.77, 42.20, 41.50, 0, 0, 4.24
2019/06/16 16:51:00, 25.25, 24.93, 24.75, 42.25, 41.56, 0, 0, 4.24
2019/06/16 16:52:00, 25.25, 24.94, 24.75, 42.28, 41.59, 0, 0, 4.24
2019/06/16 16:53:00, 25.25, 24.91, 24.76, 42.31, 41.59, 0, 0, 4.24
2019/06/16 16:54:00, 25.25, 24.93, 24.76, 42.36, 41.64, 0, 0, 4.24
2019/06/16 16:55:00, 25.25, 24.94, 24.76, 42.26, 41.63, 0, 0, 4.24
2019/06/16 16:56:00, 25.25, 24.95, 24.77, 42.32, 41.61, 0, 0, 4.24
2019/06/16 16:57:00, 25.25, 24.91, 24.74, 42.31, 41.62, 0, 0, 4.24
2019/06/16 16:58:00, 25.25, 24.93, 24.74, 42.36, 41.67, 0, 0, 4.24
2019/06/16 16:59:00, 25.25, 24.93, 24.75, 42.36, 41.69, 0, 0, 4.24
2019/06/16 17:00:00, 25.25, 24.91, 24.77, 42.37, 41.69, 0, 0, 4.24
2019/06/16 17:01:00, 25.25, 24.93, 24.75, 42.36, 41.69, 0, 0, 4.24
2019/06/16 17:02:00, 25.25, 24.91, 24.75, 42.43, 41.67, 0, 0, 4.24
2019/06/16 17:03:00, 25.25, 24.93, 24.75, 42.41, 41.70, 0, 0, 4.24
2019/06/16 17:04:00, 25.25, 24.93, 24.76, 42.53, 41.72, 0, 0, 4.24
2019/06/16 17:05:00, 25.25, 24.94, 24.75, 42.47, 41.76, 0, 0, 4.24
2019/06/16 17:06:00, 25.25, 24.93, 24.76, 42.48, 41.76, 0, 0, 4.24
2019/06/16 17:07:00, 25.25, 24.94, 24.71, 42.51, 41.79, 0, 0, 4.24
2019/06/16 17:08:00, 25.25, 24.93, 24.74, 42.44, 41.75, 0, 0, 4.24
2019/06/16 17:09:00, 25.25, 24.93, 24.74, 42.44, 41.75, 0, 0, 4.24
2019/06/16 17:10:00, 25.25, 24.91, 24.75, 42.48, 41.77, 0, 0, 4.24
2019/06/16 17:11:00, 25.25, 24.94, 24.77, 42.43, 41.76, 0, 0, 4.24
2019/06/16 17:12:00, 25.25, 24.91, 24.77, 42.32, 41.68, 0, 0, 4.24
2019/06/16 17:13:00, 25.25, 24.94, 24.76, 42.36, 41.65, 0, 0, 4.24
2019/06/16 17:14:00, 25.25, 24.94, 24.77, 42.30, 41.63, 0, 0, 4.24
2019/06/16 17:15:00, 25.25, 24.95, 24.77, 42.34, 41.63, 0, 0, 4.24
2019/06/16 17:16:00, 25.25, 24.95, 24.77, 42.31, 41.65, 0, 0, 4.24
2019/06/16 17:17:00, 25.25, 24.97, 24.79, 42.34, 41.66, 0, 0, 4.24
2019/06/16 17:18:00, 25.25, 24.95, 24.78, 42.24, 41.60, 0, 0, 4.24
2019/06/16 17:19:00, 25.25, 25.00, 24.79, 42.27, 41.60, 0, 0, 4.24
2019/06/16 17:20:00, 25.25, 24.97, 24.79, 42.26, 41.59, 0, 0, 4.24
2019/06/16 17:21:00, 25.25, 24.98, 24.78, 42.23, 41.56, 0, 0, 4.24
2019/06/16 17:22:00, 25.25, 24.95, 24.77, 42.34, 41.57, 0, 0, 4.24
2019/06/16 17:23:00, 25.25, 24.95, 24.76, 42.29, 41.61, 0, 0, 4.24
2019/06/16 17:24:00, 25.25, 24.94, 24.76, 42.32, 41.62, 0, 0, 4.24
2019/06/16 17:25:00, 25.25, 24.91, 24.74, 42.37, 41.66, 0, 0, 4.24
2019/06/16 17:26:00, 25.25, 24.91, 24.75, 42.38, 41.71, 0, 0, 4.24
2019/06/16 17:27:00, 25.25, 24.91, 24.75, 42.35, 41.70, 0, 0, 4.24
2019/06/16 17:28:00, 25.25, 24.94, 24.74, 42.40, 41.68, 0, 0, 4.24
2019/06/16 17:29:00, 25.25, 24.93, 24.75, 42.33, 41.65, 0, 0, 4.24
2019/06/16 17:30:00, 25.25, 24.93, 24.72, 42.41, 41.69, 0, 0, 4.24
2019/06/16 17:31:00, 25.25, 24.91, 24.74, 42.38, 41.71, 0, 0, 4.24
2019/06/16 17:32:00, 25.25, 24.91, 24.74, 42.42, 41.71, 0, 0, 4.24
2019/06/16 17:33:00, 25.25, 24.93, 24.74, 42.40, 41.69, 0, 0, 4.24
2019/06/16 17:34:00, 25.25, 24.91, 24.72, 42.36, 41.68, 0, 0, 4.24
2019/06/16 17:35:00, 25.25, 24.91, 24.74, 42.42, 41.72, 0, 0, 4.24
2019/06/16 17:36:00, 25.25, 24.93, 24.74, 42.36, 41.69, 0, 0, 4.24
2019/06/16 17:37:00, 25.25, 24.91, 24.75, 42.36, 41.66, 0, 0, 4.24
2019/06/16 17:38:00, 25.25, 24.89, 24.72, 42.34, 41.68, 0, 0, 4.24
2019/06/16 17:39:00, 25.25, 24.89, 24.71, 42.38, 41.70, 0, 0, 4.24
2019/06/16 17:40:00, 25.25, 24.91, 24.72, 42.42, 41.70, 0, 0, 4.24
2019/06/16 17:41:00, 25.25, 24.89, 24.70, 42.41, 41.74, 0, 0, 4.24
2019/06/16 17:42:00, 25.25, 24.91, 24.72, 42.44, 41.72, 0, 0, 4.24
2019/06/16 17:43:00, 25.25, 24.88, 24.70, 42.46, 41.76, 0, 0, 4.24
2019/06/16 17:44:00, 25.25, 24.87, 24.70, 42.43, 41.72, 0, 0, 4.24
2019/06/16 17:45:00, 25.25, 24.87, 24.72, 42.43, 41.76, 0, 0, 4.24
2019/06/16 17:46:00, 25.25, 24.88, 24.70, 42.43, 41.78, 0, 0, 4.24
2019/06/16 17:47:00, 25.25, 24.87, 24.69, 42.47, 41.78, 0, 0, 4.24
2019/06/16 17:48:00, 25.25, 24.87, 24.69, 42.47, 41.79, 0, 0, 4.24
2019/06/16 17:49:00, 25.25, 24.87, 24.69, 42.47, 41.76, 0, 0, 4.24
2019/06/16 17:50:00, 25.25, 24.87, 24.70, 42.52, 41.80, 0, 0, 4.24
2019/06/16 17:51:00, 25.25, 24.88, 24.71, 42.50, 41.82, 0, 0, 4.24
2019/06/16 17:52:00, 25.25, 24.89, 24.69, 42.46, 41.79, 0, 0, 4.24
2019/06/16 17:53:00, 25.25, 24.87, 24.69, 42.45, 41.75, 0, 0, 4.24
2019/06/16 17:54:00, 25.25, 24.85, 24.68, 42.43, 41.77, 0, 0, 4.24
2019/06/16 17:55:00, 25.25, 24.87, 24.69, 42.42, 41.74, 0, 0, 4.24
2019/06/16 17:56:00, 25.25, 24.87, 24.69, 42.47, 41.76, 0, 0, 4.24
2019/06/16 17:57:00, 25.25, 24.87, 24.68, 42.43, 41.73, 0, 0, 4.24
2019/06/16 17:58:00, 25.25, 24.85, 24.67, 42.38, 41.72, 0, 0, 4.24
2019/06/16 17:59:00, 25.25, 24.85, 24.66, 42.40, 41.72, 0, 0, 4.24
2019/06/16 18:00:00, 25.25, 24.84, 24.67, 42.68, 41.82, 0, 0, 4.24
2019/06/16 18:01:00, 25.25, 24.87, 24.67, 42.45, 41.82, 0, 0, 4.24
2019/06/16 18:02:00, 25.25, 24.81, 24.64, 42.45, 41.75, 0, 0, 4.24
2019/06/16 18:03:00, 25.25, 24.81, 24.65, 42.48, 41.84, 0, 0, 4.24
2019/06/16 18:04:00, 25.25, 24.80, 24.63, 42.51, 41.80, 0, 0, 4.24
2019/06/16 18:05:00, 25.25, 24.84, 24.66, 42.50, 41.80, 0, 0, 4.24
2019/06/16 18:06:00, 25.25, 24.80, 24.63, 42.52, 41.79, 0, 0, 4.24
2019/06/16 18:07:00, 25.25, 24.80, 24.64, 42.47, 41.80, 0, 0, 4.24
2019/06/16 18:08:00, 25.25, 24.81, 24.62, 42.42, 41.76, 0, 0, 4.24
2019/06/16 18:09:00, 25.25, 24.78, 24.62, 42.51, 41.79, 0, 0, 4.24
2019/06/16 18:10:00, 25.25, 24.80, 24.61, 42.53, 41.82, 0, 0, 4.24
2019/06/16 18:11:00, 25.25, 24.78, 24.61, 42.50, 41.78, 0, 0, 4.24
2019/06/16 18:12:00, 25.25, 24.78, 24.56, 42.49, 41.80, 0, 0, 4.24
2019/06/16 18:13:00, 25.25, 24.75, 24.58, 42.54, 41.82, 0, 0, 4.24
2019/06/16 18:14:00, 25.25, 24.75, 24.57, 42.51, 41.80, 0, 0, 4.24
2019/06/16 18:15:00, 25.25, 24.75, 24.56, 42.51, 41.81, 0, 0, 4.24
2019/06/16 18:16:00, 25.25, 24.77, 24.54, 42.53, 41.82, 0, 0, 4.24
2019/06/16 18:17:00, 25.25, 24.73, 24.54, 42.54, 41.85, 0, 0, 4.24
2019/06/16 18:18:00, 25.00, 24.71, 24.53, 42.58, 41.85, 0, 0, 4.24
2019/06/16 18:19:00, 25.00, 24.70, 24.54, 42.59, 41.88, 0, 0, 4.24
2019/06/16 18:20:00, 25.00, 24.73, 24.54, 42.60, 41.87, 0, 0, 4.24
2019/06/16 18:21:00, 25.00, 24.70, 24.53, 42.60, 41.90, 0, 0, 4.24
2019/06/16 18:22:00, 25.00, 24.70, 24.50, 42.62, 41.92, 0, 0, 4.24
2019/06/16 18:23:00, 25.00, 24.69, 24.51, 42.63, 41.94, 0, 0, 4.24
2019/06/16 18:24:00, 25.00, 24.70, 24.52, 42.61, 41.89, 0, 0, 4.24
2019/06/16 18:25:00, 25.00, 24.69, 24.52, 42.66, 41.92, 0, 0, 4.24
2019/06/16 18:26:00, 25.00, 24.69, 24.50, 42.58, 41.91, 0, 0, 4.24
2019/06/16 18:27:00, 25.00, 24.69, 24.51, 42.60, 41.93, 0, 0, 4.24
2019/06/16 18:28:00, 25.00, 24.66, 24.49, 42.63, 41.91, 0, 0, 4.24
2019/06/16 18:29:00, 25.00, 24.69, 24.51, 42.61, 41.92, 0, 0, 4.24
2019/06/16 18:30:00, 25.00, 24.70, 24.49, 42.66, 41.97, 0, 0, 4.24
2019/06/16 18:31:00, 25.00, 24.69, 24.47, 42.65, 41.95, 0, 0, 4.24
2019/06/16 18:32:00, 25.00, 24.69, 24.46, 42.69, 41.95, 0, 0, 4.24
2019/06/16 18:33:00, 25.00, 24.64, 24.46, 42.70, 41.98, 0, 0, 4.24
2019/06/16 18:34:00, 25.00, 24.66, 24.47, 42.65, 41.97, 0, 0, 4.24
2019/06/16 18:35:00, 25.00, 24.64, 24.46, 42.71, 41.98, 0, 0, 4.24
2019/06/16 18:36:00, 25.00, 24.64, 24.47, 42.69, 41.99, 0, 0, 4.24
2019/06/16 18:37:00, 25.00, 24.66, 24.47, 42.73, 41.99, 0, 0, 4.24
2019/06/16 18:38:00, 25.00, 24.66, 24.48, 42.70, 41.99, 0, 0, 4.24
2019/06/16 18:39:00, 25.00, 24.66, 24.46, 42.75, 42.02, 0, 0, 4.24
2019/06/16 18:40:00, 25.00, 24.66, 24.47, 42.70, 42.01, 0, 0, 4.24
2019/06/16 18:41:00, 25.00, 24.63, 24.46, 42.69, 42.01, 0, 0, 4.24
2019/06/16 18:42:00, 25.00, 24.66, 24.46, 42.73, 42.01, 0, 0, 4.24
2019/06/16 18:43:00, 25.00, 24.67, 24.45, 42.69, 42.01, 0, 0, 4.24
2019/06/16 18:44:00, 25.00, 24.64, 24.45, 42.74, 42.03, 0, 0, 4.24
2019/06/16 18:45:00, 25.00, 24.64, 24.46, 42.67, 42.00, 0, 0, 4.24
2019/06/16 18:46:00, 25.00, 24.63, 24.43, 42.71, 42.01, 0, 0, 4.24
2019/06/16 18:47:00, 25.00, 24.63, 24.43, 42.77, 42.03, 0, 0, 4.24
2019/06/16 18:48:00, 25.00, 24.63, 24.43, 42.74, 42.05, 0, 0, 4.24
2019/06/16 18:49:00, 25.00, 24.63, 24.43, 42.74, 42.03, 0, 0, 4.24
2019/06/16 18:50:00, 25.00, 24.64, 24.43, 42.72, 42.04, 0, 0, 4.24
2019/06/16 18:51:00, 25.00, 24.59, 24.43, 42.79, 42.05, 0, 0, 4.24
2019/06/16 18:52:00, 25.00, 24.61, 24.43, 42.80, 42.08, 0, 0, 4.24
2019/06/16 18:53:00, 25.00, 24.61, 24.43, 42.80, 42.08, 0, 0, 4.24
2019/06/16 18:54:00, 25.00, 24.60, 24.42, 42.82, 42.08, 0, 0, 4.24
2019/06/16 18:55:00, 25.00, 24.61, 24.41, 42.79, 42.08, 0, 0, 4.24
2019/06/16 18:56:00, 25.00, 24.61, 24.41, 42.87, 42.12, 0, 0, 4.24
2019/06/16 18:57:00, 25.00, 24.60, 24.42, 42.86, 42.12, 0, 0, 4.24
2019/06/16 18:58:00, 25.00, 24.61, 24.40, 42.89, 42.14, 0, 0, 4.24
2019/06/16 18:59:00, 25.00, 24.61, 24.42, 42.82, 42.11, 0, 0, 4.24
2019/06/16 19:00:00, 25.00, 24.59, 24.41, 42.76, 42.06, 0, 0, 4.24
2019/06/16 19:01:00, 25.00, 24.60, 24.41, 42.87, 42.10, 0, 0, 4.24
2019/06/16 19:02:00, 25.00, 24.59, 24.42, 42.84, 42.14, 0, 0, 4.24
2019/06/16 19:03:00, 25.00, 24.59, 24.41, 42.85, 42.11, 0, 0, 4.24
2019/06/16 19:04:00, 25.00, 24.61, 24.40, 42.88, 42.13, 0, 0, 4.24
2019/06/16 19:05:00, 25.00, 24.60, 24.40, 42.93, 42.17, 0, 0, 4.24
2019/06/16 19:06:00, 25.00, 24.60, 24.39, 42.88, 42.20, 0, 0, 4.24
2019/06/16 19:07:00, 25.00, 24.56, 24.40, 42.93, 42.16, 0, 0, 4.24
2019/06/16 19:08:00, 25.00, 24.57, 24.39, 42.91, 42.16, 0, 0, 4.24
2019/06/16 19:09:00, 25.00, 24.59, 24.38, 42.93, 42.21, 0, 0, 4.24
2019/06/16 19:10:00, 25.00, 24.56, 24.37, 42.98, 42.22, 0, 0, 4.24
2019/06/16 19:11:00, 25.00, 24.56, 24.38, 42.97, 42.23, 0, 0, 4.24
2019/06/16 19:12:00, 25.00, 24.57, 24.39, 42.94, 42.22, 0, 0, 4.24
2019/06/16 19:13:00, 25.00, 24.56, 24.37, 42.96, 42.24, 0, 0, 4.24
2019/06/16 19:14:00, 25.00, 24.56, 24.38, 42.93, 42.22, 0, 0, 4.24
2019/06/16 19:15:00, 25.00, 24.57, 24.38, 42.94, 42.22, 0, 0, 4.24
2019/06/16 19:16:00, 25.00, 24.54, 24.37, 43.01, 42.27, 0, 0, 4.24
2019/06/16 19:17:00, 25.00, 24.53, 24.36, 43.01, 42.27, 0, 0, 4.24
2019/06/16 19:18:00, 25.00, 24.56, 24.37, 43.00, 42.25, 0, 0, 4.24
2019/06/16 19:19:00, 25.00, 24.54, 24.35, 43.02, 42.28, 0, 0, 4.24
2019/06/16 19:20:00, 25.00, 24.52, 24.36, 42.94, 42.27, 0, 0, 4.24
2019/06/16 19:21:00, 25.00, 24.53, 24.35, 42.98, 42.22, 0, 0, 4.24
2019/06/16 19:22:00, 25.00, 24.54, 24.35, 43.02, 42.27, 0, 0, 4.24
2019/06/16 19:23:00, 25.00, 24.52, 24.36, 43.03, 42.28, 0, 0, 4.24
2019/06/16 19:24:00, 25.00, 24.53, 24.35, 43.03, 42.29, 0, 0, 4.24
2019/06/16 19:25:00, 25.00, 24.53, 24.35, 43.07, 42.32, 0, 0, 4.24
2019/06/16 19:26:00, 25.00, 24.52, 24.32, 43.04, 42.30, 0, 0, 4.24
2019/06/16 19:27:00, 25.00, 24.53, 24.33, 43.11, 42.34, 0, 0, 4.24
2019/06/16 19:28:00, 25.00, 24.52, 24.32, 43.06, 42.33, 0, 0, 4.24
2019/06/16 19:29:00, 25.00, 24.53, 24.33, 43.16, 42.34, 0, 0, 4.24
2019/06/16 19:30:00, 25.00, 24.52, 24.34, 43.09, 42.35, 0, 0, 4.24
2019/06/16 19:31:00, 25.00, 24.50, 24.32, 43.07, 42.35, 0, 0, 4.24
2019/06/16 19:32:00, 25.00, 24.49, 24.34, 43.10, 42.36, 0, 0, 4.24
2019/06/16 19:33:00, 25.00, 24.52, 24.34, 43.07, 42.32, 0, 0, 4.24
2019/06/16 19:34:00, 25.00, 24.49, 24.34, 43.11, 42.34, 0, 0, 4.24
2019/06/16 19:35:00, 25.00, 24.49, 24.31, 43.10, 42.32, 0, 0, 4.24
2019/06/16 19:36:00, 25.00, 24.49, 24.31, 43.12, 42.36, 0, 0, 4.24
2019/06/16 19:37:00, 25.00, 24.49, 24.30, 43.07, 42.36, 0, 0, 4.24
2019/06/16 19:38:00, 25.00, 24.49, 24.32, 43.15, 42.36, 0, 0, 4.24
2019/06/16 19:39:00, 25.00, 24.47, 24.31, 43.12, 42.39, 0, 0, 4.24
2019/06/16 19:40:00, 25.00, 24.50, 24.28, 43.11, 42.40, 0, 0, 4.24
2019/06/16 19:41:00, 25.00, 24.49, 24.31, 43.11, 42.37, 0, 0, 4.24
2019/06/16 19:42:00, 25.00, 24.50, 24.30, 43.15, 42.37, 0, 0, 4.24
2019/06/16 19:43:00, 24.75, 24.49, 24.28, 43.12, 42.39, 0, 0, 4.24
2019/06/16 19:44:00, 24.75, 24.47, 24.28, 43.13, 42.37, 0, 0, 4.24
2019/06/16 19:45:00, 24.75, 24.46, 24.27, 43.16, 42.40, 0, 0, 4.24
2019/06/16 19:46:00, 24.75, 24.46, 24.27, 43.13, 42.40, 0, 0, 4.24
2019/06/16 19:47:00, 24.75, 24.44, 24.28, 43.21, 42.41, 0, 0, 4.24
2019/06/16 19:48:00, 24.75, 24.44, 24.27, 43.16, 42.43, 0, 0, 4.24
2019/06/16 19:49:00, 24.75, 24.46, 24.28, 43.17, 42.43, 0, 0, 4.24
2019/06/16 19:50:00, 24.75, 24.44, 24.26, 43.16, 42.42, 0, 0, 4.24
2019/06/16 19:51:00, 24.75, 24.47, 24.27, 43.20, 42.46, 0, 0, 4.24
2019/06/16 19:52:00, 24.75, 24.46, 24.25, 43.16, 42.41, 0, 0, 4.24
2019/06/16 19:53:00, 24.75, 24.47, 24.30, 43.16, 42.41, 0, 0, 4.24
2019/06/16 19:54:00, 24.75, 24.46, 24.27, 43.20, 42.42, 0, 0, 4.24
2019/06/16 19:55:00, 24.75, 24.44, 24.25, 43.16, 42.43, 0, 0, 4.24
2019/06/16 19:56:00, 24.75, 24.43, 24.25, 43.22, 42.44, 0, 0, 4.24
2019/06/16 19:57:00, 24.75, 24.47, 24.26, 43.20, 42.46, 0, 0, 4.24
2019/06/16 19:58:00, 24.75, 24.46, 24.27, 43.27, 42.49, 0, 0, 4.24
2019/06/16 19:59:00, 24.75, 24.43, 24.24, 43.24, 42.48, 0, 0, 4.24
2019/06/16 20:00:00, 24.75, 24.44, 24.25, 43.24, 42.52, 0, 0, 4.24
2019/06/16 20:01:00, 24.75, 24.46, 24.25, 43.26, 42.50, 0, 0, 4.24
2019/06/16 20:02:00, 24.75, 24.43, 24.26, 43.25, 42.50, 0, 0, 4.24
2019/06/16 20:03:00, 24.75, 24.43, 24.24, 43.30, 42.53, 0, 0, 4.24
2019/06/16 20:04:00, 24.75, 24.44, 24.24, 43.29, 42.55, 0, 0, 4.24
2019/06/16 20:05:00, 24.75, 24.43, 24.27, 43.28, 42.53, 0, 0, 4.24
2019/06/16 20:06:00, 24.75, 24.43, 24.25, 43.30, 42.54, 0, 0, 4.24
2019/06/16 20:07:00, 24.75, 24.43, 24.25, 43.33, 42.56, 0, 0, 4.24
2019/06/16 20:08:00, 24.75, 24.43, 24.24, 43.34, 42.59, 0, 0, 4.24
2019/06/16 20:09:00, 24.75, 24.44, 24.23, 43.34, 42.60, 0, 0, 4.24
2019/06/16 20:10:00, 24.75, 24.44, 24.24, 43.35, 42.58, 0, 0, 4.24
2019/06/16 20:11:00, 24.75, 24.43, 24.24, 43.35, 42.58, 0, 0, 4.24
2019/06/16 20:12:00, 24.75, 24.42, 24.23, 43.34, 42.60, 0, 0, 4.24
2019/06/16 20:13:00, 24.75, 24.43, 24.23, 43.38, 42.60, 0, 0, 4.24
2019/06/16 20:14:00, 24.75, 24.42, 24.24, 43.32, 42.62, 0, 0, 4.24
2019/06/16 20:15:00, 24.75, 24.42, 24.22, 43.37, 42.64, 0, 0, 4.24
2019/06/16 20:16:00, 24.75, 24.40, 24.23, 43.39, 42.64, 0, 0, 4.24
2019/06/16 20:17:00, 24.75, 24.40, 24.23, 43.33, 42.62, 0, 0, 4.24
2019/06/16 20:18:00, 24.75, 24.42, 24.23, 43.38, 42.66, 0, 0, 4.24
2019/06/16 20:19:00, 24.75, 24.42, 24.22, 43.42, 42.65, 0, 0, 4.24
2019/06/16 20:20:00, 24.75, 24.42, 24.23, 43.45, 42.66, 0, 0, 4.24
2019/06/16 20:21:00, 24.75, 24.39, 24.22, 43.47, 42.69, 0, 0, 4.24
2019/06/16 20:22:00, 24.75, 24.40, 24.20, 43.46, 42.70, 0, 0, 4.24
2019/06/16 20:23:00, 24.75, 24.39, 24.20, 43.48, 42.73, 0, 0, 4.24
2019/06/16 20:24:00, 24.75, 24.38, 24.20, 43.51, 42.74, 0, 0, 4.24
2019/06/16 20:25:00, 24.75, 24.40, 24.21, 43.52, 42.78, 0, 0, 4.24
2019/06/16 20:26:00, 24.75, 24.39, 24.21, 43.50, 42.75, 0, 0, 4.24
2019/06/16 20:27:00, 24.75, 24.36, 24.19, 43.47, 42.75, 0, 0, 4.24
2019/06/16 20:28:00, 24.75, 24.38, 24.20, 43.53, 42.78, 0, 0, 4.24
2019/06/16 20:29:00, 24.75, 24.38, 24.18, 43.56, 42.78, 0, 0, 4.24
2019/06/16 20:30:00, 24.75, 24.38, 24.21, 43.58, 42.79, 0, 0, 4.24
2019/06/16 20:31:00, 24.75, 24.36, 24.21, 43.57, 42.81, 0, 0, 4.24
2019/06/16 20:32:00, 24.75, 24.39, 24.19, 43.57, 42.79, 0, 0, 4.24
2019/06/16 20:33:00, 24.75, 24.40, 24.18, 43.55, 42.81, 0, 0, 4.24
2019/06/16 20:34:00, 24.75, 24.39, 24.19, 43.56, 42.79, 0, 0, 4.24
2019/06/16 20:35:00, 24.75, 24.39, 24.20, 43.57, 42.82, 0, 0, 4.24
2019/06/16 20:36:00, 24.75, 24.38, 24.19, 43.56, 42.81, 0, 0, 4.24
2019/06/16 20:37:00, 24.75, 24.39, 24.18, 43.55, 42.81, 0, 0, 4.24
2019/06/16 20:38:00, 24.75, 24.35, 24.19, 43.55, 42.82, 0, 0, 4.24
2019/06/16 20:39:00, 24.75, 24.36, 24.19, 43.57, 42.82, 0, 0, 4.24
2019/06/16 20:40:00, 24.75, 24.38, 24.17, 43.63, 42.82, 0, 0, 4.24
2019/06/16 20:41:00, 24.75, 24.36, 24.18, 43.60, 42.82, 0, 0, 4.24
2019/06/16 20:42:00, 24.75, 24.35, 24.16, 43.61, 42.84, 0, 0, 4.24
2019/06/16 20:43:00, 24.75, 24.36, 24.18, 43.65, 42.89, 0, 0, 4.24
2019/06/16 20:44:00, 24.75, 24.38, 24.18, 43.59, 42.87, 0, 0, 4.24
2019/06/16 20:45:00, 24.75, 24.38, 24.17, 43.59, 42.83, 0, 0, 4.24
2019/06/16 20:46:00, 24.75, 24.35, 24.16, 43.63, 42.85, 0, 0, 4.24
2019/06/16 20:47:00, 24.75, 24.35, 24.16, 43.67, 42.87, 0, 0, 4.24
2019/06/16 20:48:00, 24.75, 24.33, 24.16, 43.64, 42.88, 0, 0, 4.24
2019/06/16 20:49:00, 24.75, 24.35, 24.16, 43.69, 42.90, 0, 0, 4.24
2019/06/16 20:50:00, 24.75, 24.33, 24.16, 43.69, 42.92, 0, 0, 4.24
2019/06/16 20:51:00, 24.75, 24.35, 24.16, 43.69, 42.91, 0, 0, 4.24
2019/06/16 20:52:00, 24.75, 24.32, 24.15, 43.66, 42.91, 0, 0, 4.24
2019/06/16 20:53:00, 24.75, 24.33, 24.13, 43.65, 42.94, 0, 0, 4.24
2019/06/16 20:54:00, 24.75, 24.32, 24.13, 43.71, 42.94, 0, 0, 4.24
2019/06/16 20:55:00, 24.75, 24.33, 24.13, 43.75, 42.99, 0, 0, 4.24
2019/06/16 20:56:00, 24.75, 24.31, 24.13, 43.72, 42.98, 0, 0, 4.24
2019/06/16 20:57:00, 24.75, 24.33, 24.11, 43.70, 42.95, 0, 0, 4.24
2019/06/16 20:58:00, 24.75, 24.35, 24.13, 43.78, 42.99, 0, 0, 4.24
2019/06/16 20:59:00, 24.75, 24.33, 24.11, 43.77, 42.99, 0, 0, 4.24
2019/06/16 21:00:00, 24.75, 24.32, 24.12, 43.71, 42.99, 0, 0, 4.24
2019/06/16 21:01:00, 24.75, 24.33, 24.13, 43.70, 42.98, 0, 0, 4.24
2019/06/16 21:02:00, 24.75, 24.32, 24.11, 43.77, 42.98, 0, 0, 4.24
2019/06/16 21:03:00, 24.75, 24.29, 24.12, 43.77, 43.01, 0, 0, 4.24
2019/06/16 21:04:00, 24.75, 24.32, 24.10, 43.77, 43.02, 0, 0, 4.24
2019/06/16 21:05:00, 24.75, 24.31, 24.11, 43.79, 43.04, 0, 0, 4.24
2019/06/16 21:06:00, 24.75, 24.29, 24.10, 43.75, 43.01, 0, 0, 4.24
2019/06/16 21:07:00, 24.75, 24.31, 24.12, 43.79, 43.07, 0, 0, 4.24
2019/06/16 21:08:00, 24.75, 24.29, 24.10, 43.79, 43.07, 0, 0, 4.24
2019/06/16 21:09:00, 24.75, 24.31, 24.09, 43.81, 43.06, 0, 0, 4.24
2019/06/16 21:10:00, 24.75, 24.31, 24.10, 43.83, 43.05, 0, 0, 4.24
2019/06/16 21:11:00, 24.75, 24.27, 24.10, 43.85, 43.06, 0, 0, 4.24
2019/06/16 21:12:00, 24.75, 24.29, 24.07, 43.83, 43.08, 0, 0, 4.24
2019/06/16 21:13:00, 24.75, 24.27, 24.09, 43.86, 43.11, 0, 0, 4.24
2019/06/16 21:14:00, 24.75, 24.27, 24.07, 43.92, 43.14, 0, 0, 4.24
2019/06/16 21:15:00, 24.75, 24.29, 24.07, 43.95, 43.16, 0, 0, 4.24
2019/06/16 21:16:00, 24.75, 24.27, 24.08, 43.91, 43.15, 0, 0, 4.24
2019/06/16 21:17:00, 24.75, 24.27, 24.07, 43.97, 43.17, 0, 0, 4.24
2019/06/16 21:18:00, 24.75, 24.26, 24.08, 43.95, 43.22, 0, 0, 4.24
2019/06/16 21:19:00, 24.75, 24.31, 24.08, 43.95, 43.19, 0, 0, 4.24
2019/06/16 21:20:00, 24.75, 24.29, 24.08, 43.92, 43.17, 0, 0, 4.24
2019/06/16 21:21:00, 24.75, 24.27, 24.08, 43.92, 43.17, 0, 0, 4.24
2019/06/16 21:22:00, 24.75, 24.25, 24.10, 43.95, 43.17, 0, 0, 4.24
2019/06/16 21:23:00, 24.75, 24.29, 24.10, 43.93, 43.21, 0, 0, 4.24
2019/06/16 21:24:00, 24.75, 24.29, 24.11, 43.91, 43.18, 0, 0, 4.24
2019/06/16 21:25:00, 24.75, 24.29, 24.10, 43.95, 43.21, 0, 0, 4.24
2019/06/16 21:26:00, 24.75, 24.32, 24.09, 43.94, 43.20, 0, 0, 4.24
2019/06/16 21:27:00, 24.75, 24.32, 24.12, 43.94, 43.20, 0, 0, 4.24
2019/06/16 21:28:00, 24.75, 24.31, 24.13, 43.95, 43.19, 0, 0, 4.24
2019/06/16 21:29:00, 24.75, 24.35, 24.15, 43.97, 43.20, 0, 0, 4.24
2019/06/16 21:30:00, 24.75, 24.33, 24.15, 43.97, 43.18, 0, 0, 4.24
2019/06/16 21:31:00, 24.75, 24.36, 24.12, 43.97, 43.21, 0, 0, 4.24
2019/06/16 21:32:00, 24.75, 24.35, 24.13, 44.00, 43.24, 0, 0, 4.24
2019/06/16 21:33:00, 24.75, 24.35, 24.15, 44.02, 43.26, 0, 0, 4.24
2019/06/16 21:34:00, 24.75, 24.35, 24.16, 44.05, 43.28, 0, 0, 4.24
2019/06/16 21:35:00, 24.75, 24.35, 24.16, 44.04, 43.29, 0, 0, 4.24
2019/06/16 21:36:00, 24.75, 24.35, 24.16, 44.06, 43.27, 0, 0, 4.24
2019/06/16 21:37:00, 24.75, 24.36, 24.16, 44.07, 43.30, 0, 0, 4.24
2019/06/16 21:38:00, 24.75, 24.36, 24.17, 44.10, 43.31, 0, 0, 4.24
2019/06/16 21:39:00, 24.75, 24.35, 24.16, 44.13, 43.36, 0, 0, 4.24
2019/06/16 21:40:00, 24.75, 24.36, 24.18, 44.13, 43.36, 0, 0, 4.24
2019/06/16 21:41:00, 24.75, 24.36, 24.19, 44.11, 43.33, 0, 0, 4.24
2019/06/16 21:42:00, 24.75, 24.39, 24.17, 44.14, 43.34, 0, 0, 4.24
2019/06/16 21:43:00, 24.75, 24.36, 24.19, 44.14, 43.40, 0, 0, 4.24
2019/06/16 21:44:00, 24.75, 24.38, 24.19, 44.20, 43.43, 0, 0, 4.24
2019/06/16 21:45:00, 24.75, 24.39, 24.18, 44.22, 43.43, 0, 0, 4.24
2019/06/16 21:46:00, 24.75, 24.40, 24.19, 44.20, 43.46, 0, 0, 4.24
2019/06/16 21:47:00, 24.75, 24.40, 24.18, 44.30, 43.47, 0, 0, 4.24
2019/06/16 21:48:00, 24.75, 24.40, 24.20, 44.21, 43.49, 0, 0, 4.24
2019/06/16 21:49:00, 24.75, 24.38, 24.20, 44.22, 43.47, 0, 0, 4.24
2019/06/16 21:50:00, 24.75, 24.39, 24.19, 44.26, 43.51, 0, 0, 4.24
2019/06/16 21:51:00, 24.75, 24.36, 24.19, 44.27, 43.53, 0, 0, 4.24
2019/06/16 21:52:00, 24.75, 24.40, 24.21, 44.29, 43.55, 0, 0, 4.24
2019/06/16 21:53:00, 24.75, 24.39, 24.22, 44.30, 43.56, 0, 0, 4.24
2019/06/16 21:54:00, 24.75, 24.38, 24.21, 44.30, 43.58, 0, 0, 4.24
2019/06/16 21:55:00, 24.75, 24.40, 24.21, 44.31, 43.61, 0, 0, 4.24
2019/06/16 21:56:00, 24.75, 24.39, 24.22, 44.38, 43.61, 0, 0, 4.24
2019/06/16 21:57:00, 24.75, 24.40, 24.19, 44.37, 43.62, 0, 0, 4.24
2019/06/16 21:58:00, 24.75, 24.38, 24.19, 44.41, 43.65, 0, 0, 4.24
2019/06/16 21:59:00, 24.75, 24.38, 24.19, 44.46, 43.69, 0, 0, 4.24
2019/06/16 22:00:00, 24.75, 24.39, 24.20, 44.47, 43.69, 0, 0, 4.24
2019/06/16 22:01:00, 24.75, 24.40, 24.19, 44.49, 43.72, 0, 0, 4.24
2019/06/16 22:02:00, 24.75, 24.39, 24.22, 44.51, 43.72, 0, 0, 4.24
2019/06/16 22:03:00, 24.75, 24.39, 24.22, 44.47, 43.74, 0, 0, 4.24
2019/06/16 22:04:00, 24.75, 24.38, 24.21, 44.56, 43.77, 0, 0, 4.24
2019/06/16 22:05:00, 24.75, 24.40, 24.20, 44.55, 43.78, 0, 0, 4.24
2019/06/16 22:06:00, 24.75, 24.40, 24.20, 44.61, 43.84, 0, 0, 4.24
2019/06/16 22:07:00, 24.75, 24.40, 24.20, 44.64, 43.85, 0, 0, 4.24
2019/06/16 22:08:00, 24.75, 24.39, 24.19, 44.63, 43.85, 0, 0, 4.24
2019/06/16 22:09:00, 24.75, 24.39, 24.19, 44.63, 43.88, 0, 0, 4.24
2019/06/16 22:10:00, 24.75, 24.40, 24.20, 44.66, 43.88, 0, 0, 4.24
2019/06/16 22:11:00, 24.75, 24.40, 24.20, 44.71, 43.90, 0, 0, 4.24
2019/06/16 22:12:00, 24.75, 24.39, 24.19, 44.69, 43.91, 0, 0, 4.24
2019/06/16 22:13:00, 24.75, 24.40, 24.22, 44.64, 43.93, 0, 0, 4.24
2019/06/16 22:14:00, 24.75, 24.38, 24.19, 44.72, 43.94, 0, 0, 4.24
2019/06/16 22:15:00, 24.75, 24.39, 24.20, 44.70, 43.95, 0, 0, 4.24
2019/06/16 22:16:00, 24.75, 24.38, 24.19, 44.75, 43.95, 0, 0, 4.24
2019/06/16 22:17:00, 24.75, 24.39, 24.21, 44.83, 43.98, 0, 0, 4.24
2019/06/16 22:18:00, 24.75, 24.42, 24.22, 44.77, 43.99, 0, 0, 4.24
2019/06/16 22:19:00, 24.75, 24.39, 24.18, 44.79, 43.99, 0, 0, 4.24
2019/06/16 22:20:00, 24.75, 24.39, 24.21, 44.79, 44.01, 0, 0, 4.24
2019/06/16 22:21:00, 24.75, 24.39, 24.19, 44.77, 44.04, 0, 0, 4.24
2019/06/16 22:22:00, 24.75, 24.36, 24.20, 44.83, 44.07, 0, 0, 4.24
2019/06/16 22:23:00, 24.75, 24.38, 24.19, 44.88, 44.10, 0, 0, 4.24
2019/06/16 22:24:00, 24.75, 24.36, 24.20, 44.85, 44.09, 0, 0, 4.24
2019/06/16 22:25:00, 24.75, 24.38, 24.21, 44.88, 44.10, 0, 0, 4.24
2019/06/16 22:26:00, 24.75, 24.38, 24.17, 44.86, 44.10, 0, 0, 4.24
2019/06/16 22:27:00, 24.75, 24.39, 24.19, 44.94, 44.15, 0, 0, 4.24
2019/06/16 22:28:00, 24.75, 24.39, 24.20, 44.90, 44.15, 0, 0, 4.24
2019/06/16 22:29:00, 24.75, 24.39, 24.20, 44.94, 44.19, 0, 0, 4.24
2019/06/16 22:30:00, 24.75, 24.39, 24.19, 45.01, 44.21, 0, 0, 4.24
2019/06/16 22:31:00, 24.75, 24.38, 24.19, 44.99, 44.23, 0, 0, 4.24
2019/06/16 22:32:00, 24.75, 24.38, 24.18, 44.96, 44.23, 0, 0, 4.24
2019/06/16 22:33:00, 24.75, 24.39, 24.18, 44.98, 44.20, 0, 0, 4.24
2019/06/16 22:34:00, 24.75, 24.36, 24.19, 45.01, 44.23, 0, 0, 4.24
2019/06/16 22:35:00, 24.75, 24.35, 24.19, 45.03, 44.23, 0, 0, 4.24
2019/06/16 22:36:00, 24.75, 24.38, 24.18, 45.05, 44.28, 0, 0, 4.24
2019/06/16 22:37:00, 24.75, 24.35, 24.16, 45.04, 44.28, 0, 0, 4.24
2019/06/16 22:38:00, 24.75, 24.36, 24.16, 45.08, 44.29, 0, 0, 4.24
2019/06/16 22:39:00, 24.75, 24.35, 24.15, 45.11, 44.34, 0, 0, 4.24
2019/06/16 22:40:00, 24.75, 24.35, 24.17, 45.07, 44.34, 0, 0, 4.24
2019/06/16 22:41:00, 24.75, 24.35, 24.17, 45.11, 44.32, 0, 0, 4.24
2019/06/16 22:42:00, 24.75, 24.35, 24.18, 45.14, 44.36, 0, 0, 4.24
2019/06/16 22:43:00, 24.75, 24.33, 24.15, 45.16, 44.39, 0, 0, 4.24
2019/06/16 22:44:00, 24.75, 24.33, 24.15, 45.19, 44.40, 0, 0, 4.24
2019/06/16 22:45:00, 24.75, 24.33, 24.12, 45.23, 44.42, 0, 0, 4.24
2019/06/16 22:46:00, 24.75, 24.33, 24.15, 45.22, 44.46, 0, 0, 4.24
2019/06/16 22:47:00, 24.75, 24.33, 24.13, 45.23, 44.48, 0, 0, 4.24
2019/06/16 22:48:00, 24.75, 24.32, 24.12, 45.23, 44.44, 0, 0, 4.24
2019/06/16 22:49:00, 24.75, 24.33, 24.16, 45.25, 44.49, 0, 0, 4.24
2019/06/16 22:50:00, 24.75, 24.32, 24.13, 45.31, 44.49, 0, 0, 4.24
2019/06/16 22:51:00, 24.50, 24.33, 24.13, 45.23, 44.47, 0, 0, 4.24
2019/06/16 22:52:00, 24.75, 24.32, 24.13, 45.30, 44.52, 0, 0, 4.24
2019/06/16 22:53:00, 24.75, 24.33, 24.11, 45.29, 44.54, 0, 0, 4.24
2019/06/16 22:54:00, 24.75, 24.33, 24.13, 45.30, 44.50, 0, 0, 4.24
2019/06/16 22:55:00, 24.75, 24.32, 24.13, 45.35, 44.58, 0, 0, 4.24
2019/06/16 22:56:00, 24.75, 24.33, 24.15, 45.35, 44.56, 0, 0, 4.24
2019/06/16 22:57:00, 24.75, 24.29, 24.10, 45.28, 44.56, 0, 0, 4.24
2019/06/16 22:58:00, 24.75, 24.31, 24.12, 45.33, 44.56, 0, 0, 4.24
2019/06/16 22:59:00, 24.75, 24.27, 24.12, 45.39, 44.59, 0, 0, 4.24
2019/06/16 23:00:00, 24.75, 24.31, 24.11, 45.42, 44.64, 0, 0, 4.24
2019/06/16 23:01:00, 24.75, 24.31, 24.10, 45.40, 44.64, 0, 0, 4.24
2019/06/16 23:02:00, 24.75, 24.32, 24.10, 45.40, 44.62, 0, 0, 4.24
2019/06/16 23:03:00, 24.75, 24.31, 24.09, 45.45, 44.65, 0, 0, 4.24
2019/06/16 23:04:00, 24.75, 24.29, 24.10, 45.46, 44.65, 0, 0, 4.24
2019/06/16 23:05:00, 24.75, 24.25, 24.08, 45.52, 44.72, 0, 0, 4.24
2019/06/16 23:06:00, 24.75, 24.29, 24.09, 45.51, 44.70, 0, 0, 4.24
2019/06/16 23:07:00, 24.75, 24.29, 24.10, 45.49, 44.70, 0, 0, 4.24
2019/06/16 23:08:00, 24.75, 24.27, 24.08, 45.49, 44.73, 0, 0, 4.24
2019/06/16 23:09:00, 24.50, 24.25, 24.08, 45.51, 44.74, 0, 0, 4.24
2019/06/16 23:10:00, 24.75, 24.27, 24.09, 45.50, 44.75, 0, 0, 4.24
2019/06/16 23:11:00, 24.75, 24.26, 24.06, 45.48, 44.74, 0, 0, 4.24
2019/06/16 23:12:00, 24.50, 24.26, 24.07, 45.58, 44.77, 0, 0, 4.24
2019/06/16 23:13:00, 24.75, 24.25, 24.07, 45.60, 44.79, 0, 0, 4.24
2019/06/16 23:14:00, 24.50, 24.25, 24.06, 45.60, 44.79, 0, 0, 4.24
2019/06/16 23:15:00, 24.50, 24.27, 24.08, 45.56, 44.82, 0, 0, 4.24
2019/06/16 23:16:00, 24.50, 24.23, 24.07, 45.61, 44.81, 0, 0, 4.24
2019/06/16 23:17:00, 24.50, 24.26, 24.07, 45.60, 44.81, 0, 0, 4.24
2019/06/16 23:18:00, 24.50, 24.26, 24.06, 45.54, 44.81, 0, 0, 4.24
2019/06/16 23:19:00, 24.50, 24.25, 24.04, 45.68, 44.86, 0, 0, 4.24
2019/06/16 23:20:00, 24.50, 24.25, 24.08, 45.64, 44.87, 0, 0, 4.24
2019/06/16 23:21:00, 24.50, 24.23, 24.05, 45.71, 44.91, 0, 0, 4.24
2019/06/16 23:22:00, 24.50, 24.25, 24.05, 45.70, 44.94, 0, 0, 4.24
2019/06/16 23:23:00, 24.50, 24.26, 24.04, 45.71, 44.94, 0, 0, 4.24
2019/06/16 23:24:00, 24.50, 24.25, 24.05, 45.66, 44.93, 0, 0, 4.24
2019/06/16 23:25:00, 24.50, 24.25, 24.06, 45.70, 44.91, 0, 0, 4.24
2019/06/16 23:26:00, 24.50, 24.22, 24.06, 45.70, 44.91, 0, 0, 4.24
2019/06/16 23:27:00, 24.50, 24.23, 24.05, 45.70, 44.92, 0, 0, 4.24
2019/06/16 23:28:00, 24.50, 24.23, 24.04, 45.70, 44.94, 0, 0, 4.24
2019/06/16 23:29:00, 24.50, 24.23, 24.03, 45.74, 44.94, 0, 0, 4.24
2019/06/16 23:30:00, 24.50, 24.23, 24.03, 45.71, 44.94, 0, 0, 4.24
2019/06/16 23:31:00, 24.50, 24.22, 24.02, 45.76, 44.94, 0, 0, 4.24
2019/06/16 23:32:00, 24.50, 24.23, 24.02, 45.81, 44.98, 0, 0, 4.24
2019/06/16 23:33:00, 24.50, 24.22, 24.04, 45.74, 45.00, 0, 0, 4.24
2019/06/16 23:34:00, 24.50, 24.23, 24.02, 45.77, 45.01, 0, 0, 4.24
2019/06/16 23:35:00, 24.50, 24.20, 24.02, 45.77, 45.01, 0, 0, 4.24
2019/06/16 23:36:00, 24.50, 24.20, 24.02, 45.76, 44.97, 0, 0, 4.24
2019/06/16 23:37:00, 24.50, 24.22, 24.01, 45.82, 45.02, 0, 0, 4.24
2019/06/16 23:38:00, 24.50, 24.19, 24.02, 45.78, 45.01, 0, 0, 4.24
2019/06/16 23:39:00, 24.50, 24.22, 24.01, 45.77, 45.01, 0, 0, 4.24
2019/06/16 23:40:00, 24.50, 24.22, 24.02, 45.80, 45.01, 0, 0, 4.24
2019/06/16 23:41:00, 24.50, 24.22, 24.03, 45.81, 45.01, 0, 0, 4.24
2019/06/16 23:42:00, 24.50, 24.19, 24.00, 45.81, 45.01, 0, 0, 4.24
2019/06/16 23:43:00, 24.50, 24.20, 24.01, 45.78, 45.01, 0, 0, 4.24
2019/06/16 23:44:00, 24.50, 24.22, 24.02, 45.78, 45.03, 0, 0, 4.24
2019/06/16 23:45:00, 24.50, 24.19, 24.01, 45.78, 45.04, 0, 0, 4.24
2019/06/16 23:46:00, 24.50, 24.20, 24.02, 45.78, 45.05, 0, 0, 4.24
2019/06/16 23:47:00, 24.50, 24.20, 24.01, 45.79, 45.04, 0, 0, 4.24
