Data logger for tempereture and humidity.
Code, design, and soldering by Antti Mikkonen, a.mikkonen@iki.fi, 2019.
Based on open source projects and libraries. See source for details.
/home/ami/src/arduino/promini/logger_v8_ada/logger_v8_ada.ino
UTC time (year/month/date hour:minute:second), T RTC (C), T sht31 (C), T si7021 (C), RH sht31 (-), RH si7021 (-), heaterOn sht31 (bool),  heaterOn si7021 (bool), battery voltage (V)
2019/06/07 00:08:00, 24.50, 24.25, 24.06, 44.65, 43.57, 0, 0, 4.26
2019/06/07 00:09:00, 24.50, 24.27, 24.06, 44.62, 43.59, 0, 0, 4.26
2019/06/07 00:10:00, 24.50, 24.26, 24.08, 44.65, 43.62, 0, 0, 4.26
2019/06/07 00:11:00, 24.50, 24.26, 24.07, 44.67, 43.63, 0, 0, 4.26
2019/06/07 00:12:00, 24.50, 24.25, 24.05, 44.68, 43.62, 0, 0, 4.26
2019/06/07 00:13:00, 24.75, 24.26, 24.06, 44.69, 43.68, 0, 0, 4.26
2019/06/07 00:14:00, 24.50, 24.26, 24.05, 44.71, 43.68, 0, 0, 4.26
2019/06/07 00:15:00, 24.50, 24.26, 24.06, 44.76, 43.69, 0, 0, 4.26
2019/06/07 00:16:00, 24.50, 24.25, 24.04, 44.80, 43.71, 0, 0, 4.26
2019/06/07 00:17:00, 24.50, 24.23, 24.06, 44.75, 43.73, 0, 0, 4.26
2019/06/07 00:18:00, 24.50, 24.25, 24.05, 44.81, 43.76, 0, 0, 4.26
2019/06/07 00:19:00, 24.50, 24.25, 24.05, 44.87, 43.79, 0, 0, 4.26
2019/06/07 00:20:00, 24.50, 24.25, 24.04, 44.86, 43.81, 0, 0, 4.26
2019/06/07 00:21:00, 24.50, 24.23, 24.05, 44.89, 43.85, 0, 0, 4.26
2019/06/07 00:22:00, 24.50, 24.25, 24.04, 44.89, 43.80, 0, 0, 4.26
2019/06/07 00:23:00, 24.50, 24.25, 24.03, 44.93, 43.85, 0, 0, 4.26
2019/06/07 00:24:00, 24.50, 24.20, 24.04, 44.94, 43.88, 0, 0, 4.26
2019/06/07 00:25:00, 24.50, 24.19, 24.02, 44.99, 43.89, 0, 0, 4.26
2019/06/07 00:26:00, 24.50, 24.22, 24.02, 44.94, 43.90, 0, 0, 4.26
2019/06/07 00:27:00, 24.50, 24.20, 24.02, 44.98, 43.91, 0, 0, 4.26
2019/06/07 00:28:00, 24.50, 24.22, 24.03, 44.97, 43.91, 0, 0, 4.26
2019/06/07 00:29:00, 24.50, 24.22, 24.04, 45.05, 43.97, 0, 0, 4.26
2019/06/07 00:30:00, 24.50, 24.22, 24.04, 45.02, 43.97, 0, 0, 4.26
2019/06/07 00:31:00, 24.50, 24.19, 24.01, 45.04, 43.98, 0, 0, 4.26
2019/06/07 00:32:00, 24.50, 24.20, 24.04, 45.04, 43.98, 0, 0, 4.26
2019/06/07 00:33:00, 24.50, 24.22, 24.04, 45.11, 43.98, 0, 0, 4.26
2019/06/07 00:34:00, 24.50, 24.20, 24.01, 45.09, 44.01, 0, 0, 4.26
2019/06/07 00:35:00, 24.50, 24.20, 24.05, 45.09, 44.03, 0, 0, 4.26
2019/06/07 00:36:00, 24.50, 24.20, 24.03, 45.09, 44.04, 0, 0, 4.26
2019/06/07 00:37:00, 24.50, 24.20, 24.02, 45.08, 44.02, 0, 0, 4.26
2019/06/07 00:38:00, 24.50, 24.20, 24.03, 45.13, 44.04, 0, 0, 4.26
2019/06/07 00:39:00, 24.50, 24.19, 24.02, 45.16, 44.07, 0, 0, 4.26
2019/06/07 00:40:00, 24.50, 24.22, 24.02, 45.13, 44.10, 0, 0, 4.26
2019/06/07 00:41:00, 24.50, 24.19, 24.03, 45.15, 44.10, 0, 0, 4.26
2019/06/07 00:42:00, 24.50, 24.20, 24.01, 45.17, 44.13, 0, 0, 4.26
2019/06/07 00:43:00, 24.50, 24.19, 24.01, 45.24, 44.15, 0, 0, 4.26
2019/06/07 00:44:00, 24.50, 24.19, 24.00, 45.22, 44.16, 0, 0, 4.26
2019/06/07 00:45:00, 24.50, 24.20, 24.00, 45.23, 44.20, 0, 0, 4.26
2019/06/07 00:46:00, 24.50, 24.19, 24.00, 45.27, 44.20, 0, 0, 4.26
2019/06/07 00:47:00, 24.50, 24.19, 23.98, 45.26, 44.20, 0, 0, 4.26
2019/06/07 00:48:00, 24.50, 24.19, 23.98, 45.22, 44.19, 0, 0, 4.26
2019/06/07 00:49:00, 24.50, 24.16, 23.96, 45.33, 44.23, 0, 0, 4.26
2019/06/07 00:50:00, 24.50, 24.18, 23.98, 45.33, 44.25, 0, 0, 4.26
2019/06/07 00:51:00, 24.50, 24.16, 24.00, 45.35, 44.27, 0, 0, 4.26
2019/06/07 00:52:00, 24.50, 24.18, 23.97, 45.36, 44.27, 0, 0, 4.26
2019/06/07 00:53:00, 24.50, 24.18, 23.97, 45.37, 44.30, 0, 0, 4.26
2019/06/07 00:54:00, 24.50, 24.18, 23.97, 45.34, 44.32, 0, 0, 4.26
2019/06/07 00:55:00, 24.50, 24.18, 23.97, 45.37, 44.33, 0, 0, 4.26
2019/06/07 00:56:00, 24.50, 24.19, 23.97, 45.40, 44.34, 0, 0, 4.26
2019/06/07 00:57:00, 24.50, 24.19, 24.00, 45.42, 44.36, 0, 0, 4.26
2019/06/07 00:58:00, 24.50, 24.16, 23.96, 45.43, 44.36, 0, 0, 4.26
2019/06/07 00:59:00, 24.50, 24.16, 23.97, 45.45, 44.36, 0, 0, 4.26
2019/06/07 01:00:00, 24.50, 24.18, 23.97, 45.46, 44.41, 0, 0, 4.26
2019/06/07 01:01:00, 24.50, 24.16, 23.94, 45.50, 44.40, 0, 0, 4.26
2019/06/07 01:02:00, 24.50, 24.15, 23.95, 45.47, 44.46, 0, 0, 4.26
2019/06/07 01:03:00, 24.50, 24.16, 23.97, 45.49, 44.47, 0, 0, 4.26
2019/06/07 01:04:00, 24.50, 24.15, 23.97, 45.52, 44.45, 0, 0, 4.26
2019/06/07 01:05:00, 24.50, 24.15, 23.97, 45.54, 44.47, 0, 0, 4.26
2019/06/07 01:06:00, 24.50, 24.15, 23.95, 45.55, 44.46, 0, 0, 4.26
2019/06/07 01:07:00, 24.50, 24.12, 23.96, 45.61, 44.53, 0, 0, 4.26
2019/06/07 01:08:00, 24.50, 24.16, 23.94, 45.57, 44.51, 0, 0, 4.26
2019/06/07 01:09:00, 24.50, 24.15, 23.94, 45.57, 44.53, 0, 0, 4.26
2019/06/07 01:10:00, 24.50, 24.18, 23.95, 45.63, 44.55, 0, 0, 4.26
2019/06/07 01:11:00, 24.50, 24.16, 23.95, 45.65, 44.56, 0, 0, 4.26
2019/06/07 01:12:00, 24.50, 24.12, 23.94, 45.65, 44.58, 0, 0, 4.26
2019/06/07 01:13:00, 24.50, 24.14, 23.97, 45.70, 44.62, 0, 0, 4.26
2019/06/07 01:14:00, 24.50, 24.14, 23.95, 45.65, 44.59, 0, 0, 4.26
2019/06/07 01:15:00, 24.50, 24.12, 23.96, 45.67, 44.62, 0, 0, 4.26
2019/06/07 01:16:00, 24.50, 24.12, 23.93, 45.69, 44.63, 0, 0, 4.26
2019/06/07 01:17:00, 24.50, 24.14, 23.95, 45.71, 44.63, 0, 0, 4.26
2019/06/07 01:18:00, 24.50, 24.16, 23.95, 45.71, 44.67, 0, 0, 4.26
2019/06/07 01:19:00, 24.50, 24.14, 23.95, 45.73, 44.68, 0, 0, 4.26
2019/06/07 01:20:00, 24.50, 24.14, 23.94, 45.75, 44.68, 0, 0, 4.26
2019/06/07 01:21:00, 24.50, 24.15, 23.95, 45.74, 44.72, 0, 0, 4.26
2019/06/07 01:22:00, 24.50, 24.15, 23.93, 45.77, 44.72, 0, 0, 4.26
2019/06/07 01:23:00, 24.50, 24.14, 23.94, 45.74, 44.72, 0, 0, 4.26
2019/06/07 01:24:00, 24.50, 24.14, 23.96, 45.78, 44.75, 0, 0, 4.26
2019/06/07 01:25:00, 24.50, 24.12, 23.93, 45.80, 44.74, 0, 0, 4.26
2019/06/07 01:26:00, 24.50, 24.12, 23.94, 45.85, 44.77, 0, 0, 4.26
2019/06/07 01:27:00, 24.50, 24.12, 23.93, 45.85, 44.77, 0, 0, 4.26
2019/06/07 01:28:00, 24.50, 24.14, 23.93, 45.86, 44.81, 0, 0, 4.26
2019/06/07 01:29:00, 24.50, 24.15, 23.93, 45.90, 44.82, 0, 0, 4.26
2019/06/07 01:30:00, 24.50, 24.14, 23.92, 45.87, 44.81, 0, 0, 4.26
2019/06/07 01:31:00, 24.50, 24.14, 23.93, 45.88, 44.84, 0, 0, 4.26
2019/06/07 01:32:00, 24.50, 24.11, 23.94, 45.93, 44.83, 0, 0, 4.26
2019/06/07 01:33:00, 24.50, 24.14, 23.92, 45.94, 44.87, 0, 0, 4.26
2019/06/07 01:34:00, 24.50, 24.14, 23.93, 45.95, 44.88, 0, 0, 4.26
2019/06/07 01:35:00, 24.50, 24.12, 23.92, 45.97, 44.89, 0, 0, 4.26
2019/06/07 01:36:00, 24.50, 24.14, 23.92, 45.98, 44.92, 0, 0, 4.26
2019/06/07 01:37:00, 24.50, 24.11, 23.91, 46.01, 44.93, 0, 0, 4.26
2019/06/07 01:38:00, 24.50, 24.09, 23.91, 46.06, 44.95, 0, 0, 4.26
2019/06/07 01:39:00, 24.50, 24.14, 23.89, 46.04, 44.97, 0, 0, 4.26
2019/06/07 01:40:00, 24.50, 24.11, 23.92, 46.04, 44.99, 0, 0, 4.26
2019/06/07 01:41:00, 24.50, 24.11, 23.92, 46.02, 44.95, 0, 0, 4.26
2019/06/07 01:42:00, 24.50, 24.11, 23.91, 46.04, 44.97, 0, 0, 4.26
2019/06/07 01:43:00, 24.50, 24.12, 23.92, 46.11, 45.02, 0, 0, 4.26
2019/06/07 01:44:00, 24.50, 24.11, 23.92, 46.10, 45.01, 0, 0, 4.26
2019/06/07 01:45:00, 24.50, 24.11, 23.92, 46.08, 45.02, 0, 0, 4.26
2019/06/07 01:46:00, 24.50, 24.11, 23.93, 46.08, 45.04, 0, 0, 4.26
2019/06/07 01:47:00, 24.50, 24.11, 23.91, 46.11, 45.04, 0, 0, 4.26
2019/06/07 01:48:00, 24.50, 24.11, 23.90, 46.10, 45.04, 0, 0, 4.26
2019/06/07 01:49:00, 24.50, 24.09, 23.89, 46.17, 45.07, 0, 0, 4.26
2019/06/07 01:50:00, 24.50, 24.09, 23.91, 46.20, 45.11, 0, 0, 4.26
2019/06/07 01:51:00, 24.50, 24.09, 23.92, 46.16, 45.10, 0, 0, 4.26
2019/06/07 01:52:00, 24.50, 24.11, 23.89, 46.19, 45.10, 0, 0, 4.26
2019/06/07 01:53:00, 24.50, 24.11, 23.89, 46.20, 45.12, 0, 0, 4.26
2019/06/07 01:54:00, 24.50, 24.09, 23.90, 46.23, 45.13, 0, 0, 4.26
2019/06/07 01:55:00, 24.50, 24.08, 23.89, 46.23, 45.17, 0, 0, 4.26
2019/06/07 01:56:00, 24.50, 24.09, 23.89, 46.23, 45.17, 0, 0, 4.26
2019/06/07 01:57:00, 24.50, 24.09, 23.89, 46.21, 45.17, 0, 0, 4.26
2019/06/07 01:58:00, 24.50, 24.08, 23.90, 46.23, 45.17, 0, 0, 4.26
2019/06/07 01:59:00, 24.50, 24.08, 23.88, 46.21, 45.17, 0, 0, 4.26
2019/06/07 02:00:00, 24.50, 24.08, 23.88, 46.29, 45.21, 0, 0, 4.26
2019/06/07 02:01:00, 24.50, 24.08, 23.87, 46.28, 45.19, 0, 0, 4.26
2019/06/07 02:02:00, 24.50, 24.09, 23.87, 46.27, 45.22, 0, 0, 4.26
2019/06/07 02:03:00, 24.50, 24.05, 23.89, 46.28, 45.24, 0, 0, 4.26
2019/06/07 02:04:00, 24.50, 24.05, 23.86, 46.34, 45.25, 0, 0, 4.26
2019/06/07 02:05:00, 24.50, 24.08, 23.87, 46.34, 45.23, 0, 0, 4.26
2019/06/07 02:06:00, 24.50, 24.07, 23.86, 46.33, 45.25, 0, 0, 4.26
2019/06/07 02:07:00, 24.50, 24.08, 23.86, 46.35, 45.27, 0, 0, 4.26
2019/06/07 02:08:00, 24.50, 24.07, 23.88, 46.38, 45.25, 0, 0, 4.26
2019/06/07 02:09:00, 24.50, 24.07, 23.89, 46.29, 45.27, 0, 0, 4.26
2019/06/07 02:10:00, 24.50, 24.07, 23.86, 46.34, 45.27, 0, 0, 4.26
2019/06/07 02:11:00, 24.50, 24.08, 23.87, 46.33, 45.27, 0, 0, 4.26
2019/06/07 02:12:00, 24.50, 24.08, 23.87, 46.41, 45.30, 0, 0, 4.26
2019/06/07 02:13:00, 24.50, 24.07, 23.88, 46.32, 45.28, 0, 0, 4.26
2019/06/07 02:14:00, 24.50, 24.07, 23.87, 46.37, 45.29, 0, 0, 4.26
2019/06/07 02:15:00, 24.50, 24.05, 23.88, 46.37, 45.29, 0, 0, 4.26
2019/06/07 02:16:00, 24.50, 24.08, 23.87, 46.32, 45.27, 0, 0, 4.26
2019/06/07 02:17:00, 24.50, 24.08, 23.89, 46.28, 45.23, 0, 0, 4.26
2019/06/07 02:18:00, 24.50, 24.11, 23.88, 46.27, 45.25, 0, 0, 4.26
2019/06/07 02:19:00, 24.50, 24.11, 23.92, 46.30, 45.20, 0, 0, 4.26
2019/06/07 02:20:00, 24.50, 24.12, 23.91, 46.22, 45.22, 0, 0, 4.26
2019/06/07 02:21:00, 24.50, 24.12, 23.90, 46.24, 45.15, 0, 0, 4.26
2019/06/07 02:22:00, 24.50, 24.12, 23.93, 46.21, 45.14, 0, 0, 4.26
2019/06/07 02:23:00, 24.50, 24.12, 23.93, 46.11, 45.04, 0, 0, 4.26
2019/06/07 02:24:00, 24.50, 24.12, 23.94, 46.09, 45.09, 0, 0, 4.26
2019/06/07 02:25:00, 24.50, 24.14, 23.96, 46.13, 45.02, 0, 0, 4.26
2019/06/07 02:26:00, 24.50, 24.16, 23.95, 45.99, 44.99, 0, 0, 4.26
2019/06/07 02:27:00, 24.50, 24.19, 23.97, 45.96, 44.97, 0, 0, 4.26
2019/06/07 02:28:00, 24.50, 24.19, 24.00, 45.91, 44.94, 0, 0, 4.26
2019/06/07 02:29:00, 24.50, 24.18, 23.96, 45.97, 44.91, 0, 0, 4.26
2019/06/07 02:30:00, 24.50, 24.16, 23.96, 45.89, 44.89, 0, 0, 4.26
2019/06/07 02:31:00, 24.50, 24.22, 23.98, 45.87, 44.88, 0, 0, 4.26
2019/06/07 02:32:00, 24.50, 24.18, 23.97, 45.94, 44.85, 0, 0, 4.26
2019/06/07 02:33:00, 24.50, 24.18, 24.00, 45.84, 44.83, 0, 0, 4.26
2019/06/07 02:34:00, 24.50, 24.16, 24.00, 45.90, 44.85, 0, 0, 4.26
2019/06/07 02:35:00, 24.50, 24.18, 23.98, 45.92, 44.88, 0, 0, 4.26
2019/06/07 02:36:00, 24.50, 24.16, 24.00, 45.88, 44.84, 0, 0, 4.26
2019/06/07 02:37:00, 24.50, 24.19, 23.97, 45.82, 44.83, 0, 0, 4.26
2019/06/07 02:38:00, 24.50, 24.20, 24.01, 45.86, 44.81, 0, 0, 4.26
2019/06/07 02:39:00, 24.50, 24.20, 24.01, 45.83, 44.80, 0, 0, 4.26
2019/06/07 02:40:00, 24.50, 24.19, 24.00, 45.79, 44.78, 0, 0, 4.26
2019/06/07 02:41:00, 24.50, 24.20, 24.03, 45.86, 44.82, 0, 0, 4.26
2019/06/07 02:42:00, 24.50, 24.20, 24.02, 45.77, 44.78, 0, 0, 4.26
2019/06/07 02:43:00, 24.50, 24.20, 24.01, 45.82, 44.73, 0, 0, 4.26
2019/06/07 02:44:00, 24.50, 24.20, 24.01, 45.78, 44.72, 0, 0, 4.26
2019/06/07 02:45:00, 24.50, 24.18, 24.00, 45.76, 44.77, 0, 0, 4.26
2019/06/07 02:46:00, 24.50, 24.22, 24.00, 45.74, 44.72, 0, 0, 4.26
2019/06/07 02:47:00, 24.50, 24.20, 24.01, 45.73, 44.73, 0, 0, 4.26
2019/06/07 02:48:00, 24.50, 24.20, 24.01, 45.74, 44.73, 0, 0, 4.26
2019/06/07 02:49:00, 24.50, 24.22, 24.01, 45.80, 44.73, 0, 0, 4.26
2019/06/07 02:50:00, 24.50, 24.22, 24.02, 45.70, 44.72, 0, 0, 4.26
2019/06/07 02:51:00, 24.50, 24.22, 24.03, 45.73, 44.68, 0, 0, 4.26
2019/06/07 02:52:00, 24.50, 24.22, 24.01, 45.70, 44.68, 0, 0, 4.26
2019/06/07 02:53:00, 24.50, 24.23, 24.01, 45.68, 44.66, 0, 0, 4.26
2019/06/07 02:54:00, 24.50, 24.20, 24.02, 45.70, 44.70, 0, 0, 4.26
2019/06/07 02:55:00, 24.50, 24.23, 24.01, 45.69, 44.68, 0, 0, 4.26
2019/06/07 02:56:00, 24.50, 24.22, 24.02, 45.61, 44.65, 0, 0, 4.26
2019/06/07 02:57:00, 24.50, 24.20, 24.00, 45.69, 44.64, 0, 0, 4.26
2019/06/07 02:58:00, 24.50, 24.20, 24.01, 45.70, 44.67, 0, 0, 4.26
2019/06/07 02:59:00, 24.50, 24.20, 24.02, 45.70, 44.67, 0, 0, 4.26
2019/06/07 03:00:00, 24.50, 24.22, 24.02, 45.72, 44.68, 0, 0, 4.26
2019/06/07 03:01:00, 24.50, 24.20, 24.00, 45.74, 44.68, 0, 0, 4.26
2019/06/07 03:02:00, 24.50, 24.22, 24.02, 45.71, 44.69, 0, 0, 4.26
2019/06/07 03:03:00, 24.50, 24.20, 24.03, 45.70, 44.71, 0, 0, 4.26
2019/06/07 03:04:00, 24.50, 24.22, 24.03, 45.70, 44.68, 0, 0, 4.26
2019/06/07 03:05:00, 24.50, 24.22, 24.02, 45.66, 44.65, 0, 0, 4.26
2019/06/07 03:06:00, 24.50, 24.22, 24.04, 45.66, 44.62, 0, 0, 4.26
2019/06/07 03:07:00, 24.50, 24.22, 24.02, 45.66, 44.64, 0, 0, 4.26
2019/06/07 03:08:00, 24.50, 24.22, 24.02, 45.74, 44.68, 0, 0, 4.26
2019/06/07 03:09:00, 24.50, 24.23, 24.03, 45.65, 44.65, 0, 0, 4.26
2019/06/07 03:10:00, 24.50, 24.23, 24.01, 45.71, 44.64, 0, 0, 4.26
2019/06/07 03:11:00, 24.50, 24.22, 24.02, 45.61, 44.62, 0, 0, 4.26
2019/06/07 03:12:00, 24.50, 24.20, 24.00, 45.67, 44.62, 0, 0, 4.26
2019/06/07 03:13:00, 24.50, 24.19, 24.01, 45.65, 44.66, 0, 0, 4.26
2019/06/07 03:14:00, 24.50, 24.20, 24.01, 45.72, 44.65, 0, 0, 4.26
2019/06/07 03:15:00, 24.50, 24.20, 24.03, 45.65, 44.65, 0, 0, 4.26
2019/06/07 03:16:00, 24.50, 24.19, 24.00, 45.69, 44.62, 0, 0, 4.26
2019/06/07 03:17:00, 24.50, 24.19, 24.01, 45.70, 44.72, 0, 0, 4.26
2019/06/07 03:18:00, 24.50, 24.23, 24.03, 45.65, 44.66, 0, 0, 4.26
2019/06/07 03:19:00, 24.50, 24.23, 24.02, 45.71, 44.65, 0, 0, 4.26
2019/06/07 03:20:00, 24.50, 24.23, 24.03, 45.63, 44.66, 0, 0, 4.26
2019/06/07 03:21:00, 24.50, 24.23, 24.02, 45.60, 44.58, 0, 0, 4.26
2019/06/07 03:22:00, 24.50, 24.22, 24.02, 45.58, 44.59, 0, 0, 4.26
2019/06/07 03:23:00, 24.50, 24.22, 24.01, 45.63, 44.60, 0, 0, 4.26
2019/06/07 03:24:00, 24.50, 24.22, 24.04, 45.71, 44.67, 0, 0, 4.26
2019/06/07 03:25:00, 24.50, 24.23, 24.05, 45.65, 44.62, 0, 0, 4.26
2019/06/07 03:26:00, 24.50, 24.23, 24.03, 45.60, 44.59, 0, 0, 4.26
2019/06/07 03:27:00, 24.50, 24.25, 24.04, 45.60, 44.59, 0, 0, 4.26
2019/06/07 03:28:00, 24.50, 24.25, 24.05, 45.57, 44.59, 0, 0, 4.26
2019/06/07 03:29:00, 24.50, 24.23, 24.05, 45.56, 44.56, 0, 0, 4.26
2019/06/07 03:30:00, 24.50, 24.25, 24.02, 45.65, 44.62, 0, 0, 4.26
2019/06/07 03:31:00, 24.50, 24.22, 24.05, 45.59, 44.59, 0, 0, 4.26
2019/06/07 03:32:00, 24.50, 24.23, 24.03, 45.73, 44.63, 0, 0, 4.26
2019/06/07 03:33:00, 24.50, 24.23, 24.04, 45.60, 44.61, 0, 0, 4.26
2019/06/07 03:34:00, 24.50, 24.22, 24.04, 45.60, 44.61, 0, 0, 4.26
2019/06/07 03:35:00, 24.50, 24.19, 24.01, 45.68, 44.62, 0, 0, 4.26
2019/06/07 03:36:00, 24.50, 24.20, 24.02, 45.62, 44.62, 0, 0, 4.26
2019/06/07 03:37:00, 24.50, 24.23, 24.01, 45.64, 44.65, 0, 0, 4.26
2019/06/07 03:38:00, 24.50, 24.22, 24.02, 45.70, 44.67, 0, 0, 4.26
2019/06/07 03:39:00, 24.50, 24.22, 24.01, 45.66, 44.65, 0, 0, 4.26
2019/06/07 03:40:00, 24.50, 24.22, 24.02, 45.69, 44.65, 0, 0, 4.26
2019/06/07 03:41:00, 24.50, 24.23, 24.02, 45.73, 44.67, 0, 0, 4.26
2019/06/07 03:42:00, 24.50, 24.20, 24.02, 45.69, 44.66, 0, 0, 4.26
2019/06/07 03:43:00, 24.50, 24.22, 24.02, 45.65, 44.66, 0, 0, 4.26
2019/06/07 03:44:00, 24.50, 24.23, 24.00, 45.70, 44.69, 0, 0, 4.26
2019/06/07 03:45:00, 24.50, 24.19, 24.01, 45.69, 44.68, 0, 0, 4.26
2019/06/07 03:46:00, 24.50, 24.18, 24.01, 45.78, 44.74, 0, 0, 4.26
2019/06/07 03:47:00, 24.50, 24.19, 24.03, 45.71, 44.72, 0, 0, 4.26
2019/06/07 03:48:00, 24.50, 24.23, 24.03, 45.74, 44.72, 0, 0, 4.26
2019/06/07 03:49:00, 24.50, 24.25, 24.04, 45.70, 44.68, 0, 0, 4.26
2019/06/07 03:50:00, 24.50, 24.23, 24.03, 45.70, 44.68, 0, 0, 4.26
2019/06/07 03:51:00, 24.50, 24.22, 24.04, 45.67, 44.65, 0, 0, 4.26
2019/06/07 03:52:00, 24.50, 24.23, 24.04, 45.80, 44.75, 0, 0, 4.26
2019/06/07 03:53:00, 24.50, 24.23, 24.04, 45.72, 44.72, 0, 0, 4.26
2019/06/07 03:54:00, 24.50, 24.23, 24.03, 45.66, 44.66, 0, 0, 4.26
2019/06/07 03:55:00, 24.50, 24.20, 24.04, 45.71, 44.67, 0, 0, 4.26
2019/06/07 03:56:00, 24.50, 24.22, 24.01, 45.78, 44.73, 0, 0, 4.26
2019/06/07 03:57:00, 24.50, 24.20, 24.02, 45.70, 44.75, 0, 0, 4.26
2019/06/07 03:58:00, 24.50, 24.20, 24.03, 45.76, 44.72, 0, 0, 4.26
2019/06/07 03:59:00, 24.50, 24.19, 24.00, 45.76, 44.73, 0, 0, 4.26
2019/06/07 04:00:00, 24.50, 24.23, 24.01, 45.83, 44.78, 0, 0, 4.26
2019/06/07 04:01:00, 24.50, 24.22, 24.00, 45.82, 44.83, 0, 0, 4.26
2019/06/07 04:02:00, 24.50, 24.22, 24.01, 45.76, 44.78, 0, 0, 4.26
2019/06/07 04:03:00, 24.50, 24.20, 24.00, 45.79, 44.80, 0, 0, 4.26
2019/06/07 04:04:00, 24.50, 24.22, 24.01, 45.88, 44.83, 0, 0, 4.26
2019/06/07 04:05:00, 24.50, 24.19, 24.01, 45.83, 44.85, 0, 0, 4.26
2019/06/07 04:06:00, 24.50, 24.22, 24.02, 45.87, 44.81, 0, 0, 4.26
2019/06/07 04:07:00, 24.50, 24.22, 24.01, 45.80, 44.79, 0, 0, 4.26
2019/06/07 04:08:00, 24.50, 24.22, 24.01, 45.91, 44.79, 0, 0, 4.26
2019/06/07 04:09:00, 24.50, 24.22, 24.00, 45.86, 44.84, 0, 0, 4.26
2019/06/07 04:10:00, 24.50, 24.19, 24.00, 45.87, 44.81, 0, 0, 4.26
2019/06/07 04:11:00, 24.50, 24.20, 23.98, 45.91, 44.83, 0, 0, 4.26
2019/06/07 04:12:00, 24.50, 24.18, 24.01, 45.89, 44.88, 0, 0, 4.26
2019/06/07 04:13:00, 24.50, 24.18, 24.00, 45.97, 44.93, 0, 0, 4.26
2019/06/07 04:14:00, 24.50, 24.18, 24.00, 45.94, 44.93, 0, 0, 4.26
2019/06/07 04:15:00, 24.50, 24.19, 24.00, 45.94, 44.94, 0, 0, 4.26
2019/06/07 04:16:00, 24.50, 24.20, 24.00, 46.00, 44.97, 0, 0, 4.26
2019/06/07 04:17:00, 24.50, 24.20, 24.01, 45.99, 44.98, 0, 0, 4.26
2019/06/07 04:18:00, 24.50, 24.22, 24.01, 46.00, 44.97, 0, 0, 4.26
2019/06/07 04:19:00, 24.50, 24.22, 24.02, 45.89, 44.94, 0, 0, 4.26
2019/06/07 04:20:00, 24.50, 24.20, 24.02, 45.90, 44.91, 0, 0, 4.26
2019/06/07 04:21:00, 24.50, 24.22, 23.98, 45.98, 44.94, 0, 0, 4.26
2019/06/07 04:22:00, 24.50, 24.22, 24.01, 46.02, 44.97, 0, 0, 4.26
2019/06/07 04:23:00, 24.50, 24.20, 24.01, 45.99, 44.97, 0, 0, 4.26
2019/06/07 04:24:00, 24.50, 24.19, 24.01, 46.04, 44.99, 0, 0, 4.26
2019/06/07 04:25:00, 24.50, 24.22, 24.01, 46.00, 44.97, 0, 0, 4.26
2019/06/07 04:26:00, 24.50, 24.20, 24.01, 45.97, 44.96, 0, 0, 4.26
2019/06/07 04:27:00, 24.50, 24.19, 24.00, 46.06, 44.97, 0, 0, 4.26
2019/06/07 04:28:00, 24.50, 24.19, 24.01, 46.03, 45.01, 0, 0, 4.26
2019/06/07 04:29:00, 24.50, 24.19, 24.02, 46.00, 44.98, 0, 0, 4.26
2019/06/07 04:30:00, 24.50, 24.22, 24.00, 46.00, 44.98, 0, 0, 4.26
2019/06/07 04:31:00, 24.50, 24.19, 23.97, 46.09, 45.04, 0, 0, 4.26
2019/06/07 04:32:00, 24.50, 24.20, 23.97, 46.00, 45.04, 0, 0, 4.26
2019/06/07 04:33:00, 24.50, 24.20, 23.98, 46.06, 45.04, 0, 0, 4.26
2019/06/07 04:34:00, 24.50, 24.19, 24.00, 46.01, 45.02, 0, 0, 4.26
2019/06/07 04:35:00, 24.50, 24.20, 24.01, 46.10, 45.01, 0, 0, 4.26
2019/06/07 04:36:00, 24.50, 24.23, 24.01, 46.03, 45.04, 0, 0, 4.26
2019/06/07 04:37:00, 24.50, 24.22, 24.02, 46.06, 45.01, 0, 0, 4.26
2019/06/07 04:38:00, 24.50, 24.22, 24.01, 46.01, 45.02, 0, 0, 4.26
2019/06/07 04:39:00, 24.50, 24.22, 24.02, 46.04, 45.02, 0, 0, 4.26
2019/06/07 04:40:00, 24.50, 24.23, 24.01, 46.05, 45.05, 0, 0, 4.26
2019/06/07 04:41:00, 24.50, 24.22, 24.03, 45.98, 44.99, 0, 0, 4.26
2019/06/07 04:42:00, 24.50, 24.19, 24.01, 46.03, 45.01, 0, 0, 4.26
2019/06/07 04:43:00, 24.50, 24.20, 24.02, 46.04, 45.01, 0, 0, 4.26
2019/06/07 04:44:00, 24.50, 24.19, 24.00, 46.13, 45.07, 0, 0, 4.26
2019/06/07 04:45:00, 24.50, 24.19, 24.00, 46.13, 45.07, 0, 0, 4.26
2019/06/07 04:46:00, 24.50, 24.20, 24.01, 46.14, 45.10, 0, 0, 4.26
2019/06/07 04:47:00, 24.50, 24.18, 24.00, 46.16, 45.09, 0, 0, 4.26
2019/06/07 04:48:00, 24.50, 24.19, 23.97, 46.10, 45.11, 0, 0, 4.26
2019/06/07 04:49:00, 24.50, 24.19, 24.03, 46.16, 45.10, 0, 0, 4.26
2019/06/07 04:50:00, 24.50, 24.19, 24.00, 46.04, 45.07, 0, 0, 4.26
2019/06/07 04:51:00, 24.50, 24.18, 24.00, 46.13, 45.07, 0, 0, 4.26
2019/06/07 04:52:00, 24.50, 24.20, 24.00, 46.15, 45.13, 0, 0, 4.26
2019/06/07 04:53:00, 24.50, 24.20, 24.01, 46.15, 45.09, 0, 0, 4.26
2019/06/07 04:54:00, 24.50, 24.20, 23.97, 46.17, 45.12, 0, 0, 4.26
2019/06/07 04:55:00, 24.50, 24.19, 24.01, 46.11, 45.11, 0, 0, 4.26
2019/06/07 04:56:00, 24.50, 24.18, 24.00, 46.21, 45.15, 0, 0, 4.26
2019/06/07 04:57:00, 24.50, 24.20, 24.01, 46.12, 45.12, 0, 0, 4.26
2019/06/07 04:58:00, 24.50, 24.19, 24.00, 46.20, 45.10, 0, 0, 4.26
2019/06/07 04:59:00, 24.50, 24.19, 24.01, 46.16, 45.15, 0, 0, 4.26
2019/06/07 05:00:00, 24.50, 24.19, 23.98, 46.12, 45.10, 0, 0, 4.26
2019/06/07 05:01:00, 24.50, 24.20, 24.01, 46.16, 45.13, 0, 0, 4.26
2019/06/07 05:02:00, 24.50, 24.20, 24.00, 46.11, 45.09, 0, 0, 4.26
2019/06/07 05:03:00, 24.50, 24.19, 24.01, 46.15, 45.12, 0, 0, 4.26
2019/06/07 05:04:00, 24.50, 24.19, 23.98, 46.10, 45.12, 0, 0, 4.26
2019/06/07 05:05:00, 24.50, 24.20, 24.00, 46.17, 45.11, 0, 0, 4.26
2019/06/07 05:06:00, 24.50, 24.20, 24.00, 46.18, 45.11, 0, 0, 4.26
2019/06/07 05:07:00, 24.50, 24.19, 23.97, 46.17, 45.13, 0, 0, 4.26
2019/06/07 05:08:00, 24.50, 24.20, 24.00, 46.18, 45.13, 0, 0, 4.26
2019/06/07 05:09:00, 24.50, 24.22, 24.01, 46.13, 45.12, 0, 0, 4.26
2019/06/07 05:10:00, 24.50, 24.19, 23.97, 46.15, 45.11, 0, 0, 4.26
2019/06/07 05:11:00, 24.50, 24.20, 24.01, 46.12, 45.10, 0, 0, 4.26
2019/06/07 05:12:00, 24.50, 24.20, 24.02, 46.19, 45.10, 0, 0, 4.26
2019/06/07 05:13:00, 24.50, 24.23, 24.01, 46.15, 45.12, 0, 0, 4.26
2019/06/07 05:14:00, 24.50, 24.20, 24.00, 46.13, 45.08, 0, 0, 4.26
2019/06/07 05:15:00, 24.50, 24.20, 24.02, 46.15, 45.09, 0, 0, 4.26
2019/06/07 05:16:00, 24.50, 24.22, 24.01, 46.12, 45.09, 0, 0, 4.26
2019/06/07 05:17:00, 24.50, 24.22, 24.02, 46.10, 45.07, 0, 0, 4.26
2019/06/07 05:18:00, 24.50, 24.22, 24.01, 46.14, 45.12, 0, 0, 4.26
2019/06/07 05:19:00, 24.50, 24.22, 24.01, 46.13, 45.09, 0, 0, 4.26
2019/06/07 05:20:00, 24.50, 24.20, 24.01, 46.15, 45.10, 0, 0, 4.26
2019/06/07 05:21:00, 24.50, 24.22, 24.00, 46.10, 45.08, 0, 0, 4.26
2019/06/07 05:22:00, 24.50, 24.22, 24.02, 46.13, 45.10, 0, 0, 4.26
2019/06/07 05:23:00, 24.50, 24.22, 24.02, 46.12, 45.07, 0, 0, 4.26
2019/06/07 05:24:00, 24.50, 24.22, 24.04, 46.17, 45.11, 0, 0, 4.26
2019/06/07 05:25:00, 24.50, 24.23, 24.00, 46.13, 45.07, 0, 0, 4.26
2019/06/07 05:26:00, 24.50, 24.23, 24.04, 46.19, 45.14, 0, 0, 4.26
2019/06/07 05:27:00, 24.50, 24.19, 24.03, 46.12, 45.09, 0, 0, 4.26
2019/06/07 05:28:00, 24.50, 24.23, 24.03, 46.10, 45.08, 0, 0, 4.26
2019/06/07 05:29:00, 24.50, 24.20, 24.04, 46.14, 45.08, 0, 0, 4.26
2019/06/07 05:30:00, 24.50, 24.22, 24.02, 46.13, 45.07, 0, 0, 4.26
2019/06/07 05:31:00, 24.50, 24.22, 24.03, 46.23, 45.11, 0, 0, 4.26
2019/06/07 05:32:00, 24.50, 24.20, 24.03, 46.14, 45.08, 0, 0, 4.26
2019/06/07 05:33:00, 24.50, 24.23, 24.02, 46.14, 45.11, 0, 0, 4.26
2019/06/07 05:34:00, 24.50, 24.23, 24.04, 46.19, 45.14, 0, 0, 4.26
2019/06/07 05:35:00, 24.50, 24.19, 24.04, 46.14, 45.13, 0, 0, 4.26
2019/06/07 05:36:00, 24.50, 24.23, 24.02, 46.14, 45.13, 0, 0, 4.26
2019/06/07 05:37:00, 24.50, 24.23, 24.04, 46.17, 45.13, 0, 0, 4.26
2019/06/07 05:38:00, 24.50, 24.25, 24.04, 46.16, 45.10, 0, 0, 4.26
2019/06/07 05:39:00, 24.50, 24.25, 24.04, 46.12, 45.09, 0, 0, 4.26
2019/06/07 05:40:00, 24.50, 24.25, 24.03, 46.19, 45.15, 0, 0, 4.26
2019/06/07 05:41:00, 24.50, 24.25, 24.04, 46.13, 45.12, 0, 0, 4.26
2019/06/07 05:42:00, 24.50, 24.22, 24.04, 46.18, 45.14, 0, 0, 4.26
2019/06/07 05:43:00, 24.50, 24.23, 24.05, 46.21, 45.13, 0, 0, 4.26
2019/06/07 05:44:00, 24.50, 24.23, 24.06, 46.15, 45.13, 0, 0, 4.26
2019/06/07 05:45:00, 24.50, 24.27, 24.05, 46.21, 45.17, 0, 0, 4.26
2019/06/07 05:46:00, 24.50, 24.25, 24.04, 46.17, 45.13, 0, 0, 4.26
2019/06/07 05:47:00, 24.50, 24.25, 24.03, 46.18, 45.14, 0, 0, 4.26
2019/06/07 05:48:00, 24.50, 24.23, 24.03, 46.21, 45.15, 0, 0, 4.26
2019/06/07 05:49:00, 24.50, 24.20, 24.00, 46.19, 45.22, 0, 0, 4.26
2019/06/07 05:50:00, 24.50, 24.23, 24.02, 46.29, 45.22, 0, 0, 4.26
2019/06/07 05:51:00, 24.50, 24.25, 24.04, 46.26, 45.22, 0, 0, 4.26
2019/06/07 05:52:00, 24.50, 24.25, 24.02, 46.25, 45.22, 0, 0, 4.26
2019/06/07 05:53:00, 24.50, 24.22, 24.04, 46.28, 45.23, 0, 0, 4.26
2019/06/07 05:54:00, 24.50, 24.25, 24.04, 46.29, 45.24, 0, 0, 4.26
2019/06/07 05:55:00, 24.50, 24.23, 24.04, 46.30, 45.24, 0, 0, 4.26
2019/06/07 05:56:00, 24.50, 24.23, 24.06, 46.31, 45.26, 0, 0, 4.26
2019/06/07 05:57:00, 24.50, 24.25, 24.06, 46.25, 45.20, 0, 0, 4.26
2019/06/07 05:58:00, 24.50, 24.25, 24.06, 46.23, 45.22, 0, 0, 4.26
2019/06/07 05:59:00, 24.50, 24.25, 24.05, 46.27, 45.22, 0, 0, 4.26
2019/06/07 06:00:00, 24.50, 24.26, 24.07, 46.25, 45.22, 0, 0, 4.26
2019/06/07 06:01:00, 24.50, 24.26, 24.07, 46.27, 45.21, 0, 0, 4.26
2019/06/07 06:02:00, 24.50, 24.26, 24.08, 46.23, 45.20, 0, 0, 4.26
2019/06/07 06:03:00, 24.50, 24.27, 24.09, 46.21, 45.19, 0, 0, 4.26
2019/06/07 06:04:00, 24.50, 24.25, 24.09, 46.27, 45.19, 0, 0, 4.26
2019/06/07 06:05:00, 24.50, 24.27, 24.08, 46.27, 45.21, 0, 0, 4.26
2019/06/07 06:06:00, 24.50, 24.32, 24.09, 46.23, 45.22, 0, 0, 4.26
2019/06/07 06:07:00, 24.50, 24.27, 24.09, 46.19, 45.17, 0, 0, 4.26
2019/06/07 06:08:00, 24.50, 24.29, 24.09, 46.26, 45.20, 0, 0, 4.26
2019/06/07 06:09:00, 24.50, 24.32, 24.10, 46.21, 45.18, 0, 0, 4.26
2019/06/07 06:10:00, 24.50, 24.32, 24.12, 46.22, 45.18, 0, 0, 4.26
2019/06/07 06:11:00, 24.50, 24.32, 24.10, 46.24, 45.20, 0, 0, 4.26
2019/06/07 06:12:00, 24.50, 24.33, 24.12, 46.18, 45.17, 0, 0, 4.26
2019/06/07 06:13:00, 24.50, 24.32, 24.13, 46.19, 45.16, 0, 0, 4.26
2019/06/07 06:14:00, 24.50, 24.33, 24.15, 46.27, 45.23, 0, 0, 4.26
2019/06/07 06:15:00, 24.50, 24.33, 24.13, 46.14, 45.16, 0, 0, 4.26
2019/06/07 06:16:00, 24.50, 24.33, 24.13, 46.14, 45.12, 0, 0, 4.26
2019/06/07 06:17:00, 24.50, 24.36, 24.15, 46.20, 45.14, 0, 0, 4.26
2019/06/07 06:18:00, 24.50, 24.35, 24.18, 46.17, 45.13, 0, 0, 4.26
2019/06/07 06:19:00, 24.50, 24.36, 24.16, 46.20, 45.17, 0, 0, 4.26
2019/06/07 06:20:00, 24.50, 24.36, 24.18, 46.19, 45.12, 0, 0, 4.26
2019/06/07 06:21:00, 24.50, 24.38, 24.17, 46.22, 45.13, 0, 0, 4.26
2019/06/07 06:22:00, 24.50, 24.38, 24.17, 46.16, 45.12, 0, 0, 4.26
2019/06/07 06:23:00, 24.50, 24.38, 24.19, 46.14, 45.11, 0, 0, 4.26
2019/06/07 06:24:00, 24.50, 24.39, 24.19, 46.19, 45.12, 0, 0, 4.26
2019/06/07 06:25:00, 24.50, 24.39, 24.21, 46.15, 45.12, 0, 0, 4.26
2019/06/07 06:26:00, 24.50, 24.40, 24.20, 46.10, 45.10, 0, 0, 4.26
2019/06/07 06:27:00, 24.50, 24.40, 24.21, 46.10, 45.08, 0, 0, 4.26
2019/06/07 06:28:00, 24.50, 24.39, 24.22, 46.14, 45.07, 0, 0, 4.26
2019/06/07 06:29:00, 24.50, 24.42, 24.21, 46.14, 45.10, 0, 0, 4.26
2019/06/07 06:30:00, 24.50, 24.42, 24.22, 46.17, 45.11, 0, 0, 4.26
2019/06/07 06:31:00, 24.50, 24.39, 24.23, 46.14, 45.10, 0, 0, 4.26
2019/06/07 06:32:00, 24.50, 24.39, 24.23, 46.20, 45.14, 0, 0, 4.26
2019/06/07 06:33:00, 24.50, 24.43, 24.24, 46.16, 45.13, 0, 0, 4.26
2019/06/07 06:34:00, 24.50, 24.43, 24.24, 46.19, 45.13, 0, 0, 4.26
2019/06/07 06:35:00, 24.50, 24.47, 24.25, 46.12, 45.10, 0, 0, 4.26
2019/06/07 06:36:00, 24.50, 24.46, 24.25, 46.19, 45.12, 0, 0, 4.26
2019/06/07 06:37:00, 24.50, 24.43, 24.25, 46.13, 45.11, 0, 0, 4.26
2019/06/07 06:38:00, 24.50, 24.46, 24.25, 46.11, 45.07, 0, 0, 4.26
2019/06/07 06:39:00, 24.75, 24.47, 24.26, 46.07, 45.05, 0, 0, 4.26
2019/06/07 06:40:00, 24.75, 24.49, 24.28, 46.13, 45.08, 0, 0, 4.26
2019/06/07 06:41:00, 24.75, 24.50, 24.27, 46.11, 45.09, 0, 0, 4.26
2019/06/07 06:42:00, 24.75, 24.52, 24.32, 46.10, 45.07, 0, 0, 4.26
2019/06/07 06:43:00, 24.75, 24.52, 24.33, 46.07, 45.02, 0, 0, 4.26
2019/06/07 06:44:00, 24.75, 24.53, 24.34, 46.06, 45.01, 0, 0, 4.26
2019/06/07 06:45:00, 24.75, 24.52, 24.34, 46.05, 44.99, 0, 0, 4.26
2019/06/07 06:46:00, 24.75, 24.54, 24.36, 46.04, 44.99, 0, 0, 4.26
2019/06/07 06:47:00, 24.75, 24.54, 24.38, 46.00, 44.96, 0, 0, 4.26
2019/06/07 06:48:00, 24.75, 24.59, 24.38, 45.96, 44.93, 0, 0, 4.26
2019/06/07 06:49:00, 24.75, 24.60, 24.40, 45.90, 44.88, 0, 0, 4.26
2019/06/07 06:50:00, 24.75, 24.61, 24.40, 45.92, 44.84, 0, 0, 4.26
2019/06/07 06:51:00, 24.75, 24.60, 24.39, 45.91, 44.86, 0, 0, 4.26
2019/06/07 06:52:00, 24.75, 24.61, 24.40, 45.88, 44.87, 0, 0, 4.26
2019/06/07 06:53:00, 24.75, 24.61, 24.42, 45.92, 44.86, 0, 0, 4.26
2019/06/07 06:54:00, 24.75, 24.63, 24.41, 45.87, 44.84, 0, 0, 4.26
2019/06/07 06:55:00, 24.75, 24.63, 24.42, 45.97, 44.88, 0, 0, 4.26
2019/06/07 06:56:00, 24.75, 24.63, 24.43, 45.90, 44.87, 0, 0, 4.26
2019/06/07 06:57:00, 24.75, 24.64, 24.45, 45.87, 44.85, 0, 0, 4.26
2019/06/07 06:58:00, 24.75, 24.63, 24.43, 45.87, 44.85, 0, 0, 4.26
2019/06/07 06:59:00, 24.75, 24.66, 24.46, 45.85, 44.84, 0, 0, 4.26
2019/06/07 07:00:00, 24.75, 24.67, 24.47, 45.90, 44.84, 0, 0, 4.26
2019/06/07 07:01:00, 24.75, 24.66, 24.48, 45.83, 44.80, 0, 0, 4.26
2019/06/07 07:02:00, 24.75, 24.67, 24.50, 45.86, 44.80, 0, 0, 4.26
2019/06/07 07:03:00, 24.75, 24.70, 24.50, 45.88, 44.79, 0, 0, 4.26
2019/06/07 07:04:00, 24.75, 24.69, 24.51, 45.79, 44.77, 0, 0, 4.26
2019/06/07 07:05:00, 24.75, 24.71, 24.51, 45.77, 44.74, 0, 0, 4.26
2019/06/07 07:06:00, 24.75, 24.73, 24.53, 45.74, 44.73, 0, 0, 4.26
2019/06/07 07:07:00, 24.75, 24.73, 24.55, 45.77, 44.74, 0, 0, 4.26
2019/06/07 07:08:00, 24.75, 24.75, 24.56, 45.74, 44.71, 0, 0, 4.26
2019/06/07 07:09:00, 24.75, 24.77, 24.58, 45.76, 44.71, 0, 0, 4.26
2019/06/07 07:10:00, 24.75, 24.75, 24.58, 45.73, 44.67, 0, 0, 4.26
2019/06/07 07:11:00, 24.75, 24.78, 24.58, 45.69, 44.65, 0, 0, 4.26
2019/06/07 07:12:00, 24.75, 24.78, 24.61, 45.65, 44.62, 0, 0, 4.26
2019/06/07 07:13:00, 24.75, 24.78, 24.61, 45.66, 44.62, 0, 0, 4.26
2019/06/07 07:14:00, 24.75, 24.78, 24.63, 45.70, 44.62, 0, 0, 4.26
2019/06/07 07:15:00, 24.75, 24.80, 24.65, 45.66, 44.64, 0, 0, 4.26
2019/06/07 07:16:00, 24.75, 24.81, 24.64, 45.69, 44.59, 0, 0, 4.26
2019/06/07 07:17:00, 24.75, 24.81, 24.64, 45.67, 44.60, 0, 0, 4.26
2019/06/07 07:18:00, 24.75, 24.84, 24.66, 45.59, 44.56, 0, 0, 4.26
2019/06/07 07:19:00, 24.75, 24.85, 24.65, 45.63, 44.58, 0, 0, 4.26
2019/06/07 07:20:00, 24.75, 24.84, 24.66, 45.62, 44.56, 0, 0, 4.26
2019/06/07 07:21:00, 24.75, 24.87, 24.68, 45.60, 44.55, 0, 0, 4.26
2019/06/07 07:22:00, 24.75, 24.85, 24.70, 45.64, 44.54, 0, 0, 4.26
2019/06/07 07:23:00, 24.75, 24.89, 24.70, 45.65, 44.59, 0, 0, 4.26
2019/06/07 07:24:00, 24.75, 24.89, 24.71, 45.65, 44.62, 0, 0, 4.26
2019/06/07 07:25:00, 24.75, 24.88, 24.74, 45.75, 44.65, 0, 0, 4.26
2019/06/07 07:26:00, 24.75, 24.93, 24.77, 45.66, 44.62, 0, 0, 4.26
2019/06/07 07:27:00, 25.00, 24.93, 24.72, 45.69, 44.60, 0, 0, 4.26
2019/06/07 07:28:00, 25.00, 24.94, 24.76, 45.64, 44.56, 0, 0, 4.26
2019/06/07 07:29:00, 25.00, 24.95, 24.78, 45.59, 44.57, 0, 0, 4.26
2019/06/07 07:30:00, 25.00, 24.98, 24.80, 45.50, 44.51, 0, 0, 4.26
2019/06/07 07:31:00, 25.00, 25.00, 24.80, 45.59, 44.52, 0, 0, 4.26
2019/06/07 07:32:00, 25.00, 25.00, 24.81, 45.60, 44.54, 0, 0, 4.26
2019/06/07 07:33:00, 25.00, 24.98, 24.79, 45.66, 44.55, 0, 0, 4.26
2019/06/07 07:34:00, 25.00, 24.98, 24.80, 45.69, 44.60, 0, 0, 4.26
2019/06/07 07:35:00, 25.00, 25.00, 24.82, 45.66, 44.62, 0, 0, 4.26
2019/06/07 07:36:00, 25.00, 25.00, 24.82, 45.74, 44.66, 0, 0, 4.26
2019/06/07 07:37:00, 25.00, 25.00, 24.83, 45.80, 44.68, 0, 0, 4.26
2019/06/07 07:38:00, 25.00, 25.01, 24.83, 45.77, 44.72, 0, 0, 4.26
2019/06/07 07:39:00, 25.00, 25.04, 24.84, 45.94, 44.81, 0, 0, 4.26
2019/06/07 07:40:00, 25.00, 25.02, 24.86, 45.83, 44.80, 0, 0, 4.26
2019/06/07 07:41:00, 25.00, 25.06, 24.84, 45.96, 44.83, 0, 0, 4.26
2019/06/07 07:42:00, 25.00, 25.04, 24.86, 45.93, 44.84, 0, 0, 4.26
2019/06/07 07:43:00, 25.00, 25.04, 24.86, 46.02, 44.89, 0, 0, 4.26
2019/06/07 07:44:00, 25.00, 25.06, 24.89, 46.03, 44.90, 0, 0, 4.26
2019/06/07 07:45:00, 25.00, 25.08, 24.90, 45.97, 44.87, 0, 0, 4.26
2019/06/07 07:46:00, 25.00, 25.08, 24.92, 46.05, 44.91, 0, 0, 4.26
2019/06/07 07:47:00, 25.00, 25.09, 24.93, 45.95, 44.90, 0, 0, 4.26
2019/06/07 07:48:00, 25.00, 25.09, 24.92, 46.14, 44.97, 0, 0, 4.26
2019/06/07 07:49:00, 25.00, 25.06, 24.91, 46.00, 44.94, 0, 0, 4.26
2019/06/07 07:50:00, 25.00, 25.06, 24.92, 46.08, 44.98, 0, 0, 4.26
2019/06/07 07:51:00, 25.00, 25.08, 24.89, 46.16, 45.04, 0, 0, 4.26
2019/06/07 07:52:00, 25.00, 25.06, 24.89, 46.30, 45.15, 0, 0, 4.26
2019/06/07 07:53:00, 25.00, 25.06, 24.89, 46.37, 45.24, 0, 0, 4.26
2019/06/07 07:54:00, 25.00, 25.08, 24.89, 46.36, 45.24, 0, 0, 4.26
2019/06/07 07:55:00, 25.00, 25.05, 24.89, 46.39, 45.30, 0, 0, 4.26
2019/06/07 07:56:00, 25.00, 25.04, 24.84, 46.51, 45.36, 0, 0, 4.26
2019/06/07 07:57:00, 25.00, 25.02, 24.86, 46.57, 45.45, 0, 0, 4.26
2019/06/07 07:58:00, 25.00, 25.04, 24.84, 46.61, 45.49, 0, 0, 4.26
2019/06/07 07:59:00, 25.00, 25.04, 24.86, 46.61, 45.54, 0, 0, 4.26
2019/06/07 08:00:00, 25.00, 25.01, 24.84, 46.66, 45.54, 0, 0, 4.26
2019/06/07 08:01:00, 25.00, 25.02, 24.85, 46.70, 45.58, 0, 0, 4.26
2019/06/07 08:02:00, 25.00, 25.05, 24.84, 46.73, 45.61, 0, 0, 4.26
2019/06/07 08:03:00, 25.00, 25.01, 24.86, 46.82, 45.66, 0, 0, 4.26
2019/06/07 08:04:00, 25.00, 25.05, 24.86, 47.00, 45.82, 0, 0, 4.26
2019/06/07 08:05:00, 25.00, 25.06, 24.89, 47.00, 45.87, 0, 0, 4.26
2019/06/07 08:06:00, 25.00, 25.05, 24.86, 47.09, 45.87, 0, 0, 4.26
2019/06/07 08:07:00, 25.00, 25.05, 24.86, 47.15, 45.96, 0, 0, 4.26
2019/06/07 08:08:00, 25.00, 25.08, 24.92, 47.39, 46.11, 0, 0, 4.26
2019/06/07 08:09:00, 25.00, 25.09, 24.94, 47.19, 46.08, 0, 0, 4.26
2019/06/07 08:10:00, 25.00, 25.11, 24.92, 47.24, 46.05, 0, 0, 4.26
2019/06/07 08:11:00, 25.00, 25.12, 24.95, 47.24, 46.04, 0, 0, 4.26
2019/06/07 08:12:00, 25.00, 25.15, 24.96, 47.28, 46.12, 0, 0, 4.26
2019/06/07 08:13:00, 25.00, 25.16, 24.97, 47.26, 46.10, 0, 0, 4.26
2019/06/07 08:14:00, 25.00, 25.18, 25.00, 47.25, 46.11, 0, 0, 4.26
2019/06/07 08:15:00, 25.00, 25.19, 25.00, 47.27, 46.11, 0, 0, 4.26
2019/06/07 08:16:00, 25.00, 25.22, 25.04, 47.34, 46.14, 0, 0, 4.26
2019/06/07 08:17:00, 25.00, 25.23, 25.05, 47.34, 46.17, 0, 0, 4.26
2019/06/07 08:18:00, 25.00, 25.23, 25.07, 47.26, 46.06, 0, 0, 4.26
2019/06/07 08:19:00, 25.25, 25.25, 25.06, 47.19, 46.03, 0, 0, 4.26
2019/06/07 08:20:00, 25.25, 25.25, 25.06, 47.21, 46.04, 0, 0, 4.26
2019/06/07 08:21:00, 25.25, 25.25, 25.06, 47.29, 46.13, 0, 0, 4.26
2019/06/07 08:22:00, 25.25, 25.26, 25.07, 47.31, 46.06, 0, 0, 4.26
2019/06/07 08:23:00, 25.25, 25.25, 25.10, 47.35, 46.15, 0, 0, 4.26
2019/06/07 08:24:00, 25.25, 25.28, 25.10, 47.38, 46.18, 0, 0, 4.26
2019/06/07 08:25:00, 25.25, 25.29, 25.09, 47.34, 46.16, 0, 0, 4.26
2019/06/07 08:26:00, 25.25, 25.26, 25.10, 47.40, 46.20, 0, 0, 4.26
2019/06/07 08:27:00, 25.25, 25.28, 25.11, 47.52, 46.29, 0, 0, 4.26
2019/06/07 08:28:00, 25.25, 25.29, 25.11, 47.50, 46.32, 0, 0, 4.26
2019/06/07 08:29:00, 25.25, 25.29, 25.12, 47.49, 46.35, 0, 0, 4.26
2019/06/07 08:30:00, 25.25, 25.28, 25.10, 47.49, 46.33, 0, 0, 4.26
2019/06/07 08:31:00, 25.25, 25.32, 25.12, 47.60, 46.42, 0, 0, 4.26
2019/06/07 08:32:00, 25.25, 25.30, 25.10, 47.61, 46.42, 0, 0, 4.26
2019/06/07 08:33:00, 25.25, 25.29, 25.13, 47.67, 46.46, 0, 0, 4.26
2019/06/07 08:34:00, 25.25, 25.32, 25.13, 47.64, 46.44, 0, 0, 4.26
2019/06/07 08:35:00, 25.25, 25.33, 25.12, 47.61, 46.43, 0, 0, 4.26
2019/06/07 08:36:00, 25.25, 25.32, 25.13, 47.69, 46.49, 0, 0, 4.26
2019/06/07 08:37:00, 25.25, 25.33, 25.13, 47.70, 46.49, 0, 0, 4.26
2019/06/07 08:38:00, 25.25, 25.30, 25.12, 47.78, 46.57, 0, 0, 4.26
2019/06/07 08:39:00, 25.25, 25.32, 25.14, 47.80, 46.59, 0, 0, 4.26
2019/06/07 08:40:00, 25.25, 25.33, 25.14, 47.79, 46.60, 0, 0, 4.26
2019/06/07 08:41:00, 25.25, 25.34, 25.15, 47.76, 46.56, 0, 0, 4.26
2019/06/07 08:42:00, 25.25, 25.36, 25.17, 47.85, 46.61, 0, 0, 4.26
2019/06/07 08:43:00, 25.25, 25.36, 25.21, 47.87, 46.69, 0, 0, 4.26
2019/06/07 08:44:00, 25.25, 25.39, 25.20, 47.77, 46.58, 0, 0, 4.26
2019/06/07 08:45:00, 25.25, 25.37, 25.21, 47.84, 46.59, 0, 0, 4.26
2019/06/07 08:46:00, 25.25, 25.39, 25.21, 47.86, 46.70, 0, 0, 4.26
2019/06/07 08:47:00, 25.25, 25.34, 25.21, 47.79, 46.61, 0, 0, 4.26
2019/06/07 08:48:00, 25.25, 25.37, 25.19, 47.82, 46.61, 0, 0, 4.26
2019/06/07 08:49:00, 25.25, 25.39, 25.20, 47.87, 46.67, 0, 0, 4.26
2019/06/07 08:50:00, 25.25, 25.37, 25.20, 48.00, 46.78, 0, 0, 4.26
2019/06/07 08:51:00, 25.25, 25.39, 25.22, 47.90, 46.72, 0, 0, 4.26
2019/06/07 08:52:00, 25.25, 25.42, 25.22, 48.02, 46.81, 0, 0, 4.26
2019/06/07 08:53:00, 25.25, 25.40, 25.23, 47.98, 46.75, 0, 0, 4.26
2019/06/07 08:54:00, 25.25, 25.42, 25.24, 48.04, 46.83, 0, 0, 4.26
2019/06/07 08:55:00, 25.25, 25.40, 25.28, 47.96, 46.76, 0, 0, 4.26
2019/06/07 08:56:00, 25.25, 25.44, 25.26, 47.90, 46.70, 0, 0, 4.26
2019/06/07 08:57:00, 25.25, 25.43, 25.25, 47.86, 46.70, 0, 0, 4.26
2019/06/07 08:58:00, 25.25, 25.43, 25.25, 48.05, 46.78, 0, 0, 4.26
2019/06/07 08:59:00, 25.25, 25.43, 25.26, 47.99, 46.82, 0, 0, 4.26
2019/06/07 09:00:00, 25.25, 25.44, 25.28, 48.10, 46.87, 0, 0, 4.26
2019/06/07 09:01:00, 25.25, 25.46, 25.30, 48.12, 46.90, 0, 0, 4.26
2019/06/07 09:02:00, 25.25, 25.49, 25.29, 48.12, 46.87, 0, 0, 4.26
2019/06/07 09:03:00, 25.25, 25.50, 25.30, 48.05, 46.87, 0, 0, 4.26
2019/06/07 09:04:00, 25.25, 25.50, 25.31, 48.07, 46.90, 0, 0, 4.26
2019/06/07 09:05:00, 25.25, 25.50, 25.31, 48.09, 46.87, 0, 0, 4.26
2019/06/07 09:06:00, 25.25, 25.50, 25.34, 48.05, 46.87, 0, 0, 4.26
2019/06/07 09:07:00, 25.25, 25.49, 25.32, 48.16, 46.90, 0, 0, 4.26
2019/06/07 09:08:00, 25.25, 25.51, 25.30, 48.13, 46.91, 0, 0, 4.26
2019/06/07 09:09:00, 25.50, 25.53, 25.32, 48.07, 46.87, 0, 0, 4.26
2019/06/07 09:10:00, 25.50, 25.53, 25.35, 48.14, 46.93, 0, 0, 4.26
2019/06/07 09:11:00, 25.50, 25.51, 25.37, 48.18, 47.00, 0, 0, 4.26
2019/06/07 09:12:00, 25.50, 25.53, 25.35, 48.25, 47.02, 0, 0, 4.26
2019/06/07 09:13:00, 25.50, 25.55, 25.38, 48.24, 47.02, 0, 0, 4.26
2019/06/07 09:14:00, 25.50, 25.53, 25.37, 48.18, 46.97, 0, 0, 4.26
2019/06/07 09:15:00, 25.50, 25.57, 25.36, 48.21, 47.03, 0, 0, 4.26
2019/06/07 09:16:00, 25.50, 25.55, 25.38, 48.29, 47.08, 0, 0, 4.26
2019/06/07 09:17:00, 25.50, 25.53, 25.38, 48.25, 47.05, 0, 0, 4.26
2019/06/07 09:18:00, 25.50, 25.53, 25.37, 48.31, 47.06, 0, 0, 4.26
2019/06/07 09:19:00, 25.50, 25.55, 25.39, 48.33, 47.13, 0, 0, 4.26
2019/06/07 09:20:00, 25.50, 25.56, 25.41, 48.41, 47.15, 0, 0, 4.26
2019/06/07 09:21:00, 25.50, 25.56, 25.39, 48.55, 47.29, 0, 0, 4.26
2019/06/07 09:22:00, 25.50, 25.53, 25.39, 48.63, 47.35, 0, 0, 4.26
2019/06/07 09:23:00, 25.50, 25.55, 25.39, 48.76, 47.45, 0, 0, 4.26
2019/06/07 09:24:00, 25.50, 25.53, 25.39, 48.79, 47.48, 0, 0, 4.26
2019/06/07 09:25:00, 25.50, 25.51, 25.37, 48.77, 47.54, 0, 0, 4.26
2019/06/07 09:26:00, 25.50, 25.55, 25.35, 48.81, 47.58, 0, 0, 4.26
2019/06/07 09:27:00, 25.50, 25.55, 25.37, 48.95, 47.64, 0, 0, 4.26
2019/06/07 09:28:00, 25.50, 25.56, 25.37, 48.82, 47.59, 0, 0, 4.26
2019/06/07 09:29:00, 25.50, 25.57, 25.38, 48.75, 47.52, 0, 0, 4.26
2019/06/07 09:30:00, 25.50, 25.56, 25.41, 48.70, 47.45, 0, 0, 4.26
2019/06/07 09:31:00, 25.50, 25.57, 25.41, 48.68, 47.47, 0, 0, 4.26
2019/06/07 09:32:00, 25.50, 25.59, 25.42, 48.63, 47.39, 0, 0, 4.26
2019/06/07 09:33:00, 25.50, 25.61, 25.43, 48.63, 47.41, 0, 0, 4.26
2019/06/07 09:34:00, 25.50, 25.60, 25.43, 48.71, 47.42, 0, 0, 4.26
2019/06/07 09:35:00, 25.50, 25.57, 25.43, 48.63, 47.40, 0, 0, 4.26
2019/06/07 09:36:00, 25.50, 25.60, 25.42, 48.67, 47.40, 0, 0, 4.26
2019/06/07 09:37:00, 25.50, 25.60, 25.41, 48.90, 47.61, 0, 0, 4.26
2019/06/07 09:38:00, 25.50, 25.60, 25.44, 49.02, 47.72, 0, 0, 4.26
2019/06/07 09:39:00, 25.50, 25.63, 25.48, 49.02, 47.79, 0, 0, 4.26
2019/06/07 09:40:00, 25.50, 25.67, 25.45, 49.01, 47.77, 0, 0, 4.26
2019/06/07 09:41:00, 25.50, 25.64, 25.45, 48.88, 47.62, 0, 0, 4.26
2019/06/07 09:42:00, 25.50, 25.63, 25.45, 48.95, 47.64, 0, 0, 4.26
2019/06/07 09:43:00, 25.50, 25.61, 25.44, 48.96, 47.71, 0, 0, 4.26
2019/06/07 09:44:00, 25.50, 25.57, 25.41, 49.02, 47.77, 0, 0, 4.26
2019/06/07 09:45:00, 25.50, 25.59, 25.40, 49.27, 47.92, 0, 0, 4.26
2019/06/07 09:46:00, 25.50, 25.61, 25.42, 49.39, 48.06, 0, 0, 4.26
2019/06/07 09:47:00, 25.50, 25.60, 25.44, 49.47, 48.16, 0, 0, 4.26
2019/06/07 09:48:00, 25.50, 25.60, 25.45, 49.58, 48.25, 0, 0, 4.26
2019/06/07 09:49:00, 25.50, 25.61, 25.45, 49.57, 48.26, 0, 0, 4.26
2019/06/07 09:50:00, 25.50, 25.63, 25.44, 49.59, 48.29, 0, 0, 4.26
2019/06/07 09:51:00, 25.50, 25.63, 25.44, 49.60, 48.26, 0, 0, 4.26
2019/06/07 09:52:00, 25.50, 25.63, 25.46, 49.57, 48.29, 0, 0, 4.26
2019/06/07 09:53:00, 25.50, 25.63, 25.44, 49.57, 48.32, 0, 0, 4.26
2019/06/07 09:54:00, 25.50, 25.61, 25.43, 49.67, 48.37, 0, 0, 4.26
2019/06/07 09:55:00, 25.50, 25.60, 25.45, 49.69, 48.40, 0, 0, 4.26
2019/06/07 09:56:00, 25.50, 25.61, 25.44, 49.69, 48.40, 0, 0, 4.26
2019/06/07 09:57:00, 25.50, 25.60, 25.44, 49.64, 48.35, 0, 0, 4.26
2019/06/07 09:58:00, 25.50, 25.61, 25.42, 49.66, 48.32, 0, 0, 4.26
2019/06/07 09:59:00, 25.50, 25.61, 25.45, 49.62, 48.34, 0, 0, 4.26
2019/06/07 10:00:00, 25.50, 25.63, 25.43, 49.53, 48.23, 0, 0, 4.26
2019/06/07 10:01:00, 25.50, 25.66, 25.43, 49.50, 48.23, 0, 0, 4.26
2019/06/07 10:02:00, 25.50, 25.63, 25.44, 49.52, 48.21, 0, 0, 4.26
2019/06/07 10:03:00, 25.50, 25.64, 25.45, 49.46, 48.19, 0, 0, 4.26
2019/06/07 10:04:00, 25.50, 25.63, 25.44, 49.37, 48.13, 0, 0, 4.26
2019/06/07 10:05:00, 25.50, 25.63, 25.48, 49.34, 48.13, 0, 0, 4.26
2019/06/07 10:06:00, 25.50, 25.63, 25.46, 49.31, 48.10, 0, 0, 4.26
2019/06/07 10:07:00, 25.50, 25.61, 25.46, 49.27, 48.05, 0, 0, 4.26
2019/06/07 10:08:00, 25.50, 25.63, 25.44, 49.40, 48.07, 0, 0, 4.26
2019/06/07 10:09:00, 25.50, 25.64, 25.45, 49.37, 48.09, 0, 0, 4.26
2019/06/07 10:10:00, 25.50, 25.66, 25.45, 49.44, 48.14, 0, 0, 4.26
2019/06/07 10:11:00, 25.50, 25.64, 25.46, 49.50, 48.17, 0, 0, 4.26
2019/06/07 10:12:00, 25.50, 25.66, 25.48, 49.41, 48.17, 0, 0, 4.26
2019/06/07 10:13:00, 25.50, 25.64, 25.48, 49.37, 48.14, 0, 0, 4.26
2019/06/07 10:14:00, 25.50, 25.66, 25.46, 49.40, 48.16, 0, 0, 4.26
2019/06/07 10:15:00, 25.50, 25.64, 25.46, 49.41, 48.12, 0, 0, 4.26
2019/06/07 10:16:00, 25.50, 25.67, 25.48, 49.41, 48.16, 0, 0, 4.26
2019/06/07 10:17:00, 25.50, 25.64, 25.49, 49.40, 48.13, 0, 0, 4.26
2019/06/07 10:18:00, 25.50, 25.64, 25.49, 49.40, 48.15, 0, 0, 4.26
2019/06/07 10:19:00, 25.50, 25.64, 25.49, 49.48, 48.24, 0, 0, 4.26
2019/06/07 10:20:00, 25.50, 25.66, 25.48, 49.60, 48.33, 0, 0, 4.26
2019/06/07 10:21:00, 25.75, 25.67, 25.52, 49.59, 48.26, 0, 0, 4.26
2019/06/07 10:22:00, 25.50, 25.69, 25.49, 49.55, 48.25, 0, 0, 4.26
2019/06/07 10:23:00, 25.50, 25.69, 25.51, 49.51, 48.26, 0, 0, 4.26
2019/06/07 10:24:00, 25.75, 25.69, 25.51, 49.56, 48.29, 0, 0, 4.26
2019/06/07 10:25:00, 25.50, 25.70, 25.53, 49.54, 48.34, 0, 0, 4.26
2019/06/07 10:26:00, 25.75, 25.67, 25.51, 49.63, 48.29, 0, 0, 4.26
2019/06/07 10:27:00, 25.75, 25.69, 25.51, 49.58, 48.31, 0, 0, 4.26
2019/06/07 10:28:00, 25.75, 25.70, 25.53, 49.61, 48.32, 0, 0, 4.26
2019/06/07 10:29:00, 25.75, 25.70, 25.53, 49.64, 48.34, 0, 0, 4.26
2019/06/07 10:30:00, 25.75, 25.69, 25.55, 49.71, 48.39, 0, 0, 4.26
2019/06/07 10:31:00, 25.75, 25.73, 25.54, 49.71, 48.38, 0, 0, 4.26
2019/06/07 10:32:00, 25.75, 25.74, 25.55, 49.68, 48.38, 0, 0, 4.26
2019/06/07 10:33:00, 25.75, 25.76, 25.56, 49.59, 48.32, 0, 0, 4.26
2019/06/07 10:34:00, 25.75, 25.71, 25.56, 49.60, 48.32, 0, 0, 4.26
2019/06/07 10:35:00, 25.75, 25.73, 25.56, 49.72, 48.39, 0, 0, 4.26
2019/06/07 10:36:00, 25.75, 25.74, 25.56, 49.71, 48.38, 0, 0, 4.26
2019/06/07 10:37:00, 25.75, 25.73, 25.56, 49.68, 48.40, 0, 0, 4.26
2019/06/07 10:38:00, 25.75, 25.71, 25.57, 49.71, 48.42, 0, 0, 4.26
2019/06/07 10:39:00, 25.75, 25.74, 25.56, 49.74, 48.45, 0, 0, 4.26
2019/06/07 10:40:00, 25.75, 25.73, 25.56, 49.82, 48.50, 0, 0, 4.26
2019/06/07 10:41:00, 25.75, 25.74, 25.55, 49.77, 48.51, 0, 0, 4.26
2019/06/07 10:42:00, 25.75, 25.76, 25.56, 49.78, 48.51, 0, 0, 4.26
2019/06/07 10:43:00, 25.75, 25.73, 25.55, 49.82, 48.50, 0, 0, 4.26
2019/06/07 10:44:00, 25.75, 25.74, 25.58, 49.81, 48.54, 0, 0, 4.26
2019/06/07 10:45:00, 25.75, 25.73, 25.57, 49.88, 48.59, 0, 0, 4.26
2019/06/07 10:46:00, 25.75, 25.71, 25.59, 49.87, 48.56, 0, 0, 4.26
2019/06/07 10:47:00, 25.75, 25.74, 25.59, 49.93, 48.61, 0, 0, 4.26
2019/06/07 10:48:00, 25.75, 25.74, 25.58, 49.90, 48.61, 0, 0, 4.26
2019/06/07 10:49:00, 25.75, 25.76, 25.59, 50.04, 48.70, 0, 0, 4.26
2019/06/07 10:50:00, 25.75, 25.77, 25.59, 49.98, 48.71, 0, 0, 4.26
2019/06/07 10:51:00, 25.75, 25.76, 25.59, 49.98, 48.66, 0, 0, 4.26
2019/06/07 10:52:00, 25.75, 25.76, 25.57, 50.00, 48.68, 0, 0, 4.26
2019/06/07 10:53:00, 25.75, 25.77, 25.58, 50.05, 48.71, 0, 0, 4.26
2019/06/07 10:54:00, 25.75, 25.77, 25.60, 50.13, 48.81, 0, 0, 4.26
2019/06/07 10:55:00, 25.75, 25.78, 25.61, 50.06, 48.79, 0, 0, 4.26
2019/06/07 10:56:00, 25.75, 25.81, 25.61, 50.00, 48.74, 0, 0, 4.26
2019/06/07 10:57:00, 25.75, 25.78, 25.61, 50.04, 48.73, 0, 0, 4.26
2019/06/07 10:58:00, 25.75, 25.78, 25.63, 49.95, 48.67, 0, 0, 4.26
2019/06/07 10:59:00, 25.75, 25.81, 25.65, 49.90, 48.66, 0, 0, 4.26
2019/06/07 11:00:00, 25.75, 25.81, 25.61, 49.94, 48.68, 0, 0, 4.26
2019/06/07 11:01:00, 25.75, 25.80, 25.64, 49.99, 48.71, 0, 0, 4.26
2019/06/07 11:02:00, 25.75, 25.81, 25.65, 49.99, 48.68, 0, 0, 4.26
2019/06/07 11:03:00, 25.75, 25.81, 25.66, 50.10, 48.80, 0, 0, 4.26
2019/06/07 11:04:00, 25.75, 25.83, 25.67, 50.20, 48.84, 0, 0, 4.26
2019/06/07 11:05:00, 25.75, 25.83, 25.65, 50.20, 48.87, 0, 0, 4.26
2019/06/07 11:06:00, 25.75, 25.85, 25.67, 50.14, 48.85, 0, 0, 4.26
2019/06/07 11:07:00, 25.75, 25.84, 25.66, 50.25, 48.92, 0, 0, 4.26
2019/06/07 11:08:00, 25.75, 25.84, 25.67, 50.30, 48.96, 0, 0, 4.26
2019/06/07 11:09:00, 25.75, 25.84, 25.69, 50.33, 48.97, 0, 0, 4.26
2019/06/07 11:10:00, 25.75, 25.84, 25.67, 50.38, 49.02, 0, 0, 4.26
2019/06/07 11:11:00, 25.75, 25.84, 25.68, 50.31, 49.00, 0, 0, 4.26
2019/06/07 11:12:00, 25.75, 25.85, 25.67, 50.37, 49.00, 0, 0, 4.26
2019/06/07 11:13:00, 25.75, 25.87, 25.66, 50.33, 49.01, 0, 0, 4.26
2019/06/07 11:14:00, 25.75, 25.84, 25.67, 50.43, 49.06, 0, 0, 4.26
2019/06/07 11:15:00, 25.75, 25.84, 25.67, 50.48, 49.13, 0, 0, 4.26
2019/06/07 11:16:00, 25.75, 25.84, 25.67, 50.44, 49.13, 0, 0, 4.26
2019/06/07 11:17:00, 25.75, 25.85, 25.66, 50.50, 49.16, 0, 0, 4.26
2019/06/07 11:18:00, 25.75, 25.83, 25.64, 50.48, 49.14, 0, 0, 4.26
2019/06/07 11:19:00, 25.75, 25.84, 25.65, 50.48, 49.16, 0, 0, 4.26
2019/06/07 11:20:00, 25.75, 25.78, 25.64, 50.51, 49.16, 0, 0, 4.26
2019/06/07 11:21:00, 25.75, 25.83, 25.65, 50.65, 49.22, 0, 0, 4.26
2019/06/07 11:22:00, 25.75, 25.81, 25.66, 50.60, 49.28, 0, 0, 4.26
2019/06/07 11:23:00, 25.75, 25.81, 25.67, 50.60, 49.27, 0, 0, 4.26
2019/06/07 11:24:00, 25.75, 25.84, 25.66, 50.49, 49.20, 0, 0, 4.26
2019/06/07 11:25:00, 25.75, 25.83, 25.64, 50.63, 49.25, 0, 0, 4.26
2019/06/07 11:26:00, 25.75, 25.83, 25.65, 50.68, 49.29, 0, 0, 4.26
2019/06/07 11:27:00, 25.75, 25.83, 25.66, 50.69, 49.35, 0, 0, 4.26
2019/06/07 11:28:00, 25.75, 25.83, 25.65, 50.62, 49.27, 0, 0, 4.26
2019/06/07 11:29:00, 25.75, 25.84, 25.67, 50.67, 49.32, 0, 0, 4.26
2019/06/07 11:30:00, 25.75, 25.85, 25.67, 50.53, 49.28, 0, 0, 4.26
2019/06/07 11:31:00, 25.75, 25.85, 25.67, 50.61, 49.26, 0, 0, 4.26
2019/06/07 11:32:00, 25.75, 25.85, 25.68, 50.62, 49.23, 0, 0, 4.26
2019/06/07 11:33:00, 25.75, 25.84, 25.66, 50.52, 49.25, 0, 0, 4.26
2019/06/07 11:34:00, 25.75, 25.83, 25.66, 50.72, 49.32, 0, 0, 4.26
2019/06/07 11:35:00, 25.75, 25.83, 25.65, 50.66, 49.31, 0, 0, 4.26
2019/06/07 11:36:00, 25.75, 25.85, 25.65, 50.69, 49.39, 0, 0, 4.26
2019/06/07 11:37:00, 25.75, 25.85, 25.67, 50.68, 49.35, 0, 0, 4.26
2019/06/07 11:38:00, 25.75, 25.85, 25.67, 50.68, 49.34, 0, 0, 4.26
2019/06/07 11:39:00, 25.75, 25.81, 25.68, 50.65, 49.30, 0, 0, 4.26
2019/06/07 11:40:00, 25.75, 25.85, 25.67, 50.75, 49.36, 0, 0, 4.26
2019/06/07 11:41:00, 25.75, 25.83, 25.66, 50.85, 49.49, 0, 0, 4.26
2019/06/07 11:42:00, 25.75, 25.85, 25.69, 50.80, 49.44, 0, 0, 4.26
2019/06/07 11:43:00, 25.75, 25.84, 25.68, 50.84, 49.45, 0, 0, 4.26
2019/06/07 11:44:00, 25.75, 25.87, 25.66, 50.79, 49.45, 0, 0, 4.26
2019/06/07 11:45:00, 25.75, 25.87, 25.67, 50.93, 49.51, 0, 0, 4.26
2019/06/07 11:46:00, 25.75, 25.89, 25.68, 50.88, 49.58, 0, 0, 4.26
2019/06/07 11:47:00, 25.75, 25.85, 25.69, 50.81, 49.45, 0, 0, 4.26
2019/06/07 11:48:00, 25.75, 25.85, 25.69, 50.81, 49.50, 0, 0, 4.26
2019/06/07 11:49:00, 25.75, 25.85, 25.69, 50.81, 49.46, 0, 0, 4.26
2019/06/07 11:50:00, 25.75, 25.87, 25.71, 50.78, 49.49, 0, 0, 4.26
2019/06/07 11:51:00, 25.75, 25.85, 25.70, 50.79, 49.45, 0, 0, 4.26
2019/06/07 11:52:00, 25.75, 25.89, 25.71, 50.81, 49.46, 0, 0, 4.26
2019/06/07 11:53:00, 25.75, 25.89, 25.70, 50.64, 49.39, 0, 0, 4.26
2019/06/07 11:54:00, 25.75, 25.87, 25.70, 50.65, 49.35, 0, 0, 4.26
2019/06/07 11:55:00, 26.00, 25.87, 25.70, 50.70, 49.38, 0, 0, 4.26
2019/06/07 11:56:00, 25.75, 25.87, 25.71, 50.70, 49.40, 0, 0, 4.26
2019/06/07 11:57:00, 25.75, 25.88, 25.71, 50.64, 49.37, 0, 0, 4.26
2019/06/07 11:58:00, 25.75, 25.91, 25.70, 50.67, 49.33, 0, 0, 4.26
2019/06/07 11:59:00, 25.75, 25.92, 25.72, 50.71, 49.38, 0, 0, 4.26
2019/06/07 12:00:00, 25.75, 25.88, 25.72, 50.60, 49.30, 0, 0, 4.26
2019/06/07 12:01:00, 25.75, 25.92, 25.74, 50.63, 49.31, 0, 0, 4.26
2019/06/07 12:02:00, 25.75, 25.91, 25.76, 50.63, 49.32, 0, 0, 4.26
2019/06/07 12:03:00, 26.00, 25.92, 25.75, 50.58, 49.27, 0, 0, 4.26
2019/06/07 12:04:00, 26.00, 25.92, 25.74, 50.60, 49.31, 0, 0, 4.26
2019/06/07 12:05:00, 26.00, 25.92, 25.75, 50.51, 49.24, 0, 0, 4.26
2019/06/07 12:06:00, 26.00, 25.92, 25.74, 50.30, 49.13, 0, 0, 4.26
2019/06/07 12:07:00, 26.00, 25.91, 25.74, 50.39, 49.08, 0, 0, 4.26
2019/06/07 12:08:00, 26.00, 25.92, 25.73, 50.51, 49.19, 0, 0, 4.26
2019/06/07 12:09:00, 26.00, 25.92, 25.75, 50.43, 49.18, 0, 0, 4.26
2019/06/07 12:10:00, 26.00, 25.92, 25.75, 50.36, 49.12, 0, 0, 4.26
2019/06/07 12:11:00, 26.00, 25.92, 25.76, 50.25, 49.01, 0, 0, 4.26
2019/06/07 12:12:00, 26.00, 25.94, 25.74, 50.32, 49.00, 0, 0, 4.26
2019/06/07 12:13:00, 26.00, 25.94, 25.73, 50.31, 49.01, 0, 0, 4.26
2019/06/07 12:14:00, 26.00, 25.92, 25.74, 50.21, 48.98, 0, 0, 4.26
2019/06/07 12:15:00, 26.00, 25.94, 25.76, 50.26, 48.98, 0, 0, 4.26
2019/06/07 12:16:00, 26.00, 25.95, 25.74, 50.21, 48.99, 0, 0, 4.26
2019/06/07 12:17:00, 26.00, 25.92, 25.74, 50.26, 48.96, 0, 0, 4.26
2019/06/07 12:18:00, 26.00, 25.94, 25.74, 50.21, 48.96, 0, 0, 4.26
2019/06/07 12:19:00, 26.00, 25.95, 25.75, 50.09, 48.90, 0, 0, 4.26
2019/06/07 12:20:00, 26.00, 25.95, 25.76, 50.04, 48.79, 0, 0, 4.26
2019/06/07 12:21:00, 26.00, 25.94, 25.74, 50.11, 48.82, 0, 0, 4.26
2019/06/07 12:22:00, 26.00, 25.94, 25.75, 50.06, 48.87, 0, 0, 4.26
2019/06/07 12:23:00, 26.00, 25.92, 25.75, 50.06, 48.82, 0, 0, 4.26
2019/06/07 12:24:00, 26.00, 25.94, 25.76, 50.09, 48.84, 0, 0, 4.26
2019/06/07 12:25:00, 26.00, 25.92, 25.76, 50.07, 48.83, 0, 0, 4.26
2019/06/07 12:26:00, 26.00, 25.94, 25.75, 50.02, 48.77, 0, 0, 4.26
2019/06/07 12:27:00, 26.00, 25.94, 25.78, 49.90, 48.71, 0, 0, 4.26
2019/06/07 12:28:00, 26.00, 25.92, 25.75, 50.00, 48.72, 0, 0, 4.26
2019/06/07 12:29:00, 26.00, 25.97, 25.76, 50.03, 48.77, 0, 0, 4.26
2019/06/07 12:30:00, 26.00, 25.94, 25.76, 50.00, 48.76, 0, 0, 4.26
2019/06/07 12:31:00, 26.00, 25.94, 25.74, 49.93, 48.69, 0, 0, 4.26
2019/06/07 12:32:00, 26.00, 25.95, 25.76, 50.03, 48.77, 0, 0, 4.26
2019/06/07 12:33:00, 26.00, 25.94, 25.76, 49.97, 48.69, 0, 0, 4.26
2019/06/07 12:34:00, 26.00, 25.95, 25.76, 49.87, 48.67, 0, 0, 4.26
2019/06/07 12:35:00, 26.00, 25.97, 25.76, 49.86, 48.61, 0, 0, 4.26
2019/06/07 12:36:00, 26.00, 25.94, 25.74, 49.79, 48.60, 0, 0, 4.26
2019/06/07 12:37:00, 26.00, 25.95, 25.78, 49.76, 48.61, 0, 0, 4.26
2019/06/07 12:38:00, 26.00, 25.92, 25.76, 49.82, 48.59, 0, 0, 4.26
2019/06/07 12:39:00, 26.00, 25.97, 25.78, 49.86, 48.62, 0, 0, 4.26
2019/06/07 12:40:00, 26.00, 25.94, 25.76, 49.70, 48.52, 0, 0, 4.26
2019/06/07 12:41:00, 26.00, 25.95, 25.76, 49.77, 48.53, 0, 0, 4.26
2019/06/07 12:42:00, 26.00, 25.94, 25.74, 49.73, 48.48, 0, 0, 4.26
2019/06/07 12:43:00, 26.00, 25.94, 25.75, 49.82, 48.55, 0, 0, 4.26
2019/06/07 12:44:00, 26.00, 25.94, 25.75, 49.80, 48.60, 0, 0, 4.26
2019/06/07 12:45:00, 26.00, 25.94, 25.76, 49.93, 48.67, 0, 0, 4.26
2019/06/07 12:46:00, 26.00, 25.94, 25.76, 49.77, 48.61, 0, 0, 4.26
2019/06/07 12:47:00, 26.00, 25.92, 25.74, 49.92, 48.64, 0, 0, 4.26
2019/06/07 12:48:00, 26.00, 25.94, 25.75, 49.82, 48.60, 0, 0, 4.26
2019/06/07 12:49:00, 26.00, 25.97, 25.78, 49.83, 48.60, 0, 0, 4.26
2019/06/07 12:50:00, 26.00, 25.95, 25.75, 49.75, 48.55, 0, 0, 4.26
2019/06/07 12:51:00, 26.00, 25.95, 25.78, 49.79, 48.54, 0, 0, 4.26
2019/06/07 12:52:00, 26.00, 25.95, 25.78, 49.75, 48.55, 0, 0, 4.26
2019/06/07 12:53:00, 26.00, 25.95, 25.76, 49.73, 48.50, 0, 0, 4.26
2019/06/07 12:54:00, 26.00, 25.97, 25.78, 49.73, 48.51, 0, 0, 4.26
2019/06/07 12:55:00, 26.00, 25.97, 25.76, 49.69, 48.48, 0, 0, 4.26
2019/06/07 12:56:00, 26.00, 25.97, 25.76, 49.73, 48.51, 0, 0, 4.26
2019/06/07 12:57:00, 26.00, 25.97, 25.79, 49.65, 48.47, 0, 0, 4.26
2019/06/07 12:58:00, 26.00, 25.97, 25.79, 49.62, 48.43, 0, 0, 4.26
2019/06/07 12:59:00, 26.00, 25.98, 25.78, 49.54, 48.38, 0, 0, 4.26
2019/06/07 13:00:00, 26.00, 25.97, 25.79, 49.58, 48.35, 0, 0, 4.26
2019/06/07 13:01:00, 26.00, 25.99, 25.79, 49.46, 48.29, 0, 0, 4.26
2019/06/07 13:02:00, 26.00, 25.97, 25.82, 49.48, 48.28, 0, 0, 4.26
2019/06/07 13:03:00, 26.00, 25.99, 25.79, 49.38, 48.22, 0, 0, 4.26
2019/06/07 13:04:00, 26.00, 25.94, 25.80, 49.38, 48.18, 0, 0, 4.26
2019/06/07 13:05:00, 26.00, 25.98, 25.79, 49.39, 48.22, 0, 0, 4.26
2019/06/07 13:06:00, 26.00, 25.99, 25.82, 49.42, 48.23, 0, 0, 4.26
2019/06/07 13:07:00, 26.00, 25.99, 25.81, 49.41, 48.23, 0, 0, 4.26
2019/06/07 13:08:00, 26.00, 25.99, 25.81, 49.37, 48.20, 0, 0, 4.26
2019/06/07 13:09:00, 26.00, 25.98, 25.81, 49.29, 48.16, 0, 0, 4.26
2019/06/07 13:10:00, 26.00, 25.99, 25.82, 49.37, 48.16, 0, 0, 4.26
2019/06/07 13:11:00, 26.00, 25.99, 25.78, 49.30, 48.13, 0, 0, 4.26
2019/06/07 13:12:00, 26.00, 25.97, 25.79, 49.31, 48.13, 0, 0, 4.26
2019/06/07 13:13:00, 26.00, 25.97, 25.78, 49.38, 48.16, 0, 0, 4.26
2019/06/07 13:14:00, 26.00, 25.94, 25.79, 49.42, 48.23, 0, 0, 4.26
2019/06/07 13:15:00, 26.00, 25.94, 25.76, 49.56, 48.31, 0, 0, 4.26
2019/06/07 13:16:00, 26.00, 25.92, 25.73, 49.57, 48.38, 0, 0, 4.26
2019/06/07 13:17:00, 26.00, 25.88, 25.72, 49.66, 48.35, 0, 0, 4.26
2019/06/07 13:18:00, 26.00, 25.89, 25.72, 49.68, 48.48, 0, 0, 4.26
2019/06/07 13:19:00, 26.00, 25.85, 25.69, 49.69, 48.48, 0, 0, 4.26
2019/06/07 13:20:00, 26.00, 25.87, 25.68, 49.72, 48.51, 0, 0, 4.26
2019/06/07 13:21:00, 26.00, 25.84, 25.66, 49.77, 48.53, 0, 0, 4.26
2019/06/07 13:22:00, 26.00, 25.81, 25.65, 49.79, 48.56, 0, 0, 4.26
2019/06/07 13:23:00, 26.00, 25.80, 25.64, 49.83, 48.58, 0, 0, 4.26
2019/06/07 13:24:00, 26.00, 25.80, 25.63, 49.75, 48.54, 0, 0, 4.26
2019/06/07 13:25:00, 26.00, 25.83, 25.61, 49.63, 48.50, 0, 0, 4.26
2019/06/07 13:26:00, 26.00, 25.80, 25.61, 49.69, 48.45, 0, 0, 4.26
2019/06/07 13:27:00, 26.00, 25.77, 25.61, 49.73, 48.49, 0, 0, 4.26
2019/06/07 13:28:00, 26.00, 25.77, 25.59, 49.76, 48.51, 0, 0, 4.26
2019/06/07 13:29:00, 26.00, 25.77, 25.60, 49.82, 48.57, 0, 0, 4.26
2019/06/07 13:30:00, 26.00, 25.78, 25.59, 49.62, 48.45, 0, 0, 4.26
2019/06/07 13:31:00, 26.00, 25.76, 25.61, 49.57, 48.41, 0, 0, 4.26
2019/06/07 13:32:00, 26.00, 25.76, 25.58, 49.61, 48.42, 0, 0, 4.26
2019/06/07 13:33:00, 26.00, 25.73, 25.57, 49.61, 48.42, 0, 0, 4.26
2019/06/07 13:34:00, 26.00, 25.76, 25.57, 49.60, 48.36, 0, 0, 4.26
2019/06/07 13:35:00, 26.00, 25.76, 25.59, 49.52, 48.35, 0, 0, 4.26
2019/06/07 13:36:00, 26.00, 25.76, 25.58, 49.49, 48.31, 0, 0, 4.26
2019/06/07 13:37:00, 26.00, 25.76, 25.57, 49.48, 48.31, 0, 0, 4.26
2019/06/07 13:38:00, 26.00, 25.76, 25.58, 49.50, 48.30, 0, 0, 4.26
2019/06/07 13:39:00, 26.00, 25.76, 25.57, 49.48, 48.27, 0, 0, 4.26
2019/06/07 13:40:00, 26.00, 25.77, 25.57, 49.47, 48.29, 0, 0, 4.26
2019/06/07 13:41:00, 26.00, 25.77, 25.58, 49.40, 48.22, 0, 0, 4.26
2019/06/07 13:42:00, 26.00, 25.76, 25.58, 49.32, 48.13, 0, 0, 4.26
2019/06/07 13:43:00, 26.00, 25.74, 25.59, 49.32, 48.12, 0, 0, 4.26
2019/06/07 13:44:00, 26.00, 25.77, 25.58, 49.16, 48.00, 0, 0, 4.26
2019/06/07 13:45:00, 26.00, 25.78, 25.60, 49.16, 48.00, 0, 0, 4.26
2019/06/07 13:46:00, 26.00, 25.80, 25.59, 49.15, 47.97, 0, 0, 4.26
2019/06/07 13:47:00, 26.00, 25.84, 25.63, 49.01, 47.88, 0, 0, 4.26
2019/06/07 13:48:00, 26.00, 25.84, 25.67, 48.93, 47.78, 0, 0, 4.26
2019/06/07 13:49:00, 26.00, 25.85, 25.66, 48.75, 47.65, 0, 0, 4.26
2019/06/07 13:50:00, 26.00, 25.85, 25.68, 48.62, 47.55, 0, 0, 4.26
2019/06/07 13:51:00, 26.00, 25.85, 25.68, 48.56, 47.46, 0, 0, 4.26
2019/06/07 13:52:00, 26.00, 25.88, 25.69, 48.45, 47.37, 0, 0, 4.26
2019/06/07 13:53:00, 26.00, 25.87, 25.70, 48.33, 47.27, 0, 0, 4.26
2019/06/07 13:54:00, 26.00, 25.88, 25.70, 48.22, 47.14, 0, 0, 4.26
2019/06/07 13:55:00, 26.00, 25.89, 25.71, 48.13, 47.04, 0, 0, 4.26
2019/06/07 13:56:00, 26.00, 25.89, 25.73, 48.00, 46.89, 0, 0, 4.26
2019/06/07 13:57:00, 26.00, 25.91, 25.72, 47.96, 46.85, 0, 0, 4.26
2019/06/07 13:58:00, 26.00, 25.91, 25.76, 47.77, 46.80, 0, 0, 4.26
2019/06/07 13:59:00, 26.00, 25.94, 25.74, 47.74, 46.69, 0, 0, 4.26
2019/06/07 14:00:00, 26.00, 25.92, 25.76, 47.66, 46.63, 0, 0, 4.26
2019/06/07 14:01:00, 26.00, 25.94, 25.78, 47.55, 46.49, 0, 0, 4.26
2019/06/07 14:02:00, 26.00, 25.98, 25.79, 47.49, 46.44, 0, 0, 4.26
2019/06/07 14:03:00, 26.00, 25.98, 25.83, 47.26, 46.26, 0, 0, 4.26
2019/06/07 14:04:00, 26.00, 25.98, 25.82, 47.15, 46.14, 0, 0, 4.26
2019/06/07 14:05:00, 26.00, 25.98, 25.83, 47.04, 46.04, 0, 0, 4.26
2019/06/07 14:06:00, 26.00, 25.98, 25.82, 46.92, 45.97, 0, 0, 4.26
2019/06/07 14:07:00, 26.00, 25.99, 25.80, 46.82, 45.84, 0, 0, 4.26
2019/06/07 14:08:00, 26.00, 26.01, 25.81, 46.98, 45.91, 0, 0, 4.26
2019/06/07 14:09:00, 26.00, 26.05, 25.85, 46.92, 45.91, 0, 0, 4.26
2019/06/07 14:10:00, 26.00, 26.04, 25.85, 46.73, 45.73, 0, 0, 4.26
2019/06/07 14:11:00, 26.00, 26.04, 25.85, 46.64, 45.63, 0, 0, 4.26
2019/06/07 14:12:00, 26.00, 26.04, 25.85, 46.58, 45.58, 0, 0, 4.26
2019/06/07 14:13:00, 26.00, 26.05, 25.87, 46.43, 45.49, 0, 0, 4.26
2019/06/07 14:14:00, 26.00, 26.06, 25.87, 46.34, 45.36, 0, 0, 4.26
2019/06/07 14:15:00, 26.00, 26.02, 25.85, 46.37, 45.39, 0, 0, 4.26
2019/06/07 14:16:00, 26.00, 26.01, 25.87, 46.28, 45.26, 0, 0, 4.26
2019/06/07 14:17:00, 26.00, 26.02, 25.85, 46.22, 45.26, 0, 0, 4.26
2019/06/07 14:18:00, 26.00, 26.02, 25.84, 46.21, 45.23, 0, 0, 4.26
2019/06/07 14:19:00, 26.00, 26.01, 25.83, 46.16, 45.19, 0, 0, 4.26
2019/06/07 14:20:00, 26.00, 26.05, 25.86, 46.16, 45.17, 0, 0, 4.26
2019/06/07 14:21:00, 26.00, 26.01, 25.84, 46.11, 45.07, 0, 0, 4.26
2019/06/07 14:22:00, 26.00, 26.01, 25.83, 46.11, 45.10, 0, 0, 4.26
2019/06/07 14:23:00, 26.00, 26.01, 25.85, 46.13, 45.13, 0, 0, 4.26
2019/06/07 14:24:00, 26.00, 26.02, 25.85, 46.12, 45.13, 0, 0, 4.26
2019/06/07 14:25:00, 26.00, 25.99, 25.85, 46.08, 45.06, 0, 0, 4.26
2019/06/07 14:26:00, 26.00, 26.01, 25.84, 45.98, 45.00, 0, 0, 4.26
2019/06/07 14:27:00, 26.00, 26.01, 25.84, 46.02, 45.04, 0, 0, 4.26
2019/06/07 14:28:00, 26.00, 26.02, 25.86, 45.97, 45.01, 0, 0, 4.26
2019/06/07 14:29:00, 26.00, 26.04, 25.87, 45.87, 44.90, 0, 0, 4.26
2019/06/07 14:30:00, 26.00, 26.06, 25.86, 45.87, 44.88, 0, 0, 4.26
2019/06/07 14:31:00, 26.00, 26.04, 25.87, 45.80, 44.84, 0, 0, 4.26
2019/06/07 14:32:00, 26.00, 26.05, 25.84, 45.77, 44.76, 0, 0, 4.26
2019/06/07 14:33:00, 26.00, 26.01, 25.85, 45.81, 44.81, 0, 0, 4.26
2019/06/07 14:34:00, 26.00, 25.99, 25.83, 45.87, 44.82, 0, 0, 4.26
2019/06/07 14:35:00, 26.00, 25.99, 25.84, 45.86, 44.84, 0, 0, 4.26
2019/06/07 14:36:00, 26.00, 26.01, 25.83, 45.76, 44.81, 0, 0, 4.26
2019/06/07 14:37:00, 26.00, 25.99, 25.83, 45.75, 44.77, 0, 0, 4.26
2019/06/07 14:38:00, 26.00, 26.01, 25.83, 45.87, 44.82, 0, 0, 4.26
2019/06/07 14:39:00, 26.00, 26.04, 25.85, 45.85, 44.86, 0, 0, 4.26
2019/06/07 14:40:00, 26.00, 26.01, 25.86, 45.76, 44.76, 0, 0, 4.26
2019/06/07 14:41:00, 26.00, 26.01, 25.85, 45.68, 44.67, 0, 0, 4.26
2019/06/07 14:42:00, 26.00, 26.01, 25.87, 45.63, 44.65, 0, 0, 4.26
2019/06/07 14:43:00, 26.00, 26.02, 25.85, 45.65, 44.61, 0, 0, 4.26
2019/06/07 14:44:00, 26.00, 26.02, 25.85, 45.65, 44.65, 0, 0, 4.26
2019/06/07 14:45:00, 26.00, 26.04, 25.85, 45.61, 44.63, 0, 0, 4.26
2019/06/07 14:46:00, 26.00, 26.02, 25.86, 45.62, 44.61, 0, 0, 4.26
2019/06/07 14:47:00, 26.25, 26.04, 25.84, 45.63, 44.60, 0, 0, 4.26
2019/06/07 14:48:00, 26.00, 26.02, 25.85, 45.52, 44.55, 0, 0, 4.26
2019/06/07 14:49:00, 26.00, 26.02, 25.83, 45.63, 44.59, 0, 0, 4.26
2019/06/07 14:50:00, 26.00, 26.02, 25.83, 45.66, 44.64, 0, 0, 4.26
2019/06/07 14:51:00, 26.25, 26.02, 25.84, 45.60, 44.61, 0, 0, 4.26
2019/06/07 14:52:00, 26.25, 25.99, 25.82, 45.61, 44.63, 0, 0, 4.26
2019/06/07 14:53:00, 26.25, 25.99, 25.81, 45.65, 44.64, 0, 0, 4.26
2019/06/07 14:54:00, 26.25, 25.98, 25.80, 45.66, 44.65, 0, 0, 4.26
2019/06/07 14:55:00, 26.00, 25.99, 25.79, 45.69, 44.69, 0, 0, 4.26
2019/06/07 14:56:00, 26.00, 25.98, 25.80, 45.69, 44.65, 0, 0, 4.26
2019/06/07 14:57:00, 26.25, 25.98, 25.80, 45.70, 44.68, 0, 0, 4.26
2019/06/07 14:58:00, 26.25, 25.98, 25.78, 45.58, 44.65, 0, 0, 4.26
2019/06/07 14:59:00, 26.25, 25.95, 25.78, 45.54, 44.58, 0, 0, 4.26
2019/06/07 15:00:00, 26.00, 25.95, 25.75, 45.65, 44.62, 0, 0, 4.26
2019/06/07 15:01:00, 26.00, 25.94, 25.75, 45.73, 44.72, 0, 0, 4.26
2019/06/07 15:02:00, 26.00, 25.92, 25.78, 45.70, 44.69, 0, 0, 4.26
2019/06/07 15:03:00, 26.00, 25.94, 25.75, 45.68, 44.69, 0, 0, 4.26
2019/06/07 15:04:00, 26.00, 25.91, 25.74, 45.73, 44.72, 0, 0, 4.26
2019/06/07 15:05:00, 26.00, 25.89, 25.71, 45.91, 44.85, 0, 0, 4.26
2019/06/07 15:06:00, 26.00, 25.91, 25.76, 45.96, 44.97, 0, 0, 4.26
2019/06/07 15:07:00, 26.00, 25.92, 25.75, 46.00, 44.96, 0, 0, 4.26
2019/06/07 15:08:00, 26.00, 25.92, 25.75, 46.13, 45.04, 0, 0, 4.26
2019/06/07 15:09:00, 26.00, 25.94, 25.75, 46.25, 45.20, 0, 0, 4.26
2019/06/07 15:10:00, 26.00, 25.92, 25.76, 46.55, 45.42, 0, 0, 4.26
2019/06/07 15:11:00, 26.00, 25.98, 25.80, 46.61, 45.59, 0, 0, 4.26
2019/06/07 15:12:00, 26.00, 25.99, 25.82, 46.70, 45.61, 0, 0, 4.26
2019/06/07 15:13:00, 26.00, 25.99, 25.83, 46.72, 45.68, 0, 0, 4.26
2019/06/07 15:14:00, 26.25, 25.98, 25.83, 46.85, 45.81, 0, 0, 4.26
2019/06/07 15:15:00, 26.00, 25.98, 25.81, 46.95, 45.84, 0, 0, 4.26
2019/06/07 15:16:00, 26.25, 25.97, 25.76, 47.06, 45.94, 0, 0, 4.26
2019/06/07 15:17:00, 26.25, 25.94, 25.76, 47.13, 46.04, 0, 0, 4.26
2019/06/07 15:18:00, 26.00, 25.92, 25.73, 47.27, 46.13, 0, 0, 4.26
2019/06/07 15:19:00, 26.25, 25.91, 25.74, 47.32, 46.23, 0, 0, 4.26
2019/06/07 15:20:00, 26.25, 25.91, 25.74, 47.47, 46.36, 0, 0, 4.26
2019/06/07 15:21:00, 26.25, 25.89, 25.74, 47.52, 46.41, 0, 0, 4.26
2019/06/07 15:22:00, 26.00, 25.94, 25.76, 47.59, 46.46, 0, 0, 4.26
2019/06/07 15:23:00, 26.25, 25.94, 25.74, 47.43, 46.36, 0, 0, 4.26
2019/06/07 15:24:00, 26.00, 25.92, 25.74, 47.45, 46.33, 0, 0, 4.26
2019/06/07 15:25:00, 26.00, 25.92, 25.76, 47.54, 46.48, 0, 0, 4.26
2019/06/07 15:26:00, 26.25, 25.94, 25.76, 47.45, 46.42, 0, 0, 4.26
2019/06/07 15:27:00, 26.00, 25.94, 25.76, 47.51, 46.43, 0, 0, 4.26
2019/06/07 15:28:00, 26.25, 25.92, 25.74, 47.62, 46.45, 0, 0, 4.26
2019/06/07 15:29:00, 26.00, 25.91, 25.73, 47.62, 46.52, 0, 0, 4.26
2019/06/07 15:30:00, 26.00, 25.91, 25.74, 47.76, 46.60, 0, 0, 4.26
2019/06/07 15:31:00, 26.00, 25.91, 25.74, 47.70, 46.63, 0, 0, 4.26
2019/06/07 15:32:00, 26.00, 25.92, 25.73, 47.65, 46.57, 0, 0, 4.26
2019/06/07 15:33:00, 26.00, 25.88, 25.70, 47.73, 46.65, 0, 0, 4.26
2019/06/07 15:34:00, 26.00, 25.89, 25.72, 47.80, 46.66, 0, 0, 4.26
2019/06/07 15:35:00, 26.00, 25.88, 25.73, 47.77, 46.68, 0, 0, 4.26
2019/06/07 15:36:00, 26.00, 25.94, 25.75, 47.83, 46.73, 0, 0, 4.26
2019/06/07 15:37:00, 26.00, 25.92, 25.75, 47.66, 46.62, 0, 0, 4.26
2019/06/07 15:38:00, 26.25, 25.91, 25.76, 47.70, 46.59, 0, 0, 4.26
2019/06/07 15:39:00, 26.00, 25.95, 25.74, 47.79, 46.64, 0, 0, 4.26
2019/06/07 15:40:00, 26.00, 25.94, 25.75, 47.86, 46.75, 0, 0, 4.26
2019/06/07 15:41:00, 26.25, 25.95, 25.78, 47.87, 46.78, 0, 0, 4.26
2019/06/07 15:42:00, 26.00, 25.94, 25.78, 47.81, 46.72, 0, 0, 4.26
2019/06/07 15:43:00, 26.00, 25.94, 25.76, 47.91, 46.79, 0, 0, 4.26
2019/06/07 15:44:00, 26.00, 25.97, 25.80, 48.00, 46.79, 0, 0, 4.26
2019/06/07 15:45:00, 26.25, 26.01, 25.82, 47.86, 46.78, 0, 0, 4.26
2019/06/07 15:46:00, 26.25, 26.01, 25.82, 47.75, 46.71, 0, 0, 4.26
2019/06/07 15:47:00, 26.00, 26.01, 25.80, 47.77, 46.65, 0, 0, 4.26
2019/06/07 15:48:00, 26.25, 25.97, 25.79, 47.87, 46.73, 0, 0, 4.26
2019/06/07 15:49:00, 26.25, 25.97, 25.80, 47.84, 46.79, 0, 0, 4.26
2019/06/07 15:50:00, 26.25, 25.97, 25.79, 47.86, 46.76, 0, 0, 4.26
2019/06/07 15:51:00, 26.25, 25.98, 25.79, 47.87, 46.78, 0, 0, 4.26
2019/06/07 15:52:00, 26.25, 25.98, 25.81, 47.88, 46.77, 0, 0, 4.26
2019/06/07 15:53:00, 26.25, 25.98, 25.81, 47.86, 46.75, 0, 0, 4.26
2019/06/07 15:54:00, 26.25, 26.01, 25.81, 47.78, 46.72, 0, 0, 4.26
2019/06/07 15:55:00, 26.25, 26.02, 25.83, 47.82, 46.71, 0, 0, 4.26
2019/06/07 15:56:00, 26.25, 26.02, 25.83, 47.74, 46.67, 0, 0, 4.26
2019/06/07 15:57:00, 26.25, 26.01, 25.83, 47.79, 46.70, 0, 0, 4.26
2019/06/07 15:58:00, 26.25, 25.99, 25.81, 47.79, 46.72, 0, 0, 4.26
2019/06/07 15:59:00, 26.25, 25.99, 25.80, 47.81, 46.71, 0, 0, 4.26
2019/06/07 16:00:00, 26.25, 26.01, 25.83, 47.83, 46.74, 0, 0, 4.26
2019/06/07 16:01:00, 26.25, 26.01, 25.83, 47.80, 46.74, 0, 0, 4.26
2019/06/07 16:02:00, 26.25, 26.01, 25.83, 47.85, 46.74, 0, 0, 4.26
2019/06/07 16:03:00, 26.25, 26.01, 25.85, 47.86, 46.81, 0, 0, 4.26
2019/06/07 16:04:00, 26.25, 26.04, 25.84, 47.79, 46.74, 0, 0, 4.26
2019/06/07 16:05:00, 26.25, 26.01, 25.83, 47.88, 46.79, 0, 0, 4.26
2019/06/07 16:06:00, 26.25, 26.02, 25.84, 47.85, 46.77, 0, 0, 4.26
2019/06/07 16:07:00, 26.25, 25.99, 25.85, 48.00, 46.85, 0, 0, 4.26
2019/06/07 16:08:00, 26.25, 26.01, 25.83, 47.89, 46.82, 0, 0, 4.26
2019/06/07 16:09:00, 26.25, 26.02, 25.84, 47.97, 46.83, 0, 0, 4.26
2019/06/07 16:10:00, 26.25, 26.02, 25.84, 47.92, 46.81, 0, 0, 4.26
2019/06/07 16:11:00, 26.25, 26.02, 25.83, 47.95, 46.83, 0, 0, 4.26
2019/06/07 16:12:00, 26.25, 26.01, 25.84, 47.91, 46.81, 0, 0, 4.26
2019/06/07 16:13:00, 26.25, 26.01, 25.83, 47.95, 46.84, 0, 0, 4.26
2019/06/07 16:14:00, 26.25, 26.02, 25.83, 47.97, 46.86, 0, 0, 4.26
2019/06/07 16:15:00, 26.25, 26.01, 25.82, 47.94, 46.84, 0, 0, 4.26
2019/06/07 16:16:00, 26.25, 26.01, 25.84, 47.85, 46.78, 0, 0, 4.26
2019/06/07 16:17:00, 26.25, 26.01, 25.83, 47.84, 46.78, 0, 0, 4.26
2019/06/07 16:18:00, 26.25, 26.05, 25.83, 47.82, 46.74, 0, 0, 4.26
2019/06/07 16:19:00, 26.25, 26.01, 25.81, 47.80, 46.71, 0, 0, 4.26
2019/06/07 16:20:00, 26.25, 26.04, 25.85, 47.79, 46.74, 0, 0, 4.26
2019/06/07 16:21:00, 26.25, 26.02, 25.84, 47.86, 46.76, 0, 0, 4.26
2019/06/07 16:22:00, 26.25, 26.02, 25.84, 47.81, 46.75, 0, 0, 4.26
2019/06/07 16:23:00, 26.25, 26.05, 25.84, 47.87, 46.77, 0, 0, 4.26
2019/06/07 16:24:00, 26.25, 26.05, 25.83, 47.82, 46.74, 0, 0, 4.26
2019/06/07 16:25:00, 26.25, 26.06, 25.85, 47.91, 46.81, 0, 0, 4.26
2019/06/07 16:26:00, 26.25, 26.05, 25.86, 47.78, 46.74, 0, 0, 4.26
2019/06/07 16:27:00, 26.25, 26.06, 25.86, 47.82, 46.73, 0, 0, 4.26
2019/06/07 16:28:00, 26.25, 26.05, 25.89, 47.82, 46.72, 0, 0, 4.26
2019/06/07 16:29:00, 26.25, 26.05, 25.91, 47.80, 46.69, 0, 0, 4.26
2019/06/07 16:30:00, 26.25, 26.08, 25.91, 47.73, 46.68, 0, 0, 4.26
2019/06/07 16:31:00, 26.25, 26.09, 25.91, 47.76, 46.67, 0, 0, 4.26
2019/06/07 16:32:00, 26.25, 26.11, 25.94, 47.74, 46.68, 0, 0, 4.26
2019/06/07 16:33:00, 26.25, 26.12, 25.91, 47.76, 46.68, 0, 0, 4.26
2019/06/07 16:34:00, 26.25, 26.12, 25.91, 47.71, 46.64, 0, 0, 4.26
2019/06/07 16:35:00, 26.25, 26.12, 25.94, 47.71, 46.61, 0, 0, 4.26
2019/06/07 16:36:00, 26.25, 26.14, 25.94, 47.75, 46.65, 0, 0, 4.26
2019/06/07 16:37:00, 26.25, 26.14, 25.95, 47.73, 46.66, 0, 0, 4.26
2019/06/07 16:38:00, 26.25, 26.15, 25.94, 47.70, 46.63, 0, 0, 4.26
2019/06/07 16:39:00, 26.25, 26.11, 25.94, 47.76, 46.67, 0, 0, 4.26
2019/06/07 16:40:00, 26.25, 26.14, 25.94, 47.82, 46.69, 0, 0, 4.26
2019/06/07 16:41:00, 26.25, 26.14, 25.96, 47.77, 46.68, 0, 0, 4.26
2019/06/07 16:42:00, 26.25, 26.14, 25.95, 47.76, 46.68, 0, 0, 4.26
2019/06/07 16:43:00, 26.25, 26.12, 25.96, 47.71, 46.61, 0, 0, 4.26
2019/06/07 16:44:00, 26.25, 26.15, 25.97, 47.77, 46.68, 0, 0, 4.26
2019/06/07 16:45:00, 26.25, 26.15, 25.97, 47.85, 46.74, 0, 0, 4.26
2019/06/07 16:46:00, 26.25, 26.14, 25.98, 47.81, 46.78, 0, 0, 4.26
2019/06/07 16:47:00, 26.25, 26.14, 25.96, 47.72, 46.69, 0, 0, 4.26
2019/06/07 16:48:00, 26.25, 26.15, 25.95, 47.73, 46.69, 0, 0, 4.26
2019/06/07 16:49:00, 26.25, 26.16, 25.96, 47.78, 46.74, 0, 0, 4.26
2019/06/07 16:50:00, 26.25, 26.16, 25.96, 47.80, 46.71, 0, 0, 4.26
2019/06/07 16:51:00, 26.25, 26.16, 25.97, 47.75, 46.68, 0, 0, 4.26
2019/06/07 16:52:00, 26.25, 26.12, 25.94, 47.70, 46.61, 0, 0, 4.26
2019/06/07 16:53:00, 26.25, 26.15, 25.94, 47.83, 46.71, 0, 0, 4.26
2019/06/07 16:54:00, 26.25, 26.12, 25.96, 47.82, 46.72, 0, 0, 4.26
2019/06/07 16:55:00, 26.25, 26.16, 25.97, 47.76, 46.68, 0, 0, 4.26
2019/06/07 16:56:00, 26.25, 26.15, 25.97, 47.69, 46.66, 0, 0, 4.26
2019/06/07 16:57:00, 26.25, 26.15, 25.97, 47.71, 46.61, 0, 0, 4.26
2019/06/07 16:58:00, 26.25, 26.16, 25.99, 47.66, 46.58, 0, 0, 4.26
2019/06/07 16:59:00, 26.25, 26.19, 25.96, 47.62, 46.56, 0, 0, 4.26
2019/06/07 17:00:00, 26.25, 26.18, 26.00, 47.62, 46.56, 0, 0, 4.26
2019/06/07 17:01:00, 26.25, 26.21, 26.00, 47.62, 46.55, 0, 0, 4.26
2019/06/07 17:02:00, 26.25, 26.19, 26.00, 47.60, 46.51, 0, 0, 4.26
2019/06/07 17:03:00, 26.25, 26.19, 26.01, 47.49, 46.47, 0, 0, 4.26
2019/06/07 17:04:00, 26.25, 26.21, 26.00, 47.56, 46.48, 0, 0, 4.26
2019/06/07 17:05:00, 26.25, 26.19, 26.00, 47.63, 46.52, 0, 0, 4.26
2019/06/07 17:06:00, 26.25, 26.21, 26.01, 47.64, 46.55, 0, 0, 4.26
2019/06/07 17:07:00, 26.25, 26.19, 26.01, 47.71, 46.58, 0, 0, 4.26
2019/06/07 17:08:00, 26.25, 26.22, 26.00, 47.63, 46.58, 0, 0, 4.26
2019/06/07 17:09:00, 26.25, 26.19, 26.02, 47.67, 46.61, 0, 0, 4.26
2019/06/07 17:10:00, 26.25, 26.21, 26.02, 47.69, 46.61, 0, 0, 4.26
2019/06/07 17:11:00, 26.25, 26.21, 26.04, 47.73, 46.65, 0, 0, 4.26
2019/06/07 17:12:00, 26.25, 26.22, 26.01, 47.68, 46.60, 0, 0, 4.26
2019/06/07 17:13:00, 26.25, 26.21, 26.02, 47.69, 46.61, 0, 0, 4.26
2019/06/07 17:14:00, 26.25, 26.19, 26.02, 47.74, 46.65, 0, 0, 4.26
2019/06/07 17:15:00, 26.25, 26.21, 26.02, 47.76, 46.68, 0, 0, 4.26
2019/06/07 17:16:00, 26.25, 26.19, 26.01, 47.77, 46.70, 0, 0, 4.26
2019/06/07 17:17:00, 26.25, 26.16, 25.99, 47.77, 46.68, 0, 0, 4.26
2019/06/07 17:18:00, 26.25, 26.18, 26.00, 47.73, 46.65, 0, 0, 4.26
2019/06/07 17:19:00, 26.25, 26.18, 25.99, 47.78, 46.68, 0, 0, 4.26
2019/06/07 17:20:00, 26.25, 26.16, 25.97, 47.73, 46.64, 0, 0, 4.26
2019/06/07 17:21:00, 26.25, 26.16, 26.01, 47.76, 46.65, 0, 0, 4.26
2019/06/07 17:22:00, 26.25, 26.16, 26.01, 47.69, 46.63, 0, 0, 4.26
2019/06/07 17:23:00, 26.25, 26.18, 25.99, 47.68, 46.63, 0, 0, 4.26
2019/06/07 17:24:00, 26.25, 26.16, 25.98, 47.66, 46.61, 0, 0, 4.26
2019/06/07 17:25:00, 26.25, 26.14, 25.97, 47.70, 46.65, 0, 0, 4.26
2019/06/07 17:26:00, 26.25, 26.14, 25.94, 47.76, 46.65, 0, 0, 4.26
2019/06/07 17:27:00, 26.25, 26.15, 25.97, 47.84, 46.71, 0, 0, 4.26
2019/06/07 17:28:00, 26.25, 26.11, 25.94, 47.82, 46.72, 0, 0, 4.26
2019/06/07 17:29:00, 26.25, 26.15, 25.94, 47.79, 46.70, 0, 0, 4.26
2019/06/07 17:30:00, 26.25, 26.14, 25.95, 47.81, 46.73, 0, 0, 4.26
2019/06/07 17:31:00, 26.25, 26.11, 25.91, 47.79, 46.71, 0, 0, 4.26
2019/06/07 17:32:00, 26.25, 26.11, 25.93, 47.82, 46.74, 0, 0, 4.26
2019/06/07 17:33:00, 26.25, 26.12, 25.93, 47.92, 46.78, 0, 0, 4.26
2019/06/07 17:34:00, 26.25, 26.12, 25.94, 47.85, 46.78, 0, 0, 4.26
2019/06/07 17:35:00, 26.25, 26.11, 25.91, 47.83, 46.74, 0, 0, 4.26
2019/06/07 17:36:00, 26.25, 26.11, 25.94, 47.82, 46.74, 0, 0, 4.26
2019/06/07 17:37:00, 26.25, 26.11, 25.93, 47.84, 46.74, 0, 0, 4.26
2019/06/07 17:38:00, 26.25, 26.08, 25.94, 47.82, 46.74, 0, 0, 4.26
2019/06/07 17:39:00, 26.25, 26.11, 25.91, 47.82, 46.76, 0, 0, 4.26
2019/06/07 17:40:00, 26.25, 26.11, 25.91, 47.82, 46.68, 0, 0, 4.26
2019/06/07 17:41:00, 26.25, 26.09, 25.91, 47.75, 46.67, 0, 0, 4.26
2019/06/07 17:42:00, 26.25, 26.12, 25.94, 47.72, 46.68, 0, 0, 4.26
2019/06/07 17:43:00, 26.25, 26.08, 25.90, 47.73, 46.61, 0, 0, 4.26
2019/06/07 17:44:00, 26.25, 26.11, 25.91, 47.75, 46.72, 0, 0, 4.26
2019/06/07 17:45:00, 26.25, 26.08, 25.91, 47.90, 46.76, 0, 0, 4.26
2019/06/07 17:46:00, 26.25, 26.09, 25.90, 48.01, 46.85, 0, 0, 4.26
2019/06/07 17:47:00, 26.25, 26.08, 25.90, 47.90, 46.80, 0, 0, 4.26
2019/06/07 17:48:00, 26.25, 26.11, 25.91, 47.83, 46.74, 0, 0, 4.26
2019/06/07 17:49:00, 26.25, 26.12, 25.94, 47.78, 46.69, 0, 0, 4.26
2019/06/07 17:50:00, 26.25, 26.15, 25.94, 47.79, 46.70, 0, 0, 4.26
2019/06/07 17:51:00, 26.25, 26.12, 25.91, 47.72, 46.68, 0, 0, 4.26
2019/06/07 17:52:00, 26.25, 26.14, 25.94, 47.71, 46.65, 0, 0, 4.26
2019/06/07 17:53:00, 26.25, 26.14, 25.95, 47.72, 46.65, 0, 0, 4.26
2019/06/07 17:54:00, 26.25, 26.12, 25.96, 47.71, 46.64, 0, 0, 4.26
2019/06/07 17:55:00, 26.25, 26.14, 25.95, 47.67, 46.65, 0, 0, 4.26
2019/06/07 17:56:00, 26.25, 26.15, 25.97, 47.70, 46.61, 0, 0, 4.26
2019/06/07 17:57:00, 26.25, 26.15, 25.95, 47.65, 46.61, 0, 0, 4.26
2019/06/07 17:58:00, 26.25, 26.14, 25.97, 47.65, 46.60, 0, 0, 4.26
2019/06/07 17:59:00, 26.25, 26.11, 25.97, 47.65, 46.58, 0, 0, 4.26
2019/06/07 18:00:00, 26.25, 26.16, 25.94, 47.61, 46.58, 0, 0, 4.26
2019/06/07 18:01:00, 26.25, 26.15, 25.95, 47.59, 46.55, 0, 0, 4.26
2019/06/07 18:02:00, 26.25, 26.15, 25.94, 47.61, 46.57, 0, 0, 4.26
2019/06/07 18:03:00, 26.25, 26.15, 25.95, 47.60, 46.55, 0, 0, 4.26
2019/06/07 18:04:00, 26.25, 26.14, 25.95, 47.67, 46.57, 0, 0, 4.26
2019/06/07 18:05:00, 26.25, 26.16, 25.96, 47.60, 46.58, 0, 0, 4.26
2019/06/07 18:06:00, 26.25, 26.15, 25.96, 47.58, 46.55, 0, 0, 4.26
2019/06/07 18:07:00, 26.25, 26.14, 25.97, 47.64, 46.55, 0, 0, 4.26
2019/06/07 18:08:00, 26.25, 26.16, 25.97, 47.64, 46.60, 0, 0, 4.26
2019/06/07 18:09:00, 26.25, 26.16, 25.98, 47.68, 46.60, 0, 0, 4.26
2019/06/07 18:10:00, 26.25, 26.18, 25.97, 47.65, 46.58, 0, 0, 4.26
2019/06/07 18:11:00, 26.25, 26.19, 25.99, 47.66, 46.61, 0, 0, 4.26
2019/06/07 18:12:00, 26.25, 26.16, 25.99, 47.66, 46.59, 0, 0, 4.26
2019/06/07 18:13:00, 26.25, 26.16, 25.98, 47.62, 46.58, 0, 0, 4.26
2019/06/07 18:14:00, 26.25, 26.16, 25.99, 47.68, 46.60, 0, 0, 4.26
2019/06/07 18:15:00, 26.25, 26.16, 25.98, 47.66, 46.61, 0, 0, 4.26
2019/06/07 18:16:00, 26.25, 26.19, 26.00, 47.69, 46.60, 0, 0, 4.26
2019/06/07 18:17:00, 26.25, 26.18, 26.01, 47.69, 46.63, 0, 0, 4.26
2019/06/07 18:18:00, 26.25, 26.19, 26.00, 47.62, 46.58, 0, 0, 4.26
2019/06/07 18:19:00, 26.25, 26.19, 26.00, 47.63, 46.58, 0, 0, 4.26
2019/06/07 18:20:00, 26.50, 26.19, 25.99, 47.64, 46.56, 0, 0, 4.26
2019/06/07 18:21:00, 26.25, 26.18, 26.00, 47.58, 46.55, 0, 0, 4.26
2019/06/07 18:22:00, 26.50, 26.19, 25.99, 47.53, 46.52, 0, 0, 4.26
2019/06/07 18:23:00, 26.25, 26.16, 25.99, 47.57, 46.49, 0, 0, 4.26
2019/06/07 18:24:00, 26.50, 26.16, 26.00, 47.47, 46.46, 0, 0, 4.26
2019/06/07 18:25:00, 26.25, 26.16, 25.98, 47.54, 46.44, 0, 0, 4.26
2019/06/07 18:26:00, 26.50, 26.16, 25.98, 47.52, 46.47, 0, 0, 4.26
2019/06/07 18:27:00, 26.50, 26.16, 25.99, 47.55, 46.47, 0, 0, 4.26
2019/06/07 18:28:00, 26.50, 26.18, 25.98, 47.60, 46.49, 0, 0, 4.26
2019/06/07 18:29:00, 26.50, 26.18, 26.00, 47.49, 46.48, 0, 0, 4.26
2019/06/07 18:30:00, 26.50, 26.18, 26.00, 47.49, 46.43, 0, 0, 4.26
2019/06/07 18:31:00, 26.50, 26.19, 25.99, 47.57, 46.45, 0, 0, 4.26
2019/06/07 18:32:00, 26.50, 26.18, 26.01, 47.50, 46.42, 0, 0, 4.26
2019/06/07 18:33:00, 26.50, 26.18, 25.98, 47.47, 46.37, 0, 0, 4.26
2019/06/07 18:34:00, 26.50, 26.19, 26.01, 47.45, 46.41, 0, 0, 4.26
2019/06/07 18:35:00, 26.50, 26.19, 25.99, 47.42, 46.40, 0, 0, 4.26
2019/06/07 18:36:00, 26.50, 26.18, 26.00, 47.42, 46.38, 0, 0, 4.26
2019/06/07 18:37:00, 26.50, 26.19, 26.00, 47.42, 46.34, 0, 0, 4.26
2019/06/07 18:38:00, 26.50, 26.19, 26.00, 47.40, 46.36, 0, 0, 4.26
2019/06/07 18:39:00, 26.50, 26.18, 26.01, 47.37, 46.33, 0, 0, 4.26
2019/06/07 18:40:00, 26.50, 26.19, 26.00, 47.36, 46.29, 0, 0, 4.26
2019/06/07 18:41:00, 26.50, 26.21, 25.99, 47.34, 46.31, 0, 0, 4.26
2019/06/07 18:42:00, 26.50, 26.19, 26.00, 47.36, 46.31, 0, 0, 4.26
2019/06/07 18:43:00, 26.50, 26.22, 26.02, 47.25, 46.25, 0, 0, 4.26
2019/06/07 18:44:00, 26.50, 26.21, 26.02, 47.29, 46.26, 0, 0, 4.26
2019/06/07 18:45:00, 26.50, 26.21, 26.01, 47.33, 46.25, 0, 0, 4.26
2019/06/07 18:46:00, 26.50, 26.21, 26.02, 47.28, 46.26, 0, 0, 4.26
2019/06/07 18:47:00, 26.50, 26.19, 26.01, 47.28, 46.23, 0, 0, 4.26
2019/06/07 18:48:00, 26.50, 26.22, 26.01, 47.26, 46.22, 0, 0, 4.26
2019/06/07 18:49:00, 26.50, 26.21, 26.00, 47.27, 46.23, 0, 0, 4.26
2019/06/07 18:50:00, 26.50, 26.19, 25.99, 47.31, 46.24, 0, 0, 4.26
2019/06/07 18:51:00, 26.50, 26.21, 26.00, 47.31, 46.26, 0, 0, 4.26
2019/06/07 18:52:00, 26.50, 26.21, 26.01, 47.30, 46.26, 0, 0, 4.26
2019/06/07 18:53:00, 26.50, 26.18, 26.01, 47.26, 46.23, 0, 0, 4.26
2019/06/07 18:54:00, 26.50, 26.21, 26.01, 47.29, 46.23, 0, 0, 4.26
2019/06/07 18:55:00, 26.50, 26.22, 26.01, 47.35, 46.26, 0, 0, 4.26
2019/06/07 18:56:00, 26.50, 26.22, 26.01, 47.23, 46.19, 0, 0, 4.26
2019/06/07 18:57:00, 26.50, 26.19, 26.01, 47.17, 46.16, 0, 0, 4.26
2019/06/07 18:58:00, 26.50, 26.21, 26.03, 47.23, 46.16, 0, 0, 4.26
2019/06/07 18:59:00, 26.50, 26.21, 26.00, 47.20, 46.16, 0, 0, 4.26
2019/06/07 19:00:00, 26.50, 26.18, 26.01, 47.22, 46.15, 0, 0, 4.26
2019/06/07 19:01:00, 26.50, 26.15, 25.98, 47.28, 46.18, 0, 0, 4.26
2019/06/07 19:02:00, 26.50, 26.18, 25.98, 47.30, 46.25, 0, 0, 4.26
2019/06/07 19:03:00, 26.50, 26.18, 25.98, 47.26, 46.21, 0, 0, 4.26
2019/06/07 19:04:00, 26.50, 26.18, 25.98, 47.29, 46.26, 0, 0, 4.26
2019/06/07 19:05:00, 26.50, 26.16, 25.96, 47.34, 46.26, 0, 0, 4.26
2019/06/07 19:06:00, 26.50, 26.18, 25.98, 47.27, 46.23, 0, 0, 4.26
2019/06/07 19:07:00, 26.50, 26.16, 25.97, 47.30, 46.26, 0, 0, 4.26
2019/06/07 19:08:00, 26.50, 26.19, 25.97, 47.29, 46.23, 0, 0, 4.26
2019/06/07 19:09:00, 26.50, 26.18, 25.98, 47.27, 46.25, 0, 0, 4.26
2019/06/07 19:10:00, 26.50, 26.16, 25.98, 47.37, 46.24, 0, 0, 4.26
2019/06/07 19:11:00, 26.50, 26.16, 26.00, 47.25, 46.23, 0, 0, 4.26
2019/06/07 19:12:00, 26.50, 26.18, 25.99, 47.25, 46.21, 0, 0, 4.26
2019/06/07 19:13:00, 26.50, 26.21, 25.98, 47.26, 46.23, 0, 0, 4.26
2019/06/07 19:14:00, 26.50, 26.16, 25.97, 47.22, 46.20, 0, 0, 4.26
2019/06/07 19:15:00, 26.50, 26.16, 25.96, 47.27, 46.21, 0, 0, 4.26
2019/06/07 19:16:00, 26.50, 26.16, 25.96, 47.22, 46.21, 0, 0, 4.26
2019/06/07 19:17:00, 26.50, 26.16, 25.98, 47.21, 46.18, 0, 0, 4.26
2019/06/07 19:18:00, 26.50, 26.15, 25.97, 47.23, 46.20, 0, 0, 4.26
2019/06/07 19:19:00, 26.50, 26.16, 25.97, 47.26, 46.21, 0, 0, 4.26
2019/06/07 19:20:00, 26.50, 26.16, 25.96, 47.16, 46.16, 0, 0, 4.26
2019/06/07 19:21:00, 26.50, 26.15, 25.96, 47.13, 46.14, 0, 0, 4.26
2019/06/07 19:22:00, 26.50, 26.14, 25.97, 47.19, 46.14, 0, 0, 4.26
2019/06/07 19:23:00, 26.50, 26.14, 25.95, 47.17, 46.15, 0, 0, 4.26
2019/06/07 19:24:00, 26.50, 26.15, 25.96, 47.19, 46.14, 0, 0, 4.26
2019/06/07 19:25:00, 26.50, 26.15, 25.96, 47.22, 46.16, 0, 0, 4.26
2019/06/07 19:26:00, 26.50, 26.18, 25.97, 47.13, 46.13, 0, 0, 4.26
2019/06/07 19:27:00, 26.50, 26.18, 25.98, 47.08, 46.07, 0, 0, 4.26
2019/06/07 19:28:00, 26.50, 26.16, 25.98, 47.11, 46.06, 0, 0, 4.26
2019/06/07 19:29:00, 26.50, 26.16, 25.97, 47.06, 46.04, 0, 0, 4.26
2019/06/07 19:30:00, 26.50, 26.15, 25.99, 46.99, 46.00, 0, 0, 4.26
2019/06/07 19:31:00, 26.50, 26.15, 25.98, 47.06, 46.02, 0, 0, 4.26
2019/06/07 19:32:00, 26.50, 26.15, 25.97, 47.10, 46.04, 0, 0, 4.26
2019/06/07 19:33:00, 26.50, 26.15, 25.95, 47.06, 46.05, 0, 0, 4.26
2019/06/07 19:34:00, 26.50, 26.15, 25.95, 47.11, 46.06, 0, 0, 4.26
2019/06/07 19:35:00, 26.50, 26.16, 25.96, 47.06, 46.04, 0, 0, 4.26
2019/06/07 19:36:00, 26.50, 26.15, 25.96, 47.07, 46.01, 0, 0, 4.26
2019/06/07 19:37:00, 26.50, 26.15, 25.95, 47.06, 46.03, 0, 0, 4.26
2019/06/07 19:38:00, 26.50, 26.15, 25.97, 47.07, 46.03, 0, 0, 4.26
2019/06/07 19:39:00, 26.50, 26.14, 25.96, 47.05, 46.01, 0, 0, 4.26
2019/06/07 19:40:00, 26.50, 26.14, 25.97, 47.08, 46.06, 0, 0, 4.26
2019/06/07 19:41:00, 26.50, 26.15, 25.94, 47.05, 46.03, 0, 0, 4.26
2019/06/07 19:42:00, 26.50, 26.14, 25.96, 47.07, 46.03, 0, 0, 4.26
2019/06/07 19:43:00, 26.50, 26.16, 25.95, 47.11, 46.06, 0, 0, 4.26
2019/06/07 19:44:00, 26.50, 26.15, 25.95, 47.06, 46.03, 0, 0, 4.26
2019/06/07 19:45:00, 26.50, 26.15, 25.95, 47.13, 46.08, 0, 0, 4.26
2019/06/07 19:46:00, 26.50, 26.12, 25.96, 47.11, 46.10, 0, 0, 4.26
2019/06/07 19:47:00, 26.50, 26.14, 25.95, 47.12, 46.10, 0, 0, 4.26
2019/06/07 19:48:00, 26.50, 26.14, 25.94, 47.04, 46.07, 0, 0, 4.26
2019/06/07 19:49:00, 26.50, 26.14, 25.95, 47.10, 46.05, 0, 0, 4.26
2019/06/07 19:50:00, 26.50, 26.14, 25.95, 47.10, 46.07, 0, 0, 4.26
2019/06/07 19:51:00, 26.50, 26.14, 25.94, 47.08, 46.07, 0, 0, 4.26
2019/06/07 19:52:00, 26.50, 26.15, 25.93, 47.12, 46.07, 0, 0, 4.26
2019/06/07 19:53:00, 26.50, 26.12, 25.94, 47.12, 46.10, 0, 0, 4.26
2019/06/07 19:54:00, 26.50, 26.09, 25.94, 47.10, 46.08, 0, 0, 4.26
2019/06/07 19:55:00, 26.50, 26.11, 25.91, 47.14, 46.10, 0, 0, 4.26
2019/06/07 19:56:00, 26.50, 26.12, 25.93, 47.24, 46.19, 0, 0, 4.26
2019/06/07 19:57:00, 26.50, 26.14, 25.93, 47.24, 46.19, 0, 0, 4.26
2019/06/07 19:58:00, 26.50, 26.12, 25.91, 47.19, 46.16, 0, 0, 4.26
2019/06/07 19:59:00, 26.50, 26.12, 25.95, 47.18, 46.16, 0, 0, 4.26
2019/06/07 20:00:00, 26.50, 26.11, 25.91, 47.19, 46.15, 0, 0, 4.26
2019/06/07 20:01:00, 26.50, 26.12, 25.94, 47.20, 46.15, 0, 0, 4.26
2019/06/07 20:02:00, 26.50, 26.11, 25.94, 47.18, 46.15, 0, 0, 4.26
2019/06/07 20:03:00, 26.50, 26.11, 25.94, 47.18, 46.15, 0, 0, 4.26
2019/06/07 20:04:00, 26.50, 26.11, 25.96, 47.18, 46.14, 0, 0, 4.26
2019/06/07 20:05:00, 26.50, 26.11, 25.93, 47.19, 46.15, 0, 0, 4.26
2019/06/07 20:06:00, 26.50, 26.12, 25.93, 47.14, 46.10, 0, 0, 4.26
2019/06/07 20:07:00, 26.50, 26.06, 25.91, 47.18, 46.12, 0, 0, 4.26
2019/06/07 20:08:00, 26.50, 26.11, 25.90, 47.17, 46.15, 0, 0, 4.26
2019/06/07 20:09:00, 26.50, 26.08, 25.86, 47.24, 46.19, 0, 0, 4.26
2019/06/07 20:10:00, 26.50, 26.06, 25.84, 47.26, 46.20, 0, 0, 4.26
2019/06/07 20:11:00, 26.50, 26.04, 25.85, 47.26, 46.23, 0, 0, 4.26
2019/06/07 20:12:00, 26.50, 26.05, 25.85, 47.37, 46.27, 0, 0, 4.26
2019/06/07 20:13:00, 26.50, 26.02, 25.84, 47.35, 46.28, 0, 0, 4.26
2019/06/07 20:14:00, 26.50, 26.02, 25.80, 47.38, 46.33, 0, 0, 4.26
2019/06/07 20:15:00, 26.50, 25.98, 25.79, 47.37, 46.34, 0, 0, 4.26
2019/06/07 20:16:00, 26.50, 25.95, 25.78, 47.48, 46.39, 0, 0, 4.26
2019/06/07 20:17:00, 26.50, 25.97, 25.76, 47.46, 46.40, 0, 0, 4.26
2019/06/07 20:18:00, 26.50, 25.95, 25.76, 47.50, 46.45, 0, 0, 4.26
2019/06/07 20:19:00, 26.50, 25.95, 25.74, 47.54, 46.47, 0, 0, 4.26
2019/06/07 20:20:00, 26.25, 25.92, 25.72, 47.60, 46.53, 0, 0, 4.26
2019/06/07 20:21:00, 26.25, 25.89, 25.71, 47.62, 46.55, 0, 0, 4.26
2019/06/07 20:22:00, 26.25, 25.89, 25.71, 47.59, 46.55, 0, 0, 4.26
2019/06/07 20:23:00, 26.25, 25.88, 25.71, 47.64, 46.59, 0, 0, 4.26
2019/06/07 20:24:00, 26.25, 25.87, 25.69, 47.69, 46.61, 0, 0, 4.26
2019/06/07 20:25:00, 26.25, 25.87, 25.69, 47.71, 46.67, 0, 0, 4.26
2019/06/07 20:26:00, 26.25, 25.89, 25.68, 47.75, 46.67, 0, 0, 4.26
2019/06/07 20:27:00, 26.25, 25.88, 25.68, 47.76, 46.70, 0, 0, 4.26
2019/06/07 20:28:00, 26.25, 25.87, 25.67, 47.78, 46.68, 0, 0, 4.26
2019/06/07 20:29:00, 26.25, 25.87, 25.67, 47.79, 46.71, 0, 0, 4.26
2019/06/07 20:30:00, 26.25, 25.87, 25.65, 47.79, 46.74, 0, 0, 4.26
2019/06/07 20:31:00, 26.25, 25.83, 25.61, 47.81, 46.80, 0, 0, 4.26
2019/06/07 20:32:00, 26.25, 25.85, 25.64, 47.83, 46.78, 0, 0, 4.26
2019/06/07 20:33:00, 26.25, 25.83, 25.61, 47.85, 46.79, 0, 0, 4.26
2019/06/07 20:34:00, 26.25, 25.81, 25.63, 47.86, 46.78, 0, 0, 4.26
2019/06/07 20:35:00, 26.25, 25.83, 25.61, 47.93, 46.85, 0, 0, 4.26
2019/06/07 20:36:00, 26.25, 25.81, 25.61, 47.93, 46.84, 0, 0, 4.26
2019/06/07 20:37:00, 26.25, 25.80, 25.61, 47.95, 46.87, 0, 0, 4.26
2019/06/07 20:38:00, 26.25, 25.83, 25.64, 47.86, 46.85, 0, 0, 4.26
2019/06/07 20:39:00, 26.25, 25.81, 25.60, 47.87, 46.85, 0, 0, 4.26
2019/06/07 20:40:00, 26.25, 25.77, 25.59, 47.92, 46.87, 0, 0, 4.26
2019/06/07 20:41:00, 26.25, 25.78, 25.59, 47.96, 46.91, 0, 0, 4.26
2019/06/07 20:42:00, 26.25, 25.78, 25.58, 47.94, 46.90, 0, 0, 4.26
2019/06/07 20:43:00, 26.25, 25.80, 25.58, 48.03, 46.94, 0, 0, 4.26
2019/06/07 20:44:00, 26.25, 25.77, 25.56, 48.01, 46.96, 0, 0, 4.26
2019/06/07 20:45:00, 26.25, 25.78, 25.57, 48.06, 46.97, 0, 0, 4.26
2019/06/07 20:46:00, 26.25, 25.73, 25.56, 48.03, 47.01, 0, 0, 4.26
2019/06/07 20:47:00, 26.25, 25.76, 25.54, 48.10, 47.03, 0, 0, 4.26
2019/06/07 20:48:00, 26.25, 25.76, 25.53, 48.14, 47.07, 0, 0, 4.26
2019/06/07 20:49:00, 26.25, 25.73, 25.54, 48.16, 47.08, 0, 0, 4.26
2019/06/07 20:50:00, 26.25, 25.74, 25.54, 48.18, 47.11, 0, 0, 4.26
2019/06/07 20:51:00, 26.25, 25.71, 25.55, 48.14, 47.10, 0, 0, 4.26
2019/06/07 20:52:00, 26.25, 25.73, 25.53, 48.18, 47.13, 0, 0, 4.26
2019/06/07 20:53:00, 26.25, 25.71, 25.52, 48.23, 47.15, 0, 0, 4.26
2019/06/07 20:54:00, 26.25, 25.70, 25.51, 48.22, 47.15, 0, 0, 4.26
2019/06/07 20:55:00, 26.25, 25.70, 25.51, 48.22, 47.14, 0, 0, 4.26
2019/06/07 20:56:00, 26.25, 25.70, 25.50, 48.27, 47.17, 0, 0, 4.26
2019/06/07 20:57:00, 26.25, 25.73, 25.52, 48.28, 47.21, 0, 0, 4.26
2019/06/07 20:58:00, 26.25, 25.71, 25.53, 48.27, 47.21, 0, 0, 4.26
2019/06/07 20:59:00, 26.25, 25.69, 25.50, 48.31, 47.22, 0, 0, 4.26
2019/06/07 21:00:00, 26.25, 25.70, 25.49, 48.31, 47.23, 0, 0, 4.26
2019/06/07 21:01:00, 26.25, 25.69, 25.49, 48.34, 47.27, 0, 0, 4.26
2019/06/07 21:02:00, 26.25, 25.67, 25.48, 48.36, 47.27, 0, 0, 4.26
2019/06/07 21:03:00, 26.25, 25.69, 25.50, 48.32, 47.29, 0, 0, 4.26
2019/06/07 21:04:00, 26.25, 25.69, 25.48, 48.38, 47.29, 0, 0, 4.26
2019/06/07 21:05:00, 26.25, 25.64, 25.46, 48.36, 47.32, 0, 0, 4.26
2019/06/07 21:06:00, 26.25, 25.66, 25.46, 48.45, 47.33, 0, 0, 4.26
2019/06/07 21:07:00, 26.25, 25.67, 25.43, 48.48, 47.35, 0, 0, 4.26
2019/06/07 21:08:00, 26.25, 25.64, 25.45, 48.43, 47.37, 0, 0, 4.26
2019/06/07 21:09:00, 26.25, 25.64, 25.46, 48.46, 47.35, 0, 0, 4.26
2019/06/07 21:10:00, 26.25, 25.64, 25.46, 48.43, 47.37, 0, 0, 4.26
2019/06/07 21:11:00, 26.00, 25.63, 25.44, 48.41, 47.33, 0, 0, 4.26
2019/06/07 21:12:00, 26.00, 25.64, 25.43, 48.47, 47.36, 0, 0, 4.26
2019/06/07 21:13:00, 26.00, 25.63, 25.44, 48.47, 47.39, 0, 0, 4.26
2019/06/07 21:14:00, 26.00, 25.61, 25.43, 48.49, 47.41, 0, 0, 4.26
2019/06/07 21:15:00, 26.00, 25.63, 25.41, 48.51, 47.42, 0, 0, 4.26
2019/06/07 21:16:00, 26.00, 25.60, 25.41, 48.54, 47.44, 0, 0, 4.26
2019/06/07 21:17:00, 26.00, 25.61, 25.41, 48.52, 47.43, 0, 0, 4.26
2019/06/07 21:18:00, 26.00, 25.61, 25.41, 48.55, 47.45, 0, 0, 4.26
2019/06/07 21:19:00, 26.00, 25.60, 25.41, 48.55, 47.45, 0, 0, 4.26
2019/06/07 21:20:00, 26.00, 25.60, 25.40, 48.54, 47.45, 0, 0, 4.26
2019/06/07 21:21:00, 26.00, 25.61, 25.41, 48.51, 47.46, 0, 0, 4.26
2019/06/07 21:22:00, 26.00, 25.63, 25.41, 48.58, 47.50, 0, 0, 4.26
2019/06/07 21:23:00, 26.00, 25.59, 25.39, 48.58, 47.51, 0, 0, 4.26
2019/06/07 21:24:00, 26.00, 25.60, 25.39, 48.62, 47.52, 0, 0, 4.26
2019/06/07 21:25:00, 26.00, 25.59, 25.39, 48.64, 47.55, 0, 0, 4.26
2019/06/07 21:26:00, 26.00, 25.59, 25.38, 48.64, 47.55, 0, 0, 4.26
2019/06/07 21:27:00, 26.00, 25.57, 25.37, 48.64, 47.56, 0, 0, 4.26
2019/06/07 21:28:00, 26.00, 25.55, 25.37, 48.69, 47.58, 0, 0, 4.26
2019/06/07 21:29:00, 26.00, 25.56, 25.34, 48.70, 47.63, 0, 0, 4.26
2019/06/07 21:30:00, 26.00, 25.56, 25.36, 48.71, 47.59, 0, 0, 4.26
2019/06/07 21:31:00, 26.00, 25.55, 25.36, 48.69, 47.61, 0, 0, 4.26
2019/06/07 21:32:00, 26.00, 25.53, 25.35, 48.70, 47.59, 0, 0, 4.26
2019/06/07 21:33:00, 26.00, 25.51, 25.36, 48.74, 47.60, 0, 0, 4.26
2019/06/07 21:34:00, 26.00, 25.55, 25.37, 48.72, 47.63, 0, 0, 4.26
2019/06/07 21:35:00, 26.00, 25.53, 25.34, 48.76, 47.60, 0, 0, 4.26
2019/06/07 21:36:00, 26.00, 25.55, 25.32, 48.74, 47.66, 0, 0, 4.26
2019/06/07 21:37:00, 26.00, 25.51, 25.34, 48.79, 47.68, 0, 0, 4.26
2019/06/07 21:38:00, 26.00, 25.51, 25.35, 48.79, 47.68, 0, 0, 4.26
2019/06/07 21:39:00, 26.00, 25.55, 25.32, 48.76, 47.69, 0, 0, 4.26
2019/06/07 21:40:00, 26.00, 25.50, 25.31, 48.77, 47.68, 0, 0, 4.26
2019/06/07 21:41:00, 26.00, 25.49, 25.31, 48.80, 47.71, 0, 0, 4.26
2019/06/07 21:42:00, 26.00, 25.50, 25.31, 48.82, 47.73, 0, 0, 4.26
2019/06/07 21:43:00, 26.00, 25.49, 25.31, 48.85, 47.71, 0, 0, 4.26
2019/06/07 21:44:00, 26.00, 25.51, 25.29, 48.82, 47.73, 0, 0, 4.26
2019/06/07 21:45:00, 26.00, 25.51, 25.30, 48.85, 47.77, 0, 0, 4.26
2019/06/07 21:46:00, 26.00, 25.51, 25.31, 48.89, 47.76, 0, 0, 4.26
2019/06/07 21:47:00, 26.00, 25.47, 25.30, 48.80, 47.70, 0, 0, 4.26
2019/06/07 21:48:00, 26.00, 25.49, 25.29, 48.80, 47.71, 0, 0, 4.26
2019/06/07 21:49:00, 26.00, 25.47, 25.28, 48.86, 47.77, 0, 0, 4.26
2019/06/07 21:50:00, 26.00, 25.49, 25.30, 48.86, 47.73, 0, 0, 4.26
2019/06/07 21:51:00, 26.00, 25.49, 25.29, 48.88, 47.74, 0, 0, 4.26
2019/06/07 21:52:00, 26.00, 25.47, 25.28, 48.85, 47.74, 0, 0, 4.26
2019/06/07 21:53:00, 26.00, 25.44, 25.29, 48.87, 47.75, 0, 0, 4.26
2019/06/07 21:54:00, 26.00, 25.47, 25.27, 48.87, 47.76, 0, 0, 4.26
2019/06/07 21:55:00, 26.00, 25.49, 25.26, 48.87, 47.77, 0, 0, 4.26
2019/06/07 21:56:00, 26.00, 25.46, 25.26, 48.86, 47.78, 0, 0, 4.26
2019/06/07 21:57:00, 26.00, 25.47, 25.25, 48.93, 47.80, 0, 0, 4.26
2019/06/07 21:58:00, 26.00, 25.43, 25.26, 48.97, 47.81, 0, 0, 4.26
2019/06/07 21:59:00, 26.00, 25.44, 25.25, 48.98, 47.86, 0, 0, 4.26
2019/06/07 22:00:00, 26.00, 25.46, 25.26, 48.99, 47.86, 0, 0, 4.26
2019/06/07 22:01:00, 26.00, 25.43, 25.26, 48.94, 47.86, 0, 0, 4.26
2019/06/07 22:02:00, 26.00, 25.44, 25.25, 48.96, 47.87, 0, 0, 4.26
2019/06/07 22:03:00, 26.00, 25.43, 25.24, 48.98, 47.85, 0, 0, 4.26
2019/06/07 22:04:00, 26.00, 25.42, 25.24, 49.05, 47.90, 0, 0, 4.26
2019/06/07 22:05:00, 26.00, 25.40, 25.22, 49.01, 47.90, 0, 0, 4.26
2019/06/07 22:06:00, 26.00, 25.42, 25.22, 49.05, 47.93, 0, 0, 4.26
2019/06/07 22:07:00, 26.00, 25.42, 25.22, 49.09, 47.96, 0, 0, 4.26
2019/06/07 22:08:00, 26.00, 25.42, 25.23, 49.07, 47.97, 0, 0, 4.26
2019/06/07 22:09:00, 26.00, 25.40, 25.22, 49.06, 47.97, 0, 0, 4.26
2019/06/07 22:10:00, 26.00, 25.40, 25.22, 49.05, 47.98, 0, 0, 4.26
2019/06/07 22:11:00, 26.00, 25.39, 25.19, 49.07, 47.98, 0, 0, 4.26
2019/06/07 22:12:00, 25.75, 25.40, 25.21, 49.08, 47.98, 0, 0, 4.26
2019/06/07 22:13:00, 25.75, 25.42, 25.21, 49.10, 47.98, 0, 0, 4.26
2019/06/07 22:14:00, 25.75, 25.39, 25.22, 49.09, 47.97, 0, 0, 4.26
2019/06/07 22:15:00, 25.75, 25.39, 25.19, 49.11, 47.99, 0, 0, 4.26
2019/06/07 22:16:00, 25.75, 25.42, 25.22, 49.12, 47.98, 0, 0, 4.26
2019/06/07 22:17:00, 25.75, 25.39, 25.21, 49.07, 47.97, 0, 0, 4.26
2019/06/07 22:18:00, 25.75, 25.42, 25.20, 49.11, 48.00, 0, 0, 4.26
2019/06/07 22:19:00, 25.75, 25.37, 25.21, 49.00, 47.94, 0, 0, 4.26
2019/06/07 22:20:00, 25.75, 25.39, 25.20, 49.06, 47.95, 0, 0, 4.26
2019/06/07 22:21:00, 25.75, 25.39, 25.21, 49.08, 47.95, 0, 0, 4.26
2019/06/07 22:22:00, 25.75, 25.39, 25.20, 49.14, 48.00, 0, 0, 4.26
2019/06/07 22:23:00, 25.75, 25.36, 25.19, 49.11, 47.97, 0, 0, 4.26
2019/06/07 22:24:00, 25.75, 25.39, 25.17, 49.08, 47.98, 0, 0, 4.26
2019/06/07 22:25:00, 25.75, 25.37, 25.17, 49.10, 48.00, 0, 0, 4.26
2019/06/07 22:26:00, 25.75, 25.36, 25.15, 49.15, 48.01, 0, 0, 4.26
2019/06/07 22:27:00, 25.75, 25.37, 25.15, 49.17, 48.05, 0, 0, 4.26
2019/06/07 22:28:00, 25.75, 25.36, 25.16, 49.18, 48.05, 0, 0, 4.26
2019/06/07 22:29:00, 25.75, 25.36, 25.15, 49.14, 48.06, 0, 0, 4.26
2019/06/07 22:30:00, 25.75, 25.36, 25.14, 49.14, 48.06, 0, 0, 4.26
2019/06/07 22:31:00, 25.75, 25.36, 25.14, 49.17, 48.06, 0, 0, 4.26
2019/06/07 22:32:00, 25.75, 25.34, 25.13, 49.17, 48.09, 0, 0, 4.26
2019/06/07 22:33:00, 25.75, 25.32, 25.14, 49.22, 48.07, 0, 0, 4.26
2019/06/07 22:34:00, 25.75, 25.33, 25.12, 49.22, 48.12, 0, 0, 4.26
2019/06/07 22:35:00, 25.75, 25.32, 25.13, 49.20, 48.13, 0, 0, 4.26
2019/06/07 22:36:00, 25.75, 25.30, 25.12, 49.23, 48.10, 0, 0, 4.26
2019/06/07 22:37:00, 25.75, 25.32, 25.12, 49.23, 48.13, 0, 0, 4.26
2019/06/07 22:38:00, 25.75, 25.33, 25.12, 49.24, 48.14, 0, 0, 4.26
2019/06/07 22:39:00, 25.75, 25.30, 25.12, 49.22, 48.12, 0, 0, 4.26
2019/06/07 22:40:00, 25.75, 25.30, 25.11, 49.27, 48.14, 0, 0, 4.26
2019/06/07 22:41:00, 25.75, 25.30, 25.11, 49.25, 48.14, 0, 0, 4.26
2019/06/07 22:42:00, 25.75, 25.32, 25.10, 49.26, 48.13, 0, 0, 4.26
2019/06/07 22:43:00, 25.75, 25.28, 25.11, 49.28, 48.14, 0, 0, 4.26
2019/06/07 22:44:00, 25.75, 25.29, 25.10, 49.23, 48.16, 0, 0, 4.26
2019/06/07 22:45:00, 25.75, 25.30, 25.09, 49.31, 48.16, 0, 0, 4.26
2019/06/07 22:46:00, 25.75, 25.29, 25.11, 49.34, 48.19, 0, 0, 4.26
2019/06/07 22:47:00, 25.75, 25.32, 25.11, 49.34, 48.23, 0, 0, 4.26
2019/06/07 22:48:00, 25.75, 25.28, 25.09, 49.24, 48.16, 0, 0, 4.26
2019/06/07 22:49:00, 25.75, 25.28, 25.08, 49.29, 48.19, 0, 0, 4.26
2019/06/07 22:50:00, 25.75, 25.28, 25.06, 49.31, 48.19, 0, 0, 4.26
2019/06/07 22:51:00, 25.75, 25.26, 25.06, 49.28, 48.19, 0, 0, 4.26
2019/06/07 22:52:00, 25.75, 25.26, 25.08, 49.34, 48.22, 0, 0, 4.26
2019/06/07 22:53:00, 25.75, 25.28, 25.06, 49.36, 48.26, 0, 0, 4.26
2019/06/07 22:54:00, 25.75, 25.28, 25.08, 49.36, 48.26, 0, 0, 4.26
2019/06/07 22:55:00, 25.75, 25.25, 25.05, 49.35, 48.22, 0, 0, 4.26
2019/06/07 22:56:00, 25.75, 25.26, 25.05, 49.39, 48.26, 0, 0, 4.26
2019/06/07 22:57:00, 25.75, 25.29, 25.07, 49.42, 48.29, 0, 0, 4.26
2019/06/07 22:58:00, 25.75, 25.25, 25.05, 49.39, 48.28, 0, 0, 4.26
2019/06/07 22:59:00, 25.75, 25.26, 25.05, 49.37, 48.24, 0, 0, 4.26
2019/06/07 23:00:00, 25.75, 25.26, 25.06, 49.42, 48.30, 0, 0, 4.26
2019/06/07 23:01:00, 25.75, 25.25, 25.05, 49.39, 48.28, 0, 0, 4.26
2019/06/07 23:02:00, 25.75, 25.25, 25.04, 49.35, 48.29, 0, 0, 4.26
2019/06/07 23:03:00, 25.75, 25.23, 25.05, 49.42, 48.27, 0, 0, 4.26
2019/06/07 23:04:00, 25.75, 25.26, 25.04, 49.42, 48.28, 0, 0, 4.26
2019/06/07 23:05:00, 25.75, 25.22, 25.04, 49.45, 48.32, 0, 0, 4.26
2019/06/07 23:06:00, 25.75, 25.23, 25.04, 49.42, 48.35, 0, 0, 4.26
2019/06/07 23:07:00, 25.75, 25.22, 25.04, 49.45, 48.29, 0, 0, 4.26
2019/06/07 23:08:00, 25.75, 25.21, 25.02, 49.40, 48.32, 0, 0, 4.26
2019/06/07 23:09:00, 25.75, 25.21, 25.04, 49.44, 48.32, 0, 0, 4.26
2019/06/07 23:10:00, 25.75, 25.21, 25.02, 49.44, 48.31, 0, 0, 4.26
2019/06/07 23:11:00, 25.75, 25.22, 25.01, 49.49, 48.33, 0, 0, 4.26
2019/06/07 23:12:00, 25.75, 25.21, 24.99, 49.43, 48.34, 0, 0, 4.26
2019/06/07 23:13:00, 25.75, 25.22, 25.01, 49.44, 48.35, 0, 0, 4.26
2019/06/07 23:14:00, 25.75, 25.19, 25.00, 49.43, 48.30, 0, 0, 4.26
2019/06/07 23:15:00, 25.75, 25.19, 25.00, 49.46, 48.32, 0, 0, 4.26
2019/06/07 23:16:00, 25.75, 25.21, 25.02, 49.46, 48.36, 0, 0, 4.26
2019/06/07 23:17:00, 25.75, 25.21, 25.00, 49.49, 48.35, 0, 0, 4.26
2019/06/07 23:18:00, 25.75, 25.22, 24.98, 49.45, 48.35, 0, 0, 4.26
2019/06/07 23:19:00, 25.75, 25.19, 25.01, 49.47, 48.33, 0, 0, 4.26
2019/06/07 23:20:00, 25.75, 25.18, 25.00, 49.44, 48.35, 0, 0, 4.26
2019/06/07 23:21:00, 25.75, 25.21, 24.98, 49.47, 48.31, 0, 0, 4.26
2019/06/07 23:22:00, 25.75, 25.21, 24.98, 49.45, 48.34, 0, 0, 4.26
2019/06/07 23:23:00, 25.75, 25.18, 25.00, 49.46, 48.36, 0, 0, 4.26
2019/06/07 23:24:00, 25.75, 25.18, 24.98, 49.47, 48.33, 0, 0, 4.26
2019/06/07 23:25:00, 25.75, 25.18, 24.98, 49.52, 48.41, 0, 0, 4.26
2019/06/07 23:26:00, 25.75, 25.21, 24.95, 49.44, 48.37, 0, 0, 4.26
2019/06/07 23:27:00, 25.50, 25.19, 24.99, 49.52, 48.40, 0, 0, 4.26
2019/06/07 23:28:00, 25.50, 25.16, 24.97, 49.44, 48.34, 0, 0, 4.26
2019/06/07 23:29:00, 25.75, 25.18, 24.97, 49.44, 48.38, 0, 0, 4.26
2019/06/07 23:30:00, 25.50, 25.18, 24.97, 49.51, 48.38, 0, 0, 4.26
2019/06/07 23:31:00, 25.50, 25.18, 24.96, 49.44, 48.35, 0, 0, 4.26
2019/06/07 23:32:00, 25.50, 25.18, 24.97, 49.44, 48.35, 0, 0, 4.26
2019/06/07 23:33:00, 25.50, 25.16, 24.97, 49.43, 48.34, 0, 0, 4.26
2019/06/07 23:34:00, 25.50, 25.18, 24.95, 49.43, 48.35, 0, 0, 4.26
2019/06/07 23:35:00, 25.50, 25.15, 24.96, 49.45, 48.37, 0, 0, 4.26
2019/06/07 23:36:00, 25.50, 25.15, 24.96, 49.52, 48.38, 0, 0, 4.26
2019/06/07 23:37:00, 25.50, 25.15, 24.95, 49.49, 48.37, 0, 0, 4.26
2019/06/07 23:38:00, 25.50, 25.15, 24.95, 49.48, 48.38, 0, 0, 4.26
2019/06/07 23:39:00, 25.50, 25.15, 24.93, 49.54, 48.44, 0, 0, 4.26
2019/06/07 23:40:00, 25.50, 25.14, 24.95, 49.53, 48.39, 0, 0, 4.26
2019/06/07 23:41:00, 25.50, 25.14, 24.94, 49.53, 48.42, 0, 0, 4.26
2019/06/07 23:42:00, 25.50, 25.15, 24.93, 49.50, 48.38, 0, 0, 4.26
2019/06/07 23:43:00, 25.50, 25.12, 24.92, 49.52, 48.41, 0, 0, 4.26
2019/06/07 23:44:00, 25.50, 25.15, 24.94, 49.52, 48.38, 0, 0, 4.26
2019/06/07 23:45:00, 25.50, 25.14, 24.92, 49.60, 48.46, 0, 0, 4.26
2019/06/07 23:46:00, 25.50, 25.14, 24.92, 49.55, 48.45, 0, 0, 4.26
2019/06/07 23:47:00, 25.50, 25.14, 24.92, 49.53, 48.45, 0, 0, 4.26
