Data logger for tempereture and humidity.
Code, design, and soldering by Antti Mikkonen, a.mikkonen@iki.fi, 2019.
Based on open source projects and libraries. See source for details.
/home/ami/src/arduino/promini/logger_v8_ada/logger_v8_ada.ino
UTC time (year/month/date hour:minute:second), T RTC (C), T sht31 (C), T si7021 (C), RH sht31 (-), RH si7021 (-), heaterOn sht31 (bool),  heaterOn si7021 (bool), battery voltage (V)
2019/04/23 00:08:00, 23.50, 23.42, 23.24, 24.07, 22.06, 0, 0, 4.52
2019/04/23 00:09:00, 23.50, 23.43, 23.24, 24.14, 22.05, 0, 0, 4.52
2019/04/23 00:10:00, 23.50, 23.43, 23.24, 24.09, 22.06, 0, 0, 4.52
2019/04/23 00:11:00, 23.50, 23.43, 23.24, 24.14, 22.06, 0, 0, 4.52
2019/04/23 00:12:00, 23.50, 23.43, 23.24, 24.11, 22.06, 0, 0, 4.52
2019/04/23 00:13:00, 23.50, 23.43, 23.23, 24.05, 22.03, 0, 0, 4.52
2019/04/23 00:14:00, 23.50, 23.40, 23.22, 24.15, 22.05, 0, 0, 4.52
2019/04/23 00:15:00, 23.50, 23.43, 23.21, 24.19, 22.11, 0, 0, 4.52
2019/04/23 00:16:00, 23.50, 23.37, 23.22, 24.21, 22.10, 0, 0, 4.52
2019/04/23 00:17:00, 23.50, 23.39, 23.22, 24.19, 22.12, 0, 0, 4.52
2019/04/23 00:18:00, 23.50, 23.40, 23.22, 24.15, 22.10, 0, 0, 4.52
2019/04/23 00:19:00, 23.50, 23.44, 23.22, 24.17, 22.12, 0, 0, 4.52
2019/04/23 00:20:00, 23.50, 23.42, 23.23, 24.17, 22.11, 0, 0, 4.52
2019/04/23 00:21:00, 23.50, 23.43, 23.23, 24.11, 22.10, 0, 0, 4.52
2019/04/23 00:22:00, 23.50, 23.39, 23.22, 24.15, 22.09, 0, 0, 4.52
2019/04/23 00:23:00, 23.50, 23.40, 23.22, 24.15, 22.11, 0, 0, 4.52
2019/04/23 00:24:00, 23.50, 23.42, 23.22, 24.19, 22.12, 0, 0, 4.52
2019/04/23 00:25:00, 23.50, 23.43, 23.22, 24.17, 22.11, 0, 0, 4.52
2019/04/23 00:26:00, 23.50, 23.39, 23.21, 24.15, 22.13, 0, 0, 4.52
2019/04/23 00:27:00, 23.50, 23.40, 23.21, 24.17, 22.12, 0, 0, 4.52
2019/04/23 00:28:00, 23.50, 23.40, 23.22, 24.19, 22.12, 0, 0, 4.52
2019/04/23 00:29:00, 23.50, 23.37, 23.23, 24.17, 22.13, 0, 0, 4.52
2019/04/23 00:30:00, 23.50, 23.42, 23.23, 24.19, 22.11, 0, 0, 4.52
2019/04/23 00:31:00, 23.50, 23.43, 23.22, 24.17, 22.13, 0, 0, 4.52
2019/04/23 00:32:00, 23.50, 23.40, 23.22, 24.18, 22.12, 0, 0, 4.52
2019/04/23 00:33:00, 23.50, 23.40, 23.21, 24.18, 22.13, 0, 0, 4.52
2019/04/23 00:34:00, 23.50, 23.39, 23.21, 24.23, 22.16, 0, 0, 4.52
2019/04/23 00:35:00, 23.50, 23.37, 23.22, 24.21, 22.15, 0, 0, 4.52
2019/04/23 00:36:00, 23.50, 23.39, 23.20, 24.23, 22.16, 0, 0, 4.52
2019/04/23 00:37:00, 23.50, 23.40, 23.20, 24.19, 22.18, 0, 0, 4.52
2019/04/23 00:38:00, 23.50, 23.40, 23.19, 24.25, 22.19, 0, 0, 4.52
2019/04/23 00:39:00, 23.50, 23.39, 23.20, 24.25, 22.20, 0, 0, 4.52
2019/04/23 00:40:00, 23.50, 23.37, 23.20, 24.24, 22.19, 0, 0, 4.52
2019/04/23 00:41:00, 23.50, 23.39, 23.19, 24.25, 22.20, 0, 0, 4.52
2019/04/23 00:42:00, 23.50, 23.37, 23.21, 24.27, 22.23, 0, 0, 4.52
2019/04/23 00:43:00, 23.50, 23.37, 23.19, 24.27, 22.21, 0, 0, 4.52
2019/04/23 00:44:00, 23.50, 23.39, 23.18, 24.28, 22.22, 0, 0, 4.52
2019/04/23 00:45:00, 23.50, 23.37, 23.19, 24.25, 22.22, 0, 0, 4.52
2019/04/23 00:46:00, 23.50, 23.39, 23.21, 24.27, 22.24, 0, 0, 4.52
2019/04/23 00:47:00, 23.50, 23.39, 23.18, 24.25, 22.22, 0, 0, 4.52
2019/04/23 00:48:00, 23.50, 23.40, 23.19, 24.22, 22.22, 0, 0, 4.52
2019/04/23 00:49:00, 23.50, 23.37, 23.19, 24.27, 22.22, 0, 0, 4.52
2019/04/23 00:50:00, 23.50, 23.37, 23.18, 24.23, 22.21, 0, 0, 4.52
2019/04/23 00:51:00, 23.50, 23.39, 23.19, 24.31, 22.25, 0, 0, 4.52
2019/04/23 00:52:00, 23.50, 23.39, 23.18, 24.33, 22.28, 0, 0, 4.52
2019/04/23 00:53:00, 23.50, 23.37, 23.18, 24.29, 22.26, 0, 0, 4.51
2019/04/23 00:54:00, 23.50, 23.37, 23.19, 24.28, 22.25, 0, 0, 4.51
2019/04/23 00:55:00, 23.50, 23.39, 23.21, 24.25, 22.25, 0, 0, 4.52
2019/04/23 00:56:00, 23.50, 23.40, 23.19, 24.28, 22.24, 0, 0, 4.52
2019/04/23 00:57:00, 23.50, 23.39, 23.20, 24.27, 22.21, 0, 0, 4.52
2019/04/23 00:58:00, 23.50, 23.39, 23.20, 24.22, 22.22, 0, 0, 4.52
2019/04/23 00:59:00, 23.50, 23.37, 23.18, 24.27, 22.26, 0, 0, 4.51
2019/04/23 01:00:00, 23.50, 23.37, 23.18, 24.28, 22.25, 0, 0, 4.52
2019/04/23 01:01:00, 23.50, 23.39, 23.20, 24.27, 22.25, 0, 0, 4.52
2019/04/23 01:02:00, 23.50, 23.36, 23.19, 24.33, 22.24, 0, 0, 4.52
2019/04/23 01:03:00, 23.50, 23.40, 23.20, 24.31, 22.23, 0, 0, 4.51
2019/04/23 01:04:00, 23.50, 23.40, 23.19, 24.22, 22.25, 0, 0, 4.52
2019/04/23 01:05:00, 23.50, 23.40, 23.20, 24.25, 22.24, 0, 0, 4.51
2019/04/23 01:06:00, 23.50, 23.39, 23.22, 24.30, 22.22, 0, 0, 4.52
2019/04/23 01:07:00, 23.50, 23.40, 23.23, 24.25, 22.21, 0, 0, 4.52
2019/04/23 01:08:00, 23.50, 23.40, 23.22, 24.24, 22.22, 0, 0, 4.52
2019/04/23 01:09:00, 23.50, 23.39, 23.21, 24.21, 22.22, 0, 0, 4.52
2019/04/23 01:10:00, 23.50, 23.39, 23.20, 24.35, 22.23, 0, 0, 4.51
2019/04/23 01:11:00, 23.50, 23.39, 23.20, 24.28, 22.25, 0, 0, 4.52
2019/04/23 01:12:00, 23.50, 23.37, 23.21, 24.34, 22.25, 0, 0, 4.51
2019/04/23 01:13:00, 23.50, 23.40, 23.22, 24.30, 22.28, 0, 0, 4.52
2019/04/23 01:14:00, 23.50, 23.39, 23.22, 24.31, 22.22, 0, 0, 4.52
2019/04/23 01:15:00, 23.50, 23.40, 23.20, 24.33, 22.27, 0, 0, 4.52
2019/04/23 01:16:00, 23.50, 23.39, 23.19, 24.35, 22.28, 0, 0, 4.52
2019/04/23 01:17:00, 23.50, 23.37, 23.21, 24.28, 22.28, 0, 0, 4.52
2019/04/23 01:18:00, 23.50, 23.39, 23.19, 24.27, 22.25, 0, 0, 4.52
2019/04/23 01:19:00, 23.50, 23.37, 23.20, 24.27, 22.27, 0, 0, 4.52
2019/04/23 01:20:00, 23.50, 23.39, 23.22, 24.28, 22.25, 0, 0, 4.52
2019/04/23 01:21:00, 23.50, 23.39, 23.22, 24.27, 22.27, 0, 0, 4.51
2019/04/23 01:22:00, 23.50, 23.39, 23.21, 24.31, 22.25, 0, 0, 4.52
2019/04/23 01:23:00, 23.50, 23.39, 23.20, 24.33, 22.28, 0, 0, 4.51
2019/04/23 01:24:00, 23.50, 23.39, 23.19, 24.34, 22.28, 0, 0, 4.52
2019/04/23 01:25:00, 23.50, 23.39, 23.19, 24.39, 22.30, 0, 0, 4.52
2019/04/23 01:26:00, 23.50, 23.39, 23.18, 24.35, 22.30, 0, 0, 4.52
2019/04/23 01:27:00, 23.50, 23.37, 23.18, 24.34, 22.28, 0, 0, 4.52
2019/04/23 01:28:00, 23.50, 23.39, 23.22, 24.33, 22.29, 0, 0, 4.52
2019/04/23 01:29:00, 23.50, 23.39, 23.19, 24.33, 22.28, 0, 0, 4.51
2019/04/23 01:30:00, 23.50, 23.40, 23.22, 24.29, 22.28, 0, 0, 4.52
2019/04/23 01:31:00, 23.50, 23.37, 23.20, 24.33, 22.26, 0, 0, 4.52
2019/04/23 01:32:00, 23.50, 23.37, 23.22, 24.28, 22.27, 0, 0, 4.51
2019/04/23 01:33:00, 23.50, 23.40, 23.19, 24.28, 22.25, 0, 0, 4.51
2019/04/23 01:34:00, 23.50, 23.39, 23.19, 24.30, 22.28, 0, 0, 4.51
2019/04/23 01:35:00, 23.50, 23.36, 23.20, 24.31, 22.29, 0, 0, 4.51
2019/04/23 01:36:00, 23.50, 23.37, 23.19, 24.34, 22.27, 0, 0, 4.51
2019/04/23 01:37:00, 23.50, 23.39, 23.20, 24.29, 22.28, 0, 0, 4.51
2019/04/23 01:38:00, 23.50, 23.39, 23.19, 24.34, 22.28, 0, 0, 4.51
2019/04/23 01:39:00, 23.50, 23.39, 23.20, 24.34, 22.28, 0, 0, 4.51
2019/04/23 01:40:00, 23.50, 23.39, 23.20, 24.34, 22.27, 0, 0, 4.51
2019/04/23 01:41:00, 23.50, 23.40, 23.20, 24.34, 22.30, 0, 0, 4.51
2019/04/23 01:42:00, 23.50, 23.37, 23.18, 24.33, 22.30, 0, 0, 4.51
2019/04/23 01:43:00, 23.50, 23.37, 23.19, 24.29, 22.28, 0, 0, 4.51
2019/04/23 01:44:00, 23.50, 23.37, 23.19, 24.34, 22.30, 0, 0, 4.51
2019/04/23 01:45:00, 23.50, 23.35, 23.18, 24.34, 22.31, 0, 0, 4.52
2019/04/23 01:46:00, 23.50, 23.36, 23.18, 24.38, 22.29, 0, 0, 4.51
2019/04/23 01:47:00, 23.50, 23.36, 23.18, 24.41, 22.35, 0, 0, 4.51
2019/04/23 01:48:00, 23.50, 23.37, 23.18, 24.34, 22.35, 0, 0, 4.52
2019/04/23 01:49:00, 23.50, 23.36, 23.17, 24.34, 22.34, 0, 0, 4.51
2019/04/23 01:50:00, 23.50, 23.37, 23.17, 24.40, 22.33, 0, 0, 4.51
2019/04/23 01:51:00, 23.50, 23.36, 23.19, 24.35, 22.32, 0, 0, 4.51
2019/04/23 01:52:00, 23.50, 23.37, 23.19, 24.38, 22.32, 0, 0, 4.51
2019/04/23 01:53:00, 23.50, 23.37, 23.18, 24.33, 22.32, 0, 0, 4.51
2019/04/23 01:54:00, 23.50, 23.37, 23.18, 24.39, 22.35, 0, 0, 4.51
2019/04/23 01:55:00, 23.50, 23.37, 23.19, 24.33, 22.31, 0, 0, 4.51
2019/04/23 01:56:00, 23.50, 23.37, 23.19, 24.39, 22.32, 0, 0, 4.51
2019/04/23 01:57:00, 23.50, 23.39, 23.19, 24.33, 22.31, 0, 0, 4.51
2019/04/23 01:58:00, 23.50, 23.36, 23.19, 24.31, 22.28, 0, 0, 4.51
2019/04/23 01:59:00, 23.50, 23.37, 23.19, 24.29, 22.30, 0, 0, 4.51
2019/04/23 02:00:00, 23.50, 23.40, 23.19, 24.33, 22.32, 0, 0, 4.51
2019/04/23 02:01:00, 23.50, 23.37, 23.18, 24.34, 22.32, 0, 0, 4.51
2019/04/23 02:02:00, 23.50, 23.36, 23.18, 24.35, 22.33, 0, 0, 4.51
2019/04/23 02:03:00, 23.50, 23.36, 23.19, 24.34, 22.33, 0, 0, 4.51
2019/04/23 02:04:00, 23.50, 23.39, 23.18, 24.39, 22.32, 0, 0, 4.51
2019/04/23 02:05:00, 23.50, 23.36, 23.17, 24.29, 22.31, 0, 0, 4.51
2019/04/23 02:06:00, 23.50, 23.37, 23.17, 24.33, 22.30, 0, 0, 4.51
2019/04/23 02:07:00, 23.50, 23.40, 23.20, 24.29, 22.31, 0, 0, 4.51
2019/04/23 02:08:00, 23.50, 23.39, 23.20, 24.31, 22.26, 0, 0, 4.51
2019/04/23 02:09:00, 23.50, 23.37, 23.20, 24.33, 22.30, 0, 0, 4.51
2019/04/23 02:10:00, 23.50, 23.37, 23.19, 24.35, 22.29, 0, 0, 4.51
2019/04/23 02:11:00, 23.50, 23.37, 23.19, 24.33, 22.29, 0, 0, 4.51
2019/04/23 02:12:00, 23.50, 23.37, 23.20, 24.28, 22.29, 0, 0, 4.51
2019/04/23 02:13:00, 23.50, 23.39, 23.20, 24.28, 22.28, 0, 0, 4.51
2019/04/23 02:14:00, 23.50, 23.37, 23.19, 24.34, 22.28, 0, 0, 4.51
2019/04/23 02:15:00, 23.50, 23.39, 23.20, 24.39, 22.31, 0, 0, 4.51
2019/04/23 02:16:00, 23.50, 23.39, 23.19, 24.35, 22.30, 0, 0, 4.51
2019/04/23 02:17:00, 23.50, 23.40, 23.21, 24.34, 22.29, 0, 0, 4.51
2019/04/23 02:18:00, 23.50, 23.39, 23.18, 24.27, 22.25, 0, 0, 4.51
2019/04/23 02:19:00, 23.50, 23.36, 23.18, 24.29, 22.28, 0, 0, 4.51
2019/04/23 02:20:00, 23.50, 23.35, 23.18, 24.35, 22.28, 0, 0, 4.51
2019/04/23 02:21:00, 23.50, 23.37, 23.17, 24.35, 22.31, 0, 0, 4.51
2019/04/23 02:22:00, 23.50, 23.35, 23.18, 24.34, 22.32, 0, 0, 4.51
2019/04/23 02:23:00, 23.50, 23.35, 23.18, 24.34, 22.30, 0, 0, 4.51
2019/04/23 02:24:00, 23.50, 23.37, 23.18, 24.35, 22.34, 0, 0, 4.51
2019/04/23 02:25:00, 23.50, 23.36, 23.19, 24.37, 22.31, 0, 0, 4.51
2019/04/23 02:26:00, 23.50, 23.36, 23.18, 24.35, 22.32, 0, 0, 4.51
2019/04/23 02:27:00, 23.50, 23.37, 23.18, 24.34, 22.30, 0, 0, 4.51
2019/04/23 02:28:00, 23.50, 23.39, 23.20, 24.31, 22.26, 0, 0, 4.51
2019/04/23 02:29:00, 23.50, 23.37, 23.19, 24.24, 22.24, 0, 0, 4.51
2019/04/23 02:30:00, 23.50, 23.37, 23.19, 24.31, 22.25, 0, 0, 4.51
2019/04/23 02:31:00, 23.50, 23.40, 23.19, 24.28, 22.27, 0, 0, 4.51
2019/04/23 02:32:00, 23.50, 23.42, 23.21, 24.29, 22.25, 0, 0, 4.51
2019/04/23 02:33:00, 23.50, 23.40, 23.20, 24.31, 22.25, 0, 0, 4.51
2019/04/23 02:34:00, 23.50, 23.37, 23.19, 24.25, 22.25, 0, 0, 4.51
2019/04/23 02:35:00, 23.50, 23.36, 23.20, 24.29, 22.22, 0, 0, 4.51
2019/04/23 02:36:00, 23.50, 23.37, 23.18, 24.33, 22.27, 0, 0, 4.51
2019/04/23 02:37:00, 23.50, 23.39, 23.20, 24.28, 22.26, 0, 0, 4.51
2019/04/23 02:38:00, 23.50, 23.39, 23.18, 24.24, 22.25, 0, 0, 4.51
2019/04/23 02:39:00, 23.50, 23.37, 23.18, 24.24, 22.25, 0, 0, 4.51
2019/04/23 02:40:00, 23.50, 23.37, 23.20, 24.31, 22.27, 0, 0, 4.51
2019/04/23 02:41:00, 23.50, 23.36, 23.18, 24.29, 22.28, 0, 0, 4.51
2019/04/23 02:42:00, 23.50, 23.39, 23.19, 24.27, 22.26, 0, 0, 4.51
2019/04/23 02:43:00, 23.50, 23.37, 23.19, 24.25, 22.28, 0, 0, 4.51
2019/04/23 02:44:00, 23.50, 23.39, 23.20, 24.30, 22.27, 0, 0, 4.51
2019/04/23 02:45:00, 23.50, 23.37, 23.19, 24.25, 22.22, 0, 0, 4.51
2019/04/23 02:46:00, 23.50, 23.37, 23.18, 24.27, 22.23, 0, 0, 4.51
2019/04/23 02:47:00, 23.50, 23.36, 23.18, 24.25, 22.27, 0, 0, 4.51
2019/04/23 02:48:00, 23.50, 23.37, 23.17, 24.33, 22.25, 0, 0, 4.51
2019/04/23 02:49:00, 23.50, 23.36, 23.18, 24.22, 22.21, 0, 0, 4.51
2019/04/23 02:50:00, 23.50, 23.37, 23.19, 24.31, 22.25, 0, 0, 4.51
2019/04/23 02:51:00, 23.50, 23.36, 23.17, 24.31, 22.27, 0, 0, 4.51
2019/04/23 02:52:00, 23.50, 23.39, 23.18, 24.28, 22.28, 0, 0, 4.51
2019/04/23 02:53:00, 23.50, 23.36, 23.18, 24.28, 22.25, 0, 0, 4.51
2019/04/23 02:54:00, 23.50, 23.35, 23.18, 24.31, 22.26, 0, 0, 4.51
2019/04/23 02:55:00, 23.50, 23.36, 23.19, 24.31, 22.28, 0, 0, 4.51
2019/04/23 02:56:00, 23.50, 23.37, 23.18, 24.27, 22.25, 0, 0, 4.51
2019/04/23 02:57:00, 23.50, 23.35, 23.18, 24.27, 22.23, 0, 0, 4.51
2019/04/23 02:58:00, 23.50, 23.37, 23.18, 24.22, 22.25, 0, 0, 4.51
2019/04/23 02:59:00, 23.50, 23.37, 23.18, 24.27, 22.22, 0, 0, 4.51
2019/04/23 03:00:00, 23.50, 23.36, 23.15, 24.23, 22.23, 0, 0, 4.51
2019/04/23 03:01:00, 23.50, 23.36, 23.16, 24.27, 22.27, 0, 0, 4.51
2019/04/23 03:02:00, 23.50, 23.37, 23.17, 24.28, 22.26, 0, 0, 4.51
2019/04/23 03:03:00, 23.50, 23.35, 23.15, 24.35, 22.26, 0, 0, 4.51
2019/04/23 03:04:00, 23.50, 23.37, 23.18, 24.27, 22.26, 0, 0, 4.51
2019/04/23 03:05:00, 23.50, 23.37, 23.18, 24.27, 22.25, 0, 0, 4.51
2019/04/23 03:06:00, 23.50, 23.37, 23.16, 24.25, 22.22, 0, 0, 4.51
2019/04/23 03:07:00, 23.50, 23.36, 23.18, 24.21, 22.22, 0, 0, 4.51
2019/04/23 03:08:00, 23.50, 23.37, 23.19, 24.19, 22.22, 0, 0, 4.51
2019/04/23 03:09:00, 23.50, 23.35, 23.18, 24.22, 22.20, 0, 0, 4.51
2019/04/23 03:10:00, 23.50, 23.36, 23.18, 24.25, 22.22, 0, 0, 4.51
2019/04/23 03:11:00, 23.50, 23.37, 23.19, 24.23, 22.21, 0, 0, 4.51
2019/04/23 03:12:00, 23.50, 23.37, 23.17, 24.25, 22.21, 0, 0, 4.51
2019/04/23 03:13:00, 23.50, 23.37, 23.20, 24.19, 22.21, 0, 0, 4.51
2019/04/23 03:14:00, 23.50, 23.35, 23.19, 24.19, 22.20, 0, 0, 4.51
2019/04/23 03:15:00, 23.50, 23.36, 23.18, 24.28, 22.19, 0, 0, 4.51
2019/04/23 03:16:00, 23.50, 23.36, 23.17, 24.19, 22.22, 0, 0, 4.51
2019/04/23 03:17:00, 23.50, 23.39, 23.22, 24.21, 22.23, 0, 0, 4.51
2019/04/23 03:18:00, 23.50, 23.40, 23.21, 24.21, 22.20, 0, 0, 4.51
2019/04/23 03:19:00, 23.50, 23.40, 23.21, 24.19, 22.19, 0, 0, 4.51
2019/04/23 03:20:00, 23.50, 23.40, 23.20, 24.19, 22.17, 0, 0, 4.51
2019/04/23 03:21:00, 23.50, 23.39, 23.22, 24.18, 22.16, 0, 0, 4.51
2019/04/23 03:22:00, 23.50, 23.39, 23.22, 24.15, 22.16, 0, 0, 4.51
2019/04/23 03:23:00, 23.50, 23.36, 23.20, 24.22, 22.16, 0, 0, 4.51
2019/04/23 03:24:00, 23.50, 23.40, 23.23, 24.15, 22.16, 0, 0, 4.51
2019/04/23 03:25:00, 23.50, 23.37, 23.22, 24.17, 22.15, 0, 0, 4.51
2019/04/23 03:26:00, 23.50, 23.40, 23.21, 24.14, 22.15, 0, 0, 4.51
2019/04/23 03:27:00, 23.50, 23.39, 23.21, 24.18, 22.14, 0, 0, 4.51
2019/04/23 03:28:00, 23.50, 23.40, 23.22, 24.11, 22.14, 0, 0, 4.51
2019/04/23 03:29:00, 23.50, 23.40, 23.19, 24.19, 22.15, 0, 0, 4.51
2019/04/23 03:30:00, 23.50, 23.40, 23.19, 24.19, 22.16, 0, 0, 4.51
2019/04/23 03:31:00, 23.50, 23.42, 23.22, 24.11, 22.15, 0, 0, 4.51
2019/04/23 03:32:00, 23.50, 23.39, 23.21, 24.15, 22.13, 0, 0, 4.51
2019/04/23 03:33:00, 23.50, 23.40, 23.21, 24.15, 22.13, 0, 0, 4.51
2019/04/23 03:34:00, 23.50, 23.42, 23.22, 24.15, 22.12, 0, 0, 4.51
2019/04/23 03:35:00, 23.50, 23.39, 23.20, 24.17, 22.13, 0, 0, 4.51
2019/04/23 03:36:00, 23.50, 23.39, 23.20, 24.17, 22.14, 0, 0, 4.51
2019/04/23 03:37:00, 23.50, 23.39, 23.20, 24.12, 22.12, 0, 0, 4.51
2019/04/23 03:38:00, 23.50, 23.42, 23.22, 24.11, 22.12, 0, 0, 4.51
2019/04/23 03:39:00, 23.50, 23.42, 23.23, 24.12, 22.13, 0, 0, 4.51
2019/04/23 03:40:00, 23.50, 23.42, 23.22, 24.13, 22.12, 0, 0, 4.51
2019/04/23 03:41:00, 23.50, 23.40, 23.20, 24.12, 22.12, 0, 0, 4.51
2019/04/23 03:42:00, 23.50, 23.39, 23.21, 24.14, 22.12, 0, 0, 4.51
2019/04/23 03:43:00, 23.50, 23.42, 23.21, 24.13, 22.14, 0, 0, 4.51
2019/04/23 03:44:00, 23.50, 23.40, 23.22, 24.09, 22.11, 0, 0, 4.51
2019/04/23 03:45:00, 23.50, 23.40, 23.21, 24.17, 22.10, 0, 0, 4.51
2019/04/23 03:46:00, 23.50, 23.42, 23.22, 24.09, 22.10, 0, 0, 4.51
2019/04/23 03:47:00, 23.50, 23.40, 23.19, 24.11, 22.09, 0, 0, 4.51
2019/04/23 03:48:00, 23.50, 23.42, 23.22, 24.09, 22.09, 0, 0, 4.51
2019/04/23 03:49:00, 23.50, 23.40, 23.22, 24.12, 22.10, 0, 0, 4.51
2019/04/23 03:50:00, 23.50, 23.40, 23.22, 24.11, 22.08, 0, 0, 4.51
2019/04/23 03:51:00, 23.50, 23.42, 23.20, 24.11, 22.09, 0, 0, 4.51
2019/04/23 03:52:00, 23.50, 23.39, 23.19, 24.12, 22.08, 0, 0, 4.51
2019/04/23 03:53:00, 23.50, 23.40, 23.22, 24.12, 22.09, 0, 0, 4.51
2019/04/23 03:54:00, 23.50, 23.39, 23.22, 24.06, 22.09, 0, 0, 4.51
2019/04/23 03:55:00, 23.50, 23.40, 23.22, 24.11, 22.06, 0, 0, 4.51
2019/04/23 03:56:00, 23.50, 23.37, 23.19, 24.09, 22.08, 0, 0, 4.51
2019/04/23 03:57:00, 23.50, 23.39, 23.22, 24.17, 22.09, 0, 0, 4.51
2019/04/23 03:58:00, 23.50, 23.40, 23.21, 24.15, 22.11, 0, 0, 4.51
2019/04/23 03:59:00, 23.50, 23.40, 23.21, 24.11, 22.11, 0, 0, 4.51
2019/04/23 04:00:00, 23.50, 23.40, 23.22, 24.09, 22.10, 0, 0, 4.51
2019/04/23 04:01:00, 23.50, 23.37, 23.22, 24.06, 22.09, 0, 0, 4.51
2019/04/23 04:02:00, 23.50, 23.39, 23.23, 24.09, 22.07, 0, 0, 4.51
2019/04/23 04:03:00, 23.50, 23.40, 23.22, 24.11, 22.08, 0, 0, 4.51
2019/04/23 04:04:00, 23.50, 23.40, 23.20, 24.11, 22.09, 0, 0, 4.51
2019/04/23 04:05:00, 23.50, 23.40, 23.19, 24.06, 22.09, 0, 0, 4.51
2019/04/23 04:06:00, 23.50, 23.39, 23.21, 24.08, 22.06, 0, 0, 4.51
2019/04/23 04:07:00, 23.50, 23.39, 23.20, 24.13, 22.09, 0, 0, 4.51
2019/04/23 04:08:00, 23.50, 23.40, 23.21, 24.09, 22.06, 0, 0, 4.51
2019/04/23 04:09:00, 23.50, 23.36, 23.20, 24.12, 22.09, 0, 0, 4.51
2019/04/23 04:10:00, 23.50, 23.39, 23.20, 24.12, 22.11, 0, 0, 4.51
2019/04/23 04:11:00, 23.50, 23.40, 23.22, 24.08, 22.11, 0, 0, 4.51
2019/04/23 04:12:00, 23.50, 23.39, 23.20, 24.11, 22.09, 0, 0, 4.51
2019/04/23 04:13:00, 23.50, 23.42, 23.21, 24.12, 22.08, 0, 0, 4.51
2019/04/23 04:14:00, 23.50, 23.40, 23.18, 24.11, 22.06, 0, 0, 4.51
2019/04/23 04:15:00, 23.50, 23.40, 23.20, 24.12, 22.08, 0, 0, 4.51
2019/04/23 04:16:00, 23.50, 23.42, 23.18, 24.15, 22.09, 0, 0, 4.51
2019/04/23 04:17:00, 23.50, 23.42, 23.22, 24.12, 22.08, 0, 0, 4.51
2019/04/23 04:18:00, 23.50, 23.40, 23.22, 24.09, 22.08, 0, 0, 4.51
2019/04/23 04:19:00, 23.50, 23.40, 23.22, 24.03, 22.08, 0, 0, 4.51
2019/04/23 04:20:00, 23.50, 23.39, 23.19, 24.08, 22.06, 0, 0, 4.51
2019/04/23 04:21:00, 23.50, 23.39, 23.22, 24.11, 22.08, 0, 0, 4.51
2019/04/23 04:22:00, 23.50, 23.37, 23.20, 24.12, 22.08, 0, 0, 4.51
2019/04/23 04:23:00, 23.50, 23.39, 23.21, 24.08, 22.07, 0, 0, 4.51
2019/04/23 04:24:00, 23.50, 23.39, 23.21, 24.09, 22.06, 0, 0, 4.51
2019/04/23 04:25:00, 23.50, 23.39, 23.21, 24.09, 22.06, 0, 0, 4.51
2019/04/23 04:26:00, 23.50, 23.37, 23.19, 24.06, 22.09, 0, 0, 4.51
2019/04/23 04:27:00, 23.50, 23.37, 23.19, 24.13, 22.08, 0, 0, 4.51
2019/04/23 04:28:00, 23.50, 23.40, 23.22, 24.11, 22.09, 0, 0, 4.51
2019/04/23 04:29:00, 23.50, 23.39, 23.20, 24.11, 22.09, 0, 0, 4.51
2019/04/23 04:30:00, 23.50, 23.42, 23.20, 24.13, 22.09, 0, 0, 4.51
2019/04/23 04:31:00, 23.50, 23.42, 23.22, 24.06, 22.08, 0, 0, 4.51
2019/04/23 04:32:00, 23.50, 23.39, 23.22, 24.06, 22.06, 0, 0, 4.51
2019/04/23 04:33:00, 23.50, 23.39, 23.22, 24.06, 22.08, 0, 0, 4.51
2019/04/23 04:34:00, 23.50, 23.40, 23.21, 24.09, 22.09, 0, 0, 4.51
2019/04/23 04:35:00, 23.50, 23.39, 23.18, 24.13, 22.08, 0, 0, 4.51
2019/04/23 04:36:00, 23.50, 23.40, 23.21, 24.12, 22.07, 0, 0, 4.51
2019/04/23 04:37:00, 23.50, 23.39, 23.18, 24.11, 22.09, 0, 0, 4.51
2019/04/23 04:38:00, 23.50, 23.37, 23.22, 24.12, 22.06, 0, 0, 4.51
2019/04/23 04:39:00, 23.50, 23.40, 23.20, 24.09, 22.06, 0, 0, 4.51
2019/04/23 04:40:00, 23.50, 23.40, 23.18, 24.06, 22.08, 0, 0, 4.51
2019/04/23 04:41:00, 23.50, 23.39, 23.20, 24.09, 22.06, 0, 0, 4.51
2019/04/23 04:42:00, 23.50, 23.40, 23.20, 24.11, 22.06, 0, 0, 4.51
2019/04/23 04:43:00, 23.50, 23.37, 23.20, 24.11, 22.06, 0, 0, 4.51
2019/04/23 04:44:00, 23.50, 23.40, 23.22, 24.12, 22.09, 0, 0, 4.51
2019/04/23 04:45:00, 23.50, 23.40, 23.21, 24.12, 22.08, 0, 0, 4.51
2019/04/23 04:46:00, 23.50, 23.40, 23.20, 24.06, 22.08, 0, 0, 4.51
2019/04/23 04:47:00, 23.50, 23.37, 23.19, 24.17, 22.06, 0, 0, 4.51
2019/04/23 04:48:00, 23.50, 23.39, 23.20, 24.11, 22.08, 0, 0, 4.51
2019/04/23 04:49:00, 23.50, 23.42, 23.20, 24.08, 22.08, 0, 0, 4.51
2019/04/23 04:50:00, 23.50, 23.39, 23.21, 24.11, 22.07, 0, 0, 4.51
2019/04/23 04:51:00, 23.50, 23.40, 23.18, 24.09, 22.06, 0, 0, 4.51
2019/04/23 04:52:00, 23.50, 23.40, 23.20, 24.08, 22.07, 0, 0, 4.51
2019/04/23 04:53:00, 23.50, 23.39, 23.20, 24.09, 22.06, 0, 0, 4.51
2019/04/23 04:54:00, 23.50, 23.39, 23.21, 24.11, 22.08, 0, 0, 4.51
2019/04/23 04:55:00, 23.50, 23.37, 23.20, 24.12, 22.06, 0, 0, 4.51
2019/04/23 04:56:00, 23.50, 23.40, 23.21, 24.06, 22.06, 0, 0, 4.51
2019/04/23 04:57:00, 23.50, 23.39, 23.20, 24.09, 22.07, 0, 0, 4.51
2019/04/23 04:58:00, 23.50, 23.39, 23.20, 24.12, 22.08, 0, 0, 4.51
2019/04/23 04:59:00, 23.50, 23.39, 23.21, 24.17, 22.09, 0, 0, 4.51
2019/04/23 05:00:00, 23.50, 23.42, 23.20, 24.11, 22.06, 0, 0, 4.51
2019/04/23 05:01:00, 23.50, 23.39, 23.22, 24.09, 22.05, 0, 0, 4.51
2019/04/23 05:02:00, 23.50, 23.37, 23.23, 24.11, 22.06, 0, 0, 4.51
2019/04/23 05:03:00, 23.50, 23.40, 23.21, 24.15, 22.06, 0, 0, 4.51
2019/04/23 05:04:00, 23.50, 23.43, 23.23, 24.08, 22.08, 0, 0, 4.51
2019/04/23 05:05:00, 23.50, 23.39, 23.22, 24.08, 22.05, 0, 0, 4.51
2019/04/23 05:06:00, 23.50, 23.39, 23.23, 24.07, 22.06, 0, 0, 4.51
2019/04/23 05:07:00, 23.50, 23.40, 23.22, 24.06, 22.06, 0, 0, 4.51
2019/04/23 05:08:00, 23.50, 23.39, 23.21, 24.11, 22.06, 0, 0, 4.51
2019/04/23 05:09:00, 23.50, 23.42, 23.22, 24.08, 22.04, 0, 0, 4.51
2019/04/23 05:10:00, 23.50, 23.40, 23.22, 24.09, 22.07, 0, 0, 4.51
2019/04/23 05:11:00, 23.50, 23.40, 23.22, 24.08, 22.07, 0, 0, 4.51
2019/04/23 05:12:00, 23.50, 23.40, 23.22, 24.08, 22.06, 0, 0, 4.51
2019/04/23 05:13:00, 23.50, 23.39, 23.22, 24.08, 22.06, 0, 0, 4.51
2019/04/23 05:14:00, 23.50, 23.40, 23.21, 24.17, 22.08, 0, 0, 4.51
2019/04/23 05:15:00, 23.50, 23.42, 23.22, 24.15, 22.10, 0, 0, 4.51
2019/04/23 05:16:00, 23.50, 23.37, 23.20, 24.09, 22.07, 0, 0, 4.51
2019/04/23 05:17:00, 23.50, 23.40, 23.22, 24.09, 22.08, 0, 0, 4.51
2019/04/23 05:18:00, 23.50, 23.39, 23.22, 24.11, 22.07, 0, 0, 4.51
2019/04/23 05:19:00, 23.50, 23.40, 23.21, 24.09, 22.06, 0, 0, 4.51
2019/04/23 05:20:00, 23.50, 23.40, 23.22, 24.11, 22.08, 0, 0, 4.51
2019/04/23 05:21:00, 23.50, 23.40, 23.20, 24.09, 22.09, 0, 0, 4.51
2019/04/23 05:22:00, 23.50, 23.40, 23.19, 24.11, 22.08, 0, 0, 4.51
2019/04/23 05:23:00, 23.50, 23.40, 23.19, 24.11, 22.08, 0, 0, 4.51
2019/04/23 05:24:00, 23.50, 23.37, 23.18, 24.11, 22.09, 0, 0, 4.51
2019/04/23 05:25:00, 23.50, 23.36, 23.17, 24.07, 22.09, 0, 0, 4.51
2019/04/23 05:26:00, 23.50, 23.33, 23.17, 24.21, 22.13, 0, 0, 4.51
2019/04/23 05:27:00, 23.50, 23.37, 23.19, 24.19, 22.17, 0, 0, 4.51
2019/04/23 05:28:00, 23.50, 23.35, 23.18, 24.18, 22.15, 0, 0, 4.51
2019/04/23 05:29:00, 23.50, 23.37, 23.18, 24.15, 22.12, 0, 0, 4.51
2019/04/23 05:30:00, 23.50, 23.35, 23.18, 24.13, 22.12, 0, 0, 4.51
2019/04/23 05:31:00, 23.50, 23.36, 23.17, 24.15, 22.13, 0, 0, 4.51
2019/04/23 05:32:00, 23.50, 23.36, 23.18, 24.16, 22.13, 0, 0, 4.51
2019/04/23 05:33:00, 23.50, 23.35, 23.18, 24.18, 22.15, 0, 0, 4.51
2019/04/23 05:34:00, 23.50, 23.39, 23.16, 24.19, 22.16, 0, 0, 4.51
2019/04/23 05:35:00, 23.50, 23.37, 23.19, 24.16, 22.13, 0, 0, 4.51
2019/04/23 05:36:00, 23.50, 23.35, 23.18, 24.22, 22.12, 0, 0, 4.51
2019/04/23 05:37:00, 23.50, 23.37, 23.15, 24.12, 22.15, 0, 0, 4.51
2019/04/23 05:38:00, 23.50, 23.35, 23.16, 24.22, 22.14, 0, 0, 4.51
2019/04/23 05:39:00, 23.50, 23.35, 23.17, 24.22, 22.17, 0, 0, 4.51
2019/04/23 05:40:00, 23.50, 23.36, 23.17, 24.24, 22.19, 0, 0, 4.51
2019/04/23 05:41:00, 23.50, 23.35, 23.18, 24.18, 22.19, 0, 0, 4.51
2019/04/23 05:42:00, 23.50, 23.36, 23.18, 24.22, 22.16, 0, 0, 4.51
2019/04/23 05:43:00, 23.50, 23.35, 23.17, 24.21, 22.19, 0, 0, 4.51
2019/04/23 05:44:00, 23.50, 23.37, 23.17, 24.15, 22.15, 0, 0, 4.51
2019/04/23 05:45:00, 23.50, 23.35, 23.15, 24.16, 22.16, 0, 0, 4.51
2019/04/23 05:46:00, 23.50, 23.33, 23.17, 24.19, 22.16, 0, 0, 4.51
2019/04/23 05:47:00, 23.50, 23.37, 23.17, 24.21, 22.19, 0, 0, 4.51
2019/04/23 05:48:00, 23.50, 23.35, 23.18, 24.23, 22.17, 0, 0, 4.51
2019/04/23 05:49:00, 23.50, 23.35, 23.18, 24.19, 22.21, 0, 0, 4.51
2019/04/23 05:50:00, 23.50, 23.35, 23.18, 24.21, 22.17, 0, 0, 4.51
2019/04/23 05:51:00, 23.50, 23.36, 23.17, 24.28, 22.19, 0, 0, 4.51
2019/04/23 05:52:00, 23.50, 23.36, 23.18, 24.19, 22.16, 0, 0, 4.51
2019/04/23 05:53:00, 23.50, 23.37, 23.18, 24.15, 22.14, 0, 0, 4.51
2019/04/23 05:54:00, 23.50, 23.35, 23.17, 24.18, 22.15, 0, 0, 4.51
2019/04/23 05:55:00, 23.50, 23.37, 23.18, 24.19, 22.16, 0, 0, 4.51
2019/04/23 05:56:00, 23.50, 23.36, 23.18, 24.18, 22.15, 0, 0, 4.51
2019/04/23 05:57:00, 23.50, 23.36, 23.18, 24.18, 22.17, 0, 0, 4.51
2019/04/23 05:58:00, 23.50, 23.37, 23.18, 24.18, 22.16, 0, 0, 4.51
2019/04/23 05:59:00, 23.50, 23.40, 23.17, 24.17, 22.16, 0, 0, 4.51
2019/04/23 06:00:00, 23.50, 23.36, 23.20, 24.22, 22.15, 0, 0, 4.51
2019/04/23 06:01:00, 23.50, 23.37, 23.18, 24.19, 22.16, 0, 0, 4.51
2019/04/23 06:02:00, 23.50, 23.37, 23.18, 24.17, 22.16, 0, 0, 4.51
2019/04/23 06:03:00, 23.50, 23.37, 23.19, 24.15, 22.16, 0, 0, 4.51
2019/04/23 06:04:00, 23.50, 23.36, 23.16, 24.18, 22.13, 0, 0, 4.51
2019/04/23 06:05:00, 23.50, 23.39, 23.17, 24.19, 22.16, 0, 0, 4.51
2019/04/23 06:06:00, 23.50, 23.37, 23.18, 24.22, 22.17, 0, 0, 4.51
2019/04/23 06:07:00, 23.50, 23.37, 23.19, 24.22, 22.17, 0, 0, 4.51
2019/04/23 06:08:00, 23.50, 23.36, 23.18, 24.21, 22.16, 0, 0, 4.51
2019/04/23 06:09:00, 23.50, 23.35, 23.18, 24.27, 22.16, 0, 0, 4.51
2019/04/23 06:10:00, 23.50, 23.36, 23.20, 24.24, 22.20, 0, 0, 4.51
2019/04/23 06:11:00, 23.50, 23.39, 23.20, 24.22, 22.22, 0, 0, 4.51
2019/04/23 06:12:00, 23.50, 23.39, 23.19, 24.18, 22.19, 0, 0, 4.51
2019/04/23 06:13:00, 23.50, 23.37, 23.22, 24.18, 22.16, 0, 0, 4.51
2019/04/23 06:14:00, 23.50, 23.37, 23.21, 24.17, 22.15, 0, 0, 4.51
2019/04/23 06:15:00, 23.50, 23.39, 23.19, 24.18, 22.16, 0, 0, 4.51
2019/04/23 06:16:00, 23.50, 23.40, 23.22, 24.19, 22.15, 0, 0, 4.51
2019/04/23 06:17:00, 23.50, 23.39, 23.22, 24.17, 22.15, 0, 0, 4.51
2019/04/23 06:18:00, 23.50, 23.40, 23.22, 24.15, 22.15, 0, 0, 4.51
2019/04/23 06:19:00, 23.50, 23.43, 23.21, 24.15, 22.15, 0, 0, 4.51
2019/04/23 06:20:00, 23.50, 23.39, 23.20, 24.19, 22.14, 0, 0, 4.51
2019/04/23 06:21:00, 23.50, 23.42, 23.22, 24.13, 22.13, 0, 0, 4.51
2019/04/23 06:22:00, 23.50, 23.42, 23.22, 24.17, 22.13, 0, 0, 4.51
2019/04/23 06:23:00, 23.50, 23.42, 23.25, 24.14, 22.16, 0, 0, 4.51
2019/04/23 06:24:00, 23.50, 23.42, 23.22, 24.18, 22.14, 0, 0, 4.51
2019/04/23 06:25:00, 23.50, 23.46, 23.25, 24.14, 22.14, 0, 0, 4.51
2019/04/23 06:26:00, 23.50, 23.42, 23.23, 24.14, 22.13, 0, 0, 4.51
2019/04/23 06:27:00, 23.50, 23.44, 23.22, 24.15, 22.14, 0, 0, 4.51
2019/04/23 06:28:00, 23.50, 23.42, 23.24, 24.11, 22.16, 0, 0, 4.51
2019/04/23 06:29:00, 23.50, 23.42, 23.25, 24.15, 22.16, 0, 0, 4.51
2019/04/23 06:30:00, 23.50, 23.43, 23.25, 24.14, 22.15, 0, 0, 4.51
2019/04/23 06:31:00, 23.50, 23.43, 23.25, 24.13, 22.15, 0, 0, 4.51
2019/04/23 06:32:00, 23.50, 23.43, 23.25, 24.17, 22.16, 0, 0, 4.51
2019/04/23 06:33:00, 23.50, 23.43, 23.25, 24.14, 22.14, 0, 0, 4.51
2019/04/23 06:34:00, 23.50, 23.40, 23.24, 24.17, 22.16, 0, 0, 4.51
2019/04/23 06:35:00, 23.50, 23.43, 23.23, 24.21, 22.16, 0, 0, 4.51
2019/04/23 06:36:00, 23.50, 23.44, 23.25, 24.18, 22.18, 0, 0, 4.51
2019/04/23 06:37:00, 23.50, 23.44, 23.28, 24.17, 22.18, 0, 0, 4.51
2019/04/23 06:38:00, 23.50, 23.42, 23.27, 24.15, 22.16, 0, 0, 4.51
2019/04/23 06:39:00, 23.50, 23.44, 23.25, 24.17, 22.16, 0, 0, 4.51
2019/04/23 06:40:00, 23.50, 23.44, 23.24, 24.20, 22.16, 0, 0, 4.51
2019/04/23 06:41:00, 23.50, 23.44, 23.25, 24.18, 22.16, 0, 0, 4.51
2019/04/23 06:42:00, 23.50, 23.43, 23.25, 24.16, 22.18, 0, 0, 4.51
2019/04/23 06:43:00, 23.50, 23.44, 23.24, 24.18, 22.19, 0, 0, 4.51
2019/04/23 06:44:00, 23.50, 23.44, 23.23, 24.23, 22.17, 0, 0, 4.51
2019/04/23 06:45:00, 23.50, 23.44, 23.25, 24.17, 22.19, 0, 0, 4.51
2019/04/23 06:46:00, 23.50, 23.44, 23.27, 24.16, 22.19, 0, 0, 4.51
2019/04/23 06:47:00, 23.50, 23.44, 23.24, 24.20, 22.18, 0, 0, 4.51
2019/04/23 06:48:00, 23.50, 23.43, 23.27, 24.18, 22.19, 0, 0, 4.51
2019/04/23 06:49:00, 23.50, 23.47, 23.27, 24.25, 22.19, 0, 0, 4.51
2019/04/23 06:50:00, 23.50, 23.42, 23.23, 24.18, 22.22, 0, 0, 4.51
2019/04/23 06:51:00, 23.50, 23.44, 23.23, 24.23, 22.22, 0, 0, 4.51
2019/04/23 06:52:00, 23.50, 23.46, 23.27, 24.21, 22.23, 0, 0, 4.51
2019/04/23 06:53:00, 23.50, 23.43, 23.27, 24.24, 22.22, 0, 0, 4.51
2019/04/23 06:54:00, 23.50, 23.46, 23.25, 24.24, 22.22, 0, 0, 4.51
2019/04/23 06:55:00, 23.50, 23.46, 23.27, 24.21, 22.22, 0, 0, 4.51
2019/04/23 06:56:00, 23.50, 23.43, 23.25, 24.20, 22.22, 0, 0, 4.51
2019/04/23 06:57:00, 23.50, 23.43, 23.24, 24.21, 22.22, 0, 0, 4.51
2019/04/23 06:58:00, 23.50, 23.49, 23.27, 24.30, 22.25, 0, 0, 4.51
2019/04/23 06:59:00, 23.50, 23.46, 23.27, 24.21, 22.24, 0, 0, 4.51
2019/04/23 07:00:00, 23.50, 23.44, 23.29, 24.26, 22.24, 0, 0, 4.51
2019/04/23 07:01:00, 23.50, 23.44, 23.27, 24.24, 22.24, 0, 0, 4.51
2019/04/23 07:02:00, 23.50, 23.47, 23.30, 24.24, 22.25, 0, 0, 4.51
2019/04/23 07:03:00, 23.50, 23.46, 23.27, 24.24, 22.24, 0, 0, 4.51
2019/04/23 07:04:00, 23.50, 23.44, 23.25, 24.21, 22.25, 0, 0, 4.51
2019/04/23 07:05:00, 23.50, 23.47, 23.28, 24.26, 22.26, 0, 0, 4.51
2019/04/23 07:06:00, 23.50, 23.46, 23.28, 24.32, 22.26, 0, 0, 4.51
2019/04/23 07:07:00, 23.50, 23.47, 23.28, 24.29, 22.27, 0, 0, 4.51
2019/04/23 07:08:00, 23.50, 23.50, 23.31, 24.26, 22.28, 0, 0, 4.51
2019/04/23 07:09:00, 23.50, 23.47, 23.29, 24.28, 22.27, 0, 0, 4.51
2019/04/23 07:10:00, 23.50, 23.50, 23.31, 24.30, 22.26, 0, 0, 4.51
2019/04/23 07:11:00, 23.50, 23.49, 23.31, 24.23, 22.25, 0, 0, 4.51
2019/04/23 07:12:00, 23.50, 23.50, 23.30, 24.32, 22.26, 0, 0, 4.51
2019/04/23 07:13:00, 23.50, 23.50, 23.31, 24.24, 22.26, 0, 0, 4.51
2019/04/23 07:14:00, 23.50, 23.50, 23.31, 24.29, 22.31, 0, 0, 4.51
2019/04/23 07:15:00, 23.50, 23.50, 23.32, 24.30, 22.29, 0, 0, 4.51
2019/04/23 07:16:00, 23.50, 23.52, 23.32, 24.32, 22.28, 0, 0, 4.51
2019/04/23 07:17:00, 23.50, 23.52, 23.33, 24.29, 22.31, 0, 0, 4.51
2019/04/23 07:18:00, 23.50, 23.54, 23.34, 24.32, 22.30, 0, 0, 4.51
2019/04/23 07:19:00, 23.50, 23.53, 23.35, 24.28, 22.29, 0, 0, 4.51
2019/04/23 07:20:00, 23.50, 23.56, 23.36, 24.28, 22.28, 0, 0, 4.51
2019/04/23 07:21:00, 23.50, 23.56, 23.37, 24.29, 22.28, 0, 0, 4.51
2019/04/23 07:22:00, 23.50, 23.56, 23.37, 24.29, 22.27, 0, 0, 4.51
2019/04/23 07:23:00, 23.50, 23.57, 23.37, 24.31, 22.28, 0, 0, 4.51
2019/04/23 07:24:00, 23.50, 23.57, 23.37, 24.27, 22.27, 0, 0, 4.51
2019/04/23 07:25:00, 23.50, 23.59, 23.39, 24.29, 22.29, 0, 0, 4.51
2019/04/23 07:26:00, 23.50, 23.57, 23.41, 24.31, 22.30, 0, 0, 4.51
2019/04/23 07:27:00, 23.50, 23.61, 23.41, 24.28, 22.28, 0, 0, 4.51
2019/04/23 07:28:00, 23.50, 23.63, 23.41, 24.27, 22.28, 0, 0, 4.51
2019/04/23 07:29:00, 23.50, 23.63, 23.45, 24.30, 22.27, 0, 0, 4.51
2019/04/23 07:30:00, 23.50, 23.63, 23.45, 24.27, 22.28, 0, 0, 4.51
2019/04/23 07:31:00, 23.50, 23.64, 23.45, 24.29, 22.28, 0, 0, 4.51
2019/04/23 07:32:00, 23.50, 23.68, 23.48, 24.30, 22.25, 0, 0, 4.51
2019/04/23 07:33:00, 23.50, 23.67, 23.48, 24.26, 22.26, 0, 0, 4.51
2019/04/23 07:34:00, 23.50, 23.67, 23.49, 24.25, 22.24, 0, 0, 4.51
2019/04/23 07:35:00, 23.75, 23.68, 23.50, 24.26, 22.25, 0, 0, 4.51
2019/04/23 07:36:00, 23.75, 23.70, 23.53, 24.26, 22.27, 0, 0, 4.51
2019/04/23 07:37:00, 23.75, 23.70, 23.52, 24.26, 22.25, 0, 0, 4.51
2019/04/23 07:38:00, 23.75, 23.70, 23.51, 24.32, 22.29, 0, 0, 4.51
2019/04/23 07:39:00, 23.75, 23.73, 23.52, 24.35, 22.35, 0, 0, 4.51
2019/04/23 07:40:00, 23.75, 23.71, 23.51, 24.31, 22.33, 0, 0, 4.51
2019/04/23 07:41:00, 23.75, 23.70, 23.51, 24.42, 22.38, 0, 0, 4.51
2019/04/23 07:42:00, 23.75, 23.73, 23.53, 24.44, 22.40, 0, 0, 4.51
2019/04/23 07:43:00, 23.75, 23.74, 23.56, 24.36, 22.41, 0, 0, 4.51
2019/04/23 07:44:00, 23.75, 23.74, 23.57, 24.42, 22.42, 0, 0, 4.51
2019/04/23 07:45:00, 23.75, 23.76, 23.56, 24.46, 22.42, 0, 0, 4.51
2019/04/23 07:46:00, 23.75, 23.79, 23.60, 24.40, 22.45, 0, 0, 4.51
2019/04/23 07:47:00, 23.75, 23.76, 23.59, 24.43, 22.41, 0, 0, 4.51
2019/04/23 07:48:00, 23.75, 23.81, 23.60, 24.50, 22.45, 0, 0, 4.51
2019/04/23 07:49:00, 23.75, 23.79, 23.59, 24.44, 22.48, 0, 0, 4.51
2019/04/23 07:50:00, 23.75, 23.79, 23.60, 24.46, 22.49, 0, 0, 4.51
2019/04/23 07:51:00, 23.75, 23.81, 23.62, 24.50, 22.51, 0, 0, 4.51
2019/04/23 07:52:00, 23.75, 23.80, 23.62, 24.53, 22.49, 0, 0, 4.51
2019/04/23 07:53:00, 23.75, 23.81, 23.61, 24.50, 22.50, 0, 0, 4.51
2019/04/23 07:54:00, 23.75, 23.84, 23.64, 24.51, 22.52, 0, 0, 4.51
2019/04/23 07:55:00, 23.75, 23.83, 23.65, 24.49, 22.51, 0, 0, 4.51
2019/04/23 07:56:00, 23.75, 23.84, 23.64, 24.55, 22.53, 0, 0, 4.51
2019/04/23 07:57:00, 23.75, 23.84, 23.66, 24.51, 22.52, 0, 0, 4.51
2019/04/23 07:58:00, 23.75, 23.85, 23.67, 24.55, 22.54, 0, 0, 4.51
2019/04/23 07:59:00, 23.75, 23.87, 23.69, 24.61, 22.59, 0, 0, 4.51
2019/04/23 08:00:00, 23.75, 23.91, 23.68, 24.54, 22.55, 0, 0, 4.51
2019/04/23 08:01:00, 23.75, 23.88, 23.71, 24.64, 22.60, 0, 0, 4.51
2019/04/23 08:02:00, 23.75, 23.88, 23.71, 24.52, 22.57, 0, 0, 4.51
2019/04/23 08:03:00, 23.75, 23.90, 23.71, 24.49, 22.52, 0, 0, 4.51
2019/04/23 08:04:00, 23.75, 23.90, 23.73, 24.61, 22.56, 0, 0, 4.51
2019/04/23 08:05:00, 23.75, 23.91, 23.72, 24.58, 22.56, 0, 0, 4.51
2019/04/23 08:06:00, 23.75, 23.94, 23.74, 24.66, 22.61, 0, 0, 4.51
2019/04/23 08:07:00, 23.75, 23.94, 23.74, 24.60, 22.64, 0, 0, 4.51
2019/04/23 08:08:00, 23.75, 23.95, 23.77, 24.54, 22.61, 0, 0, 4.51
2019/04/23 08:09:00, 23.75, 23.98, 23.78, 24.56, 22.60, 0, 0, 4.51
2019/04/23 08:10:00, 23.75, 23.98, 23.78, 24.65, 22.64, 0, 0, 4.51
2019/04/23 08:11:00, 23.75, 24.02, 23.81, 24.57, 22.61, 0, 0, 4.51
2019/04/23 08:12:00, 24.00, 24.01, 23.82, 24.50, 22.57, 0, 0, 4.51
2019/04/23 08:13:00, 24.00, 24.02, 23.82, 24.56, 22.61, 0, 0, 4.51
2019/04/23 08:14:00, 24.00, 24.04, 23.83, 24.68, 22.65, 0, 0, 4.51
2019/04/23 08:15:00, 24.00, 24.04, 23.87, 24.62, 22.68, 0, 0, 4.51
2019/04/23 08:16:00, 24.00, 24.07, 23.87, 24.70, 22.72, 0, 0, 4.51
2019/04/23 08:17:00, 24.00, 24.09, 23.88, 24.71, 22.73, 0, 0, 4.51
2019/04/23 08:18:00, 24.00, 24.08, 23.89, 24.64, 22.69, 0, 0, 4.51
2019/04/23 08:19:00, 24.00, 24.09, 23.92, 24.66, 22.70, 0, 0, 4.51
2019/04/23 08:20:00, 24.00, 24.09, 23.91, 24.66, 22.68, 0, 0, 4.51
2019/04/23 08:21:00, 24.00, 24.11, 23.91, 24.67, 22.73, 0, 0, 4.51
2019/04/23 08:22:00, 24.00, 24.09, 23.92, 24.71, 22.72, 0, 0, 4.51
2019/04/23 08:23:00, 24.00, 24.14, 23.91, 24.70, 22.70, 0, 0, 4.51
2019/04/23 08:24:00, 24.00, 24.11, 23.94, 24.78, 22.73, 0, 0, 4.51
2019/04/23 08:25:00, 24.00, 24.14, 23.95, 24.66, 22.75, 0, 0, 4.51
2019/04/23 08:26:00, 24.00, 24.15, 23.95, 24.69, 22.74, 0, 0, 4.51
2019/04/23 08:27:00, 24.00, 24.12, 23.95, 24.66, 22.69, 0, 0, 4.51
2019/04/23 08:28:00, 24.00, 24.15, 23.97, 24.82, 22.79, 0, 0, 4.51
2019/04/23 08:29:00, 24.00, 24.16, 23.97, 24.79, 22.83, 0, 0, 4.51
2019/04/23 08:30:00, 24.00, 24.18, 24.01, 24.77, 22.79, 0, 0, 4.51
2019/04/23 08:31:00, 24.00, 24.18, 24.00, 24.71, 22.73, 0, 0, 4.51
2019/04/23 08:32:00, 24.00, 24.18, 24.01, 24.69, 22.72, 0, 0, 4.51
2019/04/23 08:33:00, 24.00, 24.18, 24.01, 24.71, 22.75, 0, 0, 4.51
2019/04/23 08:34:00, 24.00, 24.19, 24.00, 24.75, 22.80, 0, 0, 4.51
2019/04/23 08:35:00, 24.00, 24.16, 23.97, 24.78, 22.80, 0, 0, 4.51
2019/04/23 08:36:00, 24.00, 24.16, 23.98, 24.82, 22.83, 0, 0, 4.51
2019/04/23 08:37:00, 24.00, 24.15, 23.97, 24.79, 22.85, 0, 0, 4.51
2019/04/23 08:38:00, 24.00, 24.18, 23.98, 24.82, 22.88, 0, 0, 4.51
2019/04/23 08:39:00, 24.00, 24.19, 23.98, 24.87, 22.86, 0, 0, 4.51
2019/04/23 08:40:00, 24.00, 24.18, 24.00, 24.93, 22.88, 0, 0, 4.51
2019/04/23 08:41:00, 24.00, 24.22, 24.02, 24.89, 22.91, 0, 0, 4.51
2019/04/23 08:42:00, 24.00, 24.22, 24.04, 24.90, 22.92, 0, 0, 4.51
2019/04/23 08:43:00, 24.00, 24.23, 24.05, 24.86, 22.89, 0, 0, 4.51
2019/04/23 08:44:00, 24.00, 24.25, 24.06, 24.84, 22.88, 0, 0, 4.51
2019/04/23 08:45:00, 24.00, 24.23, 24.04, 24.77, 22.81, 0, 0, 4.51
2019/04/23 08:46:00, 24.00, 24.25, 24.05, 24.87, 22.86, 0, 0, 4.51
2019/04/23 08:47:00, 24.00, 24.22, 24.05, 24.86, 22.89, 0, 0, 4.51
2019/04/23 08:48:00, 24.00, 24.25, 24.06, 25.00, 22.95, 0, 0, 4.51
2019/04/23 08:49:00, 24.00, 24.25, 24.06, 24.87, 22.93, 0, 0, 4.51
2019/04/23 08:50:00, 24.25, 24.22, 24.05, 24.90, 22.90, 0, 0, 4.51
2019/04/23 08:51:00, 24.25, 24.25, 24.06, 24.93, 22.94, 0, 0, 4.51
2019/04/23 08:52:00, 24.00, 24.23, 24.05, 24.92, 22.93, 0, 0, 4.51
2019/04/23 08:53:00, 24.25, 24.25, 24.06, 24.93, 22.99, 0, 0, 4.51
2019/04/23 08:54:00, 24.25, 24.26, 24.07, 24.90, 22.97, 0, 0, 4.51
2019/04/23 08:55:00, 24.25, 24.27, 24.09, 24.92, 22.96, 0, 0, 4.51
2019/04/23 08:56:00, 24.25, 24.26, 24.10, 24.89, 22.97, 0, 0, 4.51
2019/04/23 08:57:00, 24.25, 24.29, 24.10, 24.92, 22.97, 0, 0, 4.51
2019/04/23 08:58:00, 24.25, 24.31, 24.10, 24.91, 22.93, 0, 0, 4.51
2019/04/23 08:59:00, 24.25, 24.31, 24.09, 24.84, 22.92, 0, 0, 4.51
2019/04/23 09:00:00, 24.25, 24.33, 24.11, 24.99, 22.98, 0, 0, 4.51
2019/04/23 09:01:00, 24.25, 24.31, 24.12, 24.94, 23.01, 0, 0, 4.51
2019/04/23 09:02:00, 24.25, 24.31, 24.11, 24.86, 22.96, 0, 0, 4.51
2019/04/23 09:03:00, 24.25, 24.33, 24.15, 24.91, 22.96, 0, 0, 4.51
2019/04/23 09:04:00, 24.25, 24.33, 24.16, 24.88, 22.97, 0, 0, 4.51
2019/04/23 09:05:00, 24.25, 24.35, 24.16, 24.89, 22.93, 0, 0, 4.51
2019/04/23 09:06:00, 24.25, 24.32, 24.15, 24.82, 22.87, 0, 0, 4.51
2019/04/23 09:07:00, 24.25, 24.32, 24.16, 24.95, 22.97, 0, 0, 4.51
2019/04/23 09:08:00, 24.25, 24.35, 24.13, 24.89, 22.98, 0, 0, 4.51
2019/04/23 09:09:00, 24.25, 24.33, 24.15, 24.97, 22.99, 0, 0, 4.51
2019/04/23 09:10:00, 24.25, 24.38, 24.16, 24.91, 22.97, 0, 0, 4.51
2019/04/23 09:11:00, 24.25, 24.33, 24.15, 24.94, 22.97, 0, 0, 4.51
2019/04/23 09:12:00, 24.25, 24.33, 24.15, 24.94, 22.99, 0, 0, 4.51
2019/04/23 09:13:00, 24.25, 24.36, 24.16, 24.97, 23.02, 0, 0, 4.51
2019/04/23 09:14:00, 24.25, 24.36, 24.19, 24.95, 23.02, 0, 0, 4.51
2019/04/23 09:15:00, 24.25, 24.38, 24.16, 24.88, 23.03, 0, 0, 4.51
2019/04/23 09:16:00, 24.25, 24.35, 24.17, 25.01, 22.95, 0, 0, 4.51
2019/04/23 09:17:00, 24.25, 24.38, 24.19, 25.00, 23.03, 0, 0, 4.51
2019/04/23 09:18:00, 24.25, 24.40, 24.17, 24.93, 23.00, 0, 0, 4.51
2019/04/23 09:19:00, 24.25, 24.38, 24.20, 24.95, 23.01, 0, 0, 4.51
2019/04/23 09:20:00, 24.25, 24.39, 24.19, 24.99, 23.03, 0, 0, 4.51
2019/04/23 09:21:00, 24.25, 24.39, 24.19, 24.99, 23.01, 0, 0, 4.51
2019/04/23 09:22:00, 24.25, 24.35, 24.19, 25.03, 23.06, 0, 0, 4.51
2019/04/23 09:23:00, 24.25, 24.40, 24.19, 25.02, 23.05, 0, 0, 4.51
2019/04/23 09:24:00, 24.25, 24.40, 24.21, 25.05, 23.06, 0, 0, 4.51
2019/04/23 09:25:00, 24.25, 24.43, 24.21, 24.91, 23.02, 0, 0, 4.51
2019/04/23 09:26:00, 24.25, 24.42, 24.21, 25.00, 23.02, 0, 0, 4.51
2019/04/23 09:27:00, 24.25, 24.42, 24.21, 24.98, 23.02, 0, 0, 4.51
2019/04/23 09:28:00, 24.25, 24.40, 24.24, 24.93, 23.01, 0, 0, 4.51
2019/04/23 09:29:00, 24.25, 24.42, 24.23, 24.84, 22.96, 0, 0, 4.51
2019/04/23 09:30:00, 24.25, 24.44, 24.23, 24.99, 22.99, 0, 0, 4.51
2019/04/23 09:31:00, 24.25, 24.43, 24.24, 24.99, 23.02, 0, 0, 4.51
2019/04/23 09:32:00, 24.25, 24.46, 24.24, 24.92, 22.99, 0, 0, 4.51
2019/04/23 09:33:00, 24.25, 24.46, 24.26, 24.92, 22.94, 0, 0, 4.51
2019/04/23 09:34:00, 24.25, 24.44, 24.23, 24.95, 22.96, 0, 0, 4.51
2019/04/23 09:35:00, 24.25, 24.44, 24.25, 24.92, 23.01, 0, 0, 4.51
2019/04/23 09:36:00, 24.25, 24.44, 24.25, 24.93, 22.95, 0, 0, 4.51
2019/04/23 09:37:00, 24.25, 24.43, 24.23, 24.93, 22.99, 0, 0, 4.51
2019/04/23 09:38:00, 24.25, 24.43, 24.23, 24.93, 23.01, 0, 0, 4.51
2019/04/23 09:39:00, 24.25, 24.43, 24.24, 24.90, 22.93, 0, 0, 4.51
2019/04/23 09:40:00, 24.25, 24.43, 24.23, 24.92, 22.97, 0, 0, 4.51
2019/04/23 09:41:00, 24.25, 24.43, 24.25, 24.93, 23.01, 0, 0, 4.51
2019/04/23 09:42:00, 24.25, 24.43, 24.26, 24.93, 22.99, 0, 0, 4.51
2019/04/23 09:43:00, 24.25, 24.42, 24.23, 24.97, 22.94, 0, 0, 4.51
2019/04/23 09:44:00, 24.25, 24.43, 24.23, 24.93, 22.99, 0, 0, 4.51
2019/04/23 09:45:00, 24.25, 24.38, 24.22, 24.97, 23.00, 0, 0, 4.51
2019/04/23 09:46:00, 24.25, 24.40, 24.21, 25.00, 23.06, 0, 0, 4.51
2019/04/23 09:47:00, 24.25, 24.40, 24.21, 25.03, 23.08, 0, 0, 4.51
2019/04/23 09:48:00, 24.25, 24.38, 24.20, 25.04, 23.04, 0, 0, 4.51
2019/04/23 09:49:00, 24.25, 24.39, 24.19, 25.06, 23.09, 0, 0, 4.51
2019/04/23 09:50:00, 24.25, 24.36, 24.19, 25.04, 23.07, 0, 0, 4.51
2019/04/23 09:51:00, 24.25, 24.36, 24.16, 25.09, 23.12, 0, 0, 4.51
2019/04/23 09:52:00, 24.25, 24.33, 24.17, 25.16, 23.14, 0, 0, 4.50
2019/04/23 09:53:00, 24.25, 24.32, 24.13, 25.16, 23.19, 0, 0, 4.51
2019/04/23 09:54:00, 24.25, 24.35, 24.12, 25.24, 23.24, 0, 0, 4.51
2019/04/23 09:55:00, 24.25, 24.31, 24.13, 25.20, 23.24, 0, 0, 4.51
2019/04/23 09:56:00, 24.25, 24.29, 24.12, 25.27, 23.25, 0, 0, 4.50
2019/04/23 09:57:00, 24.25, 24.29, 24.12, 25.23, 23.30, 0, 0, 4.51
2019/04/23 09:58:00, 24.25, 24.32, 24.10, 25.28, 23.33, 0, 0, 4.51
2019/04/23 09:59:00, 24.25, 24.27, 24.11, 25.28, 23.35, 0, 0, 4.51
2019/04/23 10:00:00, 24.25, 24.29, 24.09, 25.35, 23.35, 0, 0, 4.51
2019/04/23 10:01:00, 24.25, 24.26, 24.09, 25.33, 23.38, 0, 0, 4.51
2019/04/23 10:02:00, 24.25, 24.27, 24.09, 25.33, 23.41, 0, 0, 4.51
2019/04/23 10:03:00, 24.25, 24.25, 24.06, 25.41, 23.40, 0, 0, 4.51
2019/04/23 10:04:00, 24.25, 24.25, 24.07, 25.40, 23.44, 0, 0, 4.51
2019/04/23 10:05:00, 24.25, 24.27, 24.08, 25.42, 23.44, 0, 0, 4.50
2019/04/23 10:06:00, 24.25, 24.26, 24.08, 25.40, 23.45, 0, 0, 4.50
2019/04/23 10:07:00, 24.25, 24.26, 24.07, 25.44, 23.50, 0, 0, 4.51
2019/04/23 10:08:00, 24.25, 24.22, 24.06, 25.46, 23.46, 0, 0, 4.51
2019/04/23 10:09:00, 24.25, 24.22, 24.08, 25.49, 23.50, 0, 0, 4.51
2019/04/23 10:10:00, 24.25, 24.25, 24.06, 25.46, 23.50, 0, 0, 4.51
2019/04/23 10:11:00, 24.25, 24.25, 24.06, 25.41, 23.47, 0, 0, 4.51
2019/04/23 10:12:00, 24.25, 24.23, 24.07, 25.43, 23.47, 0, 0, 4.51
2019/04/23 10:13:00, 24.25, 24.26, 24.07, 25.43, 23.47, 0, 0, 4.51
2019/04/23 10:14:00, 24.25, 24.27, 24.08, 25.40, 23.45, 0, 0, 4.50
2019/04/23 10:15:00, 24.25, 24.25, 24.06, 25.36, 23.41, 0, 0, 4.50
2019/04/23 10:16:00, 24.25, 24.23, 24.08, 25.37, 23.38, 0, 0, 4.51
2019/04/23 10:17:00, 24.25, 24.25, 24.05, 25.40, 23.39, 0, 0, 4.51
2019/04/23 10:18:00, 24.25, 24.22, 24.06, 25.40, 23.42, 0, 0, 4.51
2019/04/23 10:19:00, 24.25, 24.25, 24.08, 25.36, 23.43, 0, 0, 4.51
2019/04/23 10:20:00, 24.25, 24.23, 24.04, 25.30, 23.38, 0, 0, 4.51
2019/04/23 10:21:00, 24.25, 24.25, 24.09, 25.22, 23.38, 0, 0, 4.51
2019/04/23 10:22:00, 24.25, 24.23, 24.07, 25.27, 23.31, 0, 0, 4.51
2019/04/23 10:23:00, 24.25, 24.25, 24.04, 25.30, 23.31, 0, 0, 4.51
2019/04/23 10:24:00, 24.25, 24.23, 24.06, 25.36, 23.37, 0, 0, 4.51
2019/04/23 10:25:00, 24.25, 24.26, 24.08, 25.35, 23.39, 0, 0, 4.51
2019/04/23 10:26:00, 24.25, 24.26, 24.08, 25.14, 23.31, 0, 0, 4.51
2019/04/23 10:27:00, 24.25, 24.25, 24.06, 25.16, 23.22, 0, 0, 4.51
2019/04/23 10:28:00, 24.25, 24.23, 24.06, 25.24, 23.22, 0, 0, 4.51
2019/04/23 10:29:00, 24.25, 24.22, 24.05, 25.24, 23.26, 0, 0, 4.50
2019/04/23 10:30:00, 24.25, 24.25, 24.04, 25.24, 23.28, 0, 0, 4.51
2019/04/23 10:31:00, 24.25, 24.25, 24.03, 25.28, 23.31, 0, 0, 4.51
2019/04/23 10:32:00, 24.25, 24.23, 24.04, 25.21, 23.26, 0, 0, 4.50
2019/04/23 10:33:00, 24.25, 24.26, 24.06, 25.24, 23.28, 0, 0, 4.51
2019/04/23 10:34:00, 24.25, 24.26, 24.06, 25.12, 23.19, 0, 0, 4.51
2019/04/23 10:35:00, 24.25, 24.27, 24.07, 25.22, 23.19, 0, 0, 4.51
2019/04/23 10:36:00, 24.25, 24.25, 24.07, 25.09, 23.17, 0, 0, 4.50
2019/04/23 10:37:00, 24.25, 24.23, 24.06, 25.09, 23.12, 0, 0, 4.51
2019/04/23 10:38:00, 24.25, 24.23, 24.05, 25.12, 23.15, 0, 0, 4.50
2019/04/23 10:39:00, 24.25, 24.23, 24.06, 25.09, 23.20, 0, 0, 4.51
2019/04/23 10:40:00, 24.25, 24.23, 24.05, 25.04, 23.12, 0, 0, 4.51
2019/04/23 10:41:00, 24.25, 24.20, 24.05, 25.08, 23.10, 0, 0, 4.51
2019/04/23 10:42:00, 24.25, 24.22, 24.04, 25.15, 23.15, 0, 0, 4.51
2019/04/23 10:43:00, 24.25, 24.20, 24.04, 25.12, 23.15, 0, 0, 4.50
2019/04/23 10:44:00, 24.25, 24.23, 24.04, 25.12, 23.15, 0, 0, 4.50
2019/04/23 10:45:00, 24.25, 24.23, 24.05, 25.09, 23.16, 0, 0, 4.50
2019/04/23 10:46:00, 24.25, 24.23, 24.05, 25.04, 23.11, 0, 0, 4.50
2019/04/23 10:47:00, 24.25, 24.22, 24.04, 25.05, 23.06, 0, 0, 4.50
2019/04/23 10:48:00, 24.25, 24.22, 24.04, 25.03, 23.06, 0, 0, 4.51
2019/04/23 10:49:00, 24.25, 24.22, 24.07, 25.11, 23.12, 0, 0, 4.51
2019/04/23 10:50:00, 24.25, 24.23, 24.04, 24.96, 23.07, 0, 0, 4.51
2019/04/23 10:51:00, 24.25, 24.25, 24.08, 24.99, 23.04, 0, 0, 4.50
2019/04/23 10:52:00, 24.25, 24.27, 24.08, 24.90, 23.02, 0, 0, 4.50
2019/04/23 10:53:00, 24.25, 24.26, 24.06, 24.92, 22.95, 0, 0, 4.50
2019/04/23 10:54:00, 24.25, 24.23, 24.07, 24.87, 22.96, 0, 0, 4.51
2019/04/23 10:55:00, 24.25, 24.23, 24.06, 24.94, 22.98, 0, 0, 4.50
2019/04/23 10:56:00, 24.25, 24.23, 24.04, 24.99, 23.00, 0, 0, 4.50
2019/04/23 10:57:00, 24.25, 24.27, 24.08, 25.11, 23.10, 0, 0, 4.50
2019/04/23 10:58:00, 24.25, 24.31, 24.12, 25.01, 23.15, 0, 0, 4.51
2019/04/23 10:59:00, 24.25, 24.32, 24.15, 24.97, 23.04, 0, 0, 4.51
2019/04/23 11:00:00, 24.25, 24.35, 24.17, 24.93, 22.99, 0, 0, 4.51
2019/04/23 11:01:00, 24.25, 24.38, 24.19, 24.91, 22.96, 0, 0, 4.50
2019/04/23 11:02:00, 24.25, 24.38, 24.20, 24.79, 22.90, 0, 0, 4.50
2019/04/23 11:03:00, 24.25, 24.39, 24.23, 24.75, 22.83, 0, 0, 4.51
2019/04/23 11:04:00, 24.25, 24.39, 24.21, 24.79, 22.86, 0, 0, 4.50
2019/04/23 11:05:00, 24.25, 24.39, 24.21, 24.85, 22.86, 0, 0, 4.50
2019/04/23 11:06:00, 24.25, 24.39, 24.22, 24.73, 22.83, 0, 0, 4.50
2019/04/23 11:07:00, 24.25, 24.40, 24.21, 24.71, 22.77, 0, 0, 4.50
2019/04/23 11:08:00, 24.25, 24.38, 24.19, 24.62, 22.66, 0, 0, 4.51
2019/04/23 11:09:00, 24.25, 24.33, 24.15, 24.66, 22.65, 0, 0, 4.50
2019/04/23 11:10:00, 24.25, 24.31, 24.16, 24.66, 22.67, 0, 0, 4.50
2019/04/23 11:11:00, 24.25, 24.33, 24.13, 24.70, 22.70, 0, 0, 4.50
2019/04/23 11:12:00, 24.25, 24.33, 24.13, 24.75, 22.74, 0, 0, 4.50
2019/04/23 11:13:00, 24.25, 24.33, 24.16, 24.59, 22.70, 0, 0, 4.50
2019/04/23 11:14:00, 24.25, 24.32, 24.15, 24.64, 22.64, 0, 0, 4.50
2019/04/23 11:15:00, 24.25, 24.32, 24.12, 24.61, 22.65, 0, 0, 4.50
2019/04/23 11:16:00, 24.25, 24.31, 24.15, 24.60, 22.65, 0, 0, 4.50
2019/04/23 11:17:00, 24.25, 24.31, 24.10, 24.57, 22.57, 0, 0, 4.50
2019/04/23 11:18:00, 24.25, 24.31, 24.11, 24.61, 22.67, 0, 0, 4.50
2019/04/23 11:19:00, 24.25, 24.31, 24.11, 24.58, 22.68, 0, 0, 4.50
2019/04/23 11:20:00, 24.25, 24.31, 24.12, 24.66, 22.67, 0, 0, 4.50
2019/04/23 11:21:00, 24.25, 24.32, 24.11, 24.60, 22.66, 0, 0, 4.50
2019/04/23 11:22:00, 24.25, 24.27, 24.10, 24.62, 22.64, 0, 0, 4.50
2019/04/23 11:23:00, 24.25, 24.26, 24.10, 24.59, 22.62, 0, 0, 4.50
2019/04/23 11:24:00, 24.25, 24.25, 24.09, 24.64, 22.65, 0, 0, 4.50
2019/04/23 11:25:00, 24.25, 24.26, 24.06, 24.68, 22.67, 0, 0, 4.50
2019/04/23 11:26:00, 24.25, 24.29, 24.11, 24.66, 22.73, 0, 0, 4.50
2019/04/23 11:27:00, 24.25, 24.25, 24.08, 24.60, 22.64, 0, 0, 4.50
2019/04/23 11:28:00, 24.25, 24.23, 24.06, 24.65, 22.64, 0, 0, 4.50
2019/04/23 11:29:00, 24.25, 24.23, 24.07, 24.67, 22.70, 0, 0, 4.50
2019/04/23 11:30:00, 24.25, 24.23, 24.06, 24.71, 22.70, 0, 0, 4.51
2019/04/23 11:31:00, 24.25, 24.25, 24.07, 24.62, 22.67, 0, 0, 4.50
2019/04/23 11:32:00, 24.25, 24.22, 24.05, 24.74, 22.72, 0, 0, 4.50
2019/04/23 11:33:00, 24.25, 24.22, 24.04, 24.75, 22.73, 0, 0, 4.50
2019/04/23 11:34:00, 24.25, 24.19, 24.05, 24.75, 22.75, 0, 0, 4.50
2019/04/23 11:35:00, 24.25, 24.19, 24.03, 24.69, 22.74, 0, 0, 4.50
2019/04/23 11:36:00, 24.25, 24.19, 24.01, 24.73, 22.73, 0, 0, 4.50
2019/04/23 11:37:00, 24.25, 24.20, 24.04, 24.78, 22.82, 0, 0, 4.50
2019/04/23 11:38:00, 24.25, 24.22, 24.03, 24.72, 22.79, 0, 0, 4.50
2019/04/23 11:39:00, 24.25, 24.19, 24.05, 24.75, 22.75, 0, 0, 4.50
2019/04/23 11:40:00, 24.25, 24.22, 24.04, 24.78, 22.83, 0, 0, 4.50
2019/04/23 11:41:00, 24.25, 24.23, 24.06, 24.78, 22.82, 0, 0, 4.50
2019/04/23 11:42:00, 24.25, 24.25, 24.05, 24.67, 22.77, 0, 0, 4.50
2019/04/23 11:43:00, 24.25, 24.22, 24.06, 24.70, 22.74, 0, 0, 4.50
2019/04/23 11:44:00, 24.25, 24.23, 24.05, 24.71, 22.73, 0, 0, 4.50
2019/04/23 11:45:00, 24.25, 24.23, 24.07, 24.68, 22.77, 0, 0, 4.50
2019/04/23 11:46:00, 24.25, 24.22, 24.04, 24.69, 22.70, 0, 0, 4.50
2019/04/23 11:47:00, 24.25, 24.25, 24.06, 24.72, 22.73, 0, 0, 4.51
2019/04/23 11:48:00, 24.25, 24.23, 24.06, 24.68, 22.75, 0, 0, 4.50
2019/04/23 11:49:00, 24.25, 24.25, 24.06, 24.67, 22.75, 0, 0, 4.50
2019/04/23 11:50:00, 24.25, 24.29, 24.09, 24.68, 22.75, 0, 0, 4.50
2019/04/23 11:51:00, 24.25, 24.26, 24.07, 24.68, 22.73, 0, 0, 4.50
2019/04/23 11:52:00, 24.25, 24.27, 24.10, 24.67, 22.72, 0, 0, 4.50
2019/04/23 11:53:00, 24.25, 24.29, 24.10, 24.66, 22.71, 0, 0, 4.50
2019/04/23 11:54:00, 24.25, 24.29, 24.09, 24.62, 22.70, 0, 0, 4.50
2019/04/23 11:55:00, 24.25, 24.29, 24.10, 24.64, 22.67, 0, 0, 4.50
2019/04/23 11:56:00, 24.25, 24.27, 24.10, 24.39, 22.52, 0, 0, 4.50
2019/04/23 11:57:00, 24.25, 24.25, 24.08, 24.52, 22.54, 0, 0, 4.50
2019/04/23 11:58:00, 24.25, 24.26, 24.07, 24.57, 22.61, 0, 0, 4.50
2019/04/23 11:59:00, 24.25, 24.25, 24.08, 24.43, 22.55, 0, 0, 4.50
2019/04/23 12:00:00, 24.25, 24.22, 24.06, 24.48, 22.48, 0, 0, 4.50
2019/04/23 12:01:00, 24.25, 24.26, 24.06, 24.49, 22.55, 0, 0, 4.50
2019/04/23 12:02:00, 24.25, 24.23, 24.04, 24.50, 22.54, 0, 0, 4.50
2019/04/23 12:03:00, 24.25, 24.25, 24.06, 24.52, 22.54, 0, 0, 4.50
2019/04/23 12:04:00, 24.25, 24.26, 24.06, 24.46, 22.53, 0, 0, 4.50
2019/04/23 12:05:00, 24.25, 24.27, 24.06, 24.52, 22.55, 0, 0, 4.50
2019/04/23 12:06:00, 24.25, 24.25, 24.08, 24.62, 22.58, 0, 0, 4.50
2019/04/23 12:07:00, 24.25, 24.27, 24.08, 26.78, 23.00, 0, 0, 4.50
2019/04/23 12:08:00, 24.25, 24.27, 24.10, 24.78, 23.16, 0, 0, 4.50
2019/04/23 12:09:00, 24.25, 24.29, 24.09, 24.84, 22.91, 0, 0, 4.50
2019/04/23 12:10:00, 24.25, 24.29, 24.11, 24.79, 22.85, 0, 0, 4.50
2019/04/23 12:11:00, 24.25, 24.33, 24.12, 24.58, 22.73, 0, 0, 4.50
2019/04/23 12:12:00, 24.25, 24.32, 24.13, 24.52, 22.55, 0, 0, 4.50
2019/04/23 12:13:00, 24.25, 24.35, 24.13, 24.52, 22.57, 0, 0, 4.50
2019/04/23 12:14:00, 24.25, 24.33, 24.13, 24.51, 22.54, 0, 0, 4.50
2019/04/23 12:15:00, 24.25, 24.29, 24.11, 24.44, 22.52, 0, 0, 4.50
2019/04/23 12:16:00, 24.25, 24.31, 24.11, 24.55, 22.56, 0, 0, 4.50
2019/04/23 12:17:00, 24.25, 24.32, 24.11, 24.49, 22.57, 0, 0, 4.50
2019/04/23 12:18:00, 24.25, 24.32, 24.15, 24.48, 22.57, 0, 0, 4.50
2019/04/23 12:19:00, 24.25, 24.36, 24.17, 24.60, 22.60, 0, 0, 4.50
2019/04/23 12:20:00, 24.25, 24.36, 24.17, 24.53, 22.63, 0, 0, 4.50
2019/04/23 12:21:00, 24.25, 24.38, 24.22, 24.50, 22.61, 0, 0, 4.50
2019/04/23 12:22:00, 24.25, 24.39, 24.20, 24.44, 22.51, 0, 0, 4.50
2019/04/23 12:23:00, 24.25, 24.40, 24.22, 24.50, 22.51, 0, 0, 4.50
2019/04/23 12:24:00, 24.25, 24.43, 24.24, 24.49, 22.52, 0, 0, 4.50
2019/04/23 12:25:00, 24.25, 24.44, 24.25, 24.36, 22.48, 0, 0, 4.50
2019/04/23 12:26:00, 24.25, 24.44, 24.27, 24.30, 22.38, 0, 0, 4.50
2019/04/23 12:27:00, 24.25, 24.46, 24.27, 24.35, 22.38, 0, 0, 4.50
2019/04/23 12:28:00, 24.25, 24.47, 24.28, 24.40, 22.46, 0, 0, 4.50
2019/04/23 12:29:00, 24.25, 24.47, 24.28, 24.37, 22.43, 0, 0, 4.50
2019/04/23 12:30:00, 24.25, 24.50, 24.31, 24.36, 22.44, 0, 0, 4.50
2019/04/23 12:31:00, 24.25, 24.49, 24.33, 24.45, 22.43, 0, 0, 4.50
2019/04/23 12:32:00, 24.25, 24.52, 24.32, 24.32, 22.39, 0, 0, 4.50
2019/04/23 12:33:00, 24.25, 24.53, 24.34, 24.36, 22.40, 0, 0, 4.50
2019/04/23 12:34:00, 24.25, 24.50, 24.36, 24.35, 22.38, 0, 0, 4.50
2019/04/23 12:35:00, 24.25, 24.52, 24.34, 24.35, 22.34, 0, 0, 4.50
2019/04/23 12:36:00, 24.25, 24.50, 24.33, 24.38, 22.41, 0, 0, 4.50
2019/04/23 12:37:00, 24.25, 24.52, 24.33, 24.42, 22.45, 0, 0, 4.50
2019/04/23 12:38:00, 24.25, 24.54, 24.35, 24.44, 22.49, 0, 0, 4.50
2019/04/23 12:39:00, 24.25, 24.54, 24.34, 24.44, 22.46, 0, 0, 4.50
2019/04/23 12:40:00, 24.25, 24.56, 24.37, 24.50, 22.48, 0, 0, 4.50
2019/04/23 12:41:00, 24.25, 24.54, 24.38, 24.35, 22.45, 0, 0, 4.50
2019/04/23 12:42:00, 24.25, 24.57, 24.38, 24.38, 22.42, 0, 0, 4.50
2019/04/23 12:43:00, 24.25, 24.59, 24.38, 24.44, 22.44, 0, 0, 4.50
2019/04/23 12:44:00, 24.50, 24.56, 24.38, 24.40, 22.43, 0, 0, 4.50
2019/04/23 12:45:00, 24.50, 24.57, 24.40, 24.47, 22.48, 0, 0, 4.50
2019/04/23 12:46:00, 24.50, 24.57, 24.39, 24.48, 22.45, 0, 0, 4.50
2019/04/23 12:47:00, 24.25, 24.52, 24.35, 24.45, 22.47, 0, 0, 4.50
2019/04/23 12:48:00, 24.25, 24.52, 24.36, 24.60, 22.54, 0, 0, 4.50
2019/04/23 12:49:00, 24.25, 24.56, 24.37, 24.57, 22.61, 0, 0, 4.50
2019/04/23 12:50:00, 24.25, 24.56, 24.38, 24.57, 22.61, 0, 0, 4.50
2019/04/23 12:51:00, 24.50, 24.56, 24.36, 24.58, 22.57, 0, 0, 4.50
2019/04/23 12:52:00, 24.50, 24.57, 24.41, 24.59, 22.58, 0, 0, 4.50
2019/04/23 12:53:00, 24.50, 24.57, 24.39, 24.54, 22.58, 0, 0, 4.50
2019/04/23 12:54:00, 24.50, 24.57, 24.39, 24.56, 22.58, 0, 0, 4.50
2019/04/23 12:55:00, 24.50, 24.57, 24.40, 24.52, 22.58, 0, 0, 4.50
2019/04/23 12:56:00, 24.50, 24.59, 24.39, 24.55, 22.58, 0, 0, 4.50
2019/04/23 12:57:00, 24.50, 24.60, 24.42, 24.56, 22.59, 0, 0, 4.50
2019/04/23 12:58:00, 24.50, 24.59, 24.42, 24.55, 22.60, 0, 0, 4.50
2019/04/23 12:59:00, 24.50, 24.63, 24.43, 24.56, 22.60, 0, 0, 4.50
2019/04/23 13:00:00, 24.50, 24.61, 24.46, 24.58, 22.63, 0, 0, 4.50
2019/04/23 13:01:00, 24.50, 24.61, 24.42, 24.60, 22.64, 0, 0, 4.50
2019/04/23 13:02:00, 24.50, 24.63, 24.43, 24.64, 22.66, 0, 0, 4.50
2019/04/23 13:03:00, 24.50, 24.61, 24.45, 24.64, 22.66, 0, 0, 4.50
2019/04/23 13:04:00, 24.50, 24.64, 24.48, 24.69, 22.68, 0, 0, 4.50
2019/04/23 13:05:00, 24.50, 24.63, 24.47, 24.68, 22.70, 0, 0, 4.50
2019/04/23 13:06:00, 24.50, 24.66, 24.47, 24.77, 22.73, 0, 0, 4.50
2019/04/23 13:07:00, 24.50, 24.64, 24.46, 24.71, 22.73, 0, 0, 4.50
2019/04/23 13:08:00, 24.50, 24.66, 24.48, 24.65, 22.71, 0, 0, 4.50
2019/04/23 13:09:00, 24.50, 24.67, 24.49, 24.69, 22.73, 0, 0, 4.50
2019/04/23 13:10:00, 24.50, 24.67, 24.48, 24.77, 22.73, 0, 0, 4.50
2019/04/23 13:11:00, 24.50, 24.64, 24.49, 24.65, 22.73, 0, 0, 4.50
2019/04/23 13:12:00, 24.50, 24.66, 24.49, 24.77, 22.77, 0, 0, 4.50
2019/04/23 13:13:00, 24.50, 24.66, 24.49, 24.77, 22.80, 0, 0, 4.50
2019/04/23 13:14:00, 24.50, 24.64, 24.47, 24.75, 22.76, 0, 0, 4.50
2019/04/23 13:15:00, 24.50, 24.61, 24.47, 24.83, 22.84, 0, 0, 4.50
2019/04/23 13:16:00, 24.50, 24.67, 24.48, 24.80, 22.90, 0, 0, 4.50
2019/04/23 13:17:00, 24.50, 24.67, 24.50, 24.82, 22.83, 0, 0, 4.50
2019/04/23 13:18:00, 24.50, 24.66, 24.50, 24.84, 22.84, 0, 0, 4.50
2019/04/23 13:19:00, 24.50, 24.66, 24.52, 24.71, 22.81, 0, 0, 4.50
2019/04/23 13:20:00, 24.50, 24.70, 24.50, 24.83, 22.85, 0, 0, 4.50
2019/04/23 13:21:00, 24.50, 24.70, 24.52, 24.88, 22.90, 0, 0, 4.50
2019/04/23 13:22:00, 24.50, 24.67, 24.52, 24.95, 22.95, 0, 0, 4.50
2019/04/23 13:23:00, 24.50, 24.69, 24.53, 24.92, 22.93, 0, 0, 4.50
2019/04/23 13:24:00, 24.50, 24.69, 24.55, 24.89, 22.91, 0, 0, 4.50
2019/04/23 13:25:00, 24.50, 24.69, 24.53, 24.79, 22.88, 0, 0, 4.50
2019/04/23 13:26:00, 24.50, 24.73, 24.55, 24.88, 22.89, 0, 0, 4.50
2019/04/23 13:27:00, 24.50, 24.74, 24.55, 24.84, 22.89, 0, 0, 4.50
2019/04/23 13:28:00, 24.50, 24.74, 24.55, 24.85, 22.87, 0, 0, 4.50
2019/04/23 13:29:00, 24.50, 24.73, 24.55, 24.85, 22.86, 0, 0, 4.50
2019/04/23 13:30:00, 24.50, 24.74, 24.55, 24.92, 22.90, 0, 0, 4.50
2019/04/23 13:31:00, 24.50, 24.74, 24.56, 24.95, 22.93, 0, 0, 4.50
2019/04/23 13:32:00, 24.50, 24.71, 24.55, 24.97, 23.00, 0, 0, 4.50
2019/04/23 13:33:00, 24.50, 24.74, 24.55, 25.54, 23.13, 0, 0, 4.50
2019/04/23 13:34:00, 24.50, 24.69, 24.54, 25.12, 23.23, 0, 0, 4.50
2019/04/23 13:35:00, 24.50, 24.66, 24.48, 25.17, 23.18, 0, 0, 4.50
2019/04/23 13:36:00, 24.50, 24.63, 24.48, 25.18, 23.22, 0, 0, 4.50
2019/04/23 13:37:00, 24.50, 24.61, 24.43, 25.30, 23.29, 0, 0, 4.50
2019/04/23 13:38:00, 24.50, 24.61, 24.46, 25.25, 23.30, 0, 0, 4.50
2019/04/23 13:39:00, 24.50, 24.63, 24.46, 25.28, 23.32, 0, 0, 4.50
2019/04/23 13:40:00, 24.50, 24.66, 24.49, 25.22, 23.31, 0, 0, 4.50
2019/04/23 13:41:00, 24.50, 24.60, 24.47, 25.21, 23.23, 0, 0, 4.50
2019/04/23 13:42:00, 24.50, 24.63, 24.46, 25.27, 23.29, 0, 0, 4.50
2019/04/23 13:43:00, 24.50, 24.63, 24.46, 25.25, 23.28, 0, 0, 4.50
2019/04/23 13:44:00, 24.50, 24.61, 24.43, 25.27, 23.31, 0, 0, 4.50
2019/04/23 13:45:00, 24.50, 24.61, 24.42, 25.27, 23.32, 0, 0, 4.50
2019/04/23 13:46:00, 24.50, 24.60, 24.43, 25.30, 23.32, 0, 0, 4.50
2019/04/23 13:47:00, 24.50, 24.59, 24.41, 25.28, 23.34, 0, 0, 4.50
2019/04/23 13:48:00, 24.50, 24.59, 24.41, 25.31, 23.33, 0, 0, 4.50
2019/04/23 13:49:00, 24.50, 24.60, 24.41, 25.25, 23.32, 0, 0, 4.50
2019/04/23 13:50:00, 24.50, 24.57, 24.37, 25.20, 23.26, 0, 0, 4.50
2019/04/23 13:51:00, 24.50, 24.53, 24.35, 25.35, 23.36, 0, 0, 4.50
2019/04/23 13:52:00, 24.50, 24.53, 24.36, 25.32, 23.38, 0, 0, 4.50
2019/04/23 13:53:00, 24.50, 24.50, 24.35, 25.42, 23.42, 0, 0, 4.50
2019/04/23 13:54:00, 24.50, 24.50, 24.33, 25.45, 23.46, 0, 0, 4.50
2019/04/23 13:55:00, 24.50, 24.49, 24.32, 25.49, 23.51, 0, 0, 4.50
2019/04/23 13:56:00, 24.50, 24.50, 24.32, 25.58, 23.60, 0, 0, 4.50
2019/04/23 13:57:00, 24.50, 24.50, 24.32, 25.55, 23.59, 0, 0, 4.50
2019/04/23 13:58:00, 24.50, 24.52, 24.34, 25.52, 23.58, 0, 0, 4.50
2019/04/23 13:59:00, 24.50, 24.49, 24.32, 25.52, 23.58, 0, 0, 4.50
2019/04/23 14:00:00, 24.50, 24.47, 24.33, 25.51, 23.55, 0, 0, 4.50
2019/04/23 14:01:00, 24.50, 24.47, 24.31, 25.64, 23.57, 0, 0, 4.50
2019/04/23 14:02:00, 24.50, 24.46, 24.28, 25.57, 23.59, 0, 0, 4.50
2019/04/23 14:03:00, 24.50, 24.47, 24.30, 25.60, 23.65, 0, 0, 4.50
2019/04/23 14:04:00, 24.50, 24.47, 24.31, 25.62, 23.64, 0, 0, 4.50
2019/04/23 14:05:00, 24.50, 24.46, 24.33, 25.67, 23.70, 0, 0, 4.50
2019/04/23 14:06:00, 24.50, 24.50, 24.33, 25.63, 23.64, 0, 0, 4.50
2019/04/23 14:07:00, 24.50, 24.50, 24.34, 25.58, 23.66, 0, 0, 4.50
2019/04/23 14:08:00, 24.50, 24.53, 24.37, 25.61, 23.67, 0, 0, 4.50
2019/04/23 14:09:00, 24.50, 24.54, 24.37, 25.67, 23.68, 0, 0, 4.50
2019/04/23 14:10:00, 24.50, 24.56, 24.38, 25.66, 23.67, 0, 0, 4.50
2019/04/23 14:11:00, 24.50, 24.56, 24.38, 25.51, 23.62, 0, 0, 4.50
2019/04/23 14:12:00, 24.50, 24.52, 24.36, 25.60, 23.62, 0, 0, 4.50
2019/04/23 14:13:00, 24.50, 24.53, 24.35, 25.64, 23.64, 0, 0, 4.50
2019/04/23 14:14:00, 24.50, 24.50, 24.35, 25.69, 23.64, 0, 0, 4.50
2019/04/23 14:15:00, 24.50, 24.47, 24.34, 25.75, 23.73, 0, 0, 4.50
2019/04/23 14:16:00, 24.50, 24.46, 24.32, 25.73, 23.78, 0, 0, 4.50
2019/04/23 14:17:00, 24.50, 24.44, 24.32, 25.77, 23.76, 0, 0, 4.50
2019/04/23 14:18:00, 24.50, 24.49, 24.31, 25.83, 23.90, 0, 0, 4.50
2019/04/23 14:19:00, 24.50, 24.47, 24.30, 25.90, 23.92, 0, 0, 4.50
2019/04/23 14:20:00, 24.50, 24.49, 24.31, 25.86, 23.92, 0, 0, 4.50
2019/04/23 14:21:00, 24.50, 24.47, 24.31, 25.89, 23.91, 0, 0, 4.50
2019/04/23 14:22:00, 24.50, 24.44, 24.32, 25.83, 23.83, 0, 0, 4.50
2019/04/23 14:23:00, 24.50, 24.46, 24.33, 25.90, 23.87, 0, 0, 4.50
2019/04/23 14:24:00, 24.50, 24.50, 24.32, 26.05, 23.99, 0, 0, 4.50
2019/04/23 14:25:00, 24.50, 24.47, 24.32, 25.90, 23.96, 0, 0, 4.50
2019/04/23 14:26:00, 24.50, 24.44, 24.27, 25.96, 23.93, 0, 0, 4.50
2019/04/23 14:27:00, 24.50, 24.39, 24.24, 25.88, 23.94, 0, 0, 4.50
2019/04/23 14:28:00, 24.50, 24.40, 24.21, 26.00, 23.99, 0, 0, 4.50
2019/04/23 14:29:00, 24.50, 24.38, 24.23, 26.12, 24.08, 0, 0, 4.50
2019/04/23 14:30:00, 24.50, 24.35, 24.19, 26.08, 24.09, 0, 0, 4.50
2019/04/23 14:31:00, 24.50, 24.33, 24.17, 26.14, 24.12, 0, 0, 4.50
2019/04/23 14:32:00, 24.50, 24.33, 24.13, 26.18, 24.18, 0, 0, 4.50
2019/04/23 14:33:00, 24.50, 24.27, 24.11, 26.23, 24.22, 0, 0, 4.50
2019/04/23 14:34:00, 24.50, 24.29, 24.10, 26.24, 24.28, 0, 0, 4.50
2019/04/23 14:35:00, 24.50, 24.26, 24.10, 26.50, 24.49, 0, 0, 4.50
2019/04/23 14:36:00, 24.25, 24.26, 24.10, 26.44, 24.50, 0, 0, 4.50
2019/04/23 14:37:00, 24.25, 24.26, 24.13, 26.46, 24.52, 0, 0, 4.50
2019/04/23 14:38:00, 24.25, 24.27, 24.13, 26.38, 24.48, 0, 0, 4.50
2019/04/23 14:39:00, 24.25, 24.33, 24.17, 26.45, 24.50, 0, 0, 4.50
2019/04/23 14:40:00, 24.25, 24.33, 24.15, 26.36, 24.40, 0, 0, 4.50
2019/04/23 14:41:00, 24.25, 24.35, 24.15, 26.30, 24.34, 0, 0, 4.50
2019/04/23 14:42:00, 24.25, 24.35, 24.18, 26.29, 24.37, 0, 0, 4.50
2019/04/23 14:43:00, 24.25, 24.38, 24.19, 26.39, 24.41, 0, 0, 4.50
2019/04/23 14:44:00, 24.50, 24.40, 24.21, 26.37, 24.43, 0, 0, 4.50
2019/04/23 14:45:00, 24.25, 24.40, 24.25, 26.28, 24.39, 0, 0, 4.50
2019/04/23 14:46:00, 24.25, 24.42, 24.26, 26.25, 24.32, 0, 0, 4.50
2019/04/23 14:47:00, 24.50, 24.44, 24.26, 26.18, 24.28, 0, 0, 4.50
2019/04/23 14:48:00, 24.50, 24.44, 24.28, 26.24, 24.27, 0, 0, 4.50
2019/04/23 14:49:00, 24.50, 24.46, 24.28, 26.23, 24.29, 0, 0, 4.50
2019/04/23 14:50:00, 24.50, 24.46, 24.28, 26.24, 24.31, 0, 0, 4.50
2019/04/23 14:51:00, 24.50, 24.47, 24.30, 26.18, 24.26, 0, 0, 4.50
2019/04/23 14:52:00, 24.50, 24.46, 24.30, 26.15, 24.17, 0, 0, 4.50
2019/04/23 14:53:00, 24.50, 24.46, 24.27, 26.01, 24.12, 0, 0, 4.50
2019/04/23 14:54:00, 24.50, 24.42, 24.27, 26.18, 24.18, 0, 0, 4.50
2019/04/23 14:55:00, 24.50, 24.42, 24.24, 26.22, 24.25, 0, 0, 4.50
2019/04/23 14:56:00, 24.50, 24.40, 24.23, 26.29, 24.31, 0, 0, 4.50
2019/04/23 14:57:00, 24.50, 24.39, 24.22, 26.25, 24.27, 0, 0, 4.50
2019/04/23 14:58:00, 24.25, 24.40, 24.23, 26.29, 24.31, 0, 0, 4.50
2019/04/23 14:59:00, 24.25, 24.38, 24.23, 26.12, 24.25, 0, 0, 4.50
2019/04/23 15:00:00, 24.25, 24.39, 24.21, 26.22, 24.25, 0, 0, 4.50
2019/04/23 15:01:00, 24.25, 24.39, 24.22, 26.13, 24.27, 0, 0, 4.50
2019/04/23 15:02:00, 24.25, 24.40, 24.20, 26.22, 24.27, 0, 0, 4.50
2019/04/23 15:03:00, 24.25, 24.42, 24.24, 26.22, 24.28, 0, 0, 4.50
2019/04/23 15:04:00, 24.25, 24.43, 24.27, 26.19, 24.27, 0, 0, 4.50
2019/04/23 15:05:00, 24.25, 24.43, 24.26, 25.96, 24.12, 0, 0, 4.50
2019/04/23 15:06:00, 24.25, 24.46, 24.27, 26.11, 24.13, 0, 0, 4.50
2019/04/23 15:07:00, 24.25, 24.46, 24.26, 26.08, 24.15, 0, 0, 4.50
2019/04/23 15:08:00, 24.25, 24.46, 24.27, 26.07, 24.11, 0, 0, 4.50
2019/04/23 15:09:00, 24.50, 24.46, 24.28, 25.96, 24.12, 0, 0, 4.50
2019/04/23 15:10:00, 24.50, 24.44, 24.27, 26.03, 24.05, 0, 0, 4.50
2019/04/23 15:11:00, 24.25, 24.44, 24.27, 26.07, 24.13, 0, 0, 4.50
2019/04/23 15:12:00, 24.25, 24.40, 24.23, 26.09, 24.13, 0, 0, 4.50
2019/04/23 15:13:00, 24.25, 24.38, 24.21, 26.07, 24.10, 0, 0, 4.50
2019/04/23 15:14:00, 24.25, 24.32, 24.18, 26.14, 24.18, 0, 0, 4.50
2019/04/23 15:15:00, 24.25, 24.31, 24.17, 26.17, 24.20, 0, 0, 4.50
2019/04/23 15:16:00, 24.25, 24.31, 24.12, 26.26, 24.25, 0, 0, 4.50
2019/04/23 15:17:00, 24.25, 24.29, 24.13, 26.30, 24.31, 0, 0, 4.50
2019/04/23 15:18:00, 24.25, 24.26, 24.12, 26.18, 24.22, 0, 0, 4.50
2019/04/23 15:19:00, 24.25, 24.23, 24.09, 26.09, 24.12, 0, 0, 4.50
2019/04/23 15:20:00, 24.25, 24.23, 24.06, 26.19, 24.22, 0, 0, 4.50
2019/04/23 15:21:00, 24.25, 24.25, 24.07, 26.31, 24.31, 0, 0, 4.50
2019/04/23 15:22:00, 24.25, 24.22, 24.07, 26.35, 24.38, 0, 0, 4.50
2019/04/23 15:23:00, 24.25, 24.20, 24.05, 26.27, 24.34, 0, 0, 4.50
2019/04/23 15:24:00, 24.25, 24.25, 24.07, 26.37, 24.40, 0, 0, 4.50
2019/04/23 15:25:00, 24.25, 24.20, 24.06, 26.35, 24.39, 0, 0, 4.50
2019/04/23 15:26:00, 24.25, 24.23, 24.06, 26.28, 24.34, 0, 0, 4.50
2019/04/23 15:27:00, 24.25, 24.22, 24.08, 26.28, 24.37, 0, 0, 4.50
2019/04/23 15:28:00, 24.25, 24.26, 24.10, 26.19, 24.33, 0, 0, 4.50
2019/04/23 15:29:00, 24.25, 24.29, 24.11, 26.20, 24.24, 0, 0, 4.50
2019/04/23 15:30:00, 24.25, 24.27, 24.10, 26.09, 24.17, 0, 0, 4.50
2019/04/23 15:31:00, 24.25, 24.27, 24.10, 26.11, 24.12, 0, 0, 4.50
2019/04/23 15:32:00, 24.25, 24.31, 24.12, 26.09, 24.17, 0, 0, 4.50
2019/04/23 15:33:00, 24.25, 24.31, 24.16, 26.12, 24.17, 0, 0, 4.50
2019/04/23 15:34:00, 24.25, 24.31, 24.15, 26.04, 24.12, 0, 0, 4.50
2019/04/23 15:35:00, 24.25, 24.29, 24.11, 26.07, 24.11, 0, 0, 4.50
2019/04/23 15:36:00, 24.25, 24.29, 24.12, 26.08, 24.13, 0, 0, 4.50
2019/04/23 15:37:00, 24.25, 24.27, 24.13, 25.99, 24.09, 0, 0, 4.50
2019/04/23 15:38:00, 24.25, 24.32, 24.12, 26.23, 24.20, 0, 0, 4.50
2019/04/23 15:39:00, 24.25, 24.32, 24.16, 25.98, 24.15, 0, 0, 4.50
2019/04/23 15:40:00, 24.25, 24.33, 24.17, 26.04, 24.12, 0, 0, 4.50
2019/04/23 15:41:00, 24.25, 24.35, 24.18, 26.02, 24.09, 0, 0, 4.50
2019/04/23 15:42:00, 24.25, 24.36, 24.19, 25.98, 24.12, 0, 0, 4.50
2019/04/23 15:43:00, 24.25, 24.38, 24.20, 26.00, 24.05, 0, 0, 4.50
2019/04/23 15:44:00, 24.25, 24.39, 24.23, 25.91, 24.01, 0, 0, 4.50
2019/04/23 15:45:00, 24.25, 24.40, 24.22, 25.98, 24.02, 0, 0, 4.50
2019/04/23 15:46:00, 24.25, 24.42, 24.24, 25.88, 23.99, 0, 0, 4.50
2019/04/23 15:47:00, 24.25, 24.42, 24.25, 25.94, 24.01, 0, 0, 4.50
2019/04/23 15:48:00, 24.25, 24.44, 24.25, 25.86, 23.99, 0, 0, 4.50
2019/04/23 15:49:00, 24.25, 24.44, 24.25, 25.87, 23.93, 0, 0, 4.50
2019/04/23 15:50:00, 24.25, 24.46, 24.28, 25.89, 23.96, 0, 0, 4.50
2019/04/23 15:51:00, 24.25, 24.50, 24.31, 25.89, 23.96, 0, 0, 4.50
2019/04/23 15:52:00, 24.25, 24.52, 24.32, 25.71, 23.88, 0, 0, 4.50
2019/04/23 15:53:00, 24.25, 24.52, 24.35, 25.70, 23.80, 0, 0, 4.50
2019/04/23 15:54:00, 24.25, 24.54, 24.34, 25.65, 23.75, 0, 0, 4.50
2019/04/23 15:55:00, 24.25, 24.57, 24.38, 25.65, 23.73, 0, 0, 4.50
2019/04/23 15:56:00, 24.25, 24.57, 24.39, 25.65, 23.69, 0, 0, 4.50
2019/04/23 15:57:00, 24.50, 24.60, 24.43, 25.54, 23.62, 0, 0, 4.50
2019/04/23 15:58:00, 24.50, 24.61, 24.46, 25.53, 23.60, 0, 0, 4.50
2019/04/23 15:59:00, 24.50, 24.61, 24.43, 25.49, 23.56, 0, 0, 4.50
2019/04/23 16:00:00, 24.50, 24.61, 24.45, 25.42, 23.54, 0, 0, 4.50
2019/04/23 16:01:00, 24.50, 24.64, 24.45, 25.40, 23.48, 0, 0, 4.50
2019/04/23 16:02:00, 24.50, 24.66, 24.46, 25.43, 23.46, 0, 0, 4.50
2019/04/23 16:03:00, 24.50, 24.63, 24.46, 25.34, 23.44, 0, 0, 4.50
2019/04/23 16:04:00, 24.50, 24.64, 24.46, 25.31, 23.40, 0, 0, 4.50
2019/04/23 16:05:00, 24.50, 24.60, 24.43, 25.43, 23.47, 0, 0, 4.50
2019/04/23 16:06:00, 24.50, 24.60, 24.40, 25.33, 23.42, 0, 0, 4.50
2019/04/23 16:07:00, 24.50, 24.60, 24.42, 25.37, 23.43, 0, 0, 4.50
2019/04/23 16:08:00, 24.50, 24.57, 24.39, 25.40, 23.41, 0, 0, 4.50
2019/04/23 16:09:00, 24.50, 24.56, 24.40, 25.39, 23.47, 0, 0, 4.50
2019/04/23 16:10:00, 24.50, 24.59, 24.41, 25.63, 23.60, 0, 0, 4.50
2019/04/23 16:11:00, 24.50, 24.61, 24.46, 25.59, 23.69, 0, 0, 4.50
2019/04/23 16:12:00, 24.50, 24.64, 24.47, 25.56, 23.65, 0, 0, 4.50
2019/04/23 16:13:00, 24.50, 24.61, 24.43, 25.28, 23.44, 0, 0, 4.50
2019/04/23 16:14:00, 24.50, 24.59, 24.39, 25.33, 23.41, 0, 0, 4.50
2019/04/23 16:15:00, 24.50, 24.56, 24.38, 25.38, 23.43, 0, 0, 4.50
2019/04/23 16:16:00, 24.50, 24.53, 24.36, 25.45, 23.47, 0, 0, 4.50
2019/04/23 16:17:00, 24.50, 24.52, 24.35, 25.38, 23.47, 0, 0, 4.50
2019/04/23 16:18:00, 24.50, 24.52, 24.34, 25.41, 23.47, 0, 0, 4.50
2019/04/23 16:19:00, 24.50, 24.49, 24.32, 25.43, 23.47, 0, 0, 4.50
2019/04/23 16:20:00, 24.50, 24.49, 24.31, 25.37, 23.45, 0, 0, 4.50
2019/04/23 16:21:00, 24.50, 24.47, 24.30, 25.43, 23.47, 0, 0, 4.50
2019/04/23 16:22:00, 24.50, 24.47, 24.28, 25.44, 23.49, 0, 0, 4.50
2019/04/23 16:23:00, 24.50, 24.43, 24.26, 25.46, 23.50, 0, 0, 4.50
2019/04/23 16:24:00, 24.50, 24.43, 24.25, 25.44, 23.54, 0, 0, 4.50
2019/04/23 16:25:00, 24.50, 24.44, 24.26, 25.49, 23.53, 0, 0, 4.50
2019/04/23 16:26:00, 24.50, 24.46, 24.25, 25.44, 23.49, 0, 0, 4.50
2019/04/23 16:27:00, 24.50, 24.46, 24.27, 25.42, 23.47, 0, 0, 4.50
2019/04/23 16:28:00, 24.50, 24.42, 24.27, 25.37, 23.47, 0, 0, 4.50
2019/04/23 16:29:00, 24.50, 24.42, 24.24, 25.32, 23.43, 0, 0, 4.50
2019/04/23 16:30:00, 24.50, 24.42, 24.23, 25.37, 23.44, 0, 0, 4.50
2019/04/23 16:31:00, 24.50, 24.42, 24.23, 25.34, 23.40, 0, 0, 4.50
2019/04/23 16:32:00, 24.50, 24.42, 24.23, 25.31, 23.41, 0, 0, 4.50
2019/04/23 16:33:00, 24.50, 24.42, 24.23, 25.34, 23.37, 0, 0, 4.50
2019/04/23 16:34:00, 24.50, 24.40, 24.23, 25.34, 23.36, 0, 0, 4.50
2019/04/23 16:35:00, 24.50, 24.39, 24.21, 25.28, 23.36, 0, 0, 4.50
2019/04/23 16:36:00, 24.50, 24.39, 24.20, 25.30, 23.36, 0, 0, 4.50
2019/04/23 16:37:00, 24.50, 24.39, 24.21, 25.31, 23.35, 0, 0, 4.50
2019/04/23 16:38:00, 24.50, 24.40, 24.22, 25.23, 23.34, 0, 0, 4.50
2019/04/23 16:39:00, 24.50, 24.38, 24.22, 25.21, 23.31, 0, 0, 4.50
2019/04/23 16:40:00, 24.25, 24.38, 24.18, 25.22, 23.30, 0, 0, 4.50
2019/04/23 16:41:00, 24.25, 24.36, 24.18, 25.25, 23.31, 0, 0, 4.50
2019/04/23 16:42:00, 24.25, 24.36, 24.19, 25.23, 23.27, 0, 0, 4.50
2019/04/23 16:43:00, 24.25, 24.35, 24.16, 25.17, 23.27, 0, 0, 4.50
2019/04/23 16:44:00, 24.25, 24.35, 24.18, 25.19, 23.26, 0, 0, 4.50
2019/04/23 16:45:00, 24.25, 24.35, 24.17, 25.26, 23.31, 0, 0, 4.50
2019/04/23 16:46:00, 24.25, 24.32, 24.16, 25.27, 23.29, 0, 0, 4.50
2019/04/23 16:47:00, 24.25, 24.33, 24.16, 25.14, 23.22, 0, 0, 4.50
2019/04/23 16:48:00, 24.25, 24.33, 24.16, 25.19, 23.24, 0, 0, 4.50
2019/04/23 16:49:00, 24.25, 24.31, 24.13, 25.20, 23.25, 0, 0, 4.50
2019/04/23 16:50:00, 24.25, 24.31, 24.13, 25.20, 23.22, 0, 0, 4.50
2019/04/23 16:51:00, 24.25, 24.29, 24.13, 25.19, 23.22, 0, 0, 4.50
2019/04/23 16:52:00, 24.25, 24.29, 24.12, 25.21, 23.25, 0, 0, 4.50
2019/04/23 16:53:00, 24.25, 24.29, 24.12, 25.17, 23.25, 0, 0, 4.50
2019/04/23 16:54:00, 24.25, 24.29, 24.10, 25.19, 23.22, 0, 0, 4.50
2019/04/23 16:55:00, 24.25, 24.27, 24.11, 25.17, 23.22, 0, 0, 4.50
2019/04/23 16:56:00, 24.25, 24.26, 24.09, 25.13, 23.21, 0, 0, 4.50
2019/04/23 16:57:00, 24.25, 24.29, 24.11, 25.14, 23.20, 0, 0, 4.50
2019/04/23 16:58:00, 24.25, 24.29, 24.11, 25.20, 23.21, 0, 0, 4.50
2019/04/23 16:59:00, 24.25, 24.26, 24.10, 25.08, 23.18, 0, 0, 4.50
2019/04/23 17:00:00, 24.25, 24.26, 24.09, 25.11, 23.18, 0, 0, 4.50
2019/04/23 17:01:00, 24.25, 24.25, 24.09, 25.12, 23.19, 0, 0, 4.50
2019/04/23 17:02:00, 24.25, 24.23, 24.10, 25.12, 23.19, 0, 0, 4.50
2019/04/23 17:03:00, 24.25, 24.27, 24.10, 25.20, 23.25, 0, 0, 4.50
2019/04/23 17:04:00, 24.25, 24.27, 24.11, 25.10, 23.22, 0, 0, 4.50
2019/04/23 17:05:00, 24.25, 24.29, 24.11, 25.09, 23.19, 0, 0, 4.50
2019/04/23 17:06:00, 24.25, 24.29, 24.12, 25.08, 23.15, 0, 0, 4.50
2019/04/23 17:07:00, 24.25, 24.27, 24.11, 24.99, 23.06, 0, 0, 4.50
2019/04/23 17:08:00, 24.25, 24.31, 24.09, 25.02, 23.08, 0, 0, 4.50
2019/04/23 17:09:00, 24.25, 24.32, 24.09, 25.05, 23.10, 0, 0, 4.50
2019/04/23 17:10:00, 24.25, 24.29, 24.10, 24.96, 23.06, 0, 0, 4.50
2019/04/23 17:11:00, 24.25, 24.27, 24.09, 25.02, 23.06, 0, 0, 4.50
2019/04/23 17:12:00, 24.25, 24.29, 24.09, 25.02, 23.08, 0, 0, 4.50
2019/04/23 17:13:00, 24.25, 24.27, 24.10, 25.01, 23.08, 0, 0, 4.50
2019/04/23 17:14:00, 24.25, 24.27, 24.09, 25.04, 23.12, 0, 0, 4.50
2019/04/23 17:15:00, 24.25, 24.29, 24.10, 25.05, 23.10, 0, 0, 4.50
2019/04/23 17:16:00, 24.25, 24.29, 24.10, 24.98, 23.10, 0, 0, 4.50
2019/04/23 17:17:00, 24.25, 24.31, 24.12, 25.08, 23.09, 0, 0, 4.50
2019/04/23 17:18:00, 24.25, 24.29, 24.09, 25.04, 23.11, 0, 0, 4.50
2019/04/23 17:19:00, 24.25, 24.29, 24.11, 25.09, 23.09, 0, 0, 4.50
2019/04/23 17:20:00, 24.25, 24.27, 24.12, 25.04, 23.10, 0, 0, 4.50
2019/04/23 17:21:00, 24.25, 24.31, 24.12, 25.01, 23.09, 0, 0, 4.50
2019/04/23 17:22:00, 24.25, 24.29, 24.13, 24.98, 23.09, 0, 0, 4.50
2019/04/23 17:23:00, 24.25, 24.32, 24.09, 24.99, 23.07, 0, 0, 4.50
2019/04/23 17:24:00, 24.25, 24.27, 24.12, 24.98, 23.06, 0, 0, 4.50
2019/04/23 17:25:00, 24.25, 24.32, 24.12, 25.02, 23.05, 0, 0, 4.50
2019/04/23 17:26:00, 24.25, 24.31, 24.15, 24.95, 23.03, 0, 0, 4.50
2019/04/23 17:27:00, 24.25, 24.32, 24.13, 24.97, 23.05, 0, 0, 4.50
2019/04/23 17:28:00, 24.25, 24.32, 24.13, 24.96, 23.01, 0, 0, 4.50
2019/04/23 17:29:00, 24.25, 24.29, 24.11, 24.91, 22.99, 0, 0, 4.50
2019/04/23 17:30:00, 24.25, 24.32, 24.10, 24.95, 23.00, 0, 0, 4.50
2019/04/23 17:31:00, 24.25, 24.31, 24.12, 24.84, 22.97, 0, 0, 4.50
2019/04/23 17:32:00, 24.25, 24.32, 24.12, 24.91, 22.96, 0, 0, 4.50
2019/04/23 17:33:00, 24.25, 24.33, 24.13, 24.88, 22.98, 0, 0, 4.50
2019/04/23 17:34:00, 24.25, 24.29, 24.12, 24.86, 22.95, 0, 0, 4.50
2019/04/23 17:35:00, 24.25, 24.29, 24.11, 24.88, 22.93, 0, 0, 4.50
2019/04/23 17:36:00, 24.25, 24.27, 24.09, 24.85, 22.93, 0, 0, 4.50
2019/04/23 17:37:00, 24.25, 24.29, 24.11, 24.90, 22.94, 0, 0, 4.50
2019/04/23 17:38:00, 24.25, 24.27, 24.11, 24.83, 22.93, 0, 0, 4.50
2019/04/23 17:39:00, 24.25, 24.27, 24.10, 24.84, 22.92, 0, 0, 4.50
2019/04/23 17:40:00, 24.25, 24.29, 24.09, 24.80, 22.91, 0, 0, 4.50
2019/04/23 17:41:00, 24.25, 24.26, 24.10, 24.76, 22.89, 0, 0, 4.50
2019/04/23 17:42:00, 24.25, 24.27, 24.09, 24.77, 22.83, 0, 0, 4.50
2019/04/23 17:43:00, 24.25, 24.27, 24.07, 24.77, 22.87, 0, 0, 4.50
2019/04/23 17:44:00, 24.25, 24.29, 24.08, 24.78, 22.87, 0, 0, 4.50
2019/04/23 17:45:00, 24.25, 24.26, 24.08, 24.80, 22.86, 0, 0, 4.50
2019/04/23 17:46:00, 24.25, 24.29, 24.07, 24.83, 22.86, 0, 0, 4.50
2019/04/23 17:47:00, 24.25, 24.26, 24.06, 24.77, 22.86, 0, 0, 4.50
2019/04/23 17:48:00, 24.25, 24.26, 24.08, 24.78, 22.83, 0, 0, 4.50
2019/04/23 17:49:00, 24.25, 24.23, 24.08, 24.74, 22.85, 0, 0, 4.50
2019/04/23 17:50:00, 24.25, 24.27, 24.06, 24.74, 22.82, 0, 0, 4.50
2019/04/23 17:51:00, 24.25, 24.25, 24.08, 24.76, 22.80, 0, 0, 4.50
2019/04/23 17:52:00, 24.25, 24.23, 24.06, 24.74, 22.79, 0, 0, 4.50
2019/04/23 17:53:00, 24.25, 24.23, 24.06, 24.71, 22.77, 0, 0, 4.50
2019/04/23 17:54:00, 24.25, 24.25, 24.06, 24.74, 22.78, 0, 0, 4.50
2019/04/23 17:55:00, 24.25, 24.25, 24.05, 24.73, 22.79, 0, 0, 4.50
2019/04/23 17:56:00, 24.25, 24.26, 24.07, 24.73, 22.78, 0, 0, 4.50
2019/04/23 17:57:00, 24.25, 24.23, 24.07, 24.72, 22.76, 0, 0, 4.50
2019/04/23 17:58:00, 24.25, 24.23, 24.06, 24.71, 22.74, 0, 0, 4.50
2019/04/23 17:59:00, 24.25, 24.25, 24.05, 24.68, 22.76, 0, 0, 4.50
2019/04/23 18:00:00, 24.25, 24.23, 24.05, 24.70, 22.73, 0, 0, 4.50
2019/04/23 18:01:00, 24.25, 24.22, 24.05, 24.67, 22.73, 0, 0, 4.50
2019/04/23 18:02:00, 24.25, 24.20, 24.04, 24.64, 22.72, 0, 0, 4.50
2019/04/23 18:03:00, 24.25, 24.22, 24.06, 24.65, 22.73, 0, 0, 4.50
2019/04/23 18:04:00, 24.25, 24.23, 24.04, 24.70, 22.72, 0, 0, 4.50
2019/04/23 18:05:00, 24.25, 24.25, 24.04, 24.68, 22.74, 0, 0, 4.50
2019/04/23 18:06:00, 24.25, 24.23, 24.05, 24.74, 22.75, 0, 0, 4.50
2019/04/23 18:07:00, 24.25, 24.23, 24.06, 24.68, 22.75, 0, 0, 4.50
2019/04/23 18:08:00, 24.25, 24.23, 24.05, 24.67, 22.75, 0, 0, 4.50
2019/04/23 18:09:00, 24.25, 24.25, 24.06, 24.67, 22.76, 0, 0, 4.50
2019/04/23 18:10:00, 24.25, 24.25, 24.05, 24.68, 22.75, 0, 0, 4.50
2019/04/23 18:11:00, 24.25, 24.26, 24.05, 24.68, 22.74, 0, 0, 4.50
2019/04/23 18:12:00, 24.25, 24.25, 24.08, 24.65, 22.73, 0, 0, 4.50
2019/04/23 18:13:00, 24.25, 24.26, 24.07, 24.68, 22.73, 0, 0, 4.50
2019/04/23 18:14:00, 24.25, 24.26, 24.09, 24.71, 22.73, 0, 0, 4.50
2019/04/23 18:15:00, 24.25, 24.27, 24.09, 24.67, 22.73, 0, 0, 4.50
2019/04/23 18:16:00, 24.25, 24.29, 24.07, 24.62, 22.74, 0, 0, 4.50
2019/04/23 18:17:00, 24.25, 24.27, 24.10, 24.62, 22.73, 0, 0, 4.50
2019/04/23 18:18:00, 24.25, 24.29, 24.10, 24.71, 22.73, 0, 0, 4.50
2019/04/23 18:19:00, 24.25, 24.29, 24.09, 24.61, 22.74, 0, 0, 4.50
2019/04/23 18:20:00, 24.25, 24.29, 24.10, 24.67, 22.74, 0, 0, 4.50
2019/04/23 18:21:00, 24.25, 24.29, 24.11, 24.66, 22.73, 0, 0, 4.50
2019/04/23 18:22:00, 24.25, 24.32, 24.12, 24.62, 22.73, 0, 0, 4.50
2019/04/23 18:23:00, 24.25, 24.29, 24.10, 24.67, 22.72, 0, 0, 4.50
2019/04/23 18:24:00, 24.25, 24.31, 24.10, 24.67, 22.72, 0, 0, 4.50
2019/04/23 18:25:00, 24.25, 24.27, 24.12, 24.64, 22.73, 0, 0, 4.50
2019/04/23 18:26:00, 24.25, 24.32, 24.12, 24.64, 22.72, 0, 0, 4.50
2019/04/23 18:27:00, 24.25, 24.27, 24.09, 24.61, 22.68, 0, 0, 4.50
2019/04/23 18:28:00, 24.25, 24.26, 24.10, 24.68, 22.70, 0, 0, 4.50
2019/04/23 18:29:00, 24.25, 24.31, 24.10, 24.67, 22.69, 0, 0, 4.50
2019/04/23 18:30:00, 24.25, 24.29, 24.10, 24.70, 22.70, 0, 0, 4.50
2019/04/23 18:31:00, 24.25, 24.26, 24.10, 24.68, 22.73, 0, 0, 4.50
2019/04/23 18:32:00, 24.25, 24.27, 24.07, 24.67, 22.72, 0, 0, 4.50
2019/04/23 18:33:00, 24.25, 24.26, 24.07, 24.66, 22.73, 0, 0, 4.50
2019/04/23 18:34:00, 24.25, 24.26, 24.06, 24.65, 22.74, 0, 0, 4.50
2019/04/23 18:35:00, 24.25, 24.23, 24.07, 24.74, 22.77, 0, 0, 4.50
2019/04/23 18:36:00, 24.25, 24.26, 24.06, 24.74, 22.75, 0, 0, 4.50
2019/04/23 18:37:00, 24.25, 24.26, 24.07, 24.74, 22.75, 0, 0, 4.50
2019/04/23 18:38:00, 24.25, 24.25, 24.07, 24.71, 22.75, 0, 0, 4.50
2019/04/23 18:39:00, 24.25, 24.23, 24.06, 24.70, 22.76, 0, 0, 4.50
2019/04/23 18:40:00, 24.25, 24.25, 24.04, 24.74, 22.75, 0, 0, 4.50
2019/04/23 18:41:00, 24.25, 24.22, 24.07, 24.71, 22.75, 0, 0, 4.50
2019/04/23 18:42:00, 24.25, 24.23, 24.06, 24.70, 22.75, 0, 0, 4.50
2019/04/23 18:43:00, 24.25, 24.23, 24.04, 24.69, 22.76, 0, 0, 4.50
2019/04/23 18:44:00, 24.25, 24.22, 24.04, 24.75, 22.76, 0, 0, 4.50
2019/04/23 18:45:00, 24.25, 24.20, 24.03, 24.71, 22.77, 0, 0, 4.50
2019/04/23 18:46:00, 24.25, 24.22, 24.02, 24.72, 22.77, 0, 0, 4.50
2019/04/23 18:47:00, 24.25, 24.23, 24.05, 24.66, 22.74, 0, 0, 4.50
2019/04/23 18:48:00, 24.25, 24.20, 24.04, 24.69, 22.76, 0, 0, 4.50
2019/04/23 18:49:00, 24.25, 24.20, 24.03, 24.74, 22.77, 0, 0, 4.50
2019/04/23 18:50:00, 24.25, 24.20, 24.04, 24.68, 22.76, 0, 0, 4.50
2019/04/23 18:51:00, 24.25, 24.20, 24.03, 24.66, 22.77, 0, 0, 4.50
2019/04/23 18:52:00, 24.25, 24.22, 24.03, 24.69, 22.77, 0, 0, 4.50
2019/04/23 18:53:00, 24.25, 24.20, 24.01, 24.69, 22.77, 0, 0, 4.50
2019/04/23 18:54:00, 24.25, 24.20, 24.02, 24.72, 22.77, 0, 0, 4.50
2019/04/23 18:55:00, 24.25, 24.19, 24.01, 24.71, 22.77, 0, 0, 4.50
2019/04/23 18:56:00, 24.25, 24.19, 24.03, 24.73, 22.76, 0, 0, 4.50
2019/04/23 18:57:00, 24.25, 24.19, 24.02, 24.74, 22.77, 0, 0, 4.50
2019/04/23 18:58:00, 24.25, 24.19, 24.00, 24.71, 22.76, 0, 0, 4.50
2019/04/23 18:59:00, 24.25, 24.20, 24.02, 24.72, 22.77, 0, 0, 4.50
2019/04/23 19:00:00, 24.25, 24.19, 24.02, 24.71, 22.76, 0, 0, 4.50
2019/04/23 19:01:00, 24.25, 24.20, 24.01, 24.68, 22.77, 0, 0, 4.50
2019/04/23 19:02:00, 24.25, 24.19, 24.02, 24.68, 22.77, 0, 0, 4.50
2019/04/23 19:03:00, 24.25, 24.19, 24.01, 24.66, 22.73, 0, 0, 4.50
2019/04/23 19:04:00, 24.25, 24.18, 24.01, 24.72, 22.74, 0, 0, 4.50
2019/04/23 19:05:00, 24.25, 24.20, 24.01, 24.69, 22.75, 0, 0, 4.50
2019/04/23 19:06:00, 24.25, 24.18, 24.01, 24.68, 22.75, 0, 0, 4.50
2019/04/23 19:07:00, 24.25, 24.18, 24.00, 24.71, 22.76, 0, 0, 4.50
2019/04/23 19:08:00, 24.25, 24.19, 24.00, 24.67, 22.74, 0, 0, 4.50
2019/04/23 19:09:00, 24.25, 24.15, 23.97, 24.69, 22.75, 0, 0, 4.50
2019/04/23 19:10:00, 24.25, 24.16, 24.00, 24.68, 22.73, 0, 0, 4.50
2019/04/23 19:11:00, 24.25, 24.16, 24.00, 24.71, 22.74, 0, 0, 4.50
2019/04/23 19:12:00, 24.25, 24.19, 23.98, 24.67, 22.73, 0, 0, 4.50
2019/04/23 19:13:00, 24.25, 24.16, 24.00, 24.72, 22.74, 0, 0, 4.50
2019/04/23 19:14:00, 24.25, 24.18, 23.97, 24.67, 22.75, 0, 0, 4.50
2019/04/23 19:15:00, 24.25, 24.19, 24.00, 24.72, 22.74, 0, 0, 4.50
2019/04/23 19:16:00, 24.25, 24.14, 23.95, 24.67, 22.74, 0, 0, 4.50
2019/04/23 19:17:00, 24.25, 24.15, 23.97, 24.72, 22.73, 0, 0, 4.50
2019/04/23 19:18:00, 24.25, 24.16, 23.98, 24.71, 22.74, 0, 0, 4.50
2019/04/23 19:19:00, 24.25, 24.14, 24.01, 24.65, 22.73, 0, 0, 4.50
2019/04/23 19:20:00, 24.25, 24.12, 23.97, 24.69, 22.74, 0, 0, 4.50
2019/04/23 19:21:00, 24.25, 24.15, 23.96, 24.67, 22.73, 0, 0, 4.50
2019/04/23 19:22:00, 24.25, 24.15, 23.96, 24.66, 22.73, 0, 0, 4.50
2019/04/23 19:23:00, 24.25, 24.14, 23.96, 24.65, 22.73, 0, 0, 4.50
2019/04/23 19:24:00, 24.25, 24.14, 23.96, 24.64, 22.73, 0, 0, 4.50
2019/04/23 19:25:00, 24.25, 24.14, 23.97, 24.64, 22.73, 0, 0, 4.50
2019/04/23 19:26:00, 24.25, 24.12, 23.96, 24.60, 22.71, 0, 0, 4.50
2019/04/23 19:27:00, 24.25, 24.14, 23.95, 24.66, 22.72, 0, 0, 4.50
2019/04/23 19:28:00, 24.25, 24.11, 23.95, 24.66, 22.70, 0, 0, 4.50
2019/04/23 19:29:00, 24.25, 24.15, 23.94, 24.66, 22.70, 0, 0, 4.50
2019/04/23 19:30:00, 24.25, 24.12, 23.94, 24.69, 22.70, 0, 0, 4.50
2019/04/23 19:31:00, 24.25, 24.14, 23.94, 24.59, 22.70, 0, 0, 4.50
2019/04/23 19:32:00, 24.25, 24.11, 23.94, 24.61, 22.72, 0, 0, 4.50
2019/04/23 19:33:00, 24.25, 24.12, 23.95, 24.66, 22.70, 0, 0, 4.50
2019/04/23 19:34:00, 24.25, 24.12, 23.95, 24.63, 22.70, 0, 0, 4.50
2019/04/23 19:35:00, 24.25, 24.11, 23.94, 24.61, 22.69, 0, 0, 4.50
2019/04/23 19:36:00, 24.25, 24.11, 23.93, 24.66, 22.69, 0, 0, 4.50
2019/04/23 19:37:00, 24.25, 24.12, 23.91, 24.63, 22.69, 0, 0, 4.50
2019/04/23 19:38:00, 24.25, 24.11, 23.93, 24.63, 22.69, 0, 0, 4.50
2019/04/23 19:39:00, 24.25, 24.11, 23.91, 24.61, 22.68, 0, 0, 4.50
2019/04/23 19:40:00, 24.25, 24.09, 23.91, 24.63, 22.67, 0, 0, 4.50
2019/04/23 19:41:00, 24.25, 24.07, 23.91, 24.66, 22.69, 0, 0, 4.50
2019/04/23 19:42:00, 24.25, 24.11, 23.91, 24.62, 22.67, 0, 0, 4.50
2019/04/23 19:43:00, 24.00, 24.11, 23.92, 24.61, 22.67, 0, 0, 4.50
2019/04/23 19:44:00, 24.25, 24.09, 23.91, 24.64, 22.68, 0, 0, 4.50
2019/04/23 19:45:00, 24.00, 24.08, 23.90, 24.60, 22.66, 0, 0, 4.50
2019/04/23 19:46:00, 24.00, 24.08, 23.91, 24.62, 22.66, 0, 0, 4.50
2019/04/23 19:47:00, 24.00, 24.08, 23.90, 24.66, 22.66, 0, 0, 4.50
2019/04/23 19:48:00, 24.00, 24.08, 23.89, 24.60, 22.65, 0, 0, 4.50
2019/04/23 19:49:00, 24.00, 24.07, 23.91, 24.61, 22.65, 0, 0, 4.50
2019/04/23 19:50:00, 24.00, 24.05, 23.89, 24.62, 22.64, 0, 0, 4.50
2019/04/23 19:51:00, 24.00, 24.05, 23.88, 24.62, 22.67, 0, 0, 4.50
2019/04/23 19:52:00, 24.00, 24.07, 23.89, 24.60, 22.64, 0, 0, 4.50
2019/04/23 19:53:00, 24.00, 24.07, 23.88, 24.60, 22.65, 0, 0, 4.50
2019/04/23 19:54:00, 24.00, 24.05, 23.88, 24.60, 22.64, 0, 0, 4.50
2019/04/23 19:55:00, 24.00, 24.04, 23.87, 24.58, 22.64, 0, 0, 4.50
2019/04/23 19:56:00, 24.00, 24.04, 23.86, 24.58, 22.63, 0, 0, 4.50
2019/04/23 19:57:00, 24.00, 24.05, 23.86, 24.59, 22.62, 0, 0, 4.50
2019/04/23 19:58:00, 24.00, 24.07, 23.88, 24.59, 22.63, 0, 0, 4.50
2019/04/23 19:59:00, 24.00, 24.01, 23.86, 24.58, 22.61, 0, 0, 4.50
2019/04/23 20:00:00, 24.00, 24.02, 23.83, 24.58, 22.62, 0, 0, 4.50
2019/04/23 20:01:00, 24.00, 24.02, 23.83, 24.59, 22.63, 0, 0, 4.50
2019/04/23 20:02:00, 24.00, 23.99, 23.83, 24.56, 22.62, 0, 0, 4.50
2019/04/23 20:03:00, 24.00, 24.01, 23.83, 24.65, 22.62, 0, 0, 4.50
2019/04/23 20:04:00, 24.00, 24.02, 23.81, 24.60, 22.63, 0, 0, 4.50
2019/04/23 20:05:00, 24.00, 23.98, 23.80, 24.62, 22.61, 0, 0, 4.50
2019/04/23 20:06:00, 24.00, 23.99, 23.82, 24.57, 22.61, 0, 0, 4.50
2019/04/23 20:07:00, 24.00, 23.99, 23.82, 24.56, 22.63, 0, 0, 4.50
2019/04/23 20:08:00, 24.00, 23.97, 23.81, 24.56, 22.61, 0, 0, 4.50
2019/04/23 20:09:00, 24.00, 23.99, 23.78, 24.57, 22.62, 0, 0, 4.50
2019/04/23 20:10:00, 24.00, 23.97, 23.79, 24.57, 22.61, 0, 0, 4.50
2019/04/23 20:11:00, 24.00, 23.97, 23.79, 24.59, 22.63, 0, 0, 4.50
2019/04/23 20:12:00, 24.00, 23.97, 23.80, 24.56, 22.61, 0, 0, 4.50
2019/04/23 20:13:00, 24.00, 23.94, 23.78, 24.54, 22.61, 0, 0, 4.50
2019/04/23 20:14:00, 24.00, 23.97, 23.79, 24.54, 22.62, 0, 0, 4.50
2019/04/23 20:15:00, 24.00, 23.94, 23.77, 24.61, 22.61, 0, 0, 4.50
2019/04/23 20:16:00, 24.00, 23.95, 23.79, 24.59, 22.62, 0, 0, 4.50
2019/04/23 20:17:00, 24.00, 23.94, 23.77, 24.57, 22.63, 0, 0, 4.50
2019/04/23 20:18:00, 24.00, 23.97, 23.78, 24.54, 22.61, 0, 0, 4.50
2019/04/23 20:19:00, 24.00, 23.95, 23.77, 24.56, 22.60, 0, 0, 4.50
2019/04/23 20:20:00, 24.00, 23.92, 23.76, 24.60, 22.62, 0, 0, 4.50
2019/04/23 20:21:00, 24.00, 23.94, 23.75, 24.57, 22.62, 0, 0, 4.50
2019/04/23 20:22:00, 24.00, 23.91, 23.76, 24.57, 22.63, 0, 0, 4.50
2019/04/23 20:23:00, 24.00, 23.92, 23.74, 24.53, 22.61, 0, 0, 4.50
2019/04/23 20:24:00, 24.00, 23.94, 23.74, 24.54, 22.61, 0, 0, 4.50
2019/04/23 20:25:00, 24.00, 23.94, 23.75, 24.59, 22.61, 0, 0, 4.50
2019/04/23 20:26:00, 24.00, 23.90, 23.75, 24.55, 22.60, 0, 0, 4.50
2019/04/23 20:27:00, 24.00, 23.92, 23.72, 24.57, 22.61, 0, 0, 4.50
2019/04/23 20:28:00, 24.00, 23.91, 23.72, 24.55, 22.60, 0, 0, 4.50
2019/04/23 20:29:00, 24.00, 23.88, 23.71, 24.58, 22.60, 0, 0, 4.50
2019/04/23 20:30:00, 24.00, 23.91, 23.68, 24.58, 22.59, 0, 0, 4.50
2019/04/23 20:31:00, 24.00, 23.88, 23.72, 24.57, 22.60, 0, 0, 4.50
2019/04/23 20:32:00, 24.00, 23.88, 23.69, 24.54, 22.58, 0, 0, 4.50
2019/04/23 20:33:00, 24.00, 23.88, 23.71, 24.52, 22.60, 0, 0, 4.50
2019/04/23 20:34:00, 24.00, 23.88, 23.67, 24.49, 22.58, 0, 0, 4.50
2019/04/23 20:35:00, 24.00, 23.87, 23.67, 24.55, 22.58, 0, 0, 4.50
2019/04/23 20:36:00, 24.00, 23.85, 23.69, 24.51, 22.57, 0, 0, 4.50
2019/04/23 20:37:00, 24.00, 23.85, 23.67, 24.52, 22.57, 0, 0, 4.50
2019/04/23 20:38:00, 24.00, 23.83, 23.64, 24.56, 22.60, 0, 0, 4.50
2019/04/23 20:39:00, 24.00, 23.83, 23.67, 24.52, 22.58, 0, 0, 4.50
2019/04/23 20:40:00, 24.00, 23.84, 23.67, 24.55, 22.58, 0, 0, 4.50
2019/04/23 20:41:00, 24.00, 23.83, 23.64, 24.51, 22.57, 0, 0, 4.50
2019/04/23 20:42:00, 24.00, 23.84, 23.65, 24.52, 22.56, 0, 0, 4.50
2019/04/23 20:43:00, 24.00, 23.81, 23.63, 24.58, 22.57, 0, 0, 4.50
2019/04/23 20:44:00, 24.00, 23.81, 23.63, 24.56, 22.59, 0, 0, 4.50
2019/04/23 20:45:00, 24.00, 23.81, 23.61, 24.53, 22.57, 0, 0, 4.50
2019/04/23 20:46:00, 24.00, 23.81, 23.63, 24.52, 22.56, 0, 0, 4.50
2019/04/23 20:47:00, 24.00, 23.77, 23.60, 24.52, 22.57, 0, 0, 4.50
2019/04/23 20:48:00, 24.00, 23.80, 23.60, 24.53, 22.57, 0, 0, 4.50
2019/04/23 20:49:00, 24.00, 23.80, 23.60, 24.51, 22.57, 0, 0, 4.50
2019/04/23 20:50:00, 24.00, 23.79, 23.60, 24.57, 22.57, 0, 0, 4.50
2019/04/23 20:51:00, 24.00, 23.79, 23.61, 24.51, 22.55, 0, 0, 4.50
2019/04/23 20:52:00, 24.00, 23.79, 23.60, 24.56, 22.56, 0, 0, 4.50
2019/04/23 20:53:00, 24.00, 23.77, 23.58, 24.55, 22.54, 0, 0, 4.50
2019/04/23 20:54:00, 24.00, 23.76, 23.58, 24.53, 22.54, 0, 0, 4.50
2019/04/23 20:55:00, 23.75, 23.76, 23.58, 24.53, 22.54, 0, 0, 4.50
2019/04/23 20:56:00, 23.75, 23.74, 23.57, 24.49, 22.55, 0, 0, 4.50
2019/04/23 20:57:00, 23.75, 23.76, 23.59, 24.53, 22.55, 0, 0, 4.50
2019/04/23 20:58:00, 23.75, 23.76, 23.57, 24.51, 22.54, 0, 0, 4.50
2019/04/23 20:59:00, 23.75, 23.73, 23.54, 24.48, 22.54, 0, 0, 4.50
2019/04/23 21:00:00, 23.75, 23.76, 23.57, 24.48, 22.54, 0, 0, 4.50
2019/04/23 21:01:00, 23.75, 23.73, 23.56, 24.50, 22.54, 0, 0, 4.50
2019/04/23 21:02:00, 23.75, 23.73, 23.54, 24.50, 22.53, 0, 0, 4.50
2019/04/23 21:03:00, 23.75, 23.71, 23.52, 24.52, 22.53, 0, 0, 4.50
2019/04/23 21:04:00, 23.75, 23.71, 23.54, 24.50, 22.54, 0, 0, 4.50
2019/04/23 21:05:00, 23.75, 23.74, 23.53, 24.52, 22.54, 0, 0, 4.50
2019/04/23 21:06:00, 23.75, 23.71, 23.54, 24.50, 22.52, 0, 0, 4.50
2019/04/23 21:07:00, 23.75, 23.70, 23.51, 24.49, 22.54, 0, 0, 4.50
2019/04/23 21:08:00, 23.75, 23.71, 23.53, 24.54, 22.53, 0, 0, 4.50
2019/04/23 21:09:00, 23.75, 23.70, 23.51, 24.49, 22.54, 0, 0, 4.50
2019/04/23 21:10:00, 23.75, 23.70, 23.53, 24.49, 22.54, 0, 0, 4.50
2019/04/23 21:11:00, 23.75, 23.68, 23.51, 24.51, 22.53, 0, 0, 4.50
2019/04/23 21:12:00, 23.75, 23.68, 23.51, 24.46, 22.53, 0, 0, 4.50
2019/04/23 21:13:00, 23.75, 23.68, 23.51, 24.51, 22.53, 0, 0, 4.50
2019/04/23 21:14:00, 23.75, 23.67, 23.47, 24.52, 22.51, 0, 0, 4.50
2019/04/23 21:15:00, 23.75, 23.68, 23.51, 24.48, 22.51, 0, 0, 4.50
2019/04/23 21:16:00, 23.75, 23.68, 23.50, 24.51, 22.52, 0, 0, 4.50
2019/04/23 21:17:00, 23.75, 23.68, 23.49, 24.49, 22.51, 0, 0, 4.50
2019/04/23 21:18:00, 23.75, 23.68, 23.49, 24.48, 22.51, 0, 0, 4.50
2019/04/23 21:19:00, 23.75, 23.65, 23.48, 24.48, 22.51, 0, 0, 4.50
2019/04/23 21:20:00, 23.75, 23.67, 23.47, 24.49, 22.51, 0, 0, 4.50
2019/04/23 21:21:00, 23.75, 23.67, 23.49, 24.46, 22.52, 0, 0, 4.50
2019/04/23 21:22:00, 23.75, 23.65, 23.47, 24.48, 22.51, 0, 0, 4.50
2019/04/23 21:23:00, 23.75, 23.65, 23.44, 24.45, 22.50, 0, 0, 4.50
2019/04/23 21:24:00, 23.75, 23.64, 23.47, 24.46, 22.49, 0, 0, 4.50
2019/04/23 21:25:00, 23.75, 23.63, 23.46, 24.48, 22.50, 0, 0, 4.50
2019/04/23 21:26:00, 23.75, 23.63, 23.46, 24.43, 22.51, 0, 0, 4.50
2019/04/23 21:27:00, 23.75, 23.63, 23.45, 24.48, 22.51, 0, 0, 4.50
2019/04/23 21:28:00, 23.75, 23.61, 23.46, 24.48, 22.51, 0, 0, 4.50
2019/04/23 21:29:00, 23.75, 23.63, 23.45, 24.48, 22.52, 0, 0, 4.50
2019/04/23 21:30:00, 23.75, 23.63, 23.45, 24.48, 22.51, 0, 0, 4.50
2019/04/23 21:31:00, 23.75, 23.63, 23.45, 24.45, 22.51, 0, 0, 4.50
2019/04/23 21:32:00, 23.75, 23.61, 23.44, 24.52, 22.51, 0, 0, 4.50
2019/04/23 21:33:00, 23.75, 23.63, 23.45, 24.46, 22.50, 0, 0, 4.50
2019/04/23 21:34:00, 23.75, 23.63, 23.44, 24.47, 22.50, 0, 0, 4.50
2019/04/23 21:35:00, 23.75, 23.60, 23.43, 24.47, 22.50, 0, 0, 4.50
2019/04/23 21:36:00, 23.75, 23.59, 23.42, 24.49, 22.49, 0, 0, 4.50
2019/04/23 21:37:00, 23.75, 23.60, 23.43, 24.46, 22.50, 0, 0, 4.50
2019/04/23 21:38:00, 23.75, 23.59, 23.42, 24.47, 22.50, 0, 0, 4.50
2019/04/23 21:39:00, 23.75, 23.60, 23.42, 24.46, 22.50, 0, 0, 4.50
2019/04/23 21:40:00, 23.75, 23.60, 23.38, 24.47, 22.48, 0, 0, 4.50
2019/04/23 21:41:00, 23.75, 23.57, 23.39, 24.41, 22.48, 0, 0, 4.50
2019/04/23 21:42:00, 23.75, 23.57, 23.38, 24.50, 22.50, 0, 0, 4.50
2019/04/23 21:43:00, 23.75, 23.57, 23.41, 24.41, 22.49, 0, 0, 4.50
2019/04/23 21:44:00, 23.75, 23.54, 23.41, 24.43, 22.48, 0, 0, 4.50
2019/04/23 21:45:00, 23.75, 23.57, 23.39, 24.47, 22.51, 0, 0, 4.50
2019/04/23 21:46:00, 23.75, 23.54, 23.39, 24.49, 22.51, 0, 0, 4.50
2019/04/23 21:47:00, 23.75, 23.57, 23.38, 24.49, 22.51, 0, 0, 4.50
2019/04/23 21:48:00, 23.75, 23.56, 23.38, 24.47, 22.48, 0, 0, 4.50
2019/04/23 21:49:00, 23.75, 23.56, 23.39, 24.44, 22.50, 0, 0, 4.50
2019/04/23 21:50:00, 23.75, 23.56, 23.39, 24.46, 22.50, 0, 0, 4.50
2019/04/23 21:51:00, 23.75, 23.57, 23.38, 24.44, 22.48, 0, 0, 4.50
2019/04/23 21:52:00, 23.75, 23.54, 23.36, 24.43, 22.47, 0, 0, 4.50
2019/04/23 21:53:00, 23.75, 23.56, 23.38, 24.40, 22.47, 0, 0, 4.50
2019/04/23 21:54:00, 23.75, 23.54, 23.37, 24.43, 22.47, 0, 0, 4.50
2019/04/23 21:55:00, 23.75, 23.56, 23.36, 24.41, 22.47, 0, 0, 4.50
2019/04/23 21:56:00, 23.75, 23.53, 23.35, 24.48, 22.47, 0, 0, 4.50
2019/04/23 21:57:00, 23.75, 23.54, 23.35, 24.47, 22.48, 0, 0, 4.50
2019/04/23 21:58:00, 23.75, 23.53, 23.36, 24.41, 22.45, 0, 0, 4.50
2019/04/23 21:59:00, 23.50, 23.53, 23.36, 24.47, 22.48, 0, 0, 4.50
2019/04/23 22:00:00, 23.50, 23.53, 23.35, 24.45, 22.48, 0, 0, 4.50
2019/04/23 22:01:00, 23.50, 23.53, 23.33, 24.40, 22.46, 0, 0, 4.50
2019/04/23 22:02:00, 23.50, 23.49, 23.34, 24.44, 22.45, 0, 0, 4.50
2019/04/23 22:03:00, 23.50, 23.52, 23.33, 24.47, 22.48, 0, 0, 4.50
2019/04/23 22:04:00, 23.50, 23.52, 23.32, 24.39, 22.45, 0, 0, 4.50
2019/04/23 22:05:00, 23.50, 23.49, 23.33, 24.44, 22.44, 0, 0, 4.50
2019/04/23 22:06:00, 23.50, 23.49, 23.33, 24.39, 22.47, 0, 0, 4.50
2019/04/23 22:07:00, 23.50, 23.49, 23.31, 24.42, 22.44, 0, 0, 4.50
2019/04/23 22:08:00, 23.50, 23.49, 23.32, 24.48, 22.46, 0, 0, 4.50
2019/04/23 22:09:00, 23.50, 23.47, 23.32, 24.38, 22.46, 0, 0, 4.50
2019/04/23 22:10:00, 23.50, 23.49, 23.30, 24.44, 22.45, 0, 0, 4.50
2019/04/23 22:11:00, 23.50, 23.47, 23.33, 24.42, 22.45, 0, 0, 4.50
2019/04/23 22:12:00, 23.50, 23.49, 23.30, 24.44, 22.46, 0, 0, 4.50
2019/04/23 22:13:00, 23.50, 23.52, 23.31, 24.46, 22.47, 0, 0, 4.50
2019/04/23 22:14:00, 23.50, 23.50, 23.30, 24.40, 22.45, 0, 0, 4.50
2019/04/23 22:15:00, 23.50, 23.49, 23.29, 24.41, 22.45, 0, 0, 4.50
2019/04/23 22:16:00, 23.50, 23.47, 23.30, 24.44, 22.46, 0, 0, 4.50
2019/04/23 22:17:00, 23.50, 23.49, 23.31, 24.38, 22.44, 0, 0, 4.50
2019/04/23 22:18:00, 23.50, 23.47, 23.28, 24.38, 22.41, 0, 0, 4.50
2019/04/23 22:19:00, 23.50, 23.47, 23.29, 24.40, 22.40, 0, 0, 4.50
2019/04/23 22:20:00, 23.50, 23.46, 23.27, 24.38, 22.41, 0, 0, 4.50
2019/04/23 22:21:00, 23.50, 23.49, 23.28, 24.39, 22.43, 0, 0, 4.50
2019/04/23 22:22:00, 23.50, 23.47, 23.25, 24.40, 22.44, 0, 0, 4.50
2019/04/23 22:23:00, 23.50, 23.49, 23.29, 24.38, 22.43, 0, 0, 4.50
2019/04/23 22:24:00, 23.50, 23.46, 23.29, 24.35, 22.40, 0, 0, 4.50
2019/04/23 22:25:00, 23.50, 23.49, 23.29, 24.35, 22.38, 0, 0, 4.50
2019/04/23 22:26:00, 23.50, 23.47, 23.28, 24.33, 22.39, 0, 0, 4.50
2019/04/23 22:27:00, 23.50, 23.46, 23.27, 24.36, 22.39, 0, 0, 4.50
2019/04/23 22:28:00, 23.50, 23.49, 23.29, 24.40, 22.38, 0, 0, 4.50
2019/04/23 22:29:00, 23.50, 23.47, 23.28, 24.33, 22.38, 0, 0, 4.50
2019/04/23 22:30:00, 23.50, 23.44, 23.27, 24.27, 22.37, 0, 0, 4.50
2019/04/23 22:31:00, 23.50, 23.47, 23.29, 24.32, 22.37, 0, 0, 4.50
2019/04/23 22:32:00, 23.50, 23.46, 23.28, 24.35, 22.38, 0, 0, 4.50
2019/04/23 22:33:00, 23.50, 23.46, 23.27, 24.30, 22.35, 0, 0, 4.50
2019/04/23 22:34:00, 23.50, 23.47, 23.25, 24.35, 22.35, 0, 0, 4.50
2019/04/23 22:35:00, 23.50, 23.46, 23.28, 24.32, 22.35, 0, 0, 4.50
2019/04/23 22:36:00, 23.50, 23.46, 23.28, 24.32, 22.35, 0, 0, 4.50
2019/04/23 22:37:00, 23.50, 23.46, 23.28, 24.30, 22.35, 0, 0, 4.50
2019/04/23 22:38:00, 23.50, 23.46, 23.25, 24.27, 22.32, 0, 0, 4.50
2019/04/23 22:39:00, 23.50, 23.46, 23.25, 24.27, 22.31, 0, 0, 4.50
2019/04/23 22:40:00, 23.50, 23.44, 23.25, 24.26, 22.32, 0, 0, 4.50
2019/04/23 22:41:00, 23.50, 23.44, 23.25, 24.27, 22.32, 0, 0, 4.50
2019/04/23 22:42:00, 23.50, 23.46, 23.28, 24.27, 22.32, 0, 0, 4.50
2019/04/23 22:43:00, 23.50, 23.43, 23.27, 24.24, 22.28, 0, 0, 4.50
2019/04/23 22:44:00, 23.50, 23.44, 23.25, 24.24, 22.28, 0, 0, 4.50
2019/04/23 22:45:00, 23.50, 23.44, 23.25, 24.23, 22.29, 0, 0, 4.50
2019/04/23 22:46:00, 23.50, 23.42, 23.25, 24.27, 22.30, 0, 0, 4.50
2019/04/23 22:47:00, 23.50, 23.43, 23.25, 24.26, 22.28, 0, 0, 4.50
2019/04/23 22:48:00, 23.50, 23.43, 23.25, 24.27, 22.28, 0, 0, 4.50
2019/04/23 22:49:00, 23.50, 23.46, 23.24, 24.24, 22.27, 0, 0, 4.50
2019/04/23 22:50:00, 23.50, 23.46, 23.24, 24.24, 22.26, 0, 0, 4.50
2019/04/23 22:51:00, 23.50, 23.42, 23.27, 24.24, 22.27, 0, 0, 4.50
2019/04/23 22:52:00, 23.50, 23.43, 23.23, 24.21, 22.26, 0, 0, 4.50
2019/04/23 22:53:00, 23.50, 23.44, 23.24, 24.23, 22.26, 0, 0, 4.50
2019/04/23 22:54:00, 23.50, 23.43, 23.24, 24.25, 22.26, 0, 0, 4.50
2019/04/23 22:55:00, 23.50, 23.43, 23.23, 24.20, 22.25, 0, 0, 4.50
2019/04/23 22:56:00, 23.50, 23.42, 23.25, 24.23, 22.23, 0, 0, 4.50
2019/04/23 22:57:00, 23.50, 23.42, 23.24, 24.23, 22.24, 0, 0, 4.50
2019/04/23 22:58:00, 23.50, 23.40, 23.22, 24.21, 22.24, 0, 0, 4.50
2019/04/23 22:59:00, 23.50, 23.40, 23.23, 24.22, 22.22, 0, 0, 4.50
2019/04/23 23:00:00, 23.50, 23.40, 23.21, 24.19, 22.23, 0, 0, 4.50
2019/04/23 23:01:00, 23.50, 23.42, 23.22, 24.23, 22.22, 0, 0, 4.50
2019/04/23 23:02:00, 23.50, 23.40, 23.22, 24.21, 22.22, 0, 0, 4.50
2019/04/23 23:03:00, 23.50, 23.40, 23.23, 24.19, 22.22, 0, 0, 4.50
2019/04/23 23:04:00, 23.50, 23.42, 23.22, 24.17, 22.22, 0, 0, 4.50
2019/04/23 23:05:00, 23.50, 23.39, 23.22, 24.18, 22.21, 0, 0, 4.50
2019/04/23 23:06:00, 23.50, 23.39, 23.20, 24.21, 22.22, 0, 0, 4.50
2019/04/23 23:07:00, 23.50, 23.40, 23.20, 24.17, 22.21, 0, 0, 4.50
2019/04/23 23:08:00, 23.50, 23.40, 23.20, 24.23, 22.20, 0, 0, 4.50
2019/04/23 23:09:00, 23.50, 23.37, 23.22, 24.17, 22.17, 0, 0, 4.50
2019/04/23 23:10:00, 23.50, 23.40, 23.21, 24.22, 22.19, 0, 0, 4.50
2019/04/23 23:11:00, 23.50, 23.40, 23.20, 24.17, 22.21, 0, 0, 4.50
2019/04/23 23:12:00, 23.50, 23.42, 23.21, 24.18, 22.22, 0, 0, 4.50
2019/04/23 23:13:00, 23.50, 23.42, 23.20, 24.12, 22.19, 0, 0, 4.50
2019/04/23 23:14:00, 23.50, 23.42, 23.22, 24.18, 22.19, 0, 0, 4.50
2019/04/23 23:15:00, 23.50, 23.42, 23.20, 24.11, 22.17, 0, 0, 4.50
2019/04/23 23:16:00, 23.50, 23.40, 23.21, 24.15, 22.16, 0, 0, 4.50
2019/04/23 23:17:00, 23.50, 23.42, 23.20, 24.14, 22.16, 0, 0, 4.50
2019/04/23 23:18:00, 23.50, 23.39, 23.22, 24.09, 22.16, 0, 0, 4.50
2019/04/23 23:19:00, 23.50, 23.40, 23.20, 24.09, 22.12, 0, 0, 4.50
2019/04/23 23:20:00, 23.50, 23.36, 23.20, 24.09, 22.13, 0, 0, 4.50
2019/04/23 23:21:00, 23.50, 23.37, 23.19, 24.09, 22.14, 0, 0, 4.50
2019/04/23 23:22:00, 23.50, 23.39, 23.19, 24.08, 22.12, 0, 0, 4.50
2019/04/23 23:23:00, 23.50, 23.40, 23.21, 24.09, 22.10, 0, 0, 4.50
2019/04/23 23:24:00, 23.50, 23.37, 23.19, 24.08, 22.12, 0, 0, 4.50
2019/04/23 23:25:00, 23.50, 23.39, 23.19, 24.08, 22.11, 0, 0, 4.50
2019/04/23 23:26:00, 23.50, 23.37, 23.19, 24.08, 22.10, 0, 0, 4.50
2019/04/23 23:27:00, 23.50, 23.39, 23.18, 24.05, 22.08, 0, 0, 4.50
2019/04/23 23:28:00, 23.50, 23.37, 23.18, 24.06, 22.08, 0, 0, 4.50
2019/04/23 23:29:00, 23.50, 23.36, 23.18, 24.09, 22.09, 0, 0, 4.50
2019/04/23 23:30:00, 23.50, 23.36, 23.17, 24.06, 22.08, 0, 0, 4.50
2019/04/23 23:31:00, 23.50, 23.37, 23.18, 24.03, 22.07, 0, 0, 4.50
2019/04/23 23:32:00, 23.50, 23.37, 23.17, 24.00, 22.06, 0, 0, 4.50
2019/04/23 23:33:00, 23.50, 23.35, 23.18, 24.07, 22.06, 0, 0, 4.50
2019/04/23 23:34:00, 23.50, 23.35, 23.17, 24.05, 22.03, 0, 0, 4.50
2019/04/23 23:35:00, 23.50, 23.36, 23.17, 24.05, 22.05, 0, 0, 4.50
2019/04/23 23:36:00, 23.50, 23.35, 23.15, 24.00, 22.03, 0, 0, 4.50
2019/04/23 23:37:00, 23.50, 23.36, 23.17, 24.01, 22.03, 0, 0, 4.50
2019/04/23 23:38:00, 23.50, 23.39, 23.18, 24.03, 22.02, 0, 0, 4.50
2019/04/23 23:39:00, 23.50, 23.32, 23.16, 24.00, 22.03, 0, 0, 4.50
2019/04/23 23:40:00, 23.50, 23.36, 23.16, 23.97, 22.01, 0, 0, 4.50
2019/04/23 23:41:00, 23.50, 23.35, 23.17, 23.99, 22.01, 0, 0, 4.50
2019/04/23 23:42:00, 23.50, 23.35, 23.16, 23.97, 21.99, 0, 0, 4.50
2019/04/23 23:43:00, 23.50, 23.36, 23.16, 23.99, 21.99, 0, 0, 4.50
2019/04/23 23:44:00, 23.50, 23.33, 23.14, 23.97, 21.99, 0, 0, 4.50
2019/04/23 23:45:00, 23.50, 23.36, 23.15, 23.94, 21.99, 0, 0, 4.50
2019/04/23 23:46:00, 23.50, 23.35, 23.15, 23.99, 21.98, 0, 0, 4.50
2019/04/23 23:47:00, 23.50, 23.32, 23.15, 23.93, 21.97, 0, 0, 4.50
