Data logger for tempereture and humidity.
Code, design, and soldering by Antti Mikkonen, a.mikkonen@iki.fi, 2019.
Based on open source projects and libraries. See source for details.
/home/ami/src/arduino/promini/logger_v8_ada/logger_v8_ada.ino
UTC time (year/month/date hour:minute:second), T RTC (C), T sht31 (C), T si7021 (C), RH sht31 (-), RH si7021 (-), heaterOn sht31 (bool),  heaterOn si7021 (bool), battery voltage (V)
2019/04/20 00:08:00, 23.75, 23.64, 23.46, 22.03, 19.91, 0, 0, 4.56
2019/04/20 00:09:00, 23.75, 23.65, 23.46, 22.08, 19.90, 0, 0, 4.56
2019/04/20 00:10:00, 23.75, 23.65, 23.46, 21.93, 19.90, 0, 0, 4.56
2019/04/20 00:11:00, 23.75, 23.65, 23.47, 22.02, 19.89, 0, 0, 4.56
2019/04/20 00:12:00, 23.75, 23.67, 23.47, 22.00, 19.87, 0, 0, 4.56
2019/04/20 00:13:00, 23.75, 23.64, 23.45, 21.97, 19.88, 0, 0, 4.56
2019/04/20 00:14:00, 23.75, 23.63, 23.46, 22.00, 19.90, 0, 0, 4.56
2019/04/20 00:15:00, 23.75, 23.65, 23.47, 22.03, 19.90, 0, 0, 4.56
2019/04/20 00:16:00, 23.75, 23.61, 23.46, 22.06, 19.90, 0, 0, 4.56
2019/04/20 00:17:00, 23.75, 23.65, 23.46, 22.06, 19.91, 0, 0, 4.56
2019/04/20 00:18:00, 23.75, 23.63, 23.47, 22.03, 19.93, 0, 0, 4.56
2019/04/20 00:19:00, 23.75, 23.63, 23.46, 22.06, 19.92, 0, 0, 4.56
2019/04/20 00:20:00, 23.75, 23.65, 23.47, 22.07, 19.95, 0, 0, 4.56
2019/04/20 00:21:00, 23.75, 23.64, 23.47, 22.05, 19.94, 0, 0, 4.56
2019/04/20 00:22:00, 23.75, 23.63, 23.47, 22.10, 19.95, 0, 0, 4.56
2019/04/20 00:23:00, 23.75, 23.64, 23.47, 22.05, 19.93, 0, 0, 4.56
2019/04/20 00:24:00, 23.75, 23.63, 23.45, 22.11, 19.98, 0, 0, 4.56
2019/04/20 00:25:00, 23.75, 23.64, 23.48, 22.10, 19.98, 0, 0, 4.56
2019/04/20 00:26:00, 23.75, 23.65, 23.48, 22.08, 19.97, 0, 0, 4.56
2019/04/20 00:27:00, 23.75, 23.68, 23.48, 22.11, 19.96, 0, 0, 4.56
2019/04/20 00:28:00, 23.75, 23.67, 23.49, 21.97, 19.94, 0, 0, 4.56
2019/04/20 00:29:00, 23.75, 23.68, 23.50, 22.03, 19.93, 0, 0, 4.56
2019/04/20 00:30:00, 23.75, 23.70, 23.48, 22.04, 19.94, 0, 0, 4.56
2019/04/20 00:31:00, 23.75, 23.67, 23.48, 22.04, 19.95, 0, 0, 4.56
2019/04/20 00:32:00, 23.75, 23.70, 23.48, 22.03, 19.98, 0, 0, 4.56
2019/04/20 00:33:00, 23.75, 23.67, 23.49, 22.00, 19.96, 0, 0, 4.56
2019/04/20 00:34:00, 23.75, 23.67, 23.49, 22.07, 19.94, 0, 0, 4.56
2019/04/20 00:35:00, 23.75, 23.67, 23.49, 22.04, 19.93, 0, 0, 4.56
2019/04/20 00:36:00, 23.75, 23.70, 23.50, 22.13, 19.96, 0, 0, 4.56
2019/04/20 00:37:00, 23.75, 23.68, 23.48, 22.04, 19.96, 0, 0, 4.56
2019/04/20 00:38:00, 23.75, 23.70, 23.48, 22.07, 19.95, 0, 0, 4.56
2019/04/20 00:39:00, 23.75, 23.67, 23.49, 22.07, 19.97, 0, 0, 4.56
2019/04/20 00:40:00, 23.75, 23.68, 23.50, 22.05, 19.95, 0, 0, 4.56
2019/04/20 00:41:00, 23.75, 23.68, 23.50, 22.07, 19.97, 0, 0, 4.56
2019/04/20 00:42:00, 23.75, 23.68, 23.50, 22.05, 19.97, 0, 0, 4.56
2019/04/20 00:43:00, 23.75, 23.67, 23.50, 22.05, 19.97, 0, 0, 4.56
2019/04/20 00:44:00, 23.75, 23.68, 23.49, 22.05, 19.96, 0, 0, 4.56
2019/04/20 00:45:00, 23.75, 23.68, 23.49, 22.08, 19.97, 0, 0, 4.56
2019/04/20 00:46:00, 23.75, 23.68, 23.49, 22.08, 19.98, 0, 0, 4.56
2019/04/20 00:47:00, 23.75, 23.65, 23.50, 22.08, 19.97, 0, 0, 4.56
2019/04/20 00:48:00, 23.75, 23.68, 23.49, 22.08, 20.00, 0, 0, 4.56
2019/04/20 00:49:00, 23.75, 23.68, 23.47, 22.16, 20.01, 0, 0, 4.56
2019/04/20 00:50:00, 23.75, 23.67, 23.49, 22.11, 20.03, 0, 0, 4.56
2019/04/20 00:51:00, 23.75, 23.67, 23.49, 22.13, 20.03, 0, 0, 4.56
2019/04/20 00:52:00, 23.75, 23.67, 23.49, 22.10, 20.02, 0, 0, 4.56
2019/04/20 00:53:00, 23.75, 23.65, 23.48, 22.10, 20.03, 0, 0, 4.56
2019/04/20 00:54:00, 23.75, 23.65, 23.47, 22.10, 20.03, 0, 0, 4.56
2019/04/20 00:55:00, 23.75, 23.65, 23.49, 22.15, 20.04, 0, 0, 4.56
2019/04/20 00:56:00, 23.75, 23.67, 23.49, 22.20, 20.03, 0, 0, 4.56
2019/04/20 00:57:00, 23.75, 23.68, 23.49, 22.19, 20.08, 0, 0, 4.56
2019/04/20 00:58:00, 23.75, 23.67, 23.50, 22.22, 20.08, 0, 0, 4.56
2019/04/20 00:59:00, 23.75, 23.65, 23.50, 22.18, 20.06, 0, 0, 4.56
2019/04/20 01:00:00, 23.75, 23.67, 23.47, 22.21, 20.08, 0, 0, 4.56
2019/04/20 01:01:00, 23.75, 23.67, 23.48, 22.19, 20.06, 0, 0, 4.56
2019/04/20 01:02:00, 23.75, 23.65, 23.48, 22.22, 20.08, 0, 0, 4.56
2019/04/20 01:03:00, 23.75, 23.68, 23.48, 22.23, 20.12, 0, 0, 4.56
2019/04/20 01:04:00, 23.75, 23.64, 23.48, 22.23, 20.11, 0, 0, 4.56
2019/04/20 01:05:00, 23.75, 23.68, 23.47, 22.21, 20.11, 0, 0, 4.56
2019/04/20 01:06:00, 23.75, 23.65, 23.46, 22.21, 20.10, 0, 0, 4.56
2019/04/20 01:07:00, 23.75, 23.65, 23.47, 22.26, 20.14, 0, 0, 4.56
2019/04/20 01:08:00, 23.75, 23.65, 23.50, 22.24, 20.14, 0, 0, 4.56
2019/04/20 01:09:00, 23.75, 23.68, 23.48, 22.28, 20.13, 0, 0, 4.56
2019/04/20 01:10:00, 23.75, 23.67, 23.48, 22.23, 20.13, 0, 0, 4.56
2019/04/20 01:11:00, 23.75, 23.65, 23.49, 22.24, 20.15, 0, 0, 4.56
2019/04/20 01:12:00, 23.75, 23.67, 23.49, 22.28, 20.15, 0, 0, 4.56
2019/04/20 01:13:00, 23.75, 23.67, 23.48, 22.23, 20.11, 0, 0, 4.56
2019/04/20 01:14:00, 23.75, 23.67, 23.48, 22.23, 20.15, 0, 0, 4.56
2019/04/20 01:15:00, 23.75, 23.65, 23.46, 22.24, 20.14, 0, 0, 4.56
2019/04/20 01:16:00, 23.75, 23.65, 23.47, 22.24, 20.16, 0, 0, 4.56
2019/04/20 01:17:00, 23.75, 23.65, 23.46, 22.29, 20.19, 0, 0, 4.56
2019/04/20 01:18:00, 23.75, 23.67, 23.47, 22.24, 20.19, 0, 0, 4.56
2019/04/20 01:19:00, 23.75, 23.65, 23.46, 22.31, 20.19, 0, 0, 4.56
2019/04/20 01:20:00, 23.75, 23.64, 23.47, 22.26, 20.19, 0, 0, 4.56
2019/04/20 01:21:00, 23.75, 23.68, 23.49, 22.26, 20.21, 0, 0, 4.56
2019/04/20 01:22:00, 23.75, 23.67, 23.47, 22.29, 20.19, 0, 0, 4.56
2019/04/20 01:23:00, 23.75, 23.67, 23.48, 22.33, 20.22, 0, 0, 4.56
2019/04/20 01:24:00, 23.75, 23.65, 23.48, 22.33, 20.19, 0, 0, 4.56
2019/04/20 01:25:00, 23.75, 23.65, 23.49, 22.37, 20.22, 0, 0, 4.56
2019/04/20 01:26:00, 23.75, 23.65, 23.47, 22.33, 20.20, 0, 0, 4.56
2019/04/20 01:27:00, 23.75, 23.65, 23.48, 22.33, 20.21, 0, 0, 4.56
2019/04/20 01:28:00, 23.75, 23.67, 23.48, 22.29, 20.22, 0, 0, 4.56
2019/04/20 01:29:00, 23.75, 23.67, 23.47, 22.38, 20.24, 0, 0, 4.56
2019/04/20 01:30:00, 23.75, 23.70, 23.50, 22.33, 20.25, 0, 0, 4.56
2019/04/20 01:31:00, 23.75, 23.68, 23.49, 22.38, 20.25, 0, 0, 4.56
2019/04/20 01:32:00, 23.75, 23.67, 23.48, 22.36, 20.23, 0, 0, 4.56
2019/04/20 01:33:00, 23.75, 23.68, 23.47, 22.36, 20.24, 0, 0, 4.56
2019/04/20 01:34:00, 23.75, 23.65, 23.48, 22.39, 20.26, 0, 0, 4.56
2019/04/20 01:35:00, 23.75, 23.68, 23.49, 22.34, 20.26, 0, 0, 4.56
2019/04/20 01:36:00, 23.75, 23.67, 23.49, 22.34, 20.26, 0, 0, 4.56
2019/04/20 01:37:00, 23.75, 23.67, 23.47, 22.31, 20.25, 0, 0, 4.56
2019/04/20 01:38:00, 23.75, 23.65, 23.47, 22.33, 20.26, 0, 0, 4.56
2019/04/20 01:39:00, 23.75, 23.65, 23.47, 22.44, 20.26, 0, 0, 4.56
2019/04/20 01:40:00, 23.75, 23.68, 23.48, 22.37, 20.28, 0, 0, 4.56
2019/04/20 01:41:00, 23.75, 23.64, 23.49, 22.44, 20.28, 0, 0, 4.56
2019/04/20 01:42:00, 23.75, 23.68, 23.46, 22.29, 20.26, 0, 0, 4.56
2019/04/20 01:43:00, 23.75, 23.67, 23.47, 22.37, 20.26, 0, 0, 4.56
2019/04/20 01:44:00, 23.75, 23.67, 23.49, 22.40, 20.29, 0, 0, 4.56
2019/04/20 01:45:00, 23.75, 23.67, 23.47, 22.41, 20.29, 0, 0, 4.56
2019/04/20 01:46:00, 23.75, 23.67, 23.49, 22.42, 20.31, 0, 0, 4.56
2019/04/20 01:47:00, 23.75, 23.67, 23.48, 22.42, 20.32, 0, 0, 4.56
2019/04/20 01:48:00, 23.75, 23.68, 23.49, 22.44, 20.30, 0, 0, 4.56
2019/04/20 01:49:00, 23.75, 23.67, 23.48, 22.44, 20.32, 0, 0, 4.56
2019/04/20 01:50:00, 23.75, 23.67, 23.48, 22.42, 20.31, 0, 0, 4.56
2019/04/20 01:51:00, 23.75, 23.68, 23.50, 22.45, 20.34, 0, 0, 4.56
2019/04/20 01:52:00, 23.75, 23.67, 23.48, 22.47, 20.34, 0, 0, 4.56
2019/04/20 01:53:00, 23.75, 23.67, 23.49, 22.42, 20.32, 0, 0, 4.56
2019/04/20 01:54:00, 23.75, 23.64, 23.49, 22.44, 20.35, 0, 0, 4.56
2019/04/20 01:55:00, 23.75, 23.65, 23.50, 22.41, 20.35, 0, 0, 4.56
2019/04/20 01:56:00, 23.75, 23.67, 23.48, 22.47, 20.36, 0, 0, 4.56
2019/04/20 01:57:00, 23.75, 23.68, 23.48, 22.45, 20.33, 0, 0, 4.56
2019/04/20 01:58:00, 23.75, 23.64, 23.48, 22.49, 20.36, 0, 0, 4.56
2019/04/20 01:59:00, 23.75, 23.67, 23.45, 22.45, 20.37, 0, 0, 4.56
2019/04/20 02:00:00, 23.75, 23.64, 23.46, 22.52, 20.41, 0, 0, 4.56
2019/04/20 02:01:00, 23.75, 23.67, 23.46, 22.54, 20.42, 0, 0, 4.56
2019/04/20 02:02:00, 23.75, 23.67, 23.48, 22.50, 20.39, 0, 0, 4.56
2019/04/20 02:03:00, 23.75, 23.67, 23.47, 22.51, 20.42, 0, 0, 4.56
2019/04/20 02:04:00, 23.75, 23.67, 23.48, 22.55, 20.41, 0, 0, 4.56
2019/04/20 02:05:00, 23.75, 23.65, 23.47, 22.50, 20.40, 0, 0, 4.56
2019/04/20 02:06:00, 23.75, 23.65, 23.47, 22.55, 20.41, 0, 0, 4.56
2019/04/20 02:07:00, 23.75, 23.65, 23.48, 22.51, 20.42, 0, 0, 4.56
2019/04/20 02:08:00, 23.75, 23.67, 23.47, 22.55, 20.43, 0, 0, 4.56
2019/04/20 02:09:00, 23.75, 23.67, 23.48, 22.50, 20.44, 0, 0, 4.56
2019/04/20 02:10:00, 23.75, 23.68, 23.48, 22.52, 20.44, 0, 0, 4.56
2019/04/20 02:11:00, 23.75, 23.64, 23.46, 22.55, 20.42, 0, 0, 4.56
2019/04/20 02:12:00, 23.75, 23.67, 23.50, 22.55, 20.42, 0, 0, 4.56
2019/04/20 02:13:00, 23.75, 23.67, 23.48, 22.59, 20.45, 0, 0, 4.56
2019/04/20 02:14:00, 23.75, 23.68, 23.48, 22.54, 20.45, 0, 0, 4.56
2019/04/20 02:15:00, 23.75, 23.68, 23.48, 22.62, 20.47, 0, 0, 4.56
2019/04/20 02:16:00, 23.75, 23.68, 23.46, 22.54, 20.45, 0, 0, 4.56
2019/04/20 02:17:00, 23.75, 23.67, 23.47, 22.54, 20.45, 0, 0, 4.56
2019/04/20 02:18:00, 23.75, 23.67, 23.46, 22.60, 20.47, 0, 0, 4.56
2019/04/20 02:19:00, 23.75, 23.65, 23.50, 22.60, 20.50, 0, 0, 4.56
2019/04/20 02:20:00, 23.75, 23.65, 23.48, 22.62, 20.49, 0, 0, 4.56
2019/04/20 02:21:00, 23.75, 23.65, 23.48, 22.55, 20.48, 0, 0, 4.56
2019/04/20 02:22:00, 23.75, 23.67, 23.48, 22.60, 20.48, 0, 0, 4.56
2019/04/20 02:23:00, 23.75, 23.68, 23.49, 22.54, 20.49, 0, 0, 4.56
2019/04/20 02:24:00, 23.75, 23.65, 23.48, 22.60, 20.48, 0, 0, 4.56
2019/04/20 02:25:00, 23.75, 23.63, 23.48, 22.58, 20.50, 0, 0, 4.56
2019/04/20 02:26:00, 23.75, 23.64, 23.45, 22.58, 20.49, 0, 0, 4.56
2019/04/20 02:27:00, 23.75, 23.65, 23.45, 22.65, 20.55, 0, 0, 4.56
2019/04/20 02:28:00, 23.75, 23.61, 23.47, 22.69, 20.58, 0, 0, 4.56
2019/04/20 02:29:00, 23.75, 23.63, 23.46, 22.68, 20.58, 0, 0, 4.56
2019/04/20 02:30:00, 23.75, 23.64, 23.45, 22.70, 20.57, 0, 0, 4.56
2019/04/20 02:31:00, 23.75, 23.64, 23.44, 22.66, 20.55, 0, 0, 4.56
2019/04/20 02:32:00, 23.75, 23.63, 23.45, 22.68, 20.56, 0, 0, 4.56
2019/04/20 02:33:00, 23.75, 23.63, 23.46, 22.75, 20.56, 0, 0, 4.56
2019/04/20 02:34:00, 23.75, 23.63, 23.47, 22.68, 20.55, 0, 0, 4.56
2019/04/20 02:35:00, 23.75, 23.63, 23.46, 22.71, 20.55, 0, 0, 4.56
2019/04/20 02:36:00, 23.75, 23.64, 23.45, 22.73, 20.57, 0, 0, 4.56
2019/04/20 02:37:00, 23.75, 23.64, 23.45, 22.71, 20.58, 0, 0, 4.56
2019/04/20 02:38:00, 23.75, 23.65, 23.47, 22.68, 20.55, 0, 0, 4.56
2019/04/20 02:39:00, 23.75, 23.65, 23.47, 22.73, 20.58, 0, 0, 4.56
2019/04/20 02:40:00, 23.75, 23.63, 23.46, 22.69, 20.58, 0, 0, 4.56
2019/04/20 02:41:00, 23.75, 23.63, 23.46, 22.67, 20.58, 0, 0, 4.56
2019/04/20 02:42:00, 23.75, 23.64, 23.47, 22.65, 20.58, 0, 0, 4.56
2019/04/20 02:43:00, 23.75, 23.63, 23.47, 22.83, 20.62, 0, 0, 4.56
2019/04/20 02:44:00, 23.75, 23.64, 23.47, 22.73, 20.61, 0, 0, 4.56
2019/04/20 02:45:00, 23.75, 23.64, 23.45, 22.73, 20.61, 0, 0, 4.56
2019/04/20 02:46:00, 23.75, 23.65, 23.46, 22.68, 20.61, 0, 0, 4.56
2019/04/20 02:47:00, 23.75, 23.63, 23.46, 22.69, 20.61, 0, 0, 4.56
2019/04/20 02:48:00, 23.75, 23.63, 23.46, 22.76, 20.62, 0, 0, 4.56
2019/04/20 02:49:00, 23.75, 23.64, 23.46, 22.75, 20.65, 0, 0, 4.56
2019/04/20 02:50:00, 23.75, 23.65, 23.45, 22.73, 20.63, 0, 0, 4.56
2019/04/20 02:51:00, 23.75, 23.64, 23.47, 22.73, 20.61, 0, 0, 4.56
2019/04/20 02:52:00, 23.75, 23.63, 23.47, 22.75, 20.61, 0, 0, 4.56
2019/04/20 02:53:00, 23.75, 23.65, 23.47, 22.73, 20.61, 0, 0, 4.56
2019/04/20 02:54:00, 23.75, 23.65, 23.46, 22.75, 20.61, 0, 0, 4.56
2019/04/20 02:55:00, 23.75, 23.64, 23.47, 22.73, 20.60, 0, 0, 4.56
2019/04/20 02:56:00, 23.75, 23.67, 23.47, 22.68, 20.60, 0, 0, 4.56
2019/04/20 02:57:00, 23.75, 23.65, 23.48, 22.70, 20.59, 0, 0, 4.56
2019/04/20 02:58:00, 23.75, 23.64, 23.50, 22.65, 20.56, 0, 0, 4.56
2019/04/20 02:59:00, 23.75, 23.65, 23.46, 22.70, 20.58, 0, 0, 4.56
2019/04/20 03:00:00, 23.75, 23.67, 23.49, 22.75, 20.58, 0, 0, 4.56
2019/04/20 03:01:00, 23.75, 23.67, 23.50, 22.70, 20.60, 0, 0, 4.56
2019/04/20 03:02:00, 23.75, 23.67, 23.49, 22.68, 20.58, 0, 0, 4.56
2019/04/20 03:03:00, 23.75, 23.65, 23.47, 22.67, 20.58, 0, 0, 4.56
2019/04/20 03:04:00, 23.75, 23.67, 23.47, 22.71, 20.59, 0, 0, 4.56
2019/04/20 03:05:00, 23.75, 23.65, 23.48, 22.72, 20.60, 0, 0, 4.56
2019/04/20 03:06:00, 23.75, 23.65, 23.49, 22.67, 20.60, 0, 0, 4.56
2019/04/20 03:07:00, 23.75, 23.65, 23.49, 22.72, 20.61, 0, 0, 4.56
2019/04/20 03:08:00, 23.75, 23.67, 23.48, 22.72, 20.60, 0, 0, 4.56
2019/04/20 03:09:00, 23.75, 23.67, 23.48, 22.71, 20.61, 0, 0, 4.56
2019/04/20 03:10:00, 23.75, 23.68, 23.49, 22.70, 20.61, 0, 0, 4.56
2019/04/20 03:11:00, 23.75, 23.68, 23.49, 22.67, 20.60, 0, 0, 4.56
2019/04/20 03:12:00, 23.75, 23.65, 23.47, 22.67, 20.57, 0, 0, 4.56
2019/04/20 03:13:00, 23.75, 23.65, 23.49, 22.73, 20.58, 0, 0, 4.56
2019/04/20 03:14:00, 23.75, 23.68, 23.49, 22.68, 20.60, 0, 0, 4.56
2019/04/20 03:15:00, 23.75, 23.68, 23.48, 22.71, 20.59, 0, 0, 4.56
2019/04/20 03:16:00, 23.75, 23.68, 23.48, 22.65, 20.58, 0, 0, 4.56
2019/04/20 03:17:00, 23.75, 23.65, 23.49, 22.68, 20.58, 0, 0, 4.56
2019/04/20 03:18:00, 23.75, 23.65, 23.50, 22.71, 20.58, 0, 0, 4.56
2019/04/20 03:19:00, 23.75, 23.65, 23.48, 22.73, 20.61, 0, 0, 4.56
2019/04/20 03:20:00, 23.75, 23.65, 23.46, 22.76, 20.63, 0, 0, 4.56
2019/04/20 03:21:00, 23.75, 23.67, 23.49, 22.73, 20.61, 0, 0, 4.56
2019/04/20 03:22:00, 23.75, 23.68, 23.50, 22.71, 20.63, 0, 0, 4.56
2019/04/20 03:23:00, 23.75, 23.68, 23.48, 22.68, 20.62, 0, 0, 4.56
2019/04/20 03:24:00, 23.75, 23.65, 23.49, 22.73, 20.60, 0, 0, 4.56
2019/04/20 03:25:00, 23.75, 23.67, 23.48, 22.68, 20.61, 0, 0, 4.56
2019/04/20 03:26:00, 23.75, 23.65, 23.48, 22.68, 20.60, 0, 0, 4.56
2019/04/20 03:27:00, 23.75, 23.67, 23.50, 22.70, 20.58, 0, 0, 4.56
2019/04/20 03:28:00, 23.75, 23.70, 23.48, 22.78, 20.61, 0, 0, 4.56
2019/04/20 03:29:00, 23.75, 23.67, 23.49, 22.68, 20.61, 0, 0, 4.56
2019/04/20 03:30:00, 23.75, 23.64, 23.48, 22.75, 20.61, 0, 0, 4.56
2019/04/20 03:31:00, 23.75, 23.67, 23.47, 22.76, 20.61, 0, 0, 4.56
2019/04/20 03:32:00, 23.75, 23.65, 23.48, 22.71, 20.62, 0, 0, 4.56
2019/04/20 03:33:00, 23.75, 23.65, 23.47, 22.67, 20.62, 0, 0, 4.56
2019/04/20 03:34:00, 23.75, 23.63, 23.47, 22.73, 20.61, 0, 0, 4.56
2019/04/20 03:35:00, 23.75, 23.64, 23.48, 22.71, 20.61, 0, 0, 4.56
2019/04/20 03:36:00, 23.75, 23.63, 23.45, 22.71, 20.62, 0, 0, 4.56
2019/04/20 03:37:00, 23.75, 23.67, 23.46, 22.76, 20.64, 0, 0, 4.56
2019/04/20 03:38:00, 23.75, 23.65, 23.47, 22.70, 20.64, 0, 0, 4.56
2019/04/20 03:39:00, 23.75, 23.67, 23.47, 22.70, 20.65, 0, 0, 4.56
2019/04/20 03:40:00, 23.75, 23.64, 23.48, 22.75, 20.64, 0, 0, 4.56
2019/04/20 03:41:00, 23.75, 23.63, 23.48, 22.67, 20.63, 0, 0, 4.56
2019/04/20 03:42:00, 23.75, 23.64, 23.45, 22.73, 20.62, 0, 0, 4.56
2019/04/20 03:43:00, 23.75, 23.65, 23.46, 22.78, 20.64, 0, 0, 4.56
2019/04/20 03:44:00, 23.75, 23.63, 23.47, 22.71, 20.63, 0, 0, 4.56
2019/04/20 03:45:00, 23.75, 23.64, 23.46, 22.73, 20.65, 0, 0, 4.56
2019/04/20 03:46:00, 23.75, 23.64, 23.45, 22.71, 20.64, 0, 0, 4.56
2019/04/20 03:47:00, 23.75, 23.64, 23.46, 22.66, 20.62, 0, 0, 4.56
2019/04/20 03:48:00, 23.75, 23.64, 23.46, 22.80, 20.64, 0, 0, 4.56
2019/04/20 03:49:00, 23.75, 23.65, 23.46, 22.73, 20.65, 0, 0, 4.56
2019/04/20 03:50:00, 23.75, 23.65, 23.48, 22.75, 20.67, 0, 0, 4.56
2019/04/20 03:51:00, 23.75, 23.67, 23.46, 22.81, 20.65, 0, 0, 4.56
2019/04/20 03:52:00, 23.75, 23.63, 23.45, 22.70, 20.65, 0, 0, 4.56
2019/04/20 03:53:00, 23.75, 23.65, 23.46, 22.73, 20.64, 0, 0, 4.56
2019/04/20 03:54:00, 23.75, 23.64, 23.47, 22.71, 20.62, 0, 0, 4.56
2019/04/20 03:55:00, 23.75, 23.64, 23.47, 22.75, 20.65, 0, 0, 4.56
2019/04/20 03:56:00, 23.75, 23.65, 23.47, 22.76, 20.67, 0, 0, 4.56
2019/04/20 03:57:00, 23.75, 23.65, 23.48, 22.75, 20.63, 0, 0, 4.56
2019/04/20 03:58:00, 23.75, 23.65, 23.47, 22.76, 20.64, 0, 0, 4.56
2019/04/20 03:59:00, 23.75, 23.67, 23.47, 22.71, 20.62, 0, 0, 4.56
2019/04/20 04:00:00, 23.75, 23.64, 23.46, 22.71, 20.63, 0, 0, 4.56
2019/04/20 04:01:00, 23.75, 23.64, 23.48, 22.71, 20.62, 0, 0, 4.56
2019/04/20 04:02:00, 23.75, 23.65, 23.47, 22.78, 20.64, 0, 0, 4.56
2019/04/20 04:03:00, 23.75, 23.67, 23.47, 22.71, 20.64, 0, 0, 4.56
2019/04/20 04:04:00, 23.75, 23.65, 23.47, 22.78, 20.64, 0, 0, 4.56
2019/04/20 04:05:00, 23.75, 23.65, 23.47, 22.71, 20.62, 0, 0, 4.56
2019/04/20 04:06:00, 23.75, 23.67, 23.47, 22.75, 20.61, 0, 0, 4.56
2019/04/20 04:07:00, 23.75, 23.65, 23.47, 22.68, 20.60, 0, 0, 4.56
2019/04/20 04:08:00, 23.75, 23.64, 23.47, 22.75, 20.61, 0, 0, 4.56
2019/04/20 04:09:00, 23.75, 23.65, 23.47, 22.76, 20.63, 0, 0, 4.56
2019/04/20 04:10:00, 23.75, 23.65, 23.47, 22.71, 20.63, 0, 0, 4.56
2019/04/20 04:11:00, 23.75, 23.64, 23.46, 22.73, 20.61, 0, 0, 4.56
2019/04/20 04:12:00, 23.75, 23.67, 23.48, 22.75, 20.61, 0, 0, 4.56
2019/04/20 04:13:00, 23.75, 23.65, 23.49, 22.73, 20.64, 0, 0, 4.56
2019/04/20 04:14:00, 23.75, 23.64, 23.47, 22.75, 20.63, 0, 0, 4.56
2019/04/20 04:15:00, 23.75, 23.67, 23.47, 22.68, 20.62, 0, 0, 4.56
2019/04/20 04:16:00, 23.75, 23.65, 23.48, 22.71, 20.62, 0, 0, 4.56
2019/04/20 04:17:00, 23.75, 23.64, 23.46, 22.73, 20.61, 0, 0, 4.56
2019/04/20 04:18:00, 23.75, 23.65, 23.47, 22.68, 20.62, 0, 0, 4.56
2019/04/20 04:19:00, 23.75, 23.64, 23.47, 22.73, 20.63, 0, 0, 4.56
2019/04/20 04:20:00, 23.75, 23.65, 23.46, 22.70, 20.62, 0, 0, 4.56
2019/04/20 04:21:00, 23.75, 23.64, 23.46, 22.73, 20.63, 0, 0, 4.56
2019/04/20 04:22:00, 23.75, 23.67, 23.47, 22.75, 20.64, 0, 0, 4.56
2019/04/20 04:23:00, 23.75, 23.65, 23.48, 22.70, 20.63, 0, 0, 4.56
2019/04/20 04:24:00, 23.75, 23.67, 23.49, 22.67, 20.60, 0, 0, 4.56
2019/04/20 04:25:00, 23.75, 23.63, 23.45, 22.73, 20.59, 0, 0, 4.56
2019/04/20 04:26:00, 23.75, 23.64, 23.46, 22.76, 20.64, 0, 0, 4.56
2019/04/20 04:27:00, 23.75, 23.64, 23.46, 22.73, 20.64, 0, 0, 4.56
2019/04/20 04:28:00, 23.75, 23.64, 23.47, 22.75, 20.63, 0, 0, 4.56
2019/04/20 04:29:00, 23.75, 23.65, 23.47, 22.73, 20.61, 0, 0, 4.56
2019/04/20 04:30:00, 23.75, 23.64, 23.48, 22.76, 20.61, 0, 0, 4.56
2019/04/20 04:31:00, 23.75, 23.65, 23.47, 22.71, 20.63, 0, 0, 4.56
2019/04/20 04:32:00, 23.75, 23.67, 23.47, 22.68, 20.63, 0, 0, 4.56
2019/04/20 04:33:00, 23.75, 23.64, 23.47, 22.63, 20.58, 0, 0, 4.56
2019/04/20 04:34:00, 23.75, 23.65, 23.46, 22.76, 20.61, 0, 0, 4.56
2019/04/20 04:35:00, 23.75, 23.64, 23.45, 22.73, 20.64, 0, 0, 4.56
2019/04/20 04:36:00, 23.75, 23.64, 23.46, 22.69, 20.62, 0, 0, 4.56
2019/04/20 04:37:00, 23.75, 23.65, 23.48, 22.71, 20.61, 0, 0, 4.56
2019/04/20 04:38:00, 23.75, 23.65, 23.47, 22.71, 20.62, 0, 0, 4.56
2019/04/20 04:39:00, 23.75, 23.64, 23.47, 22.73, 20.60, 0, 0, 4.56
2019/04/20 04:40:00, 23.75, 23.65, 23.47, 22.71, 20.61, 0, 0, 4.56
2019/04/20 04:41:00, 23.75, 23.67, 23.46, 22.75, 20.61, 0, 0, 4.56
2019/04/20 04:42:00, 23.75, 23.63, 23.48, 22.76, 20.61, 0, 0, 4.56
2019/04/20 04:43:00, 23.75, 23.64, 23.50, 22.73, 20.61, 0, 0, 4.56
2019/04/20 04:44:00, 23.75, 23.67, 23.47, 22.70, 20.58, 0, 0, 4.56
2019/04/20 04:45:00, 23.75, 23.67, 23.48, 22.72, 20.58, 0, 0, 4.56
2019/04/20 04:46:00, 23.75, 23.68, 23.49, 22.67, 20.58, 0, 0, 4.56
2019/04/20 04:47:00, 23.75, 23.65, 23.49, 22.68, 20.56, 0, 0, 4.56
2019/04/20 04:48:00, 23.75, 23.65, 23.48, 22.68, 20.57, 0, 0, 4.56
2019/04/20 04:49:00, 23.75, 23.65, 23.48, 22.70, 20.60, 0, 0, 4.56
2019/04/20 04:50:00, 23.75, 23.64, 23.45, 22.65, 20.55, 0, 0, 4.56
2019/04/20 04:51:00, 23.75, 23.65, 23.46, 22.66, 20.55, 0, 0, 4.56
2019/04/20 04:52:00, 23.75, 23.65, 23.47, 22.80, 20.61, 0, 0, 4.56
2019/04/20 04:53:00, 23.75, 23.64, 23.46, 22.75, 20.61, 0, 0, 4.56
2019/04/20 04:54:00, 23.75, 23.64, 23.46, 22.73, 20.58, 0, 0, 4.56
2019/04/20 04:55:00, 23.75, 23.64, 23.46, 22.68, 20.58, 0, 0, 4.56
2019/04/20 04:56:00, 23.75, 23.65, 23.46, 22.70, 20.58, 0, 0, 4.56
2019/04/20 04:57:00, 23.75, 23.65, 23.47, 22.63, 20.58, 0, 0, 4.56
2019/04/20 04:58:00, 23.75, 23.65, 23.48, 22.65, 20.57, 0, 0, 4.56
2019/04/20 04:59:00, 23.75, 23.65, 23.45, 22.71, 20.57, 0, 0, 4.56
2019/04/20 05:00:00, 23.75, 23.67, 23.48, 22.65, 20.58, 0, 0, 4.56
2019/04/20 05:01:00, 23.75, 23.65, 23.47, 22.70, 20.58, 0, 0, 4.56
2019/04/20 05:02:00, 23.75, 23.68, 23.47, 22.65, 20.58, 0, 0, 4.56
2019/04/20 05:03:00, 23.75, 23.65, 23.46, 22.70, 20.59, 0, 0, 4.56
2019/04/20 05:04:00, 23.75, 23.67, 23.47, 22.63, 20.58, 0, 0, 4.56
2019/04/20 05:05:00, 23.75, 23.64, 23.47, 22.63, 20.54, 0, 0, 4.56
2019/04/20 05:06:00, 23.75, 23.65, 23.46, 22.68, 20.54, 0, 0, 4.56
2019/04/20 05:07:00, 23.75, 23.64, 23.48, 22.57, 20.52, 0, 0, 4.56
2019/04/20 05:08:00, 23.75, 23.67, 23.48, 22.62, 20.54, 0, 0, 4.56
2019/04/20 05:09:00, 23.75, 23.67, 23.46, 22.63, 20.54, 0, 0, 4.56
2019/04/20 05:10:00, 23.75, 23.65, 23.47, 22.63, 20.54, 0, 0, 4.56
2019/04/20 05:11:00, 23.75, 23.68, 23.49, 22.63, 20.54, 0, 0, 4.56
2019/04/20 05:12:00, 23.75, 23.68, 23.47, 22.57, 20.52, 0, 0, 4.56
2019/04/20 05:13:00, 23.75, 23.68, 23.50, 22.62, 20.52, 0, 0, 4.56
2019/04/20 05:14:00, 23.75, 23.67, 23.48, 22.58, 20.51, 0, 0, 4.56
2019/04/20 05:15:00, 23.75, 23.67, 23.50, 22.62, 20.50, 0, 0, 4.56
2019/04/20 05:16:00, 23.75, 23.65, 23.47, 22.58, 20.51, 0, 0, 4.56
2019/04/20 05:17:00, 23.75, 23.67, 23.48, 22.55, 20.51, 0, 0, 4.56
2019/04/20 05:18:00, 23.75, 23.65, 23.49, 22.57, 20.48, 0, 0, 4.56
2019/04/20 05:19:00, 23.75, 23.70, 23.46, 22.63, 20.49, 0, 0, 4.56
2019/04/20 05:20:00, 23.75, 23.67, 23.48, 22.65, 20.49, 0, 0, 4.56
2019/04/20 05:21:00, 23.75, 23.67, 23.46, 22.62, 20.50, 0, 0, 4.56
2019/04/20 05:22:00, 23.75, 23.68, 23.49, 22.59, 20.50, 0, 0, 4.56
2019/04/20 05:23:00, 23.75, 23.65, 23.48, 22.58, 20.49, 0, 0, 4.56
2019/04/20 05:24:00, 23.75, 23.67, 23.48, 22.55, 20.48, 0, 0, 4.56
2019/04/20 05:25:00, 23.75, 23.65, 23.49, 22.60, 20.49, 0, 0, 4.56
2019/04/20 05:26:00, 23.75, 23.68, 23.47, 22.55, 20.47, 0, 0, 4.56
2019/04/20 05:27:00, 23.75, 23.65, 23.47, 22.57, 20.46, 0, 0, 4.56
2019/04/20 05:28:00, 23.75, 23.67, 23.47, 22.60, 20.48, 0, 0, 4.56
2019/04/20 05:29:00, 23.75, 23.67, 23.48, 22.58, 20.48, 0, 0, 4.56
2019/04/20 05:30:00, 23.75, 23.67, 23.48, 22.54, 20.45, 0, 0, 4.56
2019/04/20 05:31:00, 23.75, 23.67, 23.48, 22.54, 20.45, 0, 0, 4.56
2019/04/20 05:32:00, 23.75, 23.65, 23.48, 22.55, 20.46, 0, 0, 4.56
2019/04/20 05:33:00, 23.75, 23.67, 23.48, 22.55, 20.45, 0, 0, 4.56
2019/04/20 05:34:00, 23.75, 23.68, 23.47, 22.58, 20.47, 0, 0, 4.56
2019/04/20 05:35:00, 23.75, 23.67, 23.48, 22.51, 20.45, 0, 0, 4.56
2019/04/20 05:36:00, 23.75, 23.65, 23.47, 22.57, 20.45, 0, 0, 4.56
2019/04/20 05:37:00, 23.75, 23.65, 23.47, 22.51, 20.45, 0, 0, 4.56
2019/04/20 05:38:00, 23.75, 23.67, 23.47, 22.54, 20.46, 0, 0, 4.56
2019/04/20 05:39:00, 23.75, 23.64, 23.46, 22.58, 20.46, 0, 0, 4.56
2019/04/20 05:40:00, 23.75, 23.65, 23.47, 22.52, 20.45, 0, 0, 4.56
2019/04/20 05:41:00, 23.75, 23.64, 23.48, 22.52, 20.45, 0, 0, 4.56
2019/04/20 05:42:00, 23.75, 23.65, 23.46, 22.54, 20.44, 0, 0, 4.56
2019/04/20 05:43:00, 23.75, 23.67, 23.47, 22.49, 20.43, 0, 0, 4.56
2019/04/20 05:44:00, 23.75, 23.65, 23.47, 22.53, 20.42, 0, 0, 4.56
2019/04/20 05:45:00, 23.75, 23.64, 23.47, 22.55, 20.43, 0, 0, 4.56
2019/04/20 05:46:00, 23.75, 23.65, 23.47, 22.52, 20.45, 0, 0, 4.56
2019/04/20 05:47:00, 23.75, 23.65, 23.45, 22.55, 20.43, 0, 0, 4.56
2019/04/20 05:48:00, 23.75, 23.65, 23.47, 22.49, 20.43, 0, 0, 4.56
2019/04/20 05:49:00, 23.75, 23.64, 23.46, 22.52, 20.45, 0, 0, 4.56
2019/04/20 05:50:00, 23.75, 23.65, 23.46, 22.52, 20.46, 0, 0, 4.56
2019/04/20 05:51:00, 23.75, 23.65, 23.47, 22.47, 20.46, 0, 0, 4.56
2019/04/20 05:52:00, 23.75, 23.65, 23.46, 22.55, 20.44, 0, 0, 4.56
2019/04/20 05:53:00, 23.75, 23.64, 23.47, 22.54, 20.42, 0, 0, 4.56
2019/04/20 05:54:00, 23.75, 23.63, 23.46, 22.50, 20.43, 0, 0, 4.56
2019/04/20 05:55:00, 23.75, 23.65, 23.47, 22.57, 20.42, 0, 0, 4.56
2019/04/20 05:56:00, 23.75, 23.65, 23.47, 22.55, 20.43, 0, 0, 4.56
2019/04/20 05:57:00, 23.75, 23.65, 23.48, 22.52, 20.43, 0, 0, 4.56
2019/04/20 05:58:00, 23.75, 23.65, 23.47, 22.50, 20.43, 0, 0, 4.56
2019/04/20 05:59:00, 23.75, 23.63, 23.46, 22.49, 20.43, 0, 0, 4.56
2019/04/20 06:00:00, 23.75, 23.64, 23.46, 22.50, 20.41, 0, 0, 4.56
2019/04/20 06:01:00, 23.75, 23.63, 23.45, 22.55, 20.44, 0, 0, 4.56
2019/04/20 06:02:00, 23.75, 23.65, 23.46, 22.57, 20.42, 0, 0, 4.56
2019/04/20 06:03:00, 23.75, 23.64, 23.45, 22.53, 20.44, 0, 0, 4.56
2019/04/20 06:04:00, 23.75, 23.65, 23.46, 22.50, 20.43, 0, 0, 4.56
2019/04/20 06:05:00, 23.75, 23.65, 23.48, 22.52, 20.43, 0, 0, 4.56
2019/04/20 06:06:00, 23.75, 23.67, 23.47, 22.52, 20.42, 0, 0, 4.56
2019/04/20 06:07:00, 23.75, 23.64, 23.48, 22.54, 20.42, 0, 0, 4.56
2019/04/20 06:08:00, 23.75, 23.63, 23.44, 22.55, 20.42, 0, 0, 4.56
2019/04/20 06:09:00, 23.75, 23.64, 23.46, 22.49, 20.42, 0, 0, 4.56
2019/04/20 06:10:00, 23.75, 23.67, 23.50, 22.47, 20.42, 0, 0, 4.56
2019/04/20 06:11:00, 23.75, 23.65, 23.45, 22.54, 20.41, 0, 0, 4.56
2019/04/20 06:12:00, 23.75, 23.67, 23.47, 22.51, 20.42, 0, 0, 4.56
2019/04/20 06:13:00, 23.75, 23.65, 23.48, 22.47, 20.42, 0, 0, 4.56
2019/04/20 06:14:00, 23.75, 23.65, 23.47, 22.51, 20.43, 0, 0, 4.56
2019/04/20 06:15:00, 23.75, 23.67, 23.48, 22.49, 20.42, 0, 0, 4.56
2019/04/20 06:16:00, 23.75, 23.64, 23.47, 22.51, 20.41, 0, 0, 4.56
2019/04/20 06:17:00, 23.75, 23.64, 23.48, 22.50, 20.42, 0, 0, 4.56
2019/04/20 06:18:00, 23.75, 23.67, 23.47, 22.49, 20.41, 0, 0, 4.56
2019/04/20 06:19:00, 23.75, 23.67, 23.48, 22.51, 20.42, 0, 0, 4.56
2019/04/20 06:20:00, 23.75, 23.65, 23.47, 22.47, 20.40, 0, 0, 4.56
2019/04/20 06:21:00, 23.75, 23.67, 23.49, 22.49, 20.39, 0, 0, 4.56
2019/04/20 06:22:00, 23.75, 23.67, 23.49, 22.51, 20.38, 0, 0, 4.56
2019/04/20 06:23:00, 23.75, 23.67, 23.48, 22.51, 20.39, 0, 0, 4.56
2019/04/20 06:24:00, 23.75, 23.67, 23.47, 22.45, 20.40, 0, 0, 4.56
2019/04/20 06:25:00, 23.75, 23.68, 23.49, 22.47, 20.37, 0, 0, 4.56
2019/04/20 06:26:00, 23.75, 23.65, 23.47, 22.45, 20.38, 0, 0, 4.56
2019/04/20 06:27:00, 23.75, 23.65, 23.48, 22.51, 20.41, 0, 0, 4.56
2019/04/20 06:28:00, 23.75, 23.65, 23.47, 22.51, 20.39, 0, 0, 4.56
2019/04/20 06:29:00, 23.75, 23.67, 23.48, 22.44, 20.36, 0, 0, 4.56
2019/04/20 06:30:00, 23.75, 23.65, 23.47, 22.49, 20.39, 0, 0, 4.56
2019/04/20 06:31:00, 23.75, 23.65, 23.49, 22.49, 20.41, 0, 0, 4.56
2019/04/20 06:32:00, 23.75, 23.64, 23.47, 22.45, 20.40, 0, 0, 4.56
2019/04/20 06:33:00, 23.75, 23.67, 23.49, 22.39, 20.37, 0, 0, 4.56
2019/04/20 06:34:00, 23.75, 23.67, 23.47, 22.47, 20.39, 0, 0, 4.56
2019/04/20 06:35:00, 23.75, 23.68, 23.48, 22.51, 20.39, 0, 0, 4.56
2019/04/20 06:36:00, 23.75, 23.67, 23.48, 22.49, 20.40, 0, 0, 4.56
2019/04/20 06:37:00, 23.75, 23.67, 23.50, 22.49, 20.39, 0, 0, 4.56
2019/04/20 06:38:00, 23.75, 23.67, 23.48, 22.51, 20.38, 0, 0, 4.56
2019/04/20 06:39:00, 23.75, 23.68, 23.49, 22.49, 20.39, 0, 0, 4.56
2019/04/20 06:40:00, 23.75, 23.68, 23.48, 22.52, 20.40, 0, 0, 4.56
2019/04/20 06:41:00, 23.75, 23.67, 23.50, 22.44, 20.39, 0, 0, 4.56
2019/04/20 06:42:00, 23.75, 23.68, 23.48, 22.47, 20.40, 0, 0, 4.56
2019/04/20 06:43:00, 23.75, 23.65, 23.48, 22.44, 20.37, 0, 0, 4.56
2019/04/20 06:44:00, 23.75, 23.64, 23.47, 22.50, 20.37, 0, 0, 4.56
2019/04/20 06:45:00, 23.75, 23.68, 23.49, 22.49, 20.40, 0, 0, 4.56
2019/04/20 06:46:00, 23.75, 23.68, 23.50, 22.44, 20.39, 0, 0, 4.56
2019/04/20 06:47:00, 23.75, 23.67, 23.48, 22.39, 20.38, 0, 0, 4.56
2019/04/20 06:48:00, 23.75, 23.64, 23.45, 22.45, 20.36, 0, 0, 4.56
2019/04/20 06:49:00, 23.75, 23.65, 23.46, 22.49, 20.42, 0, 0, 4.56
2019/04/20 06:50:00, 23.75, 23.65, 23.47, 22.49, 20.42, 0, 0, 4.56
2019/04/20 06:51:00, 23.75, 23.68, 23.46, 22.49, 20.42, 0, 0, 4.56
2019/04/20 06:52:00, 23.75, 23.65, 23.49, 22.50, 20.40, 0, 0, 4.56
2019/04/20 06:53:00, 23.75, 23.67, 23.49, 22.47, 20.40, 0, 0, 4.56
2019/04/20 06:54:00, 23.75, 23.67, 23.51, 22.47, 20.39, 0, 0, 4.56
2019/04/20 06:55:00, 23.75, 23.65, 23.48, 22.47, 20.41, 0, 0, 4.56
2019/04/20 06:56:00, 23.75, 23.68, 23.50, 22.45, 20.39, 0, 0, 4.56
2019/04/20 06:57:00, 23.75, 23.67, 23.48, 22.47, 20.35, 0, 0, 4.56
2019/04/20 06:58:00, 23.75, 23.68, 23.49, 22.51, 20.40, 0, 0, 4.56
2019/04/20 06:59:00, 23.75, 23.65, 23.49, 22.45, 20.37, 0, 0, 4.56
2019/04/20 07:00:00, 23.75, 23.67, 23.48, 22.54, 20.42, 0, 0, 4.56
2019/04/20 07:01:00, 23.75, 23.67, 23.49, 22.47, 20.42, 0, 0, 4.56
2019/04/20 07:02:00, 23.75, 23.67, 23.49, 22.52, 20.42, 0, 0, 4.56
2019/04/20 07:03:00, 23.75, 23.68, 23.50, 22.49, 20.42, 0, 0, 4.56
2019/04/20 07:04:00, 23.75, 23.70, 23.51, 22.45, 20.40, 0, 0, 4.56
2019/04/20 07:05:00, 23.75, 23.68, 23.50, 22.44, 20.39, 0, 0, 4.56
2019/04/20 07:06:00, 23.75, 23.71, 23.52, 22.42, 20.39, 0, 0, 4.56
2019/04/20 07:07:00, 23.75, 23.70, 23.53, 22.44, 20.37, 0, 0, 4.56
2019/04/20 07:08:00, 23.75, 23.73, 23.53, 22.38, 20.38, 0, 0, 4.56
2019/04/20 07:09:00, 23.75, 23.71, 23.54, 22.44, 20.38, 0, 0, 4.56
2019/04/20 07:10:00, 23.75, 23.76, 23.53, 22.41, 20.35, 0, 0, 4.56
2019/04/20 07:11:00, 23.75, 23.73, 23.57, 22.45, 20.36, 0, 0, 4.56
2019/04/20 07:12:00, 23.75, 23.74, 23.56, 22.48, 20.35, 0, 0, 4.56
2019/04/20 07:13:00, 23.75, 23.74, 23.57, 22.41, 20.35, 0, 0, 4.56
2019/04/20 07:14:00, 23.75, 23.74, 23.56, 22.46, 20.37, 0, 0, 4.56
2019/04/20 07:15:00, 23.75, 23.76, 23.57, 22.41, 20.34, 0, 0, 4.56
2019/04/20 07:16:00, 23.75, 23.76, 23.56, 22.41, 20.35, 0, 0, 4.56
2019/04/20 07:17:00, 23.75, 23.77, 23.59, 22.40, 20.34, 0, 0, 4.56
2019/04/20 07:18:00, 23.75, 23.74, 23.59, 22.40, 20.31, 0, 0, 4.56
2019/04/20 07:19:00, 23.75, 23.74, 23.57, 22.44, 20.33, 0, 0, 4.56
2019/04/20 07:20:00, 23.75, 23.76, 23.59, 22.41, 20.34, 0, 0, 4.56
2019/04/20 07:21:00, 23.75, 23.76, 23.58, 22.40, 20.34, 0, 0, 4.56
2019/04/20 07:22:00, 23.75, 23.76, 23.59, 22.46, 20.35, 0, 0, 4.56
2019/04/20 07:23:00, 23.75, 23.76, 23.60, 22.36, 20.32, 0, 0, 4.56
2019/04/20 07:24:00, 23.75, 23.74, 23.57, 22.41, 20.33, 0, 0, 4.56
2019/04/20 07:25:00, 23.75, 23.74, 23.56, 22.43, 20.35, 0, 0, 4.56
2019/04/20 07:26:00, 23.75, 23.79, 23.57, 22.36, 20.35, 0, 0, 4.56
2019/04/20 07:27:00, 23.75, 23.79, 23.57, 22.43, 20.35, 0, 0, 4.56
2019/04/20 07:28:00, 23.75, 23.74, 23.60, 22.43, 20.35, 0, 0, 4.56
2019/04/20 07:29:00, 23.75, 23.74, 23.59, 22.41, 20.35, 0, 0, 4.56
2019/04/20 07:30:00, 23.75, 23.77, 23.60, 22.38, 20.35, 0, 0, 4.56
2019/04/20 07:31:00, 23.75, 23.76, 23.59, 22.35, 20.34, 0, 0, 4.56
2019/04/20 07:32:00, 23.75, 23.76, 23.60, 22.48, 20.33, 0, 0, 4.56
2019/04/20 07:33:00, 23.75, 23.76, 23.60, 22.45, 20.35, 0, 0, 4.56
2019/04/20 07:34:00, 23.75, 23.80, 23.62, 22.42, 20.35, 0, 0, 4.56
2019/04/20 07:35:00, 23.75, 23.83, 23.65, 22.37, 20.33, 0, 0, 4.56
2019/04/20 07:36:00, 23.75, 23.85, 23.63, 22.32, 20.30, 0, 0, 4.56
2019/04/20 07:37:00, 23.75, 23.87, 23.66, 22.40, 20.29, 0, 0, 4.56
2019/04/20 07:38:00, 23.75, 23.88, 23.68, 22.32, 20.26, 0, 0, 4.56
2019/04/20 07:39:00, 23.75, 23.88, 23.68, 22.33, 20.27, 0, 0, 4.56
2019/04/20 07:40:00, 23.75, 23.88, 23.69, 22.27, 20.23, 0, 0, 4.56
2019/04/20 07:41:00, 23.75, 23.88, 23.68, 22.29, 20.23, 0, 0, 4.56
2019/04/20 07:42:00, 23.75, 23.90, 23.69, 22.23, 20.24, 0, 0, 4.56
2019/04/20 07:43:00, 23.75, 23.88, 23.67, 22.31, 20.25, 0, 0, 4.56
2019/04/20 07:44:00, 23.75, 23.88, 23.68, 22.29, 20.25, 0, 0, 4.56
2019/04/20 07:45:00, 23.75, 23.88, 23.67, 22.35, 20.28, 0, 0, 4.56
2019/04/20 07:46:00, 23.75, 23.88, 23.71, 22.32, 20.27, 0, 0, 4.56
2019/04/20 07:47:00, 23.75, 23.85, 23.69, 22.31, 20.26, 0, 0, 4.56
2019/04/20 07:48:00, 23.75, 23.88, 23.67, 22.32, 20.27, 0, 0, 4.56
2019/04/20 07:49:00, 23.75, 23.88, 23.69, 22.34, 20.29, 0, 0, 4.56
2019/04/20 07:50:00, 23.75, 23.90, 23.68, 22.31, 20.26, 0, 0, 4.56
2019/04/20 07:51:00, 23.75, 23.87, 23.69, 22.34, 20.29, 0, 0, 4.56
2019/04/20 07:52:00, 23.75, 23.88, 23.66, 22.37, 20.29, 0, 0, 4.56
2019/04/20 07:53:00, 23.75, 23.88, 23.66, 22.40, 20.29, 0, 0, 4.56
2019/04/20 07:54:00, 23.75, 23.87, 23.69, 22.42, 20.31, 0, 0, 4.56
2019/04/20 07:55:00, 23.75, 23.88, 23.69, 22.39, 20.29, 0, 0, 4.56
2019/04/20 07:56:00, 23.75, 23.87, 23.69, 22.35, 20.29, 0, 0, 4.56
2019/04/20 07:57:00, 23.75, 23.87, 23.68, 22.32, 20.31, 0, 0, 4.56
2019/04/20 07:58:00, 23.75, 23.88, 23.69, 22.32, 20.29, 0, 0, 4.56
2019/04/20 07:59:00, 23.75, 23.87, 23.68, 22.32, 20.29, 0, 0, 4.56
2019/04/20 08:00:00, 23.75, 23.88, 23.66, 22.37, 20.29, 0, 0, 4.56
2019/04/20 08:01:00, 23.75, 23.90, 23.69, 22.34, 20.29, 0, 0, 4.56
2019/04/20 08:02:00, 23.75, 23.88, 23.69, 22.37, 20.30, 0, 0, 4.56
2019/04/20 08:03:00, 23.75, 23.87, 23.69, 22.35, 20.31, 0, 0, 4.56
2019/04/20 08:04:00, 23.75, 23.90, 23.69, 22.35, 20.29, 0, 0, 4.56
2019/04/20 08:05:00, 23.75, 23.88, 23.68, 22.35, 20.30, 0, 0, 4.56
2019/04/20 08:06:00, 23.75, 23.85, 23.69, 22.39, 20.29, 0, 0, 4.56
2019/04/20 08:07:00, 23.75, 23.85, 23.71, 22.39, 20.31, 0, 0, 4.56
2019/04/20 08:08:00, 23.75, 23.88, 23.69, 22.40, 20.29, 0, 0, 4.56
2019/04/20 08:09:00, 23.75, 23.87, 23.69, 22.34, 20.30, 0, 0, 4.56
2019/04/20 08:10:00, 23.75, 23.84, 23.71, 22.37, 20.29, 0, 0, 4.56
2019/04/20 08:11:00, 23.75, 23.87, 23.69, 22.42, 20.29, 0, 0, 4.56
2019/04/20 08:12:00, 23.75, 23.88, 23.66, 22.35, 20.31, 0, 0, 4.56
2019/04/20 08:13:00, 23.75, 23.87, 23.67, 22.35, 20.32, 0, 0, 4.56
2019/04/20 08:14:00, 23.75, 23.87, 23.69, 22.35, 20.30, 0, 0, 4.56
2019/04/20 08:15:00, 23.75, 23.87, 23.67, 22.39, 20.32, 0, 0, 4.56
2019/04/20 08:16:00, 24.00, 23.87, 23.67, 22.32, 20.29, 0, 0, 4.56
2019/04/20 08:17:00, 24.00, 23.88, 23.68, 22.39, 20.29, 0, 0, 4.56
2019/04/20 08:18:00, 24.00, 23.90, 23.69, 22.35, 20.31, 0, 0, 4.56
2019/04/20 08:19:00, 24.00, 23.87, 23.67, 22.35, 20.30, 0, 0, 4.56
2019/04/20 08:20:00, 24.00, 23.88, 23.68, 22.42, 20.32, 0, 0, 4.56
2019/04/20 08:21:00, 24.00, 23.90, 23.72, 22.40, 20.32, 0, 0, 4.56
2019/04/20 08:22:00, 23.75, 23.87, 23.68, 22.37, 20.31, 0, 0, 4.56
2019/04/20 08:23:00, 24.00, 23.87, 23.71, 22.34, 20.31, 0, 0, 4.56
2019/04/20 08:24:00, 24.00, 23.88, 23.69, 22.33, 20.31, 0, 0, 4.56
2019/04/20 08:25:00, 24.00, 23.88, 23.71, 22.37, 20.30, 0, 0, 4.56
2019/04/20 08:26:00, 24.00, 23.88, 23.67, 22.34, 20.29, 0, 0, 4.56
2019/04/20 08:27:00, 23.75, 23.87, 23.69, 22.35, 20.31, 0, 0, 4.56
2019/04/20 08:28:00, 24.00, 23.90, 23.69, 22.37, 20.32, 0, 0, 4.56
2019/04/20 08:29:00, 23.75, 23.87, 23.68, 22.35, 20.31, 0, 0, 4.56
2019/04/20 08:30:00, 24.00, 23.88, 23.71, 22.37, 20.31, 0, 0, 4.56
2019/04/20 08:31:00, 24.00, 23.87, 23.68, 22.35, 20.30, 0, 0, 4.56
2019/04/20 08:32:00, 24.00, 23.87, 23.69, 22.34, 20.29, 0, 0, 4.56
2019/04/20 08:33:00, 24.00, 23.90, 23.69, 22.32, 20.30, 0, 0, 4.56
2019/04/20 08:34:00, 24.00, 23.87, 23.69, 22.39, 20.32, 0, 0, 4.56
2019/04/20 08:35:00, 24.00, 23.90, 23.68, 22.35, 20.31, 0, 0, 4.56
2019/04/20 08:36:00, 24.00, 23.88, 23.68, 22.42, 20.32, 0, 0, 4.56
2019/04/20 08:37:00, 24.00, 23.87, 23.69, 22.42, 20.33, 0, 0, 4.56
2019/04/20 08:38:00, 24.00, 23.87, 23.71, 22.41, 20.32, 0, 0, 4.56
2019/04/20 08:39:00, 24.00, 23.88, 23.68, 22.41, 20.33, 0, 0, 4.56
2019/04/20 08:40:00, 24.00, 23.87, 23.68, 22.37, 20.30, 0, 0, 4.56
2019/04/20 08:41:00, 24.00, 23.88, 23.71, 22.40, 20.34, 0, 0, 4.56
2019/04/20 08:42:00, 24.00, 23.88, 23.71, 22.34, 20.33, 0, 0, 4.56
2019/04/20 08:43:00, 24.00, 23.88, 23.69, 22.37, 20.33, 0, 0, 4.56
2019/04/20 08:44:00, 24.00, 23.88, 23.72, 22.35, 20.33, 0, 0, 4.56
2019/04/20 08:45:00, 24.00, 23.88, 23.71, 22.44, 20.34, 0, 0, 4.56
2019/04/20 08:46:00, 24.00, 23.90, 23.69, 22.37, 20.32, 0, 0, 4.56
2019/04/20 08:47:00, 24.00, 23.90, 23.69, 22.36, 20.34, 0, 0, 4.56
2019/04/20 08:48:00, 24.00, 23.90, 23.73, 22.39, 20.31, 0, 0, 4.56
2019/04/20 08:49:00, 24.00, 23.90, 23.72, 22.42, 20.32, 0, 0, 4.56
2019/04/20 08:50:00, 24.00, 23.91, 23.74, 22.38, 20.32, 0, 0, 4.56
2019/04/20 08:51:00, 24.00, 23.91, 23.73, 22.42, 20.32, 0, 0, 4.56
2019/04/20 08:52:00, 24.00, 23.92, 23.73, 22.37, 20.32, 0, 0, 4.56
2019/04/20 08:53:00, 24.00, 23.92, 23.73, 22.38, 20.32, 0, 0, 4.56
2019/04/20 08:54:00, 24.00, 23.91, 23.72, 22.36, 20.30, 0, 0, 4.56
2019/04/20 08:55:00, 24.00, 23.92, 23.74, 22.44, 20.31, 0, 0, 4.56
2019/04/20 08:56:00, 24.00, 23.92, 23.76, 22.39, 20.31, 0, 0, 4.56
2019/04/20 08:57:00, 24.00, 23.92, 23.76, 22.33, 20.28, 0, 0, 4.56
2019/04/20 08:58:00, 24.00, 23.95, 23.75, 22.38, 20.29, 0, 0, 4.56
2019/04/20 08:59:00, 24.00, 23.97, 23.75, 22.36, 20.32, 0, 0, 4.56
2019/04/20 09:00:00, 24.00, 23.92, 23.77, 22.38, 20.31, 0, 0, 4.56
2019/04/20 09:01:00, 24.00, 23.95, 23.77, 22.38, 20.30, 0, 0, 4.56
2019/04/20 09:02:00, 24.00, 23.95, 23.78, 22.33, 20.29, 0, 0, 4.56
2019/04/20 09:03:00, 24.00, 23.97, 23.78, 22.38, 20.29, 0, 0, 4.56
2019/04/20 09:04:00, 24.00, 23.92, 23.76, 22.41, 20.33, 0, 0, 4.56
2019/04/20 09:05:00, 24.00, 23.97, 23.76, 22.46, 20.35, 0, 0, 4.56
2019/04/20 09:06:00, 24.00, 23.95, 23.76, 22.41, 20.35, 0, 0, 4.56
2019/04/20 09:07:00, 24.00, 23.92, 23.76, 22.44, 20.33, 0, 0, 4.56
2019/04/20 09:08:00, 24.00, 23.95, 23.76, 22.43, 20.35, 0, 0, 4.56
2019/04/20 09:09:00, 24.00, 23.95, 23.77, 22.40, 20.35, 0, 0, 4.56
2019/04/20 09:10:00, 24.00, 23.95, 23.78, 22.40, 20.35, 0, 0, 4.56
2019/04/20 09:11:00, 24.00, 23.95, 23.78, 22.43, 20.36, 0, 0, 4.56
2019/04/20 09:12:00, 24.00, 23.97, 23.78, 22.40, 20.37, 0, 0, 4.56
2019/04/20 09:13:00, 24.00, 23.98, 23.79, 22.43, 20.35, 0, 0, 4.56
2019/04/20 09:14:00, 24.00, 23.97, 23.78, 22.36, 20.35, 0, 0, 4.56
2019/04/20 09:15:00, 24.00, 23.98, 23.79, 22.38, 20.36, 0, 0, 4.56
2019/04/20 09:16:00, 24.00, 23.97, 23.78, 22.41, 20.35, 0, 0, 4.56
2019/04/20 09:17:00, 24.00, 23.95, 23.77, 22.40, 20.37, 0, 0, 4.56
2019/04/20 09:18:00, 24.00, 23.97, 23.79, 22.43, 20.35, 0, 0, 4.56
2019/04/20 09:19:00, 24.00, 23.99, 23.79, 22.43, 20.36, 0, 0, 4.56
2019/04/20 09:20:00, 24.00, 23.99, 23.78, 22.47, 20.35, 0, 0, 4.56
2019/04/20 09:21:00, 24.00, 23.98, 23.80, 22.44, 20.36, 0, 0, 4.56
2019/04/20 09:22:00, 24.00, 23.97, 23.79, 22.40, 20.38, 0, 0, 4.56
2019/04/20 09:23:00, 24.00, 23.98, 23.78, 22.40, 20.37, 0, 0, 4.56
2019/04/20 09:24:00, 24.00, 23.99, 23.80, 22.41, 20.36, 0, 0, 4.56
2019/04/20 09:25:00, 24.00, 23.98, 23.81, 22.40, 20.36, 0, 0, 4.56
2019/04/20 09:26:00, 24.00, 23.99, 23.81, 22.40, 20.35, 0, 0, 4.56
2019/04/20 09:27:00, 24.00, 24.01, 23.80, 22.43, 20.36, 0, 0, 4.56
2019/04/20 09:28:00, 24.00, 23.98, 23.80, 22.46, 20.36, 0, 0, 4.56
2019/04/20 09:29:00, 24.00, 23.98, 23.81, 22.40, 20.36, 0, 0, 4.56
2019/04/20 09:30:00, 24.00, 23.98, 23.80, 22.46, 20.38, 0, 0, 4.56
2019/04/20 09:31:00, 24.00, 23.99, 23.79, 22.38, 20.38, 0, 0, 4.56
2019/04/20 09:32:00, 24.00, 23.99, 23.81, 22.43, 20.38, 0, 0, 4.56
2019/04/20 09:33:00, 24.00, 23.99, 23.79, 22.43, 20.36, 0, 0, 4.56
2019/04/20 09:34:00, 24.00, 23.98, 23.79, 22.44, 20.39, 0, 0, 4.56
2019/04/20 09:35:00, 24.00, 23.98, 23.79, 22.41, 20.37, 0, 0, 4.56
2019/04/20 09:36:00, 24.00, 23.99, 23.79, 22.44, 20.39, 0, 0, 4.56
2019/04/20 09:37:00, 24.00, 23.98, 23.78, 22.44, 20.39, 0, 0, 4.56
2019/04/20 09:38:00, 24.00, 23.95, 23.78, 22.46, 20.40, 0, 0, 4.56
2019/04/20 09:39:00, 24.00, 23.98, 23.78, 22.49, 20.40, 0, 0, 4.56
2019/04/20 09:40:00, 24.00, 23.97, 23.79, 22.51, 20.40, 0, 0, 4.56
2019/04/20 09:41:00, 24.00, 23.97, 23.78, 22.49, 20.42, 0, 0, 4.56
2019/04/20 09:42:00, 24.00, 23.98, 23.79, 22.43, 20.39, 0, 0, 4.56
2019/04/20 09:43:00, 24.00, 23.98, 23.77, 22.46, 20.39, 0, 0, 4.56
2019/04/20 09:44:00, 24.00, 23.98, 23.78, 22.46, 20.40, 0, 0, 4.56
2019/04/20 09:45:00, 24.00, 23.97, 23.78, 22.46, 20.41, 0, 0, 4.56
2019/04/20 09:46:00, 24.00, 23.95, 23.79, 22.43, 20.40, 0, 0, 4.56
2019/04/20 09:47:00, 24.00, 23.97, 23.78, 22.46, 20.39, 0, 0, 4.56
2019/04/20 09:48:00, 24.00, 23.95, 23.80, 22.47, 20.39, 0, 0, 4.56
2019/04/20 09:49:00, 24.00, 23.95, 23.78, 22.46, 20.41, 0, 0, 4.56
2019/04/20 09:50:00, 24.00, 23.98, 23.78, 22.54, 20.42, 0, 0, 4.56
2019/04/20 09:51:00, 24.00, 23.94, 23.77, 22.47, 20.43, 0, 0, 4.56
2019/04/20 09:52:00, 24.00, 23.97, 23.79, 22.49, 20.39, 0, 0, 4.56
2019/04/20 09:53:00, 24.00, 23.94, 23.76, 22.51, 20.42, 0, 0, 4.56
2019/04/20 09:54:00, 24.00, 23.95, 23.78, 22.52, 20.42, 0, 0, 4.56
2019/04/20 09:55:00, 24.00, 23.98, 23.77, 22.46, 20.42, 0, 0, 4.56
2019/04/20 09:56:00, 24.00, 23.97, 23.77, 22.51, 20.42, 0, 0, 4.56
2019/04/20 09:57:00, 24.00, 23.94, 23.77, 22.51, 20.43, 0, 0, 4.56
2019/04/20 09:58:00, 24.00, 23.97, 23.77, 22.57, 20.43, 0, 0, 4.56
2019/04/20 09:59:00, 24.00, 23.94, 23.76, 22.49, 20.43, 0, 0, 4.56
2019/04/20 10:00:00, 24.00, 23.95, 23.76, 22.51, 20.42, 0, 0, 4.56
2019/04/20 10:01:00, 24.00, 23.95, 23.77, 22.49, 20.45, 0, 0, 4.56
2019/04/20 10:02:00, 24.00, 23.94, 23.74, 22.51, 20.44, 0, 0, 4.56
2019/04/20 10:03:00, 24.00, 23.95, 23.76, 22.55, 20.45, 0, 0, 4.56
2019/04/20 10:04:00, 24.00, 23.95, 23.76, 22.52, 20.45, 0, 0, 4.56
2019/04/20 10:05:00, 24.00, 23.95, 23.75, 22.52, 20.45, 0, 0, 4.56
2019/04/20 10:06:00, 24.00, 23.92, 23.76, 22.51, 20.45, 0, 0, 4.56
2019/04/20 10:07:00, 24.00, 23.91, 23.75, 22.56, 20.45, 0, 0, 4.56
2019/04/20 10:08:00, 24.00, 23.95, 23.76, 22.51, 20.45, 0, 0, 4.56
2019/04/20 10:09:00, 24.00, 23.92, 23.76, 22.54, 20.49, 0, 0, 4.56
2019/04/20 10:10:00, 24.00, 23.95, 23.77, 22.52, 20.46, 0, 0, 4.56
2019/04/20 10:11:00, 24.00, 23.95, 23.74, 22.59, 20.47, 0, 0, 4.56
2019/04/20 10:12:00, 24.00, 23.94, 23.75, 22.51, 20.46, 0, 0, 4.56
2019/04/20 10:13:00, 24.00, 23.95, 23.74, 22.56, 20.45, 0, 0, 4.56
2019/04/20 10:14:00, 24.00, 23.92, 23.77, 22.51, 20.46, 0, 0, 4.56
2019/04/20 10:15:00, 24.00, 23.92, 23.76, 22.52, 20.48, 0, 0, 4.56
2019/04/20 10:16:00, 24.00, 23.91, 23.75, 22.59, 20.49, 0, 0, 4.55
2019/04/20 10:17:00, 24.00, 23.91, 23.75, 22.55, 20.45, 0, 0, 4.56
2019/04/20 10:18:00, 24.00, 23.91, 23.74, 22.59, 20.48, 0, 0, 4.55
2019/04/20 10:19:00, 24.00, 23.91, 23.73, 22.59, 20.51, 0, 0, 4.55
2019/04/20 10:20:00, 24.00, 23.91, 23.75, 22.55, 20.50, 0, 0, 4.55
2019/04/20 10:21:00, 24.00, 23.94, 23.73, 22.57, 20.50, 0, 0, 4.55
2019/04/20 10:22:00, 24.00, 23.91, 23.75, 22.59, 20.50, 0, 0, 4.56
2019/04/20 10:23:00, 24.00, 23.92, 23.75, 22.60, 20.49, 0, 0, 4.55
2019/04/20 10:24:00, 24.00, 23.91, 23.71, 22.59, 20.50, 0, 0, 4.56
2019/04/20 10:25:00, 24.00, 23.91, 23.74, 22.57, 20.51, 0, 0, 4.56
2019/04/20 10:26:00, 24.00, 23.92, 23.75, 22.57, 20.52, 0, 0, 4.56
2019/04/20 10:27:00, 24.00, 23.90, 23.73, 22.63, 20.51, 0, 0, 4.56
2019/04/20 10:28:00, 24.00, 23.91, 23.73, 22.64, 20.54, 0, 0, 4.56
2019/04/20 10:29:00, 24.00, 23.91, 23.73, 22.60, 20.54, 0, 0, 4.56
2019/04/20 10:30:00, 24.00, 23.90, 23.73, 22.59, 20.54, 0, 0, 4.56
2019/04/20 10:31:00, 24.00, 23.92, 23.71, 22.61, 20.52, 0, 0, 4.55
2019/04/20 10:32:00, 24.00, 23.92, 23.71, 22.65, 20.55, 0, 0, 4.56
2019/04/20 10:33:00, 24.00, 23.90, 23.73, 22.64, 20.55, 0, 0, 4.56
2019/04/20 10:34:00, 24.00, 23.91, 23.72, 22.62, 20.57, 0, 0, 4.55
2019/04/20 10:35:00, 24.00, 23.90, 23.72, 22.67, 20.57, 0, 0, 4.55
2019/04/20 10:36:00, 24.00, 23.88, 23.69, 22.65, 20.58, 0, 0, 4.56
2019/04/20 10:37:00, 24.00, 23.88, 23.71, 22.65, 20.58, 0, 0, 4.56
2019/04/20 10:38:00, 24.00, 23.88, 23.69, 22.61, 20.58, 0, 0, 4.55
2019/04/20 10:39:00, 24.00, 23.88, 23.69, 22.68, 20.58, 0, 0, 4.55
2019/04/20 10:40:00, 24.00, 23.87, 23.71, 22.68, 20.59, 0, 0, 4.55
2019/04/20 10:41:00, 24.00, 23.88, 23.69, 22.73, 20.60, 0, 0, 4.55
2019/04/20 10:42:00, 24.00, 23.88, 23.68, 22.71, 20.59, 0, 0, 4.55
2019/04/20 10:43:00, 24.00, 23.85, 23.67, 22.79, 20.63, 0, 0, 4.56
2019/04/20 10:44:00, 24.00, 23.87, 23.69, 22.73, 20.65, 0, 0, 4.55
2019/04/20 10:45:00, 24.00, 23.87, 23.69, 22.73, 20.64, 0, 0, 4.55
2019/04/20 10:46:00, 24.00, 23.91, 23.69, 22.73, 20.66, 0, 0, 4.55
2019/04/20 10:47:00, 24.00, 23.90, 23.69, 22.75, 20.65, 0, 0, 4.55
2019/04/20 10:48:00, 24.00, 23.87, 23.68, 22.71, 20.64, 0, 0, 4.56
2019/04/20 10:49:00, 24.00, 23.88, 23.67, 22.73, 20.65, 0, 0, 4.56
2019/04/20 10:50:00, 24.00, 23.87, 23.69, 22.76, 20.64, 0, 0, 4.56
2019/04/20 10:51:00, 24.00, 23.87, 23.67, 22.76, 20.64, 0, 0, 4.55
2019/04/20 10:52:00, 24.00, 23.88, 23.69, 22.74, 20.67, 0, 0, 4.55
2019/04/20 10:53:00, 24.00, 23.88, 23.69, 22.76, 20.66, 0, 0, 4.55
2019/04/20 10:54:00, 24.00, 23.87, 23.73, 22.73, 20.67, 0, 0, 4.55
2019/04/20 10:55:00, 24.00, 23.87, 23.71, 22.71, 20.67, 0, 0, 4.55
2019/04/20 10:56:00, 24.00, 23.84, 23.66, 22.76, 20.67, 0, 0, 4.55
2019/04/20 10:57:00, 24.00, 23.85, 23.66, 22.84, 20.72, 0, 0, 4.55
2019/04/20 10:58:00, 24.00, 23.84, 23.68, 22.82, 20.74, 0, 0, 4.55
2019/04/20 10:59:00, 24.00, 23.87, 23.69, 22.86, 20.74, 0, 0, 4.55
2019/04/20 11:00:00, 24.00, 23.88, 23.68, 22.84, 20.74, 0, 0, 4.55
2019/04/20 11:01:00, 24.00, 23.87, 23.68, 22.83, 20.75, 0, 0, 4.55
2019/04/20 11:02:00, 24.00, 23.87, 23.68, 22.86, 20.75, 0, 0, 4.55
2019/04/20 11:03:00, 24.00, 23.90, 23.69, 22.86, 20.77, 0, 0, 4.56
2019/04/20 11:04:00, 24.00, 23.88, 23.69, 22.84, 20.80, 0, 0, 4.55
2019/04/20 11:05:00, 24.00, 23.88, 23.67, 22.87, 20.80, 0, 0, 4.55
2019/04/20 11:06:00, 24.00, 23.88, 23.69, 22.86, 20.78, 0, 0, 4.55
2019/04/20 11:07:00, 24.00, 23.88, 23.68, 22.99, 20.81, 0, 0, 4.55
2019/04/20 11:08:00, 24.00, 23.85, 23.67, 22.99, 20.83, 0, 0, 4.56
2019/04/20 11:09:00, 24.00, 23.85, 23.67, 22.94, 20.84, 0, 0, 4.56
2019/04/20 11:10:00, 24.00, 23.85, 23.68, 22.97, 20.87, 0, 0, 4.55
2019/04/20 11:11:00, 24.00, 23.88, 23.68, 22.99, 20.87, 0, 0, 4.55
2019/04/20 11:12:00, 24.00, 23.84, 23.67, 23.00, 20.88, 0, 0, 4.56
2019/04/20 11:13:00, 24.00, 23.87, 23.69, 23.02, 20.90, 0, 0, 4.56
2019/04/20 11:14:00, 24.00, 23.85, 23.66, 23.05, 20.93, 0, 0, 4.55
2019/04/20 11:15:00, 24.00, 23.87, 23.66, 23.02, 20.93, 0, 0, 4.55
2019/04/20 11:16:00, 24.00, 23.88, 23.67, 23.00, 20.93, 0, 0, 4.55
2019/04/20 11:17:00, 24.00, 23.87, 23.68, 23.05, 20.96, 0, 0, 4.56
2019/04/20 11:18:00, 24.00, 23.87, 23.66, 23.07, 20.96, 0, 0, 4.55
2019/04/20 11:19:00, 24.00, 23.85, 23.69, 23.05, 20.96, 0, 0, 4.55
2019/04/20 11:20:00, 24.00, 23.85, 23.71, 23.15, 21.00, 0, 0, 4.55
2019/04/20 11:21:00, 24.00, 23.87, 23.68, 23.12, 20.99, 0, 0, 4.55
2019/04/20 11:22:00, 24.00, 23.87, 23.68, 23.08, 21.02, 0, 0, 4.55
2019/04/20 11:23:00, 24.00, 23.88, 23.69, 23.10, 21.05, 0, 0, 4.55
2019/04/20 11:24:00, 24.00, 23.91, 23.71, 23.15, 21.06, 0, 0, 4.55
2019/04/20 11:25:00, 24.00, 23.87, 23.69, 23.12, 21.06, 0, 0, 4.55
2019/04/20 11:26:00, 24.00, 23.87, 23.69, 23.23, 21.06, 0, 0, 4.55
2019/04/20 11:27:00, 24.00, 23.88, 23.69, 23.13, 21.07, 0, 0, 4.55
2019/04/20 11:28:00, 24.00, 23.90, 23.69, 23.15, 21.07, 0, 0, 4.55
2019/04/20 11:29:00, 24.00, 23.85, 23.69, 23.22, 21.11, 0, 0, 4.55
2019/04/20 11:30:00, 24.00, 23.90, 23.69, 23.20, 21.12, 0, 0, 4.55
2019/04/20 11:31:00, 24.00, 23.88, 23.68, 23.30, 21.13, 0, 0, 4.55
2019/04/20 11:32:00, 24.00, 23.85, 23.71, 23.25, 21.16, 0, 0, 4.55
2019/04/20 11:33:00, 24.00, 23.88, 23.71, 23.25, 21.17, 0, 0, 4.55
2019/04/20 11:34:00, 24.00, 23.88, 23.72, 23.30, 21.18, 0, 0, 4.55
2019/04/20 11:35:00, 24.00, 23.87, 23.69, 23.30, 21.19, 0, 0, 4.55
2019/04/20 11:36:00, 24.00, 23.88, 23.69, 23.33, 21.19, 0, 0, 4.55
2019/04/20 11:37:00, 24.00, 23.88, 23.69, 23.30, 21.21, 0, 0, 4.55
2019/04/20 11:38:00, 24.00, 23.88, 23.68, 23.38, 21.22, 0, 0, 4.55
2019/04/20 11:39:00, 24.00, 23.88, 23.71, 23.36, 21.22, 0, 0, 4.55
2019/04/20 11:40:00, 24.00, 23.90, 23.72, 23.33, 21.25, 0, 0, 4.55
2019/04/20 11:41:00, 24.00, 23.88, 23.69, 23.36, 21.26, 0, 0, 4.55
2019/04/20 11:42:00, 24.00, 23.85, 23.69, 23.41, 21.27, 0, 0, 4.55
2019/04/20 11:43:00, 24.00, 23.90, 23.69, 23.38, 21.27, 0, 0, 4.55
2019/04/20 11:44:00, 24.00, 23.87, 23.69, 23.46, 21.31, 0, 0, 4.55
2019/04/20 11:45:00, 24.00, 23.88, 23.72, 23.46, 21.32, 0, 0, 4.55
2019/04/20 11:46:00, 24.00, 23.87, 23.72, 23.45, 21.35, 0, 0, 4.55
2019/04/20 11:47:00, 24.00, 23.88, 23.71, 23.48, 21.38, 0, 0, 4.55
2019/04/20 11:48:00, 24.00, 23.90, 23.69, 23.48, 21.37, 0, 0, 4.55
2019/04/20 11:49:00, 24.00, 23.88, 23.72, 23.54, 21.38, 0, 0, 4.55
2019/04/20 11:50:00, 24.00, 23.88, 23.68, 23.51, 21.40, 0, 0, 4.55
2019/04/20 11:51:00, 24.00, 23.87, 23.69, 23.56, 21.43, 0, 0, 4.55
2019/04/20 11:52:00, 24.00, 23.90, 23.69, 23.59, 21.46, 0, 0, 4.55
2019/04/20 11:53:00, 24.00, 23.88, 23.68, 23.57, 21.45, 0, 0, 4.55
2019/04/20 11:54:00, 24.00, 23.88, 23.71, 23.57, 21.46, 0, 0, 4.55
2019/04/20 11:55:00, 24.00, 23.90, 23.71, 23.57, 21.50, 0, 0, 4.55
2019/04/20 11:56:00, 24.00, 23.88, 23.72, 23.60, 21.50, 0, 0, 4.55
2019/04/20 11:57:00, 24.00, 23.90, 23.71, 23.58, 21.51, 0, 0, 4.55
2019/04/20 11:58:00, 24.00, 23.87, 23.72, 23.66, 21.54, 0, 0, 4.55
2019/04/20 11:59:00, 24.00, 23.90, 23.71, 23.63, 21.54, 0, 0, 4.55
2019/04/20 12:00:00, 24.00, 23.88, 23.72, 23.67, 21.56, 0, 0, 4.55
2019/04/20 12:01:00, 24.00, 23.88, 23.71, 23.72, 21.58, 0, 0, 4.55
2019/04/20 12:02:00, 24.00, 23.91, 23.69, 23.70, 21.58, 0, 0, 4.55
2019/04/20 12:03:00, 24.00, 23.90, 23.73, 23.69, 21.58, 0, 0, 4.55
2019/04/20 12:04:00, 24.00, 23.90, 23.71, 23.72, 21.60, 0, 0, 4.55
2019/04/20 12:05:00, 24.00, 23.88, 23.69, 23.78, 21.64, 0, 0, 4.55
2019/04/20 12:06:00, 24.00, 23.90, 23.73, 23.79, 21.67, 0, 0, 4.55
2019/04/20 12:07:00, 24.00, 23.91, 23.74, 23.78, 21.69, 0, 0, 4.55
2019/04/20 12:08:00, 24.00, 23.90, 23.72, 23.73, 21.70, 0, 0, 4.55
2019/04/20 12:09:00, 24.00, 23.91, 23.71, 23.82, 21.70, 0, 0, 4.55
2019/04/20 12:10:00, 24.00, 23.88, 23.71, 23.83, 21.70, 0, 0, 4.55
2019/04/20 12:11:00, 24.00, 23.91, 23.71, 23.84, 21.71, 0, 0, 4.55
2019/04/20 12:12:00, 24.00, 23.90, 23.72, 23.84, 21.71, 0, 0, 4.55
2019/04/20 12:13:00, 24.00, 23.90, 23.71, 23.86, 21.72, 0, 0, 4.55
2019/04/20 12:14:00, 24.00, 23.91, 23.73, 23.85, 21.77, 0, 0, 4.55
2019/04/20 12:15:00, 24.00, 23.90, 23.73, 23.84, 21.77, 0, 0, 4.55
2019/04/20 12:16:00, 24.00, 23.88, 23.72, 23.88, 21.75, 0, 0, 4.55
2019/04/20 12:17:00, 24.00, 23.90, 23.71, 23.94, 21.80, 0, 0, 4.55
2019/04/20 12:18:00, 24.00, 23.90, 23.72, 23.94, 21.80, 0, 0, 4.55
2019/04/20 12:19:00, 24.00, 23.90, 23.72, 23.86, 21.83, 0, 0, 4.55
2019/04/20 12:20:00, 24.00, 23.88, 23.73, 23.91, 21.83, 0, 0, 4.55
2019/04/20 12:21:00, 24.00, 23.88, 23.71, 23.92, 21.87, 0, 0, 4.55
2019/04/20 12:22:00, 24.00, 23.90, 23.73, 23.94, 21.88, 0, 0, 4.55
2019/04/20 12:23:00, 24.00, 23.91, 23.69, 23.98, 21.88, 0, 0, 4.55
2019/04/20 12:24:00, 24.00, 23.91, 23.71, 24.00, 21.92, 0, 0, 4.55
2019/04/20 12:25:00, 24.00, 23.90, 23.75, 23.97, 21.92, 0, 0, 4.55
2019/04/20 12:26:00, 24.00, 23.92, 23.69, 24.01, 21.93, 0, 0, 4.55
2019/04/20 12:27:00, 24.00, 23.90, 23.71, 24.01, 21.95, 0, 0, 4.55
2019/04/20 12:28:00, 24.00, 23.90, 23.73, 24.04, 21.96, 0, 0, 4.55
2019/04/20 12:29:00, 24.00, 23.90, 23.72, 24.07, 22.00, 0, 0, 4.55
2019/04/20 12:30:00, 24.00, 23.91, 23.72, 24.08, 21.99, 0, 0, 4.55
2019/04/20 12:31:00, 24.00, 23.92, 23.73, 24.06, 21.99, 0, 0, 4.55
2019/04/20 12:32:00, 24.00, 23.90, 23.73, 24.07, 21.99, 0, 0, 4.55
2019/04/20 12:33:00, 24.00, 23.90, 23.71, 24.13, 21.99, 0, 0, 4.55
2019/04/20 12:34:00, 24.00, 23.88, 23.72, 24.08, 22.02, 0, 0, 4.55
2019/04/20 12:35:00, 24.00, 23.91, 23.72, 24.13, 22.03, 0, 0, 4.55
2019/04/20 12:36:00, 24.00, 23.90, 23.72, 24.13, 22.06, 0, 0, 4.55
2019/04/20 12:37:00, 24.00, 23.92, 23.72, 24.14, 22.05, 0, 0, 4.55
2019/04/20 12:38:00, 24.00, 23.92, 23.72, 24.17, 22.07, 0, 0, 4.55
2019/04/20 12:39:00, 24.00, 23.91, 23.74, 24.22, 22.10, 0, 0, 4.55
2019/04/20 12:40:00, 24.00, 23.90, 23.73, 24.17, 22.09, 0, 0, 4.55
2019/04/20 12:41:00, 24.00, 23.90, 23.74, 24.19, 22.09, 0, 0, 4.55
2019/04/20 12:42:00, 24.00, 23.90, 23.73, 24.17, 22.11, 0, 0, 4.55
2019/04/20 12:43:00, 24.00, 23.92, 23.72, 24.22, 22.12, 0, 0, 4.55
2019/04/20 12:44:00, 24.00, 23.92, 23.73, 24.23, 22.16, 0, 0, 4.55
2019/04/20 12:45:00, 24.00, 23.91, 23.74, 24.22, 22.15, 0, 0, 4.55
2019/04/20 12:46:00, 24.00, 23.91, 23.71, 24.26, 22.14, 0, 0, 4.55
2019/04/20 12:47:00, 24.00, 23.90, 23.73, 24.26, 22.17, 0, 0, 4.55
2019/04/20 12:48:00, 24.00, 23.90, 23.69, 24.26, 22.19, 0, 0, 4.55
2019/04/20 12:49:00, 24.00, 23.91, 23.73, 24.36, 22.21, 0, 0, 4.55
2019/04/20 12:50:00, 24.00, 23.90, 23.73, 24.31, 22.22, 0, 0, 4.55
2019/04/20 12:51:00, 24.00, 23.91, 23.72, 24.31, 22.21, 0, 0, 4.55
2019/04/20 12:52:00, 24.00, 23.88, 23.71, 24.28, 22.23, 0, 0, 4.55
2019/04/20 12:53:00, 24.00, 23.90, 23.72, 24.38, 22.25, 0, 0, 4.55
2019/04/20 12:54:00, 24.00, 23.92, 23.73, 24.38, 22.27, 0, 0, 4.55
2019/04/20 12:55:00, 24.00, 23.92, 23.71, 24.32, 22.26, 0, 0, 4.55
2019/04/20 12:56:00, 24.00, 23.94, 23.73, 24.33, 22.25, 0, 0, 4.55
2019/04/20 12:57:00, 24.00, 23.92, 23.73, 24.35, 22.30, 0, 0, 4.55
2019/04/20 12:58:00, 24.00, 23.91, 23.75, 24.39, 22.30, 0, 0, 4.55
2019/04/20 12:59:00, 24.00, 23.92, 23.73, 24.32, 22.28, 0, 0, 4.55
2019/04/20 13:00:00, 24.00, 23.90, 23.69, 24.35, 22.27, 0, 0, 4.55
2019/04/20 13:01:00, 24.00, 23.91, 23.74, 24.39, 22.31, 0, 0, 4.55
2019/04/20 13:02:00, 24.00, 23.94, 23.73, 24.38, 22.33, 0, 0, 4.55
2019/04/20 13:03:00, 24.00, 23.92, 23.73, 24.39, 22.35, 0, 0, 4.55
2019/04/20 13:04:00, 24.00, 23.90, 23.74, 24.42, 22.35, 0, 0, 4.55
2019/04/20 13:05:00, 24.00, 23.92, 23.72, 24.42, 22.37, 0, 0, 4.55
2019/04/20 13:06:00, 24.00, 23.91, 23.72, 24.49, 22.40, 0, 0, 4.55
2019/04/20 13:07:00, 24.00, 23.91, 23.72, 24.51, 22.41, 0, 0, 4.55
2019/04/20 13:08:00, 24.00, 23.88, 23.73, 24.49, 22.44, 0, 0, 4.55
2019/04/20 13:09:00, 24.00, 23.92, 23.72, 24.50, 22.46, 0, 0, 4.55
2019/04/20 13:10:00, 24.00, 23.91, 23.73, 24.54, 22.48, 0, 0, 4.55
2019/04/20 13:11:00, 24.00, 23.91, 23.74, 24.57, 22.50, 0, 0, 4.55
2019/04/20 13:12:00, 24.00, 23.91, 23.75, 24.56, 22.49, 0, 0, 4.55
2019/04/20 13:13:00, 24.00, 23.91, 23.74, 24.54, 22.47, 0, 0, 4.55
2019/04/20 13:14:00, 24.00, 23.91, 23.74, 24.60, 22.51, 0, 0, 4.55
2019/04/20 13:15:00, 24.00, 23.95, 23.74, 24.57, 22.52, 0, 0, 4.55
2019/04/20 13:16:00, 24.00, 23.95, 23.74, 24.58, 22.54, 0, 0, 4.55
2019/04/20 13:17:00, 24.00, 23.94, 23.77, 24.63, 22.56, 0, 0, 4.55
2019/04/20 13:18:00, 24.00, 23.92, 23.75, 24.66, 22.54, 0, 0, 4.55
2019/04/20 13:19:00, 24.00, 23.94, 23.75, 24.60, 22.55, 0, 0, 4.55
2019/04/20 13:20:00, 24.00, 23.94, 23.73, 24.66, 22.59, 0, 0, 4.55
2019/04/20 13:21:00, 24.00, 23.92, 23.76, 24.64, 22.58, 0, 0, 4.55
2019/04/20 13:22:00, 24.00, 23.94, 23.76, 24.64, 22.61, 0, 0, 4.55
2019/04/20 13:23:00, 24.00, 23.91, 23.73, 24.64, 22.60, 0, 0, 4.55
2019/04/20 13:24:00, 24.00, 23.95, 23.75, 24.67, 22.61, 0, 0, 4.55
2019/04/20 13:25:00, 24.00, 23.92, 23.75, 24.64, 22.59, 0, 0, 4.55
2019/04/20 13:26:00, 24.00, 23.92, 23.74, 24.72, 22.64, 0, 0, 4.55
2019/04/20 13:27:00, 24.00, 23.92, 23.75, 24.72, 22.64, 0, 0, 4.55
2019/04/20 13:28:00, 24.00, 23.92, 23.74, 24.70, 22.67, 0, 0, 4.55
2019/04/20 13:29:00, 24.00, 23.92, 23.73, 24.72, 22.64, 0, 0, 4.55
2019/04/20 13:30:00, 24.00, 23.92, 23.75, 24.72, 22.67, 0, 0, 4.55
2019/04/20 13:31:00, 24.00, 23.92, 23.75, 24.70, 22.68, 0, 0, 4.55
2019/04/20 13:32:00, 24.00, 23.92, 23.76, 24.76, 22.68, 0, 0, 4.55
2019/04/20 13:33:00, 24.00, 23.92, 23.74, 24.73, 22.70, 0, 0, 4.55
2019/04/20 13:34:00, 24.00, 23.92, 23.75, 24.76, 22.70, 0, 0, 4.55
2019/04/20 13:35:00, 24.00, 23.94, 23.77, 24.82, 22.75, 0, 0, 4.55
2019/04/20 13:36:00, 24.00, 23.92, 23.74, 24.80, 22.73, 0, 0, 4.55
2019/04/20 13:37:00, 24.00, 23.92, 23.74, 24.76, 22.73, 0, 0, 4.55
2019/04/20 13:38:00, 24.00, 23.94, 23.75, 24.82, 22.78, 0, 0, 4.55
2019/04/20 13:39:00, 24.00, 23.91, 23.76, 24.80, 22.77, 0, 0, 4.55
2019/04/20 13:40:00, 24.00, 23.92, 23.76, 24.82, 22.77, 0, 0, 4.55
2019/04/20 13:41:00, 24.00, 23.91, 23.74, 24.82, 22.77, 0, 0, 4.55
2019/04/20 13:42:00, 24.00, 23.92, 23.75, 24.88, 22.78, 0, 0, 4.55
2019/04/20 13:43:00, 24.00, 23.95, 23.73, 24.86, 22.80, 0, 0, 4.55
2019/04/20 13:44:00, 24.00, 23.92, 23.76, 24.85, 22.81, 0, 0, 4.55
2019/04/20 13:45:00, 24.00, 23.92, 23.76, 24.89, 22.83, 0, 0, 4.55
2019/04/20 13:46:00, 24.00, 23.94, 23.74, 24.89, 22.85, 0, 0, 4.55
2019/04/20 13:47:00, 24.00, 23.94, 23.75, 24.89, 22.87, 0, 0, 4.55
2019/04/20 13:48:00, 24.00, 23.95, 23.76, 24.89, 22.85, 0, 0, 4.55
2019/04/20 13:49:00, 24.00, 23.94, 23.74, 24.91, 22.86, 0, 0, 4.55
2019/04/20 13:50:00, 24.00, 23.94, 23.75, 24.94, 22.90, 0, 0, 4.55
2019/04/20 13:51:00, 24.00, 23.95, 23.73, 24.95, 22.91, 0, 0, 4.55
2019/04/20 13:52:00, 24.00, 23.97, 23.78, 24.95, 22.90, 0, 0, 4.55
2019/04/20 13:53:00, 24.00, 23.94, 23.77, 24.94, 22.91, 0, 0, 4.55
2019/04/20 13:54:00, 24.00, 23.94, 23.77, 24.91, 22.89, 0, 0, 4.55
2019/04/20 13:55:00, 24.00, 23.94, 23.75, 24.94, 22.92, 0, 0, 4.55
2019/04/20 13:56:00, 24.00, 23.95, 23.77, 24.94, 22.92, 0, 0, 4.55
2019/04/20 13:57:00, 24.00, 23.98, 23.77, 24.92, 22.92, 0, 0, 4.55
2019/04/20 13:58:00, 24.00, 23.94, 23.77, 24.95, 22.92, 0, 0, 4.55
2019/04/20 13:59:00, 24.00, 23.95, 23.78, 25.00, 22.93, 0, 0, 4.55
2019/04/20 14:00:00, 24.00, 23.95, 23.79, 24.95, 22.95, 0, 0, 4.55
2019/04/20 14:01:00, 24.00, 23.97, 23.76, 24.94, 22.93, 0, 0, 4.55
2019/04/20 14:02:00, 24.00, 23.95, 23.78, 24.97, 22.93, 0, 0, 4.55
2019/04/20 14:03:00, 24.00, 23.97, 23.75, 25.04, 22.95, 0, 0, 4.55
2019/04/20 14:04:00, 24.00, 23.95, 23.77, 25.06, 22.97, 0, 0, 4.55
2019/04/20 14:05:00, 24.00, 23.98, 23.79, 24.97, 22.96, 0, 0, 4.55
2019/04/20 14:06:00, 24.00, 23.97, 23.77, 25.09, 22.96, 0, 0, 4.55
2019/04/20 14:07:00, 24.00, 23.97, 23.78, 25.03, 22.99, 0, 0, 4.55
2019/04/20 14:08:00, 24.00, 23.95, 23.80, 25.04, 22.98, 0, 0, 4.55
2019/04/20 14:09:00, 24.00, 23.98, 23.79, 25.00, 22.99, 0, 0, 4.55
2019/04/20 14:10:00, 24.00, 23.97, 23.80, 25.07, 22.99, 0, 0, 4.55
2019/04/20 14:11:00, 24.00, 23.95, 23.79, 25.07, 23.02, 0, 0, 4.55
2019/04/20 14:12:00, 24.00, 23.97, 23.77, 25.06, 23.02, 0, 0, 4.55
2019/04/20 14:13:00, 24.00, 23.95, 23.78, 25.09, 23.04, 0, 0, 4.55
2019/04/20 14:14:00, 24.00, 23.97, 23.80, 25.06, 23.06, 0, 0, 4.55
2019/04/20 14:15:00, 24.00, 23.95, 23.78, 25.07, 23.02, 0, 0, 4.55
2019/04/20 14:16:00, 24.00, 23.97, 23.79, 25.10, 23.04, 0, 0, 4.55
2019/04/20 14:17:00, 24.00, 23.97, 23.78, 25.10, 23.08, 0, 0, 4.55
2019/04/20 14:18:00, 24.00, 23.98, 23.78, 25.06, 23.09, 0, 0, 4.55
2019/04/20 14:19:00, 24.00, 23.97, 23.77, 25.17, 23.09, 0, 0, 4.55
2019/04/20 14:20:00, 24.00, 23.98, 23.79, 25.14, 23.13, 0, 0, 4.55
2019/04/20 14:21:00, 24.00, 23.98, 23.79, 25.10, 23.09, 0, 0, 4.55
2019/04/20 14:22:00, 24.00, 23.97, 23.80, 25.14, 23.12, 0, 0, 4.55
2019/04/20 14:23:00, 24.00, 23.98, 23.80, 25.18, 23.11, 0, 0, 4.55
2019/04/20 14:24:00, 24.00, 23.98, 23.80, 25.19, 23.13, 0, 0, 4.55
2019/04/20 14:25:00, 24.00, 23.98, 23.77, 25.15, 23.11, 0, 0, 4.55
2019/04/20 14:26:00, 24.00, 23.97, 23.80, 25.19, 23.15, 0, 0, 4.55
2019/04/20 14:27:00, 24.00, 23.97, 23.79, 25.18, 23.15, 0, 0, 4.55
2019/04/20 14:28:00, 24.00, 23.97, 23.80, 25.21, 23.16, 0, 0, 4.55
2019/04/20 14:29:00, 24.00, 23.99, 23.78, 25.23, 23.16, 0, 0, 4.55
2019/04/20 14:30:00, 24.00, 23.99, 23.78, 25.22, 23.17, 0, 0, 4.55
2019/04/20 14:31:00, 24.00, 23.97, 23.79, 25.22, 23.18, 0, 0, 4.55
2019/04/20 14:32:00, 24.00, 24.01, 23.79, 25.29, 23.20, 0, 0, 4.55
2019/04/20 14:33:00, 24.00, 23.95, 23.80, 25.23, 23.23, 0, 0, 4.55
2019/04/20 14:34:00, 24.00, 23.98, 23.80, 25.26, 23.21, 0, 0, 4.55
2019/04/20 14:35:00, 24.00, 23.97, 23.80, 25.28, 23.25, 0, 0, 4.55
2019/04/20 14:36:00, 24.00, 23.97, 23.78, 25.31, 23.25, 0, 0, 4.55
2019/04/20 14:37:00, 24.00, 23.98, 23.80, 25.31, 23.25, 0, 0, 4.55
2019/04/20 14:38:00, 24.00, 23.97, 23.79, 25.29, 23.25, 0, 0, 4.55
2019/04/20 14:39:00, 24.00, 24.01, 23.78, 25.31, 23.27, 0, 0, 4.55
2019/04/20 14:40:00, 24.00, 23.98, 23.79, 25.26, 23.25, 0, 0, 4.55
2019/04/20 14:41:00, 24.00, 23.99, 23.78, 25.27, 23.28, 0, 0, 4.55
2019/04/20 14:42:00, 24.00, 23.99, 23.80, 25.37, 23.32, 0, 0, 4.55
2019/04/20 14:43:00, 24.00, 23.99, 23.81, 25.31, 23.31, 0, 0, 4.55
2019/04/20 14:44:00, 24.00, 23.99, 23.80, 25.39, 23.34, 0, 0, 4.55
2019/04/20 14:45:00, 24.00, 23.99, 23.81, 25.38, 23.35, 0, 0, 4.55
2019/04/20 14:46:00, 24.00, 23.97, 23.81, 25.38, 23.34, 0, 0, 4.55
2019/04/20 14:47:00, 24.00, 23.97, 23.80, 25.41, 23.38, 0, 0, 4.55
2019/04/20 14:48:00, 24.00, 23.99, 23.78, 25.39, 23.38, 0, 0, 4.55
2019/04/20 14:49:00, 24.00, 23.98, 23.80, 25.47, 23.41, 0, 0, 4.55
2019/04/20 14:50:00, 24.00, 23.98, 23.79, 25.41, 23.41, 0, 0, 4.55
2019/04/20 14:51:00, 24.00, 23.98, 23.81, 25.46, 23.41, 0, 0, 4.55
2019/04/20 14:52:00, 24.00, 23.99, 23.81, 25.49, 23.41, 0, 0, 4.55
2019/04/20 14:53:00, 24.00, 23.99, 23.79, 25.48, 23.43, 0, 0, 4.55
2019/04/20 14:54:00, 24.00, 23.99, 23.80, 25.43, 23.42, 0, 0, 4.55
2019/04/20 14:55:00, 24.00, 24.01, 23.81, 25.49, 23.44, 0, 0, 4.55
2019/04/20 14:56:00, 24.00, 23.97, 23.77, 25.47, 23.45, 0, 0, 4.55
2019/04/20 14:57:00, 24.00, 23.98, 23.80, 25.53, 23.49, 0, 0, 4.55
2019/04/20 14:58:00, 24.00, 23.95, 23.80, 25.51, 23.48, 0, 0, 4.55
2019/04/20 14:59:00, 24.00, 23.97, 23.78, 25.54, 23.50, 0, 0, 4.55
2019/04/20 15:00:00, 24.00, 23.98, 23.79, 25.54, 23.53, 0, 0, 4.55
2019/04/20 15:01:00, 24.00, 23.97, 23.80, 25.56, 23.51, 0, 0, 4.55
2019/04/20 15:02:00, 24.00, 23.98, 23.82, 25.53, 23.51, 0, 0, 4.55
2019/04/20 15:03:00, 24.00, 23.99, 23.79, 25.54, 23.51, 0, 0, 4.55
2019/04/20 15:04:00, 24.00, 23.98, 23.79, 25.54, 23.53, 0, 0, 4.55
2019/04/20 15:05:00, 24.00, 23.98, 23.79, 25.65, 23.57, 0, 0, 4.55
2019/04/20 15:06:00, 24.00, 23.97, 23.78, 25.56, 23.54, 0, 0, 4.55
2019/04/20 15:07:00, 24.00, 23.99, 23.80, 25.65, 23.57, 0, 0, 4.55
2019/04/20 15:08:00, 24.00, 23.98, 23.81, 25.57, 23.58, 0, 0, 4.55
2019/04/20 15:09:00, 24.00, 23.98, 23.81, 25.63, 23.57, 0, 0, 4.55
2019/04/20 15:10:00, 24.00, 23.95, 23.78, 25.60, 23.60, 0, 0, 4.55
2019/04/20 15:11:00, 24.00, 23.97, 23.80, 25.60, 23.57, 0, 0, 4.55
2019/04/20 15:12:00, 24.00, 23.98, 23.79, 25.67, 23.61, 0, 0, 4.55
2019/04/20 15:13:00, 24.00, 23.98, 23.78, 25.63, 23.63, 0, 0, 4.55
2019/04/20 15:14:00, 24.00, 23.98, 23.79, 25.59, 23.62, 0, 0, 4.55
2019/04/20 15:15:00, 24.00, 23.97, 23.77, 25.61, 23.61, 0, 0, 4.55
2019/04/20 15:16:00, 24.00, 23.97, 23.80, 25.66, 23.65, 0, 0, 4.55
2019/04/20 15:17:00, 24.00, 23.97, 23.80, 25.70, 23.67, 0, 0, 4.55
2019/04/20 15:18:00, 24.00, 23.97, 23.79, 25.69, 23.70, 0, 0, 4.55
2019/04/20 15:19:00, 24.00, 23.97, 23.80, 25.65, 23.66, 0, 0, 4.55
2019/04/20 15:20:00, 24.00, 23.97, 23.79, 25.72, 23.71, 0, 0, 4.55
2019/04/20 15:21:00, 24.00, 23.97, 23.80, 25.69, 23.69, 0, 0, 4.55
2019/04/20 15:22:00, 24.00, 23.98, 23.81, 25.69, 23.68, 0, 0, 4.55
2019/04/20 15:23:00, 24.00, 23.98, 23.78, 25.70, 23.74, 0, 0, 4.55
2019/04/20 15:24:00, 24.00, 23.99, 23.80, 25.67, 23.73, 0, 0, 4.55
2019/04/20 15:25:00, 24.00, 24.01, 23.80, 25.76, 23.75, 0, 0, 4.55
2019/04/20 15:26:00, 24.00, 23.99, 23.78, 25.74, 23.74, 0, 0, 4.55
2019/04/20 15:27:00, 24.00, 23.95, 23.79, 25.75, 23.74, 0, 0, 4.55
2019/04/20 15:28:00, 24.00, 23.99, 23.80, 25.75, 23.74, 0, 0, 4.55
2019/04/20 15:29:00, 24.00, 23.98, 23.79, 25.81, 23.76, 0, 0, 4.55
2019/04/20 15:30:00, 24.00, 23.98, 23.77, 25.77, 23.78, 0, 0, 4.55
2019/04/20 15:31:00, 24.00, 23.97, 23.78, 25.87, 23.81, 0, 0, 4.55
2019/04/20 15:32:00, 24.00, 23.98, 23.78, 25.91, 23.83, 0, 0, 4.55
2019/04/20 15:33:00, 24.00, 23.97, 23.79, 25.82, 23.83, 0, 0, 4.55
2019/04/20 15:34:00, 24.00, 23.98, 23.78, 25.84, 23.80, 0, 0, 4.55
2019/04/20 15:35:00, 24.00, 23.97, 23.78, 25.91, 23.83, 0, 0, 4.55
2019/04/20 15:36:00, 24.00, 23.97, 23.79, 25.84, 23.84, 0, 0, 4.55
2019/04/20 15:37:00, 24.00, 23.99, 23.77, 25.89, 23.85, 0, 0, 4.55
2019/04/20 15:38:00, 24.00, 23.98, 23.79, 25.87, 23.87, 0, 0, 4.55
2019/04/20 15:39:00, 24.00, 23.98, 23.80, 25.85, 23.86, 0, 0, 4.55
2019/04/20 15:40:00, 24.00, 23.98, 23.79, 25.88, 23.88, 0, 0, 4.55
2019/04/20 15:41:00, 24.00, 23.98, 23.78, 25.89, 23.89, 0, 0, 4.55
2019/04/20 15:42:00, 24.00, 23.97, 23.78, 25.88, 23.89, 0, 0, 4.55
2019/04/20 15:43:00, 24.00, 23.97, 23.78, 25.84, 23.86, 0, 0, 4.55
2019/04/20 15:44:00, 24.00, 23.97, 23.78, 25.91, 23.89, 0, 0, 4.55
2019/04/20 15:45:00, 24.00, 23.98, 23.77, 25.93, 23.89, 0, 0, 4.55
2019/04/20 15:46:00, 24.00, 23.97, 23.80, 25.88, 23.86, 0, 0, 4.55
2019/04/20 15:47:00, 24.00, 23.95, 23.78, 25.89, 23.90, 0, 0, 4.55
2019/04/20 15:48:00, 24.00, 23.99, 23.78, 25.92, 23.91, 0, 0, 4.55
2019/04/20 15:49:00, 24.00, 23.97, 23.78, 25.94, 23.93, 0, 0, 4.55
2019/04/20 15:50:00, 24.00, 23.95, 23.79, 26.01, 23.95, 0, 0, 4.55
2019/04/20 15:51:00, 24.00, 23.98, 23.79, 25.94, 23.98, 0, 0, 4.55
2019/04/20 15:52:00, 24.00, 23.98, 23.80, 25.98, 23.96, 0, 0, 4.55
2019/04/20 15:53:00, 24.00, 23.98, 23.81, 25.95, 23.93, 0, 0, 4.55
2019/04/20 15:54:00, 24.00, 23.98, 23.79, 25.94, 23.95, 0, 0, 4.55
2019/04/20 15:55:00, 24.00, 23.98, 23.79, 25.90, 23.94, 0, 0, 4.55
2019/04/20 15:56:00, 24.00, 23.97, 23.79, 25.98, 23.97, 0, 0, 4.55
2019/04/20 15:57:00, 24.00, 23.97, 23.76, 25.95, 23.96, 0, 0, 4.55
2019/04/20 15:58:00, 24.00, 23.97, 23.80, 26.00, 23.99, 0, 0, 4.55
2019/04/20 15:59:00, 24.00, 23.98, 23.78, 25.97, 23.98, 0, 0, 4.55
2019/04/20 16:00:00, 24.00, 23.97, 23.79, 25.98, 23.99, 0, 0, 4.55
2019/04/20 16:01:00, 24.00, 23.98, 23.78, 26.01, 23.99, 0, 0, 4.55
2019/04/20 16:02:00, 24.00, 23.98, 23.78, 26.06, 24.01, 0, 0, 4.55
2019/04/20 16:03:00, 24.00, 23.98, 23.79, 26.03, 24.04, 0, 0, 4.55
2019/04/20 16:04:00, 24.00, 23.98, 23.79, 25.97, 24.02, 0, 0, 4.55
2019/04/20 16:05:00, 24.00, 23.97, 23.79, 26.00, 24.02, 0, 0, 4.55
2019/04/20 16:06:00, 24.00, 23.98, 23.80, 26.03, 24.05, 0, 0, 4.55
2019/04/20 16:07:00, 24.00, 23.97, 23.80, 25.99, 24.05, 0, 0, 4.55
2019/04/20 16:08:00, 24.00, 23.98, 23.79, 26.03, 24.02, 0, 0, 4.55
2019/04/20 16:09:00, 24.00, 23.97, 23.79, 26.03, 24.04, 0, 0, 4.55
2019/04/20 16:10:00, 24.00, 23.98, 23.78, 26.10, 24.03, 0, 0, 4.55
2019/04/20 16:11:00, 24.00, 23.97, 23.79, 26.04, 24.02, 0, 0, 4.55
2019/04/20 16:12:00, 24.00, 23.97, 23.79, 26.07, 24.05, 0, 0, 4.55
2019/04/20 16:13:00, 24.00, 23.99, 23.79, 26.06, 24.05, 0, 0, 4.55
2019/04/20 16:14:00, 24.00, 23.97, 23.79, 26.01, 24.04, 0, 0, 4.55
2019/04/20 16:15:00, 24.00, 23.98, 23.80, 26.01, 24.03, 0, 0, 4.55
2019/04/20 16:16:00, 24.00, 23.99, 23.79, 26.04, 24.07, 0, 0, 4.55
2019/04/20 16:17:00, 24.00, 23.97, 23.80, 26.08, 24.07, 0, 0, 4.55
2019/04/20 16:18:00, 24.00, 23.98, 23.78, 26.09, 24.05, 0, 0, 4.55
2019/04/20 16:19:00, 24.00, 23.98, 23.80, 26.04, 24.04, 0, 0, 4.55
2019/04/20 16:20:00, 24.00, 23.97, 23.79, 26.10, 24.09, 0, 0, 4.55
2019/04/20 16:21:00, 24.00, 23.98, 23.78, 26.10, 24.06, 0, 0, 4.55
2019/04/20 16:22:00, 24.00, 23.95, 23.78, 26.08, 24.10, 0, 0, 4.55
2019/04/20 16:23:00, 24.00, 23.94, 23.78, 26.10, 24.11, 0, 0, 4.55
2019/04/20 16:24:00, 24.00, 23.95, 23.78, 26.14, 24.12, 0, 0, 4.55
2019/04/20 16:25:00, 24.00, 23.95, 23.78, 26.13, 24.11, 0, 0, 4.55
2019/04/20 16:26:00, 24.00, 23.97, 23.76, 26.08, 24.10, 0, 0, 4.55
2019/04/20 16:27:00, 24.00, 23.95, 23.78, 26.19, 24.15, 0, 0, 4.55
2019/04/20 16:28:00, 24.00, 23.95, 23.79, 26.11, 24.15, 0, 0, 4.55
2019/04/20 16:29:00, 24.00, 23.95, 23.76, 26.14, 24.14, 0, 0, 4.55
2019/04/20 16:30:00, 24.00, 23.95, 23.79, 26.14, 24.18, 0, 0, 4.55
2019/04/20 16:31:00, 24.00, 23.99, 23.79, 26.14, 24.15, 0, 0, 4.55
2019/04/20 16:32:00, 24.00, 23.98, 23.78, 26.19, 24.17, 0, 0, 4.55
2019/04/20 16:33:00, 24.00, 23.98, 23.78, 26.11, 24.15, 0, 0, 4.55
2019/04/20 16:34:00, 24.00, 23.97, 23.76, 26.17, 24.16, 0, 0, 4.55
2019/04/20 16:35:00, 24.00, 23.97, 23.78, 26.20, 24.20, 0, 0, 4.55
2019/04/20 16:36:00, 24.00, 23.97, 23.79, 26.19, 24.20, 0, 0, 4.55
2019/04/20 16:37:00, 24.00, 23.97, 23.78, 26.19, 24.22, 0, 0, 4.55
2019/04/20 16:38:00, 24.00, 23.98, 23.79, 26.19, 24.19, 0, 0, 4.55
2019/04/20 16:39:00, 24.00, 23.97, 23.78, 26.16, 24.22, 0, 0, 4.55
2019/04/20 16:40:00, 24.00, 23.98, 23.78, 26.22, 24.22, 0, 0, 4.55
2019/04/20 16:41:00, 24.00, 23.98, 23.79, 26.19, 24.20, 0, 0, 4.55
2019/04/20 16:42:00, 24.00, 23.97, 23.77, 26.22, 24.22, 0, 0, 4.55
2019/04/20 16:43:00, 24.00, 23.97, 23.77, 26.26, 24.24, 0, 0, 4.55
2019/04/20 16:44:00, 24.00, 23.97, 23.80, 26.28, 24.25, 0, 0, 4.55
2019/04/20 16:45:00, 24.00, 23.97, 23.79, 26.29, 24.26, 0, 0, 4.55
2019/04/20 16:46:00, 24.00, 23.97, 23.79, 26.25, 24.24, 0, 0, 4.55
2019/04/20 16:47:00, 24.00, 23.98, 23.81, 26.25, 24.25, 0, 0, 4.55
2019/04/20 16:48:00, 24.00, 23.98, 23.80, 26.26, 24.25, 0, 0, 4.55
2019/04/20 16:49:00, 24.00, 23.98, 23.79, 26.30, 24.27, 0, 0, 4.55
2019/04/20 16:50:00, 24.00, 23.97, 23.79, 26.25, 24.28, 0, 0, 4.55
2019/04/20 16:51:00, 24.00, 23.99, 23.80, 26.25, 24.30, 0, 0, 4.55
2019/04/20 16:52:00, 24.00, 23.99, 23.81, 26.23, 24.26, 0, 0, 4.55
2019/04/20 16:53:00, 24.00, 23.99, 23.80, 26.25, 24.27, 0, 0, 4.55
2019/04/20 16:54:00, 24.00, 23.97, 23.79, 26.29, 24.28, 0, 0, 4.55
2019/04/20 16:55:00, 24.00, 23.97, 23.79, 26.28, 24.30, 0, 0, 4.55
2019/04/20 16:56:00, 24.00, 23.98, 23.80, 26.30, 24.31, 0, 0, 4.55
2019/04/20 16:57:00, 24.00, 23.98, 23.79, 26.29, 24.29, 0, 0, 4.55
2019/04/20 16:58:00, 24.00, 23.97, 23.80, 26.26, 24.29, 0, 0, 4.55
2019/04/20 16:59:00, 24.00, 23.98, 23.81, 26.30, 24.31, 0, 0, 4.55
2019/04/20 17:00:00, 24.00, 23.99, 23.79, 26.30, 24.31, 0, 0, 4.55
2019/04/20 17:01:00, 24.00, 23.99, 23.81, 26.29, 24.32, 0, 0, 4.55
2019/04/20 17:02:00, 24.00, 23.98, 23.80, 26.30, 24.32, 0, 0, 4.55
2019/04/20 17:03:00, 24.00, 23.98, 23.80, 26.28, 24.28, 0, 0, 4.55
2019/04/20 17:04:00, 24.00, 23.98, 23.80, 26.34, 24.31, 0, 0, 4.55
2019/04/20 17:05:00, 24.00, 23.99, 23.80, 26.22, 24.31, 0, 0, 4.55
2019/04/20 17:06:00, 24.00, 23.98, 23.78, 26.30, 24.31, 0, 0, 4.55
2019/04/20 17:07:00, 24.00, 24.01, 23.78, 26.36, 24.37, 0, 0, 4.55
2019/04/20 17:08:00, 24.00, 23.99, 23.79, 26.35, 24.38, 0, 0, 4.55
2019/04/20 17:09:00, 24.00, 23.98, 23.79, 26.32, 24.38, 0, 0, 4.55
2019/04/20 17:10:00, 24.00, 23.98, 23.81, 26.32, 24.31, 0, 0, 4.55
2019/04/20 17:11:00, 24.00, 24.01, 23.80, 26.26, 24.34, 0, 0, 4.55
2019/04/20 17:12:00, 24.00, 23.97, 23.79, 26.32, 24.33, 0, 0, 4.55
2019/04/20 17:13:00, 24.00, 23.98, 23.81, 26.32, 24.32, 0, 0, 4.55
2019/04/20 17:14:00, 24.00, 23.98, 23.82, 26.35, 24.37, 0, 0, 4.55
2019/04/20 17:15:00, 24.00, 23.97, 23.80, 26.30, 24.37, 0, 0, 4.55
2019/04/20 17:16:00, 24.00, 23.99, 23.78, 26.34, 24.38, 0, 0, 4.55
2019/04/20 17:17:00, 24.00, 23.98, 23.81, 26.35, 24.40, 0, 0, 4.55
2019/04/20 17:18:00, 24.00, 23.98, 23.80, 26.35, 24.40, 0, 0, 4.55
2019/04/20 17:19:00, 24.00, 23.99, 23.80, 26.41, 24.41, 0, 0, 4.55
2019/04/20 17:20:00, 24.00, 23.98, 23.79, 26.39, 24.44, 0, 0, 4.55
2019/04/20 17:21:00, 24.00, 23.98, 23.80, 26.44, 24.46, 0, 0, 4.55
2019/04/20 17:22:00, 24.00, 23.98, 23.80, 26.39, 24.43, 0, 0, 4.55
2019/04/20 17:23:00, 24.00, 23.98, 23.79, 26.48, 24.44, 0, 0, 4.55
2019/04/20 17:24:00, 24.00, 23.97, 23.79, 26.48, 24.46, 0, 0, 4.55
2019/04/20 17:25:00, 24.00, 23.98, 23.78, 26.39, 24.43, 0, 0, 4.55
2019/04/20 17:26:00, 24.00, 23.98, 23.80, 26.42, 24.46, 0, 0, 4.55
2019/04/20 17:27:00, 24.00, 23.98, 23.81, 26.42, 24.46, 0, 0, 4.55
2019/04/20 17:28:00, 24.00, 23.99, 23.81, 26.48, 24.48, 0, 0, 4.55
2019/04/20 17:29:00, 24.00, 23.98, 23.80, 26.46, 24.50, 0, 0, 4.55
2019/04/20 17:30:00, 24.00, 23.98, 23.82, 26.51, 24.50, 0, 0, 4.55
2019/04/20 17:31:00, 24.00, 23.98, 23.78, 26.45, 24.50, 0, 0, 4.55
2019/04/20 17:32:00, 24.00, 23.99, 23.80, 26.45, 24.46, 0, 0, 4.55
2019/04/20 17:33:00, 24.00, 23.99, 23.80, 26.45, 24.47, 0, 0, 4.55
2019/04/20 17:34:00, 24.00, 23.98, 23.80, 26.46, 24.49, 0, 0, 4.55
2019/04/20 17:35:00, 24.00, 23.97, 23.80, 26.60, 24.52, 0, 0, 4.55
2019/04/20 17:36:00, 24.00, 24.01, 23.83, 26.50, 24.54, 0, 0, 4.55
2019/04/20 17:37:00, 24.00, 23.99, 23.80, 26.46, 24.56, 0, 0, 4.55
2019/04/20 17:38:00, 24.00, 23.99, 23.80, 26.52, 24.57, 0, 0, 4.55
2019/04/20 17:39:00, 24.00, 24.01, 23.79, 26.52, 24.56, 0, 0, 4.55
2019/04/20 17:40:00, 24.00, 23.99, 23.81, 26.54, 24.58, 0, 0, 4.55
2019/04/20 17:41:00, 24.00, 24.01, 23.81, 26.56, 24.57, 0, 0, 4.55
2019/04/20 17:42:00, 24.00, 23.97, 23.80, 26.54, 24.57, 0, 0, 4.55
2019/04/20 17:43:00, 24.00, 23.98, 23.82, 26.57, 24.58, 0, 0, 4.55
2019/04/20 17:44:00, 24.00, 23.99, 23.81, 26.60, 24.63, 0, 0, 4.55
2019/04/20 17:45:00, 24.00, 23.99, 23.80, 26.61, 24.63, 0, 0, 4.55
2019/04/20 17:46:00, 24.00, 24.01, 23.79, 26.60, 24.62, 0, 0, 4.55
2019/04/20 17:47:00, 24.00, 24.01, 23.79, 26.61, 24.62, 0, 0, 4.55
2019/04/20 17:48:00, 24.00, 23.98, 23.79, 26.54, 24.57, 0, 0, 4.55
2019/04/20 17:49:00, 24.00, 23.99, 23.80, 26.61, 24.63, 0, 0, 4.55
2019/04/20 17:50:00, 24.00, 24.01, 23.80, 26.63, 24.62, 0, 0, 4.55
2019/04/20 17:51:00, 24.00, 23.99, 23.80, 26.48, 24.57, 0, 0, 4.55
2019/04/20 17:52:00, 24.00, 23.99, 23.82, 26.63, 24.63, 0, 0, 4.55
2019/04/20 17:53:00, 24.00, 24.01, 23.81, 26.57, 24.63, 0, 0, 4.55
2019/04/20 17:54:00, 24.00, 23.98, 23.80, 26.58, 24.62, 0, 0, 4.55
2019/04/20 17:55:00, 24.00, 23.98, 23.82, 26.63, 24.60, 0, 0, 4.55
2019/04/20 17:56:00, 24.00, 23.99, 23.80, 26.64, 24.65, 0, 0, 4.55
2019/04/20 17:57:00, 24.00, 23.98, 23.80, 26.64, 24.65, 0, 0, 4.55
2019/04/20 17:58:00, 24.00, 23.97, 23.82, 26.66, 24.67, 0, 0, 4.55
2019/04/20 17:59:00, 24.00, 23.95, 23.81, 26.61, 24.68, 0, 0, 4.55
2019/04/20 18:00:00, 24.00, 23.98, 23.80, 26.61, 24.67, 0, 0, 4.55
2019/04/20 18:01:00, 24.00, 23.99, 23.79, 26.64, 24.67, 0, 0, 4.55
2019/04/20 18:02:00, 24.00, 23.98, 23.81, 26.66, 24.66, 0, 0, 4.55
2019/04/20 18:03:00, 24.00, 23.97, 23.81, 26.70, 24.69, 0, 0, 4.55
2019/04/20 18:04:00, 24.00, 23.98, 23.79, 26.73, 24.70, 0, 0, 4.55
2019/04/20 18:05:00, 24.00, 23.99, 23.79, 26.67, 24.67, 0, 0, 4.55
2019/04/20 18:06:00, 24.00, 23.97, 23.78, 26.68, 24.70, 0, 0, 4.55
2019/04/20 18:07:00, 24.00, 23.97, 23.80, 26.66, 24.67, 0, 0, 4.55
2019/04/20 18:08:00, 24.00, 23.98, 23.79, 26.66, 24.69, 0, 0, 4.55
2019/04/20 18:09:00, 24.00, 23.95, 23.78, 26.68, 24.71, 0, 0, 4.55
2019/04/20 18:10:00, 24.00, 23.97, 23.79, 26.70, 24.71, 0, 0, 4.55
2019/04/20 18:11:00, 24.00, 23.95, 23.80, 26.66, 24.70, 0, 0, 4.55
2019/04/20 18:12:00, 24.00, 23.97, 23.80, 26.66, 24.70, 0, 0, 4.55
2019/04/20 18:13:00, 24.00, 23.98, 23.80, 26.58, 24.67, 0, 0, 4.55
2019/04/20 18:14:00, 24.00, 23.98, 23.80, 26.69, 24.70, 0, 0, 4.55
2019/04/20 18:15:00, 24.00, 23.97, 23.78, 26.67, 24.71, 0, 0, 4.55
2019/04/20 18:16:00, 24.00, 23.97, 23.79, 26.72, 24.72, 0, 0, 4.55
2019/04/20 18:17:00, 24.00, 23.98, 23.79, 26.66, 24.72, 0, 0, 4.55
2019/04/20 18:18:00, 24.00, 23.94, 23.78, 26.66, 24.73, 0, 0, 4.55
2019/04/20 18:19:00, 24.00, 23.97, 23.77, 26.67, 24.70, 0, 0, 4.55
2019/04/20 18:20:00, 24.00, 23.97, 23.77, 26.73, 24.72, 0, 0, 4.55
2019/04/20 18:21:00, 24.00, 23.95, 23.78, 26.72, 24.76, 0, 0, 4.55
2019/04/20 18:22:00, 24.00, 23.97, 23.78, 26.77, 24.76, 0, 0, 4.55
2019/04/20 18:23:00, 24.00, 23.95, 23.78, 26.68, 24.73, 0, 0, 4.55
2019/04/20 18:24:00, 24.00, 23.95, 23.77, 26.73, 24.74, 0, 0, 4.55
2019/04/20 18:25:00, 24.00, 23.97, 23.79, 26.74, 24.78, 0, 0, 4.55
2019/04/20 18:26:00, 24.00, 23.95, 23.79, 26.73, 24.76, 0, 0, 4.55
2019/04/20 18:27:00, 24.00, 23.94, 23.77, 26.77, 24.76, 0, 0, 4.55
2019/04/20 18:28:00, 24.00, 23.95, 23.77, 26.76, 24.78, 0, 0, 4.55
2019/04/20 18:29:00, 24.00, 23.94, 23.76, 26.80, 24.81, 0, 0, 4.55
2019/04/20 18:30:00, 24.00, 23.94, 23.76, 26.80, 24.81, 0, 0, 4.55
2019/04/20 18:31:00, 24.00, 23.92, 23.76, 26.77, 24.82, 0, 0, 4.55
2019/04/20 18:32:00, 24.00, 23.95, 23.77, 26.77, 24.83, 0, 0, 4.55
2019/04/20 18:33:00, 24.00, 23.94, 23.76, 26.74, 24.83, 0, 0, 4.55
2019/04/20 18:34:00, 24.00, 23.94, 23.77, 26.83, 24.83, 0, 0, 4.55
2019/04/20 18:35:00, 24.00, 23.95, 23.76, 26.82, 24.83, 0, 0, 4.55
2019/04/20 18:36:00, 24.00, 23.94, 23.76, 26.84, 24.86, 0, 0, 4.55
2019/04/20 18:37:00, 24.00, 23.94, 23.74, 26.86, 24.85, 0, 0, 4.55
2019/04/20 18:38:00, 24.00, 23.95, 23.78, 26.83, 24.83, 0, 0, 4.55
2019/04/20 18:39:00, 24.00, 23.94, 23.75, 26.83, 24.86, 0, 0, 4.55
2019/04/20 18:40:00, 24.00, 23.91, 23.76, 26.77, 24.83, 0, 0, 4.55
2019/04/20 18:41:00, 24.00, 23.94, 23.75, 26.83, 24.89, 0, 0, 4.55
2019/04/20 18:42:00, 24.00, 23.92, 23.75, 26.83, 24.86, 0, 0, 4.55
2019/04/20 18:43:00, 24.00, 23.92, 23.74, 26.82, 24.88, 0, 0, 4.55
2019/04/20 18:44:00, 24.00, 23.91, 23.76, 26.86, 24.89, 0, 0, 4.55
2019/04/20 18:45:00, 24.00, 23.91, 23.76, 26.84, 24.88, 0, 0, 4.55
2019/04/20 18:46:00, 24.00, 23.94, 23.74, 26.86, 24.88, 0, 0, 4.55
2019/04/20 18:47:00, 24.00, 23.92, 23.74, 26.86, 24.88, 0, 0, 4.55
2019/04/20 18:48:00, 24.00, 23.90, 23.74, 26.89, 24.89, 0, 0, 4.55
2019/04/20 18:49:00, 24.00, 23.92, 23.73, 26.87, 24.89, 0, 0, 4.55
2019/04/20 18:50:00, 24.00, 23.92, 23.73, 26.88, 24.90, 0, 0, 4.55
2019/04/20 18:51:00, 24.00, 23.92, 23.75, 26.88, 24.90, 0, 0, 4.55
2019/04/20 18:52:00, 24.00, 23.90, 23.74, 26.88, 24.89, 0, 0, 4.55
2019/04/20 18:53:00, 24.00, 23.90, 23.74, 26.89, 24.92, 0, 0, 4.55
2019/04/20 18:54:00, 24.00, 23.91, 23.73, 26.89, 24.95, 0, 0, 4.55
2019/04/20 18:55:00, 24.00, 23.91, 23.74, 26.89, 24.92, 0, 0, 4.55
2019/04/20 18:56:00, 24.00, 23.92, 23.74, 26.87, 24.90, 0, 0, 4.55
2019/04/20 18:57:00, 24.00, 23.91, 23.73, 26.90, 24.92, 0, 0, 4.55
2019/04/20 18:58:00, 24.00, 23.92, 23.75, 26.92, 24.90, 0, 0, 4.55
2019/04/20 18:59:00, 24.00, 23.94, 23.74, 26.90, 24.90, 0, 0, 4.55
2019/04/20 19:00:00, 24.00, 23.91, 23.74, 26.83, 24.89, 0, 0, 4.55
2019/04/20 19:01:00, 24.00, 23.91, 23.73, 26.89, 24.91, 0, 0, 4.55
2019/04/20 19:02:00, 24.00, 23.90, 23.75, 26.89, 24.94, 0, 0, 4.55
2019/04/20 19:03:00, 24.00, 23.92, 23.73, 26.87, 24.93, 0, 0, 4.55
2019/04/20 19:04:00, 24.00, 23.91, 23.73, 26.86, 24.89, 0, 0, 4.55
2019/04/20 19:05:00, 24.00, 23.91, 23.73, 26.93, 24.90, 0, 0, 4.55
2019/04/20 19:06:00, 24.00, 23.90, 23.73, 26.92, 24.96, 0, 0, 4.55
2019/04/20 19:07:00, 24.00, 23.91, 23.74, 26.92, 24.96, 0, 0, 4.55
2019/04/20 19:08:00, 24.00, 23.90, 23.72, 26.89, 24.95, 0, 0, 4.55
2019/04/20 19:09:00, 24.00, 23.90, 23.73, 26.92, 24.94, 0, 0, 4.55
2019/04/20 19:10:00, 24.00, 23.88, 23.72, 26.80, 24.93, 0, 0, 4.55
2019/04/20 19:11:00, 24.00, 23.91, 23.74, 26.86, 24.93, 0, 0, 4.55
2019/04/20 19:12:00, 24.00, 23.90, 23.71, 26.92, 24.96, 0, 0, 4.55
2019/04/20 19:13:00, 24.00, 23.90, 23.73, 26.93, 24.95, 0, 0, 4.55
2019/04/20 19:14:00, 24.00, 23.90, 23.73, 26.87, 24.93, 0, 0, 4.55
2019/04/20 19:15:00, 24.00, 23.88, 23.72, 26.96, 24.96, 0, 0, 4.55
2019/04/20 19:16:00, 24.00, 23.91, 23.69, 26.92, 24.97, 0, 0, 4.55
2019/04/20 19:17:00, 24.00, 23.91, 23.71, 26.86, 24.94, 0, 0, 4.55
2019/04/20 19:18:00, 24.00, 23.91, 23.71, 27.02, 24.96, 0, 0, 4.55
2019/04/20 19:19:00, 24.00, 23.90, 23.72, 26.96, 24.96, 0, 0, 4.55
2019/04/20 19:20:00, 24.00, 23.90, 23.71, 26.93, 24.97, 0, 0, 4.55
2019/04/20 19:21:00, 24.00, 23.90, 23.71, 26.91, 24.96, 0, 0, 4.55
2019/04/20 19:22:00, 24.00, 23.90, 23.73, 26.96, 24.98, 0, 0, 4.55
2019/04/20 19:23:00, 24.00, 23.90, 23.73, 26.93, 24.96, 0, 0, 4.55
2019/04/20 19:24:00, 24.00, 23.88, 23.71, 26.89, 24.96, 0, 0, 4.55
2019/04/20 19:25:00, 24.00, 23.91, 23.73, 26.94, 24.96, 0, 0, 4.55
2019/04/20 19:26:00, 24.00, 23.91, 23.73, 26.96, 24.99, 0, 0, 4.55
2019/04/20 19:27:00, 24.00, 23.88, 23.71, 26.94, 24.98, 0, 0, 4.55
2019/04/20 19:28:00, 24.00, 23.90, 23.72, 27.00, 25.01, 0, 0, 4.55
2019/04/20 19:29:00, 24.00, 23.90, 23.73, 26.96, 24.99, 0, 0, 4.55
2019/04/20 19:30:00, 24.00, 23.87, 23.72, 26.97, 25.02, 0, 0, 4.55
2019/04/20 19:31:00, 24.00, 23.88, 23.72, 27.00, 25.02, 0, 0, 4.55
2019/04/20 19:32:00, 24.00, 23.90, 23.72, 27.00, 25.02, 0, 0, 4.55
2019/04/20 19:33:00, 24.00, 23.87, 23.69, 26.93, 24.98, 0, 0, 4.55
2019/04/20 19:34:00, 24.00, 23.90, 23.69, 26.94, 24.99, 0, 0, 4.55
2019/04/20 19:35:00, 24.00, 23.90, 23.68, 26.96, 25.02, 0, 0, 4.55
2019/04/20 19:36:00, 24.00, 23.90, 23.69, 26.99, 25.03, 0, 0, 4.55
2019/04/20 19:37:00, 24.00, 23.88, 23.67, 26.95, 25.02, 0, 0, 4.55
2019/04/20 19:38:00, 24.00, 23.88, 23.68, 26.94, 25.02, 0, 0, 4.55
2019/04/20 19:39:00, 24.00, 23.87, 23.69, 27.00, 25.00, 0, 0, 4.55
2019/04/20 19:40:00, 24.00, 23.85, 23.69, 26.99, 25.01, 0, 0, 4.55
2019/04/20 19:41:00, 24.00, 23.87, 23.69, 26.94, 25.05, 0, 0, 4.55
2019/04/20 19:42:00, 24.00, 23.85, 23.67, 26.99, 25.02, 0, 0, 4.55
2019/04/20 19:43:00, 24.00, 23.85, 23.69, 27.00, 25.02, 0, 0, 4.55
2019/04/20 19:44:00, 24.00, 23.88, 23.66, 26.94, 25.00, 0, 0, 4.55
2019/04/20 19:45:00, 24.00, 23.87, 23.68, 27.03, 25.05, 0, 0, 4.55
2019/04/20 19:46:00, 24.00, 23.87, 23.68, 26.91, 25.02, 0, 0, 4.55
2019/04/20 19:47:00, 24.00, 23.87, 23.68, 27.00, 25.04, 0, 0, 4.55
2019/04/20 19:48:00, 24.00, 23.87, 23.68, 26.95, 25.00, 0, 0, 4.55
2019/04/20 19:49:00, 24.00, 23.83, 23.66, 26.95, 25.00, 0, 0, 4.55
2019/04/20 19:50:00, 24.00, 23.85, 23.67, 26.99, 25.02, 0, 0, 4.55
2019/04/20 19:51:00, 24.00, 23.87, 23.66, 27.00, 24.99, 0, 0, 4.55
2019/04/20 19:52:00, 24.00, 23.85, 23.66, 26.98, 25.02, 0, 0, 4.55
2019/04/20 19:53:00, 24.00, 23.84, 23.64, 26.97, 25.01, 0, 0, 4.55
2019/04/20 19:54:00, 24.00, 23.83, 23.66, 27.04, 25.05, 0, 0, 4.55
2019/04/20 19:55:00, 24.00, 23.84, 23.66, 26.95, 25.04, 0, 0, 4.55
2019/04/20 19:56:00, 24.00, 23.84, 23.66, 27.02, 25.04, 0, 0, 4.55
2019/04/20 19:57:00, 24.00, 23.85, 23.67, 27.00, 25.05, 0, 0, 4.55
2019/04/20 19:58:00, 24.00, 23.83, 23.65, 27.04, 25.07, 0, 0, 4.55
2019/04/20 19:59:00, 24.00, 23.84, 23.63, 27.01, 25.09, 0, 0, 4.55
2019/04/20 20:00:00, 24.00, 23.84, 23.65, 27.04, 25.05, 0, 0, 4.55
2019/04/20 20:01:00, 24.00, 23.83, 23.66, 27.01, 25.05, 0, 0, 4.55
2019/04/20 20:02:00, 24.00, 23.83, 23.66, 26.98, 25.03, 0, 0, 4.55
2019/04/20 20:03:00, 24.00, 23.83, 23.64, 27.04, 25.05, 0, 0, 4.55
2019/04/20 20:04:00, 24.00, 23.84, 23.66, 27.06, 25.06, 0, 0, 4.55
2019/04/20 20:05:00, 24.00, 23.83, 23.63, 27.03, 25.06, 0, 0, 4.55
2019/04/20 20:06:00, 24.00, 23.84, 23.65, 27.06, 25.08, 0, 0, 4.55
2019/04/20 20:07:00, 24.00, 23.84, 23.65, 27.00, 25.06, 0, 0, 4.55
2019/04/20 20:08:00, 24.00, 23.83, 23.65, 27.03, 25.04, 0, 0, 4.55
2019/04/20 20:09:00, 24.00, 23.83, 23.63, 26.97, 25.05, 0, 0, 4.55
2019/04/20 20:10:00, 24.00, 23.84, 23.64, 26.98, 25.06, 0, 0, 4.55
2019/04/20 20:11:00, 24.00, 23.81, 23.61, 27.00, 25.08, 0, 0, 4.55
2019/04/20 20:12:00, 24.00, 23.83, 23.61, 27.00, 25.08, 0, 0, 4.55
2019/04/20 20:13:00, 24.00, 23.83, 23.63, 27.06, 25.07, 0, 0, 4.55
2019/04/20 20:14:00, 24.00, 23.80, 23.62, 27.03, 25.07, 0, 0, 4.55
2019/04/20 20:15:00, 24.00, 23.80, 23.63, 27.06, 25.07, 0, 0, 4.55
2019/04/20 20:16:00, 23.75, 23.83, 23.63, 27.00, 25.09, 0, 0, 4.55
2019/04/20 20:17:00, 23.75, 23.83, 23.62, 27.01, 25.07, 0, 0, 4.55
2019/04/20 20:18:00, 23.75, 23.81, 23.62, 26.99, 25.08, 0, 0, 4.55
2019/04/20 20:19:00, 24.00, 23.79, 23.61, 27.09, 25.10, 0, 0, 4.55
2019/04/20 20:20:00, 23.75, 23.83, 23.62, 27.09, 25.10, 0, 0, 4.55
2019/04/20 20:21:00, 24.00, 23.83, 23.62, 27.11, 25.11, 0, 0, 4.55
2019/04/20 20:22:00, 23.75, 23.81, 23.62, 27.09, 25.09, 0, 0, 4.55
2019/04/20 20:23:00, 23.75, 23.81, 23.62, 27.10, 25.09, 0, 0, 4.55
2019/04/20 20:24:00, 23.75, 23.80, 23.60, 27.04, 25.10, 0, 0, 4.55
2019/04/20 20:25:00, 23.75, 23.80, 23.62, 27.05, 25.12, 0, 0, 4.55
2019/04/20 20:26:00, 23.75, 23.81, 23.63, 27.07, 25.12, 0, 0, 4.55
2019/04/20 20:27:00, 23.75, 23.79, 23.62, 27.07, 25.14, 0, 0, 4.55
2019/04/20 20:28:00, 23.75, 23.81, 23.60, 27.05, 25.12, 0, 0, 4.55
2019/04/20 20:29:00, 23.75, 23.81, 23.62, 27.05, 25.12, 0, 0, 4.55
2019/04/20 20:30:00, 23.75, 23.83, 23.62, 27.04, 25.12, 0, 0, 4.55
2019/04/20 20:31:00, 23.75, 23.79, 23.61, 27.04, 25.12, 0, 0, 4.55
2019/04/20 20:32:00, 23.75, 23.81, 23.61, 27.05, 25.12, 0, 0, 4.55
2019/04/20 20:33:00, 23.75, 23.81, 23.62, 27.03, 25.10, 0, 0, 4.55
2019/04/20 20:34:00, 23.75, 23.77, 23.61, 27.10, 25.09, 0, 0, 4.55
2019/04/20 20:35:00, 23.75, 23.77, 23.59, 27.10, 25.13, 0, 0, 4.55
2019/04/20 20:36:00, 23.75, 23.79, 23.60, 27.10, 25.15, 0, 0, 4.55
2019/04/20 20:37:00, 23.75, 23.81, 23.60, 27.11, 25.15, 0, 0, 4.55
2019/04/20 20:38:00, 23.75, 23.80, 23.60, 27.07, 25.15, 0, 0, 4.55
2019/04/20 20:39:00, 23.75, 23.81, 23.60, 27.07, 25.15, 0, 0, 4.55
2019/04/20 20:40:00, 23.75, 23.79, 23.61, 27.11, 25.12, 0, 0, 4.55
2019/04/20 20:41:00, 23.75, 23.77, 23.60, 27.04, 25.13, 0, 0, 4.55
2019/04/20 20:42:00, 23.75, 23.79, 23.59, 27.09, 25.15, 0, 0, 4.55
2019/04/20 20:43:00, 23.75, 23.79, 23.59, 27.11, 25.17, 0, 0, 4.55
2019/04/20 20:44:00, 23.75, 23.77, 23.60, 27.05, 25.15, 0, 0, 4.55
2019/04/20 20:45:00, 23.75, 23.77, 23.59, 27.11, 25.14, 0, 0, 4.55
2019/04/20 20:46:00, 23.75, 23.79, 23.61, 27.10, 25.15, 0, 0, 4.55
2019/04/20 20:47:00, 23.75, 23.77, 23.60, 27.14, 25.15, 0, 0, 4.55
2019/04/20 20:48:00, 23.75, 23.76, 23.59, 27.13, 25.20, 0, 0, 4.55
2019/04/20 20:49:00, 23.75, 23.76, 23.58, 27.19, 25.18, 0, 0, 4.55
2019/04/20 20:50:00, 23.75, 23.77, 23.58, 27.14, 25.16, 0, 0, 4.55
2019/04/20 20:51:00, 23.75, 23.76, 23.58, 27.14, 25.17, 0, 0, 4.55
2019/04/20 20:52:00, 23.75, 23.77, 23.57, 27.12, 25.18, 0, 0, 4.55
2019/04/20 20:53:00, 23.75, 23.74, 23.57, 27.12, 25.17, 0, 0, 4.55
2019/04/20 20:54:00, 23.75, 23.76, 23.58, 27.18, 25.21, 0, 0, 4.55
2019/04/20 20:55:00, 23.75, 23.76, 23.56, 27.15, 25.21, 0, 0, 4.55
2019/04/20 20:56:00, 23.75, 23.73, 23.57, 27.17, 25.23, 0, 0, 4.55
2019/04/20 20:57:00, 23.75, 23.71, 23.56, 27.18, 25.23, 0, 0, 4.55
2019/04/20 20:58:00, 23.75, 23.76, 23.59, 27.20, 25.24, 0, 0, 4.55
2019/04/20 20:59:00, 23.75, 23.74, 23.54, 27.14, 25.24, 0, 0, 4.55
2019/04/20 21:00:00, 23.75, 23.76, 23.58, 27.17, 25.23, 0, 0, 4.55
2019/04/20 21:01:00, 23.75, 23.74, 23.59, 27.17, 25.23, 0, 0, 4.55
2019/04/20 21:02:00, 23.75, 23.77, 23.56, 27.15, 25.21, 0, 0, 4.55
2019/04/20 21:03:00, 23.75, 23.76, 23.54, 27.17, 25.21, 0, 0, 4.55
2019/04/20 21:04:00, 23.75, 23.76, 23.54, 27.17, 25.25, 0, 0, 4.55
2019/04/20 21:05:00, 23.75, 23.74, 23.57, 27.14, 25.21, 0, 0, 4.55
2019/04/20 21:06:00, 23.75, 23.76, 23.54, 27.12, 25.25, 0, 0, 4.55
2019/04/20 21:07:00, 23.75, 23.74, 23.57, 27.17, 25.21, 0, 0, 4.55
2019/04/20 21:08:00, 23.75, 23.74, 23.57, 27.17, 25.20, 0, 0, 4.55
2019/04/20 21:09:00, 23.75, 23.76, 23.56, 27.17, 25.24, 0, 0, 4.55
2019/04/20 21:10:00, 23.75, 23.73, 23.56, 27.12, 25.23, 0, 0, 4.55
2019/04/20 21:11:00, 23.75, 23.71, 23.56, 27.22, 25.23, 0, 0, 4.55
2019/04/20 21:12:00, 23.75, 23.74, 23.57, 27.23, 25.26, 0, 0, 4.55
2019/04/20 21:13:00, 23.75, 23.73, 23.57, 27.17, 25.24, 0, 0, 4.55
2019/04/20 21:14:00, 23.75, 23.73, 23.53, 27.24, 25.25, 0, 0, 4.55
2019/04/20 21:15:00, 23.75, 23.73, 23.53, 27.24, 25.27, 0, 0, 4.55
2019/04/20 21:16:00, 23.75, 23.74, 23.56, 27.23, 25.27, 0, 0, 4.55
2019/04/20 21:17:00, 23.75, 23.76, 23.54, 27.20, 25.26, 0, 0, 4.55
2019/04/20 21:18:00, 23.75, 23.76, 23.56, 27.21, 25.25, 0, 0, 4.55
2019/04/20 21:19:00, 23.75, 23.76, 23.57, 27.15, 25.23, 0, 0, 4.55
2019/04/20 21:20:00, 23.75, 23.76, 23.57, 27.15, 25.25, 0, 0, 4.55
2019/04/20 21:21:00, 23.75, 23.71, 23.56, 27.17, 25.24, 0, 0, 4.55
2019/04/20 21:22:00, 23.75, 23.76, 23.56, 27.21, 25.25, 0, 0, 4.55
2019/04/20 21:23:00, 23.75, 23.74, 23.56, 27.18, 25.25, 0, 0, 4.55
2019/04/20 21:24:00, 23.75, 23.73, 23.53, 27.20, 25.25, 0, 0, 4.55
2019/04/20 21:25:00, 23.75, 23.73, 23.56, 27.15, 25.23, 0, 0, 4.55
2019/04/20 21:26:00, 23.75, 23.73, 23.57, 27.17, 25.23, 0, 0, 4.55
2019/04/20 21:27:00, 23.75, 23.76, 23.56, 27.18, 25.22, 0, 0, 4.55
2019/04/20 21:28:00, 23.75, 23.74, 23.56, 27.19, 25.22, 0, 0, 4.55
2019/04/20 21:29:00, 23.75, 23.76, 23.56, 27.20, 25.25, 0, 0, 4.55
2019/04/20 21:30:00, 23.75, 23.71, 23.56, 27.22, 25.25, 0, 0, 4.55
2019/04/20 21:31:00, 23.75, 23.74, 23.57, 27.20, 25.25, 0, 0, 4.55
2019/04/20 21:32:00, 23.75, 23.74, 23.57, 27.14, 25.25, 0, 0, 4.55
2019/04/20 21:33:00, 23.75, 23.76, 23.56, 27.15, 25.25, 0, 0, 4.55
2019/04/20 21:34:00, 23.75, 23.74, 23.54, 27.20, 25.24, 0, 0, 4.55
2019/04/20 21:35:00, 23.75, 23.71, 23.54, 27.22, 25.25, 0, 0, 4.55
2019/04/20 21:36:00, 23.75, 23.76, 23.54, 27.17, 25.25, 0, 0, 4.55
2019/04/20 21:37:00, 23.75, 23.73, 23.54, 27.24, 25.25, 0, 0, 4.55
2019/04/20 21:38:00, 23.75, 23.73, 23.57, 27.18, 25.26, 0, 0, 4.55
2019/04/20 21:39:00, 23.75, 23.73, 23.53, 27.18, 25.25, 0, 0, 4.55
2019/04/20 21:40:00, 23.75, 23.73, 23.54, 27.15, 25.21, 0, 0, 4.55
2019/04/20 21:41:00, 23.75, 23.71, 23.56, 27.21, 25.25, 0, 0, 4.55
2019/04/20 21:42:00, 23.75, 23.74, 23.57, 27.20, 25.26, 0, 0, 4.55
2019/04/20 21:43:00, 23.75, 23.76, 23.56, 27.19, 25.26, 0, 0, 4.55
2019/04/20 21:44:00, 23.75, 23.70, 23.57, 27.14, 25.25, 0, 0, 4.55
2019/04/20 21:45:00, 23.75, 23.70, 23.53, 27.19, 25.21, 0, 0, 4.55
2019/04/20 21:46:00, 23.75, 23.71, 23.56, 27.22, 25.25, 0, 0, 4.55
2019/04/20 21:47:00, 23.75, 23.71, 23.56, 27.21, 25.25, 0, 0, 4.55
2019/04/20 21:48:00, 23.75, 23.71, 23.54, 27.17, 25.25, 0, 0, 4.55
2019/04/20 21:49:00, 23.75, 23.71, 23.54, 27.24, 25.25, 0, 0, 4.55
2019/04/20 21:50:00, 23.75, 23.71, 23.56, 27.18, 25.25, 0, 0, 4.55
2019/04/20 21:51:00, 23.75, 23.73, 23.54, 27.17, 25.26, 0, 0, 4.55
2019/04/20 21:52:00, 23.75, 23.73, 23.53, 27.15, 25.25, 0, 0, 4.55
2019/04/20 21:53:00, 23.75, 23.73, 23.56, 27.15, 25.24, 0, 0, 4.55
2019/04/20 21:54:00, 23.75, 23.73, 23.54, 27.18, 25.25, 0, 0, 4.55
2019/04/20 21:55:00, 23.75, 23.71, 23.54, 27.15, 25.25, 0, 0, 4.55
2019/04/20 21:56:00, 23.75, 23.71, 23.54, 27.17, 25.26, 0, 0, 4.55
2019/04/20 21:57:00, 23.75, 23.73, 23.51, 27.22, 25.25, 0, 0, 4.55
2019/04/20 21:58:00, 23.75, 23.70, 23.53, 27.19, 25.24, 0, 0, 4.55
2019/04/20 21:59:00, 23.75, 23.71, 23.54, 27.16, 25.25, 0, 0, 4.55
2019/04/20 22:00:00, 23.75, 23.73, 23.54, 27.19, 25.25, 0, 0, 4.55
2019/04/20 22:01:00, 23.75, 23.71, 23.53, 27.17, 25.25, 0, 0, 4.55
2019/04/20 22:02:00, 23.75, 23.71, 23.51, 27.25, 25.25, 0, 0, 4.55
2019/04/20 22:03:00, 23.75, 23.68, 23.52, 27.18, 25.26, 0, 0, 4.55
2019/04/20 22:04:00, 23.75, 23.70, 23.54, 27.18, 25.25, 0, 0, 4.55
2019/04/20 22:05:00, 23.75, 23.70, 23.52, 27.18, 25.25, 0, 0, 4.55
2019/04/20 22:06:00, 23.75, 23.71, 23.53, 27.18, 25.24, 0, 0, 4.55
2019/04/20 22:07:00, 23.75, 23.71, 23.51, 27.21, 25.23, 0, 0, 4.55
2019/04/20 22:08:00, 23.75, 23.71, 23.51, 27.20, 25.23, 0, 0, 4.55
2019/04/20 22:09:00, 23.75, 23.70, 23.50, 27.21, 25.25, 0, 0, 4.55
2019/04/20 22:10:00, 23.75, 23.71, 23.52, 27.19, 25.25, 0, 0, 4.55
2019/04/20 22:11:00, 23.75, 23.68, 23.52, 27.16, 25.25, 0, 0, 4.55
2019/04/20 22:12:00, 23.75, 23.71, 23.52, 27.19, 25.25, 0, 0, 4.55
2019/04/20 22:13:00, 23.75, 23.71, 23.53, 27.16, 25.25, 0, 0, 4.55
2019/04/20 22:14:00, 23.75, 23.70, 23.52, 27.18, 25.25, 0, 0, 4.55
2019/04/20 22:15:00, 23.75, 23.70, 23.51, 27.16, 25.25, 0, 0, 4.55
2019/04/20 22:16:00, 23.75, 23.68, 23.51, 27.13, 25.25, 0, 0, 4.55
2019/04/20 22:17:00, 23.75, 23.70, 23.51, 27.24, 25.22, 0, 0, 4.55
2019/04/20 22:18:00, 23.75, 23.67, 23.51, 27.21, 25.24, 0, 0, 4.55
2019/04/20 22:19:00, 23.75, 23.68, 23.49, 27.19, 25.28, 0, 0, 4.55
2019/04/20 22:20:00, 23.75, 23.67, 23.50, 27.22, 25.25, 0, 0, 4.55
2019/04/20 22:21:00, 23.75, 23.68, 23.50, 27.24, 25.26, 0, 0, 4.55
2019/04/20 22:22:00, 23.75, 23.70, 23.50, 27.22, 25.27, 0, 0, 4.55
2019/04/20 22:23:00, 23.75, 23.70, 23.50, 27.20, 25.27, 0, 0, 4.55
2019/04/20 22:24:00, 23.75, 23.70, 23.50, 27.18, 25.24, 0, 0, 4.55
2019/04/20 22:25:00, 23.75, 23.68, 23.49, 27.18, 25.24, 0, 0, 4.55
2019/04/20 22:26:00, 23.75, 23.67, 23.50, 27.15, 25.22, 0, 0, 4.55
2019/04/20 22:27:00, 23.75, 23.70, 23.50, 27.15, 25.22, 0, 0, 4.55
2019/04/20 22:28:00, 23.75, 23.70, 23.51, 27.16, 25.25, 0, 0, 4.55
2019/04/20 22:29:00, 23.75, 23.68, 23.50, 27.12, 25.24, 0, 0, 4.55
2019/04/20 22:30:00, 23.75, 23.67, 23.50, 27.16, 25.20, 0, 0, 4.55
2019/04/20 22:31:00, 23.75, 23.67, 23.50, 27.16, 25.22, 0, 0, 4.55
2019/04/20 22:32:00, 23.75, 23.70, 23.47, 27.18, 25.23, 0, 0, 4.55
2019/04/20 22:33:00, 23.75, 23.67, 23.50, 27.18, 25.23, 0, 0, 4.55
2019/04/20 22:34:00, 23.75, 23.67, 23.50, 27.16, 25.24, 0, 0, 4.55
2019/04/20 22:35:00, 23.75, 23.68, 23.48, 27.13, 25.22, 0, 0, 4.55
2019/04/20 22:36:00, 23.75, 23.68, 23.48, 27.15, 25.23, 0, 0, 4.55
2019/04/20 22:37:00, 23.75, 23.68, 23.49, 27.15, 25.21, 0, 0, 4.55
2019/04/20 22:38:00, 23.75, 23.68, 23.50, 27.10, 25.20, 0, 0, 4.55
2019/04/20 22:39:00, 23.75, 23.67, 23.46, 27.12, 25.16, 0, 0, 4.55
2019/04/20 22:40:00, 23.75, 23.67, 23.47, 27.19, 25.25, 0, 0, 4.55
2019/04/20 22:41:00, 23.75, 23.67, 23.49, 27.19, 25.23, 0, 0, 4.55
2019/04/20 22:42:00, 23.75, 23.67, 23.47, 27.16, 25.25, 0, 0, 4.55
2019/04/20 22:43:00, 23.75, 23.67, 23.47, 27.17, 25.21, 0, 0, 4.55
2019/04/20 22:44:00, 23.75, 23.67, 23.48, 27.17, 25.24, 0, 0, 4.55
2019/04/20 22:45:00, 23.75, 23.68, 23.48, 27.16, 25.23, 0, 0, 4.55
2019/04/20 22:46:00, 23.75, 23.65, 23.49, 27.09, 25.21, 0, 0, 4.55
2019/04/20 22:47:00, 23.75, 23.65, 23.48, 27.10, 25.19, 0, 0, 4.55
2019/04/20 22:48:00, 23.75, 23.64, 23.46, 27.12, 25.19, 0, 0, 4.55
2019/04/20 22:49:00, 23.75, 23.67, 23.47, 27.18, 25.21, 0, 0, 4.55
2019/04/20 22:50:00, 23.75, 23.65, 23.48, 27.11, 25.23, 0, 0, 4.55
2019/04/20 22:51:00, 23.75, 23.64, 23.47, 27.09, 25.16, 0, 0, 4.55
2019/04/20 22:52:00, 23.75, 23.64, 23.46, 27.16, 25.19, 0, 0, 4.55
2019/04/20 22:53:00, 23.75, 23.65, 23.46, 27.15, 25.18, 0, 0, 4.55
2019/04/20 22:54:00, 23.75, 23.65, 23.47, 27.15, 25.22, 0, 0, 4.55
2019/04/20 22:55:00, 23.75, 23.64, 23.46, 27.13, 25.19, 0, 0, 4.55
2019/04/20 22:56:00, 23.75, 23.65, 23.45, 27.11, 25.21, 0, 0, 4.55
2019/04/20 22:57:00, 23.75, 23.64, 23.48, 27.09, 25.17, 0, 0, 4.55
2019/04/20 22:58:00, 23.75, 23.67, 23.48, 27.13, 25.16, 0, 0, 4.55
2019/04/20 22:59:00, 23.75, 23.63, 23.45, 27.07, 25.14, 0, 0, 4.55
2019/04/20 23:00:00, 23.75, 23.64, 23.45, 27.07, 25.16, 0, 0, 4.55
2019/04/20 23:01:00, 23.75, 23.65, 23.46, 27.09, 25.18, 0, 0, 4.55
2019/04/20 23:02:00, 23.75, 23.64, 23.47, 27.09, 25.16, 0, 0, 4.55
2019/04/20 23:03:00, 23.75, 23.65, 23.47, 27.07, 25.15, 0, 0, 4.55
2019/04/20 23:04:00, 23.75, 23.65, 23.46, 27.09, 25.12, 0, 0, 4.55
2019/04/20 23:05:00, 23.75, 23.64, 23.46, 27.09, 25.12, 0, 0, 4.55
2019/04/20 23:06:00, 23.75, 23.65, 23.47, 27.13, 25.15, 0, 0, 4.55
2019/04/20 23:07:00, 23.75, 23.67, 23.45, 27.14, 25.17, 0, 0, 4.55
2019/04/20 23:08:00, 23.75, 23.65, 23.47, 27.09, 25.16, 0, 0, 4.55
2019/04/20 23:09:00, 23.75, 23.65, 23.45, 27.07, 25.12, 0, 0, 4.55
2019/04/20 23:10:00, 23.75, 23.63, 23.47, 27.09, 25.13, 0, 0, 4.55
2019/04/20 23:11:00, 23.75, 23.67, 23.45, 27.06, 25.13, 0, 0, 4.55
2019/04/20 23:12:00, 23.75, 23.67, 23.45, 27.09, 25.13, 0, 0, 4.55
2019/04/20 23:13:00, 23.75, 23.64, 23.45, 27.06, 25.12, 0, 0, 4.55
2019/04/20 23:14:00, 23.75, 23.64, 23.47, 27.09, 25.13, 0, 0, 4.55
2019/04/20 23:15:00, 23.75, 23.63, 23.46, 27.06, 25.11, 0, 0, 4.55
2019/04/20 23:16:00, 23.75, 23.65, 23.46, 27.06, 25.11, 0, 0, 4.55
2019/04/20 23:17:00, 23.75, 23.65, 23.47, 27.06, 25.11, 0, 0, 4.55
2019/04/20 23:18:00, 23.75, 23.64, 23.47, 27.00, 25.08, 0, 0, 4.55
2019/04/20 23:19:00, 23.75, 23.63, 23.47, 27.03, 25.08, 0, 0, 4.55
2019/04/20 23:20:00, 23.75, 23.64, 23.45, 27.01, 25.09, 0, 0, 4.55
2019/04/20 23:21:00, 23.75, 23.67, 23.47, 27.03, 25.08, 0, 0, 4.55
2019/04/20 23:22:00, 23.75, 23.63, 23.46, 27.02, 25.08, 0, 0, 4.55
2019/04/20 23:23:00, 23.75, 23.64, 23.48, 26.98, 25.06, 0, 0, 4.55
2019/04/20 23:24:00, 23.75, 23.64, 23.47, 27.00, 25.06, 0, 0, 4.55
2019/04/20 23:25:00, 23.75, 23.67, 23.47, 27.03, 25.07, 0, 0, 4.55
2019/04/20 23:26:00, 23.75, 23.65, 23.47, 27.03, 25.05, 0, 0, 4.55
2019/04/20 23:27:00, 23.75, 23.63, 23.47, 26.97, 25.02, 0, 0, 4.55
2019/04/20 23:28:00, 23.75, 23.67, 23.47, 26.94, 25.03, 0, 0, 4.55
2019/04/20 23:29:00, 23.75, 23.64, 23.47, 26.97, 25.03, 0, 0, 4.55
2019/04/20 23:30:00, 23.75, 23.67, 23.49, 26.98, 25.02, 0, 0, 4.55
2019/04/20 23:31:00, 23.75, 23.67, 23.48, 26.96, 25.01, 0, 0, 4.55
2019/04/20 23:32:00, 23.75, 23.65, 23.49, 26.93, 25.02, 0, 0, 4.55
2019/04/20 23:33:00, 23.75, 23.67, 23.49, 26.96, 25.00, 0, 0, 4.55
2019/04/20 23:34:00, 23.75, 23.65, 23.48, 26.91, 24.97, 0, 0, 4.55
2019/04/20 23:35:00, 23.75, 23.65, 23.45, 26.90, 24.99, 0, 0, 4.55
2019/04/20 23:36:00, 23.75, 23.65, 23.47, 26.87, 24.97, 0, 0, 4.55
2019/04/20 23:37:00, 23.75, 23.67, 23.47, 26.90, 24.96, 0, 0, 4.55
2019/04/20 23:38:00, 23.75, 23.64, 23.46, 26.94, 24.99, 0, 0, 4.55
2019/04/20 23:39:00, 23.75, 23.65, 23.47, 26.90, 24.96, 0, 0, 4.55
2019/04/20 23:40:00, 23.75, 23.64, 23.46, 26.90, 24.97, 0, 0, 4.55
2019/04/20 23:41:00, 23.75, 23.65, 23.47, 26.88, 24.96, 0, 0, 4.55
2019/04/20 23:42:00, 23.75, 23.65, 23.49, 26.92, 24.95, 0, 0, 4.55
2019/04/20 23:43:00, 23.75, 23.65, 23.48, 26.87, 24.93, 0, 0, 4.55
2019/04/20 23:44:00, 23.75, 23.67, 23.49, 26.90, 24.92, 0, 0, 4.55
2019/04/20 23:45:00, 23.75, 23.67, 23.47, 26.85, 24.95, 0, 0, 4.55
2019/04/20 23:46:00, 23.75, 23.64, 23.49, 26.87, 24.92, 0, 0, 4.55
2019/04/20 23:47:00, 23.75, 23.65, 23.46, 26.91, 24.95, 0, 0, 4.55
