Data logger for tempereture and humidity.
Code, design, and soldering by Antti Mikkonen, a.mikkonen@iki.fi, 2019.
Based on open source projects and libraries. See source for details.
/home/ami/src/arduino/promini/logger_v8_ada/logger_v8_ada.ino
UTC time (year/month/date hour:minute:second), T RTC (C), T sht31 (C), T si7021 (C), RH sht31 (-), RH si7021 (-), heaterOn sht31 (bool),  heaterOn si7021 (bool), battery voltage (V)
2019/04/25 00:08:00, 24.00, 23.90, 23.73, 20.12, 18.20, 0, 0, 4.49
2019/04/25 00:09:00, 24.00, 23.87, 23.73, 20.10, 18.19, 0, 0, 4.49
2019/04/25 00:10:00, 24.00, 23.91, 23.72, 20.10, 18.19, 0, 0, 4.49
2019/04/25 00:11:00, 24.00, 23.88, 23.71, 20.15, 18.21, 0, 0, 4.49
2019/04/25 00:12:00, 24.00, 23.88, 23.71, 20.15, 18.22, 0, 0, 4.49
2019/04/25 00:13:00, 24.00, 23.88, 23.69, 20.13, 18.22, 0, 0, 4.49
2019/04/25 00:14:00, 24.00, 23.90, 23.72, 20.12, 18.22, 0, 0, 4.49
2019/04/25 00:15:00, 24.00, 23.90, 23.72, 20.16, 18.22, 0, 0, 4.49
2019/04/25 00:16:00, 24.00, 23.90, 23.73, 20.13, 18.22, 0, 0, 4.49
2019/04/25 00:17:00, 24.00, 23.90, 23.72, 20.13, 18.23, 0, 0, 4.49
2019/04/25 00:18:00, 24.00, 23.90, 23.71, 20.13, 18.23, 0, 0, 4.49
2019/04/25 00:19:00, 24.00, 23.88, 23.69, 20.16, 18.23, 0, 0, 4.49
2019/04/25 00:20:00, 24.00, 23.90, 23.73, 20.16, 18.24, 0, 0, 4.49
2019/04/25 00:21:00, 24.00, 23.91, 23.73, 20.15, 18.23, 0, 0, 4.49
2019/04/25 00:22:00, 24.00, 23.88, 23.69, 20.18, 18.21, 0, 0, 4.49
2019/04/25 00:23:00, 24.00, 23.88, 23.68, 20.15, 18.23, 0, 0, 4.49
2019/04/25 00:24:00, 24.00, 23.88, 23.69, 20.13, 18.23, 0, 0, 4.49
2019/04/25 00:25:00, 24.00, 23.92, 23.72, 20.15, 18.26, 0, 0, 4.49
2019/04/25 00:26:00, 24.00, 23.90, 23.72, 20.15, 18.24, 0, 0, 4.49
2019/04/25 00:27:00, 24.00, 23.90, 23.69, 20.09, 18.22, 0, 0, 4.49
2019/04/25 00:28:00, 24.00, 23.88, 23.69, 20.13, 18.23, 0, 0, 4.49
2019/04/25 00:29:00, 24.00, 23.90, 23.71, 20.13, 18.22, 0, 0, 4.49
2019/04/25 00:30:00, 24.00, 23.87, 23.69, 20.13, 18.26, 0, 0, 4.49
2019/04/25 00:31:00, 24.00, 23.88, 23.69, 20.15, 18.26, 0, 0, 4.49
2019/04/25 00:32:00, 24.00, 23.88, 23.69, 20.18, 18.23, 0, 0, 4.49
2019/04/25 00:33:00, 24.00, 23.87, 23.68, 20.18, 18.23, 0, 0, 4.49
2019/04/25 00:34:00, 24.00, 23.85, 23.71, 20.22, 18.26, 0, 0, 4.49
2019/04/25 00:35:00, 24.00, 23.88, 23.68, 20.18, 18.26, 0, 0, 4.49
2019/04/25 00:36:00, 24.00, 23.88, 23.67, 20.20, 18.26, 0, 0, 4.49
2019/04/25 00:37:00, 24.00, 23.87, 23.68, 20.21, 18.26, 0, 0, 4.49
2019/04/25 00:38:00, 24.00, 23.88, 23.69, 20.18, 18.26, 0, 0, 4.49
2019/04/25 00:39:00, 24.00, 23.88, 23.69, 20.18, 18.26, 0, 0, 4.49
2019/04/25 00:40:00, 24.00, 23.85, 23.69, 20.23, 18.27, 0, 0, 4.49
2019/04/25 00:41:00, 24.00, 23.85, 23.67, 20.21, 18.27, 0, 0, 4.49
2019/04/25 00:42:00, 24.00, 23.85, 23.67, 20.21, 18.29, 0, 0, 4.49
2019/04/25 00:43:00, 24.00, 23.88, 23.69, 20.15, 18.28, 0, 0, 4.49
2019/04/25 00:44:00, 24.00, 23.88, 23.68, 20.21, 18.28, 0, 0, 4.49
2019/04/25 00:45:00, 24.00, 23.87, 23.67, 20.21, 18.27, 0, 0, 4.49
2019/04/25 00:46:00, 24.00, 23.85, 23.66, 20.18, 18.27, 0, 0, 4.49
2019/04/25 00:47:00, 24.00, 23.85, 23.65, 20.16, 18.26, 0, 0, 4.49
2019/04/25 00:48:00, 24.00, 23.84, 23.68, 20.24, 18.29, 0, 0, 4.49
2019/04/25 00:49:00, 24.00, 23.85, 23.66, 20.21, 18.31, 0, 0, 4.49
2019/04/25 00:50:00, 24.00, 23.85, 23.66, 20.21, 18.29, 0, 0, 4.49
2019/04/25 00:51:00, 24.00, 23.87, 23.69, 20.20, 18.29, 0, 0, 4.49
2019/04/25 00:52:00, 24.00, 23.87, 23.67, 20.20, 18.29, 0, 0, 4.49
2019/04/25 00:53:00, 24.00, 23.87, 23.67, 20.18, 18.30, 0, 0, 4.49
2019/04/25 00:54:00, 24.00, 23.87, 23.68, 20.18, 18.29, 0, 0, 4.49
2019/04/25 00:55:00, 24.00, 23.87, 23.67, 20.18, 18.28, 0, 0, 4.49
2019/04/25 00:56:00, 24.00, 23.85, 23.68, 20.24, 18.28, 0, 0, 4.49
2019/04/25 00:57:00, 24.00, 23.84, 23.66, 20.18, 18.28, 0, 0, 4.49
2019/04/25 00:58:00, 24.00, 23.85, 23.66, 20.21, 18.27, 0, 0, 4.49
2019/04/25 00:59:00, 24.00, 23.87, 23.66, 20.24, 18.30, 0, 0, 4.49
2019/04/25 01:00:00, 24.00, 23.84, 23.67, 20.23, 18.31, 0, 0, 4.49
2019/04/25 01:01:00, 24.00, 23.85, 23.67, 20.21, 18.32, 0, 0, 4.49
2019/04/25 01:02:00, 24.00, 23.88, 23.67, 20.20, 18.29, 0, 0, 4.49
2019/04/25 01:03:00, 24.00, 23.84, 23.66, 20.21, 18.29, 0, 0, 4.49
2019/04/25 01:04:00, 24.00, 23.81, 23.66, 20.23, 18.31, 0, 0, 4.49
2019/04/25 01:05:00, 24.00, 23.81, 23.66, 20.24, 18.30, 0, 0, 4.49
2019/04/25 01:06:00, 24.00, 23.85, 23.66, 20.19, 18.31, 0, 0, 4.49
2019/04/25 01:07:00, 24.00, 23.84, 23.64, 20.24, 18.33, 0, 0, 4.49
2019/04/25 01:08:00, 24.00, 23.81, 23.64, 20.31, 18.34, 0, 0, 4.49
2019/04/25 01:09:00, 24.00, 23.84, 23.63, 20.26, 18.33, 0, 0, 4.49
2019/04/25 01:10:00, 23.75, 23.84, 23.66, 20.24, 18.33, 0, 0, 4.49
2019/04/25 01:11:00, 24.00, 23.81, 23.63, 20.23, 18.31, 0, 0, 4.49
2019/04/25 01:12:00, 24.00, 23.84, 23.65, 20.29, 18.32, 0, 0, 4.49
2019/04/25 01:13:00, 24.00, 23.84, 23.64, 20.28, 18.35, 0, 0, 4.49
2019/04/25 01:14:00, 24.00, 23.84, 23.66, 20.29, 18.36, 0, 0, 4.49
2019/04/25 01:15:00, 23.75, 23.83, 23.66, 20.24, 18.35, 0, 0, 4.49
2019/04/25 01:16:00, 24.00, 23.85, 23.66, 20.26, 18.33, 0, 0, 4.49
2019/04/25 01:17:00, 24.00, 23.85, 23.67, 20.20, 18.31, 0, 0, 4.49
2019/04/25 01:18:00, 23.75, 23.84, 23.65, 20.21, 18.32, 0, 0, 4.49
2019/04/25 01:19:00, 24.00, 23.84, 23.65, 20.26, 18.31, 0, 0, 4.49
2019/04/25 01:20:00, 24.00, 23.83, 23.64, 20.23, 18.33, 0, 0, 4.49
2019/04/25 01:21:00, 24.00, 23.81, 23.64, 20.21, 18.33, 0, 0, 4.49
2019/04/25 01:22:00, 24.00, 23.83, 23.65, 20.28, 18.33, 0, 0, 4.49
2019/04/25 01:23:00, 24.00, 23.85, 23.66, 20.23, 18.32, 0, 0, 4.49
2019/04/25 01:24:00, 24.00, 23.84, 23.66, 20.20, 18.31, 0, 0, 4.49
2019/04/25 01:25:00, 24.00, 23.84, 23.64, 20.23, 18.33, 0, 0, 4.49
2019/04/25 01:26:00, 23.75, 23.84, 23.65, 20.24, 18.32, 0, 0, 4.49
2019/04/25 01:27:00, 23.75, 23.84, 23.63, 20.26, 18.32, 0, 0, 4.49
2019/04/25 01:28:00, 23.75, 23.80, 23.65, 20.23, 18.33, 0, 0, 4.49
2019/04/25 01:29:00, 23.75, 23.83, 23.65, 20.23, 18.33, 0, 0, 4.49
2019/04/25 01:30:00, 24.00, 23.83, 23.66, 20.23, 18.33, 0, 0, 4.49
2019/04/25 01:31:00, 23.75, 23.84, 23.63, 20.26, 18.33, 0, 0, 4.49
2019/04/25 01:32:00, 23.75, 23.83, 23.65, 20.28, 18.35, 0, 0, 4.49
2019/04/25 01:33:00, 24.00, 23.84, 23.64, 20.23, 18.33, 0, 0, 4.49
2019/04/25 01:34:00, 23.75, 23.84, 23.65, 20.23, 18.33, 0, 0, 4.49
2019/04/25 01:35:00, 23.75, 23.83, 23.65, 20.23, 18.33, 0, 0, 4.49
2019/04/25 01:36:00, 23.75, 23.83, 23.65, 20.26, 18.33, 0, 0, 4.49
2019/04/25 01:37:00, 23.75, 23.84, 23.66, 20.24, 18.34, 0, 0, 4.49
2019/04/25 01:38:00, 23.75, 23.83, 23.63, 20.24, 18.34, 0, 0, 4.49
2019/04/25 01:39:00, 23.75, 23.84, 23.66, 20.26, 18.33, 0, 0, 4.49
2019/04/25 01:40:00, 23.75, 23.84, 23.64, 20.26, 18.33, 0, 0, 4.49
2019/04/25 01:41:00, 23.75, 23.83, 23.65, 20.21, 18.33, 0, 0, 4.49
2019/04/25 01:42:00, 24.00, 23.83, 23.65, 20.28, 18.33, 0, 0, 4.49
2019/04/25 01:43:00, 24.00, 23.84, 23.66, 20.28, 18.33, 0, 0, 4.49
2019/04/25 01:44:00, 23.75, 23.81, 23.65, 20.20, 18.33, 0, 0, 4.49
2019/04/25 01:45:00, 23.75, 23.84, 23.65, 20.28, 18.33, 0, 0, 4.49
2019/04/25 01:46:00, 23.75, 23.85, 23.65, 20.26, 18.33, 0, 0, 4.49
2019/04/25 01:47:00, 23.75, 23.84, 23.66, 20.20, 18.32, 0, 0, 4.49
2019/04/25 01:48:00, 24.00, 23.81, 23.67, 20.24, 18.32, 0, 0, 4.49
2019/04/25 01:49:00, 24.00, 23.83, 23.66, 20.21, 18.32, 0, 0, 4.49
2019/04/25 01:50:00, 23.75, 23.84, 23.66, 20.21, 18.33, 0, 0, 4.49
2019/04/25 01:51:00, 24.00, 23.84, 23.66, 20.26, 18.33, 0, 0, 4.49
2019/04/25 01:52:00, 24.00, 23.85, 23.64, 20.28, 18.33, 0, 0, 4.49
2019/04/25 01:53:00, 23.75, 23.85, 23.65, 20.23, 18.31, 0, 0, 4.49
2019/04/25 01:54:00, 24.00, 23.84, 23.64, 20.23, 18.31, 0, 0, 4.49
2019/04/25 01:55:00, 23.75, 23.81, 23.66, 20.26, 18.33, 0, 0, 4.49
2019/04/25 01:56:00, 23.75, 23.83, 23.63, 20.23, 18.33, 0, 0, 4.49
2019/04/25 01:57:00, 23.75, 23.81, 23.62, 20.26, 18.35, 0, 0, 4.49
2019/04/25 01:58:00, 23.75, 23.81, 23.63, 20.29, 18.37, 0, 0, 4.49
2019/04/25 01:59:00, 23.75, 23.83, 23.61, 20.26, 18.36, 0, 0, 4.49
2019/04/25 02:00:00, 23.75, 23.80, 23.62, 20.28, 18.38, 0, 0, 4.49
2019/04/25 02:01:00, 23.75, 23.81, 23.63, 20.29, 18.38, 0, 0, 4.49
2019/04/25 02:02:00, 23.75, 23.83, 23.63, 20.28, 18.38, 0, 0, 4.49
2019/04/25 02:03:00, 23.75, 23.79, 23.63, 20.29, 18.37, 0, 0, 4.49
2019/04/25 02:04:00, 23.75, 23.80, 23.61, 20.26, 18.38, 0, 0, 4.49
2019/04/25 02:05:00, 23.75, 23.80, 23.62, 20.28, 18.39, 0, 0, 4.49
2019/04/25 02:06:00, 23.75, 23.79, 23.63, 20.32, 18.39, 0, 0, 4.49
2019/04/25 02:07:00, 23.75, 23.80, 23.63, 20.31, 18.39, 0, 0, 4.49
2019/04/25 02:08:00, 23.75, 23.80, 23.58, 20.32, 18.39, 0, 0, 4.49
2019/04/25 02:09:00, 23.75, 23.79, 23.62, 20.32, 18.39, 0, 0, 4.49
2019/04/25 02:10:00, 23.75, 23.77, 23.62, 20.32, 18.40, 0, 0, 4.49
2019/04/25 02:11:00, 23.75, 23.79, 23.63, 20.35, 18.41, 0, 0, 4.49
2019/04/25 02:12:00, 23.75, 23.77, 23.60, 20.28, 18.42, 0, 0, 4.49
2019/04/25 02:13:00, 23.75, 23.79, 23.60, 20.27, 18.42, 0, 0, 4.49
2019/04/25 02:14:00, 23.75, 23.80, 23.60, 20.34, 18.39, 0, 0, 4.49
2019/04/25 02:15:00, 23.75, 23.79, 23.61, 20.37, 18.42, 0, 0, 4.49
2019/04/25 02:16:00, 23.75, 23.80, 23.61, 20.32, 18.42, 0, 0, 4.49
2019/04/25 02:17:00, 23.75, 23.80, 23.62, 20.29, 18.41, 0, 0, 4.49
2019/04/25 02:18:00, 23.75, 23.80, 23.62, 20.32, 18.39, 0, 0, 4.49
2019/04/25 02:19:00, 23.75, 23.79, 23.60, 20.24, 18.39, 0, 0, 4.49
2019/04/25 02:20:00, 23.75, 23.81, 23.61, 20.39, 18.42, 0, 0, 4.49
2019/04/25 02:21:00, 23.75, 23.80, 23.62, 20.32, 18.41, 0, 0, 4.49
2019/04/25 02:22:00, 23.75, 23.79, 23.59, 20.39, 18.43, 0, 0, 4.49
2019/04/25 02:23:00, 23.75, 23.79, 23.59, 20.34, 18.43, 0, 0, 4.49
2019/04/25 02:24:00, 23.75, 23.80, 23.60, 20.40, 18.44, 0, 0, 4.49
2019/04/25 02:25:00, 23.75, 23.76, 23.60, 20.37, 18.45, 0, 0, 4.49
2019/04/25 02:26:00, 23.75, 23.79, 23.58, 20.35, 18.43, 0, 0, 4.49
2019/04/25 02:27:00, 23.75, 23.77, 23.58, 20.34, 18.46, 0, 0, 4.49
2019/04/25 02:28:00, 23.75, 23.77, 23.59, 20.35, 18.43, 0, 0, 4.49
2019/04/25 02:29:00, 23.75, 23.76, 23.57, 20.37, 18.46, 0, 0, 4.49
2019/04/25 02:30:00, 23.75, 23.77, 23.57, 20.37, 18.44, 0, 0, 4.49
2019/04/25 02:31:00, 23.75, 23.74, 23.59, 20.40, 18.47, 0, 0, 4.49
2019/04/25 02:32:00, 23.75, 23.76, 23.58, 20.40, 18.47, 0, 0, 4.49
2019/04/25 02:33:00, 23.75, 23.76, 23.59, 20.39, 18.47, 0, 0, 4.49
2019/04/25 02:34:00, 23.75, 23.74, 23.58, 20.40, 18.49, 0, 0, 4.49
2019/04/25 02:35:00, 23.75, 23.74, 23.54, 20.42, 18.47, 0, 0, 4.49
2019/04/25 02:36:00, 23.75, 23.77, 23.56, 20.43, 18.49, 0, 0, 4.49
2019/04/25 02:37:00, 23.75, 23.74, 23.57, 20.42, 18.50, 0, 0, 4.49
2019/04/25 02:38:00, 23.75, 23.76, 23.57, 20.46, 18.51, 0, 0, 4.49
2019/04/25 02:39:00, 23.75, 23.76, 23.57, 20.42, 18.50, 0, 0, 4.49
2019/04/25 02:40:00, 23.75, 23.76, 23.57, 20.42, 18.51, 0, 0, 4.49
2019/04/25 02:41:00, 23.75, 23.74, 23.56, 20.47, 18.50, 0, 0, 4.49
2019/04/25 02:42:00, 23.75, 23.76, 23.58, 20.42, 18.51, 0, 0, 4.49
2019/04/25 02:43:00, 23.75, 23.76, 23.57, 20.48, 18.52, 0, 0, 4.49
2019/04/25 02:44:00, 23.75, 23.73, 23.54, 20.50, 18.52, 0, 0, 4.49
2019/04/25 02:45:00, 23.75, 23.76, 23.56, 20.51, 18.55, 0, 0, 4.49
2019/04/25 02:46:00, 23.75, 23.73, 23.54, 20.42, 18.52, 0, 0, 4.49
2019/04/25 02:47:00, 23.75, 23.73, 23.54, 20.51, 18.52, 0, 0, 4.49
2019/04/25 02:48:00, 23.75, 23.71, 23.52, 20.56, 18.55, 0, 0, 4.49
2019/04/25 02:49:00, 23.75, 23.71, 23.52, 20.50, 18.55, 0, 0, 4.49
2019/04/25 02:50:00, 23.75, 23.74, 23.54, 20.46, 18.57, 0, 0, 4.49
2019/04/25 02:51:00, 23.75, 23.70, 23.52, 20.48, 18.58, 0, 0, 4.49
2019/04/25 02:52:00, 23.75, 23.70, 23.54, 20.51, 18.58, 0, 0, 4.49
2019/04/25 02:53:00, 23.75, 23.76, 23.54, 20.53, 18.60, 0, 0, 4.49
2019/04/25 02:54:00, 23.75, 23.73, 23.53, 20.46, 18.58, 0, 0, 4.49
2019/04/25 02:55:00, 23.75, 23.73, 23.53, 20.51, 18.58, 0, 0, 4.49
2019/04/25 02:56:00, 23.75, 23.71, 23.53, 20.45, 18.56, 0, 0, 4.49
2019/04/25 02:57:00, 23.75, 23.73, 23.54, 20.55, 18.59, 0, 0, 4.49
2019/04/25 02:58:00, 23.75, 23.73, 23.54, 20.51, 18.61, 0, 0, 4.49
2019/04/25 02:59:00, 23.75, 23.74, 23.54, 20.56, 18.62, 0, 0, 4.49
2019/04/25 03:00:00, 23.75, 23.74, 23.52, 20.51, 18.60, 0, 0, 4.49
2019/04/25 03:01:00, 23.75, 23.70, 23.52, 20.53, 18.61, 0, 0, 4.49
2019/04/25 03:02:00, 23.75, 23.70, 23.54, 20.53, 18.63, 0, 0, 4.49
2019/04/25 03:03:00, 23.75, 23.73, 23.56, 20.51, 18.65, 0, 0, 4.49
2019/04/25 03:04:00, 23.75, 23.73, 23.54, 20.61, 18.65, 0, 0, 4.49
2019/04/25 03:05:00, 23.75, 23.74, 23.53, 20.59, 18.65, 0, 0, 4.49
2019/04/25 03:06:00, 23.75, 23.74, 23.56, 20.54, 18.63, 0, 0, 4.49
2019/04/25 03:07:00, 23.75, 23.74, 23.52, 20.56, 18.65, 0, 0, 4.49
2019/04/25 03:08:00, 23.75, 23.74, 23.54, 20.58, 18.65, 0, 0, 4.49
2019/04/25 03:09:00, 23.75, 23.73, 23.53, 20.56, 18.63, 0, 0, 4.49
2019/04/25 03:10:00, 23.75, 23.70, 23.56, 20.56, 18.65, 0, 0, 4.49
2019/04/25 03:11:00, 23.75, 23.71, 23.52, 20.63, 18.67, 0, 0, 4.49
2019/04/25 03:12:00, 23.75, 23.71, 23.52, 20.64, 18.71, 0, 0, 4.49
2019/04/25 03:13:00, 23.75, 23.73, 23.54, 20.66, 18.70, 0, 0, 4.49
2019/04/25 03:14:00, 23.75, 23.74, 23.54, 20.69, 18.69, 0, 0, 4.49
2019/04/25 03:15:00, 23.75, 23.74, 23.57, 20.63, 18.71, 0, 0, 4.49
2019/04/25 03:16:00, 23.75, 23.74, 23.57, 20.64, 18.68, 0, 0, 4.49
2019/04/25 03:17:00, 23.75, 23.73, 23.54, 20.60, 18.68, 0, 0, 4.49
2019/04/25 03:18:00, 23.75, 23.74, 23.56, 20.63, 18.68, 0, 0, 4.49
2019/04/25 03:19:00, 23.75, 23.74, 23.54, 20.63, 18.70, 0, 0, 4.49
2019/04/25 03:20:00, 23.75, 23.74, 23.57, 20.63, 18.70, 0, 0, 4.49
2019/04/25 03:21:00, 23.75, 23.71, 23.53, 20.64, 18.70, 0, 0, 4.49
2019/04/25 03:22:00, 23.75, 23.74, 23.54, 20.66, 18.74, 0, 0, 4.49
2019/04/25 03:23:00, 23.75, 23.74, 23.57, 20.69, 18.76, 0, 0, 4.49
2019/04/25 03:24:00, 23.75, 23.74, 23.54, 20.66, 18.75, 0, 0, 4.49
2019/04/25 03:25:00, 23.75, 23.73, 23.54, 20.72, 18.75, 0, 0, 4.49
2019/04/25 03:26:00, 23.75, 23.73, 23.56, 20.71, 18.78, 0, 0, 4.49
2019/04/25 03:27:00, 23.75, 23.73, 23.57, 20.72, 18.76, 0, 0, 4.49
2019/04/25 03:28:00, 23.75, 23.71, 23.54, 20.68, 18.78, 0, 0, 4.49
2019/04/25 03:29:00, 23.75, 23.73, 23.54, 20.72, 18.78, 0, 0, 4.49
2019/04/25 03:30:00, 23.75, 23.73, 23.56, 20.71, 18.78, 0, 0, 4.49
2019/04/25 03:31:00, 23.75, 23.73, 23.56, 20.74, 18.78, 0, 0, 4.49
2019/04/25 03:32:00, 23.75, 23.71, 23.56, 20.71, 18.78, 0, 0, 4.49
2019/04/25 03:33:00, 23.75, 23.76, 23.54, 20.75, 18.79, 0, 0, 4.49
2019/04/25 03:34:00, 23.75, 23.71, 23.54, 20.71, 18.80, 0, 0, 4.49
2019/04/25 03:35:00, 23.75, 23.74, 23.54, 20.71, 18.80, 0, 0, 4.49
2019/04/25 03:36:00, 23.75, 23.76, 23.56, 20.73, 18.81, 0, 0, 4.49
2019/04/25 03:37:00, 23.75, 23.76, 23.54, 20.77, 18.81, 0, 0, 4.49
2019/04/25 03:38:00, 23.75, 23.76, 23.56, 20.69, 18.81, 0, 0, 4.49
2019/04/25 03:39:00, 23.75, 23.76, 23.57, 20.74, 18.81, 0, 0, 4.49
2019/04/25 03:40:00, 23.75, 23.76, 23.56, 20.75, 18.78, 0, 0, 4.49
2019/04/25 03:41:00, 23.75, 23.74, 23.57, 20.75, 18.81, 0, 0, 4.49
2019/04/25 03:42:00, 23.75, 23.74, 23.58, 20.71, 18.83, 0, 0, 4.49
2019/04/25 03:43:00, 23.75, 23.74, 23.56, 20.74, 18.84, 0, 0, 4.49
2019/04/25 03:44:00, 23.75, 23.76, 23.54, 20.77, 18.82, 0, 0, 4.49
2019/04/25 03:45:00, 23.75, 23.74, 23.57, 20.79, 18.85, 0, 0, 4.49
2019/04/25 03:46:00, 23.75, 23.74, 23.54, 20.73, 18.85, 0, 0, 4.49
2019/04/25 03:47:00, 23.75, 23.74, 23.57, 20.76, 18.83, 0, 0, 4.49
2019/04/25 03:48:00, 23.75, 23.77, 23.58, 20.81, 18.84, 0, 0, 4.49
2019/04/25 03:49:00, 23.75, 23.76, 23.57, 20.86, 18.83, 0, 0, 4.49
2019/04/25 03:50:00, 23.75, 23.77, 23.59, 20.74, 18.85, 0, 0, 4.49
2019/04/25 03:51:00, 23.75, 23.77, 23.57, 20.82, 18.87, 0, 0, 4.49
2019/04/25 03:52:00, 23.75, 23.76, 23.57, 20.84, 18.86, 0, 0, 4.49
2019/04/25 03:53:00, 23.75, 23.74, 23.57, 20.81, 18.86, 0, 0, 4.49
2019/04/25 03:54:00, 23.75, 23.76, 23.57, 20.81, 18.86, 0, 0, 4.49
2019/04/25 03:55:00, 23.75, 23.77, 23.58, 20.81, 18.88, 0, 0, 4.49
2019/04/25 03:56:00, 23.75, 23.74, 23.57, 20.77, 18.85, 0, 0, 4.49
2019/04/25 03:57:00, 23.75, 23.74, 23.57, 20.79, 18.87, 0, 0, 4.49
2019/04/25 03:58:00, 23.75, 23.73, 23.57, 20.84, 18.88, 0, 0, 4.49
2019/04/25 03:59:00, 23.75, 23.74, 23.57, 20.86, 18.89, 0, 0, 4.49
2019/04/25 04:00:00, 23.75, 23.73, 23.57, 20.84, 18.90, 0, 0, 4.49
2019/04/25 04:01:00, 23.75, 23.74, 23.57, 20.84, 18.88, 0, 0, 4.49
2019/04/25 04:02:00, 23.75, 23.74, 23.56, 20.85, 18.91, 0, 0, 4.49
2019/04/25 04:03:00, 23.75, 23.76, 23.54, 20.87, 18.92, 0, 0, 4.49
2019/04/25 04:04:00, 23.75, 23.76, 23.53, 20.87, 18.92, 0, 0, 4.49
2019/04/25 04:05:00, 23.75, 23.76, 23.54, 20.86, 18.92, 0, 0, 4.49
2019/04/25 04:06:00, 23.75, 23.74, 23.57, 20.88, 18.90, 0, 0, 4.49
2019/04/25 04:07:00, 23.75, 23.73, 23.56, 20.88, 18.92, 0, 0, 4.49
2019/04/25 04:08:00, 23.75, 23.74, 23.57, 20.92, 18.93, 0, 0, 4.49
2019/04/25 04:09:00, 23.75, 23.76, 23.57, 20.79, 18.93, 0, 0, 4.49
2019/04/25 04:10:00, 23.75, 23.73, 23.57, 20.82, 18.93, 0, 0, 4.49
2019/04/25 04:11:00, 23.75, 23.74, 23.54, 20.86, 18.94, 0, 0, 4.49
2019/04/25 04:12:00, 23.75, 23.76, 23.57, 20.90, 18.92, 0, 0, 4.49
2019/04/25 04:13:00, 23.75, 23.73, 23.54, 20.90, 18.94, 0, 0, 4.49
2019/04/25 04:14:00, 23.75, 23.71, 23.56, 20.95, 18.96, 0, 0, 4.49
2019/04/25 04:15:00, 23.75, 23.73, 23.53, 20.87, 18.96, 0, 0, 4.49
2019/04/25 04:16:00, 23.75, 23.73, 23.54, 20.90, 18.96, 0, 0, 4.49
2019/04/25 04:17:00, 23.75, 23.70, 23.56, 20.92, 18.95, 0, 0, 4.49
2019/04/25 04:18:00, 23.75, 23.73, 23.56, 20.90, 18.97, 0, 0, 4.49
2019/04/25 04:19:00, 23.75, 23.71, 23.54, 20.95, 18.97, 0, 0, 4.49
2019/04/25 04:20:00, 23.75, 23.71, 23.52, 20.90, 18.97, 0, 0, 4.49
2019/04/25 04:21:00, 23.75, 23.73, 23.53, 20.93, 18.99, 0, 0, 4.49
2019/04/25 04:22:00, 23.75, 23.71, 23.54, 20.98, 19.00, 0, 0, 4.49
2019/04/25 04:23:00, 23.75, 23.71, 23.54, 20.92, 19.00, 0, 0, 4.49
2019/04/25 04:24:00, 23.75, 23.71, 23.53, 20.90, 18.99, 0, 0, 4.49
2019/04/25 04:25:00, 23.75, 23.73, 23.52, 20.92, 18.98, 0, 0, 4.49
2019/04/25 04:26:00, 23.75, 23.71, 23.52, 20.97, 18.99, 0, 0, 4.49
2019/04/25 04:27:00, 23.75, 23.68, 23.51, 20.95, 19.01, 0, 0, 4.49
2019/04/25 04:28:00, 23.75, 23.71, 23.53, 20.98, 19.03, 0, 0, 4.49
2019/04/25 04:29:00, 23.75, 23.71, 23.51, 20.95, 19.04, 0, 0, 4.49
2019/04/25 04:30:00, 23.75, 23.71, 23.52, 20.95, 19.01, 0, 0, 4.49
2019/04/25 04:31:00, 23.75, 23.73, 23.51, 20.93, 19.03, 0, 0, 4.49
2019/04/25 04:32:00, 23.75, 23.73, 23.53, 20.95, 19.03, 0, 0, 4.49
2019/04/25 04:33:00, 23.75, 23.70, 23.50, 21.00, 19.02, 0, 0, 4.49
2019/04/25 04:34:00, 23.75, 23.70, 23.53, 21.02, 19.07, 0, 0, 4.49
2019/04/25 04:35:00, 23.75, 23.73, 23.51, 20.98, 19.06, 0, 0, 4.49
2019/04/25 04:36:00, 23.75, 23.70, 23.53, 20.95, 19.04, 0, 0, 4.49
2019/04/25 04:37:00, 23.75, 23.71, 23.51, 21.02, 19.07, 0, 0, 4.49
2019/04/25 04:38:00, 23.75, 23.68, 23.51, 21.02, 19.07, 0, 0, 4.49
2019/04/25 04:39:00, 23.75, 23.68, 23.51, 21.01, 19.08, 0, 0, 4.49
2019/04/25 04:40:00, 23.75, 23.68, 23.50, 21.02, 19.09, 0, 0, 4.49
2019/04/25 04:41:00, 23.75, 23.70, 23.51, 21.06, 19.10, 0, 0, 4.49
2019/04/25 04:42:00, 23.75, 23.68, 23.49, 21.06, 19.11, 0, 0, 4.49
2019/04/25 04:43:00, 23.75, 23.68, 23.50, 21.03, 19.11, 0, 0, 4.49
2019/04/25 04:44:00, 23.75, 23.70, 23.50, 21.08, 19.13, 0, 0, 4.49
2019/04/25 04:45:00, 23.75, 23.68, 23.50, 21.08, 19.13, 0, 0, 4.49
2019/04/25 04:46:00, 23.75, 23.68, 23.49, 21.08, 19.15, 0, 0, 4.49
2019/04/25 04:47:00, 23.75, 23.67, 23.49, 21.15, 19.16, 0, 0, 4.49
2019/04/25 04:48:00, 23.75, 23.68, 23.49, 21.17, 19.16, 0, 0, 4.49
2019/04/25 04:49:00, 23.75, 23.65, 23.48, 21.14, 19.17, 0, 0, 4.49
2019/04/25 04:50:00, 23.75, 23.67, 23.49, 21.14, 19.19, 0, 0, 4.49
2019/04/25 04:51:00, 23.75, 23.68, 23.48, 21.15, 19.19, 0, 0, 4.49
2019/04/25 04:52:00, 23.75, 23.67, 23.48, 21.13, 19.18, 0, 0, 4.49
2019/04/25 04:53:00, 23.75, 23.68, 23.50, 21.14, 19.22, 0, 0, 4.49
2019/04/25 04:54:00, 23.75, 23.67, 23.49, 21.16, 19.23, 0, 0, 4.49
2019/04/25 04:55:00, 23.75, 23.65, 23.48, 21.17, 19.22, 0, 0, 4.49
2019/04/25 04:56:00, 23.75, 23.67, 23.48, 21.21, 19.23, 0, 0, 4.49
2019/04/25 04:57:00, 23.75, 23.65, 23.47, 21.19, 19.23, 0, 0, 4.49
2019/04/25 04:58:00, 23.75, 23.67, 23.48, 21.24, 19.26, 0, 0, 4.49
2019/04/25 04:59:00, 23.75, 23.63, 23.49, 21.24, 19.26, 0, 0, 4.49
2019/04/25 05:00:00, 23.75, 23.65, 23.48, 21.19, 19.28, 0, 0, 4.49
2019/04/25 05:01:00, 23.75, 23.68, 23.47, 21.24, 19.29, 0, 0, 4.49
2019/04/25 05:02:00, 23.75, 23.65, 23.48, 21.21, 19.29, 0, 0, 4.49
2019/04/25 05:03:00, 23.75, 23.65, 23.47, 21.29, 19.29, 0, 0, 4.49
2019/04/25 05:04:00, 23.75, 23.65, 23.49, 21.30, 19.32, 0, 0, 4.49
2019/04/25 05:05:00, 23.75, 23.65, 23.49, 21.22, 19.31, 0, 0, 4.49
2019/04/25 05:06:00, 23.75, 23.67, 23.49, 21.24, 19.30, 0, 0, 4.49
2019/04/25 05:07:00, 23.75, 23.65, 23.47, 21.24, 19.31, 0, 0, 4.49
2019/04/25 05:08:00, 23.75, 23.67, 23.46, 21.27, 19.34, 0, 0, 4.49
2019/04/25 05:09:00, 23.75, 23.65, 23.48, 21.29, 19.34, 0, 0, 4.49
2019/04/25 05:10:00, 23.75, 23.65, 23.47, 21.33, 19.33, 0, 0, 4.49
2019/04/25 05:11:00, 23.75, 23.67, 23.47, 21.29, 19.35, 0, 0, 4.49
2019/04/25 05:12:00, 23.75, 23.65, 23.47, 21.29, 19.32, 0, 0, 4.49
2019/04/25 05:13:00, 23.75, 23.64, 23.47, 21.27, 19.34, 0, 0, 4.49
2019/04/25 05:14:00, 23.75, 23.64, 23.47, 21.32, 19.37, 0, 0, 4.49
2019/04/25 05:15:00, 23.75, 23.65, 23.47, 21.30, 19.35, 0, 0, 4.49
2019/04/25 05:16:00, 23.75, 23.64, 23.47, 21.35, 19.36, 0, 0, 4.49
2019/04/25 05:17:00, 23.75, 23.63, 23.45, 21.33, 19.39, 0, 0, 4.49
2019/04/25 05:18:00, 23.75, 23.65, 23.47, 21.32, 19.39, 0, 0, 4.49
2019/04/25 05:19:00, 23.75, 23.67, 23.46, 21.35, 19.39, 0, 0, 4.49
2019/04/25 05:20:00, 23.75, 23.65, 23.47, 21.32, 19.41, 0, 0, 4.49
2019/04/25 05:21:00, 23.75, 23.64, 23.45, 21.33, 19.39, 0, 0, 4.49
2019/04/25 05:22:00, 23.75, 23.65, 23.46, 21.33, 19.39, 0, 0, 4.49
2019/04/25 05:23:00, 23.75, 23.65, 23.45, 21.41, 19.41, 0, 0, 4.49
2019/04/25 05:24:00, 23.75, 23.65, 23.44, 21.40, 19.42, 0, 0, 4.49
2019/04/25 05:25:00, 23.75, 23.63, 23.45, 21.38, 19.41, 0, 0, 4.49
2019/04/25 05:26:00, 23.75, 23.63, 23.45, 21.38, 19.41, 0, 0, 4.49
2019/04/25 05:27:00, 23.75, 23.64, 23.46, 21.37, 19.42, 0, 0, 4.49
2019/04/25 05:28:00, 23.75, 23.65, 23.46, 21.37, 19.45, 0, 0, 4.49
2019/04/25 05:29:00, 23.75, 23.65, 23.47, 21.43, 19.44, 0, 0, 4.49
2019/04/25 05:30:00, 23.75, 23.64, 23.46, 21.43, 19.45, 0, 0, 4.49
2019/04/25 05:31:00, 23.75, 23.65, 23.47, 21.38, 19.46, 0, 0, 4.49
2019/04/25 05:32:00, 23.75, 23.65, 23.47, 21.40, 19.45, 0, 0, 4.49
2019/04/25 05:33:00, 23.75, 23.67, 23.48, 21.38, 19.45, 0, 0, 4.49
2019/04/25 05:34:00, 23.75, 23.64, 23.49, 21.42, 19.43, 0, 0, 4.49
2019/04/25 05:35:00, 23.75, 23.67, 23.48, 21.42, 19.45, 0, 0, 4.49
2019/04/25 05:36:00, 23.75, 23.67, 23.48, 21.39, 19.45, 0, 0, 4.49
2019/04/25 05:37:00, 23.75, 23.65, 23.47, 21.37, 19.44, 0, 0, 4.49
2019/04/25 05:38:00, 23.75, 23.67, 23.48, 21.43, 19.45, 0, 0, 4.49
2019/04/25 05:39:00, 23.75, 23.63, 23.50, 21.39, 19.45, 0, 0, 4.49
2019/04/25 05:40:00, 23.75, 23.67, 23.49, 21.40, 19.45, 0, 0, 4.49
2019/04/25 05:41:00, 23.75, 23.65, 23.47, 21.43, 19.45, 0, 0, 4.49
2019/04/25 05:42:00, 23.75, 23.67, 23.49, 21.43, 19.44, 0, 0, 4.49
2019/04/25 05:43:00, 23.75, 23.68, 23.50, 21.43, 19.46, 0, 0, 4.49
2019/04/25 05:44:00, 23.75, 23.68, 23.50, 21.45, 19.47, 0, 0, 4.49
2019/04/25 05:45:00, 23.75, 23.70, 23.50, 21.39, 19.47, 0, 0, 4.49
2019/04/25 05:46:00, 23.75, 23.70, 23.51, 21.44, 19.45, 0, 0, 4.49
2019/04/25 05:47:00, 23.75, 23.70, 23.49, 21.35, 19.45, 0, 0, 4.49
2019/04/25 05:48:00, 23.75, 23.70, 23.50, 21.44, 19.44, 0, 0, 4.49
2019/04/25 05:49:00, 23.75, 23.67, 23.48, 21.43, 19.43, 0, 0, 4.49
2019/04/25 05:50:00, 23.75, 23.68, 23.50, 21.44, 19.47, 0, 0, 4.49
2019/04/25 05:51:00, 23.75, 23.68, 23.50, 21.43, 19.48, 0, 0, 4.49
2019/04/25 05:52:00, 23.75, 23.70, 23.50, 21.42, 19.46, 0, 0, 4.49
2019/04/25 05:53:00, 23.75, 23.68, 23.49, 21.42, 19.47, 0, 0, 4.49
2019/04/25 05:54:00, 23.75, 23.68, 23.50, 21.45, 19.48, 0, 0, 4.49
2019/04/25 05:55:00, 23.75, 23.68, 23.50, 21.40, 19.49, 0, 0, 4.49
2019/04/25 05:56:00, 23.75, 23.68, 23.50, 21.40, 19.48, 0, 0, 4.49
2019/04/25 05:57:00, 23.75, 23.67, 23.51, 21.46, 19.49, 0, 0, 4.49
2019/04/25 05:58:00, 23.75, 23.68, 23.50, 21.47, 19.48, 0, 0, 4.49
2019/04/25 05:59:00, 23.75, 23.68, 23.49, 21.40, 19.47, 0, 0, 4.49
2019/04/25 06:00:00, 23.75, 23.68, 23.48, 21.50, 19.47, 0, 0, 4.49
2019/04/25 06:01:00, 23.75, 23.68, 23.50, 21.45, 19.51, 0, 0, 4.49
2019/04/25 06:02:00, 23.75, 23.68, 23.50, 21.45, 19.51, 0, 0, 4.49
2019/04/25 06:03:00, 23.75, 23.68, 23.49, 21.48, 19.51, 0, 0, 4.49
2019/04/25 06:04:00, 23.75, 23.65, 23.49, 21.51, 19.52, 0, 0, 4.49
2019/04/25 06:05:00, 23.75, 23.68, 23.49, 21.48, 19.51, 0, 0, 4.49
2019/04/25 06:06:00, 23.75, 23.67, 23.50, 21.43, 19.50, 0, 0, 4.49
2019/04/25 06:07:00, 23.75, 23.67, 23.50, 21.42, 19.52, 0, 0, 4.49
2019/04/25 06:08:00, 23.75, 23.67, 23.49, 21.50, 19.52, 0, 0, 4.49
2019/04/25 06:09:00, 23.75, 23.70, 23.50, 21.46, 19.50, 0, 0, 4.49
2019/04/25 06:10:00, 23.75, 23.67, 23.51, 21.40, 19.49, 0, 0, 4.49
2019/04/25 06:11:00, 23.75, 23.70, 23.49, 21.50, 19.51, 0, 0, 4.49
2019/04/25 06:12:00, 23.75, 23.70, 23.50, 21.45, 19.50, 0, 0, 4.49
2019/04/25 06:13:00, 23.75, 23.68, 23.48, 21.48, 19.52, 0, 0, 4.49
2019/04/25 06:14:00, 23.75, 23.68, 23.51, 21.51, 19.54, 0, 0, 4.49
2019/04/25 06:15:00, 23.75, 23.70, 23.50, 21.47, 19.52, 0, 0, 4.49
2019/04/25 06:16:00, 23.75, 23.67, 23.50, 21.42, 19.51, 0, 0, 4.49
2019/04/25 06:17:00, 23.75, 23.70, 23.50, 21.51, 19.51, 0, 0, 4.49
2019/04/25 06:18:00, 23.75, 23.68, 23.50, 21.44, 19.51, 0, 0, 4.49
2019/04/25 06:19:00, 23.75, 23.70, 23.51, 21.43, 19.52, 0, 0, 4.49
2019/04/25 06:20:00, 23.75, 23.70, 23.50, 21.48, 19.54, 0, 0, 4.49
2019/04/25 06:21:00, 23.75, 23.68, 23.47, 21.50, 19.51, 0, 0, 4.49
2019/04/25 06:22:00, 23.75, 23.68, 23.51, 21.51, 19.54, 0, 0, 4.49
2019/04/25 06:23:00, 23.75, 23.70, 23.51, 21.50, 19.52, 0, 0, 4.49
2019/04/25 06:24:00, 23.75, 23.71, 23.52, 21.46, 19.52, 0, 0, 4.49
2019/04/25 06:25:00, 23.75, 23.71, 23.51, 21.45, 19.52, 0, 0, 4.49
2019/04/25 06:26:00, 23.75, 23.71, 23.50, 21.45, 19.52, 0, 0, 4.49
2019/04/25 06:27:00, 23.75, 23.68, 23.52, 21.45, 19.52, 0, 0, 4.49
2019/04/25 06:28:00, 23.75, 23.70, 23.50, 21.47, 19.52, 0, 0, 4.49
2019/04/25 06:29:00, 23.75, 23.70, 23.51, 21.47, 19.51, 0, 0, 4.49
2019/04/25 06:30:00, 23.75, 23.71, 23.50, 21.45, 19.52, 0, 0, 4.49
2019/04/25 06:31:00, 23.75, 23.68, 23.53, 21.44, 19.52, 0, 0, 4.49
2019/04/25 06:32:00, 23.75, 23.68, 23.51, 21.51, 19.52, 0, 0, 4.49
2019/04/25 06:33:00, 23.75, 23.70, 23.52, 21.52, 19.54, 0, 0, 4.49
2019/04/25 06:34:00, 23.75, 23.71, 23.52, 21.45, 19.52, 0, 0, 4.49
2019/04/25 06:35:00, 23.75, 23.73, 23.51, 21.44, 19.50, 0, 0, 4.49
2019/04/25 06:36:00, 23.75, 23.70, 23.49, 21.42, 19.51, 0, 0, 4.49
2019/04/25 06:37:00, 23.75, 23.73, 23.51, 21.48, 19.52, 0, 0, 4.49
2019/04/25 06:38:00, 23.75, 23.70, 23.50, 21.48, 19.54, 0, 0, 4.49
2019/04/25 06:39:00, 23.75, 23.71, 23.52, 21.51, 19.54, 0, 0, 4.49
2019/04/25 06:40:00, 23.75, 23.71, 23.51, 21.48, 19.52, 0, 0, 4.49
2019/04/25 06:41:00, 23.75, 23.68, 23.50, 21.47, 19.52, 0, 0, 4.49
2019/04/25 06:42:00, 23.75, 23.70, 23.51, 21.47, 19.52, 0, 0, 4.49
2019/04/25 06:43:00, 23.75, 23.70, 23.50, 21.48, 19.51, 0, 0, 4.49
2019/04/25 06:44:00, 23.75, 23.71, 23.50, 21.44, 19.51, 0, 0, 4.49
2019/04/25 06:45:00, 23.75, 23.73, 23.51, 21.50, 19.52, 0, 0, 4.49
2019/04/25 06:46:00, 23.75, 23.71, 23.51, 21.47, 19.52, 0, 0, 4.49
2019/04/25 06:47:00, 23.75, 23.70, 23.52, 21.45, 19.52, 0, 0, 4.49
2019/04/25 06:48:00, 23.75, 23.71, 23.50, 21.45, 19.50, 0, 0, 4.49
2019/04/25 06:49:00, 23.75, 23.68, 23.50, 21.48, 19.49, 0, 0, 4.49
2019/04/25 06:50:00, 23.75, 23.70, 23.50, 21.45, 19.52, 0, 0, 4.49
2019/04/25 06:51:00, 23.75, 23.71, 23.53, 21.48, 19.51, 0, 0, 4.49
2019/04/25 06:52:00, 23.75, 23.67, 23.52, 21.44, 19.52, 0, 0, 4.49
2019/04/25 06:53:00, 23.75, 23.71, 23.52, 21.47, 19.52, 0, 0, 4.49
2019/04/25 06:54:00, 23.75, 23.68, 23.50, 21.44, 19.51, 0, 0, 4.49
2019/04/25 06:55:00, 23.75, 23.71, 23.50, 21.42, 19.52, 0, 0, 4.49
2019/04/25 06:56:00, 23.75, 23.73, 23.50, 21.47, 19.52, 0, 0, 4.49
2019/04/25 06:57:00, 23.75, 23.70, 23.51, 21.47, 19.52, 0, 0, 4.49
2019/04/25 06:58:00, 23.75, 23.68, 23.51, 21.50, 19.52, 0, 0, 4.49
2019/04/25 06:59:00, 23.75, 23.68, 23.52, 21.47, 19.52, 0, 0, 4.49
2019/04/25 07:00:00, 23.75, 23.70, 23.52, 21.50, 19.52, 0, 0, 4.49
2019/04/25 07:01:00, 23.75, 23.70, 23.52, 21.50, 19.54, 0, 0, 4.49
2019/04/25 07:02:00, 23.75, 23.67, 23.51, 21.48, 19.52, 0, 0, 4.49
2019/04/25 07:03:00, 23.75, 23.71, 23.51, 21.47, 19.54, 0, 0, 4.49
2019/04/25 07:04:00, 23.75, 23.70, 23.51, 21.47, 19.55, 0, 0, 4.49
2019/04/25 07:05:00, 23.75, 23.71, 23.52, 21.47, 19.52, 0, 0, 4.49
2019/04/25 07:06:00, 23.75, 23.71, 23.52, 21.55, 19.55, 0, 0, 4.49
2019/04/25 07:07:00, 23.75, 23.70, 23.51, 21.55, 19.53, 0, 0, 4.49
2019/04/25 07:08:00, 23.75, 23.70, 23.52, 21.48, 19.55, 0, 0, 4.49
2019/04/25 07:09:00, 23.75, 23.71, 23.52, 21.48, 19.54, 0, 0, 4.49
2019/04/25 07:10:00, 23.75, 23.70, 23.53, 21.48, 19.54, 0, 0, 4.49
2019/04/25 07:11:00, 23.75, 23.71, 23.52, 21.44, 19.56, 0, 0, 4.49
2019/04/25 07:12:00, 23.75, 23.73, 23.53, 21.48, 19.54, 0, 0, 4.49
2019/04/25 07:13:00, 23.75, 23.73, 23.52, 21.51, 19.58, 0, 0, 4.49
2019/04/25 07:14:00, 23.75, 23.74, 23.53, 21.50, 19.56, 0, 0, 4.49
2019/04/25 07:15:00, 23.75, 23.70, 23.52, 21.53, 19.57, 0, 0, 4.49
2019/04/25 07:16:00, 23.75, 23.70, 23.52, 21.52, 19.55, 0, 0, 4.49
2019/04/25 07:17:00, 23.75, 23.71, 23.51, 21.52, 19.56, 0, 0, 4.49
2019/04/25 07:18:00, 23.75, 23.71, 23.51, 21.55, 19.58, 0, 0, 4.49
2019/04/25 07:19:00, 23.75, 23.70, 23.51, 21.58, 19.58, 0, 0, 4.48
2019/04/25 07:20:00, 23.75, 23.71, 23.53, 21.63, 19.58, 0, 0, 4.49
2019/04/25 07:21:00, 23.75, 23.70, 23.51, 21.57, 19.59, 0, 0, 4.49
2019/04/25 07:22:00, 23.75, 23.68, 23.51, 21.58, 19.60, 0, 0, 4.49
2019/04/25 07:23:00, 23.75, 23.70, 23.50, 21.58, 19.62, 0, 0, 4.49
2019/04/25 07:24:00, 23.75, 23.70, 23.53, 21.58, 19.61, 0, 0, 4.49
2019/04/25 07:25:00, 23.75, 23.67, 23.49, 21.58, 19.64, 0, 0, 4.49
2019/04/25 07:26:00, 23.75, 23.71, 23.50, 21.63, 19.63, 0, 0, 4.49
2019/04/25 07:27:00, 23.75, 23.70, 23.50, 21.60, 19.65, 0, 0, 4.49
2019/04/25 07:28:00, 23.75, 23.68, 23.50, 21.57, 19.64, 0, 0, 4.49
2019/04/25 07:29:00, 23.75, 23.73, 23.51, 21.61, 19.66, 0, 0, 4.49
2019/04/25 07:30:00, 23.75, 23.71, 23.51, 21.66, 19.67, 0, 0, 4.49
2019/04/25 07:31:00, 23.75, 23.71, 23.51, 21.62, 19.65, 0, 0, 4.49
2019/04/25 07:32:00, 23.75, 23.71, 23.51, 21.66, 19.68, 0, 0, 4.49
2019/04/25 07:33:00, 23.75, 23.68, 23.53, 21.69, 19.71, 0, 0, 4.49
2019/04/25 07:34:00, 23.75, 23.73, 23.50, 21.68, 19.71, 0, 0, 4.49
2019/04/25 07:35:00, 23.75, 23.70, 23.52, 21.61, 19.71, 0, 0, 4.49
2019/04/25 07:36:00, 23.75, 23.70, 23.52, 21.71, 19.71, 0, 0, 4.49
2019/04/25 07:37:00, 23.75, 23.67, 23.49, 21.75, 19.74, 0, 0, 4.49
2019/04/25 07:38:00, 23.75, 23.68, 23.50, 21.73, 19.74, 0, 0, 4.49
2019/04/25 07:39:00, 23.75, 23.67, 23.49, 21.76, 19.79, 0, 0, 4.49
2019/04/25 07:40:00, 23.75, 23.68, 23.49, 21.79, 19.81, 0, 0, 4.49
2019/04/25 07:41:00, 23.75, 23.68, 23.50, 21.81, 19.82, 0, 0, 4.49
2019/04/25 07:42:00, 23.75, 23.68, 23.50, 21.79, 19.83, 0, 0, 4.49
2019/04/25 07:43:00, 23.75, 23.71, 23.50, 21.81, 19.84, 0, 0, 4.48
2019/04/25 07:44:00, 23.75, 23.68, 23.51, 21.84, 19.85, 0, 0, 4.49
2019/04/25 07:45:00, 23.75, 23.68, 23.50, 21.87, 19.88, 0, 0, 4.49
2019/04/25 07:46:00, 23.75, 23.68, 23.51, 21.84, 19.90, 0, 0, 4.49
2019/04/25 07:47:00, 23.75, 23.68, 23.50, 21.91, 19.92, 0, 0, 4.48
2019/04/25 07:48:00, 23.75, 23.70, 23.50, 21.94, 19.95, 0, 0, 4.49
2019/04/25 07:49:00, 23.75, 23.70, 23.51, 21.92, 19.95, 0, 0, 4.49
2019/04/25 07:50:00, 23.75, 23.71, 23.53, 21.95, 19.99, 0, 0, 4.49
2019/04/25 07:51:00, 23.75, 23.73, 23.54, 21.97, 19.99, 0, 0, 4.49
2019/04/25 07:52:00, 23.75, 23.74, 23.54, 21.99, 19.97, 0, 0, 4.48
2019/04/25 07:53:00, 23.75, 23.74, 23.56, 21.97, 19.98, 0, 0, 4.49
2019/04/25 07:54:00, 23.75, 23.74, 23.56, 21.94, 20.00, 0, 0, 4.49
2019/04/25 07:55:00, 23.75, 23.77, 23.57, 21.86, 19.97, 0, 0, 4.49
2019/04/25 07:56:00, 23.75, 23.76, 23.57, 21.96, 19.97, 0, 0, 4.49
2019/04/25 07:57:00, 23.75, 23.79, 23.59, 21.84, 19.96, 0, 0, 4.48
2019/04/25 07:58:00, 23.75, 23.74, 23.57, 21.98, 20.00, 0, 0, 4.49
2019/04/25 07:59:00, 23.75, 23.74, 23.57, 22.02, 20.03, 0, 0, 4.48
2019/04/25 08:00:00, 23.75, 23.79, 23.57, 22.05, 20.09, 0, 0, 4.48
2019/04/25 08:01:00, 23.75, 23.74, 23.58, 22.01, 20.03, 0, 0, 4.48
2019/04/25 08:02:00, 23.75, 23.76, 23.59, 21.98, 20.02, 0, 0, 4.48
2019/04/25 08:03:00, 23.75, 23.77, 23.57, 22.19, 20.09, 0, 0, 4.49
2019/04/25 08:04:00, 23.75, 23.79, 23.60, 22.12, 20.18, 0, 0, 4.49
2019/04/25 08:05:00, 23.75, 23.79, 23.60, 22.09, 20.12, 0, 0, 4.49
2019/04/25 08:06:00, 23.75, 23.83, 23.62, 22.09, 20.12, 0, 0, 4.48
2019/04/25 08:07:00, 23.75, 23.83, 23.63, 22.01, 20.08, 0, 0, 4.49
2019/04/25 08:08:00, 23.75, 23.84, 23.65, 22.05, 20.08, 0, 0, 4.49
2019/04/25 08:09:00, 23.75, 23.83, 23.66, 22.05, 20.05, 0, 0, 4.49
2019/04/25 08:10:00, 23.75, 23.85, 23.66, 21.95, 20.04, 0, 0, 4.49
2019/04/25 08:11:00, 23.75, 23.87, 23.67, 21.92, 20.00, 0, 0, 4.49
2019/04/25 08:12:00, 23.75, 23.87, 23.68, 22.00, 20.01, 0, 0, 4.48
2019/04/25 08:13:00, 23.75, 23.88, 23.69, 21.90, 20.00, 0, 0, 4.48
2019/04/25 08:14:00, 23.75, 23.90, 23.73, 21.94, 19.94, 0, 0, 4.48
2019/04/25 08:15:00, 23.75, 23.92, 23.71, 21.86, 19.96, 0, 0, 4.48
2019/04/25 08:16:00, 23.75, 23.92, 23.73, 21.92, 19.93, 0, 0, 4.48
2019/04/25 08:17:00, 23.75, 23.91, 23.73, 21.90, 19.89, 0, 0, 4.48
2019/04/25 08:18:00, 23.75, 23.91, 23.73, 21.87, 19.92, 0, 0, 4.48
2019/04/25 08:19:00, 23.75, 23.91, 23.75, 21.89, 19.91, 0, 0, 4.48
2019/04/25 08:20:00, 23.75, 23.94, 23.74, 21.86, 19.90, 0, 0, 4.49
2019/04/25 08:21:00, 24.00, 23.94, 23.74, 21.81, 19.89, 0, 0, 4.48
2019/04/25 08:22:00, 24.00, 23.95, 23.75, 21.86, 19.89, 0, 0, 4.48
2019/04/25 08:23:00, 24.00, 23.98, 23.77, 21.81, 19.88, 0, 0, 4.48
2019/04/25 08:24:00, 24.00, 23.98, 23.78, 21.79, 19.87, 0, 0, 4.48
2019/04/25 08:25:00, 24.00, 24.01, 23.78, 21.81, 19.87, 0, 0, 4.48
2019/04/25 08:26:00, 24.00, 24.01, 23.79, 21.80, 19.87, 0, 0, 4.48
2019/04/25 08:27:00, 24.00, 24.02, 23.80, 21.78, 19.84, 0, 0, 4.48
2019/04/25 08:28:00, 24.00, 24.01, 23.80, 21.81, 19.84, 0, 0, 4.48
2019/04/25 08:29:00, 24.00, 24.02, 23.82, 21.80, 19.84, 0, 0, 4.48
2019/04/25 08:30:00, 24.00, 24.05, 23.86, 21.80, 19.83, 0, 0, 4.48
2019/04/25 08:31:00, 24.00, 24.02, 23.86, 21.69, 19.81, 0, 0, 4.48
2019/04/25 08:32:00, 24.00, 24.05, 23.87, 21.77, 19.80, 0, 0, 4.48
2019/04/25 08:33:00, 24.00, 24.05, 23.87, 21.75, 19.81, 0, 0, 4.48
2019/04/25 08:34:00, 24.00, 24.07, 23.87, 21.75, 19.81, 0, 0, 4.48
2019/04/25 08:35:00, 24.00, 24.05, 23.88, 21.66, 19.78, 0, 0, 4.49
2019/04/25 08:36:00, 24.00, 24.08, 23.89, 21.72, 19.76, 0, 0, 4.48
2019/04/25 08:37:00, 24.00, 24.07, 23.88, 21.72, 19.76, 0, 0, 4.48
2019/04/25 08:38:00, 24.00, 24.08, 23.88, 21.72, 19.81, 0, 0, 4.48
2019/04/25 08:39:00, 24.00, 24.08, 23.89, 21.70, 19.76, 0, 0, 4.48
2019/04/25 08:40:00, 24.00, 24.08, 23.91, 21.74, 19.80, 0, 0, 4.48
2019/04/25 08:41:00, 24.00, 24.12, 23.88, 21.71, 19.79, 0, 0, 4.48
2019/04/25 08:42:00, 24.00, 24.09, 23.91, 21.69, 19.72, 0, 0, 4.48
2019/04/25 08:43:00, 24.00, 24.11, 23.92, 21.76, 19.76, 0, 0, 4.48
2019/04/25 08:44:00, 24.00, 24.11, 23.92, 21.69, 19.77, 0, 0, 4.48
2019/04/25 08:45:00, 24.00, 24.11, 23.93, 21.69, 19.76, 0, 0, 4.48
2019/04/25 08:46:00, 24.00, 24.09, 23.94, 21.62, 19.74, 0, 0, 4.48
2019/04/25 08:47:00, 24.00, 24.12, 23.92, 21.71, 19.76, 0, 0, 4.48
2019/04/25 08:48:00, 24.00, 24.11, 23.92, 21.74, 19.77, 0, 0, 4.48
2019/04/25 08:49:00, 24.00, 24.12, 23.95, 21.71, 19.76, 0, 0, 4.48
2019/04/25 08:50:00, 24.00, 24.11, 23.93, 21.74, 19.77, 0, 0, 4.48
2019/04/25 08:51:00, 24.00, 24.12, 23.92, 21.69, 19.81, 0, 0, 4.48
2019/04/25 08:52:00, 24.00, 24.16, 23.96, 21.73, 19.80, 0, 0, 4.48
2019/04/25 08:53:00, 24.00, 24.15, 23.95, 21.66, 19.74, 0, 0, 4.48
2019/04/25 08:54:00, 24.00, 24.15, 23.95, 21.71, 19.75, 0, 0, 4.48
2019/04/25 08:55:00, 24.00, 24.16, 23.95, 21.73, 19.77, 0, 0, 4.48
2019/04/25 08:56:00, 24.00, 24.15, 23.98, 21.68, 19.77, 0, 0, 4.48
2019/04/25 08:57:00, 24.00, 24.15, 23.95, 21.64, 19.74, 0, 0, 4.48
2019/04/25 08:58:00, 24.00, 24.15, 23.97, 21.69, 19.76, 0, 0, 4.48
2019/04/25 08:59:00, 24.00, 24.14, 23.97, 21.61, 19.71, 0, 0, 4.48
2019/04/25 09:00:00, 24.00, 24.15, 23.96, 21.66, 19.73, 0, 0, 4.48
2019/04/25 09:01:00, 24.00, 24.15, 23.97, 21.79, 19.82, 0, 0, 4.48
2019/04/25 09:02:00, 24.00, 24.14, 23.95, 21.71, 19.80, 0, 0, 4.48
2019/04/25 09:03:00, 24.00, 24.15, 23.95, 21.71, 19.80, 0, 0, 4.48
2019/04/25 09:04:00, 24.00, 24.15, 23.96, 21.65, 19.78, 0, 0, 4.48
2019/04/25 09:05:00, 24.00, 24.15, 23.97, 21.71, 19.74, 0, 0, 4.48
2019/04/25 09:06:00, 24.00, 24.19, 24.00, 22.02, 19.94, 0, 0, 4.48
2019/04/25 09:07:00, 24.00, 24.23, 24.04, 22.40, 20.27, 0, 0, 4.48
2019/04/25 09:08:00, 24.00, 24.29, 24.07, 22.43, 20.51, 0, 0, 4.48
2019/04/25 09:09:00, 24.00, 24.31, 24.08, 22.29, 20.33, 0, 0, 4.48
2019/04/25 09:10:00, 24.00, 24.32, 24.13, 22.49, 20.41, 0, 0, 4.48
2019/04/25 09:11:00, 24.00, 24.36, 24.15, 22.45, 20.48, 0, 0, 4.48
2019/04/25 09:12:00, 24.25, 24.38, 24.18, 22.42, 20.46, 0, 0, 4.48
2019/04/25 09:13:00, 24.25, 24.36, 24.19, 22.49, 20.58, 0, 0, 4.48
2019/04/25 09:14:00, 24.25, 24.36, 24.19, 22.38, 20.36, 0, 0, 4.48
2019/04/25 09:15:00, 24.25, 24.43, 24.23, 22.85, 20.64, 0, 0, 4.48
2019/04/25 09:16:00, 24.25, 24.47, 24.26, 22.56, 20.82, 0, 0, 4.48
2019/04/25 09:17:00, 24.25, 24.46, 24.27, 22.27, 20.36, 0, 0, 4.48
2019/04/25 09:18:00, 24.25, 24.50, 24.31, 22.40, 20.39, 0, 0, 4.48
2019/04/25 09:19:00, 24.25, 24.52, 24.33, 22.48, 20.51, 0, 0, 4.48
2019/04/25 09:20:00, 24.25, 24.53, 24.36, 22.55, 20.61, 0, 0, 4.48
2019/04/25 09:21:00, 24.25, 24.56, 24.39, 22.69, 20.69, 0, 0, 4.48
2019/04/25 09:22:00, 24.25, 24.59, 24.39, 22.65, 20.61, 0, 0, 4.48
2019/04/25 09:23:00, 24.25, 24.61, 24.40, 22.55, 20.56, 0, 0, 4.48
2019/04/25 09:24:00, 24.25, 24.61, 24.43, 22.40, 20.55, 0, 0, 4.48
2019/04/25 09:25:00, 24.25, 24.63, 24.46, 22.51, 20.55, 0, 0, 4.48
2019/04/25 09:26:00, 24.25, 24.66, 24.47, 22.29, 20.45, 0, 0, 4.48
2019/04/25 09:27:00, 24.25, 24.69, 24.50, 22.51, 20.58, 0, 0, 4.48
2019/04/25 09:28:00, 24.50, 24.73, 24.52, 22.54, 20.54, 0, 0, 4.48
2019/04/25 09:29:00, 24.50, 24.70, 24.51, 22.10, 20.29, 0, 0, 4.48
2019/04/25 09:30:00, 24.50, 24.70, 24.51, 22.13, 20.19, 0, 0, 4.48
2019/04/25 09:31:00, 24.50, 24.73, 24.53, 22.22, 20.29, 0, 0, 4.48
2019/04/25 09:32:00, 24.50, 24.75, 24.57, 22.25, 20.30, 0, 0, 4.48
2019/04/25 09:33:00, 24.50, 24.75, 24.58, 22.30, 20.31, 0, 0, 4.48
2019/04/25 09:34:00, 24.50, 24.75, 24.57, 22.07, 20.22, 0, 0, 4.48
2019/04/25 09:35:00, 24.50, 24.77, 24.60, 22.11, 20.15, 0, 0, 4.48
2019/04/25 09:36:00, 24.50, 24.80, 24.62, 22.01, 20.16, 0, 0, 4.48
2019/04/25 09:37:00, 24.50, 24.81, 24.62, 22.00, 20.03, 0, 0, 4.48
2019/04/25 09:38:00, 24.50, 24.80, 24.63, 22.12, 20.21, 0, 0, 4.48
2019/04/25 09:39:00, 24.50, 24.81, 24.64, 22.07, 20.17, 0, 0, 4.48
2019/04/25 09:40:00, 24.50, 24.81, 24.65, 22.10, 20.19, 0, 0, 4.48
2019/04/25 09:41:00, 24.50, 24.80, 24.64, 21.77, 20.00, 0, 0, 4.48
2019/04/25 09:42:00, 24.50, 24.85, 24.63, 21.88, 19.95, 0, 0, 4.48
2019/04/25 09:43:00, 24.50, 24.82, 24.67, 22.29, 20.22, 0, 0, 4.48
2019/04/25 09:44:00, 24.50, 24.82, 24.65, 22.01, 20.11, 0, 0, 4.48
2019/04/25 09:45:00, 24.50, 24.81, 24.64, 22.36, 19.97, 0, 0, 4.48
2019/04/25 09:46:00, 24.50, 24.84, 24.66, 22.42, 20.61, 0, 0, 4.48
2019/04/25 09:47:00, 24.50, 24.85, 24.65, 22.01, 20.22, 0, 0, 4.48
2019/04/25 09:48:00, 24.50, 24.84, 24.64, 22.03, 20.13, 0, 0, 4.48
2019/04/25 09:49:00, 24.50, 24.84, 24.67, 22.21, 20.19, 0, 0, 4.48
2019/04/25 09:50:00, 24.50, 24.84, 24.67, 22.32, 20.26, 0, 0, 4.48
2019/04/25 09:51:00, 24.50, 24.84, 24.66, 22.31, 20.41, 0, 0, 4.48
2019/04/25 09:52:00, 24.50, 24.85, 24.67, 22.26, 20.35, 0, 0, 4.48
2019/04/25 09:53:00, 24.50, 24.84, 24.68, 22.37, 20.41, 0, 0, 4.48
2019/04/25 09:54:00, 24.50, 24.82, 24.66, 22.44, 20.45, 0, 0, 4.48
2019/04/25 09:55:00, 24.50, 24.85, 24.67, 22.28, 20.36, 0, 0, 4.48
2019/04/25 09:56:00, 24.50, 24.85, 24.68, 22.24, 20.36, 0, 0, 4.48
2019/04/25 09:57:00, 24.50, 24.85, 24.67, 22.23, 20.32, 0, 0, 4.48
2019/04/25 09:58:00, 24.75, 24.87, 24.68, 22.42, 20.39, 0, 0, 4.48
2019/04/25 09:59:00, 24.75, 24.93, 24.72, 22.33, 20.48, 0, 0, 4.48
2019/04/25 10:00:00, 24.75, 24.95, 24.74, 22.10, 20.22, 0, 0, 4.48
2019/04/25 10:01:00, 24.75, 24.95, 24.75, 21.91, 20.03, 0, 0, 4.48
2019/04/25 10:02:00, 24.75, 24.97, 24.79, 21.83, 20.00, 0, 0, 4.48
2019/04/25 10:03:00, 24.75, 24.93, 24.78, 21.74, 19.88, 0, 0, 4.48
2019/04/25 10:04:00, 24.75, 24.93, 24.76, 21.89, 19.90, 0, 0, 4.48
2019/04/25 10:05:00, 24.75, 24.91, 24.74, 21.87, 19.92, 0, 0, 4.48
2019/04/25 10:06:00, 24.75, 24.87, 24.71, 21.73, 19.86, 0, 0, 4.48
2019/04/25 10:07:00, 24.75, 24.85, 24.70, 21.89, 19.90, 0, 0, 4.48
2019/04/25 10:08:00, 24.75, 24.85, 24.69, 21.89, 19.95, 0, 0, 4.48
2019/04/25 10:09:00, 24.75, 24.87, 24.70, 21.95, 19.97, 0, 0, 4.48
2019/04/25 10:10:00, 24.75, 24.87, 24.70, 21.84, 19.93, 0, 0, 4.48
2019/04/25 10:11:00, 24.75, 24.84, 24.68, 21.93, 19.93, 0, 0, 4.48
2019/04/25 10:12:00, 24.75, 24.84, 24.66, 21.90, 19.97, 0, 0, 4.48
2019/04/25 10:13:00, 24.75, 24.85, 24.68, 21.96, 20.01, 0, 0, 4.48
2019/04/25 10:14:00, 24.75, 24.85, 24.68, 21.96, 20.00, 0, 0, 4.48
2019/04/25 10:15:00, 24.75, 24.84, 24.68, 21.95, 20.02, 0, 0, 4.48
2019/04/25 10:16:00, 24.75, 24.87, 24.69, 21.94, 19.98, 0, 0, 4.48
2019/04/25 10:17:00, 24.75, 24.87, 24.68, 21.92, 20.00, 0, 0, 4.48
2019/04/25 10:18:00, 24.75, 24.84, 24.68, 21.97, 20.00, 0, 0, 4.48
2019/04/25 10:19:00, 24.75, 24.84, 24.68, 21.92, 20.00, 0, 0, 4.48
2019/04/25 10:20:00, 24.75, 24.85, 24.68, 21.94, 20.03, 0, 0, 4.48
2019/04/25 10:21:00, 24.75, 24.87, 24.66, 21.98, 20.03, 0, 0, 4.48
2019/04/25 10:22:00, 24.75, 24.87, 24.69, 21.99, 20.06, 0, 0, 4.48
2019/04/25 10:23:00, 24.75, 24.88, 24.68, 22.03, 20.08, 0, 0, 4.48
2019/04/25 10:24:00, 24.75, 24.87, 24.69, 21.98, 20.06, 0, 0, 4.48
2019/04/25 10:25:00, 24.75, 24.88, 24.71, 22.00, 20.08, 0, 0, 4.48
2019/04/25 10:26:00, 24.75, 24.88, 24.72, 22.02, 20.06, 0, 0, 4.48
2019/04/25 10:27:00, 24.75, 24.88, 24.70, 22.05, 20.10, 0, 0, 4.48
2019/04/25 10:28:00, 24.75, 24.91, 24.70, 22.02, 20.13, 0, 0, 4.48
2019/04/25 10:29:00, 24.75, 24.88, 24.70, 21.99, 20.10, 0, 0, 4.48
2019/04/25 10:30:00, 24.75, 24.89, 24.70, 22.07, 20.11, 0, 0, 4.48
2019/04/25 10:31:00, 24.75, 24.88, 24.74, 22.13, 20.16, 0, 0, 4.48
2019/04/25 10:32:00, 24.75, 24.93, 24.75, 22.12, 20.19, 0, 0, 4.48
2019/04/25 10:33:00, 24.75, 24.91, 24.75, 22.07, 20.17, 0, 0, 4.48
2019/04/25 10:34:00, 24.75, 24.91, 24.75, 22.12, 20.16, 0, 0, 4.48
2019/04/25 10:35:00, 24.75, 24.94, 24.76, 22.10, 20.15, 0, 0, 4.48
2019/04/25 10:36:00, 24.75, 24.94, 24.77, 22.09, 20.14, 0, 0, 4.48
2019/04/25 10:37:00, 24.75, 24.95, 24.77, 22.02, 20.15, 0, 0, 4.48
2019/04/25 10:38:00, 24.75, 24.93, 24.78, 22.06, 20.12, 0, 0, 4.48
2019/04/25 10:39:00, 24.75, 24.93, 24.76, 22.07, 20.11, 0, 0, 4.48
2019/04/25 10:40:00, 24.75, 24.93, 24.76, 22.15, 20.15, 0, 0, 4.48
2019/04/25 10:41:00, 24.75, 24.93, 24.75, 22.13, 20.20, 0, 0, 4.48
2019/04/25 10:42:00, 24.75, 24.93, 24.75, 22.20, 20.23, 0, 0, 4.48
2019/04/25 10:43:00, 24.75, 24.95, 24.75, 22.23, 20.22, 0, 0, 4.48
2019/04/25 10:44:00, 24.75, 24.94, 24.77, 22.27, 20.28, 0, 0, 4.48
2019/04/25 10:45:00, 24.75, 24.95, 24.76, 22.27, 20.32, 0, 0, 4.48
2019/04/25 10:46:00, 24.75, 24.95, 24.78, 22.22, 20.32, 0, 0, 4.48
2019/04/25 10:47:00, 24.75, 24.95, 24.78, 22.22, 20.27, 0, 0, 4.48
2019/04/25 10:48:00, 24.75, 24.94, 24.77, 22.24, 20.29, 0, 0, 4.48
2019/04/25 10:49:00, 24.75, 24.93, 24.77, 22.30, 20.34, 0, 0, 4.48
2019/04/25 10:50:00, 24.75, 24.97, 24.78, 22.31, 20.38, 0, 0, 4.48
2019/04/25 10:51:00, 24.75, 24.95, 24.77, 22.27, 20.38, 0, 0, 4.48
2019/04/25 10:52:00, 24.75, 24.97, 24.77, 22.35, 20.38, 0, 0, 4.48
2019/04/25 10:53:00, 24.75, 24.97, 24.77, 22.30, 20.36, 0, 0, 4.48
2019/04/25 10:54:00, 24.75, 24.94, 24.77, 22.33, 20.40, 0, 0, 4.48
2019/04/25 10:55:00, 24.75, 24.94, 24.75, 22.41, 20.44, 0, 0, 4.48
2019/04/25 10:56:00, 24.75, 24.95, 24.77, 22.43, 20.45, 0, 0, 4.48
2019/04/25 10:57:00, 24.75, 24.95, 24.78, 22.44, 20.45, 0, 0, 4.48
2019/04/25 10:58:00, 24.75, 24.94, 24.77, 22.43, 20.45, 0, 0, 4.48
2019/04/25 10:59:00, 24.75, 24.97, 24.77, 22.37, 20.46, 0, 0, 4.48
2019/04/25 11:00:00, 24.75, 24.97, 24.77, 22.43, 20.45, 0, 0, 4.48
2019/04/25 11:01:00, 24.75, 24.95, 24.78, 22.49, 20.49, 0, 0, 4.48
2019/04/25 11:02:00, 24.75, 24.97, 24.79, 22.48, 20.54, 0, 0, 4.48
2019/04/25 11:03:00, 24.75, 24.97, 24.80, 22.46, 20.51, 0, 0, 4.48
2019/04/25 11:04:00, 25.00, 24.98, 24.79, 22.46, 20.53, 0, 0, 4.48
2019/04/25 11:05:00, 25.00, 25.00, 24.83, 22.51, 20.55, 0, 0, 4.48
2019/04/25 11:06:00, 25.00, 25.02, 24.80, 22.50, 20.55, 0, 0, 4.48
2019/04/25 11:07:00, 25.00, 25.02, 24.81, 22.50, 20.52, 0, 0, 4.48
2019/04/25 11:08:00, 25.00, 25.00, 24.81, 22.50, 20.54, 0, 0, 4.48
2019/04/25 11:09:00, 25.00, 25.02, 24.82, 22.50, 20.56, 0, 0, 4.48
2019/04/25 11:10:00, 25.00, 25.04, 24.83, 22.56, 20.56, 0, 0, 4.48
2019/04/25 11:11:00, 25.00, 25.05, 24.83, 22.55, 20.56, 0, 0, 4.48
2019/04/25 11:12:00, 25.00, 25.04, 24.85, 22.51, 20.58, 0, 0, 4.48
2019/04/25 11:13:00, 25.00, 25.05, 24.86, 22.52, 20.58, 0, 0, 4.48
2019/04/25 11:14:00, 25.00, 25.04, 24.86, 22.55, 20.60, 0, 0, 4.48
2019/04/25 11:15:00, 25.00, 25.05, 24.86, 22.50, 20.60, 0, 0, 4.48
2019/04/25 11:16:00, 25.00, 25.06, 24.86, 22.52, 20.58, 0, 0, 4.48
2019/04/25 11:17:00, 25.00, 25.08, 24.87, 22.54, 20.60, 0, 0, 4.48
2019/04/25 11:18:00, 25.00, 25.09, 24.89, 22.54, 20.61, 0, 0, 4.48
2019/04/25 11:19:00, 25.00, 25.11, 24.90, 22.54, 20.59, 0, 0, 4.48
2019/04/25 11:20:00, 25.00, 25.09, 24.93, 22.55, 20.60, 0, 0, 4.48
2019/04/25 11:21:00, 25.00, 25.12, 24.90, 22.54, 20.59, 0, 0, 4.48
2019/04/25 11:22:00, 25.00, 25.14, 24.92, 22.49, 20.58, 0, 0, 4.48
2019/04/25 11:23:00, 25.00, 25.12, 24.93, 22.57, 20.61, 0, 0, 4.48
2019/04/25 11:24:00, 25.00, 25.11, 24.93, 22.52, 20.59, 0, 0, 4.48
2019/04/25 11:25:00, 25.00, 25.11, 24.92, 22.49, 20.58, 0, 0, 4.48
2019/04/25 11:26:00, 25.00, 25.12, 24.92, 22.55, 20.55, 0, 0, 4.48
2019/04/25 11:27:00, 25.00, 25.11, 24.91, 22.47, 20.55, 0, 0, 4.48
2019/04/25 11:28:00, 25.00, 25.09, 24.91, 22.44, 20.53, 0, 0, 4.48
2019/04/25 11:29:00, 25.00, 25.08, 24.90, 22.39, 20.47, 0, 0, 4.48
2019/04/25 11:30:00, 25.00, 25.05, 24.87, 22.37, 20.45, 0, 0, 4.48
2019/04/25 11:31:00, 25.00, 25.05, 24.89, 22.27, 20.41, 0, 0, 4.48
2019/04/25 11:32:00, 25.00, 25.04, 24.84, 22.32, 20.35, 0, 0, 4.48
2019/04/25 11:33:00, 25.00, 25.00, 24.83, 22.19, 20.28, 0, 0, 4.48
2019/04/25 11:34:00, 25.00, 25.01, 24.83, 22.17, 20.26, 0, 0, 4.48
2019/04/25 11:35:00, 25.00, 24.98, 24.82, 22.17, 20.22, 0, 0, 4.48
2019/04/25 11:36:00, 25.00, 25.01, 24.81, 22.12, 20.21, 0, 0, 4.48
2019/04/25 11:37:00, 25.00, 25.01, 24.79, 22.06, 20.16, 0, 0, 4.48
2019/04/25 11:38:00, 25.00, 24.98, 24.79, 22.06, 20.14, 0, 0, 4.48
2019/04/25 11:39:00, 25.00, 24.93, 24.79, 22.05, 20.12, 0, 0, 4.48
2019/04/25 11:40:00, 25.00, 24.93, 24.77, 22.02, 20.10, 0, 0, 4.48
2019/04/25 11:41:00, 25.00, 24.87, 24.70, 22.02, 20.07, 0, 0, 4.48
2019/04/25 11:42:00, 25.00, 24.82, 24.68, 22.05, 20.12, 0, 0, 4.48
2019/04/25 11:43:00, 25.00, 24.77, 24.60, 22.09, 20.14, 0, 0, 4.48
2019/04/25 11:44:00, 25.00, 24.74, 24.57, 22.15, 20.22, 0, 0, 4.48
2019/04/25 11:45:00, 25.00, 24.71, 24.54, 22.17, 20.22, 0, 0, 4.48
2019/04/25 11:46:00, 24.75, 24.66, 24.51, 22.24, 20.24, 0, 0, 4.48
2019/04/25 11:47:00, 24.75, 24.64, 24.47, 22.26, 20.29, 0, 0, 4.48
2019/04/25 11:48:00, 24.75, 24.60, 24.46, 22.28, 20.29, 0, 0, 4.48
2019/04/25 11:49:00, 24.75, 24.60, 24.42, 22.32, 20.31, 0, 0, 4.48
2019/04/25 11:50:00, 24.75, 24.56, 24.40, 22.30, 20.29, 0, 0, 4.48
2019/04/25 11:51:00, 24.75, 24.50, 24.35, 22.30, 20.33, 0, 0, 4.48
2019/04/25 11:52:00, 24.75, 24.49, 24.32, 22.36, 20.33, 0, 0, 4.48
2019/04/25 11:53:00, 24.75, 24.49, 24.31, 22.43, 20.41, 0, 0, 4.48
2019/04/25 11:54:00, 24.75, 24.47, 24.31, 22.32, 20.36, 0, 0, 4.48
2019/04/25 11:55:00, 24.75, 24.42, 24.25, 22.41, 20.38, 0, 0, 4.48
2019/04/25 11:56:00, 24.75, 24.42, 24.23, 22.45, 20.44, 0, 0, 4.48
2019/04/25 11:57:00, 24.75, 24.40, 24.23, 22.42, 20.47, 0, 0, 4.48
2019/04/25 11:58:00, 24.75, 24.42, 24.23, 22.41, 20.47, 0, 0, 4.48
2019/04/25 11:59:00, 24.75, 24.38, 24.21, 22.44, 20.46, 0, 0, 4.48
2019/04/25 12:00:00, 24.75, 24.39, 24.19, 22.42, 20.43, 0, 0, 4.48
2019/04/25 12:01:00, 24.75, 24.36, 24.17, 22.34, 20.42, 0, 0, 4.48
2019/04/25 12:02:00, 24.50, 24.36, 24.18, 22.45, 20.48, 0, 0, 4.48
2019/04/25 12:03:00, 24.50, 24.33, 24.17, 22.42, 20.45, 0, 0, 4.48
2019/04/25 12:04:00, 24.50, 24.32, 24.15, 22.42, 20.42, 0, 0, 4.48
2019/04/25 12:05:00, 24.50, 24.29, 24.16, 22.43, 20.45, 0, 0, 4.48
2019/04/25 12:06:00, 24.50, 24.29, 24.11, 22.38, 20.43, 0, 0, 4.48
2019/04/25 12:07:00, 24.50, 24.25, 24.10, 22.33, 20.43, 0, 0, 4.48
2019/04/25 12:08:00, 24.50, 24.23, 24.08, 22.46, 20.48, 0, 0, 4.48
2019/04/25 12:09:00, 24.50, 24.26, 24.07, 22.49, 20.50, 0, 0, 4.48
2019/04/25 12:10:00, 24.50, 24.23, 24.06, 22.49, 20.50, 0, 0, 4.48
2019/04/25 12:11:00, 24.50, 24.25, 24.07, 22.48, 20.48, 0, 0, 4.48
2019/04/25 12:12:00, 24.50, 24.22, 24.06, 22.35, 20.45, 0, 0, 4.48
2019/04/25 12:13:00, 24.50, 24.25, 24.04, 22.44, 20.46, 0, 0, 4.48
2019/04/25 12:14:00, 24.50, 24.20, 24.05, 22.41, 20.45, 0, 0, 4.48
2019/04/25 12:15:00, 24.50, 24.23, 24.04, 22.46, 20.43, 0, 0, 4.48
2019/04/25 12:16:00, 24.50, 24.22, 24.05, 22.33, 20.41, 0, 0, 4.48
2019/04/25 12:17:00, 24.50, 24.20, 24.03, 22.34, 20.37, 0, 0, 4.48
2019/04/25 12:18:00, 24.50, 24.18, 24.01, 22.46, 20.42, 0, 0, 4.48
2019/04/25 12:19:00, 24.50, 24.20, 24.01, 22.38, 20.45, 0, 0, 4.48
2019/04/25 12:20:00, 24.50, 24.20, 24.00, 22.39, 20.41, 0, 0, 4.48
2019/04/25 12:21:00, 24.50, 24.18, 24.02, 22.33, 20.38, 0, 0, 4.48
2019/04/25 12:22:00, 24.50, 24.16, 24.02, 22.31, 20.39, 0, 0, 4.48
2019/04/25 12:23:00, 24.50, 24.16, 24.02, 22.36, 20.39, 0, 0, 4.48
2019/04/25 12:24:00, 24.50, 24.20, 24.00, 22.41, 20.44, 0, 0, 4.48
2019/04/25 12:25:00, 24.50, 24.20, 24.05, 22.41, 20.46, 0, 0, 4.48
2019/04/25 12:26:00, 24.50, 24.23, 24.07, 22.30, 20.40, 0, 0, 4.48
2019/04/25 12:27:00, 24.50, 24.29, 24.07, 22.33, 20.38, 0, 0, 4.48
2019/04/25 12:28:00, 24.50, 24.32, 24.13, 22.22, 20.29, 0, 0, 4.48
2019/04/25 12:29:00, 24.50, 24.32, 24.15, 22.15, 20.24, 0, 0, 4.48
2019/04/25 12:30:00, 24.50, 24.35, 24.18, 22.15, 20.23, 0, 0, 4.48
2019/04/25 12:31:00, 24.50, 24.35, 24.19, 22.13, 20.20, 0, 0, 4.48
2019/04/25 12:32:00, 24.50, 24.39, 24.19, 22.15, 20.22, 0, 0, 4.48
2019/04/25 12:33:00, 24.50, 24.39, 24.21, 22.16, 20.22, 0, 0, 4.48
2019/04/25 12:34:00, 24.50, 24.39, 24.23, 22.18, 20.25, 0, 0, 4.48
2019/04/25 12:35:00, 24.50, 24.42, 24.23, 22.16, 20.23, 0, 0, 4.48
2019/04/25 12:36:00, 24.50, 24.42, 24.23, 22.16, 20.24, 0, 0, 4.48
2019/04/25 12:37:00, 24.50, 24.40, 24.23, 22.12, 20.20, 0, 0, 4.48
2019/04/25 12:38:00, 24.50, 24.40, 24.23, 22.16, 20.20, 0, 0, 4.48
2019/04/25 12:39:00, 24.50, 24.42, 24.23, 22.13, 20.22, 0, 0, 4.48
2019/04/25 12:40:00, 24.50, 24.43, 24.23, 22.10, 20.21, 0, 0, 4.48
2019/04/25 12:41:00, 24.50, 24.42, 24.25, 22.13, 20.20, 0, 0, 4.48
2019/04/25 12:42:00, 24.50, 24.40, 24.25, 22.12, 20.17, 0, 0, 4.48
2019/04/25 12:43:00, 24.50, 24.44, 24.25, 22.12, 20.16, 0, 0, 4.48
2019/04/25 12:44:00, 24.50, 24.42, 24.27, 22.08, 20.16, 0, 0, 4.48
2019/04/25 12:45:00, 24.50, 24.43, 24.27, 22.08, 20.14, 0, 0, 4.48
2019/04/25 12:46:00, 24.50, 24.44, 24.26, 22.10, 20.13, 0, 0, 4.48
2019/04/25 12:47:00, 24.50, 24.46, 24.25, 22.02, 20.13, 0, 0, 4.48
2019/04/25 12:48:00, 24.50, 24.47, 24.25, 22.07, 20.13, 0, 0, 4.48
2019/04/25 12:49:00, 24.50, 24.44, 24.27, 22.07, 20.13, 0, 0, 4.48
2019/04/25 12:50:00, 24.50, 24.44, 24.27, 22.02, 20.10, 0, 0, 4.48
2019/04/25 12:51:00, 24.50, 24.44, 24.30, 21.99, 20.10, 0, 0, 4.48
2019/04/25 12:52:00, 24.50, 24.46, 24.27, 21.99, 20.10, 0, 0, 4.48
2019/04/25 12:53:00, 24.50, 24.43, 24.27, 21.99, 20.10, 0, 0, 4.48
2019/04/25 12:54:00, 24.50, 24.49, 24.27, 22.05, 20.08, 0, 0, 4.48
2019/04/25 12:55:00, 24.50, 24.46, 24.28, 21.99, 20.08, 0, 0, 4.48
2019/04/25 12:56:00, 24.50, 24.47, 24.27, 21.99, 20.10, 0, 0, 4.48
2019/04/25 12:57:00, 24.50, 24.56, 24.35, 23.60, 20.74, 0, 0, 4.48
2019/04/25 12:58:00, 24.50, 24.74, 24.58, 22.07, 21.03, 0, 0, 4.48
2019/04/25 12:59:00, 24.50, 24.70, 24.56, 21.99, 20.18, 0, 0, 4.48
2019/04/25 13:00:00, 24.50, 24.69, 24.53, 21.91, 20.00, 0, 0, 4.48
2019/04/25 13:01:00, 24.50, 24.67, 24.50, 21.95, 19.97, 0, 0, 4.48
2019/04/25 13:02:00, 24.50, 24.63, 24.46, 21.95, 20.02, 0, 0, 4.48
2019/04/25 13:03:00, 24.50, 24.59, 24.40, 21.96, 20.07, 0, 0, 4.48
2019/04/25 13:04:00, 24.50, 24.53, 24.37, 21.99, 20.07, 0, 0, 4.48
2019/04/25 13:05:00, 24.50, 24.49, 24.34, 22.12, 20.10, 0, 0, 4.48
2019/04/25 13:06:00, 24.50, 24.50, 24.34, 22.24, 20.26, 0, 0, 4.48
2019/04/25 13:07:00, 24.50, 24.50, 24.33, 22.19, 20.27, 0, 0, 4.48
2019/04/25 13:08:00, 24.50, 24.47, 24.32, 22.10, 20.22, 0, 0, 4.48
2019/04/25 13:09:00, 24.50, 24.49, 24.26, 22.67, 20.61, 0, 0, 4.48
2019/04/25 13:10:00, 24.50, 24.49, 24.30, 22.30, 20.49, 0, 0, 4.48
2019/04/25 13:11:00, 24.50, 24.49, 24.32, 23.91, 20.65, 0, 0, 4.48
2019/04/25 13:12:00, 24.50, 24.50, 24.27, 22.45, 20.61, 0, 0, 4.48
2019/04/25 13:13:00, 24.50, 24.50, 24.23, 22.30, 20.55, 0, 0, 4.48
2019/04/25 13:14:00, 24.50, 24.52, 24.27, 22.46, 20.48, 0, 0, 4.48
2019/04/25 13:15:00, 24.50, 24.60, 24.37, 22.21, 20.38, 0, 0, 4.48
2019/04/25 13:16:00, 24.50, 24.64, 24.38, 22.11, 20.28, 0, 0, 4.48
2019/04/25 13:17:00, 24.50, 24.69, 24.43, 22.08, 20.25, 0, 0, 4.48
2019/04/25 13:18:00, 24.75, 24.69, 24.43, 21.99, 20.15, 0, 0, 4.48
2019/04/25 13:19:00, 24.75, 24.71, 24.47, 22.05, 20.19, 0, 0, 4.48
2019/04/25 13:20:00, 24.75, 24.71, 24.48, 21.89, 20.13, 0, 0, 4.48
2019/04/25 13:21:00, 24.75, 24.70, 24.40, 22.20, 20.38, 0, 0, 4.48
2019/04/25 13:22:00, 24.75, 24.67, 24.37, 22.07, 20.32, 0, 0, 4.48
2019/04/25 13:23:00, 24.75, 24.73, 24.45, 22.05, 20.28, 0, 0, 4.48
2019/04/25 13:24:00, 24.75, 24.77, 24.50, 21.95, 20.20, 0, 0, 4.48
2019/04/25 13:25:00, 24.75, 24.80, 24.50, 21.85, 20.13, 0, 0, 4.48
2019/04/25 13:26:00, 24.75, 24.87, 24.61, 21.94, 20.32, 0, 0, 4.48
2019/04/25 13:27:00, 24.75, 24.94, 24.63, 21.75, 20.03, 0, 0, 4.48
2019/04/25 13:28:00, 24.75, 24.98, 24.67, 21.64, 19.97, 0, 0, 4.48
2019/04/25 13:29:00, 24.75, 25.00, 24.68, 21.62, 19.95, 0, 0, 4.48
2019/04/25 13:30:00, 24.75, 25.04, 24.65, 21.67, 19.90, 0, 0, 4.48
2019/04/25 13:31:00, 24.75, 25.05, 24.69, 21.57, 19.93, 0, 0, 4.48
2019/04/25 13:32:00, 24.75, 25.08, 24.75, 21.58, 19.90, 0, 0, 4.48
2019/04/25 13:33:00, 24.75, 25.15, 24.76, 21.53, 19.88, 0, 0, 4.48
2019/04/25 13:34:00, 24.75, 25.14, 24.76, 21.61, 19.90, 0, 0, 4.48
2019/04/25 13:35:00, 24.75, 25.16, 24.82, 21.61, 19.89, 0, 0, 4.48
2019/04/25 13:36:00, 24.75, 25.16, 24.83, 21.66, 19.85, 0, 0, 4.48
2019/04/25 13:37:00, 24.75, 25.16, 24.83, 21.58, 19.84, 0, 0, 4.48
2019/04/25 13:38:00, 25.00, 25.12, 24.75, 21.55, 19.84, 0, 0, 4.48
2019/04/25 13:39:00, 25.00, 25.16, 24.78, 21.48, 19.85, 0, 0, 4.48
2019/04/25 13:40:00, 25.00, 25.14, 24.79, 21.50, 19.84, 0, 0, 4.48
2019/04/25 13:41:00, 25.00, 25.22, 24.83, 21.49, 19.84, 0, 0, 4.48
2019/04/25 13:42:00, 25.00, 25.21, 24.84, 21.42, 19.81, 0, 0, 4.48
2019/04/25 13:43:00, 25.00, 25.21, 24.89, 21.52, 19.77, 0, 0, 4.48
2019/04/25 13:44:00, 25.00, 25.19, 24.87, 21.52, 19.76, 0, 0, 4.48
2019/04/25 13:45:00, 25.00, 25.19, 24.92, 21.48, 19.71, 0, 0, 4.48
2019/04/25 13:46:00, 25.00, 25.21, 24.86, 21.40, 19.70, 0, 0, 4.48
2019/04/25 13:47:00, 25.00, 25.19, 24.84, 21.27, 19.66, 0, 0, 4.48
2019/04/25 13:48:00, 25.00, 25.15, 24.84, 21.39, 19.69, 0, 0, 4.48
2019/04/25 13:49:00, 25.00, 25.19, 24.81, 21.43, 19.71, 0, 0, 4.48
2019/04/25 13:50:00, 25.00, 25.19, 24.82, 21.39, 19.75, 0, 0, 4.48
2019/04/25 13:51:00, 25.00, 25.15, 24.84, 21.43, 19.71, 0, 0, 4.48
2019/04/25 13:52:00, 25.00, 25.18, 24.79, 21.39, 19.67, 0, 0, 4.48
2019/04/25 13:53:00, 25.00, 25.18, 24.78, 21.31, 19.69, 0, 0, 4.48
2019/04/25 13:54:00, 25.00, 25.15, 24.76, 21.32, 19.66, 0, 0, 4.48
2019/04/25 13:55:00, 25.00, 25.19, 24.78, 21.26, 19.67, 0, 0, 4.48
2019/04/25 13:56:00, 25.00, 25.16, 24.77, 21.31, 19.64, 0, 0, 4.48
2019/04/25 13:57:00, 25.00, 25.14, 24.79, 21.35, 19.67, 0, 0, 4.48
2019/04/25 13:58:00, 25.00, 25.19, 24.87, 21.68, 19.87, 0, 0, 4.48
2019/04/25 13:59:00, 25.00, 25.11, 24.84, 21.35, 19.67, 0, 0, 4.48
2019/04/25 14:00:00, 25.00, 25.21, 24.89, 21.21, 19.54, 0, 0, 4.48
2019/04/25 14:01:00, 25.00, 25.19, 24.90, 21.16, 19.53, 0, 0, 4.48
2019/04/25 14:02:00, 25.00, 25.19, 24.83, 21.26, 19.52, 0, 0, 4.48
2019/04/25 14:03:00, 25.00, 25.19, 24.83, 21.19, 19.52, 0, 0, 4.48
2019/04/25 14:04:00, 25.00, 25.18, 24.81, 21.19, 19.53, 0, 0, 4.48
2019/04/25 14:05:00, 25.00, 25.19, 24.81, 21.16, 19.52, 0, 0, 4.48
2019/04/25 14:06:00, 25.00, 25.19, 24.81, 21.16, 19.50, 0, 0, 4.48
2019/04/25 14:07:00, 25.00, 25.25, 24.86, 21.11, 19.48, 0, 0, 4.48
2019/04/25 14:08:00, 25.00, 25.21, 24.85, 21.13, 19.46, 0, 0, 4.48
2019/04/25 14:09:00, 25.00, 25.19, 24.86, 21.19, 19.47, 0, 0, 4.48
2019/04/25 14:10:00, 25.00, 25.15, 24.85, 21.14, 19.41, 0, 0, 4.48
2019/04/25 14:11:00, 25.00, 25.04, 24.78, 21.19, 19.42, 0, 0, 4.48
2019/04/25 14:12:00, 25.00, 25.05, 24.77, 21.23, 19.45, 0, 0, 4.48
2019/04/25 14:13:00, 25.00, 24.98, 24.74, 21.34, 19.48, 0, 0, 4.48
2019/04/25 14:14:00, 25.00, 24.94, 24.70, 21.32, 19.52, 0, 0, 4.48
2019/04/25 14:15:00, 25.00, 24.91, 24.70, 21.29, 19.50, 0, 0, 4.48
2019/04/25 14:16:00, 25.00, 24.91, 24.68, 21.34, 19.52, 0, 0, 4.48
2019/04/25 14:17:00, 25.00, 24.88, 24.68, 21.39, 19.52, 0, 0, 4.48
2019/04/25 14:18:00, 25.00, 24.88, 24.65, 21.37, 19.53, 0, 0, 4.48
2019/04/25 14:19:00, 25.00, 24.85, 24.65, 21.35, 19.52, 0, 0, 4.48
2019/04/25 14:20:00, 25.00, 24.82, 24.60, 21.35, 19.56, 0, 0, 4.48
2019/04/25 14:21:00, 25.00, 24.82, 24.61, 21.41, 19.56, 0, 0, 4.48
2019/04/25 14:22:00, 25.00, 24.84, 24.61, 21.41, 19.58, 0, 0, 4.48
2019/04/25 14:23:00, 25.00, 24.80, 24.55, 21.33, 19.55, 0, 0, 4.48
2019/04/25 14:24:00, 25.00, 24.81, 24.52, 21.40, 19.65, 0, 0, 4.48
2019/04/25 14:25:00, 25.00, 24.78, 24.49, 21.41, 19.67, 0, 0, 4.48
2019/04/25 14:26:00, 25.00, 24.89, 24.61, 21.33, 19.65, 0, 0, 4.48
2019/04/25 14:27:00, 25.00, 24.94, 24.65, 21.29, 19.57, 0, 0, 4.48
2019/04/25 14:28:00, 25.00, 25.00, 24.70, 21.21, 19.51, 0, 0, 4.48
2019/04/25 14:29:00, 25.00, 25.05, 24.72, 21.09, 19.42, 0, 0, 4.48
2019/04/25 14:30:00, 25.00, 25.04, 24.77, 21.09, 19.37, 0, 0, 4.48
2019/04/25 14:31:00, 25.00, 25.11, 24.77, 21.01, 19.33, 0, 0, 4.48
2019/04/25 14:32:00, 25.00, 25.15, 24.86, 21.13, 19.37, 0, 0, 4.48
2019/04/25 14:33:00, 25.00, 25.18, 24.87, 21.03, 19.32, 0, 0, 4.48
2019/04/25 14:34:00, 25.00, 25.16, 24.86, 20.93, 19.22, 0, 0, 4.48
2019/04/25 14:35:00, 25.00, 25.21, 24.87, 20.88, 19.22, 0, 0, 4.48
2019/04/25 14:36:00, 25.00, 25.21, 24.85, 20.87, 19.18, 0, 0, 4.48
2019/04/25 14:37:00, 25.00, 25.22, 24.90, 20.85, 19.18, 0, 0, 4.48
2019/04/25 14:38:00, 25.00, 25.22, 24.92, 20.84, 19.19, 0, 0, 4.48
2019/04/25 14:39:00, 25.00, 25.23, 24.94, 20.95, 19.30, 0, 0, 4.48
2019/04/25 14:40:00, 25.00, 25.23, 24.91, 20.93, 19.21, 0, 0, 4.48
2019/04/25 14:41:00, 25.00, 25.25, 24.91, 20.91, 19.23, 0, 0, 4.48
2019/04/25 14:42:00, 25.00, 25.23, 24.86, 20.92, 19.19, 0, 0, 4.48
2019/04/25 14:43:00, 25.00, 25.22, 24.90, 20.90, 19.18, 0, 0, 4.48
2019/04/25 14:44:00, 25.00, 25.21, 24.92, 20.81, 19.15, 0, 0, 4.48
2019/04/25 14:45:00, 25.00, 25.25, 24.94, 20.76, 19.10, 0, 0, 4.48
2019/04/25 14:46:00, 25.00, 25.23, 24.90, 20.74, 19.07, 0, 0, 4.48
2019/04/25 14:47:00, 25.00, 25.23, 24.92, 20.73, 19.04, 0, 0, 4.48
2019/04/25 14:48:00, 25.00, 25.22, 24.91, 20.79, 19.06, 0, 0, 4.48
2019/04/25 14:49:00, 25.00, 25.25, 24.92, 20.74, 19.01, 0, 0, 4.48
2019/04/25 14:50:00, 25.00, 25.26, 24.92, 20.69, 18.98, 0, 0, 4.48
2019/04/25 14:51:00, 25.00, 25.28, 24.95, 20.64, 18.95, 0, 0, 4.48
2019/04/25 14:52:00, 25.00, 25.29, 24.98, 20.68, 18.93, 0, 0, 4.48
2019/04/25 14:53:00, 25.00, 25.30, 24.97, 20.58, 18.89, 0, 0, 4.48
2019/04/25 14:54:00, 25.00, 25.28, 24.93, 20.60, 18.90, 0, 0, 4.48
2019/04/25 14:55:00, 25.00, 25.28, 24.93, 20.58, 18.89, 0, 0, 4.48
2019/04/25 14:56:00, 25.00, 25.22, 24.91, 20.67, 18.96, 0, 0, 4.48
2019/04/25 14:57:00, 25.00, 25.23, 24.94, 20.63, 18.92, 0, 0, 4.48
2019/04/25 14:58:00, 25.00, 25.28, 24.94, 20.53, 18.87, 0, 0, 4.48
2019/04/25 14:59:00, 25.00, 25.29, 24.95, 20.66, 18.91, 0, 0, 4.48
2019/04/25 15:00:00, 25.00, 25.26, 24.95, 20.56, 18.91, 0, 0, 4.48
2019/04/25 15:01:00, 25.00, 25.28, 24.96, 20.53, 18.87, 0, 0, 4.48
2019/04/25 15:02:00, 25.00, 25.29, 24.97, 20.53, 18.86, 0, 0, 4.48
2019/04/25 15:03:00, 25.00, 25.29, 24.95, 20.52, 18.84, 0, 0, 4.48
2019/04/25 15:04:00, 25.00, 25.28, 24.97, 20.51, 18.87, 0, 0, 4.48
2019/04/25 15:05:00, 25.00, 25.29, 24.99, 20.55, 18.84, 0, 0, 4.48
2019/04/25 15:06:00, 25.00, 25.29, 25.00, 20.43, 18.81, 0, 0, 4.48
2019/04/25 15:07:00, 25.00, 25.30, 24.98, 20.55, 18.81, 0, 0, 4.48
